
                            < M A T L A B (R) >
                  Copyright 1984-2015 The MathWorks, Inc.
                   R2015a (8.5.0.197613) 64-bit (glnxa64)
                             February 12, 2015

 
For online documentation, see http://www.mathworks.com/support
For product information, visit www.mathworks.com.
 

	Academic License

  n=10: (5,10)-CMA-ES(w=[46 27 16 9 3]%, mu_eff=3.2) on function Error
Iterat, #Fevals:   Function Value    (median,worst) |Axis Ratio|idx:Min SD idx:Max SD
    1 ,     11 : 4.3266076963646e+01 +(8e+03,3e+09) | 2.01e+01 |  3:7.9e-01  8:1.6e+01
    2 ,     21 : 4.0788766786653e+01 +(3e+00,5e+03) | 2.00e+01 |  3:7.3e-01  8:1.5e+01
    3 ,     31 : 4.1682430809727e+01 +(9e+01,1e+06) | 2.04e+01 |  3:6.5e-01  8:1.3e+01
    4 ,     41 : 4.3331162606734e+01 +(5e+02,8e+07) | 2.05e+01 |  3:5.8e-01  8:1.2e+01
    5 ,     51 : 3.6930940423041e+01 +(6e+00,2e+06) | 2.04e+01 |  3:5.5e-01  8:1.1e+01
    6 ,     61 : 3.9604223943855e+01 +(4e+00,8e+01) | 2.06e+01 |  3:5.2e-01  8:1.1e+01
    7 ,     71 : 3.7926305428048e+01 +(5e+00,5e+00) | 2.02e+01 |  3:5.2e-01  8:1.0e+01
    8 ,     81 : 4.3219399873734e+01 +(1e-01,3e+04) | 1.99e+01 |  3:5.2e-01  8:1.0e+01
    9 ,     91 : 4.2673941732215e+01 +(7e-01,7e-01) | 2.00e+01 |  3:4.9e-01  8:9.6e+00
Iterat, #Fevals:   Function Value    (median,worst) |Axis Ratio|idx:Min SD idx:Max SD
   10 ,    101 : 4.3329201054770e+01 +(9e-03,2e+02) | 2.01e+01 |  3:4.8e-01  8:9.5e+00
   11 ,    111 : 4.1939450001428e+01 +(1e+00,1e+00) | 2.01e+01 |  3:4.8e-01  8:9.4e+00
   12 ,    121 : 4.1627714935917e+01 +(2e+00,2e+02) | 2.00e+01 |  3:4.6e-01  8:9.1e+00
   13 ,    131 : 3.9903494015216e+01 +(3e+00,1e+01) | 1.95e+01 |  3:5.0e-01  8:9.6e+00
   14 ,    141 : 1.9730598461694e+01 +(2e+01,2e+01) | 1.96e+01 |  3:5.6e-01  8:1.0e+01
   15 ,    151 : 3.1167184428751e+01 +(1e+01,2e+03) | 1.95e+01 |  3:5.4e-01  8:1.0e+01
   16 ,    161 : 2.4480590135141e+01 +(2e+01,1e+02) | 1.95e+01 |  3:5.3e-01  8:1.0e+01
   17 ,    171 : 3.7397583991137e+01 +(6e+00,2e+02) | 1.96e+01 |  3:5.4e-01  8:1.0e+01
   18 ,    181 : 3.1216123532849e+01 +(1e+01,1e+03) | 1.96e+01 |  3:5.1e-01  8:9.5e+00
   19 ,    191 : 2.1486826707016e+01 +(2e+01,2e+01) | 1.95e+01 |  3:4.4e-01  8:8.1e+00
Iterat, #Fevals:   Function Value    (median,worst) |Axis Ratio|idx:Min SD idx:Max SD
   20 ,    201 : 2.0452442187362e+01 +(2e+01,2e+01) | 1.96e+01 |  3:4.0e-01  8:7.4e+00
   21 ,    211 : 3.8644742970225e+01 +(5e+00,8e+02) | 1.99e+01 |  3:3.8e-01  8:7.0e+00
   22 ,    221 : 2.6169039812493e+01 +(2e+01,3e+03) | 2.01e+01 |  3:4.0e-01  9:7.3e+00
   23 ,    231 : 2.3792157143172e+01 +(2e+01,1e+04) | 2.01e+01 |  3:4.2e-01  9:7.7e+00
   24 ,    241 : 1.9085943436074e+01 +(3e+01,4e+03) | 2.03e+01 |  3:4.2e-01  8:7.6e+00
   25 ,    251 : 2.1850536149314e+01 +(2e+01,4e+01) | 2.01e+01 |  3:4.1e-01  8:7.3e+00
   26 ,    261 : 2.2413206842666e+01 +(1e+01,4e+03) | 2.05e+01 |  3:3.8e-01  8:7.0e+00
   27 ,    271 : 1.9562657388898e+01 +(2e+01,3e+03) | 2.05e+01 |  3:3.6e-01  8:6.6e+00
   28 ,    281 : 1.9000964656645e+01 +(1e+01,4e+03) | 2.06e+01 |  3:3.3e-01  8:6.1e+00
   29 ,    291 : 2.0718686385676e+01 +(8e+00,2e+03) | 2.06e+01 |  3:3.0e-01  8:5.5e+00
Iterat, #Fevals:   Function Value    (median,worst) |Axis Ratio|idx:Min SD idx:Max SD
   30 ,    301 : 2.0151133675782e+01 +(8e+00,5e+01) | 2.17e+01 |  3:2.9e-01  9:5.6e+00
   31 ,    311 : 1.9296411953092e+01 +(7e+00,2e+02) | 2.22e+01 |  3:2.8e-01  9:5.6e+00
   32 ,    321 : 1.9644573867525e+01 +(8e+00,8e+02) | 2.29e+01 |  3:2.7e-01  9:5.5e+00
   33 ,    331 : 2.0129010242916e+01 +(2e+00,1e+04) | 2.28e+01 |  3:2.7e-01  9:5.5e+00
   34 ,    341 : 2.2783363237336e+01 +(7e+00,5e+01) | 2.29e+01 |  3:2.8e-01  9:5.7e+00
   35 ,    351 : 1.9434003230470e+01 +(1e+01,1e+02) | 2.32e+01 |  3:2.7e-01  9:5.6e+00
   36 ,    361 : 1.9295187874002e+01 +(2e+01,5e+03) | 2.33e+01 |  3:2.6e-01  9:5.4e+00
   37 ,    371 : 1.9676892027483e+01 +(3e+00,6e+01) | 2.34e+01 |  3:2.4e-01  9:5.1e+00
   38 ,    381 : 1.9535346786035e+01 +(6e+00,1e+02) | 2.35e+01 |  3:2.4e-01  9:5.0e+00
   39 ,    391 : 1.9276606469896e+01 +(3e+00,2e+01) | 2.34e+01 |  3:2.3e-01  9:5.0e+00
Iterat, #Fevals:   Function Value    (median,worst) |Axis Ratio|idx:Min SD idx:Max SD
   40 ,    401 : 1.9460577676373e+01 +(1e+00,2e+02) | 2.33e+01 |  3:2.3e-01  9:4.8e+00
   41 ,    411 : 2.1629046714042e+01 +(1e+01,4e+01) | 2.34e+01 |  3:2.2e-01  9:4.7e+00
   42 ,    421 : 1.9210644017567e+01 +(6e+00,7e+01) | 2.34e+01 |  3:2.0e-01  9:4.3e+00
   43 ,    431 : 1.9072558997988e+01 +(2e+00,2e+01) | 2.49e+01 |  3:2.1e-01  9:4.8e+00
   44 ,    441 : 1.9154521262607e+01 +(6e+00,8e+01) | 2.52e+01 |  3:2.1e-01  9:4.9e+00
   45 ,    451 : 2.0046146249471e+01 +(8e-01,2e+01) | 2.58e+01 |  3:2.0e-01  9:4.9e+00
   46 ,    461 : 1.9375077093266e+01 +(6e+00,4e+01) | 2.62e+01 |  3:1.9e-01  9:4.6e+00
   47 ,    471 : 1.9841752036870e+01 +(2e+00,1e+01) | 2.63e+01 |  3:1.9e-01  9:4.5e+00
   48 ,    481 : 1.9794218817410e+01 +(2e+00,4e+01) | 2.74e+01 |  3:2.1e-01  9:5.1e+00
   49 ,    491 : 2.1510149942589e+01 +(4e+00,3e+01) | 2.76e+01 |  3:2.2e-01  9:5.3e+00
Iterat, #Fevals:   Function Value    (median,worst) |Axis Ratio|idx:Min SD idx:Max SD
   50 ,    501 : 1.9591916567295e+01 +(6e-01,2e+01) | 2.71e+01 |  3:2.2e-01  9:5.3e+00
   51 ,    511 : 2.0387044361889e+01 +(4e+00,1e+02) | 2.68e+01 |  3:2.1e-01  9:5.1e+00
   52 ,    521 : 1.9423028867715e+01 +(2e+00,7e+00) | 2.66e+01 |  3:1.9e-01  9:4.6e+00
   53 ,    531 : 1.9268441248912e+01 +(3e+00,3e+01) | 2.72e+01 |  3:1.8e-01  9:4.3e+00
   54 ,    541 : 1.9413718288240e+01 +(4e+00,2e+01) | 2.78e+01 |  3:1.7e-01  9:4.1e+00
   55 ,    551 : 1.9110114998329e+01 +(6e+00,2e+01) | 2.88e+01 |  3:1.6e-01  9:3.9e+00
   56 ,    561 : 1.9075933690396e+01 +(2e+00,4e+01) | 3.05e+01 |  3:1.5e-01  9:3.9e+00
   57 ,    571 : 1.9605256290067e+01 +(2e+00,3e+01) | 3.12e+01 |  3:1.4e-01  9:3.8e+00
   58 ,    581 : 1.9055971965160e+01 +(2e+00,1e+01) | 3.16e+01 |  3:1.4e-01  9:3.8e+00
   59 ,    591 : 1.9032669007021e+01 +(1e+00,1e+01) | 3.22e+01 |  3:1.3e-01  9:3.6e+00
Iterat, #Fevals:   Function Value    (median,worst) |Axis Ratio|idx:Min SD idx:Max SD
   60 ,    601 : 1.8710493531298e+01 +(1e+00,8e+00) | 3.24e+01 |  3:1.2e-01  9:3.3e+00
   61 ,    611 : 1.8649974289508e+01 +(2e+00,2e+01) | 3.27e+01 |  3:1.2e-01  9:3.2e+00
   62 ,    621 : 1.8594714575434e+01 +(1e+00,2e+01) | 3.33e+01 |  3:1.2e-01  9:3.4e+00
   63 ,    631 : 1.8837132935357e+01 +(2e+00,1e+01) | 3.38e+01 |  3:1.1e-01  9:3.1e+00
   64 ,    641 : 1.8509994432905e+01 +(1e+00,9e+00) | 3.35e+01 |  3:1.0e-01  9:2.8e+00
   65 ,    651 : 1.8766037843887e+01 +(1e+00,3e+00) | 3.34e+01 |  3:9.2e-02  9:2.5e+00
   66 ,    661 : 1.9186944851376e+01 +(9e-01,8e+00) | 3.29e+01 |  3:8.9e-02  9:2.4e+00
   67 ,    671 : 1.8615883832628e+01 +(7e-01,9e+00) | 3.28e+01 |  3:9.1e-02  9:2.4e+00
   68 ,    681 : 1.8301756650849e+01 +(9e-01,3e+00) | 3.35e+01 |  3:9.2e-02  9:2.4e+00
   69 ,    691 : 1.8562084059874e+01 +(2e+00,2e+01) | 3.35e+01 |  3:8.6e-02  9:2.3e+00
Iterat, #Fevals:   Function Value    (median,worst) |Axis Ratio|idx:Min SD idx:Max SD
   70 ,    701 : 1.8460741001411e+01 +(7e-01,1e+01) | 3.41e+01 |  3:7.8e-02  9:2.1e+00
   71 ,    711 : 1.8441034277290e+01 +(7e-01,2e+00) | 3.41e+01 |  3:7.6e-02  9:2.0e+00
   72 ,    721 : 1.8276948943846e+01 +(1e+00,7e+00) | 3.47e+01 |  3:7.3e-02  9:1.9e+00
   73 ,    731 : 1.7968706053464e+01 +(7e-01,3e+00) | 3.56e+01 |  3:8.0e-02  9:2.1e+00
   74 ,    741 : 1.8349543132535e+01 +(5e-01,3e+00) | 3.58e+01 |  3:8.5e-02  9:2.2e+00
   75 ,    751 : 1.8511030455572e+01 +(6e-01,1e+01) | 3.61e+01 |  3:9.4e-02  9:2.4e+00
   76 ,    761 : 1.8354566533881e+01 +(5e-01,3e+00) | 3.60e+01 |  3:9.5e-02  9:2.4e+00
   77 ,    771 : 1.8347046411103e+01 +(6e-01,1e+00) | 3.58e+01 |  3:9.5e-02  9:2.4e+00
   78 ,    781 : 1.7379755673748e+01 +(1e+00,6e+00) | 3.62e+01 |  3:9.4e-02  9:2.4e+00
   79 ,    791 : 1.7956316864205e+01 +(7e-01,3e+00) | 3.65e+01 |  3:9.3e-02  9:2.4e+00
Iterat, #Fevals:   Function Value    (median,worst) |Axis Ratio|idx:Min SD idx:Max SD
   80 ,    801 : 1.7492981692944e+01 +(2e+00,8e+00) | 3.77e+01 |  3:9.4e-02  9:2.4e+00
   81 ,    811 : 1.7610634868811e+01 +(2e+00,8e+00) | 3.97e+01 |  3:1.0e-01  9:2.7e+00
   82 ,    821 : 1.6565618313740e+01 +(4e+00,2e+01) | 4.12e+01 |  3:1.1e-01  9:2.9e+00
   83 ,    831 : 1.7262207673461e+01 +(1e+00,3e+00) | 4.08e+01 |  3:1.2e-01  9:2.9e+00
   84 ,    841 : 1.7496695346184e+01 +(3e+00,1e+01) | 4.03e+01 |  3:1.2e-01  9:2.9e+00
   85 ,    851 : 1.6990932653943e+01 +(3e+00,2e+01) | 4.12e+01 |  3:1.4e-01  9:3.2e+00
   86 ,    861 : 1.6983866470649e+01 +(5e+00,2e+01) | 4.08e+01 |  3:1.6e-01  9:3.6e+00
   87 ,    871 : 1.7424031934920e+01 +(3e+00,4e+01) | 4.10e+01 |  3:1.7e-01  9:4.0e+00
   88 ,    881 : 1.7936104486908e+01 +(4e+00,7e+00) | 4.11e+01 |  3:1.8e-01  9:4.2e+00
   89 ,    891 : 1.6683876755161e+01 +(3e+00,2e+01) | 4.11e+01 |  3:1.7e-01  9:4.1e+00
Iterat, #Fevals:   Function Value    (median,worst) |Axis Ratio|idx:Min SD idx:Max SD
   90 ,    901 : 1.5322892567984e+01 +(5e+00,4e+02) | 4.17e+01 |  3:1.6e-01  9:4.1e+00
   91 ,    911 : 1.9919133550123e+01 +(5e+00,2e+01) | 4.16e+01 |  3:1.6e-01  9:4.0e+00
   92 ,    921 : 1.8137637376618e+01 +(2e+00,3e+01) | 4.16e+01 |  3:1.5e-01  9:3.8e+00
   93 ,    931 : 1.7995415764418e+01 +(1e+00,7e+00) | 4.16e+01 |  3:1.6e-01  9:3.8e+00
   94 ,    941 : 1.8303340719675e+01 +(7e-01,2e+01) | 4.24e+01 |  3:1.6e-01  9:4.0e+00
   95 ,    951 : 1.7476506048133e+01 +(2e+00,4e+00) | 4.27e+01 |  3:1.5e-01  9:3.8e+00
   96 ,    961 : 1.7706754652180e+01 +(1e+00,2e+01) | 4.26e+01 |  3:1.5e-01  9:3.7e+00
   97 ,    971 : 1.8012819111440e+01 +(8e-01,7e+00) | 4.25e+01 |  3:1.4e-01  9:3.5e+00
   98 ,    981 : 1.7924920561847e+01 +(1e+00,6e+00) | 4.27e+01 |  3:1.4e-01  9:3.6e+00
   99 ,    991 : 1.7209936264862e+01 +(3e+00,6e+00) | 4.28e+01 |  3:1.4e-01  9:3.4e+00
Iterat, #Fevals:   Function Value    (median,worst) |Axis Ratio|idx:Min SD idx:Max SD
  100 ,   1001 : 1.7021713113757e+01 +(2e+00,2e+01) | 4.35e+01 |  3:1.6e-01  9:3.8e+00
  101 ,   1011 : 1.7394580093571e+01 +(1e+00,7e+01) | 4.43e+01 |  3:1.7e-01  9:4.1e+00
  102 ,   1021 : 1.7300534668072e+01 +(2e+00,2e+01) | 4.44e+01 |  3:1.7e-01  9:4.1e+00
  103 ,   1031 : 1.6886839741979e+01 +(3e+00,3e+03) | 4.35e+01 |  3:1.6e-01  9:3.8e+00
  104 ,   1041 : 1.6767362980024e+01 +(2e+00,6e+00) | 4.26e+01 |  3:1.4e-01  9:3.4e+00
  105 ,   1051 : 1.6712755528385e+01 +(2e+00,8e+00) | 4.43e+01 |  3:1.5e-01  9:3.7e+00
  106 ,   1061 : 1.5701990383389e+01 +(3e+00,9e+02) | 4.48e+01 |  3:1.6e-01  9:3.9e+00
  107 ,   1071 : 1.6720395045205e+01 +(3e+00,3e+01) | 4.47e+01 |  3:1.6e-01  9:3.9e+00
  108 ,   1081 : 1.7157725046889e+01 +(7e+00,4e+02) | 4.39e+01 |  3:1.6e-01  9:3.9e+00
  109 ,   1091 : 1.5693517226728e+01 +(2e+00,8e+00) | 4.38e+01 |  3:1.7e-01  9:4.1e+00
Iterat, #Fevals:   Function Value    (median,worst) |Axis Ratio|idx:Min SD idx:Max SD
  110 ,   1101 : 1.6359542740167e+01 +(4e+00,2e+02) | 4.30e+01 |  3:1.6e-01  9:4.0e+00
  111 ,   1111 : 1.5503743692152e+01 +(9e+00,3e+01) | 4.25e+01 |  3:1.5e-01  9:3.6e+00
  112 ,   1121 : 1.5747550663044e+01 +(3e+00,1e+01) | 4.28e+01 |  3:1.3e-01  9:3.2e+00
  113 ,   1131 : 1.6522923478964e+01 +(6e+00,3e+01) | 4.27e+01 |  3:1.1e-01  9:2.8e+00
  114 ,   1141 : 1.6385415500523e+01 +(2e+00,1e+01) | 4.14e+01 |  3:1.1e-01  9:2.7e+00
  115 ,   1151 : 1.5524047912327e+01 +(3e+00,3e+01) | 4.08e+01 |  3:1.0e-01  9:2.5e+00
  116 ,   1161 : 1.6699402238315e+01 +(2e+00,6e+01) | 4.09e+01 |  3:9.0e-02  9:2.2e+00
  117 ,   1171 : 1.5513915377947e+01 +(7e+00,2e+01) | 4.07e+01 |  3:8.3e-02  9:2.1e+00
  118 ,   1181 : 1.5309644672364e+01 +(7e+00,3e+01) | 4.12e+01 |  3:8.4e-02  9:2.1e+00
  119 ,   1191 : 1.5298435183492e+01 +(5e+00,3e+01) | 4.13e+01 |  3:7.9e-02  9:1.9e+00
Iterat, #Fevals:   Function Value    (median,worst) |Axis Ratio|idx:Min SD idx:Max SD
  120 ,   1201 : 1.5183315776031e+01 +(4e+00,3e+01) | 4.11e+01 |  3:7.5e-02  9:1.8e+00
  121 ,   1211 : 1.5198706185614e+01 +(2e+00,3e+01) | 4.09e+01 |  3:7.2e-02  9:1.8e+00
  122 ,   1221 : 1.5897088394029e+01 +(6e+00,9e+01) | 4.09e+01 |  3:7.2e-02  9:1.7e+00
  123 ,   1231 : 1.6294614673631e+01 +(1e+01,4e+01) | 4.08e+01 |  3:6.9e-02  9:1.6e+00
  124 ,   1241 : 1.5254632768291e+01 +(4e+00,2e+01) | 4.06e+01 |  3:6.5e-02  9:1.5e+00
  125 ,   1251 : 1.5643605129094e+01 +(8e+00,2e+01) | 4.09e+01 |  3:6.1e-02  9:1.4e+00
  126 ,   1261 : 1.5255622239567e+01 +(2e+00,8e+00) | 4.10e+01 |  3:5.3e-02  9:1.2e+00
  127 ,   1271 : 1.5949548234952e+01 +(2e+00,2e+01) | 4.18e+01 |  3:4.6e-02  9:1.1e+00
  128 ,   1281 : 1.5308745682597e+01 +(2e+00,1e+01) | 4.18e+01 |  3:4.5e-02  9:1.0e+00
  129 ,   1291 : 1.5287431204583e+01 +(6e-01,3e+00) | 4.17e+01 |  3:4.3e-02  9:9.9e-01
Iterat, #Fevals:   Function Value    (median,worst) |Axis Ratio|idx:Min SD idx:Max SD
  130 ,   1301 : 1.5432931686878e+01 +(1e+00,7e+00) | 4.03e+01 |  3:4.5e-02  9:1.0e+00
  131 ,   1311 : 1.5461553370650e+01 +(5e-01,1e+01) | 4.02e+01 |  3:4.5e-02  9:1.0e+00
  132 ,   1321 : 1.5462242547530e+01 +(6e-01,4e+00) | 4.03e+01 |  3:4.2e-02  9:9.2e-01
  133 ,   1331 : 1.5436999042857e+01 +(8e-01,6e+00) | 4.00e+01 |  3:3.5e-02  9:7.5e-01
  134 ,   1341 : 1.5622801475027e+01 +(5e-01,4e+00) | 4.05e+01 |  3:3.2e-02  9:7.0e-01
  135 ,   1351 : 1.5308329473774e+01 +(1e+00,3e+00) | 4.13e+01 |  3:3.1e-02  9:6.6e-01
  136 ,   1361 : 1.5223932110363e+01 +(3e-01,3e+00) | 4.15e+01 |  3:3.2e-02  9:6.8e-01
  137 ,   1371 : 1.5195936025289e+01 +(5e-01,2e+00) | 4.13e+01 |  3:3.3e-02  9:7.1e-01
  138 ,   1381 : 1.5358891044327e+01 +(7e-01,6e+00) | 4.19e+01 |  3:3.3e-02  9:7.0e-01
  139 ,   1391 : 1.5184333435271e+01 +(5e-01,2e+00) | 4.13e+01 |  3:3.4e-02  9:7.0e-01
Iterat, #Fevals:   Function Value    (median,worst) |Axis Ratio|idx:Min SD idx:Max SD
  140 ,   1401 : 1.5253016399109e+01 +(5e-01,5e+00) | 4.08e+01 |  3:3.7e-02  9:7.5e-01
  141 ,   1411 : 1.5303063631564e+01 +(5e-01,2e+00) | 4.06e+01 |  3:3.4e-02  9:6.8e-01
  142 ,   1421 : 1.5282860573075e+01 +(3e-01,3e+00) | 4.12e+01 |  3:3.1e-02  9:6.3e-01
  143 ,   1431 : 1.5218667020184e+01 +(5e-01,2e+00) | 4.10e+01 |  3:2.9e-02  9:5.8e-01
  144 ,   1441 : 1.5212785343976e+01 +(6e-01,3e+00) | 4.08e+01 |  3:2.6e-02  9:5.1e-01
  145 ,   1451 : 1.5249898441426e+01 +(3e-01,2e+00) | 4.02e+01 |  3:2.4e-02  9:4.9e-01
  146 ,   1461 : 1.5251153378634e+01 +(3e-01,3e+00) | 4.00e+01 |  3:2.4e-02  9:4.8e-01
  147 ,   1471 : 1.5253877018508e+01 +(3e-01,2e+00) | 4.01e+01 |  3:2.1e-02  9:4.3e-01
  148 ,   1481 : 1.5221891090773e+01 +(3e-01,3e+00) | 4.01e+01 |  3:1.9e-02  9:3.8e-01
  149 ,   1491 : 1.5236228049361e+01 +(1e-01,1e+00) | 4.14e+01 |  3:1.7e-02  9:3.5e-01
Iterat, #Fevals:   Function Value    (median,worst) |Axis Ratio|idx:Min SD idx:Max SD
  150 ,   1501 : 1.5215772037654e+01 +(1e-01,7e-01) | 4.09e+01 |  3:1.6e-02  9:3.3e-01
  151 ,   1511 : 1.5205314767938e+01 +(7e-02,6e-01) | 4.06e+01 |  3:1.6e-02  9:3.1e-01
  152 ,   1521 : 1.5202153235124e+01 +(8e-02,1e+00) | 4.05e+01 |  3:1.5e-02  9:3.0e-01
  153 ,   1531 : 1.5192156630459e+01 +(1e-01,6e-01) | 4.06e+01 |  3:1.5e-02  9:2.9e-01
  154 ,   1541 : 1.5173371980887e+01 +(5e-02,2e-01) | 4.05e+01 |  3:1.4e-02  9:2.7e-01
  155 ,   1551 : 1.5200669120882e+01 +(5e-02,2e-01) | 4.06e+01 |  3:1.3e-02  9:2.5e-01
  156 ,   1561 : 1.5196086123892e+01 +(1e-01,5e-01) | 4.11e+01 |  3:1.3e-02  9:2.5e-01
  157 ,   1571 : 1.5194296304511e+01 +(4e-02,3e-01) | 4.06e+01 |  3:1.3e-02  9:2.5e-01
  158 ,   1581 : 1.5174342852252e+01 +(5e-02,2e+00) | 4.07e+01 |  3:1.1e-02  9:2.2e-01
  159 ,   1591 : 1.5185897499997e+01 +(4e-02,2e-01) | 4.02e+01 |  3:1.0e-02  9:1.9e-01
Iterat, #Fevals:   Function Value    (median,worst) |Axis Ratio|idx:Min SD idx:Max SD
  160 ,   1601 : 1.5177600927474e+01 +(7e-02,5e-01) | 4.03e+01 |  3:9.8e-03  9:1.9e-01
  161 ,   1611 : 1.5175671436384e+01 +(3e-02,5e-01) | 4.08e+01 |  3:9.9e-03  9:1.9e-01
  162 ,   1621 : 1.5166518141874e+01 +(6e-02,2e-01) | 4.07e+01 |  3:1.0e-02  9:1.9e-01
  163 ,   1631 : 1.5170446806548e+01 +(2e-02,1e-01) | 4.07e+01 |  3:1.1e-02  9:2.1e-01
  164 ,   1641 : 1.5157329729353e+01 +(5e-02,2e-01) | 4.02e+01 |  3:1.1e-02  9:2.1e-01
  165 ,   1651 : 1.5161042536556e+01 +(6e-02,2e-01) | 4.05e+01 |  3:1.2e-02  9:2.2e-01
  166 ,   1661 : 1.5154838414042e+01 +(9e-02,5e-01) | 4.05e+01 |  3:1.2e-02  9:2.1e-01
  167 ,   1671 : 1.5192833209044e+01 +(2e-02,2e-01) | 4.05e+01 |  3:1.3e-02  9:2.2e-01
  168 ,   1681 : 1.5164300302195e+01 +(8e-02,1e+00) | 4.01e+01 |  3:1.3e-02  9:2.2e-01
  169 ,   1691 : 1.5186192989373e+01 +(2e-02,1e-01) | 4.05e+01 |  3:1.2e-02  9:2.1e-01
Iterat, #Fevals:   Function Value    (median,worst) |Axis Ratio|idx:Min SD idx:Max SD
  170 ,   1701 : 1.5187335068123e+01 +(4e-02,2e-01) | 3.99e+01 |  3:1.2e-02  9:2.0e-01
  171 ,   1711 : 1.5177167841842e+01 +(5e-02,2e-01) | 4.00e+01 |  3:1.1e-02  9:1.9e-01
  172 ,   1721 : 1.5167393027078e+01 +(6e-02,1e-01) | 4.00e+01 |  3:1.0e-02  9:1.8e-01
  173 ,   1731 : 1.5151611061442e+01 +(4e-02,2e-01) | 3.82e+01 |  3:1.1e-02  9:1.8e-01
  174 ,   1741 : 1.5137625015545e+01 +(7e-02,2e-01) | 3.73e+01 |  3:1.2e-02  9:2.0e-01
  175 ,   1751 : 1.5135780158076e+01 +(4e-02,3e-01) | 3.65e+01 |  3:1.3e-02  9:2.0e-01
  176 ,   1761 : 1.5154054659869e+01 +(4e-02,2e-01) | 3.66e+01 |  3:1.3e-02  9:2.0e-01
  177 ,   1771 : 1.5124096582887e+01 +(6e-02,1e-01) | 3.66e+01 |  3:1.3e-02  9:2.0e-01
  178 ,   1781 : 1.5129588231335e+01 +(8e-02,3e-01) | 3.64e+01 |  3:1.3e-02  9:2.0e-01
  179 ,   1791 : 1.5121067135684e+01 +(3e-02,2e-01) | 3.66e+01 |  3:1.4e-02  9:2.0e-01
Iterat, #Fevals:   Function Value    (median,worst) |Axis Ratio|idx:Min SD idx:Max SD
  180 ,   1801 : 1.5134164048283e+01 +(5e-02,3e-01) | 3.65e+01 |  3:1.4e-02  9:2.0e-01
  181 ,   1811 : 1.5126204935309e+01 +(4e-02,4e-01) | 3.70e+01 |  3:1.5e-02  9:2.1e-01
  182 ,   1821 : 1.5120161779600e+01 +(3e-02,1e-01) | 3.54e+01 |  3:1.5e-02  9:2.1e-01
  183 ,   1831 : 1.5126780422331e+01 +(4e-02,2e-01) | 3.47e+01 |  3:1.6e-02  9:2.1e-01
  184 ,   1841 : 1.5109527931841e+01 +(6e-02,1e-01) | 3.55e+01 |  3:1.8e-02  9:2.3e-01
  185 ,   1851 : 1.5070981848030e+01 +(1e-01,7e-01) | 3.60e+01 |  3:2.1e-02 10:2.6e-01
  186 ,   1861 : 1.5073607934213e+01 +(7e-02,2e-01) | 3.51e+01 |  3:2.1e-02 10:2.7e-01
  187 ,   1871 : 1.5075216747613e+01 +(9e-02,4e-01) | 3.49e+01 |  3:2.1e-02 10:2.7e-01
  188 ,   1881 : 1.5081572305372e+01 +(6e-02,6e-01) | 3.47e+01 |  3:2.0e-02 10:2.6e-01
  189 ,   1891 : 1.5086514823414e+01 +(2e-01,7e-01) | 3.48e+01 |  3:1.9e-02 10:2.6e-01
Iterat, #Fevals:   Function Value    (median,worst) |Axis Ratio|idx:Min SD idx:Max SD
  190 ,   1901 : 1.5086090506979e+01 +(7e-02,3e-01) | 3.53e+01 |  3:1.9e-02 10:2.7e-01
  191 ,   1911 : 1.5027709687246e+01 +(7e-02,7e-01) | 3.74e+01 |  3:2.1e-02 10:3.1e-01
  192 ,   1921 : 1.5051907140943e+01 +(9e-02,9e-01) | 4.01e+01 |  3:2.2e-02 10:3.5e-01
  193 ,   1931 : 1.4998321434871e+01 +(1e-01,5e-01) | 4.09e+01 |  3:2.3e-02 10:3.6e-01
  194 ,   1941 : 1.4973577514049e+01 +(2e-01,2e+00) | 4.16e+01 |  3:2.4e-02 10:3.7e-01
  195 ,   1951 : 1.4955088733631e+01 +(1e-01,5e-01) | 4.26e+01 |  3:2.4e-02 10:3.9e-01
  196 ,   1961 : 1.4936027319959e+01 +(1e-01,5e-01) | 4.29e+01 |  3:2.6e-02 10:4.3e-01
  197 ,   1971 : 1.4858485598896e+01 +(1e-01,6e-01) | 4.48e+01 |  3:2.9e-02 10:5.2e-01
  198 ,   1981 : 1.4913827897754e+01 +(2e-01,2e+00) | 4.72e+01 |  3:3.3e-02 10:6.3e-01
  199 ,   1991 : 1.4724925333076e+01 +(3e-01,3e+00) | 4.92e+01 |  3:3.6e-02 10:7.2e-01
Iterat, #Fevals:   Function Value    (median,worst) |Axis Ratio|idx:Min SD idx:Max SD
  200 ,   2001 : 1.4805878434071e+01 +(2e-01,1e+00) | 5.14e+01 |  3:3.8e-02 10:7.8e-01
  201 ,   2011 : 1.4666677878213e+01 +(7e-01,8e+00) | 5.13e+01 |  3:4.0e-02 10:8.4e-01
  202 ,   2021 : 1.4605410097537e+01 +(6e-01,2e+00) | 5.36e+01 |  3:4.3e-02 10:9.1e-01
  203 ,   2031 : 1.4693157001612e+01 +(5e-01,3e+00) | 5.34e+01 |  3:4.4e-02 10:9.5e-01
  204 ,   2041 : 1.4595663716647e+01 +(2e-01,2e+00) | 5.37e+01 |  3:4.3e-02 10:9.4e-01
  205 ,   2051 : 1.4582410555449e+01 +(3e-01,2e+00) | 5.38e+01 |  3:3.8e-02 10:8.4e-01
  206 ,   2061 : 1.4517642692192e+01 +(2e-01,3e+00) | 5.46e+01 |  3:3.9e-02 10:8.8e-01
  207 ,   2071 : 1.4334756128255e+01 +(4e-01,3e+00) | 5.46e+01 |  3:3.9e-02 10:9.0e-01
  208 ,   2081 : 1.4585297989494e+01 +(7e-01,3e+00) | 5.34e+01 |  3:4.1e-02 10:9.4e-01
  209 ,   2091 : 1.4468091611895e+01 +(7e-01,3e+00) | 5.33e+01 |  3:3.9e-02 10:8.9e-01
Iterat, #Fevals:   Function Value    (median,worst) |Axis Ratio|idx:Min SD idx:Max SD
  210 ,   2101 : 1.4347944977685e+01 +(5e-01,2e+00) | 5.49e+01 |  3:4.0e-02 10:9.4e-01
  211 ,   2111 : 1.4410219353387e+01 +(1e+00,5e+00) | 5.51e+01 |  3:4.1e-02 10:9.6e-01
  212 ,   2121 : 1.4534035012277e+01 +(3e-01,4e+00) | 5.60e+01 |  3:4.4e-02 10:1.0e+00
  213 ,   2131 : 1.4069558883517e+01 +(1e+00,6e+00) | 6.02e+01 |  3:4.8e-02 10:1.2e+00
  214 ,   2141 : 1.5257400294535e+01 +(3e+00,1e+01) | 6.07e+01 |  3:4.8e-02 10:1.2e+00
  215 ,   2151 : 1.4336365610343e+01 +(2e+00,1e+01) | 6.30e+01 |  3:4.7e-02 10:1.3e+00
  216 ,   2161 : 1.3732865853970e+01 +(2e+00,7e+00) | 6.37e+01 |  3:4.7e-02 10:1.3e+00
  217 ,   2171 : 1.3652759187731e+01 +(1e+00,5e+00) | 6.43e+01 |  3:4.7e-02 10:1.3e+00
  218 ,   2181 : 1.4085293580627e+01 +(3e+00,1e+01) | 6.34e+01 |  3:4.9e-02 10:1.4e+00
  219 ,   2191 : 1.4251786896937e+01 +(1e+00,9e+00) | 6.33e+01 |  3:5.1e-02 10:1.4e+00
Iterat, #Fevals:   Function Value    (median,worst) |Axis Ratio|idx:Min SD idx:Max SD
  220 ,   2201 : 1.3847450200584e+01 +(2e+00,5e+00) | 6.31e+01 |  3:4.6e-02 10:1.3e+00
  221 ,   2211 : 1.3709515696645e+01 +(3e+00,1e+01) | 5.91e+01 |  3:4.8e-02 10:1.3e+00
  222 ,   2221 : 1.4111014133699e+01 +(4e+00,8e+00) | 5.81e+01 |  3:4.7e-02 10:1.2e+00
  223 ,   2231 : 1.2903181527458e+01 +(3e+00,3e+01) | 6.18e+01 |  3:4.7e-02 10:1.3e+00
  224 ,   2241 : 1.4667674770506e+01 +(3e+00,1e+01) | 6.36e+01 |  3:4.4e-02 10:1.2e+00
  225 ,   2251 : 1.2985271440288e+01 +(1e+00,2e+01) | 6.54e+01 |  3:4.4e-02 10:1.2e+00
  226 ,   2261 : 1.3123862421054e+01 +(1e+00,1e+01) | 6.71e+01 |  3:4.4e-02 10:1.2e+00
  227 ,   2271 : 1.2803902768782e+01 +(5e+00,1e+01) | 7.02e+01 |  3:4.6e-02 10:1.3e+00
  228 ,   2281 : 1.3152471627754e+01 +(1e+01,5e+01) | 6.93e+01 |  3:4.8e-02 10:1.4e+00
  229 ,   2291 : 1.2955771305840e+01 +(7e+00,1e+02) | 6.45e+01 |  3:5.4e-02 10:1.5e+00
Iterat, #Fevals:   Function Value    (median,worst) |Axis Ratio|idx:Min SD idx:Max SD
  230 ,   2301 : 1.2838140060962e+01 +(2e+00,3e+01) | 6.42e+01 |  3:5.4e-02 10:1.5e+00
  231 ,   2311 : 1.2303943691049e+01 +(3e+00,1e+02) | 6.45e+01 |  3:5.0e-02 10:1.4e+00
  232 ,   2321 : 1.2902183752960e+01 +(4e+00,3e+01) | 6.46e+01 |  3:4.6e-02 10:1.2e+00
  233 ,   2331 : 1.3052538348559e+01 +(2e+00,3e+01) | 6.39e+01 |  3:4.6e-02 10:1.2e+00
  234 ,   2341 : 1.3191103582109e+01 +(2e+00,3e+01) | 6.29e+01 |  3:4.9e-02 10:1.2e+00
  235 ,   2351 : 1.3338971438214e+01 +(6e-01,6e+00) | 6.26e+01 |  3:5.5e-02 10:1.4e+00
  236 ,   2361 : 1.4285098097201e+01 +(1e+01,2e+01) | 6.32e+01 |  3:5.2e-02 10:1.3e+00
  237 ,   2371 : 1.3549903809285e+01 +(1e+00,2e+01) | 6.25e+01 |  3:4.9e-02 10:1.2e+00
  238 ,   2381 : 1.2208050681382e+01 +(2e+00,2e+01) | 6.35e+01 |  3:4.8e-02 10:1.2e+00
  239 ,   2391 : 1.2304932755709e+01 +(2e+00,2e+01) | 6.34e+01 |  3:5.0e-02 10:1.2e+00
Iterat, #Fevals:   Function Value    (median,worst) |Axis Ratio|idx:Min SD idx:Max SD
  240 ,   2401 : 1.2199744567695e+01 +(6e+00,2e+01) | 6.38e+01 |  3:4.8e-02 10:1.2e+00
  241 ,   2411 : 1.2184919816033e+01 +(2e+00,2e+01) | 6.43e+01 |  3:4.6e-02 10:1.1e+00
  242 ,   2421 : 1.2105215718481e+01 +(6e+00,2e+01) | 6.65e+01 |  3:4.7e-02 10:1.2e+00
  243 ,   2431 : 1.1747536490052e+01 +(1e+01,3e+01) | 6.75e+01 |  3:4.7e-02 10:1.2e+00
  244 ,   2441 : 1.2150482869102e+01 +(1e+01,3e+01) | 6.81e+01 |  3:4.3e-02 10:1.1e+00
  245 ,   2451 : 1.2111445398628e+01 +(1e+01,4e+01) | 6.87e+01 |  3:3.9e-02 10:1.0e+00
  246 ,   2461 : 1.2424275273356e+01 +(3e+00,2e+02) | 6.85e+01 |  3:3.7e-02 10:9.6e-01
  247 ,   2471 : 1.2257616780248e+01 +(7e-01,2e+01) | 6.77e+01 |  3:3.5e-02 10:8.9e-01
  248 ,   2481 : 1.1621770906963e+01 +(3e+00,2e+01) | 6.48e+01 |  3:3.9e-02 10:9.6e-01
  249 ,   2491 : 1.2935838547592e+01 +(7e+00,4e+03) | 6.54e+01 |  3:4.1e-02 10:1.0e+00
Iterat, #Fevals:   Function Value    (median,worst) |Axis Ratio|idx:Min SD idx:Max SD
  250 ,   2501 : 1.1494535285337e+01 +(3e+00,6e+03) | 6.52e+01 |  3:4.0e-02 10:1.0e+00
  251 ,   2511 : 1.2207587174419e+01 +(5e+00,2e+01) | 6.53e+01 |  3:4.1e-02 10:1.0e+00
  252 ,   2521 : 1.2695495618028e+01 +(3e+00,2e+01) | 6.48e+01 |  3:3.8e-02 10:9.4e-01
  253 ,   2531 : 1.2589648382079e+01 +(5e-01,6e+00) | 6.54e+01 |  3:3.7e-02 10:9.2e-01
  254 ,   2541 : 1.2245743223307e+01 +(1e+00,4e+00) | 6.44e+01 |  3:3.5e-02 10:8.5e-01
  255 ,   2551 : 1.2283207476652e+01 +(9e-01,4e+00) | 6.37e+01 |  3:3.3e-02 10:8.0e-01
  256 ,   2561 : 1.1998335806879e+01 +(2e+00,1e+01) | 6.34e+01 |  3:3.1e-02 10:7.6e-01
  257 ,   2571 : 1.1950084487841e+01 +(1e+00,4e+00) | 6.43e+01 |  3:3.3e-02 10:8.1e-01
  258 ,   2581 : 1.2141931477763e+01 +(2e+00,2e+01) | 6.28e+01 |  3:3.5e-02 10:8.6e-01
  259 ,   2591 : 1.2675564083048e+01 +(8e-01,1e+01) | 6.08e+01 |  3:3.6e-02 10:8.6e-01
Iterat, #Fevals:   Function Value    (median,worst) |Axis Ratio|idx:Min SD idx:Max SD
  260 ,   2601 : 1.2098919658220e+01 +(6e-01,4e+00) | 6.05e+01 |  3:3.4e-02 10:8.0e-01
  261 ,   2611 : 1.1756600541332e+01 +(2e+00,2e+01) | 6.18e+01 |  3:3.3e-02 10:7.8e-01
  262 ,   2621 : 1.1740106801176e+01 +(3e+00,3e+01) | 6.29e+01 |  3:3.3e-02 10:7.9e-01
  263 ,   2631 : 1.1868408280315e+01 +(2e+00,2e+01) | 6.17e+01 |  3:3.4e-02 10:7.7e-01
  264 ,   2641 : 1.1876929748565e+01 +(3e+00,8e+03) | 6.06e+01 |  3:3.6e-02 10:7.9e-01
  265 ,   2651 : 1.2022513006055e+01 +(2e+00,8e+00) | 6.01e+01 |  3:3.3e-02 10:7.2e-01
  266 ,   2661 : 1.2124386283702e+01 +(1e+00,1e+01) | 5.93e+01 |  3:3.0e-02 10:6.4e-01
  267 ,   2671 : 1.1924494876747e+01 +(2e+00,1e+01) | 5.81e+01 |  3:2.8e-02 10:6.1e-01
  268 ,   2681 : 1.1928389184311e+01 +(2e+00,2e+01) | 5.75e+01 |  3:2.4e-02 10:5.3e-01
  269 ,   2691 : 1.1846945234075e+01 +(1e+00,6e+00) | 5.75e+01 |  3:2.3e-02 10:4.9e-01
Iterat, #Fevals:   Function Value    (median,worst) |Axis Ratio|idx:Min SD idx:Max SD
  270 ,   2701 : 1.2030681974768e+01 +(1e+00,7e+00) | 5.65e+01 |  3:2.3e-02 10:5.0e-01
  271 ,   2711 : 1.1966450860305e+01 +(6e-01,7e+00) | 5.55e+01 |  3:2.3e-02 10:4.9e-01
  272 ,   2721 : 1.1778337989045e+01 +(7e-01,3e+00) | 5.44e+01 |  3:2.4e-02 10:4.8e-01
  273 ,   2731 : 1.1931609708142e+01 +(6e-01,1e+00) | 5.43e+01 |  3:2.2e-02 10:4.4e-01
  274 ,   2741 : 1.1813337698595e+01 +(3e-01,2e+00) | 5.39e+01 |  3:2.1e-02 10:4.2e-01
  275 ,   2751 : 1.1978966690360e+01 +(3e-01,2e+00) | 5.34e+01 |  3:2.1e-02 10:4.1e-01
  276 ,   2761 : 1.1805795752081e+01 +(5e-01,3e+00) | 5.30e+01 |  3:2.2e-02 10:4.3e-01
  277 ,   2771 : 1.1838348281740e+01 +(6e-01,2e+00) | 5.28e+01 |  3:2.5e-02 10:4.7e-01
  278 ,   2781 : 1.1834062730966e+01 +(1e+00,5e+00) | 5.31e+01 |  3:2.6e-02 10:4.7e-01
  279 ,   2791 : 1.1873875535077e+01 +(1e+00,6e+00) | 5.32e+01 |  3:2.5e-02 10:4.5e-01
Iterat, #Fevals:   Function Value    (median,worst) |Axis Ratio|idx:Min SD idx:Max SD
  280 ,   2801 : 1.1863833322027e+01 +(6e-01,6e+00) | 5.23e+01 |  3:2.4e-02 10:4.4e-01
  281 ,   2811 : 1.1818176844015e+01 +(6e-01,9e-01) | 5.21e+01 |  3:2.3e-02 10:4.1e-01
  282 ,   2821 : 1.1645946234258e+01 +(4e-01,3e+00) | 5.20e+01 |  3:2.3e-02 10:4.1e-01
  283 ,   2831 : 1.1698855908177e+01 +(3e-01,2e+00) | 5.19e+01 |  3:2.2e-02 10:4.0e-01
  284 ,   2841 : 1.1653360752649e+01 +(9e-01,5e+00) | 5.22e+01 |  3:2.1e-02 10:3.7e-01
  285 ,   2851 : 1.1638966028726e+01 +(2e+00,2e+00) | 4.99e+01 |  3:2.0e-02 10:3.5e-01
  286 ,   2861 : 1.1626101974687e+01 +(2e-01,3e+00) | 4.97e+01 |  3:1.9e-02 10:3.4e-01
  287 ,   2871 : 1.1694541174361e+01 +(7e-01,3e+00) | 4.96e+01 |  3:2.0e-02 10:3.5e-01
  288 ,   2881 : 1.1558842633693e+01 +(4e-01,2e+00) | 4.82e+01 |  3:2.3e-02 10:3.9e-01
  289 ,   2891 : 1.1799900426675e+01 +(9e-01,7e+00) | 4.84e+01 |  3:2.5e-02 10:4.1e-01
Iterat, #Fevals:   Function Value    (median,worst) |Axis Ratio|idx:Min SD idx:Max SD
  290 ,   2901 : 1.1637228303956e+01 +(7e-01,5e+00) | 4.88e+01 |  3:2.7e-02 10:4.5e-01
  291 ,   2911 : 1.1492955433041e+01 +(9e-01,4e+00) | 4.75e+01 |  3:3.0e-02 10:4.8e-01
  292 ,   2921 : 1.1802675194617e+01 +(7e-01,3e+00) | 4.72e+01 |  3:2.9e-02 10:4.6e-01
  293 ,   2931 : 1.1529805474692e+01 +(3e-01,7e+00) | 4.75e+01 |  3:2.7e-02 10:4.3e-01
  294 ,   2941 : 1.1242556065085e+01 +(7e-01,4e+00) | 4.75e+01 |  3:2.5e-02 10:3.9e-01
  295 ,   2951 : 1.1410514487399e+01 +(7e-01,1e+01) | 4.75e+01 |  3:2.4e-02 10:3.8e-01
  296 ,   2961 : 1.1423218083370e+01 +(4e-01,2e+00) | 4.75e+01 |  3:2.5e-02 10:3.8e-01
  297 ,   2971 : 1.1488822881076e+01 +(3e-01,4e+00) | 4.86e+01 |  3:2.4e-02 10:3.7e-01
  298 ,   2981 : 1.1316322667443e+01 +(5e-01,2e+00) | 4.85e+01 |  3:2.2e-02 10:3.4e-01
  299 ,   2991 : 1.1476575630155e+01 +(6e-01,3e+00) | 4.73e+01 |  3:2.1e-02 10:3.3e-01
Iterat, #Fevals:   Function Value    (median,worst) |Axis Ratio|idx:Min SD idx:Max SD
  300 ,   3001 : 1.1291251763620e+01 +(7e-01,6e+00) | 4.69e+01 |  3:2.1e-02 10:3.1e-01
  301 ,   3011 : 1.1380095121570e+01 +(4e-01,2e+00) | 4.67e+01 |  3:2.2e-02 10:3.3e-01
  302 ,   3021 : 1.1286440815043e+01 +(9e-01,7e+00) | 4.69e+01 |  3:2.1e-02 10:3.2e-01
  303 ,   3031 : 1.1446806672761e+01 +(2e-01,2e+00) | 4.65e+01 |  3:2.0e-02 10:2.9e-01
  304 ,   3041 : 1.1157957714193e+01 +(5e-01,2e+00) | 4.63e+01 |  3:1.9e-02 10:2.8e-01
  305 ,   3051 : 1.1250559895237e+01 +(3e-01,2e+00) | 4.60e+01 |  3:1.9e-02 10:2.8e-01
  306 ,   3061 : 1.1098575535772e+01 +(6e-01,5e+00) | 4.58e+01 |  3:1.8e-02 10:2.6e-01
  307 ,   3071 : 1.1152320697015e+01 +(2e-01,2e+00) | 4.60e+01 |  3:1.8e-02 10:2.6e-01
  308 ,   3081 : 1.1180086549827e+01 +(2e-01,4e+00) | 4.56e+01 |  3:1.8e-02 10:2.7e-01
  309 ,   3091 : 1.1097689913127e+01 +(6e-01,2e+00) | 4.44e+01 |  3:1.8e-02 10:2.6e-01
Iterat, #Fevals:   Function Value    (median,worst) |Axis Ratio|idx:Min SD idx:Max SD
  310 ,   3101 : 1.1159909565749e+01 +(8e-02,3e+00) | 4.18e+01 |  3:1.8e-02 10:2.6e-01
  311 ,   3111 : 1.1164103404491e+01 +(5e-01,4e+00) | 4.05e+01 |  3:1.9e-02 10:2.5e-01
  312 ,   3121 : 1.1245677523279e+01 +(3e-01,3e+00) | 4.02e+01 |  3:2.0e-02 10:2.5e-01
  313 ,   3131 : 1.1248357929162e+01 +(2e-01,1e+00) | 3.92e+01 |  3:1.9e-02 10:2.4e-01
  314 ,   3141 : 1.1060003560717e+01 +(5e-01,3e+00) | 3.88e+01 |  3:1.8e-02 10:2.3e-01
  315 ,   3151 : 1.1097860645001e+01 +(4e-01,3e+00) | 3.87e+01 |  3:1.7e-02 10:2.1e-01
  316 ,   3161 : 1.1150527390646e+01 +(4e-01,2e+00) | 3.87e+01 |  3:1.5e-02 10:1.9e-01
  317 ,   3171 : 1.1134287980063e+01 +(1e-01,1e+00) | 3.88e+01 |  3:1.4e-02 10:1.7e-01
  318 ,   3181 : 1.1066298790072e+01 +(3e-01,2e+00) | 3.81e+01 |  3:1.3e-02 10:1.6e-01
  319 ,   3191 : 1.1151824219407e+01 +(4e-01,1e+00) | 3.78e+01 |  3:1.3e-02 10:1.6e-01
Iterat, #Fevals:   Function Value    (median,worst) |Axis Ratio|idx:Min SD idx:Max SD
  320 ,   3201 : 1.1129600050999e+01 +(1e-01,1e+00) | 3.77e+01 |  3:1.2e-02 10:1.5e-01
  321 ,   3211 : 1.1103475754831e+01 +(9e-02,2e+00) | 3.78e+01 |  3:1.1e-02 10:1.4e-01
  322 ,   3221 : 1.1074978104996e+01 +(2e-01,1e+00) | 3.75e+01 |  3:1.1e-02 10:1.3e-01
  323 ,   3231 : 1.1094029244972e+01 +(6e-02,4e-01) | 3.71e+01 |  3:1.1e-02 10:1.3e-01
  324 ,   3241 : 1.1097669273858e+01 +(8e-02,7e-01) | 3.69e+01 |  3:1.1e-02 10:1.3e-01
  325 ,   3251 : 1.1030473399721e+01 +(2e-01,5e-01) | 3.70e+01 |  2:1.1e-02 10:1.2e-01
  326 ,   3261 : 1.1025595191811e+01 +(1e-01,9e-01) | 3.68e+01 |  3:1.1e-02 10:1.2e-01
  327 ,   3271 : 1.1032178886883e+01 +(8e-02,4e-01) | 3.66e+01 |  3:1.2e-02 10:1.3e-01
  328 ,   3281 : 1.0993896662342e+01 +(1e-01,4e-01) | 3.59e+01 |  3:1.1e-02 10:1.2e-01
  329 ,   3291 : 1.1036555897688e+01 +(5e-02,5e-01) | 3.53e+01 |  3:1.1e-02 10:1.1e-01
Iterat, #Fevals:   Function Value    (median,worst) |Axis Ratio|idx:Min SD idx:Max SD
  330 ,   3301 : 1.0997492944939e+01 +(9e-02,6e-01) | 3.37e+01 |  3:1.1e-02 10:1.2e-01
  331 ,   3311 : 1.0995555225284e+01 +(2e-01,7e-01) | 3.28e+01 |  3:1.2e-02 10:1.2e-01
  332 ,   3321 : 1.1008084571492e+01 +(1e-01,1e+00) | 3.06e+01 |  3:1.3e-02 10:1.3e-01
  333 ,   3331 : 1.0966620642951e+01 +(1e-01,3e-01) | 2.70e+01 |  2:1.5e-02 10:1.5e-01
  334 ,   3341 : 1.1019939440912e+01 +(8e-02,8e-01) | 2.70e+01 |  2:1.6e-02 10:1.6e-01
  335 ,   3351 : 1.1063408833878e+01 +(5e-02,2e+00) | 2.72e+01 |  2:1.6e-02 10:1.5e-01
  336 ,   3361 : 1.1002683237429e+01 +(1e-01,5e-01) | 2.72e+01 |  2:1.6e-02 10:1.5e-01
  337 ,   3371 : 1.1029678683349e+01 +(5e-02,1e+00) | 2.74e+01 |  2:1.3e-02 10:1.3e-01
  338 ,   3381 : 1.0965528397651e+01 +(2e-01,4e-01) | 2.73e+01 |  2:1.2e-02 10:1.1e-01
  339 ,   3391 : 1.0965323830134e+01 +(7e-02,5e-01) | 2.69e+01 |  2:1.1e-02 10:1.1e-01
Iterat, #Fevals:   Function Value    (median,worst) |Axis Ratio|idx:Min SD idx:Max SD
  340 ,   3401 : 1.0954974894700e+01 +(5e-02,4e-01) | 2.67e+01 |  2:1.1e-02 10:9.9e-02
  341 ,   3411 : 1.0939055089864e+01 +(1e-01,8e-01) | 2.62e+01 |  2:1.2e-02 10:1.1e-01
  342 ,   3421 : 1.0927862779839e+01 +(2e-01,2e+00) | 2.63e+01 |  3:1.1e-02 10:1.0e-01
  343 ,   3431 : 1.0928832983310e+01 +(6e-02,4e-01) | 2.69e+01 |  3:1.2e-02 10:1.1e-01
  344 ,   3441 : 1.0926512873123e+01 +(2e-02,5e-01) | 2.69e+01 |  3:1.3e-02 10:1.2e-01
  345 ,   3451 : 1.0964962505671e+01 +(8e-02,2e-01) | 2.63e+01 |  3:1.2e-02 10:1.1e-01
  346 ,   3461 : 1.0926419569074e+01 +(6e-02,3e-01) | 2.59e+01 |  3:1.1e-02 10:9.8e-02
  347 ,   3471 : 1.0916301722763e+01 +(5e-02,3e-01) | 2.58e+01 |  3:9.7e-03 10:8.8e-02
  348 ,   3481 : 1.0911832621321e+01 +(7e-02,4e-01) | 2.55e+01 |  3:9.0e-03 10:8.1e-02
  349 ,   3491 : 1.0907376835564e+01 +(6e-02,1e+00) | 2.54e+01 |  3:9.4e-03 10:8.4e-02
Iterat, #Fevals:   Function Value    (median,worst) |Axis Ratio|idx:Min SD idx:Max SD
  350 ,   3501 : 1.0921401448305e+01 +(3e-02,2e-01) | 2.55e+01 |  3:8.5e-03 10:7.6e-02
  351 ,   3511 : 1.0893628027965e+01 +(5e-02,1e-01) | 2.48e+01 |  3:8.3e-03 10:7.4e-02
  352 ,   3521 : 1.0932141435235e+01 +(4e-02,5e-01) | 2.48e+01 |  3:7.8e-03 10:7.0e-02
  353 ,   3531 : 1.0914172145725e+01 +(2e-02,2e-01) | 2.48e+01 |  3:6.9e-03 10:6.2e-02
  354 ,   3541 : 1.0896538206824e+01 +(4e-02,7e-02) | 2.48e+01 |  3:6.3e-03 10:5.6e-02
  355 ,   3551 : 1.0904994616336e+01 +(2e-02,7e-02) | 2.43e+01 |  3:6.2e-03 10:5.5e-02
  356 ,   3561 : 1.0894326775067e+01 +(3e-02,6e-02) | 2.43e+01 |  2:7.4e-03 10:6.3e-02
  357 ,   3571 : 1.0879705438849e+01 +(4e-02,2e-01) | 2.42e+01 |  3:8.3e-03 10:6.9e-02
  358 ,   3581 : 1.0888565546599e+01 +(1e-02,3e-01) | 2.52e+01 |  3:9.3e-03 10:7.7e-02
  359 ,   3591 : 1.0868131542210e+01 +(1e-01,1e+00) | 2.57e+01 |  2:9.7e-03 10:7.8e-02
Iterat, #Fevals:   Function Value    (median,worst) |Axis Ratio|idx:Min SD idx:Max SD
  360 ,   3601 : 1.0906658515673e+01 +(1e-01,4e-01) | 2.59e+01 |  2:9.3e-03 10:7.5e-02
  361 ,   3611 : 1.0878301657363e+01 +(3e-02,6e-01) | 2.54e+01 |  3:9.3e-03 10:7.5e-02
  362 ,   3621 : 1.0867980930768e+01 +(4e-02,3e-01) | 2.57e+01 |  2:9.6e-03 10:7.7e-02
  363 ,   3631 : 1.0871008500055e+01 +(7e-02,6e-01) | 2.60e+01 |  2:9.9e-03 10:8.0e-02
  364 ,   3641 : 1.0855336800068e+01 +(6e-02,7e-01) | 2.60e+01 |  3:1.1e-02 10:8.3e-02
  365 ,   3651 : 1.0846921433113e+01 +(4e-02,7e-01) | 2.58e+01 |  3:1.1e-02 10:8.1e-02
  366 ,   3661 : 1.0860202607145e+01 +(2e-01,5e-01) | 2.55e+01 |  3:1.0e-02 10:7.7e-02
  367 ,   3671 : 1.0857462354156e+01 +(2e-02,8e-01) | 2.60e+01 |  3:1.1e-02 10:8.0e-02
  368 ,   3681 : 1.0850459739908e+01 +(1e-01,6e-01) | 2.60e+01 |  3:9.9e-03 10:7.2e-02
  369 ,   3691 : 1.0850568982071e+01 +(6e-02,7e-01) | 2.60e+01 |  3:8.7e-03 10:6.4e-02
Iterat, #Fevals:   Function Value    (median,worst) |Axis Ratio|idx:Min SD idx:Max SD
  370 ,   3701 : 1.0848424480574e+01 +(4e-02,5e-01) | 2.63e+01 |  3:8.3e-03 10:6.0e-02
  371 ,   3711 : 1.0849976017176e+01 +(2e-02,3e-01) | 2.63e+01 |  3:8.0e-03 10:5.8e-02
  372 ,   3721 : 1.0853484747020e+01 +(6e-02,6e-01) | 2.62e+01 |  3:7.4e-03 10:5.4e-02
  373 ,   3731 : 1.0854904837300e+01 +(2e-02,3e-01) | 2.59e+01 |  3:6.9e-03 10:4.9e-02
  374 ,   3741 : 1.0852075712364e+01 +(2e-02,6e-02) | 2.56e+01 |  3:6.7e-03 10:4.7e-02
  375 ,   3751 : 1.0835135956153e+01 +(4e-02,1e-01) | 2.55e+01 |  3:6.2e-03 10:4.3e-02
  376 ,   3761 : 1.0843491638011e+01 +(1e-02,4e-02) | 2.56e+01 |  3:5.8e-03 10:3.9e-02
  377 ,   3771 : 1.0840029371401e+01 +(2e-02,8e-02) | 2.57e+01 |  3:5.3e-03 10:3.5e-02
  378 ,   3781 : 1.0844826524066e+01 +(2e-02,6e-02) | 2.63e+01 |  3:5.3e-03 10:3.5e-02
  379 ,   3791 : 1.0835029909930e+01 +(2e-02,5e-02) | 2.64e+01 |  2:5.4e-03 10:3.5e-02
Iterat, #Fevals:   Function Value    (median,worst) |Axis Ratio|idx:Min SD idx:Max SD
  380 ,   3801 : 1.0847072931086e+01 +(1e-02,5e-02) | 2.65e+01 |  2:5.1e-03 10:3.2e-02
  381 ,   3811 : 1.0842871007580e+01 +(2e-02,8e-02) | 2.65e+01 |  2:4.6e-03 10:3.0e-02
  382 ,   3821 : 1.0844093676230e+01 +(1e-02,9e-02) | 2.69e+01 |  2:4.7e-03 10:3.1e-02
  383 ,   3831 : 1.0836022854341e+01 +(1e-02,6e-02) | 2.71e+01 |  2:4.6e-03 10:3.0e-02
  384 ,   3841 : 1.0833643332580e+01 +(2e-02,2e-02) | 2.70e+01 |  2:4.6e-03 10:3.0e-02
  385 ,   3851 : 1.0821421991506e+01 +(3e-02,6e-02) | 2.77e+01 |  2:5.0e-03 10:3.4e-02
  386 ,   3861 : 1.0835521551175e+01 +(1e-02,6e-02) | 2.84e+01 |  2:5.0e-03 10:3.5e-02
  387 ,   3871 : 1.0830793789547e+01 +(2e-02,8e-02) | 2.86e+01 |  2:5.1e-03 10:3.6e-02
  388 ,   3881 : 1.0841507181278e+01 +(1e-02,9e-02) | 2.86e+01 |  2:4.9e-03 10:3.4e-02
  389 ,   3891 : 1.0829731116842e+01 +(1e-02,5e-02) | 2.83e+01 |  2:4.6e-03 10:3.1e-02
Iterat, #Fevals:   Function Value    (median,worst) |Axis Ratio|idx:Min SD idx:Max SD
  390 ,   3901 : 1.0829906822259e+01 +(2e-02,4e-02) | 2.88e+01 |  3:5.0e-03 10:3.2e-02
  391 ,   3911 : 1.0828357959167e+01 +(3e-02,7e-02) | 2.91e+01 |  3:5.1e-03 10:3.3e-02
  392 ,   3921 : 1.0838887946972e+01 +(1e-02,8e-02) | 2.93e+01 |  3:5.2e-03 10:3.3e-02
  393 ,   3931 : 1.0827860917693e+01 +(2e-02,5e-02) | 2.94e+01 |  3:5.0e-03 10:3.3e-02
  394 ,   3941 : 1.0837217555221e+01 +(6e-03,6e-02) | 2.94e+01 |  3:5.1e-03 10:3.3e-02
  395 ,   3951 : 1.0834802643156e+01 +(3e-02,1e-01) | 2.94e+01 |  3:5.1e-03 10:3.3e-02
  396 ,   3961 : 1.0841405940663e+01 +(6e-03,7e-02) | 2.96e+01 |  3:4.5e-03 10:2.9e-02
  397 ,   3971 : 1.0830007956663e+01 +(2e-02,6e-02) | 3.01e+01 |  3:4.1e-03 10:2.7e-02
  398 ,   3981 : 1.0835495914881e+01 +(1e-02,2e-02) | 2.98e+01 |  3:3.7e-03 10:2.4e-02
  399 ,   3991 : 1.0830950465694e+01 +(1e-02,4e-02) | 2.98e+01 |  3:3.6e-03 10:2.3e-02
Iterat, #Fevals:   Function Value    (median,worst) |Axis Ratio|idx:Min SD idx:Max SD
  400 ,   4001 : 1.0832819605844e+01 +(9e-03,4e-02) | 3.00e+01 |  3:3.7e-03 10:2.4e-02
  401 ,   4011 : 1.0832553061684e+01 +(7e-03,3e-02) | 3.01e+01 |  3:3.7e-03 10:2.3e-02
  402 ,   4021 : 1.0840503025454e+01 +(3e-03,1e-02) | 3.00e+01 |  3:3.8e-03 10:2.4e-02
  403 ,   4031 : 1.0837069164363e+01 +(5e-03,2e-02) | 2.97e+01 |  3:3.8e-03 10:2.4e-02
  404 ,   4041 : 1.0832291004149e+01 +(2e-02,3e-02) | 2.99e+01 |  3:3.6e-03 10:2.3e-02
  405 ,   4051 : 1.0840505983774e+01 +(1e-02,3e-02) | 3.13e+01 |  3:3.4e-03 10:2.2e-02
  406 ,   4061 : 1.0838060711421e+01 +(4e-03,2e-02) | 3.14e+01 |  3:3.1e-03 10:2.1e-02
  407 ,   4071 : 1.0823157178745e+01 +(2e-02,4e-02) | 3.14e+01 |  3:3.1e-03 10:2.0e-02
  408 ,   4081 : 1.0835106315401e+01 +(9e-03,3e-02) | 3.14e+01 |  3:2.8e-03 10:1.9e-02
  409 ,   4091 : 1.0829109946461e+01 +(2e-02,3e-02) | 3.12e+01 |  3:2.7e-03 10:1.8e-02
Iterat, #Fevals:   Function Value    (median,worst) |Axis Ratio|idx:Min SD idx:Max SD
  410 ,   4101 : 1.0826471324218e+01 +(1e-02,3e-02) | 3.16e+01 |  3:2.5e-03 10:1.6e-02
  411 ,   4111 : 1.0831447002271e+01 +(7e-03,2e-02) | 3.18e+01 |  3:2.3e-03 10:1.5e-02
  412 ,   4121 : 1.0824479224123e+01 +(1e-02,3e-02) | 3.19e+01 |  3:2.3e-03 10:1.5e-02
  413 ,   4131 : 1.0834218694035e+01 +(3e-03,9e-03) | 3.24e+01 |  3:2.2e-03 10:1.3e-02
  414 ,   4141 : 1.0831695754622e+01 +(5e-03,3e-02) | 3.24e+01 |  3:2.2e-03 10:1.4e-02
  415 ,   4151 : 1.0829346185203e+01 +(4e-03,2e-02) | 3.31e+01 |  3:2.2e-03 10:1.4e-02
  416 ,   4161 : 1.0828762813935e+01 +(8e-03,1e-02) | 3.29e+01 |  3:2.1e-03 10:1.3e-02
  417 ,   4171 : 1.0823138720429e+01 +(2e-02,3e-02) | 3.27e+01 |  3:2.1e-03 10:1.3e-02
  418 ,   4181 : 1.0825096831802e+01 +(2e-02,3e-02) | 3.28e+01 |  3:2.0e-03 10:1.2e-02
  419 ,   4191 : 1.0825331832936e+01 +(2e-02,3e-02) | 3.29e+01 |  3:2.0e-03 10:1.2e-02
Iterat, #Fevals:   Function Value    (median,worst) |Axis Ratio|idx:Min SD idx:Max SD
  420 ,   4201 : 1.0828756273658e+01 +(9e-03,3e-02) | 3.30e+01 |  3:2.0e-03 10:1.2e-02
  421 ,   4211 : 1.0834602850494e+01 +(8e-03,2e-02) | 3.31e+01 |  3:2.0e-03 10:1.2e-02
  422 ,   4221 : 1.0826557605328e+01 +(2e-02,3e-02) | 3.53e+01 |  3:2.0e-03 10:1.3e-02
  423 ,   4231 : 1.0827819167977e+01 +(8e-03,2e-02) | 3.54e+01 |  3:1.8e-03 10:1.2e-02
  424 ,   4241 : 1.0827405580719e+01 +(7e-03,2e-02) | 3.55e+01 |  3:1.6e-03 10:1.1e-02
  425 ,   4251 : 1.0825752467112e+01 +(1e-02,3e-02) | 3.60e+01 |  3:1.7e-03 10:1.1e-02
  426 ,   4261 : 1.0827923589102e+01 +(1e-02,2e-02) | 3.61e+01 |  3:1.8e-03 10:1.1e-02
  427 ,   4271 : 1.0831810575403e+01 +(5e-03,2e-02) | 3.74e+01 |  3:1.8e-03 10:1.1e-02
  428 ,   4281 : 1.0828636668878e+01 +(7e-03,2e-02) | 3.75e+01 |  3:1.7e-03 10:1.0e-02
  429 ,   4291 : 1.0829706589865e+01 +(3e-03,9e-03) | 3.75e+01 |  3:1.6e-03 10:9.9e-03
Iterat, #Fevals:   Function Value    (median,worst) |Axis Ratio|idx:Min SD idx:Max SD
  430 ,   4301 : 1.0825338045173e+01 +(1e-02,2e-02) | 3.77e+01 |  3:1.7e-03 10:1.0e-02
  431 ,   4311 : 1.0829434338337e+01 +(7e-03,1e-02) | 3.66e+01 |  3:1.6e-03 10:9.5e-03
  432 ,   4321 : 1.0831268514303e+01 +(6e-03,3e-02) | 3.71e+01 |  3:1.5e-03 10:9.0e-03
  433 ,   4331 : 1.0833850087420e+01 +(2e-03,2e-02) | 3.70e+01 |  3:1.4e-03 10:8.5e-03
  434 ,   4341 : 1.0830074857937e+01 +(7e-03,1e-02) | 3.82e+01 |  3:1.4e-03 10:8.5e-03
  435 ,   4351 : 1.0827970674225e+01 +(7e-03,2e-02) | 3.84e+01 |  3:1.5e-03 10:8.9e-03
  436 ,   4361 : 1.0829624044225e+01 +(4e-03,1e-02) | 3.79e+01 |  3:1.4e-03 10:8.7e-03
  437 ,   4371 : 1.0829008780360e+01 +(8e-03,2e-02) | 3.87e+01 |  3:1.5e-03 10:8.9e-03
  438 ,   4381 : 1.0827351802147e+01 +(7e-03,2e-02) | 3.98e+01 |  3:1.4e-03 10:9.1e-03
  439 ,   4391 : 1.0823349607626e+01 +(1e-02,2e-02) | 4.12e+01 |  3:1.5e-03 10:9.8e-03
Iterat, #Fevals:   Function Value    (median,worst) |Axis Ratio|idx:Min SD idx:Max SD
  440 ,   4401 : 1.0828265996830e+01 +(7e-03,1e-02) | 4.17e+01 |  3:1.5e-03 10:9.6e-03
  441 ,   4411 : 1.0821275901215e+01 +(1e-02,2e-02) | 4.27e+01 |  3:1.5e-03 10:1.0e-02
  442 ,   4421 : 1.0824502655754e+01 +(9e-03,2e-02) | 4.33e+01 |  3:1.5e-03 10:1.0e-02
  443 ,   4431 : 1.0829841094932e+01 +(7e-03,2e-02) | 4.28e+01 |  3:1.5e-03 10:1.0e-02
  444 ,   4441 : 1.0831197925991e+01 +(3e-03,2e-02) | 4.26e+01 |  3:1.4e-03 10:9.8e-03
  445 ,   4451 : 1.0828305379813e+01 +(1e-02,1e-02) | 4.28e+01 |  3:1.5e-03 10:1.0e-02
  446 ,   4461 : 1.0823739207229e+01 +(1e-02,2e-02) | 4.29e+01 |  3:1.4e-03 10:9.8e-03
  447 ,   4471 : 1.0829353328723e+01 +(3e-03,1e-02) | 4.42e+01 |  3:1.4e-03 10:9.6e-03
  448 ,   4481 : 1.0827484329413e+01 +(1e-02,2e-02) | 4.58e+01 |  3:1.3e-03 10:9.5e-03
  449 ,   4491 : 1.0826963136088e+01 +(8e-03,1e-02) | 4.64e+01 |  3:1.4e-03 10:1.0e-02
Iterat, #Fevals:   Function Value    (median,worst) |Axis Ratio|idx:Min SD idx:Max SD
  450 ,   4501 : 1.0827962082422e+01 +(7e-03,3e-02) | 4.63e+01 |  3:1.5e-03 10:1.1e-02
  451 ,   4511 : 1.0829907722742e+01 +(6e-03,2e-02) | 4.61e+01 |  3:1.5e-03 10:1.1e-02
  452 ,   4521 : 1.0829654859712e+01 +(8e-03,2e-02) | 4.62e+01 |  3:1.5e-03 10:1.1e-02
  453 ,   4531 : 1.0826022541672e+01 +(1e-02,2e-02) | 4.67e+01 |  3:1.4e-03 10:1.1e-02
  454 ,   4541 : 1.0827172661492e+01 +(7e-03,2e-02) | 4.68e+01 |  3:1.4e-03 10:1.1e-02
  455 ,   4551 : 1.0831477506744e+01 +(4e-03,2e-02) | 4.57e+01 |  3:1.5e-03 10:1.1e-02
  456 ,   4561 : 1.0830791437735e+01 +(1e-03,1e-02) | 4.50e+01 |  3:1.4e-03 10:1.0e-02
  457 ,   4571 : 1.0822756450813e+01 +(1e-02,2e-02) | 4.51e+01 |  3:1.4e-03 10:1.0e-02
  458 ,   4581 : 1.0826817283401e+01 +(9e-03,2e-02) | 4.42e+01 |  3:1.3e-03 10:9.6e-03
  459 ,   4591 : 1.0819544320853e+01 +(1e-02,2e-02) | 4.73e+01 |  3:1.4e-03 10:1.1e-02
Iterat, #Fevals:   Function Value    (median,worst) |Axis Ratio|idx:Min SD idx:Max SD
  460 ,   4601 : 1.0823629478051e+01 +(9e-03,2e-02) | 4.87e+01 |  3:1.4e-03 10:1.1e-02
  461 ,   4611 : 1.0825566362761e+01 +(9e-03,2e-02) | 4.85e+01 |  3:1.4e-03 10:1.1e-02
  462 ,   4621 : 1.0830926061337e+01 +(4e-03,2e-02) | 4.85e+01 |  3:1.4e-03 10:1.1e-02
  463 ,   4631 : 1.0829415004874e+01 +(6e-03,1e-02) | 4.91e+01 |  3:1.3e-03 10:1.0e-02
  464 ,   4641 : 1.0825896678776e+01 +(9e-03,1e-02) | 4.91e+01 |  3:1.2e-03 10:9.8e-03
  465 ,   4651 : 1.0830908282824e+01 +(5e-03,1e-02) | 4.87e+01 |  3:1.2e-03 10:9.6e-03
  466 ,   4661 : 1.0828017138308e+01 +(5e-03,2e-02) | 4.79e+01 |  3:1.1e-03 10:8.8e-03
  467 ,   4671 : 1.0827702940341e+01 +(4e-03,1e-02) | 4.93e+01 |  3:1.1e-03 10:9.1e-03
  468 ,   4681 : 1.0824909201930e+01 +(9e-03,2e-02) | 4.94e+01 |  3:1.1e-03 10:8.5e-03
  469 ,   4691 : 1.0821439655662e+01 +(1e-02,3e-02) | 4.97e+01 |  3:1.0e-03 10:8.1e-03
Iterat, #Fevals:   Function Value    (median,worst) |Axis Ratio|idx:Min SD idx:Max SD
  470 ,   4701 : 1.0824029538884e+01 +(1e-02,3e-02) | 5.16e+01 |  3:1.1e-03 10:8.6e-03
  471 ,   4711 : 1.0825003397200e+01 +(7e-03,2e-02) | 5.32e+01 |  3:1.1e-03 10:9.2e-03
  472 ,   4721 : 1.0818001806500e+01 +(2e-02,2e-02) | 5.34e+01 |  3:1.1e-03 10:9.0e-03
  473 ,   4731 : 1.0829502647582e+01 +(4e-03,1e-02) | 5.22e+01 |  3:1.1e-03 10:9.0e-03
  474 ,   4741 : 1.0825847628370e+01 +(6e-03,2e-02) | 5.20e+01 |  3:1.1e-03 10:9.1e-03
  475 ,   4751 : 1.0830900502426e+01 +(4e-03,1e-02) | 5.16e+01 |  3:1.2e-03 10:1.0e-02
  476 ,   4761 : 1.0819391113594e+01 +(2e-02,3e-02) | 5.15e+01 |  3:1.2e-03 10:9.6e-03
  477 ,   4771 : 1.0826290664118e+01 +(8e-03,2e-02) | 5.21e+01 |  3:1.0e-03 10:8.4e-03
  478 ,   4781 : 1.0829325999330e+01 +(3e-03,1e-02) | 5.21e+01 |  3:9.2e-04 10:7.5e-03
  479 ,   4791 : 1.0828495998482e+01 +(5e-03,2e-02) | 5.30e+01 |  3:8.7e-04 10:7.0e-03
Iterat, #Fevals:   Function Value    (median,worst) |Axis Ratio|idx:Min SD idx:Max SD
  480 ,   4801 : 1.0833072058073e+01 +(2e-03,2e-02) | 5.34e+01 |  3:8.6e-04 10:6.9e-03
  481 ,   4811 : 1.0825027338456e+01 +(6e-03,2e-02) | 5.32e+01 |  3:8.1e-04 10:6.5e-03
  482 ,   4821 : 1.0826143425233e+01 +(1e-02,2e-02) | 5.28e+01 |  3:8.0e-04 10:6.3e-03
  483 ,   4831 : 1.0823909751808e+01 +(9e-03,2e-02) | 5.28e+01 |  3:7.2e-04 10:5.7e-03
  484 ,   4841 : 1.0827190405700e+01 +(7e-03,1e-02) | 5.39e+01 |  3:6.9e-04 10:5.6e-03
  485 ,   4851 : 1.0819941527644e+01 +(1e-02,3e-02) | 5.39e+01 |  3:7.0e-04 10:5.6e-03
  486 ,   4861 : 1.0828363979591e+01 +(6e-03,1e-02) | 5.30e+01 |  3:6.7e-04 10:5.4e-03
  487 ,   4871 : 1.0827151392063e+01 +(7e-03,1e-02) | 5.41e+01 |  3:6.6e-04 10:5.4e-03
  488 ,   4881 : 1.0827632461987e+01 +(6e-03,2e-02) | 5.42e+01 |  3:6.4e-04 10:5.2e-03
  489 ,   4891 : 1.0831328580098e+01 +(7e-03,1e-02) | 5.41e+01 |  3:6.8e-04 10:5.3e-03
Iterat, #Fevals:   Function Value    (median,worst) |Axis Ratio|idx:Min SD idx:Max SD
  490 ,   4901 : 1.0830471841014e+01 +(4e-03,1e-02) | 5.39e+01 |  3:6.4e-04 10:5.0e-03
  491 ,   4911 : 1.0828447831760e+01 +(7e-03,1e-02) | 5.35e+01 |  3:6.0e-04 10:4.6e-03
  492 ,   4921 : 1.0824728581544e+01 +(7e-03,1e-02) | 5.30e+01 |  3:5.8e-04 10:4.5e-03
  493 ,   4931 : 1.0827960599202e+01 +(3e-03,9e-03) | 5.32e+01 |  3:5.7e-04 10:4.4e-03
  494 ,   4941 : 1.0824768315708e+01 +(1e-02,2e-02) | 5.31e+01 |  3:5.3e-04 10:4.1e-03
  495 ,   4951 : 1.0827476241819e+01 +(9e-03,2e-02) | 5.34e+01 |  3:5.0e-04 10:3.9e-03
  496 ,   4961 : 1.0825490800902e+01 +(7e-03,2e-02) | 5.45e+01 |  3:4.9e-04 10:3.8e-03
  497 ,   4971 : 1.0823275683191e+01 +(1e-02,2e-02) | 5.44e+01 |  3:4.9e-04 10:3.7e-03
  498 ,   4981 : 1.0831283231584e+01 +(3e-03,9e-03) | 5.50e+01 |  3:4.5e-04 10:3.4e-03
  499 ,   4991 : 1.0826115757832e+01 +(8e-03,2e-02) | 5.50e+01 |  3:5.1e-04 10:3.5e-03
Iterat, #Fevals:   Function Value    (median,worst) |Axis Ratio|idx:Min SD idx:Max SD
  500 ,   5001 : 1.0827428040952e+01 +(8e-03,1e-02) | 5.47e+01 |  3:5.0e-04 10:3.4e-03
  501 ,   5011 : 1.0828322992745e+01 +(7e-03,1e-02) | 5.46e+01 |  3:4.5e-04 10:3.0e-03
  502 ,   5021 : 1.0826890957394e+01 +(5e-03,2e-02) | 5.48e+01 |  3:4.1e-04 10:2.8e-03
  503 ,   5031 : 1.0829568778713e+01 +(4e-03,1e-02) | 5.44e+01 |  3:3.9e-04 10:2.6e-03
  504 ,   5041 : 1.0827825863676e+01 +(7e-03,1e-02) | 5.41e+01 |  3:4.0e-04 10:2.7e-03
  505 ,   5051 : 1.0825880669342e+01 +(8e-03,2e-02) | 5.44e+01 |  3:3.9e-04 10:2.7e-03
  506 ,   5061 : 1.0818371508534e+01 +(2e-02,2e-02) | 5.45e+01 |  3:3.9e-04 10:2.6e-03
  507 ,   5071 : 1.0828202192734e+01 +(3e-03,2e-02) | 5.45e+01 |  3:3.8e-04 10:2.5e-03
  508 ,   5081 : 1.0827837501837e+01 +(6e-03,2e-02) | 5.37e+01 |  3:3.6e-04 10:2.4e-03
  509 ,   5091 : 1.0821902598644e+01 +(1e-02,2e-02) | 5.28e+01 |  3:3.5e-04 10:2.3e-03
Iterat, #Fevals:   Function Value    (median,worst) |Axis Ratio|idx:Min SD idx:Max SD
  510 ,   5101 : 1.0824058788830e+01 +(1e-02,2e-02) | 5.28e+01 |  3:3.2e-04 10:2.1e-03
  511 ,   5111 : 1.0824123551288e+01 +(1e-02,1e-02) | 5.26e+01 |  3:2.9e-04 10:1.9e-03
  512 ,   5121 : 1.0828163766445e+01 +(3e-03,1e-02) | 5.29e+01 |  3:2.8e-04 10:1.9e-03
  513 ,   5131 : 1.0822714406968e+01 +(7e-03,2e-02) | 5.13e+01 |  3:2.7e-04 10:1.8e-03
  514 ,   5141 : 1.0827034575317e+01 +(4e-03,2e-02) | 5.08e+01 |  3:2.7e-04 10:1.8e-03
  515 ,   5151 : 1.0828412175675e+01 +(5e-03,2e-02) | 5.01e+01 |  3:2.6e-04 10:1.8e-03
  516 ,   5161 : 1.0822556572969e+01 +(9e-03,2e-02) | 5.00e+01 |  3:2.4e-04 10:1.7e-03
  517 ,   5171 : 1.0824336199163e+01 +(8e-03,2e-02) | 4.95e+01 |  3:2.3e-04 10:1.6e-03
  518 ,   5181 : 1.0824780323011e+01 +(7e-03,2e-02) | 4.92e+01 |  3:2.2e-04 10:1.5e-03
  519 ,   5191 : 1.0822584088665e+01 +(1e-02,2e-02) | 4.91e+01 |  3:2.3e-04 10:1.5e-03
Iterat, #Fevals:   Function Value    (median,worst) |Axis Ratio|idx:Min SD idx:Max SD
  520 ,   5201 : 1.0824631786237e+01 +(8e-03,2e-02) | 4.92e+01 |  3:2.3e-04 10:1.4e-03
  521 ,   5211 : 1.0825630598391e+01 +(9e-03,1e-02) | 4.89e+01 |  3:2.3e-04 10:1.4e-03
  522 ,   5221 : 1.0827825824716e+01 +(4e-03,1e-02) | 4.82e+01 |  3:2.3e-04 10:1.4e-03
  523 ,   5231 : 1.0823408262531e+01 +(9e-03,2e-02) | 4.77e+01 |  3:2.2e-04 10:1.4e-03
  524 ,   5241 : 1.0825660823585e+01 +(8e-03,2e-02) | 4.77e+01 |  3:1.9e-04 10:1.2e-03
  525 ,   5251 : 1.0823521397436e+01 +(1e-02,2e-02) | 4.85e+01 |  3:1.7e-04 10:1.0e-03
  526 ,   5261 : 1.0825779052924e+01 +(5e-03,1e-02) | 4.84e+01 |  3:1.6e-04 10:9.7e-04
  527 ,   5271 : 1.0826837945400e+01 +(5e-03,1e-02) | 4.89e+01 |  3:1.6e-04 10:9.8e-04
  528 ,   5281 : 1.0827861538369e+01 +(3e-03,1e-02) | 4.88e+01 |  3:1.5e-04 10:9.7e-04
  529 ,   5291 : 1.0832138745216e+01 +(4e-03,1e-02) | 4.81e+01 |  3:1.5e-04 10:9.1e-04
Iterat, #Fevals:   Function Value    (median,worst) |Axis Ratio|idx:Min SD idx:Max SD
  530 ,   5301 : 1.0824620283682e+01 +(7e-03,2e-02) | 5.14e+01 |  3:1.4e-04 10:9.4e-04
  531 ,   5311 : 1.0826168426355e+01 +(5e-03,2e-02) | 5.16e+01 |  3:1.3e-04 10:9.1e-04
  532 ,   5321 : 1.0826081944606e+01 +(8e-03,2e-02) | 5.29e+01 |  3:1.4e-04 10:9.4e-04
  533 ,   5331 : 1.0830764731768e+01 +(5e-03,2e-02) | 5.33e+01 |  3:1.5e-04 10:9.4e-04
  534 ,   5341 : 1.0820170784188e+01 +(1e-02,2e-02) | 5.34e+01 |  3:1.5e-04 10:9.4e-04
  535 ,   5351 : 1.0819192506310e+01 +(1e-02,2e-02) | 5.59e+01 |  3:1.6e-04 10:1.0e-03
  536 ,   5361 : 1.0824925747492e+01 +(7e-03,2e-02) | 5.75e+01 |  3:1.6e-04 10:1.0e-03
  537 ,   5371 : 1.0832477724528e+01 +(4e-03,1e-02) | 5.77e+01 |  3:1.5e-04 10:9.9e-04
  538 ,   5381 : 1.0828790995229e+01 +(3e-03,2e-02) | 5.79e+01 |  3:1.4e-04 10:9.2e-04
  539 ,   5391 : 1.0825051660599e+01 +(6e-03,1e-02) | 5.85e+01 |  3:1.3e-04 10:8.4e-04
Iterat, #Fevals:   Function Value    (median,worst) |Axis Ratio|idx:Min SD idx:Max SD
  540 ,   5401 : 1.0827747773167e+01 +(4e-03,1e-02) | 5.90e+01 |  3:1.2e-04 10:7.7e-04
  541 ,   5411 : 1.0829782631661e+01 +(4e-03,1e-02) | 6.01e+01 |  3:1.2e-04 10:7.6e-04
  542 ,   5421 : 1.0829878956960e+01 +(3e-03,9e-03) | 5.94e+01 |  3:1.2e-04 10:7.7e-04
  543 ,   5431 : 1.0828569976955e+01 +(6e-03,1e-02) | 5.87e+01 |  3:1.3e-04 10:8.0e-04
  544 ,   5441 : 1.0829012611563e+01 +(3e-03,1e-02) | 5.63e+01 |  3:1.2e-04 10:8.0e-04
  545 ,   5451 : 1.0829806396670e+01 +(4e-03,2e-02) | 5.82e+01 |  3:1.4e-04 10:8.7e-04
  546 ,   5461 : 1.0811912262650e+01 +(2e-02,3e-02) | 5.82e+01 |  3:1.4e-04 10:9.4e-04
  547 ,   5471 : 1.0823736346684e+01 +(4e-03,2e-02) | 6.10e+01 |  3:1.5e-04 10:1.1e-03
  548 ,   5481 : 1.0824805840549e+01 +(9e-03,2e-02) | 5.93e+01 |  3:1.7e-04 10:1.2e-03
  549 ,   5491 : 1.0830523683925e+01 +(4e-03,1e-02) | 5.80e+01 |  3:1.8e-04 10:1.3e-03
Iterat, #Fevals:   Function Value    (median,worst) |Axis Ratio|idx:Min SD idx:Max SD
  550 ,   5501 : 1.0822836024248e+01 +(1e-02,2e-02) | 5.75e+01 |  3:1.8e-04 10:1.3e-03
  551 ,   5511 : 1.0827821431025e+01 +(7e-03,1e-02) | 5.78e+01 |  3:1.9e-04 10:1.3e-03
  552 ,   5521 : 1.0830306272022e+01 +(6e-03,2e-02) | 6.12e+01 |  3:2.0e-04 10:1.4e-03
  553 ,   5531 : 1.0819640019743e+01 +(1e-02,2e-02) | 6.12e+01 |  3:1.9e-04 10:1.4e-03
  554 ,   5541 : 1.0826212408257e+01 +(7e-03,2e-02) | 6.04e+01 |  3:1.9e-04 10:1.3e-03
  555 ,   5551 : 1.0828248324861e+01 +(6e-03,1e-02) | 6.04e+01 |  3:2.0e-04 10:1.4e-03
  556 ,   5561 : 1.0827898618792e+01 +(7e-03,1e-02) | 6.03e+01 |  3:2.0e-04 10:1.4e-03
  557 ,   5571 : 1.0828795556789e+01 +(4e-03,2e-02) | 6.10e+01 |  3:1.9e-04 10:1.4e-03
  558 ,   5581 : 1.0820969299895e+01 +(1e-02,2e-02) | 6.09e+01 |  3:1.8e-04 10:1.2e-03
  559 ,   5591 : 1.0828023526575e+01 +(4e-03,1e-02) | 6.17e+01 |  3:1.5e-04 10:1.1e-03
Iterat, #Fevals:   Function Value    (median,worst) |Axis Ratio|idx:Min SD idx:Max SD
  560 ,   5601 : 1.0824295007737e+01 +(8e-03,2e-02) | 6.25e+01 |  3:1.5e-04 10:1.1e-03
  561 ,   5611 : 1.0831067637187e+01 +(3e-03,2e-02) | 6.13e+01 |  3:1.5e-04 10:1.1e-03
  562 ,   5621 : 1.0828931041069e+01 +(4e-03,2e-02) | 6.20e+01 |  3:1.4e-04 10:1.0e-03
  563 ,   5631 : 1.0825696412813e+01 +(6e-03,1e-02) | 6.23e+01 |  3:1.4e-04 10:1.0e-03
  564 ,   5641 : 1.0828965124929e+01 +(4e-03,1e-02) | 6.22e+01 |  3:1.4e-04 10:9.3e-04
  565 ,   5651 : 1.0825769215247e+01 +(7e-03,1e-02) | 6.17e+01 |  3:1.4e-04 10:9.2e-04
  566 ,   5661 : 1.0828622808647e+01 +(5e-03,1e-02) | 6.17e+01 |  2:1.3e-04 10:9.0e-04
  567 ,   5671 : 1.0815840965795e+01 +(2e-02,2e-02) | 6.30e+01 |  2:1.4e-04 10:9.3e-04
  568 ,   5681 : 1.0827918088963e+01 +(7e-03,1e-02) | 6.41e+01 |  2:1.3e-04 10:8.7e-04
  569 ,   5691 : 1.0825404542247e+01 +(9e-03,2e-02) | 6.47e+01 |  2:1.1e-04 10:7.8e-04
Iterat, #Fevals:   Function Value    (median,worst) |Axis Ratio|idx:Min SD idx:Max SD
  570 ,   5701 : 1.0827367415089e+01 +(4e-03,2e-02) | 6.40e+01 |  2:1.1e-04 10:7.2e-04
  571 ,   5711 : 1.0825908690344e+01 +(8e-03,2e-02) | 6.51e+01 |  2:1.0e-04 10:7.1e-04
  572 ,   5721 : 1.0823778173017e+01 +(1e-02,2e-02) | 6.33e+01 |  2:1.1e-04 10:7.2e-04
  573 ,   5731 : 1.0827410768429e+01 +(6e-03,2e-02) | 6.26e+01 |  2:1.1e-04 10:7.6e-04
  574 ,   5741 : 1.0819924475667e+01 +(1e-02,2e-02) | 6.15e+01 |  2:1.1e-04 10:7.7e-04
  575 ,   5751 : 1.0820468838915e+01 +(1e-02,2e-02) | 6.16e+01 |  3:1.2e-04 10:8.2e-04
  576 ,   5761 : 1.0831213327737e+01 +(4e-03,9e-03) | 6.12e+01 |  3:1.2e-04 10:8.4e-04
  577 ,   5771 : 1.0829041020423e+01 +(4e-03,1e-02) | 6.22e+01 |  3:1.3e-04 10:9.1e-04
  578 ,   5781 : 1.0822945877027e+01 +(1e-02,2e-02) | 6.41e+01 |  2:1.4e-04 10:9.8e-04
  579 ,   5791 : 1.0826604044147e+01 +(6e-03,1e-02) | 6.42e+01 |  3:1.4e-04 10:9.3e-04
Iterat, #Fevals:   Function Value    (median,worst) |Axis Ratio|idx:Min SD idx:Max SD
  580 ,   5801 : 1.0824421294555e+01 +(1e-02,2e-02) | 6.56e+01 |  2:1.3e-04 10:9.0e-04
  581 ,   5811 : 1.0825017571895e+01 +(5e-03,1e-02) | 6.52e+01 |  3:1.1e-04 10:7.9e-04
  582 ,   5821 : 1.0829329277511e+01 +(5e-03,1e-02) | 6.47e+01 |  3:1.2e-04 10:8.3e-04
  583 ,   5831 : 1.0825978761540e+01 +(9e-03,2e-02) | 6.63e+01 |  3:1.2e-04 10:8.4e-04
  584 ,   5841 : 1.0823504428516e+01 +(7e-03,2e-02) | 6.63e+01 |  3:1.2e-04 10:8.3e-04
  585 ,   5851 : 1.0827339912802e+01 +(7e-03,2e-02) | 6.66e+01 |  3:1.2e-04 10:8.3e-04
  586 ,   5861 : 1.0825975518946e+01 +(9e-03,3e-02) | 6.75e+01 |  3:1.1e-04 10:7.8e-04
  587 ,   5871 : 1.0830308762773e+01 +(6e-03,2e-02) | 6.89e+01 |  3:1.1e-04 10:8.0e-04
  588 ,   5881 : 1.0829059073580e+01 +(5e-03,2e-02) | 6.94e+01 |  3:1.2e-04 10:8.0e-04
  589 ,   5891 : 1.0830756570572e+01 +(4e-03,1e-02) | 6.95e+01 |  3:1.1e-04 10:7.8e-04
Iterat, #Fevals:   Function Value    (median,worst) |Axis Ratio|idx:Min SD idx:Max SD
  590 ,   5901 : 1.0826163878399e+01 +(1e-02,2e-02) | 7.20e+01 |  3:1.1e-04 10:7.9e-04
  591 ,   5911 : 1.0826985665307e+01 +(7e-03,2e-02) | 7.42e+01 |  3:1.2e-04 10:8.4e-04
  592 ,   5921 : 1.0822817900515e+01 +(1e-02,2e-02) | 7.50e+01 |  3:1.1e-04 10:7.7e-04
  593 ,   5931 : 1.0822820049494e+01 +(1e-02,2e-02) | 7.62e+01 |  3:9.6e-05 10:7.1e-04
  594 ,   5941 : 1.0824470661323e+01 +(1e-02,2e-02) | 7.61e+01 |  3:8.7e-05 10:6.4e-04
  595 ,   5951 : 1.0829510267195e+01 +(7e-03,1e-02) | 7.54e+01 |  3:8.3e-05 10:6.1e-04
  596 ,   5961 : 1.0824307934828e+01 +(1e-02,2e-02) | 7.71e+01 |  3:8.0e-05 10:5.9e-04
  597 ,   5971 : 1.0822882994580e+01 +(9e-03,2e-02) | 7.82e+01 |  3:7.9e-05 10:5.9e-04
  598 ,   5981 : 1.0827674260522e+01 +(8e-03,2e-02) | 8.01e+01 |  3:8.0e-05 10:6.1e-04
  599 ,   5991 : 1.0830015860929e+01 +(8e-03,2e-02) | 8.26e+01 |  3:8.8e-05 10:7.0e-04
Iterat, #Fevals:   Function Value    (median,worst) |Axis Ratio|idx:Min SD idx:Max SD
  600 ,   6001 : 1.0830157959641e+01 +(5e-03,8e-03) | 8.45e+01 |  3:9.4e-05 10:7.7e-04
  601 ,   6011 : 1.0828517724971e+01 +(7e-03,2e-02) | 8.53e+01 |  3:9.3e-05 10:7.7e-04
  602 ,   6021 : 1.0820382658499e+01 +(2e-02,3e-02) | 8.56e+01 |  3:8.6e-05 10:7.2e-04
  603 ,   6031 : 1.0829145792061e+01 +(6e-03,1e-02) | 8.55e+01 |  3:8.5e-05 10:7.0e-04
  604 ,   6041 : 1.0830139867669e+01 +(8e-03,2e-02) | 8.58e+01 |  3:8.2e-05 10:6.7e-04
  605 ,   6051 : 1.0827779283131e+01 +(7e-03,2e-02) | 8.62e+01 |  3:7.7e-05 10:6.4e-04
  606 ,   6061 : 1.0829570551075e+01 +(4e-03,1e-02) | 8.49e+01 |  3:7.1e-05 10:5.9e-04
  607 ,   6071 : 1.0830394047037e+01 +(6e-03,1e-02) | 8.52e+01 |  3:6.9e-05 10:5.6e-04
  608 ,   6081 : 1.0828938830732e+01 +(8e-03,2e-02) | 8.97e+01 |  3:6.6e-05 10:5.6e-04
  609 ,   6091 : 1.0829517264671e+01 +(6e-03,1e-02) | 8.97e+01 |  3:6.1e-05 10:5.1e-04
Iterat, #Fevals:   Function Value    (median,worst) |Axis Ratio|idx:Min SD idx:Max SD
  610 ,   6101 : 1.0827837008973e+01 +(9e-03,1e-02) | 9.03e+01 |  3:5.9e-05 10:5.0e-04
  611 ,   6111 : 1.0826175005280e+01 +(1e-02,2e-02) | 9.03e+01 |  3:6.1e-05 10:5.1e-04
  612 ,   6121 : 1.0829033024472e+01 +(9e-03,2e-02) | 9.37e+01 |  3:5.8e-05 10:5.0e-04
  613 ,   6131 : 1.0827266231748e+01 +(8e-03,3e-02) | 9.39e+01 |  3:5.4e-05 10:4.7e-04
  614 ,   6141 : 1.0832470290617e+01 +(2e-03,9e-03) | 9.41e+01 |  3:5.3e-05 10:4.5e-04
  615 ,   6151 : 1.0826917262975e+01 +(5e-03,1e-02) | 9.36e+01 |  3:4.9e-05 10:4.2e-04
  616 ,   6161 : 1.0830162577986e+01 +(6e-03,1e-02) | 9.33e+01 |  3:4.3e-05 10:3.7e-04
  617 ,   6171 : 1.0826604301317e+01 +(8e-03,1e-02) | 9.50e+01 |  3:4.4e-05 10:3.8e-04
  618 ,   6181 : 1.0822593726756e+01 +(1e-02,2e-02) | 9.66e+01 |  3:4.4e-05 10:3.8e-04
  619 ,   6191 : 1.0829512420963e+01 +(5e-03,1e-02) | 9.65e+01 |  3:4.3e-05 10:3.7e-04
Iterat, #Fevals:   Function Value    (median,worst) |Axis Ratio|idx:Min SD idx:Max SD
  620 ,   6201 : 1.0815337711389e+01 +(2e-02,3e-02) | 9.68e+01 |  3:4.1e-05 10:3.5e-04
  621 ,   6211 : 1.0828447275203e+01 +(7e-03,1e-02) | 9.66e+01 |  3:3.7e-05 10:3.2e-04
  622 ,   6221 : 1.0828195986472e+01 +(5e-03,1e-02) | 9.71e+01 |  3:3.8e-05 10:3.2e-04
  623 ,   6231 : 1.0832430804822e+01 +(5e-03,8e-03) | 9.82e+01 |  3:3.7e-05 10:3.1e-04
  624 ,   6241 : 1.0827334640026e+01 +(9e-03,2e-02) | 9.96e+01 |  3:3.6e-05 10:3.1e-04
  625 ,   6251 : 1.0829597530341e+01 +(6e-03,3e-02) | 1.00e+02 |  3:3.7e-05 10:3.2e-04
  626 ,   6261 : 1.0827730239755e+01 +(8e-03,2e-02) | 1.00e+02 |  3:3.8e-05 10:3.4e-04
  627 ,   6271 : 1.0831449930919e+01 +(7e-03,1e-02) | 1.00e+02 |  3:3.8e-05 10:3.3e-04
  628 ,   6281 : 1.0826622787053e+01 +(7e-03,2e-02) | 1.02e+02 |  3:3.7e-05 10:3.3e-04
  629 ,   6291 : 1.0829545389220e+01 +(8e-03,2e-02) | 1.01e+02 |  3:3.8e-05 10:3.4e-04
Iterat, #Fevals:   Function Value    (median,worst) |Axis Ratio|idx:Min SD idx:Max SD
  630 ,   6301 : 1.0833451479931e+01 +(3e-03,9e-03) | 1.01e+02 |  3:3.7e-05 10:3.3e-04
  631 ,   6311 : 1.0831189717686e+01 +(4e-03,9e-03) | 1.00e+02 |  3:3.4e-05 10:3.1e-04
  632 ,   6321 : 1.0816907511630e+01 +(2e-02,2e-02) | 1.00e+02 |  3:3.2e-05 10:2.9e-04
  633 ,   6331 : 1.0825687024269e+01 +(1e-02,2e-02) | 1.06e+02 |  3:3.2e-05 10:3.0e-04
  634 ,   6341 : 1.0826127515868e+01 +(6e-03,2e-02) | 1.08e+02 |  3:3.2e-05 10:2.9e-04
  635 ,   6351 : 1.0825301793145e+01 +(8e-03,2e-02) | 1.09e+02 |  3:3.0e-05 10:2.7e-04
  636 ,   6361 : 1.0829870765086e+01 +(7e-03,2e-02) | 1.09e+02 |  3:3.0e-05 10:2.7e-04
  637 ,   6371 : 1.0824887841594e+01 +(1e-02,2e-02) | 1.08e+02 |  3:2.9e-05 10:2.6e-04
  638 ,   6381 : 1.0828496403884e+01 +(7e-03,1e-02) | 1.10e+02 |  3:2.9e-05 10:2.6e-04
  639 ,   6391 : 1.0825979332251e+01 +(9e-03,1e-02) | 1.09e+02 |  3:3.0e-05 10:2.6e-04
Iterat, #Fevals:   Function Value    (median,worst) |Axis Ratio|idx:Min SD idx:Max SD
  640 ,   6401 : 1.0826680277857e+01 +(6e-03,1e-02) | 1.10e+02 |  3:3.0e-05 10:2.6e-04
  641 ,   6411 : 1.0824764831374e+01 +(1e-02,1e-02) | 1.09e+02 |  3:2.9e-05 10:2.5e-04
  642 ,   6421 : 1.0827496136530e+01 +(7e-03,1e-02) | 1.09e+02 |  3:2.8e-05 10:2.4e-04
  643 ,   6431 : 1.0830267259483e+01 +(5e-03,1e-02) | 1.11e+02 |  3:2.5e-05 10:2.2e-04
  644 ,   6441 : 1.0826667464890e+01 +(8e-03,1e-02) | 1.10e+02 |  3:2.2e-05 10:1.9e-04
  645 ,   6451 : 1.0832770218506e+01 +(2e-03,8e-03) | 1.07e+02 |  3:2.1e-05 10:1.8e-04
  646 ,   6461 : 1.0829181611988e+01 +(4e-03,1e-02) | 1.05e+02 |  3:2.1e-05 10:1.8e-04
  647 ,   6471 : 1.0827169512383e+01 +(1e-02,2e-02) | 1.07e+02 |  3:2.1e-05 10:1.8e-04
  648 ,   6481 : 1.0823653738563e+01 +(8e-03,2e-02) | 1.07e+02 |  3:1.9e-05 10:1.7e-04
  649 ,   6491 : 1.0827121917938e+01 +(1e-02,1e-02) | 1.08e+02 |  3:1.7e-05 10:1.5e-04
Iterat, #Fevals:   Function Value    (median,worst) |Axis Ratio|idx:Min SD idx:Max SD
  650 ,   6501 : 1.0828387790324e+01 +(7e-03,1e-02) | 1.08e+02 |  3:1.7e-05 10:1.5e-04
  651 ,   6511 : 1.0829585911198e+01 +(7e-03,2e-02) | 1.06e+02 |  3:1.6e-05 10:1.4e-04
  652 ,   6521 : 1.0825848680942e+01 +(8e-03,1e-02) | 1.06e+02 |  3:1.5e-05 10:1.3e-04
  653 ,   6531 : 1.0825974040923e+01 +(8e-03,2e-02) | 1.05e+02 |  3:1.4e-05 10:1.2e-04
  654 ,   6541 : 1.0830643562371e+01 +(6e-03,2e-02) | 1.06e+02 |  3:1.3e-05 10:1.2e-04
  655 ,   6551 : 1.0821392592416e+01 +(1e-02,3e-02) | 1.07e+02 |  3:1.3e-05 10:1.2e-04
  656 ,   6561 : 1.0825700140910e+01 +(7e-03,2e-02) | 1.01e+02 |  3:1.4e-05 10:1.3e-04
  657 ,   6571 : 1.0824901705699e+01 +(1e-02,2e-02) | 9.68e+01 |  3:1.5e-05 10:1.3e-04
  658 ,   6581 : 1.0830638771983e+01 +(6e-03,9e-03) | 9.65e+01 |  3:1.4e-05 10:1.3e-04
  659 ,   6591 : 1.0828754922369e+01 +(6e-03,1e-02) | 9.52e+01 |  3:1.5e-05 10:1.3e-04
Iterat, #Fevals:   Function Value    (median,worst) |Axis Ratio|idx:Min SD idx:Max SD
  660 ,   6601 : 1.0826549299811e+01 +(8e-03,1e-02) | 9.83e+01 |  3:1.5e-05 10:1.4e-04
  661 ,   6611 : 1.0828896505712e+01 +(7e-03,1e-02) | 9.90e+01 |  3:1.4e-05 10:1.4e-04
  662 ,   6621 : 1.0831070658066e+01 +(3e-03,1e-02) | 9.79e+01 |  3:1.3e-05 10:1.2e-04
  663 ,   6631 : 1.0827394457999e+01 +(7e-03,2e-02) | 9.76e+01 |  3:1.2e-05 10:1.2e-04
  664 ,   6641 : 1.0829044704611e+01 +(6e-03,1e-02) | 9.75e+01 |  3:1.1e-05 10:1.1e-04
  665 ,   6651 : 1.0814060987151e+01 +(2e-02,3e-02) | 9.52e+01 |  3:1.1e-05 10:1.0e-04
  666 ,   6661 : 1.0826168909382e+01 +(9e-03,2e-02) | 9.47e+01 |  3:1.1e-05 10:1.0e-04
  667 ,   6671 : 1.0827808765211e+01 +(6e-03,1e-02) | 9.57e+01 |  3:1.0e-05 10:1.0e-04
#Fevals:   f(returned x)   |    bestever.f     | stopflag (saved to variablescmaes104.mat)
   6672: 1.08278087652e+01 | 1.08119122626e+01 | stagnation
mean solution: +1.8e+01 +2.6e+00 +9.5e-01 +1.4e+00 +4.5e+00 +1.1e+01 +3.7e+00 +6.1e-01 +1.1e+00 +1.1e+00
std deviation:  5.0e-05  1.6e-05  1.0e-05  3.4e-05  3.1e-05  3.9e-05  3.2e-05  4.1e-05  2.3e-05  1.0e-04
use plotcmaesdat.m for plotting the output at any time (option LogModulo must not be zero)
