
                            < M A T L A B (R) >
                  Copyright 1984-2015 The MathWorks, Inc.
                   R2015a (8.5.0.197613) 64-bit (glnxa64)
                             February 12, 2015

 
For online documentation, see http://www.mathworks.com/support
For product information, visit www.mathworks.com.
 

	Academic License

  n=10: (5,10)-CMA-ES(w=[46 27 16 9 3]%, mu_eff=3.2) on function Error
Iterat, #Fevals:   Function Value    (median,worst) |Axis Ratio|idx:Min SD idx:Max SD
    1 ,     11 : 4.2531315059145e+01 +(8e+04,5e+16) | 1.99e+01 |  3:7.7e-01  8:1.5e+01
    2 ,     21 : 4.2795119292158e+01 +(3e-02,3e+02) | 1.99e+01 |  3:7.7e-01  8:1.5e+01
    3 ,     31 : 4.0550204308788e+01 +(2e+00,9e+09) | 2.02e+01 |  3:7.7e-01  8:1.5e+01
    4 ,     41 : 7.3120865408664e+00 +(4e+01,4e+01) | 2.01e+01 |  3:7.7e-01  9:1.5e+01
    5 ,     51 : 9.9679651029466e+00 +(3e+01,5e+06) | 2.02e+01 |  3:8.3e-01  8:1.6e+01
    6 ,     61 : 1.3667610742166e+01 +(1e+02,5e+05) | 2.09e+01 |  3:8.5e-01  9:1.7e+01
    7 ,     71 : 9.1841138719849e+00 +(3e+01,5e+05) | 2.09e+01 |  3:8.2e-01  9:1.6e+01
    8 ,     81 : 1.0199214778057e+01 +(3e+01,4e+13) | 2.12e+01 |  3:7.8e-01  9:1.6e+01
    9 ,     91 : 1.5421979949257e+01 +(3e+01,9e+04) | 2.21e+01 |  3:7.8e-01  9:1.6e+01
Iterat, #Fevals:   Function Value    (median,worst) |Axis Ratio|idx:Min SD idx:Max SD
   10 ,    101 : 2.4744391379746e+01 +(2e+01,2e+07) | 2.24e+01 |  3:8.0e-01  8:1.7e+01
   11 ,    111 : 1.9207105030089e+01 +(2e+01,2e+07) | 2.29e+01 |  3:9.0e-01  8:1.9e+01
   12 ,    121 : 1.8354583453597e+01 +(2e+01,2e+06) | 2.35e+01 |  3:9.2e-01  8:1.9e+01
   13 ,    131 : 1.3425629969084e+01 +(3e+01,1e+03) | 2.38e+01 |  3:9.7e-01  8:2.0e+01
   14 ,    141 : 1.8340025993196e+01 +(7e+00,6e+02) | 2.33e+01 |  3:9.5e-01  8:1.9e+01
   15 ,    151 : 1.8967917108673e+01 +(9e+00,1e+02) | 2.43e+01 |  3:9.8e-01  8:2.0e+01
   16 ,    161 : 1.8349280255228e+01 +(6e+00,2e+02) | 2.44e+01 |  3:9.7e-01  8:2.0e+01
   17 ,    171 : 1.6565830980473e+01 +(1e+01,2e+07) | 2.43e+01 |  3:9.0e-01  8:1.9e+01
   18 ,    181 : 1.2582530310527e+01 +(2e+01,2e+06) | 2.39e+01 |  3:8.9e-01  8:1.9e+01
   19 ,    191 : 1.0024045861057e+01 +(2e+01,9e+01) | 2.37e+01 |  3:9.8e-01  8:2.0e+01
Iterat, #Fevals:   Function Value    (median,worst) |Axis Ratio|idx:Min SD idx:Max SD
   20 ,    201 : 9.3117562536054e+00 +(9e+00,5e+01) | 2.32e+01 |  3:1.0e+00  8:2.1e+01
   21 ,    211 : 1.0439215701406e+01 +(6e+00,5e+06) | 2.31e+01 |  3:1.1e+00  8:2.1e+01
   22 ,    221 : 1.0113265922552e+01 +(2e+01,3e+05) | 2.26e+01 |  3:1.0e+00  8:2.0e+01
   23 ,    231 : 9.4273052302420e+00 +(1e+01,2e+07) | 2.22e+01 |  3:9.4e-01  8:1.8e+01
   24 ,    241 : 9.4921949595157e+00 +(6e+00,3e+03) | 2.24e+01 |  3:9.0e-01  8:1.7e+01
   25 ,    251 : 9.2169029527194e+00 +(2e+01,3e+03) | 2.25e+01 |  3:8.3e-01  8:1.5e+01
   26 ,    261 : 1.0647334067002e+01 +(1e+01,2e+02) | 2.26e+01 |  3:8.0e-01  9:1.5e+01
   27 ,    271 : 9.7463051370222e+00 +(2e+01,2e+02) | 2.24e+01 |  3:7.2e-01  9:1.3e+01
   28 ,    281 : 1.1222097934501e+01 +(5e+01,4e+03) | 2.23e+01 |  3:7.0e-01  9:1.3e+01
   29 ,    291 : 9.6699274849939e+00 +(1e+01,2e+03) | 2.26e+01 |  3:7.5e-01  9:1.4e+01
Iterat, #Fevals:   Function Value    (median,worst) |Axis Ratio|idx:Min SD idx:Max SD
   30 ,    301 : 1.0946245835670e+01 +(2e+01,3e+06) | 2.26e+01 |  3:7.4e-01  9:1.4e+01
   31 ,    311 : 9.9619120292231e+00 +(2e+01,3e+02) | 2.29e+01 |  3:7.1e-01  9:1.3e+01
   32 ,    321 : 1.0743720233066e+01 +(7e+00,8e+02) | 2.28e+01 |  3:7.0e-01  9:1.3e+01
   33 ,    331 : 1.0123586152449e+01 +(1e+01,3e+05) | 2.46e+01 |  3:7.0e-01  9:1.4e+01
   34 ,    341 : 1.1758817450211e+01 +(8e+00,9e+06) | 2.50e+01 |  3:6.5e-01  9:1.3e+01
   35 ,    351 : 1.1384339260783e+01 +(5e+00,3e+02) | 2.61e+01 |  3:6.0e-01  9:1.2e+01
   36 ,    361 : 9.4119338478800e+00 +(4e+00,1e+04) | 2.68e+01 |  3:6.0e-01  9:1.3e+01
   37 ,    371 : 9.7003442258165e+00 +(3e+00,2e+06) | 2.71e+01 |  3:5.2e-01  9:1.1e+01
   38 ,    381 : 9.2112210046741e+00 +(9e+00,1e+02) | 2.77e+01 |  3:4.8e-01  9:1.1e+01
   39 ,    391 : 9.1433161541933e+00 +(3e+00,3e+02) | 2.78e+01 |  3:4.7e-01  9:1.0e+01
Iterat, #Fevals:   Function Value    (median,worst) |Axis Ratio|idx:Min SD idx:Max SD
   40 ,    401 : 9.1235808758844e+00 +(1e+00,3e+01) | 2.84e+01 |  3:4.5e-01  9:9.7e+00
   41 ,    411 : 9.7003450535717e+00 +(5e+00,7e+01) | 2.85e+01 |  3:4.4e-01  9:9.4e+00
   42 ,    421 : 9.4434833674231e+00 +(3e+00,2e+01) | 2.86e+01 |  3:4.1e-01  9:8.7e+00
   43 ,    431 : 9.1605674841019e+00 +(1e+00,2e+01) | 2.87e+01 |  3:3.7e-01  9:8.1e+00
   44 ,    441 : 9.3890866053900e+00 +(5e+00,4e+01) | 2.90e+01 |  3:3.3e-01  9:7.2e+00
   45 ,    451 : 9.1872928841415e+00 +(3e+00,8e+01) | 2.95e+01 |  3:3.1e-01  9:6.8e+00
   46 ,    461 : 9.3561801936245e+00 +(2e+00,5e+00) | 2.98e+01 |  3:2.8e-01  9:6.1e+00
   47 ,    471 : 8.9369278152255e+00 +(2e+00,1e+01) | 3.12e+01 |  3:2.8e-01  9:6.2e+00
   48 ,    481 : 9.7489536262394e+00 +(5e+00,3e+01) | 3.20e+01 |  3:2.8e-01  9:6.3e+00
   49 ,    491 : 8.9520546939926e+00 +(3e+00,4e+01) | 3.21e+01 |  3:2.7e-01  9:6.1e+00
Iterat, #Fevals:   Function Value    (median,worst) |Axis Ratio|idx:Min SD idx:Max SD
   50 ,    501 : 9.2316971609352e+00 +(2e+00,7e+00) | 3.23e+01 |  3:2.5e-01  9:5.6e+00
   51 ,    511 : 9.4358561480009e+00 +(2e+00,1e+01) | 3.27e+01 |  3:2.2e-01  9:5.0e+00
   52 ,    521 : 9.4917714048125e+00 +(2e+00,1e+01) | 3.30e+01 |  3:2.1e-01  9:4.9e+00
   53 ,    531 : 9.3978208961221e+00 +(3e-01,3e+00) | 3.31e+01 |  3:1.9e-01  9:4.3e+00
   54 ,    541 : 9.3897000160146e+00 +(5e-01,7e+00) | 3.28e+01 |  3:1.8e-01  9:4.1e+00
   55 ,    551 : 9.2247533357716e+00 +(1e+00,7e+00) | 3.37e+01 |  3:1.8e-01  9:4.1e+00
   56 ,    561 : 9.0767321892457e+00 +(4e-01,5e+00) | 3.47e+01 |  3:2.0e-01  9:4.5e+00
   57 ,    571 : 8.4392223179572e+00 +(1e+00,5e+01) | 3.49e+01 |  3:2.3e-01  9:5.3e+00
   58 ,    581 : 8.7538445906970e+00 +(2e+00,6e+00) | 3.60e+01 |  3:2.6e-01  9:6.1e+00
   59 ,    591 : 7.5122664003507e+00 +(3e+00,1e+01) | 3.74e+01 |  3:2.8e-01  9:6.6e+00
Iterat, #Fevals:   Function Value    (median,worst) |Axis Ratio|idx:Min SD idx:Max SD
   60 ,    601 : 7.6381638580043e+00 +(2e+00,4e+01) | 3.84e+01 |  3:2.7e-01  9:6.5e+00
   61 ,    611 : 8.8491669463520e+00 +(8e+00,2e+02) | 3.87e+01 |  3:2.7e-01  9:6.5e+00
   62 ,    621 : 7.4909015769022e+00 +(2e+00,9e+02) | 3.83e+01 |  3:2.7e-01  9:6.5e+00
   63 ,    631 : 8.5069321798389e+00 +(2e+00,2e+01) | 3.84e+01 |  3:2.5e-01  9:6.1e+00
   64 ,    641 : 9.0832816798668e+00 +(4e+00,2e+01) | 3.80e+01 |  3:2.3e-01  9:5.7e+00
   65 ,    651 : 8.9655328224235e+00 +(5e+00,3e+01) | 3.76e+01 |  3:2.2e-01  9:5.4e+00
   66 ,    661 : 8.5218514711117e+00 +(3e-01,2e+01) | 3.74e+01 |  3:2.1e-01  9:5.0e+00
   67 ,    671 : 9.0417884628520e+00 +(2e+00,2e+01) | 3.73e+01 |  3:1.9e-01  9:4.7e+00
   68 ,    681 : 8.3564599839450e+00 +(1e+00,3e+01) | 3.71e+01 |  3:1.9e-01  9:4.6e+00
   69 ,    691 : 7.7792280925625e+00 +(1e+00,1e+01) | 3.84e+01 |  3:1.8e-01  9:4.5e+00
Iterat, #Fevals:   Function Value    (median,worst) |Axis Ratio|idx:Min SD idx:Max SD
   70 ,    701 : 7.3737844504515e+00 +(2e+00,2e+01) | 3.90e+01 |  3:1.8e-01  9:4.6e+00
   71 ,    711 : 8.0063141505155e+00 +(5e+00,3e+01) | 3.83e+01 |  3:1.7e-01  9:4.4e+00
   72 ,    721 : 7.7328803777657e+00 +(1e+00,6e+00) | 3.87e+01 |  3:1.7e-01  9:4.4e+00
   73 ,    731 : 7.0555882596128e+00 +(3e+00,2e+01) | 3.83e+01 |  3:1.7e-01  9:4.4e+00
   74 ,    741 : 7.2096105828605e+00 +(4e+00,4e+01) | 3.76e+01 |  3:1.8e-01  9:4.5e+00
   75 ,    751 : 7.2306903111649e+00 +(2e+00,1e+01) | 3.75e+01 |  3:1.9e-01  9:4.6e+00
   76 ,    761 : 7.6736362402095e+00 +(4e+00,2e+01) | 3.76e+01 |  3:2.0e-01  9:4.8e+00
   77 ,    771 : 9.0610279998818e+00 +(5e+00,3e+01) | 3.96e+01 |  3:2.4e-01  9:5.6e+00
   78 ,    781 : 8.2076194082793e+00 +(2e+00,3e+01) | 3.94e+01 |  3:2.7e-01  9:6.1e+00
   79 ,    791 : 7.8287664239589e+00 +(8e-01,8e+01) | 3.87e+01 |  3:2.5e-01  9:5.6e+00
Iterat, #Fevals:   Function Value    (median,worst) |Axis Ratio|idx:Min SD idx:Max SD
   80 ,    801 : 7.1377579615755e+00 +(2e+00,5e+00) | 3.84e+01 |  3:2.3e-01  9:5.2e+00
   81 ,    811 : 7.2900298964803e+00 +(3e+00,5e+01) | 3.91e+01 |  3:2.2e-01  9:5.1e+00
   82 ,    821 : 6.2961353452540e+00 +(3e+00,2e+01) | 3.97e+01 |  3:2.1e-01  9:4.8e+00
   83 ,    831 : 6.1219080807497e+00 +(6e+00,2e+01) | 3.99e+01 |  3:2.0e-01  9:4.7e+00
   84 ,    841 : 6.4481710598713e+00 +(6e+00,4e+02) | 3.90e+01 |  3:1.9e-01  9:4.3e+00
   85 ,    851 : 5.9631356002020e+00 +(2e+00,5e+00) | 3.90e+01 |  3:1.8e-01  9:4.2e+00
   86 ,    861 : 6.0083662628054e+00 +(2e+00,9e+00) | 3.88e+01 |  3:1.8e-01  9:4.0e+00
   87 ,    871 : 6.5057090987024e+00 +(3e+00,3e+01) | 3.81e+01 |  3:1.7e-01  9:3.8e+00
   88 ,    881 : 6.2689069801428e+00 +(4e+00,4e+01) | 3.85e+01 |  3:1.6e-01  9:3.6e+00
   89 ,    891 : 6.4404943558194e+00 +(6e+00,5e+03) | 3.90e+01 |  3:1.5e-01  9:3.4e+00
Iterat, #Fevals:   Function Value    (median,worst) |Axis Ratio|idx:Min SD idx:Max SD
   90 ,    901 : 6.7801098449453e+00 +(3e+00,4e+01) | 3.80e+01 |  3:1.6e-01  9:3.5e+00
   91 ,    911 : 6.8829125536837e+00 +(1e+00,2e+01) | 3.75e+01 |  3:1.5e-01  9:3.3e+00
   92 ,    921 : 6.5830288800726e+00 +(3e+00,4e+01) | 3.74e+01 |  3:1.5e-01  9:3.2e+00
   93 ,    931 : 6.0513000198420e+00 +(2e+00,2e+01) | 3.75e+01 |  3:1.5e-01  9:3.1e+00
   94 ,    941 : 6.2343184990342e+00 +(1e+00,1e+01) | 3.75e+01 |  3:1.4e-01  9:3.0e+00
   95 ,    951 : 5.9955776616113e+00 +(1e+00,1e+01) | 3.77e+01 |  3:1.3e-01  9:2.8e+00
   96 ,    961 : 6.1297076703891e+00 +(1e+00,2e+01) | 3.71e+01 |  3:1.2e-01  9:2.5e+00
   97 ,    971 : 7.0171997593312e+00 +(1e+00,2e+01) | 3.79e+01 |  3:1.1e-01  9:2.3e+00
   98 ,    981 : 6.0646003372357e+00 +(5e-01,5e+00) | 3.79e+01 |  3:1.1e-01  9:2.2e+00
   99 ,    991 : 6.0776353353672e+00 +(4e-01,4e+00) | 3.80e+01 |  3:1.1e-01  9:2.2e+00
Iterat, #Fevals:   Function Value    (median,worst) |Axis Ratio|idx:Min SD idx:Max SD
  100 ,   1001 : 5.8886334880598e+00 +(2e+00,3e+03) | 3.70e+01 |  3:1.0e-01  9:2.1e+00
  101 ,   1011 : 6.0451231619771e+00 +(1e+00,2e+01) | 3.72e+01 |  3:9.6e-02  9:2.0e+00
  102 ,   1021 : 5.8891721546484e+00 +(4e-01,5e+00) | 3.70e+01 |  3:9.7e-02  9:1.9e+00
  103 ,   1031 : 6.0860082230113e+00 +(4e-01,3e+00) | 3.72e+01 |  3:9.5e-02  9:1.9e+00
  104 ,   1041 : 5.8705443929135e+00 +(1e+00,6e+00) | 3.66e+01 |  3:8.6e-02  9:1.7e+00
  105 ,   1051 : 6.1827688340313e+00 +(5e-01,1e+00) | 3.62e+01 |  3:8.3e-02  9:1.6e+00
  106 ,   1061 : 5.9333199660889e+00 +(3e-01,2e+00) | 3.60e+01 |  3:8.5e-02  9:1.7e+00
  107 ,   1071 : 6.0121442804743e+00 +(4e-01,2e+00) | 3.60e+01 |  3:9.2e-02  9:1.8e+00
  108 ,   1081 : 5.9973484184765e+00 +(6e-01,4e+00) | 3.61e+01 |  3:1.0e-01  9:2.0e+00
  109 ,   1091 : 6.0022469159283e+00 +(9e-01,1e+01) | 3.46e+01 |  3:1.1e-01  9:2.1e+00
Iterat, #Fevals:   Function Value    (median,worst) |Axis Ratio|idx:Min SD idx:Max SD
  110 ,   1101 : 5.9250230925461e+00 +(2e+00,4e+00) | 3.43e+01 |  3:1.0e-01  9:2.1e+00
  111 ,   1111 : 6.5997007307197e+00 +(6e+00,5e+01) | 3.47e+01 |  3:1.1e-01  9:2.1e+00
  112 ,   1121 : 6.3492343055964e+00 +(2e+00,9e+00) | 3.48e+01 |  3:1.0e-01  9:2.1e+00
  113 ,   1131 : 5.8682585537824e+00 +(8e-01,2e+00) | 3.46e+01 |  3:1.0e-01  9:2.1e+00
  114 ,   1141 : 5.9464648856226e+00 +(1e+00,6e+00) | 3.46e+01 |  3:1.1e-01  9:2.2e+00
  115 ,   1151 : 5.8697061047517e+00 +(1e+00,1e+01) | 3.43e+01 |  3:1.2e-01  9:2.3e+00
  116 ,   1161 : 6.0189587735795e+00 +(2e+00,2e+01) | 3.38e+01 |  3:1.2e-01  9:2.4e+00
  117 ,   1171 : 5.8377836461140e+00 +(3e+00,3e+01) | 3.23e+01 |  3:1.2e-01  9:2.3e+00
  118 ,   1181 : 6.2355314998351e+00 +(3e+00,3e+01) | 3.21e+01 |  3:1.1e-01  9:2.1e+00
  119 ,   1191 : 6.1060469267125e+00 +(2e+00,4e+01) | 3.14e+01 |  3:1.0e-01  9:2.0e+00
Iterat, #Fevals:   Function Value    (median,worst) |Axis Ratio|idx:Min SD idx:Max SD
  120 ,   1201 : 5.8676297117734e+00 +(2e+00,4e+01) | 3.16e+01 |  3:9.8e-02  9:1.9e+00
  121 ,   1211 : 6.0061719013544e+00 +(1e+00,2e+00) | 3.15e+01 |  3:1.0e-01  9:1.9e+00
  122 ,   1221 : 5.8487454395608e+00 +(3e-01,7e+00) | 3.15e+01 |  3:1.0e-01  9:2.0e+00
  123 ,   1231 : 6.0384241376627e+00 +(6e-01,1e+01) | 3.13e+01 |  3:1.1e-01  9:2.1e+00
  124 ,   1241 : 5.8148354918958e+00 +(1e+00,4e+00) | 3.10e+01 |  3:1.1e-01  9:2.1e+00
  125 ,   1251 : 5.8408695431396e+00 +(2e+00,8e+00) | 2.96e+01 |  3:1.2e-01  9:2.2e+00
  126 ,   1261 : 5.9658586106037e+00 +(1e+00,6e+01) | 2.93e+01 |  3:1.2e-01  9:2.3e+00
  127 ,   1271 : 5.7863053454493e+00 +(6e-01,4e+00) | 2.94e+01 |  3:1.3e-01  9:2.4e+00
  128 ,   1281 : 5.8457686161750e+00 +(2e-01,3e+00) | 2.92e+01 |  3:1.3e-01  9:2.5e+00
  129 ,   1291 : 5.7586845043074e+00 +(2e+00,7e+01) | 2.87e+01 |  3:1.3e-01  9:2.4e+00
Iterat, #Fevals:   Function Value    (median,worst) |Axis Ratio|idx:Min SD idx:Max SD
  130 ,   1301 : 5.8391322618911e+00 +(8e-01,2e+01) | 2.84e+01 |  3:1.2e-01  9:2.2e+00
  131 ,   1311 : 5.8851813873093e+00 +(6e-01,9e+00) | 2.75e+01 |  3:1.1e-01  9:2.1e+00
  132 ,   1321 : 5.9269847189502e+00 +(3e-01,3e+00) | 2.74e+01 |  3:1.1e-01  9:2.0e+00
  133 ,   1331 : 5.7774180833910e+00 +(4e-01,2e+00) | 2.71e+01 |  3:1.0e-01  9:1.9e+00
  134 ,   1341 : 5.8099329389545e+00 +(5e-01,1e+01) | 2.66e+01 |  3:1.0e-01  9:1.8e+00
  135 ,   1351 : 5.7708772851177e+00 +(7e-01,2e+00) | 2.64e+01 |  3:1.0e-01  9:1.8e+00
  136 ,   1361 : 5.7834814068013e+00 +(5e-01,2e+00) | 2.63e+01 |  3:9.8e-02  9:1.7e+00
  137 ,   1371 : 6.1124160340071e+00 +(1e+00,5e+00) | 2.62e+01 |  3:8.5e-02  9:1.5e+00
  138 ,   1381 : 5.7816117418178e+00 +(2e-01,3e+00) | 2.57e+01 |  3:7.6e-02  9:1.4e+00
  139 ,   1391 : 5.7639873463003e+00 +(4e-01,3e+00) | 2.55e+01 |  3:7.6e-02  9:1.3e+00
Iterat, #Fevals:   Function Value    (median,worst) |Axis Ratio|idx:Min SD idx:Max SD
  140 ,   1401 : 5.7733779089950e+00 +(3e-01,3e+00) | 2.49e+01 |  3:6.9e-02  9:1.2e+00
  141 ,   1411 : 5.8177175997505e+00 +(2e-01,5e+00) | 2.48e+01 |  3:6.2e-02  9:1.1e+00
  142 ,   1421 : 5.7642124471112e+00 +(1e-01,3e+00) | 2.42e+01 |  3:6.1e-02  9:1.0e+00
  143 ,   1431 : 5.8349687240762e+00 +(1e-01,2e+00) | 2.43e+01 |  3:5.9e-02  9:1.0e+00
  144 ,   1441 : 5.7946515998985e+00 +(5e-01,4e+00) | 2.45e+01 |  3:6.3e-02  9:1.0e+00
  145 ,   1451 : 5.8102498587938e+00 +(2e-01,1e+00) | 2.40e+01 |  3:6.7e-02  9:1.1e+00
  146 ,   1461 : 5.8108026314878e+00 +(6e-01,2e+00) | 2.40e+01 |  3:6.8e-02  9:1.1e+00
  147 ,   1471 : 5.7749630227845e+00 +(3e-01,1e+00) | 2.39e+01 |  3:5.9e-02  9:9.7e-01
  148 ,   1481 : 5.7730487411647e+00 +(7e-02,1e+00) | 2.34e+01 |  3:5.7e-02  9:9.3e-01
  149 ,   1491 : 5.8587408246270e+00 +(2e-01,1e+00) | 2.33e+01 |  3:6.1e-02  9:9.9e-01
Iterat, #Fevals:   Function Value    (median,worst) |Axis Ratio|idx:Min SD idx:Max SD
  150 ,   1501 : 5.8593462375300e+00 +(4e-01,9e-01) | 2.35e+01 |  3:5.8e-02  9:9.4e-01
  151 ,   1511 : 5.7863873223758e+00 +(3e-01,8e-01) | 2.38e+01 |  3:5.6e-02  9:9.1e-01
  152 ,   1521 : 5.7780835570822e+00 +(1e-01,6e-01) | 2.34e+01 |  3:5.5e-02  9:8.7e-01
  153 ,   1531 : 5.7958358754461e+00 +(3e-02,3e-01) | 2.33e+01 |  3:5.6e-02  9:8.8e-01
  154 ,   1541 : 5.7836989702133e+00 +(7e-02,2e-01) | 2.33e+01 |  3:5.8e-02  9:9.0e-01
  155 ,   1551 : 5.7873702500385e+00 +(1e-01,2e+00) | 2.31e+01 |  3:5.8e-02  9:9.0e-01
  156 ,   1561 : 5.8149546461229e+00 +(2e-01,5e-01) | 2.34e+01 |  3:6.3e-02  9:9.8e-01
  157 ,   1571 : 5.7923167405279e+00 +(1e-01,2e+00) | 2.33e+01 |  3:6.6e-02  9:1.0e+00
  158 ,   1581 : 5.8038537681343e+00 +(2e-01,2e+00) | 2.36e+01 |  3:6.9e-02  9:1.0e+00
  159 ,   1591 : 5.7901837184240e+00 +(3e-01,1e+00) | 2.33e+01 |  3:6.6e-02  9:1.0e+00
Iterat, #Fevals:   Function Value    (median,worst) |Axis Ratio|idx:Min SD idx:Max SD
  160 ,   1601 : 5.7652514490932e+00 +(2e-01,4e-01) | 2.27e+01 |  3:6.8e-02  9:9.9e-01
  161 ,   1611 : 5.7817037622949e+00 +(1e-01,7e-01) | 2.31e+01 |  3:6.5e-02  9:9.5e-01
  162 ,   1621 : 5.7948678963636e+00 +(1e-01,4e-01) | 2.39e+01 |  3:6.2e-02  9:9.1e-01
  163 ,   1631 : 5.7854379349831e+00 +(1e-01,7e-01) | 2.43e+01 |  3:6.0e-02  9:8.7e-01
  164 ,   1641 : 5.7934284511783e+00 +(1e-01,1e+00) | 2.40e+01 |  3:5.7e-02  9:8.4e-01
  165 ,   1651 : 5.7703909709167e+00 +(9e-02,5e-01) | 2.49e+01 |  3:5.6e-02  9:8.2e-01
  166 ,   1661 : 5.7582744604100e+00 +(7e-02,4e-01) | 2.67e+01 |  3:6.1e-02 10:9.2e-01
  167 ,   1671 : 5.7803793282997e+00 +(1e-01,3e-01) | 2.72e+01 |  3:5.9e-02 10:9.1e-01
  168 ,   1681 : 5.7814255722509e+00 +(7e-02,7e-01) | 2.69e+01 |  3:6.0e-02 10:9.5e-01
  169 ,   1691 : 5.7713208698838e+00 +(1e-01,6e-01) | 2.62e+01 |  3:6.1e-02 10:9.8e-01
Iterat, #Fevals:   Function Value    (median,worst) |Axis Ratio|idx:Min SD idx:Max SD
  170 ,   1701 : 5.7817094401552e+00 +(1e-01,1e+00) | 2.61e+01 |  3:6.2e-02 10:1.0e+00
  171 ,   1711 : 5.7622759232104e+00 +(9e-02,5e-01) | 2.66e+01 |  3:6.1e-02 10:1.0e+00
  172 ,   1721 : 5.7951592185233e+00 +(7e-02,2e-01) | 2.70e+01 |  3:6.6e-02 10:1.1e+00
  173 ,   1731 : 5.7703863368240e+00 +(9e-02,8e-01) | 2.74e+01 |  3:7.0e-02 10:1.2e+00
  174 ,   1741 : 5.7854354757973e+00 +(2e-01,1e+00) | 2.74e+01 |  3:6.9e-02 10:1.2e+00
  175 ,   1751 : 5.7595191395972e+00 +(1e-01,1e+00) | 2.72e+01 |  3:6.8e-02 10:1.1e+00
  176 ,   1761 : 5.7933191490854e+00 +(2e-01,7e-01) | 2.74e+01 |  3:6.1e-02 10:1.0e+00
  177 ,   1771 : 5.7708669210041e+00 +(6e-02,2e-01) | 2.72e+01 |  3:5.7e-02 10:9.8e-01
  178 ,   1781 : 5.7738640867313e+00 +(2e-01,4e-01) | 2.74e+01 |  3:5.4e-02 10:9.3e-01
  179 ,   1791 : 5.7526484885413e+00 +(2e-01,4e-01) | 2.77e+01 |  3:5.2e-02 10:9.1e-01
Iterat, #Fevals:   Function Value    (median,worst) |Axis Ratio|idx:Min SD idx:Max SD
  180 ,   1801 : 5.7767962153587e+00 +(8e-02,6e-01) | 2.74e+01 |  3:5.3e-02 10:9.3e-01
  181 ,   1811 : 5.7669919241479e+00 +(3e-02,5e-01) | 2.63e+01 |  3:6.0e-02 10:1.0e+00
  182 ,   1821 : 5.7654781842635e+00 +(4e-02,1e+00) | 2.51e+01 |  3:7.1e-02 10:1.1e+00
  183 ,   1831 : 5.7632880307472e+00 +(4e-02,2e-01) | 2.49e+01 |  3:6.8e-02 10:1.1e+00
  184 ,   1841 : 5.7797875108377e+00 +(7e-02,6e-01) | 2.54e+01 |  3:7.0e-02 10:1.1e+00
  185 ,   1851 : 5.7809112019640e+00 +(5e-02,9e-01) | 2.53e+01 |  3:7.0e-02 10:1.1e+00
  186 ,   1861 : 5.7548980742742e+00 +(9e-02,2e-01) | 2.54e+01 |  3:7.1e-02 10:1.1e+00
  187 ,   1871 : 5.7667720378380e+00 +(8e-02,7e-01) | 2.57e+01 |  3:7.1e-02 10:1.1e+00
  188 ,   1881 : 5.7507518137820e+00 +(9e-02,3e-01) | 2.53e+01 |  3:7.0e-02 10:1.1e+00
  189 ,   1891 : 5.7509116957885e+00 +(3e-02,7e-01) | 2.52e+01 |  3:7.0e-02 10:1.1e+00
Iterat, #Fevals:   Function Value    (median,worst) |Axis Ratio|idx:Min SD idx:Max SD
  190 ,   1901 : 5.7493450549696e+00 +(2e-01,9e-01) | 2.50e+01 |  3:6.5e-02 10:1.0e+00
  191 ,   1911 : 5.7552420585436e+00 +(9e-02,7e-01) | 2.49e+01 |  3:5.9e-02 10:8.9e-01
  192 ,   1921 : 5.7553203340261e+00 +(5e-02,3e-01) | 2.49e+01 |  3:5.6e-02 10:8.5e-01
  193 ,   1931 : 5.7536596914527e+00 +(6e-02,3e-01) | 2.49e+01 |  3:5.6e-02 10:8.4e-01
  194 ,   1941 : 5.7427353377234e+00 +(8e-02,5e-01) | 2.48e+01 |  3:5.5e-02 10:8.1e-01
  195 ,   1951 : 5.7411061148094e+00 +(3e-02,7e-01) | 2.48e+01 |  3:5.4e-02 10:7.8e-01
  196 ,   1961 : 5.7520204940823e+00 +(8e-02,6e-01) | 2.50e+01 |  3:5.1e-02 10:7.4e-01
  197 ,   1971 : 5.7464569309232e+00 +(7e-02,8e-01) | 2.48e+01 |  3:4.7e-02 10:6.8e-01
  198 ,   1981 : 5.7565162445145e+00 +(4e-02,2e-01) | 2.58e+01 |  3:4.5e-02 10:6.7e-01
  199 ,   1991 : 5.7435662614016e+00 +(6e-02,5e-01) | 2.61e+01 |  3:4.3e-02 10:6.5e-01
Iterat, #Fevals:   Function Value    (median,worst) |Axis Ratio|idx:Min SD idx:Max SD
  200 ,   2001 : 5.7518531177250e+00 +(5e-02,2e-01) | 2.52e+01 |  3:3.9e-02 10:6.0e-01
  201 ,   2011 : 5.7408515685891e+00 +(1e-02,7e-02) | 2.49e+01 |  3:3.7e-02 10:5.6e-01
  202 ,   2021 : 5.7441170932115e+00 +(3e-02,2e-01) | 2.47e+01 |  3:3.6e-02 10:5.5e-01
  203 ,   2031 : 5.7473101677105e+00 +(2e-02,1e-01) | 2.47e+01 |  3:3.5e-02 10:5.3e-01
  204 ,   2041 : 5.7376788165714e+00 +(4e-02,2e-01) | 2.48e+01 |  3:3.1e-02 10:4.8e-01
  205 ,   2051 : 5.7382020980573e+00 +(4e-02,7e-02) | 2.48e+01 |  3:3.1e-02 10:4.8e-01
  206 ,   2061 : 5.7476190095339e+00 +(3e-02,1e-01) | 2.48e+01 |  3:3.0e-02 10:4.6e-01
  207 ,   2071 : 5.7394219657368e+00 +(2e-02,1e-01) | 2.48e+01 |  3:3.0e-02 10:4.6e-01
  208 ,   2081 : 5.7373444503101e+00 +(3e-02,7e-02) | 2.48e+01 |  3:3.1e-02 10:4.6e-01
  209 ,   2091 : 5.7395513407317e+00 +(2e-02,2e-01) | 2.49e+01 |  3:3.3e-02 10:4.8e-01
Iterat, #Fevals:   Function Value    (median,worst) |Axis Ratio|idx:Min SD idx:Max SD
  210 ,   2101 : 5.7299837261772e+00 +(1e-02,9e-02) | 2.48e+01 |  3:3.2e-02 10:4.5e-01
  211 ,   2111 : 5.7288658156968e+00 +(3e-02,9e-02) | 2.57e+01 |  3:3.3e-02 10:4.8e-01
  212 ,   2121 : 5.7305226173588e+00 +(2e-02,1e-01) | 2.52e+01 |  3:3.5e-02 10:5.1e-01
  213 ,   2131 : 5.7308982485152e+00 +(1e-02,8e-02) | 2.49e+01 |  3:3.6e-02 10:5.0e-01
  214 ,   2141 : 5.7346432777211e+00 +(1e-02,4e-02) | 2.48e+01 |  3:3.6e-02 10:4.9e-01
  215 ,   2151 : 5.7236177729674e+00 +(4e-02,2e-01) | 2.51e+01 |  3:3.4e-02 10:4.7e-01
  216 ,   2161 : 5.7283136363383e+00 +(3e-02,7e-02) | 2.51e+01 |  3:3.4e-02 10:4.6e-01
  217 ,   2171 : 5.7228399840883e+00 +(2e-02,5e-02) | 2.53e+01 |  3:4.0e-02 10:5.2e-01
  218 ,   2181 : 5.7262047548161e+00 +(2e-02,1e-01) | 2.55e+01 |  3:4.1e-02 10:5.3e-01
  219 ,   2191 : 5.7250074038497e+00 +(2e-02,1e-01) | 2.53e+01 |  3:4.0e-02 10:5.1e-01
Iterat, #Fevals:   Function Value    (median,worst) |Axis Ratio|idx:Min SD idx:Max SD
  220 ,   2201 : 5.7292557007221e+00 +(3e-02,3e-01) | 2.53e+01 |  3:4.0e-02 10:5.1e-01
  221 ,   2211 : 5.7411908945672e+00 +(2e-02,6e-02) | 2.55e+01 |  3:3.6e-02 10:4.7e-01
  222 ,   2221 : 5.7210629620501e+00 +(4e-02,1e-01) | 2.54e+01 |  3:3.6e-02 10:4.8e-01
  223 ,   2231 : 5.7270606348454e+00 +(2e-02,7e-02) | 2.49e+01 |  3:3.9e-02 10:5.2e-01
  224 ,   2241 : 5.7290818831221e+00 +(2e-02,5e-02) | 2.51e+01 |  3:3.9e-02 10:5.3e-01
  225 ,   2251 : 5.7226606882771e+00 +(3e-02,4e-02) | 2.46e+01 |  3:3.7e-02 10:4.9e-01
  226 ,   2261 : 5.7205761247144e+00 +(2e-02,1e-01) | 2.46e+01 |  3:3.5e-02 10:4.6e-01
  227 ,   2271 : 5.7246027985066e+00 +(2e-02,8e-02) | 2.51e+01 |  3:3.9e-02 10:5.1e-01
  228 ,   2281 : 5.7286169114411e+00 +(2e-02,2e-01) | 2.58e+01 |  3:4.1e-02 10:5.7e-01
  229 ,   2291 : 5.7257182203438e+00 +(2e-02,2e-01) | 2.63e+01 |  3:4.5e-02 10:6.0e-01
Iterat, #Fevals:   Function Value    (median,worst) |Axis Ratio|idx:Min SD idx:Max SD
  230 ,   2301 : 5.7299906584715e+00 +(4e-02,1e-01) | 2.63e+01 |  3:4.5e-02 10:5.9e-01
  231 ,   2311 : 5.7215521030557e+00 +(6e-02,2e-01) | 2.68e+01 |  3:4.5e-02 10:5.9e-01
  232 ,   2321 : 5.7309863903186e+00 +(7e-02,1e-01) | 2.68e+01 |  3:4.2e-02 10:5.5e-01
  233 ,   2331 : 5.7342981409885e+00 +(2e-02,8e-02) | 2.63e+01 |  3:4.2e-02 10:5.4e-01
  234 ,   2341 : 5.7301195353015e+00 +(4e-02,1e-01) | 2.60e+01 |  3:3.7e-02 10:4.8e-01
  235 ,   2351 : 5.7282795032882e+00 +(3e-02,7e-02) | 2.60e+01 |  3:3.2e-02 10:4.1e-01
  236 ,   2361 : 5.7284099934214e+00 +(2e-02,7e-02) | 2.62e+01 |  3:2.8e-02 10:3.6e-01
  237 ,   2371 : 5.7378851792391e+00 +(7e-03,6e-02) | 2.60e+01 |  3:3.0e-02 10:3.6e-01
  238 ,   2381 : 5.7238241509890e+00 +(2e-02,1e-01) | 2.52e+01 |  3:3.6e-02 10:4.0e-01
  239 ,   2391 : 5.7235690068086e+00 +(3e-02,2e-01) | 2.56e+01 |  3:3.8e-02 10:4.1e-01
Iterat, #Fevals:   Function Value    (median,worst) |Axis Ratio|idx:Min SD idx:Max SD
  240 ,   2401 : 5.7232064337220e+00 +(4e-02,1e-01) | 2.56e+01 |  3:3.6e-02 10:3.9e-01
  241 ,   2411 : 5.7296601745509e+00 +(7e-03,5e-02) | 2.58e+01 |  3:3.7e-02 10:4.0e-01
  242 ,   2421 : 5.7273846770155e+00 +(8e-03,1e-01) | 2.52e+01 |  3:4.0e-02 10:4.2e-01
  243 ,   2431 : 5.7113872025185e+00 +(3e-02,8e-02) | 2.51e+01 |  3:3.8e-02 10:3.9e-01
  244 ,   2441 : 5.7202226124511e+00 +(1e-02,6e-02) | 2.56e+01 |  3:4.1e-02 10:4.0e-01
  245 ,   2451 : 5.7225274879033e+00 +(6e-03,3e-02) | 2.69e+01 |  3:4.3e-02 10:4.4e-01
  246 ,   2461 : 5.7112285158906e+00 +(3e-02,6e-02) | 2.70e+01 |  3:4.6e-02 10:4.6e-01
  247 ,   2471 : 5.7188059891871e+00 +(3e-02,1e-01) | 2.67e+01 |  3:4.5e-02 10:4.4e-01
  248 ,   2481 : 5.7266757693640e+00 +(1e-02,7e-02) | 2.61e+01 |  3:4.4e-02 10:4.2e-01
  249 ,   2491 : 5.7279682367380e+00 +(3e-02,8e-02) | 2.60e+01 |  3:4.3e-02 10:4.1e-01
Iterat, #Fevals:   Function Value    (median,worst) |Axis Ratio|idx:Min SD idx:Max SD
  250 ,   2501 : 5.7213126955669e+00 +(2e-02,4e-02) | 2.58e+01 |  3:4.2e-02 10:4.0e-01
  251 ,   2511 : 5.7098486064955e+00 +(3e-02,7e-02) | 2.59e+01 |  3:4.2e-02 10:4.0e-01
  252 ,   2521 : 5.7236225773345e+00 +(2e-02,8e-02) | 2.61e+01 |  3:3.9e-02 10:3.7e-01
  253 ,   2531 : 5.7230014664233e+00 +(2e-02,7e-02) | 2.59e+01 |  3:3.7e-02 10:3.6e-01
  254 ,   2541 : 5.7090049666341e+00 +(2e-02,7e-02) | 2.57e+01 |  3:4.2e-02 10:3.8e-01
  255 ,   2551 : 5.7297325400543e+00 +(4e-02,7e-02) | 2.54e+01 |  3:4.8e-02 10:4.2e-01
  256 ,   2561 : 5.7257752097056e+00 +(1e-02,9e-02) | 2.52e+01 |  3:5.2e-02 10:4.4e-01
  257 ,   2571 : 5.7122425590353e+00 +(2e-02,1e-01) | 2.51e+01 |  3:5.2e-02 10:4.2e-01
  258 ,   2581 : 5.6984176613140e+00 +(3e-02,3e-01) | 2.51e+01 |  3:5.1e-02 10:4.1e-01
  259 ,   2591 : 5.7158519490273e+00 +(2e-02,5e-01) | 2.52e+01 |  3:5.0e-02 10:4.0e-01
Iterat, #Fevals:   Function Value    (median,worst) |Axis Ratio|idx:Min SD idx:Max SD
  260 ,   2601 : 5.7254164405153e+00 +(1e-02,3e-02) | 2.53e+01 |  3:5.0e-02 10:4.0e-01
  261 ,   2611 : 5.7137313143849e+00 +(5e-02,8e-01) | 2.53e+01 |  3:4.5e-02 10:3.6e-01
  262 ,   2621 : 5.7073576336373e+00 +(4e-02,2e-01) | 2.55e+01 |  3:4.3e-02 10:3.4e-01
  263 ,   2631 : 5.7281668309790e+00 +(2e-02,3e-01) | 2.52e+01 |  3:4.1e-02 10:3.3e-01
  264 ,   2641 : 5.7084062320054e+00 +(2e-02,3e-01) | 2.44e+01 |  3:4.1e-02 10:3.1e-01
  265 ,   2651 : 5.7132997926361e+00 +(2e-02,3e-01) | 2.44e+01 |  3:3.7e-02 10:2.8e-01
  266 ,   2661 : 5.7214945110634e+00 +(2e-02,2e-01) | 2.44e+01 |  3:3.6e-02 10:2.8e-01
  267 ,   2671 : 5.7162622190550e+00 +(1e-02,3e-02) | 2.39e+01 |  3:3.6e-02 10:2.7e-01
  268 ,   2681 : 5.7194999262985e+00 +(4e-03,2e-02) | 2.39e+01 |  3:3.7e-02 10:2.8e-01
  269 ,   2691 : 5.7181605254672e+00 +(1e-02,7e-02) | 2.40e+01 |  3:3.5e-02 10:2.6e-01
Iterat, #Fevals:   Function Value    (median,worst) |Axis Ratio|idx:Min SD idx:Max SD
  270 ,   2701 : 5.7150113814392e+00 +(2e-02,4e-02) | 2.43e+01 |  3:3.2e-02 10:2.4e-01
  271 ,   2711 : 5.7075607875806e+00 +(1e-02,3e-02) | 2.59e+01 |  3:3.4e-02 10:2.8e-01
  272 ,   2721 : 5.7087052146490e+00 +(4e-02,9e-02) | 2.67e+01 |  3:3.3e-02 10:2.8e-01
  273 ,   2731 : 5.7160875400314e+00 +(9e-03,6e-02) | 2.74e+01 |  3:3.4e-02 10:2.9e-01
  274 ,   2741 : 5.6965437587329e+00 +(3e-02,2e-01) | 2.80e+01 |  3:3.4e-02 10:3.0e-01
  275 ,   2751 : 5.7115685162801e+00 +(7e-03,4e-02) | 2.86e+01 |  3:3.2e-02 10:2.9e-01
  276 ,   2761 : 5.7109627796428e+00 +(2e-02,3e-01) | 2.86e+01 |  3:2.9e-02 10:2.6e-01
  277 ,   2771 : 5.7061865846116e+00 +(1e-02,6e-02) | 2.85e+01 |  3:2.8e-02 10:2.4e-01
  278 ,   2781 : 5.7126661820676e+00 +(1e-02,4e-02) | 2.83e+01 |  3:2.6e-02 10:2.2e-01
  279 ,   2791 : 5.7127280317931e+00 +(1e-02,3e-02) | 2.88e+01 |  3:2.3e-02 10:2.1e-01
Iterat, #Fevals:   Function Value    (median,worst) |Axis Ratio|idx:Min SD idx:Max SD
  280 ,   2801 : 5.7110487461136e+00 +(8e-03,2e-02) | 2.93e+01 |  3:2.5e-02 10:2.2e-01
  281 ,   2811 : 5.7101954498898e+00 +(1e-02,2e-02) | 2.99e+01 |  3:2.8e-02 10:2.5e-01
  282 ,   2821 : 5.7131122417228e+00 +(4e-03,5e-02) | 2.94e+01 |  3:3.1e-02 10:2.6e-01
  283 ,   2831 : 5.7166784735770e+00 +(1e-02,3e-02) | 2.88e+01 |  3:3.4e-02 10:2.7e-01
  284 ,   2841 : 5.7091053153482e+00 +(1e-02,2e-01) | 2.90e+01 |  3:3.6e-02 10:2.9e-01
  285 ,   2851 : 5.7113821323399e+00 +(2e-02,2e-01) | 2.93e+01 |  3:3.6e-02 10:2.9e-01
  286 ,   2861 : 5.7143440736401e+00 +(2e-02,1e-01) | 2.92e+01 |  3:3.4e-02 10:2.7e-01
  287 ,   2871 : 5.7106295500205e+00 +(2e-02,2e-01) | 2.93e+01 |  3:3.5e-02 10:2.7e-01
  288 ,   2881 : 5.7110833820275e+00 +(2e-02,4e-02) | 2.93e+01 |  3:3.4e-02 10:2.6e-01
  289 ,   2891 : 5.7117722719134e+00 +(1e-02,3e-02) | 2.96e+01 |  3:3.3e-02 10:2.6e-01
Iterat, #Fevals:   Function Value    (median,worst) |Axis Ratio|idx:Min SD idx:Max SD
  290 ,   2901 : 5.7078150326271e+00 +(1e-02,4e-02) | 2.90e+01 |  3:3.4e-02 10:2.7e-01
  291 ,   2911 : 5.7148322939059e+00 +(8e-03,2e-01) | 2.89e+01 |  3:3.7e-02 10:2.9e-01
  292 ,   2921 : 5.7077487733711e+00 +(9e-03,5e-02) | 2.85e+01 |  3:3.6e-02 10:2.7e-01
  293 ,   2931 : 5.7112073716447e+00 +(8e-03,2e-02) | 2.92e+01 |  3:3.4e-02 10:2.6e-01
  294 ,   2941 : 5.7126193377114e+00 +(1e-02,2e-02) | 2.89e+01 |  3:3.0e-02 10:2.3e-01
  295 ,   2951 : 5.7092216469030e+00 +(2e-02,4e-02) | 2.91e+01 |  3:2.9e-02 10:2.3e-01
  296 ,   2961 : 5.7156765025261e+00 +(1e-02,7e-02) | 2.91e+01 |  3:2.7e-02 10:2.1e-01
  297 ,   2971 : 5.7107090927917e+00 +(7e-03,2e-02) | 2.98e+01 |  3:2.8e-02 10:2.2e-01
  298 ,   2981 : 5.7161671053603e+00 +(3e-03,2e-02) | 3.03e+01 |  3:2.7e-02 10:2.2e-01
  299 ,   2991 : 5.7087859239739e+00 +(1e-02,6e-02) | 3.05e+01 |  3:2.7e-02 10:2.2e-01
Iterat, #Fevals:   Function Value    (median,worst) |Axis Ratio|idx:Min SD idx:Max SD
  300 ,   3001 : 5.7056755876593e+00 +(2e-02,1e-01) | 3.07e+01 |  3:2.5e-02 10:2.1e-01
  301 ,   3011 : 5.7043347865076e+00 +(1e-02,4e-02) | 2.75e+01 |  3:2.5e-02 10:2.1e-01
  302 ,   3021 : 5.7073724865689e+00 +(1e-02,1e-01) | 2.70e+01 |  3:2.5e-02 10:2.1e-01
  303 ,   3031 : 5.7042911388265e+00 +(1e-02,6e-02) | 2.69e+01 |  3:2.5e-02 10:2.1e-01
  304 ,   3041 : 5.7087193997530e+00 +(9e-03,2e-02) | 2.69e+01 |  3:2.4e-02 10:2.0e-01
  305 ,   3051 : 5.7072938696116e+00 +(1e-02,3e-02) | 2.65e+01 |  3:2.4e-02 10:2.0e-01
  306 ,   3061 : 5.7096255821969e+00 +(8e-03,5e-02) | 2.61e+01 |  3:2.4e-02 10:2.0e-01
  307 ,   3071 : 5.7059875193124e+00 +(2e-02,6e-02) | 2.61e+01 |  3:2.2e-02 10:1.8e-01
  308 ,   3081 : 5.7051512570071e+00 +(1e-02,4e-02) | 2.55e+01 |  3:2.1e-02 10:1.7e-01
  309 ,   3091 : 5.7040915078450e+00 +(1e-02,2e-02) | 2.50e+01 |  3:2.0e-02 10:1.7e-01
Iterat, #Fevals:   Function Value    (median,worst) |Axis Ratio|idx:Min SD idx:Max SD
  310 ,   3101 : 5.7077563655618e+00 +(1e-02,6e-02) | 2.44e+01 |  3:1.9e-02 10:1.6e-01
  311 ,   3111 : 5.7017821920104e+00 +(1e-02,2e-02) | 2.43e+01 |  3:1.8e-02 10:1.5e-01
  312 ,   3121 : 5.7051078981811e+00 +(1e-02,2e-02) | 2.47e+01 |  3:1.8e-02 10:1.5e-01
  313 ,   3131 : 5.7049098106892e+00 +(2e-02,3e-02) | 2.46e+01 |  3:1.7e-02 10:1.4e-01
  314 ,   3141 : 5.7093962164626e+00 +(5e-03,4e-02) | 2.45e+01 |  3:1.6e-02 10:1.3e-01
  315 ,   3151 : 5.7049450731100e+00 +(9e-03,2e-02) | 2.45e+01 |  3:1.6e-02 10:1.3e-01
  316 ,   3161 : 5.7029753749366e+00 +(1e-02,3e-02) | 2.46e+01 |  3:1.6e-02 10:1.3e-01
  317 ,   3171 : 5.7103438108885e+00 +(3e-03,1e-02) | 2.46e+01 |  3:1.5e-02 10:1.2e-01
  318 ,   3181 : 5.7035886739427e+00 +(1e-02,2e-02) | 2.44e+01 |  3:1.4e-02 10:1.1e-01
  319 ,   3191 : 5.6980162742905e+00 +(1e-02,2e-02) | 2.50e+01 |  3:1.4e-02 10:1.1e-01
Iterat, #Fevals:   Function Value    (median,worst) |Axis Ratio|idx:Min SD idx:Max SD
  320 ,   3201 : 5.7078177042525e+00 +(7e-03,4e-02) | 2.51e+01 |  3:1.3e-02 10:1.1e-01
  321 ,   3211 : 5.7020723840175e+00 +(2e-02,4e-02) | 2.57e+01 |  3:1.3e-02 10:1.1e-01
  322 ,   3221 : 5.7003663758148e+00 +(2e-02,3e-02) | 2.65e+01 |  3:1.3e-02 10:1.1e-01
  323 ,   3231 : 5.7005514222962e+00 +(1e-02,2e-02) | 2.69e+01 |  3:1.5e-02 10:1.2e-01
  324 ,   3241 : 5.7017546388040e+00 +(1e-02,3e-02) | 2.69e+01 |  3:1.5e-02 10:1.2e-01
  325 ,   3251 : 5.7029719083321e+00 +(9e-03,2e-02) | 2.70e+01 |  3:1.5e-02 10:1.2e-01
  326 ,   3261 : 5.7055347199165e+00 +(8e-03,3e-02) | 2.67e+01 |  3:1.6e-02 10:1.3e-01
  327 ,   3271 : 5.7114268642607e+00 +(8e-03,1e-02) | 2.67e+01 |  3:1.6e-02 10:1.3e-01
  328 ,   3281 : 5.7059568855943e+00 +(9e-03,2e-02) | 2.70e+01 |  3:1.5e-02 10:1.3e-01
  329 ,   3291 : 5.7051374250331e+00 +(8e-03,2e-02) | 2.69e+01 |  3:1.5e-02 10:1.2e-01
Iterat, #Fevals:   Function Value    (median,worst) |Axis Ratio|idx:Min SD idx:Max SD
  330 ,   3301 : 5.7058524404093e+00 +(8e-03,1e-02) | 2.73e+01 |  3:1.4e-02 10:1.1e-01
  331 ,   3311 : 5.7078487258038e+00 +(6e-03,2e-02) | 2.74e+01 |  3:1.3e-02 10:1.1e-01
  332 ,   3321 : 5.7052639449543e+00 +(9e-03,2e-02) | 2.76e+01 |  3:1.2e-02 10:9.9e-02
  333 ,   3331 : 5.7055735689693e+00 +(7e-03,2e-02) | 2.74e+01 |  3:1.2e-02 10:1.0e-01
  334 ,   3341 : 5.7078606260489e+00 +(4e-03,1e-02) | 2.67e+01 |  3:1.2e-02 10:1.0e-01
  335 ,   3351 : 5.7081759436395e+00 +(8e-03,2e-02) | 2.66e+01 |  3:1.2e-02 10:1.0e-01
  336 ,   3361 : 5.7068440324893e+00 +(9e-03,1e-02) | 2.72e+01 |  3:1.2e-02 10:1.0e-01
  337 ,   3371 : 5.7027519708582e+00 +(1e-02,2e-02) | 2.75e+01 |  3:1.1e-02 10:1.0e-01
  338 ,   3381 : 5.7064658335487e+00 +(5e-03,2e-02) | 2.70e+01 |  3:1.1e-02 10:9.9e-02
  339 ,   3391 : 5.7077948543543e+00 +(4e-03,2e-02) | 2.78e+01 |  3:1.1e-02 10:9.8e-02
Iterat, #Fevals:   Function Value    (median,worst) |Axis Ratio|idx:Min SD idx:Max SD
  340 ,   3401 : 5.7016125991586e+00 +(1e-02,3e-02) | 2.83e+01 |  3:1.1e-02 10:9.8e-02
  341 ,   3411 : 5.7041044416786e+00 +(5e-03,2e-02) | 2.87e+01 |  3:1.1e-02 10:1.0e-01
  342 ,   3421 : 5.7024309263983e+00 +(9e-03,2e-02) | 2.89e+01 |  3:1.1e-02 10:1.0e-01
  343 ,   3431 : 5.7032338629184e+00 +(7e-03,2e-02) | 2.96e+01 |  3:1.1e-02 10:1.0e-01
  344 ,   3441 : 5.7009985002948e+00 +(1e-02,2e-02) | 2.95e+01 |  3:1.1e-02 10:1.0e-01
  345 ,   3451 : 5.7026976370073e+00 +(1e-02,2e-02) | 3.07e+01 |  3:1.2e-02 10:1.1e-01
  346 ,   3461 : 5.7018210271504e+00 +(1e-02,2e-02) | 3.19e+01 |  3:1.2e-02 10:1.2e-01
  347 ,   3471 : 5.7038203831985e+00 +(1e-02,3e-02) | 3.23e+01 |  3:1.3e-02 10:1.3e-01
  348 ,   3481 : 5.7036138089489e+00 +(1e-02,3e-02) | 3.20e+01 |  3:1.2e-02 10:1.2e-01
  349 ,   3491 : 5.7037265974810e+00 +(6e-03,1e-02) | 3.39e+01 |  3:1.3e-02 10:1.4e-01
Iterat, #Fevals:   Function Value    (median,worst) |Axis Ratio|idx:Min SD idx:Max SD
  350 ,   3501 : 5.7049026510037e+00 +(6e-03,2e-02) | 3.34e+01 |  3:1.3e-02 10:1.4e-01
  351 ,   3511 : 5.7053171383616e+00 +(9e-03,1e-02) | 3.32e+01 |  3:1.3e-02 10:1.4e-01
  352 ,   3521 : 5.7076408754890e+00 +(1e-02,2e-02) | 3.29e+01 |  3:1.2e-02 10:1.3e-01
  353 ,   3531 : 5.7037889443970e+00 +(1e-02,2e-02) | 3.29e+01 |  3:1.1e-02 10:1.2e-01
  354 ,   3541 : 5.7012841652569e+00 +(1e-02,3e-02) | 3.30e+01 |  3:1.0e-02 10:1.1e-01
  355 ,   3551 : 5.7086027153673e+00 +(2e-03,2e-02) | 3.43e+01 |  3:9.8e-03 10:1.1e-01
  356 ,   3561 : 5.7074480847636e+00 +(9e-03,1e-02) | 3.54e+01 |  3:1.0e-02 10:1.1e-01
  357 ,   3571 : 5.7089692857644e+00 +(4e-03,2e-02) | 3.58e+01 |  3:9.4e-03 10:1.1e-01
  358 ,   3581 : 5.7039936023586e+00 +(7e-03,1e-02) | 3.48e+01 |  3:9.1e-03 10:1.0e-01
  359 ,   3591 : 5.7068904720684e+00 +(9e-03,2e-02) | 3.44e+01 |  3:8.7e-03 10:9.9e-02
Iterat, #Fevals:   Function Value    (median,worst) |Axis Ratio|idx:Min SD idx:Max SD
  360 ,   3601 : 5.7033435784726e+00 +(9e-03,2e-02) | 3.40e+01 |  3:8.1e-03 10:9.2e-02
  361 ,   3611 : 5.7033666346532e+00 +(9e-03,2e-02) | 3.41e+01 |  3:8.5e-03 10:9.1e-02
  362 ,   3621 : 5.7035979369544e+00 +(8e-03,2e-02) | 3.40e+01 |  3:9.1e-03 10:9.4e-02
  363 ,   3631 : 5.7056150252228e+00 +(5e-03,2e-02) | 3.42e+01 |  3:8.8e-03 10:9.1e-02
  364 ,   3641 : 5.7092267410962e+00 +(6e-03,2e-02) | 3.39e+01 |  3:8.3e-03 10:8.6e-02
  365 ,   3651 : 5.7050565232025e+00 +(5e-03,2e-02) | 3.37e+01 |  3:8.1e-03 10:8.4e-02
  366 ,   3661 : 5.7021858813168e+00 +(9e-03,3e-02) | 3.43e+01 |  3:8.0e-03 10:8.3e-02
  367 ,   3671 : 5.7022510189819e+00 +(8e-03,2e-02) | 3.55e+01 |  3:8.3e-03 10:9.0e-02
  368 ,   3681 : 5.7033075903597e+00 +(9e-03,2e-02) | 3.74e+01 |  3:8.6e-03 10:9.7e-02
  369 ,   3691 : 5.7036837281125e+00 +(1e-02,2e-02) | 3.56e+01 |  3:8.5e-03 10:9.5e-02
Iterat, #Fevals:   Function Value    (median,worst) |Axis Ratio|idx:Min SD idx:Max SD
  370 ,   3701 : 5.6989021751728e+00 +(9e-03,2e-02) | 3.50e+01 |  3:8.5e-03 10:9.5e-02
  371 ,   3711 : 5.7045151134935e+00 +(7e-03,2e-02) | 3.47e+01 |  3:8.5e-03 10:9.4e-02
  372 ,   3721 : 5.6974290907971e+00 +(1e-02,3e-02) | 3.45e+01 |  3:8.0e-03 10:8.9e-02
  373 ,   3731 : 5.7046950272757e+00 +(6e-03,2e-02) | 3.34e+01 |  3:8.4e-03 10:9.1e-02
  374 ,   3741 : 5.7016245620048e+00 +(1e-02,2e-02) | 3.29e+01 |  3:8.3e-03 10:9.0e-02
  375 ,   3751 : 5.6996246358412e+00 +(1e-02,2e-02) | 3.26e+01 |  3:8.0e-03 10:8.5e-02
  376 ,   3761 : 5.7054710064963e+00 +(6e-03,2e-02) | 3.25e+01 |  3:7.8e-03 10:8.1e-02
  377 ,   3771 : 5.7021145856360e+00 +(9e-03,2e-02) | 3.29e+01 |  3:6.9e-03 10:7.3e-02
  378 ,   3781 : 5.6953091920090e+00 +(2e-02,3e-02) | 3.37e+01 |  3:7.1e-03 10:7.8e-02
  379 ,   3791 : 5.7052674166083e+00 +(5e-03,2e-02) | 3.41e+01 |  3:6.7e-03 10:7.5e-02
Iterat, #Fevals:   Function Value    (median,worst) |Axis Ratio|idx:Min SD idx:Max SD
  380 ,   3801 : 5.6993134150180e+00 +(1e-02,2e-02) | 3.41e+01 |  3:7.2e-03 10:8.4e-02
  381 ,   3811 : 5.7035962589352e+00 +(1e-02,2e-02) | 3.64e+01 |  3:8.0e-03 10:1.0e-01
  382 ,   3821 : 5.7051123761171e+00 +(8e-03,2e-02) | 3.63e+01 |  3:7.5e-03 10:9.5e-02
  383 ,   3831 : 5.7085525802651e+00 +(1e-02,2e-02) | 3.71e+01 |  3:7.6e-03 10:9.8e-02
  384 ,   3841 : 5.7054065695621e+00 +(9e-03,3e-02) | 3.55e+01 |  3:8.0e-03 10:1.0e-01
  385 ,   3851 : 5.7082843450131e+00 +(7e-03,1e-02) | 3.50e+01 |  3:7.6e-03 10:9.7e-02
  386 ,   3861 : 5.7027116275998e+00 +(9e-03,2e-02) | 3.47e+01 |  3:7.5e-03 10:9.5e-02
  387 ,   3871 : 5.7064035316387e+00 +(3e-03,1e-02) | 3.52e+01 |  3:7.1e-03 10:9.0e-02
  388 ,   3881 : 5.7067848686939e+00 +(4e-03,2e-02) | 3.72e+01 |  3:6.8e-03 10:9.0e-02
  389 ,   3891 : 5.7104200965817e+00 +(6e-03,2e-02) | 3.66e+01 |  3:6.6e-03 10:8.6e-02
Iterat, #Fevals:   Function Value    (median,worst) |Axis Ratio|idx:Min SD idx:Max SD
  390 ,   3901 : 5.7050065943371e+00 +(7e-03,2e-02) | 3.69e+01 |  3:6.4e-03 10:8.4e-02
  391 ,   3911 : 5.7056022614337e+00 +(4e-03,1e-02) | 3.77e+01 |  3:6.3e-03 10:8.3e-02
  392 ,   3921 : 5.7072371419635e+00 +(4e-03,2e-02) | 3.80e+01 |  3:6.1e-03 10:8.1e-02
  393 ,   3931 : 5.7045282881429e+00 +(8e-03,2e-02) | 3.84e+01 |  3:6.2e-03 10:8.4e-02
  394 ,   3941 : 5.7049479572164e+00 +(2e-02,2e-02) | 3.80e+01 |  3:6.7e-03 10:8.9e-02
  395 ,   3951 : 5.7047916149373e+00 +(5e-03,1e-02) | 3.80e+01 |  3:7.8e-03 10:1.0e-01
  396 ,   3961 : 5.6980286750072e+00 +(1e-02,2e-02) | 3.84e+01 |  3:9.2e-03 10:1.2e-01
  397 ,   3971 : 5.7053487481048e+00 +(7e-03,2e-02) | 3.86e+01 |  3:1.0e-02 10:1.3e-01
  398 ,   3981 : 5.7092399863239e+00 +(5e-03,2e-02) | 3.87e+01 |  3:1.0e-02 10:1.4e-01
  399 ,   3991 : 5.7045367375265e+00 +(9e-03,2e-02) | 3.98e+01 |  3:1.1e-02 10:1.6e-01
Iterat, #Fevals:   Function Value    (median,worst) |Axis Ratio|idx:Min SD idx:Max SD
  400 ,   4001 : 5.6997562194564e+00 +(6e-03,1e-02) | 4.03e+01 |  3:1.1e-02 10:1.5e-01
  401 ,   4011 : 5.7038793969341e+00 +(7e-03,1e-02) | 4.09e+01 |  3:1.1e-02 10:1.5e-01
  402 ,   4021 : 5.7060174662563e+00 +(9e-03,1e-02) | 4.01e+01 |  3:1.1e-02 10:1.5e-01
  403 ,   4031 : 5.7042549907553e+00 +(5e-03,2e-02) | 4.02e+01 |  3:1.1e-02 10:1.4e-01
  404 ,   4041 : 5.7012525838796e+00 +(9e-03,2e-02) | 4.08e+01 |  3:1.1e-02 10:1.4e-01
  405 ,   4051 : 5.7042066884439e+00 +(7e-03,1e-02) | 4.12e+01 |  3:9.8e-03 10:1.3e-01
  406 ,   4061 : 5.7034190633452e+00 +(7e-03,2e-02) | 4.16e+01 |  3:1.0e-02 10:1.3e-01
  407 ,   4071 : 5.7024814405357e+00 +(7e-03,2e-02) | 4.19e+01 |  3:9.8e-03 10:1.2e-01
  408 ,   4081 : 5.7065563924858e+00 +(9e-03,2e-02) | 4.25e+01 |  3:9.3e-03 10:1.2e-01
  409 ,   4091 : 5.7022786140888e+00 +(4e-03,1e-02) | 4.45e+01 |  3:9.8e-03 10:1.3e-01
Iterat, #Fevals:   Function Value    (median,worst) |Axis Ratio|idx:Min SD idx:Max SD
  410 ,   4101 : 5.7004519316174e+00 +(8e-03,2e-02) | 4.57e+01 |  3:9.1e-03 10:1.2e-01
  411 ,   4111 : 5.7037784053524e+00 +(8e-03,3e-02) | 4.58e+01 |  3:9.0e-03 10:1.2e-01
  412 ,   4121 : 5.7009665895446e+00 +(1e-02,2e-02) | 4.58e+01 |  3:8.3e-03 10:1.1e-01
  413 ,   4131 : 5.7045934675302e+00 +(6e-03,2e-02) | 4.88e+01 |  3:8.5e-03 10:1.2e-01
  414 ,   4141 : 5.7043342944540e+00 +(9e-03,2e-02) | 4.98e+01 |  3:8.5e-03 10:1.3e-01
  415 ,   4151 : 5.7017008233640e+00 +(7e-03,3e-02) | 5.02e+01 |  3:8.5e-03 10:1.3e-01
  416 ,   4161 : 5.7027292737359e+00 +(8e-03,2e-02) | 5.05e+01 |  3:7.9e-03 10:1.2e-01
  417 ,   4171 : 5.7029579202905e+00 +(8e-03,2e-02) | 5.16e+01 |  3:8.0e-03 10:1.3e-01
  418 ,   4181 : 5.6991813431939e+00 +(7e-03,2e-02) | 5.17e+01 |  3:8.0e-03 10:1.2e-01
  419 ,   4191 : 5.7018155549235e+00 +(1e-02,3e-02) | 5.20e+01 |  3:8.0e-03 10:1.2e-01
Iterat, #Fevals:   Function Value    (median,worst) |Axis Ratio|idx:Min SD idx:Max SD
  420 ,   4201 : 5.7019747768680e+00 +(6e-03,2e-02) | 5.23e+01 |  3:7.3e-03 10:1.1e-01
  421 ,   4211 : 5.7025249307167e+00 +(3e-03,1e-02) | 5.19e+01 |  3:7.0e-03 10:1.1e-01
  422 ,   4221 : 5.7006856370988e+00 +(6e-03,2e-02) | 5.17e+01 |  3:6.5e-03 10:1.0e-01
  423 ,   4231 : 5.7022425869499e+00 +(6e-03,2e-02) | 5.09e+01 |  3:6.2e-03 10:9.4e-02
  424 ,   4241 : 5.7005201436555e+00 +(4e-03,1e-02) | 5.12e+01 |  3:5.9e-03 10:8.9e-02
  425 ,   4251 : 5.6989765433312e+00 +(5e-03,2e-02) | 5.21e+01 |  3:5.6e-03 10:8.6e-02
  426 ,   4261 : 5.7031358908477e+00 +(4e-03,1e-02) | 5.22e+01 |  3:5.5e-03 10:8.5e-02
  427 ,   4271 : 5.7029640103057e+00 +(2e-03,2e-02) | 5.08e+01 |  3:5.6e-03 10:8.6e-02
  428 ,   4281 : 5.6978676222339e+00 +(1e-02,3e-02) | 5.03e+01 |  3:5.4e-03 10:8.0e-02
  429 ,   4291 : 5.7040676584911e+00 +(5e-03,2e-02) | 5.04e+01 |  3:5.7e-03 10:8.4e-02
Iterat, #Fevals:   Function Value    (median,worst) |Axis Ratio|idx:Min SD idx:Max SD
  430 ,   4301 : 5.7009884140955e+00 +(7e-03,1e-02) | 5.09e+01 |  3:5.7e-03 10:8.4e-02
  431 ,   4311 : 5.7012487729411e+00 +(5e-03,1e-02) | 5.06e+01 |  3:5.7e-03 10:8.3e-02
  432 ,   4321 : 5.7039065901536e+00 +(8e-03,1e-02) | 4.97e+01 |  3:5.8e-03 10:8.2e-02
  433 ,   4331 : 5.7015958604368e+00 +(4e-03,2e-02) | 5.01e+01 |  3:5.4e-03 10:7.8e-02
  434 ,   4341 : 5.7022470263934e+00 +(6e-03,2e-02) | 5.07e+01 |  3:5.1e-03 10:7.2e-02
  435 ,   4351 : 5.6998782285612e+00 +(7e-03,2e-02) | 5.11e+01 |  3:4.6e-03 10:6.6e-02
  436 ,   4361 : 5.7030634763471e+00 +(4e-03,1e-02) | 5.12e+01 |  3:4.2e-03 10:6.0e-02
  437 ,   4371 : 5.7028162132853e+00 +(5e-03,2e-02) | 5.10e+01 |  3:4.1e-03 10:5.8e-02
  438 ,   4381 : 5.6979213444671e+00 +(9e-03,2e-02) | 4.93e+01 |  3:3.9e-03 10:5.6e-02
  439 ,   4391 : 5.6993103747018e+00 +(8e-03,2e-02) | 4.67e+01 |  3:3.8e-03 10:5.5e-02
Iterat, #Fevals:   Function Value    (median,worst) |Axis Ratio|idx:Min SD idx:Max SD
  440 ,   4401 : 5.7001098189085e+00 +(8e-03,2e-02) | 4.60e+01 |  3:3.8e-03 10:5.4e-02
  441 ,   4411 : 5.6986570891542e+00 +(9e-03,2e-02) | 4.54e+01 |  3:3.7e-03 10:5.3e-02
  442 ,   4421 : 5.7047015801859e+00 +(7e-03,2e-02) | 4.56e+01 |  3:3.3e-03 10:4.9e-02
  443 ,   4431 : 5.7025443977286e+00 +(5e-03,2e-02) | 4.56e+01 |  3:3.2e-03 10:4.7e-02
  444 ,   4441 : 5.7005026579614e+00 +(6e-03,2e-02) | 4.57e+01 |  3:3.3e-03 10:4.8e-02
  445 ,   4451 : 5.6978309863030e+00 +(8e-03,2e-02) | 4.61e+01 |  3:3.1e-03 10:4.5e-02
  446 ,   4461 : 5.6976135222037e+00 +(1e-02,2e-02) | 4.70e+01 |  3:3.1e-03 10:4.6e-02
  447 ,   4471 : 5.7018030001660e+00 +(6e-03,9e-03) | 4.94e+01 |  3:3.1e-03 10:4.9e-02
  448 ,   4481 : 5.6978500269207e+00 +(1e-02,3e-02) | 5.00e+01 |  3:3.0e-03 10:4.6e-02
  449 ,   4491 : 5.7040358673952e+00 +(5e-03,1e-02) | 5.03e+01 |  3:2.8e-03 10:4.5e-02
Iterat, #Fevals:   Function Value    (median,worst) |Axis Ratio|idx:Min SD idx:Max SD
  450 ,   4501 : 5.7050156100597e+00 +(1e-02,1e-02) | 4.80e+01 |  3:2.8e-03 10:4.4e-02
  451 ,   4511 : 5.7025625598696e+00 +(8e-03,2e-02) | 4.74e+01 |  3:3.0e-03 10:4.9e-02
  452 ,   4521 : 5.7018334459063e+00 +(5e-03,2e-02) | 4.69e+01 |  3:3.0e-03 10:4.8e-02
  453 ,   4531 : 5.7004496613981e+00 +(7e-03,1e-02) | 4.70e+01 |  3:3.6e-03 10:5.7e-02
  454 ,   4541 : 5.7005729492619e+00 +(6e-03,2e-02) | 4.65e+01 |  3:4.0e-03 10:6.3e-02
  455 ,   4551 : 5.7047773243233e+00 +(7e-03,2e-02) | 4.61e+01 |  3:4.1e-03 10:6.4e-02
  456 ,   4561 : 5.7045674101734e+00 +(4e-03,1e-02) | 4.61e+01 |  3:4.2e-03 10:6.6e-02
  457 ,   4571 : 5.7036253534490e+00 +(9e-03,1e-02) | 4.51e+01 |  3:3.8e-03 10:5.9e-02
  458 ,   4581 : 5.7026751028939e+00 +(5e-03,1e-02) | 4.51e+01 |  3:3.4e-03 10:5.3e-02
  459 ,   4591 : 5.6988102233986e+00 +(1e-02,2e-02) | 4.52e+01 |  3:3.3e-03 10:5.1e-02
Iterat, #Fevals:   Function Value    (median,worst) |Axis Ratio|idx:Min SD idx:Max SD
  460 ,   4601 : 5.7018098289199e+00 +(4e-03,1e-02) | 4.63e+01 |  3:3.4e-03 10:5.4e-02
  461 ,   4611 : 5.6989751042455e+00 +(9e-03,2e-02) | 4.70e+01 |  3:3.4e-03 10:5.3e-02
  462 ,   4621 : 5.6991577709378e+00 +(6e-03,2e-02) | 4.72e+01 |  3:3.2e-03 10:5.1e-02
  463 ,   4631 : 5.7024857554739e+00 +(5e-03,2e-02) | 4.79e+01 |  3:3.1e-03 10:5.1e-02
  464 ,   4641 : 5.6989005465502e+00 +(4e-03,1e-02) | 4.82e+01 |  3:3.1e-03 10:5.0e-02
  465 ,   4651 : 5.7031480112351e+00 +(4e-03,2e-02) | 4.79e+01 |  3:2.9e-03 10:4.8e-02
  466 ,   4661 : 5.7031709325986e+00 +(6e-03,2e-02) | 4.52e+01 |  3:3.3e-03 10:5.4e-02
  467 ,   4671 : 5.6998372435125e+00 +(7e-03,2e-02) | 4.56e+01 |  3:3.4e-03 10:5.7e-02
  468 ,   4681 : 5.7037558914878e+00 +(3e-03,1e-02) | 4.58e+01 |  3:3.3e-03 10:5.5e-02
  469 ,   4691 : 5.6992674411828e+00 +(5e-03,1e-02) | 4.56e+01 |  3:3.3e-03 10:5.5e-02
Iterat, #Fevals:   Function Value    (median,worst) |Axis Ratio|idx:Min SD idx:Max SD
  470 ,   4701 : 5.7030530695406e+00 +(5e-03,1e-02) | 4.66e+01 |  3:3.0e-03 10:5.1e-02
  471 ,   4711 : 5.7031694305277e+00 +(8e-03,2e-02) | 4.63e+01 |  3:3.2e-03 10:5.4e-02
  472 ,   4721 : 5.7040350387553e+00 +(4e-03,1e-02) | 4.61e+01 |  3:3.3e-03 10:5.6e-02
  473 ,   4731 : 5.7003166681217e+00 +(5e-03,1e-02) | 4.71e+01 |  3:3.1e-03 10:5.4e-02
  474 ,   4741 : 5.7010691078071e+00 +(6e-03,2e-02) | 4.67e+01 |  3:3.0e-03 10:5.2e-02
  475 ,   4751 : 5.7015773255177e+00 +(8e-03,2e-02) | 4.67e+01 |  3:2.8e-03 10:4.8e-02
  476 ,   4761 : 5.7055547818235e+00 +(7e-03,1e-02) | 4.65e+01 |  3:2.9e-03 10:4.8e-02
  477 ,   4771 : 5.6990136252371e+00 +(1e-02,2e-02) | 4.64e+01 |  3:2.7e-03 10:4.5e-02
  478 ,   4781 : 5.7010406344464e+00 +(8e-03,2e-02) | 4.69e+01 |  3:2.5e-03 10:4.2e-02
  479 ,   4791 : 5.7037923961036e+00 +(3e-03,2e-02) | 4.67e+01 |  3:2.4e-03 10:4.0e-02
Iterat, #Fevals:   Function Value    (median,worst) |Axis Ratio|idx:Min SD idx:Max SD
  480 ,   4801 : 5.6992042392273e+00 +(7e-03,2e-02) | 4.58e+01 |  3:2.3e-03 10:3.8e-02
  481 ,   4811 : 5.7042822839985e+00 +(1e-02,2e-02) | 4.63e+01 |  3:2.1e-03 10:3.6e-02
  482 ,   4821 : 5.6989049981514e+00 +(8e-03,1e-02) | 4.65e+01 |  3:2.0e-03 10:3.3e-02
  483 ,   4831 : 5.7042479780003e+00 +(3e-03,1e-02) | 4.71e+01 |  3:1.8e-03 10:3.0e-02
  484 ,   4841 : 5.7027304608480e+00 +(7e-03,2e-02) | 4.56e+01 |  3:1.7e-03 10:2.9e-02
  485 ,   4851 : 5.7040918549528e+00 +(5e-03,2e-02) | 4.52e+01 |  3:1.5e-03 10:2.7e-02
  486 ,   4861 : 5.7022067870611e+00 +(8e-03,2e-02) | 4.37e+01 |  3:1.6e-03 10:2.7e-02
  487 ,   4871 : 5.6995936152829e+00 +(8e-03,2e-02) | 4.36e+01 |  3:1.6e-03 10:2.7e-02
  488 ,   4881 : 5.7017530760707e+00 +(5e-03,9e-03) | 4.25e+01 |  3:1.7e-03 10:2.9e-02
  489 ,   4891 : 5.6984753655976e+00 +(7e-03,2e-02) | 4.15e+01 |  3:1.9e-03 10:3.2e-02
Iterat, #Fevals:   Function Value    (median,worst) |Axis Ratio|idx:Min SD idx:Max SD
  490 ,   4901 : 5.6987149646242e+00 +(1e-02,2e-02) | 4.14e+01 |  3:2.1e-03 10:3.5e-02
  491 ,   4911 : 5.7032436093154e+00 +(4e-03,2e-02) | 4.13e+01 |  3:2.1e-03 10:3.5e-02
  492 ,   4921 : 5.6980580616205e+00 +(1e-02,2e-02) | 4.40e+01 |  3:2.2e-03 10:3.8e-02
  493 ,   4931 : 5.7014231250760e+00 +(1e-02,2e-02) | 4.51e+01 |  3:2.2e-03 10:3.9e-02
  494 ,   4941 : 5.7037090730593e+00 +(4e-03,1e-02) | 4.49e+01 |  3:2.2e-03 10:3.9e-02
  495 ,   4951 : 5.6981814918713e+00 +(8e-03,2e-02) | 4.60e+01 |  3:2.0e-03 10:3.6e-02
  496 ,   4961 : 5.7016747892216e+00 +(8e-03,2e-02) | 4.59e+01 |  3:2.0e-03 10:3.6e-02
  497 ,   4971 : 5.7037972826891e+00 +(4e-03,2e-02) | 4.44e+01 |  3:2.1e-03 10:3.7e-02
  498 ,   4981 : 5.7010596786979e+00 +(8e-03,1e-02) | 4.46e+01 |  3:2.1e-03 10:3.5e-02
  499 ,   4991 : 5.7021063935938e+00 +(6e-03,2e-02) | 4.47e+01 |  3:1.9e-03 10:3.2e-02
Iterat, #Fevals:   Function Value    (median,worst) |Axis Ratio|idx:Min SD idx:Max SD
  500 ,   5001 : 5.7010132319628e+00 +(6e-03,1e-02) | 4.52e+01 |  3:1.8e-03 10:3.0e-02
  501 ,   5011 : 5.7034392928037e+00 +(4e-03,2e-02) | 4.74e+01 |  3:1.8e-03 10:3.2e-02
  502 ,   5021 : 5.6976085268841e+00 +(1e-02,3e-02) | 4.89e+01 |  3:1.8e-03 10:3.2e-02
  503 ,   5031 : 5.7016177403753e+00 +(8e-03,3e-02) | 4.99e+01 |  3:1.7e-03 10:3.1e-02
  504 ,   5041 : 5.6985151824565e+00 +(7e-03,2e-02) | 4.99e+01 |  3:1.7e-03 10:3.1e-02
  505 ,   5051 : 5.7008867057028e+00 +(7e-03,2e-02) | 5.19e+01 |  3:2.0e-03 10:3.5e-02
  506 ,   5061 : 5.7067179221318e+00 +(5e-03,2e-02) | 5.23e+01 |  3:2.1e-03 10:3.6e-02
  507 ,   5071 : 5.7029035528759e+00 +(8e-03,2e-02) | 5.25e+01 |  3:2.1e-03 10:3.5e-02
  508 ,   5081 : 5.7015426629976e+00 +(5e-03,2e-02) | 5.17e+01 |  3:2.2e-03 10:3.6e-02
  509 ,   5091 : 5.6994271123211e+00 +(8e-03,2e-02) | 5.10e+01 |  3:2.3e-03 10:3.8e-02
Iterat, #Fevals:   Function Value    (median,worst) |Axis Ratio|idx:Min SD idx:Max SD
  510 ,   5101 : 5.7004657897508e+00 +(1e-02,1e-02) | 5.05e+01 |  3:2.3e-03 10:3.6e-02
  511 ,   5111 : 5.6984373873894e+00 +(7e-03,2e-02) | 5.03e+01 |  3:2.2e-03 10:3.5e-02
  512 ,   5121 : 5.7018687077395e+00 +(8e-03,1e-02) | 4.99e+01 |  3:2.2e-03 10:3.5e-02
  513 ,   5131 : 5.7016367108425e+00 +(8e-03,2e-02) | 5.00e+01 |  3:2.2e-03 10:3.4e-02
  514 ,   5141 : 5.7026991566069e+00 +(5e-03,2e-02) | 5.04e+01 |  3:2.0e-03 10:3.2e-02
  515 ,   5151 : 5.7021977000839e+00 +(1e-02,2e-02) | 5.06e+01 |  3:1.9e-03 10:3.0e-02
  516 ,   5161 : 5.7021217874931e+00 +(8e-03,2e-02) | 5.11e+01 |  3:2.0e-03 10:3.0e-02
  517 ,   5171 : 5.7010436905137e+00 +(6e-03,2e-02) | 5.09e+01 |  3:1.9e-03 10:2.9e-02
  518 ,   5181 : 5.7031057507407e+00 +(1e-02,2e-02) | 4.97e+01 |  3:1.9e-03 10:2.8e-02
  519 ,   5191 : 5.7031861988121e+00 +(9e-03,2e-02) | 5.23e+01 |  3:2.2e-03 10:3.2e-02
Iterat, #Fevals:   Function Value    (median,worst) |Axis Ratio|idx:Min SD idx:Max SD
  520 ,   5201 : 5.7007408378317e+00 +(4e-03,2e-02) | 5.23e+01 |  3:2.3e-03 10:3.4e-02
  521 ,   5211 : 5.7000535810302e+00 +(5e-03,2e-02) | 5.22e+01 |  3:2.5e-03 10:3.5e-02
  522 ,   5221 : 5.6996300312937e+00 +(1e-02,2e-02) | 5.30e+01 |  3:2.7e-03 10:3.7e-02
  523 ,   5231 : 5.7012478028241e+00 +(5e-03,2e-02) | 5.36e+01 |  3:2.7e-03 10:3.7e-02
  524 ,   5241 : 5.7021821787872e+00 +(7e-03,2e-02) | 5.38e+01 |  3:2.6e-03 10:3.6e-02
  525 ,   5251 : 5.7025548050608e+00 +(1e-02,2e-02) | 5.37e+01 |  3:2.6e-03 10:3.6e-02
  526 ,   5261 : 5.6987272938057e+00 +(9e-03,2e-02) | 5.29e+01 |  3:2.5e-03 10:3.3e-02
  527 ,   5271 : 5.6989906716284e+00 +(8e-03,2e-02) | 5.26e+01 |  3:2.6e-03 10:3.5e-02
  528 ,   5281 : 5.6995162145082e+00 +(7e-03,2e-02) | 5.37e+01 |  3:2.7e-03 10:3.7e-02
  529 ,   5291 : 5.6987543981421e+00 +(8e-03,2e-02) | 5.44e+01 |  3:3.1e-03 10:4.1e-02
Iterat, #Fevals:   Function Value    (median,worst) |Axis Ratio|idx:Min SD idx:Max SD
  530 ,   5301 : 5.7058999761953e+00 +(4e-03,1e-02) | 5.41e+01 |  3:2.8e-03 10:3.6e-02
  531 ,   5311 : 5.7016695450409e+00 +(3e-03,1e-02) | 5.36e+01 |  3:2.8e-03 10:3.5e-02
  532 ,   5321 : 5.7012815011682e+00 +(7e-03,2e-02) | 5.37e+01 |  3:2.6e-03 10:3.3e-02
  533 ,   5331 : 5.7029806338350e+00 +(6e-03,1e-02) | 5.25e+01 |  3:2.5e-03 10:3.2e-02
  534 ,   5341 : 5.7012699852744e+00 +(4e-03,1e-02) | 5.19e+01 |  3:2.5e-03 10:3.1e-02
  535 ,   5351 : 5.7044431212391e+00 +(5e-03,1e-02) | 5.20e+01 |  3:2.5e-03 10:3.2e-02
  536 ,   5361 : 5.6990963848858e+00 +(6e-03,2e-02) | 5.19e+01 |  3:2.6e-03 10:3.2e-02
  537 ,   5371 : 5.7019285905086e+00 +(4e-03,9e-03) | 5.12e+01 |  3:2.8e-03 10:3.5e-02
  538 ,   5381 : 5.6970984947163e+00 +(1e-02,2e-02) | 5.06e+01 |  3:2.9e-03 10:3.7e-02
  539 ,   5391 : 5.6977304513490e+00 +(8e-03,2e-02) | 4.92e+01 |  3:3.1e-03 10:3.9e-02
Iterat, #Fevals:   Function Value    (median,worst) |Axis Ratio|idx:Min SD idx:Max SD
  540 ,   5401 : 5.6980138470059e+00 +(1e-02,2e-02) | 5.03e+01 |  3:3.1e-03 10:4.0e-02
  541 ,   5411 : 5.7052561078838e+00 +(6e-03,2e-02) | 5.01e+01 |  3:3.2e-03 10:4.1e-02
  542 ,   5421 : 5.7016370969789e+00 +(6e-03,2e-02) | 4.97e+01 |  3:3.2e-03 10:4.0e-02
  543 ,   5431 : 5.6953028386685e+00 +(2e-02,3e-02) | 4.95e+01 |  3:3.0e-03 10:3.8e-02
  544 ,   5441 : 5.6995670818881e+00 +(8e-03,1e-02) | 4.98e+01 |  3:2.8e-03 10:3.5e-02
  545 ,   5451 : 5.6994725076062e+00 +(8e-03,2e-02) | 4.94e+01 |  3:2.7e-03 10:3.3e-02
  546 ,   5461 : 5.7017061885684e+00 +(6e-03,2e-02) | 5.08e+01 |  3:2.5e-03 10:3.1e-02
  547 ,   5471 : 5.6984897482163e+00 +(6e-03,1e-02) | 5.15e+01 |  3:2.2e-03 10:2.7e-02
  548 ,   5481 : 5.7008847526560e+00 +(3e-03,1e-02) | 4.94e+01 |  3:2.1e-03 10:2.6e-02
  549 ,   5491 : 5.6988786071753e+00 +(6e-03,2e-02) | 4.83e+01 |  3:2.0e-03 10:2.6e-02
Iterat, #Fevals:   Function Value    (median,worst) |Axis Ratio|idx:Min SD idx:Max SD
  550 ,   5501 : 5.7018036358797e+00 +(7e-03,2e-02) | 4.79e+01 |  3:2.2e-03 10:2.7e-02
  551 ,   5511 : 5.7019231414275e+00 +(5e-03,2e-02) | 4.67e+01 |  3:2.1e-03 10:2.6e-02
  552 ,   5521 : 5.7014023924505e+00 +(8e-03,2e-02) | 4.63e+01 |  3:2.1e-03 10:2.6e-02
  553 ,   5531 : 5.7026205892019e+00 +(6e-03,2e-02) | 4.62e+01 |  3:1.9e-03 10:2.3e-02
  554 ,   5541 : 5.7016629261834e+00 +(9e-03,1e-02) | 4.63e+01 |  3:1.8e-03 10:2.2e-02
  555 ,   5551 : 5.6999134758369e+00 +(5e-03,2e-02) | 4.51e+01 |  3:1.9e-03 10:2.2e-02
  556 ,   5561 : 5.7005202003363e+00 +(8e-03,2e-02) | 4.52e+01 |  3:1.8e-03 10:2.1e-02
  557 ,   5571 : 5.7019132557402e+00 +(5e-03,2e-02) | 4.53e+01 |  3:2.0e-03 10:2.2e-02
  558 ,   5581 : 5.6973521032133e+00 +(8e-03,2e-02) | 4.62e+01 |  3:2.0e-03 10:2.2e-02
  559 ,   5591 : 5.6991971067733e+00 +(8e-03,2e-02) | 4.63e+01 |  3:1.9e-03 10:2.2e-02
Iterat, #Fevals:   Function Value    (median,worst) |Axis Ratio|idx:Min SD idx:Max SD
  560 ,   5601 : 5.7002882234594e+00 +(7e-03,2e-02) | 4.62e+01 |  3:1.9e-03 10:2.2e-02
  561 ,   5611 : 5.7006996786108e+00 +(5e-03,2e-02) | 4.63e+01 |  3:2.0e-03 10:2.3e-02
  562 ,   5621 : 5.6982445052146e+00 +(8e-03,2e-02) | 4.62e+01 |  3:1.7e-03 10:2.0e-02
  563 ,   5631 : 5.7035126151362e+00 +(3e-03,1e-02) | 4.57e+01 |  3:1.7e-03 10:1.9e-02
  564 ,   5641 : 5.6994480080214e+00 +(8e-03,2e-02) | 4.55e+01 |  3:1.7e-03 10:1.9e-02
  565 ,   5651 : 5.7040628009434e+00 +(8e-03,2e-02) | 4.65e+01 |  3:1.6e-03 10:1.9e-02
  566 ,   5661 : 5.6980295655622e+00 +(9e-03,2e-02) | 4.69e+01 |  3:1.5e-03 10:1.7e-02
  567 ,   5671 : 5.7029679079482e+00 +(1e-03,1e-02) | 4.67e+01 |  3:1.4e-03 10:1.6e-02
  568 ,   5681 : 5.7022444870064e+00 +(2e-03,2e-02) | 4.65e+01 |  3:1.3e-03 10:1.5e-02
  569 ,   5691 : 5.6993633897787e+00 +(8e-03,1e-02) | 4.74e+01 |  3:1.2e-03 10:1.4e-02
Iterat, #Fevals:   Function Value    (median,worst) |Axis Ratio|idx:Min SD idx:Max SD
  570 ,   5701 : 5.7030644831628e+00 +(2e-03,9e-03) | 4.72e+01 |  3:1.1e-03 10:1.3e-02
  571 ,   5711 : 5.7001488386445e+00 +(7e-03,2e-02) | 4.77e+01 |  3:1.1e-03 10:1.3e-02
  572 ,   5721 : 5.6971728739133e+00 +(7e-03,2e-02) | 4.79e+01 |  3:9.8e-04 10:1.2e-02
  573 ,   5731 : 5.7003538089370e+00 +(5e-03,2e-02) | 4.80e+01 |  3:8.8e-04 10:1.0e-02
  574 ,   5741 : 5.7007364130225e+00 +(1e-02,2e-02) | 4.78e+01 |  3:8.4e-04 10:1.0e-02
  575 ,   5751 : 5.6993766495257e+00 +(5e-03,2e-02) | 4.73e+01 |  3:8.8e-04 10:1.1e-02
  576 ,   5761 : 5.6993682574676e+00 +(4e-03,1e-02) | 4.88e+01 |  3:8.3e-04 10:1.0e-02
  577 ,   5771 : 5.6950002520298e+00 +(9e-03,2e-02) | 4.90e+01 |  3:7.7e-04 10:9.8e-03
  578 ,   5781 : 5.6990128244471e+00 +(5e-03,2e-02) | 4.85e+01 |  3:7.5e-04 10:9.5e-03
  579 ,   5791 : 5.7027087446466e+00 +(3e-03,1e-02) | 4.76e+01 |  3:7.8e-04 10:9.7e-03
Iterat, #Fevals:   Function Value    (median,worst) |Axis Ratio|idx:Min SD idx:Max SD
  580 ,   5801 : 5.7002953919212e+00 +(5e-03,1e-02) | 4.69e+01 |  3:7.8e-04 10:9.6e-03
  581 ,   5811 : 5.7002404352940e+00 +(6e-03,2e-02) | 4.70e+01 |  3:8.4e-04 10:1.0e-02
  582 ,   5821 : 5.6966897442825e+00 +(1e-02,1e-02) | 4.88e+01 |  3:8.6e-04 10:1.1e-02
  583 ,   5831 : 5.6996092609072e+00 +(7e-03,2e-02) | 5.05e+01 |  3:9.1e-04 10:1.2e-02
  584 ,   5841 : 5.7014859892595e+00 +(1e-02,3e-02) | 4.98e+01 |  3:8.6e-04 10:1.1e-02
  585 ,   5851 : 5.7040785193472e+00 +(8e-03,2e-02) | 5.03e+01 |  3:8.1e-04 10:1.1e-02
  586 ,   5861 : 5.7004140518121e+00 +(4e-03,2e-02) | 4.82e+01 |  3:8.1e-04 10:1.1e-02
  587 ,   5871 : 5.7010898127063e+00 +(9e-03,2e-02) | 4.81e+01 |  3:7.8e-04 10:1.0e-02
  588 ,   5881 : 5.7009250826372e+00 +(8e-03,3e-02) | 4.68e+01 |  3:8.3e-04 10:1.1e-02
  589 ,   5891 : 5.6991470581037e+00 +(8e-03,2e-02) | 4.56e+01 |  3:8.4e-04 10:1.1e-02
Iterat, #Fevals:   Function Value    (median,worst) |Axis Ratio|idx:Min SD idx:Max SD
  590 ,   5901 : 5.6998640480542e+00 +(2e-03,1e-02) | 4.49e+01 |  3:8.9e-04 10:1.1e-02
  591 ,   5911 : 5.7012218844666e+00 +(6e-03,9e-03) | 4.48e+01 |  3:9.3e-04 10:1.2e-02
  592 ,   5921 : 5.7015091280691e+00 +(5e-03,2e-02) | 4.34e+01 |  3:9.5e-04 10:1.2e-02
  593 ,   5931 : 5.7018361313776e+00 +(6e-03,2e-02) | 4.36e+01 |  3:9.8e-04 10:1.2e-02
  594 ,   5941 : 5.7013764691790e+00 +(2e-03,7e-03) | 4.39e+01 |  3:9.3e-04 10:1.1e-02
  595 ,   5951 : 5.7004000384058e+00 +(6e-03,1e-02) | 4.43e+01 |  3:9.3e-04 10:1.1e-02
  596 ,   5961 : 5.7005278195310e+00 +(8e-03,1e-02) | 4.37e+01 |  3:9.1e-04 10:1.1e-02
  597 ,   5971 : 5.7020166449099e+00 +(5e-03,1e-02) | 4.24e+01 |  3:8.8e-04 10:1.1e-02
  598 ,   5981 : 5.7013337034260e+00 +(5e-03,1e-02) | 4.21e+01 |  3:8.8e-04 10:1.1e-02
  599 ,   5991 : 5.7000862897514e+00 +(9e-03,2e-02) | 4.02e+01 |  3:9.1e-04 10:1.1e-02
Iterat, #Fevals:   Function Value    (median,worst) |Axis Ratio|idx:Min SD idx:Max SD
  600 ,   6001 : 5.7010042995605e+00 +(5e-03,2e-02) | 4.02e+01 |  3:1.0e-03 10:1.2e-02
  601 ,   6011 : 5.7005589305625e+00 +(4e-03,2e-02) | 3.99e+01 |  3:1.0e-03 10:1.3e-02
  602 ,   6021 : 5.7007732673313e+00 +(4e-03,2e-02) | 3.97e+01 |  3:1.0e-03 10:1.3e-02
  603 ,   6031 : 5.7007399007360e+00 +(5e-03,1e-02) | 3.96e+01 |  3:1.0e-03 10:1.3e-02
  604 ,   6041 : 5.6987238881588e+00 +(7e-03,2e-02) | 3.95e+01 |  3:1.1e-03 10:1.3e-02
  605 ,   6051 : 5.7020879740419e+00 +(8e-03,2e-02) | 3.92e+01 |  3:1.1e-03 10:1.3e-02
  606 ,   6061 : 5.7008012943359e+00 +(6e-03,2e-02) | 3.91e+01 |  3:1.1e-03 10:1.3e-02
  607 ,   6071 : 5.6974229264551e+00 +(9e-03,2e-02) | 3.90e+01 |  3:1.3e-03 10:1.5e-02
  608 ,   6081 : 5.6973910465463e+00 +(6e-03,2e-02) | 4.09e+01 |  3:1.4e-03 10:1.6e-02
  609 ,   6091 : 5.7023393007689e+00 +(5e-03,2e-02) | 4.11e+01 |  3:1.4e-03 10:1.7e-02
Iterat, #Fevals:   Function Value    (median,worst) |Axis Ratio|idx:Min SD idx:Max SD
  610 ,   6101 : 5.7004070154118e+00 +(6e-03,2e-02) | 4.09e+01 |  3:1.4e-03 10:1.6e-02
  611 ,   6111 : 5.7038153884660e+00 +(3e-03,1e-02) | 4.20e+01 |  3:1.4e-03 10:1.7e-02
  612 ,   6121 : 5.7017117154680e+00 +(3e-03,1e-02) | 4.16e+01 |  3:1.4e-03 10:1.7e-02
  613 ,   6131 : 5.6990193842225e+00 +(1e-02,2e-02) | 4.16e+01 |  3:1.3e-03 10:1.5e-02
  614 ,   6141 : 5.7028454882194e+00 +(6e-03,2e-02) | 4.14e+01 |  3:1.4e-03 10:1.6e-02
  615 ,   6151 : 5.7026404073292e+00 +(2e-03,1e-02) | 4.02e+01 |  3:1.5e-03 10:1.8e-02
  616 ,   6161 : 5.6995973410273e+00 +(8e-03,2e-02) | 4.05e+01 |  3:1.6e-03 10:1.9e-02
  617 ,   6171 : 5.6975733513060e+00 +(1e-02,2e-02) | 4.10e+01 |  3:1.7e-03 10:2.0e-02
  618 ,   6181 : 5.7058010106423e+00 +(4e-03,1e-02) | 4.13e+01 |  3:1.7e-03 10:1.9e-02
  619 ,   6191 : 5.6990011680242e+00 +(6e-03,1e-02) | 4.16e+01 |  3:1.8e-03 10:2.1e-02
Iterat, #Fevals:   Function Value    (median,worst) |Axis Ratio|idx:Min SD idx:Max SD
  620 ,   6201 : 5.7015659894876e+00 +(5e-03,2e-02) | 4.23e+01 |  3:1.7e-03 10:2.0e-02
  621 ,   6211 : 5.6996806554785e+00 +(9e-03,2e-02) | 4.25e+01 |  3:1.6e-03 10:1.9e-02
  622 ,   6221 : 5.6996010865618e+00 +(6e-03,2e-02) | 4.31e+01 |  3:1.5e-03 10:1.7e-02
  623 ,   6231 : 5.6962344908703e+00 +(1e-02,3e-02) | 4.38e+01 |  3:1.4e-03 10:1.7e-02
  624 ,   6241 : 5.7024385099746e+00 +(4e-03,1e-02) | 4.45e+01 |  3:1.3e-03 10:1.6e-02
  625 ,   6251 : 5.6999846617509e+00 +(7e-03,2e-02) | 4.47e+01 |  3:1.2e-03 10:1.5e-02
  626 ,   6261 : 5.7024345362838e+00 +(3e-03,1e-02) | 4.45e+01 |  3:1.1e-03 10:1.4e-02
  627 ,   6271 : 5.7007928411263e+00 +(8e-03,2e-02) | 4.23e+01 |  3:1.1e-03 10:1.3e-02
  628 ,   6281 : 5.7012479919816e+00 +(8e-03,2e-02) | 4.19e+01 |  3:9.6e-04 10:1.2e-02
  629 ,   6291 : 5.6975525133441e+00 +(1e-02,2e-02) | 4.22e+01 |  3:9.3e-04 10:1.1e-02
Iterat, #Fevals:   Function Value    (median,worst) |Axis Ratio|idx:Min SD idx:Max SD
  630 ,   6301 : 5.7013898557848e+00 +(3e-03,2e-02) | 4.23e+01 |  3:8.8e-04 10:1.1e-02
  631 ,   6311 : 5.6991019506637e+00 +(5e-03,2e-02) | 4.22e+01 |  3:7.8e-04 10:9.4e-03
  632 ,   6321 : 5.6993062256024e+00 +(9e-03,1e-02) | 4.24e+01 |  3:7.1e-04 10:8.4e-03
  633 ,   6331 : 5.7031735582150e+00 +(2e-03,1e-02) | 4.27e+01 |  3:6.3e-04 10:7.5e-03
  634 ,   6341 : 5.7007537113056e+00 +(4e-03,8e-03) | 4.49e+01 |  3:7.3e-04 10:9.2e-03
  635 ,   6351 : 5.7003456314726e+00 +(5e-03,1e-02) | 4.37e+01 |  3:7.3e-04 10:9.2e-03
  636 ,   6361 : 5.6993105637743e+00 +(8e-03,2e-02) | 4.34e+01 |  3:6.9e-04 10:8.6e-03
  637 ,   6371 : 5.7026148173712e+00 +(4e-03,1e-02) | 4.36e+01 |  3:6.6e-04 10:8.3e-03
  638 ,   6381 : 5.7014578757187e+00 +(9e-03,2e-02) | 4.36e+01 |  3:6.1e-04 10:7.7e-03
  639 ,   6391 : 5.6992482078566e+00 +(7e-03,2e-02) | 4.43e+01 |  3:5.8e-04 10:7.4e-03
Iterat, #Fevals:   Function Value    (median,worst) |Axis Ratio|idx:Min SD idx:Max SD
  640 ,   6401 : 5.7010519727550e+00 +(7e-03,2e-02) | 4.48e+01 |  3:5.4e-04 10:7.0e-03
  641 ,   6411 : 5.7014653460286e+00 +(4e-03,1e-02) | 4.54e+01 |  3:5.4e-04 10:7.0e-03
  642 ,   6421 : 5.7006347346427e+00 +(4e-03,2e-02) | 4.47e+01 |  3:5.6e-04 10:7.4e-03
  643 ,   6431 : 5.6984166127197e+00 +(9e-03,2e-02) | 4.44e+01 |  3:5.3e-04 10:7.0e-03
  644 ,   6441 : 5.7016002998911e+00 +(4e-03,2e-02) | 4.48e+01 |  3:5.2e-04 10:7.0e-03
  645 ,   6451 : 5.7021209009245e+00 +(7e-03,1e-02) | 4.58e+01 |  3:5.3e-04 10:7.1e-03
  646 ,   6461 : 5.7026701962349e+00 +(8e-03,2e-02) | 4.54e+01 |  3:4.9e-04 10:6.5e-03
  647 ,   6471 : 5.6999995774949e+00 +(5e-03,2e-02) | 4.45e+01 |  3:4.6e-04 10:6.0e-03
  648 ,   6481 : 5.7005328149939e+00 +(5e-03,2e-02) | 4.46e+01 |  3:4.7e-04 10:6.0e-03
  649 ,   6491 : 5.7043006076791e+00 +(2e-03,5e-03) | 4.49e+01 |  3:4.9e-04 10:6.3e-03
Iterat, #Fevals:   Function Value    (median,worst) |Axis Ratio|idx:Min SD idx:Max SD
  650 ,   6501 : 5.7012165496151e+00 +(6e-03,1e-02) | 4.51e+01 |  3:4.8e-04 10:6.3e-03
  651 ,   6511 : 5.7024758486124e+00 +(6e-03,1e-02) | 4.50e+01 |  3:4.6e-04 10:5.9e-03
  652 ,   6521 : 5.7006297908432e+00 +(3e-03,2e-02) | 4.53e+01 |  3:4.5e-04 10:5.6e-03
  653 ,   6531 : 5.7026186528631e+00 +(5e-03,1e-02) | 4.54e+01 |  3:4.8e-04 10:6.2e-03
  654 ,   6541 : 5.7012711485436e+00 +(7e-03,2e-02) | 4.89e+01 |  3:5.4e-04 10:7.3e-03
  655 ,   6551 : 5.7067397312200e+00 +(4e-03,2e-02) | 5.37e+01 |  3:6.2e-04 10:9.1e-03
  656 ,   6561 : 5.7015134274055e+00 +(5e-03,2e-02) | 5.63e+01 |  3:6.8e-04 10:1.0e-02
  657 ,   6571 : 5.7011001121704e+00 +(8e-03,2e-02) | 5.75e+01 |  3:7.2e-04 10:1.1e-02
  658 ,   6581 : 5.7005368573820e+00 +(6e-03,1e-02) | 5.84e+01 |  3:7.8e-04 10:1.2e-02
  659 ,   6591 : 5.7009502500629e+00 +(7e-03,1e-02) | 5.77e+01 |  3:8.4e-04 10:1.3e-02
Iterat, #Fevals:   Function Value    (median,worst) |Axis Ratio|idx:Min SD idx:Max SD
  660 ,   6601 : 5.7001938104358e+00 +(8e-03,1e-02) | 5.80e+01 |  3:9.1e-04 10:1.4e-02
  661 ,   6611 : 5.7028413503275e+00 +(3e-03,2e-02) | 5.75e+01 |  3:8.9e-04 10:1.3e-02
  662 ,   6621 : 5.6995517996993e+00 +(5e-03,2e-02) | 5.84e+01 |  3:8.7e-04 10:1.3e-02
  663 ,   6631 : 5.7009831162026e+00 +(4e-03,1e-02) | 5.81e+01 |  3:8.4e-04 10:1.3e-02
  664 ,   6641 : 5.6985168030879e+00 +(1e-02,2e-02) | 5.79e+01 |  3:8.4e-04 10:1.3e-02
  665 ,   6651 : 5.6982655111425e+00 +(5e-03,2e-02) | 5.82e+01 |  3:7.5e-04 10:1.2e-02
  666 ,   6661 : 5.7007046874150e+00 +(4e-03,2e-02) | 5.73e+01 |  3:7.1e-04 10:1.1e-02
  667 ,   6671 : 5.7012967479619e+00 +(5e-03,2e-02) | 5.71e+01 |  3:6.5e-04 10:1.0e-02
  668 ,   6681 : 5.6954430660611e+00 +(9e-03,2e-02) | 5.74e+01 |  3:6.2e-04 10:9.8e-03
  669 ,   6691 : 5.6980630197095e+00 +(9e-03,2e-02) | 5.91e+01 |  3:6.5e-04 10:1.0e-02
Iterat, #Fevals:   Function Value    (median,worst) |Axis Ratio|idx:Min SD idx:Max SD
  670 ,   6701 : 5.7048746913819e+00 +(6e-03,1e-02) | 6.03e+01 |  3:7.1e-04 10:1.2e-02
  671 ,   6711 : 5.7012795124064e+00 +(3e-03,9e-03) | 6.31e+01 |  3:7.8e-04 10:1.3e-02
  672 ,   6721 : 5.6992942884362e+00 +(6e-03,1e-02) | 6.36e+01 |  3:7.9e-04 10:1.4e-02
  673 ,   6731 : 5.7018598440652e+00 +(6e-03,2e-02) | 6.78e+01 |  3:8.3e-04 10:1.4e-02
  674 ,   6741 : 5.7025176257135e+00 +(8e-03,1e-02) | 6.89e+01 |  3:7.9e-04 10:1.4e-02
  675 ,   6751 : 5.7027545757321e+00 +(4e-03,2e-02) | 6.89e+01 |  3:8.3e-04 10:1.5e-02
  676 ,   6761 : 5.7031475616906e+00 +(5e-03,1e-02) | 6.57e+01 |  3:8.5e-04 10:1.5e-02
  677 ,   6771 : 5.7015173617381e+00 +(7e-03,1e-02) | 6.52e+01 |  3:8.0e-04 10:1.4e-02
  678 ,   6781 : 5.7021139545890e+00 +(6e-03,2e-02) | 6.56e+01 |  3:7.1e-04 10:1.3e-02
  679 ,   6791 : 5.7010245730751e+00 +(7e-03,2e-02) | 6.64e+01 |  3:6.6e-04 10:1.2e-02
Iterat, #Fevals:   Function Value    (median,worst) |Axis Ratio|idx:Min SD idx:Max SD
  680 ,   6801 : 5.7018690647756e+00 +(4e-03,1e-02) | 6.53e+01 |  3:6.3e-04 10:1.2e-02
  681 ,   6811 : 5.7011288886340e+00 +(6e-03,2e-02) | 6.51e+01 |  3:6.3e-04 10:1.2e-02
  682 ,   6821 : 5.7010622085750e+00 +(6e-03,2e-02) | 6.52e+01 |  3:6.8e-04 10:1.2e-02
  683 ,   6831 : 5.7025087945935e+00 +(3e-03,9e-03) | 6.43e+01 |  3:7.0e-04 10:1.2e-02
  684 ,   6841 : 5.7018598247868e+00 +(4e-03,2e-02) | 6.46e+01 |  3:6.8e-04 10:1.2e-02
  685 ,   6851 : 5.7036975457330e+00 +(1e-02,2e-02) | 6.44e+01 |  3:6.6e-04 10:1.1e-02
  686 ,   6861 : 5.7010933960267e+00 +(2e-03,1e-02) | 6.45e+01 |  3:6.5e-04 10:1.1e-02
  687 ,   6871 : 5.6993883500093e+00 +(8e-03,2e-02) | 6.45e+01 |  3:6.6e-04 10:1.1e-02
  688 ,   6881 : 5.7022904858354e+00 +(5e-03,1e-02) | 6.40e+01 |  3:6.8e-04 10:1.1e-02
  689 ,   6891 : 5.6989435800961e+00 +(6e-03,1e-02) | 6.32e+01 |  3:6.8e-04 10:1.1e-02
Iterat, #Fevals:   Function Value    (median,worst) |Axis Ratio|idx:Min SD idx:Max SD
  690 ,   6901 : 5.6993300915799e+00 +(9e-03,2e-02) | 6.30e+01 |  3:6.5e-04 10:1.0e-02
  691 ,   6911 : 5.6989720680347e+00 +(6e-03,2e-02) | 6.25e+01 |  3:6.3e-04 10:9.8e-03
  692 ,   6921 : 5.6993167024006e+00 +(7e-03,2e-02) | 6.24e+01 |  3:5.9e-04 10:9.2e-03
  693 ,   6931 : 5.7022215885360e+00 +(3e-03,2e-02) | 6.21e+01 |  3:6.0e-04 10:9.1e-03
  694 ,   6941 : 5.6968812156518e+00 +(7e-03,2e-02) | 6.17e+01 |  3:5.8e-04 10:8.7e-03
  695 ,   6951 : 5.7006962789117e+00 +(6e-03,2e-02) | 6.26e+01 |  3:6.0e-04 10:8.9e-03
  696 ,   6961 : 5.6992052919584e+00 +(3e-03,2e-02) | 6.24e+01 |  3:6.0e-04 10:8.9e-03
  697 ,   6971 : 5.6997615446554e+00 +(7e-03,1e-02) | 6.31e+01 |  3:5.6e-04 10:8.5e-03
  698 ,   6981 : 5.7005729714139e+00 +(5e-03,2e-02) | 6.20e+01 |  3:5.4e-04 10:8.1e-03
  699 ,   6991 : 5.7016073990553e+00 +(5e-03,2e-02) | 6.21e+01 |  3:5.5e-04 10:8.3e-03
Iterat, #Fevals:   Function Value    (median,worst) |Axis Ratio|idx:Min SD idx:Max SD
  700 ,   7001 : 5.6972951657601e+00 +(9e-03,2e-02) | 6.34e+01 |  3:5.6e-04 10:8.4e-03
  701 ,   7011 : 5.7014174100748e+00 +(7e-03,2e-02) | 6.34e+01 |  3:5.6e-04 10:8.5e-03
  702 ,   7021 : 5.7022451165873e+00 +(4e-03,1e-02) | 6.37e+01 |  3:5.0e-04 10:7.5e-03
  703 ,   7031 : 5.7017099374399e+00 +(6e-03,2e-02) | 6.27e+01 |  3:5.2e-04 10:7.8e-03
  704 ,   7041 : 5.7004637700985e+00 +(5e-03,1e-02) | 6.16e+01 |  3:6.1e-04 10:9.1e-03
  705 ,   7051 : 5.7006377393689e+00 +(5e-03,1e-02) | 6.27e+01 |  3:6.4e-04 10:9.6e-03
  706 ,   7061 : 5.7012706027869e+00 +(5e-03,1e-02) | 6.25e+01 |  3:7.2e-04 10:1.1e-02
  707 ,   7071 : 5.7026494156694e+00 +(3e-03,2e-02) | 6.28e+01 |  3:8.3e-04 10:1.1e-02
  708 ,   7081 : 5.6965737922659e+00 +(7e-03,2e-02) | 6.31e+01 |  3:9.0e-04 10:1.2e-02
  709 ,   7091 : 5.7010101221338e+00 +(6e-03,2e-02) | 6.37e+01 |  3:9.8e-04 10:1.3e-02
Iterat, #Fevals:   Function Value    (median,worst) |Axis Ratio|idx:Min SD idx:Max SD
  710 ,   7101 : 5.6994425813262e+00 +(1e-02,2e-02) | 6.43e+01 |  3:9.9e-04 10:1.3e-02
  711 ,   7111 : 5.7030103710811e+00 +(5e-03,1e-02) | 6.50e+01 |  3:9.1e-04 10:1.2e-02
  712 ,   7121 : 5.7002622089037e+00 +(4e-03,2e-02) | 6.49e+01 |  3:8.8e-04 10:1.2e-02
  713 ,   7131 : 5.6999735519218e+00 +(9e-03,2e-02) | 6.29e+01 |  3:8.7e-04 10:1.2e-02
  714 ,   7141 : 5.6986222960967e+00 +(8e-03,2e-02) | 6.19e+01 |  3:8.4e-04 10:1.1e-02
  715 ,   7151 : 5.7002017826500e+00 +(5e-03,1e-02) | 6.12e+01 |  3:7.8e-04 10:1.0e-02
  716 ,   7161 : 5.6988221858780e+00 +(6e-03,2e-02) | 6.13e+01 |  3:7.6e-04 10:1.0e-02
  717 ,   7171 : 5.6999401495044e+00 +(7e-03,2e-02) | 6.02e+01 |  3:6.9e-04 10:9.3e-03
  718 ,   7181 : 5.6996347748707e+00 +(3e-03,2e-02) | 6.15e+01 |  3:7.2e-04 10:9.6e-03
  719 ,   7191 : 5.7013486042430e+00 +(6e-03,1e-02) | 6.16e+01 |  3:7.8e-04 10:1.0e-02
Iterat, #Fevals:   Function Value    (median,worst) |Axis Ratio|idx:Min SD idx:Max SD
  720 ,   7201 : 5.6990728947177e+00 +(6e-03,2e-02) | 6.24e+01 |  3:7.9e-04 10:1.1e-02
  721 ,   7211 : 5.7008224774309e+00 +(3e-03,1e-02) | 6.06e+01 |  3:7.7e-04 10:1.0e-02
  722 ,   7221 : 5.7024342194375e+00 +(4e-03,1e-02) | 6.03e+01 |  3:7.3e-04 10:9.8e-03
  723 ,   7231 : 5.6985743627470e+00 +(9e-03,2e-02) | 6.01e+01 |  3:6.9e-04 10:9.3e-03
  724 ,   7241 : 5.7009538524411e+00 +(8e-03,2e-02) | 5.81e+01 |  3:6.6e-04 10:8.9e-03
  725 ,   7251 : 5.7021642183750e+00 +(3e-03,1e-02) | 5.75e+01 |  3:6.5e-04 10:8.6e-03
  726 ,   7261 : 5.6983198737506e+00 +(9e-03,2e-02) | 5.67e+01 |  3:6.5e-04 10:8.7e-03
  727 ,   7271 : 5.7032882256856e+00 +(2e-03,7e-03) | 5.79e+01 |  3:6.7e-04 10:9.1e-03
  728 ,   7281 : 5.6979610473958e+00 +(7e-03,2e-02) | 5.88e+01 |  3:6.6e-04 10:9.1e-03
  729 ,   7291 : 5.7021596058347e+00 +(4e-03,1e-02) | 5.84e+01 |  3:6.4e-04 10:8.6e-03
Iterat, #Fevals:   Function Value    (median,worst) |Axis Ratio|idx:Min SD idx:Max SD
  730 ,   7301 : 5.7018359034091e+00 +(4e-03,7e-03) | 5.82e+01 |  3:6.2e-04 10:8.2e-03
  731 ,   7311 : 5.6994179462292e+00 +(8e-03,2e-02) | 5.74e+01 |  3:6.2e-04 10:8.1e-03
  732 ,   7321 : 5.6997854414917e+00 +(5e-03,9e-03) | 5.64e+01 |  3:6.4e-04 10:8.4e-03
  733 ,   7331 : 5.6983356886251e+00 +(1e-02,2e-02) | 5.79e+01 |  3:6.5e-04 10:8.7e-03
  734 ,   7341 : 5.7023577972052e+00 +(6e-03,1e-02) | 5.81e+01 |  3:6.3e-04 10:8.4e-03
  735 ,   7351 : 5.7012460193468e+00 +(4e-03,1e-02) | 5.83e+01 |  3:6.7e-04 10:8.9e-03
  736 ,   7361 : 5.6987269838135e+00 +(4e-03,1e-02) | 5.76e+01 |  3:7.0e-04 10:9.3e-03
  737 ,   7371 : 5.7008586002544e+00 +(5e-03,1e-02) | 5.76e+01 |  3:7.3e-04 10:9.8e-03
  738 ,   7381 : 5.7038126282604e+00 +(6e-03,2e-02) | 5.71e+01 |  3:7.0e-04 10:9.4e-03
  739 ,   7391 : 5.7037165381244e+00 +(7e-03,2e-02) | 5.67e+01 |  3:6.5e-04 10:8.8e-03
Iterat, #Fevals:   Function Value    (median,worst) |Axis Ratio|idx:Min SD idx:Max SD
  740 ,   7401 : 5.6987056340834e+00 +(6e-03,2e-02) | 5.61e+01 |  3:6.4e-04 10:8.6e-03
  741 ,   7411 : 5.7018190191205e+00 +(6e-03,1e-02) | 5.58e+01 |  3:6.6e-04 10:8.8e-03
  742 ,   7421 : 5.7009378718544e+00 +(5e-03,1e-02) | 5.54e+01 |  3:6.6e-04 10:8.6e-03
  743 ,   7431 : 5.7032007223669e+00 +(2e-03,2e-02) | 5.59e+01 |  3:6.6e-04 10:8.6e-03
  744 ,   7441 : 5.7040074780082e+00 +(6e-03,1e-02) | 5.57e+01 |  3:6.1e-04 10:8.0e-03
  745 ,   7451 : 5.7036978470058e+00 +(4e-03,2e-02) | 5.64e+01 |  3:6.2e-04 10:8.1e-03
  746 ,   7461 : 5.7013804948811e+00 +(8e-03,2e-02) | 5.63e+01 |  3:5.7e-04 10:7.4e-03
  747 ,   7471 : 5.7012054960617e+00 +(5e-03,1e-02) | 5.56e+01 |  3:5.6e-04 10:7.3e-03
  748 ,   7481 : 5.6995996864731e+00 +(1e-02,2e-02) | 5.56e+01 |  3:6.1e-04 10:7.8e-03
  749 ,   7491 : 5.7023974573602e+00 +(8e-03,2e-02) | 5.69e+01 |  3:6.5e-04 10:8.2e-03
Iterat, #Fevals:   Function Value    (median,worst) |Axis Ratio|idx:Min SD idx:Max SD
  750 ,   7501 : 5.7030041600938e+00 +(1e-02,3e-02) | 5.76e+01 |  3:6.7e-04 10:8.4e-03
  751 ,   7511 : 5.6989737286837e+00 +(7e-03,3e-02) | 5.62e+01 |  3:6.9e-04 10:8.4e-03
  752 ,   7521 : 5.7005733143230e+00 +(7e-03,2e-02) | 5.63e+01 |  3:6.7e-04 10:8.0e-03
  753 ,   7531 : 5.7046849406681e+00 +(4e-03,1e-02) | 5.68e+01 |  3:6.4e-04 10:7.7e-03
  754 ,   7541 : 5.7023043307620e+00 +(7e-03,2e-02) | 5.73e+01 |  3:6.8e-04 10:7.9e-03
  755 ,   7551 : 5.7003379624790e+00 +(8e-03,2e-02) | 5.66e+01 |  3:7.1e-04 10:8.1e-03
  756 ,   7561 : 5.6994630361456e+00 +(6e-03,2e-02) | 5.60e+01 |  3:8.0e-04 10:8.4e-03
  757 ,   7571 : 5.7008466582850e+00 +(3e-03,2e-02) | 5.60e+01 |  3:8.3e-04 10:8.4e-03
  758 ,   7581 : 5.7014192925516e+00 +(5e-03,2e-02) | 5.54e+01 |  3:7.9e-04 10:7.9e-03
  759 ,   7591 : 5.6993921563017e+00 +(6e-03,2e-02) | 5.57e+01 |  3:8.6e-04 10:8.5e-03
Iterat, #Fevals:   Function Value    (median,worst) |Axis Ratio|idx:Min SD idx:Max SD
  760 ,   7601 : 5.7020496666963e+00 +(9e-03,1e-02) | 5.69e+01 |  3:9.0e-04 10:9.1e-03
  761 ,   7611 : 5.7034044087075e+00 +(9e-03,2e-02) | 5.77e+01 |  3:8.8e-04 10:9.1e-03
  762 ,   7621 : 5.6992413162728e+00 +(7e-03,2e-02) | 5.70e+01 |  3:8.9e-04 10:9.3e-03
  763 ,   7631 : 5.7002692024645e+00 +(8e-03,2e-02) | 5.81e+01 |  3:9.0e-04 10:9.5e-03
  764 ,   7641 : 5.6998297911184e+00 +(1e-02,2e-02) | 5.91e+01 |  3:8.2e-04 10:8.8e-03
  765 ,   7651 : 5.7031540685794e+00 +(4e-03,1e-02) | 5.91e+01 |  3:8.0e-04 10:8.5e-03
  766 ,   7661 : 5.7019826614699e+00 +(8e-03,2e-02) | 5.95e+01 |  3:7.5e-04 10:8.0e-03
  767 ,   7671 : 5.7021172860218e+00 +(4e-03,2e-02) | 5.94e+01 |  3:7.0e-04 10:7.4e-03
  768 ,   7681 : 5.7037588097050e+00 +(2e-03,2e-02) | 6.06e+01 |  3:6.8e-04 10:7.1e-03
  769 ,   7691 : 5.7003875193715e+00 +(9e-03,1e-02) | 5.86e+01 |  3:6.7e-04 10:7.0e-03
Iterat, #Fevals:   Function Value    (median,worst) |Axis Ratio|idx:Min SD idx:Max SD
  770 ,   7701 : 5.7013632928255e+00 +(1e-02,2e-02) | 5.72e+01 |  3:6.1e-04 10:6.4e-03
  771 ,   7711 : 5.7024411304125e+00 +(3e-03,1e-02) | 5.81e+01 |  3:6.0e-04 10:6.3e-03
  772 ,   7721 : 5.6997324263406e+00 +(5e-03,1e-02) | 5.80e+01 |  3:6.4e-04 10:6.7e-03
  773 ,   7731 : 5.7018219714089e+00 +(6e-03,1e-02) | 5.87e+01 |  3:7.0e-04 10:7.3e-03
  774 ,   7741 : 5.7024363043454e+00 +(7e-03,2e-02) | 5.91e+01 |  3:7.1e-04 10:7.3e-03
  775 ,   7751 : 5.7038164421229e+00 +(4e-03,1e-02) | 6.06e+01 |  2:7.1e-04 10:7.5e-03
  776 ,   7761 : 5.7008124096563e+00 +(6e-03,2e-02) | 6.09e+01 |  2:6.8e-04 10:7.1e-03
  777 ,   7771 : 5.7012448181013e+00 +(6e-03,1e-02) | 6.08e+01 |  2:6.2e-04 10:6.5e-03
  778 ,   7781 : 5.7000514830647e+00 +(8e-03,2e-02) | 6.11e+01 |  2:5.4e-04 10:5.6e-03
  779 ,   7791 : 5.7049022406663e+00 +(6e-03,2e-02) | 6.14e+01 |  2:4.9e-04 10:5.1e-03
Iterat, #Fevals:   Function Value    (median,worst) |Axis Ratio|idx:Min SD idx:Max SD
  780 ,   7801 : 5.7016685940847e+00 +(9e-03,2e-02) | 6.15e+01 |  2:4.3e-04 10:4.6e-03
  781 ,   7811 : 5.7035187913687e+00 +(5e-03,2e-02) | 6.17e+01 |  2:4.3e-04 10:4.5e-03
  782 ,   7821 : 5.7032934200995e+00 +(4e-03,1e-02) | 6.13e+01 |  2:4.6e-04 10:4.6e-03
  783 ,   7831 : 5.6991179459887e+00 +(7e-03,2e-02) | 6.13e+01 |  2:4.4e-04 10:4.4e-03
  784 ,   7841 : 5.7032343878520e+00 +(4e-03,2e-02) | 6.21e+01 |  2:4.1e-04 10:4.0e-03
  785 ,   7851 : 5.7039034725217e+00 +(5e-03,2e-02) | 6.17e+01 |  2:4.0e-04 10:3.9e-03
  786 ,   7861 : 5.7041537809091e+00 +(6e-03,2e-02) | 6.14e+01 |  2:4.1e-04 10:3.9e-03
  787 ,   7871 : 5.7020646627945e+00 +(5e-03,2e-02) | 6.00e+01 |  2:3.9e-04 10:3.7e-03
  788 ,   7881 : 5.6997928576571e+00 +(4e-03,1e-02) | 5.93e+01 |  2:3.5e-04 10:3.4e-03
  789 ,   7891 : 5.6993763055510e+00 +(6e-03,1e-02) | 6.01e+01 |  3:3.2e-04 10:3.1e-03
Iterat, #Fevals:   Function Value    (median,worst) |Axis Ratio|idx:Min SD idx:Max SD
  790 ,   7901 : 5.6988668755571e+00 +(8e-03,2e-02) | 6.02e+01 |  2:3.0e-04 10:2.9e-03
  791 ,   7911 : 5.7038724489113e+00 +(3e-03,2e-02) | 5.93e+01 |  2:2.9e-04 10:2.8e-03
#Fevals:   f(returned x)   |    bestever.f     | stopflag (saved to variablescmaes23.mat)
   7912: 5.70387244891e+00 | 3.53927577599e+00 | stagnation
mean solution: +7.5e+00 +1.8e+00 +1.8e-02 +7.0e+00 +7.5e+00 +6.7e-02 +9.7e+00 +3.4e+00 +5.7e+00 +2.5e+01
std deviation:  1.2e-03  2.9e-04  2.9e-04  3.9e-04  9.0e-04  4.8e-04  7.7e-04  5.3e-04  1.6e-03  2.8e-03
use plotcmaesdat.m for plotting the output at any time (option LogModulo must not be zero)
