
                            < M A T L A B (R) >
                  Copyright 1984-2015 The MathWorks, Inc.
                   R2015a (8.5.0.197613) 64-bit (glnxa64)
                             February 12, 2015

 
For online documentation, see http://www.mathworks.com/support
For product information, visit www.mathworks.com.
 

	Academic License

  n=10: (5,10)-CMA-ES(w=[46 27 16 9 3]%, mu_eff=3.2) on function Error
Iterat, #Fevals:   Function Value    (median,worst) |Axis Ratio|idx:Min SD idx:Max SD
    1 ,     11 : 4.9012830252119e+01 +(6e-01,7e+06) | 2.00e+01 |  3:8.1e-01  8:1.6e+01
    2 ,     21 : 4.9214334170853e+01 +(4e-01,2e+09) | 2.01e+01 |  3:7.5e-01  8:1.5e+01
    3 ,     31 : 4.8900282039166e+01 +(7e-01,3e+04) | 2.03e+01 |  3:6.9e-01  9:1.4e+01
    4 ,     41 : 2.4195274506402e+01 +(3e+01,3e+05) | 2.04e+01 |  3:6.2e-01  8:1.2e+01
    5 ,     51 : 4.8943131522770e+01 +(6e-01,3e+09) | 2.12e+01 |  3:6.1e-01  8:1.3e+01
    6 ,     61 : 2.9152196695862e+01 +(2e+01,5e+03) | 2.06e+01 |  3:6.3e-01  8:1.3e+01
    7 ,     71 : 4.8260786528414e+01 +(1e+00,3e+03) | 2.05e+01 |  3:6.9e-01  8:1.4e+01
    8 ,     81 : 4.6861572475946e+01 +(3e+00,1e+05) | 2.06e+01 |  3:6.9e-01  8:1.4e+01
    9 ,     91 : 4.5930547211235e+01 +(4e+00,3e+03) | 2.07e+01 |  3:6.6e-01  8:1.3e+01
Iterat, #Fevals:   Function Value    (median,worst) |Axis Ratio|idx:Min SD idx:Max SD
   10 ,    101 : 1.7245217633432e+01 +(2e+01,3e+01) | 2.07e+01 |  3:6.3e-01  8:1.3e+01
   11 ,    111 : 4.1552014103143e+01 +(8e+00,1e+05) | 1.99e+01 |  2:6.4e-01  8:1.2e+01
   12 ,    121 : 4.3825800127208e+01 +(6e+00,1e+04) | 1.96e+01 |  3:6.3e-01  8:1.2e+01
   13 ,    131 : 3.6072845680667e+01 +(1e+01,1e+01) | 1.98e+01 |  3:6.3e-01  8:1.2e+01
   14 ,    141 : 3.2116822035160e+01 +(2e+01,3e+06) | 2.01e+01 |  3:6.3e-01  8:1.2e+01
   15 ,    151 : 1.7906941895189e+01 +(3e+01,1e+02) | 2.00e+01 |  2:6.0e-01  8:1.1e+01
   16 ,    161 : 1.5640512473420e+01 +(3e+01,3e+01) | 2.06e+01 |  3:5.9e-01  8:1.1e+01
   17 ,    171 : 1.9380638636427e+01 +(1e+01,9e+03) | 2.07e+01 |  3:5.5e-01  8:1.1e+01
   18 ,    181 : 1.9835350924953e+01 +(2e+01,2e+04) | 2.10e+01 |  3:5.0e-01  8:9.6e+00
   19 ,    191 : 1.6837002995695e+01 +(3e+01,3e+03) | 2.06e+01 |  3:4.8e-01  8:9.2e+00
Iterat, #Fevals:   Function Value    (median,worst) |Axis Ratio|idx:Min SD idx:Max SD
   20 ,    201 : 1.8231313023006e+01 +(4e+01,2e+07) | 2.07e+01 |  3:4.5e-01  9:8.6e+00
   21 ,    211 : 1.7050252101157e+01 +(4e+01,8e+02) | 2.06e+01 |  3:4.3e-01  9:8.3e+00
   22 ,    221 : 1.7978705387931e+01 +(1e+01,5e+02) | 2.08e+01 |  3:3.7e-01  9:7.2e+00
   23 ,    231 : 1.8137465244273e+01 +(2e+01,2e+04) | 2.07e+01 |  3:3.7e-01  9:7.1e+00
   24 ,    241 : 1.7828802120537e+01 +(3e+01,2e+03) | 2.10e+01 |  3:3.5e-01  9:6.8e+00
   25 ,    251 : 1.5853512514832e+01 +(2e+01,3e+04) | 2.08e+01 |  3:3.4e-01  9:6.6e+00
   26 ,    261 : 1.8617788252370e+01 +(3e+01,2e+04) | 2.08e+01 |  3:3.4e-01  9:6.7e+00
   27 ,    271 : 1.5747962310515e+01 +(5e+01,3e+04) | 2.09e+01 |  3:3.1e-01  9:6.1e+00
   28 ,    281 : 1.7062853917236e+01 +(2e+01,1e+04) | 2.09e+01 |  3:3.0e-01  9:5.9e+00
   29 ,    291 : 1.6151464992918e+01 +(2e+01,9e+02) | 2.14e+01 |  3:2.7e-01  9:5.4e+00
Iterat, #Fevals:   Function Value    (median,worst) |Axis Ratio|idx:Min SD idx:Max SD
   30 ,    301 : 1.6135466705125e+01 +(1e+01,4e+01) | 2.24e+01 |  3:2.6e-01  9:5.6e+00
   31 ,    311 : 1.6023155192882e+01 +(1e+01,4e+05) | 2.42e+01 |  3:2.8e-01  9:6.4e+00
   32 ,    321 : 1.9208591168643e+01 +(2e+01,1e+03) | 2.48e+01 |  3:2.7e-01  9:6.5e+00
   33 ,    331 : 2.2347403711012e+01 +(1e+01,1e+04) | 2.40e+01 |  3:2.8e-01  9:6.4e+00
   34 ,    341 : 3.0431655765989e+01 +(2e+01,9e+02) | 2.31e+01 |  3:3.1e-01  9:6.8e+00
   35 ,    351 : 2.3535568731178e+01 +(8e+00,2e+04) | 2.28e+01 |  3:3.5e-01  9:7.3e+00
   36 ,    361 : 1.7949402316537e+01 +(2e+01,1e+04) | 2.30e+01 |  3:3.5e-01  9:7.3e+00
   37 ,    371 : 1.9474879704701e+01 +(5e+01,5e+02) | 2.29e+01 |  3:3.9e-01  9:7.8e+00
   38 ,    381 : 2.0040424763718e+01 +(2e+01,4e+03) | 2.30e+01 |  3:4.3e-01  9:8.4e+00
   39 ,    391 : 1.7965163089490e+01 +(2e+01,7e+03) | 2.30e+01 |  3:4.3e-01  9:8.1e+00
Iterat, #Fevals:   Function Value    (median,worst) |Axis Ratio|idx:Min SD idx:Max SD
   40 ,    401 : 1.9751565592078e+01 +(1e+01,7e+02) | 2.29e+01 |  3:4.2e-01  9:7.9e+00
   41 ,    411 : 1.7353907268691e+01 +(2e+01,1e+04) | 2.32e+01 |  3:4.0e-01  9:7.5e+00
   42 ,    421 : 1.7847512527587e+01 +(6e+00,7e+03) | 2.36e+01 |  3:3.7e-01  9:7.2e+00
   43 ,    431 : 2.1084245915801e+01 +(1e+01,4e+03) | 2.53e+01 |  3:3.8e-01  9:7.7e+00
   44 ,    441 : 1.8483351233673e+01 +(5e+00,2e+01) | 2.53e+01 |  3:4.0e-01  9:8.1e+00
   45 ,    451 : 1.8168283723736e+01 +(1e+01,4e+02) | 2.42e+01 |  2:4.2e-01  9:8.4e+00
   46 ,    461 : 1.9324887413218e+01 +(2e+01,2e+03) | 2.45e+01 |  2:4.1e-01  9:8.3e+00
   47 ,    471 : 1.6948524478136e+01 +(5e+00,2e+03) | 2.44e+01 |  2:4.0e-01  9:8.0e+00
   48 ,    481 : 1.6251838976526e+01 +(9e+00,1e+03) | 2.45e+01 |  2:4.0e-01  9:8.0e+00
   49 ,    491 : 1.7927509372816e+01 +(6e+01,8e+03) | 2.44e+01 |  2:3.5e-01  9:7.1e+00
Iterat, #Fevals:   Function Value    (median,worst) |Axis Ratio|idx:Min SD idx:Max SD
   50 ,    501 : 2.2336745274904e+01 +(2e+01,6e+02) | 2.40e+01 |  2:3.3e-01  9:6.6e+00
   51 ,    511 : 1.7412280070704e+01 +(1e+01,2e+02) | 2.38e+01 |  2:3.0e-01  9:5.9e+00
   52 ,    521 : 1.7054610326333e+01 +(5e+00,3e+02) | 2.37e+01 |  3:2.8e-01  9:5.6e+00
   53 ,    531 : 1.7490304196654e+01 +(1e+01,2e+02) | 2.38e+01 |  2:2.6e-01  9:5.1e+00
   54 ,    541 : 1.7235410917571e+01 +(1e+01,1e+01) | 2.37e+01 |  2:2.3e-01  9:4.6e+00
   55 ,    551 : 1.7330926894739e+01 +(2e+00,4e+02) | 2.40e+01 |  2:2.1e-01  9:4.1e+00
   56 ,    561 : 1.6816610444588e+01 +(4e+00,1e+01) | 2.44e+01 |  2:1.8e-01  9:3.6e+00
   57 ,    571 : 1.7512273241034e+01 +(6e-01,1e+01) | 2.42e+01 |  2:1.6e-01  9:3.2e+00
   58 ,    581 : 1.6763535068068e+01 +(4e+00,1e+01) | 2.43e+01 |  2:1.4e-01  9:2.8e+00
   59 ,    591 : 1.7164821183413e+01 +(2e+00,1e+01) | 2.45e+01 |  2:1.3e-01  9:2.6e+00
Iterat, #Fevals:   Function Value    (median,worst) |Axis Ratio|idx:Min SD idx:Max SD
   60 ,    601 : 1.7338571253831e+01 +(5e+00,5e+01) | 2.51e+01 |  3:1.3e-01  9:2.6e+00
   61 ,    611 : 1.7224066086833e+01 +(3e+00,2e+01) | 2.67e+01 |  3:1.4e-01  9:3.0e+00
   62 ,    621 : 1.7162782666524e+01 +(2e+00,2e+01) | 2.75e+01 |  3:1.5e-01  9:3.3e+00
   63 ,    631 : 1.7591457952919e+01 +(5e+00,3e+01) | 2.85e+01 |  3:1.5e-01  9:3.4e+00
   64 ,    641 : 1.7906887529219e+01 +(3e+00,1e+01) | 2.92e+01 |  3:1.5e-01  9:3.5e+00
   65 ,    651 : 1.7584445501420e+01 +(4e+00,1e+01) | 2.97e+01 |  3:1.4e-01  9:3.3e+00
   66 ,    661 : 1.7543149597239e+01 +(1e+00,4e+01) | 2.97e+01 |  3:1.4e-01  9:3.1e+00
   67 ,    671 : 1.7566012597586e+01 +(3e+00,2e+01) | 2.95e+01 |  2:1.4e-01  9:3.0e+00
   68 ,    681 : 1.7550978345402e+01 +(4e-01,9e+00) | 2.95e+01 |  2:1.4e-01  9:3.0e+00
   69 ,    691 : 1.7295632957570e+01 +(2e+00,6e+01) | 3.02e+01 |  2:1.4e-01  9:3.1e+00
Iterat, #Fevals:   Function Value    (median,worst) |Axis Ratio|idx:Min SD idx:Max SD
   70 ,    701 : 1.6473867023161e+01 +(2e+00,3e+01) | 3.12e+01 |  2:1.5e-01  9:3.3e+00
   71 ,    711 : 1.6895108968795e+01 +(4e+00,3e+01) | 3.24e+01 |  2:1.6e-01  9:3.5e+00
   72 ,    721 : 1.7421146187973e+01 +(2e+00,7e+00) | 3.34e+01 |  2:1.5e-01  9:3.4e+00
   73 ,    731 : 1.6797531770229e+01 +(6e-01,1e+01) | 3.29e+01 |  2:1.5e-01  9:3.4e+00
   74 ,    741 : 1.7727332711168e+01 +(4e+00,1e+01) | 3.28e+01 |  2:1.5e-01  9:3.5e+00
   75 ,    751 : 1.6243297645661e+01 +(3e+00,1e+01) | 3.27e+01 |  3:1.7e-01  9:3.7e+00
   76 ,    761 : 1.6527688466859e+01 +(2e+00,2e+01) | 3.26e+01 |  2:1.6e-01  9:3.5e+00
   77 ,    771 : 1.6558100456017e+01 +(3e+00,5e+01) | 3.34e+01 |  2:1.4e-01  9:3.2e+00
   78 ,    781 : 1.6092616044489e+01 +(1e+00,7e+00) | 3.37e+01 |  2:1.4e-01  9:3.2e+00
   79 ,    791 : 1.6306470829596e+01 +(3e+00,2e+01) | 3.36e+01 |  2:1.4e-01  9:3.3e+00
Iterat, #Fevals:   Function Value    (median,worst) |Axis Ratio|idx:Min SD idx:Max SD
   80 ,    801 : 1.6370590812301e+01 +(5e+00,1e+01) | 3.35e+01 |  2:1.4e-01  9:3.2e+00
   81 ,    811 : 1.6341092481789e+01 +(1e+00,1e+01) | 3.35e+01 |  2:1.3e-01  9:3.0e+00
   82 ,    821 : 1.6398550458619e+01 +(2e+00,7e+01) | 3.36e+01 |  2:1.1e-01  9:2.6e+00
   83 ,    831 : 1.6033727320436e+01 +(1e+00,1e+01) | 3.38e+01 |  2:1.2e-01  9:2.7e+00
   84 ,    841 : 1.5979003017484e+01 +(1e+00,9e+01) | 3.46e+01 |  2:1.1e-01  9:2.6e+00
   85 ,    851 : 1.6308321032624e+01 +(1e+00,7e+00) | 3.33e+01 |  2:1.1e-01  9:2.6e+00
   86 ,    861 : 1.6125440254406e+01 +(1e+00,2e+01) | 3.37e+01 |  2:1.1e-01  9:2.4e+00
   87 ,    871 : 1.6090632522558e+01 +(6e-01,1e+01) | 3.34e+01 |  3:1.0e-01  9:2.3e+00
   88 ,    881 : 1.6066771690378e+01 +(3e+00,2e+01) | 3.36e+01 |  3:9.8e-02  9:2.3e+00
   89 ,    891 : 1.6422562148459e+01 +(2e+00,3e+01) | 3.40e+01 |  3:9.5e-02  9:2.2e+00
Iterat, #Fevals:   Function Value    (median,worst) |Axis Ratio|idx:Min SD idx:Max SD
   90 ,    901 : 1.5978234113746e+01 +(3e+00,8e+00) | 3.43e+01 |  3:8.8e-02  9:2.0e+00
   91 ,    911 : 1.6111638140113e+01 +(5e-01,2e+00) | 3.39e+01 |  3:8.1e-02  9:1.9e+00
   92 ,    921 : 1.5889265533210e+01 +(8e-01,1e+01) | 3.41e+01 |  3:7.4e-02  9:1.7e+00
   93 ,    931 : 1.5860747868527e+01 +(1e+00,2e+01) | 3.40e+01 |  3:7.0e-02  9:1.6e+00
   94 ,    941 : 1.5824035355410e+01 +(6e-01,2e+01) | 3.43e+01 |  3:6.9e-02  9:1.6e+00
   95 ,    951 : 1.5627826792594e+01 +(5e-01,2e+00) | 3.41e+01 |  3:6.5e-02  9:1.5e+00
   96 ,    961 : 1.5506768742125e+01 +(9e-01,4e+00) | 3.18e+01 |  3:6.9e-02  9:1.6e+00
   97 ,    971 : 1.5572885795986e+01 +(5e-01,2e+01) | 3.14e+01 |  3:7.2e-02  9:1.6e+00
   98 ,    981 : 1.5585759492318e+01 +(8e-01,4e+00) | 3.16e+01 |  3:7.2e-02  9:1.6e+00
   99 ,    991 : 1.5497380464047e+01 +(1e+00,1e+01) | 3.10e+01 |  3:6.8e-02  9:1.6e+00
Iterat, #Fevals:   Function Value    (median,worst) |Axis Ratio|idx:Min SD idx:Max SD
  100 ,   1001 : 1.5598980854563e+01 +(8e-01,4e+00) | 2.99e+01 |  2:6.9e-02  9:1.5e+00
  101 ,   1011 : 1.5438597056447e+01 +(3e-01,4e+00) | 2.99e+01 |  2:6.9e-02  9:1.5e+00
  102 ,   1021 : 1.5408407431958e+01 +(2e+00,3e+01) | 2.97e+01 |  2:6.9e-02  9:1.5e+00
  103 ,   1031 : 1.5738144724439e+01 +(1e+00,1e+01) | 2.99e+01 |  2:6.6e-02  9:1.5e+00
  104 ,   1041 : 1.5792334770561e+01 +(9e-01,7e+00) | 2.99e+01 |  2:6.3e-02  9:1.4e+00
  105 ,   1051 : 1.5864009478892e+01 +(1e+00,5e+00) | 3.01e+01 |  2:6.1e-02  9:1.4e+00
  106 ,   1061 : 1.5398167194253e+01 +(3e-01,5e+00) | 2.99e+01 |  2:5.4e-02  9:1.2e+00
  107 ,   1071 : 1.5492142642044e+01 +(6e-01,2e+00) | 2.98e+01 |  2:5.0e-02  9:1.1e+00
  108 ,   1081 : 1.5497373418456e+01 +(4e-01,5e+00) | 2.92e+01 |  2:4.4e-02  9:9.6e-01
  109 ,   1091 : 1.5285793521784e+01 +(4e-01,3e+00) | 2.96e+01 |  2:4.5e-02  9:9.7e-01
Iterat, #Fevals:   Function Value    (median,worst) |Axis Ratio|idx:Min SD idx:Max SD
  110 ,   1101 : 1.5321540561536e+01 +(7e-01,2e+00) | 3.04e+01 |  2:4.4e-02  9:9.7e-01
  111 ,   1111 : 1.5389140450463e+01 +(2e-01,1e+00) | 2.98e+01 |  2:4.3e-02  9:9.3e-01
  112 ,   1121 : 1.5281871024916e+01 +(2e-01,3e+00) | 3.01e+01 |  2:4.4e-02  9:9.6e-01
  113 ,   1131 : 1.5259322007300e+01 +(2e-01,2e+00) | 3.02e+01 |  2:4.1e-02  9:9.0e-01
  114 ,   1141 : 1.5342903888938e+01 +(1e-01,1e+00) | 3.07e+01 |  2:3.7e-02  9:8.3e-01
  115 ,   1151 : 1.5296793011440e+01 +(1e-01,1e+00) | 3.08e+01 |  3:3.7e-02  9:8.2e-01
  116 ,   1161 : 1.5324364460072e+01 +(3e-01,1e+00) | 2.98e+01 |  3:4.0e-02  9:8.6e-01
  117 ,   1171 : 1.5283312389984e+01 +(1e-01,2e+00) | 3.00e+01 |  3:3.6e-02  9:7.8e-01
  118 ,   1181 : 1.5364287463174e+01 +(3e-01,9e-01) | 2.99e+01 |  3:3.3e-02  9:7.1e-01
  119 ,   1191 : 1.5277236546623e+01 +(3e-01,1e+00) | 3.00e+01 |  3:3.4e-02  9:7.2e-01
Iterat, #Fevals:   Function Value    (median,worst) |Axis Ratio|idx:Min SD idx:Max SD
  120 ,   1201 : 1.5239095533005e+01 +(2e-01,5e-01) | 3.00e+01 |  2:3.8e-02  9:7.9e-01
  121 ,   1211 : 1.5228801039966e+01 +(3e-01,5e-01) | 2.96e+01 |  3:3.7e-02  9:7.6e-01
  122 ,   1221 : 1.5233121895668e+01 +(1e-01,2e+00) | 2.96e+01 |  3:3.8e-02  9:8.0e-01
  123 ,   1231 : 1.5296591558998e+01 +(2e-01,1e+00) | 2.95e+01 |  3:3.9e-02  9:8.2e-01
  124 ,   1241 : 1.5309267587586e+01 +(3e-01,8e-01) | 2.99e+01 |  3:3.7e-02  9:7.8e-01
  125 ,   1251 : 1.5244256654527e+01 +(2e-01,1e+00) | 3.01e+01 |  3:3.8e-02  9:7.8e-01
  126 ,   1261 : 1.5343761785121e+01 +(1e-01,3e+00) | 3.11e+01 |  3:3.8e-02  9:8.0e-01
  127 ,   1271 : 1.5231146875897e+01 +(4e-01,8e-01) | 3.14e+01 |  3:3.7e-02  9:7.7e-01
  128 ,   1281 : 1.5247822624737e+01 +(1e-01,7e-01) | 3.17e+01 |  3:3.4e-02  9:7.3e-01
  129 ,   1291 : 1.5210229592251e+01 +(1e-01,3e-01) | 3.19e+01 |  3:3.4e-02  9:7.1e-01
Iterat, #Fevals:   Function Value    (median,worst) |Axis Ratio|idx:Min SD idx:Max SD
  130 ,   1301 : 1.5246769368352e+01 +(3e-01,5e-01) | 3.22e+01 |  3:3.2e-02  9:6.7e-01
  131 ,   1311 : 1.5235011510141e+01 +(2e-01,1e+00) | 3.23e+01 |  3:3.1e-02  9:6.5e-01
  132 ,   1321 : 1.5212814018228e+01 +(1e-01,9e-01) | 3.26e+01 |  3:3.3e-02  9:6.9e-01
  133 ,   1331 : 1.5274575905078e+01 +(1e-01,6e-01) | 3.29e+01 |  3:3.1e-02  9:6.5e-01
  134 ,   1341 : 1.5186364320919e+01 +(2e-01,5e-01) | 3.31e+01 |  3:3.0e-02  9:6.2e-01
  135 ,   1351 : 1.5074389598511e+01 +(2e-01,3e-01) | 3.36e+01 |  3:3.2e-02  9:6.7e-01
  136 ,   1361 : 1.5133604448238e+01 +(2e-01,7e-01) | 3.38e+01 |  3:3.1e-02  9:6.5e-01
  137 ,   1371 : 1.5139974734532e+01 +(1e-01,3e-01) | 3.44e+01 |  3:3.1e-02  9:6.5e-01
  138 ,   1381 : 1.5076747398708e+01 +(3e-01,1e+00) | 3.61e+01 |  3:3.2e-02  9:7.0e-01
  139 ,   1391 : 1.5063066338274e+01 +(2e-01,3e-01) | 3.69e+01 |  3:3.2e-02  9:7.3e-01
Iterat, #Fevals:   Function Value    (median,worst) |Axis Ratio|idx:Min SD idx:Max SD
  140 ,   1401 : 1.5127460722641e+01 +(1e-01,5e-01) | 3.81e+01 |  3:3.2e-02  9:7.4e-01
  141 ,   1411 : 1.5072876115524e+01 +(1e-01,5e-01) | 3.85e+01 |  3:3.1e-02  9:7.3e-01
  142 ,   1421 : 1.5022525348885e+01 +(2e-01,5e-01) | 3.90e+01 |  3:3.2e-02  9:7.6e-01
  143 ,   1431 : 1.4971067045849e+01 +(2e-01,4e-01) | 4.10e+01 |  3:3.2e-02  9:7.9e-01
  144 ,   1441 : 1.4946929942051e+01 +(1e-01,7e-01) | 4.36e+01 |  3:3.6e-02  9:9.3e-01
  145 ,   1451 : 1.4953466322442e+01 +(3e-01,7e-01) | 4.52e+01 |  3:3.8e-02  9:1.0e+00
  146 ,   1461 : 1.4948214688189e+01 +(2e-01,8e-01) | 4.69e+01 |  3:4.0e-02  9:1.1e+00
  147 ,   1471 : 1.4894410032203e+01 +(2e-01,5e-01) | 4.87e+01 |  3:4.0e-02  9:1.1e+00
  148 ,   1481 : 1.4871132194852e+01 +(1e-01,5e-01) | 5.10e+01 |  3:4.0e-02  9:1.1e+00
  149 ,   1491 : 1.4906372906463e+01 +(2e-01,7e-01) | 5.21e+01 |  3:3.7e-02  9:1.1e+00
Iterat, #Fevals:   Function Value    (median,worst) |Axis Ratio|idx:Min SD idx:Max SD
  150 ,   1501 : 1.4974184736029e+01 +(1e-01,5e-01) | 5.22e+01 |  3:3.3e-02  9:9.4e-01
  151 ,   1511 : 1.4889684546617e+01 +(1e-01,7e-01) | 5.20e+01 |  3:3.1e-02  9:8.9e-01
  152 ,   1521 : 1.4736005906520e+01 +(3e-01,5e-01) | 5.21e+01 |  3:3.5e-02  9:9.8e-01
  153 ,   1531 : 1.4812200170149e+01 +(1e-01,1e+00) | 5.13e+01 |  3:3.7e-02  9:1.0e+00
  154 ,   1541 : 1.4775231111743e+01 +(1e-01,2e+00) | 5.15e+01 |  3:3.5e-02  9:1.0e+00
  155 ,   1551 : 1.4641274446559e+01 +(3e-01,2e+00) | 5.42e+01 |  3:3.5e-02  9:1.1e+00
  156 ,   1561 : 1.4775099202590e+01 +(2e-01,9e-01) | 5.45e+01 |  3:3.7e-02  9:1.0e+00
  157 ,   1571 : 1.4601431251241e+01 +(2e-01,1e+00) | 5.64e+01 |  3:3.9e-02  9:1.1e+00
  158 ,   1581 : 1.4631131011450e+01 +(3e-01,8e-01) | 5.85e+01 |  3:4.1e-02  9:1.2e+00
  159 ,   1591 : 1.4584161594409e+01 +(2e-01,1e+00) | 6.36e+01 |  3:4.4e-02  9:1.4e+00
Iterat, #Fevals:   Function Value    (median,worst) |Axis Ratio|idx:Min SD idx:Max SD
  160 ,   1601 : 1.4471973626797e+01 +(5e-01,2e+00) | 6.59e+01 |  3:4.9e-02  9:1.5e+00
  161 ,   1611 : 1.4504043786469e+01 +(3e-01,7e-01) | 6.71e+01 |  3:5.1e-02  9:1.5e+00
  162 ,   1621 : 1.4528618993199e+01 +(2e-01,5e+00) | 6.78e+01 |  3:4.9e-02  9:1.5e+00
  163 ,   1631 : 1.4298318820037e+01 +(7e-01,2e+00) | 6.89e+01 |  3:5.0e-02  9:1.4e+00
  164 ,   1641 : 1.4167449508149e+01 +(3e-01,1e+00) | 7.15e+01 |  3:5.4e-02  9:1.6e+00
  165 ,   1651 : 1.4188165479446e+01 +(3e-01,5e+00) | 7.48e+01 |  3:5.6e-02  9:1.7e+00
  166 ,   1661 : 1.4019484506260e+01 +(5e-01,2e+00) | 7.83e+01 |  3:6.1e-02  9:1.9e+00
  167 ,   1671 : 1.3837129608310e+01 +(1e+00,7e+00) | 7.91e+01 |  3:6.3e-02  9:2.0e+00
  168 ,   1681 : 1.3952064599176e+01 +(1e+00,5e+00) | 7.94e+01 |  3:6.9e-02  9:2.2e+00
  169 ,   1691 : 1.3481988714313e+01 +(6e-01,1e+00) | 8.09e+01 |  3:8.2e-02  9:2.6e+00
Iterat, #Fevals:   Function Value    (median,worst) |Axis Ratio|idx:Min SD idx:Max SD
  170 ,   1701 : 1.3718608053000e+01 +(3e+00,1e+01) | 8.08e+01 |  3:9.1e-02  9:2.9e+00
  171 ,   1711 : 1.3291105543190e+01 +(1e+00,8e+00) | 8.13e+01 |  3:8.9e-02  9:2.8e+00
  172 ,   1721 : 1.4028414391420e+01 +(2e+00,1e+02) | 8.17e+01 |  3:9.4e-02  9:2.9e+00
  173 ,   1731 : 1.3673326672425e+01 +(1e+00,3e+00) | 8.03e+01 |  3:1.0e-01  9:3.1e+00
  174 ,   1741 : 1.3494932891307e+01 +(2e+00,5e+00) | 8.09e+01 |  3:1.0e-01  9:3.1e+00
  175 ,   1751 : 1.4566113129998e+01 +(1e+00,1e+01) | 8.09e+01 |  3:9.6e-02  9:3.0e+00
  176 ,   1761 : 1.3254202633168e+01 +(2e+00,1e+02) | 8.32e+01 |  3:9.0e-02  9:2.8e+00
  177 ,   1771 : 1.2740314703979e+01 +(4e+00,4e+02) | 8.20e+01 |  3:8.5e-02  9:2.7e+00
  178 ,   1781 : 1.3451097337285e+01 +(2e+00,5e+01) | 8.23e+01 |  3:7.8e-02  9:2.4e+00
  179 ,   1791 : 1.3168152640856e+01 +(1e+00,3e+00) | 8.26e+01 |  3:7.4e-02  9:2.3e+00
Iterat, #Fevals:   Function Value    (median,worst) |Axis Ratio|idx:Min SD idx:Max SD
  180 ,   1801 : 1.3077088548803e+01 +(1e+00,3e+00) | 8.51e+01 |  3:8.1e-02  9:2.6e+00
  181 ,   1811 : 1.3344203264969e+01 +(3e+00,1e+01) | 8.66e+01 |  3:8.3e-02  9:2.7e+00
  182 ,   1821 : 1.3811884248212e+01 +(2e+00,3e+04) | 8.72e+01 |  3:8.1e-02  9:2.7e+00
  183 ,   1831 : 1.3031525773766e+01 +(2e+00,5e+04) | 8.87e+01 |  3:7.8e-02  9:2.5e+00
  184 ,   1841 : 1.2486344396625e+01 +(2e+00,2e+01) | 9.12e+01 |  3:7.2e-02  9:2.4e+00
  185 ,   1851 : 1.2985217786930e+01 +(1e+01,3e+01) | 8.95e+01 |  3:7.2e-02  9:2.3e+00
  186 ,   1861 : 1.2838496061539e+01 +(3e+00,8e+01) | 8.75e+01 |  3:6.8e-02  9:2.2e+00
  187 ,   1871 : 1.2754615680408e+01 +(1e+00,2e+02) | 8.75e+01 |  3:6.3e-02  9:2.0e+00
  188 ,   1881 : 1.3064407468459e+01 +(2e+00,2e+02) | 8.76e+01 |  3:6.3e-02  9:2.0e+00
  189 ,   1891 : 1.2756146710111e+01 +(2e+00,6e+00) | 8.77e+01 |  3:6.5e-02  9:2.0e+00
Iterat, #Fevals:   Function Value    (median,worst) |Axis Ratio|idx:Min SD idx:Max SD
  190 ,   1901 : 1.2771782930219e+01 +(3e+00,1e+03) | 8.81e+01 |  3:6.6e-02  9:2.0e+00
  191 ,   1911 : 1.2723460149491e+01 +(2e+00,9e+00) | 8.68e+01 |  3:7.2e-02  9:2.1e+00
  192 ,   1921 : 1.2842268914762e+01 +(7e-01,1e+01) | 8.64e+01 |  3:7.0e-02  9:2.1e+00
  193 ,   1931 : 1.2550345688592e+01 +(1e+00,3e+00) | 8.72e+01 |  3:7.1e-02  9:2.0e+00
  194 ,   1941 : 1.3011990594937e+01 +(6e-01,1e+01) | 8.67e+01 |  3:7.0e-02  9:2.0e+00
  195 ,   1951 : 1.2549812726195e+01 +(2e+00,6e+00) | 8.59e+01 |  3:6.7e-02  9:1.8e+00
  196 ,   1961 : 1.2456668581038e+01 +(2e+00,3e+01) | 8.59e+01 |  3:7.1e-02  9:1.9e+00
  197 ,   1971 : 1.3412645580329e+01 +(3e+00,4e+01) | 8.55e+01 |  3:7.3e-02  9:1.9e+00
  198 ,   1981 : 1.3473340256236e+01 +(2e+00,5e+01) | 8.59e+01 |  3:7.5e-02  9:2.0e+00
  199 ,   1991 : 1.2856753120252e+01 +(2e+00,3e+04) | 8.69e+01 |  3:7.3e-02  9:1.9e+00
Iterat, #Fevals:   Function Value    (median,worst) |Axis Ratio|idx:Min SD idx:Max SD
  200 ,   2001 : 1.3022447019133e+01 +(1e+00,3e+01) | 8.72e+01 |  3:7.0e-02  9:1.8e+00
  201 ,   2011 : 1.3078206268604e+01 +(1e+00,1e+01) | 8.70e+01 |  2:7.2e-02  9:1.9e+00
  202 ,   2021 : 1.2998160168828e+01 +(2e+00,1e+01) | 8.74e+01 |  2:7.0e-02  9:1.8e+00
  203 ,   2031 : 1.2606661462272e+01 +(1e+00,3e+01) | 8.80e+01 |  2:7.1e-02  9:1.9e+00
  204 ,   2041 : 1.2850778687038e+01 +(7e-01,1e+01) | 8.79e+01 |  3:6.8e-02  9:1.8e+00
  205 ,   2051 : 1.3350550548759e+01 +(6e-01,1e+01) | 8.72e+01 |  3:7.0e-02  9:1.8e+00
  206 ,   2061 : 1.3439854541685e+01 +(7e-01,1e+01) | 8.93e+01 |  3:7.2e-02  9:1.9e+00
  207 ,   2071 : 1.3407107945838e+01 +(6e-01,3e+00) | 9.08e+01 |  3:7.1e-02  9:1.9e+00
  208 ,   2081 : 1.3256940658882e+01 +(5e-01,6e+00) | 9.14e+01 |  3:6.7e-02  9:1.8e+00
  209 ,   2091 : 1.3225307862302e+01 +(4e-01,4e+00) | 9.24e+01 |  3:6.3e-02  9:1.7e+00
Iterat, #Fevals:   Function Value    (median,worst) |Axis Ratio|idx:Min SD idx:Max SD
  210 ,   2101 : 1.3147758995026e+01 +(4e-01,3e+00) | 9.24e+01 |  3:5.7e-02  9:1.5e+00
  211 ,   2111 : 1.3165750454946e+01 +(6e-01,3e+00) | 9.26e+01 |  3:5.2e-02  9:1.4e+00
  212 ,   2121 : 1.2761064422001e+01 +(1e+00,6e+00) | 9.35e+01 |  3:4.7e-02  9:1.3e+00
  213 ,   2131 : 1.3024602134425e+01 +(3e-01,3e+00) | 9.31e+01 |  3:4.5e-02  9:1.2e+00
  214 ,   2141 : 1.2921143596608e+01 +(3e-01,1e+00) | 9.51e+01 |  3:4.8e-02  9:1.3e+00
  215 ,   2151 : 1.2884686777975e+01 +(5e-01,1e+00) | 9.50e+01 |  3:4.6e-02  9:1.2e+00
  216 ,   2161 : 1.3057480313532e+01 +(4e-01,2e+00) | 9.51e+01 |  3:4.3e-02  9:1.2e+00
  217 ,   2171 : 1.2824038357610e+01 +(5e-01,2e+00) | 9.72e+01 |  3:4.1e-02  9:1.1e+00
  218 ,   2181 : 1.2640292720599e+01 +(6e-01,2e+00) | 9.79e+01 |  3:3.9e-02  9:1.1e+00
  219 ,   2191 : 1.2681824283492e+01 +(4e-01,2e+01) | 9.90e+01 |  3:3.9e-02  9:1.1e+00
Iterat, #Fevals:   Function Value    (median,worst) |Axis Ratio|idx:Min SD idx:Max SD
  220 ,   2201 : 1.2609840591633e+01 +(6e-01,2e+01) | 9.90e+01 |  3:4.0e-02  9:1.1e+00
  221 ,   2211 : 1.2636974990927e+01 +(7e-01,7e+01) | 9.90e+01 |  3:4.0e-02  9:1.1e+00
  222 ,   2221 : 1.2585045226575e+01 +(4e-01,7e+00) | 9.82e+01 |  3:3.8e-02  9:1.0e+00
  223 ,   2231 : 1.2471482690465e+01 +(4e-01,1e+00) | 9.81e+01 |  3:3.6e-02  9:9.6e-01
  224 ,   2241 : 1.2418438080517e+01 +(6e-01,6e+00) | 9.94e+01 |  3:3.5e-02  9:9.4e-01
  225 ,   2251 : 1.2436837509308e+01 +(1e+00,2e+01) | 1.01e+02 |  3:3.3e-02  9:8.9e-01
  226 ,   2261 : 1.2416307525313e+01 +(2e-01,9e-01) | 1.00e+02 |  3:3.0e-02  9:8.0e-01
  227 ,   2271 : 1.2542674645425e+01 +(3e-01,6e+00) | 1.03e+02 |  3:2.9e-02  9:7.8e-01
  228 ,   2281 : 1.2461554191399e+01 +(1e-01,8e+00) | 1.04e+02 |  3:2.6e-02  9:7.2e-01
  229 ,   2291 : 1.2470172950281e+01 +(2e-01,5e-01) | 1.04e+02 |  3:2.6e-02  9:7.0e-01
Iterat, #Fevals:   Function Value    (median,worst) |Axis Ratio|idx:Min SD idx:Max SD
  230 ,   2301 : 1.2446102455817e+01 +(4e-01,5e+00) | 1.02e+02 |  3:2.8e-02  9:7.5e-01
  231 ,   2311 : 1.2463720623916e+01 +(3e-01,2e+00) | 1.02e+02 |  3:2.8e-02  9:7.4e-01
  232 ,   2321 : 1.2495326794182e+01 +(5e-01,5e+00) | 1.02e+02 |  3:2.5e-02  9:6.7e-01
  233 ,   2331 : 1.2488720366141e+01 +(9e-02,7e-01) | 1.02e+02 |  3:2.4e-02  9:6.6e-01
  234 ,   2341 : 1.2409147918848e+01 +(3e-01,2e+00) | 1.02e+02 |  3:2.4e-02  9:6.4e-01
  235 ,   2351 : 1.2461080680585e+01 +(3e-01,9e-01) | 1.02e+02 |  3:2.4e-02  9:6.6e-01
  236 ,   2361 : 1.2370388834202e+01 +(2e-01,2e+00) | 1.03e+02 |  3:2.3e-02  9:6.3e-01
  237 ,   2371 : 1.2474070528261e+01 +(9e-02,9e-01) | 1.01e+02 |  3:2.3e-02  9:6.2e-01
  238 ,   2381 : 1.2462452786138e+01 +(3e-01,2e+00) | 9.95e+01 |  3:2.2e-02  9:6.0e-01
  239 ,   2391 : 1.2467083561212e+01 +(3e-01,3e+00) | 9.99e+01 |  3:2.1e-02  9:5.8e-01
Iterat, #Fevals:   Function Value    (median,worst) |Axis Ratio|idx:Min SD idx:Max SD
  240 ,   2401 : 1.2507789503578e+01 +(1e-01,2e+00) | 1.01e+02 |  3:2.0e-02  9:5.4e-01
  241 ,   2411 : 1.2470193667259e+01 +(4e-01,4e+00) | 1.01e+02 |  3:1.9e-02  9:5.1e-01
  242 ,   2421 : 1.2398365601258e+01 +(3e-01,5e-01) | 1.03e+02 |  3:1.9e-02  9:5.0e-01
  243 ,   2431 : 1.2426486783549e+01 +(2e-01,7e-01) | 1.03e+02 |  3:1.6e-02  9:4.4e-01
  244 ,   2441 : 1.2376687996076e+01 +(2e-01,5e-01) | 1.03e+02 |  3:1.5e-02  9:3.9e-01
  245 ,   2451 : 1.2398334954263e+01 +(1e-01,4e-01) | 1.03e+02 |  3:1.4e-02  9:3.7e-01
  246 ,   2461 : 1.2416758343682e+01 +(8e-02,5e-01) | 1.03e+02 |  3:1.4e-02  9:3.6e-01
  247 ,   2471 : 1.2411325256329e+01 +(5e-02,1e+00) | 1.03e+02 |  3:1.5e-02  9:3.7e-01
  248 ,   2481 : 1.2453587110167e+01 +(4e-02,1e-01) | 1.03e+02 |  3:1.6e-02  9:3.9e-01
  249 ,   2491 : 1.2451949419052e+01 +(1e-01,5e-01) | 1.04e+02 |  3:1.6e-02  9:3.9e-01
Iterat, #Fevals:   Function Value    (median,worst) |Axis Ratio|idx:Min SD idx:Max SD
  250 ,   2501 : 1.2420887941445e+01 +(9e-02,5e-01) | 1.03e+02 |  3:1.5e-02  9:3.6e-01
  251 ,   2511 : 1.2382975082914e+01 +(1e-01,2e-01) | 1.03e+02 |  3:1.4e-02  9:3.3e-01
  252 ,   2521 : 1.2373170716471e+01 +(1e-01,4e-01) | 1.03e+02 |  3:1.3e-02  9:3.1e-01
  253 ,   2531 : 1.2383320044650e+01 +(1e-01,2e-01) | 1.03e+02 |  3:1.2e-02  9:2.9e-01
  254 ,   2541 : 1.2372156125693e+01 +(6e-02,2e-01) | 1.03e+02 |  3:1.3e-02  9:3.2e-01
  255 ,   2551 : 1.2413503902547e+01 +(6e-02,2e-01) | 1.02e+02 |  3:1.4e-02  9:3.2e-01
  256 ,   2561 : 1.2388483107079e+01 +(9e-02,2e-01) | 1.01e+02 |  3:1.3e-02  9:3.1e-01
  257 ,   2571 : 1.2405915150769e+01 +(7e-02,4e-01) | 1.00e+02 |  3:1.4e-02  9:3.1e-01
  258 ,   2581 : 1.2419622259670e+01 +(7e-02,3e-01) | 1.00e+02 |  2:1.4e-02  9:3.0e-01
  259 ,   2591 : 1.2371255250884e+01 +(5e-02,2e-01) | 1.00e+02 |  2:1.3e-02  9:2.9e-01
Iterat, #Fevals:   Function Value    (median,worst) |Axis Ratio|idx:Min SD idx:Max SD
  260 ,   2601 : 1.2370032983426e+01 +(5e-02,2e-01) | 9.94e+01 |  2:1.3e-02  9:2.8e-01
  261 ,   2611 : 1.2376976540056e+01 +(7e-02,2e-01) | 9.90e+01 |  2:1.2e-02  9:2.6e-01
  262 ,   2621 : 1.2368840313119e+01 +(5e-02,2e-01) | 9.93e+01 |  2:1.2e-02  9:2.5e-01
  263 ,   2631 : 1.2404692880067e+01 +(5e-02,2e-01) | 9.84e+01 |  2:1.2e-02  9:2.5e-01
  264 ,   2641 : 1.2419669497815e+01 +(3e-02,4e-01) | 9.97e+01 |  2:1.2e-02  9:2.5e-01
  265 ,   2651 : 1.2371319267460e+01 +(7e-02,1e-01) | 1.00e+02 |  2:1.2e-02  9:2.5e-01
  266 ,   2661 : 1.2380305745286e+01 +(9e-02,1e-01) | 1.02e+02 |  2:1.2e-02  9:2.5e-01
  267 ,   2671 : 1.2382819299204e+01 +(7e-02,2e-01) | 1.02e+02 |  2:1.2e-02  9:2.6e-01
  268 ,   2681 : 1.2397069910961e+01 +(5e-02,1e-01) | 1.01e+02 |  2:1.1e-02  9:2.4e-01
  269 ,   2691 : 1.2371151144605e+01 +(7e-02,3e-01) | 1.02e+02 |  2:1.1e-02  9:2.4e-01
Iterat, #Fevals:   Function Value    (median,worst) |Axis Ratio|idx:Min SD idx:Max SD
  270 ,   2701 : 1.2364044069134e+01 +(5e-02,1e-01) | 1.01e+02 |  2:1.0e-02  9:2.2e-01
  271 ,   2711 : 1.2388970276434e+01 +(6e-02,1e-01) | 1.00e+02 |  2:1.1e-02  9:2.3e-01
  272 ,   2721 : 1.2368777378111e+01 +(9e-02,3e-01) | 1.00e+02 |  2:1.0e-02  9:2.2e-01
  273 ,   2731 : 1.2408120092560e+01 +(5e-02,3e-01) | 9.93e+01 |  2:1.0e-02  9:2.1e-01
  274 ,   2741 : 1.2378052653415e+01 +(6e-02,1e-01) | 9.93e+01 |  2:9.5e-03  9:2.0e-01
  275 ,   2751 : 1.2372797326410e+01 +(9e-02,2e-01) | 9.85e+01 |  2:8.8e-03  9:1.9e-01
  276 ,   2761 : 1.2368277452259e+01 +(6e-02,2e-01) | 9.83e+01 |  2:8.3e-03  9:1.8e-01
  277 ,   2771 : 1.2370824236032e+01 +(5e-02,1e-01) | 9.74e+01 |  2:8.0e-03  9:1.7e-01
  278 ,   2781 : 1.2357805912082e+01 +(6e-02,1e-01) | 9.69e+01 |  2:7.2e-03  9:1.5e-01
  279 ,   2791 : 1.2371654342044e+01 +(8e-02,2e-01) | 9.62e+01 |  2:6.8e-03  9:1.4e-01
Iterat, #Fevals:   Function Value    (median,worst) |Axis Ratio|idx:Min SD idx:Max SD
  280 ,   2801 : 1.2374396983626e+01 +(6e-02,9e-02) | 9.55e+01 |  2:6.1e-03  9:1.2e-01
  281 ,   2811 : 1.2373483935575e+01 +(2e-02,5e-02) | 9.64e+01 |  2:5.7e-03  9:1.1e-01
  282 ,   2821 : 1.2378841131289e+01 +(9e-03,5e-02) | 9.67e+01 |  2:5.2e-03  9:1.0e-01
  283 ,   2831 : 1.2369725808651e+01 +(4e-02,1e-01) | 9.66e+01 |  2:5.2e-03  9:1.0e-01
  284 ,   2841 : 1.2360732612792e+01 +(2e-02,7e-02) | 9.42e+01 |  2:5.3e-03  9:1.0e-01
  285 ,   2851 : 1.2354180489303e+01 +(1e-02,3e-02) | 9.38e+01 |  2:5.1e-03  9:1.0e-01
  286 ,   2861 : 1.2366441413322e+01 +(3e-02,1e-01) | 9.43e+01 |  2:5.2e-03  9:1.0e-01
  287 ,   2871 : 1.2360180862890e+01 +(3e-02,7e-02) | 9.47e+01 |  2:5.2e-03  9:1.0e-01
  288 ,   2881 : 1.2357671079506e+01 +(1e-02,6e-02) | 9.36e+01 |  2:4.9e-03  9:9.6e-02
  289 ,   2891 : 1.2358600476482e+01 +(2e-02,1e-01) | 9.46e+01 |  2:4.8e-03  9:9.5e-02
Iterat, #Fevals:   Function Value    (median,worst) |Axis Ratio|idx:Min SD idx:Max SD
  290 ,   2901 : 1.2378577152391e+01 +(2e-02,9e-02) | 9.37e+01 |  2:4.8e-03  9:9.6e-02
  291 ,   2911 : 1.2357035325317e+01 +(6e-02,1e-01) | 9.42e+01 |  2:5.1e-03  9:1.0e-01
  292 ,   2921 : 1.2354479087944e+01 +(4e-02,1e-01) | 9.41e+01 |  2:5.1e-03  9:1.0e-01
  293 ,   2931 : 1.2360705869943e+01 +(4e-02,1e-01) | 9.55e+01 |  2:4.7e-03  9:9.2e-02
  294 ,   2941 : 1.2355057493426e+01 +(5e-02,1e-01) | 9.58e+01 |  2:4.2e-03  9:8.3e-02
  295 ,   2951 : 1.2355359358140e+01 +(3e-02,1e-01) | 9.54e+01 |  2:3.9e-03  9:7.7e-02
  296 ,   2961 : 1.2360758408615e+01 +(5e-02,1e-01) | 9.49e+01 |  2:4.0e-03  9:7.8e-02
  297 ,   2971 : 1.2363168421419e+01 +(2e-02,1e-01) | 9.40e+01 |  2:3.7e-03  9:7.2e-02
  298 ,   2981 : 1.2360626113785e+01 +(9e-03,7e-02) | 9.46e+01 |  2:3.2e-03  9:6.2e-02
  299 ,   2991 : 1.2361968875105e+01 +(2e-02,1e-01) | 9.45e+01 |  2:3.0e-03  9:5.9e-02
Iterat, #Fevals:   Function Value    (median,worst) |Axis Ratio|idx:Min SD idx:Max SD
  300 ,   3001 : 1.2354184563556e+01 +(4e-02,1e-01) | 9.46e+01 |  2:2.8e-03  9:5.5e-02
  301 ,   3011 : 1.2357672921035e+01 +(2e-02,1e-01) | 9.50e+01 |  2:2.5e-03  9:5.0e-02
  302 ,   3021 : 1.2355896305740e+01 +(7e-03,7e-02) | 9.50e+01 |  2:2.4e-03  9:4.6e-02
  303 ,   3031 : 1.2357522524650e+01 +(2e-02,5e-02) | 9.54e+01 |  2:2.3e-03  9:4.4e-02
  304 ,   3041 : 1.2359447935949e+01 +(4e-03,6e-02) | 9.50e+01 |  2:2.4e-03  9:4.4e-02
  305 ,   3051 : 1.2357682038463e+01 +(2e-02,5e-02) | 9.23e+01 |  2:2.9e-03  9:4.8e-02
  306 ,   3061 : 1.2357538231638e+01 +(2e-02,6e-02) | 9.48e+01 |  2:3.0e-03  9:5.2e-02
  307 ,   3071 : 1.2353750661481e+01 +(9e-03,5e-02) | 9.50e+01 |  2:3.0e-03  9:5.2e-02
  308 ,   3081 : 1.2353992027804e+01 +(1e-02,7e-02) | 9.77e+01 |  2:3.0e-03  9:5.4e-02
  309 ,   3091 : 1.2360715922465e+01 +(4e-02,1e-01) | 9.88e+01 |  2:3.0e-03  9:5.4e-02
Iterat, #Fevals:   Function Value    (median,worst) |Axis Ratio|idx:Min SD idx:Max SD
  310 ,   3101 : 1.2352267028401e+01 +(8e-03,1e-01) | 9.81e+01 |  2:2.9e-03  9:5.1e-02
  311 ,   3111 : 1.2360608209990e+01 +(5e-02,8e-02) | 9.77e+01 |  2:2.8e-03  9:5.0e-02
  312 ,   3121 : 1.2356366551659e+01 +(3e-02,9e-02) | 9.96e+01 |  2:2.6e-03  9:4.6e-02
  313 ,   3131 : 1.2353700055187e+01 +(3e-02,9e-02) | 1.03e+02 |  2:2.6e-03  9:4.8e-02
  314 ,   3141 : 1.2351128606409e+01 +(4e-02,7e-02) | 1.05e+02 |  2:2.5e-03  9:4.6e-02
  315 ,   3151 : 1.2353944248866e+01 +(4e-02,9e-02) | 1.07e+02 |  2:2.3e-03  9:4.4e-02
  316 ,   3161 : 1.2360763168092e+01 +(3e-02,8e-02) | 1.08e+02 |  2:2.4e-03  9:4.5e-02
  317 ,   3171 : 1.2354252768050e+01 +(4e-02,1e-01) | 1.08e+02 |  2:2.5e-03  9:4.5e-02
  318 ,   3181 : 1.2357177961107e+01 +(6e-03,4e-02) | 1.12e+02 |  2:2.5e-03  9:4.5e-02
  319 ,   3191 : 1.2352217131484e+01 +(1e-02,8e-02) | 1.12e+02 |  2:2.4e-03  9:4.4e-02
Iterat, #Fevals:   Function Value    (median,worst) |Axis Ratio|idx:Min SD idx:Max SD
  320 ,   3201 : 1.2347796191557e+01 +(4e-02,1e-01) | 1.09e+02 |  2:2.6e-03  9:4.6e-02
  321 ,   3211 : 1.2355789657082e+01 +(2e-02,6e-02) | 1.09e+02 |  2:2.5e-03  9:4.4e-02
  322 ,   3221 : 1.2361658894351e+01 +(4e-02,7e-02) | 1.09e+02 |  2:2.4e-03  9:4.4e-02
  323 ,   3231 : 1.2351648509670e+01 +(4e-03,4e-02) | 1.10e+02 |  2:2.5e-03  9:4.6e-02
  324 ,   3241 : 1.2356923676956e+01 +(7e-03,8e-02) | 1.11e+02 |  2:2.6e-03  9:4.7e-02
  325 ,   3251 : 1.2356262425344e+01 +(3e-02,6e-02) | 1.18e+02 |  2:2.6e-03  9:4.9e-02
  326 ,   3261 : 1.2351130226029e+01 +(3e-02,7e-02) | 1.16e+02 |  2:2.5e-03  9:4.7e-02
  327 ,   3271 : 1.2350911858760e+01 +(2e-02,7e-02) | 1.16e+02 |  2:2.4e-03  9:4.7e-02
  328 ,   3281 : 1.2352573930503e+01 +(4e-02,9e-02) | 1.17e+02 |  2:2.4e-03  9:4.6e-02
  329 ,   3291 : 1.2353255855406e+01 +(5e-02,8e-02) | 1.18e+02 |  2:2.3e-03  9:4.5e-02
Iterat, #Fevals:   Function Value    (median,worst) |Axis Ratio|idx:Min SD idx:Max SD
  330 ,   3301 : 1.2348763567309e+01 +(9e-03,2e-02) | 1.19e+02 |  2:2.2e-03  9:4.4e-02
  331 ,   3311 : 1.2356074759765e+01 +(4e-02,8e-02) | 1.19e+02 |  2:2.2e-03  9:4.2e-02
  332 ,   3321 : 1.2375531235996e+01 +(2e-02,7e-02) | 1.20e+02 |  2:2.2e-03  9:4.2e-02
  333 ,   3331 : 1.2357122660113e+01 +(2e-02,1e-01) | 1.21e+02 |  2:2.0e-03  9:3.9e-02
  334 ,   3341 : 1.2360527549717e+01 +(6e-02,7e-02) | 1.21e+02 |  2:2.0e-03  9:3.8e-02
  335 ,   3351 : 1.2359757768393e+01 +(3e-02,7e-02) | 1.23e+02 |  2:2.1e-03  9:3.9e-02
  336 ,   3361 : 1.2354317106630e+01 +(4e-02,8e-02) | 1.22e+02 |  2:2.0e-03  9:3.8e-02
  337 ,   3371 : 1.2358272231659e+01 +(3e-02,8e-02) | 1.21e+02 |  2:1.9e-03  9:3.5e-02
  338 ,   3381 : 1.2352941136323e+01 +(2e-02,9e-02) | 1.21e+02 |  2:1.9e-03  9:3.5e-02
  339 ,   3391 : 1.2347097573851e+01 +(3e-02,6e-02) | 1.23e+02 |  2:1.9e-03  9:3.6e-02
Iterat, #Fevals:   Function Value    (median,worst) |Axis Ratio|idx:Min SD idx:Max SD
  340 ,   3401 : 1.2350452351752e+01 +(3e-02,6e-02) | 1.24e+02 |  2:2.0e-03  9:3.6e-02
  341 ,   3411 : 1.2353899481972e+01 +(2e-02,6e-02) | 1.26e+02 |  2:2.0e-03  9:3.7e-02
  342 ,   3421 : 1.2351299398997e+01 +(4e-02,5e-02) | 1.29e+02 |  2:2.1e-03  9:3.7e-02
  343 ,   3431 : 1.2358676053602e+01 +(2e-02,5e-02) | 1.26e+02 |  2:2.1e-03  9:3.9e-02
  344 ,   3441 : 1.2354591467053e+01 +(2e-02,7e-02) | 1.26e+02 |  2:2.4e-03  9:4.2e-02
  345 ,   3451 : 1.2354142873540e+01 +(5e-02,7e-02) | 1.26e+02 |  2:2.4e-03  9:4.3e-02
  346 ,   3461 : 1.2346952651503e+01 +(4e-02,1e-01) | 1.28e+02 |  2:2.3e-03  9:4.1e-02
  347 ,   3471 : 1.2351585764203e+01 +(3e-02,1e-01) | 1.28e+02 |  2:2.2e-03  9:3.9e-02
  348 ,   3481 : 1.2347705565668e+01 +(4e-02,8e-02) | 1.27e+02 |  2:2.0e-03  9:3.5e-02
  349 ,   3491 : 1.2351637581881e+01 +(3e-02,8e-02) | 1.28e+02 |  2:1.8e-03  9:3.3e-02
Iterat, #Fevals:   Function Value    (median,worst) |Axis Ratio|idx:Min SD idx:Max SD
  350 ,   3501 : 1.2348371351577e+01 +(5e-02,9e-02) | 1.24e+02 |  2:1.8e-03  9:3.2e-02
  351 ,   3511 : 1.2349434823163e+01 +(1e-02,7e-02) | 1.22e+02 |  2:1.7e-03  9:3.1e-02
  352 ,   3521 : 1.2355664222873e+01 +(2e-02,5e-02) | 1.28e+02 |  2:1.8e-03  9:3.2e-02
  353 ,   3531 : 1.2360614251185e+01 +(3e-02,6e-02) | 1.34e+02 |  3:2.2e-03  9:3.8e-02
  354 ,   3541 : 1.2348962533929e+01 +(4e-02,1e-01) | 1.37e+02 |  3:2.4e-03  9:4.1e-02
  355 ,   3551 : 1.2351765699560e+01 +(3e-02,1e-01) | 1.38e+02 |  3:2.3e-03  9:3.9e-02
  356 ,   3561 : 1.2351633184395e+01 +(2e-02,6e-02) | 1.39e+02 |  3:2.4e-03  9:4.0e-02
  357 ,   3571 : 1.2355072489278e+01 +(1e-02,4e-02) | 1.38e+02 |  3:2.3e-03  9:3.8e-02
  358 ,   3581 : 1.2352612854999e+01 +(7e-03,5e-02) | 1.38e+02 |  3:2.1e-03  9:3.5e-02
  359 ,   3591 : 1.2345658790806e+01 +(3e-02,6e-02) | 1.37e+02 |  3:2.0e-03  9:3.4e-02
Iterat, #Fevals:   Function Value    (median,worst) |Axis Ratio|idx:Min SD idx:Max SD
  360 ,   3601 : 1.2346098602444e+01 +(1e-02,8e-02) | 1.36e+02 |  3:1.9e-03  9:3.1e-02
  361 ,   3611 : 1.2353123896584e+01 +(2e-02,6e-02) | 1.37e+02 |  3:1.7e-03  9:2.8e-02
  362 ,   3621 : 1.2344306193101e+01 +(3e-02,1e-01) | 1.39e+02 |  3:1.6e-03  9:2.7e-02
  363 ,   3631 : 1.2352162477781e+01 +(4e-03,9e-02) | 1.43e+02 |  3:1.7e-03  9:2.9e-02
  364 ,   3641 : 1.2346722650905e+01 +(3e-02,8e-02) | 1.48e+02 |  3:2.0e-03  9:3.4e-02
  365 ,   3651 : 1.2356769294464e+01 +(6e-03,1e-01) | 1.51e+02 |  3:1.8e-03  9:3.2e-02
  366 ,   3661 : 1.2349503460362e+01 +(4e-02,7e-02) | 1.49e+02 |  3:1.6e-03  9:2.8e-02
  367 ,   3671 : 1.2352991612226e+01 +(4e-02,7e-02) | 1.51e+02 |  3:1.4e-03  9:2.4e-02
  368 ,   3681 : 1.2346500109418e+01 +(3e-02,8e-02) | 1.50e+02 |  3:1.2e-03  9:2.2e-02
  369 ,   3691 : 1.2355490862955e+01 +(6e-03,8e-02) | 1.52e+02 |  3:1.3e-03  9:2.3e-02
Iterat, #Fevals:   Function Value    (median,worst) |Axis Ratio|idx:Min SD idx:Max SD
  370 ,   3701 : 1.2355188715809e+01 +(2e-02,1e-01) | 1.52e+02 |  3:1.2e-03  9:2.2e-02
  371 ,   3711 : 1.2352899462052e+01 +(2e-02,9e-02) | 1.51e+02 |  3:1.3e-03  9:2.3e-02
  372 ,   3721 : 1.2348150206603e+01 +(4e-02,1e-01) | 1.54e+02 |  3:1.2e-03  9:2.2e-02
  373 ,   3731 : 1.2353601113292e+01 +(5e-02,1e-01) | 1.49e+02 |  3:1.1e-03  9:2.1e-02
  374 ,   3741 : 1.2350351405946e+01 +(2e-02,7e-02) | 1.49e+02 |  3:1.1e-03  9:2.0e-02
  375 ,   3751 : 1.2349801749783e+01 +(4e-02,7e-02) | 1.50e+02 |  3:9.7e-04  9:1.9e-02
  376 ,   3761 : 1.2356141784747e+01 +(9e-03,7e-02) | 1.49e+02 |  3:9.1e-04  9:1.8e-02
  377 ,   3771 : 1.2351029733713e+01 +(2e-02,1e-01) | 1.47e+02 |  3:8.7e-04  9:1.7e-02
  378 ,   3781 : 1.2344484337726e+01 +(1e-02,6e-02) | 1.46e+02 |  3:8.8e-04  9:1.7e-02
  379 ,   3791 : 1.2353738236829e+01 +(1e-02,7e-02) | 1.45e+02 |  3:9.0e-04  9:1.7e-02
Iterat, #Fevals:   Function Value    (median,worst) |Axis Ratio|idx:Min SD idx:Max SD
  380 ,   3801 : 1.2354428770558e+01 +(3e-02,6e-02) | 1.44e+02 |  3:9.2e-04  9:1.7e-02
  381 ,   3811 : 1.2356104606064e+01 +(1e-02,5e-02) | 1.45e+02 |  3:9.6e-04  9:1.7e-02
  382 ,   3821 : 1.2350721646793e+01 +(2e-02,8e-02) | 1.43e+02 |  3:9.5e-04  9:1.7e-02
  383 ,   3831 : 1.2357105279405e+01 +(2e-02,4e-02) | 1.40e+02 |  3:1.0e-03  9:1.8e-02
  384 ,   3841 : 1.2349497436913e+01 +(2e-02,6e-02) | 1.40e+02 |  3:1.1e-03  9:1.8e-02
  385 ,   3851 : 1.2345062178620e+01 +(3e-02,6e-02) | 1.40e+02 |  3:1.0e-03  9:1.8e-02
  386 ,   3861 : 1.2359685503303e+01 +(1e-02,5e-02) | 1.41e+02 |  3:9.5e-04  9:1.6e-02
  387 ,   3871 : 1.2350670717367e+01 +(3e-02,8e-02) | 1.41e+02 |  3:9.4e-04  9:1.6e-02
  388 ,   3881 : 1.2349145085661e+01 +(2e-02,7e-02) | 1.40e+02 |  3:9.2e-04  9:1.5e-02
  389 ,   3891 : 1.2354589277126e+01 +(4e-02,1e-01) | 1.35e+02 |  3:9.5e-04  9:1.6e-02
Iterat, #Fevals:   Function Value    (median,worst) |Axis Ratio|idx:Min SD idx:Max SD
  390 ,   3901 : 1.2355591766882e+01 +(2e-02,6e-02) | 1.31e+02 |  3:1.0e-03  9:1.6e-02
  391 ,   3911 : 1.2356628589214e+01 +(2e-02,7e-02) | 1.33e+02 |  3:1.1e-03  9:1.8e-02
  392 ,   3921 : 1.2353183523844e+01 +(2e-02,1e-01) | 1.35e+02 |  3:1.1e-03  9:1.8e-02
  393 ,   3931 : 1.2353854169747e+01 +(2e-02,6e-02) | 1.35e+02 |  3:1.2e-03  9:1.9e-02
  394 ,   3941 : 1.2356055323021e+01 +(1e-02,7e-02) | 1.34e+02 |  3:1.1e-03  9:1.7e-02
  395 ,   3951 : 1.2357029445682e+01 +(2e-02,6e-02) | 1.34e+02 |  3:1.1e-03  9:1.7e-02
  396 ,   3961 : 1.2355367313498e+01 +(5e-03,6e-02) | 1.34e+02 |  3:9.6e-04  9:1.5e-02
  397 ,   3971 : 1.2353791681001e+01 +(1e-02,7e-02) | 1.34e+02 |  3:8.8e-04  9:1.4e-02
  398 ,   3981 : 1.2353583772373e+01 +(6e-02,7e-02) | 1.31e+02 |  3:8.6e-04  9:1.4e-02
  399 ,   3991 : 1.2346309775926e+01 +(1e-02,5e-02) | 1.30e+02 |  3:8.7e-04  9:1.4e-02
Iterat, #Fevals:   Function Value    (median,worst) |Axis Ratio|idx:Min SD idx:Max SD
  400 ,   4001 : 1.2345971233449e+01 +(5e-02,1e-01) | 1.30e+02 |  3:9.5e-04  9:1.5e-02
  401 ,   4011 : 1.2358407637685e+01 +(2e-02,6e-02) | 1.28e+02 |  3:9.7e-04  9:1.5e-02
  402 ,   4021 : 1.2350982732422e+01 +(2e-02,5e-02) | 1.28e+02 |  3:1.1e-03  9:1.7e-02
  403 ,   4031 : 1.2349976538219e+01 +(2e-02,1e-01) | 1.29e+02 |  3:1.1e-03  9:1.8e-02
  404 ,   4041 : 1.2352228633779e+01 +(3e-02,7e-02) | 1.20e+02 |  3:1.2e-03  9:1.9e-02
  405 ,   4051 : 1.2346564841089e+01 +(2e-02,8e-02) | 1.21e+02 |  3:1.3e-03  9:2.0e-02
  406 ,   4061 : 1.2351186565206e+01 +(5e-03,6e-02) | 1.20e+02 |  3:1.2e-03  9:2.0e-02
  407 ,   4071 : 1.2351522529623e+01 +(8e-03,7e-02) | 1.23e+02 |  3:1.2e-03  9:1.9e-02
  408 ,   4081 : 1.2345009189762e+01 +(3e-02,6e-02) | 1.23e+02 |  3:1.2e-03  9:2.0e-02
  409 ,   4091 : 1.2348576067106e+01 +(2e-02,8e-02) | 1.25e+02 |  3:1.2e-03  9:2.1e-02
Iterat, #Fevals:   Function Value    (median,worst) |Axis Ratio|idx:Min SD idx:Max SD
  410 ,   4101 : 1.2349400397893e+01 +(2e-02,5e-02) | 1.28e+02 |  3:1.3e-03  9:2.3e-02
  411 ,   4111 : 1.2346160096096e+01 +(3e-02,7e-02) | 1.27e+02 |  3:1.3e-03  9:2.2e-02
  412 ,   4121 : 1.2355196455494e+01 +(9e-03,7e-02) | 1.27e+02 |  3:1.2e-03  9:2.1e-02
  413 ,   4131 : 1.2346243727615e+01 +(4e-02,1e-01) | 1.28e+02 |  3:1.1e-03  9:1.9e-02
  414 ,   4141 : 1.2355398454091e+01 +(2e-02,6e-02) | 1.31e+02 |  3:9.7e-04  9:1.7e-02
  415 ,   4151 : 1.2351940346581e+01 +(7e-03,8e-02) | 1.41e+02 |  3:9.9e-04  9:1.9e-02
  416 ,   4161 : 1.2348183728417e+01 +(1e-02,5e-02) | 1.42e+02 |  3:1.0e-03  9:2.0e-02
  417 ,   4171 : 1.2350807127319e+01 +(1e-02,6e-02) | 1.40e+02 |  3:1.0e-03  9:1.9e-02
  418 ,   4181 : 1.2342735724226e+01 +(5e-02,1e-01) | 1.36e+02 |  3:9.4e-04  9:1.8e-02
  419 ,   4191 : 1.2347969868561e+01 +(2e-02,7e-02) | 1.36e+02 |  3:8.5e-04  9:1.6e-02
Iterat, #Fevals:   Function Value    (median,worst) |Axis Ratio|idx:Min SD idx:Max SD
  420 ,   4201 : 1.2347849450852e+01 +(3e-02,9e-02) | 1.35e+02 |  3:8.2e-04  9:1.6e-02
  421 ,   4211 : 1.2349210936374e+01 +(5e-02,9e-02) | 1.38e+02 |  3:8.4e-04  9:1.6e-02
  422 ,   4221 : 1.2353651190079e+01 +(7e-03,8e-02) | 1.38e+02 |  3:8.5e-04  9:1.6e-02
  423 ,   4231 : 1.2348581768886e+01 +(4e-02,7e-02) | 1.37e+02 |  3:8.6e-04  9:1.6e-02
  424 ,   4241 : 1.2353862522245e+01 +(1e-02,5e-02) | 1.40e+02 |  3:8.3e-04  9:1.6e-02
  425 ,   4251 : 1.2350032878956e+01 +(4e-02,5e-02) | 1.39e+02 |  3:7.8e-04  9:1.5e-02
  426 ,   4261 : 1.2347226347460e+01 +(3e-02,9e-02) | 1.43e+02 |  3:7.9e-04  9:1.5e-02
  427 ,   4271 : 1.2351216874303e+01 +(2e-02,6e-02) | 1.44e+02 |  3:8.2e-04  9:1.6e-02
  428 ,   4281 : 1.2356001559765e+01 +(4e-02,1e-01) | 1.41e+02 |  3:8.6e-04  9:1.6e-02
  429 ,   4291 : 1.2344697571246e+01 +(2e-02,5e-02) | 1.40e+02 |  3:8.2e-04  9:1.5e-02
Iterat, #Fevals:   Function Value    (median,worst) |Axis Ratio|idx:Min SD idx:Max SD
  430 ,   4301 : 1.2346423165978e+01 +(3e-02,8e-02) | 1.43e+02 |  3:7.6e-04  9:1.4e-02
  431 ,   4311 : 1.2352885470870e+01 +(2e-02,6e-02) | 1.47e+02 |  3:7.0e-04  9:1.3e-02
  432 ,   4321 : 1.2350269860171e+01 +(1e-02,1e-01) | 1.47e+02 |  3:6.5e-04  9:1.2e-02
  433 ,   4331 : 1.2349996035706e+01 +(3e-02,6e-02) | 1.44e+02 |  3:6.2e-04  9:1.2e-02
  434 ,   4341 : 1.2357616916389e+01 +(3e-02,6e-02) | 1.44e+02 |  3:6.1e-04  9:1.2e-02
  435 ,   4351 : 1.2351571349640e+01 +(2e-02,9e-02) | 1.44e+02 |  3:6.1e-04  9:1.2e-02
  436 ,   4361 : 1.2357799853273e+01 +(2e-02,8e-02) | 1.43e+02 |  3:6.3e-04  9:1.2e-02
  437 ,   4371 : 1.2351841915683e+01 +(4e-02,1e-01) | 1.41e+02 |  3:6.4e-04  9:1.2e-02
  438 ,   4381 : 1.2350014742269e+01 +(3e-02,9e-02) | 1.41e+02 |  3:6.0e-04  9:1.1e-02
  439 ,   4391 : 1.2348638541569e+01 +(8e-03,7e-02) | 1.48e+02 |  3:5.9e-04  9:1.1e-02
Iterat, #Fevals:   Function Value    (median,worst) |Axis Ratio|idx:Min SD idx:Max SD
  440 ,   4401 : 1.2348901287213e+01 +(1e-02,8e-02) | 1.48e+02 |  3:5.8e-04  9:1.1e-02
  441 ,   4411 : 1.2354795397094e+01 +(3e-02,7e-02) | 1.47e+02 |  3:5.7e-04  9:1.1e-02
  442 ,   4421 : 1.2347670500440e+01 +(3e-02,9e-02) | 1.47e+02 |  3:5.4e-04  9:1.0e-02
  443 ,   4431 : 1.2356322049343e+01 +(4e-02,7e-02) | 1.48e+02 |  3:5.4e-04  9:1.0e-02
  444 ,   4441 : 1.2349993030828e+01 +(3e-02,9e-02) | 1.48e+02 |  3:4.9e-04  9:9.4e-03
  445 ,   4451 : 1.2359023351634e+01 +(3e-02,8e-02) | 1.49e+02 |  3:4.9e-04  9:9.2e-03
  446 ,   4461 : 1.2353876851632e+01 +(7e-03,9e-02) | 1.49e+02 |  3:5.1e-04  9:9.2e-03
  447 ,   4471 : 1.2353366942489e+01 +(5e-02,1e-01) | 1.50e+02 |  3:5.2e-04  9:9.3e-03
  448 ,   4481 : 1.2342260453494e+01 +(3e-02,7e-02) | 1.51e+02 |  3:5.1e-04  9:9.0e-03
  449 ,   4491 : 1.2351143974986e+01 +(1e-02,7e-02) | 1.52e+02 |  3:4.8e-04  9:8.6e-03
Iterat, #Fevals:   Function Value    (median,worst) |Axis Ratio|idx:Min SD idx:Max SD
  450 ,   4501 : 1.2346867570081e+01 +(1e-02,7e-02) | 1.52e+02 |  3:4.2e-04  9:7.5e-03
  451 ,   4511 : 1.2349799482557e+01 +(5e-02,9e-02) | 1.50e+02 |  3:4.3e-04  9:7.5e-03
  452 ,   4521 : 1.2351680275648e+01 +(4e-02,6e-02) | 1.50e+02 |  3:4.3e-04  9:7.5e-03
  453 ,   4531 : 1.2352928601297e+01 +(2e-02,1e-01) | 1.51e+02 |  3:3.7e-04  9:6.6e-03
  454 ,   4541 : 1.2344953593480e+01 +(9e-03,7e-02) | 1.47e+02 |  3:3.5e-04  9:6.1e-03
  455 ,   4551 : 1.2346243275004e+01 +(2e-02,7e-02) | 1.48e+02 |  3:3.5e-04  9:6.0e-03
  456 ,   4561 : 1.2347138795659e+01 +(4e-02,6e-02) | 1.48e+02 |  3:3.5e-04  9:5.8e-03
  457 ,   4571 : 1.2352070306061e+01 +(4e-02,1e-01) | 1.50e+02 |  3:3.3e-04  9:5.6e-03
  458 ,   4581 : 1.2344577215355e+01 +(3e-02,6e-02) | 1.49e+02 |  3:3.3e-04  9:5.4e-03
  459 ,   4591 : 1.2349609697945e+01 +(1e-02,5e-02) | 1.49e+02 |  3:2.9e-04  9:4.8e-03
Iterat, #Fevals:   Function Value    (median,worst) |Axis Ratio|idx:Min SD idx:Max SD
  460 ,   4601 : 1.2347970052338e+01 +(2e-02,7e-02) | 1.49e+02 |  3:2.9e-04  9:4.8e-03
  461 ,   4611 : 1.2355715262565e+01 +(3e-02,6e-02) | 1.50e+02 |  3:2.6e-04  9:4.3e-03
  462 ,   4621 : 1.2353285695003e+01 +(1e-02,6e-02) | 1.52e+02 |  3:2.3e-04  9:3.9e-03
  463 ,   4631 : 1.2348527002301e+01 +(2e-02,7e-02) | 1.52e+02 |  3:2.2e-04  9:3.9e-03
  464 ,   4641 : 1.2346215954602e+01 +(5e-03,8e-02) | 1.52e+02 |  3:2.1e-04  9:3.6e-03
  465 ,   4651 : 1.2344738462368e+01 +(1e-02,5e-02) | 1.52e+02 |  3:2.2e-04  9:3.7e-03
  466 ,   4661 : 1.2345228416333e+01 +(5e-02,8e-02) | 1.53e+02 |  3:2.2e-04  9:3.7e-03
  467 ,   4671 : 1.2353967601053e+01 +(3e-02,6e-02) | 1.54e+02 |  3:2.1e-04  9:3.6e-03
  468 ,   4681 : 1.2342542473123e+01 +(2e-02,1e-01) | 1.53e+02 |  3:2.1e-04  9:3.5e-03
  469 ,   4691 : 1.2350888420652e+01 +(2e-02,9e-02) | 1.52e+02 |  3:2.1e-04  9:3.5e-03
Iterat, #Fevals:   Function Value    (median,worst) |Axis Ratio|idx:Min SD idx:Max SD
  470 ,   4701 : 1.2356390498401e+01 +(4e-02,6e-02) | 1.55e+02 |  3:2.1e-04  9:3.6e-03
  471 ,   4711 : 1.2357970148063e+01 +(2e-02,6e-02) | 1.52e+02 |  3:2.2e-04  9:3.6e-03
  472 ,   4721 : 1.2351190200580e+01 +(2e-02,6e-02) | 1.59e+02 |  3:2.2e-04  9:3.8e-03
  473 ,   4731 : 1.2350855551067e+01 +(1e-02,4e-02) | 1.60e+02 |  3:2.0e-04  9:3.5e-03
  474 ,   4741 : 1.2349345711140e+01 +(2e-02,6e-02) | 1.60e+02 |  3:2.1e-04  9:3.7e-03
  475 ,   4751 : 1.2351326488997e+01 +(3e-02,5e-02) | 1.58e+02 |  3:2.1e-04  9:3.6e-03
  476 ,   4761 : 1.2352864434641e+01 +(1e-02,5e-02) | 1.59e+02 |  3:1.9e-04  9:3.3e-03
  477 ,   4771 : 1.2352462225963e+01 +(3e-02,7e-02) | 1.62e+02 |  3:1.8e-04  9:3.2e-03
  478 ,   4781 : 1.2354444884313e+01 +(2e-02,9e-02) | 1.61e+02 |  3:1.7e-04  9:2.9e-03
  479 ,   4791 : 1.2350313814466e+01 +(2e-02,5e-02) | 1.62e+02 |  3:1.6e-04  9:2.8e-03
Iterat, #Fevals:   Function Value    (median,worst) |Axis Ratio|idx:Min SD idx:Max SD
  480 ,   4801 : 1.2349351244049e+01 +(2e-02,5e-02) | 1.64e+02 |  3:1.5e-04  9:2.6e-03
  481 ,   4811 : 1.2353173453423e+01 +(2e-02,7e-02) | 1.72e+02 |  3:1.5e-04  9:2.8e-03
  482 ,   4821 : 1.2344405086870e+01 +(4e-02,6e-02) | 1.77e+02 |  3:1.6e-04  9:3.0e-03
  483 ,   4831 : 1.2347376194226e+01 +(1e-02,1e-01) | 1.77e+02 |  3:1.6e-04  9:3.0e-03
  484 ,   4841 : 1.2350204750419e+01 +(3e-02,7e-02) | 1.74e+02 |  3:1.7e-04  9:3.2e-03
  485 ,   4851 : 1.2344752866014e+01 +(3e-02,9e-02) | 1.73e+02 |  3:1.7e-04  9:3.3e-03
  486 ,   4861 : 1.2354455742820e+01 +(2e-02,5e-02) | 1.75e+02 |  3:1.7e-04  9:3.4e-03
  487 ,   4871 : 1.2344130068964e+01 +(2e-02,6e-02) | 1.73e+02 |  3:1.7e-04  9:3.4e-03
  488 ,   4881 : 1.2346129267413e+01 +(3e-02,6e-02) | 1.70e+02 |  3:1.6e-04  9:3.2e-03
  489 ,   4891 : 1.2347619847745e+01 +(3e-02,1e-01) | 1.68e+02 |  3:1.5e-04  9:2.9e-03
Iterat, #Fevals:   Function Value    (median,worst) |Axis Ratio|idx:Min SD idx:Max SD
  490 ,   4901 : 1.2355179067008e+01 +(2e-02,1e-01) | 1.72e+02 |  3:1.5e-04  9:2.9e-03
  491 ,   4911 : 1.2337480374241e+01 +(4e-02,8e-02) | 1.74e+02 |  3:1.4e-04  9:2.7e-03
  492 ,   4921 : 1.2349723486655e+01 +(3e-02,6e-02) | 1.78e+02 |  3:1.5e-04  9:2.8e-03
  493 ,   4931 : 1.2350471316450e+01 +(2e-02,5e-02) | 1.79e+02 |  3:1.5e-04  9:2.8e-03
  494 ,   4941 : 1.2353222436527e+01 +(2e-02,1e-01) | 1.79e+02 |  3:1.5e-04  9:2.9e-03
  495 ,   4951 : 1.2344747999960e+01 +(3e-02,5e-02) | 1.77e+02 |  3:1.8e-04  9:3.3e-03
  496 ,   4961 : 1.2352716847413e+01 +(3e-02,8e-02) | 1.77e+02 |  3:1.8e-04  9:3.4e-03
  497 ,   4971 : 1.2346716891490e+01 +(1e-02,5e-02) | 1.77e+02 |  3:1.8e-04  9:3.3e-03
  498 ,   4981 : 1.2350636967674e+01 +(2e-02,1e-01) | 1.77e+02 |  3:1.9e-04  9:3.4e-03
  499 ,   4991 : 1.2352496421027e+01 +(1e-02,5e-02) | 1.81e+02 |  3:1.9e-04  9:3.6e-03
Iterat, #Fevals:   Function Value    (median,worst) |Axis Ratio|idx:Min SD idx:Max SD
  500 ,   5001 : 1.2348681336509e+01 +(2e-02,5e-02) | 1.85e+02 |  3:2.0e-04  9:3.9e-03
  501 ,   5011 : 1.2356211953869e+01 +(1e-02,9e-02) | 1.82e+02 |  3:1.9e-04  9:3.8e-03
  502 ,   5021 : 1.2348561376244e+01 +(2e-02,6e-02) | 1.82e+02 |  3:1.9e-04  9:3.7e-03
  503 ,   5031 : 1.2351970115766e+01 +(6e-03,5e-02) | 1.84e+02 |  3:1.9e-04  9:3.7e-03
  504 ,   5041 : 1.2352454991304e+01 +(1e-02,4e-02) | 1.86e+02 |  3:1.9e-04  9:3.6e-03
  505 ,   5051 : 1.2353515967587e+01 +(5e-02,9e-02) | 1.84e+02 |  3:1.8e-04  9:3.4e-03
  506 ,   5061 : 1.2352649440640e+01 +(2e-02,6e-02) | 1.88e+02 |  3:1.7e-04  9:3.3e-03
  507 ,   5071 : 1.2356696847506e+01 +(3e-02,6e-02) | 1.86e+02 |  3:1.7e-04  9:3.1e-03
  508 ,   5081 : 1.2352342323470e+01 +(2e-02,5e-02) | 1.86e+02 |  3:1.8e-04  9:3.2e-03
  509 ,   5091 : 1.2348328347288e+01 +(3e-02,6e-02) | 1.89e+02 |  3:1.9e-04  9:3.2e-03
Iterat, #Fevals:   Function Value    (median,worst) |Axis Ratio|idx:Min SD idx:Max SD
  510 ,   5101 : 1.2354327329416e+01 +(1e-02,5e-02) | 1.91e+02 |  3:1.9e-04  9:3.2e-03
  511 ,   5111 : 1.2357479776641e+01 +(2e-02,6e-02) | 1.88e+02 |  3:1.8e-04  9:2.9e-03
  512 ,   5121 : 1.2363114004647e+01 +(3e-02,8e-02) | 1.89e+02 |  3:1.7e-04  9:2.8e-03
  513 ,   5131 : 1.2350810235008e+01 +(2e-02,5e-02) | 1.92e+02 |  3:1.7e-04  9:2.8e-03
  514 ,   5141 : 1.2355495720533e+01 +(2e-02,8e-02) | 1.94e+02 |  3:1.8e-04  9:3.0e-03
  515 ,   5151 : 1.2342811186214e+01 +(3e-02,8e-02) | 1.95e+02 |  3:1.8e-04  9:3.0e-03
  516 ,   5161 : 1.2345569440656e+01 +(3e-02,1e-01) | 1.98e+02 |  3:1.7e-04  9:2.9e-03
  517 ,   5171 : 1.2355991018204e+01 +(7e-03,8e-02) | 1.96e+02 |  3:1.6e-04  9:2.7e-03
  518 ,   5181 : 1.2350775198993e+01 +(4e-03,5e-02) | 1.93e+02 |  3:1.7e-04  9:2.8e-03
  519 ,   5191 : 1.2348635186997e+01 +(2e-02,6e-02) | 1.90e+02 |  3:1.9e-04  9:3.1e-03
Iterat, #Fevals:   Function Value    (median,worst) |Axis Ratio|idx:Min SD idx:Max SD
  520 ,   5201 : 1.2349509456027e+01 +(2e-02,7e-02) | 1.89e+02 |  3:1.8e-04  9:2.9e-03
  521 ,   5211 : 1.2353996743414e+01 +(2e-02,7e-02) | 1.90e+02 |  3:1.6e-04  9:2.6e-03
  522 ,   5221 : 1.2350094407262e+01 +(1e-02,7e-02) | 1.98e+02 |  3:1.4e-04  9:2.5e-03
  523 ,   5231 : 1.2353167975164e+01 +(1e-02,1e-01) | 1.97e+02 |  3:1.4e-04  9:2.3e-03
  524 ,   5241 : 1.2352038855171e+01 +(4e-02,6e-02) | 2.02e+02 |  3:1.3e-04  9:2.2e-03
  525 ,   5251 : 1.2355058278021e+01 +(5e-03,9e-02) | 2.03e+02 |  3:1.2e-04  9:2.0e-03
  526 ,   5261 : 1.2345243365123e+01 +(2e-02,7e-02) | 2.05e+02 |  3:1.2e-04  9:2.0e-03
  527 ,   5271 : 1.2343558980084e+01 +(1e-02,5e-02) | 2.06e+02 |  3:1.1e-04  9:1.9e-03
  528 ,   5281 : 1.2352164518655e+01 +(8e-03,7e-02) | 2.04e+02 |  3:1.2e-04  9:1.9e-03
  529 ,   5291 : 1.2353857850842e+01 +(1e-02,1e-01) | 2.05e+02 |  3:1.1e-04  9:1.8e-03
Iterat, #Fevals:   Function Value    (median,worst) |Axis Ratio|idx:Min SD idx:Max SD
  530 ,   5301 : 1.2338507456871e+01 +(3e-02,7e-02) | 2.02e+02 |  3:1.1e-04  9:1.8e-03
  531 ,   5311 : 1.2348471075302e+01 +(2e-02,7e-02) | 2.07e+02 |  3:1.1e-04  9:1.9e-03
  532 ,   5321 : 1.2351458593251e+01 +(3e-02,9e-02) | 2.08e+02 |  3:1.1e-04  9:1.8e-03
  533 ,   5331 : 1.2352418946532e+01 +(1e-02,7e-02) | 2.13e+02 |  3:1.0e-04  9:1.8e-03
  534 ,   5341 : 1.2350505651010e+01 +(2e-02,7e-02) | 2.17e+02 |  3:9.1e-05  9:1.6e-03
  535 ,   5351 : 1.2348085699314e+01 +(2e-02,6e-02) | 2.16e+02 |  3:8.6e-05  9:1.5e-03
  536 ,   5361 : 1.2346826967454e+01 +(2e-02,8e-02) | 2.16e+02 |  3:7.9e-05  9:1.4e-03
  537 ,   5371 : 1.2350905306384e+01 +(3e-02,9e-02) | 2.22e+02 |  3:7.0e-05  9:1.2e-03
  538 ,   5381 : 1.2351524213838e+01 +(2e-02,6e-02) | 2.22e+02 |  3:6.7e-05  9:1.2e-03
  539 ,   5391 : 1.2349039677779e+01 +(8e-03,6e-02) | 2.17e+02 |  3:6.7e-05  9:1.2e-03
Iterat, #Fevals:   Function Value    (median,worst) |Axis Ratio|idx:Min SD idx:Max SD
  540 ,   5401 : 1.2350410764309e+01 +(2e-02,4e-02) | 2.15e+02 |  3:7.5e-05  9:1.3e-03
  541 ,   5411 : 1.2354733448462e+01 +(2e-02,4e-02) | 2.17e+02 |  3:8.1e-05  9:1.4e-03
  542 ,   5421 : 1.2354027422761e+01 +(4e-02,6e-02) | 2.17e+02 |  3:8.4e-05  9:1.4e-03
  543 ,   5431 : 1.2344954464714e+01 +(3e-02,6e-02) | 2.16e+02 |  3:8.5e-05  9:1.4e-03
  544 ,   5441 : 1.2344957720458e+01 +(4e-02,7e-02) | 2.16e+02 |  3:8.8e-05  9:1.5e-03
  545 ,   5451 : 1.2351954011616e+01 +(8e-03,7e-02) | 2.16e+02 |  3:9.0e-05  9:1.6e-03
  546 ,   5461 : 1.2347386903187e+01 +(1e-02,1e-01) | 2.13e+02 |  3:9.3e-05  9:1.6e-03
  547 ,   5471 : 1.2349330073459e+01 +(4e-02,6e-02) | 2.07e+02 |  3:9.1e-05  9:1.6e-03
  548 ,   5481 : 1.2355669418858e+01 +(3e-02,6e-02) | 2.04e+02 |  3:9.0e-05  9:1.6e-03
  549 ,   5491 : 1.2345708371636e+01 +(9e-03,7e-02) | 2.00e+02 |  3:8.4e-05  9:1.5e-03
Iterat, #Fevals:   Function Value    (median,worst) |Axis Ratio|idx:Min SD idx:Max SD
  550 ,   5501 : 1.2341204807397e+01 +(3e-02,6e-02) | 2.00e+02 |  3:7.7e-05  9:1.4e-03
  551 ,   5511 : 1.2349868649851e+01 +(4e-02,1e-01) | 1.98e+02 |  3:6.9e-05  9:1.2e-03
  552 ,   5521 : 1.2347384340726e+01 +(4e-02,6e-02) | 1.96e+02 |  3:6.8e-05  9:1.2e-03
  553 ,   5531 : 1.2349801158732e+01 +(5e-03,4e-02) | 1.89e+02 |  3:6.7e-05  9:1.2e-03
  554 ,   5541 : 1.2350518214223e+01 +(2e-02,9e-02) | 1.95e+02 |  3:5.9e-05  9:1.0e-03
  555 ,   5551 : 1.2337677945558e+01 +(4e-02,1e-01) | 1.95e+02 |  3:5.7e-05  9:1.0e-03
  556 ,   5561 : 1.2352008547602e+01 +(2e-02,6e-02) | 1.95e+02 |  3:5.7e-05  9:1.0e-03
  557 ,   5571 : 1.2350031744371e+01 +(4e-02,1e-01) | 1.99e+02 |  3:5.4e-05  9:9.8e-04
  558 ,   5581 : 1.2350890656816e+01 +(2e-02,7e-02) | 1.96e+02 |  3:5.5e-05  9:9.6e-04
  559 ,   5591 : 1.2345379643400e+01 +(3e-02,1e-01) | 1.97e+02 |  3:5.7e-05  9:9.7e-04
Iterat, #Fevals:   Function Value    (median,worst) |Axis Ratio|idx:Min SD idx:Max SD
  560 ,   5601 : 1.2341964355353e+01 +(3e-02,5e-02) | 1.95e+02 |  3:5.2e-05  9:8.9e-04
  561 ,   5611 : 1.2344501293146e+01 +(1e-02,6e-02) | 1.95e+02 |  3:4.8e-05  9:8.2e-04
  562 ,   5621 : 1.2350375384736e+01 +(2e-02,7e-02) | 1.95e+02 |  3:4.5e-05  9:7.7e-04
  563 ,   5631 : 1.2343446964248e+01 +(3e-02,1e-01) | 1.99e+02 |  3:4.6e-05  9:7.8e-04
  564 ,   5641 : 1.2348305827133e+01 +(2e-02,7e-02) | 1.95e+02 |  3:4.6e-05  9:7.8e-04
  565 ,   5651 : 1.2349717780655e+01 +(6e-03,5e-02) | 2.01e+02 |  3:4.5e-05  9:7.8e-04
  566 ,   5661 : 1.2347990625187e+01 +(2e-02,8e-02) | 1.98e+02 |  3:4.8e-05  9:8.1e-04
  567 ,   5671 : 1.2342265490684e+01 +(4e-02,7e-02) | 2.03e+02 |  3:4.8e-05  9:8.3e-04
  568 ,   5681 : 1.2355032314526e+01 +(2e-02,6e-02) | 2.04e+02 |  3:5.0e-05  9:8.9e-04
  569 ,   5691 : 1.2342910850394e+01 +(1e-02,1e-01) | 2.04e+02 |  3:5.2e-05  9:9.0e-04
Iterat, #Fevals:   Function Value    (median,worst) |Axis Ratio|idx:Min SD idx:Max SD
  570 ,   5701 : 1.2343550990821e+01 +(5e-02,9e-02) | 2.01e+02 |  3:5.4e-05  9:9.3e-04
  571 ,   5711 : 1.2347130990443e+01 +(1e-02,5e-02) | 1.96e+02 |  3:5.4e-05  9:9.2e-04
  572 ,   5721 : 1.2341855905948e+01 +(2e-02,8e-02) | 1.92e+02 |  3:5.6e-05  9:9.7e-04
  573 ,   5731 : 1.2349608907818e+01 +(1e-02,8e-02) | 1.93e+02 |  3:5.2e-05  9:8.9e-04
  574 ,   5741 : 1.2348626619494e+01 +(2e-02,5e-02) | 1.89e+02 |  3:5.2e-05  9:8.9e-04
  575 ,   5751 : 1.2349025033159e+01 +(7e-03,6e-02) | 1.92e+02 |  3:5.6e-05  9:9.3e-04
  576 ,   5761 : 1.2346478538047e+01 +(3e-02,7e-02) | 1.94e+02 |  3:5.8e-05  6:9.6e-04
  577 ,   5771 : 1.2345005021800e+01 +(3e-02,7e-02) | 1.88e+02 |  3:6.2e-05  6:1.1e-03
  578 ,   5781 : 1.2343781334941e+01 +(1e-02,1e-01) | 1.79e+02 |  3:6.8e-05  6:1.2e-03
  579 ,   5791 : 1.2349032300973e+01 +(3e-02,1e-01) | 1.78e+02 |  3:7.6e-05  6:1.4e-03
Iterat, #Fevals:   Function Value    (median,worst) |Axis Ratio|idx:Min SD idx:Max SD
  580 ,   5801 : 1.2344420533145e+01 +(4e-02,9e-02) | 1.72e+02 |  3:8.3e-05  6:1.5e-03
  581 ,   5811 : 1.2345510853555e+01 +(1e-02,5e-02) | 1.73e+02 |  3:8.2e-05  9:1.5e-03
  582 ,   5821 : 1.2348061435279e+01 +(3e-02,6e-02) | 1.71e+02 |  3:8.2e-05  9:1.5e-03
  583 ,   5831 : 1.2350604038694e+01 +(2e-02,6e-02) | 1.72e+02 |  3:8.0e-05  9:1.4e-03
  584 ,   5841 : 1.2347860747052e+01 +(2e-02,6e-02) | 1.72e+02 |  3:7.6e-05  9:1.4e-03
  585 ,   5851 : 1.2353433627145e+01 +(2e-02,6e-02) | 1.68e+02 |  3:7.3e-05  9:1.3e-03
  586 ,   5861 : 1.2345285165610e+01 +(2e-02,1e-01) | 1.76e+02 |  3:7.3e-05  9:1.3e-03
  587 ,   5871 : 1.2351696480261e+01 +(1e-02,5e-02) | 1.77e+02 |  3:6.9e-05  9:1.3e-03
  588 ,   5881 : 1.2360288920841e+01 +(3e-02,5e-02) | 1.76e+02 |  3:6.7e-05  6:1.2e-03
  589 ,   5891 : 1.2353958357234e+01 +(3e-02,5e-02) | 1.73e+02 |  3:6.6e-05  6:1.2e-03
Iterat, #Fevals:   Function Value    (median,worst) |Axis Ratio|idx:Min SD idx:Max SD
  590 ,   5901 : 1.2348327572360e+01 +(8e-03,4e-02) | 1.77e+02 |  3:7.1e-05  9:1.3e-03
  591 ,   5911 : 1.2348359646363e+01 +(2e-02,6e-02) | 1.71e+02 |  3:8.1e-05  9:1.5e-03
  592 ,   5921 : 1.2352170564632e+01 +(4e-03,6e-02) | 1.73e+02 |  3:8.7e-05  9:1.5e-03
  593 ,   5931 : 1.2359092278051e+01 +(1e-02,5e-02) | 1.72e+02 |  3:8.2e-05  6:1.4e-03
  594 ,   5941 : 1.2349213338551e+01 +(1e-02,6e-02) | 1.63e+02 |  3:7.9e-05  6:1.4e-03
  595 ,   5951 : 1.2352112872063e+01 +(1e-02,7e-02) | 1.64e+02 |  3:8.4e-05  6:1.5e-03
  596 ,   5961 : 1.2348352784822e+01 +(2e-02,7e-02) | 1.67e+02 |  3:8.8e-05  9:1.6e-03
  597 ,   5971 : 1.2346599589121e+01 +(3e-02,6e-02) | 1.68e+02 |  3:9.2e-05  9:1.7e-03
  598 ,   5981 : 1.2352081449879e+01 +(4e-02,6e-02) | 1.67e+02 |  3:9.9e-05  9:1.8e-03
  599 ,   5991 : 1.2348979880313e+01 +(1e-02,4e-02) | 1.70e+02 |  3:9.8e-05  9:1.8e-03
Iterat, #Fevals:   Function Value    (median,worst) |Axis Ratio|idx:Min SD idx:Max SD
  600 ,   6001 : 1.2346758454985e+01 +(3e-02,6e-02) | 1.77e+02 |  3:1.1e-04  9:2.1e-03
  601 ,   6011 : 1.2350463622233e+01 +(2e-02,7e-02) | 1.85e+02 |  3:1.2e-04  9:2.4e-03
  602 ,   6021 : 1.2350585285831e+01 +(3e-02,9e-02) | 1.92e+02 |  3:1.3e-04  9:2.7e-03
  603 ,   6031 : 1.2353333954408e+01 +(4e-02,6e-02) | 1.93e+02 |  3:1.4e-04  9:2.9e-03
  604 ,   6041 : 1.2348587936240e+01 +(3e-02,1e-01) | 1.93e+02 |  3:1.4e-04  9:2.9e-03
  605 ,   6051 : 1.2350615875118e+01 +(2e-02,1e-01) | 1.92e+02 |  3:1.3e-04  9:2.7e-03
  606 ,   6061 : 1.2343861299522e+01 +(3e-02,1e-01) | 1.99e+02 |  3:1.3e-04  9:2.7e-03
  607 ,   6071 : 1.2345844857575e+01 +(2e-02,7e-02) | 1.98e+02 |  3:1.3e-04  9:2.7e-03
  608 ,   6081 : 1.2351648092112e+01 +(2e-02,1e-01) | 2.04e+02 |  3:1.3e-04  9:2.7e-03
  609 ,   6091 : 1.2351569138711e+01 +(2e-02,6e-02) | 2.07e+02 |  3:1.2e-04  9:2.6e-03
Iterat, #Fevals:   Function Value    (median,worst) |Axis Ratio|idx:Min SD idx:Max SD
  610 ,   6101 : 1.2342278333488e+01 +(2e-02,7e-02) | 2.21e+02 |  3:1.4e-04  9:3.0e-03
  611 ,   6111 : 1.2347981973048e+01 +(2e-02,1e-01) | 2.25e+02 |  3:1.5e-04  9:3.4e-03
  612 ,   6121 : 1.2347797240395e+01 +(1e-02,6e-02) | 2.28e+02 |  3:1.6e-04  9:3.6e-03
  613 ,   6131 : 1.2352048075634e+01 +(4e-02,9e-02) | 2.28e+02 |  3:1.7e-04  9:3.8e-03
  614 ,   6141 : 1.2346959621091e+01 +(2e-02,7e-02) | 2.29e+02 |  3:1.8e-04  9:4.0e-03
  615 ,   6151 : 1.2353310864349e+01 +(9e-03,3e-02) | 2.22e+02 |  3:1.9e-04  9:4.2e-03
  616 ,   6161 : 1.2350819075808e+01 +(1e-02,6e-02) | 2.21e+02 |  3:2.1e-04  9:4.4e-03
  617 ,   6171 : 1.2341465633973e+01 +(3e-02,7e-02) | 2.19e+02 |  3:2.2e-04  9:4.3e-03
  618 ,   6181 : 1.2352296748152e+01 +(1e-02,6e-02) | 2.16e+02 |  3:2.2e-04  9:4.3e-03
  619 ,   6191 : 1.2352765000672e+01 +(2e-02,6e-02) | 2.15e+02 |  3:2.1e-04  9:3.9e-03
Iterat, #Fevals:   Function Value    (median,worst) |Axis Ratio|idx:Min SD idx:Max SD
  620 ,   6201 : 1.2347457936166e+01 +(3e-02,1e-01) | 2.30e+02 |  3:2.0e-04  9:4.0e-03
  621 ,   6211 : 1.2352617134511e+01 +(3e-02,1e-01) | 2.25e+02 |  3:1.9e-04  9:3.8e-03
  622 ,   6221 : 1.2347898139866e+01 +(1e-02,3e-02) | 2.32e+02 |  3:1.9e-04  9:3.8e-03
  623 ,   6231 : 1.2349387973670e+01 +(3e-02,1e-01) | 2.31e+02 |  3:2.0e-04  9:4.1e-03
  624 ,   6241 : 1.2341321935842e+01 +(1e-02,9e-02) | 2.32e+02 |  3:1.9e-04  9:3.8e-03
  625 ,   6251 : 1.2353665080709e+01 +(2e-02,6e-02) | 2.32e+02 |  3:1.9e-04  9:3.7e-03
  626 ,   6261 : 1.2348763685955e+01 +(4e-02,6e-02) | 2.42e+02 |  3:1.8e-04  9:3.5e-03
  627 ,   6271 : 1.2349356547308e+01 +(8e-03,9e-02) | 2.43e+02 |  3:1.7e-04  9:3.4e-03
  628 ,   6281 : 1.2351781555433e+01 +(8e-03,7e-02) | 2.44e+02 |  3:1.9e-04  9:3.7e-03
  629 ,   6291 : 1.2361205446069e+01 +(4e-02,8e-02) | 2.47e+02 |  3:1.8e-04  9:3.5e-03
Iterat, #Fevals:   Function Value    (median,worst) |Axis Ratio|idx:Min SD idx:Max SD
  630 ,   6301 : 1.2353846514386e+01 +(2e-02,6e-02) | 2.50e+02 |  3:1.7e-04  6:3.3e-03
  631 ,   6311 : 1.2349076135019e+01 +(4e-02,6e-02) | 2.51e+02 |  3:1.6e-04  6:3.1e-03
  632 ,   6321 : 1.2353340064356e+01 +(5e-03,8e-02) | 2.51e+02 |  3:1.6e-04  6:3.0e-03
  633 ,   6331 : 1.2348225491605e+01 +(4e-02,1e-01) | 2.55e+02 |  3:1.5e-04  9:2.9e-03
  634 ,   6341 : 1.2347580132590e+01 +(2e-02,6e-02) | 2.55e+02 |  3:1.4e-04  9:2.6e-03
  635 ,   6351 : 1.2335179325488e+01 +(4e-02,8e-02) | 2.53e+02 |  3:1.2e-04  9:2.3e-03
  636 ,   6361 : 1.2350453779576e+01 +(4e-02,6e-02) | 2.57e+02 |  3:1.3e-04  9:2.4e-03
  637 ,   6371 : 1.2355740394537e+01 +(1e-02,9e-02) | 2.57e+02 |  3:1.4e-04  9:2.4e-03
  638 ,   6381 : 1.2355926005203e+01 +(2e-02,4e-02) | 2.60e+02 |  3:1.3e-04  9:2.3e-03
  639 ,   6391 : 1.2349039110342e+01 +(3e-02,8e-02) | 2.65e+02 |  3:1.4e-04  9:2.3e-03
Iterat, #Fevals:   Function Value    (median,worst) |Axis Ratio|idx:Min SD idx:Max SD
  640 ,   6401 : 1.2344760631505e+01 +(2e-02,9e-02) | 2.72e+02 |  3:1.4e-04  9:2.4e-03
  641 ,   6411 : 1.2344974093534e+01 +(3e-02,7e-02) | 2.72e+02 |  3:1.3e-04  9:2.3e-03
  642 ,   6421 : 1.2339129622161e+01 +(5e-02,1e-01) | 2.68e+02 |  3:1.4e-04  9:2.5e-03
  643 ,   6431 : 1.2344071034082e+01 +(2e-02,5e-02) | 2.67e+02 |  3:1.5e-04  9:2.6e-03
  644 ,   6441 : 1.2345157415611e+01 +(2e-02,7e-02) | 2.65e+02 |  3:1.6e-04  9:2.7e-03
  645 ,   6451 : 1.2349603977486e+01 +(9e-03,9e-02) | 2.62e+02 |  3:1.6e-04  9:2.8e-03
  646 ,   6461 : 1.2348941978547e+01 +(3e-02,6e-02) | 2.65e+02 |  3:1.5e-04  9:2.6e-03
  647 ,   6471 : 1.2354981265570e+01 +(3e-02,5e-02) | 2.65e+02 |  3:1.6e-04  9:2.7e-03
  648 ,   6481 : 1.2340285622478e+01 +(2e-02,8e-02) | 2.69e+02 |  3:1.6e-04  9:2.7e-03
  649 ,   6491 : 1.2352735921190e+01 +(4e-02,7e-02) | 2.68e+02 |  3:1.6e-04  9:2.8e-03
Iterat, #Fevals:   Function Value    (median,worst) |Axis Ratio|idx:Min SD idx:Max SD
  650 ,   6501 : 1.2353524180377e+01 +(1e-02,6e-02) | 2.74e+02 |  3:1.6e-04  9:2.8e-03
  651 ,   6511 : 1.2347488042201e+01 +(1e-02,8e-02) | 2.70e+02 |  3:1.6e-04  9:2.7e-03
  652 ,   6521 : 1.2344286587760e+01 +(2e-02,7e-02) | 2.74e+02 |  3:1.7e-04  9:3.0e-03
  653 ,   6531 : 1.2339121621864e+01 +(5e-02,8e-02) | 2.75e+02 |  3:1.8e-04  9:3.2e-03
  654 ,   6541 : 1.2343829806047e+01 +(1e-02,5e-02) | 2.87e+02 |  3:2.0e-04  9:3.5e-03
  655 ,   6551 : 1.2349050217451e+01 +(4e-02,1e-01) | 2.88e+02 |  3:2.1e-04  9:3.7e-03
  656 ,   6561 : 1.2348219733529e+01 +(8e-03,7e-02) | 2.85e+02 |  3:2.2e-04  9:3.9e-03
  657 ,   6571 : 1.2351316034285e+01 +(1e-02,4e-02) | 2.90e+02 |  3:2.3e-04  9:4.1e-03
  658 ,   6581 : 1.2353168348669e+01 +(4e-02,5e-02) | 2.99e+02 |  3:2.4e-04  9:4.2e-03
  659 ,   6591 : 1.2349860381442e+01 +(2e-02,1e-01) | 3.02e+02 |  3:2.2e-04  9:4.0e-03
Iterat, #Fevals:   Function Value    (median,worst) |Axis Ratio|idx:Min SD idx:Max SD
  660 ,   6601 : 1.2343004151830e+01 +(1e-02,1e-01) | 2.96e+02 |  3:2.0e-04  9:3.6e-03
  661 ,   6611 : 1.2346953242321e+01 +(2e-02,7e-02) | 3.08e+02 |  3:1.9e-04  9:3.5e-03
  662 ,   6621 : 1.2349823790531e+01 +(2e-02,5e-02) | 3.02e+02 |  3:1.9e-04  9:3.5e-03
  663 ,   6631 : 1.2346563980045e+01 +(5e-02,9e-02) | 3.07e+02 |  3:1.9e-04  9:3.5e-03
  664 ,   6641 : 1.2349592840028e+01 +(6e-03,6e-02) | 3.06e+02 |  3:2.0e-04  9:3.7e-03
  665 ,   6651 : 1.2350417891576e+01 +(4e-02,7e-02) | 3.14e+02 |  3:2.0e-04  9:3.8e-03
  666 ,   6661 : 1.2347853620243e+01 +(1e-02,7e-02) | 3.19e+02 |  3:2.2e-04  9:3.9e-03
  667 ,   6671 : 1.2351590088799e+01 +(6e-03,6e-02) | 3.25e+02 |  3:2.2e-04  9:4.0e-03
  668 ,   6681 : 1.2349389428153e+01 +(4e-02,7e-02) | 3.30e+02 |  3:2.1e-04  9:4.0e-03
  669 ,   6691 : 1.2349656244959e+01 +(8e-03,7e-02) | 3.28e+02 |  3:2.1e-04  9:3.8e-03
Iterat, #Fevals:   Function Value    (median,worst) |Axis Ratio|idx:Min SD idx:Max SD
  670 ,   6701 : 1.2348001263256e+01 +(1e-02,1e-01) | 3.29e+02 |  3:2.0e-04  9:3.5e-03
  671 ,   6711 : 1.2341498605056e+01 +(3e-02,8e-02) | 3.34e+02 |  3:2.0e-04  9:3.6e-03
  672 ,   6721 : 1.2347587569101e+01 +(5e-02,6e-02) | 3.34e+02 |  3:1.9e-04  9:3.5e-03
  673 ,   6731 : 1.2342755110185e+01 +(2e-02,7e-02) | 3.34e+02 |  3:1.8e-04  9:3.3e-03
  674 ,   6741 : 1.2346948594787e+01 +(2e-02,1e-01) | 3.49e+02 |  3:1.8e-04  9:3.3e-03
  675 ,   6751 : 1.2345682722942e+01 +(2e-02,7e-02) | 3.54e+02 |  3:1.7e-04  9:3.2e-03
  676 ,   6761 : 1.2343113276036e+01 +(3e-02,1e-01) | 3.51e+02 |  3:1.6e-04  9:2.9e-03
  677 ,   6771 : 1.2351358735183e+01 +(7e-03,1e-01) | 3.64e+02 |  3:1.6e-04  9:3.1e-03
  678 ,   6781 : 1.2340757420034e+01 +(1e-02,7e-02) | 3.74e+02 |  3:1.7e-04  9:3.3e-03
  679 ,   6791 : 1.2345909000010e+01 +(2e-02,1e-01) | 3.88e+02 |  3:1.7e-04  9:3.6e-03
Iterat, #Fevals:   Function Value    (median,worst) |Axis Ratio|idx:Min SD idx:Max SD
  680 ,   6801 : 1.2350656545288e+01 +(1e-02,5e-02) | 4.09e+02 |  3:1.8e-04  1:3.9e-03
  681 ,   6811 : 1.2348712697859e+01 +(1e-02,6e-02) | 4.41e+02 |  3:2.0e-04  1:4.6e-03
  682 ,   6821 : 1.2344687533750e+01 +(1e-02,7e-02) | 4.47e+02 |  3:2.1e-04  1:4.9e-03
  683 ,   6831 : 1.2348617942538e+01 +(9e-03,7e-02) | 4.45e+02 |  3:1.9e-04  1:4.4e-03
  684 ,   6841 : 1.2343706216069e+01 +(1e-02,5e-02) | 4.53e+02 |  3:1.8e-04  1:4.1e-03
  685 ,   6851 : 1.2349791535917e+01 +(3e-02,7e-02) | 4.52e+02 |  3:1.8e-04  1:4.3e-03
  686 ,   6861 : 1.2346399871728e+01 +(4e-02,7e-02) | 4.57e+02 |  3:1.9e-04  1:4.5e-03
  687 ,   6871 : 1.2346887891379e+01 +(8e-03,7e-02) | 4.54e+02 |  3:2.0e-04  1:4.7e-03
  688 ,   6881 : 1.2344801860878e+01 +(1e-02,7e-02) | 4.59e+02 |  3:1.9e-04  1:4.6e-03
  689 ,   6891 : 1.2349220110149e+01 +(2e-02,9e-02) | 4.47e+02 |  3:2.0e-04  1:4.8e-03
Iterat, #Fevals:   Function Value    (median,worst) |Axis Ratio|idx:Min SD idx:Max SD
  690 ,   6901 : 1.2350318105212e+01 +(2e-02,9e-02) | 4.45e+02 |  3:2.0e-04  1:4.7e-03
  691 ,   6911 : 1.2346625023652e+01 +(3e-02,1e-01) | 4.55e+02 |  3:2.2e-04  1:5.1e-03
  692 ,   6921 : 1.2354632072296e+01 +(2e-02,1e-01) | 4.56e+02 |  3:2.2e-04  1:5.1e-03
  693 ,   6931 : 1.2343891155109e+01 +(4e-02,7e-02) | 4.57e+02 |  3:2.2e-04  1:5.0e-03
  694 ,   6941 : 1.2357211561112e+01 +(2e-02,4e-02) | 4.59e+02 |  3:2.2e-04  1:4.9e-03
  695 ,   6951 : 1.2342620135029e+01 +(2e-02,5e-02) | 4.61e+02 |  3:2.2e-04  1:4.9e-03
  696 ,   6961 : 1.2343107617695e+01 +(3e-02,1e-01) | 4.66e+02 |  3:2.3e-04  1:5.0e-03
  697 ,   6971 : 1.2348911394323e+01 +(2e-02,4e-02) | 4.67e+02 |  3:2.5e-04  1:5.6e-03
  698 ,   6981 : 1.2345639991276e+01 +(2e-02,7e-02) | 4.67e+02 |  3:2.9e-04  1:6.6e-03
  699 ,   6991 : 1.2342330264745e+01 +(1e-02,4e-02) | 4.71e+02 |  3:3.5e-04  1:7.8e-03
Iterat, #Fevals:   Function Value    (median,worst) |Axis Ratio|idx:Min SD idx:Max SD
  700 ,   7001 : 1.2347675820982e+01 +(1e-02,5e-02) | 4.65e+02 |  3:3.5e-04  1:7.7e-03
  701 ,   7011 : 1.2350823007022e+01 +(1e-02,9e-02) | 4.64e+02 |  3:4.0e-04  1:8.3e-03
  702 ,   7021 : 1.2349003292460e+01 +(6e-03,6e-02) | 4.57e+02 |  3:4.1e-04  1:8.4e-03
  703 ,   7031 : 1.2351779120158e+01 +(1e-02,7e-02) | 4.68e+02 |  3:3.9e-04  1:8.3e-03
  704 ,   7041 : 1.2354589157604e+01 +(1e-02,6e-02) | 4.75e+02 |  3:3.8e-04  1:8.4e-03
  705 ,   7051 : 1.2357191374293e+01 +(3e-02,5e-02) | 4.80e+02 |  3:3.9e-04  1:8.4e-03
  706 ,   7061 : 1.2354130481038e+01 +(2e-02,5e-02) | 4.81e+02 |  3:3.7e-04  1:8.2e-03
  707 ,   7071 : 1.2350453934545e+01 +(2e-02,7e-02) | 4.75e+02 |  3:3.8e-04  1:8.3e-03
  708 ,   7081 : 1.2348576046846e+01 +(2e-02,9e-02) | 4.75e+02 |  3:3.7e-04  1:7.9e-03
  709 ,   7091 : 1.2354200628816e+01 +(2e-02,6e-02) | 4.73e+02 |  3:3.4e-04  1:7.3e-03
Iterat, #Fevals:   Function Value    (median,worst) |Axis Ratio|idx:Min SD idx:Max SD
  710 ,   7101 : 1.2349363109961e+01 +(1e-02,6e-02) | 4.71e+02 |  3:3.3e-04  1:7.1e-03
  711 ,   7111 : 1.2352973749213e+01 +(2e-02,5e-02) | 4.72e+02 |  3:3.6e-04  1:7.2e-03
  712 ,   7121 : 1.2349688414178e+01 +(1e-02,3e-02) | 4.80e+02 |  3:3.5e-04  1:7.3e-03
  713 ,   7131 : 1.2345629058357e+01 +(2e-02,7e-02) | 4.65e+02 |  3:3.7e-04  1:7.6e-03
  714 ,   7141 : 1.2349227713344e+01 +(8e-03,6e-02) | 4.56e+02 |  3:3.8e-04  1:7.7e-03
  715 ,   7151 : 1.2348924740560e+01 +(3e-02,8e-02) | 4.49e+02 |  3:4.3e-04  1:8.1e-03
  716 ,   7161 : 1.2353420999894e+01 +(2e-02,5e-02) | 4.46e+02 |  3:4.0e-04  1:7.2e-03
  717 ,   7171 : 1.2353804117122e+01 +(4e-02,1e-01) | 4.47e+02 |  3:3.7e-04  1:6.9e-03
  718 ,   7181 : 1.2350394247286e+01 +(1e-02,6e-02) | 4.50e+02 |  3:3.8e-04  1:6.8e-03
  719 ,   7191 : 1.2352167862112e+01 +(2e-02,5e-02) | 4.34e+02 |  3:4.1e-04  1:7.4e-03
Iterat, #Fevals:   Function Value    (median,worst) |Axis Ratio|idx:Min SD idx:Max SD
  720 ,   7201 : 1.2354331882260e+01 +(4e-02,1e-01) | 4.33e+02 |  3:3.9e-04  1:7.0e-03
  721 ,   7211 : 1.2348945564699e+01 +(9e-03,9e-02) | 4.34e+02 |  3:3.5e-04  1:6.3e-03
  722 ,   7221 : 1.2344629961097e+01 +(2e-02,4e-02) | 4.29e+02 |  3:3.4e-04  1:6.0e-03
  723 ,   7231 : 1.2349542121605e+01 +(6e-03,4e-02) | 4.34e+02 |  3:3.5e-04  1:6.0e-03
  724 ,   7241 : 1.2349823189097e+01 +(1e-02,9e-02) | 4.26e+02 |  3:3.5e-04  1:6.0e-03
  725 ,   7251 : 1.2350359978038e+01 +(1e-02,1e-01) | 4.42e+02 |  3:3.4e-04  1:6.1e-03
  726 ,   7261 : 1.2347825458040e+01 +(9e-03,4e-02) | 4.32e+02 |  3:3.5e-04  1:6.1e-03
  727 ,   7271 : 1.2347121263798e+01 +(2e-02,1e-01) | 4.34e+02 |  3:3.4e-04  1:5.8e-03
  728 ,   7281 : 1.2349083955224e+01 +(2e-02,6e-02) | 4.32e+02 |  3:3.3e-04  1:5.7e-03
  729 ,   7291 : 1.2347337207245e+01 +(2e-02,7e-02) | 4.34e+02 |  3:3.0e-04  1:5.0e-03
Iterat, #Fevals:   Function Value    (median,worst) |Axis Ratio|idx:Min SD idx:Max SD
  730 ,   7301 : 1.2349912602357e+01 +(4e-02,6e-02) | 4.34e+02 |  3:3.0e-04  1:5.0e-03
  731 ,   7311 : 1.2344250664934e+01 +(1e-02,7e-02) | 4.40e+02 |  3:3.0e-04  1:5.1e-03
  732 ,   7321 : 1.2346080101306e+01 +(2e-02,5e-02) | 4.40e+02 |  3:3.1e-04  1:5.2e-03
  733 ,   7331 : 1.2354835772863e+01 +(3e-02,6e-02) | 4.36e+02 |  3:3.2e-04  1:5.4e-03
  734 ,   7341 : 1.2351945471956e+01 +(5e-02,8e-02) | 4.41e+02 |  3:4.0e-04  1:5.9e-03
  735 ,   7351 : 1.2352581085916e+01 +(4e-02,1e-01) | 4.42e+02 |  3:4.9e-04  7:6.7e-03
  736 ,   7361 : 1.2350984231683e+01 +(2e-02,9e-02) | 4.36e+02 |  3:5.1e-04  7:6.8e-03
  737 ,   7371 : 1.2350816929634e+01 +(2e-02,1e-01) | 4.28e+02 |  3:5.1e-04  7:6.8e-03
  738 ,   7381 : 1.2349812823238e+01 +(2e-02,8e-02) | 4.24e+02 |  3:4.8e-04  7:6.4e-03
  739 ,   7391 : 1.2350770326773e+01 +(1e-02,6e-02) | 4.24e+02 |  2:4.8e-04  7:6.3e-03
Iterat, #Fevals:   Function Value    (median,worst) |Axis Ratio|idx:Min SD idx:Max SD
  740 ,   7401 : 1.2351035090768e+01 +(1e-02,8e-02) | 4.25e+02 |  3:4.6e-04  7:6.1e-03
  741 ,   7411 : 1.2348541969781e+01 +(3e-02,6e-02) | 4.23e+02 |  3:4.5e-04  7:5.9e-03
  742 ,   7421 : 1.2352898609316e+01 +(3e-02,7e-02) | 4.69e+02 |  3:4.7e-04  7:6.6e-03
  743 ,   7431 : 1.2350559006053e+01 +(4e-02,5e-02) | 4.89e+02 |  3:5.0e-04  7:7.4e-03
  744 ,   7441 : 1.2353003083609e+01 +(3e-02,8e-02) | 5.05e+02 |  3:5.1e-04  7:7.7e-03
  745 ,   7451 : 1.2352590856151e+01 +(1e-02,6e-02) | 5.04e+02 |  3:5.0e-04  7:7.7e-03
  746 ,   7461 : 1.2357623641722e+01 +(4e-02,6e-02) | 5.01e+02 |  3:4.8e-04  7:7.4e-03
  747 ,   7471 : 1.2353284223425e+01 +(2e-02,7e-02) | 5.11e+02 |  3:5.3e-04  7:8.4e-03
  748 ,   7481 : 1.2350810479500e+01 +(2e-02,9e-02) | 5.15e+02 |  3:5.7e-04  7:9.0e-03
  749 ,   7491 : 1.2354613663909e+01 +(3e-02,1e-01) | 5.40e+02 |  3:5.8e-04  7:9.4e-03
Iterat, #Fevals:   Function Value    (median,worst) |Axis Ratio|idx:Min SD idx:Max SD
  750 ,   7501 : 1.2352999192547e+01 +(2e-02,1e-01) | 5.56e+02 |  3:5.8e-04  7:9.7e-03
  751 ,   7511 : 1.2354233220190e+01 +(2e-02,4e-02) | 5.69e+02 |  3:6.2e-04  7:1.0e-02
  752 ,   7521 : 1.2353091063812e+01 +(2e-02,6e-02) | 5.60e+02 |  3:6.2e-04  7:1.0e-02
  753 ,   7531 : 1.2356311178865e+01 +(1e-02,9e-02) | 5.66e+02 |  3:6.4e-04  7:1.0e-02
  754 ,   7541 : 1.2347722462683e+01 +(3e-02,7e-02) | 5.76e+02 |  3:6.7e-04  7:1.1e-02
  755 ,   7551 : 1.2348218246752e+01 +(3e-02,1e-01) | 5.67e+02 |  3:6.5e-04  7:1.1e-02
  756 ,   7561 : 1.2348594521688e+01 +(3e-02,7e-02) | 5.78e+02 |  3:6.4e-04  7:1.1e-02
  757 ,   7571 : 1.2347331641617e+01 +(2e-02,1e-01) | 5.87e+02 |  3:6.4e-04  7:1.0e-02
  758 ,   7581 : 1.2347068722187e+01 +(1e-02,9e-02) | 5.95e+02 |  3:5.9e-04  7:9.8e-03
  759 ,   7591 : 1.2345950636483e+01 +(3e-02,6e-02) | 5.87e+02 |  2:6.5e-04  7:1.1e-02
Iterat, #Fevals:   Function Value    (median,worst) |Axis Ratio|idx:Min SD idx:Max SD
  760 ,   7601 : 1.2346815199991e+01 +(2e-02,7e-02) | 5.82e+02 |  3:6.9e-04  7:1.1e-02
  761 ,   7611 : 1.2346060758525e+01 +(1e-02,6e-02) | 5.89e+02 |  3:7.0e-04  7:1.2e-02
  762 ,   7621 : 1.2356248481906e+01 +(3e-02,9e-02) | 5.93e+02 |  3:7.1e-04  7:1.2e-02
  763 ,   7631 : 1.2350099077487e+01 +(4e-03,8e-02) | 5.96e+02 |  3:7.3e-04  7:1.2e-02
  764 ,   7641 : 1.2347373215279e+01 +(1e-02,1e-01) | 5.88e+02 |  3:7.2e-04  7:1.2e-02
  765 ,   7651 : 1.2350681081309e+01 +(2e-02,5e-02) | 5.80e+02 |  3:6.5e-04  7:1.1e-02
  766 ,   7661 : 1.2347371032290e+01 +(4e-02,1e-01) | 5.74e+02 |  3:5.9e-04  7:9.7e-03
  767 ,   7671 : 1.2349549976991e+01 +(3e-02,6e-02) | 5.85e+02 |  3:5.6e-04  7:9.4e-03
  768 ,   7681 : 1.2347495533552e+01 +(4e-02,5e-02) | 5.79e+02 |  3:6.6e-04  7:1.0e-02
  769 ,   7691 : 1.2344583848552e+01 +(1e-02,1e-01) | 5.66e+02 |  2:7.2e-04  7:1.1e-02
Iterat, #Fevals:   Function Value    (median,worst) |Axis Ratio|idx:Min SD idx:Max SD
  770 ,   7701 : 1.2346508907985e+01 +(3e-02,7e-02) | 5.67e+02 |  2:7.0e-04  7:1.1e-02
  771 ,   7711 : 1.2355737655301e+01 +(9e-03,5e-02) | 5.55e+02 |  2:6.4e-04  7:9.8e-03
  772 ,   7721 : 1.2343976361946e+01 +(2e-02,6e-02) | 5.55e+02 |  2:6.1e-04  7:9.4e-03
  773 ,   7731 : 1.2355205359913e+01 +(4e-02,6e-02) | 5.57e+02 |  2:5.9e-04  7:9.0e-03
#Fevals:   f(returned x)   |    bestever.f     | stopflag (saved to variablescmaes124.mat)
   7732: 1.23509136139e+01 | 1.23351793255e+01 | stagnation
mean solution: +8.3e+00 +5.5e-01 +1.5e+00 +6.4e+00 +1.1e+01 +1.1e+01 +8.3e+00 +1.6e+00 +1.4e+01 +1.2e+00
std deviation:  8.2e-03  5.9e-04  6.0e-04  2.9e-03  2.4e-03  8.0e-03  9.0e-03  1.8e-03  6.0e-03  2.0e-03
use plotcmaesdat.m for plotting the output at any time (option LogModulo must not be zero)
