
                            < M A T L A B (R) >
                  Copyright 1984-2015 The MathWorks, Inc.
                   R2015a (8.5.0.197613) 64-bit (glnxa64)
                             February 12, 2015

 
For online documentation, see http://www.mathworks.com/support
For product information, visit www.mathworks.com.
 

	Academic License

  n=10: (5,10)-CMA-ES(w=[46 27 16 9 3]%, mu_eff=3.2) on function Error
Iterat, #Fevals:   Function Value    (median,worst) |Axis Ratio|idx:Min SD idx:Max SD
    1 ,     11 : 4.1107325316888e+01 +(1e-01,1e+17) | 1.98e+01 |  3:8.4e-01  8:1.7e+01
    2 ,     21 : 3.9755633668169e+01 +(1e+00,5e+07) | 2.03e+01 |  3:8.1e-01  8:1.6e+01
    3 ,     31 : 4.0240865552002e+01 +(1e+00,3e+11) | 2.04e+01 |  3:7.4e-01  8:1.5e+01
    4 ,     41 : 1.4358320851098e+01 +(3e+01,5e+05) | 2.09e+01 |  3:7.0e-01  8:1.5e+01
    5 ,     51 : 4.1207227567326e+01 +(3e-02,1e+06) | 2.17e+01 |  3:6.5e-01  8:1.4e+01
    6 ,     61 : 4.1229697995039e+01 +(1e-02,1e-02) | 2.37e+01 |  3:7.2e-01  8:1.7e+01
    7 ,     71 : 4.1156719551580e+01 +(8e-02,8e-02) | 2.41e+01 |  3:7.1e-01  8:1.7e+01
    8 ,     81 : 3.3966558722159e+01 +(7e+00,2e+06) | 2.33e+01 |  3:7.8e-01  8:1.7e+01
    9 ,     91 : 2.8692436913722e+01 +(1e+01,2e+10) | 2.34e+01 |  3:8.0e-01  8:1.8e+01
Iterat, #Fevals:   Function Value    (median,worst) |Axis Ratio|idx:Min SD idx:Max SD
   10 ,    101 : 2.2656274773070e+01 +(2e+01,1e+09) | 2.33e+01 |  3:7.5e-01  8:1.7e+01
   11 ,    111 : 2.7469746907767e+01 +(2e+01,4e+07) | 2.34e+01 |  3:6.6e-01  8:1.4e+01
   12 ,    121 : 2.2635207286173e+01 +(2e+01,1e+08) | 2.36e+01 |  3:6.1e-01  8:1.4e+01
   13 ,    131 : 2.5217700909728e+01 +(2e+01,1e+09) | 2.34e+01 |  3:5.8e-01  8:1.3e+01
   14 ,    141 : 3.4513308914124e+01 +(7e+00,2e+07) | 2.34e+01 |  3:5.4e-01  8:1.2e+01
   15 ,    151 : 1.1097798262056e+01 +(3e+01,3e+01) | 2.32e+01 |  3:5.3e-01  8:1.1e+01
   16 ,    161 : 2.3803383966920e+01 +(2e+01,3e+09) | 2.32e+01 |  3:5.1e-01  8:1.1e+01
   17 ,    171 : 3.2796292784022e+01 +(8e+00,1e+09) | 2.36e+01 |  3:5.3e-01  8:1.1e+01
   18 ,    181 : 1.0422312954769e+01 +(3e+01,3e+01) | 2.37e+01 |  2:5.2e-01  8:1.1e+01
   19 ,    191 : 9.0334989779632e+00 +(3e+01,4e+07) | 2.35e+01 |  3:5.3e-01  8:1.1e+01
Iterat, #Fevals:   Function Value    (median,worst) |Axis Ratio|idx:Min SD idx:Max SD
   20 ,    201 : 1.8606452395676e+01 +(4e+02,3e+05) | 2.32e+01 |  3:5.4e-01  8:1.1e+01
   21 ,    211 : 1.4856234534487e+01 +(2e+01,4e+03) | 2.38e+01 |  3:5.0e-01  8:1.1e+01
   22 ,    221 : 8.6754802505023e+00 +(3e+01,8e+05) | 2.41e+01 |  3:4.7e-01  8:1.0e+01
   23 ,    231 : 8.0004337601893e+00 +(9e+01,5e+06) | 2.40e+01 |  2:4.3e-01  8:9.4e+00
   24 ,    241 : 1.3771298805520e+01 +(1e+02,3e+06) | 2.43e+01 |  3:4.0e-01  8:8.7e+00
   25 ,    251 : 1.0626555235505e+01 +(2e+01,2e+03) | 2.45e+01 |  2:4.0e-01  8:8.7e+00
   26 ,    261 : 8.9418064199824e+00 +(7e+00,5e+02) | 2.47e+01 |  2:3.9e-01  8:8.4e+00
   27 ,    271 : 9.4824514160132e+00 +(8e+00,6e+02) | 2.47e+01 |  2:3.8e-01  8:8.1e+00
   28 ,    281 : 8.5957619126604e+00 +(7e+00,8e+02) | 2.35e+01 |  3:3.8e-01  8:7.9e+00
   29 ,    291 : 9.6397032881770e+00 +(2e+01,6e+05) | 2.35e+01 |  3:3.8e-01  8:7.8e+00
Iterat, #Fevals:   Function Value    (median,worst) |Axis Ratio|idx:Min SD idx:Max SD
   30 ,    301 : 9.7463465774253e+00 +(2e+01,6e+06) | 2.32e+01 |  3:3.5e-01  8:7.3e+00
   31 ,    311 : 9.2436005626521e+00 +(8e+00,2e+03) | 2.36e+01 |  3:3.4e-01  8:7.1e+00
   32 ,    321 : 9.0738919465371e+00 +(5e+00,1e+02) | 2.30e+01 |  3:3.5e-01  9:7.0e+00
   33 ,    331 : 9.3633738817830e+00 +(7e+00,3e+02) | 2.30e+01 |  3:3.2e-01  9:6.5e+00
   34 ,    341 : 1.0116216405808e+01 +(2e+01,1e+02) | 2.31e+01 |  3:3.4e-01  9:6.8e+00
   35 ,    351 : 9.7773770391309e+00 +(2e+01,7e+01) | 2.32e+01 |  3:3.6e-01  9:7.2e+00
   36 ,    361 : 8.8426101657088e+00 +(4e+00,5e+01) | 2.37e+01 |  3:3.5e-01  9:7.3e+00
   37 ,    371 : 9.2510206025007e+00 +(6e+00,2e+02) | 2.39e+01 |  3:3.5e-01  9:7.3e+00
   38 ,    381 : 9.4132205169311e+00 +(2e+01,1e+02) | 2.36e+01 |  3:3.4e-01  9:7.1e+00
   39 ,    391 : 9.6097776804376e+00 +(2e+00,7e+01) | 2.36e+01 |  3:3.3e-01  9:7.0e+00
Iterat, #Fevals:   Function Value    (median,worst) |Axis Ratio|idx:Min SD idx:Max SD
   40 ,    401 : 9.4845336523746e+00 +(1e+00,1e+01) | 2.25e+01 |  3:3.5e-01  9:7.4e+00
   41 ,    411 : 1.0333695765080e+01 +(8e+00,5e+02) | 2.18e+01 |  3:3.8e-01  9:7.5e+00
   42 ,    421 : 1.0839020927631e+01 +(2e+00,3e+02) | 2.18e+01 |  3:3.9e-01  9:7.8e+00
   43 ,    431 : 8.8987676906450e+00 +(4e+00,2e+01) | 2.15e+01 |  3:3.7e-01  9:7.3e+00
   44 ,    441 : 9.4770148996293e+00 +(6e+00,5e+02) | 2.16e+01 |  3:3.6e-01  9:7.0e+00
   45 ,    451 : 9.2188096483372e+00 +(5e+00,1e+01) | 2.19e+01 |  3:3.4e-01  9:6.8e+00
   46 ,    461 : 8.5409641416490e+00 +(7e+00,1e+02) | 2.24e+01 |  3:3.2e-01  9:6.4e+00
   47 ,    471 : 8.2645842309719e+00 +(8e+00,6e+03) | 2.26e+01 |  3:2.9e-01  9:5.9e+00
   48 ,    481 : 8.4467721734811e+00 +(3e+00,1e+02) | 2.24e+01 |  3:2.6e-01  9:5.3e+00
   49 ,    491 : 8.0999509499569e+00 +(4e+00,2e+01) | 2.25e+01 |  3:2.6e-01  9:5.2e+00
Iterat, #Fevals:   Function Value    (median,worst) |Axis Ratio|idx:Min SD idx:Max SD
   50 ,    501 : 8.9685475850045e+00 +(5e+00,2e+02) | 2.28e+01 |  3:2.5e-01  9:5.1e+00
   51 ,    511 : 7.6194719214107e+00 +(1e+01,4e+02) | 2.26e+01 |  3:2.6e-01  9:5.2e+00
   52 ,    521 : 1.0935473204634e+01 +(4e+00,2e+02) | 2.22e+01 |  3:2.4e-01  9:4.8e+00
   53 ,    531 : 8.1598211857033e+00 +(8e+00,1e+01) | 2.20e+01 |  3:2.2e-01  9:4.4e+00
   54 ,    541 : 8.5691194797455e+00 +(3e+00,1e+01) | 2.22e+01 |  3:2.0e-01  9:4.0e+00
   55 ,    551 : 8.1381791941861e+00 +(3e+00,2e+01) | 2.23e+01 |  3:1.7e-01  9:3.4e+00
   56 ,    561 : 8.2970104167380e+00 +(2e+00,5e+00) | 2.17e+01 |  3:1.6e-01  9:3.1e+00
   57 ,    571 : 8.6277608632487e+00 +(2e+00,9e+00) | 2.20e+01 |  3:1.6e-01  9:3.1e+00
   58 ,    581 : 8.4333869273457e+00 +(2e+00,6e+01) | 2.23e+01 |  3:1.5e-01  9:3.0e+00
   59 ,    591 : 8.2577966187542e+00 +(8e-01,7e+00) | 2.24e+01 |  3:1.5e-01  9:2.9e+00
Iterat, #Fevals:   Function Value    (median,worst) |Axis Ratio|idx:Min SD idx:Max SD
   60 ,    601 : 8.4146108685914e+00 +(6e-01,1e+01) | 2.23e+01 |  3:1.4e-01  9:2.7e+00
   61 ,    611 : 8.1127844880612e+00 +(8e-01,8e+00) | 2.28e+01 |  3:1.5e-01  9:2.9e+00
   62 ,    621 : 7.7903088037493e+00 +(1e+00,3e+01) | 2.42e+01 |  3:1.7e-01  9:3.6e+00
   63 ,    631 : 8.6987298505239e+00 +(2e+00,2e+01) | 2.44e+01 |  3:1.7e-01  9:3.5e+00
   64 ,    641 : 8.2610037126221e+00 +(7e-01,7e+00) | 2.45e+01 |  3:1.6e-01  9:3.4e+00
   65 ,    651 : 8.6185610352554e+00 +(9e-01,3e+00) | 2.49e+01 |  3:1.6e-01  9:3.3e+00
   66 ,    661 : 8.1364814520186e+00 +(3e+00,2e+01) | 2.49e+01 |  3:1.5e-01  9:3.1e+00
   67 ,    671 : 8.1923953662355e+00 +(1e+00,6e+01) | 2.44e+01 |  3:1.5e-01  9:3.1e+00
   68 ,    681 : 8.1470658740661e+00 +(5e-01,4e+00) | 2.39e+01 |  3:1.4e-01  9:2.9e+00
   69 ,    691 : 8.1818104026550e+00 +(2e+00,3e+01) | 2.37e+01 |  3:1.4e-01  9:2.8e+00
Iterat, #Fevals:   Function Value    (median,worst) |Axis Ratio|idx:Min SD idx:Max SD
   70 ,    701 : 7.7619037072578e+00 +(4e-01,1e+01) | 2.44e+01 |  3:1.4e-01  9:2.8e+00
   71 ,    711 : 7.4456021741781e+00 +(3e+00,6e+01) | 2.45e+01 |  3:1.3e-01  9:2.7e+00
   72 ,    721 : 7.1113852555111e+00 +(1e+00,1e+01) | 2.47e+01 |  3:1.4e-01  9:2.8e+00
   73 ,    731 : 6.9410108079692e+00 +(2e+00,7e+01) | 2.66e+01 |  3:1.4e-01  9:3.1e+00
   74 ,    741 : 6.7447580021898e+00 +(1e+00,9e+00) | 2.75e+01 |  3:1.6e-01  9:3.5e+00
   75 ,    751 : 6.1234109541022e+00 +(3e+00,9e+01) | 2.76e+01 |  3:1.5e-01  9:3.5e+00
   76 ,    761 : 7.3085717680329e+00 +(1e+01,1e+02) | 2.79e+01 |  3:1.5e-01  9:3.4e+00
   77 ,    771 : 7.8136798926252e+00 +(3e+00,3e+02) | 2.76e+01 |  3:1.4e-01  9:3.2e+00
   78 ,    781 : 7.1441754750478e+00 +(1e+00,5e+03) | 2.77e+01 |  3:1.3e-01  9:3.1e+00
   79 ,    791 : 6.1754978796551e+00 +(6e+00,3e+01) | 2.78e+01 |  3:1.2e-01  9:2.7e+00
Iterat, #Fevals:   Function Value    (median,worst) |Axis Ratio|idx:Min SD idx:Max SD
   80 ,    801 : 6.2633014581844e+00 +(2e+00,3e+01) | 2.77e+01 |  3:1.0e-01  9:2.3e+00
   81 ,    811 : 5.9284041298013e+00 +(7e+00,4e+01) | 2.86e+01 |  3:1.0e-01  9:2.3e+00
   82 ,    821 : 5.7877406959222e+00 +(5e+00,5e+01) | 2.82e+01 |  3:1.0e-01  9:2.3e+00
   83 ,    831 : 6.6361101357047e+00 +(1e+01,3e+01) | 2.82e+01 |  3:9.9e-02  9:2.2e+00
   84 ,    841 : 6.2578575860102e+00 +(4e+00,2e+02) | 2.78e+01 |  3:1.0e-01  9:2.2e+00
   85 ,    851 : 6.1140880277161e+00 +(3e+00,2e+01) | 2.80e+01 |  3:1.1e-01  9:2.3e+00
   86 ,    861 : 5.9348466882328e+00 +(3e+00,4e+01) | 2.81e+01 |  3:1.1e-01  9:2.3e+00
   87 ,    871 : 5.8511884687443e+00 +(3e+00,2e+01) | 2.81e+01 |  3:9.9e-02  9:2.1e+00
   88 ,    881 : 6.3518347225657e+00 +(1e+00,6e+00) | 2.79e+01 |  3:9.1e-02  9:1.9e+00
   89 ,    891 : 5.9029598832589e+00 +(2e+00,1e+01) | 2.79e+01 |  3:8.7e-02  9:1.9e+00
Iterat, #Fevals:   Function Value    (median,worst) |Axis Ratio|idx:Min SD idx:Max SD
   90 ,    901 : 6.5512242617583e+00 +(1e+00,1e+02) | 2.79e+01 |  3:8.0e-02  9:1.7e+00
   91 ,    911 : 6.3642666128206e+00 +(3e+00,3e+01) | 2.74e+01 |  3:7.4e-02  9:1.6e+00
   92 ,    921 : 6.9233394819733e+00 +(1e+00,3e+00) | 2.75e+01 |  3:6.6e-02  9:1.4e+00
   93 ,    931 : 6.5490218040415e+00 +(1e+00,8e+00) | 2.73e+01 |  3:6.3e-02  9:1.3e+00
   94 ,    941 : 6.5606326949327e+00 +(6e-01,1e+00) | 2.72e+01 |  3:6.3e-02  9:1.3e+00
   95 ,    951 : 6.4190886089073e+00 +(7e-01,2e+00) | 2.66e+01 |  3:6.2e-02  9:1.3e+00
   96 ,    961 : 6.2874494723207e+00 +(9e-01,5e+00) | 2.65e+01 |  3:5.9e-02  9:1.2e+00
   97 ,    971 : 6.3482752362169e+00 +(5e-01,3e+00) | 2.60e+01 |  3:5.8e-02  9:1.2e+00
   98 ,    981 : 5.7791906873417e+00 +(2e+00,1e+01) | 2.64e+01 |  3:6.2e-02  9:1.2e+00
   99 ,    991 : 5.7821351737067e+00 +(2e-01,9e+00) | 2.76e+01 |  3:6.6e-02  9:1.3e+00
Iterat, #Fevals:   Function Value    (median,worst) |Axis Ratio|idx:Min SD idx:Max SD
  100 ,   1001 : 5.7381494455068e+00 +(1e+00,1e+01) | 2.72e+01 |  3:7.5e-02  9:1.5e+00
  101 ,   1011 : 5.8409991048396e+00 +(8e-01,5e+00) | 2.73e+01 |  3:7.6e-02  9:1.5e+00
  102 ,   1021 : 5.6446130164078e+00 +(4e-01,4e+00) | 2.73e+01 |  3:7.8e-02  9:1.5e+00
  103 ,   1031 : 5.8214209014741e+00 +(9e-01,3e+01) | 2.70e+01 |  3:7.4e-02  9:1.5e+00
  104 ,   1041 : 5.7971621037284e+00 +(1e+00,3e+01) | 2.67e+01 |  3:7.4e-02  9:1.4e+00
  105 ,   1051 : 5.6487678734693e+00 +(1e+00,9e+00) | 2.65e+01 |  3:7.5e-02  9:1.4e+00
  106 ,   1061 : 5.6933516765042e+00 +(8e-01,1e+01) | 2.64e+01 |  3:7.7e-02  9:1.5e+00
  107 ,   1071 : 5.7688716334754e+00 +(2e+00,4e+01) | 2.62e+01 |  3:7.8e-02  9:1.5e+00
  108 ,   1081 : 5.7353596661576e+00 +(2e+00,5e+01) | 2.66e+01 |  3:8.1e-02  9:1.5e+00
  109 ,   1091 : 6.1521746218120e+00 +(3e+00,2e+01) | 2.68e+01 |  3:8.0e-02  9:1.5e+00
Iterat, #Fevals:   Function Value    (median,worst) |Axis Ratio|idx:Min SD idx:Max SD
  110 ,   1101 : 5.6029008342339e+00 +(5e-01,2e+01) | 2.67e+01 |  3:7.9e-02  9:1.5e+00
  111 ,   1111 : 5.9956487552384e+00 +(9e-01,8e+00) | 2.66e+01 |  3:8.2e-02  9:1.5e+00
  112 ,   1121 : 5.9123680859958e+00 +(3e+00,1e+01) | 2.70e+01 |  3:8.2e-02  9:1.6e+00
  113 ,   1131 : 6.2655428158270e+00 +(3e+00,3e+01) | 2.69e+01 |  3:7.7e-02  9:1.4e+00
  114 ,   1141 : 5.6333612729771e+00 +(1e+00,1e+01) | 2.66e+01 |  3:8.0e-02  9:1.5e+00
  115 ,   1151 : 5.7237227651836e+00 +(2e+00,3e+00) | 2.63e+01 |  3:7.8e-02  9:1.4e+00
  116 ,   1161 : 5.9526157742833e+00 +(7e-01,1e+01) | 2.64e+01 |  3:7.7e-02  9:1.4e+00
  117 ,   1171 : 5.7972210895378e+00 +(1e+00,3e+00) | 2.65e+01 |  3:7.3e-02  9:1.3e+00
  118 ,   1181 : 5.5796479215690e+00 +(2e+00,6e+00) | 2.67e+01 |  3:7.0e-02  9:1.3e+00
  119 ,   1191 : 5.7678335358873e+00 +(9e-01,6e+00) | 2.67e+01 |  3:6.8e-02  9:1.3e+00
Iterat, #Fevals:   Function Value    (median,worst) |Axis Ratio|idx:Min SD idx:Max SD
  120 ,   1201 : 5.6332283972181e+00 +(5e-01,9e+00) | 2.60e+01 |  3:7.7e-02  9:1.4e+00
  121 ,   1211 : 5.7341555735228e+00 +(2e+00,4e+01) | 2.58e+01 |  3:7.1e-02  9:1.3e+00
  122 ,   1221 : 5.5633776039173e+00 +(1e+00,4e+01) | 2.56e+01 |  3:7.2e-02  9:1.2e+00
  123 ,   1231 : 5.5371224264882e+00 +(2e+00,3e+01) | 2.55e+01 |  3:7.2e-02  9:1.2e+00
  124 ,   1241 : 5.5854177206354e+00 +(3e-01,6e+00) | 2.54e+01 |  3:7.0e-02  9:1.2e+00
  125 ,   1251 : 5.7598194383633e+00 +(2e+00,8e+00) | 2.53e+01 |  3:6.7e-02  9:1.1e+00
  126 ,   1261 : 5.6567390520322e+00 +(1e+00,7e+00) | 2.50e+01 |  3:6.2e-02  9:1.0e+00
  127 ,   1271 : 5.6003973336273e+00 +(3e-01,5e+00) | 2.51e+01 |  3:5.9e-02  9:9.6e-01
  128 ,   1281 : 5.5784168752043e+00 +(5e-01,6e+00) | 2.49e+01 |  3:5.4e-02  9:8.8e-01
  129 ,   1291 : 5.6196520303200e+00 +(1e+00,9e+00) | 2.48e+01 |  3:5.0e-02  9:8.0e-01
Iterat, #Fevals:   Function Value    (median,worst) |Axis Ratio|idx:Min SD idx:Max SD
  130 ,   1301 : 5.5813963822893e+00 +(6e-01,3e+00) | 2.44e+01 |  3:5.0e-02  9:7.8e-01
  131 ,   1311 : 5.6448809035447e+00 +(1e+00,7e+00) | 2.43e+01 |  3:4.5e-02  9:7.1e-01
  132 ,   1321 : 5.5917190561776e+00 +(3e-01,1e+01) | 2.38e+01 |  3:4.6e-02  9:6.9e-01
  133 ,   1331 : 5.5448930838561e+00 +(4e-01,4e+00) | 2.37e+01 |  3:4.6e-02  9:6.9e-01
  134 ,   1341 : 5.5652080639614e+00 +(1e+00,4e+00) | 2.38e+01 |  3:4.9e-02  9:7.4e-01
  135 ,   1351 : 5.5410535530663e+00 +(8e-01,2e+00) | 2.39e+01 |  3:4.5e-02  9:6.8e-01
  136 ,   1361 : 5.5288969542659e+00 +(5e-01,1e+00) | 2.40e+01 |  3:4.4e-02  9:6.7e-01
  137 ,   1371 : 5.5012556161611e+00 +(1e-01,8e-01) | 2.37e+01 |  3:4.0e-02  9:6.0e-01
  138 ,   1381 : 5.5280426799453e+00 +(3e-01,3e+00) | 2.40e+01 |  3:4.1e-02  9:6.1e-01
  139 ,   1391 : 5.4958965882927e+00 +(2e-01,4e+00) | 2.41e+01 |  3:3.8e-02  9:5.6e-01
Iterat, #Fevals:   Function Value    (median,worst) |Axis Ratio|idx:Min SD idx:Max SD
  140 ,   1401 : 5.4726642765728e+00 +(3e-01,1e+00) | 2.41e+01 |  3:3.7e-02  9:5.5e-01
  141 ,   1411 : 5.5561470433531e+00 +(4e-01,2e+00) | 2.34e+01 |  3:3.8e-02  9:5.6e-01
  142 ,   1421 : 5.5184280291530e+00 +(2e-01,1e+00) | 2.30e+01 |  3:3.7e-02  9:5.4e-01
  143 ,   1431 : 5.5002958492229e+00 +(4e-01,1e+00) | 2.30e+01 |  3:3.7e-02  9:5.3e-01
  144 ,   1441 : 5.4337569200637e+00 +(2e-01,3e+00) | 2.28e+01 |  3:3.5e-02  9:4.9e-01
  145 ,   1451 : 5.4540264114776e+00 +(5e-01,2e+00) | 2.26e+01 |  3:3.2e-02  9:4.6e-01
  146 ,   1461 : 5.4262460657056e+00 +(1e-01,6e-01) | 2.26e+01 |  3:3.3e-02 10:4.6e-01
  147 ,   1471 : 5.4671079139302e+00 +(2e-01,4e-01) | 2.28e+01 |  3:3.3e-02 10:4.7e-01
  148 ,   1481 : 5.4427789524527e+00 +(3e-01,3e+00) | 2.20e+01 |  3:3.3e-02 10:4.6e-01
  149 ,   1491 : 5.4328051185885e+00 +(6e-02,1e+00) | 2.16e+01 |  3:3.0e-02 10:4.2e-01
Iterat, #Fevals:   Function Value    (median,worst) |Axis Ratio|idx:Min SD idx:Max SD
  150 ,   1501 : 5.4443873221315e+00 +(2e-01,1e+00) | 2.17e+01 |  3:2.7e-02 10:3.8e-01
  151 ,   1511 : 5.4478102457059e+00 +(3e-01,1e+00) | 2.20e+01 |  3:2.6e-02 10:3.6e-01
  152 ,   1521 : 5.4458828445979e+00 +(2e-01,5e-01) | 2.15e+01 |  3:2.8e-02 10:3.7e-01
  153 ,   1531 : 5.4067026233917e+00 +(1e-01,9e-01) | 2.19e+01 |  3:2.8e-02 10:3.9e-01
  154 ,   1541 : 5.3922356471121e+00 +(9e-02,1e+00) | 2.25e+01 |  2:2.9e-02 10:4.1e-01
  155 ,   1551 : 5.4112066268982e+00 +(2e-01,7e-01) | 2.30e+01 |  3:2.9e-02 10:4.2e-01
  156 ,   1561 : 5.3598855363331e+00 +(2e-01,8e-01) | 2.38e+01 |  3:2.9e-02 10:4.4e-01
  157 ,   1571 : 5.4023558070881e+00 +(1e-01,3e-01) | 2.45e+01 |  2:2.9e-02 10:4.6e-01
  158 ,   1581 : 5.4099786284122e+00 +(2e-01,1e+00) | 2.47e+01 |  2:2.8e-02 10:4.4e-01
  159 ,   1591 : 5.3529951176291e+00 +(1e-01,1e+00) | 2.57e+01 |  3:2.7e-02 10:4.3e-01
Iterat, #Fevals:   Function Value    (median,worst) |Axis Ratio|idx:Min SD idx:Max SD
  160 ,   1601 : 5.3728514729064e+00 +(1e-01,4e-01) | 2.57e+01 |  3:2.3e-02 10:3.8e-01
  161 ,   1611 : 5.3696357471591e+00 +(3e-02,5e-01) | 2.58e+01 |  3:2.1e-02 10:3.4e-01
  162 ,   1621 : 5.3676183441066e+00 +(5e-02,5e-01) | 2.57e+01 |  3:1.7e-02 10:2.9e-01
  163 ,   1631 : 5.3665990735082e+00 +(3e-02,1e-01) | 2.59e+01 |  3:1.6e-02 10:2.7e-01
  164 ,   1641 : 5.3477197755166e+00 +(4e-02,2e-01) | 2.73e+01 |  3:1.6e-02 10:2.7e-01
  165 ,   1651 : 5.3372869644563e+00 +(4e-02,6e-02) | 2.83e+01 |  3:1.5e-02 10:2.7e-01
  166 ,   1661 : 5.3418468145649e+00 +(3e-02,1e-01) | 2.96e+01 |  3:1.5e-02 10:2.8e-01
  167 ,   1671 : 5.3331010126982e+00 +(9e-02,3e-01) | 3.07e+01 |  3:1.6e-02 10:3.0e-01
  168 ,   1681 : 5.3079966711708e+00 +(7e-02,4e-01) | 3.19e+01 |  3:1.7e-02 10:3.4e-01
  169 ,   1691 : 5.3123203716481e+00 +(8e-02,3e-01) | 3.26e+01 |  3:1.7e-02 10:3.4e-01
Iterat, #Fevals:   Function Value    (median,worst) |Axis Ratio|idx:Min SD idx:Max SD
  170 ,   1701 : 5.3024647864541e+00 +(2e-02,3e-01) | 3.38e+01 |  2:1.7e-02 10:3.5e-01
  171 ,   1711 : 5.3105788108539e+00 +(1e-02,2e-01) | 3.49e+01 |  2:1.6e-02 10:3.5e-01
  172 ,   1721 : 5.2782733047922e+00 +(3e-02,1e-01) | 3.55e+01 |  2:1.7e-02 10:3.6e-01
  173 ,   1731 : 5.2614177680721e+00 +(3e-02,2e-01) | 3.68e+01 |  2:1.6e-02 10:3.6e-01
  174 ,   1741 : 5.2350528875001e+00 +(6e-02,2e-01) | 3.93e+01 |  2:1.7e-02 10:3.9e-01
  175 ,   1751 : 5.2179482045656e+00 +(8e-02,3e-01) | 4.38e+01 |  2:1.8e-02 10:4.8e-01
  176 ,   1761 : 5.1762916809049e+00 +(1e-01,2e-01) | 4.60e+01 |  2:2.1e-02 10:5.9e-01
  177 ,   1771 : 5.1262608376616e+00 +(1e-01,4e-01) | 4.71e+01 |  2:2.4e-02 10:6.9e-01
  178 ,   1781 : 5.1035312575993e+00 +(2e-01,5e-01) | 4.77e+01 |  2:2.6e-02 10:7.5e-01
  179 ,   1791 : 5.1302510938191e+00 +(1e-01,4e-01) | 4.87e+01 |  2:2.8e-02 10:7.9e-01
Iterat, #Fevals:   Function Value    (median,worst) |Axis Ratio|idx:Min SD idx:Max SD
  180 ,   1801 : 5.0866780400845e+00 +(1e-01,3e-01) | 4.99e+01 |  2:3.0e-02 10:8.4e-01
  181 ,   1811 : 5.0660911309545e+00 +(2e-01,2e-01) | 5.05e+01 |  2:3.0e-02 10:8.8e-01
  182 ,   1821 : 5.0483794980855e+00 +(1e-01,1e+00) | 5.07e+01 |  2:2.9e-02 10:8.4e-01
  183 ,   1831 : 4.9969193149743e+00 +(2e-01,9e-01) | 5.13e+01 |  2:2.8e-02 10:8.1e-01
  184 ,   1841 : 4.9296990234245e+00 +(2e-01,4e-01) | 5.26e+01 |  2:2.7e-02 10:8.0e-01
  185 ,   1851 : 4.9095951374241e+00 +(2e-01,2e+00) | 5.40e+01 |  2:2.5e-02 10:7.7e-01
  186 ,   1861 : 4.7870324262398e+00 +(3e-01,1e+00) | 5.67e+01 |  2:2.6e-02 10:8.5e-01
  187 ,   1871 : 4.8096056441624e+00 +(5e-02,3e-01) | 5.78e+01 |  2:2.7e-02 10:9.0e-01
  188 ,   1881 : 4.5873701909577e+00 +(3e-01,8e-01) | 6.28e+01 |  2:2.9e-02 10:1.0e+00
  189 ,   1891 : 4.5755169708776e+00 +(5e-01,2e+00) | 6.59e+01 |  2:3.3e-02 10:1.2e+00
Iterat, #Fevals:   Function Value    (median,worst) |Axis Ratio|idx:Min SD idx:Max SD
  190 ,   1901 : 4.4724990598999e+00 +(6e-01,3e+00) | 6.84e+01 |  2:3.7e-02 10:1.3e+00
  191 ,   1911 : 4.4377677535949e+00 +(5e-01,3e+00) | 7.04e+01 |  2:3.9e-02 10:1.3e+00
  192 ,   1921 : 4.3602917752375e+00 +(5e-01,1e+00) | 7.16e+01 |  2:4.5e-02 10:1.4e+00
  193 ,   1931 : 4.3351918915510e+00 +(2e+00,8e+00) | 7.21e+01 |  2:4.3e-02 10:1.3e+00
  194 ,   1941 : 4.4784093381701e+00 +(4e-01,9e-01) | 7.24e+01 |  2:4.0e-02 10:1.3e+00
  195 ,   1951 : 4.5500641338193e+00 +(1e+00,6e+00) | 7.56e+01 |  2:3.8e-02 10:1.2e+00
  196 ,   1961 : 4.0931738694895e+00 +(9e-01,4e+00) | 7.74e+01 |  2:3.7e-02 10:1.2e+00
  197 ,   1971 : 4.3982701109960e+00 +(5e-01,3e+00) | 7.83e+01 |  2:3.8e-02 10:1.2e+00
  198 ,   1981 : 4.5222517541345e+00 +(5e-01,6e+00) | 7.85e+01 |  2:3.6e-02 10:1.1e+00
  199 ,   1991 : 4.0847382096944e+00 +(3e-01,9e-01) | 7.85e+01 |  2:3.9e-02 10:1.2e+00
Iterat, #Fevals:   Function Value    (median,worst) |Axis Ratio|idx:Min SD idx:Max SD
  200 ,   2001 : 3.9777480256655e+00 +(5e-01,2e+00) | 8.13e+01 |  2:3.9e-02 10:1.2e+00
  201 ,   2011 : 3.8352000727502e+00 +(7e-01,3e+00) | 8.13e+01 |  2:3.8e-02 10:1.2e+00
  202 ,   2021 : 3.7554909470214e+00 +(1e+00,7e+00) | 8.18e+01 |  2:3.9e-02 10:1.1e+00
  203 ,   2031 : 3.5213502257628e+00 +(1e+00,2e+01) | 8.29e+01 |  2:4.4e-02 10:1.2e+00
  204 ,   2041 : 3.7437202799353e+00 +(4e-01,5e+00) | 8.29e+01 |  2:4.7e-02 10:1.3e+00
  205 ,   2051 : 3.4979590929835e+00 +(1e+00,5e+06) | 8.07e+01 |  2:5.0e-02 10:1.4e+00
  206 ,   2061 : 3.8656679757533e+00 +(2e+00,1e+02) | 8.00e+01 |  2:4.9e-02 10:1.3e+00
  207 ,   2071 : 3.7922235086955e+00 +(8e-01,4e+01) | 7.85e+01 |  2:4.6e-02 10:1.3e+00
  208 ,   2081 : 3.5603273703428e+00 +(1e+00,1e+01) | 7.80e+01 |  2:4.5e-02 10:1.2e+00
  209 ,   2091 : 3.5662318701880e+00 +(1e+00,4e+00) | 7.64e+01 |  2:4.2e-02 10:1.2e+00
Iterat, #Fevals:   Function Value    (median,worst) |Axis Ratio|idx:Min SD idx:Max SD
  210 ,   2101 : 3.5061067995034e+00 +(6e-01,7e+02) | 7.40e+01 |  2:4.1e-02 10:1.1e+00
  211 ,   2111 : 3.5085182638377e+00 +(1e+00,3e+01) | 7.34e+01 |  2:4.1e-02 10:1.1e+00
  212 ,   2121 : 3.3961715330763e+00 +(7e-01,5e+00) | 7.35e+01 |  2:4.1e-02 10:1.1e+00
  213 ,   2131 : 3.6125700374239e+00 +(4e-01,3e+01) | 7.34e+01 |  2:4.1e-02 10:1.1e+00
  214 ,   2141 : 3.3391981259841e+00 +(4e+00,3e+06) | 7.26e+01 |  2:3.8e-02 10:1.1e+00
  215 ,   2151 : 3.4870381461518e+00 +(5e-01,4e+01) | 7.25e+01 |  2:4.0e-02 10:1.1e+00
  216 ,   2161 : 3.7229779275122e+00 +(4e+00,8e+06) | 7.24e+01 |  2:4.0e-02 10:1.1e+00
  217 ,   2171 : 3.5240730379617e+00 +(9e-01,4e+00) | 7.21e+01 |  2:3.5e-02 10:9.4e-01
  218 ,   2181 : 3.5940917043429e+00 +(3e-01,8e+01) | 7.15e+01 |  2:3.3e-02 10:8.7e-01
  219 ,   2191 : 3.4340231135589e+00 +(5e-01,5e+00) | 7.12e+01 |  2:3.4e-02 10:8.8e-01
Iterat, #Fevals:   Function Value    (median,worst) |Axis Ratio|idx:Min SD idx:Max SD
  220 ,   2201 : 3.5497371306152e+00 +(2e+00,7e+01) | 7.01e+01 |  2:3.0e-02 10:7.9e-01
  221 ,   2211 : 3.7351540146751e+00 +(2e+00,2e+02) | 7.12e+01 |  2:3.0e-02 10:7.7e-01
  222 ,   2221 : 3.6624520079366e+00 +(3e-01,2e+00) | 7.08e+01 |  2:3.0e-02 10:7.9e-01
  223 ,   2231 : 3.2389563241071e+00 +(8e-01,4e+00) | 7.25e+01 |  3:3.2e-02 10:8.2e-01
  224 ,   2241 : 3.3745891445209e+00 +(6e-01,8e+00) | 7.24e+01 |  3:3.4e-02 10:8.7e-01
  225 ,   2251 : 3.5797052011386e+00 +(1e+00,4e+00) | 7.27e+01 |  3:3.5e-02 10:9.1e-01
  226 ,   2261 : 3.8479456850007e+00 +(4e+00,5e+01) | 7.34e+01 |  3:3.5e-02 10:9.0e-01
  227 ,   2271 : 3.7557258111656e+00 +(1e+00,1e+01) | 7.35e+01 |  3:3.5e-02 10:9.0e-01
  228 ,   2281 : 3.6869513395786e+00 +(2e-01,3e+00) | 7.36e+01 |  3:3.5e-02 10:9.1e-01
  229 ,   2291 : 3.6437583610438e+00 +(5e-01,1e+01) | 7.38e+01 |  3:3.6e-02 10:9.4e-01
Iterat, #Fevals:   Function Value    (median,worst) |Axis Ratio|idx:Min SD idx:Max SD
  230 ,   2301 : 3.6477696325587e+00 +(1e+00,4e+00) | 7.30e+01 |  3:3.7e-02 10:9.7e-01
  231 ,   2311 : 3.6703296950964e+00 +(6e-01,5e+00) | 7.24e+01 |  3:3.7e-02 10:9.5e-01
  232 ,   2321 : 3.5057983657590e+00 +(6e-01,3e+00) | 7.18e+01 |  3:3.5e-02 10:9.0e-01
  233 ,   2331 : 3.4719731332659e+00 +(1e+00,1e+01) | 7.20e+01 |  3:3.4e-02 10:8.9e-01
  234 ,   2341 : 3.3878151208457e+00 +(6e-01,1e+01) | 7.11e+01 |  3:3.4e-02 10:8.8e-01
  235 ,   2351 : 3.5430380130273e+00 +(2e+00,5e+00) | 7.12e+01 |  3:3.1e-02 10:8.1e-01
  236 ,   2361 : 3.4658929941190e+00 +(6e-01,8e+00) | 7.08e+01 |  3:3.1e-02 10:8.2e-01
  237 ,   2371 : 3.3770350611120e+00 +(4e-01,2e+00) | 7.10e+01 |  3:3.1e-02 10:8.2e-01
  238 ,   2381 : 3.4111037455522e+00 +(8e-01,2e+02) | 7.10e+01 |  3:3.3e-02 10:8.5e-01
  239 ,   2391 : 3.2743542885232e+00 +(2e-01,1e+00) | 7.11e+01 |  3:3.2e-02 10:8.4e-01
Iterat, #Fevals:   Function Value    (median,worst) |Axis Ratio|idx:Min SD idx:Max SD
  240 ,   2401 : 3.4660338461116e+00 +(6e-01,2e+01) | 7.07e+01 |  3:3.1e-02 10:8.0e-01
  241 ,   2411 : 3.3844886824023e+00 +(9e-01,2e+06) | 7.10e+01 |  3:3.1e-02 10:7.9e-01
  242 ,   2421 : 3.5443464418565e+00 +(1e+00,3e+01) | 7.06e+01 |  3:3.3e-02 10:8.6e-01
  243 ,   2431 : 3.4018255035286e+00 +(1e+00,3e+00) | 7.00e+01 |  3:3.8e-02 10:9.6e-01
  244 ,   2441 : 3.3991776754859e+00 +(5e-01,6e+00) | 6.81e+01 |  3:3.9e-02 10:9.7e-01
  245 ,   2451 : 3.3953774727905e+00 +(1e+00,1e+02) | 6.73e+01 |  3:4.1e-02 10:1.0e+00
  246 ,   2461 : 3.3409527196583e+00 +(6e-01,5e+01) | 6.52e+01 |  3:4.3e-02 10:1.0e+00
  247 ,   2471 : 3.5653695083298e+00 +(3e+00,2e+01) | 6.58e+01 |  3:4.7e-02 10:1.1e+00
  248 ,   2481 : 4.3855758520663e+00 +(4e+00,4e+01) | 6.51e+01 |  3:5.6e-02 10:1.3e+00
  249 ,   2491 : 3.4599400427013e+00 +(3e+00,6e+00) | 6.29e+01 |  3:5.8e-02 10:1.4e+00
Iterat, #Fevals:   Function Value    (median,worst) |Axis Ratio|idx:Min SD idx:Max SD
  250 ,   2501 : 3.7452198326683e+00 +(4e+00,2e+05) | 5.95e+01 |  3:5.9e-02 10:1.4e+00
  251 ,   2511 : 3.7476041989344e+00 +(3e+00,4e+02) | 5.86e+01 |  3:6.2e-02 10:1.4e+00
  252 ,   2521 : 3.8426323329620e+00 +(6e-01,2e+06) | 5.63e+01 |  3:6.3e-02 10:1.4e+00
  253 ,   2531 : 3.8622554993237e+00 +(3e+00,2e+01) | 5.64e+01 |  3:6.2e-02 10:1.4e+00
  254 ,   2541 : 4.0638663966144e+00 +(1e+00,5e+00) | 5.77e+01 |  3:5.9e-02 10:1.3e+00
  255 ,   2551 : 3.6337767853554e+00 +(6e-01,9e+00) | 5.80e+01 |  3:5.3e-02 10:1.2e+00
  256 ,   2561 : 3.5229126238735e+00 +(8e-01,8e+00) | 5.78e+01 |  3:5.2e-02 10:1.2e+00
  257 ,   2571 : 3.4823413924206e+00 +(5e-01,1e+04) | 5.82e+01 |  3:5.2e-02 10:1.2e+00
  258 ,   2581 : 3.4892831540495e+00 +(3e+00,2e+01) | 5.81e+01 |  3:5.1e-02 10:1.1e+00
  259 ,   2591 : 3.4884484079897e+00 +(1e+00,4e+00) | 5.80e+01 |  3:4.6e-02 10:1.0e+00
Iterat, #Fevals:   Function Value    (median,worst) |Axis Ratio|idx:Min SD idx:Max SD
  260 ,   2601 : 3.3472004446150e+00 +(8e-01,7e+00) | 5.81e+01 |  3:4.9e-02 10:1.1e+00
  261 ,   2611 : 3.5579034021906e+00 +(3e+00,7e+00) | 5.78e+01 |  3:4.7e-02 10:1.0e+00
  262 ,   2621 : 3.8276425796688e+00 +(4e+00,2e+01) | 5.68e+01 |  3:4.4e-02 10:9.7e-01
  263 ,   2631 : 3.8959493600203e+00 +(1e+00,1e+01) | 5.69e+01 |  3:4.3e-02 10:9.3e-01
  264 ,   2641 : 3.3542422706472e+00 +(7e-01,5e+00) | 5.66e+01 |  3:3.7e-02 10:8.0e-01
  265 ,   2651 : 3.5038915011403e+00 +(7e-01,4e+01) | 5.74e+01 |  3:3.6e-02 10:7.7e-01
  266 ,   2661 : 3.2218893002395e+00 +(7e-01,4e+00) | 5.74e+01 |  3:3.4e-02 10:7.2e-01
  267 ,   2671 : 3.3305037841910e+00 +(3e+00,1e+01) | 5.68e+01 |  3:3.1e-02 10:6.7e-01
  268 ,   2681 : 3.5559054238258e+00 +(3e-01,2e+00) | 5.72e+01 |  3:3.0e-02 10:6.4e-01
  269 ,   2691 : 3.5544000963241e+00 +(2e-01,2e+00) | 5.72e+01 |  3:2.6e-02 10:5.6e-01
Iterat, #Fevals:   Function Value    (median,worst) |Axis Ratio|idx:Min SD idx:Max SD
  270 ,   2701 : 3.3837022618258e+00 +(7e-01,2e+00) | 5.77e+01 |  3:2.4e-02 10:5.0e-01
  271 ,   2711 : 3.4920824669446e+00 +(3e-01,2e+00) | 5.63e+01 |  3:2.3e-02 10:4.7e-01
  272 ,   2721 : 3.5033730871744e+00 +(4e-01,1e+00) | 5.71e+01 |  3:2.0e-02 10:4.3e-01
  273 ,   2731 : 3.3241317585379e+00 +(3e-01,7e-01) | 5.92e+01 |  3:2.0e-02 10:4.4e-01
  274 ,   2741 : 3.3339032266805e+00 +(3e-01,5e+00) | 6.11e+01 |  3:2.1e-02 10:4.7e-01
  275 ,   2751 : 3.3276135991097e+00 +(3e-01,1e+00) | 6.06e+01 |  3:1.9e-02 10:4.4e-01
  276 ,   2761 : 3.3102102512665e+00 +(4e-01,1e+00) | 5.99e+01 |  3:2.0e-02 10:4.5e-01
  277 ,   2771 : 3.4123363542737e+00 +(3e-01,3e+00) | 6.02e+01 |  3:1.8e-02 10:4.0e-01
  278 ,   2781 : 3.2896683513430e+00 +(5e-01,2e+00) | 6.02e+01 |  3:1.7e-02 10:3.8e-01
  279 ,   2791 : 3.3528797289335e+00 +(3e-01,2e+00) | 6.04e+01 |  3:1.7e-02 10:3.8e-01
Iterat, #Fevals:   Function Value    (median,worst) |Axis Ratio|idx:Min SD idx:Max SD
  280 ,   2801 : 3.3358097320686e+00 +(7e-01,2e+00) | 6.10e+01 |  3:1.8e-02 10:4.0e-01
  281 ,   2811 : 3.2860128529689e+00 +(1e-01,7e+00) | 6.09e+01 |  3:2.0e-02 10:4.3e-01
  282 ,   2821 : 3.2985565090606e+00 +(4e-01,2e+00) | 5.94e+01 |  3:2.1e-02 10:4.5e-01
  283 ,   2831 : 3.4283120778744e+00 +(2e-01,4e+00) | 5.96e+01 |  3:2.1e-02 10:4.6e-01
  284 ,   2841 : 3.3572428876889e+00 +(1e+00,3e+00) | 5.86e+01 |  3:2.1e-02 10:4.5e-01
  285 ,   2851 : 3.3779066605975e+00 +(2e-01,7e-01) | 5.60e+01 |  3:2.1e-02 10:4.5e-01
  286 ,   2861 : 3.3029630704516e+00 +(2e-01,2e+00) | 5.49e+01 |  3:2.0e-02 10:4.2e-01
  287 ,   2871 : 3.4189208793131e+00 +(4e-01,2e+00) | 5.57e+01 |  3:1.9e-02 10:4.0e-01
  288 ,   2881 : 3.3302283563480e+00 +(3e-01,2e+00) | 5.61e+01 |  3:1.7e-02 10:3.7e-01
  289 ,   2891 : 3.2668104644016e+00 +(2e-01,7e-01) | 5.64e+01 |  3:1.7e-02 10:3.6e-01
Iterat, #Fevals:   Function Value    (median,worst) |Axis Ratio|idx:Min SD idx:Max SD
  290 ,   2901 : 3.3093718200968e+00 +(1e-01,9e-01) | 5.59e+01 |  3:1.7e-02 10:3.6e-01
  291 ,   2911 : 3.2911571113254e+00 +(2e-01,3e-01) | 5.66e+01 |  3:1.6e-02 10:3.6e-01
  292 ,   2921 : 3.2496742982735e+00 +(1e-01,6e-01) | 5.63e+01 |  3:1.6e-02 10:3.5e-01
  293 ,   2931 : 3.3586241830393e+00 +(2e-01,1e+00) | 5.57e+01 |  3:1.6e-02 10:3.4e-01
  294 ,   2941 : 3.2726696414472e+00 +(4e-01,1e+00) | 5.54e+01 |  3:1.5e-02 10:3.2e-01
  295 ,   2951 : 3.2530085235666e+00 +(2e-01,2e+00) | 5.50e+01 |  3:1.5e-02 10:3.2e-01
  296 ,   2961 : 3.3108143814726e+00 +(3e-01,4e+00) | 5.42e+01 |  3:1.6e-02 10:3.4e-01
  297 ,   2971 : 3.2921428636580e+00 +(2e-01,8e-01) | 5.42e+01 |  3:1.7e-02 10:3.5e-01
  298 ,   2981 : 3.2882639739224e+00 +(2e-01,7e-01) | 5.38e+01 |  3:1.6e-02 10:3.2e-01
  299 ,   2991 : 3.2593757059955e+00 +(5e-01,2e+00) | 5.33e+01 |  3:1.5e-02 10:3.1e-01
Iterat, #Fevals:   Function Value    (median,worst) |Axis Ratio|idx:Min SD idx:Max SD
  300 ,   3001 : 3.2593535565042e+00 +(1e-01,7e-01) | 5.31e+01 |  3:1.5e-02 10:3.0e-01
  301 ,   3011 : 3.2537957798335e+00 +(8e-02,1e+00) | 5.30e+01 |  3:1.5e-02 10:3.0e-01
  302 ,   3021 : 3.2249709376658e+00 +(2e-01,1e+00) | 5.32e+01 |  3:1.5e-02 10:3.0e-01
  303 ,   3031 : 3.2428952072286e+00 +(3e-02,1e+00) | 5.25e+01 |  3:1.6e-02 10:3.1e-01
  304 ,   3041 : 3.2268703208901e+00 +(1e-01,9e-01) | 5.24e+01 |  3:1.5e-02 10:3.0e-01
  305 ,   3051 : 3.3219895468530e+00 +(3e-01,1e+00) | 5.28e+01 |  3:1.4e-02 10:2.8e-01
  306 ,   3061 : 3.2475803012708e+00 +(2e-01,3e-01) | 5.27e+01 |  3:1.3e-02 10:2.6e-01
  307 ,   3071 : 3.2908592068506e+00 +(1e-01,4e-01) | 5.27e+01 |  3:1.3e-02 10:2.5e-01
  308 ,   3081 : 3.2261897003986e+00 +(1e-01,4e-01) | 5.35e+01 |  3:1.1e-02 10:2.2e-01
  309 ,   3091 : 3.2521907134155e+00 +(1e-01,4e-01) | 5.28e+01 |  3:1.0e-02 10:1.9e-01
Iterat, #Fevals:   Function Value    (median,worst) |Axis Ratio|idx:Min SD idx:Max SD
  310 ,   3101 : 3.2310453731885e+00 +(6e-02,2e-01) | 5.31e+01 |  3:9.1e-03 10:1.7e-01
  311 ,   3111 : 3.2122174711396e+00 +(2e-01,4e-01) | 5.29e+01 |  3:8.6e-03 10:1.6e-01
  312 ,   3121 : 3.2134943852379e+00 +(8e-02,5e-01) | 5.30e+01 |  3:7.7e-03 10:1.4e-01
  313 ,   3131 : 3.2126669998224e+00 +(5e-02,4e-01) | 5.28e+01 |  3:7.3e-03 10:1.4e-01
  314 ,   3141 : 3.2002081145619e+00 +(4e-02,1e-01) | 5.23e+01 |  3:7.2e-03 10:1.3e-01
  315 ,   3151 : 3.2033307513821e+00 +(4e-02,2e-01) | 5.18e+01 |  3:7.3e-03 10:1.4e-01
  316 ,   3161 : 3.1899212360183e+00 +(4e-02,9e-02) | 4.92e+01 |  3:7.8e-03 10:1.4e-01
  317 ,   3171 : 3.2037627687427e+00 +(5e-02,2e-01) | 4.86e+01 |  3:7.7e-03 10:1.4e-01
  318 ,   3181 : 3.1722953093578e+00 +(5e-02,4e-01) | 4.89e+01 |  3:8.9e-03 10:1.6e-01
  319 ,   3191 : 3.1647772198521e+00 +(9e-02,3e-01) | 4.88e+01 |  3:9.9e-03 10:1.8e-01
Iterat, #Fevals:   Function Value    (median,worst) |Axis Ratio|idx:Min SD idx:Max SD
  320 ,   3201 : 3.1697780054505e+00 +(1e-01,2e-01) | 4.86e+01 |  3:1.1e-02 10:1.9e-01
  321 ,   3211 : 3.1633022344445e+00 +(6e-02,1e-01) | 4.83e+01 |  3:1.1e-02 10:2.0e-01
  322 ,   3221 : 3.1664636042758e+00 +(4e-02,5e-01) | 4.78e+01 |  3:1.2e-02 10:2.2e-01
  323 ,   3231 : 3.1719512454622e+00 +(2e-02,6e-01) | 4.75e+01 |  3:1.2e-02 10:2.1e-01
  324 ,   3241 : 3.1725548215479e+00 +(5e-02,2e-01) | 4.74e+01 |  3:1.2e-02 10:2.1e-01
  325 ,   3251 : 3.1486076174047e+00 +(7e-02,4e-01) | 4.75e+01 |  3:1.1e-02 10:2.0e-01
  326 ,   3261 : 3.1717058061677e+00 +(7e-02,5e-01) | 4.71e+01 |  3:1.0e-02 10:1.8e-01
  327 ,   3271 : 3.1533758270633e+00 +(8e-02,2e-01) | 4.75e+01 |  3:9.9e-03 10:1.7e-01
  328 ,   3281 : 3.1668989901875e+00 +(7e-02,3e-01) | 4.86e+01 |  3:9.8e-03 10:1.7e-01
  329 ,   3291 : 3.1303268379630e+00 +(5e-02,1e-01) | 4.95e+01 |  3:1.1e-02 10:1.8e-01
Iterat, #Fevals:   Function Value    (median,worst) |Axis Ratio|idx:Min SD idx:Max SD
  330 ,   3301 : 3.1291715527652e+00 +(8e-02,3e-01) | 4.93e+01 |  3:1.3e-02 10:2.0e-01
  331 ,   3311 : 3.1691410305839e+00 +(5e-02,4e-01) | 5.29e+01 |  3:1.4e-02 10:2.3e-01
  332 ,   3321 : 3.1183968648829e+00 +(8e-02,5e-01) | 5.42e+01 |  3:1.5e-02 10:2.4e-01
  333 ,   3331 : 3.0994417476317e+00 +(1e-01,6e-01) | 5.38e+01 |  3:1.7e-02 10:2.6e-01
  334 ,   3341 : 3.0860576894737e+00 +(2e-01,6e-01) | 5.41e+01 |  3:1.7e-02 10:2.6e-01
  335 ,   3351 : 3.1757503925422e+00 +(9e-02,2e+00) | 5.30e+01 |  3:1.7e-02 10:2.6e-01
  336 ,   3361 : 3.1043870985457e+00 +(6e-02,6e-01) | 5.29e+01 |  3:1.6e-02 10:2.5e-01
  337 ,   3371 : 3.0870388181298e+00 +(1e-01,7e-01) | 5.30e+01 |  3:1.7e-02 10:2.5e-01
  338 ,   3381 : 3.0816926484543e+00 +(1e-01,9e-01) | 5.32e+01 |  3:1.6e-02 10:2.3e-01
  339 ,   3391 : 3.0922067005313e+00 +(1e-01,5e-01) | 5.31e+01 |  3:1.4e-02 10:2.1e-01
Iterat, #Fevals:   Function Value    (median,worst) |Axis Ratio|idx:Min SD idx:Max SD
  340 ,   3401 : 3.0872175052490e+00 +(1e-01,5e-01) | 5.32e+01 |  3:1.3e-02 10:1.9e-01
  341 ,   3411 : 3.1079031774648e+00 +(5e-02,3e-01) | 5.28e+01 |  3:1.3e-02 10:1.8e-01
  342 ,   3421 : 3.0764602722493e+00 +(6e-02,5e-01) | 5.28e+01 |  3:1.2e-02 10:1.7e-01
  343 ,   3431 : 3.1081891473260e+00 +(4e-02,3e-01) | 5.23e+01 |  3:1.2e-02 10:1.6e-01
  344 ,   3441 : 3.0740083816824e+00 +(1e-01,5e-01) | 5.21e+01 |  3:1.0e-02 10:1.4e-01
  345 ,   3451 : 3.0663299204999e+00 +(4e-02,3e-01) | 5.17e+01 |  3:9.4e-03 10:1.3e-01
  346 ,   3461 : 3.0527557156111e+00 +(3e-02,1e-01) | 5.36e+01 |  3:1.1e-02 10:1.4e-01
  347 ,   3471 : 3.0521327542341e+00 +(9e-02,4e-01) | 5.35e+01 |  3:1.1e-02 10:1.5e-01
  348 ,   3481 : 3.0314302593551e+00 +(6e-02,4e-01) | 5.46e+01 |  3:1.3e-02 10:1.7e-01
  349 ,   3491 : 3.0438434662501e+00 +(3e-02,6e-01) | 5.44e+01 |  2:1.4e-02 10:1.8e-01
Iterat, #Fevals:   Function Value    (median,worst) |Axis Ratio|idx:Min SD idx:Max SD
  350 ,   3501 : 3.0476704033361e+00 +(1e-01,8e-01) | 5.39e+01 |  2:1.4e-02 10:1.8e-01
  351 ,   3511 : 3.0370097572424e+00 +(4e-02,1e-01) | 5.37e+01 |  2:1.4e-02 10:1.8e-01
  352 ,   3521 : 3.0142157323489e+00 +(7e-02,2e-01) | 5.30e+01 |  2:1.5e-02 10:1.9e-01
  353 ,   3531 : 3.0448049809208e+00 +(5e-02,3e-01) | 5.36e+01 |  2:1.7e-02 10:2.0e-01
  354 ,   3541 : 2.9746319076498e+00 +(9e-02,6e-01) | 5.40e+01 |  2:1.9e-02 10:2.4e-01
  355 ,   3551 : 3.0160880766153e+00 +(2e-01,1e+00) | 5.36e+01 |  2:2.2e-02 10:2.6e-01
  356 ,   3561 : 3.0229592853824e+00 +(3e-01,2e+00) | 5.30e+01 |  2:2.4e-02 10:2.9e-01
  357 ,   3571 : 3.0459974315574e+00 +(2e-01,1e+00) | 5.35e+01 |  2:2.3e-02 10:2.9e-01
  358 ,   3581 : 3.0122327551921e+00 +(1e-01,1e+00) | 5.39e+01 |  2:2.1e-02 10:2.4e-01
  359 ,   3591 : 3.0049441142135e+00 +(2e-01,8e-01) | 5.47e+01 |  2:2.0e-02 10:2.3e-01
Iterat, #Fevals:   Function Value    (median,worst) |Axis Ratio|idx:Min SD idx:Max SD
  360 ,   3601 : 3.0088499882042e+00 +(1e-01,7e-01) | 5.31e+01 |  2:1.8e-02 10:2.0e-01
  361 ,   3611 : 3.0072929443636e+00 +(2e-01,7e-01) | 5.21e+01 |  2:1.7e-02 10:1.9e-01
  362 ,   3621 : 3.0098255199009e+00 +(1e-01,3e-01) | 5.33e+01 |  2:1.6e-02 10:1.9e-01
  363 ,   3631 : 2.9933165360612e+00 +(1e-01,1e+00) | 5.54e+01 |  2:1.8e-02  5:2.1e-01
  364 ,   3641 : 2.9900391243887e+00 +(1e-01,5e-01) | 5.38e+01 |  2:1.6e-02  5:1.9e-01
  365 ,   3651 : 3.0105473274086e+00 +(9e-02,3e-01) | 5.39e+01 |  2:1.4e-02  5:1.7e-01
  366 ,   3661 : 2.9978901195575e+00 +(4e-02,6e-01) | 5.43e+01 |  2:1.4e-02  5:1.6e-01
  367 ,   3671 : 2.9904412882278e+00 +(6e-02,2e-01) | 5.41e+01 |  2:1.4e-02  5:1.6e-01
  368 ,   3681 : 2.9899035859631e+00 +(6e-02,4e-01) | 5.50e+01 |  2:1.3e-02  5:1.5e-01
  369 ,   3691 : 2.9933213343414e+00 +(3e-02,2e-01) | 5.51e+01 |  2:1.1e-02  5:1.3e-01
Iterat, #Fevals:   Function Value    (median,worst) |Axis Ratio|idx:Min SD idx:Max SD
  370 ,   3701 : 3.0054405330938e+00 +(3e-02,2e-01) | 5.54e+01 |  2:1.0e-02  5:1.2e-01
  371 ,   3711 : 3.0146495295028e+00 +(4e-02,2e-01) | 5.52e+01 |  2:9.4e-03  5:1.1e-01
  372 ,   3721 : 2.9957328434091e+00 +(2e-02,1e-01) | 5.47e+01 |  2:9.3e-03  5:1.1e-01
  373 ,   3731 : 2.9898058795255e+00 +(1e-02,2e-01) | 5.45e+01 |  2:8.8e-03  5:1.0e-01
  374 ,   3741 : 2.9965631918699e+00 +(2e-02,1e-01) | 5.45e+01 |  2:8.3e-03  5:9.7e-02
  375 ,   3751 : 2.9929816435988e+00 +(2e-02,2e-01) | 5.57e+01 |  2:8.3e-03  5:9.6e-02
  376 ,   3761 : 2.9971450310385e+00 +(3e-02,8e-02) | 5.55e+01 |  2:8.0e-03  5:9.2e-02
  377 ,   3771 : 3.0018233304311e+00 +(1e-02,9e-02) | 5.55e+01 |  2:7.7e-03  5:8.8e-02
  378 ,   3781 : 2.9968587444978e+00 +(2e-02,5e-02) | 5.54e+01 |  2:7.1e-03  5:8.1e-02
  379 ,   3791 : 2.9948720539360e+00 +(7e-03,4e-02) | 5.54e+01 |  2:6.7e-03  5:7.6e-02
Iterat, #Fevals:   Function Value    (median,worst) |Axis Ratio|idx:Min SD idx:Max SD
  380 ,   3801 : 2.9897667283825e+00 +(1e-02,6e-02) | 5.49e+01 |  2:6.1e-03  5:6.9e-02
  381 ,   3811 : 2.9873504432153e+00 +(1e-02,5e-02) | 5.64e+01 |  2:5.7e-03  5:6.5e-02
  382 ,   3821 : 2.9763285701710e+00 +(2e-02,4e-02) | 5.85e+01 |  2:5.7e-03  5:6.7e-02
  383 ,   3831 : 2.9877293561634e+00 +(2e-02,3e-02) | 5.92e+01 |  2:5.5e-03  5:6.5e-02
  384 ,   3841 : 2.9905292836366e+00 +(9e-03,3e-02) | 5.97e+01 |  2:5.6e-03  5:6.6e-02
  385 ,   3851 : 2.9824794282228e+00 +(2e-02,3e-02) | 5.95e+01 |  2:6.5e-03  5:7.3e-02
  386 ,   3861 : 2.9863958055660e+00 +(1e-02,3e-02) | 5.91e+01 |  2:6.6e-03  5:7.4e-02
  387 ,   3871 : 2.9762240646048e+00 +(2e-02,7e-02) | 5.80e+01 |  2:6.9e-03  5:7.7e-02
  388 ,   3881 : 2.9861026422956e+00 +(2e-02,1e-01) | 5.76e+01 |  2:6.4e-03  5:7.1e-02
  389 ,   3891 : 2.9916092240692e+00 +(1e-02,6e-02) | 5.68e+01 |  2:6.1e-03  5:6.7e-02
Iterat, #Fevals:   Function Value    (median,worst) |Axis Ratio|idx:Min SD idx:Max SD
  390 ,   3901 : 2.9831373633405e+00 +(2e-02,5e-02) | 5.68e+01 |  2:5.6e-03  5:6.1e-02
  391 ,   3911 : 2.9873591481773e+00 +(1e-02,3e-02) | 5.45e+01 |  2:5.5e-03  5:6.0e-02
  392 ,   3921 : 2.9850264347563e+00 +(9e-03,2e-02) | 5.46e+01 |  2:5.5e-03  5:5.9e-02
  393 ,   3931 : 2.9839600369779e+00 +(1e-02,6e-02) | 5.47e+01 |  2:5.4e-03  5:5.8e-02
  394 ,   3941 : 2.9794689782477e+00 +(1e-02,6e-02) | 5.51e+01 |  2:6.0e-03  5:6.5e-02
  395 ,   3951 : 2.9830393352302e+00 +(1e-02,3e-02) | 5.52e+01 |  2:6.3e-03  5:6.8e-02
  396 ,   3961 : 2.9847323967552e+00 +(7e-03,7e-02) | 5.58e+01 |  2:6.9e-03  5:7.3e-02
  397 ,   3971 : 2.9840574521386e+00 +(1e-02,7e-02) | 5.67e+01 |  2:6.8e-03  5:7.1e-02
  398 ,   3981 : 2.9812993294142e+00 +(1e-02,8e-02) | 5.65e+01 |  2:6.9e-03  5:7.3e-02
  399 ,   3991 : 2.9768410118489e+00 +(2e-02,3e-02) | 5.64e+01 |  2:7.7e-03  5:8.2e-02
Iterat, #Fevals:   Function Value    (median,worst) |Axis Ratio|idx:Min SD idx:Max SD
  400 ,   4001 : 2.9759932706525e+00 +(3e-02,7e-02) | 5.58e+01 |  2:9.1e-03  5:9.8e-02
  401 ,   4011 : 2.9787331077187e+00 +(3e-02,1e-01) | 5.63e+01 |  2:1.1e-02  5:1.2e-01
  402 ,   4021 : 2.9875219224605e+00 +(3e-02,4e-01) | 5.67e+01 |  2:1.1e-02  5:1.2e-01
  403 ,   4031 : 2.9904650122870e+00 +(5e-02,1e-01) | 5.67e+01 |  2:1.2e-02  5:1.3e-01
  404 ,   4041 : 3.0032555228039e+00 +(1e-02,2e-01) | 5.54e+01 |  2:1.2e-02  5:1.3e-01
  405 ,   4051 : 3.0012550592172e+00 +(4e-02,2e-01) | 5.51e+01 |  2:1.1e-02  5:1.3e-01
  406 ,   4061 : 2.9891807015475e+00 +(5e-02,1e-01) | 5.54e+01 |  2:1.0e-02  5:1.1e-01
  407 ,   4071 : 2.9870994683587e+00 +(4e-02,2e-01) | 5.54e+01 |  2:9.8e-03  5:1.1e-01
  408 ,   4081 : 2.9757249724664e+00 +(2e-02,2e-01) | 5.59e+01 |  2:9.3e-03  5:1.0e-01
  409 ,   4091 : 2.9834967244766e+00 +(1e-02,9e-02) | 5.59e+01 |  2:8.6e-03  5:9.6e-02
Iterat, #Fevals:   Function Value    (median,worst) |Axis Ratio|idx:Min SD idx:Max SD
  410 ,   4101 : 2.9722893878398e+00 +(2e-02,7e-02) | 5.58e+01 |  2:8.7e-03  5:9.4e-02
  411 ,   4111 : 2.9830419133105e+00 +(2e-02,6e-02) | 5.60e+01 |  2:7.7e-03  5:8.3e-02
  412 ,   4121 : 2.9751059363405e+00 +(2e-02,1e-01) | 5.54e+01 |  2:7.4e-03  5:8.0e-02
  413 ,   4131 : 2.9652463450439e+00 +(3e-02,7e-02) | 5.53e+01 |  2:6.9e-03  5:7.4e-02
  414 ,   4141 : 2.9826503566565e+00 +(1e-02,6e-02) | 5.54e+01 |  2:6.2e-03  5:6.7e-02
  415 ,   4151 : 2.9831123357799e+00 +(7e-03,2e-02) | 5.55e+01 |  2:5.5e-03  5:5.9e-02
  416 ,   4161 : 2.9832287257233e+00 +(4e-03,1e-02) | 5.61e+01 |  2:5.2e-03  5:5.7e-02
  417 ,   4171 : 2.9778003151859e+00 +(9e-03,3e-02) | 5.57e+01 |  2:5.3e-03  5:5.7e-02
  418 ,   4181 : 2.9656418954679e+00 +(2e-02,4e-02) | 5.57e+01 |  2:5.0e-03  5:5.3e-02
  419 ,   4191 : 2.9812209190900e+00 +(7e-03,3e-02) | 5.52e+01 |  2:4.6e-03  5:4.9e-02
Iterat, #Fevals:   Function Value    (median,worst) |Axis Ratio|idx:Min SD idx:Max SD
  420 ,   4201 : 2.9766863930994e+00 +(1e-02,3e-02) | 5.55e+01 |  2:4.4e-03  5:4.7e-02
  421 ,   4211 : 2.9770669166430e+00 +(1e-02,2e-02) | 5.62e+01 |  2:4.4e-03  5:4.7e-02
  422 ,   4221 : 2.9679036159661e+00 +(2e-02,3e-02) | 5.49e+01 |  2:4.0e-03  5:4.3e-02
  423 ,   4231 : 2.9774078229671e+00 +(1e-02,2e-02) | 5.48e+01 |  2:3.8e-03  5:4.1e-02
  424 ,   4241 : 2.9790710806582e+00 +(1e-02,2e-02) | 5.38e+01 |  2:3.5e-03  5:3.8e-02
  425 ,   4251 : 2.9755721080489e+00 +(1e-02,2e-02) | 5.46e+01 |  2:3.4e-03  5:3.7e-02
  426 ,   4261 : 2.9693942955773e+00 +(2e-02,2e-02) | 5.50e+01 |  2:3.3e-03  5:3.6e-02
  427 ,   4271 : 2.9749743609513e+00 +(1e-02,2e-02) | 5.52e+01 |  2:3.0e-03  5:3.3e-02
  428 ,   4281 : 2.9648762957956e+00 +(2e-02,2e-02) | 5.54e+01 |  2:2.7e-03  5:3.0e-02
  429 ,   4291 : 2.9766829639584e+00 +(6e-03,1e-02) | 5.49e+01 |  2:2.8e-03  5:3.1e-02
Iterat, #Fevals:   Function Value    (median,worst) |Axis Ratio|idx:Min SD idx:Max SD
  430 ,   4301 : 2.9709832749375e+00 +(1e-02,2e-02) | 5.44e+01 |  2:3.2e-03  5:3.4e-02
  431 ,   4311 : 2.9732413246730e+00 +(1e-02,3e-02) | 5.49e+01 |  2:3.1e-03  5:3.2e-02
  432 ,   4321 : 2.9836740903829e+00 +(4e-03,1e-02) | 5.55e+01 |  2:3.0e-03  5:3.1e-02
  433 ,   4331 : 2.9719751396672e+00 +(2e-02,2e-02) | 5.40e+01 |  2:3.0e-03  5:3.1e-02
  434 ,   4341 : 2.9802446191125e+00 +(6e-03,2e-02) | 5.34e+01 |  2:3.1e-03  5:3.2e-02
  435 ,   4351 : 2.9802571226028e+00 +(6e-03,9e-03) | 5.38e+01 |  2:3.0e-03  5:3.2e-02
  436 ,   4361 : 2.9779984863961e+00 +(6e-03,2e-02) | 5.35e+01 |  2:3.1e-03  5:3.2e-02
  437 ,   4371 : 2.9679101713008e+00 +(2e-02,2e-02) | 5.52e+01 |  2:2.9e-03  5:3.1e-02
  438 ,   4381 : 2.9736241487395e+00 +(9e-03,2e-02) | 5.61e+01 |  2:2.8e-03  5:2.9e-02
  439 ,   4391 : 2.9761930207282e+00 +(1e-02,2e-02) | 5.66e+01 |  2:2.6e-03  5:2.8e-02
Iterat, #Fevals:   Function Value    (median,worst) |Axis Ratio|idx:Min SD idx:Max SD
  440 ,   4401 : 2.9813320952458e+00 +(7e-03,1e-02) | 5.96e+01 |  2:2.7e-03  5:2.9e-02
  441 ,   4411 : 2.9815634666553e+00 +(7e-03,2e-02) | 6.12e+01 |  2:2.6e-03  5:2.9e-02
  442 ,   4421 : 2.9781365515546e+00 +(1e-02,2e-02) | 6.20e+01 |  2:2.4e-03  5:2.7e-02
  443 ,   4431 : 2.9765343976283e+00 +(7e-03,2e-02) | 6.25e+01 |  2:2.4e-03  5:2.6e-02
  444 ,   4441 : 2.9759850987151e+00 +(1e-02,2e-02) | 6.38e+01 |  2:2.2e-03  5:2.4e-02
  445 ,   4451 : 2.9743579922789e+00 +(1e-02,2e-02) | 6.24e+01 |  2:2.2e-03  5:2.4e-02
  446 ,   4461 : 2.9827910190936e+00 +(4e-03,2e-02) | 6.08e+01 |  2:2.1e-03  5:2.3e-02
  447 ,   4471 : 2.9521083107187e+00 +(3e-02,4e-02) | 6.04e+01 |  2:2.0e-03  5:2.2e-02
  448 ,   4481 : 2.9797008974457e+00 +(4e-03,9e-03) | 6.07e+01 |  2:1.9e-03  5:2.0e-02
  449 ,   4491 : 2.9798242079077e+00 +(7e-03,1e-02) | 6.04e+01 |  2:1.9e-03  5:2.0e-02
Iterat, #Fevals:   Function Value    (median,worst) |Axis Ratio|idx:Min SD idx:Max SD
  450 ,   4501 : 2.9816052777115e+00 +(5e-03,2e-02) | 5.95e+01 |  2:2.0e-03  5:2.1e-02
  451 ,   4511 : 2.9710980560354e+00 +(2e-02,2e-02) | 6.00e+01 |  2:1.9e-03  5:2.0e-02
  452 ,   4521 : 2.9729407618660e+00 +(2e-02,2e-02) | 6.13e+01 |  2:1.8e-03  5:2.0e-02
  453 ,   4531 : 2.9759467087300e+00 +(1e-02,2e-02) | 6.06e+01 |  2:2.1e-03  1:2.4e-02
  454 ,   4541 : 2.9803468764491e+00 +(6e-03,9e-03) | 6.11e+01 |  2:2.1e-03  1:2.3e-02
  455 ,   4551 : 2.9797376763137e+00 +(6e-03,1e-02) | 6.18e+01 |  2:1.9e-03  1:2.1e-02
  456 ,   4561 : 2.9822040338010e+00 +(4e-03,1e-02) | 6.26e+01 |  2:1.7e-03  1:1.9e-02
  457 ,   4571 : 2.9498491142006e+00 +(4e-02,5e-02) | 6.30e+01 |  2:1.7e-03  1:1.8e-02
  458 ,   4581 : 2.9574737586836e+00 +(3e-02,3e-02) | 6.21e+01 |  2:1.6e-03  1:1.7e-02
  459 ,   4591 : 2.9817513124923e+00 +(3e-03,2e-02) | 6.23e+01 |  2:1.6e-03  1:1.7e-02
Iterat, #Fevals:   Function Value    (median,worst) |Axis Ratio|idx:Min SD idx:Max SD
  460 ,   4601 : 2.9691436876608e+00 +(2e-02,3e-02) | 6.26e+01 |  2:1.7e-03  5:1.8e-02
  461 ,   4611 : 2.9722471737337e+00 +(1e-02,3e-02) | 6.25e+01 |  2:1.6e-03  5:1.8e-02
  462 ,   4621 : 2.9757807776893e+00 +(9e-03,4e-02) | 6.31e+01 |  2:1.6e-03  5:1.8e-02
  463 ,   4631 : 2.9764348137434e+00 +(7e-03,1e-02) | 6.30e+01 |  2:1.5e-03  5:1.6e-02
  464 ,   4641 : 2.9758180216374e+00 +(9e-03,2e-02) | 6.31e+01 |  2:1.4e-03  5:1.5e-02
  465 ,   4651 : 2.9755561284893e+00 +(9e-03,1e-02) | 6.51e+01 |  2:1.4e-03  5:1.6e-02
  466 ,   4661 : 2.9776560388804e+00 +(8e-03,1e-02) | 6.60e+01 |  2:1.3e-03  5:1.5e-02
  467 ,   4671 : 2.9715051073724e+00 +(1e-02,2e-02) | 6.65e+01 |  2:1.3e-03  5:1.5e-02
  468 ,   4681 : 2.9776325544044e+00 +(7e-03,1e-02) | 6.47e+01 |  2:1.4e-03  5:1.6e-02
  469 ,   4691 : 2.9832140066417e+00 +(2e-03,8e-03) | 6.50e+01 |  2:1.4e-03  5:1.6e-02
Iterat, #Fevals:   Function Value    (median,worst) |Axis Ratio|idx:Min SD idx:Max SD
  470 ,   4701 : 2.9794706115157e+00 +(6e-03,1e-02) | 6.49e+01 |  2:1.4e-03  5:1.6e-02
  471 ,   4711 : 2.9721798321193e+00 +(2e-02,2e-02) | 6.52e+01 |  2:1.3e-03  5:1.5e-02
  472 ,   4721 : 2.9555325792106e+00 +(3e-02,4e-02) | 6.52e+01 |  2:1.3e-03  5:1.4e-02
  473 ,   4731 : 2.9394044155459e+00 +(5e-02,5e-02) | 6.44e+01 |  2:1.2e-03  5:1.4e-02
  474 ,   4741 : 2.9762688850828e+00 +(8e-03,1e-02) | 6.46e+01 |  2:1.3e-03  5:1.4e-02
  475 ,   4751 : 2.9802374820578e+00 +(7e-03,1e-02) | 6.23e+01 |  2:1.3e-03  5:1.5e-02
  476 ,   4761 : 2.9809171133926e+00 +(2e-03,9e-03) | 6.03e+01 |  2:1.3e-03  5:1.5e-02
  477 ,   4771 : 2.9827990875170e+00 +(5e-03,1e-02) | 5.84e+01 |  2:1.5e-03  5:1.7e-02
  478 ,   4781 : 2.9852584424404e+00 +(3e-03,1e-02) | 5.85e+01 |  2:1.6e-03  5:1.7e-02
  479 ,   4791 : 2.9645848341952e+00 +(2e-02,3e-02) | 5.75e+01 |  2:1.4e-03  5:1.6e-02
Iterat, #Fevals:   Function Value    (median,worst) |Axis Ratio|idx:Min SD idx:Max SD
  480 ,   4801 : 2.9864588210894e+00 +(3e-03,7e-03) | 5.73e+01 |  2:1.3e-03  5:1.5e-02
  481 ,   4811 : 2.9666330216077e+00 +(2e-02,3e-02) | 5.71e+01 |  2:1.2e-03  5:1.4e-02
  482 ,   4821 : 2.9816304295401e+00 +(7e-03,1e-02) | 5.94e+01 |  2:1.2e-03  5:1.4e-02
  483 ,   4831 : 2.9747736669232e+00 +(1e-02,2e-02) | 5.98e+01 |  2:1.2e-03  5:1.4e-02
  484 ,   4841 : 2.9733602868193e+00 +(1e-02,2e-02) | 6.08e+01 |  2:1.2e-03  5:1.3e-02
  485 ,   4851 : 2.9832604018107e+00 +(2e-03,7e-03) | 6.18e+01 |  2:1.2e-03  5:1.4e-02
  486 ,   4861 : 2.9820223162934e+00 +(2e-03,1e-02) | 6.38e+01 |  2:1.2e-03  5:1.5e-02
  487 ,   4871 : 2.9676714391330e+00 +(2e-02,2e-02) | 6.43e+01 |  2:1.3e-03  5:1.6e-02
  488 ,   4881 : 2.9794761060007e+00 +(7e-03,2e-02) | 6.59e+01 |  2:1.3e-03  5:1.5e-02
  489 ,   4891 : 2.9837188605866e+00 +(3e-03,9e-03) | 6.63e+01 |  2:1.3e-03  5:1.5e-02
Iterat, #Fevals:   Function Value    (median,worst) |Axis Ratio|idx:Min SD idx:Max SD
  490 ,   4901 : 2.9793583545651e+00 +(5e-03,1e-02) | 6.70e+01 |  2:1.3e-03  5:1.5e-02
  491 ,   4911 : 2.9834736342131e+00 +(4e-03,2e-02) | 6.73e+01 |  2:1.2e-03  5:1.5e-02
  492 ,   4921 : 2.9817219752545e+00 +(7e-03,1e-02) | 6.95e+01 |  2:1.2e-03  5:1.5e-02
  493 ,   4931 : 2.9775953604604e+00 +(9e-03,2e-02) | 6.97e+01 |  2:1.1e-03  5:1.3e-02
  494 ,   4941 : 2.9814481447999e+00 +(4e-03,6e-03) | 7.08e+01 |  2:1.1e-03  5:1.3e-02
  495 ,   4951 : 2.9827666329211e+00 +(3e-03,7e-03) | 7.19e+01 |  2:1.0e-03  5:1.3e-02
  496 ,   4961 : 2.9795052219295e+00 +(7e-03,1e-02) | 7.19e+01 |  2:9.4e-04  5:1.2e-02
  497 ,   4971 : 2.9762829618749e+00 +(1e-02,2e-02) | 7.24e+01 |  2:8.9e-04  5:1.1e-02
  498 ,   4981 : 2.9619264559087e+00 +(2e-02,3e-02) | 7.51e+01 |  2:8.8e-04  5:1.1e-02
  499 ,   4991 : 2.9710711419203e+00 +(2e-02,2e-02) | 7.62e+01 |  2:8.6e-04  5:1.1e-02
Iterat, #Fevals:   Function Value    (median,worst) |Axis Ratio|idx:Min SD idx:Max SD
  500 ,   5001 : 2.9744515482969e+00 +(1e-02,2e-02) | 7.67e+01 |  2:8.1e-04  5:1.0e-02
  501 ,   5011 : 2.9837959442957e+00 +(4e-03,1e-02) | 7.66e+01 |  2:7.7e-04  5:9.7e-03
  502 ,   5021 : 2.9821795175019e+00 +(6e-03,2e-02) | 7.54e+01 |  2:7.3e-04  5:9.1e-03
  503 ,   5031 : 2.9835473411858e+00 +(4e-03,8e-03) | 7.53e+01 |  2:6.7e-04  5:8.5e-03
  504 ,   5041 : 2.9836216415774e+00 +(4e-03,9e-03) | 7.53e+01 |  2:6.2e-04  5:7.8e-03
  505 ,   5051 : 2.9804675582677e+00 +(8e-03,1e-02) | 7.25e+01 |  2:6.1e-04  5:7.7e-03
  506 ,   5061 : 2.9836236571499e+00 +(4e-03,1e-02) | 7.26e+01 |  2:5.9e-04  5:7.5e-03
  507 ,   5071 : 2.9622299257175e+00 +(2e-02,3e-02) | 7.23e+01 |  2:5.8e-04  5:7.3e-03
  508 ,   5081 : 2.9800646106561e+00 +(5e-03,9e-03) | 6.89e+01 |  2:6.3e-04  5:7.9e-03
  509 ,   5091 : 2.9725626173435e+00 +(1e-02,2e-02) | 6.88e+01 |  2:6.4e-04  5:7.9e-03
Iterat, #Fevals:   Function Value    (median,worst) |Axis Ratio|idx:Min SD idx:Max SD
  510 ,   5101 : 2.9787563885506e+00 +(8e-03,1e-02) | 6.92e+01 |  2:6.5e-04  5:8.2e-03
  511 ,   5111 : 2.9809669394481e+00 +(7e-03,1e-02) | 6.92e+01 |  2:6.7e-04  5:8.2e-03
  512 ,   5121 : 2.9693073008508e+00 +(2e-02,2e-02) | 6.81e+01 |  2:6.7e-04  5:8.1e-03
  513 ,   5131 : 2.9681218329507e+00 +(2e-02,2e-02) | 6.71e+01 |  2:6.1e-04  5:7.5e-03
  514 ,   5141 : 2.9739019476291e+00 +(1e-02,2e-02) | 6.79e+01 |  2:6.2e-04  5:7.6e-03
  515 ,   5151 : 2.9806303833840e+00 +(4e-03,8e-03) | 6.89e+01 |  2:6.1e-04  5:7.8e-03
  516 ,   5161 : 2.9702663797006e+00 +(2e-02,2e-02) | 7.06e+01 |  2:6.1e-04  5:7.7e-03
  517 ,   5171 : 2.9842798160633e+00 +(2e-03,8e-03) | 7.48e+01 |  2:6.1e-04  5:8.1e-03
  518 ,   5181 : 2.9739240737587e+00 +(1e-02,2e-02) | 7.50e+01 |  2:5.9e-04  5:7.9e-03
  519 ,   5191 : 2.9796673690143e+00 +(7e-03,8e-03) | 7.39e+01 |  2:6.3e-04  5:8.4e-03
Iterat, #Fevals:   Function Value    (median,worst) |Axis Ratio|idx:Min SD idx:Max SD
  520 ,   5201 : 2.9790168057437e+00 +(6e-03,9e-03) | 7.21e+01 |  2:6.4e-04  5:8.3e-03
  521 ,   5211 : 2.9728941556176e+00 +(1e-02,2e-02) | 7.47e+01 |  2:6.2e-04  5:8.4e-03
  522 ,   5221 : 2.9780299610676e+00 +(7e-03,2e-02) | 7.48e+01 |  2:5.7e-04  5:7.7e-03
  523 ,   5231 : 2.9710907550762e+00 +(2e-02,2e-02) | 7.44e+01 |  2:5.3e-04  5:7.3e-03
  524 ,   5241 : 2.9794026788308e+00 +(6e-03,1e-02) | 7.56e+01 |  2:5.5e-04  5:7.7e-03
  525 ,   5251 : 2.9793728964489e+00 +(8e-03,1e-02) | 7.72e+01 |  2:5.6e-04  5:8.0e-03
  526 ,   5261 : 2.9775701075427e+00 +(4e-03,1e-02) | 7.58e+01 |  2:6.3e-04  5:8.9e-03
  527 ,   5271 : 2.9799925362568e+00 +(4e-03,8e-03) | 7.55e+01 |  2:6.0e-04  5:8.7e-03
  528 ,   5281 : 2.9734005999255e+00 +(1e-02,2e-02) | 7.55e+01 |  2:5.6e-04  5:7.9e-03
  529 ,   5291 : 2.9787800235577e+00 +(8e-03,1e-02) | 7.79e+01 |  2:5.6e-04  5:8.2e-03
Iterat, #Fevals:   Function Value    (median,worst) |Axis Ratio|idx:Min SD idx:Max SD
  530 ,   5301 : 2.9704648983696e+00 +(1e-02,2e-02) | 7.81e+01 |  2:5.8e-04  5:8.8e-03
  531 ,   5311 : 2.9805378154910e+00 +(6e-03,1e-02) | 7.69e+01 |  2:5.5e-04  5:8.5e-03
  532 ,   5321 : 2.9822601449581e+00 +(5e-03,1e-02) | 7.82e+01 |  2:5.6e-04  5:8.6e-03
  533 ,   5331 : 2.9590909332516e+00 +(3e-02,4e-02) | 7.86e+01 |  2:5.5e-04  5:8.6e-03
  534 ,   5341 : 2.9754737641614e+00 +(1e-02,2e-02) | 7.92e+01 |  2:5.9e-04  5:9.2e-03
  535 ,   5351 : 2.9843138856195e+00 +(3e-03,7e-03) | 7.97e+01 |  2:6.3e-04  5:9.7e-03
  536 ,   5361 : 2.9688730439167e+00 +(2e-02,2e-02) | 8.02e+01 |  2:6.2e-04  5:9.4e-03
  537 ,   5371 : 2.9817656845009e+00 +(7e-03,1e-02) | 7.65e+01 |  2:6.4e-04  5:9.6e-03
  538 ,   5381 : 2.9818333256623e+00 +(5e-03,1e-02) | 7.50e+01 |  2:6.3e-04  5:9.4e-03
  539 ,   5391 : 2.9755323986170e+00 +(1e-02,2e-02) | 7.11e+01 |  2:6.1e-04  5:9.2e-03
Iterat, #Fevals:   Function Value    (median,worst) |Axis Ratio|idx:Min SD idx:Max SD
  540 ,   5401 : 2.9714278356573e+00 +(2e-02,2e-02) | 6.97e+01 |  2:6.0e-04  5:8.7e-03
  541 ,   5411 : 2.9706873864190e+00 +(1e-02,2e-02) | 6.97e+01 |  2:5.7e-04  5:8.0e-03
  542 ,   5421 : 2.9723504857610e+00 +(2e-02,2e-02) | 6.81e+01 |  2:5.5e-04  5:7.6e-03
  543 ,   5431 : 2.9814975521382e+00 +(7e-03,1e-02) | 6.73e+01 |  2:5.6e-04  5:7.8e-03
  544 ,   5441 : 2.9734173198604e+00 +(1e-02,2e-02) | 6.58e+01 |  2:5.7e-04  5:7.8e-03
  545 ,   5451 : 2.9787086321073e+00 +(9e-03,1e-02) | 6.54e+01 |  2:5.2e-04  5:7.1e-03
  546 ,   5461 : 2.9794093333942e+00 +(8e-03,2e-02) | 6.55e+01 |  2:4.9e-04  5:6.6e-03
  547 ,   5471 : 2.9807039725141e+00 +(7e-03,2e-02) | 6.32e+01 |  2:4.9e-04  5:6.4e-03
  548 ,   5481 : 2.9797683917591e+00 +(7e-03,1e-02) | 6.31e+01 |  2:4.6e-04  5:6.0e-03
  549 ,   5491 : 2.9810185870032e+00 +(5e-03,1e-02) | 6.31e+01 |  2:4.8e-04  5:6.0e-03
Iterat, #Fevals:   Function Value    (median,worst) |Axis Ratio|idx:Min SD idx:Max SD
  550 ,   5501 : 2.9827465223995e+00 +(4e-03,6e-03) | 6.55e+01 |  2:4.7e-04  5:6.0e-03
  551 ,   5511 : 2.9805798120871e+00 +(7e-03,1e-02) | 6.59e+01 |  2:4.4e-04  5:5.7e-03
  552 ,   5521 : 2.9455474605562e+00 +(4e-02,5e-02) | 6.89e+01 |  2:4.5e-04  5:5.9e-03
  553 ,   5531 : 2.9809362421537e+00 +(8e-03,2e-02) | 6.78e+01 |  2:4.3e-04  5:5.7e-03
  554 ,   5541 : 2.9734119803702e+00 +(1e-02,2e-02) | 6.62e+01 |  2:4.5e-04  5:5.8e-03
  555 ,   5551 : 2.9823185346112e+00 +(7e-03,9e-03) | 6.58e+01 |  2:4.3e-04  5:5.5e-03
  556 ,   5561 : 2.9727108178737e+00 +(1e-02,2e-02) | 6.55e+01 |  2:4.2e-04  5:5.2e-03
  557 ,   5571 : 2.9730182255399e+00 +(1e-02,2e-02) | 6.44e+01 |  2:3.9e-04  5:4.8e-03
  558 ,   5581 : 2.9779162161812e+00 +(1e-02,2e-02) | 6.48e+01 |  2:3.9e-04  5:5.0e-03
  559 ,   5591 : 2.9828254626423e+00 +(7e-03,2e-02) | 6.48e+01 |  2:3.8e-04  5:4.9e-03
Iterat, #Fevals:   Function Value    (median,worst) |Axis Ratio|idx:Min SD idx:Max SD
  560 ,   5601 : 2.9812233820875e+00 +(6e-03,9e-03) | 6.31e+01 |  2:3.8e-04  5:4.9e-03
  561 ,   5611 : 2.9832695534572e+00 +(6e-03,1e-02) | 6.35e+01 |  2:3.9e-04  5:5.0e-03
  562 ,   5621 : 2.9826367969459e+00 +(6e-03,1e-02) | 6.22e+01 |  2:4.1e-04  5:5.3e-03
  563 ,   5631 : 2.9775927827216e+00 +(1e-02,1e-02) | 6.21e+01 |  2:4.4e-04  5:5.6e-03
  564 ,   5641 : 2.9690206223708e+00 +(2e-02,2e-02) | 6.45e+01 |  2:4.4e-04  5:5.7e-03
  565 ,   5651 : 2.9818680972970e+00 +(7e-03,2e-02) | 6.40e+01 |  2:4.5e-04  5:5.6e-03
  566 ,   5661 : 2.9774850145453e+00 +(1e-02,2e-02) | 6.40e+01 |  2:4.6e-04  5:5.7e-03
  567 ,   5671 : 2.9838370636936e+00 +(4e-03,8e-03) | 6.49e+01 |  2:4.2e-04  5:5.3e-03
  568 ,   5681 : 2.9702403277459e+00 +(1e-02,2e-02) | 6.55e+01 |  2:3.8e-04  5:4.8e-03
  569 ,   5691 : 2.9824127378819e+00 +(4e-03,9e-03) | 6.63e+01 |  2:3.3e-04  5:4.2e-03
Iterat, #Fevals:   Function Value    (median,worst) |Axis Ratio|idx:Min SD idx:Max SD
  570 ,   5701 : 2.9769329998855e+00 +(1e-02,1e-02) | 6.63e+01 |  2:3.0e-04  5:3.9e-03
  571 ,   5711 : 2.9810190928249e+00 +(6e-03,1e-02) | 6.49e+01 |  2:3.0e-04  5:3.9e-03
  572 ,   5721 : 2.9685113421801e+00 +(2e-02,3e-02) | 6.47e+01 |  2:3.4e-04  5:4.3e-03
  573 ,   5731 : 2.9851655463956e+00 +(3e-03,5e-03) | 6.42e+01 |  2:3.8e-04  5:4.4e-03
  574 ,   5741 : 2.9798644527119e+00 +(8e-03,1e-02) | 6.38e+01 |  2:3.7e-04  5:4.3e-03
  575 ,   5751 : 2.9812008647726e+00 +(6e-03,1e-02) | 6.36e+01 |  2:3.6e-04  5:4.2e-03
  576 ,   5761 : 2.9678813708418e+00 +(2e-02,3e-02) | 6.29e+01 |  2:3.5e-04  5:4.1e-03
  577 ,   5771 : 2.9805211841529e+00 +(4e-03,9e-03) | 6.28e+01 |  2:3.4e-04  5:4.1e-03
  578 ,   5781 : 2.9821621690797e+00 +(4e-03,9e-03) | 6.33e+01 |  2:3.2e-04  5:3.9e-03
  579 ,   5791 : 2.9808370518726e+00 +(6e-03,1e-02) | 6.31e+01 |  2:3.1e-04  5:3.8e-03
Iterat, #Fevals:   Function Value    (median,worst) |Axis Ratio|idx:Min SD idx:Max SD
  580 ,   5801 : 2.9846192282196e+00 +(3e-03,6e-03) | 6.23e+01 |  2:3.3e-04  5:4.0e-03
  581 ,   5811 : 2.9727523587332e+00 +(1e-02,2e-02) | 6.21e+01 |  2:3.2e-04  5:3.9e-03
  582 ,   5821 : 2.9687613947540e+00 +(2e-02,2e-02) | 6.61e+01 |  2:3.3e-04  5:4.1e-03
  583 ,   5831 : 2.9795331168250e+00 +(7e-03,1e-02) | 6.63e+01 |  2:3.4e-04  5:4.2e-03
  584 ,   5841 : 2.9787934401166e+00 +(9e-03,1e-02) | 6.77e+01 |  2:3.3e-04  5:4.2e-03
  585 ,   5851 : 2.9809825406957e+00 +(5e-03,1e-02) | 6.77e+01 |  2:3.1e-04  5:4.0e-03
  586 ,   5861 : 2.9784687431736e+00 +(1e-02,2e-02) | 6.71e+01 |  2:3.2e-04  5:4.0e-03
  587 ,   5871 : 2.9781658713726e+00 +(9e-03,1e-02) | 6.51e+01 |  2:3.5e-04  5:4.4e-03
  588 ,   5881 : 2.9824721036702e+00 +(4e-03,8e-03) | 6.48e+01 |  2:3.6e-04  5:4.4e-03
  589 ,   5891 : 2.9744792001235e+00 +(1e-02,3e-02) | 6.42e+01 |  2:3.6e-04  5:4.4e-03
Iterat, #Fevals:   Function Value    (median,worst) |Axis Ratio|idx:Min SD idx:Max SD
  590 ,   5901 : 2.9787383719770e+00 +(8e-03,1e-02) | 6.34e+01 |  2:3.4e-04  5:4.2e-03
  591 ,   5911 : 2.9722421965667e+00 +(1e-02,2e-02) | 6.42e+01 |  2:3.3e-04  5:4.1e-03
  592 ,   5921 : 2.9781777683687e+00 +(9e-03,1e-02) | 6.42e+01 |  2:3.1e-04  5:3.8e-03
  593 ,   5931 : 2.9704599360878e+00 +(2e-02,2e-02) | 6.59e+01 |  2:2.9e-04  5:3.6e-03
  594 ,   5941 : 2.9794414748266e+00 +(9e-03,2e-02) | 6.52e+01 |  2:2.8e-04  5:3.6e-03
  595 ,   5951 : 2.9796834903549e+00 +(7e-03,1e-02) | 6.48e+01 |  2:2.9e-04  5:3.6e-03
  596 ,   5961 : 2.9754910279697e+00 +(1e-02,1e-02) | 6.39e+01 |  2:3.0e-04  5:3.7e-03
  597 ,   5971 : 2.9776375520134e+00 +(1e-02,2e-02) | 6.35e+01 |  2:2.9e-04  5:3.6e-03
  598 ,   5981 : 2.9797485070543e+00 +(9e-03,1e-02) | 6.50e+01 |  2:2.9e-04  5:3.5e-03
  599 ,   5991 : 2.9767404476918e+00 +(1e-02,2e-02) | 6.52e+01 |  2:2.9e-04  5:3.4e-03
Iterat, #Fevals:   Function Value    (median,worst) |Axis Ratio|idx:Min SD idx:Max SD
  600 ,   6001 : 2.9784194011334e+00 +(9e-03,1e-02) | 6.51e+01 |  2:2.8e-04  5:3.4e-03
  601 ,   6011 : 2.9806554815824e+00 +(6e-03,1e-02) | 6.36e+01 |  2:2.9e-04  5:3.4e-03
  602 ,   6021 : 2.9767299855443e+00 +(9e-03,1e-02) | 6.39e+01 |  2:2.7e-04  5:3.2e-03
  603 ,   6031 : 2.9651349732930e+00 +(2e-02,2e-02) | 6.36e+01 |  2:2.7e-04  5:3.1e-03
  604 ,   6041 : 2.9758047938411e+00 +(1e-02,2e-02) | 6.47e+01 |  2:2.6e-04  5:3.0e-03
  605 ,   6051 : 2.9843312140869e+00 +(3e-03,8e-03) | 6.48e+01 |  2:2.4e-04  5:2.8e-03
  606 ,   6061 : 2.9775930629589e+00 +(1e-02,2e-02) | 6.59e+01 |  2:2.4e-04  5:2.7e-03
  607 ,   6071 : 2.9833502831541e+00 +(3e-03,1e-02) | 6.63e+01 |  2:2.3e-04  5:2.6e-03
  608 ,   6081 : 2.9713965989873e+00 +(2e-02,2e-02) | 6.47e+01 |  2:2.2e-04  5:2.5e-03
  609 ,   6091 : 2.9810697763617e+00 +(7e-03,9e-03) | 6.43e+01 |  2:2.3e-04  5:2.5e-03
Iterat, #Fevals:   Function Value    (median,worst) |Axis Ratio|idx:Min SD idx:Max SD
  610 ,   6101 : 2.9757355478275e+00 +(1e-02,1e-02) | 6.35e+01 |  2:2.3e-04  5:2.5e-03
  611 ,   6111 : 2.9855287927364e+00 +(2e-03,1e-02) | 6.34e+01 |  2:2.3e-04  5:2.5e-03
  612 ,   6121 : 2.9767206697786e+00 +(9e-03,2e-02) | 6.37e+01 |  2:2.3e-04  5:2.5e-03
  613 ,   6131 : 2.9743322217482e+00 +(1e-02,2e-02) | 6.33e+01 |  2:2.3e-04  5:2.4e-03
  614 ,   6141 : 2.9810589953011e+00 +(6e-03,3e-02) | 6.25e+01 |  2:2.3e-04  5:2.5e-03
  615 ,   6151 : 2.9842317599672e+00 +(4e-03,1e-02) | 6.21e+01 |  2:2.3e-04  5:2.4e-03
  616 ,   6161 : 2.9679252967408e+00 +(2e-02,3e-02) | 6.16e+01 |  2:2.4e-04  5:2.5e-03
  617 ,   6171 : 2.9838136287209e+00 +(5e-03,1e-02) | 6.16e+01 |  2:2.3e-04  5:2.4e-03
  618 ,   6181 : 2.9794893468341e+00 +(8e-03,1e-02) | 6.24e+01 |  2:2.3e-04  5:2.4e-03
  619 ,   6191 : 2.9735544928825e+00 +(1e-02,2e-02) | 6.37e+01 |  2:2.2e-04  5:2.4e-03
Iterat, #Fevals:   Function Value    (median,worst) |Axis Ratio|idx:Min SD idx:Max SD
  620 ,   6201 : 2.9740162146345e+00 +(1e-02,3e-02) | 6.50e+01 |  2:2.3e-04  5:2.5e-03
  621 ,   6211 : 2.9795562279394e+00 +(7e-03,1e-02) | 6.54e+01 |  2:2.1e-04  5:2.3e-03
  622 ,   6221 : 2.9676279925494e+00 +(2e-02,3e-02) | 6.48e+01 |  2:1.9e-04  5:2.1e-03
  623 ,   6231 : 2.9830861647759e+00 +(7e-03,1e-02) | 6.88e+01 |  2:2.0e-04  5:2.2e-03
  624 ,   6241 : 2.9805047500395e+00 +(8e-03,1e-02) | 7.16e+01 |  2:2.3e-04  5:2.5e-03
  625 ,   6251 : 2.9754500875339e+00 +(1e-02,1e-02) | 7.25e+01 |  2:2.3e-04  5:2.5e-03
  626 ,   6261 : 2.9800048411740e+00 +(4e-03,8e-03) | 7.39e+01 |  2:2.3e-04  5:2.5e-03
  627 ,   6271 : 2.9836986021910e+00 +(4e-03,8e-03) | 7.46e+01 |  2:2.3e-04  5:2.4e-03
  628 ,   6281 : 2.9754538480937e+00 +(9e-03,1e-02) | 7.60e+01 |  2:2.2e-04  5:2.3e-03
  629 ,   6291 : 2.9809360786454e+00 +(5e-03,3e-02) | 7.51e+01 |  2:2.4e-04  5:2.4e-03
Iterat, #Fevals:   Function Value    (median,worst) |Axis Ratio|idx:Min SD idx:Max SD
  630 ,   6301 : 2.9811638491191e+00 +(5e-03,8e-03) | 7.53e+01 |  2:2.2e-04  5:2.2e-03
  631 ,   6311 : 2.9690909148671e+00 +(2e-02,3e-02) | 6.70e+01 |  2:2.2e-04  5:2.2e-03
  632 ,   6321 : 2.9845946907970e+00 +(1e-03,6e-03) | 6.54e+01 |  2:2.4e-04  5:2.3e-03
  633 ,   6331 : 2.9846423282523e+00 +(3e-03,1e-02) | 6.49e+01 |  2:2.5e-04  5:2.3e-03
  634 ,   6341 : 2.9716280975315e+00 +(1e-02,2e-02) | 6.57e+01 |  2:2.5e-04  5:2.4e-03
  635 ,   6351 : 2.9821687327763e+00 +(4e-03,1e-02) | 6.51e+01 |  2:2.7e-04  5:2.5e-03
  636 ,   6361 : 2.9853254991113e+00 +(2e-03,9e-03) | 6.49e+01 |  2:2.6e-04  5:2.4e-03
  637 ,   6371 : 2.9715298255691e+00 +(1e-02,2e-02) | 6.49e+01 |  2:2.4e-04  5:2.2e-03
  638 ,   6381 : 2.9840601827236e+00 +(4e-03,1e-02) | 6.48e+01 |  2:2.2e-04  5:2.0e-03
  639 ,   6391 : 2.9770997761156e+00 +(9e-03,2e-02) | 6.53e+01 |  2:2.1e-04  5:1.9e-03
Iterat, #Fevals:   Function Value    (median,worst) |Axis Ratio|idx:Min SD idx:Max SD
  640 ,   6401 : 2.9817730310049e+00 +(7e-03,1e-02) | 6.53e+01 |  2:2.1e-04  5:1.9e-03
  641 ,   6411 : 2.9660542756525e+00 +(2e-02,3e-02) | 6.57e+01 |  2:2.0e-04  5:1.8e-03
#Fevals:   f(returned x)   |    bestever.f     | stopflag (saved to variablescmaes22.mat)
   6412: 2.96605427565e+00 | 2.93940441555e+00 | stagnation
mean solution: +1.4e+01 +3.4e+00 +2.4e+00 +3.8e+00 +1.8e+01 -6.2e+00 +1.4e+01 +5.8e-01 +1.1e+00 +1.1e+00
std deviation:  1.3e-03  2.0e-04  3.1e-04  1.3e-03  1.8e-03  1.8e-03  1.1e-03  1.4e-03  2.6e-04  1.5e-03
use plotcmaesdat.m for plotting the output at any time (option LogModulo must not be zero)
