
                            < M A T L A B (R) >
                  Copyright 1984-2015 The MathWorks, Inc.
                   R2015a (8.5.0.197613) 64-bit (glnxa64)
                             February 12, 2015

 
For online documentation, see http://www.mathworks.com/support
For product information, visit www.mathworks.com.
 

	Academic License

  n=10: (5,10)-CMA-ES(w=[46 27 16 9 3]%, mu_eff=3.2) on function Error
Iterat, #Fevals:   Function Value    (median,worst) |Axis Ratio|idx:Min SD idx:Max SD
    1 ,     11 : 4.4849468693538e+01 +(4e-02,3e+08) | 2.00e+01 |  3:8.0e-01  8:1.6e+01
    2 ,     21 : 4.4885733156926e+01 +(1e+01,3e+08) | 1.99e+01 |  3:7.3e-01  8:1.4e+01
    3 ,     31 : 4.4288791965375e+01 +(6e-01,7e+08) | 1.97e+01 |  3:7.0e-01  8:1.4e+01
    4 ,     41 : 3.1660182156984e+01 +(1e+01,1e+08) | 1.95e+01 |  3:6.9e-01  8:1.3e+01
    5 ,     51 : 2.8064564104313e+01 +(2e+02,9e+07) | 1.94e+01 |  3:6.7e-01  8:1.3e+01
    6 ,     61 : 1.9318191173225e+01 +(3e+01,1e+06) | 1.93e+01 |  3:6.5e-01  8:1.2e+01
    7 ,     71 : 2.5272497919701e+01 +(2e+01,4e+10) | 1.91e+01 |  3:6.0e-01  8:1.1e+01
    8 ,     81 : 2.3623480950104e+01 +(2e+01,6e+03) | 1.95e+01 |  3:6.2e-01  9:1.2e+01
    9 ,     91 : 1.9279835202999e+01 +(2e+01,3e+01) | 2.02e+01 |  3:6.4e-01  9:1.3e+01
Iterat, #Fevals:   Function Value    (median,worst) |Axis Ratio|idx:Min SD idx:Max SD
   10 ,    101 : 2.7272398531096e+01 +(2e+01,2e+01) | 2.03e+01 |  3:6.6e-01  9:1.3e+01
   11 ,    111 : 2.5865367243923e+01 +(2e+01,3e+05) | 2.04e+01 |  3:5.9e-01  9:1.2e+01
   12 ,    121 : 1.9575186479548e+01 +(2e+01,3e+01) | 2.07e+01 |  3:5.8e-01  9:1.2e+01
   13 ,    131 : 1.9501762881310e+01 +(9e+00,3e+01) | 2.19e+01 |  3:6.0e-01  9:1.3e+01
   14 ,    141 : 2.2644691509732e+01 +(1e+01,2e+01) | 2.26e+01 |  3:6.4e-01  9:1.4e+01
   15 ,    151 : 2.4989927266434e+01 +(9e+00,2e+01) | 2.33e+01 |  3:6.4e-01  9:1.4e+01
   16 ,    161 : 1.9081495591955e+01 +(2e+01,3e+01) | 2.40e+01 |  3:6.2e-01  9:1.4e+01
   17 ,    171 : 1.9617280066807e+01 +(2e+01,6e+04) | 2.45e+01 |  3:6.3e-01  9:1.5e+01
   18 ,    181 : 1.9043084279783e+01 +(8e+00,7e+01) | 2.48e+01 |  3:6.0e-01  9:1.4e+01
   19 ,    191 : 1.9103074148987e+01 +(6e+00,3e+01) | 2.45e+01 |  3:6.8e-01  9:1.6e+01
Iterat, #Fevals:   Function Value    (median,worst) |Axis Ratio|idx:Min SD idx:Max SD
   20 ,    201 : 2.1558039591209e+01 +(6e+00,2e+01) | 2.46e+01 |  3:7.6e-01  9:1.7e+01
   21 ,    211 : 2.3122076968473e+01 +(1e+01,4e+01) | 2.46e+01 |  3:8.8e-01  9:1.9e+01
   22 ,    221 : 2.3122076968473e+01 +(7e+00,2e+01) | 2.48e+01 |  3:1.0e+00  9:2.2e+01
   23 ,    231 : 1.9115591286705e+01 +(8e+00,3e+01) | 2.47e+01 |  3:1.1e+00  9:2.3e+01
   24 ,    241 : 2.1493542819599e+01 +(7e+00,2e+01) | 2.53e+01 |  3:1.1e+00  9:2.3e+01
   25 ,    251 : 1.9137320932327e+01 +(5e+00,3e+01) | 2.55e+01 |  3:1.2e+00  9:2.4e+01
   26 ,    261 : 1.9014032266738e+01 +(3e+00,7e+02) | 2.62e+01 |  3:1.2e+00  9:2.5e+01
   27 ,    271 : 1.9041006407221e+01 +(4e+00,4e+05) | 2.61e+01 |  3:1.2e+00  9:2.4e+01
   28 ,    281 : 2.0793501045243e+01 +(2e+01,7e+05) | 2.61e+01 |  3:1.1e+00  9:2.3e+01
   29 ,    291 : 1.9014076706868e+01 +(4e+00,3e+01) | 2.61e+01 |  3:1.0e+00  9:2.1e+01
Iterat, #Fevals:   Function Value    (median,worst) |Axis Ratio|idx:Min SD idx:Max SD
   30 ,    301 : 1.9297340622825e+01 +(2e+00,2e+01) | 2.61e+01 |  3:9.6e-01  9:2.0e+01
   31 ,    311 : 1.9691447929036e+01 +(4e+00,3e+01) | 2.62e+01 |  3:9.1e-01  9:1.9e+01
   32 ,    321 : 1.9207014451670e+01 +(4e+00,3e+01) | 2.59e+01 |  3:9.6e-01  9:1.9e+01
   33 ,    331 : 1.9052491043558e+01 +(5e+00,1e+01) | 2.62e+01 |  3:8.9e-01  9:1.8e+01
   34 ,    341 : 1.9623426934641e+01 +(3e+00,2e+01) | 2.67e+01 |  3:8.4e-01  9:1.7e+01
   35 ,    351 : 1.9155700319319e+01 +(2e+01,1e+03) | 2.68e+01 |  3:7.4e-01  9:1.5e+01
   36 ,    361 : 1.9113522021273e+01 +(2e+00,4e+00) | 2.68e+01 |  3:7.0e-01  9:1.4e+01
   37 ,    371 : 1.9027308762192e+01 +(2e+00,1e+01) | 2.65e+01 |  3:7.0e-01  9:1.4e+01
   38 ,    381 : 1.9018258957420e+01 +(1e+00,1e+01) | 2.70e+01 |  3:6.8e-01  9:1.4e+01
   39 ,    391 : 1.9015782468009e+01 +(6e-01,3e+01) | 2.77e+01 |  3:6.6e-01  9:1.3e+01
Iterat, #Fevals:   Function Value    (median,worst) |Axis Ratio|idx:Min SD idx:Max SD
   40 ,    401 : 1.9015771378234e+01 +(1e+00,6e+00) | 2.89e+01 |  3:6.7e-01  9:1.4e+01
   41 ,    411 : 1.9234312371578e+01 +(1e+00,5e+01) | 3.19e+01 |  3:7.4e-01  9:1.7e+01
   42 ,    421 : 1.9131485464364e+01 +(7e+00,2e+09) | 3.23e+01 |  3:7.5e-01  9:1.7e+01
   43 ,    431 : 1.9028821676799e+01 +(6e+00,2e+10) | 3.36e+01 |  3:7.9e-01  9:1.9e+01
   44 ,    441 : 1.9043375651081e+01 +(4e+00,9e+03) | 3.43e+01 |  3:8.3e-01  9:2.0e+01
   45 ,    451 : 1.9044825383628e+01 +(2e+01,5e+10) | 3.47e+01 |  3:8.3e-01  9:2.0e+01
   46 ,    461 : 1.9036436659499e+01 +(3e+01,1e+09) | 3.44e+01 |  3:8.3e-01  9:2.0e+01
   47 ,    471 : 1.9206727809953e+01 +(4e+00,2e+02) | 3.46e+01 |  3:7.8e-01  9:1.9e+01
   48 ,    481 : 2.4678941358558e+01 +(6e+01,1e+11) | 3.45e+01 |  3:6.9e-01  9:1.7e+01
   49 ,    491 : 1.9120210168782e+01 +(8e+00,6e+10) | 3.47e+01 |  3:6.6e-01  9:1.6e+01
Iterat, #Fevals:   Function Value    (median,worst) |Axis Ratio|idx:Min SD idx:Max SD
   50 ,    501 : 1.9020160910275e+01 +(2e+00,5e+01) | 3.47e+01 |  3:6.7e-01  9:1.6e+01
   51 ,    511 : 1.9028057929634e+01 +(2e+00,7e+01) | 3.45e+01 |  3:6.5e-01  9:1.5e+01
   52 ,    521 : 1.9017239739590e+01 +(3e+00,4e+01) | 3.46e+01 |  3:6.2e-01  9:1.5e+01
   53 ,    531 : 1.9018015322268e+01 +(1e+00,3e+01) | 3.50e+01 |  3:6.0e-01  9:1.4e+01
   54 ,    541 : 1.9030482846120e+01 +(2e+00,3e+01) | 3.51e+01 |  3:5.6e-01  9:1.4e+01
   55 ,    551 : 1.9434456005885e+01 +(5e+00,4e+01) | 3.50e+01 |  3:5.2e-01  9:1.3e+01
   56 ,    561 : 1.9105001967138e+01 +(3e+00,5e+01) | 3.47e+01 |  3:5.2e-01  9:1.3e+01
   57 ,    571 : 1.9470923493645e+01 +(6e-01,8e+00) | 3.42e+01 |  3:5.2e-01  9:1.3e+01
   58 ,    581 : 1.9219156086376e+01 +(2e+00,3e+01) | 3.45e+01 |  3:5.5e-01  9:1.3e+01
   59 ,    591 : 1.9352542485504e+01 +(6e+00,4e+01) | 3.44e+01 |  3:5.5e-01  9:1.3e+01
Iterat, #Fevals:   Function Value    (median,worst) |Axis Ratio|idx:Min SD idx:Max SD
   60 ,    601 : 1.9465342984571e+01 +(2e+00,1e+01) | 3.45e+01 |  3:5.5e-01  9:1.3e+01
   61 ,    611 : 1.9349648605029e+01 +(8e+00,5e+07) | 3.43e+01 |  3:5.3e-01  9:1.3e+01
   62 ,    621 : 1.9094188927098e+01 +(2e+00,2e+02) | 3.46e+01 |  3:5.0e-01  9:1.2e+01
   63 ,    631 : 1.9053117062629e+01 +(4e-01,1e+01) | 3.48e+01 |  3:4.8e-01  9:1.1e+01
   64 ,    641 : 1.9045480967575e+01 +(2e+00,2e+01) | 3.49e+01 |  3:4.3e-01  9:1.0e+01
   65 ,    651 : 1.9178358736491e+01 +(9e-01,9e+00) | 3.52e+01 |  3:3.8e-01  9:8.9e+00
   66 ,    661 : 1.9017661576738e+01 +(1e+00,9e+00) | 3.54e+01 |  3:3.4e-01  9:8.1e+00
   67 ,    671 : 1.9028618471025e+01 +(7e-01,3e+01) | 3.56e+01 |  3:2.9e-01  9:6.9e+00
   68 ,    681 : 1.9034745348944e+01 +(3e+00,7e+00) | 3.56e+01 |  3:2.7e-01  9:6.4e+00
   69 ,    691 : 1.9017890900365e+01 +(2e-01,2e+00) | 3.57e+01 |  3:2.5e-01  9:5.9e+00
Iterat, #Fevals:   Function Value    (median,worst) |Axis Ratio|idx:Min SD idx:Max SD
   70 ,    701 : 1.9139258495153e+01 +(3e-01,5e+00) | 3.63e+01 |  3:2.4e-01  9:5.7e+00
   71 ,    711 : 1.9033076515896e+01 +(4e-01,7e+00) | 3.67e+01 |  3:2.4e-01  9:5.7e+00
   72 ,    721 : 1.9014685622915e+01 +(9e-01,7e+00) | 3.64e+01 |  3:2.3e-01  9:5.4e+00
   73 ,    731 : 1.9076111981823e+01 +(4e-01,5e+00) | 3.66e+01 |  3:2.1e-01  9:4.9e+00
   74 ,    741 : 1.9038499930351e+01 +(9e-01,5e+00) | 3.70e+01 |  3:2.0e-01  9:4.8e+00
   75 ,    751 : 1.9028601859701e+01 +(7e-01,3e+00) | 3.70e+01 |  3:2.0e-01  9:4.6e+00
   76 ,    761 : 1.9158871970807e+01 +(5e-01,4e+00) | 3.66e+01 |  3:1.8e-01  9:4.2e+00
   77 ,    771 : 1.9518426715090e+01 +(9e-01,6e+00) | 3.58e+01 |  3:1.6e-01  9:3.8e+00
   78 ,    781 : 1.9018433963029e+01 +(4e-01,1e+00) | 3.83e+01 |  3:1.6e-01  9:4.1e+00
   79 ,    791 : 1.9021255084930e+01 +(1e-01,7e-01) | 4.10e+01 |  3:1.7e-01  9:4.6e+00
Iterat, #Fevals:   Function Value    (median,worst) |Axis Ratio|idx:Min SD idx:Max SD
   80 ,    801 : 1.9029184580980e+01 +(5e-01,4e+00) | 4.21e+01 |  3:1.7e-01  9:4.8e+00
   81 ,    811 : 1.9252426489513e+01 +(1e+00,2e+01) | 4.21e+01 |  3:1.7e-01  9:4.7e+00
   82 ,    821 : 1.9023810849994e+01 +(5e-01,3e+00) | 4.28e+01 |  3:1.6e-01  9:4.5e+00
   83 ,    831 : 1.9142530656511e+01 +(2e-01,2e+00) | 4.25e+01 |  3:1.5e-01  9:4.1e+00
   84 ,    841 : 1.9022334016812e+01 +(1e-01,2e+00) | 4.33e+01 |  3:1.4e-01  9:3.9e+00
   85 ,    851 : 1.9019881737239e+01 +(1e-01,6e-01) | 4.39e+01 |  3:1.3e-01  9:3.6e+00
   86 ,    861 : 1.9020156425951e+01 +(9e-02,5e-01) | 4.37e+01 |  3:1.2e-01  9:3.4e+00
   87 ,    871 : 1.9035039076189e+01 +(1e-01,2e+00) | 4.36e+01 |  3:1.2e-01  9:3.4e+00
   88 ,    881 : 1.9100738830632e+01 +(1e-01,2e+01) | 4.31e+01 |  3:1.1e-01  9:3.2e+00
   89 ,    891 : 1.9015360518395e+01 +(3e-01,4e+00) | 4.36e+01 |  3:1.0e-01  9:3.0e+00
Iterat, #Fevals:   Function Value    (median,worst) |Axis Ratio|idx:Min SD idx:Max SD
   90 ,    901 : 1.9017058456302e+01 +(9e-02,4e-01) | 4.38e+01 |  3:9.9e-02  9:2.8e+00
   91 ,    911 : 1.9014948013268e+01 +(6e-02,3e-01) | 4.40e+01 |  3:9.3e-02  9:2.7e+00
   92 ,    921 : 1.9019372833792e+01 +(2e-02,2e-01) | 4.40e+01 |  3:9.5e-02  9:2.7e+00
   93 ,    931 : 1.9013196389099e+01 +(8e-02,6e-01) | 4.41e+01 |  3:9.1e-02  9:2.7e+00
   94 ,    941 : 1.9033191702963e+01 +(1e-01,6e-01) | 4.40e+01 |  3:9.9e-02  9:2.8e+00
   95 ,    951 : 1.9016748669696e+01 +(2e-01,2e+00) | 4.41e+01 |  3:1.1e-01  9:3.1e+00
   96 ,    961 : 1.9015877331900e+01 +(2e-02,3e-01) | 4.49e+01 |  3:1.2e-01  9:3.3e+00
   97 ,    971 : 1.9020507735429e+01 +(8e-02,2e+01) | 4.52e+01 |  3:1.3e-01  9:3.8e+00
   98 ,    981 : 1.9015443573484e+01 +(1e-01,1e+00) | 4.64e+01 |  3:1.5e-01  9:4.2e+00
   99 ,    991 : 1.9015271805359e+01 +(9e-02,1e+00) | 4.94e+01 |  3:1.6e-01  9:4.9e+00
Iterat, #Fevals:   Function Value    (median,worst) |Axis Ratio|idx:Min SD idx:Max SD
  100 ,   1001 : 1.9019229858833e+01 +(9e-02,6e-01) | 5.05e+01 |  3:1.5e-01  9:4.9e+00
  101 ,   1011 : 1.9014687357839e+01 +(2e-02,2e+10) | 5.01e+01 |  3:1.5e-01  9:4.9e+00
  102 ,   1021 : 1.9021299881942e+01 +(3e-01,2e+10) | 5.02e+01 |  3:1.4e-01  9:4.5e+00
  103 ,   1031 : 1.9014836907593e+01 +(4e-02,3e+01) | 4.99e+01 |  3:1.4e-01  9:4.3e+00
  104 ,   1041 : 1.9026630913283e+01 +(5e-02,4e-01) | 5.00e+01 |  3:1.6e-01  9:4.7e+00
  105 ,   1051 : 1.9016182487965e+01 +(2e-01,7e+09) | 5.00e+01 |  3:1.8e-01  9:5.1e+00
  106 ,   1061 : 1.9015359357572e+01 +(1e-01,3e+01) | 4.96e+01 |  3:1.9e-01  9:5.3e+00
  107 ,   1071 : 1.9018966756165e+01 +(2e-01,8e+08) | 5.00e+01 |  3:1.9e-01  9:5.3e+00
  108 ,   1081 : 1.9016087636469e+01 +(6e-01,6e+10) | 5.03e+01 |  3:2.1e-01  9:5.7e+00
  109 ,   1091 : 1.9031323787043e+01 +(2e-01,1e+10) | 4.99e+01 |  3:2.0e-01  9:5.4e+00
Iterat, #Fevals:   Function Value    (median,worst) |Axis Ratio|idx:Min SD idx:Max SD
  110 ,   1101 : 1.9016256923693e+01 +(2e-01,8e+08) | 5.04e+01 |  3:1.9e-01  9:5.0e+00
  111 ,   1111 : 1.9017610303095e+01 +(1e-01,1e+00) | 5.08e+01 |  3:1.7e-01  9:4.6e+00
  112 ,   1121 : 1.9012510151130e+01 +(6e-02,2e+00) | 5.08e+01 |  3:1.6e-01  9:4.4e+00
  113 ,   1131 : 1.9011742259953e+01 +(3e-02,3e+01) | 5.12e+01 |  3:1.4e-01  9:3.9e+00
  114 ,   1141 : 1.9019012659372e+01 +(5e-02,1e+00) | 5.10e+01 |  3:1.4e-01  9:3.7e+00
  115 ,   1151 : 1.9016784568016e+01 +(6e-02,3e+01) | 5.10e+01 |  3:1.3e-01  9:3.5e+00
  116 ,   1161 : 1.9038893915094e+01 +(1e-01,3e+01) | 5.08e+01 |  3:1.2e-01  9:3.1e+00
  117 ,   1171 : 1.9014441253845e+01 +(1e-02,3e+01) | 5.06e+01 |  3:1.1e-01  9:3.0e+00
  118 ,   1181 : 1.9015044930145e+01 +(2e-02,5e-01) | 5.14e+01 |  3:1.1e-01  9:2.9e+00
  119 ,   1191 : 1.9016643819555e+01 +(2e-02,3e-01) | 5.16e+01 |  3:1.0e-01  9:2.8e+00
Iterat, #Fevals:   Function Value    (median,worst) |Axis Ratio|idx:Min SD idx:Max SD
  120 ,   1201 : 1.9017583140035e+01 +(4e-02,2e-01) | 5.21e+01 |  3:1.0e-01  9:2.7e+00
  121 ,   1211 : 1.9016189498230e+01 +(3e-02,8e-02) | 5.21e+01 |  3:9.5e-02  9:2.6e+00
  122 ,   1221 : 1.9015293089362e+01 +(9e-03,1e-01) | 5.25e+01 |  3:9.3e-02  9:2.5e+00
  123 ,   1231 : 1.9018624879394e+01 +(2e-02,1e-01) | 5.44e+01 |  3:9.0e-02  9:2.6e+00
  124 ,   1241 : 1.9016761635094e+01 +(2e-02,1e+10) | 5.40e+01 |  3:9.3e-02  9:2.6e+00
  125 ,   1251 : 1.9015483643441e+01 +(4e-03,6e-02) | 5.41e+01 |  3:9.6e-02  9:2.6e+00
  126 ,   1261 : 1.9015678089640e+01 +(1e-02,2e-01) | 5.36e+01 |  3:1.0e-01  9:2.8e+00
  127 ,   1271 : 1.9017545624935e+01 +(1e-02,9e+00) | 5.41e+01 |  3:9.9e-02  9:2.7e+00
  128 ,   1281 : 1.9013014167874e+01 +(3e-03,4e-02) | 5.43e+01 |  3:9.9e-02  9:2.7e+00
  129 ,   1291 : 1.9020235041756e+01 +(4e-02,3e+01) | 5.48e+01 |  3:9.4e-02  9:2.6e+00
Iterat, #Fevals:   Function Value    (median,worst) |Axis Ratio|idx:Min SD idx:Max SD
  130 ,   1301 : 1.9015648467852e+01 +(1e-02,6e-02) | 5.45e+01 |  3:9.6e-02  9:2.6e+00
  131 ,   1311 : 1.9015507472988e+01 +(7e-02,1e+10) | 5.42e+01 |  3:9.4e-02  9:2.5e+00
  132 ,   1321 : 1.9016599114129e+01 +(5e-02,4e+09) | 5.48e+01 |  3:9.3e-02  9:2.5e+00
  133 ,   1331 : 1.9020056841592e+01 +(5e-02,2e+10) | 5.53e+01 |  3:9.4e-02  9:2.6e+00
  134 ,   1341 : 1.9016795667543e+01 +(4e-02,1e-01) | 5.52e+01 |  3:9.1e-02  9:2.5e+00
  135 ,   1351 : 1.9017505229755e+01 +(1e-02,1e-01) | 5.51e+01 |  3:8.4e-02  9:2.3e+00
  136 ,   1361 : 1.9013507036218e+01 +(1e-02,2e+10) | 5.48e+01 |  3:8.0e-02  9:2.2e+00
  137 ,   1371 : 1.9013821087819e+01 +(3e-02,5e+09) | 5.49e+01 |  3:7.5e-02  9:2.1e+00
  138 ,   1381 : 1.9015689141512e+01 +(3e-02,2e+10) | 5.47e+01 |  3:7.3e-02  9:2.0e+00
  139 ,   1391 : 1.9018402182907e+01 +(2e-02,1e+10) | 5.45e+01 |  3:6.9e-02  9:1.8e+00
Iterat, #Fevals:   Function Value    (median,worst) |Axis Ratio|idx:Min SD idx:Max SD
  140 ,   1401 : 1.9016177740919e+01 +(3e-03,2e+01) | 5.46e+01 |  3:6.1e-02  9:1.6e+00
  141 ,   1411 : 1.9017118358078e+01 +(5e-03,3e-02) | 5.54e+01 |  3:6.3e-02  9:1.7e+00
  142 ,   1421 : 1.9018292520964e+01 +(8e+00,1e+09) | 5.54e+01 |  3:6.5e-02  9:1.7e+00
  143 ,   1431 : 1.9014363641165e+01 +(3e-03,4e-02) | 5.49e+01 |  3:6.3e-02  9:1.6e+00
  144 ,   1441 : 1.9015841743131e+01 +(1e-02,3e+01) | 5.49e+01 |  3:6.4e-02  9:1.6e+00
  145 ,   1451 : 1.9018688598455e+01 +(2e-02,6e+09) | 5.46e+01 |  3:6.5e-02  9:1.6e+00
  146 ,   1461 : 1.9016476518716e+01 +(2e-02,3e+01) | 5.42e+01 |  3:6.8e-02  9:1.7e+00
  147 ,   1471 : 1.9016515753143e+01 +(1e-02,8e+06) | 5.42e+01 |  3:6.8e-02  9:1.6e+00
  148 ,   1481 : 1.9016478194397e+01 +(2e-02,6e+06) | 5.40e+01 |  3:6.2e-02  9:1.5e+00
  149 ,   1491 : 1.9013746725327e+01 +(8e-03,2e+01) | 5.43e+01 |  3:6.0e-02  9:1.4e+00
Iterat, #Fevals:   Function Value    (median,worst) |Axis Ratio|idx:Min SD idx:Max SD
  150 ,   1501 : 1.9016122445643e+01 +(1e-02,8e+09) | 5.43e+01 |  3:5.7e-02  9:1.3e+00
  151 ,   1511 : 1.9015467532878e+01 +(2e-03,5e+06) | 5.45e+01 |  3:5.1e-02  9:1.2e+00
  152 ,   1521 : 1.9015532321582e+01 +(1e+01,1e+07) | 5.46e+01 |  3:4.5e-02  9:1.1e+00
  153 ,   1531 : 1.9014454343000e+01 +(6e-03,2e-02) | 5.42e+01 |  3:4.0e-02  9:9.3e-01
  154 ,   1541 : 1.9014053109567e+01 +(4e-03,4e+09) | 5.38e+01 |  3:3.8e-02  9:8.8e-01
  155 ,   1551 : 1.9014039035924e+01 +(2e-03,2e-02) | 5.43e+01 |  3:3.8e-02  9:8.8e-01
  156 ,   1561 : 1.9015307903455e+01 +(1e-03,1e-02) | 5.49e+01 |  3:3.7e-02  9:8.5e-01
  157 ,   1571 : 1.9018419379347e+01 +(2e-03,6e+09) | 5.52e+01 |  3:3.5e-02  9:8.2e-01
  158 ,   1581 : 1.9012612597473e+01 +(2e+01,4e+09) | 5.55e+01 |  3:3.5e-02  9:8.2e-01
  159 ,   1591 : 1.9015782674786e+01 +(2e-03,3e+01) | 5.54e+01 |  3:3.4e-02  9:7.7e-01
Iterat, #Fevals:   Function Value    (median,worst) |Axis Ratio|idx:Min SD idx:Max SD
  160 ,   1601 : 1.9015095542289e+01 +(6e+07,3e+09) | 5.54e+01 |  3:3.1e-02  9:7.1e-01
  161 ,   1611 : 1.9012567208153e+01 +(6e-03,9e+07) | 5.49e+01 |  3:3.2e-02  9:7.0e-01
  162 ,   1621 : 1.9014850110411e+01 +(3e-03,9e+08) | 5.48e+01 |  3:2.9e-02  9:6.4e-01
  163 ,   1631 : 1.9014537574292e+01 +(2e-03,8e-03) | 5.44e+01 |  3:2.9e-02  9:6.2e-01
  164 ,   1641 : 1.9013981895004e+01 +(2e-03,4e-03) | 5.59e+01 |  3:2.9e-02  9:6.3e-01
  165 ,   1651 : 1.9015105052102e+01 +(2e-04,3e+01) | 5.63e+01 |  3:2.6e-02  9:5.8e-01
  166 ,   1661 : 1.9012270994695e+01 +(5e-03,1e-02) | 5.63e+01 |  3:2.5e-02  9:5.4e-01
  167 ,   1671 : 1.9014006612498e+01 +(3e-03,2e+09) | 5.62e+01 |  3:2.6e-02  9:5.5e-01
  168 ,   1681 : 1.9012611539077e+01 +(4e-03,1e-02) | 5.68e+01 |  3:2.7e-02  9:5.7e-01
  169 ,   1691 : 1.9015533028324e+01 +(2e-03,1e-02) | 5.65e+01 |  3:2.7e-02  9:5.6e-01
Iterat, #Fevals:   Function Value    (median,worst) |Axis Ratio|idx:Min SD idx:Max SD
  170 ,   1701 : 1.9014385072951e+01 +(3e-03,9e-03) | 5.73e+01 |  3:2.8e-02  9:5.6e-01
  171 ,   1711 : 1.9014901728952e+01 +(4e-03,7e+08) | 5.76e+01 |  3:2.5e-02  9:5.1e-01
  172 ,   1721 : 1.9011927300742e+01 +(6e-03,9e-03) | 5.72e+01 |  3:2.6e-02  9:5.2e-01
  173 ,   1731 : 1.9012244255431e+01 +(7e-03,6e+06) | 5.86e+01 |  3:2.7e-02  8:5.3e-01
  174 ,   1741 : 1.9015402233561e+01 +(5e-03,2e+08) | 5.94e+01 |  3:2.5e-02  8:4.9e-01
  175 ,   1751 : 1.9012703509727e+01 +(4e-03,4e+07) | 6.02e+01 |  3:2.4e-02  8:4.8e-01
  176 ,   1761 : 1.9012446334995e+01 +(4e-03,7e-03) | 6.07e+01 |  3:2.4e-02  9:4.8e-01
  177 ,   1771 : 1.9012200771569e+01 +(5e-03,2e+01) | 6.16e+01 |  3:2.2e-02  8:4.5e-01
  178 ,   1781 : 1.9014925370971e+01 +(1e-03,2e+01) | 6.20e+01 |  3:2.2e-02  8:4.4e-01
  179 ,   1791 : 1.9013558233428e+01 +(2e-03,1e+01) | 6.13e+01 |  3:2.0e-02  9:4.0e-01
Iterat, #Fevals:   Function Value    (median,worst) |Axis Ratio|idx:Min SD idx:Max SD
  180 ,   1801 : 1.9014002750376e+01 +(2e-03,2e+01) | 6.19e+01 |  3:1.8e-02  9:3.8e-01
  181 ,   1811 : 1.9014195768653e+01 +(1e-03,1e+09) | 6.23e+01 |  3:1.7e-02  9:3.6e-01
  182 ,   1821 : 1.9014277249418e+01 +(3e-03,2e+09) | 6.41e+01 |  3:1.6e-02  9:3.5e-01
  183 ,   1831 : 1.9013587349969e+01 +(2e+01,3e+09) | 6.41e+01 |  3:1.5e-02  9:3.1e-01
  184 ,   1841 : 1.9013327454699e+01 +(3e-03,2e+01) | 6.36e+01 |  3:1.4e-02  9:2.9e-01
  185 ,   1851 : 1.9009603757790e+01 +(6e-03,9e-03) | 6.40e+01 |  3:1.3e-02  9:2.9e-01
  186 ,   1861 : 1.9014963944809e+01 +(8e-04,4e-03) | 6.47e+01 |  3:1.3e-02  9:2.9e-01
  187 ,   1871 : 1.9015248851721e+01 +(1e-03,2e+05) | 6.48e+01 |  3:1.6e-02  9:3.4e-01
  188 ,   1881 : 1.9013479913456e+01 +(4e-03,2e+09) | 6.50e+01 |  3:1.8e-02  9:4.1e-01
  189 ,   1891 : 1.9012454436951e+01 +(3e-03,7e-03) | 6.52e+01 |  3:2.0e-02  9:4.4e-01
Iterat, #Fevals:   Function Value    (median,worst) |Axis Ratio|idx:Min SD idx:Max SD
  190 ,   1901 : 1.9011903309337e+01 +(4e-03,2e+09) | 6.53e+01 |  3:2.1e-02  9:4.7e-01
  191 ,   1911 : 1.9012135906507e+01 +(6e-03,2e+09) | 6.77e+01 |  3:2.2e-02  9:5.1e-01
  192 ,   1921 : 1.9012215765445e+01 +(4e-03,9e+08) | 6.64e+01 |  3:2.3e-02  9:5.1e-01
  193 ,   1931 : 1.9013453909182e+01 +(3e-03,1e+09) | 6.72e+01 |  3:2.2e-02  9:4.8e-01
  194 ,   1941 : 1.9014985305914e+01 +(2e-03,2e+01) | 6.64e+01 |  3:2.1e-02  9:4.6e-01
  195 ,   1951 : 1.9012734267887e+01 +(4e-03,8e-03) | 6.60e+01 |  3:2.2e-02  9:4.8e-01
  196 ,   1961 : 1.9013325617556e+01 +(5e-03,3e+09) | 6.61e+01 |  3:2.3e-02  9:5.0e-01
  197 ,   1971 : 1.9014596844356e+01 +(4e-03,3e+01) | 6.60e+01 |  3:2.3e-02  9:5.0e-01
  198 ,   1981 : 1.9013040550510e+01 +(3e-03,9e+08) | 6.48e+01 |  3:2.3e-02  9:5.1e-01
  199 ,   1991 : 1.9014009413803e+01 +(8e-03,2e+08) | 6.47e+01 |  3:2.0e-02  9:4.6e-01
Iterat, #Fevals:   Function Value    (median,worst) |Axis Ratio|idx:Min SD idx:Max SD
  200 ,   2001 : 1.9012316936208e+01 +(4e-03,2e+01) | 6.48e+01 |  3:1.9e-02  9:4.2e-01
  201 ,   2011 : 1.9012447166564e+01 +(3e-03,7e-03) | 6.48e+01 |  3:1.9e-02  9:4.2e-01
  202 ,   2021 : 1.9011094299688e+01 +(4e-03,4e+08) | 6.66e+01 |  3:1.9e-02  9:4.3e-01
  203 ,   2031 : 1.9012282391128e+01 +(6e-03,3e+01) | 6.68e+01 |  3:1.9e-02  9:4.3e-01
  204 ,   2041 : 1.9012526346629e+01 +(4e-03,8e-03) | 6.66e+01 |  3:1.7e-02  9:4.0e-01
  205 ,   2051 : 1.9014698015054e+01 +(2e-03,5e-03) | 6.76e+01 |  3:1.7e-02  9:4.0e-01
  206 ,   2061 : 1.9011257267352e+01 +(5e-03,2e+01) | 6.86e+01 |  3:1.8e-02  9:4.2e-01
  207 ,   2071 : 1.9012597203907e+01 +(4e-03,3e+01) | 6.88e+01 |  3:1.8e-02  9:4.2e-01
  208 ,   2081 : 1.9011711819037e+01 +(5e-03,2e+01) | 6.96e+01 |  3:1.7e-02  9:4.1e-01
  209 ,   2091 : 1.9015472048490e+01 +(2e-03,3e+01) | 7.07e+01 |  3:1.6e-02  9:3.9e-01
Iterat, #Fevals:   Function Value    (median,worst) |Axis Ratio|idx:Min SD idx:Max SD
  210 ,   2101 : 1.9015491621812e+01 +(1e-03,5e-03) | 7.16e+01 |  3:1.6e-02  9:3.7e-01
  211 ,   2111 : 1.9012072352234e+01 +(4e-03,5e-03) | 7.08e+01 |  3:1.6e-02  9:3.8e-01
  212 ,   2121 : 1.9014223209384e+01 +(2e-03,4e-03) | 7.09e+01 |  3:1.6e-02  9:3.6e-01
  213 ,   2131 : 1.9013967256489e+01 +(2e-03,3e-03) | 7.02e+01 |  3:1.5e-02  9:3.6e-01
  214 ,   2141 : 1.9015149390776e+01 +(2e-03,4e-03) | 7.08e+01 |  3:1.6e-02  9:3.6e-01
  215 ,   2151 : 1.9012073414908e+01 +(4e-03,2e+01) | 7.30e+01 |  3:1.6e-02  8:3.5e-01
  216 ,   2161 : 1.9014136091692e+01 +(3e-03,5e-03) | 7.28e+01 |  3:1.5e-02  8:3.3e-01
  217 ,   2171 : 1.9012068294588e+01 +(4e-03,7e-03) | 7.17e+01 |  3:1.5e-02  8:3.4e-01
  218 ,   2181 : 1.9014966687535e+01 +(2e-03,2e+01) | 7.02e+01 |  3:1.5e-02  8:3.3e-01
  219 ,   2191 : 1.9013548248034e+01 +(3e-03,3e-02) | 6.99e+01 |  3:1.4e-02  8:3.1e-01
Iterat, #Fevals:   Function Value    (median,worst) |Axis Ratio|idx:Min SD idx:Max SD
  220 ,   2201 : 1.9015231746151e+01 +(9e-04,5e-03) | 6.98e+01 |  3:1.3e-02  9:2.9e-01
  221 ,   2211 : 1.9014786616260e+01 +(1e-03,3e-03) | 7.17e+01 |  3:1.2e-02  8:2.7e-01
  222 ,   2221 : 1.9012600676848e+01 +(3e-03,2e+01) | 7.30e+01 |  3:1.2e-02  8:2.7e-01
  223 ,   2231 : 1.9012285533200e+01 +(3e-03,6e-03) | 7.41e+01 |  3:1.1e-02  8:2.6e-01
  224 ,   2241 : 1.9013535736149e+01 +(3e-03,6e-03) | 7.50e+01 |  3:9.9e-03  8:2.3e-01
  225 ,   2251 : 1.9012269751237e+01 +(4e-03,4e-03) | 7.49e+01 |  3:9.6e-03  8:2.2e-01
  226 ,   2261 : 1.9011262621634e+01 +(4e-03,5e-03) | 7.51e+01 |  3:8.4e-03  8:2.0e-01
  227 ,   2271 : 1.9012783672107e+01 +(3e-03,3e-03) | 7.49e+01 |  3:7.6e-03  8:1.8e-01
  228 ,   2281 : 1.9014296275161e+01 +(1e-03,3e-03) | 7.49e+01 |  3:6.8e-03  8:1.6e-01
  229 ,   2291 : 1.9012172413999e+01 +(4e-03,6e-03) | 7.51e+01 |  3:6.2e-03  8:1.5e-01
Iterat, #Fevals:   Function Value    (median,worst) |Axis Ratio|idx:Min SD idx:Max SD
  230 ,   2301 : 1.9013119334681e+01 +(2e-03,3e-03) | 7.55e+01 |  3:5.9e-03  8:1.4e-01
  231 ,   2311 : 1.9014765291322e+01 +(1e-03,2e-03) | 7.60e+01 |  3:6.2e-03  8:1.5e-01
  232 ,   2321 : 1.9011595810624e+01 +(4e-03,6e-03) | 7.61e+01 |  3:6.1e-03  8:1.4e-01
  233 ,   2331 : 1.9011467686607e+01 +(5e-03,7e-03) | 7.59e+01 |  3:6.0e-03  8:1.4e-01
  234 ,   2341 : 1.9013797687658e+01 +(2e-03,3e-03) | 7.37e+01 |  3:6.3e-03  8:1.5e-01
  235 ,   2351 : 1.9011987037779e+01 +(3e-03,5e-03) | 7.36e+01 |  3:5.8e-03  8:1.3e-01
  236 ,   2361 : 1.9014876739768e+01 +(1e-03,2e-03) | 7.41e+01 |  3:5.3e-03  8:1.2e-01
  237 ,   2371 : 1.9014327547214e+01 +(2e-03,4e-03) | 7.42e+01 |  3:5.1e-03  8:1.2e-01
  238 ,   2381 : 1.9012792514550e+01 +(3e-03,4e-03) | 7.57e+01 |  3:5.4e-03  8:1.2e-01
  239 ,   2391 : 1.9010497703544e+01 +(6e-03,9e-03) | 7.65e+01 |  3:5.5e-03  8:1.2e-01
Iterat, #Fevals:   Function Value    (median,worst) |Axis Ratio|idx:Min SD idx:Max SD
  240 ,   2401 : 1.9015045784476e+01 +(1e-03,2e-03) | 7.74e+01 |  3:5.2e-03  8:1.1e-01
  241 ,   2411 : 1.9015242012133e+01 +(1e-03,4e-03) | 7.74e+01 |  3:5.4e-03  8:1.2e-01
  242 ,   2421 : 1.9012134770204e+01 +(4e-03,5e-03) | 7.65e+01 |  3:4.9e-03  8:1.1e-01
  243 ,   2431 : 1.9013501379335e+01 +(2e-03,5e-03) | 7.48e+01 |  3:5.1e-03  8:1.1e-01
  244 ,   2441 : 1.9012806987520e+01 +(4e-03,2e+01) | 7.47e+01 |  3:5.0e-03  9:1.1e-01
  245 ,   2451 : 1.9014463130731e+01 +(2e-03,3e-03) | 7.41e+01 |  3:4.7e-03  9:1.0e-01
  246 ,   2461 : 1.9014492850132e+01 +(2e-03,5e-03) | 7.59e+01 |  3:4.4e-03  8:9.7e-02
  247 ,   2471 : 1.9014509364900e+01 +(2e-03,4e-03) | 7.52e+01 |  3:4.2e-03  8:9.2e-02
  248 ,   2481 : 1.9014438356582e+01 +(2e-03,4e-03) | 7.50e+01 |  3:3.8e-03  8:8.4e-02
  249 ,   2491 : 1.9013119573388e+01 +(4e-03,5e-03) | 7.48e+01 |  3:3.6e-03  8:8.0e-02
Iterat, #Fevals:   Function Value    (median,worst) |Axis Ratio|idx:Min SD idx:Max SD
  250 ,   2501 : 1.9013380242019e+01 +(3e-03,6e-03) | 7.80e+01 |  3:3.7e-03  8:8.3e-02
  251 ,   2511 : 1.9015263914199e+01 +(3e-04,4e-03) | 7.87e+01 |  3:3.6e-03  8:8.3e-02
  252 ,   2521 : 1.9013207116068e+01 +(3e-03,4e-03) | 7.90e+01 |  3:3.6e-03  8:8.0e-02
  253 ,   2531 : 1.9011896583960e+01 +(5e-03,8e-03) | 7.91e+01 |  3:3.5e-03  8:7.9e-02
  254 ,   2541 : 1.9012330118467e+01 +(4e-03,7e-03) | 8.00e+01 |  3:3.5e-03  8:7.9e-02
  255 ,   2551 : 1.9013083249846e+01 +(3e-03,6e-03) | 8.02e+01 |  3:3.5e-03  8:8.0e-02
  256 ,   2561 : 1.9014981075539e+01 +(1e-03,4e-03) | 8.04e+01 |  3:3.3e-03  8:7.7e-02
  257 ,   2571 : 1.9014717844277e+01 +(2e-03,4e-03) | 7.96e+01 |  3:3.5e-03  8:8.0e-02
  258 ,   2581 : 1.9010938143434e+01 +(5e-03,7e-03) | 7.90e+01 |  3:3.8e-03  8:8.8e-02
  259 ,   2591 : 1.9013653707790e+01 +(3e-03,6e-03) | 7.86e+01 |  3:3.8e-03  8:8.9e-02
Iterat, #Fevals:   Function Value    (median,worst) |Axis Ratio|idx:Min SD idx:Max SD
  260 ,   2601 : 1.9014378981627e+01 +(2e-03,3e-03) | 7.92e+01 |  3:3.7e-03  8:8.6e-02
  261 ,   2611 : 1.9014750586935e+01 +(2e-03,2e+01) | 7.93e+01 |  3:3.6e-03  8:8.5e-02
  262 ,   2621 : 1.9014732280345e+01 +(2e-03,3e-03) | 8.12e+01 |  3:3.7e-03  8:9.0e-02
  263 ,   2631 : 1.9013852830614e+01 +(2e-03,6e-03) | 8.16e+01 |  3:3.7e-03  8:9.1e-02
  264 ,   2641 : 1.9013819738033e+01 +(3e-03,2e+01) | 8.11e+01 |  3:3.7e-03  8:9.2e-02
  265 ,   2651 : 1.9014265179332e+01 +(2e-03,4e-03) | 8.02e+01 |  3:3.7e-03  8:9.2e-02
  266 ,   2661 : 1.9013026908074e+01 +(3e-03,6e-03) | 8.04e+01 |  3:3.6e-03  8:8.7e-02
  267 ,   2671 : 1.9013258040091e+01 +(3e-03,5e-03) | 7.80e+01 |  3:3.9e-03  8:9.2e-02
  268 ,   2681 : 1.9012805858228e+01 +(3e-03,6e-03) | 7.75e+01 |  3:4.3e-03  8:9.6e-02
  269 ,   2691 : 1.9014791528060e+01 +(2e-03,4e-03) | 7.79e+01 |  3:4.4e-03  9:9.8e-02
Iterat, #Fevals:   Function Value    (median,worst) |Axis Ratio|idx:Min SD idx:Max SD
  270 ,   2701 : 1.9013404717506e+01 +(2e-03,3e-03) | 7.94e+01 |  3:4.6e-03  8:1.1e-01
  271 ,   2711 : 1.9013426285427e+01 +(2e-03,4e-03) | 8.05e+01 |  3:4.6e-03  8:1.1e-01
  272 ,   2721 : 1.9014510805345e+01 +(2e-03,4e-03) | 8.05e+01 |  3:4.9e-03  8:1.1e-01
  273 ,   2731 : 1.9015054706276e+01 +(7e-04,4e-03) | 7.61e+01 |  3:5.9e-03  8:1.3e-01
  274 ,   2741 : 1.9013825766117e+01 +(2e-03,4e-03) | 7.51e+01 |  3:6.2e-03  8:1.3e-01
  275 ,   2751 : 1.9014289128461e+01 +(1e-03,3e-03) | 7.55e+01 |  3:5.7e-03  8:1.2e-01
  276 ,   2761 : 1.9013968972925e+01 +(2e-03,2e-03) | 7.62e+01 |  3:5.3e-03  8:1.1e-01
  277 ,   2771 : 1.9011958716880e+01 +(3e-03,5e-03) | 7.78e+01 |  3:5.2e-03  8:1.1e-01
  278 ,   2781 : 1.9011792691533e+01 +(4e-03,7e-03) | 7.92e+01 |  3:5.0e-03  8:1.1e-01
  279 ,   2791 : 1.9011923830564e+01 +(4e-03,7e-03) | 7.90e+01 |  3:5.0e-03  8:1.1e-01
Iterat, #Fevals:   Function Value    (median,worst) |Axis Ratio|idx:Min SD idx:Max SD
  280 ,   2801 : 1.9013577299841e+01 +(2e-03,4e-03) | 7.62e+01 |  3:5.0e-03  8:1.1e-01
  281 ,   2811 : 1.9013130759950e+01 +(2e-03,6e-03) | 7.42e+01 |  3:5.0e-03  8:1.1e-01
  282 ,   2821 : 1.9015056792816e+01 +(1e-03,4e-03) | 7.42e+01 |  3:5.1e-03  8:1.1e-01
  283 ,   2831 : 1.9013559848807e+01 +(2e-03,5e-03) | 7.49e+01 |  3:4.9e-03  8:1.0e-01
  284 ,   2841 : 1.9015040990455e+01 +(1e-03,2e-03) | 7.47e+01 |  3:4.7e-03  8:9.7e-02
  285 ,   2851 : 1.9014209932286e+01 +(2e-03,4e-03) | 7.59e+01 |  3:4.3e-03  8:9.4e-02
  286 ,   2861 : 1.9013658326114e+01 +(2e-03,3e-03) | 7.56e+01 |  3:4.1e-03  8:8.7e-02
  287 ,   2871 : 1.9012745757948e+01 +(3e-03,5e-03) | 7.65e+01 |  3:4.1e-03  8:8.5e-02
  288 ,   2881 : 1.9012651410554e+01 +(3e-03,5e-03) | 7.61e+01 |  3:4.2e-03  8:8.4e-02
  289 ,   2891 : 1.9013665460642e+01 +(2e-03,3e-03) | 7.70e+01 |  3:4.1e-03  8:8.2e-02
Iterat, #Fevals:   Function Value    (median,worst) |Axis Ratio|idx:Min SD idx:Max SD
  290 ,   2901 : 1.9011764863488e+01 +(4e-03,5e-03) | 7.63e+01 |  3:4.0e-03  8:8.0e-02
  291 ,   2911 : 1.9013846417230e+01 +(2e-03,6e-03) | 7.50e+01 |  3:3.9e-03  8:7.8e-02
  292 ,   2921 : 1.9012385958917e+01 +(3e-03,4e-03) | 7.35e+01 |  3:4.0e-03  8:7.8e-02
  293 ,   2931 : 1.9014837616298e+01 +(5e-04,3e-03) | 7.30e+01 |  3:4.3e-03  8:8.4e-02
  294 ,   2941 : 1.9014788052680e+01 +(8e-04,3e-03) | 7.54e+01 |  3:4.7e-03  8:9.3e-02
  295 ,   2951 : 1.9013628818015e+01 +(2e-03,4e-03) | 7.95e+01 |  3:5.2e-03  8:1.0e-01
  296 ,   2961 : 1.9014870184823e+01 +(1e-03,3e-03) | 7.98e+01 |  3:5.4e-03  8:1.1e-01
  297 ,   2971 : 1.9015243748186e+01 +(7e-04,4e-03) | 8.02e+01 |  3:5.5e-03  8:1.1e-01
  298 ,   2981 : 1.9012878774430e+01 +(3e-03,2e+01) | 8.06e+01 |  3:5.7e-03  8:1.1e-01
  299 ,   2991 : 1.9012246694971e+01 +(4e-03,7e-03) | 7.91e+01 |  3:6.4e-03  8:1.2e-01
Iterat, #Fevals:   Function Value    (median,worst) |Axis Ratio|idx:Min SD idx:Max SD
  300 ,   3001 : 1.9013248110448e+01 +(2e-03,2e+01) | 7.95e+01 |  3:7.4e-03  8:1.4e-01
  301 ,   3011 : 1.9015377292940e+01 +(1e-03,2e+01) | 7.97e+01 |  3:7.8e-03  8:1.5e-01
  302 ,   3021 : 1.9013550288920e+01 +(3e-03,4e-03) | 8.11e+01 |  3:8.2e-03  8:1.6e-01
  303 ,   3031 : 1.9015729485106e+01 +(1e-03,3e+01) | 8.13e+01 |  3:8.2e-03  8:1.6e-01
  304 ,   3041 : 1.9014005487194e+01 +(2e-03,4e-03) | 8.18e+01 |  3:8.5e-03  8:1.7e-01
  305 ,   3051 : 1.9014088832908e+01 +(2e-03,4e-03) | 8.18e+01 |  3:9.0e-03  8:1.7e-01
  306 ,   3061 : 1.9012103193112e+01 +(4e-03,5e-03) | 8.21e+01 |  3:8.9e-03  8:1.7e-01
  307 ,   3071 : 1.9014784280239e+01 +(1e-03,4e-03) | 8.14e+01 |  3:9.6e-03  8:1.7e-01
  308 ,   3081 : 1.9015329781674e+01 +(1e-03,3e-03) | 8.32e+01 |  3:1.1e-02  8:1.9e-01
  309 ,   3091 : 1.9014951118980e+01 +(9e-04,1e+09) | 8.33e+01 |  3:1.3e-02  9:2.2e-01
Iterat, #Fevals:   Function Value    (median,worst) |Axis Ratio|idx:Min SD idx:Max SD
  310 ,   3101 : 1.9015112725725e+01 +(6e-04,3e+07) | 8.65e+01 |  3:1.4e-02  9:2.4e-01
  311 ,   3111 : 1.9015420280814e+01 +(1e+01,1e+09) | 8.81e+01 |  3:1.3e-02  9:2.3e-01
  312 ,   3121 : 1.9013349772388e+01 +(2e-03,4e-03) | 9.10e+01 |  3:1.3e-02  9:2.4e-01
  313 ,   3131 : 1.9014140888075e+01 +(2e-03,3e+01) | 9.09e+01 |  3:1.4e-02  9:2.7e-01
  314 ,   3141 : 1.9011681284172e+01 +(4e-03,6e-03) | 9.11e+01 |  3:1.4e-02  9:2.7e-01
  315 ,   3151 : 1.9015352048312e+01 +(9e-04,3e+01) | 9.09e+01 |  3:1.4e-02  9:2.7e-01
  316 ,   3161 : 1.9014397948582e+01 +(2e+00,3e+01) | 9.26e+01 |  3:1.4e-02  9:2.6e-01
  317 ,   3171 : 1.9014530923927e+01 +(2e-03,2e+01) | 9.21e+01 |  3:1.3e-02  9:2.4e-01
  318 ,   3181 : 1.9012721257658e+01 +(3e-03,2e+01) | 9.21e+01 |  3:1.2e-02  9:2.3e-01
  319 ,   3191 : 1.9015520045791e+01 +(1e-03,2e-03) | 9.00e+01 |  3:1.2e-02  9:2.2e-01
Iterat, #Fevals:   Function Value    (median,worst) |Axis Ratio|idx:Min SD idx:Max SD
  320 ,   3201 : 1.9015262751931e+01 +(3e-03,2e+01) | 8.91e+01 |  3:1.2e-02  9:2.2e-01
  321 ,   3211 : 1.9012772709144e+01 +(4e-03,1e+01) | 9.10e+01 |  3:1.2e-02  9:2.2e-01
  322 ,   3221 : 1.9014602982757e+01 +(2e-03,1e+00) | 9.13e+01 |  3:1.1e-02  9:2.0e-01
  323 ,   3231 : 1.9013992280191e+01 +(2e-03,2e+01) | 9.25e+01 |  3:9.8e-03  9:1.8e-01
  324 ,   3241 : 1.9013775043037e+01 +(2e-03,3e-03) | 9.42e+01 |  3:8.5e-03  9:1.6e-01
  325 ,   3251 : 1.9014434636258e+01 +(2e-03,4e-03) | 9.42e+01 |  3:7.3e-03  9:1.4e-01
  326 ,   3261 : 1.9011673470614e+01 +(4e-03,5e-03) | 9.47e+01 |  3:7.4e-03  9:1.4e-01
  327 ,   3271 : 1.9014600327604e+01 +(1e-03,3e-03) | 9.68e+01 |  3:8.0e-03  9:1.5e-01
  328 ,   3281 : 1.9014305419067e+01 +(2e-03,5e-03) | 9.89e+01 |  3:8.3e-03  9:1.6e-01
  329 ,   3291 : 1.9015465302846e+01 +(8e-04,2e-03) | 9.67e+01 |  3:8.7e-03  9:1.7e-01
Iterat, #Fevals:   Function Value    (median,worst) |Axis Ratio|idx:Min SD idx:Max SD
  330 ,   3301 : 1.9012404273354e+01 +(4e-03,2e+01) | 9.64e+01 |  3:8.9e-03  9:1.7e-01
  331 ,   3311 : 1.9014483224763e+01 +(2e-03,1e+01) | 9.65e+01 |  3:8.1e-03  9:1.5e-01
  332 ,   3321 : 1.9015420083151e+01 +(8e-04,4e-03) | 9.56e+01 |  3:7.7e-03  9:1.5e-01
  333 ,   3331 : 1.9012008233524e+01 +(4e-03,6e-03) | 9.52e+01 |  3:7.3e-03  9:1.4e-01
  334 ,   3341 : 1.9014697008236e+01 +(1e-03,5e-03) | 9.44e+01 |  3:6.9e-03  9:1.3e-01
  335 ,   3351 : 1.9015177822041e+01 +(1e-03,1e+00) | 9.48e+01 |  3:7.1e-03  9:1.3e-01
  336 ,   3361 : 1.9014881228991e+01 +(1e-03,3e-03) | 9.51e+01 |  3:7.3e-03  9:1.4e-01
  337 ,   3371 : 1.9013578831830e+01 +(2e-03,5e-03) | 9.60e+01 |  3:7.2e-03  9:1.4e-01
  338 ,   3381 : 1.9015203249092e+01 +(7e-04,7e+00) | 9.15e+01 |  3:8.0e-03  9:1.5e-01
  339 ,   3391 : 1.9013672139655e+01 +(2e-03,5e-03) | 9.08e+01 |  3:7.7e-03  9:1.5e-01
Iterat, #Fevals:   Function Value    (median,worst) |Axis Ratio|idx:Min SD idx:Max SD
  340 ,   3401 : 1.9015009465143e+01 +(1e-03,5e-03) | 9.27e+01 |  3:7.1e-03  9:1.4e-01
  341 ,   3411 : 1.9013754156750e+01 +(2e-03,3e-03) | 9.26e+01 |  3:6.3e-03  9:1.2e-01
  342 ,   3421 : 1.9014734294080e+01 +(1e-03,2e-03) | 9.09e+01 |  3:5.6e-03  9:1.1e-01
  343 ,   3431 : 1.9014734607066e+01 +(9e-04,2e-03) | 9.16e+01 |  3:5.3e-03  9:1.1e-01
  344 ,   3441 : 1.9015029850674e+01 +(1e-03,5e-03) | 9.27e+01 |  3:5.0e-03  9:1.0e-01
  345 ,   3451 : 1.9014802993744e+01 +(1e-03,3e-03) | 9.17e+01 |  3:4.8e-03  9:9.4e-02
  346 ,   3461 : 1.9013320681260e+01 +(3e-03,6e-03) | 9.21e+01 |  3:4.9e-03  9:9.3e-02
  347 ,   3471 : 1.9012378248051e+01 +(4e-03,6e-03) | 9.25e+01 |  3:4.9e-03  9:9.3e-02
  348 ,   3481 : 1.9013251924523e+01 +(2e-03,5e-03) | 9.45e+01 |  3:4.9e-03  9:9.3e-02
  349 ,   3491 : 1.9015155151028e+01 +(8e-04,2e-03) | 9.98e+01 |  3:4.8e-03  9:9.8e-02
Iterat, #Fevals:   Function Value    (median,worst) |Axis Ratio|idx:Min SD idx:Max SD
  350 ,   3501 : 1.9013885410845e+01 +(2e-03,3e-03) | 1.01e+02 |  3:4.4e-03  9:9.0e-02
  351 ,   3511 : 1.9011802661491e+01 +(4e-03,7e-03) | 9.85e+01 |  3:4.6e-03  9:9.0e-02
  352 ,   3521 : 1.9012798565791e+01 +(4e-03,6e-03) | 1.02e+02 |  3:4.7e-03  9:9.3e-02
  353 ,   3531 : 1.9013026401408e+01 +(2e-03,4e-03) | 1.03e+02 |  3:4.5e-03  9:8.8e-02
  354 ,   3541 : 1.9014168598696e+01 +(2e-03,5e-03) | 1.09e+02 |  3:4.7e-03  9:9.7e-02
  355 ,   3551 : 1.9014311064378e+01 +(2e-03,3e-03) | 1.09e+02 |  3:4.5e-03  9:9.3e-02
  356 ,   3561 : 1.9013725836298e+01 +(2e-03,5e-03) | 1.08e+02 |  3:4.1e-03  9:8.5e-02
  357 ,   3571 : 1.9014133087663e+01 +(2e-03,2e-03) | 1.07e+02 |  3:3.8e-03  9:7.9e-02
  358 ,   3581 : 1.9014835415792e+01 +(1e-03,4e-03) | 1.08e+02 |  3:3.6e-03  9:7.5e-02
  359 ,   3591 : 1.9014804780695e+01 +(1e-03,3e-03) | 1.07e+02 |  3:3.7e-03  9:7.4e-02
Iterat, #Fevals:   Function Value    (median,worst) |Axis Ratio|idx:Min SD idx:Max SD
  360 ,   3601 : 1.9012197276688e+01 +(3e-03,5e-03) | 1.06e+02 |  3:3.9e-03  9:7.5e-02
  361 ,   3611 : 1.9014088334937e+01 +(2e-03,5e-03) | 1.04e+02 |  3:3.5e-03  9:6.8e-02
  362 ,   3621 : 1.9014555532584e+01 +(2e-03,3e-03) | 1.01e+02 |  3:3.7e-03  9:6.9e-02
  363 ,   3631 : 1.9012898095590e+01 +(3e-03,7e-03) | 1.01e+02 |  3:3.4e-03  9:6.3e-02
  364 ,   3641 : 1.9012537010555e+01 +(3e-03,4e-03) | 1.00e+02 |  3:3.3e-03  9:6.1e-02
  365 ,   3651 : 1.9011825206249e+01 +(4e-03,7e-03) | 1.02e+02 |  3:3.3e-03  9:6.1e-02
  366 ,   3661 : 1.9012005517644e+01 +(4e-03,5e-03) | 1.03e+02 |  3:3.4e-03  9:6.3e-02
  367 ,   3671 : 1.9014341859939e+01 +(2e-03,6e-03) | 1.02e+02 |  3:3.4e-03  9:6.1e-02
  368 ,   3681 : 1.9013337643122e+01 +(3e-03,5e-03) | 1.01e+02 |  3:3.2e-03  9:5.7e-02
  369 ,   3691 : 1.9012246479510e+01 +(3e-03,7e-03) | 1.07e+02 |  3:3.1e-03  9:5.8e-02
Iterat, #Fevals:   Function Value    (median,worst) |Axis Ratio|idx:Min SD idx:Max SD
  370 ,   3701 : 1.9014128510825e+01 +(2e-03,3e-03) | 1.07e+02 |  3:2.8e-03  9:5.3e-02
  371 ,   3711 : 1.9014858821516e+01 +(1e-03,3e-03) | 1.08e+02 |  3:2.8e-03  9:5.1e-02
  372 ,   3721 : 1.9015107960193e+01 +(1e-03,4e-03) | 1.07e+02 |  3:2.6e-03  9:4.8e-02
  373 ,   3731 : 1.9011585133271e+01 +(4e-03,6e-03) | 1.04e+02 |  3:2.8e-03  9:5.0e-02
  374 ,   3741 : 1.9013696514068e+01 +(3e-03,3e-03) | 1.06e+02 |  3:2.9e-03  9:5.1e-02
  375 ,   3751 : 1.9014059646294e+01 +(1e-03,4e-03) | 1.06e+02 |  3:2.8e-03  9:5.1e-02
  376 ,   3761 : 1.9014472793150e+01 +(8e-04,2e-03) | 1.05e+02 |  3:2.7e-03  9:4.9e-02
  377 ,   3771 : 1.9013943499078e+01 +(2e-03,4e-03) | 1.04e+02 |  3:2.5e-03  9:4.5e-02
  378 ,   3781 : 1.9012892630366e+01 +(3e-03,5e-03) | 1.04e+02 |  3:2.5e-03  9:4.6e-02
  379 ,   3791 : 1.9013026305324e+01 +(3e-03,6e-03) | 1.05e+02 |  3:2.6e-03  9:4.7e-02
Iterat, #Fevals:   Function Value    (median,worst) |Axis Ratio|idx:Min SD idx:Max SD
  380 ,   3801 : 1.9012896979871e+01 +(3e-03,4e-03) | 1.05e+02 |  3:2.5e-03  9:4.7e-02
  381 ,   3811 : 1.9011758251169e+01 +(4e-03,6e-03) | 1.04e+02 |  3:2.5e-03  9:4.7e-02
  382 ,   3821 : 1.9013728210489e+01 +(3e-03,6e-03) | 1.04e+02 |  3:2.7e-03  9:4.8e-02
  383 ,   3831 : 1.9014686065153e+01 +(2e-03,5e-03) | 1.05e+02 |  3:2.7e-03  9:4.9e-02
  384 ,   3841 : 1.9013420844490e+01 +(3e-03,4e-03) | 1.05e+02 |  3:2.6e-03  9:4.7e-02
  385 ,   3851 : 1.9015122764022e+01 +(8e-04,3e-03) | 1.05e+02 |  3:2.6e-03  9:4.9e-02
  386 ,   3861 : 1.9014733647339e+01 +(1e-03,3e-03) | 1.06e+02 |  3:2.5e-03  9:4.7e-02
  387 ,   3871 : 1.9014361776534e+01 +(1e-03,3e-03) | 1.14e+02 |  3:2.7e-03  9:5.3e-02
  388 ,   3881 : 1.9014019974661e+01 +(1e-03,5e-03) | 1.16e+02 |  3:3.1e-03  9:5.8e-02
  389 ,   3891 : 1.9012658605824e+01 +(4e-03,5e-03) | 1.20e+02 |  3:3.1e-03  9:5.9e-02
Iterat, #Fevals:   Function Value    (median,worst) |Axis Ratio|idx:Min SD idx:Max SD
  390 ,   3901 : 1.9015008502088e+01 +(5e-04,4e-03) | 1.21e+02 |  3:2.8e-03  9:5.3e-02
  391 ,   3911 : 1.9015362791227e+01 +(8e-04,2e-03) | 1.23e+02 |  3:2.5e-03  9:4.9e-02
  392 ,   3921 : 1.9011922020335e+01 +(5e-03,8e-03) | 1.26e+02 |  3:2.4e-03  9:4.8e-02
  393 ,   3931 : 1.9013157458681e+01 +(2e-03,4e-03) | 1.27e+02 |  3:2.5e-03  9:5.0e-02
  394 ,   3941 : 1.9015264802515e+01 +(4e-04,3e-03) | 1.25e+02 |  3:2.5e-03  9:5.1e-02
  395 ,   3951 : 1.9011469847959e+01 +(4e-03,8e-03) | 1.24e+02 |  3:2.3e-03  9:4.8e-02
  396 ,   3961 : 1.9014779693762e+01 +(1e-03,2e-03) | 1.21e+02 |  3:2.2e-03  9:4.6e-02
  397 ,   3971 : 1.9013591399000e+01 +(3e-03,5e-03) | 1.23e+02 |  3:2.2e-03  9:4.6e-02
  398 ,   3981 : 1.9012943980239e+01 +(3e-03,6e-03) | 1.21e+02 |  3:2.4e-03  9:4.7e-02
  399 ,   3991 : 1.9012732392877e+01 +(3e-03,5e-03) | 1.21e+02 |  3:2.2e-03  9:4.3e-02
Iterat, #Fevals:   Function Value    (median,worst) |Axis Ratio|idx:Min SD idx:Max SD
  400 ,   4001 : 1.9012492825593e+01 +(3e-03,5e-03) | 1.21e+02 |  3:2.2e-03  9:4.3e-02
  401 ,   4011 : 1.9012097156560e+01 +(3e-03,6e-03) | 1.22e+02 |  3:1.9e-03  9:3.8e-02
  402 ,   4021 : 1.9015317910026e+01 +(5e-04,3e-03) | 1.20e+02 |  3:1.8e-03  9:3.6e-02
  403 ,   4031 : 1.9013161697213e+01 +(3e-03,6e-03) | 1.18e+02 |  3:1.7e-03  9:3.3e-02
  404 ,   4041 : 1.9011691561332e+01 +(3e-03,7e-03) | 1.17e+02 |  3:1.5e-03  9:3.0e-02
  405 ,   4051 : 1.9014571508144e+01 +(1e-03,3e-03) | 1.16e+02 |  3:1.6e-03  9:3.1e-02
  406 ,   4061 : 1.9014536161707e+01 +(1e-03,5e-03) | 1.15e+02 |  2:1.7e-03  9:3.1e-02
  407 ,   4071 : 1.9013322872606e+01 +(2e-03,5e-03) | 1.16e+02 |  2:1.6e-03  9:3.0e-02
  408 ,   4081 : 1.9014476640179e+01 +(2e-03,3e-03) | 1.14e+02 |  2:1.7e-03  9:3.1e-02
  409 ,   4091 : 1.9011915885036e+01 +(4e-03,7e-03) | 1.20e+02 |  2:1.8e-03  9:3.2e-02
Iterat, #Fevals:   Function Value    (median,worst) |Axis Ratio|idx:Min SD idx:Max SD
  410 ,   4101 : 1.9014563672724e+01 +(2e-03,4e-03) | 1.20e+02 |  3:1.9e-03  9:3.2e-02
  411 ,   4111 : 1.9014855544851e+01 +(1e-03,2e-03) | 1.20e+02 |  3:1.8e-03  9:3.1e-02
  412 ,   4121 : 1.9014425805567e+01 +(1e-03,3e-03) | 1.21e+02 |  3:1.9e-03  9:3.2e-02
  413 ,   4131 : 1.9012719689900e+01 +(3e-03,4e-03) | 1.22e+02 |  3:1.8e-03  9:3.1e-02
  414 ,   4141 : 1.9011916832149e+01 +(3e-03,5e-03) | 1.22e+02 |  3:1.9e-03  9:3.3e-02
  415 ,   4151 : 1.9012072527297e+01 +(4e-03,7e-03) | 1.21e+02 |  3:1.9e-03  9:3.2e-02
  416 ,   4161 : 1.9012186293983e+01 +(4e-03,7e-03) | 1.20e+02 |  3:2.0e-03  9:3.3e-02
  417 ,   4171 : 1.9012811975604e+01 +(3e-03,4e-03) | 1.20e+02 |  3:2.0e-03  9:3.3e-02
  418 ,   4181 : 1.9014812979741e+01 +(1e-03,3e-03) | 1.16e+02 |  3:1.9e-03  9:3.2e-02
  419 ,   4191 : 1.9015042335459e+01 +(7e-04,3e-03) | 1.16e+02 |  3:1.9e-03  9:3.2e-02
Iterat, #Fevals:   Function Value    (median,worst) |Axis Ratio|idx:Min SD idx:Max SD
  420 ,   4201 : 1.9015174624546e+01 +(8e-04,5e-03) | 1.15e+02 |  2:1.9e-03  9:3.2e-02
  421 ,   4211 : 1.9013038052631e+01 +(3e-03,5e-03) | 1.15e+02 |  3:2.0e-03  8:3.2e-02
  422 ,   4221 : 1.9013868418416e+01 +(2e-03,5e-03) | 1.16e+02 |  3:2.2e-03  8:3.5e-02
  423 ,   4231 : 1.9012670306599e+01 +(3e-03,4e-03) | 1.14e+02 |  3:2.1e-03  8:3.4e-02
  424 ,   4241 : 1.9014399662036e+01 +(1e-03,2e-03) | 1.16e+02 |  3:2.0e-03  8:3.3e-02
  425 ,   4251 : 1.9014848235394e+01 +(8e-04,2e-03) | 1.17e+02 |  3:2.1e-03  8:3.4e-02
  426 ,   4261 : 1.9012833685359e+01 +(3e-03,6e-03) | 1.16e+02 |  3:2.1e-03  8:3.4e-02
  427 ,   4271 : 1.9015112946444e+01 +(9e-04,2e-03) | 1.17e+02 |  3:2.2e-03  8:3.6e-02
  428 ,   4281 : 1.9014599655979e+01 +(7e-04,4e-03) | 1.17e+02 |  3:2.3e-03  8:3.8e-02
  429 ,   4291 : 1.9011661885069e+01 +(3e-03,8e-03) | 1.21e+02 |  3:2.4e-03  8:4.1e-02
Iterat, #Fevals:   Function Value    (median,worst) |Axis Ratio|idx:Min SD idx:Max SD
  430 ,   4301 : 1.9014368743389e+01 +(1e-03,3e-03) | 1.21e+02 |  3:2.4e-03  8:4.1e-02
  431 ,   4311 : 1.9012644984046e+01 +(4e-03,4e-03) | 1.23e+02 |  3:2.5e-03  8:4.2e-02
  432 ,   4321 : 1.9012076114725e+01 +(4e-03,6e-03) | 1.28e+02 |  3:2.8e-03  8:4.7e-02
  433 ,   4331 : 1.9015201579120e+01 +(6e-04,2e-03) | 1.28e+02 |  3:2.9e-03  8:4.9e-02
  434 ,   4341 : 1.9011728876040e+01 +(4e-03,5e-03) | 1.31e+02 |  3:3.0e-03  8:5.1e-02
  435 ,   4351 : 1.9013727987892e+01 +(2e-03,5e-03) | 1.31e+02 |  3:2.8e-03  8:4.8e-02
  436 ,   4361 : 1.9014174913587e+01 +(2e-03,3e-03) | 1.32e+02 |  3:2.7e-03  8:4.7e-02
  437 ,   4371 : 1.9012045201090e+01 +(4e-03,5e-03) | 1.29e+02 |  3:2.9e-03  8:4.9e-02
  438 ,   4381 : 1.9011391954184e+01 +(4e-03,8e-03) | 1.30e+02 |  3:2.7e-03  8:4.6e-02
  439 ,   4391 : 1.9014422575484e+01 +(1e-03,3e-03) | 1.29e+02 |  3:2.7e-03  8:4.7e-02
Iterat, #Fevals:   Function Value    (median,worst) |Axis Ratio|idx:Min SD idx:Max SD
  440 ,   4401 : 1.9014759323380e+01 +(1e-03,3e-03) | 1.28e+02 |  3:2.5e-03  8:4.3e-02
  441 ,   4411 : 1.9010075825218e+01 +(6e-03,7e-03) | 1.29e+02 |  3:2.3e-03  8:4.0e-02
  442 ,   4421 : 1.9011634541380e+01 +(4e-03,5e-03) | 1.27e+02 |  3:2.2e-03  8:3.7e-02
  443 ,   4431 : 1.9014865474936e+01 +(2e-03,3e-03) | 1.28e+02 |  3:2.0e-03  8:3.4e-02
  444 ,   4441 : 1.9010096613081e+01 +(5e-03,8e-03) | 1.30e+02 |  3:1.9e-03  8:3.3e-02
  445 ,   4451 : 1.9013653645547e+01 +(2e-03,5e-03) | 1.31e+02 |  3:1.9e-03  8:3.2e-02
  446 ,   4461 : 1.9014874102829e+01 +(1e-03,2e-03) | 1.36e+02 |  3:1.9e-03  8:3.3e-02
  447 ,   4471 : 1.9014309562766e+01 +(1e-03,2e-03) | 1.38e+02 |  3:1.9e-03  8:3.2e-02
  448 ,   4481 : 1.9014153309743e+01 +(9e-04,2e-03) | 1.39e+02 |  3:1.9e-03  8:3.3e-02
  449 ,   4491 : 1.9013036480619e+01 +(3e-03,7e-03) | 1.34e+02 |  3:2.0e-03  8:3.5e-02
Iterat, #Fevals:   Function Value    (median,worst) |Axis Ratio|idx:Min SD idx:Max SD
  450 ,   4501 : 1.9014768303922e+01 +(1e-03,4e-03) | 1.31e+02 |  3:2.1e-03  8:3.6e-02
  451 ,   4511 : 1.9013199721348e+01 +(3e-03,5e-03) | 1.31e+02 |  3:2.0e-03  8:3.4e-02
  452 ,   4521 : 1.9015017582336e+01 +(1e-03,2e-03) | 1.29e+02 |  3:2.0e-03  8:3.4e-02
  453 ,   4531 : 1.9012684205571e+01 +(3e-03,6e-03) | 1.37e+02 |  3:1.9e-03  8:3.3e-02
  454 ,   4541 : 1.9014431389962e+01 +(1e-03,5e-03) | 1.37e+02 |  3:1.9e-03  8:3.3e-02
  455 ,   4551 : 1.9012484939944e+01 +(3e-03,6e-03) | 1.37e+02 |  3:1.8e-03  8:3.3e-02
  456 ,   4561 : 1.9014622788301e+01 +(1e-03,5e-03) | 1.37e+02 |  3:2.0e-03  8:3.5e-02
  457 ,   4571 : 1.9014350298623e+01 +(1e-03,2e-03) | 1.37e+02 |  3:2.1e-03  8:3.7e-02
  458 ,   4581 : 1.9014492897757e+01 +(1e-03,3e-03) | 1.37e+02 |  3:2.1e-03  8:3.7e-02
  459 ,   4591 : 1.9010816927027e+01 +(4e-03,8e-03) | 1.38e+02 |  3:2.1e-03  8:3.7e-02
Iterat, #Fevals:   Function Value    (median,worst) |Axis Ratio|idx:Min SD idx:Max SD
  460 ,   4601 : 1.9015092217122e+01 +(1e-03,2e-03) | 1.39e+02 |  3:2.1e-03  8:3.8e-02
  461 ,   4611 : 1.9011883907753e+01 +(4e-03,6e-03) | 1.41e+02 |  3:2.1e-03  8:3.8e-02
  462 ,   4621 : 1.9014728732306e+01 +(1e-03,2e-03) | 1.39e+02 |  3:2.1e-03  8:3.7e-02
  463 ,   4631 : 1.9012828525196e+01 +(3e-03,5e-03) | 1.38e+02 |  3:2.1e-03  8:3.7e-02
  464 ,   4641 : 1.9012413635851e+01 +(3e-03,5e-03) | 1.36e+02 |  3:2.1e-03  8:3.8e-02
  465 ,   4651 : 1.9010974035425e+01 +(4e-03,9e-03) | 1.36e+02 |  3:2.0e-03  8:3.6e-02
  466 ,   4661 : 1.9014403121714e+01 +(1e-03,4e-03) | 1.35e+02 |  3:1.8e-03  8:3.3e-02
  467 ,   4671 : 1.9012330479972e+01 +(3e-03,6e-03) | 1.36e+02 |  3:1.7e-03  8:3.1e-02
  468 ,   4681 : 1.9012153519983e+01 +(3e-03,7e-03) | 1.43e+02 |  3:1.9e-03  8:3.4e-02
  469 ,   4691 : 1.9014351538958e+01 +(1e-03,4e-03) | 1.48e+02 |  3:1.9e-03  8:3.6e-02
Iterat, #Fevals:   Function Value    (median,worst) |Axis Ratio|idx:Min SD idx:Max SD
  470 ,   4701 : 1.9013903805065e+01 +(2e-03,4e-03) | 1.47e+02 |  3:2.0e-03  8:3.8e-02
  471 ,   4711 : 1.9014101271698e+01 +(1e-03,6e-03) | 1.48e+02 |  3:2.2e-03  8:4.1e-02
  472 ,   4721 : 1.9012828809644e+01 +(3e-03,5e-03) | 1.49e+02 |  3:2.5e-03  8:4.6e-02
  473 ,   4731 : 1.9012872928677e+01 +(3e-03,6e-03) | 1.51e+02 |  3:2.8e-03  8:5.2e-02
  474 ,   4741 : 1.9013834647026e+01 +(2e-03,5e-03) | 1.52e+02 |  3:2.9e-03  8:5.4e-02
  475 ,   4751 : 1.9014407134240e+01 +(1e-03,3e-03) | 1.54e+02 |  3:2.9e-03  8:5.3e-02
  476 ,   4761 : 1.9012897443622e+01 +(3e-03,6e-03) | 1.59e+02 |  3:2.9e-03  8:5.4e-02
  477 ,   4771 : 1.9013192488558e+01 +(3e-03,5e-03) | 1.63e+02 |  3:2.9e-03  8:5.5e-02
  478 ,   4781 : 1.9013198942190e+01 +(3e-03,5e-03) | 1.67e+02 |  3:3.0e-03  8:5.8e-02
  479 ,   4791 : 1.9014852375911e+01 +(1e-03,4e-03) | 1.71e+02 |  3:3.2e-03  8:6.2e-02
Iterat, #Fevals:   Function Value    (median,worst) |Axis Ratio|idx:Min SD idx:Max SD
  480 ,   4801 : 1.9014738619346e+01 +(1e-03,2e-03) | 1.70e+02 |  3:3.4e-03  8:6.8e-02
  481 ,   4811 : 1.9014508346888e+01 +(1e-03,3e-03) | 1.67e+02 |  3:3.4e-03  8:6.8e-02
  482 ,   4821 : 1.9012261255301e+01 +(3e-03,5e-03) | 1.71e+02 |  3:3.4e-03  8:7.0e-02
  483 ,   4831 : 1.9012278250186e+01 +(3e-03,4e-03) | 1.73e+02 |  3:3.4e-03  8:7.0e-02
  484 ,   4841 : 1.9012533349705e+01 +(3e-03,6e-03) | 1.73e+02 |  3:3.3e-03  8:6.8e-02
  485 ,   4851 : 1.9013298706092e+01 +(2e-03,4e-03) | 1.72e+02 |  3:3.2e-03  8:6.5e-02
  486 ,   4861 : 1.9013100761546e+01 +(2e-03,4e-03) | 1.73e+02 |  3:3.2e-03  8:6.5e-02
  487 ,   4871 : 1.9013999547737e+01 +(2e-03,5e-03) | 1.71e+02 |  3:3.3e-03  8:6.7e-02
  488 ,   4881 : 1.9012514861826e+01 +(3e-03,5e-03) | 1.64e+02 |  3:3.4e-03  8:6.8e-02
  489 ,   4891 : 1.9012072820021e+01 +(3e-03,5e-03) | 1.64e+02 |  3:3.3e-03  8:6.8e-02
Iterat, #Fevals:   Function Value    (median,worst) |Axis Ratio|idx:Min SD idx:Max SD
  490 ,   4901 : 1.9014070486019e+01 +(1e-03,2e-03) | 1.64e+02 |  3:3.2e-03  8:6.6e-02
  491 ,   4911 : 1.9014205386556e+01 +(1e-03,5e-03) | 1.63e+02 |  3:3.3e-03  8:6.7e-02
  492 ,   4921 : 1.9014695116517e+01 +(2e-03,5e-03) | 1.62e+02 |  3:3.1e-03  8:6.3e-02
  493 ,   4931 : 1.9012058308400e+01 +(3e-03,4e-03) | 1.61e+02 |  3:2.9e-03  8:5.7e-02
  494 ,   4941 : 1.9014216365472e+01 +(2e-03,3e-03) | 1.60e+02 |  3:3.0e-03  8:5.9e-02
  495 ,   4951 : 1.9014231292938e+01 +(2e-03,5e-03) | 1.59e+02 |  3:2.7e-03  8:5.4e-02
  496 ,   4961 : 1.9012698686039e+01 +(3e-03,5e-03) | 1.60e+02 |  3:2.5e-03  8:5.1e-02
  497 ,   4971 : 1.9015059468966e+01 +(7e-04,3e-03) | 1.59e+02 |  3:2.5e-03  8:5.0e-02
  498 ,   4981 : 1.9014913534621e+01 +(8e-04,2e-03) | 1.62e+02 |  3:2.5e-03  8:5.0e-02
  499 ,   4991 : 1.9013886808759e+01 +(2e-03,4e-03) | 1.63e+02 |  3:2.5e-03  8:5.1e-02
Iterat, #Fevals:   Function Value    (median,worst) |Axis Ratio|idx:Min SD idx:Max SD
  500 ,   5001 : 1.9011970208072e+01 +(3e-03,6e-03) | 1.64e+02 |  3:2.9e-03  8:5.6e-02
  501 ,   5011 : 1.9013548944384e+01 +(3e-03,5e-03) | 1.65e+02 |  3:2.9e-03  8:5.7e-02
  502 ,   5021 : 1.9011973416787e+01 +(4e-03,7e-03) | 1.67e+02 |  3:2.7e-03  8:5.4e-02
  503 ,   5031 : 1.9010113811826e+01 +(5e-03,6e-03) | 1.75e+02 |  3:3.0e-03  8:6.1e-02
  504 ,   5041 : 1.9012844520666e+01 +(3e-03,5e-03) | 1.72e+02 |  3:3.3e-03  8:6.7e-02
  505 ,   5051 : 1.9014192097870e+01 +(1e-03,3e-03) | 1.72e+02 |  3:3.4e-03  8:6.8e-02
  506 ,   5061 : 1.9014596840475e+01 +(2e-03,3e-03) | 1.70e+02 |  3:3.4e-03  8:6.7e-02
  507 ,   5071 : 1.9010883753491e+01 +(4e-03,5e-03) | 1.70e+02 |  3:3.1e-03  8:6.2e-02
  508 ,   5081 : 1.9013403443603e+01 +(2e-03,6e-03) | 1.71e+02 |  3:2.8e-03  8:5.5e-02
  509 ,   5091 : 1.9014052491574e+01 +(2e-03,4e-03) | 1.70e+02 |  3:2.7e-03  8:5.3e-02
Iterat, #Fevals:   Function Value    (median,worst) |Axis Ratio|idx:Min SD idx:Max SD
  510 ,   5101 : 1.9011879179416e+01 +(4e-03,8e-03) | 1.73e+02 |  3:2.9e-03  8:5.6e-02
  511 ,   5111 : 1.9011083919632e+01 +(5e-03,6e-03) | 1.74e+02 |  3:3.0e-03  8:5.8e-02
  512 ,   5121 : 1.9011962226402e+01 +(4e-03,6e-03) | 1.75e+02 |  3:3.0e-03  8:5.8e-02
  513 ,   5131 : 1.9014760351466e+01 +(1e-03,4e-03) | 1.75e+02 |  3:2.9e-03  8:5.6e-02
  514 ,   5141 : 1.9014387968025e+01 +(2e-03,4e-03) | 1.75e+02 |  3:2.6e-03  8:5.0e-02
  515 ,   5151 : 1.9014051842588e+01 +(2e-03,4e-03) | 1.74e+02 |  3:2.3e-03  8:4.5e-02
  516 ,   5161 : 1.9014508352388e+01 +(2e-03,4e-03) | 1.71e+02 |  3:2.3e-03  8:4.3e-02
  517 ,   5171 : 1.9013205521165e+01 +(3e-03,6e-03) | 1.72e+02 |  3:2.2e-03  8:4.2e-02
  518 ,   5181 : 1.9012292627284e+01 +(4e-03,5e-03) | 1.71e+02 |  3:2.0e-03  8:3.8e-02
  519 ,   5191 : 1.9012954591321e+01 +(3e-03,5e-03) | 1.77e+02 |  3:1.9e-03  8:3.7e-02
Iterat, #Fevals:   Function Value    (median,worst) |Axis Ratio|idx:Min SD idx:Max SD
  520 ,   5201 : 1.9014506889855e+01 +(1e-03,3e-03) | 1.76e+02 |  3:2.1e-03  8:4.0e-02
  521 ,   5211 : 1.9014205413551e+01 +(2e-03,3e-03) | 1.78e+02 |  3:2.3e-03  8:4.2e-02
  522 ,   5221 : 1.9011744870325e+01 +(3e-03,6e-03) | 1.77e+02 |  3:2.3e-03  8:4.1e-02
  523 ,   5231 : 1.9012666768324e+01 +(3e-03,4e-03) | 1.77e+02 |  3:2.4e-03  8:4.4e-02
  524 ,   5241 : 1.9014823007991e+01 +(9e-04,4e-03) | 1.75e+02 |  3:2.5e-03  8:4.5e-02
  525 ,   5251 : 1.9014275309784e+01 +(2e-03,3e-03) | 1.82e+02 |  3:2.5e-03  8:4.7e-02
  526 ,   5261 : 1.9012474264524e+01 +(3e-03,5e-03) | 1.96e+02 |  3:2.8e-03  8:5.4e-02
  527 ,   5271 : 1.9013940225378e+01 +(2e-03,3e-03) | 2.00e+02 |  3:2.9e-03  8:5.7e-02
  528 ,   5281 : 1.9014470215398e+01 +(1e-03,3e-03) | 2.01e+02 |  3:2.8e-03  8:5.5e-02
  529 ,   5291 : 1.9013314440760e+01 +(3e-03,6e-03) | 2.05e+02 |  3:2.7e-03  8:5.2e-02
Iterat, #Fevals:   Function Value    (median,worst) |Axis Ratio|idx:Min SD idx:Max SD
  530 ,   5301 : 1.9014876814664e+01 +(1e-03,2e-03) | 2.04e+02 |  3:2.4e-03  8:4.7e-02
  531 ,   5311 : 1.9014170345062e+01 +(1e-03,2e-03) | 2.04e+02 |  3:2.3e-03  8:4.4e-02
  532 ,   5321 : 1.9011687692965e+01 +(4e-03,5e-03) | 2.06e+02 |  3:2.1e-03  8:4.0e-02
  533 ,   5331 : 1.9013453592088e+01 +(2e-03,4e-03) | 2.06e+02 |  3:2.1e-03  8:4.1e-02
  534 ,   5341 : 1.9012260288175e+01 +(4e-03,6e-03) | 2.09e+02 |  3:2.0e-03  8:3.8e-02
  535 ,   5351 : 1.9014352392444e+01 +(2e-03,5e-03) | 2.08e+02 |  3:1.9e-03  8:3.6e-02
  536 ,   5361 : 1.9011488132974e+01 +(4e-03,7e-03) | 2.08e+02 |  3:1.8e-03  8:3.4e-02
  537 ,   5371 : 1.9010858698431e+01 +(5e-03,7e-03) | 2.13e+02 |  3:1.6e-03  8:3.1e-02
  538 ,   5381 : 1.9014647140326e+01 +(1e-03,5e-03) | 2.12e+02 |  3:1.5e-03  8:2.9e-02
  539 ,   5391 : 1.9013657795712e+01 +(3e-03,5e-03) | 2.14e+02 |  3:1.4e-03  8:2.7e-02
Iterat, #Fevals:   Function Value    (median,worst) |Axis Ratio|idx:Min SD idx:Max SD
  540 ,   5401 : 1.9012781840311e+01 +(3e-03,6e-03) | 2.08e+02 |  3:1.3e-03  8:2.4e-02
  541 ,   5411 : 1.9011922361287e+01 +(4e-03,5e-03) | 2.10e+02 |  3:1.3e-03  8:2.5e-02
  542 ,   5421 : 1.9014074902798e+01 +(2e-03,4e-03) | 2.09e+02 |  3:1.2e-03  8:2.2e-02
  543 ,   5431 : 1.9015198831900e+01 +(1e-03,3e-03) | 2.11e+02 |  3:1.1e-03  8:2.2e-02
  544 ,   5441 : 1.9012369612683e+01 +(4e-03,4e-03) | 2.11e+02 |  3:1.1e-03  8:2.1e-02
  545 ,   5451 : 1.9011843538116e+01 +(4e-03,5e-03) | 2.11e+02 |  3:1.0e-03  8:2.0e-02
  546 ,   5461 : 1.9015074240112e+01 +(8e-04,3e-03) | 2.15e+02 |  3:9.7e-04  8:1.9e-02
  547 ,   5471 : 1.9013204054037e+01 +(3e-03,6e-03) | 2.13e+02 |  3:8.6e-04  8:1.6e-02
  548 ,   5481 : 1.9011658090727e+01 +(4e-03,5e-03) | 2.15e+02 |  3:7.8e-04  8:1.5e-02
  549 ,   5491 : 1.9012934020693e+01 +(3e-03,4e-03) | 2.11e+02 |  3:7.5e-04  8:1.4e-02
Iterat, #Fevals:   Function Value    (median,worst) |Axis Ratio|idx:Min SD idx:Max SD
  550 ,   5501 : 1.9010361767933e+01 +(6e-03,9e-03) | 2.13e+02 |  3:6.8e-04  8:1.3e-02
  551 ,   5511 : 1.9011864871010e+01 +(3e-03,7e-03) | 2.06e+02 |  3:6.3e-04  8:1.2e-02
  552 ,   5521 : 1.9011579498020e+01 +(4e-03,6e-03) | 2.04e+02 |  3:6.3e-04  8:1.2e-02
  553 ,   5531 : 1.9015210978725e+01 +(1e-03,4e-03) | 2.02e+02 |  3:6.3e-04  8:1.2e-02
  554 ,   5541 : 1.9013280066435e+01 +(3e-03,4e-03) | 1.95e+02 |  3:6.3e-04  8:1.2e-02
  555 ,   5551 : 1.9015992761811e+01 +(5e-04,1e-03) | 1.94e+02 |  3:6.6e-04  8:1.3e-02
  556 ,   5561 : 1.9015123758911e+01 +(2e-03,4e-03) | 1.96e+02 |  3:7.2e-04  8:1.4e-02
  557 ,   5571 : 1.9015472963649e+01 +(1e-03,2e-03) | 1.96e+02 |  3:8.1e-04  8:1.6e-02
  558 ,   5581 : 1.9013540306561e+01 +(2e-03,3e-03) | 1.99e+02 |  3:8.8e-04  8:1.7e-02
  559 ,   5591 : 1.9014282601082e+01 +(1e-03,3e-03) | 1.98e+02 |  3:8.8e-04  8:1.7e-02
Iterat, #Fevals:   Function Value    (median,worst) |Axis Ratio|idx:Min SD idx:Max SD
  560 ,   5601 : 1.9012604506310e+01 +(4e-03,6e-03) | 1.99e+02 |  3:8.8e-04  8:1.7e-02
  561 ,   5611 : 1.9012707097075e+01 +(3e-03,4e-03) | 2.04e+02 |  3:8.8e-04  8:1.7e-02
  562 ,   5621 : 1.9012447010079e+01 +(4e-03,5e-03) | 2.06e+02 |  3:8.2e-04  8:1.6e-02
  563 ,   5631 : 1.9011632846502e+01 +(4e-03,6e-03) | 2.09e+02 |  3:8.1e-04  8:1.6e-02
  564 ,   5641 : 1.9011704308506e+01 +(4e-03,6e-03) | 2.09e+02 |  3:7.8e-04  8:1.5e-02
  565 ,   5651 : 1.9014265037631e+01 +(2e-03,4e-03) | 2.11e+02 |  3:7.5e-04  8:1.5e-02
  566 ,   5661 : 1.9015007968220e+01 +(1e-03,2e-03) | 2.15e+02 |  3:7.3e-04  8:1.4e-02
  567 ,   5671 : 1.9014322639425e+01 +(2e-03,3e-03) | 2.12e+02 |  3:6.6e-04  8:1.3e-02
  568 ,   5681 : 1.9014801248103e+01 +(1e-03,2e-03) | 2.12e+02 |  3:6.5e-04  8:1.3e-02
  569 ,   5691 : 1.9014591886959e+01 +(1e-03,3e-03) | 2.15e+02 |  3:6.1e-04  8:1.2e-02
Iterat, #Fevals:   Function Value    (median,worst) |Axis Ratio|idx:Min SD idx:Max SD
  570 ,   5701 : 1.9012760044436e+01 +(3e-03,7e-03) | 2.13e+02 |  3:6.1e-04  8:1.2e-02
  571 ,   5711 : 1.9014884695475e+01 +(1e-03,3e-03) | 2.25e+02 |  3:6.5e-04  9:1.3e-02
  572 ,   5721 : 1.9014872218853e+01 +(7e-04,3e-03) | 2.20e+02 |  3:6.6e-04  9:1.4e-02
  573 ,   5731 : 1.9011667994207e+01 +(4e-03,8e-03) | 2.19e+02 |  3:6.6e-04  8:1.4e-02
  574 ,   5741 : 1.9014826439134e+01 +(2e-03,3e-03) | 2.14e+02 |  3:6.5e-04  8:1.4e-02
  575 ,   5751 : 1.9015022786160e+01 +(1e-03,5e-03) | 2.14e+02 |  3:6.3e-04  8:1.3e-02
  576 ,   5761 : 1.9014164217132e+01 +(1e-03,3e-03) | 2.12e+02 |  3:6.2e-04  8:1.3e-02
  577 ,   5771 : 1.9014989119175e+01 +(6e-04,1e-03) | 2.09e+02 |  3:5.9e-04  8:1.2e-02
  578 ,   5781 : 1.9012269304295e+01 +(4e-03,7e-03) | 2.08e+02 |  3:5.5e-04  8:1.1e-02
  579 ,   5791 : 1.9011975659826e+01 +(4e-03,6e-03) | 2.07e+02 |  3:5.3e-04  8:1.1e-02
Iterat, #Fevals:   Function Value    (median,worst) |Axis Ratio|idx:Min SD idx:Max SD
  580 ,   5801 : 1.9013721876945e+01 +(2e-03,6e-03) | 2.05e+02 |  3:5.2e-04  8:1.1e-02
  581 ,   5811 : 1.9013698425157e+01 +(2e-03,5e-03) | 2.03e+02 |  3:5.7e-04  8:1.2e-02
  582 ,   5821 : 1.9012603301277e+01 +(3e-03,5e-03) | 2.02e+02 |  3:5.8e-04  8:1.2e-02
  583 ,   5831 : 1.9013057930360e+01 +(3e-03,5e-03) | 2.03e+02 |  3:5.7e-04  8:1.2e-02
  584 ,   5841 : 1.9013427999935e+01 +(2e-03,7e-03) | 2.03e+02 |  3:5.5e-04  8:1.1e-02
  585 ,   5851 : 1.9015106483868e+01 +(1e-03,4e-03) | 2.01e+02 |  3:4.9e-04  8:1.0e-02
  586 ,   5861 : 1.9012910281242e+01 +(3e-03,5e-03) | 1.90e+02 |  3:5.1e-04  8:1.0e-02
  587 ,   5871 : 1.9014991114519e+01 +(7e-04,3e-03) | 1.82e+02 |  3:5.3e-04  8:1.1e-02
  588 ,   5881 : 1.9014736544076e+01 +(9e-04,2e-03) | 1.81e+02 |  3:5.0e-04  8:9.9e-03
  589 ,   5891 : 1.9014981623612e+01 +(1e-03,3e-03) | 1.80e+02 |  3:4.6e-04  8:9.3e-03
Iterat, #Fevals:   Function Value    (median,worst) |Axis Ratio|idx:Min SD idx:Max SD
  590 ,   5901 : 1.9014659691246e+01 +(2e-03,4e-03) | 1.78e+02 |  3:4.7e-04  8:9.3e-03
  591 ,   5911 : 1.9014496620287e+01 +(2e-03,5e-03) | 1.77e+02 |  3:4.9e-04  8:9.7e-03
  592 ,   5921 : 1.9013379789513e+01 +(2e-03,6e-03) | 1.80e+02 |  3:5.0e-04  8:9.9e-03
  593 ,   5931 : 1.9015114630004e+01 +(1e-03,4e-03) | 1.78e+02 |  3:4.9e-04  8:9.6e-03
  594 ,   5941 : 1.9013839522371e+01 +(3e-03,5e-03) | 1.75e+02 |  3:4.7e-04  8:9.2e-03
  595 ,   5951 : 1.9011815490650e+01 +(4e-03,5e-03) | 1.80e+02 |  3:4.7e-04  8:9.0e-03
  596 ,   5961 : 1.9014853187429e+01 +(1e-03,2e-03) | 1.78e+02 |  3:4.7e-04  8:9.1e-03
  597 ,   5971 : 1.9014486126520e+01 +(2e-03,3e-03) | 1.81e+02 |  3:5.1e-04  8:1.0e-02
#Fevals:   f(returned x)   |    bestever.f     | stopflag (saved to variablescmaes57.mat)
   5972: 1.90144861265e+01 | 1.16592594602e+01 | stagnation
mean solution: +1.4e+01 +3.1e+00 +1.6e+00 +1.3e+01 +1.4e+01 +2.5e+01 -5.5e-02 -1.6e+00 -5.8e-01 -3.0e-01
std deviation:  2.9e-03  6.5e-04  5.1e-04  2.3e-03  1.0e-03  4.8e-03  3.7e-03  1.0e-02  9.4e-03  3.5e-03
use plotcmaesdat.m for plotting the output at any time (option LogModulo must not be zero)
