
                            < M A T L A B (R) >
                  Copyright 1984-2015 The MathWorks, Inc.
                   R2015a (8.5.0.197613) 64-bit (glnxa64)
                             February 12, 2015

 
For online documentation, see http://www.mathworks.com/support
For product information, visit www.mathworks.com.
 

	Academic License

  n=10: (5,10)-CMA-ES(w=[46 27 16 9 3]%, mu_eff=3.2) on function Error
Iterat, #Fevals:   Function Value    (median,worst) |Axis Ratio|idx:Min SD idx:Max SD
    1 ,     11 : 1.9571437588971e+01 +(3e+01,2e+09) | 1.99e+01 |  3:8.2e-01  8:1.6e+01
    2 ,     21 : 3.1536336774171e+01 +(1e+01,8e+06) | 2.02e+01 |  3:7.5e-01  8:1.5e+01
    3 ,     31 : 4.1300052957621e+01 +(3e+00,2e+05) | 2.14e+01 |  3:7.8e-01  8:1.7e+01
    4 ,     41 : 4.3011521159252e+01 +(2e+00,5e+04) | 2.18e+01 |  3:7.8e-01  8:1.7e+01
    5 ,     51 : 2.7359310241509e+01 +(2e+01,4e+08) | 2.17e+01 |  3:7.7e-01  8:1.6e+01
    6 ,     61 : 1.6733333153911e+01 +(3e+01,3e+01) | 2.16e+01 |  3:7.2e-01  8:1.5e+01
    7 ,     71 : 1.8582873608247e+01 +(3e+01,3e+11) | 2.17e+01 |  3:7.1e-01  8:1.5e+01
    8 ,     81 : 3.4039951628317e+01 +(4e+01,3e+08) | 2.15e+01 |  3:6.6e-01  8:1.4e+01
    9 ,     91 : 2.0605743639627e+01 +(2e+01,4e+02) | 2.17e+01 |  3:6.5e-01  8:1.4e+01
Iterat, #Fevals:   Function Value    (median,worst) |Axis Ratio|idx:Min SD idx:Max SD
   10 ,    101 : 3.0411773455465e+01 +(1e+01,2e+03) | 2.19e+01 |  3:6.3e-01  8:1.3e+01
   11 ,    111 : 4.2720663172053e+01 +(2e+00,3e+02) | 2.20e+01 |  3:5.9e-01  8:1.3e+01
   12 ,    121 : 2.3701419479870e+01 +(2e+01,2e+02) | 2.22e+01 |  3:5.8e-01  8:1.2e+01
   13 ,    131 : 3.3424702483591e+01 +(1e+01,4e+01) | 2.24e+01 |  3:5.2e-01  8:1.1e+01
   14 ,    141 : 2.4417220645530e+01 +(2e+01,2e+02) | 2.29e+01 |  3:5.2e-01  8:1.2e+01
   15 ,    151 : 2.3947467640722e+01 +(2e+01,2e+01) | 2.31e+01 |  3:5.3e-01  8:1.2e+01
   16 ,    161 : 2.8107118751221e+01 +(2e+01,1e+04) | 2.30e+01 |  3:5.4e-01  8:1.2e+01
   17 ,    171 : 1.4048668332459e+01 +(3e+01,3e+01) | 2.30e+01 |  3:5.1e-01  8:1.1e+01
   18 ,    181 : 3.4076247636690e+01 +(1e+01,2e+04) | 2.31e+01 |  3:4.8e-01  8:1.1e+01
   19 ,    191 : 1.4456995319348e+01 +(3e+01,6e+02) | 2.30e+01 |  3:5.0e-01  8:1.1e+01
Iterat, #Fevals:   Function Value    (median,worst) |Axis Ratio|idx:Min SD idx:Max SD
   20 ,    201 : 1.7099759311739e+01 +(2e+01,2e+02) | 2.31e+01 |  3:4.9e-01  8:1.1e+01
   21 ,    211 : 1.7109998770183e+01 +(2e+01,6e+02) | 2.30e+01 |  3:4.6e-01  8:1.0e+01
   22 ,    221 : 1.5946039680009e+01 +(2e+01,5e+03) | 2.32e+01 |  3:4.2e-01  8:9.5e+00
   23 ,    231 : 1.5940999889660e+01 +(2e+01,1e+06) | 2.30e+01 |  3:4.1e-01  8:9.0e+00
   24 ,    241 : 1.7440904214883e+01 +(2e+01,2e+03) | 2.31e+01 |  3:3.6e-01  8:8.1e+00
   25 ,    251 : 2.7259587459496e+01 +(9e+00,1e+02) | 2.32e+01 |  3:3.4e-01  8:7.6e+00
   26 ,    261 : 1.4979777207449e+01 +(2e+01,6e+01) | 2.30e+01 |  3:3.4e-01  8:7.4e+00
   27 ,    271 : 1.6073086471553e+01 +(2e+01,7e+02) | 2.30e+01 |  3:3.5e-01  8:7.5e+00
   28 ,    281 : 1.3911868041023e+01 +(9e+00,3e+01) | 2.32e+01 |  3:3.2e-01  8:7.0e+00
   29 ,    291 : 1.5784998931758e+01 +(1e+01,3e+02) | 2.30e+01 |  3:2.9e-01  8:6.2e+00
Iterat, #Fevals:   Function Value    (median,worst) |Axis Ratio|idx:Min SD idx:Max SD
   30 ,    301 : 1.7701523748931e+01 +(1e+01,2e+02) | 2.30e+01 |  3:2.8e-01  8:6.1e+00
   31 ,    311 : 1.9836742512856e+01 +(8e+00,9e+01) | 2.33e+01 |  3:2.9e-01  9:6.3e+00
   32 ,    321 : 1.6145495156314e+01 +(1e+01,3e+02) | 2.32e+01 |  3:2.8e-01  9:6.0e+00
   33 ,    331 : 1.6414196201857e+01 +(2e+01,1e+04) | 2.33e+01 |  3:2.7e-01  9:5.8e+00
   34 ,    341 : 1.5233907321009e+01 +(3e+01,2e+02) | 2.32e+01 |  3:2.8e-01  9:6.0e+00
   35 ,    351 : 1.5546025068473e+01 +(1e+01,3e+01) | 2.32e+01 |  3:2.7e-01  9:5.7e+00
   36 ,    361 : 1.7434102459749e+01 +(1e+01,7e+02) | 2.35e+01 |  3:2.4e-01  9:5.3e+00
   37 ,    371 : 1.6321422748508e+01 +(2e+01,1e+02) | 2.37e+01 |  3:2.1e-01  9:4.7e+00
   38 ,    381 : 1.5984985355631e+01 +(5e+00,6e+01) | 2.37e+01 |  3:2.0e-01  9:4.4e+00
   39 ,    391 : 1.4372168068972e+01 +(3e+00,6e+01) | 2.39e+01 |  3:1.9e-01  9:4.2e+00
Iterat, #Fevals:   Function Value    (median,worst) |Axis Ratio|idx:Min SD idx:Max SD
   40 ,    401 : 1.4358827407770e+01 +(2e+01,2e+02) | 2.41e+01 |  3:1.9e-01  9:4.1e+00
   41 ,    411 : 1.3605944458295e+01 +(6e+00,1e+02) | 2.44e+01 |  3:1.8e-01  9:4.1e+00
   42 ,    421 : 1.4687189951558e+01 +(8e+00,3e+02) | 2.42e+01 |  3:1.8e-01  9:4.0e+00
   43 ,    431 : 1.5562485058439e+01 +(2e+01,1e+03) | 2.43e+01 |  3:1.7e-01  9:3.7e+00
   44 ,    441 : 1.9181966165970e+01 +(1e+01,4e+02) | 2.38e+01 |  3:1.7e-01  9:3.7e+00
   45 ,    451 : 1.7398982666688e+01 +(2e+01,3e+02) | 2.38e+01 |  3:1.6e-01  9:3.4e+00
   46 ,    461 : 1.5299388010326e+01 +(1e+01,3e+02) | 2.33e+01 |  3:1.5e-01  9:3.2e+00
   47 ,    471 : 1.4793649878340e+01 +(1e+01,2e+02) | 2.30e+01 |  3:1.6e-01  9:3.3e+00
   48 ,    481 : 1.5435528334637e+01 +(7e+00,2e+02) | 2.29e+01 |  3:1.5e-01  9:3.1e+00
   49 ,    491 : 1.4974024783140e+01 +(3e+00,4e+02) | 2.29e+01 |  3:1.6e-01  9:3.2e+00
Iterat, #Fevals:   Function Value    (median,worst) |Axis Ratio|idx:Min SD idx:Max SD
   50 ,    501 : 1.3360866950493e+01 +(9e+00,1e+02) | 2.34e+01 |  3:1.6e-01  8:3.2e+00
   51 ,    511 : 1.4708625004889e+01 +(8e+00,1e+02) | 2.35e+01 |  3:1.5e-01  8:3.0e+00
   52 ,    521 : 1.3977230604124e+01 +(1e+01,5e+01) | 2.34e+01 |  3:1.4e-01  8:2.9e+00
   53 ,    531 : 1.5012247969600e+01 +(3e+00,1e+01) | 2.35e+01 |  3:1.3e-01  9:2.6e+00
   54 ,    541 : 1.4564474124604e+01 +(2e+00,1e+01) | 2.27e+01 |  3:1.2e-01  9:2.4e+00
   55 ,    551 : 1.4194094548220e+01 +(2e+00,3e+01) | 2.35e+01 |  3:1.2e-01  9:2.3e+00
   56 ,    561 : 1.3647187291560e+01 +(3e+00,4e+01) | 2.37e+01 |  3:1.2e-01  9:2.4e+00
   57 ,    571 : 1.3608806958279e+01 +(2e+00,1e+01) | 2.37e+01 |  3:1.2e-01  9:2.4e+00
   58 ,    581 : 1.3335609974638e+01 +(9e+00,1e+02) | 2.45e+01 |  3:1.2e-01  9:2.4e+00
   59 ,    591 : 1.3949168423303e+01 +(8e+00,2e+02) | 2.48e+01 |  3:1.1e-01  9:2.4e+00
Iterat, #Fevals:   Function Value    (median,worst) |Axis Ratio|idx:Min SD idx:Max SD
   60 ,    601 : 1.3085750557261e+01 +(6e+00,5e+01) | 2.50e+01 |  3:1.0e-01  9:2.2e+00
   61 ,    611 : 1.3466117277526e+01 +(5e+00,4e+01) | 2.60e+01 |  3:1.0e-01  9:2.2e+00
   62 ,    621 : 1.2448317503326e+01 +(6e+00,1e+01) | 2.61e+01 |  3:9.7e-02  9:2.1e+00
   63 ,    631 : 1.2231451883713e+01 +(5e+00,2e+01) | 2.61e+01 |  3:8.9e-02  9:1.9e+00
   64 ,    641 : 1.2296754887438e+01 +(8e+00,3e+01) | 2.64e+01 |  3:8.5e-02  9:1.8e+00
   65 ,    651 : 1.2129039549236e+01 +(2e+00,4e+01) | 2.69e+01 |  3:8.0e-02  9:1.8e+00
   66 ,    661 : 1.3004153277276e+01 +(3e+00,1e+02) | 2.66e+01 |  3:7.3e-02  9:1.6e+00
   67 ,    671 : 1.3452346404415e+01 +(6e+00,5e+02) | 2.70e+01 |  3:7.1e-02  9:1.5e+00
   68 ,    681 : 1.3272435582452e+01 +(3e+00,3e+01) | 2.68e+01 |  3:6.8e-02  9:1.4e+00
   69 ,    691 : 1.3512770359441e+01 +(1e+00,4e+00) | 2.65e+01 |  3:6.4e-02  9:1.4e+00
Iterat, #Fevals:   Function Value    (median,worst) |Axis Ratio|idx:Min SD idx:Max SD
   70 ,    701 : 1.3212078866324e+01 +(2e+00,2e+01) | 2.63e+01 |  3:6.4e-02  9:1.4e+00
   71 ,    711 : 1.3830519378855e+01 +(4e+00,3e+01) | 2.58e+01 |  3:7.6e-02  9:1.6e+00
   72 ,    721 : 1.4220808511170e+01 +(4e+00,2e+02) | 2.65e+01 |  3:8.3e-02  9:1.8e+00
   73 ,    731 : 1.3276441134967e+01 +(2e+00,4e+00) | 2.67e+01 |  3:8.1e-02  9:1.7e+00
   74 ,    741 : 1.2974130254088e+01 +(2e+00,4e+01) | 2.67e+01 |  3:6.9e-02  9:1.5e+00
   75 ,    751 : 1.3644897025828e+01 +(3e+00,1e+01) | 2.74e+01 |  3:6.5e-02  9:1.4e+00
   76 ,    761 : 1.3449070481732e+01 +(4e+00,2e+01) | 2.71e+01 |  3:6.4e-02  9:1.4e+00
   77 ,    771 : 1.3893024876667e+01 +(3e+00,3e+01) | 2.77e+01 |  3:6.0e-02  9:1.3e+00
   78 ,    781 : 1.3611146621357e+01 +(1e+00,4e+00) | 2.81e+01 |  3:5.8e-02  9:1.3e+00
   79 ,    791 : 1.3783677026232e+01 +(2e+00,8e+00) | 2.88e+01 |  3:5.9e-02  9:1.3e+00
Iterat, #Fevals:   Function Value    (median,worst) |Axis Ratio|idx:Min SD idx:Max SD
   80 ,    801 : 1.3761523787248e+01 +(7e-01,2e+01) | 2.80e+01 |  3:6.0e-02  9:1.3e+00
   81 ,    811 : 1.3944117052428e+01 +(3e+00,1e+01) | 2.76e+01 |  3:5.6e-02  9:1.2e+00
   82 ,    821 : 1.3120653583781e+01 +(1e+00,6e+00) | 2.81e+01 |  3:5.5e-02  9:1.2e+00
   83 ,    831 : 1.3254014136321e+01 +(1e+00,5e+00) | 2.81e+01 |  3:5.8e-02  9:1.2e+00
   84 ,    841 : 1.3354189081124e+01 +(1e+00,8e+00) | 2.81e+01 |  3:6.3e-02  9:1.3e+00
   85 ,    851 : 1.3368489582663e+01 +(1e+00,7e+00) | 2.80e+01 |  3:7.0e-02  9:1.4e+00
   86 ,    861 : 1.2730499411691e+01 +(2e+00,2e+01) | 2.75e+01 |  3:7.2e-02  9:1.5e+00
   87 ,    871 : 1.2486948359795e+01 +(1e+00,4e+00) | 2.76e+01 |  3:7.3e-02  9:1.5e+00
   88 ,    881 : 1.2631887085490e+01 +(2e+00,2e+01) | 2.81e+01 |  3:7.6e-02  9:1.5e+00
   89 ,    891 : 1.2284462736300e+01 +(2e+00,2e+01) | 2.82e+01 |  3:7.2e-02  9:1.5e+00
Iterat, #Fevals:   Function Value    (median,worst) |Axis Ratio|idx:Min SD idx:Max SD
   90 ,    901 : 1.2844871323198e+01 +(1e+00,2e+01) | 2.82e+01 |  3:6.7e-02  9:1.4e+00
   91 ,    911 : 1.2476211714608e+01 +(2e+00,3e+00) | 2.93e+01 |  3:6.5e-02  9:1.4e+00
   92 ,    921 : 1.2483191906274e+01 +(1e+00,4e+01) | 2.93e+01 |  3:5.7e-02  9:1.2e+00
   93 ,    931 : 1.2507004878165e+01 +(8e-01,2e+01) | 2.88e+01 |  3:5.4e-02  9:1.1e+00
   94 ,    941 : 1.2787668145749e+01 +(7e-01,5e+00) | 2.92e+01 |  3:5.0e-02  9:1.0e+00
   95 ,    951 : 1.2845125972525e+01 +(1e+00,1e+01) | 3.03e+01 |  3:5.0e-02  9:1.1e+00
   96 ,    961 : 1.2764198020154e+01 +(4e-01,5e+00) | 3.02e+01 |  3:5.2e-02  9:1.1e+00
   97 ,    971 : 1.2921275564117e+01 +(2e+00,3e+00) | 3.00e+01 |  3:5.3e-02  9:1.1e+00
   98 ,    981 : 1.2462902613134e+01 +(2e+00,2e+01) | 2.97e+01 |  3:6.0e-02  9:1.3e+00
   99 ,    991 : 1.2365684283113e+01 +(1e+00,2e+01) | 3.01e+01 |  3:6.2e-02  9:1.3e+00
Iterat, #Fevals:   Function Value    (median,worst) |Axis Ratio|idx:Min SD idx:Max SD
  100 ,   1001 : 1.2145477011788e+01 +(4e-01,5e+00) | 3.00e+01 |  3:6.7e-02  9:1.4e+00
  101 ,   1011 : 1.2168935107238e+01 +(1e+00,1e+01) | 3.02e+01 |  3:6.7e-02  9:1.4e+00
  102 ,   1021 : 1.2335062085219e+01 +(7e-01,4e+00) | 3.14e+01 |  3:6.7e-02  9:1.5e+00
  103 ,   1031 : 1.2374671458200e+01 +(6e-01,3e+01) | 3.26e+01 |  3:6.8e-02  9:1.6e+00
  104 ,   1041 : 1.2126709364054e+01 +(2e+00,1e+01) | 3.29e+01 |  3:6.4e-02  9:1.5e+00
  105 ,   1051 : 1.2360534342293e+01 +(3e+00,3e+01) | 3.30e+01 |  3:6.2e-02  9:1.5e+00
  106 ,   1061 : 1.1963455747896e+01 +(8e-01,4e+01) | 3.31e+01 |  3:6.1e-02  9:1.5e+00
  107 ,   1071 : 1.2482179190024e+01 +(4e+00,1e+01) | 3.35e+01 |  3:5.6e-02  9:1.4e+00
  108 ,   1081 : 1.1833187655267e+01 +(9e-01,4e+00) | 3.33e+01 |  3:5.3e-02  9:1.3e+00
  109 ,   1091 : 1.2077077293888e+01 +(4e-01,1e+01) | 3.29e+01 |  3:5.2e-02  9:1.2e+00
Iterat, #Fevals:   Function Value    (median,worst) |Axis Ratio|idx:Min SD idx:Max SD
  110 ,   1101 : 1.2320473389569e+01 +(3e+00,7e+01) | 3.23e+01 |  3:4.9e-02  9:1.2e+00
  111 ,   1111 : 1.1746492663007e+01 +(1e+00,5e+00) | 3.26e+01 |  3:4.8e-02  9:1.1e+00
  112 ,   1121 : 1.1705096646281e+01 +(1e+00,4e+00) | 3.29e+01 |  3:4.5e-02  9:1.1e+00
  113 ,   1131 : 1.1813261811343e+01 +(3e+00,6e+00) | 3.27e+01 |  3:4.3e-02  9:1.0e+00
  114 ,   1141 : 1.1709884213696e+01 +(1e+00,3e+00) | 3.28e+01 |  3:4.2e-02  9:1.0e+00
  115 ,   1151 : 1.1720540613001e+01 +(4e-01,1e+01) | 3.31e+01 |  3:4.0e-02  9:9.6e-01
  116 ,   1161 : 1.1443131650098e+01 +(5e-01,1e+01) | 3.36e+01 |  3:3.9e-02  9:9.6e-01
  117 ,   1171 : 1.1448171400735e+01 +(1e+00,4e+00) | 3.36e+01 |  3:3.7e-02  9:9.2e-01
  118 ,   1181 : 1.1494264991474e+01 +(4e-01,3e+00) | 3.39e+01 |  3:3.5e-02  9:8.7e-01
  119 ,   1191 : 1.1711439490721e+01 +(2e+00,1e+01) | 3.40e+01 |  3:3.3e-02  9:8.3e-01
Iterat, #Fevals:   Function Value    (median,worst) |Axis Ratio|idx:Min SD idx:Max SD
  120 ,   1201 : 1.1702433707578e+01 +(3e-01,2e+00) | 3.43e+01 |  3:3.2e-02  9:8.0e-01
  121 ,   1211 : 1.1622584961817e+01 +(5e-01,3e+00) | 3.49e+01 |  3:3.0e-02  9:7.5e-01
  122 ,   1221 : 1.1634928162883e+01 +(4e-01,3e+00) | 3.42e+01 |  3:2.9e-02  9:7.1e-01
  123 ,   1231 : 1.1563150577222e+01 +(7e-01,4e+00) | 3.40e+01 |  3:2.6e-02  9:6.4e-01
  124 ,   1241 : 1.1608943927604e+01 +(3e-01,3e+00) | 3.39e+01 |  3:2.4e-02  9:6.0e-01
  125 ,   1251 : 1.1540578184982e+01 +(2e-01,8e+00) | 3.40e+01 |  3:2.3e-02  9:5.7e-01
  126 ,   1261 : 1.1664388747568e+01 +(4e-01,4e+00) | 3.28e+01 |  3:2.2e-02  9:5.5e-01
  127 ,   1271 : 1.1595368397108e+01 +(4e-01,9e+00) | 3.27e+01 |  3:2.1e-02  9:5.3e-01
  128 ,   1281 : 1.1556553789669e+01 +(2e-01,1e+00) | 3.27e+01 |  3:2.0e-02  9:5.1e-01
  129 ,   1291 : 1.1624660567980e+01 +(4e-01,7e+00) | 3.28e+01 |  3:2.1e-02  9:5.2e-01
Iterat, #Fevals:   Function Value    (median,worst) |Axis Ratio|idx:Min SD idx:Max SD
  130 ,   1301 : 1.1602280074916e+01 +(3e-01,3e+00) | 3.27e+01 |  3:2.0e-02  9:5.0e-01
  131 ,   1311 : 1.1588402490275e+01 +(3e-01,1e+00) | 3.21e+01 |  3:1.9e-02  9:4.7e-01
  132 ,   1321 : 1.1565395114728e+01 +(1e-01,2e+00) | 3.24e+01 |  3:1.8e-02  9:4.4e-01
  133 ,   1331 : 1.1561174445656e+01 +(1e-01,2e+00) | 3.28e+01 |  3:1.6e-02  9:4.0e-01
  134 ,   1341 : 1.1582224672165e+01 +(6e-02,3e-01) | 3.29e+01 |  3:1.6e-02  9:3.9e-01
  135 ,   1351 : 1.1568297458853e+01 +(4e-01,3e+00) | 3.28e+01 |  3:1.6e-02  9:3.9e-01
  136 ,   1361 : 1.1551137450245e+01 +(8e-02,1e+00) | 3.25e+01 |  3:1.8e-02  9:4.3e-01
  137 ,   1371 : 1.1538529526595e+01 +(2e-01,6e-01) | 3.22e+01 |  3:1.8e-02  9:4.2e-01
  138 ,   1381 : 1.1556294219814e+01 +(2e-01,9e-01) | 3.20e+01 |  3:1.8e-02  9:4.3e-01
  139 ,   1391 : 1.1475053313750e+01 +(2e-01,6e-01) | 3.21e+01 |  3:2.0e-02  9:4.8e-01
Iterat, #Fevals:   Function Value    (median,worst) |Axis Ratio|idx:Min SD idx:Max SD
  140 ,   1401 : 1.1492547888219e+01 +(1e-01,3e+00) | 3.23e+01 |  3:2.3e-02  9:5.3e-01
  141 ,   1411 : 1.1417749485139e+01 +(5e-01,1e+00) | 3.24e+01 |  3:2.4e-02  9:5.6e-01
  142 ,   1421 : 1.1421548571455e+01 +(3e-01,2e+00) | 3.26e+01 |  3:2.9e-02  9:6.7e-01
  143 ,   1431 : 1.1528517359273e+01 +(2e-01,2e+00) | 3.26e+01 |  3:3.1e-02  9:7.2e-01
  144 ,   1441 : 1.1426322955725e+01 +(3e-01,3e+00) | 3.23e+01 |  3:3.3e-02  9:7.6e-01
  145 ,   1451 : 1.1386550140467e+01 +(7e-01,2e+00) | 3.21e+01 |  3:3.4e-02  9:7.8e-01
  146 ,   1461 : 1.1360591288736e+01 +(3e-01,3e+00) | 3.28e+01 |  3:3.4e-02  9:8.0e-01
  147 ,   1471 : 1.1321691082545e+01 +(3e-01,8e-01) | 3.23e+01 |  3:3.3e-02  9:7.6e-01
  148 ,   1481 : 1.1353742236251e+01 +(3e-01,1e+00) | 3.24e+01 |  3:3.2e-02  9:7.7e-01
  149 ,   1491 : 1.1451835447525e+01 +(4e-01,4e+00) | 3.27e+01 |  3:2.8e-02  9:6.7e-01
Iterat, #Fevals:   Function Value    (median,worst) |Axis Ratio|idx:Min SD idx:Max SD
  150 ,   1501 : 1.1237951114504e+01 +(3e-01,1e+00) | 3.21e+01 |  3:2.7e-02  9:6.2e-01
  151 ,   1511 : 1.1255175118990e+01 +(1e-01,1e+00) | 3.26e+01 |  3:2.5e-02  9:5.8e-01
  152 ,   1521 : 1.1344502629396e+01 +(1e-01,4e-01) | 3.28e+01 |  3:2.5e-02  9:5.7e-01
  153 ,   1531 : 1.1294893940935e+01 +(2e-01,7e-01) | 3.28e+01 |  3:2.6e-02  9:5.8e-01
  154 ,   1541 : 1.1328229953888e+01 +(1e-01,8e-01) | 3.25e+01 |  3:2.3e-02  9:5.2e-01
  155 ,   1551 : 1.1223672752475e+01 +(2e-01,3e-01) | 3.47e+01 |  3:2.3e-02  9:5.4e-01
  156 ,   1561 : 1.1195534351151e+01 +(3e-01,1e+00) | 3.78e+01 |  3:2.5e-02  9:6.1e-01
  157 ,   1571 : 1.1225502223721e+01 +(3e-01,9e-01) | 3.87e+01 |  3:2.4e-02  9:6.1e-01
  158 ,   1581 : 1.1151129308476e+01 +(2e-01,2e+00) | 3.90e+01 |  2:2.5e-02  9:6.2e-01
  159 ,   1591 : 1.1021471651754e+01 +(3e-01,7e-01) | 3.97e+01 |  2:2.6e-02  9:6.7e-01
Iterat, #Fevals:   Function Value    (median,worst) |Axis Ratio|idx:Min SD idx:Max SD
  160 ,   1601 : 1.1031617291468e+01 +(2e-01,6e-01) | 4.17e+01 |  2:2.9e-02  9:7.9e-01
  161 ,   1611 : 1.0999818352829e+01 +(3e-01,2e+00) | 4.31e+01 |  2:3.1e-02  9:8.7e-01
  162 ,   1621 : 1.1052587228792e+01 +(4e-01,1e+00) | 4.40e+01 |  2:3.3e-02  9:9.2e-01
  163 ,   1631 : 1.1014148699274e+01 +(4e-01,5e+00) | 4.55e+01 |  2:3.3e-02  9:9.6e-01
  164 ,   1641 : 1.0938084904514e+01 +(4e-01,2e+00) | 4.55e+01 |  2:3.2e-02  9:9.2e-01
  165 ,   1651 : 1.1147815251065e+01 +(2e-01,2e+00) | 4.55e+01 |  2:3.0e-02  9:8.7e-01
  166 ,   1661 : 1.1038658030712e+01 +(2e-01,4e+00) | 4.52e+01 |  2:2.8e-02  9:8.0e-01
  167 ,   1671 : 1.1007152130084e+01 +(2e-01,2e+00) | 4.57e+01 |  2:2.6e-02  9:7.7e-01
  168 ,   1681 : 1.1058058270441e+01 +(1e-01,3e-01) | 4.54e+01 |  2:2.5e-02  9:7.3e-01
  169 ,   1691 : 1.1039347065415e+01 +(1e-01,4e-01) | 4.55e+01 |  2:2.5e-02  9:7.1e-01
Iterat, #Fevals:   Function Value    (median,worst) |Axis Ratio|idx:Min SD idx:Max SD
  170 ,   1701 : 1.0980795873968e+01 +(8e-02,4e-01) | 4.68e+01 |  2:2.5e-02  9:7.3e-01
  171 ,   1711 : 1.0850522042238e+01 +(2e-01,8e-01) | 4.82e+01 |  2:2.6e-02  9:7.7e-01
  172 ,   1721 : 1.0673163518105e+01 +(3e-01,2e+00) | 5.42e+01 |  2:2.9e-02  9:9.9e-01
  173 ,   1731 : 1.0598330919326e+01 +(4e-01,1e+00) | 5.88e+01 |  2:3.3e-02  9:1.2e+00
  174 ,   1741 : 1.0702552635600e+01 +(4e-01,1e+00) | 6.31e+01 |  2:3.7e-02  9:1.5e+00
  175 ,   1751 : 1.0533222464784e+01 +(3e-01,3e+00) | 6.48e+01 |  2:3.9e-02  9:1.5e+00
  176 ,   1761 : 1.0425108545990e+01 +(6e-01,4e+00) | 6.67e+01 |  2:4.0e-02  9:1.7e+00
  177 ,   1771 : 1.0454520389121e+01 +(9e-01,3e+00) | 6.97e+01 |  2:4.5e-02  9:1.9e+00
  178 ,   1781 : 1.0642573375850e+01 +(4e-01,3e+00) | 7.18e+01 |  2:5.1e-02  9:2.1e+00
  179 ,   1791 : 1.0601474974126e+01 +(7e-01,6e+00) | 7.26e+01 |  2:6.0e-02  9:2.4e+00
Iterat, #Fevals:   Function Value    (median,worst) |Axis Ratio|idx:Min SD idx:Max SD
  180 ,   1801 : 1.0569038548636e+01 +(8e-01,3e+01) | 7.25e+01 |  2:6.8e-02  9:2.6e+00
  181 ,   1811 : 1.0035722762153e+01 +(9e-01,1e+01) | 7.35e+01 |  2:7.2e-02  9:2.8e+00
  182 ,   1821 : 1.0438501216812e+01 +(8e+00,3e+01) | 7.28e+01 |  2:7.0e-02  9:2.7e+00
  183 ,   1831 : 9.7832487919208e+00 +(2e+00,4e+00) | 7.36e+01 |  2:7.0e-02  9:2.7e+00
  184 ,   1841 : 1.0091965273100e+01 +(9e-01,6e+00) | 7.28e+01 |  2:6.4e-02  9:2.4e+00
  185 ,   1851 : 1.0875146230155e+01 +(2e+00,7e+00) | 7.35e+01 |  2:6.1e-02  9:2.3e+00
  186 ,   1861 : 1.0106600328948e+01 +(8e-01,4e+00) | 7.22e+01 |  2:6.1e-02  9:2.3e+00
  187 ,   1871 : 9.9894450426587e+00 +(1e+00,3e+00) | 7.20e+01 |  2:5.6e-02  9:2.1e+00
  188 ,   1881 : 9.7711465058651e+00 +(1e+00,5e+00) | 7.04e+01 |  2:5.5e-02  9:2.1e+00
  189 ,   1891 : 9.8283320102238e+00 +(2e+00,8e+00) | 6.91e+01 |  2:5.5e-02  9:2.1e+00
Iterat, #Fevals:   Function Value    (median,worst) |Axis Ratio|idx:Min SD idx:Max SD
  190 ,   1901 : 9.7409598805289e+00 +(8e-01,1e+01) | 6.92e+01 |  2:5.6e-02  9:2.1e+00
  191 ,   1911 : 9.7345367586759e+00 +(6e-01,2e+01) | 6.91e+01 |  2:5.9e-02  9:2.2e+00
  192 ,   1921 : 9.4413988406458e+00 +(1e+00,1e+01) | 6.91e+01 |  2:5.9e-02  9:2.2e+00
  193 ,   1931 : 9.3145879122720e+00 +(2e+00,2e+01) | 6.86e+01 |  2:5.7e-02  9:2.2e+00
  194 ,   1941 : 9.6248427154395e+00 +(3e+00,2e+01) | 6.76e+01 |  2:5.5e-02  9:2.0e+00
  195 ,   1951 : 9.5218252482672e+00 +(2e+00,2e+01) | 6.73e+01 |  2:5.4e-02  9:2.0e+00
  196 ,   1961 : 9.3462213878935e+00 +(1e+00,3e+01) | 6.73e+01 |  2:4.7e-02  9:1.8e+00
  197 ,   1971 : 9.2951801954830e+00 +(2e+00,9e+00) | 6.62e+01 |  2:4.5e-02  9:1.7e+00
  198 ,   1981 : 9.3899911131597e+00 +(1e+00,3e+01) | 6.51e+01 |  2:4.4e-02  9:1.6e+00
  199 ,   1991 : 9.6651824283475e+00 +(2e+00,1e+01) | 6.39e+01 |  2:4.1e-02  9:1.5e+00
Iterat, #Fevals:   Function Value    (median,worst) |Axis Ratio|idx:Min SD idx:Max SD
  200 ,   2001 : 9.3503425091956e+00 +(8e-01,3e+00) | 6.35e+01 |  2:3.7e-02  9:1.4e+00
  201 ,   2011 : 9.0791645198704e+00 +(1e+00,4e+00) | 6.35e+01 |  2:3.5e-02  9:1.3e+00
  202 ,   2021 : 9.1124133597608e+00 +(8e-01,1e+01) | 6.41e+01 |  2:3.3e-02  9:1.2e+00
  203 ,   2031 : 8.9126079046843e+00 +(1e+00,1e+01) | 6.51e+01 |  2:3.2e-02  9:1.2e+00
  204 ,   2041 : 9.0664509843570e+00 +(1e+00,1e+01) | 6.60e+01 |  2:2.9e-02  9:1.1e+00
  205 ,   2051 : 9.0598537901376e+00 +(7e-01,4e+00) | 6.57e+01 |  2:2.8e-02  9:1.1e+00
  206 ,   2061 : 9.0830107519198e+00 +(7e-01,8e+00) | 6.51e+01 |  2:2.8e-02  9:1.0e+00
  207 ,   2071 : 8.7801741666041e+00 +(7e-01,8e+00) | 6.51e+01 |  2:3.1e-02  9:1.1e+00
  208 ,   2081 : 8.7490346104306e+00 +(7e-01,2e+00) | 6.43e+01 |  2:3.0e-02  9:1.1e+00
  209 ,   2091 : 8.8276946851334e+00 +(1e+00,6e+00) | 6.41e+01 |  2:3.0e-02  9:1.0e+00
Iterat, #Fevals:   Function Value    (median,worst) |Axis Ratio|idx:Min SD idx:Max SD
  210 ,   2101 : 8.9650490666459e+00 +(6e-01,4e+00) | 6.39e+01 |  2:2.9e-02  9:1.0e+00
  211 ,   2111 : 9.1234054715158e+00 +(6e-01,5e+00) | 6.30e+01 |  2:2.9e-02  9:9.8e-01
  212 ,   2121 : 9.1968006193412e+00 +(6e-01,3e+00) | 6.26e+01 |  2:2.8e-02  9:9.3e-01
  213 ,   2131 : 9.2296199834873e+00 +(3e-01,1e+00) | 6.21e+01 |  2:3.0e-02  9:9.9e-01
  214 ,   2141 : 9.2364416363794e+00 +(8e-01,1e+00) | 6.21e+01 |  2:2.9e-02  9:9.7e-01
  215 ,   2151 : 9.0413649850891e+00 +(6e-01,4e+00) | 6.22e+01 |  2:3.0e-02  9:9.6e-01
  216 ,   2161 : 9.1419205800684e+00 +(3e-01,1e+00) | 6.20e+01 |  2:3.0e-02  9:9.6e-01
  217 ,   2171 : 9.0977846032359e+00 +(3e-01,1e+01) | 6.17e+01 |  2:2.9e-02  9:9.2e-01
  218 ,   2181 : 9.0328747609939e+00 +(3e-01,2e+00) | 6.16e+01 |  2:2.8e-02  9:8.8e-01
  219 ,   2191 : 8.7964321481712e+00 +(8e-01,2e+00) | 6.24e+01 |  2:2.7e-02  9:8.5e-01
Iterat, #Fevals:   Function Value    (median,worst) |Axis Ratio|idx:Min SD idx:Max SD
  220 ,   2201 : 8.9761945525307e+00 +(1e+00,3e+00) | 6.23e+01 |  2:2.6e-02  9:8.0e-01
  221 ,   2211 : 8.8717743523997e+00 +(3e-01,5e+00) | 6.23e+01 |  2:2.4e-02  9:7.5e-01
  222 ,   2221 : 8.4976317515200e+00 +(5e-01,6e+00) | 6.39e+01 |  2:2.4e-02  9:7.6e-01
  223 ,   2231 : 8.0468440684285e+00 +(2e+00,5e+00) | 6.64e+01 |  2:2.5e-02  9:8.0e-01
  224 ,   2241 : 8.0689791576152e+00 +(1e+00,5e+00) | 6.91e+01 |  2:2.5e-02  9:8.3e-01
  225 ,   2251 : 8.1018038381543e+00 +(1e+00,8e+00) | 6.96e+01 |  2:2.5e-02  9:8.4e-01
  226 ,   2261 : 8.4750705778788e+00 +(2e+00,1e+01) | 6.81e+01 |  2:2.5e-02  9:8.1e-01
  227 ,   2271 : 8.2470167834617e+00 +(1e+00,3e+00) | 6.75e+01 |  2:2.4e-02  9:7.9e-01
  228 ,   2281 : 8.2726037511841e+00 +(3e+00,1e+01) | 6.58e+01 |  2:2.5e-02  9:8.1e-01
  229 ,   2291 : 8.3620027670400e+00 +(1e+00,8e+00) | 6.53e+01 |  2:2.5e-02  9:8.2e-01
Iterat, #Fevals:   Function Value    (median,worst) |Axis Ratio|idx:Min SD idx:Max SD
  230 ,   2301 : 8.6534785393129e+00 +(4e-01,1e+01) | 6.51e+01 |  2:2.7e-02  9:8.7e-01
  231 ,   2311 : 8.6698796820139e+00 +(5e-01,3e+00) | 6.40e+01 |  2:2.5e-02  9:7.7e-01
  232 ,   2321 : 8.6374591656156e+00 +(2e+00,5e+00) | 6.37e+01 |  2:2.2e-02  9:7.0e-01
  233 ,   2331 : 8.2026158425460e+00 +(2e+00,1e+01) | 6.35e+01 |  2:2.3e-02  9:7.1e-01
  234 ,   2341 : 8.3234901188086e+00 +(2e+00,1e+01) | 6.35e+01 |  2:2.2e-02  9:6.9e-01
  235 ,   2351 : 8.1756405640025e+00 +(2e+00,1e+01) | 6.30e+01 |  2:2.1e-02  9:6.4e-01
  236 ,   2361 : 8.1007768533103e+00 +(1e+00,2e+00) | 6.35e+01 |  2:1.9e-02  9:6.1e-01
  237 ,   2371 : 8.1367908587468e+00 +(1e+00,8e+00) | 6.41e+01 |  2:1.8e-02  9:5.7e-01
  238 ,   2381 : 7.9579953705552e+00 +(6e-01,7e+00) | 6.34e+01 |  2:1.7e-02  9:5.3e-01
  239 ,   2391 : 8.2057254383200e+00 +(6e-01,3e+00) | 6.40e+01 |  2:1.7e-02  9:5.2e-01
Iterat, #Fevals:   Function Value    (median,worst) |Axis Ratio|idx:Min SD idx:Max SD
  240 ,   2401 : 8.0605877183304e+00 +(1e+00,6e+00) | 6.44e+01 |  2:1.7e-02  9:5.1e-01
  241 ,   2411 : 8.0882411627844e+00 +(3e-01,7e-01) | 6.36e+01 |  2:1.8e-02  9:5.5e-01
  242 ,   2421 : 7.9928926566525e+00 +(4e-01,6e+00) | 6.31e+01 |  2:1.7e-02  9:5.2e-01
  243 ,   2431 : 8.0977679302265e+00 +(1e+00,5e+00) | 6.30e+01 |  2:1.8e-02  9:5.5e-01
  244 ,   2441 : 8.0219204204536e+00 +(2e+00,6e+00) | 6.29e+01 |  2:2.0e-02  9:5.8e-01
  245 ,   2451 : 8.2574038154406e+00 +(7e-01,3e+00) | 6.32e+01 |  2:2.2e-02  9:6.2e-01
  246 ,   2461 : 8.1272327766221e+00 +(7e-01,4e+00) | 6.37e+01 |  2:2.3e-02  9:6.5e-01
  247 ,   2471 : 8.0869450284529e+00 +(6e-01,4e+00) | 6.31e+01 |  2:2.3e-02  9:6.4e-01
  248 ,   2481 : 8.0953386626138e+00 +(5e-01,7e+00) | 6.27e+01 |  2:2.4e-02  9:6.7e-01
  249 ,   2491 : 8.2227093986231e+00 +(8e-01,7e+00) | 6.29e+01 |  2:2.5e-02  9:6.8e-01
Iterat, #Fevals:   Function Value    (median,worst) |Axis Ratio|idx:Min SD idx:Max SD
  250 ,   2501 : 8.2553702166635e+00 +(8e-01,9e+00) | 6.23e+01 |  2:2.4e-02  9:6.4e-01
  251 ,   2511 : 8.1469828055970e+00 +(1e+00,5e+00) | 6.14e+01 |  2:2.2e-02  9:5.9e-01
  252 ,   2521 : 8.2390423584349e+00 +(2e+00,4e+00) | 6.02e+01 |  2:2.2e-02  9:5.7e-01
  253 ,   2531 : 8.3486548103277e+00 +(7e-01,5e+00) | 6.05e+01 |  2:2.3e-02  9:5.9e-01
  254 ,   2541 : 8.2181138594490e+00 +(7e-01,3e+00) | 6.05e+01 |  2:2.1e-02  9:5.6e-01
  255 ,   2551 : 8.3654536473141e+00 +(5e-01,3e+00) | 6.09e+01 |  2:2.0e-02  9:5.1e-01
  256 ,   2561 : 8.0254554121139e+00 +(5e-01,1e+00) | 6.12e+01 |  2:1.9e-02  9:4.7e-01
  257 ,   2571 : 8.0421363591932e+00 +(4e-01,1e+00) | 6.08e+01 |  2:1.7e-02  9:4.4e-01
  258 ,   2581 : 8.0717946210736e+00 +(3e-01,2e+00) | 6.24e+01 |  2:1.6e-02  9:4.3e-01
  259 ,   2591 : 8.0814278907804e+00 +(4e-01,2e+00) | 6.30e+01 |  2:1.7e-02  9:4.4e-01
Iterat, #Fevals:   Function Value    (median,worst) |Axis Ratio|idx:Min SD idx:Max SD
  260 ,   2601 : 8.0537181931492e+00 +(4e-01,4e+00) | 6.39e+01 |  2:1.6e-02  9:4.3e-01
  261 ,   2611 : 8.1852789319880e+00 +(3e-01,3e+00) | 6.30e+01 |  2:1.6e-02  9:4.2e-01
  262 ,   2621 : 8.0219380607179e+00 +(2e-01,1e+00) | 6.25e+01 |  2:1.5e-02  9:3.8e-01
  263 ,   2631 : 8.0529070617697e+00 +(3e-01,4e+00) | 6.24e+01 |  2:1.5e-02  9:3.9e-01
  264 ,   2641 : 8.0794725271137e+00 +(3e-01,2e+00) | 6.23e+01 |  2:1.6e-02  9:3.9e-01
  265 ,   2651 : 8.0372882098039e+00 +(2e-01,4e-01) | 6.12e+01 |  2:1.7e-02  9:4.1e-01
  266 ,   2661 : 8.0431595010725e+00 +(5e-01,3e+00) | 6.13e+01 |  2:1.8e-02  9:4.1e-01
  267 ,   2671 : 7.9644184205460e+00 +(5e-01,5e+00) | 6.07e+01 |  2:1.9e-02  9:4.4e-01
  268 ,   2681 : 8.0587453598253e+00 +(8e-01,2e+00) | 6.01e+01 |  2:2.2e-02  9:5.0e-01
  269 ,   2691 : 7.9913398850156e+00 +(3e-01,4e+00) | 6.01e+01 |  2:2.2e-02  9:5.1e-01
Iterat, #Fevals:   Function Value    (median,worst) |Axis Ratio|idx:Min SD idx:Max SD
  270 ,   2701 : 8.0129633887566e+00 +(4e-01,2e+00) | 6.02e+01 |  2:2.4e-02  9:5.3e-01
  271 ,   2711 : 8.0077868512339e+00 +(5e-01,2e+00) | 6.00e+01 |  2:2.7e-02  9:6.1e-01
  272 ,   2721 : 8.0293135078961e+00 +(5e-01,9e-01) | 6.01e+01 |  2:3.0e-02  9:6.6e-01
  273 ,   2731 : 7.9481223756968e+00 +(4e-01,4e+00) | 5.93e+01 |  2:3.2e-02  9:7.1e-01
  274 ,   2741 : 8.1585706553045e+00 +(1e+00,4e+00) | 5.90e+01 |  2:3.0e-02  9:6.7e-01
  275 ,   2751 : 8.0450114683446e+00 +(6e-01,3e+00) | 5.90e+01 |  2:2.9e-02  9:6.5e-01
  276 ,   2761 : 8.1765909426781e+00 +(2e+00,1e+01) | 5.85e+01 |  2:2.7e-02  9:5.9e-01
  277 ,   2771 : 7.9931657633701e+00 +(7e-01,5e+00) | 5.85e+01 |  2:2.7e-02  9:5.8e-01
  278 ,   2781 : 8.0145193971077e+00 +(5e-01,7e+00) | 5.78e+01 |  2:2.5e-02  9:5.3e-01
  279 ,   2791 : 7.9232067504846e+00 +(5e-01,3e+00) | 5.75e+01 |  2:2.3e-02  9:4.8e-01
Iterat, #Fevals:   Function Value    (median,worst) |Axis Ratio|idx:Min SD idx:Max SD
  280 ,   2801 : 7.9735402333171e+00 +(1e+00,7e+00) | 5.62e+01 |  2:2.1e-02  9:4.5e-01
  281 ,   2811 : 8.0683396569513e+00 +(5e-01,2e+00) | 5.60e+01 |  2:1.9e-02  9:4.1e-01
  282 ,   2821 : 8.0133225975897e+00 +(3e-01,2e+00) | 5.43e+01 |  2:2.0e-02  9:4.1e-01
  283 ,   2831 : 7.9976399212325e+00 +(4e-01,5e+00) | 5.49e+01 |  2:1.9e-02  9:4.0e-01
  284 ,   2841 : 8.0038229214148e+00 +(4e-01,1e+00) | 5.52e+01 |  2:1.8e-02  9:3.9e-01
  285 ,   2851 : 7.9246276591626e+00 +(2e-01,2e+00) | 5.51e+01 |  2:1.8e-02  9:3.7e-01
  286 ,   2861 : 7.9222720794551e+00 +(2e-01,2e+00) | 5.48e+01 |  2:1.7e-02  9:3.4e-01
  287 ,   2871 : 7.9270537131174e+00 +(3e-01,2e+00) | 5.41e+01 |  2:1.6e-02  9:3.3e-01
  288 ,   2881 : 7.9302319412252e+00 +(1e-01,9e-01) | 5.41e+01 |  2:1.7e-02  9:3.4e-01
  289 ,   2891 : 7.9450270692618e+00 +(2e-01,1e+00) | 5.33e+01 |  2:1.6e-02  9:3.2e-01
Iterat, #Fevals:   Function Value    (median,worst) |Axis Ratio|idx:Min SD idx:Max SD
  290 ,   2901 : 7.9183003511745e+00 +(1e-01,7e-01) | 5.36e+01 |  2:1.5e-02  9:3.0e-01
  291 ,   2911 : 7.9468337599676e+00 +(2e-01,4e-01) | 5.39e+01 |  2:1.4e-02  9:2.9e-01
  292 ,   2921 : 7.9745832723541e+00 +(1e-01,8e-01) | 5.26e+01 |  2:1.4e-02  9:2.8e-01
  293 ,   2931 : 7.9097384341472e+00 +(2e-01,2e+00) | 5.17e+01 |  2:1.3e-02  9:2.7e-01
  294 ,   2941 : 7.9157594589142e+00 +(2e-01,4e-01) | 5.02e+01 |  2:1.4e-02  9:2.8e-01
  295 ,   2951 : 7.8972544466253e+00 +(2e-01,2e+00) | 4.86e+01 |  2:1.4e-02  9:2.7e-01
  296 ,   2961 : 7.9029901530459e+00 +(1e-01,1e+00) | 4.77e+01 |  2:1.3e-02  9:2.7e-01
  297 ,   2971 : 7.9282679559310e+00 +(6e-02,3e-01) | 4.72e+01 |  2:1.3e-02  9:2.6e-01
  298 ,   2981 : 7.9547741843592e+00 +(2e-01,6e-01) | 4.72e+01 |  2:1.3e-02  9:2.6e-01
  299 ,   2991 : 7.9157641864599e+00 +(8e-02,3e-01) | 4.72e+01 |  2:1.3e-02  9:2.5e-01
Iterat, #Fevals:   Function Value    (median,worst) |Axis Ratio|idx:Min SD idx:Max SD
  300 ,   3001 : 7.9203947056681e+00 +(2e-01,5e-01) | 4.84e+01 |  2:1.4e-02  9:2.7e-01
  301 ,   3011 : 7.9398574980482e+00 +(1e-01,2e+00) | 4.80e+01 |  2:1.3e-02  9:2.7e-01
  302 ,   3021 : 7.9159021931630e+00 +(1e-01,1e+00) | 4.74e+01 |  2:1.2e-02  9:2.4e-01
  303 ,   3031 : 7.9440827684312e+00 +(1e-01,8e-01) | 4.80e+01 |  2:1.1e-02  9:2.2e-01
  304 ,   3041 : 7.9612094517949e+00 +(2e-01,4e-01) | 4.79e+01 |  2:1.1e-02  9:2.1e-01
  305 ,   3051 : 7.9089016390730e+00 +(6e-02,6e-01) | 4.81e+01 |  2:1.0e-02  9:2.0e-01
  306 ,   3061 : 7.9403893904441e+00 +(7e-02,3e-01) | 4.76e+01 |  2:1.0e-02  9:2.0e-01
  307 ,   3071 : 7.9199228247702e+00 +(7e-02,8e-01) | 4.65e+01 |  2:9.7e-03  9:1.9e-01
  308 ,   3081 : 7.9001557511720e+00 +(1e-01,9e-01) | 4.62e+01 |  2:9.1e-03  9:1.8e-01
  309 ,   3091 : 7.9509888762649e+00 +(4e-02,3e-01) | 4.66e+01 |  2:8.9e-03  9:1.7e-01
Iterat, #Fevals:   Function Value    (median,worst) |Axis Ratio|idx:Min SD idx:Max SD
  310 ,   3101 : 7.9087139035485e+00 +(3e-02,2e-01) | 4.64e+01 |  2:8.3e-03  9:1.6e-01
  311 ,   3111 : 7.9070770801756e+00 +(9e-02,2e-01) | 4.70e+01 |  2:7.9e-03  9:1.5e-01
  312 ,   3121 : 7.9172095028618e+00 +(4e-02,2e-01) | 4.73e+01 |  2:8.0e-03  9:1.5e-01
  313 ,   3131 : 7.9168866265614e+00 +(4e-02,5e-01) | 4.68e+01 |  2:8.2e-03  9:1.6e-01
  314 ,   3141 : 7.9032858098145e+00 +(6e-02,1e-01) | 4.56e+01 |  2:8.3e-03  9:1.6e-01
  315 ,   3151 : 7.9172740331698e+00 +(7e-02,2e-01) | 4.53e+01 |  2:7.9e-03  9:1.5e-01
  316 ,   3161 : 7.9045244992727e+00 +(6e-02,2e-01) | 4.52e+01 |  2:7.9e-03  9:1.5e-01
  317 ,   3171 : 7.9108930316731e+00 +(4e-02,2e-01) | 4.59e+01 |  2:7.5e-03  9:1.4e-01
  318 ,   3181 : 7.9165021373435e+00 +(4e-02,1e-01) | 4.64e+01 |  2:7.5e-03  9:1.4e-01
  319 ,   3191 : 7.9056347119164e+00 +(5e-02,2e-01) | 4.57e+01 |  2:6.7e-03  9:1.3e-01
Iterat, #Fevals:   Function Value    (median,worst) |Axis Ratio|idx:Min SD idx:Max SD
  320 ,   3201 : 7.9033723913898e+00 +(4e-02,2e-01) | 4.63e+01 |  2:6.7e-03  9:1.3e-01
  321 ,   3211 : 7.9349501799520e+00 +(3e-02,2e-01) | 4.63e+01 |  2:6.3e-03  9:1.2e-01
  322 ,   3221 : 7.9033270076873e+00 +(6e-02,4e-01) | 4.72e+01 |  2:6.4e-03  9:1.3e-01
  323 ,   3231 : 7.9000601405223e+00 +(5e-02,2e-01) | 4.71e+01 |  2:6.0e-03  9:1.2e-01
  324 ,   3241 : 7.9050090521001e+00 +(4e-02,6e-02) | 4.73e+01 |  2:5.2e-03  9:1.0e-01
  325 ,   3251 : 7.8869059179982e+00 +(5e-02,9e-02) | 4.64e+01 |  2:4.8e-03  9:9.4e-02
  326 ,   3261 : 7.9008520127162e+00 +(2e-02,2e-01) | 4.64e+01 |  2:4.3e-03  9:8.5e-02
  327 ,   3271 : 7.8970595113599e+00 +(2e-02,9e-02) | 4.66e+01 |  2:4.0e-03  9:7.9e-02
  328 ,   3281 : 7.8927976681196e+00 +(3e-02,1e-01) | 4.65e+01 |  2:3.7e-03  9:7.1e-02
  329 ,   3291 : 7.9133998223787e+00 +(6e-03,7e-02) | 4.62e+01 |  2:3.5e-03  9:6.7e-02
Iterat, #Fevals:   Function Value    (median,worst) |Axis Ratio|idx:Min SD idx:Max SD
  330 ,   3301 : 7.9051059982582e+00 +(2e-02,7e-02) | 4.59e+01 |  2:3.5e-03  9:6.5e-02
  331 ,   3311 : 7.9224666313596e+00 +(2e-02,4e-02) | 4.62e+01 |  2:3.6e-03  9:6.6e-02
  332 ,   3321 : 7.8907142640240e+00 +(4e-02,6e-02) | 4.60e+01 |  2:3.5e-03  9:6.4e-02
  333 ,   3331 : 7.9115389999716e+00 +(2e-02,1e-01) | 4.60e+01 |  2:3.6e-03  9:6.4e-02
  334 ,   3341 : 7.9234291408139e+00 +(2e-02,6e-02) | 4.49e+01 |  2:3.6e-03  9:6.3e-02
  335 ,   3351 : 7.9040847322762e+00 +(2e-02,4e-02) | 4.41e+01 |  2:3.5e-03  9:6.0e-02
  336 ,   3361 : 7.8914449526356e+00 +(4e-02,1e-01) | 4.29e+01 |  2:3.2e-03  9:5.5e-02
  337 ,   3371 : 7.9029122860154e+00 +(1e-02,5e-02) | 4.25e+01 |  2:3.0e-03  9:5.1e-02
  338 ,   3381 : 7.8986003306521e+00 +(3e-02,1e-01) | 4.28e+01 |  2:2.8e-03  9:4.8e-02
  339 ,   3391 : 7.8987990681870e+00 +(2e-02,5e-02) | 4.25e+01 |  2:2.5e-03  9:4.4e-02
Iterat, #Fevals:   Function Value    (median,worst) |Axis Ratio|idx:Min SD idx:Max SD
  340 ,   3401 : 7.8879424206732e+00 +(3e-02,9e-02) | 4.24e+01 |  2:2.4e-03  9:4.1e-02
  341 ,   3411 : 7.8983085267544e+00 +(3e-02,4e-02) | 4.22e+01 |  2:2.5e-03  9:4.3e-02
  342 ,   3421 : 7.8923249176801e+00 +(4e-02,5e-02) | 4.24e+01 |  2:2.6e-03  9:4.4e-02
  343 ,   3431 : 7.8922253308937e+00 +(3e-02,6e-02) | 4.27e+01 |  2:2.7e-03  9:4.7e-02
  344 ,   3441 : 7.8967781800555e+00 +(2e-02,5e-02) | 4.31e+01 |  2:3.1e-03  9:5.4e-02
  345 ,   3451 : 7.8963532331720e+00 +(3e-02,7e-02) | 4.39e+01 |  2:3.2e-03  9:5.7e-02
  346 ,   3461 : 7.8982806039129e+00 +(2e-02,6e-02) | 4.36e+01 |  2:3.3e-03  9:5.8e-02
  347 ,   3471 : 7.8647504692313e+00 +(6e-02,1e-01) | 4.51e+01 |  2:3.3e-03  9:5.8e-02
  348 ,   3481 : 7.9001689483298e+00 +(2e-02,4e-02) | 4.50e+01 |  2:3.1e-03  9:5.6e-02
  349 ,   3491 : 7.8867299033069e+00 +(3e-02,1e-01) | 4.56e+01 |  2:3.2e-03  9:5.8e-02
Iterat, #Fevals:   Function Value    (median,worst) |Axis Ratio|idx:Min SD idx:Max SD
  350 ,   3501 : 7.9031025473848e+00 +(8e-03,4e-02) | 4.59e+01 |  2:3.3e-03  9:6.0e-02
  351 ,   3511 : 7.9022156216452e+00 +(7e-03,1e-01) | 4.58e+01 |  2:3.0e-03  9:5.5e-02
  352 ,   3521 : 7.8659904844221e+00 +(6e-02,1e-01) | 4.63e+01 |  2:2.8e-03  9:5.3e-02
  353 ,   3531 : 7.9034004150077e+00 +(2e-02,6e-02) | 4.66e+01 |  2:2.6e-03  9:4.8e-02
  354 ,   3541 : 7.8937690136172e+00 +(2e-02,5e-02) | 4.63e+01 |  2:2.5e-03  9:4.5e-02
  355 ,   3551 : 7.8867382552445e+00 +(3e-02,5e-02) | 4.62e+01 |  2:2.3e-03  9:4.2e-02
  356 ,   3561 : 7.8875443238433e+00 +(3e-02,8e-02) | 4.64e+01 |  2:1.9e-03  9:3.5e-02
  357 ,   3571 : 7.8892010935774e+00 +(2e-02,5e-02) | 4.52e+01 |  2:1.8e-03  9:3.1e-02
  358 ,   3581 : 7.8844320909133e+00 +(1e-02,5e-02) | 4.54e+01 |  2:1.6e-03  9:2.8e-02
  359 ,   3591 : 7.8919092233115e+00 +(2e-02,4e-02) | 4.57e+01 |  2:1.6e-03  9:2.9e-02
Iterat, #Fevals:   Function Value    (median,worst) |Axis Ratio|idx:Min SD idx:Max SD
  360 ,   3601 : 7.8975134288394e+00 +(2e-02,5e-02) | 4.62e+01 |  2:1.5e-03  9:2.7e-02
  361 ,   3611 : 7.8806782973143e+00 +(4e-02,6e-02) | 4.65e+01 |  2:1.4e-03  9:2.5e-02
  362 ,   3621 : 7.8949498979031e+00 +(2e-02,5e-02) | 4.63e+01 |  2:1.3e-03  9:2.3e-02
  363 ,   3631 : 7.8945124022402e+00 +(1e-02,4e-02) | 4.47e+01 |  2:1.2e-03  9:2.2e-02
  364 ,   3641 : 7.8882410438931e+00 +(1e-02,7e-02) | 4.58e+01 |  2:1.1e-03  9:2.1e-02
  365 ,   3651 : 7.8943932387686e+00 +(3e-02,6e-02) | 4.76e+01 |  2:1.1e-03  9:2.1e-02
  366 ,   3661 : 7.8913573660291e+00 +(4e-02,5e-02) | 4.80e+01 |  2:1.1e-03  9:2.0e-02
  367 ,   3671 : 7.8908189092415e+00 +(2e-02,6e-02) | 4.86e+01 |  2:1.0e-03  9:1.9e-02
  368 ,   3681 : 7.8812474145503e+00 +(2e-02,4e-02) | 4.73e+01 |  2:1.0e-03  9:1.9e-02
  369 ,   3691 : 7.8994067460695e+00 +(3e-02,6e-02) | 4.68e+01 |  2:1.0e-03  9:1.8e-02
Iterat, #Fevals:   Function Value    (median,worst) |Axis Ratio|idx:Min SD idx:Max SD
  370 ,   3701 : 7.8777426786622e+00 +(3e-02,8e-02) | 4.66e+01 |  2:9.8e-04  9:1.7e-02
  371 ,   3711 : 7.8890386589097e+00 +(2e-02,6e-02) | 4.65e+01 |  2:9.7e-04  9:1.7e-02
  372 ,   3721 : 7.8910345309521e+00 +(1e-02,5e-02) | 4.67e+01 |  2:1.1e-03  9:1.9e-02
  373 ,   3731 : 7.8896120126842e+00 +(3e-02,7e-02) | 4.66e+01 |  2:1.1e-03  9:1.9e-02
  374 ,   3741 : 7.8939416728909e+00 +(2e-02,7e-02) | 4.68e+01 |  2:1.1e-03  9:1.8e-02
  375 ,   3751 : 7.8880721353685e+00 +(3e-02,6e-02) | 4.65e+01 |  2:1.1e-03  9:1.9e-02
  376 ,   3761 : 7.8816537390048e+00 +(2e-02,7e-02) | 4.58e+01 |  2:1.0e-03  9:1.7e-02
  377 ,   3771 : 7.8885639934932e+00 +(2e-02,7e-02) | 4.62e+01 |  2:9.1e-04  9:1.6e-02
  378 ,   3781 : 7.8855095436501e+00 +(3e-02,8e-02) | 4.71e+01 |  2:9.0e-04  9:1.6e-02
  379 ,   3791 : 7.8876952959444e+00 +(2e-02,5e-02) | 4.73e+01 |  2:9.2e-04  9:1.6e-02
Iterat, #Fevals:   Function Value    (median,worst) |Axis Ratio|idx:Min SD idx:Max SD
  380 ,   3801 : 7.8827510181370e+00 +(3e-02,6e-02) | 4.81e+01 |  2:1.1e-03  9:1.9e-02
  381 ,   3811 : 7.8907865354253e+00 +(3e-02,6e-02) | 4.77e+01 |  2:1.2e-03  9:2.1e-02
  382 ,   3821 : 7.8935891132705e+00 +(2e-02,5e-02) | 4.93e+01 |  2:1.1e-03  9:2.0e-02
  383 ,   3831 : 7.8923709628180e+00 +(3e-02,6e-02) | 4.97e+01 |  2:1.1e-03  9:1.9e-02
  384 ,   3841 : 7.8623748858317e+00 +(6e-02,9e-02) | 5.02e+01 |  2:1.1e-03  9:2.0e-02
  385 ,   3851 : 7.8854014900969e+00 +(2e-02,5e-02) | 4.94e+01 |  2:1.2e-03  9:2.1e-02
  386 ,   3861 : 7.8499922807415e+00 +(6e-02,1e-01) | 4.95e+01 |  2:1.2e-03  9:2.2e-02
  387 ,   3871 : 7.8951810464364e+00 +(3e-02,7e-02) | 4.92e+01 |  2:1.3e-03  9:2.3e-02
  388 ,   3881 : 7.8882328932195e+00 +(3e-02,7e-02) | 4.93e+01 |  2:1.3e-03  9:2.3e-02
  389 ,   3891 : 7.8793458387174e+00 +(2e-02,7e-02) | 4.89e+01 |  2:1.3e-03  9:2.2e-02
Iterat, #Fevals:   Function Value    (median,worst) |Axis Ratio|idx:Min SD idx:Max SD
  390 ,   3901 : 7.9052752286870e+00 +(1e-02,7e-02) | 4.98e+01 |  2:1.5e-03  9:2.3e-02
  391 ,   3911 : 7.8938976046184e+00 +(2e-02,4e-02) | 5.04e+01 |  2:1.5e-03  9:2.3e-02
  392 ,   3921 : 7.8641326588249e+00 +(3e-02,1e-01) | 4.85e+01 |  2:1.4e-03  9:2.2e-02
  393 ,   3931 : 7.8793920106674e+00 +(3e-02,6e-02) | 4.79e+01 |  2:1.3e-03  9:2.1e-02
  394 ,   3941 : 7.8890439043815e+00 +(2e-02,5e-02) | 5.02e+01 |  2:1.3e-03  9:2.2e-02
  395 ,   3951 : 7.8896523952600e+00 +(3e-02,6e-02) | 4.96e+01 |  2:1.4e-03  9:2.3e-02
  396 ,   3961 : 7.8888286571257e+00 +(2e-02,6e-02) | 4.91e+01 |  2:1.4e-03  9:2.3e-02
  397 ,   3971 : 7.8739116873301e+00 +(3e-02,7e-02) | 4.81e+01 |  2:1.4e-03  9:2.2e-02
  398 ,   3981 : 7.8814615586948e+00 +(2e-02,4e-02) | 4.97e+01 |  2:1.3e-03  9:2.2e-02
  399 ,   3991 : 7.8829142748302e+00 +(1e-02,6e-02) | 4.85e+01 |  2:1.3e-03  9:2.2e-02
Iterat, #Fevals:   Function Value    (median,worst) |Axis Ratio|idx:Min SD idx:Max SD
  400 ,   4001 : 7.8827610727457e+00 +(1e-02,4e-02) | 4.87e+01 |  2:1.4e-03  9:2.3e-02
  401 ,   4011 : 7.8944391535905e+00 +(9e-03,3e-02) | 4.95e+01 |  2:1.4e-03  9:2.3e-02
  402 ,   4021 : 7.8806353437717e+00 +(1e-02,8e-02) | 4.98e+01 |  2:1.4e-03  9:2.4e-02
  403 ,   4031 : 7.8793739555200e+00 +(2e-02,6e-02) | 4.90e+01 |  2:1.4e-03  9:2.3e-02
  404 ,   4041 : 7.8822183421941e+00 +(4e-02,6e-02) | 5.08e+01 |  2:1.4e-03  9:2.4e-02
  405 ,   4051 : 7.8798829176181e+00 +(2e-02,8e-02) | 5.23e+01 |  2:1.4e-03  9:2.5e-02
  406 ,   4061 : 7.8843975504551e+00 +(3e-02,7e-02) | 5.39e+01 |  2:1.6e-03  9:2.7e-02
  407 ,   4071 : 7.8839410392896e+00 +(2e-02,5e-02) | 5.52e+01 |  2:1.7e-03  9:2.9e-02
  408 ,   4081 : 7.8784841254390e+00 +(2e-02,4e-02) | 5.56e+01 |  2:1.5e-03  9:2.8e-02
  409 ,   4091 : 7.8830771396757e+00 +(2e-02,7e-02) | 5.55e+01 |  2:1.6e-03  9:2.9e-02
Iterat, #Fevals:   Function Value    (median,worst) |Axis Ratio|idx:Min SD idx:Max SD
  410 ,   4101 : 7.8827464610990e+00 +(2e-02,4e-02) | 5.62e+01 |  2:1.6e-03  9:3.0e-02
  411 ,   4111 : 7.8384253020032e+00 +(5e-02,1e-01) | 5.59e+01 |  2:1.6e-03  9:2.9e-02
  412 ,   4121 : 7.8825942005120e+00 +(2e-02,7e-02) | 5.58e+01 |  2:1.6e-03  9:2.9e-02
  413 ,   4131 : 7.8828704449994e+00 +(3e-02,7e-02) | 5.45e+01 |  2:1.4e-03  9:2.5e-02
  414 ,   4141 : 7.8876782918927e+00 +(7e-03,7e-02) | 5.40e+01 |  2:1.3e-03  9:2.3e-02
  415 ,   4151 : 7.8825903218366e+00 +(2e-02,5e-02) | 5.38e+01 |  2:1.2e-03  9:2.1e-02
  416 ,   4161 : 7.8818976888750e+00 +(2e-02,6e-02) | 5.35e+01 |  2:1.2e-03  9:2.1e-02
  417 ,   4171 : 7.8795694205718e+00 +(1e-02,7e-02) | 5.42e+01 |  2:1.3e-03  9:2.3e-02
  418 ,   4181 : 7.8981912499695e+00 +(7e-03,4e-02) | 5.44e+01 |  2:1.4e-03  9:2.6e-02
  419 ,   4191 : 7.8865610176096e+00 +(3e-02,5e-02) | 5.47e+01 |  2:1.4e-03  9:2.6e-02
Iterat, #Fevals:   Function Value    (median,worst) |Axis Ratio|idx:Min SD idx:Max SD
  420 ,   4201 : 7.8782255427486e+00 +(2e-02,8e-02) | 5.45e+01 |  2:1.4e-03  9:2.4e-02
  421 ,   4211 : 7.8920194030359e+00 +(2e-02,6e-02) | 5.49e+01 |  2:1.3e-03  9:2.3e-02
  422 ,   4221 : 7.8987263091922e+00 +(1e-02,5e-02) | 5.47e+01 |  2:1.3e-03  9:2.3e-02
  423 ,   4231 : 7.8922840404625e+00 +(1e-02,7e-02) | 5.44e+01 |  2:1.1e-03  9:2.0e-02
  424 ,   4241 : 7.8811830703045e+00 +(3e-02,8e-02) | 5.42e+01 |  2:1.1e-03  9:2.0e-02
  425 ,   4251 : 7.8908618002045e+00 +(2e-02,3e-02) | 5.45e+01 |  2:1.2e-03  9:2.1e-02
  426 ,   4261 : 7.8858317445075e+00 +(1e-02,7e-02) | 5.76e+01 |  2:1.2e-03  9:2.2e-02
  427 ,   4271 : 7.8868863295756e+00 +(3e-02,5e-02) | 5.77e+01 |  2:1.2e-03  9:2.2e-02
  428 ,   4281 : 7.8947563706379e+00 +(3e-02,6e-02) | 5.84e+01 |  2:1.3e-03  9:2.3e-02
  429 ,   4291 : 7.8639845531163e+00 +(5e-02,7e-02) | 6.12e+01 |  2:1.5e-03  9:2.7e-02
Iterat, #Fevals:   Function Value    (median,worst) |Axis Ratio|idx:Min SD idx:Max SD
  430 ,   4301 : 7.8831280442636e+00 +(2e-02,6e-02) | 6.31e+01 |  2:1.6e-03  9:2.8e-02
  431 ,   4311 : 7.8865583857798e+00 +(2e-02,4e-02) | 6.36e+01 |  2:1.7e-03  9:3.0e-02
  432 ,   4321 : 7.8731325413522e+00 +(3e-02,1e-01) | 6.40e+01 |  2:1.7e-03  9:3.0e-02
  433 ,   4331 : 7.8716772321751e+00 +(4e-02,8e-02) | 6.39e+01 |  2:1.7e-03  9:2.8e-02
  434 ,   4341 : 7.8853594831452e+00 +(4e-02,7e-02) | 6.56e+01 |  2:1.8e-03  9:3.0e-02
  435 ,   4351 : 7.8832048361165e+00 +(2e-02,3e-02) | 6.45e+01 |  2:1.7e-03  9:2.8e-02
  436 ,   4361 : 7.8852224453161e+00 +(3e-02,8e-02) | 6.48e+01 |  2:1.6e-03  9:2.8e-02
  437 ,   4371 : 7.8857715740669e+00 +(1e-02,6e-02) | 6.58e+01 |  2:1.6e-03  9:2.7e-02
  438 ,   4381 : 7.8858324151185e+00 +(2e-02,5e-02) | 6.68e+01 |  2:1.5e-03  9:2.6e-02
  439 ,   4391 : 7.8773553677656e+00 +(2e-02,6e-02) | 6.88e+01 |  2:1.5e-03  9:2.7e-02
Iterat, #Fevals:   Function Value    (median,worst) |Axis Ratio|idx:Min SD idx:Max SD
  440 ,   4401 : 7.8846382838513e+00 +(2e-02,5e-02) | 6.77e+01 |  2:1.6e-03  9:3.0e-02
  441 ,   4411 : 7.8836676153640e+00 +(2e-02,5e-02) | 6.80e+01 |  2:1.6e-03  9:2.9e-02
  442 ,   4421 : 7.8803626574109e+00 +(2e-02,7e-02) | 6.79e+01 |  2:1.6e-03  9:2.8e-02
  443 ,   4431 : 7.8744296708892e+00 +(2e-02,7e-02) | 6.77e+01 |  2:1.6e-03  9:2.9e-02
  444 ,   4441 : 7.8821080969157e+00 +(1e-02,5e-02) | 6.92e+01 |  2:1.7e-03  9:3.1e-02
  445 ,   4451 : 7.8690526967405e+00 +(2e-02,8e-02) | 6.94e+01 |  2:1.8e-03  9:3.3e-02
  446 ,   4461 : 7.8847196976722e+00 +(3e-02,6e-02) | 6.95e+01 |  2:2.0e-03  9:3.5e-02
  447 ,   4471 : 7.8826563290930e+00 +(2e-02,4e-02) | 7.15e+01 |  2:2.1e-03  9:3.8e-02
  448 ,   4481 : 7.8907680041059e+00 +(1e-02,7e-02) | 7.20e+01 |  2:2.0e-03  9:3.7e-02
  449 ,   4491 : 7.8816208918983e+00 +(1e-02,5e-02) | 7.35e+01 |  2:2.0e-03  9:3.8e-02
Iterat, #Fevals:   Function Value    (median,worst) |Axis Ratio|idx:Min SD idx:Max SD
  450 ,   4501 : 7.8795052633214e+00 +(3e-02,7e-02) | 7.41e+01 |  2:2.1e-03  9:4.1e-02
  451 ,   4511 : 7.8790177351530e+00 +(3e-02,6e-02) | 7.59e+01 |  2:2.1e-03  9:4.2e-02
  452 ,   4521 : 7.8811343427872e+00 +(7e-03,8e-02) | 7.57e+01 |  2:2.0e-03  9:4.0e-02
  453 ,   4531 : 7.8755674959462e+00 +(2e-02,8e-02) | 7.47e+01 |  2:1.9e-03  9:3.8e-02
  454 ,   4541 : 7.8739692967367e+00 +(1e-02,6e-02) | 7.29e+01 |  2:1.8e-03  9:3.5e-02
  455 ,   4551 : 7.8758513562903e+00 +(2e-02,7e-02) | 7.28e+01 |  2:1.5e-03  9:3.0e-02
  456 ,   4561 : 7.8607274279935e+00 +(2e-02,6e-02) | 7.25e+01 |  2:1.3e-03  9:2.6e-02
  457 ,   4571 : 7.8734144637437e+00 +(2e-02,6e-02) | 7.18e+01 |  2:1.2e-03  9:2.3e-02
  458 ,   4581 : 7.8761674313739e+00 +(3e-02,6e-02) | 7.18e+01 |  2:1.1e-03  9:2.1e-02
  459 ,   4591 : 7.8708578079642e+00 +(3e-02,6e-02) | 7.08e+01 |  2:1.0e-03  9:1.9e-02
Iterat, #Fevals:   Function Value    (median,worst) |Axis Ratio|idx:Min SD idx:Max SD
  460 ,   4601 : 7.8861336553537e+00 +(1e-02,6e-02) | 7.20e+01 |  2:9.2e-04  9:1.8e-02
  461 ,   4611 : 7.8636446388590e+00 +(3e-02,6e-02) | 7.21e+01 |  2:8.8e-04  9:1.7e-02
  462 ,   4621 : 7.8819380782518e+00 +(2e-02,7e-02) | 7.17e+01 |  2:8.7e-04  9:1.7e-02
  463 ,   4631 : 7.8727793328912e+00 +(2e-02,7e-02) | 7.24e+01 |  2:9.4e-04  9:1.9e-02
  464 ,   4641 : 7.8677004394137e+00 +(3e-02,1e-01) | 7.65e+01 |  2:1.0e-03  9:2.0e-02
  465 ,   4651 : 7.8826333346634e+00 +(2e-02,7e-02) | 7.94e+01 |  2:1.2e-03  9:2.3e-02
  466 ,   4661 : 7.8794256691922e+00 +(1e-02,4e-02) | 7.86e+01 |  2:1.2e-03  9:2.3e-02
  467 ,   4671 : 7.8677965320360e+00 +(2e-02,5e-02) | 7.87e+01 |  2:1.2e-03  9:2.3e-02
  468 ,   4681 : 7.8757621361475e+00 +(3e-02,8e-02) | 7.71e+01 |  2:1.2e-03  9:2.3e-02
  469 ,   4691 : 7.8703915430247e+00 +(3e-02,7e-02) | 7.60e+01 |  2:1.2e-03  9:2.3e-02
Iterat, #Fevals:   Function Value    (median,worst) |Axis Ratio|idx:Min SD idx:Max SD
  470 ,   4701 : 7.8768754586126e+00 +(3e-02,6e-02) | 7.48e+01 |  2:1.2e-03  9:2.2e-02
  471 ,   4711 : 7.8732822250762e+00 +(3e-02,5e-02) | 7.45e+01 |  2:1.1e-03  9:2.1e-02
  472 ,   4721 : 7.8927992704819e+00 +(1e-02,5e-02) | 7.55e+01 |  2:1.1e-03  9:2.1e-02
  473 ,   4731 : 7.8811713871928e+00 +(3e-02,6e-02) | 7.64e+01 |  2:9.8e-04  9:1.9e-02
  474 ,   4741 : 7.8849618465303e+00 +(2e-02,4e-02) | 7.86e+01 |  2:9.3e-04  9:1.8e-02
  475 ,   4751 : 7.8880934212474e+00 +(3e-02,4e-02) | 7.91e+01 |  2:8.8e-04  9:1.8e-02
  476 ,   4761 : 7.8828379251090e+00 +(2e-02,6e-02) | 7.96e+01 |  2:8.1e-04  9:1.6e-02
  477 ,   4771 : 7.8769922508909e+00 +(2e-02,7e-02) | 7.95e+01 |  2:7.8e-04  9:1.6e-02
  478 ,   4781 : 7.8712244775393e+00 +(2e-02,4e-02) | 7.88e+01 |  2:8.1e-04  9:1.6e-02
  479 ,   4791 : 7.8698477638853e+00 +(2e-02,5e-02) | 7.82e+01 |  2:8.0e-04  9:1.6e-02
Iterat, #Fevals:   Function Value    (median,worst) |Axis Ratio|idx:Min SD idx:Max SD
  480 ,   4801 : 7.8816347888714e+00 +(1e-02,6e-02) | 7.87e+01 |  2:7.4e-04  9:1.4e-02
  481 ,   4811 : 7.8928048559035e+00 +(9e-03,5e-02) | 7.93e+01 |  2:7.9e-04  9:1.6e-02
  482 ,   4821 : 7.8681691975380e+00 +(2e-02,8e-02) | 8.13e+01 |  2:8.2e-04  9:1.6e-02
  483 ,   4831 : 7.8751789604810e+00 +(2e-02,8e-02) | 8.11e+01 |  2:8.2e-04  9:1.6e-02
  484 ,   4841 : 7.8629615027914e+00 +(4e-02,8e-02) | 8.17e+01 |  2:7.7e-04  9:1.5e-02
  485 ,   4851 : 7.8736301418363e+00 +(2e-02,6e-02) | 8.09e+01 |  2:8.6e-04  9:1.7e-02
  486 ,   4861 : 7.8679140958659e+00 +(2e-02,4e-02) | 8.12e+01 |  2:8.4e-04  9:1.7e-02
  487 ,   4871 : 7.8771190201553e+00 +(1e-02,5e-02) | 8.34e+01 |  2:8.1e-04  9:1.6e-02
  488 ,   4881 : 7.8676240789971e+00 +(3e-02,8e-02) | 8.41e+01 |  2:8.1e-04  9:1.7e-02
  489 ,   4891 : 7.8767739906642e+00 +(1e-02,6e-02) | 8.31e+01 |  2:8.5e-04  9:1.7e-02
Iterat, #Fevals:   Function Value    (median,worst) |Axis Ratio|idx:Min SD idx:Max SD
  490 ,   4901 : 7.8797571302036e+00 +(2e-02,5e-02) | 8.44e+01 |  2:8.7e-04  9:1.7e-02
  491 ,   4911 : 7.8822607806280e+00 +(2e-02,6e-02) | 8.37e+01 |  2:9.0e-04  9:1.8e-02
  492 ,   4921 : 7.8732005711266e+00 +(1e-02,4e-02) | 8.78e+01 |  2:9.3e-04  9:1.9e-02
  493 ,   4931 : 7.8714026190838e+00 +(1e-02,4e-02) | 8.80e+01 |  2:8.8e-04  9:1.8e-02
  494 ,   4941 : 7.8783659943211e+00 +(2e-02,6e-02) | 8.86e+01 |  2:8.1e-04  9:1.7e-02
  495 ,   4951 : 7.8821605977593e+00 +(1e-02,4e-02) | 8.89e+01 |  2:7.6e-04  9:1.6e-02
  496 ,   4961 : 7.8809610261556e+00 +(2e-02,6e-02) | 8.89e+01 |  2:7.5e-04  9:1.6e-02
  497 ,   4971 : 7.8734982110954e+00 +(3e-02,7e-02) | 8.95e+01 |  2:7.0e-04  9:1.5e-02
  498 ,   4981 : 7.8772338359332e+00 +(3e-02,9e-02) | 9.07e+01 |  2:7.0e-04  9:1.5e-02
  499 ,   4991 : 7.8650905701706e+00 +(4e-02,8e-02) | 9.18e+01 |  2:6.7e-04  9:1.5e-02
Iterat, #Fevals:   Function Value    (median,worst) |Axis Ratio|idx:Min SD idx:Max SD
  500 ,   5001 : 7.8777063927224e+00 +(4e-02,8e-02) | 9.35e+01 |  2:7.1e-04  9:1.6e-02
  501 ,   5011 : 7.9017473095272e+00 +(2e-02,5e-02) | 9.47e+01 |  2:7.4e-04  9:1.7e-02
  502 ,   5021 : 7.8791571331315e+00 +(4e-02,8e-02) | 9.05e+01 |  2:8.4e-04  9:1.9e-02
  503 ,   5031 : 7.8697439239181e+00 +(3e-02,6e-02) | 8.96e+01 |  2:9.7e-04  9:2.2e-02
  504 ,   5041 : 7.8678363771409e+00 +(2e-02,4e-02) | 8.85e+01 |  2:1.0e-03  9:2.3e-02
  505 ,   5051 : 7.8702079664177e+00 +(4e-02,8e-02) | 8.77e+01 |  2:1.0e-03  9:2.3e-02
  506 ,   5061 : 7.8820996611279e+00 +(1e-02,7e-02) | 8.74e+01 |  2:1.0e-03  9:2.1e-02
  507 ,   5071 : 7.8763401875941e+00 +(2e-02,3e-02) | 8.71e+01 |  2:9.9e-04  9:2.1e-02
  508 ,   5081 : 7.8758071875205e+00 +(1e-02,6e-02) | 8.70e+01 |  2:9.4e-04  9:2.0e-02
  509 ,   5091 : 7.8718990225906e+00 +(2e-02,5e-02) | 8.78e+01 |  2:9.6e-04  9:2.0e-02
Iterat, #Fevals:   Function Value    (median,worst) |Axis Ratio|idx:Min SD idx:Max SD
  510 ,   5101 : 7.8671006401115e+00 +(2e-02,7e-02) | 8.62e+01 |  2:1.0e-03  9:2.1e-02
  511 ,   5111 : 7.8667536504818e+00 +(2e-02,4e-02) | 8.62e+01 |  2:1.1e-03  9:2.2e-02
  512 ,   5121 : 7.8769028833408e+00 +(4e-02,6e-02) | 8.66e+01 |  2:1.0e-03  9:2.2e-02
  513 ,   5131 : 7.8760067281292e+00 +(4e-02,5e-02) | 8.82e+01 |  2:9.7e-04  9:2.1e-02
  514 ,   5141 : 7.8755519514520e+00 +(1e-02,4e-02) | 8.83e+01 |  2:9.4e-04  9:2.0e-02
  515 ,   5151 : 7.8798402495193e+00 +(2e-02,6e-02) | 8.79e+01 |  2:8.3e-04  9:1.8e-02
  516 ,   5161 : 7.8687497880420e+00 +(2e-02,7e-02) | 8.95e+01 |  2:8.1e-04  9:1.8e-02
  517 ,   5171 : 7.8784197883480e+00 +(3e-02,6e-02) | 8.83e+01 |  2:8.3e-04  9:1.8e-02
  518 ,   5181 : 7.8790397206260e+00 +(3e-02,5e-02) | 8.91e+01 |  2:7.5e-04  9:1.7e-02
  519 ,   5191 : 7.8721561305429e+00 +(1e-02,1e-01) | 8.93e+01 |  2:6.6e-04  9:1.5e-02
Iterat, #Fevals:   Function Value    (median,worst) |Axis Ratio|idx:Min SD idx:Max SD
  520 ,   5201 : 7.8839730826409e+00 +(1e-02,6e-02) | 8.93e+01 |  2:5.9e-04  9:1.3e-02
  521 ,   5211 : 7.8767740858352e+00 +(2e-02,4e-02) | 8.87e+01 |  2:5.6e-04  9:1.2e-02
  522 ,   5221 : 7.8739423013891e+00 +(6e-03,4e-02) | 8.96e+01 |  2:5.0e-04  9:1.1e-02
  523 ,   5231 : 7.8720480658807e+00 +(2e-02,5e-02) | 9.08e+01 |  2:4.4e-04  9:9.9e-03
  524 ,   5241 : 7.8763656867018e+00 +(1e-02,5e-02) | 9.17e+01 |  2:4.3e-04  9:9.8e-03
  525 ,   5251 : 7.8757569280072e+00 +(3e-02,5e-02) | 9.32e+01 |  2:4.5e-04  9:1.0e-02
  526 ,   5261 : 7.8732373849100e+00 +(9e-03,7e-02) | 9.28e+01 |  2:4.6e-04  9:1.1e-02
  527 ,   5271 : 7.8682296675387e+00 +(3e-02,6e-02) | 9.37e+01 |  2:4.6e-04  9:1.1e-02
  528 ,   5281 : 7.8728247458929e+00 +(3e-02,9e-02) | 9.30e+01 |  2:4.8e-04  9:1.1e-02
  529 ,   5291 : 7.8766176092863e+00 +(3e-02,6e-02) | 9.16e+01 |  2:5.0e-04  9:1.1e-02
Iterat, #Fevals:   Function Value    (median,worst) |Axis Ratio|idx:Min SD idx:Max SD
  530 ,   5301 : 7.8694644219219e+00 +(2e-02,6e-02) | 9.03e+01 |  2:5.2e-04  9:1.2e-02
  531 ,   5311 : 7.8764666628084e+00 +(3e-02,6e-02) | 8.94e+01 |  2:4.8e-04  9:1.1e-02
  532 ,   5321 : 7.8721944997819e+00 +(1e-02,4e-02) | 9.02e+01 |  2:4.4e-04  9:1.0e-02
  533 ,   5331 : 7.8762527130111e+00 +(1e-02,5e-02) | 9.12e+01 |  2:4.2e-04  9:9.7e-03
  534 ,   5341 : 7.8710575954706e+00 +(2e-02,5e-02) | 9.38e+01 |  2:4.1e-04  9:9.5e-03
  535 ,   5351 : 7.8755384716582e+00 +(2e-02,5e-02) | 9.80e+01 |  2:4.1e-04  9:9.7e-03
  536 ,   5361 : 7.8685905460047e+00 +(1e-02,4e-02) | 1.00e+02 |  2:3.8e-04  9:9.3e-03
  537 ,   5371 : 7.8632240093533e+00 +(2e-02,7e-02) | 1.01e+02 |  2:3.6e-04  9:8.8e-03
  538 ,   5381 : 7.8713747039414e+00 +(1e-02,5e-02) | 1.02e+02 |  2:3.4e-04  9:8.5e-03
  539 ,   5391 : 7.8751565381786e+00 +(2e-02,7e-02) | 1.03e+02 |  2:3.3e-04  9:8.3e-03
Iterat, #Fevals:   Function Value    (median,worst) |Axis Ratio|idx:Min SD idx:Max SD
  540 ,   5401 : 7.8706098332881e+00 +(2e-02,5e-02) | 1.04e+02 |  2:3.1e-04  9:7.8e-03
  541 ,   5411 : 7.8649618995235e+00 +(3e-02,7e-02) | 1.03e+02 |  2:3.2e-04  9:7.9e-03
  542 ,   5421 : 7.8715303015873e+00 +(2e-02,7e-02) | 1.02e+02 |  2:3.2e-04  9:8.0e-03
  543 ,   5431 : 7.8847200940046e+00 +(2e-02,6e-02) | 1.03e+02 |  2:3.4e-04  9:8.6e-03
  544 ,   5441 : 7.8755092698383e+00 +(2e-02,7e-02) | 1.03e+02 |  2:3.3e-04  9:8.4e-03
  545 ,   5451 : 7.8754363122555e+00 +(2e-02,7e-02) | 1.00e+02 |  2:3.1e-04  9:7.8e-03
  546 ,   5461 : 7.8692705166843e+00 +(2e-02,4e-02) | 1.01e+02 |  2:3.2e-04  9:7.8e-03
  547 ,   5471 : 7.8737095213563e+00 +(2e-02,6e-02) | 1.02e+02 |  2:3.2e-04  9:7.8e-03
  548 ,   5481 : 7.8759981873575e+00 +(3e-02,5e-02) | 1.03e+02 |  2:3.5e-04  9:8.5e-03
  549 ,   5491 : 7.8773070363559e+00 +(3e-02,4e-02) | 1.06e+02 |  2:3.5e-04  9:8.8e-03
Iterat, #Fevals:   Function Value    (median,worst) |Axis Ratio|idx:Min SD idx:Max SD
  550 ,   5501 : 7.8755304348743e+00 +(4e-02,7e-02) | 1.01e+02 |  2:3.6e-04  9:9.1e-03
  551 ,   5511 : 7.8714569901103e+00 +(2e-02,5e-02) | 1.02e+02 |  2:3.6e-04  9:9.1e-03
  552 ,   5521 : 7.8806902115730e+00 +(2e-02,5e-02) | 1.03e+02 |  2:3.7e-04  9:9.4e-03
  553 ,   5531 : 7.8747371901513e+00 +(2e-02,6e-02) | 1.04e+02 |  2:3.6e-04  9:9.1e-03
  554 ,   5541 : 7.8781725063540e+00 +(9e-03,5e-02) | 1.04e+02 |  2:3.9e-04  9:9.8e-03
  555 ,   5551 : 7.8801472379072e+00 +(3e-02,6e-02) | 1.02e+02 |  2:4.3e-04  9:1.1e-02
  556 ,   5561 : 7.8668668742140e+00 +(3e-02,8e-02) | 1.00e+02 |  2:4.2e-04  9:1.1e-02
  557 ,   5571 : 7.8723159710115e+00 +(2e-02,7e-02) | 1.01e+02 |  2:4.2e-04  9:1.1e-02
  558 ,   5581 : 7.8797960291563e+00 +(2e-02,6e-02) | 1.03e+02 |  2:3.9e-04  9:1.0e-02
  559 ,   5591 : 7.8455104484905e+00 +(6e-02,7e-02) | 1.08e+02 |  2:3.9e-04  9:1.0e-02
Iterat, #Fevals:   Function Value    (median,worst) |Axis Ratio|idx:Min SD idx:Max SD
  560 ,   5601 : 7.8761000565805e+00 +(2e-02,4e-02) | 1.12e+02 |  2:4.0e-04  9:1.1e-02
  561 ,   5611 : 7.8645594092092e+00 +(4e-02,6e-02) | 1.12e+02 |  2:4.2e-04  9:1.1e-02
  562 ,   5621 : 7.8873601727310e+00 +(5e-03,6e-02) | 1.16e+02 |  2:4.6e-04  9:1.2e-02
  563 ,   5631 : 7.8676640098141e+00 +(1e-02,6e-02) | 1.18e+02 |  2:4.2e-04  9:1.1e-02
  564 ,   5641 : 7.8721732955725e+00 +(2e-02,7e-02) | 1.18e+02 |  2:3.8e-04  9:1.0e-02
  565 ,   5651 : 7.8601400510338e+00 +(3e-02,7e-02) | 1.15e+02 |  2:3.5e-04  9:9.2e-03
  566 ,   5661 : 7.8814572473572e+00 +(2e-02,6e-02) | 1.16e+02 |  2:3.4e-04  9:8.9e-03
  567 ,   5671 : 7.8799293382094e+00 +(1e-02,5e-02) | 1.14e+02 |  2:3.4e-04  9:8.5e-03
  568 ,   5681 : 7.8660923583174e+00 +(3e-02,7e-02) | 1.14e+02 |  2:3.5e-04  9:8.8e-03
  569 ,   5691 : 7.8746315493000e+00 +(3e-02,8e-02) | 1.15e+02 |  2:3.6e-04  9:8.9e-03
Iterat, #Fevals:   Function Value    (median,worst) |Axis Ratio|idx:Min SD idx:Max SD
  570 ,   5701 : 7.8770302412937e+00 +(2e-02,5e-02) | 1.16e+02 |  2:3.6e-04  9:8.7e-03
  571 ,   5711 : 7.8719670419169e+00 +(2e-02,7e-02) | 1.16e+02 |  2:3.5e-04  9:8.3e-03
  572 ,   5721 : 7.8739652059054e+00 +(2e-02,8e-02) | 1.15e+02 |  2:3.3e-04  9:7.9e-03
  573 ,   5731 : 7.8716932675479e+00 +(2e-02,8e-02) | 1.16e+02 |  2:3.2e-04  9:7.6e-03
  574 ,   5741 : 7.8769249382007e+00 +(2e-02,5e-02) | 1.13e+02 |  2:3.1e-04  9:7.5e-03
  575 ,   5751 : 7.8808217515207e+00 +(2e-02,7e-02) | 1.15e+02 |  2:3.1e-04  9:7.5e-03
  576 ,   5761 : 7.8696921402168e+00 +(2e-02,8e-02) | 1.17e+02 |  2:3.1e-04  9:7.4e-03
  577 ,   5771 : 7.8732146823292e+00 +(3e-02,5e-02) | 1.19e+02 |  2:3.1e-04  9:7.6e-03
  578 ,   5781 : 7.8684410911564e+00 +(4e-02,6e-02) | 1.19e+02 |  2:3.0e-04  9:7.5e-03
  579 ,   5791 : 7.8685204979848e+00 +(2e-02,7e-02) | 1.18e+02 |  2:3.2e-04  9:8.0e-03
Iterat, #Fevals:   Function Value    (median,worst) |Axis Ratio|idx:Min SD idx:Max SD
  580 ,   5801 : 7.8615882218640e+00 +(2e-02,6e-02) | 1.23e+02 |  2:3.4e-04  9:8.6e-03
  581 ,   5811 : 7.8720351836328e+00 +(2e-02,7e-02) | 1.22e+02 |  2:3.4e-04  9:8.5e-03
  582 ,   5821 : 7.8826930370283e+00 +(1e-02,6e-02) | 1.22e+02 |  2:3.5e-04  9:9.0e-03
  583 ,   5831 : 7.8821892922699e+00 +(1e-02,5e-02) | 1.20e+02 |  2:3.8e-04  9:9.8e-03
  584 ,   5841 : 7.8788335317425e+00 +(2e-02,3e-02) | 1.21e+02 |  2:3.9e-04  9:9.9e-03
  585 ,   5851 : 7.8773324227223e+00 +(2e-02,5e-02) | 1.19e+02 |  2:4.0e-04  9:1.0e-02
  586 ,   5861 : 7.8837951212532e+00 +(2e-02,4e-02) | 1.19e+02 |  2:4.0e-04  9:9.9e-03
  587 ,   5871 : 7.8685390270857e+00 +(3e-02,5e-02) | 1.17e+02 |  2:3.9e-04  9:9.7e-03
  588 ,   5881 : 7.8747940816434e+00 +(2e-02,7e-02) | 1.18e+02 |  2:3.8e-04  9:9.7e-03
  589 ,   5891 : 7.8908671959635e+00 +(1e-02,4e-02) | 1.18e+02 |  2:3.8e-04  9:9.7e-03
Iterat, #Fevals:   Function Value    (median,worst) |Axis Ratio|idx:Min SD idx:Max SD
  590 ,   5901 : 7.8648231791486e+00 +(2e-02,6e-02) | 1.14e+02 |  2:4.0e-04  9:9.9e-03
  591 ,   5911 : 7.8725900215278e+00 +(2e-02,7e-02) | 1.12e+02 |  2:4.4e-04  9:1.1e-02
  592 ,   5921 : 7.8785873065091e+00 +(2e-02,6e-02) | 1.11e+02 |  2:4.5e-04  9:1.1e-02
  593 ,   5931 : 7.8814043859804e+00 +(1e-02,7e-02) | 1.11e+02 |  2:4.7e-04  9:1.2e-02
  594 ,   5941 : 7.8709098387951e+00 +(2e-02,6e-02) | 1.16e+02 |  2:5.4e-04  9:1.4e-02
  595 ,   5951 : 7.8669136434671e+00 +(3e-02,6e-02) | 1.20e+02 |  2:5.8e-04  9:1.5e-02
  596 ,   5961 : 7.8665777634163e+00 +(2e-02,4e-02) | 1.21e+02 |  2:5.4e-04  9:1.4e-02
  597 ,   5971 : 7.8700946480098e+00 +(3e-02,7e-02) | 1.21e+02 |  2:5.7e-04  9:1.5e-02
  598 ,   5981 : 7.8723810609442e+00 +(2e-02,7e-02) | 1.22e+02 |  2:5.9e-04  9:1.5e-02
  599 ,   5991 : 7.8717226996155e+00 +(2e-02,8e-02) | 1.22e+02 |  2:6.2e-04  9:1.6e-02
Iterat, #Fevals:   Function Value    (median,worst) |Axis Ratio|idx:Min SD idx:Max SD
  600 ,   6001 : 7.8777962554328e+00 +(2e-02,3e-02) | 1.22e+02 |  2:5.9e-04  9:1.5e-02
  601 ,   6011 : 7.8757927992511e+00 +(1e-02,6e-02) | 1.22e+02 |  2:5.7e-04  9:1.5e-02
  602 ,   6021 : 7.8746345048847e+00 +(2e-02,6e-02) | 1.20e+02 |  2:5.4e-04  9:1.4e-02
  603 ,   6031 : 7.8716421293114e+00 +(3e-02,7e-02) | 1.24e+02 |  2:5.4e-04  9:1.4e-02
  604 ,   6041 : 7.8705738423555e+00 +(4e-02,7e-02) | 1.26e+02 |  2:5.3e-04  9:1.4e-02
  605 ,   6051 : 7.8753593366258e+00 +(2e-02,6e-02) | 1.26e+02 |  2:5.2e-04  9:1.4e-02
  606 ,   6061 : 7.8757145192232e+00 +(2e-02,6e-02) | 1.27e+02 |  2:4.9e-04  9:1.3e-02
  607 ,   6071 : 7.8783682175782e+00 +(3e-02,6e-02) | 1.25e+02 |  2:4.9e-04  9:1.3e-02
  608 ,   6081 : 7.8738451957724e+00 +(1e-02,8e-02) | 1.24e+02 |  2:4.7e-04  9:1.3e-02
  609 ,   6091 : 7.8790962214300e+00 +(1e-02,5e-02) | 1.24e+02 |  2:4.7e-04  9:1.3e-02
Iterat, #Fevals:   Function Value    (median,worst) |Axis Ratio|idx:Min SD idx:Max SD
  610 ,   6101 : 7.8695156415010e+00 +(3e-02,7e-02) | 1.24e+02 |  2:4.8e-04  9:1.3e-02
  611 ,   6111 : 7.8704767289546e+00 +(2e-02,7e-02) | 1.25e+02 |  2:4.8e-04  9:1.3e-02
  612 ,   6121 : 7.8718794366405e+00 +(2e-02,6e-02) | 1.27e+02 |  2:4.8e-04  9:1.3e-02
  613 ,   6131 : 7.8755973576307e+00 +(2e-02,4e-02) | 1.28e+02 |  2:4.8e-04  9:1.3e-02
  614 ,   6141 : 7.8804677711376e+00 +(3e-02,8e-02) | 1.28e+02 |  2:4.7e-04  9:1.3e-02
  615 ,   6151 : 7.8733007595867e+00 +(2e-02,6e-02) | 1.30e+02 |  2:4.7e-04  9:1.3e-02
  616 ,   6161 : 7.8736692840437e+00 +(2e-02,7e-02) | 1.30e+02 |  2:4.5e-04  9:1.2e-02
  617 ,   6171 : 7.8678922983719e+00 +(3e-02,6e-02) | 1.30e+02 |  2:4.3e-04  9:1.2e-02
  618 ,   6181 : 7.8756601784012e+00 +(2e-02,5e-02) | 1.26e+02 |  2:3.9e-04  9:1.1e-02
  619 ,   6191 : 7.8792692237584e+00 +(2e-02,6e-02) | 1.26e+02 |  2:3.8e-04  9:1.0e-02
Iterat, #Fevals:   Function Value    (median,worst) |Axis Ratio|idx:Min SD idx:Max SD
  620 ,   6201 : 7.8682636076827e+00 +(2e-02,4e-02) | 1.25e+02 |  2:4.0e-04  9:1.1e-02
  621 ,   6211 : 7.8753329913959e+00 +(2e-02,6e-02) | 1.25e+02 |  2:3.6e-04  9:9.9e-03
  622 ,   6221 : 7.8606743791020e+00 +(3e-02,7e-02) | 1.24e+02 |  2:3.5e-04  9:9.7e-03
  623 ,   6231 : 7.8686811248192e+00 +(2e-02,5e-02) | 1.26e+02 |  2:3.3e-04  9:9.1e-03
  624 ,   6241 : 7.8712375982577e+00 +(3e-02,4e-02) | 1.27e+02 |  2:3.4e-04  9:9.4e-03
  625 ,   6251 : 7.8629444798799e+00 +(4e-02,8e-02) | 1.30e+02 |  2:3.4e-04  9:9.7e-03
  626 ,   6261 : 7.8743900038717e+00 +(2e-02,4e-02) | 1.31e+02 |  2:3.6e-04  9:9.8e-03
  627 ,   6271 : 7.8763469030343e+00 +(1e-02,3e-02) | 1.32e+02 |  2:3.7e-04  9:9.8e-03
  628 ,   6281 : 7.8686104021003e+00 +(3e-02,4e-02) | 1.41e+02 |  2:4.2e-04  9:1.1e-02
  629 ,   6291 : 7.8728537872140e+00 +(2e-02,5e-02) | 1.42e+02 |  2:4.4e-04  9:1.1e-02
Iterat, #Fevals:   Function Value    (median,worst) |Axis Ratio|idx:Min SD idx:Max SD
  630 ,   6301 : 7.8777138988564e+00 +(2e-02,8e-02) | 1.40e+02 |  2:4.9e-04  9:1.2e-02
  631 ,   6311 : 7.8757619663285e+00 +(3e-02,4e-02) | 1.40e+02 |  2:4.7e-04  9:1.2e-02
  632 ,   6321 : 7.8677219293457e+00 +(2e-02,4e-02) | 1.42e+02 |  2:4.5e-04  9:1.1e-02
  633 ,   6331 : 7.8775849822596e+00 +(2e-02,6e-02) | 1.42e+02 |  2:4.3e-04  9:1.1e-02
  634 ,   6341 : 7.8730971063947e+00 +(2e-02,4e-02) | 1.43e+02 |  2:4.0e-04  9:9.9e-03
  635 ,   6351 : 7.8748073160379e+00 +(2e-02,3e-02) | 1.42e+02 |  2:3.9e-04  9:9.7e-03
  636 ,   6361 : 7.8807049851573e+00 +(2e-02,6e-02) | 1.41e+02 |  2:3.9e-04  9:9.9e-03
  637 ,   6371 : 7.8690809751740e+00 +(2e-02,5e-02) | 1.33e+02 |  2:4.3e-04  9:1.1e-02
  638 ,   6381 : 7.8729958752177e+00 +(1e-02,4e-02) | 1.31e+02 |  2:4.3e-04  9:1.1e-02
  639 ,   6391 : 7.8718230248587e+00 +(2e-02,5e-02) | 1.30e+02 |  2:4.3e-04  9:1.1e-02
Iterat, #Fevals:   Function Value    (median,worst) |Axis Ratio|idx:Min SD idx:Max SD
  640 ,   6401 : 7.8612194054199e+00 +(3e-02,7e-02) | 1.29e+02 |  2:4.6e-04  9:1.1e-02
  641 ,   6411 : 7.8789619653266e+00 +(2e-02,3e-02) | 1.31e+02 |  2:4.7e-04  9:1.2e-02
  642 ,   6421 : 7.8827140602109e+00 +(1e-02,4e-02) | 1.30e+02 |  2:4.4e-04  9:1.1e-02
  643 ,   6431 : 7.8756124798915e+00 +(3e-02,5e-02) | 1.29e+02 |  2:4.4e-04  9:1.1e-02
  644 ,   6441 : 7.8845583320052e+00 +(3e-02,5e-02) | 1.28e+02 |  2:4.2e-04  9:1.0e-02
  645 ,   6451 : 7.8773611198362e+00 +(2e-02,4e-02) | 1.33e+02 |  2:4.4e-04  9:1.0e-02
  646 ,   6461 : 7.8727597699504e+00 +(1e-02,6e-02) | 1.35e+02 |  2:5.2e-04  9:1.2e-02
  647 ,   6471 : 7.8761652832429e+00 +(2e-02,7e-02) | 1.34e+02 |  2:6.3e-04  9:1.5e-02
  648 ,   6481 : 7.8849711247620e+00 +(2e-02,5e-02) | 1.34e+02 |  2:7.4e-04  9:1.8e-02
  649 ,   6491 : 7.8803966877445e+00 +(3e-02,5e-02) | 1.30e+02 |  2:8.0e-04  9:1.9e-02
Iterat, #Fevals:   Function Value    (median,worst) |Axis Ratio|idx:Min SD idx:Max SD
  650 ,   6501 : 7.8784333446921e+00 +(1e-02,5e-02) | 1.31e+02 |  2:8.4e-04  9:2.1e-02
  651 ,   6511 : 7.8829524595793e+00 +(1e-02,5e-02) | 1.30e+02 |  2:8.2e-04  9:2.0e-02
  652 ,   6521 : 7.8812437507857e+00 +(2e-02,3e-02) | 1.29e+02 |  2:8.1e-04  9:2.0e-02
  653 ,   6531 : 7.8755230859260e+00 +(3e-02,8e-02) | 1.32e+02 |  2:8.0e-04  9:2.1e-02
  654 ,   6541 : 7.8758570400938e+00 +(2e-02,6e-02) | 1.34e+02 |  2:8.6e-04  9:2.3e-02
  655 ,   6551 : 7.8922911094851e+00 +(2e-02,7e-02) | 1.46e+02 |  2:9.2e-04  9:2.5e-02
  656 ,   6561 : 7.8737996359690e+00 +(2e-02,6e-02) | 1.49e+02 |  2:8.8e-04  9:2.4e-02
  657 ,   6571 : 7.8718490482323e+00 +(3e-02,7e-02) | 1.53e+02 |  2:9.2e-04  9:2.6e-02
  658 ,   6581 : 7.8848219598250e+00 +(5e-03,4e-02) | 1.55e+02 |  2:8.9e-04  9:2.4e-02
  659 ,   6591 : 7.8750462796644e+00 +(4e-02,8e-02) | 1.53e+02 |  2:8.6e-04  9:2.4e-02
Iterat, #Fevals:   Function Value    (median,worst) |Axis Ratio|idx:Min SD idx:Max SD
  660 ,   6601 : 7.8791129530614e+00 +(3e-02,6e-02) | 1.53e+02 |  2:8.0e-04  9:2.2e-02
  661 ,   6611 : 7.8798568542043e+00 +(2e-02,6e-02) | 1.55e+02 |  2:7.9e-04  9:2.2e-02
  662 ,   6621 : 7.8764485930967e+00 +(1e-02,5e-02) | 1.54e+02 |  2:7.5e-04  9:2.1e-02
  663 ,   6631 : 7.8702314013276e+00 +(3e-02,8e-02) | 1.57e+02 |  2:7.5e-04  9:2.1e-02
  664 ,   6641 : 7.8755743793458e+00 +(3e-02,6e-02) | 1.59e+02 |  2:6.8e-04  9:1.9e-02
  665 ,   6651 : 7.8793096676286e+00 +(2e-02,6e-02) | 1.55e+02 |  2:6.8e-04  9:1.9e-02
  666 ,   6661 : 7.8686506912931e+00 +(2e-02,7e-02) | 1.54e+02 |  2:6.8e-04  9:1.9e-02
  667 ,   6671 : 7.8731230291333e+00 +(2e-02,4e-02) | 1.53e+02 |  2:6.5e-04  9:1.8e-02
  668 ,   6681 : 7.8744964791007e+00 +(3e-02,7e-02) | 1.50e+02 |  2:6.5e-04  9:1.8e-02
  669 ,   6691 : 7.8687246108109e+00 +(3e-02,7e-02) | 1.45e+02 |  2:6.7e-04  9:1.8e-02
Iterat, #Fevals:   Function Value    (median,worst) |Axis Ratio|idx:Min SD idx:Max SD
  670 ,   6701 : 7.8813835183849e+00 +(3e-02,5e-02) | 1.44e+02 |  2:6.4e-04  9:1.7e-02
  671 ,   6711 : 7.8819239913825e+00 +(1e-02,5e-02) | 1.42e+02 |  2:6.4e-04  9:1.7e-02
  672 ,   6721 : 7.8835883507840e+00 +(8e-03,3e-02) | 1.41e+02 |  2:6.5e-04  9:1.7e-02
  673 ,   6731 : 7.8781245726046e+00 +(5e-03,2e-02) | 1.39e+02 |  2:6.3e-04  9:1.7e-02
  674 ,   6741 : 7.8716133673768e+00 +(3e-02,6e-02) | 1.44e+02 |  2:6.1e-04  9:1.6e-02
  675 ,   6751 : 7.8614567032287e+00 +(4e-02,9e-02) | 1.44e+02 |  2:5.7e-04  9:1.5e-02
  676 ,   6761 : 7.8691524199792e+00 +(3e-02,9e-02) | 1.45e+02 |  2:5.7e-04  9:1.5e-02
  677 ,   6771 : 7.8728653347079e+00 +(2e-02,3e-02) | 1.47e+02 |  2:5.7e-04  9:1.5e-02
  678 ,   6781 : 7.8682381184777e+00 +(1e-02,3e-02) | 1.47e+02 |  2:5.6e-04  9:1.5e-02
  679 ,   6791 : 7.8738848069656e+00 +(2e-02,3e-02) | 1.41e+02 |  2:5.6e-04  9:1.5e-02
Iterat, #Fevals:   Function Value    (median,worst) |Axis Ratio|idx:Min SD idx:Max SD
  680 ,   6801 : 7.8726878527708e+00 +(2e-02,6e-02) | 1.38e+02 |  2:5.8e-04  9:1.5e-02
  681 ,   6811 : 7.8744255635595e+00 +(2e-02,3e-02) | 1.42e+02 |  2:5.4e-04  9:1.5e-02
  682 ,   6821 : 7.8791086627636e+00 +(2e-02,7e-02) | 1.44e+02 |  2:4.9e-04  9:1.4e-02
  683 ,   6831 : 7.8713954246436e+00 +(3e-02,6e-02) | 1.44e+02 |  2:4.5e-04  9:1.3e-02
  684 ,   6841 : 7.8784102619491e+00 +(8e-03,4e-02) | 1.43e+02 |  2:4.3e-04  9:1.2e-02
  685 ,   6851 : 7.8778928976501e+00 +(3e-02,6e-02) | 1.48e+02 |  2:4.7e-04  9:1.3e-02
  686 ,   6861 : 7.8851786189102e+00 +(2e-02,5e-02) | 1.50e+02 |  2:4.6e-04  9:1.2e-02
  687 ,   6871 : 7.8722452430012e+00 +(3e-02,7e-02) | 1.51e+02 |  2:4.3e-04  9:1.2e-02
  688 ,   6881 : 7.8707900892247e+00 +(2e-02,7e-02) | 1.52e+02 |  2:4.6e-04  9:1.2e-02
  689 ,   6891 : 7.8732027301109e+00 +(2e-02,7e-02) | 1.53e+02 |  2:4.6e-04  9:1.2e-02
Iterat, #Fevals:   Function Value    (median,worst) |Axis Ratio|idx:Min SD idx:Max SD
  690 ,   6901 : 7.8869944887340e+00 +(1e-02,4e-02) | 1.53e+02 |  2:4.5e-04  9:1.2e-02
  691 ,   6911 : 7.8744985255407e+00 +(2e-02,5e-02) | 1.52e+02 |  2:5.0e-04  9:1.3e-02
  692 ,   6921 : 7.8760362200741e+00 +(2e-02,4e-02) | 1.54e+02 |  2:5.3e-04  9:1.3e-02
  693 ,   6931 : 7.8694491412068e+00 +(3e-02,5e-02) | 1.53e+02 |  2:5.6e-04  9:1.4e-02
  694 ,   6941 : 7.8761364448614e+00 +(3e-02,6e-02) | 1.55e+02 |  2:6.1e-04  9:1.5e-02
  695 ,   6951 : 7.8673903651657e+00 +(3e-02,8e-02) | 1.51e+02 |  2:6.4e-04  9:1.6e-02
  696 ,   6961 : 7.8840471733559e+00 +(2e-02,7e-02) | 1.53e+02 |  2:6.5e-04  9:1.6e-02
  697 ,   6971 : 7.8786566255758e+00 +(1e-02,2e-02) | 1.60e+02 |  2:7.4e-04  9:1.9e-02
  698 ,   6981 : 7.8738448628240e+00 +(2e-02,7e-02) | 1.71e+02 |  2:8.4e-04  9:2.2e-02
  699 ,   6991 : 7.8698451163110e+00 +(2e-02,1e-01) | 1.72e+02 |  2:8.1e-04  9:2.2e-02
Iterat, #Fevals:   Function Value    (median,worst) |Axis Ratio|idx:Min SD idx:Max SD
  700 ,   7001 : 7.8796531238409e+00 +(3e-02,5e-02) | 1.72e+02 |  2:7.6e-04  9:2.0e-02
  701 ,   7011 : 7.8694429816667e+00 +(3e-02,9e-02) | 1.72e+02 |  2:7.5e-04  9:2.0e-02
  702 ,   7021 : 7.8771259511662e+00 +(2e-02,5e-02) | 1.73e+02 |  2:6.8e-04  9:1.8e-02
  703 ,   7031 : 7.8743463295420e+00 +(3e-02,7e-02) | 1.73e+02 |  2:5.8e-04  9:1.6e-02
  704 ,   7041 : 7.8739790551074e+00 +(3e-02,8e-02) | 1.73e+02 |  2:5.7e-04  9:1.6e-02
  705 ,   7051 : 7.8849251561885e+00 +(3e-02,7e-02) | 1.72e+02 |  2:5.6e-04  9:1.6e-02
  706 ,   7061 : 7.8813551422038e+00 +(1e-02,4e-02) | 1.72e+02 |  2:5.8e-04  9:1.6e-02
  707 ,   7071 : 7.8843531911478e+00 +(4e-02,7e-02) | 1.75e+02 |  2:6.0e-04  9:1.6e-02
  708 ,   7081 : 7.8829791438983e+00 +(3e-02,4e-02) | 1.77e+02 |  2:5.8e-04  9:1.6e-02
  709 ,   7091 : 7.8820128781798e+00 +(2e-02,6e-02) | 1.76e+02 |  2:5.5e-04  9:1.5e-02
Iterat, #Fevals:   Function Value    (median,worst) |Axis Ratio|idx:Min SD idx:Max SD
  710 ,   7101 : 7.8942585693913e+00 +(3e-02,4e-02) | 1.76e+02 |  2:5.2e-04  9:1.4e-02
  711 ,   7111 : 7.8803495752829e+00 +(2e-02,6e-02) | 1.76e+02 |  2:5.2e-04  9:1.4e-02
#Fevals:   f(returned x)   |    bestever.f     | stopflag (saved to variablescmaes.mat)
   7112: 7.88034957528e+00 | 7.83842530200e+00 | stagnation
mean solution: +1.7e+01 +1.7e+00 +8.3e-01 +1.8e+00 +1.1e+01 +6.0e+00 +1.4e+01 +1.1e+00 +5.9e+00 +1.2e+00
std deviation:  7.0e-03  5.2e-04  1.3e-03  7.8e-03  5.8e-03  4.6e-03  5.2e-03  4.1e-03  1.4e-02  4.6e-03
use plotcmaesdat.m for plotting the output at any time (option LogModulo must not be zero)
