
                            < M A T L A B (R) >
                  Copyright 1984-2015 The MathWorks, Inc.
                   R2015a (8.5.0.197613) 64-bit (glnxa64)
                             February 12, 2015

 
For online documentation, see http://www.mathworks.com/support
For product information, visit www.mathworks.com.
 

	Academic License


seed =

                 25.201923


Initialtheta =

          1652.98948415434
                  10000000
                 100000000
                         1
          372.615565068358
                      1000
        0.0288440063396784
                        10
          776.981130824647

  n=9: (20,40)-CMA-ES(w=[17 13 11... 0.42 0.14]%, ]%, mu_eff=11.3) on function Error
Iterat, #Fevals:   Function Value    (median,worst) |Axis Ratio|idx:Min SD idx:Max SD
    1 ,     41 : 5.9333727051850e+01 +(6e+04,3e+15) | 1.10e+04 |  9:2.9e-01  4:3.1e+03
    2 ,     81 : 8.0957196045473e+01 +(2e+02,2e+17) | 1.10e+04 |  9:2.6e-01  4:2.7e+03
    3 ,    121 : 1.6195581325698e+02 +(3e+04,1e+16) | 1.11e+04 |  9:3.3e-01  4:3.5e+03
    4 ,    161 : 5.1199806109425e+01 +(2e+06,2e+16) | 1.13e+04 |  9:3.7e-01  4:4.0e+03
    5 ,    201 : 2.8671732888351e+02 +(2e+00,6e+14) | 1.12e+04 |  9:4.0e-01  4:4.1e+03
    6 ,    241 : 7.3824989717359e+01 +(2e+02,4e+14) | 1.09e+04 |  9:3.8e-01  4:3.8e+03
    7 ,    281 : 2.8407598565956e+02 +(5e+00,1e+15) | 1.04e+04 |  9:3.0e-01  4:3.0e+03
    8 ,    321 : 1.3869334939135e+02 +(2e+02,3e+13) | 1.07e+04 |  9:2.5e-01  4:2.4e+03
    9 ,    361 : 1.7372898597779e+02 +(1e+04,1e+15) | 1.06e+04 |  9:2.3e-01  4:2.2e+03
Iterat, #Fevals:   Function Value    (median,worst) |Axis Ratio|idx:Min SD idx:Max SD
   10 ,    401 : 1.2370454452480e+02 +(3e+03,3e+09) | 1.06e+04 |  9:2.1e-01  4:2.0e+03
   11 ,    441 : 7.9183451352076e+01 +(8e+03,3e+06) | 1.04e+04 |  9:2.1e-01  4:1.9e+03
   12 ,    481 : 5.7424707152915e+01 +(2e+02,1e+06) | 1.01e+04 |  9:1.9e-01  4:1.7e+03
   13 ,    521 : 7.1894124782430e+01 +(2e+02,3e+06) | 1.00e+04 |  9:1.8e-01  4:1.6e+03
   14 ,    561 : 6.3498650446532e+01 +(2e+02,2e+06) | 9.94e+03 |  9:1.7e-01  4:1.4e+03
   15 ,    601 : 6.0456614287046e+01 +(2e+02,9e+05) | 9.68e+03 |  9:1.4e-01  4:1.2e+03
   16 ,    641 : 5.1416599292683e+01 +(2e+02,2e+05) | 9.78e+03 |  9:1.2e-01  4:1.1e+03
   17 ,    681 : 5.4263938664882e+01 +(2e+02,4e+04) | 9.15e+03 |  9:1.3e-01  4:1.0e+03
   18 ,    721 : 5.5316003362203e+01 +(2e+02,3e+04) | 8.54e+03 |  9:1.3e-01  4:1.1e+03
   19 ,    761 : 5.0010616932685e+01 +(2e+02,7e+04) | 8.83e+03 |  9:1.4e-01  4:1.1e+03
Iterat, #Fevals:   Function Value    (median,worst) |Axis Ratio|idx:Min SD idx:Max SD
   20 ,    801 : 5.7721056009891e+01 +(3e+02,5e+05) | 8.76e+03 |  9:1.3e-01  4:1.0e+03
   21 ,    841 : 5.0587628722367e+01 +(2e+02,5e+04) | 8.65e+03 |  9:1.2e-01  4:1.0e+03
   22 ,    881 : 4.9587676440032e+01 +(2e+02,2e+05) | 8.55e+03 |  9:1.1e-01  4:8.9e+02
   23 ,    921 : 4.8966763152136e+01 +(2e+02,3e+04) | 8.11e+03 |  9:1.1e-01  4:8.2e+02
   24 ,    961 : 4.7724467428381e+01 +(2e+02,4e+04) | 8.44e+03 |  9:9.4e-02  4:7.0e+02
   25 ,   1001 : 4.8260638019755e+01 +(2e+02,1e+04) | 8.75e+03 |  9:9.4e-02  4:7.1e+02
   26 ,   1041 : 4.7532735870282e+01 +(2e+02,1e+04) | 8.51e+03 |  9:7.4e-02  4:5.6e+02
   27 ,   1081 : 4.7073620124568e+01 +(2e+02,1e+04) | 8.13e+03 |  9:8.1e-02  4:5.7e+02
   28 ,   1121 : 4.8516054631370e+01 +(1e+02,2e+03) | 8.42e+03 |  9:7.5e-02  4:5.4e+02
   29 ,   1161 : 4.8246867119404e+01 +(1e+02,2e+03) | 8.52e+03 |  9:6.8e-02  4:5.0e+02
Iterat, #Fevals:   Function Value    (median,worst) |Axis Ratio|idx:Min SD idx:Max SD
   30 ,   1201 : 4.9518064302878e+01 +(1e+02,1e+03) | 8.27e+03 |  9:6.5e-02  4:4.6e+02
   31 ,   1241 : 4.6079961198017e+01 +(6e+01,1e+03) | 8.13e+03 |  9:7.2e-02  4:4.8e+02
   32 ,   1281 : 4.7572548268521e+01 +(8e+01,6e+02) | 8.17e+03 |  9:6.6e-02  4:4.6e+02
   33 ,   1321 : 4.6411175820422e+01 +(4e+01,1e+03) | 8.31e+03 |  9:7.2e-02  4:4.8e+02
   34 ,   1361 : 4.4669346534726e+01 +(8e+01,4e+02) | 8.43e+03 |  3:6.9e-02  4:4.2e+02
   35 ,   1401 : 4.4958007888106e+01 +(6e+01,7e+02) | 9.01e+03 |  3:7.4e-02  4:4.3e+02
   36 ,   1441 : 4.7302911929509e+01 +(5e+01,3e+03) | 9.15e+03 |  3:6.5e-02  4:3.7e+02
   37 ,   1481 : 4.6444559113467e+01 +(3e+01,1e+03) | 9.49e+03 |  9:5.3e-02  4:3.1e+02
   38 ,   1521 : 4.5686308300565e+01 +(4e+01,2e+02) | 9.90e+03 |  3:4.9e-02  4:2.8e+02
   39 ,   1561 : 4.5280120039115e+01 +(1e+01,3e+02) | 1.04e+04 |  3:5.3e-02  4:3.0e+02
Iterat, #Fevals:   Function Value    (median,worst) |Axis Ratio|idx:Min SD idx:Max SD
   40 ,   1601 : 4.5750095253518e+01 +(3e+01,2e+02) | 1.07e+04 |  3:5.1e-02  4:3.0e+02
   41 ,   1641 : 4.5703128550891e+01 +(1e+01,2e+02) | 1.10e+04 |  3:5.2e-02  4:3.0e+02
   42 ,   1681 : 4.5751156177748e+01 +(1e+01,2e+02) | 1.07e+04 |  3:5.4e-02  4:3.0e+02
   43 ,   1721 : 4.4587655686796e+01 +(1e+01,1e+02) | 1.11e+04 |  3:6.8e-02  4:3.8e+02
   44 ,   1761 : 4.4554575939742e+01 +(2e+01,2e+02) | 1.10e+04 |  3:6.8e-02  4:3.8e+02
   45 ,   1801 : 4.4952803621417e+01 +(2e+01,2e+02) | 1.11e+04 |  3:7.8e-02  4:4.2e+02
   46 ,   1841 : 4.4573024084871e+01 +(1e+01,2e+02) | 1.23e+04 |  3:9.1e-02  4:5.4e+02
   47 ,   1881 : 4.4133304945103e+01 +(2e+01,3e+02) | 1.28e+04 |  3:9.4e-02  4:5.7e+02
   48 ,   1921 : 4.4701967354573e+01 +(4e+01,3e+02) | 1.33e+04 |  3:9.8e-02  4:5.7e+02
   49 ,   1961 : 4.3881921891013e+01 +(4e+01,3e+02) | 1.33e+04 |  3:1.2e-01  4:6.2e+02
Iterat, #Fevals:   Function Value    (median,worst) |Axis Ratio|idx:Min SD idx:Max SD
   50 ,   2001 : 4.3555265814666e+01 +(3e+01,2e+02) | 1.35e+04 |  3:9.7e-02  4:5.2e+02
   51 ,   2041 : 4.5059756122760e+01 +(2e+01,2e+02) | 1.35e+04 |  3:9.0e-02  4:4.7e+02
   52 ,   2081 : 4.5086683855899e+01 +(2e+01,2e+02) | 1.33e+04 |  3:8.7e-02  4:4.3e+02
   53 ,   2121 : 4.4970698581864e+01 +(1e+01,2e+02) | 1.32e+04 |  3:7.1e-02  4:3.4e+02
   54 ,   2161 : 4.3955147163864e+01 +(6e+00,1e+02) | 1.36e+04 |  3:8.1e-02  4:3.6e+02
   55 ,   2201 : 4.3951076324799e+01 +(9e+00,9e+01) | 1.36e+04 |  3:6.6e-02  4:2.9e+02
   56 ,   2241 : 4.4466015754531e+01 +(4e+00,1e+02) | 1.40e+04 |  3:6.5e-02  4:2.7e+02
   57 ,   2281 : 4.4164962664763e+01 +(4e+00,6e+01) | 1.46e+04 |  3:5.9e-02  4:2.5e+02
   58 ,   2321 : 4.3684875038840e+01 +(3e+00,5e+01) | 1.51e+04 |  3:5.4e-02  4:2.2e+02
   59 ,   2361 : 4.3745499229225e+01 +(2e+00,4e+01) | 1.61e+04 |  9:4.9e-02  4:2.0e+02
Iterat, #Fevals:   Function Value    (median,worst) |Axis Ratio|idx:Min SD idx:Max SD
   60 ,   2401 : 4.3771215249989e+01 +(2e+00,3e+01) | 1.81e+04 |  9:4.8e-02  4:2.1e+02
   61 ,   2441 : 4.3721657248204e+01 +(2e+00,1e+01) | 1.88e+04 |  9:4.3e-02  4:1.9e+02
   62 ,   2481 : 4.3668425034697e+01 +(1e+00,9e+00) | 1.99e+04 |  9:3.9e-02  4:1.8e+02
   63 ,   2521 : 4.3596124724697e+01 +(7e-01,2e+01) | 2.14e+04 |  9:3.3e-02  4:1.6e+02
   64 ,   2561 : 4.3630642053280e+01 +(8e-01,4e+00) | 2.23e+04 |  9:3.1e-02  4:1.6e+02
   65 ,   2601 : 4.3520117612795e+01 +(5e-01,4e+00) | 2.29e+04 |  9:3.0e-02  4:1.5e+02
   66 ,   2641 : 4.3521388168954e+01 +(4e-01,2e+00) | 2.51e+04 |  9:3.1e-02  4:1.6e+02
   67 ,   2681 : 4.3569895746293e+01 +(5e-01,3e+00) | 2.64e+04 |  9:3.0e-02  4:1.7e+02
   68 ,   2721 : 4.3498750302858e+01 +(6e-01,6e+00) | 2.74e+04 |  9:2.2e-02  4:1.4e+02
   69 ,   2761 : 4.3504690820911e+01 +(5e-01,2e+00) | 2.71e+04 |  9:2.1e-02  4:1.3e+02
Iterat, #Fevals:   Function Value    (median,worst) |Axis Ratio|idx:Min SD idx:Max SD
   70 ,   2801 : 4.3565596583673e+01 +(3e-01,5e+00) | 2.91e+04 |  9:1.9e-02  4:1.3e+02
   71 ,   2841 : 4.3535705020436e+01 +(3e-01,1e+00) | 3.14e+04 |  9:1.5e-02  4:1.1e+02
   72 ,   2881 : 4.3522175531414e+01 +(3e-01,2e+00) | 3.05e+04 |  9:1.3e-02  4:9.8e+01
   73 ,   2921 : 4.3483446544197e+01 +(3e-01,1e+00) | 3.15e+04 |  9:1.1e-02  4:8.7e+01
   74 ,   2961 : 4.3535858066125e+01 +(2e-01,9e-01) | 3.24e+04 |  9:9.7e-03  4:7.8e+01
   75 ,   3001 : 4.3522939893579e+01 +(2e-01,6e-01) | 3.31e+04 |  9:8.8e-03  4:7.1e+01
   76 ,   3041 : 4.3509813816944e+01 +(1e-01,6e-01) | 3.47e+04 |  9:7.7e-03  4:6.7e+01
   77 ,   3081 : 4.3515449821903e+01 +(1e-01,7e-01) | 3.63e+04 |  9:6.3e-03  4:5.7e+01
   78 ,   3121 : 4.3482527707803e+01 +(2e-01,3e-01) | 3.66e+04 |  9:5.8e-03  4:5.2e+01
   79 ,   3161 : 4.3531464942544e+01 +(9e-02,4e-01) | 4.00e+04 |  9:5.7e-03  4:5.6e+01
Iterat, #Fevals:   Function Value    (median,worst) |Axis Ratio|idx:Min SD idx:Max SD
   80 ,   3201 : 4.3503645867484e+01 +(1e-01,3e-01) | 3.96e+04 |  9:5.1e-03  4:5.1e+01
   81 ,   3241 : 4.3537167205051e+01 +(8e-02,2e-01) | 3.88e+04 |  9:5.3e-03  4:5.4e+01
   82 ,   3281 : 4.3494914887080e+01 +(9e-02,3e-01) | 4.38e+04 |  9:5.0e-03  4:5.7e+01
   83 ,   3321 : 4.3501336621783e+01 +(1e-01,3e-01) | 4.43e+04 |  9:4.6e-03  4:5.5e+01
   84 ,   3361 : 4.3458981935041e+01 +(1e-01,3e-01) | 4.70e+04 |  9:3.7e-03  4:4.8e+01
