
                            < M A T L A B (R) >
                  Copyright 1984-2015 The MathWorks, Inc.
                   R2015a (8.5.0.197613) 64-bit (glnxa64)
                             February 12, 2015

 
For online documentation, see http://www.mathworks.com/support
For product information, visit www.mathworks.com.
 

	Academic License


seed =

                131.623369


Initialtheta =

          1652.98948415434
                  10000000
                 100000000
                         1
          372.615565068358
                      1000
        0.0288440063396784
                        10
          776.981130824647

  n=9: (20,40)-CMA-ES(w=[17 13 11... 0.42 0.14]%, ]%, mu_eff=11.3) on function Error
Iterat, #Fevals:   Function Value    (median,worst) |Axis Ratio|idx:Min SD idx:Max SD
    1 ,     41 : 6.3624859405033e+01 +(8e+07,1e+17) | 1.11e+04 |  9:2.4e-01  4:2.7e+03
    2 ,     81 : 2.8321464764616e+02 +(5e+00,6e+14) | 1.06e+04 |  9:2.8e-01  4:2.9e+03
    3 ,    121 : 4.9584132312772e+01 +(2e+02,1e+14) | 1.06e+04 |  9:3.1e-01  4:3.2e+03
    4 ,    161 : 1.6253722527103e+02 +(1e+02,4e+12) | 9.77e+03 |  9:3.4e-01  4:3.2e+03
    5 ,    201 : 2.3514575629133e+02 +(5e+01,9e+14) | 1.02e+04 |  9:3.2e-01  4:3.2e+03
    6 ,    241 : 2.8694566429334e+02 +(2e+00,8e+15) | 1.00e+04 |  9:3.2e-01  4:3.1e+03
    7 ,    281 : 1.8319317842799e+02 +(1e+02,2e+10) | 1.01e+04 |  9:2.9e-01  4:2.8e+03
    8 ,    321 : 7.4062632634085e+01 +(2e+02,2e+16) | 1.00e+04 |  9:3.0e-01  4:2.7e+03
    9 ,    361 : 7.4765556570248e+01 +(2e+02,2e+09) | 1.03e+04 |  9:2.6e-01  4:2.4e+03
Iterat, #Fevals:   Function Value    (median,worst) |Axis Ratio|idx:Min SD idx:Max SD
   10 ,    401 : 2.3614715374846e+02 +(5e+01,2e+14) | 1.01e+04 |  9:2.0e-01  4:1.9e+03
   11 ,    441 : 1.1250816391430e+02 +(6e+02,2e+06) | 1.00e+04 |  9:1.7e-01  4:1.6e+03
   12 ,    481 : 5.0426962127708e+01 +(3e+02,6e+05) | 9.62e+03 |  9:1.5e-01  4:1.4e+03
   13 ,    521 : 4.5489518670650e+01 +(2e+02,5e+05) | 9.47e+03 |  9:1.5e-01  4:1.3e+03
   14 ,    561 : 4.9338121674701e+01 +(2e+02,7e+04) | 8.98e+03 |  9:1.6e-01  4:1.4e+03
   15 ,    601 : 1.0675186540237e+02 +(2e+02,2e+05) | 8.63e+03 |  9:1.5e-01  4:1.2e+03
   16 ,    641 : 5.0595569279527e+01 +(2e+02,6e+05) | 9.04e+03 |  9:1.4e-01  4:1.1e+03
   17 ,    681 : 5.7503753715280e+01 +(2e+02,3e+04) | 8.42e+03 |  9:1.3e-01  4:9.8e+02
   18 ,    721 : 5.3584073260455e+01 +(2e+02,5e+04) | 8.52e+03 |  9:1.1e-01  4:8.2e+02
   19 ,    761 : 4.6568852301763e+01 +(2e+02,5e+03) | 8.47e+03 |  9:9.9e-02  4:7.6e+02
Iterat, #Fevals:   Function Value    (median,worst) |Axis Ratio|idx:Min SD idx:Max SD
   20 ,    801 : 4.7652126654282e+01 +(2e+02,5e+04) | 8.44e+03 |  9:1.1e-01  4:7.6e+02
   21 ,    841 : 4.6543953290965e+01 +(2e+02,1e+04) | 8.16e+03 |  9:1.1e-01  4:7.3e+02
   22 ,    881 : 5.2637535065409e+01 +(2e+02,1e+04) | 7.98e+03 |  9:1.1e-01  4:7.0e+02
   23 ,    921 : 4.6218947447882e+01 +(2e+02,4e+03) | 7.77e+03 |  9:8.6e-02  4:5.6e+02
   24 ,    961 : 4.5948233625448e+01 +(9e+01,6e+03) | 7.84e+03 |  9:8.1e-02  4:5.4e+02
   25 ,   1001 : 4.5811289112227e+01 +(2e+02,3e+03) | 7.69e+03 |  9:7.4e-02  4:4.8e+02
   26 ,   1041 : 4.7901894466911e+01 +(9e+01,4e+02) | 7.91e+03 |  8:6.8e-02  4:4.3e+02
   27 ,   1081 : 4.6093962324652e+01 +(4e+01,1e+03) | 8.17e+03 |  8:6.7e-02  4:4.3e+02
   28 ,   1121 : 4.5243635888842e+01 +(5e+01,3e+03) | 8.41e+03 |  8:7.5e-02  4:4.8e+02
   29 ,   1161 : 4.5818079031616e+01 +(5e+01,1e+03) | 8.60e+03 |  8:7.2e-02  4:4.6e+02
Iterat, #Fevals:   Function Value    (median,worst) |Axis Ratio|idx:Min SD idx:Max SD
   30 ,   1201 : 4.5882186557770e+01 +(9e+01,9e+02) | 8.64e+03 |  8:6.3e-02  4:3.8e+02
   31 ,   1241 : 4.5778884407979e+01 +(3e+01,2e+02) | 9.12e+03 |  8:6.3e-02  4:3.8e+02
   32 ,   1281 : 4.5406161341217e+01 +(2e+01,4e+02) | 9.69e+03 |  8:5.8e-02  4:3.4e+02
   33 ,   1321 : 4.5297329788285e+01 +(3e+01,2e+02) | 9.78e+03 |  3:5.7e-02  4:3.2e+02
   34 ,   1361 : 4.4813184657442e+01 +(2e+01,1e+02) | 1.01e+04 |  8:5.4e-02  4:2.9e+02
   35 ,   1401 : 4.5441431858793e+01 +(2e+01,3e+02) | 1.08e+04 |  9:5.4e-02  4:2.8e+02
   36 ,   1441 : 4.5468421961689e+01 +(3e+01,1e+02) | 1.11e+04 |  9:4.6e-02  4:2.5e+02
   37 ,   1481 : 4.4876460749963e+01 +(6e+00,8e+01) | 1.15e+04 |  9:4.9e-02  4:2.5e+02
   38 ,   1521 : 4.4633188640040e+01 +(1e+01,2e+02) | 1.15e+04 |  9:5.1e-02  4:2.5e+02
   39 ,   1561 : 4.4602166003503e+01 +(8e+00,1e+02) | 1.28e+04 |  9:5.6e-02  4:2.9e+02
Iterat, #Fevals:   Function Value    (median,worst) |Axis Ratio|idx:Min SD idx:Max SD
   40 ,   1601 : 4.5144844500419e+01 +(8e+00,1e+02) | 1.43e+04 |  9:5.7e-02  4:3.2e+02
   41 ,   1641 : 4.4739698710682e+01 +(9e+00,1e+02) | 1.51e+04 |  9:4.9e-02  4:2.8e+02
   42 ,   1681 : 4.4639101087239e+01 +(7e+00,7e+01) | 1.56e+04 |  9:4.9e-02  4:2.7e+02
   43 ,   1721 : 4.4057679006626e+01 +(7e+00,6e+01) | 1.63e+04 |  9:5.3e-02  4:2.8e+02
   44 ,   1761 : 4.5003474535954e+01 +(9e+00,9e+01) | 1.68e+04 |  9:5.3e-02  4:2.8e+02
   45 ,   1801 : 4.4296282512407e+01 +(4e+00,6e+01) | 1.77e+04 |  9:4.8e-02  4:2.5e+02
   46 ,   1841 : 4.4329785190058e+01 +(3e+00,5e+01) | 1.85e+04 |  9:4.0e-02  4:2.1e+02
   47 ,   1881 : 4.4186305986611e+01 +(3e+00,3e+01) | 1.89e+04 |  9:3.6e-02  4:1.9e+02
   48 ,   1921 : 4.3899781015485e+01 +(2e+00,2e+01) | 2.00e+04 |  2:4.3e-02  4:2.1e+02
   49 ,   1961 : 4.3677938226751e+01 +(2e+00,4e+01) | 2.12e+04 |  8:5.3e-02  4:2.5e+02
Iterat, #Fevals:   Function Value    (median,worst) |Axis Ratio|idx:Min SD idx:Max SD
   50 ,   2001 : 4.3541560647041e+01 +(3e+00,8e+01) | 2.14e+04 |  8:4.5e-02  4:2.1e+02
   51 ,   2041 : 4.3761584361653e+01 +(1e+00,1e+01) | 2.21e+04 |  8:3.9e-02  4:1.8e+02
   52 ,   2081 : 4.3809958780592e+01 +(1e+00,2e+01) | 2.45e+04 |  8:3.2e-02  4:1.7e+02
   53 ,   2121 : 4.3768705712659e+01 +(2e+00,1e+01) | 2.55e+04 |  8:3.1e-02  4:1.6e+02
   54 ,   2161 : 4.3793585562348e+01 +(9e-01,1e+01) | 2.59e+04 |  8:2.8e-02  4:1.4e+02
   55 ,   2201 : 4.3567703961315e+01 +(7e-01,4e+00) | 2.97e+04 |  8:2.9e-02  4:1.7e+02
   56 ,   2241 : 4.3591441788627e+01 +(7e-01,2e+01) | 3.21e+04 |  9:2.8e-02  4:1.7e+02
   57 ,   2281 : 4.3619820204761e+01 +(7e-01,6e+00) | 3.29e+04 |  9:3.1e-02  4:1.9e+02
   58 ,   2321 : 4.3616569957320e+01 +(5e-01,2e+01) | 3.31e+04 |  9:2.7e-02  4:1.7e+02
   59 ,   2361 : 4.3636687266948e+01 +(9e-01,4e+00) | 3.42e+04 |  9:2.7e-02  4:1.7e+02
Iterat, #Fevals:   Function Value    (median,worst) |Axis Ratio|idx:Min SD idx:Max SD
   60 ,   2401 : 4.3590082912004e+01 +(5e-01,1e+01) | 3.68e+04 |  9:2.5e-02  4:1.7e+02
   61 ,   2441 : 4.3585160969889e+01 +(7e-01,3e+00) | 3.70e+04 |  9:1.9e-02  4:1.3e+02
   62 ,   2481 : 4.3575640173163e+01 +(4e-01,2e+00) | 3.81e+04 |  9:1.6e-02  4:1.1e+02
   63 ,   2521 : 4.3616437268314e+01 +(3e-01,2e+00) | 4.04e+04 |  9:1.4e-02  4:1.0e+02
   64 ,   2561 : 4.3578048652814e+01 +(2e-01,2e+00) | 4.57e+04 |  9:1.5e-02  4:1.3e+02
   65 ,   2601 : 4.3563756926826e+01 +(4e-01,3e+00) | 5.00e+04 |  9:1.4e-02  4:1.3e+02
   66 ,   2641 : 4.3552243868044e+01 +(3e-01,2e+00) | 5.02e+04 |  9:1.3e-02  4:1.2e+02
   67 ,   2681 : 4.3554055609222e+01 +(3e-01,3e+00) | 5.34e+04 |  9:1.1e-02  4:1.1e+02
   68 ,   2721 : 4.3526251937451e+01 +(3e-01,1e+00) | 5.44e+04 |  9:1.1e-02  4:1.0e+02
   69 ,   2761 : 4.3568306343273e+01 +(2e-01,1e+00) | 5.73e+04 |  9:8.8e-03  4:9.1e+01
Iterat, #Fevals:   Function Value    (median,worst) |Axis Ratio|idx:Min SD idx:Max SD
   70 ,   2801 : 4.3522992780261e+01 +(2e-01,1e+00) | 5.82e+04 |  9:9.2e-03  4:9.3e+01
   71 ,   2841 : 4.3529438248849e+01 +(2e-01,9e-01) | 5.84e+04 |  9:9.6e-03  4:9.9e+01
   72 ,   2881 : 4.3573845786163e+01 +(2e-01,1e+00) | 6.14e+04 |  9:8.3e-03  4:9.1e+01
   73 ,   2921 : 4.3542164509691e+01 +(1e-01,1e+00) | 6.14e+04 |  9:7.9e-03  4:8.8e+01
   74 ,   2961 : 4.3537514004506e+01 +(1e-01,5e-01) | 6.22e+04 |  9:6.6e-03  4:7.6e+01
   75 ,   3001 : 4.3528530109872e+01 +(1e-01,7e-01) | 6.37e+04 |  9:6.5e-03  4:8.0e+01
   76 ,   3041 : 4.3553304052270e+01 +(1e-01,3e-01) | 6.36e+04 |  9:5.8e-03  4:7.2e+01
   77 ,   3081 : 4.3528889780952e+01 +(1e-01,4e-01) | 6.42e+04 |  9:5.5e-03  4:7.1e+01
   78 ,   3121 : 4.3535743663454e+01 +(1e-01,4e-01) | 6.44e+04 |  9:4.4e-03  4:5.9e+01
   79 ,   3161 : 4.3556650188799e+01 +(7e-02,4e-01) | 6.91e+04 |  9:3.9e-03  4:5.6e+01
Iterat, #Fevals:   Function Value    (median,worst) |Axis Ratio|idx:Min SD idx:Max SD
   80 ,   3201 : 4.3542451467337e+01 +(8e-02,5e-01) | 7.15e+04 |  9:3.7e-03  4:5.4e+01
   81 ,   3241 : 4.3534798360630e+01 +(8e-02,8e-01) | 7.09e+04 |  9:3.4e-03  4:5.0e+01
   82 ,   3281 : 4.3542049511777e+01 +(6e-02,3e-01) | 7.31e+04 |  9:3.0e-03  4:4.5e+01
   83 ,   3321 : 4.3517651039156e+01 +(8e-02,2e-01) | 8.04e+04 |  9:3.4e-03  4:5.9e+01
   84 ,   3361 : 4.3519246419505e+01 +(7e-02,2e-01) | 7.85e+04 |  9:3.4e-03  4:6.4e+01
   85 ,   3401 : 4.3534680455479e+01 +(7e-02,4e-01) | 7.89e+04 |  9:3.1e-03  4:5.9e+01
   86 ,   3441 : 4.3548946403460e+01 +(5e-02,2e-01) | 7.99e+04 |  9:2.7e-03  4:5.3e+01
   87 ,   3481 : 4.3533781659236e+01 +(6e-02,2e-01) | 8.65e+04 |  9:2.5e-03  4:5.5e+01
   88 ,   3521 : 4.3505707302241e+01 +(9e-02,2e-01) | 8.81e+04 |  9:2.3e-03  4:5.3e+01
   89 ,   3561 : 4.3526007479200e+01 +(8e-02,1e-01) | 9.92e+04 |  9:2.1e-03  4:5.3e+01
Iterat, #Fevals:   Function Value    (median,worst) |Axis Ratio|idx:Min SD idx:Max SD
   90 ,   3601 : 4.3535254839154e+01 +(4e-02,2e-01) | 1.05e+05 |  9:2.2e-03  4:6.2e+01
   91 ,   3641 : 4.3540342189450e+01 +(5e-02,3e-01) | 1.14e+05 |  9:2.0e-03  4:6.1e+01
   92 ,   3681 : 4.3526236612192e+01 +(6e-02,1e-01) | 1.14e+05 |  9:1.8e-03  4:5.7e+01
   93 ,   3721 : 4.3537999974273e+01 +(4e-02,1e-01) | 1.15e+05 |  9:1.5e-03  4:4.9e+01
   94 ,   3761 : 4.3519513899731e+01 +(5e-02,1e-01) | 1.11e+05 |  9:1.3e-03  4:4.2e+01
   95 ,   3801 : 4.3531351985410e+01 +(4e-02,1e-01) | 1.11e+05 |  9:1.2e-03  4:3.8e+01
   96 ,   3841 : 4.3522434166961e+01 +(4e-02,1e-01) | 1.15e+05 |  9:1.1e-03  4:3.7e+01
   97 ,   3881 : 4.3518430515981e+01 +(5e-02,1e-01) | 1.21e+05 |  9:1.3e-03  4:4.3e+01
   98 ,   3921 : 4.3495001033020e+01 +(8e-02,1e-01) | 1.22e+05 |  9:1.2e-03  4:3.9e+01
   99 ,   3961 : 4.3521409639742e+01 +(5e-02,1e-01) | 1.25e+05 |  9:1.1e-03  4:3.5e+01
Iterat, #Fevals:   Function Value    (median,worst) |Axis Ratio|idx:Min SD idx:Max SD
  100 ,   4001 : 4.3504871778285e+01 +(7e-02,2e-01) | 1.28e+05 |  9:1.1e-03  4:3.5e+01
  101 ,   4041 : 4.3519767154011e+01 +(3e-02,1e-01) | 1.24e+05 |  9:1.1e-03  4:3.6e+01
  102 ,   4081 : 4.3510759912112e+01 +(5e-02,1e-01) | 1.24e+05 |  9:1.1e-03  4:3.6e+01
  103 ,   4121 : 4.3510366972522e+01 +(6e-02,1e-01) | 1.30e+05 |  9:9.6e-04  4:3.3e+01
  104 ,   4161 : 4.3509544779287e+01 +(6e-02,2e-01) | 1.30e+05 |  9:8.7e-04  4:2.9e+01
  105 ,   4201 : 4.3508289103242e+01 +(5e-02,1e-01) | 1.32e+05 |  9:8.2e-04  4:2.9e+01
  106 ,   4241 : 4.3517224948365e+01 +(4e-02,1e-01) | 1.34e+05 |  9:8.3e-04  4:3.1e+01
  107 ,   4281 : 4.3507371513039e+01 +(6e-02,1e-01) | 1.29e+05 |  9:7.2e-04  4:2.7e+01
  108 ,   4321 : 4.3493002358817e+01 +(6e-02,1e-01) | 1.32e+05 |  9:5.9e-04  4:2.3e+01
  109 ,   4361 : 4.3511459808248e+01 +(4e-02,1e-01) | 1.27e+05 |  9:4.9e-04  4:1.9e+01
Iterat, #Fevals:   Function Value    (median,worst) |Axis Ratio|idx:Min SD idx:Max SD
  110 ,   4401 : 4.3509202714452e+01 +(3e-02,1e-01) | 1.27e+05 |  9:4.0e-04  4:1.5e+01
  111 ,   4441 : 4.3501557001397e+01 +(4e-02,1e-01) | 1.25e+05 |  9:4.3e-04  4:1.7e+01
  112 ,   4481 : 4.3509792929177e+01 +(4e-02,2e-01) | 1.27e+05 |  9:4.8e-04  4:1.9e+01
  113 ,   4521 : 4.3512226030125e+01 +(5e-02,1e-01) | 1.28e+05 |  9:4.9e-04  4:1.9e+01
  114 ,   4561 : 4.3505598510721e+01 +(5e-02,1e-01) | 1.19e+05 |  9:5.0e-04  4:1.9e+01
  115 ,   4601 : 4.3505200293789e+01 +(4e-02,1e-01) | 1.17e+05 |  9:5.0e-04  4:1.8e+01
  116 ,   4641 : 4.3499317356805e+01 +(6e-02,1e-01) | 1.16e+05 |  9:5.0e-04  4:1.9e+01
  117 ,   4681 : 4.3501319964352e+01 +(6e-02,1e-01) | 1.17e+05 |  9:4.3e-04  4:1.7e+01
  118 ,   4721 : 4.3504548960926e+01 +(4e-02,2e-01) | 1.20e+05 |  9:3.5e-04  4:1.4e+01
  119 ,   4761 : 4.3499665814382e+01 +(5e-02,1e-01) | 1.17e+05 |  9:3.3e-04  4:1.3e+01
Iterat, #Fevals:   Function Value    (median,worst) |Axis Ratio|idx:Min SD idx:Max SD
  120 ,   4801 : 4.3501356695500e+01 +(3e-02,1e-01) | 1.20e+05 |  9:3.2e-04  4:1.4e+01
  121 ,   4841 : 4.3508473754358e+01 +(3e-02,9e-02) | 1.23e+05 |  9:3.4e-04  4:1.5e+01
  122 ,   4881 : 4.3499094226093e+01 +(4e-02,1e-01) | 1.33e+05 |  9:3.3e-04  4:1.6e+01
  123 ,   4921 : 4.3512459600467e+01 +(4e-02,8e-02) | 1.41e+05 |  9:2.8e-04  4:1.4e+01
  124 ,   4961 : 4.3498015522251e+01 +(3e-02,7e-02) | 1.40e+05 |  9:2.4e-04  4:1.3e+01
  125 ,   5001 : 4.3502673270724e+01 +(3e-02,8e-02) | 1.38e+05 |  9:2.1e-04  4:1.2e+01
  126 ,   5041 : 4.3490719271764e+01 +(4e-02,8e-02) | 1.40e+05 |  9:2.0e-04  4:1.1e+01
  127 ,   5081 : 4.3511565352174e+01 +(3e-02,1e-01) | 1.44e+05 |  9:2.0e-04  4:1.1e+01
  128 ,   5121 : 4.3494791013834e+01 +(6e-02,1e-01) | 1.50e+05 |  9:1.9e-04  4:1.0e+01
  129 ,   5161 : 4.3500906750681e+01 +(4e-02,1e-01) | 1.52e+05 |  9:2.0e-04  4:1.0e+01
Iterat, #Fevals:   Function Value    (median,worst) |Axis Ratio|idx:Min SD idx:Max SD
  130 ,   5201 : 4.3504983590123e+01 +(2e-02,8e-02) | 1.56e+05 |  9:2.0e-04  4:1.0e+01
  131 ,   5241 : 4.3500852413676e+01 +(3e-02,1e-01) | 1.61e+05 |  9:2.0e-04  4:1.1e+01
  132 ,   5281 : 4.3494968504013e+01 +(4e-02,9e-02) | 1.74e+05 |  9:2.2e-04  4:1.2e+01
  133 ,   5321 : 4.3500766378617e+01 +(3e-02,1e-01) | 1.78e+05 |  9:2.0e-04  4:1.1e+01
  134 ,   5361 : 4.3497893852999e+01 +(3e-02,8e-02) | 1.77e+05 |  9:1.9e-04  4:1.1e+01
  135 ,   5401 : 4.3502508442367e+01 +(3e-02,9e-02) | 1.89e+05 |  9:1.7e-04  4:1.1e+01
  136 ,   5441 : 4.3486437489317e+01 +(5e-02,1e-01) | 1.93e+05 |  9:1.5e-04  4:9.3e+00
  137 ,   5481 : 4.3493470037804e+01 +(4e-02,1e-01) | 1.94e+05 |  9:1.6e-04  4:9.5e+00
  138 ,   5521 : 4.3499845745857e+01 +(4e-02,8e-02) | 1.98e+05 |  9:1.4e-04  4:8.7e+00
  139 ,   5561 : 4.3494502686259e+01 +(4e-02,1e-01) | 1.98e+05 |  9:1.4e-04  4:8.6e+00
Iterat, #Fevals:   Function Value    (median,worst) |Axis Ratio|idx:Min SD idx:Max SD
  140 ,   5601 : 4.3485988787201e+01 +(5e-02,1e-01) | 1.94e+05 |  9:1.3e-04  4:8.4e+00
  141 ,   5641 : 4.3492694443233e+01 +(4e-02,1e-01) | 1.89e+05 |  9:1.2e-04  4:7.8e+00
  142 ,   5681 : 4.3489045279893e+01 +(5e-02,1e-01) | 1.91e+05 |  9:1.1e-04  4:7.0e+00
  143 ,   5721 : 4.3491670088861e+01 +(3e-02,1e-01) | 1.82e+05 |  9:9.3e-05  4:6.1e+00
  144 ,   5761 : 4.3494755993446e+01 +(4e-02,1e-01) | 1.82e+05 |  9:9.3e-05  4:6.3e+00
  145 ,   5801 : 4.3480738848917e+01 +(5e-02,1e-01) | 1.93e+05 |  9:8.2e-05  4:6.1e+00
  146 ,   5841 : 4.3501498841960e+01 +(4e-02,9e-02) | 1.93e+05 |  9:9.1e-05  4:6.7e+00
  147 ,   5881 : 4.3503080760741e+01 +(4e-02,6e-02) | 1.99e+05 |  9:8.3e-05  4:6.1e+00
  148 ,   5921 : 4.3495229470100e+01 +(4e-02,1e-01) | 1.95e+05 |  9:9.2e-05  4:6.6e+00
  149 ,   5961 : 4.3496741929086e+01 +(4e-02,1e-01) | 2.00e+05 |  9:8.5e-05  4:6.3e+00
Iterat, #Fevals:   Function Value    (median,worst) |Axis Ratio|idx:Min SD idx:Max SD
  150 ,   6001 : 4.3498062881133e+01 +(4e-02,1e-01) | 2.08e+05 |  9:7.6e-05  4:6.0e+00
  151 ,   6041 : 4.3502711493879e+01 +(3e-02,1e-01) | 2.11e+05 |  9:6.8e-05  4:5.3e+00
  152 ,   6081 : 4.3500870334239e+01 +(3e-02,9e-02) | 2.15e+05 |  9:5.9e-05  4:4.8e+00
  153 ,   6121 : 4.3492165455226e+01 +(3e-02,1e-01) | 2.22e+05 |  9:5.6e-05  4:4.8e+00
  154 ,   6161 : 4.3497739499646e+01 +(3e-02,1e-01) | 2.43e+05 |  9:5.8e-05  4:5.5e+00
  155 ,   6201 : 4.3489566685060e+01 +(4e-02,1e-01) | 2.30e+05 |  9:5.3e-05  4:5.1e+00
  156 ,   6241 : 4.3491863034821e+01 +(4e-02,1e-01) | 2.05e+05 |  9:5.0e-05  4:4.7e+00
  157 ,   6281 : 4.3495278921569e+01 +(5e-02,1e-01) | 1.87e+05 |  9:5.8e-05  4:5.2e+00
  158 ,   6321 : 4.3499255522820e+01 +(4e-02,1e-01) | 1.85e+05 |  9:6.9e-05  4:5.7e+00
  159 ,   6361 : 4.3481699737866e+01 +(6e-02,1e-01) | 1.79e+05 |  9:7.1e-05  4:6.1e+00
Iterat, #Fevals:   Function Value    (median,worst) |Axis Ratio|idx:Min SD idx:Max SD
  160 ,   6401 : 4.3500337686500e+01 +(3e-02,8e-02) | 1.84e+05 |  9:6.4e-05  4:5.6e+00
  161 ,   6441 : 4.3485473072078e+01 +(4e-02,1e-01) | 1.90e+05 |  9:6.2e-05  4:5.6e+00
  162 ,   6481 : 4.3500198512006e+01 +(4e-02,9e-02) | 1.88e+05 |  9:6.1e-05  4:5.6e+00
  163 ,   6521 : 4.3499547517951e+01 +(3e-02,1e-01) | 1.88e+05 |  9:6.6e-05  4:6.1e+00
  164 ,   6561 : 4.3501298202216e+01 +(3e-02,9e-02) | 1.91e+05 |  9:6.3e-05  4:6.0e+00
  165 ,   6601 : 4.3496601260506e+01 +(4e-02,1e-01) | 1.91e+05 |  9:5.7e-05  4:5.4e+00
  166 ,   6641 : 4.3497042349419e+01 +(4e-02,8e-02) | 1.90e+05 |  9:4.6e-05  4:4.5e+00
  167 ,   6681 : 4.3486146102260e+01 +(4e-02,1e-01) | 1.89e+05 |  9:4.2e-05  4:3.9e+00
  168 ,   6721 : 4.3493577206592e+01 +(4e-02,1e-01) | 1.89e+05 |  9:3.7e-05  4:3.5e+00
  169 ,   6761 : 4.3493878153637e+01 +(4e-02,1e-01) | 1.94e+05 |  9:3.5e-05  4:3.3e+00
Iterat, #Fevals:   Function Value    (median,worst) |Axis Ratio|idx:Min SD idx:Max SD
  170 ,   6801 : 4.3489725686058e+01 +(4e-02,1e-01) | 1.90e+05 |  9:2.8e-05  4:2.8e+00
  171 ,   6841 : 4.3496957729650e+01 +(4e-02,1e-01) | 1.82e+05 |  9:2.9e-05  4:3.0e+00
  172 ,   6881 : 4.3487197722161e+01 +(4e-02,9e-02) | 1.72e+05 |  9:3.0e-05  4:2.9e+00
  173 ,   6921 : 4.3493823263298e+01 +(4e-02,9e-02) | 1.81e+05 |  9:2.5e-05  4:2.6e+00
  174 ,   6961 : 4.3495548925140e+01 +(4e-02,1e-01) | 1.83e+05 |  9:2.5e-05  4:2.4e+00
  175 ,   7001 : 4.3495705617803e+01 +(4e-02,8e-02) | 1.68e+05 |  9:2.5e-05  4:2.3e+00
  176 ,   7041 : 4.3497604908646e+01 +(4e-02,9e-02) | 1.74e+05 |  9:2.6e-05  4:2.4e+00
  177 ,   7081 : 4.3497672889079e+01 +(3e-02,8e-02) | 1.88e+05 |  9:3.0e-05  4:2.8e+00
  178 ,   7121 : 4.3491908717552e+01 +(4e-02,1e-01) | 1.89e+05 |  9:3.3e-05  4:2.8e+00
  179 ,   7161 : 4.3493507364928e+01 +(4e-02,8e-02) | 1.88e+05 |  9:3.1e-05  4:2.7e+00
Iterat, #Fevals:   Function Value    (median,worst) |Axis Ratio|idx:Min SD idx:Max SD
  180 ,   7201 : 4.3497552103881e+01 +(3e-02,1e-01) | 1.85e+05 |  9:2.9e-05  4:2.5e+00
  181 ,   7241 : 4.3496877714519e+01 +(4e-02,1e-01) | 1.94e+05 |  9:3.2e-05  4:2.5e+00
  182 ,   7281 : 4.3484727816877e+01 +(5e-02,1e-01) | 1.82e+05 |  9:3.5e-05  4:2.7e+00
  183 ,   7321 : 4.3502970131845e+01 +(3e-02,9e-02) | 1.85e+05 |  9:3.3e-05  4:2.6e+00
  184 ,   7361 : 4.3496385807090e+01 +(4e-02,1e-01) | 1.70e+05 |  9:3.7e-05  4:2.8e+00
  185 ,   7401 : 4.3496346987172e+01 +(4e-02,1e-01) | 1.77e+05 |  9:3.7e-05  4:3.0e+00
  186 ,   7441 : 4.3494585081534e+01 +(4e-02,8e-02) | 1.72e+05 |  9:3.8e-05  4:3.2e+00
  187 ,   7481 : 4.3496986377035e+01 +(5e-02,1e-01) | 1.70e+05 |  9:3.6e-05  4:3.0e+00
  188 ,   7521 : 4.3499662827770e+01 +(3e-02,1e-01) | 1.87e+05 |  9:3.5e-05  4:3.2e+00
  189 ,   7561 : 4.3499500424112e+01 +(3e-02,8e-02) | 1.93e+05 |  9:3.9e-05  4:3.6e+00
Iterat, #Fevals:   Function Value    (median,worst) |Axis Ratio|idx:Min SD idx:Max SD
  190 ,   7601 : 4.3488525586365e+01 +(4e-02,9e-02) | 1.98e+05 |  9:4.3e-05  4:3.8e+00
  191 ,   7641 : 4.3483758422004e+01 +(5e-02,9e-02) | 1.76e+05 |  9:4.4e-05  4:3.7e+00
  192 ,   7681 : 4.3499582138188e+01 +(3e-02,1e-01) | 1.81e+05 |  9:4.3e-05  4:3.7e+00
  193 ,   7721 : 4.3490113107441e+01 +(4e-02,1e-01) | 1.86e+05 |  9:4.7e-05  4:4.1e+00
  194 ,   7761 : 4.3505470792750e+01 +(3e-02,9e-02) | 1.89e+05 |  9:4.4e-05  4:3.6e+00
  195 ,   7801 : 4.3491444156296e+01 +(4e-02,9e-02) | 1.80e+05 |  9:4.3e-05  4:3.5e+00
  196 ,   7841 : 4.3491307720621e+01 +(4e-02,1e-01) | 1.89e+05 |  9:4.3e-05  4:3.6e+00
  197 ,   7881 : 4.3491473321010e+01 +(4e-02,1e-01) | 2.02e+05 |  9:4.0e-05  4:3.5e+00
  198 ,   7921 : 4.3484593288578e+01 +(4e-02,2e-01) | 2.10e+05 |  9:4.1e-05  4:3.7e+00
  199 ,   7961 : 4.3490547918308e+01 +(5e-02,1e-01) | 2.08e+05 |  9:4.1e-05  4:3.6e+00
Iterat, #Fevals:   Function Value    (median,worst) |Axis Ratio|idx:Min SD idx:Max SD
  200 ,   8001 : 4.3494773063448e+01 +(4e-02,1e-01) | 2.13e+05 |  9:4.1e-05  4:3.8e+00
  201 ,   8041 : 4.3502016480366e+01 +(4e-02,1e-01) | 2.06e+05 |  9:4.1e-05  4:4.0e+00
  202 ,   8081 : 4.3494261424376e+01 +(4e-02,9e-02) | 2.11e+05 |  9:4.3e-05  4:4.0e+00
  203 ,   8121 : 4.3497510204399e+01 +(3e-02,8e-02) | 2.13e+05 |  9:4.8e-05  4:4.6e+00
  204 ,   8161 : 4.3493466856274e+01 +(4e-02,1e-01) | 2.25e+05 |  9:4.9e-05  4:5.0e+00
  205 ,   8201 : 4.3499089708550e+01 +(4e-02,9e-02) | 2.16e+05 |  9:4.9e-05  4:5.0e+00
  206 ,   8241 : 4.3498330287093e+01 +(4e-02,8e-02) | 2.29e+05 |  9:5.5e-05  4:6.1e+00
  207 ,   8281 : 4.3492950879909e+01 +(5e-02,1e-01) | 2.33e+05 |  9:5.2e-05  4:5.8e+00
  208 ,   8321 : 4.3490743920627e+01 +(4e-02,1e-01) | 2.54e+05 |  9:5.7e-05  4:6.9e+00
  209 ,   8361 : 4.3504992192274e+01 +(3e-02,8e-02) | 2.59e+05 |  9:6.2e-05  4:7.5e+00
Iterat, #Fevals:   Function Value    (median,worst) |Axis Ratio|idx:Min SD idx:Max SD
  210 ,   8401 : 4.3501174201105e+01 +(3e-02,1e-01) | 2.63e+05 |  9:6.4e-05  4:7.6e+00
  211 ,   8441 : 4.3497147417783e+01 +(3e-02,1e-01) | 2.70e+05 |  9:6.9e-05  4:7.8e+00
  212 ,   8481 : 4.3498288355967e+01 +(4e-02,9e-02) | 2.73e+05 |  9:6.7e-05  4:7.3e+00
  213 ,   8521 : 4.3486977681110e+01 +(5e-02,1e-01) | 2.90e+05 |  9:8.2e-05  4:9.4e+00
  214 ,   8561 : 4.3489193754642e+01 +(5e-02,1e-01) | 2.99e+05 |  9:8.4e-05  4:9.6e+00
  215 ,   8601 : 4.3479873622948e+01 +(5e-02,1e-01) | 2.94e+05 |  9:8.6e-05  4:9.8e+00
  216 ,   8641 : 4.3477838404701e+01 +(5e-02,1e-01) | 3.11e+05 |  9:8.4e-05  4:9.9e+00
  217 ,   8681 : 4.3492977494102e+01 +(4e-02,1e-01) | 2.97e+05 |  9:8.0e-05  4:9.2e+00
  218 ,   8721 : 4.3494978434432e+01 +(5e-02,1e-01) | 2.92e+05 |  9:8.1e-05  4:9.1e+00
  219 ,   8761 : 4.3496165671082e+01 +(3e-02,1e-01) | 2.80e+05 |  9:8.3e-05  4:9.3e+00
Iterat, #Fevals:   Function Value    (median,worst) |Axis Ratio|idx:Min SD idx:Max SD
  220 ,   8801 : 4.3493491837218e+01 +(4e-02,1e-01) | 2.72e+05 |  9:7.0e-05  4:8.2e+00
  221 ,   8841 : 4.3502042710316e+01 +(4e-02,1e-01) | 2.47e+05 |  9:7.8e-05  4:9.6e+00
  222 ,   8881 : 4.3487717364259e+01 +(4e-02,1e-01) | 2.75e+05 |  9:8.3e-05  4:1.1e+01
  223 ,   8921 : 4.3486682971410e+01 +(4e-02,1e-01) | 3.00e+05 |  9:8.0e-05  4:1.2e+01
  224 ,   8961 : 4.3499689496816e+01 +(3e-02,1e-01) | 2.70e+05 |  9:8.3e-05  4:1.2e+01
  225 ,   9001 : 4.3503138635207e+01 +(4e-02,9e-02) | 2.76e+05 |  9:7.2e-05  4:1.1e+01
  226 ,   9041 : 4.3494744054915e+01 +(3e-02,9e-02) | 2.92e+05 |  9:7.1e-05  4:1.0e+01
  227 ,   9081 : 4.3493752688296e+01 +(4e-02,1e-01) | 2.82e+05 |  9:7.3e-05  4:1.0e+01
  228 ,   9121 : 4.3495111971149e+01 +(4e-02,1e-01) | 2.59e+05 |  9:7.0e-05  4:9.6e+00
  229 ,   9161 : 4.3499963619404e+01 +(3e-02,1e-01) | 2.57e+05 |  9:7.0e-05  4:9.6e+00
Iterat, #Fevals:   Function Value    (median,worst) |Axis Ratio|idx:Min SD idx:Max SD
  230 ,   9201 : 4.3488772642025e+01 +(4e-02,1e-01) | 2.46e+05 |  9:5.9e-05  4:7.9e+00
  231 ,   9241 : 4.3491676837489e+01 +(5e-02,1e-01) | 2.53e+05 |  9:5.5e-05  4:7.2e+00
  232 ,   9281 : 4.3484784607582e+01 +(4e-02,1e-01) | 2.48e+05 |  9:5.5e-05  4:6.8e+00
  233 ,   9321 : 4.3494184295823e+01 +(4e-02,1e-01) | 2.49e+05 |  9:5.5e-05  4:6.7e+00
  234 ,   9361 : 4.3490522375209e+01 +(4e-02,1e-01) | 2.18e+05 |  9:5.9e-05  4:6.9e+00
  235 ,   9401 : 4.3483201189961e+01 +(5e-02,1e-01) | 2.16e+05 |  9:5.2e-05  4:6.1e+00
  236 ,   9441 : 4.3489822580625e+01 +(5e-02,1e-01) | 2.13e+05 |  9:6.1e-05  4:7.2e+00
  237 ,   9481 : 4.3492392628431e+01 +(3e-02,1e-01) | 2.24e+05 |  9:5.9e-05  4:7.4e+00
  238 ,   9521 : 4.3490118996829e+01 +(4e-02,2e-01) | 2.28e+05 |  9:6.2e-05  4:7.8e+00
  239 ,   9561 : 4.3484230747566e+01 +(4e-02,1e-01) | 2.22e+05 |  9:6.0e-05  4:7.2e+00
Iterat, #Fevals:   Function Value    (median,worst) |Axis Ratio|idx:Min SD idx:Max SD
  240 ,   9601 : 4.3499331244069e+01 +(3e-02,1e-01) | 2.08e+05 |  9:6.0e-05  4:7.1e+00
  241 ,   9641 : 4.3497316159361e+01 +(4e-02,1e-01) | 2.22e+05 |  9:6.1e-05  4:7.7e+00
  242 ,   9681 : 4.3490426783703e+01 +(4e-02,1e-01) | 2.29e+05 |  9:5.0e-05  4:6.6e+00
  243 ,   9721 : 4.3496059239529e+01 +(3e-02,1e-01) | 2.33e+05 |  9:4.1e-05  4:5.5e+00
  244 ,   9761 : 4.3495308197197e+01 +(4e-02,1e-01) | 2.41e+05 |  9:3.7e-05  4:4.8e+00
  245 ,   9801 : 4.3495234563050e+01 +(4e-02,9e-02) | 2.42e+05 |  9:3.1e-05  4:4.1e+00
  246 ,   9841 : 4.3490512118536e+01 +(5e-02,1e-01) | 2.39e+05 |  9:3.2e-05  4:4.2e+00
  247 ,   9881 : 4.3495871124938e+01 +(4e-02,1e-01) | 2.45e+05 |  9:3.5e-05  4:4.8e+00
  248 ,   9921 : 4.3494278516856e+01 +(3e-02,1e-01) | 2.39e+05 |  9:3.2e-05  4:4.5e+00
  249 ,   9961 : 4.3488332793608e+01 +(4e-02,1e-01) | 2.28e+05 |  9:3.2e-05  4:4.3e+00
Iterat, #Fevals:   Function Value    (median,worst) |Axis Ratio|idx:Min SD idx:Max SD
  250 ,  10001 : 4.3494114830073e+01 +(4e-02,1e-01) | 2.18e+05 |  9:3.1e-05  4:4.2e+00
  251 ,  10041 : 4.3506956963844e+01 +(2e-02,8e-02) | 2.29e+05 |  9:3.6e-05  4:4.8e+00
  252 ,  10081 : 4.3491113126595e+01 +(4e-02,1e-01) | 2.32e+05 |  9:3.5e-05  4:4.8e+00
  253 ,  10121 : 4.3490262008556e+01 +(5e-02,1e-01) | 2.40e+05 |  9:3.6e-05  4:4.8e+00
  254 ,  10161 : 4.3491183467097e+01 +(4e-02,1e-01) | 2.46e+05 |  9:3.7e-05  4:5.0e+00
  255 ,  10201 : 4.3476670089960e+01 +(6e-02,1e-01) | 2.39e+05 |  9:2.8e-05  4:3.7e+00
  256 ,  10241 : 4.3478159742153e+01 +(5e-02,1e-01) | 2.44e+05 |  9:2.9e-05  4:3.8e+00
  257 ,  10281 : 4.3493436532562e+01 +(4e-02,1e-01) | 2.48e+05 |  9:3.4e-05  4:4.4e+00
  258 ,  10321 : 4.3490538128554e+01 +(4e-02,1e-01) | 2.41e+05 |  9:3.4e-05  4:4.2e+00
  259 ,  10361 : 4.3496075366385e+01 +(3e-02,1e-01) | 2.32e+05 |  9:3.2e-05  4:3.9e+00
Iterat, #Fevals:   Function Value    (median,worst) |Axis Ratio|idx:Min SD idx:Max SD
  260 ,  10401 : 4.3494621053088e+01 +(3e-02,1e-01) | 2.40e+05 |  9:3.1e-05  4:3.8e+00
  261 ,  10441 : 4.3495747940821e+01 +(4e-02,1e-01) | 2.67e+05 |  9:2.9e-05  4:3.9e+00
  262 ,  10481 : 4.3501345775559e+01 +(3e-02,9e-02) | 2.66e+05 |  9:2.9e-05  4:4.1e+00
  263 ,  10521 : 4.3491841534523e+01 +(4e-02,9e-02) | 2.63e+05 |  9:2.6e-05  4:3.6e+00
  264 ,  10561 : 4.3489514777548e+01 +(4e-02,1e-01) | 2.48e+05 |  9:2.4e-05  4:3.2e+00
  265 ,  10601 : 4.3497542614222e+01 +(3e-02,1e-01) | 2.64e+05 |  9:2.7e-05  4:3.4e+00
  266 ,  10641 : 4.3496320673857e+01 +(3e-02,7e-02) | 2.61e+05 |  9:2.9e-05  4:3.9e+00
  267 ,  10681 : 4.3495075710418e+01 +(3e-02,1e-01) | 2.50e+05 |  9:3.4e-05  4:4.5e+00
  268 ,  10721 : 4.3489314988863e+01 +(4e-02,9e-02) | 2.67e+05 |  9:3.8e-05  4:4.9e+00
  269 ,  10761 : 4.3493066154103e+01 +(4e-02,1e-01) | 2.90e+05 |  9:4.7e-05  4:6.5e+00
Iterat, #Fevals:   Function Value    (median,worst) |Axis Ratio|idx:Min SD idx:Max SD
  270 ,  10801 : 4.3490266973674e+01 +(4e-02,1e-01) | 2.67e+05 |  9:4.1e-05  4:5.6e+00
  271 ,  10841 : 4.3490438432709e+01 +(3e-02,1e-01) | 2.69e+05 |  9:3.9e-05  4:5.2e+00
  272 ,  10881 : 4.3486851685130e+01 +(5e-02,1e-01) | 2.65e+05 |  9:4.0e-05  4:5.4e+00
  273 ,  10921 : 4.3501937501060e+01 +(3e-02,6e-02) | 2.47e+05 |  9:4.0e-05  4:5.5e+00
  274 ,  10961 : 4.3495392883277e+01 +(3e-02,1e-01) | 2.48e+05 |  9:4.3e-05  4:5.7e+00
  275 ,  11001 : 4.3488091869242e+01 +(4e-02,1e-01) | 2.36e+05 |  9:4.8e-05  4:6.0e+00
  276 ,  11041 : 4.3486644211354e+01 +(5e-02,1e-01) | 2.42e+05 |  9:4.6e-05  4:5.8e+00
  277 ,  11081 : 4.3495399770734e+01 +(4e-02,1e-01) | 2.35e+05 |  9:5.5e-05  4:6.8e+00
  278 ,  11121 : 4.3501998258394e+01 +(2e-02,1e-01) | 2.41e+05 |  9:6.0e-05  4:7.4e+00
  279 ,  11161 : 4.3482723090946e+01 +(5e-02,1e-01) | 2.48e+05 |  9:5.5e-05  4:6.8e+00
Iterat, #Fevals:   Function Value    (median,worst) |Axis Ratio|idx:Min SD idx:Max SD
  280 ,  11201 : 4.3487625449230e+01 +(4e-02,1e-01) | 2.63e+05 |  9:5.8e-05  4:7.4e+00
  281 ,  11241 : 4.3500153834141e+01 +(4e-02,1e-01) | 2.59e+05 |  9:5.9e-05  4:7.4e+00
  282 ,  11281 : 4.3490233908873e+01 +(4e-02,1e-01) | 2.69e+05 |  9:5.7e-05  4:7.2e+00
  283 ,  11321 : 4.3494367165382e+01 +(4e-02,9e-02) | 2.55e+05 |  9:5.3e-05  4:6.5e+00
  284 ,  11361 : 4.3492829950877e+01 +(3e-02,1e-01) | 2.57e+05 |  9:4.5e-05  4:5.5e+00
  285 ,  11401 : 4.3502762326332e+01 +(3e-02,1e-01) | 2.69e+05 |  9:4.9e-05  4:6.6e+00
  286 ,  11441 : 4.3489583761335e+01 +(4e-02,1e-01) | 2.67e+05 |  9:4.9e-05  4:6.8e+00
  287 ,  11481 : 4.3481743912722e+01 +(5e-02,1e-01) | 2.60e+05 |  9:4.5e-05  4:6.1e+00
  288 ,  11521 : 4.3485576745942e+01 +(4e-02,1e-01) | 2.62e+05 |  9:4.2e-05  4:5.7e+00
  289 ,  11561 : 4.3482895142091e+01 +(4e-02,1e-01) | 2.47e+05 |  9:4.2e-05  4:5.7e+00
Iterat, #Fevals:   Function Value    (median,worst) |Axis Ratio|idx:Min SD idx:Max SD
  290 ,  11601 : 4.3485650155409e+01 +(4e-02,1e-01) | 2.33e+05 |  9:3.6e-05  4:5.0e+00
  291 ,  11641 : 4.3490852826069e+01 +(4e-02,7e-02) | 2.31e+05 |  9:3.3e-05  4:4.4e+00
  292 ,  11681 : 4.3493770467673e+01 +(3e-02,9e-02) | 2.32e+05 |  9:3.3e-05  4:4.5e+00
  293 ,  11721 : 4.3491919066114e+01 +(4e-02,1e-01) | 2.49e+05 |  9:3.0e-05  4:4.4e+00
  294 ,  11761 : 4.3501278559798e+01 +(3e-02,9e-02) | 2.64e+05 |  9:3.1e-05  4:4.6e+00
  295 ,  11801 : 4.3493896652328e+01 +(4e-02,8e-02) | 2.56e+05 |  9:3.5e-05  4:5.2e+00
  296 ,  11841 : 4.3489595189085e+01 +(4e-02,1e-01) | 2.71e+05 |  9:3.4e-05  4:5.3e+00
  297 ,  11881 : 4.3495135249842e+01 +(2e-02,1e-01) | 2.71e+05 |  9:3.3e-05  4:5.3e+00
  298 ,  11921 : 4.3468581897965e+01 +(7e-02,2e-01) | 2.63e+05 |  9:3.2e-05  4:5.0e+00
  299 ,  11961 : 4.3496984191472e+01 +(3e-02,9e-02) | 2.77e+05 |  9:3.2e-05  4:5.2e+00
Iterat, #Fevals:   Function Value    (median,worst) |Axis Ratio|idx:Min SD idx:Max SD
  300 ,  12001 : 4.3484939892393e+01 +(5e-02,1e-01) | 2.75e+05 |  9:3.6e-05  4:6.0e+00
  301 ,  12041 : 4.3496589776825e+01 +(3e-02,1e-01) | 2.79e+05 |  9:3.8e-05  4:6.6e+00
  302 ,  12081 : 4.3495741996720e+01 +(3e-02,9e-02) | 2.89e+05 |  9:4.0e-05  4:7.1e+00
  303 ,  12121 : 4.3498179134199e+01 +(2e-02,1e-01) | 2.97e+05 |  9:4.7e-05  4:7.6e+00
  304 ,  12161 : 4.3491558012285e+01 +(5e-02,1e-01) | 2.79e+05 |  9:4.8e-05  4:7.1e+00
  305 ,  12201 : 4.3504399613584e+01 +(3e-02,1e-01) | 2.66e+05 |  9:4.9e-05  4:7.3e+00
  306 ,  12241 : 4.3491185983307e+01 +(4e-02,1e-01) | 2.55e+05 |  9:4.9e-05  4:7.2e+00
  307 ,  12281 : 4.3489716664940e+01 +(4e-02,8e-02) | 2.53e+05 |  9:4.1e-05  4:6.3e+00
  308 ,  12321 : 4.3498665926864e+01 +(3e-02,9e-02) | 2.45e+05 |  9:4.1e-05  4:6.1e+00
  309 ,  12361 : 4.3492267583747e+01 +(4e-02,1e-01) | 2.47e+05 |  9:4.0e-05  4:5.8e+00
Iterat, #Fevals:   Function Value    (median,worst) |Axis Ratio|idx:Min SD idx:Max SD
  310 ,  12401 : 4.3499056960060e+01 +(3e-02,1e-01) | 2.61e+05 |  9:4.1e-05  4:6.2e+00
  311 ,  12441 : 4.3498225247054e+01 +(3e-02,1e-01) | 2.72e+05 |  9:4.6e-05  4:6.7e+00
  312 ,  12481 : 4.3496557028084e+01 +(3e-02,1e-01) | 2.72e+05 |  9:4.5e-05  4:6.8e+00
  313 ,  12521 : 4.3494427795944e+01 +(5e-02,8e-02) | 2.71e+05 |  9:4.9e-05  4:7.0e+00
  314 ,  12561 : 4.3499853893863e+01 +(3e-02,1e-01) | 2.65e+05 |  9:5.1e-05  4:7.3e+00
  315 ,  12601 : 4.3503115526584e+01 +(3e-02,1e-01) | 2.66e+05 |  9:4.6e-05  4:6.6e+00
  316 ,  12641 : 4.3503522309351e+01 +(2e-02,9e-02) | 2.85e+05 |  9:4.2e-05  4:6.4e+00
  317 ,  12681 : 4.3490704456250e+01 +(4e-02,8e-02) | 2.78e+05 |  9:5.1e-05  4:7.0e+00
  318 ,  12721 : 4.3482973685351e+01 +(5e-02,1e-01) | 2.51e+05 |  9:5.2e-05  4:6.8e+00
  319 ,  12761 : 4.3487041146887e+01 +(4e-02,1e-01) | 2.42e+05 |  9:4.8e-05  4:6.2e+00
Iterat, #Fevals:   Function Value    (median,worst) |Axis Ratio|idx:Min SD idx:Max SD
  320 ,  12801 : 4.3495581914873e+01 +(3e-02,1e-01) | 2.62e+05 |  9:4.1e-05  4:5.9e+00
  321 ,  12841 : 4.3492863703020e+01 +(4e-02,9e-02) | 2.68e+05 |  9:4.5e-05  4:6.4e+00
  322 ,  12881 : 4.3495895999868e+01 +(4e-02,1e-01) | 2.84e+05 |  9:4.9e-05  4:6.9e+00
  323 ,  12921 : 4.3489696764818e+01 +(5e-02,1e-01) | 2.69e+05 |  9:4.8e-05  4:6.6e+00
  324 ,  12961 : 4.3505403410866e+01 +(3e-02,1e-01) | 2.76e+05 |  9:5.2e-05  4:7.5e+00
  325 ,  13001 : 4.3485485537589e+01 +(5e-02,1e-01) | 2.82e+05 |  9:4.5e-05  4:6.6e+00
  326 ,  13041 : 4.3498615614149e+01 +(3e-02,1e-01) | 2.97e+05 |  9:4.8e-05  4:6.8e+00
  327 ,  13081 : 4.3490340893177e+01 +(4e-02,1e-01) | 2.99e+05 |  9:4.7e-05  4:6.7e+00
  328 ,  13121 : 4.3503156643501e+01 +(3e-02,1e-01) | 2.89e+05 |  9:4.8e-05  4:6.8e+00
  329 ,  13161 : 4.3487801133242e+01 +(4e-02,1e-01) | 2.96e+05 |  9:4.6e-05  4:6.7e+00
Iterat, #Fevals:   Function Value    (median,worst) |Axis Ratio|idx:Min SD idx:Max SD
  330 ,  13201 : 4.3491523206366e+01 +(4e-02,1e-01) | 2.94e+05 |  9:4.1e-05  4:6.1e+00
  331 ,  13241 : 4.3485277381625e+01 +(4e-02,1e-01) | 3.17e+05 |  9:4.1e-05  4:6.4e+00
  332 ,  13281 : 4.3489260955687e+01 +(3e-02,1e-01) | 3.29e+05 |  9:3.9e-05  4:6.2e+00
  333 ,  13321 : 4.3498966584746e+01 +(3e-02,1e-01) | 3.60e+05 |  9:4.3e-05  4:7.2e+00
  334 ,  13361 : 4.3489932657932e+01 +(4e-02,9e-02) | 3.60e+05 |  9:5.0e-05  4:8.2e+00
  335 ,  13401 : 4.3492663558897e+01 +(4e-02,1e-01) | 3.52e+05 |  9:5.8e-05  4:9.6e+00
  336 ,  13441 : 4.3502747339699e+01 +(3e-02,1e-01) | 3.63e+05 |  9:6.8e-05  4:1.1e+01
  337 ,  13481 : 4.3491761579166e+01 +(4e-02,1e-01) | 3.67e+05 |  9:6.4e-05  4:1.1e+01
  338 ,  13521 : 4.3494780049671e+01 +(3e-02,8e-02) | 3.79e+05 |  9:6.4e-05  4:1.1e+01
  339 ,  13561 : 4.3497503192678e+01 +(3e-02,1e-01) | 3.97e+05 |  9:6.0e-05  4:1.0e+01
Iterat, #Fevals:   Function Value    (median,worst) |Axis Ratio|idx:Min SD idx:Max SD
  340 ,  13601 : 4.3490530692524e+01 +(4e-02,1e-01) | 4.11e+05 |  9:5.4e-05  4:9.3e+00
  341 ,  13641 : 4.3490744811548e+01 +(4e-02,9e-02) | 4.07e+05 |  9:5.3e-05  4:8.9e+00
  342 ,  13681 : 4.3499519690778e+01 +(4e-02,1e-01) | 4.47e+05 |  9:4.8e-05  4:8.5e+00
  343 ,  13721 : 4.3492728606524e+01 +(4e-02,1e-01) | 4.69e+05 |  9:4.9e-05  4:8.5e+00
  344 ,  13761 : 4.3486622912545e+01 +(4e-02,9e-02) | 4.93e+05 |  9:4.4e-05  4:8.0e+00
  345 ,  13801 : 4.3484245299819e+01 +(5e-02,1e-01) | 4.75e+05 |  9:4.1e-05  4:7.2e+00
  346 ,  13841 : 4.3498448220583e+01 +(4e-02,9e-02) | 4.78e+05 |  9:4.8e-05  4:7.7e+00
  347 ,  13881 : 4.3493529128558e+01 +(4e-02,8e-02) | 4.54e+05 |  9:4.3e-05  4:6.6e+00
  348 ,  13921 : 4.3485530586760e+01 +(4e-02,1e-01) | 4.41e+05 |  9:4.8e-05  4:6.9e+00
  349 ,  13961 : 4.3501656122055e+01 +(3e-02,1e-01) | 4.87e+05 |  9:5.4e-05  4:8.2e+00
Iterat, #Fevals:   Function Value    (median,worst) |Axis Ratio|idx:Min SD idx:Max SD
  350 ,  14001 : 4.3483462601733e+01 +(5e-02,1e-01) | 4.67e+05 |  9:5.9e-05  4:8.1e+00
  351 ,  14041 : 4.3496010807230e+01 +(3e-02,1e-01) | 4.71e+05 |  9:5.7e-05  4:7.7e+00
  352 ,  14081 : 4.3495344299854e+01 +(3e-02,1e-01) | 4.67e+05 |  9:6.0e-05  4:7.9e+00
  353 ,  14121 : 4.3491780524782e+01 +(4e-02,1e-01) | 4.80e+05 |  9:6.9e-05  4:8.6e+00
  354 ,  14161 : 4.3491781220187e+01 +(5e-02,9e-02) | 4.96e+05 |  9:6.4e-05  4:8.0e+00
  355 ,  14201 : 4.3500343977867e+01 +(3e-02,7e-02) | 5.07e+05 |  9:6.7e-05  4:8.8e+00
  356 ,  14241 : 4.3495072149672e+01 +(3e-02,1e-01) | 4.99e+05 |  9:7.3e-05  4:9.6e+00
  357 ,  14281 : 4.3498016552238e+01 +(3e-02,8e-02) | 4.23e+05 |  9:8.4e-05  4:1.1e+01
  358 ,  14321 : 4.3507339041838e+01 +(3e-02,7e-02) | 4.09e+05 |  9:7.9e-05  4:1.1e+01
  359 ,  14361 : 4.3504270795354e+01 +(2e-02,1e-01) | 3.85e+05 |  9:7.9e-05  4:1.0e+01
Iterat, #Fevals:   Function Value    (median,worst) |Axis Ratio|idx:Min SD idx:Max SD
  360 ,  14401 : 4.3498122164667e+01 +(3e-02,1e-01) | 4.09e+05 |  9:7.3e-05  4:9.9e+00
  361 ,  14441 : 4.3496425451856e+01 +(3e-02,7e-02) | 4.03e+05 |  9:6.4e-05  4:8.3e+00
  362 ,  14481 : 4.3490167542282e+01 +(4e-02,1e-01) | 4.09e+05 |  9:6.0e-05  4:7.7e+00
  363 ,  14521 : 4.3483901462644e+01 +(5e-02,1e-01) | 4.36e+05 |  9:6.2e-05  4:8.3e+00
  364 ,  14561 : 4.3500660375244e+01 +(3e-02,9e-02) | 4.25e+05 |  9:5.9e-05  4:8.0e+00
  365 ,  14601 : 4.3500644230939e+01 +(4e-02,9e-02) | 4.11e+05 |  9:5.6e-05  4:7.4e+00
  366 ,  14641 : 4.3495338356389e+01 +(3e-02,1e-01) | 4.05e+05 |  9:6.0e-05  4:7.2e+00
  367 ,  14681 : 4.3493183610215e+01 +(4e-02,9e-02) | 3.95e+05 |  9:5.6e-05  4:6.5e+00
  368 ,  14721 : 4.3506762837084e+01 +(3e-02,8e-02) | 4.34e+05 |  9:5.0e-05  4:6.0e+00
  369 ,  14761 : 4.3497186234702e+01 +(3e-02,1e-01) | 4.18e+05 |  9:6.9e-05  4:7.7e+00
Iterat, #Fevals:   Function Value    (median,worst) |Axis Ratio|idx:Min SD idx:Max SD
  370 ,  14801 : 4.3493479882995e+01 +(4e-02,8e-02) | 4.16e+05 |  9:8.7e-05  4:8.5e+00
  371 ,  14841 : 4.3487322193402e+01 +(5e-02,1e-01) | 4.15e+05 |  9:8.6e-05  4:8.6e+00
  372 ,  14881 : 4.3499576866633e+01 +(3e-02,8e-02) | 4.21e+05 |  9:7.9e-05  4:7.7e+00
  373 ,  14921 : 4.3508087437357e+01 +(3e-02,6e-02) | 4.28e+05 |  9:7.1e-05  4:7.0e+00
  374 ,  14961 : 4.3498789436569e+01 +(3e-02,5e-02) | 4.18e+05 |  9:6.7e-05  4:6.7e+00
  375 ,  15001 : 4.3492532898230e+01 +(3e-02,1e-01) | 4.03e+05 |  9:5.8e-05  4:5.5e+00
  376 ,  15041 : 4.3492410404322e+01 +(4e-02,1e-01) | 4.18e+05 |  9:5.3e-05  4:5.3e+00
  377 ,  15081 : 4.3491999594061e+01 +(3e-02,1e-01) | 4.11e+05 |  9:5.6e-05  4:5.5e+00
  378 ,  15121 : 4.3500792771681e+01 +(3e-02,8e-02) | 4.09e+05 |  9:5.2e-05  4:5.2e+00
  379 ,  15161 : 4.3496313163345e+01 +(3e-02,1e-01) | 4.26e+05 |  9:5.3e-05  4:5.2e+00
Iterat, #Fevals:   Function Value    (median,worst) |Axis Ratio|idx:Min SD idx:Max SD
  380 ,  15201 : 4.3502662494726e+01 +(3e-02,9e-02) | 4.39e+05 |  9:6.2e-05  4:6.1e+00
  381 ,  15241 : 4.3499369384795e+01 +(3e-02,1e-01) | 4.40e+05 |  9:6.1e-05  4:6.4e+00
  382 ,  15281 : 4.3501634149052e+01 +(3e-02,9e-02) | 4.53e+05 |  9:6.5e-05  4:6.5e+00
  383 ,  15321 : 4.3504116729875e+01 +(3e-02,6e-02) | 4.70e+05 |  9:5.5e-05  4:5.8e+00
  384 ,  15361 : 4.3493994866757e+01 +(3e-02,9e-02) | 5.27e+05 |  9:5.8e-05  4:6.6e+00
  385 ,  15401 : 4.3489306008835e+01 +(4e-02,8e-02) | 5.53e+05 |  9:7.1e-05  4:8.2e+00
  386 ,  15441 : 4.3497588945169e+01 +(3e-02,1e-01) | 5.86e+05 |  9:6.8e-05  4:8.0e+00
  387 ,  15481 : 4.3488616240541e+01 +(4e-02,1e-01) | 5.75e+05 |  9:6.6e-05  4:7.9e+00
  388 ,  15521 : 4.3504518493682e+01 +(2e-02,5e-02) | 5.33e+05 |  9:7.3e-05  4:8.4e+00
  389 ,  15561 : 4.3496661244622e+01 +(4e-02,9e-02) | 5.41e+05 |  9:6.9e-05  4:7.7e+00
Iterat, #Fevals:   Function Value    (median,worst) |Axis Ratio|idx:Min SD idx:Max SD
  390 ,  15601 : 4.3503630422465e+01 +(3e-02,8e-02) | 5.30e+05 |  9:6.6e-05  4:7.0e+00
  391 ,  15641 : 4.3490502406402e+01 +(4e-02,9e-02) | 5.54e+05 |  9:5.9e-05  4:6.7e+00
  392 ,  15681 : 4.3498802595028e+01 +(3e-02,9e-02) | 5.66e+05 |  9:5.6e-05  4:6.5e+00
  393 ,  15721 : 4.3497777880602e+01 +(3e-02,9e-02) | 5.55e+05 |  9:4.8e-05  4:5.6e+00
  394 ,  15761 : 4.3495930212103e+01 +(3e-02,1e-01) | 5.53e+05 |  9:4.6e-05  4:5.5e+00
  395 ,  15801 : 4.3487032799127e+01 +(4e-02,1e-01) | 5.74e+05 |  9:3.6e-05  4:4.4e+00
  396 ,  15841 : 4.3486336268069e+01 +(4e-02,9e-02) | 5.90e+05 |  9:3.1e-05  4:3.7e+00
  397 ,  15881 : 4.3504820837442e+01 +(3e-02,7e-02) | 6.06e+05 |  9:3.5e-05  4:4.0e+00
  398 ,  15921 : 4.3500330818855e+01 +(3e-02,7e-02) | 6.41e+05 |  9:3.9e-05  4:4.8e+00
  399 ,  15961 : 4.3496256131659e+01 +(4e-02,8e-02) | 6.60e+05 |  9:3.3e-05  4:4.3e+00
Iterat, #Fevals:   Function Value    (median,worst) |Axis Ratio|idx:Min SD idx:Max SD
  400 ,  16001 : 4.3492302624248e+01 +(3e-02,9e-02) | 6.78e+05 |  9:3.3e-05  4:4.3e+00
  401 ,  16041 : 4.3498148764041e+01 +(3e-02,8e-02) | 7.61e+05 |  9:3.6e-05  4:5.3e+00
  402 ,  16081 : 4.3494729312308e+01 +(4e-02,1e-01) | 8.01e+05 |  9:3.4e-05  4:5.1e+00
  403 ,  16121 : 4.3497556208665e+01 +(4e-02,1e-01) | 7.99e+05 |  9:3.3e-05  4:4.4e+00
  404 ,  16161 : 4.3488642291439e+01 +(4e-02,1e-01) | 7.87e+05 |  9:3.7e-05  4:4.7e+00
  405 ,  16201 : 4.3494736579647e+01 +(4e-02,9e-02) | 7.79e+05 |  9:3.8e-05  4:4.8e+00
  406 ,  16241 : 4.3494332430892e+01 +(3e-02,1e-01) | 8.35e+05 |  9:4.1e-05  4:5.1e+00
  407 ,  16281 : 4.3484049410590e+01 +(5e-02,1e-01) | 8.76e+05 |  9:4.1e-05  4:5.2e+00
  408 ,  16321 : 4.3495286560665e+01 +(3e-02,8e-02) | 8.66e+05 |  9:3.8e-05  4:4.8e+00
  409 ,  16361 : 4.3493910504521e+01 +(3e-02,9e-02) | 9.46e+05 |  9:3.4e-05  4:4.8e+00
Iterat, #Fevals:   Function Value    (median,worst) |Axis Ratio|idx:Min SD idx:Max SD
  410 ,  16401 : 4.3502564445102e+01 +(3e-02,1e-01) | 9.39e+05 |  9:3.0e-05  4:4.1e+00
  411 ,  16441 : 4.3486525728107e+01 +(4e-02,1e-01) | 9.86e+05 |  9:3.3e-05  4:4.3e+00
  412 ,  16481 : 4.3488478022580e+01 +(5e-02,1e-01) | 9.81e+05 |  9:3.2e-05  4:4.1e+00
  413 ,  16521 : 4.3490586440887e+01 +(3e-02,8e-02) | 9.88e+05 |  9:3.0e-05  4:3.8e+00
  414 ,  16561 : 4.3486212173912e+01 +(4e-02,1e-01) | 1.01e+06 |  9:2.7e-05  4:3.3e+00
  415 ,  16601 : 4.3492510672881e+01 +(3e-02,1e-01) | 1.00e+06 |  9:2.6e-05  4:3.3e+00
  416 ,  16641 : 4.3497292777012e+01 +(3e-02,1e-01) | 1.02e+06 |  9:2.2e-05  4:2.8e+00
  417 ,  16681 : 4.3489383619809e+01 +(4e-02,1e-01) | 1.06e+06 |  9:2.1e-05  4:2.6e+00
  418 ,  16721 : 4.3494733301968e+01 +(3e-02,1e-01) | 1.08e+06 |  9:2.0e-05  4:2.5e+00
  419 ,  16761 : 4.3496876606213e+01 +(3e-02,8e-02) | 1.10e+06 |  9:2.2e-05  4:2.8e+00
Iterat, #Fevals:   Function Value    (median,worst) |Axis Ratio|idx:Min SD idx:Max SD
  420 ,  16801 : 4.3505416154602e+01 +(3e-02,9e-02) | 1.08e+06 |  9:2.4e-05  4:2.9e+00
  421 ,  16841 : 4.3494400810563e+01 +(4e-02,1e-01) | 9.96e+05 |  9:2.3e-05  4:2.8e+00
  422 ,  16881 : 4.3490357535854e+01 +(4e-02,1e-01) | 1.07e+06 |  9:2.2e-05  4:2.7e+00
  423 ,  16921 : 4.3490995945490e+01 +(3e-02,9e-02) | 1.06e+06 |  9:2.3e-05  4:2.9e+00
  424 ,  16961 : 4.3485510334396e+01 +(4e-02,8e-02) | 1.06e+06 |  9:2.1e-05  4:2.6e+00
  425 ,  17001 : 4.3497479095592e+01 +(3e-02,1e-01) | 1.22e+06 |  9:2.0e-05  4:2.7e+00
  426 ,  17041 : 4.3498375952919e+01 +(3e-02,1e-01) | 1.20e+06 |  9:2.1e-05  4:2.6e+00
  427 ,  17081 : 4.3495237157696e+01 +(3e-02,9e-02) | 1.22e+06 |  9:1.6e-05  4:2.1e+00
  428 ,  17121 : 4.3484954128255e+01 +(4e-02,1e-01) | 1.23e+06 |  9:1.7e-05  4:2.0e+00
  429 ,  17161 : 4.3491882361022e+01 +(4e-02,1e-01) | 1.22e+06 |  9:1.6e-05  4:1.9e+00
Iterat, #Fevals:   Function Value    (median,worst) |Axis Ratio|idx:Min SD idx:Max SD
  430 ,  17201 : 4.3497072935818e+01 +(3e-02,7e-02) | 1.24e+06 |  9:1.5e-05  4:1.8e+00
  431 ,  17241 : 4.3495290261501e+01 +(4e-02,1e-01) | 1.25e+06 |  9:1.7e-05  4:1.9e+00
  432 ,  17281 : 4.3496004718718e+01 +(3e-02,7e-02) | 1.25e+06 |  9:1.7e-05  4:2.0e+00
  433 ,  17321 : 4.3485630181002e+01 +(4e-02,1e-01) | 1.24e+06 |  9:1.9e-05  4:2.3e+00
  434 ,  17361 : 4.3486016764516e+01 +(4e-02,8e-02) | 1.31e+06 |  9:2.2e-05  4:2.5e+00
  435 ,  17401 : 4.3503537904248e+01 +(3e-02,9e-02) | 1.30e+06 |  9:2.2e-05  4:2.5e+00
  436 ,  17441 : 4.3486020499887e+01 +(4e-02,9e-02) | 1.29e+06 |  9:1.9e-05  4:2.3e+00
  437 ,  17481 : 4.3493389481967e+01 +(3e-02,1e-01) | 1.32e+06 |  9:2.2e-05  4:2.4e+00
  438 ,  17521 : 4.3480361363724e+01 +(4e-02,1e-01) | 1.43e+06 |  9:1.9e-05  4:2.2e+00
  439 ,  17561 : 4.3485733606721e+01 +(5e-02,9e-02) | 1.40e+06 |  9:1.7e-05  4:2.0e+00
Iterat, #Fevals:   Function Value    (median,worst) |Axis Ratio|idx:Min SD idx:Max SD
  440 ,  17601 : 4.3487116881603e+01 +(4e-02,1e-01) | 1.40e+06 |  9:1.7e-05  4:2.1e+00
  441 ,  17641 : 4.3500731303292e+01 +(3e-02,7e-02) | 1.44e+06 |  9:1.6e-05  4:1.9e+00
  442 ,  17681 : 4.3491549218128e+01 +(4e-02,1e-01) | 1.50e+06 |  9:1.6e-05  4:2.0e+00
  443 ,  17721 : 4.3489282017163e+01 +(4e-02,1e-01) | 1.47e+06 |  9:1.5e-05  4:1.8e+00
  444 ,  17761 : 4.3501189854644e+01 +(3e-02,9e-02) | 1.52e+06 |  9:1.6e-05  4:1.9e+00
  445 ,  17801 : 4.3488556634584e+01 +(4e-02,8e-02) | 1.50e+06 |  9:1.5e-05  4:1.8e+00
  446 ,  17841 : 4.3502492805550e+01 +(2e-02,5e-02) | 1.44e+06 |  9:1.9e-05  4:2.2e+00
  447 ,  17881 : 4.3486141840298e+01 +(3e-02,1e-01) | 1.42e+06 |  9:2.4e-05  4:2.7e+00
  448 ,  17921 : 4.3489473995484e+01 +(3e-02,9e-02) | 1.41e+06 |  9:2.3e-05  4:2.7e+00
  449 ,  17961 : 4.3497684478749e+01 +(3e-02,8e-02) | 1.35e+06 |  9:2.5e-05  4:3.0e+00
Iterat, #Fevals:   Function Value    (median,worst) |Axis Ratio|idx:Min SD idx:Max SD
  450 ,  18001 : 4.3503815323012e+01 +(3e-02,8e-02) | 1.37e+06 |  9:2.7e-05  4:3.1e+00
  451 ,  18041 : 4.3485795411747e+01 +(5e-02,1e-01) | 1.33e+06 |  9:2.6e-05  4:3.0e+00
  452 ,  18081 : 4.3480513121022e+01 +(5e-02,1e-01) | 1.33e+06 |  9:2.4e-05  4:2.8e+00
  453 ,  18121 : 4.3491847624233e+01 +(3e-02,1e-01) | 1.31e+06 |  9:2.3e-05  4:2.6e+00
  454 ,  18161 : 4.3501766539376e+01 +(3e-02,8e-02) | 1.32e+06 |  9:2.2e-05  4:2.6e+00
  455 ,  18201 : 4.3498154841013e+01 +(3e-02,8e-02) | 1.31e+06 |  9:2.2e-05  4:2.6e+00
  456 ,  18241 : 4.3480516706160e+01 +(5e-02,1e-01) | 1.35e+06 |  9:1.9e-05  4:2.4e+00
  457 ,  18281 : 4.3489811274972e+01 +(4e-02,1e-01) | 1.45e+06 |  9:1.6e-05  4:2.2e+00
  458 ,  18321 : 4.3498505049560e+01 +(3e-02,1e-01) | 1.43e+06 |  9:1.4e-05  4:1.9e+00
  459 ,  18361 : 4.3493228640842e+01 +(4e-02,8e-02) | 1.46e+06 |  9:1.4e-05  4:1.9e+00
Iterat, #Fevals:   Function Value    (median,worst) |Axis Ratio|idx:Min SD idx:Max SD
  460 ,  18401 : 4.3493849644654e+01 +(3e-02,1e-01) | 1.45e+06 |  9:1.3e-05  4:1.7e+00
  461 ,  18441 : 4.3499019824359e+01 +(3e-02,7e-02) | 1.38e+06 |  9:1.1e-05  4:1.5e+00
  462 ,  18481 : 4.3498842249757e+01 +(4e-02,1e-01) | 1.49e+06 |  9:1.1e-05  4:1.5e+00
  463 ,  18521 : 4.3496106953743e+01 +(3e-02,1e-01) | 1.53e+06 |  9:1.4e-05  4:2.1e+00
  464 ,  18561 : 4.3496054354935e+01 +(3e-02,9e-02) | 1.51e+06 |  9:1.4e-05  4:2.1e+00
  465 ,  18601 : 4.3493969999310e+01 +(3e-02,1e-01) | 1.45e+06 |  9:1.5e-05  4:2.1e+00
  466 ,  18641 : 4.3488549209505e+01 +(4e-02,1e-01) | 1.49e+06 |  9:1.5e-05  4:2.2e+00
  467 ,  18681 : 4.3502549019314e+01 +(3e-02,8e-02) | 1.55e+06 |  9:1.6e-05  4:2.4e+00
  468 ,  18721 : 4.3493765455807e+01 +(4e-02,1e-01) | 1.68e+06 |  9:1.6e-05  4:2.5e+00
  469 ,  18761 : 4.3489255651137e+01 +(4e-02,1e-01) | 1.64e+06 |  9:1.7e-05  4:2.7e+00
Iterat, #Fevals:   Function Value    (median,worst) |Axis Ratio|idx:Min SD idx:Max SD
  470 ,  18801 : 4.3494651175223e+01 +(3e-02,1e-01) | 1.67e+06 |  9:1.7e-05  4:2.8e+00
  471 ,  18841 : 4.3496538197698e+01 +(3e-02,8e-02) | 1.72e+06 |  9:1.7e-05  4:2.7e+00
  472 ,  18881 : 4.3497964230861e+01 +(3e-02,9e-02) | 1.80e+06 |  9:1.6e-05  4:2.7e+00
  473 ,  18921 : 4.3499871237941e+01 +(2e-02,1e-01) | 1.84e+06 |  9:1.7e-05  4:2.9e+00
  474 ,  18961 : 4.3495993530128e+01 +(4e-02,1e-01) | 1.89e+06 |  9:1.9e-05  4:3.4e+00
  475 ,  19001 : 4.3488760065134e+01 +(3e-02,1e-01) | 2.01e+06 |  9:2.3e-05  4:4.1e+00
  476 ,  19041 : 4.3488504688399e+01 +(4e-02,8e-02) | 2.24e+06 |  9:2.5e-05  4:4.8e+00
  477 ,  19081 : 4.3495824209822e+01 +(4e-02,9e-02) | 2.18e+06 |  9:2.3e-05  4:4.1e+00
  478 ,  19121 : 4.3494023493612e+01 +(4e-02,1e-01) | 2.23e+06 |  9:2.2e-05  4:3.7e+00
  479 ,  19161 : 4.3494154679635e+01 +(3e-02,9e-02) | 2.29e+06 |  9:2.1e-05  4:3.7e+00
Iterat, #Fevals:   Function Value    (median,worst) |Axis Ratio|idx:Min SD idx:Max SD
  480 ,  19201 : 4.3485869449163e+01 +(4e-02,9e-02) | 2.41e+06 |  9:2.0e-05  4:3.6e+00
  481 ,  19241 : 4.3486424351698e+01 +(4e-02,9e-02) | 2.49e+06 |  9:1.8e-05  4:3.4e+00
  482 ,  19281 : 4.3498568094455e+01 +(3e-02,7e-02) | 2.41e+06 |  9:1.8e-05  4:3.3e+00
  483 ,  19321 : 4.3495348637476e+01 +(4e-02,1e-01) | 2.51e+06 |  9:1.9e-05  4:3.5e+00
  484 ,  19361 : 4.3502597145780e+01 +(3e-02,8e-02) | 2.64e+06 |  9:2.0e-05  4:3.6e+00
  485 ,  19401 : 4.3496257325481e+01 +(3e-02,1e-01) | 2.72e+06 |  9:2.0e-05  4:3.8e+00
  486 ,  19441 : 4.3491880440742e+01 +(3e-02,1e-01) | 2.91e+06 |  9:2.1e-05  4:4.1e+00
  487 ,  19481 : 4.3494126383183e+01 +(4e-02,8e-02) | 2.92e+06 |  9:2.1e-05  4:4.3e+00
  488 ,  19521 : 4.3494993981823e+01 +(4e-02,7e-02) | 3.00e+06 |  9:2.8e-05  4:4.8e+00
  489 ,  19561 : 4.3488832893482e+01 +(4e-02,1e-01) | 3.18e+06 |  9:2.8e-05  4:4.8e+00
Iterat, #Fevals:   Function Value    (median,worst) |Axis Ratio|idx:Min SD idx:Max SD
  490 ,  19601 : 4.3486529963013e+01 +(4e-02,1e-01) | 3.48e+06 |  9:2.7e-05  4:4.8e+00
  491 ,  19641 : 4.3483171778902e+01 +(4e-02,1e-01) | 3.57e+06 |  9:2.4e-05  4:4.4e+00
  492 ,  19681 : 4.3498704658075e+01 +(3e-02,8e-02) | 3.85e+06 |  9:2.3e-05  4:4.3e+00
  493 ,  19721 : 4.3496274482818e+01 +(3e-02,1e-01) | 3.62e+06 |  9:2.2e-05  4:4.0e+00
  494 ,  19761 : 4.3494268353179e+01 +(3e-02,9e-02) | 3.83e+06 |  9:2.6e-05  4:4.7e+00
  495 ,  19801 : 4.3496191425488e+01 +(3e-02,9e-02) | 4.04e+06 |  9:2.5e-05  4:4.6e+00
  496 ,  19841 : 4.3491803017198e+01 +(3e-02,1e-01) | 3.94e+06 |  9:2.5e-05  4:4.4e+00
  497 ,  19881 : 4.3493974033527e+01 +(3e-02,9e-02) | 3.82e+06 |  9:2.4e-05  4:4.2e+00
  498 ,  19921 : 4.3488992744737e+01 +(4e-02,8e-02) | 3.82e+06 |  9:2.6e-05  4:4.3e+00
  499 ,  19961 : 4.3499887580357e+01 +(4e-02,9e-02) | 3.93e+06 |  9:2.6e-05  4:4.4e+00
Iterat, #Fevals:   Function Value    (median,worst) |Axis Ratio|idx:Min SD idx:Max SD
  500 ,  20001 : 4.3499682505581e+01 +(3e-02,8e-02) | 4.25e+06 |  9:3.1e-05  4:5.0e+00
  501 ,  20041 : 4.3482711290635e+01 +(5e-02,1e-01) | 4.38e+06 |  9:3.1e-05  4:5.0e+00
  502 ,  20081 : 4.3499879624810e+01 +(3e-02,8e-02) | 4.44e+06 |  9:2.9e-05  4:4.8e+00
  503 ,  20121 : 4.3493640190646e+01 +(4e-02,1e-01) | 4.40e+06 |  9:3.1e-05  4:4.9e+00
  504 ,  20161 : 4.3497389804902e+01 +(3e-02,8e-02) | 4.56e+06 |  9:3.1e-05  4:4.9e+00
  505 ,  20201 : 4.3480891805192e+01 +(4e-02,1e-01) | 4.67e+06 |  9:3.5e-05  4:5.5e+00
  506 ,  20241 : 4.3490641016594e+01 +(4e-02,1e-01) | 4.73e+06 |  9:4.2e-05  4:6.5e+00
  507 ,  20281 : 4.3499530075487e+01 +(2e-02,7e-02) | 4.96e+06 |  9:4.4e-05  4:7.6e+00
  508 ,  20321 : 4.3487388795441e+01 +(4e-02,1e-01) | 4.91e+06 |  9:4.3e-05  4:7.5e+00
  509 ,  20361 : 4.3491078783678e+01 +(5e-02,1e-01) | 5.03e+06 |  9:4.3e-05  4:7.6e+00
Iterat, #Fevals:   Function Value    (median,worst) |Axis Ratio|idx:Min SD idx:Max SD
  510 ,  20401 : 4.3499717565444e+01 +(3e-02,8e-02) | 4.96e+06 |  9:4.3e-05  4:7.7e+00
  511 ,  20441 : 4.3484134409332e+01 +(4e-02,1e-01) | 4.97e+06 |  9:4.1e-05  4:7.2e+00
  512 ,  20481 : 4.3497026584434e+01 +(3e-02,1e-01) | 4.98e+06 |  9:3.9e-05  4:6.8e+00
  513 ,  20521 : 4.3482491561655e+01 +(5e-02,1e-01) | 4.76e+06 |  9:3.6e-05  4:6.5e+00
  514 ,  20561 : 4.3487454603781e+01 +(4e-02,9e-02) | 5.26e+06 |  9:3.8e-05  4:7.0e+00
  515 ,  20601 : 4.3491885358250e+01 +(3e-02,1e-01) | 5.09e+06 |  9:3.9e-05  4:7.4e+00
  516 ,  20641 : 4.3499173157402e+01 +(3e-02,8e-02) | 5.05e+06 |  9:4.2e-05  4:7.8e+00
  517 ,  20681 : 4.3493573472882e+01 +(3e-02,9e-02) | 4.93e+06 |  9:3.4e-05  4:6.4e+00
  518 ,  20721 : 4.3490143457587e+01 +(4e-02,9e-02) | 4.95e+06 |  9:3.4e-05  4:6.4e+00
  519 ,  20761 : 4.3488378409662e+01 +(4e-02,1e-01) | 5.12e+06 |  9:3.5e-05  4:6.4e+00
Iterat, #Fevals:   Function Value    (median,worst) |Axis Ratio|idx:Min SD idx:Max SD
  520 ,  20801 : 4.3490556954437e+01 +(3e-02,8e-02) | 5.23e+06 |  9:3.6e-05  4:6.6e+00
  521 ,  20841 : 4.3499027164971e+01 +(3e-02,1e-01) | 5.43e+06 |  9:3.4e-05  4:6.5e+00
  522 ,  20881 : 4.3485878603530e+01 +(4e-02,9e-02) | 4.97e+06 |  9:3.7e-05  4:7.2e+00
  523 ,  20921 : 4.3497639342985e+01 +(4e-02,1e-01) | 4.87e+06 |  9:3.9e-05  4:7.4e+00
  524 ,  20961 : 4.3482705371926e+01 +(4e-02,1e-01) | 4.47e+06 |  9:3.8e-05  4:7.1e+00
  525 ,  21001 : 4.3493702572728e+01 +(4e-02,1e-01) | 4.20e+06 |  9:3.7e-05  4:6.8e+00
  526 ,  21041 : 4.3500126391464e+01 +(3e-02,9e-02) | 4.07e+06 |  9:3.8e-05  4:6.7e+00
  527 ,  21081 : 4.3488270961188e+01 +(3e-02,1e-01) | 4.30e+06 |  9:4.6e-05  4:8.3e+00
  528 ,  21121 : 4.3494294930781e+01 +(4e-02,9e-02) | 4.53e+06 |  9:4.9e-05  4:8.8e+00
  529 ,  21161 : 4.3481013436763e+01 +(4e-02,1e-01) | 4.27e+06 |  9:5.5e-05  4:1.0e+01
Iterat, #Fevals:   Function Value    (median,worst) |Axis Ratio|idx:Min SD idx:Max SD
  530 ,  21201 : 4.3496889274076e+01 +(3e-02,1e-01) | 4.26e+06 |  9:5.7e-05  4:9.9e+00
  531 ,  21241 : 4.3493721606760e+01 +(3e-02,7e-02) | 4.36e+06 |  9:5.3e-05  4:9.7e+00
  532 ,  21281 : 4.3495061205521e+01 +(3e-02,1e-01) | 4.44e+06 |  9:5.2e-05  4:1.0e+01
  533 ,  21321 : 4.3490089736944e+01 +(4e-02,1e-01) | 4.09e+06 |  9:5.7e-05  4:1.0e+01
  534 ,  21361 : 4.3499612333021e+01 +(2e-02,1e-01) | 4.09e+06 |  9:6.2e-05  4:1.1e+01
  535 ,  21401 : 4.3490737460736e+01 +(4e-02,1e-01) | 4.07e+06 |  9:5.3e-05  4:9.7e+00
  536 ,  21441 : 4.3499718189016e+01 +(3e-02,9e-02) | 3.95e+06 |  9:4.9e-05  4:8.6e+00
  537 ,  21481 : 4.3493517561104e+01 +(3e-02,8e-02) | 4.11e+06 |  9:4.9e-05  4:8.9e+00
  538 ,  21521 : 4.3501528360335e+01 +(3e-02,8e-02) | 4.21e+06 |  9:4.9e-05  4:9.1e+00
  539 ,  21561 : 4.3504521897951e+01 +(3e-02,7e-02) | 4.23e+06 |  9:4.8e-05  4:8.7e+00
Iterat, #Fevals:   Function Value    (median,worst) |Axis Ratio|idx:Min SD idx:Max SD
  540 ,  21601 : 4.3485717204228e+01 +(4e-02,1e-01) | 4.64e+06 |  9:4.4e-05  4:8.0e+00
  541 ,  21641 : 4.3501412530953e+01 +(4e-02,1e-01) | 4.76e+06 |  9:4.4e-05  4:8.4e+00
  542 ,  21681 : 4.3487127644926e+01 +(5e-02,1e-01) | 4.85e+06 |  9:4.6e-05  4:8.6e+00
  543 ,  21721 : 4.3493401225007e+01 +(4e-02,1e-01) | 5.09e+06 |  9:4.3e-05  4:8.2e+00
  544 ,  21761 : 4.3484021116724e+01 +(5e-02,1e-01) | 5.18e+06 |  9:4.2e-05  4:8.4e+00
  545 ,  21801 : 4.3498254836640e+01 +(3e-02,1e-01) | 5.32e+06 |  9:3.7e-05  4:7.5e+00
