
                            < M A T L A B (R) >
                  Copyright 1984-2015 The MathWorks, Inc.
                   R2015a (8.5.0.197613) 64-bit (glnxa64)
                             February 12, 2015

 
For online documentation, see http://www.mathworks.com/support
For product information, visit www.mathworks.com.
 

	Academic License


seed =

                104.201657


Initialtheta =

          1652.98948415434
                  10000000
                 100000000
                         1
          372.615565068358
                      1000
        0.0288440063396784
                        10
          776.981130824647

  n=9: (20,40)-CMA-ES(w=[17 13 11... 0.42 0.14]%, ]%, mu_eff=11.3) on function Error
Iterat, #Fevals:   Function Value    (median,worst) |Axis Ratio|idx:Min SD idx:Max SD
    1 ,     41 : 1.4258118051820e+02 +(2e+08,5e+15) | 1.13e+04 |  9:2.6e-01  4:2.9e+03
    2 ,     81 : 1.0206379181886e+02 +(2e+02,3e+14) | 1.19e+04 |  9:3.0e-01  4:3.4e+03
    3 ,    121 : 2.8010064611807e+02 +(1e+05,7e+15) | 1.21e+04 |  9:3.6e-01  4:4.1e+03
    4 ,    161 : 2.2902676389559e+02 +(2e+04,1e+16) | 1.26e+04 |  9:3.9e-01  4:4.7e+03
    5 ,    201 : 2.8350171960456e+02 +(6e+03,1e+15) | 1.30e+04 |  9:3.8e-01  4:4.7e+03
    6 ,    241 : 8.1564207997978e+01 +(7e+02,2e+14) | 1.30e+04 |  9:3.5e-01  4:4.3e+03
    7 ,    281 : 2.8624685114190e+02 +(1e+03,3e+08) | 1.28e+04 |  9:2.9e-01  4:3.6e+03
    8 ,    321 : 5.1262459187680e+01 +(2e+02,3e+15) | 1.25e+04 |  9:2.6e-01  4:3.2e+03
    9 ,    361 : 5.8556144242305e+01 +(2e+02,7e+08) | 1.26e+04 |  9:2.4e-01  4:2.9e+03
Iterat, #Fevals:   Function Value    (median,worst) |Axis Ratio|idx:Min SD idx:Max SD
   10 ,    401 : 6.1776930577827e+01 +(5e+02,1e+09) | 1.23e+04 |  9:2.3e-01  4:2.7e+03
   11 ,    441 : 5.4331223825032e+01 +(4e+02,2e+07) | 1.26e+04 |  9:2.5e-01  4:2.9e+03
   12 ,    481 : 7.8039240383529e+01 +(2e+02,2e+07) | 1.22e+04 |  9:2.4e-01  4:2.7e+03
   13 ,    521 : 8.2939047877924e+01 +(2e+02,2e+07) | 1.27e+04 |  9:2.2e-01  4:2.6e+03
   14 ,    561 : 5.0449976937174e+01 +(2e+02,5e+14) | 1.30e+04 |  9:1.8e-01  4:2.2e+03
   15 ,    601 : 9.3591723773854e+01 +(4e+02,5e+06) | 1.35e+04 |  9:1.9e-01  4:2.3e+03
   16 ,    641 : 1.2090455374817e+02 +(2e+02,3e+05) | 1.39e+04 |  9:1.6e-01  4:1.9e+03
   17 ,    681 : 5.0188625091349e+01 +(2e+02,4e+05) | 1.52e+04 |  9:1.7e-01  4:2.2e+03
   18 ,    721 : 1.5161857578941e+02 +(1e+02,3e+05) | 1.64e+04 |  9:1.7e-01  4:2.5e+03
   19 ,    761 : 5.0827025945972e+01 +(2e+02,5e+04) | 1.65e+04 |  6:1.6e-01  4:2.2e+03
Iterat, #Fevals:   Function Value    (median,worst) |Axis Ratio|idx:Min SD idx:Max SD
   20 ,    801 : 5.1856508251838e+01 +(2e+02,1e+05) | 1.61e+04 |  9:1.2e-01  4:1.7e+03
   21 ,    841 : 5.2279840142463e+01 +(2e+02,3e+04) | 1.63e+04 |  9:1.2e-01  4:1.7e+03
   22 ,    881 : 4.9123981679238e+01 +(2e+02,5e+04) | 1.62e+04 |  8:9.9e-02  4:1.4e+03
   23 ,    921 : 4.7734880907046e+01 +(2e+02,2e+04) | 1.63e+04 |  8:8.1e-02  4:1.2e+03
   24 ,    961 : 5.0954564297657e+01 +(2e+02,6e+03) | 1.82e+04 |  8:7.9e-02  4:1.3e+03
   25 ,   1001 : 4.7332682370947e+01 +(2e+02,5e+03) | 2.10e+04 |  8:6.6e-02  4:1.2e+03
   26 ,   1041 : 4.7317132597568e+01 +(2e+02,2e+04) | 2.21e+04 |  8:6.3e-02  4:1.2e+03
   27 ,   1081 : 4.7680098250788e+01 +(1e+02,4e+03) | 2.28e+04 |  8:6.1e-02  4:1.1e+03
   28 ,   1121 : 5.0654011896722e+01 +(1e+02,3e+03) | 2.43e+04 |  8:6.1e-02  4:1.2e+03
   29 ,   1161 : 4.8316837042757e+01 +(2e+02,7e+03) | 2.63e+04 |  8:5.6e-02  4:1.2e+03
Iterat, #Fevals:   Function Value    (median,worst) |Axis Ratio|idx:Min SD idx:Max SD
   30 ,   1201 : 4.8668619956584e+01 +(1e+02,1e+03) | 2.82e+04 |  8:4.9e-02  4:1.1e+03
   31 ,   1241 : 4.8056359470464e+01 +(9e+01,7e+02) | 3.20e+04 |  8:5.7e-02  4:1.3e+03
   32 ,   1281 : 4.8027258807618e+01 +(1e+02,5e+02) | 3.56e+04 |  8:5.9e-02  4:1.5e+03
   33 ,   1321 : 4.7507785193884e+01 +(8e+01,4e+03) | 3.83e+04 |  8:5.4e-02  4:1.4e+03
   34 ,   1361 : 4.7608710428212e+01 +(5e+01,2e+03) | 3.93e+04 |  8:5.1e-02  4:1.3e+03
   35 ,   1401 : 4.8098804812693e+01 +(7e+01,2e+02) | 4.18e+04 |  8:4.7e-02  4:1.3e+03
   36 ,   1441 : 4.8936656855754e+01 +(4e+01,3e+02) | 4.30e+04 |  8:4.4e-02  4:1.2e+03
   37 ,   1481 : 4.7709427863582e+01 +(5e+01,5e+02) | 4.24e+04 |  8:3.9e-02  4:9.7e+02
   38 ,   1521 : 4.7165764453288e+01 +(2e+01,5e+02) | 4.45e+04 |  8:4.2e-02  4:1.0e+03
   39 ,   1561 : 4.7413323019946e+01 +(3e+01,4e+02) | 4.71e+04 |  8:3.9e-02  4:9.3e+02
Iterat, #Fevals:   Function Value    (median,worst) |Axis Ratio|idx:Min SD idx:Max SD
   40 ,   1601 : 4.8053531427913e+01 +(3e+01,2e+02) | 5.07e+04 |  8:3.9e-02  4:9.8e+02
   41 ,   1641 : 4.7632711056097e+01 +(2e+01,2e+02) | 5.24e+04 |  8:4.5e-02  4:1.1e+03
   42 ,   1681 : 4.7239315615915e+01 +(3e+01,2e+02) | 5.43e+04 |  8:4.7e-02  4:1.1e+03
   43 ,   1721 : 4.6683295483684e+01 +(1e+01,3e+02) | 5.84e+04 |  8:4.7e-02  4:1.2e+03
   44 ,   1761 : 4.6540670110511e+01 +(2e+01,6e+02) | 6.25e+04 |  8:4.7e-02  4:1.3e+03
   45 ,   1801 : 4.6589833388122e+01 +(2e+01,2e+02) | 6.53e+04 |  8:3.6e-02  4:9.7e+02
   46 ,   1841 : 4.6458768026382e+01 +(1e+01,2e+02) | 6.72e+04 |  8:3.2e-02  4:8.6e+02
   47 ,   1881 : 4.5980048732220e+01 +(9e+00,1e+02) | 6.98e+04 |  8:3.4e-02  4:9.1e+02
   48 ,   1921 : 4.5636107415167e+01 +(1e+01,1e+02) | 7.29e+04 |  8:3.4e-02  4:9.1e+02
   49 ,   1961 : 4.6401827058343e+01 +(9e+00,8e+01) | 7.28e+04 |  8:3.5e-02  4:9.1e+02
Iterat, #Fevals:   Function Value    (median,worst) |Axis Ratio|idx:Min SD idx:Max SD
   50 ,   2001 : 4.5701993308358e+01 +(1e+01,1e+02) | 7.46e+04 |  8:3.6e-02  4:9.1e+02
   51 ,   2041 : 4.6225205207530e+01 +(5e+00,1e+02) | 7.61e+04 |  8:3.3e-02  4:8.4e+02
   52 ,   2081 : 4.5978747916845e+01 +(5e+00,4e+01) | 8.38e+04 |  8:2.8e-02  4:7.6e+02
   53 ,   2121 : 4.5829274675992e+01 +(2e+00,3e+01) | 8.28e+04 |  8:2.5e-02  4:6.3e+02
   54 ,   2161 : 4.5471065010764e+01 +(3e+00,2e+01) | 8.67e+04 |  8:2.4e-02  4:6.5e+02
   55 ,   2201 : 4.5473425231559e+01 +(2e+00,4e+01) | 8.77e+04 |  8:2.5e-02  4:6.2e+02
   56 ,   2241 : 4.5340739957289e+01 +(2e+00,3e+01) | 9.00e+04 |  8:2.5e-02  4:6.2e+02
   57 ,   2281 : 4.4991848092118e+01 +(3e+00,1e+01) | 8.98e+04 |  8:2.8e-02  4:6.5e+02
   58 ,   2321 : 4.4769286674789e+01 +(2e+00,7e+01) | 9.22e+04 |  8:2.7e-02  4:6.5e+02
   59 ,   2361 : 4.4413501234475e+01 +(2e+00,2e+01) | 9.58e+04 |  8:2.8e-02  4:6.6e+02
Iterat, #Fevals:   Function Value    (median,worst) |Axis Ratio|idx:Min SD idx:Max SD
   60 ,   2401 : 4.4129681327451e+01 +(3e+00,3e+01) | 1.02e+05 |  8:3.6e-02  4:8.9e+02
   61 ,   2441 : 4.4475838936747e+01 +(5e+00,5e+01) | 1.03e+05 |  8:3.0e-02  4:7.2e+02
   62 ,   2481 : 4.3992959999797e+01 +(2e+00,5e+01) | 1.04e+05 |  8:3.0e-02  4:7.0e+02
   63 ,   2521 : 4.3687332923607e+01 +(3e+00,4e+01) | 1.04e+05 |  8:2.6e-02  4:6.0e+02
   64 ,   2561 : 4.3788427706410e+01 +(2e+00,3e+01) | 1.01e+05 |  8:2.2e-02  4:5.0e+02
   65 ,   2601 : 4.4135611033054e+01 +(2e+00,2e+01) | 1.06e+05 |  8:2.0e-02  4:4.8e+02
   66 ,   2641 : 4.3907086731971e+01 +(1e+00,2e+01) | 1.07e+05 |  8:1.8e-02  4:4.2e+02
   67 ,   2681 : 4.3795540810108e+01 +(1e+00,1e+01) | 1.12e+05 |  8:1.8e-02  4:4.2e+02
   68 ,   2721 : 4.3713042338842e+01 +(9e-01,1e+01) | 1.19e+05 |  8:1.5e-02  4:3.6e+02
   69 ,   2761 : 4.3687411395789e+01 +(8e-01,7e+00) | 1.29e+05 |  8:1.4e-02  4:3.5e+02
Iterat, #Fevals:   Function Value    (median,worst) |Axis Ratio|idx:Min SD idx:Max SD
   70 ,   2801 : 4.3715346122630e+01 +(6e-01,8e+00) | 1.44e+05 |  8:1.6e-02  4:4.2e+02
   71 ,   2841 : 4.3700006166148e+01 +(6e-01,4e+00) | 1.52e+05 |  8:1.6e-02  4:4.4e+02
   72 ,   2881 : 4.3678070682255e+01 +(6e-01,8e+00) | 1.65e+05 |  8:1.6e-02  4:4.5e+02
   73 ,   2921 : 4.3689573371256e+01 +(7e-01,3e+00) | 1.69e+05 |  8:1.6e-02  4:4.6e+02
   74 ,   2961 : 4.3710637704741e+01 +(8e-01,6e+00) | 1.64e+05 |  8:1.5e-02  4:4.1e+02
   75 ,   3001 : 4.3710227798755e+01 +(6e-01,3e+00) | 1.67e+05 |  8:1.4e-02  4:3.9e+02
   76 ,   3041 : 4.3756849954320e+01 +(4e-01,2e+00) | 1.75e+05 |  8:1.6e-02  4:4.3e+02
   77 ,   3081 : 4.3643517750792e+01 +(6e-01,3e+00) | 1.81e+05 |  8:1.6e-02  4:4.4e+02
   78 ,   3121 : 4.3734197007838e+01 +(8e-01,6e+00) | 1.81e+05 |  8:1.3e-02  4:3.4e+02
   79 ,   3161 : 4.3701686474370e+01 +(4e-01,4e+00) | 1.96e+05 |  8:1.2e-02  4:3.3e+02
Iterat, #Fevals:   Function Value    (median,worst) |Axis Ratio|idx:Min SD idx:Max SD
   80 ,   3201 : 4.3682288652064e+01 +(3e-01,2e+00) | 2.05e+05 |  8:1.2e-02  4:3.2e+02
   81 ,   3241 : 4.3702048245772e+01 +(3e-01,2e+00) | 2.15e+05 |  8:1.2e-02  4:3.1e+02
   82 ,   3281 : 4.3666979006091e+01 +(2e-01,2e+00) | 2.19e+05 |  8:1.1e-02  4:2.7e+02
   83 ,   3321 : 4.3650843287207e+01 +(3e-01,1e+00) | 2.51e+05 |  8:9.3e-03  4:2.6e+02
   84 ,   3361 : 4.3654156440857e+01 +(2e-01,8e-01) | 2.64e+05 |  8:8.6e-03  4:2.4e+02
   85 ,   3401 : 4.3673603835251e+01 +(2e-01,1e+00) | 2.53e+05 |  8:7.9e-03  4:2.1e+02
   86 ,   3441 : 4.3635296967253e+01 +(2e-01,5e-01) | 2.47e+05 |  8:8.7e-03  4:2.1e+02
   87 ,   3481 : 4.3640825444822e+01 +(2e-01,5e-01) | 2.60e+05 |  9:8.4e-03  4:2.1e+02
   88 ,   3521 : 4.3632912884628e+01 +(1e-01,5e-01) | 2.63e+05 |  9:8.2e-03  4:2.1e+02
   89 ,   3561 : 4.3661157198991e+01 +(2e-01,8e-01) | 2.74e+05 |  9:6.7e-03  4:1.8e+02
Iterat, #Fevals:   Function Value    (median,worst) |Axis Ratio|idx:Min SD idx:Max SD
   90 ,   3601 : 4.3643320564223e+01 +(1e-01,7e-01) | 2.78e+05 |  9:6.9e-03  4:1.9e+02
   91 ,   3641 : 4.3645789557220e+01 +(1e-01,4e-01) | 2.90e+05 |  9:6.5e-03  4:1.9e+02
   92 ,   3681 : 4.3642241180474e+01 +(1e-01,3e-01) | 2.93e+05 |  9:5.9e-03  4:1.8e+02
   93 ,   3721 : 4.3637437802236e+01 +(1e-01,3e-01) | 2.88e+05 |  9:5.7e-03  4:1.7e+02
   94 ,   3761 : 4.3655820050431e+01 +(8e-02,4e-01) | 3.03e+05 |  9:5.5e-03  4:1.8e+02
   95 ,   3801 : 4.3633165665629e+01 +(9e-02,2e-01) | 2.98e+05 |  9:5.6e-03  4:1.9e+02
   96 ,   3841 : 4.3630208835310e+01 +(1e-01,1e+00) | 3.04e+05 |  9:5.1e-03  4:1.8e+02
   97 ,   3881 : 4.3608408834132e+01 +(1e-01,3e-01) | 3.04e+05 |  9:5.3e-03  4:1.9e+02
   98 ,   3921 : 4.3649270822724e+01 +(8e-02,3e-01) | 3.04e+05 |  9:5.1e-03  4:1.9e+02
   99 ,   3961 : 4.3641895725630e+01 +(1e-01,4e-01) | 3.08e+05 |  9:5.2e-03  4:2.0e+02
Iterat, #Fevals:   Function Value    (median,worst) |Axis Ratio|idx:Min SD idx:Max SD
  100 ,   4001 : 4.3667458735088e+01 +(1e-01,4e-01) | 3.12e+05 |  9:4.6e-03  4:1.7e+02
  101 ,   4041 : 4.3634474498900e+01 +(1e-01,4e-01) | 3.08e+05 |  9:4.1e-03  4:1.6e+02
  102 ,   4081 : 4.3681232327145e+01 +(7e-02,3e-01) | 3.22e+05 |  9:3.9e-03  4:1.6e+02
  103 ,   4121 : 4.3645948848968e+01 +(7e-02,2e-01) | 3.33e+05 |  9:3.6e-03  4:1.6e+02
  104 ,   4161 : 4.3627977721322e+01 +(1e-01,3e-01) | 3.39e+05 |  9:3.2e-03  4:1.5e+02
  105 ,   4201 : 4.3630940493497e+01 +(8e-02,2e-01) | 3.45e+05 |  9:2.9e-03  4:1.4e+02
  106 ,   4241 : 4.3608547050957e+01 +(1e-01,2e-01) | 3.61e+05 |  9:2.7e-03  4:1.4e+02
  107 ,   4281 : 4.3622771694285e+01 +(8e-02,2e-01) | 3.74e+05 |  9:2.6e-03  4:1.4e+02
  108 ,   4321 : 4.3632963921302e+01 +(6e-02,3e-01) | 3.50e+05 |  9:2.2e-03  4:1.2e+02
  109 ,   4361 : 4.3638411578213e+01 +(6e-02,1e-01) | 3.44e+05 |  9:1.8e-03  4:9.7e+01
Iterat, #Fevals:   Function Value    (median,worst) |Axis Ratio|idx:Min SD idx:Max SD
  110 ,   4401 : 4.3621940601359e+01 +(6e-02,2e-01) | 3.28e+05 |  9:1.7e-03  4:9.2e+01
  111 ,   4441 : 4.3608872313669e+01 +(8e-02,2e-01) | 3.41e+05 |  9:1.9e-03  4:1.1e+02
  112 ,   4481 : 4.3626689722827e+01 +(6e-02,2e-01) | 3.58e+05 |  9:1.8e-03  4:1.1e+02
  113 ,   4521 : 4.3622965733967e+01 +(8e-02,2e-01) | 3.69e+05 |  9:1.7e-03  4:1.1e+02
  114 ,   4561 : 4.3614435393308e+01 +(7e-02,2e-01) | 3.94e+05 |  9:1.5e-03  4:1.1e+02
  115 ,   4601 : 4.3639195376888e+01 +(6e-02,1e-01) | 4.21e+05 |  9:1.5e-03  4:1.1e+02
  116 ,   4641 : 4.3602801588297e+01 +(8e-02,2e-01) | 4.17e+05 |  9:1.3e-03  4:9.7e+01
  117 ,   4681 : 4.3603763102799e+01 +(8e-02,2e-01) | 4.49e+05 |  9:1.4e-03  4:1.1e+02
  118 ,   4721 : 4.3600823184973e+01 +(8e-02,1e-01) | 4.52e+05 |  9:1.4e-03  4:1.1e+02
  119 ,   4761 : 4.3615145142962e+01 +(6e-02,1e-01) | 4.38e+05 |  9:1.5e-03  4:1.2e+02
Iterat, #Fevals:   Function Value    (median,worst) |Axis Ratio|idx:Min SD idx:Max SD
  120 ,   4801 : 4.3630286088538e+01 +(7e-02,1e-01) | 4.22e+05 |  9:1.3e-03  4:1.0e+02
  121 ,   4841 : 4.3629332732847e+01 +(5e-02,1e-01) | 4.30e+05 |  9:1.3e-03  4:9.9e+01
  122 ,   4881 : 4.3627017774611e+01 +(6e-02,1e-01) | 4.41e+05 |  9:1.2e-03  4:1.0e+02
  123 ,   4921 : 4.3605067538341e+01 +(7e-02,2e-01) | 4.49e+05 |  9:1.1e-03  4:9.2e+01
  124 ,   4961 : 4.3622081592104e+01 +(5e-02,1e-01) | 4.57e+05 |  9:1.2e-03  4:9.8e+01
  125 ,   5001 : 4.3603636271913e+01 +(7e-02,1e-01) | 4.44e+05 |  9:1.2e-03  4:1.0e+02
  126 ,   5041 : 4.3621957597949e+01 +(5e-02,1e-01) | 4.53e+05 |  9:1.1e-03  4:9.6e+01
  127 ,   5081 : 4.3624763698269e+01 +(5e-02,2e-01) | 4.50e+05 |  9:1.0e-03  4:9.3e+01
  128 ,   5121 : 4.3610907533411e+01 +(6e-02,1e-01) | 4.45e+05 |  9:1.0e-03  4:8.7e+01
  129 ,   5161 : 4.3605302631308e+01 +(6e-02,2e-01) | 4.58e+05 |  9:9.8e-04  4:8.8e+01
Iterat, #Fevals:   Function Value    (median,worst) |Axis Ratio|idx:Min SD idx:Max SD
  130 ,   5201 : 4.3589215289947e+01 +(8e-02,2e-01) | 4.65e+05 |  9:1.1e-03  4:9.9e+01
  131 ,   5241 : 4.3601254088673e+01 +(7e-02,1e-01) | 4.82e+05 |  9:1.1e-03  4:1.0e+02
  132 ,   5281 : 4.3614806300745e+01 +(6e-02,4e-01) | 4.93e+05 |  9:1.1e-03  4:9.9e+01
  133 ,   5321 : 4.3616945389368e+01 +(7e-02,1e-01) | 5.02e+05 |  9:1.1e-03  4:1.1e+02
  134 ,   5361 : 4.3604310572047e+01 +(8e-02,1e-01) | 5.02e+05 |  9:1.1e-03  4:1.0e+02
  135 ,   5401 : 4.3627401294144e+01 +(6e-02,1e-01) | 5.41e+05 |  9:1.0e-03  4:9.5e+01
  136 ,   5441 : 4.3603167875222e+01 +(6e-02,1e-01) | 5.42e+05 |  9:8.7e-04  4:8.4e+01
  137 ,   5481 : 4.3619879276148e+01 +(4e-02,1e-01) | 4.65e+05 |  9:1.1e-03  4:9.6e+01
  138 ,   5521 : 4.3616461570860e+01 +(5e-02,1e-01) | 4.85e+05 |  9:9.9e-04  4:9.4e+01
  139 ,   5561 : 4.3600647161381e+01 +(6e-02,1e-01) | 5.11e+05 |  9:1.0e-03  4:1.0e+02
Iterat, #Fevals:   Function Value    (median,worst) |Axis Ratio|idx:Min SD idx:Max SD
  140 ,   5601 : 4.3624502769936e+01 +(5e-02,1e-01) | 5.28e+05 |  9:8.7e-04  4:9.2e+01
  141 ,   5641 : 4.3603766790340e+01 +(6e-02,1e-01) | 5.20e+05 |  9:8.3e-04  4:8.6e+01
  142 ,   5681 : 4.3607368340295e+01 +(5e-02,1e-01) | 5.38e+05 |  9:6.6e-04  4:7.5e+01
  143 ,   5721 : 4.3607221390589e+01 +(5e-02,1e-01) | 5.29e+05 |  9:5.9e-04  4:6.8e+01
  144 ,   5761 : 4.3595560172811e+01 +(5e-02,1e-01) | 5.39e+05 |  9:5.5e-04  4:6.8e+01
  145 ,   5801 : 4.3603530316468e+01 +(5e-02,1e-01) | 5.28e+05 |  9:4.6e-04  4:6.0e+01
  146 ,   5841 : 4.3612879389728e+01 +(5e-02,1e-01) | 5.42e+05 |  9:4.5e-04  4:6.0e+01
  147 ,   5881 : 4.3602924691288e+01 +(5e-02,1e-01) | 5.49e+05 |  9:4.0e-04  4:5.3e+01
  148 ,   5921 : 4.3611960125602e+01 +(4e-02,1e-01) | 5.54e+05 |  9:3.6e-04  4:4.9e+01
  149 ,   5961 : 4.3613524504721e+01 +(4e-02,1e-01) | 6.07e+05 |  9:3.7e-04  4:5.3e+01
Iterat, #Fevals:   Function Value    (median,worst) |Axis Ratio|idx:Min SD idx:Max SD
  150 ,   6001 : 4.3618045376011e+01 +(4e-02,1e-01) | 6.23e+05 |  9:4.1e-04  4:5.9e+01
  151 ,   6041 : 4.3606705801124e+01 +(5e-02,8e-02) | 6.12e+05 |  9:4.1e-04  4:5.4e+01
  152 ,   6081 : 4.3612294958776e+01 +(5e-02,1e-01) | 6.12e+05 |  9:4.0e-04  4:5.4e+01
  153 ,   6121 : 4.3600284125798e+01 +(5e-02,1e-01) | 6.16e+05 |  9:4.7e-04  4:6.7e+01
  154 ,   6161 : 4.3602206321988e+01 +(6e-02,1e-01) | 6.40e+05 |  9:5.2e-04  4:7.5e+01
  155 ,   6201 : 4.3617988330420e+01 +(4e-02,1e-01) | 6.48e+05 |  9:4.5e-04  4:6.6e+01
  156 ,   6241 : 4.3612994774935e+01 +(4e-02,1e-01) | 6.33e+05 |  9:4.1e-04  4:6.2e+01
  157 ,   6281 : 4.3607214839777e+01 +(7e-02,1e-01) | 6.49e+05 |  9:3.8e-04  4:6.1e+01
  158 ,   6321 : 4.3616246765998e+01 +(5e-02,1e-01) | 6.41e+05 |  9:3.7e-04  4:5.8e+01
  159 ,   6361 : 4.3606830137704e+01 +(5e-02,1e-01) | 7.04e+05 |  9:3.3e-04  4:5.7e+01
Iterat, #Fevals:   Function Value    (median,worst) |Axis Ratio|idx:Min SD idx:Max SD
  160 ,   6401 : 4.3579089396239e+01 +(7e-02,1e-01) | 7.08e+05 |  9:3.7e-04  4:6.5e+01
  161 ,   6441 : 4.3583415892937e+01 +(7e-02,1e-01) | 7.15e+05 |  9:3.5e-04  4:6.3e+01
  162 ,   6481 : 4.3616000725495e+01 +(3e-02,9e-02) | 7.20e+05 |  9:3.1e-04  4:5.5e+01
  163 ,   6521 : 4.3605630200553e+01 +(4e-02,1e-01) | 6.30e+05 |  9:2.7e-04  4:4.7e+01
  164 ,   6561 : 4.3594094035113e+01 +(6e-02,1e-01) | 6.39e+05 |  9:3.1e-04  4:4.9e+01
  165 ,   6601 : 4.3598876685817e+01 +(5e-02,1e-01) | 6.24e+05 |  9:3.1e-04  4:4.4e+01
  166 ,   6641 : 4.3610033186841e+01 +(4e-02,1e-01) | 6.11e+05 |  9:2.8e-04  4:3.8e+01
  167 ,   6681 : 4.3578819044841e+01 +(7e-02,1e-01) | 6.22e+05 |  9:3.0e-04  4:4.0e+01
  168 ,   6721 : 4.3599094464067e+01 +(5e-02,1e-01) | 6.11e+05 |  9:3.3e-04  4:4.2e+01
  169 ,   6761 : 4.3589740707780e+01 +(5e-02,1e-01) | 5.81e+05 |  9:3.7e-04  4:4.8e+01
Iterat, #Fevals:   Function Value    (median,worst) |Axis Ratio|idx:Min SD idx:Max SD
  170 ,   6801 : 4.3602866698178e+01 +(4e-02,1e-01) | 5.92e+05 |  9:3.5e-04  4:4.8e+01
  171 ,   6841 : 4.3581850716266e+01 +(8e-02,1e-01) | 5.62e+05 |  9:3.0e-04  4:3.9e+01
  172 ,   6881 : 4.3606664026642e+01 +(5e-02,1e-01) | 6.17e+05 |  9:2.6e-04  4:3.8e+01
  173 ,   6921 : 4.3602768047036e+01 +(5e-02,1e-01) | 6.76e+05 |  9:2.5e-04  4:3.8e+01
  174 ,   6961 : 4.3609538281168e+01 +(4e-02,1e-01) | 7.32e+05 |  9:2.2e-04  4:3.4e+01
  175 ,   7001 : 4.3607467456525e+01 +(5e-02,1e-01) | 7.20e+05 |  9:2.0e-04  4:3.1e+01
  176 ,   7041 : 4.3590097999146e+01 +(6e-02,1e-01) | 7.74e+05 |  9:1.9e-04  4:3.3e+01
  177 ,   7081 : 4.3598996788538e+01 +(5e-02,1e-01) | 7.89e+05 |  9:1.9e-04  4:3.3e+01
  178 ,   7121 : 4.3589400830775e+01 +(5e-02,1e-01) | 7.66e+05 |  9:1.9e-04  4:3.2e+01
  179 ,   7161 : 4.3596782236548e+01 +(4e-02,1e-01) | 7.62e+05 |  9:2.1e-04  4:3.3e+01
Iterat, #Fevals:   Function Value    (median,worst) |Axis Ratio|idx:Min SD idx:Max SD
  180 ,   7201 : 4.3591103840058e+01 +(6e-02,1e-01) | 7.67e+05 |  9:2.1e-04  4:3.3e+01
  181 ,   7241 : 4.3595639836854e+01 +(5e-02,1e-01) | 7.60e+05 |  9:2.1e-04  4:3.2e+01
  182 ,   7281 : 4.3586948866553e+01 +(6e-02,1e-01) | 7.84e+05 |  9:1.9e-04  4:3.1e+01
  183 ,   7321 : 4.3593139318674e+01 +(4e-02,1e-01) | 7.68e+05 |  9:1.8e-04  4:2.9e+01
  184 ,   7361 : 4.3595943261314e+01 +(5e-02,1e-01) | 7.62e+05 |  9:1.9e-04  4:3.1e+01
  185 ,   7401 : 4.3599025283384e+01 +(5e-02,1e-01) | 7.31e+05 |  9:2.0e-04  4:3.2e+01
  186 ,   7441 : 4.3600566838412e+01 +(4e-02,1e-01) | 7.76e+05 |  9:1.9e-04  4:3.3e+01
  187 ,   7481 : 4.3601285466437e+01 +(4e-02,1e-01) | 7.55e+05 |  9:1.6e-04  4:2.6e+01
  188 ,   7521 : 4.3595090853119e+01 +(5e-02,1e-01) | 7.14e+05 |  9:1.6e-04  4:2.5e+01
  189 ,   7561 : 4.3588959843206e+01 +(5e-02,1e-01) | 7.02e+05 |  9:1.5e-04  4:2.2e+01
Iterat, #Fevals:   Function Value    (median,worst) |Axis Ratio|idx:Min SD idx:Max SD
  190 ,   7601 : 4.3597438444126e+01 +(5e-02,1e-01) | 6.97e+05 |  9:1.4e-04  4:2.0e+01
  191 ,   7641 : 4.3589604824353e+01 +(5e-02,1e-01) | 7.19e+05 |  9:1.3e-04  4:1.9e+01
  192 ,   7681 : 4.3597352074234e+01 +(5e-02,1e-01) | 7.18e+05 |  9:1.4e-04  4:2.2e+01
  193 ,   7721 : 4.3590176413267e+01 +(5e-02,1e-01) | 7.62e+05 |  9:1.5e-04  4:2.3e+01
  194 ,   7761 : 4.3597957431166e+01 +(5e-02,1e-01) | 7.73e+05 |  9:1.4e-04  4:2.2e+01
  195 ,   7801 : 4.3573379292332e+01 +(8e-02,1e-01) | 7.67e+05 |  9:1.3e-04  4:2.1e+01
  196 ,   7841 : 4.3604784618648e+01 +(4e-02,8e-02) | 8.03e+05 |  9:1.4e-04  4:2.4e+01
  197 ,   7881 : 4.3597116198354e+01 +(5e-02,1e-01) | 8.11e+05 |  9:1.5e-04  4:2.6e+01
  198 ,   7921 : 4.3587201615677e+01 +(6e-02,1e-01) | 8.09e+05 |  9:1.4e-04  4:2.4e+01
  199 ,   7961 : 4.3591565566367e+01 +(5e-02,1e-01) | 7.70e+05 |  9:1.5e-04  4:2.8e+01
Iterat, #Fevals:   Function Value    (median,worst) |Axis Ratio|idx:Min SD idx:Max SD
  200 ,   8001 : 4.3595033068944e+01 +(6e-02,9e-02) | 7.49e+05 |  9:1.4e-04  4:2.7e+01
  201 ,   8041 : 4.3585484533884e+01 +(5e-02,1e-01) | 7.95e+05 |  9:1.5e-04  4:3.0e+01
  202 ,   8081 : 4.3594863809439e+01 +(5e-02,1e-01) | 8.16e+05 |  9:1.5e-04  4:2.9e+01
  203 ,   8121 : 4.3603136925536e+01 +(4e-02,8e-02) | 8.40e+05 |  9:1.4e-04  4:2.8e+01
  204 ,   8161 : 4.3602380023327e+01 +(5e-02,1e-01) | 9.04e+05 |  9:1.6e-04  4:2.8e+01
  205 ,   8201 : 4.3607515241765e+01 +(4e-02,1e-01) | 8.85e+05 |  9:1.3e-04  4:2.3e+01
  206 ,   8241 : 4.3597411583982e+01 +(4e-02,1e-01) | 8.20e+05 |  9:1.3e-04  4:2.2e+01
  207 ,   8281 : 4.3572301286934e+01 +(6e-02,1e-01) | 7.96e+05 |  9:1.1e-04  4:1.9e+01
  208 ,   8321 : 4.3588516303087e+01 +(6e-02,1e-01) | 7.85e+05 |  9:1.0e-04  4:1.7e+01
  209 ,   8361 : 4.3598102857740e+01 +(4e-02,8e-02) | 8.17e+05 |  9:9.5e-05  4:1.7e+01
Iterat, #Fevals:   Function Value    (median,worst) |Axis Ratio|idx:Min SD idx:Max SD
  210 ,   8401 : 4.3588280988291e+01 +(5e-02,1e-01) | 7.85e+05 |  9:9.9e-05  4:1.8e+01
  211 ,   8441 : 4.3595696528238e+01 +(5e-02,1e-01) | 7.82e+05 |  9:8.9e-05  4:1.6e+01
  212 ,   8481 : 4.3574674378592e+01 +(7e-02,1e-01) | 7.23e+05 |  9:7.4e-05  4:1.3e+01
  213 ,   8521 : 4.3602479598749e+01 +(3e-02,1e-01) | 6.88e+05 |  9:6.5e-05  4:1.1e+01
  214 ,   8561 : 4.3596349912819e+01 +(5e-02,1e-01) | 7.05e+05 |  9:6.3e-05  4:1.0e+01
  215 ,   8601 : 4.3597721797767e+01 +(5e-02,9e-02) | 6.93e+05 |  9:4.9e-05  4:8.1e+00
  216 ,   8641 : 4.3587662298707e+01 +(5e-02,1e-01) | 7.19e+05 |  9:4.6e-05  4:7.5e+00
  217 ,   8681 : 4.3594208078256e+01 +(5e-02,1e-01) | 7.15e+05 |  9:3.9e-05  4:6.1e+00
  218 ,   8721 : 4.3578851230686e+01 +(7e-02,1e-01) | 7.58e+05 |  9:3.2e-05  4:5.2e+00
  219 ,   8761 : 4.3597433764566e+01 +(4e-02,9e-02) | 7.53e+05 |  9:3.2e-05  4:5.0e+00
Iterat, #Fevals:   Function Value    (median,worst) |Axis Ratio|idx:Min SD idx:Max SD
  220 ,   8801 : 4.3575716852672e+01 +(6e-02,1e-01) | 7.55e+05 |  9:2.9e-05  4:4.5e+00
  221 ,   8841 : 4.3579186018025e+01 +(5e-02,1e-01) | 8.14e+05 |  9:3.4e-05  4:5.2e+00
  222 ,   8881 : 4.3583490314357e+01 +(5e-02,1e-01) | 7.96e+05 |  9:3.6e-05  4:5.5e+00
  223 ,   8921 : 4.3597668305939e+01 +(4e-02,1e-01) | 7.75e+05 |  9:3.6e-05  4:5.7e+00
  224 ,   8961 : 4.3604657583512e+01 +(4e-02,1e-01) | 7.86e+05 |  9:3.0e-05  4:4.8e+00
  225 ,   9001 : 4.3593446853307e+01 +(4e-02,1e-01) | 7.81e+05 |  9:3.0e-05  4:4.8e+00
  226 ,   9041 : 4.3584405151918e+01 +(6e-02,1e-01) | 7.47e+05 |  9:2.9e-05  4:4.7e+00
  227 ,   9081 : 4.3587739603245e+01 +(6e-02,1e-01) | 6.89e+05 |  9:3.1e-05  4:4.8e+00
  228 ,   9121 : 4.3600359888705e+01 +(4e-02,9e-02) | 6.63e+05 |  9:2.8e-05  4:4.2e+00
  229 ,   9161 : 4.3594967585394e+01 +(4e-02,1e-01) | 6.85e+05 |  9:2.8e-05  4:4.2e+00
Iterat, #Fevals:   Function Value    (median,worst) |Axis Ratio|idx:Min SD idx:Max SD
  230 ,   9201 : 4.3595283684678e+01 +(4e-02,1e-01) | 6.78e+05 |  9:2.5e-05  4:3.7e+00
  231 ,   9241 : 4.3595988642147e+01 +(5e-02,1e-01) | 6.70e+05 |  9:2.3e-05  4:3.6e+00
  232 ,   9281 : 4.3581370376606e+01 +(7e-02,1e-01) | 6.50e+05 |  9:1.9e-05  4:3.0e+00
  233 ,   9321 : 4.3591087499217e+01 +(5e-02,1e-01) | 6.37e+05 |  9:2.0e-05  4:2.9e+00
  234 ,   9361 : 4.3582781577061e+01 +(5e-02,1e-01) | 6.19e+05 |  9:2.3e-05  4:3.4e+00
  235 ,   9401 : 4.3602846950702e+01 +(3e-02,9e-02) | 6.28e+05 |  9:2.1e-05  4:3.3e+00
  236 ,   9441 : 4.3592994383276e+01 +(5e-02,1e-01) | 6.35e+05 |  9:2.1e-05  4:3.2e+00
  237 ,   9481 : 4.3596866882237e+01 +(5e-02,1e-01) | 6.76e+05 |  9:2.2e-05  4:3.5e+00
  238 ,   9521 : 4.3590089368301e+01 +(5e-02,1e-01) | 6.55e+05 |  9:2.4e-05  4:3.7e+00
  239 ,   9561 : 4.3598156847924e+01 +(5e-02,9e-02) | 5.98e+05 |  9:2.3e-05  4:3.6e+00
Iterat, #Fevals:   Function Value    (median,worst) |Axis Ratio|idx:Min SD idx:Max SD
  240 ,   9601 : 4.3575395240392e+01 +(5e-02,1e-01) | 5.94e+05 |  9:2.3e-05  4:3.4e+00
  241 ,   9641 : 4.3582813581845e+01 +(6e-02,1e-01) | 6.10e+05 |  9:2.3e-05  4:3.2e+00
  242 ,   9681 : 4.3599801482240e+01 +(5e-02,1e-01) | 5.81e+05 |  9:2.4e-05  4:3.3e+00
  243 ,   9721 : 4.3602282167327e+01 +(4e-02,1e-01) | 5.58e+05 |  9:2.3e-05  4:3.3e+00
  244 ,   9761 : 4.3609315212218e+01 +(3e-02,8e-02) | 5.48e+05 |  9:2.1e-05  4:3.0e+00
  245 ,   9801 : 4.3591051221296e+01 +(5e-02,9e-02) | 5.22e+05 |  9:2.0e-05  4:2.9e+00
  246 ,   9841 : 4.3603228506576e+01 +(4e-02,1e-01) | 5.49e+05 |  9:2.0e-05  4:3.0e+00
  247 ,   9881 : 4.3588854855304e+01 +(5e-02,1e-01) | 5.40e+05 |  9:1.8e-05  4:2.8e+00
  248 ,   9921 : 4.3595714473268e+01 +(5e-02,1e-01) | 5.17e+05 |  9:2.0e-05  4:3.2e+00
  249 ,   9961 : 4.3593962581672e+01 +(5e-02,1e-01) | 4.90e+05 |  9:1.9e-05  4:3.0e+00
Iterat, #Fevals:   Function Value    (median,worst) |Axis Ratio|idx:Min SD idx:Max SD
  250 ,  10001 : 4.3576062142785e+01 +(6e-02,1e-01) | 4.65e+05 |  9:2.2e-05  4:3.3e+00
  251 ,  10041 : 4.3585132670009e+01 +(5e-02,1e-01) | 4.75e+05 |  9:2.5e-05  4:3.7e+00
  252 ,  10081 : 4.3599407417538e+01 +(4e-02,1e-01) | 4.89e+05 |  9:2.7e-05  4:4.2e+00
  253 ,  10121 : 4.3590883479767e+01 +(5e-02,1e-01) | 5.75e+05 |  9:3.2e-05  4:5.4e+00
  254 ,  10161 : 4.3591710606161e+01 +(4e-02,1e-01) | 5.65e+05 |  9:3.1e-05  4:5.0e+00
  255 ,  10201 : 4.3587150889718e+01 +(6e-02,1e-01) | 5.45e+05 |  9:2.8e-05  4:4.8e+00
  256 ,  10241 : 4.3595374430811e+01 +(4e-02,1e-01) | 5.46e+05 |  9:2.7e-05  4:4.5e+00
  257 ,  10281 : 4.3581560772276e+01 +(6e-02,1e-01) | 4.84e+05 |  9:2.6e-05  4:4.4e+00
  258 ,  10321 : 4.3595739312978e+01 +(4e-02,1e-01) | 4.93e+05 |  9:2.6e-05  4:4.5e+00
  259 ,  10361 : 4.3589695563669e+01 +(5e-02,1e-01) | 5.03e+05 |  9:2.8e-05  4:4.9e+00
Iterat, #Fevals:   Function Value    (median,worst) |Axis Ratio|idx:Min SD idx:Max SD
  260 ,  10401 : 4.3605541706767e+01 +(3e-02,1e-01) | 4.84e+05 |  9:3.4e-05  4:5.9e+00
  261 ,  10441 : 4.3594544281369e+01 +(4e-02,1e-01) | 4.93e+05 |  9:3.1e-05  4:5.5e+00
  262 ,  10481 : 4.3584836234050e+01 +(5e-02,1e-01) | 5.35e+05 |  9:3.8e-05  4:6.6e+00
  263 ,  10521 : 4.3600350484904e+01 +(3e-02,9e-02) | 5.51e+05 |  9:3.9e-05  4:6.6e+00
  264 ,  10561 : 4.3588872322355e+01 +(5e-02,1e-01) | 5.83e+05 |  9:3.3e-05  4:5.8e+00
  265 ,  10601 : 4.3577927969380e+01 +(6e-02,1e-01) | 6.00e+05 |  9:3.3e-05  4:5.5e+00
  266 ,  10641 : 4.3604130038821e+01 +(4e-02,1e-01) | 6.29e+05 |  9:3.3e-05  4:5.3e+00
  267 ,  10681 : 4.3588175409054e+01 +(5e-02,1e-01) | 6.71e+05 |  9:3.4e-05  4:5.6e+00
  268 ,  10721 : 4.3604633259893e+01 +(4e-02,1e-01) | 6.96e+05 |  9:3.1e-05  4:5.2e+00
  269 ,  10761 : 4.3608081426753e+01 +(4e-02,1e-01) | 6.95e+05 |  9:3.3e-05  4:5.5e+00
Iterat, #Fevals:   Function Value    (median,worst) |Axis Ratio|idx:Min SD idx:Max SD
  270 ,  10801 : 4.3602348147455e+01 +(4e-02,1e-01) | 6.98e+05 |  9:3.3e-05  4:5.6e+00
  271 ,  10841 : 4.3596972421512e+01 +(5e-02,8e-02) | 6.74e+05 |  9:3.2e-05  4:5.1e+00
  272 ,  10881 : 4.3591490106282e+01 +(4e-02,1e-01) | 6.73e+05 |  9:3.3e-05  4:5.3e+00
  273 ,  10921 : 4.3594989319916e+01 +(4e-02,9e-02) | 7.10e+05 |  9:3.0e-05  4:5.0e+00
  274 ,  10961 : 4.3570646390288e+01 +(8e-02,2e-01) | 7.33e+05 |  9:2.9e-05  4:5.0e+00
  275 ,  11001 : 4.3586352400813e+01 +(4e-02,1e-01) | 7.48e+05 |  9:2.8e-05  4:4.9e+00
  276 ,  11041 : 4.3595273449589e+01 +(5e-02,1e-01) | 7.65e+05 |  9:2.8e-05  4:4.7e+00
  277 ,  11081 : 4.3595346449324e+01 +(5e-02,1e-01) | 7.67e+05 |  9:2.6e-05  4:4.4e+00
  278 ,  11121 : 4.3579148772194e+01 +(7e-02,1e-01) | 7.95e+05 |  9:2.2e-05  4:3.8e+00
  279 ,  11161 : 4.3579531669962e+01 +(5e-02,1e-01) | 8.47e+05 |  9:2.4e-05  4:4.0e+00
Iterat, #Fevals:   Function Value    (median,worst) |Axis Ratio|idx:Min SD idx:Max SD
  280 ,  11201 : 4.3602444073056e+01 +(5e-02,8e-02) | 8.53e+05 |  9:2.0e-05  4:3.5e+00
  281 ,  11241 : 4.3576568954750e+01 +(6e-02,1e-01) | 8.75e+05 |  9:1.6e-05  4:2.7e+00
  282 ,  11281 : 4.3594378128361e+01 +(5e-02,1e-01) | 8.72e+05 |  9:1.5e-05  4:2.6e+00
  283 ,  11321 : 4.3582091568476e+01 +(6e-02,1e-01) | 9.73e+05 |  9:1.4e-05  4:2.5e+00
  284 ,  11361 : 4.3584118752682e+01 +(5e-02,1e-01) | 1.04e+06 |  9:1.3e-05  4:2.4e+00
  285 ,  11401 : 4.3594903449589e+01 +(5e-02,1e-01) | 1.05e+06 |  9:1.3e-05  4:2.2e+00
  286 ,  11441 : 4.3608253485428e+01 +(4e-02,1e-01) | 1.10e+06 |  9:1.2e-05  4:2.2e+00
  287 ,  11481 : 4.3582653191611e+01 +(6e-02,1e-01) | 1.14e+06 |  9:1.3e-05  4:2.4e+00
  288 ,  11521 : 4.3582570829747e+01 +(6e-02,1e-01) | 1.17e+06 |  9:1.3e-05  4:2.5e+00
  289 ,  11561 : 4.3590463720805e+01 +(6e-02,1e-01) | 1.13e+06 |  9:1.3e-05  4:2.4e+00
Iterat, #Fevals:   Function Value    (median,worst) |Axis Ratio|idx:Min SD idx:Max SD
  290 ,  11601 : 4.3577170986138e+01 +(7e-02,1e-01) | 1.09e+06 |  9:1.2e-05  4:2.2e+00
  291 ,  11641 : 4.3565918685603e+01 +(8e-02,1e-01) | 1.04e+06 |  9:1.2e-05  4:2.1e+00
  292 ,  11681 : 4.3600888577613e+01 +(5e-02,1e-01) | 1.18e+06 |  9:1.4e-05  4:2.5e+00
  293 ,  11721 : 4.3598056353342e+01 +(4e-02,9e-02) | 1.23e+06 |  9:1.2e-05  4:2.2e+00
  294 ,  11761 : 4.3601602828180e+01 +(4e-02,1e-01) | 1.26e+06 |  9:1.1e-05  4:2.0e+00
  295 ,  11801 : 4.3596815844840e+01 +(6e-02,1e-01) | 1.20e+06 |  9:1.2e-05  4:2.2e+00
  296 ,  11841 : 4.3584255794332e+01 +(6e-02,1e-01) | 1.18e+06 |  9:1.2e-05  4:2.2e+00
  297 ,  11881 : 4.3598590651555e+01 +(3e-02,1e-01) | 1.10e+06 |  9:1.5e-05  4:2.4e+00
  298 ,  11921 : 4.3593158859338e+01 +(6e-02,1e-01) | 1.13e+06 |  9:1.5e-05  4:2.3e+00
  299 ,  11961 : 4.3590506651797e+01 +(5e-02,1e-01) | 1.16e+06 |  9:1.5e-05  4:2.3e+00
Iterat, #Fevals:   Function Value    (median,worst) |Axis Ratio|idx:Min SD idx:Max SD
  300 ,  12001 : 4.3585268091541e+01 +(6e-02,1e-01) | 1.16e+06 |  9:1.4e-05  4:2.2e+00
  301 ,  12041 : 4.3582647320524e+01 +(5e-02,1e-01) | 1.21e+06 |  9:1.5e-05  4:2.2e+00
  302 ,  12081 : 4.3590119551835e+01 +(5e-02,1e-01) | 1.20e+06 |  9:1.5e-05  4:2.1e+00
  303 ,  12121 : 4.3588622636778e+01 +(6e-02,1e-01) | 1.16e+06 |  9:1.4e-05  4:1.9e+00
  304 ,  12161 : 4.3595469341327e+01 +(5e-02,1e-01) | 1.15e+06 |  9:1.2e-05  4:1.8e+00
  305 ,  12201 : 4.3596122551298e+01 +(5e-02,1e-01) | 1.11e+06 |  9:1.3e-05  4:1.8e+00
  306 ,  12241 : 4.3597150770161e+01 +(5e-02,1e-01) | 1.17e+06 |  9:1.5e-05  4:2.1e+00
  307 ,  12281 : 4.3583009807924e+01 +(6e-02,1e-01) | 1.22e+06 |  9:1.8e-05  4:2.4e+00
  308 ,  12321 : 4.3601297727349e+01 +(4e-02,1e-01) | 1.28e+06 |  9:1.7e-05  4:2.4e+00
  309 ,  12361 : 4.3581020587205e+01 +(6e-02,1e-01) | 1.24e+06 |  9:1.4e-05  4:2.0e+00
Iterat, #Fevals:   Function Value    (median,worst) |Axis Ratio|idx:Min SD idx:Max SD
  310 ,  12401 : 4.3580840635833e+01 +(6e-02,1e-01) | 1.23e+06 |  9:1.8e-05  4:2.6e+00
  311 ,  12441 : 4.3608003803107e+01 +(4e-02,1e-01) | 1.23e+06 |  9:2.2e-05  4:3.1e+00
  312 ,  12481 : 4.3579480161919e+01 +(7e-02,1e-01) | 1.15e+06 |  9:2.6e-05  4:3.6e+00
  313 ,  12521 : 4.3588491119421e+01 +(6e-02,1e-01) | 1.23e+06 |  9:2.8e-05  4:4.0e+00
  314 ,  12561 : 4.3592466844908e+01 +(5e-02,1e-01) | 1.17e+06 |  9:2.8e-05  4:4.0e+00
  315 ,  12601 : 4.3594676696483e+01 +(4e-02,1e-01) | 1.16e+06 |  9:3.2e-05  4:4.4e+00
  316 ,  12641 : 4.3593630155152e+01 +(5e-02,1e-01) | 1.31e+06 |  9:4.3e-05  4:5.6e+00
  317 ,  12681 : 4.3603455766023e+01 +(3e-02,1e-01) | 1.29e+06 |  9:4.1e-05  4:5.2e+00
  318 ,  12721 : 4.3587250162060e+01 +(6e-02,1e-01) | 1.28e+06 |  9:3.8e-05  4:4.7e+00
  319 ,  12761 : 4.3587964636699e+01 +(6e-02,1e-01) | 1.32e+06 |  9:3.8e-05  4:4.7e+00
Iterat, #Fevals:   Function Value    (median,worst) |Axis Ratio|idx:Min SD idx:Max SD
  320 ,  12801 : 4.3586780957443e+01 +(5e-02,1e-01) | 1.33e+06 |  9:3.7e-05  4:4.7e+00
  321 ,  12841 : 4.3609240000841e+01 +(3e-02,8e-02) | 1.33e+06 |  9:3.8e-05  4:4.8e+00
  322 ,  12881 : 4.3590386090677e+01 +(6e-02,1e-01) | 1.36e+06 |  9:3.7e-05  4:4.6e+00
  323 ,  12921 : 4.3592555196910e+01 +(5e-02,1e-01) | 1.34e+06 |  9:3.4e-05  4:4.2e+00
  324 ,  12961 : 4.3603339195216e+01 +(3e-02,9e-02) | 1.38e+06 |  9:3.5e-05  4:4.2e+00
  325 ,  13001 : 4.3575989084433e+01 +(7e-02,1e-01) | 1.35e+06 |  9:3.4e-05  4:4.2e+00
  326 ,  13041 : 4.3580461500157e+01 +(6e-02,1e-01) | 1.27e+06 |  9:3.3e-05  4:4.1e+00
  327 ,  13081 : 4.3613482456069e+01 +(3e-02,9e-02) | 1.21e+06 |  9:3.6e-05  4:4.3e+00
  328 ,  13121 : 4.3581749549862e+01 +(6e-02,1e-01) | 1.34e+06 |  9:4.8e-05  4:5.4e+00
  329 ,  13161 : 4.3602267829041e+01 +(4e-02,1e-01) | 1.37e+06 |  9:5.9e-05  4:6.2e+00
Iterat, #Fevals:   Function Value    (median,worst) |Axis Ratio|idx:Min SD idx:Max SD
  330 ,  13201 : 4.3595767351109e+01 +(5e-02,9e-02) | 1.39e+06 |  9:6.0e-05  4:6.1e+00
  331 ,  13241 : 4.3603283109162e+01 +(4e-02,1e-01) | 1.55e+06 |  9:6.4e-05  4:6.7e+00
  332 ,  13281 : 4.3597796476359e+01 +(5e-02,1e-01) | 1.43e+06 |  9:5.9e-05  4:6.1e+00
  333 ,  13321 : 4.3590275445949e+01 +(5e-02,1e-01) | 1.40e+06 |  9:5.7e-05  4:5.9e+00
  334 ,  13361 : 4.3592861205540e+01 +(5e-02,9e-02) | 1.39e+06 |  9:5.3e-05  4:5.6e+00
  335 ,  13401 : 4.3608818680613e+01 +(2e-02,9e-02) | 1.28e+06 |  9:5.0e-05  4:5.3e+00
  336 ,  13441 : 4.3593970931837e+01 +(5e-02,8e-02) | 1.33e+06 |  9:4.6e-05  4:4.8e+00
  337 ,  13481 : 4.3593038761479e+01 +(6e-02,1e-01) | 1.33e+06 |  9:4.5e-05  4:4.7e+00
  338 ,  13521 : 4.3593849902644e+01 +(5e-02,1e-01) | 1.34e+06 |  9:3.7e-05  4:3.8e+00
  339 ,  13561 : 4.3595893797870e+01 +(5e-02,1e-01) | 1.32e+06 |  9:3.5e-05  4:3.7e+00
Iterat, #Fevals:   Function Value    (median,worst) |Axis Ratio|idx:Min SD idx:Max SD
  340 ,  13601 : 4.3580266862722e+01 +(6e-02,1e-01) | 1.28e+06 |  9:3.1e-05  4:3.4e+00
  341 ,  13641 : 4.3603468835491e+01 +(3e-02,9e-02) | 1.27e+06 |  9:3.0e-05  4:3.2e+00
  342 ,  13681 : 4.3590590918505e+01 +(6e-02,1e-01) | 1.20e+06 |  9:2.9e-05  4:3.0e+00
  343 ,  13721 : 4.3591116564869e+01 +(5e-02,1e-01) | 1.20e+06 |  9:2.6e-05  4:2.6e+00
  344 ,  13761 : 4.3585351107617e+01 +(5e-02,1e-01) | 1.21e+06 |  9:2.4e-05  4:2.3e+00
  345 ,  13801 : 4.3584394668746e+01 +(5e-02,1e-01) | 1.25e+06 |  9:2.4e-05  4:2.3e+00
  346 ,  13841 : 4.3593283321161e+01 +(5e-02,2e-01) | 1.22e+06 |  9:2.4e-05  4:2.2e+00
  347 ,  13881 : 4.3597630038469e+01 +(4e-02,1e-01) | 1.24e+06 |  9:2.3e-05  4:2.2e+00
  348 ,  13921 : 4.3568743315287e+01 +(7e-02,1e-01) | 1.30e+06 |  9:2.3e-05  4:2.2e+00
  349 ,  13961 : 4.3599374560350e+01 +(3e-02,1e-01) | 1.34e+06 |  9:2.2e-05  4:2.0e+00
Iterat, #Fevals:   Function Value    (median,worst) |Axis Ratio|idx:Min SD idx:Max SD
  350 ,  14001 : 4.3579157160608e+01 +(6e-02,1e-01) | 1.42e+06 |  9:2.3e-05  4:2.0e+00
  351 ,  14041 : 4.3596918986078e+01 +(5e-02,1e-01) | 1.34e+06 |  9:1.9e-05  4:1.7e+00
  352 ,  14081 : 4.3589284388058e+01 +(5e-02,1e-01) | 1.26e+06 |  9:1.8e-05  4:1.5e+00
  353 ,  14121 : 4.3577133739397e+01 +(7e-02,1e-01) | 1.19e+06 |  9:1.7e-05  4:1.4e+00
  354 ,  14161 : 4.3575053062701e+01 +(5e-02,1e-01) | 1.22e+06 |  9:1.8e-05  4:1.6e+00
  355 ,  14201 : 4.3601108624517e+01 +(4e-02,1e-01) | 1.26e+06 |  9:1.9e-05  4:1.7e+00
  356 ,  14241 : 4.3597751142889e+01 +(5e-02,1e-01) | 1.25e+06 |  9:2.0e-05  4:1.7e+00
  357 ,  14281 : 4.3597935102613e+01 +(4e-02,9e-02) | 1.26e+06 |  9:2.1e-05  4:1.8e+00
  358 ,  14321 : 4.3591400818981e+01 +(6e-02,1e-01) | 1.31e+06 |  9:2.1e-05  4:1.9e+00
  359 ,  14361 : 4.3598226881765e+01 +(4e-02,1e-01) | 1.27e+06 |  9:2.1e-05  4:1.9e+00
Iterat, #Fevals:   Function Value    (median,worst) |Axis Ratio|idx:Min SD idx:Max SD
  360 ,  14401 : 4.3591294841599e+01 +(5e-02,1e-01) | 1.32e+06 |  9:2.3e-05  4:2.0e+00
  361 ,  14441 : 4.3603695382129e+01 +(4e-02,9e-02) | 1.27e+06 |  9:2.3e-05  4:2.0e+00
  362 ,  14481 : 4.3589464264396e+01 +(5e-02,1e-01) | 1.32e+06 |  9:2.5e-05  4:2.2e+00
  363 ,  14521 : 4.3591867837584e+01 +(5e-02,1e-01) | 1.41e+06 |  9:2.5e-05  4:2.2e+00
  364 ,  14561 : 4.3582764398489e+01 +(6e-02,1e-01) | 1.38e+06 |  9:2.8e-05  4:2.4e+00
  365 ,  14601 : 4.3578408778117e+01 +(6e-02,1e-01) | 1.30e+06 |  9:2.9e-05  4:2.6e+00
  366 ,  14641 : 4.3601341539825e+01 +(4e-02,1e-01) | 1.28e+06 |  9:2.3e-05  4:2.1e+00
  367 ,  14681 : 4.3585287770847e+01 +(5e-02,1e-01) | 1.15e+06 |  9:2.7e-05  4:2.3e+00
  368 ,  14721 : 4.3586525573753e+01 +(6e-02,1e-01) | 1.19e+06 |  9:2.7e-05  4:2.5e+00
  369 ,  14761 : 4.3579007412828e+01 +(6e-02,1e-01) | 1.22e+06 |  9:3.0e-05  4:2.8e+00
Iterat, #Fevals:   Function Value    (median,worst) |Axis Ratio|idx:Min SD idx:Max SD
  370 ,  14801 : 4.3592054528495e+01 +(5e-02,1e-01) | 1.27e+06 |  9:3.3e-05  4:3.1e+00
  371 ,  14841 : 4.3592047457435e+01 +(5e-02,1e-01) | 1.30e+06 |  9:3.4e-05  4:3.2e+00
  372 ,  14881 : 4.3591837167325e+01 +(6e-02,1e-01) | 1.36e+06 |  9:3.7e-05  4:3.3e+00
  373 ,  14921 : 4.3586053278488e+01 +(6e-02,1e-01) | 1.50e+06 |  9:4.5e-05  4:4.1e+00
  374 ,  14961 : 4.3589841247932e+01 +(5e-02,1e-01) | 1.73e+06 |  9:4.9e-05  4:4.8e+00
  375 ,  15001 : 4.3589505631369e+01 +(5e-02,1e-01) | 1.68e+06 |  9:5.9e-05  4:5.6e+00
  376 ,  15041 : 4.3593140115154e+01 +(4e-02,9e-02) | 1.64e+06 |  9:7.6e-05  4:7.0e+00
  377 ,  15081 : 4.3604160080374e+01 +(5e-02,1e-01) | 1.55e+06 |  9:7.9e-05  4:7.4e+00
  378 ,  15121 : 4.3589756214027e+01 +(6e-02,1e-01) | 1.56e+06 |  9:7.6e-05  4:7.2e+00
  379 ,  15161 : 4.3600658009276e+01 +(4e-02,1e-01) | 1.49e+06 |  9:7.5e-05  4:6.9e+00
Iterat, #Fevals:   Function Value    (median,worst) |Axis Ratio|idx:Min SD idx:Max SD
  380 ,  15201 : 4.3579887791842e+01 +(6e-02,1e-01) | 1.50e+06 |  9:7.1e-05  4:6.6e+00
  381 ,  15241 : 4.3598249597387e+01 +(5e-02,1e-01) | 1.54e+06 |  9:8.0e-05  4:7.0e+00
  382 ,  15281 : 4.3593331761356e+01 +(5e-02,1e-01) | 1.54e+06 |  9:7.4e-05  4:6.8e+00
  383 ,  15321 : 4.3568698530990e+01 +(7e-02,1e-01) | 1.52e+06 |  9:8.0e-05  4:6.8e+00
  384 ,  15361 : 4.3589568195293e+01 +(5e-02,1e-01) | 1.57e+06 |  9:9.8e-05  4:8.1e+00
  385 ,  15401 : 4.3587001155042e+01 +(5e-02,1e-01) | 1.57e+06 |  9:1.1e-04  4:8.7e+00
  386 ,  15441 : 4.3599897841195e+01 +(5e-02,1e-01) | 1.83e+06 |  9:1.3e-04  4:1.1e+01
  387 ,  15481 : 4.3588065453605e+01 +(6e-02,1e-01) | 1.88e+06 |  9:1.3e-04  4:1.2e+01
  388 ,  15521 : 4.3610202776942e+01 +(3e-02,9e-02) | 1.96e+06 |  9:1.3e-04  4:1.2e+01
  389 ,  15561 : 4.3598293035843e+01 +(5e-02,1e-01) | 2.10e+06 |  9:1.3e-04  4:1.2e+01
Iterat, #Fevals:   Function Value    (median,worst) |Axis Ratio|idx:Min SD idx:Max SD
  390 ,  15601 : 4.3595674137022e+01 +(5e-02,1e-01) | 2.11e+06 |  9:1.2e-04  4:1.1e+01
  391 ,  15641 : 4.3569769478229e+01 +(6e-02,1e-01) | 2.14e+06 |  9:1.3e-04  4:1.2e+01
  392 ,  15681 : 4.3588728474888e+01 +(3e-02,1e-01) | 2.17e+06 |  9:1.0e-04  4:9.5e+00
  393 ,  15721 : 4.3603310530276e+01 +(5e-02,9e-02) | 2.21e+06 |  9:9.2e-05  4:8.8e+00
  394 ,  15761 : 4.3601498348090e+01 +(4e-02,1e-01) | 2.57e+06 |  9:1.0e-04  4:1.1e+01
  395 ,  15801 : 4.3592992214208e+01 +(4e-02,1e-01) | 2.74e+06 |  9:1.2e-04  4:1.3e+01
  396 ,  15841 : 4.3599920407527e+01 +(3e-02,1e-01) | 2.77e+06 |  9:1.2e-04  4:1.3e+01
  397 ,  15881 : 4.3591858888109e+01 +(5e-02,1e-01) | 2.75e+06 |  9:1.0e-04  4:1.1e+01
  398 ,  15921 : 4.3597940546891e+01 +(4e-02,1e-01) | 2.80e+06 |  9:1.1e-04  4:1.1e+01
  399 ,  15961 : 4.3594569982426e+01 +(6e-02,1e-01) | 3.04e+06 |  9:1.3e-04  4:1.3e+01
Iterat, #Fevals:   Function Value    (median,worst) |Axis Ratio|idx:Min SD idx:Max SD
  400 ,  16001 : 4.3600302893184e+01 +(3e-02,1e-01) | 2.97e+06 |  9:1.4e-04  4:1.3e+01
  401 ,  16041 : 4.3605364153814e+01 +(4e-02,1e-01) | 3.05e+06 |  9:1.4e-04  4:1.2e+01
  402 ,  16081 : 4.3586489222718e+01 +(6e-02,1e-01) | 3.24e+06 |  9:1.4e-04  4:1.3e+01
  403 ,  16121 : 4.3592536104648e+01 +(4e-02,1e-01) | 3.21e+06 |  9:1.4e-04  4:1.2e+01
  404 ,  16161 : 4.3582895562523e+01 +(5e-02,1e-01) | 3.15e+06 |  9:1.4e-04  4:1.2e+01
  405 ,  16201 : 4.3584405054816e+01 +(5e-02,1e-01) | 3.01e+06 |  9:1.5e-04  4:1.3e+01
  406 ,  16241 : 4.3579586479428e+01 +(5e-02,1e-01) | 3.03e+06 |  9:1.3e-04  4:1.1e+01
  407 ,  16281 : 4.3594157182998e+01 +(4e-02,1e-01) | 3.05e+06 |  9:1.3e-04  4:1.2e+01
  408 ,  16321 : 4.3597863153068e+01 +(4e-02,9e-02) | 3.05e+06 |  9:1.2e-04  4:1.0e+01
  409 ,  16361 : 4.3592165833180e+01 +(5e-02,1e-01) | 2.95e+06 |  9:1.2e-04  4:9.5e+00
Iterat, #Fevals:   Function Value    (median,worst) |Axis Ratio|idx:Min SD idx:Max SD
  410 ,  16401 : 4.3589108686714e+01 +(5e-02,9e-02) | 3.01e+06 |  9:1.1e-04  4:8.9e+00
  411 ,  16441 : 4.3594348053196e+01 +(4e-02,1e-01) | 2.87e+06 |  9:1.0e-04  4:8.9e+00
  412 ,  16481 : 4.3595538479869e+01 +(4e-02,1e-01) | 2.71e+06 |  9:9.6e-05  4:8.2e+00
  413 ,  16521 : 4.3586064549506e+01 +(5e-02,9e-02) | 3.01e+06 |  9:1.0e-04  4:9.1e+00
  414 ,  16561 : 4.3602291479060e+01 +(4e-02,8e-02) | 3.10e+06 |  9:9.9e-05  4:8.7e+00
  415 ,  16601 : 4.3588421511523e+01 +(6e-02,1e-01) | 3.06e+06 |  9:9.7e-05  4:8.7e+00
  416 ,  16641 : 4.3592561308204e+01 +(4e-02,1e-01) | 3.07e+06 |  9:8.8e-05  4:7.9e+00
  417 ,  16681 : 4.3591071571832e+01 +(5e-02,1e-01) | 3.21e+06 |  9:8.4e-05  4:7.5e+00
  418 ,  16721 : 4.3600474470212e+01 +(4e-02,1e-01) | 3.49e+06 |  9:8.3e-05  4:7.7e+00
  419 ,  16761 : 4.3586705783553e+01 +(5e-02,1e-01) | 3.58e+06 |  9:8.1e-05  4:7.5e+00
Iterat, #Fevals:   Function Value    (median,worst) |Axis Ratio|idx:Min SD idx:Max SD
  420 ,  16801 : 4.3604904184562e+01 +(4e-02,1e-01) | 3.21e+06 |  9:8.4e-05  4:7.5e+00
  421 ,  16841 : 4.3591306742255e+01 +(5e-02,1e-01) | 3.51e+06 |  9:1.1e-04  4:9.3e+00
  422 ,  16881 : 4.3582344959542e+01 +(5e-02,1e-01) | 3.55e+06 |  9:9.5e-05  4:8.2e+00
  423 ,  16921 : 4.3591829650079e+01 +(5e-02,9e-02) | 3.69e+06 |  9:9.6e-05  4:8.3e+00
  424 ,  16961 : 4.3596773872089e+01 +(4e-02,1e-01) | 3.95e+06 |  9:1.0e-04  4:9.1e+00
  425 ,  17001 : 4.3590711252759e+01 +(5e-02,1e-01) | 3.72e+06 |  9:9.1e-05  4:8.1e+00
  426 ,  17041 : 4.3594036767636e+01 +(5e-02,1e-01) | 3.75e+06 |  9:9.1e-05  4:8.1e+00
  427 ,  17081 : 4.3588101777621e+01 +(5e-02,1e-01) | 3.96e+06 |  9:1.0e-04  4:9.1e+00
  428 ,  17121 : 4.3595410287071e+01 +(4e-02,9e-02) | 4.08e+06 |  9:1.1e-04  4:9.6e+00
  429 ,  17161 : 4.3603381799929e+01 +(4e-02,1e-01) | 3.90e+06 |  9:9.0e-05  4:7.8e+00
Iterat, #Fevals:   Function Value    (median,worst) |Axis Ratio|idx:Min SD idx:Max SD
  430 ,  17201 : 4.3596511025522e+01 +(4e-02,1e-01) | 4.02e+06 |  9:8.9e-05  4:7.7e+00
  431 ,  17241 : 4.3584260434194e+01 +(5e-02,9e-02) | 4.00e+06 |  9:7.9e-05  4:6.4e+00
  432 ,  17281 : 4.3591540642755e+01 +(4e-02,9e-02) | 4.13e+06 |  9:7.1e-05  4:5.8e+00
  433 ,  17321 : 4.3596537209256e+01 +(4e-02,1e-01) | 4.06e+06 |  9:7.2e-05  4:5.8e+00
  434 ,  17361 : 4.3584724895536e+01 +(5e-02,1e-01) | 3.95e+06 |  9:7.6e-05  4:5.8e+00
  435 ,  17401 : 4.3584693716195e+01 +(5e-02,1e-01) | 3.88e+06 |  9:8.3e-05  4:5.9e+00
  436 ,  17441 : 4.3594525876457e+01 +(4e-02,1e-01) | 3.80e+06 |  9:7.7e-05  4:5.6e+00
  437 ,  17481 : 4.3591644887351e+01 +(4e-02,1e-01) | 3.75e+06 |  9:7.1e-05  4:5.2e+00
  438 ,  17521 : 4.3583605365967e+01 +(6e-02,1e-01) | 4.01e+06 |  9:8.1e-05  4:5.8e+00
  439 ,  17561 : 4.3574421104003e+01 +(7e-02,1e-01) | 3.99e+06 |  9:1.1e-04  4:7.4e+00
Iterat, #Fevals:   Function Value    (median,worst) |Axis Ratio|idx:Min SD idx:Max SD
  440 ,  17601 : 4.3596095569054e+01 +(4e-02,9e-02) | 4.32e+06 |  9:1.0e-04  4:7.4e+00
  441 ,  17641 : 4.3585665685465e+01 +(5e-02,1e-01) | 4.43e+06 |  9:8.8e-05  4:6.5e+00
  442 ,  17681 : 4.3596951688586e+01 +(4e-02,1e-01) | 4.40e+06 |  9:8.8e-05  4:6.1e+00
  443 ,  17721 : 4.3594907156050e+01 +(4e-02,9e-02) | 4.48e+06 |  9:8.6e-05  4:5.6e+00
  444 ,  17761 : 4.3597763473746e+01 +(4e-02,8e-02) | 4.26e+06 |  9:7.4e-05  4:4.7e+00
  445 ,  17801 : 4.3594696005044e+01 +(4e-02,1e-01) | 3.98e+06 |  9:8.2e-05  4:5.0e+00
  446 ,  17841 : 4.3593713886709e+01 +(4e-02,1e-01) | 3.98e+06 |  9:9.0e-05  4:5.5e+00
  447 ,  17881 : 4.3587916954209e+01 +(5e-02,9e-02) | 4.16e+06 |  9:8.5e-05  4:5.1e+00
  448 ,  17921 : 4.3596022533525e+01 +(4e-02,1e-01) | 3.99e+06 |  9:7.9e-05  4:4.9e+00
  449 ,  17961 : 4.3603654788836e+01 +(3e-02,8e-02) | 3.75e+06 |  9:8.2e-05  4:5.1e+00
Iterat, #Fevals:   Function Value    (median,worst) |Axis Ratio|idx:Min SD idx:Max SD
  450 ,  18001 : 4.3594110608719e+01 +(5e-02,9e-02) | 3.58e+06 |  9:7.6e-05  4:4.7e+00
  451 ,  18041 : 4.3585048659259e+01 +(5e-02,1e-01) | 3.68e+06 |  9:7.3e-05  4:4.5e+00
  452 ,  18081 : 4.3597916328570e+01 +(4e-02,8e-02) | 3.86e+06 |  9:7.1e-05  4:4.6e+00
  453 ,  18121 : 4.3599934639237e+01 +(4e-02,1e-01) | 3.88e+06 |  9:8.1e-05  4:5.3e+00
  454 ,  18161 : 4.3589543714736e+01 +(5e-02,1e-01) | 3.70e+06 |  9:7.3e-05  4:4.9e+00
  455 ,  18201 : 4.3606359874961e+01 +(3e-02,8e-02) | 3.68e+06 |  9:7.0e-05  4:4.9e+00
  456 ,  18241 : 4.3576686380821e+01 +(6e-02,1e-01) | 3.64e+06 |  9:6.1e-05  4:4.4e+00
  457 ,  18281 : 4.3591037421682e+01 +(4e-02,1e-01) | 3.65e+06 |  9:6.1e-05  4:4.5e+00
  458 ,  18321 : 4.3594719018032e+01 +(4e-02,1e-01) | 3.65e+06 |  9:6.4e-05  4:4.4e+00
  459 ,  18361 : 4.3601346644205e+01 +(4e-02,1e-01) | 4.00e+06 |  9:7.2e-05  4:5.0e+00
Iterat, #Fevals:   Function Value    (median,worst) |Axis Ratio|idx:Min SD idx:Max SD
  460 ,  18401 : 4.3588413157744e+01 +(5e-02,1e-01) | 4.17e+06 |  9:7.3e-05  4:5.1e+00
  461 ,  18441 : 4.3600433168351e+01 +(4e-02,1e-01) | 4.11e+06 |  9:8.1e-05  4:5.6e+00
  462 ,  18481 : 4.3586843786596e+01 +(5e-02,9e-02) | 3.91e+06 |  9:8.0e-05  4:5.6e+00
  463 ,  18521 : 4.3589077233883e+01 +(5e-02,1e-01) | 3.98e+06 |  9:7.8e-05  4:5.8e+00
  464 ,  18561 : 4.3569253073416e+01 +(7e-02,1e-01) | 4.03e+06 |  9:7.8e-05  4:5.5e+00
  465 ,  18601 : 4.3591296391207e+01 +(5e-02,9e-02) | 4.14e+06 |  9:7.3e-05  4:5.4e+00
  466 ,  18641 : 4.3606236991078e+01 +(4e-02,1e-01) | 4.11e+06 |  9:6.3e-05  4:4.8e+00
  467 ,  18681 : 4.3581965388181e+01 +(6e-02,1e-01) | 4.31e+06 |  9:5.7e-05  4:4.6e+00
  468 ,  18721 : 4.3576277653703e+01 +(6e-02,1e-01) | 4.61e+06 |  9:5.3e-05  4:4.4e+00
  469 ,  18761 : 4.3589777994832e+01 +(5e-02,1e-01) | 4.35e+06 |  9:5.3e-05  4:4.3e+00
Iterat, #Fevals:   Function Value    (median,worst) |Axis Ratio|idx:Min SD idx:Max SD
  470 ,  18801 : 4.3582286421954e+01 +(6e-02,1e-01) | 4.41e+06 |  9:5.6e-05  4:4.8e+00
  471 ,  18841 : 4.3599070148247e+01 +(4e-02,9e-02) | 4.62e+06 |  9:5.1e-05  4:4.6e+00
  472 ,  18881 : 4.3587946639859e+01 +(6e-02,1e-01) | 4.37e+06 |  9:5.2e-05  4:4.6e+00
  473 ,  18921 : 4.3602806383571e+01 +(4e-02,1e-01) | 4.32e+06 |  9:4.9e-05  4:4.3e+00
  474 ,  18961 : 4.3597550613495e+01 +(4e-02,9e-02) | 4.28e+06 |  9:5.1e-05  4:4.7e+00
  475 ,  19001 : 4.3589554229448e+01 +(5e-02,1e-01) | 4.39e+06 |  9:4.8e-05  4:4.6e+00
  476 ,  19041 : 4.3570708113643e+01 +(7e-02,1e-01) | 4.54e+06 |  9:4.9e-05  4:4.8e+00
  477 ,  19081 : 4.3601127481723e+01 +(4e-02,1e-01) | 4.72e+06 |  9:5.8e-05  4:5.9e+00
  478 ,  19121 : 4.3584846976655e+01 +(6e-02,1e-01) | 4.64e+06 |  9:5.8e-05  4:5.7e+00
  479 ,  19161 : 4.3609005920284e+01 +(3e-02,1e-01) | 4.08e+06 |  9:5.4e-05  4:5.1e+00
Iterat, #Fevals:   Function Value    (median,worst) |Axis Ratio|idx:Min SD idx:Max SD
  480 ,  19201 : 4.3587707560396e+01 +(6e-02,1e-01) | 4.06e+06 |  9:4.9e-05  4:4.6e+00
  481 ,  19241 : 4.3591892319527e+01 +(4e-02,1e-01) | 4.27e+06 |  9:5.9e-05  4:5.3e+00
  482 ,  19281 : 4.3600922431677e+01 +(4e-02,1e-01) | 4.31e+06 |  9:6.6e-05  4:5.6e+00
  483 ,  19321 : 4.3603249719985e+01 +(4e-02,1e-01) | 4.02e+06 |  9:6.8e-05  4:5.8e+00
  484 ,  19361 : 4.3593074138703e+01 +(5e-02,1e-01) | 4.06e+06 |  9:6.7e-05  4:5.7e+00
  485 ,  19401 : 4.3593190615439e+01 +(5e-02,1e-01) | 4.09e+06 |  9:6.4e-05  4:5.3e+00
  486 ,  19441 : 4.3584969535459e+01 +(5e-02,1e-01) | 4.03e+06 |  9:5.6e-05  4:4.7e+00
  487 ,  19481 : 4.3583967698605e+01 +(5e-02,1e-01) | 4.19e+06 |  9:5.4e-05  4:4.5e+00
  488 ,  19521 : 4.3594216717090e+01 +(4e-02,1e-01) | 4.30e+06 |  9:5.0e-05  4:4.2e+00
  489 ,  19561 : 4.3599194142254e+01 +(3e-02,9e-02) | 4.23e+06 |  9:4.4e-05  4:3.5e+00
Iterat, #Fevals:   Function Value    (median,worst) |Axis Ratio|idx:Min SD idx:Max SD
  490 ,  19601 : 4.3586600494759e+01 +(5e-02,1e-01) | 4.09e+06 |  9:3.8e-05  4:2.9e+00
  491 ,  19641 : 4.3592817583188e+01 +(4e-02,1e-01) | 4.07e+06 |  9:3.8e-05  4:2.8e+00
  492 ,  19681 : 4.3593023651265e+01 +(5e-02,1e-01) | 4.05e+06 |  9:3.6e-05  4:2.8e+00
  493 ,  19721 : 4.3578796436941e+01 +(6e-02,1e-01) | 4.39e+06 |  9:4.1e-05  4:3.3e+00
  494 ,  19761 : 4.3588767360912e+01 +(5e-02,1e-01) | 4.47e+06 |  9:4.3e-05  4:3.4e+00
  495 ,  19801 : 4.3602464912306e+01 +(4e-02,1e-01) | 4.49e+06 |  9:4.1e-05  4:3.3e+00
  496 ,  19841 : 4.3578868078096e+01 +(7e-02,1e-01) | 4.39e+06 |  9:3.5e-05  4:2.8e+00
  497 ,  19881 : 4.3576478888771e+01 +(7e-02,1e-01) | 4.44e+06 |  9:3.9e-05  4:3.1e+00
  498 ,  19921 : 4.3604415859859e+01 +(4e-02,1e-01) | 4.36e+06 |  9:4.0e-05  4:3.0e+00
  499 ,  19961 : 4.3583559741129e+01 +(5e-02,1e-01) | 4.33e+06 |  9:4.0e-05  4:3.0e+00
Iterat, #Fevals:   Function Value    (median,worst) |Axis Ratio|idx:Min SD idx:Max SD
  500 ,  20001 : 4.3592084484281e+01 +(5e-02,1e-01) | 4.49e+06 |  9:4.4e-05  4:3.4e+00
  501 ,  20041 : 4.3591656962643e+01 +(5e-02,1e-01) | 4.57e+06 |  9:4.0e-05  4:3.3e+00
  502 ,  20081 : 4.3606373802238e+01 +(3e-02,1e-01) | 4.87e+06 |  9:4.1e-05  4:3.5e+00
  503 ,  20121 : 4.3596547507687e+01 +(4e-02,1e-01) | 4.74e+06 |  9:3.7e-05  4:3.1e+00
  504 ,  20161 : 4.3590662990435e+01 +(5e-02,1e-01) | 5.14e+06 |  9:4.3e-05  4:3.5e+00
  505 ,  20201 : 4.3591062608049e+01 +(6e-02,1e-01) | 5.35e+06 |  9:4.3e-05  4:3.5e+00
  506 ,  20241 : 4.3592646398275e+01 +(4e-02,1e-01) | 5.35e+06 |  9:4.9e-05  4:3.8e+00
  507 ,  20281 : 4.3596202859968e+01 +(5e-02,8e-02) | 5.19e+06 |  9:5.7e-05  4:4.1e+00
  508 ,  20321 : 4.3598787023369e+01 +(4e-02,1e-01) | 5.29e+06 |  9:7.0e-05  4:4.8e+00
  509 ,  20361 : 4.3584268464856e+01 +(6e-02,1e-01) | 5.09e+06 |  9:7.0e-05  4:4.6e+00
Iterat, #Fevals:   Function Value    (median,worst) |Axis Ratio|idx:Min SD idx:Max SD
  510 ,  20401 : 4.3590449218123e+01 +(5e-02,1e-01) | 4.97e+06 |  9:6.8e-05  4:4.2e+00
  511 ,  20441 : 4.3595419094285e+01 +(5e-02,1e-01) | 5.80e+06 |  9:6.8e-05  4:4.6e+00
  512 ,  20481 : 4.3592283658016e+01 +(5e-02,1e-01) | 6.02e+06 |  9:6.7e-05  4:4.4e+00
  513 ,  20521 : 4.3584870179969e+01 +(5e-02,1e-01) | 6.30e+06 |  9:6.7e-05  4:4.5e+00
  514 ,  20561 : 4.3604003354067e+01 +(3e-02,1e-01) | 6.27e+06 |  9:6.1e-05  4:4.1e+00
  515 ,  20601 : 4.3586371230408e+01 +(6e-02,1e-01) | 6.35e+06 |  9:5.5e-05  4:3.7e+00
  516 ,  20641 : 4.3571775973171e+01 +(7e-02,1e-01) | 6.09e+06 |  9:5.2e-05  4:3.5e+00
  517 ,  20681 : 4.3599600210657e+01 +(4e-02,9e-02) | 5.89e+06 |  9:5.3e-05  4:3.5e+00
  518 ,  20721 : 4.3576642353564e+01 +(5e-02,1e-01) | 6.08e+06 |  9:4.9e-05  4:3.5e+00
  519 ,  20761 : 4.3586676689220e+01 +(5e-02,1e-01) | 5.89e+06 |  9:4.3e-05  4:3.0e+00
Iterat, #Fevals:   Function Value    (median,worst) |Axis Ratio|idx:Min SD idx:Max SD
  520 ,  20801 : 4.3591535793071e+01 +(4e-02,1e-01) | 6.01e+06 |  9:4.5e-05  4:3.1e+00
  521 ,  20841 : 4.3576509456498e+01 +(6e-02,1e-01) | 5.64e+06 |  9:4.3e-05  4:2.8e+00
  522 ,  20881 : 4.3575735186280e+01 +(7e-02,1e-01) | 5.63e+06 |  9:3.9e-05  4:2.6e+00
  523 ,  20921 : 4.3588031501360e+01 +(6e-02,1e-01) | 5.42e+06 |  9:3.5e-05  4:2.3e+00
  524 ,  20961 : 4.3590737005226e+01 +(6e-02,1e-01) | 5.43e+06 |  9:3.3e-05  4:2.2e+00
  525 ,  21001 : 4.3588795892959e+01 +(5e-02,1e-01) | 5.75e+06 |  9:3.4e-05  4:2.5e+00
  526 ,  21041 : 4.3609403094750e+01 +(3e-02,1e-01) | 5.59e+06 |  9:3.4e-05  4:2.6e+00
  527 ,  21081 : 4.3592431746177e+01 +(5e-02,9e-02) | 5.25e+06 |  9:3.8e-05  4:2.6e+00
  528 ,  21121 : 4.3593444638881e+01 +(4e-02,1e-01) | 4.94e+06 |  9:3.9e-05  4:2.7e+00
  529 ,  21161 : 4.3609884208449e+01 +(3e-02,9e-02) | 4.99e+06 |  9:4.1e-05  4:2.7e+00
Iterat, #Fevals:   Function Value    (median,worst) |Axis Ratio|idx:Min SD idx:Max SD
  530 ,  21201 : 4.3609030541474e+01 +(3e-02,8e-02) | 5.15e+06 |  9:5.0e-05  4:3.1e+00
  531 ,  21241 : 4.3574863991477e+01 +(7e-02,1e-01) | 5.35e+06 |  9:5.0e-05  4:3.2e+00
  532 ,  21281 : 4.3594012380364e+01 +(5e-02,1e-01) | 5.20e+06 |  9:4.4e-05  4:2.8e+00
  533 ,  21321 : 4.3584294930548e+01 +(5e-02,1e-01) | 5.12e+06 |  9:4.4e-05  4:2.8e+00
  534 ,  21361 : 4.3599461099190e+01 +(4e-02,1e-01) | 5.14e+06 |  9:4.9e-05  4:3.1e+00
  535 ,  21401 : 4.3591748740795e+01 +(4e-02,1e-01) | 5.50e+06 |  9:4.6e-05  4:3.2e+00
  536 ,  21441 : 4.3589270502223e+01 +(5e-02,9e-02) | 5.59e+06 |  9:4.4e-05  4:3.1e+00
  537 ,  21481 : 4.3581706344275e+01 +(5e-02,1e-01) | 5.87e+06 |  9:4.3e-05  4:3.2e+00
  538 ,  21521 : 4.3597555702563e+01 +(4e-02,7e-02) | 5.70e+06 |  9:4.8e-05  4:3.6e+00
  539 ,  21561 : 4.3581128614612e+01 +(5e-02,1e-01) | 5.49e+06 |  9:5.4e-05  4:4.4e+00
Iterat, #Fevals:   Function Value    (median,worst) |Axis Ratio|idx:Min SD idx:Max SD
  540 ,  21601 : 4.3587898666011e+01 +(5e-02,1e-01) | 5.49e+06 |  9:5.5e-05  4:4.5e+00
  541 ,  21641 : 4.3596869207586e+01 +(4e-02,1e-01) | 5.58e+06 |  9:5.4e-05  4:4.6e+00
  542 ,  21681 : 4.3591017088243e+01 +(6e-02,1e-01) | 5.71e+06 |  9:6.3e-05  4:4.9e+00
  543 ,  21721 : 4.3593955161647e+01 +(5e-02,1e-01) | 5.60e+06 |  9:6.4e-05  4:4.7e+00
  544 ,  21761 : 4.3597876944772e+01 +(6e-02,1e-01) | 5.92e+06 |  9:6.5e-05  4:4.6e+00
  545 ,  21801 : 4.3594617519714e+01 +(5e-02,1e-01) | 6.11e+06 |  9:7.0e-05  4:5.2e+00
  546 ,  21841 : 4.3588029246069e+01 +(5e-02,1e-01) | 6.27e+06 |  9:7.0e-05  4:5.5e+00
  547 ,  21881 : 4.3584864653146e+01 +(5e-02,1e-01) | 6.13e+06 |  9:6.0e-05  4:4.6e+00
  548 ,  21921 : 4.3592700610240e+01 +(5e-02,1e-01) | 6.28e+06 |  9:6.3e-05  4:4.9e+00
  549 ,  21961 : 4.3599111126605e+01 +(3e-02,9e-02) | 6.15e+06 |  9:7.1e-05  4:5.6e+00
Iterat, #Fevals:   Function Value    (median,worst) |Axis Ratio|idx:Min SD idx:Max SD
  550 ,  22001 : 4.3603729090888e+01 +(5e-02,1e-01) | 5.78e+06 |  9:6.4e-05  4:4.8e+00
  551 ,  22041 : 4.3596610822345e+01 +(4e-02,1e-01) | 5.54e+06 |  9:6.1e-05  4:4.5e+00
  552 ,  22081 : 4.3600747173095e+01 +(4e-02,1e-01) | 5.75e+06 |  9:6.9e-05  4:4.7e+00
  553 ,  22121 : 4.3594403222211e+01 +(4e-02,1e-01) | 5.78e+06 |  9:7.8e-05  4:4.9e+00
  554 ,  22161 : 4.3592975247678e+01 +(5e-02,1e-01) | 6.26e+06 |  9:6.4e-05  4:4.2e+00
  555 ,  22201 : 4.3593259463708e+01 +(5e-02,1e-01) | 6.21e+06 |  9:6.8e-05  4:4.3e+00
  556 ,  22241 : 4.3586078313576e+01 +(5e-02,1e-01) | 6.06e+06 |  9:6.3e-05  4:4.0e+00
  557 ,  22281 : 4.3579629377561e+01 +(6e-02,1e-01) | 6.06e+06 |  9:5.8e-05  4:3.5e+00
  558 ,  22321 : 4.3591158555729e+01 +(4e-02,1e-01) | 6.20e+06 |  9:5.4e-05  4:3.4e+00
  559 ,  22361 : 4.3585079974366e+01 +(5e-02,1e-01) | 5.90e+06 |  9:5.0e-05  4:3.1e+00
Iterat, #Fevals:   Function Value    (median,worst) |Axis Ratio|idx:Min SD idx:Max SD
  560 ,  22401 : 4.3581515968841e+01 +(5e-02,1e-01) | 5.38e+06 |  9:5.1e-05  4:3.1e+00
  561 ,  22441 : 4.3588857950173e+01 +(5e-02,1e-01) | 5.00e+06 |  9:4.7e-05  4:2.7e+00
  562 ,  22481 : 4.3597375173747e+01 +(4e-02,9e-02) | 5.27e+06 |  9:4.9e-05  4:2.7e+00
  563 ,  22521 : 4.3596325893861e+01 +(4e-02,1e-01) | 5.76e+06 |  9:4.2e-05  4:2.5e+00
  564 ,  22561 : 4.3602245551148e+01 +(4e-02,1e-01) | 6.01e+06 |  9:3.5e-05  4:2.2e+00
  565 ,  22601 : 4.3584256178145e+01 +(5e-02,1e-01) | 5.89e+06 |  9:3.3e-05  4:1.9e+00
  566 ,  22641 : 4.3598013975968e+01 +(3e-02,1e-01) | 6.06e+06 |  9:3.5e-05  4:2.0e+00
  567 ,  22681 : 4.3590277152502e+01 +(4e-02,1e-01) | 5.47e+06 |  9:3.7e-05  4:2.1e+00
  568 ,  22721 : 4.3606250089025e+01 +(3e-02,8e-02) | 5.91e+06 |  9:4.3e-05  4:2.4e+00
  569 ,  22761 : 4.3595627802396e+01 +(3e-02,9e-02) | 6.10e+06 |  9:4.3e-05  4:2.5e+00
Iterat, #Fevals:   Function Value    (median,worst) |Axis Ratio|idx:Min SD idx:Max SD
  570 ,  22801 : 4.3600276882378e+01 +(4e-02,8e-02) | 6.03e+06 |  9:4.8e-05  4:2.7e+00
  571 ,  22841 : 4.3595516487260e+01 +(4e-02,9e-02) | 5.91e+06 |  9:5.0e-05  4:2.7e+00
  572 ,  22881 : 4.3595328383802e+01 +(4e-02,1e-01) | 5.82e+06 |  9:5.2e-05  4:2.8e+00
  573 ,  22921 : 4.3578075718791e+01 +(6e-02,1e-01) | 6.07e+06 |  9:4.9e-05  4:2.6e+00
  574 ,  22961 : 4.3592238872602e+01 +(5e-02,1e-01) | 6.17e+06 |  9:4.7e-05  4:2.5e+00
  575 ,  23001 : 4.3583336022260e+01 +(5e-02,1e-01) | 6.71e+06 |  9:4.6e-05  4:2.5e+00
  576 ,  23041 : 4.3593968845732e+01 +(4e-02,1e-01) | 7.13e+06 |  9:5.0e-05  4:2.7e+00
  577 ,  23081 : 4.3584960755406e+01 +(5e-02,1e-01) | 7.18e+06 |  9:4.6e-05  4:2.4e+00
  578 ,  23121 : 4.3596899966354e+01 +(4e-02,1e-01) | 6.88e+06 |  9:4.5e-05  4:2.2e+00
  579 ,  23161 : 4.3594096794305e+01 +(4e-02,1e-01) | 6.78e+06 |  9:4.0e-05  4:2.1e+00
Iterat, #Fevals:   Function Value    (median,worst) |Axis Ratio|idx:Min SD idx:Max SD
  580 ,  23201 : 4.3592762528317e+01 +(4e-02,9e-02) | 6.66e+06 |  9:3.9e-05  4:2.0e+00
  581 ,  23241 : 4.3582245122851e+01 +(5e-02,1e-01) | 6.59e+06 |  9:3.8e-05  4:1.9e+00
  582 ,  23281 : 4.3582656064064e+01 +(5e-02,1e-01) | 7.07e+06 |  9:4.0e-05  4:2.0e+00
  583 ,  23321 : 4.3606018206268e+01 +(3e-02,1e-01) | 6.97e+06 |  9:3.5e-05  4:1.7e+00
  584 ,  23361 : 4.3586003278392e+01 +(5e-02,1e-01) | 6.84e+06 |  9:3.3e-05  4:1.5e+00
  585 ,  23401 : 4.3593829774022e+01 +(4e-02,2e-01) | 6.95e+06 |  9:3.5e-05  4:1.7e+00
  586 ,  23441 : 4.3587968255522e+01 +(4e-02,1e-01) | 6.98e+06 |  9:3.2e-05  4:1.6e+00
  587 ,  23481 : 4.3602217549076e+01 +(4e-02,8e-02) | 7.56e+06 |  9:3.3e-05  4:1.7e+00
  588 ,  23521 : 4.3599842367692e+01 +(4e-02,1e-01) | 7.85e+06 |  9:3.3e-05  4:1.6e+00
  589 ,  23561 : 4.3595696781755e+01 +(4e-02,1e-01) | 7.37e+06 |  9:3.5e-05  4:1.7e+00
Iterat, #Fevals:   Function Value    (median,worst) |Axis Ratio|idx:Min SD idx:Max SD
  590 ,  23601 : 4.3584809655793e+01 +(4e-02,1e-01) | 7.26e+06 |  9:3.9e-05  4:1.9e+00
  591 ,  23641 : 4.3596328877523e+01 +(3e-02,8e-02) | 7.22e+06 |  9:4.1e-05  4:1.9e+00
  592 ,  23681 : 4.3596910784549e+01 +(4e-02,1e-01) | 7.17e+06 |  9:3.8e-05  4:1.8e+00
  593 ,  23721 : 4.3588518142951e+01 +(4e-02,1e-01) | 7.15e+06 |  9:4.0e-05  4:1.8e+00
  594 ,  23761 : 4.3599615936477e+01 +(4e-02,9e-02) | 7.11e+06 |  9:4.1e-05  4:1.9e+00
  595 ,  23801 : 4.3590926725807e+01 +(5e-02,8e-02) | 7.43e+06 |  9:4.3e-05  4:1.9e+00
  596 ,  23841 : 4.3597925042564e+01 +(4e-02,1e-01) | 7.34e+06 |  9:3.6e-05  4:1.6e+00
  597 ,  23881 : 4.3596064708003e+01 +(4e-02,1e-01) | 6.77e+06 |  9:4.1e-05  4:1.6e+00
  598 ,  23921 : 4.3598438625373e+01 +(3e-02,8e-02) | 6.71e+06 |  9:3.8e-05  4:1.4e+00
  599 ,  23961 : 4.3588794817752e+01 +(4e-02,1e-01) | 6.50e+06 |  9:3.8e-05  4:1.4e+00
Iterat, #Fevals:   Function Value    (median,worst) |Axis Ratio|idx:Min SD idx:Max SD
  600 ,  24001 : 4.3585911589506e+01 +(5e-02,1e-01) | 6.94e+06 |  9:3.7e-05  4:1.4e+00
  601 ,  24041 : 4.3607649631899e+01 +(3e-02,1e-01) | 6.54e+06 |  9:3.4e-05  4:1.3e+00
  602 ,  24081 : 4.3597142285968e+01 +(4e-02,1e-01) | 6.11e+06 |  9:3.3e-05  4:1.2e+00
  603 ,  24121 : 4.3578535056363e+01 +(6e-02,1e-01) | 6.44e+06 |  9:3.5e-05  4:1.3e+00
  604 ,  24161 : 4.3601799282829e+01 +(3e-02,1e-01) | 6.53e+06 |  9:3.5e-05  4:1.4e+00
  605 ,  24201 : 4.3593916391562e+01 +(5e-02,1e-01) | 6.49e+06 |  9:3.5e-05  4:1.3e+00
  606 ,  24241 : 4.3584975574944e+01 +(5e-02,1e-01) | 6.91e+06 |  9:3.6e-05  4:1.5e+00
  607 ,  24281 : 4.3596020974070e+01 +(4e-02,1e-01) | 7.54e+06 |  9:3.6e-05  4:1.7e+00
  608 ,  24321 : 4.3578746134602e+01 +(6e-02,1e-01) | 7.31e+06 |  9:3.8e-05  4:1.8e+00
  609 ,  24361 : 4.3591585389792e+01 +(4e-02,1e-01) | 7.82e+06 |  9:3.7e-05  4:1.9e+00
Iterat, #Fevals:   Function Value    (median,worst) |Axis Ratio|idx:Min SD idx:Max SD
  610 ,  24401 : 4.3596496412343e+01 +(4e-02,1e-01) | 7.58e+06 |  9:3.6e-05  4:1.9e+00
  611 ,  24441 : 4.3596022951288e+01 +(4e-02,8e-02) | 7.50e+06 |  9:3.4e-05  4:1.7e+00
  612 ,  24481 : 4.3587034516425e+01 +(5e-02,1e-01) | 7.69e+06 |  9:3.0e-05  4:1.5e+00
  613 ,  24521 : 4.3607725482334e+01 +(3e-02,9e-02) | 7.52e+06 |  9:3.5e-05  4:1.9e+00
  614 ,  24561 : 4.3601732106305e+01 +(3e-02,9e-02) | 7.47e+06 |  9:4.5e-05  4:2.3e+00
  615 ,  24601 : 4.3599112690320e+01 +(4e-02,1e-01) | 7.76e+06 |  9:4.0e-05  4:2.1e+00
  616 ,  24641 : 4.3595449114508e+01 +(4e-02,1e-01) | 8.04e+06 |  9:3.7e-05  4:2.0e+00
  617 ,  24681 : 4.3595401873745e+01 +(4e-02,7e-02) | 7.93e+06 |  9:3.5e-05  4:1.9e+00
  618 ,  24721 : 4.3596691071953e+01 +(4e-02,9e-02) | 7.67e+06 |  9:2.9e-05  4:1.6e+00
  619 ,  24761 : 4.3584823832692e+01 +(5e-02,1e-01) | 7.69e+06 |  9:2.8e-05  4:1.5e+00
Iterat, #Fevals:   Function Value    (median,worst) |Axis Ratio|idx:Min SD idx:Max SD
  620 ,  24801 : 4.3602715074665e+01 +(3e-02,1e-01) | 7.46e+06 |  9:2.8e-05  4:1.6e+00
  621 ,  24841 : 4.3597290843924e+01 +(4e-02,1e-01) | 7.89e+06 |  9:2.8e-05  4:1.6e+00
  622 ,  24881 : 4.3588790881906e+01 +(4e-02,1e-01) | 8.24e+06 |  9:2.7e-05  4:1.6e+00
  623 ,  24921 : 4.3588906265425e+01 +(4e-02,1e-01) | 8.91e+06 |  9:2.8e-05  4:1.6e+00
  624 ,  24961 : 4.3594380382634e+01 +(5e-02,1e-01) | 9.15e+06 |  9:2.5e-05  4:1.5e+00
  625 ,  25001 : 4.3591221958942e+01 +(5e-02,1e-01) | 8.94e+06 |  9:2.6e-05  4:1.5e+00
  626 ,  25041 : 4.3591930279572e+01 +(4e-02,8e-02) | 8.45e+06 |  9:2.5e-05  4:1.3e+00
  627 ,  25081 : 4.3586029482905e+01 +(4e-02,9e-02) | 8.87e+06 |  9:2.3e-05  4:1.2e+00
  628 ,  25121 : 4.3595257606730e+01 +(5e-02,9e-02) | 8.52e+06 |  9:2.2e-05  4:1.1e+00
  629 ,  25161 : 4.3595003618535e+01 +(4e-02,9e-02) | 8.41e+06 |  9:2.1e-05  4:1.1e+00
Iterat, #Fevals:   Function Value    (median,worst) |Axis Ratio|idx:Min SD idx:Max SD
  630 ,  25201 : 4.3602133769716e+01 +(3e-02,1e-01) | 8.34e+06 |  9:1.8e-05  4:1.0e+00
  631 ,  25241 : 4.3591122828991e+01 +(4e-02,9e-02) | 8.05e+06 |  9:1.5e-05  4:8.2e-01
  632 ,  25281 : 4.3597936220623e+01 +(4e-02,1e-01) | 8.18e+06 |  9:1.3e-05  4:7.7e-01
  633 ,  25321 : 4.3602629385477e+01 +(3e-02,9e-02) | 7.22e+06 |  9:1.3e-05  4:7.7e-01
  634 ,  25361 : 4.3594432728516e+01 +(3e-02,1e-01) | 7.54e+06 |  9:1.3e-05  4:7.8e-01
  635 ,  25401 : 4.3595286722770e+01 +(4e-02,1e-01) | 7.15e+06 |  9:1.5e-05  4:8.7e-01
  636 ,  25441 : 4.3592609555306e+01 +(5e-02,1e-01) | 7.50e+06 |  9:1.6e-05  4:8.7e-01
  637 ,  25481 : 4.3601741541759e+01 +(3e-02,1e-01) | 7.34e+06 |  9:1.5e-05  4:8.6e-01
  638 ,  25521 : 4.3608011127617e+01 +(2e-02,8e-02) | 7.28e+06 |  9:1.4e-05  4:8.5e-01
  639 ,  25561 : 4.3604558672107e+01 +(3e-02,7e-02) | 7.09e+06 |  9:1.2e-05  4:7.2e-01
Iterat, #Fevals:   Function Value    (median,worst) |Axis Ratio|idx:Min SD idx:Max SD
  640 ,  25601 : 4.3593741872472e+01 +(4e-02,1e-01) | 7.25e+06 |  9:1.1e-05  4:6.2e-01
  641 ,  25641 : 4.3582541990911e+01 +(5e-02,1e-01) | 7.42e+06 |  9:9.9e-06  4:5.3e-01
  642 ,  25681 : 4.3592376614332e+01 +(3e-02,9e-02) | 7.40e+06 |  9:9.4e-06  4:5.0e-01
  643 ,  25721 : 4.3601874464475e+01 +(3e-02,1e-01) | 7.37e+06 |  9:8.4e-06  4:4.6e-01
  644 ,  25761 : 4.3601822021768e+01 +(4e-02,1e-01) | 7.27e+06 |  9:8.2e-06  4:4.4e-01
  645 ,  25801 : 4.3596767090339e+01 +(4e-02,1e-01) | 7.60e+06 |  9:7.4e-06  4:4.2e-01
  646 ,  25841 : 4.3598002466289e+01 +(3e-02,1e-01) | 7.64e+06 |  9:6.5e-06  4:3.7e-01
  647 ,  25881 : 4.3605631238342e+01 +(3e-02,9e-02) | 7.24e+06 |  9:6.4e-06  4:3.5e-01
  648 ,  25921 : 4.3590155814431e+01 +(4e-02,1e-01) | 7.26e+06 |  9:6.5e-06  4:3.6e-01
  649 ,  25961 : 4.3609608066361e+01 +(4e-02,8e-02) | 7.26e+06 |  9:6.4e-06  4:3.4e-01
Iterat, #Fevals:   Function Value    (median,worst) |Axis Ratio|idx:Min SD idx:Max SD
  650 ,  26001 : 4.3592426994734e+01 +(5e-02,9e-02) | 7.57e+06 |  9:5.9e-06  4:3.3e-01
  651 ,  26041 : 4.3588819103880e+01 +(5e-02,1e-01) | 7.50e+06 |  9:5.4e-06  4:2.9e-01
  652 ,  26081 : 4.3601818216904e+01 +(4e-02,1e-01) | 7.63e+06 |  9:4.9e-06  4:2.8e-01
  653 ,  26121 : 4.3601516832448e+01 +(4e-02,1e-01) | 7.98e+06 |  9:4.8e-06  4:2.8e-01
  654 ,  26161 : 4.3595151830214e+01 +(4e-02,1e-01) | 7.89e+06 |  9:4.6e-06  4:2.5e-01
  655 ,  26201 : 4.3594930986735e+01 +(3e-02,8e-02) | 8.24e+06 |  9:5.1e-06  4:2.7e-01
  656 ,  26241 : 4.3602253394114e+01 +(3e-02,9e-02) | 8.32e+06 |  9:5.4e-06  4:2.7e-01
  657 ,  26281 : 4.3598009037689e+01 +(3e-02,8e-02) | 8.43e+06 |  9:5.8e-06  4:3.1e-01
  658 ,  26321 : 4.3593796277953e+01 +(4e-02,1e-01) | 9.68e+06 |  9:5.8e-06  4:3.5e-01
  659 ,  26361 : 4.3592888434144e+01 +(4e-02,1e-01) | 1.00e+07 |  9:5.7e-06  4:3.4e-01
#Fevals:   f(returned x)   |    bestever.f     | stopflag (saved to variablescmaes13_9_14_7_60.mat)
  26362: 4.35928884341e+01 | 3.04265732510e+01 | warnconditioncov
mean solution: +1.7e+00 +3.7e-01 +9.5e-01 +4.2e+03 +2.0e+01 +4.9e-01 +1.3e+00 +1.9e-01 +1.3e+00
std deviation:  9.4e-05  1.3e-04  1.8e-04  3.4e-01  3.5e-03  2.3e-04  2.1e-04  5.1e-05  5.7e-06
use plotcmaesdat.m for plotting the output at any time (option LogModulo must not be zero)
