
                            < M A T L A B (R) >
                  Copyright 1984-2015 The MathWorks, Inc.
                   R2015a (8.5.0.197613) 64-bit (glnxa64)
                             February 12, 2015

 
For online documentation, see http://www.mathworks.com/support
For product information, visit www.mathworks.com.
 

	Academic License


seed =

                141.995065


Initialtheta =

          1652.98948415434
                  10000000
                 100000000
                         1
          372.615565068358
                      1000
        0.0288440063396784
                        10
          776.981130824647

  n=9: (20,40)-CMA-ES(w=[17 13 11... 0.42 0.14]%, ]%, mu_eff=11.3) on function Error
Iterat, #Fevals:   Function Value    (median,worst) |Axis Ratio|idx:Min SD idx:Max SD
    1 ,     41 : 2.8099815706395e+02 +(7e+06,6e+16) | 1.06e+04 |  9:2.7e-01  4:2.8e+03
    2 ,     81 : 5.1965969067047e+01 +(2e+02,4e+16) | 1.02e+04 |  9:2.8e-01  4:2.8e+03
    3 ,    121 : 4.9772070995849e+01 +(1e+04,2e+16) | 1.08e+04 |  9:3.4e-01  4:3.5e+03
    4 ,    161 : 4.5437529346639e+01 +(1e+06,2e+16) | 1.09e+04 |  9:4.0e-01  4:4.1e+03
    5 ,    201 : 7.5639297798380e+01 +(4e+07,2e+18) | 1.15e+04 |  9:3.9e-01  4:4.3e+03
    6 ,    241 : 2.8242114339759e+02 +(2e+06,1e+18) | 1.18e+04 |  9:3.7e-01  4:4.1e+03
    7 ,    281 : 1.9235314122576e+02 +(7e+06,2e+16) | 1.18e+04 |  9:2.8e-01  4:3.3e+03
    8 ,    321 : 1.9540416514659e+02 +(3e+06,1e+16) | 1.21e+04 |  9:2.9e-01  4:3.4e+03
    9 ,    361 : 5.6702842722597e+01 +(2e+05,3e+16) | 1.23e+04 |  9:2.9e-01  4:3.4e+03
Iterat, #Fevals:   Function Value    (median,worst) |Axis Ratio|idx:Min SD idx:Max SD
   10 ,    401 : 2.8810227700473e+02 +(2e+05,4e+10) | 1.27e+04 |  9:2.7e-01  4:3.2e+03
   11 ,    441 : 6.1715564098116e+01 +(7e+04,6e+09) | 1.26e+04 |  9:2.2e-01  4:2.6e+03
   12 ,    481 : 5.7404457139417e+01 +(1e+05,2e+09) | 1.31e+04 |  9:2.1e-01  4:2.5e+03
   13 ,    521 : 4.8520279833694e+01 +(9e+04,9e+07) | 1.29e+04 |  9:2.1e-01  4:2.5e+03
   14 ,    561 : 4.8730853890314e+01 +(2e+02,5e+06) | 1.28e+04 |  9:1.9e-01  4:2.2e+03
   15 ,    601 : 7.7115880521856e+01 +(8e+02,3e+06) | 1.30e+04 |  9:1.8e-01  4:2.1e+03
   16 ,    641 : 1.8096117958979e+02 +(8e+03,1e+06) | 1.27e+04 |  9:1.6e-01  4:1.9e+03
   17 ,    681 : 4.6759452665200e+01 +(2e+02,6e+06) | 1.30e+04 |  9:1.6e-01  4:1.8e+03
   18 ,    721 : 4.9627242597297e+01 +(2e+02,3e+05) | 1.25e+04 |  9:1.4e-01  4:1.6e+03
   19 ,    761 : 1.0867162569757e+02 +(2e+02,4e+05) | 1.28e+04 |  9:1.8e-01  4:1.8e+03
Iterat, #Fevals:   Function Value    (median,worst) |Axis Ratio|idx:Min SD idx:Max SD
   20 ,    801 : 7.0721136403276e+01 +(2e+02,9e+05) | 1.29e+04 |  9:1.5e-01  4:1.6e+03
   21 ,    841 : 4.9908666115647e+01 +(2e+02,6e+05) | 1.31e+04 |  3:1.4e-01  4:1.5e+03
   22 ,    881 : 4.6061486056257e+01 +(2e+02,1e+05) | 1.33e+04 |  6:1.2e-01  4:1.3e+03
   23 ,    921 : 6.3773038065098e+01 +(2e+02,3e+05) | 1.26e+04 |  6:1.2e-01  4:1.2e+03
   24 ,    961 : 5.0681978855792e+01 +(2e+02,1e+05) | 1.26e+04 |  6:1.3e-01  4:1.3e+03
   25 ,   1001 : 4.7026220864772e+01 +(2e+02,6e+04) | 1.34e+04 |  6:1.5e-01  4:1.6e+03
   26 ,   1041 : 4.6314856533173e+01 +(2e+02,4e+04) | 1.29e+04 |  6:1.7e-01  4:1.8e+03
   27 ,   1081 : 4.9034525781159e+01 +(2e+02,5e+04) | 1.31e+04 |  6:1.5e-01  4:1.7e+03
   28 ,   1121 : 4.7528319289515e+01 +(2e+02,1e+05) | 1.37e+04 |  6:1.3e-01  4:1.5e+03
   29 ,   1161 : 4.7777880427960e+01 +(2e+02,9e+04) | 1.41e+04 |  6:1.3e-01  4:1.5e+03
Iterat, #Fevals:   Function Value    (median,worst) |Axis Ratio|idx:Min SD idx:Max SD
   30 ,   1201 : 4.5102022461431e+01 +(2e+02,7e+04) | 1.37e+04 |  6:1.2e-01  4:1.3e+03
   31 ,   1241 : 4.6711052574754e+01 +(2e+02,5e+03) | 1.39e+04 |  6:9.8e-02  4:1.1e+03
   32 ,   1281 : 4.6299655594606e+01 +(2e+02,5e+03) | 1.35e+04 |  9:9.2e-02  4:9.5e+02
   33 ,   1321 : 4.7485723316405e+01 +(2e+02,9e+03) | 1.39e+04 |  2:8.9e-02  4:8.8e+02
   34 ,   1361 : 4.4348961165235e+01 +(2e+02,5e+03) | 1.42e+04 |  2:7.8e-02  4:7.9e+02
   35 ,   1401 : 4.6075831238127e+01 +(1e+02,3e+03) | 1.53e+04 |  2:7.0e-02  4:7.4e+02
   36 ,   1441 : 4.4324264412603e+01 +(1e+02,1e+03) | 1.58e+04 |  2:6.7e-02  4:7.3e+02
   37 ,   1481 : 4.5021175107107e+01 +(8e+01,2e+03) | 1.63e+04 |  2:5.9e-02  4:6.6e+02
   38 ,   1521 : 4.5819281465669e+01 +(5e+01,3e+02) | 1.72e+04 |  2:5.8e-02  4:6.5e+02
   39 ,   1561 : 4.4966261199376e+01 +(4e+01,5e+02) | 1.76e+04 |  2:5.3e-02  4:5.5e+02
Iterat, #Fevals:   Function Value    (median,worst) |Axis Ratio|idx:Min SD idx:Max SD
   40 ,   1601 : 4.4444228279302e+01 +(2e+01,6e+02) | 1.88e+04 |  8:5.0e-02  4:5.4e+02
   41 ,   1641 : 4.3953174596602e+01 +(3e+01,2e+02) | 1.97e+04 |  8:4.5e-02  4:4.9e+02
   42 ,   1681 : 4.4050198659567e+01 +(2e+01,4e+02) | 2.15e+04 |  8:4.2e-02  4:4.9e+02
   43 ,   1721 : 4.4312849479281e+01 +(3e+01,1e+02) | 2.23e+04 |  8:3.7e-02  4:4.4e+02
   44 ,   1761 : 4.3709236734185e+01 +(9e+00,1e+02) | 2.57e+04 |  8:3.8e-02  4:5.0e+02
   45 ,   1801 : 4.4163148054074e+01 +(9e+00,9e+01) | 2.78e+04 |  8:3.9e-02  4:5.4e+02
   46 ,   1841 : 4.4207121111547e+01 +(1e+01,1e+02) | 2.91e+04 |  8:3.3e-02  4:4.7e+02
   47 ,   1881 : 4.4027368512877e+01 +(7e+00,7e+01) | 3.00e+04 |  8:2.9e-02  4:4.0e+02
   48 ,   1921 : 4.3757663197770e+01 +(6e+00,5e+01) | 3.11e+04 |  8:2.9e-02  4:3.9e+02
   49 ,   1961 : 4.3855800801333e+01 +(2e+00,6e+01) | 3.11e+04 |  8:3.4e-02  4:4.3e+02
Iterat, #Fevals:   Function Value    (median,worst) |Axis Ratio|idx:Min SD idx:Max SD
   50 ,   2001 : 4.3746656744359e+01 +(6e+00,6e+01) | 3.17e+04 |  8:2.9e-02  4:3.7e+02
   51 ,   2041 : 4.3891643825192e+01 +(5e+00,9e+01) | 3.30e+04 |  8:2.8e-02  4:3.4e+02
   52 ,   2081 : 4.3853241201962e+01 +(3e+00,4e+01) | 3.47e+04 |  8:2.5e-02  4:3.1e+02
   53 ,   2121 : 4.3862717634965e+01 +(2e+00,3e+01) | 4.01e+04 |  8:2.4e-02  4:3.4e+02
   54 ,   2161 : 4.3696828066061e+01 +(2e+00,2e+01) | 4.28e+04 |  8:2.6e-02  4:3.7e+02
   55 ,   2201 : 4.3857090003120e+01 +(2e+00,3e+01) | 4.63e+04 |  8:2.5e-02  4:3.8e+02
   56 ,   2241 : 4.3955769874695e+01 +(2e+00,3e+01) | 4.81e+04 |  8:2.1e-02  4:3.1e+02
   57 ,   2281 : 4.3922467069479e+01 +(1e+00,1e+01) | 5.22e+04 |  8:1.8e-02  4:2.8e+02
   58 ,   2321 : 4.3881138804571e+01 +(1e+00,2e+01) | 5.67e+04 |  8:2.0e-02  4:3.1e+02
   59 ,   2361 : 4.3708295350784e+01 +(1e+00,8e+00) | 5.82e+04 |  8:1.9e-02  4:2.9e+02
Iterat, #Fevals:   Function Value    (median,worst) |Axis Ratio|idx:Min SD idx:Max SD
   60 ,   2401 : 4.3803223202926e+01 +(1e+00,1e+01) | 6.13e+04 |  8:1.6e-02  4:2.5e+02
   61 ,   2441 : 4.3697011610074e+01 +(9e-01,4e+00) | 6.36e+04 |  8:1.6e-02  4:2.4e+02
   62 ,   2481 : 4.3664420973705e+01 +(4e-01,7e+00) | 6.66e+04 |  8:1.8e-02  4:2.6e+02
   63 ,   2521 : 4.3742729829776e+01 +(8e-01,1e+01) | 7.48e+04 |  8:1.6e-02  4:2.5e+02
   64 ,   2561 : 4.3610690209892e+01 +(6e-01,3e+00) | 8.01e+04 |  8:1.5e-02  4:2.4e+02
   65 ,   2601 : 4.3728225334604e+01 +(4e-01,1e+00) | 8.42e+04 |  8:1.4e-02  4:2.3e+02
   66 ,   2641 : 4.3681153453794e+01 +(5e-01,3e+00) | 8.63e+04 |  8:1.3e-02  4:2.0e+02
   67 ,   2681 : 4.3636430125452e+01 +(4e-01,2e+00) | 9.33e+04 |  8:1.3e-02  4:2.0e+02
   68 ,   2721 : 4.3698141485549e+01 +(3e-01,2e+00) | 9.74e+04 |  8:1.7e-02  4:2.7e+02
   69 ,   2761 : 4.3664216169273e+01 +(4e-01,3e+00) | 1.00e+05 |  8:1.6e-02  4:2.6e+02
Iterat, #Fevals:   Function Value    (median,worst) |Axis Ratio|idx:Min SD idx:Max SD
   70 ,   2801 : 4.3614605686776e+01 +(5e-01,2e+00) | 1.02e+05 |  8:1.6e-02  4:2.7e+02
   71 ,   2841 : 4.3651236983764e+01 +(3e-01,3e+00) | 1.07e+05 |  8:1.4e-02  4:2.4e+02
   72 ,   2881 : 4.3639671055957e+01 +(4e-01,2e+00) | 1.08e+05 |  8:1.5e-02  4:2.3e+02
   73 ,   2921 : 4.3689011415439e+01 +(2e-01,3e+00) | 1.09e+05 |  8:1.5e-02  4:2.5e+02
   74 ,   2961 : 4.3623446377076e+01 +(4e-01,4e+00) | 1.11e+05 |  8:1.6e-02  4:2.6e+02
   75 ,   3001 : 4.3744729496809e+01 +(4e-01,2e+00) | 1.13e+05 |  8:1.3e-02  4:2.2e+02
   76 ,   3041 : 4.3645180275665e+01 +(3e-01,1e+00) | 1.16e+05 |  8:1.4e-02  4:2.3e+02
   77 ,   3081 : 4.3685253008849e+01 +(2e-01,2e+00) | 1.18e+05 |  8:1.4e-02  4:2.3e+02
   78 ,   3121 : 4.3648629261622e+01 +(3e-01,2e+00) | 1.21e+05 |  8:1.3e-02  4:2.1e+02
   79 ,   3161 : 4.3633905827143e+01 +(2e-01,2e+00) | 1.22e+05 |  8:1.3e-02  4:2.1e+02
Iterat, #Fevals:   Function Value    (median,worst) |Axis Ratio|idx:Min SD idx:Max SD
   80 ,   3201 : 4.3636488637900e+01 +(3e-01,8e-01) | 1.27e+05 |  9:1.3e-02  4:2.1e+02
   81 ,   3241 : 4.3696621399748e+01 +(2e-01,2e+00) | 1.38e+05 |  9:1.2e-02  4:2.2e+02
   82 ,   3281 : 4.3625548605388e+01 +(3e-01,1e+00) | 1.50e+05 |  9:1.1e-02  4:2.2e+02
   83 ,   3321 : 4.3642261950505e+01 +(2e-01,1e+00) | 1.50e+05 |  9:9.8e-03  4:2.0e+02
   84 ,   3361 : 4.3631599157079e+01 +(2e-01,2e+00) | 1.64e+05 |  9:9.8e-03  4:2.3e+02
   85 ,   3401 : 4.3648785876512e+01 +(2e-01,6e-01) | 1.69e+05 |  9:8.6e-03  4:2.1e+02
   86 ,   3441 : 4.3641228855803e+01 +(1e-01,8e-01) | 1.68e+05 |  9:7.8e-03  4:1.9e+02
   87 ,   3481 : 4.3618625470296e+01 +(1e-01,2e+00) | 1.81e+05 |  9:7.3e-03  4:2.0e+02
   88 ,   3521 : 4.3642536991609e+01 +(1e-01,2e+00) | 1.93e+05 |  9:6.4e-03  4:1.8e+02
   89 ,   3561 : 4.3646083228022e+01 +(1e-01,1e+00) | 2.19e+05 |  9:6.8e-03  4:2.2e+02
Iterat, #Fevals:   Function Value    (median,worst) |Axis Ratio|idx:Min SD idx:Max SD
   90 ,   3601 : 4.3614453711664e+01 +(1e-01,5e-01) | 2.28e+05 |  9:6.1e-03  4:2.0e+02
   91 ,   3641 : 4.3637021940088e+01 +(9e-02,3e-01) | 2.36e+05 |  9:5.6e-03  4:2.0e+02
   92 ,   3681 : 4.3626020969454e+01 +(1e-01,3e-01) | 2.43e+05 |  9:5.5e-03  4:2.0e+02
   93 ,   3721 : 4.3628823461956e+01 +(8e-02,2e-01) | 2.38e+05 |  9:5.8e-03  4:2.2e+02
   94 ,   3761 : 4.3619127125681e+01 +(1e-01,7e-01) | 2.35e+05 |  9:5.6e-03  4:2.1e+02
   95 ,   3801 : 4.3645263504783e+01 +(9e-02,8e-01) | 2.31e+05 |  9:5.8e-03  4:2.2e+02
   96 ,   3841 : 4.3645554813402e+01 +(1e-01,1e+00) | 2.37e+05 |  9:5.0e-03  4:2.0e+02
   97 ,   3881 : 4.3634411269571e+01 +(1e-01,9e-01) | 2.37e+05 |  9:4.6e-03  4:1.9e+02
   98 ,   3921 : 4.3631808845579e+01 +(9e-02,4e-01) | 2.36e+05 |  9:3.8e-03  4:1.6e+02
   99 ,   3961 : 4.3592662313591e+01 +(1e-01,2e-01) | 2.30e+05 |  9:3.1e-03  4:1.3e+02
Iterat, #Fevals:   Function Value    (median,worst) |Axis Ratio|idx:Min SD idx:Max SD
  100 ,   4001 : 4.3608416312112e+01 +(7e-02,2e-01) | 2.34e+05 |  9:2.8e-03  4:1.2e+02
  101 ,   4041 : 4.3621964399796e+01 +(5e-02,1e-01) | 2.51e+05 |  9:2.7e-03  4:1.2e+02
  102 ,   4081 : 4.3604014738569e+01 +(6e-02,3e-01) | 2.55e+05 |  9:2.8e-03  4:1.3e+02
  103 ,   4121 : 4.3618364378426e+01 +(4e-02,1e-01) | 2.61e+05 |  9:2.5e-03  4:1.2e+02
  104 ,   4161 : 4.3617864871595e+01 +(4e-02,2e-01) | 2.92e+05 |  9:2.3e-03  4:1.2e+02
  105 ,   4201 : 4.3633370277068e+01 +(2e-02,1e-01) | 3.12e+05 |  9:2.1e-03  4:1.2e+02
  106 ,   4241 : 4.3631881769302e+01 +(2e-02,1e-01) | 3.29e+05 |  9:2.0e-03  4:1.2e+02
  107 ,   4281 : 4.3621258376760e+01 +(4e-02,1e-01) | 3.53e+05 |  9:1.8e-03  4:1.2e+02
  108 ,   4321 : 4.3622873507778e+01 +(3e-02,1e-01) | 3.60e+05 |  9:1.7e-03  4:1.2e+02
  109 ,   4361 : 4.3614838391504e+01 +(3e-02,1e-01) | 3.57e+05 |  9:1.5e-03  4:1.1e+02
Iterat, #Fevals:   Function Value    (median,worst) |Axis Ratio|idx:Min SD idx:Max SD
  110 ,   4401 : 4.3615482488887e+01 +(4e-02,9e-02) | 3.78e+05 |  9:1.2e-03  4:9.1e+01
  111 ,   4441 : 4.3614990831094e+01 +(2e-02,1e-01) | 3.84e+05 |  9:1.1e-03  4:8.5e+01
  112 ,   4481 : 4.3614711987037e+01 +(3e-02,9e-02) | 3.85e+05 |  9:9.9e-04  4:7.8e+01
  113 ,   4521 : 4.3597416163010e+01 +(4e-02,1e-01) | 3.95e+05 |  9:1.1e-03  4:8.3e+01
  114 ,   4561 : 4.3604330023187e+01 +(4e-02,1e-01) | 4.18e+05 |  9:1.1e-03  4:9.4e+01
  115 ,   4601 : 4.3611419357408e+01 +(3e-02,1e-01) | 4.19e+05 |  9:1.0e-03  4:8.8e+01
  116 ,   4641 : 4.3609460818924e+01 +(3e-02,2e-01) | 4.27e+05 |  9:8.4e-04  4:7.6e+01
  117 ,   4681 : 4.3612033247159e+01 +(3e-02,1e-01) | 3.99e+05 |  9:7.2e-04  4:6.6e+01
  118 ,   4721 : 4.3604465962004e+01 +(3e-02,1e-01) | 3.94e+05 |  9:8.6e-04  4:8.2e+01
  119 ,   4761 : 4.3597530300734e+01 +(4e-02,1e-01) | 3.82e+05 |  9:8.8e-04  4:8.2e+01
Iterat, #Fevals:   Function Value    (median,worst) |Axis Ratio|idx:Min SD idx:Max SD
  120 ,   4801 : 4.3613088829927e+01 +(3e-02,9e-02) | 4.00e+05 |  9:8.9e-04  4:9.4e+01
  121 ,   4841 : 4.3618629158951e+01 +(2e-02,9e-02) | 4.10e+05 |  9:7.6e-04  4:8.6e+01
  122 ,   4881 : 4.3607141780850e+01 +(4e-02,1e-01) | 4.19e+05 |  9:7.1e-04  4:8.3e+01
  123 ,   4921 : 4.3604615718849e+01 +(3e-02,1e-01) | 4.31e+05 |  9:7.1e-04  4:8.7e+01
  124 ,   4961 : 4.3608340533428e+01 +(3e-02,9e-02) | 4.39e+05 |  9:6.2e-04  4:7.5e+01
  125 ,   5001 : 4.3610933648808e+01 +(3e-02,9e-02) | 4.42e+05 |  9:6.0e-04  4:7.3e+01
  126 ,   5041 : 4.3612528682351e+01 +(3e-02,9e-02) | 4.50e+05 |  9:5.3e-04  4:6.5e+01
  127 ,   5081 : 4.3602132540298e+01 +(3e-02,1e-01) | 4.61e+05 |  9:4.5e-04  4:5.4e+01
  128 ,   5121 : 4.3598117749435e+01 +(4e-02,1e-01) | 4.60e+05 |  9:4.9e-04  4:6.0e+01
  129 ,   5161 : 4.3602877149668e+01 +(3e-02,1e-01) | 4.61e+05 |  9:4.0e-04  4:4.9e+01
Iterat, #Fevals:   Function Value    (median,worst) |Axis Ratio|idx:Min SD idx:Max SD
  130 ,   5201 : 4.3606001018232e+01 +(3e-02,6e-02) | 4.63e+05 |  9:3.4e-04  4:4.2e+01
  131 ,   5241 : 4.3609331741491e+01 +(3e-02,9e-02) | 4.80e+05 |  9:3.5e-04  4:4.2e+01
  132 ,   5281 : 4.3609004697811e+01 +(3e-02,1e-01) | 5.01e+05 |  9:3.3e-04  4:4.0e+01
  133 ,   5321 : 4.3602386445076e+01 +(3e-02,7e-02) | 4.98e+05 |  9:3.2e-04  4:3.8e+01
  134 ,   5361 : 4.3591503197312e+01 +(4e-02,9e-02) | 5.04e+05 |  9:2.8e-04  4:3.3e+01
  135 ,   5401 : 4.3605256457445e+01 +(3e-02,8e-02) | 5.08e+05 |  9:2.6e-04  4:3.1e+01
  136 ,   5441 : 4.3608016605610e+01 +(2e-02,1e-01) | 5.48e+05 |  9:2.6e-04  4:3.1e+01
  137 ,   5481 : 4.3604392868029e+01 +(3e-02,1e-01) | 5.12e+05 |  9:2.8e-04  4:3.3e+01
  138 ,   5521 : 4.3600738971430e+01 +(3e-02,7e-02) | 5.05e+05 |  9:2.9e-04  4:3.2e+01
  139 ,   5561 : 4.3600179435452e+01 +(3e-02,9e-02) | 4.80e+05 |  9:3.0e-04  4:3.2e+01
Iterat, #Fevals:   Function Value    (median,worst) |Axis Ratio|idx:Min SD idx:Max SD
  140 ,   5601 : 4.3598447946516e+01 +(3e-02,7e-02) | 4.47e+05 |  9:2.5e-04  4:2.8e+01
  141 ,   5641 : 4.3607539666426e+01 +(2e-02,5e-02) | 4.30e+05 |  9:2.5e-04  4:2.7e+01
  142 ,   5681 : 4.3602930038152e+01 +(3e-02,6e-02) | 4.37e+05 |  9:2.3e-04  4:2.4e+01
  143 ,   5721 : 4.3592968024432e+01 +(3e-02,7e-02) | 4.16e+05 |  9:2.5e-04  4:2.6e+01
  144 ,   5761 : 4.3598152377612e+01 +(3e-02,6e-02) | 4.34e+05 |  9:2.5e-04  4:2.6e+01
  145 ,   5801 : 4.3595239881515e+01 +(3e-02,6e-02) | 4.36e+05 |  9:2.6e-04  4:2.8e+01
  146 ,   5841 : 4.3600363474490e+01 +(3e-02,8e-02) | 4.76e+05 |  9:2.5e-04  4:2.9e+01
  147 ,   5881 : 4.3592051046128e+01 +(4e-02,7e-02) | 4.82e+05 |  9:2.6e-04  4:3.0e+01
  148 ,   5921 : 4.3589843576339e+01 +(4e-02,1e-01) | 5.40e+05 |  9:3.0e-04  4:3.8e+01
  149 ,   5961 : 4.3591789439209e+01 +(3e-02,1e-01) | 5.84e+05 |  9:3.0e-04  4:4.2e+01
Iterat, #Fevals:   Function Value    (median,worst) |Axis Ratio|idx:Min SD idx:Max SD
  150 ,   6001 : 4.3602760288458e+01 +(4e-02,8e-02) | 5.84e+05 |  9:2.8e-04  4:3.9e+01
  151 ,   6041 : 4.3604887416136e+01 +(3e-02,9e-02) | 6.19e+05 |  9:2.7e-04  4:4.0e+01
  152 ,   6081 : 4.3600144223273e+01 +(3e-02,7e-02) | 6.86e+05 |  9:2.2e-04  4:3.7e+01
  153 ,   6121 : 4.3594632435583e+01 +(4e-02,7e-02) | 6.78e+05 |  9:2.1e-04  4:3.5e+01
  154 ,   6161 : 4.3603144040619e+01 +(3e-02,8e-02) | 6.98e+05 |  9:2.0e-04  4:3.4e+01
  155 ,   6201 : 4.3588831527091e+01 +(3e-02,8e-02) | 6.81e+05 |  9:1.9e-04  4:3.1e+01
  156 ,   6241 : 4.3601919570719e+01 +(2e-02,6e-02) | 6.47e+05 |  9:1.8e-04  4:2.9e+01
  157 ,   6281 : 4.3596678384510e+01 +(3e-02,6e-02) | 6.14e+05 |  9:1.8e-04  4:2.9e+01
  158 ,   6321 : 4.3598825815685e+01 +(2e-02,1e-01) | 6.36e+05 |  9:1.9e-04  4:3.2e+01
  159 ,   6361 : 4.3592242613641e+01 +(3e-02,9e-02) | 6.11e+05 |  9:1.7e-04  4:2.8e+01
Iterat, #Fevals:   Function Value    (median,worst) |Axis Ratio|idx:Min SD idx:Max SD
  160 ,   6401 : 4.3596502125633e+01 +(3e-02,7e-02) | 5.92e+05 |  9:1.9e-04  4:3.2e+01
  161 ,   6441 : 4.3585995828149e+01 +(4e-02,9e-02) | 6.35e+05 |  9:1.9e-04  4:3.4e+01
  162 ,   6481 : 4.3600469439157e+01 +(2e-02,7e-02) | 6.24e+05 |  9:1.7e-04  4:3.0e+01
  163 ,   6521 : 4.3596881639765e+01 +(3e-02,9e-02) | 6.00e+05 |  9:1.6e-04  4:2.7e+01
  164 ,   6561 : 4.3593399975445e+01 +(3e-02,6e-02) | 5.94e+05 |  9:1.6e-04  4:2.5e+01
  165 ,   6601 : 4.3594471162948e+01 +(3e-02,8e-02) | 6.26e+05 |  9:1.6e-04  4:2.8e+01
  166 ,   6641 : 4.3593620494196e+01 +(3e-02,7e-02) | 6.65e+05 |  9:1.9e-04  4:3.5e+01
  167 ,   6681 : 4.3598127147638e+01 +(3e-02,7e-02) | 6.63e+05 |  9:2.0e-04  4:3.5e+01
  168 ,   6721 : 4.3592464718272e+01 +(4e-02,9e-02) | 6.98e+05 |  9:2.0e-04  4:3.3e+01
  169 ,   6761 : 4.3594088381787e+01 +(3e-02,6e-02) | 7.45e+05 |  9:2.0e-04  4:3.3e+01
Iterat, #Fevals:   Function Value    (median,worst) |Axis Ratio|idx:Min SD idx:Max SD
  170 ,   6801 : 4.3592290961347e+01 +(4e-02,9e-02) | 7.91e+05 |  9:1.9e-04  4:3.2e+01
  171 ,   6841 : 4.3598966601275e+01 +(3e-02,6e-02) | 8.02e+05 |  9:1.8e-04  4:3.2e+01
  172 ,   6881 : 4.3601491451267e+01 +(2e-02,8e-02) | 7.83e+05 |  9:1.7e-04  4:3.1e+01
  173 ,   6921 : 4.3587171719947e+01 +(4e-02,9e-02) | 7.39e+05 |  9:1.6e-04  4:2.9e+01
  174 ,   6961 : 4.3599841343443e+01 +(3e-02,7e-02) | 7.63e+05 |  9:1.5e-04  4:2.7e+01
  175 ,   7001 : 4.3601225931035e+01 +(3e-02,9e-02) | 7.70e+05 |  9:1.4e-04  4:2.6e+01
  176 ,   7041 : 4.3602830486290e+01 +(3e-02,9e-02) | 7.50e+05 |  9:1.5e-04  4:2.7e+01
  177 ,   7081 : 4.3576563373808e+01 +(5e-02,1e-01) | 6.88e+05 |  9:1.4e-04  4:2.5e+01
  178 ,   7121 : 4.3599836539732e+01 +(3e-02,8e-02) | 6.89e+05 |  9:1.6e-04  4:2.6e+01
  179 ,   7161 : 4.3578529399935e+01 +(4e-02,8e-02) | 7.35e+05 |  9:1.6e-04  4:2.6e+01
Iterat, #Fevals:   Function Value    (median,worst) |Axis Ratio|idx:Min SD idx:Max SD
  180 ,   7201 : 4.3600750019713e+01 +(3e-02,7e-02) | 7.57e+05 |  9:1.3e-04  4:2.2e+01
  181 ,   7241 : 4.3601376313375e+01 +(2e-02,7e-02) | 7.47e+05 |  9:1.3e-04  4:2.1e+01
  182 ,   7281 : 4.3596249179577e+01 +(3e-02,6e-02) | 8.29e+05 |  9:1.4e-04  4:2.4e+01
  183 ,   7321 : 4.3606947824323e+01 +(2e-02,5e-02) | 8.95e+05 |  9:1.4e-04  4:2.5e+01
  184 ,   7361 : 4.3593529119862e+01 +(3e-02,6e-02) | 8.93e+05 |  9:1.4e-04  4:2.3e+01
  185 ,   7401 : 4.3601463550405e+01 +(2e-02,6e-02) | 9.05e+05 |  9:1.4e-04  4:2.6e+01
  186 ,   7441 : 4.3600687144133e+01 +(2e-02,5e-02) | 8.70e+05 |  9:1.8e-04  4:3.2e+01
  187 ,   7481 : 4.3599572526096e+01 +(3e-02,8e-02) | 7.95e+05 |  9:1.8e-04  4:3.1e+01
  188 ,   7521 : 4.3589700420395e+01 +(4e-02,7e-02) | 8.16e+05 |  9:1.6e-04  4:2.8e+01
  189 ,   7561 : 4.3602599212618e+01 +(2e-02,7e-02) | 7.97e+05 |  9:1.8e-04  4:3.3e+01
Iterat, #Fevals:   Function Value    (median,worst) |Axis Ratio|idx:Min SD idx:Max SD
  190 ,   7601 : 4.3599959370117e+01 +(3e-02,7e-02) | 8.06e+05 |  9:1.8e-04  4:3.1e+01
  191 ,   7641 : 4.3600671179959e+01 +(2e-02,6e-02) | 7.86e+05 |  9:1.6e-04  4:2.8e+01
  192 ,   7681 : 4.3596249337348e+01 +(3e-02,6e-02) | 8.19e+05 |  9:1.6e-04  4:2.7e+01
  193 ,   7721 : 4.3588465450848e+01 +(3e-02,7e-02) | 8.20e+05 |  9:1.4e-04  4:2.5e+01
  194 ,   7761 : 4.3598767658577e+01 +(2e-02,6e-02) | 8.15e+05 |  9:1.6e-04  4:2.7e+01
  195 ,   7801 : 4.3596701706250e+01 +(3e-02,7e-02) | 8.36e+05 |  9:1.6e-04  4:2.6e+01
  196 ,   7841 : 4.3597382709183e+01 +(3e-02,7e-02) | 8.50e+05 |  9:1.7e-04  4:2.8e+01
  197 ,   7881 : 4.3594240018535e+01 +(3e-02,9e-02) | 9.19e+05 |  9:1.5e-04  4:2.7e+01
  198 ,   7921 : 4.3595415076105e+01 +(3e-02,8e-02) | 9.11e+05 |  9:1.4e-04  4:2.7e+01
  199 ,   7961 : 4.3594213468179e+01 +(3e-02,9e-02) | 9.43e+05 |  9:1.3e-04  4:2.5e+01
Iterat, #Fevals:   Function Value    (median,worst) |Axis Ratio|idx:Min SD idx:Max SD
  200 ,   8001 : 4.3591409099108e+01 +(3e-02,7e-02) | 9.89e+05 |  9:1.3e-04  4:2.8e+01
  201 ,   8041 : 4.3601520597177e+01 +(2e-02,7e-02) | 1.04e+06 |  9:1.2e-04  4:2.6e+01
  202 ,   8081 : 4.3599261145287e+01 +(3e-02,7e-02) | 1.07e+06 |  9:1.2e-04  4:2.8e+01
  203 ,   8121 : 4.3606035742143e+01 +(2e-02,5e-02) | 1.09e+06 |  9:1.3e-04  4:3.3e+01
  204 ,   8161 : 4.3590344660090e+01 +(3e-02,6e-02) | 1.03e+06 |  9:1.6e-04  4:3.6e+01
  205 ,   8201 : 4.3591521844687e+01 +(3e-02,1e-01) | 1.14e+06 |  9:1.5e-04  4:3.7e+01
  206 ,   8241 : 4.3596199263423e+01 +(3e-02,6e-02) | 1.26e+06 |  9:1.4e-04  4:3.8e+01
  207 ,   8281 : 4.3580843365006e+01 +(4e-02,8e-02) | 1.31e+06 |  9:1.6e-04  4:4.3e+01
  208 ,   8321 : 4.3600445612218e+01 +(2e-02,6e-02) | 1.24e+06 |  9:1.6e-04  4:4.2e+01
  209 ,   8361 : 4.3593095311289e+01 +(2e-02,6e-02) | 1.26e+06 |  9:1.7e-04  4:4.1e+01
Iterat, #Fevals:   Function Value    (median,worst) |Axis Ratio|idx:Min SD idx:Max SD
  210 ,   8401 : 4.3597785790846e+01 +(3e-02,6e-02) | 1.24e+06 |  9:1.5e-04  4:3.8e+01
  211 ,   8441 : 4.3602855447616e+01 +(2e-02,5e-02) | 1.24e+06 |  9:1.4e-04  4:3.5e+01
  212 ,   8481 : 4.3598188812312e+01 +(2e-02,5e-02) | 1.22e+06 |  9:1.4e-04  4:3.7e+01
  213 ,   8521 : 4.3605777054468e+01 +(2e-02,4e-02) | 1.28e+06 |  9:1.4e-04  4:3.9e+01
  214 ,   8561 : 4.3590693666977e+01 +(4e-02,9e-02) | 1.27e+06 |  9:1.3e-04  4:3.7e+01
  215 ,   8601 : 4.3582597427118e+01 +(4e-02,1e-01) | 1.35e+06 |  9:1.3e-04  4:3.6e+01
  216 ,   8641 : 4.3584873853858e+01 +(3e-02,6e-02) | 1.27e+06 |  9:1.4e-04  4:3.7e+01
  217 ,   8681 : 4.3586912988549e+01 +(4e-02,8e-02) | 1.18e+06 |  9:1.3e-04  4:3.5e+01
  218 ,   8721 : 4.3604157668381e+01 +(2e-02,5e-02) | 1.13e+06 |  9:1.3e-04  4:3.4e+01
  219 ,   8761 : 4.3577920299485e+01 +(4e-02,9e-02) | 1.20e+06 |  9:1.2e-04  4:3.4e+01
Iterat, #Fevals:   Function Value    (median,worst) |Axis Ratio|idx:Min SD idx:Max SD
  220 ,   8801 : 4.3590208463343e+01 +(3e-02,8e-02) | 1.13e+06 |  9:1.3e-04  4:3.6e+01
  221 ,   8841 : 4.3594476085108e+01 +(2e-02,5e-02) | 1.07e+06 |  9:1.3e-04  4:3.4e+01
  222 ,   8881 : 4.3596154992965e+01 +(2e-02,6e-02) | 9.98e+05 |  9:1.4e-04  4:3.6e+01
  223 ,   8921 : 4.3595191754496e+01 +(3e-02,5e-02) | 1.01e+06 |  9:1.5e-04  4:4.0e+01
  224 ,   8961 : 4.3608615714931e+01 +(2e-02,5e-02) | 1.02e+06 |  9:1.3e-04  4:3.8e+01
  225 ,   9001 : 4.3591051074695e+01 +(3e-02,9e-02) | 1.04e+06 |  9:1.6e-04  4:4.1e+01
  226 ,   9041 : 4.3595098919077e+01 +(3e-02,1e-01) | 1.03e+06 |  9:1.7e-04  4:4.1e+01
  227 ,   9081 : 4.3599940665800e+01 +(3e-02,7e-02) | 9.49e+05 |  9:1.6e-04  4:3.7e+01
  228 ,   9121 : 4.3592137107440e+01 +(3e-02,8e-02) | 9.13e+05 |  9:1.5e-04  4:3.4e+01
  229 ,   9161 : 4.3599434856246e+01 +(2e-02,8e-02) | 9.03e+05 |  9:1.5e-04  4:3.3e+01
Iterat, #Fevals:   Function Value    (median,worst) |Axis Ratio|idx:Min SD idx:Max SD
  230 ,   9201 : 4.3596475363875e+01 +(3e-02,7e-02) | 9.56e+05 |  9:1.3e-04  4:3.0e+01
  231 ,   9241 : 4.3598116546018e+01 +(2e-02,6e-02) | 9.90e+05 |  9:1.1e-04  4:2.7e+01
  232 ,   9281 : 4.3594931328586e+01 +(3e-02,7e-02) | 9.59e+05 |  9:9.9e-05  4:2.4e+01
  233 ,   9321 : 4.3600171992185e+01 +(2e-02,1e-01) | 9.00e+05 |  9:9.2e-05  4:2.2e+01
  234 ,   9361 : 4.3589693799094e+01 +(3e-02,9e-02) | 8.93e+05 |  9:8.2e-05  4:1.9e+01
  235 ,   9401 : 4.3604991466996e+01 +(2e-02,5e-02) | 9.56e+05 |  9:7.8e-05  4:1.9e+01
  236 ,   9441 : 4.3586707294717e+01 +(4e-02,9e-02) | 9.54e+05 |  9:7.5e-05  4:1.9e+01
  237 ,   9481 : 4.3586343725821e+01 +(3e-02,6e-02) | 9.83e+05 |  9:7.5e-05  4:1.9e+01
  238 ,   9521 : 4.3589901015730e+01 +(2e-02,8e-02) | 9.94e+05 |  9:7.9e-05  4:2.0e+01
  239 ,   9561 : 4.3594242392057e+01 +(3e-02,6e-02) | 9.53e+05 |  9:7.5e-05  4:2.0e+01
Iterat, #Fevals:   Function Value    (median,worst) |Axis Ratio|idx:Min SD idx:Max SD
  240 ,   9601 : 4.3589834890959e+01 +(3e-02,9e-02) | 9.65e+05 |  9:8.6e-05  4:2.3e+01
  241 ,   9641 : 4.3592970954339e+01 +(2e-02,1e-01) | 9.92e+05 |  9:7.9e-05  4:2.1e+01
  242 ,   9681 : 4.3599536754199e+01 +(2e-02,1e-01) | 1.03e+06 |  9:6.5e-05  4:1.9e+01
  243 ,   9721 : 4.3595588577383e+01 +(2e-02,6e-02) | 1.05e+06 |  9:5.9e-05  4:1.7e+01
  244 ,   9761 : 4.3591014878800e+01 +(3e-02,7e-02) | 1.00e+06 |  9:5.3e-05  4:1.6e+01
  245 ,   9801 : 4.3586652792893e+01 +(3e-02,8e-02) | 9.38e+05 |  9:4.9e-05  4:1.4e+01
  246 ,   9841 : 4.3594635555688e+01 +(3e-02,6e-02) | 9.26e+05 |  9:6.0e-05  4:1.5e+01
  247 ,   9881 : 4.3590110095381e+01 +(3e-02,6e-02) | 9.44e+05 |  9:4.9e-05  4:1.2e+01
  248 ,   9921 : 4.3595382926881e+01 +(2e-02,5e-02) | 9.33e+05 |  9:4.5e-05  4:1.2e+01
  249 ,   9961 : 4.3598982526199e+01 +(2e-02,6e-02) | 9.80e+05 |  9:4.0e-05  4:1.1e+01
Iterat, #Fevals:   Function Value    (median,worst) |Axis Ratio|idx:Min SD idx:Max SD
  250 ,  10001 : 4.3593053930476e+01 +(3e-02,7e-02) | 9.64e+05 |  9:4.1e-05  4:1.1e+01
  251 ,  10041 : 4.3589830403310e+01 +(3e-02,6e-02) | 9.55e+05 |  9:4.4e-05  4:1.2e+01
  252 ,  10081 : 4.3577018356175e+01 +(4e-02,7e-02) | 9.33e+05 |  9:4.0e-05  4:1.1e+01
  253 ,  10121 : 4.3591817414174e+01 +(3e-02,1e-01) | 9.83e+05 |  9:4.4e-05  4:1.2e+01
  254 ,  10161 : 4.3596377326848e+01 +(2e-02,1e-01) | 9.23e+05 |  9:5.1e-05  4:1.2e+01
  255 ,  10201 : 4.3597610643761e+01 +(2e-02,5e-02) | 9.39e+05 |  9:5.3e-05  4:1.4e+01
  256 ,  10241 : 4.3580848317927e+01 +(4e-02,9e-02) | 9.40e+05 |  9:5.7e-05  4:1.5e+01
  257 ,  10281 : 4.3597216139220e+01 +(2e-02,4e-02) | 9.94e+05 |  9:4.7e-05  4:1.3e+01
  258 ,  10321 : 4.3593849640024e+01 +(3e-02,1e-01) | 1.03e+06 |  9:3.7e-05  4:1.1e+01
  259 ,  10361 : 4.3598577811824e+01 +(2e-02,5e-02) | 1.07e+06 |  9:3.6e-05  4:1.1e+01
Iterat, #Fevals:   Function Value    (median,worst) |Axis Ratio|idx:Min SD idx:Max SD
  260 ,  10401 : 4.3592373581558e+01 +(3e-02,8e-02) | 1.10e+06 |  9:3.9e-05  4:1.1e+01
  261 ,  10441 : 4.3585431301041e+01 +(3e-02,5e-02) | 1.04e+06 |  9:3.8e-05  4:1.1e+01
  262 ,  10481 : 4.3594788879597e+01 +(3e-02,6e-02) | 1.08e+06 |  9:4.3e-05  4:1.2e+01
  263 ,  10521 : 4.3595259544016e+01 +(2e-02,6e-02) | 1.08e+06 |  9:4.7e-05  4:1.2e+01
  264 ,  10561 : 4.3593965561909e+01 +(2e-02,6e-02) | 1.01e+06 |  9:4.8e-05  4:1.2e+01
  265 ,  10601 : 4.3588918930368e+01 +(3e-02,6e-02) | 1.06e+06 |  9:4.6e-05  4:1.1e+01
  266 ,  10641 : 4.3590264880943e+01 +(3e-02,5e-02) | 1.01e+06 |  9:5.1e-05  4:1.1e+01
  267 ,  10681 : 4.3595508580929e+01 +(3e-02,5e-02) | 1.02e+06 |  9:5.1e-05  4:1.1e+01
  268 ,  10721 : 4.3593448671107e+01 +(3e-02,7e-02) | 1.03e+06 |  9:4.4e-05  4:9.8e+00
  269 ,  10761 : 4.3593563591104e+01 +(2e-02,6e-02) | 1.01e+06 |  9:4.8e-05  4:1.1e+01
Iterat, #Fevals:   Function Value    (median,worst) |Axis Ratio|idx:Min SD idx:Max SD
  270 ,  10801 : 4.3588353382230e+01 +(3e-02,6e-02) | 1.06e+06 |  9:6.2e-05  4:1.4e+01
  271 ,  10841 : 4.3598205564071e+01 +(2e-02,6e-02) | 1.07e+06 |  9:7.0e-05  4:1.6e+01
  272 ,  10881 : 4.3581856086202e+01 +(4e-02,9e-02) | 1.12e+06 |  9:6.7e-05  4:1.6e+01
  273 ,  10921 : 4.3588802380355e+01 +(3e-02,6e-02) | 1.09e+06 |  9:6.4e-05  4:1.6e+01
  274 ,  10961 : 4.3600191879085e+01 +(2e-02,5e-02) | 1.12e+06 |  9:7.9e-05  4:1.8e+01
  275 ,  11001 : 4.3589437337081e+01 +(3e-02,6e-02) | 1.11e+06 |  9:7.0e-05  4:1.5e+01
  276 ,  11041 : 4.3588210745304e+01 +(3e-02,8e-02) | 1.06e+06 |  9:6.2e-05  4:1.3e+01
  277 ,  11081 : 4.3598304375419e+01 +(2e-02,6e-02) | 1.10e+06 |  9:5.4e-05  4:1.1e+01
  278 ,  11121 : 4.3596170586867e+01 +(2e-02,7e-02) | 1.15e+06 |  9:5.7e-05  4:1.2e+01
  279 ,  11161 : 4.3594135052047e+01 +(3e-02,6e-02) | 1.10e+06 |  9:5.4e-05  4:1.2e+01
Iterat, #Fevals:   Function Value    (median,worst) |Axis Ratio|idx:Min SD idx:Max SD
  280 ,  11201 : 4.3592348564430e+01 +(3e-02,5e-02) | 1.16e+06 |  9:6.2e-05  4:1.4e+01
  281 ,  11241 : 4.3584281611738e+01 +(4e-02,6e-02) | 1.21e+06 |  9:6.4e-05  4:1.4e+01
  282 ,  11281 : 4.3586967092782e+01 +(3e-02,6e-02) | 1.16e+06 |  9:7.0e-05  4:1.5e+01
  283 ,  11321 : 4.3589092372029e+01 +(3e-02,5e-02) | 1.19e+06 |  9:7.0e-05  4:1.6e+01
  284 ,  11361 : 4.3591181975194e+01 +(3e-02,6e-02) | 1.30e+06 |  9:7.4e-05  4:2.0e+01
  285 ,  11401 : 4.3586726083758e+01 +(3e-02,7e-02) | 1.31e+06 |  9:7.0e-05  4:1.9e+01
  286 ,  11441 : 4.3602142552428e+01 +(2e-02,6e-02) | 1.28e+06 |  9:7.7e-05  4:2.0e+01
  287 ,  11481 : 4.3593775956849e+01 +(3e-02,6e-02) | 1.30e+06 |  9:7.9e-05  4:2.1e+01
  288 ,  11521 : 4.3593959977291e+01 +(3e-02,7e-02) | 1.35e+06 |  9:8.5e-05  4:2.2e+01
  289 ,  11561 : 4.3597845075319e+01 +(3e-02,8e-02) | 1.33e+06 |  9:8.3e-05  4:2.1e+01
Iterat, #Fevals:   Function Value    (median,worst) |Axis Ratio|idx:Min SD idx:Max SD
  290 ,  11601 : 4.3596072147348e+01 +(3e-02,7e-02) | 1.34e+06 |  9:9.3e-05  4:2.4e+01
  291 ,  11641 : 4.3595634608486e+01 +(3e-02,6e-02) | 1.36e+06 |  9:8.1e-05  4:2.1e+01
  292 ,  11681 : 4.3588105930761e+01 +(3e-02,7e-02) | 1.35e+06 |  9:6.8e-05  4:1.8e+01
  293 ,  11721 : 4.3586409944605e+01 +(3e-02,7e-02) | 1.33e+06 |  9:6.2e-05  4:1.6e+01
  294 ,  11761 : 4.3591514301690e+01 +(4e-02,8e-02) | 1.40e+06 |  9:6.2e-05  4:1.7e+01
  295 ,  11801 : 4.3588799771077e+01 +(3e-02,7e-02) | 1.51e+06 |  9:6.4e-05  4:1.8e+01
  296 ,  11841 : 4.3601949611081e+01 +(2e-02,7e-02) | 1.57e+06 |  9:6.1e-05  4:1.7e+01
  297 ,  11881 : 4.3602063411172e+01 +(2e-02,6e-02) | 1.49e+06 |  9:6.2e-05  4:1.7e+01
  298 ,  11921 : 4.3596080929614e+01 +(3e-02,9e-02) | 1.55e+06 |  9:6.6e-05  4:1.8e+01
  299 ,  11961 : 4.3590580674991e+01 +(3e-02,7e-02) | 1.59e+06 |  9:5.8e-05  4:1.5e+01
Iterat, #Fevals:   Function Value    (median,worst) |Axis Ratio|idx:Min SD idx:Max SD
  300 ,  12001 : 4.3602309787019e+01 +(2e-02,6e-02) | 1.59e+06 |  9:5.0e-05  4:1.3e+01
  301 ,  12041 : 4.3586593124092e+01 +(3e-02,7e-02) | 1.62e+06 |  9:4.5e-05  4:1.2e+01
  302 ,  12081 : 4.3596721535434e+01 +(2e-02,6e-02) | 1.71e+06 |  9:4.3e-05  4:1.2e+01
  303 ,  12121 : 4.3598245841615e+01 +(2e-02,6e-02) | 1.66e+06 |  9:3.9e-05  4:1.0e+01
  304 ,  12161 : 4.3591242614518e+01 +(3e-02,6e-02) | 1.64e+06 |  9:3.7e-05  4:9.9e+00
  305 ,  12201 : 4.3597359702383e+01 +(2e-02,6e-02) | 1.66e+06 |  9:3.4e-05  4:9.5e+00
  306 ,  12241 : 4.3595664825603e+01 +(2e-02,6e-02) | 1.72e+06 |  9:2.9e-05  4:8.5e+00
  307 ,  12281 : 4.3597371376750e+01 +(3e-02,8e-02) | 1.71e+06 |  9:2.8e-05  4:7.9e+00
  308 ,  12321 : 4.3598001216904e+01 +(3e-02,8e-02) | 1.71e+06 |  9:2.5e-05  4:7.2e+00
  309 ,  12361 : 4.3591189770850e+01 +(2e-02,6e-02) | 1.84e+06 |  9:2.2e-05  4:7.0e+00
Iterat, #Fevals:   Function Value    (median,worst) |Axis Ratio|idx:Min SD idx:Max SD
  310 ,  12401 : 4.3597296775842e+01 +(2e-02,7e-02) | 1.85e+06 |  9:2.0e-05  4:6.6e+00
  311 ,  12441 : 4.3592941711319e+01 +(3e-02,6e-02) | 1.83e+06 |  9:2.2e-05  4:6.4e+00
  312 ,  12481 : 4.3591737493969e+01 +(3e-02,7e-02) | 1.96e+06 |  9:1.8e-05  4:5.6e+00
  313 ,  12521 : 4.3592953555122e+01 +(3e-02,7e-02) | 2.07e+06 |  9:1.9e-05  4:5.6e+00
  314 ,  12561 : 4.3592442133327e+01 +(3e-02,7e-02) | 2.01e+06 |  9:2.0e-05  4:5.6e+00
  315 ,  12601 : 4.3591441887362e+01 +(3e-02,7e-02) | 2.02e+06 |  9:2.3e-05  4:5.7e+00
  316 ,  12641 : 4.3598305579722e+01 +(2e-02,5e-02) | 1.98e+06 |  9:2.9e-05  4:7.3e+00
  317 ,  12681 : 4.3596690500604e+01 +(3e-02,6e-02) | 1.99e+06 |  9:3.0e-05  4:7.1e+00
  318 ,  12721 : 4.3594450059456e+01 +(3e-02,6e-02) | 2.12e+06 |  9:3.1e-05  4:7.1e+00
  319 ,  12761 : 4.3598514992439e+01 +(2e-02,6e-02) | 2.02e+06 |  9:3.6e-05  4:7.4e+00
Iterat, #Fevals:   Function Value    (median,worst) |Axis Ratio|idx:Min SD idx:Max SD
  320 ,  12801 : 4.3591053510554e+01 +(3e-02,6e-02) | 1.97e+06 |  9:3.5e-05  4:7.2e+00
  321 ,  12841 : 4.3588714557611e+01 +(3e-02,9e-02) | 2.01e+06 |  9:3.8e-05  4:7.8e+00
  322 ,  12881 : 4.3591957776389e+01 +(3e-02,6e-02) | 1.96e+06 |  9:3.6e-05  4:7.3e+00
  323 ,  12921 : 4.3595568319918e+01 +(2e-02,5e-02) | 2.12e+06 |  9:3.3e-05  4:7.5e+00
  324 ,  12961 : 4.3597048868038e+01 +(2e-02,7e-02) | 2.17e+06 |  9:3.4e-05  4:7.8e+00
  325 ,  13001 : 4.3581799200823e+01 +(4e-02,7e-02) | 2.19e+06 |  9:3.9e-05  4:9.1e+00
  326 ,  13041 : 4.3596342552806e+01 +(2e-02,5e-02) | 2.24e+06 |  9:3.8e-05  4:8.5e+00
  327 ,  13081 : 4.3603103882427e+01 +(2e-02,4e-02) | 2.23e+06 |  9:3.6e-05  4:8.3e+00
  328 ,  13121 : 4.3592239786285e+01 +(3e-02,8e-02) | 2.26e+06 |  9:4.2e-05  4:1.0e+01
  329 ,  13161 : 4.3584197713550e+01 +(3e-02,6e-02) | 2.42e+06 |  9:4.1e-05  4:1.1e+01
Iterat, #Fevals:   Function Value    (median,worst) |Axis Ratio|idx:Min SD idx:Max SD
  330 ,  13201 : 4.3595879355660e+01 +(3e-02,6e-02) | 2.55e+06 |  9:3.9e-05  4:1.1e+01
  331 ,  13241 : 4.3591810174939e+01 +(3e-02,7e-02) | 2.65e+06 |  9:4.2e-05  4:1.2e+01
  332 ,  13281 : 4.3599091932757e+01 +(2e-02,6e-02) | 2.53e+06 |  9:4.6e-05  4:1.3e+01
  333 ,  13321 : 4.3597498878939e+01 +(3e-02,5e-02) | 2.57e+06 |  9:6.0e-05  4:1.6e+01
  334 ,  13361 : 4.3598727098883e+01 +(2e-02,5e-02) | 2.44e+06 |  9:6.2e-05  4:1.6e+01
  335 ,  13401 : 4.3581520035752e+01 +(4e-02,6e-02) | 2.40e+06 |  9:6.5e-05  4:1.6e+01
  336 ,  13441 : 4.3595897493521e+01 +(2e-02,6e-02) | 2.21e+06 |  9:6.5e-05  4:1.6e+01
  337 ,  13481 : 4.3597579423888e+01 +(2e-02,4e-02) | 2.24e+06 |  9:6.5e-05  4:1.7e+01
  338 ,  13521 : 4.3590000525377e+01 +(3e-02,6e-02) | 2.28e+06 |  9:6.3e-05  4:1.7e+01
  339 ,  13561 : 4.3599367858384e+01 +(2e-02,5e-02) | 2.53e+06 |  9:6.4e-05  4:1.8e+01
Iterat, #Fevals:   Function Value    (median,worst) |Axis Ratio|idx:Min SD idx:Max SD
  340 ,  13601 : 4.3584963353863e+01 +(4e-02,6e-02) | 2.68e+06 |  9:8.2e-05  4:2.2e+01
  341 ,  13641 : 4.3587827320304e+01 +(3e-02,7e-02) | 2.68e+06 |  9:1.0e-04  4:2.6e+01
  342 ,  13681 : 4.3597478382983e+01 +(2e-02,8e-02) | 2.73e+06 |  9:1.0e-04  4:2.7e+01
  343 ,  13721 : 4.3584741943537e+01 +(3e-02,7e-02) | 2.93e+06 |  9:1.1e-04  4:3.0e+01
  344 ,  13761 : 4.3596773740849e+01 +(2e-02,5e-02) | 3.09e+06 |  9:1.1e-04  4:3.1e+01
  345 ,  13801 : 4.3594293014916e+01 +(3e-02,5e-02) | 3.19e+06 |  9:1.0e-04  4:3.2e+01
  346 ,  13841 : 4.3582203220302e+01 +(4e-02,1e-01) | 3.18e+06 |  9:1.0e-04  4:3.1e+01
  347 ,  13881 : 4.3597437692368e+01 +(2e-02,5e-02) | 3.16e+06 |  9:1.1e-04  4:3.3e+01
  348 ,  13921 : 4.3594970390551e+01 +(3e-02,5e-02) | 3.40e+06 |  9:1.1e-04  4:3.5e+01
  349 ,  13961 : 4.3595571792675e+01 +(2e-02,6e-02) | 3.32e+06 |  9:1.0e-04  4:3.3e+01
Iterat, #Fevals:   Function Value    (median,worst) |Axis Ratio|idx:Min SD idx:Max SD
  350 ,  14001 : 4.3594623820589e+01 +(3e-02,7e-02) | 3.24e+06 |  9:1.1e-04  4:3.3e+01
  351 ,  14041 : 4.3569454195287e+01 +(5e-02,1e-01) | 3.21e+06 |  9:1.0e-04  4:3.2e+01
  352 ,  14081 : 4.3601577224310e+01 +(2e-02,1e-01) | 3.18e+06 |  9:1.0e-04  4:3.1e+01
  353 ,  14121 : 4.3587329143804e+01 +(4e-02,7e-02) | 3.02e+06 |  9:8.6e-05  4:2.6e+01
  354 ,  14161 : 4.3589292621231e+01 +(3e-02,1e-01) | 3.06e+06 |  9:8.3e-05  4:2.6e+01
  355 ,  14201 : 4.3590328185298e+01 +(3e-02,6e-02) | 2.93e+06 |  9:7.6e-05  4:2.3e+01
  356 ,  14241 : 4.3577476976874e+01 +(5e-02,1e-01) | 2.80e+06 |  9:8.1e-05  4:2.4e+01
  357 ,  14281 : 4.3594105405851e+01 +(3e-02,9e-02) | 2.77e+06 |  9:7.7e-05  4:2.3e+01
  358 ,  14321 : 4.3598255869257e+01 +(2e-02,5e-02) | 2.86e+06 |  9:6.1e-05  4:1.8e+01
  359 ,  14361 : 4.3586658339281e+01 +(4e-02,1e-01) | 2.87e+06 |  9:5.5e-05  4:1.5e+01
Iterat, #Fevals:   Function Value    (median,worst) |Axis Ratio|idx:Min SD idx:Max SD
  360 ,  14401 : 4.3593947650267e+01 +(3e-02,9e-02) | 2.88e+06 |  9:5.3e-05  4:1.3e+01
  361 ,  14441 : 4.3578946129644e+01 +(4e-02,9e-02) | 2.82e+06 |  9:5.1e-05  4:1.3e+01
  362 ,  14481 : 4.3587755936560e+01 +(3e-02,1e-01) | 2.91e+06 |  9:5.6e-05  4:1.4e+01
  363 ,  14521 : 4.3592192391557e+01 +(3e-02,8e-02) | 2.77e+06 |  9:4.8e-05  4:1.2e+01
  364 ,  14561 : 4.3600937746829e+01 +(2e-02,7e-02) | 2.84e+06 |  9:4.2e-05  4:1.1e+01
  365 ,  14601 : 4.3582191502423e+01 +(4e-02,9e-02) | 2.94e+06 |  9:5.0e-05  4:1.2e+01
  366 ,  14641 : 4.3581799439766e+01 +(4e-02,1e-01) | 2.97e+06 |  9:5.3e-05  4:1.2e+01
  367 ,  14681 : 4.3593922710542e+01 +(3e-02,8e-02) | 2.88e+06 |  9:5.7e-05  4:1.2e+01
  368 ,  14721 : 4.3578050055117e+01 +(4e-02,9e-02) | 3.04e+06 |  9:5.5e-05  4:1.2e+01
  369 ,  14761 : 4.3598746152320e+01 +(2e-02,7e-02) | 3.24e+06 |  9:5.6e-05  4:1.3e+01
Iterat, #Fevals:   Function Value    (median,worst) |Axis Ratio|idx:Min SD idx:Max SD
  370 ,  14801 : 4.3586322436767e+01 +(4e-02,9e-02) | 3.37e+06 |  9:5.6e-05  4:1.4e+01
  371 ,  14841 : 4.3588553905846e+01 +(4e-02,9e-02) | 3.34e+06 |  9:5.6e-05  4:1.3e+01
  372 ,  14881 : 4.3585908945612e+01 +(3e-02,9e-02) | 3.52e+06 |  9:5.1e-05  4:1.3e+01
  373 ,  14921 : 4.3579677376534e+01 +(4e-02,6e-02) | 3.49e+06 |  9:5.5e-05  4:1.3e+01
  374 ,  14961 : 4.3579123694578e+01 +(5e-02,8e-02) | 3.74e+06 |  9:6.1e-05  4:1.4e+01
  375 ,  15001 : 4.3585070179410e+01 +(4e-02,8e-02) | 3.62e+06 |  9:6.3e-05  4:1.4e+01
  376 ,  15041 : 4.3588630630364e+01 +(4e-02,8e-02) | 3.38e+06 |  9:7.0e-05  4:1.5e+01
  377 ,  15081 : 4.3597168298111e+01 +(3e-02,7e-02) | 3.41e+06 |  9:5.8e-05  4:1.2e+01
  378 ,  15121 : 4.3598758205416e+01 +(3e-02,7e-02) | 3.23e+06 |  9:5.6e-05  4:1.1e+01
  379 ,  15161 : 4.3591518530238e+01 +(4e-02,8e-02) | 3.62e+06 |  9:5.2e-05  4:1.1e+01
Iterat, #Fevals:   Function Value    (median,worst) |Axis Ratio|idx:Min SD idx:Max SD
  380 ,  15201 : 4.3584143196065e+01 +(4e-02,8e-02) | 3.60e+06 |  9:5.1e-05  4:1.1e+01
  381 ,  15241 : 4.3589295052821e+01 +(3e-02,1e-01) | 3.50e+06 |  9:5.4e-05  4:1.1e+01
  382 ,  15281 : 4.3587828744244e+01 +(4e-02,8e-02) | 3.28e+06 |  9:5.1e-05  4:1.0e+01
  383 ,  15321 : 4.3586832097326e+01 +(3e-02,7e-02) | 3.24e+06 |  9:4.6e-05  4:9.0e+00
  384 ,  15361 : 4.3598293545325e+01 +(3e-02,1e-01) | 3.29e+06 |  9:4.2e-05  4:8.2e+00
  385 ,  15401 : 4.3592508563684e+01 +(3e-02,8e-02) | 3.42e+06 |  9:3.8e-05  4:7.9e+00
  386 ,  15441 : 4.3592868256972e+01 +(3e-02,7e-02) | 3.34e+06 |  9:3.9e-05  4:7.8e+00
  387 ,  15481 : 4.3591802903219e+01 +(3e-02,8e-02) | 3.31e+06 |  9:3.5e-05  4:7.0e+00
  388 ,  15521 : 4.3600625253846e+01 +(2e-02,9e-02) | 3.45e+06 |  9:3.3e-05  4:6.7e+00
  389 ,  15561 : 4.3596271489455e+01 +(3e-02,7e-02) | 3.28e+06 |  9:3.9e-05  4:7.3e+00
Iterat, #Fevals:   Function Value    (median,worst) |Axis Ratio|idx:Min SD idx:Max SD
  390 ,  15601 : 4.3592777776694e+01 +(3e-02,8e-02) | 3.43e+06 |  9:3.7e-05  4:7.1e+00
  391 ,  15641 : 4.3582260167852e+01 +(4e-02,9e-02) | 3.22e+06 |  9:4.0e-05  4:7.2e+00
  392 ,  15681 : 4.3598891743552e+01 +(2e-02,9e-02) | 3.45e+06 |  9:3.7e-05  4:7.0e+00
  393 ,  15721 : 4.3594046728203e+01 +(2e-02,7e-02) | 3.51e+06 |  9:3.9e-05  4:7.4e+00
  394 ,  15761 : 4.3593251177364e+01 +(3e-02,9e-02) | 3.53e+06 |  9:3.8e-05  4:7.1e+00
  395 ,  15801 : 4.3593913810997e+01 +(2e-02,6e-02) | 3.56e+06 |  9:4.0e-05  4:7.2e+00
  396 ,  15841 : 4.3578601263157e+01 +(4e-02,7e-02) | 3.61e+06 |  9:4.1e-05  4:7.1e+00
  397 ,  15881 : 4.3592394268770e+01 +(2e-02,1e-01) | 3.61e+06 |  9:3.7e-05  4:6.2e+00
  398 ,  15921 : 4.3580553237780e+01 +(4e-02,9e-02) | 3.45e+06 |  9:3.4e-05  4:5.7e+00
  399 ,  15961 : 4.3590308333067e+01 +(3e-02,7e-02) | 3.51e+06 |  9:3.5e-05  4:5.9e+00
Iterat, #Fevals:   Function Value    (median,worst) |Axis Ratio|idx:Min SD idx:Max SD
  400 ,  16001 : 4.3597337837353e+01 +(2e-02,6e-02) | 3.53e+06 |  9:3.8e-05  4:6.2e+00
  401 ,  16041 : 4.3593354137255e+01 +(2e-02,7e-02) | 3.51e+06 |  9:4.2e-05  4:6.5e+00
  402 ,  16081 : 4.3597422664376e+01 +(2e-02,7e-02) | 3.72e+06 |  9:4.0e-05  4:6.7e+00
  403 ,  16121 : 4.3581500078660e+01 +(3e-02,9e-02) | 3.90e+06 |  9:4.1e-05  4:7.3e+00
  404 ,  16161 : 4.3578676299864e+01 +(4e-02,9e-02) | 4.00e+06 |  9:3.6e-05  4:6.5e+00
  405 ,  16201 : 4.3584627099561e+01 +(3e-02,7e-02) | 4.15e+06 |  9:3.4e-05  4:6.4e+00
  406 ,  16241 : 4.3590296740457e+01 +(3e-02,8e-02) | 4.24e+06 |  9:3.0e-05  4:5.7e+00
  407 ,  16281 : 4.3595767241462e+01 +(2e-02,7e-02) | 4.44e+06 |  9:3.3e-05  4:6.2e+00
  408 ,  16321 : 4.3586240026176e+01 +(3e-02,7e-02) | 4.55e+06 |  9:3.7e-05  4:7.2e+00
  409 ,  16361 : 4.3595038454699e+01 +(3e-02,9e-02) | 4.59e+06 |  9:3.4e-05  4:6.4e+00
Iterat, #Fevals:   Function Value    (median,worst) |Axis Ratio|idx:Min SD idx:Max SD
  410 ,  16401 : 4.3586454799115e+01 +(3e-02,7e-02) | 4.98e+06 |  9:3.7e-05  4:7.5e+00
  411 ,  16441 : 4.3599111063304e+01 +(2e-02,7e-02) | 5.10e+06 |  9:3.4e-05  4:7.1e+00
  412 ,  16481 : 4.3592501675400e+01 +(3e-02,8e-02) | 5.15e+06 |  9:3.9e-05  4:8.0e+00
  413 ,  16521 : 4.3577868320932e+01 +(4e-02,9e-02) | 5.69e+06 |  9:4.7e-05  4:9.2e+00
  414 ,  16561 : 4.3594988151706e+01 +(2e-02,8e-02) | 5.36e+06 |  9:5.0e-05  4:9.5e+00
  415 ,  16601 : 4.3572757477614e+01 +(5e-02,1e-01) | 5.54e+06 |  9:6.3e-05  4:1.2e+01
  416 ,  16641 : 4.3588316730631e+01 +(4e-02,8e-02) | 5.43e+06 |  9:6.8e-05  4:1.3e+01
  417 ,  16681 : 4.3583263966763e+01 +(4e-02,8e-02) | 5.74e+06 |  9:6.3e-05  4:1.2e+01
  418 ,  16721 : 4.3591106780234e+01 +(3e-02,9e-02) | 5.69e+06 |  9:6.7e-05  4:1.3e+01
  419 ,  16761 : 4.3584317437597e+01 +(4e-02,8e-02) | 5.59e+06 |  9:6.5e-05  4:1.3e+01
Iterat, #Fevals:   Function Value    (median,worst) |Axis Ratio|idx:Min SD idx:Max SD
  420 ,  16801 : 4.3593269509498e+01 +(3e-02,8e-02) | 5.47e+06 |  9:6.1e-05  4:1.3e+01
  421 ,  16841 : 4.3595481951707e+01 +(3e-02,7e-02) | 5.66e+06 |  9:5.5e-05  4:1.1e+01
  422 ,  16881 : 4.3583681137466e+01 +(3e-02,8e-02) | 5.55e+06 |  9:5.0e-05  4:1.0e+01
  423 ,  16921 : 4.3588683588744e+01 +(3e-02,8e-02) | 5.66e+06 |  9:5.5e-05  4:1.1e+01
  424 ,  16961 : 4.3585150452621e+01 +(3e-02,1e-01) | 5.88e+06 |  9:5.5e-05  4:1.1e+01
  425 ,  17001 : 4.3590376098052e+01 +(3e-02,9e-02) | 5.79e+06 |  9:5.2e-05  4:1.0e+01
  426 ,  17041 : 4.3579307553780e+01 +(4e-02,8e-02) | 6.06e+06 |  9:4.8e-05  4:1.0e+01
  427 ,  17081 : 4.3593274042270e+01 +(3e-02,8e-02) | 5.84e+06 |  9:4.9e-05  4:9.4e+00
  428 ,  17121 : 4.3586687202757e+01 +(4e-02,8e-02) | 6.06e+06 |  9:4.6e-05  4:9.1e+00
  429 ,  17161 : 4.3586258600992e+01 +(4e-02,7e-02) | 6.24e+06 |  9:6.0e-05  4:1.2e+01
Iterat, #Fevals:   Function Value    (median,worst) |Axis Ratio|idx:Min SD idx:Max SD
  430 ,  17201 : 4.3593931226733e+01 +(3e-02,7e-02) | 6.29e+06 |  9:6.6e-05  4:1.4e+01
  431 ,  17241 : 4.3603185052687e+01 +(2e-02,7e-02) | 6.18e+06 |  9:6.2e-05  4:1.3e+01
  432 ,  17281 : 4.3575579419644e+01 +(4e-02,8e-02) | 6.15e+06 |  9:6.7e-05  4:1.4e+01
  433 ,  17321 : 4.3596191652389e+01 +(3e-02,9e-02) | 5.88e+06 |  9:6.6e-05  4:1.4e+01
  434 ,  17361 : 4.3584859013937e+01 +(4e-02,9e-02) | 6.08e+06 |  9:6.2e-05  4:1.3e+01
  435 ,  17401 : 4.3584907694885e+01 +(4e-02,9e-02) | 6.45e+06 |  9:5.7e-05  4:1.2e+01
  436 ,  17441 : 4.3586520575939e+01 +(4e-02,1e-01) | 6.13e+06 |  9:6.4e-05  4:1.4e+01
  437 ,  17481 : 4.3602812013791e+01 +(2e-02,7e-02) | 5.91e+06 |  9:6.6e-05  4:1.4e+01
  438 ,  17521 : 4.3588556897441e+01 +(3e-02,7e-02) | 6.36e+06 |  9:7.9e-05  4:1.5e+01
  439 ,  17561 : 4.3588830536357e+01 +(3e-02,9e-02) | 6.24e+06 |  9:8.4e-05  4:1.6e+01
Iterat, #Fevals:   Function Value    (median,worst) |Axis Ratio|idx:Min SD idx:Max SD
  440 ,  17601 : 4.3595307180913e+01 +(3e-02,8e-02) | 6.35e+06 |  9:7.7e-05  4:1.4e+01
  441 ,  17641 : 4.3583987496818e+01 +(4e-02,9e-02) | 6.65e+06 |  9:8.2e-05  4:1.6e+01
  442 ,  17681 : 4.3593300192660e+01 +(3e-02,9e-02) | 6.56e+06 |  9:7.0e-05  4:1.4e+01
  443 ,  17721 : 4.3591478108517e+01 +(3e-02,7e-02) | 6.47e+06 |  9:6.5e-05  4:1.3e+01
  444 ,  17761 : 4.3603352347587e+01 +(1e-02,6e-02) | 6.39e+06 |  9:6.9e-05  4:1.4e+01
  445 ,  17801 : 4.3589230546405e+01 +(3e-02,8e-02) | 6.49e+06 |  9:5.9e-05  4:1.2e+01
  446 ,  17841 : 4.3596621745982e+01 +(2e-02,9e-02) | 6.66e+06 |  9:6.2e-05  4:1.2e+01
  447 ,  17881 : 4.3585355923256e+01 +(4e-02,1e-01) | 6.81e+06 |  9:5.8e-05  4:1.1e+01
  448 ,  17921 : 4.3580389626761e+01 +(4e-02,1e-01) | 7.58e+06 |  9:6.0e-05  4:1.2e+01
  449 ,  17961 : 4.3596562960092e+01 +(3e-02,8e-02) | 8.40e+06 |  9:6.8e-05  4:1.5e+01
Iterat, #Fevals:   Function Value    (median,worst) |Axis Ratio|idx:Min SD idx:Max SD
  450 ,  18001 : 4.3589497592683e+01 +(4e-02,8e-02) | 8.71e+06 |  9:6.2e-05  4:1.5e+01
  451 ,  18041 : 4.3588667808132e+01 +(3e-02,7e-02) | 8.59e+06 |  9:5.7e-05  4:1.3e+01
  452 ,  18081 : 4.3588031762339e+01 +(4e-02,1e-01) | 8.81e+06 |  9:5.7e-05  4:1.4e+01
  453 ,  18121 : 4.3599681311295e+01 +(2e-02,7e-02) | 8.56e+06 |  9:6.0e-05  4:1.4e+01
  454 ,  18161 : 4.3591694073726e+01 +(3e-02,9e-02) | 8.57e+06 |  9:6.4e-05  4:1.5e+01
  455 ,  18201 : 4.3592874525671e+01 +(3e-02,6e-02) | 9.29e+06 |  9:6.5e-05  4:1.6e+01
  456 ,  18241 : 4.3585145510041e+01 +(3e-02,8e-02) | 8.88e+06 |  9:6.3e-05  4:1.5e+01
  457 ,  18281 : 4.3600607420955e+01 +(1e-02,6e-02) | 9.09e+06 |  9:6.2e-05  4:1.4e+01
  458 ,  18321 : 4.3587948430414e+01 +(4e-02,8e-02) | 9.06e+06 |  9:5.3e-05  4:1.3e+01
  459 ,  18361 : 4.3589539319357e+01 +(3e-02,7e-02) | 9.55e+06 |  9:5.0e-05  4:1.2e+01
Iterat, #Fevals:   Function Value    (median,worst) |Axis Ratio|idx:Min SD idx:Max SD
  460 ,  18401 : 4.3584885165962e+01 +(4e-02,8e-02) | 1.03e+07 |  9:6.4e-05  4:1.6e+01
#Fevals:   f(returned x)   |    bestever.f     | stopflag (saved to variablescmaes13_9_14_7_91.mat)
  18402: 4.35848851660e+01 | 3.04265732510e+01 | warnconditioncov
mean solution: +1.2e+00 +4.8e-01 +5.6e-01 +4.0e+03 +2.1e+01 +6.0e-01 +1.3e+00 +2.1e-01 +1.3e+00
std deviation:  3.5e-03  2.6e-03  2.7e-03  1.6e+01  5.7e-02  2.0e-03  2.9e-03  7.7e-04  6.4e-05
use plotcmaesdat.m for plotting the output at any time (option LogModulo must not be zero)
