
                            < M A T L A B (R) >
                  Copyright 1984-2015 The MathWorks, Inc.
                   R2015a (8.5.0.197613) 64-bit (glnxa64)
                             February 12, 2015

 
For online documentation, see http://www.mathworks.com/support
For product information, visit www.mathworks.com.
 

	Academic License

  n=9: (5,10)-CMA-ES(w=[46 27 16 9 3]%, mu_eff=3.2) on function Error
Iterat, #Fevals:   Function Value    (median,worst) |Axis Ratio|idx:Min SD idx:Max SD
    1 ,     11 : 3.3273308433256e+01 +(2e+01,2e+11) | 2.02e+01 |  3:7.5e-01  7:1.5e+01
    2 ,     21 : 5.1544882284619e+01 +(2e+03,2e+15) | 1.99e+01 |  3:7.3e-01  7:1.5e+01
    3 ,     31 : 5.1401686199798e+01 +(4e+04,2e+15) | 2.01e+01 |  3:6.7e-01  7:1.3e+01
    4 ,     41 : 3.2617027168661e+01 +(2e+01,3e+01) | 2.01e+01 |  3:6.4e-01  7:1.3e+01
    5 ,     51 : 3.7321796793688e+01 +(1e+01,2e+02) | 2.00e+01 |  3:6.0e-01  7:1.2e+01
    6 ,     61 : 4.6930400100467e+01 +(5e+00,1e+11) | 2.03e+01 |  3:6.0e-01  7:1.2e+01
    7 ,     71 : 1.9443857370479e+01 +(3e+01,4e+08) | 2.10e+01 |  3:6.5e-01  7:1.3e+01
    8 ,     81 : 2.1908505601801e+01 +(3e+01,9e+07) | 2.09e+01 |  3:7.0e-01  7:1.4e+01
    9 ,     91 : 2.5963403997426e+01 +(3e+01,3e+01) | 2.08e+01 |  3:6.2e-01  7:1.2e+01
Iterat, #Fevals:   Function Value    (median,worst) |Axis Ratio|idx:Min SD idx:Max SD
   10 ,    101 : 2.5321115489746e+01 +(3e+01,3e+06) | 2.08e+01 |  3:6.1e-01  7:1.2e+01
   11 ,    111 : 1.3082460565350e+01 +(3e+01,3e+02) | 2.19e+01 |  3:6.1e-01  7:1.3e+01
   12 ,    121 : 1.0431254120542e+01 +(2e+01,8e+02) | 2.21e+01 |  3:5.5e-01  7:1.1e+01
   13 ,    131 : 1.0434649872373e+01 +(4e+01,2e+09) | 2.20e+01 |  3:5.3e-01  7:1.1e+01
   14 ,    141 : 1.0220854252127e+01 +(2e+01,4e+01) | 2.19e+01 |  3:5.3e-01  7:1.1e+01
   15 ,    151 : 1.0658038090949e+01 +(4e+01,1e+07) | 2.14e+01 |  3:5.6e-01  7:1.1e+01
   16 ,    161 : 1.2660471728514e+01 +(3e+01,9e+06) | 2.12e+01 |  3:5.4e-01  7:1.0e+01
   17 ,    171 : 1.0580066203343e+01 +(3e+01,7e+03) | 2.06e+01 |  3:4.9e-01  7:8.9e+00
   18 ,    181 : 7.0015187239379e+00 +(3e+01,2e+02) | 2.07e+01 |  3:4.4e-01  7:8.1e+00
   19 ,    191 : 1.0308623502912e+01 +(2e+01,6e+02) | 2.07e+01 |  3:4.0e-01  7:7.4e+00
Iterat, #Fevals:   Function Value    (median,worst) |Axis Ratio|idx:Min SD idx:Max SD
   20 ,    201 : 9.5883334474061e+00 +(2e+01,1e+04) | 2.02e+01 |  2:4.0e-01  7:7.3e+00
   21 ,    211 : 1.3364786908890e+01 +(1e+01,7e+01) | 1.95e+01 |  2:3.9e-01  7:7.0e+00
   22 ,    221 : 1.0119738865052e+01 +(3e+01,5e+04) | 1.95e+01 |  2:3.7e-01  7:6.4e+00
   23 ,    231 : 1.1441577326787e+01 +(2e+01,1e+02) | 2.05e+01 |  2:3.5e-01  8:6.3e+00
   24 ,    241 : 1.2127455282336e+01 +(1e+01,2e+01) | 2.15e+01 |  2:3.6e-01  8:6.8e+00
   25 ,    251 : 1.0900212249535e+01 +(2e+01,3e+04) | 2.20e+01 |  2:3.2e-01  8:6.2e+00
   26 ,    261 : 1.1222102084150e+01 +(1e+01,3e+01) | 2.26e+01 |  2:3.1e-01  8:6.2e+00
   27 ,    271 : 1.4935266294577e+01 +(5e+00,7e+02) | 2.12e+01 |  2:3.3e-01  8:6.1e+00
   28 ,    281 : 1.0468753178749e+01 +(4e+00,2e+03) | 2.12e+01 |  2:3.2e-01  8:5.9e+00
   29 ,    291 : 1.0481199695500e+01 +(2e+00,1e+02) | 2.17e+01 |  2:3.1e-01  8:5.9e+00
Iterat, #Fevals:   Function Value    (median,worst) |Axis Ratio|idx:Min SD idx:Max SD
   30 ,    301 : 1.0511448940376e+01 +(6e+00,4e+02) | 2.07e+01 |  2:3.2e-01  8:5.6e+00
   31 ,    311 : 1.1036687915780e+01 +(1e+01,2e+01) | 2.11e+01 |  2:3.3e-01  8:6.0e+00
   32 ,    321 : 1.2568513973447e+01 +(9e+00,2e+01) | 2.11e+01 |  2:3.3e-01  8:6.0e+00
   33 ,    331 : 1.0032353963051e+01 +(5e+00,3e+01) | 2.08e+01 |  2:3.0e-01  8:5.5e+00
   34 ,    341 : 1.0065571511860e+01 +(4e+00,2e+01) | 2.09e+01 |  2:2.8e-01  8:5.0e+00
   35 ,    351 : 9.9512968459599e+00 +(6e+00,1e+02) | 2.16e+01 |  2:2.7e-01  8:5.0e+00
   36 ,    361 : 1.2959069199570e+01 +(2e+01,1e+02) | 2.14e+01 |  2:2.6e-01  8:4.8e+00
   37 ,    371 : 1.0477915151479e+01 +(1e+01,2e+02) | 2.13e+01 |  2:2.5e-01  8:4.5e+00
   38 ,    381 : 9.8697036651374e+00 +(4e+00,1e+01) | 2.14e+01 |  2:2.3e-01  8:4.2e+00
   39 ,    391 : 1.0667350774003e+01 +(7e+00,3e+01) | 2.21e+01 |  2:2.1e-01  8:4.1e+00
Iterat, #Fevals:   Function Value    (median,worst) |Axis Ratio|idx:Min SD idx:Max SD
   40 ,    401 : 8.9829908373548e+00 +(3e+00,2e+01) | 2.16e+01 |  2:2.2e-01  8:4.2e+00
   41 ,    411 : 8.8106724644809e+00 +(3e+00,4e+01) | 2.20e+01 |  2:2.4e-01  8:4.8e+00
   42 ,    421 : 8.9653358181376e+00 +(3e+00,2e+02) | 2.21e+01 |  2:2.6e-01  8:5.1e+00
   43 ,    431 : 9.8638354585544e+00 +(8e+00,3e+01) | 2.22e+01 |  2:2.7e-01  8:5.4e+00
   44 ,    441 : 9.6724643610827e+00 +(7e+00,7e+01) | 2.22e+01 |  2:2.8e-01  8:5.4e+00
   45 ,    451 : 1.0267818780044e+01 +(7e+00,2e+02) | 2.25e+01 |  2:3.1e-01  8:6.1e+00
   46 ,    461 : 8.5585952487902e+00 +(9e+00,3e+02) | 2.20e+01 |  2:3.0e-01  8:5.9e+00
   47 ,    471 : 8.4060978473673e+00 +(2e+01,4e+02) | 2.20e+01 |  2:2.8e-01  8:5.3e+00
   48 ,    481 : 9.3543554546663e+00 +(7e+00,9e+01) | 2.24e+01 |  2:2.8e-01  8:5.4e+00
   49 ,    491 : 9.2795322793875e+00 +(5e+00,5e+05) | 2.24e+01 |  2:2.7e-01  8:5.2e+00
Iterat, #Fevals:   Function Value    (median,worst) |Axis Ratio|idx:Min SD idx:Max SD
   50 ,    501 : 8.4155903765831e+00 +(8e+00,7e+02) | 2.20e+01 |  2:2.3e-01  8:4.4e+00
   51 ,    511 : 7.6567178576728e+00 +(7e+00,3e+01) | 2.15e+01 |  2:2.3e-01  8:4.3e+00
   52 ,    521 : 6.7210465205762e+00 +(4e+00,2e+01) | 2.13e+01 |  2:2.3e-01  8:4.3e+00
   53 ,    531 : 6.5588602477655e+00 +(6e+00,4e+02) | 2.14e+01 |  2:2.0e-01  8:3.8e+00
   54 ,    541 : 6.9943479310734e+00 +(6e+00,5e+03) | 2.16e+01 |  2:1.9e-01  8:3.5e+00
   55 ,    551 : 7.1647959269924e+00 +(5e+00,4e+01) | 2.17e+01 |  2:1.7e-01  8:3.2e+00
   56 ,    561 : 6.8417882065605e+00 +(3e+00,1e+01) | 2.29e+01 |  2:1.6e-01  8:3.2e+00
   57 ,    571 : 7.8367877429795e+00 +(3e+00,1e+03) | 2.33e+01 |  2:1.4e-01  8:2.8e+00
   58 ,    581 : 7.7027092698097e+00 +(3e+00,2e+02) | 2.32e+01 |  2:1.3e-01  8:2.5e+00
   59 ,    591 : 7.9953314897134e+00 +(7e+00,3e+02) | 2.39e+01 |  2:1.2e-01  8:2.5e+00
Iterat, #Fevals:   Function Value    (median,worst) |Axis Ratio|idx:Min SD idx:Max SD
   60 ,    601 : 7.5427767789787e+00 +(2e+00,1e+01) | 2.38e+01 |  2:1.1e-01  8:2.2e+00
   61 ,    611 : 7.0457164193381e+00 +(2e+00,9e+01) | 2.27e+01 |  2:1.1e-01  8:2.1e+00
   62 ,    621 : 6.8195920297866e+00 +(3e+00,1e+02) | 2.30e+01 |  2:1.1e-01  8:2.1e+00
   63 ,    631 : 7.0438553754815e+00 +(4e-01,1e+02) | 2.32e+01 |  2:1.1e-01  8:2.1e+00
   64 ,    641 : 6.4140025049111e+00 +(2e+00,2e+01) | 2.39e+01 |  2:1.0e-01  8:2.0e+00
   65 ,    651 : 6.9348171120850e+00 +(2e+00,2e+01) | 2.31e+01 |  2:9.2e-02  8:1.8e+00
   66 ,    661 : 7.1245263437634e+00 +(1e+00,4e+01) | 2.35e+01 |  2:8.4e-02  8:1.7e+00
   67 ,    671 : 7.4770306523701e+00 +(2e+00,5e+00) | 2.35e+01 |  2:7.9e-02  8:1.6e+00
   68 ,    681 : 7.0876580755440e+00 +(8e-01,6e+00) | 2.52e+01 |  2:7.8e-02  8:1.7e+00
   69 ,    691 : 7.0015486146453e+00 +(9e-01,1e+01) | 2.59e+01 |  2:7.3e-02  8:1.6e+00
Iterat, #Fevals:   Function Value    (median,worst) |Axis Ratio|idx:Min SD idx:Max SD
   70 ,    701 : 7.0832529011666e+00 +(1e+00,5e+00) | 2.64e+01 |  2:7.4e-02  8:1.6e+00
   71 ,    711 : 6.7933087641776e+00 +(1e+00,5e+00) | 2.64e+01 |  2:7.1e-02  8:1.6e+00
   72 ,    721 : 6.7309823924955e+00 +(6e-01,2e+00) | 2.67e+01 |  2:7.4e-02  8:1.7e+00
   73 ,    731 : 6.4994766206724e+00 +(2e+00,4e+01) | 2.77e+01 |  2:7.6e-02  8:1.8e+00
   74 ,    741 : 6.7226132742752e+00 +(8e-01,8e+01) | 2.84e+01 |  2:7.6e-02  8:1.8e+00
   75 ,    751 : 6.4342883418870e+00 +(2e+00,4e+00) | 2.90e+01 |  2:7.3e-02  8:1.7e+00
   76 ,    761 : 6.6465123757719e+00 +(6e-01,1e+01) | 2.83e+01 |  2:7.3e-02  8:1.7e+00
   77 ,    771 : 6.5721283779476e+00 +(2e+00,1e+01) | 2.76e+01 |  2:7.1e-02  8:1.6e+00
   78 ,    781 : 6.9553557534717e+00 +(5e-01,3e+00) | 2.74e+01 |  2:6.9e-02  8:1.6e+00
   79 ,    791 : 6.2027612109260e+00 +(7e-01,2e+00) | 2.87e+01 |  2:7.0e-02  8:1.7e+00
Iterat, #Fevals:   Function Value    (median,worst) |Axis Ratio|idx:Min SD idx:Max SD
   80 ,    801 : 6.0492840917931e+00 +(1e+00,3e+00) | 2.95e+01 |  2:6.9e-02  8:1.7e+00
   81 ,    811 : 6.1827872781220e+00 +(6e-01,3e+00) | 2.95e+01 |  2:6.6e-02  8:1.6e+00
   82 ,    821 : 5.8414524198609e+00 +(8e-01,8e+00) | 2.96e+01 |  2:6.2e-02  8:1.5e+00
   83 ,    831 : 5.7008816896939e+00 +(2e+00,4e+00) | 2.96e+01 |  2:6.7e-02  8:1.6e+00
   84 ,    841 : 5.8883541881381e+00 +(8e-01,9e+00) | 2.94e+01 |  2:7.2e-02  8:1.6e+00
   85 ,    851 : 5.9378358607299e+00 +(5e-01,4e+00) | 2.92e+01 |  2:6.6e-02  8:1.5e+00
   86 ,    861 : 5.8934188037739e+00 +(4e-01,2e+00) | 2.90e+01 |  2:6.1e-02  8:1.4e+00
   87 ,    871 : 5.9596476036726e+00 +(6e-01,5e+00) | 2.85e+01 |  2:5.9e-02  8:1.3e+00
   88 ,    881 : 5.8484711499949e+00 +(7e-01,5e+00) | 2.89e+01 |  2:5.2e-02  8:1.2e+00
   89 ,    891 : 5.6684914496075e+00 +(1e+00,8e+00) | 2.93e+01 |  2:5.5e-02  8:1.2e+00
Iterat, #Fevals:   Function Value    (median,worst) |Axis Ratio|idx:Min SD idx:Max SD
   90 ,    901 : 5.7403940397328e+00 +(4e-01,3e+00) | 3.12e+01 |  2:5.7e-02  8:1.3e+00
   91 ,    911 : 5.7998999665437e+00 +(6e-01,4e+00) | 3.13e+01 |  2:5.6e-02  8:1.3e+00
   92 ,    921 : 5.5618032722278e+00 +(6e-01,4e+00) | 3.18e+01 |  2:5.8e-02  8:1.4e+00
   93 ,    931 : 5.6320022915221e+00 +(4e-01,4e+00) | 3.17e+01 |  2:5.6e-02  8:1.3e+00
   94 ,    941 : 5.5358117950655e+00 +(1e-01,2e+00) | 3.15e+01 |  2:5.3e-02  8:1.2e+00
   95 ,    951 : 5.6397352672868e+00 +(4e-01,9e+00) | 3.11e+01 |  3:4.8e-02  8:1.1e+00
   96 ,    961 : 5.5899006605160e+00 +(3e-01,1e+00) | 3.09e+01 |  3:4.5e-02  8:1.0e+00
   97 ,    971 : 5.4643299794350e+00 +(2e-01,1e+00) | 3.05e+01 |  2:4.2e-02  8:9.2e-01
   98 ,    981 : 5.5124456111281e+00 +(1e-01,1e+00) | 3.16e+01 |  2:4.0e-02  8:9.1e-01
   99 ,    991 : 5.4187210955957e+00 +(5e-01,2e+00) | 3.37e+01 |  2:4.3e-02  8:1.1e+00
Iterat, #Fevals:   Function Value    (median,worst) |Axis Ratio|idx:Min SD idx:Max SD
  100 ,   1001 : 5.6460595758477e+00 +(6e-01,2e+00) | 3.31e+01 |  2:4.7e-02  8:1.2e+00
  101 ,   1011 : 5.4030600590432e+00 +(4e-01,1e+00) | 3.15e+01 |  2:5.2e-02  8:1.2e+00
  102 ,   1021 : 5.3915300954423e+00 +(4e-01,2e+00) | 3.19e+01 |  2:5.2e-02  8:1.2e+00
  103 ,   1031 : 5.3565571392083e+00 +(3e-01,2e+00) | 3.24e+01 |  2:5.1e-02  8:1.2e+00
  104 ,   1041 : 5.2802217166869e+00 +(3e-01,1e+01) | 3.54e+01 |  2:5.6e-02  8:1.4e+00
  105 ,   1051 : 5.2213983262428e+00 +(3e-01,2e+00) | 3.75e+01 |  2:6.2e-02  8:1.6e+00
  106 ,   1061 : 5.3470629123758e+00 +(6e-01,1e+01) | 3.75e+01 |  2:6.2e-02  8:1.7e+00
  107 ,   1071 : 5.3086677593769e+00 +(1e+00,5e+00) | 3.74e+01 |  2:5.7e-02  8:1.6e+00
  108 ,   1081 : 5.3535358329154e+00 +(5e-01,5e+00) | 3.76e+01 |  2:4.9e-02  8:1.3e+00
  109 ,   1091 : 5.4594602106560e+00 +(2e-01,5e+00) | 3.81e+01 |  2:4.6e-02  8:1.3e+00
Iterat, #Fevals:   Function Value    (median,worst) |Axis Ratio|idx:Min SD idx:Max SD
  110 ,   1101 : 5.3641785868704e+00 +(3e-01,1e+01) | 3.87e+01 |  2:4.6e-02  8:1.3e+00
  111 ,   1111 : 5.2415671812799e+00 +(9e-01,2e+00) | 3.79e+01 |  2:4.7e-02  8:1.3e+00
  112 ,   1121 : 5.2920124370490e+00 +(8e-01,4e+00) | 3.82e+01 |  2:4.2e-02  8:1.1e+00
  113 ,   1131 : 5.3254008613342e+00 +(8e-02,8e-01) | 3.91e+01 |  2:4.3e-02  8:1.2e+00
  114 ,   1141 : 5.2694413135089e+00 +(2e-01,8e-01) | 3.93e+01 |  2:4.3e-02  8:1.2e+00
  115 ,   1151 : 5.2713583830978e+00 +(7e-01,2e+00) | 3.95e+01 |  2:4.0e-02  8:1.1e+00
  116 ,   1161 : 5.2796853035935e+00 +(5e-01,2e+00) | 3.96e+01 |  2:4.0e-02  8:1.1e+00
  117 ,   1171 : 5.2306842400431e+00 +(2e-01,2e+00) | 4.00e+01 |  2:4.1e-02  8:1.1e+00
  118 ,   1181 : 5.2550429296279e+00 +(2e-01,1e+00) | 4.25e+01 |  2:4.9e-02  8:1.3e+00
  119 ,   1191 : 5.2101671158635e+00 +(1e-01,7e-01) | 4.43e+01 |  2:5.3e-02  8:1.4e+00
Iterat, #Fevals:   Function Value    (median,worst) |Axis Ratio|idx:Min SD idx:Max SD
  120 ,   1201 : 5.1119001165849e+00 +(2e-01,7e-01) | 4.59e+01 |  2:5.5e-02  8:1.5e+00
  121 ,   1211 : 5.1300432449655e+00 +(8e-01,2e+00) | 4.64e+01 |  2:5.7e-02  8:1.6e+00
  122 ,   1221 : 5.1396138692547e+00 +(6e-01,2e+00) | 4.80e+01 |  2:5.7e-02  8:1.6e+00
  123 ,   1231 : 5.2541088564352e+00 +(4e-01,2e+00) | 4.85e+01 |  2:6.0e-02  8:1.7e+00
  124 ,   1241 : 5.2496004078111e+00 +(7e-01,2e+00) | 4.88e+01 |  2:6.3e-02  8:1.8e+00
  125 ,   1251 : 5.2934497903526e+00 +(2e-01,1e+01) | 4.90e+01 |  2:5.5e-02  8:1.6e+00
  126 ,   1261 : 5.2066563544190e+00 +(2e-01,4e+00) | 4.93e+01 |  2:5.4e-02  8:1.5e+00
  127 ,   1271 : 5.1171902321964e+00 +(4e-01,1e+00) | 4.95e+01 |  2:4.9e-02  8:1.4e+00
  128 ,   1281 : 5.1850920669128e+00 +(5e-01,9e-01) | 5.03e+01 |  2:4.5e-02  8:1.3e+00
  129 ,   1291 : 5.0951561892600e+00 +(2e-01,1e+00) | 5.23e+01 |  2:4.3e-02  8:1.2e+00
Iterat, #Fevals:   Function Value    (median,worst) |Axis Ratio|idx:Min SD idx:Max SD
  130 ,   1301 : 5.1023217132326e+00 +(2e-01,5e-01) | 5.19e+01 |  2:4.2e-02  8:1.3e+00
  131 ,   1311 : 5.0878244050192e+00 +(2e-01,2e+00) | 5.20e+01 |  2:4.2e-02  8:1.3e+00
  132 ,   1321 : 5.0575650358056e+00 +(7e-02,7e-01) | 5.24e+01 |  2:4.1e-02  8:1.2e+00
  133 ,   1331 : 5.0141799554480e+00 +(1e-01,5e-01) | 5.23e+01 |  2:4.2e-02  8:1.2e+00
  134 ,   1341 : 4.9704128597894e+00 +(2e-01,5e-01) | 5.22e+01 |  2:4.5e-02  8:1.2e+00
  135 ,   1351 : 4.9017614911875e+00 +(1e-01,7e-01) | 4.90e+01 |  2:5.5e-02  8:1.4e+00
  136 ,   1361 : 4.9462655908212e+00 +(8e-02,9e-01) | 4.88e+01 |  2:5.9e-02  8:1.5e+00
  137 ,   1371 : 4.8092842204581e+00 +(5e-01,6e-01) | 4.90e+01 |  2:5.7e-02  8:1.4e+00
  138 ,   1381 : 5.0010476539698e+00 +(2e-01,3e+00) | 4.78e+01 |  2:5.4e-02  8:1.3e+00
  139 ,   1391 : 5.0226638329171e+00 +(1e-01,1e+00) | 4.76e+01 |  2:5.2e-02  8:1.3e+00
Iterat, #Fevals:   Function Value    (median,worst) |Axis Ratio|idx:Min SD idx:Max SD
  140 ,   1401 : 4.9525348160349e+00 +(2e-01,5e-01) | 4.65e+01 |  2:5.6e-02  8:1.4e+00
  141 ,   1411 : 4.9001281678453e+00 +(2e-01,1e+00) | 4.72e+01 |  2:5.3e-02  8:1.3e+00
  142 ,   1421 : 4.9481053033359e+00 +(2e-01,8e-01) | 4.72e+01 |  2:5.0e-02  8:1.2e+00
  143 ,   1431 : 4.8514835118236e+00 +(3e-01,9e-01) | 4.65e+01 |  3:4.9e-02  8:1.1e+00
  144 ,   1441 : 4.7873025316396e+00 +(2e-01,5e-01) | 4.60e+01 |  3:5.0e-02  8:1.2e+00
  145 ,   1451 : 4.7996163787219e+00 +(2e-01,6e-01) | 4.60e+01 |  3:5.6e-02  8:1.3e+00
  146 ,   1461 : 4.7515297170943e+00 +(2e-01,6e-01) | 4.59e+01 |  3:5.8e-02  8:1.3e+00
  147 ,   1471 : 4.7441335747751e+00 +(3e-01,7e-01) | 4.63e+01 |  3:5.5e-02  8:1.3e+00
  148 ,   1481 : 4.7595158668224e+00 +(2e-01,5e-01) | 4.71e+01 |  3:5.7e-02  8:1.3e+00
  149 ,   1491 : 4.5312732438360e+00 +(3e-01,1e+00) | 5.04e+01 |  3:5.7e-02  8:1.4e+00
Iterat, #Fevals:   Function Value    (median,worst) |Axis Ratio|idx:Min SD idx:Max SD
  150 ,   1501 : 4.3698022832380e+00 +(3e-01,2e+00) | 5.40e+01 |  3:6.2e-02  8:1.7e+00
  151 ,   1511 : 4.2601204268956e+00 +(3e-01,1e+00) | 5.43e+01 |  3:6.0e-02  8:1.6e+00
  152 ,   1521 : 4.3284389559553e+00 +(6e-01,1e+00) | 5.50e+01 |  3:6.0e-02  8:1.6e+00
  153 ,   1531 : 4.5174912829613e+00 +(2e-01,6e-01) | 5.45e+01 |  3:5.7e-02  8:1.5e+00
  154 ,   1541 : 4.4140073902324e+00 +(4e-01,3e+00) | 5.61e+01 |  3:5.4e-02  8:1.5e+00
  155 ,   1551 : 4.0180662719564e+00 +(5e-01,6e-01) | 5.79e+01 |  3:5.1e-02  8:1.4e+00
  156 ,   1561 : 4.2593183018037e+00 +(2e-01,5e-01) | 5.67e+01 |  3:5.0e-02  8:1.4e+00
  157 ,   1571 : 4.0125981027339e+00 +(5e-01,7e-01) | 5.68e+01 |  3:5.0e-02  8:1.4e+00
  158 ,   1581 : 4.0427560032788e+00 +(4e-01,1e+00) | 5.74e+01 |  3:4.9e-02  8:1.4e+00
  159 ,   1591 : 3.9253660402705e+00 +(4e-01,1e+00) | 5.89e+01 |  3:4.8e-02  8:1.4e+00
Iterat, #Fevals:   Function Value    (median,worst) |Axis Ratio|idx:Min SD idx:Max SD
  160 ,   1601 : 3.6974013452719e+00 +(7e-01,1e+00) | 6.02e+01 |  3:4.7e-02  8:1.5e+00
  161 ,   1611 : 3.6170083850703e+00 +(5e-01,1e+00) | 6.25e+01 |  3:4.8e-02  8:1.6e+00
  162 ,   1621 : 3.4373392647954e+00 +(8e-01,7e+00) | 6.44e+01 |  3:4.8e-02  8:1.7e+00
  163 ,   1631 : 3.2499638230886e+00 +(1e+00,3e+06) | 6.50e+01 |  3:4.9e-02  8:1.7e+00
  164 ,   1641 : 3.3620240452305e+00 +(7e-01,3e+00) | 6.65e+01 |  3:4.9e-02  8:1.7e+00
  165 ,   1651 : 3.3849032093394e+00 +(1e+00,2e+06) | 6.66e+01 |  3:4.6e-02  8:1.7e+00
  166 ,   1661 : 3.6795987179031e+00 +(2e+00,1e+01) | 6.64e+01 |  3:5.3e-02  8:1.8e+00
  167 ,   1671 : 3.2899175824244e+00 +(4e+00,5e+00) | 6.80e+01 |  3:5.3e-02  8:1.8e+00
  168 ,   1681 : 3.3774818330018e+00 +(5e-01,1e+00) | 6.78e+01 |  3:5.6e-02  8:1.9e+00
  169 ,   1691 : 3.4126169470561e+00 +(8e-01,9e+01) | 6.70e+01 |  3:5.0e-02  8:1.7e+00
Iterat, #Fevals:   Function Value    (median,worst) |Axis Ratio|idx:Min SD idx:Max SD
  170 ,   1701 : 3.3306464815633e+00 +(8e-01,2e+01) | 6.68e+01 |  3:4.4e-02  8:1.5e+00
  171 ,   1711 : 3.5230559648444e+00 +(2e+00,1e+01) | 6.57e+01 |  3:4.2e-02  8:1.4e+00
  172 ,   1721 : 3.3130681055337e+00 +(4e-01,4e+00) | 6.59e+01 |  3:3.9e-02  8:1.3e+00
  173 ,   1731 : 3.2692122894910e+00 +(1e+00,4e+00) | 6.49e+01 |  3:3.7e-02  8:1.2e+00
  174 ,   1741 : 3.2004828773114e+00 +(2e+00,5e+00) | 6.53e+01 |  3:3.5e-02  8:1.1e+00
  175 ,   1751 : 3.3669480973183e+00 +(2e-01,4e+00) | 6.51e+01 |  3:3.0e-02  8:9.7e-01
  176 ,   1761 : 3.3682774378737e+00 +(8e-01,4e+00) | 6.46e+01 |  3:2.7e-02  8:8.6e-01
  177 ,   1771 : 3.2786002289608e+00 +(4e-01,1e+00) | 6.50e+01 |  3:2.7e-02  8:8.8e-01
  178 ,   1781 : 3.3051755109954e+00 +(9e-01,3e+00) | 6.45e+01 |  3:2.4e-02  8:7.8e-01
  179 ,   1791 : 3.3556000079075e+00 +(3e-01,8e-01) | 6.79e+01 |  3:2.3e-02  8:7.9e-01
Iterat, #Fevals:   Function Value    (median,worst) |Axis Ratio|idx:Min SD idx:Max SD
  180 ,   1801 : 3.2573076266156e+00 +(5e-01,2e+00) | 6.85e+01 |  3:2.0e-02  8:7.0e-01
  181 ,   1811 : 3.2828073751928e+00 +(2e-01,9e-01) | 6.83e+01 |  3:2.0e-02  8:6.9e-01
  182 ,   1821 : 3.3742605907510e+00 +(3e-01,1e+00) | 6.92e+01 |  3:2.0e-02  8:7.0e-01
  183 ,   1831 : 3.3438807389501e+00 +(2e-01,4e+00) | 6.89e+01 |  3:1.9e-02  8:6.6e-01
  184 ,   1841 : 3.2793037023880e+00 +(2e-01,5e-01) | 6.84e+01 |  3:2.3e-02  8:7.1e-01
  185 ,   1851 : 3.3905694980014e+00 +(3e-01,3e+00) | 6.91e+01 |  3:2.3e-02  8:7.1e-01
  186 ,   1861 : 3.2229831475291e+00 +(4e-01,2e+00) | 6.90e+01 |  3:2.4e-02  8:7.2e-01
  187 ,   1871 : 3.3138881525600e+00 +(3e-01,2e+00) | 6.75e+01 |  3:2.5e-02  8:7.1e-01
  188 ,   1881 : 3.3953364177076e+00 +(1e-01,2e+01) | 6.75e+01 |  3:2.2e-02  8:6.2e-01
  189 ,   1891 : 3.2979929011018e+00 +(3e-01,4e+00) | 6.85e+01 |  3:2.1e-02  8:5.9e-01
Iterat, #Fevals:   Function Value    (median,worst) |Axis Ratio|idx:Min SD idx:Max SD
  190 ,   1901 : 3.2708975467724e+00 +(4e-01,1e+00) | 6.70e+01 |  3:2.0e-02  8:5.6e-01
  191 ,   1911 : 3.2417055517023e+00 +(6e-01,3e+00) | 6.72e+01 |  3:1.9e-02  8:5.5e-01
  192 ,   1921 : 3.1928658535016e+00 +(3e-01,7e+00) | 6.75e+01 |  3:1.9e-02  8:5.3e-01
  193 ,   1931 : 3.1629535226122e+00 +(3e-01,2e+00) | 6.72e+01 |  3:1.8e-02  8:5.0e-01
  194 ,   1941 : 3.2347804445970e+00 +(2e-01,2e+00) | 6.71e+01 |  3:1.7e-02  8:4.9e-01
  195 ,   1951 : 3.1335216847565e+00 +(4e-01,1e+00) | 6.68e+01 |  3:1.6e-02  8:4.6e-01
  196 ,   1961 : 3.0567482693680e+00 +(2e-01,2e+00) | 6.60e+01 |  3:1.6e-02  8:4.5e-01
  197 ,   1971 : 3.1508313318614e+00 +(8e-02,5e-01) | 6.64e+01 |  3:1.7e-02  8:4.7e-01
  198 ,   1981 : 3.1208642850935e+00 +(1e-01,6e-01) | 6.62e+01 |  3:1.6e-02  8:4.5e-01
  199 ,   1991 : 3.0901766012533e+00 +(8e-02,3e-01) | 6.70e+01 |  3:1.7e-02  8:4.7e-01
Iterat, #Fevals:   Function Value    (median,worst) |Axis Ratio|idx:Min SD idx:Max SD
  200 ,   2001 : 3.0530849365349e+00 +(4e-01,2e+00) | 6.75e+01 |  3:2.0e-02  8:5.3e-01
  201 ,   2011 : 3.0485891774020e+00 +(2e-01,1e+01) | 6.71e+01 |  3:2.0e-02  8:5.4e-01
  202 ,   2021 : 2.9950368093660e+00 +(2e-01,8e-01) | 6.61e+01 |  3:2.1e-02  8:5.4e-01
  203 ,   2031 : 3.0194759261687e+00 +(9e-02,1e+00) | 6.59e+01 |  3:2.1e-02  8:5.4e-01
  204 ,   2041 : 3.1417648738973e+00 +(3e-01,5e+00) | 6.59e+01 |  3:2.1e-02  8:5.4e-01
  205 ,   2051 : 3.0023781989192e+00 +(2e-01,1e+00) | 6.47e+01 |  3:2.1e-02  8:5.2e-01
  206 ,   2061 : 3.0242701941793e+00 +(3e-01,3e+00) | 6.41e+01 |  3:1.8e-02  8:4.6e-01
  207 ,   2071 : 2.9863432385188e+00 +(2e-01,2e+00) | 6.39e+01 |  3:1.7e-02  8:4.2e-01
  208 ,   2081 : 3.0278704760090e+00 +(2e-01,2e+00) | 6.31e+01 |  3:1.5e-02  8:3.8e-01
  209 ,   2091 : 2.9999829245399e+00 +(2e-01,7e-01) | 6.31e+01 |  3:1.3e-02  8:3.3e-01
Iterat, #Fevals:   Function Value    (median,worst) |Axis Ratio|idx:Min SD idx:Max SD
  210 ,   2101 : 3.0044073351512e+00 +(8e-02,6e-01) | 6.13e+01 |  3:1.3e-02  8:3.3e-01
  211 ,   2111 : 3.0153801359685e+00 +(4e-02,1e-01) | 5.93e+01 |  3:1.4e-02  8:3.3e-01
  212 ,   2121 : 3.0183301002747e+00 +(1e-01,2e-01) | 5.69e+01 |  3:1.4e-02  8:3.3e-01
  213 ,   2131 : 2.9837444738295e+00 +(1e-01,4e-01) | 5.59e+01 |  3:1.4e-02  8:3.2e-01
  214 ,   2141 : 2.9861508842340e+00 +(2e-01,1e+00) | 5.55e+01 |  3:1.2e-02  8:2.7e-01
  215 ,   2151 : 2.9909845980493e+00 +(2e-01,9e-01) | 5.41e+01 |  3:1.1e-02  8:2.4e-01
  216 ,   2161 : 2.9606194857577e+00 +(6e-02,6e-01) | 5.31e+01 |  3:9.7e-03  8:2.2e-01
  217 ,   2171 : 3.0115813588251e+00 +(7e-02,5e-01) | 5.22e+01 |  3:9.2e-03  8:2.1e-01
  218 ,   2181 : 2.9964923849940e+00 +(9e-02,4e-01) | 5.22e+01 |  3:8.7e-03  8:2.0e-01
  219 ,   2191 : 2.9806233600690e+00 +(7e-02,2e-01) | 5.22e+01 |  3:7.5e-03  8:1.7e-01
Iterat, #Fevals:   Function Value    (median,worst) |Axis Ratio|idx:Min SD idx:Max SD
  220 ,   2201 : 2.9753299590390e+00 +(8e-02,9e-02) | 5.32e+01 |  3:7.0e-03  8:1.6e-01
  221 ,   2211 : 2.9792160406937e+00 +(5e-02,2e-01) | 5.46e+01 |  3:6.5e-03  8:1.6e-01
  222 ,   2221 : 2.9639712101043e+00 +(3e-02,2e-01) | 5.41e+01 |  3:5.7e-03  8:1.4e-01
  223 ,   2231 : 2.9804441370090e+00 +(5e-02,2e-01) | 5.48e+01 |  3:5.3e-03  8:1.3e-01
  224 ,   2241 : 2.9809455896297e+00 +(1e-02,4e-02) | 5.43e+01 |  3:5.1e-03  8:1.2e-01
  225 ,   2251 : 2.9650148102508e+00 +(3e-02,1e-01) | 5.20e+01 |  3:5.9e-03  8:1.3e-01
  226 ,   2261 : 2.9682204566406e+00 +(2e-02,7e-02) | 5.14e+01 |  3:6.7e-03  8:1.4e-01
  227 ,   2271 : 2.9713742056169e+00 +(7e-03,2e-02) | 5.08e+01 |  3:7.1e-03  8:1.4e-01
  228 ,   2281 : 2.9676351186759e+00 +(4e-02,2e-01) | 5.00e+01 |  3:6.9e-03  8:1.4e-01
  229 ,   2291 : 2.9722445573332e+00 +(3e-02,8e-02) | 5.01e+01 |  3:6.9e-03  8:1.4e-01
Iterat, #Fevals:   Function Value    (median,worst) |Axis Ratio|idx:Min SD idx:Max SD
  230 ,   2301 : 2.9750693843974e+00 +(3e-02,2e-01) | 4.97e+01 |  3:6.9e-03  8:1.4e-01
  231 ,   2311 : 2.9762308460737e+00 +(3e-02,1e-01) | 4.90e+01 |  3:7.6e-03  8:1.4e-01
  232 ,   2321 : 2.9735668822949e+00 +(2e-02,2e-01) | 4.93e+01 |  3:7.5e-03  8:1.4e-01
  233 ,   2331 : 2.9751853299058e+00 +(4e-02,1e-01) | 4.86e+01 |  3:8.1e-03  8:1.4e-01
  234 ,   2341 : 2.9693826640917e+00 +(2e-02,1e-01) | 4.46e+01 |  3:8.8e-03  8:1.5e-01
  235 ,   2351 : 2.9646889888239e+00 +(2e-02,8e-02) | 4.38e+01 |  3:8.3e-03  8:1.4e-01
  236 ,   2361 : 2.9663776150166e+00 +(2e-02,8e-02) | 4.29e+01 |  3:7.9e-03  8:1.3e-01
  237 ,   2371 : 2.9734865858495e+00 +(3e-02,1e-01) | 4.25e+01 |  3:7.5e-03  8:1.3e-01
  238 ,   2381 : 2.9678974397695e+00 +(3e-02,8e-02) | 4.29e+01 |  3:7.2e-03  8:1.2e-01
  239 ,   2391 : 2.9601760682551e+00 +(2e-02,8e-02) | 4.26e+01 |  3:7.0e-03  8:1.2e-01
Iterat, #Fevals:   Function Value    (median,worst) |Axis Ratio|idx:Min SD idx:Max SD
  240 ,   2401 : 2.9700048207386e+00 +(9e-03,6e-02) | 4.25e+01 |  3:6.7e-03  8:1.1e-01
  241 ,   2411 : 2.9638961806372e+00 +(3e-02,1e-01) | 4.22e+01 |  3:6.8e-03  8:1.1e-01
  242 ,   2421 : 2.9688173080670e+00 +(2e-02,5e-02) | 4.17e+01 |  3:6.6e-03  8:1.1e-01
  243 ,   2431 : 2.9562111794837e+00 +(3e-02,6e-02) | 4.18e+01 |  3:6.2e-03  8:1.0e-01
  244 ,   2441 : 2.9710916620152e+00 +(7e-03,6e-02) | 4.15e+01 |  3:6.2e-03  8:1.0e-01
  245 ,   2451 : 2.9710628258079e+00 +(1e-02,7e-02) | 4.14e+01 |  3:5.9e-03  8:9.4e-02
  246 ,   2461 : 2.9667455423058e+00 +(2e-02,9e-02) | 4.05e+01 |  3:5.7e-03  8:9.0e-02
  247 ,   2471 : 2.9605304177037e+00 +(2e-02,1e-01) | 4.06e+01 |  3:5.5e-03  8:8.4e-02
  248 ,   2481 : 2.9647374450046e+00 +(1e-02,2e-02) | 4.08e+01 |  3:5.2e-03  8:7.9e-02
  249 ,   2491 : 2.9656877345967e+00 +(2e-02,1e-01) | 4.07e+01 |  3:4.7e-03  8:7.2e-02
Iterat, #Fevals:   Function Value    (median,worst) |Axis Ratio|idx:Min SD idx:Max SD
  250 ,   2501 : 2.9572683760438e+00 +(2e-02,3e-02) | 4.04e+01 |  3:4.4e-03  8:6.7e-02
  251 ,   2511 : 2.9597855763099e+00 +(2e-02,5e-02) | 4.49e+01 |  3:5.0e-03  8:8.0e-02
  252 ,   2521 : 2.9566627833069e+00 +(2e-02,4e-02) | 4.58e+01 |  3:5.0e-03  8:7.8e-02
  253 ,   2531 : 2.9640189207026e+00 +(2e-02,5e-02) | 4.61e+01 |  3:4.4e-03  8:7.0e-02
  254 ,   2541 : 2.9672813669009e+00 +(8e-03,2e-02) | 4.67e+01 |  3:4.1e-03  8:6.4e-02
  255 ,   2551 : 2.9649107633655e+00 +(6e-03,2e-02) | 4.71e+01 |  3:3.8e-03  8:6.0e-02
  256 ,   2561 : 2.9615397895542e+00 +(1e-02,2e-02) | 4.73e+01 |  3:3.7e-03  8:5.8e-02
  257 ,   2571 : 2.9656738353183e+00 +(9e-03,2e-02) | 4.77e+01 |  3:3.8e-03  8:5.8e-02
  258 ,   2581 : 2.9646557253504e+00 +(4e-03,2e-02) | 4.68e+01 |  3:3.7e-03  8:5.6e-02
  259 ,   2591 : 2.9649041474369e+00 +(5e-03,2e-02) | 4.63e+01 |  3:3.4e-03  8:5.1e-02
Iterat, #Fevals:   Function Value    (median,worst) |Axis Ratio|idx:Min SD idx:Max SD
  260 ,   2601 : 2.9644426220773e+00 +(5e-03,1e-02) | 4.62e+01 |  3:3.2e-03  8:4.8e-02
  261 ,   2611 : 2.9632397922437e+00 +(6e-03,2e-02) | 4.61e+01 |  3:3.0e-03  8:4.4e-02
  262 ,   2621 : 2.9652724781192e+00 +(2e-03,1e-02) | 4.63e+01 |  3:2.8e-03  8:4.3e-02
  263 ,   2631 : 2.9666843760734e+00 +(3e-03,9e-03) | 4.68e+01 |  3:2.7e-03  8:4.0e-02
  264 ,   2641 : 2.9642815871135e+00 +(9e-03,2e-02) | 4.78e+01 |  3:2.7e-03  8:4.0e-02
  265 ,   2651 : 2.9643212715769e+00 +(5e-03,1e-02) | 4.70e+01 |  3:2.8e-03  8:3.9e-02
  266 ,   2661 : 2.9647475681226e+00 +(4e-03,1e-02) | 4.74e+01 |  2:2.7e-03  8:3.8e-02
  267 ,   2671 : 2.9668219192819e+00 +(5e-03,1e-02) | 4.73e+01 |  3:2.5e-03  8:3.6e-02
  268 ,   2681 : 2.9650706100290e+00 +(4e-03,2e-02) | 4.86e+01 |  2:2.4e-03  8:3.5e-02
  269 ,   2691 : 2.9625309643023e+00 +(6e-03,1e-02) | 4.86e+01 |  2:2.5e-03  8:3.5e-02
Iterat, #Fevals:   Function Value    (median,worst) |Axis Ratio|idx:Min SD idx:Max SD
  270 ,   2701 : 2.9657442513914e+00 +(4e-03,2e-02) | 4.85e+01 |  2:2.6e-03  8:3.5e-02
  271 ,   2711 : 2.9644076498036e+00 +(4e-03,1e-02) | 5.00e+01 |  2:2.6e-03  8:3.6e-02
  272 ,   2721 : 2.9565761768999e+00 +(1e-02,2e-02) | 5.02e+01 |  2:2.3e-03  8:3.2e-02
  273 ,   2731 : 2.9604519416520e+00 +(8e-03,3e-02) | 5.04e+01 |  2:2.1e-03  8:3.0e-02
  274 ,   2741 : 2.9627214469477e+00 +(7e-03,1e-02) | 5.09e+01 |  2:2.0e-03  8:2.7e-02
  275 ,   2751 : 2.9658900275235e+00 +(4e-03,6e-03) | 4.90e+01 |  2:1.9e-03  8:2.6e-02
  276 ,   2761 : 2.9584906696199e+00 +(1e-02,3e-02) | 4.95e+01 |  2:2.0e-03  8:2.7e-02
  277 ,   2771 : 2.9585026112598e+00 +(1e-02,2e-02) | 4.93e+01 |  2:2.0e-03  8:2.7e-02
  278 ,   2781 : 2.9679300672547e+00 +(4e-03,2e-02) | 4.77e+01 |  2:2.0e-03  8:2.7e-02
  279 ,   2791 : 2.9629029065538e+00 +(6e-03,1e-02) | 4.83e+01 |  3:2.1e-03  8:2.7e-02
Iterat, #Fevals:   Function Value    (median,worst) |Axis Ratio|idx:Min SD idx:Max SD
  280 ,   2801 : 2.9623857944528e+00 +(7e-03,1e-02) | 4.95e+01 |  3:2.1e-03  8:2.7e-02
  281 ,   2811 : 2.9638071351557e+00 +(6e-03,1e-02) | 4.84e+01 |  2:2.2e-03  8:2.7e-02
  282 ,   2821 : 2.9643264122745e+00 +(2e-03,1e-02) | 4.75e+01 |  2:2.4e-03  8:3.0e-02
  283 ,   2831 : 2.9647668504383e+00 +(7e-03,2e-02) | 4.75e+01 |  2:2.4e-03  8:2.9e-02
  284 ,   2841 : 2.9640896953128e+00 +(4e-03,1e-02) | 4.80e+01 |  2:2.1e-03  8:2.6e-02
  285 ,   2851 : 2.9574959049309e+00 +(1e-02,2e-02) | 4.86e+01 |  2:2.1e-03  8:2.6e-02
  286 ,   2861 : 2.9622023951129e+00 +(5e-03,1e-02) | 4.83e+01 |  2:1.9e-03  8:2.4e-02
  287 ,   2871 : 2.9612702663252e+00 +(1e-02,1e-02) | 4.94e+01 |  2:1.7e-03  8:2.2e-02
  288 ,   2881 : 2.9609340160801e+00 +(5e-03,2e-02) | 4.96e+01 |  2:1.6e-03  8:2.1e-02
  289 ,   2891 : 2.9653878995426e+00 +(3e-03,1e-02) | 5.10e+01 |  2:1.6e-03  8:2.1e-02
Iterat, #Fevals:   Function Value    (median,worst) |Axis Ratio|idx:Min SD idx:Max SD
  290 ,   2901 : 2.9640169534728e+00 +(3e-03,9e-03) | 5.13e+01 |  2:1.6e-03  8:2.1e-02
  291 ,   2911 : 2.9662594155085e+00 +(3e-03,8e-03) | 5.10e+01 |  2:1.7e-03  8:2.1e-02
  292 ,   2921 : 2.9653098153224e+00 +(6e-03,9e-03) | 5.30e+01 |  2:1.8e-03  8:2.2e-02
  293 ,   2931 : 2.9617931796377e+00 +(6e-03,1e-02) | 5.31e+01 |  2:1.7e-03  8:2.1e-02
  294 ,   2941 : 2.9655176373956e+00 +(2e-03,1e-02) | 5.19e+01 |  2:1.7e-03  8:2.1e-02
  295 ,   2951 : 2.9616932409661e+00 +(6e-03,1e-02) | 5.20e+01 |  2:1.7e-03  8:2.0e-02
  296 ,   2961 : 2.9654418614179e+00 +(4e-03,1e-02) | 5.25e+01 |  2:1.7e-03  8:2.0e-02
  297 ,   2971 : 2.9643950670146e+00 +(9e-03,1e-02) | 5.26e+01 |  2:1.7e-03  8:2.0e-02
  298 ,   2981 : 2.9594419974316e+00 +(9e-03,1e-02) | 5.25e+01 |  2:1.6e-03  8:1.9e-02
  299 ,   2991 : 2.9554884966109e+00 +(1e-02,2e-02) | 5.36e+01 |  2:1.7e-03  8:2.0e-02
Iterat, #Fevals:   Function Value    (median,worst) |Axis Ratio|idx:Min SD idx:Max SD
  300 ,   3001 : 2.9592310798869e+00 +(1e-02,2e-02) | 5.36e+01 |  2:1.8e-03  8:2.2e-02
  301 ,   3011 : 2.9675542122192e+00 +(3e-03,1e-02) | 5.41e+01 |  2:2.1e-03  8:2.6e-02
  302 ,   3021 : 2.9573262182904e+00 +(1e-02,2e-02) | 5.35e+01 |  2:2.1e-03  8:2.5e-02
  303 ,   3031 : 2.9650015750680e+00 +(6e-03,1e-02) | 5.28e+01 |  2:2.2e-03  8:2.5e-02
  304 ,   3041 : 2.9650247041953e+00 +(4e-03,9e-03) | 5.59e+01 |  2:2.6e-03  8:2.8e-02
  305 ,   3051 : 2.9654983587046e+00 +(2e-03,1e-02) | 5.64e+01 |  2:2.6e-03  8:2.8e-02
  306 ,   3061 : 2.9647760108106e+00 +(4e-03,1e-02) | 5.68e+01 |  2:2.7e-03  8:2.8e-02
  307 ,   3071 : 2.9633105781497e+00 +(7e-03,2e-02) | 5.68e+01 |  3:2.5e-03  8:2.6e-02
  308 ,   3081 : 2.9639621921056e+00 +(3e-03,1e-02) | 5.66e+01 |  3:2.4e-03  8:2.5e-02
  309 ,   3091 : 2.9619064972427e+00 +(7e-03,2e-02) | 5.78e+01 |  3:2.8e-03  8:2.8e-02
Iterat, #Fevals:   Function Value    (median,worst) |Axis Ratio|idx:Min SD idx:Max SD
  310 ,   3101 : 2.9637290150590e+00 +(6e-03,2e-02) | 5.66e+01 |  3:3.1e-03  8:3.1e-02
  311 ,   3111 : 2.9645455874883e+00 +(5e-03,2e-02) | 5.54e+01 |  3:3.5e-03  8:3.5e-02
  312 ,   3121 : 2.9632984201695e+00 +(7e-03,1e-02) | 5.52e+01 |  3:3.5e-03  8:3.4e-02
  313 ,   3131 : 2.9576637482618e+00 +(1e-02,2e-02) | 5.46e+01 |  3:3.4e-03  8:3.3e-02
  314 ,   3141 : 2.9625978676594e+00 +(7e-03,1e-02) | 5.41e+01 |  3:3.4e-03  8:3.2e-02
  315 ,   3151 : 2.9657298394415e+00 +(4e-03,1e-02) | 5.29e+01 |  3:3.2e-03  8:3.1e-02
  316 ,   3161 : 2.9639403444868e+00 +(7e-03,1e-02) | 5.23e+01 |  3:3.1e-03  8:3.0e-02
  317 ,   3171 : 2.9592337575080e+00 +(9e-03,2e-02) | 5.39e+01 |  3:3.4e-03  8:3.2e-02
  318 ,   3181 : 2.9631715485773e+00 +(7e-03,1e-02) | 5.42e+01 |  3:3.5e-03  8:3.3e-02
  319 ,   3191 : 2.9647965483962e+00 +(5e-03,1e-02) | 5.45e+01 |  3:3.7e-03  8:3.4e-02
Iterat, #Fevals:   Function Value    (median,worst) |Axis Ratio|idx:Min SD idx:Max SD
  320 ,   3201 : 2.9634234121111e+00 +(8e-03,2e-02) | 5.39e+01 |  3:3.5e-03  8:3.2e-02
  321 ,   3211 : 2.9642475649062e+00 +(3e-03,6e-03) | 5.33e+01 |  2:3.6e-03  8:3.1e-02
  322 ,   3221 : 2.9635456134493e+00 +(5e-03,1e-02) | 5.47e+01 |  2:3.7e-03  8:3.1e-02
  323 ,   3231 : 2.9626152669603e+00 +(5e-03,1e-02) | 5.49e+01 |  2:3.4e-03  8:2.8e-02
  324 ,   3241 : 2.9649470560273e+00 +(5e-03,1e-02) | 5.60e+01 |  2:3.1e-03  8:2.6e-02
  325 ,   3251 : 2.9641125464492e+00 +(4e-03,1e-02) | 5.65e+01 |  2:3.3e-03  8:2.7e-02
  326 ,   3261 : 2.9633361747920e+00 +(7e-03,1e-02) | 5.71e+01 |  2:3.4e-03  8:2.9e-02
  327 ,   3271 : 2.9638989075415e+00 +(6e-03,2e-02) | 6.06e+01 |  2:3.6e-03  8:3.0e-02
  328 ,   3281 : 2.9641839804305e+00 +(4e-03,9e-03) | 6.17e+01 |  2:3.8e-03  8:3.2e-02
  329 ,   3291 : 2.9641313881977e+00 +(9e-03,1e-02) | 6.17e+01 |  2:3.6e-03  8:3.0e-02
Iterat, #Fevals:   Function Value    (median,worst) |Axis Ratio|idx:Min SD idx:Max SD
  330 ,   3301 : 2.9675232395638e+00 +(1e-03,1e-02) | 6.20e+01 |  2:3.5e-03  8:2.9e-02
  331 ,   3311 : 2.9683896331288e+00 +(5e-03,1e-02) | 6.14e+01 |  2:3.2e-03  8:2.7e-02
  332 ,   3321 : 2.9652624496545e+00 +(6e-03,1e-02) | 6.13e+01 |  2:3.2e-03  8:2.6e-02
  333 ,   3331 : 2.9642593140871e+00 +(9e-03,1e-02) | 5.97e+01 |  2:3.1e-03  8:2.5e-02
  334 ,   3341 : 2.9655473949040e+00 +(5e-03,2e-02) | 5.76e+01 |  2:3.2e-03  8:2.6e-02
  335 ,   3351 : 2.9632171993997e+00 +(6e-03,1e-02) | 5.50e+01 |  2:3.0e-03  8:2.5e-02
  336 ,   3361 : 2.9569363264894e+00 +(2e-02,3e-02) | 5.50e+01 |  2:2.9e-03  8:2.3e-02
  337 ,   3371 : 2.9644169217350e+00 +(7e-03,1e-02) | 5.52e+01 |  2:2.6e-03  8:2.1e-02
  338 ,   3381 : 2.9642625917814e+00 +(5e-03,1e-02) | 5.57e+01 |  2:2.5e-03  8:2.0e-02
  339 ,   3391 : 2.9630780148654e+00 +(8e-03,2e-02) | 5.50e+01 |  2:2.7e-03  8:2.3e-02
Iterat, #Fevals:   Function Value    (median,worst) |Axis Ratio|idx:Min SD idx:Max SD
  340 ,   3401 : 2.9590926415022e+00 +(1e-02,2e-02) | 5.51e+01 |  2:2.7e-03  8:2.2e-02
  341 ,   3411 : 2.9669689136762e+00 +(6e-03,9e-03) | 5.40e+01 |  2:2.9e-03  8:2.4e-02
  342 ,   3421 : 2.9668130948803e+00 +(2e-03,8e-03) | 5.50e+01 |  2:2.8e-03  8:2.3e-02
  343 ,   3431 : 2.9564799948365e+00 +(1e-02,2e-02) | 5.49e+01 |  2:2.6e-03  8:2.2e-02
  344 ,   3441 : 2.9646184216079e+00 +(4e-03,1e-02) | 5.53e+01 |  2:2.6e-03  8:2.2e-02
  345 ,   3451 : 2.9652439628840e+00 +(3e-03,1e-02) | 5.42e+01 |  2:2.4e-03  8:2.1e-02
  346 ,   3461 : 2.9635979674313e+00 +(4e-03,1e-02) | 5.49e+01 |  2:2.4e-03  8:2.1e-02
  347 ,   3471 : 2.9628249909465e+00 +(4e-03,1e-02) | 5.50e+01 |  2:2.3e-03  8:2.1e-02
  348 ,   3481 : 2.9643275823320e+00 +(4e-03,1e-02) | 5.47e+01 |  2:2.2e-03  8:1.9e-02
  349 ,   3491 : 2.9639582153883e+00 +(5e-03,1e-02) | 5.41e+01 |  2:2.0e-03  8:1.8e-02
Iterat, #Fevals:   Function Value    (median,worst) |Axis Ratio|idx:Min SD idx:Max SD
  350 ,   3501 : 2.9631546222804e+00 +(5e-03,9e-03) | 5.25e+01 |  2:2.0e-03  8:1.8e-02
  351 ,   3511 : 2.9647338616062e+00 +(4e-03,1e-02) | 5.28e+01 |  2:1.8e-03  8:1.6e-02
  352 ,   3521 : 2.9633970102846e+00 +(5e-03,1e-02) | 5.34e+01 |  2:1.7e-03  8:1.4e-02
  353 ,   3531 : 2.9645905851589e+00 +(2e-03,5e-03) | 5.30e+01 |  2:1.4e-03  8:1.2e-02
  354 ,   3541 : 2.9649320904027e+00 +(5e-03,1e-02) | 5.34e+01 |  2:1.3e-03  8:1.2e-02
  355 ,   3551 : 2.9630631742644e+00 +(7e-03,1e-02) | 5.46e+01 |  2:1.3e-03  8:1.2e-02
  356 ,   3561 : 2.9627422222551e+00 +(5e-03,1e-02) | 5.54e+01 |  2:1.3e-03  8:1.2e-02
  357 ,   3571 : 2.9628693685168e+00 +(6e-03,1e-02) | 5.77e+01 |  2:1.3e-03  8:1.3e-02
  358 ,   3581 : 2.9608682209601e+00 +(1e-02,2e-02) | 5.79e+01 |  2:1.2e-03  8:1.1e-02
  359 ,   3591 : 2.9652120899424e+00 +(2e-03,2e-02) | 5.81e+01 |  2:1.2e-03  8:1.1e-02
Iterat, #Fevals:   Function Value    (median,worst) |Axis Ratio|idx:Min SD idx:Max SD
  360 ,   3601 : 2.9657353879374e+00 +(2e-03,9e-03) | 5.84e+01 |  2:1.1e-03  8:1.1e-02
  361 ,   3611 : 2.9636235895850e+00 +(3e-03,2e-02) | 5.86e+01 |  2:1.1e-03  8:1.0e-02
  362 ,   3621 : 2.9652127347284e+00 +(5e-03,1e-02) | 5.88e+01 |  2:1.0e-03  8:9.7e-03
  363 ,   3631 : 2.9655470101179e+00 +(3e-03,8e-03) | 5.74e+01 |  2:1.1e-03  8:9.9e-03
  364 ,   3641 : 2.9655900847522e+00 +(1e-03,5e-03) | 5.71e+01 |  2:1.3e-03  8:1.1e-02
  365 ,   3651 : 2.9671647030163e+00 +(3e-03,8e-03) | 5.63e+01 |  2:1.2e-03  8:1.1e-02
  366 ,   3661 : 2.9656925614274e+00 +(5e-03,9e-03) | 5.68e+01 |  2:1.1e-03  8:9.9e-03
  367 ,   3671 : 2.9656503970902e+00 +(4e-03,2e-02) | 5.66e+01 |  2:1.2e-03  8:1.0e-02
  368 ,   3681 : 2.9652202960026e+00 +(5e-03,1e-02) | 5.41e+01 |  2:1.1e-03  8:1.0e-02
  369 ,   3691 : 2.9645638003159e+00 +(6e-03,1e-02) | 5.42e+01 |  2:1.2e-03  8:1.1e-02
Iterat, #Fevals:   Function Value    (median,worst) |Axis Ratio|idx:Min SD idx:Max SD
  370 ,   3701 : 2.9642674802302e+00 +(5e-03,9e-03) | 5.49e+01 |  2:1.4e-03  8:1.2e-02
  371 ,   3711 : 2.9650338557640e+00 +(5e-03,9e-03) | 5.29e+01 |  2:1.5e-03  8:1.3e-02
  372 ,   3721 : 2.9632864128683e+00 +(6e-03,1e-02) | 5.29e+01 |  2:1.4e-03  8:1.2e-02
  373 ,   3731 : 2.9634890509121e+00 +(4e-03,1e-02) | 5.27e+01 |  2:1.4e-03  8:1.2e-02
  374 ,   3741 : 2.9649513906617e+00 +(5e-03,1e-02) | 5.24e+01 |  2:1.3e-03  8:1.1e-02
  375 ,   3751 : 2.9639118293060e+00 +(6e-03,1e-02) | 5.23e+01 |  2:1.2e-03  8:1.1e-02
  376 ,   3761 : 2.9638843650129e+00 +(2e-03,1e-02) | 5.36e+01 |  2:1.1e-03  8:9.9e-03
  377 ,   3771 : 2.9632052016868e+00 +(7e-03,1e-02) | 5.66e+01 |  2:1.0e-03  8:9.2e-03
  378 ,   3781 : 2.9637032125024e+00 +(4e-03,1e-02) | 5.78e+01 |  2:9.7e-04  8:8.9e-03
  379 ,   3791 : 2.9645805236483e+00 +(3e-03,8e-03) | 5.96e+01 |  2:9.5e-04  8:9.3e-03
Iterat, #Fevals:   Function Value    (median,worst) |Axis Ratio|idx:Min SD idx:Max SD
  380 ,   3801 : 2.9590952273365e+00 +(9e-03,2e-02) | 5.93e+01 |  2:8.7e-04  8:8.4e-03
  381 ,   3811 : 2.9644777867279e+00 +(4e-03,1e-02) | 5.90e+01 |  2:7.2e-04  8:7.0e-03
  382 ,   3821 : 2.9633748493186e+00 +(6e-03,1e-02) | 5.91e+01 |  2:6.9e-04  8:6.6e-03
  383 ,   3831 : 2.9632353546642e+00 +(6e-03,9e-03) | 5.99e+01 |  2:6.8e-04  8:6.7e-03
  384 ,   3841 : 2.9628003995547e+00 +(5e-03,1e-02) | 6.09e+01 |  2:6.4e-04  8:6.3e-03
  385 ,   3851 : 2.9587586562526e+00 +(1e-02,1e-02) | 6.20e+01 |  2:6.1e-04  8:6.3e-03
  386 ,   3861 : 2.9646388936479e+00 +(5e-03,9e-03) | 6.73e+01 |  2:6.4e-04  8:6.9e-03
  387 ,   3871 : 2.9615068808624e+00 +(5e-03,1e-02) | 6.85e+01 |  2:6.1e-04  8:6.7e-03
  388 ,   3881 : 2.9637575621523e+00 +(3e-03,1e-02) | 6.94e+01 |  2:6.2e-04  8:7.0e-03
  389 ,   3891 : 2.9659710495608e+00 +(5e-03,9e-03) | 6.93e+01 |  2:5.9e-04  8:6.7e-03
Iterat, #Fevals:   Function Value    (median,worst) |Axis Ratio|idx:Min SD idx:Max SD
  390 ,   3901 : 2.9601853944653e+00 +(5e-03,1e-02) | 6.96e+01 |  2:5.6e-04  8:6.4e-03
  391 ,   3911 : 2.9633025777443e+00 +(3e-03,1e-02) | 7.18e+01 |  2:5.5e-04  8:6.5e-03
  392 ,   3921 : 2.9646397543173e+00 +(6e-03,1e-02) | 7.16e+01 |  2:5.6e-04  8:6.4e-03
  393 ,   3931 : 2.9625210687936e+00 +(3e-03,2e-02) | 7.19e+01 |  2:5.7e-04  8:6.5e-03
  394 ,   3941 : 2.9632119262861e+00 +(6e-03,1e-02) | 7.24e+01 |  2:5.9e-04  8:6.7e-03
  395 ,   3951 : 2.9654156108907e+00 +(3e-03,1e-02) | 7.18e+01 |  2:6.1e-04  8:6.8e-03
  396 ,   3961 : 2.9644294892380e+00 +(4e-03,9e-03) | 7.36e+01 |  2:6.2e-04  8:6.7e-03
  397 ,   3971 : 2.9635806632149e+00 +(5e-03,1e-02) | 7.50e+01 |  2:5.8e-04  8:6.4e-03
  398 ,   3981 : 2.9632238009192e+00 +(6e-03,1e-02) | 7.45e+01 |  2:5.6e-04  8:6.1e-03
  399 ,   3991 : 2.9626512174461e+00 +(4e-03,1e-02) | 7.25e+01 |  2:5.3e-04  8:5.7e-03
Iterat, #Fevals:   Function Value    (median,worst) |Axis Ratio|idx:Min SD idx:Max SD
  400 ,   4001 : 2.9635947876405e+00 +(3e-03,1e-02) | 7.21e+01 |  2:5.1e-04  8:5.5e-03
  401 ,   4011 : 2.9629878849369e+00 +(4e-03,1e-02) | 7.22e+01 |  2:5.0e-04  8:5.3e-03
  402 ,   4021 : 2.9648937196121e+00 +(7e-03,1e-02) | 7.18e+01 |  2:5.3e-04  8:5.4e-03
  403 ,   4031 : 2.9628976079470e+00 +(3e-03,1e-02) | 7.20e+01 |  3:4.6e-04  8:4.7e-03
  404 ,   4041 : 2.9646221029726e+00 +(2e-03,1e-02) | 7.22e+01 |  3:4.5e-04  8:4.5e-03
  405 ,   4051 : 2.9642898369507e+00 +(3e-03,8e-03) | 7.25e+01 |  2:4.2e-04  8:4.3e-03
  406 ,   4061 : 2.9620414769644e+00 +(5e-03,1e-02) | 7.43e+01 |  2:4.2e-04  8:4.3e-03
  407 ,   4071 : 2.9653666394676e+00 +(3e-03,9e-03) | 7.62e+01 |  3:3.9e-04  8:4.1e-03
  408 ,   4081 : 2.9640343690114e+00 +(3e-03,1e-02) | 7.76e+01 |  2:3.9e-04  8:4.2e-03
  409 ,   4091 : 2.9625843311602e+00 +(5e-03,9e-03) | 7.84e+01 |  2:3.6e-04  8:4.0e-03
Iterat, #Fevals:   Function Value    (median,worst) |Axis Ratio|idx:Min SD idx:Max SD
  410 ,   4101 : 2.9638963898429e+00 +(7e-03,2e-02) | 7.92e+01 |  2:3.1e-04  8:3.4e-03
  411 ,   4111 : 2.9622938816299e+00 +(5e-03,8e-03) | 7.93e+01 |  2:3.0e-04  8:3.3e-03
  412 ,   4121 : 2.9670159872842e+00 +(2e-03,2e-02) | 7.84e+01 |  2:2.8e-04  8:3.1e-03
  413 ,   4131 : 2.9602870078808e+00 +(7e-03,1e-02) | 7.85e+01 |  2:2.9e-04  8:3.2e-03
  414 ,   4141 : 2.9628792543868e+00 +(4e-03,9e-03) | 7.83e+01 |  2:3.0e-04  8:3.3e-03
  415 ,   4151 : 2.9637620492680e+00 +(5e-03,1e-02) | 7.79e+01 |  2:2.7e-04  8:3.1e-03
  416 ,   4161 : 2.9664100568494e+00 +(3e-03,1e-02) | 7.79e+01 |  2:2.7e-04  8:3.1e-03
  417 ,   4171 : 2.9622810887557e+00 +(8e-03,1e-02) | 7.97e+01 |  2:3.0e-04  8:3.5e-03
  418 ,   4181 : 2.9607090656231e+00 +(5e-03,2e-02) | 7.83e+01 |  2:3.1e-04  8:3.5e-03
  419 ,   4191 : 2.9613856717353e+00 +(6e-03,1e-02) | 7.83e+01 |  2:3.0e-04  8:3.5e-03
Iterat, #Fevals:   Function Value    (median,worst) |Axis Ratio|idx:Min SD idx:Max SD
  420 ,   4201 : 2.9639032473292e+00 +(5e-03,1e-02) | 7.76e+01 |  2:2.9e-04  8:3.4e-03
  421 ,   4211 : 2.9650194579668e+00 +(4e-03,2e-02) | 7.75e+01 |  2:2.9e-04  8:3.5e-03
  422 ,   4221 : 2.9617297220801e+00 +(6e-03,1e-02) | 7.76e+01 |  2:3.0e-04  8:3.6e-03
  423 ,   4231 : 2.9636417548544e+00 +(3e-03,1e-02) | 7.82e+01 |  2:2.7e-04  8:3.4e-03
  424 ,   4241 : 2.9656641123595e+00 +(3e-03,1e-02) | 8.07e+01 |  2:2.6e-04  8:3.4e-03
  425 ,   4251 : 2.9653540192253e+00 +(5e-03,1e-02) | 8.18e+01 |  2:2.6e-04  8:3.3e-03
  426 ,   4261 : 2.9638596132516e+00 +(4e-03,9e-03) | 8.25e+01 |  2:2.4e-04  8:3.1e-03
  427 ,   4271 : 2.9613856649884e+00 +(6e-03,1e-02) | 8.21e+01 |  2:2.1e-04  8:2.7e-03
  428 ,   4281 : 2.9637524831933e+00 +(5e-03,2e-02) | 8.16e+01 |  2:2.2e-04  8:2.6e-03
  429 ,   4291 : 2.9577946185709e+00 +(1e-02,2e-02) | 8.17e+01 |  2:2.0e-04  8:2.4e-03
Iterat, #Fevals:   Function Value    (median,worst) |Axis Ratio|idx:Min SD idx:Max SD
  430 ,   4301 : 2.9646448677433e+00 +(2e-03,7e-03) | 8.49e+01 |  2:2.0e-04  8:2.4e-03
  431 ,   4311 : 2.9676837880864e+00 +(5e-03,2e-02) | 8.73e+01 |  2:2.0e-04  8:2.4e-03
  432 ,   4321 : 2.9624815526370e+00 +(4e-03,1e-02) | 8.94e+01 |  2:1.9e-04  8:2.4e-03
  433 ,   4331 : 2.9600343552210e+00 +(5e-03,1e-02) | 8.69e+01 |  2:2.0e-04  8:2.5e-03
  434 ,   4341 : 2.9631577505144e+00 +(5e-03,9e-03) | 8.41e+01 |  2:2.0e-04  8:2.6e-03
  435 ,   4351 : 2.9656240994989e+00 +(4e-03,9e-03) | 8.31e+01 |  2:2.2e-04  8:2.8e-03
  436 ,   4361 : 2.9640270714818e+00 +(3e-03,1e-02) | 8.38e+01 |  2:2.4e-04  8:3.1e-03
  437 ,   4371 : 2.9637218105808e+00 +(5e-03,9e-03) | 8.48e+01 |  2:2.5e-04  8:3.4e-03
  438 ,   4381 : 2.9621342599289e+00 +(4e-03,1e-02) | 8.31e+01 |  2:2.6e-04  8:3.5e-03
  439 ,   4391 : 2.9623175410086e+00 +(5e-03,1e-02) | 8.15e+01 |  2:2.7e-04  8:3.5e-03
Iterat, #Fevals:   Function Value    (median,worst) |Axis Ratio|idx:Min SD idx:Max SD
  440 ,   4401 : 2.9639362093652e+00 +(1e-03,9e-03) | 8.31e+01 |  2:2.6e-04  8:3.4e-03
  441 ,   4411 : 2.9647233549801e+00 +(4e-03,1e-02) | 8.42e+01 |  2:2.7e-04  8:3.5e-03
  442 ,   4421 : 2.9621037964008e+00 +(4e-03,9e-03) | 8.35e+01 |  2:2.6e-04  8:3.4e-03
  443 ,   4431 : 2.9600599707119e+00 +(6e-03,1e-02) | 8.56e+01 |  2:2.8e-04  8:3.8e-03
  444 ,   4441 : 2.9620144882238e+00 +(7e-03,1e-02) | 8.78e+01 |  2:3.2e-04  8:4.5e-03
  445 ,   4451 : 2.9634057543722e+00 +(3e-03,9e-03) | 8.58e+01 |  2:4.0e-04  8:5.4e-03
  446 ,   4461 : 2.9642251435308e+00 +(5e-03,1e-02) | 8.57e+01 |  3:4.3e-04  8:5.8e-03
  447 ,   4471 : 2.9638728484637e+00 +(5e-03,1e-02) | 8.67e+01 |  2:4.3e-04  8:5.8e-03
  448 ,   4481 : 2.9667876713217e+00 +(5e-03,9e-03) | 8.49e+01 |  2:4.6e-04  8:6.0e-03
  449 ,   4491 : 2.9630390214358e+00 +(5e-03,1e-02) | 8.49e+01 |  2:4.4e-04  8:5.8e-03
Iterat, #Fevals:   Function Value    (median,worst) |Axis Ratio|idx:Min SD idx:Max SD
  450 ,   4501 : 2.9653262135061e+00 +(2e-03,7e-03) | 8.48e+01 |  2:3.9e-04  8:5.2e-03
  451 ,   4511 : 2.9603635804512e+00 +(6e-03,2e-02) | 8.14e+01 |  2:3.7e-04  8:5.0e-03
  452 ,   4521 : 2.9650442794581e+00 +(5e-03,1e-02) | 8.23e+01 |  2:3.6e-04  8:4.9e-03
  453 ,   4531 : 2.9587487390684e+00 +(7e-03,1e-02) | 8.63e+01 |  2:3.7e-04  8:5.3e-03
  454 ,   4541 : 2.9595886462966e+00 +(9e-03,1e-02) | 8.74e+01 |  2:3.3e-04  8:4.8e-03
  455 ,   4551 : 2.9626345051708e+00 +(4e-03,1e-02) | 9.38e+01 |  2:3.5e-04  8:5.2e-03
  456 ,   4561 : 2.9645410534777e+00 +(3e-03,1e-02) | 9.61e+01 |  2:3.2e-04  8:5.0e-03
  457 ,   4571 : 2.9630261711352e+00 +(3e-03,1e-02) | 9.76e+01 |  2:3.0e-04  8:4.6e-03
  458 ,   4581 : 2.9642993671205e+00 +(4e-03,8e-03) | 9.80e+01 |  2:2.9e-04  8:4.4e-03
  459 ,   4591 : 2.9636889315204e+00 +(4e-03,1e-02) | 9.89e+01 |  2:2.6e-04  8:4.0e-03
Iterat, #Fevals:   Function Value    (median,worst) |Axis Ratio|idx:Min SD idx:Max SD
  460 ,   4601 : 2.9629763066204e+00 +(5e-03,1e-02) | 9.89e+01 |  2:2.7e-04  8:4.1e-03
  461 ,   4611 : 2.9650221519624e+00 +(5e-03,1e-02) | 9.72e+01 |  2:2.8e-04  8:4.1e-03
  462 ,   4621 : 2.9636458248915e+00 +(3e-03,2e-02) | 1.00e+02 |  2:2.7e-04  8:4.0e-03
  463 ,   4631 : 2.9644534672875e+00 +(5e-03,2e-02) | 9.80e+01 |  2:2.7e-04  8:4.0e-03
  464 ,   4641 : 2.9650631492488e+00 +(4e-03,8e-03) | 9.82e+01 |  2:2.7e-04  8:3.9e-03
  465 ,   4651 : 2.9643519802101e+00 +(6e-03,1e-02) | 9.87e+01 |  2:2.4e-04  8:3.4e-03
  466 ,   4661 : 2.9629991598434e+00 +(6e-03,1e-02) | 9.92e+01 |  2:2.4e-04  8:3.4e-03
  467 ,   4671 : 2.9620876919974e+00 +(5e-03,1e-02) | 1.01e+02 |  2:2.7e-04  8:3.9e-03
  468 ,   4681 : 2.9622187254441e+00 +(6e-03,1e-02) | 1.00e+02 |  2:2.9e-04  8:4.2e-03
  469 ,   4691 : 2.9633950601524e+00 +(2e-03,7e-03) | 1.05e+02 |  2:2.9e-04  8:4.4e-03
Iterat, #Fevals:   Function Value    (median,worst) |Axis Ratio|idx:Min SD idx:Max SD
  470 ,   4701 : 2.9642983730342e+00 +(4e-03,9e-03) | 1.06e+02 |  2:2.8e-04  8:4.1e-03
  471 ,   4711 : 2.9610632881448e+00 +(5e-03,9e-03) | 1.06e+02 |  2:3.2e-04  8:4.5e-03
  472 ,   4721 : 2.9647533151580e+00 +(3e-03,2e-02) | 1.08e+02 |  3:3.5e-04  8:4.7e-03
  473 ,   4731 : 2.9650896236641e+00 +(4e-03,1e-02) | 1.09e+02 |  3:3.6e-04  8:4.8e-03
  474 ,   4741 : 2.9631715709262e+00 +(4e-03,1e-02) | 1.09e+02 |  3:3.3e-04  8:4.3e-03
  475 ,   4751 : 2.9629610012794e+00 +(3e-03,9e-03) | 1.11e+02 |  2:3.2e-04  8:4.2e-03
  476 ,   4761 : 2.9646014373017e+00 +(2e-03,1e-02) | 1.13e+02 |  2:3.4e-04  8:4.5e-03
  477 ,   4771 : 2.9642724662981e+00 +(4e-03,8e-03) | 1.08e+02 |  2:3.5e-04  8:4.6e-03
  478 ,   4781 : 2.9645013835194e+00 +(3e-03,9e-03) | 1.01e+02 |  2:3.7e-04  8:4.9e-03
  479 ,   4791 : 2.9619708298345e+00 +(4e-03,1e-02) | 1.00e+02 |  3:4.3e-04  8:5.3e-03
Iterat, #Fevals:   Function Value    (median,worst) |Axis Ratio|idx:Min SD idx:Max SD
  480 ,   4801 : 2.9625849646224e+00 +(6e-03,9e-03) | 1.00e+02 |  3:4.8e-04  8:5.8e-03
  481 ,   4811 : 2.9643701374444e+00 +(5e-03,1e-02) | 1.01e+02 |  3:5.7e-04  8:6.3e-03
  482 ,   4821 : 2.9642803858269e+00 +(5e-03,2e-02) | 1.02e+02 |  3:7.0e-04  8:7.6e-03
  483 ,   4831 : 2.9631750489605e+00 +(5e-03,2e-02) | 1.03e+02 |  3:7.1e-04  8:7.7e-03
  484 ,   4841 : 2.9644710377655e+00 +(5e-03,1e-02) | 9.87e+01 |  3:7.2e-04  8:7.8e-03
  485 ,   4851 : 2.9608245593777e+00 +(8e-03,1e-02) | 9.63e+01 |  3:7.4e-04  8:7.8e-03
  486 ,   4861 : 2.9631809974337e+00 +(4e-03,9e-03) | 9.26e+01 |  2:8.5e-04  8:8.6e-03
  487 ,   4871 : 2.9620672703283e+00 +(5e-03,1e-02) | 9.38e+01 |  2:9.2e-04  8:9.5e-03
  488 ,   4881 : 2.9588269746371e+00 +(7e-03,1e-02) | 9.24e+01 |  2:9.9e-04  8:1.0e-02
  489 ,   4891 : 2.9623952886866e+00 +(5e-03,1e-02) | 8.95e+01 |  2:1.0e-03  8:1.1e-02
Iterat, #Fevals:   Function Value    (median,worst) |Axis Ratio|idx:Min SD idx:Max SD
  490 ,   4901 : 2.9645140462391e+00 +(3e-03,8e-03) | 9.01e+01 |  2:1.0e-03  8:1.0e-02
  491 ,   4911 : 2.9615327155717e+00 +(9e-03,2e-02) | 8.94e+01 |  2:9.6e-04  8:9.9e-03
  492 ,   4921 : 2.9655063756812e+00 +(3e-03,1e-02) | 8.96e+01 |  2:9.3e-04  8:9.7e-03
  493 ,   4931 : 2.9648616447152e+00 +(3e-03,2e-02) | 9.06e+01 |  2:8.3e-04  8:8.8e-03
  494 ,   4941 : 2.9631995796363e+00 +(6e-03,1e-02) | 8.99e+01 |  2:7.0e-04  8:7.4e-03
  495 ,   4951 : 2.9618769844475e+00 +(9e-03,2e-02) | 9.52e+01 |  2:6.7e-04  8:7.4e-03
  496 ,   4961 : 2.9638939626978e+00 +(5e-03,1e-02) | 9.47e+01 |  2:6.2e-04  8:6.9e-03
  497 ,   4971 : 2.9662446923753e+00 +(4e-03,7e-03) | 9.53e+01 |  2:6.0e-04  8:6.6e-03
  498 ,   4981 : 2.9622068149704e+00 +(9e-03,1e-02) | 9.60e+01 |  2:6.2e-04  8:7.0e-03
  499 ,   4991 : 2.9621082484318e+00 +(5e-03,1e-02) | 9.58e+01 |  2:6.6e-04  8:7.4e-03
Iterat, #Fevals:   Function Value    (median,worst) |Axis Ratio|idx:Min SD idx:Max SD
  500 ,   5001 : 2.9642823311487e+00 +(2e-03,9e-03) | 9.61e+01 |  2:6.6e-04  8:7.3e-03
  501 ,   5011 : 2.9651257909684e+00 +(5e-03,8e-03) | 9.47e+01 |  2:6.5e-04  8:6.9e-03
  502 ,   5021 : 2.9595470364623e+00 +(9e-03,1e-02) | 9.47e+01 |  2:5.8e-04  8:6.1e-03
  503 ,   5031 : 2.9636215674327e+00 +(6e-03,1e-02) | 9.50e+01 |  2:6.2e-04  8:6.5e-03
  504 ,   5041 : 2.9649552005897e+00 +(2e-03,7e-03) | 9.64e+01 |  2:6.4e-04  8:6.6e-03
  505 ,   5051 : 2.9591136724331e+00 +(6e-03,2e-02) | 1.01e+02 |  2:6.6e-04  8:7.0e-03
  506 ,   5061 : 2.9635993253858e+00 +(4e-03,1e-02) | 1.01e+02 |  2:6.7e-04  8:7.3e-03
  507 ,   5071 : 2.9611946656609e+00 +(4e-03,1e-02) | 1.02e+02 |  2:6.9e-04  8:7.6e-03
  508 ,   5081 : 2.9644735727239e+00 +(2e-03,1e-02) | 1.03e+02 |  2:6.4e-04  8:7.1e-03
  509 ,   5091 : 2.9633661005687e+00 +(3e-03,2e-02) | 1.06e+02 |  2:6.2e-04  8:6.8e-03
Iterat, #Fevals:   Function Value    (median,worst) |Axis Ratio|idx:Min SD idx:Max SD
  510 ,   5101 : 2.9581514267589e+00 +(6e-03,1e-02) | 1.09e+02 |  2:6.2e-04  8:7.0e-03
  511 ,   5111 : 2.9629460283033e+00 +(3e-03,8e-03) | 1.12e+02 |  2:6.3e-04  8:7.2e-03
  512 ,   5121 : 2.9625714454426e+00 +(4e-03,1e-02) | 1.11e+02 |  2:5.4e-04  8:6.2e-03
  513 ,   5131 : 2.9653625180322e+00 +(3e-03,8e-03) | 1.12e+02 |  2:4.8e-04  8:5.6e-03
  514 ,   5141 : 2.9582925438980e+00 +(9e-03,2e-02) | 1.12e+02 |  2:4.5e-04  8:5.2e-03
  515 ,   5151 : 2.9645511568228e+00 +(4e-03,9e-03) | 1.10e+02 |  2:4.3e-04  8:4.9e-03
  516 ,   5161 : 2.9641940845202e+00 +(7e-03,1e-02) | 1.06e+02 |  2:4.2e-04  8:4.9e-03
  517 ,   5171 : 2.9642297948150e+00 +(4e-03,8e-03) | 1.06e+02 |  2:4.0e-04  8:4.7e-03
  518 ,   5181 : 2.9640307193612e+00 +(5e-03,1e-02) | 1.01e+02 |  2:4.2e-04  8:4.9e-03
  519 ,   5191 : 2.9615846274353e+00 +(4e-03,1e-02) | 1.02e+02 |  2:4.0e-04  8:4.7e-03
Iterat, #Fevals:   Function Value    (median,worst) |Axis Ratio|idx:Min SD idx:Max SD
  520 ,   5201 : 2.9631606302210e+00 +(3e-03,1e-02) | 1.02e+02 |  2:3.6e-04  8:4.2e-03
  521 ,   5211 : 2.9623364832615e+00 +(3e-03,2e-02) | 1.01e+02 |  2:3.4e-04  8:4.0e-03
  522 ,   5221 : 2.9573532452597e+00 +(9e-03,2e-02) | 1.00e+02 |  2:3.2e-04  8:3.7e-03
  523 ,   5231 : 2.9628516751742e+00 +(4e-03,1e-02) | 1.01e+02 |  2:3.1e-04  8:3.6e-03
  524 ,   5241 : 2.9590945745671e+00 +(8e-03,1e-02) | 1.01e+02 |  2:2.8e-04  8:3.3e-03
  525 ,   5251 : 2.9611403280739e+00 +(6e-03,1e-02) | 9.81e+01 |  2:2.8e-04  8:3.2e-03
  526 ,   5261 : 2.9618842068713e+00 +(4e-03,1e-02) | 9.71e+01 |  2:2.7e-04  8:3.1e-03
  527 ,   5271 : 2.9634595240225e+00 +(2e-03,1e-02) | 9.44e+01 |  2:2.8e-04  8:3.2e-03
  528 ,   5281 : 2.9638410314697e+00 +(8e-03,1e-02) | 9.66e+01 |  2:2.6e-04  8:3.2e-03
  529 ,   5291 : 2.9638026501702e+00 +(3e-03,1e-02) | 1.01e+02 |  2:2.6e-04  8:3.2e-03
Iterat, #Fevals:   Function Value    (median,worst) |Axis Ratio|idx:Min SD idx:Max SD
  530 ,   5301 : 2.9631125313946e+00 +(4e-03,1e-02) | 1.07e+02 |  2:2.6e-04  8:3.4e-03
  531 ,   5311 : 2.9638696986949e+00 +(3e-03,9e-03) | 1.07e+02 |  2:2.5e-04  8:3.3e-03
  532 ,   5321 : 2.9626352172142e+00 +(4e-03,6e-03) | 1.08e+02 |  2:2.3e-04  8:3.1e-03
  533 ,   5331 : 2.9617848448085e+00 +(3e-03,1e-02) | 1.10e+02 |  2:2.0e-04  8:2.7e-03
  534 ,   5341 : 2.9639772650960e+00 +(1e-03,4e-03) | 1.09e+02 |  2:1.9e-04  8:2.6e-03
  535 ,   5351 : 2.9620101046873e+00 +(5e-03,1e-02) | 1.10e+02 |  2:1.8e-04  8:2.3e-03
  536 ,   5361 : 2.9633695788934e+00 +(4e-03,1e-02) | 1.15e+02 |  2:1.8e-04  8:2.4e-03
  537 ,   5371 : 2.9641396612386e+00 +(3e-03,9e-03) | 1.16e+02 |  2:1.7e-04  8:2.3e-03
  538 ,   5381 : 2.9616599714630e+00 +(4e-03,1e-02) | 1.17e+02 |  2:1.7e-04  8:2.3e-03
  539 ,   5391 : 2.9659666071179e+00 +(6e-03,9e-03) | 1.17e+02 |  2:1.6e-04  8:2.2e-03
Iterat, #Fevals:   Function Value    (median,worst) |Axis Ratio|idx:Min SD idx:Max SD
  540 ,   5401 : 2.9638917407195e+00 +(5e-03,9e-03) | 1.17e+02 |  2:1.5e-04  8:2.1e-03
  541 ,   5411 : 2.9623389201735e+00 +(3e-03,1e-02) | 1.17e+02 |  2:1.5e-04  8:2.1e-03
  542 ,   5421 : 2.9636204526933e+00 +(4e-03,1e-02) | 1.17e+02 |  2:1.4e-04  8:2.0e-03
  543 ,   5431 : 2.9632073197260e+00 +(7e-03,1e-02) | 1.21e+02 |  2:1.4e-04  8:2.1e-03
  544 ,   5441 : 2.9620545720211e+00 +(4e-03,8e-03) | 1.22e+02 |  2:1.3e-04  8:2.0e-03
  545 ,   5451 : 2.9634176571759e+00 +(4e-03,8e-03) | 1.23e+02 |  2:1.3e-04  8:1.9e-03
  546 ,   5461 : 2.9643041088451e+00 +(5e-03,1e-02) | 1.21e+02 |  2:1.3e-04  8:1.9e-03
  547 ,   5471 : 2.9612999973923e+00 +(4e-03,1e-02) | 1.23e+02 |  2:1.5e-04  8:2.1e-03
  548 ,   5481 : 2.9635776179490e+00 +(7e-03,1e-02) | 1.28e+02 |  2:1.5e-04  8:2.2e-03
  549 ,   5491 : 2.9630313239007e+00 +(4e-03,9e-03) | 1.30e+02 |  2:1.5e-04  8:2.3e-03
Iterat, #Fevals:   Function Value    (median,worst) |Axis Ratio|idx:Min SD idx:Max SD
  550 ,   5501 : 2.9643091557314e+00 +(2e-03,7e-03) | 1.31e+02 |  2:1.5e-04  8:2.4e-03
  551 ,   5511 : 2.9636748367167e+00 +(2e-03,9e-03) | 1.35e+02 |  2:1.6e-04  8:2.6e-03
  552 ,   5521 : 2.9626690588848e+00 +(7e-03,1e-02) | 1.34e+02 |  2:1.6e-04  8:2.5e-03
  553 ,   5531 : 2.9596189751045e+00 +(6e-03,3e-02) | 1.30e+02 |  2:1.6e-04  8:2.5e-03
  554 ,   5541 : 2.9630304939253e+00 +(3e-03,9e-03) | 1.33e+02 |  2:1.5e-04  8:2.4e-03
  555 ,   5551 : 2.9562566285144e+00 +(1e-02,2e-02) | 1.32e+02 |  2:1.4e-04  8:2.2e-03
  556 ,   5561 : 2.9653709856565e+00 +(5e-03,1e-02) | 1.35e+02 |  2:1.4e-04  8:2.3e-03
  557 ,   5571 : 2.9638747300718e+00 +(2e-03,8e-03) | 1.32e+02 |  2:1.4e-04  8:2.4e-03
  558 ,   5581 : 2.9641736685906e+00 +(7e-03,9e-03) | 1.33e+02 |  2:1.4e-04  8:2.4e-03
  559 ,   5591 : 2.9628035610892e+00 +(2e-03,1e-02) | 1.32e+02 |  2:1.3e-04  8:2.2e-03
Iterat, #Fevals:   Function Value    (median,worst) |Axis Ratio|idx:Min SD idx:Max SD
  560 ,   5601 : 2.9586964341178e+00 +(6e-03,1e-02) | 1.29e+02 |  2:1.2e-04  8:2.0e-03
  561 ,   5611 : 2.9640748712205e+00 +(4e-03,9e-03) | 1.31e+02 |  2:1.2e-04  8:1.9e-03
  562 ,   5621 : 2.9614303050771e+00 +(6e-03,1e-02) | 1.44e+02 |  2:1.3e-04  8:2.3e-03
  563 ,   5631 : 2.9616452665502e+00 +(4e-03,1e-02) | 1.38e+02 |  2:1.3e-04  8:2.4e-03
  564 ,   5641 : 2.9623847735591e+00 +(3e-03,1e-02) | 1.38e+02 |  2:1.3e-04  8:2.3e-03
  565 ,   5651 : 2.9646081371931e+00 +(4e-03,1e-02) | 1.36e+02 |  2:1.2e-04  8:2.2e-03
  566 ,   5661 : 2.9632590256917e+00 +(3e-03,1e-02) | 1.35e+02 |  2:1.2e-04  8:2.2e-03
  567 ,   5671 : 2.9643229963607e+00 +(2e-03,8e-03) | 1.34e+02 |  2:1.3e-04  8:2.2e-03
  568 ,   5681 : 2.9599006741106e+00 +(6e-03,1e-02) | 1.34e+02 |  2:1.2e-04  8:2.2e-03
  569 ,   5691 : 2.9663388842488e+00 +(2e-03,7e-03) | 1.38e+02 |  2:1.1e-04  8:2.0e-03
Iterat, #Fevals:   Function Value    (median,worst) |Axis Ratio|idx:Min SD idx:Max SD
  570 ,   5701 : 2.9618253944213e+00 +(5e-03,1e-02) | 1.47e+02 |  2:1.1e-04  8:2.0e-03
  571 ,   5711 : 2.9625181241291e+00 +(4e-03,1e-02) | 1.47e+02 |  2:1.0e-04  8:1.9e-03
  572 ,   5721 : 2.9639506620445e+00 +(3e-03,1e-02) | 1.51e+02 |  2:9.9e-05  8:1.9e-03
  573 ,   5731 : 2.9632047221502e+00 +(3e-03,1e-02) | 1.53e+02 |  2:9.8e-05  8:1.8e-03
  574 ,   5741 : 2.9618588503104e+00 +(4e-03,2e-02) | 1.57e+02 |  2:9.8e-05  8:1.8e-03
  575 ,   5751 : 2.9636355104672e+00 +(6e-03,1e-02) | 1.69e+02 |  2:1.1e-04  8:2.1e-03
  576 ,   5761 : 2.9641283931461e+00 +(2e-03,1e-02) | 1.73e+02 |  2:1.1e-04  8:2.2e-03
  577 ,   5771 : 2.9646137174931e+00 +(2e-03,9e-03) | 1.73e+02 |  2:1.1e-04  8:2.2e-03
  578 ,   5781 : 2.9633774314278e+00 +(5e-03,1e-02) | 1.70e+02 |  2:1.1e-04  8:2.2e-03
  579 ,   5791 : 2.9636871440871e+00 +(6e-03,1e-02) | 1.69e+02 |  2:1.3e-04  8:2.3e-03
Iterat, #Fevals:   Function Value    (median,worst) |Axis Ratio|idx:Min SD idx:Max SD
  580 ,   5801 : 2.9614712966663e+00 +(7e-03,1e-02) | 1.69e+02 |  3:1.3e-04  8:2.3e-03
  581 ,   5811 : 2.9630465277341e+00 +(3e-03,1e-02) | 1.55e+02 |  3:1.3e-04  8:2.2e-03
  582 ,   5821 : 2.9648374557969e+00 +(5e-03,9e-03) | 1.54e+02 |  3:1.2e-04  8:2.2e-03
  583 ,   5831 : 2.9637062109444e+00 +(3e-03,8e-03) | 1.50e+02 |  3:1.2e-04  8:2.1e-03
  584 ,   5841 : 2.9634061226249e+00 +(4e-03,1e-02) | 1.54e+02 |  3:1.1e-04  8:2.2e-03
  585 ,   5851 : 2.9636016361746e+00 +(3e-03,1e-02) | 1.54e+02 |  3:1.1e-04  8:2.1e-03
  586 ,   5861 : 2.9629766812194e+00 +(2e-03,8e-03) | 1.54e+02 |  2:1.1e-04  8:2.1e-03
  587 ,   5871 : 2.9610568369687e+00 +(7e-03,2e-02) | 1.52e+02 |  2:1.1e-04  8:2.0e-03
  588 ,   5881 : 2.9632376419305e+00 +(2e-03,1e-02) | 1.52e+02 |  2:9.6e-05  8:1.8e-03
  589 ,   5891 : 2.9618591728629e+00 +(5e-03,1e-02) | 1.53e+02 |  2:8.5e-05  8:1.6e-03
Iterat, #Fevals:   Function Value    (median,worst) |Axis Ratio|idx:Min SD idx:Max SD
  590 ,   5901 : 2.9638627505944e+00 +(3e-03,7e-03) | 1.57e+02 |  2:7.8e-05  8:1.5e-03
  591 ,   5911 : 2.9640945508811e+00 +(3e-03,8e-03) | 1.61e+02 |  2:7.5e-05  8:1.5e-03
  592 ,   5921 : 2.9637502353599e+00 +(3e-03,1e-02) | 1.63e+02 |  2:6.9e-05  8:1.4e-03
  593 ,   5931 : 2.9578920341512e+00 +(1e-02,3e-02) | 1.63e+02 |  2:6.3e-05  8:1.2e-03
  594 ,   5941 : 2.9639122253757e+00 +(6e-03,1e-02) | 1.63e+02 |  2:6.0e-05  8:1.2e-03
  595 ,   5951 : 2.9633644911091e+00 +(1e-03,4e-03) | 1.62e+02 |  2:5.5e-05  8:1.1e-03
  596 ,   5961 : 2.9585529477901e+00 +(8e-03,1e-02) | 1.61e+02 |  2:5.1e-05  8:9.8e-04
  597 ,   5971 : 2.9636524896817e+00 +(4e-03,1e-02) | 1.58e+02 |  2:5.3e-05  8:1.0e-03
  598 ,   5981 : 2.9634197604624e+00 +(4e-03,1e-02) | 1.53e+02 |  2:5.2e-05  8:9.8e-04
  599 ,   5991 : 2.9639568355534e+00 +(3e-03,1e-02) | 1.49e+02 |  2:5.4e-05  8:1.0e-03
Iterat, #Fevals:   Function Value    (median,worst) |Axis Ratio|idx:Min SD idx:Max SD
  600 ,   6001 : 2.9617350553255e+00 +(8e-03,1e-02) | 1.58e+02 |  2:5.5e-05  8:1.1e-03
  601 ,   6011 : 2.9621312978096e+00 +(5e-03,1e-02) | 1.59e+02 |  2:5.4e-05  8:1.1e-03
  602 ,   6021 : 2.9573663765303e+00 +(1e-02,2e-02) | 1.58e+02 |  2:5.4e-05  8:1.1e-03
  603 ,   6031 : 2.9616775808247e+00 +(3e-03,1e-02) | 1.57e+02 |  2:5.2e-05  8:1.1e-03
  604 ,   6041 : 2.9604789922908e+00 +(9e-03,1e-02) | 1.57e+02 |  2:4.8e-05  8:1.0e-03
  605 ,   6051 : 2.9639673110963e+00 +(1e-03,9e-03) | 1.58e+02 |  2:4.3e-05  8:9.4e-04
  606 ,   6061 : 2.9621035987683e+00 +(3e-03,1e-02) | 1.52e+02 |  2:4.1e-05  8:8.9e-04
  607 ,   6071 : 2.9616565998814e+00 +(5e-03,1e-02) | 1.51e+02 |  2:4.0e-05  8:8.4e-04
  608 ,   6081 : 2.9618429352275e+00 +(8e-03,1e-02) | 1.52e+02 |  2:4.2e-05  8:8.9e-04
  609 ,   6091 : 2.9602189535800e+00 +(8e-03,1e-02) | 1.50e+02 |  2:3.9e-05  8:8.3e-04
Iterat, #Fevals:   Function Value    (median,worst) |Axis Ratio|idx:Min SD idx:Max SD
  610 ,   6101 : 2.9639517261437e+00 +(3e-03,1e-02) | 1.58e+02 |  2:3.6e-05  8:7.8e-04
  611 ,   6111 : 2.9634416492640e+00 +(3e-03,2e-02) | 1.58e+02 |  2:3.3e-05  8:7.2e-04
  612 ,   6121 : 2.9610783051342e+00 +(8e-03,1e-02) | 1.61e+02 |  2:3.1e-05  8:6.8e-04
  613 ,   6131 : 2.9617792270543e+00 +(3e-03,9e-03) | 1.62e+02 |  2:3.0e-05  8:6.8e-04
  614 ,   6141 : 2.9638602143850e+00 +(3e-03,1e-02) | 1.59e+02 |  2:3.0e-05  8:6.5e-04
  615 ,   6151 : 2.9622804801230e+00 +(5e-03,1e-02) | 1.60e+02 |  2:2.9e-05  8:6.3e-04
  616 ,   6161 : 2.9640783678719e+00 +(4e-03,9e-03) | 1.59e+02 |  2:3.0e-05  8:6.4e-04
  617 ,   6171 : 2.9639812551588e+00 +(3e-03,9e-03) | 1.60e+02 |  2:2.8e-05  8:6.1e-04
  618 ,   6181 : 2.9610579061713e+00 +(4e-03,1e-02) | 1.66e+02 |  2:2.8e-05  8:6.3e-04
  619 ,   6191 : 2.9638619298377e+00 +(1e-03,9e-03) | 1.70e+02 |  2:3.1e-05  8:7.3e-04
Iterat, #Fevals:   Function Value    (median,worst) |Axis Ratio|idx:Min SD idx:Max SD
  620 ,   6201 : 2.9630274942579e+00 +(2e-03,8e-03) | 1.66e+02 |  2:3.2e-05  8:7.7e-04
  621 ,   6211 : 2.9608765413743e+00 +(5e-03,1e-02) | 1.69e+02 |  2:3.1e-05  8:7.6e-04
  622 ,   6221 : 2.9640266562631e+00 +(3e-03,2e-02) | 1.70e+02 |  2:2.9e-05  8:7.0e-04
  623 ,   6231 : 2.9655718575407e+00 +(6e-03,9e-03) | 1.72e+02 |  2:2.8e-05  8:6.9e-04
  624 ,   6241 : 2.9637617027546e+00 +(3e-03,1e-02) | 1.70e+02 |  2:2.9e-05  8:7.0e-04
  625 ,   6251 : 2.9634295782212e+00 +(5e-03,2e-02) | 1.68e+02 |  2:2.7e-05  8:6.7e-04
  626 ,   6261 : 2.9638045630446e+00 +(5e-03,1e-02) | 1.66e+02 |  2:2.6e-05  8:6.3e-04
  627 ,   6271 : 2.9615819406694e+00 +(8e-03,1e-02) | 1.67e+02 |  2:2.4e-05  8:5.9e-04
  628 ,   6281 : 2.9614045039379e+00 +(4e-03,1e-02) | 1.66e+02 |  2:2.4e-05  8:5.8e-04
  629 ,   6291 : 2.9639241988773e+00 +(2e-03,7e-03) | 1.67e+02 |  2:2.3e-05  8:5.6e-04
Iterat, #Fevals:   Function Value    (median,worst) |Axis Ratio|idx:Min SD idx:Max SD
  630 ,   6301 : 2.9633505260517e+00 +(9e-03,1e-02) | 1.70e+02 |  2:2.3e-05  8:5.5e-04
  631 ,   6311 : 2.9635797678307e+00 +(3e-03,1e-02) | 1.71e+02 |  2:2.7e-05  8:5.9e-04
  632 ,   6321 : 2.9630810249820e+00 +(3e-03,1e-02) | 1.73e+02 |  2:3.0e-05  8:6.7e-04
  633 ,   6331 : 2.9630765019147e+00 +(4e-03,1e-02) | 1.75e+02 |  2:2.9e-05  8:6.6e-04
  634 ,   6341 : 2.9631641781624e+00 +(4e-03,1e-02) | 1.70e+02 |  2:3.1e-05  8:6.6e-04
  635 ,   6351 : 2.9653923504992e+00 +(2e-03,1e-02) | 1.71e+02 |  2:3.1e-05  8:6.4e-04
  636 ,   6361 : 2.9619185430816e+00 +(3e-03,8e-03) | 1.69e+02 |  2:3.0e-05  8:6.1e-04
  637 ,   6371 : 2.9622540965622e+00 +(5e-03,1e-02) | 1.70e+02 |  2:3.0e-05  8:6.0e-04
  638 ,   6381 : 2.9641874992338e+00 +(5e-03,1e-02) | 1.69e+02 |  2:2.7e-05  8:5.5e-04
  639 ,   6391 : 2.9638914333578e+00 +(6e-03,2e-02) | 1.69e+02 |  2:2.5e-05  8:4.9e-04
Iterat, #Fevals:   Function Value    (median,worst) |Axis Ratio|idx:Min SD idx:Max SD
  640 ,   6401 : 2.9617547404112e+00 +(7e-03,1e-02) | 1.69e+02 |  2:2.2e-05  8:4.4e-04
  641 ,   6411 : 2.9597486875709e+00 +(7e-03,2e-02) | 1.74e+02 |  2:2.3e-05  8:4.6e-04
  642 ,   6421 : 2.9613495087902e+00 +(9e-03,1e-02) | 1.69e+02 |  2:2.1e-05  8:4.2e-04
  643 ,   6431 : 2.9637233740639e+00 +(3e-03,1e-02) | 1.69e+02 |  2:2.0e-05  8:4.0e-04
  644 ,   6441 : 2.9653870836426e+00 +(3e-03,1e-02) | 1.72e+02 |  2:2.0e-05  8:4.0e-04
  645 ,   6451 : 2.9625617930250e+00 +(4e-03,1e-02) | 1.73e+02 |  2:1.8e-05  8:3.7e-04
  646 ,   6461 : 2.9611945622167e+00 +(5e-03,1e-02) | 1.72e+02 |  2:1.8e-05  8:3.5e-04
  647 ,   6471 : 2.9628442538849e+00 +(5e-03,1e-02) | 1.77e+02 |  2:1.9e-05  8:3.7e-04
  648 ,   6481 : 2.9613441273934e+00 +(7e-03,1e-02) | 1.78e+02 |  2:1.9e-05  8:3.9e-04
  649 ,   6491 : 2.9615401884810e+00 +(8e-03,1e-02) | 1.77e+02 |  2:2.0e-05  8:3.9e-04
Iterat, #Fevals:   Function Value    (median,worst) |Axis Ratio|idx:Min SD idx:Max SD
  650 ,   6501 : 2.9624686120839e+00 +(8e-03,2e-02) | 1.75e+02 |  2:2.2e-05  8:4.2e-04
  651 ,   6511 : 2.9631239724827e+00 +(5e-03,2e-02) | 1.74e+02 |  2:2.2e-05  8:4.2e-04
  652 ,   6521 : 2.9622224681188e+00 +(6e-03,1e-02) | 1.66e+02 |  2:2.2e-05  8:4.1e-04
  653 ,   6531 : 2.9578411337555e+00 +(7e-03,2e-02) | 1.69e+02 |  2:2.1e-05  8:4.1e-04
  654 ,   6541 : 2.9613975301522e+00 +(5e-03,1e-02) | 1.73e+02 |  2:2.0e-05  8:4.0e-04
  655 ,   6551 : 2.9613285378365e+00 +(3e-03,1e-02) | 1.79e+02 |  2:2.0e-05  8:4.1e-04
  656 ,   6561 : 2.9643691458059e+00 +(2e-03,9e-03) | 1.76e+02 |  2:1.8e-05  8:3.8e-04
  657 ,   6571 : 2.9614084241281e+00 +(4e-03,6e-03) | 1.73e+02 |  2:1.7e-05  8:3.5e-04
  658 ,   6581 : 2.9615981244257e+00 +(7e-03,1e-02) | 1.81e+02 |  2:1.6e-05  8:3.5e-04
  659 ,   6591 : 2.9636886924191e+00 +(3e-03,1e-02) | 1.82e+02 |  2:1.6e-05  8:3.5e-04
Iterat, #Fevals:   Function Value    (median,worst) |Axis Ratio|idx:Min SD idx:Max SD
  660 ,   6601 : 2.9606987083102e+00 +(1e-02,1e-02) | 2.06e+02 |  2:1.7e-05  8:4.3e-04
  661 ,   6611 : 2.9629534405047e+00 +(4e-03,1e-02) | 2.11e+02 |  2:1.8e-05  8:4.5e-04
  662 ,   6621 : 2.9556222104667e+00 +(1e-02,2e-02) | 2.17e+02 |  2:1.7e-05  8:4.5e-04
  663 ,   6631 : 2.9636574118449e+00 +(2e-03,1e-02) | 2.25e+02 |  2:1.9e-05  8:5.1e-04
  664 ,   6641 : 2.9628565727688e+00 +(3e-03,9e-03) | 2.41e+02 |  2:2.1e-05  8:5.8e-04
  665 ,   6651 : 2.9627932684491e+00 +(3e-03,9e-03) | 2.51e+02 |  2:2.2e-05  8:6.4e-04
  666 ,   6661 : 2.9632269156861e+00 +(5e-03,1e-02) | 2.60e+02 |  2:2.1e-05  8:6.4e-04
  667 ,   6671 : 2.9639250248845e+00 +(3e-03,1e-02) | 2.59e+02 |  2:2.1e-05  8:6.2e-04
  668 ,   6681 : 2.9620034390472e+00 +(6e-03,1e-02) | 2.58e+02 |  2:2.0e-05  8:6.0e-04
  669 ,   6691 : 2.9544039517983e+00 +(1e-02,2e-02) | 2.64e+02 |  2:2.1e-05  8:6.2e-04
Iterat, #Fevals:   Function Value    (median,worst) |Axis Ratio|idx:Min SD idx:Max SD
  670 ,   6701 : 2.9615713500423e+00 +(8e-03,2e-02) | 2.66e+02 |  2:2.1e-05  8:6.1e-04
  671 ,   6711 : 2.9617723454215e+00 +(5e-03,1e-02) | 2.73e+02 |  2:2.0e-05  8:5.9e-04
  672 ,   6721 : 2.9629343619114e+00 +(4e-03,1e-02) | 2.74e+02 |  2:1.9e-05  8:5.7e-04
  673 ,   6731 : 2.9633197238423e+00 +(3e-03,1e-02) | 2.73e+02 |  2:1.9e-05  8:5.5e-04
  674 ,   6741 : 2.9629386314354e+00 +(8e-03,1e-02) | 2.86e+02 |  2:1.9e-05  8:5.9e-04
  675 ,   6751 : 2.9611370165652e+00 +(5e-03,1e-02) | 2.85e+02 |  2:2.0e-05  8:6.0e-04
  676 ,   6761 : 2.9651546376561e+00 +(4e-03,9e-03) | 2.83e+02 |  2:2.0e-05  8:6.0e-04
  677 ,   6771 : 2.9621903260634e+00 +(6e-03,1e-02) | 2.90e+02 |  2:2.0e-05  8:6.2e-04
  678 ,   6781 : 2.9617415510747e+00 +(6e-03,2e-02) | 2.86e+02 |  2:2.3e-05  8:6.8e-04
  679 ,   6791 : 2.9636593195250e+00 +(3e-03,2e-02) | 2.88e+02 |  2:2.1e-05  8:6.4e-04
Iterat, #Fevals:   Function Value    (median,worst) |Axis Ratio|idx:Min SD idx:Max SD
  680 ,   6801 : 2.9616939050610e+00 +(6e-03,1e-02) | 3.08e+02 |  2:2.3e-05  8:7.4e-04
  681 ,   6811 : 2.9631326867879e+00 +(5e-03,1e-02) | 3.13e+02 |  2:2.5e-05  8:8.2e-04
  682 ,   6821 : 2.9634729058173e+00 +(2e-03,8e-03) | 3.12e+02 |  2:2.5e-05  8:8.6e-04
  683 ,   6831 : 2.9626358389894e+00 +(4e-03,1e-02) | 3.11e+02 |  2:2.7e-05  8:8.8e-04
  684 ,   6841 : 2.9612582570621e+00 +(3e-03,1e-02) | 3.12e+02 |  2:2.6e-05  8:8.4e-04
  685 ,   6851 : 2.9640018741294e+00 +(2e-03,8e-03) | 3.08e+02 |  2:2.6e-05  8:8.3e-04
  686 ,   6861 : 2.9628856831667e+00 +(2e-03,1e-02) | 3.09e+02 |  2:2.5e-05  8:8.0e-04
  687 ,   6871 : 2.9608475773501e+00 +(6e-03,1e-02) | 3.06e+02 |  2:2.5e-05  8:8.0e-04
  688 ,   6881 : 2.9621548062428e+00 +(4e-03,1e-02) | 3.04e+02 |  2:2.5e-05  8:7.9e-04
  689 ,   6891 : 2.9590013328534e+00 +(7e-03,1e-02) | 3.02e+02 |  2:2.4e-05  8:7.6e-04
Iterat, #Fevals:   Function Value    (median,worst) |Axis Ratio|idx:Min SD idx:Max SD
  690 ,   6901 : 2.9629224854402e+00 +(6e-03,1e-02) | 3.00e+02 |  2:2.5e-05  8:7.8e-04
  691 ,   6911 : 2.9669277085313e+00 +(5e-03,1e-02) | 2.96e+02 |  2:2.6e-05  8:8.2e-04
  692 ,   6921 : 2.9640581046504e+00 +(2e-03,9e-03) | 3.04e+02 |  2:2.6e-05  8:8.5e-04
  693 ,   6931 : 2.9643054175886e+00 +(6e-03,1e-02) | 3.07e+02 |  2:2.5e-05  8:8.1e-04
  694 ,   6941 : 2.9632235806402e+00 +(5e-03,8e-03) | 3.10e+02 |  2:2.3e-05  8:7.4e-04
  695 ,   6951 : 2.9645632774526e+00 +(3e-03,9e-03) | 3.13e+02 |  2:2.4e-05  8:7.4e-04
  696 ,   6961 : 2.9632291340602e+00 +(2e-03,8e-03) | 3.15e+02 |  2:2.4e-05  8:7.4e-04
  697 ,   6971 : 2.9630531691101e+00 +(3e-03,1e-02) | 3.17e+02 |  2:2.2e-05  8:6.7e-04
  698 ,   6981 : 2.9635655893563e+00 +(2e-03,8e-03) | 3.15e+02 |  2:2.2e-05  8:6.6e-04
  699 ,   6991 : 2.9611108394503e+00 +(5e-03,1e-02) | 3.28e+02 |  2:2.6e-05  8:8.1e-04
Iterat, #Fevals:   Function Value    (median,worst) |Axis Ratio|idx:Min SD idx:Max SD
  700 ,   7001 : 2.9637033640193e+00 +(3e-03,9e-03) | 3.31e+02 |  2:2.8e-05  8:9.0e-04
  701 ,   7011 : 2.9640622755955e+00 +(4e-03,1e-02) | 3.21e+02 |  2:3.1e-05  8:1.0e-03
  702 ,   7021 : 2.9621238310012e+00 +(5e-03,1e-02) | 3.10e+02 |  2:3.6e-05  8:1.1e-03
  703 ,   7031 : 2.9617933484197e+00 +(7e-03,1e-02) | 3.10e+02 |  2:4.0e-05  8:1.1e-03
  704 ,   7041 : 2.9622879317356e+00 +(5e-03,1e-02) | 3.14e+02 |  2:3.9e-05  8:1.2e-03
  705 ,   7051 : 2.9636300798264e+00 +(2e-03,7e-03) | 3.31e+02 |  2:4.3e-05  8:1.3e-03
  706 ,   7061 : 2.9627333236891e+00 +(7e-03,1e-02) | 3.35e+02 |  2:4.3e-05  8:1.4e-03
  707 ,   7071 : 2.9617582745832e+00 +(7e-03,2e-02) | 3.40e+02 |  2:4.0e-05  8:1.3e-03
  708 ,   7081 : 2.9630508180562e+00 +(3e-03,1e-02) | 3.28e+02 |  2:4.7e-05  8:1.5e-03
  709 ,   7091 : 2.9635570022073e+00 +(3e-03,1e-02) | 3.27e+02 |  2:5.6e-05  8:1.8e-03
Iterat, #Fevals:   Function Value    (median,worst) |Axis Ratio|idx:Min SD idx:Max SD
  710 ,   7101 : 2.9645193118067e+00 +(6e-03,1e-02) | 3.31e+02 |  2:6.1e-05  8:2.0e-03
  711 ,   7111 : 2.9637087495148e+00 +(4e-03,1e-02) | 3.31e+02 |  2:6.7e-05  8:2.1e-03
  712 ,   7121 : 2.9551332269585e+00 +(1e-02,2e-02) | 3.33e+02 |  2:7.1e-05  8:2.2e-03
  713 ,   7131 : 2.9617576875862e+00 +(3e-03,1e-02) | 3.35e+02 |  2:7.4e-05  8:2.2e-03
  714 ,   7141 : 2.9637856675020e+00 +(3e-03,1e-02) | 3.37e+02 |  2:8.0e-05  8:2.4e-03
  715 ,   7151 : 2.9639855055961e+00 +(3e-03,1e-02) | 3.35e+02 |  2:8.1e-05  8:2.5e-03
  716 ,   7161 : 2.9628140717219e+00 +(4e-03,8e-03) | 3.39e+02 |  2:7.6e-05  8:2.3e-03
  717 ,   7171 : 2.9611298423209e+00 +(9e-03,1e-02) | 3.39e+02 |  2:6.9e-05  8:2.1e-03
  718 ,   7181 : 2.9652847749334e+00 +(4e-03,1e-02) | 3.33e+02 |  2:7.1e-05  8:2.1e-03
  719 ,   7191 : 2.9623665667218e+00 +(4e-03,1e-02) | 3.51e+02 |  2:6.7e-05  8:2.1e-03
Iterat, #Fevals:   Function Value    (median,worst) |Axis Ratio|idx:Min SD idx:Max SD
  720 ,   7201 : 2.9582761949609e+00 +(7e-03,1e-02) | 3.58e+02 |  2:7.5e-05  8:2.3e-03
  721 ,   7211 : 2.9641125390541e+00 +(3e-03,1e-02) | 3.61e+02 |  2:7.9e-05  8:2.4e-03
  722 ,   7221 : 2.9618813734425e+00 +(4e-03,2e-02) | 3.59e+02 |  2:8.3e-05  8:2.5e-03
  723 ,   7231 : 2.9628103795713e+00 +(5e-03,1e-02) | 3.73e+02 |  2:9.1e-05  8:2.8e-03
  724 ,   7241 : 2.9633094215647e+00 +(4e-03,1e-02) | 3.84e+02 |  2:9.4e-05  8:2.9e-03
  725 ,   7251 : 2.9643331827966e+00 +(3e-03,9e-03) | 3.85e+02 |  2:8.6e-05  8:2.6e-03
  726 ,   7261 : 2.9616974053793e+00 +(5e-03,1e-02) | 3.86e+02 |  2:8.2e-05  8:2.5e-03
  727 ,   7271 : 2.9636566972637e+00 +(3e-03,9e-03) | 3.80e+02 |  2:8.2e-05  8:2.5e-03
  728 ,   7281 : 2.9628899137754e+00 +(4e-03,1e-02) | 3.88e+02 |  2:8.2e-05  8:2.6e-03
  729 ,   7291 : 2.9634822488894e+00 +(4e-03,2e-02) | 3.85e+02 |  2:8.8e-05  8:2.7e-03
Iterat, #Fevals:   Function Value    (median,worst) |Axis Ratio|idx:Min SD idx:Max SD
  730 ,   7301 : 2.9637339459752e+00 +(6e-03,2e-02) | 3.94e+02 |  2:9.0e-05  8:2.8e-03
  731 ,   7311 : 2.9648818461236e+00 +(3e-03,7e-03) | 3.91e+02 |  2:8.8e-05  8:2.8e-03
  732 ,   7321 : 2.9617856157503e+00 +(4e-03,9e-03) | 3.88e+02 |  2:8.7e-05  8:2.7e-03
  733 ,   7331 : 2.9611241661741e+00 +(6e-03,1e-02) | 3.92e+02 |  2:8.4e-05  8:2.6e-03
  734 ,   7341 : 2.9555700496529e+00 +(9e-03,1e-02) | 3.93e+02 |  2:8.3e-05  8:2.6e-03
  735 ,   7351 : 2.9635840336214e+00 +(3e-03,1e-02) | 3.89e+02 |  2:8.3e-05  8:2.5e-03
  736 ,   7361 : 2.9636086189078e+00 +(2e-03,2e-02) | 3.94e+02 |  2:8.4e-05  8:2.5e-03
  737 ,   7371 : 2.9615264874205e+00 +(6e-03,1e-02) | 3.93e+02 |  2:9.3e-05  8:2.7e-03
  738 ,   7381 : 2.9612415031085e+00 +(4e-03,1e-02) | 3.92e+02 |  2:9.8e-05  8:2.8e-03
  739 ,   7391 : 2.9635801563056e+00 +(3e-03,1e-02) | 3.76e+02 |  2:9.1e-05  8:2.6e-03
Iterat, #Fevals:   Function Value    (median,worst) |Axis Ratio|idx:Min SD idx:Max SD
  740 ,   7401 : 2.9611747824188e+00 +(6e-03,2e-02) | 3.72e+02 |  2:9.1e-05  8:2.6e-03
  741 ,   7411 : 2.9627012177510e+00 +(5e-03,1e-02) | 3.73e+02 |  2:8.9e-05  8:2.5e-03
  742 ,   7421 : 2.9651405317015e+00 +(7e-03,9e-03) | 3.77e+02 |  2:8.7e-05  8:2.5e-03
  743 ,   7431 : 2.9608044746656e+00 +(4e-03,1e-02) | 3.74e+02 |  2:9.1e-05  8:2.5e-03
  744 ,   7441 : 2.9629978391132e+00 +(3e-03,1e-02) | 3.74e+02 |  2:1.1e-04  8:2.8e-03
  745 ,   7451 : 2.9560222053343e+00 +(9e-03,2e-02) | 3.77e+02 |  2:1.1e-04  8:2.9e-03
  746 ,   7461 : 2.9553278693223e+00 +(2e-02,2e-02) | 3.75e+02 |  2:1.1e-04  8:2.7e-03
  747 ,   7471 : 2.9633438371163e+00 +(3e-03,9e-03) | 3.76e+02 |  2:1.1e-04  8:3.0e-03
  748 ,   7481 : 2.9580903501796e+00 +(7e-03,2e-02) | 3.68e+02 |  2:1.2e-04  8:3.0e-03
  749 ,   7491 : 2.9629846720698e+00 +(2e-03,8e-03) | 3.63e+02 |  2:1.4e-04  8:3.1e-03
Iterat, #Fevals:   Function Value    (median,worst) |Axis Ratio|idx:Min SD idx:Max SD
  750 ,   7501 : 2.9647415446615e+00 +(3e-03,4e-03) | 3.55e+02 |  2:1.4e-04  8:3.1e-03
  751 ,   7511 : 2.9632865950043e+00 +(4e-03,1e-02) | 3.57e+02 |  2:1.2e-04  8:2.8e-03
  752 ,   7521 : 2.9643334927478e+00 +(2e-03,1e-02) | 3.49e+02 |  2:1.2e-04  8:2.7e-03
  753 ,   7531 : 2.9657673018489e+00 +(6e-03,9e-03) | 3.61e+02 |  2:1.2e-04  8:2.7e-03
  754 ,   7541 : 2.9638574199436e+00 +(4e-03,1e-02) | 3.51e+02 |  2:1.1e-04  8:2.5e-03
  755 ,   7551 : 2.9645612903038e+00 +(7e-03,9e-03) | 3.72e+02 |  2:1.1e-04  8:2.6e-03
  756 ,   7561 : 2.9640925569294e+00 +(8e-03,1e-02) | 3.77e+02 |  2:1.1e-04  8:2.7e-03
  757 ,   7571 : 2.9645618825493e+00 +(2e-03,9e-03) | 3.86e+02 |  2:1.1e-04  8:2.7e-03
  758 ,   7581 : 2.9622732099759e+00 +(5e-03,1e-02) | 3.98e+02 |  2:1.2e-04  8:2.8e-03
  759 ,   7591 : 2.9648256728542e+00 +(5e-03,1e-02) | 4.13e+02 |  2:1.4e-04  8:3.3e-03
Iterat, #Fevals:   Function Value    (median,worst) |Axis Ratio|idx:Min SD idx:Max SD
  760 ,   7601 : 2.9612121911512e+00 +(5e-03,2e-02) | 4.26e+02 |  2:1.5e-04  8:3.8e-03
  761 ,   7611 : 2.9628799368875e+00 +(5e-03,1e-02) | 4.31e+02 |  2:1.6e-04  8:3.9e-03
  762 ,   7621 : 2.9641435427760e+00 +(4e-03,1e-02) | 4.28e+02 |  2:1.5e-04  8:3.7e-03
  763 ,   7631 : 2.9634598670187e+00 +(5e-03,1e-02) | 4.27e+02 |  2:1.5e-04  8:3.6e-03
  764 ,   7641 : 2.9636925695679e+00 +(3e-03,1e-02) | 4.27e+02 |  2:1.6e-04  8:3.8e-03
  765 ,   7651 : 2.9616699859983e+00 +(5e-03,1e-02) | 4.35e+02 |  2:1.7e-04  8:4.2e-03
  766 ,   7661 : 2.9622691241778e+00 +(3e-03,9e-03) | 4.52e+02 |  2:1.8e-04  8:4.8e-03
  767 ,   7671 : 2.9643518512639e+00 +(3e-03,1e-02) | 4.74e+02 |  2:1.9e-04  8:5.2e-03
  768 ,   7681 : 2.9631512098471e+00 +(4e-03,1e-02) | 4.80e+02 |  2:1.8e-04  8:5.1e-03
  769 ,   7691 : 2.9651098282317e+00 +(3e-03,6e-03) | 4.84e+02 |  2:1.8e-04  8:5.1e-03
Iterat, #Fevals:   Function Value    (median,worst) |Axis Ratio|idx:Min SD idx:Max SD
  770 ,   7701 : 2.9635492742155e+00 +(4e-03,9e-03) | 5.04e+02 |  2:1.9e-04  8:5.8e-03
  771 ,   7711 : 2.9623034653267e+00 +(9e-03,1e-02) | 5.04e+02 |  2:2.0e-04  8:5.9e-03
  772 ,   7721 : 2.9623568274696e+00 +(3e-03,1e-02) | 5.06e+02 |  2:2.0e-04  8:6.0e-03
  773 ,   7731 : 2.9614862017460e+00 +(4e-03,1e-02) | 5.02e+02 |  2:2.0e-04  8:5.8e-03
  774 ,   7741 : 2.9638029003110e+00 +(3e-03,8e-03) | 5.09e+02 |  2:2.1e-04  8:5.9e-03
  775 ,   7751 : 2.9611162958713e+00 +(6e-03,1e-02) | 5.05e+02 |  2:2.0e-04  8:5.7e-03
  776 ,   7761 : 2.9619091346457e+00 +(9e-03,2e-02) | 5.01e+02 |  2:2.2e-04  8:5.8e-03
  777 ,   7771 : 2.9630360648498e+00 +(3e-03,9e-03) | 4.98e+02 |  2:2.1e-04  8:5.6e-03
  778 ,   7781 : 2.9619216152753e+00 +(5e-03,1e-02) | 4.94e+02 |  2:2.0e-04  8:5.3e-03
  779 ,   7791 : 2.9583038053162e+00 +(7e-03,9e-03) | 5.09e+02 |  2:1.8e-04  8:5.0e-03
Iterat, #Fevals:   Function Value    (median,worst) |Axis Ratio|idx:Min SD idx:Max SD
  780 ,   7801 : 2.9622049052411e+00 +(5e-03,1e-02) | 5.10e+02 |  2:1.7e-04  8:4.5e-03
  781 ,   7811 : 2.9653038437153e+00 +(3e-03,9e-03) | 4.94e+02 |  2:1.6e-04  8:4.4e-03
  782 ,   7821 : 2.9640772811589e+00 +(2e-03,9e-03) | 4.98e+02 |  2:1.7e-04  8:4.7e-03
  783 ,   7831 : 2.9609574563082e+00 +(8e-03,1e-02) | 5.01e+02 |  2:1.8e-04  8:4.6e-03
  784 ,   7841 : 2.9602906241942e+00 +(1e-02,1e-02) | 4.93e+02 |  2:1.7e-04  8:4.5e-03
  785 ,   7851 : 2.9639744551735e+00 +(4e-03,1e-02) | 4.71e+02 |  2:1.9e-04  8:5.0e-03
  786 ,   7861 : 2.9626841813716e+00 +(5e-03,2e-02) | 5.34e+02 |  2:2.2e-04  8:6.1e-03
  787 ,   7871 : 2.9633957834815e+00 +(3e-03,1e-02) | 5.49e+02 |  2:2.1e-04  8:6.2e-03
  788 ,   7881 : 2.9630686095343e+00 +(5e-03,1e-02) | 5.44e+02 |  2:2.1e-04  8:6.1e-03
  789 ,   7891 : 2.9635091468537e+00 +(3e-03,8e-03) | 5.50e+02 |  2:2.0e-04  8:5.9e-03
Iterat, #Fevals:   Function Value    (median,worst) |Axis Ratio|idx:Min SD idx:Max SD
  790 ,   7901 : 2.9657286309820e+00 +(2e-03,7e-03) | 5.45e+02 |  2:1.7e-04  8:5.0e-03
  791 ,   7911 : 2.9609014437811e+00 +(6e-03,1e-02) | 5.48e+02 |  2:1.6e-04  8:4.6e-03
  792 ,   7921 : 2.9617360129156e+00 +(4e-03,1e-02) | 5.49e+02 |  2:1.5e-04  8:4.5e-03
  793 ,   7931 : 2.9615605519149e+00 +(5e-03,1e-02) | 5.46e+02 |  2:1.4e-04  8:4.1e-03
  794 ,   7941 : 2.9632472040419e+00 +(5e-03,1e-02) | 5.50e+02 |  2:1.4e-04  8:3.9e-03
  795 ,   7951 : 2.9602873293063e+00 +(7e-03,1e-02) | 5.39e+02 |  2:1.5e-04  8:4.1e-03
  796 ,   7961 : 2.9605907337325e+00 +(6e-03,1e-02) | 5.20e+02 |  2:1.7e-04  8:4.4e-03
  797 ,   7971 : 2.9616799774149e+00 +(8e-03,1e-02) | 5.21e+02 |  2:1.9e-04  8:4.6e-03
  798 ,   7981 : 2.9638355318065e+00 +(3e-03,1e-02) | 5.12e+02 |  2:2.0e-04  8:4.8e-03
  799 ,   7991 : 2.9638000633928e+00 +(4e-03,1e-02) | 5.00e+02 |  2:1.8e-04  8:4.5e-03
Iterat, #Fevals:   Function Value    (median,worst) |Axis Ratio|idx:Min SD idx:Max SD
  800 ,   8001 : 2.9628240892454e+00 +(4e-03,1e-02) | 5.02e+02 |  2:1.7e-04  8:4.1e-03
  801 ,   8011 : 2.9570038873226e+00 +(1e-02,2e-02) | 4.95e+02 |  2:1.8e-04  8:4.2e-03
  802 ,   8021 : 2.9635132689705e+00 +(4e-03,1e-02) | 5.02e+02 |  2:1.7e-04  8:4.1e-03
  803 ,   8031 : 2.9633491902662e+00 +(3e-03,2e-02) | 5.12e+02 |  2:1.7e-04  8:4.1e-03
  804 ,   8041 : 2.9628044670041e+00 +(5e-03,1e-02) | 5.07e+02 |  2:1.7e-04  8:4.1e-03
  805 ,   8051 : 2.9617323613629e+00 +(8e-03,2e-02) | 5.04e+02 |  2:1.7e-04  8:4.1e-03
  806 ,   8061 : 2.9631847142143e+00 +(2e-03,1e-02) | 5.03e+02 |  2:1.8e-04  8:4.4e-03
  807 ,   8071 : 2.9619110442409e+00 +(5e-03,1e-02) | 5.01e+02 |  2:1.9e-04  8:4.6e-03
  808 ,   8081 : 2.9634536676006e+00 +(4e-03,2e-02) | 5.01e+02 |  2:1.8e-04  8:4.4e-03
  809 ,   8091 : 2.9642009951232e+00 +(2e-03,1e-02) | 5.00e+02 |  2:1.9e-04  8:4.6e-03
Iterat, #Fevals:   Function Value    (median,worst) |Axis Ratio|idx:Min SD idx:Max SD
  810 ,   8101 : 2.9637461484298e+00 +(3e-03,1e-02) | 5.02e+02 |  2:1.8e-04  8:4.4e-03
  811 ,   8111 : 2.9611257117445e+00 +(6e-03,1e-02) | 5.06e+02 |  2:1.9e-04  8:4.6e-03
  812 ,   8121 : 2.9656969069174e+00 +(6e-03,9e-03) | 5.29e+02 |  2:2.1e-04  8:5.0e-03
  813 ,   8131 : 2.9614735683160e+00 +(5e-03,1e-02) | 5.31e+02 |  2:2.2e-04  8:5.2e-03
  814 ,   8141 : 2.9636260975252e+00 +(5e-03,1e-02) | 5.10e+02 |  2:2.2e-04  8:5.3e-03
  815 ,   8151 : 2.9654021679764e+00 +(4e-03,1e-02) | 4.98e+02 |  2:2.1e-04  8:5.1e-03
  816 ,   8161 : 2.9636516557980e+00 +(3e-03,8e-03) | 4.94e+02 |  2:2.0e-04  8:4.8e-03
  817 ,   8171 : 2.9590364256775e+00 +(7e-03,2e-02) | 5.00e+02 |  2:1.9e-04  8:4.6e-03
  818 ,   8181 : 2.9638163647784e+00 +(4e-03,1e-02) | 5.17e+02 |  2:2.0e-04  8:4.8e-03
  819 ,   8191 : 2.9635418810582e+00 +(6e-03,2e-02) | 5.22e+02 |  2:2.1e-04  8:5.0e-03
Iterat, #Fevals:   Function Value    (median,worst) |Axis Ratio|idx:Min SD idx:Max SD
  820 ,   8201 : 2.9613155295722e+00 +(5e-03,1e-02) | 5.31e+02 |  2:2.1e-04  8:5.0e-03
  821 ,   8211 : 2.9615523695218e+00 +(4e-03,1e-02) | 5.41e+02 |  2:2.2e-04  8:5.1e-03
  822 ,   8221 : 2.9608584024177e+00 +(5e-03,1e-02) | 5.40e+02 |  2:2.0e-04  8:4.6e-03
  823 ,   8231 : 2.9628058797042e+00 +(2e-03,1e-02) | 5.45e+02 |  2:2.0e-04  8:4.7e-03
  824 ,   8241 : 2.9641418267770e+00 +(3e-03,8e-03) | 5.25e+02 |  2:2.2e-04  8:5.1e-03
  825 ,   8251 : 2.9630212432097e+00 +(4e-03,1e-02) | 5.30e+02 |  2:2.2e-04  8:5.0e-03
  826 ,   8261 : 2.9600583528377e+00 +(6e-03,1e-02) | 5.27e+02 |  2:2.2e-04  8:5.0e-03
  827 ,   8271 : 2.9596997599362e+00 +(6e-03,2e-02) | 5.20e+02 |  2:2.1e-04  8:4.7e-03
  828 ,   8281 : 2.9642367721861e+00 +(4e-03,7e-03) | 4.97e+02 |  2:2.1e-04  8:4.7e-03
  829 ,   8291 : 2.9635617058608e+00 +(4e-03,1e-02) | 4.98e+02 |  2:2.2e-04  8:4.9e-03
Iterat, #Fevals:   Function Value    (median,worst) |Axis Ratio|idx:Min SD idx:Max SD
  830 ,   8301 : 2.9612409766989e+00 +(7e-03,2e-02) | 4.95e+02 |  2:2.2e-04  8:4.9e-03
  831 ,   8311 : 2.9633877074761e+00 +(3e-03,1e-02) | 4.95e+02 |  2:2.2e-04  8:4.8e-03
  832 ,   8321 : 2.9637023646964e+00 +(3e-03,1e-02) | 4.83e+02 |  2:2.1e-04  8:4.6e-03
  833 ,   8331 : 2.9637209184935e+00 +(6e-03,1e-02) | 4.84e+02 |  2:2.0e-04  8:4.4e-03
  834 ,   8341 : 2.9655532188648e+00 +(3e-03,8e-03) | 4.88e+02 |  2:1.9e-04  8:4.1e-03
  835 ,   8351 : 2.9621954616806e+00 +(5e-03,1e-02) | 4.84e+02 |  2:2.0e-04  8:4.3e-03
  836 ,   8361 : 2.9628616797502e+00 +(8e-03,2e-02) | 4.66e+02 |  2:1.8e-04  8:4.0e-03
  837 ,   8371 : 2.9638551526671e+00 +(3e-03,1e-02) | 4.60e+02 |  2:1.9e-04  8:4.0e-03
  838 ,   8381 : 2.9627775773872e+00 +(2e-03,5e-03) | 4.56e+02 |  2:1.8e-04  8:3.8e-03
  839 ,   8391 : 2.9656306679211e+00 +(6e-03,8e-03) | 4.53e+02 |  2:1.6e-04  8:3.3e-03
Iterat, #Fevals:   Function Value    (median,worst) |Axis Ratio|idx:Min SD idx:Max SD
  840 ,   8401 : 2.9618343146206e+00 +(6e-03,1e-02) | 4.51e+02 |  2:1.4e-04  8:3.0e-03
  841 ,   8411 : 2.9613124401506e+00 +(6e-03,1e-02) | 4.56e+02 |  2:1.4e-04  8:2.9e-03
  842 ,   8421 : 2.9634580283208e+00 +(4e-03,9e-03) | 4.61e+02 |  2:1.4e-04  8:2.8e-03
#Fevals:   f(returned x)   |    bestever.f     | stopflag (saved to variablescmaes10.mat)
   8422: 2.96169063991e+00 | 2.95440395180e+00 | stagnation
mean solution: +1.5e+01 +2.8e+00 +2.7e+00 +4.4e+00 +1.8e+01 +7.4e+00 +1.1e+00 +7.7e+00 +1.1e+00
std deviation:  7.9e-04  1.4e-04  1.7e-04  4.1e-04  7.1e-04  1.1e-03  9.9e-04  2.8e-03  1.5e-03
use plotcmaesdat.m for plotting the output at any time (option LogModulo must not be zero)
