
                            < M A T L A B (R) >
                  Copyright 1984-2015 The MathWorks, Inc.
                   R2015a (8.5.0.197613) 64-bit (glnxa64)
                             February 12, 2015

 
For online documentation, see http://www.mathworks.com/support
For product information, visit www.mathworks.com.
 

	Academic License


seed =

                106.426691


Initialtheta =

          856.578918358129
          9543066.77651068
          44956503.9858534
          6102.57749849943
          8520.74611493556
          739.071401185539
        0.0487471478778083
          8.57463300014209
          898.787346675755

  n=9: (12,25)-CMA-ES(w=[24 17 14... 1.5 0.74]%, ]%, mu_eff=7.3) on function Error
Iterat, #Fevals:   Function Value    (median,worst) |Axis Ratio|idx:Min SD idx:Max SD
    1 ,     26 : 1.6500259073030e+02 +(1e+05,4e+08) | 1.61e+02 |  9:2.6e-01  1:4.1e+01
    2 ,     51 : 1.6472672361974e+02 +(3e-01,8e+15) | 1.60e+02 |  9:2.2e-01  1:3.6e+01
    3 ,     76 : 1.6469937335997e+02 +(3e-01,3e+07) | 1.55e+02 |  9:2.0e-01  1:3.0e+01
    4 ,    101 : 1.6494497193825e+02 +(8e-02,1e+07) | 1.53e+02 |  9:1.8e-01  1:2.8e+01
    5 ,    126 : 1.6226608447526e+02 +(3e+00,3e+07) | 1.49e+02 |  9:1.7e-01  1:2.5e+01
    6 ,    151 : 1.6234077924768e+02 +(3e+00,2e+07) | 1.43e+02 |  9:1.8e-01  1:2.5e+01
    7 ,    176 : 1.5286782883401e+02 +(1e+01,2e+08) | 1.38e+02 |  9:1.6e-01  1:2.1e+01
    8 ,    201 : 1.6491886607173e+02 +(1e-01,4e+06) | 1.33e+02 |  9:1.4e-01  1:1.8e+01
    9 ,    226 : 1.6495830363353e+02 +(8e-02,9e+06) | 1.29e+02 |  9:1.2e-01  1:1.5e+01
Iterat, #Fevals:   Function Value    (median,worst) |Axis Ratio|idx:Min SD idx:Max SD
   10 ,    251 : 1.6498895316072e+02 +(5e-02,5e+05) | 1.22e+02 |  9:1.1e-01  1:1.3e+01
   11 ,    276 : 1.0496115909094e+01 +(2e+02,1e+07) | 1.19e+02 |  9:1.1e-01  1:1.2e+01
   12 ,    301 : 1.6500864941657e+02 +(3e-02,2e+06) | 1.17e+02 |  9:1.1e-01  1:1.1e+01
   13 ,    326 : 1.6499394224027e+02 +(4e-02,3e+05) | 1.12e+02 |  9:9.6e-02  1:9.2e+00
   14 ,    351 : 5.5154357404807e+01 +(1e+02,8e+05) | 1.06e+02 |  9:9.5e-02  1:8.5e+00
   15 ,    376 : 1.3197402700669e+02 +(3e+01,4e+05) | 1.05e+02 |  9:8.6e-02  1:7.6e+00
   16 ,    401 : 1.6500361004862e+02 +(4e-02,5e+05) | 1.03e+02 |  9:8.1e-02  1:7.1e+00
   17 ,    426 : 9.7698363905995e+00 +(2e+02,2e+05) | 1.01e+02 |  9:7.6e-02  1:6.6e+00
   18 ,    451 : 1.0898643237990e+02 +(6e+01,2e+05) | 9.67e+01 |  9:8.7e-02  1:7.0e+00
   19 ,    476 : 6.5882129013724e+01 +(1e+02,1e+06) | 8.87e+01 |  9:1.0e-01  1:7.3e+00
Iterat, #Fevals:   Function Value    (median,worst) |Axis Ratio|idx:Min SD idx:Max SD
   20 ,    501 : 1.7388640382231e+01 +(1e+02,8e+05) | 8.86e+01 |  9:1.0e-01  1:7.3e+00
   21 ,    526 : 1.4876457665157e+01 +(2e+02,8e+04) | 9.31e+01 |  9:1.0e-01  1:7.7e+00
   22 ,    551 : 2.7468505093877e+01 +(2e+02,4e+05) | 8.79e+01 |  9:1.1e-01  1:7.8e+00
   23 ,    576 : 1.1132993298680e+01 +(2e+02,3e+05) | 9.37e+01 |  9:1.2e-01  1:8.6e+00
   24 ,    601 : 1.4044419321247e+01 +(2e+02,7e+04) | 9.41e+01 |  9:1.2e-01  1:8.3e+00
   25 ,    626 : 9.9981983216723e+01 +(7e+01,4e+04) | 9.41e+01 |  9:1.1e-01  1:7.5e+00
   26 ,    651 : 5.8364364442598e+01 +(1e+02,1e+05) | 9.17e+01 |  7:1.1e-01  1:7.6e+00
   27 ,    676 : 1.6907002644269e+01 +(1e+02,9e+04) | 8.77e+01 |  7:1.0e-01  1:6.9e+00
   28 ,    701 : 1.1292755442743e+01 +(2e+02,6e+04) | 8.55e+01 |  9:1.1e-01  1:6.8e+00
   29 ,    726 : 1.7680955741524e+01 +(1e+02,3e+05) | 8.18e+01 |  9:9.9e-02  1:6.1e+00
Iterat, #Fevals:   Function Value    (median,worst) |Axis Ratio|idx:Min SD idx:Max SD
   30 ,    751 : 2.7319389242293e+01 +(1e+02,2e+04) | 7.98e+01 |  9:7.8e-02  1:4.8e+00
   31 ,    776 : 9.7940809240820e+00 +(2e+02,1e+05) | 7.61e+01 |  9:6.3e-02  1:3.7e+00
   32 ,    801 : 1.0881071421356e+01 +(2e+02,5e+03) | 7.57e+01 |  9:6.2e-02  1:3.4e+00
   33 ,    826 : 1.2740690165853e+01 +(2e+02,1e+04) | 7.84e+01 |  9:5.6e-02  1:3.2e+00
   34 ,    851 : 9.7467835038780e+00 +(1e+02,7e+03) | 7.65e+01 |  7:4.9e-02  1:2.8e+00
   35 ,    876 : 1.6629187485374e+01 +(1e+02,3e+03) | 7.81e+01 |  9:4.1e-02  1:2.4e+00
   36 ,    901 : 1.0865627633273e+01 +(2e+02,4e+03) | 7.84e+01 |  9:3.7e-02  1:2.2e+00
   37 ,    926 : 1.2014141687518e+01 +(5e+01,2e+03) | 7.82e+01 |  9:3.3e-02  1:1.9e+00
   38 ,    951 : 1.1211823565121e+01 +(1e+02,2e+03) | 7.36e+01 |  9:3.1e-02  1:1.7e+00
   39 ,    976 : 1.2179767398768e+01 +(6e+01,5e+02) | 7.21e+01 |  9:2.7e-02  1:1.5e+00
Iterat, #Fevals:   Function Value    (median,worst) |Axis Ratio|idx:Min SD idx:Max SD
   40 ,   1001 : 1.0474512135652e+01 +(7e+01,3e+02) | 7.15e+01 |  9:2.3e-02  1:1.3e+00
   41 ,   1026 : 1.0640418755665e+01 +(5e+01,9e+02) | 7.20e+01 |  9:2.2e-02  1:1.2e+00
   42 ,   1051 : 1.0999431462102e+01 +(3e+01,7e+02) | 7.91e+01 |  9:2.6e-02  1:1.5e+00
   43 ,   1076 : 1.0279515037120e+01 +(3e+01,3e+02) | 8.14e+01 |  9:2.5e-02  1:1.5e+00
   44 ,   1101 : 1.0458940508817e+01 +(5e+01,2e+02) | 8.16e+01 |  9:2.3e-02  1:1.4e+00
   45 ,   1126 : 1.0571772173678e+01 +(3e+01,1e+02) | 8.32e+01 |  9:2.2e-02  1:1.3e+00
   46 ,   1151 : 1.0432130212063e+01 +(2e+01,3e+02) | 8.42e+01 |  9:2.0e-02  1:1.2e+00
   47 ,   1176 : 1.1136127619511e+01 +(3e+01,1e+02) | 8.61e+01 |  9:1.8e-02  1:1.1e+00
   48 ,   1201 : 1.0513619383058e+01 +(2e+01,2e+02) | 8.46e+01 |  9:1.8e-02  1:1.1e+00
   49 ,   1226 : 1.0534439112019e+01 +(2e+01,1e+02) | 8.51e+01 |  9:1.8e-02  1:1.1e+00
Iterat, #Fevals:   Function Value    (median,worst) |Axis Ratio|idx:Min SD idx:Max SD
   50 ,   1251 : 1.0142414077450e+01 +(2e+01,9e+01) | 8.93e+01 |  9:1.9e-02  1:1.2e+00
   51 ,   1276 : 1.1003902752017e+01 +(1e+01,8e+01) | 9.05e+01 |  9:2.0e-02  1:1.2e+00
   52 ,   1301 : 1.0253853804896e+01 +(8e+00,1e+02) | 9.09e+01 |  7:2.1e-02  1:1.3e+00
   53 ,   1326 : 1.0129623546850e+01 +(1e+01,4e+02) | 9.14e+01 |  7:2.2e-02  1:1.3e+00
   54 ,   1351 : 1.0142618433104e+01 +(8e+00,1e+02) | 9.18e+01 |  7:2.1e-02  1:1.2e+00
   55 ,   1376 : 9.9462283665804e+00 +(5e+00,1e+02) | 9.29e+01 |  7:2.2e-02  1:1.2e+00
   56 ,   1401 : 1.0260959228357e+01 +(7e+00,8e+01) | 9.61e+01 |  7:2.0e-02  1:1.1e+00
   57 ,   1426 : 9.8354398373418e+00 +(8e+00,3e+02) | 1.02e+02 |  7:2.1e-02  1:1.2e+00
   58 ,   1451 : 9.7091865491077e+00 +(1e+01,1e+02) | 1.05e+02 |  7:2.0e-02  1:1.2e+00
   59 ,   1476 : 1.0009520238153e+01 +(1e+01,1e+02) | 1.04e+02 |  7:1.7e-02  1:9.6e-01
Iterat, #Fevals:   Function Value    (median,worst) |Axis Ratio|idx:Min SD idx:Max SD
   60 ,   1501 : 1.0219815219878e+01 +(6e+00,1e+02) | 1.05e+02 |  7:1.6e-02  1:8.5e-01
   61 ,   1526 : 9.8435425821666e+00 +(2e+00,4e+01) | 1.07e+02 |  7:1.6e-02  1:8.1e-01
   62 ,   1551 : 9.6953428392402e+00 +(1e+00,2e+01) | 1.13e+02 |  7:1.7e-02  1:8.3e-01
   63 ,   1576 : 9.7707310401732e+00 +(3e+00,3e+01) | 1.15e+02 |  9:1.9e-02  1:8.6e-01
   64 ,   1601 : 9.7742594557408e+00 +(2e+00,3e+01) | 1.15e+02 |  9:1.7e-02  1:7.6e-01
   65 ,   1626 : 9.7018634004820e+00 +(3e+00,3e+01) | 1.15e+02 |  9:1.7e-02  1:7.8e-01
   66 ,   1651 : 9.6803997764701e+00 +(3e+00,9e+00) | 1.16e+02 |  9:2.1e-02  1:9.1e-01
   67 ,   1676 : 9.7427570377842e+00 +(2e+00,6e+01) | 1.22e+02 |  9:2.2e-02  1:9.6e-01
   68 ,   1701 : 9.5747822850697e+00 +(8e+00,5e+01) | 1.23e+02 |  9:2.0e-02  1:8.7e-01
   69 ,   1726 : 9.6301462060335e+00 +(3e+00,2e+01) | 1.26e+02 |  8:2.1e-02  1:9.2e-01
Iterat, #Fevals:   Function Value    (median,worst) |Axis Ratio|idx:Min SD idx:Max SD
   70 ,   1751 : 9.2080349851378e+00 +(3e+00,2e+01) | 1.29e+02 |  8:2.3e-02  1:9.8e-01
   71 ,   1776 : 9.4051990968630e+00 +(2e+00,1e+01) | 1.31e+02 |  8:2.3e-02  1:9.9e-01
   72 ,   1801 : 9.2889373823359e+00 +(2e+00,2e+01) | 1.39e+02 |  8:2.4e-02  1:1.1e+00
   73 ,   1826 : 9.4142849616955e+00 +(7e+00,1e+02) | 1.38e+02 |  8:2.4e-02  1:1.1e+00
   74 ,   1851 : 9.3839541582797e+00 +(3e+00,7e+01) | 1.40e+02 |  8:2.1e-02  1:9.1e-01
   75 ,   1876 : 9.3982106729306e+00 +(1e+00,2e+01) | 1.43e+02 |  8:1.8e-02  1:8.0e-01
   76 ,   1901 : 9.0950068198315e+00 +(2e+00,7e+00) | 1.39e+02 |  8:1.9e-02  1:8.3e-01
   77 ,   1926 : 8.9784342312691e+00 +(1e+00,1e+01) | 1.36e+02 |  8:2.1e-02  1:9.2e-01
   78 ,   1951 : 8.9786300535892e+00 +(1e+00,3e+01) | 1.38e+02 |  8:2.4e-02  1:1.1e+00
   79 ,   1976 : 9.1948590366682e+00 +(1e+01,6e+01) | 1.39e+02 |  8:2.6e-02  1:1.1e+00
Iterat, #Fevals:   Function Value    (median,worst) |Axis Ratio|idx:Min SD idx:Max SD
   80 ,   2001 : 8.9004811540936e+00 +(6e+00,1e+02) | 1.45e+02 |  8:2.6e-02  1:1.1e+00
   81 ,   2026 : 9.2143350198840e+00 +(4e+00,2e+01) | 1.48e+02 |  8:2.6e-02  1:1.1e+00
   82 ,   2051 : 8.7676390729287e+00 +(2e+00,2e+01) | 1.53e+02 |  8:2.6e-02  1:1.1e+00
   83 ,   2076 : 8.9738985210241e+00 +(3e+00,8e+01) | 1.55e+02 |  8:2.6e-02  1:1.1e+00
   84 ,   2101 : 9.0950972843184e+00 +(1e+00,1e+01) | 1.54e+02 |  8:2.7e-02  1:1.1e+00
   85 ,   2126 : 8.8412493256347e+00 +(2e+00,3e+01) | 1.53e+02 |  8:2.7e-02  1:1.1e+00
   86 ,   2151 : 9.1062430025244e+00 +(2e+00,5e+01) | 1.49e+02 |  8:2.9e-02  1:1.1e+00
   87 ,   2176 : 8.8802186964054e+00 +(3e+00,2e+01) | 1.52e+02 |  8:2.5e-02  1:9.9e-01
   88 ,   2201 : 9.0249885700780e+00 +(1e+00,1e+01) | 1.56e+02 |  8:2.3e-02  1:9.0e-01
   89 ,   2226 : 8.7308352592810e+00 +(1e+00,1e+01) | 1.58e+02 |  8:2.1e-02  1:8.4e-01
Iterat, #Fevals:   Function Value    (median,worst) |Axis Ratio|idx:Min SD idx:Max SD
   90 ,   2251 : 8.5943544662945e+00 +(9e-01,9e+00) | 1.56e+02 |  8:2.0e-02  1:7.7e-01
   91 ,   2276 : 8.5628031184617e+00 +(1e+00,9e+00) | 1.55e+02 |  8:2.1e-02  1:8.1e-01
   92 ,   2301 : 8.3017084466216e+00 +(1e+00,9e+00) | 1.63e+02 |  8:2.5e-02  1:1.0e+00
   93 ,   2326 : 8.2238751230188e+00 +(1e+00,7e+00) | 1.65e+02 |  8:2.8e-02  1:1.1e+00
   94 ,   2351 : 8.1433576146747e+00 +(1e+00,2e+01) | 1.65e+02 |  8:3.3e-02  1:1.3e+00
   95 ,   2376 : 8.1469076803461e+00 +(3e+00,8e+01) | 1.65e+02 |  8:3.4e-02  1:1.3e+00
   96 ,   2401 : 8.1641222312236e+00 +(2e+00,5e+01) | 1.69e+02 |  8:3.3e-02  1:1.2e+00
   97 ,   2426 : 7.8487474965160e+00 +(2e+00,2e+01) | 1.72e+02 |  8:3.2e-02  1:1.2e+00
   98 ,   2451 : 7.9923496839514e+00 +(2e+00,1e+02) | 1.77e+02 |  8:3.2e-02  1:1.2e+00
   99 ,   2476 : 8.0300939431467e+00 +(1e+00,3e+01) | 1.80e+02 |  8:3.2e-02  1:1.2e+00
Iterat, #Fevals:   Function Value    (median,worst) |Axis Ratio|idx:Min SD idx:Max SD
  100 ,   2501 : 7.8819787912478e+00 +(3e+00,2e+01) | 1.83e+02 |  8:3.4e-02  1:1.3e+00
  101 ,   2526 : 7.6414933252321e+00 +(2e+00,2e+01) | 1.85e+02 |  8:3.7e-02  1:1.4e+00
  102 ,   2551 : 7.6916861714705e+00 +(1e+00,2e+01) | 1.87e+02 |  8:3.7e-02  1:1.4e+00
  103 ,   2576 : 7.6219053769954e+00 +(1e+00,2e+01) | 1.90e+02 |  8:3.6e-02  1:1.4e+00
  104 ,   2601 : 7.5688237150249e+00 +(5e+00,1e+02) | 1.86e+02 |  8:3.5e-02  1:1.3e+00
  105 ,   2626 : 7.5722785386266e+00 +(2e+00,5e+01) | 1.87e+02 |  8:3.3e-02  1:1.2e+00
  106 ,   2651 : 7.7018439958255e+00 +(9e-01,1e+01) | 1.84e+02 |  8:2.8e-02  1:1.1e+00
  107 ,   2676 : 7.7212012532163e+00 +(2e+00,2e+01) | 1.89e+02 |  8:2.8e-02  1:1.0e+00
  108 ,   2701 : 7.5482430905587e+00 +(7e-01,1e+02) | 1.91e+02 |  8:2.5e-02  1:9.5e-01
  109 ,   2726 : 7.5990123775587e+00 +(8e-01,5e+01) | 1.98e+02 |  8:2.6e-02  1:1.0e+00
Iterat, #Fevals:   Function Value    (median,worst) |Axis Ratio|idx:Min SD idx:Max SD
  110 ,   2751 : 7.5381715491066e+00 +(6e-01,3e+01) | 1.99e+02 |  8:2.3e-02  1:8.8e-01
  111 ,   2776 : 7.5226759652612e+00 +(8e-01,4e+01) | 2.04e+02 |  8:2.2e-02  1:8.2e-01
  112 ,   2801 : 7.5410943596968e+00 +(8e-01,2e+01) | 2.03e+02 |  8:2.0e-02  1:7.6e-01
  113 ,   2826 : 7.5499752374906e+00 +(4e-01,1e+01) | 2.02e+02 |  8:1.8e-02  1:6.5e-01
  114 ,   2851 : 7.5220294426747e+00 +(5e-01,9e+00) | 2.07e+02 |  8:1.6e-02  1:6.0e-01
  115 ,   2876 : 7.5372278884770e+00 +(5e-01,6e+00) | 2.10e+02 |  8:1.5e-02  1:5.5e-01
  116 ,   2901 : 7.5552099292619e+00 +(2e-01,2e+00) | 2.14e+02 |  8:1.5e-02  1:5.1e-01
  117 ,   2926 : 7.5735780213288e+00 +(1e-01,1e+00) | 2.20e+02 |  8:1.5e-02  1:5.3e-01
  118 ,   2951 : 7.5458608798347e+00 +(2e-01,4e+00) | 2.20e+02 |  8:1.5e-02  1:5.2e-01
  119 ,   2976 : 7.5321485258818e+00 +(2e-01,1e+00) | 2.23e+02 |  8:1.6e-02  1:5.4e-01
Iterat, #Fevals:   Function Value    (median,worst) |Axis Ratio|idx:Min SD idx:Max SD
  120 ,   3001 : 7.5525172842087e+00 +(2e-01,1e+00) | 2.19e+02 |  8:1.4e-02  1:4.7e-01
  121 ,   3026 : 7.5532799293565e+00 +(2e-01,5e-01) | 2.21e+02 |  8:1.5e-02  1:5.2e-01
  122 ,   3051 : 7.5430704826817e+00 +(3e-01,1e+00) | 2.27e+02 |  8:1.4e-02  1:4.7e-01
  123 ,   3076 : 7.5714305264615e+00 +(1e-01,5e-01) | 2.25e+02 |  8:1.4e-02  1:4.8e-01
  124 ,   3101 : 7.5657676873266e+00 +(2e-01,1e+00) | 2.38e+02 |  8:1.5e-02  1:5.1e-01
  125 ,   3126 : 7.5212172583831e+00 +(1e-01,1e+00) | 2.40e+02 |  8:1.4e-02  1:5.0e-01
  126 ,   3151 : 7.5461449854242e+00 +(2e-01,5e-01) | 2.46e+02 |  8:1.3e-02  1:4.6e-01
  127 ,   3176 : 7.5304086692170e+00 +(1e-01,1e+00) | 2.49e+02 |  8:1.2e-02  1:4.2e-01
  128 ,   3201 : 7.5436494972032e+00 +(1e-01,1e+00) | 2.58e+02 |  8:1.0e-02  1:3.6e-01
  129 ,   3226 : 7.5238910162904e+00 +(7e-02,5e-01) | 2.54e+02 |  8:9.4e-03  1:3.2e-01
Iterat, #Fevals:   Function Value    (median,worst) |Axis Ratio|idx:Min SD idx:Max SD
  130 ,   3251 : 7.5203830865343e+00 +(8e-02,3e-01) | 2.59e+02 |  8:8.9e-03  1:3.1e-01
  131 ,   3276 : 7.5123733052825e+00 +(6e-02,4e-01) | 2.70e+02 |  8:9.1e-03  1:3.3e-01
  132 ,   3301 : 7.5099386389125e+00 +(8e-02,2e-01) | 2.71e+02 |  8:9.9e-03  1:3.6e-01
  133 ,   3326 : 7.5120692234178e+00 +(9e-02,3e-01) | 2.72e+02 |  8:9.4e-03  1:3.3e-01
  134 ,   3351 : 7.5023985556418e+00 +(6e-02,4e-01) | 2.77e+02 |  8:8.2e-03  1:2.8e-01
  135 ,   3376 : 7.4937038245170e+00 +(6e-02,3e-01) | 2.92e+02 |  8:7.9e-03  1:2.8e-01
  136 ,   3401 : 7.5071979090636e+00 +(4e-02,2e-01) | 2.96e+02 |  8:7.8e-03  1:2.8e-01
  137 ,   3426 : 7.5161041888684e+00 +(4e-02,4e-01) | 2.98e+02 |  8:7.9e-03  1:2.7e-01
  138 ,   3451 : 7.5040276079739e+00 +(6e-02,2e-01) | 3.16e+02 |  8:8.0e-03  1:2.8e-01
  139 ,   3476 : 7.4892277462569e+00 +(8e-02,2e-01) | 3.22e+02 |  8:7.4e-03  1:2.6e-01
Iterat, #Fevals:   Function Value    (median,worst) |Axis Ratio|idx:Min SD idx:Max SD
  140 ,   3501 : 7.5093383328108e+00 +(5e-02,4e-01) | 3.30e+02 |  8:7.2e-03  1:2.5e-01
  141 ,   3526 : 7.5063896297470e+00 +(4e-02,3e-01) | 3.38e+02 |  9:6.0e-03  1:2.1e-01
  142 ,   3551 : 7.5059245262459e+00 +(3e-02,7e-02) | 3.44e+02 |  9:4.7e-03  1:1.7e-01
  143 ,   3576 : 7.5079113297644e+00 +(2e-02,6e-02) | 3.37e+02 |  9:4.1e-03  1:1.5e-01
  144 ,   3601 : 7.5059833829212e+00 +(2e-02,6e-02) | 3.40e+02 |  9:3.8e-03  1:1.4e-01
  145 ,   3626 : 7.5028910295264e+00 +(2e-02,3e-02) | 3.48e+02 |  9:3.5e-03  1:1.3e-01
  146 ,   3651 : 7.5069444433252e+00 +(1e-02,4e-02) | 3.46e+02 |  9:3.1e-03  1:1.2e-01
  147 ,   3676 : 7.5014214195997e+00 +(2e-02,4e-02) | 3.60e+02 |  9:2.8e-03  1:1.2e-01
  148 ,   3701 : 7.4964937628333e+00 +(2e-02,4e-02) | 3.72e+02 |  9:2.8e-03  1:1.2e-01
  149 ,   3726 : 7.4984217288712e+00 +(2e-02,7e-02) | 4.03e+02 |  9:2.6e-03  1:1.1e-01
Iterat, #Fevals:   Function Value    (median,worst) |Axis Ratio|idx:Min SD idx:Max SD
  150 ,   3751 : 7.4948307118063e+00 +(2e-02,4e-02) | 4.17e+02 |  9:2.3e-03  1:1.1e-01
  151 ,   3776 : 7.4862515445368e+00 +(3e-02,6e-02) | 4.18e+02 |  9:2.1e-03  1:9.9e-02
  152 ,   3801 : 7.4986600726742e+00 +(2e-02,4e-02) | 4.14e+02 |  9:2.1e-03  1:1.0e-01
  153 ,   3826 : 7.4817068080154e+00 +(3e-02,5e-02) | 4.16e+02 |  9:2.0e-03  1:9.9e-02
  154 ,   3851 : 7.4955649981443e+00 +(2e-02,4e-02) | 4.41e+02 |  9:1.9e-03  1:1.0e-01
  155 ,   3876 : 7.4952530411541e+00 +(2e-02,5e-02) | 4.49e+02 |  9:1.9e-03  1:1.0e-01
  156 ,   3901 : 7.4935197186859e+00 +(2e-02,5e-02) | 4.44e+02 |  9:1.7e-03  1:9.1e-02
  157 ,   3926 : 7.4930632559409e+00 +(2e-02,4e-02) | 4.40e+02 |  9:1.5e-03  1:8.4e-02
  158 ,   3951 : 7.4887015558932e+00 +(2e-02,4e-02) | 4.69e+02 |  9:1.5e-03  1:8.7e-02
  159 ,   3976 : 7.4931054387213e+00 +(2e-02,3e-02) | 4.80e+02 |  9:1.4e-03  1:8.1e-02
Iterat, #Fevals:   Function Value    (median,worst) |Axis Ratio|idx:Min SD idx:Max SD
  160 ,   4001 : 7.4882680064800e+00 +(2e-02,4e-02) | 4.91e+02 |  9:1.4e-03  1:7.8e-02
  161 ,   4026 : 7.4930310998248e+00 +(2e-02,4e-02) | 4.95e+02 |  9:1.4e-03  1:7.9e-02
  162 ,   4051 : 7.4969147413648e+00 +(2e-02,3e-02) | 4.81e+02 |  9:1.2e-03  1:7.1e-02
  163 ,   4076 : 7.4963224132733e+00 +(1e-02,3e-02) | 5.04e+02 |  9:1.2e-03  1:7.4e-02
  164 ,   4101 : 7.4909926282376e+00 +(2e-02,4e-02) | 5.16e+02 |  9:1.2e-03  1:7.6e-02
  165 ,   4126 : 7.4898389188484e+00 +(2e-02,4e-02) | 5.18e+02 |  9:1.1e-03  1:6.9e-02
  166 ,   4151 : 7.4887570149120e+00 +(2e-02,3e-02) | 5.19e+02 |  9:1.0e-03  1:6.5e-02
  167 ,   4176 : 7.4910748316306e+00 +(2e-02,4e-02) | 5.11e+02 |  9:1.0e-03  1:6.4e-02
  168 ,   4201 : 7.4908111374084e+00 +(2e-02,4e-02) | 5.35e+02 |  9:8.7e-04  1:5.5e-02
  169 ,   4226 : 7.4900450663922e+00 +(2e-02,4e-02) | 5.29e+02 |  9:8.6e-04  1:5.4e-02
Iterat, #Fevals:   Function Value    (median,worst) |Axis Ratio|idx:Min SD idx:Max SD
  170 ,   4251 : 7.4915118697548e+00 +(2e-02,4e-02) | 5.31e+02 |  9:7.4e-04  1:4.8e-02
  171 ,   4276 : 7.4902951460175e+00 +(2e-02,3e-02) | 5.14e+02 |  9:6.4e-04  1:4.2e-02
  172 ,   4301 : 7.4925294804548e+00 +(2e-02,4e-02) | 5.22e+02 |  9:6.0e-04  1:4.1e-02
  173 ,   4326 : 7.4821118959088e+00 +(3e-02,3e-02) | 5.29e+02 |  9:6.0e-04  1:4.3e-02
  174 ,   4351 : 7.4787153643965e+00 +(3e-02,4e-02) | 5.18e+02 |  9:6.1e-04  1:4.4e-02
  175 ,   4376 : 7.4873431772087e+00 +(2e-02,3e-02) | 5.19e+02 |  9:5.9e-04  1:4.1e-02
  176 ,   4401 : 7.4820564007312e+00 +(2e-02,5e-02) | 5.12e+02 |  9:6.1e-04  1:4.2e-02
  177 ,   4426 : 7.4928506036696e+00 +(2e-02,3e-02) | 4.98e+02 |  9:6.4e-04  1:4.3e-02
  178 ,   4451 : 7.4847489983031e+00 +(2e-02,4e-02) | 5.08e+02 |  9:5.9e-04  1:4.0e-02
  179 ,   4476 : 7.4880632840046e+00 +(2e-02,3e-02) | 5.02e+02 |  9:5.2e-04  1:3.5e-02
Iterat, #Fevals:   Function Value    (median,worst) |Axis Ratio|idx:Min SD idx:Max SD
  180 ,   4501 : 7.4916202260141e+00 +(2e-02,4e-02) | 5.24e+02 |  9:4.4e-04  1:3.1e-02
  181 ,   4526 : 7.4887683251524e+00 +(1e-02,4e-02) | 5.07e+02 |  9:4.9e-04  1:3.5e-02
  182 ,   4551 : 7.4910967664804e+00 +(2e-02,3e-02) | 5.20e+02 |  9:5.8e-04  1:4.2e-02
  183 ,   4576 : 7.4847202780529e+00 +(2e-02,4e-02) | 5.30e+02 |  9:5.7e-04  1:4.0e-02
  184 ,   4601 : 7.4788127947425e+00 +(2e-02,5e-02) | 4.93e+02 |  9:6.3e-04  1:4.4e-02
  185 ,   4626 : 7.4878038515120e+00 +(2e-02,4e-02) | 4.96e+02 |  9:6.1e-04  1:4.3e-02
  186 ,   4651 : 7.4875443854744e+00 +(2e-02,4e-02) | 4.86e+02 |  9:6.6e-04  1:4.6e-02
  187 ,   4676 : 7.4848742838089e+00 +(2e-02,4e-02) | 4.74e+02 |  9:5.8e-04  1:4.0e-02
  188 ,   4701 : 7.4868451236249e+00 +(2e-02,3e-02) | 4.60e+02 |  9:5.3e-04  1:3.8e-02
  189 ,   4726 : 7.4906547749238e+00 +(1e-02,3e-02) | 4.58e+02 |  9:4.6e-04  1:3.3e-02
Iterat, #Fevals:   Function Value    (median,worst) |Axis Ratio|idx:Min SD idx:Max SD
  190 ,   4751 : 7.4911058816646e+00 +(1e-02,3e-02) | 4.72e+02 |  9:4.4e-04  1:3.2e-02
  191 ,   4776 : 7.4826507925320e+00 +(2e-02,4e-02) | 4.74e+02 |  9:4.3e-04  1:3.1e-02
  192 ,   4801 : 7.4894352081017e+00 +(1e-02,3e-02) | 4.88e+02 |  9:4.1e-04  1:3.0e-02
  193 ,   4826 : 7.4895107099994e+00 +(1e-02,3e-02) | 4.95e+02 |  9:3.7e-04  1:2.8e-02
  194 ,   4851 : 7.4885701363169e+00 +(1e-02,3e-02) | 4.82e+02 |  9:3.4e-04  1:2.5e-02
  195 ,   4876 : 7.4851901780394e+00 +(2e-02,4e-02) | 5.03e+02 |  9:3.2e-04  1:2.4e-02
  196 ,   4901 : 7.4840167304504e+00 +(2e-02,3e-02) | 5.01e+02 |  9:3.1e-04  1:2.3e-02
  197 ,   4926 : 7.4862106916556e+00 +(1e-02,3e-02) | 5.19e+02 |  9:3.1e-04  1:2.4e-02
  198 ,   4951 : 7.4902863776243e+00 +(1e-02,3e-02) | 5.14e+02 |  9:3.5e-04  1:2.4e-02
  199 ,   4976 : 7.4853709884809e+00 +(1e-02,5e-02) | 4.91e+02 |  9:3.4e-04  1:2.2e-02
Iterat, #Fevals:   Function Value    (median,worst) |Axis Ratio|idx:Min SD idx:Max SD
  200 ,   5001 : 7.4813295866134e+00 +(2e-02,3e-02) | 4.88e+02 |  9:3.1e-04  1:2.1e-02
  201 ,   5026 : 7.4828691755943e+00 +(2e-02,3e-02) | 5.13e+02 |  9:3.3e-04  1:2.3e-02
  202 ,   5051 : 7.4856554041939e+00 +(1e-02,3e-02) | 5.00e+02 |  9:3.2e-04  1:2.2e-02
  203 ,   5076 : 7.4877872068217e+00 +(1e-02,3e-02) | 5.28e+02 |  9:3.3e-04  1:2.3e-02
  204 ,   5101 : 7.4801061170360e+00 +(2e-02,5e-02) | 5.05e+02 |  9:3.3e-04  1:2.2e-02
  205 ,   5126 : 7.4812404645094e+00 +(1e-02,3e-02) | 5.29e+02 |  9:3.2e-04  1:2.2e-02
  206 ,   5151 : 7.4839437895418e+00 +(2e-02,4e-02) | 5.26e+02 |  9:3.2e-04  1:2.3e-02
  207 ,   5176 : 7.4825955163818e+00 +(2e-02,3e-02) | 5.23e+02 |  9:3.0e-04  1:2.1e-02
  208 ,   5201 : 7.4848682677673e+00 +(2e-02,3e-02) | 5.38e+02 |  9:3.3e-04  1:2.3e-02
  209 ,   5226 : 7.4841259287048e+00 +(2e-02,4e-02) | 5.47e+02 |  9:3.3e-04  1:2.3e-02
Iterat, #Fevals:   Function Value    (median,worst) |Axis Ratio|idx:Min SD idx:Max SD
  210 ,   5251 : 7.4805512519669e+00 +(2e-02,4e-02) | 5.59e+02 |  9:3.6e-04  1:2.5e-02
  211 ,   5276 : 7.4853363879990e+00 +(2e-02,3e-02) | 6.24e+02 |  9:3.7e-04  1:2.9e-02
  212 ,   5301 : 7.4845049863264e+00 +(2e-02,4e-02) | 6.25e+02 |  9:3.8e-04  1:2.8e-02
  213 ,   5326 : 7.4871708251418e+00 +(1e-02,3e-02) | 6.47e+02 |  9:4.3e-04  1:3.1e-02
  214 ,   5351 : 7.4900190736085e+00 +(1e-02,3e-02) | 6.37e+02 |  9:4.3e-04  1:3.0e-02
  215 ,   5376 : 7.4814670573604e+00 +(2e-02,5e-02) | 6.34e+02 |  9:4.4e-04  1:3.0e-02
  216 ,   5401 : 7.4803117320555e+00 +(3e-02,4e-02) | 6.48e+02 |  9:3.9e-04  1:2.7e-02
  217 ,   5426 : 7.4814408058452e+00 +(2e-02,4e-02) | 6.33e+02 |  9:3.5e-04  1:2.4e-02
  218 ,   5451 : 7.4793697215645e+00 +(2e-02,4e-02) | 6.42e+02 |  9:3.2e-04  1:2.1e-02
  219 ,   5476 : 7.4816989278003e+00 +(2e-02,4e-02) | 6.55e+02 |  9:3.0e-04  1:2.0e-02
Iterat, #Fevals:   Function Value    (median,worst) |Axis Ratio|idx:Min SD idx:Max SD
  220 ,   5501 : 7.4862676478348e+00 +(2e-02,3e-02) | 6.48e+02 |  9:2.8e-04  1:1.9e-02
  221 ,   5526 : 7.4783336999485e+00 +(2e-02,4e-02) | 6.36e+02 |  9:2.9e-04  1:1.9e-02
  222 ,   5551 : 7.4791800744078e+00 +(2e-02,5e-02) | 6.53e+02 |  9:2.7e-04  1:1.8e-02
  223 ,   5576 : 7.4877491615002e+00 +(2e-02,3e-02) | 6.57e+02 |  9:2.5e-04  1:1.7e-02
  224 ,   5601 : 7.4834036417852e+00 +(2e-02,4e-02) | 7.01e+02 |  9:2.8e-04  1:2.0e-02
  225 ,   5626 : 7.4832649055961e+00 +(2e-02,3e-02) | 7.26e+02 |  9:3.0e-04  1:2.2e-02
  226 ,   5651 : 7.4845042553590e+00 +(2e-02,4e-02) | 7.52e+02 |  9:2.7e-04  1:2.1e-02
  227 ,   5676 : 7.4796307683284e+00 +(2e-02,4e-02) | 7.80e+02 |  9:2.6e-04  1:2.0e-02
  228 ,   5701 : 7.4855928239411e+00 +(2e-02,4e-02) | 8.15e+02 |  9:2.4e-04  1:1.8e-02
  229 ,   5726 : 7.4843022619954e+00 +(2e-02,4e-02) | 8.06e+02 |  9:2.2e-04  1:1.7e-02
Iterat, #Fevals:   Function Value    (median,worst) |Axis Ratio|idx:Min SD idx:Max SD
  230 ,   5751 : 7.4846390326809e+00 +(2e-02,4e-02) | 8.11e+02 |  9:2.1e-04  1:1.5e-02
  231 ,   5776 : 7.4863120825268e+00 +(1e-02,3e-02) | 8.14e+02 |  9:2.0e-04  1:1.4e-02
  232 ,   5801 : 7.4847098502046e+00 +(1e-02,3e-02) | 7.31e+02 |  9:2.1e-04  1:1.5e-02
  233 ,   5826 : 7.4840585976389e+00 +(2e-02,4e-02) | 6.84e+02 |  9:2.4e-04  1:1.7e-02
  234 ,   5851 : 7.4783741210800e+00 +(2e-02,4e-02) | 6.82e+02 |  9:3.2e-04  1:2.1e-02
  235 ,   5876 : 7.4807327714236e+00 +(2e-02,3e-02) | 7.13e+02 |  9:3.7e-04  1:2.4e-02
  236 ,   5901 : 7.4800590250230e+00 +(2e-02,4e-02) | 6.23e+02 |  9:3.9e-04  1:2.5e-02
  237 ,   5926 : 7.4843408373410e+00 +(1e-02,3e-02) | 6.14e+02 |  9:3.8e-04  1:2.5e-02
  238 ,   5951 : 7.4873435748255e+00 +(1e-02,3e-02) | 6.28e+02 |  9:3.9e-04  1:2.5e-02
  239 ,   5976 : 7.4813498524092e+00 +(2e-02,4e-02) | 6.20e+02 |  9:4.3e-04  1:2.7e-02
Iterat, #Fevals:   Function Value    (median,worst) |Axis Ratio|idx:Min SD idx:Max SD
  240 ,   6001 : 7.4824434038006e+00 +(2e-02,5e-02) | 6.10e+02 |  9:4.2e-04  1:2.6e-02
  241 ,   6026 : 7.4858886782837e+00 +(1e-02,4e-02) | 6.03e+02 |  9:4.2e-04  1:2.6e-02
  242 ,   6051 : 7.4826696060284e+00 +(2e-02,4e-02) | 5.90e+02 |  9:4.4e-04  1:2.7e-02
  243 ,   6076 : 7.4817747266437e+00 +(2e-02,4e-02) | 5.98e+02 |  9:4.8e-04  1:2.9e-02
  244 ,   6101 : 7.4879299493835e+00 +(1e-02,4e-02) | 6.03e+02 |  9:5.4e-04  1:3.3e-02
  245 ,   6126 : 7.4854247873485e+00 +(2e-02,4e-02) | 6.18e+02 |  9:5.8e-04  1:3.4e-02
  246 ,   6151 : 7.4902180942188e+00 +(2e-02,3e-02) | 6.20e+02 |  9:5.3e-04  1:3.2e-02
  247 ,   6176 : 7.4826672142762e+00 +(2e-02,4e-02) | 6.04e+02 |  9:6.0e-04  1:3.4e-02
  248 ,   6201 : 7.4846476994454e+00 +(2e-02,5e-02) | 6.41e+02 |  9:5.8e-04  1:3.5e-02
  249 ,   6226 : 7.4886469252859e+00 +(2e-02,3e-02) | 6.37e+02 |  9:5.4e-04  1:3.3e-02
Iterat, #Fevals:   Function Value    (median,worst) |Axis Ratio|idx:Min SD idx:Max SD
  250 ,   6251 : 7.4859881642910e+00 +(1e-02,3e-02) | 6.59e+02 |  9:4.9e-04  1:3.1e-02
  251 ,   6276 : 7.4874411366992e+00 +(1e-02,3e-02) | 6.79e+02 |  9:5.6e-04  1:3.6e-02
  252 ,   6301 : 7.4852080305180e+00 +(2e-02,3e-02) | 6.44e+02 |  9:6.1e-04  1:4.0e-02
  253 ,   6326 : 7.4897573139650e+00 +(1e-02,3e-02) | 6.51e+02 |  9:5.2e-04  1:3.4e-02
  254 ,   6351 : 7.4825162803249e+00 +(2e-02,4e-02) | 6.53e+02 |  9:4.4e-04  1:2.9e-02
  255 ,   6376 : 7.4784884738693e+00 +(2e-02,5e-02) | 6.75e+02 |  9:3.9e-04  1:2.6e-02
  256 ,   6401 : 7.4842349916710e+00 +(1e-02,3e-02) | 6.72e+02 |  9:3.5e-04  1:2.3e-02
  257 ,   6426 : 7.4850054156670e+00 +(1e-02,3e-02) | 7.30e+02 |  9:3.5e-04  1:2.4e-02
  258 ,   6451 : 7.4817712155455e+00 +(2e-02,4e-02) | 7.14e+02 |  9:3.9e-04  1:2.4e-02
  259 ,   6476 : 7.4776981170406e+00 +(2e-02,4e-02) | 7.10e+02 |  9:3.6e-04  1:2.2e-02
Iterat, #Fevals:   Function Value    (median,worst) |Axis Ratio|idx:Min SD idx:Max SD
  260 ,   6501 : 7.4827082606243e+00 +(2e-02,3e-02) | 7.21e+02 |  9:3.7e-04  1:2.2e-02
  261 ,   6526 : 7.4832326588953e+00 +(1e-02,4e-02) | 7.30e+02 |  9:3.5e-04  1:2.1e-02
  262 ,   6551 : 7.4852897906155e+00 +(1e-02,4e-02) | 7.11e+02 |  9:3.2e-04  1:2.0e-02
  263 ,   6576 : 7.4861908659081e+00 +(1e-02,3e-02) | 7.17e+02 |  9:3.0e-04  1:1.9e-02
  264 ,   6601 : 7.4836470116795e+00 +(2e-02,4e-02) | 7.90e+02 |  9:2.8e-04  1:1.9e-02
  265 ,   6626 : 7.4876203516071e+00 +(1e-02,3e-02) | 8.11e+02 |  9:2.7e-04  1:1.9e-02
  266 ,   6651 : 7.4827145186083e+00 +(1e-02,4e-02) | 8.16e+02 |  9:2.9e-04  1:2.1e-02
  267 ,   6676 : 7.4870421820002e+00 +(2e-02,3e-02) | 8.42e+02 |  9:3.1e-04  1:2.2e-02
  268 ,   6701 : 7.4856251875702e+00 +(2e-02,5e-02) | 8.37e+02 |  9:3.0e-04  1:2.1e-02
  269 ,   6726 : 7.4826968548500e+00 +(1e-02,4e-02) | 9.15e+02 |  9:3.1e-04  1:2.4e-02
Iterat, #Fevals:   Function Value    (median,worst) |Axis Ratio|idx:Min SD idx:Max SD
  270 ,   6751 : 7.4856842771849e+00 +(1e-02,3e-02) | 9.48e+02 |  9:2.8e-04  1:2.2e-02
  271 ,   6776 : 7.4822039091019e+00 +(1e-02,4e-02) | 9.80e+02 |  9:2.8e-04  1:2.3e-02
  272 ,   6801 : 7.4828882770730e+00 +(1e-02,2e-02) | 1.04e+03 |  9:2.4e-04  1:2.1e-02
  273 ,   6826 : 7.4847990245748e+00 +(2e-02,3e-02) | 1.06e+03 |  9:2.4e-04  1:2.2e-02
  274 ,   6851 : 7.4827320802409e+00 +(1e-02,3e-02) | 9.61e+02 |  9:2.5e-04  1:2.1e-02
  275 ,   6876 : 7.4834428722922e+00 +(2e-02,4e-02) | 9.22e+02 |  9:2.7e-04  1:2.2e-02
  276 ,   6901 : 7.4852609890522e+00 +(1e-02,3e-02) | 9.43e+02 |  9:3.3e-04  1:2.5e-02
  277 ,   6926 : 7.4831069361157e+00 +(1e-02,3e-02) | 9.43e+02 |  9:4.1e-04  1:3.0e-02
  278 ,   6951 : 7.4824944341492e+00 +(2e-02,3e-02) | 9.81e+02 |  9:4.1e-04  1:3.2e-02
  279 ,   6976 : 7.4878714704883e+00 +(2e-02,3e-02) | 9.84e+02 |  9:4.4e-04  1:3.4e-02
Iterat, #Fevals:   Function Value    (median,worst) |Axis Ratio|idx:Min SD idx:Max SD
  280 ,   7001 : 7.4803676771469e+00 +(2e-02,4e-02) | 1.03e+03 |  9:4.5e-04  1:3.5e-02
  281 ,   7026 : 7.4756438261223e+00 +(3e-02,4e-02) | 1.02e+03 |  9:4.3e-04  1:3.4e-02
  282 ,   7051 : 7.4876341869246e+00 +(2e-02,3e-02) | 1.01e+03 |  9:4.3e-04  1:3.3e-02
  283 ,   7076 : 7.4836877754878e+00 +(2e-02,3e-02) | 9.90e+02 |  9:4.4e-04  1:3.5e-02
  284 ,   7101 : 7.4860555056123e+00 +(1e-02,3e-02) | 1.01e+03 |  9:4.1e-04  1:3.5e-02
  285 ,   7126 : 7.4881766419767e+00 +(2e-02,4e-02) | 1.03e+03 |  9:4.0e-04  1:3.4e-02
  286 ,   7151 : 7.4894773578039e+00 +(1e-02,4e-02) | 1.02e+03 |  9:3.8e-04  1:3.2e-02
  287 ,   7176 : 7.4899637712890e+00 +(1e-02,3e-02) | 1.01e+03 |  9:3.6e-04  1:3.1e-02
  288 ,   7201 : 7.4811429946759e+00 +(2e-02,4e-02) | 1.04e+03 |  9:3.7e-04  1:3.4e-02
  289 ,   7226 : 7.4861444231498e+00 +(2e-02,4e-02) | 1.06e+03 |  9:3.7e-04  1:3.4e-02
Iterat, #Fevals:   Function Value    (median,worst) |Axis Ratio|idx:Min SD idx:Max SD
  290 ,   7251 : 7.4887072432160e+00 +(1e-02,3e-02) | 1.04e+03 |  9:3.4e-04  1:3.2e-02
  291 ,   7276 : 7.4880058146053e+00 +(1e-02,3e-02) | 1.06e+03 |  9:3.1e-04  1:2.9e-02
  292 ,   7301 : 7.4819759608943e+00 +(2e-02,3e-02) | 1.03e+03 |  9:2.6e-04  1:2.5e-02
  293 ,   7326 : 7.4839975142657e+00 +(2e-02,3e-02) | 1.04e+03 |  9:2.4e-04  1:2.3e-02
  294 ,   7351 : 7.4898671969145e+00 +(1e-02,3e-02) | 1.00e+03 |  9:2.4e-04  1:2.2e-02
  295 ,   7376 : 7.4784015925245e+00 +(2e-02,4e-02) | 1.02e+03 |  9:2.4e-04  1:2.2e-02
  296 ,   7401 : 7.4810882912070e+00 +(2e-02,3e-02) | 1.04e+03 |  9:1.9e-04  1:1.8e-02
  297 ,   7426 : 7.4813332217810e+00 +(2e-02,3e-02) | 9.77e+02 |  9:1.9e-04  1:1.8e-02
  298 ,   7451 : 7.4802078384191e+00 +(2e-02,4e-02) | 9.33e+02 |  9:1.9e-04  1:1.7e-02
  299 ,   7476 : 7.4818041486600e+00 +(2e-02,4e-02) | 9.45e+02 |  9:1.9e-04  1:1.7e-02
Iterat, #Fevals:   Function Value    (median,worst) |Axis Ratio|idx:Min SD idx:Max SD
  300 ,   7501 : 7.4800564034577e+00 +(2e-02,4e-02) | 9.70e+02 |  9:2.2e-04  1:2.0e-02
  301 ,   7526 : 7.4833028253267e+00 +(2e-02,4e-02) | 9.68e+02 |  9:2.1e-04  1:1.8e-02
  302 ,   7551 : 7.4797194973315e+00 +(2e-02,4e-02) | 9.23e+02 |  9:2.0e-04  1:1.7e-02
  303 ,   7576 : 7.4850670044749e+00 +(2e-02,3e-02) | 9.50e+02 |  9:2.3e-04  1:1.8e-02
  304 ,   7601 : 7.4826946975756e+00 +(2e-02,3e-02) | 9.65e+02 |  9:1.9e-04  1:1.5e-02
  305 ,   7626 : 7.4814039582836e+00 +(2e-02,5e-02) | 9.59e+02 |  9:1.9e-04  1:1.5e-02
  306 ,   7651 : 7.4869591841951e+00 +(1e-02,4e-02) | 9.37e+02 |  9:1.7e-04  1:1.4e-02
  307 ,   7676 : 7.4785037521676e+00 +(2e-02,5e-02) | 9.13e+02 |  9:1.7e-04  1:1.3e-02
  308 ,   7701 : 7.4847253953133e+00 +(2e-02,3e-02) | 8.95e+02 |  9:1.7e-04  1:1.3e-02
  309 ,   7726 : 7.4846471767016e+00 +(2e-02,4e-02) | 9.06e+02 |  9:1.7e-04  1:1.3e-02
Iterat, #Fevals:   Function Value    (median,worst) |Axis Ratio|idx:Min SD idx:Max SD
  310 ,   7751 : 7.4801976627303e+00 +(2e-02,4e-02) | 9.53e+02 |  9:2.0e-04  1:1.5e-02
  311 ,   7776 : 7.4824375147137e+00 +(2e-02,3e-02) | 9.75e+02 |  9:1.9e-04  1:1.5e-02
  312 ,   7801 : 7.4835696612610e+00 +(1e-02,3e-02) | 9.42e+02 |  9:1.7e-04  1:1.3e-02
  313 ,   7826 : 7.4830483324074e+00 +(2e-02,3e-02) | 9.41e+02 |  9:1.6e-04  1:1.2e-02
  314 ,   7851 : 7.4807390581793e+00 +(2e-02,4e-02) | 1.04e+03 |  9:1.6e-04  1:1.3e-02
  315 ,   7876 : 7.4813937622724e+00 +(1e-02,4e-02) | 1.06e+03 |  9:1.5e-04  1:1.2e-02
  316 ,   7901 : 7.4837523629733e+00 +(1e-02,3e-02) | 1.03e+03 |  9:1.6e-04  1:1.3e-02
  317 ,   7926 : 7.4804280000386e+00 +(2e-02,3e-02) | 9.67e+02 |  9:1.7e-04  1:1.3e-02
  318 ,   7951 : 7.4895096228808e+00 +(5e-03,2e-02) | 9.31e+02 |  9:1.6e-04  1:1.2e-02
  319 ,   7976 : 7.4887187536291e+00 +(9e-03,3e-02) | 9.56e+02 |  9:1.4e-04  1:1.1e-02
Iterat, #Fevals:   Function Value    (median,worst) |Axis Ratio|idx:Min SD idx:Max SD
  320 ,   8001 : 7.4806450998418e+00 +(1e-02,4e-02) | 9.48e+02 |  9:1.3e-04  1:1.1e-02
  321 ,   8026 : 7.4831248568337e+00 +(2e-02,3e-02) | 9.85e+02 |  9:1.1e-04  1:9.0e-03
  322 ,   8051 : 7.4848492359018e+00 +(1e-02,3e-02) | 1.09e+03 |  9:1.2e-04  1:1.0e-02
  323 ,   8076 : 7.4821569148728e+00 +(2e-02,4e-02) | 1.17e+03 |  9:1.2e-04  1:1.1e-02
  324 ,   8101 : 7.4835591081735e+00 +(1e-02,2e-02) | 1.16e+03 |  9:1.2e-04  1:1.1e-02
  325 ,   8126 : 7.4880402140618e+00 +(1e-02,3e-02) | 1.14e+03 |  9:1.2e-04  1:1.2e-02
  326 ,   8151 : 7.4880686949069e+00 +(1e-02,2e-02) | 1.22e+03 |  9:1.2e-04  1:1.2e-02
  327 ,   8176 : 7.4845435270530e+00 +(1e-02,4e-02) | 1.21e+03 |  9:1.2e-04  1:1.2e-02
  328 ,   8201 : 7.4882801304584e+00 +(1e-02,3e-02) | 1.33e+03 |  9:1.2e-04  1:1.3e-02
  329 ,   8226 : 7.4785038912539e+00 +(2e-02,4e-02) | 1.35e+03 |  9:1.1e-04  1:1.3e-02
Iterat, #Fevals:   Function Value    (median,worst) |Axis Ratio|idx:Min SD idx:Max SD
  330 ,   8251 : 7.4822662082049e+00 +(1e-02,3e-02) | 1.36e+03 |  9:1.1e-04  1:1.3e-02
  331 ,   8276 : 7.4817242837196e+00 +(1e-02,3e-02) | 1.40e+03 |  9:1.2e-04  1:1.4e-02
  332 ,   8301 : 7.4880127303611e+00 +(1e-02,3e-02) | 1.35e+03 |  9:1.4e-04  1:1.6e-02
  333 ,   8326 : 7.4855699694329e+00 +(1e-02,3e-02) | 1.34e+03 |  9:1.4e-04  1:1.6e-02
  334 ,   8351 : 7.4824882555066e+00 +(2e-02,4e-02) | 1.36e+03 |  9:1.7e-04  1:1.8e-02
  335 ,   8376 : 7.4864316507674e+00 +(1e-02,4e-02) | 1.44e+03 |  9:2.1e-04  1:2.3e-02
  336 ,   8401 : 7.4837768530890e+00 +(1e-02,4e-02) | 1.43e+03 |  9:2.1e-04  1:2.3e-02
  337 ,   8426 : 7.4846614178953e+00 +(2e-02,3e-02) | 1.47e+03 |  9:2.1e-04  1:2.2e-02
  338 ,   8451 : 7.4819683225196e+00 +(1e-02,3e-02) | 1.52e+03 |  9:1.9e-04  1:2.0e-02
  339 ,   8476 : 7.4841021733035e+00 +(1e-02,3e-02) | 1.48e+03 |  9:1.7e-04  1:1.7e-02
Iterat, #Fevals:   Function Value    (median,worst) |Axis Ratio|idx:Min SD idx:Max SD
  340 ,   8501 : 7.4856730798040e+00 +(2e-02,3e-02) | 1.49e+03 |  9:1.6e-04  1:1.6e-02
  341 ,   8526 : 7.4851190413922e+00 +(1e-02,3e-02) | 1.50e+03 |  9:1.5e-04  1:1.5e-02
  342 ,   8551 : 7.4864041687246e+00 +(1e-02,3e-02) | 1.48e+03 |  9:1.4e-04  1:1.4e-02
  343 ,   8576 : 7.4787354615686e+00 +(2e-02,4e-02) | 1.51e+03 |  9:1.2e-04  1:1.3e-02
  344 ,   8601 : 7.4836463065549e+00 +(1e-02,4e-02) | 1.55e+03 |  9:1.5e-04  1:1.5e-02
  345 ,   8626 : 7.4803098314188e+00 +(1e-02,4e-02) | 1.54e+03 |  9:1.5e-04  1:1.5e-02
  346 ,   8651 : 7.4848371441873e+00 +(1e-02,3e-02) | 1.46e+03 |  9:1.3e-04  1:1.3e-02
  347 ,   8676 : 7.4773007031073e+00 +(2e-02,4e-02) | 1.44e+03 |  9:1.3e-04  1:1.2e-02
  348 ,   8701 : 7.4811469205276e+00 +(1e-02,4e-02) | 1.48e+03 |  9:1.2e-04  1:1.2e-02
  349 ,   8726 : 7.4806313674412e+00 +(1e-02,3e-02) | 1.52e+03 |  9:1.2e-04  1:1.2e-02
Iterat, #Fevals:   Function Value    (median,worst) |Axis Ratio|idx:Min SD idx:Max SD
  350 ,   8751 : 7.4845363623202e+00 +(1e-02,3e-02) | 1.56e+03 |  9:1.3e-04  1:1.3e-02
  351 ,   8776 : 7.4847322233916e+00 +(1e-02,3e-02) | 1.50e+03 |  9:1.3e-04  1:1.2e-02
  352 ,   8801 : 7.4783947773471e+00 +(2e-02,3e-02) | 1.50e+03 |  9:1.1e-04  1:1.1e-02
  353 ,   8826 : 7.4811995419525e+00 +(1e-02,3e-02) | 1.48e+03 |  9:1.2e-04  1:1.1e-02
  354 ,   8851 : 7.4841589442019e+00 +(1e-02,3e-02) | 1.48e+03 |  9:1.2e-04  1:1.1e-02
  355 ,   8876 : 7.4816853013629e+00 +(1e-02,4e-02) | 1.49e+03 |  9:1.3e-04  1:1.2e-02
  356 ,   8901 : 7.4829720729365e+00 +(2e-02,3e-02) | 1.58e+03 |  9:1.3e-04  1:1.2e-02
  357 ,   8926 : 7.4867879642060e+00 +(8e-03,2e-02) | 1.64e+03 |  9:1.3e-04  1:1.3e-02
  358 ,   8951 : 7.4863605767551e+00 +(7e-03,3e-02) | 1.71e+03 |  9:1.4e-04  1:1.5e-02
  359 ,   8976 : 7.4798456401766e+00 +(2e-02,4e-02) | 1.78e+03 |  9:1.3e-04  1:1.3e-02
Iterat, #Fevals:   Function Value    (median,worst) |Axis Ratio|idx:Min SD idx:Max SD
  360 ,   9001 : 7.4820943693644e+00 +(2e-02,3e-02) | 1.71e+03 |  9:1.3e-04  1:1.3e-02
  361 ,   9026 : 7.4845280805521e+00 +(1e-02,3e-02) | 1.74e+03 |  9:1.1e-04  1:1.2e-02
  362 ,   9051 : 7.4810343582110e+00 +(2e-02,3e-02) | 1.66e+03 |  9:1.2e-04  1:1.2e-02
  363 ,   9076 : 7.4797301745851e+00 +(1e-02,4e-02) | 1.75e+03 |  9:1.3e-04  1:1.3e-02
  364 ,   9101 : 7.4818244884210e+00 +(1e-02,3e-02) | 1.83e+03 |  9:1.3e-04  1:1.5e-02
  365 ,   9126 : 7.4859086173912e+00 +(7e-03,2e-02) | 1.81e+03 |  9:1.6e-04  1:1.8e-02
  366 ,   9151 : 7.4795857686246e+00 +(2e-02,4e-02) | 1.81e+03 |  9:1.8e-04  1:2.0e-02
  367 ,   9176 : 7.4882316804973e+00 +(1e-02,3e-02) | 1.80e+03 |  9:1.5e-04  1:1.7e-02
  368 ,   9201 : 7.4817243485750e+00 +(1e-02,3e-02) | 1.81e+03 |  9:1.5e-04  1:1.6e-02
  369 ,   9226 : 7.4834611539677e+00 +(1e-02,4e-02) | 1.77e+03 |  9:1.4e-04  1:1.5e-02
Iterat, #Fevals:   Function Value    (median,worst) |Axis Ratio|idx:Min SD idx:Max SD
  370 ,   9251 : 7.4827194572329e+00 +(2e-02,3e-02) | 1.70e+03 |  9:1.4e-04  1:1.4e-02
  371 ,   9276 : 7.4849780789799e+00 +(1e-02,4e-02) | 1.69e+03 |  9:1.2e-04  1:1.3e-02
  372 ,   9301 : 7.4805906878009e+00 +(2e-02,3e-02) | 1.69e+03 |  9:1.2e-04  1:1.3e-02
  373 ,   9326 : 7.4781361158586e+00 +(2e-02,4e-02) | 1.63e+03 |  9:1.2e-04  1:1.3e-02
  374 ,   9351 : 7.4819106378799e+00 +(2e-02,3e-02) | 1.72e+03 |  9:1.2e-04  1:1.2e-02
  375 ,   9376 : 7.4850467095795e+00 +(8e-03,2e-02) | 1.80e+03 |  9:1.2e-04  1:1.3e-02
  376 ,   9401 : 7.4816588592667e+00 +(2e-02,3e-02) | 1.85e+03 |  9:1.2e-04  1:1.3e-02
  377 ,   9426 : 7.4881980495106e+00 +(1e-02,3e-02) | 1.82e+03 |  9:1.2e-04  1:1.3e-02
  378 ,   9451 : 7.4794309888542e+00 +(2e-02,3e-02) | 1.82e+03 |  9:1.2e-04  1:1.2e-02
  379 ,   9476 : 7.4834542441982e+00 +(2e-02,3e-02) | 1.81e+03 |  9:1.2e-04  1:1.2e-02
Iterat, #Fevals:   Function Value    (median,worst) |Axis Ratio|idx:Min SD idx:Max SD
  380 ,   9501 : 7.4853346787877e+00 +(1e-02,3e-02) | 1.79e+03 |  9:1.2e-04  1:1.2e-02
  381 ,   9526 : 7.4821181206871e+00 +(1e-02,4e-02) | 1.79e+03 |  9:1.2e-04  1:1.1e-02
  382 ,   9551 : 7.4810838767528e+00 +(1e-02,3e-02) | 1.75e+03 |  9:1.2e-04  1:1.1e-02
  383 ,   9576 : 7.4851522419601e+00 +(1e-02,2e-02) | 1.72e+03 |  9:1.2e-04  1:1.1e-02
  384 ,   9601 : 7.4770481041691e+00 +(2e-02,5e-02) | 1.69e+03 |  9:1.2e-04  1:1.1e-02
  385 ,   9626 : 7.4817844492247e+00 +(1e-02,3e-02) | 1.64e+03 |  9:1.2e-04  1:1.0e-02
  386 ,   9651 : 7.4810895889830e+00 +(2e-02,5e-02) | 1.52e+03 |  9:1.0e-04  1:9.1e-03
  387 ,   9676 : 7.4837912520197e+00 +(1e-02,3e-02) | 1.51e+03 |  9:9.7e-05  1:8.5e-03
  388 ,   9701 : 7.4822666122057e+00 +(1e-02,4e-02) | 1.49e+03 |  9:8.8e-05  1:7.6e-03
  389 ,   9726 : 7.4798017366327e+00 +(2e-02,3e-02) | 1.48e+03 |  9:7.3e-05  1:6.5e-03
Iterat, #Fevals:   Function Value    (median,worst) |Axis Ratio|idx:Min SD idx:Max SD
  390 ,   9751 : 7.4837481906590e+00 +(1e-02,3e-02) | 1.49e+03 |  9:7.2e-05  1:6.2e-03
  391 ,   9776 : 7.4816370793290e+00 +(2e-02,3e-02) | 1.47e+03 |  9:7.5e-05  1:6.4e-03
  392 ,   9801 : 7.4846399680239e+00 +(1e-02,3e-02) | 1.47e+03 |  9:7.9e-05  1:6.5e-03
  393 ,   9826 : 7.4792580146551e+00 +(2e-02,3e-02) | 1.53e+03 |  9:7.6e-05  1:6.4e-03
  394 ,   9851 : 7.4849465647635e+00 +(1e-02,3e-02) | 1.60e+03 |  9:8.4e-05  1:6.9e-03
  395 ,   9876 : 7.4824876208181e+00 +(1e-02,3e-02) | 1.54e+03 |  9:8.0e-05  1:6.7e-03
  396 ,   9901 : 7.4775030514095e+00 +(2e-02,3e-02) | 1.52e+03 |  9:7.1e-05  1:6.1e-03
  397 ,   9926 : 7.4845769888705e+00 +(1e-02,3e-02) | 1.49e+03 |  9:8.3e-05  1:6.8e-03
  398 ,   9951 : 7.4879649782984e+00 +(1e-02,3e-02) | 1.40e+03 |  9:9.1e-05  1:7.4e-03
  399 ,   9976 : 7.4819791250577e+00 +(1e-02,3e-02) | 1.37e+03 |  9:9.3e-05  1:7.5e-03
Iterat, #Fevals:   Function Value    (median,worst) |Axis Ratio|idx:Min SD idx:Max SD
  400 ,  10001 : 7.4853491998217e+00 +(1e-02,3e-02) | 1.35e+03 |  9:8.1e-05  1:6.5e-03
  401 ,  10026 : 7.4849440708955e+00 +(1e-02,3e-02) | 1.37e+03 |  9:9.1e-05  1:6.9e-03
  402 ,  10051 : 7.4823884891911e+00 +(1e-02,5e-02) | 1.35e+03 |  9:8.6e-05  1:6.4e-03
  403 ,  10076 : 7.4807285906820e+00 +(2e-02,4e-02) | 1.34e+03 |  9:7.7e-05  1:5.8e-03
  404 ,  10101 : 7.4803938056421e+00 +(1e-02,4e-02) | 1.30e+03 |  9:8.0e-05  1:5.8e-03
  405 ,  10126 : 7.4835451395955e+00 +(1e-02,3e-02) | 1.30e+03 |  9:7.9e-05  1:5.8e-03
  406 ,  10151 : 7.4835739627073e+00 +(1e-02,2e-02) | 1.28e+03 |  9:7.9e-05  1:5.7e-03
  407 ,  10176 : 7.4813575500731e+00 +(1e-02,4e-02) | 1.29e+03 |  9:6.6e-05  1:4.7e-03
  408 ,  10201 : 7.4829469176599e+00 +(1e-02,5e-02) | 1.31e+03 |  9:5.9e-05  1:4.2e-03
  409 ,  10226 : 7.4820197794107e+00 +(2e-02,4e-02) | 1.31e+03 |  9:5.6e-05  1:4.0e-03
Iterat, #Fevals:   Function Value    (median,worst) |Axis Ratio|idx:Min SD idx:Max SD
  410 ,  10251 : 7.4798730114009e+00 +(2e-02,4e-02) | 1.33e+03 |  9:6.1e-05  1:4.1e-03
  411 ,  10276 : 7.4850931138394e+00 +(1e-02,3e-02) | 1.26e+03 |  9:6.0e-05  1:4.1e-03
  412 ,  10301 : 7.4848575820430e+00 +(1e-02,3e-02) | 1.40e+03 |  9:6.2e-05  1:4.7e-03
  413 ,  10326 : 7.4862278176797e+00 +(1e-02,4e-02) | 1.44e+03 |  9:6.5e-05  1:4.8e-03
  414 ,  10351 : 7.4856442557178e+00 +(1e-02,4e-02) | 1.41e+03 |  9:6.5e-05  1:4.8e-03
  415 ,  10376 : 7.4820209334620e+00 +(1e-02,5e-02) | 1.38e+03 |  9:5.7e-05  1:4.0e-03
  416 ,  10401 : 7.4852115704451e+00 +(8e-03,3e-02) | 1.37e+03 |  9:5.9e-05  1:4.2e-03
  417 ,  10426 : 7.4814071797129e+00 +(2e-02,3e-02) | 1.47e+03 |  9:6.6e-05  1:4.8e-03
  418 ,  10451 : 7.4836941764691e+00 +(1e-02,4e-02) | 1.48e+03 |  9:5.8e-05  1:4.2e-03
  419 ,  10476 : 7.4813360381334e+00 +(2e-02,4e-02) | 1.53e+03 |  9:5.5e-05  1:4.1e-03
Iterat, #Fevals:   Function Value    (median,worst) |Axis Ratio|idx:Min SD idx:Max SD
  420 ,  10501 : 7.4855578693308e+00 +(1e-02,3e-02) | 1.57e+03 |  9:4.5e-05  1:3.4e-03
  421 ,  10526 : 7.4823747445244e+00 +(2e-02,4e-02) | 1.59e+03 |  9:4.8e-05  1:3.6e-03
  422 ,  10551 : 7.4858783881334e+00 +(1e-02,3e-02) | 1.59e+03 |  9:4.2e-05  1:3.1e-03
  423 ,  10576 : 7.4834722690107e+00 +(1e-02,3e-02) | 1.61e+03 |  9:3.8e-05  1:2.9e-03
  424 ,  10601 : 7.4850825036710e+00 +(1e-02,3e-02) | 1.63e+03 |  9:3.3e-05  1:2.7e-03
  425 ,  10626 : 7.4817226149905e+00 +(1e-02,2e-02) | 1.65e+03 |  9:3.6e-05  1:2.9e-03
  426 ,  10651 : 7.4855694582208e+00 +(1e-02,4e-02) | 1.75e+03 |  9:3.4e-05  1:2.7e-03
  427 ,  10676 : 7.4888037169503e+00 +(9e-03,2e-02) | 1.73e+03 |  9:3.2e-05  1:2.6e-03
  428 ,  10701 : 7.4838137693098e+00 +(2e-02,3e-02) | 1.72e+03 |  9:3.1e-05  1:2.5e-03
  429 ,  10726 : 7.4843398194471e+00 +(1e-02,3e-02) | 1.63e+03 |  9:3.0e-05  1:2.4e-03
Iterat, #Fevals:   Function Value    (median,worst) |Axis Ratio|idx:Min SD idx:Max SD
  430 ,  10751 : 7.4863610041253e+00 +(1e-02,3e-02) | 1.69e+03 |  9:2.9e-05  1:2.3e-03
  431 ,  10776 : 7.4865680501132e+00 +(1e-02,3e-02) | 1.65e+03 |  9:2.6e-05  1:2.1e-03
  432 ,  10801 : 7.4852399491007e+00 +(1e-02,3e-02) | 1.78e+03 |  9:2.5e-05  1:2.2e-03
  433 ,  10826 : 7.4830513808655e+00 +(1e-02,4e-02) | 1.81e+03 |  9:2.2e-05  1:2.0e-03
  434 ,  10851 : 7.4824564800090e+00 +(1e-02,3e-02) | 1.83e+03 |  9:2.2e-05  1:1.8e-03
  435 ,  10876 : 7.4841393574138e+00 +(9e-03,4e-02) | 1.77e+03 |  9:2.2e-05  1:1.7e-03
  436 ,  10901 : 7.4809990247624e+00 +(2e-02,4e-02) | 1.73e+03 |  9:2.1e-05  1:1.7e-03
  437 ,  10926 : 7.4828840327666e+00 +(1e-02,4e-02) | 1.73e+03 |  9:2.0e-05  1:1.5e-03
  438 ,  10951 : 7.4815563598470e+00 +(1e-02,3e-02) | 1.70e+03 |  9:1.9e-05  1:1.5e-03
  439 ,  10976 : 7.4830728105126e+00 +(2e-02,4e-02) | 1.70e+03 |  9:1.9e-05  1:1.5e-03
Iterat, #Fevals:   Function Value    (median,worst) |Axis Ratio|idx:Min SD idx:Max SD
  440 ,  11001 : 7.4856199206367e+00 +(1e-02,3e-02) | 1.67e+03 |  9:1.9e-05  1:1.5e-03
  441 ,  11026 : 7.4774119562088e+00 +(2e-02,3e-02) | 1.69e+03 |  9:1.6e-05  1:1.3e-03
  442 ,  11051 : 7.4780596185880e+00 +(2e-02,4e-02) | 1.76e+03 |  9:1.4e-05  1:1.2e-03
  443 ,  11076 : 7.4845772927884e+00 +(1e-02,3e-02) | 1.84e+03 |  9:1.5e-05  1:1.3e-03
  444 ,  11101 : 7.4841595827445e+00 +(2e-02,3e-02) | 1.98e+03 |  9:1.4e-05  1:1.3e-03
  445 ,  11126 : 7.4830852597726e+00 +(1e-02,3e-02) | 2.11e+03 |  9:1.5e-05  1:1.3e-03
  446 ,  11151 : 7.4820137156166e+00 +(1e-02,5e-02) | 2.11e+03 |  9:1.3e-05  1:1.2e-03
  447 ,  11176 : 7.4809979603598e+00 +(2e-02,3e-02) | 2.02e+03 |  9:1.2e-05  1:1.1e-03
  448 ,  11201 : 7.4825763329422e+00 +(1e-02,4e-02) | 2.10e+03 |  9:1.0e-05  1:1.0e-03
  449 ,  11226 : 7.4839655372888e+00 +(1e-02,3e-02) | 2.14e+03 |  9:9.4e-06  1:9.2e-04
Iterat, #Fevals:   Function Value    (median,worst) |Axis Ratio|idx:Min SD idx:Max SD
  450 ,  11251 : 7.4886147814249e+00 +(9e-03,2e-02) | 2.07e+03 |  9:9.5e-06  1:9.1e-04
  451 ,  11276 : 7.4775677245244e+00 +(2e-02,3e-02) | 2.10e+03 |  9:9.0e-06  1:8.8e-04
  452 ,  11301 : 7.4833636635047e+00 +(1e-02,3e-02) | 2.03e+03 |  9:8.5e-06  1:8.3e-04
  453 ,  11326 : 7.4799153683514e+00 +(2e-02,4e-02) | 1.94e+03 |  9:8.2e-06  1:7.9e-04
  454 ,  11351 : 7.4806352694595e+00 +(2e-02,3e-02) | 2.01e+03 |  9:8.3e-06  1:8.0e-04
  455 ,  11376 : 7.4809028074494e+00 +(1e-02,3e-02) | 2.04e+03 |  9:8.2e-06  1:8.1e-04
  456 ,  11401 : 7.4827823616486e+00 +(1e-02,3e-02) | 2.11e+03 |  9:7.9e-06  1:8.2e-04
  457 ,  11426 : 7.4797630782500e+00 +(1e-02,3e-02) | 2.21e+03 |  9:8.7e-06  1:9.0e-04
  458 ,  11451 : 7.4827357827192e+00 +(2e-02,3e-02) | 2.10e+03 |  9:8.8e-06  1:9.0e-04
  459 ,  11476 : 7.4845256206429e+00 +(1e-02,3e-02) | 2.06e+03 |  9:8.3e-06  1:8.6e-04
Iterat, #Fevals:   Function Value    (median,worst) |Axis Ratio|idx:Min SD idx:Max SD
  460 ,  11501 : 7.4824738111535e+00 +(1e-02,3e-02) | 2.09e+03 |  9:7.7e-06  1:8.2e-04
  461 ,  11526 : 7.4820631535195e+00 +(2e-02,3e-02) | 2.18e+03 |  9:7.2e-06  1:7.8e-04
  462 ,  11551 : 7.4818525621880e+00 +(2e-02,3e-02) | 2.25e+03 |  9:7.7e-06  1:8.6e-04
  463 ,  11576 : 7.4831816777055e+00 +(1e-02,3e-02) | 2.25e+03 |  9:6.9e-06  1:7.6e-04
  464 ,  11601 : 7.4838024247361e+00 +(1e-02,4e-02) | 2.16e+03 |  9:6.2e-06  1:6.9e-04
  465 ,  11626 : 7.4867274223982e+00 +(1e-02,4e-02) | 2.18e+03 |  9:6.0e-06  1:6.9e-04
  466 ,  11651 : 7.4820027096730e+00 +(1e-02,3e-02) | 2.27e+03 |  9:6.3e-06  1:7.0e-04
  467 ,  11676 : 7.4775144316845e+00 +(2e-02,4e-02) | 2.24e+03 |  9:5.8e-06  1:6.3e-04
  468 ,  11701 : 7.4797484267997e+00 +(2e-02,4e-02) | 2.38e+03 |  9:5.6e-06  1:6.1e-04
  469 ,  11726 : 7.4813447407771e+00 +(2e-02,3e-02) | 2.32e+03 |  9:5.2e-06  1:5.6e-04
Iterat, #Fevals:   Function Value    (median,worst) |Axis Ratio|idx:Min SD idx:Max SD
  470 ,  11751 : 7.4846220249319e+00 +(1e-02,3e-02) | 2.23e+03 |  9:4.7e-06  1:5.0e-04
  471 ,  11776 : 7.4808078955818e+00 +(2e-02,4e-02) | 2.20e+03 |  9:4.3e-06  1:4.5e-04
  472 ,  11801 : 7.4818065188252e+00 +(1e-02,3e-02) | 2.15e+03 |  9:3.5e-06  1:3.7e-04
  473 ,  11826 : 7.4858798802520e+00 +(1e-02,3e-02) | 2.12e+03 |  9:3.7e-06  1:3.7e-04
  474 ,  11851 : 7.4772328169041e+00 +(2e-02,4e-02) | 2.17e+03 |  9:3.8e-06  1:3.7e-04
  475 ,  11876 : 7.4805578982211e+00 +(2e-02,4e-02) | 2.23e+03 |  9:3.9e-06  1:3.9e-04
  476 ,  11901 : 7.4815401816824e+00 +(2e-02,3e-02) | 2.19e+03 |  9:4.2e-06  1:4.0e-04
  477 ,  11926 : 7.4816484213891e+00 +(1e-02,3e-02) | 2.25e+03 |  9:3.9e-06  1:3.6e-04
  478 ,  11951 : 7.4828528628218e+00 +(1e-02,3e-02) | 2.24e+03 |  9:3.4e-06  1:3.2e-04
  479 ,  11976 : 7.4836011294041e+00 +(1e-02,3e-02) | 2.08e+03 |  9:3.2e-06  1:3.1e-04
Iterat, #Fevals:   Function Value    (median,worst) |Axis Ratio|idx:Min SD idx:Max SD
  480 ,  12001 : 7.4846514715896e+00 +(1e-02,3e-02) | 2.10e+03 |  9:3.0e-06  1:2.9e-04
  481 ,  12026 : 7.4816356301677e+00 +(1e-02,3e-02) | 2.10e+03 |  9:3.1e-06  1:2.8e-04
  482 ,  12051 : 7.4799780061642e+00 +(2e-02,5e-02) | 2.18e+03 |  9:3.2e-06  1:2.9e-04
  483 ,  12076 : 7.4861774785748e+00 +(1e-02,4e-02) | 2.20e+03 |  9:3.2e-06  1:2.9e-04
  484 ,  12101 : 7.4832086981531e+00 +(1e-02,4e-02) | 2.13e+03 |  9:3.3e-06  1:2.8e-04
  485 ,  12126 : 7.4861569691626e+00 +(1e-02,3e-02) | 2.13e+03 |  9:3.9e-06  1:3.2e-04
  486 ,  12151 : 7.4803266956185e+00 +(1e-02,3e-02) | 2.27e+03 |  9:3.8e-06  1:3.2e-04
  487 ,  12176 : 7.4869202917978e+00 +(9e-03,2e-02) | 2.19e+03 |  9:4.2e-06  1:3.7e-04
  488 ,  12201 : 7.4886013969432e+00 +(9e-03,3e-02) | 2.27e+03 |  9:4.4e-06  1:4.1e-04
  489 ,  12226 : 7.4845119749807e+00 +(1e-02,2e-02) | 2.34e+03 |  9:4.1e-06  1:3.9e-04
Iterat, #Fevals:   Function Value    (median,worst) |Axis Ratio|idx:Min SD idx:Max SD
  490 ,  12251 : 7.4781105267578e+00 +(2e-02,4e-02) | 2.30e+03 |  9:3.8e-06  1:3.6e-04
  491 ,  12276 : 7.4816393498248e+00 +(1e-02,3e-02) | 2.26e+03 |  9:3.7e-06  1:3.5e-04
  492 ,  12301 : 7.4857006860878e+00 +(1e-02,3e-02) | 2.23e+03 |  9:4.5e-06  1:3.9e-04
  493 ,  12326 : 7.4810588350721e+00 +(2e-02,3e-02) | 2.19e+03 |  9:4.8e-06  1:3.9e-04
  494 ,  12351 : 7.4824417166386e+00 +(2e-02,3e-02) | 2.13e+03 |  9:5.0e-06  1:3.9e-04
  495 ,  12376 : 7.4854068544335e+00 +(1e-02,3e-02) | 2.13e+03 |  9:5.1e-06  1:3.9e-04
  496 ,  12401 : 7.4819904552702e+00 +(1e-02,2e-02) | 2.13e+03 |  9:5.3e-06  1:4.0e-04
  497 ,  12426 : 7.4789135549645e+00 +(2e-02,3e-02) | 2.12e+03 |  9:5.1e-06  1:3.8e-04
  498 ,  12451 : 7.4802943306466e+00 +(2e-02,3e-02) | 2.11e+03 |  9:6.0e-06  1:4.2e-04
  499 ,  12476 : 7.4846590227187e+00 +(9e-03,3e-02) | 2.11e+03 |  9:6.7e-06  1:4.4e-04
Iterat, #Fevals:   Function Value    (median,worst) |Axis Ratio|idx:Min SD idx:Max SD
  500 ,  12501 : 7.4831954366723e+00 +(1e-02,3e-02) | 2.14e+03 |  9:5.7e-06  1:3.7e-04
  501 ,  12526 : 7.4840566154682e+00 +(1e-02,3e-02) | 2.14e+03 |  9:5.9e-06  1:3.8e-04
  502 ,  12551 : 7.4848442683335e+00 +(2e-02,3e-02) | 2.17e+03 |  9:5.7e-06  1:3.8e-04
  503 ,  12576 : 7.4867291977231e+00 +(8e-03,2e-02) | 2.11e+03 |  9:5.5e-06  1:3.5e-04
  504 ,  12601 : 7.4788076127070e+00 +(2e-02,4e-02) | 2.09e+03 |  9:4.9e-06  1:3.0e-04
  505 ,  12626 : 7.4789636938546e+00 +(2e-02,4e-02) | 2.17e+03 |  9:4.7e-06  1:3.0e-04
  506 ,  12651 : 7.4818409404059e+00 +(2e-02,4e-02) | 2.27e+03 |  9:5.3e-06  1:3.3e-04
  507 ,  12676 : 7.4831717581932e+00 +(1e-02,3e-02) | 2.32e+03 |  9:5.5e-06  1:3.5e-04
  508 ,  12701 : 7.4838729800493e+00 +(2e-02,4e-02) | 2.29e+03 |  9:5.0e-06  1:3.2e-04
  509 ,  12726 : 7.4826863639418e+00 +(2e-02,4e-02) | 2.27e+03 |  9:4.8e-06  1:3.2e-04
Iterat, #Fevals:   Function Value    (median,worst) |Axis Ratio|idx:Min SD idx:Max SD
  510 ,  12751 : 7.4841258235787e+00 +(1e-02,3e-02) | 2.22e+03 |  9:4.7e-06  1:3.2e-04
  511 ,  12776 : 7.4835054143181e+00 +(2e-02,3e-02) | 2.21e+03 |  9:4.7e-06  1:3.0e-04
  512 ,  12801 : 7.4825545287436e+00 +(2e-02,4e-02) | 2.25e+03 |  9:5.3e-06  1:3.4e-04
  513 ,  12826 : 7.4810954192482e+00 +(2e-02,4e-02) | 2.28e+03 |  9:5.9e-06  1:3.6e-04
  514 ,  12851 : 7.4868615258481e+00 +(1e-02,4e-02) | 2.34e+03 |  9:6.2e-06  1:3.8e-04
  515 ,  12876 : 7.4841976260413e+00 +(1e-02,4e-02) | 2.33e+03 |  9:6.4e-06  1:4.0e-04
  516 ,  12901 : 7.4829001856572e+00 +(1e-02,3e-02) | 2.37e+03 |  9:5.7e-06  1:3.5e-04
  517 ,  12926 : 7.4860581738864e+00 +(1e-02,3e-02) | 2.53e+03 |  9:6.4e-06  1:4.0e-04
  518 ,  12951 : 7.4817121750798e+00 +(2e-02,4e-02) | 2.52e+03 |  9:7.7e-06  1:4.7e-04
  519 ,  12976 : 7.4823182315686e+00 +(2e-02,4e-02) | 2.61e+03 |  9:7.5e-06  1:4.7e-04
Iterat, #Fevals:   Function Value    (median,worst) |Axis Ratio|idx:Min SD idx:Max SD
  520 ,  13001 : 7.4855205181926e+00 +(1e-02,2e-02) | 2.75e+03 |  9:8.6e-06  1:5.8e-04
  521 ,  13026 : 7.4850323995533e+00 +(1e-02,3e-02) | 2.71e+03 |  9:8.1e-06  1:5.3e-04
  522 ,  13051 : 7.4847030035078e+00 +(1e-02,3e-02) | 2.69e+03 |  9:7.6e-06  1:5.0e-04
  523 ,  13076 : 7.4804837309495e+00 +(1e-02,3e-02) | 2.51e+03 |  9:7.2e-06  1:4.8e-04
  524 ,  13101 : 7.4812881511083e+00 +(2e-02,4e-02) | 2.51e+03 |  9:6.1e-06  1:4.2e-04
  525 ,  13126 : 7.4812930222442e+00 +(1e-02,5e-02) | 2.48e+03 |  9:5.5e-06  1:3.8e-04
  526 ,  13151 : 7.4813740189259e+00 +(1e-02,3e-02) | 2.64e+03 |  9:5.3e-06  1:3.8e-04
  527 ,  13176 : 7.4846644517923e+00 +(1e-02,3e-02) | 2.59e+03 |  9:4.9e-06  1:3.4e-04
  528 ,  13201 : 7.4832656322858e+00 +(2e-02,3e-02) | 2.69e+03 |  9:4.5e-06  1:3.4e-04
  529 ,  13226 : 7.4784308269631e+00 +(2e-02,4e-02) | 2.72e+03 |  9:4.4e-06  1:3.3e-04
Iterat, #Fevals:   Function Value    (median,worst) |Axis Ratio|idx:Min SD idx:Max SD
  530 ,  13251 : 7.4842410483860e+00 +(1e-02,3e-02) | 2.67e+03 |  9:3.9e-06  1:2.8e-04
  531 ,  13276 : 7.4792020344252e+00 +(1e-02,4e-02) | 2.53e+03 |  9:3.9e-06  1:2.7e-04
  532 ,  13301 : 7.4852702804914e+00 +(1e-02,3e-02) | 2.49e+03 |  9:4.0e-06  1:2.8e-04
  533 ,  13326 : 7.4803061331868e+00 +(2e-02,3e-02) | 2.45e+03 |  9:4.4e-06  1:3.0e-04
  534 ,  13351 : 7.4814894280800e+00 +(1e-02,4e-02) | 2.41e+03 |  9:5.1e-06  1:3.2e-04
  535 ,  13376 : 7.4816915436943e+00 +(2e-02,3e-02) | 2.38e+03 |  9:5.1e-06  1:3.3e-04
  536 ,  13401 : 7.4781686962632e+00 +(2e-02,4e-02) | 2.42e+03 |  9:5.2e-06  1:3.3e-04
  537 ,  13426 : 7.4836904974616e+00 +(1e-02,4e-02) | 2.42e+03 |  9:5.0e-06  1:3.0e-04
#Fevals:   f(returned x)   |    bestever.f     | stopflag (saved to variablescmaes13_9_71.mat)
  13427: 7.48369049746e+00 | 7.47564382612e+00 | stagnation
mean solution: +5.0e+00 +5.6e-01 +7.4e-01 +4.2e-01 +9.7e-01 +1.2e+00 +9.0e-01 +1.9e-01 +1.1e+00
std deviation:  3.0e-04  2.0e-05  2.3e-05  1.6e-05  1.4e-05  2.1e-05  2.3e-05  9.7e-06  5.0e-06
use plotcmaesdat.m for plotting the output at any time (option LogModulo must not be zero)
