
                            < M A T L A B (R) >
                  Copyright 1984-2015 The MathWorks, Inc.
                   R2015a (8.5.0.197613) 64-bit (glnxa64)
                             February 12, 2015

 
For online documentation, see http://www.mathworks.com/support
For product information, visit www.mathworks.com.
 

	Academic License


seed =

                130.708363


Initialtheta =

          14163.1127446472
          3115444.29973154
          55479229.6016411
          1258.98837468496
           4939.3319223116
          921.206712020664
        0.0196124066730737
          1.26458386946818
          999.125610020007

  n=9: (12,25)-CMA-ES(w=[24 17 14... 1.5 0.74]%, ]%, mu_eff=7.3) on function Error
Iterat, #Fevals:   Function Value    (median,worst) |Axis Ratio|idx:Min SD idx:Max SD
    1 ,     26 : 1.0757945472432e+02 +(6e+01,3e+13) | 1.16e+01 |  9:1.9e-01  4:2.1e+00
    2 ,     51 : 1.8895764844990e+01 +(1e+02,1e+14) | 1.19e+01 |  9:1.6e-01  8:1.9e+00
    3 ,     76 : 1.6474808550919e+02 +(3e-01,6e+05) | 1.21e+01 |  9:1.4e-01  4:1.6e+00
    4 ,    101 : 1.5267195603149e+02 +(1e+01,1e+08) | 1.23e+01 |  9:1.4e-01  4:1.6e+00
    5 ,    126 : 1.5140523921638e+02 +(1e+01,3e+06) | 1.22e+01 |  9:1.3e-01  4:1.5e+00
    6 ,    151 : 5.0636967431220e+01 +(1e+02,9e+06) | 1.23e+01 |  9:1.1e-01  4:1.3e+00
    7 ,    176 : 9.9126658999682e+01 +(7e+01,8e+04) | 1.25e+01 |  9:1.0e-01  4:1.2e+00
    8 ,    201 : 4.8098199030049e+01 +(1e+02,1e+05) | 1.26e+01 |  9:8.4e-02  4:9.7e-01
    9 ,    226 : 9.6058933196317e+00 +(2e+02,3e+04) | 1.30e+01 |  9:7.6e-02  4:9.3e-01
Iterat, #Fevals:   Function Value    (median,worst) |Axis Ratio|idx:Min SD idx:Max SD
   10 ,    251 : 1.7991386120439e+01 +(1e+02,9e+04) | 1.26e+01 |  9:7.6e-02  4:9.0e-01
   11 ,    276 : 2.5252927710137e+01 +(1e+02,6e+03) | 1.26e+01 |  9:6.7e-02  4:7.6e-01
   12 ,    301 : 1.8805231603615e+01 +(1e+02,2e+05) | 1.23e+01 |  9:6.7e-02  1:7.5e-01
   13 ,    326 : 1.1141093473350e+01 +(2e+02,2e+04) | 1.18e+01 |  9:7.0e-02  1:7.4e-01
   14 ,    351 : 1.2085415421280e+01 +(2e+02,1e+04) | 1.18e+01 |  9:6.2e-02  1:6.4e-01
   15 ,    376 : 1.2895836705769e+01 +(2e+02,4e+04) | 1.19e+01 |  9:6.1e-02  4:6.3e-01
   16 ,    401 : 8.8854377509067e+00 +(2e+02,3e+04) | 1.19e+01 |  9:5.1e-02  1:5.3e-01
   17 ,    426 : 1.2418132184251e+01 +(2e+02,6e+03) | 1.19e+01 |  9:4.6e-02  8:4.8e-01
   18 ,    451 : 3.0358277945527e+01 +(1e+02,8e+03) | 1.17e+01 |  9:4.1e-02  8:4.3e-01
   19 ,    476 : 9.3720248098396e+00 +(1e+02,1e+03) | 1.12e+01 |  9:3.6e-02  8:3.5e-01
Iterat, #Fevals:   Function Value    (median,worst) |Axis Ratio|idx:Min SD idx:Max SD
   20 ,    501 : 8.6498156425966e+00 +(1e+02,2e+03) | 1.21e+01 |  9:3.6e-02  8:3.6e-01
   21 ,    526 : 9.6496478617258e+00 +(1e+02,2e+03) | 1.21e+01 |  9:3.4e-02  4:3.4e-01
   22 ,    551 : 9.1366758001799e+00 +(6e+01,2e+03) | 1.24e+01 |  9:2.9e-02  4:2.8e-01
   23 ,    576 : 8.5422460371666e+00 +(6e+01,6e+02) | 1.23e+01 |  9:2.5e-02  4:2.5e-01
   24 ,    601 : 8.8165640917391e+00 +(3e+01,6e+02) | 1.25e+01 |  9:2.5e-02  4:2.5e-01
   25 ,    626 : 1.0202244194051e+01 +(5e+01,4e+02) | 1.29e+01 |  9:2.1e-02  4:2.2e-01
   26 ,    651 : 8.6967413890891e+00 +(1e+01,6e+02) | 1.26e+01 |  9:2.0e-02  4:2.1e-01
   27 ,    676 : 8.6944134046323e+00 +(2e+01,1e+02) | 1.25e+01 |  9:2.1e-02  4:2.1e-01
   28 ,    701 : 8.3562009921054e+00 +(9e+00,8e+01) | 1.27e+01 |  9:2.0e-02  4:2.0e-01
   29 ,    726 : 8.4089427819919e+00 +(2e+01,1e+02) | 1.28e+01 |  9:2.1e-02  4:2.0e-01
Iterat, #Fevals:   Function Value    (median,worst) |Axis Ratio|idx:Min SD idx:Max SD
   30 ,    751 : 8.6508388489875e+00 +(9e+00,8e+01) | 1.31e+01 |  9:2.1e-02  4:2.1e-01
   31 ,    776 : 8.5608825378234e+00 +(1e+01,5e+02) | 1.35e+01 |  9:1.9e-02  4:1.9e-01
   32 ,    801 : 8.4946146383923e+00 +(8e+00,1e+02) | 1.36e+01 |  9:2.1e-02  4:2.1e-01
   33 ,    826 : 8.5217876656475e+00 +(9e+00,7e+01) | 1.38e+01 |  9:2.1e-02  8:2.2e-01
   34 ,    851 : 8.3911942602884e+00 +(6e+00,1e+02) | 1.27e+01 |  9:2.5e-02  8:2.3e-01
   35 ,    876 : 8.3583788619156e+00 +(9e+00,7e+01) | 1.21e+01 |  6:2.4e-02  8:2.2e-01
   36 ,    901 : 8.2416413766949e+00 +(7e+00,6e+01) | 1.25e+01 |  6:2.3e-02  8:2.1e-01
   37 ,    926 : 8.2576297669443e+00 +(4e+00,3e+01) | 1.25e+01 |  6:2.3e-02  8:2.1e-01
   38 ,    951 : 8.1841678865838e+00 +(2e+00,5e+01) | 1.30e+01 |  6:2.5e-02  8:2.3e-01
   39 ,    976 : 8.4693660619405e+00 +(8e+00,1e+02) | 1.31e+01 |  6:2.3e-02  8:2.1e-01
Iterat, #Fevals:   Function Value    (median,worst) |Axis Ratio|idx:Min SD idx:Max SD
   40 ,   1001 : 8.2212594644091e+00 +(5e+00,2e+02) | 1.33e+01 |  6:2.0e-02  8:2.0e-01
   41 ,   1026 : 8.2785561729151e+00 +(4e+00,8e+01) | 1.34e+01 |  6:1.8e-02  8:1.7e-01
   42 ,   1051 : 8.2716090597916e+00 +(1e+00,2e+01) | 1.39e+01 |  6:1.9e-02  4:1.9e-01
   43 ,   1076 : 8.1889133345643e+00 +(3e+00,6e+01) | 1.40e+01 |  6:1.9e-02  4:1.9e-01
   44 ,   1101 : 8.1651702806468e+00 +(3e+00,3e+01) | 1.38e+01 |  6:2.1e-02  4:2.0e-01
   45 ,   1126 : 8.2973509596351e+00 +(3e+00,6e+01) | 1.41e+01 |  6:1.8e-02  4:1.7e-01
   46 ,   1151 : 8.1862523183961e+00 +(2e+00,3e+01) | 1.44e+01 |  9:1.6e-02  4:1.6e-01
   47 ,   1176 : 8.1885348950076e+00 +(2e+00,2e+01) | 1.54e+01 |  6:1.5e-02  4:1.5e-01
   48 ,   1201 : 8.1401428462769e+00 +(1e+00,2e+01) | 1.44e+01 |  9:1.5e-02  4:1.5e-01
   49 ,   1226 : 8.1946002118852e+00 +(8e-01,1e+01) | 1.48e+01 |  9:1.3e-02  4:1.3e-01
Iterat, #Fevals:   Function Value    (median,worst) |Axis Ratio|idx:Min SD idx:Max SD
   50 ,   1251 : 8.2402987323556e+00 +(1e+00,6e+00) | 1.45e+01 |  9:1.3e-02  4:1.2e-01
   51 ,   1276 : 8.0711528667650e+00 +(4e-01,7e+00) | 1.45e+01 |  9:1.3e-02  4:1.2e-01
   52 ,   1301 : 8.1142445457341e+00 +(7e-01,1e+01) | 1.47e+01 |  9:1.4e-02  4:1.4e-01
   53 ,   1326 : 8.0187426612572e+00 +(8e-01,1e+01) | 1.43e+01 |  9:1.7e-02  8:1.7e-01
   54 ,   1351 : 8.0629193363773e+00 +(1e+00,5e+00) | 1.51e+01 |  9:1.6e-02  4:1.7e-01
   55 ,   1376 : 8.0456237049990e+00 +(1e+00,1e+01) | 1.48e+01 |  9:1.9e-02  4:1.8e-01
   56 ,   1401 : 8.0131058676806e+00 +(2e+00,7e+00) | 1.47e+01 |  9:2.1e-02  4:2.1e-01
   57 ,   1426 : 7.8930177587452e+00 +(2e+00,2e+01) | 1.51e+01 |  9:2.4e-02  8:2.3e-01
   58 ,   1451 : 7.8951571725475e+00 +(1e+00,3e+01) | 1.48e+01 |  9:2.2e-02  8:2.1e-01
   59 ,   1476 : 7.7867495947764e+00 +(9e-01,7e+00) | 1.45e+01 |  9:2.2e-02  8:2.1e-01
Iterat, #Fevals:   Function Value    (median,worst) |Axis Ratio|idx:Min SD idx:Max SD
   60 ,   1501 : 7.7475327673832e+00 +(1e+00,2e+01) | 1.47e+01 |  9:2.6e-02  8:2.3e-01
   61 ,   1526 : 7.6703705414574e+00 +(2e+00,2e+01) | 1.48e+01 |  6:3.0e-02  8:2.4e-01
   62 ,   1551 : 7.7118000676732e+00 +(4e+00,3e+01) | 1.55e+01 |  9:3.4e-02  8:2.6e-01
   63 ,   1576 : 7.7440347941179e+00 +(2e+00,2e+01) | 1.49e+01 |  6:3.0e-02  8:2.3e-01
   64 ,   1601 : 7.6439476709763e+00 +(1e+00,1e+01) | 1.43e+01 |  6:2.7e-02  8:2.1e-01
   65 ,   1626 : 7.6334878279540e+00 +(9e-01,9e+00) | 1.47e+01 |  6:2.5e-02  8:2.0e-01
   66 ,   1651 : 7.5487878117585e+00 +(6e-01,1e+01) | 1.48e+01 |  6:2.9e-02  8:2.2e-01
   67 ,   1676 : 7.6410549715588e+00 +(1e+00,9e+00) | 1.53e+01 |  6:2.9e-02  8:2.4e-01
   68 ,   1701 : 7.5595281351078e+00 +(1e+00,9e+00) | 1.58e+01 |  6:2.9e-02  8:2.3e-01
   69 ,   1726 : 7.5164448566761e+00 +(9e-01,2e+01) | 1.66e+01 |  6:3.3e-02  8:2.6e-01
Iterat, #Fevals:   Function Value    (median,worst) |Axis Ratio|idx:Min SD idx:Max SD
   70 ,   1751 : 7.5586295141734e+00 +(1e+00,1e+01) | 1.69e+01 |  9:3.2e-02  8:2.6e-01
   71 ,   1776 : 7.5911649538439e+00 +(9e-01,1e+01) | 1.78e+01 |  9:3.5e-02  8:3.0e-01
   72 ,   1801 : 7.7020598713422e+00 +(2e+00,3e+01) | 1.76e+01 |  9:3.4e-02  8:2.9e-01
   73 ,   1826 : 7.5257668564195e+00 +(1e+00,1e+01) | 1.78e+01 |  9:3.1e-02  8:2.7e-01
   74 ,   1851 : 7.5183509691789e+00 +(1e+00,8e+00) | 1.80e+01 |  9:2.7e-02  8:2.3e-01
   75 ,   1876 : 7.5213140581601e+00 +(7e-01,9e+00) | 1.87e+01 |  9:2.4e-02  8:2.0e-01
   76 ,   1901 : 7.5370482240406e+00 +(3e-01,4e+00) | 1.96e+01 |  9:2.0e-02  8:1.7e-01
   77 ,   1926 : 7.5380619444847e+00 +(4e-01,1e+00) | 1.99e+01 |  9:1.7e-02  8:1.5e-01
   78 ,   1951 : 7.5867739493401e+00 +(3e-01,3e+00) | 2.04e+01 |  9:1.6e-02  8:1.6e-01
   79 ,   1976 : 7.5237735308304e+00 +(3e-01,2e+00) | 2.15e+01 |  9:1.6e-02  8:1.5e-01
Iterat, #Fevals:   Function Value    (median,worst) |Axis Ratio|idx:Min SD idx:Max SD
   80 ,   2001 : 7.5440152551887e+00 +(1e-01,3e+00) | 2.21e+01 |  9:1.5e-02  8:1.5e-01
   81 ,   2026 : 7.5262752274147e+00 +(3e-01,2e+00) | 2.27e+01 |  9:1.5e-02  8:1.6e-01
   82 ,   2051 : 7.5472312960054e+00 +(3e-01,2e+00) | 2.34e+01 |  9:1.5e-02  8:1.7e-01
   83 ,   2076 : 7.5682608484549e+00 +(1e-01,3e+00) | 2.34e+01 |  9:1.6e-02  8:1.7e-01
   84 ,   2101 : 7.5311458331937e+00 +(3e-01,5e+00) | 2.48e+01 |  9:1.6e-02  8:1.9e-01
   85 ,   2126 : 7.5093262223981e+00 +(6e-01,7e+00) | 2.63e+01 |  9:1.7e-02  8:2.2e-01
   86 ,   2151 : 7.6142797310594e+00 +(4e-01,4e+00) | 2.67e+01 |  9:1.6e-02  8:2.1e-01
   87 ,   2176 : 7.6004242794410e+00 +(3e-01,2e+00) | 2.83e+01 |  9:1.4e-02  8:1.9e-01
   88 ,   2201 : 7.5617673593337e+00 +(2e-01,2e+00) | 2.84e+01 |  9:1.4e-02  8:1.8e-01
   89 ,   2226 : 7.5338501660016e+00 +(4e-01,2e+00) | 3.10e+01 |  9:1.2e-02  8:1.8e-01
Iterat, #Fevals:   Function Value    (median,worst) |Axis Ratio|idx:Min SD idx:Max SD
   90 ,   2251 : 7.5161118464816e+00 +(3e-01,3e+00) | 3.11e+01 |  9:1.1e-02  8:1.6e-01
   91 ,   2276 : 7.5522619277603e+00 +(2e-01,2e+00) | 3.29e+01 |  9:1.0e-02  8:1.6e-01
   92 ,   2301 : 7.5435520716642e+00 +(9e-02,7e-01) | 3.33e+01 |  9:8.5e-03  8:1.4e-01
   93 ,   2326 : 7.5491985212255e+00 +(9e-02,1e+00) | 3.53e+01 |  9:8.7e-03  8:1.5e-01
   94 ,   2351 : 7.5213545481141e+00 +(8e-02,8e-01) | 3.49e+01 |  9:9.3e-03  8:1.5e-01
   95 ,   2376 : 7.4957062964443e+00 +(1e-01,9e-01) | 3.59e+01 |  9:8.0e-03  8:1.3e-01
   96 ,   2401 : 7.5320308453234e+00 +(6e-02,5e-01) | 3.63e+01 |  9:7.8e-03  8:1.3e-01
   97 ,   2426 : 7.5103763731236e+00 +(7e-02,5e-01) | 3.72e+01 |  9:7.0e-03  8:1.2e-01
   98 ,   2451 : 7.5064041686722e+00 +(6e-02,7e-01) | 3.67e+01 |  9:6.2e-03  8:1.1e-01
   99 ,   2476 : 7.5025427016594e+00 +(4e-02,2e-01) | 3.76e+01 |  9:5.5e-03  8:9.6e-02
Iterat, #Fevals:   Function Value    (median,worst) |Axis Ratio|idx:Min SD idx:Max SD
  100 ,   2501 : 7.5173851206709e+00 +(5e-02,1e-01) | 3.81e+01 |  9:4.9e-03  8:8.6e-02
  101 ,   2526 : 7.5015572158290e+00 +(5e-02,3e-01) | 3.98e+01 |  9:4.7e-03  8:8.3e-02
  102 ,   2551 : 7.4982995065131e+00 +(2e-02,2e-01) | 4.11e+01 |  9:4.4e-03  8:7.8e-02
  103 ,   2576 : 7.4993606058354e+00 +(3e-02,2e-01) | 4.12e+01 |  9:4.6e-03  8:8.4e-02
  104 ,   2601 : 7.4942001023821e+00 +(5e-02,2e-01) | 4.16e+01 |  9:4.3e-03  8:7.8e-02
  105 ,   2626 : 7.4966545831775e+00 +(4e-02,2e-01) | 4.20e+01 |  9:4.0e-03  8:7.3e-02
  106 ,   2651 : 7.4991082255665e+00 +(3e-02,1e-01) | 4.21e+01 |  9:3.7e-03  8:6.9e-02
  107 ,   2676 : 7.5006236939815e+00 +(3e-02,8e-02) | 4.23e+01 |  9:3.4e-03  8:6.5e-02
  108 ,   2701 : 7.5021175867088e+00 +(2e-02,6e-02) | 4.38e+01 |  9:3.3e-03  8:6.6e-02
  109 ,   2726 : 7.4913549176212e+00 +(4e-02,2e-01) | 4.46e+01 |  9:2.9e-03  8:5.9e-02
Iterat, #Fevals:   Function Value    (median,worst) |Axis Ratio|idx:Min SD idx:Max SD
  110 ,   2751 : 7.4904284922083e+00 +(3e-02,7e-02) | 4.45e+01 |  9:2.4e-03  8:4.9e-02
  111 ,   2776 : 7.4933325654412e+00 +(2e-02,5e-02) | 4.44e+01 |  9:1.9e-03  8:4.1e-02
  112 ,   2801 : 7.4856574557056e+00 +(2e-02,7e-02) | 4.21e+01 |  9:1.8e-03  8:3.9e-02
  113 ,   2826 : 7.4876718041240e+00 +(2e-02,5e-02) | 4.47e+01 |  9:1.6e-03  8:3.7e-02
  114 ,   2851 : 7.4872349566275e+00 +(2e-02,4e-02) | 4.28e+01 |  9:1.4e-03  8:3.2e-02
  115 ,   2876 : 7.4895630409419e+00 +(1e-02,4e-02) | 4.36e+01 |  9:1.4e-03  8:3.4e-02
  116 ,   2901 : 7.4788984304822e+00 +(2e-02,6e-02) | 4.32e+01 |  9:1.4e-03  8:3.4e-02
  117 ,   2926 : 7.4799418742662e+00 +(2e-02,6e-02) | 4.39e+01 |  9:1.2e-03  8:2.9e-02
  118 ,   2951 : 7.4830825321258e+00 +(2e-02,3e-02) | 4.39e+01 |  9:1.0e-03  8:2.6e-02
  119 ,   2976 : 7.4855708499091e+00 +(1e-02,5e-02) | 4.36e+01 |  9:9.3e-04  8:2.4e-02
Iterat, #Fevals:   Function Value    (median,worst) |Axis Ratio|idx:Min SD idx:Max SD
  120 ,   3001 : 7.4859792003771e+00 +(1e-02,3e-02) | 4.58e+01 |  9:1.0e-03  8:2.7e-02
  121 ,   3026 : 7.4855622359892e+00 +(2e-02,4e-02) | 4.81e+01 |  9:1.0e-03  8:2.8e-02
  122 ,   3051 : 7.4887960159250e+00 +(2e-02,4e-02) | 4.89e+01 |  9:8.2e-04  8:2.3e-02
  123 ,   3076 : 7.4851225038170e+00 +(2e-02,3e-02) | 4.93e+01 |  9:7.3e-04  8:2.1e-02
  124 ,   3101 : 7.4735889105436e+00 +(2e-02,4e-02) | 5.18e+01 |  9:6.6e-04  8:2.0e-02
  125 ,   3126 : 7.4823105048749e+00 +(2e-02,5e-02) | 5.21e+01 |  9:6.6e-04  8:2.0e-02
  126 ,   3151 : 7.4833558546612e+00 +(2e-02,3e-02) | 4.95e+01 |  9:6.7e-04  8:2.1e-02
  127 ,   3176 : 7.4841986734954e+00 +(2e-02,3e-02) | 5.25e+01 |  9:6.6e-04  8:2.1e-02
  128 ,   3201 : 7.4822588235761e+00 +(1e-02,3e-02) | 5.42e+01 |  9:6.4e-04  8:2.1e-02
  129 ,   3226 : 7.4816825765650e+00 +(2e-02,4e-02) | 5.22e+01 |  9:6.1e-04  8:1.9e-02
Iterat, #Fevals:   Function Value    (median,worst) |Axis Ratio|idx:Min SD idx:Max SD
  130 ,   3251 : 7.4855844314780e+00 +(1e-02,4e-02) | 5.24e+01 |  9:5.8e-04  8:1.8e-02
  131 ,   3276 : 7.4809494956656e+00 +(1e-02,4e-02) | 5.39e+01 |  9:5.3e-04  8:1.6e-02
  132 ,   3301 : 7.4845940810427e+00 +(1e-02,3e-02) | 5.58e+01 |  9:5.5e-04  8:1.7e-02
  133 ,   3326 : 7.4874343913312e+00 +(1e-02,3e-02) | 6.09e+01 |  9:5.7e-04  8:1.9e-02
  134 ,   3351 : 7.4878055537184e+00 +(1e-02,2e-02) | 5.91e+01 |  9:6.0e-04  8:2.0e-02
  135 ,   3376 : 7.4867728750742e+00 +(1e-02,3e-02) | 5.96e+01 |  9:5.9e-04  8:1.9e-02
  136 ,   3401 : 7.4786830379532e+00 +(2e-02,4e-02) | 5.79e+01 |  9:6.1e-04  8:1.9e-02
  137 ,   3426 : 7.4780237574699e+00 +(2e-02,4e-02) | 5.84e+01 |  9:5.7e-04  8:1.8e-02
  138 ,   3451 : 7.4832247180394e+00 +(1e-02,4e-02) | 5.58e+01 |  9:5.0e-04  8:1.5e-02
  139 ,   3476 : 7.4820895433855e+00 +(2e-02,3e-02) | 5.65e+01 |  9:4.3e-04  8:1.3e-02
Iterat, #Fevals:   Function Value    (median,worst) |Axis Ratio|idx:Min SD idx:Max SD
  140 ,   3501 : 7.4840341344666e+00 +(1e-02,3e-02) | 5.89e+01 |  9:4.6e-04  8:1.4e-02
  141 ,   3526 : 7.4827997621880e+00 +(2e-02,2e-02) | 5.95e+01 |  9:4.2e-04  8:1.3e-02
  142 ,   3551 : 7.4839009753261e+00 +(1e-02,3e-02) | 5.92e+01 |  9:4.1e-04  8:1.3e-02
  143 ,   3576 : 7.4802625190706e+00 +(2e-02,4e-02) | 6.28e+01 |  9:4.1e-04  8:1.3e-02
  144 ,   3601 : 7.4651218231116e+00 +(3e-02,5e-02) | 6.87e+01 |  9:4.6e-04  8:1.6e-02
  145 ,   3626 : 7.4801347397191e+00 +(1e-02,3e-02) | 6.99e+01 |  9:4.5e-04  8:1.6e-02
  146 ,   3651 : 7.4790603481052e+00 +(2e-02,5e-02) | 7.13e+01 |  9:4.9e-04  8:1.8e-02
  147 ,   3676 : 7.4782344974745e+00 +(2e-02,5e-02) | 7.49e+01 |  9:5.1e-04  8:1.9e-02
  148 ,   3701 : 7.4793569193226e+00 +(2e-02,4e-02) | 7.92e+01 |  9:5.0e-04  8:1.9e-02
  149 ,   3726 : 7.4762466053536e+00 +(2e-02,4e-02) | 8.61e+01 |  9:4.8e-04  8:2.0e-02
Iterat, #Fevals:   Function Value    (median,worst) |Axis Ratio|idx:Min SD idx:Max SD
  150 ,   3751 : 7.4796902531790e+00 +(2e-02,4e-02) | 8.74e+01 |  9:4.1e-04  8:1.7e-02
  151 ,   3776 : 7.4785109133940e+00 +(2e-02,4e-02) | 9.13e+01 |  9:3.9e-04  8:1.7e-02
  152 ,   3801 : 7.4858974760273e+00 +(1e-02,3e-02) | 9.12e+01 |  9:3.4e-04  8:1.5e-02
  153 ,   3826 : 7.4762972769639e+00 +(2e-02,3e-02) | 9.48e+01 |  9:3.2e-04  8:1.5e-02
  154 ,   3851 : 7.4801459449191e+00 +(1e-02,3e-02) | 9.37e+01 |  9:3.1e-04  8:1.4e-02
  155 ,   3876 : 7.4678418617975e+00 +(2e-02,5e-02) | 9.49e+01 |  9:3.6e-04  8:1.7e-02
  156 ,   3901 : 7.4765984086691e+00 +(2e-02,4e-02) | 9.35e+01 |  9:3.1e-04  8:1.5e-02
  157 ,   3926 : 7.4803379658529e+00 +(1e-02,3e-02) | 9.03e+01 |  9:3.1e-04  8:1.4e-02
  158 ,   3951 : 7.4817595567440e+00 +(1e-02,5e-02) | 9.15e+01 |  9:3.5e-04  8:1.6e-02
  159 ,   3976 : 7.4790693141816e+00 +(1e-02,3e-02) | 8.91e+01 |  9:3.3e-04  8:1.6e-02
Iterat, #Fevals:   Function Value    (median,worst) |Axis Ratio|idx:Min SD idx:Max SD
  160 ,   4001 : 7.4730623477579e+00 +(2e-02,4e-02) | 8.80e+01 |  9:3.2e-04  8:1.5e-02
  161 ,   4026 : 7.4722791520902e+00 +(2e-02,5e-02) | 9.04e+01 |  9:3.0e-04  8:1.4e-02
  162 ,   4051 : 7.4779200973157e+00 +(1e-02,3e-02) | 9.00e+01 |  9:2.7e-04  8:1.3e-02
  163 ,   4076 : 7.4824153058622e+00 +(9e-03,3e-02) | 8.74e+01 |  9:2.3e-04  8:1.1e-02
  164 ,   4101 : 7.4839089021081e+00 +(1e-02,3e-02) | 8.56e+01 |  9:2.2e-04  8:1.0e-02
  165 ,   4126 : 7.4723816967862e+00 +(2e-02,3e-02) | 8.85e+01 |  9:2.2e-04  8:9.9e-03
  166 ,   4151 : 7.4794097586633e+00 +(1e-02,4e-02) | 9.20e+01 |  9:2.0e-04  8:9.6e-03
  167 ,   4176 : 7.4715171788548e+00 +(2e-02,4e-02) | 9.29e+01 |  9:1.8e-04  8:8.9e-03
  168 ,   4201 : 7.4741825042492e+00 +(2e-02,4e-02) | 9.20e+01 |  9:1.8e-04  8:8.9e-03
  169 ,   4226 : 7.4808100695763e+00 +(1e-02,2e-02) | 9.03e+01 |  9:1.8e-04  8:8.6e-03
Iterat, #Fevals:   Function Value    (median,worst) |Axis Ratio|idx:Min SD idx:Max SD
  170 ,   4251 : 7.4819633228592e+00 +(8e-03,3e-02) | 9.67e+01 |  9:1.7e-04  8:8.9e-03
  171 ,   4276 : 7.4787121712133e+00 +(1e-02,4e-02) | 9.98e+01 |  9:1.5e-04  8:8.2e-03
  172 ,   4301 : 7.4749795397859e+00 +(1e-02,4e-02) | 9.80e+01 |  9:1.7e-04  8:8.5e-03
  173 ,   4326 : 7.4685777303778e+00 +(3e-02,6e-02) | 1.01e+02 |  9:1.6e-04  8:7.9e-03
  174 ,   4351 : 7.4727754241122e+00 +(2e-02,4e-02) | 1.02e+02 |  9:1.6e-04  8:7.8e-03
  175 ,   4376 : 7.4734894857193e+00 +(2e-02,3e-02) | 1.04e+02 |  9:1.6e-04  8:7.7e-03
  176 ,   4401 : 7.4776670884556e+00 +(1e-02,3e-02) | 1.03e+02 |  9:1.8e-04  8:8.1e-03
  177 ,   4426 : 7.4771696210034e+00 +(2e-02,2e-02) | 1.04e+02 |  9:1.7e-04  8:7.8e-03
  178 ,   4451 : 7.4796605679013e+00 +(1e-02,3e-02) | 1.08e+02 |  9:1.5e-04  8:7.1e-03
  179 ,   4476 : 7.4801187709307e+00 +(8e-03,3e-02) | 1.10e+02 |  9:1.5e-04  8:6.9e-03
Iterat, #Fevals:   Function Value    (median,worst) |Axis Ratio|idx:Min SD idx:Max SD
  180 ,   4501 : 7.4711802735789e+00 +(2e-02,4e-02) | 1.17e+02 |  9:1.5e-04  8:7.6e-03
  181 ,   4526 : 7.4808234663826e+00 +(1e-02,3e-02) | 1.17e+02 |  9:1.4e-04  8:7.4e-03
  182 ,   4551 : 7.4799937258827e+00 +(1e-02,3e-02) | 1.22e+02 |  9:1.5e-04  8:8.0e-03
  183 ,   4576 : 7.4795863174949e+00 +(1e-02,3e-02) | 1.22e+02 |  9:1.5e-04  8:7.9e-03
  184 ,   4601 : 7.4823387235954e+00 +(1e-02,4e-02) | 1.23e+02 |  9:1.4e-04  8:7.1e-03
  185 ,   4626 : 7.4758697809808e+00 +(1e-02,3e-02) | 1.28e+02 |  9:1.3e-04  8:7.0e-03
  186 ,   4651 : 7.4789283521168e+00 +(1e-02,3e-02) | 1.28e+02 |  9:1.5e-04  8:8.1e-03
  187 ,   4676 : 7.4772504572853e+00 +(2e-02,3e-02) | 1.33e+02 |  9:1.6e-04  8:8.9e-03
  188 ,   4701 : 7.4760692591588e+00 +(2e-02,3e-02) | 1.33e+02 |  9:1.5e-04  8:8.5e-03
  189 ,   4726 : 7.4823482152023e+00 +(1e-02,3e-02) | 1.35e+02 |  9:1.5e-04  8:8.4e-03
Iterat, #Fevals:   Function Value    (median,worst) |Axis Ratio|idx:Min SD idx:Max SD
  190 ,   4751 : 7.4844438058582e+00 +(9e-03,2e-02) | 1.35e+02 |  9:1.4e-04  8:8.0e-03
  191 ,   4776 : 7.4755283797813e+00 +(2e-02,4e-02) | 1.42e+02 |  9:1.5e-04  8:8.7e-03
  192 ,   4801 : 7.4720236326194e+00 +(2e-02,4e-02) | 1.45e+02 |  9:1.3e-04  8:7.4e-03
  193 ,   4826 : 7.4757427594517e+00 +(2e-02,3e-02) | 1.41e+02 |  9:1.2e-04  8:6.9e-03
  194 ,   4851 : 7.4780417025867e+00 +(1e-02,3e-02) | 1.42e+02 |  9:1.0e-04  8:5.8e-03
  195 ,   4876 : 7.4773650272154e+00 +(2e-02,4e-02) | 1.46e+02 |  9:8.9e-05  8:5.2e-03
  196 ,   4901 : 7.4767639540608e+00 +(2e-02,3e-02) | 1.50e+02 |  9:8.2e-05  8:4.7e-03
  197 ,   4926 : 7.4686923912609e+00 +(2e-02,4e-02) | 1.49e+02 |  9:8.9e-05  8:4.9e-03
  198 ,   4951 : 7.4816518351082e+00 +(1e-02,2e-02) | 1.57e+02 |  9:9.0e-05  8:5.2e-03
  199 ,   4976 : 7.4764048725348e+00 +(2e-02,4e-02) | 1.59e+02 |  9:8.6e-05  8:5.1e-03
Iterat, #Fevals:   Function Value    (median,worst) |Axis Ratio|idx:Min SD idx:Max SD
  200 ,   5001 : 7.4739742044278e+00 +(2e-02,4e-02) | 1.58e+02 |  9:8.5e-05  8:4.9e-03
  201 ,   5026 : 7.4820223553377e+00 +(1e-02,3e-02) | 1.53e+02 |  9:7.9e-05  8:4.5e-03
  202 ,   5051 : 7.4835335766569e+00 +(1e-02,3e-02) | 1.61e+02 |  9:8.1e-05  8:4.7e-03
  203 ,   5076 : 7.4720452726431e+00 +(2e-02,3e-02) | 1.59e+02 |  9:8.4e-05  8:5.1e-03
  204 ,   5101 : 7.4720279577102e+00 +(2e-02,4e-02) | 1.69e+02 |  9:1.0e-04  8:6.0e-03
  205 ,   5126 : 7.4701922457291e+00 +(2e-02,4e-02) | 1.71e+02 |  9:1.1e-04  8:6.3e-03
  206 ,   5151 : 7.4836867666290e+00 +(1e-02,3e-02) | 1.79e+02 |  9:1.2e-04  8:6.7e-03
  207 ,   5176 : 7.4778374955776e+00 +(1e-02,3e-02) | 1.84e+02 |  9:1.4e-04  8:7.8e-03
  208 ,   5201 : 7.4726493754368e+00 +(2e-02,4e-02) | 1.94e+02 |  9:1.3e-04  8:7.6e-03
  209 ,   5226 : 7.4796402408370e+00 +(2e-02,4e-02) | 2.08e+02 |  9:1.4e-04  4:8.0e-03
Iterat, #Fevals:   Function Value    (median,worst) |Axis Ratio|idx:Min SD idx:Max SD
  210 ,   5251 : 7.4743976926427e+00 +(2e-02,4e-02) | 2.08e+02 |  9:1.4e-04  4:7.8e-03
  211 ,   5276 : 7.4791625700059e+00 +(1e-02,3e-02) | 2.09e+02 |  9:1.4e-04  4:8.2e-03
  212 ,   5301 : 7.4805317512240e+00 +(1e-02,2e-02) | 2.22e+02 |  9:1.2e-04  4:7.7e-03
  213 ,   5326 : 7.4727525315444e+00 +(2e-02,4e-02) | 2.27e+02 |  9:1.3e-04  4:8.1e-03
  214 ,   5351 : 7.4761488681049e+00 +(2e-02,3e-02) | 2.26e+02 |  9:1.3e-04  4:8.2e-03
  215 ,   5376 : 7.4723819037380e+00 +(2e-02,4e-02) | 2.28e+02 |  9:1.4e-04  4:8.3e-03
  216 ,   5401 : 7.4790213825440e+00 +(1e-02,3e-02) | 2.30e+02 |  9:1.3e-04  4:7.9e-03
  217 ,   5426 : 7.4761752697676e+00 +(1e-02,4e-02) | 2.10e+02 |  9:1.4e-04  4:7.9e-03
  218 ,   5451 : 7.4782972208091e+00 +(2e-02,3e-02) | 2.18e+02 |  9:1.5e-04  4:8.3e-03
  219 ,   5476 : 7.4689766211031e+00 +(2e-02,5e-02) | 2.09e+02 |  9:1.6e-04  4:8.9e-03
Iterat, #Fevals:   Function Value    (median,worst) |Axis Ratio|idx:Min SD idx:Max SD
  220 ,   5501 : 7.4776371725506e+00 +(2e-02,3e-02) | 2.00e+02 |  9:1.6e-04  4:9.2e-03
  221 ,   5526 : 7.4855663639717e+00 +(9e-03,2e-02) | 1.99e+02 |  9:1.6e-04  4:9.2e-03
  222 ,   5551 : 7.4791746049674e+00 +(1e-02,3e-02) | 2.00e+02 |  9:1.5e-04  4:8.4e-03
  223 ,   5576 : 7.4806079519413e+00 +(1e-02,3e-02) | 1.97e+02 |  9:1.4e-04  4:8.3e-03
  224 ,   5601 : 7.4739564506318e+00 +(2e-02,3e-02) | 2.05e+02 |  9:1.6e-04  4:9.5e-03
  225 ,   5626 : 7.4743569174674e+00 +(2e-02,4e-02) | 2.19e+02 |  9:1.7e-04  4:1.0e-02
  226 ,   5651 : 7.4766675978070e+00 +(2e-02,5e-02) | 2.32e+02 |  9:1.6e-04  4:9.4e-03
  227 ,   5676 : 7.4773427000504e+00 +(1e-02,3e-02) | 2.24e+02 |  9:1.3e-04  4:8.1e-03
  228 ,   5701 : 7.4748705552432e+00 +(1e-02,4e-02) | 2.30e+02 |  9:1.3e-04  4:7.8e-03
  229 ,   5726 : 7.4797404584221e+00 +(1e-02,2e-02) | 2.48e+02 |  9:1.3e-04  4:8.5e-03
Iterat, #Fevals:   Function Value    (median,worst) |Axis Ratio|idx:Min SD idx:Max SD
  230 ,   5751 : 7.4766876434814e+00 +(2e-02,3e-02) | 2.48e+02 |  9:1.3e-04  4:8.0e-03
  231 ,   5776 : 7.4772481502465e+00 +(2e-02,3e-02) | 2.48e+02 |  9:1.4e-04  4:9.1e-03
  232 ,   5801 : 7.4799255718685e+00 +(1e-02,3e-02) | 2.43e+02 |  9:1.3e-04  4:8.2e-03
  233 ,   5826 : 7.4772252403667e+00 +(2e-02,3e-02) | 2.44e+02 |  9:1.4e-04  4:8.1e-03
  234 ,   5851 : 7.4825411478939e+00 +(1e-02,2e-02) | 2.33e+02 |  9:1.2e-04  4:6.7e-03
  235 ,   5876 : 7.4750637842200e+00 +(2e-02,4e-02) | 2.24e+02 |  9:1.1e-04  4:6.3e-03
  236 ,   5901 : 7.4819522926689e+00 +(9e-03,3e-02) | 2.22e+02 |  9:1.0e-04  4:5.8e-03
  237 ,   5926 : 7.4812715304554e+00 +(9e-03,3e-02) | 2.28e+02 |  9:1.0e-04  4:5.8e-03
  238 ,   5951 : 7.4729996322307e+00 +(2e-02,4e-02) | 2.25e+02 |  9:1.0e-04  4:5.6e-03
  239 ,   5976 : 7.4749020602957e+00 +(2e-02,4e-02) | 2.30e+02 |  9:9.3e-05  4:5.2e-03
Iterat, #Fevals:   Function Value    (median,worst) |Axis Ratio|idx:Min SD idx:Max SD
  240 ,   6001 : 7.4794517987973e+00 +(1e-02,3e-02) | 2.39e+02 |  9:9.3e-05  4:5.3e-03
  241 ,   6026 : 7.4788897896094e+00 +(1e-02,3e-02) | 2.37e+02 |  9:1.1e-04  4:5.9e-03
  242 ,   6051 : 7.4792196730882e+00 +(9e-03,3e-02) | 2.39e+02 |  9:1.0e-04  4:5.8e-03
  243 ,   6076 : 7.4785251343995e+00 +(2e-02,3e-02) | 2.37e+02 |  9:1.1e-04  4:5.6e-03
  244 ,   6101 : 7.4774861537809e+00 +(2e-02,3e-02) | 2.31e+02 |  9:9.6e-05  4:5.2e-03
  245 ,   6126 : 7.4712126532610e+00 +(2e-02,4e-02) | 2.36e+02 |  9:8.9e-05  4:4.7e-03
  246 ,   6151 : 7.4731347132696e+00 +(2e-02,4e-02) | 2.40e+02 |  9:8.0e-05  4:4.2e-03
  247 ,   6176 : 7.4832525803156e+00 +(9e-03,2e-02) | 2.44e+02 |  9:7.0e-05  4:3.7e-03
  248 ,   6201 : 7.4806726649392e+00 +(1e-02,3e-02) | 2.44e+02 |  9:7.2e-05  4:3.9e-03
  249 ,   6226 : 7.4672183389025e+00 +(3e-02,5e-02) | 2.47e+02 |  9:7.0e-05  4:3.8e-03
Iterat, #Fevals:   Function Value    (median,worst) |Axis Ratio|idx:Min SD idx:Max SD
  250 ,   6251 : 7.4679909973040e+00 +(2e-02,3e-02) | 2.42e+02 |  9:7.0e-05  4:3.4e-03
  251 ,   6276 : 7.4767581062660e+00 +(1e-02,3e-02) | 2.36e+02 |  9:6.5e-05  8:3.2e-03
  252 ,   6301 : 7.4786055745842e+00 +(1e-02,4e-02) | 2.40e+02 |  9:6.4e-05  4:3.1e-03
  253 ,   6326 : 7.4698875869481e+00 +(2e-02,4e-02) | 2.45e+02 |  9:6.7e-05  8:3.2e-03
  254 ,   6351 : 7.4787709874192e+00 +(1e-02,4e-02) | 2.50e+02 |  9:6.4e-05  8:3.2e-03
  255 ,   6376 : 7.4784854238717e+00 +(1e-02,3e-02) | 2.45e+02 |  9:6.3e-05  8:3.2e-03
  256 ,   6401 : 7.4772108508785e+00 +(1e-02,3e-02) | 2.37e+02 |  9:6.8e-05  8:3.4e-03
  257 ,   6426 : 7.4802879650252e+00 +(1e-02,3e-02) | 2.35e+02 |  9:6.6e-05  8:3.3e-03
  258 ,   6451 : 7.4732923277393e+00 +(2e-02,3e-02) | 2.29e+02 |  9:5.9e-05  8:2.9e-03
  259 ,   6476 : 7.4864702178658e+00 +(4e-03,3e-02) | 2.31e+02 |  9:5.7e-05  4:2.8e-03
Iterat, #Fevals:   Function Value    (median,worst) |Axis Ratio|idx:Min SD idx:Max SD
  260 ,   6501 : 7.4676541383856e+00 +(3e-02,4e-02) | 2.40e+02 |  9:5.6e-05  4:2.9e-03
  261 ,   6526 : 7.4743748555709e+00 +(2e-02,4e-02) | 2.34e+02 |  9:5.0e-05  4:2.5e-03
  262 ,   6551 : 7.4787334473379e+00 +(2e-02,4e-02) | 2.19e+02 |  9:4.8e-05  4:2.5e-03
  263 ,   6576 : 7.4756560907186e+00 +(1e-02,3e-02) | 2.20e+02 |  9:5.6e-05  4:2.8e-03
  264 ,   6601 : 7.4764048526107e+00 +(2e-02,4e-02) | 2.31e+02 |  9:6.4e-05  4:3.2e-03
  265 ,   6626 : 7.4761141614918e+00 +(2e-02,3e-02) | 2.29e+02 |  9:6.8e-05  4:3.4e-03
  266 ,   6651 : 7.4820874213692e+00 +(1e-02,3e-02) | 2.30e+02 |  9:6.2e-05  4:3.2e-03
  267 ,   6676 : 7.4770961975630e+00 +(2e-02,2e-02) | 2.32e+02 |  9:6.5e-05  4:3.3e-03
  268 ,   6701 : 7.4772423241858e+00 +(2e-02,3e-02) | 2.23e+02 |  9:7.4e-05  4:3.8e-03
  269 ,   6726 : 7.4806206120943e+00 +(1e-02,3e-02) | 2.33e+02 |  9:7.0e-05  8:3.5e-03
Iterat, #Fevals:   Function Value    (median,worst) |Axis Ratio|idx:Min SD idx:Max SD
  270 ,   6751 : 7.4743901864574e+00 +(2e-02,4e-02) | 2.28e+02 |  9:6.3e-05  8:3.2e-03
  271 ,   6776 : 7.4776201146731e+00 +(1e-02,4e-02) | 2.25e+02 |  9:6.3e-05  8:3.2e-03
  272 ,   6801 : 7.4767021933538e+00 +(2e-02,4e-02) | 2.21e+02 |  9:6.7e-05  8:3.2e-03
  273 ,   6826 : 7.4669279813231e+00 +(3e-02,5e-02) | 2.21e+02 |  9:6.1e-05  8:2.9e-03
  274 ,   6851 : 7.4758604192866e+00 +(2e-02,4e-02) | 2.28e+02 |  9:5.9e-05  4:2.9e-03
  275 ,   6876 : 7.4780887661312e+00 +(1e-02,3e-02) | 2.30e+02 |  9:5.4e-05  4:2.6e-03
  276 ,   6901 : 7.4694451666937e+00 +(2e-02,5e-02) | 2.26e+02 |  9:5.9e-05  8:2.9e-03
  277 ,   6926 : 7.4772287783573e+00 +(1e-02,4e-02) | 2.16e+02 |  9:5.9e-05  8:2.8e-03
  278 ,   6951 : 7.4761550474841e+00 +(2e-02,3e-02) | 2.14e+02 |  9:6.1e-05  8:3.0e-03
  279 ,   6976 : 7.4728493172605e+00 +(1e-02,3e-02) | 2.19e+02 |  9:7.8e-05  8:4.0e-03
Iterat, #Fevals:   Function Value    (median,worst) |Axis Ratio|idx:Min SD idx:Max SD
  280 ,   7001 : 7.4817293450553e+00 +(1e-02,3e-02) | 2.18e+02 |  9:8.2e-05  8:4.1e-03
  281 ,   7026 : 7.4782005458620e+00 +(1e-02,3e-02) | 2.30e+02 |  9:8.3e-05  8:4.3e-03
  282 ,   7051 : 7.4782464643264e+00 +(2e-02,3e-02) | 2.26e+02 |  9:8.8e-05  8:4.4e-03
  283 ,   7076 : 7.4726830552844e+00 +(2e-02,3e-02) | 2.27e+02 |  9:9.9e-05  4:4.8e-03
  284 ,   7101 : 7.4816836187106e+00 +(1e-02,3e-02) | 2.28e+02 |  9:1.0e-04  4:5.1e-03
  285 ,   7126 : 7.4792525545402e+00 +(2e-02,4e-02) | 2.40e+02 |  9:1.0e-04  4:5.4e-03
  286 ,   7151 : 7.4794521876037e+00 +(1e-02,3e-02) | 2.61e+02 |  9:1.0e-04  4:5.7e-03
  287 ,   7176 : 7.4797362822954e+00 +(1e-02,3e-02) | 2.63e+02 |  9:1.0e-04  4:5.9e-03
  288 ,   7201 : 7.4779717184843e+00 +(2e-02,4e-02) | 3.09e+02 |  9:1.2e-04  4:6.8e-03
  289 ,   7226 : 7.4773650113254e+00 +(2e-02,3e-02) | 3.19e+02 |  9:1.2e-04  4:7.0e-03
Iterat, #Fevals:   Function Value    (median,worst) |Axis Ratio|idx:Min SD idx:Max SD
  290 ,   7251 : 7.4823821177469e+00 +(6e-03,3e-02) | 3.11e+02 |  9:1.2e-04  4:6.8e-03
  291 ,   7276 : 7.4821677065932e+00 +(1e-02,3e-02) | 2.95e+02 |  9:1.2e-04  4:7.0e-03
  292 ,   7301 : 7.4815842585500e+00 +(1e-02,2e-02) | 2.77e+02 |  9:1.2e-04  4:6.7e-03
  293 ,   7326 : 7.4772718747181e+00 +(2e-02,3e-02) | 2.67e+02 |  9:1.1e-04  4:6.3e-03
  294 ,   7351 : 7.4793165015424e+00 +(1e-02,3e-02) | 2.61e+02 |  9:9.8e-05  4:5.4e-03
  295 ,   7376 : 7.4735741297922e+00 +(2e-02,3e-02) | 2.71e+02 |  9:9.3e-05  4:5.3e-03
  296 ,   7401 : 7.4803335146708e+00 +(1e-02,4e-02) | 2.62e+02 |  9:8.4e-05  4:4.7e-03
  297 ,   7426 : 7.4788223554015e+00 +(1e-02,4e-02) | 2.65e+02 |  9:7.7e-05  8:4.2e-03
  298 ,   7451 : 7.4771762972905e+00 +(1e-02,4e-02) | 2.62e+02 |  9:7.7e-05  4:4.5e-03
  299 ,   7476 : 7.4785989633376e+00 +(2e-02,3e-02) | 2.50e+02 |  9:8.1e-05  8:4.6e-03
Iterat, #Fevals:   Function Value    (median,worst) |Axis Ratio|idx:Min SD idx:Max SD
  300 ,   7501 : 7.4691139896090e+00 +(2e-02,4e-02) | 2.44e+02 |  9:8.0e-05  8:4.4e-03
  301 ,   7526 : 7.4811047855354e+00 +(1e-02,3e-02) | 2.56e+02 |  9:8.2e-05  4:4.3e-03
  302 ,   7551 : 7.4805195504631e+00 +(1e-02,3e-02) | 2.63e+02 |  9:7.9e-05  4:4.3e-03
  303 ,   7576 : 7.4762406803850e+00 +(2e-02,4e-02) | 2.59e+02 |  9:7.3e-05  4:4.0e-03
  304 ,   7601 : 7.4742785834097e+00 +(2e-02,3e-02) | 2.46e+02 |  9:6.3e-05  4:3.5e-03
  305 ,   7626 : 7.4788393955500e+00 +(1e-02,3e-02) | 2.38e+02 |  9:6.9e-05  8:3.9e-03
  306 ,   7651 : 7.4730741978384e+00 +(2e-02,4e-02) | 2.51e+02 |  9:7.2e-05  8:4.3e-03
  307 ,   7676 : 7.4723554333284e+00 +(2e-02,3e-02) | 2.38e+02 |  9:8.0e-05  8:4.7e-03
  308 ,   7701 : 7.4794860884422e+00 +(1e-02,3e-02) | 2.44e+02 |  9:7.3e-05  8:4.5e-03
  309 ,   7726 : 7.4804853300162e+00 +(1e-02,3e-02) | 2.35e+02 |  9:7.2e-05  8:4.3e-03
Iterat, #Fevals:   Function Value    (median,worst) |Axis Ratio|idx:Min SD idx:Max SD
  310 ,   7751 : 7.4781439839667e+00 +(1e-02,4e-02) | 2.46e+02 |  9:7.5e-05  8:4.7e-03
  311 ,   7776 : 7.4752362817728e+00 +(2e-02,4e-02) | 2.50e+02 |  9:7.5e-05  8:4.8e-03
  312 ,   7801 : 7.4770354011144e+00 +(1e-02,4e-02) | 2.53e+02 |  9:6.3e-05  8:4.0e-03
  313 ,   7826 : 7.4721685813153e+00 +(2e-02,4e-02) | 2.55e+02 |  9:5.6e-05  8:3.7e-03
  314 ,   7851 : 7.4758876822722e+00 +(2e-02,3e-02) | 2.53e+02 |  9:5.4e-05  8:3.5e-03
  315 ,   7876 : 7.4647979337501e+00 +(3e-02,5e-02) | 2.50e+02 |  9:5.5e-05  8:3.6e-03
  316 ,   7901 : 7.4740535987546e+00 +(2e-02,3e-02) | 2.56e+02 |  9:6.0e-05  8:3.8e-03
  317 ,   7926 : 7.4795941698806e+00 +(1e-02,3e-02) | 2.54e+02 |  9:5.2e-05  8:3.3e-03
  318 ,   7951 : 7.4785608263819e+00 +(2e-02,2e-02) | 2.83e+02 |  9:5.1e-05  8:3.6e-03
  319 ,   7976 : 7.4748342973785e+00 +(2e-02,4e-02) | 2.85e+02 |  9:4.7e-05  8:3.3e-03
Iterat, #Fevals:   Function Value    (median,worst) |Axis Ratio|idx:Min SD idx:Max SD
  320 ,   8001 : 7.4742683898441e+00 +(2e-02,3e-02) | 2.86e+02 |  9:4.6e-05  8:3.1e-03
  321 ,   8026 : 7.4753075595954e+00 +(2e-02,3e-02) | 2.78e+02 |  9:4.6e-05  8:3.1e-03
  322 ,   8051 : 7.4751079600998e+00 +(2e-02,4e-02) | 2.60e+02 |  9:4.9e-05  8:3.3e-03
  323 ,   8076 : 7.4807451631165e+00 +(1e-02,3e-02) | 2.62e+02 |  9:4.8e-05  8:3.0e-03
  324 ,   8101 : 7.4789307304960e+00 +(1e-02,3e-02) | 2.69e+02 |  9:4.2e-05  8:2.7e-03
  325 ,   8126 : 7.4710166359919e+00 +(2e-02,4e-02) | 2.63e+02 |  9:3.7e-05  8:2.4e-03
  326 ,   8151 : 7.4718674165930e+00 +(2e-02,3e-02) | 2.62e+02 |  9:4.0e-05  8:2.6e-03
  327 ,   8176 : 7.4777553982404e+00 +(2e-02,3e-02) | 2.59e+02 |  9:4.6e-05  8:2.9e-03
  328 ,   8201 : 7.4792442592360e+00 +(1e-02,3e-02) | 2.57e+02 |  9:4.2e-05  8:2.6e-03
  329 ,   8226 : 7.4697377576868e+00 +(3e-02,4e-02) | 2.56e+02 |  9:3.9e-05  8:2.5e-03
Iterat, #Fevals:   Function Value    (median,worst) |Axis Ratio|idx:Min SD idx:Max SD
  330 ,   8251 : 7.4820961657761e+00 +(1e-02,3e-02) | 2.66e+02 |  9:3.5e-05  8:2.3e-03
  331 ,   8276 : 7.4832216403971e+00 +(1e-02,2e-02) | 2.50e+02 |  9:3.0e-05  8:1.9e-03
#Fevals:   f(returned x)   |    bestever.f     | stopflag (saved to variablescmaes13_9_122.mat)
   8277: 7.48322164040e+00 | 7.46479793375e+00 | stagnation
mean solution: +9.2e-01 +7.9e-01 +1.6e+00 +1.4e+00 +1.7e+00 +8.5e-01 +2.3e+00 +1.8e+00 +1.0e+00
std deviation:  8.2e-04  5.3e-04  3.4e-04  1.6e-03  5.2e-04  3.6e-04  8.9e-04  1.9e-03  3.0e-05
use plotcmaesdat.m for plotting the output at any time (option LogModulo must not be zero)
