
                            < M A T L A B (R) >
                  Copyright 1984-2015 The MathWorks, Inc.
                   R2015a (8.5.0.197613) 64-bit (glnxa64)
                             February 12, 2015

 
For online documentation, see http://www.mathworks.com/support
For product information, visit www.mathworks.com.
 

	Academic License


seed =

                 30.976219


Initialtheta =

          64414.3891924799
          3807485.51560268
           66304790.870519
          1637.34361030143
          9626.11552892951
          347.315178539386
        0.0495957986223868
           2.3506554502669
           709.98598796516

  n=9: (12,25)-CMA-ES(w=[24 17 14... 1.5 0.74]%, ]%, mu_eff=7.3) on function Error
Iterat, #Fevals:   Function Value    (median,worst) |Axis Ratio|idx:Min SD idx:Max SD
    1 ,     26 : 1.6279043051067e+02 +(1e+04,1e+08) | 6.56e+00 |  7:2.6e-01  4:1.7e+00
    2 ,     51 : 1.6476410686163e+02 +(3e-01,1e+07) | 6.81e+00 |  7:2.3e-01  4:1.5e+00
    3 ,     76 : 1.3517925394117e+02 +(3e+01,5e+06) | 6.79e+00 |  7:1.9e-01  4:1.3e+00
    4 ,    101 : 1.6371888101144e+02 +(1e+00,1e+07) | 6.61e+00 |  7:2.1e-01  4:1.3e+00
    5 ,    126 : 1.6495505826741e+02 +(1e-01,2e+06) | 6.50e+00 |  7:2.0e-01  4:1.2e+00
    6 ,    151 : 1.0447126205055e+01 +(2e+02,4e+06) | 6.42e+00 |  7:1.7e-01  4:1.0e+00
    7 ,    176 : 2.9549083665876e+01 +(1e+02,9e+06) | 6.75e+00 |  7:1.6e-01  4:1.0e+00
    8 ,    201 : 1.0576020643203e+02 +(6e+01,2e+06) | 6.88e+00 |  7:1.4e-01  4:9.3e-01
    9 ,    226 : 5.1180322255447e+01 +(1e+02,9e+05) | 6.80e+00 |  7:1.3e-01  4:8.7e-01
Iterat, #Fevals:   Function Value    (median,worst) |Axis Ratio|idx:Min SD idx:Max SD
   10 ,    251 : 1.6155691144014e+01 +(1e+02,1e+05) | 6.80e+00 |  7:1.4e-01  4:9.2e-01
   11 ,    276 : 1.4130464886970e+02 +(2e+01,6e+05) | 6.83e+00 |  7:1.3e-01  4:8.8e-01
   12 ,    301 : 3.6288995954262e+01 +(1e+02,1e+06) | 6.86e+00 |  7:1.2e-01  4:7.7e-01
   13 ,    326 : 1.1234030183214e+01 +(2e+02,2e+05) | 7.01e+00 |  7:1.1e-01  4:7.8e-01
   14 ,    351 : 1.0183277457249e+02 +(6e+01,2e+05) | 7.07e+00 |  7:1.1e-01  4:7.5e-01
   15 ,    376 : 8.8319328255231e+01 +(8e+01,2e+05) | 7.02e+00 |  7:1.1e-01  4:7.5e-01
   16 ,    401 : 1.3719292361376e+01 +(2e+02,6e+04) | 6.39e+00 |  7:1.2e-01  4:7.2e-01
   17 ,    426 : 4.3000927230988e+01 +(1e+02,3e+05) | 6.23e+00 |  7:1.0e-01  4:6.0e-01
   18 ,    451 : 1.6038344695241e+01 +(1e+02,3e+04) | 6.22e+00 |  7:1.0e-01  4:5.9e-01
   19 ,    476 : 1.1074726257784e+01 +(2e+02,9e+04) | 6.18e+00 |  5:9.9e-02  4:5.5e-01
Iterat, #Fevals:   Function Value    (median,worst) |Axis Ratio|idx:Min SD idx:Max SD
   20 ,    501 : 1.1625892441360e+01 +(2e+02,3e+04) | 6.32e+00 |  5:9.5e-02  4:5.3e-01
   21 ,    526 : 5.9622365740802e+01 +(1e+02,2e+04) | 6.19e+00 |  5:8.5e-02  4:4.7e-01
   22 ,    551 : 5.2037260317072e+01 +(1e+02,9e+03) | 6.23e+00 |  5:8.0e-02  4:4.4e-01
   23 ,    576 : 1.2281934936587e+01 +(2e+02,3e+04) | 6.07e+00 |  5:9.5e-02  4:5.2e-01
   24 ,    601 : 1.1995143490322e+01 +(2e+02,2e+03) | 6.14e+00 |  5:1.0e-01  4:5.6e-01
   25 ,    626 : 1.2042288588295e+01 +(2e+02,3e+03) | 6.18e+00 |  5:1.1e-01  4:5.7e-01
   26 ,    651 : 9.2022055231687e+00 +(2e+02,5e+03) | 6.21e+00 |  5:8.5e-02  4:4.6e-01
   27 ,    676 : 1.5853029981411e+01 +(1e+02,5e+03) | 6.10e+00 |  5:8.6e-02  4:4.5e-01
   28 ,    701 : 1.2585818037783e+01 +(1e+02,3e+03) | 6.24e+00 |  5:7.4e-02  4:4.0e-01
   29 ,    726 : 1.2637545051470e+01 +(2e+02,6e+02) | 6.26e+00 |  5:6.5e-02  4:3.4e-01
Iterat, #Fevals:   Function Value    (median,worst) |Axis Ratio|idx:Min SD idx:Max SD
   30 ,    751 : 1.2752502944048e+01 +(1e+02,3e+03) | 6.32e+00 |  5:5.6e-02  4:2.9e-01
   31 ,    776 : 1.5085706577300e+01 +(1e+02,3e+03) | 6.36e+00 |  5:5.4e-02  4:2.8e-01
   32 ,    801 : 1.0772263586986e+01 +(9e+01,2e+03) | 6.47e+00 |  5:4.6e-02  4:2.5e-01
   33 ,    826 : 1.0720363605744e+01 +(6e+01,4e+03) | 6.54e+00 |  5:4.5e-02  4:2.3e-01
   34 ,    851 : 1.1438194864183e+01 +(5e+01,3e+02) | 6.42e+00 |  7:4.2e-02  4:2.0e-01
   35 ,    876 : 1.0618794516438e+01 +(6e+01,2e+02) | 6.57e+00 |  7:4.7e-02  4:2.2e-01
   36 ,    901 : 1.4603525081062e+01 +(1e+02,8e+02) | 6.56e+00 |  5:4.6e-02  4:2.1e-01
   37 ,    926 : 9.9990004304281e+00 +(6e+01,6e+02) | 6.52e+00 |  5:5.1e-02  4:2.3e-01
   38 ,    951 : 1.0365592970160e+01 +(8e+01,8e+02) | 6.56e+00 |  5:5.2e-02  4:2.3e-01
   39 ,    976 : 1.2560464474348e+01 +(2e+01,8e+02) | 6.53e+00 |  5:6.3e-02  4:2.6e-01
Iterat, #Fevals:   Function Value    (median,worst) |Axis Ratio|idx:Min SD idx:Max SD
   40 ,   1001 : 8.9757157329967e+00 +(2e+02,1e+03) | 6.57e+00 |  5:5.7e-02  4:2.3e-01
   41 ,   1026 : 1.0569408418812e+01 +(7e+01,7e+02) | 6.89e+00 |  5:5.2e-02  4:2.2e-01
   42 ,   1051 : 9.5924017681065e+00 +(8e+01,5e+02) | 6.91e+00 |  5:4.8e-02  4:2.0e-01
   43 ,   1076 : 9.4436021023435e+00 +(4e+01,4e+02) | 7.07e+00 |  5:4.7e-02  4:2.0e-01
   44 ,   1101 : 8.9129050534791e+00 +(3e+01,9e+02) | 7.21e+00 |  5:4.5e-02  4:1.9e-01
   45 ,   1126 : 9.7363804504588e+00 +(3e+01,2e+02) | 7.41e+00 |  5:4.1e-02  4:1.8e-01
   46 ,   1151 : 9.7788869903801e+00 +(3e+01,2e+02) | 6.97e+00 |  5:3.8e-02  4:1.5e-01
   47 ,   1176 : 9.5284386394816e+00 +(1e+01,2e+02) | 7.20e+00 |  5:3.1e-02  4:1.2e-01
   48 ,   1201 : 9.2246525898101e+00 +(2e+01,1e+02) | 7.05e+00 |  5:2.7e-02  4:1.1e-01
   49 ,   1226 : 9.0382922285761e+00 +(6e+00,9e+01) | 7.00e+00 |  5:2.6e-02  4:1.0e-01
Iterat, #Fevals:   Function Value    (median,worst) |Axis Ratio|idx:Min SD idx:Max SD
   50 ,   1251 : 9.1007737664449e+00 +(1e+01,6e+01) | 7.13e+00 |  5:2.8e-02  4:1.1e-01
   51 ,   1276 : 9.1706699693220e+00 +(9e+00,1e+02) | 7.16e+00 |  5:2.6e-02  4:1.0e-01
   52 ,   1301 : 9.3589326890230e+00 +(1e+01,1e+02) | 7.08e+00 |  5:2.4e-02  4:9.6e-02
   53 ,   1326 : 8.7045290364709e+00 +(6e+00,5e+01) | 7.09e+00 |  5:2.3e-02  6:9.0e-02
   54 ,   1351 : 9.2508881698082e+00 +(8e+00,7e+01) | 7.14e+00 |  7:2.2e-02  4:8.1e-02
   55 ,   1376 : 8.7426071479776e+00 +(4e+00,5e+01) | 7.35e+00 |  7:2.1e-02  6:7.7e-02
   56 ,   1401 : 9.2987655970743e+00 +(3e+00,6e+01) | 7.65e+00 |  7:2.1e-02  6:8.0e-02
   57 ,   1426 : 9.0556511647523e+00 +(2e+00,3e+01) | 7.64e+00 |  7:2.0e-02  6:7.7e-02
   58 ,   1451 : 9.0298422571051e+00 +(2e+00,3e+01) | 7.95e+00 |  5:2.0e-02  6:7.5e-02
   59 ,   1476 : 8.8293671857684e+00 +(3e+00,2e+01) | 8.26e+00 |  5:2.2e-02  6:8.4e-02
Iterat, #Fevals:   Function Value    (median,worst) |Axis Ratio|idx:Min SD idx:Max SD
   60 ,   1501 : 8.6933461905490e+00 +(6e+00,8e+01) | 8.40e+00 |  5:2.1e-02  6:8.3e-02
   61 ,   1526 : 9.0576387930452e+00 +(2e+00,2e+01) | 8.49e+00 |  5:2.2e-02  6:8.1e-02
   62 ,   1551 : 8.8807586464803e+00 +(3e+00,5e+01) | 8.45e+00 |  5:2.0e-02  6:7.5e-02
   63 ,   1576 : 8.8017608748077e+00 +(1e+00,3e+01) | 8.72e+00 |  5:1.7e-02  6:6.2e-02
   64 ,   1601 : 8.8676159941039e+00 +(7e-01,1e+01) | 9.30e+00 |  5:1.6e-02  6:6.5e-02
   65 ,   1626 : 8.5723326561052e+00 +(1e+00,1e+01) | 9.54e+00 |  5:1.6e-02  6:6.8e-02
   66 ,   1651 : 8.6042942628120e+00 +(1e+00,2e+01) | 1.06e+01 |  5:1.8e-02  6:8.4e-02
   67 ,   1676 : 8.5491509769268e+00 +(1e+00,6e+00) | 1.06e+01 |  5:1.8e-02  6:8.1e-02
   68 ,   1701 : 8.4578418927141e+00 +(2e+00,1e+01) | 1.14e+01 |  5:2.0e-02  6:9.2e-02
   69 ,   1726 : 8.2028366607253e+00 +(2e+00,8e+00) | 1.19e+01 |  5:1.9e-02  6:8.9e-02
Iterat, #Fevals:   Function Value    (median,worst) |Axis Ratio|idx:Min SD idx:Max SD
   70 ,   1751 : 8.1053259625739e+00 +(1e+00,2e+01) | 1.23e+01 |  5:1.8e-02  6:8.6e-02
   71 ,   1776 : 8.2099544618434e+00 +(9e-01,8e+00) | 1.24e+01 |  5:1.8e-02  6:9.2e-02
   72 ,   1801 : 8.0876992863058e+00 +(1e+00,6e+00) | 1.30e+01 |  5:2.1e-02  6:1.0e-01
   73 ,   1826 : 8.0829143436643e+00 +(1e+00,1e+01) | 1.31e+01 |  5:2.2e-02  6:1.1e-01
   74 ,   1851 : 8.1181611686899e+00 +(9e-01,6e+00) | 1.31e+01 |  7:2.3e-02  6:1.1e-01
   75 ,   1876 : 8.0771999162223e+00 +(1e+00,8e+00) | 1.40e+01 |  7:2.6e-02  6:1.3e-01
   76 ,   1901 : 7.7378391557776e+00 +(2e+00,2e+01) | 1.54e+01 |  7:2.8e-02  6:1.5e-01
   77 ,   1926 : 7.8148106690981e+00 +(2e+00,2e+01) | 1.64e+01 |  7:2.9e-02  6:1.5e-01
   78 ,   1951 : 7.5335382525347e+00 +(1e+00,2e+01) | 1.70e+01 |  7:2.9e-02  6:1.5e-01
   79 ,   1976 : 7.5583310847223e+00 +(2e+00,7e+01) | 1.73e+01 |  7:2.6e-02  6:1.4e-01
Iterat, #Fevals:   Function Value    (median,worst) |Axis Ratio|idx:Min SD idx:Max SD
   80 ,   2001 : 7.6565688917963e+00 +(1e+00,2e+01) | 1.73e+01 |  7:2.3e-02  6:1.2e-01
   81 ,   2026 : 7.6700696112075e+00 +(6e-01,1e+01) | 1.69e+01 |  7:2.1e-02  6:1.1e-01
   82 ,   2051 : 7.6979635495299e+00 +(8e-01,6e+00) | 1.74e+01 |  7:2.0e-02  6:9.7e-02
   83 ,   2076 : 7.7069823181657e+00 +(1e+00,6e+00) | 1.76e+01 |  7:1.7e-02  6:8.6e-02
   84 ,   2101 : 7.5884939640900e+00 +(7e-01,4e+00) | 1.77e+01 |  7:1.7e-02  6:8.5e-02
   85 ,   2126 : 7.6287254099769e+00 +(7e-01,4e+00) | 1.84e+01 |  7:1.4e-02  6:7.4e-02
   86 ,   2151 : 7.6146339193017e+00 +(6e-01,5e+00) | 1.83e+01 |  7:1.7e-02  6:8.2e-02
   87 ,   2176 : 7.6330548024069e+00 +(3e-01,2e+00) | 1.84e+01 |  7:2.0e-02  6:8.9e-02
   88 ,   2201 : 7.6139337440431e+00 +(7e-01,3e+00) | 1.77e+01 |  7:2.0e-02  6:8.6e-02
   89 ,   2226 : 7.5873521729471e+00 +(5e-01,5e+00) | 1.80e+01 |  7:2.0e-02  6:8.6e-02
Iterat, #Fevals:   Function Value    (median,worst) |Axis Ratio|idx:Min SD idx:Max SD
   90 ,   2251 : 7.5268695541193e+00 +(4e-01,3e+01) | 1.81e+01 |  7:2.0e-02  6:8.5e-02
   91 ,   2276 : 7.6461792427644e+00 +(6e-01,8e+00) | 1.99e+01 |  7:2.1e-02  6:9.0e-02
   92 ,   2301 : 7.5756678648869e+00 +(4e-01,5e+00) | 2.08e+01 |  7:2.3e-02  6:1.1e-01
   93 ,   2326 : 7.5878511267630e+00 +(4e-01,1e+01) | 2.12e+01 |  7:2.0e-02  6:9.3e-02
   94 ,   2351 : 7.5379973491808e+00 +(5e-01,4e+00) | 2.18e+01 |  7:1.8e-02  6:8.6e-02
   95 ,   2376 : 7.5564914204233e+00 +(6e-01,1e+01) | 2.21e+01 |  7:1.9e-02  6:8.6e-02
   96 ,   2401 : 7.5452580618013e+00 +(3e-01,8e+00) | 2.21e+01 |  7:1.7e-02  6:7.7e-02
   97 ,   2426 : 7.5886703360965e+00 +(1e-01,1e+00) | 2.33e+01 |  7:1.6e-02  6:7.3e-02
   98 ,   2451 : 7.5731498996837e+00 +(1e-01,3e+00) | 2.32e+01 |  7:1.5e-02  6:6.5e-02
   99 ,   2476 : 7.5451541094018e+00 +(2e-01,1e+00) | 2.36e+01 |  7:1.4e-02  6:6.1e-02
Iterat, #Fevals:   Function Value    (median,worst) |Axis Ratio|idx:Min SD idx:Max SD
  100 ,   2501 : 7.5517343358880e+00 +(2e-01,2e+00) | 2.40e+01 |  7:1.2e-02  6:5.4e-02
  101 ,   2526 : 7.5484512041592e+00 +(1e-01,1e+00) | 2.40e+01 |  7:1.3e-02  6:5.2e-02
  102 ,   2551 : 7.5313766647522e+00 +(1e-01,2e+00) | 2.42e+01 |  7:1.3e-02  6:5.0e-02
  103 ,   2576 : 7.5355900293054e+00 +(1e-01,8e-01) | 2.45e+01 |  7:1.2e-02  6:4.7e-02
  104 ,   2601 : 7.5137587711965e+00 +(9e-02,1e+00) | 2.43e+01 |  7:1.2e-02  6:4.8e-02
  105 ,   2626 : 7.5202340487540e+00 +(1e-01,1e+00) | 2.44e+01 |  7:1.1e-02  6:4.2e-02
  106 ,   2651 : 7.5396780865901e+00 +(7e-02,4e-01) | 2.67e+01 |  7:1.2e-02  6:4.9e-02
  107 ,   2676 : 7.5218547553066e+00 +(7e-02,3e-01) | 2.78e+01 |  7:1.3e-02  6:4.9e-02
  108 ,   2701 : 7.5093352093527e+00 +(1e-01,4e-01) | 2.82e+01 |  7:1.3e-02  6:4.9e-02
  109 ,   2726 : 7.5200932692640e+00 +(1e-01,6e-01) | 2.83e+01 |  7:1.3e-02  6:4.7e-02
Iterat, #Fevals:   Function Value    (median,worst) |Axis Ratio|idx:Min SD idx:Max SD
  110 ,   2751 : 7.5412415476493e+00 +(4e-02,2e+00) | 2.91e+01 |  7:1.2e-02  6:4.5e-02
  111 ,   2776 : 7.5188850262435e+00 +(9e-02,4e-01) | 3.03e+01 |  7:1.3e-02  6:4.9e-02
  112 ,   2801 : 7.5208334807196e+00 +(8e-02,3e+00) | 3.12e+01 |  7:1.2e-02  6:4.4e-02
  113 ,   2826 : 7.5197097217532e+00 +(1e-01,5e-01) | 3.16e+01 |  7:1.2e-02  6:4.8e-02
  114 ,   2851 : 7.5311978940564e+00 +(6e-02,2e+00) | 3.21e+01 |  7:1.3e-02  6:5.1e-02
  115 ,   2876 : 7.5241832291243e+00 +(1e-01,6e-01) | 3.25e+01 |  9:1.4e-02  6:5.4e-02
  116 ,   2901 : 7.5219529290911e+00 +(1e-01,1e+00) | 3.28e+01 |  9:1.4e-02  6:5.7e-02
  117 ,   2926 : 7.5328891194334e+00 +(9e-02,4e-01) | 3.36e+01 |  9:1.3e-02  6:5.1e-02
  118 ,   2951 : 7.5176105374969e+00 +(9e-02,1e+00) | 3.33e+01 |  9:1.1e-02  6:4.4e-02
  119 ,   2976 : 7.5237110460104e+00 +(5e-02,2e-01) | 3.39e+01 |  9:8.8e-03  6:3.7e-02
Iterat, #Fevals:   Function Value    (median,worst) |Axis Ratio|idx:Min SD idx:Max SD
  120 ,   3001 : 7.5185915881269e+00 +(5e-02,3e-01) | 3.36e+01 |  9:8.3e-03  6:3.4e-02
  121 ,   3026 : 7.5136541181760e+00 +(4e-02,2e-01) | 3.30e+01 |  9:8.0e-03  6:3.3e-02
  122 ,   3051 : 7.5220511198665e+00 +(3e-02,1e-01) | 3.36e+01 |  9:8.1e-03  6:3.4e-02
  123 ,   3076 : 7.5085501891063e+00 +(4e-02,3e-01) | 3.40e+01 |  9:8.6e-03  6:3.7e-02
  124 ,   3101 : 7.5126232380242e+00 +(5e-02,2e-01) | 3.33e+01 |  9:7.9e-03  6:3.4e-02
  125 ,   3126 : 7.5122553414705e+00 +(4e-02,3e-01) | 3.34e+01 |  9:7.5e-03  6:3.3e-02
  126 ,   3151 : 7.5154100812608e+00 +(6e-02,2e-01) | 3.50e+01 |  9:6.8e-03  6:3.2e-02
  127 ,   3176 : 7.5064942511517e+00 +(4e-02,1e-01) | 3.44e+01 |  9:7.0e-03  6:3.2e-02
  128 ,   3201 : 7.5105551495982e+00 +(3e-02,9e-02) | 3.49e+01 |  9:6.5e-03  6:3.0e-02
  129 ,   3226 : 7.5087476184173e+00 +(3e-02,1e-01) | 3.56e+01 |  9:6.1e-03  6:2.9e-02
Iterat, #Fevals:   Function Value    (median,worst) |Axis Ratio|idx:Min SD idx:Max SD
  130 ,   3251 : 7.5095288567518e+00 +(2e-02,1e-01) | 3.79e+01 |  9:5.0e-03  6:2.6e-02
  131 ,   3276 : 7.5151508301812e+00 +(3e-02,6e-02) | 4.01e+01 |  9:4.7e-03  6:2.5e-02
  132 ,   3301 : 7.5069934476209e+00 +(3e-02,7e-02) | 4.06e+01 |  9:4.4e-03  6:2.4e-02
  133 ,   3326 : 7.5123591196468e+00 +(2e-02,1e-01) | 3.98e+01 |  9:3.6e-03  6:2.0e-02
  134 ,   3351 : 7.5084227377326e+00 +(2e-02,7e-02) | 4.02e+01 |  9:3.1e-03  6:1.9e-02
  135 ,   3376 : 7.5119269189511e+00 +(2e-02,1e-01) | 4.01e+01 |  9:2.6e-03  6:1.6e-02
  136 ,   3401 : 7.5067336125639e+00 +(2e-02,5e-02) | 4.21e+01 |  9:2.5e-03  6:1.6e-02
  137 ,   3426 : 7.5084211774688e+00 +(1e-02,3e-02) | 4.38e+01 |  9:2.3e-03  6:1.5e-02
  138 ,   3451 : 7.5130452400154e+00 +(2e-02,3e-02) | 4.32e+01 |  9:2.2e-03  6:1.4e-02
  139 ,   3476 : 7.5039854755510e+00 +(2e-02,3e-02) | 4.24e+01 |  9:2.0e-03  6:1.3e-02
Iterat, #Fevals:   Function Value    (median,worst) |Axis Ratio|idx:Min SD idx:Max SD
  140 ,   3501 : 7.5083678580040e+00 +(2e-02,4e-02) | 4.04e+01 |  9:2.0e-03  6:1.4e-02
  141 ,   3526 : 7.4989316186972e+00 +(2e-02,4e-02) | 4.37e+01 |  9:2.1e-03  6:1.6e-02
  142 ,   3551 : 7.5035404159047e+00 +(2e-02,6e-02) | 4.33e+01 |  9:1.9e-03  6:1.5e-02
  143 ,   3576 : 7.5042934740324e+00 +(2e-02,4e-02) | 4.60e+01 |  9:1.9e-03  6:1.6e-02
  144 ,   3601 : 7.5060305443423e+00 +(2e-02,3e-02) | 5.03e+01 |  9:1.7e-03  6:1.6e-02
  145 ,   3626 : 7.5061557287744e+00 +(2e-02,3e-02) | 5.15e+01 |  9:1.7e-03  6:1.7e-02
  146 ,   3651 : 7.4996160371604e+00 +(2e-02,4e-02) | 5.13e+01 |  9:1.6e-03  6:1.5e-02
  147 ,   3676 : 7.5084240260307e+00 +(1e-02,3e-02) | 5.01e+01 |  9:1.4e-03  6:1.5e-02
  148 ,   3701 : 7.4941774305225e+00 +(3e-02,4e-02) | 5.02e+01 |  9:1.6e-03  6:1.6e-02
  149 ,   3726 : 7.5065118891815e+00 +(2e-02,4e-02) | 4.95e+01 |  9:1.8e-03  6:1.9e-02
Iterat, #Fevals:   Function Value    (median,worst) |Axis Ratio|idx:Min SD idx:Max SD
  150 ,   3751 : 7.5111532053198e+00 +(1e-02,3e-02) | 5.08e+01 |  9:1.9e-03  6:2.0e-02
  151 ,   3776 : 7.5081084760480e+00 +(2e-02,4e-02) | 5.48e+01 |  9:1.9e-03  6:2.1e-02
  152 ,   3801 : 7.4988579368314e+00 +(3e-02,6e-02) | 5.46e+01 |  9:1.8e-03  6:2.0e-02
  153 ,   3826 : 7.5013962145458e+00 +(2e-02,5e-02) | 5.76e+01 |  9:1.5e-03  6:1.7e-02
  154 ,   3851 : 7.5035347484063e+00 +(1e-02,4e-02) | 5.96e+01 |  9:1.3e-03  6:1.5e-02
  155 ,   3876 : 7.4901792938003e+00 +(3e-02,6e-02) | 6.06e+01 |  9:1.2e-03  6:1.4e-02
  156 ,   3901 : 7.5081490538242e+00 +(8e-03,3e-02) | 6.13e+01 |  9:1.0e-03  6:1.2e-02
  157 ,   3926 : 7.4993505599538e+00 +(2e-02,4e-02) | 6.18e+01 |  9:9.3e-04  6:1.1e-02
  158 ,   3951 : 7.5054198909133e+00 +(2e-02,4e-02) | 6.38e+01 |  9:9.0e-04  6:1.1e-02
  159 ,   3976 : 7.5036778653422e+00 +(2e-02,4e-02) | 6.76e+01 |  9:8.6e-04  6:1.1e-02
Iterat, #Fevals:   Function Value    (median,worst) |Axis Ratio|idx:Min SD idx:Max SD
  160 ,   4001 : 7.5000737799701e+00 +(1e-02,3e-02) | 7.07e+01 |  9:8.7e-04  6:1.0e-02
  161 ,   4026 : 7.4969216595053e+00 +(2e-02,5e-02) | 6.74e+01 |  9:7.4e-04  6:8.8e-03
  162 ,   4051 : 7.4974144778460e+00 +(2e-02,3e-02) | 6.77e+01 |  9:7.5e-04  6:9.0e-03
  163 ,   4076 : 7.4959208410517e+00 +(2e-02,3e-02) | 6.54e+01 |  9:7.3e-04  6:9.0e-03
  164 ,   4101 : 7.4968463089033e+00 +(2e-02,3e-02) | 6.40e+01 |  9:6.9e-04  6:8.5e-03
  165 ,   4126 : 7.4994801156167e+00 +(1e-02,4e-02) | 6.86e+01 |  9:7.2e-04  6:9.1e-03
  166 ,   4151 : 7.5020927061042e+00 +(2e-02,3e-02) | 6.63e+01 |  9:7.1e-04  6:8.9e-03
  167 ,   4176 : 7.5006933797647e+00 +(2e-02,3e-02) | 6.74e+01 |  9:6.6e-04  6:8.1e-03
  168 ,   4201 : 7.5000917386495e+00 +(1e-02,3e-02) | 6.91e+01 |  9:6.4e-04  6:8.0e-03
  169 ,   4226 : 7.4994795957383e+00 +(2e-02,4e-02) | 7.36e+01 |  9:6.4e-04  6:8.4e-03
Iterat, #Fevals:   Function Value    (median,worst) |Axis Ratio|idx:Min SD idx:Max SD
  170 ,   4251 : 7.5050092312198e+00 +(1e-02,3e-02) | 7.26e+01 |  9:6.3e-04  6:8.1e-03
  171 ,   4276 : 7.4920658936851e+00 +(2e-02,4e-02) | 7.47e+01 |  9:5.8e-04  6:7.5e-03
  172 ,   4301 : 7.4957947954219e+00 +(2e-02,3e-02) | 7.30e+01 |  9:6.1e-04  6:7.7e-03
  173 ,   4326 : 7.4898694070187e+00 +(2e-02,4e-02) | 7.46e+01 |  9:5.7e-04  6:7.3e-03
  174 ,   4351 : 7.4993137957457e+00 +(2e-02,3e-02) | 7.35e+01 |  9:4.9e-04  6:6.3e-03
  175 ,   4376 : 7.4954309665822e+00 +(2e-02,3e-02) | 7.41e+01 |  9:4.7e-04  6:6.1e-03
  176 ,   4401 : 7.4925824947730e+00 +(2e-02,3e-02) | 7.57e+01 |  9:4.7e-04  6:5.8e-03
  177 ,   4426 : 7.5008078023127e+00 +(2e-02,3e-02) | 7.56e+01 |  9:4.2e-04  6:5.2e-03
  178 ,   4451 : 7.4981769663297e+00 +(2e-02,3e-02) | 7.18e+01 |  9:4.6e-04  6:6.1e-03
  179 ,   4476 : 7.5000698497755e+00 +(2e-02,3e-02) | 6.83e+01 |  9:4.2e-04  6:5.6e-03
Iterat, #Fevals:   Function Value    (median,worst) |Axis Ratio|idx:Min SD idx:Max SD
  180 ,   4501 : 7.5011984561003e+00 +(1e-02,2e-02) | 6.58e+01 |  9:4.4e-04  6:6.0e-03
  181 ,   4526 : 7.4991924818067e+00 +(2e-02,4e-02) | 6.52e+01 |  9:4.5e-04  6:6.1e-03
  182 ,   4551 : 7.4907214616202e+00 +(2e-02,4e-02) | 6.32e+01 |  9:4.0e-04  6:5.5e-03
  183 ,   4576 : 7.4968759833758e+00 +(2e-02,4e-02) | 6.21e+01 |  9:3.3e-04  6:4.5e-03
  184 ,   4601 : 7.4959312999791e+00 +(2e-02,4e-02) | 5.91e+01 |  9:3.5e-04  6:4.5e-03
  185 ,   4626 : 7.4971780057202e+00 +(1e-02,4e-02) | 6.08e+01 |  9:3.5e-04  6:4.5e-03
  186 ,   4651 : 7.4965642869312e+00 +(2e-02,4e-02) | 6.06e+01 |  9:3.6e-04  6:4.8e-03
  187 ,   4676 : 7.4913984068568e+00 +(2e-02,5e-02) | 6.37e+01 |  9:3.2e-04  6:4.6e-03
  188 ,   4701 : 7.5043364024341e+00 +(1e-02,2e-02) | 6.15e+01 |  9:3.2e-04  6:4.4e-03
  189 ,   4726 : 7.4988654267498e+00 +(1e-02,3e-02) | 6.18e+01 |  9:3.2e-04  6:4.5e-03
Iterat, #Fevals:   Function Value    (median,worst) |Axis Ratio|idx:Min SD idx:Max SD
  190 ,   4751 : 7.4988275887783e+00 +(1e-02,4e-02) | 6.14e+01 |  9:3.0e-04  6:4.3e-03
  191 ,   4776 : 7.4981251065594e+00 +(2e-02,3e-02) | 6.22e+01 |  9:2.9e-04  6:4.1e-03
  192 ,   4801 : 7.4966485226708e+00 +(2e-02,3e-02) | 6.39e+01 |  9:2.7e-04  6:3.7e-03
  193 ,   4826 : 7.4963278125555e+00 +(2e-02,4e-02) | 6.45e+01 |  9:2.6e-04  6:3.7e-03
  194 ,   4851 : 7.4968682671604e+00 +(2e-02,4e-02) | 6.70e+01 |  9:2.8e-04  6:4.2e-03
  195 ,   4876 : 7.4964261942450e+00 +(2e-02,3e-02) | 6.66e+01 |  9:3.1e-04  6:4.6e-03
  196 ,   4901 : 7.4955923295895e+00 +(2e-02,3e-02) | 6.53e+01 |  9:2.9e-04  6:4.4e-03
  197 ,   4926 : 7.4962088200420e+00 +(2e-02,3e-02) | 6.54e+01 |  9:2.6e-04  6:4.0e-03
  198 ,   4951 : 7.4940160897404e+00 +(2e-02,3e-02) | 6.52e+01 |  9:2.4e-04  6:3.6e-03
  199 ,   4976 : 7.4921157632914e+00 +(2e-02,3e-02) | 6.33e+01 |  9:2.0e-04  6:3.1e-03
Iterat, #Fevals:   Function Value    (median,worst) |Axis Ratio|idx:Min SD idx:Max SD
  200 ,   5001 : 7.4951242074002e+00 +(1e-02,3e-02) | 5.91e+01 |  9:2.1e-04  6:3.3e-03
  201 ,   5026 : 7.4935597445864e+00 +(2e-02,3e-02) | 5.81e+01 |  9:2.0e-04  6:3.0e-03
  202 ,   5051 : 7.4997525103806e+00 +(2e-02,3e-02) | 5.88e+01 |  9:2.0e-04  6:3.2e-03
  203 ,   5076 : 7.4887871739782e+00 +(3e-02,4e-02) | 6.84e+01 |  9:2.2e-04  6:3.6e-03
  204 ,   5101 : 7.4922334535687e+00 +(2e-02,4e-02) | 6.86e+01 |  9:2.0e-04  6:3.2e-03
  205 ,   5126 : 7.4937167355558e+00 +(2e-02,3e-02) | 7.70e+01 |  9:1.9e-04  6:3.3e-03
  206 ,   5151 : 7.4911724685673e+00 +(2e-02,3e-02) | 7.62e+01 |  9:1.9e-04  6:3.2e-03
  207 ,   5176 : 7.4943086254801e+00 +(2e-02,4e-02) | 7.40e+01 |  9:1.7e-04  6:2.8e-03
  208 ,   5201 : 7.4951099651185e+00 +(2e-02,4e-02) | 7.53e+01 |  9:1.7e-04  6:2.8e-03
  209 ,   5226 : 7.4960542554612e+00 +(2e-02,3e-02) | 7.51e+01 |  9:1.7e-04  6:2.7e-03
Iterat, #Fevals:   Function Value    (median,worst) |Axis Ratio|idx:Min SD idx:Max SD
  210 ,   5251 : 7.4887547212434e+00 +(2e-02,4e-02) | 7.70e+01 |  9:2.0e-04  6:3.1e-03
  211 ,   5276 : 7.4933290737724e+00 +(2e-02,4e-02) | 7.65e+01 |  9:2.1e-04  6:3.1e-03
  212 ,   5301 : 7.4967663691408e+00 +(1e-02,4e-02) | 7.78e+01 |  9:1.9e-04  6:2.9e-03
  213 ,   5326 : 7.5009742864586e+00 +(1e-02,4e-02) | 7.99e+01 |  9:1.7e-04  6:2.6e-03
  214 ,   5351 : 7.4964075533647e+00 +(2e-02,2e-02) | 8.47e+01 |  9:1.6e-04  6:2.6e-03
  215 ,   5376 : 7.4901052287530e+00 +(2e-02,4e-02) | 9.25e+01 |  9:1.5e-04  6:2.4e-03
  216 ,   5401 : 7.4933997779916e+00 +(2e-02,3e-02) | 8.89e+01 |  9:1.5e-04  6:2.2e-03
  217 ,   5426 : 7.4961534064519e+00 +(1e-02,3e-02) | 8.90e+01 |  9:1.5e-04  6:2.1e-03
  218 ,   5451 : 7.4978129973375e+00 +(2e-02,3e-02) | 9.53e+01 |  9:1.5e-04  6:2.1e-03
  219 ,   5476 : 7.4975733714525e+00 +(1e-02,3e-02) | 1.02e+02 |  9:1.7e-04  6:2.2e-03
Iterat, #Fevals:   Function Value    (median,worst) |Axis Ratio|idx:Min SD idx:Max SD
  220 ,   5501 : 7.4947065234780e+00 +(2e-02,3e-02) | 1.07e+02 |  9:1.7e-04  6:2.4e-03
  221 ,   5526 : 7.4934169170748e+00 +(2e-02,3e-02) | 1.04e+02 |  9:1.8e-04  6:2.4e-03
  222 ,   5551 : 7.4893839573206e+00 +(3e-02,4e-02) | 1.02e+02 |  9:1.8e-04  6:2.5e-03
  223 ,   5576 : 7.4866798429741e+00 +(2e-02,4e-02) | 9.52e+01 |  9:1.9e-04  6:2.5e-03
  224 ,   5601 : 7.4917617449506e+00 +(2e-02,5e-02) | 9.22e+01 |  9:1.9e-04  6:2.6e-03
  225 ,   5626 : 7.4905951905777e+00 +(2e-02,4e-02) | 8.97e+01 |  9:1.9e-04  6:2.6e-03
  226 ,   5651 : 7.4933693565430e+00 +(1e-02,4e-02) | 9.14e+01 |  9:2.0e-04  6:2.7e-03
  227 ,   5676 : 7.4997587331064e+00 +(1e-02,3e-02) | 9.12e+01 |  9:1.9e-04  6:2.5e-03
  228 ,   5701 : 7.4976361848094e+00 +(1e-02,3e-02) | 8.70e+01 |  9:1.9e-04  6:2.4e-03
  229 ,   5726 : 7.4967807333245e+00 +(2e-02,3e-02) | 8.32e+01 |  9:1.9e-04  6:2.5e-03
Iterat, #Fevals:   Function Value    (median,worst) |Axis Ratio|idx:Min SD idx:Max SD
  230 ,   5751 : 7.4933083821409e+00 +(2e-02,3e-02) | 8.20e+01 |  9:1.9e-04  6:2.4e-03
  231 ,   5776 : 7.5005498977020e+00 +(1e-02,3e-02) | 8.08e+01 |  9:1.9e-04  6:2.4e-03
  232 ,   5801 : 7.4943065304846e+00 +(2e-02,3e-02) | 8.10e+01 |  9:1.9e-04  6:2.5e-03
  233 ,   5826 : 7.5009869531650e+00 +(1e-02,2e-02) | 7.97e+01 |  9:1.9e-04  6:2.4e-03
  234 ,   5851 : 7.4996079242040e+00 +(1e-02,3e-02) | 8.19e+01 |  9:1.9e-04  6:2.4e-03
  235 ,   5876 : 7.4916292750770e+00 +(2e-02,4e-02) | 8.04e+01 |  9:2.1e-04  6:2.6e-03
  236 ,   5901 : 7.5002059471443e+00 +(1e-02,3e-02) | 8.23e+01 |  9:2.2e-04  6:2.8e-03
  237 ,   5926 : 7.4904232345895e+00 +(3e-02,4e-02) | 8.33e+01 |  9:2.2e-04  6:2.8e-03
  238 ,   5951 : 7.4947697675210e+00 +(1e-02,3e-02) | 8.75e+01 |  9:2.2e-04  6:2.9e-03
  239 ,   5976 : 7.4969655405827e+00 +(2e-02,3e-02) | 8.46e+01 |  9:1.9e-04  6:2.6e-03
Iterat, #Fevals:   Function Value    (median,worst) |Axis Ratio|idx:Min SD idx:Max SD
  240 ,   6001 : 7.4922527953326e+00 +(2e-02,3e-02) | 8.29e+01 |  9:1.8e-04  6:2.4e-03
  241 ,   6026 : 7.4890536365828e+00 +(2e-02,4e-02) | 8.32e+01 |  9:1.8e-04  6:2.3e-03
  242 ,   6051 : 7.4947672514290e+00 +(2e-02,4e-02) | 8.55e+01 |  9:1.6e-04  6:2.1e-03
  243 ,   6076 : 7.4929438492622e+00 +(2e-02,3e-02) | 8.94e+01 |  9:1.6e-04  6:2.3e-03
  244 ,   6101 : 7.4869524896198e+00 +(2e-02,3e-02) | 9.06e+01 |  9:1.7e-04  6:2.3e-03
  245 ,   6126 : 7.4923492358538e+00 +(2e-02,4e-02) | 9.07e+01 |  9:2.0e-04  6:2.6e-03
  246 ,   6151 : 7.4974262533711e+00 +(2e-02,4e-02) | 8.97e+01 |  9:2.5e-04  6:3.1e-03
  247 ,   6176 : 7.4949303878937e+00 +(2e-02,4e-02) | 8.99e+01 |  9:2.6e-04  6:3.2e-03
  248 ,   6201 : 7.5009674840261e+00 +(1e-02,3e-02) | 9.25e+01 |  9:2.5e-04  6:3.1e-03
  249 ,   6226 : 7.5006780596251e+00 +(2e-02,4e-02) | 9.11e+01 |  9:2.6e-04  6:3.2e-03
Iterat, #Fevals:   Function Value    (median,worst) |Axis Ratio|idx:Min SD idx:Max SD
  250 ,   6251 : 7.4973233758242e+00 +(1e-02,3e-02) | 9.35e+01 |  9:2.9e-04  6:3.5e-03
  251 ,   6276 : 7.4962474950475e+00 +(2e-02,3e-02) | 9.45e+01 |  9:2.6e-04  6:3.1e-03
  252 ,   6301 : 7.5016991963533e+00 +(1e-02,3e-02) | 9.65e+01 |  9:2.5e-04  6:3.1e-03
  253 ,   6326 : 7.4969638616958e+00 +(2e-02,3e-02) | 9.57e+01 |  9:2.5e-04  6:3.0e-03
  254 ,   6351 : 7.4955982730539e+00 +(1e-02,3e-02) | 9.20e+01 |  9:2.2e-04  6:2.8e-03
  255 ,   6376 : 7.4934050411065e+00 +(2e-02,4e-02) | 9.44e+01 |  9:2.2e-04  6:2.8e-03
  256 ,   6401 : 7.4955104285663e+00 +(2e-02,3e-02) | 9.47e+01 |  9:2.4e-04  6:3.0e-03
  257 ,   6426 : 7.4896670135930e+00 +(2e-02,4e-02) | 9.17e+01 |  9:3.1e-04  6:3.6e-03
  258 ,   6451 : 7.4914829812058e+00 +(2e-02,4e-02) | 9.37e+01 |  9:3.4e-04  6:3.8e-03
  259 ,   6476 : 7.4886190294381e+00 +(3e-02,4e-02) | 9.70e+01 |  9:4.3e-04  6:4.7e-03
Iterat, #Fevals:   Function Value    (median,worst) |Axis Ratio|idx:Min SD idx:Max SD
  260 ,   6501 : 7.4892592893196e+00 +(2e-02,3e-02) | 8.92e+01 |  9:5.1e-04  6:5.6e-03
  261 ,   6526 : 7.4998752794934e+00 +(1e-02,4e-02) | 8.81e+01 |  9:5.3e-04  6:5.7e-03
  262 ,   6551 : 7.4999693974844e+00 +(1e-02,3e-02) | 8.50e+01 |  9:5.6e-04  6:5.8e-03
  263 ,   6576 : 7.4911542906968e+00 +(2e-02,4e-02) | 9.01e+01 |  9:6.0e-04  6:6.4e-03
  264 ,   6601 : 7.4920548609090e+00 +(2e-02,4e-02) | 9.28e+01 |  9:6.2e-04  6:6.7e-03
  265 ,   6626 : 7.4987579341782e+00 +(2e-02,3e-02) | 9.40e+01 |  9:6.8e-04  6:7.4e-03
  266 ,   6651 : 7.4981997304999e+00 +(2e-02,3e-02) | 9.46e+01 |  9:6.3e-04  6:6.9e-03
  267 ,   6676 : 7.4968922604158e+00 +(2e-02,3e-02) | 9.91e+01 |  9:6.4e-04  6:7.2e-03
  268 ,   6701 : 7.4983695842658e+00 +(2e-02,2e-02) | 1.06e+02 |  9:6.4e-04  6:7.5e-03
  269 ,   6726 : 7.5018593531621e+00 +(1e-02,4e-02) | 1.03e+02 |  9:6.7e-04  6:8.1e-03
Iterat, #Fevals:   Function Value    (median,worst) |Axis Ratio|idx:Min SD idx:Max SD
  270 ,   6751 : 7.4987237150917e+00 +(2e-02,3e-02) | 1.03e+02 |  9:6.6e-04  6:8.2e-03
  271 ,   6776 : 7.4926769055833e+00 +(2e-02,4e-02) | 1.01e+02 |  9:6.3e-04  6:8.2e-03
  272 ,   6801 : 7.4955800792005e+00 +(2e-02,4e-02) | 1.05e+02 |  9:6.1e-04  6:8.2e-03
  273 ,   6826 : 7.4978081409752e+00 +(2e-02,3e-02) | 1.03e+02 |  9:5.5e-04  6:7.3e-03
  274 ,   6851 : 7.5042827988741e+00 +(1e-02,3e-02) | 1.03e+02 |  9:5.2e-04  6:7.0e-03
  275 ,   6876 : 7.5004932529645e+00 +(1e-02,3e-02) | 1.04e+02 |  9:4.5e-04  6:6.1e-03
  276 ,   6901 : 7.4885780819647e+00 +(2e-02,4e-02) | 1.07e+02 |  9:4.1e-04  6:5.8e-03
  277 ,   6926 : 7.4950069253956e+00 +(2e-02,4e-02) | 1.09e+02 |  9:4.0e-04  6:5.9e-03
  278 ,   6951 : 7.4976726304365e+00 +(1e-02,3e-02) | 1.08e+02 |  9:3.5e-04  6:5.3e-03
  279 ,   6976 : 7.5000065272281e+00 +(1e-02,3e-02) | 1.03e+02 |  9:3.4e-04  6:5.1e-03
Iterat, #Fevals:   Function Value    (median,worst) |Axis Ratio|idx:Min SD idx:Max SD
  280 ,   7001 : 7.4858356173091e+00 +(3e-02,5e-02) | 1.03e+02 |  9:3.2e-04  6:4.9e-03
  281 ,   7026 : 7.4934519951232e+00 +(2e-02,4e-02) | 1.06e+02 |  9:2.8e-04  6:4.4e-03
  282 ,   7051 : 7.4943652562311e+00 +(2e-02,3e-02) | 1.06e+02 |  9:2.3e-04  6:3.6e-03
  283 ,   7076 : 7.4907384831159e+00 +(2e-02,4e-02) | 1.13e+02 |  9:2.0e-04  6:3.2e-03
  284 ,   7101 : 7.4943080615513e+00 +(2e-02,3e-02) | 1.17e+02 |  9:2.0e-04  6:3.2e-03
  285 ,   7126 : 7.4992496528794e+00 +(2e-02,2e-02) | 1.17e+02 |  9:1.7e-04  6:2.8e-03
  286 ,   7151 : 7.4901497039280e+00 +(2e-02,4e-02) | 1.21e+02 |  9:1.6e-04  6:2.6e-03
  287 ,   7176 : 7.4979972005994e+00 +(2e-02,4e-02) | 1.21e+02 |  9:1.5e-04  6:2.3e-03
  288 ,   7201 : 7.4999777646845e+00 +(1e-02,3e-02) | 1.23e+02 |  9:1.8e-04  6:2.5e-03
  289 ,   7226 : 7.5044882589694e+00 +(1e-02,3e-02) | 1.34e+02 |  9:1.9e-04  6:2.8e-03
Iterat, #Fevals:   Function Value    (median,worst) |Axis Ratio|idx:Min SD idx:Max SD
  290 ,   7251 : 7.4969205912054e+00 +(1e-02,3e-02) | 1.35e+02 |  9:1.9e-04  6:2.7e-03
  291 ,   7276 : 7.4872500280687e+00 +(2e-02,4e-02) | 1.34e+02 |  9:1.7e-04  6:2.4e-03
  292 ,   7301 : 7.5003393202100e+00 +(1e-02,3e-02) | 1.30e+02 |  9:1.8e-04  6:2.6e-03
  293 ,   7326 : 7.4893008230559e+00 +(2e-02,4e-02) | 1.34e+02 |  9:1.9e-04  6:2.6e-03
  294 ,   7351 : 7.4943595675951e+00 +(2e-02,3e-02) | 1.33e+02 |  9:1.8e-04  6:2.6e-03
  295 ,   7376 : 7.4998776069304e+00 +(8e-03,2e-02) | 1.35e+02 |  9:1.8e-04  6:2.5e-03
  296 ,   7401 : 7.4907189528792e+00 +(2e-02,4e-02) | 1.38e+02 |  9:1.7e-04  6:2.4e-03
  297 ,   7426 : 7.4980943668353e+00 +(1e-02,4e-02) | 1.29e+02 |  9:1.6e-04  6:2.2e-03
  298 ,   7451 : 7.4916304551910e+00 +(2e-02,3e-02) | 1.32e+02 |  9:1.2e-04  6:1.8e-03
  299 ,   7476 : 7.4916913549814e+00 +(2e-02,3e-02) | 1.30e+02 |  9:1.1e-04  6:1.7e-03
Iterat, #Fevals:   Function Value    (median,worst) |Axis Ratio|idx:Min SD idx:Max SD
  300 ,   7501 : 7.4999230991330e+00 +(9e-03,3e-02) | 1.31e+02 |  9:9.2e-05  6:1.4e-03
  301 ,   7526 : 7.4938550260174e+00 +(2e-02,4e-02) | 1.25e+02 |  9:9.5e-05  6:1.4e-03
  302 ,   7551 : 7.4887205001356e+00 +(2e-02,5e-02) | 1.25e+02 |  9:1.1e-04  6:1.6e-03
  303 ,   7576 : 7.4985729870537e+00 +(1e-02,4e-02) | 1.27e+02 |  9:1.0e-04  6:1.5e-03
  304 ,   7601 : 7.4927827108281e+00 +(2e-02,4e-02) | 1.29e+02 |  9:1.0e-04  6:1.5e-03
  305 ,   7626 : 7.4834278712492e+00 +(3e-02,5e-02) | 1.27e+02 |  9:1.0e-04  6:1.5e-03
  306 ,   7651 : 7.4900253526106e+00 +(2e-02,4e-02) | 1.31e+02 |  9:9.8e-05  6:1.6e-03
  307 ,   7676 : 7.4987616421683e+00 +(1e-02,3e-02) | 1.29e+02 |  9:1.0e-04  6:1.6e-03
  308 ,   7701 : 7.4936154453431e+00 +(2e-02,4e-02) | 1.32e+02 |  9:1.1e-04  6:1.6e-03
  309 ,   7726 : 7.4941604601612e+00 +(2e-02,3e-02) | 1.29e+02 |  9:1.0e-04  6:1.6e-03
Iterat, #Fevals:   Function Value    (median,worst) |Axis Ratio|idx:Min SD idx:Max SD
  310 ,   7751 : 7.4930130077096e+00 +(2e-02,4e-02) | 1.29e+02 |  9:8.3e-05  6:1.3e-03
  311 ,   7776 : 7.4948597622308e+00 +(2e-02,3e-02) | 1.25e+02 |  9:7.3e-05  6:1.1e-03
  312 ,   7801 : 7.4971350535425e+00 +(1e-02,3e-02) | 1.24e+02 |  9:6.9e-05  6:1.0e-03
  313 ,   7826 : 7.4947591483910e+00 +(2e-02,4e-02) | 1.26e+02 |  9:7.2e-05  6:1.0e-03
  314 ,   7851 : 7.4951455433703e+00 +(2e-02,3e-02) | 1.28e+02 |  9:6.6e-05  6:9.4e-04
  315 ,   7876 : 7.4919393288803e+00 +(2e-02,4e-02) | 1.33e+02 |  9:6.3e-05  6:9.4e-04
  316 ,   7901 : 7.4962698949032e+00 +(1e-02,3e-02) | 1.36e+02 |  9:6.8e-05  6:1.0e-03
  317 ,   7926 : 7.4975136824054e+00 +(1e-02,3e-02) | 1.47e+02 |  9:8.3e-05  6:1.2e-03
  318 ,   7951 : 7.4958563001056e+00 +(2e-02,4e-02) | 1.51e+02 |  9:8.7e-05  6:1.3e-03
  319 ,   7976 : 7.4872022997720e+00 +(2e-02,4e-02) | 1.61e+02 |  9:1.0e-04  6:1.5e-03
Iterat, #Fevals:   Function Value    (median,worst) |Axis Ratio|idx:Min SD idx:Max SD
  320 ,   8001 : 7.4952166950635e+00 +(2e-02,3e-02) | 1.63e+02 |  9:9.9e-05  6:1.5e-03
  321 ,   8026 : 7.4920738156385e+00 +(2e-02,4e-02) | 1.67e+02 |  9:1.0e-04  6:1.5e-03
  322 ,   8051 : 7.5004706654532e+00 +(1e-02,3e-02) | 1.76e+02 |  9:9.7e-05  6:1.5e-03
  323 ,   8076 : 7.4928519244120e+00 +(2e-02,4e-02) | 1.82e+02 |  9:9.4e-05  6:1.5e-03
  324 ,   8101 : 7.4920394020370e+00 +(2e-02,3e-02) | 1.80e+02 |  9:9.4e-05  6:1.5e-03
  325 ,   8126 : 7.4966577036540e+00 +(1e-02,3e-02) | 1.82e+02 |  9:8.9e-05  6:1.4e-03
  326 ,   8151 : 7.4931144667258e+00 +(2e-02,3e-02) | 1.81e+02 |  9:8.9e-05  6:1.4e-03
  327 ,   8176 : 7.4876565808068e+00 +(2e-02,3e-02) | 1.82e+02 |  9:8.3e-05  6:1.3e-03
  328 ,   8201 : 7.4975815126837e+00 +(1e-02,3e-02) | 1.90e+02 |  9:9.0e-05  6:1.5e-03
  329 ,   8226 : 7.4940687701951e+00 +(2e-02,3e-02) | 1.91e+02 |  9:8.8e-05  6:1.4e-03
Iterat, #Fevals:   Function Value    (median,worst) |Axis Ratio|idx:Min SD idx:Max SD
  330 ,   8251 : 7.4937141526106e+00 +(2e-02,3e-02) | 1.99e+02 |  9:8.1e-05  6:1.4e-03
  331 ,   8276 : 7.4914918964932e+00 +(2e-02,4e-02) | 1.99e+02 |  9:8.3e-05  6:1.3e-03
  332 ,   8301 : 7.5000040647807e+00 +(1e-02,2e-02) | 2.04e+02 |  9:7.9e-05  6:1.3e-03
  333 ,   8326 : 7.4920864351016e+00 +(2e-02,4e-02) | 2.00e+02 |  9:8.2e-05  6:1.3e-03
  334 ,   8351 : 7.4912029771582e+00 +(2e-02,3e-02) | 2.00e+02 |  9:7.7e-05  6:1.2e-03
  335 ,   8376 : 7.4944122524424e+00 +(1e-02,3e-02) | 2.07e+02 |  9:7.1e-05  6:1.1e-03
  336 ,   8401 : 7.4936975371884e+00 +(2e-02,3e-02) | 2.04e+02 |  9:7.2e-05  6:1.2e-03
  337 ,   8426 : 7.4901861885256e+00 +(2e-02,3e-02) | 2.04e+02 |  9:6.6e-05  6:1.1e-03
  338 ,   8451 : 7.4952462323712e+00 +(2e-02,4e-02) | 2.09e+02 |  9:6.1e-05  6:1.0e-03
  339 ,   8476 : 7.4966453128687e+00 +(2e-02,3e-02) | 2.16e+02 |  9:5.5e-05  6:9.3e-04
Iterat, #Fevals:   Function Value    (median,worst) |Axis Ratio|idx:Min SD idx:Max SD
  340 ,   8501 : 7.4981658041685e+00 +(1e-02,3e-02) | 2.14e+02 |  9:5.6e-05  6:9.4e-04
  341 ,   8526 : 7.4960779541885e+00 +(2e-02,3e-02) | 2.16e+02 |  9:5.0e-05  6:8.6e-04
  342 ,   8551 : 7.4931715546734e+00 +(2e-02,4e-02) | 2.06e+02 |  9:5.5e-05  6:9.8e-04
  343 ,   8576 : 7.4880840053963e+00 +(2e-02,4e-02) | 1.99e+02 |  9:5.8e-05  6:1.0e-03
  344 ,   8601 : 7.4886734767531e+00 +(2e-02,4e-02) | 1.95e+02 |  9:6.3e-05  6:1.1e-03
  345 ,   8626 : 7.4814678513941e+00 +(3e-02,4e-02) | 1.90e+02 |  9:5.9e-05  6:1.0e-03
  346 ,   8651 : 7.4926824180349e+00 +(1e-02,4e-02) | 1.79e+02 |  9:4.9e-05  6:8.2e-04
  347 ,   8676 : 7.4993321356740e+00 +(7e-03,2e-02) | 1.81e+02 |  9:4.3e-05  6:7.4e-04
  348 ,   8701 : 7.4962881199450e+00 +(1e-02,3e-02) | 1.84e+02 |  9:4.1e-05  6:6.8e-04
  349 ,   8726 : 7.4915068618660e+00 +(2e-02,3e-02) | 1.82e+02 |  9:4.0e-05  6:6.6e-04
Iterat, #Fevals:   Function Value    (median,worst) |Axis Ratio|idx:Min SD idx:Max SD
  350 ,   8751 : 7.4883864055202e+00 +(2e-02,4e-02) | 1.82e+02 |  9:4.0e-05  6:6.8e-04
  351 ,   8776 : 7.4881231157661e+00 +(2e-02,4e-02) | 1.82e+02 |  9:4.2e-05  6:7.0e-04
  352 ,   8801 : 7.5006960945101e+00 +(1e-02,3e-02) | 1.73e+02 |  9:4.1e-05  6:6.9e-04
  353 ,   8826 : 7.4930475492747e+00 +(2e-02,3e-02) | 1.65e+02 |  9:4.0e-05  6:7.2e-04
  354 ,   8851 : 7.4898471859941e+00 +(2e-02,3e-02) | 1.68e+02 |  9:4.4e-05  6:7.5e-04
  355 ,   8876 : 7.4906477324667e+00 +(2e-02,5e-02) | 1.72e+02 |  9:4.5e-05  6:7.2e-04
  356 ,   8901 : 7.4951367854545e+00 +(1e-02,3e-02) | 1.59e+02 |  9:5.1e-05  6:8.2e-04
  357 ,   8926 : 7.4968956278727e+00 +(1e-02,3e-02) | 1.57e+02 |  9:5.0e-05  6:8.2e-04
  358 ,   8951 : 7.4899802277181e+00 +(2e-02,3e-02) | 1.58e+02 |  9:4.8e-05  6:7.8e-04
  359 ,   8976 : 7.4933215679288e+00 +(1e-02,4e-02) | 1.56e+02 |  9:4.4e-05  6:7.2e-04
Iterat, #Fevals:   Function Value    (median,worst) |Axis Ratio|idx:Min SD idx:Max SD
  360 ,   9001 : 7.4858137717449e+00 +(2e-02,4e-02) | 1.65e+02 |  9:3.8e-05  6:6.7e-04
  361 ,   9026 : 7.4911990725739e+00 +(2e-02,4e-02) | 1.67e+02 |  9:3.7e-05  6:6.4e-04
  362 ,   9051 : 7.4940084900243e+00 +(2e-02,3e-02) | 1.66e+02 |  9:3.9e-05  6:6.5e-04
  363 ,   9076 : 7.4895558156146e+00 +(2e-02,4e-02) | 1.64e+02 |  9:4.0e-05  6:6.3e-04
  364 ,   9101 : 7.4956975408069e+00 +(1e-02,3e-02) | 1.58e+02 |  9:3.9e-05  6:6.2e-04
  365 ,   9126 : 7.4927441253644e+00 +(2e-02,4e-02) | 1.71e+02 |  9:4.0e-05  6:6.4e-04
  366 ,   9151 : 7.4983893202186e+00 +(1e-02,3e-02) | 1.72e+02 |  9:4.3e-05  6:7.0e-04
  367 ,   9176 : 7.4857907803537e+00 +(2e-02,4e-02) | 1.74e+02 |  9:4.3e-05  6:6.8e-04
  368 ,   9201 : 7.4956041409423e+00 +(1e-02,4e-02) | 1.72e+02 |  9:4.5e-05  6:7.1e-04
  369 ,   9226 : 7.5017264266855e+00 +(9e-03,2e-02) | 1.69e+02 |  9:4.9e-05  6:7.5e-04
Iterat, #Fevals:   Function Value    (median,worst) |Axis Ratio|idx:Min SD idx:Max SD
  370 ,   9251 : 7.4957494171736e+00 +(2e-02,3e-02) | 1.67e+02 |  9:5.1e-05  6:7.8e-04
  371 ,   9276 : 7.4956886645691e+00 +(2e-02,4e-02) | 1.77e+02 |  9:5.0e-05  6:7.8e-04
  372 ,   9301 : 7.4973899826614e+00 +(1e-02,3e-02) | 1.74e+02 |  9:4.2e-05  6:6.3e-04
  373 ,   9326 : 7.4799370208135e+00 +(3e-02,5e-02) | 1.75e+02 |  9:4.4e-05  6:6.5e-04
  374 ,   9351 : 7.4938997485003e+00 +(2e-02,4e-02) | 1.75e+02 |  9:3.8e-05  6:5.8e-04
  375 ,   9376 : 7.4918234994829e+00 +(2e-02,4e-02) | 1.72e+02 |  9:3.4e-05  6:5.1e-04
  376 ,   9401 : 7.4941885730613e+00 +(1e-02,5e-02) | 1.74e+02 |  9:3.2e-05  6:4.7e-04
  377 ,   9426 : 7.4960818090164e+00 +(1e-02,3e-02) | 1.74e+02 |  9:3.1e-05  6:4.6e-04
  378 ,   9451 : 7.4855415063739e+00 +(3e-02,4e-02) | 1.72e+02 |  9:2.7e-05  6:4.3e-04
  379 ,   9476 : 7.4929028759936e+00 +(2e-02,3e-02) | 1.75e+02 |  9:2.7e-05  6:4.2e-04
Iterat, #Fevals:   Function Value    (median,worst) |Axis Ratio|idx:Min SD idx:Max SD
  380 ,   9501 : 7.4876222591050e+00 +(2e-02,4e-02) | 1.77e+02 |  9:2.5e-05  6:3.9e-04
  381 ,   9526 : 7.4977587176953e+00 +(1e-02,3e-02) | 1.92e+02 |  9:2.4e-05  6:3.8e-04
  382 ,   9551 : 7.4945791296621e+00 +(1e-02,3e-02) | 1.92e+02 |  9:2.1e-05  6:3.4e-04
  383 ,   9576 : 7.4938193431580e+00 +(2e-02,4e-02) | 2.11e+02 |  9:2.3e-05  6:3.8e-04
  384 ,   9601 : 7.4991884803752e+00 +(9e-03,3e-02) | 2.23e+02 |  9:2.4e-05  6:4.1e-04
  385 ,   9626 : 7.5016930359915e+00 +(8e-03,3e-02) | 2.43e+02 |  9:2.7e-05  6:4.9e-04
  386 ,   9651 : 7.4929987510956e+00 +(2e-02,3e-02) | 2.54e+02 |  9:2.7e-05  6:4.9e-04
  387 ,   9676 : 7.4876632120881e+00 +(2e-02,4e-02) | 2.62e+02 |  9:2.9e-05  6:5.2e-04
  388 ,   9701 : 7.4939147367982e+00 +(2e-02,4e-02) | 2.83e+02 |  9:2.9e-05  6:5.0e-04
  389 ,   9726 : 7.4924408917934e+00 +(2e-02,4e-02) | 2.86e+02 |  9:2.6e-05  6:4.7e-04
Iterat, #Fevals:   Function Value    (median,worst) |Axis Ratio|idx:Min SD idx:Max SD
  390 ,   9751 : 7.4880185957106e+00 +(2e-02,4e-02) | 2.99e+02 |  9:2.7e-05  6:4.7e-04
  391 ,   9776 : 7.4934516243810e+00 +(2e-02,3e-02) | 2.91e+02 |  9:2.8e-05  6:4.5e-04
  392 ,   9801 : 7.4860307398779e+00 +(3e-02,4e-02) | 3.00e+02 |  9:2.9e-05  6:4.7e-04
  393 ,   9826 : 7.4872297075301e+00 +(2e-02,4e-02) | 3.01e+02 |  9:2.8e-05  6:4.7e-04
  394 ,   9851 : 7.4973928087098e+00 +(2e-02,4e-02) | 3.13e+02 |  9:2.6e-05  6:4.5e-04
  395 ,   9876 : 7.4960255884118e+00 +(1e-02,3e-02) | 3.31e+02 |  9:2.4e-05  6:4.6e-04
  396 ,   9901 : 7.4926627489872e+00 +(2e-02,4e-02) | 3.36e+02 |  9:2.4e-05  6:4.6e-04
  397 ,   9926 : 7.4987603085053e+00 +(1e-02,3e-02) | 3.47e+02 |  9:2.2e-05  6:4.2e-04
  398 ,   9951 : 7.4964895318354e+00 +(1e-02,4e-02) | 3.56e+02 |  9:2.5e-05  6:4.6e-04
  399 ,   9976 : 7.4976989031692e+00 +(1e-02,3e-02) | 3.59e+02 |  9:2.3e-05  6:4.3e-04
Iterat, #Fevals:   Function Value    (median,worst) |Axis Ratio|idx:Min SD idx:Max SD
  400 ,  10001 : 7.4956146827482e+00 +(2e-02,3e-02) | 3.54e+02 |  9:2.4e-05  6:4.3e-04
  401 ,  10026 : 7.4869386363311e+00 +(2e-02,4e-02) | 3.56e+02 |  9:2.1e-05  6:3.9e-04
  402 ,  10051 : 7.4968103172331e+00 +(1e-02,2e-02) | 3.54e+02 |  9:2.0e-05  6:3.8e-04
  403 ,  10076 : 7.4957825536579e+00 +(1e-02,2e-02) | 3.49e+02 |  9:2.0e-05  6:3.7e-04
  404 ,  10101 : 7.4948123617018e+00 +(2e-02,3e-02) | 3.22e+02 |  9:1.9e-05  6:3.6e-04
  405 ,  10126 : 7.4920314143163e+00 +(1e-02,3e-02) | 3.10e+02 |  9:2.0e-05  6:3.8e-04
  406 ,  10151 : 7.4936876409973e+00 +(2e-02,4e-02) | 3.00e+02 |  9:2.4e-05  6:4.5e-04
  407 ,  10176 : 7.4932554641609e+00 +(1e-02,4e-02) | 2.99e+02 |  9:2.4e-05  6:4.4e-04
  408 ,  10201 : 7.4845679504892e+00 +(2e-02,5e-02) | 2.92e+02 |  9:2.2e-05  6:4.0e-04
  409 ,  10226 : 7.4930331931478e+00 +(2e-02,3e-02) | 3.05e+02 |  9:2.1e-05  4:4.1e-04
Iterat, #Fevals:   Function Value    (median,worst) |Axis Ratio|idx:Min SD idx:Max SD
  410 ,  10251 : 7.4978339365122e+00 +(1e-02,3e-02) | 2.93e+02 |  9:2.0e-05  4:3.9e-04
  411 ,  10276 : 7.4909927994224e+00 +(2e-02,5e-02) | 2.99e+02 |  9:2.0e-05  6:3.8e-04
  412 ,  10301 : 7.5014991566486e+00 +(9e-03,3e-02) | 3.01e+02 |  9:2.6e-05  6:4.3e-04
  413 ,  10326 : 7.4894399630187e+00 +(2e-02,4e-02) | 3.04e+02 |  9:2.4e-05  6:3.9e-04
  414 ,  10351 : 7.4939267526074e+00 +(2e-02,3e-02) | 2.98e+02 |  9:2.1e-05  6:3.3e-04
  415 ,  10376 : 7.4967760720315e+00 +(2e-02,3e-02) | 3.06e+02 |  9:2.0e-05  6:3.1e-04
  416 ,  10401 : 7.4926340076463e+00 +(2e-02,3e-02) | 3.04e+02 |  9:1.9e-05  6:3.0e-04
  417 ,  10426 : 7.4964740115106e+00 +(2e-02,3e-02) | 2.94e+02 |  9:2.2e-05  6:3.5e-04
  418 ,  10451 : 7.4934996346186e+00 +(2e-02,4e-02) | 3.00e+02 |  9:2.3e-05  6:3.6e-04
  419 ,  10476 : 7.4901881353284e+00 +(2e-02,4e-02) | 2.91e+02 |  9:2.1e-05  6:3.3e-04
Iterat, #Fevals:   Function Value    (median,worst) |Axis Ratio|idx:Min SD idx:Max SD
  420 ,  10501 : 7.5001603180089e+00 +(1e-02,3e-02) | 2.83e+02 |  9:1.8e-05  6:2.8e-04
  421 ,  10526 : 7.4900915028198e+00 +(2e-02,4e-02) | 2.70e+02 |  9:1.7e-05  6:2.7e-04
  422 ,  10551 : 7.4932203499877e+00 +(2e-02,3e-02) | 2.67e+02 |  9:1.7e-05  6:2.5e-04
  423 ,  10576 : 7.4986323965891e+00 +(1e-02,3e-02) | 2.80e+02 |  9:1.7e-05  6:2.6e-04
  424 ,  10601 : 7.4886118182037e+00 +(2e-02,4e-02) | 2.79e+02 |  9:1.6e-05  6:2.4e-04
  425 ,  10626 : 7.4948814471119e+00 +(2e-02,3e-02) | 2.76e+02 |  9:1.4e-05  6:2.1e-04
  426 ,  10651 : 7.4981716911258e+00 +(9e-03,3e-02) | 2.88e+02 |  9:1.3e-05  6:2.0e-04
  427 ,  10676 : 7.4821937842864e+00 +(3e-02,5e-02) | 2.89e+02 |  9:1.4e-05  6:2.1e-04
  428 ,  10701 : 7.4887692794099e+00 +(2e-02,4e-02) | 2.91e+02 |  9:1.3e-05  6:2.0e-04
  429 ,  10726 : 7.4933394918357e+00 +(2e-02,4e-02) | 3.11e+02 |  9:1.3e-05  6:1.9e-04
Iterat, #Fevals:   Function Value    (median,worst) |Axis Ratio|idx:Min SD idx:Max SD
  430 ,  10751 : 7.4901787524235e+00 +(2e-02,3e-02) | 2.95e+02 |  9:1.4e-05  6:2.1e-04
  431 ,  10776 : 7.4971734286367e+00 +(1e-02,3e-02) | 2.91e+02 |  9:1.4e-05  6:2.0e-04
  432 ,  10801 : 7.4936327342497e+00 +(2e-02,4e-02) | 2.87e+02 |  9:1.3e-05  6:1.9e-04
  433 ,  10826 : 7.4953463548909e+00 +(2e-02,3e-02) | 2.82e+02 |  9:1.4e-05  6:2.1e-04
  434 ,  10851 : 7.4949891114697e+00 +(2e-02,3e-02) | 2.87e+02 |  9:1.6e-05  6:2.2e-04
  435 ,  10876 : 7.4954427299640e+00 +(2e-02,3e-02) | 2.78e+02 |  9:1.4e-05  6:2.0e-04
  436 ,  10901 : 7.4953850019911e+00 +(1e-02,3e-02) | 2.82e+02 |  9:1.5e-05  6:2.2e-04
  437 ,  10926 : 7.4931631160441e+00 +(2e-02,3e-02) | 2.89e+02 |  9:1.6e-05  6:2.2e-04
  438 ,  10951 : 7.4992848921207e+00 +(1e-02,3e-02) | 2.85e+02 |  9:1.7e-05  6:2.3e-04
  439 ,  10976 : 7.4881464076785e+00 +(2e-02,5e-02) | 2.95e+02 |  9:1.8e-05  6:2.4e-04
Iterat, #Fevals:   Function Value    (median,worst) |Axis Ratio|idx:Min SD idx:Max SD
  440 ,  11001 : 7.4989770142254e+00 +(1e-02,3e-02) | 3.04e+02 |  9:1.8e-05  6:2.4e-04
  441 ,  11026 : 7.4942578582432e+00 +(2e-02,3e-02) | 3.01e+02 |  9:1.8e-05  6:2.5e-04
  442 ,  11051 : 7.4937414473353e+00 +(1e-02,4e-02) | 3.06e+02 |  9:1.9e-05  6:2.5e-04
  443 ,  11076 : 7.4917623436307e+00 +(2e-02,4e-02) | 3.16e+02 |  9:1.9e-05  6:2.8e-04
  444 ,  11101 : 7.4924900752753e+00 +(2e-02,3e-02) | 3.07e+02 |  9:1.8e-05  6:2.3e-04
  445 ,  11126 : 7.4997237552891e+00 +(1e-02,3e-02) | 2.94e+02 |  9:1.7e-05  6:2.2e-04
  446 ,  11151 : 7.4874722604894e+00 +(2e-02,5e-02) | 2.90e+02 |  9:1.8e-05  6:2.2e-04
  447 ,  11176 : 7.4923827731476e+00 +(2e-02,4e-02) | 2.89e+02 |  9:1.8e-05  6:2.1e-04
  448 ,  11201 : 7.4896788016806e+00 +(2e-02,5e-02) | 2.84e+02 |  9:1.9e-05  6:2.2e-04
  449 ,  11226 : 7.4856230973702e+00 +(3e-02,5e-02) | 2.82e+02 |  9:1.6e-05  6:1.9e-04
Iterat, #Fevals:   Function Value    (median,worst) |Axis Ratio|idx:Min SD idx:Max SD
  450 ,  11251 : 7.4925357733198e+00 +(2e-02,3e-02) | 2.84e+02 |  9:1.4e-05  6:1.7e-04
  451 ,  11276 : 7.4928395849279e+00 +(2e-02,4e-02) | 2.99e+02 |  9:1.4e-05  6:1.8e-04
  452 ,  11301 : 7.4998883239446e+00 +(1e-02,3e-02) | 3.20e+02 |  9:1.3e-05  6:1.7e-04
  453 ,  11326 : 7.4867505381956e+00 +(3e-02,5e-02) | 3.26e+02 |  9:1.4e-05  6:1.8e-04
  454 ,  11351 : 7.4914460285241e+00 +(2e-02,3e-02) | 3.40e+02 |  9:1.6e-05  6:2.2e-04
  455 ,  11376 : 7.4980636181166e+00 +(2e-02,3e-02) | 3.29e+02 |  9:1.8e-05  6:2.4e-04
  456 ,  11401 : 7.4907972543446e+00 +(2e-02,4e-02) | 3.36e+02 |  9:1.8e-05  6:2.5e-04
  457 ,  11426 : 7.4958631290767e+00 +(2e-02,3e-02) | 3.48e+02 |  9:1.8e-05  6:2.5e-04
  458 ,  11451 : 7.4883447615189e+00 +(2e-02,4e-02) | 3.50e+02 |  9:1.7e-05  6:2.4e-04
  459 ,  11476 : 7.4929762321382e+00 +(2e-02,3e-02) | 3.48e+02 |  9:1.5e-05  6:2.2e-04
Iterat, #Fevals:   Function Value    (median,worst) |Axis Ratio|idx:Min SD idx:Max SD
  460 ,  11501 : 7.4893801006386e+00 +(2e-02,4e-02) | 3.67e+02 |  9:1.6e-05  6:2.6e-04
  461 ,  11526 : 7.4969703437748e+00 +(1e-02,4e-02) | 3.59e+02 |  9:1.6e-05  6:2.5e-04
  462 ,  11551 : 7.4925179734342e+00 +(2e-02,3e-02) | 3.62e+02 |  9:2.0e-05  6:2.9e-04
  463 ,  11576 : 7.4960677693130e+00 +(2e-02,2e-02) | 3.66e+02 |  9:1.8e-05  6:2.6e-04
  464 ,  11601 : 7.4980933005559e+00 +(9e-03,2e-02) | 3.64e+02 |  9:1.5e-05  6:2.3e-04
  465 ,  11626 : 7.4830332090286e+00 +(3e-02,5e-02) | 3.83e+02 |  9:1.4e-05  6:2.2e-04
  466 ,  11651 : 7.4934782990605e+00 +(2e-02,3e-02) | 3.82e+02 |  9:1.2e-05  6:1.9e-04
  467 ,  11676 : 7.4904108702286e+00 +(2e-02,4e-02) | 3.95e+02 |  9:1.2e-05  6:1.9e-04
  468 ,  11701 : 7.4927221070949e+00 +(2e-02,3e-02) | 4.36e+02 |  9:1.5e-05  6:2.3e-04
  469 ,  11726 : 7.4971956440386e+00 +(1e-02,3e-02) | 4.50e+02 |  9:1.5e-05  6:2.3e-04
Iterat, #Fevals:   Function Value    (median,worst) |Axis Ratio|idx:Min SD idx:Max SD
  470 ,  11751 : 7.4993042034844e+00 +(1e-02,3e-02) | 4.65e+02 |  9:1.7e-05  6:2.3e-04
  471 ,  11776 : 7.4967437560561e+00 +(1e-02,3e-02) | 4.48e+02 |  9:1.8e-05  1:2.4e-04
  472 ,  11801 : 7.4913064845254e+00 +(2e-02,5e-02) | 4.53e+02 |  9:2.0e-05  4:2.8e-04
  473 ,  11826 : 7.4815567549310e+00 +(3e-02,4e-02) | 4.56e+02 |  9:1.8e-05  4:2.7e-04
  474 ,  11851 : 7.4973432174933e+00 +(1e-02,4e-02) | 4.76e+02 |  9:1.9e-05  4:2.8e-04
  475 ,  11876 : 7.4908916817162e+00 +(2e-02,4e-02) | 4.55e+02 |  9:2.0e-05  4:3.0e-04
  476 ,  11901 : 7.4988367327704e+00 +(1e-02,3e-02) | 4.96e+02 |  9:2.3e-05  4:3.3e-04
  477 ,  11926 : 7.4836085562599e+00 +(3e-02,5e-02) | 4.84e+02 |  9:2.3e-05  4:3.3e-04
  478 ,  11951 : 7.4973546988706e+00 +(1e-02,3e-02) | 4.71e+02 |  9:2.5e-05  4:3.4e-04
  479 ,  11976 : 7.4939737789409e+00 +(2e-02,3e-02) | 4.77e+02 |  9:2.2e-05  4:3.0e-04
Iterat, #Fevals:   Function Value    (median,worst) |Axis Ratio|idx:Min SD idx:Max SD
  480 ,  12001 : 7.4959055697439e+00 +(1e-02,3e-02) | 4.78e+02 |  9:2.2e-05  4:3.1e-04
  481 ,  12026 : 7.4958533319831e+00 +(1e-02,3e-02) | 4.81e+02 |  9:2.1e-05  4:2.9e-04
  482 ,  12051 : 7.4977273047507e+00 +(1e-02,3e-02) | 4.83e+02 |  9:2.1e-05  4:2.9e-04
  483 ,  12076 : 7.4874206613515e+00 +(2e-02,4e-02) | 4.74e+02 |  9:2.1e-05  1:3.0e-04
  484 ,  12101 : 7.4959984773004e+00 +(2e-02,3e-02) | 4.82e+02 |  9:1.9e-05  1:2.7e-04
  485 ,  12126 : 7.5009616270913e+00 +(1e-02,3e-02) | 4.82e+02 |  9:1.7e-05  1:2.5e-04
  486 ,  12151 : 7.4877806436582e+00 +(2e-02,4e-02) | 5.05e+02 |  9:1.5e-05  1:2.2e-04
  487 ,  12176 : 7.4940828187979e+00 +(2e-02,3e-02) | 5.08e+02 |  9:1.4e-05  1:2.2e-04
  488 ,  12201 : 7.4966187282457e+00 +(1e-02,3e-02) | 5.24e+02 |  9:1.3e-05  1:1.9e-04
  489 ,  12226 : 7.4932343203235e+00 +(2e-02,3e-02) | 5.40e+02 |  9:1.3e-05  1:1.7e-04
Iterat, #Fevals:   Function Value    (median,worst) |Axis Ratio|idx:Min SD idx:Max SD
  490 ,  12251 : 7.4961285567421e+00 +(2e-02,3e-02) | 5.18e+02 |  9:1.1e-05  1:1.5e-04
  491 ,  12276 : 7.4898549596998e+00 +(2e-02,4e-02) | 5.02e+02 |  9:9.2e-06  1:1.3e-04
  492 ,  12301 : 7.4965882371736e+00 +(1e-02,3e-02) | 4.98e+02 |  9:8.2e-06  1:1.1e-04
  493 ,  12326 : 7.4898935500267e+00 +(2e-02,4e-02) | 5.04e+02 |  9:7.6e-06  4:1.1e-04
  494 ,  12351 : 7.4856231612783e+00 +(3e-02,3e-02) | 5.20e+02 |  9:8.1e-06  4:1.2e-04
  495 ,  12376 : 7.4907543365938e+00 +(2e-02,4e-02) | 5.23e+02 |  9:8.1e-06  1:1.2e-04
  496 ,  12401 : 7.4889196776628e+00 +(2e-02,4e-02) | 5.39e+02 |  9:7.0e-06  1:1.0e-04
#Fevals:   f(returned x)   |    bestever.f     | stopflag (saved to variablescmaes13_9_7.mat)
  12402: 7.48891967766e+00 | 7.47993702081e+00 | stagnation
mean solution: +6.7e-01 +3.5e-01 +7.5e-01 +5.9e-01 +9.4e-01 +2.9e+00 +8.8e-01 +7.7e-01 +1.4e+00
std deviation:  1.0e-04  4.3e-05  8.9e-05  1.0e-04  2.8e-05  9.6e-05  3.9e-05  8.2e-05  7.0e-06
use plotcmaesdat.m for plotting the output at any time (option LogModulo must not be zero)
