
                            < M A T L A B (R) >
                  Copyright 1984-2015 The MathWorks, Inc.
                   R2015a (8.5.0.197613) 64-bit (glnxa64)
                             February 12, 2015

 
For online documentation, see http://www.mathworks.com/support
For product information, visit www.mathworks.com.
 

	Academic License


seed =

                137.631509


Initialtheta =

          94385.0264269438
           885441.19309082
          69537097.0637769
          7000.20353674086
          4996.50384817162
          503.200318902938
         0.044698355291851
         0.889627502528105
          893.247460004616

  n=9: (12,25)-CMA-ES(w=[24 17 14... 1.5 0.74]%, ]%, mu_eff=7.3) on function Error
Iterat, #Fevals:   Function Value    (median,worst) |Axis Ratio|idx:Min SD idx:Max SD
    1 ,     26 : 1.6503111211546e+02 +(6e+06,7e+09) | 1.62e+01 |  9:2.4e-01  2:3.8e+00
    2 ,     51 : 1.6411331800072e+02 +(1e+00,1e+07) | 1.69e+01 |  9:2.4e-01  2:4.0e+00
    3 ,     76 : 1.6495911254015e+02 +(1e-01,3e+09) | 1.69e+01 |  9:2.1e-01  2:3.4e+00
    4 ,    101 : 1.5141893491599e+02 +(1e+01,4e+09) | 1.67e+01 |  9:1.9e-01  2:3.1e+00
    5 ,    126 : 1.6358805126910e+02 +(1e+00,3e+08) | 1.67e+01 |  9:2.0e-01  2:3.2e+00
    6 ,    151 : 6.9921690265265e+01 +(1e+02,4e+08) | 1.67e+01 |  9:1.9e-01  2:3.0e+00
    7 ,    176 : 1.6501962868953e+02 +(5e-02,3e+08) | 1.66e+01 |  9:1.7e-01  2:2.7e+00
    8 ,    201 : 1.6417064779491e+02 +(2e+05,9e+07) | 1.63e+01 |  9:1.8e-01  2:2.7e+00
    9 ,    226 : 1.9884897380711e+01 +(1e+02,2e+07) | 1.67e+01 |  9:1.8e-01  2:2.8e+00
Iterat, #Fevals:   Function Value    (median,worst) |Axis Ratio|idx:Min SD idx:Max SD
   10 ,    251 : 1.6504814724308e+02 +(3e-02,1e+07) | 1.71e+01 |  9:1.7e-01  2:2.7e+00
   11 ,    276 : 2.6784283474508e+01 +(1e+02,2e+07) | 1.65e+01 |  9:1.6e-01  2:2.4e+00
   12 ,    301 : 1.2189296797141e+01 +(2e+02,7e+05) | 1.60e+01 |  9:1.9e-01  2:2.7e+00
   13 ,    326 : 1.6767047523158e+01 +(3e+03,4e+06) | 1.56e+01 |  9:1.7e-01  2:2.5e+00
   14 ,    351 : 1.5370207475400e+02 +(1e+01,1e+07) | 1.51e+01 |  9:1.7e-01  2:2.4e+00
   15 ,    376 : 1.2466970316782e+02 +(4e+01,1e+06) | 1.50e+01 |  9:1.8e-01  2:2.5e+00
   16 ,    401 : 1.2686014534139e+02 +(4e+01,1e+06) | 1.54e+01 |  9:1.6e-01  2:2.2e+00
   17 ,    426 : 1.0582742403349e+01 +(2e+02,7e+05) | 1.58e+01 |  9:1.4e-01  2:2.0e+00
   18 ,    451 : 2.4055245957151e+01 +(1e+02,1e+05) | 1.56e+01 |  9:1.3e-01  2:1.8e+00
   19 ,    476 : 2.5797876040606e+01 +(1e+02,3e+05) | 1.62e+01 |  9:1.3e-01  2:1.8e+00
Iterat, #Fevals:   Function Value    (median,worst) |Axis Ratio|idx:Min SD idx:Max SD
   20 ,    501 : 1.0234154462031e+02 +(6e+01,3e+05) | 1.68e+01 |  9:1.2e-01  2:1.8e+00
   21 ,    526 : 2.6902529737874e+01 +(1e+02,3e+05) | 1.57e+01 |  9:1.3e-01  2:1.8e+00
   22 ,    551 : 1.3566893700959e+02 +(3e+01,2e+05) | 1.58e+01 |  9:1.1e-01  2:1.5e+00
   23 ,    576 : 5.6617929683175e+01 +(2e+03,2e+05) | 1.59e+01 |  9:1.2e-01  2:1.5e+00
   24 ,    601 : 2.1373961785007e+01 +(1e+02,1e+05) | 1.62e+01 |  9:1.1e-01  2:1.5e+00
   25 ,    626 : 1.2371451047488e+02 +(4e+01,1e+05) | 1.69e+01 |  9:1.0e-01  2:1.5e+00
   26 ,    651 : 7.0924754540302e+01 +(9e+01,1e+05) | 1.79e+01 |  9:1.1e-01  2:1.6e+00
   27 ,    676 : 1.1599403127547e+01 +(2e+02,2e+04) | 1.85e+01 |  9:1.0e-01  2:1.4e+00
   28 ,    701 : 3.8030456760436e+01 +(1e+02,3e+04) | 1.89e+01 |  9:1.2e-01  2:1.6e+00
   29 ,    726 : 3.4838793742360e+01 +(1e+02,1e+04) | 1.86e+01 |  9:1.2e-01  2:1.6e+00
Iterat, #Fevals:   Function Value    (median,worst) |Axis Ratio|idx:Min SD idx:Max SD
   30 ,    751 : 1.3733005416570e+01 +(2e+02,7e+04) | 1.84e+01 |  1:1.2e-01  2:1.5e+00
   31 ,    776 : 3.8663550834175e+01 +(1e+02,2e+04) | 1.79e+01 |  1:1.0e-01  2:1.4e+00
   32 ,    801 : 9.8243918208813e+00 +(2e+02,7e+03) | 1.74e+01 |  1:1.1e-01  2:1.4e+00
   33 ,    826 : 9.5078796173577e+00 +(2e+02,2e+04) | 1.73e+01 |  1:1.0e-01  2:1.2e+00
   34 ,    851 : 9.1497308663515e+00 +(2e+02,1e+04) | 1.71e+01 |  9:9.2e-02  2:1.1e+00
   35 ,    876 : 9.0867527341806e+00 +(2e+02,4e+03) | 1.73e+01 |  9:8.2e-02  2:9.7e-01
   36 ,    901 : 8.9504528354653e+00 +(1e+02,3e+03) | 1.61e+01 |  1:8.3e-02  2:9.8e-01
   37 ,    926 : 8.3267354118755e+00 +(1e+02,9e+03) | 1.50e+01 |  1:9.0e-02  2:1.0e+00
   38 ,    951 : 1.8351042743475e+01 +(1e+02,1e+03) | 1.51e+01 |  1:8.0e-02  2:9.4e-01
   39 ,    976 : 8.6352074536514e+00 +(1e+02,1e+03) | 1.55e+01 |  9:7.0e-02  2:8.3e-01
Iterat, #Fevals:   Function Value    (median,worst) |Axis Ratio|idx:Min SD idx:Max SD
   40 ,   1001 : 8.5075407032319e+00 +(1e+02,1e+03) | 1.59e+01 |  9:6.2e-02  2:7.4e-01
   41 ,   1026 : 8.4421674118887e+00 +(7e+01,6e+02) | 1.62e+01 |  9:5.9e-02  2:7.1e-01
   42 ,   1051 : 8.1891477115777e+00 +(8e+01,6e+02) | 1.61e+01 |  9:5.3e-02  2:6.5e-01
   43 ,   1076 : 8.3767596166810e+00 +(5e+01,5e+02) | 1.61e+01 |  9:4.9e-02  2:6.0e-01
   44 ,   1101 : 8.1565827775850e+00 +(2e+01,4e+02) | 1.64e+01 |  9:4.7e-02  2:5.7e-01
   45 ,   1126 : 8.1822712586361e+00 +(2e+01,4e+02) | 1.65e+01 |  9:4.0e-02  2:4.8e-01
   46 ,   1151 : 8.2122060175575e+00 +(1e+01,2e+02) | 1.72e+01 |  9:3.7e-02  2:4.4e-01
   47 ,   1176 : 8.2261170643720e+00 +(1e+01,3e+02) | 1.76e+01 |  9:3.4e-02  2:4.1e-01
   48 ,   1201 : 8.1524199089814e+00 +(1e+01,6e+01) | 1.83e+01 |  9:3.0e-02  2:3.7e-01
   49 ,   1226 : 8.1697794727806e+00 +(3e+00,7e+01) | 1.85e+01 |  9:2.9e-02  2:3.5e-01
Iterat, #Fevals:   Function Value    (median,worst) |Axis Ratio|idx:Min SD idx:Max SD
   50 ,   1251 : 8.0275356847205e+00 +(1e+01,2e+02) | 1.91e+01 |  9:2.9e-02  2:3.6e-01
   51 ,   1276 : 8.1589077791161e+00 +(7e+00,2e+02) | 2.10e+01 |  9:3.0e-02  2:3.9e-01
   52 ,   1301 : 8.1278722339643e+00 +(8e+00,1e+02) | 2.34e+01 |  1:3.2e-02  2:4.3e-01
   53 ,   1326 : 8.1734176600793e+00 +(1e+01,8e+01) | 2.40e+01 |  9:2.9e-02  2:3.8e-01
   54 ,   1351 : 8.0832778499214e+00 +(8e+00,2e+02) | 2.47e+01 |  1:2.6e-02  2:3.4e-01
   55 ,   1376 : 8.0562378322092e+00 +(2e+00,5e+01) | 2.52e+01 |  1:2.8e-02  2:3.6e-01
   56 ,   1401 : 8.1544506007731e+00 +(4e+00,4e+01) | 2.49e+01 |  7:3.2e-02  2:3.9e-01
   57 ,   1426 : 8.3348169341711e+00 +(6e+00,5e+01) | 2.65e+01 |  7:3.4e-02  2:4.3e-01
   58 ,   1451 : 8.1774567956176e+00 +(3e+00,1e+02) | 2.78e+01 |  7:3.4e-02  2:4.5e-01
   59 ,   1476 : 8.1036027390313e+00 +(3e+00,3e+01) | 2.86e+01 |  7:3.4e-02  2:4.5e-01
Iterat, #Fevals:   Function Value    (median,worst) |Axis Ratio|idx:Min SD idx:Max SD
   60 ,   1501 : 7.9610767682737e+00 +(4e+00,6e+01) | 3.10e+01 |  7:3.3e-02  2:4.6e-01
   61 ,   1526 : 8.0851222163573e+00 +(4e+00,5e+01) | 3.16e+01 |  7:3.0e-02  2:4.2e-01
   62 ,   1551 : 8.1070343626195e+00 +(4e+00,5e+01) | 3.23e+01 |  7:2.9e-02  2:4.0e-01
   63 ,   1576 : 8.0100172728867e+00 +(4e+00,5e+01) | 3.36e+01 |  7:2.6e-02  2:3.6e-01
   64 ,   1601 : 8.1095987063174e+00 +(3e+00,1e+01) | 3.48e+01 |  7:2.2e-02  2:3.1e-01
   65 ,   1626 : 8.0646312174095e+00 +(3e+00,3e+01) | 3.43e+01 |  7:2.1e-02  2:3.0e-01
   66 ,   1651 : 7.9823175532418e+00 +(1e+00,1e+01) | 3.55e+01 |  7:2.2e-02  2:3.1e-01
   67 ,   1676 : 7.9858045975158e+00 +(8e-01,2e+01) | 3.67e+01 |  7:2.1e-02  2:3.0e-01
   68 ,   1701 : 7.9580399397506e+00 +(1e+00,1e+01) | 3.70e+01 |  7:1.9e-02  2:2.8e-01
   69 ,   1726 : 8.0422699722755e+00 +(9e-01,1e+01) | 3.86e+01 |  7:1.9e-02  2:2.9e-01
Iterat, #Fevals:   Function Value    (median,worst) |Axis Ratio|idx:Min SD idx:Max SD
   70 ,   1751 : 8.0071981670482e+00 +(1e+00,2e+01) | 3.93e+01 |  7:2.2e-02  2:3.3e-01
   71 ,   1776 : 7.8376027823618e+00 +(2e+00,1e+01) | 3.98e+01 |  9:2.8e-02  2:3.7e-01
   72 ,   1801 : 7.7596212489081e+00 +(2e+00,4e+01) | 4.10e+01 |  9:2.6e-02  2:3.5e-01
   73 ,   1826 : 7.7864648258479e+00 +(1e+00,1e+01) | 4.19e+01 |  9:2.8e-02  2:3.8e-01
   74 ,   1851 : 7.7417057376982e+00 +(3e+00,2e+01) | 4.16e+01 |  9:2.8e-02  2:3.8e-01
   75 ,   1876 : 7.7222296709583e+00 +(1e+00,1e+01) | 4.18e+01 |  9:2.4e-02  2:3.2e-01
   76 ,   1901 : 7.7811334171862e+00 +(2e+00,3e+01) | 4.44e+01 |  9:2.3e-02  2:3.1e-01
   77 ,   1926 : 7.9795493790301e+00 +(1e+00,2e+01) | 4.45e+01 |  9:2.0e-02  2:2.7e-01
   78 ,   1951 : 7.8980901482626e+00 +(1e+00,1e+01) | 4.56e+01 |  9:2.1e-02  2:2.7e-01
   79 ,   1976 : 7.8360700344811e+00 +(7e-01,2e+01) | 4.79e+01 |  9:2.0e-02  2:2.6e-01
Iterat, #Fevals:   Function Value    (median,worst) |Axis Ratio|idx:Min SD idx:Max SD
   80 ,   2001 : 7.7526840736107e+00 +(5e-01,4e+00) | 4.95e+01 |  9:2.1e-02  2:2.7e-01
   81 ,   2026 : 7.7662433444518e+00 +(8e-01,1e+01) | 5.16e+01 |  9:2.0e-02  2:2.6e-01
   82 ,   2051 : 7.6728344416017e+00 +(4e-01,8e+00) | 5.27e+01 |  9:2.0e-02  2:2.6e-01
   83 ,   2076 : 7.7785315288343e+00 +(2e-01,3e+00) | 5.53e+01 |  9:1.8e-02  2:2.4e-01
   84 ,   2101 : 7.7280813905130e+00 +(3e-01,3e+00) | 5.57e+01 |  9:1.7e-02  2:2.2e-01
   85 ,   2126 : 7.7114746837464e+00 +(2e-01,1e+00) | 5.89e+01 |  9:1.7e-02  2:2.2e-01
   86 ,   2151 : 7.7877549253547e+00 +(4e-01,4e+00) | 5.98e+01 |  9:1.3e-02  2:1.8e-01
   87 ,   2176 : 7.7099648119521e+00 +(2e-01,1e+00) | 6.32e+01 |  9:1.5e-02  2:2.0e-01
   88 ,   2201 : 7.7188352171330e+00 +(2e-01,2e+00) | 6.43e+01 |  9:1.5e-02  2:2.0e-01
   89 ,   2226 : 7.6192316246691e+00 +(2e-01,2e+00) | 6.49e+01 |  9:1.9e-02  2:2.5e-01
Iterat, #Fevals:   Function Value    (median,worst) |Axis Ratio|idx:Min SD idx:Max SD
   90 ,   2251 : 7.6413219550600e+00 +(4e-01,2e+00) | 6.77e+01 |  9:2.0e-02  2:2.7e-01
   91 ,   2276 : 7.6497592417187e+00 +(2e-01,1e+00) | 6.91e+01 |  9:1.8e-02  2:2.5e-01
   92 ,   2301 : 7.6720457194160e+00 +(2e-01,5e+00) | 7.06e+01 |  9:1.7e-02  2:2.4e-01
   93 ,   2326 : 7.6207530028984e+00 +(4e-01,6e+00) | 7.20e+01 |  9:1.7e-02  2:2.4e-01
   94 ,   2351 : 7.6063710487741e+00 +(2e-01,2e+00) | 7.41e+01 |  9:1.7e-02  2:2.4e-01
   95 ,   2376 : 7.6209645803019e+00 +(2e-01,2e+00) | 7.58e+01 |  9:1.5e-02  2:2.1e-01
   96 ,   2401 : 7.5496859083622e+00 +(2e-01,2e+00) | 7.69e+01 |  9:1.4e-02  2:1.9e-01
   97 ,   2426 : 7.6013915919945e+00 +(3e-01,3e+00) | 7.77e+01 |  9:1.1e-02  2:1.6e-01
   98 ,   2451 : 7.5854386756036e+00 +(1e-01,7e-01) | 7.84e+01 |  9:9.4e-03  2:1.3e-01
   99 ,   2476 : 7.5989660025324e+00 +(7e-02,6e-01) | 7.97e+01 |  9:8.2e-03  2:1.2e-01
Iterat, #Fevals:   Function Value    (median,worst) |Axis Ratio|idx:Min SD idx:Max SD
  100 ,   2501 : 7.5637783876424e+00 +(9e-02,4e-01) | 8.25e+01 |  9:8.2e-03  2:1.2e-01
  101 ,   2526 : 7.5742264015893e+00 +(6e-02,5e-01) | 8.67e+01 |  9:8.3e-03  2:1.2e-01
  102 ,   2551 : 7.5565240239426e+00 +(6e-02,3e-01) | 8.66e+01 |  9:8.6e-03  2:1.3e-01
  103 ,   2576 : 7.5625909743825e+00 +(6e-02,6e-01) | 9.39e+01 |  9:8.5e-03  2:1.3e-01
  104 ,   2601 : 7.5529204863995e+00 +(5e-02,2e-01) | 9.63e+01 |  9:8.3e-03  2:1.3e-01
  105 ,   2626 : 7.5477935551177e+00 +(8e-02,4e-01) | 1.04e+02 |  9:9.0e-03  2:1.5e-01
  106 ,   2651 : 7.5491385434249e+00 +(8e-02,4e-01) | 1.05e+02 |  9:8.5e-03  2:1.5e-01
  107 ,   2676 : 7.5230399803809e+00 +(9e-02,4e-01) | 1.08e+02 |  9:7.6e-03  2:1.4e-01
  108 ,   2701 : 7.5412898005799e+00 +(6e-02,5e-01) | 1.14e+02 |  9:6.9e-03  2:1.3e-01
  109 ,   2726 : 7.5444224609538e+00 +(4e-02,3e-01) | 1.19e+02 |  9:7.6e-03  2:1.5e-01
Iterat, #Fevals:   Function Value    (median,worst) |Axis Ratio|idx:Min SD idx:Max SD
  110 ,   2751 : 7.5571307713389e+00 +(5e-02,3e-01) | 1.22e+02 |  9:7.1e-03  2:1.5e-01
  111 ,   2776 : 7.5295508061025e+00 +(6e-02,3e-01) | 1.24e+02 |  9:7.0e-03  2:1.5e-01
  112 ,   2801 : 7.5378365280306e+00 +(3e-02,3e-01) | 1.27e+02 |  9:7.3e-03  2:1.6e-01
  113 ,   2826 : 7.5284255585205e+00 +(7e-02,5e-01) | 1.31e+02 |  9:6.7e-03  2:1.5e-01
  114 ,   2851 : 7.5255270010621e+00 +(6e-02,4e-01) | 1.34e+02 |  9:6.2e-03  2:1.4e-01
  115 ,   2876 : 7.5235602113405e+00 +(7e-02,3e-01) | 1.36e+02 |  9:5.6e-03  2:1.3e-01
  116 ,   2901 : 7.5328344900574e+00 +(4e-02,2e-01) | 1.39e+02 |  9:5.2e-03  2:1.3e-01
  117 ,   2926 : 7.5387271763631e+00 +(3e-02,1e-01) | 1.45e+02 |  9:4.8e-03  2:1.2e-01
  118 ,   2951 : 7.5199377951255e+00 +(4e-02,2e-01) | 1.42e+02 |  9:4.4e-03  2:1.1e-01
  119 ,   2976 : 7.5357126188701e+00 +(3e-02,2e-01) | 1.42e+02 |  9:3.8e-03  2:1.0e-01
Iterat, #Fevals:   Function Value    (median,worst) |Axis Ratio|idx:Min SD idx:Max SD
  120 ,   3001 : 7.5221236047494e+00 +(3e-02,1e-01) | 1.42e+02 |  9:3.6e-03  2:9.7e-02
  121 ,   3026 : 7.5198020115733e+00 +(3e-02,8e-02) | 1.50e+02 |  9:3.5e-03  2:1.0e-01
  122 ,   3051 : 7.5180670586702e+00 +(3e-02,4e-01) | 1.50e+02 |  9:3.4e-03  2:9.8e-02
  123 ,   3076 : 7.5273782154416e+00 +(2e-02,2e-01) | 1.50e+02 |  9:3.0e-03  2:8.8e-02
  124 ,   3101 : 7.5094035112014e+00 +(4e-02,2e-01) | 1.54e+02 |  9:2.9e-03  2:8.9e-02
  125 ,   3126 : 7.5205653633281e+00 +(4e-02,1e-01) | 1.64e+02 |  9:2.8e-03  2:9.1e-02
  126 ,   3151 : 7.5261677918623e+00 +(2e-02,1e-01) | 1.62e+02 |  9:2.7e-03  2:8.8e-02
  127 ,   3176 : 7.5194098846343e+00 +(2e-02,6e-02) | 1.68e+02 |  9:2.6e-03  2:8.7e-02
  128 ,   3201 : 7.5084908865582e+00 +(4e-02,6e-02) | 1.67e+02 |  9:2.2e-03  2:7.4e-02
  129 ,   3226 : 7.5276242863041e+00 +(1e-02,6e-02) | 1.70e+02 |  9:2.3e-03  2:8.1e-02
Iterat, #Fevals:   Function Value    (median,worst) |Axis Ratio|idx:Min SD idx:Max SD
  130 ,   3251 : 7.5113214511521e+00 +(3e-02,9e-02) | 1.74e+02 |  9:2.4e-03  2:8.8e-02
  131 ,   3276 : 7.5146141978716e+00 +(3e-02,1e-01) | 1.73e+02 |  9:2.3e-03  2:8.5e-02
  132 ,   3301 : 7.5127709176466e+00 +(3e-02,8e-02) | 1.74e+02 |  9:2.0e-03  2:7.9e-02
  133 ,   3326 : 7.5132495714428e+00 +(3e-02,5e-02) | 1.76e+02 |  9:2.0e-03  2:7.9e-02
  134 ,   3351 : 7.5171817942688e+00 +(2e-02,8e-02) | 1.86e+02 |  9:1.9e-03  2:8.1e-02
  135 ,   3376 : 7.5116243646139e+00 +(3e-02,6e-02) | 1.89e+02 |  9:1.7e-03  2:7.4e-02
  136 ,   3401 : 7.5160211664639e+00 +(2e-02,5e-02) | 1.92e+02 |  9:1.5e-03  2:6.6e-02
  137 ,   3426 : 7.5122120750382e+00 +(2e-02,4e-02) | 1.93e+02 |  9:1.6e-03  2:7.0e-02
  138 ,   3451 : 7.5113051265782e+00 +(3e-02,1e-01) | 1.97e+02 |  9:1.5e-03  2:6.8e-02
  139 ,   3476 : 7.5179502345751e+00 +(2e-02,3e-02) | 1.96e+02 |  9:1.4e-03  2:6.3e-02
Iterat, #Fevals:   Function Value    (median,worst) |Axis Ratio|idx:Min SD idx:Max SD
  140 ,   3501 : 7.5106801191803e+00 +(2e-02,5e-02) | 1.99e+02 |  9:1.1e-03  2:5.0e-02
  141 ,   3526 : 7.5154661817709e+00 +(2e-02,3e-02) | 2.03e+02 |  9:8.8e-04  2:4.2e-02
  142 ,   3551 : 7.5155741853486e+00 +(2e-02,3e-02) | 2.10e+02 |  9:8.2e-04  2:3.9e-02
  143 ,   3576 : 7.5127365548161e+00 +(2e-02,5e-02) | 2.19e+02 |  9:6.9e-04  2:3.4e-02
  144 ,   3601 : 7.5184910580750e+00 +(1e-02,3e-02) | 2.18e+02 |  9:6.3e-04  2:3.3e-02
  145 ,   3626 : 7.5100350734770e+00 +(2e-02,3e-02) | 2.17e+02 |  9:6.1e-04  2:3.1e-02
  146 ,   3651 : 7.5145007487160e+00 +(1e-02,3e-02) | 2.20e+02 |  9:6.2e-04  2:3.1e-02
  147 ,   3676 : 7.5067184464584e+00 +(2e-02,4e-02) | 2.12e+02 |  9:6.0e-04  2:2.9e-02
  148 ,   3701 : 7.5117422219760e+00 +(2e-02,4e-02) | 2.07e+02 |  9:5.0e-04  2:2.5e-02
  149 ,   3726 : 7.5168329671119e+00 +(1e-02,3e-02) | 2.15e+02 |  9:5.2e-04  2:2.5e-02
Iterat, #Fevals:   Function Value    (median,worst) |Axis Ratio|idx:Min SD idx:Max SD
  150 ,   3751 : 7.5120046159500e+00 +(2e-02,3e-02) | 2.05e+02 |  9:4.9e-04  2:2.2e-02
  151 ,   3776 : 7.5049850366718e+00 +(2e-02,4e-02) | 2.03e+02 |  9:4.6e-04  2:2.1e-02
  152 ,   3801 : 7.5076226245595e+00 +(2e-02,3e-02) | 2.11e+02 |  9:4.5e-04  2:2.0e-02
  153 ,   3826 : 7.5068782595895e+00 +(2e-02,4e-02) | 2.14e+02 |  9:5.0e-04  2:2.3e-02
  154 ,   3851 : 7.5107166976218e+00 +(2e-02,3e-02) | 2.14e+02 |  9:4.2e-04  2:1.9e-02
  155 ,   3876 : 7.5112636030791e+00 +(2e-02,3e-02) | 2.18e+02 |  9:3.7e-04  2:1.6e-02
  156 ,   3901 : 7.5077830266841e+00 +(2e-02,4e-02) | 2.23e+02 |  9:4.3e-04  2:1.8e-02
  157 ,   3926 : 7.5080820465317e+00 +(2e-02,4e-02) | 2.31e+02 |  9:4.2e-04  2:1.8e-02
  158 ,   3951 : 7.5044544394551e+00 +(2e-02,4e-02) | 2.27e+02 |  9:4.7e-04  2:2.2e-02
  159 ,   3976 : 7.5117162125645e+00 +(2e-02,3e-02) | 2.37e+02 |  9:4.3e-04  2:2.1e-02
Iterat, #Fevals:   Function Value    (median,worst) |Axis Ratio|idx:Min SD idx:Max SD
  160 ,   4001 : 7.5092284630125e+00 +(2e-02,4e-02) | 2.25e+02 |  9:4.3e-04  2:2.0e-02
  161 ,   4026 : 7.5064704747089e+00 +(2e-02,3e-02) | 2.18e+02 |  9:4.5e-04  2:2.1e-02
  162 ,   4051 : 7.5122649373540e+00 +(1e-02,3e-02) | 2.12e+02 |  9:4.7e-04  2:2.2e-02
  163 ,   4076 : 7.5122851313381e+00 +(2e-02,3e-02) | 2.11e+02 |  9:4.3e-04  2:2.1e-02
  164 ,   4101 : 7.5062455836750e+00 +(2e-02,4e-02) | 2.12e+02 |  9:4.2e-04  2:2.1e-02
  165 ,   4126 : 7.5132825568604e+00 +(1e-02,3e-02) | 2.16e+02 |  9:4.0e-04  2:2.0e-02
  166 ,   4151 : 7.5058475081174e+00 +(2e-02,4e-02) | 2.13e+02 |  9:4.0e-04  2:2.0e-02
  167 ,   4176 : 7.5069611474909e+00 +(2e-02,3e-02) | 2.23e+02 |  9:4.1e-04  2:2.1e-02
  168 ,   4201 : 7.5102218517619e+00 +(2e-02,5e-02) | 2.24e+02 |  9:3.7e-04  2:1.9e-02
  169 ,   4226 : 7.5102196556783e+00 +(2e-02,4e-02) | 2.30e+02 |  9:3.2e-04  2:1.7e-02
Iterat, #Fevals:   Function Value    (median,worst) |Axis Ratio|idx:Min SD idx:Max SD
  170 ,   4251 : 7.5106272104116e+00 +(2e-02,3e-02) | 2.28e+02 |  9:3.1e-04  2:1.6e-02
  171 ,   4276 : 7.5168853262676e+00 +(1e-02,3e-02) | 2.32e+02 |  9:2.9e-04  2:1.5e-02
  172 ,   4301 : 7.5126815951353e+00 +(2e-02,4e-02) | 2.24e+02 |  9:2.5e-04  2:1.3e-02
  173 ,   4326 : 7.4996169607811e+00 +(3e-02,5e-02) | 2.30e+02 |  9:2.4e-04  2:1.3e-02
  174 ,   4351 : 7.5092430994890e+00 +(2e-02,3e-02) | 2.33e+02 |  9:2.4e-04  2:1.3e-02
  175 ,   4376 : 7.5058623621471e+00 +(2e-02,4e-02) | 2.35e+02 |  9:2.6e-04  2:1.4e-02
  176 ,   4401 : 7.5134173329035e+00 +(1e-02,2e-02) | 2.18e+02 |  9:2.5e-04  2:1.4e-02
  177 ,   4426 : 7.5036867115151e+00 +(3e-02,4e-02) | 2.15e+02 |  9:2.4e-04  2:1.3e-02
  178 ,   4451 : 7.5068968188399e+00 +(2e-02,4e-02) | 2.20e+02 |  9:2.6e-04  2:1.4e-02
  179 ,   4476 : 7.5070473301385e+00 +(2e-02,4e-02) | 2.19e+02 |  9:3.1e-04  2:1.7e-02
Iterat, #Fevals:   Function Value    (median,worst) |Axis Ratio|idx:Min SD idx:Max SD
  180 ,   4501 : 7.4954161554235e+00 +(3e-02,5e-02) | 2.21e+02 |  9:3.2e-04  2:1.8e-02
  181 ,   4526 : 7.5072021290794e+00 +(2e-02,3e-02) | 2.25e+02 |  9:2.8e-04  2:1.6e-02
  182 ,   4551 : 7.5033404875545e+00 +(2e-02,4e-02) | 2.32e+02 |  9:2.6e-04  2:1.5e-02
  183 ,   4576 : 7.5143647035940e+00 +(9e-03,4e-02) | 2.43e+02 |  9:2.5e-04  2:1.4e-02
  184 ,   4601 : 7.5084158791746e+00 +(2e-02,4e-02) | 2.40e+02 |  9:2.2e-04  2:1.2e-02
  185 ,   4626 : 7.5065104338686e+00 +(2e-02,4e-02) | 2.42e+02 |  9:2.0e-04  2:1.1e-02
  186 ,   4651 : 7.5082060999507e+00 +(2e-02,3e-02) | 2.41e+02 |  9:1.7e-04  2:9.3e-03
  187 ,   4676 : 7.5107457278413e+00 +(2e-02,5e-02) | 2.49e+02 |  9:1.9e-04  2:1.0e-02
  188 ,   4701 : 7.5039349360956e+00 +(2e-02,3e-02) | 2.42e+02 |  9:1.8e-04  2:9.1e-03
  189 ,   4726 : 7.5125101446307e+00 +(1e-02,2e-02) | 2.24e+02 |  9:1.8e-04  2:9.3e-03
Iterat, #Fevals:   Function Value    (median,worst) |Axis Ratio|idx:Min SD idx:Max SD
  190 ,   4751 : 7.5072242916660e+00 +(2e-02,3e-02) | 2.35e+02 |  9:1.9e-04  2:9.7e-03
  191 ,   4776 : 7.5048723528116e+00 +(2e-02,3e-02) | 2.18e+02 |  9:2.1e-04  2:1.1e-02
  192 ,   4801 : 7.5066478431442e+00 +(2e-02,3e-02) | 2.20e+02 |  9:2.1e-04  2:1.1e-02
  193 ,   4826 : 7.5163980556125e+00 +(9e-03,3e-02) | 2.31e+02 |  9:1.8e-04  2:9.7e-03
  194 ,   4851 : 7.5126818436961e+00 +(1e-02,4e-02) | 2.18e+02 |  9:1.7e-04  2:8.7e-03
  195 ,   4876 : 7.5063104290480e+00 +(2e-02,4e-02) | 2.43e+02 |  9:2.0e-04  2:1.1e-02
  196 ,   4901 : 7.5113274384516e+00 +(1e-02,4e-02) | 2.48e+02 |  9:2.3e-04  2:1.3e-02
  197 ,   4926 : 7.5056088875802e+00 +(2e-02,4e-02) | 2.61e+02 |  9:2.4e-04  2:1.3e-02
  198 ,   4951 : 7.5079598924134e+00 +(2e-02,3e-02) | 2.55e+02 |  9:2.5e-04  2:1.3e-02
  199 ,   4976 : 7.5120034540123e+00 +(1e-02,3e-02) | 2.55e+02 |  9:2.5e-04  2:1.3e-02
Iterat, #Fevals:   Function Value    (median,worst) |Axis Ratio|idx:Min SD idx:Max SD
  200 ,   5001 : 7.5048018181824e+00 +(2e-02,4e-02) | 2.61e+02 |  9:2.5e-04  2:1.2e-02
  201 ,   5026 : 7.5064759613136e+00 +(2e-02,4e-02) | 2.64e+02 |  9:2.5e-04  2:1.3e-02
  202 ,   5051 : 7.5144430558902e+00 +(1e-02,3e-02) | 2.70e+02 |  9:2.7e-04  2:1.3e-02
  203 ,   5076 : 7.5094263728733e+00 +(2e-02,3e-02) | 2.68e+02 |  9:2.8e-04  2:1.3e-02
  204 ,   5101 : 7.5059067095598e+00 +(2e-02,5e-02) | 2.74e+02 |  9:2.8e-04  2:1.5e-02
  205 ,   5126 : 7.5126930001293e+00 +(1e-02,4e-02) | 2.79e+02 |  9:2.6e-04  2:1.3e-02
  206 ,   5151 : 7.5018925517785e+00 +(2e-02,4e-02) | 2.77e+02 |  9:2.3e-04  2:1.2e-02
  207 ,   5176 : 7.5130413879663e+00 +(2e-02,3e-02) | 2.72e+02 |  9:1.9e-04  2:1.0e-02
  208 ,   5201 : 7.5078574082297e+00 +(2e-02,3e-02) | 2.81e+02 |  9:1.9e-04  2:9.7e-03
  209 ,   5226 : 7.5012531598207e+00 +(2e-02,5e-02) | 2.88e+02 |  9:2.4e-04  2:1.0e-02
Iterat, #Fevals:   Function Value    (median,worst) |Axis Ratio|idx:Min SD idx:Max SD
  210 ,   5251 : 7.5064668232297e+00 +(2e-02,4e-02) | 2.89e+02 |  9:2.6e-04  2:1.1e-02
  211 ,   5276 : 7.5061745294995e+00 +(2e-02,4e-02) | 3.08e+02 |  9:2.3e-04  2:1.0e-02
  212 ,   5301 : 7.5092039031283e+00 +(1e-02,3e-02) | 3.08e+02 |  9:2.2e-04  2:9.4e-03
  213 ,   5326 : 7.5076223769775e+00 +(1e-02,4e-02) | 3.10e+02 |  9:2.0e-04  2:8.6e-03
  214 ,   5351 : 7.5039136535191e+00 +(2e-02,4e-02) | 3.18e+02 |  9:2.0e-04  2:9.3e-03
  215 ,   5376 : 7.5081422302323e+00 +(2e-02,3e-02) | 3.14e+02 |  9:2.1e-04  2:9.7e-03
  216 ,   5401 : 7.5140156593666e+00 +(1e-02,3e-02) | 3.20e+02 |  9:2.0e-04  2:9.4e-03
  217 ,   5426 : 7.5065987714976e+00 +(2e-02,4e-02) | 3.14e+02 |  9:1.9e-04  2:8.8e-03
  218 ,   5451 : 7.5063806762923e+00 +(2e-02,4e-02) | 3.10e+02 |  9:1.6e-04  2:7.3e-03
  219 ,   5476 : 7.5147002278613e+00 +(1e-02,3e-02) | 3.16e+02 |  9:1.6e-04  2:7.3e-03
Iterat, #Fevals:   Function Value    (median,worst) |Axis Ratio|idx:Min SD idx:Max SD
  220 ,   5501 : 7.5027256814942e+00 +(2e-02,4e-02) | 3.16e+02 |  9:1.6e-04  2:7.1e-03
  221 ,   5526 : 7.5073956831768e+00 +(2e-02,3e-02) | 3.25e+02 |  9:1.4e-04  2:6.8e-03
  222 ,   5551 : 7.5074979545914e+00 +(2e-02,3e-02) | 3.12e+02 |  9:1.4e-04  2:6.1e-03
  223 ,   5576 : 7.5053937061385e+00 +(2e-02,4e-02) | 3.02e+02 |  9:1.5e-04  2:6.5e-03
  224 ,   5601 : 7.5077807658873e+00 +(2e-02,4e-02) | 3.14e+02 |  9:1.5e-04  2:6.9e-03
  225 ,   5626 : 7.5034408909136e+00 +(2e-02,3e-02) | 3.24e+02 |  9:1.6e-04  2:7.4e-03
  226 ,   5651 : 7.5001199665948e+00 +(2e-02,4e-02) | 3.21e+02 |  9:1.5e-04  2:7.3e-03
  227 ,   5676 : 7.5104830060157e+00 +(1e-02,2e-02) | 3.35e+02 |  9:1.6e-04  2:7.7e-03
  228 ,   5701 : 7.5045807703400e+00 +(2e-02,4e-02) | 3.33e+02 |  9:1.4e-04  2:6.5e-03
  229 ,   5726 : 7.5043307312781e+00 +(2e-02,4e-02) | 3.53e+02 |  9:1.6e-04  2:7.1e-03
Iterat, #Fevals:   Function Value    (median,worst) |Axis Ratio|idx:Min SD idx:Max SD
  230 ,   5751 : 7.5123378653295e+00 +(2e-02,3e-02) | 3.84e+02 |  9:1.9e-04  2:9.2e-03
  231 ,   5776 : 7.5143342669326e+00 +(1e-02,2e-02) | 4.17e+02 |  9:2.3e-04  2:1.2e-02
  232 ,   5801 : 7.5059384938042e+00 +(2e-02,4e-02) | 4.00e+02 |  9:2.6e-04  2:1.3e-02
  233 ,   5826 : 7.5092949126480e+00 +(2e-02,3e-02) | 3.97e+02 |  9:2.8e-04  2:1.4e-02
  234 ,   5851 : 7.5079779371319e+00 +(2e-02,3e-02) | 3.98e+02 |  9:2.4e-04  2:1.2e-02
  235 ,   5876 : 7.4984957542366e+00 +(2e-02,5e-02) | 4.12e+02 |  9:2.4e-04  2:1.2e-02
  236 ,   5901 : 7.5039227706238e+00 +(2e-02,4e-02) | 4.14e+02 |  9:2.2e-04  2:1.1e-02
  237 ,   5926 : 7.5044451934232e+00 +(2e-02,4e-02) | 4.26e+02 |  9:1.8e-04  2:9.0e-03
  238 ,   5951 : 7.5022246388588e+00 +(2e-02,4e-02) | 4.30e+02 |  9:2.0e-04  2:1.0e-02
  239 ,   5976 : 7.5136932633004e+00 +(1e-02,3e-02) | 4.54e+02 |  9:2.2e-04  2:1.2e-02
Iterat, #Fevals:   Function Value    (median,worst) |Axis Ratio|idx:Min SD idx:Max SD
  240 ,   6001 : 7.5064351044329e+00 +(2e-02,4e-02) | 4.63e+02 |  9:2.3e-04  2:1.3e-02
  241 ,   6026 : 7.5046162718601e+00 +(2e-02,5e-02) | 4.63e+02 |  9:2.2e-04  2:1.2e-02
  242 ,   6051 : 7.5021144181309e+00 +(2e-02,4e-02) | 4.55e+02 |  9:2.4e-04  2:1.3e-02
  243 ,   6076 : 7.5059939799703e+00 +(2e-02,3e-02) | 4.47e+02 |  9:2.4e-04  2:1.3e-02
  244 ,   6101 : 7.5137354667028e+00 +(1e-02,4e-02) | 4.79e+02 |  9:2.8e-04  2:1.4e-02
  245 ,   6126 : 7.5128288981511e+00 +(1e-02,4e-02) | 4.66e+02 |  9:2.7e-04  2:1.4e-02
  246 ,   6151 : 7.5068855508719e+00 +(2e-02,4e-02) | 4.91e+02 |  9:2.7e-04  2:1.5e-02
  247 ,   6176 : 7.5065924113970e+00 +(2e-02,4e-02) | 4.87e+02 |  9:2.6e-04  2:1.4e-02
  248 ,   6201 : 7.5083931045581e+00 +(2e-02,3e-02) | 4.77e+02 |  9:2.6e-04  2:1.4e-02
  249 ,   6226 : 7.5124534813292e+00 +(1e-02,3e-02) | 4.73e+02 |  9:2.2e-04  2:1.2e-02
Iterat, #Fevals:   Function Value    (median,worst) |Axis Ratio|idx:Min SD idx:Max SD
  250 ,   6251 : 7.5053301782080e+00 +(2e-02,3e-02) | 4.69e+02 |  9:2.2e-04  2:1.1e-02
  251 ,   6276 : 7.5158726935058e+00 +(1e-02,3e-02) | 4.69e+02 |  9:2.0e-04  2:1.1e-02
  252 ,   6301 : 7.5040227547994e+00 +(2e-02,4e-02) | 4.95e+02 |  9:2.0e-04  2:1.1e-02
  253 ,   6326 : 7.5068236565507e+00 +(2e-02,4e-02) | 5.06e+02 |  9:1.9e-04  2:1.0e-02
  254 ,   6351 : 7.5041214659276e+00 +(2e-02,4e-02) | 5.30e+02 |  9:2.0e-04  2:1.0e-02
  255 ,   6376 : 7.5073854950512e+00 +(2e-02,4e-02) | 5.13e+02 |  9:2.0e-04  2:1.1e-02
  256 ,   6401 : 7.5062696196675e+00 +(2e-02,3e-02) | 5.21e+02 |  9:2.0e-04  2:1.2e-02
  257 ,   6426 : 7.5057977289082e+00 +(2e-02,4e-02) | 5.10e+02 |  9:2.0e-04  2:1.1e-02
  258 ,   6451 : 7.5062079585180e+00 +(2e-02,5e-02) | 5.39e+02 |  9:1.8e-04  2:1.1e-02
  259 ,   6476 : 7.5027036768911e+00 +(2e-02,4e-02) | 5.37e+02 |  9:1.8e-04  2:1.1e-02
Iterat, #Fevals:   Function Value    (median,worst) |Axis Ratio|idx:Min SD idx:Max SD
  260 ,   6501 : 7.5054487128654e+00 +(2e-02,4e-02) | 5.60e+02 |  9:1.7e-04  2:9.9e-03
  261 ,   6526 : 7.5014538136173e+00 +(2e-02,4e-02) | 5.41e+02 |  9:1.7e-04  2:1.0e-02
  262 ,   6551 : 7.5115901264929e+00 +(1e-02,3e-02) | 5.41e+02 |  9:1.6e-04  2:1.0e-02
  263 ,   6576 : 7.5028799496249e+00 +(3e-02,4e-02) | 5.57e+02 |  9:1.7e-04  2:1.1e-02
  264 ,   6601 : 7.5035021648455e+00 +(2e-02,5e-02) | 6.01e+02 |  9:1.5e-04  2:1.0e-02
  265 ,   6626 : 7.5074512822573e+00 +(2e-02,4e-02) | 6.31e+02 |  9:1.5e-04  2:1.1e-02
  266 ,   6651 : 7.5056024274503e+00 +(2e-02,4e-02) | 6.44e+02 |  9:1.6e-04  2:1.1e-02
  267 ,   6676 : 7.5000751297394e+00 +(3e-02,4e-02) | 6.28e+02 |  9:1.4e-04  2:9.5e-03
  268 ,   6701 : 7.5028725452279e+00 +(2e-02,4e-02) | 6.55e+02 |  9:1.4e-04  2:1.0e-02
  269 ,   6726 : 7.5106511194066e+00 +(2e-02,4e-02) | 6.50e+02 |  9:1.5e-04  2:1.1e-02
Iterat, #Fevals:   Function Value    (median,worst) |Axis Ratio|idx:Min SD idx:Max SD
  270 ,   6751 : 7.5059329004932e+00 +(2e-02,3e-02) | 6.71e+02 |  9:1.7e-04  2:1.2e-02
  271 ,   6776 : 7.5143281341327e+00 +(1e-02,3e-02) | 6.35e+02 |  9:1.7e-04  2:1.2e-02
  272 ,   6801 : 7.5013630621784e+00 +(2e-02,4e-02) | 6.18e+02 |  9:1.6e-04  2:1.2e-02
  273 ,   6826 : 7.5073747241211e+00 +(1e-02,3e-02) | 6.00e+02 |  9:1.8e-04  2:1.3e-02
  274 ,   6851 : 7.5097751305153e+00 +(2e-02,4e-02) | 5.87e+02 |  9:1.9e-04  2:1.3e-02
  275 ,   6876 : 7.5064364698379e+00 +(2e-02,4e-02) | 5.66e+02 |  9:2.1e-04  2:1.4e-02
  276 ,   6901 : 7.5056645793711e+00 +(2e-02,4e-02) | 6.35e+02 |  9:2.5e-04  2:1.9e-02
  277 ,   6926 : 7.5065966410176e+00 +(1e-02,3e-02) | 6.68e+02 |  9:2.7e-04  2:2.2e-02
  278 ,   6951 : 7.5125743993004e+00 +(1e-02,3e-02) | 7.00e+02 |  9:3.4e-04  2:3.0e-02
  279 ,   6976 : 7.5060005294959e+00 +(2e-02,4e-02) | 7.11e+02 |  9:3.4e-04  2:3.1e-02
Iterat, #Fevals:   Function Value    (median,worst) |Axis Ratio|idx:Min SD idx:Max SD
  280 ,   7001 : 7.5122462461197e+00 +(1e-02,4e-02) | 6.86e+02 |  9:3.4e-04  2:3.1e-02
  281 ,   7026 : 7.5119337349443e+00 +(1e-02,3e-02) | 6.80e+02 |  9:3.5e-04  2:3.1e-02
  282 ,   7051 : 7.5054219576742e+00 +(2e-02,4e-02) | 6.81e+02 |  9:3.4e-04  2:3.0e-02
  283 ,   7076 : 7.5098278308707e+00 +(2e-02,4e-02) | 7.42e+02 |  9:3.3e-04  2:3.2e-02
  284 ,   7101 : 7.5114850195642e+00 +(1e-02,4e-02) | 7.66e+02 |  9:2.9e-04  2:2.9e-02
  285 ,   7126 : 7.5000988068130e+00 +(2e-02,4e-02) | 7.71e+02 |  9:2.4e-04  2:2.5e-02
  286 ,   7151 : 7.5124661110134e+00 +(1e-02,3e-02) | 8.00e+02 |  9:2.6e-04  2:2.8e-02
  287 ,   7176 : 7.5128603061875e+00 +(1e-02,3e-02) | 7.75e+02 |  9:2.3e-04  2:2.5e-02
  288 ,   7201 : 7.5111367338872e+00 +(1e-02,3e-02) | 8.16e+02 |  9:2.1e-04  2:2.4e-02
  289 ,   7226 : 7.5065685179705e+00 +(2e-02,3e-02) | 8.06e+02 |  9:2.1e-04  2:2.2e-02
Iterat, #Fevals:   Function Value    (median,worst) |Axis Ratio|idx:Min SD idx:Max SD
  290 ,   7251 : 7.5122777572036e+00 +(1e-02,3e-02) | 8.35e+02 |  9:1.9e-04  2:2.0e-02
  291 ,   7276 : 7.5115949876888e+00 +(1e-02,3e-02) | 8.30e+02 |  9:2.0e-04  2:2.1e-02
  292 ,   7301 : 7.5117204743166e+00 +(1e-02,3e-02) | 8.90e+02 |  9:2.0e-04  2:2.2e-02
  293 ,   7326 : 7.5127240742962e+00 +(1e-02,2e-02) | 9.00e+02 |  9:2.2e-04  2:2.4e-02
  294 ,   7351 : 7.5018519218187e+00 +(3e-02,5e-02) | 8.70e+02 |  9:2.1e-04  2:2.2e-02
  295 ,   7376 : 7.5090228784845e+00 +(2e-02,3e-02) | 8.64e+02 |  9:1.9e-04  2:2.0e-02
  296 ,   7401 : 7.5042650459586e+00 +(2e-02,4e-02) | 8.40e+02 |  9:1.9e-04  2:2.0e-02
  297 ,   7426 : 7.5107414272951e+00 +(1e-02,3e-02) | 8.29e+02 |  9:1.7e-04  2:1.8e-02
  298 ,   7451 : 7.5023428160767e+00 +(2e-02,4e-02) | 8.16e+02 |  9:1.5e-04  2:1.6e-02
  299 ,   7476 : 7.5146178546344e+00 +(1e-02,4e-02) | 8.47e+02 |  9:1.7e-04  2:1.9e-02
Iterat, #Fevals:   Function Value    (median,worst) |Axis Ratio|idx:Min SD idx:Max SD
  300 ,   7501 : 7.5078848387676e+00 +(2e-02,3e-02) | 8.58e+02 |  9:1.7e-04  2:2.0e-02
  301 ,   7526 : 7.5048327963699e+00 +(2e-02,3e-02) | 8.51e+02 |  9:1.6e-04  2:1.8e-02
  302 ,   7551 : 7.5114227155208e+00 +(1e-02,4e-02) | 9.17e+02 |  9:1.8e-04  2:2.2e-02
  303 ,   7576 : 7.5126293058235e+00 +(1e-02,4e-02) | 9.64e+02 |  9:1.9e-04  2:2.5e-02
  304 ,   7601 : 7.4960531010382e+00 +(3e-02,4e-02) | 9.67e+02 |  9:1.8e-04  2:2.4e-02
  305 ,   7626 : 7.5110345396088e+00 +(1e-02,4e-02) | 1.01e+03 |  9:1.8e-04  2:2.6e-02
  306 ,   7651 : 7.5048577857568e+00 +(2e-02,4e-02) | 9.41e+02 |  9:1.8e-04  2:2.6e-02
  307 ,   7676 : 7.5093944354611e+00 +(2e-02,3e-02) | 9.78e+02 |  9:1.6e-04  2:2.3e-02
  308 ,   7701 : 7.4984451141052e+00 +(2e-02,4e-02) | 1.01e+03 |  9:1.4e-04  2:2.2e-02
  309 ,   7726 : 7.5027016588619e+00 +(2e-02,4e-02) | 9.70e+02 |  9:1.6e-04  2:2.4e-02
Iterat, #Fevals:   Function Value    (median,worst) |Axis Ratio|idx:Min SD idx:Max SD
  310 ,   7751 : 7.5036666567083e+00 +(2e-02,4e-02) | 9.69e+02 |  9:1.5e-04  2:2.4e-02
  311 ,   7776 : 7.5110313475886e+00 +(1e-02,2e-02) | 9.71e+02 |  9:1.7e-04  2:2.6e-02
  312 ,   7801 : 7.5117663814461e+00 +(1e-02,3e-02) | 1.03e+03 |  9:1.8e-04  2:2.9e-02
  313 ,   7826 : 7.5062750076476e+00 +(2e-02,4e-02) | 1.02e+03 |  9:1.8e-04  2:3.0e-02
  314 ,   7851 : 7.4989261078172e+00 +(3e-02,5e-02) | 1.08e+03 |  9:1.7e-04  2:3.1e-02
  315 ,   7876 : 7.5100241411180e+00 +(2e-02,3e-02) | 1.06e+03 |  9:1.7e-04  2:3.1e-02
  316 ,   7901 : 7.5065929954670e+00 +(2e-02,3e-02) | 1.05e+03 |  9:1.6e-04  2:2.8e-02
  317 ,   7926 : 7.5128482386138e+00 +(1e-02,3e-02) | 1.02e+03 |  9:1.4e-04  2:2.5e-02
  318 ,   7951 : 7.5118243523411e+00 +(1e-02,2e-02) | 1.13e+03 |  9:1.6e-04  2:3.1e-02
  319 ,   7976 : 7.5115195977216e+00 +(1e-02,3e-02) | 1.05e+03 |  9:1.7e-04  2:3.3e-02
Iterat, #Fevals:   Function Value    (median,worst) |Axis Ratio|idx:Min SD idx:Max SD
  320 ,   8001 : 7.5113582185607e+00 +(2e-02,3e-02) | 1.03e+03 |  9:1.4e-04  2:2.7e-02
  321 ,   8026 : 7.5066446902955e+00 +(2e-02,3e-02) | 1.04e+03 |  9:1.3e-04  2:2.4e-02
  322 ,   8051 : 7.5064439340880e+00 +(2e-02,3e-02) | 1.06e+03 |  9:1.2e-04  2:2.3e-02
  323 ,   8076 : 7.5012771349293e+00 +(2e-02,4e-02) | 1.07e+03 |  9:1.0e-04  2:2.0e-02
  324 ,   8101 : 7.5098978371174e+00 +(1e-02,3e-02) | 1.03e+03 |  9:1.1e-04  2:2.0e-02
  325 ,   8126 : 7.5129847610011e+00 +(1e-02,3e-02) | 1.03e+03 |  9:1.1e-04  2:2.0e-02
  326 ,   8151 : 7.5063539356041e+00 +(2e-02,3e-02) | 1.07e+03 |  9:1.0e-04  2:2.0e-02
  327 ,   8176 : 7.5132571844187e+00 +(1e-02,2e-02) | 1.14e+03 |  9:9.4e-05  2:2.0e-02
  328 ,   8201 : 7.5044232456716e+00 +(2e-02,4e-02) | 1.10e+03 |  9:9.2e-05  2:1.9e-02
  329 ,   8226 : 7.5058425577835e+00 +(2e-02,4e-02) | 1.05e+03 |  9:8.8e-05  2:1.9e-02
Iterat, #Fevals:   Function Value    (median,worst) |Axis Ratio|idx:Min SD idx:Max SD
  330 ,   8251 : 7.5073597356817e+00 +(1e-02,3e-02) | 1.11e+03 |  9:8.1e-05  2:1.8e-02
  331 ,   8276 : 7.5059653976226e+00 +(2e-02,3e-02) | 1.10e+03 |  9:7.9e-05  2:1.7e-02
  332 ,   8301 : 7.5097204199079e+00 +(1e-02,3e-02) | 1.08e+03 |  9:8.6e-05  2:1.8e-02
  333 ,   8326 : 7.5054750903672e+00 +(2e-02,4e-02) | 1.07e+03 |  9:8.7e-05  2:1.8e-02
  334 ,   8351 : 7.5117904735063e+00 +(9e-03,4e-02) | 1.06e+03 |  9:8.1e-05  2:1.7e-02
  335 ,   8376 : 7.5035019577919e+00 +(2e-02,4e-02) | 1.08e+03 |  9:8.2e-05  2:1.7e-02
  336 ,   8401 : 7.5016721120861e+00 +(2e-02,4e-02) | 1.07e+03 |  9:8.7e-05  2:1.8e-02
  337 ,   8426 : 7.5071579934463e+00 +(2e-02,3e-02) | 1.02e+03 |  9:8.0e-05  2:1.6e-02
  338 ,   8451 : 7.4971065467180e+00 +(2e-02,4e-02) | 1.03e+03 |  9:7.3e-05  2:1.4e-02
  339 ,   8476 : 7.5094639623231e+00 +(2e-02,3e-02) | 1.04e+03 |  9:7.5e-05  2:1.5e-02
Iterat, #Fevals:   Function Value    (median,worst) |Axis Ratio|idx:Min SD idx:Max SD
  340 ,   8501 : 7.4925092348037e+00 +(3e-02,5e-02) | 1.05e+03 |  9:8.4e-05  2:1.8e-02
  341 ,   8526 : 7.5112019019318e+00 +(1e-02,4e-02) | 1.11e+03 |  9:9.1e-05  2:2.0e-02
  342 ,   8551 : 7.5016721856785e+00 +(3e-02,4e-02) | 1.13e+03 |  9:8.8e-05  2:2.2e-02
  343 ,   8576 : 7.5037935771717e+00 +(2e-02,5e-02) | 1.14e+03 |  9:9.3e-05  2:2.3e-02
  344 ,   8601 : 7.5064091344522e+00 +(2e-02,3e-02) | 1.19e+03 |  9:9.5e-05  2:2.3e-02
  345 ,   8626 : 7.5103389409483e+00 +(2e-02,3e-02) | 1.23e+03 |  9:8.5e-05  2:2.1e-02
  346 ,   8651 : 7.5098266539520e+00 +(2e-02,4e-02) | 1.29e+03 |  9:7.8e-05  2:2.0e-02
  347 ,   8676 : 7.5107049810983e+00 +(2e-02,3e-02) | 1.32e+03 |  9:9.9e-05  2:2.2e-02
  348 ,   8701 : 7.5095676019902e+00 +(2e-02,4e-02) | 1.33e+03 |  9:9.1e-05  2:2.0e-02
  349 ,   8726 : 7.5025834498568e+00 +(2e-02,4e-02) | 1.34e+03 |  9:8.3e-05  2:1.9e-02
Iterat, #Fevals:   Function Value    (median,worst) |Axis Ratio|idx:Min SD idx:Max SD
  350 ,   8751 : 7.5088677946489e+00 +(1e-02,3e-02) | 1.38e+03 |  9:9.5e-05  2:2.1e-02
  351 ,   8776 : 7.5081490089170e+00 +(2e-02,3e-02) | 1.38e+03 |  9:1.2e-04  2:2.2e-02
  352 ,   8801 : 7.5034221236706e+00 +(2e-02,4e-02) | 1.35e+03 |  9:1.5e-04  2:2.6e-02
  353 ,   8826 : 7.5043764556039e+00 +(2e-02,4e-02) | 1.34e+03 |  9:1.5e-04  2:2.5e-02
  354 ,   8851 : 7.5098406752258e+00 +(1e-02,4e-02) | 1.34e+03 |  9:1.6e-04  2:2.4e-02
  355 ,   8876 : 7.5094820659190e+00 +(2e-02,3e-02) | 1.31e+03 |  9:1.7e-04  2:2.6e-02
  356 ,   8901 : 7.5069264367382e+00 +(2e-02,3e-02) | 1.28e+03 |  9:1.4e-04  2:2.2e-02
  357 ,   8926 : 7.5064106042719e+00 +(2e-02,4e-02) | 1.28e+03 |  9:1.5e-04  2:2.2e-02
  358 ,   8951 : 7.5050111047838e+00 +(2e-02,5e-02) | 1.24e+03 |  9:1.4e-04  2:2.1e-02
  359 ,   8976 : 7.5091967208093e+00 +(2e-02,3e-02) | 1.22e+03 |  9:1.4e-04  2:2.2e-02
Iterat, #Fevals:   Function Value    (median,worst) |Axis Ratio|idx:Min SD idx:Max SD
  360 ,   9001 : 7.5033699863230e+00 +(2e-02,4e-02) | 1.21e+03 |  9:1.4e-04  2:2.2e-02
  361 ,   9026 : 7.5083187175852e+00 +(2e-02,4e-02) | 1.16e+03 |  9:1.4e-04  2:2.1e-02
  362 ,   9051 : 7.5071825336783e+00 +(2e-02,4e-02) | 1.15e+03 |  9:1.4e-04  2:2.0e-02
  363 ,   9076 : 7.5087145113450e+00 +(2e-02,4e-02) | 1.10e+03 |  9:1.5e-04  2:2.1e-02
  364 ,   9101 : 7.5080354315352e+00 +(2e-02,4e-02) | 1.06e+03 |  9:1.3e-04  2:1.9e-02
  365 ,   9126 : 7.5048190921015e+00 +(2e-02,3e-02) | 1.07e+03 |  9:1.4e-04  2:2.1e-02
  366 ,   9151 : 7.5119545894178e+00 +(2e-02,3e-02) | 1.06e+03 |  9:1.4e-04  2:2.0e-02
  367 ,   9176 : 7.5051403089761e+00 +(2e-02,4e-02) | 1.08e+03 |  9:1.4e-04  2:2.0e-02
  368 ,   9201 : 7.5091845502674e+00 +(2e-02,4e-02) | 1.06e+03 |  9:1.3e-04  2:1.7e-02
  369 ,   9226 : 7.5092793896165e+00 +(2e-02,3e-02) | 1.03e+03 |  9:1.5e-04  2:2.0e-02
Iterat, #Fevals:   Function Value    (median,worst) |Axis Ratio|idx:Min SD idx:Max SD
  370 ,   9251 : 7.5089669534058e+00 +(1e-02,3e-02) | 1.03e+03 |  9:1.5e-04  2:2.0e-02
  371 ,   9276 : 7.5117019847292e+00 +(1e-02,3e-02) | 9.39e+02 |  9:1.7e-04  2:2.1e-02
  372 ,   9301 : 7.5035116814597e+00 +(2e-02,4e-02) | 9.29e+02 |  9:1.4e-04  2:1.9e-02
  373 ,   9326 : 7.5008764846058e+00 +(2e-02,4e-02) | 9.17e+02 |  9:1.3e-04  2:1.7e-02
  374 ,   9351 : 7.5063626604219e+00 +(2e-02,3e-02) | 9.41e+02 |  9:1.3e-04  2:1.7e-02
  375 ,   9376 : 7.5097283268415e+00 +(2e-02,3e-02) | 9.65e+02 |  9:1.2e-04  2:1.6e-02
  376 ,   9401 : 7.5053368954521e+00 +(2e-02,4e-02) | 9.42e+02 |  9:1.3e-04  2:1.7e-02
  377 ,   9426 : 7.5059612188296e+00 +(2e-02,4e-02) | 9.18e+02 |  9:1.4e-04  2:1.8e-02
  378 ,   9451 : 7.5108556455786e+00 +(2e-02,4e-02) | 9.34e+02 |  9:1.4e-04  2:1.8e-02
  379 ,   9476 : 7.5019516173865e+00 +(2e-02,5e-02) | 8.70e+02 |  9:1.4e-04  2:1.7e-02
Iterat, #Fevals:   Function Value    (median,worst) |Axis Ratio|idx:Min SD idx:Max SD
  380 ,   9501 : 7.5016039703117e+00 +(2e-02,4e-02) | 8.55e+02 |  9:1.4e-04  2:1.7e-02
  381 ,   9526 : 7.5112930597655e+00 +(1e-02,3e-02) | 8.71e+02 |  9:1.6e-04  2:1.9e-02
  382 ,   9551 : 7.5151853922689e+00 +(1e-02,3e-02) | 8.80e+02 |  9:1.9e-04  2:2.2e-02
  383 ,   9576 : 7.5071408008268e+00 +(2e-02,4e-02) | 8.35e+02 |  9:2.3e-04  2:2.6e-02
  384 ,   9601 : 7.5023769902430e+00 +(3e-02,4e-02) | 8.36e+02 |  9:2.5e-04  2:2.8e-02
#Fevals:   f(returned x)   |    bestever.f     | stopflag (saved to variablescmaes13_9_111.mat)
   9602: 7.50237699024e+00 | 7.49250923480e+00 | stagnation
mean solution: +2.1e-01 +2.3e+00 +1.1e+00 +3.4e-01 +1.5e+00 +1.4e+00 +9.9e-01 +1.0e+00 +1.1e+00
std deviation:  2.5e-03  2.8e-02  8.4e-03  2.4e-03  3.6e-03  5.9e-03  2.2e-03  1.4e-02  2.5e-04
use plotcmaesdat.m for plotting the output at any time (option LogModulo must not be zero)
