
                            < M A T L A B (R) >
                  Copyright 1984-2015 The MathWorks, Inc.
                   R2015a (8.5.0.197613) 64-bit (glnxa64)
                             February 12, 2015

 
For online documentation, see http://www.mathworks.com/support
For product information, visit www.mathworks.com.
 

	Academic License


seed =

                136.921177


Initialtheta =

           15321.678368386
          1481679.13647379
          21346189.2095022
          1525.03756568054
          2421.47123103399
           355.33577317572
         0.019044266291022
          4.79650597635685
          814.788168173197

  n=9: (12,25)-CMA-ES(w=[24 17 14... 1.5 0.74]%, ]%, mu_eff=7.3) on function Error
Iterat, #Fevals:   Function Value    (median,worst) |Axis Ratio|idx:Min SD idx:Max SD
    1 ,     26 : 1.6438980292384e+02 +(6e+05,1e+14) | 7.83e+00 |  9:2.6e-01  2:2.0e+00
    2 ,     51 : 3.3064773893647e+01 +(1e+02,3e+10) | 7.93e+00 |  9:2.2e-01  2:1.7e+00
[Warning: Failure at t=4.942993e+02.  Unable to meet integration tolerances
without reducing the step size below the smallest value allowed (9.094947e-13)
at time t.] 
[> In ode15s (line 730)
  In Error (line 30)
  In cmaes (line 957)
  In ParameterFit (line 32)
  In ParameterFittingScript (line 27)] 
    3 ,     76 : 1.0211617485674e+02 +(6e+01,Inf) | 7.91e+00 |  9:2.1e-01  4:1.6e+00
    4 ,    101 : 1.6477215473813e+02 +(9e+06,2e+11) | 8.54e+00 |  9:2.1e-01  4:1.7e+00
    5 ,    126 : 1.1319103546925e+02 +(5e+01,5e+11) | 8.62e+00 |  9:2.2e-01  4:1.8e+00
    6 ,    151 : 2.5164698365746e+01 +(4e+05,7e+08) | 8.93e+00 |  9:2.3e-01  4:1.9e+00
    7 ,    176 : 1.6484676162651e+02 +(2e-01,3e+07) | 9.14e+00 |  9:2.3e-01  4:2.0e+00
    8 ,    201 : 1.6012715832685e+02 +(5e+00,2e+16) | 9.34e+00 |  9:2.1e-01  4:1.8e+00
    9 ,    226 : 1.6347452426604e+02 +(2e+00,2e+15) | 9.42e+00 |  9:2.1e-01  4:1.7e+00
Iterat, #Fevals:   Function Value    (median,worst) |Axis Ratio|idx:Min SD idx:Max SD
   10 ,    251 : 1.5377120266355e+02 +(1e+01,3e+07) | 9.17e+00 |  9:2.0e-01  4:1.6e+00
   11 ,    276 : 1.1462411032011e+02 +(2e+05,5e+08) | 9.22e+00 |  9:1.8e-01  4:1.4e+00
   12 ,    301 : 1.2117311255250e+01 +(2e+02,1e+07) | 9.38e+00 |  9:1.6e-01  4:1.3e+00
   13 ,    326 : 1.6424167718914e+02 +(6e+03,6e+06) | 9.69e+00 |  9:1.6e-01  4:1.3e+00
   14 ,    351 : 9.3198161992669e+01 +(7e+01,9e+06) | 9.73e+00 |  9:1.4e-01  4:1.1e+00
   15 ,    376 : 8.3133699931421e+00 +(2e+02,1e+06) | 9.85e+00 |  9:1.2e-01  4:1.0e+00
   16 ,    401 : 1.6240428770044e+02 +(2e+04,2e+06) | 9.84e+00 |  9:1.1e-01  4:9.5e-01
   17 ,    426 : 4.9773633329001e+01 +(3e+03,4e+05) | 9.76e+00 |  9:1.2e-01  4:9.9e-01
   18 ,    451 : 1.4661460234478e+01 +(2e+02,7e+04) | 9.82e+00 |  9:1.1e-01  4:9.3e-01
   19 ,    476 : 5.0290004404087e+01 +(1e+02,1e+06) | 1.00e+01 |  9:1.1e-01  4:9.7e-01
Iterat, #Fevals:   Function Value    (median,worst) |Axis Ratio|idx:Min SD idx:Max SD
   20 ,    501 : 1.4550149461783e+01 +(2e+02,6e+05) | 1.02e+01 |  9:1.0e-01  4:8.8e-01
   21 ,    526 : 3.5128177225672e+01 +(1e+02,6e+04) | 1.01e+01 |  9:1.1e-01  4:8.9e-01
   22 ,    551 : 1.0706748260024e+02 +(6e+01,5e+04) | 1.01e+01 |  9:1.1e-01  4:8.9e-01
   23 ,    576 : 1.0080206999380e+01 +(2e+02,5e+04) | 1.02e+01 |  9:8.3e-02  4:7.0e-01
   24 ,    601 : 1.4370269389776e+01 +(2e+02,3e+04) | 1.01e+01 |  9:7.2e-02  4:6.0e-01
   25 ,    626 : 8.0456301839470e+00 +(2e+02,5e+04) | 1.06e+01 |  9:6.2e-02  4:5.2e-01
   26 ,    651 : 1.0413941274661e+01 +(1e+02,8e+03) | 1.09e+01 |  9:5.3e-02  4:4.6e-01
   27 ,    676 : 8.5168482424903e+00 +(1e+02,3e+03) | 1.04e+01 |  9:4.9e-02  4:4.1e-01
   28 ,    701 : 8.1949066254585e+00 +(1e+02,4e+03) | 1.03e+01 |  9:4.5e-02  4:3.6e-01
   29 ,    726 : 9.2789269307109e+00 +(1e+02,2e+03) | 9.78e+00 |  9:4.2e-02  2:3.3e-01
Iterat, #Fevals:   Function Value    (median,worst) |Axis Ratio|idx:Min SD idx:Max SD
   30 ,    751 : 8.3429778309903e+00 +(1e+02,1e+03) | 1.01e+01 |  9:4.2e-02  2:3.2e-01
   31 ,    776 : 1.1850714423135e+01 +(1e+02,3e+03) | 9.70e+00 |  9:3.6e-02  2:2.6e-01
   32 ,    801 : 7.9639032387483e+00 +(3e+01,9e+02) | 9.93e+00 |  9:3.0e-02  4:2.3e-01
   33 ,    826 : 7.9486772828829e+00 +(2e+01,3e+02) | 1.01e+01 |  9:2.9e-02  2:2.1e-01
   34 ,    851 : 8.0334620230401e+00 +(4e+01,6e+02) | 9.85e+00 |  9:2.5e-02  2:1.9e-01
   35 ,    876 : 8.0530931810716e+00 +(3e+01,2e+02) | 9.56e+00 |  9:2.2e-02  2:1.7e-01
   36 ,    901 : 8.1362844566395e+00 +(2e+01,1e+02) | 1.03e+01 |  9:2.0e-02  2:1.6e-01
   37 ,    926 : 8.1862911260794e+00 +(7e+00,7e+01) | 1.07e+01 |  9:1.9e-02  2:1.6e-01
   38 ,    951 : 8.1317838986803e+00 +(3e+00,2e+02) | 1.07e+01 |  9:1.9e-02  2:1.6e-01
   39 ,    976 : 8.1108102252232e+00 +(2e+01,1e+02) | 1.08e+01 |  9:1.8e-02  2:1.5e-01
Iterat, #Fevals:   Function Value    (median,worst) |Axis Ratio|idx:Min SD idx:Max SD
   40 ,   1001 : 8.0869160210003e+00 +(1e+01,5e+01) | 1.15e+01 |  9:1.8e-02  4:1.6e-01
   41 ,   1026 : 8.2308453443995e+00 +(8e+00,6e+01) | 1.25e+01 |  9:1.7e-02  4:1.6e-01
   42 ,   1051 : 8.0990211514554e+00 +(4e+00,6e+01) | 1.22e+01 |  9:1.6e-02  4:1.5e-01
   43 ,   1076 : 8.0512974954491e+00 +(9e+00,5e+01) | 1.22e+01 |  9:1.6e-02  4:1.5e-01
   44 ,   1101 : 8.0326443513962e+00 +(5e+00,7e+01) | 1.28e+01 |  9:1.5e-02  4:1.5e-01
   45 ,   1126 : 7.9628372647113e+00 +(3e+00,4e+01) | 1.27e+01 |  9:1.6e-02  4:1.5e-01
   46 ,   1151 : 8.0189882381470e+00 +(4e+00,2e+01) | 1.26e+01 |  9:1.4e-02  4:1.3e-01
   47 ,   1176 : 7.9992538589395e+00 +(2e+00,3e+01) | 1.32e+01 |  9:1.3e-02  4:1.2e-01
   48 ,   1201 : 8.0397770198631e+00 +(4e+00,3e+01) | 1.45e+01 |  9:1.2e-02  4:1.3e-01
   49 ,   1226 : 8.0001344606425e+00 +(1e+00,2e+01) | 1.53e+01 |  9:1.2e-02  4:1.3e-01
Iterat, #Fevals:   Function Value    (median,worst) |Axis Ratio|idx:Min SD idx:Max SD
   50 ,   1251 : 8.0166195709122e+00 +(1e+00,8e+00) | 1.57e+01 |  9:9.9e-03  4:1.1e-01
   51 ,   1276 : 8.0181544281369e+00 +(2e+00,1e+01) | 1.60e+01 |  9:8.4e-03  4:9.4e-02
   52 ,   1301 : 8.0214500446437e+00 +(9e-01,9e+00) | 1.61e+01 |  9:8.1e-03  4:9.0e-02
   53 ,   1326 : 8.0143890878220e+00 +(7e-01,4e+00) | 1.67e+01 |  9:6.3e-03  4:7.2e-02
   54 ,   1351 : 7.9909469846411e+00 +(3e-01,2e+00) | 1.65e+01 |  9:6.0e-03  4:6.9e-02
   55 ,   1376 : 8.0065192760494e+00 +(2e-01,2e+00) | 1.72e+01 |  9:5.7e-03  4:6.9e-02
   56 ,   1401 : 7.9953109619632e+00 +(2e-01,2e+00) | 1.76e+01 |  9:5.5e-03  4:6.6e-02
   57 ,   1426 : 7.9563547196264e+00 +(1e-01,1e+00) | 1.71e+01 |  9:5.8e-03  4:6.8e-02
   58 ,   1451 : 7.9583003974549e+00 +(2e-01,3e+00) | 1.69e+01 |  9:6.1e-03  4:6.9e-02
   59 ,   1476 : 7.9533295818206e+00 +(3e-01,2e+00) | 1.72e+01 |  9:5.9e-03  4:6.5e-02
Iterat, #Fevals:   Function Value    (median,worst) |Axis Ratio|idx:Min SD idx:Max SD
   60 ,   1501 : 7.9430821978523e+00 +(3e-01,2e+00) | 1.72e+01 |  9:6.1e-03  4:6.6e-02
   61 ,   1526 : 7.9306403205979e+00 +(2e-01,2e+00) | 1.76e+01 |  9:6.6e-03  4:6.9e-02
   62 ,   1551 : 7.9546603767760e+00 +(3e-01,2e+00) | 1.81e+01 |  9:7.0e-03  4:7.4e-02
   63 ,   1576 : 7.9583095075292e+00 +(8e-02,1e+00) | 1.87e+01 |  9:7.0e-03  4:7.4e-02
   64 ,   1601 : 7.8971209397510e+00 +(1e-01,2e+00) | 1.90e+01 |  9:8.4e-03  4:8.1e-02
   65 ,   1626 : 7.8807547553046e+00 +(1e-01,3e+00) | 1.98e+01 |  9:1.0e-02  2:9.6e-02
   66 ,   1651 : 7.8740627406794e+00 +(4e-01,2e+00) | 2.06e+01 |  9:1.4e-02  2:1.2e-01
   67 ,   1676 : 7.8069449245515e+00 +(5e-01,7e+00) | 2.11e+01 |  9:1.7e-02  2:1.5e-01
   68 ,   1701 : 7.7676510564195e+00 +(7e-01,4e+00) | 2.24e+01 |  9:1.9e-02  2:1.5e-01
   69 ,   1726 : 7.8261477767203e+00 +(5e-01,4e+00) | 2.42e+01 |  9:1.8e-02  2:1.5e-01
Iterat, #Fevals:   Function Value    (median,worst) |Axis Ratio|idx:Min SD idx:Max SD
   70 ,   1751 : 7.8171951314724e+00 +(1e+00,8e+00) | 2.69e+01 |  9:1.7e-02  2:1.5e-01
   71 ,   1776 : 7.7432817615457e+00 +(7e-01,4e+00) | 2.76e+01 |  9:1.8e-02  2:1.6e-01
   72 ,   1801 : 7.7847377068274e+00 +(6e-01,6e+00) | 2.85e+01 |  9:2.0e-02  2:1.7e-01
   73 ,   1826 : 7.7524969454016e+00 +(8e-01,1e+01) | 2.96e+01 |  9:1.7e-02  2:1.4e-01
   74 ,   1851 : 7.7531569033313e+00 +(3e-01,2e+00) | 2.94e+01 |  9:1.4e-02  2:1.2e-01
   75 ,   1876 : 7.7465198148164e+00 +(3e-01,2e+00) | 2.95e+01 |  9:1.4e-02  2:1.1e-01
   76 ,   1901 : 7.7321670570060e+00 +(1e-01,3e+00) | 2.95e+01 |  8:1.3e-02  2:1.0e-01
   77 ,   1926 : 7.6657680218056e+00 +(2e-01,3e+00) | 3.00e+01 |  8:1.4e-02  2:1.1e-01
   78 ,   1951 : 7.6660719815074e+00 +(3e-01,3e+00) | 3.07e+01 |  8:1.4e-02  2:1.1e-01
   79 ,   1976 : 7.6660858669837e+00 +(2e-01,3e+00) | 3.28e+01 |  8:1.3e-02  2:1.1e-01
Iterat, #Fevals:   Function Value    (median,worst) |Axis Ratio|idx:Min SD idx:Max SD
   80 ,   2001 : 7.6070872166527e+00 +(2e-01,2e+00) | 3.34e+01 |  8:1.6e-02  2:1.2e-01
   81 ,   2026 : 7.6373420945595e+00 +(1e-01,1e+00) | 3.45e+01 |  8:1.6e-02  2:1.2e-01
   82 ,   2051 : 7.5891464127266e+00 +(2e-01,2e+00) | 3.69e+01 |  8:1.6e-02  2:1.3e-01
   83 ,   2076 : 7.5775187216791e+00 +(2e-01,4e+00) | 3.95e+01 |  8:1.5e-02  2:1.3e-01
   84 ,   2101 : 7.5936823082303e+00 +(3e-01,3e+00) | 4.04e+01 |  8:1.5e-02  2:1.3e-01
   85 ,   2126 : 7.5762360096475e+00 +(2e-01,2e+00) | 4.24e+01 |  8:1.5e-02  2:1.3e-01
   86 ,   2151 : 7.5675604094791e+00 +(2e-01,9e-01) | 4.59e+01 |  8:1.4e-02  2:1.3e-01
   87 ,   2176 : 7.6174820370229e+00 +(2e-01,1e+00) | 4.80e+01 |  8:1.3e-02  2:1.2e-01
   88 ,   2201 : 7.5846609228241e+00 +(2e-01,1e+00) | 5.05e+01 |  8:1.2e-02  2:1.1e-01
   89 ,   2226 : 7.5857307548343e+00 +(1e-01,8e-01) | 5.21e+01 |  8:1.2e-02  2:1.1e-01
Iterat, #Fevals:   Function Value    (median,worst) |Axis Ratio|idx:Min SD idx:Max SD
   90 ,   2251 : 7.5537931656768e+00 +(9e-02,1e+00) | 5.41e+01 |  8:1.1e-02  2:1.1e-01
   91 ,   2276 : 7.5899913783277e+00 +(1e-01,1e+00) | 5.61e+01 |  8:1.1e-02  2:1.1e-01
   92 ,   2301 : 7.5356406203561e+00 +(1e-01,7e-01) | 5.70e+01 |  8:1.2e-02  2:1.1e-01
   93 ,   2326 : 7.5230371268449e+00 +(1e-01,8e-01) | 5.81e+01 |  8:1.2e-02  2:1.1e-01
   94 ,   2351 : 7.5626761766353e+00 +(6e-02,2e-01) | 6.09e+01 |  8:1.1e-02  2:9.9e-02
   95 ,   2376 : 7.5483704837342e+00 +(8e-02,4e-01) | 6.20e+01 |  8:9.5e-03  2:8.4e-02
   96 ,   2401 : 7.5378838685676e+00 +(1e-01,4e-01) | 6.77e+01 |  8:1.0e-02  2:8.9e-02
   97 ,   2426 : 7.5592447681951e+00 +(3e-02,2e-01) | 6.97e+01 |  8:1.1e-02  2:9.9e-02
   98 ,   2451 : 7.5422823523223e+00 +(7e-02,4e-01) | 7.07e+01 |  8:1.2e-02  2:1.1e-01
   99 ,   2476 : 7.5330630880718e+00 +(1e-01,1e+00) | 7.20e+01 |  9:1.5e-02  2:1.3e-01
Iterat, #Fevals:   Function Value    (median,worst) |Axis Ratio|idx:Min SD idx:Max SD
  100 ,   2501 : 7.5385521304896e+00 +(1e-01,2e+00) | 7.22e+01 |  9:1.5e-02  2:1.3e-01
  101 ,   2526 : 7.5116784360484e+00 +(1e-01,6e-01) | 7.20e+01 |  9:1.4e-02  2:1.2e-01
  102 ,   2551 : 7.5148199940328e+00 +(1e-01,9e-01) | 7.29e+01 |  9:1.2e-02  2:1.1e-01
  103 ,   2576 : 7.5351617523798e+00 +(8e-02,4e-01) | 7.45e+01 |  9:1.1e-02  2:9.5e-02
  104 ,   2601 : 7.5450198713168e+00 +(5e-02,6e-01) | 7.49e+01 |  9:1.1e-02  2:9.6e-02
  105 ,   2626 : 7.5361148417105e+00 +(5e-02,7e-01) | 8.07e+01 |  9:1.0e-02  2:9.6e-02
  106 ,   2651 : 7.5228154491094e+00 +(1e-01,4e-01) | 8.12e+01 |  9:8.8e-03  2:8.2e-02
  107 ,   2676 : 7.5150824551234e+00 +(6e-02,2e-01) | 7.93e+01 |  9:8.4e-03  2:7.8e-02
  108 ,   2701 : 7.5170150757852e+00 +(4e-02,4e-01) | 8.22e+01 |  9:7.6e-03  2:7.3e-02
  109 ,   2726 : 7.5191783186861e+00 +(4e-02,2e-01) | 8.37e+01 |  9:7.6e-03  3:7.5e-02
Iterat, #Fevals:   Function Value    (median,worst) |Axis Ratio|idx:Min SD idx:Max SD
  110 ,   2751 : 7.5207216357913e+00 +(4e-02,1e-01) | 8.26e+01 |  9:6.6e-03  3:6.7e-02
  111 ,   2776 : 7.5112275542596e+00 +(4e-02,1e-01) | 8.63e+01 |  9:5.6e-03  3:6.1e-02
  112 ,   2801 : 7.5129179997270e+00 +(3e-02,3e-01) | 8.95e+01 |  9:5.4e-03  3:6.2e-02
  113 ,   2826 : 7.5256615146615e+00 +(3e-02,2e-01) | 9.00e+01 |  9:5.4e-03  3:6.5e-02
  114 ,   2851 : 7.5191645848010e+00 +(4e-02,2e-01) | 9.88e+01 |  9:5.1e-03  3:6.8e-02
  115 ,   2876 : 7.5233710538950e+00 +(3e-02,1e-01) | 1.02e+02 |  9:5.1e-03  3:6.9e-02
  116 ,   2901 : 7.5128199686173e+00 +(4e-02,1e-01) | 1.02e+02 |  9:4.7e-03  3:6.5e-02
  117 ,   2926 : 7.5085622361406e+00 +(3e-02,8e-02) | 1.04e+02 |  9:4.3e-03  3:6.4e-02
  118 ,   2951 : 7.5083087248684e+00 +(3e-02,8e-02) | 1.04e+02 |  9:4.1e-03  3:6.1e-02
  119 ,   2976 : 7.5149137646206e+00 +(3e-02,7e-02) | 1.06e+02 |  9:4.2e-03  3:6.5e-02
Iterat, #Fevals:   Function Value    (median,worst) |Axis Ratio|idx:Min SD idx:Max SD
  120 ,   3001 : 7.5152952167805e+00 +(3e-02,8e-02) | 1.15e+02 |  9:3.9e-03  3:6.6e-02
  121 ,   3026 : 7.5128321381373e+00 +(2e-02,9e-02) | 1.20e+02 |  9:3.7e-03  3:6.8e-02
  122 ,   3051 : 7.5113071913841e+00 +(3e-02,1e-01) | 1.25e+02 |  9:3.5e-03  3:6.8e-02
  123 ,   3076 : 7.5137302278614e+00 +(2e-02,7e-02) | 1.29e+02 |  9:3.3e-03  3:6.7e-02
  124 ,   3101 : 7.5155463747233e+00 +(2e-02,1e-01) | 1.33e+02 |  9:3.3e-03  3:6.9e-02
  125 ,   3126 : 7.5231608826261e+00 +(1e-02,9e-02) | 1.38e+02 |  9:2.9e-03  3:6.5e-02
  126 ,   3151 : 7.5072569426973e+00 +(3e-02,8e-02) | 1.37e+02 |  9:2.9e-03  3:6.5e-02
  127 ,   3176 : 7.5137470923327e+00 +(2e-02,1e-01) | 1.43e+02 |  9:2.5e-03  3:5.9e-02
  128 ,   3201 : 7.5117498684564e+00 +(2e-02,7e-02) | 1.41e+02 |  9:2.3e-03  3:5.4e-02
  129 ,   3226 : 7.5104612820135e+00 +(2e-02,6e-02) | 1.43e+02 |  9:2.1e-03  3:4.8e-02
Iterat, #Fevals:   Function Value    (median,worst) |Axis Ratio|idx:Min SD idx:Max SD
  130 ,   3251 : 7.5182878608446e+00 +(1e-02,3e-02) | 1.42e+02 |  9:1.8e-03  3:4.1e-02
  131 ,   3276 : 7.5138744238655e+00 +(1e-02,4e-02) | 1.42e+02 |  9:1.6e-03  3:3.7e-02
  132 ,   3301 : 7.5224241334453e+00 +(7e-03,4e-02) | 1.43e+02 |  9:1.6e-03  3:3.6e-02
  133 ,   3326 : 7.5149854976998e+00 +(1e-02,4e-02) | 1.46e+02 |  9:1.6e-03  3:3.5e-02
  134 ,   3351 : 7.5131209313945e+00 +(2e-02,6e-02) | 1.49e+02 |  9:1.4e-03  3:3.0e-02
  135 ,   3376 : 7.4977931468403e+00 +(2e-02,4e-02) | 1.58e+02 |  9:1.3e-03  3:2.9e-02
  136 ,   3401 : 7.5053053291353e+00 +(1e-02,3e-02) | 1.61e+02 |  9:1.2e-03  3:2.7e-02
  137 ,   3426 : 7.5069716005278e+00 +(1e-02,4e-02) | 1.64e+02 |  9:1.2e-03  3:2.7e-02
  138 ,   3451 : 7.5104907440810e+00 +(9e-03,4e-02) | 1.72e+02 |  9:1.2e-03  3:2.9e-02
  139 ,   3476 : 7.5038155877781e+00 +(2e-02,3e-02) | 1.74e+02 |  9:1.1e-03  3:2.6e-02
Iterat, #Fevals:   Function Value    (median,worst) |Axis Ratio|idx:Min SD idx:Max SD
  140 ,   3501 : 7.5043656039934e+00 +(2e-02,3e-02) | 1.86e+02 |  9:9.6e-04  3:2.5e-02
  141 ,   3526 : 7.5083407167556e+00 +(1e-02,2e-02) | 1.86e+02 |  9:8.6e-04  3:2.3e-02
  142 ,   3551 : 7.5099106915704e+00 +(1e-02,3e-02) | 1.86e+02 |  9:8.2e-04  3:2.2e-02
  143 ,   3576 : 7.5033736848845e+00 +(2e-02,3e-02) | 1.92e+02 |  9:7.6e-04  3:2.1e-02
  144 ,   3601 : 7.5125733331294e+00 +(1e-02,2e-02) | 1.90e+02 |  9:6.0e-04  3:1.7e-02
  145 ,   3626 : 7.5105204578467e+00 +(1e-02,2e-02) | 1.86e+02 |  9:6.0e-04  3:1.7e-02
  146 ,   3651 : 7.5063006240550e+00 +(1e-02,3e-02) | 1.91e+02 |  9:5.5e-04  3:1.6e-02
  147 ,   3676 : 7.5087310263143e+00 +(1e-02,3e-02) | 1.96e+02 |  9:4.8e-04  3:1.5e-02
  148 ,   3701 : 7.5089850637019e+00 +(1e-02,2e-02) | 2.02e+02 |  9:4.3e-04  3:1.4e-02
  149 ,   3726 : 7.5117365795106e+00 +(1e-02,2e-02) | 2.17e+02 |  9:4.2e-04  3:1.4e-02
Iterat, #Fevals:   Function Value    (median,worst) |Axis Ratio|idx:Min SD idx:Max SD
  150 ,   3751 : 7.5005865067037e+00 +(2e-02,3e-02) | 2.12e+02 |  9:3.8e-04  3:1.3e-02
  151 ,   3776 : 7.5071562069091e+00 +(1e-02,3e-02) | 2.14e+02 |  9:3.6e-04  3:1.1e-02
  152 ,   3801 : 7.5031149726064e+00 +(2e-02,3e-02) | 2.17e+02 |  9:3.4e-04  3:1.1e-02
  153 ,   3826 : 7.5103109342012e+00 +(1e-02,2e-02) | 2.11e+02 |  9:3.4e-04  3:1.1e-02
  154 ,   3851 : 7.5086275699664e+00 +(8e-03,2e-02) | 2.08e+02 |  9:3.3e-04  3:1.0e-02
  155 ,   3876 : 7.5077999505347e+00 +(1e-02,3e-02) | 2.14e+02 |  9:3.1e-04  3:1.0e-02
  156 ,   3901 : 7.5065614738865e+00 +(1e-02,2e-02) | 2.10e+02 |  9:3.1e-04  3:1.0e-02
  157 ,   3926 : 7.5057767884239e+00 +(1e-02,3e-02) | 1.99e+02 |  9:2.9e-04  3:9.4e-03
  158 ,   3951 : 7.5025465294195e+00 +(1e-02,3e-02) | 2.10e+02 |  9:2.4e-04  3:8.3e-03
  159 ,   3976 : 7.5017140615911e+00 +(1e-02,3e-02) | 2.09e+02 |  9:2.2e-04  3:7.6e-03
Iterat, #Fevals:   Function Value    (median,worst) |Axis Ratio|idx:Min SD idx:Max SD
  160 ,   4001 : 7.4945448953410e+00 +(2e-02,4e-02) | 2.05e+02 |  9:2.3e-04  3:7.7e-03
  161 ,   4026 : 7.4978898275686e+00 +(2e-02,3e-02) | 2.03e+02 |  9:2.5e-04  3:8.6e-03
  162 ,   4051 : 7.5076656504001e+00 +(9e-03,2e-02) | 2.18e+02 |  9:2.4e-04  3:8.9e-03
  163 ,   4076 : 7.5029072044125e+00 +(1e-02,3e-02) | 2.12e+02 |  9:2.4e-04  3:8.5e-03
  164 ,   4101 : 7.4978553535635e+00 +(2e-02,3e-02) | 2.17e+02 |  9:2.3e-04  3:7.9e-03
  165 ,   4126 : 7.4987623682647e+00 +(2e-02,3e-02) | 2.14e+02 |  9:2.3e-04  3:8.0e-03
  166 ,   4151 : 7.5041249006019e+00 +(1e-02,2e-02) | 2.12e+02 |  9:2.1e-04  3:7.3e-03
  167 ,   4176 : 7.4984461387192e+00 +(2e-02,3e-02) | 2.11e+02 |  9:2.0e-04  3:7.0e-03
  168 ,   4201 : 7.5015270356348e+00 +(2e-02,3e-02) | 2.21e+02 |  9:1.9e-04  3:7.3e-03
  169 ,   4226 : 7.5031311676571e+00 +(1e-02,2e-02) | 2.29e+02 |  9:2.0e-04  3:7.8e-03
Iterat, #Fevals:   Function Value    (median,worst) |Axis Ratio|idx:Min SD idx:Max SD
  170 ,   4251 : 7.4967687057568e+00 +(2e-02,3e-02) | 2.34e+02 |  9:2.0e-04  3:7.9e-03
  171 ,   4276 : 7.5019369675505e+00 +(1e-02,3e-02) | 2.31e+02 |  9:2.0e-04  3:7.4e-03
  172 ,   4301 : 7.5017326514112e+00 +(2e-02,3e-02) | 2.34e+02 |  9:2.1e-04  3:8.2e-03
  173 ,   4326 : 7.5010183849855e+00 +(2e-02,3e-02) | 2.33e+02 |  9:2.4e-04  3:9.0e-03
  174 ,   4351 : 7.5019457971138e+00 +(2e-02,3e-02) | 2.28e+02 |  9:2.2e-04  3:8.3e-03
  175 ,   4376 : 7.5059151632620e+00 +(1e-02,2e-02) | 2.50e+02 |  9:2.2e-04  3:8.7e-03
  176 ,   4401 : 7.5071361405262e+00 +(1e-02,2e-02) | 2.62e+02 |  9:2.2e-04  3:9.0e-03
  177 ,   4426 : 7.5034086861464e+00 +(2e-02,3e-02) | 2.67e+02 |  9:2.2e-04  3:8.9e-03
  178 ,   4451 : 7.5002237022043e+00 +(2e-02,3e-02) | 2.66e+02 |  9:2.0e-04  3:8.4e-03
  179 ,   4476 : 7.5005648920319e+00 +(2e-02,2e-02) | 2.54e+02 |  9:1.9e-04  3:7.9e-03
Iterat, #Fevals:   Function Value    (median,worst) |Axis Ratio|idx:Min SD idx:Max SD
  180 ,   4501 : 7.4899977964244e+00 +(3e-02,4e-02) | 2.53e+02 |  9:1.6e-04  3:6.9e-03
  181 ,   4526 : 7.4969917474233e+00 +(2e-02,4e-02) | 2.53e+02 |  9:1.4e-04  3:6.1e-03
  182 ,   4551 : 7.5023226969708e+00 +(1e-02,2e-02) | 2.77e+02 |  9:1.7e-04  3:7.4e-03
  183 ,   4576 : 7.5054347287446e+00 +(1e-02,3e-02) | 2.83e+02 |  9:1.5e-04  3:6.8e-03
  184 ,   4601 : 7.4896518598671e+00 +(3e-02,4e-02) | 2.90e+02 |  9:1.4e-04  3:6.7e-03
  185 ,   4626 : 7.4995713028976e+00 +(2e-02,2e-02) | 2.93e+02 |  9:1.4e-04  3:7.2e-03
  186 ,   4651 : 7.5005952527156e+00 +(2e-02,3e-02) | 3.09e+02 |  9:1.6e-04  3:8.5e-03
  187 ,   4676 : 7.5033952790007e+00 +(1e-02,3e-02) | 3.08e+02 |  9:1.5e-04  3:8.3e-03
  188 ,   4701 : 7.5033792854955e+00 +(1e-02,3e-02) | 2.97e+02 |  9:1.5e-04  3:8.1e-03
  189 ,   4726 : 7.5033065837297e+00 +(1e-02,2e-02) | 3.00e+02 |  9:1.6e-04  3:8.7e-03
Iterat, #Fevals:   Function Value    (median,worst) |Axis Ratio|idx:Min SD idx:Max SD
  190 ,   4751 : 7.5093884248479e+00 +(7e-03,2e-02) | 3.06e+02 |  9:1.6e-04  3:8.9e-03
  191 ,   4776 : 7.4990322655429e+00 +(2e-02,3e-02) | 3.00e+02 |  9:1.3e-04  3:7.2e-03
  192 ,   4801 : 7.4995808289956e+00 +(2e-02,3e-02) | 3.16e+02 |  9:1.5e-04  3:8.0e-03
  193 ,   4826 : 7.5003870420062e+00 +(1e-02,2e-02) | 3.17e+02 |  9:1.4e-04  3:7.9e-03
  194 ,   4851 : 7.5003040659630e+00 +(1e-02,3e-02) | 3.23e+02 |  9:1.3e-04  3:7.1e-03
  195 ,   4876 : 7.4965584570347e+00 +(2e-02,3e-02) | 3.19e+02 |  9:1.2e-04  3:6.7e-03
  196 ,   4901 : 7.5032267239300e+00 +(1e-02,2e-02) | 3.20e+02 |  9:1.2e-04  3:6.4e-03
  197 ,   4926 : 7.4987196938000e+00 +(2e-02,3e-02) | 3.17e+02 |  9:1.3e-04  3:7.2e-03
  198 ,   4951 : 7.5012993387917e+00 +(2e-02,2e-02) | 3.16e+02 |  9:1.3e-04  3:7.1e-03
  199 ,   4976 : 7.4992994251222e+00 +(1e-02,3e-02) | 3.26e+02 |  9:1.2e-04  3:6.5e-03
Iterat, #Fevals:   Function Value    (median,worst) |Axis Ratio|idx:Min SD idx:Max SD
  200 ,   5001 : 7.5012007391987e+00 +(1e-02,2e-02) | 3.24e+02 |  9:1.1e-04  3:6.0e-03
  201 ,   5026 : 7.5020246004922e+00 +(1e-02,3e-02) | 3.10e+02 |  9:1.1e-04  3:6.0e-03
  202 ,   5051 : 7.5024645100871e+00 +(1e-02,3e-02) | 2.99e+02 |  9:1.1e-04  3:5.8e-03
  203 ,   5076 : 7.5031239141302e+00 +(1e-02,2e-02) | 3.05e+02 |  9:9.5e-05  3:5.0e-03
  204 ,   5101 : 7.5030418923777e+00 +(1e-02,3e-02) | 3.01e+02 |  9:8.9e-05  3:4.8e-03
  205 ,   5126 : 7.5052642618123e+00 +(8e-03,2e-02) | 3.01e+02 |  9:8.2e-05  3:4.4e-03
  206 ,   5151 : 7.5008842959053e+00 +(1e-02,3e-02) | 3.10e+02 |  9:7.2e-05  3:4.1e-03
  207 ,   5176 : 7.5081399510597e+00 +(1e-02,3e-02) | 3.11e+02 |  9:7.1e-05  3:4.0e-03
  208 ,   5201 : 7.4983285804283e+00 +(2e-02,4e-02) | 3.05e+02 |  9:6.8e-05  3:3.8e-03
  209 ,   5226 : 7.4957193775751e+00 +(2e-02,4e-02) | 3.09e+02 |  9:6.0e-05  3:3.4e-03
Iterat, #Fevals:   Function Value    (median,worst) |Axis Ratio|idx:Min SD idx:Max SD
  210 ,   5251 : 7.4981506925376e+00 +(2e-02,3e-02) | 3.19e+02 |  9:7.0e-05  3:3.7e-03
  211 ,   5276 : 7.5005304581654e+00 +(1e-02,3e-02) | 3.21e+02 |  9:6.4e-05  3:3.4e-03
  212 ,   5301 : 7.4959791616814e+00 +(2e-02,3e-02) | 3.30e+02 |  9:5.7e-05  3:3.1e-03
  213 ,   5326 : 7.4947974524247e+00 +(2e-02,4e-02) | 3.42e+02 |  9:5.8e-05  3:3.2e-03
  214 ,   5351 : 7.5015849308050e+00 +(1e-02,3e-02) | 3.34e+02 |  9:6.0e-05  3:3.2e-03
  215 ,   5376 : 7.5017809410040e+00 +(1e-02,4e-02) | 3.28e+02 |  9:6.3e-05  3:3.4e-03
  216 ,   5401 : 7.5065950419390e+00 +(1e-02,2e-02) | 3.35e+02 |  9:6.2e-05  3:3.2e-03
  217 ,   5426 : 7.5060955659891e+00 +(8e-03,2e-02) | 3.65e+02 |  9:6.1e-05  3:3.4e-03
  218 ,   5451 : 7.5026797508877e+00 +(1e-02,3e-02) | 3.82e+02 |  9:6.4e-05  3:3.7e-03
  219 ,   5476 : 7.5043590916261e+00 +(1e-02,2e-02) | 3.80e+02 |  9:5.8e-05  3:3.3e-03
Iterat, #Fevals:   Function Value    (median,worst) |Axis Ratio|idx:Min SD idx:Max SD
  220 ,   5501 : 7.5038586233379e+00 +(1e-02,3e-02) | 3.79e+02 |  9:5.9e-05  3:3.2e-03
  221 ,   5526 : 7.5003397269385e+00 +(1e-02,3e-02) | 3.83e+02 |  9:5.6e-05  3:3.1e-03
  222 ,   5551 : 7.5046950149285e+00 +(1e-02,2e-02) | 3.90e+02 |  9:4.9e-05  3:2.7e-03
  223 ,   5576 : 7.4936295136880e+00 +(2e-02,3e-02) | 3.71e+02 |  9:4.5e-05  3:2.5e-03
  224 ,   5601 : 7.4980820056693e+00 +(2e-02,3e-02) | 3.76e+02 |  9:4.3e-05  3:2.4e-03
  225 ,   5626 : 7.4953128556152e+00 +(2e-02,4e-02) | 3.88e+02 |  9:4.0e-05  3:2.3e-03
  226 ,   5651 : 7.4920809162055e+00 +(2e-02,4e-02) | 3.83e+02 |  9:3.6e-05  3:2.0e-03
  227 ,   5676 : 7.4897356990175e+00 +(2e-02,4e-02) | 3.64e+02 |  9:3.2e-05  3:1.7e-03
  228 ,   5701 : 7.5021674831614e+00 +(1e-02,2e-02) | 3.61e+02 |  9:3.4e-05  3:1.8e-03
  229 ,   5726 : 7.5015554890772e+00 +(1e-02,2e-02) | 3.60e+02 |  9:3.5e-05  3:1.9e-03
Iterat, #Fevals:   Function Value    (median,worst) |Axis Ratio|idx:Min SD idx:Max SD
  230 ,   5751 : 7.4972239671054e+00 +(2e-02,3e-02) | 3.64e+02 |  9:3.2e-05  3:1.7e-03
  231 ,   5776 : 7.5056138674860e+00 +(1e-02,3e-02) | 3.91e+02 |  9:3.1e-05  3:1.7e-03
  232 ,   5801 : 7.5012129448959e+00 +(1e-02,2e-02) | 3.99e+02 |  9:3.1e-05  3:1.7e-03
  233 ,   5826 : 7.5013323138510e+00 +(2e-02,3e-02) | 4.18e+02 |  9:3.3e-05  3:1.9e-03
  234 ,   5851 : 7.4987607734776e+00 +(2e-02,3e-02) | 4.38e+02 |  9:3.0e-05  3:1.8e-03
  235 ,   5876 : 7.5020068237624e+00 +(1e-02,3e-02) | 4.54e+02 |  9:3.1e-05  3:1.9e-03
  236 ,   5901 : 7.5010427308152e+00 +(1e-02,3e-02) | 4.62e+02 |  9:2.8e-05  3:1.7e-03
  237 ,   5926 : 7.5001223712694e+00 +(2e-02,3e-02) | 4.62e+02 |  9:2.8e-05  3:1.7e-03
  238 ,   5951 : 7.5062332639171e+00 +(1e-02,3e-02) | 4.58e+02 |  9:2.7e-05  3:1.6e-03
  239 ,   5976 : 7.4991708184392e+00 +(2e-02,3e-02) | 4.55e+02 |  9:2.6e-05  3:1.5e-03
Iterat, #Fevals:   Function Value    (median,worst) |Axis Ratio|idx:Min SD idx:Max SD
  240 ,   6001 : 7.5032660134842e+00 +(1e-02,3e-02) | 4.71e+02 |  9:2.4e-05  3:1.4e-03
  241 ,   6026 : 7.5023821373761e+00 +(1e-02,3e-02) | 4.83e+02 |  9:2.2e-05  3:1.3e-03
  242 ,   6051 : 7.5030441168149e+00 +(2e-02,2e-02) | 5.03e+02 |  9:2.2e-05  3:1.4e-03
  243 ,   6076 : 7.5027868223469e+00 +(1e-02,3e-02) | 5.07e+02 |  9:1.9e-05  3:1.2e-03
  244 ,   6101 : 7.5007961988751e+00 +(1e-02,3e-02) | 4.90e+02 |  9:1.9e-05  3:1.2e-03
  245 ,   6126 : 7.5026148669229e+00 +(1e-02,2e-02) | 5.12e+02 |  9:2.0e-05  3:1.3e-03
  246 ,   6151 : 7.5027087883015e+00 +(1e-02,3e-02) | 5.16e+02 |  9:1.8e-05  3:1.1e-03
  247 ,   6176 : 7.5030328008755e+00 +(1e-02,2e-02) | 5.03e+02 |  9:1.8e-05  3:1.1e-03
  248 ,   6201 : 7.4957270367137e+00 +(2e-02,4e-02) | 5.24e+02 |  9:1.6e-05  3:9.5e-04
  249 ,   6226 : 7.4985910985031e+00 +(2e-02,4e-02) | 5.38e+02 |  9:1.7e-05  3:9.7e-04
Iterat, #Fevals:   Function Value    (median,worst) |Axis Ratio|idx:Min SD idx:Max SD
  250 ,   6251 : 7.4977658091418e+00 +(2e-02,3e-02) | 5.52e+02 |  9:1.6e-05  3:9.2e-04
  251 ,   6276 : 7.5011156031147e+00 +(2e-02,3e-02) | 5.55e+02 |  9:1.6e-05  3:9.4e-04
  252 ,   6301 : 7.5018062721682e+00 +(2e-02,3e-02) | 5.36e+02 |  9:1.9e-05  3:1.1e-03
  253 ,   6326 : 7.5058648207400e+00 +(9e-03,2e-02) | 5.42e+02 |  9:2.1e-05  3:1.2e-03
  254 ,   6351 : 7.5008601271262e+00 +(1e-02,3e-02) | 5.87e+02 |  9:2.1e-05  3:1.2e-03
  255 ,   6376 : 7.5012491378355e+00 +(2e-02,3e-02) | 6.17e+02 |  9:2.2e-05  3:1.2e-03
  256 ,   6401 : 7.4990033858405e+00 +(2e-02,3e-02) | 5.84e+02 |  9:2.2e-05  3:1.2e-03
  257 ,   6426 : 7.4978744970126e+00 +(2e-02,3e-02) | 5.85e+02 |  9:2.3e-05  3:1.3e-03
  258 ,   6451 : 7.4995943405934e+00 +(2e-02,3e-02) | 5.43e+02 |  9:2.2e-05  3:1.2e-03
  259 ,   6476 : 7.5033794645049e+00 +(1e-02,2e-02) | 5.37e+02 |  9:2.2e-05  3:1.2e-03
Iterat, #Fevals:   Function Value    (median,worst) |Axis Ratio|idx:Min SD idx:Max SD
  260 ,   6501 : 7.5006925452798e+00 +(2e-02,3e-02) | 5.18e+02 |  9:2.2e-05  3:1.2e-03
  261 ,   6526 : 7.5037399094022e+00 +(1e-02,3e-02) | 5.22e+02 |  9:2.3e-05  3:1.3e-03
  262 ,   6551 : 7.5057752672615e+00 +(9e-03,2e-02) | 5.15e+02 |  9:2.4e-05  3:1.4e-03
  263 ,   6576 : 7.5020907424816e+00 +(1e-02,3e-02) | 4.96e+02 |  9:2.3e-05  3:1.3e-03
  264 ,   6601 : 7.5055633463536e+00 +(9e-03,2e-02) | 5.01e+02 |  9:2.3e-05  3:1.3e-03
  265 ,   6626 : 7.5011737285149e+00 +(1e-02,2e-02) | 5.13e+02 |  9:2.3e-05  3:1.3e-03
  266 ,   6651 : 7.5026502536329e+00 +(1e-02,3e-02) | 5.27e+02 |  9:2.6e-05  3:1.4e-03
  267 ,   6676 : 7.5019928416987e+00 +(1e-02,2e-02) | 5.27e+02 |  9:2.3e-05  3:1.3e-03
  268 ,   6701 : 7.5004617582065e+00 +(2e-02,3e-02) | 5.37e+02 |  9:2.3e-05  3:1.3e-03
  269 ,   6726 : 7.5037325578583e+00 +(1e-02,2e-02) | 5.71e+02 |  9:2.9e-05  3:1.6e-03
Iterat, #Fevals:   Function Value    (median,worst) |Axis Ratio|idx:Min SD idx:Max SD
  270 ,   6751 : 7.5032886590276e+00 +(1e-02,2e-02) | 6.16e+02 |  9:3.3e-05  3:1.9e-03
  271 ,   6776 : 7.5014797111906e+00 +(1e-02,3e-02) | 6.42e+02 |  9:3.8e-05  3:2.1e-03
  272 ,   6801 : 7.5049477799578e+00 +(9e-03,2e-02) | 6.52e+02 |  9:3.9e-05  3:2.2e-03
  273 ,   6826 : 7.5057338785839e+00 +(9e-03,3e-02) | 6.25e+02 |  9:4.0e-05  3:2.2e-03
  274 ,   6851 : 7.5005761719331e+00 +(1e-02,3e-02) | 6.28e+02 |  9:3.7e-05  3:2.1e-03
  275 ,   6876 : 7.4966920702264e+00 +(2e-02,3e-02) | 6.57e+02 |  9:3.2e-05  3:1.8e-03
  276 ,   6901 : 7.5070951917074e+00 +(8e-03,2e-02) | 6.34e+02 |  9:3.3e-05  3:1.8e-03
  277 ,   6926 : 7.5015225744235e+00 +(9e-03,2e-02) | 6.02e+02 |  9:3.0e-05  3:1.7e-03
  278 ,   6951 : 7.5044066045940e+00 +(1e-02,2e-02) | 6.35e+02 |  9:3.1e-05  3:1.7e-03
  279 ,   6976 : 7.5045966681332e+00 +(1e-02,3e-02) | 6.19e+02 |  9:3.5e-05  3:1.9e-03
Iterat, #Fevals:   Function Value    (median,worst) |Axis Ratio|idx:Min SD idx:Max SD
  280 ,   7001 : 7.5026545603067e+00 +(1e-02,2e-02) | 6.30e+02 |  9:3.2e-05  3:1.8e-03
  281 ,   7026 : 7.5018737945955e+00 +(1e-02,3e-02) | 6.03e+02 |  9:3.4e-05  3:1.9e-03
  282 ,   7051 : 7.5018498261011e+00 +(1e-02,3e-02) | 6.45e+02 |  9:4.1e-05  3:2.4e-03
  283 ,   7076 : 7.4993622590991e+00 +(2e-02,3e-02) | 6.56e+02 |  9:3.7e-05  3:2.2e-03
  284 ,   7101 : 7.4971406032459e+00 +(2e-02,3e-02) | 6.40e+02 |  9:3.5e-05  3:2.1e-03
  285 ,   7126 : 7.5035384676495e+00 +(1e-02,3e-02) | 6.47e+02 |  9:3.0e-05  3:1.8e-03
  286 ,   7151 : 7.5055166312431e+00 +(1e-02,3e-02) | 6.63e+02 |  9:3.2e-05  3:1.9e-03
  287 ,   7176 : 7.5064682654632e+00 +(7e-03,2e-02) | 6.79e+02 |  9:2.7e-05  3:1.6e-03
  288 ,   7201 : 7.5019271336856e+00 +(2e-02,3e-02) | 6.78e+02 |  9:2.6e-05  3:1.5e-03
  289 ,   7226 : 7.5041241736085e+00 +(1e-02,3e-02) | 6.43e+02 |  9:2.6e-05  3:1.5e-03
Iterat, #Fevals:   Function Value    (median,worst) |Axis Ratio|idx:Min SD idx:Max SD
  290 ,   7251 : 7.5042285749689e+00 +(1e-02,2e-02) | 6.61e+02 |  9:2.7e-05  3:1.6e-03
  291 ,   7276 : 7.5007415985645e+00 +(2e-02,4e-02) | 7.33e+02 |  9:2.8e-05  3:1.7e-03
  292 ,   7301 : 7.5040338169755e+00 +(1e-02,3e-02) | 7.23e+02 |  9:3.0e-05  3:1.8e-03
  293 ,   7326 : 7.5024633043998e+00 +(1e-02,2e-02) | 7.46e+02 |  9:2.9e-05  3:1.8e-03
  294 ,   7351 : 7.5034409878319e+00 +(1e-02,2e-02) | 7.56e+02 |  9:2.9e-05  3:1.9e-03
  295 ,   7376 : 7.5018109731781e+00 +(1e-02,3e-02) | 7.74e+02 |  9:2.9e-05  3:1.9e-03
  296 ,   7401 : 7.4987579328593e+00 +(2e-02,3e-02) | 8.41e+02 |  9:3.2e-05  3:2.2e-03
  297 ,   7426 : 7.5041344646869e+00 +(1e-02,2e-02) | 8.38e+02 |  9:3.3e-05  3:2.2e-03
  298 ,   7451 : 7.4926761971128e+00 +(3e-02,3e-02) | 8.44e+02 |  9:3.2e-05  3:2.1e-03
  299 ,   7476 : 7.5041857967427e+00 +(1e-02,2e-02) | 8.62e+02 |  9:3.3e-05  3:2.1e-03
Iterat, #Fevals:   Function Value    (median,worst) |Axis Ratio|idx:Min SD idx:Max SD
  300 ,   7501 : 7.4994525652213e+00 +(2e-02,3e-02) | 8.61e+02 |  9:2.7e-05  3:1.8e-03
  301 ,   7526 : 7.5060605955021e+00 +(1e-02,2e-02) | 8.55e+02 |  9:2.8e-05  3:1.8e-03
  302 ,   7551 : 7.5064222374063e+00 +(8e-03,2e-02) | 8.06e+02 |  9:2.7e-05  3:1.8e-03
  303 ,   7576 : 7.5007937555458e+00 +(2e-02,3e-02) | 8.04e+02 |  9:2.4e-05  3:1.6e-03
  304 ,   7601 : 7.5041937558942e+00 +(1e-02,3e-02) | 7.76e+02 |  9:2.5e-05  3:1.6e-03
  305 ,   7626 : 7.5030256014490e+00 +(1e-02,2e-02) | 7.84e+02 |  9:2.6e-05  3:1.7e-03
  306 ,   7651 : 7.5013235489387e+00 +(1e-02,2e-02) | 7.90e+02 |  9:3.0e-05  3:1.9e-03
  307 ,   7676 : 7.5069352304111e+00 +(1e-02,2e-02) | 8.59e+02 |  9:3.3e-05  3:2.2e-03
  308 ,   7701 : 7.5040890628035e+00 +(7e-03,2e-02) | 8.54e+02 |  9:3.3e-05  3:2.2e-03
  309 ,   7726 : 7.4983257196798e+00 +(2e-02,2e-02) | 8.56e+02 |  9:3.4e-05  3:2.3e-03
Iterat, #Fevals:   Function Value    (median,worst) |Axis Ratio|idx:Min SD idx:Max SD
  310 ,   7751 : 7.4946673953765e+00 +(2e-02,3e-02) | 8.59e+02 |  9:3.9e-05  3:2.6e-03
  311 ,   7776 : 7.5038368844375e+00 +(1e-02,3e-02) | 9.09e+02 |  9:4.6e-05  3:3.0e-03
  312 ,   7801 : 7.5009345904448e+00 +(1e-02,3e-02) | 9.29e+02 |  9:3.8e-05  3:2.4e-03
  313 ,   7826 : 7.5018828595415e+00 +(1e-02,2e-02) | 9.10e+02 |  9:3.4e-05  3:2.1e-03
  314 ,   7851 : 7.4994734405051e+00 +(2e-02,3e-02) | 9.05e+02 |  9:3.1e-05  3:2.0e-03
  315 ,   7876 : 7.5024782911645e+00 +(1e-02,3e-02) | 8.96e+02 |  9:2.9e-05  3:1.9e-03
  316 ,   7901 : 7.5037957127696e+00 +(1e-02,3e-02) | 9.27e+02 |  9:2.8e-05  3:1.9e-03
  317 ,   7926 : 7.5025483869940e+00 +(2e-02,3e-02) | 9.18e+02 |  9:3.0e-05  3:2.0e-03
  318 ,   7951 : 7.4980531854358e+00 +(2e-02,3e-02) | 9.00e+02 |  9:3.2e-05  3:2.1e-03
  319 ,   7976 : 7.5008391854612e+00 +(1e-02,3e-02) | 8.94e+02 |  9:2.9e-05  3:1.9e-03
Iterat, #Fevals:   Function Value    (median,worst) |Axis Ratio|idx:Min SD idx:Max SD
  320 ,   8001 : 7.4984464931890e+00 +(2e-02,4e-02) | 8.83e+02 |  9:3.1e-05  3:2.0e-03
  321 ,   8026 : 7.5005301559644e+00 +(1e-02,4e-02) | 8.47e+02 |  9:2.9e-05  3:1.9e-03
  322 ,   8051 : 7.5027021958659e+00 +(1e-02,2e-02) | 8.28e+02 |  9:3.0e-05  3:1.9e-03
  323 ,   8076 : 7.5019526722908e+00 +(1e-02,3e-02) | 8.52e+02 |  9:3.1e-05  3:2.0e-03
  324 ,   8101 : 7.5020074841098e+00 +(1e-02,3e-02) | 7.92e+02 |  9:3.0e-05  3:2.0e-03
  325 ,   8126 : 7.5068643332923e+00 +(1e-02,2e-02) | 7.96e+02 |  9:3.2e-05  3:2.1e-03
  326 ,   8151 : 7.5010039050326e+00 +(2e-02,3e-02) | 7.93e+02 |  9:3.3e-05  3:2.1e-03
  327 ,   8176 : 7.4948238134465e+00 +(2e-02,3e-02) | 8.20e+02 |  9:3.0e-05  3:2.0e-03
  328 ,   8201 : 7.5023991221780e+00 +(1e-02,2e-02) | 8.40e+02 |  9:2.8e-05  3:1.9e-03
  329 ,   8226 : 7.5056081996164e+00 +(1e-02,2e-02) | 8.57e+02 |  9:3.1e-05  3:2.0e-03
#Fevals:   f(returned x)   |    bestever.f     | stopflag (saved to variablescmaes13_9_94.mat)
   8227: 7.50560819962e+00 | 7.48965185987e+00 | stagnation
mean solution: +3.2e-01 +2.2e+00 +3.3e+00 +1.5e+00 +2.8e+00 +8.4e-01 +2.3e+00 +2.5e-01 +1.2e+00
std deviation:  1.3e-04  6.8e-04  2.0e-03  8.2e-04  9.2e-04  3.4e-04  3.2e-04  1.2e-04  3.1e-05
use plotcmaesdat.m for plotting the output at any time (option LogModulo must not be zero)
