
                            < M A T L A B (R) >
                  Copyright 1984-2015 The MathWorks, Inc.
                   R2015a (8.5.0.197613) 64-bit (glnxa64)
                             February 12, 2015

 
For online documentation, see http://www.mathworks.com/support
For product information, visit www.mathworks.com.
 

	Academic License


seed =

                 33.383875


Initialtheta =

          24851.0878927602
          4499754.76053253
          41094080.8887133
          2603.73660917811
          8704.08648778115
          185.854887234743
       0.00196340984607216
          9.53252498983397
          776.315563311727

  n=9: (12,25)-CMA-ES(w=[24 17 14... 1.5 0.74]%, ]%, mu_eff=7.3) on function Error
Iterat, #Fevals:   Function Value    (median,worst) |Axis Ratio|idx:Min SD idx:Max SD
    1 ,     26 : 1.6280231160268e+02 +(2e+00,2e+11) | 2.71e+01 |  9:2.6e-01  7:7.1e+00
    2 ,     51 : 1.5978452214282e+02 +(3e+07,9e+10) | 2.58e+01 |  9:2.5e-01  7:6.4e+00
    3 ,     76 : 1.5911565517244e+02 +(6e+00,3e+10) | 2.62e+01 |  9:2.4e-01  7:6.2e+00
    4 ,    101 : 1.6366488679825e+02 +(1e+00,1e+11) | 2.61e+01 |  9:2.3e-01  7:5.9e+00
    5 ,    126 : 1.2662206950482e+02 +(4e+01,3e+10) | 2.58e+01 |  9:2.1e-01  7:5.4e+00
    6 ,    151 : 1.6421427772455e+02 +(8e-01,7e+08) | 2.56e+01 |  9:1.9e-01  7:4.7e+00
    7 ,    176 : 1.6435966367790e+02 +(7e-01,1e+10) | 2.44e+01 |  9:1.8e-01  7:4.3e+00
    8 ,    201 : 1.6492444179586e+02 +(1e-01,3e+07) | 2.46e+01 |  9:1.7e-01  7:4.0e+00
    9 ,    226 : 1.6410425682268e+02 +(9e-01,6e+08) | 2.56e+01 |  9:1.5e-01  7:3.7e+00
Iterat, #Fevals:   Function Value    (median,worst) |Axis Ratio|idx:Min SD idx:Max SD
   10 ,    251 : 1.6445460611637e+02 +(6e-01,6e+08) | 2.57e+01 |  9:1.4e-01  7:3.6e+00
   11 ,    276 : 1.6487359654519e+02 +(2e-01,9e+07) | 2.62e+01 |  9:1.4e-01  7:3.7e+00
   12 ,    301 : 1.6460071100494e+02 +(4e-01,8e+07) | 2.65e+01 |  9:1.4e-01  7:3.6e+00
   13 ,    326 : 1.6470632172764e+02 +(5e+04,4e+08) | 2.69e+01 |  9:1.3e-01  7:3.2e+00
   14 ,    351 : 1.5719402565343e+02 +(8e+00,3e+09) | 2.72e+01 |  9:1.1e-01  7:2.8e+00
   15 ,    376 : 1.6496804277862e+02 +(7e-02,9e+06) | 2.61e+01 |  9:9.8e-02  7:2.4e+00
   16 ,    401 : 1.3738011244335e+02 +(3e+01,9e+05) | 2.62e+01 |  9:9.0e-02  7:2.3e+00
   17 ,    426 : 1.4861601936800e+02 +(2e+01,6e+06) | 2.61e+01 |  9:8.7e-02  7:2.1e+00
   18 ,    451 : 3.9997239177848e+01 +(1e+02,4e+07) | 2.69e+01 |  9:8.7e-02  7:2.2e+00
   19 ,    476 : 1.2210274600380e+01 +(2e+02,7e+05) | 2.78e+01 |  9:8.0e-02  7:2.0e+00
Iterat, #Fevals:   Function Value    (median,worst) |Axis Ratio|idx:Min SD idx:Max SD
   20 ,    501 : 7.7358174296184e+01 +(5e+04,3e+06) | 2.75e+01 |  9:7.1e-02  7:1.8e+00
   21 ,    526 : 1.6050675983595e+02 +(5e+00,2e+06) | 2.95e+01 |  9:6.6e-02  7:1.8e+00
   22 ,    551 : 3.0961806992357e+01 +(2e+04,4e+06) | 2.99e+01 |  9:6.5e-02  7:1.8e+00
   23 ,    576 : 1.1328722573093e+01 +(2e+02,2e+06) | 2.99e+01 |  9:6.5e-02  7:1.7e+00
   24 ,    601 : 1.1586751484308e+01 +(2e+02,5e+05) | 2.96e+01 |  9:6.0e-02  7:1.6e+00
   25 ,    626 : 1.4019272213644e+01 +(2e+02,7e+05) | 3.10e+01 |  9:6.2e-02  7:1.7e+00
   26 ,    651 : 8.3922554790913e+01 +(8e+01,3e+05) | 3.11e+01 |  9:5.9e-02  7:1.6e+00
   27 ,    676 : 1.1777462369312e+01 +(2e+02,2e+05) | 3.08e+01 |  9:5.5e-02  7:1.5e+00
   28 ,    701 : 3.7252940455957e+01 +(1e+02,6e+04) | 3.16e+01 |  9:4.7e-02  7:1.3e+00
   29 ,    726 : 9.1585177695789e+01 +(7e+01,4e+05) | 3.22e+01 |  9:4.5e-02  7:1.3e+00
Iterat, #Fevals:   Function Value    (median,worst) |Axis Ratio|idx:Min SD idx:Max SD
   30 ,    751 : 1.1357567536332e+01 +(2e+02,4e+04) | 3.26e+01 |  9:4.1e-02  7:1.1e+00
   31 ,    776 : 4.7052646919939e+01 +(1e+02,2e+04) | 3.31e+01 |  9:4.2e-02  7:1.2e+00
   32 ,    801 : 1.1739918299605e+01 +(2e+02,2e+04) | 3.41e+01 |  9:4.5e-02  7:1.3e+00
   33 ,    826 : 2.3397668308506e+01 +(1e+02,9e+04) | 3.44e+01 |  9:4.8e-02  7:1.4e+00
   34 ,    851 : 1.6130387353232e+01 +(1e+02,4e+04) | 3.28e+01 |  9:5.2e-02  7:1.4e+00
   35 ,    876 : 1.1336121877781e+01 +(2e+02,3e+04) | 3.11e+01 |  9:5.3e-02  7:1.4e+00
   36 ,    901 : 3.8549500106547e+01 +(1e+02,3e+04) | 3.10e+01 |  9:6.3e-02  7:1.6e+00
   37 ,    926 : 6.3539583967888e+01 +(1e+02,5e+04) | 3.09e+01 |  9:6.0e-02  7:1.5e+00
   38 ,    951 : 1.0274973145632e+01 +(2e+02,1e+05) | 3.06e+01 |  9:5.7e-02  7:1.4e+00
   39 ,    976 : 1.0909268952837e+01 +(2e+02,8e+03) | 3.14e+01 |  9:5.5e-02  7:1.4e+00
Iterat, #Fevals:   Function Value    (median,worst) |Axis Ratio|idx:Min SD idx:Max SD
   40 ,   1001 : 1.0495597899007e+01 +(2e+02,3e+04) | 3.14e+01 |  9:5.1e-02  7:1.3e+00
   41 ,   1026 : 1.4589778296981e+01 +(2e+02,4e+04) | 3.24e+01 |  9:4.5e-02  7:1.2e+00
   42 ,   1051 : 1.2647224271350e+01 +(1e+02,7e+03) | 3.24e+01 |  9:4.0e-02  7:1.1e+00
   43 ,   1076 : 1.0145698039468e+01 +(1e+02,4e+03) | 3.32e+01 |  9:4.3e-02  7:1.2e+00
   44 ,   1101 : 1.1613554350633e+01 +(1e+02,3e+03) | 3.49e+01 |  9:4.1e-02  7:1.2e+00
   45 ,   1126 : 1.9245601161562e+01 +(1e+02,3e+03) | 3.49e+01 |  9:4.0e-02  7:1.2e+00
   46 ,   1151 : 1.0933452367096e+01 +(1e+02,2e+04) | 3.54e+01 |  9:4.0e-02  7:1.2e+00
   47 ,   1176 : 1.0774413800609e+01 +(1e+02,4e+03) | 3.56e+01 |  9:4.3e-02  7:1.3e+00
   48 ,   1201 : 1.1185032559153e+01 +(1e+02,3e+03) | 3.57e+01 |  9:3.9e-02  7:1.2e+00
   49 ,   1226 : 1.0067856972184e+01 +(1e+02,2e+03) | 3.68e+01 |  9:3.7e-02  7:1.1e+00
Iterat, #Fevals:   Function Value    (median,worst) |Axis Ratio|idx:Min SD idx:Max SD
   50 ,   1251 : 1.0111227635079e+01 +(1e+02,1e+03) | 3.86e+01 |  9:3.6e-02  7:1.1e+00
   51 ,   1276 : 1.0526468895384e+01 +(8e+01,9e+02) | 3.83e+01 |  9:3.2e-02  7:9.6e-01
   52 ,   1301 : 1.0736587718361e+01 +(7e+01,2e+03) | 3.85e+01 |  9:3.0e-02  7:8.7e-01
   53 ,   1326 : 1.9218059007601e+01 +(1e+02,2e+03) | 3.93e+01 |  9:2.6e-02  7:7.7e-01
   54 ,   1351 : 1.1051208606797e+01 +(3e+01,4e+02) | 3.91e+01 |  9:2.6e-02  7:7.5e-01
   55 ,   1376 : 1.1465205739675e+01 +(6e+01,9e+02) | 4.05e+01 |  9:2.5e-02  7:7.1e-01
   56 ,   1401 : 1.0675245326620e+01 +(5e+01,4e+02) | 4.28e+01 |  9:2.6e-02  7:7.3e-01
   57 ,   1426 : 1.0293269640946e+01 +(3e+01,3e+02) | 4.35e+01 |  9:2.6e-02  7:7.1e-01
   58 ,   1451 : 1.1810637256360e+01 +(3e+01,3e+02) | 4.50e+01 |  9:2.6e-02  7:7.3e-01
   59 ,   1476 : 1.1514604415706e+01 +(5e+01,3e+02) | 4.82e+01 |  4:2.7e-02  7:7.9e-01
Iterat, #Fevals:   Function Value    (median,worst) |Axis Ratio|idx:Min SD idx:Max SD
   60 ,   1501 : 1.0584721416514e+01 +(5e+01,4e+02) | 4.87e+01 |  4:2.7e-02  7:8.0e-01
   61 ,   1526 : 1.1197476297682e+01 +(6e+01,7e+02) | 5.14e+01 |  4:2.8e-02  7:8.4e-01
   62 ,   1551 : 1.0688461416404e+01 +(3e+01,4e+02) | 5.52e+01 |  4:3.0e-02  7:9.5e-01
   63 ,   1576 : 1.1277850941942e+01 +(5e+01,7e+02) | 5.65e+01 |  4:2.7e-02  7:8.7e-01
   64 ,   1601 : 1.1154510755561e+01 +(4e+01,1e+02) | 6.03e+01 |  4:2.7e-02  7:8.8e-01
   65 ,   1626 : 1.0503022876100e+01 +(3e+01,1e+02) | 6.43e+01 |  4:2.6e-02  7:9.1e-01
   66 ,   1651 : 1.0116024051443e+01 +(1e+01,2e+02) | 6.92e+01 |  4:2.6e-02  7:9.3e-01
   67 ,   1676 : 1.1580549833361e+01 +(2e+01,9e+01) | 7.31e+01 |  4:2.4e-02  7:8.7e-01
   68 ,   1701 : 1.0127072620938e+01 +(1e+01,1e+02) | 7.81e+01 |  4:2.4e-02  7:9.1e-01
   69 ,   1726 : 1.0229347357992e+01 +(1e+01,9e+01) | 8.19e+01 |  4:2.1e-02  7:8.4e-01
Iterat, #Fevals:   Function Value    (median,worst) |Axis Ratio|idx:Min SD idx:Max SD
   70 ,   1751 : 1.0030094405693e+01 +(8e+00,9e+01) | 8.46e+01 |  4:2.0e-02  7:7.8e-01
   71 ,   1776 : 9.8852089677905e+00 +(7e+00,8e+01) | 9.26e+01 |  4:1.8e-02  7:7.9e-01
   72 ,   1801 : 9.7327134982321e+00 +(5e+00,4e+01) | 9.42e+01 |  4:1.7e-02  7:7.1e-01
   73 ,   1826 : 9.6780292200689e+00 +(4e+00,1e+02) | 9.74e+01 |  4:1.6e-02  7:6.6e-01
   74 ,   1851 : 9.6401888832003e+00 +(6e+00,6e+01) | 1.10e+02 |  4:1.6e-02  7:7.3e-01
   75 ,   1876 : 9.5850628180973e+00 +(3e+00,3e+01) | 1.20e+02 |  4:1.7e-02  7:7.7e-01
   76 ,   1901 : 9.5565735186956e+00 +(3e+00,3e+01) | 1.32e+02 |  4:1.8e-02  7:8.6e-01
   77 ,   1926 : 9.7068716579260e+00 +(4e+00,7e+01) | 1.38e+02 |  4:1.7e-02  7:8.7e-01
   78 ,   1951 : 9.5060586493153e+00 +(4e+00,7e+01) | 1.44e+02 |  4:1.8e-02  7:9.1e-01
   79 ,   1976 : 1.0117728035683e+01 +(6e+00,1e+02) | 1.44e+02 |  4:1.8e-02  7:8.7e-01
Iterat, #Fevals:   Function Value    (median,worst) |Axis Ratio|idx:Min SD idx:Max SD
   80 ,   2001 : 9.7775341205163e+00 +(6e+00,4e+01) | 1.44e+02 |  4:1.7e-02  7:8.3e-01
   81 ,   2026 : 9.4764379144768e+00 +(3e+00,5e+01) | 1.48e+02 |  4:1.4e-02  7:6.7e-01
   82 ,   2051 : 9.5398939999900e+00 +(3e+00,3e+01) | 1.54e+02 |  4:1.3e-02  7:6.2e-01
   83 ,   2076 : 9.4581083613626e+00 +(3e+00,1e+01) | 1.61e+02 |  4:1.3e-02  7:6.6e-01
   84 ,   2101 : 9.3740605484151e+00 +(2e+00,1e+01) | 1.65e+02 |  4:1.5e-02  7:7.9e-01
   85 ,   2126 : 9.4049219609801e+00 +(2e+00,2e+01) | 1.69e+02 |  4:1.7e-02  7:9.1e-01
   86 ,   2151 : 9.2640611488827e+00 +(3e+00,4e+01) | 1.85e+02 |  4:1.8e-02  7:1.0e+00
   87 ,   2176 : 9.1083463202323e+00 +(4e+00,3e+01) | 2.15e+02 |  4:2.1e-02  7:1.3e+00
   88 ,   2201 : 9.4496347077448e+00 +(3e+00,6e+01) | 2.28e+02 |  4:2.0e-02  7:1.3e+00
   89 ,   2226 : 9.1148804265296e+00 +(2e+00,3e+01) | 2.34e+02 |  4:1.9e-02  7:1.3e+00
Iterat, #Fevals:   Function Value    (median,worst) |Axis Ratio|idx:Min SD idx:Max SD
   90 ,   2251 : 9.2124091474391e+00 +(2e+00,3e+01) | 2.47e+02 |  4:2.1e-02  7:1.5e+00
   91 ,   2276 : 9.3158010048765e+00 +(2e+00,1e+01) | 2.51e+02 |  4:2.1e-02  7:1.4e+00
   92 ,   2301 : 9.1715492825203e+00 +(2e+00,2e+01) | 2.71e+02 |  4:1.9e-02  7:1.4e+00
   93 ,   2326 : 9.3480345139458e+00 +(2e+00,4e+01) | 2.83e+02 |  4:1.7e-02  7:1.3e+00
   94 ,   2351 : 9.0616040307879e+00 +(1e+00,1e+01) | 2.83e+02 |  4:1.6e-02  7:1.2e+00
   95 ,   2376 : 9.1037969243781e+00 +(1e+00,1e+01) | 2.86e+02 |  4:1.4e-02  7:1.1e+00
   96 ,   2401 : 9.0729490219190e+00 +(1e+00,7e+00) | 2.94e+02 |  4:1.3e-02  7:9.4e-01
   97 ,   2426 : 9.0845591232090e+00 +(6e-01,3e+00) | 3.03e+02 |  4:1.2e-02  7:8.5e-01
   98 ,   2451 : 9.0624531322177e+00 +(6e-01,4e+00) | 3.14e+02 |  4:1.2e-02  7:8.6e-01
   99 ,   2476 : 8.9479590590395e+00 +(9e-01,6e+00) | 3.22e+02 |  4:1.1e-02  7:8.1e-01
Iterat, #Fevals:   Function Value    (median,worst) |Axis Ratio|idx:Min SD idx:Max SD
  100 ,   2501 : 9.0233980099358e+00 +(3e-01,9e+00) | 3.45e+02 |  4:1.2e-02  7:9.0e-01
  101 ,   2526 : 8.9924051024958e+00 +(9e-01,5e+00) | 3.66e+02 |  4:1.1e-02  7:8.5e-01
  102 ,   2551 : 8.9627212702319e+00 +(5e-01,2e+00) | 3.94e+02 |  4:1.2e-02  7:9.0e-01
  103 ,   2576 : 8.9138762203720e+00 +(4e-01,2e+00) | 4.15e+02 |  4:1.1e-02  7:9.1e-01
  104 ,   2601 : 8.8517557078669e+00 +(3e-01,4e+00) | 4.20e+02 |  4:1.1e-02  7:9.5e-01
  105 ,   2626 : 8.7645942090214e+00 +(3e-01,2e+00) | 4.27e+02 |  4:1.3e-02  7:1.1e+00
  106 ,   2651 : 8.8226830984377e+00 +(1e+00,7e+00) | 4.53e+02 |  4:1.3e-02  7:1.1e+00
  107 ,   2676 : 8.6815424364632e+00 +(3e-01,3e+00) | 4.97e+02 |  4:1.4e-02  7:1.3e+00
  108 ,   2701 : 8.5196458113031e+00 +(9e-01,1e+01) | 5.36e+02 |  4:1.5e-02  7:1.5e+00
  109 ,   2726 : 8.0954867558214e+00 +(1e+00,4e+00) | 5.47e+02 |  4:2.2e-02  7:2.1e+00
Iterat, #Fevals:   Function Value    (median,worst) |Axis Ratio|idx:Min SD idx:Max SD
  110 ,   2751 : 7.9874474529611e+00 +(2e+00,3e+01) | 5.67e+02 |  4:2.8e-02  7:2.8e+00
  111 ,   2776 : 7.7958217461288e+00 +(2e+00,5e+01) | 5.68e+02 |  4:2.4e-02  7:2.3e+00
  112 ,   2801 : 8.0909003794582e+00 +(1e+00,4e+01) | 5.75e+02 |  4:2.1e-02  7:2.0e+00
  113 ,   2826 : 8.0288954840739e+00 +(1e+00,1e+01) | 6.09e+02 |  4:2.0e-02  7:2.0e+00
  114 ,   2851 : 8.0301773052280e+00 +(2e+00,2e+01) | 6.37e+02 |  4:1.9e-02  7:2.0e+00
  115 ,   2876 : 7.8721063090736e+00 +(6e-01,8e+00) | 6.47e+02 |  4:2.0e-02  7:2.0e+00
  116 ,   2901 : 7.6162247240922e+00 +(1e+00,1e+01) | 6.54e+02 |  4:2.2e-02  7:2.2e+00
  117 ,   2926 : 7.8633779445099e+00 +(2e+00,3e+01) | 6.69e+02 |  4:2.3e-02  7:2.3e+00
  118 ,   2951 : 7.9698780489370e+00 +(9e-01,2e+01) | 6.88e+02 |  4:2.1e-02  7:2.2e+00
  119 ,   2976 : 7.5556572204069e+00 +(2e+00,5e+01) | 7.00e+02 |  4:1.9e-02  7:2.0e+00
Iterat, #Fevals:   Function Value    (median,worst) |Axis Ratio|idx:Min SD idx:Max SD
  120 ,   3001 : 7.4986048741407e+00 +(8e-01,2e+01) | 6.94e+02 |  4:1.7e-02  7:1.8e+00
  121 ,   3026 : 7.4658111395999e+00 +(8e-01,2e+01) | 7.03e+02 |  4:1.9e-02  7:2.0e+00
  122 ,   3051 : 7.7802787332015e+00 +(7e-01,7e+00) | 6.93e+02 |  4:1.6e-02  7:1.7e+00
  123 ,   3076 : 7.6222963630905e+00 +(7e-01,9e+00) | 6.98e+02 |  4:1.6e-02  7:1.6e+00
  124 ,   3101 : 7.5875939870731e+00 +(4e-01,8e+00) | 6.83e+02 |  4:1.6e-02  7:1.7e+00
  125 ,   3126 : 7.5863621059543e+00 +(5e-01,9e+00) | 6.78e+02 |  4:1.6e-02  7:1.6e+00
  126 ,   3151 : 7.4449342695206e+00 +(5e-01,1e+01) | 6.90e+02 |  4:1.6e-02  7:1.6e+00
  127 ,   3176 : 7.4885100790078e+00 +(9e-01,4e+00) | 6.89e+02 |  4:1.6e-02  7:1.6e+00
  128 ,   3201 : 7.4526961188930e+00 +(8e-01,3e+01) | 6.78e+02 |  4:1.5e-02  7:1.5e+00
  129 ,   3226 : 7.5288836285264e+00 +(5e-01,1e+01) | 6.75e+02 |  4:1.5e-02  7:1.5e+00
Iterat, #Fevals:   Function Value    (median,worst) |Axis Ratio|idx:Min SD idx:Max SD
  130 ,   3251 : 7.4627439570242e+00 +(7e-01,7e+00) | 6.68e+02 |  4:1.4e-02  7:1.4e+00
  131 ,   3276 : 7.5188542298282e+00 +(4e-01,3e+00) | 6.73e+02 |  4:1.3e-02  7:1.3e+00
  132 ,   3301 : 7.5687359484900e+00 +(3e-01,1e+00) | 6.67e+02 |  4:1.2e-02  7:1.2e+00
  133 ,   3326 : 7.5368853061415e+00 +(2e-01,1e+00) | 6.99e+02 |  4:1.0e-02  7:1.1e+00
  134 ,   3351 : 7.4601864972135e+00 +(2e-01,8e-01) | 7.06e+02 |  4:9.4e-03  7:9.7e-01
  135 ,   3376 : 7.4663528758139e+00 +(3e-01,2e+00) | 7.20e+02 |  4:8.1e-03  7:8.4e-01
  136 ,   3401 : 7.4675705855167e+00 +(2e-01,9e-01) | 7.36e+02 |  4:8.0e-03  7:8.4e-01
  137 ,   3426 : 7.4861262007053e+00 +(1e-01,5e-01) | 7.72e+02 |  4:8.3e-03  7:9.0e-01
  138 ,   3451 : 7.4754122210411e+00 +(1e-01,1e+00) | 7.86e+02 |  4:8.0e-03  7:8.6e-01
  139 ,   3476 : 7.4642284801469e+00 +(1e-01,1e+00) | 8.05e+02 |  4:7.3e-03  7:7.9e-01
Iterat, #Fevals:   Function Value    (median,worst) |Axis Ratio|idx:Min SD idx:Max SD
  140 ,   3501 : 7.4714598987778e+00 +(1e-01,7e-01) | 8.24e+02 |  4:7.7e-03  7:8.6e-01
  141 ,   3526 : 7.4767473593948e+00 +(1e-01,6e-01) | 8.57e+02 |  4:7.4e-03  7:8.4e-01
  142 ,   3551 : 7.4807792078373e+00 +(1e-01,4e-01) | 8.63e+02 |  4:6.9e-03  7:7.8e-01
  143 ,   3576 : 7.4472098717324e+00 +(1e-01,6e-01) | 8.69e+02 |  4:6.5e-03  7:7.0e-01
  144 ,   3601 : 7.4537502973403e+00 +(1e-01,4e-01) | 8.75e+02 |  4:5.2e-03  7:5.6e-01
  145 ,   3626 : 7.4781160409089e+00 +(6e-02,2e-01) | 8.81e+02 |  4:4.5e-03  7:4.6e-01
  146 ,   3651 : 7.4724308026051e+00 +(3e-02,9e-02) | 9.21e+02 |  4:4.5e-03  7:4.7e-01
  147 ,   3676 : 7.4536350314142e+00 +(5e-02,2e-01) | 9.65e+02 |  4:4.4e-03  7:4.7e-01
  148 ,   3701 : 7.4613744116710e+00 +(3e-02,9e-02) | 9.75e+02 |  4:4.7e-03  7:4.7e-01
  149 ,   3726 : 7.4479952535051e+00 +(5e-02,2e-01) | 9.96e+02 |  4:5.1e-03  7:5.0e-01
Iterat, #Fevals:   Function Value    (median,worst) |Axis Ratio|idx:Min SD idx:Max SD
  150 ,   3751 : 7.4624413856337e+00 +(5e-02,2e-01) | 1.04e+03 |  4:5.0e-03  7:5.0e-01
  151 ,   3776 : 7.4527562039159e+00 +(5e-02,1e-01) | 1.05e+03 |  4:4.8e-03  7:4.8e-01
  152 ,   3801 : 7.4428425501858e+00 +(4e-02,1e-01) | 1.04e+03 |  4:4.5e-03  7:4.4e-01
  153 ,   3826 : 7.4514319940310e+00 +(4e-02,1e-01) | 1.05e+03 |  4:4.3e-03  7:4.1e-01
  154 ,   3851 : 7.4541354111803e+00 +(2e-02,1e-01) | 1.05e+03 |  4:3.8e-03  7:3.6e-01
  155 ,   3876 : 7.4611812233877e+00 +(2e-02,6e-02) | 1.12e+03 |  4:3.7e-03  7:3.6e-01
  156 ,   3901 : 7.4491270660300e+00 +(3e-02,1e-01) | 1.11e+03 |  4:3.3e-03  7:3.3e-01
  157 ,   3926 : 7.4586940922426e+00 +(2e-02,9e-02) | 1.15e+03 |  4:3.6e-03  7:3.4e-01
  158 ,   3951 : 7.4491660027912e+00 +(3e-02,1e-01) | 1.19e+03 |  4:3.4e-03  7:3.3e-01
  159 ,   3976 : 7.4498327219486e+00 +(2e-02,7e-02) | 1.19e+03 |  4:3.7e-03  7:3.4e-01
Iterat, #Fevals:   Function Value    (median,worst) |Axis Ratio|idx:Min SD idx:Max SD
  160 ,   4001 : 7.4505549586310e+00 +(3e-02,8e-02) | 1.20e+03 |  4:3.4e-03  7:3.1e-01
  161 ,   4026 : 7.4493558861768e+00 +(2e-02,5e-02) | 1.19e+03 |  4:3.1e-03  7:2.8e-01
  162 ,   4051 : 7.4528098484118e+00 +(2e-02,5e-02) | 1.17e+03 |  4:3.4e-03  7:2.8e-01
  163 ,   4076 : 7.4530158180929e+00 +(2e-02,7e-02) | 1.16e+03 |  4:3.0e-03  7:2.4e-01
  164 ,   4101 : 7.4478117670100e+00 +(2e-02,7e-02) | 1.17e+03 |  4:3.1e-03  7:2.5e-01
  165 ,   4126 : 7.4456028608100e+00 +(2e-02,8e-02) | 1.22e+03 |  4:2.9e-03  7:2.4e-01
  166 ,   4151 : 7.4573022728701e+00 +(6e-03,5e-02) | 1.21e+03 |  4:2.7e-03  7:2.1e-01
  167 ,   4176 : 7.4476569753239e+00 +(1e-02,3e-02) | 1.23e+03 |  9:2.7e-03  7:2.1e-01
  168 ,   4201 : 7.4413795577412e+00 +(2e-02,4e-02) | 1.22e+03 |  9:2.4e-03  7:1.9e-01
  169 ,   4226 : 7.4421242440599e+00 +(2e-02,3e-02) | 1.34e+03 |  9:2.1e-03  7:2.0e-01
Iterat, #Fevals:   Function Value    (median,worst) |Axis Ratio|idx:Min SD idx:Max SD
  170 ,   4251 : 7.4470486429171e+00 +(1e-02,3e-02) | 1.36e+03 |  9:2.0e-03  7:1.9e-01
  171 ,   4276 : 7.4438975321865e+00 +(2e-02,4e-02) | 1.37e+03 |  9:1.6e-03  7:1.6e-01
  172 ,   4301 : 7.4474478120743e+00 +(1e-02,3e-02) | 1.40e+03 |  9:1.4e-03  7:1.4e-01
  173 ,   4326 : 7.4488493248198e+00 +(1e-02,2e-02) | 1.33e+03 |  9:1.2e-03  7:1.2e-01
  174 ,   4351 : 7.4452640306624e+00 +(1e-02,3e-02) | 1.37e+03 |  9:1.1e-03  7:1.1e-01
  175 ,   4376 : 7.4429059741682e+00 +(1e-02,3e-02) | 1.38e+03 |  9:9.8e-04  7:1.1e-01
  176 ,   4401 : 7.4470413851322e+00 +(1e-02,2e-02) | 1.43e+03 |  9:9.3e-04  7:1.0e-01
  177 ,   4426 : 7.4408944959935e+00 +(2e-02,3e-02) | 1.39e+03 |  9:8.9e-04  7:1.0e-01
  178 ,   4451 : 7.4437591687919e+00 +(1e-02,3e-02) | 1.42e+03 |  9:8.5e-04  7:1.0e-01
  179 ,   4476 : 7.4445271749005e+00 +(1e-02,3e-02) | 1.35e+03 |  9:8.6e-04  7:1.0e-01
Iterat, #Fevals:   Function Value    (median,worst) |Axis Ratio|idx:Min SD idx:Max SD
  180 ,   4501 : 7.4396395720374e+00 +(2e-02,3e-02) | 1.40e+03 |  9:9.1e-04  7:1.1e-01
  181 ,   4526 : 7.4336799318046e+00 +(2e-02,3e-02) | 1.38e+03 |  9:9.7e-04  7:1.1e-01
  182 ,   4551 : 7.4453252701002e+00 +(1e-02,3e-02) | 1.37e+03 |  9:9.2e-04  7:1.1e-01
  183 ,   4576 : 7.4386129933556e+00 +(2e-02,3e-02) | 1.46e+03 |  9:8.9e-04  7:1.1e-01
  184 ,   4601 : 7.4398425530448e+00 +(1e-02,4e-02) | 1.53e+03 |  9:7.6e-04  7:1.0e-01
  185 ,   4626 : 7.4404961418096e+00 +(1e-02,3e-02) | 1.49e+03 |  9:6.0e-04  7:7.9e-02
  186 ,   4651 : 7.4313436611832e+00 +(2e-02,4e-02) | 1.50e+03 |  9:5.7e-04  7:7.4e-02
  187 ,   4676 : 7.4385498987256e+00 +(2e-02,3e-02) | 1.47e+03 |  9:4.9e-04  7:6.5e-02
  188 ,   4701 : 7.4375623385375e+00 +(1e-02,3e-02) | 1.50e+03 |  9:4.6e-04  7:6.1e-02
  189 ,   4726 : 7.4355036402900e+00 +(2e-02,3e-02) | 1.55e+03 |  9:4.5e-04  7:6.2e-02
Iterat, #Fevals:   Function Value    (median,worst) |Axis Ratio|idx:Min SD idx:Max SD
  190 ,   4751 : 7.4411409876351e+00 +(1e-02,3e-02) | 1.55e+03 |  9:4.3e-04  7:5.9e-02
  191 ,   4776 : 7.4221981911993e+00 +(3e-02,5e-02) | 1.57e+03 |  9:4.0e-04  7:5.6e-02
  192 ,   4801 : 7.4425393900547e+00 +(9e-03,3e-02) | 1.58e+03 |  9:4.0e-04  7:5.7e-02
  193 ,   4826 : 7.4368146394040e+00 +(2e-02,3e-02) | 1.56e+03 |  9:4.0e-04  7:5.6e-02
  194 ,   4851 : 7.4359314597120e+00 +(2e-02,4e-02) | 1.63e+03 |  9:4.1e-04  7:6.1e-02
  195 ,   4876 : 7.4365144150095e+00 +(2e-02,4e-02) | 1.58e+03 |  9:4.5e-04  7:6.7e-02
  196 ,   4901 : 7.4365433195739e+00 +(1e-02,3e-02) | 1.49e+03 |  9:4.1e-04  7:6.2e-02
  197 ,   4926 : 7.4331695166086e+00 +(2e-02,3e-02) | 1.55e+03 |  9:4.2e-04  7:6.5e-02
  198 ,   4951 : 7.4393515659210e+00 +(1e-02,3e-02) | 1.73e+03 |  9:3.9e-04  7:6.7e-02
  199 ,   4976 : 7.4338428738607e+00 +(2e-02,4e-02) | 1.78e+03 |  9:4.0e-04  7:6.8e-02
Iterat, #Fevals:   Function Value    (median,worst) |Axis Ratio|idx:Min SD idx:Max SD
  200 ,   5001 : 7.4390908552544e+00 +(1e-02,3e-02) | 1.82e+03 |  9:4.0e-04  7:7.0e-02
  201 ,   5026 : 7.4413618467739e+00 +(1e-02,2e-02) | 1.86e+03 |  9:4.1e-04  7:7.2e-02
  202 ,   5051 : 7.4305652299509e+00 +(2e-02,4e-02) | 1.90e+03 |  9:3.8e-04  7:6.7e-02
  203 ,   5076 : 7.4390115524559e+00 +(1e-02,3e-02) | 1.84e+03 |  9:4.0e-04  7:7.3e-02
  204 ,   5101 : 7.4347768974798e+00 +(1e-02,3e-02) | 1.85e+03 |  9:4.1e-04  7:7.4e-02
  205 ,   5126 : 7.4360223570804e+00 +(1e-02,3e-02) | 1.77e+03 |  9:3.8e-04  7:6.8e-02
  206 ,   5151 : 7.4240126916008e+00 +(3e-02,5e-02) | 1.78e+03 |  9:4.1e-04  7:7.7e-02
  207 ,   5176 : 7.4403436719108e+00 +(1e-02,3e-02) | 1.74e+03 |  9:4.1e-04  7:7.6e-02
  208 ,   5201 : 7.4387029268313e+00 +(2e-02,4e-02) | 1.72e+03 |  9:3.9e-04  7:7.3e-02
  209 ,   5226 : 7.4387085991543e+00 +(1e-02,3e-02) | 1.72e+03 |  9:4.2e-04  7:7.5e-02
Iterat, #Fevals:   Function Value    (median,worst) |Axis Ratio|idx:Min SD idx:Max SD
  210 ,   5251 : 7.4353425765701e+00 +(2e-02,3e-02) | 1.70e+03 |  9:4.2e-04  7:7.4e-02
  211 ,   5276 : 7.4285863324540e+00 +(2e-02,4e-02) | 1.73e+03 |  9:3.9e-04  7:6.8e-02
  212 ,   5301 : 7.4307227962105e+00 +(2e-02,4e-02) | 1.75e+03 |  9:3.5e-04  7:6.2e-02
  213 ,   5326 : 7.4215486061387e+00 +(3e-02,6e-02) | 1.65e+03 |  9:3.7e-04  7:6.1e-02
  214 ,   5351 : 7.4395229035120e+00 +(1e-02,4e-02) | 1.58e+03 |  9:3.9e-04  7:6.5e-02
  215 ,   5376 : 7.4370829097162e+00 +(2e-02,3e-02) | 1.59e+03 |  9:3.3e-04  7:5.4e-02
  216 ,   5401 : 7.4368674320479e+00 +(1e-02,4e-02) | 1.64e+03 |  9:3.1e-04  7:5.1e-02
  217 ,   5426 : 7.4382505367483e+00 +(2e-02,3e-02) | 1.66e+03 |  9:2.7e-04  7:4.5e-02
  218 ,   5451 : 7.4273095873139e+00 +(2e-02,4e-02) | 1.63e+03 |  9:2.5e-04  7:4.0e-02
  219 ,   5476 : 7.4367200071538e+00 +(2e-02,3e-02) | 1.61e+03 |  9:2.7e-04  7:4.3e-02
Iterat, #Fevals:   Function Value    (median,worst) |Axis Ratio|idx:Min SD idx:Max SD
  220 ,   5501 : 7.4284686371084e+00 +(2e-02,5e-02) | 1.58e+03 |  9:2.8e-04  7:4.4e-02
  221 ,   5526 : 7.4360319409852e+00 +(2e-02,3e-02) | 1.59e+03 |  9:2.5e-04  7:4.1e-02
  222 ,   5551 : 7.4394869881017e+00 +(1e-02,4e-02) | 1.48e+03 |  9:2.5e-04  7:4.2e-02
  223 ,   5576 : 7.4342730085662e+00 +(1e-02,3e-02) | 1.53e+03 |  9:2.6e-04  7:4.5e-02
  224 ,   5601 : 7.4298675018375e+00 +(2e-02,4e-02) | 1.53e+03 |  9:2.6e-04  7:4.6e-02
  225 ,   5626 : 7.4316684020778e+00 +(2e-02,3e-02) | 1.50e+03 |  9:2.7e-04  7:4.7e-02
  226 ,   5651 : 7.4358327753106e+00 +(1e-02,3e-02) | 1.54e+03 |  9:2.6e-04  7:4.5e-02
  227 ,   5676 : 7.4359358506103e+00 +(2e-02,3e-02) | 1.61e+03 |  9:2.4e-04  7:4.3e-02
  228 ,   5701 : 7.4295945074452e+00 +(2e-02,4e-02) | 1.56e+03 |  9:2.1e-04  7:3.7e-02
  229 ,   5726 : 7.4303357466451e+00 +(2e-02,3e-02) | 1.62e+03 |  9:2.2e-04  7:4.0e-02
Iterat, #Fevals:   Function Value    (median,worst) |Axis Ratio|idx:Min SD idx:Max SD
  230 ,   5751 : 7.4389315528078e+00 +(1e-02,2e-02) | 1.60e+03 |  9:2.0e-04  7:3.6e-02
  231 ,   5776 : 7.4318899702665e+00 +(2e-02,4e-02) | 1.63e+03 |  9:2.0e-04  7:3.8e-02
  232 ,   5801 : 7.4309506872023e+00 +(2e-02,3e-02) | 1.62e+03 |  9:1.8e-04  7:3.3e-02
  233 ,   5826 : 7.4269687401901e+00 +(2e-02,4e-02) | 1.64e+03 |  9:1.7e-04  7:3.1e-02
  234 ,   5851 : 7.4370506715833e+00 +(1e-02,4e-02) | 1.60e+03 |  9:1.6e-04  7:3.1e-02
  235 ,   5876 : 7.4354448365947e+00 +(1e-02,3e-02) | 1.66e+03 |  9:1.5e-04  7:3.0e-02
  236 ,   5901 : 7.4347954112845e+00 +(1e-02,3e-02) | 1.70e+03 |  9:1.3e-04  7:2.5e-02
  237 ,   5926 : 7.4298115802379e+00 +(2e-02,3e-02) | 1.67e+03 |  9:1.2e-04  7:2.4e-02
  238 ,   5951 : 7.4282293470153e+00 +(2e-02,3e-02) | 1.68e+03 |  9:1.1e-04  7:2.2e-02
  239 ,   5976 : 7.4262148734574e+00 +(2e-02,4e-02) | 1.65e+03 |  9:1.2e-04  7:2.2e-02
Iterat, #Fevals:   Function Value    (median,worst) |Axis Ratio|idx:Min SD idx:Max SD
  240 ,   6001 : 7.4270895196536e+00 +(2e-02,4e-02) | 1.62e+03 |  9:1.4e-04  7:2.5e-02
  241 ,   6026 : 7.4281793756684e+00 +(2e-02,3e-02) | 1.72e+03 |  9:1.4e-04  7:2.6e-02
  242 ,   6051 : 7.4288322746132e+00 +(3e-02,4e-02) | 1.71e+03 |  9:1.3e-04  7:2.4e-02
  243 ,   6076 : 7.4356928927466e+00 +(2e-02,3e-02) | 1.65e+03 |  9:1.3e-04  7:2.2e-02
  244 ,   6101 : 7.4341695703522e+00 +(1e-02,5e-02) | 1.72e+03 |  9:1.6e-04  7:2.6e-02
  245 ,   6126 : 7.4245083402981e+00 +(2e-02,5e-02) | 1.72e+03 |  9:1.5e-04  7:2.5e-02
  246 ,   6151 : 7.4307533347432e+00 +(2e-02,3e-02) | 1.77e+03 |  9:1.3e-04  7:2.1e-02
  247 ,   6176 : 7.4328253126105e+00 +(2e-02,4e-02) | 1.94e+03 |  9:1.3e-04  7:2.3e-02
  248 ,   6201 : 7.4300318734574e+00 +(2e-02,4e-02) | 1.90e+03 |  9:1.2e-04  7:2.0e-02
  249 ,   6226 : 7.4300476094665e+00 +(2e-02,4e-02) | 1.99e+03 |  9:9.9e-05  7:1.8e-02
Iterat, #Fevals:   Function Value    (median,worst) |Axis Ratio|idx:Min SD idx:Max SD
  250 ,   6251 : 7.4336245398403e+00 +(2e-02,4e-02) | 2.08e+03 |  9:8.5e-05  7:1.6e-02
  251 ,   6276 : 7.4307100129727e+00 +(2e-02,3e-02) | 2.07e+03 |  9:7.9e-05  7:1.5e-02
  252 ,   6301 : 7.4265771870001e+00 +(2e-02,4e-02) | 2.11e+03 |  9:9.1e-05  7:1.7e-02
  253 ,   6326 : 7.4334188791724e+00 +(1e-02,3e-02) | 2.12e+03 |  9:1.1e-04  7:2.0e-02
  254 ,   6351 : 7.4281213873226e+00 +(2e-02,4e-02) | 2.16e+03 |  9:1.2e-04  7:2.2e-02
  255 ,   6376 : 7.4248977355621e+00 +(2e-02,4e-02) | 2.18e+03 |  9:1.3e-04  7:2.4e-02
  256 ,   6401 : 7.4308827787408e+00 +(2e-02,3e-02) | 2.21e+03 |  9:1.3e-04  7:2.4e-02
  257 ,   6426 : 7.4220673737768e+00 +(3e-02,4e-02) | 2.29e+03 |  9:1.3e-04  7:2.5e-02
  258 ,   6451 : 7.4301827825116e+00 +(2e-02,4e-02) | 2.32e+03 |  9:1.3e-04  7:2.5e-02
  259 ,   6476 : 7.4339582309439e+00 +(1e-02,3e-02) | 2.23e+03 |  9:1.5e-04  7:2.7e-02
Iterat, #Fevals:   Function Value    (median,worst) |Axis Ratio|idx:Min SD idx:Max SD
  260 ,   6501 : 7.4234424868494e+00 +(2e-02,4e-02) | 2.21e+03 |  9:1.6e-04  7:2.8e-02
  261 ,   6526 : 7.4334441620621e+00 +(2e-02,4e-02) | 2.18e+03 |  9:1.6e-04  7:2.8e-02
  262 ,   6551 : 7.4335166973909e+00 +(1e-02,3e-02) | 2.15e+03 |  9:1.5e-04  7:2.6e-02
  263 ,   6576 : 7.4307837398197e+00 +(2e-02,5e-02) | 2.11e+03 |  9:1.4e-04  7:2.4e-02
  264 ,   6601 : 7.4294638347679e+00 +(2e-02,4e-02) | 2.12e+03 |  9:1.6e-04  7:2.5e-02
  265 ,   6626 : 7.4309723364281e+00 +(2e-02,4e-02) | 2.11e+03 |  9:1.5e-04  7:2.3e-02
  266 ,   6651 : 7.4336909859663e+00 +(2e-02,4e-02) | 2.14e+03 |  9:1.5e-04  7:2.3e-02
  267 ,   6676 : 7.4352688789817e+00 +(9e-03,4e-02) | 2.11e+03 |  9:1.5e-04  7:2.2e-02
  268 ,   6701 : 7.4302050498920e+00 +(1e-02,3e-02) | 2.10e+03 |  9:1.4e-04  7:2.2e-02
  269 ,   6726 : 7.4302446706226e+00 +(2e-02,4e-02) | 2.13e+03 |  9:1.2e-04  7:1.9e-02
Iterat, #Fevals:   Function Value    (median,worst) |Axis Ratio|idx:Min SD idx:Max SD
  270 ,   6751 : 7.4255650796341e+00 +(2e-02,4e-02) | 2.09e+03 |  9:1.1e-04  7:1.7e-02
  271 ,   6776 : 7.4304211782496e+00 +(2e-02,4e-02) | 2.05e+03 |  9:1.1e-04  7:1.7e-02
  272 ,   6801 : 7.4306218861127e+00 +(1e-02,4e-02) | 2.06e+03 |  9:1.0e-04  7:1.5e-02
  273 ,   6826 : 7.4284003217767e+00 +(2e-02,3e-02) | 2.03e+03 |  9:9.6e-05  7:1.4e-02
  274 ,   6851 : 7.4283183897675e+00 +(2e-02,4e-02) | 2.01e+03 |  9:8.8e-05  7:1.3e-02
  275 ,   6876 : 7.4284160102596e+00 +(2e-02,5e-02) | 2.03e+03 |  9:9.2e-05  7:1.4e-02
  276 ,   6901 : 7.4259248902150e+00 +(2e-02,4e-02) | 2.06e+03 |  9:8.5e-05  7:1.2e-02
  277 ,   6926 : 7.4335171775945e+00 +(1e-02,3e-02) | 2.02e+03 |  9:9.8e-05  7:1.4e-02
  278 ,   6951 : 7.4306217595176e+00 +(2e-02,5e-02) | 2.07e+03 |  9:9.1e-05  7:1.3e-02
  279 ,   6976 : 7.4286661192187e+00 +(2e-02,4e-02) | 2.09e+03 |  9:8.9e-05  7:1.2e-02
Iterat, #Fevals:   Function Value    (median,worst) |Axis Ratio|idx:Min SD idx:Max SD
  280 ,   7001 : 7.4314356399793e+00 +(1e-02,3e-02) | 2.16e+03 |  9:9.3e-05  7:1.2e-02
  281 ,   7026 : 7.4275345224046e+00 +(2e-02,4e-02) | 2.22e+03 |  9:1.0e-04  7:1.4e-02
  282 ,   7051 : 7.4292047294762e+00 +(2e-02,5e-02) | 2.31e+03 |  9:1.0e-04  7:1.4e-02
  283 ,   7076 : 7.4294152412121e+00 +(2e-02,3e-02) | 2.32e+03 |  9:1.1e-04  7:1.5e-02
  284 ,   7101 : 7.4254392908101e+00 +(2e-02,4e-02) | 2.37e+03 |  9:1.2e-04  7:1.6e-02
  285 ,   7126 : 7.4256779210590e+00 +(2e-02,5e-02) | 2.35e+03 |  9:1.3e-04  7:1.6e-02
  286 ,   7151 : 7.4285962777847e+00 +(2e-02,5e-02) | 2.41e+03 |  9:1.4e-04  7:1.8e-02
  287 ,   7176 : 7.4306339970969e+00 +(1e-02,3e-02) | 2.46e+03 |  9:1.5e-04  7:1.9e-02
  288 ,   7201 : 7.4325121543319e+00 +(2e-02,4e-02) | 2.51e+03 |  9:1.4e-04  7:1.8e-02
  289 ,   7226 : 7.4307066215265e+00 +(2e-02,4e-02) | 2.55e+03 |  9:1.2e-04  7:1.6e-02
Iterat, #Fevals:   Function Value    (median,worst) |Axis Ratio|idx:Min SD idx:Max SD
  290 ,   7251 : 7.4332287224029e+00 +(2e-02,3e-02) | 2.60e+03 |  9:1.1e-04  7:1.5e-02
  291 ,   7276 : 7.4266264708899e+00 +(2e-02,4e-02) | 2.57e+03 |  9:1.1e-04  7:1.4e-02
  292 ,   7301 : 7.4217678035645e+00 +(2e-02,5e-02) | 2.58e+03 |  9:1.0e-04  7:1.3e-02
  293 ,   7326 : 7.4251023468670e+00 +(2e-02,4e-02) | 2.49e+03 |  9:9.6e-05  7:1.2e-02
  294 ,   7351 : 7.4187404113833e+00 +(3e-02,5e-02) | 2.46e+03 |  9:9.5e-05  7:1.2e-02
  295 ,   7376 : 7.4296684240511e+00 +(2e-02,3e-02) | 2.50e+03 |  9:8.7e-05  7:1.1e-02
  296 ,   7401 : 7.4268468600387e+00 +(2e-02,4e-02) | 2.52e+03 |  9:8.7e-05  7:1.2e-02
  297 ,   7426 : 7.4296706506228e+00 +(2e-02,4e-02) | 2.46e+03 |  9:7.4e-05  7:9.4e-03
  298 ,   7451 : 7.4297032719445e+00 +(2e-02,4e-02) | 2.51e+03 |  9:8.1e-05  7:1.0e-02
  299 ,   7476 : 7.4328503107668e+00 +(1e-02,3e-02) | 2.55e+03 |  9:7.8e-05  7:1.0e-02
Iterat, #Fevals:   Function Value    (median,worst) |Axis Ratio|idx:Min SD idx:Max SD
  300 ,   7501 : 7.4290728500701e+00 +(2e-02,4e-02) | 2.53e+03 |  9:7.2e-05  7:9.4e-03
  301 ,   7526 : 7.4339117653995e+00 +(2e-02,3e-02) | 2.60e+03 |  9:7.2e-05  7:9.5e-03
  302 ,   7551 : 7.4296602649117e+00 +(2e-02,5e-02) | 2.53e+03 |  9:6.8e-05  7:8.8e-03
  303 ,   7576 : 7.4247368566354e+00 +(2e-02,5e-02) | 2.56e+03 |  9:6.3e-05  7:8.6e-03
  304 ,   7601 : 7.4364049817196e+00 +(1e-02,2e-02) | 2.64e+03 |  9:7.4e-05  7:1.1e-02
  305 ,   7626 : 7.4342442646099e+00 +(1e-02,3e-02) | 2.70e+03 |  9:7.8e-05  7:1.2e-02
  306 ,   7651 : 7.4198253547860e+00 +(3e-02,4e-02) | 2.66e+03 |  9:7.6e-05  7:1.1e-02
  307 ,   7676 : 7.4320884466725e+00 +(1e-02,4e-02) | 2.70e+03 |  9:8.3e-05  7:1.2e-02
  308 ,   7701 : 7.4287546664510e+00 +(2e-02,4e-02) | 2.46e+03 |  9:8.7e-05  7:1.2e-02
  309 ,   7726 : 7.4267789783056e+00 +(2e-02,4e-02) | 2.69e+03 |  9:9.5e-05  7:1.4e-02
Iterat, #Fevals:   Function Value    (median,worst) |Axis Ratio|idx:Min SD idx:Max SD
  310 ,   7751 : 7.4291620696721e+00 +(1e-02,4e-02) | 2.82e+03 |  9:1.1e-04  7:1.6e-02
  311 ,   7776 : 7.4244574373501e+00 +(2e-02,4e-02) | 2.88e+03 |  9:1.1e-04  7:1.8e-02
  312 ,   7801 : 7.4231949851316e+00 +(2e-02,5e-02) | 2.78e+03 |  9:1.1e-04  7:1.8e-02
  313 ,   7826 : 7.4254101048818e+00 +(2e-02,4e-02) | 2.83e+03 |  9:9.4e-05  7:1.6e-02
  314 ,   7851 : 7.4283558423212e+00 +(2e-02,3e-02) | 2.79e+03 |  9:9.1e-05  7:1.6e-02
  315 ,   7876 : 7.4310885182838e+00 +(1e-02,4e-02) | 2.78e+03 |  9:8.3e-05  7:1.4e-02
  316 ,   7901 : 7.4271130550879e+00 +(2e-02,4e-02) | 2.80e+03 |  9:8.2e-05  7:1.5e-02
  317 ,   7926 : 7.4235689903690e+00 +(2e-02,4e-02) | 2.92e+03 |  9:8.0e-05  7:1.5e-02
  318 ,   7951 : 7.4290135449542e+00 +(2e-02,4e-02) | 2.82e+03 |  9:7.4e-05  7:1.4e-02
  319 ,   7976 : 7.4189561127395e+00 +(3e-02,4e-02) | 2.82e+03 |  9:7.5e-05  7:1.4e-02
Iterat, #Fevals:   Function Value    (median,worst) |Axis Ratio|idx:Min SD idx:Max SD
  320 ,   8001 : 7.4286496995291e+00 +(2e-02,3e-02) | 2.80e+03 |  9:6.9e-05  7:1.3e-02
  321 ,   8026 : 7.4401601204993e+00 +(1e-02,3e-02) | 2.90e+03 |  9:6.9e-05  7:1.3e-02
  322 ,   8051 : 7.4256043427730e+00 +(2e-02,3e-02) | 2.98e+03 |  9:6.8e-05  7:1.3e-02
  323 ,   8076 : 7.4243904792273e+00 +(2e-02,5e-02) | 2.97e+03 |  9:7.4e-05  7:1.4e-02
  324 ,   8101 : 7.4253725456911e+00 +(2e-02,5e-02) | 2.91e+03 |  9:6.5e-05  7:1.2e-02
  325 ,   8126 : 7.4299927961846e+00 +(2e-02,4e-02) | 3.18e+03 |  9:6.6e-05  7:1.3e-02
  326 ,   8151 : 7.4259487871769e+00 +(2e-02,4e-02) | 3.31e+03 |  9:5.9e-05  7:1.2e-02
  327 ,   8176 : 7.4318781838276e+00 +(1e-02,4e-02) | 3.23e+03 |  9:5.2e-05  7:1.1e-02
  328 ,   8201 : 7.4393886721108e+00 +(9e-03,2e-02) | 3.23e+03 |  9:5.4e-05  7:1.0e-02
  329 ,   8226 : 7.4262530523495e+00 +(2e-02,3e-02) | 3.53e+03 |  9:6.2e-05  7:1.4e-02
Iterat, #Fevals:   Function Value    (median,worst) |Axis Ratio|idx:Min SD idx:Max SD
  330 ,   8251 : 7.4320833322747e+00 +(2e-02,5e-02) | 3.58e+03 |  9:6.3e-05  7:1.4e-02
  331 ,   8276 : 7.4276447500423e+00 +(2e-02,3e-02) | 3.62e+03 |  9:6.1e-05  7:1.4e-02
  332 ,   8301 : 7.4328754212585e+00 +(1e-02,3e-02) | 3.77e+03 |  9:6.3e-05  7:1.4e-02
  333 ,   8326 : 7.4214674533384e+00 +(3e-02,4e-02) | 4.10e+03 |  9:7.1e-05  7:1.7e-02
  334 ,   8351 : 7.4335003720976e+00 +(2e-02,3e-02) | 4.08e+03 |  9:7.8e-05  7:2.0e-02
  335 ,   8376 : 7.4313640966183e+00 +(2e-02,4e-02) | 4.06e+03 |  9:7.5e-05  7:2.0e-02
  336 ,   8401 : 7.4318996773431e+00 +(2e-02,4e-02) | 4.11e+03 |  9:7.9e-05  7:2.2e-02
  337 ,   8426 : 7.4299011480734e+00 +(2e-02,4e-02) | 4.30e+03 |  9:8.6e-05  7:2.4e-02
  338 ,   8451 : 7.4338511160292e+00 +(1e-02,3e-02) | 4.55e+03 |  9:7.6e-05  7:2.2e-02
  339 ,   8476 : 7.4241438245746e+00 +(3e-02,4e-02) | 4.69e+03 |  9:7.6e-05  7:2.3e-02
Iterat, #Fevals:   Function Value    (median,worst) |Axis Ratio|idx:Min SD idx:Max SD
  340 ,   8501 : 7.4300391245678e+00 +(2e-02,3e-02) | 4.84e+03 |  9:7.4e-05  7:2.3e-02
  341 ,   8526 : 7.4268388540703e+00 +(2e-02,4e-02) | 4.65e+03 |  9:7.2e-05  7:2.3e-02
  342 ,   8551 : 7.4284248714449e+00 +(2e-02,4e-02) | 4.79e+03 |  9:7.0e-05  7:2.3e-02
  343 ,   8576 : 7.4242907369262e+00 +(2e-02,4e-02) | 5.10e+03 |  9:6.8e-05  7:2.3e-02
  344 ,   8601 : 7.4318812637947e+00 +(2e-02,3e-02) | 5.19e+03 |  9:6.9e-05  7:2.4e-02
  345 ,   8626 : 7.4188725115120e+00 +(3e-02,5e-02) | 5.38e+03 |  9:8.7e-05  7:3.0e-02
  346 ,   8651 : 7.4369301269922e+00 +(1e-02,4e-02) | 5.39e+03 |  9:7.8e-05  7:2.7e-02
  347 ,   8676 : 7.4294292310411e+00 +(2e-02,4e-02) | 5.24e+03 |  9:7.6e-05  7:2.6e-02
  348 ,   8701 : 7.4326870502678e+00 +(2e-02,3e-02) | 5.09e+03 |  9:7.0e-05  7:2.3e-02
  349 ,   8726 : 7.4316767456249e+00 +(2e-02,4e-02) | 5.09e+03 |  9:6.9e-05  7:2.2e-02
Iterat, #Fevals:   Function Value    (median,worst) |Axis Ratio|idx:Min SD idx:Max SD
  350 ,   8751 : 7.4278039406489e+00 +(2e-02,5e-02) | 5.36e+03 |  9:6.8e-05  7:2.3e-02
  351 ,   8776 : 7.4306857845935e+00 +(2e-02,4e-02) | 5.13e+03 |  9:7.6e-05  7:2.7e-02
  352 ,   8801 : 7.4304724173091e+00 +(2e-02,3e-02) | 5.04e+03 |  9:8.2e-05  7:2.7e-02
  353 ,   8826 : 7.4327704547082e+00 +(2e-02,3e-02) | 4.98e+03 |  9:7.4e-05  7:2.5e-02
  354 ,   8851 : 7.4289783808817e+00 +(2e-02,4e-02) | 5.23e+03 |  9:8.1e-05  7:2.8e-02
  355 ,   8876 : 7.4215172643634e+00 +(3e-02,4e-02) | 5.30e+03 |  9:7.5e-05  7:2.5e-02
  356 ,   8901 : 7.4278259058517e+00 +(2e-02,5e-02) | 5.24e+03 |  9:6.5e-05  7:2.2e-02
  357 ,   8926 : 7.4223280066152e+00 +(3e-02,4e-02) | 5.20e+03 |  9:6.8e-05  7:2.3e-02
  358 ,   8951 : 7.4244737339858e+00 +(2e-02,4e-02) | 5.12e+03 |  9:6.1e-05  7:2.1e-02
  359 ,   8976 : 7.4316631012136e+00 +(2e-02,3e-02) | 5.31e+03 |  9:5.1e-05  7:1.9e-02
Iterat, #Fevals:   Function Value    (median,worst) |Axis Ratio|idx:Min SD idx:Max SD
  360 ,   9001 : 7.4232607364516e+00 +(2e-02,4e-02) | 5.27e+03 |  9:4.9e-05  7:1.7e-02
  361 ,   9026 : 7.4265662809015e+00 +(2e-02,4e-02) | 5.21e+03 |  9:4.7e-05  7:1.5e-02
  362 ,   9051 : 7.4280336663954e+00 +(2e-02,4e-02) | 5.36e+03 |  9:4.6e-05  7:1.5e-02
  363 ,   9076 : 7.4345348345161e+00 +(1e-02,3e-02) | 5.39e+03 |  9:4.2e-05  7:1.3e-02
  364 ,   9101 : 7.4281575268123e+00 +(2e-02,4e-02) | 5.54e+03 |  9:3.8e-05  7:1.2e-02
  365 ,   9126 : 7.4303666200027e+00 +(2e-02,4e-02) | 5.81e+03 |  9:3.6e-05  7:1.2e-02
  366 ,   9151 : 7.4310387207112e+00 +(1e-02,4e-02) | 6.33e+03 |  9:3.6e-05  7:1.3e-02
  367 ,   9176 : 7.4328542650029e+00 +(2e-02,4e-02) | 6.30e+03 |  9:3.6e-05  7:1.3e-02
  368 ,   9201 : 7.4256071699455e+00 +(2e-02,5e-02) | 6.31e+03 |  9:3.7e-05  7:1.3e-02
  369 ,   9226 : 7.4333808810612e+00 +(1e-02,4e-02) | 5.95e+03 |  9:4.1e-05  7:1.4e-02
Iterat, #Fevals:   Function Value    (median,worst) |Axis Ratio|idx:Min SD idx:Max SD
  370 ,   9251 : 7.4279697862952e+00 +(2e-02,4e-02) | 5.69e+03 |  9:3.9e-05  7:1.3e-02
  371 ,   9276 : 7.4256941861070e+00 +(2e-02,4e-02) | 5.58e+03 |  9:3.8e-05  7:1.2e-02
  372 ,   9301 : 7.4310579087435e+00 +(2e-02,4e-02) | 5.48e+03 |  9:4.2e-05  7:1.4e-02
  373 ,   9326 : 7.4295216678859e+00 +(2e-02,3e-02) | 5.45e+03 |  9:4.9e-05  7:1.5e-02
  374 ,   9351 : 7.4381418014890e+00 +(1e-02,3e-02) | 5.55e+03 |  9:4.6e-05  7:1.5e-02
  375 ,   9376 : 7.4200230915255e+00 +(3e-02,4e-02) | 5.34e+03 |  9:4.4e-05  7:1.4e-02
  376 ,   9401 : 7.4274804754130e+00 +(2e-02,4e-02) | 5.28e+03 |  9:4.3e-05  7:1.4e-02
  377 ,   9426 : 7.4293574740479e+00 +(1e-02,4e-02) | 5.33e+03 |  9:4.6e-05  7:1.5e-02
  378 ,   9451 : 7.4186232274293e+00 +(3e-02,4e-02) | 5.15e+03 |  9:4.2e-05  7:1.4e-02
  379 ,   9476 : 7.4273022010214e+00 +(2e-02,4e-02) | 5.29e+03 |  9:4.2e-05  7:1.4e-02
Iterat, #Fevals:   Function Value    (median,worst) |Axis Ratio|idx:Min SD idx:Max SD
  380 ,   9501 : 7.4285033638140e+00 +(2e-02,4e-02) | 5.48e+03 |  9:4.6e-05  7:1.5e-02
  381 ,   9526 : 7.4300809590152e+00 +(1e-02,3e-02) | 5.73e+03 |  9:4.5e-05  7:1.5e-02
  382 ,   9551 : 7.4239353851702e+00 +(2e-02,5e-02) | 5.87e+03 |  9:4.7e-05  7:1.5e-02
  383 ,   9576 : 7.4244498951628e+00 +(3e-02,5e-02) | 5.89e+03 |  9:4.3e-05  7:1.4e-02
  384 ,   9601 : 7.4269863719017e+00 +(2e-02,4e-02) | 5.77e+03 |  9:3.8e-05  7:1.3e-02
  385 ,   9626 : 7.4271676593486e+00 +(2e-02,4e-02) | 5.46e+03 |  9:3.8e-05  7:1.3e-02
  386 ,   9651 : 7.4265566824748e+00 +(2e-02,4e-02) | 5.34e+03 |  9:4.4e-05  7:1.5e-02
  387 ,   9676 : 7.4290963626170e+00 +(2e-02,4e-02) | 5.04e+03 |  9:4.9e-05  7:1.6e-02
  388 ,   9701 : 7.4283957813785e+00 +(2e-02,4e-02) | 4.66e+03 |  9:5.1e-05  7:1.6e-02
  389 ,   9726 : 7.4316476251971e+00 +(1e-02,4e-02) | 4.59e+03 |  9:5.5e-05  7:1.7e-02
Iterat, #Fevals:   Function Value    (median,worst) |Axis Ratio|idx:Min SD idx:Max SD
  390 ,   9751 : 7.4330281545625e+00 +(1e-02,4e-02) | 4.63e+03 |  9:5.8e-05  7:1.7e-02
  391 ,   9776 : 7.4360252723615e+00 +(1e-02,4e-02) | 4.80e+03 |  9:5.6e-05  7:1.7e-02
  392 ,   9801 : 7.4360724139118e+00 +(9e-03,3e-02) | 5.05e+03 |  9:5.6e-05  7:1.7e-02
  393 ,   9826 : 7.4293718436221e+00 +(2e-02,3e-02) | 5.14e+03 |  9:6.0e-05  7:1.8e-02
  394 ,   9851 : 7.4276908142251e+00 +(2e-02,4e-02) | 5.27e+03 |  9:6.3e-05  7:1.9e-02
  395 ,   9876 : 7.4270263630995e+00 +(2e-02,3e-02) | 5.32e+03 |  9:6.4e-05  7:1.9e-02
  396 ,   9901 : 7.4310402282965e+00 +(2e-02,4e-02) | 5.36e+03 |  9:6.8e-05  7:2.0e-02
  397 ,   9926 : 7.4227975071156e+00 +(2e-02,4e-02) | 5.60e+03 |  9:6.5e-05  7:2.0e-02
  398 ,   9951 : 7.4285525922270e+00 +(2e-02,5e-02) | 5.46e+03 |  9:6.9e-05  7:2.0e-02
  399 ,   9976 : 7.4306161101582e+00 +(2e-02,3e-02) | 5.36e+03 |  9:7.2e-05  7:2.1e-02
Iterat, #Fevals:   Function Value    (median,worst) |Axis Ratio|idx:Min SD idx:Max SD
  400 ,  10001 : 7.4264484634904e+00 +(2e-02,4e-02) | 5.15e+03 |  9:6.8e-05  7:1.9e-02
  401 ,  10026 : 7.4254893629905e+00 +(2e-02,5e-02) | 5.06e+03 |  9:6.3e-05  7:1.8e-02
  402 ,  10051 : 7.4289986161665e+00 +(2e-02,3e-02) | 5.12e+03 |  9:6.2e-05  7:1.8e-02
  403 ,  10076 : 7.4254710448445e+00 +(2e-02,4e-02) | 5.48e+03 |  9:5.8e-05  7:1.8e-02
  404 ,  10101 : 7.4224920550851e+00 +(2e-02,4e-02) | 5.63e+03 |  9:5.4e-05  7:1.7e-02
  405 ,  10126 : 7.4338060540259e+00 +(1e-02,3e-02) | 5.68e+03 |  9:5.8e-05  7:1.8e-02
  406 ,  10151 : 7.4340104095042e+00 +(1e-02,3e-02) | 5.51e+03 |  9:6.0e-05  7:1.9e-02
  407 ,  10176 : 7.4278496725159e+00 +(2e-02,4e-02) | 5.17e+03 |  9:5.8e-05  7:1.8e-02
  408 ,  10201 : 7.4279035386313e+00 +(2e-02,4e-02) | 5.34e+03 |  9:5.7e-05  7:1.8e-02
  409 ,  10226 : 7.4264955518516e+00 +(2e-02,4e-02) | 5.33e+03 |  9:5.1e-05  7:1.6e-02
Iterat, #Fevals:   Function Value    (median,worst) |Axis Ratio|idx:Min SD idx:Max SD
  410 ,  10251 : 7.4365639646491e+00 +(1e-02,3e-02) | 5.49e+03 |  9:5.1e-05  7:1.7e-02
  411 ,  10276 : 7.4265619444612e+00 +(2e-02,4e-02) | 5.32e+03 |  9:5.1e-05  7:1.7e-02
  412 ,  10301 : 7.4254589709275e+00 +(2e-02,4e-02) | 5.41e+03 |  9:4.7e-05  7:1.5e-02
  413 ,  10326 : 7.4246561159190e+00 +(2e-02,4e-02) | 5.65e+03 |  9:4.3e-05  7:1.5e-02
  414 ,  10351 : 7.4308508227394e+00 +(1e-02,3e-02) | 5.53e+03 |  9:3.6e-05  7:1.2e-02
  415 ,  10376 : 7.4300005816923e+00 +(2e-02,4e-02) | 5.50e+03 |  9:3.3e-05  7:1.1e-02
  416 ,  10401 : 7.4314728349592e+00 +(1e-02,3e-02) | 5.43e+03 |  9:3.5e-05  7:1.1e-02
  417 ,  10426 : 7.4278103886000e+00 +(2e-02,4e-02) | 5.32e+03 |  9:3.1e-05  7:9.7e-03
  418 ,  10451 : 7.4321814653198e+00 +(2e-02,4e-02) | 5.47e+03 |  9:3.0e-05  7:8.8e-03
  419 ,  10476 : 7.4304404841526e+00 +(2e-02,3e-02) | 5.37e+03 |  9:2.7e-05  7:8.2e-03
Iterat, #Fevals:   Function Value    (median,worst) |Axis Ratio|idx:Min SD idx:Max SD
  420 ,  10501 : 7.4269096883942e+00 +(2e-02,5e-02) | 5.48e+03 |  9:2.3e-05  7:7.2e-03
  421 ,  10526 : 7.4296990291203e+00 +(2e-02,4e-02) | 5.38e+03 |  9:2.3e-05  7:7.1e-03
  422 ,  10551 : 7.4347999062558e+00 +(1e-02,4e-02) | 5.22e+03 |  9:2.1e-05  7:6.6e-03
  423 ,  10576 : 7.4304077143504e+00 +(1e-02,3e-02) | 5.22e+03 |  9:2.1e-05  7:6.8e-03
  424 ,  10601 : 7.4261029427256e+00 +(2e-02,3e-02) | 5.02e+03 |  9:1.8e-05  7:5.6e-03
  425 ,  10626 : 7.4309435883271e+00 +(2e-02,3e-02) | 4.80e+03 |  9:2.1e-05  7:6.2e-03
  426 ,  10651 : 7.4276475443950e+00 +(2e-02,4e-02) | 4.83e+03 |  9:2.0e-05  7:5.6e-03
  427 ,  10676 : 7.4268492078028e+00 +(2e-02,3e-02) | 5.29e+03 |  9:1.9e-05  7:5.6e-03
  428 ,  10701 : 7.4310218315445e+00 +(2e-02,3e-02) | 5.20e+03 |  9:2.1e-05  7:6.3e-03
  429 ,  10726 : 7.4229066794183e+00 +(3e-02,5e-02) | 5.07e+03 |  9:2.0e-05  7:6.0e-03
Iterat, #Fevals:   Function Value    (median,worst) |Axis Ratio|idx:Min SD idx:Max SD
  430 ,  10751 : 7.4233102364730e+00 +(2e-02,4e-02) | 5.22e+03 |  9:2.1e-05  7:6.4e-03
  431 ,  10776 : 7.4259949147025e+00 +(2e-02,3e-02) | 5.37e+03 |  9:2.0e-05  7:6.4e-03
  432 ,  10801 : 7.4358312326524e+00 +(2e-02,3e-02) | 5.77e+03 |  9:2.1e-05  7:6.9e-03
  433 ,  10826 : 7.4283317978350e+00 +(2e-02,3e-02) | 5.73e+03 |  9:2.0e-05  7:6.4e-03
  434 ,  10851 : 7.4310832347395e+00 +(2e-02,3e-02) | 5.66e+03 |  9:2.4e-05  7:7.2e-03
  435 ,  10876 : 7.4212206408280e+00 +(3e-02,4e-02) | 5.68e+03 |  9:2.6e-05  7:8.2e-03
  436 ,  10901 : 7.4294638777393e+00 +(2e-02,3e-02) | 5.77e+03 |  9:2.6e-05  7:8.4e-03
  437 ,  10926 : 7.4317507270325e+00 +(1e-02,3e-02) | 5.80e+03 |  9:2.6e-05  7:8.1e-03
  438 ,  10951 : 7.4345257641083e+00 +(1e-02,3e-02) | 5.90e+03 |  9:2.6e-05  7:8.2e-03
  439 ,  10976 : 7.4292421855489e+00 +(2e-02,4e-02) | 5.93e+03 |  9:2.8e-05  7:8.7e-03
Iterat, #Fevals:   Function Value    (median,worst) |Axis Ratio|idx:Min SD idx:Max SD
  440 ,  11001 : 7.4288698978884e+00 +(2e-02,3e-02) | 5.90e+03 |  9:2.6e-05  7:8.4e-03
  441 ,  11026 : 7.4296841649397e+00 +(1e-02,3e-02) | 5.80e+03 |  9:2.8e-05  7:8.5e-03
  442 ,  11051 : 7.4307178105577e+00 +(2e-02,4e-02) | 6.01e+03 |  9:2.9e-05  7:9.1e-03
  443 ,  11076 : 7.4280251620837e+00 +(2e-02,4e-02) | 6.04e+03 |  9:3.0e-05  7:9.2e-03
  444 ,  11101 : 7.4307968365382e+00 +(1e-02,3e-02) | 5.48e+03 |  9:2.8e-05  7:8.9e-03
  445 ,  11126 : 7.4315471897463e+00 +(2e-02,4e-02) | 5.55e+03 |  9:2.6e-05  7:8.4e-03
  446 ,  11151 : 7.4243100019393e+00 +(2e-02,5e-02) | 5.62e+03 |  9:2.4e-05  7:7.6e-03
  447 ,  11176 : 7.4265630557330e+00 +(2e-02,4e-02) | 5.52e+03 |  9:2.1e-05  7:6.8e-03
  448 ,  11201 : 7.4264881592399e+00 +(2e-02,3e-02) | 5.42e+03 |  9:2.0e-05  7:6.4e-03
  449 ,  11226 : 7.4229011492115e+00 +(2e-02,4e-02) | 5.61e+03 |  9:2.3e-05  7:7.1e-03
Iterat, #Fevals:   Function Value    (median,worst) |Axis Ratio|idx:Min SD idx:Max SD
  450 ,  11251 : 7.4273876234826e+00 +(2e-02,4e-02) | 5.24e+03 |  9:2.1e-05  7:6.7e-03
  451 ,  11276 : 7.4245164944585e+00 +(2e-02,5e-02) | 5.45e+03 |  9:2.3e-05  7:7.3e-03
  452 ,  11301 : 7.4342929687734e+00 +(2e-02,3e-02) | 5.79e+03 |  9:2.3e-05  7:7.7e-03
  453 ,  11326 : 7.4248512876120e+00 +(2e-02,4e-02) | 6.05e+03 |  9:2.3e-05  7:7.8e-03
  454 ,  11351 : 7.4327876286363e+00 +(1e-02,4e-02) | 5.60e+03 |  9:2.5e-05  7:8.5e-03
  455 ,  11376 : 7.4272843587201e+00 +(2e-02,4e-02) | 5.68e+03 |  9:2.3e-05  7:7.9e-03
  456 ,  11401 : 7.4339691423316e+00 +(1e-02,3e-02) | 5.88e+03 |  9:2.6e-05  7:8.6e-03
  457 ,  11426 : 7.4335395850655e+00 +(1e-02,3e-02) | 5.90e+03 |  9:2.8e-05  7:8.7e-03
  458 ,  11451 : 7.4266725489917e+00 +(2e-02,5e-02) | 6.53e+03 |  9:3.2e-05  7:1.0e-02
  459 ,  11476 : 7.4256352526417e+00 +(2e-02,4e-02) | 7.21e+03 |  9:3.3e-05  7:1.2e-02
Iterat, #Fevals:   Function Value    (median,worst) |Axis Ratio|idx:Min SD idx:Max SD
  460 ,  11501 : 7.4350062404646e+00 +(1e-02,4e-02) | 7.52e+03 |  9:3.3e-05  7:1.2e-02
  461 ,  11526 : 7.4214297194574e+00 +(3e-02,5e-02) | 8.15e+03 |  9:3.1e-05  7:1.2e-02
  462 ,  11551 : 7.4307279529072e+00 +(2e-02,4e-02) | 8.63e+03 |  9:3.0e-05  7:1.2e-02
  463 ,  11576 : 7.4272074912414e+00 +(2e-02,4e-02) | 8.74e+03 |  9:2.8e-05  7:1.1e-02
  464 ,  11601 : 7.4368615485516e+00 +(1e-02,3e-02) | 9.07e+03 |  9:2.8e-05  7:1.2e-02
  465 ,  11626 : 7.4345580636348e+00 +(2e-02,3e-02) | 8.90e+03 |  9:2.8e-05  7:1.2e-02
  466 ,  11651 : 7.4314148936459e+00 +(2e-02,3e-02) | 9.08e+03 |  9:2.8e-05  7:1.2e-02
#Fevals:   f(returned x)   |    bestever.f     | stopflag (saved to variablescmaes13_9_29.mat)
  11652: 7.43141489365e+00 | 7.41862322743e+00 | stagnation
mean solution: +1.9e-01 +1.3e+00 +1.8e+00 +1.2e-01 +8.0e-01 +6.2e-01 +2.3e+01 +4.7e-01 +1.3e+00
std deviation:  2.3e-04  1.0e-03  6.7e-04  2.1e-04  2.6e-04  4.9e-04  1.2e-02  4.8e-04  2.8e-05
use plotcmaesdat.m for plotting the output at any time (option LogModulo must not be zero)
