
                            < M A T L A B (R) >
                  Copyright 1984-2015 The MathWorks, Inc.
                   R2015a (8.5.0.197613) 64-bit (glnxa64)
                             February 12, 2015

 
For online documentation, see http://www.mathworks.com/support
For product information, visit www.mathworks.com.
 

	Academic License


seed =

                177.180832


Initialtheta =

          50283.1611901228
          7858043.39107742
          44456868.8371139
          1867.79987824505
          2817.18270237973
           627.60629076391
        0.0279299172679345
          2.70348632815679
           786.42319838448

  n=9: (12,25)-CMA-ES(w=[24 17 14... 1.5 0.74]%, ]%, mu_eff=7.3) on function Error
Iterat, #Fevals:   Function Value    (median,worst) |Axis Ratio|idx:Min SD idx:Max SD
    1 ,     26 : 1.6344223089907e+02 +(6e+07,1e+17) | 5.96e+00 |  9:2.3e-01  4:1.4e+00
    2 ,     51 : 1.5052950422547e+02 +(4e+06,3e+15) | 6.11e+00 |  9:2.5e-01  4:1.5e+00
    3 ,     76 : 1.4702093925649e+02 +(2e+01,3e+08) | 5.85e+00 |  9:2.3e-01  4:1.3e+00
    4 ,    101 : 1.4459892098433e+02 +(2e+01,5e+13) | 5.75e+00 |  9:2.5e-01  4:1.4e+00
    5 ,    126 : 2.0602625564002e+01 +(1e+02,8e+10) | 5.70e+00 |  9:2.6e-01  4:1.4e+00
    6 ,    151 : 1.6348713478947e+02 +(2e+00,2e+09) | 5.56e+00 |  9:2.7e-01  4:1.4e+00
    7 ,    176 : 2.5537501362293e+01 +(1e+02,2e+08) | 5.43e+00 |  9:2.3e-01  4:1.2e+00
    8 ,    201 : 1.6254109891451e+02 +(3e+00,4e+08) | 5.26e+00 |  9:2.0e-01  4:1.0e+00
    9 ,    226 : 8.9496384390005e+01 +(8e+01,1e+06) | 5.48e+00 |  9:2.1e-01  4:1.1e+00
Iterat, #Fevals:   Function Value    (median,worst) |Axis Ratio|idx:Min SD idx:Max SD
   10 ,    251 : 1.6480996065871e+02 +(2e-01,7e+05) | 5.54e+00 |  9:1.8e-01  4:9.4e-01
   11 ,    276 : 1.2923352919771e+01 +(3e+02,1e+07) | 5.30e+00 |  9:1.8e-01  4:9.1e-01
   12 ,    301 : 1.5356568060331e+02 +(1e+01,1e+06) | 5.09e+00 |  9:2.1e-01  4:9.8e-01
   13 ,    326 : 1.5787851096543e+01 +(1e+05,3e+07) | 5.01e+00 |  9:2.0e-01  4:9.3e-01
   14 ,    351 : 2.4706218043276e+01 +(1e+02,4e+05) | 5.13e+00 |  9:1.6e-01  4:7.5e-01
   15 ,    376 : 1.3852352745001e+02 +(4e+03,7e+06) | 5.23e+00 |  9:1.5e-01  4:7.1e-01
   16 ,    401 : 9.7475384090044e+00 +(2e+02,4e+05) | 5.11e+00 |  9:1.4e-01  4:6.0e-01
   17 ,    426 : 1.1911004884706e+01 +(2e+02,3e+06) | 4.90e+00 |  9:1.3e-01  4:5.6e-01
   18 ,    451 : 2.0531021254721e+01 +(1e+02,1e+06) | 4.89e+00 |  9:1.2e-01  4:5.2e-01
   19 ,    476 : 3.2318999138395e+01 +(1e+02,2e+05) | 4.93e+00 |  9:1.2e-01  4:5.0e-01
Iterat, #Fevals:   Function Value    (median,worst) |Axis Ratio|idx:Min SD idx:Max SD
   20 ,    501 : 1.0653451602753e+01 +(2e+02,9e+04) | 4.95e+00 |  9:9.7e-02  4:4.2e-01
   21 ,    526 : 1.0161367259365e+01 +(2e+02,2e+05) | 4.99e+00 |  9:9.7e-02  5:4.3e-01
   22 ,    551 : 1.0501395528527e+01 +(2e+02,2e+04) | 5.23e+00 |  9:8.0e-02  5:3.6e-01
   23 ,    576 : 1.1592973835516e+01 +(2e+02,2e+04) | 5.08e+00 |  9:7.2e-02  5:3.3e-01
   24 ,    601 : 1.1258732409586e+01 +(2e+02,1e+04) | 4.86e+00 |  9:7.2e-02  5:3.2e-01
   25 ,    626 : 1.6858784499360e+01 +(1e+02,3e+04) | 5.12e+00 |  9:6.5e-02  5:2.9e-01
   26 ,    651 : 1.2007273680664e+01 +(1e+02,6e+03) | 5.26e+00 |  9:5.1e-02  5:2.4e-01
   27 ,    676 : 1.9193114961023e+01 +(9e+01,3e+03) | 5.24e+00 |  9:5.3e-02  5:2.4e-01
   28 ,    701 : 1.3584783549005e+01 +(1e+02,2e+03) | 5.40e+00 |  9:4.6e-02  5:2.1e-01
   29 ,    726 : 1.0529815450985e+01 +(1e+02,4e+02) | 5.37e+00 |  9:4.0e-02  5:1.8e-01
Iterat, #Fevals:   Function Value    (median,worst) |Axis Ratio|idx:Min SD idx:Max SD
   30 ,    751 : 1.0306880099922e+01 +(1e+02,3e+03) | 5.59e+00 |  9:3.6e-02  5:1.7e-01
   31 ,    776 : 1.2681658717649e+01 +(1e+02,3e+03) | 5.32e+00 |  9:3.9e-02  5:1.7e-01
   32 ,    801 : 1.0302706126249e+01 +(6e+01,4e+03) | 5.43e+00 |  9:3.7e-02  5:1.6e-01
   33 ,    826 : 1.0486957124573e+01 +(9e+01,3e+02) | 5.53e+00 |  9:3.8e-02  5:1.6e-01
   34 ,    851 : 1.0648425985971e+01 +(6e+01,9e+02) | 5.58e+00 |  9:3.9e-02  5:1.6e-01
   35 ,    876 : 1.0766998263806e+01 +(4e+01,5e+02) | 5.52e+00 |  9:3.4e-02  5:1.4e-01
   36 ,    901 : 1.0156127395070e+01 +(4e+01,8e+02) | 5.75e+00 |  9:3.5e-02  5:1.5e-01
   37 ,    926 : 1.0050971622605e+01 +(6e+01,1e+03) | 5.42e+00 |  9:3.5e-02  5:1.5e-01
   38 ,    951 : 1.0607883862786e+01 +(3e+01,5e+02) | 5.78e+00 |  9:3.2e-02  5:1.4e-01
   39 ,    976 : 1.0056550087519e+01 +(1e+01,1e+02) | 6.06e+00 |  9:2.8e-02  5:1.3e-01
Iterat, #Fevals:   Function Value    (median,worst) |Axis Ratio|idx:Min SD idx:Max SD
   40 ,   1001 : 9.9908894736050e+00 +(1e+01,3e+02) | 5.82e+00 |  9:2.6e-02  5:1.2e-01
   41 ,   1026 : 1.0719463655750e+01 +(1e+01,2e+02) | 5.79e+00 |  9:2.9e-02  5:1.3e-01
   42 ,   1051 : 1.0700714273539e+01 +(4e+01,4e+02) | 5.94e+00 |  9:2.9e-02  5:1.4e-01
   43 ,   1076 : 1.0074289904133e+01 +(3e+01,1e+02) | 6.00e+00 |  9:2.7e-02  5:1.2e-01
   44 ,   1101 : 9.8373634426536e+00 +(2e+01,1e+02) | 6.02e+00 |  9:2.6e-02  4:1.2e-01
   45 ,   1126 : 9.9933461882856e+00 +(2e+01,3e+02) | 6.01e+00 |  9:2.5e-02  4:1.2e-01
   46 ,   1151 : 9.9113786400198e+00 +(1e+01,3e+02) | 6.62e+00 |  9:2.6e-02  4:1.4e-01
   47 ,   1176 : 9.7388197731250e+00 +(8e+00,2e+02) | 6.55e+00 |  9:2.6e-02  4:1.3e-01
   48 ,   1201 : 9.5989688057926e+00 +(9e+00,2e+02) | 6.37e+00 |  9:3.1e-02  4:1.4e-01
   49 ,   1226 : 9.8794559071291e+00 +(7e+00,1e+02) | 6.43e+00 |  9:2.9e-02  4:1.3e-01
Iterat, #Fevals:   Function Value    (median,worst) |Axis Ratio|idx:Min SD idx:Max SD
   50 ,   1251 : 9.7306179907894e+00 +(1e+01,2e+02) | 6.71e+00 |  9:3.1e-02  4:1.4e-01
   51 ,   1276 : 9.6958882554684e+00 +(5e+00,8e+01) | 7.08e+00 |  9:3.0e-02  4:1.4e-01
   52 ,   1301 : 9.7096868462997e+00 +(4e+00,5e+01) | 7.43e+00 |  9:3.6e-02  4:1.7e-01
   53 ,   1326 : 9.5899069440845e+00 +(1e+01,1e+02) | 7.80e+00 |  9:3.5e-02  5:1.7e-01
   54 ,   1351 : 9.4829800157729e+00 +(1e+01,1e+02) | 8.07e+00 |  9:3.5e-02  5:1.7e-01
   55 ,   1376 : 9.2307053982943e+00 +(3e+01,1e+02) | 8.33e+00 |  9:3.9e-02  5:1.8e-01
   56 ,   1401 : 9.3651796762864e+00 +(2e+01,6e+01) | 8.77e+00 |  9:4.0e-02  5:1.8e-01
   57 ,   1426 : 9.3873181707456e+00 +(1e+01,1e+02) | 8.94e+00 |  9:3.8e-02  5:1.8e-01
   58 ,   1451 : 9.6944351162736e+00 +(2e+01,8e+01) | 9.21e+00 |  9:3.6e-02  5:1.7e-01
   59 ,   1476 : 9.3407813293624e+00 +(1e+01,1e+02) | 9.42e+00 |  9:3.7e-02  5:1.7e-01
Iterat, #Fevals:   Function Value    (median,worst) |Axis Ratio|idx:Min SD idx:Max SD
   60 ,   1501 : 9.9465080877226e+00 +(1e+01,2e+02) | 1.01e+01 |  9:3.8e-02  5:1.8e-01
   61 ,   1526 : 9.3519016428321e+00 +(4e+00,6e+01) | 1.07e+01 |  9:3.9e-02  5:1.8e-01
   62 ,   1551 : 9.1075543092917e+00 +(4e+00,9e+01) | 1.12e+01 |  9:4.2e-02  5:1.9e-01
   63 ,   1576 : 9.0184511215626e+00 +(5e+00,2e+02) | 1.13e+01 |  9:4.4e-02  5:2.0e-01
   64 ,   1601 : 9.1567856437597e+00 +(8e+00,9e+01) | 1.14e+01 |  9:4.1e-02  5:1.8e-01
   65 ,   1626 : 9.0740361631769e+00 +(4e+00,1e+02) | 1.15e+01 |  9:4.0e-02  5:1.7e-01
   66 ,   1651 : 9.0765576972983e+00 +(3e+00,3e+01) | 1.16e+01 |  9:3.6e-02  5:1.5e-01
   67 ,   1676 : 9.3422909614616e+00 +(8e+00,6e+01) | 1.12e+01 |  9:3.1e-02  5:1.2e-01
   68 ,   1701 : 9.0653644694197e+00 +(6e+00,7e+01) | 1.21e+01 |  9:3.5e-02  5:1.5e-01
   69 ,   1726 : 8.7371304730032e+00 +(5e+00,1e+02) | 1.22e+01 |  9:3.8e-02  5:1.6e-01
Iterat, #Fevals:   Function Value    (median,worst) |Axis Ratio|idx:Min SD idx:Max SD
   70 ,   1751 : 8.9179073038966e+00 +(3e+00,7e+01) | 1.15e+01 |  9:3.8e-02  5:1.6e-01
   71 ,   1776 : 8.7683207877791e+00 +(4e+00,2e+02) | 1.13e+01 |  9:4.8e-02  5:1.9e-01
   72 ,   1801 : 9.1385500935147e+00 +(1e+01,2e+02) | 1.17e+01 |  9:5.0e-02  5:2.0e-01
   73 ,   1826 : 9.0976268023405e+00 +(8e+00,2e+02) | 1.19e+01 |  9:4.9e-02  5:1.9e-01
   74 ,   1851 : 9.0046003316951e+00 +(1e+01,1e+02) | 1.20e+01 |  9:5.0e-02  5:1.8e-01
   75 ,   1876 : 8.5739815995741e+00 +(1e+01,1e+02) | 1.22e+01 |  9:4.2e-02  5:1.6e-01
   76 ,   1901 : 9.1107470233544e+00 +(4e+00,9e+01) | 1.27e+01 |  9:3.7e-02  5:1.4e-01
   77 ,   1926 : 8.6818822430082e+00 +(6e+00,7e+01) | 1.23e+01 |  9:3.5e-02  5:1.3e-01
   78 ,   1951 : 8.8591898137579e+00 +(6e+00,1e+02) | 1.23e+01 |  9:4.0e-02  5:1.4e-01
   79 ,   1976 : 8.9685805720022e+00 +(2e+01,6e+01) | 1.28e+01 |  9:3.8e-02  5:1.3e-01
Iterat, #Fevals:   Function Value    (median,worst) |Axis Ratio|idx:Min SD idx:Max SD
   80 ,   2001 : 8.7042780265737e+00 +(5e+00,5e+01) | 1.34e+01 |  9:3.4e-02  5:1.2e-01
   81 ,   2026 : 8.5614356599744e+00 +(4e+00,2e+01) | 1.34e+01 |  9:3.5e-02  5:1.2e-01
   82 ,   2051 : 8.7495980693426e+00 +(7e+00,3e+01) | 1.31e+01 |  9:3.6e-02  5:1.2e-01
   83 ,   2076 : 8.8752325165353e+00 +(1e+00,3e+01) | 1.33e+01 |  9:3.6e-02  5:1.2e-01
   84 ,   2101 : 8.5861355468243e+00 +(2e+00,4e+01) | 1.37e+01 |  9:3.4e-02  5:1.2e-01
   85 ,   2126 : 8.6226756793830e+00 +(2e+00,2e+01) | 1.43e+01 |  9:3.4e-02  5:1.2e-01
   86 ,   2151 : 8.7094963142052e+00 +(1e+00,1e+01) | 1.45e+01 |  9:3.0e-02  5:1.1e-01
   87 ,   2176 : 8.6179502811643e+00 +(2e+00,1e+01) | 1.51e+01 |  9:2.7e-02  5:9.6e-02
   88 ,   2201 : 8.5425401538129e+00 +(5e-01,1e+01) | 1.55e+01 |  9:3.0e-02  5:1.0e-01
   89 ,   2226 : 8.5175358597217e+00 +(6e-01,7e+00) | 1.68e+01 |  9:3.3e-02  5:1.2e-01
Iterat, #Fevals:   Function Value    (median,worst) |Axis Ratio|idx:Min SD idx:Max SD
   90 ,   2251 : 8.3893975446702e+00 +(2e+00,1e+01) | 1.74e+01 |  9:3.6e-02  5:1.3e-01
   91 ,   2276 : 8.4011882088960e+00 +(2e+00,1e+01) | 1.78e+01 |  9:4.4e-02  5:1.6e-01
   92 ,   2301 : 8.3488722043584e+00 +(2e+00,5e+01) | 1.77e+01 |  9:4.5e-02  5:1.6e-01
   93 ,   2326 : 8.0401121011683e+00 +(5e+00,3e+01) | 1.75e+01 |  9:5.6e-02  5:1.9e-01
   94 ,   2351 : 8.1868773137760e+00 +(1e+01,1e+02) | 1.79e+01 |  9:5.8e-02  5:2.0e-01
   95 ,   2376 : 7.8677963414408e+00 +(7e+00,4e+01) | 1.78e+01 |  9:5.9e-02  5:2.0e-01
   96 ,   2401 : 8.1354173809771e+00 +(5e+00,2e+01) | 1.78e+01 |  9:6.0e-02  5:2.0e-01
   97 ,   2426 : 8.1964571020353e+00 +(3e+00,1e+02) | 1.73e+01 |  9:6.1e-02  5:2.0e-01
   98 ,   2451 : 7.7950888674205e+00 +(5e+00,1e+02) | 1.73e+01 |  9:5.8e-02  5:1.9e-01
   99 ,   2476 : 7.9100135302445e+00 +(4e+00,5e+01) | 1.73e+01 |  9:6.8e-02  5:2.1e-01
Iterat, #Fevals:   Function Value    (median,worst) |Axis Ratio|idx:Min SD idx:Max SD
  100 ,   2501 : 7.6505844882120e+00 +(3e+00,7e+01) | 1.73e+01 |  9:6.6e-02  5:2.1e-01
  101 ,   2526 : 7.7365823880116e+00 +(8e+00,7e+01) | 1.74e+01 |  9:5.9e-02  5:1.9e-01
  102 ,   2551 : 7.6829368084087e+00 +(6e+00,7e+01) | 1.73e+01 |  9:5.0e-02  5:1.6e-01
  103 ,   2576 : 7.8176998540800e+00 +(4e+00,3e+01) | 1.64e+01 |  9:5.3e-02  5:1.7e-01
  104 ,   2601 : 7.6049439869543e+00 +(2e+00,2e+01) | 1.71e+01 |  9:5.2e-02  5:1.7e-01
  105 ,   2626 : 7.7202334869162e+00 +(2e+00,4e+01) | 1.73e+01 |  9:4.5e-02  5:1.5e-01
  106 ,   2651 : 7.6947570899932e+00 +(2e+00,3e+01) | 1.78e+01 |  9:4.3e-02  5:1.4e-01
  107 ,   2676 : 7.6251525095336e+00 +(1e+00,1e+01) | 1.89e+01 |  9:4.1e-02  5:1.3e-01
  108 ,   2701 : 7.5911488732376e+00 +(3e+00,2e+01) | 2.05e+01 |  9:3.7e-02  5:1.3e-01
  109 ,   2726 : 7.5765790308062e+00 +(1e+00,1e+01) | 2.14e+01 |  9:3.4e-02  5:1.2e-01
Iterat, #Fevals:   Function Value    (median,worst) |Axis Ratio|idx:Min SD idx:Max SD
  110 ,   2751 : 7.6276450320393e+00 +(8e-01,1e+01) | 2.12e+01 |  9:3.3e-02  5:1.2e-01
  111 ,   2776 : 7.5234788703965e+00 +(6e-01,4e+00) | 2.10e+01 |  9:3.2e-02  5:1.1e-01
  112 ,   2801 : 7.6003417451708e+00 +(1e+00,8e+00) | 2.28e+01 |  9:2.9e-02  5:1.1e-01
  113 ,   2826 : 7.5033257315709e+00 +(6e-01,8e+00) | 2.30e+01 |  9:2.5e-02  5:9.4e-02
  114 ,   2851 : 7.5778304896295e+00 +(2e-01,3e+00) | 2.34e+01 |  9:2.4e-02  5:9.1e-02
  115 ,   2876 : 7.5460599441875e+00 +(6e-01,5e+00) | 2.33e+01 |  9:2.3e-02  5:8.5e-02
  116 ,   2901 : 7.5408855928900e+00 +(3e-01,7e+00) | 2.40e+01 |  9:2.0e-02  5:7.8e-02
  117 ,   2926 : 7.5730298455696e+00 +(4e-01,2e+00) | 2.46e+01 |  9:1.7e-02  5:6.9e-02
  118 ,   2951 : 7.5677653554564e+00 +(5e-01,3e+00) | 2.47e+01 |  9:1.9e-02  5:7.7e-02
  119 ,   2976 : 7.5854501712395e+00 +(4e-01,6e+00) | 2.50e+01 |  9:1.7e-02  5:6.8e-02
Iterat, #Fevals:   Function Value    (median,worst) |Axis Ratio|idx:Min SD idx:Max SD
  120 ,   3001 : 7.5976062256403e+00 +(1e-01,4e+00) | 2.51e+01 |  9:1.3e-02  5:5.5e-02
  121 ,   3026 : 7.5585288388165e+00 +(1e-01,2e+00) | 2.60e+01 |  9:1.3e-02  5:5.6e-02
  122 ,   3051 : 7.5330321947168e+00 +(1e-01,3e+00) | 2.60e+01 |  9:1.2e-02  5:5.1e-02
  123 ,   3076 : 7.5266670086877e+00 +(1e-01,1e+00) | 2.62e+01 |  9:1.2e-02  5:5.2e-02
  124 ,   3101 : 7.5203023999478e+00 +(2e-01,1e+00) | 2.71e+01 |  9:1.1e-02  5:5.0e-02
  125 ,   3126 : 7.5365185309136e+00 +(1e-01,6e-01) | 2.74e+01 |  9:1.1e-02  5:5.1e-02
  126 ,   3151 : 7.5219086926333e+00 +(1e-01,8e-01) | 2.76e+01 |  9:9.6e-03  5:4.4e-02
  127 ,   3176 : 7.5398863122972e+00 +(1e-01,9e-01) | 2.80e+01 |  9:8.5e-03  5:3.9e-02
  128 ,   3201 : 7.5465745040236e+00 +(6e-02,6e-01) | 2.84e+01 |  9:8.2e-03  5:3.8e-02
  129 ,   3226 : 7.5332227118066e+00 +(6e-02,6e-01) | 2.97e+01 |  9:7.1e-03  5:3.5e-02
Iterat, #Fevals:   Function Value    (median,worst) |Axis Ratio|idx:Min SD idx:Max SD
  130 ,   3251 : 7.5321417801957e+00 +(4e-02,3e-01) | 2.92e+01 |  9:7.8e-03  5:3.9e-02
  131 ,   3276 : 7.5411490516940e+00 +(3e-02,5e-01) | 3.05e+01 |  9:6.6e-03  5:3.4e-02
  132 ,   3301 : 7.5211710777258e+00 +(6e-02,3e-01) | 3.11e+01 |  9:5.9e-03  5:3.1e-02
  133 ,   3326 : 7.5185896680893e+00 +(4e-02,1e-01) | 3.16e+01 |  9:5.1e-03  5:2.7e-02
  134 ,   3351 : 7.5223751576599e+00 +(5e-02,3e-01) | 3.30e+01 |  9:4.1e-03  5:2.3e-02
  135 ,   3376 : 7.5176626603328e+00 +(4e-02,1e-01) | 3.42e+01 |  9:3.9e-03  5:2.2e-02
  136 ,   3401 : 7.5241197309496e+00 +(3e-02,7e-02) | 3.54e+01 |  9:3.9e-03  5:2.3e-02
  137 ,   3426 : 7.5292999956552e+00 +(1e-02,5e-02) | 3.58e+01 |  9:3.3e-03  5:1.9e-02
  138 ,   3451 : 7.5124836197906e+00 +(3e-02,7e-02) | 3.65e+01 |  9:3.5e-03  5:2.2e-02
  139 ,   3476 : 7.5160532624664e+00 +(4e-02,7e-02) | 3.69e+01 |  9:3.5e-03  5:2.2e-02
Iterat, #Fevals:   Function Value    (median,worst) |Axis Ratio|idx:Min SD idx:Max SD
  140 ,   3501 : 7.5310012435720e+00 +(2e-02,8e-02) | 4.08e+01 |  9:3.6e-03  5:2.5e-02
  141 ,   3526 : 7.5143902078340e+00 +(3e-02,9e-02) | 4.30e+01 |  9:3.9e-03  5:3.0e-02
  142 ,   3551 : 7.5221256264141e+00 +(3e-02,7e-02) | 4.42e+01 |  9:4.0e-03  5:3.2e-02
  143 ,   3576 : 7.5136847982332e+00 +(3e-02,9e-02) | 4.79e+01 |  9:3.5e-03  5:3.1e-02
  144 ,   3601 : 7.5247742516316e+00 +(4e-02,9e-02) | 4.82e+01 |  9:3.2e-03  5:2.9e-02
  145 ,   3626 : 7.5264104567881e+00 +(2e-02,1e-01) | 4.92e+01 |  9:3.2e-03  5:3.0e-02
  146 ,   3651 : 7.5185695360204e+00 +(3e-02,1e-01) | 5.03e+01 |  9:3.0e-03  5:2.8e-02
  147 ,   3676 : 7.5199976064268e+00 +(2e-02,5e-02) | 5.12e+01 |  9:2.8e-03  5:2.8e-02
  148 ,   3701 : 7.5127592412341e+00 +(4e-02,1e-01) | 5.24e+01 |  9:2.7e-03  5:2.8e-02
  149 ,   3726 : 7.5178181529588e+00 +(3e-02,9e-02) | 5.19e+01 |  9:2.5e-03  5:2.5e-02
Iterat, #Fevals:   Function Value    (median,worst) |Axis Ratio|idx:Min SD idx:Max SD
  150 ,   3751 : 7.5189387022186e+00 +(2e-02,8e-02) | 5.48e+01 |  9:2.3e-03  5:2.4e-02
  151 ,   3776 : 7.5175828679374e+00 +(2e-02,5e-02) | 5.58e+01 |  9:2.6e-03  5:2.8e-02
  152 ,   3801 : 7.5213688008305e+00 +(2e-02,2e-01) | 5.58e+01 |  9:2.6e-03  5:2.9e-02
  153 ,   3826 : 7.5215043581023e+00 +(2e-02,7e-02) | 5.87e+01 |  9:2.3e-03  5:2.8e-02
  154 ,   3851 : 7.5208946391156e+00 +(2e-02,6e-02) | 6.12e+01 |  9:2.1e-03  5:2.6e-02
  155 ,   3876 : 7.5259125643680e+00 +(2e-02,4e-02) | 6.03e+01 |  9:2.1e-03  5:2.7e-02
  156 ,   3901 : 7.5213908563335e+00 +(1e-02,3e-02) | 5.90e+01 |  9:2.0e-03  5:2.6e-02
  157 ,   3926 : 7.5196556842101e+00 +(2e-02,6e-02) | 5.91e+01 |  9:1.8e-03  5:2.3e-02
  158 ,   3951 : 7.5222519131407e+00 +(1e-02,4e-02) | 5.95e+01 |  9:1.7e-03  5:2.1e-02
  159 ,   3976 : 7.5240099234173e+00 +(1e-02,3e-02) | 6.08e+01 |  9:1.4e-03  5:1.9e-02
Iterat, #Fevals:   Function Value    (median,worst) |Axis Ratio|idx:Min SD idx:Max SD
  160 ,   4001 : 7.5228980657257e+00 +(1e-02,4e-02) | 6.16e+01 |  9:1.2e-03  5:1.6e-02
  161 ,   4026 : 7.5160855206258e+00 +(1e-02,3e-02) | 6.26e+01 |  9:1.1e-03  5:1.5e-02
  162 ,   4051 : 7.5215476230906e+00 +(1e-02,3e-02) | 6.63e+01 |  9:1.1e-03  5:1.7e-02
  163 ,   4076 : 7.5206990612864e+00 +(1e-02,4e-02) | 7.07e+01 |  9:1.0e-03  5:1.7e-02
  164 ,   4101 : 7.5136155783871e+00 +(2e-02,3e-02) | 7.30e+01 |  9:8.9e-04  5:1.5e-02
  165 ,   4126 : 7.5212261303686e+00 +(1e-02,2e-02) | 7.27e+01 |  9:8.2e-04  5:1.3e-02
  166 ,   4151 : 7.5169303133497e+00 +(1e-02,2e-02) | 7.11e+01 |  9:7.5e-04  5:1.2e-02
  167 ,   4176 : 7.5156654454925e+00 +(2e-02,4e-02) | 7.52e+01 |  9:7.1e-04  5:1.3e-02
  168 ,   4201 : 7.5217258108807e+00 +(1e-02,2e-02) | 7.65e+01 |  9:6.1e-04  5:1.1e-02
  169 ,   4226 : 7.5149880324654e+00 +(1e-02,3e-02) | 7.41e+01 |  9:5.4e-04  5:1.0e-02
Iterat, #Fevals:   Function Value    (median,worst) |Axis Ratio|idx:Min SD idx:Max SD
  170 ,   4251 : 7.5181492279928e+00 +(1e-02,3e-02) | 7.61e+01 |  9:4.2e-04  5:7.9e-03
  171 ,   4276 : 7.5169083396091e+00 +(1e-02,2e-02) | 8.13e+01 |  9:3.6e-04  5:7.2e-03
  172 ,   4301 : 7.5166229833248e+00 +(1e-02,2e-02) | 8.79e+01 |  9:3.9e-04  5:8.2e-03
  173 ,   4326 : 7.5164645126657e+00 +(2e-02,3e-02) | 9.84e+01 |  9:4.1e-04  5:9.5e-03
  174 ,   4351 : 7.5204581077311e+00 +(1e-02,2e-02) | 9.83e+01 |  9:3.9e-04  5:9.0e-03
  175 ,   4376 : 7.5127323662065e+00 +(1e-02,3e-02) | 9.94e+01 |  9:3.2e-04  5:7.6e-03
  176 ,   4401 : 7.5155321832257e+00 +(1e-02,2e-02) | 9.88e+01 |  9:3.1e-04  5:7.4e-03
  177 ,   4426 : 7.5179647222455e+00 +(1e-02,2e-02) | 9.74e+01 |  9:3.4e-04  5:8.0e-03
  178 ,   4451 : 7.5162224485362e+00 +(1e-02,2e-02) | 1.06e+02 |  9:3.7e-04  5:1.0e-02
  179 ,   4476 : 7.5174488987657e+00 +(1e-02,2e-02) | 1.07e+02 |  9:3.6e-04  5:1.0e-02
Iterat, #Fevals:   Function Value    (median,worst) |Axis Ratio|idx:Min SD idx:Max SD
  180 ,   4501 : 7.5146271204688e+00 +(1e-02,3e-02) | 1.13e+02 |  9:3.5e-04  5:1.0e-02
  181 ,   4526 : 7.5100711455750e+00 +(2e-02,3e-02) | 1.16e+02 |  9:4.4e-04  5:1.3e-02
  182 ,   4551 : 7.5184835717401e+00 +(1e-02,2e-02) | 1.17e+02 |  9:4.3e-04  5:1.3e-02
  183 ,   4576 : 7.5147336398087e+00 +(1e-02,3e-02) | 1.11e+02 |  9:4.1e-04  5:1.3e-02
  184 ,   4601 : 7.5224413862204e+00 +(7e-03,2e-02) | 1.07e+02 |  9:3.9e-04  5:1.2e-02
  185 ,   4626 : 7.5182979580440e+00 +(9e-03,2e-02) | 1.07e+02 |  9:3.2e-04  5:9.9e-03
  186 ,   4651 : 7.5189065795375e+00 +(9e-03,2e-02) | 1.05e+02 |  9:3.2e-04  5:9.5e-03
  187 ,   4676 : 7.5131974934953e+00 +(2e-02,3e-02) | 1.07e+02 |  9:3.3e-04  5:1.0e-02
  188 ,   4701 : 7.5172132319663e+00 +(1e-02,3e-02) | 1.09e+02 |  9:2.8e-04  5:8.8e-03
  189 ,   4726 : 7.5133284197378e+00 +(1e-02,3e-02) | 1.10e+02 |  9:2.8e-04  5:8.4e-03
Iterat, #Fevals:   Function Value    (median,worst) |Axis Ratio|idx:Min SD idx:Max SD
  190 ,   4751 : 7.5141685780246e+00 +(1e-02,3e-02) | 1.06e+02 |  9:2.8e-04  5:8.5e-03
  191 ,   4776 : 7.5167027127428e+00 +(9e-03,3e-02) | 1.01e+02 |  9:2.7e-04  5:8.3e-03
  192 ,   4801 : 7.5135484334326e+00 +(1e-02,3e-02) | 1.02e+02 |  9:2.5e-04  5:7.7e-03
  193 ,   4826 : 7.5164921012148e+00 +(9e-03,2e-02) | 9.88e+01 |  9:2.7e-04  5:8.0e-03
  194 ,   4851 : 7.5098189591003e+00 +(2e-02,4e-02) | 9.64e+01 |  9:2.4e-04  5:7.2e-03
  195 ,   4876 : 7.5181483803590e+00 +(1e-02,2e-02) | 9.98e+01 |  9:2.2e-04  5:6.6e-03
  196 ,   4901 : 7.5188951411120e+00 +(1e-02,3e-02) | 1.06e+02 |  9:2.0e-04  5:6.2e-03
  197 ,   4926 : 7.5144953639950e+00 +(2e-02,3e-02) | 1.06e+02 |  9:2.2e-04  5:6.4e-03
  198 ,   4951 : 7.5141305716915e+00 +(1e-02,2e-02) | 1.15e+02 |  9:2.4e-04  5:7.5e-03
  199 ,   4976 : 7.5142062002103e+00 +(1e-02,3e-02) | 1.19e+02 |  9:3.2e-04  5:9.9e-03
Iterat, #Fevals:   Function Value    (median,worst) |Axis Ratio|idx:Min SD idx:Max SD
  200 ,   5001 : 7.5197761517228e+00 +(8e-03,3e-02) | 1.33e+02 |  9:3.3e-04  5:1.2e-02
  201 ,   5026 : 7.5212207458211e+00 +(8e-03,3e-02) | 1.28e+02 |  9:3.5e-04  5:1.2e-02
  202 ,   5051 : 7.5152270910544e+00 +(2e-02,3e-02) | 1.36e+02 |  9:3.8e-04  5:1.4e-02
  203 ,   5076 : 7.5165352441153e+00 +(2e-02,3e-02) | 1.38e+02 |  9:3.6e-04  5:1.3e-02
  204 ,   5101 : 7.5199556993698e+00 +(8e-03,3e-02) | 1.36e+02 |  9:3.4e-04  5:1.3e-02
  205 ,   5126 : 7.5179438628853e+00 +(1e-02,3e-02) | 1.37e+02 |  9:3.4e-04  5:1.3e-02
  206 ,   5151 : 7.5210161232065e+00 +(6e-03,2e-02) | 1.40e+02 |  9:3.7e-04  5:1.4e-02
  207 ,   5176 : 7.5148122040168e+00 +(1e-02,3e-02) | 1.37e+02 |  9:3.7e-04  5:1.4e-02
  208 ,   5201 : 7.5161695273813e+00 +(1e-02,2e-02) | 1.34e+02 |  9:3.8e-04  5:1.4e-02
  209 ,   5226 : 7.5167082088733e+00 +(1e-02,3e-02) | 1.33e+02 |  9:3.5e-04  5:1.3e-02
Iterat, #Fevals:   Function Value    (median,worst) |Axis Ratio|idx:Min SD idx:Max SD
  210 ,   5251 : 7.5117613777048e+00 +(1e-02,3e-02) | 1.23e+02 |  9:3.6e-04  5:1.3e-02
  211 ,   5276 : 7.5187679627609e+00 +(1e-02,2e-02) | 1.22e+02 |  9:3.8e-04  5:1.3e-02
  212 ,   5301 : 7.5148443577456e+00 +(2e-02,3e-02) | 1.28e+02 |  9:3.8e-04  5:1.4e-02
  213 ,   5326 : 7.5185217640496e+00 +(9e-03,2e-02) | 1.29e+02 |  9:3.7e-04  5:1.4e-02
  214 ,   5351 : 7.5183516927608e+00 +(1e-02,2e-02) | 1.24e+02 |  9:3.9e-04  5:1.4e-02
  215 ,   5376 : 7.5148899961856e+00 +(1e-02,3e-02) | 1.24e+02 |  9:4.1e-04  5:1.4e-02
  216 ,   5401 : 7.5097051640300e+00 +(2e-02,4e-02) | 1.16e+02 |  9:4.4e-04  5:1.5e-02
  217 ,   5426 : 7.5160148041635e+00 +(1e-02,2e-02) | 1.12e+02 |  9:4.3e-04  5:1.5e-02
  218 ,   5451 : 7.5181169596171e+00 +(8e-03,2e-02) | 1.12e+02 |  9:4.5e-04  5:1.6e-02
  219 ,   5476 : 7.5172981062009e+00 +(8e-03,2e-02) | 1.12e+02 |  9:4.4e-04  5:1.6e-02
Iterat, #Fevals:   Function Value    (median,worst) |Axis Ratio|idx:Min SD idx:Max SD
  220 ,   5501 : 7.5144187532907e+00 +(1e-02,2e-02) | 1.12e+02 |  9:4.0e-04  5:1.4e-02
  221 ,   5526 : 7.5084551474685e+00 +(2e-02,3e-02) | 1.07e+02 |  9:3.9e-04  5:1.4e-02
  222 ,   5551 : 7.5110423854595e+00 +(2e-02,3e-02) | 1.05e+02 |  9:3.3e-04  5:1.1e-02
  223 ,   5576 : 7.5182010650720e+00 +(6e-03,2e-02) | 1.01e+02 |  9:3.3e-04  5:1.2e-02
  224 ,   5601 : 7.5143714348864e+00 +(1e-02,3e-02) | 1.01e+02 |  9:3.0e-04  5:1.1e-02
  225 ,   5626 : 7.5166766818176e+00 +(1e-02,3e-02) | 1.04e+02 |  9:2.5e-04  5:8.8e-03
  226 ,   5651 : 7.5142472588920e+00 +(1e-02,2e-02) | 1.00e+02 |  9:2.7e-04  5:9.6e-03
  227 ,   5676 : 7.5161520124170e+00 +(1e-02,2e-02) | 9.79e+01 |  9:2.9e-04  5:1.0e-02
  228 ,   5701 : 7.5052794054697e+00 +(2e-02,3e-02) | 9.77e+01 |  9:3.4e-04  5:1.2e-02
  229 ,   5726 : 7.5141934136580e+00 +(1e-02,3e-02) | 1.01e+02 |  9:3.2e-04  5:1.2e-02
Iterat, #Fevals:   Function Value    (median,worst) |Axis Ratio|idx:Min SD idx:Max SD
  230 ,   5751 : 7.5126652155908e+00 +(2e-02,4e-02) | 1.02e+02 |  9:2.7e-04  5:1.0e-02
  231 ,   5776 : 7.5124817318766e+00 +(2e-02,4e-02) | 1.13e+02 |  9:3.0e-04  5:1.2e-02
  232 ,   5801 : 7.5078744421208e+00 +(2e-02,3e-02) | 1.19e+02 |  9:2.9e-04  5:1.2e-02
  233 ,   5826 : 7.5112904772615e+00 +(2e-02,4e-02) | 1.17e+02 |  9:2.7e-04  5:1.1e-02
  234 ,   5851 : 7.5151664629934e+00 +(1e-02,3e-02) | 1.14e+02 |  9:2.7e-04  5:1.1e-02
  235 ,   5876 : 7.5158900299060e+00 +(1e-02,4e-02) | 1.10e+02 |  9:2.8e-04  5:1.1e-02
  236 ,   5901 : 7.5173525202486e+00 +(1e-02,3e-02) | 1.10e+02 |  9:2.6e-04  5:1.0e-02
  237 ,   5926 : 7.5170228757121e+00 +(9e-03,2e-02) | 1.15e+02 |  9:2.6e-04  5:1.1e-02
  238 ,   5951 : 7.5164147073268e+00 +(2e-02,3e-02) | 1.19e+02 |  9:2.3e-04  5:9.9e-03
  239 ,   5976 : 7.5179142710725e+00 +(9e-03,2e-02) | 1.23e+02 |  9:2.2e-04  5:1.0e-02
Iterat, #Fevals:   Function Value    (median,worst) |Axis Ratio|idx:Min SD idx:Max SD
  240 ,   6001 : 7.5150302691393e+00 +(8e-03,2e-02) | 1.15e+02 |  9:2.4e-04  5:1.1e-02
  241 ,   6026 : 7.5049978757138e+00 +(2e-02,3e-02) | 1.16e+02 |  9:2.2e-04  5:1.0e-02
  242 ,   6051 : 7.5118789231286e+00 +(1e-02,3e-02) | 1.14e+02 |  9:2.4e-04  5:1.1e-02
  243 ,   6076 : 7.5098194593694e+00 +(2e-02,4e-02) | 1.18e+02 |  9:2.2e-04  5:1.1e-02
  244 ,   6101 : 7.5151070594953e+00 +(1e-02,3e-02) | 1.23e+02 |  9:2.4e-04  5:1.2e-02
  245 ,   6126 : 7.5097806153603e+00 +(2e-02,4e-02) | 1.20e+02 |  9:2.3e-04  5:1.1e-02
  246 ,   6151 : 7.5010162340625e+00 +(3e-02,4e-02) | 1.18e+02 |  9:2.0e-04  5:9.7e-03
  247 ,   6176 : 7.5152637657270e+00 +(1e-02,4e-02) | 1.20e+02 |  9:1.8e-04  5:8.8e-03
  248 ,   6201 : 7.5127080066949e+00 +(1e-02,5e-02) | 1.31e+02 |  9:2.1e-04  5:1.0e-02
  249 ,   6226 : 7.5049674522154e+00 +(2e-02,3e-02) | 1.29e+02 |  9:2.1e-04  5:1.0e-02
Iterat, #Fevals:   Function Value    (median,worst) |Axis Ratio|idx:Min SD idx:Max SD
  250 ,   6251 : 7.5090702782340e+00 +(2e-02,3e-02) | 1.21e+02 |  9:2.1e-04  5:1.0e-02
  251 ,   6276 : 7.5082794380498e+00 +(2e-02,4e-02) | 1.21e+02 |  9:1.9e-04  5:9.3e-03
  252 ,   6301 : 7.5122936717973e+00 +(1e-02,3e-02) | 1.24e+02 |  9:1.9e-04  5:9.3e-03
  253 ,   6326 : 7.5124288034539e+00 +(2e-02,3e-02) | 1.28e+02 |  9:2.3e-04  5:1.1e-02
  254 ,   6351 : 7.5120359319896e+00 +(2e-02,4e-02) | 1.29e+02 |  9:2.4e-04  5:1.1e-02
  255 ,   6376 : 7.5085313060639e+00 +(2e-02,5e-02) | 1.37e+02 |  9:2.1e-04  5:1.0e-02
  256 ,   6401 : 7.4959228216163e+00 +(3e-02,4e-02) | 1.32e+02 |  9:2.1e-04  5:9.6e-03
  257 ,   6426 : 7.5036559702192e+00 +(2e-02,4e-02) | 1.35e+02 |  9:2.0e-04  5:9.5e-03
  258 ,   6451 : 7.5095718200810e+00 +(2e-02,3e-02) | 1.39e+02 |  9:2.0e-04  5:9.8e-03
  259 ,   6476 : 7.5033626664230e+00 +(3e-02,4e-02) | 1.45e+02 |  9:2.0e-04  5:9.6e-03
Iterat, #Fevals:   Function Value    (median,worst) |Axis Ratio|idx:Min SD idx:Max SD
  260 ,   6501 : 7.5145557266386e+00 +(1e-02,4e-02) | 1.43e+02 |  9:2.1e-04  5:1.0e-02
  261 ,   6526 : 7.5064688307372e+00 +(2e-02,4e-02) | 1.40e+02 |  9:2.1e-04  5:9.7e-03
  262 ,   6551 : 7.5099469189001e+00 +(2e-02,3e-02) | 1.41e+02 |  9:2.0e-04  5:9.8e-03
  263 ,   6576 : 7.5097519659724e+00 +(2e-02,4e-02) | 1.40e+02 |  9:1.9e-04  5:9.5e-03
  264 ,   6601 : 7.5110966494328e+00 +(2e-02,4e-02) | 1.37e+02 |  9:1.9e-04  5:9.4e-03
  265 ,   6626 : 7.5025974541213e+00 +(3e-02,5e-02) | 1.46e+02 |  9:1.7e-04  5:8.5e-03
  266 ,   6651 : 7.5032550843059e+00 +(2e-02,5e-02) | 1.42e+02 |  9:1.6e-04  5:8.0e-03
  267 ,   6676 : 7.5065439678987e+00 +(2e-02,4e-02) | 1.47e+02 |  9:1.6e-04  5:8.3e-03
  268 ,   6701 : 7.5086904906272e+00 +(2e-02,4e-02) | 1.47e+02 |  9:1.6e-04  5:8.5e-03
  269 ,   6726 : 7.5085301359367e+00 +(2e-02,3e-02) | 1.49e+02 |  9:1.6e-04  5:8.4e-03
Iterat, #Fevals:   Function Value    (median,worst) |Axis Ratio|idx:Min SD idx:Max SD
  270 ,   6751 : 7.5003153634780e+00 +(3e-02,4e-02) | 1.56e+02 |  9:1.6e-04  5:8.2e-03
  271 ,   6776 : 7.5050232404209e+00 +(2e-02,4e-02) | 1.60e+02 |  9:1.6e-04  5:8.5e-03
  272 ,   6801 : 7.5138759019859e+00 +(1e-02,3e-02) | 1.69e+02 |  9:1.5e-04  5:8.1e-03
  273 ,   6826 : 7.5074489925255e+00 +(2e-02,4e-02) | 1.70e+02 |  9:1.4e-04  5:7.6e-03
  274 ,   6851 : 7.5174506449176e+00 +(1e-02,4e-02) | 1.74e+02 |  9:1.3e-04  5:7.4e-03
  275 ,   6876 : 7.5061616348079e+00 +(2e-02,4e-02) | 1.73e+02 |  9:1.3e-04  5:7.3e-03
  276 ,   6901 : 7.5104930373013e+00 +(2e-02,4e-02) | 1.77e+02 |  9:1.3e-04  5:7.1e-03
  277 ,   6926 : 7.5017693008564e+00 +(2e-02,4e-02) | 1.72e+02 |  9:1.3e-04  5:6.9e-03
  278 ,   6951 : 7.5067500076353e+00 +(2e-02,4e-02) | 1.72e+02 |  9:1.2e-04  5:6.1e-03
  279 ,   6976 : 7.4967567463653e+00 +(3e-02,6e-02) | 1.73e+02 |  9:1.1e-04  5:6.1e-03
Iterat, #Fevals:   Function Value    (median,worst) |Axis Ratio|idx:Min SD idx:Max SD
  280 ,   7001 : 7.5039642385450e+00 +(2e-02,5e-02) | 1.67e+02 |  9:1.2e-04  5:6.3e-03
  281 ,   7026 : 7.5057956729418e+00 +(2e-02,3e-02) | 1.73e+02 |  9:1.0e-04  5:5.8e-03
  282 ,   7051 : 7.4989526298773e+00 +(2e-02,4e-02) | 1.77e+02 |  9:1.1e-04  5:5.7e-03
  283 ,   7076 : 7.5025918190627e+00 +(2e-02,5e-02) | 1.68e+02 |  9:1.0e-04  5:5.1e-03
  284 ,   7101 : 7.5074009695599e+00 +(2e-02,5e-02) | 1.67e+02 |  9:1.0e-04  5:4.9e-03
  285 ,   7126 : 7.5033644596100e+00 +(2e-02,4e-02) | 1.80e+02 |  9:9.1e-05  5:4.5e-03
  286 ,   7151 : 7.5019081147303e+00 +(2e-02,4e-02) | 1.79e+02 |  9:8.0e-05  5:3.9e-03
  287 ,   7176 : 7.5015692421111e+00 +(2e-02,4e-02) | 1.84e+02 |  9:7.4e-05  5:3.6e-03
  288 ,   7201 : 7.5070848821288e+00 +(2e-02,4e-02) | 1.86e+02 |  9:7.5e-05  5:3.6e-03
  289 ,   7226 : 7.5001338148931e+00 +(3e-02,5e-02) | 1.83e+02 |  9:8.0e-05  5:3.8e-03
Iterat, #Fevals:   Function Value    (median,worst) |Axis Ratio|idx:Min SD idx:Max SD
  290 ,   7251 : 7.5050476072461e+00 +(2e-02,4e-02) | 1.72e+02 |  9:9.0e-05  5:4.0e-03
  291 ,   7276 : 7.5097487824252e+00 +(2e-02,4e-02) | 1.70e+02 |  9:9.1e-05  5:4.1e-03
  292 ,   7301 : 7.5063520347652e+00 +(2e-02,4e-02) | 1.69e+02 |  9:8.6e-05  5:3.9e-03
  293 ,   7326 : 7.5056431482903e+00 +(2e-02,4e-02) | 1.77e+02 |  9:8.9e-05  5:4.1e-03
  294 ,   7351 : 7.5015323315147e+00 +(2e-02,3e-02) | 1.77e+02 |  9:9.7e-05  5:4.2e-03
  295 ,   7376 : 7.5094507796862e+00 +(2e-02,5e-02) | 1.83e+02 |  9:8.8e-05  5:4.0e-03
  296 ,   7401 : 7.5054492603554e+00 +(2e-02,5e-02) | 1.78e+02 |  9:7.8e-05  5:3.5e-03
  297 ,   7426 : 7.5053231433155e+00 +(2e-02,4e-02) | 1.84e+02 |  9:6.7e-05  5:3.2e-03
  298 ,   7451 : 7.5036609883122e+00 +(2e-02,4e-02) | 1.83e+02 |  9:7.1e-05  5:3.3e-03
  299 ,   7476 : 7.5088340715616e+00 +(1e-02,5e-02) | 1.82e+02 |  9:6.6e-05  5:3.2e-03
Iterat, #Fevals:   Function Value    (median,worst) |Axis Ratio|idx:Min SD idx:Max SD
  300 ,   7501 : 7.5110852745403e+00 +(1e-02,3e-02) | 1.85e+02 |  9:6.3e-05  5:3.1e-03
  301 ,   7526 : 7.5007590454975e+00 +(2e-02,4e-02) | 1.88e+02 |  9:6.6e-05  5:3.2e-03
  302 ,   7551 : 7.5010548809727e+00 +(3e-02,4e-02) | 1.88e+02 |  9:6.5e-05  5:3.2e-03
  303 ,   7576 : 7.5050861862770e+00 +(2e-02,5e-02) | 1.91e+02 |  9:6.1e-05  5:3.0e-03
  304 ,   7601 : 7.5058727063040e+00 +(2e-02,4e-02) | 1.93e+02 |  9:5.7e-05  5:2.9e-03
  305 ,   7626 : 7.5011876159877e+00 +(3e-02,4e-02) | 1.96e+02 |  9:5.2e-05  5:2.7e-03
  306 ,   7651 : 7.5134537138453e+00 +(2e-02,4e-02) | 1.97e+02 |  9:5.2e-05  5:2.8e-03
  307 ,   7676 : 7.4983811448672e+00 +(3e-02,4e-02) | 2.01e+02 |  9:4.9e-05  5:2.6e-03
  308 ,   7701 : 7.4995684550877e+00 +(2e-02,4e-02) | 1.99e+02 |  9:4.6e-05  5:2.3e-03
  309 ,   7726 : 7.5044478198685e+00 +(2e-02,4e-02) | 2.02e+02 |  9:4.1e-05  5:2.0e-03
Iterat, #Fevals:   Function Value    (median,worst) |Axis Ratio|idx:Min SD idx:Max SD
  310 ,   7751 : 7.5099194032378e+00 +(1e-02,4e-02) | 2.14e+02 |  9:4.4e-05  5:2.2e-03
  311 ,   7776 : 7.5113339436840e+00 +(2e-02,4e-02) | 2.06e+02 |  9:4.6e-05  5:2.3e-03
  312 ,   7801 : 7.5050456653690e+00 +(2e-02,3e-02) | 2.09e+02 |  9:4.9e-05  5:2.4e-03
  313 ,   7826 : 7.5049072460502e+00 +(2e-02,5e-02) | 2.10e+02 |  9:5.4e-05  5:2.5e-03
  314 ,   7851 : 7.5104185092920e+00 +(2e-02,3e-02) | 2.11e+02 |  9:7.0e-05  5:3.1e-03
  315 ,   7876 : 7.4988675012223e+00 +(3e-02,5e-02) | 2.09e+02 |  9:7.1e-05  5:3.0e-03
  316 ,   7901 : 7.5007331131351e+00 +(3e-02,4e-02) | 2.09e+02 |  9:7.3e-05  5:3.1e-03
  317 ,   7926 : 7.5109984901880e+00 +(2e-02,5e-02) | 2.14e+02 |  9:7.3e-05  5:3.2e-03
  318 ,   7951 : 7.5099115146635e+00 +(1e-02,3e-02) | 2.11e+02 |  9:8.0e-05  5:3.4e-03
  319 ,   7976 : 7.5105605667407e+00 +(2e-02,4e-02) | 2.17e+02 |  9:8.0e-05  5:3.5e-03
Iterat, #Fevals:   Function Value    (median,worst) |Axis Ratio|idx:Min SD idx:Max SD
  320 ,   8001 : 7.5072748929232e+00 +(2e-02,4e-02) | 2.19e+02 |  9:7.8e-05  5:3.5e-03
  321 ,   8026 : 7.5005794837528e+00 +(3e-02,4e-02) | 2.27e+02 |  9:8.3e-05  5:3.7e-03
  322 ,   8051 : 7.4981662400377e+00 +(2e-02,5e-02) | 2.28e+02 |  9:7.4e-05  5:3.3e-03
  323 ,   8076 : 7.5092433227205e+00 +(2e-02,5e-02) | 2.38e+02 |  9:7.5e-05  5:3.3e-03
  324 ,   8101 : 7.5039740848419e+00 +(2e-02,4e-02) | 2.09e+02 |  9:7.5e-05  5:3.1e-03
  325 ,   8126 : 7.5032643132946e+00 +(2e-02,5e-02) | 2.19e+02 |  9:6.3e-05  5:2.7e-03
  326 ,   8151 : 7.4961341633615e+00 +(3e-02,4e-02) | 2.20e+02 |  9:6.0e-05  5:2.6e-03
  327 ,   8176 : 7.5052450039848e+00 +(2e-02,4e-02) | 2.16e+02 |  9:6.7e-05  5:2.9e-03
  328 ,   8201 : 7.5061821287942e+00 +(2e-02,4e-02) | 2.16e+02 |  9:6.1e-05  5:2.6e-03
  329 ,   8226 : 7.4974356102913e+00 +(3e-02,5e-02) | 2.23e+02 |  9:5.6e-05  5:2.3e-03
Iterat, #Fevals:   Function Value    (median,worst) |Axis Ratio|idx:Min SD idx:Max SD
  330 ,   8251 : 7.5135146615077e+00 +(2e-02,4e-02) | 2.32e+02 |  9:6.0e-05  5:2.5e-03
  331 ,   8276 : 7.5137102284265e+00 +(1e-02,3e-02) | 2.42e+02 |  9:4.8e-05  5:2.1e-03
  332 ,   8301 : 7.5127140670833e+00 +(1e-02,2e-02) | 2.11e+02 |  9:4.3e-05  5:1.8e-03
  333 ,   8326 : 7.5037426891355e+00 +(2e-02,4e-02) | 2.08e+02 |  9:4.1e-05  5:1.7e-03
  334 ,   8351 : 7.5026841203896e+00 +(2e-02,4e-02) | 2.14e+02 |  9:3.9e-05  5:1.6e-03
  335 ,   8376 : 7.5031150467067e+00 +(2e-02,4e-02) | 2.08e+02 |  9:4.2e-05  5:1.7e-03
  336 ,   8401 : 7.5047028782237e+00 +(2e-02,4e-02) | 2.07e+02 |  9:3.5e-05  5:1.4e-03
  337 ,   8426 : 7.5071826129688e+00 +(2e-02,5e-02) | 2.08e+02 |  9:3.5e-05  5:1.3e-03
  338 ,   8451 : 7.5025419247840e+00 +(3e-02,5e-02) | 2.11e+02 |  9:3.3e-05  5:1.3e-03
  339 ,   8476 : 7.5062367405017e+00 +(2e-02,3e-02) | 2.26e+02 |  9:3.4e-05  5:1.3e-03
Iterat, #Fevals:   Function Value    (median,worst) |Axis Ratio|idx:Min SD idx:Max SD
  340 ,   8501 : 7.5025062801278e+00 +(2e-02,4e-02) | 2.22e+02 |  9:3.6e-05  5:1.4e-03
  341 ,   8526 : 7.4974724290703e+00 +(3e-02,4e-02) | 2.47e+02 |  9:3.9e-05  5:1.6e-03
  342 ,   8551 : 7.5041130368210e+00 +(2e-02,4e-02) | 2.49e+02 |  9:3.9e-05  5:1.5e-03
  343 ,   8576 : 7.5100216705840e+00 +(2e-02,3e-02) | 2.62e+02 |  9:4.3e-05  5:1.6e-03
  344 ,   8601 : 7.5109115030560e+00 +(1e-02,3e-02) | 2.71e+02 |  9:5.2e-05  5:1.7e-03
  345 ,   8626 : 7.5062703542951e+00 +(2e-02,4e-02) | 2.70e+02 |  9:5.3e-05  5:1.8e-03
  346 ,   8651 : 7.5097780786305e+00 +(2e-02,4e-02) | 2.76e+02 |  9:5.0e-05  5:1.7e-03
  347 ,   8676 : 7.5075378734615e+00 +(2e-02,4e-02) | 2.52e+02 |  9:5.9e-05  5:2.0e-03
  348 ,   8701 : 7.5065629354040e+00 +(2e-02,4e-02) | 2.42e+02 |  9:6.0e-05  5:2.0e-03
  349 ,   8726 : 7.5061290181647e+00 +(2e-02,4e-02) | 2.36e+02 |  9:5.5e-05  5:1.9e-03
Iterat, #Fevals:   Function Value    (median,worst) |Axis Ratio|idx:Min SD idx:Max SD
  350 ,   8751 : 7.5010874574570e+00 +(2e-02,4e-02) | 2.44e+02 |  9:5.2e-05  5:1.9e-03
  351 ,   8776 : 7.5102167048521e+00 +(1e-02,3e-02) | 2.51e+02 |  9:5.1e-05  5:1.9e-03
  352 ,   8801 : 7.5057722132895e+00 +(2e-02,3e-02) | 2.50e+02 |  9:4.3e-05  5:1.6e-03
  353 ,   8826 : 7.5094572345362e+00 +(2e-02,4e-02) | 2.62e+02 |  9:4.2e-05  5:1.6e-03
  354 ,   8851 : 7.4945121031918e+00 +(2e-02,5e-02) | 2.67e+02 |  9:4.5e-05  5:1.7e-03
  355 ,   8876 : 7.5091084783181e+00 +(2e-02,4e-02) | 2.75e+02 |  9:5.2e-05  5:1.9e-03
  356 ,   8901 : 7.5030314710634e+00 +(2e-02,4e-02) | 2.76e+02 |  9:5.4e-05  5:2.0e-03
  357 ,   8926 : 7.5061394401205e+00 +(2e-02,5e-02) | 2.82e+02 |  9:5.3e-05  5:2.0e-03
  358 ,   8951 : 7.5091533389911e+00 +(2e-02,4e-02) | 2.82e+02 |  9:5.5e-05  5:2.0e-03
  359 ,   8976 : 7.4979529223277e+00 +(3e-02,4e-02) | 2.84e+02 |  9:5.3e-05  5:1.9e-03
Iterat, #Fevals:   Function Value    (median,worst) |Axis Ratio|idx:Min SD idx:Max SD
  360 ,   9001 : 7.5080111377390e+00 +(2e-02,4e-02) | 2.85e+02 |  9:4.8e-05  5:1.7e-03
  361 ,   9026 : 7.5088714981691e+00 +(1e-02,3e-02) | 2.88e+02 |  9:4.3e-05  5:1.6e-03
  362 ,   9051 : 7.5076374423451e+00 +(2e-02,3e-02) | 2.86e+02 |  9:4.3e-05  5:1.6e-03
  363 ,   9076 : 7.5099348323637e+00 +(1e-02,3e-02) | 2.97e+02 |  9:5.2e-05  5:1.9e-03
  364 ,   9101 : 7.5031276316129e+00 +(2e-02,4e-02) | 2.92e+02 |  9:5.3e-05  5:1.9e-03
  365 ,   9126 : 7.5098769016299e+00 +(2e-02,4e-02) | 3.17e+02 |  9:6.2e-05  5:2.3e-03
  366 ,   9151 : 7.5127949741638e+00 +(1e-02,4e-02) | 3.22e+02 |  9:5.8e-05  5:2.2e-03
  367 ,   9176 : 7.5027154323550e+00 +(2e-02,4e-02) | 3.23e+02 |  9:5.6e-05  5:2.2e-03
  368 ,   9201 : 7.5108050738404e+00 +(2e-02,3e-02) | 3.27e+02 |  9:6.9e-05  5:2.8e-03
  369 ,   9226 : 7.5101132941386e+00 +(2e-02,4e-02) | 3.22e+02 |  9:7.6e-05  5:3.1e-03
Iterat, #Fevals:   Function Value    (median,worst) |Axis Ratio|idx:Min SD idx:Max SD
  370 ,   9251 : 7.5095139976832e+00 +(2e-02,4e-02) | 3.26e+02 |  9:8.4e-05  5:3.5e-03
  371 ,   9276 : 7.5017431952885e+00 +(2e-02,5e-02) | 3.28e+02 |  9:8.5e-05  5:3.4e-03
  372 ,   9301 : 7.5067318708388e+00 +(2e-02,4e-02) | 3.28e+02 |  9:8.2e-05  5:3.3e-03
  373 ,   9326 : 7.5048076755076e+00 +(2e-02,6e-02) | 3.38e+02 |  9:8.1e-05  5:3.3e-03
  374 ,   9351 : 7.5091955292559e+00 +(2e-02,3e-02) | 3.48e+02 |  9:7.5e-05  5:3.1e-03
  375 ,   9376 : 7.5046886573143e+00 +(2e-02,4e-02) | 3.56e+02 |  9:7.4e-05  5:3.2e-03
  376 ,   9401 : 7.5083516343478e+00 +(1e-02,4e-02) | 3.67e+02 |  9:7.2e-05  5:3.3e-03
  377 ,   9426 : 7.4992231642773e+00 +(3e-02,4e-02) | 3.57e+02 |  9:6.8e-05  5:3.1e-03
  378 ,   9451 : 7.5087870722014e+00 +(2e-02,4e-02) | 3.52e+02 |  9:6.1e-05  5:2.9e-03
  379 ,   9476 : 7.5024494846647e+00 +(2e-02,4e-02) | 3.50e+02 |  9:6.3e-05  5:3.0e-03
Iterat, #Fevals:   Function Value    (median,worst) |Axis Ratio|idx:Min SD idx:Max SD
  380 ,   9501 : 7.5041056770402e+00 +(3e-02,4e-02) | 3.39e+02 |  9:6.6e-05  5:3.1e-03
  381 ,   9526 : 7.5102986620363e+00 +(2e-02,3e-02) | 3.36e+02 |  9:7.2e-05  5:3.4e-03
  382 ,   9551 : 7.5072278958140e+00 +(2e-02,3e-02) | 3.37e+02 |  9:6.8e-05  5:3.2e-03
  383 ,   9576 : 7.5083119231527e+00 +(2e-02,4e-02) | 3.52e+02 |  9:6.2e-05  5:3.1e-03
  384 ,   9601 : 7.5129062838799e+00 +(2e-02,4e-02) | 3.49e+02 |  9:5.7e-05  5:2.8e-03
  385 ,   9626 : 7.5073853985870e+00 +(2e-02,4e-02) | 3.40e+02 |  9:4.9e-05  5:2.4e-03
  386 ,   9651 : 7.5006335402501e+00 +(2e-02,5e-02) | 3.41e+02 |  9:4.4e-05  5:2.2e-03
  387 ,   9676 : 7.5109730369958e+00 +(2e-02,3e-02) | 3.53e+02 |  9:4.1e-05  5:2.1e-03
  388 ,   9701 : 7.5048879775065e+00 +(2e-02,4e-02) | 3.67e+02 |  9:3.7e-05  5:1.9e-03
  389 ,   9726 : 7.5084611035891e+00 +(2e-02,5e-02) | 3.65e+02 |  9:4.0e-05  5:2.0e-03
Iterat, #Fevals:   Function Value    (median,worst) |Axis Ratio|idx:Min SD idx:Max SD
  390 ,   9751 : 7.5112178869904e+00 +(1e-02,3e-02) | 3.75e+02 |  9:3.9e-05  5:1.9e-03
  391 ,   9776 : 7.5011080679204e+00 +(3e-02,4e-02) | 3.69e+02 |  9:4.1e-05  5:2.1e-03
  392 ,   9801 : 7.5082793550709e+00 +(2e-02,6e-02) | 3.38e+02 |  9:4.3e-05  5:2.3e-03
  393 ,   9826 : 7.5109617497498e+00 +(1e-02,3e-02) | 3.40e+02 |  9:4.0e-05  5:2.2e-03
  394 ,   9851 : 7.5031472331242e+00 +(2e-02,6e-02) | 3.58e+02 |  9:3.8e-05  5:2.0e-03
  395 ,   9876 : 7.5034900632110e+00 +(2e-02,5e-02) | 3.69e+02 |  9:3.5e-05  5:1.9e-03
  396 ,   9901 : 7.5088342357806e+00 +(2e-02,4e-02) | 3.74e+02 |  9:3.3e-05  5:1.8e-03
  397 ,   9926 : 7.5055350058241e+00 +(2e-02,4e-02) | 3.99e+02 |  9:3.4e-05  5:2.0e-03
  398 ,   9951 : 7.4983901777232e+00 +(2e-02,4e-02) | 3.96e+02 |  9:3.3e-05  5:1.9e-03
  399 ,   9976 : 7.5126713160078e+00 +(1e-02,3e-02) | 4.19e+02 |  9:3.1e-05  5:1.8e-03
Iterat, #Fevals:   Function Value    (median,worst) |Axis Ratio|idx:Min SD idx:Max SD
  400 ,  10001 : 7.5016640111777e+00 +(2e-02,5e-02) | 4.17e+02 |  9:2.9e-05  5:1.7e-03
  401 ,  10026 : 7.5079803014551e+00 +(1e-02,4e-02) | 4.63e+02 |  9:3.1e-05  5:2.0e-03
  402 ,  10051 : 7.5031147136341e+00 +(2e-02,4e-02) | 4.58e+02 |  9:3.0e-05  5:1.9e-03
  403 ,  10076 : 7.5027766596948e+00 +(2e-02,4e-02) | 4.57e+02 |  9:2.8e-05  5:1.8e-03
  404 ,  10101 : 7.4990218993109e+00 +(3e-02,5e-02) | 4.35e+02 |  9:2.9e-05  5:1.8e-03
  405 ,  10126 : 7.5060396466936e+00 +(1e-02,4e-02) | 4.49e+02 |  9:2.9e-05  5:1.8e-03
  406 ,  10151 : 7.5052261434313e+00 +(2e-02,4e-02) | 4.48e+02 |  9:2.4e-05  5:1.5e-03
  407 ,  10176 : 7.5051430844825e+00 +(2e-02,3e-02) | 4.71e+02 |  9:2.6e-05  5:1.7e-03
  408 ,  10201 : 7.5085957837945e+00 +(2e-02,5e-02) | 4.69e+02 |  9:2.4e-05  5:1.5e-03
  409 ,  10226 : 7.5005848681237e+00 +(2e-02,4e-02) | 5.04e+02 |  9:2.9e-05  5:1.9e-03
Iterat, #Fevals:   Function Value    (median,worst) |Axis Ratio|idx:Min SD idx:Max SD
  410 ,  10251 : 7.5001946743673e+00 +(3e-02,5e-02) | 5.08e+02 |  9:2.8e-05  5:1.8e-03
  411 ,  10276 : 7.4993486259383e+00 +(2e-02,4e-02) | 4.99e+02 |  9:2.7e-05  5:1.7e-03
  412 ,  10301 : 7.5013979298382e+00 +(2e-02,4e-02) | 4.62e+02 |  9:3.0e-05  5:1.9e-03
  413 ,  10326 : 7.5039923036303e+00 +(2e-02,5e-02) | 4.69e+02 |  9:3.6e-05  5:2.2e-03
  414 ,  10351 : 7.5065086414363e+00 +(2e-02,4e-02) | 4.77e+02 |  9:4.1e-05  5:2.3e-03
  415 ,  10376 : 7.5071105271710e+00 +(2e-02,3e-02) | 4.91e+02 |  9:4.4e-05  5:2.4e-03
  416 ,  10401 : 7.5102118290377e+00 +(1e-02,3e-02) | 4.90e+02 |  9:4.1e-05  5:2.2e-03
  417 ,  10426 : 7.5051967464557e+00 +(2e-02,4e-02) | 4.88e+02 |  9:4.0e-05  5:2.1e-03
  418 ,  10451 : 7.5084126273966e+00 +(2e-02,4e-02) | 5.23e+02 |  9:4.5e-05  5:2.5e-03
  419 ,  10476 : 7.5060425610793e+00 +(2e-02,4e-02) | 5.54e+02 |  9:4.6e-05  5:2.7e-03
Iterat, #Fevals:   Function Value    (median,worst) |Axis Ratio|idx:Min SD idx:Max SD
  420 ,  10501 : 7.5021286695301e+00 +(2e-02,5e-02) | 5.61e+02 |  9:5.1e-05  5:2.9e-03
  421 ,  10526 : 7.5025379299838e+00 +(2e-02,5e-02) | 5.67e+02 |  9:4.6e-05  5:2.5e-03
  422 ,  10551 : 7.5138578514275e+00 +(2e-02,3e-02) | 5.50e+02 |  9:4.4e-05  5:2.4e-03
  423 ,  10576 : 7.5022298615942e+00 +(2e-02,5e-02) | 5.58e+02 |  9:4.3e-05  5:2.4e-03
  424 ,  10601 : 7.5096752404504e+00 +(2e-02,4e-02) | 5.79e+02 |  9:4.7e-05  5:2.6e-03
  425 ,  10626 : 7.5041695556585e+00 +(2e-02,3e-02) | 5.76e+02 |  9:4.8e-05  5:2.6e-03
  426 ,  10651 : 7.5047008050260e+00 +(1e-02,4e-02) | 5.84e+02 |  9:4.4e-05  5:2.3e-03
  427 ,  10676 : 7.5059565191696e+00 +(2e-02,3e-02) | 5.79e+02 |  9:3.9e-05  5:2.0e-03
  428 ,  10701 : 7.5078926411496e+00 +(1e-02,4e-02) | 5.74e+02 |  9:3.6e-05  5:1.8e-03
  429 ,  10726 : 7.5066763142529e+00 +(1e-02,4e-02) | 5.54e+02 |  9:3.7e-05  5:1.8e-03
Iterat, #Fevals:   Function Value    (median,worst) |Axis Ratio|idx:Min SD idx:Max SD
  430 ,  10751 : 7.5017397910450e+00 +(3e-02,5e-02) | 5.40e+02 |  9:3.8e-05  5:1.8e-03
  431 ,  10776 : 7.5093986640283e+00 +(1e-02,4e-02) | 5.38e+02 |  9:3.7e-05  5:1.8e-03
  432 ,  10801 : 7.5004863606025e+00 +(3e-02,5e-02) | 4.90e+02 |  9:3.5e-05  5:1.7e-03
  433 ,  10826 : 7.5057440699722e+00 +(2e-02,5e-02) | 5.35e+02 |  9:3.1e-05  5:1.6e-03
  434 ,  10851 : 7.5049248021403e+00 +(2e-02,4e-02) | 5.38e+02 |  9:3.0e-05  5:1.5e-03
  435 ,  10876 : 7.5033398398624e+00 +(2e-02,4e-02) | 5.32e+02 |  9:3.1e-05  5:1.6e-03
  436 ,  10901 : 7.5073722200569e+00 +(2e-02,4e-02) | 5.35e+02 |  9:3.0e-05  5:1.5e-03
  437 ,  10926 : 7.5093997516787e+00 +(2e-02,4e-02) | 5.39e+02 |  9:2.8e-05  5:1.4e-03
  438 ,  10951 : 7.5071724653307e+00 +(2e-02,5e-02) | 5.68e+02 |  9:2.9e-05  5:1.6e-03
  439 ,  10976 : 7.5053740661494e+00 +(2e-02,4e-02) | 6.23e+02 |  9:2.8e-05  5:1.6e-03
Iterat, #Fevals:   Function Value    (median,worst) |Axis Ratio|idx:Min SD idx:Max SD
  440 ,  11001 : 7.5064337722939e+00 +(2e-02,4e-02) | 6.44e+02 |  9:3.0e-05  5:1.7e-03
  441 ,  11026 : 7.5097126862592e+00 +(1e-02,3e-02) | 6.42e+02 |  9:3.2e-05  5:1.8e-03
  442 ,  11051 : 7.5058231723578e+00 +(1e-02,4e-02) | 6.52e+02 |  9:3.1e-05  5:1.8e-03
  443 ,  11076 : 7.5049291582063e+00 +(2e-02,3e-02) | 6.80e+02 |  9:2.9e-05  5:1.7e-03
  444 ,  11101 : 7.5035302123870e+00 +(2e-02,4e-02) | 6.93e+02 |  9:2.7e-05  5:1.6e-03
  445 ,  11126 : 7.5004309972730e+00 +(3e-02,3e-02) | 6.67e+02 |  9:2.4e-05  5:1.4e-03
  446 ,  11151 : 7.5090265271241e+00 +(2e-02,3e-02) | 6.62e+02 |  9:2.2e-05  5:1.2e-03
  447 ,  11176 : 7.5093611844048e+00 +(2e-02,4e-02) | 6.82e+02 |  9:2.0e-05  5:1.2e-03
  448 ,  11201 : 7.5041209099407e+00 +(2e-02,4e-02) | 6.81e+02 |  9:2.0e-05  5:1.2e-03
  449 ,  11226 : 7.5151054307484e+00 +(1e-02,3e-02) | 6.98e+02 |  9:2.0e-05  5:1.2e-03
Iterat, #Fevals:   Function Value    (median,worst) |Axis Ratio|idx:Min SD idx:Max SD
  450 ,  11251 : 7.5043960613922e+00 +(2e-02,4e-02) | 6.39e+02 |  9:2.0e-05  5:1.2e-03
  451 ,  11276 : 7.5052640174505e+00 +(2e-02,4e-02) | 6.25e+02 |  9:1.9e-05  5:1.1e-03
  452 ,  11301 : 7.5097952388084e+00 +(1e-02,3e-02) | 6.54e+02 |  9:1.8e-05  5:1.1e-03
  453 ,  11326 : 7.5008949616852e+00 +(2e-02,5e-02) | 6.74e+02 |  9:1.9e-05  5:1.1e-03
  454 ,  11351 : 7.5012090689179e+00 +(2e-02,5e-02) | 7.19e+02 |  9:1.9e-05  5:1.2e-03
  455 ,  11376 : 7.5083334182260e+00 +(2e-02,4e-02) | 7.12e+02 |  9:1.8e-05  5:1.1e-03
  456 ,  11401 : 7.5035081209520e+00 +(2e-02,4e-02) | 7.50e+02 |  9:1.7e-05  5:9.8e-04
  457 ,  11426 : 7.5043088029037e+00 +(2e-02,5e-02) | 7.24e+02 |  9:1.5e-05  5:8.6e-04
  458 ,  11451 : 7.5045080203446e+00 +(2e-02,4e-02) | 7.29e+02 |  9:1.5e-05  5:8.4e-04
  459 ,  11476 : 7.5026957632500e+00 +(2e-02,5e-02) | 7.00e+02 |  9:1.4e-05  5:8.0e-04
Iterat, #Fevals:   Function Value    (median,worst) |Axis Ratio|idx:Min SD idx:Max SD
  460 ,  11501 : 7.5037753555172e+00 +(2e-02,3e-02) | 7.14e+02 |  9:1.3e-05  5:7.6e-04
  461 ,  11526 : 7.5063418577383e+00 +(2e-02,5e-02) | 7.19e+02 |  9:1.4e-05  5:7.9e-04
  462 ,  11551 : 7.5053618254520e+00 +(1e-02,4e-02) | 7.19e+02 |  9:1.4e-05  5:7.8e-04
  463 ,  11576 : 7.5051438398755e+00 +(2e-02,4e-02) | 7.56e+02 |  9:1.3e-05  5:7.2e-04
  464 ,  11601 : 7.5003789355963e+00 +(2e-02,6e-02) | 7.68e+02 |  9:1.1e-05  5:6.0e-04
  465 ,  11626 : 7.5034571878277e+00 +(2e-02,5e-02) | 7.95e+02 |  9:1.1e-05  5:5.9e-04
  466 ,  11651 : 7.5056186649469e+00 +(1e-02,4e-02) | 8.76e+02 |  9:1.1e-05  5:6.1e-04
  467 ,  11676 : 7.5002051087601e+00 +(2e-02,5e-02) | 9.16e+02 |  9:1.1e-05  5:6.6e-04
  468 ,  11701 : 7.5087844275564e+00 +(2e-02,4e-02) | 8.89e+02 |  9:9.8e-06  5:5.9e-04
  469 ,  11726 : 7.5079423471832e+00 +(2e-02,3e-02) | 8.76e+02 |  9:1.0e-05  5:6.1e-04
Iterat, #Fevals:   Function Value    (median,worst) |Axis Ratio|idx:Min SD idx:Max SD
  470 ,  11751 : 7.5018979090791e+00 +(2e-02,5e-02) | 8.57e+02 |  9:9.8e-06  5:5.8e-04
  471 ,  11776 : 7.5105233464929e+00 +(1e-02,4e-02) | 8.34e+02 |  9:8.6e-06  5:5.0e-04
  472 ,  11801 : 7.5097809175972e+00 +(2e-02,4e-02) | 8.31e+02 |  9:8.5e-06  5:5.1e-04
  473 ,  11826 : 7.5051140378312e+00 +(2e-02,3e-02) | 8.19e+02 |  9:8.8e-06  5:5.3e-04
  474 ,  11851 : 7.5088859900676e+00 +(2e-02,4e-02) | 8.30e+02 |  9:9.3e-06  5:5.4e-04
  475 ,  11876 : 7.5090214241701e+00 +(2e-02,3e-02) | 8.17e+02 |  9:8.8e-06  5:5.1e-04
  476 ,  11901 : 7.5077520824910e+00 +(1e-02,4e-02) | 7.81e+02 |  9:9.7e-06  5:5.6e-04
  477 ,  11926 : 7.5024135161937e+00 +(2e-02,3e-02) | 8.12e+02 |  9:1.1e-05  5:6.1e-04
  478 ,  11951 : 7.5040177611760e+00 +(2e-02,4e-02) | 8.04e+02 |  9:9.7e-06  5:5.3e-04
  479 ,  11976 : 7.5026838337170e+00 +(2e-02,5e-02) | 8.51e+02 |  9:1.1e-05  5:6.3e-04
Iterat, #Fevals:   Function Value    (median,worst) |Axis Ratio|idx:Min SD idx:Max SD
  480 ,  12001 : 7.5088024780442e+00 +(1e-02,4e-02) | 8.59e+02 |  9:1.2e-05  5:6.7e-04
  481 ,  12026 : 7.5012488317232e+00 +(2e-02,4e-02) | 8.86e+02 |  9:1.1e-05  5:5.9e-04
  482 ,  12051 : 7.5106010229986e+00 +(2e-02,4e-02) | 8.89e+02 |  9:9.4e-06  5:5.1e-04
  483 ,  12076 : 7.5025156068541e+00 +(2e-02,4e-02) | 8.95e+02 |  9:9.2e-06  5:4.8e-04
  484 ,  12101 : 7.5164583800348e+00 +(2e-02,3e-02) | 9.19e+02 |  9:9.3e-06  5:4.9e-04
  485 ,  12126 : 7.5010770823588e+00 +(3e-02,5e-02) | 9.08e+02 |  9:9.6e-06  5:5.0e-04
  486 ,  12151 : 7.5102242121773e+00 +(1e-02,3e-02) | 8.87e+02 |  9:8.7e-06  5:4.6e-04
  487 ,  12176 : 7.5043741211658e+00 +(2e-02,4e-02) | 8.74e+02 |  9:8.3e-06  5:4.3e-04
  488 ,  12201 : 7.5086717407873e+00 +(1e-02,4e-02) | 8.45e+02 |  9:7.8e-06  5:4.1e-04
  489 ,  12226 : 7.5004033467967e+00 +(2e-02,4e-02) | 8.48e+02 |  9:7.2e-06  5:3.8e-04
Iterat, #Fevals:   Function Value    (median,worst) |Axis Ratio|idx:Min SD idx:Max SD
  490 ,  12251 : 7.5104103960685e+00 +(1e-02,4e-02) | 9.20e+02 |  9:7.2e-06  5:3.9e-04
  491 ,  12276 : 7.5069935299467e+00 +(1e-02,4e-02) | 9.24e+02 |  9:7.6e-06  5:4.0e-04
  492 ,  12301 : 7.5042497595075e+00 +(2e-02,4e-02) | 9.36e+02 |  9:7.7e-06  5:4.1e-04
  493 ,  12326 : 7.5036450622050e+00 +(2e-02,4e-02) | 9.28e+02 |  9:7.5e-06  5:3.9e-04
  494 ,  12351 : 7.5086399815508e+00 +(2e-02,3e-02) | 9.31e+02 |  9:7.2e-06  5:3.7e-04
  495 ,  12376 : 7.5070284623939e+00 +(2e-02,3e-02) | 9.87e+02 |  9:6.9e-06  5:3.6e-04
  496 ,  12401 : 7.5052263865763e+00 +(2e-02,5e-02) | 9.39e+02 |  9:7.1e-06  5:3.9e-04
  497 ,  12426 : 7.5080225193540e+00 +(2e-02,4e-02) | 9.56e+02 |  9:7.8e-06  5:4.1e-04
  498 ,  12451 : 7.5031388588595e+00 +(2e-02,4e-02) | 9.42e+02 |  9:8.5e-06  5:4.6e-04
  499 ,  12476 : 7.4961833998726e+00 +(3e-02,5e-02) | 9.46e+02 |  9:7.7e-06  5:4.2e-04
Iterat, #Fevals:   Function Value    (median,worst) |Axis Ratio|idx:Min SD idx:Max SD
  500 ,  12501 : 7.5083263484019e+00 +(2e-02,4e-02) | 9.74e+02 |  9:8.8e-06  5:4.8e-04
  501 ,  12526 : 7.5055490314483e+00 +(1e-02,4e-02) | 1.01e+03 |  9:9.0e-06  5:5.1e-04
  502 ,  12551 : 7.5081083161744e+00 +(1e-02,3e-02) | 1.05e+03 |  9:8.8e-06  5:5.2e-04
  503 ,  12576 : 7.5035585178315e+00 +(2e-02,4e-02) | 1.05e+03 |  9:8.1e-06  5:4.8e-04
  504 ,  12601 : 7.5068228701354e+00 +(2e-02,4e-02) | 1.11e+03 |  9:7.9e-06  5:4.7e-04
  505 ,  12626 : 7.5017863450879e+00 +(2e-02,4e-02) | 1.07e+03 |  9:7.7e-06  5:4.6e-04
  506 ,  12651 : 7.5042254627489e+00 +(2e-02,4e-02) | 1.07e+03 |  9:8.9e-06  5:5.4e-04
  507 ,  12676 : 7.5041382549971e+00 +(2e-02,4e-02) | 1.11e+03 |  9:9.8e-06  5:6.1e-04
  508 ,  12701 : 7.5085915043638e+00 +(2e-02,4e-02) | 1.15e+03 |  9:1.1e-05  5:6.7e-04
  509 ,  12726 : 7.5077086841780e+00 +(2e-02,3e-02) | 1.17e+03 |  9:1.1e-05  5:6.6e-04
Iterat, #Fevals:   Function Value    (median,worst) |Axis Ratio|idx:Min SD idx:Max SD
  510 ,  12751 : 7.5000128696623e+00 +(2e-02,5e-02) | 1.31e+03 |  9:1.3e-05  5:7.8e-04
  511 ,  12776 : 7.5012797204641e+00 +(2e-02,5e-02) | 1.26e+03 |  9:1.1e-05  5:7.1e-04
  512 ,  12801 : 7.4971226423961e+00 +(3e-02,5e-02) | 1.30e+03 |  9:1.2e-05  5:7.5e-04
  513 ,  12826 : 7.5033637228527e+00 +(2e-02,4e-02) | 1.27e+03 |  9:1.2e-05  5:7.3e-04
  514 ,  12851 : 7.5016685824495e+00 +(2e-02,4e-02) | 1.27e+03 |  9:1.3e-05  5:7.8e-04
  515 ,  12876 : 7.5085904779632e+00 +(2e-02,3e-02) | 1.30e+03 |  9:1.4e-05  5:8.8e-04
  516 ,  12901 : 7.4960752881270e+00 +(3e-02,4e-02) | 1.41e+03 |  9:1.6e-05  5:1.0e-03
  517 ,  12926 : 7.4998323416994e+00 +(2e-02,4e-02) | 1.41e+03 |  9:1.5e-05  5:9.7e-04
  518 ,  12951 : 7.5098990902486e+00 +(1e-02,3e-02) | 1.50e+03 |  9:1.5e-05  5:9.5e-04
  519 ,  12976 : 7.5023262532301e+00 +(2e-02,5e-02) | 1.49e+03 |  9:1.4e-05  5:8.9e-04
Iterat, #Fevals:   Function Value    (median,worst) |Axis Ratio|idx:Min SD idx:Max SD
  520 ,  13001 : 7.5069650401054e+00 +(2e-02,4e-02) | 1.59e+03 |  9:1.5e-05  5:9.4e-04
  521 ,  13026 : 7.5021363930315e+00 +(2e-02,3e-02) | 1.61e+03 |  9:1.5e-05  5:9.1e-04
  522 ,  13051 : 7.5105417282088e+00 +(1e-02,3e-02) | 1.65e+03 |  9:1.4e-05  5:8.8e-04
  523 ,  13076 : 7.5046483064555e+00 +(2e-02,5e-02) | 1.64e+03 |  9:1.3e-05  5:8.2e-04
  524 ,  13101 : 7.5082775289118e+00 +(2e-02,3e-02) | 1.52e+03 |  9:1.3e-05  5:8.3e-04
  525 ,  13126 : 7.5010229167392e+00 +(2e-02,4e-02) | 1.50e+03 |  9:1.3e-05  5:7.7e-04
  526 ,  13151 : 7.5124596911232e+00 +(1e-02,3e-02) | 1.60e+03 |  9:1.4e-05  5:8.4e-04
  527 ,  13176 : 7.4996855819609e+00 +(2e-02,5e-02) | 1.65e+03 |  9:1.5e-05  5:9.3e-04
  528 ,  13201 : 7.5071954818838e+00 +(2e-02,4e-02) | 1.71e+03 |  9:1.4e-05  5:8.7e-04
  529 ,  13226 : 7.5068277240252e+00 +(2e-02,4e-02) | 1.75e+03 |  9:1.6e-05  5:9.7e-04
Iterat, #Fevals:   Function Value    (median,worst) |Axis Ratio|idx:Min SD idx:Max SD
  530 ,  13251 : 7.5039014052630e+00 +(2e-02,4e-02) | 1.77e+03 |  9:1.5e-05  5:9.2e-04
  531 ,  13276 : 7.5027146574487e+00 +(2e-02,5e-02) | 1.72e+03 |  9:1.6e-05  5:9.7e-04
  532 ,  13301 : 7.4997969083171e+00 +(2e-02,4e-02) | 1.68e+03 |  9:1.5e-05  5:9.4e-04
  533 ,  13326 : 7.5021179806915e+00 +(2e-02,4e-02) | 1.65e+03 |  9:1.7e-05  5:1.0e-03
  534 ,  13351 : 7.5034430325397e+00 +(2e-02,4e-02) | 1.72e+03 |  9:1.9e-05  5:1.1e-03
  535 ,  13376 : 7.5056690578090e+00 +(2e-02,5e-02) | 1.80e+03 |  9:1.8e-05  5:1.1e-03
  536 ,  13401 : 7.5028137535660e+00 +(2e-02,6e-02) | 1.84e+03 |  9:1.9e-05  5:1.1e-03
  537 ,  13426 : 7.5015245787008e+00 +(3e-02,5e-02) | 1.89e+03 |  9:2.2e-05  5:1.3e-03
  538 ,  13451 : 7.4962557712395e+00 +(3e-02,5e-02) | 1.84e+03 |  9:2.2e-05  5:1.2e-03
  539 ,  13476 : 7.5027130625778e+00 +(2e-02,4e-02) | 1.94e+03 |  9:2.3e-05  5:1.3e-03
Iterat, #Fevals:   Function Value    (median,worst) |Axis Ratio|idx:Min SD idx:Max SD
  540 ,  13501 : 7.5056586316001e+00 +(2e-02,4e-02) | 1.86e+03 |  9:2.2e-05  5:1.2e-03
  541 ,  13526 : 7.4963152092629e+00 +(2e-02,4e-02) | 1.80e+03 |  9:2.0e-05  5:1.1e-03
  542 ,  13551 : 7.5102729563197e+00 +(1e-02,3e-02) | 1.75e+03 |  9:1.9e-05  5:1.0e-03
  543 ,  13576 : 7.5040884681686e+00 +(2e-02,3e-02) | 1.77e+03 |  9:1.8e-05  5:1.0e-03
  544 ,  13601 : 7.5062398947057e+00 +(3e-02,4e-02) | 1.81e+03 |  9:1.6e-05  5:8.9e-04
  545 ,  13626 : 7.5033938443711e+00 +(2e-02,3e-02) | 1.75e+03 |  9:1.4e-05  5:7.9e-04
  546 ,  13651 : 7.5069043209660e+00 +(2e-02,4e-02) | 1.72e+03 |  9:1.2e-05  5:6.9e-04
  547 ,  13676 : 7.5101056091863e+00 +(1e-02,3e-02) | 1.74e+03 |  9:1.2e-05  5:6.7e-04
  548 ,  13701 : 7.5031026267431e+00 +(2e-02,4e-02) | 1.71e+03 |  9:1.1e-05  5:6.2e-04
  549 ,  13726 : 7.5021127088801e+00 +(2e-02,4e-02) | 1.70e+03 |  9:9.9e-06  5:5.7e-04
Iterat, #Fevals:   Function Value    (median,worst) |Axis Ratio|idx:Min SD idx:Max SD
  550 ,  13751 : 7.5083097962741e+00 +(1e-02,3e-02) | 1.69e+03 |  9:9.9e-06  5:5.7e-04
  551 ,  13776 : 7.5074602395404e+00 +(2e-02,4e-02) | 1.78e+03 |  9:1.1e-05  5:6.0e-04
  552 ,  13801 : 7.5057243702815e+00 +(2e-02,3e-02) | 1.85e+03 |  9:9.7e-06  5:5.6e-04
  553 ,  13826 : 7.5067272017060e+00 +(2e-02,4e-02) | 1.90e+03 |  9:9.2e-06  5:5.3e-04
  554 ,  13851 : 7.5087763687913e+00 +(2e-02,3e-02) | 2.04e+03 |  9:1.1e-05  5:6.4e-04
  555 ,  13876 : 7.5042546939261e+00 +(2e-02,4e-02) | 1.93e+03 |  9:1.0e-05  5:6.0e-04
  556 ,  13901 : 7.5132340758526e+00 +(1e-02,4e-02) | 1.97e+03 |  9:9.3e-06  5:5.3e-04
  557 ,  13926 : 7.4979869199232e+00 +(3e-02,5e-02) | 2.01e+03 |  9:1.0e-05  5:5.7e-04
  558 ,  13951 : 7.5058807044162e+00 +(2e-02,5e-02) | 1.99e+03 |  9:9.8e-06  5:5.4e-04
  559 ,  13976 : 7.4959671123568e+00 +(3e-02,4e-02) | 1.99e+03 |  9:9.9e-06  5:5.5e-04
Iterat, #Fevals:   Function Value    (median,worst) |Axis Ratio|idx:Min SD idx:Max SD
  560 ,  14001 : 7.5066110056185e+00 +(2e-02,4e-02) | 1.95e+03 |  9:1.0e-05  5:5.6e-04
  561 ,  14026 : 7.5083689248930e+00 +(2e-02,3e-02) | 1.94e+03 |  9:8.6e-06  5:4.7e-04
  562 ,  14051 : 7.5018844554819e+00 +(2e-02,4e-02) | 1.92e+03 |  9:7.9e-06  5:4.4e-04
  563 ,  14076 : 7.5076096798390e+00 +(2e-02,3e-02) | 1.89e+03 |  9:8.3e-06  5:4.6e-04
  564 ,  14101 : 7.5081680510693e+00 +(1e-02,4e-02) | 1.85e+03 |  9:7.5e-06  5:4.3e-04
  565 ,  14126 : 7.5025566957585e+00 +(2e-02,4e-02) | 1.91e+03 |  9:7.9e-06  5:4.5e-04
  566 ,  14151 : 7.5055075638496e+00 +(2e-02,4e-02) | 1.94e+03 |  9:7.8e-06  5:4.4e-04
  567 ,  14176 : 7.5070118959974e+00 +(2e-02,4e-02) | 1.93e+03 |  9:8.2e-06  5:4.7e-04
  568 ,  14201 : 7.5012972831695e+00 +(2e-02,5e-02) | 1.90e+03 |  9:8.2e-06  5:4.7e-04
  569 ,  14226 : 7.5076304468947e+00 +(2e-02,4e-02) | 1.98e+03 |  9:8.1e-06  5:4.8e-04
Iterat, #Fevals:   Function Value    (median,worst) |Axis Ratio|idx:Min SD idx:Max SD
  570 ,  14251 : 7.5012961911497e+00 +(2e-02,5e-02) | 2.02e+03 |  9:7.3e-06  5:4.3e-04
  571 ,  14276 : 7.5055648668165e+00 +(2e-02,5e-02) | 1.99e+03 |  9:7.1e-06  5:4.1e-04
  572 ,  14301 : 7.5023255431034e+00 +(2e-02,4e-02) | 1.95e+03 |  9:7.1e-06  5:4.2e-04
  573 ,  14326 : 7.4980777881945e+00 +(3e-02,5e-02) | 1.94e+03 |  9:7.1e-06  5:4.2e-04
  574 ,  14351 : 7.5037037028444e+00 +(2e-02,4e-02) | 1.94e+03 |  9:6.9e-06  5:4.0e-04
  575 ,  14376 : 7.5064409314269e+00 +(2e-02,4e-02) | 1.96e+03 |  9:6.4e-06  5:3.7e-04
  576 ,  14401 : 7.5076020976583e+00 +(2e-02,4e-02) | 1.85e+03 |  9:6.8e-06  5:3.9e-04
  577 ,  14426 : 7.5086853994323e+00 +(1e-02,3e-02) | 1.85e+03 |  9:6.3e-06  5:3.6e-04
  578 ,  14451 : 7.5053814883211e+00 +(2e-02,4e-02) | 1.85e+03 |  9:6.1e-06  5:3.6e-04
  579 ,  14476 : 7.5081579815430e+00 +(2e-02,4e-02) | 1.97e+03 |  9:6.0e-06  5:3.6e-04
Iterat, #Fevals:   Function Value    (median,worst) |Axis Ratio|idx:Min SD idx:Max SD
  580 ,  14501 : 7.5049325161458e+00 +(2e-02,3e-02) | 1.99e+03 |  9:6.2e-06  5:3.7e-04
  581 ,  14526 : 7.5050804862839e+00 +(1e-02,3e-02) | 1.98e+03 |  9:6.4e-06  5:3.7e-04
  582 ,  14551 : 7.4949855163853e+00 +(3e-02,5e-02) | 1.98e+03 |  9:7.1e-06  5:4.2e-04
  583 ,  14576 : 7.5020391098566e+00 +(2e-02,5e-02) | 2.10e+03 |  9:8.0e-06  5:4.6e-04
  584 ,  14601 : 7.5045781190121e+00 +(2e-02,5e-02) | 2.14e+03 |  9:8.0e-06  5:4.6e-04
  585 ,  14626 : 7.5051978975349e+00 +(2e-02,4e-02) | 2.20e+03 |  9:7.7e-06  5:4.5e-04
  586 ,  14651 : 7.5001684414895e+00 +(2e-02,4e-02) | 2.16e+03 |  9:8.1e-06  5:4.8e-04
  587 ,  14676 : 7.5008066241120e+00 +(2e-02,4e-02) | 2.09e+03 |  9:9.2e-06  5:5.4e-04
  588 ,  14701 : 7.4992497730344e+00 +(2e-02,4e-02) | 2.01e+03 |  9:8.7e-06  5:5.2e-04
  589 ,  14726 : 7.5116718280594e+00 +(1e-02,4e-02) | 1.91e+03 |  9:7.8e-06  5:4.7e-04
Iterat, #Fevals:   Function Value    (median,worst) |Axis Ratio|idx:Min SD idx:Max SD
  590 ,  14751 : 7.5059568539977e+00 +(2e-02,3e-02) | 1.85e+03 |  9:7.1e-06  5:4.3e-04
  591 ,  14776 : 7.5055309228932e+00 +(2e-02,4e-02) | 2.02e+03 |  9:7.6e-06  5:4.7e-04
  592 ,  14801 : 7.5106314358587e+00 +(1e-02,3e-02) | 2.01e+03 |  9:7.7e-06  5:4.8e-04
  593 ,  14826 : 7.5076158798503e+00 +(1e-02,4e-02) | 1.95e+03 |  9:7.6e-06  5:4.8e-04
  594 ,  14851 : 7.5048964932893e+00 +(2e-02,5e-02) | 2.00e+03 |  9:7.8e-06  5:5.0e-04
  595 ,  14876 : 7.5103928414415e+00 +(1e-02,3e-02) | 1.88e+03 |  9:7.8e-06  5:5.0e-04
  596 ,  14901 : 7.5050483169848e+00 +(2e-02,4e-02) | 1.78e+03 |  9:7.3e-06  5:4.6e-04
  597 ,  14926 : 7.5058672729152e+00 +(2e-02,4e-02) | 1.87e+03 |  9:7.6e-06  5:4.9e-04
  598 ,  14951 : 7.4942378995212e+00 +(3e-02,5e-02) | 1.89e+03 |  9:8.0e-06  5:5.0e-04
  599 ,  14976 : 7.4978735695944e+00 +(3e-02,4e-02) | 1.98e+03 |  9:9.2e-06  5:5.5e-04
Iterat, #Fevals:   Function Value    (median,worst) |Axis Ratio|idx:Min SD idx:Max SD
  600 ,  15001 : 7.5037337585798e+00 +(2e-02,5e-02) | 2.24e+03 |  9:1.1e-05  5:6.7e-04
  601 ,  15026 : 7.5012844056140e+00 +(2e-02,5e-02) | 2.42e+03 |  9:1.3e-05  5:7.6e-04
  602 ,  15051 : 7.5057307520723e+00 +(2e-02,4e-02) | 2.36e+03 |  9:1.2e-05  5:7.1e-04
  603 ,  15076 : 7.4994023427035e+00 +(2e-02,4e-02) | 2.39e+03 |  9:1.1e-05  5:6.8e-04
  604 ,  15101 : 7.5039820948238e+00 +(2e-02,5e-02) | 2.43e+03 |  9:1.3e-05  5:7.6e-04
  605 ,  15126 : 7.5037396414833e+00 +(2e-02,4e-02) | 2.45e+03 |  9:1.3e-05  5:7.7e-04
  606 ,  15151 : 7.5068315963589e+00 +(2e-02,4e-02) | 2.53e+03 |  9:1.3e-05  5:7.9e-04
  607 ,  15176 : 7.5076978559511e+00 +(2e-02,3e-02) | 2.55e+03 |  9:1.4e-05  5:8.5e-04
  608 ,  15201 : 7.4974699454772e+00 +(3e-02,5e-02) | 2.72e+03 |  9:1.4e-05  5:8.3e-04
  609 ,  15226 : 7.5118997183261e+00 +(1e-02,4e-02) | 2.62e+03 |  9:1.2e-05  5:6.9e-04
Iterat, #Fevals:   Function Value    (median,worst) |Axis Ratio|idx:Min SD idx:Max SD
  610 ,  15251 : 7.5043117203290e+00 +(2e-02,4e-02) | 2.57e+03 |  9:1.1e-05  5:6.4e-04
  611 ,  15276 : 7.5119930607318e+00 +(1e-02,4e-02) | 2.71e+03 |  9:1.1e-05  5:6.7e-04
  612 ,  15301 : 7.4960938109635e+00 +(3e-02,5e-02) | 2.69e+03 |  9:1.2e-05  5:6.8e-04
  613 ,  15326 : 7.5000938341082e+00 +(3e-02,4e-02) | 2.71e+03 |  9:1.2e-05  5:7.0e-04
  614 ,  15351 : 7.5001600401654e+00 +(2e-02,4e-02) | 2.69e+03 |  9:1.3e-05  5:7.6e-04
  615 ,  15376 : 7.5079402179783e+00 +(1e-02,4e-02) | 2.72e+03 |  9:1.3e-05  5:7.4e-04
#Fevals:   f(returned x)   |    bestever.f     | stopflag (saved to variablescmaes13_9_138.mat)
  15377: 7.50794021798e+00 | 7.49423789952e+00 | stagnation
mean solution: +2.9e-01 +3.2e-01 +9.3e-01 +5.1e-01 +3.2e+00 +2.5e-01 +1.6e+00 +3.7e-01 +1.3e+00
std deviation:  5.9e-05  2.4e-04  4.5e-04  3.2e-04  7.4e-04  1.0e-04  2.3e-04  1.1e-04  1.3e-05
use plotcmaesdat.m for plotting the output at any time (option LogModulo must not be zero)
