
                            < M A T L A B (R) >
                  Copyright 1984-2015 The MathWorks, Inc.
                   R2015a (8.5.0.197613) 64-bit (glnxa64)
                             February 12, 2015

 
For online documentation, see http://www.mathworks.com/support
For product information, visit www.mathworks.com.
 

	Academic License


seed =

                  65.19334


Initialtheta =

          21864.5831502156
          314028.163623086
          28712528.4468451
          1727.27391089651
          3034.46043240323
          163.787272284581
        0.0352663739081606
          7.71513116559877
          660.186713339787

  n=9: (12,25)-CMA-ES(w=[24 17 14... 1.5 0.74]%, ]%, mu_eff=7.3) on function Error
Iterat, #Fevals:   Function Value    (median,worst) |Axis Ratio|idx:Min SD idx:Max SD
    1 ,     26 : 1.6456321836570e+02 +(4e-01,1e+17) | 2.95e+01 |  9:2.9e-01  2:8.4e+00
    2 ,     51 : 1.5134416666474e+02 +(1e+01,7e+15) | 2.95e+01 |  9:2.8e-01  2:8.2e+00
    3 ,     76 : 8.3196955854405e+00 +(2e+02,5e+16) | 2.88e+01 |  9:2.5e-01  2:7.2e+00
    4 ,    101 : 7.4395821883557e+01 +(9e+01,1e+16) | 2.75e+01 |  9:2.6e-01  2:7.1e+00
    5 ,    126 : 1.6445785824483e+02 +(5e-01,6e+07) | 2.66e+01 |  9:2.5e-01  2:6.5e+00
    6 ,    151 : 9.2700270300912e+00 +(2e+02,1e+11) | 2.59e+01 |  9:2.5e-01  2:6.2e+00
    7 ,    176 : 1.3288573847312e+02 +(3e+01,3e+10) | 2.70e+01 |  9:2.6e-01  2:6.9e+00
    8 ,    201 : 1.6490228903436e+02 +(2e-01,3e+07) | 2.77e+01 |  9:2.7e-01  2:7.2e+00
    9 ,    226 : 1.6462047610701e+02 +(4e-01,3e+08) | 2.75e+01 |  9:2.6e-01  2:7.1e+00
Iterat, #Fevals:   Function Value    (median,worst) |Axis Ratio|idx:Min SD idx:Max SD
   10 ,    251 : 1.0150432272204e+01 +(2e+02,9e+07) | 2.82e+01 |  9:2.4e-01  2:6.4e+00
   11 ,    276 : 5.6653880811901e+01 +(1e+02,2e+07) | 2.76e+01 |  9:2.1e-01  2:5.5e+00
   12 ,    301 : 1.3800058712134e+02 +(3e+01,8e+05) | 2.71e+01 |  9:2.2e-01  2:5.6e+00
   13 ,    326 : 4.0140239125654e+01 +(1e+02,1e+07) | 2.70e+01 |  9:2.5e-01  2:6.1e+00
   14 ,    351 : 1.6363717625864e+02 +(1e+00,4e+06) | 2.71e+01 |  9:2.5e-01  2:6.2e+00
   15 ,    376 : 1.6355477702999e+02 +(2e+00,7e+07) | 2.69e+01 |  9:2.5e-01  2:6.2e+00
   16 ,    401 : 1.1784929017289e+02 +(5e+01,1e+08) | 2.66e+01 |  9:2.4e-01  2:5.8e+00
   17 ,    426 : 4.2554747654060e+01 +(1e+02,3e+06) | 2.59e+01 |  9:2.7e-01  2:6.1e+00
   18 ,    451 : 1.6279260494362e+01 +(1e+02,2e+08) | 2.61e+01 |  9:2.6e-01  2:6.0e+00
   19 ,    476 : 1.5251137795732e+01 +(1e+02,1e+07) | 2.62e+01 |  9:2.2e-01  2:5.0e+00
Iterat, #Fevals:   Function Value    (median,worst) |Axis Ratio|idx:Min SD idx:Max SD
   20 ,    501 : 5.8641846811603e+01 +(2e+02,9e+06) | 2.66e+01 |  9:1.9e-01  2:4.4e+00
   21 ,    526 : 1.0938067208188e+01 +(2e+02,2e+06) | 2.78e+01 |  9:1.7e-01  2:4.1e+00
   22 ,    551 : 9.9525133047432e+00 +(2e+02,7e+06) | 2.63e+01 |  9:1.6e-01  2:3.7e+00
   23 ,    576 : 9.6386436278196e+00 +(2e+02,7e+05) | 2.57e+01 |  9:1.5e-01  2:3.3e+00
   24 ,    601 : 1.2089047707197e+01 +(2e+02,3e+05) | 2.56e+01 |  9:1.4e-01  2:3.1e+00
   25 ,    626 : 1.0617314653024e+01 +(2e+02,4e+05) | 2.53e+01 |  9:1.3e-01  2:3.0e+00
   26 ,    651 : 8.9963148476210e+00 +(2e+02,2e+05) | 2.55e+01 |  9:1.3e-01  2:3.0e+00
   27 ,    676 : 2.4786705937964e+01 +(1e+02,1e+04) | 2.52e+01 |  9:1.2e-01  2:2.8e+00
   28 ,    701 : 1.7539809338219e+01 +(1e+02,1e+04) | 2.39e+01 |  9:1.2e-01  2:2.6e+00
   29 ,    726 : 8.9562677026373e+00 +(2e+02,8e+02) | 2.38e+01 |  9:1.2e-01  2:2.4e+00
Iterat, #Fevals:   Function Value    (median,worst) |Axis Ratio|idx:Min SD idx:Max SD
   30 ,    751 : 6.6130778331825e+01 +(1e+02,6e+04) | 2.32e+01 |  9:1.2e-01  2:2.4e+00
   31 ,    776 : 2.3865640868976e+01 +(1e+02,2e+04) | 2.39e+01 |  9:1.3e-01  2:2.5e+00
   32 ,    801 : 9.2385472430910e+00 +(2e+02,1e+05) | 2.44e+01 |  9:1.4e-01  2:2.8e+00
   33 ,    826 : 1.9585152983281e+01 +(1e+02,6e+05) | 2.49e+01 |  9:1.4e-01  2:2.9e+00
   34 ,    851 : 1.0019510450619e+01 +(2e+02,7e+04) | 2.54e+01 |  9:1.2e-01  2:2.4e+00
   35 ,    876 : 1.0790515300081e+01 +(2e+02,3e+04) | 2.53e+01 |  9:1.1e-01  2:2.2e+00
   36 ,    901 : 1.4297671355754e+01 +(1e+02,7e+04) | 2.67e+01 |  8:1.1e-01  2:2.2e+00
   37 ,    926 : 1.0909386620745e+01 +(2e+02,6e+04) | 2.71e+01 |  8:9.4e-02  2:2.0e+00
   38 ,    951 : 1.4669547237469e+01 +(1e+02,5e+03) | 2.84e+01 |  8:9.3e-02  2:2.1e+00
   39 ,    976 : 9.8815255028004e+00 +(1e+02,5e+03) | 2.95e+01 |  8:8.5e-02  2:2.0e+00
Iterat, #Fevals:   Function Value    (median,worst) |Axis Ratio|idx:Min SD idx:Max SD
   40 ,   1001 : 1.1523615430080e+01 +(9e+01,2e+03) | 2.85e+01 |  8:9.0e-02  2:2.1e+00
   41 ,   1026 : 1.2494711489202e+01 +(2e+02,1e+04) | 2.90e+01 |  8:9.8e-02  2:2.3e+00
   42 ,   1051 : 1.8360629913670e+01 +(1e+02,2e+03) | 3.08e+01 |  8:1.0e-01  2:2.4e+00
   43 ,   1076 : 1.0395080923001e+01 +(2e+02,4e+03) | 2.97e+01 |  8:1.0e-01  2:2.3e+00
   44 ,   1101 : 2.2878018012898e+01 +(1e+02,5e+03) | 2.92e+01 |  8:1.0e-01  2:2.2e+00
   45 ,   1126 : 4.2504087172262e+01 +(1e+02,2e+03) | 2.97e+01 |  8:1.1e-01  2:2.2e+00
   46 ,   1151 : 1.0620942807037e+01 +(2e+02,9e+03) | 3.08e+01 |  8:9.5e-02  2:2.1e+00
   47 ,   1176 : 9.6134118143296e+00 +(2e+02,3e+03) | 3.02e+01 |  8:9.0e-02  2:1.9e+00
   48 ,   1201 : 9.5456213499279e+00 +(7e+01,1e+03) | 3.11e+01 |  8:8.4e-02  2:1.8e+00
   49 ,   1226 : 2.3921358752310e+01 +(9e+01,7e+02) | 3.34e+01 |  8:8.4e-02  2:1.9e+00
Iterat, #Fevals:   Function Value    (median,worst) |Axis Ratio|idx:Min SD idx:Max SD
   50 ,   1251 : 1.0271171406124e+01 +(1e+02,1e+03) | 3.39e+01 |  8:8.1e-02  2:1.8e+00
   51 ,   1276 : 9.0775733271760e+00 +(3e+01,4e+02) | 3.44e+01 |  8:8.7e-02  2:2.0e+00
   52 ,   1301 : 8.8846053222790e+00 +(9e+01,1e+03) | 3.53e+01 |  8:1.0e-01  2:2.3e+00
   53 ,   1326 : 1.1035729766266e+01 +(1e+02,1e+03) | 3.62e+01 |  8:1.1e-01  2:2.4e+00
   54 ,   1351 : 8.4810013659308e+00 +(1e+02,3e+03) | 3.76e+01 |  8:1.4e-01  2:3.3e+00
   55 ,   1376 : 1.4142221256762e+01 +(1e+02,3e+03) | 3.86e+01 |  8:1.5e-01  2:3.6e+00
   56 ,   1401 : 8.5603401700333e+00 +(2e+02,4e+03) | 3.82e+01 |  8:1.2e-01  2:2.9e+00
   57 ,   1426 : 1.4902673806174e+01 +(1e+02,2e+03) | 3.98e+01 |  8:1.1e-01  2:2.7e+00
   58 ,   1451 : 8.9019238481484e+00 +(8e+01,5e+03) | 4.08e+01 |  8:9.4e-02  2:2.4e+00
   59 ,   1476 : 9.6946217326176e+00 +(9e+01,1e+03) | 4.10e+01 |  8:8.5e-02  2:2.2e+00
Iterat, #Fevals:   Function Value    (median,worst) |Axis Ratio|idx:Min SD idx:Max SD
   60 ,   1501 : 9.5896925313718e+00 +(9e+01,1e+03) | 4.30e+01 |  8:6.9e-02  2:1.9e+00
   61 ,   1526 : 8.2946067572839e+00 +(7e+01,1e+03) | 4.51e+01 |  8:6.8e-02  2:1.9e+00
   62 ,   1551 : 8.4939758071531e+00 +(5e+01,2e+03) | 4.57e+01 |  8:6.5e-02  2:1.9e+00
   63 ,   1576 : 1.0107242034056e+01 +(2e+01,5e+02) | 4.66e+01 |  8:7.5e-02  2:2.1e+00
   64 ,   1601 : 8.7389044991941e+00 +(4e+01,2e+02) | 4.76e+01 |  8:7.3e-02  2:2.0e+00
   65 ,   1626 : 8.0057200095942e+00 +(3e+01,2e+02) | 4.67e+01 |  8:8.5e-02  2:2.2e+00
   66 ,   1651 : 8.0937171662084e+00 +(8e+01,2e+02) | 4.77e+01 |  8:9.0e-02  2:2.4e+00
   67 ,   1676 : 8.0237560506374e+00 +(4e+01,4e+02) | 4.77e+01 |  8:8.6e-02  2:2.2e+00
   68 ,   1701 : 8.8811256919450e+00 +(7e+01,2e+02) | 4.72e+01 |  8:9.1e-02  2:2.3e+00
   69 ,   1726 : 1.0478657635217e+01 +(1e+02,4e+02) | 4.76e+01 |  8:8.7e-02  2:2.2e+00
Iterat, #Fevals:   Function Value    (median,worst) |Axis Ratio|idx:Min SD idx:Max SD
   70 ,   1751 : 9.4565034557277e+00 +(9e+01,3e+02) | 4.74e+01 |  8:9.8e-02  2:2.5e+00
   71 ,   1776 : 8.7653205430327e+00 +(4e+01,3e+02) | 4.71e+01 |  8:9.4e-02  2:2.4e+00
   72 ,   1801 : 9.4163124882130e+00 +(1e+02,2e+03) | 4.79e+01 |  8:8.2e-02  2:2.1e+00
   73 ,   1826 : 8.2590953148073e+00 +(3e+01,9e+02) | 4.85e+01 |  8:7.0e-02  2:1.8e+00
   74 ,   1851 : 8.1012824800975e+00 +(2e+01,2e+02) | 4.98e+01 |  8:6.6e-02  2:1.7e+00
   75 ,   1876 : 8.2494929874800e+00 +(4e+01,7e+02) | 5.08e+01 |  8:5.7e-02  2:1.5e+00
   76 ,   1901 : 8.3168209755329e+00 +(2e+01,3e+02) | 4.98e+01 |  8:5.3e-02  2:1.4e+00
   77 ,   1926 : 8.5663927412417e+00 +(2e+01,2e+02) | 4.90e+01 |  8:5.1e-02  2:1.3e+00
   78 ,   1951 : 7.9839331817261e+00 +(1e+01,1e+02) | 4.90e+01 |  8:4.8e-02  2:1.1e+00
   79 ,   1976 : 7.6703279187118e+00 +(9e+00,8e+01) | 5.06e+01 |  8:4.9e-02  2:1.2e+00
Iterat, #Fevals:   Function Value    (median,worst) |Axis Ratio|idx:Min SD idx:Max SD
   80 ,   2001 : 7.9691105420016e+00 +(4e+00,7e+01) | 5.17e+01 |  8:5.0e-02  2:1.2e+00
   81 ,   2026 : 8.2914794041121e+00 +(9e+00,5e+01) | 5.30e+01 |  8:4.7e-02  2:1.1e+00
   82 ,   2051 : 8.2367555028256e+00 +(1e+01,3e+02) | 5.23e+01 |  8:4.4e-02  2:1.0e+00
   83 ,   2076 : 8.2583281387077e+00 +(8e+00,7e+01) | 5.52e+01 |  8:4.3e-02  2:1.1e+00
   84 ,   2101 : 7.9421027830585e+00 +(7e+00,6e+01) | 5.77e+01 |  8:3.8e-02  2:9.5e-01
   85 ,   2126 : 8.2113269555195e+00 +(6e+00,5e+01) | 6.02e+01 |  8:3.8e-02  2:9.6e-01
   86 ,   2151 : 8.1392238547634e+00 +(6e+00,4e+01) | 6.07e+01 |  8:3.3e-02  2:8.5e-01
   87 ,   2176 : 7.8213514864447e+00 +(4e+00,2e+01) | 6.13e+01 |  8:3.4e-02  2:8.4e-01
   88 ,   2201 : 7.8983910518107e+00 +(4e+00,2e+01) | 6.17e+01 |  8:3.4e-02  2:8.3e-01
   89 ,   2226 : 7.6466326521384e+00 +(6e+00,2e+01) | 6.30e+01 |  8:3.7e-02  2:9.1e-01
Iterat, #Fevals:   Function Value    (median,worst) |Axis Ratio|idx:Min SD idx:Max SD
   90 ,   2251 : 7.6507433761560e+00 +(7e+00,5e+01) | 6.50e+01 |  8:3.5e-02  2:8.7e-01
   91 ,   2276 : 7.6844663405255e+00 +(3e+00,4e+01) | 6.61e+01 |  8:3.3e-02  2:8.1e-01
   92 ,   2301 : 7.7316729975137e+00 +(2e+00,2e+01) | 6.62e+01 |  8:3.0e-02  2:7.6e-01
   93 ,   2326 : 7.7326925717428e+00 +(3e+00,4e+01) | 6.56e+01 |  8:2.6e-02  2:6.4e-01
   94 ,   2351 : 7.7226352509917e+00 +(2e+00,2e+01) | 6.76e+01 |  8:2.5e-02  2:6.1e-01
   95 ,   2376 : 7.7621173582644e+00 +(1e+00,2e+01) | 6.82e+01 |  8:2.2e-02  2:5.4e-01
   96 ,   2401 : 7.5845126346736e+00 +(1e+00,5e+01) | 6.87e+01 |  8:2.0e-02  2:4.8e-01
   97 ,   2426 : 7.6762517633142e+00 +(8e-01,1e+01) | 6.89e+01 |  8:1.8e-02  2:4.3e-01
   98 ,   2451 : 7.6588390035492e+00 +(4e-01,5e+00) | 6.92e+01 |  8:1.9e-02  2:4.3e-01
   99 ,   2476 : 7.6770186410741e+00 +(5e-01,1e+01) | 7.13e+01 |  8:1.9e-02  2:4.2e-01
Iterat, #Fevals:   Function Value    (median,worst) |Axis Ratio|idx:Min SD idx:Max SD
  100 ,   2501 : 7.5919878439112e+00 +(8e-01,3e+00) | 7.15e+01 |  8:1.6e-02  2:3.5e-01
  101 ,   2526 : 7.6451960338176e+00 +(2e-01,1e+00) | 7.13e+01 |  8:1.5e-02  2:3.3e-01
  102 ,   2551 : 7.5980020553175e+00 +(3e-01,2e+00) | 7.12e+01 |  8:1.3e-02  2:3.0e-01
  103 ,   2576 : 7.6169494583437e+00 +(2e-01,1e+00) | 7.48e+01 |  8:1.6e-02  2:3.5e-01
  104 ,   2601 : 7.6286729360519e+00 +(1e-01,2e+00) | 7.54e+01 |  8:1.6e-02  2:3.7e-01
  105 ,   2626 : 7.5249128325779e+00 +(2e-01,2e+00) | 7.90e+01 |  8:1.8e-02  2:4.3e-01
  106 ,   2651 : 7.5648379898248e+00 +(3e-01,5e+00) | 7.92e+01 |  8:1.9e-02  2:4.3e-01
  107 ,   2676 : 7.5592672001940e+00 +(2e-01,4e+00) | 8.07e+01 |  8:1.9e-02  2:4.2e-01
  108 ,   2701 : 7.5323604921435e+00 +(3e-01,3e+00) | 7.94e+01 |  8:1.9e-02  2:4.3e-01
  109 ,   2726 : 7.5458024818908e+00 +(2e-01,4e+00) | 7.85e+01 |  8:1.7e-02  2:3.8e-01
Iterat, #Fevals:   Function Value    (median,worst) |Axis Ratio|idx:Min SD idx:Max SD
  110 ,   2751 : 7.5054852891034e+00 +(3e-01,2e+00) | 7.70e+01 |  8:1.9e-02  2:3.8e-01
  111 ,   2776 : 7.5578071841282e+00 +(3e-01,2e+00) | 7.90e+01 |  8:1.7e-02  2:3.3e-01
  112 ,   2801 : 7.5244031591673e+00 +(1e-01,2e+00) | 7.65e+01 |  8:1.5e-02  2:3.0e-01
  113 ,   2826 : 7.5064836437929e+00 +(2e-01,2e+00) | 8.02e+01 |  8:1.5e-02  2:3.0e-01
  114 ,   2851 : 7.4950354472795e+00 +(2e-01,9e-01) | 8.25e+01 |  8:1.4e-02  2:2.8e-01
  115 ,   2876 : 7.5144581033177e+00 +(1e-01,1e+00) | 8.46e+01 |  8:1.3e-02  2:2.7e-01
  116 ,   2901 : 7.4910179395510e+00 +(9e-02,9e-01) | 8.43e+01 |  8:1.4e-02  2:2.6e-01
  117 ,   2926 : 7.4984738809414e+00 +(1e-01,5e-01) | 8.60e+01 |  8:1.4e-02  2:2.8e-01
  118 ,   2951 : 7.5059183448284e+00 +(1e-01,1e+00) | 8.69e+01 |  8:1.2e-02  2:2.3e-01
  119 ,   2976 : 7.5029175802357e+00 +(1e-01,4e-01) | 9.22e+01 |  8:1.3e-02  2:2.7e-01
Iterat, #Fevals:   Function Value    (median,worst) |Axis Ratio|idx:Min SD idx:Max SD
  120 ,   3001 : 7.5016517752760e+00 +(1e-01,5e-01) | 9.37e+01 |  8:1.2e-02  2:2.4e-01
  121 ,   3026 : 7.5012610298095e+00 +(1e-01,4e-01) | 9.80e+01 |  8:1.0e-02  2:2.1e-01
  122 ,   3051 : 7.4993457118233e+00 +(6e-02,2e-01) | 1.04e+02 |  8:1.1e-02  2:2.2e-01
  123 ,   3076 : 7.4981099517679e+00 +(6e-02,2e-01) | 1.05e+02 |  8:9.6e-03  2:2.0e-01
  124 ,   3101 : 7.4894493177661e+00 +(5e-02,4e-01) | 1.05e+02 |  8:9.0e-03  2:1.8e-01
  125 ,   3126 : 7.4985992446413e+00 +(4e-02,2e-01) | 1.07e+02 |  8:8.3e-03  2:1.7e-01
  126 ,   3151 : 7.4957361813738e+00 +(4e-02,2e-01) | 1.09e+02 |  8:8.0e-03  2:1.6e-01
  127 ,   3176 : 7.4899823625340e+00 +(4e-02,2e-01) | 1.09e+02 |  9:7.3e-03  2:1.5e-01
  128 ,   3201 : 7.5039149468799e+00 +(2e-02,2e-01) | 1.11e+02 |  9:6.6e-03  2:1.3e-01
  129 ,   3226 : 7.4721194622288e+00 +(6e-02,1e-01) | 1.07e+02 |  9:6.7e-03  2:1.3e-01
Iterat, #Fevals:   Function Value    (median,worst) |Axis Ratio|idx:Min SD idx:Max SD
  130 ,   3251 : 7.4890915075016e+00 +(3e-02,7e-02) | 1.05e+02 |  9:6.1e-03  2:1.2e-01
  131 ,   3276 : 7.4853594098361e+00 +(3e-02,9e-02) | 1.06e+02 |  9:5.3e-03  2:1.1e-01
  132 ,   3301 : 7.4843464447756e+00 +(3e-02,1e-01) | 1.06e+02 |  9:4.5e-03  2:9.4e-02
  133 ,   3326 : 7.4942833108262e+00 +(2e-02,5e-02) | 1.15e+02 |  9:4.2e-03  2:9.6e-02
  134 ,   3351 : 7.4863885417683e+00 +(3e-02,5e-02) | 1.15e+02 |  9:3.7e-03  2:8.4e-02
  135 ,   3376 : 7.4872451764463e+00 +(2e-02,7e-02) | 1.19e+02 |  9:3.1e-03  2:7.3e-02
  136 ,   3401 : 7.4888012333813e+00 +(1e-02,3e-02) | 1.21e+02 |  9:2.9e-03  2:6.7e-02
  137 ,   3426 : 7.4859578151889e+00 +(2e-02,4e-02) | 1.19e+02 |  9:3.0e-03  2:6.9e-02
  138 ,   3451 : 7.4831676595357e+00 +(2e-02,3e-02) | 1.17e+02 |  9:2.6e-03  2:6.1e-02
  139 ,   3476 : 7.4890880114968e+00 +(1e-02,3e-02) | 1.22e+02 |  9:2.3e-03  2:5.8e-02
Iterat, #Fevals:   Function Value    (median,worst) |Axis Ratio|idx:Min SD idx:Max SD
  140 ,   3501 : 7.4912393337939e+00 +(1e-02,3e-02) | 1.20e+02 |  9:2.1e-03  2:5.1e-02
  141 ,   3526 : 7.4867474195123e+00 +(1e-02,3e-02) | 1.20e+02 |  9:1.9e-03  2:4.7e-02
  142 ,   3551 : 7.4852315736099e+00 +(2e-02,4e-02) | 1.18e+02 |  9:1.7e-03  2:4.2e-02
  143 ,   3576 : 7.4784421726721e+00 +(2e-02,4e-02) | 1.35e+02 |  9:1.9e-03  2:5.2e-02
  144 ,   3601 : 7.4835882188379e+00 +(2e-02,4e-02) | 1.39e+02 |  9:1.9e-03  2:5.2e-02
  145 ,   3626 : 7.4775050699848e+00 +(2e-02,4e-02) | 1.45e+02 |  9:1.5e-03  2:4.6e-02
  146 ,   3651 : 7.4821993835620e+00 +(2e-02,4e-02) | 1.50e+02 |  9:1.5e-03  2:4.3e-02
  147 ,   3676 : 7.4875037197948e+00 +(9e-03,2e-02) | 1.47e+02 |  9:1.3e-03  2:4.0e-02
  148 ,   3701 : 7.4779365723915e+00 +(2e-02,3e-02) | 1.52e+02 |  9:1.2e-03  2:3.9e-02
  149 ,   3726 : 7.4830576770254e+00 +(1e-02,3e-02) | 1.52e+02 |  9:1.2e-03  2:4.0e-02
Iterat, #Fevals:   Function Value    (median,worst) |Axis Ratio|idx:Min SD idx:Max SD
  150 ,   3751 : 7.4821381302875e+00 +(2e-02,4e-02) | 1.54e+02 |  9:1.2e-03  2:4.0e-02
  151 ,   3776 : 7.4825153399494e+00 +(2e-02,4e-02) | 1.59e+02 |  9:1.3e-03  2:4.4e-02
  152 ,   3801 : 7.4774485152633e+00 +(2e-02,3e-02) | 1.62e+02 |  9:1.3e-03  2:4.5e-02
  153 ,   3826 : 7.4835892618049e+00 +(1e-02,3e-02) | 1.63e+02 |  9:1.2e-03  2:4.2e-02
  154 ,   3851 : 7.4768961699933e+00 +(2e-02,3e-02) | 1.58e+02 |  9:1.1e-03  2:3.9e-02
  155 ,   3876 : 7.4770757960169e+00 +(2e-02,4e-02) | 1.60e+02 |  9:1.1e-03  2:3.9e-02
  156 ,   3901 : 7.4839334667388e+00 +(1e-02,4e-02) | 1.55e+02 |  9:1.0e-03  2:3.5e-02
  157 ,   3926 : 7.4845469035403e+00 +(1e-02,3e-02) | 1.60e+02 |  9:9.3e-04  2:3.4e-02
  158 ,   3951 : 7.4831979863351e+00 +(1e-02,3e-02) | 1.68e+02 |  9:9.1e-04  2:3.5e-02
  159 ,   3976 : 7.4870471769143e+00 +(1e-02,3e-02) | 1.75e+02 |  9:9.7e-04  2:3.8e-02
Iterat, #Fevals:   Function Value    (median,worst) |Axis Ratio|idx:Min SD idx:Max SD
  160 ,   4001 : 7.4812087038991e+00 +(2e-02,3e-02) | 1.81e+02 |  9:8.4e-04  2:3.4e-02
  161 ,   4026 : 7.4844642333976e+00 +(1e-02,3e-02) | 1.80e+02 |  9:7.5e-04  2:2.9e-02
  162 ,   4051 : 7.4778223872534e+00 +(2e-02,4e-02) | 1.83e+02 |  9:7.4e-04  2:2.9e-02
  163 ,   4076 : 7.4798198471507e+00 +(2e-02,3e-02) | 1.92e+02 |  9:7.4e-04  2:3.0e-02
  164 ,   4101 : 7.4782579133784e+00 +(2e-02,3e-02) | 2.02e+02 |  9:7.4e-04  2:3.0e-02
  165 ,   4126 : 7.4773904001573e+00 +(2e-02,4e-02) | 2.08e+02 |  9:8.1e-04  2:3.3e-02
  166 ,   4151 : 7.4739314639585e+00 +(2e-02,4e-02) | 2.15e+02 |  9:8.4e-04  2:3.5e-02
  167 ,   4176 : 7.4815088410792e+00 +(1e-02,3e-02) | 2.09e+02 |  9:8.6e-04  2:3.7e-02
  168 ,   4201 : 7.4779772909658e+00 +(2e-02,3e-02) | 2.20e+02 |  9:8.7e-04  2:4.0e-02
  169 ,   4226 : 7.4669596376261e+00 +(3e-02,4e-02) | 2.18e+02 |  9:8.8e-04  2:4.1e-02
Iterat, #Fevals:   Function Value    (median,worst) |Axis Ratio|idx:Min SD idx:Max SD
  170 ,   4251 : 7.4825356942740e+00 +(1e-02,2e-02) | 2.17e+02 |  9:7.3e-04  2:3.5e-02
  171 ,   4276 : 7.4737862537039e+00 +(2e-02,4e-02) | 2.22e+02 |  9:8.3e-04  2:3.9e-02
  172 ,   4301 : 7.4810819903752e+00 +(1e-02,3e-02) | 2.22e+02 |  9:8.1e-04  2:3.7e-02
  173 ,   4326 : 7.4778750601393e+00 +(2e-02,3e-02) | 2.17e+02 |  9:8.2e-04  2:3.6e-02
  174 ,   4351 : 7.4815368743198e+00 +(1e-02,3e-02) | 2.24e+02 |  9:7.5e-04  2:3.3e-02
  175 ,   4376 : 7.4780090373412e+00 +(1e-02,3e-02) | 2.24e+02 |  9:7.2e-04  2:3.1e-02
  176 ,   4401 : 7.4831909733352e+00 +(1e-02,3e-02) | 2.18e+02 |  9:7.3e-04  2:3.2e-02
  177 ,   4426 : 7.4791759474342e+00 +(1e-02,3e-02) | 2.18e+02 |  9:7.6e-04  2:3.4e-02
  178 ,   4451 : 7.4741216443380e+00 +(2e-02,4e-02) | 2.13e+02 |  9:7.9e-04  2:3.5e-02
  179 ,   4476 : 7.4719980761890e+00 +(2e-02,4e-02) | 2.18e+02 |  9:7.8e-04  2:3.5e-02
Iterat, #Fevals:   Function Value    (median,worst) |Axis Ratio|idx:Min SD idx:Max SD
  180 ,   4501 : 7.4822426326995e+00 +(1e-02,3e-02) | 2.10e+02 |  9:8.0e-04  2:3.6e-02
  181 ,   4526 : 7.4841531686889e+00 +(1e-02,2e-02) | 2.14e+02 |  9:8.3e-04  2:3.8e-02
  182 ,   4551 : 7.4836876019018e+00 +(1e-02,3e-02) | 2.29e+02 |  9:1.0e-03  2:5.1e-02
  183 ,   4576 : 7.4819336578994e+00 +(2e-02,3e-02) | 2.28e+02 |  9:1.0e-03  2:5.1e-02
  184 ,   4601 : 7.4811059571581e+00 +(1e-02,4e-02) | 2.22e+02 |  9:1.1e-03  2:5.7e-02
  185 ,   4626 : 7.4769204528310e+00 +(2e-02,3e-02) | 2.20e+02 |  9:1.1e-03  2:5.7e-02
  186 ,   4651 : 7.4723593764963e+00 +(2e-02,4e-02) | 2.22e+02 |  9:1.0e-03  2:5.7e-02
  187 ,   4676 : 7.4822911570935e+00 +(2e-02,3e-02) | 2.24e+02 |  9:1.1e-03  2:6.2e-02
  188 ,   4701 : 7.4776285931981e+00 +(2e-02,4e-02) | 2.37e+02 |  9:1.1e-03  2:6.4e-02
  189 ,   4726 : 7.4840922686570e+00 +(1e-02,3e-02) | 2.53e+02 |  9:1.1e-03  2:6.6e-02
Iterat, #Fevals:   Function Value    (median,worst) |Axis Ratio|idx:Min SD idx:Max SD
  190 ,   4751 : 7.4753444245955e+00 +(2e-02,3e-02) | 2.45e+02 |  9:9.5e-04  2:5.7e-02
  191 ,   4776 : 7.4775065041526e+00 +(2e-02,3e-02) | 2.38e+02 |  9:9.4e-04  2:5.6e-02
  192 ,   4801 : 7.4808541295607e+00 +(1e-02,3e-02) | 2.38e+02 |  9:9.4e-04  2:5.8e-02
  193 ,   4826 : 7.4810125317124e+00 +(1e-02,2e-02) | 2.42e+02 |  9:9.3e-04  2:5.9e-02
  194 ,   4851 : 7.4753404074010e+00 +(1e-02,3e-02) | 2.52e+02 |  9:9.7e-04  2:6.4e-02
  195 ,   4876 : 7.4865034653023e+00 +(7e-03,2e-02) | 2.59e+02 |  9:9.9e-04  2:6.7e-02
  196 ,   4901 : 7.4761769531958e+00 +(2e-02,3e-02) | 2.77e+02 |  9:9.7e-04  2:7.1e-02
  197 ,   4926 : 7.4798953893898e+00 +(2e-02,3e-02) | 2.76e+02 |  9:8.3e-04  2:6.1e-02
  198 ,   4951 : 7.4744737354039e+00 +(2e-02,3e-02) | 2.88e+02 |  9:7.6e-04  2:5.6e-02
  199 ,   4976 : 7.4802808568712e+00 +(2e-02,3e-02) | 2.89e+02 |  9:6.5e-04  2:4.8e-02
Iterat, #Fevals:   Function Value    (median,worst) |Axis Ratio|idx:Min SD idx:Max SD
  200 ,   5001 : 7.4789773534706e+00 +(1e-02,4e-02) | 2.95e+02 |  9:6.2e-04  2:4.7e-02
  201 ,   5026 : 7.4818953074691e+00 +(1e-02,3e-02) | 2.89e+02 |  9:6.9e-04  2:5.3e-02
  202 ,   5051 : 7.4839571628295e+00 +(1e-02,2e-02) | 2.79e+02 |  9:6.3e-04  2:4.7e-02
  203 ,   5076 : 7.4813589370759e+00 +(1e-02,3e-02) | 3.00e+02 |  9:6.2e-04  2:4.7e-02
  204 ,   5101 : 7.4815057848826e+00 +(2e-02,3e-02) | 3.12e+02 |  9:5.7e-04  2:4.4e-02
  205 ,   5126 : 7.4783957802913e+00 +(2e-02,4e-02) | 3.09e+02 |  9:6.0e-04  2:4.7e-02
  206 ,   5151 : 7.4862975604304e+00 +(8e-03,2e-02) | 3.05e+02 |  9:6.4e-04  2:4.9e-02
  207 ,   5176 : 7.4801778030251e+00 +(2e-02,3e-02) | 3.22e+02 |  9:6.6e-04  2:4.9e-02
  208 ,   5201 : 7.4796021421644e+00 +(1e-02,3e-02) | 3.21e+02 |  9:5.6e-04  2:4.2e-02
  209 ,   5226 : 7.4747854998200e+00 +(2e-02,3e-02) | 3.21e+02 |  9:5.3e-04  2:4.0e-02
Iterat, #Fevals:   Function Value    (median,worst) |Axis Ratio|idx:Min SD idx:Max SD
  210 ,   5251 : 7.4792557583116e+00 +(1e-02,3e-02) | 3.17e+02 |  9:5.1e-04  2:3.8e-02
  211 ,   5276 : 7.4747181230866e+00 +(2e-02,3e-02) | 3.02e+02 |  9:4.7e-04  2:3.5e-02
  212 ,   5301 : 7.4783313046391e+00 +(1e-02,3e-02) | 2.99e+02 |  9:4.4e-04  2:3.2e-02
  213 ,   5326 : 7.4791020498647e+00 +(1e-02,3e-02) | 2.86e+02 |  9:4.3e-04  2:3.1e-02
  214 ,   5351 : 7.4761819685025e+00 +(1e-02,3e-02) | 2.91e+02 |  9:3.9e-04  2:2.9e-02
  215 ,   5376 : 7.4731299346668e+00 +(2e-02,3e-02) | 2.86e+02 |  9:3.4e-04  2:2.5e-02
  216 ,   5401 : 7.4771911956493e+00 +(1e-02,3e-02) | 2.94e+02 |  9:3.6e-04  2:2.9e-02
  217 ,   5426 : 7.4781613434593e+00 +(1e-02,3e-02) | 3.00e+02 |  9:3.9e-04  2:3.2e-02
  218 ,   5451 : 7.4810419803995e+00 +(1e-02,2e-02) | 3.05e+02 |  9:3.8e-04  2:3.2e-02
  219 ,   5476 : 7.4792260426247e+00 +(1e-02,3e-02) | 3.19e+02 |  9:3.6e-04  2:3.2e-02
Iterat, #Fevals:   Function Value    (median,worst) |Axis Ratio|idx:Min SD idx:Max SD
  220 ,   5501 : 7.4787237100041e+00 +(1e-02,3e-02) | 3.18e+02 |  9:3.8e-04  2:3.3e-02
  221 ,   5526 : 7.4772144605022e+00 +(2e-02,3e-02) | 3.33e+02 |  9:3.6e-04  2:3.1e-02
  222 ,   5551 : 7.4839852655855e+00 +(1e-02,2e-02) | 3.44e+02 |  9:3.7e-04  2:3.3e-02
  223 ,   5576 : 7.4729244119615e+00 +(2e-02,3e-02) | 3.19e+02 |  9:3.6e-04  2:3.2e-02
  224 ,   5601 : 7.4759484462953e+00 +(1e-02,4e-02) | 3.26e+02 |  9:3.8e-04  2:3.5e-02
  225 ,   5626 : 7.4771388738021e+00 +(2e-02,4e-02) | 3.34e+02 |  9:3.6e-04  2:3.3e-02
  226 ,   5651 : 7.4744404994179e+00 +(2e-02,4e-02) | 3.42e+02 |  9:3.2e-04  2:3.0e-02
  227 ,   5676 : 7.4791183746186e+00 +(2e-02,3e-02) | 3.40e+02 |  9:3.1e-04  2:2.9e-02
  228 ,   5701 : 7.4673150371253e+00 +(2e-02,4e-02) | 3.42e+02 |  9:3.5e-04  2:3.1e-02
  229 ,   5726 : 7.4785544399975e+00 +(1e-02,3e-02) | 3.42e+02 |  9:3.3e-04  2:3.0e-02
Iterat, #Fevals:   Function Value    (median,worst) |Axis Ratio|idx:Min SD idx:Max SD
  230 ,   5751 : 7.4680134050573e+00 +(2e-02,3e-02) | 3.74e+02 |  9:3.0e-04  2:2.8e-02
  231 ,   5776 : 7.4753664723674e+00 +(2e-02,3e-02) | 4.01e+02 |  9:2.7e-04  2:2.7e-02
  232 ,   5801 : 7.4766639498080e+00 +(1e-02,2e-02) | 4.06e+02 |  9:2.5e-04  2:2.6e-02
  233 ,   5826 : 7.4728701026598e+00 +(2e-02,3e-02) | 3.92e+02 |  9:2.4e-04  2:2.5e-02
  234 ,   5851 : 7.4791956975784e+00 +(1e-02,3e-02) | 3.89e+02 |  9:2.7e-04  2:2.8e-02
  235 ,   5876 : 7.4731111944170e+00 +(2e-02,4e-02) | 4.17e+02 |  9:2.9e-04  2:3.0e-02
  236 ,   5901 : 7.4670284148561e+00 +(3e-02,4e-02) | 4.18e+02 |  9:2.8e-04  2:2.9e-02
  237 ,   5926 : 7.4658243740233e+00 +(2e-02,4e-02) | 4.45e+02 |  9:2.9e-04  2:3.1e-02
  238 ,   5951 : 7.4800366345221e+00 +(1e-02,3e-02) | 4.52e+02 |  9:2.8e-04  2:3.0e-02
  239 ,   5976 : 7.4732680577556e+00 +(1e-02,3e-02) | 4.38e+02 |  9:2.7e-04  2:2.8e-02
Iterat, #Fevals:   Function Value    (median,worst) |Axis Ratio|idx:Min SD idx:Max SD
  240 ,   6001 : 7.4739788300048e+00 +(1e-02,3e-02) | 4.49e+02 |  9:2.7e-04  2:2.8e-02
  241 ,   6026 : 7.4749468785103e+00 +(2e-02,3e-02) | 4.50e+02 |  9:2.4e-04  2:2.6e-02
  242 ,   6051 : 7.4786448857122e+00 +(1e-02,3e-02) | 4.46e+02 |  9:2.1e-04  2:2.3e-02
  243 ,   6076 : 7.4756597010245e+00 +(2e-02,3e-02) | 4.41e+02 |  9:2.0e-04  2:2.2e-02
  244 ,   6101 : 7.4791648451937e+00 +(1e-02,3e-02) | 4.23e+02 |  9:2.1e-04  2:2.1e-02
  245 ,   6126 : 7.4810349802209e+00 +(9e-03,2e-02) | 4.18e+02 |  9:1.9e-04  2:2.0e-02
  246 ,   6151 : 7.4793947962386e+00 +(1e-02,2e-02) | 4.34e+02 |  9:1.8e-04  2:1.9e-02
  247 ,   6176 : 7.4701252167609e+00 +(2e-02,3e-02) | 4.28e+02 |  9:1.7e-04  2:1.7e-02
  248 ,   6201 : 7.4759192794399e+00 +(2e-02,3e-02) | 4.26e+02 |  9:1.9e-04  2:1.9e-02
  249 ,   6226 : 7.4760490655019e+00 +(2e-02,4e-02) | 4.44e+02 |  9:1.9e-04  2:1.9e-02
Iterat, #Fevals:   Function Value    (median,worst) |Axis Ratio|idx:Min SD idx:Max SD
  250 ,   6251 : 7.4783308875572e+00 +(1e-02,2e-02) | 4.50e+02 |  9:2.0e-04  2:1.9e-02
  251 ,   6276 : 7.4769852769032e+00 +(1e-02,3e-02) | 4.53e+02 |  9:1.9e-04  2:1.8e-02
  252 ,   6301 : 7.4713576099113e+00 +(2e-02,3e-02) | 4.48e+02 |  9:1.9e-04  2:1.8e-02
  253 ,   6326 : 7.4750527975287e+00 +(2e-02,3e-02) | 4.35e+02 |  9:2.0e-04  2:1.9e-02
  254 ,   6351 : 7.4754743748797e+00 +(2e-02,3e-02) | 4.50e+02 |  9:2.0e-04  2:1.9e-02
  255 ,   6376 : 7.4782063149670e+00 +(1e-02,3e-02) | 5.01e+02 |  9:2.0e-04  2:2.0e-02
  256 ,   6401 : 7.4678118354628e+00 +(3e-02,4e-02) | 5.08e+02 |  9:2.0e-04  2:2.1e-02
  257 ,   6426 : 7.4814078874813e+00 +(8e-03,2e-02) | 4.80e+02 |  9:1.9e-04  2:1.9e-02
  258 ,   6451 : 7.4821589026570e+00 +(1e-02,3e-02) | 4.99e+02 |  9:1.9e-04  2:1.9e-02
  259 ,   6476 : 7.4695700517049e+00 +(2e-02,4e-02) | 4.99e+02 |  9:1.7e-04  2:1.7e-02
Iterat, #Fevals:   Function Value    (median,worst) |Axis Ratio|idx:Min SD idx:Max SD
  260 ,   6501 : 7.4768612043535e+00 +(1e-02,3e-02) | 5.10e+02 |  9:1.6e-04  2:1.6e-02
  261 ,   6526 : 7.4772351284684e+00 +(1e-02,3e-02) | 5.10e+02 |  9:1.6e-04  2:1.5e-02
  262 ,   6551 : 7.4794129838462e+00 +(7e-03,2e-02) | 5.03e+02 |  9:1.7e-04  2:1.6e-02
  263 ,   6576 : 7.4774984014262e+00 +(1e-02,3e-02) | 5.70e+02 |  9:1.9e-04  2:2.1e-02
  264 ,   6601 : 7.4819734600252e+00 +(9e-03,3e-02) | 5.73e+02 |  9:2.1e-04  2:2.2e-02
  265 ,   6626 : 7.4779903624483e+00 +(1e-02,3e-02) | 5.95e+02 |  9:2.0e-04  2:2.3e-02
  266 ,   6651 : 7.4727036479880e+00 +(2e-02,3e-02) | 5.92e+02 |  9:1.8e-04  2:2.1e-02
  267 ,   6676 : 7.4565872473433e+00 +(3e-02,5e-02) | 6.03e+02 |  9:1.7e-04  2:2.0e-02
  268 ,   6701 : 7.4801981298413e+00 +(1e-02,3e-02) | 6.06e+02 |  9:1.8e-04  2:2.0e-02
  269 ,   6726 : 7.4796266610390e+00 +(1e-02,3e-02) | 6.30e+02 |  9:1.9e-04  2:2.2e-02
Iterat, #Fevals:   Function Value    (median,worst) |Axis Ratio|idx:Min SD idx:Max SD
  270 ,   6751 : 7.4663976037974e+00 +(2e-02,4e-02) | 6.25e+02 |  9:1.8e-04  2:2.2e-02
  271 ,   6776 : 7.4759120815061e+00 +(1e-02,2e-02) | 6.50e+02 |  9:1.9e-04  2:2.3e-02
  272 ,   6801 : 7.4757293203012e+00 +(1e-02,3e-02) | 6.79e+02 |  9:2.1e-04  2:2.5e-02
  273 ,   6826 : 7.4813072196686e+00 +(1e-02,3e-02) | 6.89e+02 |  9:2.0e-04  2:2.3e-02
  274 ,   6851 : 7.4761978013473e+00 +(1e-02,3e-02) | 6.55e+02 |  9:2.0e-04  2:2.3e-02
  275 ,   6876 : 7.4661294529990e+00 +(2e-02,4e-02) | 6.78e+02 |  9:1.9e-04  2:2.5e-02
  276 ,   6901 : 7.4771127880302e+00 +(1e-02,3e-02) | 6.45e+02 |  9:1.7e-04  2:2.2e-02
  277 ,   6926 : 7.4767717725781e+00 +(1e-02,3e-02) | 6.29e+02 |  9:1.5e-04  2:2.0e-02
  278 ,   6951 : 7.4756573280050e+00 +(1e-02,3e-02) | 6.32e+02 |  9:1.3e-04  2:1.8e-02
  279 ,   6976 : 7.4777132577147e+00 +(1e-02,2e-02) | 6.34e+02 |  9:1.2e-04  2:1.5e-02
Iterat, #Fevals:   Function Value    (median,worst) |Axis Ratio|idx:Min SD idx:Max SD
  280 ,   7001 : 7.4729563576946e+00 +(2e-02,2e-02) | 6.33e+02 |  9:1.2e-04  2:1.5e-02
  281 ,   7026 : 7.4704212537834e+00 +(2e-02,3e-02) | 6.63e+02 |  9:1.2e-04  2:1.7e-02
  282 ,   7051 : 7.4709325703721e+00 +(2e-02,3e-02) | 6.39e+02 |  9:1.0e-04  2:1.4e-02
  283 ,   7076 : 7.4714130253959e+00 +(2e-02,3e-02) | 6.63e+02 |  9:9.7e-05  2:1.3e-02
  284 ,   7101 : 7.4799905477285e+00 +(1e-02,2e-02) | 6.65e+02 |  9:8.9e-05  2:1.2e-02
  285 ,   7126 : 7.4771053551805e+00 +(1e-02,3e-02) | 6.26e+02 |  9:8.0e-05  2:1.1e-02
  286 ,   7151 : 7.4707239814138e+00 +(2e-02,3e-02) | 6.36e+02 |  9:7.5e-05  2:9.9e-03
  287 ,   7176 : 7.4778375865887e+00 +(1e-02,3e-02) | 6.29e+02 |  9:7.7e-05  2:9.8e-03
  288 ,   7201 : 7.4712578138187e+00 +(2e-02,3e-02) | 6.59e+02 |  9:7.4e-05  2:1.0e-02
  289 ,   7226 : 7.4666291080763e+00 +(3e-02,4e-02) | 6.97e+02 |  9:6.5e-05  2:9.4e-03
Iterat, #Fevals:   Function Value    (median,worst) |Axis Ratio|idx:Min SD idx:Max SD
  290 ,   7251 : 7.4760103555325e+00 +(2e-02,4e-02) | 7.18e+02 |  9:6.9e-05  2:1.0e-02
  291 ,   7276 : 7.4705877672912e+00 +(2e-02,3e-02) | 6.99e+02 |  9:6.8e-05  2:9.8e-03
  292 ,   7301 : 7.4691182377390e+00 +(2e-02,3e-02) | 6.98e+02 |  9:8.4e-05  2:1.2e-02
  293 ,   7326 : 7.4792787087915e+00 +(1e-02,2e-02) | 6.69e+02 |  9:8.7e-05  2:1.2e-02
  294 ,   7351 : 7.4707377994759e+00 +(2e-02,3e-02) | 6.71e+02 |  9:8.2e-05  2:1.1e-02
  295 ,   7376 : 7.4717710051376e+00 +(1e-02,3e-02) | 6.91e+02 |  9:8.5e-05  2:1.2e-02
  296 ,   7401 : 7.4734210889389e+00 +(2e-02,3e-02) | 6.68e+02 |  9:8.5e-05  2:1.2e-02
  297 ,   7426 : 7.4749231729895e+00 +(1e-02,2e-02) | 6.36e+02 |  9:8.5e-05  2:1.3e-02
  298 ,   7451 : 7.4741219518866e+00 +(1e-02,3e-02) | 6.67e+02 |  9:7.7e-05  2:1.2e-02
  299 ,   7476 : 7.4732890112668e+00 +(1e-02,3e-02) | 6.85e+02 |  9:8.3e-05  2:1.4e-02
Iterat, #Fevals:   Function Value    (median,worst) |Axis Ratio|idx:Min SD idx:Max SD
  300 ,   7501 : 7.4812882210778e+00 +(1e-02,2e-02) | 6.95e+02 |  9:8.2e-05  2:1.3e-02
  301 ,   7526 : 7.4703722109887e+00 +(2e-02,3e-02) | 7.30e+02 |  9:6.8e-05  2:1.1e-02
  302 ,   7551 : 7.4785743187627e+00 +(1e-02,2e-02) | 7.15e+02 |  9:6.0e-05  2:9.9e-03
  303 ,   7576 : 7.4742471492204e+00 +(1e-02,2e-02) | 7.17e+02 |  9:6.9e-05  2:1.1e-02
  304 ,   7601 : 7.4808446854881e+00 +(1e-02,2e-02) | 7.75e+02 |  9:7.6e-05  2:1.3e-02
  305 ,   7626 : 7.4770874987281e+00 +(1e-02,3e-02) | 8.09e+02 |  9:8.3e-05  2:1.5e-02
  306 ,   7651 : 7.4706682615119e+00 +(2e-02,4e-02) | 8.01e+02 |  9:7.8e-05  2:1.4e-02
  307 ,   7676 : 7.4762692751354e+00 +(9e-03,2e-02) | 7.89e+02 |  9:7.9e-05  2:1.5e-02
  308 ,   7701 : 7.4728200746585e+00 +(2e-02,3e-02) | 9.11e+02 |  9:8.5e-05  2:1.8e-02
  309 ,   7726 : 7.4791891818737e+00 +(1e-02,2e-02) | 9.82e+02 |  9:8.8e-05  2:2.0e-02
Iterat, #Fevals:   Function Value    (median,worst) |Axis Ratio|idx:Min SD idx:Max SD
  310 ,   7751 : 7.4752531567386e+00 +(1e-02,2e-02) | 1.01e+03 |  9:8.0e-05  2:1.9e-02
  311 ,   7776 : 7.4746675035844e+00 +(1e-02,2e-02) | 1.01e+03 |  9:8.6e-05  2:2.0e-02
  312 ,   7801 : 7.4721536715187e+00 +(2e-02,4e-02) | 1.06e+03 |  9:8.6e-05  2:2.1e-02
  313 ,   7826 : 7.4765270736954e+00 +(1e-02,3e-02) | 1.14e+03 |  9:9.1e-05  2:2.4e-02
  314 ,   7851 : 7.4709499626530e+00 +(2e-02,4e-02) | 1.24e+03 |  9:8.7e-05  2:2.4e-02
  315 ,   7876 : 7.4739877897796e+00 +(2e-02,3e-02) | 1.25e+03 |  9:7.5e-05  2:2.0e-02
  316 ,   7901 : 7.4760227309484e+00 +(1e-02,2e-02) | 1.24e+03 |  9:6.5e-05  2:1.7e-02
  317 ,   7926 : 7.4752076434409e+00 +(1e-02,2e-02) | 1.23e+03 |  9:6.3e-05  2:1.7e-02
  318 ,   7951 : 7.4697730607110e+00 +(2e-02,3e-02) | 1.25e+03 |  9:6.4e-05  2:1.7e-02
  319 ,   7976 : 7.4772324276617e+00 +(1e-02,3e-02) | 1.20e+03 |  9:6.1e-05  2:1.7e-02
Iterat, #Fevals:   Function Value    (median,worst) |Axis Ratio|idx:Min SD idx:Max SD
  320 ,   8001 : 7.4690026466099e+00 +(2e-02,2e-02) | 1.22e+03 |  9:5.9e-05  2:1.6e-02
  321 ,   8026 : 7.4706165904633e+00 +(2e-02,3e-02) | 1.20e+03 |  9:6.5e-05  2:1.6e-02
  322 ,   8051 : 7.4673736094679e+00 +(2e-02,4e-02) | 1.25e+03 |  9:6.4e-05  2:1.6e-02
  323 ,   8076 : 7.4729420250762e+00 +(1e-02,3e-02) | 1.23e+03 |  9:6.0e-05  2:1.5e-02
  324 ,   8101 : 7.4732882998166e+00 +(1e-02,3e-02) | 1.23e+03 |  9:5.7e-05  2:1.5e-02
  325 ,   8126 : 7.4745053010891e+00 +(1e-02,3e-02) | 1.19e+03 |  9:5.2e-05  2:1.3e-02
  326 ,   8151 : 7.4694351002455e+00 +(2e-02,3e-02) | 1.15e+03 |  9:5.0e-05  2:1.3e-02
  327 ,   8176 : 7.4697248541565e+00 +(2e-02,3e-02) | 1.13e+03 |  9:4.7e-05  2:1.2e-02
  328 ,   8201 : 7.4721829835436e+00 +(2e-02,3e-02) | 1.12e+03 |  9:4.1e-05  2:1.0e-02
  329 ,   8226 : 7.4763383027210e+00 +(1e-02,2e-02) | 1.11e+03 |  9:4.2e-05  2:1.1e-02
Iterat, #Fevals:   Function Value    (median,worst) |Axis Ratio|idx:Min SD idx:Max SD
  330 ,   8251 : 7.4712958351832e+00 +(2e-02,2e-02) | 1.14e+03 |  9:4.3e-05  2:1.1e-02
  331 ,   8276 : 7.4688415691943e+00 +(2e-02,3e-02) | 1.06e+03 |  9:4.0e-05  2:1.0e-02
  332 ,   8301 : 7.4722590484579e+00 +(2e-02,3e-02) | 1.10e+03 |  9:3.8e-05  2:9.9e-03
  333 ,   8326 : 7.4735979640229e+00 +(2e-02,3e-02) | 1.08e+03 |  9:3.9e-05  2:9.8e-03
  334 ,   8351 : 7.4671679834752e+00 +(2e-02,3e-02) | 1.06e+03 |  9:4.1e-05  2:9.9e-03
  335 ,   8376 : 7.4757427069584e+00 +(9e-03,2e-02) | 1.06e+03 |  9:4.1e-05  2:9.9e-03
  336 ,   8401 : 7.4713688057077e+00 +(1e-02,3e-02) | 1.06e+03 |  9:4.2e-05  2:9.9e-03
  337 ,   8426 : 7.4733676525104e+00 +(2e-02,4e-02) | 1.08e+03 |  9:4.2e-05  2:9.5e-03
  338 ,   8451 : 7.4747768041281e+00 +(1e-02,3e-02) | 1.12e+03 |  9:4.5e-05  2:1.0e-02
  339 ,   8476 : 7.4740066615238e+00 +(1e-02,2e-02) | 1.12e+03 |  9:4.6e-05  2:1.0e-02
Iterat, #Fevals:   Function Value    (median,worst) |Axis Ratio|idx:Min SD idx:Max SD
  340 ,   8501 : 7.4758850217951e+00 +(2e-02,3e-02) | 1.17e+03 |  9:4.4e-05  2:1.0e-02
  341 ,   8526 : 7.4760387709497e+00 +(1e-02,3e-02) | 1.23e+03 |  9:5.0e-05  2:1.1e-02
  342 ,   8551 : 7.4740216301899e+00 +(1e-02,2e-02) | 1.21e+03 |  9:4.6e-05  2:1.0e-02
  343 ,   8576 : 7.4664431313226e+00 +(2e-02,4e-02) | 1.24e+03 |  9:4.2e-05  2:9.3e-03
  344 ,   8601 : 7.4674748258425e+00 +(2e-02,3e-02) | 1.18e+03 |  9:3.8e-05  2:8.3e-03
  345 ,   8626 : 7.4775657335959e+00 +(1e-02,3e-02) | 1.19e+03 |  9:3.4e-05  2:7.5e-03
  346 ,   8651 : 7.4692641489671e+00 +(2e-02,3e-02) | 1.16e+03 |  9:3.3e-05  2:7.1e-03
  347 ,   8676 : 7.4708995555142e+00 +(2e-02,3e-02) | 1.18e+03 |  9:3.5e-05  2:7.6e-03
  348 ,   8701 : 7.4765327573202e+00 +(1e-02,3e-02) | 1.27e+03 |  9:3.6e-05  2:8.4e-03
  349 ,   8726 : 7.4697815790992e+00 +(2e-02,3e-02) | 1.27e+03 |  9:3.2e-05  2:7.6e-03
Iterat, #Fevals:   Function Value    (median,worst) |Axis Ratio|idx:Min SD idx:Max SD
  350 ,   8751 : 7.4700570122600e+00 +(2e-02,3e-02) | 1.29e+03 |  9:3.4e-05  2:7.7e-03
  351 ,   8776 : 7.4762872278696e+00 +(1e-02,2e-02) | 1.29e+03 |  9:3.5e-05  2:7.6e-03
  352 ,   8801 : 7.4714268564782e+00 +(2e-02,3e-02) | 1.33e+03 |  9:3.5e-05  2:7.7e-03
  353 ,   8826 : 7.4761355434933e+00 +(9e-03,2e-02) | 1.29e+03 |  9:4.4e-05  2:8.9e-03
  354 ,   8851 : 7.4749864541044e+00 +(8e-03,3e-02) | 1.38e+03 |  9:4.2e-05  2:8.7e-03
  355 ,   8876 : 7.4693067861376e+00 +(2e-02,3e-02) | 1.37e+03 |  9:3.7e-05  2:7.6e-03
  356 ,   8901 : 7.4685579402368e+00 +(2e-02,3e-02) | 1.36e+03 |  9:3.4e-05  2:6.9e-03
  357 ,   8926 : 7.4764103760963e+00 +(1e-02,3e-02) | 1.34e+03 |  9:3.3e-05  2:6.7e-03
  358 ,   8951 : 7.4704708119255e+00 +(2e-02,3e-02) | 1.38e+03 |  9:3.3e-05  2:7.0e-03
  359 ,   8976 : 7.4757003992592e+00 +(1e-02,3e-02) | 1.40e+03 |  9:3.1e-05  2:6.6e-03
Iterat, #Fevals:   Function Value    (median,worst) |Axis Ratio|idx:Min SD idx:Max SD
  360 ,   9001 : 7.4793496273956e+00 +(7e-03,3e-02) | 1.45e+03 |  9:2.7e-05  2:6.0e-03
  361 ,   9026 : 7.4713752010190e+00 +(2e-02,3e-02) | 1.46e+03 |  9:2.5e-05  2:5.4e-03
  362 ,   9051 : 7.4702237371847e+00 +(2e-02,3e-02) | 1.44e+03 |  9:2.5e-05  2:5.3e-03
  363 ,   9076 : 7.4729859274219e+00 +(2e-02,3e-02) | 1.46e+03 |  9:3.1e-05  2:6.3e-03
  364 ,   9101 : 7.4781103729463e+00 +(1e-02,2e-02) | 1.52e+03 |  9:3.3e-05  2:7.1e-03
  365 ,   9126 : 7.4699505667101e+00 +(2e-02,3e-02) | 1.45e+03 |  9:3.6e-05  2:7.3e-03
  366 ,   9151 : 7.4714009019269e+00 +(1e-02,4e-02) | 1.49e+03 |  9:3.8e-05  2:7.8e-03
  367 ,   9176 : 7.4742013689624e+00 +(9e-03,3e-02) | 1.46e+03 |  9:3.5e-05  2:7.2e-03
  368 ,   9201 : 7.4784246031292e+00 +(1e-02,2e-02) | 1.41e+03 |  9:3.4e-05  2:6.8e-03
  369 ,   9226 : 7.4743553561592e+00 +(2e-02,3e-02) | 1.43e+03 |  9:2.9e-05  2:5.7e-03
Iterat, #Fevals:   Function Value    (median,worst) |Axis Ratio|idx:Min SD idx:Max SD
  370 ,   9251 : 7.4765472269623e+00 +(1e-02,2e-02) | 1.43e+03 |  9:2.6e-05  2:5.1e-03
  371 ,   9276 : 7.4765205121001e+00 +(1e-02,4e-02) | 1.46e+03 |  9:2.5e-05  2:4.6e-03
  372 ,   9301 : 7.4746486171263e+00 +(1e-02,2e-02) | 1.45e+03 |  9:2.1e-05  2:3.8e-03
  373 ,   9326 : 7.4730141109653e+00 +(1e-02,4e-02) | 1.48e+03 |  9:2.0e-05  2:3.5e-03
  374 ,   9351 : 7.4745757112754e+00 +(1e-02,3e-02) | 1.47e+03 |  9:1.9e-05  2:3.3e-03
  375 ,   9376 : 7.4741810578107e+00 +(1e-02,3e-02) | 1.48e+03 |  9:1.8e-05  2:3.2e-03
  376 ,   9401 : 7.4735604031180e+00 +(2e-02,2e-02) | 1.47e+03 |  9:2.0e-05  2:3.2e-03
  377 ,   9426 : 7.4636020122918e+00 +(2e-02,5e-02) | 1.40e+03 |  9:2.0e-05  2:3.2e-03
  378 ,   9451 : 7.4703417681551e+00 +(2e-02,4e-02) | 1.42e+03 |  9:2.2e-05  2:3.4e-03
  379 ,   9476 : 7.4712010507050e+00 +(1e-02,3e-02) | 1.42e+03 |  9:2.3e-05  2:3.5e-03
Iterat, #Fevals:   Function Value    (median,worst) |Axis Ratio|idx:Min SD idx:Max SD
  380 ,   9501 : 7.4690881596676e+00 +(2e-02,3e-02) | 1.42e+03 |  9:2.3e-05  2:3.4e-03
  381 ,   9526 : 7.4782050388391e+00 +(7e-03,2e-02) | 1.42e+03 |  9:2.2e-05  2:3.2e-03
  382 ,   9551 : 7.4680124530956e+00 +(2e-02,4e-02) | 1.43e+03 |  9:2.0e-05  2:2.8e-03
  383 ,   9576 : 7.4739708206101e+00 +(1e-02,3e-02) | 1.42e+03 |  9:2.0e-05  2:2.8e-03
  384 ,   9601 : 7.4647984009048e+00 +(2e-02,3e-02) | 1.43e+03 |  9:2.0e-05  2:2.9e-03
  385 ,   9626 : 7.4686866663210e+00 +(2e-02,3e-02) | 1.41e+03 |  9:2.0e-05  2:3.0e-03
  386 ,   9651 : 7.4756500223145e+00 +(1e-02,4e-02) | 1.44e+03 |  9:2.3e-05  2:3.2e-03
  387 ,   9676 : 7.4689112625208e+00 +(2e-02,3e-02) | 1.46e+03 |  9:2.5e-05  2:3.3e-03
  388 ,   9701 : 7.4784863871147e+00 +(1e-02,2e-02) | 1.46e+03 |  9:2.7e-05  2:3.4e-03
  389 ,   9726 : 7.4737604742837e+00 +(1e-02,3e-02) | 1.41e+03 |  9:2.9e-05  2:3.5e-03
Iterat, #Fevals:   Function Value    (median,worst) |Axis Ratio|idx:Min SD idx:Max SD
  390 ,   9751 : 7.4763130617652e+00 +(1e-02,2e-02) | 1.41e+03 |  9:2.9e-05  2:3.6e-03
  391 ,   9776 : 7.4781158148846e+00 +(9e-03,3e-02) | 1.43e+03 |  9:2.7e-05  2:3.2e-03
  392 ,   9801 : 7.4646178063331e+00 +(2e-02,3e-02) | 1.52e+03 |  9:2.5e-05  2:3.0e-03
  393 ,   9826 : 7.4720690528331e+00 +(1e-02,3e-02) | 1.50e+03 |  9:2.2e-05  2:2.6e-03
  394 ,   9851 : 7.4706953977873e+00 +(1e-02,4e-02) | 1.52e+03 |  9:2.0e-05  2:2.4e-03
  395 ,   9876 : 7.4759751272523e+00 +(1e-02,2e-02) | 1.65e+03 |  9:2.0e-05  2:2.6e-03
  396 ,   9901 : 7.4748268539388e+00 +(1e-02,3e-02) | 1.69e+03 |  9:1.8e-05  2:2.5e-03
  397 ,   9926 : 7.4695392102535e+00 +(2e-02,3e-02) | 1.76e+03 |  9:1.8e-05  2:2.6e-03
  398 ,   9951 : 7.4775645024924e+00 +(1e-02,3e-02) | 1.75e+03 |  9:1.9e-05  2:2.8e-03
  399 ,   9976 : 7.4733493198540e+00 +(1e-02,2e-02) | 1.72e+03 |  9:1.9e-05  2:2.8e-03
Iterat, #Fevals:   Function Value    (median,worst) |Axis Ratio|idx:Min SD idx:Max SD
  400 ,  10001 : 7.4664583638523e+00 +(2e-02,3e-02) | 1.80e+03 |  9:1.9e-05  2:2.7e-03
  401 ,  10026 : 7.4769936552626e+00 +(1e-02,2e-02) | 1.83e+03 |  9:2.0e-05  2:3.0e-03
  402 ,  10051 : 7.4741599200548e+00 +(1e-02,3e-02) | 1.89e+03 |  9:1.8e-05  2:2.7e-03
  403 ,  10076 : 7.4726892183586e+00 +(1e-02,3e-02) | 1.89e+03 |  9:1.8e-05  2:2.7e-03
  404 ,  10101 : 7.4600081030528e+00 +(3e-02,5e-02) | 1.86e+03 |  9:1.7e-05  2:2.6e-03
  405 ,  10126 : 7.4720843399613e+00 +(2e-02,3e-02) | 1.82e+03 |  9:1.5e-05  2:2.3e-03
  406 ,  10151 : 7.4709912549124e+00 +(1e-02,4e-02) | 1.80e+03 |  9:1.5e-05  2:2.3e-03
  407 ,  10176 : 7.4726908246377e+00 +(1e-02,2e-02) | 1.82e+03 |  9:1.6e-05  2:2.4e-03
  408 ,  10201 : 7.4710619714454e+00 +(1e-02,3e-02) | 1.83e+03 |  9:1.5e-05  2:2.2e-03
  409 ,  10226 : 7.4665252892851e+00 +(2e-02,3e-02) | 1.95e+03 |  9:1.3e-05  2:2.2e-03
Iterat, #Fevals:   Function Value    (median,worst) |Axis Ratio|idx:Min SD idx:Max SD
  410 ,  10251 : 7.4725908862371e+00 +(2e-02,3e-02) | 1.96e+03 |  9:1.3e-05  2:2.1e-03
  411 ,  10276 : 7.4600361507038e+00 +(2e-02,4e-02) | 2.12e+03 |  9:1.3e-05  2:2.3e-03
  412 ,  10301 : 7.4635902591927e+00 +(2e-02,4e-02) | 2.17e+03 |  9:1.2e-05  2:2.1e-03
  413 ,  10326 : 7.4740302987427e+00 +(1e-02,2e-02) | 2.14e+03 |  9:1.3e-05  2:2.2e-03
  414 ,  10351 : 7.4761415025202e+00 +(9e-03,2e-02) | 2.21e+03 |  9:1.2e-05  2:2.0e-03
  415 ,  10376 : 7.4704894821684e+00 +(2e-02,4e-02) | 2.01e+03 |  9:1.3e-05  2:2.2e-03
  416 ,  10401 : 7.4700858938350e+00 +(1e-02,3e-02) | 1.87e+03 |  9:1.3e-05  2:2.1e-03
  417 ,  10426 : 7.4716660416761e+00 +(2e-02,3e-02) | 1.88e+03 |  9:1.3e-05  2:2.1e-03
  418 ,  10451 : 7.4742971405325e+00 +(1e-02,2e-02) | 1.82e+03 |  9:1.3e-05  2:2.0e-03
  419 ,  10476 : 7.4723760398975e+00 +(1e-02,3e-02) | 1.80e+03 |  9:1.4e-05  2:2.2e-03
Iterat, #Fevals:   Function Value    (median,worst) |Axis Ratio|idx:Min SD idx:Max SD
  420 ,  10501 : 7.4694064646814e+00 +(2e-02,3e-02) | 1.73e+03 |  9:1.4e-05  2:2.2e-03
  421 ,  10526 : 7.4682844840228e+00 +(2e-02,3e-02) | 1.73e+03 |  9:1.2e-05  2:1.9e-03
  422 ,  10551 : 7.4682304686137e+00 +(2e-02,4e-02) | 1.73e+03 |  9:1.0e-05  2:1.7e-03
  423 ,  10576 : 7.4746346095782e+00 +(1e-02,3e-02) | 1.69e+03 |  9:1.2e-05  2:1.9e-03
  424 ,  10601 : 7.4669535651795e+00 +(2e-02,4e-02) | 1.61e+03 |  9:1.2e-05  2:1.9e-03
  425 ,  10626 : 7.4718153540244e+00 +(9e-03,3e-02) | 1.60e+03 |  9:1.1e-05  2:1.7e-03
  426 ,  10651 : 7.4618646830236e+00 +(3e-02,4e-02) | 1.60e+03 |  9:9.7e-06  2:1.5e-03
  427 ,  10676 : 7.4725073161005e+00 +(1e-02,3e-02) | 1.65e+03 |  9:8.6e-06  2:1.4e-03
  428 ,  10701 : 7.4714191442507e+00 +(2e-02,3e-02) | 1.76e+03 |  9:8.9e-06  2:1.5e-03
  429 ,  10726 : 7.4705835736862e+00 +(2e-02,4e-02) | 1.65e+03 |  9:7.7e-06  2:1.3e-03
Iterat, #Fevals:   Function Value    (median,worst) |Axis Ratio|idx:Min SD idx:Max SD
  430 ,  10751 : 7.4691481794851e+00 +(1e-02,3e-02) | 1.68e+03 |  9:7.1e-06  2:1.2e-03
  431 ,  10776 : 7.4758862471047e+00 +(1e-02,3e-02) | 1.67e+03 |  9:6.8e-06  2:1.1e-03
  432 ,  10801 : 7.4704761808819e+00 +(1e-02,3e-02) | 1.66e+03 |  9:7.6e-06  2:1.3e-03
  433 ,  10826 : 7.4747234789160e+00 +(1e-02,3e-02) | 1.58e+03 |  9:7.7e-06  2:1.3e-03
  434 ,  10851 : 7.4736217536098e+00 +(2e-02,2e-02) | 1.56e+03 |  9:7.8e-06  2:1.3e-03
  435 ,  10876 : 7.4684744554011e+00 +(2e-02,3e-02) | 1.55e+03 |  9:8.3e-06  2:1.3e-03
  436 ,  10901 : 7.4733351603861e+00 +(2e-02,3e-02) | 1.56e+03 |  9:8.2e-06  2:1.2e-03
  437 ,  10926 : 7.4674223921614e+00 +(2e-02,3e-02) | 1.50e+03 |  9:7.3e-06  2:1.0e-03
  438 ,  10951 : 7.4736769629195e+00 +(2e-02,3e-02) | 1.50e+03 |  9:6.8e-06  2:9.8e-04
  439 ,  10976 : 7.4735605227166e+00 +(1e-02,2e-02) | 1.51e+03 |  9:7.3e-06  2:1.1e-03
Iterat, #Fevals:   Function Value    (median,worst) |Axis Ratio|idx:Min SD idx:Max SD
  440 ,  11001 : 7.4623952378981e+00 +(3e-02,4e-02) | 1.48e+03 |  9:8.8e-06  2:1.2e-03
  441 ,  11026 : 7.4756087218687e+00 +(1e-02,2e-02) | 1.47e+03 |  9:8.1e-06  2:1.1e-03
  442 ,  11051 : 7.4737180613795e+00 +(1e-02,4e-02) | 1.43e+03 |  9:7.5e-06  2:1.1e-03
  443 ,  11076 : 7.4717200973533e+00 +(2e-02,3e-02) | 1.32e+03 |  9:6.7e-06  2:9.6e-04
  444 ,  11101 : 7.4753328837226e+00 +(9e-03,3e-02) | 1.30e+03 |  9:6.5e-06  2:8.9e-04
  445 ,  11126 : 7.4765074245846e+00 +(9e-03,3e-02) | 1.32e+03 |  9:6.2e-06  2:8.5e-04
  446 ,  11151 : 7.4777352479297e+00 +(1e-02,2e-02) | 1.38e+03 |  9:6.8e-06  2:9.3e-04
  447 ,  11176 : 7.4760745675018e+00 +(9e-03,3e-02) | 1.39e+03 |  9:7.7e-06  2:1.0e-03
  448 ,  11201 : 7.4735507749772e+00 +(1e-02,2e-02) | 1.42e+03 |  9:7.9e-06  2:1.0e-03
  449 ,  11226 : 7.4766012066905e+00 +(9e-03,2e-02) | 1.43e+03 |  9:7.2e-06  2:9.2e-04
Iterat, #Fevals:   Function Value    (median,worst) |Axis Ratio|idx:Min SD idx:Max SD
  450 ,  11251 : 7.4630214709549e+00 +(2e-02,4e-02) | 1.41e+03 |  9:7.3e-06  2:9.2e-04
  451 ,  11276 : 7.4709831647387e+00 +(1e-02,3e-02) | 1.46e+03 |  9:7.0e-06  2:9.1e-04
  452 ,  11301 : 7.4640043292764e+00 +(2e-02,4e-02) | 1.55e+03 |  9:6.9e-06  2:9.3e-04
  453 ,  11326 : 7.4703110395539e+00 +(1e-02,3e-02) | 1.49e+03 |  9:7.0e-06  2:9.2e-04
  454 ,  11351 : 7.4686289106878e+00 +(2e-02,4e-02) | 1.50e+03 |  9:7.4e-06  2:1.0e-03
  455 ,  11376 : 7.4748432162255e+00 +(1e-02,2e-02) | 1.49e+03 |  9:6.3e-06  2:8.6e-04
  456 ,  11401 : 7.4777229463330e+00 +(1e-02,2e-02) | 1.47e+03 |  9:5.2e-06  2:7.2e-04
  457 ,  11426 : 7.4674697559559e+00 +(2e-02,3e-02) | 1.49e+03 |  9:5.1e-06  2:7.1e-04
  458 ,  11451 : 7.4740699352407e+00 +(1e-02,2e-02) | 1.51e+03 |  9:5.8e-06  2:7.4e-04
  459 ,  11476 : 7.4682254538045e+00 +(2e-02,5e-02) | 1.53e+03 |  9:5.6e-06  2:7.1e-04
Iterat, #Fevals:   Function Value    (median,worst) |Axis Ratio|idx:Min SD idx:Max SD
  460 ,  11501 : 7.4672996601946e+00 +(2e-02,3e-02) | 1.55e+03 |  9:5.7e-06  2:7.0e-04
  461 ,  11526 : 7.4601723545878e+00 +(2e-02,4e-02) | 1.50e+03 |  9:5.8e-06  2:6.7e-04
  462 ,  11551 : 7.4770204418998e+00 +(1e-02,2e-02) | 1.53e+03 |  9:6.6e-06  2:7.6e-04
  463 ,  11576 : 7.4711338719436e+00 +(1e-02,3e-02) | 1.53e+03 |  9:7.6e-06  2:8.4e-04
  464 ,  11601 : 7.4759380910392e+00 +(1e-02,3e-02) | 1.53e+03 |  9:7.5e-06  2:8.3e-04
  465 ,  11626 : 7.4611241794424e+00 +(3e-02,4e-02) | 1.59e+03 |  9:7.9e-06  2:9.2e-04
  466 ,  11651 : 7.4673683705122e+00 +(2e-02,3e-02) | 1.60e+03 |  9:8.5e-06  2:1.0e-03
  467 ,  11676 : 7.4714256716139e+00 +(2e-02,3e-02) | 1.64e+03 |  9:8.1e-06  2:1.0e-03
  468 ,  11701 : 7.4698019654752e+00 +(1e-02,2e-02) | 1.66e+03 |  9:8.2e-06  2:1.0e-03
  469 ,  11726 : 7.4681702470796e+00 +(2e-02,4e-02) | 1.64e+03 |  9:7.5e-06  2:9.0e-04
Iterat, #Fevals:   Function Value    (median,worst) |Axis Ratio|idx:Min SD idx:Max SD
  470 ,  11751 : 7.4746431804584e+00 +(1e-02,3e-02) | 1.79e+03 |  9:8.2e-06  2:1.0e-03
  471 ,  11776 : 7.4689939538615e+00 +(2e-02,4e-02) | 1.74e+03 |  9:8.3e-06  2:1.0e-03
  472 ,  11801 : 7.4737133040807e+00 +(1e-02,3e-02) | 1.81e+03 |  9:8.3e-06  2:1.1e-03
  473 ,  11826 : 7.4717083314702e+00 +(2e-02,3e-02) | 1.79e+03 |  9:7.6e-06  2:1.0e-03
  474 ,  11851 : 7.4709006320674e+00 +(1e-02,3e-02) | 1.85e+03 |  9:8.5e-06  2:1.2e-03
  475 ,  11876 : 7.4600707801797e+00 +(3e-02,4e-02) | 2.01e+03 |  9:9.3e-06  2:1.3e-03
  476 ,  11901 : 7.4697721940348e+00 +(2e-02,3e-02) | 2.00e+03 |  9:1.1e-05  2:1.6e-03
  477 ,  11926 : 7.4777184924255e+00 +(1e-02,3e-02) | 2.03e+03 |  9:1.2e-05  2:1.8e-03
  478 ,  11951 : 7.4694924437581e+00 +(2e-02,3e-02) | 1.99e+03 |  9:1.2e-05  2:1.8e-03
  479 ,  11976 : 7.4728808891088e+00 +(1e-02,3e-02) | 1.95e+03 |  9:1.3e-05  2:1.9e-03
Iterat, #Fevals:   Function Value    (median,worst) |Axis Ratio|idx:Min SD idx:Max SD
  480 ,  12001 : 7.4710301054087e+00 +(2e-02,2e-02) | 1.92e+03 |  9:1.3e-05  2:1.9e-03
  481 ,  12026 : 7.4706282382620e+00 +(2e-02,4e-02) | 1.88e+03 |  9:1.3e-05  2:1.8e-03
  482 ,  12051 : 7.4705570183345e+00 +(2e-02,3e-02) | 1.82e+03 |  9:1.3e-05  2:1.8e-03
  483 ,  12076 : 7.4774186273698e+00 +(1e-02,3e-02) | 1.72e+03 |  9:1.3e-05  2:1.9e-03
  484 ,  12101 : 7.4741433056487e+00 +(1e-02,2e-02) | 1.67e+03 |  9:1.2e-05  2:1.6e-03
  485 ,  12126 : 7.4745488835415e+00 +(1e-02,2e-02) | 1.71e+03 |  9:1.2e-05  2:1.7e-03
  486 ,  12151 : 7.4786587790680e+00 +(8e-03,3e-02) | 1.73e+03 |  9:1.2e-05  2:1.7e-03
  487 ,  12176 : 7.4763324783422e+00 +(1e-02,3e-02) | 1.77e+03 |  9:1.1e-05  2:1.7e-03
  488 ,  12201 : 7.4699984499034e+00 +(1e-02,3e-02) | 1.94e+03 |  9:1.3e-05  2:2.1e-03
  489 ,  12226 : 7.4686279447305e+00 +(2e-02,3e-02) | 2.15e+03 |  9:1.3e-05  2:2.2e-03
Iterat, #Fevals:   Function Value    (median,worst) |Axis Ratio|idx:Min SD idx:Max SD
  490 ,  12251 : 7.4714793564285e+00 +(1e-02,4e-02) | 2.07e+03 |  9:1.3e-05  2:2.0e-03
  491 ,  12276 : 7.4762272353023e+00 +(1e-02,2e-02) | 2.00e+03 |  9:1.3e-05  2:1.9e-03
  492 ,  12301 : 7.4691732560717e+00 +(2e-02,3e-02) | 2.02e+03 |  9:1.3e-05  2:1.9e-03
  493 ,  12326 : 7.4719066129234e+00 +(1e-02,3e-02) | 1.96e+03 |  9:1.3e-05  2:1.9e-03
  494 ,  12351 : 7.4736791168205e+00 +(2e-02,3e-02) | 1.97e+03 |  9:1.3e-05  2:1.8e-03
  495 ,  12376 : 7.4750232737496e+00 +(1e-02,3e-02) | 1.95e+03 |  9:1.2e-05  2:1.6e-03
  496 ,  12401 : 7.4703970614777e+00 +(1e-02,3e-02) | 2.05e+03 |  9:1.1e-05  2:1.5e-03
  497 ,  12426 : 7.4699710628711e+00 +(2e-02,3e-02) | 2.07e+03 |  9:1.2e-05  2:1.7e-03
  498 ,  12451 : 7.4759085664335e+00 +(1e-02,3e-02) | 2.09e+03 |  9:1.4e-05  2:1.9e-03
  499 ,  12476 : 7.4726339339030e+00 +(1e-02,3e-02) | 2.06e+03 |  9:1.4e-05  2:1.9e-03
Iterat, #Fevals:   Function Value    (median,worst) |Axis Ratio|idx:Min SD idx:Max SD
  500 ,  12501 : 7.4718965383175e+00 +(1e-02,4e-02) | 2.33e+03 |  9:1.3e-05  2:1.8e-03
  501 ,  12526 : 7.4726537735057e+00 +(1e-02,3e-02) | 2.45e+03 |  9:1.4e-05  2:2.0e-03
  502 ,  12551 : 7.4753163991193e+00 +(2e-02,3e-02) | 2.49e+03 |  9:1.5e-05  2:2.3e-03
  503 ,  12576 : 7.4706259533461e+00 +(1e-02,3e-02) | 2.55e+03 |  9:1.6e-05  2:2.4e-03
  504 ,  12601 : 7.4720436755804e+00 +(1e-02,3e-02) | 2.52e+03 |  9:1.6e-05  2:2.5e-03
  505 ,  12626 : 7.4752206549721e+00 +(8e-03,3e-02) | 2.64e+03 |  9:1.8e-05  2:3.1e-03
  506 ,  12651 : 7.4703682555684e+00 +(1e-02,3e-02) | 2.69e+03 |  9:1.9e-05  2:3.3e-03
  507 ,  12676 : 7.4683504245349e+00 +(2e-02,3e-02) | 2.66e+03 |  9:2.2e-05  2:3.8e-03
  508 ,  12701 : 7.4711795607738e+00 +(2e-02,3e-02) | 2.68e+03 |  9:2.3e-05  2:4.0e-03
  509 ,  12726 : 7.4748634693040e+00 +(1e-02,3e-02) | 2.61e+03 |  9:2.2e-05  2:3.8e-03
Iterat, #Fevals:   Function Value    (median,worst) |Axis Ratio|idx:Min SD idx:Max SD
  510 ,  12751 : 7.4749527527207e+00 +(1e-02,2e-02) | 2.56e+03 |  9:1.9e-05  2:3.3e-03
  511 ,  12776 : 7.4760125488165e+00 +(1e-02,3e-02) | 2.52e+03 |  9:2.0e-05  2:3.3e-03
  512 ,  12801 : 7.4768703702201e+00 +(1e-02,2e-02) | 2.53e+03 |  9:2.1e-05  2:3.6e-03
  513 ,  12826 : 7.4750020508759e+00 +(1e-02,3e-02) | 2.54e+03 |  9:1.9e-05  2:3.4e-03
  514 ,  12851 : 7.4746350130305e+00 +(1e-02,3e-02) | 2.40e+03 |  9:1.8e-05  2:3.1e-03
  515 ,  12876 : 7.4663956951614e+00 +(2e-02,4e-02) | 2.50e+03 |  9:1.7e-05  2:2.9e-03
  516 ,  12901 : 7.4780504851738e+00 +(1e-02,2e-02) | 2.74e+03 |  9:1.9e-05  2:3.5e-03
  517 ,  12926 : 7.4769088008977e+00 +(1e-02,2e-02) | 2.78e+03 |  9:2.2e-05  2:4.0e-03
  518 ,  12951 : 7.4707579286278e+00 +(2e-02,3e-02) | 2.71e+03 |  9:2.4e-05  2:4.1e-03
  519 ,  12976 : 7.4729635474660e+00 +(1e-02,3e-02) | 2.70e+03 |  9:2.4e-05  2:4.1e-03
Iterat, #Fevals:   Function Value    (median,worst) |Axis Ratio|idx:Min SD idx:Max SD
  520 ,  13001 : 7.4743446785806e+00 +(1e-02,3e-02) | 2.59e+03 |  9:2.2e-05  2:3.8e-03
  521 ,  13026 : 7.4686004068969e+00 +(1e-02,3e-02) | 2.62e+03 |  9:2.1e-05  2:3.5e-03
  522 ,  13051 : 7.4744041202252e+00 +(1e-02,3e-02) | 2.61e+03 |  9:2.0e-05  2:3.3e-03
  523 ,  13076 : 7.4767115162008e+00 +(1e-02,2e-02) | 2.57e+03 |  9:2.0e-05  2:3.4e-03
  524 ,  13101 : 7.4757019851972e+00 +(1e-02,3e-02) | 2.62e+03 |  9:1.9e-05  2:3.2e-03
  525 ,  13126 : 7.4760486510966e+00 +(1e-02,3e-02) | 2.69e+03 |  9:1.7e-05  2:2.7e-03
  526 ,  13151 : 7.4702547315057e+00 +(2e-02,3e-02) | 2.75e+03 |  9:1.6e-05  2:2.5e-03
  527 ,  13176 : 7.4743183519918e+00 +(2e-02,3e-02) | 2.72e+03 |  9:1.4e-05  2:2.2e-03
  528 ,  13201 : 7.4682506696685e+00 +(2e-02,3e-02) | 2.83e+03 |  9:1.3e-05  2:2.2e-03
  529 ,  13226 : 7.4692419261488e+00 +(2e-02,3e-02) | 2.71e+03 |  9:1.3e-05  2:2.1e-03
Iterat, #Fevals:   Function Value    (median,worst) |Axis Ratio|idx:Min SD idx:Max SD
  530 ,  13251 : 7.4740167827088e+00 +(1e-02,3e-02) | 2.86e+03 |  9:1.3e-05  2:2.1e-03
  531 ,  13276 : 7.4705275381238e+00 +(2e-02,3e-02) | 3.14e+03 |  9:1.3e-05  2:2.2e-03
  532 ,  13301 : 7.4681304275775e+00 +(2e-02,4e-02) | 3.13e+03 |  9:1.3e-05  2:2.1e-03
  533 ,  13326 : 7.4750675041086e+00 +(1e-02,3e-02) | 3.17e+03 |  9:1.3e-05  2:2.2e-03
  534 ,  13351 : 7.4759990774893e+00 +(1e-02,3e-02) | 3.24e+03 |  9:1.3e-05  2:2.2e-03
  535 ,  13376 : 7.4748041688460e+00 +(1e-02,2e-02) | 3.52e+03 |  9:1.5e-05  2:2.4e-03
  536 ,  13401 : 7.4755332280553e+00 +(1e-02,3e-02) | 3.39e+03 |  9:1.4e-05  2:2.3e-03
  537 ,  13426 : 7.4715399008158e+00 +(1e-02,3e-02) | 3.35e+03 |  9:1.6e-05  2:2.4e-03
  538 ,  13451 : 7.4749203768340e+00 +(1e-02,3e-02) | 3.30e+03 |  9:1.5e-05  2:2.3e-03
  539 ,  13476 : 7.4777118015512e+00 +(9e-03,3e-02) | 3.28e+03 |  9:1.5e-05  2:2.3e-03
Iterat, #Fevals:   Function Value    (median,worst) |Axis Ratio|idx:Min SD idx:Max SD
  540 ,  13501 : 7.4773978761544e+00 +(1e-02,2e-02) | 3.39e+03 |  9:1.6e-05  2:2.4e-03
  541 ,  13526 : 7.4758390860395e+00 +(1e-02,2e-02) | 3.30e+03 |  9:1.6e-05  2:2.5e-03
  542 ,  13551 : 7.4718284245481e+00 +(2e-02,3e-02) | 3.33e+03 |  9:1.5e-05  2:2.2e-03
  543 ,  13576 : 7.4588536764406e+00 +(3e-02,4e-02) | 3.26e+03 |  9:1.5e-05  2:2.3e-03
  544 ,  13601 : 7.4651715143763e+00 +(2e-02,3e-02) | 3.33e+03 |  9:1.6e-05  2:2.3e-03
  545 ,  13626 : 7.4681426555442e+00 +(2e-02,4e-02) | 3.46e+03 |  9:1.6e-05  2:2.4e-03
  546 ,  13651 : 7.4709093760392e+00 +(2e-02,2e-02) | 3.41e+03 |  9:1.6e-05  2:2.4e-03
  547 ,  13676 : 7.4693809895525e+00 +(2e-02,4e-02) | 3.36e+03 |  9:1.4e-05  2:2.1e-03
  548 ,  13701 : 7.4668150329856e+00 +(2e-02,4e-02) | 3.29e+03 |  9:1.5e-05  2:2.3e-03
  549 ,  13726 : 7.4790020790203e+00 +(1e-02,2e-02) | 3.20e+03 |  9:1.5e-05  2:2.2e-03
Iterat, #Fevals:   Function Value    (median,worst) |Axis Ratio|idx:Min SD idx:Max SD
  550 ,  13751 : 7.4697102790640e+00 +(1e-02,3e-02) | 3.46e+03 |  9:1.5e-05  2:2.4e-03
  551 ,  13776 : 7.4748115674810e+00 +(1e-02,3e-02) | 3.54e+03 |  9:1.7e-05  2:2.7e-03
  552 ,  13801 : 7.4704128022154e+00 +(2e-02,3e-02) | 3.49e+03 |  9:1.7e-05  2:2.7e-03
  553 ,  13826 : 7.4751293879035e+00 +(1e-02,3e-02) | 3.43e+03 |  9:1.8e-05  2:2.9e-03
  554 ,  13851 : 7.4770744667122e+00 +(1e-02,3e-02) | 3.56e+03 |  9:1.8e-05  2:3.0e-03
  555 ,  13876 : 7.4751631005905e+00 +(1e-02,3e-02) | 3.56e+03 |  9:1.7e-05  2:2.9e-03
  556 ,  13901 : 7.4710024797605e+00 +(2e-02,3e-02) | 3.54e+03 |  9:1.6e-05  2:2.7e-03
  557 ,  13926 : 7.4740326002775e+00 +(1e-02,3e-02) | 3.54e+03 |  9:1.8e-05  2:2.8e-03
  558 ,  13951 : 7.4717761894917e+00 +(2e-02,3e-02) | 3.49e+03 |  9:2.0e-05  2:3.1e-03
  559 ,  13976 : 7.4737800829550e+00 +(2e-02,3e-02) | 3.47e+03 |  9:2.3e-05  2:3.5e-03
Iterat, #Fevals:   Function Value    (median,worst) |Axis Ratio|idx:Min SD idx:Max SD
  560 ,  14001 : 7.4772869719090e+00 +(9e-03,2e-02) | 3.47e+03 |  9:2.4e-05  2:3.7e-03
  561 ,  14026 : 7.4740375313030e+00 +(1e-02,3e-02) | 3.51e+03 |  9:2.4e-05  2:3.7e-03
  562 ,  14051 : 7.4730319013225e+00 +(1e-02,3e-02) | 3.42e+03 |  9:2.3e-05  2:3.5e-03
  563 ,  14076 : 7.4737975124698e+00 +(1e-02,3e-02) | 3.21e+03 |  9:2.4e-05  2:3.6e-03
  564 ,  14101 : 7.4703725942689e+00 +(2e-02,3e-02) | 3.18e+03 |  9:2.1e-05  2:3.2e-03
  565 ,  14126 : 7.4747223209522e+00 +(1e-02,2e-02) | 3.15e+03 |  9:1.9e-05  2:3.0e-03
  566 ,  14151 : 7.4755287020869e+00 +(1e-02,2e-02) | 3.36e+03 |  9:2.0e-05  2:3.1e-03
  567 ,  14176 : 7.4733219453051e+00 +(2e-02,2e-02) | 3.39e+03 |  9:2.1e-05  2:3.0e-03
  568 ,  14201 : 7.4790640024934e+00 +(6e-03,2e-02) | 3.64e+03 |  9:2.1e-05  2:3.2e-03
  569 ,  14226 : 7.4696279304314e+00 +(2e-02,3e-02) | 3.74e+03 |  9:2.2e-05  2:3.4e-03
Iterat, #Fevals:   Function Value    (median,worst) |Axis Ratio|idx:Min SD idx:Max SD
  570 ,  14251 : 7.4722627724990e+00 +(1e-02,3e-02) | 3.84e+03 |  9:2.1e-05  2:3.3e-03
#Fevals:   f(returned x)   |    bestever.f     | stopflag (saved to variablescmaes13_9_53.mat)
  14252: 7.47226277250e+00 | 7.45658724734e+00 | stagnation
mean solution: +5.4e-01 +3.8e+00 +2.3e+00 +8.0e-01 +2.9e+00 +2.9e+00 +1.2e+00 +4.3e-01 +1.5e+00
std deviation:  2.2e-04  3.3e-03  5.6e-04  4.1e-04  4.4e-04  1.9e-03  2.1e-04  1.5e-04  2.1e-05
use plotcmaesdat.m for plotting the output at any time (option LogModulo must not be zero)
