
                            < M A T L A B (R) >
                  Copyright 1984-2015 The MathWorks, Inc.
                   R2015a (8.5.0.197613) 64-bit (glnxa64)
                             February 12, 2015

 
For online documentation, see http://www.mathworks.com/support
For product information, visit www.mathworks.com.
 

	Academic License


seed =

                160.968642


Initialtheta =

           83339.299140792
          3234346.42560005
          37983379.9051657
          3066.34587176941
          5666.50687910676
           698.93762097408
       0.00969473983232085
          3.91894222644129
          511.943593734508

  n=9: (12,25)-CMA-ES(w=[24 17 14... 1.5 0.74]%, ]%, mu_eff=7.3) on function Error
Iterat, #Fevals:   Function Value    (median,worst) |Axis Ratio|idx:Min SD idx:Max SD
    1 ,     26 : 1.6184780062031e+02 +(3e+07,3e+11) | 4.05e+00 |  1:3.6e-01  7:1.4e+00
    2 ,     51 : 1.6443550770689e+02 +(5e+05,4e+11) | 4.23e+00 |  1:3.5e-01  7:1.4e+00
    3 ,     76 : 1.5013329695562e+01 +(2e+02,6e+11) | 4.24e+00 |  1:3.6e-01  7:1.5e+00
    4 ,    101 : 1.9710821658653e+01 +(1e+02,5e+11) | 4.14e+00 |  1:3.8e-01  7:1.5e+00
    5 ,    126 : 1.5765402794544e+02 +(7e+00,2e+18) | 4.06e+00 |  1:3.2e-01  7:1.2e+00
    6 ,    151 : 7.4366155958574e+01 +(9e+01,2e+11) | 4.11e+00 |  1:2.7e-01  7:1.0e+00
    7 ,    176 : 1.6125388928367e+02 +(4e+00,9e+09) | 4.11e+00 |  1:2.6e-01  7:9.9e-01
    8 ,    201 : 1.5863051952406e+02 +(6e+00,2e+08) | 4.03e+00 |  1:2.9e-01  7:1.1e+00
    9 ,    226 : 1.4019625147828e+02 +(2e+01,7e+07) | 3.89e+00 |  9:3.1e-01  7:1.1e+00
Iterat, #Fevals:   Function Value    (median,worst) |Axis Ratio|idx:Min SD idx:Max SD
   10 ,    251 : 7.6016146412589e+01 +(9e+01,6e+08) | 3.83e+00 |  9:3.1e-01  7:1.1e+00
   11 ,    276 : 1.6276141106631e+02 +(2e+00,1e+08) | 4.07e+00 |  9:2.9e-01  7:1.1e+00
   12 ,    301 : 1.4409296043901e+01 +(7e+03,3e+09) | 4.09e+00 |  9:3.3e-01  7:1.3e+00
   13 ,    326 : 1.6468187870408e+02 +(4e-01,1e+08) | 4.30e+00 |  9:3.2e-01  7:1.3e+00
   14 ,    351 : 1.6480586430050e+02 +(3e-01,2e+08) | 4.25e+00 |  9:3.0e-01  7:1.2e+00
   15 ,    376 : 1.2531992536606e+01 +(2e+02,2e+08) | 4.24e+00 |  9:3.0e-01  7:1.2e+00
   16 ,    401 : 1.3271337821755e+01 +(2e+02,1e+07) | 4.25e+00 |  9:2.7e-01  7:1.0e+00
   17 ,    426 : 1.5001411700931e+02 +(7e+02,3e+07) | 4.22e+00 |  9:2.4e-01  7:9.1e-01
   18 ,    451 : 5.1586538969766e+01 +(1e+02,2e+07) | 4.30e+00 |  9:2.3e-01  7:8.7e-01
   19 ,    476 : 4.2649966834166e+01 +(1e+02,6e+06) | 4.23e+00 |  1:2.1e-01  7:7.7e-01
Iterat, #Fevals:   Function Value    (median,worst) |Axis Ratio|idx:Min SD idx:Max SD
   20 ,    501 : 1.6591488297071e+01 +(1e+03,2e+07) | 4.56e+00 |  1:2.0e-01  7:7.9e-01
   21 ,    526 : 1.4473817465913e+02 +(2e+01,3e+05) | 4.47e+00 |  1:1.7e-01  7:6.8e-01
   22 ,    551 : 2.3108951010695e+01 +(1e+02,5e+05) | 4.59e+00 |  1:1.5e-01  7:6.0e-01
   23 ,    576 : 9.1458892730442e+00 +(2e+02,2e+05) | 4.70e+00 |  1:1.6e-01  7:6.5e-01
   24 ,    601 : 9.3608184159387e+00 +(2e+02,2e+05) | 4.83e+00 |  1:1.4e-01  7:5.8e-01
   25 ,    626 : 1.7708699261560e+01 +(1e+02,1e+05) | 4.88e+00 |  1:1.3e-01  7:5.4e-01
   26 ,    651 : 2.4374964531720e+01 +(1e+02,4e+05) | 4.83e+00 |  1:1.2e-01  7:4.9e-01
   27 ,    676 : 1.0548228056205e+01 +(2e+02,2e+04) | 5.17e+00 |  1:1.2e-01  7:5.1e-01
   28 ,    701 : 1.6904442769240e+01 +(1e+02,2e+04) | 5.48e+00 |  1:1.1e-01  7:4.8e-01
   29 ,    726 : 9.3552548689681e+00 +(2e+02,1e+04) | 5.49e+00 |  1:1.1e-01  7:5.0e-01
Iterat, #Fevals:   Function Value    (median,worst) |Axis Ratio|idx:Min SD idx:Max SD
   30 ,    751 : 1.0679570809320e+01 +(1e+02,9e+03) | 5.57e+00 |  1:1.1e-01  7:4.9e-01
   31 ,    776 : 8.6629568129902e+00 +(2e+02,1e+04) | 5.92e+00 |  1:8.9e-02  7:4.4e-01
   32 ,    801 : 9.3421051149593e+00 +(2e+02,2e+04) | 5.98e+00 |  1:8.7e-02  7:4.3e-01
   33 ,    826 : 8.5988689910969e+00 +(1e+02,9e+03) | 6.10e+00 |  1:7.6e-02  7:3.8e-01
   34 ,    851 : 9.1859153047449e+00 +(8e+01,2e+03) | 6.18e+00 |  1:7.3e-02  7:3.6e-01
   35 ,    876 : 8.3036942430290e+00 +(1e+02,7e+02) | 6.38e+00 |  1:6.7e-02  7:3.4e-01
   36 ,    901 : 8.5207701066148e+00 +(9e+01,6e+03) | 6.60e+00 |  1:5.9e-02  7:3.1e-01
   37 ,    926 : 8.0683683515346e+00 +(3e+01,6e+02) | 6.75e+00 |  1:5.8e-02  7:3.0e-01
   38 ,    951 : 9.8982692571136e+00 +(1e+02,1e+03) | 6.82e+00 |  1:5.4e-02  7:2.8e-01
   39 ,    976 : 8.3043662358310e+00 +(5e+01,5e+02) | 6.79e+00 |  1:4.9e-02  7:2.5e-01
Iterat, #Fevals:   Function Value    (median,worst) |Axis Ratio|idx:Min SD idx:Max SD
   40 ,   1001 : 8.3936399899585e+00 +(6e+01,6e+02) | 6.83e+00 |  1:4.9e-02  7:2.5e-01
   41 ,   1026 : 8.5398197331475e+00 +(5e+01,3e+02) | 7.37e+00 |  1:4.4e-02  7:2.4e-01
   42 ,   1051 : 1.6078427750073e+01 +(1e+01,6e+02) | 7.41e+00 |  1:4.3e-02  7:2.2e-01
   43 ,   1076 : 1.0113973004675e+01 +(1e+01,2e+02) | 7.89e+00 |  1:4.3e-02  7:2.2e-01
   44 ,   1101 : 8.1521494670955e+00 +(3e+01,4e+02) | 8.02e+00 |  1:3.9e-02  7:2.0e-01
   45 ,   1126 : 8.2303751118344e+00 +(2e+01,2e+02) | 8.37e+00 |  1:3.6e-02  7:1.9e-01
   46 ,   1151 : 8.3585724478121e+00 +(2e+01,4e+02) | 8.72e+00 |  1:3.0e-02  7:1.6e-01
   47 ,   1176 : 8.0235025778643e+00 +(2e+01,2e+02) | 9.02e+00 |  1:2.8e-02  7:1.6e-01
   48 ,   1201 : 8.0868891063149e+00 +(1e+01,7e+01) | 9.36e+00 |  1:2.7e-02  7:1.5e-01
   49 ,   1226 : 8.8565791550557e+00 +(5e+00,6e+01) | 1.02e+01 |  1:3.1e-02  7:1.8e-01
Iterat, #Fevals:   Function Value    (median,worst) |Axis Ratio|idx:Min SD idx:Max SD
   50 ,   1251 : 8.2636106510050e+00 +(4e+00,3e+01) | 1.06e+01 |  1:3.0e-02  7:1.8e-01
   51 ,   1276 : 8.1413326707777e+00 +(1e+01,1e+02) | 1.15e+01 |  1:3.0e-02  7:1.9e-01
   52 ,   1301 : 8.0862971811620e+00 +(8e+00,2e+02) | 1.21e+01 |  1:3.1e-02  7:2.0e-01
   53 ,   1326 : 8.0030185294749e+00 +(1e+01,1e+02) | 1.24e+01 |  1:2.8e-02  7:1.8e-01
   54 ,   1351 : 8.2746496821630e+00 +(5e+00,7e+01) | 1.25e+01 |  1:2.4e-02  7:1.5e-01
   55 ,   1376 : 8.1498283560938e+00 +(4e+00,1e+02) | 1.25e+01 |  1:2.3e-02  7:1.4e-01
   56 ,   1401 : 8.0379594850247e+00 +(6e+00,9e+01) | 1.28e+01 |  1:2.1e-02  7:1.3e-01
   57 ,   1426 : 8.0899324578750e+00 +(4e+00,3e+01) | 1.41e+01 |  1:2.3e-02  7:1.4e-01
   58 ,   1451 : 8.1532819412051e+00 +(5e+00,5e+01) | 1.45e+01 |  1:2.1e-02  7:1.3e-01
   59 ,   1476 : 8.1138635977131e+00 +(4e+00,2e+01) | 1.50e+01 |  1:2.0e-02  7:1.3e-01
Iterat, #Fevals:   Function Value    (median,worst) |Axis Ratio|idx:Min SD idx:Max SD
   60 ,   1501 : 8.0102032079064e+00 +(2e+00,2e+01) | 1.60e+01 |  1:2.0e-02  7:1.3e-01
   61 ,   1526 : 8.1154974386983e+00 +(3e+00,2e+01) | 1.63e+01 |  1:1.7e-02  7:1.1e-01
   62 ,   1551 : 8.0095353935906e+00 +(1e+00,1e+01) | 1.69e+01 |  1:1.9e-02  7:1.2e-01
   63 ,   1576 : 8.1254381443763e+00 +(2e+00,2e+01) | 1.72e+01 |  1:1.8e-02  7:1.2e-01
   64 ,   1601 : 7.9209586047006e+00 +(2e+00,1e+01) | 1.77e+01 |  1:1.8e-02  7:1.1e-01
   65 ,   1626 : 8.1468569359693e+00 +(1e+00,1e+01) | 1.83e+01 |  1:1.8e-02  7:1.1e-01
   66 ,   1651 : 7.9944428370897e+00 +(3e+00,2e+01) | 1.88e+01 |  1:1.6e-02  7:1.0e-01
   67 ,   1676 : 7.9771358874906e+00 +(1e+00,7e+00) | 1.94e+01 |  1:1.6e-02  7:1.0e-01
   68 ,   1701 : 7.9613404835420e+00 +(6e-01,9e+00) | 2.00e+01 |  1:1.6e-02  7:1.0e-01
   69 ,   1726 : 7.9698244831423e+00 +(6e-01,7e+00) | 2.10e+01 |  1:1.3e-02  7:8.4e-02
Iterat, #Fevals:   Function Value    (median,worst) |Axis Ratio|idx:Min SD idx:Max SD
   70 ,   1751 : 7.9386434574988e+00 +(8e-01,5e+00) | 2.10e+01 |  1:1.3e-02  7:8.4e-02
   71 ,   1776 : 7.9226136617684e+00 +(5e-01,4e+00) | 2.12e+01 |  1:1.1e-02  7:7.1e-02
   72 ,   1801 : 7.9132699211539e+00 +(3e-01,6e+00) | 2.19e+01 |  1:1.1e-02  7:6.9e-02
   73 ,   1826 : 7.9214308564065e+00 +(4e-01,3e+00) | 2.28e+01 |  1:1.1e-02  7:6.8e-02
   74 ,   1851 : 7.9022956722241e+00 +(3e-01,2e+00) | 2.32e+01 |  1:1.1e-02  7:6.8e-02
   75 ,   1876 : 7.8436648797041e+00 +(4e-01,4e+00) | 2.33e+01 |  1:1.0e-02  7:6.4e-02
   76 ,   1901 : 7.7383181321258e+00 +(2e-01,3e+00) | 2.43e+01 |  1:1.0e-02  7:6.7e-02
   77 ,   1926 : 7.7442591335304e+00 +(2e-01,3e+00) | 2.53e+01 |  1:1.1e-02  7:7.5e-02
   78 ,   1951 : 7.7688658482029e+00 +(2e-01,4e+00) | 2.70e+01 |  1:1.1e-02  7:8.1e-02
   79 ,   1976 : 7.5597592453911e+00 +(5e-01,3e+00) | 2.80e+01 |  1:1.0e-02  7:7.3e-02
Iterat, #Fevals:   Function Value    (median,worst) |Axis Ratio|idx:Min SD idx:Max SD
   80 ,   2001 : 7.6831690119333e+00 +(2e-01,2e+00) | 2.92e+01 |  1:9.8e-03  7:7.0e-02
   81 ,   2026 : 7.6131823993600e+00 +(2e-01,3e+00) | 3.08e+01 |  1:1.0e-02  7:7.4e-02
   82 ,   2051 : 7.5657497858909e+00 +(2e-01,3e+00) | 3.27e+01 |  1:1.1e-02  7:8.4e-02
   83 ,   2076 : 7.5863741080109e+00 +(2e-01,5e+00) | 3.43e+01 |  1:1.0e-02  7:8.4e-02
   84 ,   2101 : 7.5729804147806e+00 +(2e-01,3e+00) | 3.52e+01 |  1:9.8e-03  7:7.9e-02
   85 ,   2126 : 7.5468526113639e+00 +(3e-01,2e+00) | 3.65e+01 |  1:8.9e-03  7:7.1e-02
   86 ,   2151 : 7.5328769301269e+00 +(2e-01,3e+00) | 3.59e+01 |  1:7.4e-03  7:6.1e-02
   87 ,   2176 : 7.5677226674835e+00 +(2e-01,9e-01) | 3.68e+01 |  1:7.9e-03  7:6.2e-02
   88 ,   2201 : 7.5547574134242e+00 +(2e-01,1e+00) | 3.74e+01 |  1:6.9e-03  7:5.5e-02
   89 ,   2226 : 7.5952363597201e+00 +(9e-02,9e-01) | 3.89e+01 |  1:6.7e-03  7:5.3e-02
Iterat, #Fevals:   Function Value    (median,worst) |Axis Ratio|idx:Min SD idx:Max SD
   90 ,   2251 : 7.5518016849243e+00 +(1e-01,9e-01) | 4.08e+01 |  1:6.1e-03  7:4.8e-02
   91 ,   2276 : 7.5427795493880e+00 +(1e-01,5e-01) | 4.32e+01 |  1:6.4e-03  7:4.8e-02
   92 ,   2301 : 7.5349856306468e+00 +(2e-01,5e-01) | 4.75e+01 |  1:6.5e-03  7:5.1e-02
   93 ,   2326 : 7.5439387531538e+00 +(9e-02,9e-01) | 5.11e+01 |  1:6.5e-03  7:5.5e-02
   94 ,   2351 : 7.5441314317269e+00 +(9e-02,5e-01) | 5.32e+01 |  1:6.4e-03  7:5.4e-02
   95 ,   2376 : 7.5328229549878e+00 +(1e-01,8e-01) | 5.37e+01 |  1:6.5e-03  7:5.1e-02
   96 ,   2401 : 7.5314613840824e+00 +(1e-01,4e-01) | 5.39e+01 |  1:6.1e-03  7:4.8e-02
   97 ,   2426 : 7.5021908483892e+00 +(9e-02,4e-01) | 5.77e+01 |  1:6.2e-03  7:4.8e-02
   98 ,   2451 : 7.5027538815275e+00 +(7e-02,4e-01) | 6.23e+01 |  1:6.6e-03  7:5.1e-02
   99 ,   2476 : 7.5234481069223e+00 +(8e-02,3e-01) | 6.40e+01 |  1:6.1e-03  7:4.8e-02
Iterat, #Fevals:   Function Value    (median,worst) |Axis Ratio|idx:Min SD idx:Max SD
  100 ,   2501 : 7.5248930089030e+00 +(6e-02,3e-01) | 6.64e+01 |  1:6.0e-03  7:4.8e-02
  101 ,   2526 : 7.5132218413117e+00 +(6e-02,2e-01) | 6.78e+01 |  1:5.4e-03  7:4.5e-02
  102 ,   2551 : 7.5001735351987e+00 +(6e-02,2e-01) | 6.72e+01 |  1:4.7e-03  7:4.0e-02
  103 ,   2576 : 7.5057947304300e+00 +(6e-02,2e-01) | 7.33e+01 |  1:4.3e-03  7:3.6e-02
  104 ,   2601 : 7.4999411206661e+00 +(7e-02,2e-01) | 7.43e+01 |  1:3.6e-03  7:3.0e-02
  105 ,   2626 : 7.4975792357497e+00 +(4e-02,1e-01) | 7.84e+01 |  1:3.3e-03  7:2.9e-02
  106 ,   2651 : 7.5057720355303e+00 +(4e-02,2e-01) | 8.11e+01 |  1:3.5e-03  7:3.2e-02
  107 ,   2676 : 7.5015574577219e+00 +(3e-02,1e-01) | 8.33e+01 |  1:3.9e-03  7:3.5e-02
  108 ,   2701 : 7.5034110304933e+00 +(3e-02,1e-01) | 9.01e+01 |  1:4.8e-03  7:4.5e-02
  109 ,   2726 : 7.5082919273618e+00 +(3e-02,2e-01) | 9.26e+01 |  1:4.2e-03  7:4.1e-02
Iterat, #Fevals:   Function Value    (median,worst) |Axis Ratio|idx:Min SD idx:Max SD
  110 ,   2751 : 7.5111958053511e+00 +(5e-02,2e-01) | 9.36e+01 |  1:3.6e-03  7:3.5e-02
  111 ,   2776 : 7.5160215770198e+00 +(2e-02,2e-01) | 9.37e+01 |  1:2.9e-03  7:2.8e-02
  112 ,   2801 : 7.4935741752094e+00 +(4e-02,7e-02) | 9.69e+01 |  1:2.7e-03  7:2.7e-02
  113 ,   2826 : 7.5005881889555e+00 +(3e-02,6e-02) | 1.01e+02 |  1:2.5e-03  7:2.6e-02
  114 ,   2851 : 7.4981771448916e+00 +(3e-02,7e-02) | 9.92e+01 |  1:2.3e-03  7:2.4e-02
  115 ,   2876 : 7.5049335878849e+00 +(3e-02,8e-02) | 1.00e+02 |  1:2.1e-03  7:2.2e-02
  116 ,   2901 : 7.5073570527684e+00 +(2e-02,6e-02) | 1.05e+02 |  1:2.3e-03  7:2.4e-02
  117 ,   2926 : 7.5005154327966e+00 +(2e-02,3e-02) | 1.07e+02 |  1:2.2e-03  7:2.2e-02
  118 ,   2951 : 7.5004927133317e+00 +(2e-02,7e-02) | 1.08e+02 |  1:1.8e-03  7:1.8e-02
  119 ,   2976 : 7.5021859258274e+00 +(2e-02,5e-02) | 1.18e+02 |  1:1.8e-03  7:2.0e-02
Iterat, #Fevals:   Function Value    (median,worst) |Axis Ratio|idx:Min SD idx:Max SD
  120 ,   3001 : 7.4997284228924e+00 +(2e-02,3e-02) | 1.18e+02 |  1:1.6e-03  7:1.7e-02
  121 ,   3026 : 7.5028646625235e+00 +(1e-02,3e-02) | 1.18e+02 |  1:1.4e-03  7:1.5e-02
  122 ,   3051 : 7.5068437654970e+00 +(1e-02,3e-02) | 1.22e+02 |  1:1.4e-03  7:1.5e-02
  123 ,   3076 : 7.4983380513096e+00 +(2e-02,4e-02) | 1.26e+02 |  1:1.3e-03  7:1.3e-02
  124 ,   3101 : 7.4985252551154e+00 +(2e-02,4e-02) | 1.27e+02 |  1:1.3e-03  7:1.3e-02
  125 ,   3126 : 7.4982093533086e+00 +(2e-02,4e-02) | 1.27e+02 |  1:1.2e-03  7:1.2e-02
  126 ,   3151 : 7.5031747136952e+00 +(2e-02,3e-02) | 1.20e+02 |  1:1.2e-03  7:1.2e-02
  127 ,   3176 : 7.5019143065820e+00 +(2e-02,3e-02) | 1.19e+02 |  1:1.0e-03  7:1.1e-02
  128 ,   3201 : 7.4931252689515e+00 +(3e-02,5e-02) | 1.33e+02 |  1:1.1e-03  7:1.3e-02
  129 ,   3226 : 7.5010229371971e+00 +(1e-02,2e-02) | 1.37e+02 |  1:1.1e-03  7:1.3e-02
Iterat, #Fevals:   Function Value    (median,worst) |Axis Ratio|idx:Min SD idx:Max SD
  130 ,   3251 : 7.4955547680161e+00 +(2e-02,4e-02) | 1.44e+02 |  1:1.2e-03  7:1.4e-02
  131 ,   3276 : 7.5006330299970e+00 +(1e-02,3e-02) | 1.48e+02 |  1:1.3e-03  7:1.5e-02
  132 ,   3301 : 7.4973334708023e+00 +(2e-02,3e-02) | 1.50e+02 |  1:1.4e-03  7:1.7e-02
  133 ,   3326 : 7.5046939618495e+00 +(1e-02,4e-02) | 1.53e+02 |  1:1.2e-03  7:1.4e-02
  134 ,   3351 : 7.5003925084584e+00 +(1e-02,3e-02) | 1.58e+02 |  1:1.2e-03  7:1.4e-02
  135 ,   3376 : 7.5012854759074e+00 +(1e-02,3e-02) | 1.58e+02 |  1:1.4e-03  7:1.5e-02
  136 ,   3401 : 7.4973829033015e+00 +(1e-02,4e-02) | 1.57e+02 |  1:1.3e-03  7:1.4e-02
  137 ,   3426 : 7.4892244443525e+00 +(2e-02,4e-02) | 1.58e+02 |  1:1.2e-03  7:1.3e-02
  138 ,   3451 : 7.4987143624083e+00 +(2e-02,5e-02) | 1.57e+02 |  1:1.1e-03  7:1.2e-02
  139 ,   3476 : 7.4970611875639e+00 +(2e-02,3e-02) | 1.62e+02 |  1:1.2e-03  7:1.3e-02
Iterat, #Fevals:   Function Value    (median,worst) |Axis Ratio|idx:Min SD idx:Max SD
  140 ,   3501 : 7.5026057546396e+00 +(1e-02,3e-02) | 1.60e+02 |  1:1.1e-03  7:1.2e-02
  141 ,   3526 : 7.4928638646954e+00 +(2e-02,4e-02) | 1.52e+02 |  1:1.1e-03  7:1.1e-02
  142 ,   3551 : 7.4922679828067e+00 +(2e-02,5e-02) | 1.62e+02 |  1:1.0e-03  7:1.1e-02
  143 ,   3576 : 7.4960739476162e+00 +(2e-02,4e-02) | 1.64e+02 |  1:1.0e-03  7:1.1e-02
  144 ,   3601 : 7.4890191449672e+00 +(2e-02,4e-02) | 1.54e+02 |  1:1.0e-03  7:1.1e-02
  145 ,   3626 : 7.5022457857536e+00 +(9e-03,3e-02) | 1.52e+02 |  1:1.1e-03  7:1.1e-02
  146 ,   3651 : 7.5005975131103e+00 +(2e-02,3e-02) | 1.59e+02 |  1:9.7e-04  7:1.1e-02
  147 ,   3676 : 7.5053254239026e+00 +(1e-02,3e-02) | 1.66e+02 |  9:8.6e-04  7:9.4e-03
  148 ,   3701 : 7.4950517700247e+00 +(2e-02,3e-02) | 1.70e+02 |  9:8.2e-04  7:9.1e-03
  149 ,   3726 : 7.5021007882904e+00 +(1e-02,3e-02) | 1.69e+02 |  1:8.6e-04  7:9.7e-03
Iterat, #Fevals:   Function Value    (median,worst) |Axis Ratio|idx:Min SD idx:Max SD
  150 ,   3751 : 7.5048917228161e+00 +(1e-02,3e-02) | 1.74e+02 |  9:7.6e-04  7:8.4e-03
  151 ,   3776 : 7.4977128038036e+00 +(2e-02,4e-02) | 1.72e+02 |  9:8.2e-04  7:9.4e-03
  152 ,   3801 : 7.4926484010489e+00 +(2e-02,3e-02) | 1.85e+02 |  9:8.1e-04  7:9.7e-03
  153 ,   3826 : 7.4945919553987e+00 +(2e-02,4e-02) | 1.97e+02 |  9:8.5e-04  7:1.1e-02
  154 ,   3851 : 7.5007591574133e+00 +(1e-02,3e-02) | 2.10e+02 |  9:8.6e-04  7:1.2e-02
  155 ,   3876 : 7.4953130291518e+00 +(2e-02,4e-02) | 2.02e+02 |  9:8.1e-04  7:1.1e-02
  156 ,   3901 : 7.5007105204033e+00 +(2e-02,3e-02) | 2.04e+02 |  9:8.4e-04  7:1.2e-02
  157 ,   3926 : 7.4955434742413e+00 +(2e-02,3e-02) | 2.14e+02 |  9:7.6e-04  7:1.1e-02
  158 ,   3951 : 7.4971947039430e+00 +(1e-02,3e-02) | 2.28e+02 |  9:8.0e-04  7:1.2e-02
  159 ,   3976 : 7.4917265894043e+00 +(2e-02,4e-02) | 2.38e+02 |  9:8.1e-04  7:1.2e-02
Iterat, #Fevals:   Function Value    (median,worst) |Axis Ratio|idx:Min SD idx:Max SD
  160 ,   4001 : 7.4887255709281e+00 +(3e-02,4e-02) | 2.39e+02 |  9:7.2e-04  7:1.1e-02
  161 ,   4026 : 7.4946095887298e+00 +(2e-02,3e-02) | 2.33e+02 |  9:5.8e-04  7:8.8e-03
  162 ,   4051 : 7.4990988202356e+00 +(1e-02,3e-02) | 2.39e+02 |  9:5.6e-04  7:8.8e-03
  163 ,   4076 : 7.4964943008266e+00 +(1e-02,3e-02) | 2.28e+02 |  9:4.7e-04  7:7.3e-03
  164 ,   4101 : 7.4895623634776e+00 +(2e-02,3e-02) | 2.30e+02 |  9:4.5e-04  7:7.0e-03
  165 ,   4126 : 7.4956760753916e+00 +(1e-02,4e-02) | 2.33e+02 |  9:4.0e-04  7:6.4e-03
  166 ,   4151 : 7.4976169338138e+00 +(1e-02,3e-02) | 2.37e+02 |  9:3.6e-04  7:6.2e-03
  167 ,   4176 : 7.4954504388991e+00 +(1e-02,4e-02) | 2.34e+02 |  9:3.7e-04  7:6.2e-03
  168 ,   4201 : 7.4972363511461e+00 +(1e-02,3e-02) | 2.53e+02 |  9:4.1e-04  7:6.9e-03
  169 ,   4226 : 7.4947179921972e+00 +(2e-02,3e-02) | 2.49e+02 |  9:4.0e-04  7:6.8e-03
Iterat, #Fevals:   Function Value    (median,worst) |Axis Ratio|idx:Min SD idx:Max SD
  170 ,   4251 : 7.4945235008323e+00 +(2e-02,4e-02) | 2.64e+02 |  9:4.3e-04  7:7.6e-03
  171 ,   4276 : 7.4953973600515e+00 +(2e-02,3e-02) | 2.72e+02 |  9:4.2e-04  7:7.4e-03
  172 ,   4301 : 7.4961126945878e+00 +(1e-02,4e-02) | 2.63e+02 |  9:3.8e-04  7:7.0e-03
  173 ,   4326 : 7.4942270588560e+00 +(1e-02,3e-02) | 2.68e+02 |  9:3.7e-04  7:7.3e-03
  174 ,   4351 : 7.4913315075496e+00 +(2e-02,5e-02) | 2.77e+02 |  9:3.7e-04  7:7.6e-03
  175 ,   4376 : 7.4955199621439e+00 +(1e-02,3e-02) | 2.92e+02 |  9:3.8e-04  7:7.9e-03
  176 ,   4401 : 7.4930143363733e+00 +(2e-02,4e-02) | 2.85e+02 |  9:3.6e-04  7:7.6e-03
  177 ,   4426 : 7.4922712417202e+00 +(2e-02,3e-02) | 2.89e+02 |  9:3.3e-04  7:7.2e-03
  178 ,   4451 : 7.4905558761481e+00 +(2e-02,4e-02) | 3.15e+02 |  9:3.3e-04  7:7.7e-03
  179 ,   4476 : 7.4938983522920e+00 +(2e-02,3e-02) | 3.00e+02 |  9:3.4e-04  7:8.1e-03
Iterat, #Fevals:   Function Value    (median,worst) |Axis Ratio|idx:Min SD idx:Max SD
  180 ,   4501 : 7.5010285271617e+00 +(1e-02,2e-02) | 3.13e+02 |  9:3.4e-04  7:8.0e-03
  181 ,   4526 : 7.5010374212473e+00 +(2e-02,3e-02) | 3.10e+02 |  9:4.0e-04  7:8.8e-03
  182 ,   4551 : 7.4944785823518e+00 +(1e-02,3e-02) | 3.01e+02 |  9:4.1e-04  7:9.0e-03
  183 ,   4576 : 7.4935878912469e+00 +(2e-02,3e-02) | 3.02e+02 |  9:4.3e-04  7:9.6e-03
  184 ,   4601 : 7.4978893876014e+00 +(1e-02,3e-02) | 3.07e+02 |  9:4.2e-04  7:9.4e-03
  185 ,   4626 : 7.4905768309775e+00 +(2e-02,4e-02) | 3.09e+02 |  9:3.9e-04  7:9.1e-03
  186 ,   4651 : 7.4983434518111e+00 +(1e-02,3e-02) | 3.11e+02 |  9:3.8e-04  7:8.9e-03
  187 ,   4676 : 7.4897420598657e+00 +(2e-02,4e-02) | 3.07e+02 |  9:3.6e-04  7:8.6e-03
  188 ,   4701 : 7.4928092243379e+00 +(2e-02,4e-02) | 3.05e+02 |  9:3.2e-04  7:7.8e-03
  189 ,   4726 : 7.4935105770755e+00 +(2e-02,3e-02) | 2.97e+02 |  9:3.1e-04  7:7.6e-03
Iterat, #Fevals:   Function Value    (median,worst) |Axis Ratio|idx:Min SD idx:Max SD
  190 ,   4751 : 7.4996968796750e+00 +(1e-02,3e-02) | 2.89e+02 |  9:2.7e-04  7:6.7e-03
  191 ,   4776 : 7.4954734832973e+00 +(2e-02,3e-02) | 3.05e+02 |  9:2.4e-04  7:6.4e-03
  192 ,   4801 : 7.4920663217789e+00 +(2e-02,3e-02) | 3.10e+02 |  9:2.2e-04  7:5.9e-03
  193 ,   4826 : 7.4892474217297e+00 +(3e-02,4e-02) | 3.14e+02 |  9:2.0e-04  7:5.3e-03
  194 ,   4851 : 7.4928982016794e+00 +(2e-02,4e-02) | 3.24e+02 |  9:1.6e-04  7:4.4e-03
  195 ,   4876 : 7.4945219077112e+00 +(1e-02,3e-02) | 3.18e+02 |  9:1.4e-04  7:3.7e-03
  196 ,   4901 : 7.5005135241365e+00 +(7e-03,2e-02) | 3.30e+02 |  9:1.5e-04  7:4.0e-03
  197 ,   4926 : 7.4956341343596e+00 +(1e-02,3e-02) | 3.29e+02 |  9:1.7e-04  7:4.7e-03
  198 ,   4951 : 7.4912947013450e+00 +(2e-02,3e-02) | 3.23e+02 |  9:1.7e-04  7:4.6e-03
  199 ,   4976 : 7.4965937801284e+00 +(9e-03,3e-02) | 3.28e+02 |  9:1.8e-04  7:4.9e-03
Iterat, #Fevals:   Function Value    (median,worst) |Axis Ratio|idx:Min SD idx:Max SD
  200 ,   5001 : 7.4962317821498e+00 +(1e-02,4e-02) | 3.25e+02 |  9:1.8e-04  7:4.8e-03
  201 ,   5026 : 7.4983822962756e+00 +(1e-02,3e-02) | 3.27e+02 |  9:1.7e-04  7:4.5e-03
  202 ,   5051 : 7.4987095577217e+00 +(1e-02,3e-02) | 3.37e+02 |  9:1.6e-04  7:4.5e-03
  203 ,   5076 : 7.4912530619259e+00 +(2e-02,4e-02) | 3.50e+02 |  9:1.7e-04  7:4.9e-03
  204 ,   5101 : 7.4968170258599e+00 +(1e-02,3e-02) | 3.43e+02 |  9:1.5e-04  7:4.3e-03
  205 ,   5126 : 7.4930753456357e+00 +(2e-02,4e-02) | 3.51e+02 |  9:1.4e-04  7:3.9e-03
  206 ,   5151 : 7.4947918687711e+00 +(1e-02,4e-02) | 3.42e+02 |  9:1.4e-04  7:3.7e-03
  207 ,   5176 : 7.4954522233714e+00 +(1e-02,3e-02) | 3.36e+02 |  9:1.3e-04  7:3.5e-03
  208 ,   5201 : 7.4949971239376e+00 +(2e-02,2e-02) | 3.32e+02 |  9:1.3e-04  7:3.4e-03
  209 ,   5226 : 7.4973213960651e+00 +(1e-02,3e-02) | 3.33e+02 |  9:1.3e-04  7:3.4e-03
Iterat, #Fevals:   Function Value    (median,worst) |Axis Ratio|idx:Min SD idx:Max SD
  210 ,   5251 : 7.4891335346412e+00 +(2e-02,3e-02) | 3.37e+02 |  9:1.4e-04  7:3.8e-03
  211 ,   5276 : 7.5002709316079e+00 +(1e-02,2e-02) | 3.50e+02 |  9:1.8e-04  7:4.7e-03
  212 ,   5301 : 7.4951784482064e+00 +(2e-02,3e-02) | 3.48e+02 |  9:1.7e-04  7:4.6e-03
  213 ,   5326 : 7.4925347181660e+00 +(2e-02,3e-02) | 3.54e+02 |  9:1.6e-04  7:4.4e-03
  214 ,   5351 : 7.4971003631974e+00 +(1e-02,3e-02) | 3.74e+02 |  9:1.8e-04  7:5.1e-03
  215 ,   5376 : 7.4952148243507e+00 +(1e-02,4e-02) | 3.65e+02 |  9:1.9e-04  7:5.4e-03
  216 ,   5401 : 7.4955632015461e+00 +(1e-02,3e-02) | 3.76e+02 |  9:2.4e-04  7:6.1e-03
  217 ,   5426 : 7.4910894722033e+00 +(2e-02,3e-02) | 4.03e+02 |  9:2.9e-04  7:7.8e-03
  218 ,   5451 : 7.4975686126796e+00 +(2e-02,3e-02) | 4.09e+02 |  9:2.8e-04  7:7.6e-03
  219 ,   5476 : 7.4976803475731e+00 +(1e-02,3e-02) | 4.06e+02 |  9:2.4e-04  7:6.7e-03
Iterat, #Fevals:   Function Value    (median,worst) |Axis Ratio|idx:Min SD idx:Max SD
  220 ,   5501 : 7.4963704248192e+00 +(1e-02,4e-02) | 3.98e+02 |  9:2.4e-04  7:6.5e-03
  221 ,   5526 : 7.4913196639389e+00 +(2e-02,3e-02) | 3.80e+02 |  9:2.1e-04  7:5.8e-03
  222 ,   5551 : 7.4919322572472e+00 +(2e-02,4e-02) | 3.80e+02 |  9:2.2e-04  7:6.3e-03
  223 ,   5576 : 7.4885180604575e+00 +(2e-02,4e-02) | 3.77e+02 |  9:2.2e-04  7:6.2e-03
  224 ,   5601 : 7.4863547060573e+00 +(2e-02,4e-02) | 3.97e+02 |  9:2.0e-04  7:5.9e-03
  225 ,   5626 : 7.4902310047728e+00 +(2e-02,4e-02) | 3.92e+02 |  9:2.1e-04  7:6.3e-03
  226 ,   5651 : 7.4954758174372e+00 +(2e-02,4e-02) | 3.97e+02 |  9:2.0e-04  7:6.2e-03
  227 ,   5676 : 7.4954226195787e+00 +(1e-02,3e-02) | 4.31e+02 |  9:2.0e-04  7:6.5e-03
  228 ,   5701 : 7.4980498624729e+00 +(1e-02,4e-02) | 4.25e+02 |  9:1.9e-04  7:6.2e-03
  229 ,   5726 : 7.4939492786779e+00 +(2e-02,3e-02) | 3.81e+02 |  9:1.8e-04  7:6.2e-03
Iterat, #Fevals:   Function Value    (median,worst) |Axis Ratio|idx:Min SD idx:Max SD
  230 ,   5751 : 7.4911265928824e+00 +(2e-02,5e-02) | 3.78e+02 |  9:1.9e-04  7:6.8e-03
  231 ,   5776 : 7.4988934083061e+00 +(1e-02,3e-02) | 3.81e+02 |  9:1.9e-04  7:6.8e-03
  232 ,   5801 : 7.4983845865883e+00 +(9e-03,2e-02) | 3.60e+02 |  9:2.0e-04  7:7.2e-03
  233 ,   5826 : 7.4979476200017e+00 +(1e-02,4e-02) | 3.46e+02 |  9:1.8e-04  7:6.3e-03
  234 ,   5851 : 7.5010515945540e+00 +(1e-02,3e-02) | 3.51e+02 |  9:1.5e-04  7:5.2e-03
  235 ,   5876 : 7.4965109210137e+00 +(1e-02,3e-02) | 3.54e+02 |  9:1.3e-04  7:4.7e-03
  236 ,   5901 : 7.4982443332044e+00 +(1e-02,3e-02) | 3.76e+02 |  9:1.4e-04  7:5.1e-03
  237 ,   5926 : 7.4925977985987e+00 +(2e-02,3e-02) | 3.68e+02 |  9:1.5e-04  7:5.4e-03
  238 ,   5951 : 7.4916477548448e+00 +(2e-02,4e-02) | 3.71e+02 |  9:1.4e-04  7:5.3e-03
  239 ,   5976 : 7.4975628398465e+00 +(1e-02,3e-02) | 3.86e+02 |  9:1.4e-04  7:5.5e-03
Iterat, #Fevals:   Function Value    (median,worst) |Axis Ratio|idx:Min SD idx:Max SD
  240 ,   6001 : 7.4890090991620e+00 +(2e-02,3e-02) | 3.82e+02 |  9:1.4e-04  7:5.6e-03
  241 ,   6026 : 7.4958523449161e+00 +(1e-02,3e-02) | 3.78e+02 |  9:1.3e-04  7:5.1e-03
  242 ,   6051 : 7.4958291022406e+00 +(1e-02,3e-02) | 3.79e+02 |  9:1.4e-04  7:5.4e-03
  243 ,   6076 : 7.4933568479601e+00 +(2e-02,3e-02) | 3.55e+02 |  9:1.3e-04  7:5.2e-03
  244 ,   6101 : 7.4910696032476e+00 +(2e-02,3e-02) | 3.68e+02 |  9:1.1e-04  7:4.7e-03
  245 ,   6126 : 7.4977388238666e+00 +(1e-02,3e-02) | 3.71e+02 |  9:1.1e-04  7:4.5e-03
  246 ,   6151 : 7.4867330039924e+00 +(2e-02,5e-02) | 3.74e+02 |  9:9.9e-05  7:4.3e-03
  247 ,   6176 : 7.4926047496750e+00 +(2e-02,3e-02) | 3.79e+02 |  9:9.2e-05  7:3.9e-03
  248 ,   6201 : 7.5006362252550e+00 +(8e-03,2e-02) | 3.65e+02 |  9:8.7e-05  7:3.6e-03
  249 ,   6226 : 7.4940415598894e+00 +(1e-02,3e-02) | 3.63e+02 |  9:9.2e-05  7:3.9e-03
Iterat, #Fevals:   Function Value    (median,worst) |Axis Ratio|idx:Min SD idx:Max SD
  250 ,   6251 : 7.4900481302227e+00 +(2e-02,3e-02) | 3.68e+02 |  9:8.2e-05  7:3.4e-03
  251 ,   6276 : 7.4984883048528e+00 +(1e-02,3e-02) | 3.78e+02 |  9:8.0e-05  7:3.4e-03
  252 ,   6301 : 7.5018648736557e+00 +(1e-02,2e-02) | 3.86e+02 |  9:6.7e-05  7:3.0e-03
  253 ,   6326 : 7.5008210232658e+00 +(9e-03,4e-02) | 3.93e+02 |  9:5.8e-05  7:2.6e-03
  254 ,   6351 : 7.4897952914895e+00 +(2e-02,4e-02) | 3.94e+02 |  9:6.2e-05  7:2.8e-03
  255 ,   6376 : 7.5002723606143e+00 +(1e-02,3e-02) | 3.81e+02 |  9:6.2e-05  7:2.8e-03
  256 ,   6401 : 7.4888411397701e+00 +(2e-02,4e-02) | 4.03e+02 |  9:6.5e-05  7:2.9e-03
  257 ,   6426 : 7.4936198513568e+00 +(1e-02,3e-02) | 4.08e+02 |  9:5.8e-05  7:2.5e-03
  258 ,   6451 : 7.4926562716722e+00 +(2e-02,4e-02) | 3.98e+02 |  9:5.6e-05  7:2.4e-03
  259 ,   6476 : 7.4992343657785e+00 +(1e-02,2e-02) | 3.88e+02 |  9:5.4e-05  7:2.3e-03
Iterat, #Fevals:   Function Value    (median,worst) |Axis Ratio|idx:Min SD idx:Max SD
  260 ,   6501 : 7.4919628782458e+00 +(2e-02,4e-02) | 3.88e+02 |  9:5.4e-05  7:2.3e-03
  261 ,   6526 : 7.4921100238875e+00 +(2e-02,3e-02) | 3.95e+02 |  9:4.7e-05  7:2.0e-03
  262 ,   6551 : 7.4882153684491e+00 +(2e-02,3e-02) | 3.69e+02 |  9:4.7e-05  7:1.9e-03
  263 ,   6576 : 7.4896461992885e+00 +(2e-02,4e-02) | 3.63e+02 |  9:4.7e-05  7:1.9e-03
  264 ,   6601 : 7.4983937821858e+00 +(1e-02,2e-02) | 3.54e+02 |  9:5.2e-05  7:2.2e-03
  265 ,   6626 : 7.4932230382506e+00 +(2e-02,3e-02) | 3.78e+02 |  9:5.7e-05  7:2.6e-03
  266 ,   6651 : 7.4956839051614e+00 +(1e-02,3e-02) | 3.78e+02 |  9:7.0e-05  7:2.9e-03
  267 ,   6676 : 7.4929450365828e+00 +(2e-02,4e-02) | 4.03e+02 |  9:6.5e-05  7:2.8e-03
  268 ,   6701 : 7.4959786470656e+00 +(2e-02,3e-02) | 4.13e+02 |  9:6.1e-05  7:2.7e-03
  269 ,   6726 : 7.4984030923367e+00 +(1e-02,2e-02) | 4.24e+02 |  9:5.9e-05  7:2.7e-03
Iterat, #Fevals:   Function Value    (median,worst) |Axis Ratio|idx:Min SD idx:Max SD
  270 ,   6751 : 7.4970419226504e+00 +(1e-02,4e-02) | 4.26e+02 |  9:5.0e-05  7:2.4e-03
  271 ,   6776 : 7.5011769916493e+00 +(1e-02,3e-02) | 4.32e+02 |  9:4.9e-05  7:2.3e-03
  272 ,   6801 : 7.4935187110967e+00 +(2e-02,3e-02) | 4.22e+02 |  9:4.3e-05  7:2.0e-03
  273 ,   6826 : 7.4995283492591e+00 +(1e-02,3e-02) | 4.12e+02 |  9:3.8e-05  7:1.8e-03
  274 ,   6851 : 7.5000845150171e+00 +(1e-02,3e-02) | 3.89e+02 |  9:3.5e-05  7:1.6e-03
  275 ,   6876 : 7.4888216813749e+00 +(2e-02,4e-02) | 3.84e+02 |  9:3.4e-05  7:1.5e-03
  276 ,   6901 : 7.4909053460240e+00 +(2e-02,4e-02) | 3.92e+02 |  9:3.1e-05  7:1.4e-03
  277 ,   6926 : 7.4965508512494e+00 +(1e-02,3e-02) | 3.90e+02 |  9:2.5e-05  7:1.1e-03
  278 ,   6951 : 7.4949429205564e+00 +(2e-02,3e-02) | 3.73e+02 |  9:2.5e-05  7:1.1e-03
  279 ,   6976 : 7.4993144291274e+00 +(1e-02,2e-02) | 3.73e+02 |  9:2.3e-05  7:1.0e-03
Iterat, #Fevals:   Function Value    (median,worst) |Axis Ratio|idx:Min SD idx:Max SD
  280 ,   7001 : 7.4946257181042e+00 +(2e-02,3e-02) | 3.84e+02 |  9:2.4e-05  7:1.1e-03
  281 ,   7026 : 7.4958054246502e+00 +(1e-02,3e-02) | 3.87e+02 |  9:2.1e-05  7:9.8e-04
  282 ,   7051 : 7.4906451837214e+00 +(2e-02,3e-02) | 4.12e+02 |  9:2.1e-05  7:1.0e-03
  283 ,   7076 : 7.4999609734015e+00 +(9e-03,2e-02) | 4.03e+02 |  9:2.2e-05  7:1.0e-03
  284 ,   7101 : 7.4965870607495e+00 +(1e-02,3e-02) | 4.01e+02 |  9:2.3e-05  7:1.1e-03
  285 ,   7126 : 7.4937290767990e+00 +(2e-02,4e-02) | 4.16e+02 |  9:2.2e-05  7:1.0e-03
  286 ,   7151 : 7.4916827218031e+00 +(2e-02,3e-02) | 4.33e+02 |  9:2.3e-05  7:1.1e-03
  287 ,   7176 : 7.4979208828193e+00 +(1e-02,3e-02) | 4.33e+02 |  9:2.0e-05  7:1.0e-03
  288 ,   7201 : 7.4979552252363e+00 +(1e-02,3e-02) | 4.39e+02 |  9:2.0e-05  7:9.8e-04
  289 ,   7226 : 7.4968162353455e+00 +(1e-02,3e-02) | 4.34e+02 |  9:2.0e-05  7:9.5e-04
Iterat, #Fevals:   Function Value    (median,worst) |Axis Ratio|idx:Min SD idx:Max SD
  290 ,   7251 : 7.4966661640583e+00 +(1e-02,2e-02) | 4.40e+02 |  9:2.2e-05  7:1.0e-03
  291 ,   7276 : 7.4984548396560e+00 +(2e-02,3e-02) | 4.50e+02 |  9:2.1e-05  7:1.0e-03
  292 ,   7301 : 7.5000471965754e+00 +(1e-02,3e-02) | 4.32e+02 |  9:2.0e-05  7:9.6e-04
  293 ,   7326 : 7.4829783765473e+00 +(3e-02,5e-02) | 4.57e+02 |  9:1.8e-05  7:9.2e-04
  294 ,   7351 : 7.5040531987352e+00 +(7e-03,2e-02) | 4.58e+02 |  9:1.7e-05  7:8.3e-04
  295 ,   7376 : 7.4955714523907e+00 +(2e-02,3e-02) | 4.77e+02 |  9:1.6e-05  7:8.0e-04
  296 ,   7401 : 7.5005880350218e+00 +(1e-02,3e-02) | 4.83e+02 |  9:1.6e-05  7:7.9e-04
  297 ,   7426 : 7.4874823784829e+00 +(2e-02,4e-02) | 4.90e+02 |  9:1.4e-05  7:6.9e-04
  298 ,   7451 : 7.4888915443461e+00 +(2e-02,4e-02) | 4.76e+02 |  9:1.2e-05  7:6.2e-04
  299 ,   7476 : 7.4892035555746e+00 +(2e-02,3e-02) | 4.75e+02 |  9:1.2e-05  7:5.9e-04
Iterat, #Fevals:   Function Value    (median,worst) |Axis Ratio|idx:Min SD idx:Max SD
  300 ,   7501 : 7.4947026684093e+00 +(2e-02,3e-02) | 5.11e+02 |  9:1.2e-05  7:6.1e-04
  301 ,   7526 : 7.4889676273904e+00 +(2e-02,4e-02) | 5.18e+02 |  9:1.3e-05  7:6.6e-04
  302 ,   7551 : 7.4948132623658e+00 +(1e-02,3e-02) | 5.17e+02 |  9:1.5e-05  7:7.6e-04
  303 ,   7576 : 7.4965045036974e+00 +(1e-02,3e-02) | 5.08e+02 |  9:1.7e-05  7:8.7e-04
  304 ,   7601 : 7.4899667882437e+00 +(2e-02,4e-02) | 5.36e+02 |  9:1.7e-05  7:9.6e-04
  305 ,   7626 : 7.4962552823028e+00 +(1e-02,4e-02) | 4.85e+02 |  9:2.0e-05  7:1.0e-03
  306 ,   7651 : 7.4913333711279e+00 +(2e-02,3e-02) | 4.96e+02 |  9:2.0e-05  7:1.0e-03
  307 ,   7676 : 7.4931185726330e+00 +(2e-02,4e-02) | 4.94e+02 |  9:1.8e-05  7:9.6e-04
  308 ,   7701 : 7.4923804378845e+00 +(2e-02,3e-02) | 5.36e+02 |  9:1.8e-05  7:1.0e-03
  309 ,   7726 : 7.4920131270656e+00 +(2e-02,3e-02) | 5.30e+02 |  9:2.0e-05  7:1.1e-03
Iterat, #Fevals:   Function Value    (median,worst) |Axis Ratio|idx:Min SD idx:Max SD
  310 ,   7751 : 7.4952881853816e+00 +(2e-02,4e-02) | 5.30e+02 |  9:2.3e-05  7:1.3e-03
  311 ,   7776 : 7.4934697892781e+00 +(2e-02,4e-02) | 5.31e+02 |  9:2.1e-05  7:1.2e-03
  312 ,   7801 : 7.4945058779760e+00 +(2e-02,3e-02) | 5.34e+02 |  9:2.2e-05  7:1.2e-03
  313 ,   7826 : 7.4941433876307e+00 +(2e-02,3e-02) | 5.46e+02 |  9:2.1e-05  7:1.2e-03
  314 ,   7851 : 7.4940426844677e+00 +(2e-02,4e-02) | 5.39e+02 |  9:2.0e-05  7:1.1e-03
  315 ,   7876 : 7.4882374689719e+00 +(2e-02,5e-02) | 5.43e+02 |  9:1.8e-05  7:9.9e-04
  316 ,   7901 : 7.4880749081901e+00 +(2e-02,3e-02) | 5.23e+02 |  9:2.0e-05  7:1.0e-03
  317 ,   7926 : 7.4998897617839e+00 +(1e-02,4e-02) | 5.22e+02 |  9:1.7e-05  7:9.1e-04
  318 ,   7951 : 7.4954041737966e+00 +(1e-02,4e-02) | 5.17e+02 |  9:1.7e-05  7:8.7e-04
  319 ,   7976 : 7.4955743473509e+00 +(2e-02,3e-02) | 5.16e+02 |  9:1.7e-05  7:8.5e-04
#Fevals:   f(returned x)   |    bestever.f     | stopflag (saved to variablescmaes13_9_125.mat)
   7977: 7.49557434735e+00 | 7.48297837655e+00 | stagnation
mean solution: +1.4e-01 +8.3e-01 +2.2e+00 +6.9e-01 +1.7e+00 +1.1e+00 +4.4e+00 +6.6e-01 +2.0e+00
std deviation:  6.6e-05  4.6e-04  5.4e-04  3.3e-04  1.2e-04  1.8e-04  8.5e-04  3.5e-04  1.7e-05
use plotcmaesdat.m for plotting the output at any time (option LogModulo must not be zero)
