
                            < M A T L A B (R) >
                  Copyright 1984-2015 The MathWorks, Inc.
                   R2015a (8.5.0.197613) 64-bit (glnxa64)
                             February 12, 2015

 
For online documentation, see http://www.mathworks.com/support
For product information, visit www.mathworks.com.
 

	Academic License


seed =

                 83.439932


Initialtheta =

          25704.3170062713
          6837876.14692314
          66364176.0932698
          7771.52721422953
          8273.83891672625
          357.327459591111
        0.0199500672706529
          7.43411727208176
          497.778360567045

  n=9: (12,25)-CMA-ES(w=[24 17 14... 1.5 0.74]%, ]%, mu_eff=7.3) on function Error
Iterat, #Fevals:   Function Value    (median,worst) |Axis Ratio|idx:Min SD idx:Max SD
    1 ,     26 : 1.6451302012033e+02 +(3e+07,3e+10) | 3.29e+00 |  5:3.4e-01  1:1.1e+00
    2 ,     51 : 1.6487270719298e+02 +(2e-01,3e+09) | 3.35e+00 |  5:3.7e-01  1:1.1e+00
    3 ,     76 : 1.6436080775633e+02 +(5e-01,7e+10) | 3.35e+00 |  4:3.8e-01  1:1.2e+00
    4 ,    101 : 1.6427485465709e+02 +(2e+07,8e+16) | 3.36e+00 |  4:3.4e-01  1:1.1e+00
    5 ,    126 : 1.6473939599127e+02 +(1e+07,3e+09) | 3.29e+00 |  4:3.1e-01  1:9.3e-01
    6 ,    151 : 1.6469193994938e+02 +(3e-01,2e+09) | 3.20e+00 |  4:2.9e-01  1:8.5e-01
    7 ,    176 : 1.6488805001353e+02 +(8e+03,1e+08) | 3.17e+00 |  4:3.0e-01  1:8.4e-01
    8 ,    201 : 1.6476240561176e+02 +(8e+06,2e+10) | 3.17e+00 |  4:2.6e-01  1:7.2e-01
    9 ,    226 : 1.6487357378034e+02 +(3e+04,2e+08) | 3.00e+00 |  8:2.6e-01  1:6.6e-01
Iterat, #Fevals:   Function Value    (median,worst) |Axis Ratio|idx:Min SD idx:Max SD
   10 ,    251 : 1.6486516746944e+02 +(7e+05,6e+07) | 2.97e+00 |  8:2.2e-01  1:5.6e-01
   11 ,    276 : 1.6482473767777e+02 +(1e+05,2e+08) | 2.90e+00 |  8:2.0e-01  1:4.8e-01
   12 ,    301 : 1.6481043270980e+02 +(2e-01,9e+07) | 2.72e+00 |  8:1.9e-01  1:4.3e-01
   13 ,    326 : 1.6489834400904e+02 +(2e+05,8e+07) | 2.69e+00 |  8:1.6e-01  1:3.5e-01
   14 ,    351 : 1.6491946124620e+02 +(1e+04,6e+06) | 2.61e+00 |  8:1.4e-01  6:3.4e-01
   15 ,    376 : 1.6492585660424e+02 +(6e+02,1e+07) | 2.72e+00 |  8:1.4e-01  6:3.3e-01
   16 ,    401 : 1.6496578788828e+02 +(3e+04,1e+07) | 2.64e+00 |  8:1.3e-01  6:3.0e-01
   17 ,    426 : 1.6492481604175e+02 +(9e-02,2e+06) | 2.54e+00 |  5:1.6e-01  6:3.3e-01
   18 ,    451 : 1.4714830393064e+02 +(2e+01,6e+06) | 2.53e+00 |  5:1.7e-01  6:3.4e-01
   19 ,    476 : 1.6500343178308e+02 +(3e+03,4e+06) | 2.52e+00 |  9:1.6e-01  6:3.3e-01
Iterat, #Fevals:   Function Value    (median,worst) |Axis Ratio|idx:Min SD idx:Max SD
   20 ,    501 : 3.7638633822814e+01 +(3e+04,6e+05) | 2.37e+00 |  5:1.9e-01  6:3.8e-01
   21 ,    526 : 6.5865961360649e+01 +(1e+02,1e+06) | 2.39e+00 |  5:2.0e-01  6:4.1e-01
   22 ,    551 : 5.8159275049388e+01 +(1e+02,4e+05) | 2.42e+00 |  5:2.0e-01  6:4.1e-01
   23 ,    576 : 6.0854140885919e+01 +(1e+02,3e+05) | 2.50e+00 |  5:1.8e-01  6:3.8e-01
   24 ,    601 : 1.3868836081335e+01 +(2e+02,5e+06) | 2.53e+00 |  5:1.7e-01  6:3.5e-01
   25 ,    626 : 5.3845323712763e+01 +(1e+02,5e+04) | 2.53e+00 |  5:1.4e-01  6:2.9e-01
   26 ,    651 : 1.4401181163345e+01 +(2e+02,3e+05) | 2.60e+00 |  5:1.2e-01  6:2.6e-01
   27 ,    676 : 1.1281219142819e+01 +(2e+02,2e+04) | 2.68e+00 |  5:1.1e-01  6:2.4e-01
   28 ,    701 : 1.0087045445146e+01 +(1e+02,4e+04) | 2.72e+00 |  5:9.3e-02  6:2.1e-01
   29 ,    726 : 1.0710411196464e+01 +(2e+02,3e+04) | 2.93e+00 |  5:8.9e-02  6:2.2e-01
Iterat, #Fevals:   Function Value    (median,worst) |Axis Ratio|idx:Min SD idx:Max SD
   30 ,    751 : 1.0207908849345e+01 +(2e+02,2e+04) | 3.05e+00 |  5:8.8e-02  6:2.3e-01
   31 ,    776 : 3.0939830689191e+01 +(1e+02,2e+03) | 3.17e+00 |  5:8.1e-02  6:2.2e-01
   32 ,    801 : 1.1011467918116e+01 +(1e+02,1e+03) | 3.22e+00 |  5:8.3e-02  6:2.2e-01
   33 ,    826 : 2.3736106479633e+01 +(1e+02,2e+04) | 3.20e+00 |  5:8.0e-02  6:2.1e-01
   34 ,    851 : 1.2032350324198e+01 +(1e+02,4e+03) | 3.54e+00 |  5:8.3e-02  6:2.4e-01
   35 ,    876 : 9.2522348613228e+00 +(2e+02,9e+03) | 3.59e+00 |  5:8.6e-02  6:2.5e-01
   36 ,    901 : 1.0870744600690e+01 +(1e+02,6e+02) | 3.56e+00 |  5:8.1e-02  6:2.3e-01
   37 ,    926 : 1.1913928465170e+01 +(1e+02,2e+03) | 3.71e+00 |  5:7.2e-02  6:2.2e-01
   38 ,    951 : 9.5093464918016e+00 +(8e+01,2e+03) | 3.78e+00 |  5:6.6e-02  6:2.0e-01
   39 ,    976 : 1.3582217987880e+01 +(1e+02,6e+02) | 3.96e+00 |  5:6.9e-02  6:2.2e-01
Iterat, #Fevals:   Function Value    (median,worst) |Axis Ratio|idx:Min SD idx:Max SD
   40 ,   1001 : 1.0603141805530e+01 +(7e+01,2e+03) | 4.02e+00 |  5:6.6e-02  6:2.2e-01
   41 ,   1026 : 9.1678282535150e+00 +(1e+02,5e+03) | 4.07e+00 |  5:5.7e-02  6:1.8e-01
   42 ,   1051 : 1.0357457783531e+01 +(8e+01,7e+02) | 4.05e+00 |  5:5.3e-02  6:1.7e-01
   43 ,   1076 : 1.0254334911741e+01 +(7e+01,2e+03) | 4.21e+00 |  5:5.8e-02  6:1.8e-01
   44 ,   1101 : 1.3877038546742e+01 +(6e+01,4e+03) | 4.29e+00 |  5:5.3e-02  6:1.7e-01
   45 ,   1126 : 9.7479761932258e+00 +(6e+01,3e+02) | 4.54e+00 |  5:5.0e-02  6:1.6e-01
   46 ,   1151 : 1.0640176530473e+01 +(2e+01,3e+02) | 4.70e+00 |  5:5.2e-02  6:1.7e-01
   47 ,   1176 : 1.0288254232718e+01 +(5e+01,2e+03) | 4.95e+00 |  5:5.2e-02  6:1.7e-01
   48 ,   1201 : 9.4045504715865e+00 +(4e+01,8e+02) | 5.13e+00 |  5:4.7e-02  6:1.5e-01
   49 ,   1226 : 9.8580126573554e+00 +(1e+01,4e+02) | 5.36e+00 |  5:4.5e-02  6:1.5e-01
Iterat, #Fevals:   Function Value    (median,worst) |Axis Ratio|idx:Min SD idx:Max SD
   50 ,   1251 : 9.7696360700996e+00 +(2e+01,4e+02) | 5.50e+00 |  5:4.7e-02  6:1.5e-01
   51 ,   1276 : 9.5672762862794e+00 +(3e+01,3e+02) | 5.64e+00 |  5:4.1e-02  6:1.3e-01
   52 ,   1301 : 9.1455572050040e+00 +(2e+01,3e+02) | 5.78e+00 |  5:3.9e-02  6:1.3e-01
   53 ,   1326 : 9.4424095920949e+00 +(1e+01,2e+02) | 6.36e+00 |  5:3.8e-02  7:1.3e-01
   54 ,   1351 : 1.0517406291638e+01 +(3e+01,2e+02) | 6.41e+00 |  5:3.4e-02  7:1.2e-01
   55 ,   1376 : 9.6706548781080e+00 +(3e+01,2e+02) | 6.97e+00 |  5:3.1e-02  7:1.2e-01
   56 ,   1401 : 9.8354528884207e+00 +(1e+01,3e+02) | 7.42e+00 |  5:3.0e-02  7:1.2e-01
   57 ,   1426 : 1.0071596523155e+01 +(9e+00,2e+02) | 7.73e+00 |  5:2.9e-02  7:1.1e-01
   58 ,   1451 : 9.9523700203896e+00 +(9e+00,2e+02) | 8.09e+00 |  5:3.0e-02  7:1.2e-01
   59 ,   1476 : 9.7985879884330e+00 +(1e+01,2e+02) | 8.12e+00 |  5:3.3e-02  7:1.2e-01
Iterat, #Fevals:   Function Value    (median,worst) |Axis Ratio|idx:Min SD idx:Max SD
   60 ,   1501 : 9.9446185647151e+00 +(6e+00,2e+02) | 8.21e+00 |  5:3.0e-02  6:1.1e-01
   61 ,   1526 : 9.5479252615668e+00 +(7e+00,6e+01) | 8.48e+00 |  5:2.9e-02  6:1.1e-01
   62 ,   1551 : 9.3564564539605e+00 +(5e+00,1e+02) | 9.17e+00 |  5:3.0e-02  6:1.2e-01
   63 ,   1576 : 9.2090321305172e+00 +(3e+00,6e+01) | 9.57e+00 |  5:2.8e-02  6:1.1e-01
   64 ,   1601 : 9.1853418851773e+00 +(7e+00,3e+02) | 1.00e+01 |  5:3.1e-02  6:1.2e-01
   65 ,   1626 : 9.8505705566700e+00 +(1e+01,5e+01) | 1.02e+01 |  5:3.1e-02  6:1.2e-01
   66 ,   1651 : 9.1132828868721e+00 +(5e+00,9e+01) | 1.07e+01 |  5:4.0e-02  6:1.5e-01
   67 ,   1676 : 9.0332507615372e+00 +(8e+00,5e+01) | 1.06e+01 |  5:3.7e-02  6:1.4e-01
   68 ,   1701 : 8.9915217817135e+00 +(8e+00,1e+02) | 1.11e+01 |  5:3.4e-02  6:1.3e-01
   69 ,   1726 : 8.8262452564718e+00 +(1e+01,1e+02) | 1.13e+01 |  5:3.7e-02  6:1.4e-01
Iterat, #Fevals:   Function Value    (median,worst) |Axis Ratio|idx:Min SD idx:Max SD
   70 ,   1751 : 8.9734124526340e+00 +(8e+00,6e+01) | 1.13e+01 |  5:4.0e-02  6:1.4e-01
   71 ,   1776 : 8.9083339790127e+00 +(5e+00,7e+01) | 1.18e+01 |  5:3.8e-02  6:1.4e-01
   72 ,   1801 : 8.8674024494510e+00 +(1e+01,8e+01) | 1.20e+01 |  5:3.6e-02  6:1.3e-01
   73 ,   1826 : 8.7958934284384e+00 +(4e+00,6e+01) | 1.19e+01 |  5:3.6e-02  6:1.2e-01
   74 ,   1851 : 8.9732360505431e+00 +(3e+00,1e+02) | 1.24e+01 |  5:3.7e-02  6:1.3e-01
   75 ,   1876 : 8.7296568844343e+00 +(7e+00,8e+01) | 1.30e+01 |  5:3.5e-02  6:1.2e-01
   76 ,   1901 : 8.6741593021483e+00 +(4e+00,6e+01) | 1.33e+01 |  5:3.2e-02  6:1.1e-01
   77 ,   1926 : 8.6585748414135e+00 +(2e+00,3e+01) | 1.39e+01 |  5:3.2e-02  6:1.1e-01
   78 ,   1951 : 8.7456714051952e+00 +(4e+00,4e+01) | 1.41e+01 |  5:3.0e-02  6:1.0e-01
   79 ,   1976 : 8.6289039392298e+00 +(1e+00,1e+01) | 1.47e+01 |  5:2.9e-02  6:1.1e-01
Iterat, #Fevals:   Function Value    (median,worst) |Axis Ratio|idx:Min SD idx:Max SD
   80 ,   2001 : 8.6233039044514e+00 +(3e+00,2e+01) | 1.50e+01 |  5:2.6e-02  6:9.5e-02
   81 ,   2026 : 8.5543359620715e+00 +(1e+00,1e+01) | 1.54e+01 |  5:2.5e-02  6:9.1e-02
   82 ,   2051 : 8.4444942067101e+00 +(1e+00,8e+00) | 1.55e+01 |  5:2.7e-02  6:9.2e-02
   83 ,   2076 : 8.3562963412769e+00 +(4e+00,2e+01) | 1.64e+01 |  5:2.8e-02  6:9.6e-02
   84 ,   2101 : 8.3039218987936e+00 +(1e+00,1e+01) | 1.75e+01 |  5:2.8e-02  6:9.9e-02
   85 ,   2126 : 8.2438336711229e+00 +(5e-01,6e+00) | 2.03e+01 |  5:3.3e-02  6:1.2e-01
   86 ,   2151 : 8.1919247645199e+00 +(1e+00,1e+01) | 2.28e+01 |  5:3.9e-02  6:1.5e-01
   87 ,   2176 : 8.0379444394364e+00 +(1e+00,3e+01) | 2.64e+01 |  1:4.5e-02  6:1.8e-01
   88 ,   2201 : 7.9079761695099e+00 +(4e+00,3e+01) | 2.77e+01 |  5:4.3e-02  6:1.8e-01
   89 ,   2226 : 8.0931607994575e+00 +(4e+00,3e+01) | 2.85e+01 |  5:4.0e-02  6:1.7e-01
Iterat, #Fevals:   Function Value    (median,worst) |Axis Ratio|idx:Min SD idx:Max SD
   90 ,   2251 : 7.8973000798523e+00 +(2e+00,1e+02) | 2.89e+01 |  5:3.7e-02  6:1.6e-01
   91 ,   2276 : 8.0566041274195e+00 +(3e+00,2e+01) | 2.89e+01 |  8:3.9e-02  6:1.6e-01
   92 ,   2301 : 8.2051008363353e+00 +(1e+00,2e+01) | 2.94e+01 |  8:4.0e-02  6:1.6e-01
   93 ,   2326 : 7.8855091582246e+00 +(3e+00,2e+01) | 3.12e+01 |  8:3.5e-02  6:1.5e-01
   94 ,   2351 : 7.9506769016154e+00 +(2e+00,1e+01) | 3.17e+01 |  5:3.0e-02  6:1.3e-01
   95 ,   2376 : 8.0245866050800e+00 +(6e-01,4e+00) | 3.23e+01 |  5:2.9e-02  6:1.2e-01
   96 ,   2401 : 7.9138912332442e+00 +(5e-01,2e+00) | 3.26e+01 |  5:2.8e-02  6:1.2e-01
   97 ,   2426 : 7.9459187272742e+00 +(4e-01,6e+00) | 3.23e+01 |  8:2.9e-02  6:1.2e-01
   98 ,   2451 : 7.7568904081475e+00 +(9e-01,3e+00) | 3.30e+01 |  8:3.0e-02  6:1.3e-01
   99 ,   2476 : 7.8179409430500e+00 +(5e-01,6e+00) | 3.56e+01 |  1:3.0e-02  6:1.3e-01
Iterat, #Fevals:   Function Value    (median,worst) |Axis Ratio|idx:Min SD idx:Max SD
  100 ,   2501 : 7.6535783723766e+00 +(6e-01,3e+00) | 3.56e+01 |  1:3.0e-02  6:1.3e-01
  101 ,   2526 : 7.6482533802751e+00 +(3e-01,4e+00) | 3.85e+01 |  1:3.0e-02  6:1.4e-01
  102 ,   2551 : 7.5408086226361e+00 +(8e-01,7e+00) | 4.08e+01 |  1:3.0e-02  6:1.4e-01
  103 ,   2576 : 7.5602094874757e+00 +(6e-01,1e+01) | 4.22e+01 |  1:2.8e-02  6:1.3e-01
  104 ,   2601 : 7.5768739552947e+00 +(6e-01,8e+00) | 4.28e+01 |  1:2.6e-02  6:1.2e-01
  105 ,   2626 : 7.6083529129878e+00 +(6e-01,2e+01) | 4.38e+01 |  1:2.2e-02  6:1.1e-01
  106 ,   2651 : 7.5294897765907e+00 +(4e-01,3e+00) | 4.60e+01 |  1:2.1e-02  7:1.1e-01
  107 ,   2676 : 7.6649556212985e+00 +(3e-01,2e+00) | 4.57e+01 |  1:1.9e-02  7:9.7e-02
  108 ,   2701 : 7.5628482224764e+00 +(3e-01,2e+00) | 4.68e+01 |  1:2.1e-02  6:1.0e-01
  109 ,   2726 : 7.6336574061987e+00 +(3e-01,2e+00) | 4.76e+01 |  1:1.9e-02  6:9.4e-02
Iterat, #Fevals:   Function Value    (median,worst) |Axis Ratio|idx:Min SD idx:Max SD
  110 ,   2751 : 7.5678954006686e+00 +(2e-01,1e+00) | 5.10e+01 |  8:2.1e-02  6:1.1e-01
  111 ,   2776 : 7.5308751774031e+00 +(2e-01,3e+00) | 5.22e+01 |  8:2.3e-02  6:1.2e-01
  112 ,   2801 : 7.5351520505650e+00 +(2e-01,2e+00) | 5.69e+01 |  8:2.6e-02  6:1.5e-01
  113 ,   2826 : 7.5590000967644e+00 +(5e-01,4e+00) | 5.77e+01 |  8:2.3e-02  6:1.3e-01
  114 ,   2851 : 7.5210184964312e+00 +(3e-01,2e+00) | 5.84e+01 |  8:2.1e-02  6:1.2e-01
  115 ,   2876 : 7.5008468491347e+00 +(3e-01,2e+00) | 5.99e+01 |  8:1.8e-02  6:1.1e-01
  116 ,   2901 : 7.5224035155159e+00 +(1e-01,2e+00) | 6.07e+01 |  8:1.7e-02  6:9.7e-02
  117 ,   2926 : 7.5210878301906e+00 +(2e-01,2e+00) | 6.21e+01 |  8:1.8e-02  6:1.0e-01
  118 ,   2951 : 7.5152108073726e+00 +(3e-01,2e+00) | 6.34e+01 |  1:1.9e-02  6:1.0e-01
  119 ,   2976 : 7.5403835566657e+00 +(2e-01,1e+00) | 6.38e+01 |  8:1.7e-02  6:9.6e-02
Iterat, #Fevals:   Function Value    (median,worst) |Axis Ratio|idx:Min SD idx:Max SD
  120 ,   3001 : 7.5137090692859e+00 +(2e-01,1e+00) | 6.34e+01 |  8:1.5e-02  6:7.8e-02
  121 ,   3026 : 7.5084590422760e+00 +(1e-01,1e+00) | 6.31e+01 |  8:1.4e-02  6:7.2e-02
  122 ,   3051 : 7.5237754217048e+00 +(1e-01,7e-01) | 6.66e+01 |  8:1.6e-02  6:8.4e-02
  123 ,   3076 : 7.5126516759146e+00 +(1e-01,2e+00) | 6.65e+01 |  8:1.6e-02  6:7.8e-02
  124 ,   3101 : 7.5191365482098e+00 +(1e-01,6e-01) | 6.60e+01 |  8:1.6e-02  6:7.6e-02
  125 ,   3126 : 7.5404626417851e+00 +(1e-01,9e-01) | 6.75e+01 |  1:1.4e-02  6:6.7e-02
  126 ,   3151 : 7.5305954322119e+00 +(7e-02,4e-01) | 6.69e+01 |  8:1.3e-02  6:6.0e-02
  127 ,   3176 : 7.5219187687626e+00 +(8e-02,3e-01) | 6.98e+01 |  8:1.4e-02  6:6.6e-02
  128 ,   3201 : 7.5041729731182e+00 +(1e-01,3e-01) | 7.07e+01 |  8:1.6e-02  6:7.8e-02
  129 ,   3226 : 7.5048115512281e+00 +(8e-02,1e+00) | 7.07e+01 |  1:1.7e-02  6:8.2e-02
Iterat, #Fevals:   Function Value    (median,worst) |Axis Ratio|idx:Min SD idx:Max SD
  130 ,   3251 : 7.5197735092537e+00 +(8e-02,6e-01) | 7.05e+01 |  1:1.7e-02  6:7.9e-02
  131 ,   3276 : 7.5294101625293e+00 +(5e-02,2e+00) | 7.53e+01 |  4:1.6e-02  6:7.6e-02
  132 ,   3301 : 7.5068225311547e+00 +(8e-02,6e-01) | 7.51e+01 |  4:1.5e-02  6:6.8e-02
  133 ,   3326 : 7.5363057006509e+00 +(7e-02,8e-01) | 7.74e+01 |  8:1.5e-02  6:6.6e-02
  134 ,   3351 : 7.5047651907670e+00 +(9e-02,4e-01) | 8.12e+01 |  8:1.3e-02  6:6.1e-02
  135 ,   3376 : 7.5217701371688e+00 +(6e-02,7e-01) | 8.19e+01 |  8:1.3e-02  6:5.9e-02
  136 ,   3401 : 7.5193382041786e+00 +(6e-02,4e-01) | 8.37e+01 |  8:1.2e-02  6:5.3e-02
  137 ,   3426 : 7.5377042247388e+00 +(4e-02,4e-01) | 8.27e+01 |  8:1.3e-02  6:5.5e-02
  138 ,   3451 : 7.5102595401614e+00 +(8e-02,3e-01) | 8.28e+01 |  8:1.3e-02  6:5.5e-02
  139 ,   3476 : 7.5322716531047e+00 +(6e-02,1e+00) | 8.66e+01 |  8:1.4e-02  6:5.9e-02
Iterat, #Fevals:   Function Value    (median,worst) |Axis Ratio|idx:Min SD idx:Max SD
  140 ,   3501 : 7.5164908886258e+00 +(5e-02,4e-01) | 8.74e+01 |  9:1.2e-02  6:5.3e-02
  141 ,   3526 : 7.5135076528327e+00 +(5e-02,1e-01) | 8.85e+01 |  9:1.2e-02  6:5.1e-02
  142 ,   3551 : 7.5183699926731e+00 +(3e-02,2e-01) | 9.02e+01 |  9:1.1e-02  6:4.9e-02
  143 ,   3576 : 7.5196654596827e+00 +(4e-02,2e-01) | 9.27e+01 |  9:9.4e-03  6:4.5e-02
  144 ,   3601 : 7.5032492090781e+00 +(5e-02,1e-01) | 9.45e+01 |  9:9.0e-03  6:4.3e-02
  145 ,   3626 : 7.5160819586711e+00 +(2e-02,1e-01) | 9.45e+01 |  9:8.1e-03  6:4.0e-02
  146 ,   3651 : 7.5152772788266e+00 +(2e-02,2e-01) | 9.67e+01 |  9:7.9e-03  6:4.1e-02
  147 ,   3676 : 7.5116322738561e+00 +(3e-02,2e-01) | 9.32e+01 |  9:7.3e-03  6:3.8e-02
  148 ,   3701 : 7.5022905605270e+00 +(3e-02,2e-01) | 9.44e+01 |  9:7.4e-03  6:4.0e-02
  149 ,   3726 : 7.5118780667949e+00 +(3e-02,2e-01) | 9.49e+01 |  9:6.8e-03  6:3.8e-02
Iterat, #Fevals:   Function Value    (median,worst) |Axis Ratio|idx:Min SD idx:Max SD
  150 ,   3751 : 7.5044218783820e+00 +(3e-02,1e-01) | 9.66e+01 |  9:6.1e-03  6:3.5e-02
  151 ,   3776 : 7.5039877049207e+00 +(3e-02,9e-02) | 9.78e+01 |  9:5.6e-03  6:3.3e-02
  152 ,   3801 : 7.4996625399954e+00 +(3e-02,9e-02) | 1.00e+02 |  9:5.3e-03  6:3.3e-02
  153 ,   3826 : 7.4924476247775e+00 +(3e-02,1e-01) | 9.91e+01 |  9:5.1e-03  6:3.2e-02
  154 ,   3851 : 7.4939882463083e+00 +(3e-02,6e-02) | 9.90e+01 |  9:4.8e-03  6:3.0e-02
  155 ,   3876 : 7.5030205569926e+00 +(3e-02,5e-02) | 1.02e+02 |  9:4.3e-03  6:2.8e-02
  156 ,   3901 : 7.4986070168738e+00 +(2e-02,7e-02) | 1.03e+02 |  9:4.0e-03  6:2.6e-02
  157 ,   3926 : 7.5030722591528e+00 +(2e-02,4e-02) | 1.04e+02 |  9:3.7e-03  6:2.5e-02
  158 ,   3951 : 7.5015019598850e+00 +(2e-02,5e-02) | 1.05e+02 |  9:3.2e-03  6:2.2e-02
  159 ,   3976 : 7.4964720698876e+00 +(2e-02,5e-02) | 1.04e+02 |  9:2.9e-03  6:2.1e-02
Iterat, #Fevals:   Function Value    (median,worst) |Axis Ratio|idx:Min SD idx:Max SD
  160 ,   4001 : 7.4925239849050e+00 +(3e-02,5e-02) | 1.03e+02 |  9:2.6e-03  6:1.9e-02
  161 ,   4026 : 7.5037844932921e+00 +(2e-02,4e-02) | 1.05e+02 |  9:2.5e-03  6:1.8e-02
  162 ,   4051 : 7.4931798998452e+00 +(2e-02,4e-02) | 1.04e+02 |  9:2.2e-03  6:1.7e-02
  163 ,   4076 : 7.5010342019948e+00 +(2e-02,4e-02) | 1.00e+02 |  9:2.0e-03  6:1.5e-02
  164 ,   4101 : 7.4998577294776e+00 +(2e-02,4e-02) | 9.78e+01 |  9:2.0e-03  6:1.5e-02
  165 ,   4126 : 7.5016302278357e+00 +(2e-02,5e-02) | 9.83e+01 |  9:1.9e-03  6:1.4e-02
  166 ,   4151 : 7.5004771029074e+00 +(2e-02,3e-02) | 9.51e+01 |  9:1.8e-03  6:1.4e-02
  167 ,   4176 : 7.4998310016790e+00 +(2e-02,4e-02) | 9.22e+01 |  9:1.8e-03  6:1.4e-02
  168 ,   4201 : 7.5035661186149e+00 +(1e-02,4e-02) | 9.10e+01 |  9:1.7e-03  6:1.3e-02
  169 ,   4226 : 7.5045802058761e+00 +(2e-02,4e-02) | 9.47e+01 |  9:1.7e-03  6:1.3e-02
Iterat, #Fevals:   Function Value    (median,worst) |Axis Ratio|idx:Min SD idx:Max SD
  170 ,   4251 : 7.5018094545489e+00 +(2e-02,3e-02) | 9.63e+01 |  9:1.7e-03  6:1.4e-02
  171 ,   4276 : 7.5009836154755e+00 +(2e-02,4e-02) | 9.31e+01 |  9:1.4e-03  6:1.1e-02
  172 ,   4301 : 7.5030061776436e+00 +(1e-02,2e-02) | 9.60e+01 |  9:1.4e-03  6:1.1e-02
  173 ,   4326 : 7.5034080316549e+00 +(1e-02,3e-02) | 9.78e+01 |  9:1.4e-03  6:1.1e-02
  174 ,   4351 : 7.4995570438879e+00 +(1e-02,4e-02) | 9.56e+01 |  9:1.4e-03  6:1.1e-02
  175 ,   4376 : 7.5068157350323e+00 +(1e-02,3e-02) | 9.65e+01 |  9:1.4e-03  6:1.2e-02
  176 ,   4401 : 7.5022872311642e+00 +(2e-02,4e-02) | 9.70e+01 |  9:1.4e-03  6:1.3e-02
  177 ,   4426 : 7.4974929340137e+00 +(2e-02,4e-02) | 9.57e+01 |  9:1.3e-03  6:1.2e-02
  178 ,   4451 : 7.4982115354265e+00 +(2e-02,3e-02) | 1.00e+02 |  9:1.4e-03  6:1.3e-02
  179 ,   4476 : 7.4939831602730e+00 +(2e-02,4e-02) | 1.04e+02 |  9:1.2e-03  6:1.1e-02
Iterat, #Fevals:   Function Value    (median,worst) |Axis Ratio|idx:Min SD idx:Max SD
  180 ,   4501 : 7.4945366780715e+00 +(2e-02,4e-02) | 1.04e+02 |  9:1.1e-03  6:1.0e-02
  181 ,   4526 : 7.4945110322642e+00 +(2e-02,5e-02) | 1.03e+02 |  9:1.0e-03  6:9.4e-03
  182 ,   4551 : 7.4966034367789e+00 +(1e-02,3e-02) | 1.12e+02 |  9:9.6e-04  6:9.3e-03
  183 ,   4576 : 7.4997234871287e+00 +(1e-02,3e-02) | 1.13e+02 |  9:8.8e-04  6:8.5e-03
  184 ,   4601 : 7.5013000396057e+00 +(1e-02,3e-02) | 1.13e+02 |  9:8.4e-04  6:8.2e-03
  185 ,   4626 : 7.4921167592910e+00 +(3e-02,4e-02) | 1.12e+02 |  9:7.6e-04  6:7.4e-03
  186 ,   4651 : 7.4971745127382e+00 +(1e-02,4e-02) | 1.17e+02 |  9:7.2e-04  6:7.3e-03
  187 ,   4676 : 7.4956153894503e+00 +(2e-02,3e-02) | 1.15e+02 |  9:6.1e-04  6:6.4e-03
  188 ,   4701 : 7.4862018064006e+00 +(2e-02,4e-02) | 1.12e+02 |  9:5.9e-04  6:5.9e-03
  189 ,   4726 : 7.4960962277250e+00 +(1e-02,4e-02) | 1.11e+02 |  9:5.9e-04  6:6.0e-03
Iterat, #Fevals:   Function Value    (median,worst) |Axis Ratio|idx:Min SD idx:Max SD
  190 ,   4751 : 7.4877158043367e+00 +(2e-02,4e-02) | 1.10e+02 |  9:6.4e-04  6:6.2e-03
  191 ,   4776 : 7.4928587217215e+00 +(2e-02,3e-02) | 1.07e+02 |  9:6.9e-04  7:6.5e-03
  192 ,   4801 : 7.4931931652643e+00 +(2e-02,4e-02) | 1.06e+02 |  9:7.0e-04  7:6.9e-03
  193 ,   4826 : 7.4965366256757e+00 +(1e-02,3e-02) | 1.10e+02 |  9:6.8e-04  6:6.8e-03
  194 ,   4851 : 7.4894058633240e+00 +(2e-02,4e-02) | 1.09e+02 |  9:6.4e-04  6:6.3e-03
  195 ,   4876 : 7.4986512267028e+00 +(1e-02,3e-02) | 1.06e+02 |  9:6.3e-04  6:6.2e-03
  196 ,   4901 : 7.4894053124377e+00 +(2e-02,4e-02) | 1.09e+02 |  9:5.9e-04  6:6.0e-03
  197 ,   4926 : 7.4882775643444e+00 +(3e-02,4e-02) | 1.16e+02 |  9:5.0e-04  7:5.4e-03
  198 ,   4951 : 7.4932127227493e+00 +(2e-02,4e-02) | 1.17e+02 |  9:5.0e-04  6:5.4e-03
  199 ,   4976 : 7.4933457197352e+00 +(1e-02,4e-02) | 1.22e+02 |  9:5.4e-04  7:6.2e-03
Iterat, #Fevals:   Function Value    (median,worst) |Axis Ratio|idx:Min SD idx:Max SD
  200 ,   5001 : 7.4944191974271e+00 +(2e-02,4e-02) | 1.26e+02 |  9:5.4e-04  7:6.5e-03
  201 ,   5026 : 7.4895887375586e+00 +(2e-02,4e-02) | 1.16e+02 |  9:6.1e-04  7:7.4e-03
  202 ,   5051 : 7.4865347082798e+00 +(2e-02,4e-02) | 1.18e+02 |  9:6.9e-04  6:8.4e-03
  203 ,   5076 : 7.4992653690413e+00 +(1e-02,4e-02) | 1.19e+02 |  9:6.9e-04  6:8.4e-03
  204 ,   5101 : 7.4930542827009e+00 +(2e-02,3e-02) | 1.14e+02 |  9:7.3e-04  7:8.6e-03
  205 ,   5126 : 7.4918888565829e+00 +(2e-02,4e-02) | 1.18e+02 |  9:6.8e-04  7:8.5e-03
  206 ,   5151 : 7.4885167095681e+00 +(2e-02,5e-02) | 1.23e+02 |  9:5.6e-04  7:7.3e-03
  207 ,   5176 : 7.4947768462775e+00 +(1e-02,3e-02) | 1.21e+02 |  9:5.2e-04  7:6.8e-03
  208 ,   5201 : 7.4907661617819e+00 +(2e-02,4e-02) | 1.24e+02 |  9:4.7e-04  7:6.4e-03
  209 ,   5226 : 7.4936099266828e+00 +(1e-02,3e-02) | 1.31e+02 |  9:5.4e-04  7:7.9e-03
Iterat, #Fevals:   Function Value    (median,worst) |Axis Ratio|idx:Min SD idx:Max SD
  210 ,   5251 : 7.4930062100034e+00 +(2e-02,3e-02) | 1.32e+02 |  9:5.0e-04  7:7.3e-03
  211 ,   5276 : 7.4961752504705e+00 +(1e-02,3e-02) | 1.34e+02 |  9:5.7e-04  7:8.7e-03
  212 ,   5301 : 7.4925392844980e+00 +(2e-02,4e-02) | 1.38e+02 |  9:5.5e-04  7:8.7e-03
  213 ,   5326 : 7.4934858437423e+00 +(2e-02,3e-02) | 1.39e+02 |  9:5.1e-04  7:8.2e-03
  214 ,   5351 : 7.4918436423752e+00 +(2e-02,4e-02) | 1.41e+02 |  9:4.5e-04  7:7.1e-03
  215 ,   5376 : 7.4937927580842e+00 +(2e-02,4e-02) | 1.37e+02 |  9:4.4e-04  7:6.8e-03
  216 ,   5401 : 7.4926317015628e+00 +(2e-02,4e-02) | 1.33e+02 |  9:4.1e-04  7:6.7e-03
  217 ,   5426 : 7.4895053190972e+00 +(2e-02,3e-02) | 1.45e+02 |  9:4.1e-04  7:7.1e-03
  218 ,   5451 : 7.4947581590537e+00 +(2e-02,3e-02) | 1.47e+02 |  9:4.1e-04  7:7.3e-03
  219 ,   5476 : 7.4938858480623e+00 +(2e-02,3e-02) | 1.57e+02 |  9:3.7e-04  7:7.2e-03
Iterat, #Fevals:   Function Value    (median,worst) |Axis Ratio|idx:Min SD idx:Max SD
  220 ,   5501 : 7.4891630546111e+00 +(2e-02,4e-02) | 1.55e+02 |  9:3.2e-04  7:6.1e-03
  221 ,   5526 : 7.4930707855927e+00 +(1e-02,3e-02) | 1.60e+02 |  9:3.0e-04  7:5.7e-03
  222 ,   5551 : 7.4954098824347e+00 +(1e-02,2e-02) | 1.65e+02 |  9:2.9e-04  7:5.7e-03
  223 ,   5576 : 7.4919849623346e+00 +(2e-02,3e-02) | 1.74e+02 |  9:3.1e-04  7:6.1e-03
  224 ,   5601 : 7.4914843003941e+00 +(1e-02,3e-02) | 1.87e+02 |  9:3.4e-04  7:6.5e-03
  225 ,   5626 : 7.4906846889201e+00 +(2e-02,4e-02) | 1.96e+02 |  9:3.1e-04  7:6.2e-03
  226 ,   5651 : 7.4924443883212e+00 +(2e-02,4e-02) | 1.89e+02 |  9:2.7e-04  7:5.4e-03
  227 ,   5676 : 7.4897242688377e+00 +(2e-02,4e-02) | 1.87e+02 |  9:2.5e-04  7:4.7e-03
  228 ,   5701 : 7.4887469133560e+00 +(2e-02,5e-02) | 1.85e+02 |  9:2.5e-04  7:4.7e-03
  229 ,   5726 : 7.4961872236985e+00 +(1e-02,2e-02) | 1.97e+02 |  9:2.4e-04  7:4.7e-03
Iterat, #Fevals:   Function Value    (median,worst) |Axis Ratio|idx:Min SD idx:Max SD
  230 ,   5751 : 7.4905991487853e+00 +(2e-02,4e-02) | 2.00e+02 |  9:2.4e-04  7:4.6e-03
  231 ,   5776 : 7.4981655543042e+00 +(1e-02,2e-02) | 1.92e+02 |  9:2.5e-04  7:4.8e-03
  232 ,   5801 : 7.4925241169237e+00 +(2e-02,3e-02) | 1.92e+02 |  9:2.2e-04  7:4.3e-03
  233 ,   5826 : 7.4946138386671e+00 +(1e-02,2e-02) | 1.90e+02 |  9:2.2e-04  7:4.3e-03
  234 ,   5851 : 7.4968759255935e+00 +(1e-02,3e-02) | 2.13e+02 |  9:2.5e-04  7:5.1e-03
  235 ,   5876 : 7.4930080377737e+00 +(1e-02,3e-02) | 2.18e+02 |  9:2.4e-04  7:5.1e-03
  236 ,   5901 : 7.4917865370791e+00 +(2e-02,3e-02) | 2.19e+02 |  9:2.3e-04  7:4.6e-03
  237 ,   5926 : 7.4929130063891e+00 +(1e-02,3e-02) | 2.15e+02 |  9:2.2e-04  7:4.3e-03
  238 ,   5951 : 7.4877433573130e+00 +(2e-02,4e-02) | 2.05e+02 |  9:2.0e-04  7:3.8e-03
  239 ,   5976 : 7.4911285735478e+00 +(2e-02,3e-02) | 2.07e+02 |  9:1.8e-04  7:3.4e-03
Iterat, #Fevals:   Function Value    (median,worst) |Axis Ratio|idx:Min SD idx:Max SD
  240 ,   6001 : 7.4968808992138e+00 +(9e-03,3e-02) | 2.36e+02 |  9:1.8e-04  7:3.8e-03
  241 ,   6026 : 7.4889592903614e+00 +(2e-02,4e-02) | 2.42e+02 |  9:1.7e-04  7:3.8e-03
  242 ,   6051 : 7.4844265681143e+00 +(2e-02,3e-02) | 2.47e+02 |  9:1.6e-04  7:3.5e-03
  243 ,   6076 : 7.4911554116817e+00 +(2e-02,4e-02) | 2.48e+02 |  9:1.3e-04  7:2.8e-03
  244 ,   6101 : 7.4856425043121e+00 +(2e-02,5e-02) | 2.44e+02 |  9:1.1e-04  7:2.4e-03
  245 ,   6126 : 7.4972371680898e+00 +(1e-02,3e-02) | 2.44e+02 |  9:1.0e-04  7:2.2e-03
  246 ,   6151 : 7.4908326231053e+00 +(1e-02,3e-02) | 2.37e+02 |  9:1.0e-04  7:2.2e-03
  247 ,   6176 : 7.4891910169854e+00 +(2e-02,4e-02) | 2.32e+02 |  9:1.0e-04  7:2.1e-03
  248 ,   6201 : 7.4901926154860e+00 +(2e-02,3e-02) | 2.21e+02 |  9:1.1e-04  7:2.1e-03
  249 ,   6226 : 7.4943088816123e+00 +(2e-02,3e-02) | 2.26e+02 |  9:9.9e-05  7:2.0e-03
Iterat, #Fevals:   Function Value    (median,worst) |Axis Ratio|idx:Min SD idx:Max SD
  250 ,   6251 : 7.4920686082965e+00 +(2e-02,3e-02) | 2.32e+02 |  9:9.1e-05  7:1.9e-03
  251 ,   6276 : 7.4940695464796e+00 +(1e-02,3e-02) | 2.25e+02 |  9:8.9e-05  7:1.8e-03
  252 ,   6301 : 7.4840629965190e+00 +(2e-02,4e-02) | 2.14e+02 |  9:8.9e-05  7:1.7e-03
  253 ,   6326 : 7.4954037818697e+00 +(1e-02,4e-02) | 2.15e+02 |  9:7.6e-05  7:1.5e-03
  254 ,   6351 : 7.4918064911376e+00 +(1e-02,3e-02) | 2.12e+02 |  9:8.8e-05  7:1.6e-03
  255 ,   6376 : 7.4883100699356e+00 +(2e-02,4e-02) | 2.05e+02 |  9:8.3e-05  7:1.5e-03
  256 ,   6401 : 7.4882544647616e+00 +(2e-02,3e-02) | 2.04e+02 |  9:8.3e-05  7:1.5e-03
  257 ,   6426 : 7.4911581312382e+00 +(2e-02,4e-02) | 2.07e+02 |  9:7.9e-05  7:1.4e-03
  258 ,   6451 : 7.4881884256286e+00 +(2e-02,3e-02) | 2.12e+02 |  9:7.7e-05  7:1.4e-03
  259 ,   6476 : 7.4914122451510e+00 +(1e-02,3e-02) | 2.17e+02 |  9:8.4e-05  7:1.5e-03
Iterat, #Fevals:   Function Value    (median,worst) |Axis Ratio|idx:Min SD idx:Max SD
  260 ,   6501 : 7.4844492032205e+00 +(3e-02,4e-02) | 2.16e+02 |  9:8.3e-05  7:1.4e-03
  261 ,   6526 : 7.4835452163077e+00 +(2e-02,4e-02) | 2.21e+02 |  9:9.9e-05  6:1.6e-03
  262 ,   6551 : 7.4931014119315e+00 +(1e-02,3e-02) | 2.25e+02 |  9:1.2e-04  6:1.8e-03
  263 ,   6576 : 7.4934337939413e+00 +(1e-02,4e-02) | 2.27e+02 |  9:1.3e-04  6:2.1e-03
  264 ,   6601 : 7.4951798224189e+00 +(1e-02,3e-02) | 2.31e+02 |  9:1.3e-04  6:2.2e-03
  265 ,   6626 : 7.4872094248220e+00 +(2e-02,3e-02) | 2.37e+02 |  9:1.4e-04  6:2.5e-03
  266 ,   6651 : 7.4888784015042e+00 +(2e-02,3e-02) | 2.38e+02 |  9:1.5e-04  6:2.8e-03
  267 ,   6676 : 7.4945304753683e+00 +(1e-02,3e-02) | 2.49e+02 |  9:1.5e-04  6:2.9e-03
  268 ,   6701 : 7.4922541212996e+00 +(1e-02,3e-02) | 2.64e+02 |  9:1.6e-04  6:3.0e-03
  269 ,   6726 : 7.4974600382016e+00 +(8e-03,3e-02) | 2.68e+02 |  9:1.5e-04  6:2.9e-03
Iterat, #Fevals:   Function Value    (median,worst) |Axis Ratio|idx:Min SD idx:Max SD
  270 ,   6751 : 7.4956685503213e+00 +(1e-02,3e-02) | 2.69e+02 |  9:1.6e-04  6:3.0e-03
  271 ,   6776 : 7.4885829145166e+00 +(2e-02,4e-02) | 2.74e+02 |  9:1.5e-04  6:2.7e-03
  272 ,   6801 : 7.4923488977722e+00 +(2e-02,4e-02) | 2.73e+02 |  9:1.5e-04  6:2.9e-03
  273 ,   6826 : 7.4939145312089e+00 +(1e-02,3e-02) | 2.66e+02 |  9:1.6e-04  6:3.0e-03
  274 ,   6851 : 7.4827761816015e+00 +(3e-02,4e-02) | 2.64e+02 |  9:1.7e-04  6:3.1e-03
  275 ,   6876 : 7.4964823679740e+00 +(1e-02,3e-02) | 2.64e+02 |  9:1.7e-04  6:3.0e-03
  276 ,   6901 : 7.4948612262825e+00 +(1e-02,3e-02) | 2.69e+02 |  9:1.6e-04  6:2.9e-03
  277 ,   6926 : 7.4873224418376e+00 +(2e-02,4e-02) | 2.67e+02 |  9:1.4e-04  6:2.5e-03
  278 ,   6951 : 7.4892954381541e+00 +(2e-02,3e-02) | 2.79e+02 |  9:1.3e-04  6:2.5e-03
  279 ,   6976 : 7.4865047160074e+00 +(2e-02,3e-02) | 2.73e+02 |  9:1.3e-04  6:2.4e-03
Iterat, #Fevals:   Function Value    (median,worst) |Axis Ratio|idx:Min SD idx:Max SD
  280 ,   7001 : 7.4859038368517e+00 +(2e-02,3e-02) | 2.89e+02 |  9:1.2e-04  6:2.3e-03
  281 ,   7026 : 7.4938899036481e+00 +(6e-03,3e-02) | 3.06e+02 |  9:1.4e-04  6:2.6e-03
  282 ,   7051 : 7.4849206387686e+00 +(2e-02,4e-02) | 3.14e+02 |  9:1.2e-04  6:2.3e-03
  283 ,   7076 : 7.4848672513486e+00 +(2e-02,4e-02) | 3.04e+02 |  9:1.1e-04  6:2.1e-03
  284 ,   7101 : 7.4915836215810e+00 +(2e-02,4e-02) | 3.18e+02 |  9:1.1e-04  6:2.1e-03
  285 ,   7126 : 7.4981278467841e+00 +(1e-02,2e-02) | 3.22e+02 |  9:1.0e-04  6:2.0e-03
  286 ,   7151 : 7.4896306672516e+00 +(1e-02,3e-02) | 2.95e+02 |  9:8.7e-05  6:1.7e-03
  287 ,   7176 : 7.4922190371133e+00 +(2e-02,4e-02) | 2.95e+02 |  9:8.1e-05  6:1.6e-03
  288 ,   7201 : 7.4918531710144e+00 +(2e-02,4e-02) | 2.95e+02 |  9:7.0e-05  6:1.4e-03
  289 ,   7226 : 7.4942821174660e+00 +(1e-02,3e-02) | 2.86e+02 |  9:6.2e-05  6:1.2e-03
Iterat, #Fevals:   Function Value    (median,worst) |Axis Ratio|idx:Min SD idx:Max SD
  290 ,   7251 : 7.4903126721895e+00 +(2e-02,3e-02) | 2.69e+02 |  9:6.0e-05  6:1.2e-03
  291 ,   7276 : 7.4876985464499e+00 +(2e-02,4e-02) | 2.74e+02 |  9:6.0e-05  6:1.1e-03
  292 ,   7301 : 7.4962081519720e+00 +(1e-02,3e-02) | 2.95e+02 |  9:6.5e-05  6:1.2e-03
  293 ,   7326 : 7.4886602010128e+00 +(2e-02,3e-02) | 3.13e+02 |  9:6.7e-05  6:1.3e-03
  294 ,   7351 : 7.4947182295861e+00 +(2e-02,3e-02) | 3.06e+02 |  9:6.6e-05  6:1.2e-03
  295 ,   7376 : 7.4916685152201e+00 +(2e-02,3e-02) | 3.10e+02 |  9:5.5e-05  6:1.0e-03
  296 ,   7401 : 7.4919607633316e+00 +(1e-02,3e-02) | 2.90e+02 |  9:5.3e-05  6:1.0e-03
  297 ,   7426 : 7.4876479563104e+00 +(2e-02,3e-02) | 2.96e+02 |  9:5.1e-05  6:1.0e-03
  298 ,   7451 : 7.4922873261771e+00 +(2e-02,3e-02) | 3.07e+02 |  9:4.6e-05  6:9.1e-04
  299 ,   7476 : 7.4851349041055e+00 +(2e-02,3e-02) | 3.00e+02 |  9:3.8e-05  6:7.4e-04
Iterat, #Fevals:   Function Value    (median,worst) |Axis Ratio|idx:Min SD idx:Max SD
  300 ,   7501 : 7.4906257353799e+00 +(2e-02,3e-02) | 3.09e+02 |  9:3.3e-05  6:6.7e-04
  301 ,   7526 : 7.4892852899857e+00 +(2e-02,3e-02) | 3.04e+02 |  9:2.7e-05  6:5.4e-04
  302 ,   7551 : 7.4912191667263e+00 +(1e-02,3e-02) | 2.97e+02 |  9:3.0e-05  6:5.7e-04
  303 ,   7576 : 7.4917781828039e+00 +(2e-02,3e-02) | 2.95e+02 |  9:3.3e-05  6:5.8e-04
  304 ,   7601 : 7.4845843535986e+00 +(3e-02,4e-02) | 3.02e+02 |  9:3.9e-05  6:6.9e-04
  305 ,   7626 : 7.4929728431378e+00 +(9e-03,3e-02) | 2.97e+02 |  9:3.7e-05  6:6.6e-04
  306 ,   7651 : 7.4876461723009e+00 +(2e-02,4e-02) | 3.00e+02 |  9:3.4e-05  6:6.1e-04
  307 ,   7676 : 7.4928606624510e+00 +(1e-02,3e-02) | 3.19e+02 |  9:3.0e-05  6:5.7e-04
  308 ,   7701 : 7.4925256986589e+00 +(2e-02,4e-02) | 3.24e+02 |  9:3.2e-05  6:5.9e-04
  309 ,   7726 : 7.4908538665228e+00 +(1e-02,3e-02) | 3.15e+02 |  9:3.2e-05  6:6.0e-04
Iterat, #Fevals:   Function Value    (median,worst) |Axis Ratio|idx:Min SD idx:Max SD
  310 ,   7751 : 7.4896337869124e+00 +(1e-02,3e-02) | 3.03e+02 |  9:3.2e-05  6:5.7e-04
  311 ,   7776 : 7.4836182272464e+00 +(2e-02,4e-02) | 2.89e+02 |  9:3.2e-05  6:5.5e-04
  312 ,   7801 : 7.4831817328343e+00 +(2e-02,4e-02) | 2.92e+02 |  9:3.3e-05  6:5.6e-04
  313 ,   7826 : 7.4881904474609e+00 +(2e-02,3e-02) | 2.76e+02 |  9:3.2e-05  6:5.6e-04
  314 ,   7851 : 7.4850629729835e+00 +(2e-02,4e-02) | 2.73e+02 |  9:3.0e-05  6:5.2e-04
  315 ,   7876 : 7.4956028230726e+00 +(1e-02,3e-02) | 2.89e+02 |  9:3.4e-05  6:5.8e-04
  316 ,   7901 : 7.4852323207586e+00 +(2e-02,4e-02) | 2.97e+02 |  9:3.4e-05  6:5.7e-04
  317 ,   7926 : 7.4950350736535e+00 +(1e-02,3e-02) | 3.31e+02 |  9:3.9e-05  6:6.7e-04
  318 ,   7951 : 7.4968700627030e+00 +(9e-03,3e-02) | 3.30e+02 |  9:4.6e-05  6:8.7e-04
  319 ,   7976 : 7.4940195691664e+00 +(1e-02,3e-02) | 3.27e+02 |  9:4.9e-05  6:9.5e-04
Iterat, #Fevals:   Function Value    (median,worst) |Axis Ratio|idx:Min SD idx:Max SD
  320 ,   8001 : 7.4944445596929e+00 +(1e-02,3e-02) | 3.34e+02 |  9:5.3e-05  6:9.7e-04
  321 ,   8026 : 7.4934973216296e+00 +(2e-02,3e-02) | 3.42e+02 |  9:5.0e-05  6:9.3e-04
  322 ,   8051 : 7.4865753604634e+00 +(2e-02,4e-02) | 3.49e+02 |  9:4.8e-05  6:9.1e-04
  323 ,   8076 : 7.4906642376118e+00 +(2e-02,3e-02) | 3.67e+02 |  9:4.6e-05  6:9.1e-04
  324 ,   8101 : 7.4802999888541e+00 +(3e-02,5e-02) | 3.61e+02 |  9:4.5e-05  6:9.0e-04
  325 ,   8126 : 7.4903955101156e+00 +(2e-02,4e-02) | 3.69e+02 |  9:3.9e-05  6:7.6e-04
  326 ,   8151 : 7.4909752499210e+00 +(2e-02,3e-02) | 3.72e+02 |  9:3.9e-05  6:7.8e-04
  327 ,   8176 : 7.4861198625764e+00 +(2e-02,4e-02) | 3.70e+02 |  9:4.0e-05  6:7.9e-04
  328 ,   8201 : 7.4898229351295e+00 +(2e-02,3e-02) | 3.88e+02 |  9:3.8e-05  6:7.5e-04
  329 ,   8226 : 7.4874305370372e+00 +(2e-02,4e-02) | 3.95e+02 |  9:3.8e-05  6:7.2e-04
Iterat, #Fevals:   Function Value    (median,worst) |Axis Ratio|idx:Min SD idx:Max SD
  330 ,   8251 : 7.4899760791111e+00 +(2e-02,3e-02) | 3.97e+02 |  9:3.6e-05  7:7.2e-04
  331 ,   8276 : 7.4865320684701e+00 +(2e-02,4e-02) | 3.86e+02 |  9:3.2e-05  7:6.2e-04
  332 ,   8301 : 7.4843354539845e+00 +(2e-02,4e-02) | 3.85e+02 |  9:2.9e-05  7:5.7e-04
  333 ,   8326 : 7.4899399049583e+00 +(2e-02,3e-02) | 4.03e+02 |  9:2.8e-05  7:5.6e-04
  334 ,   8351 : 7.4868092773914e+00 +(2e-02,4e-02) | 3.92e+02 |  9:2.9e-05  7:6.0e-04
  335 ,   8376 : 7.4863557546289e+00 +(2e-02,4e-02) | 3.91e+02 |  9:3.1e-05  7:6.6e-04
  336 ,   8401 : 7.4879689730577e+00 +(2e-02,4e-02) | 3.87e+02 |  9:3.3e-05  7:7.1e-04
  337 ,   8426 : 7.4858639103327e+00 +(2e-02,4e-02) | 3.71e+02 |  9:3.3e-05  7:7.0e-04
  338 ,   8451 : 7.4898839614257e+00 +(2e-02,4e-02) | 3.61e+02 |  9:2.8e-05  7:5.9e-04
  339 ,   8476 : 7.4929641038122e+00 +(2e-02,4e-02) | 3.65e+02 |  9:3.0e-05  7:6.0e-04
Iterat, #Fevals:   Function Value    (median,worst) |Axis Ratio|idx:Min SD idx:Max SD
  340 ,   8501 : 7.4908303359752e+00 +(1e-02,3e-02) | 3.64e+02 |  9:2.6e-05  6:5.3e-04
  341 ,   8526 : 7.4867525197093e+00 +(2e-02,4e-02) | 3.56e+02 |  9:2.7e-05  6:5.2e-04
  342 ,   8551 : 7.4842540728591e+00 +(2e-02,3e-02) | 3.65e+02 |  9:2.6e-05  6:5.2e-04
  343 ,   8576 : 7.4925561411108e+00 +(1e-02,3e-02) | 3.68e+02 |  9:2.1e-05  6:4.3e-04
  344 ,   8601 : 7.4970984395224e+00 +(2e-02,3e-02) | 3.75e+02 |  9:1.8e-05  6:3.9e-04
  345 ,   8626 : 7.4806550809794e+00 +(3e-02,4e-02) | 3.74e+02 |  9:2.0e-05  6:3.9e-04
  346 ,   8651 : 7.4937365773650e+00 +(1e-02,4e-02) | 3.72e+02 |  9:1.6e-05  6:3.2e-04
  347 ,   8676 : 7.4851726998884e+00 +(2e-02,4e-02) | 3.86e+02 |  9:1.5e-05  6:3.1e-04
  348 ,   8701 : 7.4879670096770e+00 +(2e-02,4e-02) | 3.78e+02 |  9:1.4e-05  6:2.9e-04
  349 ,   8726 : 7.4950630590124e+00 +(1e-02,3e-02) | 3.70e+02 |  9:1.5e-05  6:3.0e-04
Iterat, #Fevals:   Function Value    (median,worst) |Axis Ratio|idx:Min SD idx:Max SD
  350 ,   8751 : 7.4890539320893e+00 +(2e-02,3e-02) | 3.99e+02 |  9:1.6e-05  6:3.3e-04
  351 ,   8776 : 7.4926873304144e+00 +(1e-02,3e-02) | 4.11e+02 |  9:1.5e-05  6:3.2e-04
  352 ,   8801 : 7.4903918797368e+00 +(2e-02,3e-02) | 4.23e+02 |  9:1.4e-05  6:3.1e-04
  353 ,   8826 : 7.4905852876233e+00 +(2e-02,3e-02) | 4.05e+02 |  9:1.3e-05  6:2.8e-04
  354 ,   8851 : 7.4896840815920e+00 +(2e-02,4e-02) | 4.44e+02 |  9:1.4e-05  6:3.3e-04
  355 ,   8876 : 7.4815799253835e+00 +(2e-02,4e-02) | 4.43e+02 |  9:1.2e-05  6:3.0e-04
  356 ,   8901 : 7.4945999523452e+00 +(1e-02,3e-02) | 4.72e+02 |  9:1.3e-05  6:2.9e-04
  357 ,   8926 : 7.4890988916475e+00 +(2e-02,3e-02) | 4.62e+02 |  9:1.3e-05  6:3.1e-04
  358 ,   8951 : 7.4911860672568e+00 +(1e-02,3e-02) | 4.44e+02 |  9:1.3e-05  6:2.9e-04
  359 ,   8976 : 7.4795407265047e+00 +(3e-02,4e-02) | 4.59e+02 |  9:1.4e-05  6:3.0e-04
Iterat, #Fevals:   Function Value    (median,worst) |Axis Ratio|idx:Min SD idx:Max SD
  360 ,   9001 : 7.4869650995190e+00 +(1e-02,3e-02) | 4.46e+02 |  9:1.3e-05  6:2.7e-04
  361 ,   9026 : 7.4901012911767e+00 +(2e-02,4e-02) | 4.37e+02 |  9:1.1e-05  6:2.3e-04
  362 ,   9051 : 7.4837146151248e+00 +(2e-02,4e-02) | 4.25e+02 |  9:9.5e-06  6:1.9e-04
  363 ,   9076 : 7.4932464752612e+00 +(1e-02,4e-02) | 4.18e+02 |  9:9.0e-06  6:1.8e-04
  364 ,   9101 : 7.4899876708579e+00 +(2e-02,4e-02) | 4.17e+02 |  9:8.5e-06  6:1.8e-04
  365 ,   9126 : 7.4946617753760e+00 +(1e-02,4e-02) | 4.21e+02 |  9:9.3e-06  6:1.9e-04
  366 ,   9151 : 7.4950310348902e+00 +(1e-02,3e-02) | 4.21e+02 |  9:9.6e-06  6:1.9e-04
  367 ,   9176 : 7.4800913308580e+00 +(3e-02,4e-02) | 4.38e+02 |  9:9.8e-06  6:2.0e-04
  368 ,   9201 : 7.4911812452472e+00 +(1e-02,3e-02) | 4.63e+02 |  9:9.4e-06  6:2.0e-04
  369 ,   9226 : 7.4859783678875e+00 +(2e-02,4e-02) | 4.64e+02 |  9:9.3e-06  6:2.0e-04
Iterat, #Fevals:   Function Value    (median,worst) |Axis Ratio|idx:Min SD idx:Max SD
  370 ,   9251 : 7.4933356004568e+00 +(2e-02,3e-02) | 4.70e+02 |  9:8.9e-06  6:1.9e-04
  371 ,   9276 : 7.4937629552764e+00 +(1e-02,3e-02) | 4.73e+02 |  9:8.6e-06  6:1.8e-04
  372 ,   9301 : 7.4918762157957e+00 +(2e-02,3e-02) | 4.74e+02 |  9:9.2e-06  6:1.9e-04
  373 ,   9326 : 7.4907350967642e+00 +(2e-02,4e-02) | 4.91e+02 |  9:8.1e-06  6:1.8e-04
  374 ,   9351 : 7.4938171753034e+00 +(9e-03,3e-02) | 4.89e+02 |  9:7.6e-06  6:1.7e-04
  375 ,   9376 : 7.4888887279912e+00 +(2e-02,5e-02) | 4.68e+02 |  9:6.9e-06  6:1.5e-04
  376 ,   9401 : 7.4926024271856e+00 +(2e-02,3e-02) | 4.76e+02 |  9:7.0e-06  7:1.5e-04
  377 ,   9426 : 7.4789797813999e+00 +(3e-02,4e-02) | 4.76e+02 |  9:6.5e-06  7:1.4e-04
  378 ,   9451 : 7.4931207442064e+00 +(2e-02,3e-02) | 4.77e+02 |  9:6.4e-06  6:1.4e-04
  379 ,   9476 : 7.4918257942343e+00 +(2e-02,4e-02) | 4.53e+02 |  9:5.9e-06  6:1.3e-04
Iterat, #Fevals:   Function Value    (median,worst) |Axis Ratio|idx:Min SD idx:Max SD
  380 ,   9501 : 7.4965613920281e+00 +(1e-02,2e-02) | 4.57e+02 |  9:5.5e-06  6:1.2e-04
  381 ,   9526 : 7.4903670203408e+00 +(2e-02,3e-02) | 4.52e+02 |  9:5.8e-06  6:1.3e-04
  382 ,   9551 : 7.4873075474389e+00 +(2e-02,4e-02) | 4.71e+02 |  9:5.5e-06  6:1.2e-04
  383 ,   9576 : 7.4859150878827e+00 +(3e-02,4e-02) | 4.67e+02 |  9:5.1e-06  6:1.1e-04
  384 ,   9601 : 7.4912445785876e+00 +(2e-02,3e-02) | 4.64e+02 |  9:5.0e-06  6:1.1e-04
  385 ,   9626 : 7.4888543677930e+00 +(2e-02,4e-02) | 4.28e+02 |  9:5.2e-06  6:1.1e-04
  386 ,   9651 : 7.4913574814781e+00 +(1e-02,4e-02) | 4.15e+02 |  9:5.5e-06  6:1.2e-04
  387 ,   9676 : 7.4897171978370e+00 +(2e-02,3e-02) | 4.16e+02 |  9:5.0e-06  6:1.1e-04
  388 ,   9701 : 7.4901768304578e+00 +(2e-02,3e-02) | 4.00e+02 |  9:4.9e-06  6:1.1e-04
  389 ,   9726 : 7.4803481216457e+00 +(2e-02,4e-02) | 4.03e+02 |  9:5.1e-06  7:1.1e-04
Iterat, #Fevals:   Function Value    (median,worst) |Axis Ratio|idx:Min SD idx:Max SD
  390 ,   9751 : 7.4894660477859e+00 +(2e-02,3e-02) | 4.03e+02 |  9:5.0e-06  7:1.1e-04
  391 ,   9776 : 7.4946645688078e+00 +(1e-02,3e-02) | 4.22e+02 |  9:5.1e-06  7:1.2e-04
  392 ,   9801 : 7.4888190462857e+00 +(2e-02,3e-02) | 4.34e+02 |  9:5.1e-06  7:1.3e-04
  393 ,   9826 : 7.4937922205384e+00 +(1e-02,3e-02) | 4.45e+02 |  9:4.8e-06  7:1.2e-04
  394 ,   9851 : 7.4930491907469e+00 +(1e-02,3e-02) | 4.32e+02 |  9:5.1e-06  7:1.3e-04
  395 ,   9876 : 7.4888133516609e+00 +(2e-02,3e-02) | 4.41e+02 |  9:4.8e-06  7:1.3e-04
  396 ,   9901 : 7.4889029984803e+00 +(2e-02,3e-02) | 4.41e+02 |  9:4.6e-06  7:1.3e-04
  397 ,   9926 : 7.4894315933128e+00 +(2e-02,4e-02) | 4.39e+02 |  9:4.0e-06  7:1.1e-04
  398 ,   9951 : 7.4892874910075e+00 +(2e-02,3e-02) | 4.45e+02 |  9:4.4e-06  7:1.2e-04
  399 ,   9976 : 7.4931155756063e+00 +(2e-02,3e-02) | 4.53e+02 |  9:4.0e-06  7:1.1e-04
Iterat, #Fevals:   Function Value    (median,worst) |Axis Ratio|idx:Min SD idx:Max SD
  400 ,  10001 : 7.4945552120448e+00 +(1e-02,3e-02) | 4.60e+02 |  9:3.8e-06  7:1.0e-04
  401 ,  10026 : 7.4906845605146e+00 +(2e-02,3e-02) | 4.68e+02 |  9:3.7e-06  7:1.0e-04
  402 ,  10051 : 7.4901475525125e+00 +(2e-02,3e-02) | 4.67e+02 |  9:3.9e-06  7:1.1e-04
  403 ,  10076 : 7.4975422959891e+00 +(1e-02,3e-02) | 5.04e+02 |  9:3.3e-06  7:1.0e-04
  404 ,  10101 : 7.4896693229427e+00 +(2e-02,4e-02) | 4.93e+02 |  9:3.5e-06  7:1.1e-04
  405 ,  10126 : 7.4963326548599e+00 +(1e-02,3e-02) | 5.20e+02 |  9:3.1e-06  7:1.1e-04
  406 ,  10151 : 7.4899027220714e+00 +(2e-02,3e-02) | 5.33e+02 |  9:3.0e-06  7:1.1e-04
  407 ,  10176 : 7.4827797448475e+00 +(2e-02,5e-02) | 5.55e+02 |  9:3.0e-06  7:1.0e-04
  408 ,  10201 : 7.4847259316716e+00 +(2e-02,4e-02) | 5.72e+02 |  9:3.1e-06  7:1.1e-04
  409 ,  10226 : 7.4884325189453e+00 +(2e-02,4e-02) | 5.65e+02 |  9:3.1e-06  7:1.1e-04
Iterat, #Fevals:   Function Value    (median,worst) |Axis Ratio|idx:Min SD idx:Max SD
  410 ,  10251 : 7.4896658802056e+00 +(2e-02,3e-02) | 5.78e+02 |  9:3.7e-06  7:1.3e-04
  411 ,  10276 : 7.4882686947172e+00 +(2e-02,4e-02) | 5.56e+02 |  9:3.9e-06  6:1.4e-04
  412 ,  10301 : 7.4929584741407e+00 +(1e-02,3e-02) | 5.68e+02 |  9:3.9e-06  6:1.4e-04
  413 ,  10326 : 7.4904528379645e+00 +(1e-02,3e-02) | 5.76e+02 |  9:3.6e-06  7:1.3e-04
  414 ,  10351 : 7.4927240900460e+00 +(1e-02,2e-02) | 5.88e+02 |  9:3.1e-06  7:1.1e-04
  415 ,  10376 : 7.4894216602456e+00 +(2e-02,4e-02) | 5.79e+02 |  9:2.9e-06  6:1.1e-04
  416 ,  10401 : 7.4888933806383e+00 +(1e-02,3e-02) | 5.73e+02 |  9:2.8e-06  6:1.0e-04
  417 ,  10426 : 7.4897146219870e+00 +(2e-02,3e-02) | 5.74e+02 |  9:2.7e-06  6:9.5e-05
  418 ,  10451 : 7.4894800768634e+00 +(1e-02,4e-02) | 5.65e+02 |  9:2.6e-06  6:9.3e-05
  419 ,  10476 : 7.4907096416727e+00 +(1e-02,3e-02) | 6.11e+02 |  9:2.8e-06  6:1.1e-04
Iterat, #Fevals:   Function Value    (median,worst) |Axis Ratio|idx:Min SD idx:Max SD
  420 ,  10501 : 7.4875587627621e+00 +(2e-02,4e-02) | 6.21e+02 |  9:3.0e-06  6:1.2e-04
  421 ,  10526 : 7.4918452538940e+00 +(1e-02,3e-02) | 6.80e+02 |  9:3.1e-06  7:1.3e-04
  422 ,  10551 : 7.4868015008941e+00 +(2e-02,4e-02) | 7.14e+02 |  9:2.8e-06  7:1.2e-04
  423 ,  10576 : 7.4916805973550e+00 +(1e-02,2e-02) | 7.23e+02 |  9:2.5e-06  7:1.0e-04
  424 ,  10601 : 7.4938148261356e+00 +(1e-02,3e-02) | 7.19e+02 |  9:2.5e-06  7:1.1e-04
  425 ,  10626 : 7.4917941063956e+00 +(1e-02,3e-02) | 7.35e+02 |  9:2.5e-06  6:1.1e-04
  426 ,  10651 : 7.4949931107194e+00 +(1e-02,3e-02) | 7.51e+02 |  9:2.3e-06  6:9.7e-05
  427 ,  10676 : 7.4876141076781e+00 +(2e-02,4e-02) | 6.91e+02 |  9:2.6e-06  6:1.0e-04
  428 ,  10701 : 7.4857675360388e+00 +(2e-02,4e-02) | 6.64e+02 |  9:2.3e-06  6:9.2e-05
  429 ,  10726 : 7.4927930645776e+00 +(1e-02,3e-02) | 6.55e+02 |  9:2.1e-06  6:8.4e-05
Iterat, #Fevals:   Function Value    (median,worst) |Axis Ratio|idx:Min SD idx:Max SD
  430 ,  10751 : 7.4925315970428e+00 +(1e-02,3e-02) | 6.64e+02 |  9:2.1e-06  6:8.4e-05
  431 ,  10776 : 7.4824536612167e+00 +(2e-02,4e-02) | 6.82e+02 |  9:2.0e-06  7:7.8e-05
  432 ,  10801 : 7.4855759548264e+00 +(2e-02,4e-02) | 6.63e+02 |  9:1.7e-06  7:6.6e-05
  433 ,  10826 : 7.4830951355259e+00 +(2e-02,4e-02) | 6.67e+02 |  9:2.0e-06  6:7.3e-05
  434 ,  10851 : 7.4880245374630e+00 +(2e-02,3e-02) | 6.69e+02 |  9:1.8e-06  7:6.7e-05
  435 ,  10876 : 7.4921665740763e+00 +(1e-02,3e-02) | 6.60e+02 |  9:1.8e-06  6:6.5e-05
  436 ,  10901 : 7.4920190155073e+00 +(1e-02,3e-02) | 6.30e+02 |  9:1.8e-06  6:6.5e-05
  437 ,  10926 : 7.4850545813710e+00 +(2e-02,3e-02) | 6.33e+02 |  9:1.7e-06  6:6.2e-05
  438 ,  10951 : 7.4925053412425e+00 +(1e-02,4e-02) | 6.53e+02 |  9:1.5e-06  6:5.8e-05
  439 ,  10976 : 7.4850187473443e+00 +(2e-02,4e-02) | 6.63e+02 |  9:1.3e-06  6:5.1e-05
Iterat, #Fevals:   Function Value    (median,worst) |Axis Ratio|idx:Min SD idx:Max SD
  440 ,  11001 : 7.4887276356008e+00 +(2e-02,3e-02) | 7.04e+02 |  9:1.2e-06  6:4.9e-05
  441 ,  11026 : 7.4880353271016e+00 +(2e-02,3e-02) | 7.48e+02 |  9:1.3e-06  6:5.5e-05
  442 ,  11051 : 7.4939687897416e+00 +(1e-02,2e-02) | 7.35e+02 |  9:1.2e-06  6:5.0e-05
  443 ,  11076 : 7.4891120027755e+00 +(2e-02,4e-02) | 7.48e+02 |  9:1.1e-06  6:4.6e-05
  444 ,  11101 : 7.4894163493863e+00 +(2e-02,3e-02) | 7.34e+02 |  9:1.0e-06  6:4.1e-05
  445 ,  11126 : 7.4914536909997e+00 +(2e-02,3e-02) | 7.27e+02 |  9:1.0e-06  6:4.0e-05
  446 ,  11151 : 7.4989544458199e+00 +(7e-03,2e-02) | 7.94e+02 |  9:9.9e-07  6:4.3e-05
  447 ,  11176 : 7.4989023650787e+00 +(9e-03,2e-02) | 7.86e+02 |  9:1.1e-06  6:4.4e-05
  448 ,  11201 : 7.4931703019130e+00 +(2e-02,3e-02) | 7.79e+02 |  9:1.2e-06  6:4.9e-05
  449 ,  11226 : 7.4886268976760e+00 +(2e-02,3e-02) | 8.11e+02 |  9:1.2e-06  6:4.9e-05
Iterat, #Fevals:   Function Value    (median,worst) |Axis Ratio|idx:Min SD idx:Max SD
  450 ,  11251 : 7.4925214394777e+00 +(1e-02,3e-02) | 8.67e+02 |  9:1.2e-06  6:5.1e-05
  451 ,  11276 : 7.4924324890363e+00 +(1e-02,3e-02) | 8.49e+02 |  9:1.2e-06  6:5.3e-05
  452 ,  11301 : 7.4936610326157e+00 +(1e-02,3e-02) | 8.44e+02 |  9:1.1e-06  6:4.6e-05
  453 ,  11326 : 7.4906978853485e+00 +(2e-02,3e-02) | 8.10e+02 |  9:1.1e-06  6:4.5e-05
  454 ,  11351 : 7.4903572281748e+00 +(2e-02,3e-02) | 8.49e+02 |  9:1.1e-06  6:4.9e-05
  455 ,  11376 : 7.4860073749755e+00 +(2e-02,4e-02) | 8.74e+02 |  9:1.0e-06  6:4.7e-05
  456 ,  11401 : 7.4875182244083e+00 +(2e-02,4e-02) | 9.00e+02 |  9:1.1e-06  6:5.2e-05
  457 ,  11426 : 7.4864298561920e+00 +(2e-02,3e-02) | 9.28e+02 |  9:1.1e-06  6:5.2e-05
  458 ,  11451 : 7.4881526445053e+00 +(2e-02,4e-02) | 8.49e+02 |  9:9.9e-07  6:4.6e-05
  459 ,  11476 : 7.4942741659158e+00 +(9e-03,2e-02) | 8.37e+02 |  9:8.6e-07  6:3.9e-05
Iterat, #Fevals:   Function Value    (median,worst) |Axis Ratio|idx:Min SD idx:Max SD
  460 ,  11501 : 7.4951970155486e+00 +(1e-02,3e-02) | 8.35e+02 |  9:8.9e-07  7:3.8e-05
  461 ,  11526 : 7.4883493337290e+00 +(2e-02,5e-02) | 9.06e+02 |  9:8.8e-07  6:3.9e-05
  462 ,  11551 : 7.4836215214563e+00 +(2e-02,3e-02) | 9.27e+02 |  9:9.3e-07  6:4.1e-05
  463 ,  11576 : 7.4917464357821e+00 +(1e-02,4e-02) | 9.20e+02 |  9:8.7e-07  6:3.9e-05
  464 ,  11601 : 7.4906994845693e+00 +(2e-02,3e-02) | 8.86e+02 |  9:8.2e-07  6:3.6e-05
  465 ,  11626 : 7.4918573848379e+00 +(2e-02,4e-02) | 8.67e+02 |  9:8.2e-07  6:3.4e-05
  466 ,  11651 : 7.4899021740889e+00 +(2e-02,3e-02) | 8.43e+02 |  9:8.0e-07  6:3.2e-05
  467 ,  11676 : 7.4906003770095e+00 +(2e-02,3e-02) | 8.19e+02 |  9:7.8e-07  6:3.1e-05
  468 ,  11701 : 7.4854536025251e+00 +(2e-02,4e-02) | 7.65e+02 |  9:8.5e-07  6:3.2e-05
  469 ,  11726 : 7.4931520072480e+00 +(1e-02,3e-02) | 7.21e+02 |  9:8.1e-07  6:2.9e-05
Iterat, #Fevals:   Function Value    (median,worst) |Axis Ratio|idx:Min SD idx:Max SD
  470 ,  11751 : 7.4844691763773e+00 +(2e-02,4e-02) | 7.05e+02 |  9:7.7e-07  6:2.7e-05
  471 ,  11776 : 7.4962292433212e+00 +(1e-02,3e-02) | 7.33e+02 |  9:7.6e-07  6:2.9e-05
  472 ,  11801 : 7.4923997869239e+00 +(1e-02,3e-02) | 7.29e+02 |  9:7.4e-07  6:2.8e-05
  473 ,  11826 : 7.4921898276541e+00 +(2e-02,3e-02) | 7.34e+02 |  9:8.0e-07  7:3.1e-05
  474 ,  11851 : 7.4840938896849e+00 +(2e-02,4e-02) | 7.57e+02 |  9:9.3e-07  7:3.5e-05
  475 ,  11876 : 7.4923674990079e+00 +(2e-02,3e-02) | 7.68e+02 |  9:8.1e-07  7:3.1e-05
  476 ,  11901 : 7.4847320389915e+00 +(2e-02,5e-02) | 7.54e+02 |  9:7.9e-07  7:3.1e-05
  477 ,  11926 : 7.4964908873719e+00 +(1e-02,2e-02) | 7.36e+02 |  9:7.4e-07  7:2.8e-05
  478 ,  11951 : 7.4936211670901e+00 +(1e-02,3e-02) | 7.42e+02 |  9:6.7e-07  7:2.6e-05
  479 ,  11976 : 7.4904087511188e+00 +(1e-02,3e-02) | 7.73e+02 |  9:6.7e-07  7:2.6e-05
Iterat, #Fevals:   Function Value    (median,worst) |Axis Ratio|idx:Min SD idx:Max SD
  480 ,  12001 : 7.4889509582524e+00 +(2e-02,3e-02) | 7.61e+02 |  9:6.3e-07  7:2.4e-05
  481 ,  12026 : 7.4946817992597e+00 +(1e-02,3e-02) | 7.73e+02 |  9:6.6e-07  7:2.4e-05
  482 ,  12051 : 7.4890953170454e+00 +(2e-02,4e-02) | 7.27e+02 |  9:6.5e-07  7:2.4e-05
  483 ,  12076 : 7.4858324428783e+00 +(2e-02,3e-02) | 7.36e+02 |  9:6.6e-07  7:2.4e-05
  484 ,  12101 : 7.4903868112103e+00 +(2e-02,4e-02) | 7.13e+02 |  9:5.6e-07  7:2.0e-05
  485 ,  12126 : 7.4907623121582e+00 +(2e-02,3e-02) | 7.11e+02 |  9:4.6e-07  7:1.6e-05
  486 ,  12151 : 7.4913398282686e+00 +(2e-02,4e-02) | 7.05e+02 |  9:4.1e-07  7:1.4e-05
  487 ,  12176 : 7.4908353634496e+00 +(1e-02,3e-02) | 7.02e+02 |  9:4.1e-07  7:1.4e-05
  488 ,  12201 : 7.4875528611369e+00 +(2e-02,4e-02) | 7.00e+02 |  9:3.5e-07  7:1.2e-05
  489 ,  12226 : 7.4937882538644e+00 +(1e-02,3e-02) | 7.00e+02 |  9:3.3e-07  7:1.1e-05
Iterat, #Fevals:   Function Value    (median,worst) |Axis Ratio|idx:Min SD idx:Max SD
  490 ,  12251 : 7.4834941130249e+00 +(2e-02,4e-02) | 7.03e+02 |  9:3.0e-07  7:1.0e-05
  491 ,  12276 : 7.4890404838619e+00 +(2e-02,3e-02) | 7.13e+02 |  9:2.6e-07  7:9.1e-06
  492 ,  12301 : 7.4909802906977e+00 +(2e-02,3e-02) | 7.48e+02 |  9:2.2e-07  7:7.9e-06
  493 ,  12326 : 7.4986651551424e+00 +(1e-02,2e-02) | 7.36e+02 |  9:2.5e-07  7:8.5e-06
  494 ,  12351 : 7.4753190191855e+00 +(3e-02,5e-02) | 7.30e+02 |  9:2.7e-07  7:9.1e-06
  495 ,  12376 : 7.4949871200889e+00 +(1e-02,3e-02) | 7.43e+02 |  9:2.4e-07  7:8.6e-06
  496 ,  12401 : 7.4936213461468e+00 +(1e-02,4e-02) | 7.48e+02 |  9:2.6e-07  7:9.2e-06
  497 ,  12426 : 7.4941623853838e+00 +(1e-02,3e-02) | 7.81e+02 |  9:2.6e-07  7:9.6e-06
  498 ,  12451 : 7.4971448822083e+00 +(1e-02,3e-02) | 8.02e+02 |  9:2.8e-07  6:1.1e-05
  499 ,  12476 : 7.4876316626629e+00 +(2e-02,4e-02) | 7.84e+02 |  9:2.4e-07  6:9.2e-06
Iterat, #Fevals:   Function Value    (median,worst) |Axis Ratio|idx:Min SD idx:Max SD
  500 ,  12501 : 7.4898412746148e+00 +(2e-02,4e-02) | 7.41e+02 |  9:2.1e-07  6:8.1e-06
  501 ,  12526 : 7.4893820982643e+00 +(2e-02,4e-02) | 8.14e+02 |  9:2.2e-07  6:8.6e-06
  502 ,  12551 : 7.4931564624055e+00 +(2e-02,3e-02) | 8.75e+02 |  9:2.1e-07  6:8.8e-06
  503 ,  12576 : 7.4902307228016e+00 +(2e-02,3e-02) | 8.70e+02 |  9:2.0e-07  6:8.6e-06
  504 ,  12601 : 7.4906484227620e+00 +(2e-02,4e-02) | 8.76e+02 |  9:2.5e-07  7:1.0e-05
  505 ,  12626 : 7.4943847266813e+00 +(2e-02,3e-02) | 9.34e+02 |  9:3.3e-07  7:1.4e-05
  506 ,  12651 : 7.4879697439247e+00 +(2e-02,3e-02) | 9.59e+02 |  9:3.2e-07  7:1.3e-05
  507 ,  12676 : 7.4873486529739e+00 +(2e-02,3e-02) | 9.97e+02 |  9:3.2e-07  7:1.4e-05
  508 ,  12701 : 7.4971940559652e+00 +(1e-02,3e-02) | 9.73e+02 |  9:3.1e-07  7:1.3e-05
  509 ,  12726 : 7.4864629463938e+00 +(2e-02,4e-02) | 9.62e+02 |  9:2.8e-07  7:1.2e-05
Iterat, #Fevals:   Function Value    (median,worst) |Axis Ratio|idx:Min SD idx:Max SD
  510 ,  12751 : 7.4898036706149e+00 +(2e-02,3e-02) | 8.97e+02 |  9:2.6e-07  7:1.1e-05
#Fevals:   f(returned x)   |    bestever.f     | stopflag (saved to variablescmaes13_9_79.mat)
  12752: 7.48980367061e+00 | 7.47531901919e+00 | stagnation
mean solution: +2.3e-01 +3.4e-01 +1.2e+00 +4.1e-01 +1.0e+00 +1.0e+00 +2.2e+00 +2.3e-01 +2.0e+00
std deviation:  2.9e-06  3.2e-06  6.3e-06  3.8e-06  2.8e-06  1.0e-05  1.1e-05  2.3e-06  2.6e-07
use plotcmaesdat.m for plotting the output at any time (option LogModulo must not be zero)
