
                            < M A T L A B (R) >
                  Copyright 1984-2015 The MathWorks, Inc.
                   R2015a (8.5.0.197613) 64-bit (glnxa64)
                             February 12, 2015

 
For online documentation, see http://www.mathworks.com/support
For product information, visit www.mathworks.com.
 

	Academic License


seed =

                106.088097


Initialtheta =

          856.578918358129
          9543066.77651068
          44956503.9858534
          6102.57749849943
          8520.74611493556
          739.071401185539
        0.0487471478778083
          8.57463300014209
          898.787346675755

  n=9: (12,25)-CMA-ES(w=[24 17 14... 1.5 0.74]%, ]%, mu_eff=7.3) on function Error
Iterat, #Fevals:   Function Value    (median,worst) |Axis Ratio|idx:Min SD idx:Max SD
    1 ,     26 : 1.6446458231473e+02 +(6e-01,5e+07) | 1.53e+02 |  9:2.5e-01  1:3.8e+01
    2 ,     51 : 1.6483829950223e+02 +(2e-01,6e+09) | 1.47e+02 |  9:2.4e-01  1:3.5e+01
    3 ,     76 : 1.6451232773951e+02 +(5e-01,2e+08) | 1.43e+02 |  9:2.1e-01  1:3.0e+01
    4 ,    101 : 1.6122536484393e+02 +(4e+00,2e+07) | 1.38e+02 |  9:2.1e-01  1:2.8e+01
    5 ,    126 : 1.6469873210581e+02 +(3e-01,3e+09) | 1.38e+02 |  9:2.0e-01  1:2.7e+01
    6 ,    151 : 1.6492694264896e+02 +(1e-01,6e+10) | 1.34e+02 |  9:2.1e-01  1:2.6e+01
    7 ,    176 : 1.6496119100223e+02 +(8e-02,8e+08) | 1.32e+02 |  9:2.2e-01  1:2.8e+01
    8 ,    201 : 1.6495130851274e+02 +(1e-01,3e+11) | 1.25e+02 |  9:2.0e-01  1:2.3e+01
    9 ,    226 : 1.6474783161355e+02 +(3e-01,2e+10) | 1.22e+02 |  9:1.9e-01  1:2.1e+01
Iterat, #Fevals:   Function Value    (median,worst) |Axis Ratio|idx:Min SD idx:Max SD
   10 ,    251 : 1.6490232663712e+02 +(2e-01,4e+10) | 1.19e+02 |  9:1.9e-01  1:2.1e+01
   11 ,    276 : 1.1177686240166e+02 +(5e+01,2e+09) | 1.17e+02 |  9:1.9e-01  1:2.0e+01
   12 ,    301 : 1.6119186003550e+02 +(4e+00,5e+07) | 1.09e+02 |  9:1.9e-01  1:1.9e+01
   13 ,    326 : 2.6899091252632e+01 +(1e+02,4e+08) | 1.09e+02 |  9:1.9e-01  1:1.9e+01
   14 ,    351 : 1.6493913468160e+02 +(9e-02,4e+07) | 1.09e+02 |  9:1.7e-01  1:1.6e+01
   15 ,    376 : 2.6893255726924e+01 +(1e+02,2e+07) | 1.05e+02 |  9:1.8e-01  1:1.7e+01
   16 ,    401 : 1.5670738001222e+02 +(8e+00,4e+07) | 9.74e+01 |  9:2.0e-01  1:1.8e+01
   17 ,    426 : 5.5647797616269e+01 +(1e+02,3e+06) | 9.36e+01 |  9:1.8e-01  1:1.6e+01
   18 ,    451 : 3.5910096685849e+01 +(1e+02,4e+06) | 9.24e+01 |  9:1.9e-01  1:1.6e+01
   19 ,    476 : 2.7832211195769e+01 +(1e+02,9e+07) | 9.57e+01 |  9:1.9e-01  1:1.7e+01
Iterat, #Fevals:   Function Value    (median,worst) |Axis Ratio|idx:Min SD idx:Max SD
   20 ,    501 : 1.1138820516623e+01 +(2e+02,2e+06) | 9.67e+01 |  9:1.6e-01  1:1.4e+01
   21 ,    526 : 4.6779791619675e+01 +(1e+02,2e+05) | 9.72e+01 |  9:1.5e-01  1:1.4e+01
   22 ,    551 : 1.1455286230274e+01 +(2e+02,1e+06) | 9.72e+01 |  9:1.5e-01  1:1.3e+01
   23 ,    576 : 1.1438609760076e+01 +(2e+02,2e+06) | 9.81e+01 |  9:1.2e-01  1:1.1e+01
   24 ,    601 : 1.5034306926128e+01 +(2e+02,3e+06) | 9.61e+01 |  9:1.1e-01  1:9.5e+00
   25 ,    626 : 9.1235303153177e+00 +(2e+02,5e+04) | 9.45e+01 |  9:1.0e-01  1:8.9e+00
   26 ,    651 : 1.4133872708340e+01 +(2e+02,1e+05) | 8.89e+01 |  9:1.1e-01  1:8.9e+00
   27 ,    676 : 3.0034521088889e+01 +(1e+02,2e+04) | 8.84e+01 |  9:1.0e-01  1:8.6e+00
   28 ,    701 : 3.0988153093199e+01 +(1e+02,8e+03) | 8.67e+01 |  9:1.0e-01  1:8.3e+00
   29 ,    726 : 2.8499296248377e+01 +(1e+02,3e+03) | 8.50e+01 |  9:1.0e-01  1:8.0e+00
Iterat, #Fevals:   Function Value    (median,worst) |Axis Ratio|idx:Min SD idx:Max SD
   30 ,    751 : 2.8084748413351e+01 +(1e+02,1e+04) | 8.31e+01 |  9:1.1e-01  1:8.2e+00
   31 ,    776 : 1.1868035479067e+01 +(2e+02,3e+03) | 8.33e+01 |  5:1.2e-01  1:8.7e+00
   32 ,    801 : 3.2735559655584e+01 +(1e+02,1e+04) | 8.41e+01 |  5:1.2e-01  1:8.9e+00
   33 ,    826 : 5.6053256080914e+01 +(1e+02,9e+03) | 8.18e+01 |  5:1.2e-01  1:8.7e+00
   34 ,    851 : 2.7340339322568e+01 +(1e+02,3e+04) | 8.27e+01 |  5:1.2e-01  1:8.8e+00
   35 ,    876 : 1.4547349135203e+01 +(2e+02,2e+05) | 8.58e+01 |  5:1.2e-01  1:8.5e+00
   36 ,    901 : 3.9710201447293e+01 +(1e+02,3e+05) | 8.44e+01 |  5:1.1e-01  1:7.7e+00
   37 ,    926 : 1.1508149167977e+01 +(1e+02,6e+04) | 8.53e+01 |  5:1.1e-01  1:7.8e+00
   38 ,    951 : 1.0217403646784e+01 +(2e+02,1e+05) | 8.64e+01 |  5:1.2e-01  1:8.0e+00
   39 ,    976 : 2.8719453777677e+01 +(1e+02,1e+04) | 8.63e+01 |  5:1.1e-01  1:7.7e+00
Iterat, #Fevals:   Function Value    (median,worst) |Axis Ratio|idx:Min SD idx:Max SD
   40 ,   1001 : 1.2442056225956e+01 +(2e+02,2e+03) | 8.63e+01 |  5:1.0e-01  1:7.2e+00
   41 ,   1026 : 2.2747930112314e+01 +(1e+02,8e+03) | 8.86e+01 |  5:9.6e-02  1:6.9e+00
   42 ,   1051 : 1.4638772442254e+01 +(1e+02,4e+03) | 9.10e+01 |  5:9.3e-02  1:6.8e+00
   43 ,   1076 : 1.1145114799525e+01 +(2e+02,8e+03) | 8.93e+01 |  5:8.2e-02  1:5.9e+00
   44 ,   1101 : 1.5315401085590e+01 +(1e+02,3e+03) | 8.98e+01 |  5:8.0e-02  1:5.9e+00
   45 ,   1126 : 9.5514370361059e+00 +(2e+02,1e+03) | 9.00e+01 |  5:7.4e-02  1:5.5e+00
   46 ,   1151 : 1.0039880406560e+01 +(1e+02,1e+03) | 8.71e+01 |  5:7.1e-02  1:5.1e+00
   47 ,   1176 : 5.1332965276719e+01 +(1e+02,4e+03) | 8.59e+01 |  5:6.9e-02  1:5.0e+00
   48 ,   1201 : 9.2190470826962e+00 +(1e+02,2e+03) | 8.72e+01 |  5:6.4e-02  1:4.5e+00
   49 ,   1226 : 8.9221682941532e+00 +(6e+01,3e+02) | 8.84e+01 |  5:5.3e-02  1:3.8e+00
Iterat, #Fevals:   Function Value    (median,worst) |Axis Ratio|idx:Min SD idx:Max SD
   50 ,   1251 : 8.1630798711867e+00 +(7e+01,4e+03) | 8.55e+01 |  5:4.8e-02  1:3.4e+00
   51 ,   1276 : 8.6393251698083e+00 +(3e+01,2e+03) | 8.61e+01 |  5:5.7e-02  1:3.9e+00
   52 ,   1301 : 9.2575573446903e+00 +(9e+01,1e+03) | 8.98e+01 |  5:5.9e-02  1:3.9e+00
   53 ,   1326 : 8.9463650619723e+00 +(3e+01,2e+02) | 9.34e+01 |  5:5.3e-02  1:3.6e+00
   54 ,   1351 : 8.6472297912849e+00 +(4e+01,8e+02) | 9.47e+01 |  5:5.5e-02  1:3.7e+00
   55 ,   1376 : 8.5060870286305e+00 +(4e+01,6e+02) | 9.67e+01 |  5:5.1e-02  1:3.5e+00
   56 ,   1401 : 9.1123223276402e+00 +(7e+01,5e+02) | 9.79e+01 |  5:5.3e-02  1:3.5e+00
   57 ,   1426 : 8.7294319810308e+00 +(4e+01,5e+02) | 9.93e+01 |  5:5.0e-02  1:3.4e+00
   58 ,   1451 : 8.4284825791989e+00 +(2e+01,2e+03) | 9.83e+01 |  5:4.2e-02  1:2.9e+00
   59 ,   1476 : 8.8279702274812e+00 +(1e+01,2e+02) | 1.00e+02 |  5:3.7e-02  1:2.5e+00
Iterat, #Fevals:   Function Value    (median,worst) |Axis Ratio|idx:Min SD idx:Max SD
   60 ,   1501 : 8.4254536124141e+00 +(2e+01,6e+02) | 9.99e+01 |  5:3.4e-02  1:2.4e+00
   61 ,   1526 : 8.4714885685643e+00 +(2e+01,3e+02) | 1.01e+02 |  5:4.1e-02  1:2.7e+00
   62 ,   1551 : 8.5936090848692e+00 +(3e+01,3e+02) | 1.01e+02 |  5:4.8e-02  1:2.9e+00
   63 ,   1576 : 8.6503330486718e+00 +(6e+01,2e+02) | 1.01e+02 |  5:5.3e-02  1:3.0e+00
   64 ,   1601 : 8.7012342568553e+00 +(3e+01,2e+02) | 1.13e+02 |  5:5.6e-02  1:3.5e+00
   65 ,   1626 : 8.9837992365898e+00 +(2e+01,3e+02) | 1.12e+02 |  5:6.1e-02  1:3.7e+00
   66 ,   1651 : 8.9377479938212e+00 +(9e+01,4e+02) | 1.12e+02 |  5:5.5e-02  1:3.3e+00
   67 ,   1676 : 9.8451302527809e+00 +(7e+01,3e+02) | 1.14e+02 |  5:5.2e-02  1:3.2e+00
   68 ,   1701 : 8.4779652566849e+00 +(4e+01,2e+02) | 1.17e+02 |  5:5.1e-02  1:3.1e+00
   69 ,   1726 : 9.0423999706131e+00 +(3e+01,2e+02) | 1.19e+02 |  5:4.4e-02  1:2.7e+00
Iterat, #Fevals:   Function Value    (median,worst) |Axis Ratio|idx:Min SD idx:Max SD
   70 ,   1751 : 8.7864751090399e+00 +(2e+01,7e+02) | 1.20e+02 |  5:4.7e-02  1:2.8e+00
   71 ,   1776 : 9.8587903263661e+00 +(3e+01,2e+02) | 1.22e+02 |  5:5.2e-02  1:3.1e+00
   72 ,   1801 : 8.7764173796294e+00 +(3e+01,2e+02) | 1.23e+02 |  5:5.3e-02  1:3.1e+00
   73 ,   1826 : 1.0025129673185e+01 +(3e+01,1e+03) | 1.29e+02 |  5:4.9e-02  1:2.8e+00
   74 ,   1851 : 8.6135608619274e+00 +(2e+01,2e+02) | 1.30e+02 |  5:5.0e-02  1:2.9e+00
   75 ,   1876 : 9.6224910342849e+00 +(2e+01,1e+02) | 1.33e+02 |  5:5.3e-02  1:3.1e+00
   76 ,   1901 : 8.1706833661182e+00 +(2e+01,2e+02) | 1.33e+02 |  5:5.2e-02  1:3.0e+00
   77 ,   1926 : 8.3589954767083e+00 +(2e+01,2e+02) | 1.34e+02 |  5:5.3e-02  1:3.0e+00
   78 ,   1951 : 7.9700164979610e+00 +(3e+01,2e+02) | 1.35e+02 |  5:5.8e-02  1:3.2e+00
   79 ,   1976 : 8.2222519169590e+00 +(4e+01,4e+02) | 1.37e+02 |  5:5.9e-02  1:3.4e+00
Iterat, #Fevals:   Function Value    (median,worst) |Axis Ratio|idx:Min SD idx:Max SD
   80 ,   2001 : 8.2321180583688e+00 +(2e+01,1e+02) | 1.36e+02 |  5:5.1e-02  1:2.9e+00
   81 ,   2026 : 8.7017771353537e+00 +(2e+01,3e+02) | 1.35e+02 |  5:5.1e-02  1:2.9e+00
   82 ,   2051 : 7.5902430809828e+00 +(2e+01,1e+02) | 1.39e+02 |  5:4.9e-02  1:2.8e+00
   83 ,   2076 : 8.0410675048880e+00 +(8e+00,1e+02) | 1.40e+02 |  5:4.7e-02  1:2.6e+00
   84 ,   2101 : 8.2275077330818e+00 +(1e+01,2e+02) | 1.42e+02 |  5:4.7e-02  1:2.5e+00
   85 ,   2126 : 7.9412810933534e+00 +(1e+01,1e+02) | 1.52e+02 |  5:4.5e-02  1:2.5e+00
   86 ,   2151 : 8.0819430059462e+00 +(8e+00,3e+01) | 1.53e+02 |  5:3.8e-02  1:2.2e+00
   87 ,   2176 : 7.8697421507767e+00 +(2e+00,6e+01) | 1.67e+02 |  5:3.5e-02  1:2.1e+00
   88 ,   2201 : 7.9797794415085e+00 +(4e+00,6e+01) | 1.75e+02 |  5:3.4e-02  1:2.1e+00
   89 ,   2226 : 8.2123064797723e+00 +(3e+00,5e+01) | 1.80e+02 |  5:3.1e-02  1:2.0e+00
Iterat, #Fevals:   Function Value    (median,worst) |Axis Ratio|idx:Min SD idx:Max SD
   90 ,   2251 : 7.8758576629286e+00 +(1e+00,5e+01) | 1.82e+02 |  5:2.9e-02  1:1.9e+00
   91 ,   2276 : 7.8606971936967e+00 +(5e+00,2e+01) | 1.88e+02 |  5:3.0e-02  1:2.1e+00
   92 ,   2301 : 7.5818434178999e+00 +(5e+00,5e+01) | 1.89e+02 |  5:3.0e-02  1:2.1e+00
   93 ,   2326 : 7.8998267858583e+00 +(9e-01,2e+01) | 1.96e+02 |  5:2.7e-02  1:1.8e+00
   94 ,   2351 : 7.8838788317267e+00 +(2e+00,3e+01) | 1.99e+02 |  5:2.7e-02  1:2.0e+00
   95 ,   2376 : 7.8116315296560e+00 +(4e+00,2e+01) | 2.06e+02 |  5:2.6e-02  1:1.9e+00
   96 ,   2401 : 7.6447751600362e+00 +(2e+00,4e+01) | 2.06e+02 |  5:2.4e-02  1:1.7e+00
   97 ,   2426 : 7.9101365658505e+00 +(2e+00,2e+01) | 2.11e+02 |  5:2.4e-02  1:1.7e+00
   98 ,   2451 : 7.6523333466273e+00 +(3e+00,3e+01) | 2.10e+02 |  5:2.5e-02  1:1.8e+00
   99 ,   2476 : 7.5294320195541e+00 +(2e+00,9e+01) | 2.07e+02 |  5:2.2e-02  1:1.5e+00
Iterat, #Fevals:   Function Value    (median,worst) |Axis Ratio|idx:Min SD idx:Max SD
  100 ,   2501 : 7.5487770919584e+00 +(8e-01,2e+01) | 2.13e+02 |  5:2.5e-02  1:1.7e+00
  101 ,   2526 : 7.6993158870977e+00 +(1e+00,4e+01) | 2.19e+02 |  5:2.7e-02  1:1.9e+00
  102 ,   2551 : 7.6041936534088e+00 +(3e+00,2e+01) | 2.25e+02 |  5:2.5e-02  1:1.8e+00
  103 ,   2576 : 7.5393588707014e+00 +(1e+00,2e+01) | 2.29e+02 |  5:2.5e-02  1:1.8e+00
  104 ,   2601 : 7.7605762441613e+00 +(2e+00,2e+01) | 2.28e+02 |  5:2.5e-02  1:1.8e+00
  105 ,   2626 : 7.6576153885633e+00 +(2e+00,4e+01) | 2.32e+02 |  5:2.4e-02  1:1.8e+00
  106 ,   2651 : 7.5855938248234e+00 +(2e+00,8e+01) | 2.30e+02 |  5:2.4e-02  1:1.7e+00
  107 ,   2676 : 7.7227919428922e+00 +(3e+00,2e+01) | 2.30e+02 |  5:2.3e-02  1:1.7e+00
  108 ,   2701 : 7.5335366109764e+00 +(1e+00,3e+01) | 2.28e+02 |  5:2.2e-02  1:1.6e+00
  109 ,   2726 : 7.7404407614292e+00 +(8e-01,3e+01) | 2.25e+02 |  5:2.0e-02  1:1.4e+00
Iterat, #Fevals:   Function Value    (median,worst) |Axis Ratio|idx:Min SD idx:Max SD
  110 ,   2751 : 7.5563452979459e+00 +(2e+00,2e+01) | 2.30e+02 |  5:1.8e-02  1:1.4e+00
  111 ,   2776 : 7.6216140975940e+00 +(1e+00,9e+00) | 2.32e+02 |  5:2.0e-02  1:1.5e+00
  112 ,   2801 : 7.6122035781176e+00 +(1e+00,1e+01) | 2.36e+02 |  5:1.9e-02  1:1.4e+00
  113 ,   2826 : 7.6443402162428e+00 +(2e+00,2e+01) | 2.39e+02 |  5:1.5e-02  1:1.1e+00
  114 ,   2851 : 7.6623098939069e+00 +(6e-01,5e+00) | 2.35e+02 |  5:1.5e-02  1:1.1e+00
  115 ,   2876 : 7.6012314328273e+00 +(4e-01,3e+00) | 2.40e+02 |  5:1.4e-02  1:9.9e-01
  116 ,   2901 : 7.5284825495572e+00 +(5e-01,4e+00) | 2.45e+02 |  5:1.4e-02  1:1.0e+00
  117 ,   2926 : 7.5301890475249e+00 +(3e-01,5e+00) | 2.46e+02 |  5:1.4e-02  1:1.1e+00
  118 ,   2951 : 7.5136765406436e+00 +(6e-01,4e+00) | 2.48e+02 |  5:1.5e-02  1:1.1e+00
  119 ,   2976 : 7.5517270832924e+00 +(6e-01,3e+00) | 2.47e+02 |  5:1.4e-02  1:9.9e-01
Iterat, #Fevals:   Function Value    (median,worst) |Axis Ratio|idx:Min SD idx:Max SD
  120 ,   3001 : 7.5241354727594e+00 +(3e-01,3e+00) | 2.50e+02 |  5:1.2e-02  1:8.9e-01
  121 ,   3026 : 7.5236756990361e+00 +(4e-01,1e+01) | 2.65e+02 |  5:1.2e-02  1:9.2e-01
  122 ,   3051 : 7.5390592266102e+00 +(3e-01,3e+00) | 2.72e+02 |  5:1.0e-02  1:7.8e-01
  123 ,   3076 : 7.5392646444787e+00 +(3e-01,2e+00) | 2.78e+02 |  5:8.5e-03  1:6.5e-01
  124 ,   3101 : 7.5484831359775e+00 +(2e-01,2e+00) | 2.77e+02 |  5:8.4e-03  1:6.3e-01
  125 ,   3126 : 7.5240568125929e+00 +(3e-01,1e+00) | 2.76e+02 |  5:8.8e-03  1:6.5e-01
  126 ,   3151 : 7.5467255805898e+00 +(1e-01,9e-01) | 2.80e+02 |  5:9.7e-03  1:7.0e-01
  127 ,   3176 : 7.5156156585656e+00 +(9e-02,1e+00) | 2.98e+02 |  5:1.1e-02  1:8.2e-01
  128 ,   3201 : 7.5212146041597e+00 +(2e-01,3e+00) | 3.00e+02 |  5:1.0e-02  1:7.6e-01
  129 ,   3226 : 7.5409243467415e+00 +(2e-01,7e-01) | 2.96e+02 |  5:1.0e-02  1:7.2e-01
Iterat, #Fevals:   Function Value    (median,worst) |Axis Ratio|idx:Min SD idx:Max SD
  130 ,   3251 : 7.5037964524433e+00 +(3e-01,2e+00) | 2.98e+02 |  5:9.0e-03  1:6.2e-01
  131 ,   3276 : 7.5508489035750e+00 +(2e-01,2e+00) | 3.03e+02 |  5:9.3e-03  1:6.1e-01
  132 ,   3301 : 7.5409780606948e+00 +(1e-01,5e-01) | 3.07e+02 |  5:8.6e-03  1:5.7e-01
  133 ,   3326 : 7.5524057066910e+00 +(7e-02,7e-01) | 3.21e+02 |  5:7.8e-03  1:5.3e-01
  134 ,   3351 : 7.5496408973273e+00 +(1e-01,9e-01) | 3.11e+02 |  5:8.2e-03  1:5.5e-01
  135 ,   3376 : 7.5493765998115e+00 +(8e-02,1e+00) | 3.30e+02 |  5:7.6e-03  1:5.2e-01
  136 ,   3401 : 7.5196152686957e+00 +(8e-02,1e+00) | 3.36e+02 |  5:7.0e-03  1:4.9e-01
  137 ,   3426 : 7.5067019108053e+00 +(1e-01,9e-01) | 3.38e+02 |  5:7.0e-03  1:4.6e-01
  138 ,   3451 : 7.5279652763593e+00 +(8e-02,2e+00) | 3.33e+02 |  5:6.8e-03  1:4.4e-01
  139 ,   3476 : 7.5292476014768e+00 +(6e-02,7e-01) | 3.31e+02 |  5:7.1e-03  1:4.3e-01
Iterat, #Fevals:   Function Value    (median,worst) |Axis Ratio|idx:Min SD idx:Max SD
  140 ,   3501 : 7.5095139276403e+00 +(7e-02,4e-01) | 3.56e+02 |  9:8.2e-03  1:4.9e-01
  141 ,   3526 : 7.5211658711171e+00 +(6e-02,1e+00) | 3.74e+02 |  9:8.0e-03  1:4.9e-01
  142 ,   3551 : 7.5236862248338e+00 +(8e-02,4e-01) | 3.66e+02 |  9:7.1e-03  1:4.3e-01
  143 ,   3576 : 7.5120253191255e+00 +(5e-02,3e-01) | 3.67e+02 |  9:6.9e-03  1:4.2e-01
  144 ,   3601 : 7.5154476536744e+00 +(4e-02,3e-01) | 3.69e+02 |  9:6.3e-03  1:3.8e-01
  145 ,   3626 : 7.5077327951964e+00 +(4e-02,3e-01) | 3.76e+02 |  9:6.1e-03  1:3.8e-01
  146 ,   3651 : 7.5126039532549e+00 +(4e-02,4e-01) | 3.83e+02 |  9:4.8e-03  1:3.1e-01
  147 ,   3676 : 7.5112511948233e+00 +(3e-02,1e-01) | 3.93e+02 |  9:4.5e-03  1:2.9e-01
  148 ,   3701 : 7.5069512001185e+00 +(3e-02,8e-02) | 4.03e+02 |  9:4.0e-03  1:2.6e-01
  149 ,   3726 : 7.5088636106565e+00 +(2e-02,1e-01) | 4.35e+02 |  9:3.8e-03  1:2.8e-01
Iterat, #Fevals:   Function Value    (median,worst) |Axis Ratio|idx:Min SD idx:Max SD
  150 ,   3751 : 7.5059843392621e+00 +(3e-02,2e-01) | 4.48e+02 |  9:3.7e-03  1:2.8e-01
  151 ,   3776 : 7.5061559279497e+00 +(3e-02,1e-01) | 4.65e+02 |  9:3.2e-03  1:2.6e-01
  152 ,   3801 : 7.5109766797702e+00 +(1e-02,5e-02) | 5.06e+02 |  9:2.9e-03  1:2.5e-01
  153 ,   3826 : 7.5073316509537e+00 +(2e-02,8e-02) | 5.02e+02 |  9:2.4e-03  1:2.2e-01
  154 ,   3851 : 7.5078630732093e+00 +(2e-02,4e-02) | 4.96e+02 |  9:2.4e-03  1:2.1e-01
  155 ,   3876 : 7.5074130153435e+00 +(2e-02,4e-02) | 4.91e+02 |  9:2.0e-03  1:1.7e-01
  156 ,   3901 : 7.5004863409406e+00 +(2e-02,5e-02) | 5.06e+02 |  9:1.6e-03  1:1.5e-01
  157 ,   3926 : 7.5077528784821e+00 +(2e-02,4e-02) | 5.21e+02 |  9:1.5e-03  1:1.5e-01
  158 ,   3951 : 7.5060010824171e+00 +(1e-02,3e-02) | 5.40e+02 |  9:1.5e-03  1:1.5e-01
  159 ,   3976 : 7.5055176579632e+00 +(1e-02,3e-02) | 5.38e+02 |  9:1.5e-03  1:1.5e-01
Iterat, #Fevals:   Function Value    (median,worst) |Axis Ratio|idx:Min SD idx:Max SD
  160 ,   4001 : 7.5051455589680e+00 +(2e-02,5e-02) | 5.51e+02 |  9:1.7e-03  1:1.7e-01
  161 ,   4026 : 7.4882473669151e+00 +(3e-02,6e-02) | 5.72e+02 |  9:1.7e-03  1:1.8e-01
  162 ,   4051 : 7.5065776502156e+00 +(1e-02,3e-02) | 6.00e+02 |  9:1.9e-03  1:2.2e-01
  163 ,   4076 : 7.5047745198385e+00 +(1e-02,3e-02) | 5.99e+02 |  9:1.8e-03  1:2.0e-01
  164 ,   4101 : 7.5075543131174e+00 +(1e-02,5e-02) | 6.16e+02 |  9:1.6e-03  1:1.9e-01
  165 ,   4126 : 7.5022833544157e+00 +(2e-02,4e-02) | 6.40e+02 |  9:1.5e-03  1:1.8e-01
  166 ,   4151 : 7.5018569147220e+00 +(2e-02,4e-02) | 6.69e+02 |  9:1.4e-03  1:1.7e-01
  167 ,   4176 : 7.4991977210158e+00 +(2e-02,4e-02) | 6.44e+02 |  9:1.4e-03  1:1.8e-01
  168 ,   4201 : 7.5055751051112e+00 +(2e-02,4e-02) | 6.23e+02 |  9:1.4e-03  1:1.7e-01
  169 ,   4226 : 7.4996463334902e+00 +(2e-02,5e-02) | 6.32e+02 |  9:1.2e-03  1:1.6e-01
Iterat, #Fevals:   Function Value    (median,worst) |Axis Ratio|idx:Min SD idx:Max SD
  170 ,   4251 : 7.5058586632678e+00 +(1e-02,2e-02) | 6.19e+02 |  9:1.1e-03  1:1.5e-01
  171 ,   4276 : 7.5050459591269e+00 +(2e-02,4e-02) | 6.64e+02 |  9:1.1e-03  1:1.6e-01
  172 ,   4301 : 7.5066994513621e+00 +(1e-02,4e-02) | 7.23e+02 |  9:1.1e-03  1:1.7e-01
  173 ,   4326 : 7.5028732225312e+00 +(2e-02,4e-02) | 7.51e+02 |  9:1.1e-03  1:1.7e-01
  174 ,   4351 : 7.5083728973648e+00 +(1e-02,3e-02) | 7.86e+02 |  9:1.1e-03  1:1.8e-01
  175 ,   4376 : 7.4936283906006e+00 +(2e-02,4e-02) | 7.76e+02 |  9:1.0e-03  1:1.6e-01
  176 ,   4401 : 7.5038914608165e+00 +(1e-02,3e-02) | 8.12e+02 |  9:1.0e-03  1:1.6e-01
  177 ,   4426 : 7.5049913506805e+00 +(1e-02,3e-02) | 7.89e+02 |  9:9.8e-04  1:1.6e-01
  178 ,   4451 : 7.4990660953963e+00 +(2e-02,3e-02) | 7.79e+02 |  9:9.0e-04  1:1.5e-01
  179 ,   4476 : 7.5005177288309e+00 +(2e-02,4e-02) | 7.81e+02 |  9:9.3e-04  1:1.5e-01
Iterat, #Fevals:   Function Value    (median,worst) |Axis Ratio|idx:Min SD idx:Max SD
  180 ,   4501 : 7.5093578608438e+00 +(1e-02,3e-02) | 8.30e+02 |  9:8.7e-04  1:1.6e-01
  181 ,   4526 : 7.4971861198543e+00 +(2e-02,3e-02) | 8.24e+02 |  9:8.0e-04  1:1.4e-01
  182 ,   4551 : 7.5081213282281e+00 +(1e-02,3e-02) | 8.41e+02 |  9:7.8e-04  1:1.4e-01
  183 ,   4576 : 7.5023371931853e+00 +(1e-02,3e-02) | 8.59e+02 |  9:7.7e-04  1:1.4e-01
  184 ,   4601 : 7.4983556054801e+00 +(2e-02,4e-02) | 8.84e+02 |  9:7.2e-04  1:1.3e-01
  185 ,   4626 : 7.5035800635709e+00 +(1e-02,3e-02) | 9.29e+02 |  9:6.1e-04  1:1.2e-01
  186 ,   4651 : 7.5030505104988e+00 +(2e-02,2e-02) | 9.35e+02 |  9:5.5e-04  1:1.1e-01
  187 ,   4676 : 7.4950788847709e+00 +(2e-02,4e-02) | 9.71e+02 |  9:5.6e-04  1:1.1e-01
  188 ,   4701 : 7.4949520294569e+00 +(2e-02,4e-02) | 9.85e+02 |  9:5.3e-04  1:1.1e-01
  189 ,   4726 : 7.4956887188696e+00 +(2e-02,4e-02) | 9.78e+02 |  9:5.2e-04  1:1.1e-01
Iterat, #Fevals:   Function Value    (median,worst) |Axis Ratio|idx:Min SD idx:Max SD
  190 ,   4751 : 7.4994806229186e+00 +(2e-02,4e-02) | 9.93e+02 |  9:5.0e-04  1:1.1e-01
  191 ,   4776 : 7.5016215025119e+00 +(2e-02,3e-02) | 9.64e+02 |  9:5.1e-04  1:1.1e-01
  192 ,   4801 : 7.5062817634446e+00 +(1e-02,3e-02) | 9.57e+02 |  9:4.9e-04  1:1.0e-01
  193 ,   4826 : 7.4966665282350e+00 +(2e-02,3e-02) | 9.44e+02 |  9:5.4e-04  1:1.2e-01
  194 ,   4851 : 7.4941172891760e+00 +(2e-02,4e-02) | 9.11e+02 |  9:6.1e-04  1:1.4e-01
  195 ,   4876 : 7.4968040657024e+00 +(1e-02,3e-02) | 9.11e+02 |  9:6.4e-04  1:1.5e-01
  196 ,   4901 : 7.5020420804966e+00 +(1e-02,4e-02) | 9.12e+02 |  9:6.0e-04  1:1.4e-01
  197 ,   4926 : 7.4969519252070e+00 +(2e-02,5e-02) | 9.13e+02 |  9:6.2e-04  1:1.4e-01
  198 ,   4951 : 7.4957652898783e+00 +(2e-02,3e-02) | 8.92e+02 |  9:5.4e-04  1:1.2e-01
  199 ,   4976 : 7.4993783852883e+00 +(2e-02,4e-02) | 8.94e+02 |  9:4.9e-04  1:1.0e-01
Iterat, #Fevals:   Function Value    (median,worst) |Axis Ratio|idx:Min SD idx:Max SD
  200 ,   5001 : 7.4997739242412e+00 +(2e-02,3e-02) | 8.92e+02 |  9:4.3e-04  1:8.9e-02
  201 ,   5026 : 7.5015322487483e+00 +(1e-02,2e-02) | 8.75e+02 |  9:3.7e-04  1:7.8e-02
  202 ,   5051 : 7.4994845801457e+00 +(1e-02,3e-02) | 8.75e+02 |  9:3.3e-04  1:6.8e-02
  203 ,   5076 : 7.4977347845576e+00 +(2e-02,3e-02) | 8.83e+02 |  9:3.5e-04  1:7.2e-02
  204 ,   5101 : 7.5021094616944e+00 +(1e-02,3e-02) | 8.56e+02 |  9:3.8e-04  1:7.4e-02
  205 ,   5126 : 7.4887348762941e+00 +(2e-02,4e-02) | 8.62e+02 |  9:3.8e-04  1:7.4e-02
  206 ,   5151 : 7.4992303794007e+00 +(1e-02,3e-02) | 8.86e+02 |  9:3.7e-04  1:7.1e-02
  207 ,   5176 : 7.4971597923179e+00 +(2e-02,3e-02) | 8.82e+02 |  9:4.1e-04  1:7.4e-02
  208 ,   5201 : 7.5006113602433e+00 +(1e-02,3e-02) | 9.13e+02 |  9:4.5e-04  1:7.9e-02
  209 ,   5226 : 7.4947811017248e+00 +(2e-02,3e-02) | 8.83e+02 |  9:4.6e-04  1:8.1e-02
Iterat, #Fevals:   Function Value    (median,worst) |Axis Ratio|idx:Min SD idx:Max SD
  210 ,   5251 : 7.4981719885898e+00 +(1e-02,3e-02) | 8.96e+02 |  9:4.1e-04  1:7.4e-02
  211 ,   5276 : 7.4910438125160e+00 +(2e-02,3e-02) | 8.53e+02 |  9:4.3e-04  1:7.8e-02
  212 ,   5301 : 7.4954039823637e+00 +(2e-02,4e-02) | 8.49e+02 |  9:4.7e-04  1:8.5e-02
  213 ,   5326 : 7.5002826412983e+00 +(1e-02,4e-02) | 8.17e+02 |  9:5.2e-04  1:9.0e-02
  214 ,   5351 : 7.5016536967298e+00 +(1e-02,3e-02) | 7.93e+02 |  9:4.9e-04  1:8.6e-02
  215 ,   5376 : 7.4996973511303e+00 +(1e-02,3e-02) | 8.06e+02 |  9:4.2e-04  1:7.4e-02
  216 ,   5401 : 7.5006752519499e+00 +(1e-02,3e-02) | 8.27e+02 |  9:3.8e-04  1:7.0e-02
  217 ,   5426 : 7.4985495666193e+00 +(2e-02,3e-02) | 8.11e+02 |  9:3.4e-04  1:6.2e-02
  218 ,   5451 : 7.5006073679161e+00 +(1e-02,2e-02) | 8.29e+02 |  9:3.0e-04  1:5.4e-02
  219 ,   5476 : 7.5028261442266e+00 +(9e-03,3e-02) | 8.86e+02 |  9:3.0e-04  1:5.6e-02
Iterat, #Fevals:   Function Value    (median,worst) |Axis Ratio|idx:Min SD idx:Max SD
  220 ,   5501 : 7.4996160366503e+00 +(1e-02,3e-02) | 9.10e+02 |  9:3.2e-04  1:6.1e-02
  221 ,   5526 : 7.4995626291449e+00 +(1e-02,3e-02) | 9.27e+02 |  9:3.7e-04  1:6.5e-02
  222 ,   5551 : 7.4995875563928e+00 +(1e-02,3e-02) | 9.30e+02 |  9:3.8e-04  1:6.7e-02
  223 ,   5576 : 7.4952645699049e+00 +(2e-02,3e-02) | 9.21e+02 |  9:3.7e-04  1:6.2e-02
  224 ,   5601 : 7.4922497025070e+00 +(2e-02,3e-02) | 9.06e+02 |  9:3.2e-04  1:5.3e-02
  225 ,   5626 : 7.4975456725282e+00 +(2e-02,3e-02) | 9.40e+02 |  9:3.3e-04  1:5.5e-02
  226 ,   5651 : 7.5038728310466e+00 +(1e-02,3e-02) | 9.52e+02 |  9:3.2e-04  1:5.6e-02
  227 ,   5676 : 7.4986527654798e+00 +(2e-02,3e-02) | 9.42e+02 |  9:3.2e-04  1:5.6e-02
  228 ,   5701 : 7.4959798535013e+00 +(2e-02,3e-02) | 9.15e+02 |  9:3.4e-04  1:5.5e-02
  229 ,   5726 : 7.4987682054706e+00 +(1e-02,3e-02) | 8.62e+02 |  9:3.7e-04  1:6.0e-02
Iterat, #Fevals:   Function Value    (median,worst) |Axis Ratio|idx:Min SD idx:Max SD
  230 ,   5751 : 7.5012977625288e+00 +(1e-02,3e-02) | 8.64e+02 |  9:3.6e-04  1:5.9e-02
  231 ,   5776 : 7.4917752197564e+00 +(2e-02,4e-02) | 8.49e+02 |  9:3.8e-04  1:6.0e-02
  232 ,   5801 : 7.4962616690579e+00 +(1e-02,3e-02) | 8.55e+02 |  9:3.9e-04  1:6.0e-02
  233 ,   5826 : 7.4977758684272e+00 +(2e-02,3e-02) | 8.37e+02 |  9:4.5e-04  1:6.6e-02
  234 ,   5851 : 7.4943649926610e+00 +(2e-02,3e-02) | 8.30e+02 |  9:4.0e-04  1:5.7e-02
  235 ,   5876 : 7.5007494970815e+00 +(1e-02,2e-02) | 8.22e+02 |  9:3.9e-04  1:5.8e-02
  236 ,   5901 : 7.4955380021863e+00 +(2e-02,3e-02) | 8.15e+02 |  9:3.9e-04  1:5.8e-02
  237 ,   5926 : 7.5005346155612e+00 +(1e-02,3e-02) | 8.69e+02 |  9:4.2e-04  1:6.7e-02
  238 ,   5951 : 7.5008844504839e+00 +(1e-02,2e-02) | 9.00e+02 |  9:4.7e-04  1:7.6e-02
  239 ,   5976 : 7.4956933557031e+00 +(2e-02,3e-02) | 8.72e+02 |  9:5.5e-04  1:8.9e-02
Iterat, #Fevals:   Function Value    (median,worst) |Axis Ratio|idx:Min SD idx:Max SD
  240 ,   6001 : 7.5017013024867e+00 +(1e-02,3e-02) | 9.26e+02 |  9:5.7e-04  1:1.0e-01
  241 ,   6026 : 7.5056191044536e+00 +(8e-03,3e-02) | 9.13e+02 |  9:5.4e-04  1:9.7e-02
  242 ,   6051 : 7.4992857863988e+00 +(1e-02,3e-02) | 9.23e+02 |  9:5.0e-04  1:9.3e-02
  243 ,   6076 : 7.4934631898879e+00 +(2e-02,4e-02) | 9.48e+02 |  9:4.4e-04  1:8.4e-02
  244 ,   6101 : 7.4992791315445e+00 +(1e-02,3e-02) | 9.33e+02 |  9:3.8e-04  1:7.1e-02
  245 ,   6126 : 7.4932403950000e+00 +(2e-02,3e-02) | 9.98e+02 |  9:3.6e-04  1:7.2e-02
  246 ,   6151 : 7.4996750003764e+00 +(9e-03,4e-02) | 9.84e+02 |  9:2.9e-04  1:5.7e-02
  247 ,   6176 : 7.4995012487585e+00 +(1e-02,2e-02) | 1.01e+03 |  9:3.1e-04  1:6.1e-02
  248 ,   6201 : 7.4992115877920e+00 +(9e-03,3e-02) | 9.41e+02 |  9:3.1e-04  1:5.9e-02
  249 ,   6226 : 7.4967752445363e+00 +(1e-02,2e-02) | 9.50e+02 |  9:3.2e-04  1:6.0e-02
Iterat, #Fevals:   Function Value    (median,worst) |Axis Ratio|idx:Min SD idx:Max SD
  250 ,   6251 : 7.4969455098026e+00 +(1e-02,4e-02) | 9.38e+02 |  9:3.2e-04  1:6.0e-02
  251 ,   6276 : 7.4924939315173e+00 +(2e-02,4e-02) | 8.81e+02 |  9:2.9e-04  1:5.2e-02
  252 ,   6301 : 7.4863665412837e+00 +(2e-02,4e-02) | 8.76e+02 |  9:2.7e-04  1:4.9e-02
  253 ,   6326 : 7.4921455815829e+00 +(2e-02,4e-02) | 8.80e+02 |  9:3.0e-04  1:4.8e-02
  254 ,   6351 : 7.4959019757648e+00 +(1e-02,3e-02) | 8.97e+02 |  9:2.7e-04  1:4.3e-02
  255 ,   6376 : 7.4953346242561e+00 +(2e-02,3e-02) | 8.93e+02 |  9:2.6e-04  1:4.3e-02
  256 ,   6401 : 7.4984630134011e+00 +(1e-02,3e-02) | 9.07e+02 |  9:2.7e-04  1:4.0e-02
  257 ,   6426 : 7.4967250020077e+00 +(2e-02,3e-02) | 8.99e+02 |  9:2.3e-04  1:3.5e-02
  258 ,   6451 : 7.4919526383568e+00 +(2e-02,4e-02) | 8.84e+02 |  9:2.4e-04  1:3.6e-02
  259 ,   6476 : 7.4940386824613e+00 +(2e-02,3e-02) | 8.89e+02 |  9:2.4e-04  1:3.7e-02
Iterat, #Fevals:   Function Value    (median,worst) |Axis Ratio|idx:Min SD idx:Max SD
  260 ,   6501 : 7.4946555757994e+00 +(2e-02,4e-02) | 8.66e+02 |  9:2.4e-04  1:3.6e-02
  261 ,   6526 : 7.4976087920134e+00 +(1e-02,4e-02) | 8.94e+02 |  9:2.2e-04  1:3.5e-02
  262 ,   6551 : 7.4988317272448e+00 +(1e-02,3e-02) | 8.72e+02 |  9:1.9e-04  1:2.9e-02
  263 ,   6576 : 7.5036726901175e+00 +(8e-03,2e-02) | 8.85e+02 |  9:1.7e-04  1:2.7e-02
  264 ,   6601 : 7.5008424853050e+00 +(1e-02,4e-02) | 9.01e+02 |  9:1.6e-04  1:2.5e-02
  265 ,   6626 : 7.4989886312847e+00 +(1e-02,3e-02) | 9.06e+02 |  9:1.4e-04  1:2.3e-02
  266 ,   6651 : 7.4985063647923e+00 +(1e-02,3e-02) | 9.08e+02 |  9:1.3e-04  1:2.2e-02
  267 ,   6676 : 7.4901725914129e+00 +(2e-02,4e-02) | 9.05e+02 |  9:1.5e-04  1:2.4e-02
  268 ,   6701 : 7.4989702742483e+00 +(1e-02,2e-02) | 8.49e+02 |  9:1.5e-04  1:2.3e-02
  269 ,   6726 : 7.4997635525914e+00 +(1e-02,3e-02) | 8.12e+02 |  9:1.5e-04  1:2.2e-02
Iterat, #Fevals:   Function Value    (median,worst) |Axis Ratio|idx:Min SD idx:Max SD
  270 ,   6751 : 7.4950918558253e+00 +(1e-02,3e-02) | 7.92e+02 |  9:1.5e-04  1:2.2e-02
  271 ,   6776 : 7.4962588907024e+00 +(1e-02,3e-02) | 7.58e+02 |  9:1.4e-04  1:2.0e-02
  272 ,   6801 : 7.4913267654689e+00 +(2e-02,3e-02) | 7.37e+02 |  9:1.6e-04  1:2.4e-02
  273 ,   6826 : 7.4920178849429e+00 +(2e-02,4e-02) | 7.14e+02 |  9:1.4e-04  1:2.1e-02
  274 ,   6851 : 7.4981519648070e+00 +(1e-02,3e-02) | 6.61e+02 |  9:1.3e-04  1:1.9e-02
  275 ,   6876 : 7.4956380134854e+00 +(1e-02,3e-02) | 6.14e+02 |  9:1.4e-04  1:1.9e-02
  276 ,   6901 : 7.4891505365129e+00 +(2e-02,4e-02) | 6.13e+02 |  9:1.6e-04  1:2.0e-02
  277 ,   6926 : 7.4937595437458e+00 +(2e-02,3e-02) | 6.44e+02 |  9:1.5e-04  1:2.1e-02
  278 ,   6951 : 7.4937857733841e+00 +(2e-02,3e-02) | 6.53e+02 |  9:1.6e-04  1:2.1e-02
  279 ,   6976 : 7.4963903787351e+00 +(2e-02,3e-02) | 6.81e+02 |  9:1.7e-04  1:2.2e-02
Iterat, #Fevals:   Function Value    (median,worst) |Axis Ratio|idx:Min SD idx:Max SD
  280 ,   7001 : 7.4965959645096e+00 +(2e-02,3e-02) | 6.74e+02 |  9:1.6e-04  1:2.1e-02
  281 ,   7026 : 7.4950280001635e+00 +(2e-02,3e-02) | 6.68e+02 |  9:1.6e-04  1:2.0e-02
  282 ,   7051 : 7.4955007829806e+00 +(2e-02,3e-02) | 6.66e+02 |  9:1.5e-04  1:1.9e-02
  283 ,   7076 : 7.4953643983158e+00 +(1e-02,3e-02) | 6.75e+02 |  9:1.7e-04  1:1.9e-02
  284 ,   7101 : 7.4918210290983e+00 +(2e-02,3e-02) | 6.76e+02 |  9:1.9e-04  1:2.1e-02
  285 ,   7126 : 7.4961192544574e+00 +(1e-02,2e-02) | 6.69e+02 |  9:1.8e-04  1:2.0e-02
  286 ,   7151 : 7.4965553332356e+00 +(1e-02,2e-02) | 6.85e+02 |  9:1.8e-04  1:2.0e-02
  287 ,   7176 : 7.4934670411682e+00 +(2e-02,3e-02) | 6.67e+02 |  9:1.8e-04  1:2.0e-02
  288 ,   7201 : 7.4916423393676e+00 +(2e-02,3e-02) | 6.48e+02 |  9:1.6e-04  1:1.8e-02
  289 ,   7226 : 7.4947957922764e+00 +(1e-02,3e-02) | 6.46e+02 |  9:1.4e-04  1:1.6e-02
Iterat, #Fevals:   Function Value    (median,worst) |Axis Ratio|idx:Min SD idx:Max SD
  290 ,   7251 : 7.4962544292014e+00 +(1e-02,3e-02) | 6.73e+02 |  9:1.4e-04  1:1.6e-02
  291 ,   7276 : 7.4929097360437e+00 +(2e-02,4e-02) | 6.73e+02 |  9:1.3e-04  1:1.4e-02
  292 ,   7301 : 7.4907925183195e+00 +(2e-02,3e-02) | 6.69e+02 |  9:1.2e-04  1:1.4e-02
  293 ,   7326 : 7.4945601775886e+00 +(2e-02,3e-02) | 6.86e+02 |  9:1.0e-04  1:1.2e-02
  294 ,   7351 : 7.4963974824653e+00 +(2e-02,4e-02) | 7.23e+02 |  9:1.1e-04  1:1.2e-02
  295 ,   7376 : 7.4905410702096e+00 +(2e-02,4e-02) | 7.23e+02 |  9:1.4e-04  1:1.6e-02
  296 ,   7401 : 7.4950674291323e+00 +(1e-02,3e-02) | 7.13e+02 |  9:1.4e-04  1:1.7e-02
  297 ,   7426 : 7.5000414101782e+00 +(1e-02,3e-02) | 7.09e+02 |  9:1.5e-04  1:1.7e-02
  298 ,   7451 : 7.4988470448771e+00 +(1e-02,3e-02) | 7.13e+02 |  9:1.5e-04  1:1.8e-02
  299 ,   7476 : 7.4982672207915e+00 +(1e-02,3e-02) | 7.35e+02 |  9:1.6e-04  1:1.9e-02
Iterat, #Fevals:   Function Value    (median,worst) |Axis Ratio|idx:Min SD idx:Max SD
  300 ,   7501 : 7.4946005143966e+00 +(1e-02,3e-02) | 7.56e+02 |  9:1.6e-04  1:1.9e-02
  301 ,   7526 : 7.4933336511645e+00 +(2e-02,3e-02) | 7.57e+02 |  9:1.5e-04  1:1.7e-02
  302 ,   7551 : 7.5012146373904e+00 +(9e-03,2e-02) | 7.58e+02 |  9:1.3e-04  1:1.6e-02
  303 ,   7576 : 7.4982411438658e+00 +(1e-02,2e-02) | 7.56e+02 |  9:1.3e-04  1:1.5e-02
  304 ,   7601 : 7.5000395296356e+00 +(9e-03,2e-02) | 7.41e+02 |  9:1.2e-04  1:1.5e-02
  305 ,   7626 : 7.4995710544212e+00 +(9e-03,3e-02) | 7.16e+02 |  9:1.3e-04  1:1.5e-02
  306 ,   7651 : 7.4870985417978e+00 +(3e-02,4e-02) | 7.23e+02 |  9:1.3e-04  1:1.6e-02
  307 ,   7676 : 7.4944772053751e+00 +(1e-02,2e-02) | 7.20e+02 |  9:1.4e-04  1:1.6e-02
  308 ,   7701 : 7.4996563190165e+00 +(1e-02,3e-02) | 7.06e+02 |  9:1.6e-04  1:1.7e-02
  309 ,   7726 : 7.4925277416777e+00 +(2e-02,3e-02) | 7.15e+02 |  9:1.8e-04  1:1.9e-02
Iterat, #Fevals:   Function Value    (median,worst) |Axis Ratio|idx:Min SD idx:Max SD
  310 ,   7751 : 7.4874028550944e+00 +(2e-02,3e-02) | 7.38e+02 |  9:1.7e-04  1:1.8e-02
  311 ,   7776 : 7.4974887658299e+00 +(1e-02,2e-02) | 7.42e+02 |  9:1.7e-04  1:1.9e-02
  312 ,   7801 : 7.4946892086488e+00 +(1e-02,2e-02) | 7.26e+02 |  9:1.8e-04  1:2.1e-02
  313 ,   7826 : 7.5021513599619e+00 +(9e-03,2e-02) | 7.38e+02 |  9:1.9e-04  1:2.3e-02
  314 ,   7851 : 7.4945444119378e+00 +(2e-02,3e-02) | 7.51e+02 |  9:2.1e-04  1:2.6e-02
  315 ,   7876 : 7.4931858950034e+00 +(2e-02,4e-02) | 7.72e+02 |  9:2.1e-04  1:2.7e-02
  316 ,   7901 : 7.4996607372468e+00 +(1e-02,3e-02) | 7.53e+02 |  9:2.0e-04  1:2.5e-02
  317 ,   7926 : 7.4906320096246e+00 +(2e-02,3e-02) | 7.65e+02 |  9:1.8e-04  1:2.2e-02
  318 ,   7951 : 7.4982116282190e+00 +(1e-02,2e-02) | 7.58e+02 |  9:1.9e-04  1:2.3e-02
  319 ,   7976 : 7.4973003553204e+00 +(1e-02,2e-02) | 7.64e+02 |  9:2.0e-04  1:2.4e-02
Iterat, #Fevals:   Function Value    (median,worst) |Axis Ratio|idx:Min SD idx:Max SD
  320 ,   8001 : 7.5018239661385e+00 +(1e-02,2e-02) | 7.67e+02 |  9:2.5e-04  1:2.6e-02
  321 ,   8026 : 7.5033932987697e+00 +(6e-03,2e-02) | 7.89e+02 |  9:2.9e-04  1:2.8e-02
  322 ,   8051 : 7.4981575399483e+00 +(1e-02,2e-02) | 8.40e+02 |  9:3.1e-04  1:3.4e-02
  323 ,   8076 : 7.4998559249714e+00 +(1e-02,2e-02) | 9.06e+02 |  9:3.2e-04  1:3.5e-02
  324 ,   8101 : 7.4990369108220e+00 +(1e-02,3e-02) | 9.04e+02 |  9:3.3e-04  1:3.7e-02
  325 ,   8126 : 7.4966459980801e+00 +(1e-02,3e-02) | 9.41e+02 |  9:3.3e-04  1:3.7e-02
  326 ,   8151 : 7.4965438132068e+00 +(2e-02,3e-02) | 9.70e+02 |  9:3.6e-04  1:4.1e-02
  327 ,   8176 : 7.4905033092056e+00 +(2e-02,3e-02) | 9.73e+02 |  9:3.0e-04  1:3.4e-02
  328 ,   8201 : 7.4977318022404e+00 +(1e-02,3e-02) | 9.51e+02 |  9:3.0e-04  1:3.3e-02
  329 ,   8226 : 7.4906200406795e+00 +(2e-02,4e-02) | 9.51e+02 |  9:2.8e-04  1:3.3e-02
Iterat, #Fevals:   Function Value    (median,worst) |Axis Ratio|idx:Min SD idx:Max SD
  330 ,   8251 : 7.4950496585070e+00 +(2e-02,2e-02) | 9.65e+02 |  9:2.3e-04  1:2.7e-02
  331 ,   8276 : 7.5005427411787e+00 +(7e-03,2e-02) | 9.58e+02 |  9:2.0e-04  1:2.3e-02
  332 ,   8301 : 7.4995720166096e+00 +(1e-02,2e-02) | 1.09e+03 |  9:1.8e-04  1:2.3e-02
  333 ,   8326 : 7.5012746391437e+00 +(1e-02,3e-02) | 1.08e+03 |  9:1.7e-04  1:2.3e-02
  334 ,   8351 : 7.4933050215082e+00 +(2e-02,4e-02) | 1.06e+03 |  9:2.0e-04  1:2.5e-02
  335 ,   8376 : 7.4912820242885e+00 +(2e-02,3e-02) | 1.03e+03 |  9:2.1e-04  1:2.5e-02
  336 ,   8401 : 7.4937181089251e+00 +(2e-02,3e-02) | 1.04e+03 |  9:1.8e-04  1:2.1e-02
  337 ,   8426 : 7.4963813382974e+00 +(1e-02,3e-02) | 1.01e+03 |  9:2.0e-04  1:2.3e-02
  338 ,   8451 : 7.4969508099274e+00 +(1e-02,3e-02) | 9.99e+02 |  9:2.0e-04  1:2.3e-02
  339 ,   8476 : 7.4924367958457e+00 +(2e-02,3e-02) | 1.06e+03 |  9:1.9e-04  1:2.2e-02
Iterat, #Fevals:   Function Value    (median,worst) |Axis Ratio|idx:Min SD idx:Max SD
  340 ,   8501 : 7.4957366178383e+00 +(1e-02,2e-02) | 1.06e+03 |  9:1.7e-04  1:1.9e-02
  341 ,   8526 : 7.4930516594358e+00 +(2e-02,3e-02) | 1.09e+03 |  9:1.5e-04  1:1.7e-02
  342 ,   8551 : 7.5035494861007e+00 +(8e-03,2e-02) | 1.09e+03 |  9:1.2e-04  1:1.4e-02
  343 ,   8576 : 7.4964827817948e+00 +(1e-02,3e-02) | 1.14e+03 |  9:1.2e-04  1:1.5e-02
  344 ,   8601 : 7.4965083140818e+00 +(1e-02,3e-02) | 1.11e+03 |  9:1.0e-04  1:1.2e-02
  345 ,   8626 : 7.4944857596428e+00 +(2e-02,3e-02) | 1.14e+03 |  9:1.0e-04  1:1.3e-02
  346 ,   8651 : 7.4949211914224e+00 +(1e-02,2e-02) | 1.14e+03 |  9:1.2e-04  1:1.5e-02
  347 ,   8676 : 7.4942334568672e+00 +(2e-02,4e-02) | 1.14e+03 |  9:1.0e-04  1:1.3e-02
  348 ,   8701 : 7.4960413506873e+00 +(2e-02,3e-02) | 1.15e+03 |  9:9.4e-05  1:1.2e-02
  349 ,   8726 : 7.4971830033016e+00 +(1e-02,2e-02) | 1.03e+03 |  9:1.0e-04  1:1.3e-02
Iterat, #Fevals:   Function Value    (median,worst) |Axis Ratio|idx:Min SD idx:Max SD
  350 ,   8751 : 7.4963326413051e+00 +(1e-02,3e-02) | 1.04e+03 |  9:1.0e-04  1:1.2e-02
  351 ,   8776 : 7.4995770855332e+00 +(1e-02,2e-02) | 9.74e+02 |  9:1.0e-04  1:1.2e-02
  352 ,   8801 : 7.4989469809070e+00 +(1e-02,2e-02) | 9.70e+02 |  9:1.1e-04  1:1.3e-02
  353 ,   8826 : 7.4995880734325e+00 +(1e-02,2e-02) | 9.61e+02 |  9:1.2e-04  1:1.3e-02
  354 ,   8851 : 7.4944556572076e+00 +(2e-02,2e-02) | 9.85e+02 |  9:1.2e-04  1:1.3e-02
  355 ,   8876 : 7.5030965815402e+00 +(8e-03,3e-02) | 9.60e+02 |  9:1.1e-04  1:1.2e-02
  356 ,   8901 : 7.4965804325229e+00 +(1e-02,3e-02) | 9.75e+02 |  9:1.3e-04  1:1.2e-02
  357 ,   8926 : 7.4939517396250e+00 +(2e-02,3e-02) | 9.57e+02 |  9:1.3e-04  1:1.2e-02
  358 ,   8951 : 7.4975141317796e+00 +(1e-02,3e-02) | 9.24e+02 |  9:1.4e-04  1:1.2e-02
  359 ,   8976 : 7.5023941163101e+00 +(1e-02,2e-02) | 9.18e+02 |  9:1.3e-04  1:1.2e-02
Iterat, #Fevals:   Function Value    (median,worst) |Axis Ratio|idx:Min SD idx:Max SD
  360 ,   9001 : 7.4990528368541e+00 +(1e-02,2e-02) | 9.05e+02 |  9:1.2e-04  1:1.1e-02
  361 ,   9026 : 7.5014577803681e+00 +(1e-02,3e-02) | 8.93e+02 |  9:1.2e-04  1:1.1e-02
  362 ,   9051 : 7.4969674522542e+00 +(2e-02,3e-02) | 9.04e+02 |  9:1.0e-04  1:9.6e-03
  363 ,   9076 : 7.4975431323790e+00 +(1e-02,3e-02) | 9.01e+02 |  9:1.1e-04  1:9.9e-03
  364 ,   9101 : 7.4952976106125e+00 +(1e-02,2e-02) | 9.00e+02 |  9:1.2e-04  1:9.9e-03
  365 ,   9126 : 7.4947053310848e+00 +(1e-02,4e-02) | 8.84e+02 |  9:1.4e-04  1:1.1e-02
  366 ,   9151 : 7.4966495989045e+00 +(1e-02,3e-02) | 8.65e+02 |  9:1.3e-04  1:1.0e-02
  367 ,   9176 : 7.4976313413611e+00 +(1e-02,2e-02) | 8.52e+02 |  9:1.4e-04  1:1.1e-02
  368 ,   9201 : 7.4960903359251e+00 +(1e-02,3e-02) | 8.75e+02 |  9:1.4e-04  1:1.2e-02
  369 ,   9226 : 7.4946821355325e+00 +(1e-02,3e-02) | 8.73e+02 |  9:1.6e-04  1:1.4e-02
Iterat, #Fevals:   Function Value    (median,worst) |Axis Ratio|idx:Min SD idx:Max SD
  370 ,   9251 : 7.4971750833516e+00 +(1e-02,3e-02) | 8.28e+02 |  9:1.5e-04  1:1.2e-02
  371 ,   9276 : 7.4954044991589e+00 +(2e-02,3e-02) | 8.00e+02 |  9:1.7e-04  1:1.3e-02
  372 ,   9301 : 7.4938619775148e+00 +(2e-02,3e-02) | 8.12e+02 |  9:1.8e-04  1:1.5e-02
  373 ,   9326 : 7.4969896137624e+00 +(1e-02,3e-02) | 8.17e+02 |  9:1.5e-04  1:1.3e-02
  374 ,   9351 : 7.4791897650126e+00 +(3e-02,4e-02) | 8.26e+02 |  9:1.4e-04  1:1.2e-02
  375 ,   9376 : 7.4976067476146e+00 +(1e-02,2e-02) | 8.15e+02 |  9:1.4e-04  1:1.2e-02
  376 ,   9401 : 7.4987058559291e+00 +(1e-02,2e-02) | 8.10e+02 |  9:1.4e-04  1:1.1e-02
  377 ,   9426 : 7.4972012354478e+00 +(1e-02,3e-02) | 7.88e+02 |  9:1.4e-04  1:1.2e-02
  378 ,   9451 : 7.4967134854423e+00 +(1e-02,3e-02) | 7.79e+02 |  9:1.4e-04  1:1.1e-02
  379 ,   9476 : 7.4960138069419e+00 +(2e-02,3e-02) | 7.20e+02 |  9:1.3e-04  1:1.0e-02
Iterat, #Fevals:   Function Value    (median,worst) |Axis Ratio|idx:Min SD idx:Max SD
  380 ,   9501 : 7.4964380589813e+00 +(1e-02,3e-02) | 7.10e+02 |  9:1.2e-04  1:9.0e-03
  381 ,   9526 : 7.4894973878120e+00 +(2e-02,3e-02) | 7.33e+02 |  9:1.2e-04  1:1.0e-02
  382 ,   9551 : 7.4899034765330e+00 +(2e-02,3e-02) | 7.31e+02 |  9:1.2e-04  1:9.5e-03
  383 ,   9576 : 7.4977677419855e+00 +(1e-02,2e-02) | 7.37e+02 |  9:1.0e-04  1:8.8e-03
  384 ,   9601 : 7.5010803998314e+00 +(1e-02,2e-02) | 7.21e+02 |  9:1.1e-04  1:9.7e-03
  385 ,   9626 : 7.4950996303701e+00 +(1e-02,2e-02) | 7.19e+02 |  9:1.1e-04  1:9.3e-03
  386 ,   9651 : 7.4996169624572e+00 +(9e-03,2e-02) | 7.23e+02 |  9:1.1e-04  1:9.6e-03
  387 ,   9676 : 7.4869546876412e+00 +(2e-02,4e-02) | 6.86e+02 |  9:1.1e-04  1:9.5e-03
  388 ,   9701 : 7.4962784812193e+00 +(1e-02,2e-02) | 6.99e+02 |  9:1.1e-04  1:9.8e-03
  389 ,   9726 : 7.4925398513088e+00 +(2e-02,3e-02) | 6.67e+02 |  9:1.1e-04  1:9.8e-03
Iterat, #Fevals:   Function Value    (median,worst) |Axis Ratio|idx:Min SD idx:Max SD
  390 ,   9751 : 7.4990969963124e+00 +(8e-03,2e-02) | 6.73e+02 |  9:9.7e-05  1:8.8e-03
  391 ,   9776 : 7.4948012773790e+00 +(1e-02,3e-02) | 6.76e+02 |  9:8.4e-05  1:7.6e-03
  392 ,   9801 : 7.4976806163469e+00 +(1e-02,3e-02) | 6.76e+02 |  9:8.1e-05  1:7.3e-03
  393 ,   9826 : 7.4968846524635e+00 +(1e-02,3e-02) | 6.86e+02 |  9:7.9e-05  1:7.1e-03
  394 ,   9851 : 7.4988675736674e+00 +(8e-03,3e-02) | 6.85e+02 |  9:7.3e-05  1:6.7e-03
  395 ,   9876 : 7.4936697458710e+00 +(2e-02,3e-02) | 6.97e+02 |  9:7.4e-05  1:6.8e-03
  396 ,   9901 : 7.4909555192123e+00 +(2e-02,3e-02) | 6.82e+02 |  9:8.1e-05  1:7.4e-03
  397 ,   9926 : 7.4940736972067e+00 +(1e-02,3e-02) | 6.53e+02 |  9:8.1e-05  1:7.6e-03
  398 ,   9951 : 7.4948236619437e+00 +(2e-02,4e-02) | 6.26e+02 |  9:8.1e-05  1:7.6e-03
  399 ,   9976 : 7.4934318003751e+00 +(2e-02,3e-02) | 6.28e+02 |  9:7.7e-05  1:7.3e-03
Iterat, #Fevals:   Function Value    (median,worst) |Axis Ratio|idx:Min SD idx:Max SD
  400 ,  10001 : 7.4920726693331e+00 +(2e-02,2e-02) | 6.22e+02 |  9:8.1e-05  1:7.6e-03
  401 ,  10026 : 7.4939979729420e+00 +(2e-02,3e-02) | 6.39e+02 |  9:7.4e-05  1:7.1e-03
  402 ,  10051 : 7.4892769318832e+00 +(2e-02,3e-02) | 6.28e+02 |  9:7.8e-05  1:7.3e-03
  403 ,  10076 : 7.4929068913056e+00 +(2e-02,4e-02) | 6.31e+02 |  9:8.7e-05  1:7.4e-03
  404 ,  10101 : 7.4997149274073e+00 +(9e-03,2e-02) | 6.78e+02 |  9:9.3e-05  1:8.4e-03
  405 ,  10126 : 7.4890667938919e+00 +(2e-02,3e-02) | 6.52e+02 |  9:8.9e-05  1:8.2e-03
  406 ,  10151 : 7.5000030631365e+00 +(1e-02,2e-02) | 6.28e+02 |  9:9.8e-05  1:8.7e-03
  407 ,  10176 : 7.4942530402783e+00 +(1e-02,2e-02) | 5.62e+02 |  9:1.0e-04  1:9.1e-03
  408 ,  10201 : 7.4983995433615e+00 +(1e-02,3e-02) | 5.75e+02 |  9:1.0e-04  1:8.9e-03
  409 ,  10226 : 7.4965116203664e+00 +(1e-02,3e-02) | 5.61e+02 |  9:9.6e-05  1:8.7e-03
Iterat, #Fevals:   Function Value    (median,worst) |Axis Ratio|idx:Min SD idx:Max SD
  410 ,  10251 : 7.4836422535986e+00 +(3e-02,4e-02) | 5.62e+02 |  9:9.7e-05  1:8.9e-03
  411 ,  10276 : 7.4903603027080e+00 +(2e-02,3e-02) | 5.31e+02 |  9:1.1e-04  1:9.9e-03
  412 ,  10301 : 7.4942421050699e+00 +(2e-02,3e-02) | 5.45e+02 |  9:1.2e-04  1:1.1e-02
  413 ,  10326 : 7.4981040092110e+00 +(1e-02,3e-02) | 5.42e+02 |  9:1.2e-04  1:1.1e-02
  414 ,  10351 : 7.4928001662522e+00 +(2e-02,3e-02) | 5.55e+02 |  9:1.3e-04  1:1.1e-02
  415 ,  10376 : 7.5006103306906e+00 +(8e-03,3e-02) | 5.54e+02 |  9:1.2e-04  1:1.0e-02
  416 ,  10401 : 7.4999262148741e+00 +(6e-03,2e-02) | 5.24e+02 |  9:1.3e-04  1:1.0e-02
  417 ,  10426 : 7.4968097987939e+00 +(1e-02,3e-02) | 5.30e+02 |  9:1.2e-04  1:9.9e-03
  418 ,  10451 : 7.4901022188916e+00 +(2e-02,3e-02) | 5.17e+02 |  9:1.2e-04  1:9.2e-03
  419 ,  10476 : 7.4978904240617e+00 +(1e-02,3e-02) | 5.25e+02 |  9:1.0e-04  1:8.0e-03
Iterat, #Fevals:   Function Value    (median,worst) |Axis Ratio|idx:Min SD idx:Max SD
  420 ,  10501 : 7.4891454351515e+00 +(2e-02,4e-02) | 5.24e+02 |  9:8.2e-05  1:6.5e-03
  421 ,  10526 : 7.4960236359509e+00 +(1e-02,3e-02) | 5.80e+02 |  9:8.3e-05  1:7.2e-03
  422 ,  10551 : 7.4954904683495e+00 +(1e-02,3e-02) | 6.02e+02 |  9:8.1e-05  1:7.0e-03
  423 ,  10576 : 7.4921789322769e+00 +(2e-02,3e-02) | 6.27e+02 |  9:7.7e-05  1:6.9e-03
  424 ,  10601 : 7.4926924141737e+00 +(2e-02,3e-02) | 6.35e+02 |  9:8.2e-05  1:7.0e-03
  425 ,  10626 : 7.5017941096452e+00 +(1e-02,2e-02) | 6.26e+02 |  9:9.7e-05  1:7.9e-03
  426 ,  10651 : 7.4974405443962e+00 +(1e-02,2e-02) | 6.29e+02 |  9:9.9e-05  1:7.7e-03
  427 ,  10676 : 7.4990270868948e+00 +(1e-02,3e-02) | 6.18e+02 |  9:9.4e-05  1:7.3e-03
  428 ,  10701 : 7.4987000271340e+00 +(9e-03,2e-02) | 5.98e+02 |  9:9.7e-05  1:7.2e-03
  429 ,  10726 : 7.4906906696906e+00 +(2e-02,4e-02) | 5.97e+02 |  9:9.6e-05  1:7.0e-03
Iterat, #Fevals:   Function Value    (median,worst) |Axis Ratio|idx:Min SD idx:Max SD
  430 ,  10751 : 7.5009907125972e+00 +(6e-03,3e-02) | 6.12e+02 |  9:9.3e-05  1:7.0e-03
  431 ,  10776 : 7.4965764142661e+00 +(9e-03,2e-02) | 6.26e+02 |  9:8.6e-05  1:6.6e-03
  432 ,  10801 : 7.4888018070209e+00 +(2e-02,3e-02) | 6.40e+02 |  9:9.2e-05  1:6.7e-03
  433 ,  10826 : 7.4947304732708e+00 +(1e-02,3e-02) | 6.77e+02 |  9:9.6e-05  1:7.0e-03
  434 ,  10851 : 7.4914011344848e+00 +(2e-02,3e-02) | 6.89e+02 |  9:9.6e-05  1:7.0e-03
  435 ,  10876 : 7.4983825348404e+00 +(9e-03,2e-02) | 7.20e+02 |  9:9.0e-05  1:6.6e-03
  436 ,  10901 : 7.4947264505488e+00 +(1e-02,3e-02) | 6.99e+02 |  9:9.2e-05  1:6.6e-03
  437 ,  10926 : 7.4875323206395e+00 +(2e-02,4e-02) | 6.94e+02 |  9:1.1e-04  1:7.8e-03
  438 ,  10951 : 7.4938830311049e+00 +(2e-02,3e-02) | 7.11e+02 |  9:9.9e-05  1:6.9e-03
  439 ,  10976 : 7.4953017172300e+00 +(1e-02,2e-02) | 7.03e+02 |  9:9.1e-05  1:6.3e-03
Iterat, #Fevals:   Function Value    (median,worst) |Axis Ratio|idx:Min SD idx:Max SD
  440 ,  11001 : 7.4952582197124e+00 +(1e-02,3e-02) | 7.20e+02 |  9:7.4e-05  1:5.2e-03
  441 ,  11026 : 7.4945816773477e+00 +(1e-02,4e-02) | 7.06e+02 |  9:6.9e-05  1:4.7e-03
  442 ,  11051 : 7.4917927312369e+00 +(2e-02,4e-02) | 6.63e+02 |  9:7.2e-05  1:4.5e-03
  443 ,  11076 : 7.4937843613674e+00 +(1e-02,3e-02) | 6.42e+02 |  9:6.6e-05  1:4.2e-03
  444 ,  11101 : 7.4993301459300e+00 +(9e-03,3e-02) | 6.86e+02 |  9:6.0e-05  1:4.1e-03
  445 ,  11126 : 7.4922115450201e+00 +(2e-02,3e-02) | 7.30e+02 |  9:6.7e-05  1:4.9e-03
  446 ,  11151 : 7.4943316542006e+00 +(1e-02,3e-02) | 8.57e+02 |  9:7.8e-05  1:6.3e-03
  447 ,  11176 : 7.4806568533429e+00 +(3e-02,5e-02) | 8.89e+02 |  9:7.2e-05  1:6.0e-03
  448 ,  11201 : 7.4973445066490e+00 +(1e-02,2e-02) | 9.06e+02 |  9:7.4e-05  1:6.2e-03
  449 ,  11226 : 7.4885413525134e+00 +(2e-02,3e-02) | 8.79e+02 |  9:7.1e-05  1:6.1e-03
Iterat, #Fevals:   Function Value    (median,worst) |Axis Ratio|idx:Min SD idx:Max SD
  450 ,  11251 : 7.4933384375009e+00 +(1e-02,3e-02) | 8.61e+02 |  9:7.6e-05  1:6.4e-03
  451 ,  11276 : 7.4926181457938e+00 +(2e-02,3e-02) | 8.28e+02 |  9:7.2e-05  1:6.0e-03
  452 ,  11301 : 7.4916636753113e+00 +(2e-02,3e-02) | 8.24e+02 |  9:6.4e-05  1:5.3e-03
  453 ,  11326 : 7.4968839909559e+00 +(1e-02,3e-02) | 8.71e+02 |  9:7.0e-05  1:6.3e-03
  454 ,  11351 : 7.4909119953419e+00 +(2e-02,3e-02) | 8.87e+02 |  9:7.3e-05  1:6.6e-03
  455 ,  11376 : 7.4966162442094e+00 +(1e-02,3e-02) | 9.16e+02 |  9:8.1e-05  1:7.1e-03
  456 ,  11401 : 7.4906427531468e+00 +(2e-02,4e-02) | 9.47e+02 |  9:7.9e-05  1:7.0e-03
  457 ,  11426 : 7.4918987851354e+00 +(2e-02,3e-02) | 9.03e+02 |  9:8.2e-05  1:6.7e-03
  458 ,  11451 : 7.4955387088757e+00 +(1e-02,2e-02) | 9.27e+02 |  9:9.4e-05  1:7.4e-03
  459 ,  11476 : 7.4930295860566e+00 +(2e-02,3e-02) | 8.90e+02 |  9:9.4e-05  1:7.0e-03
Iterat, #Fevals:   Function Value    (median,worst) |Axis Ratio|idx:Min SD idx:Max SD
  460 ,  11501 : 7.4866541913501e+00 +(2e-02,3e-02) | 8.99e+02 |  9:1.0e-04  1:7.6e-03
  461 ,  11526 : 7.4886735511427e+00 +(2e-02,3e-02) | 8.67e+02 |  9:1.0e-04  1:7.5e-03
  462 ,  11551 : 7.4936377736155e+00 +(2e-02,3e-02) | 8.27e+02 |  9:1.1e-04  1:7.9e-03
  463 ,  11576 : 7.4911506828043e+00 +(2e-02,3e-02) | 8.29e+02 |  9:1.1e-04  1:7.7e-03
  464 ,  11601 : 7.4982589553126e+00 +(1e-02,2e-02) | 8.63e+02 |  9:1.1e-04  1:7.3e-03
  465 ,  11626 : 7.4951346090716e+00 +(1e-02,3e-02) | 8.39e+02 |  9:1.1e-04  1:7.5e-03
  466 ,  11651 : 7.4979771498859e+00 +(1e-02,2e-02) | 8.81e+02 |  9:1.2e-04  1:8.3e-03
  467 ,  11676 : 7.4972928852316e+00 +(1e-02,3e-02) | 9.01e+02 |  9:1.2e-04  1:8.8e-03
  468 ,  11701 : 7.4984834197081e+00 +(1e-02,2e-02) | 9.15e+02 |  9:1.1e-04  1:8.5e-03
  469 ,  11726 : 7.4943835900329e+00 +(2e-02,3e-02) | 9.52e+02 |  9:1.3e-04  1:9.4e-03
Iterat, #Fevals:   Function Value    (median,worst) |Axis Ratio|idx:Min SD idx:Max SD
  470 ,  11751 : 7.4868094306469e+00 +(2e-02,4e-02) | 1.02e+03 |  9:1.1e-04  1:8.5e-03
  471 ,  11776 : 7.4890775166452e+00 +(2e-02,3e-02) | 1.03e+03 |  9:1.0e-04  1:7.8e-03
  472 ,  11801 : 7.4917798232671e+00 +(2e-02,3e-02) | 1.04e+03 |  9:9.9e-05  1:7.7e-03
  473 ,  11826 : 7.4956270270127e+00 +(1e-02,3e-02) | 1.01e+03 |  9:1.0e-04  1:7.9e-03
  474 ,  11851 : 7.4914010065400e+00 +(2e-02,3e-02) | 9.87e+02 |  9:1.1e-04  1:8.6e-03
  475 ,  11876 : 7.4919623960872e+00 +(2e-02,3e-02) | 1.02e+03 |  9:1.2e-04  1:8.9e-03
  476 ,  11901 : 7.4898330809395e+00 +(2e-02,3e-02) | 1.05e+03 |  9:1.3e-04  1:1.0e-02
  477 ,  11926 : 7.4945875036388e+00 +(1e-02,3e-02) | 1.10e+03 |  9:1.4e-04  1:1.2e-02
  478 ,  11951 : 7.4918006850507e+00 +(2e-02,3e-02) | 1.10e+03 |  9:1.4e-04  1:1.1e-02
  479 ,  11976 : 7.4944358004594e+00 +(1e-02,3e-02) | 1.11e+03 |  9:1.3e-04  1:1.1e-02
Iterat, #Fevals:   Function Value    (median,worst) |Axis Ratio|idx:Min SD idx:Max SD
  480 ,  12001 : 7.4964914188746e+00 +(1e-02,2e-02) | 1.17e+03 |  9:1.4e-04  1:1.1e-02
  481 ,  12026 : 7.4931843441306e+00 +(1e-02,3e-02) | 1.27e+03 |  9:1.6e-04  1:1.3e-02
  482 ,  12051 : 7.4941061608038e+00 +(1e-02,3e-02) | 1.30e+03 |  9:2.0e-04  1:1.6e-02
  483 ,  12076 : 7.4954415936726e+00 +(2e-02,3e-02) | 1.23e+03 |  9:2.1e-04  1:1.7e-02
  484 ,  12101 : 7.4961826410629e+00 +(1e-02,2e-02) | 1.24e+03 |  9:2.2e-04  1:1.9e-02
  485 ,  12126 : 7.4942805706310e+00 +(1e-02,4e-02) | 1.19e+03 |  9:2.1e-04  1:1.7e-02
  486 ,  12151 : 7.4976473458441e+00 +(1e-02,3e-02) | 1.23e+03 |  9:2.2e-04  1:1.8e-02
  487 ,  12176 : 7.4905249346771e+00 +(2e-02,4e-02) | 1.22e+03 |  9:2.2e-04  1:1.9e-02
  488 ,  12201 : 7.4940126286661e+00 +(1e-02,3e-02) | 1.23e+03 |  9:2.3e-04  1:1.9e-02
  489 ,  12226 : 7.4966880425417e+00 +(1e-02,2e-02) | 1.27e+03 |  9:2.3e-04  1:2.0e-02
Iterat, #Fevals:   Function Value    (median,worst) |Axis Ratio|idx:Min SD idx:Max SD
  490 ,  12251 : 7.4907093767844e+00 +(2e-02,3e-02) | 1.26e+03 |  9:2.0e-04  1:1.8e-02
  491 ,  12276 : 7.4929038800530e+00 +(2e-02,3e-02) | 1.17e+03 |  9:1.8e-04  1:1.6e-02
  492 ,  12301 : 7.4829721061601e+00 +(2e-02,3e-02) | 1.17e+03 |  9:1.6e-04  1:1.5e-02
  493 ,  12326 : 7.4896719172995e+00 +(2e-02,4e-02) | 1.19e+03 |  9:1.6e-04  1:1.5e-02
  494 ,  12351 : 7.4847486441623e+00 +(2e-02,5e-02) | 1.22e+03 |  9:1.5e-04  1:1.4e-02
  495 ,  12376 : 7.4962896975060e+00 +(1e-02,2e-02) | 1.21e+03 |  9:1.5e-04  1:1.4e-02
  496 ,  12401 : 7.4873875463810e+00 +(2e-02,3e-02) | 1.21e+03 |  9:1.3e-04  1:1.2e-02
  497 ,  12426 : 7.4917078548389e+00 +(1e-02,3e-02) | 1.22e+03 |  9:1.4e-04  1:1.3e-02
  498 ,  12451 : 7.4917443865353e+00 +(1e-02,4e-02) | 1.22e+03 |  9:1.4e-04  1:1.3e-02
  499 ,  12476 : 7.4900849536898e+00 +(2e-02,3e-02) | 1.20e+03 |  9:1.2e-04  1:1.0e-02
Iterat, #Fevals:   Function Value    (median,worst) |Axis Ratio|idx:Min SD idx:Max SD
  500 ,  12501 : 7.4857298719669e+00 +(2e-02,4e-02) | 1.19e+03 |  9:1.1e-04  1:9.2e-03
  501 ,  12526 : 7.4867406711431e+00 +(2e-02,3e-02) | 1.25e+03 |  9:1.1e-04  1:9.8e-03
  502 ,  12551 : 7.4959648618999e+00 +(1e-02,2e-02) | 1.17e+03 |  9:1.0e-04  1:9.6e-03
  503 ,  12576 : 7.4946034953130e+00 +(1e-02,3e-02) | 1.17e+03 |  9:1.0e-04  1:9.5e-03
  504 ,  12601 : 7.4983127381197e+00 +(1e-02,2e-02) | 1.16e+03 |  9:1.0e-04  1:8.9e-03
  505 ,  12626 : 7.4938140591981e+00 +(1e-02,3e-02) | 1.14e+03 |  9:1.0e-04  1:9.0e-03
  506 ,  12651 : 7.4850298050547e+00 +(3e-02,4e-02) | 1.15e+03 |  9:1.0e-04  1:8.8e-03
  507 ,  12676 : 7.4909398348311e+00 +(2e-02,3e-02) | 1.19e+03 |  9:1.1e-04  1:9.7e-03
  508 ,  12701 : 7.4949090963371e+00 +(2e-02,3e-02) | 1.21e+03 |  9:1.2e-04  1:1.1e-02
  509 ,  12726 : 7.4921964427275e+00 +(1e-02,3e-02) | 1.20e+03 |  9:1.4e-04  1:1.2e-02
Iterat, #Fevals:   Function Value    (median,worst) |Axis Ratio|idx:Min SD idx:Max SD
  510 ,  12751 : 7.4948377500459e+00 +(2e-02,3e-02) | 1.21e+03 |  9:1.3e-04  1:1.2e-02
  511 ,  12776 : 7.4947494092406e+00 +(2e-02,4e-02) | 1.27e+03 |  9:1.3e-04  1:1.2e-02
  512 ,  12801 : 7.4960880373574e+00 +(1e-02,3e-02) | 1.26e+03 |  9:1.5e-04  1:1.4e-02
  513 ,  12826 : 7.4945405513061e+00 +(2e-02,3e-02) | 1.24e+03 |  9:1.7e-04  1:1.5e-02
  514 ,  12851 : 7.4952848504169e+00 +(1e-02,3e-02) | 1.23e+03 |  9:1.7e-04  1:1.5e-02
  515 ,  12876 : 7.4903624074990e+00 +(1e-02,3e-02) | 1.28e+03 |  9:1.8e-04  1:1.6e-02
  516 ,  12901 : 7.4978193439884e+00 +(1e-02,3e-02) | 1.24e+03 |  9:1.7e-04  1:1.6e-02
  517 ,  12926 : 7.4891710102214e+00 +(2e-02,3e-02) | 1.23e+03 |  9:1.6e-04  1:1.4e-02
  518 ,  12951 : 7.4849820823353e+00 +(3e-02,4e-02) | 1.22e+03 |  9:1.7e-04  1:1.5e-02
  519 ,  12976 : 7.4939647575441e+00 +(1e-02,3e-02) | 1.21e+03 |  9:1.7e-04  1:1.6e-02
Iterat, #Fevals:   Function Value    (median,worst) |Axis Ratio|idx:Min SD idx:Max SD
  520 ,  13001 : 7.4815494742295e+00 +(3e-02,5e-02) | 1.22e+03 |  9:1.6e-04  1:1.5e-02
  521 ,  13026 : 7.4885008569937e+00 +(2e-02,4e-02) | 1.21e+03 |  9:1.4e-04  1:1.3e-02
  522 ,  13051 : 7.4863002084120e+00 +(2e-02,4e-02) | 1.21e+03 |  9:1.5e-04  1:1.4e-02
  523 ,  13076 : 7.4953656089344e+00 +(1e-02,3e-02) | 1.19e+03 |  9:1.5e-04  1:1.4e-02
  524 ,  13101 : 7.4874213278935e+00 +(2e-02,4e-02) | 1.21e+03 |  9:1.5e-04  1:1.3e-02
  525 ,  13126 : 7.4901242991414e+00 +(2e-02,3e-02) | 1.24e+03 |  9:1.3e-04  1:1.2e-02
  526 ,  13151 : 7.4896427995404e+00 +(2e-02,3e-02) | 1.21e+03 |  9:1.2e-04  1:1.1e-02
  527 ,  13176 : 7.4935007823436e+00 +(1e-02,3e-02) | 1.20e+03 |  9:1.1e-04  1:1.0e-02
  528 ,  13201 : 7.4966264391044e+00 +(9e-03,3e-02) | 1.22e+03 |  9:1.1e-04  1:9.3e-03
  529 ,  13226 : 7.4958697174929e+00 +(1e-02,3e-02) | 1.24e+03 |  9:1.0e-04  1:9.1e-03
Iterat, #Fevals:   Function Value    (median,worst) |Axis Ratio|idx:Min SD idx:Max SD
  530 ,  13251 : 7.4960908795020e+00 +(1e-02,2e-02) | 1.22e+03 |  9:1.0e-04  1:9.3e-03
  531 ,  13276 : 7.4854884393140e+00 +(2e-02,4e-02) | 1.23e+03 |  9:9.1e-05  1:8.5e-03
  532 ,  13301 : 7.4901118393486e+00 +(1e-02,4e-02) | 1.26e+03 |  9:8.3e-05  1:7.8e-03
  533 ,  13326 : 7.4927405416519e+00 +(2e-02,3e-02) | 1.23e+03 |  9:7.1e-05  1:6.4e-03
  534 ,  13351 : 7.4967713138634e+00 +(1e-02,3e-02) | 1.30e+03 |  9:7.6e-05  1:6.9e-03
  535 ,  13376 : 7.4986487690305e+00 +(1e-02,2e-02) | 1.34e+03 |  9:8.4e-05  1:7.8e-03
  536 ,  13401 : 7.4915860078183e+00 +(2e-02,3e-02) | 1.36e+03 |  9:9.5e-05  1:8.8e-03
  537 ,  13426 : 7.4865478042391e+00 +(2e-02,3e-02) | 1.40e+03 |  9:1.0e-04  1:9.5e-03
  538 ,  13451 : 7.4967668740428e+00 +(7e-03,2e-02) | 1.34e+03 |  9:9.1e-05  1:8.5e-03
  539 ,  13476 : 7.4821812569567e+00 +(3e-02,4e-02) | 1.33e+03 |  9:9.3e-05  1:8.7e-03
Iterat, #Fevals:   Function Value    (median,worst) |Axis Ratio|idx:Min SD idx:Max SD
  540 ,  13501 : 7.4833831078345e+00 +(2e-02,4e-02) | 1.31e+03 |  9:9.4e-05  1:8.8e-03
  541 ,  13526 : 7.4915660276370e+00 +(2e-02,3e-02) | 1.32e+03 |  9:8.6e-05  1:8.0e-03
  542 ,  13551 : 7.4925155411250e+00 +(2e-02,3e-02) | 1.33e+03 |  9:7.7e-05  1:7.2e-03
  543 ,  13576 : 7.4903584804469e+00 +(2e-02,3e-02) | 1.57e+03 |  9:8.3e-05  1:9.1e-03
  544 ,  13601 : 7.4866639239928e+00 +(2e-02,4e-02) | 1.59e+03 |  9:8.9e-05  1:1.0e-02
  545 ,  13626 : 7.4930311635777e+00 +(1e-02,4e-02) | 1.70e+03 |  9:9.6e-05  1:1.2e-02
  546 ,  13651 : 7.4925224501318e+00 +(2e-02,3e-02) | 1.81e+03 |  9:1.2e-04  1:1.4e-02
  547 ,  13676 : 7.4934407743761e+00 +(1e-02,3e-02) | 1.81e+03 |  9:1.3e-04  1:1.5e-02
  548 ,  13701 : 7.4880383146974e+00 +(2e-02,4e-02) | 1.80e+03 |  9:1.3e-04  1:1.5e-02
  549 ,  13726 : 7.4929502855850e+00 +(2e-02,4e-02) | 1.84e+03 |  9:1.2e-04  1:1.4e-02
Iterat, #Fevals:   Function Value    (median,worst) |Axis Ratio|idx:Min SD idx:Max SD
  550 ,  13751 : 7.4903974826148e+00 +(2e-02,3e-02) | 1.94e+03 |  9:1.2e-04  1:1.4e-02
  551 ,  13776 : 7.4968798937844e+00 +(2e-02,3e-02) | 1.85e+03 |  9:1.3e-04  1:1.6e-02
  552 ,  13801 : 7.4875746231259e+00 +(2e-02,4e-02) | 1.83e+03 |  9:1.2e-04  1:1.5e-02
  553 ,  13826 : 7.4994094066199e+00 +(1e-02,3e-02) | 1.90e+03 |  9:1.2e-04  1:1.6e-02
  554 ,  13851 : 7.4955704263571e+00 +(1e-02,3e-02) | 1.84e+03 |  9:1.2e-04  1:1.5e-02
  555 ,  13876 : 7.4960512757842e+00 +(1e-02,3e-02) | 1.75e+03 |  9:1.1e-04  1:1.4e-02
  556 ,  13901 : 7.4961192506917e+00 +(1e-02,3e-02) | 1.74e+03 |  9:1.2e-04  1:1.6e-02
  557 ,  13926 : 7.4915246550677e+00 +(2e-02,3e-02) | 1.90e+03 |  9:1.3e-04  1:1.8e-02
  558 ,  13951 : 7.4937181129193e+00 +(1e-02,3e-02) | 1.98e+03 |  9:1.3e-04  1:1.9e-02
  559 ,  13976 : 7.4936533456973e+00 +(2e-02,3e-02) | 2.02e+03 |  9:1.3e-04  1:1.9e-02
Iterat, #Fevals:   Function Value    (median,worst) |Axis Ratio|idx:Min SD idx:Max SD
  560 ,  14001 : 7.4999387341512e+00 +(1e-02,2e-02) | 2.17e+03 |  9:1.4e-04  1:2.0e-02
  561 ,  14026 : 7.4972615917134e+00 +(1e-02,3e-02) | 2.29e+03 |  9:1.5e-04  1:2.3e-02
  562 ,  14051 : 7.4961530731343e+00 +(1e-02,3e-02) | 2.20e+03 |  9:1.4e-04  1:2.1e-02
  563 ,  14076 : 7.4899634128412e+00 +(2e-02,4e-02) | 2.15e+03 |  9:1.5e-04  1:2.3e-02
  564 ,  14101 : 7.4966256096840e+00 +(1e-02,3e-02) | 2.14e+03 |  9:1.5e-04  1:2.3e-02
  565 ,  14126 : 7.4964568456022e+00 +(1e-02,3e-02) | 2.12e+03 |  9:1.7e-04  1:2.5e-02
  566 ,  14151 : 7.4883376719751e+00 +(2e-02,3e-02) | 2.07e+03 |  9:1.5e-04  1:2.2e-02
  567 ,  14176 : 7.4904487300503e+00 +(2e-02,3e-02) | 2.20e+03 |  9:1.4e-04  1:2.2e-02
  568 ,  14201 : 7.4958177616024e+00 +(1e-02,3e-02) | 2.41e+03 |  9:1.5e-04  1:2.4e-02
  569 ,  14226 : 7.4893039875874e+00 +(2e-02,4e-02) | 2.45e+03 |  9:1.3e-04  1:2.2e-02
Iterat, #Fevals:   Function Value    (median,worst) |Axis Ratio|idx:Min SD idx:Max SD
  570 ,  14251 : 7.4891056791074e+00 +(2e-02,5e-02) | 2.43e+03 |  9:1.3e-04  1:2.3e-02
  571 ,  14276 : 7.4957084194388e+00 +(1e-02,3e-02) | 2.54e+03 |  9:1.5e-04  1:2.8e-02
  572 ,  14301 : 7.4915708814817e+00 +(2e-02,3e-02) | 2.46e+03 |  9:1.6e-04  1:3.0e-02
  573 ,  14326 : 7.4927674778727e+00 +(2e-02,4e-02) | 2.64e+03 |  9:1.9e-04  1:3.8e-02
  574 ,  14351 : 7.4915487640738e+00 +(2e-02,4e-02) | 2.62e+03 |  9:1.9e-04  1:3.9e-02
  575 ,  14376 : 7.4958389955279e+00 +(1e-02,3e-02) | 2.48e+03 |  9:1.8e-04  1:3.5e-02
  576 ,  14401 : 7.4949447661608e+00 +(1e-02,3e-02) | 2.48e+03 |  9:1.7e-04  1:3.3e-02
  577 ,  14426 : 7.4929612932174e+00 +(2e-02,3e-02) | 2.36e+03 |  9:1.6e-04  1:3.2e-02
  578 ,  14451 : 7.4932275479009e+00 +(2e-02,4e-02) | 2.32e+03 |  9:1.5e-04  1:2.9e-02
  579 ,  14476 : 7.4930166363769e+00 +(1e-02,3e-02) | 2.35e+03 |  9:1.5e-04  1:2.8e-02
Iterat, #Fevals:   Function Value    (median,worst) |Axis Ratio|idx:Min SD idx:Max SD
  580 ,  14501 : 7.4941547805307e+00 +(1e-02,4e-02) | 2.28e+03 |  9:1.3e-04  1:2.6e-02
  581 ,  14526 : 7.4914292356584e+00 +(2e-02,3e-02) | 2.27e+03 |  9:1.3e-04  1:2.5e-02
  582 ,  14551 : 7.4935738396927e+00 +(2e-02,3e-02) | 2.40e+03 |  9:1.2e-04  1:2.5e-02
  583 ,  14576 : 7.4815172233495e+00 +(3e-02,5e-02) | 2.46e+03 |  9:1.2e-04  1:2.5e-02
  584 ,  14601 : 7.4814253729213e+00 +(3e-02,4e-02) | 2.64e+03 |  9:1.3e-04  1:2.7e-02
  585 ,  14626 : 7.4917398973043e+00 +(2e-02,4e-02) | 2.84e+03 |  9:1.1e-04  1:2.5e-02
  586 ,  14651 : 7.4965810440574e+00 +(1e-02,3e-02) | 2.68e+03 |  9:9.9e-05  1:2.2e-02
  587 ,  14676 : 7.4965717487421e+00 +(1e-02,3e-02) | 2.67e+03 |  9:9.8e-05  1:2.2e-02
  588 ,  14701 : 7.4892147656651e+00 +(2e-02,3e-02) | 2.64e+03 |  9:1.0e-04  1:2.2e-02
  589 ,  14726 : 7.4924298090538e+00 +(2e-02,3e-02) | 2.59e+03 |  9:1.0e-04  1:2.2e-02
Iterat, #Fevals:   Function Value    (median,worst) |Axis Ratio|idx:Min SD idx:Max SD
  590 ,  14751 : 7.4943531534442e+00 +(2e-02,4e-02) | 2.62e+03 |  9:1.3e-04  1:2.6e-02
  591 ,  14776 : 7.4956051360458e+00 +(1e-02,3e-02) | 2.62e+03 |  9:1.2e-04  1:2.4e-02
  592 ,  14801 : 7.4963985475742e+00 +(1e-02,3e-02) | 2.49e+03 |  9:1.1e-04  1:2.4e-02
  593 ,  14826 : 7.4965225286675e+00 +(1e-02,3e-02) | 2.66e+03 |  9:1.0e-04  1:2.2e-02
  594 ,  14851 : 7.4903548289126e+00 +(2e-02,3e-02) | 2.72e+03 |  9:9.2e-05  1:2.1e-02
  595 ,  14876 : 7.4884638156812e+00 +(2e-02,4e-02) | 2.52e+03 |  9:8.5e-05  1:2.0e-02
  596 ,  14901 : 7.4864016133037e+00 +(2e-02,3e-02) | 2.43e+03 |  9:8.5e-05  1:2.0e-02
  597 ,  14926 : 7.4921841246941e+00 +(2e-02,4e-02) | 2.56e+03 |  9:9.5e-05  1:2.4e-02
  598 ,  14951 : 7.4988821397120e+00 +(1e-02,2e-02) | 2.50e+03 |  9:8.9e-05  1:2.2e-02
  599 ,  14976 : 7.4909799981694e+00 +(2e-02,4e-02) | 2.48e+03 |  9:9.1e-05  1:2.3e-02
Iterat, #Fevals:   Function Value    (median,worst) |Axis Ratio|idx:Min SD idx:Max SD
  600 ,  15001 : 7.4958584762371e+00 +(1e-02,3e-02) | 2.54e+03 |  9:1.1e-04  1:2.5e-02
  601 ,  15026 : 7.4938659989644e+00 +(1e-02,3e-02) | 2.44e+03 |  9:1.1e-04  1:2.4e-02
  602 ,  15051 : 7.4986165340741e+00 +(1e-02,2e-02) | 2.25e+03 |  9:1.1e-04  1:2.4e-02
  603 ,  15076 : 7.4975450974349e+00 +(8e-03,2e-02) | 2.17e+03 |  9:1.2e-04  1:2.5e-02
  604 ,  15101 : 7.5000162034320e+00 +(1e-02,3e-02) | 2.14e+03 |  9:1.2e-04  1:2.7e-02
  605 ,  15126 : 7.4906696746736e+00 +(2e-02,3e-02) | 2.16e+03 |  9:1.2e-04  1:2.7e-02
  606 ,  15151 : 7.4943800020354e+00 +(1e-02,3e-02) | 2.15e+03 |  9:1.5e-04  1:3.1e-02
  607 ,  15176 : 7.4946036671367e+00 +(1e-02,3e-02) | 2.22e+03 |  9:1.6e-04  1:3.4e-02
  608 ,  15201 : 7.4946771477876e+00 +(1e-02,3e-02) | 2.27e+03 |  9:1.4e-04  1:3.1e-02
  609 ,  15226 : 7.4949466423725e+00 +(1e-02,2e-02) | 2.35e+03 |  9:1.5e-04  1:3.2e-02
Iterat, #Fevals:   Function Value    (median,worst) |Axis Ratio|idx:Min SD idx:Max SD
  610 ,  15251 : 7.4973756032180e+00 +(1e-02,3e-02) | 2.28e+03 |  9:1.5e-04  1:3.4e-02
  611 ,  15276 : 7.4878530943788e+00 +(2e-02,4e-02) | 2.28e+03 |  9:1.6e-04  1:3.2e-02
  612 ,  15301 : 7.4947190361814e+00 +(1e-02,3e-02) | 2.21e+03 |  9:1.3e-04  1:2.7e-02
  613 ,  15326 : 7.4916213703142e+00 +(2e-02,3e-02) | 2.43e+03 |  9:1.3e-04  1:2.8e-02
  614 ,  15351 : 7.4986846747792e+00 +(1e-02,2e-02) | 2.43e+03 |  9:1.3e-04  1:2.8e-02
  615 ,  15376 : 7.4902527108169e+00 +(1e-02,4e-02) | 2.45e+03 |  9:1.3e-04  1:2.8e-02
  616 ,  15401 : 7.4942707136031e+00 +(2e-02,3e-02) | 2.21e+03 |  9:1.2e-04  1:2.6e-02
  617 ,  15426 : 7.4927490058342e+00 +(1e-02,4e-02) | 2.23e+03 |  9:1.0e-04  1:2.1e-02
  618 ,  15451 : 7.4952550818007e+00 +(2e-02,3e-02) | 2.29e+03 |  9:9.3e-05  1:2.0e-02
  619 ,  15476 : 7.4955988131584e+00 +(1e-02,3e-02) | 2.41e+03 |  9:8.3e-05  1:1.8e-02
Iterat, #Fevals:   Function Value    (median,worst) |Axis Ratio|idx:Min SD idx:Max SD
  620 ,  15501 : 7.4942178423417e+00 +(1e-02,4e-02) | 2.33e+03 |  9:7.8e-05  1:1.7e-02
  621 ,  15526 : 7.4922808664653e+00 +(1e-02,3e-02) | 2.28e+03 |  9:8.3e-05  1:1.7e-02
  622 ,  15551 : 7.4954901890171e+00 +(1e-02,3e-02) | 2.46e+03 |  9:8.2e-05  1:1.8e-02
  623 ,  15576 : 7.4938710790333e+00 +(2e-02,3e-02) | 2.42e+03 |  9:7.7e-05  1:1.7e-02
  624 ,  15601 : 7.4943067966091e+00 +(1e-02,2e-02) | 2.49e+03 |  9:7.2e-05  1:1.6e-02
  625 ,  15626 : 7.4917302095063e+00 +(2e-02,3e-02) | 2.45e+03 |  9:7.2e-05  1:1.6e-02
  626 ,  15651 : 7.4968428391540e+00 +(1e-02,2e-02) | 2.51e+03 |  9:6.6e-05  1:1.5e-02
  627 ,  15676 : 7.4884585546852e+00 +(2e-02,3e-02) | 2.57e+03 |  9:7.1e-05  1:1.6e-02
  628 ,  15701 : 7.4937652263001e+00 +(1e-02,4e-02) | 2.43e+03 |  9:7.5e-05  1:1.6e-02
  629 ,  15726 : 7.4897368142696e+00 +(2e-02,3e-02) | 2.68e+03 |  9:8.6e-05  1:1.9e-02
Iterat, #Fevals:   Function Value    (median,worst) |Axis Ratio|idx:Min SD idx:Max SD
  630 ,  15751 : 7.4959909748370e+00 +(1e-02,3e-02) | 2.58e+03 |  9:8.3e-05  1:1.8e-02
  631 ,  15776 : 7.4973532505380e+00 +(1e-02,3e-02) | 2.54e+03 |  9:7.6e-05  1:1.7e-02
  632 ,  15801 : 7.4991680255913e+00 +(1e-02,2e-02) | 2.70e+03 |  9:8.7e-05  1:2.1e-02
  633 ,  15826 : 7.4963353446658e+00 +(1e-02,3e-02) | 2.68e+03 |  9:9.7e-05  1:2.3e-02
  634 ,  15851 : 7.4944277878060e+00 +(1e-02,3e-02) | 2.65e+03 |  9:9.8e-05  1:2.2e-02
  635 ,  15876 : 7.4832989939865e+00 +(2e-02,3e-02) | 2.82e+03 |  9:9.6e-05  1:2.2e-02
  636 ,  15901 : 7.4864669934196e+00 +(2e-02,3e-02) | 2.81e+03 |  9:9.4e-05  1:2.2e-02
  637 ,  15926 : 7.4949758736165e+00 +(1e-02,2e-02) | 2.88e+03 |  9:9.0e-05  1:2.1e-02
  638 ,  15951 : 7.4925189460189e+00 +(2e-02,4e-02) | 2.86e+03 |  9:8.6e-05  1:2.1e-02
  639 ,  15976 : 7.4873013390600e+00 +(2e-02,3e-02) | 3.06e+03 |  9:8.6e-05  1:2.1e-02
Iterat, #Fevals:   Function Value    (median,worst) |Axis Ratio|idx:Min SD idx:Max SD
  640 ,  16001 : 7.4930677507448e+00 +(1e-02,3e-02) | 3.07e+03 |  9:7.8e-05  1:1.9e-02
  641 ,  16026 : 7.4874022899954e+00 +(2e-02,3e-02) | 3.14e+03 |  9:7.1e-05  1:1.8e-02
  642 ,  16051 : 7.4967127521349e+00 +(1e-02,3e-02) | 3.15e+03 |  9:6.7e-05  1:1.7e-02
  643 ,  16076 : 7.4945717323337e+00 +(2e-02,3e-02) | 3.35e+03 |  9:7.6e-05  1:1.9e-02
  644 ,  16101 : 7.4945909165948e+00 +(1e-02,3e-02) | 3.37e+03 |  9:7.5e-05  1:2.0e-02
  645 ,  16126 : 7.4933467070168e+00 +(1e-02,3e-02) | 3.52e+03 |  9:7.2e-05  1:2.0e-02
  646 ,  16151 : 7.4977566108496e+00 +(1e-02,3e-02) | 3.58e+03 |  9:6.8e-05  1:1.9e-02
  647 ,  16176 : 7.4943082184656e+00 +(1e-02,3e-02) | 3.57e+03 |  9:6.3e-05  1:1.8e-02
#Fevals:   f(returned x)   |    bestever.f     | stopflag (saved to variablescmaes13_9_55.mat)
  16177: 7.49430821847e+00 | 7.47918976501e+00 | stagnation
mean solution: +7.8e+00 +1.7e-01 +1.3e+00 +3.7e-01 +1.1e+00 +4.0e-01 +9.1e-01 +2.7e-01 +1.1e+00
std deviation:  1.8e-02  7.4e-04  1.7e-03  1.2e-03  3.9e-04  9.0e-04  1.2e-03  8.7e-04  6.3e-05
use plotcmaesdat.m for plotting the output at any time (option LogModulo must not be zero)
