
                            < M A T L A B (R) >
                  Copyright 1984-2015 The MathWorks, Inc.
                   R2015a (8.5.0.197613) 64-bit (glnxa64)
                             February 12, 2015

 
For online documentation, see http://www.mathworks.com/support
For product information, visit www.mathworks.com.
 

	Academic License


seed =

                185.915212


Initialtheta =

          13055.4418784534
          5150475.00530357
          39430368.3943481
           6543.1089623719
          2858.84450096691
          220.413608613009
          0.03318384807455
          8.89963002295844
          851.210316796275

  n=9: (12,25)-CMA-ES(w=[24 17 14... 1.5 0.74]%, ]%, mu_eff=7.3) on function Error
[Warning: Failure at t=2.598362e+02.  Unable to meet integration tolerances
without reducing the step size below the smallest value allowed (9.094947e-13)
at time t.] 
[> In ode15s (line 730)
  In Error (line 30)
  In cmaes (line 957)
  In ParameterFit (line 32)
  In ParameterFittingScript (line 27)] 
Iterat, #Fevals:   Function Value    (median,worst) |Axis Ratio|idx:Min SD idx:Max SD
    1 ,     26 : 1.5847228994167e+02 +(1e+08,Inf) | 9.63e+00 |  9:2.3e-01  1:2.2e+00
    2 ,     51 : 1.6462584930582e+02 +(1e+05,2e+09) | 9.67e+00 |  9:2.2e-01  1:2.1e+00
    3 ,     76 : 1.6428456659350e+02 +(7e-01,7e+08) | 9.70e+00 |  9:2.1e-01  1:2.1e+00
    4 ,    101 : 1.6492133369091e+02 +(7e+07,2e+15) | 1.03e+01 |  9:2.2e-01  1:2.2e+00
    5 ,    126 : 1.6502306509077e+02 +(4e+07,5e+16) | 1.04e+01 |  9:2.7e-01  1:2.7e+00
    6 ,    151 : 1.6357357787144e+02 +(2e+07,1e+18) | 1.02e+01 |  9:2.7e-01  1:2.7e+00
    7 ,    176 : 1.6488760498008e+02 +(1e+07,8e+14) | 1.02e+01 |  9:2.4e-01  1:2.3e+00
    8 ,    201 : 3.3849387669525e+01 +(3e+06,3e+16) | 1.01e+01 |  9:2.2e-01  1:2.1e+00
    9 ,    226 : 1.6482292753583e+02 +(9e+03,5e+07) | 1.00e+01 |  9:2.0e-01  1:1.9e+00
Iterat, #Fevals:   Function Value    (median,worst) |Axis Ratio|idx:Min SD idx:Max SD
   10 ,    251 : 1.6259923143179e+02 +(2e+00,3e+08) | 9.90e+00 |  9:1.9e-01  1:1.8e+00
   11 ,    276 : 1.5185489686298e+02 +(8e+04,2e+16) | 9.97e+00 |  9:1.7e-01  1:1.6e+00
   12 ,    301 : 1.6500339253255e+02 +(2e+05,1e+08) | 1.03e+01 |  9:1.6e-01  1:1.6e+00
   13 ,    326 : 1.6497644812649e+02 +(1e+05,6e+07) | 1.02e+01 |  9:1.4e-01  1:1.4e+00
   14 ,    351 : 1.4483005098528e+02 +(5e+04,3e+06) | 1.05e+01 |  9:1.4e-01  1:1.4e+00
   15 ,    376 : 1.7960495357279e+01 +(3e+02,8e+06) | 1.04e+01 |  9:1.4e-01  1:1.4e+00
   16 ,    401 : 1.3634092900101e+02 +(6e+03,3e+06) | 9.91e+00 |  9:1.3e-01  1:1.3e+00
   17 ,    426 : 2.6405974757575e+01 +(2e+03,8e+06) | 9.53e+00 |  9:1.3e-01  1:1.2e+00
   18 ,    451 : 2.7022054471838e+01 +(7e+02,1e+06) | 9.74e+00 |  9:1.4e-01  1:1.2e+00
   19 ,    476 : 1.1927482234369e+01 +(2e+02,2e+05) | 9.69e+00 |  9:1.4e-01  1:1.2e+00
Iterat, #Fevals:   Function Value    (median,worst) |Axis Ratio|idx:Min SD idx:Max SD
   20 ,    501 : 1.3060161813930e+01 +(2e+02,8e+05) | 9.58e+00 |  9:1.3e-01  1:1.1e+00
   21 ,    526 : 1.2923780703054e+01 +(3e+04,2e+06) | 9.34e+00 |  9:1.3e-01  1:1.1e+00
   22 ,    551 : 1.7363470907595e+01 +(1e+02,1e+05) | 9.69e+00 |  9:1.2e-01  1:1.1e+00
   23 ,    576 : 1.2406874779520e+01 +(2e+02,5e+04) | 1.02e+01 |  9:1.2e-01  1:1.1e+00
   24 ,    601 : 2.8715395254523e+01 +(1e+02,3e+04) | 1.00e+01 |  9:1.1e-01  1:9.5e-01
   25 ,    626 : 1.5749804348665e+02 +(1e+03,4e+04) | 1.04e+01 |  9:1.0e-01  1:9.4e-01
   26 ,    651 : 4.1793814887623e+01 +(1e+02,4e+04) | 1.03e+01 |  9:9.3e-02  1:8.5e-01
   27 ,    676 : 1.1647815263738e+01 +(2e+02,8e+03) | 1.01e+01 |  9:8.8e-02  1:7.8e-01
   28 ,    701 : 1.2772192790932e+01 +(2e+02,2e+05) | 1.00e+01 |  9:9.5e-02  1:8.3e-01
   29 ,    726 : 7.7020753284954e+01 +(9e+01,1e+05) | 1.02e+01 |  9:8.7e-02  1:7.8e-01
Iterat, #Fevals:   Function Value    (median,worst) |Axis Ratio|idx:Min SD idx:Max SD
   30 ,    751 : 1.1584016943583e+01 +(2e+02,7e+03) | 1.00e+01 |  9:8.6e-02  1:7.4e-01
   31 ,    776 : 1.0275672073812e+01 +(2e+02,3e+04) | 1.04e+01 |  9:8.3e-02  1:7.4e-01
   32 ,    801 : 1.4251146223658e+01 +(2e+02,4e+04) | 1.09e+01 |  9:7.1e-02  1:6.5e-01
   33 ,    826 : 3.2561228513144e+01 +(4e+02,2e+04) | 1.09e+01 |  8:6.6e-02  1:6.0e-01
   34 ,    851 : 2.1297000082525e+01 +(1e+02,2e+03) | 1.14e+01 |  8:6.5e-02  1:6.1e-01
   35 ,    876 : 1.0441367919500e+01 +(1e+02,4e+03) | 1.27e+01 |  8:6.0e-02  1:6.3e-01
   36 ,    901 : 9.6564001668557e+00 +(8e+01,5e+03) | 1.29e+01 |  8:5.4e-02  1:5.8e-01
   37 ,    926 : 1.6875197782492e+01 +(1e+02,2e+03) | 1.35e+01 |  8:4.6e-02  1:5.3e-01
   38 ,    951 : 1.2578685650185e+01 +(1e+02,2e+03) | 1.35e+01 |  8:4.1e-02  1:4.7e-01
   39 ,    976 : 1.0745334453615e+01 +(1e+02,2e+03) | 1.36e+01 |  8:4.1e-02  1:4.6e-01
Iterat, #Fevals:   Function Value    (median,worst) |Axis Ratio|idx:Min SD idx:Max SD
   40 ,   1001 : 1.0061314860698e+01 +(5e+01,6e+02) | 1.40e+01 |  8:3.6e-02  1:4.2e-01
   41 ,   1026 : 1.1850634185314e+01 +(7e+01,1e+03) | 1.43e+01 |  8:3.3e-02  1:3.9e-01
   42 ,   1051 : 9.9016228048248e+00 +(3e+01,2e+03) | 1.46e+01 |  8:3.0e-02  1:3.5e-01
   43 ,   1076 : 1.0081516871383e+01 +(2e+01,4e+02) | 1.52e+01 |  8:2.9e-02  1:3.4e-01
   44 ,   1101 : 9.6003377065316e+00 +(1e+01,6e+02) | 1.55e+01 |  8:2.8e-02  1:3.3e-01
   45 ,   1126 : 9.7482873399676e+00 +(3e+01,7e+02) | 1.59e+01 |  8:2.9e-02  1:3.4e-01
   46 ,   1151 : 9.4318656666792e+00 +(5e+01,5e+02) | 1.65e+01 |  8:2.8e-02  1:3.3e-01
   47 ,   1176 : 9.1845242641349e+00 +(1e+01,3e+02) | 1.77e+01 |  8:2.9e-02  1:3.4e-01
   48 ,   1201 : 9.1039863640260e+00 +(1e+01,3e+02) | 1.85e+01 |  8:2.7e-02  1:3.2e-01
   49 ,   1226 : 9.9851185178964e+00 +(3e+01,2e+02) | 1.86e+01 |  8:2.5e-02  1:2.9e-01
Iterat, #Fevals:   Function Value    (median,worst) |Axis Ratio|idx:Min SD idx:Max SD
   50 ,   1251 : 9.4794056479008e+00 +(1e+01,4e+02) | 1.96e+01 |  8:2.3e-02  1:2.7e-01
   51 ,   1276 : 9.2989861572217e+00 +(6e+00,2e+02) | 2.04e+01 |  8:2.1e-02  1:2.5e-01
   52 ,   1301 : 9.7167030563432e+00 +(9e+00,1e+02) | 2.05e+01 |  8:2.1e-02  1:2.5e-01
   53 ,   1326 : 9.4660281852390e+00 +(1e+01,1e+02) | 2.10e+01 |  8:2.0e-02  1:2.4e-01
   54 ,   1351 : 9.4765076388647e+00 +(4e+00,8e+01) | 2.12e+01 |  8:1.7e-02  1:2.0e-01
   55 ,   1376 : 9.3905538358342e+00 +(5e+00,5e+01) | 2.26e+01 |  8:1.4e-02  1:1.7e-01
   56 ,   1401 : 9.2806302772894e+00 +(3e+00,2e+01) | 2.28e+01 |  8:1.3e-02  1:1.6e-01
   57 ,   1426 : 9.4305094031532e+00 +(3e+00,2e+01) | 2.31e+01 |  8:1.2e-02  1:1.5e-01
   58 ,   1451 : 9.1787624888977e+00 +(3e+00,2e+01) | 2.35e+01 |  8:1.1e-02  1:1.4e-01
   59 ,   1476 : 9.1615519374031e+00 +(2e+00,2e+01) | 2.45e+01 |  8:1.2e-02  1:1.5e-01
Iterat, #Fevals:   Function Value    (median,worst) |Axis Ratio|idx:Min SD idx:Max SD
   60 ,   1501 : 9.1991885903346e+00 +(3e+00,3e+01) | 2.55e+01 |  8:1.2e-02  1:1.6e-01
   61 ,   1526 : 9.1244154497363e+00 +(2e+00,2e+01) | 2.60e+01 |  8:1.1e-02  1:1.4e-01
   62 ,   1551 : 8.9613457411670e+00 +(1e+00,2e+01) | 2.75e+01 |  8:1.2e-02  1:1.6e-01
   63 ,   1576 : 8.8418969381504e+00 +(1e+00,2e+01) | 2.75e+01 |  8:1.2e-02  1:1.7e-01
   64 ,   1601 : 8.7165551010651e+00 +(3e+00,6e+01) | 2.77e+01 |  8:1.5e-02  1:1.8e-01
   65 ,   1626 : 8.6834219158439e+00 +(2e+00,2e+01) | 2.97e+01 |  8:1.6e-02  1:2.1e-01
   66 ,   1651 : 8.3899863320674e+00 +(2e+00,1e+01) | 3.10e+01 |  8:1.9e-02  1:2.4e-01
   67 ,   1676 : 8.3687849187595e+00 +(3e+00,3e+01) | 3.15e+01 |  8:2.3e-02  1:3.0e-01
   68 ,   1701 : 8.6325943445442e+00 +(5e+00,9e+01) | 3.29e+01 |  8:2.2e-02  1:2.9e-01
   69 ,   1726 : 8.5818715739520e+00 +(2e+00,3e+01) | 3.39e+01 |  8:2.1e-02  1:2.7e-01
Iterat, #Fevals:   Function Value    (median,worst) |Axis Ratio|idx:Min SD idx:Max SD
   70 ,   1751 : 8.3031638342449e+00 +(5e+00,3e+01) | 3.40e+01 |  8:2.0e-02  1:2.6e-01
   71 ,   1776 : 8.4341350526209e+00 +(2e+00,2e+01) | 3.43e+01 |  8:2.0e-02  1:2.6e-01
   72 ,   1801 : 8.1102251437675e+00 +(2e+00,5e+01) | 3.61e+01 |  8:2.4e-02  1:2.9e-01
   73 ,   1826 : 8.1957041768961e+00 +(3e+00,6e+01) | 3.56e+01 |  8:2.3e-02  1:2.8e-01
   74 ,   1851 : 8.1132473670568e+00 +(4e+00,4e+01) | 3.68e+01 |  8:2.3e-02  1:2.7e-01
   75 ,   1876 : 8.1569288243808e+00 +(4e+00,3e+01) | 3.83e+01 |  8:2.3e-02  1:2.8e-01
   76 ,   1901 : 8.2370206896725e+00 +(3e+00,7e+01) | 3.91e+01 |  8:2.3e-02  1:2.8e-01
   77 ,   1926 : 8.3769796696839e+00 +(3e+00,1e+02) | 3.97e+01 |  8:2.0e-02  1:2.4e-01
   78 ,   1951 : 8.0632634996973e+00 +(3e+00,5e+01) | 4.06e+01 |  8:2.0e-02  1:2.4e-01
   79 ,   1976 : 8.0940457130932e+00 +(2e+00,6e+01) | 4.12e+01 |  8:2.0e-02  1:2.3e-01
Iterat, #Fevals:   Function Value    (median,worst) |Axis Ratio|idx:Min SD idx:Max SD
   80 ,   2001 : 8.0155439135031e+00 +(3e+00,7e+01) | 4.26e+01 |  8:1.9e-02  1:2.2e-01
   81 ,   2026 : 8.0045602948308e+00 +(2e+00,3e+01) | 4.31e+01 |  8:1.7e-02  1:2.1e-01
   82 ,   2051 : 8.0791683281107e+00 +(1e+00,1e+01) | 4.34e+01 |  8:1.7e-02  1:2.0e-01
   83 ,   2076 : 8.1200945091223e+00 +(1e+00,1e+01) | 4.36e+01 |  8:1.4e-02  1:1.6e-01
   84 ,   2101 : 7.9330817529128e+00 +(1e+00,2e+01) | 4.59e+01 |  8:1.3e-02  1:1.7e-01
   85 ,   2126 : 8.0041672459462e+00 +(1e+00,7e+00) | 4.82e+01 |  8:1.5e-02  1:1.9e-01
   86 ,   2151 : 7.9892118619705e+00 +(9e-01,6e+00) | 4.91e+01 |  8:1.5e-02  1:2.0e-01
   87 ,   2176 : 7.9313237855732e+00 +(5e-01,4e+00) | 4.99e+01 |  8:1.7e-02  1:2.2e-01
   88 ,   2201 : 7.7844350728907e+00 +(1e+00,2e+01) | 4.92e+01 |  8:1.6e-02  1:2.0e-01
   89 ,   2226 : 7.9385977440680e+00 +(7e-01,2e+01) | 5.09e+01 |  8:1.5e-02  1:1.9e-01
Iterat, #Fevals:   Function Value    (median,worst) |Axis Ratio|idx:Min SD idx:Max SD
   90 ,   2251 : 7.8385043937906e+00 +(9e-01,2e+01) | 5.39e+01 |  8:1.4e-02  1:1.8e-01
   91 ,   2276 : 7.8471820785355e+00 +(5e-01,8e+00) | 5.48e+01 |  8:1.4e-02  1:1.9e-01
   92 ,   2301 : 7.8471996178912e+00 +(7e-01,6e+00) | 5.61e+01 |  8:1.5e-02  1:1.9e-01
   93 ,   2326 : 7.8286396448556e+00 +(8e-01,8e+00) | 5.64e+01 |  8:1.5e-02  1:1.8e-01
   94 ,   2351 : 7.6640876811519e+00 +(6e-01,6e+00) | 5.91e+01 |  8:1.4e-02  1:1.8e-01
   95 ,   2376 : 7.8232355186770e+00 +(5e-01,5e+00) | 5.98e+01 |  8:1.2e-02  1:1.5e-01
   96 ,   2401 : 7.7634212263241e+00 +(4e-01,5e+00) | 6.45e+01 |  8:1.2e-02  1:1.5e-01
   97 ,   2426 : 7.7793900407616e+00 +(4e-01,5e+00) | 6.53e+01 |  8:1.1e-02  1:1.5e-01
   98 ,   2451 : 7.7941446346441e+00 +(3e-01,3e+00) | 6.57e+01 |  8:1.0e-02  1:1.4e-01
   99 ,   2476 : 7.7305966657723e+00 +(2e-01,1e+00) | 6.92e+01 |  8:1.2e-02  1:1.6e-01
Iterat, #Fevals:   Function Value    (median,worst) |Axis Ratio|idx:Min SD idx:Max SD
  100 ,   2501 : 7.6841575233111e+00 +(5e-01,3e+00) | 7.06e+01 |  8:1.2e-02  1:1.6e-01
  101 ,   2526 : 7.6269598147631e+00 +(2e-01,3e+00) | 7.14e+01 |  8:1.2e-02  1:1.6e-01
  102 ,   2551 : 7.6563251216422e+00 +(4e-01,2e+00) | 7.05e+01 |  8:1.2e-02  1:1.6e-01
  103 ,   2576 : 7.6027603416969e+00 +(3e-01,3e+00) | 6.98e+01 |  8:1.2e-02  1:1.5e-01
  104 ,   2601 : 7.6369012078359e+00 +(2e-01,5e+00) | 7.07e+01 |  8:1.2e-02  1:1.4e-01
  105 ,   2626 : 7.6215907908808e+00 +(3e-01,2e+00) | 7.11e+01 |  8:1.0e-02  1:1.3e-01
  106 ,   2651 : 7.6298396909949e+00 +(2e-01,4e+00) | 7.22e+01 |  8:8.9e-03  1:1.1e-01
  107 ,   2676 : 7.6133739669256e+00 +(2e-01,2e+00) | 6.99e+01 |  8:8.1e-03  1:9.7e-02
  108 ,   2701 : 7.5982882407386e+00 +(2e-01,9e-01) | 7.41e+01 |  8:7.5e-03  1:9.2e-02
  109 ,   2726 : 7.6128449218485e+00 +(8e-02,8e-01) | 7.65e+01 |  8:7.1e-03  1:8.8e-02
Iterat, #Fevals:   Function Value    (median,worst) |Axis Ratio|idx:Min SD idx:Max SD
  110 ,   2751 : 7.5627657664641e+00 +(1e-01,2e+00) | 7.94e+01 |  8:7.8e-03  1:1.0e-01
  111 ,   2776 : 7.5842184319370e+00 +(2e-01,5e-01) | 7.91e+01 |  8:8.2e-03  1:1.0e-01
  112 ,   2801 : 7.5518586918506e+00 +(1e-01,2e+00) | 7.77e+01 |  8:8.9e-03  1:1.1e-01
  113 ,   2826 : 7.5359881356666e+00 +(2e-01,8e-01) | 8.18e+01 |  8:9.9e-03  1:1.3e-01
  114 ,   2851 : 7.5525343796096e+00 +(1e-01,7e-01) | 8.23e+01 |  8:1.1e-02  1:1.3e-01
  115 ,   2876 : 7.5274279219406e+00 +(2e-01,1e+00) | 8.25e+01 |  8:1.2e-02  1:1.4e-01
  116 ,   2901 : 7.5129198106702e+00 +(2e-01,2e+00) | 8.07e+01 |  8:1.1e-02  1:1.3e-01
  117 ,   2926 : 7.5140715977416e+00 +(2e-01,2e+00) | 8.13e+01 |  8:1.0e-02  1:1.2e-01
  118 ,   2951 : 7.5323575464168e+00 +(2e-01,3e+00) | 8.67e+01 |  8:9.3e-03  1:1.1e-01
  119 ,   2976 : 7.5095005962744e+00 +(1e-01,9e-01) | 9.04e+01 |  8:8.8e-03  1:1.1e-01
Iterat, #Fevals:   Function Value    (median,worst) |Axis Ratio|idx:Min SD idx:Max SD
  120 ,   3001 : 7.5144999916246e+00 +(1e-01,6e-01) | 9.47e+01 |  8:8.3e-03  1:1.1e-01
  121 ,   3026 : 7.5242904730152e+00 +(1e-01,1e+00) | 9.44e+01 |  8:8.3e-03  1:1.1e-01
  122 ,   3051 : 7.5181478120517e+00 +(1e-01,3e-01) | 1.01e+02 |  8:7.6e-03  1:1.0e-01
  123 ,   3076 : 7.5072428155869e+00 +(1e-01,4e-01) | 1.02e+02 |  8:6.9e-03  1:9.6e-02
  124 ,   3101 : 7.5523956498364e+00 +(8e-02,9e-01) | 1.07e+02 |  8:6.3e-03  1:9.2e-02
  125 ,   3126 : 7.5249780837029e+00 +(9e-02,3e-01) | 1.07e+02 |  8:6.1e-03  1:8.3e-02
  126 ,   3151 : 7.5071528454614e+00 +(7e-02,3e-01) | 1.05e+02 |  8:5.6e-03  1:7.6e-02
  127 ,   3176 : 7.5042600006433e+00 +(7e-02,2e-01) | 1.10e+02 |  8:5.9e-03  1:7.8e-02
  128 ,   3201 : 7.5146702741735e+00 +(6e-02,2e-01) | 1.18e+02 |  8:5.8e-03  1:7.8e-02
  129 ,   3226 : 7.5111802472639e+00 +(5e-02,2e-01) | 1.21e+02 |  8:6.5e-03  1:8.4e-02
Iterat, #Fevals:   Function Value    (median,worst) |Axis Ratio|idx:Min SD idx:Max SD
  130 ,   3251 : 7.5196969739801e+00 +(5e-02,2e-01) | 1.32e+02 |  8:6.0e-03  1:8.0e-02
  131 ,   3276 : 7.5265267527442e+00 +(5e-02,2e-01) | 1.35e+02 |  8:5.4e-03  1:7.1e-02
  132 ,   3301 : 7.5100200970842e+00 +(4e-02,2e-01) | 1.35e+02 |  8:4.6e-03  1:6.2e-02
  133 ,   3326 : 7.5091926696778e+00 +(4e-02,1e-01) | 1.33e+02 |  8:3.8e-03  1:5.2e-02
  134 ,   3351 : 7.5108681992139e+00 +(4e-02,7e-02) | 1.36e+02 |  8:3.6e-03  1:4.9e-02
  135 ,   3376 : 7.5093354335543e+00 +(2e-02,7e-02) | 1.37e+02 |  8:3.2e-03  1:4.5e-02
  136 ,   3401 : 7.5112451501322e+00 +(2e-02,7e-02) | 1.41e+02 |  8:2.8e-03  1:3.9e-02
  137 ,   3426 : 7.5141387114212e+00 +(2e-02,5e-02) | 1.43e+02 |  8:2.5e-03  1:3.5e-02
  138 ,   3451 : 7.5124862575154e+00 +(2e-02,4e-02) | 1.41e+02 |  8:2.4e-03  1:3.1e-02
  139 ,   3476 : 7.5030958954580e+00 +(2e-02,5e-02) | 1.48e+02 |  8:2.3e-03  1:3.0e-02
Iterat, #Fevals:   Function Value    (median,worst) |Axis Ratio|idx:Min SD idx:Max SD
  140 ,   3501 : 7.5046925730732e+00 +(2e-02,3e-02) | 1.57e+02 |  8:2.1e-03  1:2.9e-02
  141 ,   3526 : 7.5034976143959e+00 +(2e-02,3e-02) | 1.56e+02 |  8:2.1e-03  1:2.8e-02
  142 ,   3551 : 7.5063770944787e+00 +(1e-02,3e-02) | 1.53e+02 |  8:2.0e-03  1:2.8e-02
  143 ,   3576 : 7.5051148654162e+00 +(2e-02,4e-02) | 1.51e+02 |  8:2.0e-03  1:2.7e-02
  144 ,   3601 : 7.5042631242723e+00 +(2e-02,4e-02) | 1.54e+02 |  8:1.9e-03  1:2.5e-02
  145 ,   3626 : 7.4922468609441e+00 +(3e-02,5e-02) | 1.66e+02 |  9:2.0e-03  1:2.8e-02
  146 ,   3651 : 7.5032131423902e+00 +(2e-02,4e-02) | 1.64e+02 |  9:1.8e-03  1:2.5e-02
  147 ,   3676 : 7.5051166286107e+00 +(1e-02,3e-02) | 1.69e+02 |  9:1.6e-03  1:2.4e-02
  148 ,   3701 : 7.4988493013597e+00 +(2e-02,3e-02) | 1.63e+02 |  9:1.6e-03  1:2.3e-02
  149 ,   3726 : 7.5052061497773e+00 +(1e-02,3e-02) | 1.64e+02 |  9:1.4e-03  1:2.2e-02
Iterat, #Fevals:   Function Value    (median,worst) |Axis Ratio|idx:Min SD idx:Max SD
  150 ,   3751 : 7.5070919170248e+00 +(1e-02,3e-02) | 1.72e+02 |  9:1.4e-03  1:2.3e-02
  151 ,   3776 : 7.5011823330515e+00 +(2e-02,3e-02) | 1.74e+02 |  9:1.2e-03  1:2.0e-02
  152 ,   3801 : 7.4964107438884e+00 +(2e-02,4e-02) | 1.76e+02 |  9:1.2e-03  1:2.0e-02
  153 ,   3826 : 7.5022069325192e+00 +(2e-02,3e-02) | 1.73e+02 |  9:1.1e-03  1:1.8e-02
  154 ,   3851 : 7.5042879745624e+00 +(1e-02,4e-02) | 1.70e+02 |  9:1.0e-03  1:1.8e-02
  155 ,   3876 : 7.5052791261926e+00 +(1e-02,3e-02) | 1.72e+02 |  9:1.1e-03  1:1.9e-02
  156 ,   3901 : 7.5015023325836e+00 +(2e-02,3e-02) | 1.70e+02 |  9:1.0e-03  1:1.7e-02
  157 ,   3926 : 7.4939693015312e+00 +(2e-02,4e-02) | 1.73e+02 |  9:9.3e-04  1:1.6e-02
  158 ,   3951 : 7.4971721448769e+00 +(2e-02,3e-02) | 1.75e+02 |  9:7.3e-04  1:1.3e-02
  159 ,   3976 : 7.5056290190838e+00 +(1e-02,3e-02) | 1.79e+02 |  9:6.6e-04  1:1.2e-02
Iterat, #Fevals:   Function Value    (median,worst) |Axis Ratio|idx:Min SD idx:Max SD
  160 ,   4001 : 7.5014345236425e+00 +(1e-02,3e-02) | 1.88e+02 |  9:6.1e-04  1:1.1e-02
  161 ,   4026 : 7.4933252128225e+00 +(2e-02,4e-02) | 1.93e+02 |  9:5.9e-04  1:1.1e-02
  162 ,   4051 : 7.5072526519603e+00 +(7e-03,3e-02) | 1.91e+02 |  9:5.4e-04  1:9.8e-03
  163 ,   4076 : 7.4939235736979e+00 +(3e-02,4e-02) | 1.94e+02 |  9:5.5e-04  1:1.0e-02
  164 ,   4101 : 7.4977285533677e+00 +(2e-02,3e-02) | 2.09e+02 |  9:5.0e-04  1:9.9e-03
  165 ,   4126 : 7.4909688737605e+00 +(2e-02,3e-02) | 2.03e+02 |  9:4.8e-04  1:9.3e-03
  166 ,   4151 : 7.5075738611939e+00 +(9e-03,2e-02) | 1.86e+02 |  9:4.6e-04  1:8.7e-03
  167 ,   4176 : 7.5012177277239e+00 +(2e-02,3e-02) | 1.90e+02 |  9:4.8e-04  1:9.6e-03
  168 ,   4201 : 7.5045586935977e+00 +(1e-02,3e-02) | 1.92e+02 |  9:4.8e-04  1:1.0e-02
  169 ,   4226 : 7.4954369311187e+00 +(2e-02,3e-02) | 1.98e+02 |  9:5.0e-04  1:1.1e-02
Iterat, #Fevals:   Function Value    (median,worst) |Axis Ratio|idx:Min SD idx:Max SD
  170 ,   4251 : 7.5039268141931e+00 +(1e-02,3e-02) | 1.97e+02 |  9:4.6e-04  1:1.0e-02
  171 ,   4276 : 7.4992223460063e+00 +(2e-02,3e-02) | 2.14e+02 |  9:4.7e-04  1:1.1e-02
  172 ,   4301 : 7.5030522884247e+00 +(1e-02,3e-02) | 2.17e+02 |  9:4.3e-04  1:1.0e-02
  173 ,   4326 : 7.4999143392888e+00 +(1e-02,3e-02) | 2.22e+02 |  9:3.7e-04  1:8.9e-03
  174 ,   4351 : 7.4858899369402e+00 +(3e-02,4e-02) | 2.27e+02 |  9:3.8e-04  1:9.4e-03
  175 ,   4376 : 7.4915446687064e+00 +(2e-02,3e-02) | 2.30e+02 |  9:3.8e-04  1:9.2e-03
  176 ,   4401 : 7.4998272810657e+00 +(1e-02,2e-02) | 2.29e+02 |  9:3.7e-04  1:9.2e-03
  177 ,   4426 : 7.4985147509611e+00 +(1e-02,3e-02) | 2.25e+02 |  9:3.3e-04  1:8.0e-03
  178 ,   4451 : 7.4956860265847e+00 +(1e-02,3e-02) | 2.24e+02 |  9:3.0e-04  1:7.1e-03
  179 ,   4476 : 7.4997500594878e+00 +(1e-02,3e-02) | 2.24e+02 |  9:2.6e-04  1:6.2e-03
Iterat, #Fevals:   Function Value    (median,worst) |Axis Ratio|idx:Min SD idx:Max SD
  180 ,   4501 : 7.5023785419236e+00 +(1e-02,3e-02) | 2.38e+02 |  9:2.6e-04  1:6.5e-03
  181 ,   4526 : 7.5055542661658e+00 +(1e-02,2e-02) | 2.37e+02 |  9:2.7e-04  1:6.6e-03
  182 ,   4551 : 7.4916318592490e+00 +(2e-02,3e-02) | 2.30e+02 |  9:2.6e-04  1:6.2e-03
  183 ,   4576 : 7.4998698152089e+00 +(1e-02,3e-02) | 2.29e+02 |  9:2.4e-04  1:5.5e-03
  184 ,   4601 : 7.5052528258130e+00 +(1e-02,2e-02) | 2.23e+02 |  9:2.1e-04  1:4.9e-03
  185 ,   4626 : 7.5051142745213e+00 +(1e-02,3e-02) | 2.33e+02 |  9:1.9e-04  1:4.7e-03
  186 ,   4651 : 7.4977434129823e+00 +(1e-02,3e-02) | 2.53e+02 |  9:1.9e-04  1:5.0e-03
  187 ,   4676 : 7.4930549446522e+00 +(2e-02,3e-02) | 2.51e+02 |  9:1.7e-04  1:4.5e-03
  188 ,   4701 : 7.5062326340473e+00 +(8e-03,2e-02) | 2.50e+02 |  9:1.7e-04  1:4.4e-03
  189 ,   4726 : 7.4983761640313e+00 +(1e-02,3e-02) | 2.40e+02 |  9:1.6e-04  1:4.2e-03
Iterat, #Fevals:   Function Value    (median,worst) |Axis Ratio|idx:Min SD idx:Max SD
  190 ,   4751 : 7.5026059095407e+00 +(1e-02,2e-02) | 2.57e+02 |  9:1.8e-04  1:5.0e-03
  191 ,   4776 : 7.5007504651529e+00 +(1e-02,2e-02) | 2.67e+02 |  9:1.7e-04  1:5.0e-03
  192 ,   4801 : 7.4940630803425e+00 +(2e-02,3e-02) | 2.77e+02 |  9:1.5e-04  1:4.7e-03
  193 ,   4826 : 7.5022058092846e+00 +(1e-02,2e-02) | 2.75e+02 |  9:1.5e-04  1:4.8e-03
  194 ,   4851 : 7.4972357570664e+00 +(1e-02,4e-02) | 2.67e+02 |  9:1.5e-04  1:4.8e-03
  195 ,   4876 : 7.5021304799553e+00 +(9e-03,2e-02) | 2.66e+02 |  9:1.7e-04  1:5.1e-03
  196 ,   4901 : 7.4994877391823e+00 +(1e-02,2e-02) | 2.69e+02 |  9:1.5e-04  1:4.5e-03
  197 ,   4926 : 7.4956870252571e+00 +(2e-02,3e-02) | 2.69e+02 |  9:1.4e-04  1:4.5e-03
  198 ,   4951 : 7.4994900145167e+00 +(2e-02,3e-02) | 2.54e+02 |  9:1.4e-04  1:4.4e-03
  199 ,   4976 : 7.4975332893035e+00 +(1e-02,3e-02) | 2.48e+02 |  9:1.4e-04  1:4.1e-03
Iterat, #Fevals:   Function Value    (median,worst) |Axis Ratio|idx:Min SD idx:Max SD
  200 ,   5001 : 7.4990656144189e+00 +(1e-02,2e-02) | 2.41e+02 |  9:1.5e-04  1:4.8e-03
  201 ,   5026 : 7.4935153332962e+00 +(2e-02,4e-02) | 2.62e+02 |  9:1.6e-04  1:5.4e-03
  202 ,   5051 : 7.5031321230829e+00 +(1e-02,3e-02) | 2.56e+02 |  9:1.6e-04  1:5.3e-03
  203 ,   5076 : 7.5045590784005e+00 +(8e-03,2e-02) | 2.59e+02 |  9:1.4e-04  1:4.6e-03
  204 ,   5101 : 7.5014367707304e+00 +(1e-02,3e-02) | 2.72e+02 |  9:1.5e-04  1:5.3e-03
  205 ,   5126 : 7.5044281739990e+00 +(9e-03,3e-02) | 2.75e+02 |  9:1.6e-04  1:5.5e-03
  206 ,   5151 : 7.5045829995980e+00 +(1e-02,2e-02) | 3.11e+02 |  9:1.8e-04  1:7.0e-03
  207 ,   5176 : 7.4941896262948e+00 +(2e-02,3e-02) | 3.10e+02 |  9:1.9e-04  1:7.2e-03
  208 ,   5201 : 7.4966419416881e+00 +(2e-02,3e-02) | 3.17e+02 |  9:2.1e-04  1:7.9e-03
  209 ,   5226 : 7.4941178398343e+00 +(2e-02,3e-02) | 3.25e+02 |  9:2.0e-04  1:7.8e-03
Iterat, #Fevals:   Function Value    (median,worst) |Axis Ratio|idx:Min SD idx:Max SD
  210 ,   5251 : 7.5057523731035e+00 +(8e-03,2e-02) | 3.36e+02 |  9:2.1e-04  1:7.9e-03
  211 ,   5276 : 7.4935020274498e+00 +(2e-02,4e-02) | 3.23e+02 |  9:2.0e-04  1:7.6e-03
  212 ,   5301 : 7.4974607695644e+00 +(2e-02,3e-02) | 3.26e+02 |  9:2.3e-04  1:8.4e-03
  213 ,   5326 : 7.4977300207222e+00 +(1e-02,3e-02) | 3.23e+02 |  9:2.4e-04  1:9.3e-03
  214 ,   5351 : 7.4994299642732e+00 +(1e-02,3e-02) | 3.37e+02 |  9:2.4e-04  1:9.2e-03
  215 ,   5376 : 7.4997887842031e+00 +(2e-02,3e-02) | 3.48e+02 |  9:2.4e-04  1:9.5e-03
  216 ,   5401 : 7.5089644999445e+00 +(8e-03,2e-02) | 3.28e+02 |  9:2.4e-04  1:9.2e-03
  217 ,   5426 : 7.5044131196647e+00 +(9e-03,3e-02) | 3.41e+02 |  9:2.1e-04  1:9.1e-03
  218 ,   5451 : 7.5005266164549e+00 +(2e-02,4e-02) | 3.51e+02 |  9:2.0e-04  1:8.7e-03
  219 ,   5476 : 7.4984524906112e+00 +(1e-02,3e-02) | 3.57e+02 |  9:2.0e-04  1:8.9e-03
Iterat, #Fevals:   Function Value    (median,worst) |Axis Ratio|idx:Min SD idx:Max SD
  220 ,   5501 : 7.4967496894525e+00 +(1e-02,3e-02) | 3.74e+02 |  9:1.8e-04  1:8.8e-03
  221 ,   5526 : 7.5001780306125e+00 +(1e-02,3e-02) | 3.90e+02 |  9:1.9e-04  1:9.3e-03
  222 ,   5551 : 7.5008224934775e+00 +(1e-02,3e-02) | 3.99e+02 |  9:1.9e-04  1:9.8e-03
  223 ,   5576 : 7.4948113635046e+00 +(2e-02,3e-02) | 3.98e+02 |  9:1.7e-04  1:8.9e-03
  224 ,   5601 : 7.5028584618341e+00 +(1e-02,2e-02) | 4.24e+02 |  9:1.5e-04  1:7.9e-03
  225 ,   5626 : 7.4969813013773e+00 +(1e-02,3e-02) | 4.20e+02 |  9:1.6e-04  1:7.4e-03
  226 ,   5651 : 7.4942204710873e+00 +(2e-02,3e-02) | 4.53e+02 |  9:1.5e-04  1:7.8e-03
  227 ,   5676 : 7.4955999520177e+00 +(2e-02,4e-02) | 4.71e+02 |  9:1.5e-04  1:7.9e-03
  228 ,   5701 : 7.4984682073484e+00 +(2e-02,3e-02) | 4.72e+02 |  9:1.6e-04  1:8.2e-03
  229 ,   5726 : 7.4981111567118e+00 +(1e-02,3e-02) | 4.84e+02 |  9:1.7e-04  1:8.3e-03
Iterat, #Fevals:   Function Value    (median,worst) |Axis Ratio|idx:Min SD idx:Max SD
  230 ,   5751 : 7.4983761806780e+00 +(1e-02,3e-02) | 4.83e+02 |  9:2.0e-04  1:9.4e-03
  231 ,   5776 : 7.5040645149995e+00 +(1e-02,3e-02) | 4.85e+02 |  9:2.5e-04  1:1.0e-02
  232 ,   5801 : 7.5031692418886e+00 +(1e-02,3e-02) | 4.90e+02 |  9:2.5e-04  1:1.0e-02
  233 ,   5826 : 7.4986748790989e+00 +(2e-02,3e-02) | 4.76e+02 |  9:2.4e-04  1:9.7e-03
  234 ,   5851 : 7.5064681119375e+00 +(9e-03,2e-02) | 4.99e+02 |  9:2.4e-04  1:1.0e-02
  235 ,   5876 : 7.5000481455099e+00 +(1e-02,3e-02) | 4.90e+02 |  9:2.8e-04  1:1.1e-02
  236 ,   5901 : 7.4990855572132e+00 +(2e-02,2e-02) | 4.95e+02 |  9:2.7e-04  1:1.0e-02
  237 ,   5926 : 7.5022169902762e+00 +(1e-02,2e-02) | 4.83e+02 |  9:2.5e-04  1:9.7e-03
  238 ,   5951 : 7.4946657420169e+00 +(2e-02,3e-02) | 4.76e+02 |  9:2.5e-04  1:9.7e-03
  239 ,   5976 : 7.4979226339040e+00 +(1e-02,4e-02) | 4.78e+02 |  9:2.8e-04  1:1.1e-02
Iterat, #Fevals:   Function Value    (median,worst) |Axis Ratio|idx:Min SD idx:Max SD
  240 ,   6001 : 7.4998217700761e+00 +(1e-02,3e-02) | 5.16e+02 |  9:3.3e-04  1:1.4e-02
  241 ,   6026 : 7.4953099023571e+00 +(2e-02,3e-02) | 5.26e+02 |  9:3.2e-04  1:1.4e-02
  242 ,   6051 : 7.4971260535482e+00 +(2e-02,3e-02) | 5.40e+02 |  9:3.1e-04  1:1.4e-02
  243 ,   6076 : 7.5028539963903e+00 +(1e-02,3e-02) | 5.24e+02 |  9:2.9e-04  1:1.3e-02
  244 ,   6101 : 7.4976238120638e+00 +(2e-02,3e-02) | 5.31e+02 |  9:2.8e-04  1:1.2e-02
  245 ,   6126 : 7.5002304250979e+00 +(2e-02,3e-02) | 5.21e+02 |  9:2.6e-04  1:1.2e-02
  246 ,   6151 : 7.4986343402089e+00 +(1e-02,4e-02) | 5.25e+02 |  9:2.8e-04  1:1.2e-02
  247 ,   6176 : 7.5010700481590e+00 +(1e-02,2e-02) | 5.30e+02 |  9:2.5e-04  1:1.1e-02
  248 ,   6201 : 7.5017497031473e+00 +(1e-02,3e-02) | 5.24e+02 |  9:2.2e-04  1:9.3e-03
  249 ,   6226 : 7.5030069407208e+00 +(1e-02,3e-02) | 5.74e+02 |  9:2.0e-04  1:9.4e-03
Iterat, #Fevals:   Function Value    (median,worst) |Axis Ratio|idx:Min SD idx:Max SD
  250 ,   6251 : 7.5006303223496e+00 +(1e-02,2e-02) | 5.53e+02 |  9:2.1e-04  1:1.0e-02
  251 ,   6276 : 7.5003643194165e+00 +(1e-02,2e-02) | 5.47e+02 |  9:2.1e-04  1:1.0e-02
  252 ,   6301 : 7.4996157565728e+00 +(1e-02,3e-02) | 5.53e+02 |  9:2.2e-04  1:1.1e-02
  253 ,   6326 : 7.5060683372834e+00 +(9e-03,2e-02) | 5.51e+02 |  9:2.2e-04  1:1.0e-02
  254 ,   6351 : 7.5012394980257e+00 +(1e-02,2e-02) | 5.45e+02 |  9:1.9e-04  1:9.1e-03
  255 ,   6376 : 7.4986726804822e+00 +(1e-02,3e-02) | 5.67e+02 |  9:1.8e-04  1:8.7e-03
  256 ,   6401 : 7.4907423407976e+00 +(2e-02,4e-02) | 5.76e+02 |  9:1.7e-04  1:8.3e-03
  257 ,   6426 : 7.4953215667279e+00 +(2e-02,3e-02) | 5.96e+02 |  9:1.8e-04  1:8.4e-03
  258 ,   6451 : 7.4910578334751e+00 +(2e-02,4e-02) | 5.96e+02 |  9:2.1e-04  1:1.0e-02
  259 ,   6476 : 7.4991151731866e+00 +(2e-02,2e-02) | 6.04e+02 |  9:2.0e-04  1:9.3e-03
Iterat, #Fevals:   Function Value    (median,worst) |Axis Ratio|idx:Min SD idx:Max SD
  260 ,   6501 : 7.4933685354469e+00 +(2e-02,3e-02) | 5.87e+02 |  9:2.0e-04  1:9.1e-03
  261 ,   6526 : 7.4917856280419e+00 +(2e-02,3e-02) | 6.60e+02 |  9:2.2e-04  1:1.1e-02
  262 ,   6551 : 7.4927159615333e+00 +(2e-02,3e-02) | 6.78e+02 |  9:2.0e-04  1:9.5e-03
  263 ,   6576 : 7.5034821048373e+00 +(9e-03,3e-02) | 6.86e+02 |  9:2.1e-04  1:1.0e-02
  264 ,   6601 : 7.4999384149587e+00 +(1e-02,3e-02) | 6.39e+02 |  9:1.9e-04  1:9.4e-03
  265 ,   6626 : 7.4998012203713e+00 +(1e-02,3e-02) | 6.77e+02 |  9:2.1e-04  1:1.0e-02
  266 ,   6651 : 7.4987277841521e+00 +(2e-02,3e-02) | 6.46e+02 |  9:2.0e-04  1:9.8e-03
  267 ,   6676 : 7.5008679024349e+00 +(1e-02,3e-02) | 5.91e+02 |  9:2.0e-04  1:9.7e-03
  268 ,   6701 : 7.4972954280254e+00 +(2e-02,3e-02) | 6.16e+02 |  9:2.0e-04  1:1.0e-02
  269 ,   6726 : 7.4927047471855e+00 +(2e-02,3e-02) | 5.65e+02 |  9:2.1e-04  1:1.0e-02
