
                            < M A T L A B (R) >
                  Copyright 1984-2015 The MathWorks, Inc.
                   R2015a (8.5.0.197613) 64-bit (glnxa64)
                             February 12, 2015

 
For online documentation, see http://www.mathworks.com/support
For product information, visit www.mathworks.com.
 

	Academic License


seed =

                  89.13831

  n=9: (15,30)-CMA-ES(w=[21 15 12... 0.77 0.25]%, ]%, mu_eff=8.6) on function Error
Iterat, #Fevals:   Function Value    (median,worst) |Axis Ratio|idx:Min SD idx:Max SD
    1 ,     31 : 3.0750568834398e+02 +(1e+06,6e+17) | 3.19e+01 |  5:5.4e-01  6:1.7e+01
    2 ,     61 : 3.1952026166275e+02 +(1e+01,1e+10) | 3.27e+01 |  5:5.3e-01  6:1.7e+01
    3 ,     91 : 2.1162666631775e+02 +(1e+02,6e+09) | 3.44e+01 |  5:5.5e-01  6:1.9e+01
    4 ,    121 : 2.6335923660671e+02 +(1e+04,2e+17) | 3.47e+01 |  5:5.2e-01  6:1.8e+01
    5 ,    151 : 6.6767535380149e+01 +(4e+04,1e+10) | 3.54e+01 |  5:4.3e-01  6:1.5e+01
    6 ,    181 : 1.8317641081783e+02 +(5e+02,1e+07) | 3.67e+01 |  5:4.1e-01  6:1.5e+01
    7 ,    211 : 8.8617837615074e+01 +(4e+02,3e+06) | 3.56e+01 |  5:3.8e-01  6:1.3e+01
    8 ,    241 : 2.9796502634988e+02 +(3e+01,1e+06) | 3.57e+01 |  5:4.0e-01  6:1.3e+01
    9 ,    271 : 1.7994116902221e+02 +(2e+02,1e+06) | 3.64e+01 |  5:3.3e-01  6:1.1e+01
Iterat, #Fevals:   Function Value    (median,worst) |Axis Ratio|idx:Min SD idx:Max SD
   10 ,    301 : 6.9071701545739e+01 +(3e+02,7e+05) | 3.82e+01 |  5:3.3e-01  6:1.2e+01
   11 ,    331 : 7.6861094033750e+01 +(3e+02,1e+06) | 3.73e+01 |  5:3.6e-01  6:1.2e+01
   12 ,    361 : 2.0062475745373e+02 +(1e+02,7e+05) | 3.85e+01 |  5:3.3e-01  6:1.2e+01
   13 ,    391 : 3.1714600661267e+02 +(1e+01,4e+05) | 3.92e+01 |  5:3.0e-01  6:1.1e+01
   14 ,    421 : 2.9015812676464e+02 +(4e+01,2e+04) | 3.92e+01 |  5:2.9e-01  6:9.9e+00
   15 ,    451 : 8.7474086601182e+01 +(2e+02,8e+03) | 4.04e+01 |  5:2.7e-01  6:9.4e+00
   16 ,    481 : 1.1212515905926e+02 +(2e+02,2e+05) | 4.14e+01 |  5:2.6e-01  6:8.8e+00
   17 ,    511 : 6.9216996921645e+01 +(3e+02,2e+04) | 4.12e+01 |  5:2.4e-01  6:8.2e+00
   18 ,    541 : 6.8209178500061e+01 +(3e+02,1e+05) | 3.95e+01 |  5:2.4e-01  6:7.7e+00
   19 ,    571 : 6.6830096199517e+01 +(3e+02,6e+03) | 4.03e+01 |  8:2.5e-01  6:8.3e+00
Iterat, #Fevals:   Function Value    (median,worst) |Axis Ratio|idx:Min SD idx:Max SD
   20 ,    601 : 8.2420393374575e+01 +(2e+02,1e+05) | 4.18e+01 |  8:2.4e-01  6:8.7e+00
   21 ,    631 : 1.1521278343469e+02 +(2e+02,4e+04) | 4.32e+01 |  8:2.2e-01  6:7.9e+00
   22 ,    661 : 6.4949360513814e+01 +(3e+02,1e+03) | 4.45e+01 |  8:1.8e-01  6:6.9e+00
   23 ,    691 : 6.1612907689267e+01 +(3e+02,2e+04) | 4.67e+01 |  8:1.8e-01  6:7.1e+00
   24 ,    721 : 6.5111808410571e+01 +(2e+02,2e+04) | 4.97e+01 |  8:1.9e-01  6:7.6e+00
   25 ,    751 : 7.2761616004965e+01 +(2e+02,4e+03) | 5.16e+01 |  8:1.7e-01  6:7.0e+00
   26 ,    781 : 6.4172331602512e+01 +(2e+02,1e+04) | 5.60e+01 |  8:1.6e-01  6:7.1e+00
   27 ,    811 : 6.3763204028680e+01 +(2e+02,7e+03) | 5.64e+01 |  8:1.4e-01  6:6.1e+00
   28 ,    841 : 6.0455072454638e+01 +(2e+02,6e+03) | 5.88e+01 |  8:1.4e-01  6:6.0e+00
   29 ,    871 : 6.0498139845551e+01 +(1e+02,3e+02) | 6.00e+01 |  8:1.5e-01  6:6.4e+00
Iterat, #Fevals:   Function Value    (median,worst) |Axis Ratio|idx:Min SD idx:Max SD
   30 ,    901 : 6.0811215567821e+01 +(2e+02,2e+03) | 6.04e+01 |  8:1.5e-01  6:6.4e+00
   31 ,    931 : 6.4846546063067e+01 +(3e+02,1e+04) | 6.29e+01 |  8:1.7e-01  6:6.9e+00
   32 ,    961 : 6.2580429621590e+01 +(1e+02,1e+03) | 6.33e+01 |  8:1.5e-01  6:5.9e+00
   33 ,    991 : 5.9956103508416e+01 +(2e+02,3e+03) | 7.81e+01 |  8:1.5e-01  6:7.2e+00
   34 ,   1021 : 5.9159716001179e+01 +(2e+02,4e+03) | 8.11e+01 |  8:1.3e-01  6:6.3e+00
   35 ,   1051 : 6.4611512745289e+01 +(7e+01,6e+02) | 8.14e+01 |  8:1.4e-01  6:6.3e+00
   36 ,   1081 : 5.9352044254091e+01 +(8e+01,8e+02) | 8.45e+01 |  8:1.4e-01  6:6.6e+00
   37 ,   1111 : 6.0993215079015e+01 +(9e+01,1e+03) | 9.23e+01 |  8:1.4e-01  6:6.7e+00
   38 ,   1141 : 5.9625724218968e+01 +(7e+01,3e+02) | 9.36e+01 |  8:1.4e-01  6:6.7e+00
   39 ,   1171 : 5.9462352732830e+01 +(6e+01,2e+03) | 9.62e+01 |  8:1.5e-01  6:6.6e+00
Iterat, #Fevals:   Function Value    (median,worst) |Axis Ratio|idx:Min SD idx:Max SD
   40 ,   1201 : 5.8478277314987e+01 +(6e+01,8e+02) | 1.00e+02 |  8:1.4e-01  6:6.5e+00
   41 ,   1231 : 5.9773241933173e+01 +(5e+01,7e+02) | 1.04e+02 |  1:1.2e-01  6:5.7e+00
   42 ,   1261 : 5.8288663077229e+01 +(4e+01,6e+02) | 1.08e+02 |  8:1.1e-01  6:5.4e+00
   43 ,   1291 : 5.8096972999070e+01 +(2e+01,2e+02) | 1.15e+02 |  8:1.2e-01  6:5.6e+00
   44 ,   1321 : 5.8767173559673e+01 +(1e+01,4e+02) | 1.19e+02 |  8:1.1e-01  6:5.5e+00
   45 ,   1351 : 5.9154465747895e+01 +(2e+01,4e+02) | 1.19e+02 |  8:1.0e-01  6:5.0e+00
   46 ,   1381 : 5.8314811389415e+01 +(2e+01,2e+02) | 1.29e+02 |  8:9.8e-02  6:5.1e+00
   47 ,   1411 : 5.8519983271207e+01 +(1e+01,1e+02) | 1.37e+02 |  8:9.2e-02  6:4.8e+00
   48 ,   1441 : 5.7896189431034e+01 +(2e+01,2e+02) | 1.43e+02 |  8:8.7e-02  6:4.7e+00
   49 ,   1471 : 5.7587040614444e+01 +(1e+01,1e+02) | 1.40e+02 |  8:7.7e-02  6:4.0e+00
Iterat, #Fevals:   Function Value    (median,worst) |Axis Ratio|idx:Min SD idx:Max SD
   50 ,   1501 : 5.8453451150457e+01 +(9e+00,1e+02) | 1.40e+02 |  8:7.1e-02  6:3.7e+00
   51 ,   1531 : 5.7982276158340e+01 +(5e+00,7e+01) | 1.48e+02 |  8:7.2e-02  6:3.8e+00
   52 ,   1561 : 5.7717770508831e+01 +(6e+00,6e+01) | 1.59e+02 |  8:6.5e-02  6:3.5e+00
   53 ,   1591 : 5.7607299351964e+01 +(8e+00,6e+01) | 1.71e+02 |  8:7.1e-02  6:3.9e+00
   54 ,   1621 : 5.7793492247049e+01 +(7e+00,4e+01) | 1.74e+02 |  8:6.6e-02  6:3.5e+00
   55 ,   1651 : 5.7670374333280e+01 +(2e+00,2e+01) | 1.83e+02 |  8:6.3e-02  6:3.3e+00
   56 ,   1681 : 5.7641953165936e+01 +(2e+00,3e+01) | 1.92e+02 |  8:6.4e-02  6:3.5e+00
   57 ,   1711 : 5.7608306085753e+01 +(2e+00,3e+01) | 1.94e+02 |  8:6.7e-02  6:3.6e+00
   58 ,   1741 : 5.7569552365146e+01 +(5e+00,4e+01) | 2.04e+02 |  8:6.3e-02  6:3.5e+00
   59 ,   1771 : 5.7334422050256e+01 +(3e+00,4e+01) | 2.22e+02 |  8:6.4e-02  6:3.7e+00
Iterat, #Fevals:   Function Value    (median,worst) |Axis Ratio|idx:Min SD idx:Max SD
   60 ,   1801 : 5.7374233894856e+01 +(1e+00,4e+01) | 2.24e+02 |  8:6.8e-02  6:3.7e+00
   61 ,   1831 : 5.7257358839659e+01 +(4e+00,4e+01) | 2.28e+02 |  8:6.2e-02  6:3.5e+00
   62 ,   1861 : 5.7323834120585e+01 +(5e+00,4e+01) | 2.37e+02 |  8:6.1e-02  6:3.5e+00
   63 ,   1891 : 5.7492644245055e+01 +(2e+00,2e+01) | 2.40e+02 |  8:5.8e-02  6:3.3e+00
   64 ,   1921 : 5.7787965364678e+01 +(2e+00,2e+01) | 2.45e+02 |  8:5.3e-02  6:3.0e+00
   65 ,   1951 : 5.7388257776448e+01 +(8e-01,1e+01) | 2.45e+02 |  8:5.0e-02  6:2.8e+00
   66 ,   1981 : 5.7573446381730e+01 +(7e-01,2e+01) | 2.42e+02 |  8:4.8e-02  6:2.6e+00
   67 ,   2011 : 5.7370917703147e+01 +(1e+00,8e+00) | 2.70e+02 |  9:4.3e-02  6:2.5e+00
   68 ,   2041 : 5.7336460658218e+01 +(2e+00,2e+01) | 2.76e+02 |  9:4.6e-02  6:2.6e+00
   69 ,   2071 : 5.7260785022026e+01 +(1e+00,6e+00) | 2.83e+02 |  9:4.2e-02  6:2.5e+00
Iterat, #Fevals:   Function Value    (median,worst) |Axis Ratio|idx:Min SD idx:Max SD
   70 ,   2101 : 5.7421874243372e+01 +(1e+00,6e+00) | 2.92e+02 |  9:4.0e-02  6:2.4e+00
   71 ,   2131 : 5.7354155627785e+01 +(8e-01,3e+01) | 2.94e+02 |  9:3.7e-02  6:2.2e+00
   72 ,   2161 : 5.7278507305895e+01 +(1e+00,5e+00) | 3.05e+02 |  9:3.6e-02  6:2.2e+00
   73 ,   2191 : 5.7271761203667e+01 +(6e-01,1e+01) | 3.08e+02 |  9:2.9e-02  6:1.8e+00
   74 ,   2221 : 5.7288178014948e+01 +(4e-01,4e+00) | 3.10e+02 |  9:2.6e-02  6:1.6e+00
   75 ,   2251 : 5.7274830385975e+01 +(6e-01,3e+00) | 3.13e+02 |  9:2.8e-02  6:1.7e+00
   76 ,   2281 : 5.7359356014254e+01 +(4e-01,3e+00) | 3.64e+02 |  9:2.8e-02  6:2.0e+00
   77 ,   2311 : 5.7246509264024e+01 +(7e-01,4e+00) | 3.79e+02 |  9:2.2e-02  6:1.6e+00
   78 ,   2341 : 5.7273469130698e+01 +(4e-01,2e+00) | 4.06e+02 |  9:2.5e-02  6:1.9e+00
   79 ,   2371 : 5.7284930706069e+01 +(3e-01,2e+00) | 4.18e+02 |  9:2.3e-02  6:1.8e+00
Iterat, #Fevals:   Function Value    (median,worst) |Axis Ratio|idx:Min SD idx:Max SD
   80 ,   2401 : 5.7251611325054e+01 +(4e-01,2e+00) | 4.30e+02 |  9:2.1e-02  6:1.8e+00
   81 ,   2431 : 5.7222450754321e+01 +(3e-01,1e+00) | 4.32e+02 |  9:1.8e-02  6:1.5e+00
   82 ,   2461 : 5.7269264953778e+01 +(2e-01,2e+00) | 4.49e+02 |  9:1.9e-02  6:1.6e+00
   83 ,   2491 : 5.7212918317183e+01 +(2e-01,7e-01) | 4.65e+02 |  9:1.7e-02  6:1.5e+00
   84 ,   2521 : 5.7204947032173e+01 +(2e-01,9e-01) | 4.83e+02 |  9:1.5e-02  6:1.4e+00
   85 ,   2551 : 5.7223448401188e+01 +(1e-01,1e+00) | 4.79e+02 |  9:1.4e-02  6:1.3e+00
   86 ,   2581 : 5.7215806160440e+01 +(2e-01,7e-01) | 4.93e+02 |  9:1.6e-02  6:1.5e+00
   87 ,   2611 : 5.7239951603691e+01 +(1e-01,1e+00) | 5.17e+02 |  9:1.4e-02  6:1.4e+00
   88 ,   2641 : 5.7229707561971e+01 +(2e-01,5e-01) | 5.35e+02 |  9:1.3e-02  6:1.3e+00
   89 ,   2671 : 5.7194240278736e+01 +(1e-01,7e-01) | 5.92e+02 |  9:1.4e-02  6:1.6e+00
Iterat, #Fevals:   Function Value    (median,worst) |Axis Ratio|idx:Min SD idx:Max SD
   90 ,   2701 : 5.7195175238900e+01 +(2e-01,1e+00) | 6.50e+02 |  9:1.4e-02  6:1.9e+00
   91 ,   2731 : 5.7216544772755e+01 +(2e-01,1e+00) | 6.53e+02 |  9:1.3e-02  6:1.7e+00
   92 ,   2761 : 5.7237449046975e+01 +(2e-01,9e-01) | 6.85e+02 |  9:1.3e-02  6:1.7e+00
   93 ,   2791 : 5.7211979534568e+01 +(2e-01,8e-01) | 7.09e+02 |  9:1.1e-02  6:1.6e+00
   94 ,   2821 : 5.7249674981454e+01 +(1e-01,5e-01) | 7.39e+02 |  9:1.2e-02  6:1.7e+00
   95 ,   2851 : 5.7249038699123e+01 +(1e-01,6e-01) | 7.44e+02 |  9:1.0e-02  6:1.5e+00
   96 ,   2881 : 5.7222305081130e+01 +(1e-01,8e-01) | 7.44e+02 |  9:9.3e-03  6:1.4e+00
   97 ,   2911 : 5.7215233174649e+01 +(1e-01,6e-01) | 7.63e+02 |  9:7.6e-03  6:1.2e+00
   98 ,   2941 : 5.7212779857706e+01 +(1e-01,3e-01) | 8.08e+02 |  9:6.8e-03  6:1.1e+00
   99 ,   2971 : 5.7227345605127e+01 +(9e-02,3e-01) | 8.45e+02 |  9:6.1e-03  6:1.1e+00
Iterat, #Fevals:   Function Value    (median,worst) |Axis Ratio|idx:Min SD idx:Max SD
  100 ,   3001 : 5.7216399257563e+01 +(8e-02,4e-01) | 8.59e+02 |  9:6.0e-03  6:1.1e+00
  101 ,   3031 : 5.7208296557801e+01 +(1e-01,2e-01) | 8.63e+02 |  9:5.5e-03  6:1.0e+00
  102 ,   3061 : 5.7228315520257e+01 +(6e-02,4e-01) | 8.68e+02 |  9:4.5e-03  6:8.4e-01
  103 ,   3091 : 5.7230964312284e+01 +(6e-02,1e-01) | 8.94e+02 |  9:3.7e-03  6:7.3e-01
  104 ,   3121 : 5.7214296259374e+01 +(6e-02,2e-01) | 8.88e+02 |  9:3.3e-03  6:6.5e-01
  105 ,   3151 : 5.7221602464395e+01 +(5e-02,1e-01) | 8.96e+02 |  9:3.4e-03  6:6.7e-01
  106 ,   3181 : 5.7221531952323e+01 +(4e-02,1e-01) | 8.92e+02 |  9:3.4e-03  6:6.9e-01
  107 ,   3211 : 5.7230689944701e+01 +(4e-02,2e-01) | 9.29e+02 |  9:3.0e-03  6:6.4e-01
  108 ,   3241 : 5.7227349954179e+01 +(4e-02,1e-01) | 9.68e+02 |  9:2.7e-03  6:6.2e-01
  109 ,   3271 : 5.7198009028818e+01 +(7e-02,1e-01) | 9.75e+02 |  9:2.6e-03  6:5.8e-01
Iterat, #Fevals:   Function Value    (median,worst) |Axis Ratio|idx:Min SD idx:Max SD
  110 ,   3301 : 5.7224247891937e+01 +(3e-02,1e-01) | 9.79e+02 |  9:2.4e-03  6:5.6e-01
  111 ,   3331 : 5.7204972969989e+01 +(5e-02,1e-01) | 9.92e+02 |  9:2.3e-03  6:5.6e-01
  112 ,   3361 : 5.7219758994332e+01 +(3e-02,9e-02) | 1.05e+03 |  9:2.3e-03  6:6.0e-01
  113 ,   3391 : 5.7224136331512e+01 +(4e-02,1e-01) | 1.03e+03 |  9:2.2e-03  6:5.5e-01
  114 ,   3421 : 5.7212374577149e+01 +(5e-02,1e-01) | 1.04e+03 |  9:2.1e-03  6:5.3e-01
  115 ,   3451 : 5.7206916167061e+01 +(4e-02,1e-01) | 1.05e+03 |  9:2.3e-03  6:5.7e-01
  116 ,   3481 : 5.7215881276634e+01 +(4e-02,1e-01) | 1.11e+03 |  9:2.1e-03  6:5.6e-01
  117 ,   3511 : 5.7201302680806e+01 +(5e-02,1e-01) | 1.14e+03 |  9:1.8e-03  6:5.2e-01
  118 ,   3541 : 5.7207824852108e+01 +(4e-02,8e-02) | 1.19e+03 |  9:1.8e-03  6:5.2e-01
  119 ,   3571 : 5.7192471160425e+01 +(7e-02,1e-01) | 1.24e+03 |  9:1.6e-03  6:5.1e-01
Iterat, #Fevals:   Function Value    (median,worst) |Axis Ratio|idx:Min SD idx:Max SD
  120 ,   3601 : 5.7200532166569e+01 +(4e-02,9e-02) | 1.22e+03 |  9:1.6e-03  6:5.0e-01
  121 ,   3631 : 5.7218893323150e+01 +(3e-02,7e-02) | 1.26e+03 |  9:1.8e-03  6:5.5e-01
  122 ,   3661 : 5.7227054238617e+01 +(2e-02,7e-02) | 1.31e+03 |  9:1.7e-03  6:5.7e-01
  123 ,   3691 : 5.7208292335156e+01 +(4e-02,1e-01) | 1.35e+03 |  9:1.8e-03  6:6.1e-01
  124 ,   3721 : 5.7206374218923e+01 +(4e-02,1e-01) | 1.37e+03 |  9:1.7e-03  6:5.9e-01
  125 ,   3751 : 5.7204078256557e+01 +(5e-02,9e-02) | 1.32e+03 |  9:1.6e-03  6:5.5e-01
  126 ,   3781 : 5.7207311263247e+01 +(4e-02,1e-01) | 1.38e+03 |  9:1.4e-03  6:5.0e-01
  127 ,   3811 : 5.7216338101484e+01 +(4e-02,1e-01) | 1.42e+03 |  9:1.3e-03  6:4.9e-01
  128 ,   3841 : 5.7196299216141e+01 +(4e-02,9e-02) | 1.44e+03 |  9:1.1e-03  6:4.1e-01
  129 ,   3871 : 5.7203531419468e+01 +(4e-02,7e-02) | 1.45e+03 |  9:1.2e-03  6:4.2e-01
Iterat, #Fevals:   Function Value    (median,worst) |Axis Ratio|idx:Min SD idx:Max SD
  130 ,   3901 : 5.7206624272871e+01 +(3e-02,7e-02) | 1.47e+03 |  9:1.0e-03  6:3.9e-01
  131 ,   3931 : 5.7195239955138e+01 +(4e-02,8e-02) | 1.42e+03 |  9:1.0e-03  6:3.5e-01
  132 ,   3961 : 5.7186983163132e+01 +(5e-02,8e-02) | 1.43e+03 |  9:9.6e-04  6:3.4e-01
  133 ,   3991 : 5.7193268663479e+01 +(4e-02,9e-02) | 1.42e+03 |  9:8.5e-04  6:3.0e-01
  134 ,   4021 : 5.7179364571251e+01 +(5e-02,1e-01) | 1.39e+03 |  9:7.8e-04  6:2.7e-01
  135 ,   4051 : 5.7173038375368e+01 +(6e-02,1e-01) | 1.38e+03 |  9:7.1e-04  6:2.6e-01
  136 ,   4081 : 5.7201937655951e+01 +(2e-02,7e-02) | 1.42e+03 |  9:7.5e-04  6:2.9e-01
  137 ,   4111 : 5.7195337535477e+01 +(4e-02,9e-02) | 1.44e+03 |  9:8.0e-04  6:3.2e-01
  138 ,   4141 : 5.7198798589572e+01 +(2e-02,8e-02) | 1.38e+03 |  9:7.7e-04  6:3.1e-01
  139 ,   4171 : 5.7199698111853e+01 +(4e-02,1e-01) | 1.40e+03 |  9:8.3e-04  6:3.4e-01
Iterat, #Fevals:   Function Value    (median,worst) |Axis Ratio|idx:Min SD idx:Max SD
  140 ,   4201 : 5.7203485418477e+01 +(3e-02,7e-02) | 1.37e+03 |  9:8.3e-04  6:3.2e-01
  141 ,   4231 : 5.7194774219222e+01 +(3e-02,1e-01) | 1.37e+03 |  9:7.6e-04  6:2.9e-01
  142 ,   4261 : 5.7191385147253e+01 +(3e-02,7e-02) | 1.43e+03 |  9:7.5e-04  6:3.1e-01
  143 ,   4291 : 5.7191889051541e+01 +(4e-02,8e-02) | 1.42e+03 |  9:7.6e-04  6:3.1e-01
  144 ,   4321 : 5.7187487106130e+01 +(4e-02,8e-02) | 1.40e+03 |  9:6.9e-04  6:2.8e-01
  145 ,   4351 : 5.7197433279487e+01 +(4e-02,1e-01) | 1.31e+03 |  9:6.4e-04  6:2.6e-01
  146 ,   4381 : 5.7205906743591e+01 +(3e-02,6e-02) | 1.29e+03 |  9:6.5e-04  6:2.7e-01
  147 ,   4411 : 5.7196569721023e+01 +(4e-02,7e-02) | 1.31e+03 |  9:7.1e-04  6:3.1e-01
  148 ,   4441 : 5.7181847160109e+01 +(5e-02,9e-02) | 1.34e+03 |  9:7.0e-04  6:3.2e-01
  149 ,   4471 : 5.7195936212594e+01 +(4e-02,9e-02) | 1.34e+03 |  9:6.2e-04  6:2.9e-01
Iterat, #Fevals:   Function Value    (median,worst) |Axis Ratio|idx:Min SD idx:Max SD
  150 ,   4501 : 5.7193606535425e+01 +(4e-02,8e-02) | 1.30e+03 |  9:6.8e-04  6:3.1e-01
  151 ,   4531 : 5.7194456829043e+01 +(3e-02,5e-02) | 1.25e+03 |  9:6.5e-04  6:3.0e-01
  152 ,   4561 : 5.7204157531146e+01 +(3e-02,8e-02) | 1.22e+03 |  9:6.8e-04  6:3.2e-01
  153 ,   4591 : 5.7176776417762e+01 +(4e-02,1e-01) | 1.12e+03 |  9:7.6e-04  6:3.6e-01
  154 ,   4621 : 5.7213182660035e+01 +(2e-02,6e-02) | 1.15e+03 |  9:7.7e-04  6:3.8e-01
  155 ,   4651 : 5.7201084398654e+01 +(2e-02,8e-02) | 1.14e+03 |  9:7.4e-04  6:3.6e-01
  156 ,   4681 : 5.7202744797776e+01 +(3e-02,9e-02) | 1.14e+03 |  9:7.6e-04  6:3.6e-01
  157 ,   4711 : 5.7207972013627e+01 +(3e-02,1e-01) | 1.11e+03 |  9:7.0e-04  6:3.4e-01
  158 ,   4741 : 5.7164239689855e+01 +(7e-02,1e-01) | 1.12e+03 |  9:6.8e-04  6:3.3e-01
  159 ,   4771 : 5.7205548220833e+01 +(3e-02,9e-02) | 1.15e+03 |  9:6.1e-04  6:3.0e-01
Iterat, #Fevals:   Function Value    (median,worst) |Axis Ratio|idx:Min SD idx:Max SD
  160 ,   4801 : 5.7189674170751e+01 +(4e-02,9e-02) | 1.14e+03 |  9:5.9e-04  6:2.8e-01
  161 ,   4831 : 5.7194473066748e+01 +(2e-02,9e-02) | 1.10e+03 |  9:5.5e-04  6:2.7e-01
  162 ,   4861 : 5.7182543277028e+01 +(5e-02,9e-02) | 1.06e+03 |  9:5.1e-04  6:2.5e-01
  163 ,   4891 : 5.7187075507016e+01 +(4e-02,7e-02) | 1.00e+03 |  9:4.7e-04  6:2.3e-01
  164 ,   4921 : 5.7161264050082e+01 +(5e-02,9e-02) | 9.53e+02 |  9:5.0e-04  6:2.5e-01
  165 ,   4951 : 5.7202778783775e+01 +(4e-02,9e-02) | 9.41e+02 |  9:4.8e-04  6:2.5e-01
  166 ,   4981 : 5.7192096695478e+01 +(4e-02,8e-02) | 9.21e+02 |  9:4.2e-04  6:2.2e-01
  167 ,   5011 : 5.7184604966232e+01 +(4e-02,7e-02) | 9.30e+02 |  9:4.0e-04  6:2.2e-01
  168 ,   5041 : 5.7196175369728e+01 +(3e-02,8e-02) | 9.35e+02 |  9:3.6e-04  6:2.0e-01
  169 ,   5071 : 5.7181476698759e+01 +(4e-02,9e-02) | 8.78e+02 |  9:3.0e-04  6:1.7e-01
Iterat, #Fevals:   Function Value    (median,worst) |Axis Ratio|idx:Min SD idx:Max SD
  170 ,   5101 : 5.7192797609476e+01 +(3e-02,6e-02) | 8.71e+02 |  9:3.4e-04  6:1.9e-01
  171 ,   5131 : 5.7186631585021e+01 +(4e-02,8e-02) | 8.95e+02 |  9:3.6e-04  6:2.0e-01
  172 ,   5161 : 5.7193693281395e+01 +(3e-02,7e-02) | 8.56e+02 |  9:3.7e-04  6:2.0e-01
  173 ,   5191 : 5.7191485352438e+01 +(4e-02,8e-02) | 8.50e+02 |  9:4.2e-04  6:2.3e-01
  174 ,   5221 : 5.7197604176561e+01 +(3e-02,8e-02) | 7.89e+02 |  9:4.3e-04  6:2.3e-01
  175 ,   5251 : 5.7181231815151e+01 +(4e-02,1e-01) | 8.84e+02 |  9:4.2e-04  6:2.5e-01
  176 ,   5281 : 5.7190902596381e+01 +(3e-02,9e-02) | 8.94e+02 |  9:3.8e-04  6:2.2e-01
  177 ,   5311 : 5.7192151654646e+01 +(3e-02,7e-02) | 9.07e+02 |  9:3.8e-04  6:2.2e-01
  178 ,   5341 : 5.7169285526539e+01 +(5e-02,1e-01) | 8.78e+02 |  9:3.6e-04  6:2.1e-01
  179 ,   5371 : 5.7195933043862e+01 +(3e-02,8e-02) | 9.20e+02 |  9:3.6e-04  6:2.2e-01
Iterat, #Fevals:   Function Value    (median,worst) |Axis Ratio|idx:Min SD idx:Max SD
  180 ,   5401 : 5.7191812965209e+01 +(3e-02,6e-02) | 9.51e+02 |  9:3.3e-04  6:2.0e-01
  181 ,   5431 : 5.7172209345062e+01 +(4e-02,9e-02) | 8.99e+02 |  9:3.0e-04  6:1.9e-01
  182 ,   5461 : 5.7182453752856e+01 +(4e-02,1e-01) | 8.98e+02 |  9:3.0e-04  6:1.9e-01
  183 ,   5491 : 5.7173215006711e+01 +(4e-02,9e-02) | 9.05e+02 |  9:2.5e-04  6:1.6e-01
  184 ,   5521 : 5.7178373829083e+01 +(4e-02,8e-02) | 9.29e+02 |  9:2.5e-04  6:1.6e-01
  185 ,   5551 : 5.7186304642030e+01 +(3e-02,6e-02) | 9.72e+02 |  9:2.9e-04  6:1.8e-01
  186 ,   5581 : 5.7197681157879e+01 +(2e-02,7e-02) | 1.01e+03 |  9:2.9e-04  6:1.9e-01
  187 ,   5611 : 5.7177714993923e+01 +(4e-02,1e-01) | 1.04e+03 |  9:2.5e-04  6:1.6e-01
  188 ,   5641 : 5.7174373689568e+01 +(4e-02,9e-02) | 1.06e+03 |  9:2.3e-04  6:1.5e-01
  189 ,   5671 : 5.7188192169964e+01 +(3e-02,9e-02) | 1.08e+03 |  9:2.1e-04  6:1.4e-01
Iterat, #Fevals:   Function Value    (median,worst) |Axis Ratio|idx:Min SD idx:Max SD
  190 ,   5701 : 5.7168443076245e+01 +(5e-02,9e-02) | 1.08e+03 |  9:2.0e-04  6:1.3e-01
  191 ,   5731 : 5.7186479154299e+01 +(3e-02,6e-02) | 1.06e+03 |  9:1.9e-04  6:1.3e-01
  192 ,   5761 : 5.7191169483153e+01 +(2e-02,8e-02) | 9.67e+02 |  9:1.8e-04  6:1.1e-01
  193 ,   5791 : 5.7186389475340e+01 +(3e-02,7e-02) | 9.89e+02 |  9:1.9e-04  6:1.2e-01
  194 ,   5821 : 5.7184992211582e+01 +(3e-02,7e-02) | 9.94e+02 |  9:1.8e-04  6:1.2e-01
  195 ,   5851 : 5.7183173229290e+01 +(3e-02,7e-02) | 1.07e+03 |  9:1.9e-04  6:1.3e-01
  196 ,   5881 : 5.7179114137002e+01 +(3e-02,8e-02) | 1.06e+03 |  9:1.9e-04  6:1.3e-01
  197 ,   5911 : 5.7181565786935e+01 +(3e-02,7e-02) | 1.09e+03 |  9:1.7e-04  6:1.2e-01
  198 ,   5941 : 5.7181321456263e+01 +(3e-02,8e-02) | 1.07e+03 |  9:1.5e-04  6:1.0e-01
  199 ,   5971 : 5.7184922913101e+01 +(3e-02,6e-02) | 1.07e+03 |  9:1.3e-04  6:9.2e-02
Iterat, #Fevals:   Function Value    (median,worst) |Axis Ratio|idx:Min SD idx:Max SD
  200 ,   6001 : 5.7187702122050e+01 +(3e-02,6e-02) | 1.07e+03 |  9:1.2e-04  6:8.3e-02
  201 ,   6031 : 5.7176177102436e+01 +(4e-02,7e-02) | 1.09e+03 |  9:1.1e-04  6:7.8e-02
  202 ,   6061 : 5.7184248655914e+01 +(3e-02,5e-02) | 1.10e+03 |  9:1.1e-04  6:8.0e-02
  203 ,   6091 : 5.7189018105934e+01 +(3e-02,6e-02) | 1.07e+03 |  9:1.2e-04  6:8.4e-02
  204 ,   6121 : 5.7197861977161e+01 +(2e-02,5e-02) | 1.05e+03 |  9:1.2e-04  6:8.3e-02
  205 ,   6151 : 5.7192511145426e+01 +(2e-02,6e-02) | 1.02e+03 |  9:1.4e-04  6:8.8e-02
  206 ,   6181 : 5.7183007504134e+01 +(4e-02,7e-02) | 1.05e+03 |  9:1.3e-04  6:8.7e-02
  207 ,   6211 : 5.7195164427167e+01 +(2e-02,5e-02) | 1.01e+03 |  9:1.2e-04  6:7.7e-02
  208 ,   6241 : 5.7186027797346e+01 +(4e-02,7e-02) | 1.05e+03 |  9:1.1e-04  6:7.7e-02
  209 ,   6271 : 5.7180187024191e+01 +(3e-02,6e-02) | 1.07e+03 |  9:1.2e-04  6:7.9e-02
Iterat, #Fevals:   Function Value    (median,worst) |Axis Ratio|idx:Min SD idx:Max SD
  210 ,   6301 : 5.7187648156647e+01 +(3e-02,5e-02) | 1.18e+03 |  9:1.2e-04  6:8.7e-02
  211 ,   6331 : 5.7176888570576e+01 +(4e-02,8e-02) | 1.17e+03 |  9:1.2e-04  6:9.4e-02
  212 ,   6361 : 5.7179521282108e+01 +(3e-02,6e-02) | 1.23e+03 |  9:1.1e-04  6:8.8e-02
  213 ,   6391 : 5.7184090652050e+01 +(3e-02,8e-02) | 1.27e+03 |  9:9.1e-05  6:7.1e-02
  214 ,   6421 : 5.7167761335234e+01 +(5e-02,7e-02) | 1.34e+03 |  9:9.4e-05  6:7.7e-02
  215 ,   6451 : 5.7179835585975e+01 +(4e-02,7e-02) | 1.36e+03 |  9:1.1e-04  6:9.1e-02
  216 ,   6481 : 5.7182250780116e+01 +(4e-02,7e-02) | 1.34e+03 |  9:1.1e-04  6:9.3e-02
  217 ,   6511 : 5.7178679675338e+01 +(4e-02,8e-02) | 1.39e+03 |  9:1.0e-04  6:8.5e-02
  218 ,   6541 : 5.7175449173006e+01 +(4e-02,8e-02) | 1.41e+03 |  9:8.6e-05  6:7.3e-02
  219 ,   6571 : 5.7192690468227e+01 +(3e-02,7e-02) | 1.43e+03 |  9:9.3e-05  6:7.4e-02
Iterat, #Fevals:   Function Value    (median,worst) |Axis Ratio|idx:Min SD idx:Max SD
  220 ,   6601 : 5.7180135953005e+01 +(3e-02,1e-01) | 1.46e+03 |  9:8.7e-05  6:7.1e-02
  221 ,   6631 : 5.7179956948543e+01 +(4e-02,8e-02) | 1.46e+03 |  9:1.1e-04  6:9.1e-02
  222 ,   6661 : 5.7187622582393e+01 +(3e-02,7e-02) | 1.53e+03 |  9:1.2e-04  6:1.0e-01
  223 ,   6691 : 5.7189822844707e+01 +(3e-02,6e-02) | 1.55e+03 |  9:1.3e-04  6:1.2e-01
  224 ,   6721 : 5.7188920468793e+01 +(3e-02,7e-02) | 1.53e+03 |  9:1.5e-04  6:1.4e-01
  225 ,   6751 : 5.7186826919623e+01 +(3e-02,7e-02) | 1.54e+03 |  9:1.3e-04  6:1.2e-01
  226 ,   6781 : 5.7183519660433e+01 +(3e-02,6e-02) | 1.54e+03 |  9:1.2e-04  6:1.1e-01
  227 ,   6811 : 5.7178888554732e+01 +(4e-02,8e-02) | 1.54e+03 |  9:1.1e-04  6:1.0e-01
  228 ,   6841 : 5.7170484718507e+01 +(4e-02,9e-02) | 1.64e+03 |  9:1.0e-04  6:1.0e-01
  229 ,   6871 : 5.7173419989041e+01 +(4e-02,9e-02) | 1.64e+03 |  9:9.7e-05  6:9.6e-02
Iterat, #Fevals:   Function Value    (median,worst) |Axis Ratio|idx:Min SD idx:Max SD
  230 ,   6901 : 5.7177912933412e+01 +(4e-02,8e-02) | 1.67e+03 |  9:9.5e-05  6:9.4e-02
  231 ,   6931 : 5.7187219506870e+01 +(3e-02,6e-02) | 1.87e+03 |  9:8.8e-05  6:9.7e-02
  232 ,   6961 : 5.7172473520145e+01 +(4e-02,8e-02) | 1.90e+03 |  9:8.4e-05  6:9.2e-02
  233 ,   6991 : 5.7195069722262e+01 +(2e-02,8e-02) | 2.00e+03 |  9:7.2e-05  6:7.9e-02
  234 ,   7021 : 5.7183176747025e+01 +(3e-02,7e-02) | 1.96e+03 |  9:6.4e-05  6:7.1e-02
  235 ,   7051 : 5.7183736568172e+01 +(4e-02,9e-02) | 1.91e+03 |  9:6.3e-05  6:6.6e-02
  236 ,   7081 : 5.7198993518378e+01 +(2e-02,5e-02) | 1.96e+03 |  9:5.2e-05  6:5.5e-02
  237 ,   7111 : 5.7163385571624e+01 +(5e-02,9e-02) | 1.98e+03 |  9:4.7e-05  6:5.0e-02
  238 ,   7141 : 5.7189384643296e+01 +(2e-02,4e-02) | 2.00e+03 |  9:4.6e-05  6:4.8e-02
  239 ,   7171 : 5.7181517345962e+01 +(4e-02,6e-02) | 2.00e+03 |  9:4.1e-05  6:4.2e-02
Iterat, #Fevals:   Function Value    (median,worst) |Axis Ratio|idx:Min SD idx:Max SD
  240 ,   7201 : 5.7175465146495e+01 +(4e-02,7e-02) | 2.26e+03 |  9:4.7e-05  6:5.2e-02
  241 ,   7231 : 5.7176036595766e+01 +(4e-02,9e-02) | 2.27e+03 |  9:4.1e-05  6:4.7e-02
  242 ,   7261 : 5.7178829285392e+01 +(4e-02,7e-02) | 2.30e+03 |  9:4.1e-05  6:4.4e-02
  243 ,   7291 : 5.7167865835558e+01 +(4e-02,7e-02) | 2.40e+03 |  9:3.6e-05  6:4.0e-02
  244 ,   7321 : 5.7181617550076e+01 +(3e-02,8e-02) | 2.40e+03 |  9:3.0e-05  6:3.3e-02
  245 ,   7351 : 5.7181405116058e+01 +(3e-02,6e-02) | 2.47e+03 |  9:3.0e-05  6:3.1e-02
  246 ,   7381 : 5.7169064149993e+01 +(5e-02,1e-01) | 2.42e+03 |  9:2.8e-05  6:2.7e-02
  247 ,   7411 : 5.7176653208087e+01 +(3e-02,8e-02) | 2.39e+03 |  9:2.8e-05  6:2.6e-02
  248 ,   7441 : 5.7178571874473e+01 +(3e-02,8e-02) | 2.44e+03 |  9:2.9e-05  6:2.6e-02
  249 ,   7471 : 5.7186653060863e+01 +(2e-02,7e-02) | 2.38e+03 |  9:3.4e-05  6:2.8e-02
Iterat, #Fevals:   Function Value    (median,worst) |Axis Ratio|idx:Min SD idx:Max SD
  250 ,   7501 : 5.7162865652422e+01 +(5e-02,1e-01) | 2.39e+03 |  9:3.3e-05  6:2.8e-02
  251 ,   7531 : 5.7165958951669e+01 +(5e-02,8e-02) | 2.33e+03 |  9:3.8e-05  6:2.9e-02
  252 ,   7561 : 5.7190397886521e+01 +(2e-02,6e-02) | 2.33e+03 |  9:3.6e-05  6:2.5e-02
  253 ,   7591 : 5.7189817517337e+01 +(3e-02,6e-02) | 2.30e+03 |  9:4.1e-05  6:2.7e-02
  254 ,   7621 : 5.7184403701480e+01 +(4e-02,6e-02) | 2.30e+03 |  9:4.2e-05  6:2.8e-02
  255 ,   7651 : 5.7179116828059e+01 +(4e-02,7e-02) | 2.46e+03 |  9:3.9e-05  6:2.7e-02
  256 ,   7681 : 5.7180478606519e+01 +(3e-02,7e-02) | 2.36e+03 |  9:4.0e-05  6:2.8e-02
  257 ,   7711 : 5.7181279477141e+01 +(3e-02,6e-02) | 2.41e+03 |  9:4.2e-05  6:2.8e-02
  258 ,   7741 : 5.7181613061269e+01 +(3e-02,7e-02) | 2.32e+03 |  9:3.9e-05  6:2.7e-02
  259 ,   7771 : 5.7171941548245e+01 +(5e-02,8e-02) | 2.30e+03 |  9:3.7e-05  6:2.5e-02
Iterat, #Fevals:   Function Value    (median,worst) |Axis Ratio|idx:Min SD idx:Max SD
  260 ,   7801 : 5.7182587395270e+01 +(4e-02,6e-02) | 2.39e+03 |  9:3.1e-05  6:2.1e-02
  261 ,   7831 : 5.7193613783152e+01 +(2e-02,6e-02) | 2.39e+03 |  9:2.8e-05  6:2.0e-02
  262 ,   7861 : 5.7172530187328e+01 +(4e-02,7e-02) | 2.25e+03 |  9:2.8e-05  6:2.0e-02
  263 ,   7891 : 5.7175580660505e+01 +(5e-02,7e-02) | 2.22e+03 |  9:2.8e-05  6:1.9e-02
  264 ,   7921 : 5.7190537676154e+01 +(3e-02,6e-02) | 2.32e+03 |  9:2.7e-05  6:2.0e-02
  265 ,   7951 : 5.7171123065676e+01 +(3e-02,7e-02) | 2.19e+03 |  9:2.7e-05  6:1.9e-02
  266 ,   7981 : 5.7179565324631e+01 +(3e-02,7e-02) | 2.15e+03 |  9:2.4e-05  6:1.6e-02
  267 ,   8011 : 5.7176464718033e+01 +(4e-02,7e-02) | 2.10e+03 |  9:2.3e-05  6:1.5e-02
  268 ,   8041 : 5.7170464407163e+01 +(3e-02,8e-02) | 2.02e+03 |  9:2.7e-05  6:1.7e-02
  269 ,   8071 : 5.7177387801121e+01 +(3e-02,8e-02) | 2.05e+03 |  9:2.9e-05  6:1.8e-02
Iterat, #Fevals:   Function Value    (median,worst) |Axis Ratio|idx:Min SD idx:Max SD
  270 ,   8101 : 5.7175817303302e+01 +(3e-02,9e-02) | 2.18e+03 |  9:2.9e-05  6:2.0e-02
  271 ,   8131 : 5.7178112232966e+01 +(4e-02,9e-02) | 2.26e+03 |  9:2.5e-05  6:1.8e-02
  272 ,   8161 : 5.7185080347389e+01 +(3e-02,7e-02) | 2.29e+03 |  9:2.2e-05  6:1.6e-02
  273 ,   8191 : 5.7192401665229e+01 +(2e-02,4e-02) | 2.33e+03 |  9:2.2e-05  6:1.7e-02
  274 ,   8221 : 5.7188752278539e+01 +(3e-02,9e-02) | 2.35e+03 |  9:2.4e-05  6:1.8e-02
  275 ,   8251 : 5.7178428910091e+01 +(3e-02,7e-02) | 2.33e+03 |  9:2.7e-05  6:2.0e-02
  276 ,   8281 : 5.7181327866659e+01 +(3e-02,6e-02) | 2.28e+03 |  9:2.8e-05  6:2.1e-02
  277 ,   8311 : 5.7188282607608e+01 +(2e-02,5e-02) | 2.30e+03 |  9:3.0e-05  6:2.2e-02
  278 ,   8341 : 5.7177774516392e+01 +(4e-02,1e-01) | 2.26e+03 |  9:2.9e-05  6:2.0e-02
  279 ,   8371 : 5.7177777550562e+01 +(3e-02,7e-02) | 2.26e+03 |  9:2.7e-05  6:1.9e-02
Iterat, #Fevals:   Function Value    (median,worst) |Axis Ratio|idx:Min SD idx:Max SD
  280 ,   8401 : 5.7185766510301e+01 +(2e-02,6e-02) | 2.29e+03 |  9:2.4e-05  6:1.7e-02
  281 ,   8431 : 5.7185752567606e+01 +(2e-02,6e-02) | 2.28e+03 |  9:2.5e-05  6:1.8e-02
  282 ,   8461 : 5.7185007262571e+01 +(3e-02,7e-02) | 2.31e+03 |  9:2.3e-05  6:1.6e-02
  283 ,   8491 : 5.7177778887840e+01 +(3e-02,7e-02) | 2.44e+03 |  9:2.4e-05  6:1.8e-02
  284 ,   8521 : 5.7180542043240e+01 +(3e-02,7e-02) | 2.22e+03 |  9:2.7e-05  6:2.0e-02
  285 ,   8551 : 5.7174012089697e+01 +(4e-02,8e-02) | 2.26e+03 |  9:2.7e-05  6:2.1e-02
  286 ,   8581 : 5.7177352641221e+01 +(4e-02,7e-02) | 2.24e+03 |  9:2.9e-05  6:2.2e-02
  287 ,   8611 : 5.7175402449929e+01 +(4e-02,7e-02) | 2.23e+03 |  9:2.5e-05  6:1.9e-02
  288 ,   8641 : 5.7180785767014e+01 +(2e-02,7e-02) | 2.34e+03 |  9:2.7e-05  6:2.0e-02
  289 ,   8671 : 5.7173942446027e+01 +(4e-02,6e-02) | 2.31e+03 |  9:3.0e-05  6:2.2e-02
Iterat, #Fevals:   Function Value    (median,worst) |Axis Ratio|idx:Min SD idx:Max SD
  290 ,   8701 : 5.7183575201610e+01 +(3e-02,6e-02) | 2.26e+03 |  9:3.4e-05  6:2.5e-02
  291 ,   8731 : 5.7182623828133e+01 +(3e-02,7e-02) | 2.24e+03 |  9:3.5e-05  6:2.5e-02
  292 ,   8761 : 5.7186872904821e+01 +(2e-02,5e-02) | 2.34e+03 |  9:3.3e-05  6:2.4e-02
  293 ,   8791 : 5.7181124631015e+01 +(3e-02,7e-02) | 2.39e+03 |  9:3.3e-05  6:2.3e-02
  294 ,   8821 : 5.7176465363996e+01 +(4e-02,7e-02) | 2.34e+03 |  9:3.1e-05  6:2.1e-02
  295 ,   8851 : 5.7176725341277e+01 +(3e-02,7e-02) | 2.44e+03 |  9:3.0e-05  6:2.1e-02
  296 ,   8881 : 5.7189453309274e+01 +(2e-02,5e-02) | 2.53e+03 |  9:2.7e-05  6:1.9e-02
  297 ,   8911 : 5.7181683947361e+01 +(3e-02,1e-01) | 2.66e+03 |  9:2.7e-05  6:1.9e-02
  298 ,   8941 : 5.7181648824728e+01 +(3e-02,7e-02) | 2.78e+03 |  9:2.6e-05  6:1.9e-02
  299 ,   8971 : 5.7181587442770e+01 +(3e-02,7e-02) | 2.80e+03 |  9:2.8e-05  6:2.1e-02
Iterat, #Fevals:   Function Value    (median,worst) |Axis Ratio|idx:Min SD idx:Max SD
  300 ,   9001 : 5.7171062774513e+01 +(5e-02,1e-01) | 2.69e+03 |  9:2.8e-05  6:2.0e-02
  301 ,   9031 : 5.7175198328521e+01 +(4e-02,8e-02) | 2.87e+03 |  9:3.3e-05  6:2.3e-02
  302 ,   9061 : 5.7182415274156e+01 +(3e-02,8e-02) | 2.85e+03 |  9:3.9e-05  6:2.5e-02
  303 ,   9091 : 5.7174111615710e+01 +(4e-02,7e-02) | 2.85e+03 |  9:4.1e-05  6:2.5e-02
  304 ,   9121 : 5.7172120170744e+01 +(4e-02,7e-02) | 2.64e+03 |  9:4.9e-05  6:3.0e-02
  305 ,   9151 : 5.7171181377144e+01 +(4e-02,7e-02) | 2.75e+03 |  9:6.6e-05  6:3.8e-02
  306 ,   9181 : 5.7194597920534e+01 +(2e-02,7e-02) | 2.88e+03 |  9:6.7e-05  6:4.0e-02
  307 ,   9211 : 5.7187831236374e+01 +(3e-02,6e-02) | 3.02e+03 |  9:6.2e-05  6:3.8e-02
  308 ,   9241 : 5.7182175320873e+01 +(3e-02,7e-02) | 2.82e+03 |  9:5.8e-05  6:3.5e-02
  309 ,   9271 : 5.7185359790930e+01 +(3e-02,6e-02) | 2.88e+03 |  9:5.1e-05  6:3.1e-02
Iterat, #Fevals:   Function Value    (median,worst) |Axis Ratio|idx:Min SD idx:Max SD
  310 ,   9301 : 5.7163432394935e+01 +(4e-02,8e-02) | 2.90e+03 |  9:5.1e-05  6:3.0e-02
  311 ,   9331 : 5.7177863499168e+01 +(3e-02,7e-02) | 2.86e+03 |  9:4.9e-05  6:2.6e-02
  312 ,   9361 : 5.7177000115190e+01 +(2e-02,6e-02) | 2.83e+03 |  9:5.3e-05  6:2.7e-02
  313 ,   9391 : 5.7170375904306e+01 +(3e-02,9e-02) | 2.85e+03 |  9:5.4e-05  6:2.6e-02
  314 ,   9421 : 5.7169359072527e+01 +(4e-02,8e-02) | 2.80e+03 |  9:4.8e-05  6:2.3e-02
  315 ,   9451 : 5.7170858595752e+01 +(4e-02,1e-01) | 2.71e+03 |  9:4.4e-05  6:2.0e-02
  316 ,   9481 : 5.7159486663901e+01 +(5e-02,1e-01) | 2.80e+03 |  9:3.9e-05  6:1.8e-02
  317 ,   9511 : 5.7165396799568e+01 +(5e-02,9e-02) | 2.86e+03 |  9:4.3e-05  6:2.0e-02
  318 ,   9541 : 5.7180034360465e+01 +(3e-02,8e-02) | 2.97e+03 |  9:3.7e-05  6:1.8e-02
  319 ,   9571 : 5.7181741744680e+01 +(3e-02,7e-02) | 3.03e+03 |  9:3.6e-05  6:1.8e-02
Iterat, #Fevals:   Function Value    (median,worst) |Axis Ratio|idx:Min SD idx:Max SD
  320 ,   9601 : 5.7177920678404e+01 +(3e-02,6e-02) | 3.14e+03 |  9:3.6e-05  6:1.9e-02
  321 ,   9631 : 5.7177257593082e+01 +(3e-02,9e-02) | 3.19e+03 |  9:3.5e-05  6:1.8e-02
  322 ,   9661 : 5.7184731070863e+01 +(3e-02,6e-02) | 3.28e+03 |  9:3.4e-05  6:1.9e-02
  323 ,   9691 : 5.7191557581248e+01 +(2e-02,6e-02) | 3.25e+03 |  9:3.2e-05  6:1.7e-02
  324 ,   9721 : 5.7174413353125e+01 +(4e-02,8e-02) | 3.10e+03 |  9:2.9e-05  6:1.6e-02
  325 ,   9751 : 5.7193582847093e+01 +(2e-02,8e-02) | 2.93e+03 |  9:2.7e-05  6:1.4e-02
  326 ,   9781 : 5.7185990344279e+01 +(3e-02,8e-02) | 2.94e+03 |  9:2.3e-05  6:1.2e-02
  327 ,   9811 : 5.7180158685105e+01 +(3e-02,7e-02) | 2.93e+03 |  9:2.1e-05  6:1.1e-02
  328 ,   9841 : 5.7185095303752e+01 +(2e-02,5e-02) | 3.00e+03 |  9:2.0e-05  6:1.1e-02
  329 ,   9871 : 5.7171128496236e+01 +(4e-02,9e-02) | 2.92e+03 |  9:1.9e-05  6:1.0e-02
Iterat, #Fevals:   Function Value    (median,worst) |Axis Ratio|idx:Min SD idx:Max SD
  330 ,   9901 : 5.7185937365437e+01 +(3e-02,5e-02) | 3.07e+03 |  9:1.6e-05  6:9.5e-03
  331 ,   9931 : 5.7177121733545e+01 +(3e-02,6e-02) | 3.04e+03 |  9:1.7e-05  6:9.9e-03
  332 ,   9961 : 5.7176462338244e+01 +(3e-02,6e-02) | 2.99e+03 |  9:1.9e-05  6:1.1e-02
  333 ,   9991 : 5.7178536713496e+01 +(3e-02,1e-01) | 2.86e+03 |  9:2.1e-05  6:1.2e-02
  334 ,  10021 : 5.7178397600339e+01 +(3e-02,6e-02) | 2.90e+03 |  9:2.3e-05  6:1.4e-02
  335 ,  10051 : 5.7170200812038e+01 +(4e-02,1e-01) | 2.96e+03 |  9:2.3e-05  6:1.4e-02
  336 ,  10081 : 5.7166394967417e+01 +(5e-02,9e-02) | 2.91e+03 |  9:2.2e-05  6:1.3e-02
  337 ,  10111 : 5.7179469522315e+01 +(3e-02,7e-02) | 2.97e+03 |  9:2.1e-05  6:1.3e-02
  338 ,  10141 : 5.7172302102832e+01 +(4e-02,7e-02) | 2.79e+03 |  9:2.2e-05  6:1.3e-02
  339 ,  10171 : 5.7175037786006e+01 +(3e-02,8e-02) | 2.60e+03 |  9:2.6e-05  6:1.6e-02
Iterat, #Fevals:   Function Value    (median,worst) |Axis Ratio|idx:Min SD idx:Max SD
  340 ,  10201 : 5.7186025546503e+01 +(3e-02,7e-02) | 2.40e+03 |  9:2.4e-05  6:1.5e-02
  341 ,  10231 : 5.7167299571393e+01 +(4e-02,7e-02) | 2.37e+03 |  9:2.4e-05  6:1.4e-02
  342 ,  10261 : 5.7174389609955e+01 +(4e-02,7e-02) | 2.43e+03 |  9:2.3e-05  6:1.3e-02
  343 ,  10291 : 5.7173496284435e+01 +(4e-02,7e-02) | 2.35e+03 |  9:2.1e-05  6:1.2e-02
  344 ,  10321 : 5.7176552587022e+01 +(3e-02,8e-02) | 2.48e+03 |  9:2.0e-05  6:1.2e-02
  345 ,  10351 : 5.7168944967266e+01 +(4e-02,7e-02) | 2.63e+03 |  9:2.1e-05  6:1.3e-02
  346 ,  10381 : 5.7181393005527e+01 +(3e-02,9e-02) | 2.74e+03 |  9:1.8e-05  6:1.1e-02
  347 ,  10411 : 5.7170209972892e+01 +(4e-02,7e-02) | 2.91e+03 |  9:1.6e-05  6:1.0e-02
  348 ,  10441 : 5.7172782088257e+01 +(4e-02,9e-02) | 2.97e+03 |  9:1.4e-05  6:9.8e-03
  349 ,  10471 : 5.7191218492828e+01 +(2e-02,7e-02) | 3.04e+03 |  9:1.3e-05  6:8.8e-03
Iterat, #Fevals:   Function Value    (median,worst) |Axis Ratio|idx:Min SD idx:Max SD
  350 ,  10501 : 5.7188392830489e+01 +(2e-02,6e-02) | 3.00e+03 |  9:1.1e-05  6:7.7e-03
  351 ,  10531 : 5.7187916244019e+01 +(2e-02,6e-02) | 3.00e+03 |  9:1.1e-05  6:7.0e-03
  352 ,  10561 : 5.7181405737528e+01 +(3e-02,7e-02) | 3.06e+03 |  9:1.2e-05  6:7.8e-03
  353 ,  10591 : 5.7176996955451e+01 +(4e-02,7e-02) | 3.12e+03 |  9:1.1e-05  6:7.1e-03
  354 ,  10621 : 5.7179666381459e+01 +(3e-02,6e-02) | 3.10e+03 |  9:1.0e-05  6:6.2e-03
  355 ,  10651 : 5.7177742062372e+01 +(4e-02,7e-02) | 3.19e+03 |  9:9.3e-06  6:5.8e-03
  356 ,  10681 : 5.7179470122553e+01 +(2e-02,6e-02) | 3.14e+03 |  9:1.1e-05  6:7.1e-03
  357 ,  10711 : 5.7175973943245e+01 +(4e-02,7e-02) | 3.06e+03 |  9:1.1e-05  6:7.4e-03
  358 ,  10741 : 5.7174562818386e+01 +(4e-02,9e-02) | 3.13e+03 |  9:1.2e-05  6:7.8e-03
  359 ,  10771 : 5.7178347052038e+01 +(3e-02,7e-02) | 3.11e+03 |  9:1.2e-05  6:7.3e-03
Iterat, #Fevals:   Function Value    (median,worst) |Axis Ratio|idx:Min SD idx:Max SD
  360 ,  10801 : 5.7181382143455e+01 +(2e-02,8e-02) | 3.13e+03 |  9:1.3e-05  6:7.4e-03
  361 ,  10831 : 5.7180083254865e+01 +(3e-02,6e-02) | 3.30e+03 |  9:1.5e-05  6:9.2e-03
  362 ,  10861 : 5.7172405713079e+01 +(4e-02,8e-02) | 3.31e+03 |  9:1.5e-05  6:9.2e-03
  363 ,  10891 : 5.7158315763307e+01 +(4e-02,9e-02) | 3.23e+03 |  9:1.5e-05  6:9.2e-03
  364 ,  10921 : 5.7182136571872e+01 +(3e-02,6e-02) | 3.38e+03 |  9:1.3e-05  6:8.4e-03
  365 ,  10951 : 5.7178417366645e+01 +(3e-02,7e-02) | 3.76e+03 |  9:1.4e-05  6:9.7e-03
  366 ,  10981 : 5.7174245727964e+01 +(3e-02,7e-02) | 3.97e+03 |  9:1.4e-05  6:1.0e-02
  367 ,  11011 : 5.7176049584740e+01 +(4e-02,7e-02) | 4.07e+03 |  9:1.5e-05  6:1.1e-02
  368 ,  11041 : 5.7175136857063e+01 +(4e-02,7e-02) | 4.23e+03 |  9:1.6e-05  6:1.1e-02
  369 ,  11071 : 5.7164344889563e+01 +(4e-02,7e-02) | 4.34e+03 |  9:1.5e-05  6:1.1e-02
Iterat, #Fevals:   Function Value    (median,worst) |Axis Ratio|idx:Min SD idx:Max SD
  370 ,  11101 : 5.7176625530895e+01 +(3e-02,7e-02) | 4.30e+03 |  9:1.4e-05  6:9.8e-03
  371 ,  11131 : 5.7170784045138e+01 +(4e-02,8e-02) | 4.40e+03 |  9:1.3e-05  6:8.9e-03
  372 ,  11161 : 5.7176850680263e+01 +(3e-02,8e-02) | 4.33e+03 |  9:1.2e-05  6:8.3e-03
  373 ,  11191 : 5.7176960178957e+01 +(3e-02,6e-02) | 4.29e+03 |  9:1.2e-05  6:7.7e-03
  374 ,  11221 : 5.7174484794427e+01 +(3e-02,7e-02) | 4.50e+03 |  9:1.1e-05  6:7.4e-03
  375 ,  11251 : 5.7162999796690e+01 +(5e-02,7e-02) | 4.54e+03 |  9:1.1e-05  6:6.8e-03
  376 ,  11281 : 5.7194029997476e+01 +(2e-02,4e-02) | 4.34e+03 |  9:9.7e-06  6:6.0e-03
  377 ,  11311 : 5.7189392405879e+01 +(2e-02,5e-02) | 4.53e+03 |  9:8.4e-06  6:5.4e-03
  378 ,  11341 : 5.7165508173675e+01 +(4e-02,8e-02) | 4.85e+03 |  9:8.8e-06  6:6.0e-03
  379 ,  11371 : 5.7179181415423e+01 +(4e-02,9e-02) | 4.65e+03 |  9:8.6e-06  6:5.9e-03
Iterat, #Fevals:   Function Value    (median,worst) |Axis Ratio|idx:Min SD idx:Max SD
  380 ,  11401 : 5.7176621594779e+01 +(4e-02,8e-02) | 4.88e+03 |  9:8.0e-06  6:5.7e-03
  381 ,  11431 : 5.7187648244548e+01 +(2e-02,5e-02) | 4.78e+03 |  9:7.4e-06  6:5.5e-03
  382 ,  11461 : 5.7184817128659e+01 +(3e-02,6e-02) | 4.82e+03 |  9:7.8e-06  6:5.2e-03
  383 ,  11491 : 5.7177108769856e+01 +(4e-02,6e-02) | 4.85e+03 |  9:1.0e-05  6:5.8e-03
  384 ,  11521 : 5.7185472459779e+01 +(2e-02,5e-02) | 5.16e+03 |  9:1.2e-05  6:6.6e-03
  385 ,  11551 : 5.7184337140691e+01 +(3e-02,6e-02) | 4.77e+03 |  9:1.6e-05  6:7.8e-03
  386 ,  11581 : 5.7174575754336e+01 +(3e-02,6e-02) | 4.66e+03 |  9:1.5e-05  6:7.3e-03
  387 ,  11611 : 5.7178743875338e+01 +(3e-02,8e-02) | 4.85e+03 |  9:1.5e-05  6:6.7e-03
  388 ,  11641 : 5.7160337645141e+01 +(5e-02,8e-02) | 5.11e+03 |  9:1.5e-05  6:7.0e-03
  389 ,  11671 : 5.7180916238567e+01 +(3e-02,7e-02) | 5.28e+03 |  9:1.4e-05  6:6.7e-03
Iterat, #Fevals:   Function Value    (median,worst) |Axis Ratio|idx:Min SD idx:Max SD
  390 ,  11701 : 5.7149944132748e+01 +(7e-02,1e-01) | 4.86e+03 |  9:1.5e-05  6:6.9e-03
  391 ,  11731 : 5.7173203978358e+01 +(4e-02,8e-02) | 4.94e+03 |  9:1.5e-05  6:6.9e-03
  392 ,  11761 : 5.7184613036221e+01 +(2e-02,8e-02) | 4.94e+03 |  9:1.5e-05  6:7.2e-03
  393 ,  11791 : 5.7181850161816e+01 +(3e-02,1e-01) | 4.98e+03 |  9:1.4e-05  6:6.9e-03
  394 ,  11821 : 5.7188292252868e+01 +(2e-02,4e-02) | 4.86e+03 |  9:1.3e-05  6:6.1e-03
  395 ,  11851 : 5.7185371349684e+01 +(3e-02,6e-02) | 4.90e+03 |  9:1.3e-05  6:6.3e-03
  396 ,  11881 : 5.7177610373987e+01 +(3e-02,7e-02) | 4.77e+03 |  9:1.3e-05  6:6.4e-03
  397 ,  11911 : 5.7176297571677e+01 +(3e-02,7e-02) | 4.69e+03 |  9:1.4e-05  6:6.7e-03
  398 ,  11941 : 5.7174072823381e+01 +(4e-02,7e-02) | 4.77e+03 |  9:1.3e-05  6:6.5e-03
  399 ,  11971 : 5.7174737187823e+01 +(4e-02,6e-02) | 4.78e+03 |  9:1.3e-05  6:6.1e-03
Iterat, #Fevals:   Function Value    (median,worst) |Axis Ratio|idx:Min SD idx:Max SD
  400 ,  12001 : 5.7185592267275e+01 +(2e-02,7e-02) | 4.91e+03 |  9:1.3e-05  6:6.2e-03
  401 ,  12031 : 5.7169506922798e+01 +(4e-02,8e-02) | 4.97e+03 |  9:1.2e-05  6:5.9e-03
  402 ,  12061 : 5.7183333434118e+01 +(3e-02,8e-02) | 5.14e+03 |  9:1.2e-05  6:6.2e-03
  403 ,  12091 : 5.7174281149581e+01 +(4e-02,8e-02) | 4.97e+03 |  9:1.3e-05  6:5.9e-03
  404 ,  12121 : 5.7169233131183e+01 +(4e-02,7e-02) | 4.66e+03 |  9:1.1e-05  6:5.3e-03
  405 ,  12151 : 5.7175152538326e+01 +(3e-02,6e-02) | 4.76e+03 |  9:1.0e-05  6:4.8e-03
  406 ,  12181 : 5.7176489823275e+01 +(4e-02,7e-02) | 4.77e+03 |  9:9.1e-06  6:4.3e-03
  407 ,  12211 : 5.7184428649234e+01 +(3e-02,7e-02) | 4.48e+03 |  9:1.0e-05  6:4.4e-03
  408 ,  12241 : 5.7181154922662e+01 +(2e-02,5e-02) | 4.45e+03 |  9:1.2e-05  6:4.9e-03
  409 ,  12271 : 5.7188047656555e+01 +(2e-02,7e-02) | 4.62e+03 |  9:1.2e-05  6:4.9e-03
Iterat, #Fevals:   Function Value    (median,worst) |Axis Ratio|idx:Min SD idx:Max SD
  410 ,  12301 : 5.7180958078725e+01 +(3e-02,6e-02) | 4.62e+03 |  9:1.0e-05  6:4.6e-03
  411 ,  12331 : 5.7180692797880e+01 +(3e-02,7e-02) | 4.67e+03 |  9:1.1e-05  6:5.0e-03
  412 ,  12361 : 5.7167111455081e+01 +(4e-02,7e-02) | 4.68e+03 |  9:1.3e-05  6:5.4e-03
  413 ,  12391 : 5.7173660463795e+01 +(4e-02,8e-02) | 4.12e+03 |  9:1.6e-05  6:6.2e-03
  414 ,  12421 : 5.7184140816867e+01 +(3e-02,7e-02) | 4.31e+03 |  9:1.6e-05  6:6.1e-03
  415 ,  12451 : 5.7173063547862e+01 +(4e-02,8e-02) | 4.47e+03 |  9:1.6e-05  6:5.9e-03
  416 ,  12481 : 5.7155073688626e+01 +(5e-02,8e-02) | 4.52e+03 |  9:1.9e-05  6:7.4e-03
  417 ,  12511 : 5.7175025376466e+01 +(4e-02,7e-02) | 4.83e+03 |  9:1.9e-05  6:8.0e-03
  418 ,  12541 : 5.7190751086945e+01 +(2e-02,5e-02) | 4.97e+03 |  9:1.9e-05  6:7.7e-03
  419 ,  12571 : 5.7157551840910e+01 +(5e-02,8e-02) | 5.23e+03 |  9:1.9e-05  6:7.3e-03
Iterat, #Fevals:   Function Value    (median,worst) |Axis Ratio|idx:Min SD idx:Max SD
  420 ,  12601 : 5.7181978488174e+01 +(3e-02,7e-02) | 5.23e+03 |  9:1.6e-05  6:6.2e-03
  421 ,  12631 : 5.7179585972897e+01 +(3e-02,6e-02) | 5.25e+03 |  9:1.7e-05  6:6.1e-03
  422 ,  12661 : 5.7174257935350e+01 +(3e-02,9e-02) | 5.31e+03 |  9:1.5e-05  6:5.5e-03
  423 ,  12691 : 5.7184855759118e+01 +(2e-02,7e-02) | 5.74e+03 |  9:1.7e-05  6:6.1e-03
  424 ,  12721 : 5.7176484764046e+01 +(3e-02,7e-02) | 5.71e+03 |  9:1.7e-05  6:6.2e-03
  425 ,  12751 : 5.7174687188043e+01 +(4e-02,8e-02) | 6.13e+03 |  9:1.8e-05  6:6.6e-03
  426 ,  12781 : 5.7188271708230e+01 +(3e-02,6e-02) | 6.56e+03 |  9:1.8e-05  6:6.7e-03
  427 ,  12811 : 5.7169832611520e+01 +(4e-02,8e-02) | 6.31e+03 |  9:1.6e-05  6:6.2e-03
  428 ,  12841 : 5.7174914965761e+01 +(4e-02,7e-02) | 7.03e+03 |  9:1.4e-05  6:5.9e-03
  429 ,  12871 : 5.7172375395121e+01 +(5e-02,7e-02) | 7.27e+03 |  9:1.4e-05  6:5.6e-03
Iterat, #Fevals:   Function Value    (median,worst) |Axis Ratio|idx:Min SD idx:Max SD
  430 ,  12901 : 5.7193998860529e+01 +(2e-02,6e-02) | 7.51e+03 |  9:1.4e-05  6:5.7e-03
  431 ,  12931 : 5.7173748856721e+01 +(4e-02,8e-02) | 7.62e+03 |  9:1.3e-05  6:5.3e-03
  432 ,  12961 : 5.7185035709841e+01 +(2e-02,8e-02) | 7.74e+03 |  9:1.2e-05  6:5.2e-03
  433 ,  12991 : 5.7175911166072e+01 +(3e-02,7e-02) | 7.69e+03 |  9:1.2e-05  6:4.7e-03
  434 ,  13021 : 5.7173691666645e+01 +(3e-02,8e-02) | 7.72e+03 |  9:1.1e-05  6:4.3e-03
  435 ,  13051 : 5.7184763623106e+01 +(3e-02,6e-02) | 7.41e+03 |  9:1.1e-05  6:4.3e-03
  436 ,  13081 : 5.7176437586694e+01 +(4e-02,8e-02) | 7.73e+03 |  9:1.1e-05  6:4.5e-03
  437 ,  13111 : 5.7189711209492e+01 +(3e-02,6e-02) | 7.53e+03 |  9:1.0e-05  6:4.3e-03
  438 ,  13141 : 5.7184965368886e+01 +(3e-02,6e-02) | 7.70e+03 |  9:8.9e-06  6:3.9e-03
  439 ,  13171 : 5.7187658684499e+01 +(3e-02,7e-02) | 7.73e+03 |  9:1.0e-05  6:4.4e-03
Iterat, #Fevals:   Function Value    (median,worst) |Axis Ratio|idx:Min SD idx:Max SD
  440 ,  13201 : 5.7183134666147e+01 +(3e-02,7e-02) | 7.76e+03 |  9:1.1e-05  6:4.3e-03
  441 ,  13231 : 5.7194441141192e+01 +(2e-02,6e-02) | 8.09e+03 |  9:1.1e-05  6:4.4e-03
  442 ,  13261 : 5.7173897424233e+01 +(4e-02,9e-02) | 8.08e+03 |  9:1.1e-05  6:4.3e-03
  443 ,  13291 : 5.7169395140091e+01 +(4e-02,8e-02) | 8.00e+03 |  9:1.0e-05  6:4.0e-03
  444 ,  13321 : 5.7181464008931e+01 +(3e-02,7e-02) | 7.83e+03 |  9:1.0e-05  6:3.9e-03
  445 ,  13351 : 5.7173484786905e+01 +(4e-02,7e-02) | 7.62e+03 |  9:1.2e-05  6:4.1e-03
  446 ,  13381 : 5.7180330347509e+01 +(3e-02,6e-02) | 8.04e+03 |  9:1.1e-05  6:4.3e-03
  447 ,  13411 : 5.7168250827099e+01 +(5e-02,9e-02) | 8.31e+03 |  9:1.1e-05  6:4.1e-03
  448 ,  13441 : 5.7179639410236e+01 +(4e-02,6e-02) | 7.97e+03 |  9:1.0e-05  6:3.9e-03
  449 ,  13471 : 5.7171709772613e+01 +(4e-02,7e-02) | 7.80e+03 |  9:1.0e-05  6:3.7e-03
Iterat, #Fevals:   Function Value    (median,worst) |Axis Ratio|idx:Min SD idx:Max SD
  450 ,  13501 : 5.7177971484896e+01 +(3e-02,7e-02) | 8.06e+03 |  9:1.0e-05  6:3.7e-03
  451 ,  13531 : 5.7185982059281e+01 +(2e-02,7e-02) | 8.16e+03 |  9:1.2e-05  6:4.3e-03
  452 ,  13561 : 5.7173147223387e+01 +(4e-02,7e-02) | 8.85e+03 |  9:1.2e-05  6:4.7e-03
  453 ,  13591 : 5.7168999136309e+01 +(4e-02,9e-02) | 8.81e+03 |  9:1.1e-05  6:4.3e-03
  454 ,  13621 : 5.7179289784238e+01 +(3e-02,7e-02) | 9.49e+03 |  9:1.1e-05  6:4.6e-03
  455 ,  13651 : 5.7176663272438e+01 +(3e-02,7e-02) | 1.02e+04 |  9:1.1e-05  6:4.4e-03
  456 ,  13681 : 5.7182684055425e+01 +(2e-02,6e-02) | 1.02e+04 |  9:1.0e-05  6:4.1e-03
  457 ,  13711 : 5.7166386464314e+01 +(4e-02,7e-02) | 1.03e+04 |  9:9.5e-06  6:4.1e-03
  458 ,  13741 : 5.7186063450737e+01 +(3e-02,5e-02) | 1.04e+04 |  9:8.9e-06  6:3.8e-03
  459 ,  13771 : 5.7178425583534e+01 +(4e-02,7e-02) | 1.01e+04 |  9:1.0e-05  6:4.3e-03
Iterat, #Fevals:   Function Value    (median,worst) |Axis Ratio|idx:Min SD idx:Max SD
  460 ,  13801 : 5.7185171258670e+01 +(4e-02,6e-02) | 9.39e+03 |  9:1.1e-05  6:4.6e-03
  461 ,  13831 : 5.7169399109711e+01 +(3e-02,8e-02) | 9.58e+03 |  9:9.8e-06  6:4.2e-03
  462 ,  13861 : 5.7175821460894e+01 +(4e-02,7e-02) | 9.57e+03 |  9:9.9e-06  6:4.3e-03
  463 ,  13891 : 5.7177432589329e+01 +(3e-02,9e-02) | 9.79e+03 |  9:1.0e-05  6:4.4e-03
  464 ,  13921 : 5.7177976059949e+01 +(3e-02,8e-02) | 9.90e+03 |  9:9.3e-06  6:4.1e-03
  465 ,  13951 : 5.7181637210595e+01 +(3e-02,7e-02) | 1.01e+04 |  9:9.3e-06  6:4.2e-03
  466 ,  13981 : 5.7189382653216e+01 +(2e-02,6e-02) | 1.05e+04 |  9:8.0e-06  6:3.8e-03
  467 ,  14011 : 5.7178269615060e+01 +(3e-02,5e-02) | 1.09e+04 |  9:7.4e-06  6:3.6e-03
  468 ,  14041 : 5.7181577264960e+01 +(2e-02,6e-02) | 1.13e+04 |  9:6.9e-06  6:3.6e-03
  469 ,  14071 : 5.7165089933356e+01 +(4e-02,1e-01) | 1.07e+04 |  9:7.1e-06  6:3.5e-03
Iterat, #Fevals:   Function Value    (median,worst) |Axis Ratio|idx:Min SD idx:Max SD
  470 ,  14101 : 5.7183869945733e+01 +(3e-02,8e-02) | 1.09e+04 |  9:5.9e-06  6:2.9e-03
  471 ,  14131 : 5.7186606394684e+01 +(2e-02,7e-02) | 1.06e+04 |  9:5.6e-06  6:2.7e-03
  472 ,  14161 : 5.7184676193583e+01 +(2e-02,7e-02) | 1.13e+04 |  9:6.4e-06  6:3.2e-03
  473 ,  14191 : 5.7188239449142e+01 +(2e-02,6e-02) | 1.07e+04 |  9:7.7e-06  6:3.6e-03
  474 ,  14221 : 5.7173677149046e+01 +(4e-02,7e-02) | 1.04e+04 |  9:8.2e-06  6:3.9e-03
  475 ,  14251 : 5.7185520827410e+01 +(3e-02,6e-02) | 1.07e+04 |  9:9.5e-06  6:4.4e-03
  476 ,  14281 : 5.7178844845320e+01 +(3e-02,5e-02) | 1.09e+04 |  9:9.9e-06  6:4.6e-03
  477 ,  14311 : 5.7170608684778e+01 +(4e-02,9e-02) | 1.09e+04 |  9:1.1e-05  6:4.9e-03
  478 ,  14341 : 5.7174840665625e+01 +(4e-02,6e-02) | 1.10e+04 |  9:1.0e-05  6:4.6e-03
  479 ,  14371 : 5.7174419055373e+01 +(4e-02,7e-02) | 1.06e+04 |  9:9.4e-06  6:4.0e-03
Iterat, #Fevals:   Function Value    (median,worst) |Axis Ratio|idx:Min SD idx:Max SD
  480 ,  14401 : 5.7187452530510e+01 +(2e-02,5e-02) | 1.06e+04 |  9:9.5e-06  6:4.0e-03
  481 ,  14431 : 5.7172560957985e+01 +(3e-02,8e-02) | 1.08e+04 |  9:9.7e-06  6:4.2e-03
  482 ,  14461 : 5.7173873728406e+01 +(3e-02,7e-02) | 1.14e+04 |  9:1.1e-05  6:4.6e-03
  483 ,  14491 : 5.7168169903138e+01 +(4e-02,9e-02) | 1.15e+04 |  9:1.1e-05  6:5.0e-03
  484 ,  14521 : 5.7182977948678e+01 +(3e-02,6e-02) | 1.18e+04 |  9:1.0e-05  6:4.6e-03
  485 ,  14551 : 5.7182964071898e+01 +(3e-02,8e-02) | 1.16e+04 |  9:9.6e-06  6:4.4e-03
  486 ,  14581 : 5.7174234969765e+01 +(3e-02,8e-02) | 1.13e+04 |  9:9.7e-06  6:4.4e-03
  487 ,  14611 : 5.7166522785675e+01 +(5e-02,8e-02) | 1.16e+04 |  9:9.6e-06  6:4.6e-03
  488 ,  14641 : 5.7182864275667e+01 +(3e-02,7e-02) | 1.14e+04 |  9:9.3e-06  6:4.4e-03
  489 ,  14671 : 5.7172460555465e+01 +(4e-02,6e-02) | 1.21e+04 |  9:9.6e-06  6:4.8e-03
Iterat, #Fevals:   Function Value    (median,worst) |Axis Ratio|idx:Min SD idx:Max SD
  490 ,  14701 : 5.7194819391674e+01 +(2e-02,5e-02) | 1.22e+04 |  9:9.6e-06  6:4.9e-03
  491 ,  14731 : 5.7180840018483e+01 +(3e-02,8e-02) | 1.20e+04 |  9:9.8e-06  6:4.9e-03
  492 ,  14761 : 5.7180432287834e+01 +(3e-02,7e-02) | 1.17e+04 |  9:9.3e-06  6:4.4e-03
  493 ,  14791 : 5.7154677320871e+01 +(6e-02,9e-02) | 1.24e+04 |  9:1.2e-05  6:5.8e-03
  494 ,  14821 : 5.7178840741966e+01 +(3e-02,8e-02) | 1.24e+04 |  9:1.4e-05  6:6.2e-03
  495 ,  14851 : 5.7170762120004e+01 +(5e-02,8e-02) | 1.16e+04 |  9:1.4e-05  6:6.1e-03
  496 ,  14881 : 5.7179934721779e+01 +(3e-02,7e-02) | 1.17e+04 |  9:1.3e-05  6:5.8e-03
  497 ,  14911 : 5.7170383228307e+01 +(3e-02,9e-02) | 1.16e+04 |  9:1.2e-05  6:5.5e-03
  498 ,  14941 : 5.7179619586112e+01 +(3e-02,6e-02) | 1.14e+04 |  9:1.3e-05  6:5.6e-03
  499 ,  14971 : 5.7180636197006e+01 +(3e-02,8e-02) | 1.10e+04 |  9:1.3e-05  6:5.9e-03
Iterat, #Fevals:   Function Value    (median,worst) |Axis Ratio|idx:Min SD idx:Max SD
  500 ,  15001 : 5.7185577845627e+01 +(3e-02,7e-02) | 1.21e+04 |  9:1.3e-05  6:6.4e-03
  501 ,  15031 : 5.7176836794961e+01 +(3e-02,7e-02) | 1.21e+04 |  9:1.4e-05  6:6.7e-03
  502 ,  15061 : 5.7189546053335e+01 +(2e-02,7e-02) | 1.21e+04 |  9:1.4e-05  6:6.5e-03
  503 ,  15091 : 5.7177893569035e+01 +(3e-02,6e-02) | 1.23e+04 |  9:1.4e-05  6:6.4e-03
  504 ,  15121 : 5.7176177815660e+01 +(3e-02,6e-02) | 1.25e+04 |  9:1.5e-05  6:6.6e-03
  505 ,  15151 : 5.7179751571678e+01 +(3e-02,6e-02) | 1.28e+04 |  9:1.4e-05  6:6.5e-03
  506 ,  15181 : 5.7186715140904e+01 +(2e-02,7e-02) | 1.30e+04 |  9:1.3e-05  6:6.3e-03
  507 ,  15211 : 5.7181846922208e+01 +(3e-02,7e-02) | 1.28e+04 |  9:1.2e-05  6:5.5e-03
  508 ,  15241 : 5.7173877571334e+01 +(4e-02,9e-02) | 1.23e+04 |  9:1.1e-05  6:5.0e-03
  509 ,  15271 : 5.7173789775537e+01 +(4e-02,8e-02) | 1.26e+04 |  9:1.0e-05  6:4.8e-03
Iterat, #Fevals:   Function Value    (median,worst) |Axis Ratio|idx:Min SD idx:Max SD
  510 ,  15301 : 5.7176101477438e+01 +(3e-02,7e-02) | 1.22e+04 |  9:1.1e-05  6:5.4e-03
  511 ,  15331 : 5.7182537324103e+01 +(2e-02,7e-02) | 1.19e+04 |  9:1.0e-05  6:5.0e-03
  512 ,  15361 : 5.7172961664357e+01 +(3e-02,6e-02) | 1.16e+04 |  9:9.7e-06  6:4.5e-03
  513 ,  15391 : 5.7189143767792e+01 +(2e-02,4e-02) | 1.23e+04 |  9:1.1e-05  6:5.3e-03
  514 ,  15421 : 5.7183864079947e+01 +(3e-02,8e-02) | 1.22e+04 |  9:1.1e-05  6:5.1e-03
  515 ,  15451 : 5.7173873895613e+01 +(3e-02,8e-02) | 1.23e+04 |  9:1.1e-05  6:5.2e-03
  516 ,  15481 : 5.7176484810295e+01 +(4e-02,9e-02) | 1.47e+04 |  9:1.5e-05  6:8.6e-03
  517 ,  15511 : 5.7168623808331e+01 +(4e-02,8e-02) | 1.48e+04 |  9:1.8e-05  6:9.4e-03
  518 ,  15541 : 5.7176040448851e+01 +(3e-02,6e-02) | 1.41e+04 |  9:1.8e-05  6:9.4e-03
  519 ,  15571 : 5.7188002565072e+01 +(3e-02,5e-02) | 1.34e+04 |  9:1.5e-05  6:8.2e-03
Iterat, #Fevals:   Function Value    (median,worst) |Axis Ratio|idx:Min SD idx:Max SD
  520 ,  15601 : 5.7170558308598e+01 +(4e-02,8e-02) | 1.39e+04 |  9:1.6e-05  6:9.2e-03
  521 ,  15631 : 5.7173584893278e+01 +(3e-02,8e-02) | 1.34e+04 |  9:1.6e-05  6:9.3e-03
  522 ,  15661 : 5.7187016803059e+01 +(3e-02,5e-02) | 1.37e+04 |  9:1.5e-05  6:9.0e-03
  523 ,  15691 : 5.7180328196395e+01 +(3e-02,5e-02) | 1.40e+04 |  9:1.5e-05  6:8.7e-03
  524 ,  15721 : 5.7184789642699e+01 +(3e-02,7e-02) | 1.50e+04 |  9:1.6e-05  6:9.2e-03
  525 ,  15751 : 5.7173105892740e+01 +(3e-02,8e-02) | 1.50e+04 |  9:1.5e-05  6:8.7e-03
  526 ,  15781 : 5.7169748188488e+01 +(4e-02,9e-02) | 1.51e+04 |  9:1.4e-05  6:8.2e-03
  527 ,  15811 : 5.7165982919041e+01 +(5e-02,8e-02) | 1.54e+04 |  9:1.2e-05  6:7.4e-03
  528 ,  15841 : 5.7162867990258e+01 +(4e-02,9e-02) | 1.59e+04 |  9:1.3e-05  6:8.0e-03
  529 ,  15871 : 5.7181425156089e+01 +(3e-02,6e-02) | 1.64e+04 |  9:1.4e-05  6:9.3e-03
Iterat, #Fevals:   Function Value    (median,worst) |Axis Ratio|idx:Min SD idx:Max SD
  530 ,  15901 : 5.7181414985670e+01 +(3e-02,7e-02) | 1.81e+04 |  9:1.5e-05  6:1.1e-02
  531 ,  15931 : 5.7190385489897e+01 +(2e-02,7e-02) | 1.77e+04 |  9:1.6e-05  6:1.1e-02
  532 ,  15961 : 5.7164031094256e+01 +(5e-02,8e-02) | 1.75e+04 |  9:1.6e-05  6:1.1e-02
  533 ,  15991 : 5.7167218988575e+01 +(5e-02,9e-02) | 1.73e+04 |  9:1.9e-05  6:1.3e-02
  534 ,  16021 : 5.7184207875991e+01 +(2e-02,8e-02) | 1.70e+04 |  9:2.0e-05  6:1.2e-02
  535 ,  16051 : 5.7151788029145e+01 +(6e-02,1e-01) | 1.73e+04 |  9:2.1e-05  6:1.3e-02
  536 ,  16081 : 5.7170707403814e+01 +(4e-02,7e-02) | 1.75e+04 |  9:2.1e-05  6:1.2e-02
  537 ,  16111 : 5.7171933144143e+01 +(4e-02,7e-02) | 1.79e+04 |  9:1.8e-05  6:1.1e-02
  538 ,  16141 : 5.7176421037156e+01 +(2e-02,7e-02) | 1.79e+04 |  9:1.7e-05  6:1.1e-02
  539 ,  16171 : 5.7187846176058e+01 +(2e-02,9e-02) | 1.79e+04 |  9:1.8e-05  6:1.1e-02
Iterat, #Fevals:   Function Value    (median,worst) |Axis Ratio|idx:Min SD idx:Max SD
  540 ,  16201 : 5.7168276167142e+01 +(3e-02,8e-02) | 1.71e+04 |  9:2.3e-05  6:1.4e-02
  541 ,  16231 : 5.7182922847416e+01 +(3e-02,5e-02) | 1.70e+04 |  9:2.4e-05  6:1.5e-02
  542 ,  16261 : 5.7174396934432e+01 +(4e-02,7e-02) | 1.72e+04 |  9:2.3e-05  6:1.5e-02
  543 ,  16291 : 5.7187452163599e+01 +(3e-02,7e-02) | 1.76e+04 |  9:2.1e-05  6:1.3e-02
  544 ,  16321 : 5.7168417697214e+01 +(4e-02,8e-02) | 1.73e+04 |  9:2.2e-05  6:1.2e-02
  545 ,  16351 : 5.7175820634630e+01 +(4e-02,7e-02) | 1.70e+04 |  9:2.7e-05  6:1.4e-02
  546 ,  16381 : 5.7156624356897e+01 +(6e-02,1e-01) | 1.76e+04 |  9:2.5e-05  6:1.5e-02
  547 ,  16411 : 5.7164973825767e+01 +(5e-02,9e-02) | 1.70e+04 |  9:2.4e-05  6:1.3e-02
  548 ,  16441 : 5.7167880339388e+01 +(5e-02,9e-02) | 1.67e+04 |  9:2.4e-05  6:1.2e-02
  549 ,  16471 : 5.7176879977051e+01 +(4e-02,8e-02) | 1.69e+04 |  9:2.1e-05  6:1.1e-02
Iterat, #Fevals:   Function Value    (median,worst) |Axis Ratio|idx:Min SD idx:Max SD
  550 ,  16501 : 5.7169260309116e+01 +(4e-02,9e-02) | 1.63e+04 |  9:1.9e-05  6:9.7e-03
  551 ,  16531 : 5.7167978886232e+01 +(4e-02,7e-02) | 1.62e+04 |  9:1.9e-05  6:9.6e-03
  552 ,  16561 : 5.7184202327518e+01 +(3e-02,6e-02) | 1.68e+04 |  9:1.9e-05  6:9.4e-03
  553 ,  16591 : 5.7166566920370e+01 +(4e-02,7e-02) | 1.80e+04 |  9:1.7e-05  6:9.1e-03
  554 ,  16621 : 5.7179821351127e+01 +(3e-02,1e-01) | 1.85e+04 |  9:1.6e-05  6:8.5e-03
  555 ,  16651 : 5.7186536468263e+01 +(3e-02,8e-02) | 1.89e+04 |  9:2.0e-05  6:9.9e-03
  556 ,  16681 : 5.7166965549781e+01 +(4e-02,7e-02) | 1.93e+04 |  9:1.9e-05  6:9.7e-03
  557 ,  16711 : 5.7179555213113e+01 +(4e-02,8e-02) | 2.00e+04 |  9:1.9e-05  6:1.0e-02
  558 ,  16741 : 5.7162577118202e+01 +(5e-02,7e-02) | 2.11e+04 |  9:2.0e-05  6:1.0e-02
  559 ,  16771 : 5.7180315371044e+01 +(4e-02,7e-02) | 2.17e+04 |  9:2.0e-05  6:1.1e-02
Iterat, #Fevals:   Function Value    (median,worst) |Axis Ratio|idx:Min SD idx:Max SD
  560 ,  16801 : 5.7188411048925e+01 +(3e-02,6e-02) | 2.09e+04 |  9:2.1e-05  6:1.1e-02
  561 ,  16831 : 5.7192517832532e+01 +(2e-02,5e-02) | 2.05e+04 |  9:2.1e-05  6:1.1e-02
  562 ,  16861 : 5.7165902533375e+01 +(4e-02,8e-02) | 2.00e+04 |  9:2.1e-05  6:1.0e-02
  563 ,  16891 : 5.7173656906445e+01 +(3e-02,8e-02) | 2.02e+04 |  9:2.2e-05  6:1.1e-02
  564 ,  16921 : 5.7172410987976e+01 +(3e-02,7e-02) | 2.06e+04 |  9:2.1e-05  6:9.9e-03
  565 ,  16951 : 5.7185015516857e+01 +(2e-02,7e-02) | 2.12e+04 |  9:2.4e-05  6:1.2e-02
  566 ,  16981 : 5.7183460873093e+01 +(2e-02,7e-02) | 2.06e+04 |  9:2.7e-05  6:1.3e-02
  567 ,  17011 : 5.7183504420552e+01 +(3e-02,6e-02) | 2.13e+04 |  9:2.9e-05  6:1.4e-02
  568 ,  17041 : 5.7188136005685e+01 +(2e-02,4e-02) | 2.15e+04 |  9:2.4e-05  6:1.1e-02
  569 ,  17071 : 5.7187753337361e+01 +(2e-02,7e-02) | 2.33e+04 |  9:2.3e-05  6:1.1e-02
Iterat, #Fevals:   Function Value    (median,worst) |Axis Ratio|idx:Min SD idx:Max SD
  570 ,  17101 : 5.7174404062883e+01 +(3e-02,8e-02) | 2.43e+04 |  9:2.4e-05  6:1.2e-02
  571 ,  17131 : 5.7159397347957e+01 +(6e-02,9e-02) | 2.33e+04 |  9:2.3e-05  6:1.1e-02
  572 ,  17161 : 5.7171519223979e+01 +(4e-02,8e-02) | 2.28e+04 |  9:2.2e-05  6:1.1e-02
  573 ,  17191 : 5.7190785766632e+01 +(2e-02,7e-02) | 2.31e+04 |  9:2.1e-05  6:1.0e-02
  574 ,  17221 : 5.7183146793611e+01 +(3e-02,9e-02) | 2.35e+04 |  9:2.0e-05  6:9.7e-03
  575 ,  17251 : 5.7158298029018e+01 +(5e-02,8e-02) | 2.22e+04 |  9:1.9e-05  6:8.8e-03
  576 ,  17281 : 5.7170005626467e+01 +(4e-02,7e-02) | 2.31e+04 |  9:1.9e-05  6:8.6e-03
  577 ,  17311 : 5.7172630817585e+01 +(3e-02,7e-02) | 2.49e+04 |  9:2.2e-05  6:9.7e-03
  578 ,  17341 : 5.7174688020906e+01 +(4e-02,9e-02) | 2.51e+04 |  9:2.2e-05  6:9.7e-03
  579 ,  17371 : 5.7178579824541e+01 +(4e-02,6e-02) | 2.56e+04 |  9:2.2e-05  6:1.0e-02
Iterat, #Fevals:   Function Value    (median,worst) |Axis Ratio|idx:Min SD idx:Max SD
  580 ,  17401 : 5.7179159131596e+01 +(3e-02,7e-02) | 2.53e+04 |  9:2.5e-05  6:1.1e-02
  581 ,  17431 : 5.7178810041663e+01 +(2e-02,6e-02) | 2.42e+04 |  9:2.8e-05  6:1.2e-02
  582 ,  17461 : 5.7179172785298e+01 +(4e-02,7e-02) | 2.35e+04 |  9:2.5e-05  6:1.1e-02
  583 ,  17491 : 5.7173503654762e+01 +(4e-02,5e-02) | 2.69e+04 |  9:2.1e-05  6:1.1e-02
  584 ,  17521 : 5.7187979488973e+01 +(3e-02,7e-02) | 2.76e+04 |  9:2.0e-05  6:1.0e-02
  585 ,  17551 : 5.7163451373178e+01 +(4e-02,9e-02) | 2.73e+04 |  9:1.9e-05  6:9.5e-03
  586 ,  17581 : 5.7176774979537e+01 +(4e-02,7e-02) | 2.79e+04 |  9:2.0e-05  6:9.0e-03
  587 ,  17611 : 5.7190103113781e+01 +(3e-02,6e-02) | 2.61e+04 |  9:1.9e-05  6:8.5e-03
  588 ,  17641 : 5.7179225606574e+01 +(4e-02,8e-02) | 2.71e+04 |  9:1.7e-05  6:7.9e-03
  589 ,  17671 : 5.7179078546913e+01 +(3e-02,7e-02) | 2.67e+04 |  9:1.6e-05  6:7.8e-03
Iterat, #Fevals:   Function Value    (median,worst) |Axis Ratio|idx:Min SD idx:Max SD
  590 ,  17701 : 5.7184476124776e+01 +(3e-02,6e-02) | 2.60e+04 |  9:1.7e-05  6:7.6e-03
  591 ,  17731 : 5.7181521434522e+01 +(3e-02,8e-02) | 2.56e+04 |  9:1.5e-05  6:6.6e-03
  592 ,  17761 : 5.7189803372429e+01 +(2e-02,5e-02) | 2.63e+04 |  9:1.3e-05  6:5.7e-03
  593 ,  17791 : 5.7172099630243e+01 +(4e-02,8e-02) | 2.65e+04 |  9:1.2e-05  6:5.4e-03
  594 ,  17821 : 5.7177498055110e+01 +(3e-02,5e-02) | 2.66e+04 |  9:1.2e-05  6:5.5e-03
  595 ,  17851 : 5.7186706247752e+01 +(2e-02,6e-02) | 2.60e+04 |  9:1.4e-05  6:6.7e-03
#Fevals:   f(returned x)   |    bestever.f     | stopflag (saved to variablescmaes13_9_14_7_30.mat)
  17852: 5.71867062478e+01 | 5.71499441327e+01 | stagnation
mean solution: +6.6e-01 +1.3e+00 +3.6e+00 +3.1e+00 +1.6e+00 +3.8e+01 +3.5e+00 +6.9e-01 +2.7e+00
std deviation:  1.6e-04  2.6e-04  2.2e-04  6.1e-04  3.6e-04  6.7e-03  5.8e-04  2.6e-04  1.4e-05
use plotcmaesdat.m for plotting the output at any time (option LogModulo must not be zero)
