
                            < M A T L A B (R) >
                  Copyright 1984-2015 The MathWorks, Inc.
                   R2015a (8.5.0.197613) 64-bit (glnxa64)
                             February 12, 2015

 
For online documentation, see http://www.mathworks.com/support
For product information, visit www.mathworks.com.
 

	Academic License


seed =

                 87.434933

  n=9: (15,30)-CMA-ES(w=[21 15 12... 0.77 0.25]%, ]%, mu_eff=8.6) on function Error
Iterat, #Fevals:   Function Value    (median,worst) |Axis Ratio|idx:Min SD idx:Max SD
    1 ,     31 : 2.1990837524203e+02 +(4e+07,3e+16) | 1.42e+01 |  9:2.4e-01  4:3.3e+00
    2 ,     61 : 6.6770062782015e+01 +(3e+02,2e+17) | 1.44e+01 |  9:2.0e-01  4:2.9e+00
    3 ,     91 : 1.1880112687131e+02 +(3e+03,1e+09) | 1.45e+01 |  9:1.8e-01  4:2.6e+00
    4 ,    121 : 9.5425630390202e+01 +(2e+04,3e+15) | 1.51e+01 |  9:1.8e-01  4:2.6e+00
    5 ,    151 : 1.8053010224117e+02 +(1e+05,2e+08) | 1.49e+01 |  9:1.9e-01  4:2.6e+00
    6 ,    181 : 1.0013205641151e+02 +(4e+05,2e+08) | 1.50e+01 |  9:2.1e-01  4:2.9e+00
    7 ,    211 : 3.2986800919581e+02 +(4e+06,7e+14) | 1.63e+01 |  9:2.3e-01  4:3.4e+00
    8 ,    241 : 2.5995184385956e+02 +(1e+05,6e+13) | 1.67e+01 |  9:2.2e-01  4:3.2e+00
    9 ,    271 : 2.8257680456469e+02 +(2e+04,4e+08) | 1.69e+01 |  9:2.1e-01  4:3.1e+00
Iterat, #Fevals:   Function Value    (median,worst) |Axis Ratio|idx:Min SD idx:Max SD
   10 ,    301 : 8.2725785865242e+01 +(4e+03,5e+09) | 1.69e+01 |  9:1.8e-01  4:2.6e+00
   11 ,    331 : 1.9830134675924e+02 +(6e+04,1e+08) | 1.78e+01 |  9:1.7e-01  4:2.6e+00
   12 ,    361 : 8.1376713770706e+01 +(2e+02,3e+07) | 1.72e+01 |  9:1.5e-01  4:2.1e+00
   13 ,    391 : 8.3282910048679e+01 +(4e+02,1e+07) | 1.73e+01 |  9:1.4e-01  4:2.0e+00
   14 ,    421 : 6.6085728624120e+01 +(3e+02,4e+06) | 1.78e+01 |  9:1.3e-01  4:1.9e+00
   15 ,    451 : 6.4465105101210e+01 +(3e+02,5e+04) | 1.83e+01 |  9:1.2e-01  4:1.8e+00
   16 ,    481 : 8.6804157336025e+01 +(2e+02,1e+05) | 1.82e+01 |  9:1.3e-01  4:1.9e+00
   17 ,    511 : 8.3941310833775e+01 +(2e+02,2e+04) | 1.66e+01 |  9:1.5e-01  4:2.1e+00
   18 ,    541 : 1.5654211502601e+02 +(2e+02,5e+05) | 1.64e+01 |  9:1.5e-01  4:2.0e+00
   19 ,    571 : 6.8599718729286e+01 +(3e+02,2e+04) | 1.56e+01 |  9:1.2e-01  4:1.6e+00
Iterat, #Fevals:   Function Value    (median,worst) |Axis Ratio|idx:Min SD idx:Max SD
   20 ,    601 : 6.6440446549660e+01 +(3e+02,2e+05) | 1.59e+01 |  9:1.2e-01  4:1.6e+00
   21 ,    631 : 6.6755617134908e+01 +(3e+02,2e+04) | 1.49e+01 |  9:1.3e-01  4:1.6e+00
   22 ,    661 : 6.0711870815407e+01 +(3e+02,2e+05) | 1.52e+01 |  9:1.1e-01  4:1.3e+00
   23 ,    691 : 6.4991076534070e+01 +(3e+02,4e+04) | 1.55e+01 |  9:1.0e-01  4:1.2e+00
   24 ,    721 : 6.5735308298844e+01 +(2e+02,4e+04) | 1.55e+01 |  9:9.8e-02  4:1.2e+00
   25 ,    751 : 6.0213241463412e+01 +(3e+02,4e+04) | 1.58e+01 |  9:9.8e-02  4:1.2e+00
   26 ,    781 : 6.3144515135529e+01 +(2e+02,1e+04) | 1.51e+01 |  9:1.0e-01  4:1.2e+00
   27 ,    811 : 7.2920365105010e+01 +(2e+02,2e+04) | 1.54e+01 |  9:9.0e-02  4:1.0e+00
   28 ,    841 : 6.0836446664129e+01 +(2e+02,8e+03) | 1.57e+01 |  9:7.7e-02  4:8.9e-01
   29 ,    871 : 6.0717326619965e+01 +(2e+02,2e+03) | 1.53e+01 |  9:7.3e-02  4:8.2e-01
Iterat, #Fevals:   Function Value    (median,worst) |Axis Ratio|idx:Min SD idx:Max SD
   30 ,    901 : 5.8081330277510e+01 +(1e+02,5e+03) | 1.52e+01 |  9:6.4e-02  4:7.0e-01
   31 ,    931 : 6.3864063570729e+01 +(2e+02,2e+03) | 1.52e+01 |  9:5.9e-02  4:6.2e-01
   32 ,    961 : 6.3718443879733e+01 +(7e+01,1e+03) | 1.52e+01 |  9:6.0e-02  4:6.4e-01
   33 ,    991 : 5.8967910713158e+01 +(8e+01,1e+03) | 1.51e+01 |  9:5.8e-02  4:6.2e-01
   34 ,   1021 : 6.0644930620900e+01 +(5e+01,1e+03) | 1.37e+01 |  9:5.0e-02  4:5.3e-01
   35 ,   1051 : 5.9218945949447e+01 +(6e+01,1e+03) | 1.35e+01 |  9:5.1e-02  4:5.4e-01
   36 ,   1081 : 5.9063210779899e+01 +(3e+01,8e+02) | 1.38e+01 |  9:5.1e-02  4:5.6e-01
   37 ,   1111 : 5.9526873143037e+01 +(7e+01,4e+02) | 1.42e+01 |  9:5.2e-02  4:5.7e-01
   38 ,   1141 : 6.5678770160919e+01 +(8e+01,7e+02) | 1.51e+01 |  9:5.8e-02  4:6.5e-01
   39 ,   1171 : 5.7644645122766e+01 +(8e+01,4e+03) | 1.59e+01 |  9:5.1e-02  4:5.9e-01
Iterat, #Fevals:   Function Value    (median,worst) |Axis Ratio|idx:Min SD idx:Max SD
   40 ,   1201 : 5.8084857809639e+01 +(4e+01,1e+03) | 1.55e+01 |  9:4.5e-02  4:5.1e-01
   41 ,   1231 : 5.8125290261517e+01 +(9e+00,5e+02) | 1.60e+01 |  9:3.7e-02  4:4.3e-01
   42 ,   1261 : 5.9084053128238e+01 +(2e+01,9e+02) | 1.65e+01 |  9:3.6e-02  4:4.2e-01
   43 ,   1291 : 5.8225834525816e+01 +(3e+01,3e+02) | 1.68e+01 |  9:3.4e-02  4:3.9e-01
   44 ,   1321 : 5.8283213843285e+01 +(1e+01,2e+02) | 1.69e+01 |  9:3.3e-02  4:3.8e-01
   45 ,   1351 : 5.8276735447236e+01 +(1e+01,8e+01) | 1.83e+01 |  9:3.7e-02  4:4.1e-01
   46 ,   1381 : 5.8821251760181e+01 +(1e+01,1e+02) | 1.86e+01 |  9:3.0e-02  4:3.2e-01
   47 ,   1411 : 5.8546252335328e+01 +(2e+01,2e+02) | 2.01e+01 |  9:2.8e-02  4:3.2e-01
   48 ,   1441 : 5.8624397487218e+01 +(8e+00,8e+01) | 2.11e+01 |  9:2.6e-02  4:3.0e-01
   49 ,   1471 : 5.8584658844592e+01 +(3e+00,1e+02) | 2.19e+01 |  9:2.3e-02  4:2.8e-01
Iterat, #Fevals:   Function Value    (median,worst) |Axis Ratio|idx:Min SD idx:Max SD
   50 ,   1501 : 5.7909171267536e+01 +(9e+00,4e+01) | 2.24e+01 |  9:2.3e-02  4:2.7e-01
   51 ,   1531 : 5.7761314036743e+01 +(4e+00,9e+01) | 2.36e+01 |  9:2.7e-02  4:2.9e-01
   52 ,   1561 : 5.7766613247316e+01 +(2e+00,9e+01) | 2.48e+01 |  9:2.7e-02  4:2.9e-01
   53 ,   1591 : 5.7978368361077e+01 +(2e+00,4e+01) | 2.57e+01 |  9:2.6e-02  4:2.9e-01
   54 ,   1621 : 5.8018771520004e+01 +(6e+00,2e+02) | 2.72e+01 |  9:2.5e-02  4:2.9e-01
   55 ,   1651 : 5.8155163484556e+01 +(4e+00,4e+01) | 2.78e+01 |  9:2.5e-02  4:2.8e-01
   56 ,   1681 : 5.7482297955927e+01 +(2e+00,3e+01) | 2.88e+01 |  9:2.1e-02  4:2.4e-01
   57 ,   1711 : 5.7982462003118e+01 +(2e+00,4e+01) | 2.92e+01 |  9:1.9e-02  4:2.1e-01
   58 ,   1741 : 5.7763041711410e+01 +(2e+00,2e+01) | 2.96e+01 |  9:1.6e-02  4:1.9e-01
   59 ,   1771 : 5.7692534016954e+01 +(1e+00,2e+01) | 3.07e+01 |  9:1.8e-02  4:2.0e-01
Iterat, #Fevals:   Function Value    (median,worst) |Axis Ratio|idx:Min SD idx:Max SD
   60 ,   1801 : 5.7338012920960e+01 +(1e+00,9e+00) | 3.15e+01 |  9:2.2e-02  4:2.3e-01
   61 ,   1831 : 5.7680695964908e+01 +(2e+00,2e+01) | 3.39e+01 |  9:2.2e-02  4:2.5e-01
   62 ,   1861 : 5.7654710279837e+01 +(2e+00,4e+01) | 3.48e+01 |  9:1.8e-02  4:2.1e-01
   63 ,   1891 : 5.7605155254258e+01 +(2e+00,9e+00) | 3.60e+01 |  9:1.6e-02  4:1.9e-01
   64 ,   1921 : 5.7687635769165e+01 +(5e-01,8e+00) | 3.74e+01 |  9:1.5e-02  4:1.8e-01
   65 ,   1951 : 5.7498756011041e+01 +(8e-01,6e+00) | 4.03e+01 |  9:1.5e-02  4:1.9e-01
   66 ,   1981 : 5.7347061736675e+01 +(1e+00,4e+01) | 4.17e+01 |  9:1.4e-02  4:1.8e-01
   67 ,   2011 : 5.7304714941233e+01 +(1e+00,6e+00) | 4.55e+01 |  9:1.5e-02  4:2.1e-01
   68 ,   2041 : 5.7450017315644e+01 +(1e+00,1e+01) | 4.57e+01 |  9:1.4e-02  4:1.9e-01
   69 ,   2071 : 5.7475169412851e+01 +(5e-01,1e+01) | 5.06e+01 |  9:1.3e-02  4:1.9e-01
Iterat, #Fevals:   Function Value    (median,worst) |Axis Ratio|idx:Min SD idx:Max SD
   70 ,   2101 : 5.7392364810687e+01 +(8e-01,4e+00) | 5.20e+01 |  9:1.1e-02  4:1.7e-01
   71 ,   2131 : 5.7333772884740e+01 +(6e-01,1e+01) | 5.23e+01 |  9:1.1e-02  4:1.6e-01
   72 ,   2161 : 5.7370616287590e+01 +(4e-01,6e+00) | 5.31e+01 |  9:9.3e-03  4:1.4e-01
   73 ,   2191 : 5.7358508411869e+01 +(4e-01,3e+00) | 5.45e+01 |  9:9.1e-03  4:1.4e-01
   74 ,   2221 : 5.7342770992084e+01 +(2e-01,2e+00) | 5.62e+01 |  9:8.9e-03  4:1.4e-01
   75 ,   2251 : 5.7231401885817e+01 +(4e-01,2e+00) | 5.81e+01 |  9:8.5e-03  4:1.3e-01
   76 ,   2281 : 5.7264440514849e+01 +(3e-01,3e+00) | 6.01e+01 |  9:9.1e-03  4:1.5e-01
   77 ,   2311 : 5.7331657256481e+01 +(3e-01,3e+00) | 5.91e+01 |  9:8.6e-03  4:1.4e-01
   78 ,   2341 : 5.7249498223990e+01 +(3e-01,5e+00) | 5.93e+01 |  9:7.9e-03  4:1.3e-01
   79 ,   2371 : 5.7211357576027e+01 +(3e-01,4e+00) | 6.07e+01 |  9:6.7e-03  4:1.1e-01
Iterat, #Fevals:   Function Value    (median,worst) |Axis Ratio|idx:Min SD idx:Max SD
   80 ,   2401 : 5.7259968019581e+01 +(3e-01,5e+00) | 5.97e+01 |  9:5.6e-03  4:9.3e-02
   81 ,   2431 : 5.7285897731534e+01 +(2e-01,2e+00) | 6.19e+01 |  9:5.1e-03  4:8.7e-02
   82 ,   2461 : 5.7180866673719e+01 +(3e-01,9e-01) | 6.69e+01 |  9:4.9e-03  4:9.3e-02
   83 ,   2491 : 5.7209275137096e+01 +(2e-01,2e+00) | 6.62e+01 |  9:5.1e-03  4:9.6e-02
   84 ,   2521 : 5.7246314661722e+01 +(1e-01,2e+00) | 6.69e+01 |  9:5.3e-03  4:1.0e-01
   85 ,   2551 : 5.7193986873163e+01 +(2e-01,7e-01) | 6.87e+01 |  9:4.8e-03  4:9.2e-02
   86 ,   2581 : 5.7229372173460e+01 +(2e-01,2e+00) | 7.08e+01 |  9:4.8e-03  4:9.4e-02
   87 ,   2611 : 5.7188863673035e+01 +(2e-01,8e-01) | 7.31e+01 |  9:4.6e-03  4:9.4e-02
   88 ,   2641 : 5.7241353100725e+01 +(1e-01,6e-01) | 7.49e+01 |  9:4.5e-03  4:9.4e-02
   89 ,   2671 : 5.7213576443838e+01 +(1e-01,1e+00) | 7.77e+01 |  9:4.4e-03  4:9.6e-02
Iterat, #Fevals:   Function Value    (median,worst) |Axis Ratio|idx:Min SD idx:Max SD
   90 ,   2701 : 5.7199281870005e+01 +(2e-01,5e-01) | 7.91e+01 |  9:3.6e-03  4:8.2e-02
   91 ,   2731 : 5.7243288759335e+01 +(1e-01,6e-01) | 8.15e+01 |  9:3.7e-03  4:8.9e-02
   92 ,   2761 : 5.7207870894126e+01 +(1e-01,9e-01) | 8.73e+01 |  9:3.5e-03  4:9.0e-02
   93 ,   2791 : 5.7220805208219e+01 +(1e-01,1e+00) | 8.94e+01 |  9:3.1e-03  4:8.1e-02
   94 ,   2821 : 5.7239498209965e+01 +(1e-01,7e-01) | 9.02e+01 |  9:2.6e-03  4:6.8e-02
   95 ,   2851 : 5.7204933257525e+01 +(9e-02,4e-01) | 8.87e+01 |  9:2.3e-03  4:6.1e-02
   96 ,   2881 : 5.7182829449389e+01 +(1e-01,2e-01) | 8.99e+01 |  9:2.0e-03  4:5.3e-02
   97 ,   2911 : 5.7184275746671e+01 +(9e-02,2e-01) | 9.03e+01 |  9:1.9e-03  4:5.0e-02
   98 ,   2941 : 5.7213323938221e+01 +(5e-02,2e-01) | 9.35e+01 |  9:1.7e-03  4:4.9e-02
   99 ,   2971 : 5.7206171433895e+01 +(9e-02,2e-01) | 9.39e+01 |  9:1.7e-03  4:4.9e-02
Iterat, #Fevals:   Function Value    (median,worst) |Axis Ratio|idx:Min SD idx:Max SD
  100 ,   3001 : 5.7203088731172e+01 +(6e-02,2e-01) | 9.30e+01 |  9:1.7e-03  4:4.9e-02
  101 ,   3031 : 5.7210073585985e+01 +(5e-02,2e-01) | 9.52e+01 |  9:1.6e-03  4:4.7e-02
  102 ,   3061 : 5.7188253092580e+01 +(8e-02,2e-01) | 1.02e+02 |  9:1.4e-03  4:4.5e-02
  103 ,   3091 : 5.7214502671049e+01 +(6e-02,1e-01) | 9.99e+01 |  9:1.4e-03  4:4.5e-02
  104 ,   3121 : 5.7202541980862e+01 +(5e-02,2e-01) | 1.06e+02 |  9:1.6e-03  4:5.4e-02
  105 ,   3151 : 5.7200168214259e+01 +(7e-02,1e-01) | 1.05e+02 |  9:1.4e-03  4:4.8e-02
  106 ,   3181 : 5.7200251915169e+01 +(7e-02,1e-01) | 1.03e+02 |  9:1.2e-03  4:4.3e-02
  107 ,   3211 : 5.7186719381307e+01 +(6e-02,2e-01) | 1.06e+02 |  9:1.0e-03  4:3.7e-02
  108 ,   3241 : 5.7202883074208e+01 +(5e-02,1e-01) | 1.13e+02 |  9:1.0e-03  4:3.9e-02
  109 ,   3271 : 5.7192287949098e+01 +(6e-02,2e-01) | 1.14e+02 |  9:9.2e-04  4:3.6e-02
Iterat, #Fevals:   Function Value    (median,worst) |Axis Ratio|idx:Min SD idx:Max SD
  110 ,   3301 : 5.7187792012055e+01 +(7e-02,1e-01) | 1.17e+02 |  9:8.5e-04  4:3.3e-02
  111 ,   3331 : 5.7169294055419e+01 +(7e-02,1e-01) | 1.18e+02 |  9:7.8e-04  4:3.0e-02
  112 ,   3361 : 5.7181367998583e+01 +(5e-02,2e-01) | 1.19e+02 |  9:7.4e-04  4:2.9e-02
  113 ,   3391 : 5.7184204957194e+01 +(5e-02,1e-01) | 1.18e+02 |  9:7.5e-04  4:2.9e-02
  114 ,   3421 : 5.7186895924252e+01 +(5e-02,1e-01) | 1.16e+02 |  9:7.5e-04  4:2.8e-02
  115 ,   3451 : 5.7175645862033e+01 +(6e-02,1e-01) | 1.16e+02 |  9:7.6e-04  4:2.7e-02
  116 ,   3481 : 5.7158364650392e+01 +(6e-02,2e-01) | 1.14e+02 |  9:6.7e-04  4:2.3e-02
  117 ,   3511 : 5.7165894463288e+01 +(6e-02,1e-01) | 1.15e+02 |  9:5.9e-04  4:2.0e-02
  118 ,   3541 : 5.7181891505616e+01 +(4e-02,1e-01) | 1.28e+02 |  9:6.3e-04  5:2.3e-02
  119 ,   3571 : 5.7179332919181e+01 +(5e-02,9e-02) | 1.34e+02 |  9:5.8e-04  5:2.2e-02
Iterat, #Fevals:   Function Value    (median,worst) |Axis Ratio|idx:Min SD idx:Max SD
  120 ,   3601 : 5.7148487317779e+01 +(8e-02,2e-01) | 1.42e+02 |  9:5.1e-04  5:2.2e-02
  121 ,   3631 : 5.7143160699235e+01 +(8e-02,1e-01) | 1.44e+02 |  9:5.3e-04  5:2.4e-02
  122 ,   3661 : 5.7171904526688e+01 +(6e-02,1e-01) | 1.57e+02 |  9:5.8e-04  5:2.7e-02
  123 ,   3691 : 5.7142596300254e+01 +(8e-02,2e-01) | 1.60e+02 |  9:6.0e-04  5:3.0e-02
  124 ,   3721 : 5.7165003346836e+01 +(6e-02,1e-01) | 1.63e+02 |  9:6.1e-04  5:3.1e-02
  125 ,   3751 : 5.7185375014114e+01 +(4e-02,2e-01) | 1.61e+02 |  9:5.6e-04  5:2.9e-02
  126 ,   3781 : 5.7171771328439e+01 +(5e-02,1e-01) | 1.62e+02 |  9:4.9e-04  5:2.6e-02
  127 ,   3811 : 5.7156441287274e+01 +(5e-02,1e-01) | 1.55e+02 |  9:4.9e-04  5:2.5e-02
  128 ,   3841 : 5.7160618126394e+01 +(7e-02,1e-01) | 1.51e+02 |  9:4.6e-04  5:2.4e-02
  129 ,   3871 : 5.7162162157186e+01 +(6e-02,1e-01) | 1.54e+02 |  9:4.0e-04  5:2.1e-02
Iterat, #Fevals:   Function Value    (median,worst) |Axis Ratio|idx:Min SD idx:Max SD
  130 ,   3901 : 5.7154386448028e+01 +(7e-02,1e-01) | 1.58e+02 |  9:3.7e-04  5:1.9e-02
  131 ,   3931 : 5.7152114738289e+01 +(6e-02,1e-01) | 1.60e+02 |  9:3.1e-04  5:1.6e-02
  132 ,   3961 : 5.7148796278681e+01 +(7e-02,1e-01) | 1.57e+02 |  9:3.0e-04  5:1.6e-02
  133 ,   3991 : 5.7148852913874e+01 +(6e-02,1e-01) | 1.58e+02 |  9:2.5e-04  5:1.3e-02
  134 ,   4021 : 5.7169421035432e+01 +(4e-02,1e-01) | 1.59e+02 |  9:2.7e-04  5:1.5e-02
  135 ,   4051 : 5.7168674562023e+01 +(5e-02,1e-01) | 1.67e+02 |  9:3.0e-04  5:1.6e-02
  136 ,   4081 : 5.7154975906690e+01 +(5e-02,1e-01) | 1.67e+02 |  9:2.7e-04  5:1.5e-02
  137 ,   4111 : 5.7150130323527e+01 +(6e-02,1e-01) | 1.71e+02 |  9:2.5e-04  5:1.3e-02
  138 ,   4141 : 5.7155168381815e+01 +(4e-02,1e-01) | 1.85e+02 |  9:2.3e-04  5:1.3e-02
  139 ,   4171 : 5.7150331314450e+01 +(5e-02,1e-01) | 1.76e+02 |  9:2.2e-04  5:1.2e-02
Iterat, #Fevals:   Function Value    (median,worst) |Axis Ratio|idx:Min SD idx:Max SD
  140 ,   4201 : 5.7153916665484e+01 +(5e-02,1e-01) | 1.79e+02 |  9:1.8e-04  5:9.7e-03
  141 ,   4231 : 5.7145612560691e+01 +(6e-02,1e-01) | 1.84e+02 |  9:1.7e-04  4:9.8e-03
  142 ,   4261 : 5.7158687203333e+01 +(5e-02,1e-01) | 1.94e+02 |  9:1.9e-04  4:1.1e-02
  143 ,   4291 : 5.7158583715459e+01 +(5e-02,1e-01) | 1.90e+02 |  9:1.8e-04  5:1.1e-02
  144 ,   4321 : 5.7164782993499e+01 +(5e-02,1e-01) | 2.01e+02 |  9:1.7e-04  5:1.0e-02
  145 ,   4351 : 5.7155086120842e+01 +(5e-02,1e-01) | 2.12e+02 |  9:1.7e-04  5:9.4e-03
  146 ,   4381 : 5.7151184973198e+01 +(5e-02,1e-01) | 2.19e+02 |  9:1.5e-04  5:8.9e-03
  147 ,   4411 : 5.7138560929308e+01 +(6e-02,1e-01) | 2.37e+02 |  9:1.6e-04  5:9.5e-03
  148 ,   4441 : 5.7147939056269e+01 +(5e-02,1e-01) | 2.41e+02 |  9:1.6e-04  5:9.3e-03
  149 ,   4471 : 5.7154070832304e+01 +(5e-02,8e-02) | 2.54e+02 |  9:1.6e-04  5:9.4e-03
Iterat, #Fevals:   Function Value    (median,worst) |Axis Ratio|idx:Min SD idx:Max SD
  150 ,   4501 : 5.7158111872164e+01 +(4e-02,1e-01) | 2.48e+02 |  9:1.3e-04  5:7.8e-03
  151 ,   4531 : 5.7145275468040e+01 +(6e-02,1e-01) | 2.45e+02 |  9:1.3e-04  4:7.6e-03
  152 ,   4561 : 5.7155616036635e+01 +(4e-02,1e-01) | 2.47e+02 |  9:1.4e-04  5:8.5e-03
  153 ,   4591 : 5.7146738572284e+01 +(5e-02,1e-01) | 2.49e+02 |  9:1.5e-04  5:9.1e-03
  154 ,   4621 : 5.7142648094026e+01 +(7e-02,1e-01) | 2.48e+02 |  9:1.6e-04  5:8.9e-03
  155 ,   4651 : 5.7145269449476e+01 +(5e-02,1e-01) | 2.53e+02 |  9:1.3e-04  5:7.7e-03
  156 ,   4681 : 5.7143054926575e+01 +(6e-02,1e-01) | 2.47e+02 |  9:1.2e-04  5:6.9e-03
  157 ,   4711 : 5.7145721590098e+01 +(4e-02,1e-01) | 2.47e+02 |  9:1.5e-04  5:8.0e-03
  158 ,   4741 : 5.7138154185231e+01 +(6e-02,1e-01) | 2.43e+02 |  9:1.4e-04  5:6.8e-03
  159 ,   4771 : 5.7144479461166e+01 +(5e-02,1e-01) | 2.92e+02 |  9:1.7e-04  4:8.9e-03
Iterat, #Fevals:   Function Value    (median,worst) |Axis Ratio|idx:Min SD idx:Max SD
  160 ,   4801 : 5.7147619071519e+01 +(5e-02,1e-01) | 3.11e+02 |  9:1.7e-04  5:9.5e-03
  161 ,   4831 : 5.7148285271158e+01 +(5e-02,1e-01) | 3.33e+02 |  9:1.9e-04  4:1.1e-02
  162 ,   4861 : 5.7155984238639e+01 +(4e-02,1e-01) | 3.40e+02 |  9:2.1e-04  4:1.2e-02
  163 ,   4891 : 5.7155286930205e+01 +(5e-02,1e-01) | 3.51e+02 |  9:1.9e-04  5:1.1e-02
  164 ,   4921 : 5.7141280184138e+01 +(5e-02,1e-01) | 3.66e+02 |  9:1.8e-04  4:1.0e-02
  165 ,   4951 : 5.7161040201545e+01 +(5e-02,1e-01) | 3.71e+02 |  9:1.9e-04  4:1.0e-02
  166 ,   4981 : 5.7176830269069e+01 +(2e-02,1e-01) | 3.72e+02 |  9:2.0e-04  4:1.1e-02
  167 ,   5011 : 5.7143032818503e+01 +(6e-02,1e-01) | 3.59e+02 |  9:1.7e-04  4:9.5e-03
  168 ,   5041 : 5.7149074133126e+01 +(5e-02,1e-01) | 3.54e+02 |  9:1.7e-04  5:9.7e-03
  169 ,   5071 : 5.7160556589064e+01 +(4e-02,1e-01) | 3.45e+02 |  9:1.7e-04  5:1.0e-02
Iterat, #Fevals:   Function Value    (median,worst) |Axis Ratio|idx:Min SD idx:Max SD
  170 ,   5101 : 5.7155252638976e+01 +(4e-02,1e-01) | 3.62e+02 |  9:1.8e-04  5:1.2e-02
  171 ,   5131 : 5.7152443499849e+01 +(4e-02,9e-02) | 3.68e+02 |  9:1.5e-04  5:1.0e-02
  172 ,   5161 : 5.7149873191726e+01 +(5e-02,1e-01) | 3.60e+02 |  9:1.2e-04  5:8.8e-03
  173 ,   5191 : 5.7141503221480e+01 +(6e-02,1e-01) | 3.57e+02 |  9:1.2e-04  5:8.4e-03
  174 ,   5221 : 5.7149598012969e+01 +(4e-02,1e-01) | 3.54e+02 |  9:1.2e-04  5:8.4e-03
  175 ,   5251 : 5.7142981162870e+01 +(5e-02,1e-01) | 3.72e+02 |  9:1.2e-04  5:8.9e-03
  176 ,   5281 : 5.7142971533977e+01 +(4e-02,1e-01) | 3.81e+02 |  9:1.4e-04  5:1.0e-02
  177 ,   5311 : 5.7150173368538e+01 +(5e-02,9e-02) | 3.75e+02 |  9:1.5e-04  5:1.0e-02
  178 ,   5341 : 5.7141706250585e+01 +(6e-02,2e-01) | 3.84e+02 |  9:1.4e-04  5:1.0e-02
  179 ,   5371 : 5.7145651998524e+01 +(5e-02,1e-01) | 3.86e+02 |  9:1.5e-04  5:1.1e-02
Iterat, #Fevals:   Function Value    (median,worst) |Axis Ratio|idx:Min SD idx:Max SD
  180 ,   5401 : 5.7147010382407e+01 +(4e-02,1e-01) | 3.96e+02 |  9:1.6e-04  5:1.1e-02
  181 ,   5431 : 5.7152368576685e+01 +(5e-02,1e-01) | 3.92e+02 |  9:1.4e-04  5:1.1e-02
  182 ,   5461 : 5.7149603154700e+01 +(5e-02,1e-01) | 3.71e+02 |  9:1.3e-04  5:9.5e-03
  183 ,   5491 : 5.7139087014365e+01 +(6e-02,1e-01) | 3.72e+02 |  9:1.3e-04  5:9.4e-03
  184 ,   5521 : 5.7143383809953e+01 +(5e-02,1e-01) | 3.58e+02 |  9:1.1e-04  5:8.0e-03
  185 ,   5551 : 5.7134081166902e+01 +(6e-02,1e-01) | 3.50e+02 |  9:1.1e-04  5:7.5e-03
  186 ,   5581 : 5.7146566016772e+01 +(4e-02,1e-01) | 3.47e+02 |  9:9.2e-05  5:6.6e-03
  187 ,   5611 : 5.7152909162678e+01 +(4e-02,9e-02) | 3.55e+02 |  9:8.8e-05  5:6.3e-03
  188 ,   5641 : 5.7132337886509e+01 +(6e-02,1e-01) | 3.54e+02 |  9:8.6e-05  4:5.8e-03
  189 ,   5671 : 5.7147516058247e+01 +(4e-02,1e-01) | 3.51e+02 |  9:9.6e-05  4:6.3e-03
Iterat, #Fevals:   Function Value    (median,worst) |Axis Ratio|idx:Min SD idx:Max SD
  190 ,   5701 : 5.7158860208712e+01 +(3e-02,7e-02) | 3.39e+02 |  9:1.0e-04  4:6.7e-03
  191 ,   5731 : 5.7154104442990e+01 +(4e-02,1e-01) | 2.98e+02 |  9:1.0e-04  4:6.8e-03
  192 ,   5761 : 5.7148720063339e+01 +(6e-02,1e-01) | 2.99e+02 |  9:1.0e-04  4:6.3e-03
  193 ,   5791 : 5.7145969265688e+01 +(6e-02,1e-01) | 3.05e+02 |  9:9.0e-05  4:6.0e-03
  194 ,   5821 : 5.7156652492171e+01 +(4e-02,1e-01) | 2.78e+02 |  9:8.4e-05  4:5.4e-03
  195 ,   5851 : 5.7149996811923e+01 +(5e-02,1e-01) | 2.85e+02 |  9:8.2e-05  4:5.1e-03
  196 ,   5881 : 5.7156787242095e+01 +(3e-02,1e-01) | 2.78e+02 |  9:8.2e-05  5:5.2e-03
  197 ,   5911 : 5.7149448220283e+01 +(4e-02,1e-01) | 2.61e+02 |  9:9.1e-05  5:5.6e-03
  198 ,   5941 : 5.7148178801213e+01 +(4e-02,9e-02) | 2.58e+02 |  9:8.7e-05  5:5.3e-03
  199 ,   5971 : 5.7151053678609e+01 +(5e-02,1e-01) | 2.39e+02 |  9:8.4e-05  4:5.3e-03
Iterat, #Fevals:   Function Value    (median,worst) |Axis Ratio|idx:Min SD idx:Max SD
  200 ,   6001 : 5.7166565819061e+01 +(3e-02,9e-02) | 2.40e+02 |  9:7.9e-05  4:5.2e-03
  201 ,   6031 : 5.7138887810632e+01 +(6e-02,1e-01) | 2.27e+02 |  9:7.9e-05  4:5.2e-03
  202 ,   6061 : 5.7148430698450e+01 +(5e-02,9e-02) | 2.27e+02 |  9:8.8e-05  4:5.5e-03
  203 ,   6091 : 5.7147225362518e+01 +(5e-02,1e-01) | 2.36e+02 |  9:8.4e-05  4:5.3e-03
  204 ,   6121 : 5.7150856714929e+01 +(5e-02,1e-01) | 2.45e+02 |  9:1.1e-04  4:5.9e-03
  205 ,   6151 : 5.7148188315636e+01 +(4e-02,1e-01) | 2.49e+02 |  9:9.6e-05  4:5.2e-03
  206 ,   6181 : 5.7154276642973e+01 +(4e-02,1e-01) | 2.57e+02 |  9:8.7e-05  4:4.8e-03
  207 ,   6211 : 5.7142222328486e+01 +(5e-02,1e-01) | 2.58e+02 |  9:9.3e-05  4:5.2e-03
  208 ,   6241 : 5.7161901883318e+01 +(2e-02,1e-01) | 2.43e+02 |  9:1.0e-04  4:5.6e-03
  209 ,   6271 : 5.7141642190985e+01 +(4e-02,1e-01) | 2.54e+02 |  9:1.1e-04  4:6.1e-03
Iterat, #Fevals:   Function Value    (median,worst) |Axis Ratio|idx:Min SD idx:Max SD
  210 ,   6301 : 5.7146191099230e+01 +(5e-02,1e-01) | 2.56e+02 |  9:1.1e-04  4:5.9e-03
  211 ,   6331 : 5.7132035796851e+01 +(8e-02,1e-01) | 2.52e+02 |  9:9.9e-05  4:5.4e-03
  212 ,   6361 : 5.7151309840070e+01 +(4e-02,9e-02) | 2.52e+02 |  9:9.3e-05  4:5.0e-03
  213 ,   6391 : 5.7142289178544e+01 +(5e-02,1e-01) | 2.53e+02 |  9:7.7e-05  4:4.2e-03
  214 ,   6421 : 5.7151706050316e+01 +(6e-02,1e-01) | 2.58e+02 |  9:7.1e-05  4:3.8e-03
  215 ,   6451 : 5.7131962514807e+01 +(7e-02,1e-01) | 2.63e+02 |  9:7.9e-05  4:4.2e-03
  216 ,   6481 : 5.7136431833733e+01 +(6e-02,1e-01) | 2.73e+02 |  9:8.3e-05  4:4.1e-03
  217 ,   6511 : 5.7156371012727e+01 +(4e-02,1e-01) | 2.70e+02 |  9:8.0e-05  4:4.0e-03
  218 ,   6541 : 5.7136458576235e+01 +(6e-02,1e-01) | 2.71e+02 |  9:7.9e-05  5:3.9e-03
  219 ,   6571 : 5.7138674452349e+01 +(7e-02,1e-01) | 2.77e+02 |  9:7.1e-05  4:3.6e-03
Iterat, #Fevals:   Function Value    (median,worst) |Axis Ratio|idx:Min SD idx:Max SD
  220 ,   6601 : 5.7144322229595e+01 +(5e-02,1e-01) | 2.74e+02 |  9:5.7e-05  4:3.0e-03
  221 ,   6631 : 5.7147851265546e+01 +(5e-02,9e-02) | 2.86e+02 |  9:5.6e-05  5:2.9e-03
  222 ,   6661 : 5.7146359793842e+01 +(4e-02,1e-01) | 2.78e+02 |  9:5.8e-05  5:3.1e-03
  223 ,   6691 : 5.7163454209699e+01 +(4e-02,1e-01) | 2.75e+02 |  9:6.0e-05  5:3.3e-03
  224 ,   6721 : 5.7148249510490e+01 +(4e-02,9e-02) | 2.65e+02 |  9:6.0e-05  5:3.3e-03
  225 ,   6751 : 5.7154429910684e+01 +(5e-02,9e-02) | 2.72e+02 |  9:5.7e-05  5:3.2e-03
  226 ,   6781 : 5.7149636509939e+01 +(4e-02,8e-02) | 2.64e+02 |  9:5.6e-05  5:3.2e-03
  227 ,   6811 : 5.7130742720346e+01 +(7e-02,1e-01) | 2.48e+02 |  9:5.2e-05  5:3.1e-03
  228 ,   6841 : 5.7141914132553e+01 +(6e-02,2e-01) | 2.58e+02 |  9:4.8e-05  5:3.0e-03
  229 ,   6871 : 5.7136889214344e+01 +(5e-02,1e-01) | 2.52e+02 |  9:4.4e-05  5:2.7e-03
Iterat, #Fevals:   Function Value    (median,worst) |Axis Ratio|idx:Min SD idx:Max SD
  230 ,   6901 : 5.7159247023340e+01 +(3e-02,1e-01) | 2.64e+02 |  9:4.6e-05  5:2.9e-03
  231 ,   6931 : 5.7162456214724e+01 +(4e-02,8e-02) | 2.68e+02 |  9:4.5e-05  5:2.7e-03
  232 ,   6961 : 5.7152065581950e+01 +(4e-02,8e-02) | 2.60e+02 |  9:4.6e-05  5:2.6e-03
  233 ,   6991 : 5.7151648447113e+01 +(4e-02,1e-01) | 2.51e+02 |  9:4.5e-05  5:2.6e-03
  234 ,   7021 : 5.7150470489841e+01 +(3e-02,1e-01) | 2.48e+02 |  9:4.3e-05  5:2.5e-03
  235 ,   7051 : 5.7139106041931e+01 +(5e-02,1e-01) | 2.46e+02 |  9:4.2e-05  5:2.3e-03
  236 ,   7081 : 5.7145924825456e+01 +(6e-02,1e-01) | 2.43e+02 |  9:3.4e-05  5:1.9e-03
  237 ,   7111 : 5.7142939352561e+01 +(5e-02,9e-02) | 2.59e+02 |  9:3.4e-05  5:2.0e-03
  238 ,   7141 : 5.7149943454585e+01 +(5e-02,1e-01) | 2.66e+02 |  9:3.2e-05  5:2.0e-03
  239 ,   7171 : 5.7138217065970e+01 +(5e-02,1e-01) | 2.56e+02 |  9:2.8e-05  5:1.7e-03
Iterat, #Fevals:   Function Value    (median,worst) |Axis Ratio|idx:Min SD idx:Max SD
  240 ,   7201 : 5.7150068011709e+01 +(4e-02,9e-02) | 2.56e+02 |  9:3.4e-05  5:2.1e-03
  241 ,   7231 : 5.7154976046944e+01 +(5e-02,1e-01) | 2.49e+02 |  9:3.4e-05  5:2.1e-03
  242 ,   7261 : 5.7145144052894e+01 +(5e-02,1e-01) | 2.54e+02 |  9:4.0e-05  5:2.3e-03
  243 ,   7291 : 5.7160902258646e+01 +(3e-02,9e-02) | 2.37e+02 |  9:4.5e-05  5:2.5e-03
  244 ,   7321 : 5.7151348415434e+01 +(5e-02,1e-01) | 2.48e+02 |  9:4.4e-05  5:2.4e-03
  245 ,   7351 : 5.7153945053679e+01 +(4e-02,1e-01) | 2.48e+02 |  9:4.2e-05  5:2.4e-03
  246 ,   7381 : 5.7128784965300e+01 +(6e-02,1e-01) | 2.65e+02 |  9:3.9e-05  5:2.3e-03
  247 ,   7411 : 5.7160774383168e+01 +(4e-02,1e-01) | 2.51e+02 |  9:3.8e-05  5:2.2e-03
  248 ,   7441 : 5.7141150189363e+01 +(6e-02,1e-01) | 2.68e+02 |  9:4.4e-05  5:2.5e-03
  249 ,   7471 : 5.7150745293974e+01 +(5e-02,1e-01) | 2.66e+02 |  9:5.1e-05  5:3.0e-03
Iterat, #Fevals:   Function Value    (median,worst) |Axis Ratio|idx:Min SD idx:Max SD
  250 ,   7501 : 5.7152310179007e+01 +(3e-02,1e-01) | 2.70e+02 |  9:4.5e-05  5:2.6e-03
  251 ,   7531 : 5.7146245743194e+01 +(5e-02,1e-01) | 2.80e+02 |  9:4.0e-05  5:2.2e-03
  252 ,   7561 : 5.7125673421925e+01 +(6e-02,1e-01) | 2.68e+02 |  9:4.1e-05  5:2.4e-03
  253 ,   7591 : 5.7143624360709e+01 +(5e-02,9e-02) | 2.71e+02 |  9:4.5e-05  5:2.6e-03
  254 ,   7621 : 5.7128818119640e+01 +(5e-02,2e-01) | 2.66e+02 |  9:4.3e-05  5:2.5e-03
  255 ,   7651 : 5.7141378303123e+01 +(5e-02,1e-01) | 2.72e+02 |  9:4.1e-05  5:2.4e-03
  256 ,   7681 : 5.7147623683639e+01 +(5e-02,1e-01) | 2.78e+02 |  9:3.6e-05  5:2.1e-03
  257 ,   7711 : 5.7131739645336e+01 +(6e-02,1e-01) | 2.76e+02 |  9:3.6e-05  5:2.1e-03
  258 ,   7741 : 5.7143411622071e+01 +(5e-02,1e-01) | 2.95e+02 |  9:3.8e-05  5:2.3e-03
  259 ,   7771 : 5.7148491747554e+01 +(4e-02,9e-02) | 3.00e+02 |  9:3.8e-05  5:2.3e-03
Iterat, #Fevals:   Function Value    (median,worst) |Axis Ratio|idx:Min SD idx:Max SD
  260 ,   7801 : 5.7146960133056e+01 +(5e-02,9e-02) | 3.08e+02 |  9:3.9e-05  5:2.4e-03
  261 ,   7831 : 5.7161197905174e+01 +(3e-02,7e-02) | 3.03e+02 |  9:3.8e-05  5:2.3e-03
  262 ,   7861 : 5.7144194038777e+01 +(5e-02,1e-01) | 3.12e+02 |  9:3.7e-05  5:2.1e-03
  263 ,   7891 : 5.7154103576964e+01 +(4e-02,1e-01) | 3.21e+02 |  9:3.5e-05  5:2.0e-03
  264 ,   7921 : 5.7143026690526e+01 +(4e-02,9e-02) | 3.24e+02 |  9:3.1e-05  5:1.8e-03
  265 ,   7951 : 5.7153565579305e+01 +(4e-02,8e-02) | 3.24e+02 |  9:3.2e-05  5:1.8e-03
  266 ,   7981 : 5.7140218935044e+01 +(5e-02,1e-01) | 3.28e+02 |  9:3.4e-05  5:1.9e-03
  267 ,   8011 : 5.7144131839989e+01 +(4e-02,1e-01) | 3.30e+02 |  9:3.9e-05  5:2.1e-03
  268 ,   8041 : 5.7149312598514e+01 +(5e-02,1e-01) | 3.37e+02 |  9:3.9e-05  5:2.2e-03
  269 ,   8071 : 5.7153790112436e+01 +(4e-02,1e-01) | 3.55e+02 |  9:4.1e-05  5:2.4e-03
Iterat, #Fevals:   Function Value    (median,worst) |Axis Ratio|idx:Min SD idx:Max SD
  270 ,   8101 : 5.7146883204061e+01 +(4e-02,1e-01) | 3.73e+02 |  9:3.9e-05  4:2.3e-03
  271 ,   8131 : 5.7144721713561e+01 +(4e-02,1e-01) | 3.80e+02 |  9:4.0e-05  5:2.2e-03
  272 ,   8161 : 5.7138342990188e+01 +(5e-02,1e-01) | 3.56e+02 |  9:4.0e-05  5:2.3e-03
  273 ,   8191 : 5.7147745226425e+01 +(3e-02,1e-01) | 3.64e+02 |  9:3.2e-05  5:1.9e-03
  274 ,   8221 : 5.7145260735709e+01 +(5e-02,1e-01) | 3.64e+02 |  9:2.8e-05  5:1.7e-03
  275 ,   8251 : 5.7143484389405e+01 +(5e-02,1e-01) | 3.67e+02 |  9:2.6e-05  5:1.5e-03
  276 ,   8281 : 5.7144629867289e+01 +(5e-02,1e-01) | 3.62e+02 |  9:2.6e-05  5:1.5e-03
  277 ,   8311 : 5.7149910064098e+01 +(3e-02,1e-01) | 3.79e+02 |  9:2.3e-05  5:1.3e-03
  278 ,   8341 : 5.7150354285988e+01 +(3e-02,1e-01) | 3.79e+02 |  9:2.4e-05  5:1.5e-03
  279 ,   8371 : 5.7138115986818e+01 +(5e-02,1e-01) | 3.78e+02 |  9:2.8e-05  5:1.6e-03
Iterat, #Fevals:   Function Value    (median,worst) |Axis Ratio|idx:Min SD idx:Max SD
  280 ,   8401 : 5.7143097390699e+01 +(5e-02,1e-01) | 3.54e+02 |  9:2.7e-05  5:1.6e-03
  281 ,   8431 : 5.7143886023054e+01 +(4e-02,9e-02) | 3.57e+02 |  9:3.4e-05  5:2.0e-03
  282 ,   8461 : 5.7145698831053e+01 +(5e-02,9e-02) | 3.76e+02 |  9:3.5e-05  5:2.1e-03
  283 ,   8491 : 5.7149067686262e+01 +(4e-02,8e-02) | 3.76e+02 |  9:3.7e-05  5:2.3e-03
  284 ,   8521 : 5.7148268234140e+01 +(5e-02,1e-01) | 3.82e+02 |  9:4.1e-05  5:2.6e-03
  285 ,   8551 : 5.7144813232111e+01 +(4e-02,1e-01) | 4.06e+02 |  9:4.3e-05  5:2.6e-03
  286 ,   8581 : 5.7131597114356e+01 +(7e-02,1e-01) | 3.98e+02 |  9:4.2e-05  5:2.4e-03
  287 ,   8611 : 5.7135964799762e+01 +(5e-02,1e-01) | 4.04e+02 |  9:4.2e-05  5:2.3e-03
  288 ,   8641 : 5.7143770826094e+01 +(3e-02,8e-02) | 3.99e+02 |  9:3.6e-05  5:2.0e-03
  289 ,   8671 : 5.7143269567832e+01 +(5e-02,1e-01) | 4.69e+02 |  9:3.8e-05  5:2.4e-03
Iterat, #Fevals:   Function Value    (median,worst) |Axis Ratio|idx:Min SD idx:Max SD
  290 ,   8701 : 5.7153190145873e+01 +(4e-02,1e-01) | 4.39e+02 |  9:4.3e-05  5:2.6e-03
  291 ,   8731 : 5.7130915714898e+01 +(5e-02,1e-01) | 4.45e+02 |  9:4.9e-05  5:3.0e-03
  292 ,   8761 : 5.7145698413902e+01 +(4e-02,9e-02) | 4.49e+02 |  9:5.3e-05  5:3.2e-03
  293 ,   8791 : 5.7136355661593e+01 +(6e-02,1e-01) | 4.43e+02 |  9:5.6e-05  5:3.3e-03
  294 ,   8821 : 5.7143181773158e+01 +(5e-02,1e-01) | 4.29e+02 |  9:5.7e-05  5:3.3e-03
  295 ,   8851 : 5.7133409080283e+01 +(6e-02,1e-01) | 4.39e+02 |  9:6.3e-05  5:3.7e-03
  296 ,   8881 : 5.7140737598627e+01 +(5e-02,1e-01) | 4.31e+02 |  9:7.1e-05  5:4.2e-03
  297 ,   8911 : 5.7145653506498e+01 +(3e-02,1e-01) | 4.63e+02 |  9:1.0e-04  5:5.4e-03
  298 ,   8941 : 5.7139290676632e+01 +(5e-02,1e-01) | 5.00e+02 |  9:1.1e-04  5:6.2e-03
  299 ,   8971 : 5.7150397280479e+01 +(4e-02,9e-02) | 4.97e+02 |  9:9.8e-05  5:5.6e-03
Iterat, #Fevals:   Function Value    (median,worst) |Axis Ratio|idx:Min SD idx:Max SD
  300 ,   9001 : 5.7144536427879e+01 +(5e-02,1e-01) | 5.01e+02 |  9:1.0e-04  5:5.9e-03
  301 ,   9031 : 5.7147919720438e+01 +(5e-02,9e-02) | 5.92e+02 |  9:1.2e-04  5:7.8e-03
  302 ,   9061 : 5.7133771317523e+01 +(5e-02,1e-01) | 6.25e+02 |  9:1.2e-04  5:8.1e-03
  303 ,   9091 : 5.7139340409908e+01 +(5e-02,1e-01) | 6.15e+02 |  9:1.1e-04  5:7.3e-03
  304 ,   9121 : 5.7149079368967e+01 +(4e-02,1e-01) | 6.23e+02 |  9:1.1e-04  5:7.1e-03
  305 ,   9151 : 5.7147049855963e+01 +(5e-02,1e-01) | 6.34e+02 |  9:9.6e-05  5:6.5e-03
  306 ,   9181 : 5.7144452620531e+01 +(5e-02,2e-01) | 6.22e+02 |  9:8.9e-05  5:5.7e-03
  307 ,   9211 : 5.7141075212352e+01 +(6e-02,9e-02) | 6.34e+02 |  9:8.9e-05  5:5.9e-03
  308 ,   9241 : 5.7151196742067e+01 +(4e-02,1e-01) | 6.12e+02 |  9:8.9e-05  5:5.8e-03
  309 ,   9271 : 5.7136725337465e+01 +(6e-02,1e-01) | 5.67e+02 |  9:8.9e-05  5:5.6e-03
Iterat, #Fevals:   Function Value    (median,worst) |Axis Ratio|idx:Min SD idx:Max SD
  310 ,   9301 : 5.7146776867864e+01 +(5e-02,1e-01) | 5.46e+02 |  9:1.0e-04  5:6.2e-03
  311 ,   9331 : 5.7154785658267e+01 +(4e-02,1e-01) | 5.45e+02 |  9:9.8e-05  5:5.9e-03
  312 ,   9361 : 5.7167326729236e+01 +(4e-02,1e-01) | 5.35e+02 |  9:9.7e-05  5:5.8e-03
  313 ,   9391 : 5.7145063413718e+01 +(5e-02,1e-01) | 5.25e+02 |  9:9.1e-05  5:5.4e-03
  314 ,   9421 : 5.7143519298024e+01 +(5e-02,1e-01) | 5.35e+02 |  9:9.8e-05  5:5.8e-03
  315 ,   9451 : 5.7153226679808e+01 +(4e-02,1e-01) | 5.54e+02 |  9:9.5e-05  5:5.8e-03
  316 ,   9481 : 5.7141580205675e+01 +(5e-02,1e-01) | 5.57e+02 |  9:8.9e-05  5:5.5e-03
  317 ,   9511 : 5.7148356394761e+01 +(4e-02,1e-01) | 5.42e+02 |  9:8.7e-05  5:5.5e-03
  318 ,   9541 : 5.7141463053838e+01 +(5e-02,1e-01) | 5.30e+02 |  9:8.4e-05  5:5.5e-03
  319 ,   9571 : 5.7139448590176e+01 +(5e-02,1e-01) | 5.05e+02 |  9:6.7e-05  5:4.4e-03
Iterat, #Fevals:   Function Value    (median,worst) |Axis Ratio|idx:Min SD idx:Max SD
  320 ,   9601 : 5.7118809108955e+01 +(8e-02,1e-01) | 5.20e+02 |  9:6.3e-05  5:4.4e-03
  321 ,   9631 : 5.7130346287851e+01 +(6e-02,1e-01) | 5.35e+02 |  9:6.1e-05  5:4.3e-03
  322 ,   9661 : 5.7131239365671e+01 +(5e-02,1e-01) | 5.41e+02 |  9:6.7e-05  5:4.5e-03
  323 ,   9691 : 5.7140411223561e+01 +(5e-02,1e-01) | 5.14e+02 |  9:7.0e-05  5:4.7e-03
  324 ,   9721 : 5.7148461600482e+01 +(5e-02,1e-01) | 5.11e+02 |  9:7.8e-05  5:5.1e-03
  325 ,   9751 : 5.7149734198607e+01 +(5e-02,1e-01) | 5.25e+02 |  9:8.0e-05  5:4.9e-03
  326 ,   9781 : 5.7129846472850e+01 +(6e-02,1e-01) | 5.16e+02 |  9:8.4e-05  5:4.9e-03
  327 ,   9811 : 5.7151937843831e+01 +(4e-02,9e-02) | 4.98e+02 |  9:8.6e-05  5:5.1e-03
  328 ,   9841 : 5.7139079225475e+01 +(5e-02,1e-01) | 4.97e+02 |  9:9.6e-05  5:5.8e-03
  329 ,   9871 : 5.7151264782822e+01 +(5e-02,1e-01) | 4.83e+02 |  9:8.4e-05  5:5.1e-03
Iterat, #Fevals:   Function Value    (median,worst) |Axis Ratio|idx:Min SD idx:Max SD
  330 ,   9901 : 5.7142828604240e+01 +(5e-02,1e-01) | 4.94e+02 |  9:7.7e-05  5:4.8e-03
  331 ,   9931 : 5.7143093152302e+01 +(5e-02,1e-01) | 4.92e+02 |  9:7.2e-05  5:4.5e-03
  332 ,   9961 : 5.7141218620046e+01 +(5e-02,1e-01) | 4.93e+02 |  9:8.0e-05  5:4.6e-03
  333 ,   9991 : 5.7134453116715e+01 +(7e-02,1e-01) | 5.03e+02 |  9:8.3e-05  5:4.7e-03
  334 ,  10021 : 5.7145163548018e+01 +(5e-02,1e-01) | 4.81e+02 |  9:8.0e-05  5:4.4e-03
  335 ,  10051 : 5.7144786244310e+01 +(4e-02,1e-01) | 4.78e+02 |  9:7.1e-05  5:4.0e-03
  336 ,  10081 : 5.7140162882239e+01 +(5e-02,1e-01) | 4.76e+02 |  9:6.5e-05  5:3.7e-03
  337 ,  10111 : 5.7139609604912e+01 +(7e-02,1e-01) | 4.65e+02 |  9:6.7e-05  5:3.8e-03
  338 ,  10141 : 5.7149312884096e+01 +(5e-02,1e-01) | 4.53e+02 |  9:6.3e-05  5:3.7e-03
  339 ,  10171 : 5.7142628709231e+01 +(4e-02,1e-01) | 4.68e+02 |  9:5.5e-05  5:3.3e-03
Iterat, #Fevals:   Function Value    (median,worst) |Axis Ratio|idx:Min SD idx:Max SD
  340 ,  10201 : 5.7132298763059e+01 +(6e-02,1e-01) | 4.58e+02 |  9:6.1e-05  5:3.6e-03
  341 ,  10231 : 5.7140167893698e+01 +(5e-02,1e-01) | 4.59e+02 |  9:6.2e-05  5:3.6e-03
  342 ,  10261 : 5.7147580721590e+01 +(3e-02,8e-02) | 4.47e+02 |  9:6.6e-05  5:3.8e-03
  343 ,  10291 : 5.7140355703732e+01 +(4e-02,1e-01) | 4.82e+02 |  9:7.2e-05  5:4.3e-03
  344 ,  10321 : 5.7143023007055e+01 +(5e-02,1e-01) | 5.03e+02 |  9:6.6e-05  5:3.9e-03
  345 ,  10351 : 5.7155987085537e+01 +(4e-02,1e-01) | 5.03e+02 |  9:7.1e-05  5:4.1e-03
  346 ,  10381 : 5.7148936983983e+01 +(3e-02,1e-01) | 5.19e+02 |  9:6.8e-05  5:4.1e-03
  347 ,  10411 : 5.7148068317440e+01 +(5e-02,1e-01) | 5.33e+02 |  9:7.6e-05  5:4.7e-03
  348 ,  10441 : 5.7143469032643e+01 +(5e-02,1e-01) | 5.50e+02 |  9:7.9e-05  5:4.8e-03
  349 ,  10471 : 5.7151011664652e+01 +(5e-02,1e-01) | 5.58e+02 |  9:7.0e-05  5:4.3e-03
Iterat, #Fevals:   Function Value    (median,worst) |Axis Ratio|idx:Min SD idx:Max SD
  350 ,  10501 : 5.7131129705013e+01 +(6e-02,1e-01) | 5.66e+02 |  9:7.1e-05  5:4.4e-03
  351 ,  10531 : 5.7144259358793e+01 +(4e-02,1e-01) | 5.68e+02 |  9:7.6e-05  5:4.5e-03
  352 ,  10561 : 5.7155464879431e+01 +(3e-02,1e-01) | 5.83e+02 |  9:6.9e-05  5:4.1e-03
  353 ,  10591 : 5.7157692505148e+01 +(4e-02,8e-02) | 6.15e+02 |  9:6.8e-05  5:4.3e-03
  354 ,  10621 : 5.7154315402389e+01 +(3e-02,9e-02) | 5.95e+02 |  9:6.7e-05  5:4.2e-03
  355 ,  10651 : 5.7153865509686e+01 +(4e-02,9e-02) | 5.71e+02 |  9:7.0e-05  5:4.2e-03
  356 ,  10681 : 5.7137635677960e+01 +(6e-02,1e-01) | 6.09e+02 |  9:7.3e-05  5:4.6e-03
  357 ,  10711 : 5.7144993003200e+01 +(4e-02,1e-01) | 6.19e+02 |  9:7.3e-05  5:4.5e-03
  358 ,  10741 : 5.7141726842736e+01 +(5e-02,1e-01) | 5.97e+02 |  9:6.9e-05  5:4.2e-03
  359 ,  10771 : 5.7145585676970e+01 +(5e-02,1e-01) | 6.18e+02 |  9:7.9e-05  5:4.8e-03
Iterat, #Fevals:   Function Value    (median,worst) |Axis Ratio|idx:Min SD idx:Max SD
  360 ,  10801 : 5.7156074557799e+01 +(3e-02,9e-02) | 6.05e+02 |  9:9.0e-05  5:5.3e-03
  361 ,  10831 : 5.7144719714246e+01 +(5e-02,1e-01) | 6.20e+02 |  9:9.5e-05  5:5.6e-03
  362 ,  10861 : 5.7147877247251e+01 +(5e-02,1e-01) | 6.29e+02 |  9:8.6e-05  5:5.2e-03
  363 ,  10891 : 5.7140748545705e+01 +(4e-02,1e-01) | 6.27e+02 |  9:7.5e-05  5:4.5e-03
  364 ,  10921 : 5.7141399884010e+01 +(4e-02,1e-01) | 6.12e+02 |  9:6.8e-05  5:3.9e-03
  365 ,  10951 : 5.7145630578322e+01 +(5e-02,9e-02) | 6.16e+02 |  9:6.3e-05  5:3.7e-03
  366 ,  10981 : 5.7159004337058e+01 +(3e-02,1e-01) | 6.24e+02 |  9:5.9e-05  5:3.6e-03
  367 ,  11011 : 5.7149252312972e+01 +(5e-02,1e-01) | 6.32e+02 |  9:6.2e-05  5:3.8e-03
  368 ,  11041 : 5.7149067022361e+01 +(5e-02,1e-01) | 6.20e+02 |  9:5.7e-05  5:3.4e-03
  369 ,  11071 : 5.7144619055257e+01 +(4e-02,1e-01) | 6.69e+02 |  9:6.2e-05  5:3.9e-03
Iterat, #Fevals:   Function Value    (median,worst) |Axis Ratio|idx:Min SD idx:Max SD
  370 ,  11101 : 5.7133855426707e+01 +(7e-02,1e-01) | 7.06e+02 |  9:6.0e-05  5:3.9e-03
  371 ,  11131 : 5.7155731349146e+01 +(4e-02,9e-02) | 7.15e+02 |  9:5.3e-05  5:3.5e-03
  372 ,  11161 : 5.7152404200501e+01 +(4e-02,1e-01) | 7.11e+02 |  9:4.6e-05  5:3.0e-03
  373 ,  11191 : 5.7156922728323e+01 +(4e-02,7e-02) | 7.38e+02 |  9:4.4e-05  5:2.8e-03
  374 ,  11221 : 5.7141602490099e+01 +(4e-02,1e-01) | 7.17e+02 |  9:3.7e-05  5:2.4e-03
  375 ,  11251 : 5.7146305253314e+01 +(4e-02,9e-02) | 7.13e+02 |  9:3.4e-05  5:2.2e-03
  376 ,  11281 : 5.7145445711246e+01 +(4e-02,8e-02) | 7.11e+02 |  9:3.4e-05  5:2.2e-03
  377 ,  11311 : 5.7158331700807e+01 +(3e-02,8e-02) | 6.74e+02 |  9:3.2e-05  5:2.1e-03
  378 ,  11341 : 5.7155696476983e+01 +(3e-02,9e-02) | 6.61e+02 |  9:3.3e-05  5:2.1e-03
  379 ,  11371 : 5.7161003998118e+01 +(3e-02,1e-01) | 6.98e+02 |  9:3.5e-05  5:2.3e-03
Iterat, #Fevals:   Function Value    (median,worst) |Axis Ratio|idx:Min SD idx:Max SD
  380 ,  11401 : 5.7152880902316e+01 +(2e-02,8e-02) | 7.46e+02 |  9:3.8e-05  5:2.5e-03
  381 ,  11431 : 5.7148080635875e+01 +(4e-02,9e-02) | 7.45e+02 |  9:3.4e-05  5:2.2e-03
  382 ,  11461 : 5.7144698040804e+01 +(5e-02,1e-01) | 7.60e+02 |  9:2.8e-05  5:1.8e-03
  383 ,  11491 : 5.7138946585852e+01 +(5e-02,1e-01) | 7.21e+02 |  9:2.9e-05  5:1.8e-03
  384 ,  11521 : 5.7139758478731e+01 +(4e-02,9e-02) | 7.41e+02 |  9:3.0e-05  5:1.8e-03
  385 ,  11551 : 5.7139909069745e+01 +(5e-02,1e-01) | 7.53e+02 |  9:3.2e-05  5:2.0e-03
  386 ,  11581 : 5.7162612548050e+01 +(4e-02,1e-01) | 8.20e+02 |  9:3.1e-05  5:1.9e-03
  387 ,  11611 : 5.7138230791568e+01 +(6e-02,1e-01) | 8.47e+02 |  9:2.9e-05  5:1.9e-03
  388 ,  11641 : 5.7145156227407e+01 +(4e-02,9e-02) | 8.54e+02 |  9:2.9e-05  5:1.8e-03
  389 ,  11671 : 5.7130574405371e+01 +(6e-02,1e-01) | 8.11e+02 |  9:2.4e-05  5:1.5e-03
Iterat, #Fevals:   Function Value    (median,worst) |Axis Ratio|idx:Min SD idx:Max SD
  390 ,  11701 : 5.7129731512580e+01 +(6e-02,1e-01) | 8.30e+02 |  9:2.2e-05  5:1.3e-03
  391 ,  11731 : 5.7150721443972e+01 +(5e-02,1e-01) | 7.61e+02 |  9:2.4e-05  5:1.5e-03
  392 ,  11761 : 5.7145292096618e+01 +(4e-02,1e-01) | 7.48e+02 |  9:2.4e-05  5:1.6e-03
  393 ,  11791 : 5.7151328702593e+01 +(4e-02,1e-01) | 7.15e+02 |  9:2.3e-05  5:1.5e-03
  394 ,  11821 : 5.7137072916635e+01 +(4e-02,1e-01) | 7.27e+02 |  9:2.2e-05  5:1.5e-03
  395 ,  11851 : 5.7132567228267e+01 +(6e-02,1e-01) | 7.13e+02 |  9:2.0e-05  5:1.4e-03
  396 ,  11881 : 5.7153963982872e+01 +(3e-02,1e-01) | 6.77e+02 |  9:2.0e-05  5:1.3e-03
  397 ,  11911 : 5.7148965746041e+01 +(3e-02,9e-02) | 6.79e+02 |  9:2.1e-05  5:1.4e-03
  398 ,  11941 : 5.7135920085446e+01 +(5e-02,9e-02) | 7.04e+02 |  9:2.0e-05  5:1.4e-03
  399 ,  11971 : 5.7146921371181e+01 +(4e-02,9e-02) | 6.80e+02 |  9:1.7e-05  5:1.2e-03
Iterat, #Fevals:   Function Value    (median,worst) |Axis Ratio|idx:Min SD idx:Max SD
  400 ,  12001 : 5.7134074976210e+01 +(6e-02,1e-01) | 6.51e+02 |  9:1.6e-05  5:1.1e-03
  401 ,  12031 : 5.7155118942381e+01 +(4e-02,1e-01) | 6.47e+02 |  9:1.8e-05  5:1.2e-03
  402 ,  12061 : 5.7146515789122e+01 +(3e-02,1e-01) | 6.56e+02 |  9:2.0e-05  5:1.3e-03
  403 ,  12091 : 5.7147368504639e+01 +(5e-02,1e-01) | 6.43e+02 |  9:2.0e-05  5:1.3e-03
  404 ,  12121 : 5.7141771634987e+01 +(6e-02,1e-01) | 6.26e+02 |  9:2.0e-05  5:1.3e-03
  405 ,  12151 : 5.7159843553164e+01 +(3e-02,1e-01) | 6.30e+02 |  9:2.0e-05  5:1.3e-03
  406 ,  12181 : 5.7144840885306e+01 +(5e-02,1e-01) | 6.26e+02 |  9:2.3e-05  5:1.5e-03
  407 ,  12211 : 5.7148123304992e+01 +(4e-02,1e-01) | 6.27e+02 |  9:2.4e-05  5:1.5e-03
  408 ,  12241 : 5.7144617871056e+01 +(5e-02,1e-01) | 6.88e+02 |  9:2.7e-05  5:1.6e-03
  409 ,  12271 : 5.7148282602580e+01 +(3e-02,1e-01) | 7.17e+02 |  9:3.0e-05  5:1.8e-03
Iterat, #Fevals:   Function Value    (median,worst) |Axis Ratio|idx:Min SD idx:Max SD
  410 ,  12301 : 5.7146091489450e+01 +(5e-02,1e-01) | 7.07e+02 |  9:3.0e-05  5:1.9e-03
  411 ,  12331 : 5.7143294909326e+01 +(5e-02,1e-01) | 7.05e+02 |  9:2.8e-05  5:1.8e-03
  412 ,  12361 : 5.7144339089740e+01 +(4e-02,9e-02) | 6.67e+02 |  9:2.8e-05  5:1.7e-03
  413 ,  12391 : 5.7144323042133e+01 +(4e-02,1e-01) | 7.02e+02 |  9:2.6e-05  5:1.6e-03
  414 ,  12421 : 5.7143211970238e+01 +(4e-02,1e-01) | 6.48e+02 |  9:2.6e-05  5:1.5e-03
  415 ,  12451 : 5.7136990901566e+01 +(6e-02,1e-01) | 6.56e+02 |  9:2.2e-05  5:1.2e-03
  416 ,  12481 : 5.7148844361593e+01 +(5e-02,1e-01) | 6.60e+02 |  9:2.1e-05  5:1.2e-03
  417 ,  12511 : 5.7157041824637e+01 +(3e-02,1e-01) | 6.24e+02 |  9:2.0e-05  5:1.1e-03
  418 ,  12541 : 5.7140896496628e+01 +(6e-02,1e-01) | 6.27e+02 |  9:1.9e-05  5:1.1e-03
  419 ,  12571 : 5.7148443841618e+01 +(5e-02,1e-01) | 6.37e+02 |  9:1.9e-05  5:1.0e-03
Iterat, #Fevals:   Function Value    (median,worst) |Axis Ratio|idx:Min SD idx:Max SD
  420 ,  12601 : 5.7147632597602e+01 +(3e-02,1e-01) | 7.08e+02 |  9:1.9e-05  5:1.1e-03
  421 ,  12631 : 5.7149782818251e+01 +(5e-02,1e-01) | 7.47e+02 |  9:1.7e-05  5:1.0e-03
  422 ,  12661 : 5.7133573183987e+01 +(5e-02,1e-01) | 7.44e+02 |  9:1.7e-05  5:1.0e-03
  423 ,  12691 : 5.7140792908503e+01 +(5e-02,1e-01) | 7.64e+02 |  9:1.8e-05  5:1.1e-03
  424 ,  12721 : 5.7142636955581e+01 +(5e-02,1e-01) | 7.27e+02 |  9:1.8e-05  5:1.1e-03
  425 ,  12751 : 5.7139277784379e+01 +(5e-02,1e-01) | 7.42e+02 |  9:1.7e-05  5:1.0e-03
  426 ,  12781 : 5.7142765224125e+01 +(4e-02,1e-01) | 7.32e+02 |  9:1.9e-05  4:1.1e-03
  427 ,  12811 : 5.7138365081045e+01 +(6e-02,1e-01) | 7.24e+02 |  9:1.8e-05  4:1.1e-03
  428 ,  12841 : 5.7150355925711e+01 +(5e-02,1e-01) | 7.54e+02 |  9:2.2e-05  5:1.3e-03
  429 ,  12871 : 5.7142925451785e+01 +(6e-02,1e-01) | 7.50e+02 |  9:2.4e-05  5:1.5e-03
Iterat, #Fevals:   Function Value    (median,worst) |Axis Ratio|idx:Min SD idx:Max SD
  430 ,  12901 : 5.7143768462866e+01 +(4e-02,1e-01) | 7.83e+02 |  9:2.6e-05  5:1.6e-03
  431 ,  12931 : 5.7146920302820e+01 +(5e-02,1e-01) | 8.30e+02 |  9:3.1e-05  5:1.9e-03
  432 ,  12961 : 5.7130760049275e+01 +(6e-02,1e-01) | 9.07e+02 |  9:3.4e-05  5:2.3e-03
  433 ,  12991 : 5.7148043704724e+01 +(4e-02,1e-01) | 9.48e+02 |  9:3.7e-05  5:2.5e-03
  434 ,  13021 : 5.7140284240788e+01 +(6e-02,1e-01) | 9.65e+02 |  9:3.6e-05  5:2.4e-03
  435 ,  13051 : 5.7141508135711e+01 +(4e-02,1e-01) | 9.40e+02 |  9:3.4e-05  5:2.3e-03
  436 ,  13081 : 5.7150905057909e+01 +(3e-02,1e-01) | 9.45e+02 |  9:3.5e-05  5:2.4e-03
  437 ,  13111 : 5.7149206687625e+01 +(5e-02,1e-01) | 9.71e+02 |  9:3.2e-05  5:2.2e-03
  438 ,  13141 : 5.7149832932423e+01 +(3e-02,9e-02) | 1.00e+03 |  9:3.2e-05  5:2.3e-03
  439 ,  13171 : 5.7144617585985e+01 +(6e-02,1e-01) | 1.07e+03 |  9:3.3e-05  5:2.5e-03
Iterat, #Fevals:   Function Value    (median,worst) |Axis Ratio|idx:Min SD idx:Max SD
  440 ,  13201 : 5.7145473960132e+01 +(3e-02,1e-01) | 1.04e+03 |  9:3.0e-05  5:2.2e-03
  441 ,  13231 : 5.7139333826496e+01 +(4e-02,1e-01) | 9.63e+02 |  9:2.9e-05  5:2.2e-03
  442 ,  13261 : 5.7156649952700e+01 +(3e-02,1e-01) | 1.01e+03 |  9:2.6e-05  5:2.0e-03
  443 ,  13291 : 5.7146615501093e+01 +(4e-02,1e-01) | 9.97e+02 |  9:2.6e-05  5:2.0e-03
  444 ,  13321 : 5.7146555069084e+01 +(4e-02,9e-02) | 1.03e+03 |  9:2.7e-05  5:2.1e-03
  445 ,  13351 : 5.7146952303034e+01 +(4e-02,1e-01) | 1.02e+03 |  9:2.5e-05  5:1.9e-03
  446 ,  13381 : 5.7142656512423e+01 +(5e-02,1e-01) | 1.07e+03 |  9:2.5e-05  5:1.9e-03
  447 ,  13411 : 5.7138144820840e+01 +(5e-02,1e-01) | 1.12e+03 |  9:2.2e-05  5:1.8e-03
  448 ,  13441 : 5.7144433164728e+01 +(5e-02,1e-01) | 1.09e+03 |  9:1.9e-05  5:1.5e-03
  449 ,  13471 : 5.7144560762491e+01 +(5e-02,1e-01) | 1.12e+03 |  9:1.7e-05  5:1.3e-03
Iterat, #Fevals:   Function Value    (median,worst) |Axis Ratio|idx:Min SD idx:Max SD
  450 ,  13501 : 5.7147366495380e+01 +(4e-02,1e-01) | 1.12e+03 |  9:1.6e-05  5:1.2e-03
  451 ,  13531 : 5.7143096385319e+01 +(6e-02,1e-01) | 1.18e+03 |  9:1.9e-05  5:1.4e-03
  452 ,  13561 : 5.7144868095419e+01 +(4e-02,1e-01) | 1.20e+03 |  9:1.8e-05  5:1.4e-03
  453 ,  13591 : 5.7151651979884e+01 +(3e-02,9e-02) | 1.19e+03 |  9:1.5e-05  5:1.1e-03
  454 ,  13621 : 5.7134403178279e+01 +(5e-02,1e-01) | 1.18e+03 |  9:1.8e-05  5:1.4e-03
  455 ,  13651 : 5.7140920328244e+01 +(4e-02,1e-01) | 1.18e+03 |  9:2.0e-05  5:1.5e-03
  456 ,  13681 : 5.7145516937031e+01 +(4e-02,1e-01) | 1.19e+03 |  9:2.1e-05  5:1.6e-03
  457 ,  13711 : 5.7140051261301e+01 +(5e-02,1e-01) | 1.15e+03 |  9:2.3e-05  5:1.7e-03
  458 ,  13741 : 5.7151362391780e+01 +(5e-02,8e-02) | 1.15e+03 |  9:2.0e-05  5:1.5e-03
  459 ,  13771 : 5.7139589001701e+01 +(5e-02,1e-01) | 1.17e+03 |  9:2.0e-05  5:1.5e-03
Iterat, #Fevals:   Function Value    (median,worst) |Axis Ratio|idx:Min SD idx:Max SD
  460 ,  13801 : 5.7148671224325e+01 +(5e-02,1e-01) | 1.22e+03 |  9:2.1e-05  5:1.6e-03
  461 ,  13831 : 5.7136398966565e+01 +(6e-02,1e-01) | 1.24e+03 |  9:1.8e-05  5:1.3e-03
  462 ,  13861 : 5.7151378012475e+01 +(4e-02,9e-02) | 1.29e+03 |  9:1.9e-05  5:1.4e-03
  463 ,  13891 : 5.7138623537165e+01 +(5e-02,1e-01) | 1.44e+03 |  9:2.0e-05  5:1.5e-03
  464 ,  13921 : 5.7140979509906e+01 +(5e-02,1e-01) | 1.49e+03 |  9:1.9e-05  5:1.5e-03
  465 ,  13951 : 5.7141855126072e+01 +(4e-02,9e-02) | 1.49e+03 |  9:1.7e-05  5:1.4e-03
  466 ,  13981 : 5.7142130525538e+01 +(5e-02,1e-01) | 1.51e+03 |  9:1.6e-05  5:1.3e-03
  467 ,  14011 : 5.7128151988839e+01 +(6e-02,1e-01) | 1.53e+03 |  9:1.5e-05  5:1.3e-03
  468 ,  14041 : 5.7139610681527e+01 +(4e-02,1e-01) | 1.52e+03 |  9:1.6e-05  5:1.4e-03
  469 ,  14071 : 5.7153831635219e+01 +(4e-02,1e-01) | 1.56e+03 |  9:1.8e-05  5:1.5e-03
Iterat, #Fevals:   Function Value    (median,worst) |Axis Ratio|idx:Min SD idx:Max SD
  470 ,  14101 : 5.7148505552894e+01 +(4e-02,1e-01) | 1.55e+03 |  9:1.7e-05  5:1.5e-03
  471 ,  14131 : 5.7131269533230e+01 +(7e-02,1e-01) | 1.59e+03 |  9:1.5e-05  4:1.4e-03
  472 ,  14161 : 5.7144445557856e+01 +(5e-02,1e-01) | 1.55e+03 |  9:1.3e-05  4:1.2e-03
  473 ,  14191 : 5.7144618923351e+01 +(5e-02,1e-01) | 1.58e+03 |  9:1.3e-05  5:1.1e-03
  474 ,  14221 : 5.7146849549409e+01 +(5e-02,1e-01) | 1.60e+03 |  9:1.2e-05  5:1.0e-03
  475 ,  14251 : 5.7128904290487e+01 +(6e-02,1e-01) | 1.62e+03 |  9:1.3e-05  5:1.1e-03
  476 ,  14281 : 5.7144426439598e+01 +(4e-02,1e-01) | 1.66e+03 |  9:1.4e-05  5:1.2e-03
  477 ,  14311 : 5.7150859586725e+01 +(4e-02,1e-01) | 1.76e+03 |  9:1.3e-05  5:1.1e-03
  478 ,  14341 : 5.7143542595936e+01 +(6e-02,1e-01) | 1.77e+03 |  9:1.3e-05  4:1.1e-03
  479 ,  14371 : 5.7148632043324e+01 +(6e-02,1e-01) | 1.83e+03 |  9:1.4e-05  5:1.2e-03
Iterat, #Fevals:   Function Value    (median,worst) |Axis Ratio|idx:Min SD idx:Max SD
  480 ,  14401 : 5.7145721911287e+01 +(4e-02,1e-01) | 1.86e+03 |  9:1.6e-05  5:1.4e-03
  481 ,  14431 : 5.7143392874304e+01 +(5e-02,9e-02) | 1.95e+03 |  9:1.7e-05  5:1.5e-03
  482 ,  14461 : 5.7163452223483e+01 +(2e-02,9e-02) | 2.00e+03 |  9:1.6e-05  5:1.4e-03
  483 ,  14491 : 5.7143845202036e+01 +(5e-02,1e-01) | 1.95e+03 |  9:1.4e-05  5:1.3e-03
  484 ,  14521 : 5.7150267486335e+01 +(4e-02,8e-02) | 1.92e+03 |  9:1.5e-05  5:1.3e-03
  485 ,  14551 : 5.7145452386406e+01 +(6e-02,1e-01) | 1.80e+03 |  9:1.6e-05  5:1.4e-03
  486 ,  14581 : 5.7146930362198e+01 +(5e-02,1e-01) | 1.65e+03 |  9:1.7e-05  5:1.5e-03
  487 ,  14611 : 5.7157345162146e+01 +(3e-02,1e-01) | 1.75e+03 |  9:1.8e-05  5:1.6e-03
  488 ,  14641 : 5.7151868619274e+01 +(5e-02,1e-01) | 1.79e+03 |  9:1.9e-05  5:1.7e-03
  489 ,  14671 : 5.7127164510721e+01 +(5e-02,1e-01) | 1.83e+03 |  9:1.7e-05  5:1.5e-03
Iterat, #Fevals:   Function Value    (median,worst) |Axis Ratio|idx:Min SD idx:Max SD
  490 ,  14701 : 5.7150954282215e+01 +(3e-02,8e-02) | 1.81e+03 |  9:1.6e-05  5:1.5e-03
  491 ,  14731 : 5.7143690606880e+01 +(4e-02,1e-01) | 1.82e+03 |  9:1.7e-05  5:1.5e-03
  492 ,  14761 : 5.7137116029910e+01 +(4e-02,9e-02) | 1.83e+03 |  9:1.8e-05  4:1.7e-03
  493 ,  14791 : 5.7145406996990e+01 +(5e-02,1e-01) | 1.74e+03 |  9:1.7e-05  4:1.5e-03
  494 ,  14821 : 5.7149297147884e+01 +(4e-02,1e-01) | 1.78e+03 |  9:1.7e-05  4:1.5e-03
  495 ,  14851 : 5.7135770341971e+01 +(5e-02,1e-01) | 1.80e+03 |  9:1.5e-05  4:1.4e-03
  496 ,  14881 : 5.7144042620554e+01 +(5e-02,1e-01) | 1.93e+03 |  9:1.5e-05  4:1.4e-03
  497 ,  14911 : 5.7150919695899e+01 +(4e-02,9e-02) | 1.92e+03 |  9:1.4e-05  4:1.3e-03
  498 ,  14941 : 5.7143411540416e+01 +(5e-02,1e-01) | 1.82e+03 |  9:1.3e-05  4:1.2e-03
  499 ,  14971 : 5.7136461466907e+01 +(5e-02,1e-01) | 1.91e+03 |  9:1.3e-05  4:1.2e-03
Iterat, #Fevals:   Function Value    (median,worst) |Axis Ratio|idx:Min SD idx:Max SD
  500 ,  15001 : 5.7140240379433e+01 +(5e-02,1e-01) | 1.85e+03 |  9:1.2e-05  4:1.1e-03
  501 ,  15031 : 5.7150147698757e+01 +(5e-02,1e-01) | 1.92e+03 |  9:1.3e-05  4:1.2e-03
  502 ,  15061 : 5.7141055878408e+01 +(6e-02,1e-01) | 1.95e+03 |  9:1.1e-05  4:1.0e-03
  503 ,  15091 : 5.7145363858522e+01 +(5e-02,1e-01) | 1.89e+03 |  9:1.1e-05  4:9.5e-04
  504 ,  15121 : 5.7141181907217e+01 +(4e-02,1e-01) | 1.83e+03 |  9:1.0e-05  4:9.4e-04
  505 ,  15151 : 5.7138359552167e+01 +(6e-02,1e-01) | 1.94e+03 |  9:9.0e-06  4:8.4e-04
  506 ,  15181 : 5.7140005807086e+01 +(5e-02,1e-01) | 1.91e+03 |  9:7.8e-06  4:7.2e-04
  507 ,  15211 : 5.7142769377026e+01 +(4e-02,1e-01) | 1.90e+03 |  9:7.4e-06  4:7.0e-04
  508 ,  15241 : 5.7142307550713e+01 +(4e-02,1e-01) | 1.88e+03 |  9:6.9e-06  4:6.7e-04
  509 ,  15271 : 5.7145807372544e+01 +(4e-02,2e-01) | 1.92e+03 |  9:7.0e-06  4:6.6e-04
Iterat, #Fevals:   Function Value    (median,worst) |Axis Ratio|idx:Min SD idx:Max SD
  510 ,  15301 : 5.7136970925335e+01 +(5e-02,1e-01) | 1.93e+03 |  9:8.0e-06  4:7.0e-04
  511 ,  15331 : 5.7143061265566e+01 +(4e-02,8e-02) | 1.97e+03 |  9:8.9e-06  4:7.5e-04
  512 ,  15361 : 5.7145446128337e+01 +(4e-02,1e-01) | 1.91e+03 |  9:8.6e-06  4:7.2e-04
  513 ,  15391 : 5.7149311872474e+01 +(3e-02,1e-01) | 1.91e+03 |  9:8.6e-06  5:6.9e-04
  514 ,  15421 : 5.7141831137450e+01 +(5e-02,1e-01) | 1.85e+03 |  9:9.8e-06  5:7.9e-04
  515 ,  15451 : 5.7139509969047e+01 +(4e-02,1e-01) | 1.96e+03 |  9:1.1e-05  5:9.5e-04
  516 ,  15481 : 5.7141539928031e+01 +(5e-02,1e-01) | 2.00e+03 |  9:1.1e-05  5:8.9e-04
  517 ,  15511 : 5.7147299971158e+01 +(5e-02,1e-01) | 2.06e+03 |  9:1.1e-05  5:9.3e-04
  518 ,  15541 : 5.7156014928634e+01 +(3e-02,8e-02) | 1.96e+03 |  9:1.1e-05  5:9.3e-04
  519 ,  15571 : 5.7145372250313e+01 +(4e-02,9e-02) | 1.93e+03 |  9:1.0e-05  5:8.4e-04
Iterat, #Fevals:   Function Value    (median,worst) |Axis Ratio|idx:Min SD idx:Max SD
  520 ,  15601 : 5.7152656257083e+01 +(3e-02,1e-01) | 1.96e+03 |  9:9.9e-06  5:8.1e-04
  521 ,  15631 : 5.7129469482071e+01 +(6e-02,1e-01) | 1.97e+03 |  9:9.2e-06  5:7.6e-04
  522 ,  15661 : 5.7144387003087e+01 +(4e-02,8e-02) | 1.96e+03 |  9:8.0e-06  5:6.4e-04
  523 ,  15691 : 5.7159792964669e+01 +(4e-02,1e-01) | 1.97e+03 |  9:7.8e-06  5:6.2e-04
  524 ,  15721 : 5.7154733333448e+01 +(4e-02,1e-01) | 1.95e+03 |  9:7.1e-06  5:5.7e-04
  525 ,  15751 : 5.7134693213554e+01 +(6e-02,1e-01) | 2.04e+03 |  9:5.8e-06  4:4.7e-04
  526 ,  15781 : 5.7138846897672e+01 +(5e-02,1e-01) | 2.09e+03 |  9:5.9e-06  5:4.5e-04
  527 ,  15811 : 5.7149161754412e+01 +(5e-02,1e-01) | 1.97e+03 |  9:5.7e-06  5:4.5e-04
  528 ,  15841 : 5.7154355130788e+01 +(4e-02,1e-01) | 2.00e+03 |  9:5.6e-06  4:4.4e-04
  529 ,  15871 : 5.7161764799564e+01 +(4e-02,9e-02) | 2.07e+03 |  9:5.3e-06  4:4.3e-04
Iterat, #Fevals:   Function Value    (median,worst) |Axis Ratio|idx:Min SD idx:Max SD
  530 ,  15901 : 5.7154163196236e+01 +(4e-02,9e-02) | 2.12e+03 |  9:4.7e-06  4:3.8e-04
  531 ,  15931 : 5.7139240251193e+01 +(6e-02,1e-01) | 2.18e+03 |  9:4.4e-06  4:3.8e-04
  532 ,  15961 : 5.7144510031981e+01 +(6e-02,1e-01) | 2.27e+03 |  9:3.8e-06  4:3.3e-04
  533 ,  15991 : 5.7146463787884e+01 +(6e-02,1e-01) | 2.12e+03 |  9:3.6e-06  4:3.0e-04
  534 ,  16021 : 5.7139583513173e+01 +(5e-02,1e-01) | 2.16e+03 |  9:3.4e-06  4:2.9e-04
  535 ,  16051 : 5.7142705205782e+01 +(4e-02,1e-01) | 2.14e+03 |  9:3.3e-06  4:2.8e-04
  536 ,  16081 : 5.7145619062306e+01 +(4e-02,1e-01) | 2.06e+03 |  9:3.9e-06  4:3.2e-04
  537 ,  16111 : 5.7150710297732e+01 +(5e-02,8e-02) | 2.27e+03 |  9:3.9e-06  4:3.4e-04
  538 ,  16141 : 5.7147657919547e+01 +(4e-02,1e-01) | 2.37e+03 |  9:4.2e-06  4:3.7e-04
  539 ,  16171 : 5.7144606464904e+01 +(5e-02,1e-01) | 2.39e+03 |  9:5.2e-06  4:4.9e-04
Iterat, #Fevals:   Function Value    (median,worst) |Axis Ratio|idx:Min SD idx:Max SD
  540 ,  16201 : 5.7143594639706e+01 +(5e-02,9e-02) | 2.52e+03 |  9:5.4e-06  4:5.5e-04
  541 ,  16231 : 5.7161520151296e+01 +(4e-02,1e-01) | 2.41e+03 |  9:5.7e-06  4:5.9e-04
  542 ,  16261 : 5.7158381782197e+01 +(4e-02,6e-02) | 2.49e+03 |  9:6.7e-06  4:7.2e-04
  543 ,  16291 : 5.7149719083382e+01 +(5e-02,1e-01) | 2.66e+03 |  9:7.5e-06  4:8.6e-04
  544 ,  16321 : 5.7152467946551e+01 +(5e-02,1e-01) | 2.62e+03 |  9:7.9e-06  4:9.5e-04
  545 ,  16351 : 5.7146708549744e+01 +(4e-02,1e-01) | 2.59e+03 |  9:8.6e-06  4:1.1e-03
  546 ,  16381 : 5.7141446667239e+01 +(5e-02,1e-01) | 2.56e+03 |  9:9.4e-06  4:1.2e-03
  547 ,  16411 : 5.7134790561207e+01 +(6e-02,1e-01) | 2.47e+03 |  9:8.8e-06  4:1.1e-03
  548 ,  16441 : 5.7141354136838e+01 +(4e-02,9e-02) | 2.44e+03 |  9:8.2e-06  4:1.0e-03
  549 ,  16471 : 5.7141268673687e+01 +(4e-02,1e-01) | 2.50e+03 |  9:7.8e-06  4:9.5e-04
Iterat, #Fevals:   Function Value    (median,worst) |Axis Ratio|idx:Min SD idx:Max SD
  550 ,  16501 : 5.7142235679369e+01 +(5e-02,1e-01) | 2.57e+03 |  9:8.4e-06  4:1.0e-03
  551 ,  16531 : 5.7135048949004e+01 +(7e-02,1e-01) | 2.63e+03 |  9:8.5e-06  4:9.8e-04
  552 ,  16561 : 5.7147232588083e+01 +(4e-02,1e-01) | 2.48e+03 |  9:8.6e-06  4:9.6e-04
  553 ,  16591 : 5.7142061647955e+01 +(4e-02,9e-02) | 2.44e+03 |  9:9.2e-06  4:1.0e-03
  554 ,  16621 : 5.7141618637594e+01 +(6e-02,1e-01) | 2.42e+03 |  9:1.1e-05  4:1.2e-03
  555 ,  16651 : 5.7155493339864e+01 +(4e-02,1e-01) | 2.49e+03 |  9:1.2e-05  4:1.4e-03
  556 ,  16681 : 5.7148949325336e+01 +(4e-02,1e-01) | 2.52e+03 |  9:1.1e-05  4:1.2e-03
  557 ,  16711 : 5.7158806760152e+01 +(4e-02,1e-01) | 2.51e+03 |  9:9.5e-06  4:1.0e-03
  558 ,  16741 : 5.7145198978847e+01 +(5e-02,1e-01) | 2.50e+03 |  9:9.0e-06  4:9.8e-04
  559 ,  16771 : 5.7144612284475e+01 +(4e-02,1e-01) | 2.45e+03 |  9:8.4e-06  4:9.6e-04
Iterat, #Fevals:   Function Value    (median,worst) |Axis Ratio|idx:Min SD idx:Max SD
  560 ,  16801 : 5.7136877323931e+01 +(7e-02,1e-01) | 2.46e+03 |  9:7.7e-06  4:8.8e-04
  561 ,  16831 : 5.7152433006712e+01 +(6e-02,1e-01) | 2.60e+03 |  9:8.0e-06  4:9.5e-04
  562 ,  16861 : 5.7146318421403e+01 +(6e-02,9e-02) | 2.52e+03 |  9:8.0e-06  4:9.3e-04
  563 ,  16891 : 5.7143291953827e+01 +(5e-02,1e-01) | 2.73e+03 |  9:8.8e-06  4:1.1e-03
  564 ,  16921 : 5.7144648248869e+01 +(4e-02,9e-02) | 2.74e+03 |  9:9.7e-06  4:1.1e-03
  565 ,  16951 : 5.7156435712272e+01 +(4e-02,1e-01) | 2.42e+03 |  9:1.1e-05  4:1.2e-03
  566 ,  16981 : 5.7151717115392e+01 +(4e-02,8e-02) | 2.28e+03 |  9:1.1e-05  4:1.2e-03
  567 ,  17011 : 5.7141183943803e+01 +(5e-02,9e-02) | 2.14e+03 |  9:1.2e-05  4:1.4e-03
  568 ,  17041 : 5.7143163071202e+01 +(4e-02,1e-01) | 2.18e+03 |  9:1.5e-05  4:1.5e-03
  569 ,  17071 : 5.7139557504532e+01 +(5e-02,1e-01) | 2.26e+03 |  9:1.4e-05  4:1.5e-03
Iterat, #Fevals:   Function Value    (median,worst) |Axis Ratio|idx:Min SD idx:Max SD
  570 ,  17101 : 5.7145087914890e+01 +(5e-02,1e-01) | 2.37e+03 |  9:1.4e-05  4:1.6e-03
  571 ,  17131 : 5.7143541487024e+01 +(4e-02,1e-01) | 2.17e+03 |  9:1.5e-05  4:1.7e-03
  572 ,  17161 : 5.7144722176413e+01 +(5e-02,9e-02) | 2.14e+03 |  9:1.6e-05  4:1.8e-03
  573 ,  17191 : 5.7142463577943e+01 +(5e-02,1e-01) | 2.19e+03 |  9:1.9e-05  4:1.9e-03
  574 ,  17221 : 5.7137527925211e+01 +(5e-02,9e-02) | 2.19e+03 |  9:2.0e-05  4:2.0e-03
  575 ,  17251 : 5.7153336193544e+01 +(4e-02,9e-02) | 2.16e+03 |  9:1.7e-05  4:1.7e-03
  576 ,  17281 : 5.7149951142489e+01 +(5e-02,1e-01) | 2.10e+03 |  9:1.6e-05  4:1.5e-03
  577 ,  17311 : 5.7140444629945e+01 +(5e-02,9e-02) | 2.00e+03 |  9:1.8e-05  4:1.6e-03
  578 ,  17341 : 5.7157754852042e+01 +(3e-02,1e-01) | 2.00e+03 |  9:2.1e-05  4:1.7e-03
  579 ,  17371 : 5.7145015291457e+01 +(5e-02,9e-02) | 2.05e+03 |  9:2.0e-05  4:1.7e-03
Iterat, #Fevals:   Function Value    (median,worst) |Axis Ratio|idx:Min SD idx:Max SD
  580 ,  17401 : 5.7139029285063e+01 +(6e-02,1e-01) | 2.06e+03 |  9:2.4e-05  4:1.9e-03
  581 ,  17431 : 5.7124660704647e+01 +(7e-02,1e-01) | 2.16e+03 |  9:2.5e-05  4:2.1e-03
  582 ,  17461 : 5.7140243624585e+01 +(5e-02,1e-01) | 2.22e+03 |  9:2.6e-05  4:2.2e-03
  583 ,  17491 : 5.7132945450093e+01 +(6e-02,1e-01) | 2.31e+03 |  9:2.5e-05  4:2.1e-03
  584 ,  17521 : 5.7136260024850e+01 +(4e-02,1e-01) | 2.33e+03 |  9:2.8e-05  4:2.4e-03
  585 ,  17551 : 5.7139262835852e+01 +(5e-02,9e-02) | 2.25e+03 |  9:3.2e-05  4:3.0e-03
  586 ,  17581 : 5.7150206402799e+01 +(4e-02,9e-02) | 2.40e+03 |  9:3.4e-05  4:3.3e-03
  587 ,  17611 : 5.7142219957327e+01 +(4e-02,9e-02) | 2.52e+03 |  9:4.1e-05  4:4.2e-03
  588 ,  17641 : 5.7146242065570e+01 +(5e-02,1e-01) | 2.44e+03 |  9:4.1e-05  4:4.0e-03
  589 ,  17671 : 5.7143524494758e+01 +(3e-02,9e-02) | 2.43e+03 |  9:3.4e-05  4:3.3e-03
Iterat, #Fevals:   Function Value    (median,worst) |Axis Ratio|idx:Min SD idx:Max SD
  590 ,  17701 : 5.7140848668611e+01 +(6e-02,1e-01) | 2.47e+03 |  9:3.2e-05  4:3.3e-03
  591 ,  17731 : 5.7142498733386e+01 +(5e-02,2e-01) | 2.36e+03 |  9:2.9e-05  4:3.1e-03
  592 ,  17761 : 5.7155148962431e+01 +(2e-02,8e-02) | 2.49e+03 |  9:3.4e-05  4:3.5e-03
  593 ,  17791 : 5.7139326375786e+01 +(5e-02,9e-02) | 2.44e+03 |  9:3.1e-05  4:3.2e-03
  594 ,  17821 : 5.7142656778826e+01 +(6e-02,1e-01) | 2.56e+03 |  9:3.2e-05  4:3.5e-03
  595 ,  17851 : 5.7141894832871e+01 +(4e-02,1e-01) | 2.66e+03 |  9:2.8e-05  4:3.1e-03
  596 ,  17881 : 5.7144356973688e+01 +(5e-02,1e-01) | 2.71e+03 |  9:2.6e-05  4:2.8e-03
  597 ,  17911 : 5.7143660978823e+01 +(5e-02,1e-01) | 2.74e+03 |  9:2.3e-05  4:2.7e-03
  598 ,  17941 : 5.7138735545032e+01 +(6e-02,1e-01) | 2.86e+03 |  9:2.2e-05  4:2.6e-03
  599 ,  17971 : 5.7142634592942e+01 +(4e-02,1e-01) | 2.86e+03 |  9:2.1e-05  4:2.6e-03
Iterat, #Fevals:   Function Value    (median,worst) |Axis Ratio|idx:Min SD idx:Max SD
  600 ,  18001 : 5.7141482407645e+01 +(6e-02,1e-01) | 2.89e+03 |  9:1.9e-05  4:2.4e-03
  601 ,  18031 : 5.7137311146436e+01 +(5e-02,1e-01) | 2.76e+03 |  9:1.9e-05  4:2.2e-03
  602 ,  18061 : 5.7135505528125e+01 +(5e-02,1e-01) | 3.00e+03 |  9:2.0e-05  4:2.3e-03
  603 ,  18091 : 5.7141086723337e+01 +(5e-02,1e-01) | 3.00e+03 |  9:2.0e-05  4:2.3e-03
  604 ,  18121 : 5.7144614266749e+01 +(4e-02,1e-01) | 3.03e+03 |  9:1.9e-05  4:2.2e-03
  605 ,  18151 : 5.7150141083150e+01 +(4e-02,1e-01) | 3.18e+03 |  9:1.6e-05  4:1.9e-03
  606 ,  18181 : 5.7156180268486e+01 +(5e-02,8e-02) | 3.27e+03 |  9:1.5e-05  4:1.9e-03
  607 ,  18211 : 5.7148237379584e+01 +(5e-02,1e-01) | 3.47e+03 |  9:1.7e-05  4:2.0e-03
  608 ,  18241 : 5.7152452730608e+01 +(3e-02,1e-01) | 3.43e+03 |  9:1.9e-05  4:2.2e-03
  609 ,  18271 : 5.7157344029044e+01 +(4e-02,8e-02) | 3.43e+03 |  9:1.9e-05  4:2.0e-03
Iterat, #Fevals:   Function Value    (median,worst) |Axis Ratio|idx:Min SD idx:Max SD
  610 ,  18301 : 5.7147933374475e+01 +(6e-02,1e-01) | 3.42e+03 |  9:1.8e-05  4:1.9e-03
  611 ,  18331 : 5.7138262556703e+01 +(5e-02,1e-01) | 3.41e+03 |  9:1.7e-05  4:1.7e-03
  612 ,  18361 : 5.7141803667761e+01 +(6e-02,1e-01) | 3.13e+03 |  9:1.7e-05  4:1.5e-03
  613 ,  18391 : 5.7154066368759e+01 +(4e-02,9e-02) | 3.04e+03 |  9:1.8e-05  4:1.5e-03
  614 ,  18421 : 5.7139927906795e+01 +(5e-02,1e-01) | 3.13e+03 |  9:1.9e-05  4:1.7e-03
  615 ,  18451 : 5.7141799870001e+01 +(6e-02,1e-01) | 2.98e+03 |  9:2.3e-05  4:1.9e-03
  616 ,  18481 : 5.7134878486274e+01 +(5e-02,1e-01) | 2.89e+03 |  9:2.8e-05  4:2.3e-03
  617 ,  18511 : 5.7140238686357e+01 +(4e-02,1e-01) | 3.33e+03 |  9:3.5e-05  4:3.1e-03
  618 ,  18541 : 5.7140968206773e+01 +(5e-02,1e-01) | 3.20e+03 |  9:3.5e-05  4:3.1e-03
  619 ,  18571 : 5.7153347136278e+01 +(4e-02,1e-01) | 3.11e+03 |  9:3.4e-05  4:2.9e-03
Iterat, #Fevals:   Function Value    (median,worst) |Axis Ratio|idx:Min SD idx:Max SD
  620 ,  18601 : 5.7140493385863e+01 +(4e-02,9e-02) | 3.18e+03 |  9:3.8e-05  4:3.1e-03
  621 ,  18631 : 5.7147545654728e+01 +(4e-02,1e-01) | 3.16e+03 |  9:4.1e-05  4:3.2e-03
  622 ,  18661 : 5.7152536552833e+01 +(3e-02,9e-02) | 3.10e+03 |  9:4.7e-05  5:3.5e-03
  623 ,  18691 : 5.7139410485558e+01 +(4e-02,1e-01) | 3.06e+03 |  9:4.4e-05  5:3.2e-03
  624 ,  18721 : 5.7134273675558e+01 +(5e-02,1e-01) | 3.12e+03 |  9:4.2e-05  5:3.1e-03
  625 ,  18751 : 5.7143298691043e+01 +(4e-02,1e-01) | 3.15e+03 |  9:3.8e-05  5:2.8e-03
  626 ,  18781 : 5.7145530404336e+01 +(6e-02,1e-01) | 3.21e+03 |  9:3.7e-05  5:2.7e-03
  627 ,  18811 : 5.7144299943106e+01 +(5e-02,9e-02) | 3.24e+03 |  9:4.0e-05  5:3.0e-03
  628 ,  18841 : 5.7140735942900e+01 +(5e-02,1e-01) | 3.24e+03 |  9:3.8e-05  5:2.8e-03
  629 ,  18871 : 5.7143573814984e+01 +(5e-02,9e-02) | 3.27e+03 |  9:3.6e-05  5:2.6e-03
Iterat, #Fevals:   Function Value    (median,worst) |Axis Ratio|idx:Min SD idx:Max SD
  630 ,  18901 : 5.7137506932356e+01 +(7e-02,1e-01) | 3.35e+03 |  9:3.6e-05  5:2.6e-03
  631 ,  18931 : 5.7142825495778e+01 +(5e-02,9e-02) | 3.38e+03 |  9:3.2e-05  5:2.3e-03
  632 ,  18961 : 5.7142788883677e+01 +(5e-02,1e-01) | 3.37e+03 |  9:3.1e-05  5:2.2e-03
  633 ,  18991 : 5.7140256345875e+01 +(5e-02,1e-01) | 3.39e+03 |  9:2.8e-05  5:2.0e-03
  634 ,  19021 : 5.7151299504123e+01 +(4e-02,9e-02) | 3.40e+03 |  9:2.8e-05  5:2.0e-03
  635 ,  19051 : 5.7147020948264e+01 +(4e-02,1e-01) | 3.39e+03 |  9:2.7e-05  5:1.9e-03
  636 ,  19081 : 5.7155548703211e+01 +(4e-02,1e-01) | 3.28e+03 |  9:2.5e-05  5:1.7e-03
  637 ,  19111 : 5.7133432065215e+01 +(6e-02,1e-01) | 3.31e+03 |  9:2.3e-05  5:1.6e-03
  638 ,  19141 : 5.7150079724322e+01 +(5e-02,1e-01) | 3.31e+03 |  9:2.6e-05  5:1.8e-03
  639 ,  19171 : 5.7131193835479e+01 +(6e-02,1e-01) | 3.25e+03 |  9:2.3e-05  5:1.6e-03
Iterat, #Fevals:   Function Value    (median,worst) |Axis Ratio|idx:Min SD idx:Max SD
  640 ,  19201 : 5.7149048681060e+01 +(5e-02,1e-01) | 3.21e+03 |  9:2.3e-05  5:1.7e-03
  641 ,  19231 : 5.7140207399398e+01 +(5e-02,1e-01) | 3.42e+03 |  9:2.3e-05  5:1.6e-03
  642 ,  19261 : 5.7148100200114e+01 +(5e-02,1e-01) | 3.58e+03 |  9:2.2e-05  5:1.6e-03
  643 ,  19291 : 5.7141604779190e+01 +(4e-02,1e-01) | 3.58e+03 |  9:2.0e-05  5:1.4e-03
  644 ,  19321 : 5.7134883285038e+01 +(5e-02,1e-01) | 3.50e+03 |  9:1.9e-05  5:1.4e-03
  645 ,  19351 : 5.7172710962280e+01 +(1e-02,9e-02) | 3.64e+03 |  9:2.0e-05  5:1.5e-03
  646 ,  19381 : 5.7163769036401e+01 +(4e-02,9e-02) | 3.91e+03 |  9:2.1e-05  5:1.5e-03
  647 ,  19411 : 5.7148622033254e+01 +(4e-02,8e-02) | 4.06e+03 |  9:2.0e-05  5:1.4e-03
  648 ,  19441 : 5.7152182021547e+01 +(3e-02,1e-01) | 4.10e+03 |  9:2.2e-05  5:1.6e-03
  649 ,  19471 : 5.7174823788143e+01 +(2e-02,9e-02) | 4.19e+03 |  9:2.3e-05  5:1.6e-03
Iterat, #Fevals:   Function Value    (median,worst) |Axis Ratio|idx:Min SD idx:Max SD
  650 ,  19501 : 5.7150526957251e+01 +(4e-02,1e-01) | 4.68e+03 |  9:2.8e-05  5:2.0e-03
  651 ,  19531 : 5.7152153930414e+01 +(5e-02,1e-01) | 4.51e+03 |  9:3.0e-05  5:2.1e-03
  652 ,  19561 : 5.7152250954782e+01 +(5e-02,9e-02) | 4.44e+03 |  9:2.8e-05  5:2.0e-03
  653 ,  19591 : 5.7138397071596e+01 +(5e-02,1e-01) | 4.33e+03 |  9:2.9e-05  5:2.0e-03
  654 ,  19621 : 5.7150049517258e+01 +(3e-02,1e-01) | 3.81e+03 |  9:2.8e-05  5:2.0e-03
  655 ,  19651 : 5.7149877755159e+01 +(4e-02,9e-02) | 3.74e+03 |  9:2.9e-05  5:2.0e-03
  656 ,  19681 : 5.7133378807905e+01 +(5e-02,1e-01) | 3.84e+03 |  9:2.8e-05  5:1.9e-03
  657 ,  19711 : 5.7131190122711e+01 +(6e-02,1e-01) | 3.68e+03 |  9:2.3e-05  5:1.6e-03
  658 ,  19741 : 5.7138737080066e+01 +(6e-02,1e-01) | 4.03e+03 |  9:2.7e-05  5:1.8e-03
  659 ,  19771 : 5.7144291444428e+01 +(4e-02,9e-02) | 3.99e+03 |  9:2.8e-05  5:2.0e-03
Iterat, #Fevals:   Function Value    (median,worst) |Axis Ratio|idx:Min SD idx:Max SD
  660 ,  19801 : 5.7145028766791e+01 +(4e-02,1e-01) | 4.18e+03 |  9:3.2e-05  5:2.3e-03
  661 ,  19831 : 5.7154194601129e+01 +(3e-02,9e-02) | 4.12e+03 |  9:3.1e-05  5:2.2e-03
  662 ,  19861 : 5.7146214330474e+01 +(5e-02,1e-01) | 3.89e+03 |  9:3.5e-05  5:2.5e-03
  663 ,  19891 : 5.7132557352092e+01 +(5e-02,1e-01) | 4.03e+03 |  9:4.1e-05  5:3.0e-03
  664 ,  19921 : 5.7147095200669e+01 +(5e-02,1e-01) | 4.24e+03 |  9:5.0e-05  5:3.6e-03
  665 ,  19951 : 5.7147520915879e+01 +(4e-02,1e-01) | 4.43e+03 |  9:5.0e-05  5:3.6e-03
  666 ,  19981 : 5.7144848389907e+01 +(4e-02,9e-02) | 4.55e+03 |  9:4.5e-05  5:3.3e-03
  667 ,  20011 : 5.7139077742061e+01 +(5e-02,1e-01) | 4.57e+03 |  9:4.7e-05  5:3.5e-03
  668 ,  20041 : 5.7156797819117e+01 +(4e-02,1e-01) | 4.55e+03 |  9:4.8e-05  5:3.5e-03
  669 ,  20071 : 5.7143674346063e+01 +(5e-02,1e-01) | 4.50e+03 |  9:5.1e-05  5:3.7e-03
Iterat, #Fevals:   Function Value    (median,worst) |Axis Ratio|idx:Min SD idx:Max SD
  670 ,  20101 : 5.7135948657247e+01 +(5e-02,1e-01) | 4.28e+03 |  9:4.9e-05  5:3.5e-03
  671 ,  20131 : 5.7145263983831e+01 +(5e-02,9e-02) | 4.55e+03 |  9:5.9e-05  5:4.2e-03
  672 ,  20161 : 5.7143764607337e+01 +(4e-02,1e-01) | 4.57e+03 |  9:6.2e-05  5:4.4e-03
  673 ,  20191 : 5.7152970883658e+01 +(4e-02,1e-01) | 4.50e+03 |  9:7.0e-05  5:5.0e-03
  674 ,  20221 : 5.7138850402991e+01 +(4e-02,1e-01) | 4.53e+03 |  9:7.5e-05  5:5.3e-03
  675 ,  20251 : 5.7153224184502e+01 +(4e-02,1e-01) | 4.52e+03 |  9:7.2e-05  5:5.1e-03
  676 ,  20281 : 5.7146705268319e+01 +(4e-02,1e-01) | 4.36e+03 |  9:6.5e-05  5:4.6e-03
  677 ,  20311 : 5.7130469103148e+01 +(6e-02,1e-01) | 4.21e+03 |  9:6.6e-05  5:4.8e-03
  678 ,  20341 : 5.7130522658789e+01 +(6e-02,1e-01) | 4.29e+03 |  9:6.9e-05  5:4.9e-03
  679 ,  20371 : 5.7132002758504e+01 +(6e-02,1e-01) | 4.11e+03 |  9:7.3e-05  5:5.2e-03
Iterat, #Fevals:   Function Value    (median,worst) |Axis Ratio|idx:Min SD idx:Max SD
  680 ,  20401 : 5.7141170472756e+01 +(5e-02,9e-02) | 4.28e+03 |  9:8.8e-05  5:6.2e-03
  681 ,  20431 : 5.7147491424145e+01 +(4e-02,8e-02) | 3.82e+03 |  9:1.0e-04  5:7.0e-03
#Fevals:   f(returned x)   |    bestever.f     | stopflag (saved to variablescmaes13_9_14_7_38.mat)
  20432: 5.71474914241e+01 | 5.71188091090e+01 | stagnation
mean solution: +2.5e-01 +4.8e-01 +6.6e-01 +1.8e+00 +3.6e+00 +2.9e-01 +1.1e+00 +5.8e-01 +1.1e+00
std deviation:  9.4e-04  9.6e-04  7.6e-04  6.2e-03  7.0e-03  4.9e-04  1.1e-03  1.5e-03  1.0e-04
use plotcmaesdat.m for plotting the output at any time (option LogModulo must not be zero)
