
                            < M A T L A B (R) >
                  Copyright 1984-2015 The MathWorks, Inc.
                   R2015a (8.5.0.197613) 64-bit (glnxa64)
                             February 12, 2015

 
For online documentation, see http://www.mathworks.com/support
For product information, visit www.mathworks.com.
 

	Academic License


seed =

                134.039052

  n=9: (15,30)-CMA-ES(w=[21 15 12... 0.77 0.25]%, ]%, mu_eff=8.6) on function Error
Iterat, #Fevals:   Function Value    (median,worst) |Axis Ratio|idx:Min SD idx:Max SD
    1 ,     31 : 8.1390553317516e+01 +(2e+07,3e+16) | 2.27e+00 |  6:3.7e-01  2:8.3e-01
    2 ,     61 : 2.2044766625554e+02 +(8e+03,1e+08) | 2.40e+00 |  6:3.4e-01  2:7.8e-01
    3 ,     91 : 3.2734980631065e+02 +(1e+05,8e+07) | 2.40e+00 |  6:3.2e-01  2:7.3e-01
    4 ,    121 : 3.2362805371664e+02 +(5e+04,7e+07) | 2.46e+00 |  6:3.1e-01  2:7.2e-01
    5 ,    151 : 2.6209756845844e+02 +(2e+05,4e+07) | 2.45e+00 |  1:3.5e-01  2:7.7e-01
    6 ,    181 : 3.2963609466508e+02 +(3e+05,2e+07) | 2.41e+00 |  1:3.9e-01  2:8.3e-01
    7 ,    211 : 8.3579330194834e+01 +(4e+03,1e+14) | 2.52e+00 |  1:3.4e-01  2:7.4e-01
    8 ,    241 : 3.2934066516167e+02 +(4e+05,3e+07) | 2.49e+00 |  7:3.0e-01  2:6.3e-01
    9 ,    271 : 7.5984884291764e+01 +(3e+04,2e+06) | 2.52e+00 |  7:2.7e-01  2:5.9e-01
Iterat, #Fevals:   Function Value    (median,worst) |Axis Ratio|idx:Min SD idx:Max SD
   10 ,    301 : 7.0814941071040e+01 +(3e+03,6e+06) | 2.55e+00 |  7:2.8e-01  2:6.0e-01
   11 ,    331 : 6.6631196472106e+01 +(4e+03,3e+06) | 2.55e+00 |  7:2.9e-01  2:6.2e-01
   12 ,    361 : 1.0575282892652e+02 +(5e+02,5e+06) | 2.47e+00 |  7:2.6e-01  2:5.5e-01
   13 ,    391 : 6.0566223155137e+01 +(3e+03,8e+05) | 2.51e+00 |  7:2.4e-01  2:5.2e-01
   14 ,    421 : 6.7741385351651e+01 +(5e+02,2e+05) | 2.42e+00 |  7:2.8e-01  2:5.5e-01
   15 ,    451 : 6.7247029573544e+01 +(3e+02,8e+05) | 2.35e+00 |  7:2.8e-01  2:5.2e-01
   16 ,    481 : 7.2175754536507e+01 +(3e+02,2e+05) | 2.41e+00 |  7:2.6e-01  2:4.8e-01
   17 ,    511 : 6.3969330567676e+01 +(4e+02,1e+05) | 2.38e+00 |  7:2.2e-01  2:4.1e-01
   18 ,    541 : 7.3986318375380e+01 +(3e+02,1e+05) | 2.51e+00 |  7:1.8e-01  2:3.5e-01
   19 ,    571 : 6.0857824226796e+01 +(3e+02,5e+04) | 2.51e+00 |  7:1.6e-01  2:3.0e-01
Iterat, #Fevals:   Function Value    (median,worst) |Axis Ratio|idx:Min SD idx:Max SD
   20 ,    601 : 6.6264951021069e+01 +(3e+02,2e+04) | 2.49e+00 |  7:1.6e-01  2:3.1e-01
   21 ,    631 : 6.0022206494918e+01 +(3e+02,2e+04) | 2.61e+00 |  7:1.6e-01  2:3.1e-01
   22 ,    661 : 6.8187772789993e+01 +(3e+02,5e+04) | 2.52e+00 |  7:1.7e-01  2:2.9e-01
   23 ,    691 : 6.7571835759554e+01 +(3e+02,2e+04) | 2.52e+00 |  5:1.4e-01  2:2.5e-01
   24 ,    721 : 8.8987650803348e+01 +(2e+02,5e+03) | 2.54e+00 |  5:1.3e-01  2:2.4e-01
   25 ,    751 : 6.8448005718106e+01 +(2e+02,8e+03) | 2.58e+00 |  5:1.1e-01  2:2.1e-01
   26 ,    781 : 8.5355107485094e+01 +(2e+02,4e+03) | 2.58e+00 |  5:1.0e-01  2:1.9e-01
   27 ,    811 : 6.7075666374999e+01 +(2e+02,4e+03) | 2.74e+00 |  5:9.5e-02  2:1.8e-01
   28 ,    841 : 6.4325590501548e+01 +(1e+02,2e+03) | 2.81e+00 |  5:9.2e-02  2:1.7e-01
   29 ,    871 : 6.6839709710430e+01 +(2e+02,3e+03) | 2.89e+00 |  4:9.1e-02  2:1.6e-01
Iterat, #Fevals:   Function Value    (median,worst) |Axis Ratio|idx:Min SD idx:Max SD
   30 ,    901 : 6.5249894892501e+01 +(8e+01,2e+03) | 3.10e+00 |  7:8.6e-02  2:1.6e-01
   31 ,    931 : 6.5497931695355e+01 +(1e+02,3e+03) | 3.15e+00 |  5:8.0e-02  2:1.4e-01
   32 ,    961 : 6.5732674989685e+01 +(5e+01,2e+03) | 3.36e+00 |  7:8.3e-02  2:1.5e-01
   33 ,    991 : 6.1593021372743e+01 +(1e+02,2e+03) | 3.91e+00 |  6:9.7e-02  2:1.9e-01
   34 ,   1021 : 6.2423927307583e+01 +(2e+02,4e+03) | 4.28e+00 |  6:1.0e-01  2:1.9e-01
   35 ,   1051 : 6.0372834003233e+01 +(6e+01,5e+03) | 4.86e+00 |  6:1.2e-01  9:2.6e-01
   36 ,   1081 : 6.2281459264127e+01 +(2e+02,2e+03) | 4.99e+00 |  6:1.1e-01  9:2.3e-01
   37 ,   1111 : 6.1554593632308e+01 +(7e+01,1e+03) | 5.45e+00 |  8:1.2e-01  9:2.5e-01
   38 ,   1141 : 6.1318430917176e+01 +(2e+02,6e+03) | 5.61e+00 |  6:1.1e-01  9:2.3e-01
   39 ,   1171 : 6.3187101139200e+01 +(2e+02,7e+03) | 5.71e+00 |  8:9.1e-02  9:2.1e-01
Iterat, #Fevals:   Function Value    (median,worst) |Axis Ratio|idx:Min SD idx:Max SD
   40 ,   1201 : 6.1334229301905e+01 +(6e+01,1e+03) | 6.14e+00 |  8:8.7e-02  9:2.1e-01
   41 ,   1231 : 5.9885869473336e+01 +(3e+01,1e+03) | 6.55e+00 |  8:8.0e-02  9:1.9e-01
   42 ,   1261 : 6.0427413343097e+01 +(4e+01,7e+02) | 6.68e+00 |  8:8.0e-02  9:2.0e-01
   43 ,   1291 : 6.1241556605265e+01 +(7e+01,2e+02) | 6.98e+00 |  8:8.7e-02  9:2.1e-01
   44 ,   1321 : 6.3214952511021e+01 +(3e+01,5e+02) | 7.14e+00 |  4:8.6e-02  9:2.1e-01
   45 ,   1351 : 6.0970816065059e+01 +(3e+01,4e+02) | 7.69e+00 |  4:8.6e-02  9:2.1e-01
   46 ,   1381 : 6.2263391938048e+01 +(4e+01,3e+02) | 8.35e+00 |  4:9.1e-02  9:2.3e-01
   47 ,   1411 : 5.9757032127482e+01 +(5e+01,8e+02) | 8.54e+00 |  8:8.5e-02  9:2.3e-01
   48 ,   1441 : 6.0857405036938e+01 +(5e+01,8e+02) | 8.90e+00 |  4:9.3e-02  9:2.5e-01
   49 ,   1471 : 5.9400777741158e+01 +(3e+01,8e+02) | 9.04e+00 |  4:9.6e-02  9:2.6e-01
Iterat, #Fevals:   Function Value    (median,worst) |Axis Ratio|idx:Min SD idx:Max SD
   50 ,   1501 : 6.0637262861937e+01 +(4e+01,9e+02) | 9.23e+00 |  4:8.0e-02  9:2.1e-01
   51 ,   1531 : 5.9487974045151e+01 +(2e+01,4e+02) | 9.24e+00 |  4:7.4e-02  9:2.0e-01
   52 ,   1561 : 5.9543662533739e+01 +(2e+01,3e+02) | 9.60e+00 |  4:6.8e-02  9:1.9e-01
   53 ,   1591 : 5.9537888825219e+01 +(2e+01,1e+02) | 9.95e+00 |  4:5.8e-02  9:1.6e-01
   54 ,   1621 : 5.9225934351678e+01 +(1e+01,2e+02) | 1.04e+01 |  4:4.9e-02  9:1.4e-01
   55 ,   1651 : 5.8980998121305e+01 +(7e+00,7e+01) | 1.07e+01 |  4:4.3e-02  9:1.2e-01
   56 ,   1681 : 5.8271896003936e+01 +(9e+00,1e+02) | 1.15e+01 |  4:4.6e-02  9:1.3e-01
   57 ,   1711 : 5.8180417263762e+01 +(5e+00,4e+01) | 1.18e+01 |  4:4.3e-02  9:1.2e-01
   58 ,   1741 : 5.8401310447303e+01 +(2e+00,8e+01) | 1.19e+01 |  4:4.0e-02  9:1.2e-01
   59 ,   1771 : 5.7488216844904e+01 +(1e+01,1e+02) | 1.30e+01 |  4:3.7e-02  9:1.0e-01
Iterat, #Fevals:   Function Value    (median,worst) |Axis Ratio|idx:Min SD idx:Max SD
   60 ,   1801 : 5.8451644348902e+01 +(2e+00,3e+01) | 1.36e+01 |  4:3.5e-02  9:1.0e-01
   61 ,   1831 : 5.8006718838238e+01 +(2e+00,2e+01) | 1.36e+01 |  4:3.4e-02  9:9.9e-02
   62 ,   1861 : 5.7771886272088e+01 +(3e+00,2e+01) | 1.40e+01 |  4:3.6e-02  9:1.1e-01
   63 ,   1891 : 5.7855418257585e+01 +(4e+00,4e+01) | 1.48e+01 |  4:3.2e-02  9:9.2e-02
   64 ,   1921 : 5.8005748689274e+01 +(2e+00,2e+01) | 1.55e+01 |  4:3.1e-02  9:8.7e-02
   65 ,   1951 : 5.7722736765388e+01 +(2e+00,3e+01) | 1.60e+01 |  4:3.3e-02  9:9.4e-02
   66 ,   1981 : 5.7617627933723e+01 +(2e+00,2e+01) | 1.61e+01 |  4:3.4e-02  9:9.5e-02
   67 ,   2011 : 5.7564616441737e+01 +(2e+00,1e+01) | 1.56e+01 |  4:3.5e-02  9:9.5e-02
   68 ,   2041 : 5.7531177920586e+01 +(1e+00,1e+01) | 1.57e+01 |  4:3.5e-02  9:9.0e-02
   69 ,   2071 : 5.7773235781442e+01 +(2e+00,1e+01) | 1.60e+01 |  4:3.0e-02  9:7.6e-02
Iterat, #Fevals:   Function Value    (median,worst) |Axis Ratio|idx:Min SD idx:Max SD
   70 ,   2101 : 5.7713965193449e+01 +(1e+00,1e+01) | 1.62e+01 |  4:2.7e-02  9:6.8e-02
   71 ,   2131 : 5.7481962196995e+01 +(1e+00,9e+00) | 1.66e+01 |  4:2.7e-02  9:6.8e-02
   72 ,   2161 : 5.7556281623656e+01 +(1e+00,3e+01) | 1.69e+01 |  4:2.5e-02  9:6.2e-02
   73 ,   2191 : 5.7657123983836e+01 +(9e-01,1e+01) | 1.72e+01 |  4:2.2e-02  9:5.4e-02
   74 ,   2221 : 5.7441140677107e+01 +(8e-01,5e+00) | 1.70e+01 |  4:1.8e-02  9:4.3e-02
   75 ,   2251 : 5.7602093163114e+01 +(7e-01,6e+00) | 1.76e+01 |  4:1.9e-02  9:4.4e-02
   76 ,   2281 : 5.7579865736324e+01 +(5e-01,6e+00) | 1.79e+01 |  4:2.1e-02  9:4.8e-02
   77 ,   2311 : 5.7316799119302e+01 +(5e-01,1e+01) | 1.80e+01 |  4:2.2e-02  5:4.7e-02
   78 ,   2341 : 5.7499880796449e+01 +(4e-01,4e+00) | 1.84e+01 |  4:2.2e-02  5:4.9e-02
   79 ,   2371 : 5.7317939819549e+01 +(8e-01,6e+00) | 1.95e+01 |  4:2.0e-02  5:4.8e-02
Iterat, #Fevals:   Function Value    (median,worst) |Axis Ratio|idx:Min SD idx:Max SD
   80 ,   2401 : 5.7334078310014e+01 +(6e-01,4e+00) | 1.92e+01 |  4:1.9e-02  5:4.5e-02
   81 ,   2431 : 5.7243519919115e+01 +(8e-01,2e+01) | 2.00e+01 |  4:1.6e-02  5:3.9e-02
   82 ,   2461 : 5.7314610883533e+01 +(3e-01,2e+00) | 1.99e+01 |  4:1.5e-02  5:3.7e-02
   83 ,   2491 : 5.7268242488024e+01 +(4e-01,3e+00) | 2.02e+01 |  4:1.4e-02  5:3.3e-02
   84 ,   2521 : 5.7285397158908e+01 +(4e-01,1e+00) | 2.06e+01 |  4:1.2e-02  5:2.8e-02
   85 ,   2551 : 5.7259758678391e+01 +(2e-01,2e+00) | 2.22e+01 |  4:1.2e-02  6:3.0e-02
   86 ,   2581 : 5.7243455001744e+01 +(2e-01,3e+00) | 2.33e+01 |  4:1.1e-02  6:2.7e-02
   87 ,   2611 : 5.7215472789989e+01 +(2e-01,7e-01) | 2.43e+01 |  4:1.1e-02  6:2.8e-02
   88 ,   2641 : 5.7204799015196e+01 +(3e-01,2e+00) | 2.54e+01 |  4:9.9e-03  6:2.6e-02
   89 ,   2671 : 5.7217075244205e+01 +(2e-01,1e+00) | 2.52e+01 |  4:9.9e-03  5:2.6e-02
Iterat, #Fevals:   Function Value    (median,worst) |Axis Ratio|idx:Min SD idx:Max SD
   90 ,   2701 : 5.7251995196016e+01 +(2e-01,7e-01) | 2.51e+01 |  4:9.1e-03  6:2.5e-02
   91 ,   2731 : 5.7222689793639e+01 +(2e-01,7e-01) | 2.61e+01 |  4:8.5e-03  6:2.3e-02
   92 ,   2761 : 5.7188463636067e+01 +(1e-01,5e-01) | 2.67e+01 |  4:8.8e-03  5:2.5e-02
   93 ,   2791 : 5.7170051767061e+01 +(2e-01,5e-01) | 2.85e+01 |  4:9.1e-03  5:2.7e-02
   94 ,   2821 : 5.7210774103718e+01 +(1e-01,1e+00) | 3.03e+01 |  4:9.3e-03  5:2.9e-02
   95 ,   2851 : 5.7144822687618e+01 +(2e-01,4e-01) | 3.13e+01 |  4:9.0e-03  5:2.8e-02
   96 ,   2881 : 5.7182320744853e+01 +(1e-01,8e-01) | 3.21e+01 |  4:8.2e-03  5:2.6e-02
   97 ,   2911 : 5.7208721455509e+01 +(1e-01,3e-01) | 3.51e+01 |  4:8.0e-03  5:2.6e-02
   98 ,   2941 : 5.7177786669079e+01 +(2e-01,7e-01) | 3.79e+01 |  4:7.3e-03  5:2.3e-02
   99 ,   2971 : 5.7190631234383e+01 +(1e-01,5e-01) | 3.90e+01 |  4:7.2e-03  5:2.3e-02
Iterat, #Fevals:   Function Value    (median,worst) |Axis Ratio|idx:Min SD idx:Max SD
  100 ,   3001 : 5.7185052840982e+01 +(7e-02,3e-01) | 3.95e+01 |  4:6.6e-03  5:2.1e-02
  101 ,   3031 : 5.7182437126052e+01 +(7e-02,2e-01) | 3.94e+01 |  4:6.2e-03  5:2.0e-02
  102 ,   3061 : 5.7182079255396e+01 +(6e-02,4e-01) | 4.07e+01 |  4:5.3e-03  5:1.9e-02
  103 ,   3091 : 5.7178648139245e+01 +(8e-02,3e-01) | 4.31e+01 |  4:4.9e-03  5:1.7e-02
  104 ,   3121 : 5.7167410747425e+01 +(6e-02,2e-01) | 4.39e+01 |  4:4.3e-03  5:1.5e-02
  105 ,   3151 : 5.7161195075349e+01 +(6e-02,1e-01) | 4.35e+01 |  4:3.7e-03  5:1.3e-02
  106 ,   3181 : 5.7170472121856e+01 +(5e-02,1e-01) | 4.40e+01 |  4:3.1e-03  5:1.1e-02
  107 ,   3211 : 5.7165222475271e+01 +(4e-02,9e-02) | 4.38e+01 |  4:3.0e-03  5:1.1e-02
  108 ,   3241 : 5.7170607329966e+01 +(2e-02,1e-01) | 4.49e+01 |  4:2.9e-03  5:1.0e-02
  109 ,   3271 : 5.7170877797243e+01 +(3e-02,7e-02) | 4.66e+01 |  4:2.7e-03  5:9.6e-03
Iterat, #Fevals:   Function Value    (median,worst) |Axis Ratio|idx:Min SD idx:Max SD
  110 ,   3301 : 5.7158308112439e+01 +(5e-02,1e-01) | 4.70e+01 |  4:2.7e-03  5:9.4e-03
  111 ,   3331 : 5.7160468648241e+01 +(4e-02,1e-01) | 4.77e+01 |  4:2.4e-03  6:8.4e-03
  112 ,   3361 : 5.7152403808796e+01 +(4e-02,1e-01) | 4.86e+01 |  9:2.3e-03  5:8.4e-03
  113 ,   3391 : 5.7160100269526e+01 +(3e-02,1e-01) | 4.90e+01 |  9:2.0e-03  5:7.6e-03
  114 ,   3421 : 5.7169456350853e+01 +(2e-02,8e-02) | 5.12e+01 |  9:1.8e-03  5:7.1e-03
  115 ,   3451 : 5.7164224764976e+01 +(3e-02,6e-02) | 5.26e+01 |  9:1.7e-03  2:7.1e-03
  116 ,   3481 : 5.7158260548491e+01 +(3e-02,9e-02) | 5.10e+01 |  9:1.7e-03  6:6.9e-03
  117 ,   3511 : 5.7156796078575e+01 +(3e-02,1e-01) | 5.12e+01 |  9:1.5e-03  6:6.3e-03
  118 ,   3541 : 5.7150401267934e+01 +(4e-02,8e-02) | 5.05e+01 |  9:1.5e-03  6:6.9e-03
  119 ,   3571 : 5.7146443886197e+01 +(3e-02,9e-02) | 5.30e+01 |  9:1.4e-03  6:6.6e-03
Iterat, #Fevals:   Function Value    (median,worst) |Axis Ratio|idx:Min SD idx:Max SD
  120 ,   3601 : 5.7155480397316e+01 +(2e-02,9e-02) | 5.40e+01 |  9:1.2e-03  6:5.8e-03
  121 ,   3631 : 5.7156701832071e+01 +(2e-02,6e-02) | 5.60e+01 |  9:1.1e-03  6:5.6e-03
  122 ,   3661 : 5.7155816252393e+01 +(2e-02,5e-02) | 5.70e+01 |  9:1.1e-03  6:5.8e-03
  123 ,   3691 : 5.7157920836742e+01 +(2e-02,8e-02) | 6.28e+01 |  9:1.2e-03  2:7.3e-03
  124 ,   3721 : 5.7147365691707e+01 +(4e-02,9e-02) | 7.05e+01 |  9:1.2e-03  2:7.8e-03
  125 ,   3751 : 5.7152020955214e+01 +(3e-02,8e-02) | 7.12e+01 |  9:1.0e-03  2:6.9e-03
  126 ,   3781 : 5.7155980769068e+01 +(3e-02,7e-02) | 7.37e+01 |  9:9.5e-04  2:6.7e-03
  127 ,   3811 : 5.7150530516535e+01 +(3e-02,8e-02) | 7.43e+01 |  9:8.9e-04  2:6.4e-03
  128 ,   3841 : 5.7154850889017e+01 +(2e-02,5e-02) | 7.70e+01 |  9:8.4e-04  2:6.1e-03
  129 ,   3871 : 5.7153201830625e+01 +(2e-02,1e-01) | 8.14e+01 |  9:7.9e-04  2:5.9e-03
Iterat, #Fevals:   Function Value    (median,worst) |Axis Ratio|idx:Min SD idx:Max SD
  130 ,   3901 : 5.7151447308418e+01 +(3e-02,8e-02) | 8.05e+01 |  9:7.7e-04  2:5.8e-03
  131 ,   3931 : 5.7161372990664e+01 +(2e-02,6e-02) | 8.10e+01 |  9:7.6e-04  2:5.9e-03
  132 ,   3961 : 5.7161263439733e+01 +(2e-02,1e-01) | 7.54e+01 |  9:8.3e-04  2:6.5e-03
  133 ,   3991 : 5.7152110619122e+01 +(3e-02,9e-02) | 7.63e+01 |  9:7.9e-04  2:6.1e-03
  134 ,   4021 : 5.7162010616875e+01 +(3e-02,5e-02) | 6.71e+01 |  9:9.2e-04  2:7.3e-03
  135 ,   4051 : 5.7157388481131e+01 +(3e-02,9e-02) | 6.62e+01 |  9:1.1e-03  2:8.6e-03
  136 ,   4081 : 5.7159970982399e+01 +(3e-02,1e-01) | 6.96e+01 |  9:1.1e-03  2:9.4e-03
  137 ,   4111 : 5.7154425673914e+01 +(3e-02,8e-02) | 7.46e+01 |  9:1.2e-03  2:1.1e-02
  138 ,   4141 : 5.7160938763332e+01 +(2e-02,8e-02) | 8.72e+01 |  9:1.3e-03  2:1.3e-02
  139 ,   4171 : 5.7166031539800e+01 +(2e-02,8e-02) | 9.91e+01 |  9:1.4e-03  2:1.7e-02
Iterat, #Fevals:   Function Value    (median,worst) |Axis Ratio|idx:Min SD idx:Max SD
  140 ,   4201 : 5.7158047342516e+01 +(2e-02,7e-02) | 1.01e+02 |  9:1.3e-03  2:1.6e-02
  141 ,   4231 : 5.7155585434906e+01 +(3e-02,8e-02) | 1.07e+02 |  9:1.5e-03  2:2.0e-02
  142 ,   4261 : 5.7154674186873e+01 +(3e-02,2e-01) | 1.05e+02 |  9:1.4e-03  2:1.7e-02
  143 ,   4291 : 5.7155054840365e+01 +(3e-02,7e-02) | 1.08e+02 |  9:1.5e-03  2:1.9e-02
  144 ,   4321 : 5.7152017398094e+01 +(3e-02,8e-02) | 1.08e+02 |  9:1.6e-03  2:2.2e-02
  145 ,   4351 : 5.7158984041435e+01 +(2e-02,2e-01) | 1.10e+02 |  9:1.6e-03  2:2.2e-02
  146 ,   4381 : 5.7155507297620e+01 +(4e-02,1e-01) | 1.11e+02 |  9:1.5e-03  2:2.0e-02
  147 ,   4411 : 5.7162405896996e+01 +(2e-02,1e-01) | 1.11e+02 |  9:1.6e-03  2:2.1e-02
  148 ,   4441 : 5.7159555330184e+01 +(2e-02,1e-01) | 1.12e+02 |  9:1.4e-03  2:2.0e-02
  149 ,   4471 : 5.7162123929767e+01 +(3e-02,3e-01) | 1.13e+02 |  9:1.3e-03  2:1.9e-02
Iterat, #Fevals:   Function Value    (median,worst) |Axis Ratio|idx:Min SD idx:Max SD
  150 ,   4501 : 5.7150376043653e+01 +(3e-02,8e-02) | 1.16e+02 |  9:1.1e-03  2:1.6e-02
  151 ,   4531 : 5.7154790713027e+01 +(3e-02,9e-02) | 1.14e+02 |  9:1.0e-03  2:1.5e-02
  152 ,   4561 : 5.7149437979413e+01 +(3e-02,1e-01) | 1.14e+02 |  9:9.7e-04  2:1.4e-02
  153 ,   4591 : 5.7147126058827e+01 +(2e-02,7e-02) | 1.10e+02 |  9:7.8e-04  2:1.1e-02
  154 ,   4621 : 5.7142145657593e+01 +(2e-02,6e-02) | 1.08e+02 |  9:6.7e-04  2:9.7e-03
  155 ,   4651 : 5.7146768222565e+01 +(2e-02,5e-02) | 1.05e+02 |  9:5.6e-04  2:8.2e-03
  156 ,   4681 : 5.7138087953004e+01 +(3e-02,4e-02) | 1.07e+02 |  9:5.3e-04  2:8.0e-03
  157 ,   4711 : 5.7142367955464e+01 +(2e-02,8e-02) | 1.08e+02 |  9:5.6e-04  2:8.1e-03
  158 ,   4741 : 5.7148243733221e+01 +(2e-02,3e-02) | 1.07e+02 |  9:5.4e-04  2:7.9e-03
  159 ,   4771 : 5.7143925590542e+01 +(2e-02,9e-02) | 1.11e+02 |  9:5.3e-04  2:8.0e-03
Iterat, #Fevals:   Function Value    (median,worst) |Axis Ratio|idx:Min SD idx:Max SD
  160 ,   4801 : 5.7144121617012e+01 +(2e-02,6e-02) | 1.15e+02 |  9:5.3e-04  2:8.2e-03
  161 ,   4831 : 5.7138005392710e+01 +(2e-02,8e-02) | 1.25e+02 |  9:5.5e-04  2:8.8e-03
  162 ,   4861 : 5.7131270832832e+01 +(3e-02,8e-02) | 1.29e+02 |  9:5.6e-04  2:8.7e-03
