
                            < M A T L A B (R) >
                  Copyright 1984-2015 The MathWorks, Inc.
                   R2015a (8.5.0.197613) 64-bit (glnxa64)
                             February 12, 2015

 
For online documentation, see http://www.mathworks.com/support
For product information, visit www.mathworks.com.
 

	Academic License


seed =

                 37.299128

  n=9: (5,10)-CMA-ES(w=[46 27 16 9 3]%, mu_eff=3.2) on function Error
Iterat, #Fevals:   Function Value    (median,worst) |Axis Ratio|idx:Min SD idx:Max SD
    1 ,     11 : 3.3012281001574e+02 +(1e+08,7e+11) | 7.59e+00 |  1:3.4e-01  7:2.5e+00
    2 ,     21 : 3.2985636146238e+02 +(3e-01,3e+08) | 7.98e+00 |  1:3.5e-01  7:2.8e+00
    3 ,     31 : 3.2999109197653e+02 +(2e-01,3e+06) | 8.00e+00 |  1:3.8e-01  7:3.0e+00
    4 ,     41 : 3.0871062108244e+02 +(2e+01,2e+01) | 8.35e+00 |  1:3.8e-01  7:3.1e+00
    5 ,     51 : 3.2992195315157e+02 +(2e-01,4e+06) | 8.58e+00 |  1:3.7e-01  7:3.1e+00
    6 ,     61 : 3.2994561535999e+02 +(2e-01,9e+05) | 8.98e+00 |  1:3.4e-01  7:3.0e+00
    7 ,     71 : 3.2998173927413e+02 +(2e-01,2e+06) | 9.02e+00 |  1:3.1e-01  7:2.8e+00
    8 ,     81 : 3.2938359797579e+02 +(4e+03,4e+06) | 9.11e+00 |  1:2.9e-01  7:2.6e+00
    9 ,     91 : 3.2981507351516e+02 +(3e-01,4e+06) | 9.40e+00 |  1:2.9e-01  7:2.7e+00
Iterat, #Fevals:   Function Value    (median,worst) |Axis Ratio|idx:Min SD idx:Max SD
   10 ,    101 : 1.6051119932029e+02 +(2e+02,1e+07) | 9.46e+00 |  1:2.8e-01  7:2.6e+00
   11 ,    111 : 3.3010123272858e+02 +(4e-02,1e+05) | 9.33e+00 |  1:2.6e-01  7:2.4e+00
   12 ,    121 : 1.3481085597616e+02 +(5e+03,7e+05) | 8.95e+00 |  1:2.7e-01  7:2.3e+00
   13 ,    131 : 2.0020005331257e+02 +(3e+02,3e+06) | 8.86e+00 |  1:2.5e-01  7:2.1e+00
   14 ,    141 : 1.4681887808664e+02 +(3e+04,2e+08) | 8.89e+00 |  1:2.6e-01  7:2.2e+00
   15 ,    151 : 8.1894977252741e+01 +(2e+02,2e+06) | 9.02e+00 |  1:2.6e-01  7:2.2e+00
   16 ,    161 : 3.2492241187091e+02 +(7e+01,6e+03) | 9.04e+00 |  1:2.5e-01  7:2.1e+00
   17 ,    171 : 1.4322989473018e+02 +(2e+02,1e+12) | 8.96e+00 |  1:2.4e-01  7:2.0e+00
   18 ,    181 : 2.7654077825370e+02 +(5e+01,2e+03) | 8.96e+00 |  1:2.0e-01  7:1.7e+00
   19 ,    191 : 2.9569643959131e+02 +(3e+01,2e+03) | 8.94e+00 |  1:1.9e-01  7:1.6e+00
Iterat, #Fevals:   Function Value    (median,worst) |Axis Ratio|idx:Min SD idx:Max SD
   20 ,    201 : 1.8712581162402e+02 +(1e+02,3e+04) | 8.91e+00 |  1:1.9e-01  7:1.6e+00
   21 ,    211 : 7.0000913218817e+01 +(3e+02,6e+05) | 9.01e+00 |  1:1.7e-01  7:1.5e+00
   22 ,    221 : 3.1477068662305e+02 +(2e+01,3e+05) | 9.07e+00 |  1:1.6e-01  7:1.3e+00
   23 ,    231 : 1.3311338731174e+02 +(2e+02,5e+04) | 9.14e+00 |  1:1.5e-01  7:1.2e+00
   24 ,    241 : 8.6482646741896e+01 +(5e+02,9e+04) | 9.45e+00 |  1:1.5e-01  7:1.3e+00
   25 ,    251 : 8.2765376230279e+01 +(2e+02,1e+04) | 9.48e+00 |  1:1.4e-01  7:1.2e+00
   26 ,    261 : 6.6547766944521e+01 +(4e+02,6e+04) | 9.63e+00 |  1:1.3e-01  7:1.1e+00
   27 ,    271 : 6.2548737945183e+01 +(3e+02,2e+04) | 9.70e+00 |  1:1.2e-01  7:1.0e+00
   28 ,    281 : 1.0435651560095e+02 +(2e+02,5e+03) | 9.83e+00 |  1:1.1e-01  7:1.0e+00
   29 ,    291 : 5.9481311864449e+01 +(3e+02,2e+04) | 9.69e+00 |  1:1.2e-01  7:1.1e+00
Iterat, #Fevals:   Function Value    (median,worst) |Axis Ratio|idx:Min SD idx:Max SD
   30 ,    301 : 8.0010161207082e+01 +(2e+02,2e+04) | 9.67e+00 |  1:1.2e-01  7:1.0e+00
   31 ,    311 : 8.0988756325791e+01 +(2e+02,8e+03) | 9.44e+00 |  1:1.2e-01  7:1.0e+00
   32 ,    321 : 7.0157742264909e+01 +(3e+02,6e+04) | 9.34e+00 |  1:1.2e-01  7:1.0e+00
   33 ,    331 : 9.5192597362925e+01 +(2e+02,1e+03) | 9.00e+00 |  1:1.2e-01  7:1.0e+00
   34 ,    341 : 6.0692470692891e+01 +(3e+02,4e+04) | 8.99e+00 |  1:1.2e-01  7:9.9e-01
   35 ,    351 : 1.3640897096712e+02 +(2e+02,2e+03) | 8.93e+00 |  1:1.1e-01  7:9.0e-01
   36 ,    361 : 1.8996794274639e+02 +(1e+02,3e+03) | 8.73e+00 |  1:9.6e-02  7:7.7e-01
   37 ,    371 : 6.0384784808521e+01 +(3e+02,8e+02) | 8.74e+00 |  1:9.2e-02  7:7.4e-01
   38 ,    381 : 5.9693944936375e+01 +(3e+02,4e+03) | 8.92e+00 |  1:8.7e-02  7:7.1e-01
   39 ,    391 : 5.9856555310193e+01 +(2e+02,1e+04) | 8.76e+00 |  1:8.9e-02  7:7.1e-01
Iterat, #Fevals:   Function Value    (median,worst) |Axis Ratio|idx:Min SD idx:Max SD
   40 ,    401 : 6.3103257308123e+01 +(5e+01,2e+03) | 8.64e+00 |  1:8.2e-02  7:6.5e-01
   41 ,    411 : 7.0503656356698e+01 +(2e+02,2e+03) | 8.55e+00 |  1:7.2e-02  7:5.7e-01
   42 ,    421 : 6.3247859068952e+01 +(2e+02,6e+03) | 8.38e+00 |  1:7.0e-02  7:5.4e-01
   43 ,    431 : 5.9310767115437e+01 +(2e+02,5e+03) | 8.48e+00 |  1:7.2e-02  7:5.4e-01
   44 ,    441 : 6.4201734630800e+01 +(1e+02,8e+02) | 8.47e+00 |  1:7.2e-02  7:5.3e-01
   45 ,    451 : 6.0804887866269e+01 +(3e+01,4e+02) | 8.51e+00 |  1:6.5e-02  7:4.8e-01
   46 ,    461 : 6.2979907509487e+01 +(5e+01,2e+03) | 9.11e+00 |  1:6.3e-02  7:4.9e-01
   47 ,    471 : 8.0400564756539e+01 +(5e+01,9e+02) | 9.32e+00 |  1:6.1e-02  7:4.8e-01
   48 ,    481 : 6.3180719264503e+01 +(5e+01,4e+02) | 9.49e+00 |  1:5.7e-02  7:4.5e-01
   49 ,    491 : 6.5363339342889e+01 +(5e+01,2e+02) | 9.63e+00 |  1:5.8e-02  7:4.5e-01
Iterat, #Fevals:   Function Value    (median,worst) |Axis Ratio|idx:Min SD idx:Max SD
   50 ,    501 : 6.3240575424429e+01 +(2e+01,6e+02) | 9.89e+00 |  1:5.5e-02  7:4.3e-01
   51 ,    511 : 6.7237993899444e+01 +(5e+01,6e+02) | 1.01e+01 |  1:5.1e-02  7:4.1e-01
   52 ,    521 : 6.1688103194504e+01 +(1e+01,2e+02) | 1.01e+01 |  1:5.0e-02  7:4.0e-01
   53 ,    531 : 6.2103437323958e+01 +(2e+01,5e+02) | 1.01e+01 |  1:5.3e-02  7:4.3e-01
   54 ,    541 : 6.1824896681276e+01 +(3e+01,2e+02) | 1.05e+01 |  1:4.9e-02  7:4.1e-01
   55 ,    551 : 6.0880760382005e+01 +(8e+01,2e+02) | 1.07e+01 |  1:4.9e-02  7:4.1e-01
   56 ,    561 : 6.3855715962410e+01 +(3e+01,7e+02) | 1.09e+01 |  1:5.2e-02  7:4.3e-01
   57 ,    571 : 6.2002148581350e+01 +(3e+01,2e+02) | 1.11e+01 |  1:5.0e-02  7:4.2e-01
   58 ,    581 : 6.5450717664133e+01 +(5e+01,2e+02) | 1.12e+01 |  1:4.7e-02  7:4.0e-01
   59 ,    591 : 6.1124936268215e+01 +(4e+01,1e+02) | 1.14e+01 |  1:4.4e-02  7:3.8e-01
Iterat, #Fevals:   Function Value    (median,worst) |Axis Ratio|idx:Min SD idx:Max SD
   60 ,    601 : 6.0313561232618e+01 +(4e+00,2e+02) | 1.19e+01 |  1:4.3e-02  7:3.8e-01
   61 ,    611 : 6.0052535486242e+01 +(4e+01,1e+02) | 1.32e+01 |  1:4.6e-02  7:4.4e-01
   62 ,    621 : 6.3692475506974e+01 +(3e+01,9e+01) | 1.38e+01 |  1:4.6e-02  7:4.5e-01
   63 ,    631 : 6.1095535770582e+01 +(3e+01,1e+03) | 1.44e+01 |  1:4.8e-02  7:4.8e-01
   64 ,    641 : 6.2370687207459e+01 +(4e+01,2e+02) | 1.49e+01 |  1:4.8e-02  7:4.9e-01
   65 ,    651 : 6.0854938057144e+01 +(5e+01,2e+02) | 1.49e+01 |  1:5.0e-02  7:5.0e-01
   66 ,    661 : 6.2978945326013e+01 +(2e+01,1e+02) | 1.52e+01 |  8:5.9e-02  7:5.8e-01
   67 ,    671 : 6.1021460732452e+01 +(5e+01,2e+02) | 1.54e+01 |  8:5.7e-02  7:5.6e-01
   68 ,    681 : 6.1559521022401e+01 +(8e+01,7e+02) | 1.59e+01 |  8:5.6e-02  7:5.7e-01
   69 ,    691 : 6.1294706780507e+01 +(5e+01,2e+02) | 1.60e+01 |  8:5.6e-02  7:5.6e-01
Iterat, #Fevals:   Function Value    (median,worst) |Axis Ratio|idx:Min SD idx:Max SD
   70 ,    701 : 6.2450864699116e+01 +(2e+01,1e+02) | 1.62e+01 |  8:5.4e-02  7:5.4e-01
   71 ,    711 : 6.7052492176035e+01 +(4e+01,1e+02) | 1.70e+01 |  8:5.6e-02  7:5.9e-01
   72 ,    721 : 6.2100999132729e+01 +(2e+01,1e+02) | 1.72e+01 |  8:4.9e-02  7:5.1e-01
   73 ,    731 : 6.2001050572795e+01 +(2e+01,2e+02) | 1.73e+01 |  8:4.4e-02  7:4.6e-01
   74 ,    741 : 6.1023278756793e+01 +(2e+01,7e+01) | 1.77e+01 |  8:4.1e-02  7:4.3e-01
   75 ,    751 : 6.1579171322953e+01 +(2e+01,2e+02) | 1.79e+01 |  8:4.0e-02  7:4.2e-01
   76 ,    761 : 6.6858978661364e+01 +(3e+01,2e+02) | 1.87e+01 |  1:4.5e-02  7:4.7e-01
   77 ,    771 : 6.3109608341736e+01 +(5e+01,2e+02) | 1.97e+01 |  1:4.6e-02  7:5.0e-01
   78 ,    781 : 6.2599959995158e+01 +(1e+01,5e+01) | 2.01e+01 |  1:4.8e-02  7:5.2e-01
   79 ,    791 : 6.2638688894604e+01 +(7e+00,8e+01) | 2.03e+01 |  1:4.7e-02  7:5.1e-01
Iterat, #Fevals:   Function Value    (median,worst) |Axis Ratio|idx:Min SD idx:Max SD
   80 ,    801 : 6.1527001416881e+01 +(7e+00,4e+01) | 2.03e+01 |  1:4.8e-02  7:5.2e-01
   81 ,    811 : 6.3648942234542e+01 +(3e+01,1e+02) | 2.08e+01 |  1:4.6e-02  7:5.1e-01
   82 ,    821 : 6.2180042505758e+01 +(1e+01,8e+01) | 2.10e+01 |  1:4.2e-02  7:4.7e-01
   83 ,    831 : 6.1903960543562e+01 +(3e+01,1e+02) | 2.10e+01 |  1:3.8e-02  7:4.3e-01
   84 ,    841 : 6.2140861117628e+01 +(2e+00,8e+01) | 2.13e+01 |  1:3.6e-02  7:4.0e-01
   85 ,    851 : 6.2169153183291e+01 +(2e+01,7e+01) | 2.10e+01 |  1:3.6e-02  7:3.9e-01
   86 ,    861 : 6.2234033653131e+01 +(1e+01,8e+01) | 2.11e+01 |  1:3.8e-02  7:4.0e-01
   87 ,    871 : 6.2002464316822e+01 +(8e+00,4e+01) | 2.10e+01 |  1:3.6e-02  7:3.7e-01
   88 ,    881 : 6.2437703576593e+01 +(2e+01,4e+01) | 2.11e+01 |  1:4.0e-02  7:4.1e-01
   89 ,    891 : 6.2142572294341e+01 +(7e+00,7e+01) | 2.09e+01 |  1:4.0e-02  7:3.9e-01
Iterat, #Fevals:   Function Value    (median,worst) |Axis Ratio|idx:Min SD idx:Max SD
   90 ,    901 : 6.0563630487594e+01 +(3e+00,2e+01) | 2.15e+01 |  1:4.0e-02  7:4.0e-01
   91 ,    911 : 6.3762694766430e+01 +(5e+00,5e+01) | 2.24e+01 |  1:3.8e-02  7:3.9e-01
   92 ,    921 : 6.0745364149736e+01 +(3e+00,5e+01) | 2.35e+01 |  1:3.5e-02  7:3.8e-01
   93 ,    931 : 6.0336777587140e+01 +(7e+00,5e+01) | 2.39e+01 |  1:3.2e-02  7:3.5e-01
   94 ,    941 : 6.0400090390045e+01 +(5e+00,3e+01) | 2.56e+01 |  1:3.4e-02  7:3.9e-01
   95 ,    951 : 6.0222463849913e+01 +(5e+00,4e+01) | 2.71e+01 |  1:3.5e-02  7:4.2e-01
   96 ,    961 : 5.9840502353194e+01 +(8e+00,8e+01) | 2.80e+01 |  1:3.6e-02  7:4.4e-01
   97 ,    971 : 5.9456209999612e+01 +(5e+00,5e+01) | 2.85e+01 |  1:3.7e-02  7:4.5e-01
   98 ,    981 : 5.8432415299640e+01 +(6e+00,4e+01) | 2.85e+01 |  1:4.0e-02  7:4.8e-01
   99 ,    991 : 5.9673182643483e+01 +(2e+01,4e+01) | 2.86e+01 |  1:4.0e-02  7:4.7e-01
Iterat, #Fevals:   Function Value    (median,worst) |Axis Ratio|idx:Min SD idx:Max SD
  100 ,   1001 : 6.0559185601172e+01 +(4e+00,8e+01) | 3.00e+01 |  1:3.8e-02  7:4.6e-01
  101 ,   1011 : 5.9247518376108e+01 +(6e+00,5e+01) | 3.04e+01 |  1:3.7e-02  7:4.4e-01
  102 ,   1021 : 5.8588950674601e+01 +(1e+01,4e+01) | 3.06e+01 |  1:3.7e-02  7:4.5e-01
  103 ,   1031 : 5.8924927243880e+01 +(4e+00,5e+01) | 3.37e+01 |  1:4.2e-02  7:5.5e-01
  104 ,   1041 : 5.8137691114571e+01 +(4e+00,4e+01) | 3.44e+01 |  1:3.9e-02  7:5.2e-01
  105 ,   1051 : 5.7764220602961e+01 +(5e+00,8e+01) | 3.46e+01 |  1:3.9e-02  7:5.1e-01
  106 ,   1061 : 5.7826696374537e+01 +(2e+00,8e+01) | 3.46e+01 |  1:3.5e-02  7:4.6e-01
  107 ,   1071 : 5.8450466014020e+01 +(4e+00,1e+02) | 3.49e+01 |  1:3.2e-02  7:4.2e-01
  108 ,   1081 : 5.8212729744271e+01 +(3e+00,8e+00) | 3.50e+01 |  1:3.0e-02  7:3.9e-01
  109 ,   1091 : 5.8198357325977e+01 +(3e+00,2e+01) | 3.58e+01 |  1:2.8e-02  7:3.7e-01
Iterat, #Fevals:   Function Value    (median,worst) |Axis Ratio|idx:Min SD idx:Max SD
  110 ,   1101 : 5.7959849275066e+01 +(4e+00,2e+01) | 3.63e+01 |  1:2.6e-02  7:3.4e-01
  111 ,   1111 : 5.8775774500040e+01 +(2e+00,9e+00) | 3.70e+01 |  1:2.6e-02  7:3.6e-01
  112 ,   1121 : 5.9084067868983e+01 +(9e+00,2e+01) | 3.74e+01 |  1:2.7e-02  7:3.8e-01
  113 ,   1131 : 5.7887123559881e+01 +(1e+00,6e+00) | 3.77e+01 |  1:2.7e-02  7:3.8e-01
  114 ,   1141 : 5.7380315066965e+01 +(7e+00,2e+01) | 3.81e+01 |  1:2.7e-02  7:3.8e-01
  115 ,   1151 : 5.7348249143330e+01 +(1e+00,3e+01) | 3.81e+01 |  1:2.8e-02  7:3.8e-01
  116 ,   1161 : 5.7668991128289e+01 +(5e+00,3e+01) | 3.85e+01 |  1:2.7e-02  7:3.8e-01
  117 ,   1171 : 5.7434134601832e+01 +(4e+00,5e+01) | 3.87e+01 |  1:2.8e-02  7:3.7e-01
  118 ,   1181 : 5.7232341159428e+01 +(2e+00,2e+01) | 3.89e+01 |  1:2.8e-02  7:3.7e-01
  119 ,   1191 : 5.7742797971904e+01 +(2e+00,1e+01) | 3.98e+01 |  1:2.7e-02  7:3.5e-01
Iterat, #Fevals:   Function Value    (median,worst) |Axis Ratio|idx:Min SD idx:Max SD
  120 ,   1201 : 5.7533407580491e+01 +(3e+00,2e+01) | 3.88e+01 |  1:2.6e-02  7:3.4e-01
  121 ,   1211 : 5.7414149354816e+01 +(9e-01,3e+01) | 3.83e+01 |  1:2.6e-02  7:3.3e-01
  122 ,   1221 : 5.7940326857633e+01 +(2e+00,3e+01) | 3.84e+01 |  1:2.5e-02  7:3.2e-01
  123 ,   1231 : 5.7812210292691e+01 +(3e+00,2e+01) | 3.79e+01 |  1:2.5e-02  7:3.2e-01
  124 ,   1241 : 5.8325412187191e+01 +(1e+00,1e+01) | 3.84e+01 |  1:2.5e-02  7:3.2e-01
  125 ,   1251 : 5.8136076411258e+01 +(7e+00,3e+01) | 3.91e+01 |  1:2.6e-02  7:3.2e-01
  126 ,   1261 : 5.7717885873885e+01 +(2e+00,6e+00) | 3.95e+01 |  1:2.7e-02  7:3.2e-01
  127 ,   1271 : 5.7602551820817e+01 +(3e+00,2e+01) | 3.96e+01 |  1:2.6e-02  7:3.2e-01
  128 ,   1281 : 5.7710042293875e+01 +(2e+00,9e+00) | 3.97e+01 |  1:2.5e-02  7:3.0e-01
  129 ,   1291 : 5.7280207010747e+01 +(2e+00,3e+01) | 3.99e+01 |  1:2.4e-02  7:2.9e-01
Iterat, #Fevals:   Function Value    (median,worst) |Axis Ratio|idx:Min SD idx:Max SD
  130 ,   1301 : 5.7827797246698e+01 +(4e-01,4e+00) | 4.00e+01 |  1:2.3e-02  7:2.7e-01
  131 ,   1311 : 5.7672757545283e+01 +(4e-01,6e+00) | 4.08e+01 |  1:2.4e-02  7:2.8e-01
  132 ,   1321 : 5.7685456586470e+01 +(1e+00,4e+00) | 4.07e+01 |  1:2.5e-02  7:3.0e-01
  133 ,   1331 : 5.8724588478134e+01 +(3e+00,9e+00) | 4.03e+01 |  1:2.5e-02  7:3.0e-01
  134 ,   1341 : 5.7435941796442e+01 +(2e+00,2e+01) | 4.07e+01 |  1:2.5e-02  7:3.0e-01
  135 ,   1351 : 5.7243665022836e+01 +(2e+00,1e+01) | 4.06e+01 |  1:2.3e-02  7:2.7e-01
  136 ,   1361 : 5.7607340323721e+01 +(5e-01,1e+01) | 4.09e+01 |  1:2.2e-02  7:2.6e-01
  137 ,   1371 : 5.7544094197260e+01 +(1e+00,6e+00) | 4.17e+01 |  1:2.3e-02  7:2.7e-01
  138 ,   1381 : 5.7744321849177e+01 +(8e-01,9e+00) | 4.28e+01 |  1:2.4e-02  7:2.8e-01
  139 ,   1391 : 5.7364463527176e+01 +(1e+00,6e+00) | 4.37e+01 |  1:2.3e-02  7:2.7e-01
Iterat, #Fevals:   Function Value    (median,worst) |Axis Ratio|idx:Min SD idx:Max SD
  140 ,   1401 : 5.7364187519221e+01 +(1e+00,9e+00) | 4.39e+01 |  1:2.3e-02  7:2.7e-01
  141 ,   1411 : 5.7625773928647e+01 +(8e-01,6e+00) | 4.52e+01 |  1:2.1e-02  7:2.5e-01
  142 ,   1421 : 5.7659990314436e+01 +(6e-01,7e+00) | 4.55e+01 |  1:1.9e-02  7:2.2e-01
  143 ,   1431 : 5.7291291486701e+01 +(5e-01,4e+00) | 4.59e+01 |  1:1.9e-02  7:2.2e-01
  144 ,   1441 : 5.7286738634265e+01 +(1e+00,4e+00) | 4.70e+01 |  1:1.8e-02  7:2.2e-01
  145 ,   1451 : 5.7422639779799e+01 +(6e-01,4e+00) | 4.72e+01 |  1:1.7e-02  7:2.1e-01
  146 ,   1461 : 5.7344315224528e+01 +(1e+00,3e+00) | 4.75e+01 |  1:1.6e-02  7:1.9e-01
  147 ,   1471 : 5.7280566192137e+01 +(3e-01,6e+00) | 4.76e+01 |  1:1.4e-02  7:1.7e-01
  148 ,   1481 : 5.7500305540706e+01 +(3e-01,1e+00) | 4.79e+01 |  1:1.3e-02  7:1.5e-01
  149 ,   1491 : 5.7442801247591e+01 +(5e-01,1e+00) | 4.89e+01 |  1:1.3e-02  7:1.5e-01
Iterat, #Fevals:   Function Value    (median,worst) |Axis Ratio|idx:Min SD idx:Max SD
  150 ,   1501 : 5.7523849220182e+01 +(2e-01,3e+00) | 4.90e+01 |  1:1.1e-02  7:1.4e-01
  151 ,   1511 : 5.7479480268631e+01 +(3e-01,2e+00) | 4.90e+01 |  1:1.0e-02  7:1.2e-01
  152 ,   1521 : 5.7353870221440e+01 +(4e-01,1e+00) | 5.10e+01 |  1:1.0e-02  7:1.2e-01
  153 ,   1531 : 5.7357301143767e+01 +(2e-01,6e-01) | 5.52e+01 |  1:1.0e-02  7:1.3e-01
  154 ,   1541 : 5.7422244175381e+01 +(1e-01,7e-01) | 5.58e+01 |  1:1.0e-02  7:1.3e-01
  155 ,   1551 : 5.7241119316057e+01 +(1e-01,1e+00) | 5.70e+01 |  1:1.0e-02  7:1.3e-01
  156 ,   1561 : 5.7338524423679e+01 +(4e-01,2e+00) | 5.75e+01 |  8:9.5e-03  7:1.2e-01
  157 ,   1571 : 5.7310044334624e+01 +(1e-01,5e-01) | 5.75e+01 |  8:9.1e-03  7:1.1e-01
  158 ,   1581 : 5.7232397054458e+01 +(2e-01,6e-01) | 5.73e+01 |  8:8.7e-03  7:1.1e-01
  159 ,   1591 : 5.7273531727863e+01 +(1e-01,3e-01) | 5.83e+01 |  8:8.0e-03  7:1.0e-01
Iterat, #Fevals:   Function Value    (median,worst) |Axis Ratio|idx:Min SD idx:Max SD
  160 ,   1601 : 5.7229868739088e+01 +(1e-01,3e-01) | 5.99e+01 |  8:7.4e-03  7:9.6e-02
  161 ,   1611 : 5.7269541997222e+01 +(7e-02,5e-01) | 6.11e+01 |  8:8.1e-03  7:1.0e-01
  162 ,   1621 : 5.7268927918783e+01 +(1e-01,5e-01) | 6.20e+01 |  8:8.3e-03  7:1.0e-01
  163 ,   1631 : 5.7242285646755e+01 +(1e-01,5e-01) | 6.28e+01 |  8:8.4e-03  7:1.1e-01
  164 ,   1641 : 5.7223952879839e+01 +(7e-02,5e-01) | 6.55e+01 |  8:9.2e-03  7:1.2e-01
  165 ,   1651 : 5.7275004143136e+01 +(7e-02,4e-01) | 6.70e+01 |  8:1.1e-02  7:1.4e-01
  166 ,   1661 : 5.7280817631039e+01 +(2e-01,1e+00) | 6.82e+01 |  8:1.1e-02  7:1.5e-01
  167 ,   1671 : 5.7367387071789e+01 +(2e-01,7e-01) | 6.91e+01 |  8:1.1e-02  7:1.5e-01
  168 ,   1681 : 5.7361428902576e+01 +(9e-02,4e-01) | 6.93e+01 |  8:1.0e-02  7:1.4e-01
  169 ,   1691 : 5.7386861973844e+01 +(2e-01,8e-01) | 7.16e+01 |  8:1.1e-02  7:1.4e-01
Iterat, #Fevals:   Function Value    (median,worst) |Axis Ratio|idx:Min SD idx:Max SD
  170 ,   1701 : 5.7306776587118e+01 +(3e-01,1e+00) | 7.20e+01 |  8:9.3e-03  7:1.2e-01
  171 ,   1711 : 5.7330486098043e+01 +(1e-01,4e-01) | 7.11e+01 |  1:8.2e-03  7:1.1e-01
  172 ,   1721 : 5.7237499428658e+01 +(1e-01,2e+00) | 7.34e+01 |  1:8.7e-03  7:1.2e-01
  173 ,   1731 : 5.7246906512189e+01 +(8e-02,3e-01) | 7.34e+01 |  1:9.2e-03  7:1.2e-01
  174 ,   1741 : 5.7259343272905e+01 +(7e-02,8e-01) | 7.36e+01 |  9:9.1e-03  7:1.2e-01
  175 ,   1751 : 5.7238987644289e+01 +(1e-01,5e-01) | 7.51e+01 |  9:8.5e-03  7:1.1e-01
  176 ,   1761 : 5.7230949216995e+01 +(2e-01,8e-01) | 7.80e+01 |  9:8.3e-03  7:1.1e-01
  177 ,   1771 : 5.7248736370709e+01 +(1e-01,8e-01) | 7.79e+01 |  9:7.9e-03  7:1.1e-01
  178 ,   1781 : 5.7280479670749e+01 +(1e-01,6e-01) | 7.85e+01 |  9:7.2e-03  7:1.0e-01
  179 ,   1791 : 5.7241958571545e+01 +(4e-02,3e-01) | 7.96e+01 |  9:6.4e-03  7:9.1e-02
Iterat, #Fevals:   Function Value    (median,worst) |Axis Ratio|idx:Min SD idx:Max SD
  180 ,   1801 : 5.7226477273836e+01 +(8e-02,2e-01) | 7.94e+01 |  9:5.7e-03  7:8.1e-02
  181 ,   1811 : 5.7241716542491e+01 +(5e-02,2e-01) | 7.97e+01 |  9:5.0e-03  7:7.2e-02
  182 ,   1821 : 5.7222013097103e+01 +(1e-01,3e-01) | 7.97e+01 |  9:4.3e-03  7:6.1e-02
  183 ,   1831 : 5.7224557219534e+01 +(6e-02,1e-01) | 8.13e+01 |  9:3.9e-03  7:5.7e-02
  184 ,   1841 : 5.7224635101876e+01 +(7e-02,2e-01) | 8.23e+01 |  9:3.4e-03  7:5.1e-02
  185 ,   1851 : 5.7241067057546e+01 +(2e-02,5e-02) | 8.30e+01 |  9:3.2e-03  7:4.8e-02
  186 ,   1861 : 5.7225747963235e+01 +(2e-02,7e-02) | 8.44e+01 |  9:3.1e-03  7:4.8e-02
  187 ,   1871 : 5.7255349745957e+01 +(3e-02,5e-02) | 8.89e+01 |  9:2.9e-03  7:4.8e-02
  188 ,   1881 : 5.7224971510474e+01 +(4e-02,9e-02) | 8.92e+01 |  9:3.0e-03  7:4.9e-02
  189 ,   1891 : 5.7226680132922e+01 +(3e-02,9e-02) | 9.05e+01 |  9:3.0e-03  7:5.1e-02
Iterat, #Fevals:   Function Value    (median,worst) |Axis Ratio|idx:Min SD idx:Max SD
  190 ,   1901 : 5.7217700467957e+01 +(4e-02,1e-01) | 9.17e+01 |  9:2.8e-03  7:4.8e-02
  191 ,   1911 : 5.7221487824600e+01 +(4e-02,1e-01) | 9.40e+01 |  9:2.6e-03  7:4.6e-02
  192 ,   1921 : 5.7217609934331e+01 +(4e-02,1e-01) | 9.38e+01 |  9:2.5e-03  7:4.4e-02
  193 ,   1931 : 5.7229026234825e+01 +(3e-02,6e-02) | 9.18e+01 |  9:2.2e-03  7:3.9e-02
  194 ,   1941 : 5.7220701496303e+01 +(3e-02,7e-02) | 9.53e+01 |  9:2.2e-03  7:4.0e-02
  195 ,   1951 : 5.7221339922207e+01 +(3e-02,7e-02) | 9.62e+01 |  9:2.0e-03  7:3.8e-02
  196 ,   1961 : 5.7228085675754e+01 +(3e-02,7e-02) | 9.61e+01 |  9:1.7e-03  7:3.2e-02
  197 ,   1971 : 5.7218401534926e+01 +(4e-02,8e-02) | 9.36e+01 |  9:1.6e-03  7:2.9e-02
  198 ,   1981 : 5.7229202144410e+01 +(4e-02,1e-01) | 9.22e+01 |  9:1.5e-03  7:2.8e-02
  199 ,   1991 : 5.7235440947178e+01 +(3e-02,5e-02) | 9.19e+01 |  9:1.6e-03  7:2.9e-02
Iterat, #Fevals:   Function Value    (median,worst) |Axis Ratio|idx:Min SD idx:Max SD
  200 ,   2001 : 5.7230713367453e+01 +(1e-02,6e-02) | 1.00e+02 |  9:1.7e-03  7:3.4e-02
  201 ,   2011 : 5.7218201380015e+01 +(2e-02,5e-02) | 1.01e+02 |  9:1.8e-03  7:3.5e-02
  202 ,   2021 : 5.7222239246504e+01 +(3e-02,7e-02) | 1.03e+02 |  9:1.7e-03  7:3.5e-02
  203 ,   2031 : 5.7224861615092e+01 +(1e-02,4e-02) | 1.05e+02 |  9:1.7e-03  7:3.5e-02
  204 ,   2041 : 5.7228059589557e+01 +(9e-03,5e-02) | 1.06e+02 |  9:1.7e-03  7:3.4e-02
  205 ,   2051 : 5.7230726109757e+01 +(4e-03,4e-02) | 1.07e+02 |  9:1.4e-03  7:3.0e-02
  206 ,   2061 : 5.7237647502111e+01 +(2e-02,6e-02) | 1.07e+02 |  9:1.3e-03  7:2.6e-02
  207 ,   2071 : 5.7226486541008e+01 +(3e-02,6e-02) | 1.07e+02 |  9:1.2e-03  7:2.4e-02
  208 ,   2081 : 5.7232510847614e+01 +(2e-02,5e-02) | 1.07e+02 |  9:1.1e-03  7:2.2e-02
  209 ,   2091 : 5.7221178520749e+01 +(3e-02,4e-02) | 1.06e+02 |  9:1.1e-03  7:2.3e-02
Iterat, #Fevals:   Function Value    (median,worst) |Axis Ratio|idx:Min SD idx:Max SD
  210 ,   2101 : 5.7216272176575e+01 +(2e-02,8e-02) | 1.06e+02 |  9:1.2e-03  7:2.3e-02
  211 ,   2111 : 5.7221797620251e+01 +(1e-02,2e-02) | 1.06e+02 |  9:1.3e-03  7:2.6e-02
  212 ,   2121 : 5.7220294521483e+01 +(2e-02,4e-02) | 1.06e+02 |  9:1.5e-03  7:3.1e-02
  213 ,   2131 : 5.7219928842178e+01 +(2e-02,6e-02) | 1.11e+02 |  9:1.7e-03  7:3.6e-02
  214 ,   2141 : 5.7226416572553e+01 +(1e-02,3e-02) | 1.14e+02 |  9:1.7e-03  7:3.7e-02
  215 ,   2151 : 5.7228482405548e+01 +(2e-02,7e-02) | 1.15e+02 |  9:1.6e-03  7:3.5e-02
  216 ,   2161 : 5.7226016193878e+01 +(2e-02,6e-02) | 1.15e+02 |  9:1.4e-03  7:3.0e-02
  217 ,   2171 : 5.7214551933480e+01 +(2e-02,5e-02) | 1.14e+02 |  9:1.2e-03  7:2.7e-02
  218 ,   2181 : 5.7226520307188e+01 +(7e-03,5e-02) | 1.14e+02 |  9:1.2e-03  7:2.7e-02
  219 ,   2191 : 5.7225806132400e+01 +(8e-03,4e-02) | 1.14e+02 |  9:1.1e-03  7:2.4e-02
Iterat, #Fevals:   Function Value    (median,worst) |Axis Ratio|idx:Min SD idx:Max SD
  220 ,   2201 : 5.7223429795716e+01 +(1e-02,6e-02) | 1.15e+02 |  9:1.1e-03  7:2.5e-02
  221 ,   2211 : 5.7225000877794e+01 +(1e-02,5e-02) | 1.18e+02 |  9:1.0e-03  7:2.4e-02
  222 ,   2221 : 5.7215090031758e+01 +(2e-02,3e-02) | 1.17e+02 |  9:1.0e-03  7:2.5e-02
  223 ,   2231 : 5.7220902965653e+01 +(1e-02,5e-02) | 1.18e+02 |  9:1.0e-03  7:2.4e-02
  224 ,   2241 : 5.7224240576575e+01 +(2e-02,4e-02) | 1.20e+02 |  9:9.6e-04  7:2.3e-02
  225 ,   2251 : 5.7231924699815e+01 +(1e-02,3e-02) | 1.22e+02 |  9:1.0e-03  7:2.5e-02
  226 ,   2261 : 5.7224204649040e+01 +(1e-02,5e-02) | 1.23e+02 |  9:1.0e-03  7:2.4e-02
  227 ,   2271 : 5.7220776234709e+01 +(1e-02,4e-02) | 1.23e+02 |  9:9.5e-04  7:2.3e-02
  228 ,   2281 : 5.7224372442397e+01 +(1e-02,6e-02) | 1.22e+02 |  9:8.2e-04  7:2.0e-02
  229 ,   2291 : 5.7225205031788e+01 +(8e-03,5e-02) | 1.22e+02 |  9:7.9e-04  7:1.9e-02
Iterat, #Fevals:   Function Value    (median,worst) |Axis Ratio|idx:Min SD idx:Max SD
  230 ,   2301 : 5.7213952658630e+01 +(2e-02,5e-02) | 1.24e+02 |  9:7.4e-04  7:1.8e-02
  231 ,   2311 : 5.7223343107846e+01 +(9e-03,5e-02) | 1.29e+02 |  9:6.9e-04  7:1.8e-02
  232 ,   2321 : 5.7225390957414e+01 +(1e-02,5e-02) | 1.30e+02 |  9:6.3e-04  7:1.6e-02
  233 ,   2331 : 5.7213357623805e+01 +(3e-02,7e-02) | 1.30e+02 |  9:5.7e-04  7:1.5e-02
  234 ,   2341 : 5.7221550247521e+01 +(1e-02,6e-02) | 1.28e+02 |  9:5.1e-04  7:1.3e-02
  235 ,   2351 : 5.7212982490074e+01 +(1e-02,4e-02) | 1.27e+02 |  9:4.8e-04  7:1.2e-02
  236 ,   2361 : 5.7218016268606e+01 +(7e-03,5e-02) | 1.27e+02 |  9:4.1e-04  7:1.0e-02
  237 ,   2371 : 5.7221742704665e+01 +(1e-02,5e-02) | 1.26e+02 |  9:3.4e-04  7:8.5e-03
  238 ,   2381 : 5.7217710150962e+01 +(1e-02,4e-02) | 1.26e+02 |  9:3.3e-04  7:8.1e-03
  239 ,   2391 : 5.7223933275578e+01 +(7e-03,7e-02) | 1.27e+02 |  9:3.2e-04  7:8.1e-03
Iterat, #Fevals:   Function Value    (median,worst) |Axis Ratio|idx:Min SD idx:Max SD
  240 ,   2401 : 5.7220386723622e+01 +(8e-03,2e-02) | 1.28e+02 |  9:3.3e-04  7:8.2e-03
  241 ,   2411 : 5.7222720113640e+01 +(1e-02,2e-02) | 1.31e+02 |  9:3.3e-04  7:8.2e-03
  242 ,   2421 : 5.7225573781671e+01 +(1e-02,5e-02) | 1.36e+02 |  9:3.3e-04  7:8.6e-03
  243 ,   2431 : 5.7221662465716e+01 +(1e-02,3e-02) | 1.37e+02 |  9:3.1e-04  7:8.1e-03
  244 ,   2441 : 5.7224505112424e+01 +(1e-02,8e-02) | 1.38e+02 |  9:2.9e-04  7:7.7e-03
  245 ,   2451 : 5.7216518717709e+01 +(2e-02,3e-02) | 1.34e+02 |  9:3.1e-04  7:8.0e-03
  246 ,   2461 : 5.7225120669321e+01 +(1e-02,4e-02) | 1.33e+02 |  9:3.2e-04  7:8.2e-03
  247 ,   2471 : 5.7226920260858e+01 +(9e-03,5e-02) | 1.33e+02 |  9:3.0e-04  7:7.7e-03
  248 ,   2481 : 5.7224537555036e+01 +(1e-02,4e-02) | 1.33e+02 |  9:2.6e-04  7:6.5e-03
  249 ,   2491 : 5.7226515983244e+01 +(8e-03,2e-02) | 1.32e+02 |  9:2.9e-04  7:6.9e-03
Iterat, #Fevals:   Function Value    (median,worst) |Axis Ratio|idx:Min SD idx:Max SD
  250 ,   2501 : 5.7218739383564e+01 +(2e-02,6e-02) | 1.33e+02 |  9:3.1e-04  7:7.1e-03
  251 ,   2511 : 5.7215400644936e+01 +(1e-02,2e-02) | 1.33e+02 |  9:2.9e-04  7:6.6e-03
  252 ,   2521 : 5.7213148452176e+01 +(1e-02,4e-02) | 1.36e+02 |  9:2.7e-04  7:6.3e-03
  253 ,   2531 : 5.7218221981778e+01 +(8e-03,2e-02) | 1.36e+02 |  9:2.6e-04  7:6.1e-03
  254 ,   2541 : 5.7219786379212e+01 +(1e-02,4e-02) | 1.36e+02 |  9:2.6e-04  7:6.3e-03
  255 ,   2551 : 5.7225372994045e+01 +(3e-03,5e-02) | 1.39e+02 |  9:3.1e-04  7:7.4e-03
  256 ,   2561 : 5.7222778503794e+01 +(8e-03,2e-02) | 1.37e+02 |  9:3.2e-04  7:7.6e-03
  257 ,   2571 : 5.7211642013747e+01 +(2e-02,5e-02) | 1.37e+02 |  9:3.3e-04  7:7.7e-03
  258 ,   2581 : 5.7222964928310e+01 +(1e-02,3e-02) | 1.38e+02 |  9:3.3e-04  7:7.6e-03
  259 ,   2591 : 5.7228183754362e+01 +(1e-02,3e-02) | 1.38e+02 |  9:3.2e-04  7:7.7e-03
Iterat, #Fevals:   Function Value    (median,worst) |Axis Ratio|idx:Min SD idx:Max SD
  260 ,   2601 : 5.7221245471731e+01 +(6e-03,6e-02) | 1.38e+02 |  9:3.2e-04  7:7.5e-03
  261 ,   2611 : 5.7218937255723e+01 +(7e-03,2e-02) | 1.34e+02 |  9:3.2e-04  7:7.5e-03
  262 ,   2621 : 5.7218808412054e+01 +(1e-02,5e-02) | 1.33e+02 |  9:2.9e-04  7:6.7e-03
  263 ,   2631 : 5.7220536010201e+01 +(1e-02,2e-02) | 1.34e+02 |  9:2.9e-04  7:6.9e-03
  264 ,   2641 : 5.7221815080699e+01 +(9e-03,4e-02) | 1.36e+02 |  9:2.9e-04  7:7.0e-03
  265 ,   2651 : 5.7223640260151e+01 +(8e-03,6e-02) | 1.36e+02 |  9:2.6e-04  7:6.2e-03
  266 ,   2661 : 5.7216695148372e+01 +(1e-02,4e-02) | 1.37e+02 |  9:2.5e-04  7:6.1e-03
  267 ,   2671 : 5.7226065914680e+01 +(2e-02,5e-02) | 1.36e+02 |  9:2.6e-04  7:6.2e-03
  268 ,   2681 : 5.7229450525305e+01 +(1e-02,6e-02) | 1.37e+02 |  9:2.6e-04  7:6.2e-03
  269 ,   2691 : 5.7223206193456e+01 +(5e-03,6e-02) | 1.33e+02 |  9:2.4e-04  7:5.8e-03
Iterat, #Fevals:   Function Value    (median,worst) |Axis Ratio|idx:Min SD idx:Max SD
  270 ,   2701 : 5.7220398738644e+01 +(8e-03,5e-02) | 1.32e+02 |  9:2.3e-04  7:5.5e-03
  271 ,   2711 : 5.7224849275808e+01 +(9e-03,4e-02) | 1.34e+02 |  9:2.1e-04  7:5.1e-03
  272 ,   2721 : 5.7226331766670e+01 +(2e-02,6e-02) | 1.34e+02 |  9:2.0e-04  7:4.9e-03
  273 ,   2731 : 5.7223393471637e+01 +(1e-02,5e-02) | 1.34e+02 |  9:1.8e-04  7:4.4e-03
  274 ,   2741 : 5.7225423550397e+01 +(8e-03,3e-02) | 1.32e+02 |  9:1.7e-04  7:4.2e-03
  275 ,   2751 : 5.7219447764686e+01 +(1e-02,6e-02) | 1.36e+02 |  9:1.8e-04  7:4.2e-03
  276 ,   2761 : 5.7225166034544e+01 +(1e-02,9e-02) | 1.34e+02 |  9:1.9e-04  7:4.4e-03
  277 ,   2771 : 5.7218478266373e+01 +(1e-02,4e-02) | 1.34e+02 |  9:2.0e-04  7:4.6e-03
  278 ,   2781 : 5.7220036114306e+01 +(2e-02,6e-02) | 1.31e+02 |  9:2.0e-04  7:4.4e-03
  279 ,   2791 : 5.7224245767062e+01 +(1e-02,3e-02) | 1.29e+02 |  9:1.8e-04  7:4.1e-03
Iterat, #Fevals:   Function Value    (median,worst) |Axis Ratio|idx:Min SD idx:Max SD
  280 ,   2801 : 5.7220465633716e+01 +(1e-02,6e-02) | 1.28e+02 |  9:1.6e-04  7:3.6e-03
  281 ,   2811 : 5.7212368359668e+01 +(2e-02,6e-02) | 1.27e+02 |  9:1.5e-04  7:3.2e-03
  282 ,   2821 : 5.7220021132929e+01 +(2e-02,5e-02) | 1.28e+02 |  9:1.5e-04  7:3.4e-03
  283 ,   2831 : 5.7219886947437e+01 +(1e-02,5e-02) | 1.29e+02 |  9:1.4e-04  7:3.1e-03
  284 ,   2841 : 5.7224385393000e+01 +(7e-03,3e-02) | 1.29e+02 |  9:1.3e-04  7:2.8e-03
  285 ,   2851 : 5.7224300581733e+01 +(7e-03,2e-02) | 1.28e+02 |  9:1.2e-04  7:2.6e-03
  286 ,   2861 : 5.7213922534399e+01 +(2e-02,5e-02) | 1.27e+02 |  9:1.3e-04  7:2.6e-03
  287 ,   2871 : 5.7227946988088e+01 +(5e-03,3e-02) | 1.28e+02 |  9:1.1e-04  7:2.3e-03
  288 ,   2881 : 5.7217884882600e+01 +(2e-02,3e-02) | 1.28e+02 |  9:1.1e-04  7:2.2e-03
  289 ,   2891 : 5.7224641875409e+01 +(3e-02,6e-02) | 1.28e+02 |  9:1.0e-04  7:2.0e-03
Iterat, #Fevals:   Function Value    (median,worst) |Axis Ratio|idx:Min SD idx:Max SD
  290 ,   2901 : 5.7220207726053e+01 +(2e-02,7e-02) | 1.26e+02 |  9:9.7e-05  7:1.9e-03
  291 ,   2911 : 5.7226960303289e+01 +(9e-03,2e-02) | 1.23e+02 |  9:9.4e-05  7:1.9e-03
  292 ,   2921 : 5.7225223294057e+01 +(1e-02,3e-02) | 1.22e+02 |  9:9.7e-05  7:1.9e-03
  293 ,   2931 : 5.7224407672605e+01 +(7e-03,2e-02) | 1.20e+02 |  9:1.0e-04  7:1.9e-03
  294 ,   2941 : 5.7220211426268e+01 +(2e-02,5e-02) | 1.21e+02 |  9:9.9e-05  7:2.0e-03
  295 ,   2951 : 5.7225979043576e+01 +(6e-03,6e-02) | 1.22e+02 |  9:9.5e-05  7:1.9e-03
  296 ,   2961 : 5.7222332792473e+01 +(1e-02,4e-02) | 1.20e+02 |  9:9.0e-05  7:1.8e-03
  297 ,   2971 : 5.7223103662218e+01 +(1e-02,5e-02) | 1.14e+02 |  9:9.7e-05  7:1.9e-03
  298 ,   2981 : 5.7223852391972e+01 +(7e-03,5e-02) | 1.16e+02 |  9:1.0e-04  7:2.1e-03
  299 ,   2991 : 5.7221633641583e+01 +(1e-02,3e-02) | 1.13e+02 |  9:1.1e-04  7:2.2e-03
Iterat, #Fevals:   Function Value    (median,worst) |Axis Ratio|idx:Min SD idx:Max SD
  300 ,   3001 : 5.7225328692868e+01 +(2e-02,4e-02) | 1.06e+02 |  9:1.1e-04  7:2.2e-03
  301 ,   3011 : 5.7221555169789e+01 +(8e-03,3e-02) | 1.07e+02 |  9:1.1e-04  7:2.3e-03
  302 ,   3021 : 5.7225546292163e+01 +(7e-03,4e-02) | 1.09e+02 |  9:1.1e-04  7:2.2e-03
  303 ,   3031 : 5.7217381428578e+01 +(2e-02,4e-02) | 1.11e+02 |  9:1.1e-04  7:2.2e-03
  304 ,   3041 : 5.7217205286368e+01 +(1e-02,2e-02) | 1.10e+02 |  9:9.8e-05  7:2.0e-03
  305 ,   3051 : 5.7215993657391e+01 +(1e-02,5e-02) | 1.14e+02 |  9:8.9e-05  7:1.9e-03
  306 ,   3061 : 5.7224881742920e+01 +(1e-02,6e-02) | 1.13e+02 |  9:8.3e-05  7:1.7e-03
  307 ,   3071 : 5.7225586547186e+01 +(1e-02,7e-02) | 1.13e+02 |  9:8.8e-05  7:1.7e-03
  308 ,   3081 : 5.7226884368683e+01 +(9e-03,6e-02) | 1.08e+02 |  9:8.7e-05  7:1.7e-03
  309 ,   3091 : 5.7222196231099e+01 +(6e-03,3e-02) | 1.06e+02 |  9:8.6e-05  7:1.7e-03
Iterat, #Fevals:   Function Value    (median,worst) |Axis Ratio|idx:Min SD idx:Max SD
  310 ,   3101 : 5.7221798923812e+01 +(1e-02,4e-02) | 1.07e+02 |  9:8.9e-05  7:1.7e-03
  311 ,   3111 : 5.7223619978448e+01 +(4e-03,3e-02) | 1.06e+02 |  9:8.5e-05  7:1.6e-03
  312 ,   3121 : 5.7224707766487e+01 +(1e-02,2e-02) | 1.05e+02 |  9:7.9e-05  7:1.5e-03
  313 ,   3131 : 5.7217376673918e+01 +(1e-02,4e-02) | 1.05e+02 |  9:7.6e-05  7:1.4e-03
  314 ,   3141 : 5.7219950797952e+01 +(1e-02,4e-02) | 1.05e+02 |  9:7.0e-05  7:1.3e-03
  315 ,   3151 : 5.7215780865188e+01 +(2e-02,5e-02) | 1.04e+02 |  9:6.6e-05  7:1.2e-03
  316 ,   3161 : 5.7219053846167e+01 +(1e-02,7e-02) | 1.02e+02 |  9:6.0e-05  7:1.1e-03
  317 ,   3171 : 5.7211527873287e+01 +(1e-02,6e-02) | 1.01e+02 |  9:5.9e-05  7:1.1e-03
  318 ,   3181 : 5.7219779224977e+01 +(9e-03,7e-02) | 9.99e+01 |  9:5.6e-05  7:1.0e-03
  319 ,   3191 : 5.7217796958424e+01 +(1e-02,4e-02) | 9.98e+01 |  9:5.8e-05  7:1.1e-03
Iterat, #Fevals:   Function Value    (median,worst) |Axis Ratio|idx:Min SD idx:Max SD
  320 ,   3201 : 5.7220339649405e+01 +(1e-02,7e-02) | 9.85e+01 |  9:6.1e-05  7:1.2e-03
  321 ,   3211 : 5.7220598340826e+01 +(1e-02,4e-02) | 1.04e+02 |  9:6.0e-05  7:1.2e-03
  322 ,   3221 : 5.7207901265255e+01 +(2e-02,4e-02) | 1.05e+02 |  9:5.3e-05  7:1.1e-03
  323 ,   3231 : 5.7219059151689e+01 +(1e-02,5e-02) | 1.08e+02 |  9:5.4e-05  7:1.1e-03
  324 ,   3241 : 5.7220340406823e+01 +(1e-02,2e-02) | 1.09e+02 |  9:5.5e-05  7:1.1e-03
  325 ,   3251 : 5.7221223513429e+01 +(5e-03,4e-02) | 1.22e+02 |  9:5.6e-05  7:1.2e-03
  326 ,   3261 : 5.7220444959380e+01 +(1e-02,5e-02) | 1.22e+02 |  9:5.3e-05  7:1.2e-03
  327 ,   3271 : 5.7223666323391e+01 +(7e-03,5e-02) | 1.21e+02 |  9:5.3e-05  7:1.2e-03
  328 ,   3281 : 5.7219846890342e+01 +(2e-02,4e-02) | 1.25e+02 |  9:5.2e-05  7:1.2e-03
  329 ,   3291 : 5.7222052327222e+01 +(1e-02,4e-02) | 1.25e+02 |  9:5.0e-05  7:1.1e-03
Iterat, #Fevals:   Function Value    (median,worst) |Axis Ratio|idx:Min SD idx:Max SD
  330 ,   3301 : 5.7224040665784e+01 +(7e-03,5e-02) | 1.23e+02 |  9:4.8e-05  7:1.1e-03
  331 ,   3311 : 5.7222129836105e+01 +(1e-02,4e-02) | 1.23e+02 |  9:4.5e-05  7:1.0e-03
  332 ,   3321 : 5.7219367517674e+01 +(1e-02,3e-02) | 1.24e+02 |  9:4.5e-05  7:1.1e-03
  333 ,   3331 : 5.7214080874761e+01 +(1e-02,5e-02) | 1.30e+02 |  9:4.6e-05  7:1.2e-03
  334 ,   3341 : 5.7224746401687e+01 +(5e-03,5e-02) | 1.30e+02 |  9:4.4e-05  7:1.1e-03
  335 ,   3351 : 5.7224246448377e+01 +(4e-03,3e-02) | 1.30e+02 |  9:4.4e-05  7:1.1e-03
  336 ,   3361 : 5.7215659281212e+01 +(1e-02,3e-02) | 1.30e+02 |  9:4.3e-05  7:1.1e-03
  337 ,   3371 : 5.7214922329198e+01 +(1e-02,4e-02) | 1.31e+02 |  9:4.1e-05  7:1.0e-03
  338 ,   3381 : 5.7220782875522e+01 +(1e-02,3e-02) | 1.34e+02 |  9:3.9e-05  7:9.8e-04
  339 ,   3391 : 5.7219248319133e+01 +(9e-03,3e-02) | 1.31e+02 |  9:4.0e-05  7:1.0e-03
Iterat, #Fevals:   Function Value    (median,worst) |Axis Ratio|idx:Min SD idx:Max SD
  340 ,   3401 : 5.7225308086366e+01 +(5e-03,4e-02) | 1.36e+02 |  9:4.3e-05  7:1.1e-03
  341 ,   3411 : 5.7218219137094e+01 +(7e-03,3e-02) | 1.39e+02 |  9:4.5e-05  7:1.2e-03
  342 ,   3421 : 5.7215404869358e+01 +(1e-02,5e-02) | 1.37e+02 |  9:4.9e-05  7:1.3e-03
  343 ,   3431 : 5.7223479217936e+01 +(7e-03,1e-02) | 1.36e+02 |  9:5.7e-05  7:1.5e-03
  344 ,   3441 : 5.7223161738163e+01 +(2e-02,5e-02) | 1.35e+02 |  9:6.9e-05  7:1.8e-03
  345 ,   3451 : 5.7219866283814e+01 +(1e-02,3e-02) | 1.40e+02 |  9:7.9e-05  7:2.2e-03
  346 ,   3461 : 5.7223229176106e+01 +(5e-03,3e-02) | 1.44e+02 |  9:7.4e-05  7:2.1e-03
  347 ,   3471 : 5.7220328291100e+01 +(1e-02,2e-02) | 1.46e+02 |  9:7.0e-05  7:2.0e-03
  348 ,   3481 : 5.7221103997115e+01 +(1e-02,3e-02) | 1.48e+02 |  9:7.0e-05  7:1.9e-03
  349 ,   3491 : 5.7224441905849e+01 +(1e-02,3e-02) | 1.49e+02 |  9:6.2e-05  7:1.7e-03
Iterat, #Fevals:   Function Value    (median,worst) |Axis Ratio|idx:Min SD idx:Max SD
  350 ,   3501 : 5.7220387289018e+01 +(7e-03,5e-02) | 1.51e+02 |  9:6.0e-05  7:1.6e-03
  351 ,   3511 : 5.7219140295709e+01 +(8e-03,2e-02) | 1.49e+02 |  9:5.9e-05  7:1.6e-03
  352 ,   3521 : 5.7225137035889e+01 +(1e-02,6e-02) | 1.44e+02 |  9:5.8e-05  7:1.5e-03
  353 ,   3531 : 5.7221832028756e+01 +(8e-03,5e-02) | 1.44e+02 |  9:5.6e-05  7:1.4e-03
  354 ,   3541 : 5.7223906947702e+01 +(1e-02,6e-02) | 1.42e+02 |  9:5.3e-05  7:1.3e-03
  355 ,   3551 : 5.7224437166042e+01 +(7e-03,7e-02) | 1.42e+02 |  9:5.0e-05  7:1.3e-03
  356 ,   3561 : 5.7220471396537e+01 +(8e-03,3e-02) | 1.44e+02 |  9:4.7e-05  7:1.2e-03
  357 ,   3571 : 5.7222077850177e+01 +(2e-02,7e-02) | 1.56e+02 |  9:5.5e-05  7:1.5e-03
  358 ,   3581 : 5.7217865753350e+01 +(2e-02,5e-02) | 1.61e+02 |  9:6.6e-05  7:1.8e-03
  359 ,   3591 : 5.7215684555503e+01 +(1e-02,5e-02) | 1.66e+02 |  9:7.1e-05  7:2.0e-03
Iterat, #Fevals:   Function Value    (median,worst) |Axis Ratio|idx:Min SD idx:Max SD
  360 ,   3601 : 5.7223169153149e+01 +(1e-02,5e-02) | 1.68e+02 |  9:8.1e-05  7:2.2e-03
  361 ,   3611 : 5.7229262718663e+01 +(3e-03,4e-02) | 1.71e+02 |  9:8.4e-05  7:2.3e-03
  362 ,   3621 : 5.7225129633533e+01 +(6e-03,7e-02) | 1.72e+02 |  9:9.0e-05  7:2.4e-03
  363 ,   3631 : 5.7214015132155e+01 +(2e-02,4e-02) | 1.73e+02 |  9:9.1e-05  7:2.3e-03
  364 ,   3641 : 5.7217859427891e+01 +(8e-03,5e-02) | 1.67e+02 |  9:9.4e-05  7:2.4e-03
  365 ,   3651 : 5.7212698502932e+01 +(2e-02,7e-02) | 1.59e+02 |  9:1.0e-04  7:2.6e-03
  366 ,   3661 : 5.7221114883903e+01 +(2e-02,4e-02) | 1.61e+02 |  9:1.1e-04  7:2.9e-03
  367 ,   3671 : 5.7224756821590e+01 +(4e-03,5e-02) | 1.59e+02 |  9:1.3e-04  7:3.2e-03
  368 ,   3681 : 5.7221417384129e+01 +(1e-02,5e-02) | 1.59e+02 |  9:1.3e-04  7:3.2e-03
  369 ,   3691 : 5.7223812874572e+01 +(6e-03,6e-02) | 1.58e+02 |  9:1.2e-04  7:3.1e-03
Iterat, #Fevals:   Function Value    (median,worst) |Axis Ratio|idx:Min SD idx:Max SD
  370 ,   3701 : 5.7219207553631e+01 +(2e-02,7e-02) | 1.55e+02 |  9:1.2e-04  7:2.9e-03
  371 ,   3711 : 5.7220109751341e+01 +(1e-02,5e-02) | 1.55e+02 |  9:1.1e-04  7:2.8e-03
  372 ,   3721 : 5.7218276747956e+01 +(1e-02,6e-02) | 1.49e+02 |  9:1.2e-04  7:2.8e-03
  373 ,   3731 : 5.7223588430598e+01 +(5e-03,7e-02) | 1.48e+02 |  9:1.1e-04  7:2.7e-03
  374 ,   3741 : 5.7214066672559e+01 +(2e-02,3e-02) | 1.49e+02 |  9:1.1e-04  7:2.6e-03
  375 ,   3751 : 5.7223244095115e+01 +(7e-03,3e-02) | 1.48e+02 |  9:1.2e-04  7:2.8e-03
  376 ,   3761 : 5.7217960041794e+01 +(1e-02,4e-02) | 1.48e+02 |  9:1.3e-04  7:2.8e-03
  377 ,   3771 : 5.7219991574524e+01 +(1e-02,3e-02) | 1.47e+02 |  9:1.2e-04  7:2.6e-03
  378 ,   3781 : 5.7221707058636e+01 +(1e-02,3e-02) | 1.47e+02 |  9:1.1e-04  7:2.4e-03
  379 ,   3791 : 5.7224259721629e+01 +(4e-03,2e-02) | 1.47e+02 |  9:1.1e-04  7:2.5e-03
Iterat, #Fevals:   Function Value    (median,worst) |Axis Ratio|idx:Min SD idx:Max SD
  380 ,   3801 : 5.7226412343196e+01 +(1e-02,5e-02) | 1.48e+02 |  9:1.1e-04  7:2.5e-03
  381 ,   3811 : 5.7225366919345e+01 +(1e-02,8e-02) | 1.46e+02 |  9:1.2e-04  7:2.6e-03
  382 ,   3821 : 5.7215312460945e+01 +(2e-02,4e-02) | 1.52e+02 |  9:1.2e-04  7:2.6e-03
  383 ,   3831 : 5.7222526820904e+01 +(9e-03,5e-02) | 1.57e+02 |  9:1.2e-04  7:2.7e-03
  384 ,   3841 : 5.7224618263586e+01 +(8e-03,5e-02) | 1.63e+02 |  9:1.2e-04  7:2.8e-03
  385 ,   3851 : 5.7224480002003e+01 +(2e-02,3e-02) | 1.82e+02 |  9:1.3e-04  7:3.3e-03
  386 ,   3861 : 5.7222763307709e+01 +(1e-02,5e-02) | 1.92e+02 |  9:1.4e-04  7:3.7e-03
  387 ,   3871 : 5.7213638914606e+01 +(2e-02,6e-02) | 2.02e+02 |  9:1.5e-04  7:4.0e-03
  388 ,   3881 : 5.7217454320312e+01 +(1e-02,4e-02) | 2.07e+02 |  9:1.4e-04  7:3.7e-03
  389 ,   3891 : 5.7218238921290e+01 +(8e-03,7e-02) | 2.12e+02 |  9:1.4e-04  7:4.0e-03
Iterat, #Fevals:   Function Value    (median,worst) |Axis Ratio|idx:Min SD idx:Max SD
  390 ,   3901 : 5.7215608831332e+01 +(1e-02,4e-02) | 2.15e+02 |  9:1.5e-04  7:4.2e-03
  391 ,   3911 : 5.7216669424922e+01 +(1e-02,5e-02) | 2.15e+02 |  9:1.6e-04  7:4.3e-03
  392 ,   3921 : 5.7212534428700e+01 +(1e-02,3e-02) | 2.20e+02 |  9:1.5e-04  7:4.1e-03
  393 ,   3931 : 5.7220781798929e+01 +(6e-03,2e-02) | 2.17e+02 |  9:1.4e-04  7:3.9e-03
  394 ,   3941 : 5.7218249757237e+01 +(9e-03,4e-02) | 2.16e+02 |  9:1.4e-04  7:3.8e-03
  395 ,   3951 : 5.7219376182479e+01 +(1e-02,3e-02) | 2.12e+02 |  9:1.5e-04  7:4.1e-03
  396 ,   3961 : 5.7217454838702e+01 +(1e-02,5e-02) | 2.15e+02 |  9:1.5e-04  7:4.1e-03
  397 ,   3971 : 5.7219714348507e+01 +(8e-03,5e-02) | 2.14e+02 |  9:1.6e-04  7:4.3e-03
  398 ,   3981 : 5.7223244300986e+01 +(1e-02,4e-02) | 2.16e+02 |  9:1.7e-04  7:4.6e-03
  399 ,   3991 : 5.7218115926755e+01 +(1e-02,2e-02) | 2.20e+02 |  9:1.7e-04  7:4.6e-03
Iterat, #Fevals:   Function Value    (median,worst) |Axis Ratio|idx:Min SD idx:Max SD
  400 ,   4001 : 5.7224093741618e+01 +(4e-03,2e-02) | 2.22e+02 |  9:1.8e-04  7:4.9e-03
  401 ,   4011 : 5.7220015322300e+01 +(1e-02,3e-02) | 2.26e+02 |  9:2.0e-04  7:5.4e-03
  402 ,   4021 : 5.7224744899172e+01 +(9e-03,5e-02) | 2.27e+02 |  9:2.0e-04  7:5.3e-03
  403 ,   4031 : 5.7219512690333e+01 +(1e-02,2e-02) | 2.24e+02 |  9:1.9e-04  7:5.0e-03
  404 ,   4041 : 5.7230582506667e+01 +(4e-03,2e-02) | 2.32e+02 |  9:1.8e-04  7:4.9e-03
  405 ,   4051 : 5.7225641187209e+01 +(9e-03,5e-02) | 2.32e+02 |  9:1.8e-04  7:4.8e-03
  406 ,   4061 : 5.7213393940095e+01 +(1e-02,5e-02) | 2.34e+02 |  9:1.8e-04  7:4.8e-03
  407 ,   4071 : 5.7226325860854e+01 +(1e-02,4e-02) | 2.34e+02 |  9:1.9e-04  7:5.0e-03
  408 ,   4081 : 5.7213592488648e+01 +(2e-02,4e-02) | 2.32e+02 |  9:1.8e-04  7:4.9e-03
  409 ,   4091 : 5.7218739244611e+01 +(1e-02,5e-02) | 2.32e+02 |  9:1.7e-04  7:4.8e-03
Iterat, #Fevals:   Function Value    (median,worst) |Axis Ratio|idx:Min SD idx:Max SD
  410 ,   4101 : 5.7217497076234e+01 +(1e-02,6e-02) | 2.27e+02 |  9:1.8e-04  7:5.0e-03
  411 ,   4111 : 5.7219683051043e+01 +(2e-02,5e-02) | 2.25e+02 |  9:1.8e-04  7:4.7e-03
  412 ,   4121 : 5.7221945276155e+01 +(2e-02,8e-02) | 2.12e+02 |  9:1.8e-04  7:4.8e-03
  413 ,   4131 : 5.7216278465866e+01 +(1e-02,6e-02) | 2.06e+02 |  9:1.7e-04  7:4.5e-03
  414 ,   4141 : 5.7221890653783e+01 +(7e-03,2e-02) | 2.03e+02 |  9:1.6e-04  7:4.2e-03
  415 ,   4151 : 5.7222338955925e+01 +(6e-03,2e-02) | 2.04e+02 |  9:1.6e-04  7:4.2e-03
  416 ,   4161 : 5.7208391033574e+01 +(1e-02,4e-02) | 2.08e+02 |  9:1.4e-04  7:3.9e-03
  417 ,   4171 : 5.7223162438634e+01 +(7e-03,5e-02) | 2.04e+02 |  9:1.3e-04  7:3.5e-03
  418 ,   4181 : 5.7208769926049e+01 +(2e-02,6e-02) | 2.04e+02 |  9:1.3e-04  7:3.4e-03
  419 ,   4191 : 5.7218640782070e+01 +(1e-02,6e-02) | 2.01e+02 |  9:1.5e-04  7:3.7e-03
Iterat, #Fevals:   Function Value    (median,worst) |Axis Ratio|idx:Min SD idx:Max SD
  420 ,   4201 : 5.7214182167723e+01 +(2e-02,5e-02) | 2.04e+02 |  9:1.4e-04  7:3.5e-03
  421 ,   4211 : 5.7218509614814e+01 +(8e-03,5e-02) | 2.03e+02 |  9:1.3e-04  7:3.2e-03
  422 ,   4221 : 5.7220962323926e+01 +(7e-03,3e-02) | 2.01e+02 |  9:1.2e-04  7:3.0e-03
  423 ,   4231 : 5.7226905208055e+01 +(6e-03,8e-02) | 1.99e+02 |  9:1.1e-04  7:2.8e-03
  424 ,   4241 : 5.7217738391259e+01 +(2e-02,6e-02) | 2.01e+02 |  9:1.2e-04  7:2.9e-03
  425 ,   4251 : 5.7220149863568e+01 +(2e-02,4e-02) | 2.05e+02 |  9:1.2e-04  7:3.1e-03
  426 ,   4261 : 5.7214373932572e+01 +(2e-02,5e-02) | 2.03e+02 |  9:1.2e-04  7:2.9e-03
  427 ,   4271 : 5.7216938730068e+01 +(1e-02,5e-02) | 2.05e+02 |  9:1.4e-04  7:3.4e-03
  428 ,   4281 : 5.7214611542433e+01 +(1e-02,6e-02) | 2.05e+02 |  9:1.3e-04  7:3.3e-03
  429 ,   4291 : 5.7218938284851e+01 +(6e-03,2e-02) | 2.06e+02 |  9:1.2e-04  7:3.1e-03
Iterat, #Fevals:   Function Value    (median,worst) |Axis Ratio|idx:Min SD idx:Max SD
  430 ,   4301 : 5.7219342953800e+01 +(6e-03,6e-02) | 2.04e+02 |  9:1.2e-04  7:2.9e-03
  431 ,   4311 : 5.7220338388137e+01 +(9e-03,3e-02) | 2.02e+02 |  9:1.1e-04  7:2.7e-03
  432 ,   4321 : 5.7210218356230e+01 +(2e-02,6e-02) | 2.05e+02 |  9:1.1e-04  7:2.7e-03
  433 ,   4331 : 5.7214752071654e+01 +(2e-02,6e-02) | 2.06e+02 |  9:1.1e-04  7:2.7e-03
  434 ,   4341 : 5.7209918712885e+01 +(3e-02,6e-02) | 2.01e+02 |  9:1.0e-04  7:2.5e-03
  435 ,   4351 : 5.7219304600657e+01 +(7e-03,2e-02) | 1.98e+02 |  9:1.0e-04  7:2.5e-03
  436 ,   4361 : 5.7213627013360e+01 +(2e-02,5e-02) | 1.98e+02 |  9:1.0e-04  7:2.5e-03
  437 ,   4371 : 5.7216625262175e+01 +(9e-03,2e-02) | 1.97e+02 |  9:1.1e-04  7:2.6e-03
  438 ,   4381 : 5.7222522879302e+01 +(1e-02,4e-02) | 1.96e+02 |  9:1.1e-04  7:2.5e-03
  439 ,   4391 : 5.7213280921977e+01 +(2e-02,2e-02) | 1.93e+02 |  9:1.1e-04  7:2.5e-03
Iterat, #Fevals:   Function Value    (median,worst) |Axis Ratio|idx:Min SD idx:Max SD
  440 ,   4401 : 5.7218013613622e+01 +(4e-03,4e-02) | 1.98e+02 |  9:1.2e-04  7:2.8e-03
  441 ,   4411 : 5.7218964976621e+01 +(9e-03,4e-02) | 2.03e+02 |  9:1.2e-04  7:2.9e-03
  442 ,   4421 : 5.7223445301345e+01 +(3e-03,7e-03) | 2.05e+02 |  9:1.1e-04  7:2.8e-03
  443 ,   4431 : 5.7218517747196e+01 +(7e-03,1e-02) | 2.01e+02 |  9:1.1e-04  7:2.8e-03
  444 ,   4441 : 5.7219425287994e+01 +(5e-03,3e-02) | 1.97e+02 |  9:1.2e-04  7:3.0e-03
  445 ,   4451 : 5.7214955444126e+01 +(1e-02,2e-02) | 1.92e+02 |  9:1.2e-04  7:3.1e-03
  446 ,   4461 : 5.7219941951315e+01 +(6e-03,7e-02) | 1.96e+02 |  9:1.3e-04  7:3.3e-03
  447 ,   4471 : 5.7219322223348e+01 +(1e-02,4e-02) | 2.00e+02 |  9:1.3e-04  7:3.6e-03
  448 ,   4481 : 5.7217633576132e+01 +(8e-03,5e-02) | 1.90e+02 |  9:1.4e-04  7:3.7e-03
  449 ,   4491 : 5.7212034817535e+01 +(1e-02,4e-02) | 1.77e+02 |  9:1.5e-04  7:4.0e-03
Iterat, #Fevals:   Function Value    (median,worst) |Axis Ratio|idx:Min SD idx:Max SD
  450 ,   4501 : 5.7221119552962e+01 +(7e-03,4e-02) | 1.70e+02 |  9:1.6e-04  7:4.2e-03
  451 ,   4511 : 5.7213172524958e+01 +(1e-02,6e-02) | 1.63e+02 |  9:1.7e-04  7:4.3e-03
  452 ,   4521 : 5.7218061521932e+01 +(1e-02,7e-02) | 1.67e+02 |  9:1.8e-04  7:4.4e-03
  453 ,   4531 : 5.7219512761120e+01 +(7e-03,2e-02) | 1.70e+02 |  9:1.9e-04  7:4.7e-03
  454 ,   4541 : 5.7223292042883e+01 +(9e-03,4e-02) | 1.73e+02 |  9:2.1e-04  7:5.2e-03
  455 ,   4551 : 5.7214183687056e+01 +(2e-02,8e-02) | 1.73e+02 |  9:2.0e-04  7:5.0e-03
  456 ,   4561 : 5.7202983601493e+01 +(2e-02,7e-02) | 1.74e+02 |  9:2.0e-04  7:4.9e-03
  457 ,   4571 : 5.7209269063232e+01 +(2e-02,3e-02) | 1.73e+02 |  9:2.0e-04  7:5.0e-03
  458 ,   4581 : 5.7215262760946e+01 +(8e-03,6e-02) | 1.73e+02 |  9:2.4e-04  7:6.1e-03
  459 ,   4591 : 5.7221527147212e+01 +(1e-02,5e-02) | 1.70e+02 |  9:2.5e-04  7:6.3e-03
Iterat, #Fevals:   Function Value    (median,worst) |Axis Ratio|idx:Min SD idx:Max SD
  460 ,   4601 : 5.7215924141591e+01 +(2e-02,4e-02) | 1.69e+02 |  9:2.7e-04  7:6.8e-03
  461 ,   4611 : 5.7221831796850e+01 +(6e-03,2e-02) | 1.68e+02 |  9:2.9e-04  7:7.2e-03
  462 ,   4621 : 5.7219354115338e+01 +(7e-03,4e-02) | 1.69e+02 |  9:2.9e-04  7:7.3e-03
  463 ,   4631 : 5.7220538241802e+01 +(7e-03,2e-02) | 1.65e+02 |  9:2.8e-04  7:7.0e-03
  464 ,   4641 : 5.7219212279404e+01 +(8e-03,3e-02) | 1.65e+02 |  9:3.0e-04  7:7.5e-03
  465 ,   4651 : 5.7221333551025e+01 +(9e-03,6e-02) | 1.64e+02 |  9:3.0e-04  7:7.7e-03
  466 ,   4661 : 5.7209453195421e+01 +(2e-02,3e-02) | 1.65e+02 |  9:3.0e-04  7:7.5e-03
  467 ,   4671 : 5.7221184527893e+01 +(9e-03,3e-02) | 1.66e+02 |  9:2.9e-04  7:7.3e-03
  468 ,   4681 : 5.7217093241916e+01 +(1e-02,5e-02) | 1.64e+02 |  9:3.1e-04  7:7.6e-03
  469 ,   4691 : 5.7220503637031e+01 +(9e-03,7e-02) | 1.66e+02 |  9:2.8e-04  7:6.8e-03
Iterat, #Fevals:   Function Value    (median,worst) |Axis Ratio|idx:Min SD idx:Max SD
  470 ,   4701 : 5.7226100987505e+01 +(5e-03,2e-02) | 1.67e+02 |  9:2.5e-04  7:6.1e-03
  471 ,   4711 : 5.7224018598989e+01 +(5e-03,2e-02) | 1.69e+02 |  9:2.3e-04  7:5.6e-03
  472 ,   4721 : 5.7223872990117e+01 +(3e-03,4e-02) | 1.65e+02 |  9:2.2e-04  7:5.3e-03
  473 ,   4731 : 5.7223580765594e+01 +(9e-03,4e-02) | 1.63e+02 |  9:2.1e-04  7:5.1e-03
  474 ,   4741 : 5.7222808014631e+01 +(6e-03,5e-02) | 1.61e+02 |  9:2.0e-04  7:4.9e-03
  475 ,   4751 : 5.7225023288426e+01 +(1e-02,3e-02) | 1.61e+02 |  9:1.9e-04  7:4.7e-03
  476 ,   4761 : 5.7222269314843e+01 +(1e-02,5e-02) | 1.59e+02 |  9:1.7e-04  7:4.2e-03
  477 ,   4771 : 5.7222393819932e+01 +(9e-03,3e-02) | 1.66e+02 |  9:1.7e-04  7:4.4e-03
  478 ,   4781 : 5.7212977171314e+01 +(2e-02,3e-02) | 1.66e+02 |  9:1.6e-04  7:4.0e-03
  479 ,   4791 : 5.7219700216343e+01 +(1e-02,3e-02) | 1.66e+02 |  9:1.5e-04  7:3.8e-03
Iterat, #Fevals:   Function Value    (median,worst) |Axis Ratio|idx:Min SD idx:Max SD
  480 ,   4801 : 5.7218714824424e+01 +(1e-02,4e-02) | 1.64e+02 |  9:1.4e-04  7:3.8e-03
  481 ,   4811 : 5.7215499321494e+01 +(1e-02,2e-02) | 1.64e+02 |  9:1.4e-04  7:3.7e-03
  482 ,   4821 : 5.7215882511558e+01 +(1e-02,2e-02) | 1.71e+02 |  9:1.4e-04  7:3.7e-03
  483 ,   4831 : 5.7221193956385e+01 +(7e-03,3e-02) | 1.76e+02 |  9:1.4e-04  7:3.7e-03
  484 ,   4841 : 5.7211648085229e+01 +(1e-02,3e-02) | 1.77e+02 |  9:1.4e-04  7:3.8e-03
  485 ,   4851 : 5.7214359438411e+01 +(4e-03,3e-02) | 1.77e+02 |  9:1.3e-04  7:3.7e-03
  486 ,   4861 : 5.7209965012456e+01 +(2e-02,3e-02) | 1.82e+02 |  9:1.4e-04  7:3.8e-03
  487 ,   4871 : 5.7219953375499e+01 +(1e-02,8e-02) | 1.80e+02 |  9:1.4e-04  7:3.9e-03
  488 ,   4881 : 5.7220635136836e+01 +(3e-03,2e-02) | 1.79e+02 |  9:1.4e-04  7:3.8e-03
  489 ,   4891 : 5.7217284442288e+01 +(1e-02,6e-02) | 1.85e+02 |  9:1.4e-04  7:4.1e-03
Iterat, #Fevals:   Function Value    (median,worst) |Axis Ratio|idx:Min SD idx:Max SD
  490 ,   4901 : 5.7210087586083e+01 +(2e-02,4e-02) | 1.89e+02 |  9:1.6e-04  7:4.7e-03
  491 ,   4911 : 5.7215235018461e+01 +(1e-02,4e-02) | 1.90e+02 |  9:1.8e-04  7:5.5e-03
  492 ,   4921 : 5.7215758106448e+01 +(1e-02,4e-02) | 1.92e+02 |  9:1.8e-04  7:5.5e-03
  493 ,   4931 : 5.7213094832242e+01 +(1e-02,5e-02) | 1.91e+02 |  9:1.8e-04  7:5.4e-03
  494 ,   4941 : 5.7220357378561e+01 +(4e-03,2e-02) | 1.91e+02 |  9:1.7e-04  7:5.5e-03
  495 ,   4951 : 5.7217013578905e+01 +(1e-02,2e-02) | 1.94e+02 |  9:1.6e-04  7:5.1e-03
  496 ,   4961 : 5.7215704265861e+01 +(1e-02,2e-02) | 1.86e+02 |  9:1.6e-04  7:5.2e-03
  497 ,   4971 : 5.7218725868714e+01 +(4e-03,2e-02) | 1.82e+02 |  9:1.7e-04  7:5.6e-03
  498 ,   4981 : 5.7212921917375e+01 +(1e-02,6e-02) | 1.84e+02 |  9:1.7e-04  7:5.5e-03
  499 ,   4991 : 5.7224210911366e+01 +(6e-03,4e-02) | 1.91e+02 |  9:1.7e-04  7:5.7e-03
Iterat, #Fevals:   Function Value    (median,worst) |Axis Ratio|idx:Min SD idx:Max SD
  500 ,   5001 : 5.7215875471810e+01 +(9e-03,2e-02) | 1.94e+02 |  9:1.5e-04  7:5.1e-03
  501 ,   5011 : 5.7211875302668e+01 +(1e-02,4e-02) | 1.94e+02 |  9:1.4e-04  7:4.6e-03
  502 ,   5021 : 5.7208201620979e+01 +(2e-02,2e-02) | 1.95e+02 |  9:1.3e-04  7:4.3e-03
  503 ,   5031 : 5.7216202864008e+01 +(1e-02,3e-02) | 1.93e+02 |  9:1.2e-04  7:4.1e-03
  504 ,   5041 : 5.7219283259425e+01 +(1e-02,3e-02) | 1.91e+02 |  9:1.2e-04  7:4.0e-03
  505 ,   5051 : 5.7210877606869e+01 +(2e-02,6e-02) | 1.92e+02 |  9:1.2e-04  7:4.1e-03
  506 ,   5061 : 5.7222051834887e+01 +(5e-03,3e-02) | 2.02e+02 |  9:1.2e-04  7:4.5e-03
  507 ,   5071 : 5.7220107048761e+01 +(8e-03,4e-02) | 2.06e+02 |  9:1.1e-04  7:4.2e-03
  508 ,   5081 : 5.7218859176531e+01 +(1e-02,3e-02) | 2.10e+02 |  9:1.1e-04  7:4.2e-03
  509 ,   5091 : 5.7222494426937e+01 +(8e-03,4e-02) | 2.11e+02 |  9:1.0e-04  7:4.0e-03
Iterat, #Fevals:   Function Value    (median,worst) |Axis Ratio|idx:Min SD idx:Max SD
  510 ,   5101 : 5.7221190663739e+01 +(1e-02,6e-02) | 2.13e+02 |  9:1.0e-04  7:3.9e-03
  511 ,   5111 : 5.7216146759664e+01 +(1e-02,4e-02) | 2.15e+02 |  9:1.1e-04  7:4.1e-03
  512 ,   5121 : 5.7212666328550e+01 +(1e-02,4e-02) | 2.11e+02 |  9:1.0e-04  7:3.9e-03
  513 ,   5131 : 5.7204414349047e+01 +(2e-02,3e-02) | 2.10e+02 |  9:9.4e-05  7:3.6e-03
  514 ,   5141 : 5.7219209481323e+01 +(9e-03,2e-02) | 2.07e+02 |  9:8.8e-05  7:3.3e-03
  515 ,   5151 : 5.7212295062139e+01 +(8e-03,2e-02) | 2.06e+02 |  9:8.3e-05  7:3.1e-03
  516 ,   5161 : 5.7222672470094e+01 +(2e-02,7e-02) | 2.08e+02 |  9:9.0e-05  7:3.3e-03
  517 ,   5171 : 5.7217936272779e+01 +(9e-03,2e-02) | 2.10e+02 |  9:9.4e-05  7:3.7e-03
  518 ,   5181 : 5.7220099177000e+01 +(6e-03,3e-02) | 2.10e+02 |  9:9.7e-05  7:3.8e-03
  519 ,   5191 : 5.7219361758871e+01 +(1e-02,3e-02) | 2.18e+02 |  9:9.6e-05  7:3.8e-03
Iterat, #Fevals:   Function Value    (median,worst) |Axis Ratio|idx:Min SD idx:Max SD
  520 ,   5201 : 5.7213553366483e+01 +(1e-02,4e-02) | 2.13e+02 |  9:9.1e-05  7:3.7e-03
  521 ,   5211 : 5.7213775269615e+01 +(8e-03,2e-02) | 2.13e+02 |  9:9.4e-05  7:3.8e-03
  522 ,   5221 : 5.7213865260982e+01 +(1e-02,5e-02) | 2.12e+02 |  9:9.6e-05  7:3.8e-03
  523 ,   5231 : 5.7206434898156e+01 +(2e-02,5e-02) | 2.10e+02 |  9:9.7e-05  7:3.9e-03
  524 ,   5241 : 5.7212407663679e+01 +(1e-02,3e-02) | 2.12e+02 |  9:9.7e-05  7:3.9e-03
  525 ,   5251 : 5.7216567684873e+01 +(9e-03,3e-02) | 2.22e+02 |  9:9.8e-05  7:4.2e-03
  526 ,   5261 : 5.7225148639553e+01 +(6e-03,5e-02) | 2.26e+02 |  9:9.5e-05  7:4.1e-03
  527 ,   5271 : 5.7221326588414e+01 +(8e-03,5e-02) | 2.25e+02 |  9:9.6e-05  7:4.1e-03
  528 ,   5281 : 5.7217632072971e+01 +(8e-03,4e-02) | 2.24e+02 |  9:1.0e-04  7:4.2e-03
  529 ,   5291 : 5.7220542775648e+01 +(3e-03,2e-02) | 2.15e+02 |  9:9.9e-05  7:4.1e-03
Iterat, #Fevals:   Function Value    (median,worst) |Axis Ratio|idx:Min SD idx:Max SD
  530 ,   5301 : 5.7222585993313e+01 +(6e-03,3e-02) | 2.11e+02 |  9:9.7e-05  7:3.9e-03
  531 ,   5311 : 5.7220989814080e+01 +(6e-03,3e-02) | 2.13e+02 |  9:9.9e-05  7:4.0e-03
  532 ,   5321 : 5.7219377552267e+01 +(9e-03,3e-02) | 2.13e+02 |  9:9.5e-05  7:3.9e-03
  533 ,   5331 : 5.7218633260928e+01 +(1e-02,3e-02) | 2.12e+02 |  9:9.2e-05  7:3.7e-03
  534 ,   5341 : 5.7209953272292e+01 +(2e-02,6e-02) | 2.12e+02 |  9:8.3e-05  7:3.4e-03
  535 ,   5351 : 5.7215974793915e+01 +(9e-03,1e-02) | 2.08e+02 |  9:8.0e-05  7:3.2e-03
  536 ,   5361 : 5.7206744187450e+01 +(2e-02,7e-02) | 2.13e+02 |  9:8.9e-05  7:3.4e-03
  537 ,   5371 : 5.7214133784296e+01 +(8e-03,2e-02) | 2.19e+02 |  9:9.7e-05  7:3.7e-03
  538 ,   5381 : 5.7214728502755e+01 +(1e-02,4e-02) | 2.21e+02 |  9:9.7e-05  7:3.7e-03
  539 ,   5391 : 5.7214426965499e+01 +(2e-02,4e-02) | 2.23e+02 |  9:9.1e-05  7:3.5e-03
Iterat, #Fevals:   Function Value    (median,worst) |Axis Ratio|idx:Min SD idx:Max SD
  540 ,   5401 : 5.7207719643242e+01 +(2e-02,6e-02) | 2.23e+02 |  9:9.0e-05  7:3.3e-03
  541 ,   5411 : 5.7213906841193e+01 +(1e-02,6e-02) | 2.25e+02 |  9:9.7e-05  7:3.6e-03
  542 ,   5421 : 5.7213831899921e+01 +(1e-02,6e-02) | 2.25e+02 |  9:9.5e-05  7:3.5e-03
  543 ,   5431 : 5.7222085077418e+01 +(6e-03,2e-02) | 2.25e+02 |  9:9.1e-05  7:3.3e-03
  544 ,   5441 : 5.7223456767705e+01 +(1e-02,4e-02) | 2.23e+02 |  9:8.4e-05  7:3.1e-03
  545 ,   5451 : 5.7215609663037e+01 +(1e-02,4e-02) | 2.22e+02 |  9:8.0e-05  7:2.9e-03
  546 ,   5461 : 5.7217161831372e+01 +(1e-02,3e-02) | 2.22e+02 |  9:8.0e-05  7:2.8e-03
  547 ,   5471 : 5.7207542791327e+01 +(2e-02,2e-02) | 2.25e+02 |  9:8.3e-05  7:2.9e-03
  548 ,   5481 : 5.7220090092187e+01 +(1e-02,7e-02) | 2.25e+02 |  9:8.9e-05  7:3.1e-03
  549 ,   5491 : 5.7217271175638e+01 +(8e-03,2e-02) | 2.29e+02 |  9:9.3e-05  7:3.3e-03
Iterat, #Fevals:   Function Value    (median,worst) |Axis Ratio|idx:Min SD idx:Max SD
  550 ,   5501 : 5.7217515288889e+01 +(1e-02,2e-02) | 2.27e+02 |  9:8.6e-05  7:3.0e-03
  551 ,   5511 : 5.7211009262781e+01 +(1e-02,3e-02) | 2.26e+02 |  9:8.1e-05  7:2.8e-03
  552 ,   5521 : 5.7210235466569e+01 +(1e-02,6e-02) | 2.27e+02 |  9:8.4e-05  7:2.8e-03
  553 ,   5531 : 5.7217130865809e+01 +(1e-02,5e-02) | 2.28e+02 |  9:9.1e-05  7:3.0e-03
  554 ,   5541 : 5.7218576094911e+01 +(4e-03,3e-02) | 2.32e+02 |  9:8.9e-05  7:3.1e-03
  555 ,   5551 : 5.7218907632282e+01 +(8e-03,3e-02) | 2.33e+02 |  9:9.5e-05  7:3.3e-03
  556 ,   5561 : 5.7219842698670e+01 +(7e-03,2e-02) | 2.34e+02 |  9:1.0e-04  7:3.5e-03
  557 ,   5571 : 5.7211025274194e+01 +(1e-02,6e-02) | 2.36e+02 |  9:1.1e-04  7:3.6e-03
  558 ,   5581 : 5.7218346313522e+01 +(9e-03,8e-02) | 2.34e+02 |  9:1.0e-04  7:3.5e-03
  559 ,   5591 : 5.7212680294770e+01 +(1e-02,6e-02) | 2.34e+02 |  9:9.4e-05  7:3.1e-03
Iterat, #Fevals:   Function Value    (median,worst) |Axis Ratio|idx:Min SD idx:Max SD
  560 ,   5601 : 5.7219069021127e+01 +(6e-03,4e-02) | 2.36e+02 |  9:9.6e-05  7:3.2e-03
  561 ,   5611 : 5.7218486546713e+01 +(1e-02,5e-02) | 2.40e+02 |  9:8.9e-05  7:2.9e-03
  562 ,   5621 : 5.7218981436277e+01 +(7e-03,1e-02) | 2.34e+02 |  9:9.6e-05  7:3.2e-03
  563 ,   5631 : 5.7215468243512e+01 +(1e-02,3e-02) | 2.37e+02 |  9:9.3e-05  7:3.1e-03
  564 ,   5641 : 5.7220405824544e+01 +(1e-02,3e-02) | 2.43e+02 |  9:9.3e-05  7:3.2e-03
  565 ,   5651 : 5.7221224248243e+01 +(7e-03,7e-02) | 2.42e+02 |  9:8.9e-05  7:3.1e-03
  566 ,   5661 : 5.7215230995067e+01 +(3e-02,8e-02) | 2.41e+02 |  9:9.4e-05  7:3.1e-03
  567 ,   5671 : 5.7215773077981e+01 +(1e-02,5e-02) | 2.40e+02 |  9:9.8e-05  7:3.3e-03
  568 ,   5681 : 5.7213925159106e+01 +(2e-02,5e-02) | 2.41e+02 |  9:1.1e-04  7:3.4e-03
  569 ,   5691 : 5.7219107536672e+01 +(2e-02,6e-02) | 2.47e+02 |  9:9.9e-05  7:3.2e-03
Iterat, #Fevals:   Function Value    (median,worst) |Axis Ratio|idx:Min SD idx:Max SD
  570 ,   5701 : 5.7218045724776e+01 +(8e-03,6e-02) | 2.46e+02 |  9:8.8e-05  7:2.9e-03
  571 ,   5711 : 5.7223782215400e+01 +(5e-03,3e-02) | 2.46e+02 |  9:7.6e-05  7:2.5e-03
  572 ,   5721 : 5.7214063065980e+01 +(1e-02,4e-02) | 2.54e+02 |  9:7.4e-05  7:2.4e-03
  573 ,   5731 : 5.7221494311006e+01 +(1e-02,3e-02) | 2.51e+02 |  9:7.1e-05  7:2.3e-03
  574 ,   5741 : 5.7223973716457e+01 +(1e-02,5e-02) | 2.44e+02 |  9:6.5e-05  7:2.1e-03
  575 ,   5751 : 5.7222576452784e+01 +(9e-03,5e-02) | 2.41e+02 |  9:5.8e-05  7:1.8e-03
  576 ,   5761 : 5.7221868573623e+01 +(2e-02,5e-02) | 2.39e+02 |  9:5.6e-05  7:1.8e-03
  577 ,   5771 : 5.7220471597762e+01 +(6e-03,3e-02) | 2.45e+02 |  9:5.9e-05  7:1.9e-03
  578 ,   5781 : 5.7214382280079e+01 +(2e-02,7e-02) | 2.51e+02 |  9:6.3e-05  7:2.0e-03
  579 ,   5791 : 5.7224502118525e+01 +(9e-03,4e-02) | 2.53e+02 |  9:6.6e-05  7:2.1e-03
Iterat, #Fevals:   Function Value    (median,worst) |Axis Ratio|idx:Min SD idx:Max SD
  580 ,   5801 : 5.7216450738030e+01 +(2e-02,4e-02) | 2.54e+02 |  9:5.9e-05  7:1.9e-03
  581 ,   5811 : 5.7217367093124e+01 +(1e-02,5e-02) | 2.47e+02 |  9:6.4e-05  7:2.0e-03
  582 ,   5821 : 5.7228322529775e+01 +(1e-02,9e-02) | 2.42e+02 |  9:6.4e-05  7:2.0e-03
  583 ,   5831 : 5.7219710117094e+01 +(2e-02,7e-02) | 2.39e+02 |  9:6.0e-05  7:1.9e-03
  584 ,   5841 : 5.7225747314597e+01 +(7e-03,7e-02) | 2.36e+02 |  9:5.5e-05  7:1.7e-03
  585 ,   5851 : 5.7223826709094e+01 +(1e-02,6e-02) | 2.33e+02 |  9:5.0e-05  7:1.5e-03
  586 ,   5861 : 5.7211678821124e+01 +(2e-02,4e-02) | 2.36e+02 |  9:4.7e-05  7:1.4e-03
  587 ,   5871 : 5.7223577082752e+01 +(6e-03,3e-02) | 2.35e+02 |  9:4.4e-05  7:1.4e-03
  588 ,   5881 : 5.7217031665761e+01 +(1e-02,3e-02) | 2.31e+02 |  9:4.8e-05  7:1.4e-03
  589 ,   5891 : 5.7223711279950e+01 +(4e-03,2e-02) | 2.30e+02 |  9:5.3e-05  7:1.5e-03
Iterat, #Fevals:   Function Value    (median,worst) |Axis Ratio|idx:Min SD idx:Max SD
  590 ,   5901 : 5.7227571075738e+01 +(3e-03,3e-02) | 2.25e+02 |  9:5.3e-05  7:1.5e-03
  591 ,   5911 : 5.7220512892323e+01 +(1e-02,5e-02) | 2.24e+02 |  9:5.6e-05  7:1.6e-03
  592 ,   5921 : 5.7208378489178e+01 +(2e-02,6e-02) | 2.23e+02 |  9:6.4e-05  7:1.8e-03
  593 ,   5931 : 5.7227738281166e+01 +(4e-03,3e-02) | 2.19e+02 |  9:6.4e-05  7:1.8e-03
  594 ,   5941 : 5.7223847669414e+01 +(9e-03,2e-02) | 2.25e+02 |  9:6.4e-05  7:1.8e-03
  595 ,   5951 : 5.7221191364993e+01 +(6e-03,4e-02) | 2.29e+02 |  9:6.1e-05  7:1.7e-03
  596 ,   5961 : 5.7216968903846e+01 +(1e-02,6e-02) | 2.30e+02 |  9:5.8e-05  7:1.6e-03
  597 ,   5971 : 5.7223393910512e+01 +(9e-03,6e-02) | 2.37e+02 |  9:5.8e-05  7:1.7e-03
  598 ,   5981 : 5.7224255016545e+01 +(8e-03,5e-02) | 2.42e+02 |  9:6.3e-05  7:1.9e-03
  599 ,   5991 : 5.7223269684640e+01 +(1e-02,3e-02) | 2.42e+02 |  9:7.2e-05  7:2.1e-03
Iterat, #Fevals:   Function Value    (median,worst) |Axis Ratio|idx:Min SD idx:Max SD
  600 ,   6001 : 5.7219535224206e+01 +(8e-03,3e-02) | 2.43e+02 |  9:7.5e-05  7:2.2e-03
  601 ,   6011 : 5.7217380536879e+01 +(1e-02,5e-02) | 2.48e+02 |  9:7.9e-05  7:2.3e-03
  602 ,   6021 : 5.7218337465502e+01 +(9e-03,2e-02) | 2.53e+02 |  9:8.0e-05  7:2.4e-03
  603 ,   6031 : 5.7219079326088e+01 +(2e-02,5e-02) | 2.54e+02 |  9:9.6e-05  7:2.6e-03
  604 ,   6041 : 5.7224022995329e+01 +(5e-03,2e-02) | 2.51e+02 |  9:8.9e-05  7:2.4e-03
  605 ,   6051 : 5.7222416794521e+01 +(6e-03,3e-02) | 2.51e+02 |  9:9.0e-05  7:2.4e-03
  606 ,   6061 : 5.7221772832515e+01 +(7e-03,3e-02) | 2.51e+02 |  9:9.3e-05  7:2.5e-03
  607 ,   6071 : 5.7218437342061e+01 +(1e-02,8e-02) | 2.49e+02 |  9:1.0e-04  7:2.8e-03
  608 ,   6081 : 5.7223058127638e+01 +(9e-03,1e-01) | 2.53e+02 |  9:1.3e-04  7:3.4e-03
  609 ,   6091 : 5.7220876443123e+01 +(9e-03,3e-02) | 2.51e+02 |  9:1.3e-04  7:3.5e-03
Iterat, #Fevals:   Function Value    (median,worst) |Axis Ratio|idx:Min SD idx:Max SD
  610 ,   6101 : 5.7208424686582e+01 +(2e-02,5e-02) | 2.42e+02 |  9:1.4e-04  7:3.9e-03
  611 ,   6111 : 5.7215055977444e+01 +(2e-02,6e-02) | 2.47e+02 |  9:1.4e-04  7:3.7e-03
  612 ,   6121 : 5.7222607612235e+01 +(7e-03,1e-02) | 2.50e+02 |  9:1.3e-04  7:3.5e-03
  613 ,   6131 : 5.7217249702745e+01 +(1e-02,6e-02) | 2.54e+02 |  9:1.3e-04  7:3.5e-03
  614 ,   6141 : 5.7210045169704e+01 +(2e-02,4e-02) | 2.60e+02 |  9:1.2e-04  7:3.5e-03
  615 ,   6151 : 5.7216480483627e+01 +(1e-02,2e-02) | 2.67e+02 |  9:1.2e-04  7:3.6e-03
  616 ,   6161 : 5.7225486302346e+01 +(5e-03,2e-02) | 2.71e+02 |  9:1.1e-04  7:3.4e-03
  617 ,   6171 : 5.7224265306073e+01 +(5e-03,3e-02) | 2.70e+02 |  9:1.0e-04  7:3.1e-03
#Fevals:   f(returned x)   |    bestever.f     | stopflag (saved to variablescmaes13_9_14_7_10.mat)
   6172: 5.72202331386e+01 | 5.72029836015e+01 | stagnation
mean solution: +4.0e-01 +6.2e-01 +4.6e+00 +6.6e-01 +1.3e+00 +1.4e+00 +5.1e+00 +4.0e-01 +2.0e+00
std deviation:  2.7e-04  5.9e-04  1.6e-03  8.2e-04  7.7e-04  4.8e-04  3.1e-03  2.0e-04  1.0e-04
use plotcmaesdat.m for plotting the output at any time (option LogModulo must not be zero)
  n=9: (10,20)-CMA-ES(w=[28 20 15... 1.8 0.58]%, ]%, mu_eff=5.9) on function Error, run 2
Iterat, #Fevals:   Function Value    (median,worst) |Axis Ratio|idx:Min SD idx:Max SD
    1 ,   6193 : 8.4733744000022e+06 +(7e+08,9e+16) | 7.44e+00 |  1:3.0e-01  7:2.2e+00
    2 ,   6213 : 3.2979204331468e+02 +(7e+07,6e+10) | 7.71e+00 |  1:3.2e-01  7:2.4e+00
    3 ,   6233 : 3.0392308583274e+02 +(5e+04,1e+12) | 7.79e+00 |  1:3.9e-01  7:3.0e+00
    4 ,   6253 : 7.6568267411433e+01 +(3e+02,6e+07) | 8.01e+00 |  1:3.9e-01  7:3.0e+00
    5 ,   6273 : 3.2987258541780e+02 +(3e-01,8e+07) | 7.90e+00 |  1:3.6e-01  7:2.7e+00
    6 ,   6293 : 3.2956177352448e+02 +(5e-01,2e+05) | 7.97e+00 |  1:3.3e-01  7:2.5e+00
    7 ,   6313 : 7.9332033325649e+01 +(3e+02,1e+08) | 7.82e+00 |  1:3.0e-01  7:2.3e+00
    8 ,   6333 : 2.3435487886330e+02 +(1e+05,3e+07) | 7.56e+00 |  1:2.6e-01  7:1.9e+00
    9 ,   6353 : 2.9564768311136e+02 +(5e+05,5e+08) | 7.45e+00 |  1:2.5e-01  7:1.8e+00
Iterat, #Fevals:   Function Value    (median,worst) |Axis Ratio|idx:Min SD idx:Max SD
   10 ,   6373 : 8.5416808899895e+01 +(6e+04,7e+06) | 6.94e+00 |  1:2.4e-01  7:1.6e+00
   11 ,   6393 : 9.8422378479208e+01 +(2e+02,1e+07) | 6.99e+00 |  1:2.4e-01  7:1.6e+00
   12 ,   6413 : 3.2986393473234e+02 +(3e+04,4e+06) | 7.40e+00 |  1:2.3e-01  7:1.7e+00
   13 ,   6433 : 1.0390827467606e+02 +(4e+03,3e+07) | 7.63e+00 |  1:1.9e-01  7:1.4e+00
   14 ,   6453 : 6.4281253066866e+01 +(3e+02,5e+07) | 7.18e+00 |  1:1.8e-01  7:1.3e+00
   15 ,   6473 : 6.6719330864732e+01 +(3e+02,2e+05) | 6.98e+00 |  1:1.9e-01  7:1.3e+00
   16 ,   6493 : 1.3327800045785e+02 +(2e+02,8e+04) | 7.01e+00 |  1:2.0e-01  7:1.4e+00
   17 ,   6513 : 6.3460756693742e+01 +(3e+02,3e+05) | 7.25e+00 |  1:1.8e-01  7:1.2e+00
   18 ,   6533 : 2.9704901676158e+02 +(7e+03,2e+06) | 7.22e+00 |  1:1.8e-01  7:1.2e+00
   19 ,   6553 : 8.9612214888571e+01 +(2e+02,2e+04) | 7.29e+00 |  1:1.6e-01  7:1.1e+00
Iterat, #Fevals:   Function Value    (median,worst) |Axis Ratio|idx:Min SD idx:Max SD
   20 ,   6573 : 7.1670579390458e+01 +(3e+02,2e+04) | 7.59e+00 |  1:1.4e-01  7:9.7e-01
   21 ,   6593 : 6.4378842310772e+01 +(3e+02,2e+04) | 7.91e+00 |  1:1.3e-01  7:8.9e-01
   22 ,   6613 : 1.4091295663913e+02 +(2e+02,2e+04) | 8.09e+00 |  1:1.1e-01  7:8.3e-01
   23 ,   6633 : 6.6773392401852e+01 +(3e+02,6e+04) | 8.11e+00 |  1:1.1e-01  7:7.7e-01
   24 ,   6653 : 1.4231941979909e+02 +(2e+02,8e+03) | 8.40e+00 |  1:1.0e-01  7:7.9e-01
   25 ,   6673 : 6.4611536373700e+01 +(3e+02,2e+04) | 8.63e+00 |  1:9.5e-02  7:7.3e-01
   26 ,   6693 : 6.2159417207301e+01 +(3e+02,2e+04) | 8.92e+00 |  1:9.5e-02  7:7.5e-01
   27 ,   6713 : 6.7544419274857e+01 +(2e+02,2e+04) | 9.05e+00 |  1:9.1e-02  7:7.2e-01
   28 ,   6733 : 6.2813378669428e+01 +(3e+02,3e+04) | 9.08e+00 |  1:9.0e-02  7:7.1e-01
   29 ,   6753 : 7.3824882995539e+01 +(2e+02,4e+03) | 9.81e+00 |  1:9.4e-02  7:7.7e-01
Iterat, #Fevals:   Function Value    (median,worst) |Axis Ratio|idx:Min SD idx:Max SD
   30 ,   6773 : 6.3351196318276e+01 +(3e+02,3e+04) | 1.02e+01 |  1:8.4e-02  7:7.1e-01
   31 ,   6793 : 6.7569179948932e+01 +(4e+02,2e+04) | 1.07e+01 |  1:8.6e-02  7:7.4e-01
   32 ,   6813 : 7.6377040313568e+01 +(2e+03,3e+04) | 1.10e+01 |  1:8.8e-02  7:7.7e-01
   33 ,   6833 : 6.9610425135947e+01 +(2e+02,5e+03) | 1.12e+01 |  1:7.8e-02  7:6.9e-01
   34 ,   6853 : 7.1563283669234e+01 +(3e+02,4e+04) | 1.12e+01 |  1:6.6e-02  7:5.9e-01
   35 ,   6873 : 7.3664572303364e+01 +(2e+02,3e+03) | 1.15e+01 |  1:5.7e-02  7:5.1e-01
   36 ,   6893 : 7.4812667702023e+01 +(2e+02,8e+02) | 1.18e+01 |  1:5.6e-02  7:5.0e-01
   37 ,   6913 : 6.3246364443204e+01 +(1e+02,2e+03) | 1.17e+01 |  1:5.9e-02  7:5.1e-01
   38 ,   6933 : 6.9186549384116e+01 +(2e+02,2e+04) | 1.17e+01 |  1:5.8e-02  7:4.9e-01
   39 ,   6953 : 6.4530900521084e+01 +(2e+02,4e+03) | 1.18e+01 |  1:5.3e-02  7:4.5e-01
Iterat, #Fevals:   Function Value    (median,worst) |Axis Ratio|idx:Min SD idx:Max SD
   40 ,   6973 : 6.3030032599482e+01 +(1e+02,3e+03) | 1.17e+01 |  1:5.7e-02  7:4.5e-01
   41 ,   6993 : 6.2072903291144e+01 +(1e+02,8e+02) | 1.20e+01 |  1:5.1e-02  7:4.0e-01
   42 ,   7013 : 6.6365928456974e+01 +(1e+02,9e+02) | 1.23e+01 |  1:4.5e-02  7:3.6e-01
   43 ,   7033 : 6.4228328834954e+01 +(9e+01,1e+03) | 1.28e+01 |  1:3.8e-02  7:3.1e-01
   44 ,   7053 : 6.2502270405188e+01 +(6e+01,2e+02) | 1.38e+01 |  1:3.6e-02  7:3.2e-01
   45 ,   7073 : 6.3967016617616e+01 +(2e+01,5e+02) | 1.50e+01 |  1:4.2e-02  7:3.9e-01
   46 ,   7093 : 6.5470859096390e+01 +(2e+01,4e+02) | 1.57e+01 |  1:4.3e-02  7:4.1e-01
   47 ,   7113 : 6.2871218327412e+01 +(2e+01,3e+02) | 1.62e+01 |  1:4.9e-02  7:4.4e-01
   48 ,   7133 : 6.2973993659174e+01 +(4e+01,6e+02) | 1.62e+01 |  1:4.6e-02  7:4.0e-01
   49 ,   7153 : 6.3729644331187e+01 +(2e+01,3e+02) | 1.70e+01 |  1:4.7e-02  7:4.2e-01
Iterat, #Fevals:   Function Value    (median,worst) |Axis Ratio|idx:Min SD idx:Max SD
   50 ,   7173 : 6.2688085616705e+01 +(6e+01,8e+02) | 1.81e+01 |  1:4.9e-02  7:4.5e-01
   51 ,   7193 : 6.3614517855740e+01 +(3e+01,5e+02) | 1.86e+01 |  1:4.7e-02  7:4.5e-01
   52 ,   7213 : 6.3720445797802e+01 +(4e+01,2e+02) | 1.87e+01 |  1:4.8e-02  7:4.6e-01
   53 ,   7233 : 6.1295929697472e+01 +(1e+02,5e+02) | 1.90e+01 |  1:4.8e-02  7:4.5e-01
   54 ,   7253 : 6.3407168847893e+01 +(8e+01,1e+03) | 1.91e+01 |  1:4.7e-02  7:4.3e-01
   55 ,   7273 : 6.1580941001980e+01 +(3e+01,1e+03) | 1.92e+01 |  1:4.7e-02  7:4.3e-01
   56 ,   7293 : 6.3575746815037e+01 +(4e+01,5e+02) | 1.98e+01 |  1:4.8e-02  7:4.5e-01
   57 ,   7313 : 6.3405497859406e+01 +(6e+01,8e+02) | 2.03e+01 |  1:4.1e-02  7:3.8e-01
   58 ,   7333 : 6.4838514389628e+01 +(7e+01,2e+02) | 2.07e+01 |  1:3.9e-02  7:3.6e-01
   59 ,   7353 : 6.2492482559472e+01 +(5e+01,6e+02) | 2.14e+01 |  1:3.7e-02  7:3.5e-01
Iterat, #Fevals:   Function Value    (median,worst) |Axis Ratio|idx:Min SD idx:Max SD
   60 ,   7373 : 6.1591884223432e+01 +(2e+01,2e+02) | 2.24e+01 |  1:3.7e-02  7:3.6e-01
   61 ,   7393 : 6.2514558486145e+01 +(3e+01,2e+02) | 2.20e+01 |  1:4.1e-02  7:3.6e-01
   62 ,   7413 : 6.1743317390600e+01 +(2e+01,3e+02) | 2.38e+01 |  1:4.1e-02  7:3.8e-01
   63 ,   7433 : 6.1626383590012e+01 +(2e+01,2e+02) | 2.40e+01 |  1:4.4e-02  7:3.6e-01
   64 ,   7453 : 6.1311367661156e+01 +(5e+01,2e+02) | 2.48e+01 |  1:4.5e-02  7:3.7e-01
   65 ,   7473 : 6.2035106974409e+01 +(1e+01,4e+02) | 2.52e+01 |  1:4.2e-02  7:3.5e-01
   66 ,   7493 : 6.0935760242308e+01 +(1e+01,3e+02) | 2.54e+01 |  1:3.8e-02  7:3.1e-01
   67 ,   7513 : 6.1449506785530e+01 +(2e+01,2e+02) | 2.59e+01 |  1:3.5e-02  7:2.9e-01
   68 ,   7533 : 6.1036457970563e+01 +(9e+00,8e+01) | 2.57e+01 |  1:3.2e-02  7:2.6e-01
   69 ,   7553 : 6.2521006684441e+01 +(6e+00,8e+01) | 2.62e+01 |  1:3.1e-02  7:2.6e-01
Iterat, #Fevals:   Function Value    (median,worst) |Axis Ratio|idx:Min SD idx:Max SD
   70 ,   7573 : 6.1185152570323e+01 +(7e+00,7e+01) | 2.69e+01 |  1:3.2e-02  7:2.6e-01
   71 ,   7593 : 6.1479464995527e+01 +(9e+00,8e+01) | 2.72e+01 |  1:3.2e-02  7:2.5e-01
   72 ,   7613 : 6.0627832713071e+01 +(7e+00,7e+01) | 2.67e+01 |  1:2.9e-02  7:2.2e-01
   73 ,   7633 : 6.0981524598028e+01 +(7e+00,4e+01) | 2.66e+01 |  1:2.6e-02  7:2.0e-01
   74 ,   7653 : 6.0678663987738e+01 +(4e+00,3e+01) | 2.74e+01 |  1:2.5e-02  7:1.9e-01
   75 ,   7673 : 6.0665934351786e+01 +(9e+00,3e+01) | 2.81e+01 |  1:2.4e-02  7:1.8e-01
   76 ,   7693 : 6.0710050286119e+01 +(4e+00,3e+01) | 2.86e+01 |  1:2.5e-02  7:1.9e-01
   77 ,   7713 : 5.9972793022362e+01 +(3e+00,4e+01) | 2.81e+01 |  1:2.7e-02  7:2.2e-01
   78 ,   7733 : 6.0485364041151e+01 +(7e+00,2e+01) | 2.87e+01 |  1:2.7e-02  7:2.1e-01
   79 ,   7753 : 6.0334540113535e+01 +(2e+00,3e+01) | 2.94e+01 |  1:2.4e-02  7:1.9e-01
Iterat, #Fevals:   Function Value    (median,worst) |Axis Ratio|idx:Min SD idx:Max SD
   80 ,   7773 : 6.0429768691789e+01 +(2e+00,3e+01) | 2.94e+01 |  1:2.3e-02  7:1.8e-01
   81 ,   7793 : 6.0515692958387e+01 +(4e+00,3e+01) | 3.08e+01 |  1:1.8e-02  7:1.5e-01
   82 ,   7813 : 6.0521716568423e+01 +(9e-01,8e+00) | 3.11e+01 |  1:1.6e-02  7:1.3e-01
   83 ,   7833 : 6.0241424797155e+01 +(7e-01,1e+01) | 3.13e+01 |  1:1.9e-02  7:1.5e-01
   84 ,   7853 : 6.0142767913786e+01 +(2e+00,2e+01) | 3.15e+01 |  1:2.1e-02  7:1.6e-01
   85 ,   7873 : 5.9742909147727e+01 +(2e+00,1e+01) | 3.20e+01 |  1:2.3e-02  7:1.8e-01
   86 ,   7893 : 5.9471254333103e+01 +(2e+00,4e+01) | 3.13e+01 |  1:2.6e-02  7:2.0e-01
   87 ,   7913 : 5.9436475918800e+01 +(5e+00,5e+01) | 3.16e+01 |  1:2.8e-02  7:2.2e-01
   88 ,   7933 : 5.9344073435590e+01 +(4e+00,3e+01) | 3.26e+01 |  1:2.7e-02  7:2.2e-01
   89 ,   7953 : 5.9212310020772e+01 +(5e+00,4e+01) | 3.37e+01 |  1:2.8e-02  7:2.2e-01
Iterat, #Fevals:   Function Value    (median,worst) |Axis Ratio|idx:Min SD idx:Max SD
   90 ,   7973 : 5.9025232431358e+01 +(3e+00,4e+01) | 3.79e+01 |  1:3.4e-02  3:2.6e-01
   91 ,   7993 : 5.8692787366943e+01 +(1e+01,8e+01) | 3.77e+01 |  1:3.5e-02  3:2.6e-01
   92 ,   8013 : 5.9296995677569e+01 +(7e+00,5e+01) | 3.94e+01 |  1:3.3e-02  3:2.6e-01
   93 ,   8033 : 5.8687188340611e+01 +(5e+00,5e+01) | 3.97e+01 |  1:3.0e-02  3:2.3e-01
   94 ,   8053 : 5.8882072078287e+01 +(8e+00,3e+01) | 4.12e+01 |  1:3.2e-02  3:2.6e-01
   95 ,   8073 : 5.9296939365992e+01 +(7e+00,5e+01) | 4.11e+01 |  1:2.7e-02  3:2.2e-01
   96 ,   8093 : 5.8962871856243e+01 +(3e+00,3e+01) | 4.16e+01 |  1:2.7e-02  3:2.2e-01
   97 ,   8113 : 5.8950706544976e+01 +(4e+00,2e+01) | 4.14e+01 |  1:2.6e-02  3:2.0e-01
   98 ,   8133 : 5.8968755575629e+01 +(3e+00,4e+01) | 4.13e+01 |  1:2.6e-02  3:2.0e-01
   99 ,   8153 : 5.8653571730567e+01 +(2e+00,8e+01) | 4.04e+01 |  1:2.5e-02  3:1.9e-01
Iterat, #Fevals:   Function Value    (median,worst) |Axis Ratio|idx:Min SD idx:Max SD
  100 ,   8173 : 5.8821784324748e+01 +(1e+00,4e+01) | 4.03e+01 |  1:2.6e-02  3:2.0e-01
  101 ,   8193 : 5.8130751916827e+01 +(2e+00,1e+01) | 3.97e+01 |  1:2.9e-02  3:2.2e-01
  102 ,   8213 : 5.7924671436293e+01 +(7e+00,1e+02) | 4.09e+01 |  1:2.8e-02  3:2.1e-01
  103 ,   8233 : 5.8254171465001e+01 +(4e+00,4e+01) | 4.17e+01 |  1:2.6e-02  7:2.0e-01
  104 ,   8253 : 5.8083920983729e+01 +(5e+00,3e+01) | 4.23e+01 |  1:2.9e-02  7:2.1e-01
  105 ,   8273 : 5.8023329639984e+01 +(6e+00,7e+01) | 4.29e+01 |  1:3.0e-02  7:2.1e-01
  106 ,   8293 : 5.7529040653606e+01 +(4e+00,3e+01) | 4.48e+01 |  1:3.0e-02  7:2.2e-01
  107 ,   8313 : 5.7591936748940e+01 +(5e+00,2e+01) | 4.44e+01 |  1:2.6e-02  7:2.0e-01
  108 ,   8333 : 5.8134160063003e+01 +(2e+00,3e+01) | 4.48e+01 |  1:2.5e-02  3:1.9e-01
  109 ,   8353 : 5.7357387841086e+01 +(2e+00,4e+01) | 4.60e+01 |  1:2.5e-02  3:1.9e-01
Iterat, #Fevals:   Function Value    (median,worst) |Axis Ratio|idx:Min SD idx:Max SD
  110 ,   8373 : 5.7962672200615e+01 +(4e+00,1e+01) | 4.75e+01 |  1:2.3e-02  3:1.8e-01
  111 ,   8393 : 5.7662158102771e+01 +(1e+00,4e+01) | 5.00e+01 |  1:2.4e-02  3:2.0e-01
  112 ,   8413 : 5.8061932749724e+01 +(1e+00,2e+01) | 5.15e+01 |  1:2.5e-02  3:2.1e-01
  113 ,   8433 : 5.7551805484351e+01 +(2e+00,3e+01) | 5.25e+01 |  1:2.6e-02  3:2.3e-01
  114 ,   8453 : 5.8055094367422e+01 +(2e+00,3e+01) | 5.23e+01 |  1:2.4e-02  3:2.1e-01
  115 ,   8473 : 5.7556424343465e+01 +(2e+00,2e+01) | 5.26e+01 |  1:2.4e-02  3:2.0e-01
  116 ,   8493 : 5.7449321532673e+01 +(3e+00,2e+01) | 5.40e+01 |  1:2.1e-02  3:1.9e-01
  117 ,   8513 : 5.7336549619333e+01 +(2e+00,2e+01) | 5.70e+01 |  1:2.0e-02  3:1.9e-01
  118 ,   8533 : 5.7400543534591e+01 +(1e+00,2e+01) | 5.70e+01 |  1:1.8e-02  3:1.7e-01
  119 ,   8553 : 5.7292348675289e+01 +(7e-01,2e+01) | 5.77e+01 |  1:1.5e-02  3:1.5e-01
Iterat, #Fevals:   Function Value    (median,worst) |Axis Ratio|idx:Min SD idx:Max SD
  120 ,   8573 : 5.7563586325207e+01 +(1e+00,6e+00) | 5.97e+01 |  1:1.4e-02  3:1.3e-01
  121 ,   8593 : 5.7391236454707e+01 +(8e-01,4e+00) | 6.07e+01 |  1:1.3e-02  3:1.3e-01
  122 ,   8613 : 5.7338565195712e+01 +(6e-01,4e+00) | 6.17e+01 |  1:1.3e-02  3:1.2e-01
  123 ,   8633 : 5.7336609630012e+01 +(6e-01,2e+00) | 7.39e+01 |  1:1.5e-02  3:1.6e-01
  124 ,   8653 : 5.7248024237344e+01 +(6e-01,2e+00) | 7.63e+01 |  1:1.5e-02  3:1.5e-01
  125 ,   8673 : 5.7363792712350e+01 +(6e-01,8e+00) | 7.75e+01 |  1:1.4e-02  3:1.5e-01
  126 ,   8693 : 5.7268835105746e+01 +(7e-01,6e+00) | 7.70e+01 |  1:1.3e-02  3:1.3e-01
  127 ,   8713 : 5.7584433496849e+01 +(6e-01,2e+00) | 7.67e+01 |  1:1.2e-02  3:1.3e-01
  128 ,   8733 : 5.7251938396371e+01 +(6e-01,3e+00) | 7.67e+01 |  1:1.1e-02  3:1.1e-01
  129 ,   8753 : 5.7380607643566e+01 +(3e-01,3e+00) | 7.76e+01 |  1:1.0e-02  3:1.1e-01
Iterat, #Fevals:   Function Value    (median,worst) |Axis Ratio|idx:Min SD idx:Max SD
  130 ,   8773 : 5.7301119252989e+01 +(3e-01,1e+00) | 8.01e+01 |  1:1.0e-02  7:1.1e-01
  131 ,   8793 : 5.7244687622333e+01 +(5e-01,1e+00) | 8.24e+01 |  1:1.0e-02  7:1.1e-01
  132 ,   8813 : 5.7238645526740e+01 +(2e-01,1e+00) | 8.21e+01 |  1:1.0e-02  7:1.2e-01
  133 ,   8833 : 5.7188174092477e+01 +(3e-01,1e+00) | 8.24e+01 |  1:1.1e-02  7:1.2e-01
  134 ,   8853 : 5.7298173795498e+01 +(3e-01,2e+00) | 8.38e+01 |  1:9.9e-03  7:1.0e-01
  135 ,   8873 : 5.7183823851868e+01 +(3e-01,1e+00) | 8.82e+01 |  1:9.0e-03  7:9.6e-02
  136 ,   8893 : 5.7281980506778e+01 +(2e-01,3e+00) | 9.19e+01 |  1:9.1e-03  7:9.6e-02
  137 ,   8913 : 5.7235087849159e+01 +(2e-01,6e-01) | 9.36e+01 |  1:9.6e-03  7:9.4e-02
  138 ,   8933 : 5.7248176927863e+01 +(3e-01,9e-01) | 9.63e+01 |  1:8.7e-03  7:8.7e-02
  139 ,   8953 : 5.7283210615734e+01 +(2e-01,5e-01) | 9.76e+01 |  1:8.6e-03  7:8.6e-02
Iterat, #Fevals:   Function Value    (median,worst) |Axis Ratio|idx:Min SD idx:Max SD
  140 ,   8973 : 5.7271058927327e+01 +(9e-02,9e-01) | 9.89e+01 |  1:8.5e-03  7:8.6e-02
  141 ,   8993 : 5.7255520628662e+01 +(1e-01,6e-01) | 1.00e+02 |  1:7.9e-03  7:8.1e-02
  142 ,   9013 : 5.7247331433464e+01 +(1e-01,5e-01) | 1.01e+02 |  1:6.9e-03  7:7.1e-02
  143 ,   9033 : 5.7327028360698e+01 +(2e-01,9e-01) | 1.06e+02 |  1:7.5e-03  7:7.5e-02
  144 ,   9053 : 5.7275525022853e+01 +(2e-01,7e-01) | 1.10e+02 |  1:6.7e-03  7:6.7e-02
  145 ,   9073 : 5.7267701575989e+01 +(2e-01,3e-01) | 1.15e+02 |  1:6.1e-03  7:6.0e-02
  146 ,   9093 : 5.7254322180578e+01 +(1e-01,5e-01) | 1.24e+02 |  1:6.0e-03  7:6.0e-02
  147 ,   9113 : 5.7272370007344e+01 +(9e-02,2e-01) | 1.25e+02 |  1:7.6e-03  3:7.5e-02
  148 ,   9133 : 5.7288117939415e+01 +(1e-01,3e-01) | 1.30e+02 |  1:7.8e-03  3:7.9e-02
  149 ,   9153 : 5.7274931330681e+01 +(1e-01,4e-01) | 1.32e+02 |  1:7.3e-03  3:7.5e-02
Iterat, #Fevals:   Function Value    (median,worst) |Axis Ratio|idx:Min SD idx:Max SD
  150 ,   9173 : 5.7278441675253e+01 +(8e-02,3e-01) | 1.32e+02 |  1:6.9e-03  3:7.1e-02
  151 ,   9193 : 5.7316392526888e+01 +(5e-02,2e-01) | 1.34e+02 |  1:6.5e-03  3:6.6e-02
  152 ,   9213 : 5.7236662284187e+01 +(2e-01,3e-01) | 1.35e+02 |  1:6.1e-03  3:6.2e-02
  153 ,   9233 : 5.7303529657126e+01 +(8e-02,2e-01) | 1.34e+02 |  1:5.2e-03  3:5.3e-02
  154 ,   9253 : 5.7280498219686e+01 +(1e-01,3e-01) | 1.38e+02 |  1:4.6e-03  3:4.8e-02
  155 ,   9273 : 5.7239288498763e+01 +(9e-02,2e-01) | 1.42e+02 |  1:4.7e-03  3:4.8e-02
  156 ,   9293 : 5.7220576138133e+01 +(1e-01,3e-01) | 1.47e+02 |  1:5.3e-03  3:5.5e-02
  157 ,   9313 : 5.7302354880541e+01 +(4e-02,1e-01) | 1.44e+02 |  1:5.4e-03  3:5.4e-02
  158 ,   9333 : 5.7259629826314e+01 +(8e-02,2e-01) | 1.45e+02 |  1:4.7e-03  3:4.8e-02
  159 ,   9353 : 5.7243088933451e+01 +(8e-02,1e-01) | 1.52e+02 |  1:4.4e-03  3:4.6e-02
Iterat, #Fevals:   Function Value    (median,worst) |Axis Ratio|idx:Min SD idx:Max SD
  160 ,   9373 : 5.7232006607868e+01 +(7e-02,2e-01) | 1.45e+02 |  1:4.0e-03  3:4.2e-02
  161 ,   9393 : 5.7242711424580e+01 +(8e-02,2e-01) | 1.42e+02 |  1:3.9e-03  3:4.1e-02
  162 ,   9413 : 5.7237640228836e+01 +(6e-02,2e-01) | 1.46e+02 |  1:3.6e-03  3:3.7e-02
  163 ,   9433 : 5.7204622881967e+01 +(8e-02,1e-01) | 1.47e+02 |  1:3.1e-03  3:3.1e-02
  164 ,   9453 : 5.7240443790183e+01 +(5e-02,2e-01) | 1.52e+02 |  1:3.1e-03  3:3.2e-02
  165 ,   9473 : 5.7265157150055e+01 +(4e-02,1e-01) | 1.49e+02 |  1:3.3e-03  3:3.4e-02
  166 ,   9493 : 5.7217986288747e+01 +(7e-02,1e-01) | 1.51e+02 |  9:3.1e-03  3:3.2e-02
  167 ,   9513 : 5.7228689528427e+01 +(7e-02,2e-01) | 1.46e+02 |  9:3.3e-03  3:3.4e-02
