
                            < M A T L A B (R) >
                  Copyright 1984-2015 The MathWorks, Inc.
                   R2015a (8.5.0.197613) 64-bit (glnxa64)
                             February 12, 2015

 
For online documentation, see http://www.mathworks.com/support
For product information, visit www.mathworks.com.
 

	Academic License


seed =

                220.611651


Initialtheta =

          36015.2850466146
          3736534.80432955
          64101031.2504757
           2308.1726325065
           3325.6220582735
          684.723165409539
        0.0156778200242015
          9.30108125868389
          705.576307596413

  n=9: (12,25)-CMA-ES(w=[24 17 14... 1.5 0.74]%, ]%, mu_eff=7.3) on function Error
Iterat, #Fevals:   Function Value    (median,worst) |Axis Ratio|idx:Min SD idx:Max SD
    1 ,     26 : 1.1983120027891e+02 +(1e+04,8e+17) | 4.55e+00 |  9:2.8e-01  4:1.2e+00
    2 ,     51 : 1.2196847817905e+02 +(2e+00,5e+17) | 4.65e+00 |  9:2.9e-01  4:1.3e+00
    3 ,     76 : 5.8667897490794e+01 +(6e+01,1e+18) | 4.68e+00 |  9:2.4e-01  4:1.1e+00
    4 ,    101 : 1.1507467086475e+02 +(8e+00,3e+09) | 4.70e+00 |  9:2.2e-01  4:1.0e+00
    5 ,    126 : 1.0813859540642e+02 +(2e+01,1e+11) | 4.73e+00 |  9:2.2e-01  4:1.0e+00
    6 ,    151 : 1.2344371584136e+02 +(2e-01,5e+07) | 4.93e+00 |  9:2.3e-01  4:1.1e+00
    7 ,    176 : 2.6301202321271e+01 +(1e+02,3e+09) | 4.91e+00 |  9:2.3e-01  4:1.1e+00
    8 ,    201 : 5.3435401369048e+01 +(2e+04,6e+08) | 5.04e+00 |  9:2.1e-01  4:1.0e+00
    9 ,    226 : 1.2345439093385e+02 +(2e-01,1e+08) | 5.05e+00 |  9:2.0e-01  4:9.1e-01
Iterat, #Fevals:   Function Value    (median,worst) |Axis Ratio|idx:Min SD idx:Max SD
   10 ,    251 : 1.2238937249261e+02 +(3e+04,7e+08) | 5.04e+00 |  9:2.0e-01  4:8.9e-01
   11 ,    276 : 1.2353851623527e+02 +(1e+04,1e+08) | 4.89e+00 |  9:1.9e-01  4:8.2e-01
   12 ,    301 : 8.6082445447036e+01 +(4e+01,2e+07) | 4.79e+00 |  9:1.9e-01  4:8.2e-01
   13 ,    326 : 3.6196497767865e+01 +(9e+01,2e+07) | 4.78e+00 |  9:2.0e-01  4:8.1e-01
   14 ,    351 : 1.1578650650873e+02 +(8e+00,1e+06) | 4.69e+00 |  9:1.9e-01  4:7.8e-01
   15 ,    376 : 1.1305128669225e+02 +(1e+01,7e+07) | 4.53e+00 |  9:1.9e-01  4:7.3e-01
   16 ,    401 : 1.2285881344111e+02 +(8e+05,5e+07) | 4.31e+00 |  9:1.8e-01  4:6.9e-01
   17 ,    426 : 2.9278855506829e+01 +(7e+04,2e+08) | 4.22e+00 |  9:1.8e-01  4:6.5e-01
   18 ,    451 : 5.7845775074305e+01 +(2e+03,2e+08) | 4.18e+00 |  9:2.0e-01  4:6.7e-01
   19 ,    476 : 3.3211976870897e+01 +(9e+01,2e+08) | 4.23e+00 |  9:1.9e-01  4:6.4e-01
Iterat, #Fevals:   Function Value    (median,worst) |Axis Ratio|idx:Min SD idx:Max SD
   20 ,    501 : 3.3689626550393e+01 +(9e+01,2e+06) | 4.39e+00 |  9:1.7e-01  4:6.0e-01
   21 ,    526 : 1.2204338345190e+02 +(1e+03,4e+06) | 4.39e+00 |  9:1.7e-01  4:5.7e-01
   22 ,    551 : 2.4868012136564e+01 +(6e+03,9e+05) | 4.41e+00 |  9:1.5e-01  4:5.1e-01
   23 ,    576 : 7.6016799439082e+01 +(4e+04,1e+08) | 4.29e+00 |  9:1.4e-01  4:4.7e-01
   24 ,    601 : 2.7102442135368e+01 +(1e+02,4e+05) | 4.50e+00 |  9:1.3e-01  4:4.7e-01
   25 ,    626 : 6.5878723022136e+01 +(4e+02,2e+06) | 4.48e+00 |  9:1.1e-01  4:4.1e-01
   26 ,    651 : 3.7783766556096e+01 +(1e+03,2e+05) | 4.36e+00 |  9:1.2e-01  4:4.2e-01
   27 ,    676 : 2.3225807682125e+01 +(1e+02,3e+04) | 4.34e+00 |  9:1.2e-01  4:4.0e-01
   28 ,    701 : 3.4592055218046e+01 +(8e+02,5e+04) | 4.28e+00 |  9:1.1e-01  4:3.8e-01
   29 ,    726 : 4.9540640215278e+01 +(7e+01,6e+04) | 4.28e+00 |  9:1.1e-01  4:3.7e-01
Iterat, #Fevals:   Function Value    (median,worst) |Axis Ratio|idx:Min SD idx:Max SD
   30 ,    751 : 2.7675744552906e+01 +(1e+02,2e+05) | 4.18e+00 |  9:1.3e-01  4:4.0e-01
   31 ,    776 : 2.8260524281160e+01 +(1e+02,3e+03) | 4.18e+00 |  9:1.3e-01  4:3.9e-01
   32 ,    801 : 2.5730612270451e+01 +(1e+02,1e+04) | 4.14e+00 |  9:1.1e-01  4:3.3e-01
   33 ,    826 : 2.3733730638779e+01 +(1e+02,4e+04) | 4.46e+00 |  9:1.1e-01  7:3.4e-01
   34 ,    851 : 3.1890329229287e+01 +(9e+01,9e+03) | 4.52e+00 |  9:1.0e-01  7:3.0e-01
   35 ,    876 : 2.6394022333622e+01 +(1e+02,2e+04) | 4.57e+00 |  8:9.7e-02  7:2.9e-01
   36 ,    901 : 2.6064225676897e+01 +(9e+01,2e+04) | 4.68e+00 |  8:1.0e-01  7:3.0e-01
   37 ,    926 : 2.3587444947114e+01 +(1e+02,1e+04) | 4.79e+00 |  8:1.1e-01  2:3.1e-01
   38 ,    951 : 2.5994215095585e+01 +(1e+02,2e+04) | 4.93e+00 |  8:1.1e-01  2:3.0e-01
   39 ,    976 : 2.3124777873141e+01 +(1e+02,1e+04) | 5.01e+00 |  9:9.4e-02  7:2.8e-01
Iterat, #Fevals:   Function Value    (median,worst) |Axis Ratio|idx:Min SD idx:Max SD
   40 ,   1001 : 2.5513738305627e+01 +(1e+02,6e+03) | 5.05e+00 |  9:9.5e-02  7:2.9e-01
   41 ,   1026 : 2.4673673611470e+01 +(9e+01,6e+02) | 4.98e+00 |  8:9.1e-02  7:2.9e-01
   42 ,   1051 : 2.7233361841429e+01 +(9e+01,5e+03) | 5.09e+00 |  8:9.0e-02  7:2.9e-01
   43 ,   1076 : 2.4282797605924e+01 +(9e+01,3e+03) | 5.03e+00 |  8:9.6e-02  7:3.1e-01
   44 ,   1101 : 4.1605015983219e+01 +(8e+01,2e+03) | 4.86e+00 |  8:1.1e-01  7:3.3e-01
   45 ,   1126 : 2.3986615899503e+01 +(1e+02,4e+02) | 4.79e+00 |  8:9.6e-02  7:3.0e-01
   46 ,   1151 : 2.5685708601539e+01 +(1e+02,1e+03) | 4.73e+00 |  8:8.4e-02  7:2.6e-01
   47 ,   1176 : 3.0963866996032e+01 +(9e+01,7e+03) | 4.79e+00 |  8:7.8e-02  5:2.4e-01
   48 ,   1201 : 2.4805526961329e+01 +(9e+01,5e+03) | 4.95e+00 |  8:7.8e-02  7:2.4e-01
   49 ,   1226 : 2.4696614677156e+01 +(8e+01,2e+03) | 5.09e+00 |  8:8.1e-02  5:2.5e-01
Iterat, #Fevals:   Function Value    (median,worst) |Axis Ratio|idx:Min SD idx:Max SD
   50 ,   1251 : 3.4971908904586e+01 +(9e+01,3e+03) | 5.28e+00 |  8:8.5e-02  5:2.5e-01
   51 ,   1276 : 2.4267913964857e+01 +(9e+01,9e+03) | 5.44e+00 |  8:7.6e-02  7:2.3e-01
   52 ,   1301 : 2.4313835561354e+01 +(8e+01,4e+02) | 5.67e+00 |  8:6.5e-02  7:1.9e-01
   53 ,   1326 : 2.3727882498961e+01 +(5e+01,1e+03) | 5.69e+00 |  8:6.0e-02  7:1.8e-01
   54 ,   1351 : 2.3107448479274e+01 +(5e+01,2e+02) | 5.95e+00 |  9:5.5e-02  7:1.7e-01
   55 ,   1376 : 2.3904241242787e+01 +(8e+01,4e+02) | 6.21e+00 |  8:4.8e-02  7:1.4e-01
   56 ,   1401 : 2.3601328152753e+01 +(4e+01,4e+02) | 6.76e+00 |  8:4.6e-02  4:1.4e-01
   57 ,   1426 : 2.3007322382485e+01 +(2e+01,4e+02) | 6.85e+00 |  8:4.5e-02  7:1.4e-01
   58 ,   1451 : 2.5835388651371e+01 +(8e+01,6e+02) | 6.60e+00 |  9:4.3e-02  7:1.3e-01
   59 ,   1476 : 2.2743713654009e+01 +(3e+01,1e+02) | 6.86e+00 |  8:4.7e-02  7:1.4e-01
Iterat, #Fevals:   Function Value    (median,worst) |Axis Ratio|idx:Min SD idx:Max SD
   60 ,   1501 : 2.3134769082224e+01 +(2e+01,2e+02) | 7.06e+00 |  8:4.7e-02  7:1.4e-01
   61 ,   1526 : 2.2831498356085e+01 +(1e+01,4e+02) | 7.18e+00 |  8:4.6e-02  7:1.4e-01
   62 ,   1551 : 2.3300730932537e+01 +(1e+01,1e+02) | 7.58e+00 |  8:4.3e-02  7:1.3e-01
   63 ,   1576 : 2.2700918947602e+01 +(2e+01,1e+02) | 7.77e+00 |  8:4.1e-02  7:1.3e-01
   64 ,   1601 : 2.2757858075657e+01 +(2e+01,9e+01) | 8.13e+00 |  8:3.8e-02  7:1.2e-01
   65 ,   1626 : 2.3087462370251e+01 +(8e+00,1e+02) | 8.04e+00 |  8:3.1e-02  7:9.7e-02
   66 ,   1651 : 2.2579361626431e+01 +(4e+00,6e+01) | 8.64e+00 |  8:2.9e-02  7:9.3e-02
   67 ,   1676 : 2.2712012503149e+01 +(8e+00,7e+01) | 8.67e+00 |  8:2.9e-02  7:8.7e-02
   68 ,   1701 : 2.2331316635106e+01 +(7e+00,7e+01) | 9.48e+00 |  8:2.7e-02  7:8.3e-02
   69 ,   1726 : 2.2078821296026e+01 +(5e+00,7e+01) | 1.01e+01 |  8:2.8e-02  7:8.5e-02
Iterat, #Fevals:   Function Value    (median,worst) |Axis Ratio|idx:Min SD idx:Max SD
   70 ,   1751 : 2.1781078337563e+01 +(6e+00,5e+01) | 1.16e+01 |  8:2.6e-02  7:8.8e-02
   71 ,   1776 : 2.1568990504009e+01 +(4e+00,4e+01) | 1.24e+01 |  8:2.7e-02  7:9.2e-02
   72 ,   1801 : 2.2092642773177e+01 +(2e+00,8e+01) | 1.29e+01 |  8:2.6e-02  7:9.1e-02
   73 ,   1826 : 2.2036898897204e+01 +(5e+00,2e+01) | 1.32e+01 |  8:2.6e-02  7:9.0e-02
   74 ,   1851 : 2.1733979180162e+01 +(4e+00,4e+01) | 1.40e+01 |  8:2.8e-02  7:9.1e-02
   75 ,   1876 : 2.1965651121361e+01 +(2e+00,3e+01) | 1.40e+01 |  8:2.5e-02  7:8.1e-02
   76 ,   1901 : 2.1563892189967e+01 +(4e+00,4e+01) | 1.51e+01 |  1:2.5e-02  7:8.2e-02
   77 ,   1926 : 2.1413279940061e+01 +(3e+00,2e+01) | 1.61e+01 |  1:2.7e-02  7:9.1e-02
   78 ,   1951 : 2.1467264187071e+01 +(4e+00,8e+01) | 1.71e+01 |  1:2.6e-02  7:9.6e-02
   79 ,   1976 : 2.1348689601635e+01 +(2e+00,4e+01) | 1.75e+01 |  1:2.3e-02  7:8.6e-02
Iterat, #Fevals:   Function Value    (median,worst) |Axis Ratio|idx:Min SD idx:Max SD
   80 ,   2001 : 2.1440922912076e+01 +(4e+00,2e+01) | 1.78e+01 |  1:2.2e-02  7:8.1e-02
   81 ,   2026 : 2.1091984677467e+01 +(1e+00,1e+01) | 1.94e+01 |  1:2.2e-02  7:8.3e-02
   82 ,   2051 : 2.0713467319098e+01 +(2e+00,4e+01) | 2.14e+01 |  8:2.2e-02  7:9.0e-02
   83 ,   2076 : 2.1183886725248e+01 +(2e+00,1e+01) | 2.29e+01 |  8:2.1e-02  7:9.0e-02
   84 ,   2101 : 2.0607619362863e+01 +(2e+00,2e+01) | 2.47e+01 |  8:2.1e-02  7:9.9e-02
   85 ,   2126 : 2.0577481038568e+01 +(1e+00,1e+01) | 2.61e+01 |  8:2.4e-02  7:1.2e-01
   86 ,   2151 : 2.0373284645710e+01 +(1e+00,3e+01) | 2.71e+01 |  8:2.3e-02  7:1.1e-01
   87 ,   2176 : 2.0472089918823e+01 +(2e+00,1e+01) | 2.92e+01 |  8:2.3e-02  7:1.2e-01
   88 ,   2201 : 2.0192037671628e+01 +(2e+00,2e+01) | 2.94e+01 |  8:2.1e-02  7:1.1e-01
   89 ,   2226 : 2.0218883935328e+01 +(1e+00,8e+00) | 3.14e+01 |  8:2.3e-02  7:1.2e-01
Iterat, #Fevals:   Function Value    (median,worst) |Axis Ratio|idx:Min SD idx:Max SD
   90 ,   2251 : 2.0209996016869e+01 +(2e+00,2e+01) | 3.28e+01 |  8:2.3e-02  7:1.2e-01
   91 ,   2276 : 2.0191848966906e+01 +(3e+00,2e+01) | 3.42e+01 |  8:2.3e-02  7:1.3e-01
   92 ,   2301 : 2.0183666917818e+01 +(1e+00,3e+01) | 3.35e+01 |  8:2.3e-02  7:1.3e-01
   93 ,   2326 : 2.0490913383258e+01 +(2e+00,1e+01) | 3.47e+01 |  8:2.3e-02  7:1.3e-01
   94 ,   2351 : 2.0126990309675e+01 +(1e+00,4e+01) | 3.56e+01 |  8:2.0e-02  7:1.1e-01
   95 ,   2376 : 2.0017862833601e+01 +(9e-01,1e+01) | 3.60e+01 |  8:1.9e-02  7:1.1e-01
   96 ,   2401 : 2.0145192287072e+01 +(2e+00,9e+00) | 3.60e+01 |  8:1.8e-02  7:9.4e-02
   97 ,   2426 : 2.0094795520287e+01 +(1e+00,1e+01) | 3.67e+01 |  8:1.9e-02  7:9.8e-02
   98 ,   2451 : 1.9960659878654e+01 +(1e+00,1e+01) | 3.75e+01 |  8:1.8e-02  7:9.2e-02
   99 ,   2476 : 2.0303217782661e+01 +(1e+00,2e+01) | 3.85e+01 |  8:1.6e-02  7:8.3e-02
Iterat, #Fevals:   Function Value    (median,worst) |Axis Ratio|idx:Min SD idx:Max SD
  100 ,   2501 : 2.0078841387491e+01 +(7e-01,7e+00) | 3.98e+01 |  8:1.5e-02  7:8.1e-02
  101 ,   2526 : 2.0145920659404e+01 +(4e-01,1e+01) | 4.25e+01 |  1:1.5e-02  7:8.2e-02
  102 ,   2551 : 2.0003522347128e+01 +(4e-01,6e+00) | 4.31e+01 |  8:1.2e-02  7:6.6e-02
  103 ,   2576 : 2.0050558913766e+01 +(4e-01,2e+00) | 4.38e+01 |  8:1.1e-02  7:5.9e-02
  104 ,   2601 : 2.0103645986107e+01 +(4e-01,3e+00) | 4.56e+01 |  8:1.1e-02  7:5.8e-02
  105 ,   2626 : 2.0008021396041e+01 +(3e-01,2e+00) | 4.62e+01 |  1:9.1e-03  7:4.7e-02
  106 ,   2651 : 2.0003959750780e+01 +(2e-01,8e-01) | 5.21e+01 |  8:9.6e-03  7:5.4e-02
  107 ,   2676 : 1.9939690031112e+01 +(2e-01,3e+00) | 5.38e+01 |  8:9.7e-03  7:5.5e-02
  108 ,   2701 : 1.9904632008136e+01 +(3e-01,1e+00) | 5.67e+01 |  1:1.1e-02  7:6.6e-02
  109 ,   2726 : 1.9900349599660e+01 +(2e-01,1e+00) | 5.92e+01 |  8:1.1e-02  7:7.0e-02
Iterat, #Fevals:   Function Value    (median,worst) |Axis Ratio|idx:Min SD idx:Max SD
  110 ,   2751 : 1.9946900142312e+01 +(3e-01,3e+00) | 6.01e+01 |  8:1.2e-02  7:7.3e-02
  111 ,   2776 : 1.9942013609348e+01 +(2e-01,2e+00) | 5.89e+01 |  8:1.2e-02  7:7.4e-02
  112 ,   2801 : 1.9916689572992e+01 +(3e-01,7e+00) | 6.10e+01 |  8:1.1e-02  7:7.0e-02
  113 ,   2826 : 1.9919850803420e+01 +(2e-01,2e+00) | 6.09e+01 |  8:9.4e-03  7:5.6e-02
  114 ,   2851 : 1.9919623830144e+01 +(2e-01,8e-01) | 6.20e+01 |  8:9.7e-03  7:5.7e-02
  115 ,   2876 : 1.9917949727185e+01 +(2e-01,9e-01) | 6.25e+01 |  8:9.2e-03  7:5.5e-02
  116 ,   2901 : 1.9903816949111e+01 +(4e-01,4e+00) | 6.24e+01 |  8:8.5e-03  7:5.1e-02
  117 ,   2926 : 1.9951368096502e+01 +(2e-01,1e+00) | 6.40e+01 |  8:7.8e-03  7:4.7e-02
  118 ,   2951 : 1.9958318732759e+01 +(1e-01,1e+00) | 6.40e+01 |  8:7.7e-03  7:4.4e-02
  119 ,   2976 : 1.9884651494237e+01 +(2e-01,2e+00) | 6.91e+01 |  8:7.5e-03  7:4.6e-02
Iterat, #Fevals:   Function Value    (median,worst) |Axis Ratio|idx:Min SD idx:Max SD
  120 ,   3001 : 1.9882921239651e+01 +(1e-01,6e-01) | 7.35e+01 |  8:7.2e-03  7:4.5e-02
  121 ,   3026 : 1.9903403352005e+01 +(1e-01,4e-01) | 7.37e+01 |  8:6.9e-03  7:4.3e-02
  122 ,   3051 : 1.9887011810311e+01 +(8e-02,6e-01) | 7.39e+01 |  8:6.9e-03  7:4.2e-02
  123 ,   3076 : 1.9931273633634e+01 +(6e-02,4e-01) | 7.45e+01 |  8:6.4e-03  7:3.8e-02
  124 ,   3101 : 1.9886644405976e+01 +(1e-01,4e-01) | 7.46e+01 |  8:5.8e-03  7:3.5e-02
  125 ,   3126 : 1.9876383458639e+01 +(6e-02,3e-01) | 7.52e+01 |  8:5.7e-03  7:3.4e-02
  126 ,   3151 : 1.9870866091744e+01 +(7e-02,9e-01) | 7.47e+01 |  8:5.9e-03  7:3.4e-02
  127 ,   3176 : 1.9872721789374e+01 +(7e-02,4e-01) | 7.48e+01 |  8:5.3e-03  7:3.1e-02
  128 ,   3201 : 1.9876075784799e+01 +(8e-02,2e-01) | 7.68e+01 |  8:4.8e-03  7:2.8e-02
  129 ,   3226 : 1.9882408261217e+01 +(7e-02,4e-01) | 7.99e+01 |  8:5.0e-03  7:3.0e-02
Iterat, #Fevals:   Function Value    (median,worst) |Axis Ratio|idx:Min SD idx:Max SD
  130 ,   3251 : 1.9883315104366e+01 +(7e-02,7e-01) | 7.95e+01 |  8:4.8e-03  7:2.8e-02
  131 ,   3276 : 1.9874388758463e+01 +(6e-02,2e-01) | 8.30e+01 |  8:4.0e-03  7:2.4e-02
  132 ,   3301 : 1.9865930112418e+01 +(6e-02,2e-01) | 8.51e+01 |  8:4.1e-03  7:2.4e-02
  133 ,   3326 : 1.9866563465755e+01 +(4e-02,1e-01) | 9.26e+01 |  9:4.5e-03  7:2.9e-02
  134 ,   3351 : 1.9887178576041e+01 +(3e-02,4e-01) | 9.36e+01 |  9:4.0e-03  7:2.6e-02
  135 ,   3376 : 1.9873657911415e+01 +(6e-02,2e-01) | 9.68e+01 |  9:3.4e-03  7:2.3e-02
  136 ,   3401 : 1.9881720123944e+01 +(4e-02,1e-01) | 9.69e+01 |  9:3.0e-03  7:2.1e-02
  137 ,   3426 : 1.9881655689585e+01 +(3e-02,7e-02) | 9.68e+01 |  9:2.9e-03  7:2.0e-02
  138 ,   3451 : 1.9878537016207e+01 +(3e-02,5e-02) | 9.79e+01 |  9:2.6e-03  7:1.8e-02
  139 ,   3476 : 1.9867241874903e+01 +(4e-02,9e-02) | 1.00e+02 |  9:2.3e-03  7:1.6e-02
Iterat, #Fevals:   Function Value    (median,worst) |Axis Ratio|idx:Min SD idx:Max SD
  140 ,   3501 : 1.9879113805248e+01 +(3e-02,7e-02) | 9.96e+01 |  9:2.7e-03  7:2.0e-02
  141 ,   3526 : 1.9877748590568e+01 +(2e-02,6e-02) | 1.01e+02 |  9:2.8e-03  7:2.1e-02
  142 ,   3551 : 1.9884489864845e+01 +(3e-02,8e-02) | 1.04e+02 |  9:2.7e-03  7:2.0e-02
  143 ,   3576 : 1.9882325138925e+01 +(3e-02,9e-02) | 1.03e+02 |  9:2.2e-03  7:1.7e-02
  144 ,   3601 : 1.9863278126564e+01 +(4e-02,9e-02) | 1.09e+02 |  9:2.1e-03  7:1.7e-02
  145 ,   3626 : 1.9870136924037e+01 +(4e-02,7e-02) | 1.09e+02 |  9:1.9e-03  7:1.5e-02
  146 ,   3651 : 1.9874068550511e+01 +(3e-02,7e-02) | 1.12e+02 |  9:1.8e-03  7:1.5e-02
  147 ,   3676 : 1.9863323151506e+01 +(3e-02,8e-02) | 1.17e+02 |  9:1.8e-03  7:1.6e-02
  148 ,   3701 : 1.9865581941289e+01 +(3e-02,1e-01) | 1.16e+02 |  9:1.9e-03  7:1.7e-02
  149 ,   3726 : 1.9873214696382e+01 +(3e-02,7e-02) | 1.20e+02 |  9:1.9e-03  7:1.7e-02
Iterat, #Fevals:   Function Value    (median,worst) |Axis Ratio|idx:Min SD idx:Max SD
  150 ,   3751 : 1.9860505110553e+01 +(4e-02,9e-02) | 1.14e+02 |  9:1.8e-03  7:1.6e-02
  151 ,   3776 : 1.9867580161453e+01 +(4e-02,7e-02) | 1.16e+02 |  9:1.6e-03  7:1.4e-02
  152 ,   3801 : 1.9872931922381e+01 +(2e-02,5e-02) | 1.16e+02 |  9:1.5e-03  7:1.4e-02
  153 ,   3826 : 1.9867455216727e+01 +(4e-02,7e-02) | 1.15e+02 |  9:1.5e-03  7:1.3e-02
  154 ,   3851 : 1.9862014221241e+01 +(5e-02,7e-02) | 1.20e+02 |  9:1.4e-03  7:1.4e-02
  155 ,   3876 : 1.9885520417476e+01 +(2e-02,4e-02) | 1.19e+02 |  9:1.3e-03  7:1.3e-02
  156 ,   3901 : 1.9875782989455e+01 +(3e-02,6e-02) | 1.18e+02 |  9:1.1e-03  7:1.1e-02
  157 ,   3926 : 1.9867217968284e+01 +(4e-02,7e-02) | 1.20e+02 |  9:1.0e-03  7:1.0e-02
  158 ,   3951 : 1.9866253983846e+01 +(4e-02,6e-02) | 1.20e+02 |  9:1.0e-03  7:1.1e-02
  159 ,   3976 : 1.9873252770463e+01 +(2e-02,5e-02) | 1.26e+02 |  9:1.0e-03  7:1.1e-02
Iterat, #Fevals:   Function Value    (median,worst) |Axis Ratio|idx:Min SD idx:Max SD
  160 ,   4001 : 1.9854992238581e+01 +(5e-02,8e-02) | 1.26e+02 |  9:1.0e-03  7:1.1e-02
  161 ,   4026 : 1.9876421335636e+01 +(2e-02,6e-02) | 1.26e+02 |  9:9.7e-04  7:1.0e-02
  162 ,   4051 : 1.9868843891361e+01 +(3e-02,8e-02) | 1.31e+02 |  9:1.0e-03  7:1.1e-02
  163 ,   4076 : 1.9880383807785e+01 +(3e-02,5e-02) | 1.29e+02 |  9:9.5e-04  7:1.1e-02
  164 ,   4101 : 1.9844044676968e+01 +(6e-02,1e-01) | 1.35e+02 |  9:1.0e-03  7:1.1e-02
  165 ,   4126 : 1.9873213240143e+01 +(3e-02,6e-02) | 1.38e+02 |  9:1.0e-03  7:1.2e-02
  166 ,   4151 : 1.9864565601811e+01 +(4e-02,7e-02) | 1.37e+02 |  9:8.4e-04  7:9.7e-03
  167 ,   4176 : 1.9865785860033e+01 +(3e-02,8e-02) | 1.35e+02 |  9:7.1e-04  7:8.3e-03
  168 ,   4201 : 1.9860689920911e+01 +(3e-02,7e-02) | 1.33e+02 |  9:7.0e-04  7:7.9e-03
  169 ,   4226 : 1.9877943569484e+01 +(3e-02,6e-02) | 1.37e+02 |  9:6.6e-04  7:7.7e-03
Iterat, #Fevals:   Function Value    (median,worst) |Axis Ratio|idx:Min SD idx:Max SD
  170 ,   4251 : 1.9864752137340e+01 +(3e-02,6e-02) | 1.35e+02 |  9:5.7e-04  7:6.8e-03
  171 ,   4276 : 1.9875504857914e+01 +(2e-02,6e-02) | 1.35e+02 |  9:5.4e-04  7:6.3e-03
  172 ,   4301 : 1.9860964992579e+01 +(3e-02,6e-02) | 1.37e+02 |  9:5.3e-04  7:6.3e-03
  173 ,   4326 : 1.9870060741549e+01 +(2e-02,6e-02) | 1.32e+02 |  9:4.7e-04  7:5.4e-03
  174 ,   4351 : 1.9865669600589e+01 +(2e-02,6e-02) | 1.33e+02 |  9:4.6e-04  7:5.5e-03
  175 ,   4376 : 1.9857575300010e+01 +(4e-02,7e-02) | 1.39e+02 |  9:4.8e-04  7:5.9e-03
  176 ,   4401 : 1.9872669264485e+01 +(3e-02,7e-02) | 1.40e+02 |  9:4.5e-04  7:5.6e-03
  177 ,   4426 : 1.9855778866243e+01 +(4e-02,8e-02) | 1.50e+02 |  9:4.8e-04  7:5.9e-03
  178 ,   4451 : 1.9872195050406e+01 +(2e-02,6e-02) | 1.55e+02 |  9:5.0e-04  7:6.1e-03
  179 ,   4476 : 1.9877925041541e+01 +(2e-02,5e-02) | 1.51e+02 |  9:4.8e-04  7:6.1e-03
Iterat, #Fevals:   Function Value    (median,worst) |Axis Ratio|idx:Min SD idx:Max SD
  180 ,   4501 : 1.9865644262022e+01 +(3e-02,8e-02) | 1.54e+02 |  9:4.6e-04  7:6.1e-03
  181 ,   4526 : 1.9863755712979e+01 +(2e-02,6e-02) | 1.64e+02 |  9:4.6e-04  7:6.4e-03
  182 ,   4551 : 1.9874360281448e+01 +(2e-02,4e-02) | 1.61e+02 |  9:4.9e-04  7:6.8e-03
  183 ,   4576 : 1.9867669717017e+01 +(3e-02,5e-02) | 1.66e+02 |  9:5.7e-04  7:7.9e-03
  184 ,   4601 : 1.9861948406403e+01 +(4e-02,6e-02) | 1.66e+02 |  9:5.8e-04  7:8.2e-03
  185 ,   4626 : 1.9864032201056e+01 +(4e-02,7e-02) | 1.68e+02 |  9:5.4e-04  7:7.8e-03
  186 ,   4651 : 1.9853840775997e+01 +(4e-02,8e-02) | 1.68e+02 |  9:4.9e-04  7:6.9e-03
  187 ,   4676 : 1.9862077420401e+01 +(4e-02,7e-02) | 1.67e+02 |  9:5.1e-04  7:6.9e-03
  188 ,   4701 : 1.9869240821698e+01 +(2e-02,6e-02) | 1.63e+02 |  9:5.2e-04  7:7.0e-03
  189 ,   4726 : 1.9854236772234e+01 +(5e-02,9e-02) | 1.71e+02 |  9:5.4e-04  7:7.4e-03
Iterat, #Fevals:   Function Value    (median,worst) |Axis Ratio|idx:Min SD idx:Max SD
  190 ,   4751 : 1.9864564133216e+01 +(4e-02,7e-02) | 1.79e+02 |  9:5.0e-04  7:7.3e-03
  191 ,   4776 : 1.9863423783806e+01 +(3e-02,7e-02) | 1.82e+02 |  9:4.6e-04  7:6.6e-03
  192 ,   4801 : 1.9858460757072e+01 +(3e-02,7e-02) | 1.66e+02 |  9:4.4e-04  7:6.2e-03
  193 ,   4826 : 1.9861982202766e+01 +(4e-02,8e-02) | 1.65e+02 |  9:4.6e-04  7:6.6e-03
  194 ,   4851 : 1.9875473745150e+01 +(2e-02,4e-02) | 1.62e+02 |  9:4.8e-04  7:6.1e-03
  195 ,   4876 : 1.9864081490320e+01 +(4e-02,8e-02) | 1.62e+02 |  9:4.9e-04  7:6.1e-03
  196 ,   4901 : 1.9875190583549e+01 +(3e-02,5e-02) | 1.63e+02 |  9:5.8e-04  7:7.0e-03
  197 ,   4926 : 1.9854700018433e+01 +(4e-02,7e-02) | 1.67e+02 |  9:6.0e-04  7:7.1e-03
  198 ,   4951 : 1.9864773927499e+01 +(3e-02,8e-02) | 1.66e+02 |  9:5.8e-04  7:6.8e-03
  199 ,   4976 : 1.9871833690779e+01 +(2e-02,7e-02) | 1.64e+02 |  9:5.5e-04  7:6.4e-03
Iterat, #Fevals:   Function Value    (median,worst) |Axis Ratio|idx:Min SD idx:Max SD
  200 ,   5001 : 1.9866730526508e+01 +(3e-02,5e-02) | 1.60e+02 |  9:5.6e-04  7:6.5e-03
  201 ,   5026 : 1.9861741454364e+01 +(4e-02,7e-02) | 1.59e+02 |  9:5.0e-04  7:5.8e-03
  202 ,   5051 : 1.9857776209437e+01 +(4e-02,8e-02) | 1.64e+02 |  9:4.4e-04  7:5.2e-03
  203 ,   5076 : 1.9861957346142e+01 +(3e-02,5e-02) | 1.65e+02 |  9:3.7e-04  7:4.3e-03
  204 ,   5101 : 1.9875529159397e+01 +(3e-02,6e-02) | 1.69e+02 |  9:3.4e-04  7:3.9e-03
  205 ,   5126 : 1.9872688703524e+01 +(2e-02,6e-02) | 1.75e+02 |  9:3.1e-04  7:3.7e-03
  206 ,   5151 : 1.9860098500670e+01 +(4e-02,6e-02) | 1.74e+02 |  9:2.9e-04  7:3.5e-03
  207 ,   5176 : 1.9855427976994e+01 +(4e-02,7e-02) | 1.89e+02 |  9:3.3e-04  7:4.3e-03
  208 ,   5201 : 1.9874711596276e+01 +(2e-02,7e-02) | 1.89e+02 |  9:3.3e-04  7:4.2e-03
  209 ,   5226 : 1.9849792801728e+01 +(4e-02,1e-01) | 1.81e+02 |  9:3.5e-04  7:4.4e-03
Iterat, #Fevals:   Function Value    (median,worst) |Axis Ratio|idx:Min SD idx:Max SD
  210 ,   5251 : 1.9869044321716e+01 +(3e-02,7e-02) | 1.77e+02 |  9:3.1e-04  7:3.9e-03
  211 ,   5276 : 1.9860163188530e+01 +(4e-02,7e-02) | 1.78e+02 |  9:3.1e-04  7:3.9e-03
  212 ,   5301 : 1.9858379862260e+01 +(3e-02,8e-02) | 1.70e+02 |  9:2.6e-04  7:3.3e-03
  213 ,   5326 : 1.9857579756574e+01 +(4e-02,8e-02) | 1.81e+02 |  9:2.3e-04  7:3.1e-03
  214 ,   5351 : 1.9866910795912e+01 +(3e-02,5e-02) | 1.86e+02 |  9:2.2e-04  7:3.0e-03
  215 ,   5376 : 1.9855567063400e+01 +(4e-02,6e-02) | 1.75e+02 |  9:2.0e-04  7:2.8e-03
  216 ,   5401 : 1.9869879920776e+01 +(2e-02,6e-02) | 1.66e+02 |  9:1.9e-04  7:2.6e-03
  217 ,   5426 : 1.9869494776139e+01 +(2e-02,5e-02) | 1.74e+02 |  9:2.0e-04  7:2.8e-03
  218 ,   5451 : 1.9861384874729e+01 +(3e-02,7e-02) | 1.70e+02 |  9:1.7e-04  7:2.4e-03
  219 ,   5476 : 1.9860160484118e+01 +(4e-02,6e-02) | 1.66e+02 |  9:1.6e-04  7:2.1e-03
Iterat, #Fevals:   Function Value    (median,worst) |Axis Ratio|idx:Min SD idx:Max SD
  220 ,   5501 : 1.9859789273292e+01 +(3e-02,8e-02) | 1.71e+02 |  9:1.4e-04  7:1.9e-03
  221 ,   5526 : 1.9853636602882e+01 +(4e-02,7e-02) | 1.60e+02 |  9:1.4e-04  7:1.8e-03
  222 ,   5551 : 1.9869573395522e+01 +(3e-02,6e-02) | 1.65e+02 |  9:1.5e-04  7:2.0e-03
  223 ,   5576 : 1.9858500319360e+01 +(4e-02,7e-02) | 1.73e+02 |  9:1.5e-04  7:2.1e-03
  224 ,   5601 : 1.9870250062053e+01 +(3e-02,5e-02) | 1.82e+02 |  9:1.5e-04  7:2.0e-03
  225 ,   5626 : 1.9856170702945e+01 +(3e-02,7e-02) | 1.85e+02 |  9:1.4e-04  7:1.9e-03
  226 ,   5651 : 1.9848159932172e+01 +(4e-02,8e-02) | 1.89e+02 |  9:1.3e-04  7:1.8e-03
  227 ,   5676 : 1.9865128257208e+01 +(3e-02,6e-02) | 1.93e+02 |  9:1.2e-04  7:1.7e-03
  228 ,   5701 : 1.9864907963746e+01 +(4e-02,9e-02) | 1.87e+02 |  9:1.1e-04  7:1.6e-03
  229 ,   5726 : 1.9867388647193e+01 +(3e-02,6e-02) | 1.87e+02 |  9:1.1e-04  7:1.5e-03
Iterat, #Fevals:   Function Value    (median,worst) |Axis Ratio|idx:Min SD idx:Max SD
  230 ,   5751 : 1.9875945213602e+01 +(2e-02,5e-02) | 1.85e+02 |  9:1.1e-04  7:1.5e-03
  231 ,   5776 : 1.9864506706182e+01 +(4e-02,7e-02) | 1.79e+02 |  9:1.2e-04  7:1.5e-03
  232 ,   5801 : 1.9858672341921e+01 +(3e-02,7e-02) | 1.71e+02 |  9:1.2e-04  7:1.5e-03
  233 ,   5826 : 1.9865073987287e+01 +(3e-02,6e-02) | 1.70e+02 |  9:1.1e-04  7:1.4e-03
  234 ,   5851 : 1.9868664694458e+01 +(3e-02,6e-02) | 1.72e+02 |  9:1.2e-04  7:1.5e-03
  235 ,   5876 : 1.9862800602972e+01 +(3e-02,7e-02) | 1.72e+02 |  9:1.2e-04  7:1.4e-03
  236 ,   5901 : 1.9869993434846e+01 +(3e-02,7e-02) | 1.88e+02 |  9:1.1e-04  7:1.3e-03
  237 ,   5926 : 1.9856030759229e+01 +(4e-02,8e-02) | 1.92e+02 |  9:1.0e-04  7:1.3e-03
  238 ,   5951 : 1.9855373640898e+01 +(4e-02,7e-02) | 1.81e+02 |  9:1.0e-04  7:1.3e-03
  239 ,   5976 : 1.9863002226588e+01 +(4e-02,8e-02) | 1.86e+02 |  9:9.8e-05  7:1.3e-03
Iterat, #Fevals:   Function Value    (median,worst) |Axis Ratio|idx:Min SD idx:Max SD
  240 ,   6001 : 1.9850563612214e+01 +(4e-02,1e-01) | 1.89e+02 |  9:1.0e-04  7:1.3e-03
  241 ,   6026 : 1.9858438268911e+01 +(4e-02,7e-02) | 1.91e+02 |  9:1.2e-04  7:1.4e-03
  242 ,   6051 : 1.9877374448550e+01 +(2e-02,6e-02) | 1.81e+02 |  9:1.2e-04  7:1.4e-03
  243 ,   6076 : 1.9866309252162e+01 +(4e-02,7e-02) | 1.80e+02 |  9:1.3e-04  7:1.6e-03
  244 ,   6101 : 1.9871092023793e+01 +(3e-02,5e-02) | 1.72e+02 |  9:1.3e-04  7:1.5e-03
  245 ,   6126 : 1.9861169660280e+01 +(3e-02,6e-02) | 1.77e+02 |  9:1.4e-04  7:1.6e-03
  246 ,   6151 : 1.9862101964929e+01 +(3e-02,7e-02) | 1.73e+02 |  9:1.2e-04  7:1.4e-03
  247 ,   6176 : 1.9861588065728e+01 +(4e-02,8e-02) | 1.78e+02 |  9:1.4e-04  7:1.6e-03
  248 ,   6201 : 1.9858582424380e+01 +(4e-02,7e-02) | 1.87e+02 |  9:1.3e-04  7:1.5e-03
  249 ,   6226 : 1.9867470017993e+01 +(3e-02,6e-02) | 1.81e+02 |  9:1.4e-04  7:1.6e-03
Iterat, #Fevals:   Function Value    (median,worst) |Axis Ratio|idx:Min SD idx:Max SD
  250 ,   6251 : 1.9867158622689e+01 +(2e-02,7e-02) | 1.90e+02 |  9:1.4e-04  7:1.6e-03
  251 ,   6276 : 1.9870632612315e+01 +(3e-02,7e-02) | 1.91e+02 |  9:1.3e-04  7:1.4e-03
  252 ,   6301 : 1.9864337329017e+01 +(3e-02,7e-02) | 1.92e+02 |  9:1.1e-04  7:1.2e-03
  253 ,   6326 : 1.9856616331693e+01 +(4e-02,7e-02) | 1.95e+02 |  9:1.1e-04  7:1.2e-03
  254 ,   6351 : 1.9878379681640e+01 +(2e-02,5e-02) | 1.97e+02 |  9:1.1e-04  7:1.1e-03
  255 ,   6376 : 1.9853814004212e+01 +(4e-02,7e-02) | 2.03e+02 |  9:1.0e-04  7:1.0e-03
  256 ,   6401 : 1.9876501609961e+01 +(2e-02,6e-02) | 2.09e+02 |  9:9.0e-05  7:9.3e-04
  257 ,   6426 : 1.9855796108118e+01 +(4e-02,8e-02) | 1.95e+02 |  9:9.3e-05  7:9.1e-04
  258 ,   6451 : 1.9853908160792e+01 +(5e-02,9e-02) | 1.86e+02 |  9:9.5e-05  7:9.2e-04
  259 ,   6476 : 1.9867372383973e+01 +(4e-02,8e-02) | 1.80e+02 |  9:1.1e-04  7:1.1e-03
Iterat, #Fevals:   Function Value    (median,worst) |Axis Ratio|idx:Min SD idx:Max SD
  260 ,   6501 : 1.9858822197227e+01 +(4e-02,8e-02) | 1.78e+02 |  9:1.2e-04  7:1.2e-03
  261 ,   6526 : 1.9855948569533e+01 +(4e-02,7e-02) | 1.87e+02 |  9:1.2e-04  7:1.3e-03
  262 ,   6551 : 1.9850575360150e+01 +(4e-02,7e-02) | 1.84e+02 |  9:1.2e-04  7:1.2e-03
  263 ,   6576 : 1.9869878430968e+01 +(2e-02,5e-02) | 1.89e+02 |  9:1.1e-04  7:1.2e-03
  264 ,   6601 : 1.9849947990796e+01 +(4e-02,8e-02) | 1.81e+02 |  9:9.3e-05  7:9.5e-04
  265 ,   6626 : 1.9866863891385e+01 +(3e-02,6e-02) | 1.91e+02 |  9:8.5e-05  7:8.9e-04
  266 ,   6651 : 1.9865818344969e+01 +(3e-02,8e-02) | 1.96e+02 |  9:7.9e-05  7:8.5e-04
  267 ,   6676 : 1.9872340676951e+01 +(3e-02,5e-02) | 2.03e+02 |  9:7.1e-05  7:7.2e-04
  268 ,   6701 : 1.9872039119734e+01 +(2e-02,6e-02) | 2.15e+02 |  9:6.8e-05  7:7.1e-04
  269 ,   6726 : 1.9856115768283e+01 +(4e-02,7e-02) | 2.16e+02 |  9:6.4e-05  7:6.8e-04
Iterat, #Fevals:   Function Value    (median,worst) |Axis Ratio|idx:Min SD idx:Max SD
  270 ,   6751 : 1.9860688659141e+01 +(3e-02,7e-02) | 2.12e+02 |  9:6.0e-05  7:6.3e-04
  271 ,   6776 : 1.9861805505525e+01 +(3e-02,6e-02) | 2.10e+02 |  9:5.3e-05  7:5.6e-04
  272 ,   6801 : 1.9856760171705e+01 +(3e-02,8e-02) | 2.11e+02 |  9:4.4e-05  7:4.6e-04
  273 ,   6826 : 1.9859265915662e+01 +(4e-02,8e-02) | 2.12e+02 |  9:4.6e-05  7:4.8e-04
  274 ,   6851 : 1.9871172780776e+01 +(3e-02,6e-02) | 2.03e+02 |  9:4.6e-05  7:4.6e-04
  275 ,   6876 : 1.9856506706174e+01 +(3e-02,7e-02) | 2.05e+02 |  9:3.8e-05  7:4.0e-04
  276 ,   6901 : 1.9861586579795e+01 +(3e-02,7e-02) | 2.08e+02 |  9:3.3e-05  7:3.5e-04
  277 ,   6926 : 1.9855174764612e+01 +(5e-02,8e-02) | 2.27e+02 |  9:3.3e-05  7:3.7e-04
  278 ,   6951 : 1.9863224309148e+01 +(4e-02,6e-02) | 2.52e+02 |  9:3.4e-05  7:4.2e-04
  279 ,   6976 : 1.9856908342761e+01 +(4e-02,7e-02) | 2.44e+02 |  9:3.4e-05  7:4.2e-04
Iterat, #Fevals:   Function Value    (median,worst) |Axis Ratio|idx:Min SD idx:Max SD
  280 ,   7001 : 1.9866559626902e+01 +(3e-02,7e-02) | 2.37e+02 |  9:3.1e-05  7:3.8e-04
  281 ,   7026 : 1.9849386769804e+01 +(4e-02,8e-02) | 2.33e+02 |  9:2.7e-05  7:3.4e-04
  282 ,   7051 : 1.9858859692165e+01 +(3e-02,7e-02) | 2.34e+02 |  9:2.8e-05  7:3.4e-04
  283 ,   7076 : 1.9865934023410e+01 +(3e-02,6e-02) | 2.64e+02 |  9:3.1e-05  7:4.0e-04
  284 ,   7101 : 1.9847759173342e+01 +(5e-02,8e-02) | 2.62e+02 |  9:3.1e-05  7:4.0e-04
  285 ,   7126 : 1.9865316788613e+01 +(3e-02,6e-02) | 2.66e+02 |  9:3.9e-05  7:4.9e-04
  286 ,   7151 : 1.9858374570550e+01 +(3e-02,8e-02) | 2.67e+02 |  9:4.4e-05  7:5.4e-04
  287 ,   7176 : 1.9857054765516e+01 +(4e-02,7e-02) | 2.94e+02 |  9:4.6e-05  5:6.1e-04
  288 ,   7201 : 1.9863143892970e+01 +(3e-02,6e-02) | 3.09e+02 |  9:4.5e-05  5:6.2e-04
  289 ,   7226 : 1.9850502657547e+01 +(5e-02,8e-02) | 3.21e+02 |  9:4.0e-05  5:5.5e-04
Iterat, #Fevals:   Function Value    (median,worst) |Axis Ratio|idx:Min SD idx:Max SD
  290 ,   7251 : 1.9859066187512e+01 +(4e-02,7e-02) | 3.34e+02 |  9:3.5e-05  5:5.0e-04
  291 ,   7276 : 1.9871336988604e+01 +(2e-02,7e-02) | 3.41e+02 |  9:2.9e-05  5:4.3e-04
  292 ,   7301 : 1.9863383962644e+01 +(4e-02,7e-02) | 3.35e+02 |  9:3.3e-05  5:5.0e-04
  293 ,   7326 : 1.9842933644838e+01 +(5e-02,1e-01) | 3.38e+02 |  9:3.6e-05  5:5.3e-04
  294 ,   7351 : 1.9849002360267e+01 +(4e-02,8e-02) | 3.42e+02 |  9:3.5e-05  5:5.0e-04
  295 ,   7376 : 1.9863811494525e+01 +(3e-02,7e-02) | 3.56e+02 |  9:3.4e-05  5:4.6e-04
  296 ,   7401 : 1.9860307772821e+01 +(3e-02,7e-02) | 3.62e+02 |  9:3.7e-05  5:5.0e-04
  297 ,   7426 : 1.9863796383084e+01 +(4e-02,7e-02) | 3.84e+02 |  9:4.3e-05  5:6.0e-04
  298 ,   7451 : 1.9862131562437e+01 +(3e-02,7e-02) | 4.19e+02 |  9:5.2e-05  5:7.5e-04
  299 ,   7476 : 1.9865539840969e+01 +(3e-02,8e-02) | 4.47e+02 |  9:5.1e-05  5:7.9e-04
Iterat, #Fevals:   Function Value    (median,worst) |Axis Ratio|idx:Min SD idx:Max SD
  300 ,   7501 : 1.9860707587377e+01 +(4e-02,7e-02) | 4.57e+02 |  9:5.3e-05  5:8.3e-04
  301 ,   7526 : 1.9871920746023e+01 +(3e-02,5e-02) | 4.43e+02 |  9:5.0e-05  5:8.2e-04
  302 ,   7551 : 1.9842026205108e+01 +(5e-02,9e-02) | 4.40e+02 |  9:5.6e-05  5:9.1e-04
  303 ,   7576 : 1.9867049154814e+01 +(3e-02,7e-02) | 4.39e+02 |  9:6.1e-05  7:9.9e-04
  304 ,   7601 : 1.9863836965273e+01 +(4e-02,6e-02) | 4.61e+02 |  9:6.0e-05  5:1.0e-03
  305 ,   7626 : 1.9867736952099e+01 +(3e-02,6e-02) | 4.71e+02 |  9:5.3e-05  5:9.4e-04
  306 ,   7651 : 1.9866394674119e+01 +(4e-02,6e-02) | 4.89e+02 |  9:4.8e-05  5:8.6e-04
  307 ,   7676 : 1.9863741446122e+01 +(3e-02,6e-02) | 4.88e+02 |  9:4.6e-05  5:8.3e-04
  308 ,   7701 : 1.9859776699270e+01 +(4e-02,9e-02) | 4.71e+02 |  9:5.7e-05  5:1.0e-03
  309 ,   7726 : 1.9865150173728e+01 +(4e-02,7e-02) | 4.74e+02 |  9:6.1e-05  5:1.0e-03
Iterat, #Fevals:   Function Value    (median,worst) |Axis Ratio|idx:Min SD idx:Max SD
  310 ,   7751 : 1.9863789023450e+01 +(3e-02,6e-02) | 4.81e+02 |  9:6.3e-05  5:1.0e-03
  311 ,   7776 : 1.9846002157726e+01 +(5e-02,1e-01) | 5.06e+02 |  9:8.2e-05  5:1.3e-03
  312 ,   7801 : 1.9860341182217e+01 +(4e-02,7e-02) | 5.23e+02 |  9:8.6e-05  5:1.3e-03
  313 ,   7826 : 1.9844822237440e+01 +(5e-02,1e-01) | 5.33e+02 |  9:8.1e-05  5:1.2e-03
  314 ,   7851 : 1.9873599360429e+01 +(3e-02,6e-02) | 5.27e+02 |  9:7.4e-05  5:1.2e-03
  315 ,   7876 : 1.9854385349737e+01 +(4e-02,7e-02) | 5.34e+02 |  9:7.0e-05  5:1.2e-03
  316 ,   7901 : 1.9852358830280e+01 +(5e-02,8e-02) | 5.16e+02 |  9:6.6e-05  5:1.1e-03
  317 ,   7926 : 1.9856077198872e+01 +(4e-02,8e-02) | 4.93e+02 |  9:6.4e-05  5:1.0e-03
  318 ,   7951 : 1.9864271236051e+01 +(2e-02,6e-02) | 4.74e+02 |  9:6.5e-05  5:1.1e-03
  319 ,   7976 : 1.9864507120263e+01 +(3e-02,7e-02) | 4.92e+02 |  9:6.9e-05  5:1.2e-03
Iterat, #Fevals:   Function Value    (median,worst) |Axis Ratio|idx:Min SD idx:Max SD
  320 ,   8001 : 1.9857738188216e+01 +(4e-02,8e-02) | 4.85e+02 |  9:8.3e-05  5:1.3e-03
  321 ,   8026 : 1.9852369698376e+01 +(4e-02,8e-02) | 4.80e+02 |  9:8.0e-05  5:1.3e-03
  322 ,   8051 : 1.9862741012808e+01 +(3e-02,6e-02) | 4.91e+02 |  9:8.0e-05  5:1.2e-03
  323 ,   8076 : 1.9855382691859e+01 +(4e-02,6e-02) | 4.63e+02 |  9:9.5e-05  5:1.4e-03
  324 ,   8101 : 1.9870295158015e+01 +(3e-02,6e-02) | 4.67e+02 |  9:9.0e-05  7:1.4e-03
  325 ,   8126 : 1.9868267250447e+01 +(2e-02,6e-02) | 4.69e+02 |  9:7.7e-05  7:1.2e-03
  326 ,   8151 : 1.9860822577966e+01 +(3e-02,7e-02) | 4.66e+02 |  9:7.9e-05  7:1.3e-03
  327 ,   8176 : 1.9837615351445e+01 +(6e-02,1e-01) | 4.81e+02 |  9:7.2e-05  7:1.2e-03
  328 ,   8201 : 1.9853320643091e+01 +(4e-02,8e-02) | 4.70e+02 |  9:6.9e-05  5:1.1e-03
  329 ,   8226 : 1.9861141760285e+01 +(4e-02,6e-02) | 5.16e+02 |  9:7.1e-05  5:1.2e-03
Iterat, #Fevals:   Function Value    (median,worst) |Axis Ratio|idx:Min SD idx:Max SD
  330 ,   8251 : 1.9867945184897e+01 +(2e-02,6e-02) | 5.31e+02 |  9:7.0e-05  7:1.2e-03
  331 ,   8276 : 1.9857870539346e+01 +(4e-02,8e-02) | 5.32e+02 |  9:6.7e-05  7:1.2e-03
  332 ,   8301 : 1.9862336126699e+01 +(3e-02,6e-02) | 5.07e+02 |  9:6.4e-05  7:1.1e-03
  333 ,   8326 : 1.9865403246290e+01 +(4e-02,6e-02) | 5.04e+02 |  9:5.9e-05  7:1.0e-03
  334 ,   8351 : 1.9862429408868e+01 +(4e-02,8e-02) | 5.30e+02 |  9:6.4e-05  5:1.1e-03
  335 ,   8376 : 1.9863189012189e+01 +(3e-02,9e-02) | 5.88e+02 |  9:6.5e-05  5:1.2e-03
  336 ,   8401 : 1.9861982067703e+01 +(3e-02,6e-02) | 5.78e+02 |  9:7.4e-05  5:1.3e-03
  337 ,   8426 : 1.9854469103092e+01 +(4e-02,7e-02) | 5.61e+02 |  9:7.4e-05  5:1.3e-03
  338 ,   8451 : 1.9863753024721e+01 +(3e-02,8e-02) | 5.76e+02 |  9:6.9e-05  5:1.2e-03
  339 ,   8476 : 1.9859748336556e+01 +(4e-02,7e-02) | 6.24e+02 |  9:7.7e-05  7:1.4e-03
Iterat, #Fevals:   Function Value    (median,worst) |Axis Ratio|idx:Min SD idx:Max SD
  340 ,   8501 : 1.9858560586275e+01 +(4e-02,7e-02) | 6.07e+02 |  9:8.1e-05  7:1.4e-03
  341 ,   8526 : 1.9873175534393e+01 +(3e-02,8e-02) | 6.03e+02 |  9:7.8e-05  7:1.4e-03
  342 ,   8551 : 1.9859982957126e+01 +(3e-02,6e-02) | 6.03e+02 |  9:6.8e-05  7:1.3e-03
  343 ,   8576 : 1.9875084625803e+01 +(3e-02,6e-02) | 5.76e+02 |  9:6.7e-05  7:1.2e-03
  344 ,   8601 : 1.9861557974345e+01 +(4e-02,7e-02) | 5.88e+02 |  9:6.4e-05  7:1.2e-03
  345 ,   8626 : 1.9856631421108e+01 +(3e-02,8e-02) | 6.01e+02 |  9:6.4e-05  7:1.3e-03
  346 ,   8651 : 1.9864927477498e+01 +(3e-02,6e-02) | 6.35e+02 |  9:6.7e-05  7:1.4e-03
  347 ,   8676 : 1.9854944920649e+01 +(4e-02,7e-02) | 6.24e+02 |  9:6.7e-05  7:1.5e-03
  348 ,   8701 : 1.9864092519129e+01 +(3e-02,7e-02) | 6.39e+02 |  9:7.0e-05  7:1.6e-03
  349 ,   8726 : 1.9871632993078e+01 +(3e-02,5e-02) | 6.55e+02 |  9:7.0e-05  7:1.6e-03
Iterat, #Fevals:   Function Value    (median,worst) |Axis Ratio|idx:Min SD idx:Max SD
  350 ,   8751 : 1.9857191189223e+01 +(4e-02,7e-02) | 6.58e+02 |  9:6.4e-05  7:1.4e-03
  351 ,   8776 : 1.9861548631300e+01 +(4e-02,8e-02) | 6.55e+02 |  9:5.8e-05  7:1.3e-03
  352 ,   8801 : 1.9866178230873e+01 +(3e-02,6e-02) | 6.68e+02 |  9:5.3e-05  7:1.2e-03
  353 ,   8826 : 1.9864971231101e+01 +(3e-02,7e-02) | 6.74e+02 |  9:5.5e-05  7:1.2e-03
  354 ,   8851 : 1.9860663954436e+01 +(4e-02,7e-02) | 6.68e+02 |  9:5.4e-05  7:1.2e-03
  355 ,   8876 : 1.9873269636684e+01 +(3e-02,5e-02) | 6.72e+02 |  9:5.0e-05  7:1.1e-03
  356 ,   8901 : 1.9850598165500e+01 +(4e-02,9e-02) | 6.81e+02 |  9:4.5e-05  7:9.6e-04
  357 ,   8926 : 1.9850504138722e+01 +(4e-02,7e-02) | 6.95e+02 |  9:4.0e-05  7:8.5e-04
  358 ,   8951 : 1.9850769086410e+01 +(4e-02,8e-02) | 6.87e+02 |  9:3.6e-05  7:7.9e-04
  359 ,   8976 : 1.9857372978648e+01 +(4e-02,8e-02) | 6.87e+02 |  9:3.4e-05  7:7.5e-04
Iterat, #Fevals:   Function Value    (median,worst) |Axis Ratio|idx:Min SD idx:Max SD
  360 ,   9001 : 1.9871128489545e+01 +(3e-02,9e-02) | 6.66e+02 |  9:3.7e-05  7:7.6e-04
  361 ,   9026 : 1.9872167725139e+01 +(2e-02,5e-02) | 6.95e+02 |  9:3.7e-05  7:7.8e-04
  362 ,   9051 : 1.9868106170344e+01 +(3e-02,6e-02) | 7.19e+02 |  9:4.2e-05  7:8.8e-04
  363 ,   9076 : 1.9859481025040e+01 +(4e-02,7e-02) | 7.79e+02 |  9:4.3e-05  7:9.3e-04
  364 ,   9101 : 1.9850133329902e+01 +(4e-02,8e-02) | 8.07e+02 |  9:4.3e-05  7:9.8e-04
  365 ,   9126 : 1.9865969463598e+01 +(4e-02,7e-02) | 8.08e+02 |  9:3.9e-05  7:8.6e-04
  366 ,   9151 : 1.9870786404299e+01 +(3e-02,6e-02) | 8.24e+02 |  9:4.1e-05  7:9.1e-04
  367 ,   9176 : 1.9855130995225e+01 +(4e-02,7e-02) | 8.41e+02 |  9:4.0e-05  7:8.7e-04
  368 ,   9201 : 1.9854837303943e+01 +(4e-02,7e-02) | 7.67e+02 |  9:4.0e-05  7:8.4e-04
  369 ,   9226 : 1.9865704729922e+01 +(3e-02,6e-02) | 7.64e+02 |  9:4.3e-05  7:9.8e-04
Iterat, #Fevals:   Function Value    (median,worst) |Axis Ratio|idx:Min SD idx:Max SD
  370 ,   9251 : 1.9873292645245e+01 +(2e-02,5e-02) | 7.71e+02 |  9:5.0e-05  7:1.1e-03
  371 ,   9276 : 1.9870161419108e+01 +(3e-02,7e-02) | 8.04e+02 |  9:5.3e-05  7:1.2e-03
  372 ,   9301 : 1.9859904502160e+01 +(3e-02,7e-02) | 8.15e+02 |  9:5.0e-05  7:1.1e-03
  373 ,   9326 : 1.9851351498516e+01 +(5e-02,8e-02) | 8.26e+02 |  9:4.8e-05  7:1.1e-03
  374 ,   9351 : 1.9857067530744e+01 +(4e-02,7e-02) | 8.52e+02 |  9:4.4e-05  7:1.0e-03
  375 ,   9376 : 1.9863768706545e+01 +(3e-02,8e-02) | 8.29e+02 |  9:4.1e-05  7:9.3e-04
  376 ,   9401 : 1.9866292201932e+01 +(3e-02,6e-02) | 8.16e+02 |  9:3.9e-05  7:8.6e-04
  377 ,   9426 : 1.9867877714417e+01 +(2e-02,7e-02) | 8.16e+02 |  9:3.5e-05  7:7.9e-04
  378 ,   9451 : 1.9863548318711e+01 +(4e-02,8e-02) | 8.33e+02 |  9:3.1e-05  7:7.1e-04
  379 ,   9476 : 1.9856159879578e+01 +(4e-02,5e-02) | 8.79e+02 |  9:2.9e-05  7:6.7e-04
Iterat, #Fevals:   Function Value    (median,worst) |Axis Ratio|idx:Min SD idx:Max SD
  380 ,   9501 : 1.9857594975566e+01 +(3e-02,9e-02) | 8.45e+02 |  9:2.6e-05  7:5.9e-04
  381 ,   9526 : 1.9857174817158e+01 +(4e-02,6e-02) | 8.09e+02 |  9:2.6e-05  7:5.9e-04
  382 ,   9551 : 1.9859761253125e+01 +(3e-02,6e-02) | 8.50e+02 |  9:2.5e-05  7:5.7e-04
  383 ,   9576 : 1.9852649785762e+01 +(3e-02,7e-02) | 8.57e+02 |  9:2.4e-05  7:5.0e-04
  384 ,   9601 : 1.9855974964087e+01 +(4e-02,7e-02) | 8.72e+02 |  9:2.4e-05  7:4.8e-04
  385 ,   9626 : 1.9866927786313e+01 +(3e-02,6e-02) | 8.78e+02 |  9:2.3e-05  7:4.6e-04
  386 ,   9651 : 1.9863275413576e+01 +(4e-02,7e-02) | 9.61e+02 |  9:2.4e-05  7:4.7e-04
  387 ,   9676 : 1.9842448375011e+01 +(5e-02,9e-02) | 9.28e+02 |  9:2.5e-05  7:4.9e-04
  388 ,   9701 : 1.9868963824351e+01 +(3e-02,6e-02) | 9.13e+02 |  9:2.2e-05  7:4.3e-04
  389 ,   9726 : 1.9859875177791e+01 +(3e-02,5e-02) | 9.44e+02 |  9:1.9e-05  7:3.8e-04
Iterat, #Fevals:   Function Value    (median,worst) |Axis Ratio|idx:Min SD idx:Max SD
  390 ,   9751 : 1.9873462519772e+01 +(2e-02,7e-02) | 9.38e+02 |  9:1.7e-05  7:3.5e-04
  391 ,   9776 : 1.9864018592125e+01 +(2e-02,6e-02) | 9.43e+02 |  9:1.8e-05  7:3.5e-04
  392 ,   9801 : 1.9867566144500e+01 +(2e-02,7e-02) | 9.76e+02 |  9:2.0e-05  7:3.8e-04
  393 ,   9826 : 1.9876364602893e+01 +(2e-02,5e-02) | 9.76e+02 |  9:2.2e-05  7:4.2e-04
#Fevals:   f(returned x)   |    bestever.f     | stopflag (saved to variablescmaes14_7_184.mat)
   9827: 1.98763646029e+01 | 1.98376153514e+01 | stagnation
mean solution: +2.1e-01 +3.9e-01 +1.3e+00 +1.5e+00 +2.6e+00 +1.3e+00 +4.6e-01 +2.0e-01 +1.4e+00
std deviation:  9.5e-05  3.2e-04  2.1e-04  2.4e-04  3.8e-04  1.6e-04  4.2e-04  7.6e-05  2.2e-05
use plotcmaesdat.m for plotting the output at any time (option LogModulo must not be zero)
