
                            < M A T L A B (R) >
                  Copyright 1984-2015 The MathWorks, Inc.
                   R2015a (8.5.0.197613) 64-bit (glnxa64)
                             February 12, 2015

 
For online documentation, see http://www.mathworks.com/support
For product information, visit www.mathworks.com.
 

	Academic License


seed =

                 30.156038


Initialtheta =

          64414.3891924799
          3807485.51560268
           66304790.870519
          1637.34361030143
          9626.11552892951
          347.315178539386
        0.0495957986223868
           2.3506554502669
           709.98598796516

  n=9: (12,25)-CMA-ES(w=[24 17 14... 1.5 0.74]%, ]%, mu_eff=7.3) on function Error
Iterat, #Fevals:   Function Value    (median,worst) |Axis Ratio|idx:Min SD idx:Max SD
    1 ,     26 : 9.5589327513157e+01 +(3e+01,1e+07) | 6.82e+00 |  9:3.1e-01  4:2.1e+00
    2 ,     51 : 1.2115256980176e+02 +(2e+00,8e+06) | 6.59e+00 |  9:3.2e-01  4:2.1e+00
    3 ,     76 : 2.5850024576730e+01 +(1e+02,9e+08) | 6.55e+00 |  9:3.3e-01  4:2.1e+00
    4 ,    101 : 1.1691044318282e+02 +(7e+00,1e+09) | 6.36e+00 |  9:3.1e-01  4:1.9e+00
[Warning: Failure at t=1.211230e+03.  Unable to meet integration tolerances
without reducing the step size below the smallest value allowed (3.637979e-12)
at time t.] 
[> In ode15s (line 730)
  In Error (line 30)
  In cmaes (line 957)
  In ParameterFit (line 32)
  In ParameterFittingScript (line 27)] 
    5 ,    126 : 1.2207571276389e+02 +(2e+00,Inf) | 6.27e+00 |  9:2.7e-01  4:1.6e+00
    6 ,    151 : 1.2323633748311e+02 +(5e-01,2e+10) | 6.17e+00 |  9:2.5e-01  4:1.5e+00
    7 ,    176 : 1.2254706668226e+02 +(1e+00,3e+08) | 6.01e+00 |  9:2.3e-01  4:1.3e+00
    8 ,    201 : 2.7881720786099e+01 +(1e+02,3e+07) | 5.95e+00 |  9:2.0e-01  4:1.1e+00
    9 ,    226 : 1.2344196285560e+02 +(2e+02,2e+07) | 6.20e+00 |  9:1.9e-01  4:1.0e+00
Iterat, #Fevals:   Function Value    (median,worst) |Axis Ratio|idx:Min SD idx:Max SD
   10 ,    251 : 1.2355554219058e+02 +(9e+04,8e+07) | 6.16e+00 |  7:1.7e-01  4:9.2e-01
   11 ,    276 : 7.3508702217279e+01 +(5e+01,3e+05) | 5.92e+00 |  7:1.6e-01  4:8.6e-01
   12 ,    301 : 2.6454520254069e+01 +(5e+04,1e+06) | 5.94e+00 |  7:1.5e-01  4:8.0e-01
   13 ,    326 : 3.7933938870765e+01 +(9e+01,9e+06) | 5.61e+00 |  7:1.4e-01  4:7.2e-01
   14 ,    351 : 2.4108828391654e+01 +(1e+02,3e+05) | 5.50e+00 |  7:1.4e-01  4:6.7e-01
   15 ,    376 : 3.3652142804966e+01 +(9e+01,6e+04) | 5.58e+00 |  7:1.2e-01  4:5.8e-01
   16 ,    401 : 6.0441922950582e+01 +(6e+01,3e+04) | 5.55e+00 |  5:1.1e-01  4:5.0e-01
   17 ,    426 : 6.6087660021894e+01 +(6e+01,1e+05) | 5.50e+00 |  5:9.9e-02  4:4.7e-01
   18 ,    451 : 2.4921272671376e+01 +(1e+02,5e+04) | 5.18e+00 |  5:9.5e-02  4:4.4e-01
   19 ,    476 : 2.4892933989634e+01 +(1e+02,6e+04) | 5.14e+00 |  5:1.2e-01  4:5.4e-01
Iterat, #Fevals:   Function Value    (median,worst) |Axis Ratio|idx:Min SD idx:Max SD
   20 ,    501 : 2.2362566689105e+01 +(1e+02,3e+04) | 5.05e+00 |  5:1.3e-01  4:5.7e-01
   21 ,    526 : 8.0215259535273e+01 +(4e+01,4e+04) | 4.91e+00 |  5:1.1e-01  4:4.9e-01
   22 ,    551 : 2.4212804014893e+01 +(1e+02,1e+05) | 5.02e+00 |  5:9.8e-02  4:4.3e-01
   23 ,    576 : 2.1282810849762e+01 +(1e+02,4e+04) | 4.85e+00 |  5:9.1e-02  4:3.8e-01
   24 ,    601 : 2.5610931600807e+01 +(1e+02,9e+04) | 4.87e+00 |  5:9.1e-02  4:3.7e-01
   25 ,    626 : 5.1073274437934e+01 +(7e+01,1e+04) | 4.73e+00 |  5:9.4e-02  4:3.7e-01
   26 ,    651 : 2.5404009053459e+01 +(1e+02,4e+03) | 4.50e+00 |  5:8.3e-02  4:3.2e-01
   27 ,    676 : 3.5815474326625e+01 +(9e+01,2e+03) | 4.50e+00 |  5:8.2e-02  4:3.0e-01
   28 ,    701 : 2.5700433179045e+01 +(2e+02,6e+03) | 4.24e+00 |  5:9.1e-02  4:3.2e-01
   29 ,    726 : 4.1334350603865e+01 +(8e+01,1e+03) | 4.31e+00 |  5:8.4e-02  6:3.0e-01
Iterat, #Fevals:   Function Value    (median,worst) |Axis Ratio|idx:Min SD idx:Max SD
   30 ,    751 : 3.4004705424891e+01 +(9e+01,7e+03) | 4.07e+00 |  5:8.4e-02  6:2.9e-01
   31 ,    776 : 2.5319067419980e+01 +(1e+02,1e+04) | 4.31e+00 |  5:7.9e-02  6:2.9e-01
   32 ,    801 : 4.0541486657530e+01 +(8e+01,1e+04) | 4.31e+00 |  5:7.0e-02  6:2.7e-01
   33 ,    826 : 2.5043376522853e+01 +(9e+01,4e+03) | 4.62e+00 |  5:7.1e-02  6:2.9e-01
   34 ,    851 : 2.5146731765517e+01 +(9e+01,1e+03) | 4.80e+00 |  5:7.4e-02  6:3.0e-01
   35 ,    876 : 2.5467344464769e+01 +(1e+02,2e+03) | 4.84e+00 |  5:7.7e-02  6:3.2e-01
   36 ,    901 : 2.4327721773561e+01 +(1e+02,4e+03) | 4.90e+00 |  5:7.0e-02  6:2.9e-01
   37 ,    926 : 2.5142278515458e+01 +(1e+02,3e+03) | 4.91e+00 |  5:6.4e-02  6:2.6e-01
   38 ,    951 : 2.5353981411849e+01 +(1e+02,8e+03) | 4.87e+00 |  5:6.9e-02  6:2.9e-01
   39 ,    976 : 2.7683088399007e+01 +(9e+01,3e+02) | 4.95e+00 |  5:6.6e-02  6:2.8e-01
Iterat, #Fevals:   Function Value    (median,worst) |Axis Ratio|idx:Min SD idx:Max SD
   40 ,   1001 : 2.4753924325075e+01 +(8e+01,1e+03) | 4.97e+00 |  5:6.1e-02  6:2.6e-01
   41 ,   1026 : 2.6556190009369e+01 +(5e+01,3e+03) | 4.88e+00 |  5:6.0e-02  6:2.5e-01
   42 ,   1051 : 2.9562979037039e+01 +(3e+01,7e+02) | 4.59e+00 |  5:7.7e-02  6:2.9e-01
   43 ,   1076 : 2.5031243557650e+01 +(7e+01,1e+03) | 4.49e+00 |  5:7.8e-02  6:3.0e-01
   44 ,   1101 : 2.5554457527956e+01 +(4e+01,1e+02) | 4.61e+00 |  5:8.2e-02  6:3.2e-01
   45 ,   1126 : 2.6016692353221e+01 +(7e+01,4e+02) | 4.76e+00 |  5:8.8e-02  6:3.5e-01
   46 ,   1151 : 2.5458087343656e+01 +(1e+02,5e+02) | 4.76e+00 |  5:7.7e-02  6:3.0e-01
   47 ,   1176 : 2.6909676532973e+01 +(8e+01,1e+03) | 4.78e+00 |  5:6.6e-02  6:2.6e-01
   48 ,   1201 : 2.6864565321934e+01 +(4e+01,5e+02) | 4.95e+00 |  5:6.5e-02  6:2.5e-01
   49 ,   1226 : 2.6439044008075e+01 +(3e+01,8e+02) | 4.87e+00 |  5:5.9e-02  6:2.3e-01
Iterat, #Fevals:   Function Value    (median,worst) |Axis Ratio|idx:Min SD idx:Max SD
   50 ,   1251 : 2.4501447782985e+01 +(3e+01,2e+02) | 4.78e+00 |  5:5.4e-02  6:2.0e-01
   51 ,   1276 : 2.5391628718905e+01 +(3e+01,7e+02) | 5.01e+00 |  5:4.9e-02  6:1.8e-01
   52 ,   1301 : 2.5432463778373e+01 +(3e+01,4e+02) | 5.05e+00 |  5:4.5e-02  6:1.6e-01
   53 ,   1326 : 2.4891411205219e+01 +(1e+01,1e+02) | 4.97e+00 |  5:4.0e-02  6:1.4e-01
   54 ,   1351 : 2.5296791342604e+01 +(8e+00,1e+02) | 4.95e+00 |  9:3.6e-02  6:1.2e-01
   55 ,   1376 : 2.4826274715353e+01 +(7e+00,4e+01) | 5.07e+00 |  9:3.4e-02  6:1.2e-01
   56 ,   1401 : 2.5029262982689e+01 +(4e+00,7e+01) | 5.14e+00 |  9:3.2e-02  6:1.1e-01
   57 ,   1426 : 2.4873265392858e+01 +(8e+00,5e+01) | 5.30e+00 |  9:3.2e-02  6:1.1e-01
   58 ,   1451 : 2.4387773078419e+01 +(6e+00,6e+01) | 5.62e+00 |  9:3.2e-02  6:1.2e-01
   59 ,   1476 : 2.4660998121494e+01 +(6e+00,3e+01) | 5.74e+00 |  9:3.1e-02  6:1.1e-01
Iterat, #Fevals:   Function Value    (median,worst) |Axis Ratio|idx:Min SD idx:Max SD
   60 ,   1501 : 2.3525192268363e+01 +(4e+00,6e+01) | 6.20e+00 |  9:3.1e-02  6:1.2e-01
   61 ,   1526 : 2.4007818288796e+01 +(5e+00,4e+01) | 6.65e+00 |  9:3.2e-02  6:1.3e-01
   62 ,   1551 : 2.4005586945437e+01 +(8e+00,6e+01) | 6.80e+00 |  9:3.4e-02  6:1.4e-01
   63 ,   1576 : 2.2855965302661e+01 +(3e+00,6e+01) | 7.04e+00 |  9:4.3e-02  6:1.6e-01
   64 ,   1601 : 2.2469974811846e+01 +(9e+00,6e+01) | 7.11e+00 |  9:4.6e-02  6:1.7e-01
   65 ,   1626 : 2.2251122535123e+01 +(4e+00,8e+01) | 7.46e+00 |  9:4.5e-02  6:1.7e-01
   66 ,   1651 : 2.3752019719061e+01 +(1e+01,9e+01) | 7.98e+00 |  9:4.4e-02  6:1.7e-01
   67 ,   1676 : 2.2469246278268e+01 +(1e+01,6e+01) | 8.26e+00 |  9:4.6e-02  6:1.7e-01
   68 ,   1701 : 2.3565817636175e+01 +(2e+01,9e+01) | 8.53e+00 |  9:4.4e-02  6:1.6e-01
   69 ,   1726 : 2.3593438905954e+01 +(4e+00,7e+01) | 8.54e+00 |  9:4.3e-02  6:1.5e-01
Iterat, #Fevals:   Function Value    (median,worst) |Axis Ratio|idx:Min SD idx:Max SD
   70 ,   1751 : 2.3949796614066e+01 +(3e+00,2e+01) | 9.03e+00 |  9:4.2e-02  6:1.5e-01
   71 ,   1776 : 2.3288515297546e+01 +(4e+00,3e+01) | 9.25e+00 |  9:4.3e-02  6:1.5e-01
   72 ,   1801 : 2.2658535419904e+01 +(5e+00,4e+01) | 9.64e+00 |  9:4.3e-02  6:1.5e-01
   73 ,   1826 : 2.2655788195726e+01 +(3e+00,6e+01) | 9.85e+00 |  9:4.9e-02  6:1.7e-01
   74 ,   1851 : 2.2647496419118e+01 +(6e+00,8e+01) | 1.01e+01 |  9:5.3e-02  6:1.9e-01
   75 ,   1876 : 2.2457406441826e+01 +(8e+00,6e+01) | 1.04e+01 |  9:5.0e-02  6:1.8e-01
   76 ,   1901 : 2.1895878243493e+01 +(9e+00,4e+01) | 1.09e+01 |  9:4.9e-02  6:1.7e-01
   77 ,   1926 : 2.1756429891386e+01 +(3e+00,9e+01) | 1.19e+01 |  9:4.6e-02  6:1.7e-01
   78 ,   1951 : 2.1124264065148e+01 +(5e+00,4e+01) | 1.24e+01 |  9:3.9e-02  6:1.5e-01
   79 ,   1976 : 2.1093540842420e+01 +(4e+00,7e+01) | 1.25e+01 |  9:3.6e-02  6:1.3e-01
Iterat, #Fevals:   Function Value    (median,worst) |Axis Ratio|idx:Min SD idx:Max SD
   80 ,   2001 : 2.1084951833795e+01 +(3e+00,1e+01) | 1.26e+01 |  9:3.3e-02  6:1.2e-01
   81 ,   2026 : 2.0419465928619e+01 +(2e+00,1e+01) | 1.33e+01 |  9:3.5e-02  6:1.3e-01
   82 ,   2051 : 2.0864016675105e+01 +(3e+00,4e+01) | 1.30e+01 |  9:3.4e-02  6:1.2e-01
   83 ,   2076 : 2.0625915319090e+01 +(2e+00,2e+01) | 1.36e+01 |  9:3.3e-02  6:1.2e-01
   84 ,   2101 : 2.1180837608282e+01 +(3e+00,2e+01) | 1.41e+01 |  9:3.2e-02  6:1.1e-01
   85 ,   2126 : 2.1151336762349e+01 +(3e+00,4e+01) | 1.47e+01 |  9:2.7e-02  6:1.0e-01
   86 ,   2151 : 2.0796869618655e+01 +(1e+00,1e+01) | 1.64e+01 |  9:2.7e-02  6:1.0e-01
   87 ,   2176 : 2.0922536240443e+01 +(2e+00,2e+01) | 1.69e+01 |  9:2.5e-02  6:9.9e-02
   88 ,   2201 : 2.0536225827272e+01 +(1e+00,3e+01) | 1.71e+01 |  9:2.4e-02  6:9.3e-02
   89 ,   2226 : 2.0348555727330e+01 +(2e+00,2e+01) | 1.84e+01 |  9:2.2e-02  6:8.9e-02
Iterat, #Fevals:   Function Value    (median,worst) |Axis Ratio|idx:Min SD idx:Max SD
   90 ,   2251 : 2.0521322127110e+01 +(1e+00,1e+01) | 1.92e+01 |  9:2.3e-02  6:9.2e-02
   91 ,   2276 : 2.0512383514171e+01 +(2e+00,1e+01) | 1.97e+01 |  9:2.2e-02  6:9.2e-02
   92 ,   2301 : 2.0447179179169e+01 +(1e+00,9e+00) | 2.08e+01 |  9:2.0e-02  6:8.5e-02
   93 ,   2326 : 2.0297795381114e+01 +(7e-01,5e+00) | 2.21e+01 |  9:2.1e-02  6:9.2e-02
   94 ,   2351 : 2.0295774592383e+01 +(2e+00,2e+01) | 2.22e+01 |  9:2.2e-02  6:9.6e-02
   95 ,   2376 : 2.0253478876474e+01 +(1e+00,1e+01) | 2.17e+01 |  9:2.1e-02  6:9.3e-02
   96 ,   2401 : 1.9972407117949e+01 +(1e+00,3e+01) | 2.14e+01 |  9:2.4e-02  6:1.0e-01
   97 ,   2426 : 1.9966926179993e+01 +(2e+00,6e+01) | 2.11e+01 |  9:2.8e-02  6:1.2e-01
   98 ,   2451 : 1.9966069387318e+01 +(1e+00,5e+01) | 2.16e+01 |  9:2.6e-02  6:1.1e-01
   99 ,   2476 : 1.9939881817161e+01 +(4e+00,1e+01) | 2.20e+01 |  9:2.3e-02  6:9.9e-02
Iterat, #Fevals:   Function Value    (median,worst) |Axis Ratio|idx:Min SD idx:Max SD
  100 ,   2501 : 2.0056420590854e+01 +(1e+00,2e+01) | 2.18e+01 |  9:2.5e-02  6:1.1e-01
  101 ,   2526 : 2.0063502023269e+01 +(1e+00,5e+01) | 2.21e+01 |  9:2.7e-02  6:1.1e-01
  102 ,   2551 : 2.0370567643576e+01 +(2e+00,1e+01) | 2.17e+01 |  9:2.2e-02  6:9.2e-02
  103 ,   2576 : 1.9971857465401e+01 +(9e-01,4e+00) | 2.20e+01 |  9:2.0e-02  6:8.2e-02
  104 ,   2601 : 2.0079241132647e+01 +(1e+00,1e+01) | 2.25e+01 |  9:1.7e-02  6:7.4e-02
  105 ,   2626 : 1.9985811056316e+01 +(2e+00,7e+00) | 2.33e+01 |  9:1.5e-02  6:6.6e-02
  106 ,   2651 : 2.0033977631693e+01 +(6e-01,6e+00) | 2.40e+01 |  9:1.5e-02  6:6.7e-02
  107 ,   2676 : 1.9954041241781e+01 +(5e-01,2e+00) | 2.42e+01 |  9:1.4e-02  6:6.2e-02
  108 ,   2701 : 1.9961134583208e+01 +(4e-01,3e+00) | 2.42e+01 |  9:1.3e-02  6:5.4e-02
  109 ,   2726 : 1.9975492922218e+01 +(3e-01,2e+00) | 2.47e+01 |  9:1.1e-02  6:4.8e-02
Iterat, #Fevals:   Function Value    (median,worst) |Axis Ratio|idx:Min SD idx:Max SD
  110 ,   2751 : 1.9970693127811e+01 +(2e-01,1e+00) | 2.64e+01 |  9:1.2e-02  6:4.9e-02
  111 ,   2776 : 1.9937124252805e+01 +(2e-01,4e+00) | 2.90e+01 |  9:1.3e-02  6:5.7e-02
  112 ,   2801 : 1.9944980542872e+01 +(2e-01,2e+00) | 3.05e+01 |  9:1.2e-02  6:5.4e-02
  113 ,   2826 : 1.9969988839654e+01 +(2e-01,2e+00) | 3.27e+01 |  9:1.3e-02  6:6.0e-02
  114 ,   2851 : 1.9937889746786e+01 +(2e-01,1e+00) | 3.31e+01 |  9:1.2e-02  6:5.4e-02
  115 ,   2876 : 1.9935094999120e+01 +(3e-01,2e+00) | 3.32e+01 |  9:1.2e-02  6:5.4e-02
  116 ,   2901 : 1.9946119757888e+01 +(2e-01,3e+00) | 3.52e+01 |  9:1.1e-02  6:5.0e-02
  117 ,   2926 : 1.9977833851956e+01 +(3e-01,2e+00) | 3.51e+01 |  9:1.0e-02  6:4.8e-02
  118 ,   2951 : 1.9939756456612e+01 +(2e-01,2e+00) | 3.59e+01 |  9:9.7e-03  6:4.7e-02
  119 ,   2976 : 1.9918252669600e+01 +(2e-01,1e+00) | 3.57e+01 |  9:8.3e-03  6:4.0e-02
Iterat, #Fevals:   Function Value    (median,worst) |Axis Ratio|idx:Min SD idx:Max SD
  120 ,   3001 : 1.9921076292083e+01 +(1e-01,9e-01) | 3.67e+01 |  9:7.8e-03  6:3.9e-02
  121 ,   3026 : 1.9945714713214e+01 +(6e-02,1e+00) | 3.75e+01 |  9:7.4e-03  6:3.7e-02
  122 ,   3051 : 1.9898195376713e+01 +(1e-01,2e+00) | 3.83e+01 |  9:6.1e-03  6:3.2e-02
  123 ,   3076 : 1.9922505831237e+01 +(7e-02,6e-01) | 3.85e+01 |  9:5.7e-03  6:2.9e-02
  124 ,   3101 : 1.9913561314105e+01 +(7e-02,3e-01) | 3.95e+01 |  9:5.4e-03  6:2.7e-02
  125 ,   3126 : 1.9901544225644e+01 +(7e-02,4e-01) | 4.06e+01 |  9:5.3e-03  6:2.8e-02
  126 ,   3151 : 1.9917582568983e+01 +(5e-02,3e-01) | 4.08e+01 |  9:4.9e-03  6:2.5e-02
  127 ,   3176 : 1.9913708352634e+01 +(6e-02,6e-01) | 4.10e+01 |  9:5.1e-03  6:2.6e-02
  128 ,   3201 : 1.9921894381593e+01 +(9e-02,3e-01) | 4.39e+01 |  9:5.4e-03  6:3.0e-02
  129 ,   3226 : 1.9914792084734e+01 +(5e-02,4e-01) | 4.60e+01 |  9:5.4e-03  6:3.1e-02
Iterat, #Fevals:   Function Value    (median,worst) |Axis Ratio|idx:Min SD idx:Max SD
  130 ,   3251 : 1.9896274870951e+01 +(6e-02,2e-01) | 4.64e+01 |  9:4.7e-03  6:2.8e-02
  131 ,   3276 : 1.9913249672471e+01 +(6e-02,7e-01) | 4.96e+01 |  9:4.6e-03  6:2.8e-02
  132 ,   3301 : 1.9904438748744e+01 +(6e-02,5e-01) | 5.02e+01 |  9:4.1e-03  6:2.5e-02
  133 ,   3326 : 1.9906783727890e+01 +(5e-02,1e-01) | 5.21e+01 |  9:3.7e-03  6:2.3e-02
  134 ,   3351 : 1.9901433108650e+01 +(5e-02,2e-01) | 5.27e+01 |  9:3.3e-03  6:2.0e-02
  135 ,   3376 : 1.9907462102120e+01 +(3e-02,1e-01) | 5.43e+01 |  9:3.3e-03  6:2.1e-02
  136 ,   3401 : 1.9911328284198e+01 +(4e-02,2e-01) | 5.55e+01 |  9:3.1e-03  6:2.0e-02
  137 ,   3426 : 1.9913443158099e+01 +(3e-02,9e-02) | 5.72e+01 |  9:2.8e-03  6:1.8e-02
  138 ,   3451 : 1.9910396160102e+01 +(3e-02,7e-02) | 5.80e+01 |  9:2.7e-03  6:1.8e-02
  139 ,   3476 : 1.9895014276673e+01 +(4e-02,7e-02) | 5.88e+01 |  9:2.5e-03  6:1.6e-02
Iterat, #Fevals:   Function Value    (median,worst) |Axis Ratio|idx:Min SD idx:Max SD
  140 ,   3501 : 1.9895972859017e+01 +(3e-02,9e-02) | 5.94e+01 |  9:2.2e-03  6:1.4e-02
  141 ,   3526 : 1.9904378266411e+01 +(2e-02,7e-02) | 5.88e+01 |  9:2.0e-03  6:1.2e-02
  142 ,   3551 : 1.9900650361026e+01 +(3e-02,6e-02) | 6.17e+01 |  9:1.8e-03  6:1.2e-02
  143 ,   3576 : 1.9894320749589e+01 +(3e-02,6e-02) | 6.29e+01 |  9:1.9e-03  6:1.4e-02
  144 ,   3601 : 1.9905846976206e+01 +(3e-02,6e-02) | 6.26e+01 |  9:1.8e-03  6:1.3e-02
  145 ,   3626 : 1.9892816597568e+01 +(3e-02,9e-02) | 6.39e+01 |  9:1.6e-03  6:1.2e-02
  146 ,   3651 : 1.9894145460625e+01 +(4e-02,1e-01) | 6.46e+01 |  9:1.8e-03  6:1.3e-02
  147 ,   3676 : 1.9896046721533e+01 +(4e-02,7e-02) | 6.34e+01 |  9:1.9e-03  6:1.4e-02
  148 ,   3701 : 1.9886337285982e+01 +(4e-02,8e-02) | 6.37e+01 |  9:2.0e-03  6:1.4e-02
  149 ,   3726 : 1.9899331143518e+01 +(3e-02,8e-02) | 6.48e+01 |  9:1.8e-03  6:1.3e-02
Iterat, #Fevals:   Function Value    (median,worst) |Axis Ratio|idx:Min SD idx:Max SD
  150 ,   3751 : 1.9887431378880e+01 +(4e-02,8e-02) | 6.46e+01 |  9:1.8e-03  6:1.2e-02
  151 ,   3776 : 1.9893470027582e+01 +(4e-02,6e-02) | 6.45e+01 |  9:1.6e-03  6:1.1e-02
  152 ,   3801 : 1.9899286442020e+01 +(3e-02,7e-02) | 6.43e+01 |  9:1.6e-03  6:1.1e-02
  153 ,   3826 : 1.9893293963273e+01 +(4e-02,6e-02) | 6.57e+01 |  9:1.5e-03  6:1.0e-02
  154 ,   3851 : 1.9901297179000e+01 +(3e-02,6e-02) | 6.19e+01 |  9:1.6e-03  6:1.1e-02
  155 ,   3876 : 1.9897592054678e+01 +(3e-02,6e-02) | 6.17e+01 |  9:1.3e-03  6:9.3e-03
  156 ,   3901 : 1.9893745927538e+01 +(3e-02,7e-02) | 6.34e+01 |  9:1.4e-03  6:1.0e-02
  157 ,   3926 : 1.9892335768612e+01 +(4e-02,7e-02) | 6.41e+01 |  9:1.2e-03  6:8.6e-03
  158 ,   3951 : 1.9885284709667e+01 +(3e-02,6e-02) | 6.73e+01 |  9:1.0e-03  6:8.2e-03
  159 ,   3976 : 1.9887547035611e+01 +(4e-02,8e-02) | 6.92e+01 |  9:1.1e-03  6:8.6e-03
Iterat, #Fevals:   Function Value    (median,worst) |Axis Ratio|idx:Min SD idx:Max SD
  160 ,   4001 : 1.9897030785968e+01 +(3e-02,6e-02) | 6.78e+01 |  9:1.1e-03  6:8.5e-03
  161 ,   4026 : 1.9894505940398e+01 +(3e-02,6e-02) | 6.74e+01 |  9:1.2e-03  6:8.9e-03
  162 ,   4051 : 1.9904876916535e+01 +(2e-02,6e-02) | 6.81e+01 |  9:1.2e-03  6:9.1e-03
  163 ,   4076 : 1.9895922554650e+01 +(3e-02,7e-02) | 6.75e+01 |  9:1.1e-03  6:8.5e-03
  164 ,   4101 : 1.9895026605013e+01 +(3e-02,5e-02) | 7.02e+01 |  9:1.2e-03  6:9.4e-03
  165 ,   4126 : 1.9883630278832e+01 +(3e-02,7e-02) | 7.12e+01 |  9:1.2e-03  6:9.6e-03
  166 ,   4151 : 1.9898721494797e+01 +(2e-02,5e-02) | 7.34e+01 |  9:1.2e-03  6:9.4e-03
  167 ,   4176 : 1.9896390625929e+01 +(3e-02,7e-02) | 7.52e+01 |  9:1.2e-03  6:9.6e-03
  168 ,   4201 : 1.9886122750307e+01 +(4e-02,8e-02) | 7.74e+01 |  9:1.2e-03  6:9.0e-03
  169 ,   4226 : 1.9889179860456e+01 +(3e-02,7e-02) | 8.34e+01 |  9:1.4e-03  6:1.1e-02
Iterat, #Fevals:   Function Value    (median,worst) |Axis Ratio|idx:Min SD idx:Max SD
  170 ,   4251 : 1.9892885484770e+01 +(3e-02,6e-02) | 8.44e+01 |  9:1.4e-03  6:1.2e-02
  171 ,   4276 : 1.9899031093270e+01 +(2e-02,8e-02) | 8.51e+01 |  9:1.3e-03  6:1.1e-02
  172 ,   4301 : 1.9907000344607e+01 +(2e-02,4e-02) | 8.83e+01 |  9:1.2e-03  6:1.0e-02
  173 ,   4326 : 1.9892335858334e+01 +(2e-02,7e-02) | 8.94e+01 |  9:1.2e-03  6:1.0e-02
  174 ,   4351 : 1.9873988836445e+01 +(4e-02,8e-02) | 9.14e+01 |  9:1.4e-03  6:1.2e-02
  175 ,   4376 : 1.9886266925770e+01 +(3e-02,7e-02) | 9.15e+01 |  9:1.2e-03  6:1.0e-02
  176 ,   4401 : 1.9902049764538e+01 +(2e-02,5e-02) | 9.70e+01 |  9:1.4e-03  6:1.2e-02
  177 ,   4426 : 1.9890610564798e+01 +(3e-02,5e-02) | 1.05e+02 |  9:1.4e-03  3:1.2e-02
  178 ,   4451 : 1.9883985194875e+01 +(3e-02,6e-02) | 1.08e+02 |  9:1.3e-03  3:1.2e-02
  179 ,   4476 : 1.9892530917423e+01 +(3e-02,6e-02) | 1.07e+02 |  9:1.3e-03  3:1.2e-02
Iterat, #Fevals:   Function Value    (median,worst) |Axis Ratio|idx:Min SD idx:Max SD
  180 ,   4501 : 1.9884284979741e+01 +(4e-02,7e-02) | 1.06e+02 |  9:1.3e-03  6:1.2e-02
  181 ,   4526 : 1.9892405320256e+01 +(3e-02,6e-02) | 1.06e+02 |  9:1.2e-03  6:1.2e-02
  182 ,   4551 : 1.9891029310156e+01 +(3e-02,6e-02) | 1.05e+02 |  9:1.0e-03  6:1.0e-02
  183 ,   4576 : 1.9893300597608e+01 +(3e-02,6e-02) | 1.12e+02 |  9:9.3e-04  6:9.7e-03
  184 ,   4601 : 1.9888584194449e+01 +(3e-02,6e-02) | 1.12e+02 |  9:8.3e-04  6:8.8e-03
  185 ,   4626 : 1.9883486974224e+01 +(4e-02,8e-02) | 1.11e+02 |  9:9.1e-04  6:9.2e-03
  186 ,   4651 : 1.9876087027866e+01 +(4e-02,7e-02) | 1.13e+02 |  9:1.1e-03  6:1.1e-02
  187 ,   4676 : 1.9884116035469e+01 +(4e-02,7e-02) | 1.15e+02 |  9:1.0e-03  6:1.1e-02
  188 ,   4701 : 1.9891324269613e+01 +(3e-02,5e-02) | 1.22e+02 |  9:1.0e-03  3:1.1e-02
  189 ,   4726 : 1.9893846991685e+01 +(3e-02,7e-02) | 1.24e+02 |  9:9.8e-04  3:1.0e-02
Iterat, #Fevals:   Function Value    (median,worst) |Axis Ratio|idx:Min SD idx:Max SD
  190 ,   4751 : 1.9903265337728e+01 +(3e-02,6e-02) | 1.16e+02 |  9:1.0e-03  3:1.1e-02
  191 ,   4776 : 1.9886372197895e+01 +(4e-02,7e-02) | 1.19e+02 |  9:1.0e-03  3:1.2e-02
  192 ,   4801 : 1.9901578057137e+01 +(2e-02,4e-02) | 1.24e+02 |  9:1.1e-03  3:1.2e-02
  193 ,   4826 : 1.9883880382002e+01 +(4e-02,7e-02) | 1.26e+02 |  9:1.1e-03  3:1.2e-02
  194 ,   4851 : 1.9883991917223e+01 +(3e-02,7e-02) | 1.32e+02 |  9:9.4e-04  3:1.1e-02
  195 ,   4876 : 1.9869659488761e+01 +(4e-02,8e-02) | 1.39e+02 |  9:8.9e-04  3:1.1e-02
  196 ,   4901 : 1.9890981030858e+01 +(3e-02,7e-02) | 1.43e+02 |  9:7.3e-04  3:9.4e-03
  197 ,   4926 : 1.9879855944578e+01 +(4e-02,6e-02) | 1.41e+02 |  9:7.2e-04  3:9.4e-03
  198 ,   4951 : 1.9888931033419e+01 +(3e-02,7e-02) | 1.44e+02 |  9:6.7e-04  3:9.0e-03
  199 ,   4976 : 1.9888795431579e+01 +(3e-02,6e-02) | 1.44e+02 |  9:6.3e-04  3:8.6e-03
Iterat, #Fevals:   Function Value    (median,worst) |Axis Ratio|idx:Min SD idx:Max SD
  200 ,   5001 : 1.9869278229758e+01 +(5e-02,8e-02) | 1.50e+02 |  9:5.9e-04  3:8.4e-03
  201 ,   5026 : 1.9887433246248e+01 +(3e-02,5e-02) | 1.49e+02 |  9:5.9e-04  3:8.3e-03
  202 ,   5051 : 1.9888134591968e+01 +(2e-02,7e-02) | 1.52e+02 |  9:5.3e-04  3:7.9e-03
  203 ,   5076 : 1.9881380974201e+01 +(3e-02,7e-02) | 1.59e+02 |  9:5.3e-04  3:8.3e-03
  204 ,   5101 : 1.9891028712843e+01 +(3e-02,5e-02) | 1.65e+02 |  9:5.3e-04  3:8.6e-03
  205 ,   5126 : 1.9884134802392e+01 +(3e-02,6e-02) | 1.68e+02 |  9:5.8e-04  3:9.4e-03
  206 ,   5151 : 1.9890442286637e+01 +(2e-02,4e-02) | 1.72e+02 |  9:6.3e-04  3:1.0e-02
  207 ,   5176 : 1.9886178916834e+01 +(3e-02,7e-02) | 1.74e+02 |  9:6.3e-04  3:1.0e-02
  208 ,   5201 : 1.9899280430771e+01 +(2e-02,5e-02) | 1.78e+02 |  9:6.0e-04  3:9.7e-03
  209 ,   5226 : 1.9890168446262e+01 +(3e-02,7e-02) | 1.78e+02 |  9:5.5e-04  3:8.9e-03
Iterat, #Fevals:   Function Value    (median,worst) |Axis Ratio|idx:Min SD idx:Max SD
  210 ,   5251 : 1.9893257542814e+01 +(2e-02,5e-02) | 1.71e+02 |  9:5.9e-04  3:9.0e-03
  211 ,   5276 : 1.9881653774189e+01 +(4e-02,7e-02) | 1.70e+02 |  9:5.3e-04  3:8.6e-03
  212 ,   5301 : 1.9888987648526e+01 +(3e-02,5e-02) | 1.71e+02 |  9:5.2e-04  3:8.2e-03
  213 ,   5326 : 1.9880511656648e+01 +(3e-02,6e-02) | 1.75e+02 |  9:5.5e-04  3:8.7e-03
  214 ,   5351 : 1.9886837682904e+01 +(3e-02,8e-02) | 1.79e+02 |  9:5.0e-04  3:8.3e-03
  215 ,   5376 : 1.9888420822431e+01 +(4e-02,6e-02) | 1.87e+02 |  9:4.6e-04  3:8.0e-03
  216 ,   5401 : 1.9888915457406e+01 +(3e-02,6e-02) | 1.89e+02 |  9:3.9e-04  3:6.9e-03
  217 ,   5426 : 1.9893135762961e+01 +(2e-02,5e-02) | 1.85e+02 |  9:3.5e-04  3:6.0e-03
  218 ,   5451 : 1.9897736409498e+01 +(2e-02,5e-02) | 1.81e+02 |  9:3.5e-04  3:5.7e-03
  219 ,   5476 : 1.9881449615480e+01 +(3e-02,7e-02) | 1.79e+02 |  9:3.8e-04  3:6.0e-03
Iterat, #Fevals:   Function Value    (median,worst) |Axis Ratio|idx:Min SD idx:Max SD
  220 ,   5501 : 1.9877134729049e+01 +(4e-02,7e-02) | 1.80e+02 |  9:4.2e-04  3:6.3e-03
  221 ,   5526 : 1.9860088223898e+01 +(6e-02,8e-02) | 1.85e+02 |  9:4.1e-04  3:6.3e-03
  222 ,   5551 : 1.9884330720990e+01 +(4e-02,6e-02) | 1.98e+02 |  9:4.7e-04  3:7.5e-03
  223 ,   5576 : 1.9888267782620e+01 +(3e-02,7e-02) | 2.02e+02 |  9:6.1e-04  3:9.2e-03
  224 ,   5601 : 1.9887365394050e+01 +(3e-02,7e-02) | 2.09e+02 |  9:6.1e-04  3:9.0e-03
  225 ,   5626 : 1.9880686355778e+01 +(4e-02,6e-02) | 2.17e+02 |  9:5.5e-04  3:8.2e-03
  226 ,   5651 : 1.9883067305429e+01 +(3e-02,7e-02) | 2.23e+02 |  9:5.1e-04  3:7.5e-03
  227 ,   5676 : 1.9886601698352e+01 +(3e-02,7e-02) | 2.25e+02 |  9:4.9e-04  3:7.3e-03
  228 ,   5701 : 1.9891332753132e+01 +(2e-02,7e-02) | 2.28e+02 |  9:4.3e-04  3:6.6e-03
  229 ,   5726 : 1.9881103284587e+01 +(3e-02,8e-02) | 2.42e+02 |  9:3.9e-04  3:6.3e-03
Iterat, #Fevals:   Function Value    (median,worst) |Axis Ratio|idx:Min SD idx:Max SD
  230 ,   5751 : 1.9881338648198e+01 +(3e-02,7e-02) | 2.58e+02 |  9:3.8e-04  3:6.7e-03
  231 ,   5776 : 1.9881996001352e+01 +(3e-02,6e-02) | 2.62e+02 |  9:4.0e-04  3:7.2e-03
  232 ,   5801 : 1.9887795481338e+01 +(3e-02,7e-02) | 2.48e+02 |  9:3.9e-04  3:6.9e-03
  233 ,   5826 : 1.9893905274567e+01 +(2e-02,6e-02) | 2.64e+02 |  9:4.4e-04  3:7.7e-03
  234 ,   5851 : 1.9893205007949e+01 +(3e-02,5e-02) | 2.60e+02 |  9:4.2e-04  3:7.6e-03
  235 ,   5876 : 1.9884855038599e+01 +(3e-02,6e-02) | 2.59e+02 |  9:4.6e-04  3:8.2e-03
  236 ,   5901 : 1.9884773261317e+01 +(3e-02,7e-02) | 2.57e+02 |  9:5.0e-04  3:8.7e-03
  237 ,   5926 : 1.9878728299849e+01 +(4e-02,7e-02) | 2.56e+02 |  9:4.7e-04  3:8.0e-03
  238 ,   5951 : 1.9887586675009e+01 +(3e-02,7e-02) | 2.49e+02 |  9:4.8e-04  3:8.2e-03
  239 ,   5976 : 1.9885898784712e+01 +(2e-02,6e-02) | 2.49e+02 |  9:4.7e-04  3:8.0e-03
Iterat, #Fevals:   Function Value    (median,worst) |Axis Ratio|idx:Min SD idx:Max SD
  240 ,   6001 : 1.9887812562059e+01 +(3e-02,7e-02) | 2.50e+02 |  9:5.6e-04  3:8.8e-03
  241 ,   6026 : 1.9891549007818e+01 +(2e-02,5e-02) | 2.75e+02 |  9:5.8e-04  3:9.9e-03
  242 ,   6051 : 1.9886821651899e+01 +(2e-02,6e-02) | 2.75e+02 |  9:5.0e-04  3:8.7e-03
  243 ,   6076 : 1.9883815848903e+01 +(4e-02,6e-02) | 2.78e+02 |  9:4.9e-04  3:9.0e-03
  244 ,   6101 : 1.9884785237645e+01 +(4e-02,6e-02) | 2.92e+02 |  9:4.2e-04  3:7.9e-03
  245 ,   6126 : 1.9881102797839e+01 +(3e-02,7e-02) | 2.99e+02 |  9:3.5e-04  3:6.7e-03
  246 ,   6151 : 1.9885795948859e+01 +(3e-02,5e-02) | 2.96e+02 |  9:3.1e-04  3:6.1e-03
  247 ,   6176 : 1.9878346099319e+01 +(3e-02,6e-02) | 2.94e+02 |  9:2.9e-04  3:5.6e-03
  248 ,   6201 : 1.9872360071096e+01 +(5e-02,8e-02) | 2.96e+02 |  9:3.0e-04  3:5.5e-03
  249 ,   6226 : 1.9877243091250e+01 +(4e-02,7e-02) | 3.01e+02 |  9:2.7e-04  3:4.9e-03
Iterat, #Fevals:   Function Value    (median,worst) |Axis Ratio|idx:Min SD idx:Max SD
  250 ,   6251 : 1.9881689822220e+01 +(4e-02,7e-02) | 2.85e+02 |  9:3.3e-04  3:5.5e-03
  251 ,   6276 : 1.9880595831759e+01 +(3e-02,7e-02) | 2.84e+02 |  9:3.5e-04  3:5.5e-03
  252 ,   6301 : 1.9884788050106e+01 +(3e-02,7e-02) | 3.10e+02 |  9:3.5e-04  3:5.9e-03
  253 ,   6326 : 1.9889091640311e+01 +(3e-02,5e-02) | 3.36e+02 |  9:3.3e-04  3:6.0e-03
  254 ,   6351 : 1.9872003483217e+01 +(5e-02,7e-02) | 3.20e+02 |  9:3.3e-04  3:6.2e-03
  255 ,   6376 : 1.9882149095473e+01 +(4e-02,6e-02) | 3.46e+02 |  9:3.4e-04  3:6.4e-03
  256 ,   6401 : 1.9880372978115e+01 +(4e-02,6e-02) | 3.56e+02 |  9:3.3e-04  3:6.3e-03
  257 ,   6426 : 1.9882779207773e+01 +(4e-02,7e-02) | 3.32e+02 |  9:3.4e-04  3:6.5e-03
  258 ,   6451 : 1.9895058239832e+01 +(2e-02,5e-02) | 3.45e+02 |  9:3.5e-04  3:6.9e-03
  259 ,   6476 : 1.9884692832162e+01 +(3e-02,5e-02) | 3.40e+02 |  9:3.2e-04  3:5.9e-03
Iterat, #Fevals:   Function Value    (median,worst) |Axis Ratio|idx:Min SD idx:Max SD
  260 ,   6501 : 1.9882687670546e+01 +(2e-02,5e-02) | 3.29e+02 |  9:2.8e-04  3:5.2e-03
  261 ,   6526 : 1.9885421503610e+01 +(3e-02,5e-02) | 3.30e+02 |  9:2.7e-04  3:4.7e-03
  262 ,   6551 : 1.9887587153443e+01 +(2e-02,5e-02) | 3.28e+02 |  9:2.6e-04  3:4.7e-03
  263 ,   6576 : 1.9894100245988e+01 +(2e-02,5e-02) | 3.27e+02 |  9:2.5e-04  3:4.5e-03
  264 ,   6601 : 1.9875391010456e+01 +(4e-02,7e-02) | 3.44e+02 |  9:2.4e-04  3:4.6e-03
  265 ,   6626 : 1.9870508246134e+01 +(4e-02,8e-02) | 3.60e+02 |  9:2.6e-04  3:5.1e-03
  266 ,   6651 : 1.9879687569337e+01 +(3e-02,7e-02) | 3.69e+02 |  9:2.6e-04  3:4.8e-03
  267 ,   6676 : 1.9873784132209e+01 +(4e-02,7e-02) | 3.67e+02 |  9:2.9e-04  3:5.2e-03
  268 ,   6701 : 1.9873754862795e+01 +(4e-02,7e-02) | 3.65e+02 |  9:3.1e-04  3:5.3e-03
  269 ,   6726 : 1.9876552588000e+01 +(4e-02,6e-02) | 3.69e+02 |  9:3.0e-04  3:5.2e-03
Iterat, #Fevals:   Function Value    (median,worst) |Axis Ratio|idx:Min SD idx:Max SD
  270 ,   6751 : 1.9883834398663e+01 +(3e-02,6e-02) | 3.57e+02 |  9:2.8e-04  3:4.7e-03
  271 ,   6776 : 1.9880673850767e+01 +(3e-02,6e-02) | 3.62e+02 |  9:2.5e-04  3:4.2e-03
  272 ,   6801 : 1.9895741115773e+01 +(2e-02,5e-02) | 3.51e+02 |  9:2.3e-04  3:4.0e-03
  273 ,   6826 : 1.9890785275169e+01 +(2e-02,5e-02) | 3.53e+02 |  9:2.4e-04  3:4.4e-03
  274 ,   6851 : 1.9887921108609e+01 +(3e-02,5e-02) | 3.43e+02 |  9:2.5e-04  3:4.8e-03
  275 ,   6876 : 1.9880589899485e+01 +(4e-02,6e-02) | 3.47e+02 |  9:2.6e-04  3:5.4e-03
  276 ,   6901 : 1.9883940228645e+01 +(3e-02,6e-02) | 3.54e+02 |  9:2.6e-04  3:5.5e-03
  277 ,   6926 : 1.9881262631877e+01 +(3e-02,7e-02) | 3.52e+02 |  9:2.4e-04  3:4.9e-03
  278 ,   6951 : 1.9881749085291e+01 +(4e-02,7e-02) | 3.53e+02 |  9:2.5e-04  3:5.0e-03
  279 ,   6976 : 1.9889425829575e+01 +(3e-02,4e-02) | 3.62e+02 |  9:2.5e-04  3:5.1e-03
Iterat, #Fevals:   Function Value    (median,worst) |Axis Ratio|idx:Min SD idx:Max SD
  280 ,   7001 : 1.9880398021010e+01 +(4e-02,6e-02) | 3.84e+02 |  9:2.7e-04  3:5.5e-03
  281 ,   7026 : 1.9895455398309e+01 +(2e-02,5e-02) | 3.80e+02 |  9:2.3e-04  3:4.8e-03
  282 ,   7051 : 1.9890833543312e+01 +(3e-02,5e-02) | 3.94e+02 |  9:2.1e-04  3:4.4e-03
  283 ,   7076 : 1.9886133502529e+01 +(4e-02,5e-02) | 4.00e+02 |  9:1.8e-04  3:4.2e-03
  284 ,   7101 : 1.9886331339783e+01 +(3e-02,6e-02) | 3.90e+02 |  9:1.8e-04  3:4.0e-03
  285 ,   7126 : 1.9888721314082e+01 +(3e-02,5e-02) | 3.84e+02 |  9:1.7e-04  3:3.6e-03
  286 ,   7151 : 1.9884506116572e+01 +(3e-02,6e-02) | 3.74e+02 |  9:1.8e-04  3:3.8e-03
  287 ,   7176 : 1.9885842753510e+01 +(3e-02,6e-02) | 3.90e+02 |  9:1.8e-04  3:4.0e-03
  288 ,   7201 : 1.9902470302559e+01 +(2e-02,5e-02) | 3.79e+02 |  9:1.9e-04  3:4.4e-03
  289 ,   7226 : 1.9892970180479e+01 +(2e-02,5e-02) | 3.89e+02 |  9:2.0e-04  3:4.7e-03
Iterat, #Fevals:   Function Value    (median,worst) |Axis Ratio|idx:Min SD idx:Max SD
  290 ,   7251 : 1.9885146130828e+01 +(3e-02,4e-02) | 4.14e+02 |  9:2.2e-04  3:5.1e-03
  291 ,   7276 : 1.9892439767121e+01 +(2e-02,4e-02) | 4.23e+02 |  9:2.1e-04  3:5.0e-03
  292 ,   7301 : 1.9889838858646e+01 +(2e-02,6e-02) | 4.24e+02 |  9:1.9e-04  3:4.6e-03
  293 ,   7326 : 1.9881538137684e+01 +(3e-02,6e-02) | 4.39e+02 |  9:1.9e-04  3:4.6e-03
  294 ,   7351 : 1.9885632516557e+01 +(3e-02,6e-02) | 4.62e+02 |  9:1.7e-04  3:4.6e-03
  295 ,   7376 : 1.9895846604658e+01 +(2e-02,5e-02) | 4.59e+02 |  9:1.5e-04  3:4.2e-03
  296 ,   7401 : 1.9880345688331e+01 +(4e-02,7e-02) | 4.58e+02 |  9:1.4e-04  3:3.8e-03
  297 ,   7426 : 1.9881797392019e+01 +(2e-02,5e-02) | 4.52e+02 |  9:1.3e-04  3:3.5e-03
  298 ,   7451 : 1.9878581719778e+01 +(4e-02,6e-02) | 4.61e+02 |  9:1.3e-04  3:3.4e-03
  299 ,   7476 : 1.9872995100397e+01 +(4e-02,6e-02) | 4.65e+02 |  9:1.2e-04  3:3.3e-03
Iterat, #Fevals:   Function Value    (median,worst) |Axis Ratio|idx:Min SD idx:Max SD
  300 ,   7501 : 1.9884756101802e+01 +(3e-02,6e-02) | 4.61e+02 |  9:1.1e-04  3:3.0e-03
  301 ,   7526 : 1.9881445181606e+01 +(3e-02,6e-02) | 4.48e+02 |  9:1.1e-04  3:2.9e-03
  302 ,   7551 : 1.9886002250668e+01 +(3e-02,5e-02) | 5.21e+02 |  9:1.1e-04  3:3.3e-03
  303 ,   7576 : 1.9878262427416e+01 +(4e-02,6e-02) | 5.29e+02 |  9:1.2e-04  3:3.5e-03
  304 ,   7601 : 1.9882459182496e+01 +(3e-02,5e-02) | 5.36e+02 |  9:1.1e-04  3:3.2e-03
  305 ,   7626 : 1.9884370147312e+01 +(3e-02,5e-02) | 4.93e+02 |  9:1.2e-04  3:3.4e-03
  306 ,   7651 : 1.9877191537281e+01 +(3e-02,6e-02) | 4.71e+02 |  9:1.3e-04  3:3.7e-03
  307 ,   7676 : 1.9890635573125e+01 +(2e-02,5e-02) | 4.76e+02 |  9:1.4e-04  3:3.7e-03
  308 ,   7701 : 1.9878706946555e+01 +(3e-02,7e-02) | 4.75e+02 |  9:1.2e-04  3:3.3e-03
  309 ,   7726 : 1.9880157687591e+01 +(3e-02,6e-02) | 4.59e+02 |  9:1.2e-04  3:3.2e-03
Iterat, #Fevals:   Function Value    (median,worst) |Axis Ratio|idx:Min SD idx:Max SD
  310 ,   7751 : 1.9890361726588e+01 +(2e-02,5e-02) | 4.61e+02 |  9:1.2e-04  3:3.3e-03
  311 ,   7776 : 1.9890779920950e+01 +(2e-02,5e-02) | 4.83e+02 |  9:1.1e-04  3:3.0e-03
  312 ,   7801 : 1.9891320193339e+01 +(2e-02,5e-02) | 4.85e+02 |  9:1.1e-04  3:3.2e-03
  313 ,   7826 : 1.9885975499499e+01 +(3e-02,7e-02) | 4.83e+02 |  9:1.4e-04  3:4.3e-03
  314 ,   7851 : 1.9898800410931e+01 +(2e-02,4e-02) | 5.02e+02 |  9:1.6e-04  3:5.0e-03
  315 ,   7876 : 1.9875501343530e+01 +(4e-02,6e-02) | 5.18e+02 |  9:1.5e-04  3:5.0e-03
  316 ,   7901 : 1.9885321151158e+01 +(3e-02,6e-02) | 5.27e+02 |  9:1.5e-04  3:4.9e-03
  317 ,   7926 : 1.9883756555694e+01 +(3e-02,6e-02) | 5.23e+02 |  9:1.3e-04  3:4.4e-03
  318 ,   7951 : 1.9879515074080e+01 +(3e-02,5e-02) | 5.28e+02 |  9:1.2e-04  3:3.9e-03
  319 ,   7976 : 1.9887896082546e+01 +(2e-02,4e-02) | 5.37e+02 |  9:1.2e-04  3:4.1e-03
Iterat, #Fevals:   Function Value    (median,worst) |Axis Ratio|idx:Min SD idx:Max SD
  320 ,   8001 : 1.9880493043565e+01 +(3e-02,6e-02) | 5.42e+02 |  9:1.0e-04  3:3.6e-03
  321 ,   8026 : 1.9880338571699e+01 +(3e-02,6e-02) | 5.79e+02 |  9:1.0e-04  3:3.7e-03
  322 ,   8051 : 1.9882700340983e+01 +(3e-02,5e-02) | 6.10e+02 |  9:9.0e-05  3:3.5e-03
  323 ,   8076 : 1.9897168610421e+01 +(2e-02,5e-02) | 5.97e+02 |  9:8.5e-05  3:3.3e-03
  324 ,   8101 : 1.9881822335535e+01 +(3e-02,6e-02) | 6.02e+02 |  9:9.0e-05  3:3.4e-03
  325 ,   8126 : 1.9892933213821e+01 +(2e-02,4e-02) | 6.17e+02 |  9:1.0e-04  3:3.8e-03
  326 ,   8151 : 1.9889865670067e+01 +(2e-02,5e-02) | 6.25e+02 |  9:1.0e-04  3:3.9e-03
  327 ,   8176 : 1.9888360629411e+01 +(2e-02,5e-02) | 6.35e+02 |  9:1.1e-04  3:4.2e-03
  328 ,   8201 : 1.9877831534128e+01 +(4e-02,7e-02) | 6.14e+02 |  9:1.0e-04  3:4.0e-03
  329 ,   8226 : 1.9886204823946e+01 +(2e-02,6e-02) | 6.04e+02 |  9:9.7e-05  3:3.8e-03
Iterat, #Fevals:   Function Value    (median,worst) |Axis Ratio|idx:Min SD idx:Max SD
  330 ,   8251 : 1.9875907518071e+01 +(4e-02,7e-02) | 6.09e+02 |  9:9.1e-05  3:3.7e-03
  331 ,   8276 : 1.9882219406495e+01 +(3e-02,6e-02) | 5.97e+02 |  9:8.7e-05  3:3.4e-03
  332 ,   8301 : 1.9883784517108e+01 +(3e-02,5e-02) | 5.83e+02 |  9:6.9e-05  3:2.7e-03
  333 ,   8326 : 1.9885488866119e+01 +(2e-02,6e-02) | 5.73e+02 |  9:6.7e-05  3:2.6e-03
  334 ,   8351 : 1.9887308935799e+01 +(2e-02,5e-02) | 5.86e+02 |  9:7.0e-05  3:2.8e-03
  335 ,   8376 : 1.9883001921370e+01 +(3e-02,6e-02) | 5.75e+02 |  9:8.7e-05  3:3.4e-03
  336 ,   8401 : 1.9878820036362e+01 +(3e-02,7e-02) | 5.97e+02 |  9:1.0e-04  3:4.4e-03
  337 ,   8426 : 1.9885174224883e+01 +(3e-02,6e-02) | 5.88e+02 |  9:1.1e-04  3:4.4e-03
  338 ,   8451 : 1.9877004332044e+01 +(3e-02,8e-02) | 5.97e+02 |  9:1.3e-04  3:4.9e-03
  339 ,   8476 : 1.9894817827999e+01 +(2e-02,4e-02) | 6.70e+02 |  9:1.3e-04  3:5.4e-03
Iterat, #Fevals:   Function Value    (median,worst) |Axis Ratio|idx:Min SD idx:Max SD
  340 ,   8501 : 1.9883617873092e+01 +(3e-02,6e-02) | 6.62e+02 |  9:1.3e-04  3:5.0e-03
  341 ,   8526 : 1.9881900058213e+01 +(2e-02,5e-02) | 6.44e+02 |  9:1.2e-04  3:4.7e-03
  342 ,   8551 : 1.9894021479564e+01 +(2e-02,4e-02) | 6.38e+02 |  9:1.2e-04  3:4.7e-03
  343 ,   8576 : 1.9875449105761e+01 +(4e-02,8e-02) | 6.57e+02 |  9:1.2e-04  3:4.8e-03
  344 ,   8601 : 1.9888941610304e+01 +(2e-02,6e-02) | 7.04e+02 |  9:1.5e-04  3:6.0e-03
  345 ,   8626 : 1.9886717185245e+01 +(3e-02,7e-02) | 7.78e+02 |  9:1.5e-04  3:6.3e-03
  346 ,   8651 : 1.9895917632670e+01 +(2e-02,5e-02) | 8.02e+02 |  9:1.7e-04  3:7.0e-03
  347 ,   8676 : 1.9887355546391e+01 +(2e-02,5e-02) | 7.90e+02 |  9:1.6e-04  3:6.3e-03
  348 ,   8701 : 1.9891211622027e+01 +(2e-02,6e-02) | 7.62e+02 |  9:1.6e-04  3:6.6e-03
  349 ,   8726 : 1.9890139066017e+01 +(2e-02,6e-02) | 7.67e+02 |  9:2.0e-04  3:7.8e-03
Iterat, #Fevals:   Function Value    (median,worst) |Axis Ratio|idx:Min SD idx:Max SD
  350 ,   8751 : 1.9879637607065e+01 +(3e-02,8e-02) | 7.37e+02 |  9:2.1e-04  3:7.8e-03
  351 ,   8776 : 1.9892614097886e+01 +(3e-02,4e-02) | 7.66e+02 |  9:2.2e-04  3:8.2e-03
  352 ,   8801 : 1.9878077449781e+01 +(4e-02,6e-02) | 7.67e+02 |  9:2.5e-04  3:8.9e-03
  353 ,   8826 : 1.9879382483511e+01 +(3e-02,6e-02) | 7.55e+02 |  9:2.1e-04  3:7.9e-03
  354 ,   8851 : 1.9889629030224e+01 +(3e-02,5e-02) | 7.93e+02 |  9:2.2e-04  3:8.4e-03
  355 ,   8876 : 1.9889559555313e+01 +(2e-02,5e-02) | 7.50e+02 |  9:2.6e-04  3:9.6e-03
  356 ,   8901 : 1.9885143620413e+01 +(3e-02,6e-02) | 7.76e+02 |  9:2.8e-04  3:1.0e-02
  357 ,   8926 : 1.9888892095451e+01 +(3e-02,6e-02) | 7.78e+02 |  9:2.7e-04  3:9.7e-03
  358 ,   8951 : 1.9891579933001e+01 +(2e-02,6e-02) | 7.71e+02 |  9:2.6e-04  3:9.2e-03
  359 ,   8976 : 1.9893760294815e+01 +(2e-02,5e-02) | 8.02e+02 |  9:2.9e-04  3:1.0e-02
Iterat, #Fevals:   Function Value    (median,worst) |Axis Ratio|idx:Min SD idx:Max SD
  360 ,   9001 : 1.9888156493819e+01 +(3e-02,5e-02) | 8.39e+02 |  9:2.8e-04  3:1.0e-02
  361 ,   9026 : 1.9880122692838e+01 +(3e-02,7e-02) | 8.27e+02 |  9:2.5e-04  3:9.6e-03
  362 ,   9051 : 1.9890725291978e+01 +(2e-02,6e-02) | 8.52e+02 |  9:2.5e-04  3:9.1e-03
  363 ,   9076 : 1.9892601108815e+01 +(3e-02,5e-02) | 8.77e+02 |  9:2.2e-04  3:8.4e-03
  364 ,   9101 : 1.9887008035211e+01 +(3e-02,5e-02) | 9.06e+02 |  9:1.9e-04  3:7.7e-03
  365 ,   9126 : 1.9887103917548e+01 +(2e-02,6e-02) | 9.04e+02 |  9:1.5e-04  3:6.1e-03
  366 ,   9151 : 1.9882198439622e+01 +(3e-02,7e-02) | 9.05e+02 |  9:1.6e-04  3:5.9e-03
  367 ,   9176 : 1.9891724364592e+01 +(3e-02,6e-02) | 9.16e+02 |  9:1.8e-04  3:6.8e-03
  368 ,   9201 : 1.9881392307122e+01 +(4e-02,6e-02) | 8.72e+02 |  9:1.8e-04  3:6.8e-03
  369 ,   9226 : 1.9873259726567e+01 +(4e-02,8e-02) | 8.55e+02 |  9:1.8e-04  3:6.7e-03
Iterat, #Fevals:   Function Value    (median,worst) |Axis Ratio|idx:Min SD idx:Max SD
  370 ,   9251 : 1.9888202716082e+01 +(2e-02,5e-02) | 8.61e+02 |  9:1.7e-04  3:6.8e-03
  371 ,   9276 : 1.9894949166153e+01 +(2e-02,6e-02) | 8.64e+02 |  9:1.9e-04  3:7.2e-03
  372 ,   9301 : 1.9896088375606e+01 +(2e-02,5e-02) | 8.62e+02 |  9:1.8e-04  3:6.8e-03
  373 ,   9326 : 1.9893450179624e+01 +(3e-02,6e-02) | 9.23e+02 |  9:1.6e-04  3:6.5e-03
  374 ,   9351 : 1.9891466514301e+01 +(2e-02,5e-02) | 9.80e+02 |  9:1.7e-04  3:6.9e-03
  375 ,   9376 : 1.9883298999643e+01 +(3e-02,7e-02) | 9.62e+02 |  9:1.8e-04  3:7.5e-03
  376 ,   9401 : 1.9889629961788e+01 +(3e-02,6e-02) | 9.32e+02 |  9:1.6e-04  3:6.7e-03
  377 ,   9426 : 1.9883079818135e+01 +(3e-02,6e-02) | 9.09e+02 |  9:1.6e-04  3:6.6e-03
  378 ,   9451 : 1.9883626806373e+01 +(3e-02,6e-02) | 9.17e+02 |  9:1.6e-04  3:6.5e-03
  379 ,   9476 : 1.9886253215313e+01 +(3e-02,7e-02) | 9.16e+02 |  9:1.6e-04  3:6.5e-03
Iterat, #Fevals:   Function Value    (median,worst) |Axis Ratio|idx:Min SD idx:Max SD
  380 ,   9501 : 1.9885196373866e+01 +(2e-02,6e-02) | 9.49e+02 |  9:1.7e-04  3:6.9e-03
  381 ,   9526 : 1.9892943249502e+01 +(3e-02,5e-02) | 9.36e+02 |  9:1.9e-04  3:7.5e-03
  382 ,   9551 : 1.9881171864250e+01 +(3e-02,6e-02) | 9.33e+02 |  9:2.2e-04  3:8.7e-03
  383 ,   9576 : 1.9889267099608e+01 +(2e-02,5e-02) | 1.02e+03 |  9:2.0e-04  3:8.7e-03
  384 ,   9601 : 1.9876540949363e+01 +(3e-02,7e-02) | 1.01e+03 |  9:2.0e-04  3:8.3e-03
  385 ,   9626 : 1.9888890205222e+01 +(3e-02,6e-02) | 1.09e+03 |  9:1.9e-04  3:8.5e-03
  386 ,   9651 : 1.9888943659331e+01 +(2e-02,6e-02) | 1.12e+03 |  9:2.3e-04  3:9.6e-03
  387 ,   9676 : 1.9892882216890e+01 +(3e-02,5e-02) | 1.12e+03 |  9:2.3e-04  3:9.5e-03
  388 ,   9701 : 1.9887676627599e+01 +(3e-02,6e-02) | 1.13e+03 |  9:2.3e-04  3:9.6e-03
  389 ,   9726 : 1.9882471268146e+01 +(4e-02,6e-02) | 1.18e+03 |  9:2.4e-04  3:9.8e-03
Iterat, #Fevals:   Function Value    (median,worst) |Axis Ratio|idx:Min SD idx:Max SD
  390 ,   9751 : 1.9878056783398e+01 +(4e-02,7e-02) | 1.24e+03 |  9:2.9e-04  3:1.2e-02
  391 ,   9776 : 1.9881938052851e+01 +(3e-02,5e-02) | 1.23e+03 |  9:2.8e-04  3:1.2e-02
  392 ,   9801 : 1.9891002624259e+01 +(3e-02,7e-02) | 1.20e+03 |  9:3.0e-04  3:1.2e-02
  393 ,   9826 : 1.9894792118863e+01 +(2e-02,6e-02) | 1.22e+03 |  9:2.9e-04  3:1.1e-02
  394 ,   9851 : 1.9880815931198e+01 +(3e-02,7e-02) | 1.21e+03 |  9:2.6e-04  3:1.0e-02
  395 ,   9876 : 1.9871299374649e+01 +(5e-02,8e-02) | 1.24e+03 |  9:2.4e-04  3:9.4e-03
  396 ,   9901 : 1.9892677627030e+01 +(3e-02,5e-02) | 1.25e+03 |  9:2.5e-04  3:9.7e-03
  397 ,   9926 : 1.9891749120690e+01 +(3e-02,6e-02) | 1.27e+03 |  9:2.4e-04  3:9.4e-03
  398 ,   9951 : 1.9886556267088e+01 +(3e-02,6e-02) | 1.28e+03 |  9:2.3e-04  3:9.0e-03
  399 ,   9976 : 1.9884954624345e+01 +(4e-02,6e-02) | 1.33e+03 |  9:2.3e-04  3:9.3e-03
Iterat, #Fevals:   Function Value    (median,worst) |Axis Ratio|idx:Min SD idx:Max SD
  400 ,  10001 : 1.9881118860480e+01 +(3e-02,8e-02) | 1.35e+03 |  9:2.1e-04  3:8.9e-03
  401 ,  10026 : 1.9882619728503e+01 +(4e-02,7e-02) | 1.39e+03 |  9:2.2e-04  3:9.2e-03
  402 ,  10051 : 1.9873098427891e+01 +(4e-02,8e-02) | 1.51e+03 |  9:2.1e-04  3:9.3e-03
  403 ,  10076 : 1.9884452416669e+01 +(3e-02,6e-02) | 1.48e+03 |  9:2.3e-04  3:1.0e-02
  404 ,  10101 : 1.9897847448646e+01 +(2e-02,5e-02) | 1.48e+03 |  9:2.2e-04  3:1.0e-02
  405 ,  10126 : 1.9890139162768e+01 +(3e-02,7e-02) | 1.52e+03 |  9:2.7e-04  3:1.2e-02
  406 ,  10151 : 1.9881239028354e+01 +(4e-02,7e-02) | 1.50e+03 |  9:3.0e-04  3:1.3e-02
  407 ,  10176 : 1.9884814200980e+01 +(3e-02,6e-02) | 1.47e+03 |  9:2.8e-04  3:1.2e-02
  408 ,  10201 : 1.9875699622146e+01 +(4e-02,7e-02) | 1.43e+03 |  9:2.8e-04  3:1.2e-02
  409 ,  10226 : 1.9896141958644e+01 +(2e-02,5e-02) | 1.46e+03 |  9:2.6e-04  3:1.1e-02
Iterat, #Fevals:   Function Value    (median,worst) |Axis Ratio|idx:Min SD idx:Max SD
  410 ,  10251 : 1.9877991462794e+01 +(4e-02,7e-02) | 1.42e+03 |  9:2.6e-04  3:1.1e-02
  411 ,  10276 : 1.9877537412914e+01 +(3e-02,8e-02) | 1.46e+03 |  9:2.6e-04  3:1.2e-02
  412 ,  10301 : 1.9894636096453e+01 +(2e-02,5e-02) | 1.46e+03 |  9:2.8e-04  3:1.3e-02
#Fevals:   f(returned x)   |    bestever.f     | stopflag (saved to variablescmaes14_7_3.mat)
  10302: 1.98946360965e+01 | 1.98600882239e+01 | stagnation
mean solution: +4.2e-01 +6.8e-01 +1.2e+00 +4.9e-01 +6.3e-01 +2.7e+00 +1.4e-01 +2.9e-01 +1.4e+00
std deviation:  1.7e-03  3.0e-03  1.3e-02  2.1e-03  1.5e-03  6.3e-03  1.1e-03  3.1e-03  2.8e-04
use plotcmaesdat.m for plotting the output at any time (option LogModulo must not be zero)
