
                            < M A T L A B (R) >
                  Copyright 1984-2015 The MathWorks, Inc.
                   R2015a (8.5.0.197613) 64-bit (glnxa64)
                             February 12, 2015

 
For online documentation, see http://www.mathworks.com/support
For product information, visit www.mathworks.com.
 

	Academic License


seed =

                173.443366


Initialtheta =

          9325.83862950785
          7092150.62395609
          52224841.8054442
           5827.7423801331
          6064.43184260805
          766.423998051504
        0.0214181852500819
          6.72832021070925
          354.920926131215

  n=9: (12,25)-CMA-ES(w=[24 17 14... 1.5 0.74]%, ]%, mu_eff=7.3) on function Error
Iterat, #Fevals:   Function Value    (median,worst) |Axis Ratio|idx:Min SD idx:Max SD
    1 ,     26 : 1.2262077010199e+02 +(2e+07,8e+16) | 8.67e+00 |  6:4.0e-01  1:3.5e+00
    2 ,     51 : 1.1859349831676e+02 +(5e+00,5e+10) | 8.51e+00 |  6:3.9e-01  1:3.3e+00
[Warning: Failure at t=4.884299e+02.  Unable to meet integration tolerances
without reducing the step size below the smallest value allowed (9.094947e-13)
at time t.] 
[> In ode15s (line 730)
  In Error (line 30)
  In cmaes (line 957)
  In ParameterFit (line 32)
  In ParameterFittingScript (line 27)] 
    3 ,     76 : 1.2354008008499e+02 +(1e-01,Inf) | 8.41e+00 |  6:3.9e-01  1:3.3e+00
    4 ,    101 : 1.2357223140369e+02 +(1e-01,2e+08) | 8.34e+00 |  6:3.9e-01  1:3.2e+00
    5 ,    126 : 1.2291753003138e+02 +(8e-01,2e+09) | 8.31e+00 |  6:4.2e-01  1:3.4e+00
    6 ,    151 : 1.2130601787131e+02 +(2e+00,5e+08) | 8.17e+00 |  6:4.0e-01  1:3.2e+00
    7 ,    176 : 1.2132347991108e+02 +(2e+00,1e+17) | 8.07e+00 |  6:3.9e-01  1:3.0e+00
    8 ,    201 : 1.2357990787203e+02 +(1e-01,1e+10) | 8.40e+00 |  6:3.2e-01  1:2.6e+00
    9 ,    226 : 1.2359804592266e+02 +(6e+05,1e+08) | 8.08e+00 |  6:2.9e-01  1:2.3e+00
Iterat, #Fevals:   Function Value    (median,worst) |Axis Ratio|idx:Min SD idx:Max SD
   10 ,    251 : 1.2351680285658e+02 +(7e+04,2e+09) | 8.04e+00 |  6:3.1e-01  1:2.4e+00
   11 ,    276 : 1.2346958272022e+02 +(3e+05,2e+08) | 8.30e+00 |  6:2.9e-01  1:2.2e+00
   12 ,    301 : 1.2351004622957e+02 +(7e+05,5e+07) | 8.28e+00 |  6:2.8e-01  1:2.1e+00
   13 ,    326 : 1.2367863670969e+02 +(9e+05,8e+09) | 8.31e+00 |  6:2.6e-01  1:1.9e+00
   14 ,    351 : 1.2362200212918e+02 +(1e+05,2e+07) | 8.77e+00 |  6:2.5e-01  1:2.0e+00
   15 ,    376 : 6.5581264667273e+01 +(3e+05,2e+07) | 9.26e+00 |  6:2.4e-01  1:2.0e+00
   16 ,    401 : 7.8337018942150e+01 +(1e+04,2e+07) | 9.43e+00 |  6:2.3e-01  1:1.9e+00
   17 ,    426 : 1.1418096596882e+02 +(5e+04,9e+06) | 9.28e+00 |  6:2.1e-01  1:1.7e+00
   18 ,    451 : 4.7221045804730e+01 +(1e+05,6e+06) | 9.68e+00 |  6:2.2e-01  1:1.9e+00
   19 ,    476 : 2.7907443980050e+01 +(4e+02,2e+07) | 9.83e+00 |  6:2.1e-01  1:1.8e+00
Iterat, #Fevals:   Function Value    (median,worst) |Axis Ratio|idx:Min SD idx:Max SD
   20 ,    501 : 1.1352517851346e+02 +(2e+04,3e+06) | 1.01e+01 |  6:1.8e-01  1:1.6e+00
   21 ,    526 : 3.7229961112615e+01 +(1e+05,3e+06) | 9.82e+00 |  6:1.9e-01  1:1.6e+00
   22 ,    551 : 1.2182747046561e+02 +(9e+04,6e+06) | 9.88e+00 |  6:2.0e-01  1:1.6e+00
   23 ,    576 : 2.9771154446174e+01 +(9e+01,1e+06) | 9.89e+00 |  6:1.9e-01  1:1.5e+00
   24 ,    601 : 5.9272809663165e+01 +(6e+01,8e+04) | 1.01e+01 |  6:1.7e-01  1:1.4e+00
   25 ,    626 : 3.0991882425210e+01 +(9e+01,2e+05) | 1.01e+01 |  6:1.7e-01  1:1.3e+00
   26 ,    651 : 2.4379147517343e+01 +(1e+02,1e+05) | 9.78e+00 |  6:1.6e-01  1:1.2e+00
   27 ,    676 : 2.6009555345209e+01 +(1e+02,1e+05) | 9.58e+00 |  6:1.5e-01  1:1.1e+00
   28 ,    701 : 2.7519602800163e+01 +(4e+02,9e+04) | 9.80e+00 |  6:1.5e-01  1:1.1e+00
   29 ,    726 : 2.9858002937305e+01 +(9e+01,1e+04) | 9.63e+00 |  6:1.3e-01  1:9.9e-01
Iterat, #Fevals:   Function Value    (median,worst) |Axis Ratio|idx:Min SD idx:Max SD
   30 ,    751 : 4.0116408131349e+01 +(8e+01,6e+03) | 9.53e+00 |  6:1.2e-01  1:9.0e-01
   31 ,    776 : 7.5570576133261e+01 +(5e+01,4e+03) | 9.79e+00 |  6:1.1e-01  1:8.0e-01
   32 ,    801 : 3.0090692549369e+01 +(9e+01,1e+03) | 1.01e+01 |  6:1.1e-01  1:7.8e-01
   33 ,    826 : 3.3369824156609e+01 +(9e+01,7e+03) | 1.01e+01 |  6:1.1e-01  1:8.0e-01
   34 ,    851 : 2.6154308674400e+01 +(1e+02,2e+03) | 1.02e+01 |  6:1.1e-01  1:7.7e-01
   35 ,    876 : 5.0290350750503e+01 +(7e+01,6e+03) | 9.84e+00 |  5:1.1e-01  1:7.3e-01
   36 ,    901 : 2.7500619126725e+01 +(9e+01,6e+03) | 9.56e+00 |  5:1.0e-01  1:6.8e-01
   37 ,    926 : 2.4476739967237e+01 +(8e+01,1e+03) | 9.75e+00 |  5:1.1e-01  1:6.8e-01
   38 ,    951 : 2.7365945700324e+01 +(9e+01,1e+04) | 9.58e+00 |  5:9.9e-02  1:6.4e-01
   39 ,    976 : 2.4540856848801e+01 +(9e+01,4e+03) | 9.42e+00 |  5:8.5e-02  1:5.3e-01
Iterat, #Fevals:   Function Value    (median,worst) |Axis Ratio|idx:Min SD idx:Max SD
   40 ,   1001 : 2.5789820159329e+01 +(6e+01,2e+03) | 8.97e+00 |  5:8.7e-02  1:5.6e-01
   41 ,   1026 : 2.5976333556740e+01 +(6e+01,2e+03) | 9.14e+00 |  5:8.5e-02  1:5.5e-01
   42 ,   1051 : 2.6068450677457e+01 +(5e+01,2e+03) | 9.45e+00 |  5:8.6e-02  1:5.5e-01
   43 ,   1076 : 2.6135360124427e+01 +(3e+01,1e+02) | 1.01e+01 |  5:8.9e-02  1:5.9e-01
   44 ,   1101 : 2.5903817193841e+01 +(9e+01,9e+02) | 1.08e+01 |  5:9.1e-02  1:6.5e-01
   45 ,   1126 : 2.7118615348521e+01 +(8e+01,2e+03) | 1.10e+01 |  5:8.5e-02  1:5.9e-01
   46 ,   1151 : 2.6820468917852e+01 +(5e+01,3e+03) | 1.12e+01 |  5:8.0e-02  1:5.7e-01
   47 ,   1176 : 2.7118269681098e+01 +(5e+01,9e+02) | 1.14e+01 |  5:8.2e-02  1:5.9e-01
   48 ,   1201 : 2.7123547540388e+01 +(7e+01,8e+02) | 1.16e+01 |  5:7.4e-02  1:5.3e-01
   49 ,   1226 : 2.6504837236250e+01 +(4e+01,4e+02) | 1.21e+01 |  5:7.0e-02  1:5.1e-01
Iterat, #Fevals:   Function Value    (median,worst) |Axis Ratio|idx:Min SD idx:Max SD
   50 ,   1251 : 2.6285064148410e+01 +(5e+01,5e+02) | 1.25e+01 |  5:7.2e-02  1:5.2e-01
   51 ,   1276 : 2.5170866534583e+01 +(6e+01,1e+02) | 1.29e+01 |  5:8.2e-02  1:6.1e-01
   52 ,   1301 : 2.6300679970458e+01 +(5e+01,2e+03) | 1.36e+01 |  5:8.2e-02  1:6.3e-01
   53 ,   1326 : 2.9226082061276e+01 +(5e+01,6e+02) | 1.27e+01 |  5:8.7e-02  1:6.7e-01
   54 ,   1351 : 2.5267303077735e+01 +(1e+02,2e+03) | 1.29e+01 |  5:8.1e-02  1:6.4e-01
   55 ,   1376 : 2.4053640722219e+01 +(5e+01,1e+03) | 1.34e+01 |  5:8.8e-02  1:7.1e-01
   56 ,   1401 : 2.6780553458741e+01 +(9e+01,1e+03) | 1.35e+01 |  5:8.9e-02  1:7.0e-01
   57 ,   1426 : 2.5500682907710e+01 +(7e+01,8e+02) | 1.38e+01 |  5:8.3e-02  1:6.7e-01
   58 ,   1451 : 2.3873145534601e+01 +(8e+01,2e+02) | 1.37e+01 |  5:8.9e-02  1:6.9e-01
   59 ,   1476 : 2.4792126207624e+01 +(5e+01,4e+02) | 1.39e+01 |  5:8.0e-02  1:6.3e-01
Iterat, #Fevals:   Function Value    (median,worst) |Axis Ratio|idx:Min SD idx:Max SD
   60 ,   1501 : 2.7352510697313e+01 +(4e+01,4e+02) | 1.46e+01 |  5:7.6e-02  1:5.8e-01
   61 ,   1526 : 2.3762859200868e+01 +(8e+01,6e+02) | 1.51e+01 |  5:8.2e-02  1:6.0e-01
   62 ,   1551 : 2.3124501368194e+01 +(6e+01,2e+03) | 1.55e+01 |  5:7.7e-02  1:5.6e-01
   63 ,   1576 : 2.3798210724745e+01 +(4e+01,2e+03) | 1.56e+01 |  5:7.2e-02  1:5.3e-01
   64 ,   1601 : 2.4980113509967e+01 +(3e+01,4e+02) | 1.64e+01 |  5:7.3e-02  1:5.4e-01
   65 ,   1626 : 2.5935849520895e+01 +(2e+01,2e+02) | 1.68e+01 |  5:6.5e-02  1:4.6e-01
   66 ,   1651 : 2.4910829031737e+01 +(3e+01,1e+02) | 1.74e+01 |  5:6.2e-02  1:4.4e-01
   67 ,   1676 : 2.5257485220480e+01 +(1e+01,7e+01) | 1.84e+01 |  5:5.9e-02  1:4.3e-01
   68 ,   1701 : 2.4493371315381e+01 +(1e+01,2e+02) | 1.90e+01 |  5:6.1e-02  1:4.3e-01
   69 ,   1726 : 2.5421158657931e+01 +(2e+01,2e+02) | 1.93e+01 |  5:6.8e-02  1:4.9e-01
Iterat, #Fevals:   Function Value    (median,worst) |Axis Ratio|idx:Min SD idx:Max SD
   70 ,   1751 : 2.4846037373683e+01 +(9e+00,2e+02) | 1.96e+01 |  5:5.8e-02  1:4.1e-01
   71 ,   1776 : 2.4027429853014e+01 +(6e+00,2e+02) | 2.01e+01 |  5:5.4e-02  1:4.0e-01
   72 ,   1801 : 2.4900780161120e+01 +(5e+00,6e+01) | 2.13e+01 |  5:5.7e-02  1:4.4e-01
   73 ,   1826 : 2.5067171126793e+01 +(1e+01,9e+01) | 2.15e+01 |  5:5.6e-02  1:4.4e-01
   74 ,   1851 : 2.4647005828277e+01 +(1e+01,1e+02) | 2.15e+01 |  5:4.9e-02  1:3.8e-01
   75 ,   1876 : 2.4548637171875e+01 +(8e+00,9e+01) | 2.11e+01 |  5:4.6e-02  1:3.5e-01
   76 ,   1901 : 2.4221625413504e+01 +(4e+00,5e+01) | 2.09e+01 |  5:4.3e-02  1:3.3e-01
   77 ,   1926 : 2.4369667256077e+01 +(4e+00,3e+01) | 2.10e+01 |  4:4.8e-02  1:3.2e-01
   78 ,   1951 : 2.4961818469426e+01 +(5e+00,4e+01) | 2.13e+01 |  4:4.2e-02  1:2.8e-01
   79 ,   1976 : 2.4415361018602e+01 +(4e+00,5e+01) | 2.11e+01 |  4:4.3e-02  1:2.7e-01
Iterat, #Fevals:   Function Value    (median,worst) |Axis Ratio|idx:Min SD idx:Max SD
   80 ,   2001 : 2.4337687845315e+01 +(3e+00,3e+01) | 2.13e+01 |  4:3.8e-02  1:2.4e-01
   81 ,   2026 : 2.4468569181295e+01 +(2e+00,2e+01) | 2.16e+01 |  4:3.5e-02  1:2.2e-01
   82 ,   2051 : 2.4365716706316e+01 +(3e+00,2e+01) | 2.19e+01 |  4:3.4e-02  1:2.1e-01
   83 ,   2076 : 2.4120211255866e+01 +(2e+00,2e+01) | 2.21e+01 |  4:3.3e-02  1:2.1e-01
   84 ,   2101 : 2.3715372324775e+01 +(3e+00,2e+01) | 2.22e+01 |  4:3.5e-02  1:2.1e-01
   85 ,   2126 : 2.3793181863456e+01 +(1e+00,1e+01) | 2.34e+01 |  4:3.4e-02  1:2.1e-01
   86 ,   2151 : 2.2749562461790e+01 +(3e+00,2e+01) | 2.34e+01 |  4:3.4e-02  1:2.1e-01
   87 ,   2176 : 2.3263165858230e+01 +(1e+00,7e+00) | 2.41e+01 |  4:3.4e-02  1:2.1e-01
   88 ,   2201 : 2.3071155046175e+01 +(2e+00,9e+00) | 2.42e+01 |  4:3.5e-02  1:2.1e-01
   89 ,   2226 : 2.2264818930824e+01 +(3e+00,2e+01) | 2.49e+01 |  4:3.5e-02  1:2.2e-01
Iterat, #Fevals:   Function Value    (median,worst) |Axis Ratio|idx:Min SD idx:Max SD
   90 ,   2251 : 2.2781494028432e+01 +(2e+00,2e+01) | 2.50e+01 |  4:4.1e-02  1:2.6e-01
   91 ,   2276 : 2.2586113177114e+01 +(3e+00,3e+01) | 2.46e+01 |  4:4.6e-02  1:2.8e-01
   92 ,   2301 : 2.2230887083176e+01 +(3e+00,8e+01) | 2.50e+01 |  4:5.2e-02  1:3.0e-01
   93 ,   2326 : 2.2985316018485e+01 +(1e+01,4e+01) | 2.50e+01 |  4:5.3e-02  1:3.1e-01
   94 ,   2351 : 2.3321753236863e+01 +(9e+00,7e+01) | 2.47e+01 |  4:4.7e-02  1:2.8e-01
   95 ,   2376 : 2.2721168399190e+01 +(5e+00,6e+01) | 2.60e+01 |  4:4.1e-02  1:2.4e-01
   96 ,   2401 : 2.2468186067058e+01 +(3e+00,2e+01) | 2.69e+01 |  4:4.0e-02  1:2.3e-01
   97 ,   2426 : 2.2341335721556e+01 +(2e+00,5e+01) | 2.67e+01 |  4:3.8e-02  1:2.2e-01
   98 ,   2451 : 2.1865189616223e+01 +(3e+00,2e+01) | 2.70e+01 |  4:3.7e-02  1:2.0e-01
   99 ,   2476 : 2.1994484626882e+01 +(3e+00,2e+01) | 2.85e+01 |  4:4.1e-02  1:2.3e-01
Iterat, #Fevals:   Function Value    (median,worst) |Axis Ratio|idx:Min SD idx:Max SD
  100 ,   2501 : 2.0953219071427e+01 +(6e+00,3e+01) | 2.82e+01 |  8:4.0e-02  1:2.2e-01
  101 ,   2526 : 2.1671126141442e+01 +(3e+00,4e+01) | 2.94e+01 |  8:4.3e-02  1:2.5e-01
  102 ,   2551 : 2.1814175116329e+01 +(2e+00,2e+01) | 3.02e+01 |  8:4.2e-02  1:2.5e-01
  103 ,   2576 : 2.2110369559250e+01 +(3e+00,5e+01) | 3.01e+01 |  4:4.1e-02  1:2.2e-01
  104 ,   2601 : 2.1878124534498e+01 +(4e+00,3e+01) | 3.10e+01 |  4:3.8e-02  1:2.1e-01
  105 ,   2626 : 2.1423033298217e+01 +(3e+00,2e+01) | 3.27e+01 |  4:3.5e-02  1:2.0e-01
  106 ,   2651 : 2.1518486397897e+01 +(3e+00,3e+01) | 3.31e+01 |  4:2.9e-02  1:1.8e-01
  107 ,   2676 : 2.1244539000158e+01 +(1e+00,1e+01) | 3.33e+01 |  4:3.0e-02  1:1.7e-01
  108 ,   2701 : 2.1109823037171e+01 +(2e+00,3e+01) | 3.37e+01 |  4:2.8e-02  1:1.6e-01
  109 ,   2726 : 2.0489235163392e+01 +(3e+00,1e+01) | 3.31e+01 |  4:2.9e-02  1:1.7e-01
Iterat, #Fevals:   Function Value    (median,worst) |Axis Ratio|idx:Min SD idx:Max SD
  110 ,   2751 : 2.0650971082163e+01 +(4e+00,2e+01) | 3.24e+01 |  4:2.7e-02  1:1.6e-01
  111 ,   2776 : 2.0740505910592e+01 +(3e+00,5e+01) | 3.25e+01 |  4:2.4e-02  1:1.4e-01
  112 ,   2801 : 2.0836091223663e+01 +(2e+00,2e+01) | 3.39e+01 |  4:2.0e-02  1:1.2e-01
  113 ,   2826 : 2.0650780125448e+01 +(1e+00,6e+00) | 3.35e+01 |  4:2.4e-02  1:1.3e-01
  114 ,   2851 : 2.0955873594066e+01 +(8e-01,8e+00) | 3.54e+01 |  4:2.5e-02  1:1.4e-01
  115 ,   2876 : 2.0482252182485e+01 +(9e-01,2e+01) | 3.65e+01 |  4:2.4e-02  1:1.4e-01
  116 ,   2901 : 2.0315894389936e+01 +(2e+00,1e+01) | 3.71e+01 |  4:2.2e-02  1:1.3e-01
  117 ,   2926 : 2.0563724784218e+01 +(2e+00,1e+01) | 3.72e+01 |  4:1.9e-02  1:1.1e-01
  118 ,   2951 : 2.0372002160824e+01 +(7e-01,6e+00) | 3.93e+01 |  4:1.9e-02  1:1.2e-01
  119 ,   2976 : 2.0221609033745e+01 +(9e-01,8e+00) | 4.20e+01 |  4:2.1e-02  1:1.3e-01
Iterat, #Fevals:   Function Value    (median,worst) |Axis Ratio|idx:Min SD idx:Max SD
  120 ,   3001 : 2.0106161983274e+01 +(6e-01,2e+01) | 4.39e+01 |  4:2.2e-02  7:1.3e-01
  121 ,   3026 : 2.0152973703398e+01 +(8e-01,1e+01) | 4.36e+01 |  4:2.2e-02  7:1.3e-01
  122 ,   3051 : 2.0023820172126e+01 +(1e+00,2e+01) | 4.55e+01 |  4:2.5e-02  7:1.5e-01
  123 ,   3076 : 2.0067508583154e+01 +(1e+00,1e+01) | 4.58e+01 |  4:2.6e-02  7:1.6e-01
  124 ,   3101 : 2.0134760187807e+01 +(1e+00,2e+01) | 4.63e+01 |  4:2.6e-02  7:1.6e-01
  125 ,   3126 : 2.0190500324690e+01 +(3e+00,9e+00) | 4.58e+01 |  4:2.3e-02  7:1.4e-01
  126 ,   3151 : 1.9911743834516e+01 +(2e+00,6e+00) | 4.78e+01 |  4:2.1e-02  7:1.3e-01
  127 ,   3176 : 2.0017529386208e+01 +(9e-01,7e+00) | 5.04e+01 |  4:2.1e-02  7:1.4e-01
  128 ,   3201 : 1.9964039716732e+01 +(6e-01,9e+00) | 5.07e+01 |  4:2.2e-02  7:1.4e-01
  129 ,   3226 : 1.9956215819023e+01 +(1e+00,2e+01) | 5.09e+01 |  4:2.2e-02  7:1.5e-01
Iterat, #Fevals:   Function Value    (median,worst) |Axis Ratio|idx:Min SD idx:Max SD
  130 ,   3251 : 2.0008902550115e+01 +(2e+00,3e+01) | 5.15e+01 |  4:2.1e-02  7:1.3e-01
  131 ,   3276 : 1.9992852408917e+01 +(1e+00,8e+00) | 5.20e+01 |  4:1.8e-02  7:1.2e-01
  132 ,   3301 : 1.9953734118384e+01 +(5e-01,5e+00) | 5.29e+01 |  4:1.7e-02  7:1.1e-01
  133 ,   3326 : 1.9906487898101e+01 +(3e-01,3e+00) | 5.28e+01 |  4:1.8e-02  7:1.1e-01
  134 ,   3351 : 1.9915941427379e+01 +(5e-01,9e+00) | 5.28e+01 |  4:1.8e-02  7:1.1e-01
  135 ,   3376 : 2.0108036881831e+01 +(5e-01,5e+00) | 5.16e+01 |  4:1.6e-02  7:9.5e-02
  136 ,   3401 : 1.9925017562721e+01 +(3e-01,5e+00) | 5.25e+01 |  4:1.5e-02  7:8.8e-02
  137 ,   3426 : 1.9942223941167e+01 +(3e-01,2e+00) | 5.30e+01 |  4:1.5e-02  7:8.3e-02
  138 ,   3451 : 1.9899754247035e+01 +(4e-01,2e+00) | 5.33e+01 |  4:1.4e-02  7:7.4e-02
  139 ,   3476 : 1.9955645188991e+01 +(1e-01,3e+00) | 5.45e+01 |  4:1.4e-02  7:7.2e-02
Iterat, #Fevals:   Function Value    (median,worst) |Axis Ratio|idx:Min SD idx:Max SD
  140 ,   3501 : 1.9898290882616e+01 +(4e-01,4e+00) | 5.56e+01 |  4:1.3e-02  7:6.8e-02
  141 ,   3526 : 1.9896494243703e+01 +(3e-01,9e-01) | 5.36e+01 |  8:1.4e-02  7:6.4e-02
  142 ,   3551 : 1.9918680790991e+01 +(2e-01,5e+00) | 5.34e+01 |  8:1.3e-02  7:5.7e-02
  143 ,   3576 : 1.9897577004493e+01 +(2e-01,1e+00) | 5.46e+01 |  8:1.3e-02  1:5.9e-02
  144 ,   3601 : 1.9892821914015e+01 +(8e-02,4e-01) | 5.57e+01 |  8:1.1e-02  1:5.0e-02
  145 ,   3626 : 1.9922999006242e+01 +(1e-01,1e+00) | 5.72e+01 |  8:1.0e-02  7:4.8e-02
  146 ,   3651 : 1.9910751418992e+01 +(1e-01,2e+00) | 5.84e+01 |  8:1.0e-02  7:4.8e-02
  147 ,   3676 : 1.9893883556107e+01 +(7e-02,5e-01) | 6.02e+01 |  8:9.6e-03  7:4.6e-02
  148 ,   3701 : 1.9871649909444e+01 +(1e-01,7e-01) | 6.12e+01 |  8:8.8e-03  7:4.2e-02
  149 ,   3726 : 1.9876407600118e+01 +(9e-02,9e-01) | 6.19e+01 |  8:8.1e-03  7:3.9e-02
Iterat, #Fevals:   Function Value    (median,worst) |Axis Ratio|idx:Min SD idx:Max SD
  150 ,   3751 : 1.9863583603973e+01 +(1e-01,3e-01) | 6.34e+01 |  8:7.6e-03  7:3.7e-02
  151 ,   3776 : 1.9900256785753e+01 +(4e-02,2e-01) | 6.44e+01 |  4:8.2e-03  7:3.8e-02
  152 ,   3801 : 1.9893410360053e+01 +(1e-01,3e-01) | 6.47e+01 |  8:7.5e-03  7:3.5e-02
  153 ,   3826 : 1.9871783537280e+01 +(7e-02,2e-01) | 6.48e+01 |  4:7.5e-03  1:3.3e-02
  154 ,   3851 : 1.9891359482984e+01 +(4e-02,2e-01) | 6.48e+01 |  4:6.7e-03  1:2.9e-02
  155 ,   3876 : 1.9894389690732e+01 +(3e-02,4e-01) | 6.30e+01 |  8:6.0e-03  1:2.6e-02
  156 ,   3901 : 1.9894886953416e+01 +(3e-02,2e-01) | 6.68e+01 |  8:6.5e-03  7:2.8e-02
  157 ,   3926 : 1.9891514519581e+01 +(4e-02,4e-01) | 7.27e+01 |  8:7.1e-03  7:3.2e-02
  158 ,   3951 : 1.9865555336731e+01 +(7e-02,3e-01) | 7.27e+01 |  8:7.1e-03  7:3.1e-02
  159 ,   3976 : 1.9885801703368e+01 +(4e-02,1e+00) | 7.29e+01 |  8:6.6e-03  7:2.9e-02
Iterat, #Fevals:   Function Value    (median,worst) |Axis Ratio|idx:Min SD idx:Max SD
  160 ,   4001 : 1.9876447641234e+01 +(4e-02,2e-01) | 7.66e+01 |  8:6.1e-03  7:2.8e-02
  161 ,   4026 : 1.9891734544724e+01 +(4e-02,1e-01) | 7.72e+01 |  8:5.3e-03  7:2.4e-02
  162 ,   4051 : 1.9874620169700e+01 +(5e-02,1e-01) | 7.95e+01 |  8:4.7e-03  7:2.1e-02
  163 ,   4076 : 1.9881965248913e+01 +(3e-02,1e-01) | 8.01e+01 |  8:4.4e-03  7:2.0e-02
  164 ,   4101 : 1.9872903463612e+01 +(3e-02,7e-02) | 7.70e+01 |  8:4.4e-03  7:2.0e-02
  165 ,   4126 : 1.9877678295576e+01 +(3e-02,1e-01) | 7.94e+01 |  8:4.4e-03  1:2.1e-02
  166 ,   4151 : 1.9864305530026e+01 +(4e-02,9e-02) | 8.07e+01 |  8:4.1e-03  1:2.0e-02
  167 ,   4176 : 1.9879123019249e+01 +(2e-02,7e-02) | 7.95e+01 |  8:3.5e-03  1:1.7e-02
  168 ,   4201 : 1.9875150710670e+01 +(3e-02,5e-02) | 7.96e+01 |  8:3.5e-03  1:1.7e-02
  169 ,   4226 : 1.9877661378637e+01 +(2e-02,7e-02) | 8.83e+01 |  8:3.5e-03  1:1.8e-02
Iterat, #Fevals:   Function Value    (median,worst) |Axis Ratio|idx:Min SD idx:Max SD
  170 ,   4251 : 1.9871492338334e+01 +(2e-02,7e-02) | 9.00e+01 |  8:3.4e-03  1:1.8e-02
  171 ,   4276 : 1.9872806357453e+01 +(3e-02,4e-02) | 9.13e+01 |  8:3.7e-03  1:1.9e-02
  172 ,   4301 : 1.9868785729827e+01 +(3e-02,6e-02) | 9.58e+01 |  8:3.7e-03  1:2.0e-02
  173 ,   4326 : 1.9880157802699e+01 +(2e-02,1e-01) | 9.66e+01 |  8:3.5e-03  1:1.9e-02
  174 ,   4351 : 1.9862238649503e+01 +(4e-02,9e-02) | 9.88e+01 |  8:3.2e-03  1:1.8e-02
  175 ,   4376 : 1.9870364023648e+01 +(3e-02,6e-02) | 1.01e+02 |  8:2.8e-03  1:1.6e-02
  176 ,   4401 : 1.9866297018274e+01 +(3e-02,6e-02) | 1.03e+02 |  8:3.0e-03  1:1.7e-02
  177 ,   4426 : 1.9869575275550e+01 +(3e-02,6e-02) | 1.04e+02 |  8:3.1e-03  1:1.8e-02
  178 ,   4451 : 1.9871265061290e+01 +(2e-02,5e-02) | 1.07e+02 |  8:2.8e-03  1:1.6e-02
  179 ,   4476 : 1.9870103102344e+01 +(3e-02,4e-02) | 1.07e+02 |  8:2.5e-03  1:1.4e-02
Iterat, #Fevals:   Function Value    (median,worst) |Axis Ratio|idx:Min SD idx:Max SD
  180 ,   4501 : 1.9857799701305e+01 +(3e-02,5e-02) | 1.07e+02 |  8:2.4e-03  1:1.3e-02
  181 ,   4526 : 1.9860385909864e+01 +(3e-02,6e-02) | 1.08e+02 |  8:2.3e-03  1:1.2e-02
  182 ,   4551 : 1.9876557046951e+01 +(2e-02,5e-02) | 1.13e+02 |  8:2.1e-03  1:1.1e-02
  183 ,   4576 : 1.9872834975002e+01 +(2e-02,5e-02) | 1.16e+02 |  8:2.0e-03  1:1.0e-02
  184 ,   4601 : 1.9865847591593e+01 +(3e-02,5e-02) | 1.10e+02 |  8:2.0e-03  1:1.0e-02
  185 ,   4626 : 1.9870982039209e+01 +(3e-02,5e-02) | 1.17e+02 |  8:1.9e-03  1:9.9e-03
  186 ,   4651 : 1.9851362008702e+01 +(4e-02,7e-02) | 1.18e+02 |  8:1.7e-03  1:9.0e-03
  187 ,   4676 : 1.9864996184631e+01 +(2e-02,6e-02) | 1.24e+02 |  8:1.6e-03  1:9.2e-03
  188 ,   4701 : 1.9864640267414e+01 +(2e-02,6e-02) | 1.28e+02 |  8:1.7e-03  1:1.0e-02
  189 ,   4726 : 1.9865523904725e+01 +(2e-02,5e-02) | 1.50e+02 |  8:1.7e-03  1:1.2e-02
Iterat, #Fevals:   Function Value    (median,worst) |Axis Ratio|idx:Min SD idx:Max SD
  190 ,   4751 : 1.9863259954404e+01 +(3e-02,4e-02) | 1.48e+02 |  8:1.8e-03  1:1.2e-02
  191 ,   4776 : 1.9863784546833e+01 +(3e-02,5e-02) | 1.53e+02 |  8:2.0e-03  1:1.3e-02
  192 ,   4801 : 1.9867273741433e+01 +(2e-02,6e-02) | 1.56e+02 |  8:2.2e-03  1:1.5e-02
  193 ,   4826 : 1.9864283044798e+01 +(2e-02,8e-02) | 1.58e+02 |  8:2.3e-03  1:1.6e-02
  194 ,   4851 : 1.9863787198740e+01 +(2e-02,4e-02) | 1.60e+02 |  8:2.2e-03  1:1.6e-02
  195 ,   4876 : 1.9863335398860e+01 +(2e-02,5e-02) | 1.66e+02 |  8:2.1e-03  1:1.6e-02
  196 ,   4901 : 1.9867205203963e+01 +(2e-02,6e-02) | 1.74e+02 |  8:2.2e-03  1:1.7e-02
  197 ,   4926 : 1.9864247896493e+01 +(3e-02,7e-02) | 1.80e+02 |  8:2.1e-03  1:1.6e-02
  198 ,   4951 : 1.9860741565285e+01 +(3e-02,5e-02) | 1.73e+02 |  8:1.7e-03  1:1.3e-02
  199 ,   4976 : 1.9868014712298e+01 +(2e-02,5e-02) | 1.69e+02 |  8:1.5e-03  1:1.2e-02
Iterat, #Fevals:   Function Value    (median,worst) |Axis Ratio|idx:Min SD idx:Max SD
  200 ,   5001 : 1.9863318700225e+01 +(3e-02,4e-02) | 1.69e+02 |  8:1.3e-03  1:1.0e-02
  201 ,   5026 : 1.9850944177775e+01 +(3e-02,5e-02) | 1.66e+02 |  8:1.2e-03  1:9.2e-03
  202 ,   5051 : 1.9859117013605e+01 +(3e-02,5e-02) | 1.69e+02 |  8:1.1e-03  1:8.6e-03
  203 ,   5076 : 1.9869607186360e+01 +(2e-02,5e-02) | 1.62e+02 |  8:1.3e-03  1:9.1e-03
  204 ,   5101 : 1.9867788705919e+01 +(2e-02,5e-02) | 1.61e+02 |  9:1.5e-03  1:1.0e-02
  205 ,   5126 : 1.9865300623656e+01 +(3e-02,5e-02) | 1.65e+02 |  8:1.6e-03  1:1.1e-02
  206 ,   5151 : 1.9858591805319e+01 +(3e-02,6e-02) | 1.64e+02 |  8:1.6e-03  1:1.1e-02
  207 ,   5176 : 1.9866318436029e+01 +(2e-02,5e-02) | 1.63e+02 |  8:1.6e-03  1:1.1e-02
  208 ,   5201 : 1.9866991234931e+01 +(2e-02,5e-02) | 1.62e+02 |  8:1.5e-03  1:1.0e-02
  209 ,   5226 : 1.9866028387696e+01 +(2e-02,4e-02) | 1.59e+02 |  9:1.3e-03  1:8.5e-03
Iterat, #Fevals:   Function Value    (median,worst) |Axis Ratio|idx:Min SD idx:Max SD
  210 ,   5251 : 1.9869626073544e+01 +(3e-02,4e-02) | 1.63e+02 |  8:1.4e-03  1:9.3e-03
  211 ,   5276 : 1.9866441267692e+01 +(2e-02,5e-02) | 1.72e+02 |  8:1.6e-03  1:1.1e-02
  212 ,   5301 : 1.9875199115135e+01 +(1e-02,4e-02) | 1.84e+02 |  8:1.5e-03  1:1.0e-02
  213 ,   5326 : 1.9875672776867e+01 +(1e-02,4e-02) | 1.85e+02 |  8:1.3e-03  1:9.0e-03
  214 ,   5351 : 1.9849677700019e+01 +(4e-02,7e-02) | 1.97e+02 |  8:1.3e-03  1:9.2e-03
  215 ,   5376 : 1.9861864476566e+01 +(3e-02,5e-02) | 2.06e+02 |  8:1.3e-03  1:8.9e-03
  216 ,   5401 : 1.9862175296325e+01 +(3e-02,5e-02) | 1.97e+02 |  8:1.2e-03  1:8.2e-03
  217 ,   5426 : 1.9850650802057e+01 +(4e-02,6e-02) | 1.94e+02 |  8:1.2e-03  1:8.1e-03
  218 ,   5451 : 1.9869746638841e+01 +(2e-02,4e-02) | 1.91e+02 |  9:1.3e-03  1:8.1e-03
  219 ,   5476 : 1.9862574189235e+01 +(2e-02,5e-02) | 1.92e+02 |  9:1.3e-03  1:8.7e-03
Iterat, #Fevals:   Function Value    (median,worst) |Axis Ratio|idx:Min SD idx:Max SD
  220 ,   5501 : 1.9861344449875e+01 +(2e-02,5e-02) | 1.82e+02 |  9:1.3e-03  1:8.4e-03
  221 ,   5526 : 1.9858342145892e+01 +(3e-02,5e-02) | 1.83e+02 |  9:1.2e-03  1:8.1e-03
  222 ,   5551 : 1.9860756920532e+01 +(3e-02,6e-02) | 1.94e+02 |  9:1.2e-03  1:8.1e-03
  223 ,   5576 : 1.9870703855077e+01 +(2e-02,5e-02) | 2.00e+02 |  9:1.1e-03  1:8.0e-03
  224 ,   5601 : 1.9866877529367e+01 +(2e-02,4e-02) | 2.00e+02 |  9:1.1e-03  1:7.8e-03
  225 ,   5626 : 1.9857317594984e+01 +(3e-02,5e-02) | 2.02e+02 |  9:1.1e-03  1:8.0e-03
  226 ,   5651 : 1.9866917944527e+01 +(1e-02,4e-02) | 1.92e+02 |  9:1.1e-03  1:7.7e-03
  227 ,   5676 : 1.9864387526822e+01 +(2e-02,5e-02) | 2.13e+02 |  9:1.1e-03  1:8.8e-03
  228 ,   5701 : 1.9862868986578e+01 +(2e-02,5e-02) | 2.10e+02 |  9:1.2e-03  1:9.2e-03
  229 ,   5726 : 1.9857457958949e+01 +(3e-02,5e-02) | 2.16e+02 |  9:1.2e-03  1:9.3e-03
Iterat, #Fevals:   Function Value    (median,worst) |Axis Ratio|idx:Min SD idx:Max SD
  230 ,   5751 : 1.9858058942606e+01 +(3e-02,6e-02) | 2.00e+02 |  9:1.3e-03  1:9.8e-03
  231 ,   5776 : 1.9856854367546e+01 +(3e-02,7e-02) | 1.93e+02 |  9:1.5e-03  1:1.1e-02
  232 ,   5801 : 1.9873892857275e+01 +(2e-02,4e-02) | 1.88e+02 |  9:1.5e-03  1:1.1e-02
  233 ,   5826 : 1.9866238940945e+01 +(2e-02,6e-02) | 1.91e+02 |  9:1.4e-03  1:1.1e-02
  234 ,   5851 : 1.9865581855691e+01 +(2e-02,4e-02) | 1.84e+02 |  9:1.3e-03  1:1.0e-02
  235 ,   5876 : 1.9845967350657e+01 +(4e-02,7e-02) | 1.90e+02 |  9:1.3e-03  1:1.1e-02
  236 ,   5901 : 1.9855952283354e+01 +(3e-02,5e-02) | 1.89e+02 |  9:1.3e-03  1:1.1e-02
  237 ,   5926 : 1.9869671306107e+01 +(2e-02,4e-02) | 1.83e+02 |  9:1.4e-03  1:1.1e-02
  238 ,   5951 : 1.9861640712575e+01 +(3e-02,5e-02) | 1.76e+02 |  9:1.3e-03  1:1.0e-02
  239 ,   5976 : 1.9856513780212e+01 +(3e-02,5e-02) | 1.81e+02 |  9:1.3e-03  1:1.0e-02
Iterat, #Fevals:   Function Value    (median,worst) |Axis Ratio|idx:Min SD idx:Max SD
  240 ,   6001 : 1.9864091515862e+01 +(2e-02,4e-02) | 1.80e+02 |  9:1.3e-03  1:9.8e-03
  241 ,   6026 : 1.9856816008597e+01 +(3e-02,7e-02) | 1.85e+02 |  9:1.4e-03  1:1.1e-02
  242 ,   6051 : 1.9867681917901e+01 +(2e-02,4e-02) | 1.95e+02 |  9:1.4e-03  1:1.2e-02
  243 ,   6076 : 1.9868662981326e+01 +(3e-02,5e-02) | 1.93e+02 |  9:1.3e-03  1:1.1e-02
  244 ,   6101 : 1.9862502569759e+01 +(3e-02,5e-02) | 1.87e+02 |  9:1.3e-03  1:1.0e-02
  245 ,   6126 : 1.9857420508340e+01 +(3e-02,6e-02) | 1.76e+02 |  9:1.4e-03  1:1.1e-02
  246 ,   6151 : 1.9863844301002e+01 +(3e-02,6e-02) | 1.75e+02 |  9:1.4e-03  1:1.1e-02
  247 ,   6176 : 1.9859918018134e+01 +(3e-02,6e-02) | 1.83e+02 |  9:1.7e-03  1:1.2e-02
  248 ,   6201 : 1.9873583142438e+01 +(1e-02,4e-02) | 1.92e+02 |  9:1.9e-03  1:1.4e-02
  249 ,   6226 : 1.9862775072799e+01 +(3e-02,6e-02) | 1.90e+02 |  9:1.6e-03  1:1.3e-02
Iterat, #Fevals:   Function Value    (median,worst) |Axis Ratio|idx:Min SD idx:Max SD
  250 ,   6251 : 1.9856677479508e+01 +(3e-02,6e-02) | 1.91e+02 |  9:1.8e-03  1:1.4e-02
  251 ,   6276 : 1.9856012576103e+01 +(3e-02,5e-02) | 1.97e+02 |  9:1.6e-03  1:1.2e-02
  252 ,   6301 : 1.9868468631141e+01 +(2e-02,6e-02) | 1.99e+02 |  9:1.5e-03  1:1.2e-02
  253 ,   6326 : 1.9857850228962e+01 +(3e-02,5e-02) | 1.92e+02 |  9:1.4e-03  1:1.1e-02
  254 ,   6351 : 1.9861729279338e+01 +(3e-02,5e-02) | 1.87e+02 |  9:1.6e-03  1:1.3e-02
  255 ,   6376 : 1.9869437133667e+01 +(2e-02,5e-02) | 1.91e+02 |  9:1.5e-03  1:1.3e-02
  256 ,   6401 : 1.9853077160821e+01 +(4e-02,6e-02) | 1.88e+02 |  9:1.4e-03  1:1.2e-02
  257 ,   6426 : 1.9855870962204e+01 +(3e-02,5e-02) | 1.92e+02 |  9:1.5e-03  1:1.4e-02
  258 ,   6451 : 1.9860454807488e+01 +(3e-02,6e-02) | 1.99e+02 |  9:1.5e-03  1:1.3e-02
  259 ,   6476 : 1.9857023539402e+01 +(3e-02,6e-02) | 1.99e+02 |  9:1.4e-03  1:1.2e-02
Iterat, #Fevals:   Function Value    (median,worst) |Axis Ratio|idx:Min SD idx:Max SD
  260 ,   6501 : 1.9863612746966e+01 +(2e-02,5e-02) | 1.98e+02 |  9:1.3e-03  1:1.2e-02
  261 ,   6526 : 1.9868736139286e+01 +(2e-02,5e-02) | 1.94e+02 |  9:1.3e-03  1:1.2e-02
  262 ,   6551 : 1.9871022561947e+01 +(2e-02,5e-02) | 1.80e+02 |  9:1.4e-03  1:1.3e-02
  263 ,   6576 : 1.9864076673348e+01 +(3e-02,5e-02) | 1.79e+02 |  9:1.5e-03  1:1.4e-02
  264 ,   6601 : 1.9870652087132e+01 +(2e-02,4e-02) | 1.78e+02 |  9:1.4e-03  1:1.2e-02
  265 ,   6626 : 1.9862364315798e+01 +(3e-02,6e-02) | 1.81e+02 |  9:1.3e-03  1:1.1e-02
  266 ,   6651 : 1.9866958989347e+01 +(3e-02,5e-02) | 1.74e+02 |  9:1.0e-03  1:9.1e-03
  267 ,   6676 : 1.9862735496130e+01 +(3e-02,5e-02) | 1.66e+02 |  9:1.1e-03  1:9.2e-03
  268 ,   6701 : 1.9866357668218e+01 +(3e-02,5e-02) | 1.67e+02 |  9:1.2e-03  1:9.5e-03
  269 ,   6726 : 1.9872841830782e+01 +(2e-02,5e-02) | 1.74e+02 |  9:1.2e-03  1:9.6e-03
Iterat, #Fevals:   Function Value    (median,worst) |Axis Ratio|idx:Min SD idx:Max SD
  270 ,   6751 : 1.9856887588431e+01 +(3e-02,5e-02) | 1.78e+02 |  9:1.0e-03  1:9.0e-03
  271 ,   6776 : 1.9873667078436e+01 +(1e-02,5e-02) | 1.74e+02 |  9:8.9e-04  1:7.4e-03
  272 ,   6801 : 1.9859896005453e+01 +(3e-02,5e-02) | 1.70e+02 |  9:9.5e-04  1:8.2e-03
  273 ,   6826 : 1.9866767436861e+01 +(2e-02,4e-02) | 1.68e+02 |  9:1.0e-03  1:8.9e-03
  274 ,   6851 : 1.9866633401106e+01 +(2e-02,4e-02) | 1.61e+02 |  9:9.8e-04  1:8.2e-03
  275 ,   6876 : 1.9857900556390e+01 +(3e-02,6e-02) | 1.68e+02 |  9:1.0e-03  1:8.7e-03
  276 ,   6901 : 1.9864469806360e+01 +(2e-02,4e-02) | 1.65e+02 |  9:9.5e-04  1:8.1e-03
  277 ,   6926 : 1.9856402855204e+01 +(3e-02,6e-02) | 1.49e+02 |  9:9.6e-04  1:8.1e-03
  278 ,   6951 : 1.9862866335622e+01 +(2e-02,4e-02) | 1.48e+02 |  9:8.8e-04  1:7.6e-03
  279 ,   6976 : 1.9869406385203e+01 +(2e-02,4e-02) | 1.60e+02 |  9:8.5e-04  1:7.7e-03
Iterat, #Fevals:   Function Value    (median,worst) |Axis Ratio|idx:Min SD idx:Max SD
  280 ,   7001 : 1.9863640178425e+01 +(2e-02,5e-02) | 1.59e+02 |  9:7.8e-04  1:6.6e-03
  281 ,   7026 : 1.9854597999825e+01 +(3e-02,5e-02) | 1.51e+02 |  9:7.2e-04  1:6.1e-03
  282 ,   7051 : 1.9862849059424e+01 +(2e-02,4e-02) | 1.48e+02 |  9:7.6e-04  1:6.3e-03
  283 ,   7076 : 1.9853762361619e+01 +(3e-02,5e-02) | 1.68e+02 |  9:8.7e-04  1:8.4e-03
  284 ,   7101 : 1.9866299751956e+01 +(2e-02,5e-02) | 1.79e+02 |  9:9.2e-04  1:9.3e-03
  285 ,   7126 : 1.9867468256458e+01 +(2e-02,5e-02) | 1.79e+02 |  9:9.1e-04  1:9.4e-03
  286 ,   7151 : 1.9870525280502e+01 +(2e-02,4e-02) | 1.74e+02 |  9:9.3e-04  1:9.3e-03
  287 ,   7176 : 1.9867078905492e+01 +(2e-02,4e-02) | 1.75e+02 |  9:9.6e-04  1:9.4e-03
  288 ,   7201 : 1.9866525104289e+01 +(2e-02,4e-02) | 1.70e+02 |  9:8.6e-04  1:8.3e-03
  289 ,   7226 : 1.9861657074326e+01 +(2e-02,6e-02) | 1.62e+02 |  9:8.1e-04  1:7.7e-03
Iterat, #Fevals:   Function Value    (median,worst) |Axis Ratio|idx:Min SD idx:Max SD
  290 ,   7251 : 1.9859975453516e+01 +(2e-02,6e-02) | 1.58e+02 |  9:7.3e-04  1:7.0e-03
  291 ,   7276 : 1.9862301785270e+01 +(2e-02,5e-02) | 1.61e+02 |  9:7.9e-04  1:7.5e-03
  292 ,   7301 : 1.9854529776777e+01 +(3e-02,5e-02) | 1.58e+02 |  9:8.6e-04  1:8.1e-03
  293 ,   7326 : 1.9854466258880e+01 +(4e-02,6e-02) | 1.56e+02 |  9:7.7e-04  1:7.2e-03
  294 ,   7351 : 1.9869882275456e+01 +(2e-02,4e-02) | 1.49e+02 |  9:7.8e-04  1:6.9e-03
  295 ,   7376 : 1.9863186546822e+01 +(3e-02,4e-02) | 1.55e+02 |  9:7.4e-04  1:6.5e-03
  296 ,   7401 : 1.9857726344534e+01 +(3e-02,5e-02) | 1.55e+02 |  9:7.3e-04  1:6.2e-03
  297 ,   7426 : 1.9866325509128e+01 +(2e-02,5e-02) | 1.50e+02 |  9:6.8e-04  1:5.9e-03
  298 ,   7451 : 1.9852566794043e+01 +(4e-02,6e-02) | 1.65e+02 |  9:6.0e-04  1:5.5e-03
  299 ,   7476 : 1.9863251535591e+01 +(3e-02,5e-02) | 1.71e+02 |  9:6.3e-04  1:6.0e-03
Iterat, #Fevals:   Function Value    (median,worst) |Axis Ratio|idx:Min SD idx:Max SD
  300 ,   7501 : 1.9852489223669e+01 +(3e-02,7e-02) | 1.78e+02 |  9:6.5e-04  1:6.3e-03
  301 ,   7526 : 1.9859118907493e+01 +(3e-02,5e-02) | 1.78e+02 |  9:6.4e-04  1:6.4e-03
  302 ,   7551 : 1.9863644256089e+01 +(2e-02,4e-02) | 1.78e+02 |  9:6.7e-04  1:6.8e-03
  303 ,   7576 : 1.9853542247710e+01 +(4e-02,6e-02) | 1.76e+02 |  9:6.4e-04  1:6.7e-03
  304 ,   7601 : 1.9855326079654e+01 +(3e-02,5e-02) | 1.84e+02 |  9:6.1e-04  1:6.3e-03
  305 ,   7626 : 1.9871482019848e+01 +(2e-02,4e-02) | 1.84e+02 |  9:5.9e-04  1:6.0e-03
  306 ,   7651 : 1.9856091740368e+01 +(3e-02,6e-02) | 1.89e+02 |  9:5.3e-04  1:5.5e-03
  307 ,   7676 : 1.9856440100839e+01 +(3e-02,6e-02) | 1.93e+02 |  9:5.1e-04  1:5.2e-03
  308 ,   7701 : 1.9860844198743e+01 +(3e-02,6e-02) | 1.81e+02 |  9:5.4e-04  1:5.6e-03
  309 ,   7726 : 1.9866276604372e+01 +(2e-02,4e-02) | 1.84e+02 |  9:6.5e-04  1:7.1e-03
Iterat, #Fevals:   Function Value    (median,worst) |Axis Ratio|idx:Min SD idx:Max SD
  310 ,   7751 : 1.9859953798974e+01 +(3e-02,6e-02) | 1.88e+02 |  9:6.7e-04  1:6.8e-03
  311 ,   7776 : 1.9863171808218e+01 +(2e-02,5e-02) | 1.90e+02 |  9:6.3e-04  1:6.3e-03
  312 ,   7801 : 1.9857712420597e+01 +(3e-02,7e-02) | 2.04e+02 |  9:6.5e-04  1:6.6e-03
  313 ,   7826 : 1.9859919384728e+01 +(3e-02,5e-02) | 2.14e+02 |  9:6.2e-04  1:6.5e-03
  314 ,   7851 : 1.9860065842111e+01 +(3e-02,5e-02) | 2.10e+02 |  9:5.7e-04  1:6.0e-03
  315 ,   7876 : 1.9863874469812e+01 +(2e-02,5e-02) | 1.99e+02 |  9:5.6e-04  1:6.0e-03
  316 ,   7901 : 1.9856515991913e+01 +(4e-02,6e-02) | 2.07e+02 |  9:5.5e-04  1:5.9e-03
  317 ,   7926 : 1.9876837182723e+01 +(1e-02,4e-02) | 2.11e+02 |  9:6.0e-04  1:6.3e-03
  318 ,   7951 : 1.9863685067516e+01 +(2e-02,6e-02) | 2.15e+02 |  9:5.9e-04  1:6.4e-03
  319 ,   7976 : 1.9862694643050e+01 +(2e-02,4e-02) | 2.26e+02 |  9:6.0e-04  1:6.5e-03
Iterat, #Fevals:   Function Value    (median,worst) |Axis Ratio|idx:Min SD idx:Max SD
  320 ,   8001 : 1.9858173283837e+01 +(3e-02,5e-02) | 2.14e+02 |  9:6.6e-04  1:7.1e-03
  321 ,   8026 : 1.9866715924700e+01 +(2e-02,4e-02) | 2.21e+02 |  9:7.3e-04  1:7.6e-03
  322 ,   8051 : 1.9865776902187e+01 +(2e-02,5e-02) | 2.35e+02 |  9:7.3e-04  1:8.1e-03
  323 ,   8076 : 1.9861963328620e+01 +(2e-02,5e-02) | 2.39e+02 |  9:6.8e-04  1:7.5e-03
  324 ,   8101 : 1.9865801606743e+01 +(2e-02,5e-02) | 2.38e+02 |  9:6.2e-04  1:6.9e-03
  325 ,   8126 : 1.9868668691998e+01 +(2e-02,4e-02) | 2.41e+02 |  9:5.5e-04  1:6.2e-03
  326 ,   8151 : 1.9862980740029e+01 +(2e-02,5e-02) | 2.56e+02 |  9:5.1e-04  1:5.7e-03
  327 ,   8176 : 1.9864871026602e+01 +(2e-02,5e-02) | 2.57e+02 |  9:4.6e-04  1:5.3e-03
  328 ,   8201 : 1.9868043614912e+01 +(2e-02,6e-02) | 2.45e+02 |  9:4.4e-04  1:5.2e-03
  329 ,   8226 : 1.9857426110372e+01 +(3e-02,5e-02) | 2.48e+02 |  9:4.7e-04  1:5.2e-03
Iterat, #Fevals:   Function Value    (median,worst) |Axis Ratio|idx:Min SD idx:Max SD
  330 ,   8251 : 1.9868937537057e+01 +(2e-02,5e-02) | 2.57e+02 |  9:5.4e-04  7:5.8e-03
  331 ,   8276 : 1.9857568451231e+01 +(3e-02,6e-02) | 2.65e+02 |  9:5.3e-04  7:5.6e-03
  332 ,   8301 : 1.9868802891276e+01 +(2e-02,4e-02) | 2.64e+02 |  9:5.1e-04  7:5.4e-03
  333 ,   8326 : 1.9855559847928e+01 +(3e-02,5e-02) | 2.50e+02 |  9:5.2e-04  7:5.5e-03
  334 ,   8351 : 1.9872436895294e+01 +(2e-02,4e-02) | 2.56e+02 |  9:5.1e-04  1:5.3e-03
  335 ,   8376 : 1.9866994190223e+01 +(2e-02,4e-02) | 2.64e+02 |  9:4.6e-04  1:4.8e-03
  336 ,   8401 : 1.9867166961969e+01 +(2e-02,5e-02) | 2.65e+02 |  9:5.4e-04  1:5.3e-03
  337 ,   8426 : 1.9858428534119e+01 +(3e-02,5e-02) | 2.64e+02 |  9:5.3e-04  7:5.1e-03
  338 ,   8451 : 1.9867574545690e+01 +(2e-02,5e-02) | 2.73e+02 |  9:6.5e-04  1:6.3e-03
  339 ,   8476 : 1.9844748510693e+01 +(4e-02,6e-02) | 2.70e+02 |  9:6.9e-04  1:6.6e-03
Iterat, #Fevals:   Function Value    (median,worst) |Axis Ratio|idx:Min SD idx:Max SD
  340 ,   8501 : 1.9869133702062e+01 +(2e-02,4e-02) | 2.56e+02 |  9:7.4e-04  7:7.2e-03
  341 ,   8526 : 1.9874100322175e+01 +(2e-02,4e-02) | 2.54e+02 |  9:7.6e-04  7:7.4e-03
  342 ,   8551 : 1.9871833014476e+01 +(1e-02,4e-02) | 2.55e+02 |  9:6.6e-04  7:6.6e-03
  343 ,   8576 : 1.9860210948151e+01 +(2e-02,5e-02) | 2.56e+02 |  9:7.4e-04  7:7.5e-03
  344 ,   8601 : 1.9856807762941e+01 +(3e-02,6e-02) | 2.47e+02 |  9:8.8e-04  1:9.0e-03
  345 ,   8626 : 1.9862000991157e+01 +(2e-02,5e-02) | 2.60e+02 |  9:9.5e-04  1:1.0e-02
  346 ,   8651 : 1.9860943084160e+01 +(2e-02,6e-02) | 2.57e+02 |  9:8.9e-04  1:9.7e-03
  347 ,   8676 : 1.9861619051803e+01 +(2e-02,4e-02) | 2.62e+02 |  9:8.0e-04  7:8.7e-03
  348 ,   8701 : 1.9857778773265e+01 +(3e-02,6e-02) | 2.58e+02 |  9:8.7e-04  1:9.5e-03
  349 ,   8726 : 1.9867034041297e+01 +(3e-02,5e-02) | 2.64e+02 |  9:8.5e-04  1:9.9e-03
Iterat, #Fevals:   Function Value    (median,worst) |Axis Ratio|idx:Min SD idx:Max SD
  350 ,   8751 : 1.9862285698904e+01 +(2e-02,7e-02) | 2.66e+02 |  9:8.7e-04  1:1.0e-02
  351 ,   8776 : 1.9865695209905e+01 +(2e-02,3e-02) | 2.67e+02 |  9:9.1e-04  1:1.0e-02
  352 ,   8801 : 1.9852661249174e+01 +(4e-02,6e-02) | 2.71e+02 |  9:9.3e-04  1:1.1e-02
  353 ,   8826 : 1.9861359310786e+01 +(2e-02,6e-02) | 2.70e+02 |  9:9.2e-04  1:1.1e-02
  354 ,   8851 : 1.9867199397625e+01 +(2e-02,4e-02) | 2.81e+02 |  9:1.0e-03  1:1.2e-02
  355 ,   8876 : 1.9856595183732e+01 +(3e-02,5e-02) | 2.84e+02 |  9:1.1e-03  7:1.3e-02
  356 ,   8901 : 1.9866137345327e+01 +(2e-02,5e-02) | 2.93e+02 |  9:1.1e-03  7:1.3e-02
  357 ,   8926 : 1.9864093348319e+01 +(3e-02,5e-02) | 2.98e+02 |  9:1.1e-03  7:1.4e-02
  358 ,   8951 : 1.9865931431911e+01 +(2e-02,5e-02) | 2.95e+02 |  9:1.0e-03  7:1.3e-02
  359 ,   8976 : 1.9863188999815e+01 +(3e-02,6e-02) | 2.90e+02 |  9:8.7e-04  7:1.1e-02
Iterat, #Fevals:   Function Value    (median,worst) |Axis Ratio|idx:Min SD idx:Max SD
  360 ,   9001 : 1.9869403751666e+01 +(2e-02,4e-02) | 2.90e+02 |  9:8.0e-04  7:1.0e-02
  361 ,   9026 : 1.9862723543284e+01 +(3e-02,6e-02) | 3.20e+02 |  9:7.7e-04  7:1.1e-02
  362 ,   9051 : 1.9864009812301e+01 +(2e-02,4e-02) | 3.25e+02 |  9:8.8e-04  7:1.2e-02
  363 ,   9076 : 1.9858269648173e+01 +(3e-02,5e-02) | 3.33e+02 |  9:7.9e-04  7:1.1e-02
  364 ,   9101 : 1.9857937686801e+01 +(3e-02,5e-02) | 3.28e+02 |  9:7.4e-04  7:1.1e-02
  365 ,   9126 : 1.9855291606998e+01 +(3e-02,6e-02) | 3.35e+02 |  9:6.4e-04  7:9.6e-03
  366 ,   9151 : 1.9859949523591e+01 +(2e-02,5e-02) | 3.11e+02 |  9:6.8e-04  7:1.0e-02
  367 ,   9176 : 1.9867049903391e+01 +(2e-02,5e-02) | 3.27e+02 |  9:7.6e-04  1:1.1e-02
  368 ,   9201 : 1.9865012683669e+01 +(2e-02,5e-02) | 3.24e+02 |  9:8.5e-04  1:1.3e-02
  369 ,   9226 : 1.9859120855363e+01 +(2e-02,5e-02) | 3.12e+02 |  9:7.6e-04  1:1.2e-02
Iterat, #Fevals:   Function Value    (median,worst) |Axis Ratio|idx:Min SD idx:Max SD
  370 ,   9251 : 1.9853748751057e+01 +(4e-02,6e-02) | 3.15e+02 |  9:7.1e-04  1:1.1e-02
  371 ,   9276 : 1.9868915832186e+01 +(1e-02,4e-02) | 3.26e+02 |  9:7.2e-04  1:1.2e-02
  372 ,   9301 : 1.9864642213797e+01 +(2e-02,5e-02) | 3.26e+02 |  9:7.4e-04  1:1.1e-02
#Fevals:   f(returned x)   |    bestever.f     | stopflag (saved to variablescmaes14_7_138.mat)
   9302: 1.98646422138e+01 | 1.98447485107e+01 | stagnation
mean solution: +1.2e+00 +2.8e-01 +1.4e+00 +2.2e-01 +1.5e+00 +1.0e+00 +3.2e-01 +3.7e-01 +2.8e+00
std deviation:  1.1e-02  2.8e-03  7.8e-03  1.9e-03  4.3e-03  3.4e-03  1.1e-02  1.8e-03  7.4e-04
use plotcmaesdat.m for plotting the output at any time (option LogModulo must not be zero)
