
                            < M A T L A B (R) >
                  Copyright 1984-2015 The MathWorks, Inc.
                   R2015a (8.5.0.197613) 64-bit (glnxa64)
                             February 12, 2015

 
For online documentation, see http://www.mathworks.com/support
For product information, visit www.mathworks.com.
 

	Academic License


seed =

                151.418015


Initialtheta =

          76979.4546603124
          1768217.83416654
          31071032.6753851
          8003.33845686673
          5745.37060142077
          770.200801878243
        0.0475872998453616
          7.52791485426635
          612.714716087377

  n=9: (12,25)-CMA-ES(w=[24 17 14... 1.5 0.74]%, ]%, mu_eff=7.3) on function Error
Iterat, #Fevals:   Function Value    (median,worst) |Axis Ratio|idx:Min SD idx:Max SD
    1 ,     26 : 1.2236195056363e+02 +(4e+07,1e+10) | 5.94e+00 |  7:3.2e-01  2:1.9e+00
    2 ,     51 : 3.6997749145547e+01 +(9e+01,9e+09) | 5.95e+00 |  7:2.8e-01  2:1.6e+00
    3 ,     76 : 1.2335644661863e+02 +(3e-01,2e+09) | 5.65e+00 |  7:2.9e-01  2:1.6e+00
    4 ,    101 : 1.2339158341428e+02 +(5e+06,3e+09) | 5.50e+00 |  9:2.9e-01  2:1.4e+00
    5 ,    126 : 1.2353732084108e+02 +(1e+05,9e+09) | 5.54e+00 |  9:3.0e-01  2:1.5e+00
    6 ,    151 : 3.8748790687948e+01 +(8e+01,2e+11) | 5.52e+00 |  9:2.8e-01  2:1.4e+00
    7 ,    176 : 1.2361593344850e+02 +(9e-02,2e+09) | 5.37e+00 |  9:2.9e-01  2:1.4e+00
    8 ,    201 : 3.0462235779485e+01 +(9e+01,5e+08) | 5.62e+00 |  7:2.6e-01  2:1.3e+00
    9 ,    226 : 1.2177486135669e+02 +(6e+03,7e+07) | 5.51e+00 |  7:2.5e-01  2:1.2e+00
Iterat, #Fevals:   Function Value    (median,worst) |Axis Ratio|idx:Min SD idx:Max SD
   10 ,    251 : 5.0371953188585e+01 +(7e+01,3e+07) | 5.72e+00 |  7:2.4e-01  2:1.2e+00
   11 ,    276 : 1.1943970261762e+02 +(2e+04,3e+06) | 5.62e+00 |  7:2.2e-01  2:1.1e+00
   12 ,    301 : 1.1665754886199e+02 +(7e+00,8e+07) | 5.56e+00 |  7:2.0e-01  2:9.6e-01
   13 ,    326 : 2.2177204177383e+01 +(1e+05,8e+07) | 5.70e+00 |  7:2.0e-01  2:9.5e-01
   14 ,    351 : 4.1733405018295e+01 +(8e+01,2e+06) | 5.70e+00 |  7:1.8e-01  2:8.7e-01
   15 ,    376 : 1.1841616642210e+02 +(1e+04,7e+06) | 5.90e+00 |  7:1.9e-01  2:9.1e-01
   16 ,    401 : 1.1694558135842e+02 +(7e+00,7e+05) | 6.00e+00 |  7:1.7e-01  2:8.5e-01
   17 ,    426 : 1.1622924881232e+02 +(7e+00,1e+06) | 5.95e+00 |  7:1.6e-01  2:8.1e-01
   18 ,    451 : 2.7619028315860e+01 +(1e+02,6e+05) | 5.94e+00 |  7:1.6e-01  2:7.9e-01
   19 ,    476 : 2.8857317571307e+01 +(9e+01,6e+05) | 5.98e+00 |  7:1.5e-01  2:7.4e-01
Iterat, #Fevals:   Function Value    (median,worst) |Axis Ratio|idx:Min SD idx:Max SD
   20 ,    501 : 4.4388681689900e+01 +(8e+01,2e+05) | 6.03e+00 |  9:1.5e-01  2:7.3e-01
   21 ,    526 : 3.5908748066260e+01 +(9e+01,7e+05) | 6.21e+00 |  9:1.5e-01  2:7.5e-01
   22 ,    551 : 1.2233210771311e+02 +(1e+00,3e+06) | 6.23e+00 |  7:1.5e-01  2:7.4e-01
   23 ,    576 : 6.5643564231353e+01 +(6e+01,9e+05) | 6.38e+00 |  7:1.5e-01  2:7.2e-01
   24 ,    601 : 2.5193865799946e+01 +(1e+02,1e+05) | 6.37e+00 |  8:1.4e-01  2:6.9e-01
   25 ,    626 : 2.1807413748330e+01 +(1e+02,5e+04) | 6.38e+00 |  8:1.4e-01  2:7.1e-01
   26 ,    651 : 5.3752479956244e+01 +(7e+01,2e+05) | 6.42e+00 |  8:1.4e-01  2:7.0e-01
   27 ,    676 : 6.2864445938925e+01 +(6e+01,1e+05) | 6.13e+00 |  8:1.3e-01  2:6.8e-01
   28 ,    701 : 2.3881436553763e+01 +(1e+02,9e+04) | 6.34e+00 |  8:1.2e-01  2:6.3e-01
   29 ,    726 : 4.6656342773588e+01 +(8e+01,1e+05) | 6.22e+00 |  8:1.1e-01  2:5.6e-01
Iterat, #Fevals:   Function Value    (median,worst) |Axis Ratio|idx:Min SD idx:Max SD
   30 ,    751 : 2.4429222131968e+01 +(1e+02,1e+04) | 6.23e+00 |  8:1.2e-01  2:6.1e-01
   31 ,    776 : 3.5481905191420e+01 +(9e+01,2e+04) | 6.74e+00 |  8:1.2e-01  2:6.4e-01
   32 ,    801 : 2.7343158249266e+01 +(1e+02,5e+03) | 6.73e+00 |  8:1.1e-01  2:5.8e-01
   33 ,    826 : 2.5738157716795e+01 +(1e+02,3e+03) | 6.84e+00 |  8:8.7e-02  2:4.9e-01
   34 ,    851 : 2.7395505381365e+01 +(9e+01,2e+04) | 7.12e+00 |  8:7.5e-02  2:4.4e-01
   35 ,    876 : 2.5958424453927e+01 +(1e+02,3e+04) | 7.33e+00 |  8:6.4e-02  2:3.9e-01
   36 ,    901 : 2.5207724848291e+01 +(1e+02,5e+03) | 7.40e+00 |  8:5.6e-02  2:3.4e-01
   37 ,    926 : 3.6329049666979e+01 +(9e+01,1e+04) | 7.43e+00 |  8:4.9e-02  2:2.9e-01
   38 ,    951 : 2.5900393727663e+01 +(9e+01,4e+03) | 7.33e+00 |  8:5.3e-02  2:3.0e-01
   39 ,    976 : 3.0899184214134e+01 +(8e+01,2e+02) | 7.27e+00 |  8:5.3e-02  2:2.9e-01
Iterat, #Fevals:   Function Value    (median,worst) |Axis Ratio|idx:Min SD idx:Max SD
   40 ,   1001 : 2.5927430413788e+01 +(5e+01,2e+03) | 7.44e+00 |  8:6.1e-02  2:3.1e-01
   41 ,   1026 : 2.5271672097500e+01 +(1e+02,3e+03) | 7.37e+00 |  8:5.9e-02  2:2.9e-01
   42 ,   1051 : 2.5593100034123e+01 +(7e+01,2e+02) | 7.48e+00 |  8:5.7e-02  2:2.8e-01
   43 ,   1076 : 2.7506517229465e+01 +(4e+01,4e+03) | 7.90e+00 |  8:5.5e-02  2:2.7e-01
   44 ,   1101 : 2.4185149691238e+01 +(6e+01,2e+03) | 8.01e+00 |  8:5.6e-02  2:2.6e-01
   45 ,   1126 : 2.5280264390329e+01 +(3e+01,6e+02) | 8.12e+00 |  1:5.3e-02  2:2.4e-01
   46 ,   1151 : 2.4299787838557e+01 +(7e+01,3e+03) | 8.34e+00 |  1:5.6e-02  2:2.6e-01
   47 ,   1176 : 2.5521151030698e+01 +(9e+01,7e+02) | 8.98e+00 |  8:5.8e-02  2:2.7e-01
   48 ,   1201 : 2.5251373401108e+01 +(5e+01,2e+03) | 9.28e+00 |  1:5.7e-02  2:2.6e-01
   49 ,   1226 : 2.5677092505158e+01 +(8e+01,1e+03) | 9.37e+00 |  1:5.3e-02  2:2.5e-01
Iterat, #Fevals:   Function Value    (median,worst) |Axis Ratio|idx:Min SD idx:Max SD
   50 ,   1251 : 2.4341201066629e+01 +(5e+01,6e+02) | 9.90e+00 |  8:4.5e-02  2:2.1e-01
   51 ,   1276 : 2.4297968071301e+01 +(4e+01,3e+02) | 9.80e+00 |  8:4.8e-02  2:2.2e-01
   52 ,   1301 : 2.4112803729294e+01 +(3e+01,5e+02) | 1.01e+01 |  8:4.7e-02  2:2.2e-01
   53 ,   1326 : 2.5190005365297e+01 +(6e+01,4e+02) | 1.05e+01 |  8:4.1e-02  2:2.0e-01
   54 ,   1351 : 2.3835023271913e+01 +(4e+01,4e+02) | 1.10e+01 |  8:3.9e-02  2:1.9e-01
   55 ,   1376 : 2.5675129146706e+01 +(3e+01,2e+02) | 1.16e+01 |  8:4.0e-02  2:2.0e-01
   56 ,   1401 : 2.4193721258009e+01 +(3e+01,2e+02) | 1.21e+01 |  8:3.7e-02  2:1.8e-01
   57 ,   1426 : 2.7277273380216e+01 +(4e+01,2e+02) | 1.23e+01 |  8:3.5e-02  2:1.7e-01
   58 ,   1451 : 2.4232161326815e+01 +(2e+01,5e+02) | 1.26e+01 |  8:3.3e-02  2:1.6e-01
   59 ,   1476 : 2.3928895674838e+01 +(2e+01,2e+02) | 1.27e+01 |  8:3.2e-02  2:1.6e-01
Iterat, #Fevals:   Function Value    (median,worst) |Axis Ratio|idx:Min SD idx:Max SD
   60 ,   1501 : 2.7473248059404e+01 +(2e+01,3e+02) | 1.29e+01 |  8:2.8e-02  2:1.4e-01
   61 ,   1526 : 2.5082348307140e+01 +(2e+01,2e+02) | 1.32e+01 |  8:2.8e-02  2:1.4e-01
   62 ,   1551 : 2.4549163432599e+01 +(2e+01,3e+02) | 1.33e+01 |  8:3.1e-02  2:1.5e-01
   63 ,   1576 : 2.5055834482601e+01 +(2e+01,1e+02) | 1.37e+01 |  8:3.3e-02  2:1.6e-01
   64 ,   1601 : 2.3880019834567e+01 +(4e+01,3e+02) | 1.43e+01 |  8:3.3e-02  2:1.7e-01
   65 ,   1626 : 2.4412633846693e+01 +(1e+01,1e+02) | 1.47e+01 |  8:3.5e-02  2:1.8e-01
   66 ,   1651 : 2.4792698870261e+01 +(1e+01,3e+02) | 1.56e+01 |  8:3.3e-02  2:1.8e-01
   67 ,   1676 : 2.4016148437625e+01 +(1e+01,6e+01) | 1.61e+01 |  8:3.3e-02  2:1.8e-01
   68 ,   1701 : 2.4601446413634e+01 +(2e+01,9e+01) | 1.72e+01 |  8:3.0e-02  2:1.7e-01
   69 ,   1726 : 2.3898303422235e+01 +(6e+00,2e+02) | 1.76e+01 |  8:2.8e-02  2:1.6e-01
Iterat, #Fevals:   Function Value    (median,worst) |Axis Ratio|idx:Min SD idx:Max SD
   70 ,   1751 : 2.3616054576445e+01 +(7e+00,2e+02) | 1.82e+01 |  8:2.7e-02  2:1.5e-01
   71 ,   1776 : 2.4099033957307e+01 +(2e+01,9e+01) | 1.94e+01 |  8:2.5e-02  2:1.5e-01
   72 ,   1801 : 2.4560791307329e+01 +(5e+00,2e+02) | 1.98e+01 |  8:2.4e-02  2:1.5e-01
   73 ,   1826 : 2.3399583564323e+01 +(1e+01,8e+01) | 1.99e+01 |  8:2.3e-02  2:1.4e-01
   74 ,   1851 : 2.2597377208030e+01 +(1e+01,7e+01) | 2.04e+01 |  8:2.5e-02  2:1.6e-01
   75 ,   1876 : 2.3406812654998e+01 +(9e+00,4e+01) | 2.18e+01 |  8:2.7e-02  2:1.7e-01
   76 ,   1901 : 2.2890496780635e+01 +(1e+01,1e+02) | 2.21e+01 |  8:2.9e-02  2:1.8e-01
   77 ,   1926 : 2.5553171515021e+01 +(2e+01,9e+01) | 2.18e+01 |  8:2.7e-02  2:1.7e-01
   78 ,   1951 : 2.2989591113777e+01 +(1e+01,7e+01) | 2.21e+01 |  8:2.6e-02  2:1.6e-01
   79 ,   1976 : 2.3587340086371e+01 +(1e+01,1e+02) | 2.25e+01 |  8:2.4e-02  2:1.5e-01
Iterat, #Fevals:   Function Value    (median,worst) |Axis Ratio|idx:Min SD idx:Max SD
   80 ,   2001 : 2.3665923800371e+01 +(4e+00,1e+02) | 2.31e+01 |  8:2.5e-02  2:1.5e-01
   81 ,   2026 : 2.3485259521022e+01 +(6e+00,9e+01) | 2.32e+01 |  8:2.5e-02  2:1.4e-01
   82 ,   2051 : 2.3199702542730e+01 +(3e+00,8e+01) | 2.40e+01 |  8:2.2e-02  2:1.3e-01
   83 ,   2076 : 2.2284847928648e+01 +(3e+00,5e+01) | 2.45e+01 |  8:2.3e-02  2:1.4e-01
   84 ,   2101 : 2.2410045348444e+01 +(5e+00,8e+01) | 2.64e+01 |  8:2.4e-02  2:1.5e-01
   85 ,   2126 : 2.2322758941868e+01 +(4e+00,9e+01) | 2.78e+01 |  8:2.4e-02  2:1.5e-01
   86 ,   2151 : 2.2705232654337e+01 +(8e+00,2e+01) | 2.93e+01 |  8:2.2e-02  2:1.4e-01
   87 ,   2176 : 2.2092795861317e+01 +(4e+00,4e+01) | 2.97e+01 |  8:2.5e-02  2:1.5e-01
   88 ,   2201 : 2.1990802743985e+01 +(4e+00,3e+01) | 2.98e+01 |  8:2.4e-02  2:1.5e-01
   89 ,   2226 : 2.1498487949301e+01 +(5e+00,5e+01) | 3.00e+01 |  8:2.2e-02  2:1.4e-01
Iterat, #Fevals:   Function Value    (median,worst) |Axis Ratio|idx:Min SD idx:Max SD
   90 ,   2251 : 2.1845734681794e+01 +(3e+00,5e+01) | 3.07e+01 |  8:2.3e-02  2:1.4e-01
   91 ,   2276 : 2.1907237811747e+01 +(6e+00,5e+01) | 3.07e+01 |  8:2.2e-02  2:1.3e-01
   92 ,   2301 : 2.0736106808279e+01 +(2e+00,4e+01) | 3.09e+01 |  8:2.5e-02  2:1.5e-01
   93 ,   2326 : 2.0969956583574e+01 +(4e+00,4e+01) | 3.07e+01 |  8:2.2e-02  3:1.3e-01
   94 ,   2351 : 2.0847711846770e+01 +(5e+00,5e+01) | 3.10e+01 |  8:2.1e-02  3:1.3e-01
   95 ,   2376 : 2.0177816495408e+01 +(5e+00,8e+01) | 3.24e+01 |  8:2.0e-02  3:1.3e-01
   96 ,   2401 : 2.0130426640319e+01 +(5e+00,6e+01) | 3.34e+01 |  8:1.8e-02  3:1.3e-01
   97 ,   2426 : 2.0280087530453e+01 +(6e+00,8e+01) | 3.31e+01 |  8:1.8e-02  3:1.2e-01
   98 ,   2451 : 2.0672413465730e+01 +(8e+00,2e+01) | 3.34e+01 |  8:1.6e-02  3:1.1e-01
   99 ,   2476 : 2.0141213710642e+01 +(2e+00,9e+01) | 3.55e+01 |  8:1.7e-02  3:1.2e-01
Iterat, #Fevals:   Function Value    (median,worst) |Axis Ratio|idx:Min SD idx:Max SD
  100 ,   2501 : 2.0397632419616e+01 +(3e+00,3e+01) | 3.86e+01 |  8:1.7e-02  3:1.3e-01
  101 ,   2526 : 2.0564404546307e+01 +(3e+00,4e+01) | 4.10e+01 |  8:1.7e-02  3:1.4e-01
  102 ,   2551 : 2.0090683897562e+01 +(2e+00,3e+01) | 4.25e+01 |  8:1.5e-02  3:1.3e-01
  103 ,   2576 : 2.0083859751529e+01 +(3e+00,5e+01) | 4.46e+01 |  8:1.5e-02  3:1.3e-01
  104 ,   2601 : 1.9966708537818e+01 +(2e+00,3e+01) | 4.55e+01 |  8:1.6e-02  3:1.4e-01
  105 ,   2626 : 2.0179956018575e+01 +(4e+00,5e+01) | 4.68e+01 |  8:1.4e-02  3:1.3e-01
  106 ,   2651 : 2.0099316759380e+01 +(2e+00,2e+01) | 4.84e+01 |  8:1.2e-02  3:1.1e-01
  107 ,   2676 : 2.0020557325079e+01 +(4e+00,2e+01) | 5.24e+01 |  8:1.2e-02  3:1.1e-01
  108 ,   2701 : 1.9974632256970e+01 +(1e+00,2e+01) | 5.46e+01 |  8:1.1e-02  3:1.1e-01
  109 ,   2726 : 2.0163673215902e+01 +(1e+00,1e+01) | 5.46e+01 |  8:1.0e-02  3:1.0e-01
Iterat, #Fevals:   Function Value    (median,worst) |Axis Ratio|idx:Min SD idx:Max SD
  110 ,   2751 : 2.0377764702829e+01 +(2e+00,9e+00) | 5.46e+01 |  8:1.1e-02  3:1.0e-01
  111 ,   2776 : 2.0018502209692e+01 +(1e+00,2e+01) | 5.45e+01 |  8:9.6e-03  3:8.6e-02
  112 ,   2801 : 2.0245976243238e+01 +(8e-01,4e+00) | 5.43e+01 |  8:8.2e-03  3:7.3e-02
  113 ,   2826 : 2.0098099710477e+01 +(8e-01,8e+00) | 5.84e+01 |  8:7.6e-03  3:7.3e-02
  114 ,   2851 : 1.9997269605310e+01 +(6e-01,9e+00) | 6.39e+01 |  8:7.5e-03  3:7.8e-02
  115 ,   2876 : 1.9905319714050e+01 +(7e-01,6e+00) | 6.72e+01 |  8:7.2e-03  3:7.3e-02
  116 ,   2901 : 1.9969925244872e+01 +(3e-01,3e+00) | 6.97e+01 |  8:6.6e-03  3:6.8e-02
  117 ,   2926 : 1.9953965808883e+01 +(6e-01,3e+00) | 7.06e+01 |  8:6.2e-03  3:6.3e-02
  118 ,   2951 : 1.9964182777780e+01 +(2e-01,5e+00) | 7.25e+01 |  8:5.6e-03  3:5.6e-02
  119 ,   2976 : 1.9922931214794e+01 +(2e-01,1e+00) | 7.44e+01 |  8:6.1e-03  3:6.0e-02
Iterat, #Fevals:   Function Value    (median,worst) |Axis Ratio|idx:Min SD idx:Max SD
  120 ,   3001 : 1.9974958518715e+01 +(5e-01,2e+00) | 7.71e+01 |  8:5.8e-03  3:5.8e-02
  121 ,   3026 : 2.0007375963325e+01 +(3e-01,2e+00) | 7.47e+01 |  8:5.6e-03  3:5.3e-02
  122 ,   3051 : 1.9933704832089e+01 +(2e-01,2e+00) | 7.86e+01 |  8:5.2e-03  3:5.0e-02
  123 ,   3076 : 1.9949897717632e+01 +(1e-01,2e+00) | 8.14e+01 |  8:4.8e-03  3:4.7e-02
  124 ,   3101 : 1.9929429968296e+01 +(1e-01,8e-01) | 8.68e+01 |  8:4.7e-03  3:4.8e-02
  125 ,   3126 : 1.9924364932220e+01 +(9e-02,7e-01) | 8.37e+01 |  8:4.7e-03  3:4.9e-02
  126 ,   3151 : 1.9930327065532e+01 +(2e-01,1e+00) | 8.40e+01 |  8:4.9e-03  3:5.3e-02
  127 ,   3176 : 1.9954007644513e+01 +(1e-01,1e+00) | 8.87e+01 |  8:4.2e-03  3:4.7e-02
  128 ,   3201 : 1.9954423169294e+01 +(1e-01,1e+00) | 8.81e+01 |  8:3.6e-03  3:4.1e-02
  129 ,   3226 : 1.9937015068027e+01 +(1e-01,1e+00) | 8.99e+01 |  8:3.5e-03  3:3.8e-02
Iterat, #Fevals:   Function Value    (median,worst) |Axis Ratio|idx:Min SD idx:Max SD
  130 ,   3251 : 1.9942264743956e+01 +(9e-02,5e-01) | 9.31e+01 |  8:3.0e-03  3:3.4e-02
  131 ,   3276 : 1.9926987583963e+01 +(8e-02,4e-01) | 9.28e+01 |  8:2.6e-03  3:3.0e-02
  132 ,   3301 : 1.9921059634153e+01 +(6e-02,2e-01) | 9.47e+01 |  8:2.7e-03  3:2.9e-02
  133 ,   3326 : 1.9922422484971e+01 +(5e-02,3e-01) | 9.82e+01 |  8:2.6e-03  3:2.8e-02
  134 ,   3351 : 1.9918488406529e+01 +(4e-02,2e-01) | 1.00e+02 |  8:2.6e-03  3:2.7e-02
  135 ,   3376 : 1.9922916000875e+01 +(3e-02,2e-01) | 1.07e+02 |  8:2.6e-03  3:2.9e-02
  136 ,   3401 : 1.9924095981051e+01 +(5e-02,2e-01) | 1.12e+02 |  8:2.5e-03  3:2.9e-02
  137 ,   3426 : 1.9910151421572e+01 +(6e-02,2e-01) | 1.24e+02 |  8:2.4e-03  3:3.1e-02
  138 ,   3451 : 1.9920000655909e+01 +(3e-02,2e-01) | 1.24e+02 |  8:2.3e-03  3:2.8e-02
  139 ,   3476 : 1.9922804319458e+01 +(3e-02,1e-01) | 1.24e+02 |  8:2.0e-03  3:2.4e-02
Iterat, #Fevals:   Function Value    (median,worst) |Axis Ratio|idx:Min SD idx:Max SD
  140 ,   3501 : 1.9912849284404e+01 +(4e-02,2e-01) | 1.21e+02 |  8:1.7e-03  3:2.1e-02
  141 ,   3526 : 1.9910463567983e+01 +(3e-02,2e-01) | 1.19e+02 |  8:1.6e-03  3:1.9e-02
  142 ,   3551 : 1.9898176155375e+01 +(4e-02,9e-02) | 1.23e+02 |  8:1.6e-03  3:1.8e-02
  143 ,   3576 : 1.9912770228592e+01 +(3e-02,6e-02) | 1.23e+02 |  8:1.6e-03  3:1.7e-02
  144 ,   3601 : 1.9915905750364e+01 +(3e-02,1e-01) | 1.24e+02 |  8:1.6e-03  3:1.8e-02
  145 ,   3626 : 1.9903271430622e+01 +(4e-02,1e-01) | 1.28e+02 |  8:1.7e-03  3:1.8e-02
  146 ,   3651 : 1.9908522587860e+01 +(3e-02,8e-02) | 1.31e+02 |  8:1.7e-03  3:1.8e-02
  147 ,   3676 : 1.9907942173692e+01 +(3e-02,8e-02) | 1.33e+02 |  8:1.7e-03  3:1.7e-02
  148 ,   3701 : 1.9894621824238e+01 +(3e-02,1e-01) | 1.32e+02 |  8:1.6e-03  3:1.6e-02
  149 ,   3726 : 1.9906667651029e+01 +(3e-02,6e-02) | 1.35e+02 |  8:1.4e-03  3:1.5e-02
Iterat, #Fevals:   Function Value    (median,worst) |Axis Ratio|idx:Min SD idx:Max SD
  150 ,   3751 : 1.9905200507240e+01 +(2e-02,5e-02) | 1.42e+02 |  8:1.5e-03  3:1.6e-02
  151 ,   3776 : 1.9912862047309e+01 +(3e-02,5e-02) | 1.42e+02 |  8:1.6e-03  3:1.7e-02
  152 ,   3801 : 1.9909426664665e+01 +(2e-02,5e-02) | 1.45e+02 |  8:1.6e-03  3:1.7e-02
  153 ,   3826 : 1.9903274719734e+01 +(3e-02,4e-02) | 1.56e+02 |  8:1.5e-03  3:1.7e-02
  154 ,   3851 : 1.9899110970270e+01 +(3e-02,5e-02) | 1.58e+02 |  8:1.4e-03  3:1.6e-02
  155 ,   3876 : 1.9907928594234e+01 +(2e-02,5e-02) | 1.63e+02 |  8:1.4e-03  3:1.6e-02
  156 ,   3901 : 1.9895399324989e+01 +(3e-02,6e-02) | 1.74e+02 |  8:1.4e-03  3:1.7e-02
  157 ,   3926 : 1.9892833954920e+01 +(4e-02,6e-02) | 1.68e+02 |  8:1.4e-03  3:1.5e-02
  158 ,   3951 : 1.9913674468557e+01 +(2e-02,5e-02) | 1.71e+02 |  8:1.2e-03  3:1.3e-02
  159 ,   3976 : 1.9901256081756e+01 +(3e-02,5e-02) | 1.67e+02 |  8:1.2e-03  3:1.3e-02
Iterat, #Fevals:   Function Value    (median,worst) |Axis Ratio|idx:Min SD idx:Max SD
  160 ,   4001 : 1.9908325358858e+01 +(2e-02,4e-02) | 1.59e+02 |  8:1.1e-03  3:1.3e-02
  161 ,   4026 : 1.9905984691048e+01 +(2e-02,4e-02) | 1.59e+02 |  8:1.2e-03  3:1.3e-02
  162 ,   4051 : 1.9884491657146e+01 +(4e-02,8e-02) | 1.67e+02 |  8:1.2e-03  3:1.3e-02
  163 ,   4076 : 1.9906179026769e+01 +(2e-02,5e-02) | 1.69e+02 |  8:1.1e-03  3:1.3e-02
  164 ,   4101 : 1.9911737218734e+01 +(2e-02,5e-02) | 1.75e+02 |  8:9.8e-04  3:1.2e-02
  165 ,   4126 : 1.9895339829070e+01 +(3e-02,5e-02) | 1.74e+02 |  8:8.8e-04  3:1.1e-02
  166 ,   4151 : 1.9911574471245e+01 +(2e-02,4e-02) | 1.77e+02 |  8:7.0e-04  3:8.7e-03
  167 ,   4176 : 1.9904772826237e+01 +(2e-02,4e-02) | 1.93e+02 |  8:7.4e-04  3:9.9e-03
  168 ,   4201 : 1.9889725402051e+01 +(3e-02,7e-02) | 2.07e+02 |  8:7.6e-04  3:1.1e-02
  169 ,   4226 : 1.9881737051153e+01 +(5e-02,8e-02) | 2.08e+02 |  8:7.1e-04  3:1.0e-02
Iterat, #Fevals:   Function Value    (median,worst) |Axis Ratio|idx:Min SD idx:Max SD
  170 ,   4251 : 1.9900672956636e+01 +(2e-02,4e-02) | 2.03e+02 |  8:6.9e-04  3:9.5e-03
  171 ,   4276 : 1.9893710891251e+01 +(3e-02,6e-02) | 2.08e+02 |  8:6.5e-04  3:8.9e-03
  172 ,   4301 : 1.9905883086533e+01 +(2e-02,4e-02) | 2.11e+02 |  8:6.4e-04  3:8.0e-03
  173 ,   4326 : 1.9895042426113e+01 +(3e-02,5e-02) | 2.12e+02 |  8:5.5e-04  3:6.8e-03
  174 ,   4351 : 1.9906426328694e+01 +(1e-02,5e-02) | 2.17e+02 |  8:5.8e-04  3:6.9e-03
  175 ,   4376 : 1.9896597849946e+01 +(3e-02,5e-02) | 2.24e+02 |  8:6.5e-04  3:7.9e-03
  176 ,   4401 : 1.9884037986968e+01 +(4e-02,7e-02) | 2.28e+02 |  8:6.9e-04  3:8.4e-03
  177 ,   4426 : 1.9890862012490e+01 +(3e-02,5e-02) | 2.29e+02 |  8:7.8e-04  3:9.6e-03
  178 ,   4451 : 1.9900232265349e+01 +(3e-02,5e-02) | 2.34e+02 |  9:8.7e-04  3:1.1e-02
  179 ,   4476 : 1.9898009703618e+01 +(3e-02,6e-02) | 2.49e+02 |  9:9.9e-04  3:1.3e-02
Iterat, #Fevals:   Function Value    (median,worst) |Axis Ratio|idx:Min SD idx:Max SD
  180 ,   4501 : 1.9891912651199e+01 +(4e-02,6e-02) | 2.67e+02 |  9:9.8e-04  3:1.3e-02
  181 ,   4526 : 1.9905364481090e+01 +(2e-02,5e-02) | 2.64e+02 |  9:1.0e-03  3:1.4e-02
  182 ,   4551 : 1.9893088944763e+01 +(3e-02,5e-02) | 2.66e+02 |  9:8.4e-04  3:1.1e-02
  183 ,   4576 : 1.9900804889225e+01 +(2e-02,4e-02) | 2.61e+02 |  9:7.2e-04  3:9.5e-03
  184 ,   4601 : 1.9882697594104e+01 +(4e-02,7e-02) | 2.68e+02 |  9:7.6e-04  3:9.9e-03
  185 ,   4626 : 1.9897620799674e+01 +(3e-02,5e-02) | 2.62e+02 |  9:6.9e-04  3:8.8e-03
  186 ,   4651 : 1.9888108564057e+01 +(3e-02,4e-02) | 2.63e+02 |  9:7.4e-04  3:9.0e-03
  187 ,   4676 : 1.9901039375874e+01 +(2e-02,5e-02) | 2.69e+02 |  9:8.0e-04  3:9.7e-03
  188 ,   4701 : 1.9898378074338e+01 +(2e-02,5e-02) | 2.72e+02 |  9:7.3e-04  3:9.0e-03
  189 ,   4726 : 1.9883806429235e+01 +(4e-02,5e-02) | 2.67e+02 |  9:6.9e-04  3:8.6e-03
Iterat, #Fevals:   Function Value    (median,worst) |Axis Ratio|idx:Min SD idx:Max SD
  190 ,   4751 : 1.9891008401017e+01 +(3e-02,5e-02) | 2.63e+02 |  9:6.0e-04  3:7.5e-03
  191 ,   4776 : 1.9896100899615e+01 +(3e-02,5e-02) | 2.63e+02 |  9:5.7e-04  3:7.3e-03
  192 ,   4801 : 1.9903514905237e+01 +(2e-02,5e-02) | 2.72e+02 |  9:5.2e-04  3:6.6e-03
  193 ,   4826 : 1.9905153815580e+01 +(2e-02,4e-02) | 2.55e+02 |  9:5.3e-04  3:6.6e-03
  194 ,   4851 : 1.9897791379411e+01 +(3e-02,5e-02) | 2.59e+02 |  9:5.0e-04  3:6.2e-03
  195 ,   4876 : 1.9893983211951e+01 +(3e-02,7e-02) | 2.55e+02 |  9:4.8e-04  3:5.8e-03
  196 ,   4901 : 1.9884203674766e+01 +(4e-02,6e-02) | 2.49e+02 |  9:4.4e-04  3:5.4e-03
  197 ,   4926 : 1.9898821365051e+01 +(2e-02,4e-02) | 2.39e+02 |  9:4.2e-04  3:5.0e-03
  198 ,   4951 : 1.9890011739872e+01 +(3e-02,7e-02) | 2.37e+02 |  9:4.0e-04  3:4.9e-03
  199 ,   4976 : 1.9903121354054e+01 +(1e-02,4e-02) | 2.29e+02 |  9:4.2e-04  3:5.1e-03
Iterat, #Fevals:   Function Value    (median,worst) |Axis Ratio|idx:Min SD idx:Max SD
  200 ,   5001 : 1.9893072836034e+01 +(3e-02,5e-02) | 2.15e+02 |  9:4.6e-04  3:5.6e-03
  201 ,   5026 : 1.9890871095966e+01 +(3e-02,5e-02) | 2.10e+02 |  9:4.5e-04  3:5.4e-03
  202 ,   5051 : 1.9878697467180e+01 +(4e-02,5e-02) | 2.03e+02 |  9:4.2e-04  3:4.9e-03
  203 ,   5076 : 1.9902464430936e+01 +(2e-02,4e-02) | 2.09e+02 |  9:4.1e-04  3:4.7e-03
  204 ,   5101 : 1.9888608920209e+01 +(4e-02,6e-02) | 2.18e+02 |  9:4.3e-04  3:4.9e-03
  205 ,   5126 : 1.9910277706076e+01 +(9e-03,3e-02) | 2.21e+02 |  9:4.5e-04  3:5.2e-03
  206 ,   5151 : 1.9895825796151e+01 +(3e-02,6e-02) | 2.12e+02 |  9:4.4e-04  3:5.0e-03
  207 ,   5176 : 1.9890422436729e+01 +(3e-02,5e-02) | 2.15e+02 |  9:4.3e-04  3:4.9e-03
  208 ,   5201 : 1.9891012392604e+01 +(2e-02,5e-02) | 2.11e+02 |  9:4.2e-04  3:4.6e-03
  209 ,   5226 : 1.9887245198214e+01 +(3e-02,6e-02) | 2.27e+02 |  9:4.2e-04  3:5.0e-03
Iterat, #Fevals:   Function Value    (median,worst) |Axis Ratio|idx:Min SD idx:Max SD
  210 ,   5251 : 1.9906061093950e+01 +(2e-02,5e-02) | 2.20e+02 |  9:4.2e-04  3:4.8e-03
  211 ,   5276 : 1.9899881652021e+01 +(2e-02,5e-02) | 2.18e+02 |  9:4.5e-04  3:5.0e-03
  212 ,   5301 : 1.9879223712673e+01 +(4e-02,6e-02) | 2.16e+02 |  9:4.5e-04  3:5.0e-03
  213 ,   5326 : 1.9899743086523e+01 +(3e-02,5e-02) | 2.25e+02 |  9:4.3e-04  3:5.1e-03
  214 ,   5351 : 1.9885698884401e+01 +(4e-02,6e-02) | 2.23e+02 |  9:4.5e-04  3:5.5e-03
  215 ,   5376 : 1.9897839032633e+01 +(2e-02,4e-02) | 2.26e+02 |  9:5.4e-04  3:6.5e-03
  216 ,   5401 : 1.9904175429940e+01 +(2e-02,4e-02) | 2.28e+02 |  9:5.6e-04  3:6.8e-03
  217 ,   5426 : 1.9893638678681e+01 +(3e-02,6e-02) | 2.24e+02 |  9:5.9e-04  3:7.1e-03
  218 ,   5451 : 1.9899676248001e+01 +(3e-02,5e-02) | 2.20e+02 |  9:6.2e-04  3:7.3e-03
  219 ,   5476 : 1.9888860763313e+01 +(3e-02,6e-02) | 2.19e+02 |  9:6.2e-04  3:7.0e-03
Iterat, #Fevals:   Function Value    (median,worst) |Axis Ratio|idx:Min SD idx:Max SD
  220 ,   5501 : 1.9902120557587e+01 +(3e-02,4e-02) | 2.30e+02 |  9:7.0e-04  3:7.6e-03
  221 ,   5526 : 1.9902108218568e+01 +(2e-02,4e-02) | 2.34e+02 |  9:6.7e-04  3:7.1e-03
  222 ,   5551 : 1.9898824622231e+01 +(3e-02,5e-02) | 2.38e+02 |  9:6.5e-04  3:6.9e-03
  223 ,   5576 : 1.9899449319361e+01 +(3e-02,5e-02) | 2.45e+02 |  9:6.8e-04  3:7.0e-03
  224 ,   5601 : 1.9900755010463e+01 +(2e-02,5e-02) | 2.62e+02 |  9:7.0e-04  3:7.5e-03
  225 ,   5626 : 1.9898691507467e+01 +(3e-02,5e-02) | 2.89e+02 |  9:7.9e-04  3:9.1e-03
  226 ,   5651 : 1.9884572966283e+01 +(4e-02,7e-02) | 2.93e+02 |  9:9.8e-04  3:1.1e-02
  227 ,   5676 : 1.9900068608033e+01 +(3e-02,7e-02) | 3.03e+02 |  9:1.1e-03  3:1.3e-02
  228 ,   5701 : 1.9914609261759e+01 +(2e-02,5e-02) | 3.09e+02 |  9:1.1e-03  3:1.3e-02
  229 ,   5726 : 1.9903167392824e+01 +(3e-02,6e-02) | 3.16e+02 |  9:9.9e-04  3:1.1e-02
Iterat, #Fevals:   Function Value    (median,worst) |Axis Ratio|idx:Min SD idx:Max SD
  230 ,   5751 : 1.9901358171199e+01 +(3e-02,6e-02) | 3.59e+02 |  9:1.1e-03  3:1.5e-02
  231 ,   5776 : 1.9902788480372e+01 +(3e-02,5e-02) | 3.93e+02 |  9:1.2e-03  3:1.8e-02
  232 ,   5801 : 1.9893505955026e+01 +(4e-02,5e-02) | 3.99e+02 |  9:1.2e-03  3:1.8e-02
  233 ,   5826 : 1.9882610872460e+01 +(5e-02,6e-02) | 4.18e+02 |  9:1.0e-03  3:1.6e-02
  234 ,   5851 : 1.9905562621188e+01 +(2e-02,4e-02) | 4.11e+02 |  9:1.0e-03  3:1.5e-02
  235 ,   5876 : 1.9902853516734e+01 +(3e-02,4e-02) | 4.01e+02 |  9:9.8e-04  3:1.4e-02
  236 ,   5901 : 1.9899106766699e+01 +(3e-02,5e-02) | 4.16e+02 |  9:8.9e-04  3:1.4e-02
  237 ,   5926 : 1.9903925739969e+01 +(2e-02,5e-02) | 4.19e+02 |  9:7.7e-04  3:1.2e-02
  238 ,   5951 : 1.9898216844956e+01 +(3e-02,6e-02) | 4.03e+02 |  9:7.3e-04  3:1.1e-02
  239 ,   5976 : 1.9903852642836e+01 +(2e-02,5e-02) | 4.21e+02 |  9:8.3e-04  3:1.3e-02
Iterat, #Fevals:   Function Value    (median,worst) |Axis Ratio|idx:Min SD idx:Max SD
  240 ,   6001 : 1.9903331425821e+01 +(3e-02,5e-02) | 4.39e+02 |  9:8.3e-04  3:1.3e-02
  241 ,   6026 : 1.9889439590362e+01 +(3e-02,6e-02) | 4.42e+02 |  9:8.0e-04  3:1.3e-02
  242 ,   6051 : 1.9904994185802e+01 +(2e-02,4e-02) | 4.54e+02 |  9:8.1e-04  3:1.3e-02
  243 ,   6076 : 1.9891184313445e+01 +(3e-02,5e-02) | 4.59e+02 |  9:9.3e-04  3:1.4e-02
  244 ,   6101 : 1.9894680123154e+01 +(3e-02,6e-02) | 4.65e+02 |  9:8.6e-04  3:1.3e-02
  245 ,   6126 : 1.9896435692764e+01 +(2e-02,4e-02) | 4.68e+02 |  9:7.8e-04  3:1.2e-02
  246 ,   6151 : 1.9895143385733e+01 +(3e-02,5e-02) | 4.89e+02 |  9:7.4e-04  3:1.2e-02
  247 ,   6176 : 1.9907657718873e+01 +(2e-02,4e-02) | 5.07e+02 |  9:6.6e-04  3:1.1e-02
  248 ,   6201 : 1.9900410736629e+01 +(2e-02,5e-02) | 4.87e+02 |  9:6.0e-04  3:9.8e-03
  249 ,   6226 : 1.9901122900986e+01 +(3e-02,6e-02) | 4.86e+02 |  9:6.0e-04  3:9.8e-03
Iterat, #Fevals:   Function Value    (median,worst) |Axis Ratio|idx:Min SD idx:Max SD
  250 ,   6251 : 1.9891973625345e+01 +(3e-02,5e-02) | 4.94e+02 |  9:5.7e-04  3:9.4e-03
  251 ,   6276 : 1.9884753986499e+01 +(4e-02,6e-02) | 4.95e+02 |  9:5.4e-04  3:8.8e-03
  252 ,   6301 : 1.9890964140672e+01 +(3e-02,5e-02) | 4.94e+02 |  9:5.1e-04  3:8.3e-03
  253 ,   6326 : 1.9891057475946e+01 +(3e-02,6e-02) | 4.98e+02 |  9:5.0e-04  3:8.2e-03
  254 ,   6351 : 1.9904332448759e+01 +(2e-02,5e-02) | 4.98e+02 |  9:5.4e-04  3:8.6e-03
  255 ,   6376 : 1.9898787000149e+01 +(2e-02,6e-02) | 4.92e+02 |  9:5.5e-04  3:8.8e-03
  256 ,   6401 : 1.9896986804652e+01 +(2e-02,5e-02) | 4.89e+02 |  9:5.3e-04  3:8.9e-03
  257 ,   6426 : 1.9895004794682e+01 +(3e-02,6e-02) | 4.90e+02 |  9:4.9e-04  3:8.2e-03
  258 ,   6451 : 1.9888401310870e+01 +(3e-02,6e-02) | 4.55e+02 |  9:5.1e-04  3:8.4e-03
  259 ,   6476 : 1.9901578682541e+01 +(2e-02,4e-02) | 4.48e+02 |  9:5.0e-04  3:8.4e-03
Iterat, #Fevals:   Function Value    (median,worst) |Axis Ratio|idx:Min SD idx:Max SD
  260 ,   6501 : 1.9888309473062e+01 +(4e-02,7e-02) | 4.29e+02 |  9:4.9e-04  3:7.9e-03
  261 ,   6526 : 1.9901132920153e+01 +(3e-02,4e-02) | 4.29e+02 |  9:4.7e-04  3:7.8e-03
  262 ,   6551 : 1.9902076663824e+01 +(2e-02,4e-02) | 4.32e+02 |  9:5.0e-04  3:8.0e-03
  263 ,   6576 : 1.9888124356605e+01 +(4e-02,5e-02) | 4.19e+02 |  9:4.7e-04  3:7.2e-03
  264 ,   6601 : 1.9884534293417e+01 +(4e-02,7e-02) | 4.12e+02 |  9:4.0e-04  3:5.9e-03
  265 ,   6626 : 1.9891947352705e+01 +(3e-02,6e-02) | 4.02e+02 |  9:3.9e-04  3:5.7e-03
  266 ,   6651 : 1.9898802317050e+01 +(2e-02,4e-02) | 3.79e+02 |  9:4.1e-04  3:5.7e-03
  267 ,   6676 : 1.9901620629642e+01 +(2e-02,4e-02) | 3.81e+02 |  9:4.4e-04  3:6.2e-03
  268 ,   6701 : 1.9902800390652e+01 +(2e-02,5e-02) | 3.76e+02 |  9:4.1e-04  3:5.7e-03
  269 ,   6726 : 1.9877002776640e+01 +(4e-02,7e-02) | 3.85e+02 |  9:3.9e-04  3:5.7e-03
Iterat, #Fevals:   Function Value    (median,worst) |Axis Ratio|idx:Min SD idx:Max SD
  270 ,   6751 : 1.9906570032744e+01 +(2e-02,4e-02) | 3.99e+02 |  9:3.4e-04  3:5.1e-03
  271 ,   6776 : 1.9893903936728e+01 +(3e-02,5e-02) | 4.07e+02 |  9:3.7e-04  3:5.6e-03
  272 ,   6801 : 1.9892466356679e+01 +(3e-02,5e-02) | 4.07e+02 |  9:3.5e-04  3:5.1e-03
  273 ,   6826 : 1.9898559870205e+01 +(2e-02,4e-02) | 4.21e+02 |  9:3.6e-04  3:5.1e-03
  274 ,   6851 : 1.9893345578442e+01 +(3e-02,6e-02) | 4.18e+02 |  9:3.1e-04  3:4.6e-03
  275 ,   6876 : 1.9905934419766e+01 +(2e-02,3e-02) | 4.18e+02 |  9:3.0e-04  3:4.3e-03
  276 ,   6901 : 1.9890199516695e+01 +(3e-02,5e-02) | 4.34e+02 |  9:3.0e-04  3:4.6e-03
  277 ,   6926 : 1.9894670382337e+01 +(3e-02,6e-02) | 4.47e+02 |  9:3.2e-04  3:5.1e-03
  278 ,   6951 : 1.9897912798407e+01 +(3e-02,5e-02) | 4.59e+02 |  9:3.1e-04  3:4.9e-03
  279 ,   6976 : 1.9903333401516e+01 +(2e-02,5e-02) | 4.69e+02 |  9:3.0e-04  3:4.9e-03
Iterat, #Fevals:   Function Value    (median,worst) |Axis Ratio|idx:Min SD idx:Max SD
  280 ,   7001 : 1.9905971155693e+01 +(2e-02,5e-02) | 5.00e+02 |  9:2.9e-04  3:4.9e-03
  281 ,   7026 : 1.9900209334376e+01 +(3e-02,4e-02) | 4.91e+02 |  9:3.1e-04  3:4.9e-03
  282 ,   7051 : 1.9882662434285e+01 +(4e-02,8e-02) | 4.93e+02 |  9:3.2e-04  3:5.0e-03
  283 ,   7076 : 1.9909589300789e+01 +(1e-02,5e-02) | 4.88e+02 |  9:3.0e-04  3:4.7e-03
  284 ,   7101 : 1.9890686828979e+01 +(4e-02,6e-02) | 4.90e+02 |  9:3.0e-04  3:4.3e-03
  285 ,   7126 : 1.9900560659953e+01 +(2e-02,4e-02) | 4.65e+02 |  9:2.8e-04  3:4.0e-03
  286 ,   7151 : 1.9891702012892e+01 +(3e-02,6e-02) | 4.59e+02 |  9:2.7e-04  3:3.8e-03
  287 ,   7176 : 1.9891785713349e+01 +(3e-02,6e-02) | 4.70e+02 |  9:2.6e-04  3:3.5e-03
  288 ,   7201 : 1.9892232232246e+01 +(3e-02,5e-02) | 4.37e+02 |  9:2.6e-04  3:3.4e-03
  289 ,   7226 : 1.9886832208868e+01 +(4e-02,6e-02) | 4.41e+02 |  9:2.4e-04  3:3.2e-03
Iterat, #Fevals:   Function Value    (median,worst) |Axis Ratio|idx:Min SD idx:Max SD
  290 ,   7251 : 1.9892606187372e+01 +(3e-02,6e-02) | 4.02e+02 |  9:2.7e-04  3:3.5e-03
  291 ,   7276 : 1.9899287637329e+01 +(2e-02,4e-02) | 3.82e+02 |  9:2.5e-04  3:3.3e-03
  292 ,   7301 : 1.9898264259957e+01 +(2e-02,4e-02) | 4.03e+02 |  9:2.3e-04  3:3.2e-03
  293 ,   7326 : 1.9900734819245e+01 +(2e-02,4e-02) | 3.86e+02 |  9:2.5e-04  3:3.3e-03
  294 ,   7351 : 1.9881008561583e+01 +(4e-02,6e-02) | 4.12e+02 |  9:2.3e-04  3:3.2e-03
  295 ,   7376 : 1.9891091002491e+01 +(3e-02,5e-02) | 4.15e+02 |  9:1.9e-04  3:2.6e-03
  296 ,   7401 : 1.9885674135239e+01 +(4e-02,7e-02) | 4.21e+02 |  9:1.9e-04  3:2.5e-03
  297 ,   7426 : 1.9892892180167e+01 +(3e-02,5e-02) | 4.28e+02 |  9:1.9e-04  3:2.5e-03
  298 ,   7451 : 1.9905941230924e+01 +(2e-02,5e-02) | 4.23e+02 |  9:1.9e-04  3:2.6e-03
  299 ,   7476 : 1.9889080112070e+01 +(3e-02,5e-02) | 4.65e+02 |  9:2.1e-04  3:3.1e-03
Iterat, #Fevals:   Function Value    (median,worst) |Axis Ratio|idx:Min SD idx:Max SD
  300 ,   7501 : 1.9902660826547e+01 +(2e-02,5e-02) | 4.79e+02 |  9:2.0e-04  3:3.0e-03
  301 ,   7526 : 1.9893384100338e+01 +(3e-02,4e-02) | 5.08e+02 |  9:2.0e-04  3:3.2e-03
  302 ,   7551 : 1.9896396473177e+01 +(2e-02,4e-02) | 5.08e+02 |  9:2.2e-04  3:3.6e-03
  303 ,   7576 : 1.9892787782053e+01 +(3e-02,5e-02) | 5.47e+02 |  9:2.2e-04  3:3.8e-03
  304 ,   7601 : 1.9882717524427e+01 +(4e-02,6e-02) | 5.82e+02 |  9:2.5e-04  3:4.6e-03
  305 ,   7626 : 1.9894924834565e+01 +(2e-02,4e-02) | 6.40e+02 |  9:2.8e-04  3:5.6e-03
  306 ,   7651 : 1.9900720238009e+01 +(2e-02,6e-02) | 6.49e+02 |  9:2.9e-04  3:5.9e-03
  307 ,   7676 : 1.9888502010456e+01 +(4e-02,5e-02) | 6.44e+02 |  9:3.1e-04  3:6.4e-03
  308 ,   7701 : 1.9894409733849e+01 +(3e-02,4e-02) | 6.43e+02 |  9:3.1e-04  3:6.4e-03
  309 ,   7726 : 1.9891061035846e+01 +(3e-02,5e-02) | 6.55e+02 |  9:2.9e-04  3:5.6e-03
Iterat, #Fevals:   Function Value    (median,worst) |Axis Ratio|idx:Min SD idx:Max SD
  310 ,   7751 : 1.9905568945299e+01 +(2e-02,4e-02) | 6.75e+02 |  9:2.8e-04  3:5.4e-03
  311 ,   7776 : 1.9888156468252e+01 +(4e-02,6e-02) | 7.21e+02 |  9:2.5e-04  3:5.1e-03
  312 ,   7801 : 1.9894458086074e+01 +(3e-02,6e-02) | 7.18e+02 |  9:2.2e-04  3:4.6e-03
  313 ,   7826 : 1.9883060255892e+01 +(4e-02,6e-02) | 7.40e+02 |  9:2.1e-04  3:4.3e-03
  314 ,   7851 : 1.9886100456926e+01 +(3e-02,6e-02) | 7.55e+02 |  9:2.3e-04  3:4.8e-03
  315 ,   7876 : 1.9894147675532e+01 +(3e-02,5e-02) | 8.33e+02 |  9:2.4e-04  3:5.7e-03
  316 ,   7901 : 1.9887634409660e+01 +(3e-02,6e-02) | 8.83e+02 |  9:2.3e-04  3:5.4e-03
  317 ,   7926 : 1.9898708136911e+01 +(2e-02,4e-02) | 9.24e+02 |  9:2.3e-04  3:5.5e-03
  318 ,   7951 : 1.9905065364939e+01 +(2e-02,3e-02) | 9.67e+02 |  9:2.3e-04  3:5.8e-03
  319 ,   7976 : 1.9886492578822e+01 +(3e-02,6e-02) | 9.69e+02 |  9:2.8e-04  3:6.9e-03
Iterat, #Fevals:   Function Value    (median,worst) |Axis Ratio|idx:Min SD idx:Max SD
  320 ,   8001 : 1.9909311322913e+01 +(1e-02,3e-02) | 9.64e+02 |  9:2.5e-04  3:6.2e-03
  321 ,   8026 : 1.9895138738514e+01 +(3e-02,5e-02) | 1.02e+03 |  9:2.4e-04  3:6.1e-03
  322 ,   8051 : 1.9893575013140e+01 +(3e-02,5e-02) | 9.85e+02 |  9:2.3e-04  3:5.7e-03
  323 ,   8076 : 1.9899014105952e+01 +(2e-02,6e-02) | 9.57e+02 |  9:2.5e-04  3:6.1e-03
  324 ,   8101 : 1.9893044818372e+01 +(3e-02,5e-02) | 9.07e+02 |  9:2.6e-04  3:6.3e-03
  325 ,   8126 : 1.9907545870919e+01 +(2e-02,5e-02) | 8.86e+02 |  9:2.6e-04  3:6.1e-03
  326 ,   8151 : 1.9905684166088e+01 +(2e-02,3e-02) | 8.85e+02 |  9:2.4e-04  3:5.7e-03
  327 ,   8176 : 1.9898928800343e+01 +(3e-02,6e-02) | 8.80e+02 |  9:2.2e-04  3:5.1e-03
  328 ,   8201 : 1.9891618315401e+01 +(4e-02,6e-02) | 9.19e+02 |  9:2.0e-04  3:5.0e-03
  329 ,   8226 : 1.9893528734711e+01 +(3e-02,5e-02) | 9.14e+02 |  9:2.0e-04  3:4.7e-03
Iterat, #Fevals:   Function Value    (median,worst) |Axis Ratio|idx:Min SD idx:Max SD
  330 ,   8251 : 1.9889384214804e+01 +(2e-02,5e-02) | 9.11e+02 |  9:1.9e-04  3:4.4e-03
  331 ,   8276 : 1.9894852903055e+01 +(3e-02,5e-02) | 9.71e+02 |  9:2.3e-04  3:5.4e-03
  332 ,   8301 : 1.9888232281750e+01 +(3e-02,6e-02) | 9.72e+02 |  9:2.2e-04  3:5.0e-03
  333 ,   8326 : 1.9886457295429e+01 +(3e-02,6e-02) | 1.02e+03 |  9:2.2e-04  3:5.1e-03
  334 ,   8351 : 1.9873939734933e+01 +(5e-02,6e-02) | 9.90e+02 |  9:2.0e-04  3:4.5e-03
  335 ,   8376 : 1.9886454074886e+01 +(3e-02,6e-02) | 9.65e+02 |  9:1.8e-04  3:4.1e-03
  336 ,   8401 : 1.9872294291061e+01 +(5e-02,7e-02) | 9.59e+02 |  9:1.9e-04  3:4.4e-03
  337 ,   8426 : 1.9893145406629e+01 +(3e-02,6e-02) | 9.45e+02 |  9:2.1e-04  3:4.5e-03
  338 ,   8451 : 1.9888690179644e+01 +(3e-02,6e-02) | 9.47e+02 |  9:2.0e-04  3:4.4e-03
  339 ,   8476 : 1.9894243974332e+01 +(3e-02,4e-02) | 9.65e+02 |  9:2.0e-04  3:4.4e-03
Iterat, #Fevals:   Function Value    (median,worst) |Axis Ratio|idx:Min SD idx:Max SD
  340 ,   8501 : 1.9904773664770e+01 +(2e-02,5e-02) | 9.88e+02 |  9:1.8e-04  3:4.1e-03
  341 ,   8526 : 1.9905966811831e+01 +(2e-02,6e-02) | 1.04e+03 |  9:1.9e-04  3:4.4e-03
  342 ,   8551 : 1.9894808086786e+01 +(3e-02,5e-02) | 1.02e+03 |  9:1.8e-04  3:4.5e-03
  343 ,   8576 : 1.9893726390126e+01 +(3e-02,6e-02) | 1.04e+03 |  9:2.0e-04  3:4.9e-03
  344 ,   8601 : 1.9898169399164e+01 +(2e-02,4e-02) | 1.07e+03 |  9:1.9e-04  3:4.5e-03
  345 ,   8626 : 1.9900112493104e+01 +(2e-02,4e-02) | 1.08e+03 |  9:1.8e-04  3:4.3e-03
  346 ,   8651 : 1.9907512893969e+01 +(2e-02,4e-02) | 1.06e+03 |  9:1.7e-04  3:4.1e-03
  347 ,   8676 : 1.9904214997841e+01 +(2e-02,4e-02) | 1.03e+03 |  9:1.9e-04  3:4.3e-03
  348 ,   8701 : 1.9894552246499e+01 +(2e-02,5e-02) | 1.03e+03 |  9:2.1e-04  3:4.9e-03
  349 ,   8726 : 1.9882052645027e+01 +(4e-02,7e-02) | 1.02e+03 |  9:2.2e-04  3:5.0e-03
Iterat, #Fevals:   Function Value    (median,worst) |Axis Ratio|idx:Min SD idx:Max SD
  350 ,   8751 : 1.9894580778646e+01 +(3e-02,5e-02) | 1.02e+03 |  9:1.9e-04  3:4.5e-03
  351 ,   8776 : 1.9899909613931e+01 +(2e-02,4e-02) | 1.08e+03 |  9:2.0e-04  3:5.2e-03
  352 ,   8801 : 1.9895528990802e+01 +(3e-02,4e-02) | 1.14e+03 |  9:2.0e-04  3:5.1e-03
  353 ,   8826 : 1.9908376991903e+01 +(1e-02,3e-02) | 1.15e+03 |  9:2.0e-04  3:5.0e-03
  354 ,   8851 : 1.9895988564041e+01 +(3e-02,4e-02) | 1.21e+03 |  9:1.9e-04  3:5.2e-03
  355 ,   8876 : 1.9892909237248e+01 +(3e-02,5e-02) | 1.24e+03 |  9:1.9e-04  3:5.1e-03
  356 ,   8901 : 1.9876429728095e+01 +(5e-02,7e-02) | 1.27e+03 |  9:2.2e-04  3:6.0e-03
  357 ,   8926 : 1.9895343571371e+01 +(3e-02,4e-02) | 1.21e+03 |  9:2.1e-04  3:5.8e-03
  358 ,   8951 : 1.9880096051257e+01 +(4e-02,6e-02) | 1.25e+03 |  9:2.2e-04  3:5.9e-03
  359 ,   8976 : 1.9873623507716e+01 +(5e-02,7e-02) | 1.23e+03 |  9:2.0e-04  3:5.4e-03
Iterat, #Fevals:   Function Value    (median,worst) |Axis Ratio|idx:Min SD idx:Max SD
  360 ,   9001 : 1.9891390588024e+01 +(3e-02,5e-02) | 1.27e+03 |  9:1.9e-04  3:5.2e-03
  361 ,   9026 : 1.9892792231070e+01 +(3e-02,6e-02) | 1.24e+03 |  9:2.0e-04  3:5.4e-03
  362 ,   9051 : 1.9897698264031e+01 +(2e-02,5e-02) | 1.25e+03 |  9:1.8e-04  3:4.9e-03
  363 ,   9076 : 1.9885573974595e+01 +(4e-02,6e-02) | 1.25e+03 |  9:1.8e-04  3:4.6e-03
  364 ,   9101 : 1.9891023446876e+01 +(3e-02,6e-02) | 1.22e+03 |  9:1.8e-04  3:4.7e-03
  365 ,   9126 : 1.9905356370793e+01 +(2e-02,4e-02) | 1.21e+03 |  9:2.0e-04  3:5.4e-03
  366 ,   9151 : 1.9897870292807e+01 +(2e-02,5e-02) | 1.23e+03 |  9:2.6e-04  3:6.4e-03
  367 ,   9176 : 1.9894960783472e+01 +(3e-02,5e-02) | 1.20e+03 |  9:2.4e-04  3:6.0e-03
  368 ,   9201 : 1.9897963021434e+01 +(2e-02,5e-02) | 1.21e+03 |  9:2.4e-04  3:5.7e-03
  369 ,   9226 : 1.9899792430227e+01 +(2e-02,3e-02) | 1.15e+03 |  9:2.4e-04  3:5.5e-03
Iterat, #Fevals:   Function Value    (median,worst) |Axis Ratio|idx:Min SD idx:Max SD
  370 ,   9251 : 1.9906596352425e+01 +(2e-02,5e-02) | 1.17e+03 |  9:2.2e-04  3:5.1e-03
  371 ,   9276 : 1.9889887435863e+01 +(3e-02,5e-02) | 1.15e+03 |  9:2.4e-04  3:5.3e-03
  372 ,   9301 : 1.9894412031340e+01 +(2e-02,4e-02) | 1.17e+03 |  9:2.3e-04  3:5.1e-03
  373 ,   9326 : 1.9906671620740e+01 +(1e-02,3e-02) | 1.16e+03 |  9:2.2e-04  3:5.0e-03
  374 ,   9351 : 1.9878701668087e+01 +(4e-02,8e-02) | 1.14e+03 |  9:2.1e-04  3:4.9e-03
  375 ,   9376 : 1.9886470317664e+01 +(3e-02,7e-02) | 1.14e+03 |  9:1.9e-04  3:4.5e-03
  376 ,   9401 : 1.9891021778949e+01 +(3e-02,5e-02) | 1.07e+03 |  9:1.8e-04  3:3.9e-03
  377 ,   9426 : 1.9888965537016e+01 +(3e-02,6e-02) | 1.04e+03 |  9:1.8e-04  3:3.9e-03
  378 ,   9451 : 1.9891659604947e+01 +(3e-02,5e-02) | 1.08e+03 |  9:1.9e-04  3:4.1e-03
  379 ,   9476 : 1.9891072428781e+01 +(3e-02,5e-02) | 1.09e+03 |  9:1.6e-04  3:3.6e-03
Iterat, #Fevals:   Function Value    (median,worst) |Axis Ratio|idx:Min SD idx:Max SD
  380 ,   9501 : 1.9884686575976e+01 +(4e-02,5e-02) | 1.13e+03 |  9:1.5e-04  3:3.3e-03
  381 ,   9526 : 1.9907445064026e+01 +(1e-02,3e-02) | 1.14e+03 |  9:1.3e-04  3:3.0e-03
  382 ,   9551 : 1.9882644209214e+01 +(3e-02,5e-02) | 1.22e+03 |  9:1.4e-04  3:3.3e-03
  383 ,   9576 : 1.9886129514642e+01 +(4e-02,5e-02) | 1.26e+03 |  9:1.2e-04  3:3.0e-03
  384 ,   9601 : 1.9887250627619e+01 +(3e-02,7e-02) | 1.29e+03 |  9:1.2e-04  3:3.0e-03
  385 ,   9626 : 1.9892273783363e+01 +(3e-02,5e-02) | 1.28e+03 |  9:1.3e-04  3:3.1e-03
  386 ,   9651 : 1.9906349273126e+01 +(1e-02,3e-02) | 1.24e+03 |  9:1.1e-04  3:2.5e-03
  387 ,   9676 : 1.9890530863821e+01 +(3e-02,6e-02) | 1.19e+03 |  9:9.4e-05  3:2.2e-03
  388 ,   9701 : 1.9890717083976e+01 +(4e-02,6e-02) | 1.15e+03 |  9:7.9e-05  3:1.8e-03
  389 ,   9726 : 1.9898097161769e+01 +(2e-02,5e-02) | 1.10e+03 |  9:7.7e-05  3:1.8e-03
Iterat, #Fevals:   Function Value    (median,worst) |Axis Ratio|idx:Min SD idx:Max SD
  390 ,   9751 : 1.9885417450416e+01 +(3e-02,5e-02) | 1.07e+03 |  9:7.6e-05  3:1.7e-03
  391 ,   9776 : 1.9886672021019e+01 +(3e-02,6e-02) | 9.53e+02 |  9:7.8e-05  3:1.7e-03
  392 ,   9801 : 1.9891268739341e+01 +(3e-02,4e-02) | 9.65e+02 |  9:7.2e-05  3:1.6e-03
  393 ,   9826 : 1.9884367148381e+01 +(3e-02,6e-02) | 9.73e+02 |  9:6.8e-05  3:1.6e-03
  394 ,   9851 : 1.9887083353798e+01 +(3e-02,6e-02) | 9.36e+02 |  9:8.3e-05  3:1.7e-03
  395 ,   9876 : 1.9911650017320e+01 +(1e-02,3e-02) | 8.90e+02 |  9:9.7e-05  3:2.0e-03
  396 ,   9901 : 1.9894402303233e+01 +(3e-02,4e-02) | 9.08e+02 |  9:1.0e-04  3:2.1e-03
  397 ,   9926 : 1.9893848933304e+01 +(2e-02,5e-02) | 8.84e+02 |  9:1.1e-04  3:2.4e-03
  398 ,   9951 : 1.9886500280658e+01 +(3e-02,5e-02) | 9.01e+02 |  9:1.1e-04  3:2.4e-03
  399 ,   9976 : 1.9896079887416e+01 +(2e-02,6e-02) | 8.90e+02 |  9:1.0e-04  3:2.2e-03
Iterat, #Fevals:   Function Value    (median,worst) |Axis Ratio|idx:Min SD idx:Max SD
  400 ,  10001 : 1.9882476320915e+01 +(4e-02,6e-02) | 8.40e+02 |  9:1.1e-04  3:2.3e-03
  401 ,  10026 : 1.9888987507583e+01 +(3e-02,6e-02) | 8.36e+02 |  9:9.8e-05  3:2.1e-03
  402 ,  10051 : 1.9901117552807e+01 +(2e-02,4e-02) | 8.26e+02 |  9:1.1e-04  3:2.3e-03
  403 ,  10076 : 1.9900815607007e+01 +(2e-02,4e-02) | 7.79e+02 |  9:1.2e-04  3:2.4e-03
  404 ,  10101 : 1.9898904182750e+01 +(2e-02,4e-02) | 8.02e+02 |  9:1.2e-04  3:2.5e-03
  405 ,  10126 : 1.9877502599460e+01 +(4e-02,6e-02) | 7.95e+02 |  9:1.2e-04  3:2.4e-03
  406 ,  10151 : 1.9906137480439e+01 +(2e-02,3e-02) | 8.11e+02 |  9:1.0e-04  3:2.0e-03
  407 ,  10176 : 1.9898152205524e+01 +(2e-02,4e-02) | 8.23e+02 |  9:1.0e-04  3:1.9e-03
  408 ,  10201 : 1.9899663780780e+01 +(2e-02,7e-02) | 8.08e+02 |  9:9.6e-05  3:1.8e-03
  409 ,  10226 : 1.9889405164398e+01 +(3e-02,5e-02) | 8.24e+02 |  9:9.2e-05  3:1.7e-03
Iterat, #Fevals:   Function Value    (median,worst) |Axis Ratio|idx:Min SD idx:Max SD
  410 ,  10251 : 1.9903341884499e+01 +(2e-02,4e-02) | 8.51e+02 |  9:9.7e-05  3:1.8e-03
  411 ,  10276 : 1.9886158211439e+01 +(3e-02,6e-02) | 8.51e+02 |  9:9.5e-05  3:1.7e-03
  412 ,  10301 : 1.9888373896584e+01 +(3e-02,5e-02) | 8.87e+02 |  9:8.6e-05  3:1.6e-03
  413 ,  10326 : 1.9889729676572e+01 +(3e-02,6e-02) | 8.96e+02 |  9:7.9e-05  3:1.5e-03
  414 ,  10351 : 1.9889504617152e+01 +(3e-02,5e-02) | 9.23e+02 |  9:8.4e-05  3:1.6e-03
  415 ,  10376 : 1.9889544207405e+01 +(2e-02,5e-02) | 9.56e+02 |  9:8.1e-05  3:1.6e-03
  416 ,  10401 : 1.9893809603048e+01 +(2e-02,5e-02) | 9.48e+02 |  9:7.6e-05  3:1.5e-03
  417 ,  10426 : 1.9900356172727e+01 +(3e-02,5e-02) | 9.24e+02 |  9:8.1e-05  3:1.6e-03
  418 ,  10451 : 1.9892687831182e+01 +(3e-02,6e-02) | 9.14e+02 |  9:6.6e-05  3:1.3e-03
  419 ,  10476 : 1.9895170098210e+01 +(3e-02,6e-02) | 9.27e+02 |  9:6.1e-05  3:1.2e-03
Iterat, #Fevals:   Function Value    (median,worst) |Axis Ratio|idx:Min SD idx:Max SD
  420 ,  10501 : 1.9898376239811e+01 +(2e-02,5e-02) | 8.60e+02 |  9:6.9e-05  3:1.4e-03
  421 ,  10526 : 1.9881495858552e+01 +(4e-02,6e-02) | 8.59e+02 |  9:6.9e-05  3:1.3e-03
  422 ,  10551 : 1.9890655558459e+01 +(3e-02,5e-02) | 8.53e+02 |  9:6.3e-05  3:1.3e-03
  423 ,  10576 : 1.9886406346841e+01 +(3e-02,6e-02) | 9.08e+02 |  9:6.4e-05  3:1.3e-03
  424 ,  10601 : 1.9907372284869e+01 +(2e-02,5e-02) | 9.11e+02 |  9:5.6e-05  3:1.2e-03
  425 ,  10626 : 1.9889909078383e+01 +(3e-02,5e-02) | 9.10e+02 |  9:5.7e-05  3:1.2e-03
  426 ,  10651 : 1.9891704974976e+01 +(3e-02,4e-02) | 8.76e+02 |  9:5.4e-05  3:1.1e-03
  427 ,  10676 : 1.9894469234910e+01 +(3e-02,6e-02) | 8.66e+02 |  9:4.7e-05  3:9.8e-04
  428 ,  10701 : 1.9900166420410e+01 +(2e-02,5e-02) | 8.50e+02 |  9:4.5e-05  3:9.1e-04
  429 ,  10726 : 1.9888394770343e+01 +(4e-02,4e-02) | 8.38e+02 |  9:5.0e-05  3:9.5e-04
Iterat, #Fevals:   Function Value    (median,worst) |Axis Ratio|idx:Min SD idx:Max SD
  430 ,  10751 : 1.9902824742875e+01 +(2e-02,4e-02) | 8.25e+02 |  9:5.3e-05  3:1.0e-03
  431 ,  10776 : 1.9905089419416e+01 +(2e-02,4e-02) | 8.14e+02 |  9:6.0e-05  3:1.2e-03
  432 ,  10801 : 1.9890831375057e+01 +(3e-02,5e-02) | 8.44e+02 |  9:6.3e-05  3:1.2e-03
  433 ,  10826 : 1.9893764573577e+01 +(2e-02,5e-02) | 8.39e+02 |  9:6.0e-05  3:1.1e-03
  434 ,  10851 : 1.9898001362601e+01 +(3e-02,4e-02) | 9.23e+02 |  9:5.4e-05  3:1.1e-03
  435 ,  10876 : 1.9888562185667e+01 +(3e-02,6e-02) | 9.43e+02 |  9:4.5e-05  3:9.6e-04
  436 ,  10901 : 1.9907886796977e+01 +(2e-02,4e-02) | 9.07e+02 |  9:4.1e-05  3:8.7e-04
  437 ,  10926 : 1.9884904063507e+01 +(4e-02,5e-02) | 9.30e+02 |  9:4.7e-05  3:9.6e-04
  438 ,  10951 : 1.9901758506153e+01 +(2e-02,4e-02) | 9.40e+02 |  9:5.7e-05  3:1.1e-03
  439 ,  10976 : 1.9903332137569e+01 +(2e-02,4e-02) | 9.82e+02 |  9:5.9e-05  3:1.1e-03
Iterat, #Fevals:   Function Value    (median,worst) |Axis Ratio|idx:Min SD idx:Max SD
  440 ,  11001 : 1.9880705823537e+01 +(5e-02,7e-02) | 9.86e+02 |  9:5.7e-05  3:1.0e-03
  441 ,  11026 : 1.9866189937443e+01 +(6e-02,9e-02) | 9.86e+02 |  9:5.5e-05  3:9.9e-04
  442 ,  11051 : 1.9903472755369e+01 +(2e-02,5e-02) | 9.77e+02 |  9:5.9e-05  3:1.1e-03
  443 ,  11076 : 1.9884380219295e+01 +(3e-02,7e-02) | 9.73e+02 |  9:6.2e-05  5:1.0e-03
  444 ,  11101 : 1.9880250579820e+01 +(4e-02,7e-02) | 9.87e+02 |  9:5.8e-05  3:9.7e-04
  445 ,  11126 : 1.9899187104361e+01 +(2e-02,6e-02) | 1.04e+03 |  9:5.7e-05  3:1.0e-03
  446 ,  11151 : 1.9895250787681e+01 +(3e-02,5e-02) | 1.06e+03 |  9:5.0e-05  3:9.1e-04
  447 ,  11176 : 1.9897341805438e+01 +(3e-02,5e-02) | 1.07e+03 |  9:5.1e-05  3:9.1e-04
  448 ,  11201 : 1.9890324223945e+01 +(3e-02,6e-02) | 1.05e+03 |  9:5.1e-05  3:9.1e-04
  449 ,  11226 : 1.9899519522943e+01 +(2e-02,4e-02) | 9.71e+02 |  9:6.2e-05  3:1.1e-03
Iterat, #Fevals:   Function Value    (median,worst) |Axis Ratio|idx:Min SD idx:Max SD
  450 ,  11251 : 1.9900762465773e+01 +(2e-02,4e-02) | 9.89e+02 |  9:6.4e-05  3:1.1e-03
  451 ,  11276 : 1.9881307332622e+01 +(4e-02,7e-02) | 1.00e+03 |  9:5.7e-05  3:1.0e-03
  452 ,  11301 : 1.9909735280503e+01 +(1e-02,3e-02) | 1.01e+03 |  9:5.1e-05  3:8.8e-04
  453 ,  11326 : 1.9900244388200e+01 +(2e-02,4e-02) | 9.74e+02 |  9:5.6e-05  3:9.4e-04
  454 ,  11351 : 1.9905440204510e+01 +(1e-02,3e-02) | 9.49e+02 |  9:5.2e-05  3:8.3e-04
  455 ,  11376 : 1.9892163738792e+01 +(3e-02,6e-02) | 9.35e+02 |  9:4.9e-05  3:8.0e-04
  456 ,  11401 : 1.9891316408634e+01 +(3e-02,6e-02) | 9.41e+02 |  9:5.9e-05  3:8.7e-04
  457 ,  11426 : 1.9897516077136e+01 +(2e-02,3e-02) | 9.73e+02 |  9:7.6e-05  5:1.1e-03
  458 ,  11451 : 1.9892212476487e+01 +(3e-02,6e-02) | 9.78e+02 |  9:7.9e-05  5:1.1e-03
  459 ,  11476 : 1.9889596851170e+01 +(3e-02,6e-02) | 9.72e+02 |  9:8.6e-05  5:1.2e-03
Iterat, #Fevals:   Function Value    (median,worst) |Axis Ratio|idx:Min SD idx:Max SD
  460 ,  11501 : 1.9894125504796e+01 +(3e-02,6e-02) | 9.58e+02 |  9:8.4e-05  5:1.2e-03
  461 ,  11526 : 1.9888346765393e+01 +(4e-02,6e-02) | 9.47e+02 |  9:9.6e-05  5:1.3e-03
  462 ,  11551 : 1.9905721459373e+01 +(2e-02,5e-02) | 1.06e+03 |  9:1.2e-04  5:1.6e-03
  463 ,  11576 : 1.9888970386026e+01 +(4e-02,5e-02) | 1.11e+03 |  9:1.2e-04  5:1.5e-03
  464 ,  11601 : 1.9905699640045e+01 +(2e-02,5e-02) | 1.22e+03 |  9:1.3e-04  5:1.8e-03
  465 ,  11626 : 1.9899048616738e+01 +(3e-02,5e-02) | 1.25e+03 |  9:1.3e-04  5:1.8e-03
  466 ,  11651 : 1.9892482889935e+01 +(3e-02,5e-02) | 1.22e+03 |  9:1.3e-04  5:1.8e-03
  467 ,  11676 : 1.9882524372092e+01 +(4e-02,6e-02) | 1.26e+03 |  9:1.3e-04  5:1.8e-03
  468 ,  11701 : 1.9890389379121e+01 +(3e-02,5e-02) | 1.27e+03 |  9:1.3e-04  5:1.8e-03
  469 ,  11726 : 1.9896494277060e+01 +(3e-02,5e-02) | 1.23e+03 |  9:1.3e-04  5:1.8e-03
Iterat, #Fevals:   Function Value    (median,worst) |Axis Ratio|idx:Min SD idx:Max SD
  470 ,  11751 : 1.9904859009421e+01 +(1e-02,3e-02) | 1.28e+03 |  9:1.3e-04  5:1.8e-03
  471 ,  11776 : 1.9884889104659e+01 +(3e-02,7e-02) | 1.27e+03 |  9:1.3e-04  5:1.8e-03
  472 ,  11801 : 1.9895461533066e+01 +(2e-02,4e-02) | 1.25e+03 |  9:1.5e-04  5:2.0e-03
  473 ,  11826 : 1.9895816660831e+01 +(3e-02,5e-02) | 1.16e+03 |  9:1.6e-04  5:2.3e-03
  474 ,  11851 : 1.9896123893163e+01 +(2e-02,4e-02) | 1.17e+03 |  9:1.5e-04  5:2.2e-03
  475 ,  11876 : 1.9885679699615e+01 +(3e-02,6e-02) | 1.26e+03 |  9:1.5e-04  5:2.3e-03
  476 ,  11901 : 1.9901183110813e+01 +(2e-02,4e-02) | 1.33e+03 |  9:1.7e-04  5:2.5e-03
  477 ,  11926 : 1.9883840797582e+01 +(4e-02,6e-02) | 1.36e+03 |  9:1.5e-04  5:2.4e-03
  478 ,  11951 : 1.9896230258189e+01 +(3e-02,4e-02) | 1.34e+03 |  9:1.5e-04  5:2.4e-03
  479 ,  11976 : 1.9894160905193e+01 +(4e-02,7e-02) | 1.37e+03 |  9:1.4e-04  5:2.2e-03
Iterat, #Fevals:   Function Value    (median,worst) |Axis Ratio|idx:Min SD idx:Max SD
  480 ,  12001 : 1.9895876688932e+01 +(3e-02,7e-02) | 1.37e+03 |  9:1.3e-04  5:2.2e-03
  481 ,  12026 : 1.9884680926120e+01 +(4e-02,5e-02) | 1.36e+03 |  9:1.3e-04  5:2.1e-03
  482 ,  12051 : 1.9883202625244e+01 +(4e-02,6e-02) | 1.41e+03 |  9:1.1e-04  5:1.8e-03
#Fevals:   f(returned x)   |    bestever.f     | stopflag (saved to variablescmaes14_7_102.mat)
  12052: 1.98832026252e+01 | 1.98661899374e+01 | stagnation
mean solution: +1.7e-01 +6.0e-01 +2.5e+00 +5.0e-01 +1.6e+00 +5.4e-01 +1.5e-01 +1.0e-01 +1.6e+00
std deviation:  4.5e-04  6.7e-04  1.4e-03  6.1e-04  1.8e-03  3.2e-04  4.5e-04  1.7e-04  1.1e-04
use plotcmaesdat.m for plotting the output at any time (option LogModulo must not be zero)
