
                            < M A T L A B (R) >
                  Copyright 1984-2015 The MathWorks, Inc.
                   R2015a (8.5.0.197613) 64-bit (glnxa64)
                             February 12, 2015

 
For online documentation, see http://www.mathworks.com/support
For product information, visit www.mathworks.com.
 

	Academic License


seed =

                260.079027


Initialtheta =

          9661.26420449665
          2175794.21174761
          25933435.7319908
          7798.35182764839
          6375.15137779254
           171.21841275217
        0.0211257406050087
          8.44727870159859
          639.894370056353

  n=9: (12,25)-CMA-ES(w=[24 17 14... 1.5 0.74]%, ]%, mu_eff=7.3) on function Error
Iterat, #Fevals:   Function Value    (median,worst) |Axis Ratio|idx:Min SD idx:Max SD
    1 ,     26 : 1.2338085480123e+02 +(1e+06,1e+12) | 9.66e+00 |  9:3.6e-01  1:3.4e+00
    2 ,     51 : 1.0574924780636e+02 +(2e+01,5e+09) | 9.64e+00 |  9:3.6e-01  1:3.4e+00
    3 ,     76 : 1.2303996413501e+02 +(6e-01,3e+08) | 9.40e+00 |  9:3.5e-01  1:3.2e+00
    4 ,    101 : 1.2347351888541e+02 +(2e-01,1e+09) | 9.44e+00 |  9:3.3e-01  1:3.0e+00
    5 ,    126 : 1.0834639525153e+02 +(2e+01,4e+08) | 9.51e+00 |  9:3.3e-01  1:3.1e+00
    6 ,    151 : 8.4958318499696e+01 +(4e+01,1e+08) | 9.46e+00 |  9:3.4e-01  1:3.2e+00
    7 ,    176 : 1.2109910602097e+02 +(3e+00,5e+09) | 9.56e+00 |  9:3.3e-01  1:3.1e+00
    8 ,    201 : 1.1631397965623e+02 +(7e+00,9e+08) | 9.58e+00 |  9:2.9e-01  1:2.6e+00
    9 ,    226 : 1.2351914998947e+02 +(2e-01,6e+08) | 9.59e+00 |  9:2.4e-01  1:2.2e+00
Iterat, #Fevals:   Function Value    (median,worst) |Axis Ratio|idx:Min SD idx:Max SD
   10 ,    251 : 1.2355748203032e+02 +(1e-01,2e+10) | 9.48e+00 |  9:2.1e-01  1:1.9e+00
   11 ,    276 : 1.1627204777019e+02 +(7e+00,1e+08) | 9.64e+00 |  9:1.7e-01  1:1.6e+00
   12 ,    301 : 1.2359417696739e+02 +(6e+04,3e+07) | 9.87e+00 |  9:1.7e-01  1:1.6e+00
   13 ,    326 : 2.5524284955323e+01 +(1e+02,9e+06) | 9.60e+00 |  9:1.5e-01  1:1.4e+00
   14 ,    351 : 1.2353991516385e+02 +(1e-01,2e+06) | 9.61e+00 |  9:1.5e-01  1:1.3e+00
   15 ,    376 : 6.2114066682896e+01 +(6e+01,5e+06) | 9.28e+00 |  9:1.3e-01  1:1.2e+00
   16 ,    401 : 2.7041945685428e+01 +(1e+02,5e+06) | 9.08e+00 |  9:1.3e-01  1:1.1e+00
   17 ,    426 : 1.2363445416140e+02 +(6e-02,7e+05) | 8.97e+00 |  9:1.2e-01  1:1.0e+00
   18 ,    451 : 1.2361752636558e+02 +(8e-02,3e+06) | 9.76e+00 |  9:1.3e-01  1:1.1e+00
   19 ,    476 : 1.2352073260490e+02 +(2e-01,4e+05) | 9.92e+00 |  9:1.2e-01  1:1.1e+00
Iterat, #Fevals:   Function Value    (median,worst) |Axis Ratio|idx:Min SD idx:Max SD
   20 ,    501 : 3.8738561791127e+01 +(8e+01,4e+05) | 9.74e+00 |  9:1.3e-01  1:1.1e+00
   21 ,    526 : 2.5473968982938e+01 +(1e+02,1e+05) | 9.76e+00 |  9:1.6e-01  1:1.4e+00
   22 ,    551 : 2.5610205643425e+01 +(1e+02,9e+04) | 9.45e+00 |  9:1.4e-01  1:1.2e+00
   23 ,    576 : 3.5009218463443e+01 +(9e+01,3e+05) | 9.35e+00 |  9:1.2e-01  1:1.0e+00
   24 ,    601 : 2.6596945828437e+01 +(1e+02,5e+04) | 9.05e+00 |  9:1.0e-01  1:8.7e-01
   25 ,    626 : 3.8009646889366e+01 +(9e+01,4e+05) | 8.55e+00 |  9:1.0e-01  1:7.7e-01
   26 ,    651 : 3.9894150915742e+01 +(8e+01,7e+03) | 8.44e+00 |  9:9.5e-02  1:7.0e-01
   27 ,    676 : 2.6940214802963e+01 +(1e+02,3e+04) | 8.63e+00 |  9:8.2e-02  1:6.2e-01
   28 ,    701 : 2.6101672003270e+01 +(1e+02,3e+03) | 8.80e+00 |  9:7.9e-02  1:5.9e-01
   29 ,    726 : 2.9557343007133e+01 +(9e+01,3e+03) | 8.75e+00 |  9:9.0e-02  1:6.2e-01
Iterat, #Fevals:   Function Value    (median,worst) |Axis Ratio|idx:Min SD idx:Max SD
   30 ,    751 : 2.6251689878555e+01 +(1e+02,1e+04) | 8.82e+00 |  9:1.0e-01  1:6.6e-01
   31 ,    776 : 2.5081049712299e+01 +(1e+02,3e+03) | 8.66e+00 |  9:1.1e-01  1:6.7e-01
   32 ,    801 : 2.5987989585472e+01 +(1e+02,4e+03) | 8.33e+00 |  8:1.0e-01  1:6.4e-01
   33 ,    826 : 2.6381856984032e+01 +(1e+02,7e+03) | 8.39e+00 |  8:1.0e-01  1:6.7e-01
   34 ,    851 : 2.6936926629656e+01 +(7e+01,2e+03) | 8.38e+00 |  8:9.4e-02  1:5.9e-01
   35 ,    876 : 2.6205456100092e+01 +(1e+02,2e+04) | 8.42e+00 |  8:8.5e-02  1:5.4e-01
   36 ,    901 : 2.7169918262732e+01 +(7e+01,2e+04) | 8.37e+00 |  8:7.2e-02  1:4.7e-01
   37 ,    926 : 2.7838326853057e+01 +(8e+01,2e+03) | 8.32e+00 |  8:7.0e-02  1:4.5e-01
   38 ,    951 : 2.5894640284253e+01 +(6e+01,1e+02) | 8.23e+00 |  8:7.0e-02  1:4.4e-01
   39 ,    976 : 2.6501416522512e+01 +(6e+01,3e+02) | 8.14e+00 |  8:6.0e-02  1:3.8e-01
Iterat, #Fevals:   Function Value    (median,worst) |Axis Ratio|idx:Min SD idx:Max SD
   40 ,   1001 : 2.6408727157562e+01 +(7e+01,9e+02) | 8.67e+00 |  8:6.2e-02  1:4.2e-01
   41 ,   1026 : 2.5790522220805e+01 +(3e+01,6e+02) | 9.21e+00 |  8:5.8e-02  1:4.0e-01
   42 ,   1051 : 2.4593612581340e+01 +(3e+01,1e+03) | 9.39e+00 |  8:5.9e-02  1:4.0e-01
   43 ,   1076 : 2.7547511415778e+01 +(3e+01,6e+02) | 9.39e+00 |  8:5.4e-02  1:3.6e-01
   44 ,   1101 : 2.4415947114563e+01 +(2e+01,5e+02) | 9.44e+00 |  8:5.2e-02  1:3.4e-01
   45 ,   1126 : 2.4170878743082e+01 +(3e+01,9e+01) | 1.02e+01 |  8:5.7e-02  1:3.8e-01
   46 ,   1151 : 2.3507688454673e+01 +(3e+01,1e+03) | 1.05e+01 |  8:5.8e-02  1:3.9e-01
   47 ,   1176 : 2.4422644021526e+01 +(1e+01,3e+02) | 1.09e+01 |  8:5.6e-02  1:3.8e-01
   48 ,   1201 : 2.5317567820613e+01 +(4e+01,6e+02) | 1.16e+01 |  8:5.2e-02  1:3.5e-01
   49 ,   1226 : 2.4548008301923e+01 +(2e+01,3e+02) | 1.17e+01 |  8:4.4e-02  1:2.9e-01
Iterat, #Fevals:   Function Value    (median,worst) |Axis Ratio|idx:Min SD idx:Max SD
   50 ,   1251 : 2.5513723095333e+01 +(2e+01,1e+02) | 1.18e+01 |  8:3.5e-02  1:2.4e-01
   51 ,   1276 : 2.4813745134363e+01 +(1e+01,1e+02) | 1.22e+01 |  8:3.4e-02  1:2.3e-01
   52 ,   1301 : 2.4518683175658e+01 +(1e+01,9e+01) | 1.28e+01 |  8:3.6e-02  1:2.5e-01
   53 ,   1326 : 2.4934365181026e+01 +(1e+01,6e+01) | 1.32e+01 |  8:3.1e-02  1:2.2e-01
   54 ,   1351 : 2.4674727251271e+01 +(9e+00,8e+01) | 1.36e+01 |  8:2.7e-02  1:1.9e-01
   55 ,   1376 : 2.4618644116900e+01 +(5e+00,8e+01) | 1.39e+01 |  8:2.4e-02  1:1.7e-01
   56 ,   1401 : 2.4231146390640e+01 +(3e+00,4e+01) | 1.39e+01 |  8:2.4e-02  1:1.7e-01
   57 ,   1426 : 2.4090848739929e+01 +(2e+00,1e+01) | 1.39e+01 |  8:2.5e-02  1:1.7e-01
   58 ,   1451 : 2.4513195246359e+01 +(4e+00,5e+01) | 1.45e+01 |  8:2.1e-02  1:1.4e-01
   59 ,   1476 : 2.3764539906281e+01 +(2e+00,3e+01) | 1.52e+01 |  8:2.1e-02  1:1.4e-01
Iterat, #Fevals:   Function Value    (median,worst) |Axis Ratio|idx:Min SD idx:Max SD
   60 ,   1501 : 2.3615538331837e+01 +(2e+00,2e+01) | 1.56e+01 |  8:2.3e-02  1:1.5e-01
   61 ,   1526 : 2.3781384063488e+01 +(3e+00,3e+01) | 1.53e+01 |  8:2.1e-02  1:1.4e-01
   62 ,   1551 : 2.3284359255909e+01 +(3e+00,2e+01) | 1.62e+01 |  8:2.1e-02  1:1.4e-01
   63 ,   1576 : 2.3519175941067e+01 +(2e+00,1e+01) | 1.67e+01 |  8:1.9e-02  1:1.2e-01
   64 ,   1601 : 2.3273148361917e+01 +(2e+00,1e+01) | 1.76e+01 |  8:1.8e-02  1:1.2e-01
   65 ,   1626 : 2.3445398840494e+01 +(1e+00,1e+01) | 1.82e+01 |  8:1.8e-02  1:1.2e-01
   66 ,   1651 : 2.3092753034361e+01 +(9e-01,5e+00) | 1.95e+01 |  8:2.0e-02  1:1.4e-01
   67 ,   1676 : 2.3256555695181e+01 +(7e-01,2e+01) | 2.03e+01 |  8:1.9e-02  1:1.4e-01
   68 ,   1701 : 2.3249782278793e+01 +(1e+00,1e+01) | 2.12e+01 |  8:1.8e-02  1:1.3e-01
   69 ,   1726 : 2.2927680891195e+01 +(2e+00,7e+00) | 2.13e+01 |  8:2.0e-02  1:1.4e-01
Iterat, #Fevals:   Function Value    (median,worst) |Axis Ratio|idx:Min SD idx:Max SD
   70 ,   1751 : 2.2520055488917e+01 +(1e+00,1e+01) | 2.18e+01 |  8:2.2e-02  1:1.5e-01
   71 ,   1776 : 2.2499243526790e+01 +(2e+00,1e+01) | 2.25e+01 |  8:2.4e-02  1:1.7e-01
   72 ,   1801 : 2.2500837218737e+01 +(2e+00,3e+01) | 2.31e+01 |  8:2.4e-02  1:1.8e-01
   73 ,   1826 : 2.2636501906387e+01 +(2e+00,3e+01) | 2.31e+01 |  8:2.2e-02  1:1.6e-01
   74 ,   1851 : 2.1894938468055e+01 +(2e+00,2e+01) | 2.50e+01 |  8:2.5e-02  6:1.9e-01
   75 ,   1876 : 2.2037169728639e+01 +(2e+00,5e+01) | 2.51e+01 |  8:2.5e-02  6:1.9e-01
   76 ,   1901 : 2.1911018871743e+01 +(2e+00,3e+01) | 2.56e+01 |  8:2.3e-02  6:1.7e-01
   77 ,   1926 : 2.1579591950831e+01 +(2e+00,1e+01) | 2.71e+01 |  8:2.5e-02  6:1.9e-01
   78 ,   1951 : 2.1614790323432e+01 +(3e+00,1e+01) | 2.75e+01 |  8:2.4e-02  6:1.8e-01
   79 ,   1976 : 2.1382822041575e+01 +(2e+00,5e+01) | 2.86e+01 |  8:2.3e-02  6:1.7e-01
Iterat, #Fevals:   Function Value    (median,worst) |Axis Ratio|idx:Min SD idx:Max SD
   80 ,   2001 : 2.1566024396698e+01 +(2e+00,2e+01) | 2.80e+01 |  8:2.0e-02  6:1.5e-01
   81 ,   2026 : 2.1101634458350e+01 +(2e+00,2e+01) | 3.00e+01 |  8:2.0e-02  6:1.5e-01
   82 ,   2051 : 2.0792227572589e+01 +(2e+00,1e+01) | 3.20e+01 |  8:1.9e-02  6:1.5e-01
   83 ,   2076 : 2.0672239202949e+01 +(1e+00,1e+01) | 3.76e+01 |  8:2.3e-02  6:1.8e-01
   84 ,   2101 : 2.0953466312625e+01 +(3e+00,2e+01) | 4.05e+01 |  4:2.6e-02  6:2.1e-01
   85 ,   2126 : 2.0854077048889e+01 +(2e+00,2e+01) | 4.11e+01 |  4:2.7e-02  6:2.2e-01
   86 ,   2151 : 2.0194123990763e+01 +(4e+00,1e+01) | 4.51e+01 |  4:2.9e-02  6:2.5e-01
   87 ,   2176 : 1.9924281722571e+01 +(5e+00,6e+01) | 4.96e+01 |  4:3.3e-02  6:2.9e-01
   88 ,   2201 : 2.0140591726396e+01 +(1e+01,1e+02) | 5.08e+01 |  4:3.2e-02  6:2.7e-01
   89 ,   2226 : 2.0177351907556e+01 +(7e+00,6e+01) | 4.96e+01 |  9:2.8e-02  6:2.3e-01
Iterat, #Fevals:   Function Value    (median,worst) |Axis Ratio|idx:Min SD idx:Max SD
   90 ,   2251 : 2.0217245428315e+01 +(3e+00,2e+01) | 5.13e+01 |  4:3.3e-02  6:2.8e-01
   91 ,   2276 : 2.0530063427115e+01 +(1e+01,8e+01) | 5.17e+01 |  9:3.4e-02  6:2.8e-01
   92 ,   2301 : 2.0208641599694e+01 +(3e+00,2e+01) | 5.40e+01 |  4:3.5e-02  6:3.0e-01
   93 ,   2326 : 2.0263147700544e+01 +(9e+00,2e+02) | 5.48e+01 |  9:3.2e-02  6:2.7e-01
   94 ,   2351 : 2.0976246853828e+01 +(7e+00,6e+01) | 5.89e+01 |  4:3.1e-02  6:2.7e-01
   95 ,   2376 : 2.0389237573571e+01 +(3e+00,7e+01) | 5.93e+01 |  4:2.9e-02  6:2.6e-01
   96 ,   2401 : 2.0217791714585e+01 +(9e+00,3e+02) | 6.04e+01 |  4:2.5e-02  6:2.3e-01
   97 ,   2426 : 2.0410019852008e+01 +(2e+00,4e+01) | 6.03e+01 |  4:2.6e-02  6:2.4e-01
   98 ,   2451 : 2.0095406639736e+01 +(2e+00,1e+01) | 6.03e+01 |  4:2.3e-02  6:2.2e-01
   99 ,   2476 : 2.0696492560539e+01 +(8e-01,9e+00) | 6.12e+01 |  4:2.2e-02  6:2.1e-01
Iterat, #Fevals:   Function Value    (median,worst) |Axis Ratio|idx:Min SD idx:Max SD
  100 ,   2501 : 2.0151067967764e+01 +(2e+00,5e+01) | 6.61e+01 |  4:2.3e-02  6:2.3e-01
  101 ,   2526 : 2.0175078156081e+01 +(2e+00,6e+01) | 6.76e+01 |  4:2.1e-02  6:2.2e-01
  102 ,   2551 : 2.0103253768456e+01 +(2e+00,1e+01) | 6.78e+01 |  4:2.0e-02  6:2.1e-01
  103 ,   2576 : 1.9928799971260e+01 +(2e+00,4e+01) | 7.04e+01 |  4:1.9e-02  6:1.9e-01
  104 ,   2601 : 2.0090375494674e+01 +(8e-01,2e+01) | 7.50e+01 |  4:1.8e-02  6:1.9e-01
  105 ,   2626 : 2.0201203120441e+01 +(1e+00,2e+01) | 8.14e+01 |  4:1.7e-02  6:2.0e-01
  106 ,   2651 : 2.0014016253108e+01 +(9e-01,2e+01) | 8.20e+01 |  4:1.7e-02  6:1.9e-01
  107 ,   2676 : 2.0002882349382e+01 +(1e+00,1e+01) | 8.05e+01 |  4:1.6e-02  6:1.8e-01
  108 ,   2701 : 1.9974641094040e+01 +(9e-01,3e+01) | 8.14e+01 |  4:1.5e-02  6:1.7e-01
  109 ,   2726 : 1.9936218632273e+01 +(8e-01,5e+00) | 8.00e+01 |  4:1.3e-02  6:1.5e-01
Iterat, #Fevals:   Function Value    (median,worst) |Axis Ratio|idx:Min SD idx:Max SD
  110 ,   2751 : 1.9996294834657e+01 +(7e-01,5e+00) | 8.43e+01 |  4:1.4e-02  6:1.6e-01
  111 ,   2776 : 1.9980507733494e+01 +(5e-01,3e+00) | 8.51e+01 |  4:1.2e-02  6:1.4e-01
  112 ,   2801 : 1.9947546969337e+01 +(4e-01,5e+00) | 8.71e+01 |  4:1.2e-02  6:1.3e-01
  113 ,   2826 : 1.9921690741675e+01 +(5e-01,2e+00) | 8.79e+01 |  4:1.1e-02  6:1.2e-01
  114 ,   2851 : 1.9921849211174e+01 +(4e-01,5e+00) | 9.02e+01 |  4:8.7e-03  6:1.0e-01
  115 ,   2876 : 1.9930360234753e+01 +(3e-01,1e+00) | 9.66e+01 |  4:9.2e-03  6:1.1e-01
  116 ,   2901 : 1.9921643800660e+01 +(2e-01,1e+00) | 9.80e+01 |  4:8.6e-03  6:1.0e-01
  117 ,   2926 : 1.9916463318279e+01 +(2e-01,7e+00) | 9.89e+01 |  4:8.0e-03  6:9.2e-02
  118 ,   2951 : 1.9906129653507e+01 +(1e-01,2e+00) | 9.95e+01 |  4:7.4e-03  6:8.3e-02
  119 ,   2976 : 1.9923189726255e+01 +(1e-01,1e+00) | 1.01e+02 |  4:7.3e-03  6:8.3e-02
Iterat, #Fevals:   Function Value    (median,worst) |Axis Ratio|idx:Min SD idx:Max SD
  120 ,   3001 : 1.9923197229472e+01 +(9e-02,2e+00) | 1.04e+02 |  4:7.4e-03  6:8.5e-02
  121 ,   3026 : 1.9908193689720e+01 +(1e-01,9e-01) | 1.05e+02 |  4:7.2e-03  6:8.1e-02
  122 ,   3051 : 1.9905942119192e+01 +(2e-01,9e-01) | 1.08e+02 |  4:7.3e-03  6:8.4e-02
  123 ,   3076 : 1.9903396132350e+01 +(1e-01,6e-01) | 1.11e+02 |  4:7.0e-03  6:7.9e-02
  124 ,   3101 : 1.9912442659470e+01 +(8e-02,6e-01) | 1.08e+02 |  4:6.7e-03  6:7.3e-02
  125 ,   3126 : 1.9916424461475e+01 +(8e-02,5e-01) | 1.11e+02 |  4:5.9e-03  6:6.7e-02
  126 ,   3151 : 1.9893446680068e+01 +(8e-02,3e-01) | 1.18e+02 |  4:5.6e-03  6:6.3e-02
  127 ,   3176 : 1.9911564563949e+01 +(5e-02,2e-01) | 1.18e+02 |  4:4.8e-03  6:5.2e-02
  128 ,   3201 : 1.9902443424122e+01 +(4e-02,1e-01) | 1.22e+02 |  4:4.1e-03  6:4.5e-02
  129 ,   3226 : 1.9896926720996e+01 +(5e-02,2e-01) | 1.30e+02 |  4:3.7e-03  6:4.1e-02
Iterat, #Fevals:   Function Value    (median,worst) |Axis Ratio|idx:Min SD idx:Max SD
  130 ,   3251 : 1.9901025636829e+01 +(3e-02,6e-02) | 1.28e+02 |  8:3.4e-03  6:3.8e-02
  131 ,   3276 : 1.9901319292745e+01 +(4e-02,9e-02) | 1.31e+02 |  8:3.5e-03  6:3.9e-02
  132 ,   3301 : 1.9902059238671e+01 +(3e-02,9e-02) | 1.36e+02 |  8:3.1e-03  6:3.6e-02
  133 ,   3326 : 1.9906107577217e+01 +(3e-02,8e-02) | 1.42e+02 |  8:3.1e-03  6:3.6e-02
  134 ,   3351 : 1.9879154816179e+01 +(5e-02,2e-01) | 1.47e+02 |  8:3.4e-03  6:3.6e-02
  135 ,   3376 : 1.9894716595887e+01 +(2e-02,7e-02) | 1.47e+02 |  8:3.6e-03  6:3.6e-02
  136 ,   3401 : 1.9892951574937e+01 +(3e-02,7e-02) | 1.50e+02 |  9:3.6e-03  6:3.7e-02
  137 ,   3426 : 1.9892087063187e+01 +(3e-02,7e-02) | 1.52e+02 |  9:3.3e-03  6:3.3e-02
  138 ,   3451 : 1.9885049208394e+01 +(4e-02,9e-02) | 1.56e+02 |  9:3.1e-03  6:3.3e-02
  139 ,   3476 : 1.9887696320932e+01 +(3e-02,1e-01) | 1.58e+02 |  9:2.9e-03  6:3.1e-02
Iterat, #Fevals:   Function Value    (median,worst) |Axis Ratio|idx:Min SD idx:Max SD
  140 ,   3501 : 1.9900756682030e+01 +(2e-02,7e-02) | 1.62e+02 |  9:2.8e-03  6:3.0e-02
  141 ,   3526 : 1.9892156385058e+01 +(2e-02,6e-02) | 1.59e+02 |  9:2.7e-03  6:2.9e-02
  142 ,   3551 : 1.9901885758940e+01 +(2e-02,7e-02) | 1.69e+02 |  9:2.7e-03  6:2.9e-02
  143 ,   3576 : 1.9889212902951e+01 +(3e-02,5e-02) | 1.75e+02 |  9:2.4e-03  6:2.6e-02
  144 ,   3601 : 1.9890158805980e+01 +(3e-02,7e-02) | 1.80e+02 |  9:2.0e-03  6:2.3e-02
  145 ,   3626 : 1.9885426664855e+01 +(3e-02,6e-02) | 1.94e+02 |  9:1.9e-03  6:2.2e-02
  146 ,   3651 : 1.9897594036828e+01 +(2e-02,7e-02) | 1.93e+02 |  9:1.6e-03  6:1.9e-02
  147 ,   3676 : 1.9895562017587e+01 +(2e-02,4e-02) | 1.93e+02 |  9:1.6e-03  6:1.9e-02
  148 ,   3701 : 1.9874313592025e+01 +(3e-02,6e-02) | 2.03e+02 |  9:1.7e-03  6:2.0e-02
  149 ,   3726 : 1.9891526590516e+01 +(2e-02,6e-02) | 2.08e+02 |  9:1.6e-03  6:2.0e-02
Iterat, #Fevals:   Function Value    (median,worst) |Axis Ratio|idx:Min SD idx:Max SD
  150 ,   3751 : 1.9876482203311e+01 +(4e-02,7e-02) | 2.10e+02 |  9:1.7e-03  6:2.1e-02
  151 ,   3776 : 1.9890887066704e+01 +(2e-02,4e-02) | 2.14e+02 |  9:1.8e-03  6:2.3e-02
  152 ,   3801 : 1.9874762403280e+01 +(3e-02,6e-02) | 2.16e+02 |  9:1.7e-03  6:2.3e-02
  153 ,   3826 : 1.9885262931106e+01 +(2e-02,5e-02) | 2.19e+02 |  9:1.5e-03  6:2.1e-02
  154 ,   3851 : 1.9889757454829e+01 +(2e-02,6e-02) | 2.32e+02 |  9:1.5e-03  6:2.1e-02
  155 ,   3876 : 1.9884470201938e+01 +(2e-02,5e-02) | 2.36e+02 |  9:1.4e-03  6:2.1e-02
  156 ,   3901 : 1.9884444929189e+01 +(3e-02,5e-02) | 2.54e+02 |  9:1.2e-03  6:2.0e-02
  157 ,   3926 : 1.9891747527891e+01 +(2e-02,4e-02) | 2.58e+02 |  9:1.2e-03  6:2.1e-02
  158 ,   3951 : 1.9879797638743e+01 +(3e-02,6e-02) | 2.61e+02 |  9:1.2e-03  6:1.9e-02
  159 ,   3976 : 1.9877789580869e+01 +(3e-02,6e-02) | 2.73e+02 |  9:1.3e-03  6:2.2e-02
Iterat, #Fevals:   Function Value    (median,worst) |Axis Ratio|idx:Min SD idx:Max SD
  160 ,   4001 : 1.9874012741312e+01 +(4e-02,6e-02) | 2.74e+02 |  9:1.2e-03  6:2.1e-02
  161 ,   4026 : 1.9877241933548e+01 +(3e-02,6e-02) | 2.75e+02 |  9:1.1e-03  6:1.8e-02
  162 ,   4051 : 1.9882698713668e+01 +(2e-02,5e-02) | 2.58e+02 |  9:9.6e-04  6:1.7e-02
  163 ,   4076 : 1.9888304733493e+01 +(2e-02,5e-02) | 2.53e+02 |  9:8.9e-04  6:1.5e-02
  164 ,   4101 : 1.9877294428611e+01 +(4e-02,6e-02) | 2.54e+02 |  9:8.0e-04  6:1.3e-02
  165 ,   4126 : 1.9883563495670e+01 +(3e-02,5e-02) | 2.45e+02 |  9:7.7e-04  6:1.3e-02
  166 ,   4151 : 1.9890687172263e+01 +(2e-02,4e-02) | 2.43e+02 |  9:7.8e-04  6:1.2e-02
  167 ,   4176 : 1.9878614249550e+01 +(3e-02,5e-02) | 2.56e+02 |  9:8.0e-04  6:1.3e-02
  168 ,   4201 : 1.9880915179117e+01 +(2e-02,6e-02) | 2.55e+02 |  9:8.2e-04  6:1.3e-02
  169 ,   4226 : 1.9867161237822e+01 +(4e-02,6e-02) | 2.65e+02 |  9:7.3e-04  6:1.1e-02
Iterat, #Fevals:   Function Value    (median,worst) |Axis Ratio|idx:Min SD idx:Max SD
  170 ,   4251 : 1.9870408378348e+01 +(3e-02,6e-02) | 2.69e+02 |  9:7.3e-04  6:1.1e-02
  171 ,   4276 : 1.9869220690799e+01 +(4e-02,6e-02) | 2.66e+02 |  9:8.3e-04  6:1.3e-02
  172 ,   4301 : 1.9877439794628e+01 +(4e-02,5e-02) | 2.63e+02 |  9:7.2e-04  6:1.1e-02
  173 ,   4326 : 1.9879221903851e+01 +(2e-02,5e-02) | 2.59e+02 |  9:6.4e-04  6:1.0e-02
  174 ,   4351 : 1.9888952723689e+01 +(2e-02,5e-02) | 2.56e+02 |  9:6.3e-04  6:9.9e-03
  175 ,   4376 : 1.9893775616707e+01 +(1e-02,3e-02) | 2.54e+02 |  9:6.3e-04  6:9.9e-03
  176 ,   4401 : 1.9878624835414e+01 +(3e-02,5e-02) | 2.59e+02 |  9:6.6e-04  6:1.1e-02
  177 ,   4426 : 1.9879946660246e+01 +(3e-02,5e-02) | 2.58e+02 |  9:6.4e-04  6:1.0e-02
  178 ,   4451 : 1.9881529475666e+01 +(3e-02,5e-02) | 2.61e+02 |  9:5.5e-04  6:8.8e-03
  179 ,   4476 : 1.9872709824067e+01 +(3e-02,5e-02) | 2.75e+02 |  9:5.3e-04  6:8.7e-03
Iterat, #Fevals:   Function Value    (median,worst) |Axis Ratio|idx:Min SD idx:Max SD
  180 ,   4501 : 1.9890081474866e+01 +(2e-02,4e-02) | 2.73e+02 |  9:4.8e-04  6:7.6e-03
  181 ,   4526 : 1.9877994018529e+01 +(3e-02,5e-02) | 2.77e+02 |  9:4.9e-04  6:7.9e-03
  182 ,   4551 : 1.9888342140403e+01 +(2e-02,4e-02) | 2.81e+02 |  9:4.6e-04  6:7.4e-03
  183 ,   4576 : 1.9878347200553e+01 +(2e-02,4e-02) | 2.72e+02 |  9:4.8e-04  6:7.6e-03
  184 ,   4601 : 1.9879260955917e+01 +(3e-02,4e-02) | 2.67e+02 |  9:5.4e-04  6:8.4e-03
  185 ,   4626 : 1.9890110415922e+01 +(1e-02,4e-02) | 2.62e+02 |  9:5.2e-04  6:8.0e-03
  186 ,   4651 : 1.9871358387613e+01 +(3e-02,6e-02) | 2.59e+02 |  9:5.3e-04  6:7.8e-03
  187 ,   4676 : 1.9877202212443e+01 +(3e-02,6e-02) | 2.66e+02 |  9:4.5e-04  6:6.9e-03
  188 ,   4701 : 1.9880131736329e+01 +(3e-02,5e-02) | 2.63e+02 |  9:3.9e-04  6:6.0e-03
  189 ,   4726 : 1.9879289140098e+01 +(3e-02,5e-02) | 2.69e+02 |  9:4.6e-04  6:6.9e-03
Iterat, #Fevals:   Function Value    (median,worst) |Axis Ratio|idx:Min SD idx:Max SD
  190 ,   4751 : 1.9886678097885e+01 +(2e-02,5e-02) | 2.91e+02 |  9:4.6e-04  6:7.1e-03
  191 ,   4776 : 1.9882993857014e+01 +(3e-02,5e-02) | 2.77e+02 |  9:5.1e-04  6:7.4e-03
  192 ,   4801 : 1.9891207148884e+01 +(2e-02,3e-02) | 2.79e+02 |  9:4.6e-04  6:6.7e-03
  193 ,   4826 : 1.9886803450452e+01 +(2e-02,4e-02) | 2.80e+02 |  9:4.6e-04  6:6.7e-03
  194 ,   4851 : 1.9884048633537e+01 +(3e-02,4e-02) | 2.84e+02 |  9:4.8e-04  6:6.9e-03
  195 ,   4876 : 1.9883441302243e+01 +(2e-02,5e-02) | 2.84e+02 |  9:6.2e-04  6:8.5e-03
  196 ,   4901 : 1.9879745994366e+01 +(3e-02,5e-02) | 2.86e+02 |  9:6.6e-04  6:8.8e-03
  197 ,   4926 : 1.9895845079573e+01 +(2e-02,3e-02) | 2.85e+02 |  9:7.4e-04  6:9.3e-03
  198 ,   4951 : 1.9872218315692e+01 +(4e-02,7e-02) | 3.04e+02 |  9:7.4e-04  6:9.4e-03
  199 ,   4976 : 1.9876555697545e+01 +(4e-02,6e-02) | 3.04e+02 |  9:7.9e-04  6:1.0e-02
Iterat, #Fevals:   Function Value    (median,worst) |Axis Ratio|idx:Min SD idx:Max SD
  200 ,   5001 : 1.9890549465133e+01 +(2e-02,5e-02) | 3.14e+02 |  9:7.9e-04  6:1.0e-02
  201 ,   5026 : 1.9883977621366e+01 +(2e-02,5e-02) | 3.08e+02 |  9:8.2e-04  6:1.0e-02
  202 ,   5051 : 1.9879483832244e+01 +(3e-02,5e-02) | 3.04e+02 |  9:9.4e-04  6:1.2e-02
  203 ,   5076 : 1.9883733753920e+01 +(2e-02,4e-02) | 3.07e+02 |  9:8.8e-04  6:1.1e-02
  204 ,   5101 : 1.9892824955689e+01 +(2e-02,4e-02) | 3.13e+02 |  9:7.8e-04  6:1.0e-02
  205 ,   5126 : 1.9883611224774e+01 +(2e-02,6e-02) | 3.37e+02 |  9:8.0e-04  6:1.1e-02
  206 ,   5151 : 1.9882111336880e+01 +(2e-02,5e-02) | 3.33e+02 |  9:7.8e-04  6:1.1e-02
  207 ,   5176 : 1.9879249482763e+01 +(3e-02,6e-02) | 3.16e+02 |  9:8.5e-04  6:1.1e-02
  208 ,   5201 : 1.9882347147235e+01 +(2e-02,4e-02) | 3.24e+02 |  9:8.3e-04  6:1.1e-02
  209 ,   5226 : 1.9886371335666e+01 +(2e-02,5e-02) | 3.22e+02 |  9:8.0e-04  6:1.1e-02
Iterat, #Fevals:   Function Value    (median,worst) |Axis Ratio|idx:Min SD idx:Max SD
  210 ,   5251 : 1.9874810604017e+01 +(3e-02,6e-02) | 3.30e+02 |  9:8.7e-04  6:1.2e-02
  211 ,   5276 : 1.9883884679775e+01 +(2e-02,5e-02) | 3.51e+02 |  9:9.6e-04  6:1.4e-02
  212 ,   5301 : 1.9887241075945e+01 +(2e-02,4e-02) | 3.39e+02 |  9:9.5e-04  6:1.4e-02
  213 ,   5326 : 1.9873141205354e+01 +(4e-02,5e-02) | 3.54e+02 |  9:9.4e-04  6:1.4e-02
  214 ,   5351 : 1.9875419644180e+01 +(3e-02,4e-02) | 3.50e+02 |  9:8.9e-04  6:1.3e-02
  215 ,   5376 : 1.9881124828745e+01 +(3e-02,5e-02) | 3.37e+02 |  9:8.2e-04  6:1.2e-02
  216 ,   5401 : 1.9892498200240e+01 +(2e-02,4e-02) | 3.43e+02 |  9:7.5e-04  6:1.1e-02
  217 ,   5426 : 1.9883208168476e+01 +(2e-02,5e-02) | 3.49e+02 |  9:6.7e-04  6:9.8e-03
  218 ,   5451 : 1.9877419075534e+01 +(3e-02,5e-02) | 3.55e+02 |  9:6.9e-04  6:1.0e-02
  219 ,   5476 : 1.9886364397124e+01 +(2e-02,4e-02) | 3.51e+02 |  9:7.3e-04  6:1.1e-02
Iterat, #Fevals:   Function Value    (median,worst) |Axis Ratio|idx:Min SD idx:Max SD
  220 ,   5501 : 1.9878284913056e+01 +(2e-02,6e-02) | 3.57e+02 |  9:8.5e-04  6:1.3e-02
  221 ,   5526 : 1.9877467097115e+01 +(3e-02,5e-02) | 3.64e+02 |  9:7.7e-04  6:1.2e-02
  222 ,   5551 : 1.9882069451462e+01 +(2e-02,6e-02) | 3.73e+02 |  9:7.8e-04  6:1.3e-02
  223 ,   5576 : 1.9893287774365e+01 +(1e-02,3e-02) | 3.68e+02 |  9:7.9e-04  6:1.3e-02
  224 ,   5601 : 1.9879090442664e+01 +(3e-02,6e-02) | 3.56e+02 |  9:8.0e-04  6:1.3e-02
  225 ,   5626 : 1.9879830366340e+01 +(3e-02,6e-02) | 3.36e+02 |  9:7.4e-04  6:1.2e-02
  226 ,   5651 : 1.9887368000994e+01 +(2e-02,5e-02) | 3.33e+02 |  9:7.2e-04  6:1.1e-02
  227 ,   5676 : 1.9878805785667e+01 +(3e-02,5e-02) | 3.38e+02 |  9:7.1e-04  1:1.2e-02
  228 ,   5701 : 1.9865498413872e+01 +(5e-02,7e-02) | 3.37e+02 |  9:6.8e-04  1:1.1e-02
  229 ,   5726 : 1.9880110876540e+01 +(3e-02,4e-02) | 3.59e+02 |  9:6.5e-04  1:1.1e-02
Iterat, #Fevals:   Function Value    (median,worst) |Axis Ratio|idx:Min SD idx:Max SD
  230 ,   5751 : 1.9879648765190e+01 +(3e-02,5e-02) | 3.56e+02 |  9:6.0e-04  1:1.1e-02
  231 ,   5776 : 1.9887652862466e+01 +(2e-02,4e-02) | 3.66e+02 |  9:6.1e-04  1:1.2e-02
  232 ,   5801 : 1.9887327717017e+01 +(2e-02,5e-02) | 3.83e+02 |  9:5.8e-04  1:1.2e-02
  233 ,   5826 : 1.9890934428044e+01 +(2e-02,4e-02) | 3.87e+02 |  9:5.5e-04  1:1.1e-02
  234 ,   5851 : 1.9880409253837e+01 +(3e-02,4e-02) | 3.95e+02 |  9:5.2e-04  1:1.1e-02
  235 ,   5876 : 1.9887821426859e+01 +(2e-02,4e-02) | 4.10e+02 |  9:5.4e-04  1:1.1e-02
  236 ,   5901 : 1.9882489897533e+01 +(2e-02,5e-02) | 4.23e+02 |  9:5.0e-04  1:1.1e-02
  237 ,   5926 : 1.9889412986338e+01 +(2e-02,4e-02) | 4.31e+02 |  9:4.4e-04  1:9.6e-03
  238 ,   5951 : 1.9882266394569e+01 +(2e-02,5e-02) | 4.28e+02 |  9:4.1e-04  1:8.8e-03
  239 ,   5976 : 1.9893207489649e+01 +(1e-02,4e-02) | 4.48e+02 |  9:4.1e-04  3:8.8e-03
Iterat, #Fevals:   Function Value    (median,worst) |Axis Ratio|idx:Min SD idx:Max SD
  240 ,   6001 : 1.9874998230625e+01 +(3e-02,5e-02) | 4.43e+02 |  9:4.2e-04  3:8.8e-03
  241 ,   6026 : 1.9885946662290e+01 +(2e-02,4e-02) | 4.50e+02 |  9:3.8e-04  3:8.1e-03
  242 ,   6051 : 1.9876724737932e+01 +(3e-02,5e-02) | 4.38e+02 |  9:3.6e-04  3:7.8e-03
  243 ,   6076 : 1.9880348881479e+01 +(2e-02,4e-02) | 4.41e+02 |  9:3.4e-04  3:7.4e-03
  244 ,   6101 : 1.9888334021004e+01 +(2e-02,4e-02) | 4.36e+02 |  9:3.7e-04  3:8.1e-03
  245 ,   6126 : 1.9887718541242e+01 +(2e-02,4e-02) | 4.18e+02 |  9:3.5e-04  1:7.5e-03
  246 ,   6151 : 1.9880509215274e+01 +(2e-02,5e-02) | 4.44e+02 |  9:3.4e-04  3:7.7e-03
  247 ,   6176 : 1.9890344420396e+01 +(2e-02,5e-02) | 4.56e+02 |  9:3.4e-04  3:7.9e-03
  248 ,   6201 : 1.9881080163733e+01 +(3e-02,5e-02) | 4.57e+02 |  9:3.5e-04  3:8.1e-03
  249 ,   6226 : 1.9880533471251e+01 +(2e-02,5e-02) | 4.77e+02 |  9:4.1e-04  3:9.0e-03
Iterat, #Fevals:   Function Value    (median,worst) |Axis Ratio|idx:Min SD idx:Max SD
  250 ,   6251 : 1.9879466205988e+01 +(3e-02,5e-02) | 4.93e+02 |  9:5.0e-04  3:1.0e-02
  251 ,   6276 : 1.9884821307377e+01 +(2e-02,3e-02) | 5.04e+02 |  9:5.7e-04  1:1.2e-02
  252 ,   6301 : 1.9888828434598e+01 +(1e-02,4e-02) | 5.04e+02 |  9:6.3e-04  1:1.3e-02
  253 ,   6326 : 1.9867561415744e+01 +(3e-02,6e-02) | 4.93e+02 |  9:6.5e-04  1:1.3e-02
  254 ,   6351 : 1.9879777079307e+01 +(3e-02,5e-02) | 5.19e+02 |  9:6.7e-04  1:1.4e-02
  255 ,   6376 : 1.9863494819740e+01 +(5e-02,8e-02) | 5.38e+02 |  9:6.9e-04  1:1.5e-02
  256 ,   6401 : 1.9887574795982e+01 +(3e-02,5e-02) | 5.27e+02 |  9:6.9e-04  1:1.5e-02
  257 ,   6426 : 1.9876184962075e+01 +(3e-02,1e-01) | 5.11e+02 |  9:6.7e-04  1:1.4e-02
  258 ,   6451 : 1.9872963765561e+01 +(4e-02,7e-02) | 5.12e+02 |  9:6.0e-04  1:1.3e-02
  259 ,   6476 : 1.9881822861555e+01 +(3e-02,5e-02) | 5.05e+02 |  9:5.7e-04  1:1.2e-02
Iterat, #Fevals:   Function Value    (median,worst) |Axis Ratio|idx:Min SD idx:Max SD
  260 ,   6501 : 1.9879790541676e+01 +(3e-02,6e-02) | 5.31e+02 |  9:5.7e-04  1:1.3e-02
  261 ,   6526 : 1.9869540559802e+01 +(4e-02,7e-02) | 5.66e+02 |  9:6.2e-04  1:1.5e-02
  262 ,   6551 : 1.9886631363427e+01 +(2e-02,3e-02) | 5.83e+02 |  9:5.8e-04  1:1.5e-02
  263 ,   6576 : 1.9871220054279e+01 +(4e-02,6e-02) | 5.44e+02 |  9:5.0e-04  1:1.3e-02
  264 ,   6601 : 1.9870434766656e+01 +(4e-02,6e-02) | 5.12e+02 |  9:5.1e-04  1:1.3e-02
  265 ,   6626 : 1.9876851659876e+01 +(3e-02,5e-02) | 5.01e+02 |  9:5.0e-04  1:1.3e-02
  266 ,   6651 : 1.9874833123150e+01 +(4e-02,6e-02) | 5.01e+02 |  9:4.1e-04  1:1.1e-02
  267 ,   6676 : 1.9890024143663e+01 +(2e-02,4e-02) | 5.19e+02 |  9:3.7e-04  1:1.0e-02
  268 ,   6701 : 1.9879919066213e+01 +(3e-02,5e-02) | 5.25e+02 |  9:3.4e-04  1:9.5e-03
  269 ,   6726 : 1.9875446209226e+01 +(3e-02,5e-02) | 5.30e+02 |  9:3.2e-04  1:9.3e-03
Iterat, #Fevals:   Function Value    (median,worst) |Axis Ratio|idx:Min SD idx:Max SD
  270 ,   6751 : 1.9888872973165e+01 +(2e-02,4e-02) | 5.22e+02 |  9:3.0e-04  1:8.5e-03
  271 ,   6776 : 1.9879518805478e+01 +(3e-02,6e-02) | 5.33e+02 |  9:2.9e-04  1:8.1e-03
  272 ,   6801 : 1.9888740632222e+01 +(2e-02,4e-02) | 5.53e+02 |  9:2.8e-04  1:8.0e-03
  273 ,   6826 : 1.9880341900717e+01 +(3e-02,5e-02) | 5.27e+02 |  9:2.7e-04  1:8.0e-03
  274 ,   6851 : 1.9881100776320e+01 +(3e-02,6e-02) | 5.21e+02 |  9:2.6e-04  1:7.9e-03
  275 ,   6876 : 1.9875458175084e+01 +(3e-02,5e-02) | 5.29e+02 |  9:2.6e-04  1:7.6e-03
  276 ,   6901 : 1.9865970418983e+01 +(4e-02,7e-02) | 5.05e+02 |  9:2.5e-04  1:7.1e-03
  277 ,   6926 : 1.9877062543068e+01 +(3e-02,5e-02) | 4.98e+02 |  9:2.4e-04  1:6.8e-03
  278 ,   6951 : 1.9871818726359e+01 +(3e-02,6e-02) | 5.28e+02 |  9:2.3e-04  1:6.9e-03
  279 ,   6976 : 1.9873233046388e+01 +(3e-02,5e-02) | 5.58e+02 |  9:2.2e-04  1:6.7e-03
Iterat, #Fevals:   Function Value    (median,worst) |Axis Ratio|idx:Min SD idx:Max SD
  280 ,   7001 : 1.9881626626689e+01 +(3e-02,5e-02) | 5.62e+02 |  9:2.1e-04  1:6.5e-03
  281 ,   7026 : 1.9885373930280e+01 +(2e-02,5e-02) | 5.42e+02 |  9:2.3e-04  1:6.3e-03
  282 ,   7051 : 1.9889156511186e+01 +(2e-02,4e-02) | 5.30e+02 |  9:2.3e-04  1:6.1e-03
  283 ,   7076 : 1.9870079275647e+01 +(3e-02,5e-02) | 5.61e+02 |  9:2.4e-04  1:6.9e-03
  284 ,   7101 : 1.9886323478457e+01 +(2e-02,5e-02) | 5.73e+02 |  9:2.1e-04  1:6.1e-03
  285 ,   7126 : 1.9882396555018e+01 +(2e-02,6e-02) | 5.71e+02 |  9:2.2e-04  1:6.0e-03
  286 ,   7151 : 1.9877542417125e+01 +(3e-02,5e-02) | 5.80e+02 |  9:2.1e-04  1:5.7e-03
  287 ,   7176 : 1.9883661428462e+01 +(2e-02,3e-02) | 5.76e+02 |  9:1.9e-04  1:5.0e-03
  288 ,   7201 : 1.9866994011005e+01 +(4e-02,6e-02) | 5.76e+02 |  9:1.9e-04  1:4.4e-03
  289 ,   7226 : 1.9882379436792e+01 +(2e-02,4e-02) | 6.13e+02 |  9:1.7e-04  1:4.3e-03
Iterat, #Fevals:   Function Value    (median,worst) |Axis Ratio|idx:Min SD idx:Max SD
  290 ,   7251 : 1.9877078188727e+01 +(4e-02,8e-02) | 6.75e+02 |  9:1.7e-04  1:4.0e-03
  291 ,   7276 : 1.9880450513771e+01 +(3e-02,4e-02) | 6.55e+02 |  9:1.6e-04  1:3.9e-03
  292 ,   7301 : 1.9877222298126e+01 +(2e-02,7e-02) | 6.78e+02 |  9:1.6e-04  1:3.9e-03
  293 ,   7326 : 1.9882671273939e+01 +(3e-02,5e-02) | 7.01e+02 |  9:1.6e-04  1:3.8e-03
  294 ,   7351 : 1.9877799447676e+01 +(4e-02,5e-02) | 7.30e+02 |  9:1.4e-04  1:3.3e-03
  295 ,   7376 : 1.9881741254164e+01 +(3e-02,5e-02) | 7.33e+02 |  9:1.4e-04  1:3.3e-03
  296 ,   7401 : 1.9883156079474e+01 +(3e-02,5e-02) | 7.18e+02 |  9:1.4e-04  1:3.3e-03
  297 ,   7426 : 1.9863270351307e+01 +(5e-02,7e-02) | 7.20e+02 |  9:1.3e-04  1:3.2e-03
  298 ,   7451 : 1.9889390241917e+01 +(2e-02,5e-02) | 7.07e+02 |  9:1.4e-04  1:3.5e-03
  299 ,   7476 : 1.9880240013495e+01 +(2e-02,6e-02) | 7.53e+02 |  9:1.4e-04  1:3.9e-03
Iterat, #Fevals:   Function Value    (median,worst) |Axis Ratio|idx:Min SD idx:Max SD
  300 ,   7501 : 1.9883754331364e+01 +(2e-02,5e-02) | 7.52e+02 |  9:1.3e-04  1:3.8e-03
  301 ,   7526 : 1.9871775812382e+01 +(4e-02,5e-02) | 7.55e+02 |  9:1.3e-04  1:3.6e-03
  302 ,   7551 : 1.9865882547880e+01 +(4e-02,6e-02) | 7.60e+02 |  9:1.4e-04  1:3.8e-03
  303 ,   7576 : 1.9875724460603e+01 +(3e-02,6e-02) | 7.67e+02 |  9:1.4e-04  1:3.9e-03
  304 ,   7601 : 1.9884680694236e+01 +(3e-02,5e-02) | 7.93e+02 |  9:1.6e-04  1:4.3e-03
  305 ,   7626 : 1.9881326569927e+01 +(3e-02,4e-02) | 7.84e+02 |  9:2.0e-04  1:4.8e-03
  306 ,   7651 : 1.9876473262596e+01 +(3e-02,6e-02) | 8.06e+02 |  9:1.8e-04  1:4.7e-03
  307 ,   7676 : 1.9877875244399e+01 +(3e-02,6e-02) | 8.03e+02 |  9:1.7e-04  1:4.5e-03
  308 ,   7701 : 1.9882483713385e+01 +(3e-02,5e-02) | 7.81e+02 |  9:1.9e-04  1:4.8e-03
  309 ,   7726 : 1.9865125546759e+01 +(4e-02,7e-02) | 8.11e+02 |  9:1.9e-04  1:5.0e-03
Iterat, #Fevals:   Function Value    (median,worst) |Axis Ratio|idx:Min SD idx:Max SD
  310 ,   7751 : 1.9866617386576e+01 +(4e-02,6e-02) | 8.45e+02 |  9:1.8e-04  1:4.8e-03
  311 ,   7776 : 1.9879073819035e+01 +(2e-02,7e-02) | 8.65e+02 |  9:1.7e-04  1:4.5e-03
  312 ,   7801 : 1.9871203110994e+01 +(4e-02,6e-02) | 8.18e+02 |  9:1.8e-04  1:4.8e-03
  313 ,   7826 : 1.9881793696626e+01 +(3e-02,5e-02) | 8.11e+02 |  9:1.8e-04  1:4.3e-03
  314 ,   7851 : 1.9874161477882e+01 +(3e-02,5e-02) | 8.07e+02 |  9:1.6e-04  1:4.0e-03
  315 ,   7876 : 1.9876763290146e+01 +(3e-02,5e-02) | 8.20e+02 |  9:1.3e-04  1:3.2e-03
  316 ,   7901 : 1.9887546868637e+01 +(2e-02,3e-02) | 7.98e+02 |  9:1.1e-04  1:2.7e-03
  317 ,   7926 : 1.9879138281409e+01 +(2e-02,5e-02) | 8.17e+02 |  9:1.2e-04  1:2.9e-03
  318 ,   7951 : 1.9882264165201e+01 +(2e-02,5e-02) | 7.87e+02 |  9:1.4e-04  1:3.3e-03
  319 ,   7976 : 1.9879151192932e+01 +(3e-02,6e-02) | 7.80e+02 |  9:1.4e-04  1:3.2e-03
Iterat, #Fevals:   Function Value    (median,worst) |Axis Ratio|idx:Min SD idx:Max SD
  320 ,   8001 : 1.9892732603526e+01 +(2e-02,4e-02) | 7.81e+02 |  9:1.4e-04  1:3.1e-03
  321 ,   8026 : 1.9885092838639e+01 +(3e-02,5e-02) | 8.01e+02 |  9:1.7e-04  1:4.0e-03
  322 ,   8051 : 1.9879420084836e+01 +(3e-02,5e-02) | 8.27e+02 |  9:1.9e-04  1:4.4e-03
  323 ,   8076 : 1.9867132553286e+01 +(4e-02,7e-02) | 8.29e+02 |  9:2.0e-04  1:5.0e-03
  324 ,   8101 : 1.9871336824703e+01 +(4e-02,6e-02) | 8.39e+02 |  9:2.2e-04  1:5.6e-03
  325 ,   8126 : 1.9884310108740e+01 +(3e-02,5e-02) | 8.49e+02 |  9:2.0e-04  1:5.3e-03
  326 ,   8151 : 1.9872527236814e+01 +(4e-02,5e-02) | 8.65e+02 |  9:2.2e-04  1:5.8e-03
  327 ,   8176 : 1.9873673453280e+01 +(4e-02,7e-02) | 8.55e+02 |  9:2.1e-04  1:5.8e-03
  328 ,   8201 : 1.9872304731898e+01 +(3e-02,6e-02) | 8.02e+02 |  9:2.0e-04  1:5.4e-03
  329 ,   8226 : 1.9876428982988e+01 +(3e-02,5e-02) | 7.69e+02 |  9:1.8e-04  1:4.9e-03
Iterat, #Fevals:   Function Value    (median,worst) |Axis Ratio|idx:Min SD idx:Max SD
  330 ,   8251 : 1.9881446957324e+01 +(3e-02,5e-02) | 7.76e+02 |  9:1.8e-04  1:4.7e-03
  331 ,   8276 : 1.9872256299367e+01 +(3e-02,6e-02) | 7.42e+02 |  9:1.9e-04  1:4.9e-03
  332 ,   8301 : 1.9889939375722e+01 +(2e-02,4e-02) | 7.68e+02 |  9:2.1e-04  1:5.2e-03
  333 ,   8326 : 1.9875678066841e+01 +(3e-02,5e-02) | 7.50e+02 |  9:1.8e-04  1:4.4e-03
  334 ,   8351 : 1.9869877588155e+01 +(3e-02,6e-02) | 7.74e+02 |  9:1.9e-04  1:4.6e-03
  335 ,   8376 : 1.9882665393134e+01 +(2e-02,5e-02) | 7.60e+02 |  9:1.8e-04  1:4.8e-03
  336 ,   8401 : 1.9880357636535e+01 +(2e-02,6e-02) | 7.92e+02 |  9:1.7e-04  1:4.4e-03
  337 ,   8426 : 1.9884133478153e+01 +(3e-02,5e-02) | 7.78e+02 |  9:1.8e-04  1:4.4e-03
  338 ,   8451 : 1.9878709146399e+01 +(2e-02,5e-02) | 7.70e+02 |  9:1.6e-04  1:4.0e-03
  339 ,   8476 : 1.9864244332593e+01 +(4e-02,7e-02) | 7.74e+02 |  9:1.5e-04  1:3.6e-03
Iterat, #Fevals:   Function Value    (median,worst) |Axis Ratio|idx:Min SD idx:Max SD
  340 ,   8501 : 1.9879402553674e+01 +(2e-02,5e-02) | 7.89e+02 |  9:1.5e-04  1:3.7e-03
  341 ,   8526 : 1.9863920764784e+01 +(4e-02,6e-02) | 7.73e+02 |  9:1.4e-04  1:3.2e-03
  342 ,   8551 : 1.9881276080875e+01 +(3e-02,6e-02) | 8.00e+02 |  9:1.3e-04  1:3.0e-03
  343 ,   8576 : 1.9886563281342e+01 +(2e-02,4e-02) | 8.16e+02 |  9:1.2e-04  1:2.8e-03
  344 ,   8601 : 1.9873455424370e+01 +(2e-02,4e-02) | 8.16e+02 |  9:1.1e-04  1:2.6e-03
  345 ,   8626 : 1.9886616960740e+01 +(2e-02,5e-02) | 8.02e+02 |  9:1.2e-04  1:2.6e-03
  346 ,   8651 : 1.9871265656231e+01 +(4e-02,6e-02) | 8.40e+02 |  9:1.1e-04  1:2.6e-03
  347 ,   8676 : 1.9887236113217e+01 +(1e-02,5e-02) | 8.41e+02 |  9:1.0e-04  1:2.4e-03
  348 ,   8701 : 1.9878729898544e+01 +(3e-02,5e-02) | 8.51e+02 |  9:9.1e-05  1:2.2e-03
  349 ,   8726 : 1.9885255162588e+01 +(2e-02,4e-02) | 8.26e+02 |  9:9.9e-05  1:2.3e-03
Iterat, #Fevals:   Function Value    (median,worst) |Axis Ratio|idx:Min SD idx:Max SD
  350 ,   8751 : 1.9871366583294e+01 +(3e-02,6e-02) | 8.55e+02 |  9:9.6e-05  1:2.3e-03
  351 ,   8776 : 1.9871900606743e+01 +(3e-02,7e-02) | 8.26e+02 |  9:9.8e-05  1:2.4e-03
  352 ,   8801 : 1.9885365911225e+01 +(3e-02,4e-02) | 8.30e+02 |  9:9.0e-05  1:2.2e-03
  353 ,   8826 : 1.9874563866780e+01 +(3e-02,4e-02) | 8.09e+02 |  9:8.6e-05  1:2.1e-03
  354 ,   8851 : 1.9868882606314e+01 +(3e-02,6e-02) | 7.81e+02 |  9:1.1e-04  1:2.6e-03
  355 ,   8876 : 1.9866060183292e+01 +(4e-02,6e-02) | 7.81e+02 |  9:1.3e-04  1:3.1e-03
  356 ,   8901 : 1.9884842750522e+01 +(3e-02,7e-02) | 7.72e+02 |  9:1.2e-04  1:2.8e-03
  357 ,   8926 : 1.9858599504706e+01 +(4e-02,8e-02) | 7.90e+02 |  9:1.2e-04  1:2.9e-03
  358 ,   8951 : 1.9879051336164e+01 +(3e-02,6e-02) | 7.46e+02 |  9:1.2e-04  1:2.9e-03
  359 ,   8976 : 1.9884171961911e+01 +(2e-02,5e-02) | 8.00e+02 |  9:1.3e-04  1:3.3e-03
Iterat, #Fevals:   Function Value    (median,worst) |Axis Ratio|idx:Min SD idx:Max SD
  360 ,   9001 : 1.9864022687792e+01 +(4e-02,6e-02) | 8.05e+02 |  9:1.3e-04  1:3.3e-03
  361 ,   9026 : 1.9871457549277e+01 +(3e-02,5e-02) | 7.67e+02 |  9:1.4e-04  1:3.7e-03
  362 ,   9051 : 1.9877139416912e+01 +(3e-02,6e-02) | 7.38e+02 |  9:1.4e-04  1:3.4e-03
  363 ,   9076 : 1.9873724911064e+01 +(3e-02,6e-02) | 7.19e+02 |  9:1.3e-04  1:3.4e-03
  364 ,   9101 : 1.9875569558899e+01 +(3e-02,5e-02) | 7.02e+02 |  9:1.3e-04  1:3.3e-03
  365 ,   9126 : 1.9877024886128e+01 +(3e-02,5e-02) | 7.20e+02 |  9:1.5e-04  1:3.8e-03
  366 ,   9151 : 1.9863130016288e+01 +(4e-02,7e-02) | 7.06e+02 |  9:1.5e-04  1:3.8e-03
  367 ,   9176 : 1.9884155185854e+01 +(2e-02,5e-02) | 7.02e+02 |  9:1.6e-04  1:3.7e-03
  368 ,   9201 : 1.9878297697540e+01 +(3e-02,6e-02) | 7.69e+02 |  9:1.4e-04  1:3.4e-03
  369 ,   9226 : 1.9876275343369e+01 +(3e-02,5e-02) | 7.78e+02 |  9:1.5e-04  1:3.8e-03
Iterat, #Fevals:   Function Value    (median,worst) |Axis Ratio|idx:Min SD idx:Max SD
  370 ,   9251 : 1.9876417623306e+01 +(3e-02,6e-02) | 7.16e+02 |  9:1.9e-04  1:4.5e-03
  371 ,   9276 : 1.9868259827654e+01 +(4e-02,5e-02) | 7.26e+02 |  9:2.4e-04  1:5.5e-03
  372 ,   9301 : 1.9866568355106e+01 +(4e-02,6e-02) | 7.53e+02 |  9:2.7e-04  1:6.2e-03
  373 ,   9326 : 1.9885277580250e+01 +(2e-02,5e-02) | 7.62e+02 |  9:3.2e-04  1:7.3e-03
  374 ,   9351 : 1.9872925130408e+01 +(4e-02,5e-02) | 7.77e+02 |  9:3.2e-04  1:7.3e-03
  375 ,   9376 : 1.9877483189185e+01 +(3e-02,7e-02) | 7.70e+02 |  9:3.0e-04  1:6.7e-03
  376 ,   9401 : 1.9871743341375e+01 +(4e-02,7e-02) | 8.14e+02 |  9:2.9e-04  1:6.7e-03
  377 ,   9426 : 1.9882986503633e+01 +(2e-02,5e-02) | 8.55e+02 |  9:2.5e-04  1:6.0e-03
  378 ,   9451 : 1.9888635397073e+01 +(2e-02,6e-02) | 8.68e+02 |  9:2.2e-04  1:5.5e-03
  379 ,   9476 : 1.9884767094899e+01 +(2e-02,5e-02) | 8.68e+02 |  9:2.0e-04  1:4.9e-03
Iterat, #Fevals:   Function Value    (median,worst) |Axis Ratio|idx:Min SD idx:Max SD
  380 ,   9501 : 1.9883042280404e+01 +(3e-02,5e-02) | 9.18e+02 |  9:1.9e-04  1:4.6e-03
  381 ,   9526 : 1.9867349253795e+01 +(3e-02,6e-02) | 9.56e+02 |  9:1.9e-04  1:4.7e-03
  382 ,   9551 : 1.9880483816504e+01 +(3e-02,5e-02) | 9.78e+02 |  9:1.7e-04  1:4.0e-03
  383 ,   9576 : 1.9873807655094e+01 +(3e-02,6e-02) | 9.74e+02 |  9:1.7e-04  1:4.1e-03
  384 ,   9601 : 1.9879426199549e+01 +(3e-02,7e-02) | 9.84e+02 |  9:1.8e-04  1:4.4e-03
  385 ,   9626 : 1.9872786541627e+01 +(3e-02,6e-02) | 9.65e+02 |  9:1.8e-04  1:4.3e-03
  386 ,   9651 : 1.9878401308000e+01 +(3e-02,5e-02) | 9.77e+02 |  9:1.7e-04  1:4.0e-03
  387 ,   9676 : 1.9868825229468e+01 +(4e-02,6e-02) | 9.44e+02 |  9:1.5e-04  1:3.6e-03
  388 ,   9701 : 1.9878480896860e+01 +(3e-02,5e-02) | 9.48e+02 |  9:1.3e-04  1:3.1e-03
  389 ,   9726 : 1.9887676734614e+01 +(2e-02,4e-02) | 9.80e+02 |  9:1.2e-04  1:2.7e-03
Iterat, #Fevals:   Function Value    (median,worst) |Axis Ratio|idx:Min SD idx:Max SD
  390 ,   9751 : 1.9878562590578e+01 +(3e-02,7e-02) | 9.63e+02 |  9:1.2e-04  1:2.8e-03
  391 ,   9776 : 1.9875794469200e+01 +(2e-02,6e-02) | 9.54e+02 |  9:1.2e-04  1:2.6e-03
  392 ,   9801 : 1.9879218005421e+01 +(3e-02,5e-02) | 9.40e+02 |  9:1.2e-04  1:2.7e-03
  393 ,   9826 : 1.9869522441656e+01 +(4e-02,6e-02) | 1.00e+03 |  9:1.1e-04  1:2.6e-03
  394 ,   9851 : 1.9884676870830e+01 +(2e-02,6e-02) | 1.03e+03 |  9:1.0e-04  1:2.4e-03
  395 ,   9876 : 1.9869157162275e+01 +(4e-02,6e-02) | 1.05e+03 |  9:1.1e-04  1:2.7e-03
  396 ,   9901 : 1.9874746890851e+01 +(3e-02,5e-02) | 1.07e+03 |  9:1.1e-04  1:2.8e-03
  397 ,   9926 : 1.9881206118231e+01 +(3e-02,4e-02) | 1.09e+03 |  9:1.2e-04  1:3.2e-03
  398 ,   9951 : 1.9876431048303e+01 +(3e-02,5e-02) | 1.08e+03 |  9:1.3e-04  1:3.3e-03
  399 ,   9976 : 1.9870821916299e+01 +(4e-02,5e-02) | 1.09e+03 |  9:1.2e-04  1:3.3e-03
Iterat, #Fevals:   Function Value    (median,worst) |Axis Ratio|idx:Min SD idx:Max SD
  400 ,  10001 : 1.9873987259507e+01 +(3e-02,7e-02) | 1.06e+03 |  9:1.4e-04  1:3.6e-03
  401 ,  10026 : 1.9875230797165e+01 +(3e-02,6e-02) | 1.08e+03 |  9:1.3e-04  1:3.6e-03
  402 ,  10051 : 1.9888303056380e+01 +(2e-02,4e-02) | 1.10e+03 |  9:1.3e-04  1:3.4e-03
  403 ,  10076 : 1.9869943253852e+01 +(3e-02,7e-02) | 1.11e+03 |  9:1.2e-04  1:3.4e-03
  404 ,  10101 : 1.9880766950885e+01 +(3e-02,5e-02) | 1.09e+03 |  9:1.3e-04  1:3.6e-03
  405 ,  10126 : 1.9870223552266e+01 +(3e-02,6e-02) | 1.17e+03 |  9:1.2e-04  1:3.8e-03
  406 ,  10151 : 1.9869936156686e+01 +(4e-02,6e-02) | 1.12e+03 |  9:1.3e-04  1:4.0e-03
  407 ,  10176 : 1.9877336869952e+01 +(2e-02,4e-02) | 1.10e+03 |  9:1.2e-04  1:3.8e-03
  408 ,  10201 : 1.9872883488476e+01 +(3e-02,5e-02) | 1.10e+03 |  9:1.1e-04  1:3.4e-03
  409 ,  10226 : 1.9880019457923e+01 +(2e-02,5e-02) | 1.15e+03 |  9:1.1e-04  1:3.7e-03
Iterat, #Fevals:   Function Value    (median,worst) |Axis Ratio|idx:Min SD idx:Max SD
  410 ,  10251 : 1.9878273312193e+01 +(2e-02,4e-02) | 1.13e+03 |  9:1.1e-04  1:3.9e-03
  411 ,  10276 : 1.9875668315454e+01 +(3e-02,7e-02) | 1.14e+03 |  9:1.2e-04  1:3.9e-03
  412 ,  10301 : 1.9883856820262e+01 +(2e-02,5e-02) | 1.14e+03 |  9:1.3e-04  1:4.2e-03
  413 ,  10326 : 1.9882135215147e+01 +(3e-02,5e-02) | 1.20e+03 |  9:1.2e-04  1:4.0e-03
  414 ,  10351 : 1.9886377657782e+01 +(1e-02,5e-02) | 1.22e+03 |  9:1.1e-04  1:4.0e-03
  415 ,  10376 : 1.9881851709808e+01 +(2e-02,6e-02) | 1.25e+03 |  9:1.2e-04  1:4.2e-03
  416 ,  10401 : 1.9887515814495e+01 +(2e-02,5e-02) | 1.22e+03 |  9:1.2e-04  1:4.5e-03
  417 ,  10426 : 1.9879865483413e+01 +(2e-02,4e-02) | 1.22e+03 |  9:1.2e-04  1:4.4e-03
  418 ,  10451 : 1.9877969781397e+01 +(2e-02,5e-02) | 1.23e+03 |  9:1.3e-04  1:4.9e-03
  419 ,  10476 : 1.9890789477310e+01 +(1e-02,4e-02) | 1.24e+03 |  9:1.3e-04  1:5.0e-03
Iterat, #Fevals:   Function Value    (median,worst) |Axis Ratio|idx:Min SD idx:Max SD
  420 ,  10501 : 1.9874827826688e+01 +(3e-02,6e-02) | 1.29e+03 |  9:1.2e-04  1:4.6e-03
  421 ,  10526 : 1.9886503646666e+01 +(2e-02,5e-02) | 1.28e+03 |  9:1.1e-04  1:4.4e-03
  422 ,  10551 : 1.9879584403536e+01 +(3e-02,5e-02) | 1.31e+03 |  9:1.2e-04  1:4.9e-03
  423 ,  10576 : 1.9862358580018e+01 +(4e-02,7e-02) | 1.35e+03 |  9:1.2e-04  1:4.8e-03
  424 ,  10601 : 1.9867343291546e+01 +(4e-02,6e-02) | 1.33e+03 |  9:1.0e-04  1:4.4e-03
  425 ,  10626 : 1.9881357622513e+01 +(2e-02,4e-02) | 1.38e+03 |  9:9.6e-05  1:4.2e-03
  426 ,  10651 : 1.9872739456473e+01 +(3e-02,6e-02) | 1.39e+03 |  9:9.1e-05  1:4.0e-03
  427 ,  10676 : 1.9881405853070e+01 +(2e-02,5e-02) | 1.41e+03 |  9:8.9e-05  1:3.9e-03
  428 ,  10701 : 1.9875962592797e+01 +(3e-02,5e-02) | 1.49e+03 |  9:8.0e-05  1:3.6e-03
  429 ,  10726 : 1.9884747897800e+01 +(2e-02,4e-02) | 1.46e+03 |  9:7.2e-05  1:3.3e-03
Iterat, #Fevals:   Function Value    (median,worst) |Axis Ratio|idx:Min SD idx:Max SD
  430 ,  10751 : 1.9867925976798e+01 +(4e-02,6e-02) | 1.50e+03 |  9:7.0e-05  1:3.3e-03
  431 ,  10776 : 1.9863732020897e+01 +(4e-02,7e-02) | 1.53e+03 |  9:7.0e-05  1:3.3e-03
  432 ,  10801 : 1.9879912530391e+01 +(3e-02,5e-02) | 1.55e+03 |  9:6.9e-05  1:3.3e-03
  433 ,  10826 : 1.9876105039433e+01 +(3e-02,6e-02) | 1.54e+03 |  9:6.7e-05  1:3.1e-03
  434 ,  10851 : 1.9880643025823e+01 +(3e-02,6e-02) | 1.53e+03 |  9:6.8e-05  1:3.0e-03
  435 ,  10876 : 1.9886352906696e+01 +(2e-02,4e-02) | 1.52e+03 |  9:6.2e-05  1:2.7e-03
  436 ,  10901 : 1.9869666793297e+01 +(3e-02,6e-02) | 1.48e+03 |  9:6.0e-05  1:2.4e-03
  437 ,  10926 : 1.9876642179873e+01 +(3e-02,5e-02) | 1.51e+03 |  9:6.3e-05  1:2.6e-03
  438 ,  10951 : 1.9872483802324e+01 +(3e-02,6e-02) | 1.51e+03 |  9:5.4e-05  1:2.2e-03
  439 ,  10976 : 1.9875227007336e+01 +(3e-02,5e-02) | 1.51e+03 |  9:5.0e-05  1:2.1e-03
Iterat, #Fevals:   Function Value    (median,worst) |Axis Ratio|idx:Min SD idx:Max SD
  440 ,  11001 : 1.9876745821001e+01 +(3e-02,6e-02) | 1.61e+03 |  9:5.4e-05  1:2.3e-03
  441 ,  11026 : 1.9880694408795e+01 +(2e-02,5e-02) | 1.68e+03 |  9:5.6e-05  1:2.4e-03
  442 ,  11051 : 1.9866536959709e+01 +(4e-02,8e-02) | 1.65e+03 |  9:6.0e-05  1:2.6e-03
  443 ,  11076 : 1.9882626192708e+01 +(2e-02,5e-02) | 1.62e+03 |  9:6.1e-05  1:2.6e-03
  444 ,  11101 : 1.9888730591339e+01 +(2e-02,4e-02) | 1.71e+03 |  9:6.2e-05  1:2.6e-03
  445 ,  11126 : 1.9868672338439e+01 +(4e-02,6e-02) | 1.69e+03 |  9:6.4e-05  1:2.6e-03
  446 ,  11151 : 1.9874619591336e+01 +(3e-02,5e-02) | 1.66e+03 |  9:6.2e-05  1:2.6e-03
  447 ,  11176 : 1.9886682516412e+01 +(2e-02,4e-02) | 1.69e+03 |  9:6.6e-05  6:2.8e-03
  448 ,  11201 : 1.9882750911100e+01 +(2e-02,5e-02) | 1.58e+03 |  9:6.8e-05  6:2.9e-03
  449 ,  11226 : 1.9878081821156e+01 +(3e-02,5e-02) | 1.62e+03 |  9:7.1e-05  1:3.1e-03
Iterat, #Fevals:   Function Value    (median,worst) |Axis Ratio|idx:Min SD idx:Max SD
  450 ,  11251 : 1.9885453515509e+01 +(3e-02,5e-02) | 1.66e+03 |  9:6.5e-05  1:3.0e-03
  451 ,  11276 : 1.9884165351698e+01 +(2e-02,5e-02) | 1.69e+03 |  9:7.0e-05  1:3.2e-03
  452 ,  11301 : 1.9876801491317e+01 +(3e-02,6e-02) | 1.73e+03 |  9:7.4e-05  1:3.4e-03
  453 ,  11326 : 1.9890777737575e+01 +(2e-02,3e-02) | 1.74e+03 |  9:7.8e-05  1:3.7e-03
  454 ,  11351 : 1.9871309869662e+01 +(3e-02,5e-02) | 1.74e+03 |  9:6.9e-05  1:3.1e-03
  455 ,  11376 : 1.9876245017502e+01 +(3e-02,6e-02) | 1.68e+03 |  9:7.2e-05  1:3.2e-03
  456 ,  11401 : 1.9866250760790e+01 +(4e-02,8e-02) | 1.73e+03 |  9:6.3e-05  1:3.0e-03
  457 ,  11426 : 1.9888752319527e+01 +(2e-02,5e-02) | 1.71e+03 |  9:6.3e-05  1:3.1e-03
  458 ,  11451 : 1.9864119898004e+01 +(4e-02,7e-02) | 1.70e+03 |  9:6.3e-05  1:3.0e-03
  459 ,  11476 : 1.9871675405325e+01 +(4e-02,5e-02) | 1.67e+03 |  9:7.1e-05  1:3.2e-03
Iterat, #Fevals:   Function Value    (median,worst) |Axis Ratio|idx:Min SD idx:Max SD
  460 ,  11501 : 1.9878288609482e+01 +(3e-02,5e-02) | 1.68e+03 |  9:7.5e-05  1:3.3e-03
  461 ,  11526 : 1.9876550513710e+01 +(3e-02,6e-02) | 1.92e+03 |  9:8.0e-05  1:3.8e-03
  462 ,  11551 : 1.9882147218451e+01 +(2e-02,5e-02) | 1.92e+03 |  9:8.6e-05  1:3.8e-03
  463 ,  11576 : 1.9873429937525e+01 +(3e-02,6e-02) | 1.98e+03 |  9:1.0e-04  1:4.2e-03
  464 ,  11601 : 1.9883664686221e+01 +(2e-02,6e-02) | 2.30e+03 |  9:1.2e-04  6:5.9e-03
  465 ,  11626 : 1.9871345804585e+01 +(4e-02,6e-02) | 2.37e+03 |  9:1.3e-04  6:6.2e-03
  466 ,  11651 : 1.9883455788721e+01 +(2e-02,5e-02) | 2.29e+03 |  9:1.2e-04  6:5.8e-03
  467 ,  11676 : 1.9851958383340e+01 +(6e-02,8e-02) | 2.29e+03 |  9:1.3e-04  6:6.0e-03
  468 ,  11701 : 1.9878292701124e+01 +(3e-02,7e-02) | 2.28e+03 |  9:1.4e-04  6:6.9e-03
  469 ,  11726 : 1.9887120696392e+01 +(3e-02,4e-02) | 2.44e+03 |  9:1.5e-04  6:7.3e-03
Iterat, #Fevals:   Function Value    (median,worst) |Axis Ratio|idx:Min SD idx:Max SD
  470 ,  11751 : 1.9883413399671e+01 +(2e-02,5e-02) | 2.53e+03 |  9:1.3e-04  6:6.7e-03
  471 ,  11776 : 1.9875278162678e+01 +(3e-02,6e-02) | 2.71e+03 |  9:1.3e-04  6:6.8e-03
  472 ,  11801 : 1.9870963404958e+01 +(3e-02,6e-02) | 2.87e+03 |  9:1.6e-04  6:9.0e-03
  473 ,  11826 : 1.9879536330084e+01 +(3e-02,5e-02) | 2.76e+03 |  9:1.8e-04  6:9.7e-03
  474 ,  11851 : 1.9871465517557e+01 +(3e-02,6e-02) | 2.54e+03 |  9:2.1e-04  6:1.1e-02
  475 ,  11876 : 1.9889815814295e+01 +(2e-02,5e-02) | 2.31e+03 |  9:2.3e-04  6:1.3e-02
  476 ,  11901 : 1.9886838455365e+01 +(3e-02,5e-02) | 2.34e+03 |  9:2.3e-04  6:1.3e-02
  477 ,  11926 : 1.9879770195317e+01 +(3e-02,6e-02) | 2.36e+03 |  9:2.3e-04  6:1.3e-02
  478 ,  11951 : 1.9875832904851e+01 +(3e-02,5e-02) | 2.19e+03 |  9:2.3e-04  6:1.3e-02
  479 ,  11976 : 1.9889460305625e+01 +(2e-02,4e-02) | 2.19e+03 |  9:2.5e-04  6:1.3e-02
Iterat, #Fevals:   Function Value    (median,worst) |Axis Ratio|idx:Min SD idx:Max SD
  480 ,  12001 : 1.9870293805136e+01 +(4e-02,7e-02) | 2.22e+03 |  9:2.7e-04  6:1.5e-02
  481 ,  12026 : 1.9875825297729e+01 +(4e-02,6e-02) | 2.20e+03 |  9:2.5e-04  6:1.3e-02
  482 ,  12051 : 1.9884592579736e+01 +(3e-02,5e-02) | 2.28e+03 |  9:2.2e-04  6:1.2e-02
  483 ,  12076 : 1.9866315573744e+01 +(4e-02,7e-02) | 2.33e+03 |  9:2.2e-04  6:1.2e-02
  484 ,  12101 : 1.9872915189818e+01 +(3e-02,6e-02) | 2.29e+03 |  9:2.1e-04  6:1.1e-02
  485 ,  12126 : 1.9867812336441e+01 +(4e-02,6e-02) | 2.25e+03 |  9:1.9e-04  6:1.1e-02
  486 ,  12151 : 1.9885466311688e+01 +(3e-02,6e-02) | 2.21e+03 |  9:1.7e-04  6:9.9e-03
  487 ,  12176 : 1.9894410903997e+01 +(2e-02,5e-02) | 2.33e+03 |  9:1.6e-04  6:9.3e-03
  488 ,  12201 : 1.9875229860463e+01 +(3e-02,6e-02) | 2.29e+03 |  9:1.5e-04  6:8.7e-03
  489 ,  12226 : 1.9890133419231e+01 +(2e-02,5e-02) | 2.25e+03 |  9:1.4e-04  6:8.1e-03
Iterat, #Fevals:   Function Value    (median,worst) |Axis Ratio|idx:Min SD idx:Max SD
  490 ,  12251 : 1.9881381826769e+01 +(3e-02,6e-02) | 2.13e+03 |  9:1.6e-04  6:9.0e-03
  491 ,  12276 : 1.9882283108410e+01 +(2e-02,4e-02) | 2.09e+03 |  9:1.6e-04  6:9.0e-03
  492 ,  12301 : 1.9877099156764e+01 +(3e-02,6e-02) | 2.03e+03 |  9:1.8e-04  6:9.2e-03
  493 ,  12326 : 1.9873488062311e+01 +(3e-02,6e-02) | 1.91e+03 |  9:1.8e-04  6:9.4e-03
  494 ,  12351 : 1.9870715714720e+01 +(3e-02,7e-02) | 1.91e+03 |  9:2.2e-04  6:1.1e-02
  495 ,  12376 : 1.9883663043227e+01 +(3e-02,4e-02) | 1.92e+03 |  9:2.3e-04  6:1.2e-02
  496 ,  12401 : 1.9870943087514e+01 +(3e-02,6e-02) | 1.88e+03 |  9:2.4e-04  6:1.2e-02
  497 ,  12426 : 1.9890245554358e+01 +(2e-02,4e-02) | 1.96e+03 |  9:3.0e-04  6:1.5e-02
  498 ,  12451 : 1.9885827792949e+01 +(3e-02,5e-02) | 1.84e+03 |  9:3.3e-04  6:1.5e-02
  499 ,  12476 : 1.9882487567191e+01 +(2e-02,4e-02) | 1.90e+03 |  9:3.1e-04  6:1.5e-02
#Fevals:   f(returned x)   |    bestever.f     | stopflag (saved to variablescmaes14_7_200.mat)
  12477: 1.98824875672e+01 | 1.98519583833e+01 | stagnation
mean solution: +2.1e+00 +5.3e-01 +3.5e+00 +3.1e-01 +1.5e+00 +4.6e+00 +3.2e-01 +1.8e-01 +1.6e+00
std deviation:  8.2e-03  3.3e-03  4.4e-03  1.3e-03  2.1e-03  1.5e-02  5.5e-03  1.2e-03  3.1e-04
use plotcmaesdat.m for plotting the output at any time (option LogModulo must not be zero)
