
                            < M A T L A B (R) >
                  Copyright 1984-2015 The MathWorks, Inc.
                   R2015a (8.5.0.197613) 64-bit (glnxa64)
                             February 12, 2015

 
For online documentation, see http://www.mathworks.com/support
For product information, visit www.mathworks.com.
 

	Academic License


seed =

                 39.797282


Initialtheta =

          54688.9609256199
          7978990.41492703
          82040188.1694362
          1221.37661843518
          6020.41806590759
          525.989068781219
        0.0237315118846934
          4.71451029967072
          742.898990014132

  n=9: (12,25)-CMA-ES(w=[24 17 14... 1.5 0.74]%, ]%, mu_eff=7.3) on function Error
Iterat, #Fevals:   Function Value    (median,worst) |Axis Ratio|idx:Min SD idx:Max SD
    1 ,     26 : 1.2332368905182e+02 +(3e+04,3e+10) | 8.88e+00 |  9:2.7e-01  4:2.4e+00
    2 ,     51 : 1.1246561639505e+02 +(1e+01,2e+08) | 8.81e+00 |  9:2.4e-01  4:2.1e+00
    3 ,     76 : 1.2359008957204e+02 +(5e+03,4e+08) | 8.60e+00 |  9:2.4e-01  4:2.1e+00
    4 ,    101 : 1.2319246651110e+02 +(5e-01,9e+07) | 8.52e+00 |  9:2.4e-01  4:2.0e+00
    5 ,    126 : 6.8649243161274e+01 +(2e+04,6e+08) | 8.19e+00 |  9:2.4e-01  4:2.0e+00
    6 ,    151 : 1.2363004074297e+02 +(6e-02,1e+06) | 8.41e+00 |  9:2.0e-01  4:1.6e+00
    7 ,    176 : 1.2297372067059e+02 +(7e-01,4e+06) | 8.13e+00 |  9:2.0e-01  4:1.6e+00
    8 ,    201 : 1.2113139720283e+02 +(3e+00,1e+06) | 7.81e+00 |  9:1.8e-01  4:1.3e+00
    9 ,    226 : 8.8874621846207e+01 +(3e+01,7e+05) | 7.82e+00 |  9:1.5e-01  4:1.1e+00
Iterat, #Fevals:   Function Value    (median,worst) |Axis Ratio|idx:Min SD idx:Max SD
   10 ,    251 : 9.9458170782478e+01 +(7e+02,3e+06) | 7.57e+00 |  9:1.3e-01  4:9.6e-01
   11 ,    276 : 4.7174475155714e+01 +(8e+01,1e+06) | 7.28e+00 |  9:1.3e-01  4:9.0e-01
   12 ,    301 : 2.7000462064215e+01 +(1e+02,5e+04) | 7.07e+00 |  9:1.1e-01  4:7.5e-01
   13 ,    326 : 2.5378209141701e+01 +(1e+02,7e+05) | 7.10e+00 |  9:9.5e-02  4:6.5e-01
   14 ,    351 : 2.8785836912854e+01 +(9e+01,4e+04) | 6.83e+00 |  9:9.8e-02  4:6.3e-01
   15 ,    376 : 2.5914748116435e+01 +(1e+02,4e+04) | 6.67e+00 |  9:9.0e-02  4:5.7e-01
   16 ,    401 : 2.9861507558106e+01 +(9e+01,2e+05) | 6.53e+00 |  9:9.1e-02  4:5.6e-01
   17 ,    426 : 2.8435695698246e+01 +(1e+02,2e+04) | 6.38e+00 |  9:1.0e-01  4:6.0e-01
   18 ,    451 : 3.1338892498577e+01 +(9e+01,1e+05) | 6.30e+00 |  9:8.8e-02  4:5.1e-01
   19 ,    476 : 3.1898452460226e+01 +(9e+01,1e+04) | 6.31e+00 |  9:7.6e-02  4:4.5e-01
Iterat, #Fevals:   Function Value    (median,worst) |Axis Ratio|idx:Min SD idx:Max SD
   20 ,    501 : 3.7113133344825e+01 +(9e+01,7e+03) | 6.38e+00 |  9:6.8e-02  4:4.0e-01
   21 ,    526 : 2.6704505469072e+01 +(1e+02,3e+03) | 6.16e+00 |  9:6.4e-02  4:3.6e-01
   22 ,    551 : 2.7039009378771e+01 +(9e+01,8e+03) | 6.13e+00 |  9:5.4e-02  4:3.1e-01
   23 ,    576 : 2.6819528982459e+01 +(9e+01,5e+03) | 6.11e+00 |  9:5.0e-02  4:2.8e-01
   24 ,    601 : 2.9319170964375e+01 +(9e+01,5e+03) | 6.20e+00 |  9:4.3e-02  4:2.4e-01
   25 ,    626 : 2.7399780195098e+01 +(8e+01,2e+03) | 6.17e+00 |  9:4.4e-02  4:2.5e-01
   26 ,    651 : 2.6821855040758e+01 +(8e+01,1e+03) | 6.28e+00 |  9:4.4e-02  4:2.5e-01
   27 ,    676 : 2.9184134319422e+01 +(9e+01,2e+03) | 6.25e+00 |  9:3.9e-02  4:2.2e-01
   28 ,    701 : 2.6858548612837e+01 +(5e+01,8e+02) | 5.92e+00 |  9:4.2e-02  4:2.2e-01
   29 ,    726 : 2.6842346625966e+01 +(6e+01,9e+02) | 5.78e+00 |  9:4.8e-02  4:2.5e-01
Iterat, #Fevals:   Function Value    (median,worst) |Axis Ratio|idx:Min SD idx:Max SD
   30 ,    751 : 2.7414042937224e+01 +(9e+01,2e+03) | 5.77e+00 |  9:4.6e-02  4:2.3e-01
   31 ,    776 : 2.6625508098359e+01 +(8e+01,1e+03) | 5.85e+00 |  9:4.0e-02  4:2.0e-01
   32 ,    801 : 2.6778256164093e+01 +(5e+01,2e+03) | 5.66e+00 |  9:4.3e-02  4:2.1e-01
   33 ,    826 : 2.5852749629407e+01 +(7e+01,6e+02) | 5.60e+00 |  9:3.9e-02  4:1.9e-01
   34 ,    851 : 2.5915141132797e+01 +(3e+01,3e+02) | 5.74e+00 |  9:3.6e-02  4:1.8e-01
   35 ,    876 : 2.5826300423213e+01 +(3e+01,3e+02) | 5.76e+00 |  9:3.2e-02  4:1.6e-01
   36 ,    901 : 2.5962634769370e+01 +(9e+00,1e+02) | 5.86e+00 |  9:3.0e-02  4:1.4e-01
   37 ,    926 : 2.6136533585757e+01 +(3e+01,2e+02) | 6.05e+00 |  9:2.7e-02  4:1.3e-01
   38 ,    951 : 2.6078504817257e+01 +(1e+01,3e+02) | 6.08e+00 |  9:2.7e-02  4:1.2e-01
   39 ,    976 : 2.5846213654856e+01 +(2e+01,1e+02) | 6.27e+00 |  9:2.6e-02  4:1.2e-01
Iterat, #Fevals:   Function Value    (median,worst) |Axis Ratio|idx:Min SD idx:Max SD
   40 ,   1001 : 2.6069679169830e+01 +(7e+00,2e+02) | 6.45e+00 |  9:2.1e-02  4:9.4e-02
   41 ,   1026 : 2.6490152537426e+01 +(1e+01,4e+02) | 6.64e+00 |  9:1.9e-02  4:8.9e-02
   42 ,   1051 : 2.6212015580113e+01 +(2e+00,1e+01) | 6.65e+00 |  9:1.6e-02  4:7.3e-02
   43 ,   1076 : 2.6338623031346e+01 +(1e+00,3e+01) | 6.94e+00 |  9:1.5e-02  4:7.0e-02
   44 ,   1101 : 2.6258203030658e+01 +(5e+00,4e+01) | 6.98e+00 |  9:1.4e-02  4:6.2e-02
   45 ,   1126 : 2.6115637373448e+01 +(2e+00,3e+01) | 7.06e+00 |  9:1.4e-02  4:6.4e-02
   46 ,   1151 : 2.6197252463888e+01 +(2e+00,2e+01) | 7.12e+00 |  9:1.4e-02  4:6.5e-02
   47 ,   1176 : 2.6088572450318e+01 +(2e+00,3e+01) | 7.22e+00 |  9:1.3e-02  4:5.7e-02
   48 ,   1201 : 2.6213123785069e+01 +(2e+00,2e+01) | 7.53e+00 |  9:1.3e-02  4:5.5e-02
   49 ,   1226 : 2.6129947273152e+01 +(1e+00,3e+01) | 7.70e+00 |  9:1.2e-02  4:5.3e-02
Iterat, #Fevals:   Function Value    (median,worst) |Axis Ratio|idx:Min SD idx:Max SD
   50 ,   1251 : 2.6125621232613e+01 +(1e+00,1e+01) | 7.78e+00 |  9:1.3e-02  4:5.4e-02
   51 ,   1276 : 2.5937564838560e+01 +(2e+00,1e+01) | 8.21e+00 |  9:1.6e-02  4:6.0e-02
   52 ,   1301 : 2.5857706459084e+01 +(2e+00,2e+01) | 8.24e+00 |  9:1.7e-02  4:6.7e-02
   53 ,   1326 : 2.5879874121191e+01 +(2e+00,2e+01) | 8.78e+00 |  9:1.8e-02  4:7.4e-02
   54 ,   1351 : 2.5643646607670e+01 +(2e+00,2e+01) | 9.01e+00 |  9:1.9e-02  4:7.4e-02
   55 ,   1376 : 2.5590133096052e+01 +(2e+00,4e+01) | 8.96e+00 |  9:2.0e-02  4:7.5e-02
   56 ,   1401 : 2.5543358369256e+01 +(2e+00,2e+01) | 9.25e+00 |  9:1.8e-02  4:7.0e-02
   57 ,   1426 : 2.5539313921840e+01 +(1e+00,2e+01) | 9.35e+00 |  9:1.6e-02  4:6.4e-02
   58 ,   1451 : 2.5634536459294e+01 +(3e+00,2e+01) | 9.69e+00 |  9:1.5e-02  4:6.2e-02
   59 ,   1476 : 2.5746301948876e+01 +(2e+00,2e+01) | 1.02e+01 |  9:1.5e-02  4:5.9e-02
Iterat, #Fevals:   Function Value    (median,worst) |Axis Ratio|idx:Min SD idx:Max SD
   60 ,   1501 : 2.5462220349665e+01 +(1e+00,5e+00) | 1.04e+01 |  9:1.3e-02  4:5.1e-02
   61 ,   1526 : 2.5532052336443e+01 +(2e+00,7e+00) | 1.08e+01 |  9:1.1e-02  4:4.6e-02
   62 ,   1551 : 2.5530612302071e+01 +(7e-01,6e+00) | 1.16e+01 |  9:1.2e-02  4:4.7e-02
   63 ,   1576 : 2.5188239337540e+01 +(6e-01,7e+00) | 1.26e+01 |  9:1.4e-02  4:5.0e-02
   64 ,   1601 : 2.5278771500100e+01 +(6e-01,7e+00) | 1.31e+01 |  9:1.5e-02  4:5.1e-02
   65 ,   1626 : 2.5107781010168e+01 +(8e-01,8e+00) | 1.37e+01 |  9:1.5e-02  4:4.9e-02
   66 ,   1651 : 2.5204866191775e+01 +(4e-01,6e+00) | 1.45e+01 |  9:1.6e-02  4:5.1e-02
   67 ,   1676 : 2.5081013586725e+01 +(7e-01,3e+00) | 1.46e+01 |  9:1.6e-02  4:5.1e-02
   68 ,   1701 : 2.4721590720233e+01 +(9e-01,7e+00) | 1.60e+01 |  9:1.7e-02  4:5.2e-02
   69 ,   1726 : 2.4389280677890e+01 +(8e-01,6e+00) | 1.65e+01 |  9:2.2e-02  4:6.3e-02
Iterat, #Fevals:   Function Value    (median,worst) |Axis Ratio|idx:Min SD idx:Max SD
   70 ,   1751 : 2.4518463956031e+01 +(1e+00,1e+01) | 1.64e+01 |  9:2.3e-02  4:6.4e-02
   71 ,   1776 : 2.4544416327344e+01 +(8e-01,4e+01) | 1.64e+01 |  9:2.3e-02  4:6.2e-02
   72 ,   1801 : 2.3898350649699e+01 +(2e+00,2e+01) | 1.62e+01 |  9:1.9e-02  4:5.0e-02
   73 ,   1826 : 2.4340430910942e+01 +(8e-01,5e+00) | 1.71e+01 |  1:2.2e-02  6:5.7e-02
   74 ,   1851 : 2.4121846917129e+01 +(1e+00,2e+01) | 1.78e+01 |  1:2.4e-02  6:6.9e-02
   75 ,   1876 : 2.4006240813949e+01 +(8e-01,4e+01) | 1.90e+01 |  1:2.7e-02  6:8.0e-02
   76 ,   1901 : 2.4038382564808e+01 +(2e+00,2e+01) | 1.93e+01 |  1:2.9e-02  6:8.8e-02
   77 ,   1926 : 2.3775493083812e+01 +(1e+00,1e+01) | 1.94e+01 |  1:3.2e-02  6:9.8e-02
   78 ,   1951 : 2.3696612927368e+01 +(4e+00,3e+01) | 1.99e+01 |  1:3.7e-02  6:1.1e-01
   79 ,   1976 : 2.3161975157050e+01 +(4e+00,1e+02) | 1.95e+01 |  1:3.9e-02  6:1.2e-01
Iterat, #Fevals:   Function Value    (median,worst) |Axis Ratio|idx:Min SD idx:Max SD
   80 ,   2001 : 2.3555970494325e+01 +(6e+00,1e+02) | 1.98e+01 |  1:3.6e-02  6:1.1e-01
   81 ,   2026 : 2.3552185651550e+01 +(3e+00,4e+01) | 1.99e+01 |  1:3.7e-02  6:1.0e-01
   82 ,   2051 : 2.3442647362509e+01 +(3e+00,2e+01) | 2.05e+01 |  1:3.1e-02  6:8.6e-02
   83 ,   2076 : 2.3177751184209e+01 +(2e+00,1e+01) | 2.21e+01 |  1:3.3e-02  6:1.1e-01
   84 ,   2101 : 2.2361691786132e+01 +(3e+00,4e+01) | 2.37e+01 |  1:3.4e-02  6:1.1e-01
   85 ,   2126 : 2.1881658690285e+01 +(3e+00,6e+01) | 2.46e+01 |  1:3.7e-02  6:1.3e-01
   86 ,   2151 : 2.2074248917043e+01 +(4e+00,5e+01) | 2.55e+01 |  1:3.6e-02  6:1.2e-01
   87 ,   2176 : 2.2086129066535e+01 +(1e+01,5e+01) | 2.58e+01 |  1:3.8e-02  6:1.3e-01
   88 ,   2201 : 2.1549414997984e+01 +(5e+00,4e+01) | 2.67e+01 |  1:4.4e-02  6:1.5e-01
   89 ,   2226 : 2.1519606854628e+01 +(2e+00,1e+02) | 2.75e+01 |  1:4.6e-02  6:1.6e-01
Iterat, #Fevals:   Function Value    (median,worst) |Axis Ratio|idx:Min SD idx:Max SD
   90 ,   2251 : 2.0917169257759e+01 +(6e+00,2e+02) | 2.85e+01 |  1:5.3e-02  6:1.9e-01
   91 ,   2276 : 2.2524228165638e+01 +(4e+00,9e+01) | 2.95e+01 |  1:6.1e-02  6:2.3e-01
   92 ,   2301 : 2.1497516694539e+01 +(1e+01,6e+01) | 2.96e+01 |  1:5.4e-02  6:2.1e-01
   93 ,   2326 : 2.0841772397444e+01 +(4e+00,3e+02) | 2.98e+01 |  1:5.4e-02  6:2.1e-01
   94 ,   2351 : 2.1593493704553e+01 +(1e+01,9e+01) | 2.99e+01 |  1:4.4e-02  6:1.7e-01
   95 ,   2376 : 2.0956056801573e+01 +(5e+00,4e+01) | 3.05e+01 |  1:4.1e-02  6:1.6e-01
   96 ,   2401 : 2.1377065493690e+01 +(3e+00,4e+01) | 3.09e+01 |  1:3.4e-02  6:1.3e-01
   97 ,   2426 : 2.1381637697797e+01 +(1e+00,2e+01) | 3.21e+01 |  1:3.2e-02  6:1.3e-01
   98 ,   2451 : 2.0422530390969e+01 +(2e+00,3e+01) | 3.26e+01 |  1:3.5e-02  6:1.4e-01
   99 ,   2476 : 2.0359063812044e+01 +(4e+00,5e+01) | 3.26e+01 |  1:3.5e-02  6:1.4e-01
Iterat, #Fevals:   Function Value    (median,worst) |Axis Ratio|idx:Min SD idx:Max SD
  100 ,   2501 : 2.0879652500916e+01 +(2e+00,3e+01) | 3.32e+01 |  1:3.7e-02  6:1.5e-01
  101 ,   2526 : 2.0898483271509e+01 +(2e+00,7e+01) | 3.28e+01 |  1:3.5e-02  6:1.4e-01
  102 ,   2551 : 2.0253519841287e+01 +(5e+00,2e+01) | 3.28e+01 |  1:3.5e-02  6:1.4e-01
  103 ,   2576 : 2.0327392476467e+01 +(2e+00,6e+01) | 3.28e+01 |  1:3.0e-02  6:1.2e-01
  104 ,   2601 : 2.0593695124583e+01 +(3e+00,2e+01) | 3.31e+01 |  1:2.9e-02  6:1.2e-01
  105 ,   2626 : 2.0670464635060e+01 +(2e+00,2e+01) | 3.39e+01 |  1:2.5e-02  6:1.0e-01
  106 ,   2651 : 2.0366411160371e+01 +(3e+00,3e+01) | 3.53e+01 |  1:2.2e-02  6:9.2e-02
  107 ,   2676 : 2.0288995836593e+01 +(1e+00,8e+00) | 3.53e+01 |  1:1.9e-02  6:7.8e-02
  108 ,   2701 : 2.0300421871070e+01 +(8e-01,1e+01) | 3.47e+01 |  1:2.0e-02  6:7.9e-02
  109 ,   2726 : 2.0204055068506e+01 +(7e-01,9e+00) | 3.40e+01 |  1:2.1e-02  6:7.8e-02
Iterat, #Fevals:   Function Value    (median,worst) |Axis Ratio|idx:Min SD idx:Max SD
  110 ,   2751 : 2.0038930045307e+01 +(1e+00,6e+00) | 3.54e+01 |  1:1.9e-02  6:7.3e-02
  111 ,   2776 : 2.0309064616898e+01 +(5e-01,4e+00) | 3.62e+01 |  1:1.9e-02  6:7.0e-02
  112 ,   2801 : 2.0228430065261e+01 +(6e-01,5e+00) | 3.53e+01 |  1:1.9e-02  6:6.9e-02
  113 ,   2826 : 1.9979630532021e+01 +(6e-01,5e+00) | 3.53e+01 |  1:2.1e-02  7:7.3e-02
  114 ,   2851 : 2.0166877610528e+01 +(9e-01,7e+00) | 3.51e+01 |  1:2.0e-02  7:7.0e-02
  115 ,   2876 : 2.0094644358835e+01 +(7e-01,7e+00) | 3.60e+01 |  1:2.1e-02  7:7.9e-02
  116 ,   2901 : 1.9955582990558e+01 +(1e+00,4e+00) | 3.60e+01 |  1:2.3e-02  7:8.1e-02
  117 ,   2926 : 1.9994620804554e+01 +(6e-01,4e+00) | 3.60e+01 |  1:2.5e-02  7:9.5e-02
  118 ,   2951 : 2.0080682611285e+01 +(8e-01,2e+01) | 3.48e+01 |  1:2.2e-02  7:8.3e-02
  119 ,   2976 : 2.0076214307411e+01 +(7e-01,8e+00) | 3.66e+01 |  8:2.2e-02  7:8.2e-02
Iterat, #Fevals:   Function Value    (median,worst) |Axis Ratio|idx:Min SD idx:Max SD
  120 ,   3001 : 1.9978292407658e+01 +(3e-01,3e+00) | 3.86e+01 |  1:2.0e-02  7:7.9e-02
  121 ,   3026 : 1.9945668849567e+01 +(5e-01,5e+00) | 3.97e+01 |  1:1.9e-02  7:7.6e-02
  122 ,   3051 : 2.0007546172701e+01 +(4e-01,6e+00) | 4.02e+01 |  1:1.9e-02  7:7.4e-02
  123 ,   3076 : 1.9996920300459e+01 +(6e-01,3e+00) | 3.98e+01 |  1:1.7e-02  7:6.7e-02
  124 ,   3101 : 1.9997251481645e+01 +(3e-01,2e+00) | 4.02e+01 |  1:1.7e-02  7:6.4e-02
  125 ,   3126 : 1.9923856306603e+01 +(3e-01,4e+00) | 4.02e+01 |  1:1.5e-02  7:5.5e-02
  126 ,   3151 : 1.9928845193392e+01 +(3e-01,2e+00) | 4.03e+01 |  1:1.3e-02  7:4.4e-02
  127 ,   3176 : 1.9909229098122e+01 +(2e-01,2e+00) | 4.04e+01 |  8:1.3e-02  7:4.4e-02
  128 ,   3201 : 1.9902859398806e+01 +(2e-01,2e+00) | 4.06e+01 |  8:1.2e-02  7:4.2e-02
  129 ,   3226 : 1.9932644302069e+01 +(2e-01,3e+00) | 3.99e+01 |  1:1.2e-02  7:4.2e-02
Iterat, #Fevals:   Function Value    (median,worst) |Axis Ratio|idx:Min SD idx:Max SD
  130 ,   3251 : 1.9926348283799e+01 +(1e-01,3e+00) | 4.08e+01 |  1:1.1e-02  7:3.8e-02
  131 ,   3276 : 1.9924700136158e+01 +(1e-01,1e+00) | 4.24e+01 |  1:1.1e-02  7:4.0e-02
  132 ,   3301 : 1.9904591546114e+01 +(1e-01,1e+00) | 4.27e+01 |  1:1.3e-02  7:4.6e-02
  133 ,   3326 : 1.9917878363210e+01 +(9e-02,6e-01) | 4.20e+01 |  1:1.3e-02  7:4.5e-02
  134 ,   3351 : 1.9908095964749e+01 +(1e-01,2e+00) | 4.34e+01 |  1:1.6e-02  7:5.8e-02
  135 ,   3376 : 1.9930078597963e+01 +(2e-01,5e+00) | 4.35e+01 |  1:1.8e-02  7:6.2e-02
  136 ,   3401 : 1.9920554599857e+01 +(1e-01,1e+00) | 4.41e+01 |  8:2.0e-02  7:6.9e-02
  137 ,   3426 : 1.9938791100401e+01 +(5e-01,2e+00) | 4.70e+01 |  8:1.9e-02  7:6.5e-02
  138 ,   3451 : 1.9910636392718e+01 +(2e-01,8e+00) | 4.71e+01 |  8:1.7e-02  7:5.7e-02
  139 ,   3476 : 1.9914972769208e+01 +(2e-01,8e-01) | 4.72e+01 |  9:1.5e-02  7:5.0e-02
Iterat, #Fevals:   Function Value    (median,worst) |Axis Ratio|idx:Min SD idx:Max SD
  140 ,   3501 : 1.9933135007644e+01 +(1e-01,7e+00) | 4.84e+01 |  9:1.4e-02  7:4.5e-02
  141 ,   3526 : 1.9922224666848e+01 +(1e-01,2e+00) | 4.89e+01 |  9:1.2e-02  7:3.8e-02
  142 ,   3551 : 1.9916296460448e+01 +(1e-01,6e-01) | 5.06e+01 |  9:1.1e-02  7:3.6e-02
  143 ,   3576 : 1.9916233399377e+01 +(9e-02,3e-01) | 5.17e+01 |  9:1.1e-02  6:3.6e-02
  144 ,   3601 : 1.9917147955405e+01 +(6e-02,3e-01) | 5.30e+01 |  9:1.0e-02  6:3.4e-02
  145 ,   3626 : 1.9927397246643e+01 +(4e-02,3e-01) | 5.50e+01 |  9:8.9e-03  6:3.3e-02
  146 ,   3651 : 1.9916134283219e+01 +(7e-02,4e-01) | 5.58e+01 |  9:8.8e-03  6:3.2e-02
  147 ,   3676 : 1.9912848550104e+01 +(6e-02,1e+00) | 5.77e+01 |  9:8.8e-03  6:3.2e-02
  148 ,   3701 : 1.9890065446420e+01 +(9e-02,2e-01) | 6.07e+01 |  9:8.7e-03  6:3.5e-02
  149 ,   3726 : 1.9913227830055e+01 +(9e-02,1e+00) | 5.95e+01 |  9:8.2e-03  6:3.3e-02
Iterat, #Fevals:   Function Value    (median,worst) |Axis Ratio|idx:Min SD idx:Max SD
  150 ,   3751 : 1.9916107537834e+01 +(9e-02,4e-01) | 6.28e+01 |  9:7.2e-03  6:2.9e-02
  151 ,   3776 : 1.9921584208951e+01 +(4e-02,1e-01) | 6.34e+01 |  9:6.1e-03  6:2.5e-02
  152 ,   3801 : 1.9905468123243e+01 +(4e-02,2e-01) | 6.41e+01 |  9:5.3e-03  6:2.2e-02
  153 ,   3826 : 1.9908426287932e+01 +(4e-02,1e-01) | 6.48e+01 |  9:5.0e-03  6:2.1e-02
  154 ,   3851 : 1.9905903272527e+01 +(4e-02,1e-01) | 6.58e+01 |  9:4.7e-03  6:2.0e-02
  155 ,   3876 : 1.9909149384942e+01 +(2e-02,1e-01) | 7.03e+01 |  9:4.9e-03  6:2.3e-02
  156 ,   3901 : 1.9913152831132e+01 +(2e-02,8e-02) | 7.26e+01 |  9:4.6e-03  6:2.2e-02
  157 ,   3926 : 1.9896772919027e+01 +(4e-02,1e-01) | 7.40e+01 |  9:4.2e-03  6:2.1e-02
  158 ,   3951 : 1.9911682189849e+01 +(2e-02,1e-01) | 7.45e+01 |  9:3.8e-03  6:2.0e-02
  159 ,   3976 : 1.9908041042187e+01 +(3e-02,1e-01) | 7.65e+01 |  9:3.8e-03  6:2.0e-02
Iterat, #Fevals:   Function Value    (median,worst) |Axis Ratio|idx:Min SD idx:Max SD
  160 ,   4001 : 1.9910947127425e+01 +(3e-02,9e-02) | 7.59e+01 |  9:3.1e-03  6:1.6e-02
  161 ,   4026 : 1.9907108062123e+01 +(2e-02,6e-02) | 7.91e+01 |  9:3.0e-03  6:1.6e-02
  162 ,   4051 : 1.9878005636072e+01 +(4e-02,8e-02) | 8.47e+01 |  9:2.6e-03  6:1.5e-02
  163 ,   4076 : 1.9909512176868e+01 +(1e-02,5e-02) | 8.63e+01 |  9:2.1e-03  6:1.3e-02
  164 ,   4101 : 1.9895662579214e+01 +(3e-02,7e-02) | 8.52e+01 |  9:2.1e-03  6:1.3e-02
  165 ,   4126 : 1.9907590996517e+01 +(2e-02,4e-02) | 9.06e+01 |  9:2.3e-03  6:1.6e-02
  166 ,   4151 : 1.9879056129485e+01 +(4e-02,8e-02) | 9.76e+01 |  9:1.9e-03  6:1.4e-02
  167 ,   4176 : 1.9903087195229e+01 +(1e-02,4e-02) | 1.02e+02 |  9:2.0e-03  6:1.6e-02
  168 ,   4201 : 1.9904231602807e+01 +(2e-02,5e-02) | 1.05e+02 |  9:1.7e-03  6:1.4e-02
  169 ,   4226 : 1.9904039294994e+01 +(2e-02,4e-02) | 1.05e+02 |  9:1.5e-03  6:1.2e-02
Iterat, #Fevals:   Function Value    (median,worst) |Axis Ratio|idx:Min SD idx:Max SD
  170 ,   4251 : 1.9890276830116e+01 +(3e-02,7e-02) | 1.09e+02 |  9:1.4e-03  6:1.2e-02
  171 ,   4276 : 1.9903820166936e+01 +(1e-02,4e-02) | 1.24e+02 |  9:1.4e-03  6:1.4e-02
  172 ,   4301 : 1.9905816222386e+01 +(1e-02,3e-02) | 1.38e+02 |  9:1.6e-03  6:1.7e-02
  173 ,   4326 : 1.9890856953714e+01 +(3e-02,5e-02) | 1.41e+02 |  9:1.7e-03  6:1.9e-02
  174 ,   4351 : 1.9902633354433e+01 +(2e-02,4e-02) | 1.44e+02 |  9:1.7e-03  6:1.9e-02
  175 ,   4376 : 1.9899234420009e+01 +(2e-02,5e-02) | 1.46e+02 |  9:1.5e-03  6:1.7e-02
  176 ,   4401 : 1.9905249613360e+01 +(2e-02,3e-02) | 1.45e+02 |  9:1.3e-03  6:1.6e-02
  177 ,   4426 : 1.9905396421928e+01 +(8e-03,3e-02) | 1.48e+02 |  9:1.2e-03  6:1.5e-02
  178 ,   4451 : 1.9901734145774e+01 +(2e-02,3e-02) | 1.53e+02 |  9:1.0e-03  6:1.3e-02
  179 ,   4476 : 1.9894892294876e+01 +(2e-02,3e-02) | 1.55e+02 |  9:8.9e-04  6:1.1e-02
Iterat, #Fevals:   Function Value    (median,worst) |Axis Ratio|idx:Min SD idx:Max SD
  180 ,   4501 : 1.9904506643208e+01 +(1e-02,2e-02) | 1.59e+02 |  9:7.4e-04  6:9.0e-03
  181 ,   4526 : 1.9895000737238e+01 +(2e-02,3e-02) | 1.62e+02 |  9:7.1e-04  6:8.7e-03
  182 ,   4551 : 1.9900189672758e+01 +(1e-02,3e-02) | 1.62e+02 |  9:7.7e-04  6:9.5e-03
  183 ,   4576 : 1.9901279869352e+01 +(1e-02,3e-02) | 1.70e+02 |  9:6.9e-04  6:8.8e-03
  184 ,   4601 : 1.9887743871339e+01 +(2e-02,3e-02) | 1.70e+02 |  9:6.2e-04  6:7.9e-03
  185 ,   4626 : 1.9905156924913e+01 +(9e-03,3e-02) | 1.71e+02 |  9:6.4e-04  6:8.3e-03
  186 ,   4651 : 1.9894312774735e+01 +(1e-02,2e-02) | 1.82e+02 |  9:7.7e-04  6:1.0e-02
  187 ,   4676 : 1.9894455980835e+01 +(2e-02,3e-02) | 1.87e+02 |  9:7.8e-04  6:1.1e-02
  188 ,   4701 : 1.9900146880830e+01 +(2e-02,3e-02) | 1.87e+02 |  9:8.3e-04  6:1.2e-02
  189 ,   4726 : 1.9896017578593e+01 +(2e-02,4e-02) | 1.94e+02 |  9:8.0e-04  6:1.2e-02
Iterat, #Fevals:   Function Value    (median,worst) |Axis Ratio|idx:Min SD idx:Max SD
  190 ,   4751 : 1.9906325520118e+01 +(1e-02,2e-02) | 2.00e+02 |  9:8.2e-04  6:1.2e-02
  191 ,   4776 : 1.9896158658789e+01 +(2e-02,4e-02) | 2.15e+02 |  9:8.4e-04  6:1.3e-02
  192 ,   4801 : 1.9899245926042e+01 +(2e-02,3e-02) | 2.21e+02 |  9:8.9e-04  6:1.4e-02
  193 ,   4826 : 1.9891766750148e+01 +(2e-02,3e-02) | 2.22e+02 |  9:8.1e-04  6:1.3e-02
  194 ,   4851 : 1.9902022165870e+01 +(1e-02,2e-02) | 2.09e+02 |  9:8.2e-04  6:1.3e-02
  195 ,   4876 : 1.9904087386741e+01 +(1e-02,2e-02) | 2.03e+02 |  9:8.0e-04  6:1.2e-02
  196 ,   4901 : 1.9898645668400e+01 +(2e-02,4e-02) | 2.03e+02 |  9:7.2e-04  6:1.1e-02
  197 ,   4926 : 1.9903311890989e+01 +(1e-02,2e-02) | 2.11e+02 |  9:6.5e-04  6:1.0e-02
  198 ,   4951 : 1.9904113963972e+01 +(1e-02,3e-02) | 2.08e+02 |  9:6.3e-04  6:9.8e-03
  199 ,   4976 : 1.9895209528230e+01 +(2e-02,5e-02) | 2.03e+02 |  9:5.5e-04  6:8.2e-03
Iterat, #Fevals:   Function Value    (median,worst) |Axis Ratio|idx:Min SD idx:Max SD
  200 ,   5001 : 1.9896398768153e+01 +(2e-02,3e-02) | 2.01e+02 |  9:6.5e-04  6:1.0e-02
  201 ,   5026 : 1.9899301618768e+01 +(2e-02,3e-02) | 2.12e+02 |  9:6.6e-04  6:1.1e-02
  202 ,   5051 : 1.9898954449819e+01 +(2e-02,3e-02) | 2.16e+02 |  9:6.0e-04  6:9.6e-03
  203 ,   5076 : 1.9894603774455e+01 +(2e-02,3e-02) | 2.08e+02 |  9:5.7e-04  6:9.0e-03
  204 ,   5101 : 1.9899299984915e+01 +(2e-02,3e-02) | 2.04e+02 |  9:5.9e-04  6:9.3e-03
  205 ,   5126 : 1.9900157799736e+01 +(1e-02,2e-02) | 2.17e+02 |  9:6.0e-04  6:1.0e-02
  206 ,   5151 : 1.9904662874566e+01 +(9e-03,3e-02) | 2.17e+02 |  9:5.9e-04  6:9.8e-03
  207 ,   5176 : 1.9899782264040e+01 +(1e-02,3e-02) | 2.10e+02 |  9:5.3e-04  6:8.9e-03
  208 ,   5201 : 1.9899561206763e+01 +(1e-02,3e-02) | 2.02e+02 |  9:5.5e-04  6:9.1e-03
  209 ,   5226 : 1.9893477901103e+01 +(2e-02,3e-02) | 2.01e+02 |  9:5.6e-04  6:9.1e-03
Iterat, #Fevals:   Function Value    (median,worst) |Axis Ratio|idx:Min SD idx:Max SD
  210 ,   5251 : 1.9903572598248e+01 +(9e-03,3e-02) | 2.03e+02 |  9:4.8e-04  6:7.7e-03
  211 ,   5276 : 1.9900286943291e+01 +(1e-02,2e-02) | 2.12e+02 |  9:4.8e-04  6:7.9e-03
  212 ,   5301 : 1.9898155434265e+01 +(2e-02,3e-02) | 2.13e+02 |  9:4.7e-04  6:8.0e-03
  213 ,   5326 : 1.9897735449936e+01 +(1e-02,4e-02) | 2.16e+02 |  9:4.6e-04  6:7.9e-03
  214 ,   5351 : 1.9897834332826e+01 +(1e-02,2e-02) | 2.30e+02 |  9:5.0e-04  6:9.3e-03
  215 ,   5376 : 1.9893595443772e+01 +(2e-02,4e-02) | 2.24e+02 |  9:4.4e-04  6:8.6e-03
  216 ,   5401 : 1.9890755753007e+01 +(2e-02,4e-02) | 2.30e+02 |  9:3.9e-04  6:7.9e-03
  217 ,   5426 : 1.9903865743253e+01 +(1e-02,3e-02) | 2.28e+02 |  9:3.8e-04  6:7.7e-03
  218 ,   5451 : 1.9893682195041e+01 +(2e-02,3e-02) | 2.14e+02 |  9:4.3e-04  6:8.8e-03
  219 ,   5476 : 1.9893887495275e+01 +(2e-02,3e-02) | 2.18e+02 |  9:4.4e-04  6:9.0e-03
Iterat, #Fevals:   Function Value    (median,worst) |Axis Ratio|idx:Min SD idx:Max SD
  220 ,   5501 : 1.9896628380635e+01 +(2e-02,4e-02) | 2.34e+02 |  9:4.2e-04  6:9.3e-03
  221 ,   5526 : 1.9894210602631e+01 +(2e-02,4e-02) | 2.36e+02 |  9:3.9e-04  6:8.9e-03
  222 ,   5551 : 1.9896178390574e+01 +(1e-02,4e-02) | 2.33e+02 |  9:3.9e-04  6:8.9e-03
  223 ,   5576 : 1.9896290647043e+01 +(1e-02,3e-02) | 2.33e+02 |  9:3.8e-04  6:8.7e-03
  224 ,   5601 : 1.9899361469714e+01 +(1e-02,3e-02) | 2.40e+02 |  9:4.4e-04  6:1.1e-02
  225 ,   5626 : 1.9895213903189e+01 +(2e-02,3e-02) | 2.53e+02 |  9:4.5e-04  6:1.2e-02
  226 ,   5651 : 1.9882767221908e+01 +(3e-02,6e-02) | 2.68e+02 |  9:4.7e-04  6:1.3e-02
  227 ,   5676 : 1.9886658118015e+01 +(3e-02,5e-02) | 2.69e+02 |  9:4.7e-04  6:1.3e-02
  228 ,   5701 : 1.9898170511237e+01 +(1e-02,3e-02) | 2.66e+02 |  9:4.5e-04  6:1.2e-02
  229 ,   5726 : 1.9891839207039e+01 +(2e-02,4e-02) | 2.68e+02 |  9:4.3e-04  6:1.2e-02
Iterat, #Fevals:   Function Value    (median,worst) |Axis Ratio|idx:Min SD idx:Max SD
  230 ,   5751 : 1.9890151541690e+01 +(2e-02,5e-02) | 2.58e+02 |  9:4.5e-04  6:1.2e-02
  231 ,   5776 : 1.9895656584018e+01 +(1e-02,4e-02) | 2.64e+02 |  9:4.2e-04  6:1.2e-02
  232 ,   5801 : 1.9889762348940e+01 +(2e-02,4e-02) | 2.57e+02 |  9:4.4e-04  6:1.2e-02
  233 ,   5826 : 1.9884925926713e+01 +(3e-02,5e-02) | 2.50e+02 |  9:4.6e-04  6:1.2e-02
  234 ,   5851 : 1.9888276157617e+01 +(2e-02,4e-02) | 2.39e+02 |  9:4.0e-04  6:1.1e-02
  235 ,   5876 : 1.9900105153071e+01 +(1e-02,4e-02) | 2.36e+02 |  9:3.7e-04  6:1.0e-02
  236 ,   5901 : 1.9890260794649e+01 +(2e-02,3e-02) | 2.51e+02 |  9:3.4e-04  6:1.0e-02
  237 ,   5926 : 1.9892648657252e+01 +(2e-02,5e-02) | 2.52e+02 |  9:3.0e-04  6:8.6e-03
  238 ,   5951 : 1.9890988291488e+01 +(2e-02,4e-02) | 2.43e+02 |  9:2.8e-04  6:7.8e-03
  239 ,   5976 : 1.9892519867182e+01 +(2e-02,4e-02) | 2.37e+02 |  9:2.6e-04  6:7.3e-03
Iterat, #Fevals:   Function Value    (median,worst) |Axis Ratio|idx:Min SD idx:Max SD
  240 ,   6001 : 1.9889613132080e+01 +(2e-02,4e-02) | 2.51e+02 |  9:2.8e-04  6:8.2e-03
  241 ,   6026 : 1.9898040995431e+01 +(2e-02,4e-02) | 2.55e+02 |  9:3.0e-04  6:8.6e-03
  242 ,   6051 : 1.9890511376970e+01 +(2e-02,5e-02) | 2.57e+02 |  9:2.6e-04  6:7.4e-03
  243 ,   6076 : 1.9886574465867e+01 +(2e-02,5e-02) | 2.54e+02 |  9:2.6e-04  6:7.5e-03
  244 ,   6101 : 1.9899464368964e+01 +(1e-02,3e-02) | 2.58e+02 |  9:2.4e-04  6:6.9e-03
  245 ,   6126 : 1.9897782691505e+01 +(1e-02,3e-02) | 2.77e+02 |  9:2.5e-04  6:7.7e-03
  246 ,   6151 : 1.9892046017442e+01 +(2e-02,4e-02) | 2.88e+02 |  9:2.5e-04  6:7.9e-03
  247 ,   6176 : 1.9895450164426e+01 +(1e-02,3e-02) | 2.94e+02 |  9:2.4e-04  6:7.7e-03
  248 ,   6201 : 1.9891255939401e+01 +(2e-02,4e-02) | 2.83e+02 |  9:2.2e-04  6:7.0e-03
  249 ,   6226 : 1.9889756547494e+01 +(2e-02,4e-02) | 2.79e+02 |  9:2.1e-04  6:6.6e-03
Iterat, #Fevals:   Function Value    (median,worst) |Axis Ratio|idx:Min SD idx:Max SD
  250 ,   6251 : 1.9901684048007e+01 +(1e-02,3e-02) | 2.86e+02 |  9:1.9e-04  6:6.1e-03
  251 ,   6276 : 1.9890323391649e+01 +(2e-02,3e-02) | 2.75e+02 |  9:2.1e-04  6:6.2e-03
  252 ,   6301 : 1.9891400731153e+01 +(2e-02,5e-02) | 2.86e+02 |  9:2.0e-04  6:6.0e-03
  253 ,   6326 : 1.9894567725812e+01 +(2e-02,4e-02) | 2.82e+02 |  9:1.7e-04  6:5.1e-03
  254 ,   6351 : 1.9900549049170e+01 +(1e-02,3e-02) | 2.78e+02 |  9:1.6e-04  6:4.9e-03
  255 ,   6376 : 1.9898428638353e+01 +(1e-02,3e-02) | 2.74e+02 |  9:1.7e-04  6:4.9e-03
  256 ,   6401 : 1.9896328558224e+01 +(2e-02,4e-02) | 2.78e+02 |  9:1.8e-04  6:5.2e-03
  257 ,   6426 : 1.9895627792095e+01 +(2e-02,3e-02) | 2.85e+02 |  9:1.9e-04  6:5.4e-03
  258 ,   6451 : 1.9884366399313e+01 +(3e-02,4e-02) | 3.00e+02 |  9:1.8e-04  6:5.5e-03
  259 ,   6476 : 1.9894058438490e+01 +(2e-02,4e-02) | 2.94e+02 |  9:1.7e-04  6:5.0e-03
Iterat, #Fevals:   Function Value    (median,worst) |Axis Ratio|idx:Min SD idx:Max SD
  260 ,   6501 : 1.9888581485790e+01 +(2e-02,3e-02) | 2.99e+02 |  9:1.8e-04  6:5.1e-03
  261 ,   6526 : 1.9899915633362e+01 +(1e-02,2e-02) | 3.22e+02 |  9:2.1e-04  6:6.2e-03
  262 ,   6551 : 1.9898761081954e+01 +(1e-02,3e-02) | 3.34e+02 |  9:2.4e-04  6:7.1e-03
  263 ,   6576 : 1.9893351258423e+01 +(2e-02,4e-02) | 3.32e+02 |  9:2.0e-04  6:6.1e-03
  264 ,   6601 : 1.9896637329277e+01 +(2e-02,3e-02) | 3.31e+02 |  9:1.9e-04  6:5.7e-03
  265 ,   6626 : 1.9900167531369e+01 +(8e-03,2e-02) | 3.39e+02 |  9:1.9e-04  6:5.4e-03
  266 ,   6651 : 1.9893109417481e+01 +(2e-02,3e-02) | 3.43e+02 |  9:1.6e-04  6:4.6e-03
  267 ,   6676 : 1.9893263793431e+01 +(2e-02,3e-02) | 3.36e+02 |  9:1.6e-04  6:4.4e-03
  268 ,   6701 : 1.9897461977811e+01 +(1e-02,3e-02) | 3.32e+02 |  9:1.5e-04  6:4.3e-03
  269 ,   6726 : 1.9902987832932e+01 +(9e-03,3e-02) | 3.22e+02 |  9:1.7e-04  6:4.5e-03
Iterat, #Fevals:   Function Value    (median,worst) |Axis Ratio|idx:Min SD idx:Max SD
  270 ,   6751 : 1.9886805973026e+01 +(2e-02,3e-02) | 3.15e+02 |  9:1.6e-04  6:4.3e-03
  271 ,   6776 : 1.9894870639301e+01 +(2e-02,3e-02) | 3.06e+02 |  9:1.5e-04  6:3.8e-03
  272 ,   6801 : 1.9893924798556e+01 +(2e-02,4e-02) | 3.11e+02 |  9:1.4e-04  6:3.5e-03
  273 ,   6826 : 1.9902523261392e+01 +(9e-03,2e-02) | 3.19e+02 |  9:1.3e-04  6:3.4e-03
  274 ,   6851 : 1.9901472021051e+01 +(1e-02,2e-02) | 3.12e+02 |  9:1.2e-04  6:2.9e-03
  275 ,   6876 : 1.9900429339092e+01 +(1e-02,2e-02) | 3.07e+02 |  9:1.1e-04  6:2.6e-03
  276 ,   6901 : 1.9899592930280e+01 +(1e-02,2e-02) | 3.28e+02 |  9:1.0e-04  6:2.5e-03
  277 ,   6926 : 1.9903006125500e+01 +(9e-03,3e-02) | 3.43e+02 |  9:1.1e-04  6:2.9e-03
  278 ,   6951 : 1.9901330512179e+01 +(1e-02,3e-02) | 3.55e+02 |  9:1.2e-04  6:3.1e-03
  279 ,   6976 : 1.9892628285115e+01 +(2e-02,5e-02) | 3.65e+02 |  9:1.2e-04  3:3.1e-03
Iterat, #Fevals:   Function Value    (median,worst) |Axis Ratio|idx:Min SD idx:Max SD
  280 ,   7001 : 1.9892365820163e+01 +(2e-02,3e-02) | 3.57e+02 |  9:1.1e-04  3:2.8e-03
  281 ,   7026 : 1.9903080178651e+01 +(5e-03,2e-02) | 3.58e+02 |  9:9.2e-05  3:2.4e-03
  282 ,   7051 : 1.9896179965292e+01 +(1e-02,4e-02) | 3.58e+02 |  9:9.8e-05  3:2.7e-03
  283 ,   7076 : 1.9897531475829e+01 +(1e-02,3e-02) | 3.70e+02 |  9:1.0e-04  3:2.8e-03
  284 ,   7101 : 1.9894765880632e+01 +(2e-02,3e-02) | 3.72e+02 |  9:9.2e-05  6:2.5e-03
  285 ,   7126 : 1.9894422025205e+01 +(2e-02,3e-02) | 3.85e+02 |  9:8.7e-05  3:2.5e-03
  286 ,   7151 : 1.9900471447215e+01 +(1e-02,3e-02) | 3.92e+02 |  9:8.7e-05  3:2.7e-03
  287 ,   7176 : 1.9892504407409e+01 +(2e-02,4e-02) | 3.96e+02 |  9:8.8e-05  3:2.9e-03
  288 ,   7201 : 1.9894800055444e+01 +(2e-02,3e-02) | 4.31e+02 |  9:7.9e-05  3:2.7e-03
  289 ,   7226 : 1.9898665166523e+01 +(1e-02,2e-02) | 4.45e+02 |  9:6.7e-05  3:2.4e-03
Iterat, #Fevals:   Function Value    (median,worst) |Axis Ratio|idx:Min SD idx:Max SD
  290 ,   7251 : 1.9896781207321e+01 +(1e-02,3e-02) | 4.37e+02 |  9:6.7e-05  3:2.4e-03
  291 ,   7276 : 1.9887819492085e+01 +(2e-02,4e-02) | 4.39e+02 |  9:7.4e-05  3:2.5e-03
  292 ,   7301 : 1.9898975357740e+01 +(1e-02,3e-02) | 4.58e+02 |  9:7.7e-05  3:2.7e-03
  293 ,   7326 : 1.9897284781082e+01 +(1e-02,3e-02) | 4.57e+02 |  9:7.7e-05  3:2.8e-03
  294 ,   7351 : 1.9897304785727e+01 +(1e-02,3e-02) | 4.65e+02 |  9:6.9e-05  3:2.6e-03
  295 ,   7376 : 1.9895102957458e+01 +(2e-02,4e-02) | 4.83e+02 |  9:6.3e-05  3:2.3e-03
  296 ,   7401 : 1.9895406928030e+01 +(1e-02,3e-02) | 4.85e+02 |  9:6.5e-05  3:2.5e-03
  297 ,   7426 : 1.9899731354703e+01 +(1e-02,3e-02) | 4.80e+02 |  9:6.6e-05  3:2.5e-03
  298 ,   7451 : 1.9892026997888e+01 +(2e-02,3e-02) | 4.70e+02 |  9:6.4e-05  3:2.3e-03
  299 ,   7476 : 1.9895225734578e+01 +(1e-02,3e-02) | 4.92e+02 |  9:6.2e-05  3:2.3e-03
Iterat, #Fevals:   Function Value    (median,worst) |Axis Ratio|idx:Min SD idx:Max SD
  300 ,   7501 : 1.9891668168260e+01 +(2e-02,4e-02) | 4.79e+02 |  9:6.9e-05  3:2.7e-03
  301 ,   7526 : 1.9899240578592e+01 +(1e-02,3e-02) | 5.03e+02 |  9:7.2e-05  3:2.9e-03
  302 ,   7551 : 1.9894432685903e+01 +(2e-02,3e-02) | 5.10e+02 |  9:7.7e-05  3:3.1e-03
  303 ,   7576 : 1.9885916087944e+01 +(3e-02,4e-02) | 4.84e+02 |  9:7.7e-05  3:3.1e-03
  304 ,   7601 : 1.9897999412000e+01 +(1e-02,3e-02) | 4.91e+02 |  9:7.7e-05  3:3.1e-03
  305 ,   7626 : 1.9895197676423e+01 +(1e-02,3e-02) | 4.92e+02 |  9:6.9e-05  3:2.9e-03
  306 ,   7651 : 1.9889173728293e+01 +(2e-02,4e-02) | 4.78e+02 |  9:7.1e-05  3:2.9e-03
  307 ,   7676 : 1.9897115379426e+01 +(1e-02,3e-02) | 4.74e+02 |  9:7.6e-05  3:2.8e-03
  308 ,   7701 : 1.9899262762004e+01 +(1e-02,3e-02) | 4.91e+02 |  9:7.7e-05  3:2.9e-03
  309 ,   7726 : 1.9898248924824e+01 +(1e-02,3e-02) | 4.98e+02 |  9:8.6e-05  3:3.2e-03
Iterat, #Fevals:   Function Value    (median,worst) |Axis Ratio|idx:Min SD idx:Max SD
  310 ,   7751 : 1.9896375930520e+01 +(1e-02,4e-02) | 4.85e+02 |  9:9.9e-05  3:3.6e-03
  311 ,   7776 : 1.9895203241237e+01 +(2e-02,3e-02) | 5.02e+02 |  9:1.2e-04  3:4.4e-03
  312 ,   7801 : 1.9892065752742e+01 +(2e-02,3e-02) | 4.82e+02 |  9:1.4e-04  3:4.9e-03
  313 ,   7826 : 1.9892950545499e+01 +(2e-02,4e-02) | 4.77e+02 |  9:1.5e-04  3:4.9e-03
  314 ,   7851 : 1.9899048724159e+01 +(1e-02,3e-02) | 4.67e+02 |  9:1.3e-04  3:4.5e-03
  315 ,   7876 : 1.9893551455402e+01 +(2e-02,3e-02) | 4.52e+02 |  9:1.4e-04  3:4.4e-03
  316 ,   7901 : 1.9887871345934e+01 +(2e-02,4e-02) | 4.57e+02 |  9:1.5e-04  3:4.6e-03
  317 ,   7926 : 1.9891669293083e+01 +(2e-02,4e-02) | 4.41e+02 |  9:1.5e-04  3:4.5e-03
  318 ,   7951 : 1.9896586833417e+01 +(1e-02,4e-02) | 4.27e+02 |  9:1.4e-04  3:4.2e-03
  319 ,   7976 : 1.9891325968914e+01 +(1e-02,3e-02) | 4.32e+02 |  9:1.7e-04  3:4.9e-03
Iterat, #Fevals:   Function Value    (median,worst) |Axis Ratio|idx:Min SD idx:Max SD
  320 ,   8001 : 1.9875750910789e+01 +(3e-02,5e-02) | 4.27e+02 |  9:1.7e-04  3:5.1e-03
  321 ,   8026 : 1.9893912126192e+01 +(2e-02,5e-02) | 4.28e+02 |  9:1.7e-04  3:5.0e-03
  322 ,   8051 : 1.9892656532759e+01 +(2e-02,3e-02) | 4.14e+02 |  9:1.7e-04  3:5.1e-03
  323 ,   8076 : 1.9876598506249e+01 +(3e-02,4e-02) | 4.29e+02 |  9:1.7e-04  3:5.1e-03
  324 ,   8101 : 1.9888063655463e+01 +(2e-02,4e-02) | 4.23e+02 |  9:1.4e-04  3:4.4e-03
  325 ,   8126 : 1.9897044169006e+01 +(1e-02,2e-02) | 4.31e+02 |  9:1.3e-04  3:4.1e-03
  326 ,   8151 : 1.9889810569447e+01 +(2e-02,4e-02) | 4.20e+02 |  9:1.2e-04  3:3.6e-03
  327 ,   8176 : 1.9884760296207e+01 +(2e-02,4e-02) | 4.10e+02 |  9:1.1e-04  3:3.0e-03
  328 ,   8201 : 1.9896272392801e+01 +(1e-02,4e-02) | 4.15e+02 |  9:1.0e-04  3:2.9e-03
  329 ,   8226 : 1.9900738286156e+01 +(1e-02,3e-02) | 4.24e+02 |  9:9.1e-05  3:2.6e-03
Iterat, #Fevals:   Function Value    (median,worst) |Axis Ratio|idx:Min SD idx:Max SD
  330 ,   8251 : 1.9899858042566e+01 +(1e-02,3e-02) | 4.14e+02 |  9:8.8e-05  3:2.6e-03
  331 ,   8276 : 1.9896195627126e+01 +(2e-02,3e-02) | 4.18e+02 |  9:8.6e-05  3:2.5e-03
  332 ,   8301 : 1.9891360727509e+01 +(2e-02,3e-02) | 4.18e+02 |  9:9.3e-05  3:2.7e-03
  333 ,   8326 : 1.9883493978702e+01 +(3e-02,5e-02) | 4.16e+02 |  9:9.2e-05  3:2.6e-03
  334 ,   8351 : 1.9893166751645e+01 +(2e-02,3e-02) | 4.11e+02 |  9:8.8e-05  3:2.4e-03
  335 ,   8376 : 1.9899102639895e+01 +(1e-02,3e-02) | 4.27e+02 |  9:8.7e-05  3:2.5e-03
  336 ,   8401 : 1.9894894671509e+01 +(2e-02,3e-02) | 4.27e+02 |  9:8.9e-05  3:2.6e-03
  337 ,   8426 : 1.9889136621110e+01 +(2e-02,4e-02) | 4.05e+02 |  9:9.0e-05  3:2.4e-03
  338 ,   8451 : 1.9892677298208e+01 +(2e-02,3e-02) | 4.03e+02 |  9:9.6e-05  3:2.5e-03
  339 ,   8476 : 1.9891613660065e+01 +(2e-02,3e-02) | 4.06e+02 |  9:8.9e-05  3:2.4e-03
Iterat, #Fevals:   Function Value    (median,worst) |Axis Ratio|idx:Min SD idx:Max SD
  340 ,   8501 : 1.9893492623621e+01 +(2e-02,3e-02) | 3.86e+02 |  9:8.9e-05  3:2.2e-03
  341 ,   8526 : 1.9898889077848e+01 +(1e-02,3e-02) | 3.82e+02 |  9:8.7e-05  3:2.2e-03
  342 ,   8551 : 1.9884047099347e+01 +(2e-02,4e-02) | 3.75e+02 |  9:8.8e-05  3:2.1e-03
  343 ,   8576 : 1.9891743361544e+01 +(2e-02,3e-02) | 3.67e+02 |  9:7.9e-05  3:2.1e-03
  344 ,   8601 : 1.9878664576270e+01 +(3e-02,4e-02) | 3.56e+02 |  9:7.2e-05  3:1.8e-03
  345 ,   8626 : 1.9888981628348e+01 +(2e-02,3e-02) | 3.70e+02 |  9:7.8e-05  3:2.0e-03
  346 ,   8651 : 1.9887752368944e+01 +(2e-02,3e-02) | 4.06e+02 |  9:9.0e-05  3:2.2e-03
  347 ,   8676 : 1.9904603809344e+01 +(8e-03,2e-02) | 4.00e+02 |  9:8.0e-05  3:2.0e-03
  348 ,   8701 : 1.9887150800809e+01 +(2e-02,4e-02) | 3.99e+02 |  9:7.3e-05  3:1.8e-03
  349 ,   8726 : 1.9881079828367e+01 +(3e-02,5e-02) | 4.04e+02 |  9:8.0e-05  3:1.8e-03
Iterat, #Fevals:   Function Value    (median,worst) |Axis Ratio|idx:Min SD idx:Max SD
  350 ,   8751 : 1.9895263119664e+01 +(1e-02,4e-02) | 4.12e+02 |  9:8.3e-05  3:1.8e-03
  351 ,   8776 : 1.9891618420594e+01 +(2e-02,3e-02) | 4.11e+02 |  9:8.5e-05  3:1.8e-03
  352 ,   8801 : 1.9901057084088e+01 +(1e-02,2e-02) | 3.95e+02 |  9:8.6e-05  3:1.9e-03
  353 ,   8826 : 1.9894415550999e+01 +(1e-02,3e-02) | 3.77e+02 |  9:9.7e-05  3:2.1e-03
  354 ,   8851 : 1.9890097764375e+01 +(2e-02,4e-02) | 3.74e+02 |  9:1.1e-04  3:2.5e-03
  355 ,   8876 : 1.9887590507238e+01 +(2e-02,3e-02) | 3.92e+02 |  9:1.3e-04  3:2.7e-03
  356 ,   8901 : 1.9896263054454e+01 +(1e-02,3e-02) | 3.95e+02 |  9:1.3e-04  3:2.6e-03
  357 ,   8926 : 1.9877003438604e+01 +(3e-02,5e-02) | 4.00e+02 |  9:1.1e-04  3:2.4e-03
  358 ,   8951 : 1.9889131746301e+01 +(2e-02,4e-02) | 4.00e+02 |  9:1.2e-04  3:2.6e-03
  359 ,   8976 : 1.9892469757395e+01 +(2e-02,3e-02) | 3.87e+02 |  9:1.3e-04  3:2.7e-03
Iterat, #Fevals:   Function Value    (median,worst) |Axis Ratio|idx:Min SD idx:Max SD
  360 ,   9001 : 1.9884029570122e+01 +(3e-02,4e-02) | 4.01e+02 |  9:1.4e-04  3:2.7e-03
  361 ,   9026 : 1.9885374041831e+01 +(2e-02,4e-02) | 4.16e+02 |  9:1.4e-04  3:2.8e-03
  362 ,   9051 : 1.9893543641926e+01 +(1e-02,3e-02) | 3.92e+02 |  9:1.4e-04  3:2.9e-03
  363 ,   9076 : 1.9898002004037e+01 +(1e-02,2e-02) | 3.94e+02 |  9:1.4e-04  3:3.1e-03
  364 ,   9101 : 1.9888815025080e+01 +(2e-02,4e-02) | 3.67e+02 |  9:1.5e-04  3:3.2e-03
  365 ,   9126 : 1.9890344395799e+01 +(1e-02,3e-02) | 3.84e+02 |  9:1.5e-04  3:3.3e-03
  366 ,   9151 : 1.9891542196371e+01 +(2e-02,4e-02) | 4.02e+02 |  9:1.5e-04  3:3.5e-03
  367 ,   9176 : 1.9900762587052e+01 +(8e-03,2e-02) | 4.12e+02 |  9:1.5e-04  3:3.8e-03
  368 ,   9201 : 1.9891805280945e+01 +(2e-02,3e-02) | 4.37e+02 |  9:1.5e-04  3:4.1e-03
  369 ,   9226 : 1.9889277281564e+01 +(2e-02,4e-02) | 4.37e+02 |  9:1.5e-04  3:3.9e-03
Iterat, #Fevals:   Function Value    (median,worst) |Axis Ratio|idx:Min SD idx:Max SD
  370 ,   9251 : 1.9897305849942e+01 +(1e-02,3e-02) | 4.47e+02 |  9:1.4e-04  3:3.8e-03
  371 ,   9276 : 1.9885617146914e+01 +(3e-02,4e-02) | 4.27e+02 |  9:1.4e-04  3:3.7e-03
  372 ,   9301 : 1.9898182635360e+01 +(1e-02,3e-02) | 3.98e+02 |  9:1.4e-04  3:3.8e-03
  373 ,   9326 : 1.9896318159629e+01 +(1e-02,3e-02) | 3.65e+02 |  9:1.4e-04  3:3.7e-03
  374 ,   9351 : 1.9894572899334e+01 +(2e-02,4e-02) | 3.48e+02 |  9:1.4e-04  3:3.5e-03
  375 ,   9376 : 1.9898538909038e+01 +(1e-02,2e-02) | 3.51e+02 |  9:1.2e-04  3:3.0e-03
  376 ,   9401 : 1.9890760185423e+01 +(1e-02,4e-02) | 3.62e+02 |  9:1.2e-04  3:3.1e-03
  377 ,   9426 : 1.9885199782566e+01 +(2e-02,4e-02) | 3.74e+02 |  9:1.0e-04  3:2.7e-03
  378 ,   9451 : 1.9883707403855e+01 +(2e-02,4e-02) | 3.96e+02 |  9:9.6e-05  3:2.7e-03
  379 ,   9476 : 1.9885359776114e+01 +(2e-02,4e-02) | 4.01e+02 |  9:9.6e-05  3:2.6e-03
Iterat, #Fevals:   Function Value    (median,worst) |Axis Ratio|idx:Min SD idx:Max SD
  380 ,   9501 : 1.9880428227754e+01 +(3e-02,5e-02) | 4.33e+02 |  9:1.0e-04  3:2.8e-03
  381 ,   9526 : 1.9883632517300e+01 +(3e-02,4e-02) | 4.44e+02 |  9:9.0e-05  3:2.5e-03
  382 ,   9551 : 1.9891707701358e+01 +(1e-02,4e-02) | 4.64e+02 |  9:8.7e-05  3:2.4e-03
  383 ,   9576 : 1.9892243097363e+01 +(2e-02,3e-02) | 4.46e+02 |  9:7.0e-05  3:2.0e-03
  384 ,   9601 : 1.9884287316695e+01 +(3e-02,5e-02) | 4.48e+02 |  9:6.7e-05  3:1.9e-03
  385 ,   9626 : 1.9891563431718e+01 +(2e-02,3e-02) | 4.51e+02 |  9:6.5e-05  3:1.9e-03
  386 ,   9651 : 1.9885435977910e+01 +(2e-02,4e-02) | 4.58e+02 |  9:5.7e-05  3:1.7e-03
  387 ,   9676 : 1.9889067223358e+01 +(2e-02,3e-02) | 4.35e+02 |  9:5.6e-05  3:1.7e-03
  388 ,   9701 : 1.9889814630042e+01 +(2e-02,4e-02) | 4.74e+02 |  9:5.8e-05  3:1.9e-03
  389 ,   9726 : 1.9888181691037e+01 +(2e-02,4e-02) | 4.68e+02 |  9:5.1e-05  3:1.7e-03
Iterat, #Fevals:   Function Value    (median,worst) |Axis Ratio|idx:Min SD idx:Max SD
  390 ,   9751 : 1.9890923916559e+01 +(2e-02,4e-02) | 4.63e+02 |  9:4.7e-05  3:1.5e-03
  391 ,   9776 : 1.9885509882065e+01 +(2e-02,4e-02) | 4.34e+02 |  9:5.1e-05  3:1.6e-03
  392 ,   9801 : 1.9890486169310e+01 +(2e-02,4e-02) | 4.37e+02 |  9:5.5e-05  3:1.6e-03
  393 ,   9826 : 1.9886239700340e+01 +(3e-02,6e-02) | 4.53e+02 |  9:4.7e-05  3:1.4e-03
  394 ,   9851 : 1.9884734904445e+01 +(2e-02,4e-02) | 4.54e+02 |  9:4.4e-05  3:1.4e-03
  395 ,   9876 : 1.9888398945106e+01 +(2e-02,3e-02) | 4.61e+02 |  9:4.2e-05  3:1.3e-03
  396 ,   9901 : 1.9886709564901e+01 +(2e-02,4e-02) | 4.60e+02 |  9:3.7e-05  3:1.2e-03
  397 ,   9926 : 1.9890237373359e+01 +(2e-02,4e-02) | 4.60e+02 |  9:3.3e-05  3:1.0e-03
  398 ,   9951 : 1.9883529584646e+01 +(2e-02,4e-02) | 4.68e+02 |  9:2.8e-05  3:8.8e-04
  399 ,   9976 : 1.9887066199298e+01 +(3e-02,4e-02) | 4.76e+02 |  9:2.8e-05  3:8.7e-04
Iterat, #Fevals:   Function Value    (median,worst) |Axis Ratio|idx:Min SD idx:Max SD
  400 ,  10001 : 1.9887201776407e+01 +(2e-02,3e-02) | 4.85e+02 |  9:2.6e-05  3:8.2e-04
  401 ,  10026 : 1.9880689957498e+01 +(2e-02,4e-02) | 4.87e+02 |  9:2.5e-05  3:7.9e-04
  402 ,  10051 : 1.9882130288616e+01 +(2e-02,4e-02) | 4.78e+02 |  9:2.5e-05  3:8.2e-04
  403 ,  10076 : 1.9873224228487e+01 +(4e-02,5e-02) | 4.85e+02 |  9:2.4e-05  3:7.8e-04
  404 ,  10101 : 1.9879978407802e+01 +(3e-02,4e-02) | 4.87e+02 |  9:2.1e-05  3:6.8e-04
  405 ,  10126 : 1.9885441504648e+01 +(2e-02,4e-02) | 4.97e+02 |  9:2.1e-05  3:7.2e-04
  406 ,  10151 : 1.9891198276602e+01 +(2e-02,4e-02) | 4.75e+02 |  9:2.3e-05  3:8.2e-04
  407 ,  10176 : 1.9891850755622e+01 +(2e-02,3e-02) | 4.72e+02 |  9:2.3e-05  3:8.0e-04
  408 ,  10201 : 1.9884375494197e+01 +(2e-02,5e-02) | 4.91e+02 |  9:2.2e-05  3:8.0e-04
  409 ,  10226 : 1.9883743552397e+01 +(2e-02,4e-02) | 5.07e+02 |  9:2.0e-05  3:7.3e-04
Iterat, #Fevals:   Function Value    (median,worst) |Axis Ratio|idx:Min SD idx:Max SD
  410 ,  10251 : 1.9884389244587e+01 +(2e-02,4e-02) | 4.87e+02 |  9:1.7e-05  3:6.2e-04
  411 ,  10276 : 1.9883269514735e+01 +(3e-02,5e-02) | 4.72e+02 |  9:1.8e-05  3:6.9e-04
  412 ,  10301 : 1.9884606871251e+01 +(2e-02,4e-02) | 4.79e+02 |  9:2.1e-05  3:8.1e-04
  413 ,  10326 : 1.9886850046824e+01 +(2e-02,4e-02) | 4.69e+02 |  9:2.2e-05  3:7.9e-04
  414 ,  10351 : 1.9894963571472e+01 +(1e-02,3e-02) | 4.66e+02 |  9:2.1e-05  3:7.8e-04
  415 ,  10376 : 1.9896456489290e+01 +(1e-02,3e-02) | 4.38e+02 |  9:2.3e-05  3:8.2e-04
  416 ,  10401 : 1.9885574660647e+01 +(2e-02,4e-02) | 4.46e+02 |  9:2.2e-05  3:7.8e-04
  417 ,  10426 : 1.9889696833237e+01 +(2e-02,4e-02) | 4.34e+02 |  9:2.0e-05  3:7.2e-04
  418 ,  10451 : 1.9888977513546e+01 +(2e-02,3e-02) | 4.37e+02 |  9:2.4e-05  3:8.2e-04
  419 ,  10476 : 1.9893501230152e+01 +(2e-02,4e-02) | 4.38e+02 |  9:2.4e-05  3:8.2e-04
Iterat, #Fevals:   Function Value    (median,worst) |Axis Ratio|idx:Min SD idx:Max SD
  420 ,  10501 : 1.9892382749666e+01 +(2e-02,4e-02) | 4.53e+02 |  9:2.6e-05  3:8.5e-04
  421 ,  10526 : 1.9868675762094e+01 +(4e-02,5e-02) | 4.95e+02 |  9:3.0e-05  3:1.0e-03
  422 ,  10551 : 1.9885934413846e+01 +(2e-02,4e-02) | 5.37e+02 |  9:3.7e-05  3:1.3e-03
  423 ,  10576 : 1.9883934028561e+01 +(3e-02,5e-02) | 5.52e+02 |  9:3.8e-05  3:1.3e-03
  424 ,  10601 : 1.9896548857234e+01 +(2e-02,3e-02) | 5.87e+02 |  9:3.9e-05  3:1.4e-03
  425 ,  10626 : 1.9891651826960e+01 +(2e-02,4e-02) | 5.81e+02 |  9:3.5e-05  3:1.2e-03
  426 ,  10651 : 1.9891305477131e+01 +(2e-02,3e-02) | 5.77e+02 |  9:3.8e-05  3:1.3e-03
  427 ,  10676 : 1.9891914920155e+01 +(2e-02,4e-02) | 5.84e+02 |  9:4.3e-05  3:1.5e-03
  428 ,  10701 : 1.9889277882718e+01 +(2e-02,4e-02) | 5.90e+02 |  9:3.8e-05  3:1.5e-03
  429 ,  10726 : 1.9885678790527e+01 +(2e-02,4e-02) | 6.03e+02 |  9:3.3e-05  3:1.3e-03
Iterat, #Fevals:   Function Value    (median,worst) |Axis Ratio|idx:Min SD idx:Max SD
  430 ,  10751 : 1.9888734920002e+01 +(1e-02,4e-02) | 5.99e+02 |  9:3.3e-05  3:1.3e-03
  431 ,  10776 : 1.9886861218441e+01 +(2e-02,5e-02) | 5.78e+02 |  9:3.7e-05  3:1.5e-03
  432 ,  10801 : 1.9894868657036e+01 +(1e-02,3e-02) | 5.52e+02 |  9:4.1e-05  3:1.6e-03
  433 ,  10826 : 1.9886600733050e+01 +(2e-02,4e-02) | 5.84e+02 |  9:4.2e-05  3:1.8e-03
  434 ,  10851 : 1.9884527949824e+01 +(2e-02,5e-02) | 5.95e+02 |  9:3.9e-05  3:1.7e-03
  435 ,  10876 : 1.9886377585353e+01 +(2e-02,4e-02) | 6.26e+02 |  9:4.0e-05  3:1.8e-03
  436 ,  10901 : 1.9897713909802e+01 +(1e-02,3e-02) | 6.47e+02 |  9:3.4e-05  3:1.6e-03
  437 ,  10926 : 1.9886728917775e+01 +(2e-02,4e-02) | 6.40e+02 |  9:3.1e-05  3:1.4e-03
  438 ,  10951 : 1.9892874262704e+01 +(1e-02,4e-02) | 6.64e+02 |  9:3.0e-05  3:1.4e-03
  439 ,  10976 : 1.9883143894363e+01 +(2e-02,3e-02) | 6.72e+02 |  9:2.9e-05  3:1.3e-03
Iterat, #Fevals:   Function Value    (median,worst) |Axis Ratio|idx:Min SD idx:Max SD
  440 ,  11001 : 1.9889106622826e+01 +(2e-02,3e-02) | 6.86e+02 |  9:2.6e-05  3:1.2e-03
  441 ,  11026 : 1.9892076924557e+01 +(2e-02,4e-02) | 6.73e+02 |  9:2.6e-05  3:1.2e-03
  442 ,  11051 : 1.9882389759070e+01 +(3e-02,5e-02) | 6.95e+02 |  9:2.9e-05  3:1.3e-03
  443 ,  11076 : 1.9896312324505e+01 +(1e-02,3e-02) | 6.98e+02 |  9:2.7e-05  3:1.3e-03
  444 ,  11101 : 1.9887498276096e+01 +(2e-02,5e-02) | 7.23e+02 |  9:2.5e-05  3:1.2e-03
  445 ,  11126 : 1.9886658677450e+01 +(2e-02,4e-02) | 7.23e+02 |  9:2.5e-05  3:1.2e-03
  446 ,  11151 : 1.9886235038629e+01 +(2e-02,4e-02) | 7.47e+02 |  9:2.5e-05  3:1.2e-03
  447 ,  11176 : 1.9888769050478e+01 +(2e-02,4e-02) | 7.34e+02 |  9:2.4e-05  3:1.2e-03
  448 ,  11201 : 1.9888424256031e+01 +(2e-02,4e-02) | 7.18e+02 |  9:2.2e-05  3:1.1e-03
  449 ,  11226 : 1.9884710656240e+01 +(2e-02,5e-02) | 7.06e+02 |  9:2.0e-05  3:9.5e-04
Iterat, #Fevals:   Function Value    (median,worst) |Axis Ratio|idx:Min SD idx:Max SD
  450 ,  11251 : 1.9881444479709e+01 +(3e-02,5e-02) | 7.08e+02 |  9:1.9e-05  3:8.6e-04
  451 ,  11276 : 1.9886380299983e+01 +(2e-02,4e-02) | 7.25e+02 |  9:1.7e-05  3:7.7e-04
  452 ,  11301 : 1.9888624852717e+01 +(2e-02,4e-02) | 7.64e+02 |  9:1.9e-05  3:8.6e-04
  453 ,  11326 : 1.9890760610880e+01 +(2e-02,3e-02) | 7.86e+02 |  9:1.9e-05  3:8.2e-04
  454 ,  11351 : 1.9889069922344e+01 +(2e-02,4e-02) | 7.51e+02 |  9:1.9e-05  3:8.2e-04
  455 ,  11376 : 1.9883498533770e+01 +(2e-02,4e-02) | 7.67e+02 |  9:1.7e-05  3:7.5e-04
  456 ,  11401 : 1.9890286604740e+01 +(2e-02,4e-02) | 7.44e+02 |  9:1.5e-05  3:6.7e-04
  457 ,  11426 : 1.9888797243927e+01 +(1e-02,3e-02) | 7.42e+02 |  9:1.3e-05  3:5.7e-04
  458 ,  11451 : 1.9886685174077e+01 +(2e-02,4e-02) | 6.99e+02 |  9:1.5e-05  3:6.2e-04
  459 ,  11476 : 1.9891653191814e+01 +(1e-02,3e-02) | 6.84e+02 |  9:1.9e-05  3:7.7e-04
Iterat, #Fevals:   Function Value    (median,worst) |Axis Ratio|idx:Min SD idx:Max SD
  460 ,  11501 : 1.9888840683191e+01 +(2e-02,4e-02) | 7.11e+02 |  9:1.7e-05  3:7.0e-04
  461 ,  11526 : 1.9890149773425e+01 +(2e-02,4e-02) | 6.89e+02 |  9:1.7e-05  3:7.0e-04
  462 ,  11551 : 1.9877780735992e+01 +(3e-02,5e-02) | 7.55e+02 |  9:1.9e-05  3:8.4e-04
  463 ,  11576 : 1.9889201038098e+01 +(2e-02,3e-02) | 8.06e+02 |  9:1.9e-05  3:9.4e-04
  464 ,  11601 : 1.9884720840236e+01 +(2e-02,4e-02) | 8.78e+02 |  9:2.3e-05  3:1.2e-03
  465 ,  11626 : 1.9887146136716e+01 +(2e-02,3e-02) | 9.18e+02 |  9:2.5e-05  3:1.3e-03
  466 ,  11651 : 1.9887052285078e+01 +(2e-02,5e-02) | 9.54e+02 |  9:2.6e-05  3:1.2e-03
  467 ,  11676 : 1.9884353932843e+01 +(3e-02,4e-02) | 8.69e+02 |  9:2.5e-05  3:1.2e-03
  468 ,  11701 : 1.9884128304370e+01 +(2e-02,4e-02) | 9.07e+02 |  9:2.9e-05  3:1.4e-03
  469 ,  11726 : 1.9883972426308e+01 +(2e-02,4e-02) | 9.17e+02 |  9:3.3e-05  3:1.5e-03
Iterat, #Fevals:   Function Value    (median,worst) |Axis Ratio|idx:Min SD idx:Max SD
  470 ,  11751 : 1.9895669646762e+01 +(2e-02,3e-02) | 9.34e+02 |  9:3.3e-05  3:1.5e-03
  471 ,  11776 : 1.9883567821691e+01 +(2e-02,4e-02) | 9.79e+02 |  9:3.4e-05  3:1.5e-03
  472 ,  11801 : 1.9889826264097e+01 +(1e-02,4e-02) | 9.54e+02 |  9:3.4e-05  3:1.5e-03
  473 ,  11826 : 1.9885542167604e+01 +(2e-02,4e-02) | 9.45e+02 |  9:3.6e-05  3:1.6e-03
  474 ,  11851 : 1.9887797330714e+01 +(2e-02,4e-02) | 9.58e+02 |  9:3.7e-05  3:1.7e-03
  475 ,  11876 : 1.9883933865067e+01 +(3e-02,4e-02) | 9.52e+02 |  9:4.2e-05  3:1.9e-03
  476 ,  11901 : 1.9883185322653e+01 +(3e-02,4e-02) | 9.47e+02 |  9:4.3e-05  3:1.9e-03
  477 ,  11926 : 1.9882437488051e+01 +(2e-02,5e-02) | 9.23e+02 |  9:4.0e-05  3:1.8e-03
  478 ,  11951 : 1.9886725513224e+01 +(2e-02,4e-02) | 9.03e+02 |  9:3.6e-05  3:1.7e-03
  479 ,  11976 : 1.9890552955572e+01 +(2e-02,3e-02) | 8.49e+02 |  9:3.5e-05  3:1.7e-03
Iterat, #Fevals:   Function Value    (median,worst) |Axis Ratio|idx:Min SD idx:Max SD
  480 ,  12001 : 1.9884254483122e+01 +(3e-02,4e-02) | 8.53e+02 |  9:3.4e-05  3:1.7e-03
  481 ,  12026 : 1.9886417338519e+01 +(2e-02,4e-02) | 8.70e+02 |  9:3.8e-05  3:1.8e-03
  482 ,  12051 : 1.9891143230244e+01 +(1e-02,3e-02) | 9.15e+02 |  9:4.1e-05  3:1.9e-03
  483 ,  12076 : 1.9883151863422e+01 +(3e-02,4e-02) | 9.35e+02 |  9:4.1e-05  3:2.0e-03
  484 ,  12101 : 1.9887571178786e+01 +(2e-02,4e-02) | 9.47e+02 |  9:3.9e-05  3:1.9e-03
  485 ,  12126 : 1.9891738776208e+01 +(2e-02,4e-02) | 9.51e+02 |  9:3.9e-05  3:2.0e-03
  486 ,  12151 : 1.9890517582104e+01 +(1e-02,3e-02) | 9.58e+02 |  9:3.8e-05  3:2.0e-03
  487 ,  12176 : 1.9890717521433e+01 +(1e-02,3e-02) | 9.71e+02 |  9:3.6e-05  3:1.8e-03
  488 ,  12201 : 1.9891775433121e+01 +(2e-02,4e-02) | 9.79e+02 |  9:3.7e-05  3:1.9e-03
  489 ,  12226 : 1.9882122612695e+01 +(3e-02,5e-02) | 1.00e+03 |  9:3.3e-05  3:1.7e-03
Iterat, #Fevals:   Function Value    (median,worst) |Axis Ratio|idx:Min SD idx:Max SD
  490 ,  12251 : 1.9892900449389e+01 +(1e-02,4e-02) | 1.03e+03 |  9:3.0e-05  3:1.6e-03
  491 ,  12276 : 1.9883120045578e+01 +(3e-02,4e-02) | 1.03e+03 |  9:2.8e-05  3:1.5e-03
  492 ,  12301 : 1.9891348212683e+01 +(2e-02,3e-02) | 9.81e+02 |  9:2.9e-05  3:1.5e-03
  493 ,  12326 : 1.9883018128828e+01 +(2e-02,4e-02) | 9.61e+02 |  9:2.8e-05  3:1.4e-03
  494 ,  12351 : 1.9895494993184e+01 +(1e-02,3e-02) | 9.85e+02 |  9:2.4e-05  3:1.3e-03
  495 ,  12376 : 1.9887461574949e+01 +(2e-02,4e-02) | 9.71e+02 |  9:2.0e-05  3:1.0e-03
  496 ,  12401 : 1.9893127136658e+01 +(1e-02,4e-02) | 9.74e+02 |  9:1.6e-05  3:8.4e-04
  497 ,  12426 : 1.9895349225430e+01 +(1e-02,4e-02) | 9.80e+02 |  9:1.5e-05  3:7.4e-04
  498 ,  12451 : 1.9879883533914e+01 +(2e-02,5e-02) | 1.01e+03 |  9:1.2e-05  3:6.4e-04
  499 ,  12476 : 1.9893278555349e+01 +(2e-02,3e-02) | 1.03e+03 |  9:1.0e-05  3:5.5e-04
Iterat, #Fevals:   Function Value    (median,worst) |Axis Ratio|idx:Min SD idx:Max SD
  500 ,  12501 : 1.9883796764793e+01 +(2e-02,4e-02) | 1.09e+03 |  9:9.2e-06  3:5.1e-04
  501 ,  12526 : 1.9889491440483e+01 +(2e-02,5e-02) | 1.14e+03 |  9:9.0e-06  3:5.3e-04
  502 ,  12551 : 1.9886786751688e+01 +(2e-02,4e-02) | 1.11e+03 |  9:8.4e-06  3:4.8e-04
  503 ,  12576 : 1.9894064153883e+01 +(1e-02,4e-02) | 1.05e+03 |  9:7.9e-06  3:4.5e-04
  504 ,  12601 : 1.9885046731983e+01 +(2e-02,3e-02) | 1.03e+03 |  9:6.7e-06  3:3.9e-04
  505 ,  12626 : 1.9888916376058e+01 +(1e-02,3e-02) | 1.08e+03 |  9:6.7e-06  3:4.0e-04
  506 ,  12651 : 1.9887365406766e+01 +(2e-02,4e-02) | 1.06e+03 |  9:6.6e-06  3:4.0e-04
  507 ,  12676 : 1.9891940564139e+01 +(2e-02,4e-02) | 1.03e+03 |  9:5.9e-06  3:3.6e-04
  508 ,  12701 : 1.9882819667784e+01 +(3e-02,4e-02) | 1.12e+03 |  9:5.2e-06  3:3.3e-04
  509 ,  12726 : 1.9883651991757e+01 +(2e-02,4e-02) | 1.22e+03 |  9:5.1e-06  3:3.3e-04
Iterat, #Fevals:   Function Value    (median,worst) |Axis Ratio|idx:Min SD idx:Max SD
  510 ,  12751 : 1.9885222884509e+01 +(2e-02,4e-02) | 1.18e+03 |  9:5.2e-06  3:3.2e-04
  511 ,  12776 : 1.9891389395224e+01 +(2e-02,3e-02) | 1.14e+03 |  9:4.4e-06  3:2.7e-04
  512 ,  12801 : 1.9889827078046e+01 +(2e-02,4e-02) | 1.15e+03 |  9:3.9e-06  3:2.4e-04
  513 ,  12826 : 1.9884195293973e+01 +(2e-02,3e-02) | 1.17e+03 |  9:4.4e-06  3:2.6e-04
  514 ,  12851 : 1.9888797540662e+01 +(2e-02,4e-02) | 1.04e+03 |  9:5.0e-06  3:3.0e-04
  515 ,  12876 : 1.9889746068423e+01 +(2e-02,4e-02) | 1.05e+03 |  9:5.1e-06  3:3.0e-04
  516 ,  12901 : 1.9886561805202e+01 +(2e-02,4e-02) | 1.06e+03 |  9:4.9e-06  3:2.9e-04
  517 ,  12926 : 1.9886347843161e+01 +(2e-02,4e-02) | 1.10e+03 |  9:4.4e-06  3:2.7e-04
  518 ,  12951 : 1.9895892390368e+01 +(1e-02,3e-02) | 1.11e+03 |  9:4.2e-06  3:2.5e-04
  519 ,  12976 : 1.9889219520316e+01 +(2e-02,5e-02) | 1.08e+03 |  9:4.2e-06  3:2.5e-04
Iterat, #Fevals:   Function Value    (median,worst) |Axis Ratio|idx:Min SD idx:Max SD
  520 ,  13001 : 1.9878258438817e+01 +(2e-02,4e-02) | 1.08e+03 |  9:4.5e-06  3:2.7e-04
  521 ,  13026 : 1.9885165536115e+01 +(2e-02,5e-02) | 1.08e+03 |  9:5.3e-06  3:3.0e-04
  522 ,  13051 : 1.9887503141433e+01 +(2e-02,4e-02) | 9.95e+02 |  9:5.8e-06  3:3.4e-04
  523 ,  13076 : 1.9884151982173e+01 +(2e-02,5e-02) | 9.77e+02 |  9:5.8e-06  3:3.3e-04
  524 ,  13101 : 1.9883730704027e+01 +(3e-02,4e-02) | 9.94e+02 |  9:6.4e-06  3:3.7e-04
  525 ,  13126 : 1.9893355904986e+01 +(2e-02,4e-02) | 1.00e+03 |  9:6.2e-06  3:3.6e-04
  526 ,  13151 : 1.9887822221075e+01 +(2e-02,3e-02) | 9.88e+02 |  9:6.3e-06  3:3.6e-04
  527 ,  13176 : 1.9887423891145e+01 +(2e-02,4e-02) | 1.05e+03 |  9:6.1e-06  3:3.4e-04
  528 ,  13201 : 1.9892441812977e+01 +(1e-02,3e-02) | 1.01e+03 |  9:5.7e-06  3:3.2e-04
  529 ,  13226 : 1.9880992386581e+01 +(3e-02,5e-02) | 1.06e+03 |  9:5.7e-06  3:3.1e-04
Iterat, #Fevals:   Function Value    (median,worst) |Axis Ratio|idx:Min SD idx:Max SD
  530 ,  13251 : 1.9890408306207e+01 +(2e-02,3e-02) | 1.03e+03 |  9:5.5e-06  3:3.0e-04
  531 ,  13276 : 1.9889748561461e+01 +(2e-02,4e-02) | 1.01e+03 |  9:5.0e-06  3:2.7e-04
  532 ,  13301 : 1.9896522638946e+01 +(1e-02,4e-02) | 9.87e+02 |  9:5.7e-06  3:3.1e-04
  533 ,  13326 : 1.9886658260596e+01 +(2e-02,4e-02) | 9.58e+02 |  9:6.1e-06  3:3.2e-04
  534 ,  13351 : 1.9887573613278e+01 +(2e-02,3e-02) | 9.20e+02 |  9:5.4e-06  3:2.8e-04
  535 ,  13376 : 1.9882807698064e+01 +(2e-02,5e-02) | 9.01e+02 |  9:5.6e-06  3:2.8e-04
  536 ,  13401 : 1.9885086916023e+01 +(2e-02,4e-02) | 8.93e+02 |  9:5.4e-06  3:2.7e-04
  537 ,  13426 : 1.9879897928867e+01 +(3e-02,4e-02) | 9.00e+02 |  9:5.9e-06  3:2.9e-04
  538 ,  13451 : 1.9889810933136e+01 +(2e-02,4e-02) | 9.41e+02 |  9:6.1e-06  3:3.0e-04
  539 ,  13476 : 1.9884661094758e+01 +(3e-02,5e-02) | 9.43e+02 |  9:6.2e-06  3:3.2e-04
Iterat, #Fevals:   Function Value    (median,worst) |Axis Ratio|idx:Min SD idx:Max SD
  540 ,  13501 : 1.9887051492820e+01 +(2e-02,4e-02) | 9.54e+02 |  9:6.3e-06  3:3.2e-04
  541 ,  13526 : 1.9884131903696e+01 +(3e-02,4e-02) | 1.01e+03 |  9:6.1e-06  3:3.3e-04
  542 ,  13551 : 1.9887818578263e+01 +(2e-02,4e-02) | 9.90e+02 |  9:6.9e-06  3:3.7e-04
  543 ,  13576 : 1.9890169248601e+01 +(2e-02,4e-02) | 9.83e+02 |  9:6.5e-06  3:3.5e-04
  544 ,  13601 : 1.9886429236279e+01 +(2e-02,4e-02) | 9.99e+02 |  9:6.0e-06  3:3.2e-04
  545 ,  13626 : 1.9877139672790e+01 +(3e-02,5e-02) | 9.89e+02 |  9:5.8e-06  3:3.1e-04
  546 ,  13651 : 1.9888587894073e+01 +(1e-02,4e-02) | 1.04e+03 |  9:5.1e-06  3:2.8e-04
  547 ,  13676 : 1.9895955197525e+01 +(2e-02,3e-02) | 1.04e+03 |  9:4.9e-06  3:2.7e-04
  548 ,  13701 : 1.9892157050018e+01 +(2e-02,3e-02) | 1.05e+03 |  9:4.2e-06  3:2.4e-04
  549 ,  13726 : 1.9892317583429e+01 +(2e-02,3e-02) | 1.09e+03 |  9:4.2e-06  3:2.3e-04
Iterat, #Fevals:   Function Value    (median,worst) |Axis Ratio|idx:Min SD idx:Max SD
  550 ,  13751 : 1.9887608359572e+01 +(2e-02,4e-02) | 1.13e+03 |  9:4.2e-06  3:2.4e-04
  551 ,  13776 : 1.9887973586211e+01 +(1e-02,3e-02) | 1.02e+03 |  9:4.4e-06  3:2.6e-04
  552 ,  13801 : 1.9882800547092e+01 +(2e-02,5e-02) | 1.04e+03 |  9:4.3e-06  3:2.6e-04
  553 ,  13826 : 1.9876444394066e+01 +(3e-02,5e-02) | 1.13e+03 |  9:4.4e-06  3:2.8e-04
  554 ,  13851 : 1.9891188165462e+01 +(2e-02,4e-02) | 1.12e+03 |  9:4.4e-06  3:2.9e-04
  555 ,  13876 : 1.9887221414186e+01 +(2e-02,4e-02) | 1.11e+03 |  9:4.1e-06  3:2.6e-04
  556 ,  13901 : 1.9884319088107e+01 +(2e-02,4e-02) | 1.12e+03 |  9:4.4e-06  3:2.9e-04
  557 ,  13926 : 1.9892366475096e+01 +(2e-02,3e-02) | 1.11e+03 |  9:4.3e-06  3:2.8e-04
  558 ,  13951 : 1.9887088233186e+01 +(2e-02,3e-02) | 1.13e+03 |  9:4.1e-06  3:2.7e-04
  559 ,  13976 : 1.9893188284959e+01 +(1e-02,3e-02) | 1.15e+03 |  9:3.6e-06  3:2.4e-04
Iterat, #Fevals:   Function Value    (median,worst) |Axis Ratio|idx:Min SD idx:Max SD
  560 ,  14001 : 1.9884581621883e+01 +(2e-02,4e-02) | 1.20e+03 |  9:3.3e-06  3:2.2e-04
  561 ,  14026 : 1.9886257553359e+01 +(2e-02,4e-02) | 1.21e+03 |  9:2.9e-06  3:2.0e-04
  562 ,  14051 : 1.9883848785962e+01 +(2e-02,4e-02) | 1.22e+03 |  9:2.8e-06  3:1.9e-04
  563 ,  14076 : 1.9880692336818e+01 +(3e-02,5e-02) | 1.28e+03 |  9:2.7e-06  3:1.9e-04
  564 ,  14101 : 1.9880677627916e+01 +(3e-02,5e-02) | 1.30e+03 |  9:2.8e-06  3:1.9e-04
  565 ,  14126 : 1.9884607264239e+01 +(2e-02,4e-02) | 1.29e+03 |  9:2.7e-06  3:1.8e-04
  566 ,  14151 : 1.9886399743697e+01 +(2e-02,5e-02) | 1.31e+03 |  9:2.6e-06  3:1.7e-04
  567 ,  14176 : 1.9890430303658e+01 +(2e-02,3e-02) | 1.21e+03 |  9:2.3e-06  3:1.5e-04
  568 ,  14201 : 1.9888224865942e+01 +(2e-02,4e-02) | 1.23e+03 |  9:2.5e-06  3:1.6e-04
  569 ,  14226 : 1.9886752852995e+01 +(2e-02,4e-02) | 1.29e+03 |  9:2.7e-06  3:1.8e-04
Iterat, #Fevals:   Function Value    (median,worst) |Axis Ratio|idx:Min SD idx:Max SD
  570 ,  14251 : 1.9891490648740e+01 +(2e-02,3e-02) | 1.26e+03 |  9:2.8e-06  3:1.8e-04
  571 ,  14276 : 1.9889198432510e+01 +(2e-02,4e-02) | 1.31e+03 |  9:2.8e-06  3:1.9e-04
  572 ,  14301 : 1.9891548147257e+01 +(2e-02,3e-02) | 1.33e+03 |  9:2.6e-06  3:1.8e-04
  573 ,  14326 : 1.9886054339523e+01 +(2e-02,3e-02) | 1.35e+03 |  9:2.6e-06  3:1.7e-04
  574 ,  14351 : 1.9887356961842e+01 +(2e-02,4e-02) | 1.42e+03 |  9:2.5e-06  3:1.8e-04
  575 ,  14376 : 1.9887153641966e+01 +(1e-02,4e-02) | 1.45e+03 |  9:2.6e-06  3:1.8e-04
  576 ,  14401 : 1.9880306125842e+01 +(3e-02,4e-02) | 1.49e+03 |  9:2.4e-06  3:1.6e-04
  577 ,  14426 : 1.9880405069759e+01 +(3e-02,4e-02) | 1.47e+03 |  9:2.1e-06  3:1.4e-04
  578 ,  14451 : 1.9891256810319e+01 +(1e-02,4e-02) | 1.66e+03 |  9:2.4e-06  3:1.6e-04
  579 ,  14476 : 1.9883580263408e+01 +(2e-02,4e-02) | 1.65e+03 |  9:2.6e-06  3:1.8e-04
Iterat, #Fevals:   Function Value    (median,worst) |Axis Ratio|idx:Min SD idx:Max SD
  580 ,  14501 : 1.9886379002895e+01 +(2e-02,3e-02) | 1.66e+03 |  9:2.2e-06  3:1.5e-04
  581 ,  14526 : 1.9883693040178e+01 +(3e-02,4e-02) | 1.63e+03 |  9:1.9e-06  3:1.3e-04
  582 ,  14551 : 1.9884232072215e+01 +(2e-02,5e-02) | 1.61e+03 |  9:1.9e-06  3:1.3e-04
  583 ,  14576 : 1.9886342768978e+01 +(2e-02,4e-02) | 1.57e+03 |  9:1.9e-06  3:1.3e-04
  584 ,  14601 : 1.9887100367967e+01 +(1e-02,4e-02) | 1.62e+03 |  9:2.0e-06  3:1.4e-04
  585 ,  14626 : 1.9886173462056e+01 +(2e-02,4e-02) | 1.83e+03 |  9:2.4e-06  3:1.7e-04
  586 ,  14651 : 1.9895543857433e+01 +(1e-02,2e-02) | 1.91e+03 |  9:2.4e-06  3:1.7e-04
  587 ,  14676 : 1.9890772462728e+01 +(1e-02,3e-02) | 1.96e+03 |  9:2.3e-06  3:1.7e-04
  588 ,  14701 : 1.9884914566580e+01 +(2e-02,5e-02) | 1.99e+03 |  9:2.6e-06  3:1.8e-04
  589 ,  14726 : 1.9884857357407e+01 +(2e-02,3e-02) | 2.00e+03 |  9:2.9e-06  3:1.9e-04
Iterat, #Fevals:   Function Value    (median,worst) |Axis Ratio|idx:Min SD idx:Max SD
  590 ,  14751 : 1.9892318846568e+01 +(2e-02,4e-02) | 2.00e+03 |  9:2.5e-06  3:1.7e-04
  591 ,  14776 : 1.9886249614290e+01 +(2e-02,4e-02) | 2.05e+03 |  9:2.7e-06  3:1.8e-04
  592 ,  14801 : 1.9888971267420e+01 +(2e-02,4e-02) | 2.02e+03 |  9:2.7e-06  3:1.8e-04
  593 ,  14826 : 1.9878525482074e+01 +(3e-02,4e-02) | 1.83e+03 |  9:2.7e-06  3:1.7e-04
  594 ,  14851 : 1.9877629875876e+01 +(3e-02,5e-02) | 1.83e+03 |  9:2.6e-06  3:1.6e-04
  595 ,  14876 : 1.9883514033929e+01 +(2e-02,4e-02) | 1.97e+03 |  9:2.3e-06  3:1.5e-04
  596 ,  14901 : 1.9886911408044e+01 +(2e-02,4e-02) | 2.01e+03 |  9:2.4e-06  3:1.6e-04
  597 ,  14926 : 1.9884051464161e+01 +(3e-02,5e-02) | 2.13e+03 |  9:2.4e-06  3:1.7e-04
  598 ,  14951 : 1.9885107755735e+01 +(2e-02,4e-02) | 2.14e+03 |  9:2.4e-06  3:1.7e-04
  599 ,  14976 : 1.9893557792219e+01 +(2e-02,4e-02) | 2.17e+03 |  9:2.1e-06  3:1.5e-04
Iterat, #Fevals:   Function Value    (median,worst) |Axis Ratio|idx:Min SD idx:Max SD
  600 ,  15001 : 1.9890802552016e+01 +(2e-02,3e-02) | 2.33e+03 |  9:2.1e-06  3:1.6e-04
#Fevals:   f(returned x)   |    bestever.f     | stopflag (saved to variablescmaes14_7_10.mat)
  15002: 1.98908025520e+01 | 1.98686757621e+01 | stagnation
mean solution: +2.3e-01 +7.8e-01 +6.1e-01 +4.7e-01 +1.6e+00 +9.0e-01 +3.0e-01 +2.8e-01 +1.3e+00
std deviation:  1.8e-05  1.0e-04  1.6e-04  7.6e-05  5.1e-05  1.4e-04  4.5e-05  3.8e-05  2.1e-06
use plotcmaesdat.m for plotting the output at any time (option LogModulo must not be zero)
