
                            < M A T L A B (R) >
                  Copyright 1984-2015 The MathWorks, Inc.
                   R2015a (8.5.0.197613) 64-bit (glnxa64)
                             February 12, 2015

 
For online documentation, see http://www.mathworks.com/support
For product information, visit www.mathworks.com.
 

	Academic License


seed =

                 61.366937


Initialtheta =

          82446.9651443806
          1813498.14362227
          87732676.9433785
          4996.01352215905
          9649.29940579356
          4.54200126292112
        0.0462585729852809
          6.29447618795412
          513.008288499546

  n=9: (12,25)-CMA-ES(w=[24 17 14... 1.5 0.74]%, ]%, mu_eff=7.3) on function Error
Iterat, #Fevals:   Function Value    (median,worst) |Axis Ratio|idx:Min SD idx:Max SD
    1 ,     26 : 1.2359544750176e+02 +(7e+07,2e+10) | 2.17e+02 |  5:2.9e-01  6:6.2e+01
    2 ,     51 : 1.2360176056394e+02 +(1e-01,1e+09) | 2.20e+02 |  5:2.8e-01  6:6.2e+01
    3 ,     76 : 1.2349969978029e+02 +(2e-01,9e+08) | 2.21e+02 |  5:2.8e-01  6:6.0e+01
    4 ,    101 : 1.2338183674818e+02 +(3e-01,6e+09) | 2.19e+02 |  5:2.7e-01  6:5.7e+01
    5 ,    126 : 1.2352908500899e+02 +(2e-01,2e+09) | 2.19e+02 |  5:2.9e-01  6:6.0e+01
    6 ,    151 : 1.2357100623977e+02 +(1e-01,3e+10) | 2.23e+02 |  5:2.7e-01  6:5.6e+01
    7 ,    176 : 1.2116374023253e+02 +(3e+00,1e+09) | 2.21e+02 |  5:2.6e-01  6:5.2e+01
    8 ,    201 : 1.2342951150678e+02 +(3e-01,1e+09) | 2.29e+02 |  7:2.6e-01  6:5.3e+01
    9 ,    226 : 1.0171069972544e+02 +(6e+02,1e+10) | 2.34e+02 |  7:2.1e-01  6:4.3e+01
Iterat, #Fevals:   Function Value    (median,worst) |Axis Ratio|idx:Min SD idx:Max SD
   10 ,    251 : 9.5321852417121e+01 +(3e+01,2e+08) | 2.48e+02 |  7:2.1e-01  6:4.5e+01
   11 ,    276 : 1.2362804114563e+02 +(7e-02,5e+06) | 2.50e+02 |  7:2.1e-01  6:4.4e+01
   12 ,    301 : 1.0539520261749e+02 +(2e+01,3e+06) | 2.61e+02 |  3:1.9e-01  6:4.1e+01
   13 ,    326 : 2.7459063117814e+01 +(1e+02,9e+07) | 2.59e+02 |  5:1.8e-01  6:3.8e+01
   14 ,    351 : 1.2367613923671e+02 +(3e-02,8e+06) | 2.76e+02 |  5:1.8e-01  6:4.2e+01
   15 ,    376 : 1.2200318473315e+02 +(2e+00,4e+06) | 2.84e+02 |  7:1.6e-01  6:3.7e+01
   16 ,    401 : 1.2367497445767e+02 +(1e+04,7e+06) | 2.96e+02 |  7:1.6e-01  6:3.9e+01
   17 ,    426 : 1.1548321814961e+02 +(8e+00,4e+05) | 2.78e+02 |  5:1.5e-01  6:3.5e+01
   18 ,    451 : 8.1148223422637e+01 +(4e+01,1e+05) | 2.84e+02 |  3:1.4e-01  6:3.1e+01
   19 ,    476 : 2.3345571388163e+01 +(1e+02,6e+04) | 2.90e+02 |  7:1.1e-01  6:2.6e+01
Iterat, #Fevals:   Function Value    (median,worst) |Axis Ratio|idx:Min SD idx:Max SD
   20 ,    501 : 1.1315216338848e+02 +(1e+01,1e+05) | 2.80e+02 |  7:9.8e-02  6:2.3e+01
   21 ,    526 : 4.2332062199523e+01 +(8e+01,6e+04) | 2.78e+02 |  7:9.3e-02  6:2.2e+01
   22 ,    551 : 2.3222429435767e+01 +(1e+02,2e+05) | 2.76e+02 |  7:9.4e-02  6:2.2e+01
   23 ,    576 : 2.3873251885437e+01 +(1e+02,1e+05) | 2.82e+02 |  7:8.7e-02  6:2.1e+01
   24 ,    601 : 2.3243659368992e+01 +(1e+02,8e+04) | 2.81e+02 |  7:8.5e-02  6:2.2e+01
   25 ,    626 : 2.5295302208561e+01 +(1e+02,1e+05) | 2.76e+02 |  7:8.6e-02  6:2.2e+01
   26 ,    651 : 2.2093507207246e+01 +(1e+02,2e+04) | 2.69e+02 |  7:8.4e-02  6:2.1e+01
   27 ,    676 : 3.0208394443232e+01 +(9e+01,5e+03) | 2.74e+02 |  7:8.2e-02  6:2.1e+01
   28 ,    701 : 2.4940519890780e+01 +(1e+02,5e+04) | 2.75e+02 |  7:8.0e-02  6:2.0e+01
   29 ,    726 : 3.4098328059362e+01 +(9e+01,1e+04) | 2.79e+02 |  7:7.6e-02  6:1.9e+01
Iterat, #Fevals:   Function Value    (median,worst) |Axis Ratio|idx:Min SD idx:Max SD
   30 ,    751 : 2.4405020769904e+01 +(1e+02,6e+03) | 2.75e+02 |  7:8.4e-02  6:2.1e+01
   31 ,    776 : 2.3785886515223e+01 +(1e+02,5e+04) | 2.77e+02 |  7:7.9e-02  6:1.9e+01
   32 ,    801 : 2.4517607439535e+01 +(1e+02,1e+04) | 2.88e+02 |  7:7.3e-02  6:1.9e+01
   33 ,    826 : 3.0020339442099e+01 +(9e+01,2e+04) | 2.93e+02 |  7:7.5e-02  6:1.9e+01
   34 ,    851 : 2.6070841392298e+01 +(4e+02,1e+04) | 3.04e+02 |  7:7.8e-02  6:2.0e+01
   35 ,    876 : 2.3429671615368e+01 +(1e+02,4e+03) | 3.12e+02 |  7:7.3e-02  6:1.9e+01
   36 ,    901 : 2.3858713254584e+01 +(1e+02,1e+03) | 3.09e+02 |  7:6.5e-02  6:1.6e+01
   37 ,    926 : 2.3535721954945e+01 +(1e+02,1e+04) | 3.19e+02 |  8:6.2e-02  6:1.5e+01
   38 ,    951 : 2.3644490408809e+01 +(9e+01,8e+03) | 3.44e+02 |  8:6.7e-02  6:1.7e+01
   39 ,    976 : 2.6870120162941e+01 +(8e+01,5e+03) | 3.43e+02 |  1:7.0e-02  6:1.7e+01
Iterat, #Fevals:   Function Value    (median,worst) |Axis Ratio|idx:Min SD idx:Max SD
   40 ,   1001 : 3.2658166169246e+01 +(9e+01,3e+03) | 3.44e+02 |  1:6.6e-02  6:1.6e+01
   41 ,   1026 : 2.3714696330603e+01 +(1e+02,3e+03) | 3.54e+02 |  8:7.1e-02  6:1.7e+01
   42 ,   1051 : 3.7388136949771e+01 +(9e+01,1e+04) | 3.51e+02 |  8:6.4e-02  6:1.5e+01
   43 ,   1076 : 2.6239638991722e+01 +(1e+02,2e+04) | 3.54e+02 |  1:6.3e-02  6:1.5e+01
   44 ,   1101 : 2.4234178979181e+01 +(7e+01,2e+03) | 3.44e+02 |  1:6.1e-02  6:1.6e+01
   45 ,   1126 : 2.4163482839980e+01 +(9e+01,6e+03) | 3.39e+02 |  1:6.3e-02  6:1.6e+01
   46 ,   1151 : 4.0246592016300e+01 +(8e+01,2e+03) | 3.30e+02 |  1:6.1e-02  6:1.5e+01
   47 ,   1176 : 2.5315621749592e+01 +(5e+01,1e+03) | 3.39e+02 |  1:6.2e-02  6:1.4e+01
   48 ,   1201 : 2.5560972599029e+01 +(5e+01,2e+03) | 3.66e+02 |  1:6.8e-02  6:1.6e+01
   49 ,   1226 : 2.4602365872708e+01 +(7e+01,3e+03) | 3.93e+02 |  1:6.3e-02  6:1.5e+01
Iterat, #Fevals:   Function Value    (median,worst) |Axis Ratio|idx:Min SD idx:Max SD
   50 ,   1251 : 2.4164064888353e+01 +(5e+01,2e+03) | 4.06e+02 |  1:6.7e-02  6:1.6e+01
   51 ,   1276 : 2.5715302130602e+01 +(9e+01,1e+03) | 4.17e+02 |  3:6.9e-02  6:1.6e+01
   52 ,   1301 : 2.6343611651441e+01 +(4e+01,8e+02) | 4.51e+02 |  1:7.1e-02  6:1.8e+01
   53 ,   1326 : 2.5135893718348e+01 +(9e+01,6e+02) | 4.60e+02 |  1:6.0e-02  6:1.5e+01
   54 ,   1351 : 2.4816249542376e+01 +(6e+01,2e+03) | 4.68e+02 |  1:5.9e-02  6:1.5e+01
   55 ,   1376 : 2.6177786143310e+01 +(9e+01,5e+02) | 5.24e+02 |  3:5.6e-02  6:1.5e+01
   56 ,   1401 : 2.4875061930603e+01 +(7e+01,5e+02) | 5.35e+02 |  3:5.1e-02  6:1.4e+01
   57 ,   1426 : 2.4560519808098e+01 +(4e+01,4e+02) | 5.43e+02 |  3:4.4e-02  6:1.2e+01
   58 ,   1451 : 2.4247154775415e+01 +(2e+01,2e+02) | 5.68e+02 |  3:4.1e-02  6:1.1e+01
   59 ,   1476 : 2.6065742699653e+01 +(3e+01,2e+02) | 5.77e+02 |  3:3.3e-02  6:9.2e+00
Iterat, #Fevals:   Function Value    (median,worst) |Axis Ratio|idx:Min SD idx:Max SD
   60 ,   1501 : 2.4764498294447e+01 +(2e+01,2e+02) | 5.81e+02 |  3:3.1e-02  6:8.4e+00
   61 ,   1526 : 2.4418631384515e+01 +(1e+01,1e+02) | 5.95e+02 |  3:3.1e-02  6:8.4e+00
   62 ,   1551 : 2.4500969655536e+01 +(1e+01,1e+02) | 6.07e+02 |  3:3.1e-02  6:8.2e+00
   63 ,   1576 : 2.4601480718702e+01 +(2e+01,2e+02) | 6.22e+02 |  3:3.2e-02  6:8.4e+00
   64 ,   1601 : 2.5237824922168e+01 +(5e+01,2e+02) | 6.39e+02 |  3:3.5e-02  6:8.9e+00
   65 ,   1626 : 2.5237466780492e+01 +(1e+01,7e+01) | 6.45e+02 |  1:3.3e-02  6:7.9e+00
   66 ,   1651 : 2.4706498365916e+01 +(5e+00,6e+01) | 6.53e+02 |  1:3.7e-02  6:8.7e+00
   67 ,   1676 : 2.4371251794450e+01 +(1e+01,1e+02) | 6.65e+02 |  1:3.2e-02  6:7.8e+00
   68 ,   1701 : 2.4491817389490e+01 +(1e+01,1e+02) | 6.88e+02 |  1:3.2e-02  6:7.5e+00
   69 ,   1726 : 2.4370358578973e+01 +(4e+00,7e+01) | 6.96e+02 |  1:3.2e-02  6:7.6e+00
Iterat, #Fevals:   Function Value    (median,worst) |Axis Ratio|idx:Min SD idx:Max SD
   70 ,   1751 : 2.3796159922586e+01 +(1e+01,6e+01) | 7.46e+02 |  1:3.3e-02  6:8.2e+00
   71 ,   1776 : 2.3981739871208e+01 +(9e+00,9e+01) | 7.57e+02 |  1:2.9e-02  6:7.2e+00
   72 ,   1801 : 2.3949200179429e+01 +(4e+00,5e+01) | 7.81e+02 |  1:3.0e-02  6:7.5e+00
   73 ,   1826 : 2.2819400660816e+01 +(1e+01,1e+02) | 7.91e+02 |  1:2.9e-02  6:7.0e+00
   74 ,   1851 : 2.3138985756347e+01 +(2e+00,8e+01) | 8.14e+02 |  4:3.2e-02  6:7.7e+00
   75 ,   1876 : 2.3883415294348e+01 +(1e+01,8e+01) | 8.30e+02 |  4:3.1e-02  6:7.3e+00
   76 ,   1901 : 2.3347711861688e+01 +(1e+01,6e+01) | 8.29e+02 |  4:2.8e-02  6:6.6e+00
   77 ,   1926 : 2.3421978141942e+01 +(6e+00,7e+01) | 8.93e+02 |  4:2.5e-02  6:6.1e+00
   78 ,   1951 : 2.2522283586834e+01 +(8e+00,3e+01) | 8.96e+02 |  4:2.2e-02  6:5.6e+00
   79 ,   1976 : 2.2873573230348e+01 +(3e+00,3e+01) | 9.35e+02 |  4:1.9e-02  6:5.0e+00
Iterat, #Fevals:   Function Value    (median,worst) |Axis Ratio|idx:Min SD idx:Max SD
   80 ,   2001 : 2.2318184110144e+01 +(3e+00,5e+01) | 1.04e+03 |  4:2.1e-02  6:5.9e+00
   81 ,   2026 : 2.2400475032138e+01 +(4e+00,7e+01) | 1.05e+03 |  4:2.5e-02  6:7.1e+00
   82 ,   2051 : 2.2028667825447e+01 +(3e+00,6e+01) | 1.07e+03 |  4:2.8e-02  6:7.8e+00
   83 ,   2076 : 2.0950925316301e+01 +(6e+00,6e+01) | 1.10e+03 |  4:4.0e-02  6:1.1e+01
   84 ,   2101 : 2.0797745734373e+01 +(2e+01,8e+01) | 1.12e+03 |  4:3.7e-02  6:1.0e+01
   85 ,   2126 : 2.1444417601068e+01 +(7e+00,6e+01) | 1.17e+03 |  4:3.9e-02  6:1.1e+01
   86 ,   2151 : 2.1157386526209e+01 +(1e+01,1e+02) | 1.20e+03 |  4:3.5e-02  6:1.0e+01
   87 ,   2176 : 2.2111348420890e+01 +(1e+01,9e+01) | 1.23e+03 |  4:3.0e-02  6:9.0e+00
   88 ,   2201 : 2.0934490348506e+01 +(5e+00,9e+01) | 1.30e+03 |  4:2.9e-02  6:8.9e+00
   89 ,   2226 : 2.0805202411548e+01 +(5e+00,6e+01) | 1.34e+03 |  4:2.5e-02  6:7.9e+00
Iterat, #Fevals:   Function Value    (median,worst) |Axis Ratio|idx:Min SD idx:Max SD
   90 ,   2251 : 2.0831417977745e+01 +(5e+00,7e+01) | 1.36e+03 |  4:2.1e-02  6:6.5e+00
   91 ,   2276 : 2.0968686281947e+01 +(2e+00,2e+01) | 1.40e+03 |  4:2.1e-02  6:6.4e+00
   92 ,   2301 : 2.0861692179051e+01 +(3e+00,7e+01) | 1.41e+03 |  4:2.0e-02  6:5.9e+00
   93 ,   2326 : 2.0707698487884e+01 +(2e+00,2e+01) | 1.47e+03 |  4:2.2e-02  6:6.6e+00
   94 ,   2351 : 2.0880301962244e+01 +(4e+00,5e+01) | 1.50e+03 |  4:2.0e-02  6:5.9e+00
   95 ,   2376 : 2.0588416969049e+01 +(3e+00,2e+01) | 1.53e+03 |  4:2.1e-02  6:6.0e+00
   96 ,   2401 : 2.0494459424059e+01 +(2e+00,4e+01) | 1.57e+03 |  4:2.1e-02  6:6.2e+00
   97 ,   2426 : 2.0561346631344e+01 +(2e+00,1e+01) | 1.60e+03 |  4:2.1e-02  6:6.3e+00
   98 ,   2451 : 2.0813434415035e+01 +(2e+00,1e+02) | 1.69e+03 |  4:2.0e-02  6:6.2e+00
   99 ,   2476 : 2.0530285293790e+01 +(4e+00,9e+01) | 1.78e+03 |  4:1.8e-02  6:5.7e+00
Iterat, #Fevals:   Function Value    (median,worst) |Axis Ratio|idx:Min SD idx:Max SD
  100 ,   2501 : 2.0443744547088e+01 +(4e+00,3e+01) | 1.88e+03 |  8:1.8e-02  6:5.9e+00
  101 ,   2526 : 2.0435209150040e+01 +(8e-01,5e+01) | 2.08e+03 |  4:1.9e-02  6:6.6e+00
  102 ,   2551 : 2.0253503000667e+01 +(3e+00,3e+01) | 2.11e+03 |  4:1.8e-02  6:6.3e+00
  103 ,   2576 : 2.0327753180100e+01 +(2e+00,3e+01) | 2.20e+03 |  4:1.6e-02  6:5.8e+00
  104 ,   2601 : 2.0331940025127e+01 +(6e-01,9e+00) | 2.28e+03 |  4:1.5e-02  6:5.6e+00
  105 ,   2626 : 2.0502707549003e+01 +(1e+00,5e+01) | 2.30e+03 |  4:1.5e-02  6:5.6e+00
  106 ,   2651 : 2.0408188100930e+01 +(1e+00,2e+01) | 2.30e+03 |  4:1.5e-02  6:5.2e+00
  107 ,   2676 : 2.0460174897514e+01 +(6e-01,5e+00) | 2.35e+03 |  4:1.3e-02  6:4.5e+00
  108 ,   2701 : 2.0264974476448e+01 +(1e+00,1e+01) | 2.40e+03 |  4:1.2e-02  6:4.4e+00
  109 ,   2726 : 2.0294007556607e+01 +(6e-01,8e+00) | 2.50e+03 |  4:1.2e-02  6:4.3e+00
Iterat, #Fevals:   Function Value    (median,worst) |Axis Ratio|idx:Min SD idx:Max SD
  110 ,   2751 : 2.0277153629737e+01 +(5e-01,7e+00) | 2.62e+03 |  4:1.2e-02  6:4.3e+00
  111 ,   2776 : 2.0296101516927e+01 +(9e-01,8e+00) | 2.90e+03 |  4:1.2e-02  6:5.1e+00
  112 ,   2801 : 2.0244124047162e+01 +(1e+00,5e+00) | 3.10e+03 |  4:1.3e-02  6:5.6e+00
  113 ,   2826 : 2.0239150425489e+01 +(1e+00,4e+01) | 3.27e+03 |  4:1.4e-02  6:5.9e+00
  114 ,   2851 : 2.0251216535549e+01 +(9e-01,5e+00) | 3.27e+03 |  8:1.3e-02  6:5.4e+00
  115 ,   2876 : 2.0199230741302e+01 +(7e-01,3e+00) | 3.30e+03 |  8:1.3e-02  6:5.2e+00
  116 ,   2901 : 2.0220111342478e+01 +(6e-01,4e+00) | 3.30e+03 |  8:1.3e-02  6:5.0e+00
  117 ,   2926 : 2.0184977305363e+01 +(1e+00,5e+00) | 3.39e+03 |  4:1.3e-02  6:5.2e+00
  118 ,   2951 : 2.0205292361594e+01 +(5e-01,1e+01) | 3.52e+03 |  8:1.1e-02  6:4.6e+00
  119 ,   2976 : 2.0097179510298e+01 +(3e-01,4e+00) | 3.72e+03 |  8:1.1e-02  6:4.9e+00
Iterat, #Fevals:   Function Value    (median,worst) |Axis Ratio|idx:Min SD idx:Max SD
  120 ,   3001 : 1.9991882865320e+01 +(6e-01,1e+01) | 3.99e+03 |  8:1.4e-02  6:6.5e+00
  121 ,   3026 : 1.9986031514932e+01 +(6e-01,1e+01) | 3.99e+03 |  8:1.4e-02  6:6.1e+00
  122 ,   3051 : 1.9961469286599e+01 +(1e+00,1e+01) | 4.14e+03 |  8:1.3e-02  6:6.0e+00
  123 ,   3076 : 1.9978357283798e+01 +(7e-01,1e+01) | 4.13e+03 |  8:1.1e-02  6:5.1e+00
  124 ,   3101 : 1.9960712820153e+01 +(4e-01,9e+00) | 4.15e+03 |  8:1.0e-02  6:4.5e+00
  125 ,   3126 : 1.9932076762950e+01 +(5e-01,2e+00) | 4.28e+03 |  8:9.6e-03  6:4.4e+00
  126 ,   3151 : 2.0047707327990e+01 +(4e-01,5e+00) | 4.40e+03 |  8:9.4e-03  6:4.5e+00
  127 ,   3176 : 2.0022875502611e+01 +(3e-01,2e+00) | 4.38e+03 |  8:8.2e-03  6:3.9e+00
  128 ,   3201 : 1.9948429611453e+01 +(3e-01,3e+00) | 4.46e+03 |  8:7.8e-03  6:3.6e+00
  129 ,   3226 : 1.9959182706430e+01 +(3e-01,8e-01) | 4.40e+03 |  8:7.0e-03  6:3.2e+00
Iterat, #Fevals:   Function Value    (median,worst) |Axis Ratio|idx:Min SD idx:Max SD
  130 ,   3251 : 1.9941054825618e+01 +(2e-01,3e+00) | 4.45e+03 |  8:6.4e-03  6:2.9e+00
  131 ,   3276 : 2.0015694497656e+01 +(1e-01,1e+00) | 4.42e+03 |  8:6.0e-03  6:2.7e+00
  132 ,   3301 : 1.9953661926190e+01 +(2e-01,1e+00) | 4.59e+03 |  8:6.4e-03  6:3.0e+00
  133 ,   3326 : 1.9961272040468e+01 +(3e-01,2e+00) | 4.69e+03 |  8:5.6e-03  6:2.6e+00
  134 ,   3351 : 1.9982041211742e+01 +(1e-01,5e-01) | 4.66e+03 |  8:5.5e-03  6:2.5e+00
  135 ,   3376 : 1.9979075224097e+01 +(1e-01,1e+00) | 4.75e+03 |  8:5.3e-03  6:2.4e+00
  136 ,   3401 : 1.9928766842710e+01 +(1e-01,2e-01) | 4.99e+03 |  8:5.0e-03  6:2.4e+00
  137 ,   3426 : 1.9904253246586e+01 +(2e-01,6e-01) | 5.00e+03 |  8:5.0e-03  6:2.4e+00
  138 ,   3451 : 1.9913551963163e+01 +(1e-01,4e-01) | 5.23e+03 |  8:4.7e-03  6:2.4e+00
  139 ,   3476 : 1.9895497729254e+01 +(8e-02,4e-01) | 5.37e+03 |  8:4.7e-03  6:2.4e+00
Iterat, #Fevals:   Function Value    (median,worst) |Axis Ratio|idx:Min SD idx:Max SD
  140 ,   3501 : 1.9916745284135e+01 +(9e-02,8e-01) | 5.64e+03 |  8:4.4e-03  6:2.4e+00
  141 ,   3526 : 1.9912532028147e+01 +(9e-02,3e-01) | 5.81e+03 |  8:4.2e-03  6:2.1e+00
  142 ,   3551 : 1.9931919480440e+01 +(5e-02,1e-01) | 5.93e+03 |  8:4.4e-03  6:2.2e+00
  143 ,   3576 : 1.9897300231021e+01 +(8e-02,2e-01) | 6.09e+03 |  8:3.9e-03  6:1.9e+00
  144 ,   3601 : 1.9904508937282e+01 +(4e-02,1e-01) | 6.31e+03 |  8:3.7e-03  6:1.8e+00
  145 ,   3626 : 1.9913655417989e+01 +(4e-02,3e-01) | 6.51e+03 |  8:3.7e-03  6:1.8e+00
  146 ,   3651 : 1.9909706087197e+01 +(4e-02,3e-01) | 6.81e+03 |  8:3.6e-03  6:1.8e+00
  147 ,   3676 : 1.9918804502368e+01 +(3e-02,1e-01) | 6.96e+03 |  8:3.0e-03  6:1.5e+00
  148 ,   3701 : 1.9901026549036e+01 +(3e-02,2e-01) | 6.97e+03 |  8:3.2e-03  6:1.6e+00
  149 ,   3726 : 1.9902246334241e+01 +(3e-02,2e-01) | 6.99e+03 |  8:2.8e-03  6:1.4e+00
Iterat, #Fevals:   Function Value    (median,worst) |Axis Ratio|idx:Min SD idx:Max SD
  150 ,   3751 : 1.9910320044942e+01 +(2e-02,7e-02) | 7.49e+03 |  8:2.6e-03  6:1.4e+00
  151 ,   3776 : 1.9898636426013e+01 +(3e-02,1e-01) | 7.69e+03 |  8:2.6e-03  6:1.3e+00
  152 ,   3801 : 1.9908024087163e+01 +(2e-02,7e-02) | 7.94e+03 |  8:2.5e-03  6:1.4e+00
  153 ,   3826 : 1.9899226168454e+01 +(3e-02,1e-01) | 8.18e+03 |  8:2.3e-03  6:1.3e+00
  154 ,   3851 : 1.9894892451078e+01 +(4e-02,7e-02) | 8.30e+03 |  8:2.1e-03  6:1.2e+00
  155 ,   3876 : 1.9898803944126e+01 +(3e-02,7e-02) | 8.62e+03 |  8:2.0e-03  6:1.2e+00
  156 ,   3901 : 1.9891914403967e+01 +(4e-02,8e-02) | 9.41e+03 |  8:2.0e-03  6:1.3e+00
  157 ,   3926 : 1.9900193925397e+01 +(3e-02,7e-02) | 9.69e+03 |  8:1.8e-03  6:1.2e+00
  158 ,   3951 : 1.9900546216750e+01 +(4e-02,7e-02) | 9.62e+03 |  8:1.8e-03  6:1.1e+00
  159 ,   3976 : 1.9894868926222e+01 +(3e-02,8e-02) | 9.46e+03 |  4:1.7e-03  6:9.8e-01
Iterat, #Fevals:   Function Value    (median,worst) |Axis Ratio|idx:Min SD idx:Max SD
  160 ,   4001 : 1.9890646544105e+01 +(4e-02,6e-02) | 9.55e+03 |  8:1.5e-03  6:8.9e-01
  161 ,   4026 : 1.9898070015925e+01 +(2e-02,5e-02) | 9.64e+03 |  8:1.3e-03  6:7.9e-01
  162 ,   4051 : 1.9901537910328e+01 +(2e-02,5e-02) | 9.85e+03 |  4:1.3e-03  6:7.3e-01
  163 ,   4076 : 1.9891915847652e+01 +(2e-02,4e-02) | 9.45e+03 |  8:1.2e-03  6:6.8e-01
  164 ,   4101 : 1.9894746277258e+01 +(2e-02,5e-02) | 1.02e+04 |  8:1.2e-03  6:7.6e-01
  165 ,   4126 : 1.9890258193839e+01 +(3e-02,5e-02) | 1.00e+04 |  8:1.2e-03  6:8.2e-01
  166 ,   4151 : 1.9893724574488e+01 +(3e-02,6e-02) | 1.01e+04 |  8:1.3e-03  6:8.7e-01
  167 ,   4176 : 1.9894094845770e+01 +(3e-02,5e-02) | 1.03e+04 |  8:1.2e-03  6:7.9e-01
  168 ,   4201 : 1.9894211480575e+01 +(3e-02,6e-02) | 1.01e+04 |  8:1.1e-03  6:7.5e-01
  169 ,   4226 : 1.9887904565733e+01 +(3e-02,7e-02) | 1.06e+04 |  8:1.0e-03  6:7.3e-01
Iterat, #Fevals:   Function Value    (median,worst) |Axis Ratio|idx:Min SD idx:Max SD
  170 ,   4251 : 1.9889665464014e+01 +(3e-02,4e-02) | 1.05e+04 |  8:1.1e-03  6:8.3e-01
  171 ,   4276 : 1.9896290159001e+01 +(2e-02,5e-02) | 1.03e+04 |  8:1.3e-03  6:9.2e-01
  172 ,   4301 : 1.9895654910847e+01 +(3e-02,4e-02) | 1.02e+04 |  8:1.2e-03  6:7.9e-01
  173 ,   4326 : 1.9895345848687e+01 +(2e-02,5e-02) | 1.02e+04 |  8:1.1e-03  6:7.1e-01
  174 ,   4351 : 1.9883699087060e+01 +(4e-02,6e-02) | 1.01e+04 |  8:9.9e-04  6:6.4e-01
  175 ,   4376 : 1.9898852702723e+01 +(3e-02,5e-02) | 9.86e+03 |  8:9.3e-04  6:5.9e-01
  176 ,   4401 : 1.9877198782314e+01 +(4e-02,7e-02) | 9.60e+03 |  4:8.4e-04  6:5.2e-01
  177 ,   4426 : 1.9893869064673e+01 +(2e-02,6e-02) | 1.01e+04 |  8:7.4e-04  6:4.9e-01
  178 ,   4451 : 1.9889376404849e+01 +(3e-02,5e-02) | 1.02e+04 |  4:6.2e-04  6:4.1e-01
  179 ,   4476 : 1.9890790826835e+01 +(3e-02,5e-02) | 1.06e+04 |  8:6.0e-04  6:4.3e-01
Iterat, #Fevals:   Function Value    (median,worst) |Axis Ratio|idx:Min SD idx:Max SD
  180 ,   4501 : 1.9872736453656e+01 +(4e-02,7e-02) | 1.17e+04 |  8:5.8e-04  6:4.6e-01
  181 ,   4526 : 1.9896930487707e+01 +(2e-02,4e-02) | 1.19e+04 |  8:5.3e-04  6:4.2e-01
  182 ,   4551 : 1.9898637786999e+01 +(1e-02,4e-02) | 1.19e+04 |  8:4.7e-04  6:3.7e-01
  183 ,   4576 : 1.9901182782875e+01 +(2e-02,5e-02) | 1.20e+04 |  8:4.6e-04  6:3.6e-01
  184 ,   4601 : 1.9890941514229e+01 +(3e-02,4e-02) | 1.17e+04 |  8:4.3e-04  6:3.4e-01
  185 ,   4626 : 1.9884708344508e+01 +(3e-02,6e-02) | 1.19e+04 |  8:4.3e-04  6:3.5e-01
  186 ,   4651 : 1.9892061962017e+01 +(3e-02,5e-02) | 1.25e+04 |  8:4.7e-04  6:4.0e-01
  187 ,   4676 : 1.9896165570830e+01 +(2e-02,4e-02) | 1.26e+04 |  8:5.3e-04  6:4.7e-01
  188 ,   4701 : 1.9882659740576e+01 +(3e-02,5e-02) | 1.30e+04 |  8:5.3e-04  6:4.9e-01
  189 ,   4726 : 1.9890059607181e+01 +(2e-02,6e-02) | 1.33e+04 |  8:5.5e-04  6:4.9e-01
Iterat, #Fevals:   Function Value    (median,worst) |Axis Ratio|idx:Min SD idx:Max SD
  190 ,   4751 : 1.9890788012809e+01 +(2e-02,5e-02) | 1.30e+04 |  8:6.2e-04  6:5.6e-01
  191 ,   4776 : 1.9888544619494e+01 +(3e-02,6e-02) | 1.34e+04 |  8:6.8e-04  6:6.0e-01
  192 ,   4801 : 1.9900785270986e+01 +(2e-02,5e-02) | 1.32e+04 |  8:6.5e-04  6:5.7e-01
  193 ,   4826 : 1.9879622984186e+01 +(4e-02,7e-02) | 1.37e+04 |  8:6.6e-04  6:5.6e-01
  194 ,   4851 : 1.9890942710188e+01 +(3e-02,5e-02) | 1.40e+04 |  8:6.5e-04  6:5.6e-01
  195 ,   4876 : 1.9897929751742e+01 +(2e-02,4e-02) | 1.36e+04 |  8:8.1e-04  6:6.6e-01
  196 ,   4901 : 1.9894899577966e+01 +(3e-02,5e-02) | 1.32e+04 |  8:8.6e-04  6:7.2e-01
  197 ,   4926 : 1.9882817159546e+01 +(3e-02,6e-02) | 1.36e+04 |  8:1.1e-03  6:9.4e-01
  198 ,   4951 : 1.9889817922982e+01 +(3e-02,5e-02) | 1.34e+04 |  8:1.1e-03  6:9.2e-01
  199 ,   4976 : 1.9882986293956e+01 +(3e-02,5e-02) | 1.37e+04 |  8:1.1e-03  6:9.1e-01
Iterat, #Fevals:   Function Value    (median,worst) |Axis Ratio|idx:Min SD idx:Max SD
  200 ,   5001 : 1.9886590060426e+01 +(4e-02,6e-02) | 1.35e+04 |  8:1.0e-03  6:8.4e-01
  201 ,   5026 : 1.9896272767912e+01 +(2e-02,4e-02) | 1.38e+04 |  8:8.9e-04  6:7.9e-01
  202 ,   5051 : 1.9886069070718e+01 +(3e-02,6e-02) | 1.39e+04 |  8:9.7e-04  6:8.5e-01
  203 ,   5076 : 1.9876125020027e+01 +(4e-02,6e-02) | 1.42e+04 |  8:1.0e-03  6:9.4e-01
  204 ,   5101 : 1.9882659022344e+01 +(4e-02,7e-02) | 1.45e+04 |  8:1.1e-03  6:1.0e+00
  205 ,   5126 : 1.9885016232840e+01 +(3e-02,6e-02) | 1.50e+04 |  8:9.4e-04  6:8.7e-01
  206 ,   5151 : 1.9901488044057e+01 +(2e-02,4e-02) | 1.54e+04 |  8:9.8e-04  6:9.1e-01
  207 ,   5176 : 1.9894644869953e+01 +(3e-02,5e-02) | 1.64e+04 |  8:9.6e-04  6:9.4e-01
  208 ,   5201 : 1.9881651033024e+01 +(4e-02,6e-02) | 1.67e+04 |  8:8.3e-04  6:7.8e-01
  209 ,   5226 : 1.9879285583931e+01 +(5e-02,6e-02) | 1.64e+04 |  8:8.1e-04  6:7.5e-01
Iterat, #Fevals:   Function Value    (median,worst) |Axis Ratio|idx:Min SD idx:Max SD
  210 ,   5251 : 1.9902152639396e+01 +(2e-02,4e-02) | 1.67e+04 |  8:8.4e-04  6:7.9e-01
  211 ,   5276 : 1.9897950707684e+01 +(2e-02,4e-02) | 1.60e+04 |  8:8.1e-04  6:7.6e-01
  212 ,   5301 : 1.9892579743736e+01 +(3e-02,4e-02) | 1.63e+04 |  8:8.1e-04  6:7.6e-01
  213 ,   5326 : 1.9895983882751e+01 +(2e-02,5e-02) | 1.71e+04 |  8:8.2e-04  6:8.0e-01
  214 ,   5351 : 1.9893685806710e+01 +(2e-02,5e-02) | 1.77e+04 |  8:7.2e-04  6:7.3e-01
  215 ,   5376 : 1.9889661133604e+01 +(2e-02,4e-02) | 1.78e+04 |  8:7.3e-04  6:7.2e-01
  216 ,   5401 : 1.9893908581455e+01 +(2e-02,4e-02) | 1.83e+04 |  8:6.7e-04  6:6.7e-01
  217 ,   5426 : 1.9888746593418e+01 +(3e-02,6e-02) | 1.95e+04 |  8:7.8e-04  6:7.7e-01
  218 ,   5451 : 1.9885246940597e+01 +(3e-02,6e-02) | 2.03e+04 |  8:7.4e-04  6:7.5e-01
  219 ,   5476 : 1.9892656316294e+01 +(3e-02,5e-02) | 2.04e+04 |  8:7.7e-04  6:7.5e-01
Iterat, #Fevals:   Function Value    (median,worst) |Axis Ratio|idx:Min SD idx:Max SD
  220 ,   5501 : 1.9889135936941e+01 +(3e-02,5e-02) | 2.03e+04 |  8:6.6e-04  6:6.5e-01
  221 ,   5526 : 1.9882574751405e+01 +(3e-02,7e-02) | 2.05e+04 |  8:6.4e-04  6:6.2e-01
  222 ,   5551 : 1.9893281353864e+01 +(2e-02,5e-02) | 2.16e+04 |  8:6.0e-04  6:5.9e-01
  223 ,   5576 : 1.9890967040154e+01 +(3e-02,5e-02) | 2.10e+04 |  8:5.9e-04  6:5.7e-01
  224 ,   5601 : 1.9892949404210e+01 +(2e-02,4e-02) | 2.08e+04 |  8:5.6e-04  6:5.3e-01
  225 ,   5626 : 1.9888552061569e+01 +(3e-02,5e-02) | 2.08e+04 |  8:5.2e-04  6:4.8e-01
  226 ,   5651 : 1.9884753742428e+01 +(3e-02,5e-02) | 2.14e+04 |  8:5.6e-04  6:5.2e-01
  227 ,   5676 : 1.9895661045408e+01 +(2e-02,4e-02) | 2.11e+04 |  8:6.3e-04  6:5.9e-01
  228 ,   5701 : 1.9890958263440e+01 +(2e-02,6e-02) | 2.10e+04 |  8:6.5e-04  6:6.3e-01
  229 ,   5726 : 1.9892587965099e+01 +(2e-02,5e-02) | 2.05e+04 |  8:6.5e-04  6:6.2e-01
Iterat, #Fevals:   Function Value    (median,worst) |Axis Ratio|idx:Min SD idx:Max SD
  230 ,   5751 : 1.9883719020818e+01 +(3e-02,5e-02) | 2.16e+04 |  8:7.1e-04  6:7.4e-01
  231 ,   5776 : 1.9886795092389e+01 +(3e-02,6e-02) | 2.40e+04 |  8:8.1e-04  6:9.9e-01
  232 ,   5801 : 1.9888407883265e+01 +(3e-02,6e-02) | 2.44e+04 |  8:7.4e-04  6:9.3e-01
  233 ,   5826 : 1.9886706917630e+01 +(3e-02,5e-02) | 2.53e+04 |  8:7.4e-04  6:9.3e-01
  234 ,   5851 : 1.9892464787675e+01 +(3e-02,6e-02) | 2.57e+04 |  8:6.9e-04  6:8.5e-01
  235 ,   5876 : 1.9888992968902e+01 +(2e-02,5e-02) | 2.70e+04 |  8:6.0e-04  6:7.6e-01
  236 ,   5901 : 1.9895001710811e+01 +(2e-02,5e-02) | 2.87e+04 |  8:5.9e-04  6:7.4e-01
  237 ,   5926 : 1.9892217517010e+01 +(2e-02,5e-02) | 2.81e+04 |  8:5.4e-04  6:6.7e-01
  238 ,   5951 : 1.9893423402269e+01 +(3e-02,5e-02) | 2.86e+04 |  8:5.3e-04  6:6.7e-01
  239 ,   5976 : 1.9896645231045e+01 +(2e-02,6e-02) | 2.90e+04 |  8:4.6e-04  6:5.8e-01
Iterat, #Fevals:   Function Value    (median,worst) |Axis Ratio|idx:Min SD idx:Max SD
  240 ,   6001 : 1.9902166795460e+01 +(2e-02,4e-02) | 2.93e+04 |  8:4.6e-04  6:5.8e-01
  241 ,   6026 : 1.9891314076226e+01 +(3e-02,6e-02) | 3.07e+04 |  8:4.2e-04  6:5.5e-01
  242 ,   6051 : 1.9886989234093e+01 +(3e-02,5e-02) | 3.16e+04 |  8:4.1e-04  6:5.6e-01
  243 ,   6076 : 1.9895699274872e+01 +(2e-02,6e-02) | 3.27e+04 |  8:3.9e-04  6:5.4e-01
  244 ,   6101 : 1.9884089553018e+01 +(3e-02,6e-02) | 3.17e+04 |  8:3.3e-04  6:4.5e-01
  245 ,   6126 : 1.9886243967214e+01 +(3e-02,6e-02) | 3.05e+04 |  8:2.9e-04  6:4.0e-01
  246 ,   6151 : 1.9887756808900e+01 +(3e-02,6e-02) | 3.24e+04 |  8:2.6e-04  6:3.9e-01
  247 ,   6176 : 1.9882943722725e+01 +(3e-02,6e-02) | 3.28e+04 |  8:2.1e-04  6:3.1e-01
  248 ,   6201 : 1.9888935223237e+01 +(3e-02,6e-02) | 3.28e+04 |  8:2.0e-04  6:2.8e-01
  249 ,   6226 : 1.9887352649308e+01 +(3e-02,6e-02) | 3.28e+04 |  8:2.0e-04  6:2.8e-01
Iterat, #Fevals:   Function Value    (median,worst) |Axis Ratio|idx:Min SD idx:Max SD
  250 ,   6251 : 1.9885874113614e+01 +(3e-02,5e-02) | 3.29e+04 |  8:1.9e-04  6:2.6e-01
  251 ,   6276 : 1.9887189804516e+01 +(3e-02,6e-02) | 3.28e+04 |  8:1.8e-04  6:2.5e-01
  252 ,   6301 : 1.9889362922721e+01 +(2e-02,4e-02) | 3.12e+04 |  8:1.9e-04  6:2.5e-01
  253 ,   6326 : 1.9886079130502e+01 +(3e-02,6e-02) | 3.05e+04 |  8:1.9e-04  6:2.4e-01
  254 ,   6351 : 1.9893645421155e+01 +(2e-02,6e-02) | 3.05e+04 |  8:1.8e-04  6:2.3e-01
  255 ,   6376 : 1.9880684222604e+01 +(4e-02,7e-02) | 3.23e+04 |  8:1.9e-04  6:2.5e-01
  256 ,   6401 : 1.9886624354902e+01 +(3e-02,6e-02) | 3.09e+04 |  8:2.0e-04  6:2.5e-01
  257 ,   6426 : 1.9901980847222e+01 +(2e-02,4e-02) | 3.06e+04 |  8:1.9e-04  6:2.3e-01
  258 ,   6451 : 1.9887817453504e+01 +(4e-02,7e-02) | 2.95e+04 |  8:2.0e-04  6:2.3e-01
  259 ,   6476 : 1.9892675095992e+01 +(3e-02,5e-02) | 3.20e+04 |  8:1.9e-04  6:2.3e-01
Iterat, #Fevals:   Function Value    (median,worst) |Axis Ratio|idx:Min SD idx:Max SD
  260 ,   6501 : 1.9886454103115e+01 +(2e-02,6e-02) | 3.29e+04 |  8:2.3e-04  6:2.7e-01
  261 ,   6526 : 1.9896776316027e+01 +(2e-02,6e-02) | 3.29e+04 |  8:2.2e-04  6:2.5e-01
  262 ,   6551 : 1.9881923193953e+01 +(3e-02,6e-02) | 3.28e+04 |  8:2.3e-04  6:2.6e-01
  263 ,   6576 : 1.9873395831737e+01 +(4e-02,7e-02) | 3.17e+04 |  8:2.3e-04  6:2.5e-01
  264 ,   6601 : 1.9904360742427e+01 +(2e-02,5e-02) | 3.03e+04 |  8:2.3e-04  6:2.4e-01
  265 ,   6626 : 1.9888258232400e+01 +(3e-02,5e-02) | 3.07e+04 |  8:2.3e-04  6:2.5e-01
  266 ,   6651 : 1.9904473721181e+01 +(1e-02,5e-02) | 3.19e+04 |  8:2.1e-04  6:2.4e-01
  267 ,   6676 : 1.9895415368578e+01 +(2e-02,4e-02) | 3.20e+04 |  8:2.0e-04  6:2.3e-01
  268 ,   6701 : 1.9896496703979e+01 +(2e-02,6e-02) | 3.09e+04 |  8:1.9e-04  6:2.1e-01
  269 ,   6726 : 1.9889140938968e+01 +(3e-02,5e-02) | 3.16e+04 |  8:1.9e-04  6:2.1e-01
Iterat, #Fevals:   Function Value    (median,worst) |Axis Ratio|idx:Min SD idx:Max SD
  270 ,   6751 : 1.9888392964643e+01 +(3e-02,5e-02) | 3.05e+04 |  8:2.0e-04  6:2.3e-01
  271 ,   6776 : 1.9889156035660e+01 +(3e-02,5e-02) | 3.06e+04 |  8:1.9e-04  6:2.1e-01
  272 ,   6801 : 1.9892776016508e+01 +(2e-02,5e-02) | 3.07e+04 |  8:1.9e-04  6:2.1e-01
  273 ,   6826 : 1.9890647099227e+01 +(3e-02,5e-02) | 3.29e+04 |  8:1.8e-04  6:2.2e-01
  274 ,   6851 : 1.9886220447542e+01 +(3e-02,5e-02) | 3.31e+04 |  8:2.0e-04  6:2.2e-01
  275 ,   6876 : 1.9896544636494e+01 +(2e-02,5e-02) | 3.08e+04 |  8:1.9e-04  6:2.2e-01
  276 ,   6901 : 1.9899993385156e+01 +(3e-02,4e-02) | 3.07e+04 |  8:1.9e-04  6:2.1e-01
  277 ,   6926 : 1.9894750599828e+01 +(2e-02,5e-02) | 3.08e+04 |  8:2.0e-04  6:2.3e-01
  278 ,   6951 : 1.9890028854146e+01 +(3e-02,6e-02) | 3.11e+04 |  8:2.0e-04  6:2.3e-01
  279 ,   6976 : 1.9893977572408e+01 +(3e-02,5e-02) | 3.05e+04 |  8:2.0e-04  6:2.3e-01
Iterat, #Fevals:   Function Value    (median,worst) |Axis Ratio|idx:Min SD idx:Max SD
  280 ,   7001 : 1.9898821326668e+01 +(2e-02,5e-02) | 3.07e+04 |  8:2.1e-04  6:2.3e-01
  281 ,   7026 : 1.9890766439745e+01 +(3e-02,6e-02) | 3.16e+04 |  8:2.2e-04  6:2.4e-01
  282 ,   7051 : 1.9890492473518e+01 +(3e-02,6e-02) | 3.08e+04 |  8:2.4e-04  6:2.6e-01
  283 ,   7076 : 1.9889759333521e+01 +(3e-02,7e-02) | 3.21e+04 |  8:2.4e-04  6:2.7e-01
  284 ,   7101 : 1.9895685655021e+01 +(2e-02,5e-02) | 3.26e+04 |  8:2.5e-04  6:2.8e-01
  285 ,   7126 : 1.9885626724619e+01 +(3e-02,6e-02) | 3.31e+04 |  8:2.2e-04  6:2.5e-01
  286 ,   7151 : 1.9892391356867e+01 +(3e-02,5e-02) | 3.49e+04 |  8:2.1e-04  6:2.5e-01
  287 ,   7176 : 1.9883035907373e+01 +(4e-02,6e-02) | 3.59e+04 |  8:2.4e-04  6:2.8e-01
  288 ,   7201 : 1.9895588981083e+01 +(3e-02,6e-02) | 3.45e+04 |  8:2.6e-04  6:3.0e-01
  289 ,   7226 : 1.9897408964243e+01 +(2e-02,5e-02) | 3.47e+04 |  8:2.7e-04  6:3.4e-01
Iterat, #Fevals:   Function Value    (median,worst) |Axis Ratio|idx:Min SD idx:Max SD
  290 ,   7251 : 1.9883313459713e+01 +(3e-02,6e-02) | 3.35e+04 |  8:2.6e-04  6:3.2e-01
  291 ,   7276 : 1.9887555627260e+01 +(3e-02,7e-02) | 3.33e+04 |  8:2.7e-04  6:3.4e-01
  292 ,   7301 : 1.9890807029603e+01 +(3e-02,5e-02) | 3.45e+04 |  8:3.0e-04  6:3.8e-01
  293 ,   7326 : 1.9892744546833e+01 +(2e-02,5e-02) | 3.51e+04 |  8:2.9e-04  6:3.5e-01
  294 ,   7351 : 1.9898177434801e+01 +(2e-02,5e-02) | 3.58e+04 |  8:3.1e-04  6:3.6e-01
  295 ,   7376 : 1.9888593534893e+01 +(3e-02,6e-02) | 3.59e+04 |  8:2.9e-04  6:3.3e-01
  296 ,   7401 : 1.9893844590956e+01 +(2e-02,5e-02) | 3.63e+04 |  8:2.7e-04  6:3.0e-01
  297 ,   7426 : 1.9879427526184e+01 +(4e-02,7e-02) | 3.69e+04 |  9:2.7e-04  6:2.9e-01
  298 ,   7451 : 1.9883987611632e+01 +(4e-02,7e-02) | 3.82e+04 |  8:2.4e-04  6:2.6e-01
  299 ,   7476 : 1.9896208232889e+01 +(2e-02,5e-02) | 3.99e+04 |  8:2.1e-04  6:2.4e-01
Iterat, #Fevals:   Function Value    (median,worst) |Axis Ratio|idx:Min SD idx:Max SD
  300 ,   7501 : 1.9901454368218e+01 +(2e-02,5e-02) | 3.95e+04 |  8:2.2e-04  6:2.5e-01
  301 ,   7526 : 1.9899781874009e+01 +(2e-02,6e-02) | 4.12e+04 |  8:2.5e-04  6:2.9e-01
  302 ,   7551 : 1.9894562343139e+01 +(3e-02,6e-02) | 4.56e+04 |  8:2.7e-04  6:3.3e-01
  303 ,   7576 : 1.9896314309003e+01 +(3e-02,5e-02) | 4.66e+04 |  8:2.8e-04  6:3.5e-01
  304 ,   7601 : 1.9882369384824e+01 +(4e-02,6e-02) | 4.55e+04 |  8:3.0e-04  6:3.8e-01
  305 ,   7626 : 1.9880435167551e+01 +(4e-02,7e-02) | 4.41e+04 |  8:3.2e-04  6:4.0e-01
  306 ,   7651 : 1.9892769257537e+01 +(3e-02,5e-02) | 4.75e+04 |  8:2.8e-04  6:3.8e-01
  307 ,   7676 : 1.9878493008683e+01 +(4e-02,7e-02) | 4.74e+04 |  8:3.1e-04  6:4.1e-01
  308 ,   7701 : 1.9895170176073e+01 +(2e-02,5e-02) | 4.82e+04 |  9:3.0e-04  6:3.8e-01
  309 ,   7726 : 1.9898520392982e+01 +(2e-02,5e-02) | 4.66e+04 |  9:3.0e-04  6:3.8e-01
Iterat, #Fevals:   Function Value    (median,worst) |Axis Ratio|idx:Min SD idx:Max SD
  310 ,   7751 : 1.9898829235154e+01 +(2e-02,5e-02) | 4.71e+04 |  9:3.0e-04  6:3.9e-01
  311 ,   7776 : 1.9894980874181e+01 +(2e-02,6e-02) | 4.73e+04 |  9:2.5e-04  6:3.3e-01
  312 ,   7801 : 1.9893507445725e+01 +(2e-02,6e-02) | 4.77e+04 |  9:2.3e-04  6:3.1e-01
  313 ,   7826 : 1.9881326251895e+01 +(4e-02,7e-02) | 4.65e+04 |  9:2.2e-04  6:3.0e-01
  314 ,   7851 : 1.9892174519577e+01 +(2e-02,7e-02) | 4.68e+04 |  9:2.1e-04  6:2.9e-01
  315 ,   7876 : 1.9895604391723e+01 +(2e-02,5e-02) | 4.60e+04 |  9:2.0e-04  6:2.8e-01
  316 ,   7901 : 1.9900781510651e+01 +(2e-02,4e-02) | 4.61e+04 |  9:2.5e-04  6:3.1e-01
  317 ,   7926 : 1.9898229449112e+01 +(2e-02,4e-02) | 4.50e+04 |  9:2.4e-04  6:3.0e-01
  318 ,   7951 : 1.9893031270329e+01 +(2e-02,5e-02) | 4.62e+04 |  9:2.6e-04  6:3.4e-01
  319 ,   7976 : 1.9889256633460e+01 +(3e-02,5e-02) | 4.76e+04 |  9:2.7e-04  6:3.5e-01
Iterat, #Fevals:   Function Value    (median,worst) |Axis Ratio|idx:Min SD idx:Max SD
  320 ,   8001 : 1.9895500111076e+01 +(3e-02,6e-02) | 4.79e+04 |  9:2.4e-04  6:2.9e-01
  321 ,   8026 : 1.9897224310452e+01 +(2e-02,6e-02) | 4.84e+04 |  9:2.4e-04  6:2.8e-01
  322 ,   8051 : 1.9889605957915e+01 +(3e-02,5e-02) | 5.35e+04 |  9:2.4e-04  6:3.1e-01
  323 ,   8076 : 1.9888438203543e+01 +(3e-02,7e-02) | 5.21e+04 |  9:2.5e-04  6:3.2e-01
  324 ,   8101 : 1.9897614694927e+01 +(2e-02,5e-02) | 5.37e+04 |  9:2.5e-04  6:3.1e-01
  325 ,   8126 : 1.9889518051563e+01 +(3e-02,8e-02) | 5.60e+04 |  9:2.5e-04  6:3.0e-01
  326 ,   8151 : 1.9893380186919e+01 +(3e-02,6e-02) | 5.60e+04 |  8:2.6e-04  6:3.0e-01
  327 ,   8176 : 1.9899584522304e+01 +(3e-02,4e-02) | 5.76e+04 |  8:2.3e-04  6:2.6e-01
  328 ,   8201 : 1.9881875426152e+01 +(3e-02,6e-02) | 6.21e+04 |  8:2.1e-04  6:2.7e-01
  329 ,   8226 : 1.9885762797428e+01 +(3e-02,5e-02) | 5.86e+04 |  8:2.3e-04  6:2.8e-01
Iterat, #Fevals:   Function Value    (median,worst) |Axis Ratio|idx:Min SD idx:Max SD
  330 ,   8251 : 1.9897673207386e+01 +(2e-02,4e-02) | 5.83e+04 |  8:2.2e-04  6:2.7e-01
  331 ,   8276 : 1.9899999687157e+01 +(2e-02,5e-02) | 6.01e+04 |  8:2.0e-04  6:2.5e-01
  332 ,   8301 : 1.9886830017120e+01 +(3e-02,6e-02) | 5.88e+04 |  8:2.1e-04  6:2.6e-01
  333 ,   8326 : 1.9889883838121e+01 +(3e-02,5e-02) | 5.86e+04 |  8:2.1e-04  6:2.6e-01
  334 ,   8351 : 1.9879453501507e+01 +(3e-02,7e-02) | 5.77e+04 |  8:1.8e-04  6:2.2e-01
  335 ,   8376 : 1.9889489443409e+01 +(4e-02,6e-02) | 5.57e+04 |  8:1.8e-04  6:2.1e-01
  336 ,   8401 : 1.9876581712296e+01 +(4e-02,8e-02) | 5.43e+04 |  8:1.8e-04  6:2.1e-01
  337 ,   8426 : 1.9887576212999e+01 +(4e-02,7e-02) | 5.71e+04 |  8:1.5e-04  6:1.8e-01
  338 ,   8451 : 1.9898968131966e+01 +(3e-02,6e-02) | 5.67e+04 |  8:1.5e-04  6:1.8e-01
#Fevals:   f(returned x)   |    bestever.f     | stopflag (saved to variablescmaes14_7_27.mat)
   8452: 1.98989681320e+01 | 1.98727364537e+01 | stagnation
mean solution: +8.4e-01 +5.1e-01 +8.7e-01 +1.4e-01 +9.2e-01 +1.3e+02 +1.5e-01 +1.6e-01 +1.9e+00
std deviation:  6.0e-04  1.0e-03  6.9e-04  3.6e-04  5.4e-04  1.8e-01  3.8e-04  1.5e-04  1.7e-04
use plotcmaesdat.m for plotting the output at any time (option LogModulo must not be zero)
