
                            < M A T L A B (R) >
                  Copyright 1984-2015 The MathWorks, Inc.
                   R2015a (8.5.0.197613) 64-bit (glnxa64)
                             February 12, 2015

 
For online documentation, see http://www.mathworks.com/support
For product information, visit www.mathworks.com.
 

	Academic License


seed =

                210.292763


Initialtheta =

          9992.51102955618
          3028481.69620219
          78305981.1207393
          5044.30488795589
           1127.7931739018
          103.344791303147
        0.0433786582597238
          8.62090778620703
          578.889165021297

  n=9: (12,25)-CMA-ES(w=[24 17 14... 1.5 0.74]%, ]%, mu_eff=7.3) on function Error
Iterat, #Fevals:   Function Value    (median,worst) |Axis Ratio|idx:Min SD idx:Max SD
    1 ,     26 : 1.2010708092417e+02 +(2e+07,2e+17) | 9.50e+00 |  8:3.4e-01  1:3.1e+00
    2 ,     51 : 1.1807058493476e+02 +(6e+00,5e+16) | 9.87e+00 |  8:3.3e-01  6:3.1e+00
    3 ,     76 : 5.4264593694915e+01 +(3e+06,5e+16) | 9.95e+00 |  8:3.2e-01  6:2.9e+00
    4 ,    101 : 1.2291591273094e+02 +(7e-01,3e+08) | 9.94e+00 |  8:2.7e-01  6:2.4e+00
    5 ,    126 : 1.2335150424173e+02 +(2e+06,2e+16) | 1.05e+01 |  8:2.3e-01  6:2.1e+00
    6 ,    151 : 1.2342269413428e+02 +(6e+06,1e+10) | 1.05e+01 |  7:2.4e-01  6:2.2e+00
    7 ,    176 : 1.2183583521286e+02 +(5e+05,2e+09) | 1.10e+01 |  7:2.4e-01  6:2.3e+00
    8 ,    201 : 1.2351011325609e+02 +(3e+05,8e+08) | 1.12e+01 |  7:2.4e-01  6:2.4e+00
    9 ,    226 : 1.1886035532580e+02 +(2e+06,1e+08) | 1.14e+01 |  7:2.1e-01  6:2.2e+00
Iterat, #Fevals:   Function Value    (median,worst) |Axis Ratio|idx:Min SD idx:Max SD
   10 ,    251 : 1.1893913460444e+02 +(3e+04,3e+06) | 1.15e+01 |  7:1.8e-01  6:1.9e+00
   11 ,    276 : 1.2028214273101e+02 +(6e+03,7e+06) | 1.12e+01 |  7:1.8e-01  6:1.8e+00
   12 ,    301 : 2.6352277733218e+01 +(7e+03,5e+06) | 1.11e+01 |  7:1.6e-01  6:1.7e+00
   13 ,    326 : 3.2853000759279e+01 +(9e+01,1e+07) | 1.18e+01 |  7:1.6e-01  6:1.7e+00
   14 ,    351 : 1.1798913948575e+02 +(6e+00,5e+05) | 1.14e+01 |  7:1.5e-01  6:1.6e+00
   15 ,    376 : 2.9150213941009e+01 +(9e+01,1e+06) | 1.18e+01 |  7:1.4e-01  6:1.6e+00
   16 ,    401 : 2.7466188813691e+01 +(1e+02,4e+05) | 1.21e+01 |  7:1.3e-01  6:1.4e+00
   17 ,    426 : 2.7720724761418e+01 +(4e+03,1e+06) | 1.16e+01 |  7:1.2e-01  6:1.3e+00
   18 ,    451 : 3.6102362065323e+01 +(9e+01,6e+04) | 1.20e+01 |  7:1.0e-01  6:1.1e+00
   19 ,    476 : 2.7424075482578e+01 +(1e+02,2e+05) | 1.22e+01 |  7:1.1e-01  6:1.1e+00
Iterat, #Fevals:   Function Value    (median,worst) |Axis Ratio|idx:Min SD idx:Max SD
   20 ,    501 : 3.1570732734173e+01 +(9e+01,2e+04) | 1.32e+01 |  7:9.9e-02  6:1.1e+00
   21 ,    526 : 2.7782744519723e+01 +(1e+02,4e+04) | 1.29e+01 |  7:1.0e-01  6:1.1e+00
   22 ,    551 : 3.9791444568341e+01 +(8e+01,3e+04) | 1.35e+01 |  7:1.1e-01  6:1.2e+00
   23 ,    576 : 3.8382533402624e+01 +(9e+01,3e+04) | 1.32e+01 |  7:1.1e-01  6:1.2e+00
   24 ,    601 : 2.6393424142268e+01 +(1e+02,2e+03) | 1.32e+01 |  7:1.1e-01  6:1.3e+00
   25 ,    626 : 2.5985622730283e+01 +(1e+02,1e+04) | 1.29e+01 |  7:1.1e-01  6:1.3e+00
   26 ,    651 : 2.4730909238911e+01 +(1e+02,5e+04) | 1.33e+01 |  7:1.1e-01  6:1.2e+00
   27 ,    676 : 2.5730727937253e+01 +(1e+02,1e+04) | 1.32e+01 |  7:9.8e-02  6:1.1e+00
   28 ,    701 : 2.7034841059086e+01 +(1e+02,1e+04) | 1.36e+01 |  7:8.6e-02  6:9.9e-01
   29 ,    726 : 3.8778967357134e+01 +(8e+01,3e+04) | 1.31e+01 |  7:9.2e-02  6:1.0e+00
Iterat, #Fevals:   Function Value    (median,worst) |Axis Ratio|idx:Min SD idx:Max SD
   30 ,    751 : 3.3892932610515e+01 +(9e+01,1e+04) | 1.27e+01 |  7:1.0e-01  6:1.0e+00
   31 ,    776 : 2.6886095916795e+01 +(1e+02,2e+04) | 1.28e+01 |  7:1.1e-01  6:1.1e+00
   32 ,    801 : 2.6088923285548e+01 +(1e+02,2e+04) | 1.31e+01 |  7:1.1e-01  6:1.1e+00
   33 ,    826 : 2.7729062618055e+01 +(9e+01,2e+03) | 1.32e+01 |  7:1.1e-01  6:1.1e+00
   34 ,    851 : 2.4326204489102e+01 +(1e+02,5e+03) | 1.32e+01 |  7:1.2e-01  6:1.2e+00
   35 ,    876 : 3.4238916910774e+01 +(9e+01,1e+04) | 1.34e+01 |  9:1.1e-01  6:1.1e+00
   36 ,    901 : 3.0008660074176e+01 +(9e+01,2e+03) | 1.37e+01 |  9:9.1e-02  6:9.2e-01
   37 ,    926 : 2.4224908499070e+01 +(7e+01,1e+03) | 1.40e+01 |  9:8.1e-02  6:8.3e-01
   38 ,    951 : 2.4007853521840e+01 +(9e+01,6e+02) | 1.39e+01 |  9:8.0e-02  6:7.8e-01
   39 ,    976 : 2.3711547779798e+01 +(8e+01,1e+03) | 1.39e+01 |  7:8.2e-02  6:7.9e-01
Iterat, #Fevals:   Function Value    (median,worst) |Axis Ratio|idx:Min SD idx:Max SD
   40 ,   1001 : 2.5295017529855e+01 +(9e+01,1e+03) | 1.39e+01 |  9:7.7e-02  6:7.4e-01
   41 ,   1026 : 2.5313596728573e+01 +(9e+01,7e+02) | 1.39e+01 |  7:6.3e-02  6:6.1e-01
   42 ,   1051 : 2.5250256865807e+01 +(6e+01,4e+02) | 1.43e+01 |  7:5.9e-02  6:5.7e-01
   43 ,   1076 : 2.4732777476756e+01 +(4e+01,1e+03) | 1.42e+01 |  7:5.8e-02  6:5.5e-01
   44 ,   1101 : 2.5288577442538e+01 +(5e+01,9e+02) | 1.47e+01 |  7:5.7e-02  6:5.7e-01
   45 ,   1126 : 2.5932709103496e+01 +(5e+01,1e+03) | 1.45e+01 |  7:5.0e-02  6:4.9e-01
   46 ,   1151 : 2.4878743192034e+01 +(3e+01,5e+02) | 1.45e+01 |  7:4.3e-02  6:4.3e-01
   47 ,   1176 : 2.4396031130905e+01 +(2e+01,2e+02) | 1.47e+01 |  7:4.3e-02  6:4.2e-01
   48 ,   1201 : 2.4383348268717e+01 +(2e+01,3e+02) | 1.56e+01 |  7:4.3e-02  6:4.3e-01
   49 ,   1226 : 2.3926331359177e+01 +(2e+01,1e+02) | 1.58e+01 |  8:4.3e-02  6:4.3e-01
Iterat, #Fevals:   Function Value    (median,worst) |Axis Ratio|idx:Min SD idx:Max SD
   50 ,   1251 : 2.4296216214331e+01 +(3e+01,8e+01) | 1.79e+01 |  7:4.3e-02  6:4.9e-01
   51 ,   1276 : 2.4204300955977e+01 +(2e+01,4e+02) | 1.93e+01 |  7:4.0e-02  6:4.8e-01
   52 ,   1301 : 2.4804164071727e+01 +(2e+01,5e+02) | 2.02e+01 |  7:3.8e-02  6:4.7e-01
   53 ,   1326 : 2.3895219232921e+01 +(2e+01,8e+01) | 2.14e+01 |  8:3.8e-02  6:4.8e-01
   54 ,   1351 : 2.4052165367724e+01 +(8e+00,1e+02) | 2.23e+01 |  8:4.1e-02  6:5.2e-01
   55 ,   1376 : 2.4339158947246e+01 +(1e+01,3e+02) | 2.32e+01 |  8:3.9e-02  6:5.0e-01
   56 ,   1401 : 2.4732736031672e+01 +(1e+01,6e+01) | 2.31e+01 |  8:3.7e-02  6:4.7e-01
   57 ,   1426 : 2.3526858687835e+01 +(4e+00,3e+01) | 2.47e+01 |  8:4.0e-02  6:5.0e-01
   58 ,   1451 : 2.2823457898583e+01 +(9e+00,6e+01) | 2.47e+01 |  8:4.4e-02  6:5.4e-01
   59 ,   1476 : 2.4075628059924e+01 +(1e+01,9e+01) | 2.52e+01 |  8:4.2e-02  6:5.1e-01
Iterat, #Fevals:   Function Value    (median,worst) |Axis Ratio|idx:Min SD idx:Max SD
   60 ,   1501 : 2.3816184272845e+01 +(1e+01,1e+02) | 2.59e+01 |  8:4.2e-02  6:5.1e-01
   61 ,   1526 : 2.3407486397101e+01 +(7e+00,1e+02) | 2.59e+01 |  8:3.7e-02  6:4.4e-01
   62 ,   1551 : 2.3572068381260e+01 +(4e+00,8e+01) | 2.60e+01 |  8:3.2e-02  6:3.7e-01
   63 ,   1576 : 2.3888469403814e+01 +(3e+00,3e+01) | 2.66e+01 |  8:3.1e-02  6:3.6e-01
   64 ,   1601 : 2.3560541327113e+01 +(4e+00,8e+01) | 2.65e+01 |  8:2.9e-02  6:3.4e-01
   65 ,   1626 : 2.3746185581869e+01 +(2e+00,4e+01) | 2.72e+01 |  8:3.2e-02  6:3.6e-01
   66 ,   1651 : 2.3483148653636e+01 +(4e+00,3e+01) | 2.79e+01 |  8:3.1e-02  6:3.6e-01
   67 ,   1676 : 2.3428237949726e+01 +(3e+00,2e+01) | 3.09e+01 |  8:3.0e-02  6:3.8e-01
   68 ,   1701 : 2.2990265048745e+01 +(6e+00,5e+01) | 3.32e+01 |  8:3.6e-02  6:4.4e-01
   69 ,   1726 : 2.2351050831188e+01 +(8e+00,3e+01) | 3.46e+01 |  8:4.4e-02  6:5.6e-01
Iterat, #Fevals:   Function Value    (median,worst) |Axis Ratio|idx:Min SD idx:Max SD
   70 ,   1751 : 2.2771070405846e+01 +(2e+01,8e+01) | 3.57e+01 |  8:4.4e-02  6:5.8e-01
   71 ,   1776 : 2.3228830166551e+01 +(1e+01,6e+01) | 3.75e+01 |  8:4.5e-02  6:6.0e-01
   72 ,   1801 : 2.2946780321221e+01 +(6e+00,2e+02) | 3.76e+01 |  8:4.7e-02  6:6.0e-01
   73 ,   1826 : 2.2516511580297e+01 +(1e+01,1e+02) | 3.87e+01 |  8:4.2e-02  6:5.5e-01
   74 ,   1851 : 2.2659163360215e+01 +(2e+01,1e+02) | 3.92e+01 |  8:4.3e-02  6:6.0e-01
   75 ,   1876 : 2.2720956222094e+01 +(8e+00,6e+01) | 4.10e+01 |  8:4.3e-02  6:6.1e-01
   76 ,   1901 : 2.3149652718476e+01 +(4e+00,1e+02) | 4.34e+01 |  8:4.1e-02  6:5.9e-01
   77 ,   1926 : 2.3113179344781e+01 +(4e+00,9e+01) | 4.42e+01 |  8:3.8e-02  6:5.6e-01
   78 ,   1951 : 2.2814105464120e+01 +(5e+00,5e+01) | 4.58e+01 |  8:3.6e-02  6:5.4e-01
   79 ,   1976 : 2.2033611058765e+01 +(6e+00,8e+01) | 4.61e+01 |  8:3.4e-02  6:5.1e-01
Iterat, #Fevals:   Function Value    (median,worst) |Axis Ratio|idx:Min SD idx:Max SD
   80 ,   2001 : 2.2185242119219e+01 +(4e+00,4e+01) | 4.68e+01 |  8:3.4e-02  6:5.3e-01
   81 ,   2026 : 2.1887946897798e+01 +(2e+00,4e+01) | 4.69e+01 |  8:3.9e-02  6:5.7e-01
   82 ,   2051 : 2.1925397750882e+01 +(3e+00,5e+01) | 4.66e+01 |  8:4.3e-02  6:6.2e-01
   83 ,   2076 : 2.1712586477856e+01 +(3e+00,7e+01) | 4.76e+01 |  8:4.3e-02  6:6.2e-01
   84 ,   2101 : 2.1306636023266e+01 +(9e+00,5e+01) | 4.88e+01 |  8:4.2e-02  6:6.2e-01
   85 ,   2126 : 2.1188958805162e+01 +(6e+00,1e+02) | 5.01e+01 |  8:4.2e-02  6:6.3e-01
   86 ,   2151 : 2.1630803600051e+01 +(1e+01,7e+01) | 4.94e+01 |  8:3.6e-02  6:5.3e-01
   87 ,   2176 : 2.1081854739168e+01 +(6e+00,5e+01) | 4.97e+01 |  8:3.6e-02  6:5.2e-01
   88 ,   2201 : 2.1820881891808e+01 +(1e+01,5e+01) | 5.04e+01 |  8:3.2e-02  6:4.8e-01
   89 ,   2226 : 2.1072136178023e+01 +(5e+00,6e+01) | 5.11e+01 |  8:3.2e-02  6:4.7e-01
Iterat, #Fevals:   Function Value    (median,worst) |Axis Ratio|idx:Min SD idx:Max SD
   90 ,   2251 : 2.1259456932602e+01 +(2e+00,6e+01) | 5.05e+01 |  8:3.3e-02  6:4.8e-01
   91 ,   2276 : 2.0811573017232e+01 +(2e+00,3e+01) | 5.59e+01 |  8:3.3e-02  6:5.3e-01
   92 ,   2301 : 2.0932977023538e+01 +(2e+00,7e+01) | 5.83e+01 |  8:3.2e-02  6:5.2e-01
   93 ,   2326 : 2.0524051612863e+01 +(5e+00,3e+01) | 5.97e+01 |  8:3.3e-02  6:5.3e-01
   94 ,   2351 : 2.0810471190409e+01 +(6e+00,2e+01) | 6.35e+01 |  8:3.3e-02  6:5.6e-01
   95 ,   2376 : 2.0796814471357e+01 +(6e+00,3e+01) | 6.37e+01 |  8:3.4e-02  6:5.5e-01
   96 ,   2401 : 2.1526156252617e+01 +(3e+00,6e+01) | 6.23e+01 |  8:3.6e-02  6:5.9e-01
   97 ,   2426 : 2.1175422820975e+01 +(1e+00,2e+01) | 6.37e+01 |  8:3.5e-02  6:5.6e-01
   98 ,   2451 : 2.1072541773600e+01 +(3e+00,3e+01) | 7.02e+01 |  8:3.5e-02  6:6.0e-01
   99 ,   2476 : 2.1350773457345e+01 +(2e+00,6e+01) | 7.15e+01 |  8:3.0e-02  6:5.0e-01
Iterat, #Fevals:   Function Value    (median,worst) |Axis Ratio|idx:Min SD idx:Max SD
  100 ,   2501 : 2.0685783545090e+01 +(2e+00,2e+01) | 7.30e+01 |  8:3.3e-02  6:5.3e-01
  101 ,   2526 : 2.1231632045419e+01 +(2e+00,8e+00) | 7.34e+01 |  8:3.5e-02  6:5.6e-01
  102 ,   2551 : 2.0834706768068e+01 +(2e+00,7e+01) | 7.65e+01 |  8:3.3e-02  6:5.5e-01
  103 ,   2576 : 2.0672751962479e+01 +(3e+00,4e+01) | 8.00e+01 |  8:3.0e-02  6:5.0e-01
  104 ,   2601 : 2.1000277056023e+01 +(4e+00,2e+01) | 7.79e+01 |  8:2.7e-02  6:4.4e-01
  105 ,   2626 : 2.0593496407470e+01 +(2e+00,2e+01) | 8.09e+01 |  8:2.8e-02  6:4.5e-01
  106 ,   2651 : 2.0779568078808e+01 +(1e+00,1e+01) | 8.55e+01 |  8:2.7e-02  6:4.5e-01
  107 ,   2676 : 2.0586840319037e+01 +(1e+00,4e+01) | 8.78e+01 |  8:2.6e-02  6:4.4e-01
  108 ,   2701 : 2.0439310492043e+01 +(2e+00,1e+01) | 8.57e+01 |  8:2.5e-02  6:4.4e-01
  109 ,   2726 : 2.0320963724404e+01 +(2e+00,3e+01) | 8.92e+01 |  8:2.4e-02  6:4.2e-01
Iterat, #Fevals:   Function Value    (median,worst) |Axis Ratio|idx:Min SD idx:Max SD
  110 ,   2751 : 2.0253288358389e+01 +(1e+00,2e+01) | 9.64e+01 |  8:2.4e-02  6:4.5e-01
  111 ,   2776 : 2.0248604485733e+01 +(1e+00,2e+01) | 9.94e+01 |  8:2.3e-02  6:4.4e-01
  112 ,   2801 : 2.0087007492380e+01 +(1e+00,7e+00) | 9.88e+01 |  8:2.3e-02  6:4.5e-01
  113 ,   2826 : 2.0802582018283e+01 +(1e+00,1e+01) | 1.00e+02 |  8:2.2e-02  6:4.1e-01
  114 ,   2851 : 2.0458135981845e+01 +(1e+00,5e+00) | 1.03e+02 |  8:2.2e-02  6:4.4e-01
  115 ,   2876 : 2.0305503263378e+01 +(1e+00,6e+00) | 1.04e+02 |  8:2.0e-02  6:3.9e-01
  116 ,   2901 : 2.0330553865541e+01 +(7e-01,8e+00) | 1.06e+02 |  8:2.0e-02  6:4.0e-01
  117 ,   2926 : 2.0023345824444e+01 +(2e+00,6e+00) | 1.03e+02 |  8:2.3e-02  6:4.5e-01
  118 ,   2951 : 2.0168692925912e+01 +(8e-01,7e+00) | 1.05e+02 |  8:2.2e-02  6:4.2e-01
  119 ,   2976 : 2.0056931892928e+01 +(9e-01,3e+01) | 1.08e+02 |  8:2.1e-02  6:4.2e-01
Iterat, #Fevals:   Function Value    (median,worst) |Axis Ratio|idx:Min SD idx:Max SD
  120 ,   3001 : 2.0202974642037e+01 +(8e-01,6e+00) | 1.09e+02 |  8:1.9e-02  6:4.0e-01
  121 ,   3026 : 2.0238626260005e+01 +(1e+00,1e+01) | 1.19e+02 |  8:2.1e-02  6:4.4e-01
  122 ,   3051 : 1.9942053234316e+01 +(1e+00,1e+01) | 1.23e+02 |  8:1.9e-02  6:4.1e-01
  123 ,   3076 : 2.0139278378011e+01 +(6e-01,1e+01) | 1.28e+02 |  8:2.0e-02  6:4.3e-01
  124 ,   3101 : 1.9999893161324e+01 +(6e-01,9e+00) | 1.28e+02 |  8:2.0e-02  6:4.3e-01
  125 ,   3126 : 2.0024294548256e+01 +(6e-01,1e+01) | 1.33e+02 |  8:1.9e-02  6:4.2e-01
  126 ,   3151 : 1.9931389857883e+01 +(4e-01,4e+00) | 1.31e+02 |  8:2.0e-02  6:4.2e-01
  127 ,   3176 : 2.0042219786487e+01 +(8e-01,5e+00) | 1.37e+02 |  8:2.1e-02  6:4.6e-01
  128 ,   3201 : 1.9968997716430e+01 +(5e-01,3e+01) | 1.40e+02 |  8:1.9e-02  6:4.1e-01
  129 ,   3226 : 2.0036300045135e+01 +(5e-01,5e+00) | 1.39e+02 |  8:1.9e-02  6:4.1e-01
Iterat, #Fevals:   Function Value    (median,worst) |Axis Ratio|idx:Min SD idx:Max SD
  130 ,   3251 : 2.0028669326902e+01 +(3e-01,4e+00) | 1.62e+02 |  8:2.1e-02  6:5.2e-01
  131 ,   3276 : 1.9987347283037e+01 +(3e-01,6e+00) | 1.70e+02 |  8:2.2e-02  6:5.4e-01
  132 ,   3301 : 1.9935863580600e+01 +(9e-01,1e+01) | 1.90e+02 |  8:2.3e-02  6:6.2e-01
  133 ,   3326 : 2.0022689871519e+01 +(1e+00,7e+00) | 1.99e+02 |  8:1.9e-02  6:5.3e-01
  134 ,   3351 : 1.9973955452935e+01 +(6e-01,2e+01) | 1.99e+02 |  8:1.6e-02  6:4.4e-01
  135 ,   3376 : 1.9967861667442e+01 +(3e-01,2e+00) | 2.04e+02 |  8:1.5e-02  6:4.0e-01
  136 ,   3401 : 1.9958855147861e+01 +(2e-01,9e-01) | 2.10e+02 |  8:1.6e-02  6:4.3e-01
  137 ,   3426 : 1.9930901601049e+01 +(2e-01,3e+00) | 2.14e+02 |  8:1.5e-02  6:4.1e-01
  138 ,   3451 : 1.9964416952659e+01 +(3e-01,2e+00) | 2.23e+02 |  8:1.3e-02  6:3.6e-01
  139 ,   3476 : 1.9958806651787e+01 +(2e-01,1e+00) | 2.29e+02 |  8:1.2e-02  6:3.4e-01
Iterat, #Fevals:   Function Value    (median,worst) |Axis Ratio|idx:Min SD idx:Max SD
  140 ,   3501 : 1.9965257417677e+01 +(3e-01,2e+00) | 2.34e+02 |  8:9.5e-03  6:2.7e-01
  141 ,   3526 : 1.9963217528180e+01 +(1e-01,5e-01) | 2.38e+02 |  8:8.5e-03  6:2.4e-01
  142 ,   3551 : 1.9931178313296e+01 +(1e-01,6e-01) | 2.42e+02 |  8:8.1e-03  6:2.4e-01
  143 ,   3576 : 1.9924877498627e+01 +(8e-02,5e-01) | 2.55e+02 |  8:7.8e-03  6:2.4e-01
  144 ,   3601 : 1.9887965428347e+01 +(2e-01,8e-01) | 2.56e+02 |  8:8.4e-03  6:2.4e-01
  145 ,   3626 : 1.9908499377456e+01 +(6e-02,5e-01) | 2.92e+02 |  8:9.5e-03  6:3.0e-01
  146 ,   3651 : 1.9914683710166e+01 +(6e-02,9e-01) | 3.06e+02 |  8:9.0e-03  6:2.8e-01
  147 ,   3676 : 1.9877268200224e+01 +(7e-02,4e-01) | 3.22e+02 |  8:8.5e-03  6:2.8e-01
  148 ,   3701 : 1.9896106680640e+01 +(9e-02,4e-01) | 3.26e+02 |  8:7.4e-03  6:2.4e-01
  149 ,   3726 : 1.9891580857387e+01 +(5e-02,2e-01) | 3.32e+02 |  8:6.8e-03  6:2.2e-01
Iterat, #Fevals:   Function Value    (median,worst) |Axis Ratio|idx:Min SD idx:Max SD
  150 ,   3751 : 1.9875804633084e+01 +(6e-02,4e-01) | 3.35e+02 |  8:6.4e-03  6:2.1e-01
  151 ,   3776 : 1.9876763520623e+01 +(7e-02,3e-01) | 3.52e+02 |  8:7.0e-03  6:2.3e-01
  152 ,   3801 : 1.9884819997584e+01 +(6e-02,2e-01) | 3.67e+02 |  8:7.1e-03  6:2.4e-01
  153 ,   3826 : 1.9876409825443e+01 +(6e-02,2e-01) | 3.72e+02 |  8:8.2e-03  6:2.5e-01
  154 ,   3851 : 1.9891532542579e+01 +(6e-02,9e-01) | 3.72e+02 |  9:7.6e-03  6:2.3e-01
  155 ,   3876 : 1.9875529566249e+01 +(6e-02,3e-01) | 3.64e+02 |  9:6.7e-03  6:2.1e-01
  156 ,   3901 : 1.9887246760563e+01 +(4e-02,2e-01) | 3.80e+02 |  9:6.1e-03  6:2.0e-01
  157 ,   3926 : 1.9882947542585e+01 +(3e-02,1e-01) | 3.86e+02 |  9:5.5e-03  6:1.8e-01
  158 ,   3951 : 1.9882814313672e+01 +(4e-02,9e-02) | 4.21e+02 |  9:5.7e-03  6:2.0e-01
  159 ,   3976 : 1.9897130953613e+01 +(2e-02,4e-01) | 4.35e+02 |  9:5.4e-03  6:2.0e-01
Iterat, #Fevals:   Function Value    (median,worst) |Axis Ratio|idx:Min SD idx:Max SD
  160 ,   4001 : 1.9872555079375e+01 +(4e-02,2e-01) | 4.36e+02 |  9:5.2e-03  6:2.0e-01
  161 ,   4026 : 1.9862689966210e+01 +(5e-02,1e-01) | 4.55e+02 |  9:5.2e-03  6:2.1e-01
  162 ,   4051 : 1.9875749368681e+01 +(2e-02,2e-01) | 4.31e+02 |  9:5.2e-03  6:2.1e-01
  163 ,   4076 : 1.9888659935858e+01 +(3e-02,1e-01) | 4.40e+02 |  9:4.2e-03  6:1.8e-01
  164 ,   4101 : 1.9877171248694e+01 +(3e-02,9e-02) | 4.53e+02 |  9:3.6e-03  6:1.6e-01
  165 ,   4126 : 1.9874256621379e+01 +(3e-02,7e-02) | 4.44e+02 |  9:3.0e-03  6:1.3e-01
  166 ,   4151 : 1.9866655021419e+01 +(4e-02,6e-02) | 4.44e+02 |  9:2.4e-03  6:1.1e-01
  167 ,   4176 : 1.9871858494333e+01 +(3e-02,7e-02) | 4.51e+02 |  9:2.0e-03  6:9.0e-02
  168 ,   4201 : 1.9868811901131e+01 +(3e-02,6e-02) | 5.08e+02 |  9:1.9e-03  6:9.9e-02
  169 ,   4226 : 1.9866995024596e+01 +(3e-02,6e-02) | 5.16e+02 |  9:2.0e-03  6:9.9e-02
Iterat, #Fevals:   Function Value    (median,worst) |Axis Ratio|idx:Min SD idx:Max SD
  170 ,   4251 : 1.9858027032847e+01 +(4e-02,8e-02) | 5.10e+02 |  9:1.8e-03  6:8.7e-02
  171 ,   4276 : 1.9853776224769e+01 +(3e-02,8e-02) | 5.10e+02 |  9:1.9e-03  6:9.3e-02
  172 ,   4301 : 1.9859722227656e+01 +(4e-02,6e-02) | 5.09e+02 |  9:1.9e-03  6:9.2e-02
  173 ,   4326 : 1.9854465340244e+01 +(3e-02,7e-02) | 5.27e+02 |  9:1.6e-03  6:8.1e-02
  174 ,   4351 : 1.9859586524015e+01 +(4e-02,7e-02) | 5.25e+02 |  9:1.5e-03  6:7.4e-02
  175 ,   4376 : 1.9862131371093e+01 +(3e-02,6e-02) | 5.44e+02 |  9:1.5e-03  6:7.8e-02
  176 ,   4401 : 1.9850688409944e+01 +(5e-02,7e-02) | 5.49e+02 |  9:1.4e-03  6:7.7e-02
  177 ,   4426 : 1.9863968030854e+01 +(3e-02,5e-02) | 5.45e+02 |  9:1.4e-03  6:7.6e-02
  178 ,   4451 : 1.9860161327482e+01 +(3e-02,7e-02) | 5.37e+02 |  9:1.5e-03  6:7.5e-02
  179 ,   4476 : 1.9854923541280e+01 +(3e-02,7e-02) | 5.63e+02 |  9:1.3e-03  6:6.7e-02
Iterat, #Fevals:   Function Value    (median,worst) |Axis Ratio|idx:Min SD idx:Max SD
  180 ,   4501 : 1.9856854247336e+01 +(4e-02,7e-02) | 5.34e+02 |  9:1.2e-03  6:6.4e-02
  181 ,   4526 : 1.9868028796182e+01 +(2e-02,6e-02) | 5.43e+02 |  9:1.2e-03  6:6.3e-02
  182 ,   4551 : 1.9853177707903e+01 +(4e-02,7e-02) | 5.56e+02 |  9:1.2e-03  6:6.7e-02
  183 ,   4576 : 1.9852217148899e+01 +(4e-02,7e-02) | 5.52e+02 |  9:1.3e-03  6:7.4e-02
  184 ,   4601 : 1.9848667572475e+01 +(5e-02,7e-02) | 5.16e+02 |  9:1.3e-03  6:7.0e-02
  185 ,   4626 : 1.9862042716598e+01 +(3e-02,6e-02) | 5.11e+02 |  9:1.3e-03  6:6.9e-02
  186 ,   4651 : 1.9848376962284e+01 +(4e-02,8e-02) | 5.66e+02 |  9:1.1e-03  6:6.2e-02
  187 ,   4676 : 1.9860241509101e+01 +(3e-02,6e-02) | 5.68e+02 |  9:9.6e-04  6:5.8e-02
  188 ,   4701 : 1.9864334105036e+01 +(2e-02,6e-02) | 5.94e+02 |  9:9.3e-04  6:5.7e-02
  189 ,   4726 : 1.9877524732418e+01 +(2e-02,4e-02) | 6.04e+02 |  9:9.2e-04  6:5.8e-02
Iterat, #Fevals:   Function Value    (median,worst) |Axis Ratio|idx:Min SD idx:Max SD
  190 ,   4751 : 1.9863023898265e+01 +(4e-02,7e-02) | 6.01e+02 |  9:1.0e-03  6:6.3e-02
  191 ,   4776 : 1.9866893057296e+01 +(3e-02,6e-02) | 6.03e+02 |  9:8.9e-04  6:5.6e-02
  192 ,   4801 : 1.9856036492973e+01 +(4e-02,7e-02) | 6.20e+02 |  9:8.2e-04  6:5.6e-02
  193 ,   4826 : 1.9870127261637e+01 +(2e-02,5e-02) | 6.22e+02 |  9:7.3e-04  6:5.1e-02
  194 ,   4851 : 1.9854804590429e+01 +(4e-02,7e-02) | 6.99e+02 |  9:8.5e-04  6:6.5e-02
  195 ,   4876 : 1.9858794703533e+01 +(3e-02,7e-02) | 6.92e+02 |  9:8.3e-04  6:6.5e-02
  196 ,   4901 : 1.9854138271372e+01 +(4e-02,7e-02) | 6.82e+02 |  9:7.0e-04  6:5.6e-02
  197 ,   4926 : 1.9865821693720e+01 +(3e-02,7e-02) | 6.69e+02 |  9:7.9e-04  6:5.8e-02
  198 ,   4951 : 1.9845268270531e+01 +(5e-02,8e-02) | 6.45e+02 |  9:7.4e-04  6:5.1e-02
  199 ,   4976 : 1.9861816079935e+01 +(3e-02,5e-02) | 6.51e+02 |  9:7.0e-04  6:4.7e-02
Iterat, #Fevals:   Function Value    (median,worst) |Axis Ratio|idx:Min SD idx:Max SD
  200 ,   5001 : 1.9856554819419e+01 +(3e-02,7e-02) | 7.34e+02 |  9:7.6e-04  6:5.6e-02
  201 ,   5026 : 1.9856323866212e+01 +(3e-02,6e-02) | 7.58e+02 |  9:6.6e-04  6:5.1e-02
  202 ,   5051 : 1.9844630567653e+01 +(5e-02,7e-02) | 7.52e+02 |  9:6.0e-04  6:4.5e-02
  203 ,   5076 : 1.9846305132344e+01 +(4e-02,7e-02) | 7.71e+02 |  9:5.6e-04  6:4.2e-02
  204 ,   5101 : 1.9855266922868e+01 +(3e-02,6e-02) | 7.71e+02 |  9:5.7e-04  6:4.3e-02
  205 ,   5126 : 1.9844993769488e+01 +(5e-02,8e-02) | 7.57e+02 |  9:6.1e-04  6:4.5e-02
  206 ,   5151 : 1.9865188737651e+01 +(3e-02,7e-02) | 7.44e+02 |  9:6.4e-04  6:4.5e-02
  207 ,   5176 : 1.9849342011717e+01 +(5e-02,8e-02) | 7.75e+02 |  9:6.3e-04  6:4.7e-02
  208 ,   5201 : 1.9857848540466e+01 +(3e-02,7e-02) | 8.45e+02 |  9:7.3e-04  6:5.6e-02
  209 ,   5226 : 1.9857005867022e+01 +(3e-02,6e-02) | 8.81e+02 |  9:7.0e-04  6:5.6e-02
Iterat, #Fevals:   Function Value    (median,worst) |Axis Ratio|idx:Min SD idx:Max SD
  210 ,   5251 : 1.9857631123343e+01 +(3e-02,7e-02) | 8.66e+02 |  9:6.5e-04  6:5.2e-02
  211 ,   5276 : 1.9855168110470e+01 +(3e-02,7e-02) | 8.79e+02 |  9:7.6e-04  6:5.8e-02
  212 ,   5301 : 1.9857643891497e+01 +(4e-02,7e-02) | 8.77e+02 |  9:8.8e-04  6:6.4e-02
  213 ,   5326 : 1.9864451511665e+01 +(3e-02,6e-02) | 8.78e+02 |  9:9.1e-04  6:6.1e-02
  214 ,   5351 : 1.9868259116912e+01 +(3e-02,6e-02) | 8.76e+02 |  9:9.9e-04  6:6.6e-02
  215 ,   5376 : 1.9871009733259e+01 +(3e-02,6e-02) | 8.79e+02 |  9:9.9e-04  6:6.6e-02
  216 ,   5401 : 1.9859346369665e+01 +(3e-02,6e-02) | 8.87e+02 |  9:8.5e-04  6:5.7e-02
  217 ,   5426 : 1.9873957686585e+01 +(3e-02,6e-02) | 9.37e+02 |  9:8.5e-04  6:6.2e-02
  218 ,   5451 : 1.9862451530501e+01 +(3e-02,6e-02) | 9.36e+02 |  9:8.9e-04  6:6.1e-02
  219 ,   5476 : 1.9861274045059e+01 +(3e-02,6e-02) | 9.06e+02 |  9:8.9e-04  6:6.0e-02
Iterat, #Fevals:   Function Value    (median,worst) |Axis Ratio|idx:Min SD idx:Max SD
  220 ,   5501 : 1.9861095166412e+01 +(3e-02,8e-02) | 9.64e+02 |  9:9.1e-04  6:6.3e-02
  221 ,   5526 : 1.9864663640473e+01 +(3e-02,6e-02) | 9.47e+02 |  9:7.0e-04  6:4.8e-02
  222 ,   5551 : 1.9869862886294e+01 +(2e-02,5e-02) | 9.20e+02 |  9:6.4e-04  6:4.3e-02
  223 ,   5576 : 1.9849913828044e+01 +(4e-02,7e-02) | 8.68e+02 |  9:6.3e-04  6:4.2e-02
  224 ,   5601 : 1.9867880601756e+01 +(3e-02,5e-02) | 8.10e+02 |  9:7.0e-04  6:4.6e-02
  225 ,   5626 : 1.9847212231246e+01 +(3e-02,7e-02) | 8.16e+02 |  9:6.1e-04  6:3.8e-02
  226 ,   5651 : 1.9856588004261e+01 +(3e-02,6e-02) | 7.27e+02 |  9:6.4e-04  6:3.9e-02
  227 ,   5676 : 1.9847183086513e+01 +(4e-02,7e-02) | 6.92e+02 |  9:6.4e-04  6:3.9e-02
  228 ,   5701 : 1.9847949763441e+01 +(5e-02,8e-02) | 6.82e+02 |  9:6.8e-04  6:4.1e-02
  229 ,   5726 : 1.9854900105028e+01 +(3e-02,8e-02) | 6.91e+02 |  9:8.6e-04  6:5.2e-02
Iterat, #Fevals:   Function Value    (median,worst) |Axis Ratio|idx:Min SD idx:Max SD
  230 ,   5751 : 1.9853518057580e+01 +(3e-02,7e-02) | 6.84e+02 |  9:9.5e-04  6:5.7e-02
  231 ,   5776 : 1.9863084175038e+01 +(2e-02,6e-02) | 6.75e+02 |  9:9.2e-04  6:5.5e-02
  232 ,   5801 : 1.9855165882919e+01 +(3e-02,7e-02) | 6.81e+02 |  9:9.2e-04  6:5.7e-02
  233 ,   5826 : 1.9860010034137e+01 +(4e-02,6e-02) | 6.63e+02 |  9:8.6e-04  6:4.9e-02
  234 ,   5851 : 1.9861499743768e+01 +(3e-02,7e-02) | 6.73e+02 |  9:8.3e-04  6:4.9e-02
  235 ,   5876 : 1.9871520590463e+01 +(2e-02,5e-02) | 6.95e+02 |  9:7.4e-04  6:4.6e-02
  236 ,   5901 : 1.9847467115727e+01 +(4e-02,7e-02) | 7.00e+02 |  9:6.9e-04  6:4.3e-02
  237 ,   5926 : 1.9866136531395e+01 +(3e-02,6e-02) | 7.09e+02 |  9:7.5e-04  6:4.5e-02
  238 ,   5951 : 1.9850469030998e+01 +(4e-02,6e-02) | 7.53e+02 |  9:6.6e-04  6:4.2e-02
  239 ,   5976 : 1.9844945901220e+01 +(5e-02,8e-02) | 7.49e+02 |  9:6.4e-04  6:4.2e-02
Iterat, #Fevals:   Function Value    (median,worst) |Axis Ratio|idx:Min SD idx:Max SD
  240 ,   6001 : 1.9867529317403e+01 +(3e-02,7e-02) | 7.38e+02 |  9:6.6e-04  6:4.3e-02
  241 ,   6026 : 1.9855897342673e+01 +(4e-02,7e-02) | 6.83e+02 |  9:6.6e-04  6:4.3e-02
  242 ,   6051 : 1.9862447156264e+01 +(4e-02,8e-02) | 6.52e+02 |  9:6.9e-04  6:4.2e-02
  243 ,   6076 : 1.9861076095855e+01 +(3e-02,5e-02) | 6.15e+02 |  9:6.4e-04  6:3.8e-02
  244 ,   6101 : 1.9865884192991e+01 +(3e-02,6e-02) | 6.39e+02 |  9:6.6e-04  6:4.0e-02
  245 ,   6126 : 1.9866957955750e+01 +(2e-02,6e-02) | 6.58e+02 |  9:7.2e-04  6:4.1e-02
  246 ,   6151 : 1.9860469892404e+01 +(3e-02,7e-02) | 6.63e+02 |  9:6.5e-04  6:3.8e-02
  247 ,   6176 : 1.9860512978019e+01 +(4e-02,7e-02) | 6.81e+02 |  9:7.1e-04  6:4.3e-02
  248 ,   6201 : 1.9864119025609e+01 +(4e-02,5e-02) | 6.81e+02 |  9:7.3e-04  6:4.4e-02
  249 ,   6226 : 1.9858922184868e+01 +(3e-02,6e-02) | 6.93e+02 |  9:6.8e-04  6:4.1e-02
Iterat, #Fevals:   Function Value    (median,worst) |Axis Ratio|idx:Min SD idx:Max SD
  250 ,   6251 : 1.9874968870577e+01 +(2e-02,6e-02) | 7.37e+02 |  9:6.6e-04  6:4.2e-02
  251 ,   6276 : 1.9846744575991e+01 +(4e-02,8e-02) | 7.29e+02 |  9:5.8e-04  6:3.8e-02
  252 ,   6301 : 1.9863215946139e+01 +(3e-02,6e-02) | 7.38e+02 |  9:5.2e-04  6:3.4e-02
  253 ,   6326 : 1.9866111776510e+01 +(3e-02,5e-02) | 7.41e+02 |  9:4.9e-04  6:3.3e-02
  254 ,   6351 : 1.9856942741702e+01 +(4e-02,6e-02) | 7.55e+02 |  9:5.4e-04  6:3.6e-02
  255 ,   6376 : 1.9853670226848e+01 +(5e-02,8e-02) | 7.66e+02 |  9:4.5e-04  6:3.1e-02
  256 ,   6401 : 1.9854375645393e+01 +(5e-02,7e-02) | 7.69e+02 |  9:4.1e-04  6:2.8e-02
  257 ,   6426 : 1.9847879529032e+01 +(5e-02,6e-02) | 7.59e+02 |  9:4.0e-04  6:2.7e-02
  258 ,   6451 : 1.9856370526581e+01 +(3e-02,7e-02) | 7.37e+02 |  9:3.9e-04  6:2.5e-02
  259 ,   6476 : 1.9856782279330e+01 +(4e-02,7e-02) | 7.99e+02 |  9:3.6e-04  6:2.6e-02
Iterat, #Fevals:   Function Value    (median,worst) |Axis Ratio|idx:Min SD idx:Max SD
  260 ,   6501 : 1.9857574094522e+01 +(4e-02,7e-02) | 8.02e+02 |  9:4.1e-04  6:2.7e-02
  261 ,   6526 : 1.9864977569087e+01 +(3e-02,6e-02) | 8.16e+02 |  9:4.1e-04  6:2.8e-02
  262 ,   6551 : 1.9873518697974e+01 +(3e-02,5e-02) | 8.74e+02 |  9:4.3e-04  6:3.1e-02
  263 ,   6576 : 1.9867492375857e+01 +(3e-02,5e-02) | 9.03e+02 |  9:4.1e-04  6:2.9e-02
  264 ,   6601 : 1.9847457647690e+01 +(5e-02,7e-02) | 9.02e+02 |  9:4.1e-04  6:3.0e-02
  265 ,   6626 : 1.9856991959887e+01 +(4e-02,8e-02) | 8.79e+02 |  9:3.9e-04  6:2.9e-02
  266 ,   6651 : 1.9868928722128e+01 +(3e-02,7e-02) | 8.67e+02 |  9:3.9e-04  6:2.9e-02
  267 ,   6676 : 1.9859080941987e+01 +(4e-02,7e-02) | 8.69e+02 |  9:4.4e-04  6:3.1e-02
  268 ,   6701 : 1.9865482740029e+01 +(3e-02,5e-02) | 8.71e+02 |  9:4.3e-04  6:3.1e-02
  269 ,   6726 : 1.9856910730903e+01 +(2e-02,7e-02) | 8.36e+02 |  9:3.8e-04  6:2.7e-02
Iterat, #Fevals:   Function Value    (median,worst) |Axis Ratio|idx:Min SD idx:Max SD
  270 ,   6751 : 1.9851990778710e+01 +(4e-02,8e-02) | 8.55e+02 |  9:3.3e-04  6:2.3e-02
  271 ,   6776 : 1.9856399656543e+01 +(4e-02,7e-02) | 8.61e+02 |  9:3.7e-04  6:2.6e-02
  272 ,   6801 : 1.9847403975554e+01 +(5e-02,9e-02) | 9.19e+02 |  9:3.9e-04  6:2.7e-02
  273 ,   6826 : 1.9866895230755e+01 +(2e-02,6e-02) | 9.63e+02 |  9:3.9e-04  6:2.8e-02
  274 ,   6851 : 1.9861554440356e+01 +(3e-02,6e-02) | 1.03e+03 |  9:3.5e-04  6:2.6e-02
  275 ,   6876 : 1.9853879792037e+01 +(3e-02,6e-02) | 1.03e+03 |  9:3.1e-04  6:2.3e-02
  276 ,   6901 : 1.9857775258307e+01 +(3e-02,7e-02) | 1.09e+03 |  9:2.9e-04  6:2.3e-02
  277 ,   6926 : 1.9848984966639e+01 +(5e-02,9e-02) | 1.22e+03 |  9:2.9e-04  6:2.5e-02
  278 ,   6951 : 1.9867646860083e+01 +(3e-02,6e-02) | 1.27e+03 |  9:3.1e-04  6:2.8e-02
  279 ,   6976 : 1.9863274475923e+01 +(3e-02,7e-02) | 1.29e+03 |  9:2.9e-04  6:2.6e-02
Iterat, #Fevals:   Function Value    (median,worst) |Axis Ratio|idx:Min SD idx:Max SD
  280 ,   7001 : 1.9855229475876e+01 +(3e-02,6e-02) | 1.21e+03 |  9:2.8e-04  6:2.5e-02
  281 ,   7026 : 1.9850164465624e+01 +(5e-02,7e-02) | 1.18e+03 |  9:2.7e-04  6:2.4e-02
  282 ,   7051 : 1.9850343611520e+01 +(4e-02,6e-02) | 1.17e+03 |  9:2.8e-04  6:2.4e-02
  283 ,   7076 : 1.9850882350645e+01 +(4e-02,7e-02) | 1.19e+03 |  9:2.7e-04  6:2.4e-02
  284 ,   7101 : 1.9849230284194e+01 +(5e-02,8e-02) | 1.17e+03 |  9:2.6e-04  6:2.3e-02
  285 ,   7126 : 1.9869926755625e+01 +(3e-02,5e-02) | 1.19e+03 |  9:2.4e-04  6:2.2e-02
  286 ,   7151 : 1.9855748944516e+01 +(5e-02,7e-02) | 1.27e+03 |  9:2.3e-04  6:2.3e-02
  287 ,   7176 : 1.9853394256169e+01 +(4e-02,6e-02) | 1.25e+03 |  9:2.0e-04  6:1.9e-02
  288 ,   7201 : 1.9864638181212e+01 +(3e-02,7e-02) | 1.26e+03 |  9:1.8e-04  6:1.8e-02
  289 ,   7226 : 1.9858057237643e+01 +(4e-02,6e-02) | 1.24e+03 |  9:1.8e-04  6:1.8e-02
Iterat, #Fevals:   Function Value    (median,worst) |Axis Ratio|idx:Min SD idx:Max SD
  290 ,   7251 : 1.9850207233937e+01 +(5e-02,7e-02) | 1.23e+03 |  9:1.9e-04  6:1.9e-02
  291 ,   7276 : 1.9857873962322e+01 +(3e-02,7e-02) | 1.24e+03 |  9:2.0e-04  6:2.2e-02
  292 ,   7301 : 1.9856785578310e+01 +(3e-02,7e-02) | 1.30e+03 |  9:2.5e-04  6:2.6e-02
  293 ,   7326 : 1.9869471633681e+01 +(3e-02,6e-02) | 1.27e+03 |  9:2.7e-04  6:2.8e-02
  294 ,   7351 : 1.9862914313741e+01 +(3e-02,7e-02) | 1.28e+03 |  9:3.4e-04  6:3.2e-02
  295 ,   7376 : 1.9859830690972e+01 +(3e-02,6e-02) | 1.29e+03 |  9:3.2e-04  6:3.0e-02
  296 ,   7401 : 1.9856971479026e+01 +(3e-02,8e-02) | 1.28e+03 |  9:3.1e-04  6:2.7e-02
  297 ,   7426 : 1.9873356409671e+01 +(2e-02,5e-02) | 1.25e+03 |  9:2.8e-04  6:2.5e-02
  298 ,   7451 : 1.9857375192093e+01 +(5e-02,7e-02) | 1.28e+03 |  9:2.8e-04  6:2.5e-02
  299 ,   7476 : 1.9860699873373e+01 +(3e-02,6e-02) | 1.19e+03 |  9:2.7e-04  6:2.5e-02
Iterat, #Fevals:   Function Value    (median,worst) |Axis Ratio|idx:Min SD idx:Max SD
  300 ,   7501 : 1.9865736332729e+01 +(3e-02,6e-02) | 1.10e+03 |  9:2.9e-04  6:2.6e-02
  301 ,   7526 : 1.9858224418246e+01 +(3e-02,7e-02) | 1.17e+03 |  9:3.0e-04  6:2.7e-02
  302 ,   7551 : 1.9856794374295e+01 +(3e-02,7e-02) | 1.17e+03 |  9:3.2e-04  6:2.8e-02
  303 ,   7576 : 1.9859695380528e+01 +(3e-02,8e-02) | 1.21e+03 |  9:3.5e-04  6:3.2e-02
  304 ,   7601 : 1.9854757119368e+01 +(3e-02,6e-02) | 1.15e+03 |  9:3.3e-04  6:3.0e-02
  305 ,   7626 : 1.9863022047230e+01 +(3e-02,5e-02) | 1.06e+03 |  9:3.4e-04  6:2.9e-02
  306 ,   7651 : 1.9862377953641e+01 +(4e-02,7e-02) | 1.08e+03 |  9:3.6e-04  6:3.1e-02
  307 ,   7676 : 1.9848707800751e+01 +(4e-02,7e-02) | 1.08e+03 |  9:3.7e-04  6:3.1e-02
  308 ,   7701 : 1.9859261272163e+01 +(4e-02,8e-02) | 1.10e+03 |  9:3.3e-04  6:2.9e-02
  309 ,   7726 : 1.9863224470205e+01 +(3e-02,7e-02) | 1.13e+03 |  9:3.1e-04  6:2.7e-02
Iterat, #Fevals:   Function Value    (median,worst) |Axis Ratio|idx:Min SD idx:Max SD
  310 ,   7751 : 1.9854439911463e+01 +(3e-02,6e-02) | 1.12e+03 |  9:3.4e-04  6:2.9e-02
  311 ,   7776 : 1.9867050705226e+01 +(3e-02,5e-02) | 1.14e+03 |  9:3.5e-04  6:3.2e-02
  312 ,   7801 : 1.9859709671271e+01 +(3e-02,5e-02) | 1.14e+03 |  9:2.9e-04  6:2.7e-02
  313 ,   7826 : 1.9856373226957e+01 +(3e-02,6e-02) | 1.14e+03 |  9:3.1e-04  6:3.0e-02
  314 ,   7851 : 1.9847699627833e+01 +(4e-02,8e-02) | 1.22e+03 |  9:3.2e-04  6:3.1e-02
  315 ,   7876 : 1.9852832702889e+01 +(4e-02,8e-02) | 1.27e+03 |  9:3.0e-04  6:3.1e-02
  316 ,   7901 : 1.9851507461654e+01 +(4e-02,8e-02) | 1.20e+03 |  9:3.3e-04  6:3.3e-02
  317 ,   7926 : 1.9855900055992e+01 +(3e-02,6e-02) | 1.19e+03 |  9:2.9e-04  6:2.8e-02
  318 ,   7951 : 1.9850280065474e+01 +(5e-02,7e-02) | 1.13e+03 |  9:3.3e-04  6:3.1e-02
  319 ,   7976 : 1.9850949622211e+01 +(3e-02,7e-02) | 1.08e+03 |  9:3.7e-04  6:3.3e-02
Iterat, #Fevals:   Function Value    (median,worst) |Axis Ratio|idx:Min SD idx:Max SD
  320 ,   8001 : 1.9858031793462e+01 +(3e-02,6e-02) | 1.05e+03 |  9:3.5e-04  6:3.0e-02
  321 ,   8026 : 1.9844512701009e+01 +(4e-02,8e-02) | 1.02e+03 |  9:3.1e-04  6:2.7e-02
  322 ,   8051 : 1.9862896556542e+01 +(3e-02,5e-02) | 1.05e+03 |  9:2.7e-04  6:2.3e-02
  323 ,   8076 : 1.9844923754552e+01 +(5e-02,9e-02) | 1.07e+03 |  9:2.4e-04  6:2.1e-02
  324 ,   8101 : 1.9867288371369e+01 +(3e-02,4e-02) | 1.08e+03 |  9:2.3e-04  6:1.9e-02
  325 ,   8126 : 1.9859279617732e+01 +(3e-02,8e-02) | 1.10e+03 |  9:2.1e-04  6:1.8e-02
  326 ,   8151 : 1.9851290976975e+01 +(5e-02,8e-02) | 1.12e+03 |  9:2.0e-04  6:1.8e-02
  327 ,   8176 : 1.9858426678795e+01 +(3e-02,6e-02) | 1.19e+03 |  9:2.2e-04  6:2.0e-02
  328 ,   8201 : 1.9858749449974e+01 +(4e-02,6e-02) | 1.24e+03 |  9:2.1e-04  6:1.9e-02
  329 ,   8226 : 1.9857398357653e+01 +(4e-02,6e-02) | 1.24e+03 |  9:2.4e-04  6:2.0e-02
Iterat, #Fevals:   Function Value    (median,worst) |Axis Ratio|idx:Min SD idx:Max SD
  330 ,   8251 : 1.9852186180429e+01 +(3e-02,5e-02) | 1.13e+03 |  9:2.5e-04  6:2.1e-02
  331 ,   8276 : 1.9867702240663e+01 +(2e-02,5e-02) | 1.15e+03 |  9:2.5e-04  6:2.2e-02
  332 ,   8301 : 1.9877100588346e+01 +(2e-02,4e-02) | 1.09e+03 |  9:2.4e-04  6:2.0e-02
  333 ,   8326 : 1.9843185809818e+01 +(5e-02,8e-02) | 1.08e+03 |  9:2.4e-04  6:2.0e-02
  334 ,   8351 : 1.9874240292563e+01 +(3e-02,5e-02) | 1.08e+03 |  9:2.5e-04  6:2.0e-02
  335 ,   8376 : 1.9852281449135e+01 +(3e-02,7e-02) | 1.08e+03 |  9:2.5e-04  6:2.0e-02
  336 ,   8401 : 1.9855578021217e+01 +(4e-02,7e-02) | 1.08e+03 |  9:2.5e-04  6:2.1e-02
  337 ,   8426 : 1.9856023905497e+01 +(4e-02,6e-02) | 1.06e+03 |  9:2.5e-04  6:2.1e-02
  338 ,   8451 : 1.9856917612156e+01 +(3e-02,7e-02) | 1.07e+03 |  9:2.2e-04  6:1.8e-02
  339 ,   8476 : 1.9863504975540e+01 +(2e-02,5e-02) | 1.11e+03 |  9:2.4e-04  6:1.9e-02
Iterat, #Fevals:   Function Value    (median,worst) |Axis Ratio|idx:Min SD idx:Max SD
  340 ,   8501 : 1.9857448682702e+01 +(3e-02,7e-02) | 1.06e+03 |  9:2.6e-04  6:2.0e-02
  341 ,   8526 : 1.9859390627062e+01 +(3e-02,7e-02) | 1.04e+03 |  9:3.2e-04  6:2.2e-02
  342 ,   8551 : 1.9858179551467e+01 +(4e-02,6e-02) | 1.07e+03 |  9:3.3e-04  6:2.3e-02
  343 ,   8576 : 1.9865946184531e+01 +(2e-02,4e-02) | 1.03e+03 |  9:3.4e-04  6:2.3e-02
  344 ,   8601 : 1.9860733553123e+01 +(3e-02,6e-02) | 1.02e+03 |  9:3.5e-04  6:2.2e-02
  345 ,   8626 : 1.9861053407231e+01 +(3e-02,6e-02) | 1.04e+03 |  9:3.3e-04  6:2.1e-02
  346 ,   8651 : 1.9858256610408e+01 +(3e-02,7e-02) | 1.08e+03 |  9:3.5e-04  6:2.2e-02
  347 ,   8676 : 1.9863206114771e+01 +(2e-02,6e-02) | 1.10e+03 |  9:3.3e-04  6:2.1e-02
  348 ,   8701 : 1.9850175908502e+01 +(5e-02,7e-02) | 1.12e+03 |  9:3.3e-04  6:2.1e-02
  349 ,   8726 : 1.9851452983325e+01 +(3e-02,7e-02) | 1.07e+03 |  9:4.1e-04  6:2.3e-02
Iterat, #Fevals:   Function Value    (median,worst) |Axis Ratio|idx:Min SD idx:Max SD
  350 ,   8751 : 1.9850608472462e+01 +(4e-02,8e-02) | 1.09e+03 |  9:3.8e-04  6:2.2e-02
  351 ,   8776 : 1.9844735396450e+01 +(5e-02,7e-02) | 1.08e+03 |  9:4.2e-04  6:2.5e-02
  352 ,   8801 : 1.9852334305914e+01 +(4e-02,7e-02) | 1.10e+03 |  9:4.5e-04  6:2.6e-02
  353 ,   8826 : 1.9854605683824e+01 +(4e-02,7e-02) | 1.10e+03 |  9:4.8e-04  6:2.8e-02
  354 ,   8851 : 1.9856349050382e+01 +(2e-02,6e-02) | 1.08e+03 |  9:4.9e-04  6:2.9e-02
  355 ,   8876 : 1.9857486550347e+01 +(3e-02,6e-02) | 1.07e+03 |  9:5.0e-04  6:2.8e-02
  356 ,   8901 : 1.9849090744765e+01 +(4e-02,7e-02) | 1.06e+03 |  9:4.6e-04  6:2.6e-02
  357 ,   8926 : 1.9845920222976e+01 +(4e-02,7e-02) | 1.03e+03 |  9:4.6e-04  6:2.5e-02
  358 ,   8951 : 1.9849816879132e+01 +(4e-02,8e-02) | 1.02e+03 |  9:4.1e-04  6:2.2e-02
  359 ,   8976 : 1.9856107853986e+01 +(3e-02,8e-02) | 1.02e+03 |  9:4.0e-04  6:2.2e-02
Iterat, #Fevals:   Function Value    (median,worst) |Axis Ratio|idx:Min SD idx:Max SD
  360 ,   9001 : 1.9858330140841e+01 +(4e-02,6e-02) | 9.79e+02 |  9:3.6e-04  6:1.9e-02
  361 ,   9026 : 1.9860429133606e+01 +(3e-02,6e-02) | 9.69e+02 |  9:3.4e-04  6:1.8e-02
  362 ,   9051 : 1.9871745253548e+01 +(3e-02,5e-02) | 9.39e+02 |  9:3.0e-04  6:1.5e-02
  363 ,   9076 : 1.9869782845817e+01 +(2e-02,6e-02) | 9.63e+02 |  9:2.7e-04  6:1.4e-02
  364 ,   9101 : 1.9862264814403e+01 +(3e-02,7e-02) | 9.93e+02 |  9:2.7e-04  6:1.4e-02
  365 ,   9126 : 1.9855373837420e+01 +(4e-02,7e-02) | 1.00e+03 |  9:3.0e-04  6:1.4e-02
  366 ,   9151 : 1.9852702901422e+01 +(4e-02,7e-02) | 1.01e+03 |  9:2.9e-04  6:1.4e-02
  367 ,   9176 : 1.9869000021634e+01 +(3e-02,6e-02) | 1.02e+03 |  9:2.7e-04  6:1.3e-02
  368 ,   9201 : 1.9859514592176e+01 +(3e-02,6e-02) | 1.10e+03 |  9:2.5e-04  6:1.3e-02
  369 ,   9226 : 1.9871109469474e+01 +(3e-02,5e-02) | 1.13e+03 |  9:2.3e-04  6:1.2e-02
Iterat, #Fevals:   Function Value    (median,worst) |Axis Ratio|idx:Min SD idx:Max SD
  370 ,   9251 : 1.9847319327080e+01 +(4e-02,7e-02) | 1.08e+03 |  9:2.5e-04  6:1.3e-02
  371 ,   9276 : 1.9860671233039e+01 +(4e-02,7e-02) | 1.06e+03 |  9:2.6e-04  6:1.3e-02
  372 ,   9301 : 1.9868924540982e+01 +(3e-02,5e-02) | 1.07e+03 |  9:2.8e-04  6:1.5e-02
  373 ,   9326 : 1.9867733565980e+01 +(3e-02,5e-02) | 1.11e+03 |  9:3.2e-04  6:1.7e-02
  374 ,   9351 : 1.9860053598155e+01 +(3e-02,6e-02) | 1.10e+03 |  9:3.3e-04  6:1.7e-02
  375 ,   9376 : 1.9855594055035e+01 +(4e-02,8e-02) | 1.12e+03 |  9:3.0e-04  6:1.6e-02
  376 ,   9401 : 1.9866154657542e+01 +(3e-02,6e-02) | 1.15e+03 |  9:3.1e-04  6:1.7e-02
  377 ,   9426 : 1.9855040599410e+01 +(4e-02,9e-02) | 1.15e+03 |  9:3.2e-04  6:1.7e-02
  378 ,   9451 : 1.9858914100675e+01 +(3e-02,6e-02) | 1.06e+03 |  9:3.0e-04  6:1.6e-02
  379 ,   9476 : 1.9850780132845e+01 +(4e-02,7e-02) | 1.04e+03 |  9:2.9e-04  6:1.6e-02
Iterat, #Fevals:   Function Value    (median,worst) |Axis Ratio|idx:Min SD idx:Max SD
  380 ,   9501 : 1.9851713183927e+01 +(4e-02,6e-02) | 1.02e+03 |  9:2.8e-04  6:1.6e-02
  381 ,   9526 : 1.9858802165395e+01 +(3e-02,6e-02) | 9.73e+02 |  9:2.8e-04  6:1.5e-02
  382 ,   9551 : 1.9855901402350e+01 +(2e-02,7e-02) | 1.02e+03 |  9:2.7e-04  6:1.5e-02
  383 ,   9576 : 1.9866197722864e+01 +(2e-02,5e-02) | 1.04e+03 |  9:2.6e-04  6:1.4e-02
  384 ,   9601 : 1.9851056354551e+01 +(4e-02,7e-02) | 1.09e+03 |  9:2.7e-04  6:1.4e-02
  385 ,   9626 : 1.9846202494909e+01 +(4e-02,8e-02) | 1.12e+03 |  9:2.4e-04  6:1.2e-02
  386 ,   9651 : 1.9870311758555e+01 +(2e-02,4e-02) | 1.08e+03 |  9:2.5e-04  6:1.3e-02
  387 ,   9676 : 1.9862762398149e+01 +(3e-02,5e-02) | 1.09e+03 |  9:2.5e-04  6:1.3e-02
  388 ,   9701 : 1.9847197379305e+01 +(4e-02,7e-02) | 1.08e+03 |  9:2.2e-04  6:1.1e-02
  389 ,   9726 : 1.9851947683308e+01 +(4e-02,7e-02) | 1.06e+03 |  9:2.3e-04  6:1.2e-02
Iterat, #Fevals:   Function Value    (median,worst) |Axis Ratio|idx:Min SD idx:Max SD
  390 ,   9751 : 1.9865090398947e+01 +(3e-02,7e-02) | 1.08e+03 |  9:2.3e-04  6:1.2e-02
  391 ,   9776 : 1.9859124445266e+01 +(3e-02,6e-02) | 1.03e+03 |  9:2.0e-04  6:1.0e-02
  392 ,   9801 : 1.9859390137324e+01 +(3e-02,6e-02) | 1.09e+03 |  9:2.1e-04  6:1.1e-02
  393 ,   9826 : 1.9842982574135e+01 +(5e-02,7e-02) | 1.10e+03 |  9:2.2e-04  6:1.2e-02
  394 ,   9851 : 1.9864263095658e+01 +(3e-02,5e-02) | 1.10e+03 |  9:2.3e-04  6:1.2e-02
  395 ,   9876 : 1.9863782943126e+01 +(2e-02,5e-02) | 1.14e+03 |  9:2.1e-04  6:1.2e-02
  396 ,   9901 : 1.9847266886260e+01 +(5e-02,8e-02) | 1.17e+03 |  9:2.0e-04  6:1.1e-02
  397 ,   9926 : 1.9854504367618e+01 +(4e-02,7e-02) | 1.24e+03 |  9:2.0e-04  6:1.1e-02
  398 ,   9951 : 1.9851185524779e+01 +(4e-02,6e-02) | 1.21e+03 |  9:1.8e-04  6:9.6e-03
  399 ,   9976 : 1.9853408978519e+01 +(4e-02,8e-02) | 1.19e+03 |  9:1.7e-04  6:9.1e-03
Iterat, #Fevals:   Function Value    (median,worst) |Axis Ratio|idx:Min SD idx:Max SD
  400 ,  10001 : 1.9847075207516e+01 +(5e-02,7e-02) | 1.15e+03 |  9:1.7e-04  6:9.2e-03
  401 ,  10026 : 1.9861644555496e+01 +(3e-02,6e-02) | 1.23e+03 |  9:1.9e-04  6:1.1e-02
  402 ,  10051 : 1.9859078589706e+01 +(4e-02,7e-02) | 1.30e+03 |  9:2.0e-04  6:1.1e-02
  403 ,  10076 : 1.9853377216848e+01 +(4e-02,6e-02) | 1.31e+03 |  9:1.8e-04  6:9.9e-03
  404 ,  10101 : 1.9859900463611e+01 +(3e-02,6e-02) | 1.31e+03 |  9:1.9e-04  6:1.0e-02
  405 ,  10126 : 1.9859270629778e+01 +(3e-02,6e-02) | 1.29e+03 |  9:2.0e-04  6:1.0e-02
  406 ,  10151 : 1.9848405393396e+01 +(4e-02,7e-02) | 1.44e+03 |  9:2.4e-04  6:1.4e-02
  407 ,  10176 : 1.9858864644522e+01 +(3e-02,7e-02) | 1.48e+03 |  9:2.4e-04  6:1.4e-02
  408 ,  10201 : 1.9846454345689e+01 +(5e-02,8e-02) | 1.55e+03 |  9:2.4e-04  6:1.3e-02
  409 ,  10226 : 1.9863837995153e+01 +(3e-02,6e-02) | 1.64e+03 |  8:2.7e-04  6:1.5e-02
Iterat, #Fevals:   Function Value    (median,worst) |Axis Ratio|idx:Min SD idx:Max SD
  410 ,  10251 : 1.9846025971262e+01 +(4e-02,8e-02) | 1.64e+03 |  8:2.5e-04  6:1.5e-02
  411 ,  10276 : 1.9856299202500e+01 +(3e-02,6e-02) | 1.63e+03 |  8:2.2e-04  6:1.3e-02
  412 ,  10301 : 1.9857320133003e+01 +(4e-02,7e-02) | 1.69e+03 |  8:2.4e-04  6:1.4e-02
  413 ,  10326 : 1.9867228809600e+01 +(2e-02,6e-02) | 1.83e+03 |  8:2.6e-04  6:1.6e-02
  414 ,  10351 : 1.9860686670702e+01 +(4e-02,7e-02) | 1.72e+03 |  8:2.6e-04  6:1.6e-02
  415 ,  10376 : 1.9865647019536e+01 +(3e-02,5e-02) | 1.70e+03 |  8:2.7e-04  6:1.6e-02
  416 ,  10401 : 1.9859294727956e+01 +(4e-02,6e-02) | 1.74e+03 |  8:3.1e-04  6:1.8e-02
  417 ,  10426 : 1.9875502035834e+01 +(2e-02,5e-02) | 1.77e+03 |  9:3.8e-04  6:2.1e-02
  418 ,  10451 : 1.9857819040256e+01 +(4e-02,7e-02) | 1.70e+03 |  9:3.8e-04  6:2.1e-02
  419 ,  10476 : 1.9859105653593e+01 +(3e-02,7e-02) | 1.69e+03 |  9:4.3e-04  6:2.4e-02
Iterat, #Fevals:   Function Value    (median,worst) |Axis Ratio|idx:Min SD idx:Max SD
  420 ,  10501 : 1.9859620049929e+01 +(2e-02,5e-02) | 1.61e+03 |  8:4.7e-04  6:2.6e-02
  421 ,  10526 : 1.9844568564336e+01 +(5e-02,8e-02) | 1.65e+03 |  8:5.0e-04  6:2.9e-02
  422 ,  10551 : 1.9863205745819e+01 +(3e-02,6e-02) | 1.70e+03 |  9:5.4e-04  6:3.0e-02
  423 ,  10576 : 1.9851711479843e+01 +(4e-02,8e-02) | 1.71e+03 |  9:5.4e-04  6:3.0e-02
  424 ,  10601 : 1.9851386590807e+01 +(4e-02,6e-02) | 1.66e+03 |  9:5.1e-04  6:2.8e-02
  425 ,  10626 : 1.9849617709420e+01 +(4e-02,8e-02) | 1.73e+03 |  9:5.2e-04  6:3.1e-02
  426 ,  10651 : 1.9852537221024e+01 +(4e-02,6e-02) | 1.72e+03 |  9:5.2e-04  6:3.1e-02
  427 ,  10676 : 1.9865937420207e+01 +(2e-02,7e-02) | 1.69e+03 |  9:4.6e-04  6:2.8e-02
  428 ,  10701 : 1.9850170011918e+01 +(4e-02,7e-02) | 1.70e+03 |  9:4.4e-04  6:2.7e-02
  429 ,  10726 : 1.9858015404147e+01 +(2e-02,5e-02) | 1.69e+03 |  9:3.7e-04  6:2.2e-02
Iterat, #Fevals:   Function Value    (median,worst) |Axis Ratio|idx:Min SD idx:Max SD
  430 ,  10751 : 1.9845831745121e+01 +(4e-02,7e-02) | 1.65e+03 |  9:3.5e-04  6:2.1e-02
  431 ,  10776 : 1.9841896498023e+01 +(5e-02,6e-02) | 1.59e+03 |  9:3.9e-04  6:2.3e-02
  432 ,  10801 : 1.9855551449308e+01 +(4e-02,7e-02) | 1.57e+03 |  9:4.6e-04  6:2.7e-02
  433 ,  10826 : 1.9858090782964e+01 +(3e-02,6e-02) | 1.54e+03 |  9:4.7e-04  6:2.8e-02
  434 ,  10851 : 1.9858725264487e+01 +(3e-02,5e-02) | 1.54e+03 |  9:4.0e-04  6:2.4e-02
  435 ,  10876 : 1.9868191424390e+01 +(3e-02,7e-02) | 1.63e+03 |  9:4.3e-04  6:2.5e-02
  436 ,  10901 : 1.9851721189097e+01 +(3e-02,7e-02) | 1.68e+03 |  9:4.3e-04  6:2.4e-02
  437 ,  10926 : 1.9864031447768e+01 +(3e-02,5e-02) | 1.68e+03 |  9:3.9e-04  6:2.2e-02
  438 ,  10951 : 1.9846888734909e+01 +(4e-02,7e-02) | 1.75e+03 |  9:3.9e-04  6:2.2e-02
  439 ,  10976 : 1.9848270509986e+01 +(4e-02,8e-02) | 1.66e+03 |  9:4.4e-04  6:2.5e-02
Iterat, #Fevals:   Function Value    (median,worst) |Axis Ratio|idx:Min SD idx:Max SD
  440 ,  11001 : 1.9837448068023e+01 +(5e-02,8e-02) | 1.68e+03 |  9:4.2e-04  6:2.4e-02
  441 ,  11026 : 1.9859547663220e+01 +(3e-02,6e-02) | 1.68e+03 |  9:4.1e-04  6:2.4e-02
  442 ,  11051 : 1.9851455116928e+01 +(4e-02,7e-02) | 1.80e+03 |  9:4.3e-04  6:2.5e-02
  443 ,  11076 : 1.9858229995323e+01 +(2e-02,6e-02) | 1.84e+03 |  9:4.1e-04  6:2.5e-02
  444 ,  11101 : 1.9848932703794e+01 +(4e-02,8e-02) | 1.93e+03 |  9:3.9e-04  6:2.4e-02
  445 ,  11126 : 1.9854324875163e+01 +(4e-02,6e-02) | 1.99e+03 |  9:3.6e-04  6:2.2e-02
  446 ,  11151 : 1.9848285674734e+01 +(4e-02,7e-02) | 2.16e+03 |  9:3.9e-04  6:2.5e-02
  447 ,  11176 : 1.9854768960325e+01 +(4e-02,6e-02) | 2.11e+03 |  9:4.2e-04  6:2.6e-02
  448 ,  11201 : 1.9871995113932e+01 +(3e-02,5e-02) | 2.07e+03 |  9:4.4e-04  6:2.7e-02
  449 ,  11226 : 1.9849424526317e+01 +(4e-02,6e-02) | 2.14e+03 |  9:4.2e-04  6:2.7e-02
Iterat, #Fevals:   Function Value    (median,worst) |Axis Ratio|idx:Min SD idx:Max SD
  450 ,  11251 : 1.9866747545537e+01 +(2e-02,5e-02) | 2.08e+03 |  9:3.7e-04  6:2.3e-02
  451 ,  11276 : 1.9861705809098e+01 +(3e-02,4e-02) | 2.03e+03 |  9:3.3e-04  6:2.2e-02
  452 ,  11301 : 1.9862322754485e+01 +(3e-02,5e-02) | 2.02e+03 |  9:3.0e-04  6:2.0e-02
  453 ,  11326 : 1.9867628470888e+01 +(2e-02,4e-02) | 2.11e+03 |  9:2.8e-04  6:1.8e-02
  454 ,  11351 : 1.9850954675299e+01 +(4e-02,5e-02) | 2.18e+03 |  9:2.9e-04  6:2.0e-02
  455 ,  11376 : 1.9856003546056e+01 +(3e-02,7e-02) | 2.18e+03 |  9:2.7e-04  6:1.8e-02
  456 ,  11401 : 1.9844587341655e+01 +(5e-02,7e-02) | 2.30e+03 |  9:2.8e-04  6:2.0e-02
  457 ,  11426 : 1.9862373405325e+01 +(3e-02,5e-02) | 2.39e+03 |  9:2.7e-04  6:1.9e-02
  458 ,  11451 : 1.9860946909638e+01 +(3e-02,6e-02) | 2.44e+03 |  9:2.5e-04  6:1.8e-02
  459 ,  11476 : 1.9849189204597e+01 +(4e-02,6e-02) | 2.42e+03 |  9:2.5e-04  6:1.7e-02
Iterat, #Fevals:   Function Value    (median,worst) |Axis Ratio|idx:Min SD idx:Max SD
  460 ,  11501 : 1.9852141933207e+01 +(4e-02,6e-02) | 2.58e+03 |  9:3.3e-04  6:2.3e-02
  461 ,  11526 : 1.9855672437200e+01 +(3e-02,5e-02) | 2.37e+03 |  9:3.7e-04  6:2.5e-02
  462 ,  11551 : 1.9862175403426e+01 +(3e-02,5e-02) | 2.37e+03 |  9:3.7e-04  6:2.5e-02
  463 ,  11576 : 1.9852350881818e+01 +(3e-02,7e-02) | 2.28e+03 |  9:3.3e-04  6:2.3e-02
  464 ,  11601 : 1.9848258440855e+01 +(5e-02,7e-02) | 2.35e+03 |  9:3.0e-04  6:2.1e-02
  465 ,  11626 : 1.9861239520696e+01 +(3e-02,6e-02) | 2.38e+03 |  9:2.5e-04  6:1.8e-02
  466 ,  11651 : 1.9852969961665e+01 +(3e-02,6e-02) | 2.36e+03 |  9:2.1e-04  6:1.5e-02
  467 ,  11676 : 1.9843767546193e+01 +(4e-02,8e-02) | 2.43e+03 |  9:1.8e-04  6:1.3e-02
  468 ,  11701 : 1.9843952384414e+01 +(5e-02,7e-02) | 2.42e+03 |  9:1.6e-04  6:1.2e-02
  469 ,  11726 : 1.9862089201465e+01 +(2e-02,5e-02) | 2.64e+03 |  9:1.8e-04  6:1.3e-02
Iterat, #Fevals:   Function Value    (median,worst) |Axis Ratio|idx:Min SD idx:Max SD
  470 ,  11751 : 1.9861426073885e+01 +(3e-02,6e-02) | 2.79e+03 |  9:1.9e-04  6:1.4e-02
  471 ,  11776 : 1.9847426198395e+01 +(4e-02,7e-02) | 2.73e+03 |  9:1.8e-04  6:1.3e-02
  472 ,  11801 : 1.9861888694944e+01 +(3e-02,5e-02) | 2.76e+03 |  9:1.7e-04  6:1.3e-02
  473 ,  11826 : 1.9850334194375e+01 +(4e-02,7e-02) | 2.80e+03 |  9:1.7e-04  6:1.3e-02
  474 ,  11851 : 1.9854903045754e+01 +(4e-02,6e-02) | 2.77e+03 |  9:1.7e-04  6:1.2e-02
  475 ,  11876 : 1.9849674916308e+01 +(3e-02,6e-02) | 2.85e+03 |  9:1.7e-04  6:1.3e-02
  476 ,  11901 : 1.9860781073594e+01 +(3e-02,6e-02) | 2.80e+03 |  9:1.6e-04  6:1.2e-02
  477 ,  11926 : 1.9865741334222e+01 +(3e-02,5e-02) | 2.82e+03 |  8:1.5e-04  6:1.1e-02
  478 ,  11951 : 1.9844144616876e+01 +(4e-02,8e-02) | 2.84e+03 |  9:1.3e-04  6:9.5e-03
  479 ,  11976 : 1.9860728455966e+01 +(2e-02,6e-02) | 2.92e+03 |  9:1.3e-04  6:9.5e-03
Iterat, #Fevals:   Function Value    (median,worst) |Axis Ratio|idx:Min SD idx:Max SD
  480 ,  12001 : 1.9850340323226e+01 +(4e-02,7e-02) | 2.75e+03 |  9:1.4e-04  6:9.6e-03
  481 ,  12026 : 1.9863467350305e+01 +(3e-02,5e-02) | 2.73e+03 |  9:1.2e-04  6:8.9e-03
  482 ,  12051 : 1.9865944676557e+01 +(3e-02,5e-02) | 3.03e+03 |  9:1.4e-04  6:1.1e-02
  483 ,  12076 : 1.9859347713848e+01 +(3e-02,5e-02) | 3.03e+03 |  9:1.6e-04  6:1.2e-02
  484 ,  12101 : 1.9863121611854e+01 +(2e-02,6e-02) | 3.10e+03 |  9:1.7e-04  6:1.3e-02
  485 ,  12126 : 1.9868658763729e+01 +(2e-02,6e-02) | 3.14e+03 |  9:2.0e-04  6:1.5e-02
  486 ,  12151 : 1.9866387598164e+01 +(2e-02,6e-02) | 3.18e+03 |  9:2.3e-04  6:1.7e-02
  487 ,  12176 : 1.9852106932945e+01 +(4e-02,6e-02) | 3.24e+03 |  9:2.2e-04  6:1.6e-02
  488 ,  12201 : 1.9850644947284e+01 +(4e-02,7e-02) | 3.43e+03 |  9:2.4e-04  6:1.8e-02
  489 ,  12226 : 1.9869507785645e+01 +(2e-02,6e-02) | 3.53e+03 |  9:2.5e-04  6:1.9e-02
Iterat, #Fevals:   Function Value    (median,worst) |Axis Ratio|idx:Min SD idx:Max SD
  490 ,  12251 : 1.9871779878656e+01 +(2e-02,5e-02) | 3.34e+03 |  9:2.6e-04  6:2.0e-02
  491 ,  12276 : 1.9867400586838e+01 +(3e-02,5e-02) | 3.24e+03 |  9:2.6e-04  6:2.0e-02
  492 ,  12301 : 1.9847834602426e+01 +(5e-02,7e-02) | 3.41e+03 |  9:2.4e-04  6:1.9e-02
  493 ,  12326 : 1.9849202338615e+01 +(4e-02,7e-02) | 3.44e+03 |  9:2.2e-04  6:1.7e-02
  494 ,  12351 : 1.9848973680268e+01 +(4e-02,7e-02) | 3.37e+03 |  9:2.1e-04  6:1.6e-02
  495 ,  12376 : 1.9851934000107e+01 +(4e-02,7e-02) | 3.29e+03 |  9:2.0e-04  6:1.6e-02
  496 ,  12401 : 1.9859903398764e+01 +(3e-02,5e-02) | 3.40e+03 |  9:2.2e-04  6:1.7e-02
  497 ,  12426 : 1.9859381723747e+01 +(3e-02,6e-02) | 3.37e+03 |  9:2.0e-04  6:1.6e-02
  498 ,  12451 : 1.9857466523398e+01 +(3e-02,6e-02) | 3.33e+03 |  9:1.9e-04  6:1.5e-02
  499 ,  12476 : 1.9857476095289e+01 +(4e-02,6e-02) | 3.19e+03 |  9:1.9e-04  6:1.5e-02
Iterat, #Fevals:   Function Value    (median,worst) |Axis Ratio|idx:Min SD idx:Max SD
  500 ,  12501 : 1.9853584031178e+01 +(4e-02,6e-02) | 3.18e+03 |  9:1.9e-04  6:1.5e-02
  501 ,  12526 : 1.9852791582620e+01 +(3e-02,7e-02) | 3.23e+03 |  9:1.8e-04  6:1.5e-02
  502 ,  12551 : 1.9851645555827e+01 +(4e-02,6e-02) | 3.18e+03 |  9:1.7e-04  6:1.4e-02
  503 ,  12576 : 1.9856462246614e+01 +(3e-02,9e-02) | 3.46e+03 |  9:1.9e-04  6:1.5e-02
  504 ,  12601 : 1.9848813261291e+01 +(3e-02,7e-02) | 3.38e+03 |  9:1.7e-04  6:1.4e-02
  505 ,  12626 : 1.9844568287899e+01 +(4e-02,8e-02) | 3.36e+03 |  9:1.9e-04  6:1.5e-02
  506 ,  12651 : 1.9848460419395e+01 +(4e-02,7e-02) | 3.36e+03 |  9:1.8e-04  6:1.4e-02
  507 ,  12676 : 1.9841979420682e+01 +(4e-02,8e-02) | 3.43e+03 |  9:1.9e-04  6:1.5e-02
  508 ,  12701 : 1.9850949973439e+01 +(4e-02,8e-02) | 3.33e+03 |  9:1.7e-04  6:1.3e-02
  509 ,  12726 : 1.9854375281243e+01 +(4e-02,7e-02) | 3.33e+03 |  9:1.5e-04  6:1.2e-02
Iterat, #Fevals:   Function Value    (median,worst) |Axis Ratio|idx:Min SD idx:Max SD
  510 ,  12751 : 1.9856446807196e+01 +(4e-02,6e-02) | 3.45e+03 |  9:1.4e-04  6:1.1e-02
  511 ,  12776 : 1.9860484613003e+01 +(4e-02,6e-02) | 3.61e+03 |  9:1.5e-04  6:1.2e-02
  512 ,  12801 : 1.9859217048625e+01 +(3e-02,5e-02) | 3.66e+03 |  9:1.4e-04  6:1.1e-02
  513 ,  12826 : 1.9859385113229e+01 +(3e-02,7e-02) | 3.57e+03 |  9:1.3e-04  6:1.0e-02
  514 ,  12851 : 1.9853965485782e+01 +(3e-02,7e-02) | 3.49e+03 |  9:1.1e-04  6:8.9e-03
  515 ,  12876 : 1.9855126478706e+01 +(3e-02,7e-02) | 3.63e+03 |  9:1.1e-04  6:8.9e-03
  516 ,  12901 : 1.9853459439696e+01 +(4e-02,7e-02) | 3.74e+03 |  9:1.2e-04  6:9.4e-03
  517 ,  12926 : 1.9850029836892e+01 +(5e-02,7e-02) | 3.73e+03 |  9:1.3e-04  6:9.9e-03
  518 ,  12951 : 1.9844812120740e+01 +(5e-02,9e-02) | 3.73e+03 |  9:1.3e-04  6:1.0e-02
  519 ,  12976 : 1.9861994732927e+01 +(3e-02,6e-02) | 3.69e+03 |  9:1.4e-04  6:1.1e-02
Iterat, #Fevals:   Function Value    (median,worst) |Axis Ratio|idx:Min SD idx:Max SD
  520 ,  13001 : 1.9859618106108e+01 +(2e-02,7e-02) | 3.52e+03 |  9:1.3e-04  6:9.4e-03
  521 ,  13026 : 1.9860738732842e+01 +(3e-02,6e-02) | 3.59e+03 |  9:1.1e-04  6:8.3e-03
  522 ,  13051 : 1.9864974765649e+01 +(3e-02,5e-02) | 3.50e+03 |  9:1.1e-04  6:8.1e-03
  523 ,  13076 : 1.9862906643434e+01 +(3e-02,6e-02) | 3.69e+03 |  9:1.1e-04  6:7.8e-03
  524 ,  13101 : 1.9857673647002e+01 +(3e-02,6e-02) | 3.79e+03 |  9:9.2e-05  6:6.8e-03
  525 ,  13126 : 1.9861194801442e+01 +(3e-02,6e-02) | 3.68e+03 |  9:8.3e-05  6:6.0e-03
  526 ,  13151 : 1.9865810481440e+01 +(3e-02,6e-02) | 3.85e+03 |  9:9.0e-05  6:6.3e-03
  527 ,  13176 : 1.9851369038585e+01 +(4e-02,7e-02) | 3.93e+03 |  9:8.4e-05  6:5.9e-03
  528 ,  13201 : 1.9872617642242e+01 +(2e-02,5e-02) | 3.86e+03 |  9:7.8e-05  6:5.4e-03
  529 ,  13226 : 1.9852498010995e+01 +(4e-02,8e-02) | 3.86e+03 |  9:7.7e-05  6:5.4e-03
Iterat, #Fevals:   Function Value    (median,worst) |Axis Ratio|idx:Min SD idx:Max SD
  530 ,  13251 : 1.9850792122681e+01 +(3e-02,7e-02) | 3.94e+03 |  9:8.2e-05  6:6.0e-03
  531 ,  13276 : 1.9853880897018e+01 +(4e-02,6e-02) | 3.95e+03 |  9:8.6e-05  6:6.4e-03
  532 ,  13301 : 1.9854515278831e+01 +(3e-02,7e-02) | 3.94e+03 |  9:8.7e-05  6:6.4e-03
  533 ,  13326 : 1.9865786132023e+01 +(3e-02,6e-02) | 4.20e+03 |  9:9.2e-05  6:6.7e-03
  534 ,  13351 : 1.9843360115978e+01 +(5e-02,8e-02) | 4.15e+03 |  9:8.8e-05  6:6.4e-03
  535 ,  13376 : 1.9861093849997e+01 +(3e-02,6e-02) | 4.16e+03 |  9:8.6e-05  6:6.2e-03
  536 ,  13401 : 1.9873053334462e+01 +(2e-02,5e-02) | 4.33e+03 |  9:8.4e-05  6:6.0e-03
  537 ,  13426 : 1.9843401066394e+01 +(5e-02,8e-02) | 4.22e+03 |  9:8.1e-05  6:5.7e-03
  538 ,  13451 : 1.9847484033830e+01 +(4e-02,7e-02) | 4.23e+03 |  9:8.5e-05  6:6.0e-03
  539 ,  13476 : 1.9862936242691e+01 +(2e-02,5e-02) | 4.19e+03 |  9:9.3e-05  6:6.4e-03
Iterat, #Fevals:   Function Value    (median,worst) |Axis Ratio|idx:Min SD idx:Max SD
  540 ,  13501 : 1.9854281828489e+01 +(4e-02,6e-02) | 4.12e+03 |  9:9.2e-05  6:6.2e-03
  541 ,  13526 : 1.9872748121228e+01 +(2e-02,4e-02) | 4.08e+03 |  9:9.6e-05  6:6.3e-03
  542 ,  13551 : 1.9845046920313e+01 +(5e-02,7e-02) | 4.14e+03 |  9:1.1e-04  6:7.1e-03
  543 ,  13576 : 1.9857583390729e+01 +(3e-02,6e-02) | 4.11e+03 |  9:1.2e-04  6:7.9e-03
  544 ,  13601 : 1.9867020196673e+01 +(2e-02,5e-02) | 4.20e+03 |  9:1.1e-04  6:7.7e-03
  545 ,  13626 : 1.9861510335245e+01 +(3e-02,7e-02) | 4.25e+03 |  9:1.1e-04  6:7.4e-03
  546 ,  13651 : 1.9864474737610e+01 +(2e-02,5e-02) | 4.25e+03 |  9:1.1e-04  6:7.7e-03
  547 ,  13676 : 1.9853694554593e+01 +(3e-02,6e-02) | 4.36e+03 |  9:1.3e-04  6:8.7e-03
  548 ,  13701 : 1.9854938276284e+01 +(3e-02,7e-02) | 4.19e+03 |  9:1.2e-04  6:8.2e-03
  549 ,  13726 : 1.9850034909745e+01 +(4e-02,7e-02) | 4.24e+03 |  9:1.4e-04  6:9.4e-03
Iterat, #Fevals:   Function Value    (median,worst) |Axis Ratio|idx:Min SD idx:Max SD
  550 ,  13751 : 1.9847875551433e+01 +(4e-02,8e-02) | 4.22e+03 |  9:1.4e-04  6:9.6e-03
  551 ,  13776 : 1.9860486896878e+01 +(3e-02,8e-02) | 4.34e+03 |  9:1.4e-04  6:9.9e-03
  552 ,  13801 : 1.9843688135075e+01 +(5e-02,8e-02) | 4.21e+03 |  9:1.2e-04  6:8.6e-03
  553 ,  13826 : 1.9857421964006e+01 +(4e-02,6e-02) | 4.29e+03 |  9:1.2e-04  6:8.7e-03
  554 ,  13851 : 1.9864453533985e+01 +(2e-02,5e-02) | 4.39e+03 |  9:1.3e-04  6:9.3e-03
  555 ,  13876 : 1.9843836713506e+01 +(5e-02,7e-02) | 4.68e+03 |  9:1.5e-04  6:1.1e-02
  556 ,  13901 : 1.9847411012122e+01 +(4e-02,7e-02) | 4.74e+03 |  9:1.6e-04  6:1.1e-02
  557 ,  13926 : 1.9848427509618e+01 +(3e-02,5e-02) | 4.65e+03 |  9:1.6e-04  6:1.1e-02
  558 ,  13951 : 1.9858860273045e+01 +(2e-02,5e-02) | 4.49e+03 |  9:1.6e-04  6:1.1e-02
  559 ,  13976 : 1.9855182211415e+01 +(3e-02,7e-02) | 4.48e+03 |  9:1.6e-04  6:1.1e-02
Iterat, #Fevals:   Function Value    (median,worst) |Axis Ratio|idx:Min SD idx:Max SD
  560 ,  14001 : 1.9854335898614e+01 +(4e-02,7e-02) | 4.57e+03 |  9:1.7e-04  6:1.2e-02
  561 ,  14026 : 1.9845837580587e+01 +(5e-02,8e-02) | 4.42e+03 |  9:1.4e-04  6:9.6e-03
  562 ,  14051 : 1.9841943121014e+01 +(5e-02,7e-02) | 4.51e+03 |  9:1.2e-04  6:8.5e-03
  563 ,  14076 : 1.9842697814380e+01 +(4e-02,7e-02) | 4.20e+03 |  9:1.3e-04  6:8.8e-03
  564 ,  14101 : 1.9867574532554e+01 +(2e-02,6e-02) | 4.37e+03 |  9:1.3e-04  6:9.4e-03
  565 ,  14126 : 1.9842580571546e+01 +(6e-02,8e-02) | 4.30e+03 |  9:1.2e-04  6:8.4e-03
  566 ,  14151 : 1.9856097254157e+01 +(3e-02,8e-02) | 4.55e+03 |  9:1.4e-04  6:1.0e-02
  567 ,  14176 : 1.9853623826714e+01 +(3e-02,6e-02) | 4.72e+03 |  9:1.9e-04  6:1.3e-02
  568 ,  14201 : 1.9860790425758e+01 +(3e-02,5e-02) | 4.71e+03 |  9:1.8e-04  6:1.2e-02
  569 ,  14226 : 1.9838360824614e+01 +(5e-02,9e-02) | 4.97e+03 |  9:2.0e-04  6:1.3e-02
Iterat, #Fevals:   Function Value    (median,worst) |Axis Ratio|idx:Min SD idx:Max SD
  570 ,  14251 : 1.9849864122323e+01 +(4e-02,7e-02) | 4.80e+03 |  9:2.1e-04  6:1.4e-02
  571 ,  14276 : 1.9857129216066e+01 +(3e-02,7e-02) | 4.74e+03 |  9:2.1e-04  6:1.4e-02
  572 ,  14301 : 1.9852600879069e+01 +(3e-02,6e-02) | 4.76e+03 |  9:2.4e-04  6:1.6e-02
  573 ,  14326 : 1.9858990063544e+01 +(3e-02,6e-02) | 4.89e+03 |  9:2.4e-04  6:1.6e-02
  574 ,  14351 : 1.9863047514350e+01 +(3e-02,5e-02) | 4.93e+03 |  9:2.5e-04  6:1.7e-02
  575 ,  14376 : 1.9870495382260e+01 +(3e-02,5e-02) | 5.05e+03 |  9:2.7e-04  6:1.8e-02
  576 ,  14401 : 1.9861879431666e+01 +(2e-02,6e-02) | 5.00e+03 |  9:2.6e-04  6:1.7e-02
  577 ,  14426 : 1.9869520786493e+01 +(2e-02,4e-02) | 4.99e+03 |  9:2.3e-04  6:1.6e-02
  578 ,  14451 : 1.9859843985182e+01 +(4e-02,7e-02) | 5.08e+03 |  9:2.1e-04  6:1.4e-02
  579 ,  14476 : 1.9861549534342e+01 +(3e-02,6e-02) | 5.20e+03 |  9:2.0e-04  6:1.3e-02
Iterat, #Fevals:   Function Value    (median,worst) |Axis Ratio|idx:Min SD idx:Max SD
  580 ,  14501 : 1.9852043460508e+01 +(4e-02,6e-02) | 5.24e+03 |  9:2.0e-04  6:1.3e-02
  581 ,  14526 : 1.9843781151553e+01 +(4e-02,8e-02) | 5.40e+03 |  9:2.3e-04  6:1.5e-02
  582 ,  14551 : 1.9854034122562e+01 +(4e-02,8e-02) | 5.76e+03 |  9:2.3e-04  6:1.5e-02
  583 ,  14576 : 1.9859834827959e+01 +(2e-02,5e-02) | 5.88e+03 |  9:2.1e-04  6:1.3e-02
  584 ,  14601 : 1.9858365277077e+01 +(3e-02,7e-02) | 5.93e+03 |  9:2.2e-04  6:1.4e-02
  585 ,  14626 : 1.9847194051714e+01 +(4e-02,8e-02) | 5.93e+03 |  9:2.4e-04  6:1.5e-02
  586 ,  14651 : 1.9857018477065e+01 +(3e-02,6e-02) | 5.98e+03 |  9:2.7e-04  6:1.7e-02
  587 ,  14676 : 1.9858045481920e+01 +(2e-02,7e-02) | 5.96e+03 |  9:2.9e-04  6:1.8e-02
  588 ,  14701 : 1.9860530327062e+01 +(2e-02,6e-02) | 5.71e+03 |  9:2.9e-04  6:1.8e-02
  589 ,  14726 : 1.9843430326346e+01 +(5e-02,7e-02) | 6.29e+03 |  9:3.2e-04  6:2.0e-02
Iterat, #Fevals:   Function Value    (median,worst) |Axis Ratio|idx:Min SD idx:Max SD
  590 ,  14751 : 1.9853893592899e+01 +(3e-02,6e-02) | 6.40e+03 |  9:3.5e-04  6:2.2e-02
  591 ,  14776 : 1.9844062894550e+01 +(4e-02,8e-02) | 6.53e+03 |  9:3.4e-04  6:2.2e-02
  592 ,  14801 : 1.9857805107456e+01 +(3e-02,6e-02) | 6.56e+03 |  9:3.2e-04  6:2.0e-02
  593 ,  14826 : 1.9856840882324e+01 +(3e-02,5e-02) | 6.47e+03 |  9:3.0e-04  6:1.8e-02
  594 ,  14851 : 1.9844942325411e+01 +(3e-02,7e-02) | 6.25e+03 |  9:2.6e-04  6:1.6e-02
  595 ,  14876 : 1.9857858626240e+01 +(3e-02,6e-02) | 6.35e+03 |  9:2.4e-04  6:1.5e-02
  596 ,  14901 : 1.9842805198818e+01 +(5e-02,7e-02) | 6.43e+03 |  9:2.4e-04  6:1.4e-02
  597 ,  14926 : 1.9864512204930e+01 +(3e-02,4e-02) | 6.09e+03 |  9:2.3e-04  6:1.4e-02
  598 ,  14951 : 1.9843221517147e+01 +(4e-02,9e-02) | 6.20e+03 |  9:2.2e-04  6:1.3e-02
  599 ,  14976 : 1.9859486772272e+01 +(2e-02,5e-02) | 6.39e+03 |  9:2.2e-04  6:1.3e-02
Iterat, #Fevals:   Function Value    (median,worst) |Axis Ratio|idx:Min SD idx:Max SD
  600 ,  15001 : 1.9855162257716e+01 +(3e-02,6e-02) | 6.39e+03 |  9:1.9e-04  6:1.1e-02
  601 ,  15026 : 1.9859460699034e+01 +(3e-02,5e-02) | 7.02e+03 |  9:2.1e-04  6:1.3e-02
  602 ,  15051 : 1.9846274261347e+01 +(5e-02,7e-02) | 7.34e+03 |  9:2.2e-04  6:1.4e-02
  603 ,  15076 : 1.9847547851266e+01 +(4e-02,9e-02) | 7.15e+03 |  9:2.2e-04  6:1.4e-02
  604 ,  15101 : 1.9852404616295e+01 +(3e-02,7e-02) | 7.19e+03 |  9:2.1e-04  6:1.3e-02
  605 ,  15126 : 1.9844937321215e+01 +(5e-02,7e-02) | 7.03e+03 |  9:2.2e-04  6:1.4e-02
  606 ,  15151 : 1.9849636250604e+01 +(4e-02,7e-02) | 7.11e+03 |  9:2.2e-04  6:1.4e-02
  607 ,  15176 : 1.9870621148360e+01 +(3e-02,4e-02) | 7.01e+03 |  9:1.9e-04  6:1.2e-02
  608 ,  15201 : 1.9843846709529e+01 +(4e-02,8e-02) | 7.00e+03 |  9:1.9e-04  6:1.1e-02
  609 ,  15226 : 1.9846856872680e+01 +(3e-02,9e-02) | 7.28e+03 |  9:2.0e-04  6:1.2e-02
Iterat, #Fevals:   Function Value    (median,worst) |Axis Ratio|idx:Min SD idx:Max SD
  610 ,  15251 : 1.9858212554530e+01 +(3e-02,6e-02) | 6.74e+03 |  9:2.3e-04  6:1.4e-02
  611 ,  15276 : 1.9851960608921e+01 +(4e-02,7e-02) | 6.63e+03 |  9:2.1e-04  6:1.3e-02
  612 ,  15301 : 1.9862156292229e+01 +(3e-02,6e-02) | 6.46e+03 |  9:2.2e-04  6:1.3e-02
  613 ,  15326 : 1.9864631045744e+01 +(3e-02,4e-02) | 6.62e+03 |  9:2.4e-04  6:1.5e-02
  614 ,  15351 : 1.9868104610791e+01 +(2e-02,5e-02) | 7.04e+03 |  9:2.8e-04  6:1.8e-02
  615 ,  15376 : 1.9844161428548e+01 +(4e-02,7e-02) | 6.80e+03 |  9:2.9e-04  6:1.8e-02
  616 ,  15401 : 1.9854982275243e+01 +(3e-02,8e-02) | 6.83e+03 |  9:2.6e-04  6:1.7e-02
  617 ,  15426 : 1.9857929226209e+01 +(3e-02,6e-02) | 6.95e+03 |  9:2.1e-04  6:1.4e-02
  618 ,  15451 : 1.9859358868626e+01 +(3e-02,5e-02) | 7.00e+03 |  9:2.1e-04  6:1.3e-02
  619 ,  15476 : 1.9849914190821e+01 +(4e-02,8e-02) | 7.20e+03 |  9:2.2e-04  6:1.5e-02
Iterat, #Fevals:   Function Value    (median,worst) |Axis Ratio|idx:Min SD idx:Max SD
  620 ,  15501 : 1.9849916171876e+01 +(3e-02,7e-02) | 7.05e+03 |  9:2.0e-04  6:1.3e-02
  621 ,  15526 : 1.9856112305519e+01 +(4e-02,6e-02) | 7.13e+03 |  9:2.0e-04  6:1.3e-02
  622 ,  15551 : 1.9862109854847e+01 +(3e-02,6e-02) | 7.39e+03 |  9:1.7e-04  6:1.1e-02
  623 ,  15576 : 1.9849624441575e+01 +(4e-02,7e-02) | 7.82e+03 |  9:1.5e-04  6:9.8e-03
  624 ,  15601 : 1.9863388930932e+01 +(3e-02,6e-02) | 8.30e+03 |  9:1.7e-04  6:1.1e-02
  625 ,  15626 : 1.9864801390020e+01 +(3e-02,5e-02) | 8.19e+03 |  9:1.8e-04  6:1.1e-02
  626 ,  15651 : 1.9868621783694e+01 +(2e-02,5e-02) | 8.12e+03 |  9:1.6e-04  6:1.0e-02
  627 ,  15676 : 1.9847360944600e+01 +(3e-02,6e-02) | 8.20e+03 |  9:1.7e-04  6:1.1e-02
  628 ,  15701 : 1.9858331530536e+01 +(3e-02,7e-02) | 7.66e+03 |  9:1.6e-04  6:9.9e-03
  629 ,  15726 : 1.9852246527078e+01 +(3e-02,7e-02) | 7.71e+03 |  9:1.4e-04  6:8.9e-03
Iterat, #Fevals:   Function Value    (median,worst) |Axis Ratio|idx:Min SD idx:Max SD
  630 ,  15751 : 1.9858394922237e+01 +(3e-02,7e-02) | 7.69e+03 |  9:1.3e-04  6:8.5e-03
  631 ,  15776 : 1.9848045882545e+01 +(5e-02,9e-02) | 7.64e+03 |  9:1.3e-04  6:8.2e-03
  632 ,  15801 : 1.9845319119164e+01 +(4e-02,7e-02) | 7.10e+03 |  9:1.3e-04  6:8.1e-03
  633 ,  15826 : 1.9846041189434e+01 +(5e-02,6e-02) | 6.83e+03 |  9:1.2e-04  6:7.7e-03
  634 ,  15851 : 1.9858337349482e+01 +(3e-02,5e-02) | 6.82e+03 |  9:1.1e-04  6:6.8e-03
  635 ,  15876 : 1.9859942928687e+01 +(3e-02,5e-02) | 6.62e+03 |  9:8.7e-05  6:5.5e-03
  636 ,  15901 : 1.9868376644569e+01 +(3e-02,5e-02) | 6.00e+03 |  9:8.8e-05  6:5.7e-03
  637 ,  15926 : 1.9844828905141e+01 +(5e-02,7e-02) | 6.11e+03 |  9:9.4e-05  6:6.1e-03
  638 ,  15951 : 1.9855374348568e+01 +(4e-02,7e-02) | 5.67e+03 |  9:1.1e-04  6:7.1e-03
  639 ,  15976 : 1.9854813576163e+01 +(3e-02,8e-02) | 5.57e+03 |  9:1.2e-04  6:7.8e-03
Iterat, #Fevals:   Function Value    (median,worst) |Axis Ratio|idx:Min SD idx:Max SD
  640 ,  16001 : 1.9844039359472e+01 +(5e-02,7e-02) | 5.65e+03 |  9:1.3e-04  6:8.4e-03
  641 ,  16026 : 1.9857161671328e+01 +(3e-02,6e-02) | 5.67e+03 |  9:1.3e-04  6:8.0e-03
  642 ,  16051 : 1.9851620783462e+01 +(3e-02,6e-02) | 5.79e+03 |  9:1.2e-04  6:7.7e-03
  643 ,  16076 : 1.9850060624236e+01 +(4e-02,6e-02) | 6.00e+03 |  9:1.1e-04  6:7.2e-03
  644 ,  16101 : 1.9855525930591e+01 +(2e-02,6e-02) | 5.96e+03 |  9:1.2e-04  6:7.5e-03
  645 ,  16126 : 1.9853555431629e+01 +(4e-02,7e-02) | 5.98e+03 |  9:1.1e-04  6:7.2e-03
  646 ,  16151 : 1.9851112188515e+01 +(4e-02,6e-02) | 5.60e+03 |  9:1.2e-04  6:7.1e-03
  647 ,  16176 : 1.9851555387437e+01 +(4e-02,7e-02) | 5.76e+03 |  9:1.1e-04  6:6.8e-03
  648 ,  16201 : 1.9846561599312e+01 +(4e-02,7e-02) | 5.78e+03 |  9:1.0e-04  6:6.6e-03
  649 ,  16226 : 1.9864926497360e+01 +(2e-02,5e-02) | 5.79e+03 |  9:1.0e-04  6:6.6e-03
Iterat, #Fevals:   Function Value    (median,worst) |Axis Ratio|idx:Min SD idx:Max SD
  650 ,  16251 : 1.9861432421949e+01 +(2e-02,6e-02) | 6.13e+03 |  9:1.2e-04  6:7.9e-03
  651 ,  16276 : 1.9862750596072e+01 +(2e-02,5e-02) | 5.94e+03 |  9:1.2e-04  6:8.0e-03
  652 ,  16301 : 1.9856352758326e+01 +(4e-02,7e-02) | 5.73e+03 |  9:1.2e-04  6:8.4e-03
  653 ,  16326 : 1.9848570656140e+01 +(4e-02,7e-02) | 5.88e+03 |  9:1.2e-04  6:8.3e-03
  654 ,  16351 : 1.9846789777109e+01 +(4e-02,7e-02) | 5.93e+03 |  9:1.1e-04  6:7.7e-03
  655 ,  16376 : 1.9859122509126e+01 +(3e-02,6e-02) | 5.94e+03 |  9:1.2e-04  6:7.9e-03
  656 ,  16401 : 1.9859421779268e+01 +(3e-02,6e-02) | 6.16e+03 |  9:1.3e-04  6:9.2e-03
  657 ,  16426 : 1.9849525126209e+01 +(4e-02,8e-02) | 6.52e+03 |  9:1.3e-04  6:9.0e-03
  658 ,  16451 : 1.9854401622682e+01 +(4e-02,7e-02) | 6.44e+03 |  9:1.2e-04  6:8.2e-03
  659 ,  16476 : 1.9848453777537e+01 +(5e-02,8e-02) | 6.66e+03 |  9:1.1e-04  6:8.3e-03
Iterat, #Fevals:   Function Value    (median,worst) |Axis Ratio|idx:Min SD idx:Max SD
  660 ,  16501 : 1.9855356934584e+01 +(4e-02,7e-02) | 6.95e+03 |  9:1.1e-04  6:8.3e-03
  661 ,  16526 : 1.9865126644405e+01 +(2e-02,5e-02) | 7.34e+03 |  9:1.2e-04  6:9.0e-03
  662 ,  16551 : 1.9850010760206e+01 +(3e-02,6e-02) | 7.19e+03 |  9:1.5e-04  6:1.1e-02
  663 ,  16576 : 1.9851031469957e+01 +(4e-02,7e-02) | 7.31e+03 |  9:1.5e-04  6:1.1e-02
  664 ,  16601 : 1.9857854852868e+01 +(3e-02,5e-02) | 6.91e+03 |  9:1.7e-04  6:1.2e-02
  665 ,  16626 : 1.9843427225051e+01 +(4e-02,8e-02) | 7.07e+03 |  9:1.5e-04  6:1.1e-02
  666 ,  16651 : 1.9849124786762e+01 +(4e-02,7e-02) | 7.38e+03 |  9:1.4e-04  6:1.1e-02
  667 ,  16676 : 1.9861759308776e+01 +(2e-02,7e-02) | 7.29e+03 |  9:1.4e-04  6:1.0e-02
  668 ,  16701 : 1.9855587860430e+01 +(4e-02,7e-02) | 7.24e+03 |  9:1.3e-04  6:9.9e-03
  669 ,  16726 : 1.9862971780999e+01 +(3e-02,6e-02) | 7.30e+03 |  9:1.4e-04  6:1.1e-02
Iterat, #Fevals:   Function Value    (median,worst) |Axis Ratio|idx:Min SD idx:Max SD
  670 ,  16751 : 1.9864366015411e+01 +(3e-02,6e-02) | 7.01e+03 |  9:1.3e-04  6:9.9e-03
  671 ,  16776 : 1.9850399480569e+01 +(4e-02,6e-02) | 7.03e+03 |  9:1.3e-04  6:9.0e-03
  672 ,  16801 : 1.9848112150497e+01 +(4e-02,7e-02) | 7.03e+03 |  9:1.1e-04  6:8.3e-03
  673 ,  16826 : 1.9853702644441e+01 +(4e-02,6e-02) | 6.65e+03 |  9:1.2e-04  6:8.7e-03
  674 ,  16851 : 1.9850920250394e+01 +(3e-02,7e-02) | 6.68e+03 |  9:1.2e-04  6:8.5e-03
  675 ,  16876 : 1.9856064647355e+01 +(3e-02,6e-02) | 6.50e+03 |  9:1.3e-04  6:9.4e-03
  676 ,  16901 : 1.9853638639238e+01 +(3e-02,6e-02) | 6.29e+03 |  9:1.1e-04  6:7.8e-03
  677 ,  16926 : 1.9841847594705e+01 +(5e-02,7e-02) | 6.61e+03 |  9:9.7e-05  6:7.2e-03
  678 ,  16951 : 1.9859198437573e+01 +(3e-02,6e-02) | 6.41e+03 |  9:8.7e-05  6:6.4e-03
  679 ,  16976 : 1.9867048120465e+01 +(2e-02,5e-02) | 6.59e+03 |  9:8.6e-05  6:6.3e-03
Iterat, #Fevals:   Function Value    (median,worst) |Axis Ratio|idx:Min SD idx:Max SD
  680 ,  17001 : 1.9858409231725e+01 +(3e-02,6e-02) | 6.49e+03 |  9:9.5e-05  6:6.9e-03
  681 ,  17026 : 1.9861066600725e+01 +(3e-02,5e-02) | 6.35e+03 |  9:1.0e-04  6:7.6e-03
  682 ,  17051 : 1.9857009915286e+01 +(4e-02,6e-02) | 6.18e+03 |  9:1.1e-04  6:7.5e-03
  683 ,  17076 : 1.9857858923529e+01 +(3e-02,6e-02) | 5.86e+03 |  9:1.1e-04  6:7.7e-03
  684 ,  17101 : 1.9846342088112e+01 +(4e-02,7e-02) | 5.79e+03 |  9:1.1e-04  6:7.7e-03
  685 ,  17126 : 1.9858397574255e+01 +(3e-02,6e-02) | 5.81e+03 |  9:9.3e-05  6:6.7e-03
  686 ,  17151 : 1.9846531935609e+01 +(4e-02,7e-02) | 5.81e+03 |  9:8.9e-05  6:6.3e-03
  687 ,  17176 : 1.9861970093245e+01 +(3e-02,6e-02) | 5.86e+03 |  9:8.7e-05  6:6.2e-03
  688 ,  17201 : 1.9853001191492e+01 +(4e-02,6e-02) | 6.30e+03 |  9:9.1e-05  6:6.6e-03
  689 ,  17226 : 1.9846989452479e+01 +(4e-02,6e-02) | 6.37e+03 |  9:8.2e-05  6:6.0e-03
Iterat, #Fevals:   Function Value    (median,worst) |Axis Ratio|idx:Min SD idx:Max SD
  690 ,  17251 : 1.9867241637139e+01 +(2e-02,6e-02) | 6.67e+03 |  9:8.7e-05  6:6.4e-03
  691 ,  17276 : 1.9847372917967e+01 +(5e-02,7e-02) | 7.21e+03 |  9:9.3e-05  6:7.0e-03
  692 ,  17301 : 1.9862585168072e+01 +(3e-02,6e-02) | 7.21e+03 |  9:1.0e-04  6:7.4e-03
  693 ,  17326 : 1.9850909267995e+01 +(4e-02,7e-02) | 7.12e+03 |  9:1.0e-04  6:7.5e-03
  694 ,  17351 : 1.9851446636545e+01 +(4e-02,7e-02) | 7.08e+03 |  9:1.1e-04  6:7.9e-03
  695 ,  17376 : 1.9852900961643e+01 +(5e-02,7e-02) | 7.28e+03 |  9:1.1e-04  6:8.3e-03
  696 ,  17401 : 1.9860720962030e+01 +(3e-02,6e-02) | 7.06e+03 |  9:1.2e-04  6:9.0e-03
  697 ,  17426 : 1.9849906714103e+01 +(4e-02,8e-02) | 7.12e+03 |  9:1.2e-04  6:8.4e-03
  698 ,  17451 : 1.9849608896167e+01 +(4e-02,6e-02) | 7.48e+03 |  9:1.3e-04  6:8.8e-03
  699 ,  17476 : 1.9841907301949e+01 +(4e-02,8e-02) | 7.76e+03 |  9:1.4e-04  6:9.6e-03
Iterat, #Fevals:   Function Value    (median,worst) |Axis Ratio|idx:Min SD idx:Max SD
  700 ,  17501 : 1.9860710666134e+01 +(3e-02,5e-02) | 7.88e+03 |  9:1.3e-04  6:9.2e-03
  701 ,  17526 : 1.9860768401374e+01 +(2e-02,5e-02) | 7.84e+03 |  9:1.4e-04  6:1.0e-02
  702 ,  17551 : 1.9860438974226e+01 +(3e-02,6e-02) | 8.11e+03 |  9:1.7e-04  6:1.1e-02
  703 ,  17576 : 1.9857727018194e+01 +(3e-02,6e-02) | 7.51e+03 |  9:1.8e-04  6:1.2e-02
  704 ,  17601 : 1.9850999462214e+01 +(5e-02,7e-02) | 7.69e+03 |  9:1.6e-04  6:1.0e-02
  705 ,  17626 : 1.9841552704695e+01 +(4e-02,8e-02) | 7.55e+03 |  9:1.5e-04  6:9.4e-03
  706 ,  17651 : 1.9850066495604e+01 +(4e-02,6e-02) | 7.63e+03 |  9:1.3e-04  6:8.1e-03
  707 ,  17676 : 1.9846071767518e+01 +(5e-02,7e-02) | 8.25e+03 |  9:1.4e-04  6:9.1e-03
  708 ,  17701 : 1.9851825535394e+01 +(3e-02,6e-02) | 8.08e+03 |  9:1.4e-04  6:9.0e-03
  709 ,  17726 : 1.9842882898341e+01 +(5e-02,7e-02) | 8.29e+03 |  9:1.4e-04  6:8.7e-03
Iterat, #Fevals:   Function Value    (median,worst) |Axis Ratio|idx:Min SD idx:Max SD
  710 ,  17751 : 1.9851154432313e+01 +(4e-02,7e-02) | 8.23e+03 |  9:1.5e-04  6:9.4e-03
  711 ,  17776 : 1.9848850206951e+01 +(4e-02,6e-02) | 8.26e+03 |  9:1.8e-04  6:1.1e-02
  712 ,  17801 : 1.9853334253958e+01 +(4e-02,8e-02) | 7.66e+03 |  9:1.9e-04  6:1.1e-02
  713 ,  17826 : 1.9862104122814e+01 +(2e-02,5e-02) | 7.52e+03 |  9:2.2e-04  6:1.3e-02
  714 ,  17851 : 1.9856931817805e+01 +(4e-02,6e-02) | 7.46e+03 |  9:2.7e-04  6:1.5e-02
  715 ,  17876 : 1.9855870359275e+01 +(3e-02,6e-02) | 7.46e+03 |  9:2.6e-04  6:1.4e-02
  716 ,  17901 : 1.9849506391769e+01 +(4e-02,8e-02) | 7.61e+03 |  9:2.3e-04  6:1.2e-02
  717 ,  17926 : 1.9843958348110e+01 +(5e-02,8e-02) | 7.55e+03 |  9:2.0e-04  6:1.1e-02
  718 ,  17951 : 1.9842601197693e+01 +(5e-02,8e-02) | 7.67e+03 |  9:1.8e-04  6:1.0e-02
  719 ,  17976 : 1.9860535240758e+01 +(3e-02,6e-02) | 7.90e+03 |  9:1.9e-04  6:1.0e-02
Iterat, #Fevals:   Function Value    (median,worst) |Axis Ratio|idx:Min SD idx:Max SD
  720 ,  18001 : 1.9847345373863e+01 +(4e-02,8e-02) | 8.12e+03 |  9:1.9e-04  6:1.1e-02
  721 ,  18026 : 1.9864142915668e+01 +(3e-02,6e-02) | 8.30e+03 |  9:2.1e-04  6:1.1e-02
  722 ,  18051 : 1.9868968459498e+01 +(2e-02,4e-02) | 8.14e+03 |  9:2.0e-04  6:1.1e-02
  723 ,  18076 : 1.9857406111151e+01 +(4e-02,7e-02) | 8.60e+03 |  9:2.3e-04  6:1.2e-02
  724 ,  18101 : 1.9862052780172e+01 +(3e-02,7e-02) | 8.72e+03 |  9:2.4e-04  6:1.3e-02
  725 ,  18126 : 1.9866829973543e+01 +(2e-02,5e-02) | 8.52e+03 |  9:2.5e-04  6:1.3e-02
  726 ,  18151 : 1.9862384424271e+01 +(3e-02,5e-02) | 8.28e+03 |  9:2.7e-04  6:1.4e-02
  727 ,  18176 : 1.9856312131834e+01 +(3e-02,6e-02) | 8.66e+03 |  9:2.8e-04  6:1.4e-02
  728 ,  18201 : 1.9869407385113e+01 +(2e-02,5e-02) | 8.62e+03 |  9:2.7e-04  6:1.4e-02
  729 ,  18226 : 1.9855031798074e+01 +(4e-02,8e-02) | 8.97e+03 |  9:2.8e-04  6:1.5e-02
Iterat, #Fevals:   Function Value    (median,worst) |Axis Ratio|idx:Min SD idx:Max SD
  730 ,  18251 : 1.9848500968275e+01 +(5e-02,7e-02) | 9.35e+03 |  9:2.9e-04  6:1.5e-02
  731 ,  18276 : 1.9844506810793e+01 +(4e-02,7e-02) | 9.24e+03 |  9:2.8e-04  6:1.4e-02
  732 ,  18301 : 1.9853808578008e+01 +(3e-02,6e-02) | 9.25e+03 |  9:2.8e-04  6:1.5e-02
  733 ,  18326 : 1.9857879518331e+01 +(3e-02,5e-02) | 9.45e+03 |  9:2.9e-04  6:1.5e-02
  734 ,  18351 : 1.9862608310732e+01 +(3e-02,6e-02) | 9.19e+03 |  9:2.9e-04  6:1.5e-02
  735 ,  18376 : 1.9856446378213e+01 +(3e-02,5e-02) | 9.43e+03 |  9:3.0e-04  6:1.5e-02
  736 ,  18401 : 1.9856663267551e+01 +(4e-02,6e-02) | 9.62e+03 |  9:3.1e-04  6:1.6e-02
  737 ,  18426 : 1.9855089303026e+01 +(4e-02,7e-02) | 9.65e+03 |  9:3.3e-04  6:1.6e-02
  738 ,  18451 : 1.9842430135000e+01 +(5e-02,9e-02) | 9.19e+03 |  9:3.2e-04  6:1.6e-02
#Fevals:   f(returned x)   |    bestever.f     | stopflag (saved to variablescmaes14_7_160.mat)
  18452: 1.98424301350e+01 | 1.98374480680e+01 | stagnation
mean solution: +1.0e+00 +6.0e-01 +1.1e+00 +3.4e-01 +7.8e+00 +7.9e+00 +1.6e-01 +2.7e-01 +1.7e+00
std deviation:  2.3e-03  1.6e-03  1.9e-03  1.2e-03  5.3e-03  1.6e-02  9.2e-04  7.6e-04  3.2e-04
use plotcmaesdat.m for plotting the output at any time (option LogModulo must not be zero)
