
                            < M A T L A B (R) >
                  Copyright 1984-2015 The MathWorks, Inc.
                   R2015a (8.5.0.197613) 64-bit (glnxa64)
                             February 12, 2015

 
For online documentation, see http://www.mathworks.com/support
For product information, visit www.mathworks.com.
 

	Academic License


seed =

                 239.24909


Initialtheta =

          30983.1933494792
          1298040.72452326
          34692762.7072146
          7703.49970763493
          5883.36103260174
          524.678609530123
        0.0271073418514313
           4.9119058763701
          405.675797729693

  n=9: (12,25)-CMA-ES(w=[24 17 14... 1.5 0.74]%, ]%, mu_eff=7.3) on function Error
Iterat, #Fevals:   Function Value    (median,worst) |Axis Ratio|idx:Min SD idx:Max SD
    1 ,     26 : 1.2337630945844e+02 +(5e+06,2e+10) | 6.23e+00 |  4:3.9e-01  2:2.4e+00
    2 ,     51 : 1.2199610220966e+02 +(2e+00,1e+11) | 6.08e+00 |  4:3.3e-01  2:2.0e+00
    3 ,     76 : 1.2309318131558e+02 +(6e-01,1e+10) | 6.11e+00 |  4:2.8e-01  2:1.7e+00
    4 ,    101 : 1.2315630006154e+02 +(5e-01,1e+09) | 6.62e+00 |  4:2.7e-01  2:1.7e+00
    5 ,    126 : 1.2353318928906e+02 +(9e+04,4e+08) | 6.97e+00 |  4:2.7e-01  2:1.8e+00
    6 ,    151 : 1.2351221677210e+02 +(2e+04,1e+09) | 7.31e+00 |  4:2.9e-01  2:2.1e+00
    7 ,    176 : 1.0924852389820e+02 +(1e+05,6e+08) | 7.37e+00 |  4:3.2e-01  2:2.3e+00
    8 ,    201 : 2.6457600325759e+01 +(1e+02,2e+07) | 7.74e+00 |  4:3.4e-01  2:2.4e+00
    9 ,    226 : 7.7255409732347e+01 +(5e+01,6e+08) | 7.54e+00 |  4:3.7e-01  2:2.6e+00
Iterat, #Fevals:   Function Value    (median,worst) |Axis Ratio|idx:Min SD idx:Max SD
   10 ,    251 : 1.2081629468490e+02 +(9e+04,5e+10) | 7.65e+00 |  4:3.6e-01  2:2.5e+00
   11 ,    276 : 3.9707210991295e+01 +(2e+04,2e+07) | 7.86e+00 |  4:3.5e-01  2:2.5e+00
   12 ,    301 : 1.2350231210291e+02 +(1e+04,1e+09) | 7.79e+00 |  4:3.1e-01  2:2.2e+00
   13 ,    326 : 1.1851490246820e+02 +(7e+04,4e+07) | 7.79e+00 |  4:2.7e-01  2:1.9e+00
   14 ,    351 : 1.2251285820440e+02 +(3e+04,2e+07) | 8.41e+00 |  4:2.6e-01  2:1.9e+00
   15 ,    376 : 1.2348343104838e+02 +(1e+04,7e+09) | 8.46e+00 |  4:3.0e-01  2:2.2e+00
   16 ,    401 : 1.1498911905237e+02 +(2e+02,7e+07) | 8.62e+00 |  4:2.8e-01  2:2.2e+00
   17 ,    426 : 8.0554415178317e+01 +(4e+01,2e+07) | 8.51e+00 |  4:2.7e-01  2:2.1e+00
   18 ,    451 : 2.9322101509259e+01 +(9e+01,1e+07) | 8.62e+00 |  4:2.5e-01  2:1.9e+00
   19 ,    476 : 2.8568909016453e+01 +(2e+03,2e+06) | 8.78e+00 |  4:2.3e-01  2:1.8e+00
Iterat, #Fevals:   Function Value    (median,worst) |Axis Ratio|idx:Min SD idx:Max SD
   20 ,    501 : 3.5933933232588e+01 +(9e+01,3e+05) | 8.69e+00 |  4:2.1e-01  2:1.7e+00
   21 ,    526 : 2.7278873502393e+01 +(1e+02,3e+06) | 8.53e+00 |  4:2.2e-01  2:1.8e+00
   22 ,    551 : 2.5732621377790e+01 +(1e+02,8e+04) | 8.65e+00 |  4:2.2e-01  2:1.8e+00
   23 ,    576 : 6.8281238683651e+01 +(6e+02,6e+05) | 8.83e+00 |  4:1.9e-01  2:1.6e+00
   24 ,    601 : 3.4844574052241e+01 +(9e+01,9e+05) | 9.07e+00 |  4:1.7e-01  2:1.5e+00
   25 ,    626 : 2.7795332306561e+01 +(1e+02,1e+05) | 9.31e+00 |  4:1.7e-01  2:1.5e+00
   26 ,    651 : 6.8708339824746e+01 +(4e+02,3e+05) | 9.72e+00 |  4:1.5e-01  2:1.3e+00
   27 ,    676 : 3.2037637784527e+01 +(9e+01,8e+04) | 9.91e+00 |  4:1.4e-01  2:1.3e+00
   28 ,    701 : 3.1237523616448e+01 +(9e+01,4e+04) | 1.00e+01 |  4:1.5e-01  2:1.4e+00
   29 ,    726 : 4.9540577299427e+01 +(7e+01,3e+04) | 9.82e+00 |  4:1.4e-01  2:1.3e+00
Iterat, #Fevals:   Function Value    (median,worst) |Axis Ratio|idx:Min SD idx:Max SD
   30 ,    751 : 3.3433077693343e+01 +(9e+01,2e+05) | 9.72e+00 |  4:1.3e-01  2:1.2e+00
   31 ,    776 : 2.7840247701759e+01 +(1e+02,1e+05) | 1.00e+01 |  4:1.3e-01  2:1.1e+00
   32 ,    801 : 7.9723702125373e+01 +(4e+01,7e+04) | 9.98e+00 |  4:1.1e-01  2:1.0e+00
   33 ,    826 : 3.4442665479279e+01 +(9e+01,6e+03) | 1.01e+01 |  4:1.1e-01  2:9.6e-01
   34 ,    851 : 2.8576270187156e+01 +(9e+01,2e+04) | 1.02e+01 |  4:9.8e-02  2:8.8e-01
   35 ,    876 : 2.7280202705614e+01 +(1e+02,3e+04) | 1.10e+01 |  4:9.9e-02  2:9.3e-01
   36 ,    901 : 2.6629946535219e+01 +(1e+02,9e+03) | 1.11e+01 |  4:8.8e-02  2:8.4e-01
   37 ,    926 : 2.7094014587839e+01 +(9e+01,2e+03) | 1.17e+01 |  4:7.9e-02  2:7.8e-01
   38 ,    951 : 2.8199998427671e+01 +(9e+01,9e+03) | 1.17e+01 |  4:7.4e-02  2:7.3e-01
   39 ,    976 : 2.6114895823364e+01 +(1e+02,3e+03) | 1.23e+01 |  4:6.9e-02  2:7.1e-01
Iterat, #Fevals:   Function Value    (median,worst) |Axis Ratio|idx:Min SD idx:Max SD
   40 ,   1001 : 2.5994305280991e+01 +(9e+01,1e+03) | 1.24e+01 |  4:6.3e-02  2:6.5e-01
   41 ,   1026 : 3.3103605901281e+01 +(9e+01,2e+03) | 1.24e+01 |  4:6.3e-02  2:6.5e-01
   42 ,   1051 : 2.7169983193704e+01 +(6e+01,5e+02) | 1.33e+01 |  4:5.8e-02  2:6.3e-01
   43 ,   1076 : 2.6606241959727e+01 +(6e+01,3e+03) | 1.39e+01 |  4:5.5e-02  2:6.1e-01
   44 ,   1101 : 2.6020142584180e+01 +(5e+01,8e+02) | 1.42e+01 |  4:5.3e-02  2:6.0e-01
   45 ,   1126 : 2.9723077343387e+01 +(3e+01,2e+03) | 1.42e+01 |  4:4.6e-02  2:5.1e-01
   46 ,   1151 : 2.6773804378668e+01 +(5e+01,5e+02) | 1.40e+01 |  4:4.5e-02  2:4.8e-01
   47 ,   1176 : 2.6016499196144e+01 +(5e+01,3e+02) | 1.43e+01 |  4:4.4e-02  2:4.7e-01
   48 ,   1201 : 2.6671660974839e+01 +(6e+01,4e+02) | 1.46e+01 |  4:4.1e-02  2:4.4e-01
   49 ,   1226 : 2.8206573995976e+01 +(2e+01,6e+02) | 1.46e+01 |  4:4.0e-02  2:4.2e-01
Iterat, #Fevals:   Function Value    (median,worst) |Axis Ratio|idx:Min SD idx:Max SD
   50 ,   1251 : 2.6307553204535e+01 +(2e+01,2e+02) | 1.50e+01 |  4:4.3e-02  2:4.6e-01
   51 ,   1276 : 2.6006488027531e+01 +(3e+01,1e+03) | 1.58e+01 |  4:4.5e-02  2:4.8e-01
   52 ,   1301 : 2.5950533309167e+01 +(8e+01,8e+02) | 1.63e+01 |  4:4.1e-02  2:4.4e-01
   53 ,   1326 : 2.6002065023302e+01 +(2e+01,4e+02) | 1.61e+01 |  4:4.0e-02  2:4.0e-01
   54 ,   1351 : 2.6130034345729e+01 +(2e+01,2e+02) | 1.66e+01 |  4:4.0e-02  2:4.0e-01
   55 ,   1376 : 2.5639778812432e+01 +(1e+01,2e+02) | 1.71e+01 |  4:4.3e-02  2:4.2e-01
   56 ,   1401 : 2.5798752524701e+01 +(1e+01,4e+02) | 1.80e+01 |  4:4.0e-02  2:4.1e-01
   57 ,   1426 : 2.6015309447170e+01 +(2e+01,1e+02) | 1.97e+01 |  4:4.1e-02  2:4.5e-01
   58 ,   1451 : 2.6451139964967e+01 +(2e+01,3e+02) | 2.02e+01 |  4:4.1e-02  2:4.6e-01
   59 ,   1476 : 2.5960175202748e+01 +(4e+00,4e+01) | 2.10e+01 |  4:3.3e-02  2:3.9e-01
Iterat, #Fevals:   Function Value    (median,worst) |Axis Ratio|idx:Min SD idx:Max SD
   60 ,   1501 : 2.5674626550102e+01 +(3e+00,2e+02) | 2.15e+01 |  4:3.2e-02  2:3.8e-01
   61 ,   1526 : 2.5704616497512e+01 +(9e+00,8e+01) | 2.18e+01 |  4:3.1e-02  2:3.9e-01
   62 ,   1551 : 2.5342191099784e+01 +(1e+01,1e+02) | 2.17e+01 |  4:3.0e-02  2:3.5e-01
   63 ,   1576 : 2.5742404153891e+01 +(2e+01,8e+01) | 2.17e+01 |  4:2.8e-02  2:3.2e-01
   64 ,   1601 : 2.5238678544738e+01 +(1e+01,7e+01) | 2.16e+01 |  4:2.9e-02  2:3.3e-01
   65 ,   1626 : 2.5376972721693e+01 +(1e+01,2e+02) | 2.25e+01 |  4:2.3e-02  2:2.7e-01
   66 ,   1651 : 2.5546414668289e+01 +(1e+01,5e+01) | 2.28e+01 |  4:2.2e-02  2:2.6e-01
   67 ,   1676 : 2.5502630666464e+01 +(5e+00,3e+01) | 2.37e+01 |  4:2.2e-02  2:2.7e-01
   68 ,   1701 : 2.5634813969263e+01 +(4e+00,5e+01) | 2.38e+01 |  4:2.2e-02  2:2.7e-01
   69 ,   1726 : 2.5465719775050e+01 +(2e+00,4e+01) | 2.57e+01 |  4:2.2e-02  2:2.8e-01
Iterat, #Fevals:   Function Value    (median,worst) |Axis Ratio|idx:Min SD idx:Max SD
   70 ,   1751 : 2.5508977662912e+01 +(7e+00,4e+01) | 2.70e+01 |  4:2.3e-02  2:3.2e-01
   71 ,   1776 : 2.5644024984160e+01 +(4e+00,7e+01) | 2.74e+01 |  4:2.2e-02  2:2.9e-01
   72 ,   1801 : 2.5760385554127e+01 +(3e+00,8e+01) | 2.85e+01 |  4:1.9e-02  2:2.6e-01
   73 ,   1826 : 2.5823621839150e+01 +(1e+00,2e+01) | 2.98e+01 |  4:1.7e-02  2:2.4e-01
   74 ,   1851 : 2.5598454351671e+01 +(2e+00,2e+01) | 3.18e+01 |  4:2.0e-02  2:3.0e-01
   75 ,   1876 : 2.5295674179157e+01 +(3e+00,5e+01) | 3.27e+01 |  4:2.2e-02  2:3.1e-01
   76 ,   1901 : 2.5783057559151e+01 +(2e+00,3e+01) | 3.35e+01 |  4:2.0e-02  2:2.9e-01
   77 ,   1926 : 2.5106373892612e+01 +(2e+00,4e+01) | 3.49e+01 |  4:2.1e-02  2:3.0e-01
   78 ,   1951 : 2.4981657671214e+01 +(3e+00,2e+01) | 3.49e+01 |  4:2.1e-02  2:3.0e-01
   79 ,   1976 : 2.5018122194634e+01 +(3e+00,3e+01) | 3.51e+01 |  4:2.0e-02  2:2.8e-01
Iterat, #Fevals:   Function Value    (median,worst) |Axis Ratio|idx:Min SD idx:Max SD
   80 ,   2001 : 2.4988657133518e+01 +(2e+00,3e+01) | 3.62e+01 |  4:2.0e-02  2:3.0e-01
   81 ,   2026 : 2.4382756729150e+01 +(2e+00,3e+01) | 3.63e+01 |  4:2.1e-02  2:3.0e-01
   82 ,   2051 : 2.4264968331452e+01 +(3e+00,5e+01) | 3.86e+01 |  4:2.2e-02  2:3.4e-01
   83 ,   2076 : 2.4026684007089e+01 +(4e+00,5e+01) | 3.79e+01 |  4:2.2e-02  2:3.5e-01
   84 ,   2101 : 2.4626846593866e+01 +(7e+00,9e+01) | 3.74e+01 |  4:2.0e-02  2:3.1e-01
   85 ,   2126 : 2.4423379868829e+01 +(5e+00,3e+01) | 3.87e+01 |  4:1.9e-02  2:2.9e-01
   86 ,   2151 : 2.4682975481188e+01 +(4e+00,5e+01) | 3.80e+01 |  4:2.1e-02  2:2.9e-01
   87 ,   2176 : 2.4210421388367e+01 +(3e+00,7e+01) | 3.83e+01 |  4:2.0e-02  2:2.7e-01
   88 ,   2201 : 2.4154834287195e+01 +(2e+00,7e+01) | 3.89e+01 |  4:1.8e-02  2:2.4e-01
   89 ,   2226 : 2.4017728921758e+01 +(2e+00,1e+01) | 3.91e+01 |  4:1.7e-02  2:2.3e-01
Iterat, #Fevals:   Function Value    (median,worst) |Axis Ratio|idx:Min SD idx:Max SD
   90 ,   2251 : 2.3904883237601e+01 +(2e+00,3e+01) | 4.14e+01 |  4:1.8e-02  2:2.5e-01
   91 ,   2276 : 2.4122377049832e+01 +(1e+00,1e+01) | 4.27e+01 |  4:1.6e-02  2:2.3e-01
   92 ,   2301 : 2.3533921127578e+01 +(3e+00,2e+01) | 4.26e+01 |  4:1.7e-02  2:2.3e-01
   93 ,   2326 : 2.3812989601608e+01 +(2e+00,7e+01) | 4.28e+01 |  4:1.6e-02  2:2.2e-01
   94 ,   2351 : 2.3405196053723e+01 +(2e+00,8e+01) | 4.45e+01 |  4:1.7e-02  2:2.4e-01
   95 ,   2376 : 2.2871727000477e+01 +(2e+00,2e+01) | 4.51e+01 |  4:1.9e-02  2:2.5e-01
   96 ,   2401 : 2.3137862286945e+01 +(3e+00,8e+01) | 4.41e+01 |  4:1.7e-02  2:2.3e-01
   97 ,   2426 : 2.3204487100610e+01 +(3e+00,4e+01) | 4.37e+01 |  4:1.7e-02  2:2.2e-01
   98 ,   2451 : 2.3152094567559e+01 +(1e+00,3e+01) | 4.48e+01 |  4:1.8e-02  2:2.4e-01
   99 ,   2476 : 2.2905773836889e+01 +(3e+00,8e+01) | 4.43e+01 |  4:1.9e-02  2:2.6e-01
Iterat, #Fevals:   Function Value    (median,worst) |Axis Ratio|idx:Min SD idx:Max SD
  100 ,   2501 : 2.2714232253401e+01 +(3e+00,1e+01) | 4.53e+01 |  4:2.1e-02  2:2.7e-01
  101 ,   2526 : 2.2667808540463e+01 +(5e+00,8e+01) | 4.50e+01 |  4:2.2e-02  2:2.9e-01
  102 ,   2551 : 2.2858258869984e+01 +(3e+00,7e+01) | 4.46e+01 |  4:2.0e-02  2:2.6e-01
  103 ,   2576 : 2.2674083409337e+01 +(5e+00,4e+01) | 4.46e+01 |  4:1.8e-02  2:2.3e-01
  104 ,   2601 : 2.2400782754471e+01 +(2e+00,8e+01) | 4.53e+01 |  4:1.9e-02  2:2.4e-01
  105 ,   2626 : 2.2311939451787e+01 +(3e+00,3e+01) | 4.73e+01 |  4:1.9e-02  2:2.4e-01
  106 ,   2651 : 2.2451752057816e+01 +(5e+00,5e+01) | 4.54e+01 |  4:2.2e-02  2:2.7e-01
  107 ,   2676 : 2.2733100381807e+01 +(3e+00,7e+01) | 4.60e+01 |  4:2.1e-02  2:2.7e-01
  108 ,   2701 : 2.2216469084300e+01 +(3e+00,8e+00) | 4.75e+01 |  4:2.2e-02  2:2.7e-01
  109 ,   2726 : 2.2521850111163e+01 +(4e+00,5e+01) | 4.77e+01 |  4:2.0e-02  2:2.4e-01
Iterat, #Fevals:   Function Value    (median,worst) |Axis Ratio|idx:Min SD idx:Max SD
  110 ,   2751 : 2.2650008681864e+01 +(2e+00,3e+01) | 4.78e+01 |  4:2.0e-02  2:2.5e-01
  111 ,   2776 : 2.2218673186555e+01 +(3e+00,4e+01) | 4.79e+01 |  4:1.8e-02  2:2.2e-01
  112 ,   2801 : 2.2397883683856e+01 +(1e+00,2e+01) | 4.85e+01 |  4:1.9e-02  2:2.4e-01
  113 ,   2826 : 2.2059558251696e+01 +(3e+00,4e+01) | 4.89e+01 |  4:2.1e-02  2:2.4e-01
  114 ,   2851 : 2.1641995500916e+01 +(4e+00,5e+01) | 5.01e+01 |  4:2.1e-02  2:2.5e-01
  115 ,   2876 : 2.1744985784608e+01 +(2e+00,8e+01) | 4.98e+01 |  4:2.3e-02  2:2.8e-01
  116 ,   2901 : 2.1566185454398e+01 +(2e+00,2e+01) | 5.20e+01 |  4:2.9e-02  2:3.6e-01
  117 ,   2926 : 2.2264647643180e+01 +(1e+01,2e+02) | 5.34e+01 |  4:3.1e-02  2:3.8e-01
  118 ,   2951 : 2.2244978952025e+01 +(1e+01,9e+01) | 5.42e+01 |  4:2.9e-02  2:3.6e-01
  119 ,   2976 : 2.1267126017250e+01 +(4e+00,3e+01) | 5.68e+01 |  4:2.6e-02  2:3.2e-01
Iterat, #Fevals:   Function Value    (median,worst) |Axis Ratio|idx:Min SD idx:Max SD
  120 ,   3001 : 2.1222031706221e+01 +(4e+00,1e+02) | 5.58e+01 |  4:2.4e-02  2:3.0e-01
  121 ,   3026 : 2.1144948891324e+01 +(2e+00,9e+01) | 5.48e+01 |  4:2.5e-02  2:3.1e-01
  122 ,   3051 : 2.1077321824212e+01 +(2e+00,2e+01) | 5.45e+01 |  4:2.7e-02  2:3.4e-01
  123 ,   3076 : 2.0762492150180e+01 +(5e+00,4e+01) | 5.47e+01 |  4:2.7e-02  2:3.3e-01
  124 ,   3101 : 2.0831274848270e+01 +(1e+01,6e+01) | 5.48e+01 |  4:2.6e-02  2:3.1e-01
  125 ,   3126 : 2.1049190055395e+01 +(4e+00,1e+02) | 5.52e+01 |  4:2.7e-02  2:3.1e-01
  126 ,   3151 : 2.0970303496601e+01 +(5e+00,6e+01) | 5.67e+01 |  4:3.1e-02  2:3.3e-01
  127 ,   3176 : 2.0567251610141e+01 +(3e+00,8e+01) | 5.81e+01 |  4:3.0e-02  2:3.3e-01
  128 ,   3201 : 2.0342418680439e+01 +(3e+00,9e+01) | 5.92e+01 |  4:3.3e-02  2:3.5e-01
  129 ,   3226 : 2.0489664696190e+01 +(1e+01,1e+02) | 5.91e+01 |  4:3.5e-02  2:3.8e-01
Iterat, #Fevals:   Function Value    (median,worst) |Axis Ratio|idx:Min SD idx:Max SD
  130 ,   3251 : 2.0323549117460e+01 +(5e+00,1e+02) | 6.05e+01 |  4:3.3e-02  2:3.6e-01
  131 ,   3276 : 2.0575665454097e+01 +(1e+01,1e+02) | 6.21e+01 |  4:3.3e-02  2:3.5e-01
  132 ,   3301 : 2.0372870483472e+01 +(3e+00,3e+01) | 6.23e+01 |  4:3.1e-02  2:3.2e-01
  133 ,   3326 : 2.0107133686636e+01 +(7e+00,1e+02) | 6.01e+01 |  4:3.1e-02  2:3.1e-01
  134 ,   3351 : 1.9931649958400e+01 +(6e+00,1e+02) | 5.78e+01 |  4:3.2e-02  2:3.2e-01
  135 ,   3376 : 2.0035094510121e+01 +(3e+00,7e+01) | 5.79e+01 |  4:2.8e-02  2:2.8e-01
  136 ,   3401 : 2.0708532298206e+01 +(3e+00,2e+01) | 5.72e+01 |  4:2.5e-02  2:2.5e-01
  137 ,   3426 : 2.0243819360777e+01 +(2e+00,3e+01) | 5.64e+01 |  4:2.2e-02  2:2.2e-01
  138 ,   3451 : 2.0116317780787e+01 +(3e+00,8e+01) | 5.58e+01 |  4:2.2e-02  2:2.2e-01
  139 ,   3476 : 2.0221093316818e+01 +(2e+00,4e+01) | 5.68e+01 |  4:2.5e-02  2:2.3e-01
Iterat, #Fevals:   Function Value    (median,worst) |Axis Ratio|idx:Min SD idx:Max SD
  140 ,   3501 : 1.9940449740196e+01 +(3e+00,3e+01) | 5.78e+01 |  4:2.7e-02  2:2.3e-01
  141 ,   3526 : 2.0046700766739e+01 +(2e+00,3e+01) | 5.31e+01 |  4:2.7e-02  2:2.2e-01
  142 ,   3551 : 2.0094373081745e+01 +(1e+00,4e+01) | 5.18e+01 |  4:2.8e-02  2:2.2e-01
  143 ,   3576 : 2.0002227890924e+01 +(7e+00,6e+01) | 5.30e+01 |  4:3.0e-02  2:2.3e-01
  144 ,   3601 : 1.9987781767939e+01 +(3e+00,4e+01) | 5.34e+01 |  4:2.9e-02  2:2.2e-01
  145 ,   3626 : 1.9914656219026e+01 +(2e+00,7e+01) | 5.42e+01 |  4:3.0e-02  2:2.3e-01
  146 ,   3651 : 2.0385804992545e+01 +(3e+00,8e+01) | 5.60e+01 |  4:2.8e-02  2:2.2e-01
  147 ,   3676 : 2.0034792496573e+01 +(3e+00,2e+01) | 5.64e+01 |  4:2.6e-02  2:2.0e-01
  148 ,   3701 : 2.0217069502080e+01 +(2e+00,2e+01) | 5.65e+01 |  4:2.9e-02  2:2.0e-01
  149 ,   3726 : 2.0156638095134e+01 +(1e+00,3e+01) | 5.77e+01 |  4:2.7e-02  2:1.9e-01
Iterat, #Fevals:   Function Value    (median,worst) |Axis Ratio|idx:Min SD idx:Max SD
  150 ,   3751 : 2.0088179083539e+01 +(5e+00,4e+01) | 5.66e+01 |  4:2.7e-02  2:1.9e-01
  151 ,   3776 : 2.0023012472109e+01 +(4e+00,5e+01) | 5.52e+01 |  4:2.5e-02  2:1.7e-01
  152 ,   3801 : 2.0036370980683e+01 +(9e-01,2e+01) | 5.53e+01 |  4:2.4e-02  2:1.6e-01
  153 ,   3826 : 1.9980911557313e+01 +(1e+00,8e+00) | 5.53e+01 |  4:2.4e-02  2:1.5e-01
  154 ,   3851 : 2.0077243525882e+01 +(2e+00,7e+00) | 5.56e+01 |  4:2.8e-02  2:1.8e-01
  155 ,   3876 : 1.9958207522017e+01 +(2e+00,2e+01) | 5.48e+01 |  4:2.6e-02  2:1.6e-01
  156 ,   3901 : 2.0033862136210e+01 +(2e+00,2e+01) | 5.34e+01 |  4:2.4e-02  2:1.4e-01
  157 ,   3926 : 2.0082106790840e+01 +(1e+00,3e+01) | 5.50e+01 |  4:2.4e-02  2:1.5e-01
  158 ,   3951 : 2.0186517588494e+01 +(1e+00,2e+01) | 5.74e+01 |  4:2.0e-02  2:1.3e-01
  159 ,   3976 : 2.0054018134577e+01 +(7e-01,2e+01) | 5.75e+01 |  4:1.8e-02  2:1.2e-01
Iterat, #Fevals:   Function Value    (median,worst) |Axis Ratio|idx:Min SD idx:Max SD
  160 ,   4001 : 2.0043286817127e+01 +(2e-01,1e+01) | 5.93e+01 |  4:1.8e-02  2:1.2e-01
  161 ,   4026 : 1.9967556424053e+01 +(6e-01,8e+00) | 5.99e+01 |  4:1.8e-02  2:1.2e-01
  162 ,   4051 : 1.9982203479789e+01 +(4e-01,8e+00) | 6.09e+01 |  4:1.9e-02  2:1.2e-01
  163 ,   4076 : 1.9952751385921e+01 +(8e-01,5e+00) | 6.23e+01 |  4:1.9e-02  2:1.2e-01
  164 ,   4101 : 1.9910755346683e+01 +(5e-01,9e+00) | 6.31e+01 |  4:1.7e-02  2:1.1e-01
  165 ,   4126 : 1.9918194293023e+01 +(3e-01,4e+00) | 6.34e+01 |  4:1.9e-02  2:1.1e-01
  166 ,   4151 : 1.9925968454689e+01 +(3e-01,3e+00) | 6.67e+01 |  4:1.7e-02  2:1.0e-01
  167 ,   4176 : 1.9939605861098e+01 +(3e-01,5e+00) | 6.82e+01 |  4:1.4e-02  2:8.5e-02
  168 ,   4201 : 1.9966321786095e+01 +(4e-01,2e+00) | 7.15e+01 |  4:1.2e-02  2:7.4e-02
  169 ,   4226 : 1.9961129825924e+01 +(1e-01,3e+00) | 7.11e+01 |  4:1.2e-02  2:6.9e-02
Iterat, #Fevals:   Function Value    (median,worst) |Axis Ratio|idx:Min SD idx:Max SD
  170 ,   4251 : 1.9972961149902e+01 +(9e-02,2e+00) | 7.24e+01 |  4:1.2e-02  2:6.7e-02
  171 ,   4276 : 1.9937277597006e+01 +(1e-01,2e+00) | 7.57e+01 |  4:1.1e-02  2:6.2e-02
  172 ,   4301 : 1.9934527155002e+01 +(2e-01,1e+00) | 7.58e+01 |  4:9.5e-03  2:5.5e-02
  173 ,   4326 : 1.9916496761222e+01 +(8e-02,2e+00) | 8.03e+01 |  4:8.6e-03  2:5.1e-02
  174 ,   4351 : 1.9910029323277e+01 +(7e-02,4e-01) | 8.06e+01 |  4:8.2e-03  2:4.8e-02
  175 ,   4376 : 1.9919303843505e+01 +(7e-02,4e-01) | 8.13e+01 |  4:8.1e-03  2:4.7e-02
  176 ,   4401 : 1.9900235652946e+01 +(7e-02,3e-01) | 8.33e+01 |  4:8.2e-03  3:4.6e-02
  177 ,   4426 : 1.9914831240095e+01 +(6e-02,4e-01) | 8.77e+01 |  4:8.2e-03  3:5.0e-02
  178 ,   4451 : 1.9885043030631e+01 +(9e-02,9e-01) | 9.17e+01 |  1:9.1e-03  3:5.5e-02
  179 ,   4476 : 1.9893101100611e+01 +(7e-02,4e-01) | 9.69e+01 |  1:9.1e-03  3:5.5e-02
Iterat, #Fevals:   Function Value    (median,worst) |Axis Ratio|idx:Min SD idx:Max SD
  180 ,   4501 : 1.9900362822460e+01 +(7e-02,8e-01) | 1.00e+02 |  1:8.1e-03  3:4.9e-02
  181 ,   4526 : 1.9894168087558e+01 +(5e-02,2e-01) | 1.01e+02 |  1:7.5e-03  3:4.5e-02
  182 ,   4551 : 1.9906141789567e+01 +(6e-02,4e-01) | 1.01e+02 |  1:6.2e-03  3:3.7e-02
  183 ,   4576 : 1.9903666846363e+01 +(4e-02,2e-01) | 1.06e+02 |  1:5.3e-03  3:3.3e-02
  184 ,   4601 : 1.9881097839288e+01 +(5e-02,1e-01) | 1.16e+02 |  1:4.7e-03  3:3.2e-02
  185 ,   4626 : 1.9883615479113e+01 +(4e-02,1e-01) | 1.19e+02 |  1:4.5e-03  3:3.1e-02
  186 ,   4651 : 1.9898742078463e+01 +(3e-02,1e-01) | 1.25e+02 |  1:4.6e-03  3:3.2e-02
  187 ,   4676 : 1.9895049727522e+01 +(3e-02,1e-01) | 1.24e+02 |  1:4.3e-03  3:3.0e-02
  188 ,   4701 : 1.9887648392894e+01 +(4e-02,1e-01) | 1.27e+02 |  1:4.2e-03  3:3.0e-02
  189 ,   4726 : 1.9888450056527e+01 +(4e-02,1e-01) | 1.32e+02 |  1:4.0e-03  3:3.0e-02
Iterat, #Fevals:   Function Value    (median,worst) |Axis Ratio|idx:Min SD idx:Max SD
  190 ,   4751 : 1.9889544507300e+01 +(2e-02,6e-02) | 1.41e+02 |  1:4.1e-03  3:3.1e-02
  191 ,   4776 : 1.9868323755140e+01 +(6e-02,2e-01) | 1.46e+02 |  1:3.8e-03  3:2.9e-02
  192 ,   4801 : 1.9884435856463e+01 +(3e-02,1e-01) | 1.44e+02 |  1:3.3e-03  3:2.5e-02
  193 ,   4826 : 1.9884026715097e+01 +(3e-02,2e-01) | 1.56e+02 |  1:3.4e-03  3:2.7e-02
  194 ,   4851 : 1.9876721318212e+01 +(3e-02,7e-02) | 1.61e+02 |  1:2.8e-03  3:2.3e-02
  195 ,   4876 : 1.9870063066549e+01 +(4e-02,8e-02) | 1.67e+02 |  1:2.7e-03  3:2.2e-02
  196 ,   4901 : 1.9884405722159e+01 +(3e-02,5e-02) | 1.68e+02 |  1:2.7e-03  3:2.2e-02
  197 ,   4926 : 1.9881801778499e+01 +(2e-02,6e-02) | 1.70e+02 |  1:2.5e-03  3:2.1e-02
  198 ,   4951 : 1.9864392810852e+01 +(4e-02,1e-01) | 1.75e+02 |  1:2.2e-03  3:1.8e-02
  199 ,   4976 : 1.9868252168132e+01 +(4e-02,7e-02) | 1.73e+02 |  1:2.4e-03  3:1.9e-02
Iterat, #Fevals:   Function Value    (median,worst) |Axis Ratio|idx:Min SD idx:Max SD
  200 ,   5001 : 1.9879315644526e+01 +(3e-02,6e-02) | 1.82e+02 |  1:2.3e-03  3:1.9e-02
  201 ,   5026 : 1.9864095067951e+01 +(4e-02,7e-02) | 1.81e+02 |  1:2.3e-03  3:1.9e-02
  202 ,   5051 : 1.9870538144541e+01 +(4e-02,7e-02) | 1.93e+02 |  1:2.1e-03  3:1.8e-02
  203 ,   5076 : 1.9875034243877e+01 +(4e-02,6e-02) | 2.02e+02 |  9:2.0e-03  3:1.7e-02
  204 ,   5101 : 1.9875452234367e+01 +(2e-02,5e-02) | 2.01e+02 |  9:1.9e-03  3:1.6e-02
  205 ,   5126 : 1.9876349085054e+01 +(3e-02,7e-02) | 2.05e+02 |  9:1.8e-03  3:1.5e-02
  206 ,   5151 : 1.9869818271745e+01 +(4e-02,6e-02) | 2.07e+02 |  9:1.8e-03  3:1.5e-02
  207 ,   5176 : 1.9869799899769e+01 +(4e-02,6e-02) | 2.11e+02 |  9:1.6e-03  3:1.5e-02
  208 ,   5201 : 1.9849309689701e+01 +(5e-02,8e-02) | 2.14e+02 |  9:1.5e-03  3:1.4e-02
  209 ,   5226 : 1.9878269725886e+01 +(2e-02,5e-02) | 2.05e+02 |  9:1.4e-03  3:1.3e-02
Iterat, #Fevals:   Function Value    (median,worst) |Axis Ratio|idx:Min SD idx:Max SD
  210 ,   5251 : 1.9870776231878e+01 +(3e-02,6e-02) | 1.98e+02 |  9:1.4e-03  3:1.3e-02
  211 ,   5276 : 1.9863871232942e+01 +(4e-02,8e-02) | 2.00e+02 |  9:1.4e-03  3:1.2e-02
  212 ,   5301 : 1.9868080497429e+01 +(4e-02,7e-02) | 2.00e+02 |  9:1.2e-03  3:1.1e-02
  213 ,   5326 : 1.9873199155277e+01 +(3e-02,6e-02) | 1.96e+02 |  9:1.1e-03  3:1.0e-02
  214 ,   5351 : 1.9875649712584e+01 +(3e-02,6e-02) | 1.99e+02 |  9:1.1e-03  3:1.1e-02
  215 ,   5376 : 1.9874266611736e+01 +(2e-02,4e-02) | 1.95e+02 |  9:1.1e-03  3:1.1e-02
  216 ,   5401 : 1.9868967552566e+01 +(3e-02,6e-02) | 1.92e+02 |  9:1.1e-03  3:1.1e-02
  217 ,   5426 : 1.9859366913690e+01 +(4e-02,7e-02) | 2.05e+02 |  9:1.1e-03  3:1.1e-02
  218 ,   5451 : 1.9870955484716e+01 +(4e-02,5e-02) | 2.19e+02 |  9:1.4e-03  3:1.4e-02
  219 ,   5476 : 1.9883838600764e+01 +(2e-02,6e-02) | 2.21e+02 |  9:1.6e-03  3:1.5e-02
Iterat, #Fevals:   Function Value    (median,worst) |Axis Ratio|idx:Min SD idx:Max SD
  220 ,   5501 : 1.9877180132081e+01 +(4e-02,8e-02) | 2.17e+02 |  9:1.6e-03  3:1.5e-02
  221 ,   5526 : 1.9859251970017e+01 +(4e-02,1e-01) | 2.14e+02 |  9:1.4e-03  3:1.3e-02
  222 ,   5551 : 1.9865277217563e+01 +(4e-02,7e-02) | 2.17e+02 |  9:1.2e-03  3:1.1e-02
  223 ,   5576 : 1.9872683341037e+01 +(4e-02,6e-02) | 2.23e+02 |  9:1.3e-03  3:1.2e-02
  224 ,   5601 : 1.9872167584515e+01 +(3e-02,6e-02) | 2.28e+02 |  9:1.3e-03  3:1.2e-02
  225 ,   5626 : 1.9874943171649e+01 +(4e-02,8e-02) | 2.30e+02 |  9:1.1e-03  3:1.1e-02
  226 ,   5651 : 1.9874377191525e+01 +(3e-02,5e-02) | 2.23e+02 |  9:1.0e-03  3:9.0e-03
  227 ,   5676 : 1.9875957289305e+01 +(4e-02,7e-02) | 2.21e+02 |  9:9.4e-04  3:8.8e-03
  228 ,   5701 : 1.9875554366433e+01 +(3e-02,5e-02) | 2.10e+02 |  9:8.0e-04  3:7.5e-03
  229 ,   5726 : 1.9863085254631e+01 +(4e-02,8e-02) | 2.10e+02 |  9:7.6e-04  3:7.2e-03
Iterat, #Fevals:   Function Value    (median,worst) |Axis Ratio|idx:Min SD idx:Max SD
  230 ,   5751 : 1.9866848748655e+01 +(4e-02,7e-02) | 2.14e+02 |  9:6.7e-04  3:6.3e-03
  231 ,   5776 : 1.9862383181446e+01 +(4e-02,8e-02) | 2.17e+02 |  9:6.2e-04  3:6.0e-03
  232 ,   5801 : 1.9868884052246e+01 +(4e-02,6e-02) | 2.21e+02 |  9:5.6e-04  3:5.3e-03
  233 ,   5826 : 1.9868643046845e+01 +(4e-02,6e-02) | 2.33e+02 |  9:4.9e-04  3:4.9e-03
  234 ,   5851 : 1.9864660055499e+01 +(3e-02,6e-02) | 2.28e+02 |  9:4.8e-04  3:4.6e-03
  235 ,   5876 : 1.9877061566456e+01 +(3e-02,5e-02) | 2.40e+02 |  9:4.5e-04  3:4.4e-03
  236 ,   5901 : 1.9854988513169e+01 +(5e-02,7e-02) | 2.46e+02 |  9:4.5e-04  3:4.3e-03
  237 ,   5926 : 1.9858776884350e+01 +(5e-02,7e-02) | 2.39e+02 |  9:4.1e-04  3:3.9e-03
  238 ,   5951 : 1.9870823722098e+01 +(3e-02,7e-02) | 2.31e+02 |  9:3.9e-04  3:3.6e-03
  239 ,   5976 : 1.9876643492928e+01 +(2e-02,6e-02) | 2.30e+02 |  9:3.9e-04  3:3.6e-03
Iterat, #Fevals:   Function Value    (median,worst) |Axis Ratio|idx:Min SD idx:Max SD
  240 ,   6001 : 1.9874626731501e+01 +(3e-02,6e-02) | 2.20e+02 |  9:3.6e-04  3:3.2e-03
  241 ,   6026 : 1.9860659133821e+01 +(4e-02,8e-02) | 2.24e+02 |  9:3.7e-04  3:3.1e-03
  242 ,   6051 : 1.9855179666680e+01 +(5e-02,8e-02) | 2.16e+02 |  9:3.5e-04  3:2.9e-03
  243 ,   6076 : 1.9873689621579e+01 +(3e-02,6e-02) | 2.08e+02 |  9:3.2e-04  3:2.6e-03
  244 ,   6101 : 1.9867500136853e+01 +(4e-02,7e-02) | 2.07e+02 |  9:2.9e-04  3:2.3e-03
  245 ,   6126 : 1.9856379605465e+01 +(4e-02,7e-02) | 2.09e+02 |  9:2.6e-04  3:2.0e-03
  246 ,   6151 : 1.9873823608628e+01 +(3e-02,6e-02) | 2.13e+02 |  9:2.5e-04  3:1.9e-03
  247 ,   6176 : 1.9871205072694e+01 +(2e-02,6e-02) | 2.14e+02 |  9:2.5e-04  3:1.8e-03
  248 ,   6201 : 1.9866102779467e+01 +(3e-02,7e-02) | 2.18e+02 |  9:2.5e-04  3:1.9e-03
  249 ,   6226 : 1.9865116188478e+01 +(3e-02,8e-02) | 2.23e+02 |  4:2.5e-04  3:1.9e-03
Iterat, #Fevals:   Function Value    (median,worst) |Axis Ratio|idx:Min SD idx:Max SD
  250 ,   6251 : 1.9870455901628e+01 +(4e-02,7e-02) | 2.20e+02 |  4:2.5e-04  3:1.8e-03
  251 ,   6276 : 1.9857358282765e+01 +(5e-02,9e-02) | 2.19e+02 |  4:2.3e-04  3:1.7e-03
  252 ,   6301 : 1.9872692537405e+01 +(3e-02,6e-02) | 2.45e+02 |  4:2.4e-04  3:1.8e-03
  253 ,   6326 : 1.9873976319708e+01 +(3e-02,6e-02) | 2.56e+02 |  4:2.3e-04  3:1.8e-03
  254 ,   6351 : 1.9870578206432e+01 +(3e-02,7e-02) | 2.55e+02 |  4:2.5e-04  3:1.9e-03
  255 ,   6376 : 1.9870577819066e+01 +(3e-02,7e-02) | 2.49e+02 |  4:2.2e-04  3:1.6e-03
  256 ,   6401 : 1.9846061632341e+01 +(5e-02,9e-02) | 2.56e+02 |  4:2.4e-04  3:1.7e-03
  257 ,   6426 : 1.9868930807219e+01 +(4e-02,7e-02) | 2.88e+02 |  4:2.8e-04  3:2.2e-03
  258 ,   6451 : 1.9882898017112e+01 +(2e-02,5e-02) | 3.13e+02 |  4:3.0e-04  3:2.5e-03
  259 ,   6476 : 1.9862869506111e+01 +(3e-02,7e-02) | 3.06e+02 |  4:2.8e-04  3:2.4e-03
Iterat, #Fevals:   Function Value    (median,worst) |Axis Ratio|idx:Min SD idx:Max SD
  260 ,   6501 : 1.9861803861413e+01 +(5e-02,9e-02) | 3.10e+02 |  4:2.8e-04  3:2.4e-03
  261 ,   6526 : 1.9862512161183e+01 +(4e-02,6e-02) | 3.03e+02 |  4:2.7e-04  3:2.4e-03
  262 ,   6551 : 1.9867543694495e+01 +(4e-02,6e-02) | 3.00e+02 |  4:2.7e-04  3:2.3e-03
  263 ,   6576 : 1.9865535672824e+01 +(4e-02,7e-02) | 3.17e+02 |  4:2.4e-04  3:2.2e-03
  264 ,   6601 : 1.9862351084659e+01 +(4e-02,7e-02) | 3.46e+02 |  4:2.4e-04  3:2.2e-03
  265 ,   6626 : 1.9851019199152e+01 +(6e-02,9e-02) | 3.44e+02 |  4:2.5e-04  3:2.3e-03
  266 ,   6651 : 1.9879577572006e+01 +(3e-02,5e-02) | 3.55e+02 |  4:2.4e-04  3:2.2e-03
  267 ,   6676 : 1.9861801621808e+01 +(3e-02,8e-02) | 3.72e+02 |  4:2.3e-04  3:2.2e-03
  268 ,   6701 : 1.9867423065115e+01 +(4e-02,7e-02) | 3.63e+02 |  4:1.9e-04  3:1.9e-03
  269 ,   6726 : 1.9869613909268e+01 +(3e-02,6e-02) | 3.87e+02 |  4:2.1e-04  3:2.1e-03
Iterat, #Fevals:   Function Value    (median,worst) |Axis Ratio|idx:Min SD idx:Max SD
  270 ,   6751 : 1.9858107208640e+01 +(4e-02,7e-02) | 3.87e+02 |  4:1.9e-04  3:2.0e-03
  271 ,   6776 : 1.9864064493869e+01 +(4e-02,6e-02) | 3.91e+02 |  9:1.7e-04  3:1.7e-03
  272 ,   6801 : 1.9874570177282e+01 +(2e-02,5e-02) | 4.04e+02 |  9:1.7e-04  3:1.8e-03
  273 ,   6826 : 1.9861409092602e+01 +(4e-02,7e-02) | 3.95e+02 |  4:1.8e-04  3:1.9e-03
  274 ,   6851 : 1.9870884031407e+01 +(2e-02,7e-02) | 3.86e+02 |  9:2.1e-04  3:2.2e-03
  275 ,   6876 : 1.9875889880139e+01 +(3e-02,6e-02) | 3.71e+02 |  9:2.3e-04  3:2.4e-03
  276 ,   6901 : 1.9868570165879e+01 +(3e-02,7e-02) | 3.59e+02 |  9:2.1e-04  3:2.2e-03
  277 ,   6926 : 1.9856292891645e+01 +(5e-02,9e-02) | 3.67e+02 |  9:1.8e-04  3:1.9e-03
  278 ,   6951 : 1.9869900265989e+01 +(4e-02,5e-02) | 3.75e+02 |  9:1.6e-04  3:1.7e-03
  279 ,   6976 : 1.9867518447997e+01 +(4e-02,6e-02) | 3.64e+02 |  9:1.6e-04  3:1.7e-03
Iterat, #Fevals:   Function Value    (median,worst) |Axis Ratio|idx:Min SD idx:Max SD
  280 ,   7001 : 1.9867456472249e+01 +(4e-02,6e-02) | 3.51e+02 |  9:1.4e-04  3:1.5e-03
  281 ,   7026 : 1.9875325592276e+01 +(3e-02,5e-02) | 3.37e+02 |  9:1.6e-04  3:1.5e-03
  282 ,   7051 : 1.9862681347280e+01 +(3e-02,8e-02) | 3.63e+02 |  9:1.6e-04  3:1.5e-03
  283 ,   7076 : 1.9869905376071e+01 +(3e-02,6e-02) | 3.69e+02 |  9:1.6e-04  3:1.5e-03
  284 ,   7101 : 1.9872525740137e+01 +(2e-02,6e-02) | 3.85e+02 |  4:1.8e-04  3:1.7e-03
  285 ,   7126 : 1.9874005704250e+01 +(3e-02,5e-02) | 3.94e+02 |  4:1.7e-04  3:1.7e-03
  286 ,   7151 : 1.9860910316474e+01 +(4e-02,7e-02) | 4.01e+02 |  4:1.6e-04  3:1.6e-03
  287 ,   7176 : 1.9868508173444e+01 +(3e-02,7e-02) | 4.05e+02 |  4:1.5e-04  3:1.4e-03
  288 ,   7201 : 1.9858628819184e+01 +(5e-02,7e-02) | 4.28e+02 |  4:1.4e-04  3:1.4e-03
  289 ,   7226 : 1.9868245746888e+01 +(4e-02,6e-02) | 4.58e+02 |  4:1.4e-04  3:1.5e-03
Iterat, #Fevals:   Function Value    (median,worst) |Axis Ratio|idx:Min SD idx:Max SD
  290 ,   7251 : 1.9863971730036e+01 +(4e-02,7e-02) | 4.59e+02 |  4:1.3e-04  3:1.4e-03
  291 ,   7276 : 1.9861377744278e+01 +(4e-02,6e-02) | 4.69e+02 |  4:1.3e-04  3:1.3e-03
  292 ,   7301 : 1.9865012604368e+01 +(3e-02,6e-02) | 4.71e+02 |  4:1.2e-04  3:1.3e-03
  293 ,   7326 : 1.9872592931850e+01 +(3e-02,6e-02) | 4.69e+02 |  4:1.2e-04  3:1.3e-03
  294 ,   7351 : 1.9849565282269e+01 +(5e-02,8e-02) | 4.58e+02 |  4:1.1e-04  3:1.2e-03
  295 ,   7376 : 1.9859649998273e+01 +(5e-02,7e-02) | 4.66e+02 |  4:1.0e-04  3:1.1e-03
  296 ,   7401 : 1.9870671268624e+01 +(4e-02,6e-02) | 4.67e+02 |  4:1.2e-04  3:1.3e-03
  297 ,   7426 : 1.9860876755110e+01 +(4e-02,8e-02) | 4.68e+02 |  4:1.3e-04  3:1.4e-03
  298 ,   7451 : 1.9873138612590e+01 +(3e-02,6e-02) | 4.82e+02 |  4:1.2e-04  3:1.3e-03
  299 ,   7476 : 1.9866320662419e+01 +(3e-02,6e-02) | 4.77e+02 |  4:1.2e-04  3:1.3e-03
Iterat, #Fevals:   Function Value    (median,worst) |Axis Ratio|idx:Min SD idx:Max SD
  300 ,   7501 : 1.9864398715645e+01 +(4e-02,6e-02) | 4.46e+02 |  4:1.2e-04  3:1.2e-03
  301 ,   7526 : 1.9864654404312e+01 +(4e-02,7e-02) | 4.43e+02 |  4:1.1e-04  3:1.2e-03
  302 ,   7551 : 1.9857881673051e+01 +(4e-02,8e-02) | 4.58e+02 |  4:1.1e-04  3:1.2e-03
  303 ,   7576 : 1.9873729426410e+01 +(3e-02,6e-02) | 4.45e+02 |  4:1.3e-04  3:1.4e-03
  304 ,   7601 : 1.9864657618268e+01 +(4e-02,7e-02) | 4.25e+02 |  4:1.3e-04  3:1.4e-03
  305 ,   7626 : 1.9874915938837e+01 +(3e-02,6e-02) | 4.20e+02 |  4:1.3e-04  3:1.4e-03
  306 ,   7651 : 1.9869262952094e+01 +(3e-02,7e-02) | 4.34e+02 |  4:1.3e-04  3:1.4e-03
  307 ,   7676 : 1.9871980550442e+01 +(3e-02,6e-02) | 4.68e+02 |  4:1.2e-04  3:1.5e-03
  308 ,   7701 : 1.9875453668632e+01 +(2e-02,5e-02) | 4.75e+02 |  4:1.3e-04  3:1.6e-03
  309 ,   7726 : 1.9878292159163e+01 +(3e-02,5e-02) | 4.85e+02 |  4:1.3e-04  3:1.6e-03
Iterat, #Fevals:   Function Value    (median,worst) |Axis Ratio|idx:Min SD idx:Max SD
  310 ,   7751 : 1.9848181544326e+01 +(6e-02,9e-02) | 4.93e+02 |  4:1.2e-04  3:1.5e-03
  311 ,   7776 : 1.9873502764454e+01 +(4e-02,8e-02) | 5.07e+02 |  4:1.1e-04  3:1.4e-03
  312 ,   7801 : 1.9868110584570e+01 +(3e-02,6e-02) | 4.96e+02 |  4:1.1e-04  3:1.4e-03
  313 ,   7826 : 1.9852024686083e+01 +(6e-02,8e-02) | 5.24e+02 |  4:1.2e-04  3:1.5e-03
  314 ,   7851 : 1.9870216755114e+01 +(3e-02,7e-02) | 5.27e+02 |  4:1.2e-04  3:1.5e-03
  315 ,   7876 : 1.9871728203753e+01 +(3e-02,5e-02) | 5.27e+02 |  4:1.2e-04  3:1.4e-03
  316 ,   7901 : 1.9874876303618e+01 +(3e-02,5e-02) | 5.20e+02 |  4:1.2e-04  3:1.4e-03
  317 ,   7926 : 1.9851609744173e+01 +(5e-02,8e-02) | 4.75e+02 |  4:1.2e-04  3:1.4e-03
  318 ,   7951 : 1.9876706552905e+01 +(2e-02,5e-02) | 4.71e+02 |  4:1.1e-04  3:1.3e-03
  319 ,   7976 : 1.9859401252229e+01 +(4e-02,8e-02) | 4.59e+02 |  4:9.5e-05  3:1.1e-03
Iterat, #Fevals:   Function Value    (median,worst) |Axis Ratio|idx:Min SD idx:Max SD
  320 ,   8001 : 1.9862228628221e+01 +(4e-02,8e-02) | 4.74e+02 |  4:9.2e-05  3:1.0e-03
  321 ,   8026 : 1.9873560303130e+01 +(3e-02,6e-02) | 4.87e+02 |  4:7.7e-05  3:8.8e-04
  322 ,   8051 : 1.9867186763661e+01 +(4e-02,7e-02) | 4.66e+02 |  4:7.3e-05  3:8.2e-04
  323 ,   8076 : 1.9867190811197e+01 +(4e-02,8e-02) | 4.55e+02 |  4:6.6e-05  3:7.5e-04
  324 ,   8101 : 1.9874714586246e+01 +(4e-02,7e-02) | 4.73e+02 |  4:6.1e-05  3:6.8e-04
  325 ,   8126 : 1.9862634046045e+01 +(4e-02,8e-02) | 4.78e+02 |  4:5.6e-05  3:6.2e-04
  326 ,   8151 : 1.9868359153561e+01 +(4e-02,7e-02) | 4.89e+02 |  4:5.6e-05  3:6.4e-04
  327 ,   8176 : 1.9851976964519e+01 +(5e-02,9e-02) | 4.82e+02 |  4:5.0e-05  3:5.4e-04
  328 ,   8201 : 1.9866943161408e+01 +(3e-02,6e-02) | 4.85e+02 |  4:4.7e-05  3:4.9e-04
  329 ,   8226 : 1.9863897984608e+01 +(3e-02,6e-02) | 5.24e+02 |  4:4.9e-05  3:5.5e-04
Iterat, #Fevals:   Function Value    (median,worst) |Axis Ratio|idx:Min SD idx:Max SD
  330 ,   8251 : 1.9867304261311e+01 +(3e-02,6e-02) | 5.32e+02 |  4:5.0e-05  3:5.5e-04
  331 ,   8276 : 1.9867744964323e+01 +(4e-02,6e-02) | 5.44e+02 |  4:5.5e-05  3:5.6e-04
  332 ,   8301 : 1.9880082174662e+01 +(2e-02,6e-02) | 5.36e+02 |  4:5.7e-05  3:5.8e-04
  333 ,   8326 : 1.9853486530227e+01 +(5e-02,8e-02) | 5.24e+02 |  4:5.3e-05  3:5.3e-04
  334 ,   8351 : 1.9870771263865e+01 +(3e-02,7e-02) | 5.23e+02 |  4:4.8e-05  3:4.9e-04
  335 ,   8376 : 1.9854544696113e+01 +(4e-02,8e-02) | 5.03e+02 |  4:4.7e-05  3:4.7e-04
  336 ,   8401 : 1.9870964805715e+01 +(3e-02,5e-02) | 5.12e+02 |  4:4.8e-05  3:4.7e-04
  337 ,   8426 : 1.9871994594258e+01 +(3e-02,6e-02) | 4.96e+02 |  4:5.0e-05  3:4.8e-04
  338 ,   8451 : 1.9875844138940e+01 +(2e-02,7e-02) | 4.82e+02 |  4:4.8e-05  3:4.4e-04
  339 ,   8476 : 1.9871315733716e+01 +(3e-02,7e-02) | 5.01e+02 |  4:4.4e-05  3:4.2e-04
Iterat, #Fevals:   Function Value    (median,worst) |Axis Ratio|idx:Min SD idx:Max SD
  340 ,   8501 : 1.9875693837860e+01 +(3e-02,5e-02) | 5.04e+02 |  4:4.2e-05  3:4.0e-04
  341 ,   8526 : 1.9863467569400e+01 +(4e-02,8e-02) | 5.12e+02 |  4:3.8e-05  3:3.7e-04
  342 ,   8551 : 1.9862456988906e+01 +(4e-02,7e-02) | 5.13e+02 |  4:5.0e-05  3:4.3e-04
  343 ,   8576 : 1.9859342328022e+01 +(4e-02,8e-02) | 5.10e+02 |  4:4.4e-05  3:3.7e-04
  344 ,   8601 : 1.9847378698895e+01 +(5e-02,9e-02) | 5.34e+02 |  4:4.2e-05  3:3.8e-04
  345 ,   8626 : 1.9866907562892e+01 +(3e-02,8e-02) | 5.25e+02 |  4:3.9e-05  3:3.5e-04
  346 ,   8651 : 1.9848310503287e+01 +(5e-02,9e-02) | 5.19e+02 |  4:4.2e-05  3:4.0e-04
  347 ,   8676 : 1.9869284897871e+01 +(3e-02,6e-02) | 5.36e+02 |  4:4.6e-05  3:4.4e-04
  348 ,   8701 : 1.9873072010556e+01 +(3e-02,6e-02) | 5.61e+02 |  4:4.9e-05  3:4.7e-04
  349 ,   8726 : 1.9871934768505e+01 +(2e-02,6e-02) | 5.73e+02 |  4:5.8e-05  3:5.4e-04
Iterat, #Fevals:   Function Value    (median,worst) |Axis Ratio|idx:Min SD idx:Max SD
  350 ,   8751 : 1.9851270933621e+01 +(6e-02,9e-02) | 6.07e+02 |  4:5.5e-05  3:5.5e-04
  351 ,   8776 : 1.9882261127687e+01 +(2e-02,7e-02) | 6.27e+02 |  4:4.9e-05  3:4.6e-04
  352 ,   8801 : 1.9857908088430e+01 +(5e-02,7e-02) | 6.32e+02 |  4:4.5e-05  3:4.1e-04
  353 ,   8826 : 1.9860120029032e+01 +(4e-02,8e-02) | 6.44e+02 |  4:4.5e-05  3:4.1e-04
  354 ,   8851 : 1.9876809743393e+01 +(2e-02,6e-02) | 6.71e+02 |  4:4.5e-05  3:4.1e-04
  355 ,   8876 : 1.9881323065697e+01 +(2e-02,5e-02) | 6.63e+02 |  4:4.2e-05  3:3.6e-04
  356 ,   8901 : 1.9864062063453e+01 +(4e-02,6e-02) | 6.71e+02 |  4:4.1e-05  3:3.6e-04
  357 ,   8926 : 1.9848833148033e+01 +(5e-02,9e-02) | 6.91e+02 |  4:4.0e-05  3:3.5e-04
  358 ,   8951 : 1.9859789926702e+01 +(5e-02,7e-02) | 6.86e+02 |  4:4.4e-05  3:3.8e-04
  359 ,   8976 : 1.9868328084326e+01 +(3e-02,6e-02) | 6.73e+02 |  4:4.4e-05  3:3.7e-04
Iterat, #Fevals:   Function Value    (median,worst) |Axis Ratio|idx:Min SD idx:Max SD
  360 ,   9001 : 1.9856730453423e+01 +(4e-02,8e-02) | 6.69e+02 |  4:4.5e-05  3:3.7e-04
  361 ,   9026 : 1.9879428651708e+01 +(3e-02,5e-02) | 7.02e+02 |  9:4.7e-05  3:3.7e-04
  362 ,   9051 : 1.9864616179044e+01 +(4e-02,8e-02) | 7.40e+02 |  9:4.3e-05  3:3.5e-04
  363 ,   9076 : 1.9864945498604e+01 +(3e-02,8e-02) | 7.68e+02 |  9:4.1e-05  3:3.2e-04
  364 ,   9101 : 1.9856296633386e+01 +(4e-02,8e-02) | 8.19e+02 |  4:4.0e-05  3:3.4e-04
  365 ,   9126 : 1.9862650790808e+01 +(5e-02,7e-02) | 8.09e+02 |  9:3.5e-05  3:3.0e-04
  366 ,   9151 : 1.9874123669876e+01 +(3e-02,8e-02) | 8.22e+02 |  9:3.2e-05  3:2.8e-04
  367 ,   9176 : 1.9858223771627e+01 +(4e-02,7e-02) | 8.01e+02 |  9:3.4e-05  3:2.9e-04
  368 ,   9201 : 1.9865021667387e+01 +(4e-02,8e-02) | 7.48e+02 |  9:3.4e-05  3:2.8e-04
  369 ,   9226 : 1.9851117895633e+01 +(4e-02,1e-01) | 7.53e+02 |  9:3.0e-05  3:2.6e-04
Iterat, #Fevals:   Function Value    (median,worst) |Axis Ratio|idx:Min SD idx:Max SD
  370 ,   9251 : 1.9865740322491e+01 +(4e-02,6e-02) | 7.95e+02 |  9:3.2e-05  3:2.8e-04
  371 ,   9276 : 1.9866674901810e+01 +(3e-02,6e-02) | 7.27e+02 |  9:3.0e-05  3:2.6e-04
  372 ,   9301 : 1.9877113390588e+01 +(3e-02,6e-02) | 7.33e+02 |  9:2.6e-05  3:2.3e-04
  373 ,   9326 : 1.9874773633738e+01 +(2e-02,6e-02) | 7.30e+02 |  9:2.4e-05  3:2.1e-04
  374 ,   9351 : 1.9862057789203e+01 +(4e-02,6e-02) | 7.29e+02 |  9:2.3e-05  3:2.0e-04
  375 ,   9376 : 1.9853298604439e+01 +(5e-02,9e-02) | 7.56e+02 |  4:2.2e-05  3:2.0e-04
  376 ,   9401 : 1.9850155771095e+01 +(6e-02,8e-02) | 7.89e+02 |  4:2.3e-05  3:2.0e-04
  377 ,   9426 : 1.9842862459550e+01 +(6e-02,9e-02) | 7.83e+02 |  9:2.4e-05  3:2.2e-04
  378 ,   9451 : 1.9867784993677e+01 +(3e-02,8e-02) | 8.68e+02 |  9:2.5e-05  3:2.5e-04
  379 ,   9476 : 1.9881000981290e+01 +(2e-02,5e-02) | 9.02e+02 |  9:2.6e-05  3:2.7e-04
Iterat, #Fevals:   Function Value    (median,worst) |Axis Ratio|idx:Min SD idx:Max SD
  380 ,   9501 : 1.9854834460140e+01 +(4e-02,9e-02) | 9.06e+02 |  9:2.8e-05  3:2.7e-04
  381 ,   9526 : 1.9864881642671e+01 +(3e-02,7e-02) | 8.90e+02 |  9:2.4e-05  3:2.4e-04
  382 ,   9551 : 1.9868265671581e+01 +(3e-02,6e-02) | 9.40e+02 |  9:2.7e-05  3:2.7e-04
  383 ,   9576 : 1.9858288960976e+01 +(5e-02,8e-02) | 9.72e+02 |  9:2.8e-05  3:2.8e-04
  384 ,   9601 : 1.9866585777585e+01 +(4e-02,7e-02) | 9.95e+02 |  9:3.2e-05  3:3.1e-04
  385 ,   9626 : 1.9863000042397e+01 +(4e-02,7e-02) | 9.73e+02 |  9:3.5e-05  3:3.4e-04
  386 ,   9651 : 1.9861045072451e+01 +(4e-02,8e-02) | 9.87e+02 |  9:3.7e-05  3:3.5e-04
  387 ,   9676 : 1.9858225610899e+01 +(5e-02,9e-02) | 1.00e+03 |  9:3.9e-05  3:3.6e-04
  388 ,   9701 : 1.9870654445463e+01 +(2e-02,7e-02) | 9.75e+02 |  9:4.0e-05  3:3.6e-04
  389 ,   9726 : 1.9866257432633e+01 +(4e-02,7e-02) | 1.03e+03 |  9:3.6e-05  3:3.5e-04
Iterat, #Fevals:   Function Value    (median,worst) |Axis Ratio|idx:Min SD idx:Max SD
  390 ,   9751 : 1.9867657647006e+01 +(4e-02,8e-02) | 1.04e+03 |  9:3.6e-05  3:3.5e-04
  391 ,   9776 : 1.9862579387885e+01 +(4e-02,8e-02) | 9.98e+02 |  9:3.7e-05  3:3.5e-04
  392 ,   9801 : 1.9868556907748e+01 +(4e-02,6e-02) | 9.83e+02 |  9:3.4e-05  3:3.2e-04
  393 ,   9826 : 1.9870915681957e+01 +(4e-02,8e-02) | 1.05e+03 |  9:3.3e-05  3:3.3e-04
  394 ,   9851 : 1.9860699116738e+01 +(3e-02,8e-02) | 1.09e+03 |  9:3.6e-05  3:3.6e-04
  395 ,   9876 : 1.9875511954215e+01 +(3e-02,6e-02) | 1.21e+03 |  9:3.8e-05  3:4.0e-04
  396 ,   9901 : 1.9867771843649e+01 +(4e-02,6e-02) | 1.21e+03 |  9:3.8e-05  3:3.9e-04
  397 ,   9926 : 1.9866169339817e+01 +(4e-02,6e-02) | 1.23e+03 |  9:3.6e-05  3:3.7e-04
  398 ,   9951 : 1.9857720731984e+01 +(5e-02,8e-02) | 1.31e+03 |  9:3.6e-05  3:3.8e-04
  399 ,   9976 : 1.9869778266059e+01 +(3e-02,6e-02) | 1.34e+03 |  9:3.7e-05  3:3.5e-04
Iterat, #Fevals:   Function Value    (median,worst) |Axis Ratio|idx:Min SD idx:Max SD
  400 ,  10001 : 1.9859441709063e+01 +(5e-02,8e-02) | 1.31e+03 |  9:3.6e-05  3:3.3e-04
  401 ,  10026 : 1.9863642546809e+01 +(4e-02,7e-02) | 1.36e+03 |  9:3.4e-05  3:3.4e-04
  402 ,  10051 : 1.9872182227048e+01 +(3e-02,5e-02) | 1.40e+03 |  9:3.8e-05  3:3.9e-04
  403 ,  10076 : 1.9854553979116e+01 +(5e-02,8e-02) | 1.35e+03 |  9:3.7e-05  3:3.7e-04
  404 ,  10101 : 1.9865918763999e+01 +(4e-02,6e-02) | 1.33e+03 |  9:3.2e-05  3:3.2e-04
  405 ,  10126 : 1.9880328248439e+01 +(3e-02,6e-02) | 1.25e+03 |  9:3.3e-05  3:3.2e-04
  406 ,  10151 : 1.9874073033522e+01 +(3e-02,7e-02) | 1.23e+03 |  9:3.3e-05  3:3.2e-04
  407 ,  10176 : 1.9875476314423e+01 +(3e-02,6e-02) | 1.20e+03 |  9:3.4e-05  3:3.2e-04
  408 ,  10201 : 1.9854597242081e+01 +(5e-02,6e-02) | 1.18e+03 |  9:3.4e-05  3:3.1e-04
  409 ,  10226 : 1.9870698240328e+01 +(3e-02,6e-02) | 1.15e+03 |  9:3.3e-05  3:2.9e-04
Iterat, #Fevals:   Function Value    (median,worst) |Axis Ratio|idx:Min SD idx:Max SD
  410 ,  10251 : 1.9862619538841e+01 +(3e-02,6e-02) | 1.12e+03 |  9:3.0e-05  3:2.6e-04
  411 ,  10276 : 1.9865568251358e+01 +(4e-02,7e-02) | 1.09e+03 |  9:3.0e-05  3:2.7e-04
  412 ,  10301 : 1.9849089152852e+01 +(6e-02,1e-01) | 1.16e+03 |  9:2.9e-05  3:2.7e-04
  413 ,  10326 : 1.9873026365309e+01 +(3e-02,7e-02) | 1.25e+03 |  9:3.5e-05  3:3.5e-04
  414 ,  10351 : 1.9870761803093e+01 +(3e-02,7e-02) | 1.22e+03 |  9:3.5e-05  3:3.5e-04
  415 ,  10376 : 1.9869577554662e+01 +(3e-02,7e-02) | 1.27e+03 |  9:3.5e-05  3:3.6e-04
  416 ,  10401 : 1.9874221519329e+01 +(2e-02,4e-02) | 1.28e+03 |  9:3.3e-05  3:3.3e-04
  417 ,  10426 : 1.9863120086131e+01 +(5e-02,8e-02) | 1.37e+03 |  9:3.3e-05  3:3.5e-04
  418 ,  10451 : 1.9870129205656e+01 +(3e-02,6e-02) | 1.43e+03 |  9:3.2e-05  3:3.5e-04
  419 ,  10476 : 1.9858914932577e+01 +(5e-02,7e-02) | 1.45e+03 |  9:3.2e-05  3:3.4e-04
Iterat, #Fevals:   Function Value    (median,worst) |Axis Ratio|idx:Min SD idx:Max SD
  420 ,  10501 : 1.9862114360706e+01 +(3e-02,7e-02) | 1.46e+03 |  9:3.3e-05  3:3.3e-04
  421 ,  10526 : 1.9857616933893e+01 +(6e-02,7e-02) | 1.47e+03 |  9:3.6e-05  3:3.6e-04
  422 ,  10551 : 1.9855673463564e+01 +(4e-02,8e-02) | 1.47e+03 |  9:3.8e-05  3:3.8e-04
  423 ,  10576 : 1.9857580707967e+01 +(5e-02,9e-02) | 1.43e+03 |  9:3.6e-05  3:3.5e-04
  424 ,  10601 : 1.9857160172234e+01 +(4e-02,8e-02) | 1.44e+03 |  9:3.5e-05  3:3.5e-04
  425 ,  10626 : 1.9867403202113e+01 +(4e-02,6e-02) | 1.42e+03 |  9:4.0e-05  3:3.7e-04
  426 ,  10651 : 1.9865070989353e+01 +(4e-02,7e-02) | 1.44e+03 |  9:4.5e-05  3:4.1e-04
  427 ,  10676 : 1.9857760887983e+01 +(4e-02,7e-02) | 1.43e+03 |  9:5.2e-05  3:4.4e-04
  428 ,  10701 : 1.9862088529935e+01 +(4e-02,7e-02) | 1.46e+03 |  9:5.8e-05  3:5.0e-04
  429 ,  10726 : 1.9868449062665e+01 +(4e-02,7e-02) | 1.40e+03 |  9:6.3e-05  3:5.4e-04
Iterat, #Fevals:   Function Value    (median,worst) |Axis Ratio|idx:Min SD idx:Max SD
  430 ,  10751 : 1.9854069093183e+01 +(5e-02,8e-02) | 1.30e+03 |  9:7.5e-05  3:6.2e-04
  431 ,  10776 : 1.9864575665576e+01 +(4e-02,8e-02) | 1.36e+03 |  9:8.1e-05  3:7.0e-04
  432 ,  10801 : 1.9873211930079e+01 +(3e-02,5e-02) | 1.50e+03 |  9:8.7e-05  3:7.8e-04
  433 ,  10826 : 1.9860351030123e+01 +(5e-02,8e-02) | 1.52e+03 |  9:1.0e-04  3:8.5e-04
  434 ,  10851 : 1.9861247206056e+01 +(4e-02,8e-02) | 1.42e+03 |  9:1.1e-04  3:9.1e-04
  435 ,  10876 : 1.9857061712594e+01 +(5e-02,8e-02) | 1.38e+03 |  9:1.2e-04  3:9.6e-04
  436 ,  10901 : 1.9872754505124e+01 +(3e-02,5e-02) | 1.37e+03 |  9:1.0e-04  3:8.8e-04
  437 ,  10926 : 1.9860373396834e+01 +(4e-02,8e-02) | 1.35e+03 |  9:9.7e-05  3:8.4e-04
  438 ,  10951 : 1.9863368553297e+01 +(3e-02,7e-02) | 1.41e+03 |  9:1.0e-04  3:9.5e-04
  439 ,  10976 : 1.9871997662944e+01 +(4e-02,6e-02) | 1.37e+03 |  9:1.1e-04  3:9.6e-04
Iterat, #Fevals:   Function Value    (median,worst) |Axis Ratio|idx:Min SD idx:Max SD
  440 ,  11001 : 1.9860539156088e+01 +(4e-02,7e-02) | 1.35e+03 |  9:1.1e-04  3:1.0e-03
  441 ,  11026 : 1.9863897206376e+01 +(4e-02,5e-02) | 1.34e+03 |  9:1.1e-04  3:1.0e-03
  442 ,  11051 : 1.9860353577080e+01 +(3e-02,7e-02) | 1.32e+03 |  9:9.7e-05  3:9.0e-04
  443 ,  11076 : 1.9871457668582e+01 +(3e-02,6e-02) | 1.32e+03 |  9:1.1e-04  3:1.1e-03
  444 ,  11101 : 1.9861173979282e+01 +(3e-02,6e-02) | 1.31e+03 |  9:1.0e-04  3:1.0e-03
  445 ,  11126 : 1.9870642725250e+01 +(3e-02,7e-02) | 1.34e+03 |  9:1.0e-04  3:1.0e-03
  446 ,  11151 : 1.9862204322838e+01 +(4e-02,7e-02) | 1.32e+03 |  9:9.0e-05  3:8.9e-04
  447 ,  11176 : 1.9857264340712e+01 +(5e-02,8e-02) | 1.33e+03 |  9:8.1e-05  3:7.8e-04
  448 ,  11201 : 1.9873177702033e+01 +(3e-02,6e-02) | 1.37e+03 |  9:8.6e-05  3:8.7e-04
  449 ,  11226 : 1.9859459421673e+01 +(5e-02,7e-02) | 1.43e+03 |  9:8.6e-05  3:8.9e-04
Iterat, #Fevals:   Function Value    (median,worst) |Axis Ratio|idx:Min SD idx:Max SD
  450 ,  11251 : 1.9867826397014e+01 +(2e-02,7e-02) | 1.38e+03 |  9:8.7e-05  3:8.6e-04
  451 ,  11276 : 1.9860560711794e+01 +(4e-02,7e-02) | 1.46e+03 |  9:7.9e-05  3:8.3e-04
  452 ,  11301 : 1.9855809413518e+01 +(4e-02,7e-02) | 1.45e+03 |  9:8.2e-05  3:8.6e-04
  453 ,  11326 : 1.9861571444280e+01 +(4e-02,7e-02) | 1.46e+03 |  9:7.6e-05  3:7.9e-04
  454 ,  11351 : 1.9862690599601e+01 +(4e-02,8e-02) | 1.59e+03 |  9:7.4e-05  3:8.1e-04
  455 ,  11376 : 1.9857045394675e+01 +(4e-02,7e-02) | 1.57e+03 |  9:6.7e-05  3:7.3e-04
  456 ,  11401 : 1.9865686797333e+01 +(4e-02,8e-02) | 1.56e+03 |  9:6.0e-05  3:6.8e-04
  457 ,  11426 : 1.9858652702830e+01 +(4e-02,8e-02) | 1.57e+03 |  9:6.8e-05  3:7.7e-04
  458 ,  11451 : 1.9864985382898e+01 +(4e-02,8e-02) | 1.56e+03 |  9:7.4e-05  3:8.5e-04
  459 ,  11476 : 1.9858540251692e+01 +(5e-02,8e-02) | 1.51e+03 |  9:7.8e-05  3:8.8e-04
Iterat, #Fevals:   Function Value    (median,worst) |Axis Ratio|idx:Min SD idx:Max SD
  460 ,  11501 : 1.9844426876252e+01 +(6e-02,1e-01) | 1.55e+03 |  9:7.8e-05  3:8.8e-04
  461 ,  11526 : 1.9879414409038e+01 +(3e-02,6e-02) | 1.63e+03 |  9:7.7e-05  3:8.9e-04
  462 ,  11551 : 1.9845257270225e+01 +(5e-02,9e-02) | 1.65e+03 |  9:7.8e-05  3:9.1e-04
  463 ,  11576 : 1.9857679831341e+01 +(5e-02,8e-02) | 1.70e+03 |  9:7.1e-05  3:8.3e-04
  464 ,  11601 : 1.9866023988094e+01 +(4e-02,8e-02) | 1.76e+03 |  9:7.3e-05  3:8.6e-04
  465 ,  11626 : 1.9863338487739e+01 +(4e-02,7e-02) | 1.73e+03 |  9:7.1e-05  3:8.1e-04
  466 ,  11651 : 1.9865398524977e+01 +(4e-02,6e-02) | 1.69e+03 |  9:6.9e-05  3:7.7e-04
  467 ,  11676 : 1.9869165412354e+01 +(3e-02,8e-02) | 1.67e+03 |  9:6.5e-05  3:7.3e-04
  468 ,  11701 : 1.9866094218593e+01 +(4e-02,7e-02) | 1.70e+03 |  9:6.3e-05  3:7.0e-04
  469 ,  11726 : 1.9857358342626e+01 +(5e-02,8e-02) | 1.67e+03 |  9:6.0e-05  3:6.6e-04
Iterat, #Fevals:   Function Value    (median,worst) |Axis Ratio|idx:Min SD idx:Max SD
  470 ,  11751 : 1.9862535833941e+01 +(4e-02,6e-02) | 1.77e+03 |  9:6.4e-05  3:7.2e-04
  471 ,  11776 : 1.9860223842035e+01 +(4e-02,7e-02) | 1.69e+03 |  9:6.8e-05  3:7.2e-04
  472 ,  11801 : 1.9865305305935e+01 +(3e-02,8e-02) | 1.76e+03 |  9:6.5e-05  3:6.9e-04
  473 ,  11826 : 1.9870008669421e+01 +(3e-02,7e-02) | 1.73e+03 |  9:6.1e-05  3:6.5e-04
  474 ,  11851 : 1.9866231146778e+01 +(4e-02,6e-02) | 1.87e+03 |  9:5.9e-05  3:6.5e-04
  475 ,  11876 : 1.9859711655718e+01 +(4e-02,8e-02) | 1.85e+03 |  9:6.3e-05  3:6.9e-04
  476 ,  11901 : 1.9861766804813e+01 +(4e-02,8e-02) | 1.90e+03 |  9:5.9e-05  3:6.8e-04
  477 ,  11926 : 1.9855568915257e+01 +(5e-02,7e-02) | 1.97e+03 |  9:5.5e-05  3:6.5e-04
  478 ,  11951 : 1.9864845044619e+01 +(3e-02,7e-02) | 1.96e+03 |  9:4.5e-05  3:5.4e-04
  479 ,  11976 : 1.9856772503489e+01 +(5e-02,7e-02) | 2.07e+03 |  9:4.1e-05  3:5.0e-04
Iterat, #Fevals:   Function Value    (median,worst) |Axis Ratio|idx:Min SD idx:Max SD
  480 ,  12001 : 1.9870624312731e+01 +(3e-02,7e-02) | 2.12e+03 |  9:3.3e-05  3:4.2e-04
  481 ,  12026 : 1.9862411724815e+01 +(3e-02,7e-02) | 2.16e+03 |  9:2.8e-05  3:3.5e-04
  482 ,  12051 : 1.9872744852800e+01 +(2e-02,6e-02) | 2.18e+03 |  9:2.5e-05  3:3.1e-04
  483 ,  12076 : 1.9874252891986e+01 +(3e-02,6e-02) | 2.25e+03 |  9:2.3e-05  3:3.0e-04
  484 ,  12101 : 1.9863302446832e+01 +(4e-02,7e-02) | 2.44e+03 |  9:2.4e-05  3:3.1e-04
  485 ,  12126 : 1.9847857072779e+01 +(5e-02,8e-02) | 2.48e+03 |  9:2.5e-05  3:3.2e-04
  486 ,  12151 : 1.9871257987571e+01 +(3e-02,7e-02) | 2.51e+03 |  9:3.3e-05  3:3.7e-04
  487 ,  12176 : 1.9872147970392e+01 +(3e-02,7e-02) | 2.58e+03 |  9:3.5e-05  3:4.1e-04
  488 ,  12201 : 1.9859800563396e+01 +(4e-02,8e-02) | 2.72e+03 |  9:4.0e-05  3:4.6e-04
  489 ,  12226 : 1.9851960889684e+01 +(5e-02,8e-02) | 2.86e+03 |  9:4.6e-05  3:5.2e-04
Iterat, #Fevals:   Function Value    (median,worst) |Axis Ratio|idx:Min SD idx:Max SD
  490 ,  12251 : 1.9857939635325e+01 +(4e-02,8e-02) | 2.67e+03 |  9:4.5e-05  3:5.1e-04
  491 ,  12276 : 1.9879383743692e+01 +(3e-02,6e-02) | 2.66e+03 |  9:4.2e-05  3:4.7e-04
  492 ,  12301 : 1.9872036063212e+01 +(3e-02,5e-02) | 2.78e+03 |  9:3.9e-05  3:4.4e-04
  493 ,  12326 : 1.9872799350147e+01 +(3e-02,6e-02) | 2.77e+03 |  9:3.6e-05  3:4.1e-04
  494 ,  12351 : 1.9851187300665e+01 +(6e-02,8e-02) | 2.85e+03 |  9:3.4e-05  3:3.8e-04
  495 ,  12376 : 1.9852445677676e+01 +(5e-02,7e-02) | 2.97e+03 |  9:3.4e-05  3:4.0e-04
  496 ,  12401 : 1.9861205653021e+01 +(4e-02,6e-02) | 2.96e+03 |  9:2.9e-05  3:3.4e-04
  497 ,  12426 : 1.9866063256975e+01 +(4e-02,7e-02) | 2.97e+03 |  9:2.8e-05  3:3.3e-04
  498 ,  12451 : 1.9865329718437e+01 +(3e-02,6e-02) | 2.94e+03 |  9:2.6e-05  3:3.1e-04
  499 ,  12476 : 1.9862777353306e+01 +(4e-02,7e-02) | 2.88e+03 |  9:2.3e-05  3:2.6e-04
Iterat, #Fevals:   Function Value    (median,worst) |Axis Ratio|idx:Min SD idx:Max SD
  500 ,  12501 : 1.9864565965754e+01 +(3e-02,7e-02) | 3.00e+03 |  9:2.1e-05  3:2.4e-04
  501 ,  12526 : 1.9866563837586e+01 +(4e-02,8e-02) | 3.11e+03 |  9:2.1e-05  3:2.5e-04
  502 ,  12551 : 1.9870530874638e+01 +(4e-02,7e-02) | 3.12e+03 |  9:2.3e-05  3:2.7e-04
  503 ,  12576 : 1.9861752626300e+01 +(4e-02,9e-02) | 3.18e+03 |  9:2.4e-05  3:2.9e-04
  504 ,  12601 : 1.9865515816081e+01 +(4e-02,7e-02) | 3.57e+03 |  9:2.6e-05  3:3.5e-04
  505 ,  12626 : 1.9875581425971e+01 +(2e-02,5e-02) | 3.60e+03 |  9:2.3e-05  3:3.1e-04
  506 ,  12651 : 1.9877460813796e+01 +(2e-02,6e-02) | 3.53e+03 |  9:2.4e-05  3:3.2e-04
  507 ,  12676 : 1.9867427608112e+01 +(4e-02,7e-02) | 3.43e+03 |  9:2.2e-05  3:3.0e-04
  508 ,  12701 : 1.9871082263150e+01 +(3e-02,6e-02) | 3.48e+03 |  9:2.2e-05  3:2.9e-04
  509 ,  12726 : 1.9861012314958e+01 +(4e-02,8e-02) | 3.48e+03 |  9:2.0e-05  3:2.6e-04
Iterat, #Fevals:   Function Value    (median,worst) |Axis Ratio|idx:Min SD idx:Max SD
  510 ,  12751 : 1.9858464879355e+01 +(5e-02,8e-02) | 3.58e+03 |  9:2.1e-05  3:2.7e-04
  511 ,  12776 : 1.9857132305118e+01 +(4e-02,7e-02) | 3.49e+03 |  9:1.9e-05  3:2.4e-04
  512 ,  12801 : 1.9867876169128e+01 +(3e-02,6e-02) | 3.16e+03 |  9:1.9e-05  3:2.4e-04
  513 ,  12826 : 1.9871445997084e+01 +(3e-02,7e-02) | 3.27e+03 |  9:1.8e-05  3:2.2e-04
  514 ,  12851 : 1.9867838452843e+01 +(3e-02,8e-02) | 3.37e+03 |  9:1.8e-05  3:2.1e-04
  515 ,  12876 : 1.9866388928108e+01 +(4e-02,7e-02) | 3.39e+03 |  9:1.7e-05  3:2.0e-04
  516 ,  12901 : 1.9869398209759e+01 +(3e-02,7e-02) | 3.30e+03 |  9:1.6e-05  3:1.8e-04
  517 ,  12926 : 1.9866588424943e+01 +(3e-02,6e-02) | 3.22e+03 |  9:1.5e-05  3:1.7e-04
  518 ,  12951 : 1.9866501095554e+01 +(3e-02,5e-02) | 3.44e+03 |  9:1.7e-05  3:2.0e-04
  519 ,  12976 : 1.9876641407600e+01 +(3e-02,5e-02) | 3.86e+03 |  9:1.8e-05  3:2.3e-04
Iterat, #Fevals:   Function Value    (median,worst) |Axis Ratio|idx:Min SD idx:Max SD
  520 ,  13001 : 1.9857535816078e+01 +(5e-02,8e-02) | 4.14e+03 |  9:1.8e-05  3:2.4e-04
  521 ,  13026 : 1.9874161857969e+01 +(3e-02,5e-02) | 4.36e+03 |  9:1.9e-05  3:2.5e-04
  522 ,  13051 : 1.9856289804575e+01 +(5e-02,7e-02) | 4.42e+03 |  9:1.9e-05  3:2.6e-04
  523 ,  13076 : 1.9870705916409e+01 +(4e-02,7e-02) | 4.27e+03 |  9:1.7e-05  3:2.4e-04
  524 ,  13101 : 1.9877794082935e+01 +(3e-02,6e-02) | 4.14e+03 |  9:1.7e-05  3:2.4e-04
#Fevals:   f(returned x)   |    bestever.f     | stopflag (saved to variablescmaes14_7_197.mat)
  13102: 1.98777940829e+01 | 1.98428624595e+01 | stagnation
mean solution: +2.2e-01 +1.1e+00 +9.8e-01 +2.0e-01 +1.6e+00 +9.6e-01 +2.7e-01 +3.6e-01 +2.5e+00
std deviation:  7.5e-05  8.3e-05  2.4e-04  4.0e-05  9.3e-05  1.5e-04  1.1e-04  1.0e-04  1.7e-05
use plotcmaesdat.m for plotting the output at any time (option LogModulo must not be zero)
