
                            < M A T L A B (R) >
                  Copyright 1984-2015 The MathWorks, Inc.
                   R2015a (8.5.0.197613) 64-bit (glnxa64)
                             February 12, 2015

 
For online documentation, see http://www.mathworks.com/support
For product information, visit www.mathworks.com.
 

	Academic License


seed =

                185.641164


Initialtheta =

          13055.4418784534
          5150475.00530357
          39430368.3943481
           6543.1089623719
          2858.84450096691
          220.413608613009
          0.03318384807455
          8.89963002295844
          851.210316796275

  n=9: (12,25)-CMA-ES(w=[24 17 14... 1.5 0.74]%, ]%, mu_eff=7.3) on function Error
Iterat, #Fevals:   Function Value    (median,worst) |Axis Ratio|idx:Min SD idx:Max SD
    1 ,     26 : 1.2358170219820e+02 +(2e+07,6e+17) | 1.01e+01 |  9:2.4e-01  1:2.4e+00
    2 ,     51 : 1.2358085908950e+02 +(8e-02,3e+15) | 9.93e+00 |  9:2.2e-01  1:2.2e+00
    3 ,     76 : 1.2332961162968e+02 +(4e+06,2e+10) | 1.01e+01 |  9:2.3e-01  1:2.3e+00
    4 ,    101 : 1.2319589403990e+02 +(1e+06,3e+09) | 1.04e+01 |  9:2.3e-01  1:2.4e+00
    5 ,    126 : 1.2360024392823e+02 +(3e+06,1e+11) | 1.03e+01 |  9:2.0e-01  1:2.0e+00
    6 ,    151 : 1.2329468047213e+02 +(3e+06,4e+08) | 1.03e+01 |  9:1.7e-01  1:1.8e+00
    7 ,    176 : 1.2361412447896e+02 +(9e+04,3e+09) | 1.04e+01 |  9:1.6e-01  1:1.6e+00
    8 ,    201 : 5.0336007089543e+01 +(4e+05,2e+08) | 1.06e+01 |  9:1.9e-01  1:1.9e+00
    9 ,    226 : 1.2224715648404e+02 +(2e+04,3e+08) | 1.06e+01 |  9:1.9e-01  1:1.9e+00
Iterat, #Fevals:   Function Value    (median,worst) |Axis Ratio|idx:Min SD idx:Max SD
   10 ,    251 : 1.2337058750874e+02 +(3e-01,4e+08) | 1.04e+01 |  9:1.6e-01  1:1.6e+00
   11 ,    276 : 1.2358495277639e+02 +(2e+05,1e+08) | 1.06e+01 |  9:1.4e-01  1:1.4e+00
   12 ,    301 : 8.2936710701186e+01 +(2e+05,4e+07) | 9.96e+00 |  9:1.3e-01  1:1.3e+00
   13 ,    326 : 9.7518224849144e+01 +(2e+04,1e+07) | 9.81e+00 |  9:1.2e-01  1:1.1e+00
   14 ,    351 : 7.7248633039154e+01 +(3e+04,3e+06) | 9.79e+00 |  9:1.2e-01  1:1.1e+00
   15 ,    376 : 5.6906429186959e+01 +(6e+02,3e+06) | 9.17e+00 |  9:1.6e-01  1:1.3e+00
   16 ,    401 : 3.2105016307779e+01 +(2e+03,2e+07) | 8.95e+00 |  9:1.5e-01  1:1.1e+00
   17 ,    426 : 1.2322975419959e+02 +(2e+03,4e+06) | 9.02e+00 |  9:1.3e-01  1:1.0e+00
   18 ,    451 : 1.0557458790647e+02 +(8e+01,7e+06) | 9.29e+00 |  9:1.4e-01  1:1.1e+00
   19 ,    476 : 1.2365808073042e+02 +(5e+01,2e+06) | 9.22e+00 |  9:1.2e-01  1:9.7e-01
Iterat, #Fevals:   Function Value    (median,worst) |Axis Ratio|idx:Min SD idx:Max SD
   20 ,    501 : 5.7437580507087e+01 +(1e+04,1e+06) | 9.55e+00 |  9:1.3e-01  1:1.0e+00
   21 ,    526 : 6.3206940698263e+01 +(1e+03,3e+07) | 9.49e+00 |  9:1.2e-01  1:1.0e+00
   22 ,    551 : 9.3695857494629e+01 +(3e+01,3e+06) | 9.55e+00 |  9:1.3e-01  1:1.1e+00
   23 ,    576 : 1.0140391159218e+02 +(4e+03,2e+06) | 9.61e+00 |  9:1.2e-01  1:9.8e-01
   24 ,    601 : 1.1355581161795e+02 +(5e+02,6e+05) | 1.00e+01 |  9:1.1e-01  1:8.9e-01
   25 ,    626 : 3.2761558994046e+01 +(2e+03,1e+06) | 1.03e+01 |  9:9.6e-02  1:8.3e-01
   26 ,    651 : 3.1516877803313e+01 +(9e+01,5e+04) | 1.03e+01 |  9:8.1e-02  1:7.1e-01
   27 ,    676 : 3.4043452754571e+01 +(9e+01,4e+04) | 1.05e+01 |  9:7.2e-02  1:6.2e-01
   28 ,    701 : 2.6668071890521e+01 +(1e+02,3e+03) | 1.03e+01 |  9:6.5e-02  1:5.6e-01
   29 ,    726 : 3.0678796418427e+01 +(9e+01,2e+04) | 1.05e+01 |  9:5.9e-02  1:5.3e-01
Iterat, #Fevals:   Function Value    (median,worst) |Axis Ratio|idx:Min SD idx:Max SD
   30 ,    751 : 3.1385124685431e+01 +(9e+01,3e+04) | 1.09e+01 |  9:5.9e-02  1:5.5e-01
   31 ,    776 : 2.7162086163882e+01 +(1e+02,1e+04) | 1.10e+01 |  9:6.1e-02  1:5.5e-01
   32 ,    801 : 3.2062241587094e+01 +(9e+01,3e+04) | 1.11e+01 |  9:5.9e-02  1:5.4e-01
   33 ,    826 : 3.0033331795427e+01 +(9e+01,3e+03) | 1.10e+01 |  9:6.3e-02  1:5.9e-01
   34 ,    851 : 2.8822500339099e+01 +(9e+01,3e+03) | 1.09e+01 |  9:5.9e-02  1:5.5e-01
   35 ,    876 : 2.8835920324234e+01 +(9e+01,1e+04) | 1.11e+01 |  9:5.5e-02  1:5.2e-01
   36 ,    901 : 3.4652256284703e+01 +(9e+01,5e+03) | 1.14e+01 |  9:4.9e-02  1:4.8e-01
   37 ,    926 : 2.7120257794949e+01 +(8e+01,4e+03) | 1.17e+01 |  9:4.4e-02  1:4.3e-01
   38 ,    951 : 2.7422036005851e+01 +(9e+01,4e+03) | 1.15e+01 |  9:4.8e-02  1:4.6e-01
   39 ,    976 : 3.6068990485692e+01 +(7e+01,9e+02) | 1.16e+01 |  9:4.3e-02  1:4.1e-01
Iterat, #Fevals:   Function Value    (median,worst) |Axis Ratio|idx:Min SD idx:Max SD
   40 ,   1001 : 3.2396931339132e+01 +(7e+01,2e+03) | 1.22e+01 |  9:4.2e-02  1:4.0e-01
   41 ,   1026 : 2.8088789948272e+01 +(9e+01,1e+03) | 1.21e+01 |  9:3.9e-02  1:3.6e-01
   42 ,   1051 : 2.7768520028055e+01 +(7e+01,6e+02) | 1.21e+01 |  9:3.4e-02  1:3.1e-01
   43 ,   1076 : 2.7885702940970e+01 +(2e+01,2e+02) | 1.23e+01 |  9:2.8e-02  1:2.6e-01
   44 ,   1101 : 2.8263758139252e+01 +(2e+01,6e+02) | 1.22e+01 |  9:2.4e-02  1:2.2e-01
   45 ,   1126 : 2.7833989906559e+01 +(2e+01,2e+02) | 1.22e+01 |  9:2.0e-02  1:1.9e-01
   46 ,   1151 : 2.7672443360795e+01 +(1e+01,9e+01) | 1.25e+01 |  9:2.0e-02  1:1.8e-01
   47 ,   1176 : 2.7973357398121e+01 +(2e+01,1e+02) | 1.45e+01 |  9:2.3e-02  1:2.4e-01
   48 ,   1201 : 2.7791641679874e+01 +(2e+01,1e+02) | 1.45e+01 |  9:2.3e-02  1:2.5e-01
   49 ,   1226 : 2.7214081163970e+01 +(2e+01,1e+02) | 1.49e+01 |  9:2.6e-02  1:2.6e-01
Iterat, #Fevals:   Function Value    (median,worst) |Axis Ratio|idx:Min SD idx:Max SD
   50 ,   1251 : 2.7944934589061e+01 +(2e+01,1e+02) | 1.60e+01 |  9:2.4e-02  1:2.4e-01
   51 ,   1276 : 2.7689424310263e+01 +(2e+01,3e+02) | 1.66e+01 |  9:2.1e-02  1:2.2e-01
   52 ,   1301 : 2.7752545488414e+01 +(9e+00,1e+02) | 1.75e+01 |  9:1.8e-02  1:2.0e-01
   53 ,   1326 : 2.7641473463969e+01 +(6e+00,9e+01) | 1.77e+01 |  9:2.1e-02  1:2.1e-01
   54 ,   1351 : 2.7302755196004e+01 +(1e+01,1e+02) | 1.80e+01 |  9:2.1e-02  1:2.2e-01
   55 ,   1376 : 2.7448752352929e+01 +(6e+00,8e+01) | 1.84e+01 |  9:2.0e-02  1:2.0e-01
   56 ,   1401 : 2.7777006035396e+01 +(2e+01,2e+02) | 1.86e+01 |  8:2.0e-02  1:1.9e-01
   57 ,   1426 : 2.7131074725969e+01 +(4e+00,6e+01) | 1.93e+01 |  8:2.1e-02  1:2.0e-01
   58 ,   1451 : 2.6938776156213e+01 +(1e+01,1e+02) | 2.02e+01 |  8:2.0e-02  1:2.0e-01
   59 ,   1476 : 2.6869905437922e+01 +(7e+00,1e+02) | 2.20e+01 |  8:2.2e-02  1:2.2e-01
Iterat, #Fevals:   Function Value    (median,worst) |Axis Ratio|idx:Min SD idx:Max SD
   60 ,   1501 : 2.6662661087688e+01 +(1e+01,8e+01) | 2.25e+01 |  8:2.2e-02  1:2.2e-01
   61 ,   1526 : 2.6714103442019e+01 +(7e+00,4e+01) | 2.36e+01 |  8:1.9e-02  1:2.0e-01
   62 ,   1551 : 2.6469872040809e+01 +(8e+00,9e+01) | 2.52e+01 |  8:1.9e-02  1:2.0e-01
   63 ,   1576 : 2.6399194134991e+01 +(6e+00,6e+01) | 2.55e+01 |  8:1.7e-02  1:1.8e-01
   64 ,   1601 : 2.6234294516796e+01 +(5e+00,3e+01) | 2.66e+01 |  8:1.7e-02  1:1.9e-01
   65 ,   1626 : 2.6488901893401e+01 +(7e+00,4e+01) | 2.74e+01 |  8:1.8e-02  1:2.1e-01
   66 ,   1651 : 2.6523390150525e+01 +(4e+00,9e+01) | 2.86e+01 |  8:2.0e-02  1:2.4e-01
   67 ,   1676 : 2.6232104028220e+01 +(6e+00,7e+01) | 2.88e+01 |  8:1.9e-02  1:2.3e-01
   68 ,   1701 : 2.6504934162776e+01 +(9e+00,9e+01) | 2.85e+01 |  8:1.7e-02  1:2.0e-01
   69 ,   1726 : 2.6013630016489e+01 +(3e+00,4e+01) | 2.98e+01 |  8:1.5e-02  1:1.8e-01
Iterat, #Fevals:   Function Value    (median,worst) |Axis Ratio|idx:Min SD idx:Max SD
   70 ,   1751 : 2.5458237801547e+01 +(9e+00,4e+01) | 3.11e+01 |  8:1.7e-02  6:2.0e-01
   71 ,   1776 : 2.6253955867928e+01 +(5e+00,4e+01) | 3.19e+01 |  8:1.6e-02  1:1.9e-01
   72 ,   1801 : 2.5978809843599e+01 +(2e+00,4e+01) | 3.29e+01 |  8:1.4e-02  1:1.7e-01
   73 ,   1826 : 2.5603753809262e+01 +(1e+00,2e+01) | 3.67e+01 |  8:1.4e-02  1:1.8e-01
   74 ,   1851 : 2.5411639205513e+01 +(3e+00,5e+01) | 4.07e+01 |  8:1.4e-02  6:1.9e-01
   75 ,   1876 : 2.4499884384982e+01 +(4e+00,6e+01) | 4.30e+01 |  8:1.9e-02  6:2.8e-01
   76 ,   1901 : 2.4482182093116e+01 +(1e+01,8e+01) | 4.31e+01 |  8:2.4e-02  6:3.5e-01
   77 ,   1926 : 2.3599309559749e+01 +(8e+00,1e+02) | 4.45e+01 |  8:2.7e-02  6:4.0e-01
   78 ,   1951 : 2.3828374038064e+01 +(3e+01,2e+02) | 4.51e+01 |  8:3.4e-02  6:4.7e-01
   79 ,   1976 : 2.3880165513973e+01 +(1e+01,1e+02) | 4.69e+01 |  8:3.2e-02  6:4.3e-01
Iterat, #Fevals:   Function Value    (median,worst) |Axis Ratio|idx:Min SD idx:Max SD
   80 ,   2001 : 2.5166176680849e+01 +(1e+01,1e+02) | 4.74e+01 |  8:2.9e-02  6:3.9e-01
   81 ,   2026 : 2.4579751095377e+01 +(2e+01,1e+02) | 4.75e+01 |  8:2.8e-02  6:3.7e-01
   82 ,   2051 : 2.5035948911747e+01 +(2e+01,4e+02) | 4.86e+01 |  8:2.9e-02  6:3.8e-01
   83 ,   2076 : 2.3295305212219e+01 +(8e+00,1e+02) | 5.18e+01 |  8:2.8e-02  6:3.8e-01
   84 ,   2101 : 2.3581641254741e+01 +(8e+00,1e+02) | 5.25e+01 |  8:2.5e-02  6:3.4e-01
   85 ,   2126 : 2.2768131737645e+01 +(7e+00,1e+02) | 5.29e+01 |  8:2.8e-02  6:3.8e-01
   86 ,   2151 : 2.3660787051955e+01 +(6e+00,1e+02) | 5.34e+01 |  8:2.7e-02  6:3.6e-01
   87 ,   2176 : 2.2965715791495e+01 +(9e+00,7e+01) | 5.61e+01 |  8:2.6e-02  6:3.5e-01
   88 ,   2201 : 2.3969735213112e+01 +(7e+00,2e+02) | 5.76e+01 |  8:2.6e-02  6:3.5e-01
   89 ,   2226 : 2.3249040133325e+01 +(8e+00,7e+01) | 5.75e+01 |  8:2.4e-02  1:3.0e-01
Iterat, #Fevals:   Function Value    (median,worst) |Axis Ratio|idx:Min SD idx:Max SD
   90 ,   2251 : 2.2987632188214e+01 +(6e+00,3e+01) | 5.86e+01 |  8:2.3e-02  1:2.8e-01
   91 ,   2276 : 2.3156392406531e+01 +(3e+00,6e+01) | 5.85e+01 |  8:2.8e-02  1:3.4e-01
   92 ,   2301 : 2.3190724380292e+01 +(7e+00,3e+02) | 5.90e+01 |  8:2.5e-02  6:3.0e-01
   93 ,   2326 : 2.3241691199576e+01 +(4e+00,6e+01) | 6.07e+01 |  8:2.1e-02  6:2.6e-01
   94 ,   2351 : 2.3583439091375e+01 +(1e+00,2e+01) | 6.11e+01 |  8:1.9e-02  6:2.3e-01
   95 ,   2376 : 2.3371199859502e+01 +(2e+00,1e+01) | 6.23e+01 |  8:1.8e-02  6:2.1e-01
   96 ,   2401 : 2.3008657017786e+01 +(1e+00,1e+01) | 6.28e+01 |  8:1.6e-02  6:1.9e-01
   97 ,   2426 : 2.2334239953538e+01 +(2e+00,1e+01) | 6.81e+01 |  8:1.8e-02  6:2.5e-01
   98 ,   2451 : 2.2495718934917e+01 +(2e+00,5e+01) | 6.82e+01 |  8:1.8e-02  6:2.5e-01
   99 ,   2476 : 2.2717035509603e+01 +(2e+00,1e+01) | 6.92e+01 |  8:1.7e-02  6:2.3e-01
Iterat, #Fevals:   Function Value    (median,worst) |Axis Ratio|idx:Min SD idx:Max SD
  100 ,   2501 : 2.2535316438524e+01 +(2e+00,3e+01) | 7.34e+01 |  8:1.7e-02  6:2.4e-01
  101 ,   2526 : 2.1783667455985e+01 +(4e+00,1e+02) | 7.46e+01 |  8:1.7e-02  6:2.5e-01
  102 ,   2551 : 2.2360938528582e+01 +(4e+00,2e+01) | 7.68e+01 |  8:1.7e-02  6:2.5e-01
  103 ,   2576 : 2.2107989729736e+01 +(3e+00,2e+01) | 7.99e+01 |  8:1.7e-02  6:2.6e-01
  104 ,   2601 : 2.1929610940002e+01 +(3e+00,4e+01) | 8.19e+01 |  8:1.9e-02  6:2.8e-01
  105 ,   2626 : 2.2510626730107e+01 +(2e+00,5e+01) | 8.40e+01 |  8:1.7e-02  6:2.5e-01
  106 ,   2651 : 2.2276695112718e+01 +(2e+00,2e+01) | 8.52e+01 |  8:1.6e-02  6:2.3e-01
  107 ,   2676 : 2.1832460162310e+01 +(2e+00,1e+01) | 8.76e+01 |  8:1.6e-02  6:2.3e-01
  108 ,   2701 : 2.2150383181731e+01 +(3e+00,1e+02) | 9.26e+01 |  8:1.5e-02  6:2.2e-01
  109 ,   2726 : 2.1153161947529e+01 +(4e+00,6e+01) | 9.50e+01 |  8:1.3e-02  6:1.9e-01
Iterat, #Fevals:   Function Value    (median,worst) |Axis Ratio|idx:Min SD idx:Max SD
  110 ,   2751 : 2.1560369588155e+01 +(2e+00,2e+01) | 8.84e+01 |  8:1.3e-02  6:1.9e-01
  111 ,   2776 : 2.2040727122960e+01 +(1e+00,2e+01) | 8.78e+01 |  8:1.3e-02  6:1.8e-01
  112 ,   2801 : 2.1408730616098e+01 +(2e+00,4e+01) | 8.77e+01 |  8:1.3e-02  6:1.8e-01
  113 ,   2826 : 2.1905261754106e+01 +(1e+00,2e+01) | 9.07e+01 |  8:1.2e-02  6:1.8e-01
  114 ,   2851 : 2.1707643850636e+01 +(4e+00,3e+01) | 9.34e+01 |  8:1.1e-02  6:1.6e-01
  115 ,   2876 : 2.1643814618761e+01 +(1e+00,8e+00) | 9.58e+01 |  8:9.8e-03  6:1.5e-01
  116 ,   2901 : 2.1486106107884e+01 +(1e+00,8e+00) | 1.01e+02 |  8:1.0e-02  6:1.7e-01
  117 ,   2926 : 2.1429490774414e+01 +(1e+00,8e+01) | 1.04e+02 |  8:1.1e-02  6:1.8e-01
  118 ,   2951 : 2.1345878606731e+01 +(1e+00,7e+01) | 1.08e+02 |  8:1.1e-02  6:1.9e-01
  119 ,   2976 : 2.1094767390589e+01 +(3e+00,4e+01) | 1.06e+02 |  8:1.2e-02  6:1.9e-01
Iterat, #Fevals:   Function Value    (median,worst) |Axis Ratio|idx:Min SD idx:Max SD
  120 ,   3001 : 2.1581657397607e+01 +(7e-01,7e+00) | 1.05e+02 |  8:1.1e-02  6:1.7e-01
  121 ,   3026 : 2.1198051846174e+01 +(1e+00,1e+01) | 1.06e+02 |  8:9.1e-03  6:1.5e-01
  122 ,   3051 : 2.1492324707933e+01 +(1e+00,8e+00) | 1.08e+02 |  8:8.6e-03  6:1.4e-01
  123 ,   3076 : 2.1275069102046e+01 +(7e-01,1e+01) | 1.12e+02 |  8:9.2e-03  6:1.6e-01
  124 ,   3101 : 2.0962637904073e+01 +(2e+00,4e+01) | 1.19e+02 |  8:9.8e-03  6:1.8e-01
  125 ,   3126 : 2.0915781991836e+01 +(2e+00,3e+01) | 1.22e+02 |  8:9.7e-03  6:1.8e-01
  126 ,   3151 : 2.1015585824882e+01 +(3e+00,1e+03) | 1.22e+02 |  8:8.8e-03  6:1.6e-01
  127 ,   3176 : 2.1119333990755e+01 +(2e+00,1e+02) | 1.21e+02 |  8:7.2e-03  6:1.3e-01
  128 ,   3201 : 2.1138528505696e+01 +(6e-01,7e+01) | 1.18e+02 |  8:6.5e-03  6:1.2e-01
  129 ,   3226 : 2.1073788164206e+01 +(5e-01,2e+01) | 1.18e+02 |  8:6.2e-03  6:1.1e-01
Iterat, #Fevals:   Function Value    (median,worst) |Axis Ratio|idx:Min SD idx:Max SD
  130 ,   3251 : 2.1009520204802e+01 +(7e-01,8e+00) | 1.23e+02 |  8:6.5e-03  6:1.1e-01
  131 ,   3276 : 2.0775782228538e+01 +(6e-01,2e+01) | 1.23e+02 |  8:6.6e-03  6:1.2e-01
  132 ,   3301 : 2.0683764352742e+01 +(5e-01,4e+01) | 1.27e+02 |  8:6.9e-03  6:1.2e-01
  133 ,   3326 : 2.0779968673436e+01 +(2e+00,3e+01) | 1.31e+02 |  8:6.3e-03  6:1.1e-01
  134 ,   3351 : 2.0606802039348e+01 +(1e+00,8e+00) | 1.33e+02 |  8:6.0e-03  6:1.1e-01
  135 ,   3376 : 2.0711817974667e+01 +(1e+00,2e+01) | 1.37e+02 |  8:5.2e-03  6:1.0e-01
  136 ,   3401 : 2.0837470234641e+01 +(7e-01,1e+01) | 1.37e+02 |  8:4.8e-03  6:8.8e-02
  137 ,   3426 : 2.0731047307941e+01 +(7e-01,5e+00) | 1.34e+02 |  8:5.3e-03  6:9.3e-02
  138 ,   3451 : 2.0734069339344e+01 +(3e-01,1e+01) | 1.33e+02 |  8:5.5e-03  6:9.4e-02
  139 ,   3476 : 2.0589704964116e+01 +(9e-01,1e+01) | 1.37e+02 |  8:5.5e-03  6:8.9e-02
Iterat, #Fevals:   Function Value    (median,worst) |Axis Ratio|idx:Min SD idx:Max SD
  140 ,   3501 : 2.0530470876931e+01 +(1e+00,1e+01) | 1.38e+02 |  8:5.2e-03  6:8.6e-02
  141 ,   3526 : 2.0511425888952e+01 +(7e-01,2e+01) | 1.40e+02 |  8:4.8e-03  6:8.1e-02
  142 ,   3551 : 2.0505992355741e+01 +(4e-01,6e+00) | 1.38e+02 |  8:4.0e-03  6:6.7e-02
  143 ,   3576 : 2.0420731318778e+01 +(4e-01,4e+00) | 1.42e+02 |  8:3.8e-03  6:6.4e-02
  144 ,   3601 : 2.0490412697514e+01 +(5e-01,3e+00) | 1.45e+02 |  8:3.5e-03  6:5.9e-02
  145 ,   3626 : 2.0497309503711e+01 +(2e-01,3e+00) | 1.48e+02 |  8:3.3e-03  6:5.7e-02
  146 ,   3651 : 2.0448142362913e+01 +(3e-01,2e+00) | 1.52e+02 |  8:2.8e-03  6:4.9e-02
  147 ,   3676 : 2.0430599064183e+01 +(2e-01,9e-01) | 1.61e+02 |  8:2.7e-03  6:4.9e-02
  148 ,   3701 : 2.0473184958974e+01 +(2e-01,3e+00) | 1.64e+02 |  8:2.7e-03  6:4.7e-02
  149 ,   3726 : 2.0404171648956e+01 +(1e-01,1e+00) | 1.71e+02 |  8:2.7e-03  6:4.6e-02
Iterat, #Fevals:   Function Value    (median,worst) |Axis Ratio|idx:Min SD idx:Max SD
  150 ,   3751 : 2.0380640848832e+01 +(2e-01,3e+00) | 1.74e+02 |  8:3.1e-03  6:5.0e-02
  151 ,   3776 : 2.0321941926546e+01 +(2e-01,9e+00) | 1.80e+02 |  8:3.3e-03  6:5.1e-02
  152 ,   3801 : 2.0240442897837e+01 +(3e-01,3e+00) | 1.97e+02 |  8:3.6e-03  6:5.8e-02
  153 ,   3826 : 2.0184322390750e+01 +(5e-01,5e+01) | 2.07e+02 |  8:3.7e-03  6:6.2e-02
  154 ,   3851 : 2.0110335190654e+01 +(6e-01,3e+01) | 2.03e+02 |  8:3.9e-03  6:6.3e-02
  155 ,   3876 : 2.0261367219292e+01 +(5e-01,8e+01) | 2.10e+02 |  8:4.5e-03  6:7.6e-02
  156 ,   3901 : 2.0077940262331e+01 +(9e-01,9e+01) | 2.11e+02 |  8:5.3e-03  6:9.2e-02
  157 ,   3926 : 2.0082225236039e+01 +(8e-01,5e+01) | 2.07e+02 |  8:5.8e-03  6:1.0e-01
  158 ,   3951 : 2.0226664028091e+01 +(9e-01,4e+02) | 2.05e+02 |  8:6.5e-03  6:1.0e-01
  159 ,   3976 : 2.0221125004625e+01 +(7e-01,1e+01) | 2.08e+02 |  8:7.1e-03  6:1.0e-01
Iterat, #Fevals:   Function Value    (median,worst) |Axis Ratio|idx:Min SD idx:Max SD
  160 ,   4001 : 2.0343284805102e+01 +(2e+00,6e+01) | 2.26e+02 |  8:7.6e-03  6:1.2e-01
  161 ,   4026 : 2.0142499804658e+01 +(6e-01,6e+00) | 2.27e+02 |  8:6.5e-03  6:9.9e-02
  162 ,   4051 : 2.0291478545202e+01 +(8e-01,6e+01) | 2.23e+02 |  8:6.8e-03  6:9.7e-02
  163 ,   4076 : 2.0069938481628e+01 +(5e-01,8e+00) | 2.25e+02 |  8:7.3e-03  6:1.0e-01
  164 ,   4101 : 2.0181835649551e+01 +(5e-01,8e+00) | 2.16e+02 |  8:7.0e-03  6:9.5e-02
  165 ,   4126 : 2.0011942680797e+01 +(8e-01,8e+00) | 2.16e+02 |  8:6.5e-03  6:8.5e-02
  166 ,   4151 : 2.0114209323873e+01 +(5e-01,6e+01) | 2.16e+02 |  8:5.9e-03  6:7.8e-02
  167 ,   4176 : 2.0021342127125e+01 +(4e-01,4e+00) | 2.29e+02 |  8:6.2e-03  6:8.6e-02
  168 ,   4201 : 1.9980719907317e+01 +(2e-01,3e+01) | 2.29e+02 |  8:6.1e-03  6:8.6e-02
  169 ,   4226 : 1.9955356449438e+01 +(5e-01,1e+01) | 2.35e+02 |  8:6.9e-03  6:9.4e-02
Iterat, #Fevals:   Function Value    (median,worst) |Axis Ratio|idx:Min SD idx:Max SD
  170 ,   4251 : 1.9967544398116e+01 +(3e-01,4e+01) | 2.32e+02 |  8:7.4e-03  6:9.5e-02
  171 ,   4276 : 1.9975575938858e+01 +(5e-01,4e+01) | 2.35e+02 |  8:8.9e-03  6:9.9e-02
  172 ,   4301 : 1.9940378006532e+01 +(9e-01,3e+01) | 2.37e+02 |  8:8.9e-03  6:9.5e-02
  173 ,   4326 : 1.9974843072705e+01 +(7e-01,2e+02) | 2.42e+02 |  4:7.5e-03  6:7.9e-02
  174 ,   4351 : 2.0001251967740e+01 +(7e-01,1e+01) | 2.50e+02 |  4:6.7e-03  6:7.0e-02
  175 ,   4376 : 1.9949043292928e+01 +(3e-01,6e+00) | 2.61e+02 |  4:6.2e-03  6:6.5e-02
  176 ,   4401 : 1.9926179589528e+01 +(3e-01,5e+01) | 2.68e+02 |  4:6.3e-03  6:6.5e-02
  177 ,   4426 : 1.9894533277155e+01 +(4e-01,1e+02) | 2.66e+02 |  4:5.8e-03  6:6.0e-02
  178 ,   4451 : 1.9886810725687e+01 +(3e-01,5e+01) | 2.75e+02 |  4:5.3e-03  6:5.5e-02
  179 ,   4476 : 1.9879133594262e+01 +(5e-01,3e+01) | 2.83e+02 |  4:4.5e-03  6:4.7e-02
Iterat, #Fevals:   Function Value    (median,worst) |Axis Ratio|idx:Min SD idx:Max SD
  180 ,   4501 : 1.9915828034007e+01 +(6e-01,8e+00) | 2.83e+02 |  4:3.8e-03  6:4.0e-02
  181 ,   4526 : 1.9907846565286e+01 +(3e-01,6e+00) | 2.84e+02 |  4:3.6e-03  6:3.7e-02
  182 ,   4551 : 1.9916626966583e+01 +(2e-01,1e+00) | 2.87e+02 |  4:3.4e-03  6:3.5e-02
  183 ,   4576 : 1.9879184708764e+01 +(2e-01,5e-01) | 2.86e+02 |  4:3.5e-03  6:3.6e-02
  184 ,   4601 : 1.9894095241686e+01 +(2e-01,8e-01) | 2.86e+02 |  4:3.5e-03  6:3.5e-02
  185 ,   4626 : 1.9907528879585e+01 +(7e-02,7e-01) | 2.94e+02 |  4:3.4e-03  6:3.5e-02
  186 ,   4651 : 1.9905573611580e+01 +(2e-01,3e+00) | 3.02e+02 |  4:3.7e-03  6:3.8e-02
  187 ,   4676 : 1.9918369125619e+01 +(2e-01,4e+00) | 2.94e+02 |  4:3.2e-03  6:3.2e-02
  188 ,   4701 : 1.9875029567048e+01 +(2e-01,3e+00) | 2.90e+02 |  4:3.0e-03  6:3.0e-02
  189 ,   4726 : 1.9898331694416e+01 +(1e-01,1e+00) | 2.89e+02 |  4:2.8e-03  6:2.8e-02
Iterat, #Fevals:   Function Value    (median,worst) |Axis Ratio|idx:Min SD idx:Max SD
  190 ,   4751 : 1.9884632306914e+01 +(5e-02,4e-01) | 2.89e+02 |  4:2.9e-03  6:2.9e-02
  191 ,   4776 : 1.9875860455840e+01 +(6e-02,5e-01) | 2.92e+02 |  4:2.8e-03  1:2.8e-02
  192 ,   4801 : 1.9850805582886e+01 +(9e-02,8e-01) | 2.94e+02 |  4:2.7e-03  6:2.7e-02
  193 ,   4826 : 1.9874152197172e+01 +(9e-02,1e+00) | 2.97e+02 |  4:2.3e-03  6:2.3e-02
  194 ,   4851 : 1.9871521165617e+01 +(7e-02,4e-01) | 2.98e+02 |  4:1.9e-03  6:1.9e-02
  195 ,   4876 : 1.9861048333558e+01 +(6e-02,3e-01) | 2.97e+02 |  4:1.9e-03  1:1.9e-02
  196 ,   4901 : 1.9856378417628e+01 +(5e-02,1e+00) | 3.04e+02 |  4:2.0e-03  1:2.0e-02
  197 ,   4926 : 1.9875711365612e+01 +(7e-02,1e+00) | 3.21e+02 |  4:1.9e-03  6:1.8e-02
  198 ,   4951 : 1.9869336546776e+01 +(4e-02,2e-01) | 3.24e+02 |  4:1.6e-03  6:1.5e-02
  199 ,   4976 : 1.9863381224007e+01 +(4e-02,2e-01) | 3.22e+02 |  4:1.3e-03  6:1.3e-02
Iterat, #Fevals:   Function Value    (median,worst) |Axis Ratio|idx:Min SD idx:Max SD
  200 ,   5001 : 1.9875648691399e+01 +(3e-02,1e-01) | 3.28e+02 |  4:1.2e-03  6:1.2e-02
  201 ,   5026 : 1.9860167620821e+01 +(4e-02,9e-02) | 3.31e+02 |  4:1.2e-03  1:1.2e-02
  202 ,   5051 : 1.9870607525122e+01 +(4e-02,1e-01) | 3.33e+02 |  4:1.1e-03  1:1.1e-02
  203 ,   5076 : 1.9851986057978e+01 +(5e-02,1e-01) | 3.42e+02 |  4:1.0e-03  6:1.0e-02
  204 ,   5101 : 1.9870355712201e+01 +(3e-02,1e-01) | 3.44e+02 |  4:9.6e-04  6:9.5e-03
  205 ,   5126 : 1.9857143321758e+01 +(4e-02,9e-02) | 3.31e+02 |  4:9.0e-04  6:9.0e-03
  206 ,   5151 : 1.9866386897048e+01 +(3e-02,9e-02) | 3.34e+02 |  4:1.0e-03  1:1.1e-02
  207 ,   5176 : 1.9859311769919e+01 +(3e-02,9e-02) | 3.33e+02 |  4:1.1e-03  1:1.1e-02
  208 ,   5201 : 1.9871844220510e+01 +(2e-02,1e-01) | 3.31e+02 |  4:9.1e-04  1:9.5e-03
  209 ,   5226 : 1.9855992687133e+01 +(4e-02,1e-01) | 3.42e+02 |  4:8.6e-04  1:9.4e-03
Iterat, #Fevals:   Function Value    (median,worst) |Axis Ratio|idx:Min SD idx:Max SD
  210 ,   5251 : 1.9868578241452e+01 +(3e-02,1e-01) | 3.41e+02 |  4:8.2e-04  1:9.1e-03
  211 ,   5276 : 1.9872831870106e+01 +(3e-02,6e-02) | 3.38e+02 |  4:6.8e-04  1:7.8e-03
  212 ,   5301 : 1.9862453310474e+01 +(3e-02,2e-01) | 3.41e+02 |  4:5.9e-04  1:6.8e-03
  213 ,   5326 : 1.9846272464396e+01 +(5e-02,7e-02) | 3.51e+02 |  4:5.0e-04  1:5.7e-03
  214 ,   5351 : 1.9851946200161e+01 +(4e-02,7e-02) | 3.48e+02 |  4:4.8e-04  1:5.3e-03
  215 ,   5376 : 1.9863945042157e+01 +(3e-02,6e-02) | 3.60e+02 |  4:4.3e-04  5:4.8e-03
  216 ,   5401 : 1.9861743715551e+01 +(2e-02,4e-02) | 3.52e+02 |  4:3.8e-04  5:4.3e-03
  217 ,   5426 : 1.9855121434285e+01 +(3e-02,6e-02) | 3.60e+02 |  4:3.3e-04  5:3.8e-03
  218 ,   5451 : 1.9857254892301e+01 +(3e-02,6e-02) | 3.59e+02 |  4:3.2e-04  5:3.7e-03
  219 ,   5476 : 1.9852215447843e+01 +(4e-02,6e-02) | 3.71e+02 |  4:3.2e-04  5:3.6e-03
Iterat, #Fevals:   Function Value    (median,worst) |Axis Ratio|idx:Min SD idx:Max SD
  220 ,   5501 : 1.9851777499345e+01 +(4e-02,7e-02) | 3.93e+02 |  4:3.3e-04  5:3.9e-03
  221 ,   5526 : 1.9851731546948e+01 +(4e-02,7e-02) | 3.99e+02 |  4:3.1e-04  5:3.5e-03
  222 ,   5551 : 1.9850466040567e+01 +(3e-02,8e-02) | 4.04e+02 |  4:2.8e-04  5:3.2e-03
  223 ,   5576 : 1.9852313281430e+01 +(4e-02,7e-02) | 3.87e+02 |  4:2.7e-04  5:3.1e-03
  224 ,   5601 : 1.9856057685702e+01 +(3e-02,6e-02) | 3.97e+02 |  4:2.8e-04  5:3.3e-03
  225 ,   5626 : 1.9841884012607e+01 +(4e-02,8e-02) | 4.07e+02 |  4:2.7e-04  5:3.1e-03
  226 ,   5651 : 1.9856370804932e+01 +(3e-02,6e-02) | 4.07e+02 |  4:2.6e-04  5:3.1e-03
  227 ,   5676 : 1.9839425729555e+01 +(5e-02,7e-02) | 4.16e+02 |  4:2.5e-04  5:2.8e-03
  228 ,   5701 : 1.9855146117597e+01 +(3e-02,6e-02) | 4.02e+02 |  4:2.5e-04  5:2.8e-03
  229 ,   5726 : 1.9856570361062e+01 +(3e-02,6e-02) | 4.04e+02 |  4:2.5e-04  5:2.9e-03
Iterat, #Fevals:   Function Value    (median,worst) |Axis Ratio|idx:Min SD idx:Max SD
  230 ,   5751 : 1.9860924815551e+01 +(3e-02,6e-02) | 4.01e+02 |  4:2.5e-04  5:2.8e-03
  231 ,   5776 : 1.9853336747567e+01 +(4e-02,7e-02) | 4.04e+02 |  4:2.2e-04  1:2.4e-03
  232 ,   5801 : 1.9855829293259e+01 +(4e-02,6e-02) | 4.05e+02 |  4:2.1e-04  1:2.5e-03
  233 ,   5826 : 1.9854134438466e+01 +(3e-02,7e-02) | 4.17e+02 |  4:2.0e-04  1:2.5e-03
  234 ,   5851 : 1.9848704854650e+01 +(2e-02,6e-02) | 4.36e+02 |  4:1.9e-04  1:2.3e-03
  235 ,   5876 : 1.9846966950338e+01 +(4e-02,7e-02) | 4.24e+02 |  4:1.6e-04  1:2.0e-03
  236 ,   5901 : 1.9848713503714e+01 +(4e-02,7e-02) | 4.31e+02 |  4:1.5e-04  1:2.0e-03
  237 ,   5926 : 1.9852719509460e+01 +(3e-02,7e-02) | 4.51e+02 |  4:1.5e-04  1:1.9e-03
  238 ,   5951 : 1.9846155276799e+01 +(3e-02,6e-02) | 4.62e+02 |  4:1.5e-04  1:2.0e-03
  239 ,   5976 : 1.9850851372394e+01 +(3e-02,6e-02) | 4.53e+02 |  4:1.5e-04  1:2.0e-03
Iterat, #Fevals:   Function Value    (median,worst) |Axis Ratio|idx:Min SD idx:Max SD
  240 ,   6001 : 1.9857324838635e+01 +(3e-02,5e-02) | 4.26e+02 |  4:1.7e-04  1:2.3e-03
  241 ,   6026 : 1.9848470336536e+01 +(3e-02,6e-02) | 4.35e+02 |  4:1.9e-04  1:2.5e-03
  242 ,   6051 : 1.9843920436707e+01 +(4e-02,7e-02) | 4.39e+02 |  4:1.9e-04  1:2.6e-03
  243 ,   6076 : 1.9843593605964e+01 +(4e-02,7e-02) | 4.28e+02 |  4:1.9e-04  1:2.5e-03
  244 ,   6101 : 1.9844860219332e+01 +(4e-02,6e-02) | 4.18e+02 |  4:1.8e-04  1:2.4e-03
  245 ,   6126 : 1.9859533950624e+01 +(2e-02,6e-02) | 4.31e+02 |  4:1.9e-04  1:2.7e-03
  246 ,   6151 : 1.9853092412998e+01 +(4e-02,7e-02) | 4.11e+02 |  4:1.7e-04  1:2.3e-03
  247 ,   6176 : 1.9851053418383e+01 +(3e-02,7e-02) | 4.22e+02 |  4:1.7e-04  1:2.3e-03
  248 ,   6201 : 1.9856185755186e+01 +(2e-02,6e-02) | 4.33e+02 |  4:1.7e-04  1:2.4e-03
  249 ,   6226 : 1.9858239767669e+01 +(2e-02,5e-02) | 4.47e+02 |  4:1.7e-04  1:2.4e-03
Iterat, #Fevals:   Function Value    (median,worst) |Axis Ratio|idx:Min SD idx:Max SD
  250 ,   6251 : 1.9833092137412e+01 +(6e-02,8e-02) | 4.60e+02 |  4:1.5e-04  1:2.3e-03
  251 ,   6276 : 1.9850297919703e+01 +(3e-02,7e-02) | 4.50e+02 |  4:1.4e-04  1:2.1e-03
  252 ,   6301 : 1.9841705771410e+01 +(5e-02,7e-02) | 4.56e+02 |  4:1.4e-04  1:2.0e-03
  253 ,   6326 : 1.9845323905650e+01 +(4e-02,6e-02) | 5.07e+02 |  4:1.6e-04  1:2.3e-03
  254 ,   6351 : 1.9852214413560e+01 +(3e-02,6e-02) | 4.86e+02 |  4:1.6e-04  1:2.3e-03
  255 ,   6376 : 1.9837386799989e+01 +(3e-02,7e-02) | 4.73e+02 |  4:1.5e-04  1:2.1e-03
  256 ,   6401 : 1.9853433558030e+01 +(2e-02,6e-02) | 4.60e+02 |  4:1.4e-04  1:2.0e-03
  257 ,   6426 : 1.9837346436998e+01 +(4e-02,7e-02) | 4.58e+02 |  4:1.4e-04  1:1.9e-03
  258 ,   6451 : 1.9854978996643e+01 +(3e-02,6e-02) | 4.67e+02 |  4:1.4e-04  1:1.8e-03
  259 ,   6476 : 1.9845459978996e+01 +(3e-02,6e-02) | 4.59e+02 |  4:1.5e-04  1:1.9e-03
Iterat, #Fevals:   Function Value    (median,worst) |Axis Ratio|idx:Min SD idx:Max SD
  260 ,   6501 : 1.9841461433687e+01 +(3e-02,6e-02) | 4.59e+02 |  4:1.3e-04  1:1.7e-03
  261 ,   6526 : 1.9843778533382e+01 +(4e-02,7e-02) | 4.58e+02 |  4:1.2e-04  1:1.6e-03
  262 ,   6551 : 1.9838727813998e+01 +(4e-02,7e-02) | 4.49e+02 |  4:1.2e-04  1:1.5e-03
  263 ,   6576 : 1.9851358620368e+01 +(2e-02,6e-02) | 4.14e+02 |  4:1.3e-04  1:1.8e-03
  264 ,   6601 : 1.9854393334363e+01 +(2e-02,5e-02) | 4.15e+02 |  4:1.3e-04  1:1.7e-03
  265 ,   6626 : 1.9850869540665e+01 +(3e-02,6e-02) | 4.31e+02 |  4:1.2e-04  1:1.6e-03
  266 ,   6651 : 1.9843010292535e+01 +(3e-02,7e-02) | 4.42e+02 |  4:1.1e-04  1:1.4e-03
  267 ,   6676 : 1.9832882749451e+01 +(5e-02,7e-02) | 4.98e+02 |  4:1.1e-04  1:1.6e-03
  268 ,   6701 : 1.9842976218222e+01 +(4e-02,6e-02) | 5.16e+02 |  4:1.1e-04  1:1.5e-03
  269 ,   6726 : 1.9831622395144e+01 +(5e-02,8e-02) | 5.15e+02 |  4:1.0e-04  1:1.5e-03
Iterat, #Fevals:   Function Value    (median,worst) |Axis Ratio|idx:Min SD idx:Max SD
  270 ,   6751 : 1.9840512876017e+01 +(3e-02,7e-02) | 5.28e+02 |  4:1.1e-04  1:1.6e-03
  271 ,   6776 : 1.9855115441325e+01 +(2e-02,6e-02) | 5.15e+02 |  4:1.0e-04  1:1.5e-03
  272 ,   6801 : 1.9853521653270e+01 +(3e-02,6e-02) | 4.70e+02 |  4:9.7e-05  1:1.4e-03
  273 ,   6826 : 1.9852778851974e+01 +(3e-02,6e-02) | 4.86e+02 |  4:9.7e-05  1:1.4e-03
  274 ,   6851 : 1.9829813137144e+01 +(4e-02,7e-02) | 4.80e+02 |  4:8.7e-05  1:1.3e-03
  275 ,   6876 : 1.9845931332000e+01 +(3e-02,6e-02) | 4.91e+02 |  4:8.5e-05  1:1.2e-03
  276 ,   6901 : 1.9842078350654e+01 +(3e-02,7e-02) | 4.86e+02 |  4:7.4e-05  1:1.0e-03
  277 ,   6926 : 1.9836207044318e+01 +(4e-02,7e-02) | 5.10e+02 |  4:7.5e-05  1:1.1e-03
  278 ,   6951 : 1.9848806396627e+01 +(3e-02,6e-02) | 5.17e+02 |  4:7.9e-05  5:1.2e-03
  279 ,   6976 : 1.9843970223749e+01 +(3e-02,7e-02) | 5.40e+02 |  4:1.1e-04  5:1.5e-03
Iterat, #Fevals:   Function Value    (median,worst) |Axis Ratio|idx:Min SD idx:Max SD
  280 ,   7001 : 1.9846910245484e+01 +(3e-02,6e-02) | 5.51e+02 |  4:1.2e-04  5:1.6e-03
  281 ,   7026 : 1.9848804152563e+01 +(3e-02,6e-02) | 5.40e+02 |  4:1.2e-04  5:1.6e-03
  282 ,   7051 : 1.9841528317430e+01 +(3e-02,8e-02) | 5.51e+02 |  4:1.1e-04  5:1.4e-03
  283 ,   7076 : 1.9842332271274e+01 +(3e-02,6e-02) | 5.55e+02 |  4:1.1e-04  5:1.4e-03
  284 ,   7101 : 1.9842867288096e+01 +(4e-02,6e-02) | 5.40e+02 |  4:1.1e-04  5:1.3e-03
  285 ,   7126 : 1.9840592922902e+01 +(4e-02,7e-02) | 5.62e+02 |  4:1.1e-04  5:1.4e-03
  286 ,   7151 : 1.9860094787804e+01 +(2e-02,6e-02) | 5.97e+02 |  4:1.1e-04  5:1.5e-03
  287 ,   7176 : 1.9837039139437e+01 +(4e-02,6e-02) | 6.18e+02 |  4:1.1e-04  5:1.6e-03
  288 ,   7201 : 1.9842113173324e+01 +(3e-02,6e-02) | 6.81e+02 |  4:1.2e-04  5:1.8e-03
  289 ,   7226 : 1.9846759371197e+01 +(3e-02,7e-02) | 7.45e+02 |  4:1.1e-04  5:1.9e-03
Iterat, #Fevals:   Function Value    (median,worst) |Axis Ratio|idx:Min SD idx:Max SD
  290 ,   7251 : 1.9852380787361e+01 +(4e-02,5e-02) | 7.44e+02 |  4:1.1e-04  5:1.8e-03
  291 ,   7276 : 1.9847795693104e+01 +(4e-02,6e-02) | 7.38e+02 |  4:1.0e-04  5:1.5e-03
  292 ,   7301 : 1.9863027262890e+01 +(2e-02,4e-02) | 7.13e+02 |  4:1.3e-04  5:1.8e-03
  293 ,   7326 : 1.9852958522151e+01 +(2e-02,5e-02) | 7.09e+02 |  4:1.3e-04  5:1.7e-03
  294 ,   7351 : 1.9845353548834e+01 +(4e-02,6e-02) | 6.97e+02 |  4:1.3e-04  5:1.8e-03
  295 ,   7376 : 1.9847247583821e+01 +(2e-02,5e-02) | 7.10e+02 |  4:1.4e-04  5:1.8e-03
  296 ,   7401 : 1.9840569188454e+01 +(4e-02,7e-02) | 7.07e+02 |  4:1.3e-04  5:1.6e-03
  297 ,   7426 : 1.9851501018531e+01 +(3e-02,6e-02) | 7.29e+02 |  4:1.3e-04  5:1.6e-03
  298 ,   7451 : 1.9853183509954e+01 +(3e-02,5e-02) | 7.47e+02 |  4:1.4e-04  5:1.6e-03
  299 ,   7476 : 1.9849986804480e+01 +(3e-02,5e-02) | 7.69e+02 |  4:1.4e-04  5:1.5e-03
Iterat, #Fevals:   Function Value    (median,worst) |Axis Ratio|idx:Min SD idx:Max SD
  300 ,   7501 : 1.9848662463210e+01 +(3e-02,5e-02) | 7.97e+02 |  4:1.2e-04  5:1.4e-03
  301 ,   7526 : 1.9841601305006e+01 +(3e-02,6e-02) | 7.62e+02 |  4:1.1e-04  5:1.3e-03
  302 ,   7551 : 1.9862813832352e+01 +(2e-02,3e-02) | 7.97e+02 |  4:1.0e-04  5:1.1e-03
  303 ,   7576 : 1.9829590507857e+01 +(5e-02,8e-02) | 7.91e+02 |  4:1.1e-04  5:1.2e-03
  304 ,   7601 : 1.9849505084158e+01 +(3e-02,5e-02) | 7.95e+02 |  4:1.1e-04  5:1.1e-03
  305 ,   7626 : 1.9850630299395e+01 +(3e-02,6e-02) | 8.06e+02 |  4:9.8e-05  5:1.1e-03
  306 ,   7651 : 1.9846257329828e+01 +(4e-02,7e-02) | 8.03e+02 |  4:1.2e-04  5:1.2e-03
  307 ,   7676 : 1.9839391729925e+01 +(3e-02,6e-02) | 8.48e+02 |  4:1.2e-04  5:1.3e-03
  308 ,   7701 : 1.9846503090007e+01 +(4e-02,5e-02) | 8.70e+02 |  4:1.3e-04  5:1.4e-03
  309 ,   7726 : 1.9844606752658e+01 +(3e-02,5e-02) | 8.89e+02 |  4:1.5e-04  5:1.6e-03
Iterat, #Fevals:   Function Value    (median,worst) |Axis Ratio|idx:Min SD idx:Max SD
  310 ,   7751 : 1.9843026102374e+01 +(3e-02,6e-02) | 8.77e+02 |  4:1.6e-04  5:1.8e-03
  311 ,   7776 : 1.9846132707345e+01 +(3e-02,6e-02) | 8.67e+02 |  9:1.7e-04  5:1.8e-03
  312 ,   7801 : 1.9859633708135e+01 +(2e-02,5e-02) | 8.34e+02 |  4:1.6e-04  5:1.7e-03
  313 ,   7826 : 1.9839737301550e+01 +(4e-02,7e-02) | 8.51e+02 |  9:1.7e-04  5:1.7e-03
  314 ,   7851 : 1.9840574916126e+01 +(4e-02,7e-02) | 8.55e+02 |  4:1.6e-04  5:1.6e-03
  315 ,   7876 : 1.9848371114256e+01 +(3e-02,6e-02) | 8.65e+02 |  9:1.6e-04  5:1.7e-03
  316 ,   7901 : 1.9833644307147e+01 +(5e-02,8e-02) | 8.38e+02 |  9:1.5e-04  5:1.5e-03
  317 ,   7926 : 1.9836771639966e+01 +(4e-02,6e-02) | 8.81e+02 |  9:1.3e-04  5:1.4e-03
  318 ,   7951 : 1.9857557380615e+01 +(3e-02,4e-02) | 8.48e+02 |  9:1.2e-04  5:1.3e-03
  319 ,   7976 : 1.9845964456946e+01 +(3e-02,5e-02) | 8.50e+02 |  9:1.2e-04  5:1.2e-03
Iterat, #Fevals:   Function Value    (median,worst) |Axis Ratio|idx:Min SD idx:Max SD
  320 ,   8001 : 1.9850646806624e+01 +(3e-02,6e-02) | 8.55e+02 |  9:1.1e-04  5:1.1e-03
  321 ,   8026 : 1.9844752126273e+01 +(3e-02,5e-02) | 8.50e+02 |  4:1.3e-04  5:1.3e-03
  322 ,   8051 : 1.9861117176346e+01 +(2e-02,4e-02) | 8.65e+02 |  9:1.3e-04  5:1.3e-03
  323 ,   8076 : 1.9833097831261e+01 +(5e-02,9e-02) | 8.16e+02 |  4:1.2e-04  5:1.2e-03
  324 ,   8101 : 1.9842713382365e+01 +(3e-02,6e-02) | 8.47e+02 |  4:1.1e-04  5:1.2e-03
  325 ,   8126 : 1.9848356304287e+01 +(3e-02,6e-02) | 7.89e+02 |  4:1.2e-04  5:1.2e-03
  326 ,   8151 : 1.9850968513998e+01 +(3e-02,6e-02) | 8.04e+02 |  4:1.3e-04  5:1.3e-03
  327 ,   8176 : 1.9846603117588e+01 +(3e-02,7e-02) | 7.95e+02 |  4:1.3e-04  5:1.3e-03
  328 ,   8201 : 1.9840484879163e+01 +(4e-02,7e-02) | 7.65e+02 |  4:1.1e-04  5:1.1e-03
  329 ,   8226 : 1.9847569632126e+01 +(3e-02,5e-02) | 7.47e+02 |  4:9.4e-05  5:9.7e-04
Iterat, #Fevals:   Function Value    (median,worst) |Axis Ratio|idx:Min SD idx:Max SD
  330 ,   8251 : 1.9837808475801e+01 +(4e-02,7e-02) | 7.56e+02 |  4:9.1e-05  5:8.9e-04
  331 ,   8276 : 1.9851481945478e+01 +(3e-02,5e-02) | 7.80e+02 |  4:9.5e-05  5:9.4e-04
  332 ,   8301 : 1.9853982515047e+01 +(3e-02,4e-02) | 7.80e+02 |  4:9.3e-05  5:9.4e-04
  333 ,   8326 : 1.9843899623027e+01 +(4e-02,6e-02) | 7.60e+02 |  4:9.5e-05  5:9.7e-04
  334 ,   8351 : 1.9856702362428e+01 +(2e-02,5e-02) | 7.38e+02 |  4:9.4e-05  5:9.3e-04
  335 ,   8376 : 1.9848243836412e+01 +(3e-02,5e-02) | 7.58e+02 |  4:1.0e-04  5:1.0e-03
  336 ,   8401 : 1.9841167242592e+01 +(3e-02,6e-02) | 7.51e+02 |  4:1.0e-04  5:1.0e-03
  337 ,   8426 : 1.9834872179571e+01 +(5e-02,7e-02) | 7.60e+02 |  4:1.0e-04  5:1.0e-03
  338 ,   8451 : 1.9851927235835e+01 +(4e-02,6e-02) | 7.70e+02 |  4:1.2e-04  5:1.2e-03
  339 ,   8476 : 1.9842226182841e+01 +(4e-02,6e-02) | 7.65e+02 |  4:1.2e-04  5:1.1e-03
Iterat, #Fevals:   Function Value    (median,worst) |Axis Ratio|idx:Min SD idx:Max SD
  340 ,   8501 : 1.9846071785468e+01 +(3e-02,6e-02) | 7.68e+02 |  4:1.1e-04  5:1.0e-03
  341 ,   8526 : 1.9824703019755e+01 +(5e-02,8e-02) | 7.76e+02 |  4:9.6e-05  5:9.1e-04
  342 ,   8551 : 1.9844652350700e+01 +(3e-02,7e-02) | 8.15e+02 |  4:9.3e-05  5:9.6e-04
  343 ,   8576 : 1.9844484185608e+01 +(4e-02,5e-02) | 8.57e+02 |  9:8.6e-05  5:9.0e-04
  344 ,   8601 : 1.9841245757948e+01 +(3e-02,6e-02) | 8.73e+02 |  9:8.1e-05  5:8.7e-04
  345 ,   8626 : 1.9837111465419e+01 +(3e-02,7e-02) | 9.00e+02 |  4:8.8e-05  5:9.9e-04
  346 ,   8651 : 1.9835241314559e+01 +(4e-02,7e-02) | 8.81e+02 |  4:7.8e-05  5:8.7e-04
  347 ,   8676 : 1.9854117581577e+01 +(2e-02,5e-02) | 8.68e+02 |  9:7.9e-05  5:8.7e-04
  348 ,   8701 : 1.9852525383102e+01 +(3e-02,6e-02) | 8.78e+02 |  9:6.8e-05  5:7.5e-04
  349 ,   8726 : 1.9845543262134e+01 +(4e-02,6e-02) | 8.76e+02 |  9:6.5e-05  5:7.4e-04
Iterat, #Fevals:   Function Value    (median,worst) |Axis Ratio|idx:Min SD idx:Max SD
  350 ,   8751 : 1.9844494873403e+01 +(3e-02,6e-02) | 8.85e+02 |  9:5.8e-05  5:6.8e-04
  351 ,   8776 : 1.9848800641949e+01 +(2e-02,6e-02) | 8.62e+02 |  4:5.2e-05  5:5.9e-04
  352 ,   8801 : 1.9857044710307e+01 +(2e-02,5e-02) | 8.62e+02 |  4:5.9e-05  5:6.9e-04
  353 ,   8826 : 1.9851446363416e+01 +(3e-02,6e-02) | 8.56e+02 |  4:7.4e-05  5:8.9e-04
  354 ,   8851 : 1.9839226850773e+01 +(4e-02,7e-02) | 8.74e+02 |  4:7.6e-05  5:8.9e-04
  355 ,   8876 : 1.9860200800326e+01 +(3e-02,5e-02) | 8.81e+02 |  4:6.8e-05  5:7.8e-04
  356 ,   8901 : 1.9848277243136e+01 +(4e-02,6e-02) | 9.16e+02 |  9:6.8e-05  5:7.6e-04
  357 ,   8926 : 1.9837493804526e+01 +(5e-02,8e-02) | 9.12e+02 |  9:6.5e-05  5:7.1e-04
  358 ,   8951 : 1.9853929148514e+01 +(2e-02,5e-02) | 9.15e+02 |  9:6.6e-05  5:7.2e-04
  359 ,   8976 : 1.9844101182451e+01 +(3e-02,7e-02) | 9.04e+02 |  9:6.2e-05  5:6.9e-04
Iterat, #Fevals:   Function Value    (median,worst) |Axis Ratio|idx:Min SD idx:Max SD
  360 ,   9001 : 1.9854134042365e+01 +(3e-02,5e-02) | 9.51e+02 |  9:6.4e-05  5:7.3e-04
  361 ,   9026 : 1.9848997428405e+01 +(3e-02,6e-02) | 9.36e+02 |  4:6.7e-05  5:7.8e-04
  362 ,   9051 : 1.9853530446654e+01 +(2e-02,4e-02) | 9.57e+02 |  4:7.0e-05  5:9.0e-04
  363 ,   9076 : 1.9843397315620e+01 +(4e-02,6e-02) | 9.57e+02 |  4:5.9e-05  5:7.8e-04
  364 ,   9101 : 1.9841653944008e+01 +(3e-02,6e-02) | 9.60e+02 |  4:5.5e-05  5:7.3e-04
  365 ,   9126 : 1.9852673212986e+01 +(3e-02,6e-02) | 9.45e+02 |  4:5.7e-05  5:7.6e-04
  366 ,   9151 : 1.9834938278323e+01 +(5e-02,7e-02) | 9.69e+02 |  4:5.6e-05  5:7.5e-04
  367 ,   9176 : 1.9845437915929e+01 +(3e-02,6e-02) | 1.01e+03 |  4:6.4e-05  5:9.1e-04
  368 ,   9201 : 1.9834371980999e+01 +(4e-02,7e-02) | 9.98e+02 |  4:6.3e-05  5:9.2e-04
  369 ,   9226 : 1.9835026316349e+01 +(5e-02,6e-02) | 1.03e+03 |  4:6.8e-05  5:9.2e-04
Iterat, #Fevals:   Function Value    (median,worst) |Axis Ratio|idx:Min SD idx:Max SD
  370 ,   9251 : 1.9828668742121e+01 +(5e-02,7e-02) | 1.05e+03 |  4:8.0e-05  5:9.9e-04
  371 ,   9276 : 1.9837944110603e+01 +(4e-02,7e-02) | 1.06e+03 |  4:9.2e-05  5:1.1e-03
  372 ,   9301 : 1.9831100267374e+01 +(4e-02,7e-02) | 1.06e+03 |  4:9.3e-05  5:1.1e-03
  373 ,   9326 : 1.9850761160045e+01 +(2e-02,5e-02) | 1.02e+03 |  9:9.3e-05  5:1.1e-03
  374 ,   9351 : 1.9845093134162e+01 +(4e-02,5e-02) | 1.02e+03 |  9:8.9e-05  5:1.0e-03
  375 ,   9376 : 1.9850082992499e+01 +(3e-02,5e-02) | 1.06e+03 |  9:8.8e-05  5:1.0e-03
  376 ,   9401 : 1.9855330887696e+01 +(2e-02,6e-02) | 1.07e+03 |  9:8.6e-05  5:9.9e-04
  377 ,   9426 : 1.9858329245860e+01 +(1e-02,4e-02) | 1.01e+03 |  9:9.5e-05  5:1.1e-03
  378 ,   9451 : 1.9838681480407e+01 +(4e-02,7e-02) | 9.72e+02 |  9:1.1e-04  5:1.2e-03
  379 ,   9476 : 1.9856794350307e+01 +(2e-02,5e-02) | 9.56e+02 |  9:1.2e-04  5:1.4e-03
Iterat, #Fevals:   Function Value    (median,worst) |Axis Ratio|idx:Min SD idx:Max SD
  380 ,   9501 : 1.9841471565891e+01 +(3e-02,7e-02) | 9.59e+02 |  9:1.2e-04  5:1.4e-03
  381 ,   9526 : 1.9841318922496e+01 +(3e-02,6e-02) | 9.53e+02 |  9:1.1e-04  5:1.2e-03
  382 ,   9551 : 1.9839353256962e+01 +(4e-02,7e-02) | 1.04e+03 |  9:1.1e-04  5:1.3e-03
  383 ,   9576 : 1.9852810752033e+01 +(3e-02,6e-02) | 1.02e+03 |  9:9.4e-05  5:1.1e-03
  384 ,   9601 : 1.9843634108824e+01 +(4e-02,6e-02) | 1.04e+03 |  9:7.7e-05  5:9.7e-04
  385 ,   9626 : 1.9851782928744e+01 +(3e-02,5e-02) | 1.08e+03 |  9:6.9e-05  5:8.6e-04
  386 ,   9651 : 1.9854134045166e+01 +(2e-02,6e-02) | 1.08e+03 |  9:6.9e-05  5:8.6e-04
  387 ,   9676 : 1.9830361116066e+01 +(5e-02,7e-02) | 9.99e+02 |  9:7.9e-05  5:1.0e-03
  388 ,   9701 : 1.9851697360522e+01 +(3e-02,5e-02) | 9.87e+02 |  9:7.3e-05  5:9.3e-04
  389 ,   9726 : 1.9836269831714e+01 +(5e-02,7e-02) | 1.02e+03 |  9:7.4e-05  5:9.4e-04
Iterat, #Fevals:   Function Value    (median,worst) |Axis Ratio|idx:Min SD idx:Max SD
  390 ,   9751 : 1.9844116102878e+01 +(3e-02,5e-02) | 1.02e+03 |  9:7.2e-05  5:9.6e-04
  391 ,   9776 : 1.9857954736316e+01 +(2e-02,5e-02) | 9.92e+02 |  9:8.1e-05  5:1.1e-03
  392 ,   9801 : 1.9845172273706e+01 +(3e-02,7e-02) | 1.04e+03 |  9:8.5e-05  5:1.2e-03
  393 ,   9826 : 1.9851587768057e+01 +(3e-02,6e-02) | 1.11e+03 |  9:7.7e-05  5:1.2e-03
  394 ,   9851 : 1.9845186119260e+01 +(3e-02,6e-02) | 1.10e+03 |  9:7.7e-05  5:1.3e-03
  395 ,   9876 : 1.9852727508298e+01 +(3e-02,6e-02) | 1.08e+03 |  9:7.2e-05  5:1.2e-03
  396 ,   9901 : 1.9852743186883e+01 +(3e-02,5e-02) | 1.07e+03 |  9:7.6e-05  5:1.3e-03
  397 ,   9926 : 1.9845965108808e+01 +(3e-02,6e-02) | 9.81e+02 |  9:7.7e-05  5:1.3e-03
  398 ,   9951 : 1.9837497686030e+01 +(4e-02,7e-02) | 9.93e+02 |  9:8.2e-05  5:1.4e-03
  399 ,   9976 : 1.9835818167677e+01 +(5e-02,8e-02) | 9.76e+02 |  9:9.2e-05  5:1.5e-03
Iterat, #Fevals:   Function Value    (median,worst) |Axis Ratio|idx:Min SD idx:Max SD
  400 ,  10001 : 1.9850106812200e+01 +(3e-02,5e-02) | 1.00e+03 |  9:1.2e-04  5:2.0e-03
  401 ,  10026 : 1.9827272196474e+01 +(5e-02,7e-02) | 1.08e+03 |  9:1.3e-04  5:2.3e-03
  402 ,  10051 : 1.9850434662267e+01 +(2e-02,7e-02) | 1.15e+03 |  9:1.2e-04  5:2.3e-03
  403 ,  10076 : 1.9846439884083e+01 +(3e-02,5e-02) | 1.17e+03 |  9:1.0e-04  5:2.0e-03
  404 ,  10101 : 1.9842790420143e+01 +(4e-02,6e-02) | 1.19e+03 |  9:9.6e-05  5:2.0e-03
  405 ,  10126 : 1.9846358619926e+01 +(3e-02,6e-02) | 1.24e+03 |  9:9.5e-05  5:2.0e-03
  406 ,  10151 : 1.9836287080430e+01 +(4e-02,8e-02) | 1.30e+03 |  9:9.4e-05  5:2.1e-03
  407 ,  10176 : 1.9853835221178e+01 +(3e-02,5e-02) | 1.30e+03 |  9:8.8e-05  5:2.0e-03
  408 ,  10201 : 1.9858967966890e+01 +(2e-02,5e-02) | 1.26e+03 |  9:8.2e-05  5:1.9e-03
  409 ,  10226 : 1.9835990607521e+01 +(5e-02,8e-02) | 1.30e+03 |  9:8.6e-05  5:2.1e-03
Iterat, #Fevals:   Function Value    (median,worst) |Axis Ratio|idx:Min SD idx:Max SD
  410 ,  10251 : 1.9853867640588e+01 +(2e-02,6e-02) | 1.33e+03 |  9:9.1e-05  5:2.2e-03
  411 ,  10276 : 1.9840166731518e+01 +(4e-02,6e-02) | 1.40e+03 |  9:9.2e-05  5:2.2e-03
  412 ,  10301 : 1.9849178041987e+01 +(2e-02,6e-02) | 1.42e+03 |  9:8.9e-05  5:2.1e-03
  413 ,  10326 : 1.9830346010864e+01 +(5e-02,6e-02) | 1.31e+03 |  9:8.8e-05  5:2.1e-03
  414 ,  10351 : 1.9847835808544e+01 +(3e-02,6e-02) | 1.33e+03 |  9:8.9e-05  5:2.1e-03
  415 ,  10376 : 1.9844716301006e+01 +(3e-02,4e-02) | 1.33e+03 |  9:9.8e-05  5:2.3e-03
  416 ,  10401 : 1.9855778433978e+01 +(3e-02,7e-02) | 1.35e+03 |  9:9.6e-05  5:2.3e-03
  417 ,  10426 : 1.9844773830392e+01 +(3e-02,6e-02) | 1.35e+03 |  9:8.3e-05  5:2.0e-03
  418 ,  10451 : 1.9831738288235e+01 +(4e-02,6e-02) | 1.37e+03 |  9:7.9e-05  5:1.9e-03
  419 ,  10476 : 1.9840681928558e+01 +(4e-02,8e-02) | 1.40e+03 |  9:8.4e-05  5:2.1e-03
Iterat, #Fevals:   Function Value    (median,worst) |Axis Ratio|idx:Min SD idx:Max SD
  420 ,  10501 : 1.9852632524967e+01 +(3e-02,5e-02) | 1.28e+03 |  9:9.1e-05  5:2.4e-03
  421 ,  10526 : 1.9837247896091e+01 +(3e-02,7e-02) | 1.23e+03 |  9:1.1e-04  5:2.9e-03
  422 ,  10551 : 1.9844966125780e+01 +(2e-02,5e-02) | 1.26e+03 |  9:1.3e-04  5:3.3e-03
  423 ,  10576 : 1.9849548537839e+01 +(3e-02,7e-02) | 1.24e+03 |  9:1.2e-04  5:3.0e-03
  424 ,  10601 : 1.9849703326185e+01 +(2e-02,7e-02) | 1.29e+03 |  9:1.5e-04  5:3.5e-03
  425 ,  10626 : 1.9848211887153e+01 +(3e-02,5e-02) | 1.35e+03 |  9:1.7e-04  5:3.9e-03
  426 ,  10651 : 1.9847396607636e+01 +(3e-02,6e-02) | 1.37e+03 |  9:1.5e-04  5:3.5e-03
  427 ,  10676 : 1.9865627248105e+01 +(1e-02,5e-02) | 1.35e+03 |  9:1.4e-04  5:3.2e-03
  428 ,  10701 : 1.9849383842729e+01 +(3e-02,6e-02) | 1.35e+03 |  9:1.4e-04  5:3.2e-03
  429 ,  10726 : 1.9856365051075e+01 +(2e-02,5e-02) | 1.35e+03 |  9:1.5e-04  5:3.4e-03
Iterat, #Fevals:   Function Value    (median,worst) |Axis Ratio|idx:Min SD idx:Max SD
  430 ,  10751 : 1.9843657433167e+01 +(3e-02,7e-02) | 1.36e+03 |  9:1.5e-04  5:3.3e-03
  431 ,  10776 : 1.9843879750525e+01 +(3e-02,6e-02) | 1.39e+03 |  9:1.4e-04  5:3.3e-03
  432 ,  10801 : 1.9841210105145e+01 +(4e-02,7e-02) | 1.36e+03 |  9:1.4e-04  5:3.2e-03
  433 ,  10826 : 1.9846412745045e+01 +(3e-02,5e-02) | 1.36e+03 |  9:1.3e-04  5:3.1e-03
  434 ,  10851 : 1.9839156780928e+01 +(4e-02,6e-02) | 1.43e+03 |  9:1.2e-04  5:3.0e-03
  435 ,  10876 : 1.9849510481301e+01 +(3e-02,5e-02) | 1.44e+03 |  9:1.3e-04  5:3.3e-03
  436 ,  10901 : 1.9846547394127e+01 +(3e-02,7e-02) | 1.45e+03 |  9:1.5e-04  5:3.7e-03
  437 ,  10926 : 1.9852953331740e+01 +(3e-02,5e-02) | 1.47e+03 |  9:1.6e-04  5:3.9e-03
  438 ,  10951 : 1.9830418244822e+01 +(4e-02,9e-02) | 1.45e+03 |  9:1.6e-04  5:4.0e-03
  439 ,  10976 : 1.9856457157989e+01 +(2e-02,5e-02) | 1.63e+03 |  9:1.8e-04  5:4.6e-03
Iterat, #Fevals:   Function Value    (median,worst) |Axis Ratio|idx:Min SD idx:Max SD
  440 ,  11001 : 1.9852988559644e+01 +(3e-02,6e-02) | 1.62e+03 |  9:1.6e-04  5:4.2e-03
  441 ,  11026 : 1.9848459055776e+01 +(3e-02,6e-02) | 1.67e+03 |  9:1.6e-04  5:4.1e-03
  442 ,  11051 : 1.9852891701110e+01 +(2e-02,6e-02) | 1.62e+03 |  9:1.5e-04  5:3.8e-03
  443 ,  11076 : 1.9841974853705e+01 +(3e-02,6e-02) | 1.58e+03 |  9:1.4e-04  5:3.5e-03
  444 ,  11101 : 1.9857396583148e+01 +(2e-02,4e-02) | 1.59e+03 |  9:1.4e-04  5:3.4e-03
  445 ,  11126 : 1.9854342954989e+01 +(3e-02,5e-02) | 1.52e+03 |  9:1.5e-04  5:3.8e-03
  446 ,  11151 : 1.9845118773161e+01 +(4e-02,7e-02) | 1.61e+03 |  9:1.9e-04  5:4.9e-03
  447 ,  11176 : 1.9855735332641e+01 +(3e-02,4e-02) | 1.64e+03 |  9:1.9e-04  5:4.9e-03
  448 ,  11201 : 1.9848303091064e+01 +(3e-02,6e-02) | 1.67e+03 |  9:1.8e-04  5:4.6e-03
  449 ,  11226 : 1.9841687617217e+01 +(4e-02,7e-02) | 1.70e+03 |  9:1.6e-04  5:4.3e-03
Iterat, #Fevals:   Function Value    (median,worst) |Axis Ratio|idx:Min SD idx:Max SD
  450 ,  11251 : 1.9851534401548e+01 +(2e-02,5e-02) | 1.68e+03 |  9:1.7e-04  5:4.9e-03
  451 ,  11276 : 1.9851091722476e+01 +(3e-02,5e-02) | 1.73e+03 |  9:1.6e-04  5:4.7e-03
  452 ,  11301 : 1.9850106349384e+01 +(3e-02,5e-02) | 1.80e+03 |  9:1.5e-04  5:4.5e-03
  453 ,  11326 : 1.9840955194841e+01 +(4e-02,7e-02) | 1.78e+03 |  9:1.4e-04  5:4.2e-03
  454 ,  11351 : 1.9842973380984e+01 +(3e-02,8e-02) | 1.50e+03 |  9:1.6e-04  5:4.7e-03
  455 ,  11376 : 1.9866766219175e+01 +(1e-02,3e-02) | 1.42e+03 |  9:1.6e-04  5:4.6e-03
  456 ,  11401 : 1.9848038333547e+01 +(3e-02,7e-02) | 1.43e+03 |  9:1.4e-04  5:4.1e-03
  457 ,  11426 : 1.9847711076361e+01 +(2e-02,7e-02) | 1.45e+03 |  9:1.3e-04  5:3.7e-03
  458 ,  11451 : 1.9847260753715e+01 +(3e-02,6e-02) | 1.44e+03 |  9:1.0e-04  5:3.0e-03
  459 ,  11476 : 1.9850432388645e+01 +(3e-02,7e-02) | 1.41e+03 |  9:9.1e-05  5:2.7e-03
Iterat, #Fevals:   Function Value    (median,worst) |Axis Ratio|idx:Min SD idx:Max SD
  460 ,  11501 : 1.9851522231773e+01 +(3e-02,6e-02) | 1.43e+03 |  9:9.4e-05  5:2.8e-03
  461 ,  11526 : 1.9852571506539e+01 +(3e-02,6e-02) | 1.42e+03 |  9:9.0e-05  5:2.7e-03
  462 ,  11551 : 1.9840428583098e+01 +(4e-02,6e-02) | 1.45e+03 |  9:8.3e-05  5:2.6e-03
  463 ,  11576 : 1.9842121708665e+01 +(3e-02,6e-02) | 1.42e+03 |  9:8.2e-05  5:2.4e-03
  464 ,  11601 : 1.9847454272078e+01 +(3e-02,6e-02) | 1.47e+03 |  9:6.8e-05  5:2.1e-03
  465 ,  11626 : 1.9834606087367e+01 +(5e-02,8e-02) | 1.47e+03 |  9:7.2e-05  5:2.2e-03
  466 ,  11651 : 1.9839497791443e+01 +(4e-02,7e-02) | 1.49e+03 |  9:8.2e-05  5:2.5e-03
  467 ,  11676 : 1.9836752684309e+01 +(5e-02,8e-02) | 1.55e+03 |  9:8.6e-05  5:2.7e-03
  468 ,  11701 : 1.9840228554476e+01 +(3e-02,7e-02) | 1.52e+03 |  9:7.8e-05  5:2.4e-03
  469 ,  11726 : 1.9852557099432e+01 +(2e-02,6e-02) | 1.48e+03 |  9:7.5e-05  5:2.3e-03
Iterat, #Fevals:   Function Value    (median,worst) |Axis Ratio|idx:Min SD idx:Max SD
  470 ,  11751 : 1.9841666135077e+01 +(4e-02,6e-02) | 1.48e+03 |  9:7.0e-05  5:2.2e-03
  471 ,  11776 : 1.9844161420142e+01 +(2e-02,7e-02) | 1.47e+03 |  9:6.5e-05  5:2.1e-03
  472 ,  11801 : 1.9837125558949e+01 +(5e-02,7e-02) | 1.49e+03 |  9:5.9e-05  5:2.0e-03
  473 ,  11826 : 1.9850292917899e+01 +(2e-02,5e-02) | 1.43e+03 |  9:5.3e-05  5:1.7e-03
  474 ,  11851 : 1.9849633433699e+01 +(4e-02,7e-02) | 1.49e+03 |  9:5.4e-05  5:1.8e-03
  475 ,  11876 : 1.9865017725018e+01 +(1e-02,4e-02) | 1.54e+03 |  9:5.5e-05  5:1.9e-03
  476 ,  11901 : 1.9849314691513e+01 +(3e-02,6e-02) | 1.60e+03 |  9:5.0e-05  5:1.8e-03
  477 ,  11926 : 1.9846189235620e+01 +(3e-02,6e-02) | 1.65e+03 |  9:4.8e-05  5:1.8e-03
  478 ,  11951 : 1.9850249358237e+01 +(3e-02,7e-02) | 1.59e+03 |  9:5.2e-05  5:1.9e-03
  479 ,  11976 : 1.9849255119916e+01 +(3e-02,5e-02) | 1.60e+03 |  9:5.6e-05  5:1.9e-03
Iterat, #Fevals:   Function Value    (median,worst) |Axis Ratio|idx:Min SD idx:Max SD
  480 ,  12001 : 1.9848412695088e+01 +(2e-02,5e-02) | 1.54e+03 |  9:5.5e-05  5:1.8e-03
  481 ,  12026 : 1.9840910519208e+01 +(4e-02,7e-02) | 1.54e+03 |  9:6.0e-05  5:1.9e-03
  482 ,  12051 : 1.9841683342271e+01 +(3e-02,6e-02) | 1.64e+03 |  9:6.6e-05  5:2.1e-03
  483 ,  12076 : 1.9851770477499e+01 +(3e-02,6e-02) | 1.71e+03 |  9:6.7e-05  5:2.3e-03
  484 ,  12101 : 1.9841169098620e+01 +(4e-02,7e-02) | 1.71e+03 |  9:7.2e-05  5:2.6e-03
  485 ,  12126 : 1.9849254534167e+01 +(3e-02,5e-02) | 1.66e+03 |  9:7.1e-05  5:2.6e-03
  486 ,  12151 : 1.9838245584146e+01 +(4e-02,8e-02) | 1.55e+03 |  9:7.7e-05  5:2.8e-03
  487 ,  12176 : 1.9854817675081e+01 +(2e-02,5e-02) | 1.53e+03 |  9:7.2e-05  5:2.6e-03
  488 ,  12201 : 1.9848307319391e+01 +(3e-02,6e-02) | 1.57e+03 |  9:7.5e-05  5:2.8e-03
  489 ,  12226 : 1.9850635104983e+01 +(3e-02,5e-02) | 1.57e+03 |  9:6.9e-05  5:2.6e-03
Iterat, #Fevals:   Function Value    (median,worst) |Axis Ratio|idx:Min SD idx:Max SD
  490 ,  12251 : 1.9851142260147e+01 +(3e-02,6e-02) | 1.62e+03 |  9:6.9e-05  5:2.6e-03
  491 ,  12276 : 1.9842213387511e+01 +(4e-02,7e-02) | 1.61e+03 |  9:7.3e-05  5:2.8e-03
  492 ,  12301 : 1.9854576946694e+01 +(2e-02,7e-02) | 1.63e+03 |  9:7.3e-05  5:2.6e-03
  493 ,  12326 : 1.9844325635899e+01 +(4e-02,7e-02) | 1.65e+03 |  9:6.2e-05  5:2.3e-03
  494 ,  12351 : 1.9837620461334e+01 +(3e-02,8e-02) | 1.70e+03 |  9:6.1e-05  5:2.2e-03
  495 ,  12376 : 1.9857730141501e+01 +(2e-02,5e-02) | 1.74e+03 |  9:5.9e-05  5:2.2e-03
  496 ,  12401 : 1.9841741230604e+01 +(4e-02,7e-02) | 1.73e+03 |  9:5.7e-05  5:2.2e-03
  497 ,  12426 : 1.9842440648020e+01 +(3e-02,7e-02) | 1.77e+03 |  9:5.3e-05  5:2.1e-03
  498 ,  12451 : 1.9842189923672e+01 +(3e-02,6e-02) | 1.91e+03 |  9:5.3e-05  5:2.2e-03
  499 ,  12476 : 1.9845276624165e+01 +(3e-02,7e-02) | 1.80e+03 |  9:4.6e-05  5:1.9e-03
Iterat, #Fevals:   Function Value    (median,worst) |Axis Ratio|idx:Min SD idx:Max SD
  500 ,  12501 : 1.9839437702786e+01 +(4e-02,7e-02) | 1.93e+03 |  9:4.7e-05  5:2.0e-03
  501 ,  12526 : 1.9837031987395e+01 +(4e-02,8e-02) | 1.91e+03 |  9:3.9e-05  5:1.7e-03
  502 ,  12551 : 1.9849994580180e+01 +(2e-02,6e-02) | 1.91e+03 |  9:3.7e-05  5:1.6e-03
  503 ,  12576 : 1.9850166726367e+01 +(3e-02,6e-02) | 1.96e+03 |  9:3.7e-05  5:1.7e-03
  504 ,  12601 : 1.9840875374790e+01 +(3e-02,6e-02) | 1.99e+03 |  9:3.8e-05  5:1.7e-03
  505 ,  12626 : 1.9835570932470e+01 +(4e-02,7e-02) | 1.90e+03 |  9:3.9e-05  5:1.7e-03
  506 ,  12651 : 1.9836215773390e+01 +(4e-02,8e-02) | 1.86e+03 |  9:3.3e-05  5:1.4e-03
  507 ,  12676 : 1.9849580206824e+01 +(3e-02,6e-02) | 1.88e+03 |  9:2.9e-05  5:1.3e-03
  508 ,  12701 : 1.9850611059682e+01 +(3e-02,6e-02) | 1.84e+03 |  9:2.6e-05  5:1.1e-03
  509 ,  12726 : 1.9847333369054e+01 +(3e-02,6e-02) | 1.85e+03 |  9:2.6e-05  5:1.0e-03
Iterat, #Fevals:   Function Value    (median,worst) |Axis Ratio|idx:Min SD idx:Max SD
  510 ,  12751 : 1.9835489507697e+01 +(4e-02,7e-02) | 1.96e+03 |  9:2.3e-05  5:9.7e-04
  511 ,  12776 : 1.9831657359686e+01 +(5e-02,7e-02) | 1.87e+03 |  9:2.1e-05  5:8.9e-04
  512 ,  12801 : 1.9840549541917e+01 +(4e-02,7e-02) | 1.89e+03 |  9:2.2e-05  5:9.2e-04
  513 ,  12826 : 1.9832432519622e+01 +(5e-02,8e-02) | 1.94e+03 |  9:2.3e-05  5:1.0e-03
  514 ,  12851 : 1.9853993597659e+01 +(2e-02,6e-02) | 1.89e+03 |  9:2.5e-05  5:1.1e-03
  515 ,  12876 : 1.9853028900101e+01 +(3e-02,6e-02) | 1.79e+03 |  9:3.1e-05  5:1.3e-03
  516 ,  12901 : 1.9850939519281e+01 +(3e-02,6e-02) | 1.77e+03 |  9:3.1e-05  5:1.2e-03
  517 ,  12926 : 1.9850281187418e+01 +(3e-02,6e-02) | 1.81e+03 |  9:2.6e-05  5:1.0e-03
  518 ,  12951 : 1.9847272063143e+01 +(2e-02,7e-02) | 1.96e+03 |  9:2.8e-05  5:1.2e-03
  519 ,  12976 : 1.9855456677799e+01 +(3e-02,6e-02) | 1.93e+03 |  9:2.5e-05  5:1.0e-03
Iterat, #Fevals:   Function Value    (median,worst) |Axis Ratio|idx:Min SD idx:Max SD
  520 ,  13001 : 1.9847507522211e+01 +(3e-02,6e-02) | 1.96e+03 |  9:2.2e-05  5:9.0e-04
  521 ,  13026 : 1.9858903220006e+01 +(2e-02,5e-02) | 2.03e+03 |  9:2.0e-05  5:8.7e-04
  522 ,  13051 : 1.9836170455784e+01 +(4e-02,7e-02) | 2.00e+03 |  9:2.3e-05  5:9.0e-04
  523 ,  13076 : 1.9859310606205e+01 +(2e-02,5e-02) | 2.02e+03 |  9:2.4e-05  5:9.7e-04
  524 ,  13101 : 1.9828996387531e+01 +(5e-02,8e-02) | 2.04e+03 |  9:2.2e-05  5:8.3e-04
  525 ,  13126 : 1.9848824562961e+01 +(4e-02,6e-02) | 2.05e+03 |  9:2.2e-05  5:8.4e-04
  526 ,  13151 : 1.9837726655319e+01 +(4e-02,8e-02) | 2.00e+03 |  9:2.2e-05  5:7.8e-04
  527 ,  13176 : 1.9839875418679e+01 +(4e-02,7e-02) | 2.07e+03 |  9:2.1e-05  5:7.7e-04
  528 ,  13201 : 1.9843600453992e+01 +(3e-02,6e-02) | 1.98e+03 |  9:1.8e-05  5:6.6e-04
  529 ,  13226 : 1.9844592716227e+01 +(3e-02,6e-02) | 2.06e+03 |  9:1.8e-05  5:6.5e-04
Iterat, #Fevals:   Function Value    (median,worst) |Axis Ratio|idx:Min SD idx:Max SD
  530 ,  13251 : 1.9845627171825e+01 +(4e-02,6e-02) | 2.08e+03 |  9:1.6e-05  5:5.9e-04
  531 ,  13276 : 1.9847543365096e+01 +(2e-02,5e-02) | 2.29e+03 |  9:1.9e-05  5:6.8e-04
  532 ,  13301 : 1.9840081801428e+01 +(4e-02,7e-02) | 2.26e+03 |  9:1.8e-05  5:6.5e-04
  533 ,  13326 : 1.9842199187794e+01 +(3e-02,8e-02) | 2.16e+03 |  9:2.1e-05  5:7.3e-04
  534 ,  13351 : 1.9851806164168e+01 +(3e-02,6e-02) | 2.18e+03 |  9:2.2e-05  5:7.7e-04
  535 ,  13376 : 1.9853619352027e+01 +(2e-02,6e-02) | 2.10e+03 |  9:2.3e-05  5:8.0e-04
  536 ,  13401 : 1.9839437016123e+01 +(4e-02,8e-02) | 1.95e+03 |  9:2.2e-05  5:7.6e-04
  537 ,  13426 : 1.9850036991682e+01 +(3e-02,6e-02) | 1.97e+03 |  9:2.3e-05  5:7.6e-04
  538 ,  13451 : 1.9837658899346e+01 +(4e-02,7e-02) | 2.04e+03 |  9:2.1e-05  5:7.1e-04
  539 ,  13476 : 1.9848262186787e+01 +(3e-02,7e-02) | 1.98e+03 |  9:2.0e-05  5:6.7e-04
Iterat, #Fevals:   Function Value    (median,worst) |Axis Ratio|idx:Min SD idx:Max SD
  540 ,  13501 : 1.9843272521627e+01 +(4e-02,6e-02) | 1.95e+03 |  9:2.5e-05  5:7.8e-04
  541 ,  13526 : 1.9836161543250e+01 +(4e-02,7e-02) | 1.91e+03 |  9:2.6e-05  5:8.0e-04
  542 ,  13551 : 1.9845918812825e+01 +(4e-02,7e-02) | 1.93e+03 |  9:2.2e-05  5:7.1e-04
  543 ,  13576 : 1.9855614923861e+01 +(2e-02,5e-02) | 1.88e+03 |  9:2.1e-05  5:6.7e-04
  544 ,  13601 : 1.9851785508150e+01 +(3e-02,5e-02) | 1.90e+03 |  9:2.0e-05  5:6.5e-04
#Fevals:   f(returned x)   |    bestever.f     | stopflag (saved to variablescmaes14_7_168.mat)
  13602: 1.98517855081e+01 | 1.98247030198e+01 | stagnation
mean solution: +2.2e+00 +5.3e-02 +2.4e+00 +2.5e-02 +2.1e+00 +1.7e-01 +2.1e-01 +1.9e-01 +1.2e+00
std deviation:  5.8e-04  1.3e-04  3.9e-04  5.0e-05  6.5e-04  3.7e-04  4.1e-04  1.0e-04  2.0e-05
use plotcmaesdat.m for plotting the output at any time (option LogModulo must not be zero)
