
                            < M A T L A B (R) >
                  Copyright 1984-2015 The MathWorks, Inc.
                   R2015a (8.5.0.197613) 64-bit (glnxa64)
                             February 12, 2015

 
For online documentation, see http://www.mathworks.com/support
For product information, visit www.mathworks.com.
 

	Academic License


seed =

                 193.34942


Initialtheta =

          40198.9277812725
          6631371.06980241
          39815829.2517224
          911.751237815902
          8547.20197223315
           525.52090508902
        0.0305070001457613
          2.57176907355845
          497.221672684312

  n=9: (12,25)-CMA-ES(w=[24 17 14... 1.5 0.74]%, ]%, mu_eff=7.3) on function Error
Iterat, #Fevals:   Function Value    (median,worst) |Axis Ratio|idx:Min SD idx:Max SD
    1 ,     26 : 1.2282993475670e+02 +(9e-01,7e+08) | 9.42e+00 |  5:3.6e-01  4:3.4e+00
    2 ,     51 : 9.2322296615002e+01 +(3e+01,3e+07) | 9.43e+00 |  5:3.1e-01  4:2.8e+00
    3 ,     76 : 1.1997658105820e+02 +(4e+00,2e+07) | 9.44e+00 |  5:2.7e-01  4:2.5e+00
    4 ,    101 : 1.2355700288320e+02 +(1e-01,7e+07) | 9.60e+00 |  5:2.6e-01  4:2.5e+00
    5 ,    126 : 8.5277996162355e+01 +(4e+01,1e+07) | 9.27e+00 |  5:2.4e-01  4:2.2e+00
    6 ,    151 : 1.2341824670035e+02 +(3e-01,3e+06) | 9.17e+00 |  5:2.3e-01  4:2.0e+00
    7 ,    176 : 4.2191383995706e+01 +(8e+01,1e+05) | 9.30e+00 |  5:2.4e-01  4:2.1e+00
    8 ,    201 : 7.3542055207539e+01 +(5e+01,2e+06) | 9.19e+00 |  5:2.1e-01  4:1.8e+00
    9 ,    226 : 3.7663584434841e+01 +(9e+01,5e+06) | 9.15e+00 |  5:1.8e-01  4:1.5e+00
Iterat, #Fevals:   Function Value    (median,worst) |Axis Ratio|idx:Min SD idx:Max SD
   10 ,    251 : 1.1795522209365e+02 +(2e+03,3e+06) | 1.00e+01 |  5:1.7e-01  4:1.6e+00
   11 ,    276 : 4.0839362886060e+01 +(8e+01,8e+05) | 1.06e+01 |  5:1.7e-01  4:1.6e+00
   12 ,    301 : 2.7203843954196e+01 +(1e+02,5e+05) | 1.00e+01 |  5:1.7e-01  4:1.6e+00
   13 ,    326 : 1.0235887390136e+02 +(2e+01,3e+05) | 9.74e+00 |  5:1.6e-01  4:1.5e+00
   14 ,    351 : 6.7174628661741e+01 +(6e+01,5e+04) | 9.84e+00 |  5:1.6e-01  4:1.4e+00
   15 ,    376 : 9.6056128509474e+01 +(3e+01,3e+05) | 9.95e+00 |  5:1.5e-01  4:1.4e+00
   16 ,    401 : 2.8808162412832e+01 +(9e+01,3e+05) | 9.90e+00 |  5:1.5e-01  4:1.3e+00
   17 ,    426 : 9.1563763784689e+01 +(3e+01,2e+05) | 1.01e+01 |  5:1.5e-01  4:1.4e+00
   18 ,    451 : 5.2714213136919e+01 +(7e+01,7e+05) | 1.02e+01 |  5:1.3e-01  4:1.2e+00
   19 ,    476 : 2.5031542718534e+01 +(1e+02,2e+05) | 1.01e+01 |  5:1.1e-01  4:1.0e+00
Iterat, #Fevals:   Function Value    (median,worst) |Axis Ratio|idx:Min SD idx:Max SD
   20 ,    501 : 2.7691359553713e+01 +(1e+02,3e+04) | 1.03e+01 |  5:1.0e-01  4:9.3e-01
   21 ,    526 : 2.5379748028741e+01 +(1e+02,7e+05) | 1.04e+01 |  5:9.0e-02  4:8.3e-01
   22 ,    551 : 2.8867469962887e+01 +(9e+01,6e+04) | 1.07e+01 |  5:8.0e-02  4:7.6e-01
   23 ,    576 : 2.5913346789233e+01 +(1e+02,2e+04) | 1.02e+01 |  5:8.4e-02  4:7.3e-01
   24 ,    601 : 2.6141703711529e+01 +(1e+02,4e+03) | 9.77e+00 |  5:7.7e-02  4:6.5e-01
   25 ,    626 : 3.6954144720324e+01 +(9e+01,4e+04) | 9.52e+00 |  5:6.7e-02  4:5.4e-01
   26 ,    651 : 3.1265228793268e+01 +(9e+01,2e+04) | 9.21e+00 |  5:6.9e-02  4:5.5e-01
   27 ,    676 : 2.4634878849731e+01 +(8e+01,1e+04) | 8.55e+00 |  5:6.5e-02  4:4.9e-01
   28 ,    701 : 2.4889077865353e+01 +(9e+01,6e+03) | 8.91e+00 |  5:6.3e-02  4:4.9e-01
   29 ,    726 : 2.5437159192028e+01 +(7e+01,2e+04) | 8.71e+00 |  5:6.5e-02  4:5.1e-01
Iterat, #Fevals:   Function Value    (median,worst) |Axis Ratio|idx:Min SD idx:Max SD
   30 ,    751 : 2.6751917605256e+01 +(9e+01,9e+03) | 9.15e+00 |  5:7.3e-02  4:6.1e-01
   31 ,    776 : 2.5253560730284e+01 +(1e+02,6e+04) | 9.45e+00 |  5:6.4e-02  4:5.4e-01
   32 ,    801 : 2.6650271495780e+01 +(9e+01,2e+04) | 9.17e+00 |  5:6.2e-02  4:5.2e-01
   33 ,    826 : 2.5158776029780e+01 +(1e+02,2e+04) | 9.15e+00 |  5:6.4e-02  4:5.4e-01
   34 ,    851 : 3.8480231696013e+01 +(8e+01,2e+04) | 9.45e+00 |  5:5.8e-02  4:5.0e-01
   35 ,    876 : 2.3332657986429e+01 +(8e+01,1e+04) | 9.41e+00 |  5:5.7e-02  4:4.8e-01
   36 ,    901 : 2.5670334169794e+01 +(7e+01,6e+02) | 1.03e+01 |  5:6.5e-02  4:6.1e-01
   37 ,    926 : 3.4428359879930e+01 +(7e+01,4e+03) | 1.05e+01 |  5:5.7e-02  4:5.2e-01
   38 ,    951 : 2.6609769455255e+01 +(9e+01,1e+04) | 1.05e+01 |  5:5.9e-02  4:4.9e-01
   39 ,    976 : 2.5786707909491e+01 +(9e+01,3e+03) | 1.07e+01 |  5:5.8e-02  4:4.9e-01
Iterat, #Fevals:   Function Value    (median,worst) |Axis Ratio|idx:Min SD idx:Max SD
   40 ,   1001 : 3.8904754106704e+01 +(8e+01,3e+03) | 1.09e+01 |  5:6.0e-02  4:5.0e-01
   41 ,   1026 : 2.6852461447571e+01 +(8e+01,2e+03) | 1.12e+01 |  5:6.1e-02  4:5.0e-01
   42 ,   1051 : 2.6380242881213e+01 +(9e+01,2e+03) | 1.12e+01 |  5:6.1e-02  4:4.8e-01
   43 ,   1076 : 2.9917604879415e+01 +(8e+01,2e+03) | 1.13e+01 |  5:6.5e-02  4:5.1e-01
   44 ,   1101 : 2.6349039609657e+01 +(8e+01,1e+03) | 1.17e+01 |  5:5.8e-02  4:4.6e-01
   45 ,   1126 : 2.5525057819984e+01 +(7e+01,2e+03) | 1.22e+01 |  5:5.0e-02  4:4.0e-01
   46 ,   1151 : 2.6808212465540e+01 +(5e+01,8e+02) | 1.23e+01 |  5:5.0e-02  4:3.8e-01
   47 ,   1176 : 2.6175939193679e+01 +(8e+01,1e+03) | 1.25e+01 |  5:5.2e-02  4:3.8e-01
   48 ,   1201 : 2.5526822023139e+01 +(2e+01,1e+03) | 1.26e+01 |  5:5.0e-02  4:3.7e-01
   49 ,   1226 : 2.5000936785712e+01 +(5e+01,1e+03) | 1.29e+01 |  5:5.0e-02  4:3.6e-01
Iterat, #Fevals:   Function Value    (median,worst) |Axis Ratio|idx:Min SD idx:Max SD
   50 ,   1251 : 2.5464550337576e+01 +(2e+01,2e+02) | 1.35e+01 |  5:4.7e-02  4:3.5e-01
   51 ,   1276 : 2.5333242965966e+01 +(3e+01,4e+02) | 1.36e+01 |  5:4.5e-02  4:3.3e-01
   52 ,   1301 : 2.5769475964276e+01 +(3e+01,5e+02) | 1.41e+01 |  5:4.2e-02  4:3.1e-01
   53 ,   1326 : 2.5832788932822e+01 +(2e+01,9e+01) | 1.42e+01 |  5:3.9e-02  4:2.8e-01
   54 ,   1351 : 2.6319583554198e+01 +(2e+01,1e+02) | 1.43e+01 |  5:3.9e-02  4:2.6e-01
   55 ,   1376 : 2.4823394322550e+01 +(7e+00,6e+01) | 1.44e+01 |  5:3.6e-02  4:2.3e-01
   56 ,   1401 : 2.5607030623810e+01 +(1e+01,8e+01) | 1.46e+01 |  5:3.2e-02  4:2.1e-01
   57 ,   1426 : 2.5628021687647e+01 +(1e+00,4e+01) | 1.47e+01 |  1:3.8e-02  4:2.3e-01
   58 ,   1451 : 2.5201009548194e+01 +(9e+00,7e+01) | 1.52e+01 |  1:3.0e-02  4:1.8e-01
   59 ,   1476 : 2.5549648696248e+01 +(4e+00,8e+01) | 1.68e+01 |  1:2.8e-02  4:1.8e-01
Iterat, #Fevals:   Function Value    (median,worst) |Axis Ratio|idx:Min SD idx:Max SD
   60 ,   1501 : 2.4906979472242e+01 +(7e+00,3e+01) | 1.80e+01 |  1:3.0e-02  4:2.0e-01
   61 ,   1526 : 2.5559026711334e+01 +(2e+00,3e+01) | 1.83e+01 |  1:2.8e-02  4:1.8e-01
   62 ,   1551 : 2.5289959185916e+01 +(3e+00,4e+01) | 1.87e+01 |  1:2.8e-02  4:1.8e-01
   63 ,   1576 : 2.5331492227007e+01 +(6e+00,3e+01) | 2.07e+01 |  1:3.0e-02  4:2.1e-01
   64 ,   1601 : 2.5173217337294e+01 +(3e+00,5e+01) | 2.13e+01 |  1:3.0e-02  4:2.1e-01
   65 ,   1626 : 2.4888747846408e+01 +(3e+00,6e+01) | 2.29e+01 |  1:2.6e-02  4:1.9e-01
   66 ,   1651 : 2.4543932000636e+01 +(3e+00,4e+01) | 2.35e+01 |  1:2.6e-02  4:2.0e-01
   67 ,   1676 : 2.4748820951406e+01 +(1e+00,3e+01) | 2.53e+01 |  1:2.8e-02  4:2.1e-01
   68 ,   1701 : 2.4515365895455e+01 +(3e+00,3e+01) | 2.60e+01 |  1:2.8e-02  4:2.1e-01
   69 ,   1726 : 2.4511228174090e+01 +(4e+00,3e+01) | 2.68e+01 |  1:3.0e-02  4:2.2e-01
Iterat, #Fevals:   Function Value    (median,worst) |Axis Ratio|idx:Min SD idx:Max SD
   70 ,   1751 : 2.4281939662385e+01 +(4e+00,3e+01) | 2.78e+01 |  1:2.9e-02  4:2.0e-01
   71 ,   1776 : 2.4843166248431e+01 +(3e+00,3e+01) | 2.89e+01 |  1:2.5e-02  4:1.8e-01
   72 ,   1801 : 2.4408269141999e+01 +(2e+00,2e+01) | 3.01e+01 |  1:2.4e-02  4:1.7e-01
   73 ,   1826 : 2.4448278675116e+01 +(2e+00,2e+01) | 3.25e+01 |  1:2.5e-02  4:1.9e-01
   74 ,   1851 : 2.4407830175068e+01 +(3e+00,2e+01) | 3.22e+01 |  5:3.0e-02  4:2.2e-01
   75 ,   1876 : 2.4058484326468e+01 +(6e+00,4e+01) | 3.51e+01 |  1:3.1e-02  4:2.3e-01
   76 ,   1901 : 2.3815578457941e+01 +(4e+00,6e+01) | 3.62e+01 |  1:3.1e-02  4:2.4e-01
   77 ,   1926 : 2.3985353234847e+01 +(7e+00,4e+01) | 3.76e+01 |  1:3.3e-02  4:2.5e-01
   78 ,   1951 : 2.3745520232272e+01 +(4e+00,3e+01) | 3.86e+01 |  5:3.3e-02  4:2.5e-01
   79 ,   1976 : 2.3528245377670e+01 +(5e+00,4e+01) | 3.99e+01 |  5:3.6e-02  4:2.8e-01
Iterat, #Fevals:   Function Value    (median,worst) |Axis Ratio|idx:Min SD idx:Max SD
   80 ,   2001 : 2.3539066687492e+01 +(2e+00,3e+01) | 4.03e+01 |  1:3.6e-02  4:2.7e-01
   81 ,   2026 : 2.3288583845615e+01 +(3e+00,7e+01) | 4.13e+01 |  1:3.4e-02  4:2.6e-01
   82 ,   2051 : 2.2865597496636e+01 +(2e+00,2e+01) | 4.33e+01 |  1:4.5e-02  4:3.4e-01
   83 ,   2076 : 2.2790133761334e+01 +(3e+00,4e+01) | 4.40e+01 |  1:5.8e-02  4:4.3e-01
   84 ,   2101 : 2.2931108058425e+01 +(2e+01,1e+02) | 4.43e+01 |  1:5.1e-02  4:3.8e-01
   85 ,   2126 : 2.3760146848402e+01 +(3e+00,9e+01) | 4.46e+01 |  1:4.8e-02  4:3.5e-01
   86 ,   2151 : 2.2182926134105e+01 +(7e+00,7e+01) | 4.55e+01 |  1:4.5e-02  4:3.2e-01
   87 ,   2176 : 2.3181683288681e+01 +(3e+00,8e+01) | 4.60e+01 |  1:4.0e-02  4:2.9e-01
   88 ,   2201 : 2.2712144166037e+01 +(4e+00,3e+01) | 4.55e+01 |  1:4.1e-02  4:2.8e-01
   89 ,   2226 : 2.3074280402161e+01 +(4e+00,6e+01) | 4.57e+01 |  1:4.1e-02  4:2.8e-01
Iterat, #Fevals:   Function Value    (median,worst) |Axis Ratio|idx:Min SD idx:Max SD
   90 ,   2251 : 2.2483804605330e+01 +(3e+00,3e+01) | 4.68e+01 |  1:4.1e-02  4:2.9e-01
   91 ,   2276 : 2.2627471236321e+01 +(4e+00,3e+01) | 4.78e+01 |  1:3.9e-02  4:2.8e-01
   92 ,   2301 : 2.2532393741484e+01 +(3e+00,2e+01) | 4.84e+01 |  1:3.6e-02  4:2.6e-01
   93 ,   2326 : 2.2140215169901e+01 +(3e+00,1e+01) | 4.91e+01 |  1:3.4e-02  4:2.4e-01
   94 ,   2351 : 2.1941105471628e+01 +(3e+00,4e+01) | 4.93e+01 |  1:3.4e-02  4:2.3e-01
   95 ,   2376 : 2.1809653925075e+01 +(3e+00,1e+01) | 5.05e+01 |  1:4.0e-02  4:2.7e-01
   96 ,   2401 : 2.1777517649620e+01 +(6e+00,5e+01) | 5.09e+01 |  1:4.0e-02  4:2.7e-01
   97 ,   2426 : 2.1846606155854e+01 +(5e+00,4e+01) | 5.09e+01 |  1:3.1e-02  4:2.1e-01
   98 ,   2451 : 2.2017332982438e+01 +(2e+00,1e+01) | 5.21e+01 |  1:2.8e-02  4:1.9e-01
   99 ,   2476 : 2.2126989240199e+01 +(2e+00,2e+01) | 5.24e+01 |  1:2.9e-02  4:1.8e-01
Iterat, #Fevals:   Function Value    (median,worst) |Axis Ratio|idx:Min SD idx:Max SD
  100 ,   2501 : 2.1519683805903e+01 +(1e+00,2e+01) | 5.41e+01 |  1:2.9e-02  4:1.9e-01
  101 ,   2526 : 2.1405513400196e+01 +(9e-01,5e+01) | 5.48e+01 |  1:2.9e-02  4:2.0e-01
  102 ,   2551 : 2.1387257337523e+01 +(2e+00,3e+01) | 5.70e+01 |  1:2.9e-02  4:2.0e-01
  103 ,   2576 : 2.1276729696162e+01 +(2e+00,2e+01) | 5.76e+01 |  1:2.7e-02  4:1.9e-01
  104 ,   2601 : 2.0925859430157e+01 +(1e+00,2e+01) | 5.87e+01 |  1:3.0e-02  4:2.1e-01
  105 ,   2626 : 2.0886183291782e+01 +(4e+00,4e+01) | 6.02e+01 |  1:2.8e-02  4:2.0e-01
  106 ,   2651 : 2.0725811851496e+01 +(1e+00,4e+01) | 5.99e+01 |  1:2.9e-02  4:2.1e-01
  107 ,   2676 : 2.0553343523726e+01 +(1e+00,5e+00) | 6.18e+01 |  1:3.2e-02  4:2.3e-01
  108 ,   2701 : 2.0489912956486e+01 +(3e+00,4e+01) | 6.20e+01 |  1:3.2e-02  4:2.3e-01
  109 ,   2726 : 2.0400286200864e+01 +(2e+00,2e+01) | 6.20e+01 |  1:2.9e-02  4:2.1e-01
Iterat, #Fevals:   Function Value    (median,worst) |Axis Ratio|idx:Min SD idx:Max SD
  110 ,   2751 : 2.0118824477652e+01 +(2e+00,7e+00) | 6.27e+01 |  1:2.6e-02  4:1.9e-01
  111 ,   2776 : 1.9992186273385e+01 +(1e+00,2e+01) | 6.54e+01 |  1:2.8e-02  4:2.2e-01
  112 ,   2801 : 2.0512711458778e+01 +(2e+00,4e+01) | 6.68e+01 |  1:2.8e-02  4:2.2e-01
  113 ,   2826 : 2.0388867904902e+01 +(2e+00,5e+01) | 6.72e+01 |  1:2.7e-02  4:2.0e-01
  114 ,   2851 : 2.0324719760789e+01 +(2e+00,4e+01) | 7.02e+01 |  1:2.3e-02  4:1.8e-01
  115 ,   2876 : 2.0084120228085e+01 +(2e+00,1e+01) | 7.38e+01 |  1:2.0e-02  4:1.6e-01
  116 ,   2901 : 2.0221896917461e+01 +(3e-01,4e+00) | 7.42e+01 |  1:2.1e-02  4:1.6e-01
  117 ,   2926 : 2.0136068371295e+01 +(5e-01,1e+01) | 7.51e+01 |  1:1.9e-02  4:1.5e-01
  118 ,   2951 : 2.0018298704686e+01 +(1e+00,4e+01) | 7.41e+01 |  1:1.8e-02  4:1.4e-01
  119 ,   2976 : 2.0087503634595e+01 +(8e-01,8e+00) | 7.39e+01 |  1:1.6e-02  4:1.3e-01
Iterat, #Fevals:   Function Value    (median,worst) |Axis Ratio|idx:Min SD idx:Max SD
  120 ,   3001 : 2.0072952828334e+01 +(1e+00,5e+00) | 7.96e+01 |  1:1.6e-02  4:1.3e-01
  121 ,   3026 : 1.9968325664625e+01 +(7e-01,7e+00) | 8.54e+01 |  1:1.7e-02  4:1.5e-01
  122 ,   3051 : 1.9952060148100e+01 +(5e-01,5e+00) | 8.59e+01 |  1:1.7e-02  4:1.5e-01
  123 ,   3076 : 1.9945291047287e+01 +(1e+00,4e+00) | 8.65e+01 |  1:1.7e-02  4:1.4e-01
  124 ,   3101 : 2.0002725897728e+01 +(4e-01,1e+01) | 8.55e+01 |  1:1.6e-02  4:1.4e-01
  125 ,   3126 : 2.0029797593610e+01 +(4e-01,1e+01) | 8.55e+01 |  1:1.4e-02  4:1.3e-01
  126 ,   3151 : 1.9967032961847e+01 +(6e-01,1e+01) | 8.57e+01 |  1:1.4e-02  4:1.2e-01
  127 ,   3176 : 2.0016050802863e+01 +(5e-01,3e+00) | 8.68e+01 |  1:1.2e-02  4:1.0e-01
  128 ,   3201 : 1.9997725784564e+01 +(5e-01,5e+00) | 8.77e+01 |  1:1.0e-02  4:9.0e-02
  129 ,   3226 : 1.9952153743253e+01 +(3e-01,1e+00) | 8.95e+01 |  1:9.1e-03  4:8.2e-02
Iterat, #Fevals:   Function Value    (median,worst) |Axis Ratio|idx:Min SD idx:Max SD
  130 ,   3251 : 1.9993198320547e+01 +(3e-01,3e+00) | 8.88e+01 |  1:8.4e-03  4:7.4e-02
  131 ,   3276 : 1.9944042691415e+01 +(2e-01,8e-01) | 9.00e+01 |  1:7.9e-03  4:7.0e-02
  132 ,   3301 : 1.9941133735368e+01 +(1e-01,8e-01) | 8.81e+01 |  1:7.8e-03  4:6.6e-02
  133 ,   3326 : 1.9939074036273e+01 +(2e-01,1e+00) | 8.99e+01 |  1:7.6e-03  4:6.6e-02
  134 ,   3351 : 1.9938935760439e+01 +(1e-01,1e+00) | 8.95e+01 |  1:8.2e-03  4:6.8e-02
  135 ,   3376 : 1.9945653037465e+01 +(8e-02,1e+00) | 9.03e+01 |  1:7.6e-03  4:6.1e-02
  136 ,   3401 : 1.9926559870104e+01 +(9e-02,5e-01) | 9.65e+01 |  1:7.5e-03  4:6.3e-02
  137 ,   3426 : 1.9952576955551e+01 +(8e-02,7e-01) | 9.95e+01 |  1:7.7e-03  4:6.7e-02
  138 ,   3451 : 1.9923047579934e+01 +(2e-01,5e-01) | 1.01e+02 |  1:6.0e-03  4:5.4e-02
  139 ,   3476 : 1.9921478292250e+01 +(1e-01,5e-01) | 1.03e+02 |  1:5.7e-03  4:5.1e-02
Iterat, #Fevals:   Function Value    (median,worst) |Axis Ratio|idx:Min SD idx:Max SD
  140 ,   3501 : 1.9908596123974e+01 +(8e-02,5e-01) | 1.03e+02 |  1:5.4e-03  4:4.9e-02
  141 ,   3526 : 1.9924640354960e+01 +(8e-02,3e-01) | 1.03e+02 |  1:5.0e-03  4:4.5e-02
  142 ,   3551 : 1.9909821100662e+01 +(7e-02,3e-01) | 1.08e+02 |  1:4.9e-03  4:4.4e-02
  143 ,   3576 : 1.9922702701328e+01 +(7e-02,3e-01) | 1.10e+02 |  1:4.4e-03  4:4.0e-02
  144 ,   3601 : 1.9918973809914e+01 +(4e-02,2e-01) | 1.13e+02 |  1:4.5e-03  4:4.1e-02
  145 ,   3626 : 1.9911170633695e+01 +(6e-02,1e-01) | 1.20e+02 |  1:4.5e-03  4:4.1e-02
  146 ,   3651 : 1.9922719710381e+01 +(5e-02,4e-01) | 1.22e+02 |  1:4.0e-03  4:3.6e-02
  147 ,   3676 : 1.9931651303951e+01 +(5e-02,3e-01) | 1.27e+02 |  1:4.0e-03  4:3.6e-02
  148 ,   3701 : 1.9910778034902e+01 +(4e-02,2e-01) | 1.31e+02 |  1:4.7e-03  4:4.4e-02
  149 ,   3726 : 1.9919440940949e+01 +(5e-02,3e-01) | 1.37e+02 |  1:4.9e-03  4:4.4e-02
Iterat, #Fevals:   Function Value    (median,worst) |Axis Ratio|idx:Min SD idx:Max SD
  150 ,   3751 : 1.9901855776283e+01 +(5e-02,2e-01) | 1.36e+02 |  1:4.5e-03  4:4.1e-02
  151 ,   3776 : 1.9916439292056e+01 +(4e-02,3e-01) | 1.39e+02 |  1:4.7e-03  4:4.1e-02
  152 ,   3801 : 1.9924814636144e+01 +(3e-02,1e-01) | 1.39e+02 |  1:4.7e-03  4:4.1e-02
  153 ,   3826 : 1.9926984178819e+01 +(4e-02,8e-02) | 1.50e+02 |  1:5.1e-03  4:4.6e-02
  154 ,   3851 : 1.9914494339862e+01 +(4e-02,1e-01) | 1.49e+02 |  1:5.3e-03  4:4.6e-02
  155 ,   3876 : 1.9935819109020e+01 +(3e-02,1e-01) | 1.55e+02 |  1:5.4e-03  4:4.8e-02
  156 ,   3901 : 1.9913562202541e+01 +(6e-02,2e-01) | 1.59e+02 |  1:5.3e-03  4:4.6e-02
  157 ,   3926 : 1.9917325207694e+01 +(5e-02,1e-01) | 1.61e+02 |  1:4.8e-03  4:4.1e-02
  158 ,   3951 : 1.9923866473604e+01 +(2e-02,7e-02) | 1.81e+02 |  1:5.4e-03  4:4.8e-02
  159 ,   3976 : 1.9904857335613e+01 +(4e-02,1e-01) | 1.83e+02 |  1:5.1e-03  4:4.5e-02
Iterat, #Fevals:   Function Value    (median,worst) |Axis Ratio|idx:Min SD idx:Max SD
  160 ,   4001 : 1.9909537447678e+01 +(3e-02,1e-01) | 1.89e+02 |  1:4.8e-03  4:4.3e-02
  161 ,   4026 : 1.9924323560862e+01 +(3e-02,1e-01) | 1.90e+02 |  1:5.0e-03  4:4.2e-02
  162 ,   4051 : 1.9912009167004e+01 +(5e-02,1e-01) | 1.91e+02 |  1:4.9e-03  4:4.4e-02
  163 ,   4076 : 1.9924571589215e+01 +(3e-02,4e-01) | 1.93e+02 |  1:5.0e-03  4:4.4e-02
  164 ,   4101 : 1.9907631301457e+01 +(4e-02,1e-01) | 2.01e+02 |  1:5.1e-03  4:4.7e-02
  165 ,   4126 : 1.9907453306228e+01 +(4e-02,2e-01) | 2.04e+02 |  1:5.1e-03  4:4.8e-02
  166 ,   4151 : 1.9899430652045e+01 +(5e-02,2e-01) | 2.11e+02 |  1:4.4e-03  4:4.1e-02
  167 ,   4176 : 1.9918150701360e+01 +(2e-02,7e-02) | 2.16e+02 |  1:3.5e-03  4:3.4e-02
  168 ,   4201 : 1.9920333909486e+01 +(2e-02,7e-02) | 2.15e+02 |  1:3.3e-03  4:3.1e-02
  169 ,   4226 : 1.9900601084660e+01 +(3e-02,6e-02) | 2.18e+02 |  1:3.2e-03  4:3.0e-02
Iterat, #Fevals:   Function Value    (median,worst) |Axis Ratio|idx:Min SD idx:Max SD
  170 ,   4251 : 1.9912030054448e+01 +(2e-02,4e-02) | 2.26e+02 |  1:2.9e-03  4:2.8e-02
  171 ,   4276 : 1.9914480521955e+01 +(2e-02,5e-02) | 2.33e+02 |  1:2.7e-03  4:2.6e-02
  172 ,   4301 : 1.9911823248151e+01 +(4e-02,6e-02) | 2.28e+02 |  1:2.7e-03  4:2.6e-02
  173 ,   4326 : 1.9903999764677e+01 +(3e-02,5e-02) | 2.34e+02 |  1:2.5e-03  4:2.6e-02
  174 ,   4351 : 1.9912560159947e+01 +(2e-02,6e-02) | 2.44e+02 |  1:3.0e-03  4:3.0e-02
  175 ,   4376 : 1.9909645958852e+01 +(3e-02,4e-02) | 2.40e+02 |  1:3.0e-03  4:2.9e-02
  176 ,   4401 : 1.9885202988080e+01 +(5e-02,8e-02) | 2.55e+02 |  1:3.2e-03  4:3.0e-02
  177 ,   4426 : 1.9883178452582e+01 +(5e-02,7e-02) | 2.68e+02 |  1:3.7e-03  4:3.5e-02
  178 ,   4451 : 1.9882729502675e+01 +(5e-02,1e-01) | 2.69e+02 |  1:3.3e-03  4:3.0e-02
  179 ,   4476 : 1.9903065757606e+01 +(3e-02,6e-02) | 2.81e+02 |  1:3.1e-03  4:2.8e-02
Iterat, #Fevals:   Function Value    (median,worst) |Axis Ratio|idx:Min SD idx:Max SD
  180 ,   4501 : 1.9896934383252e+01 +(4e-02,5e-02) | 2.94e+02 |  1:2.7e-03  4:2.5e-02
  181 ,   4526 : 1.9899439404551e+01 +(2e-02,6e-02) | 2.97e+02 |  1:2.7e-03  4:2.6e-02
  182 ,   4551 : 1.9907680036987e+01 +(3e-02,6e-02) | 2.99e+02 |  1:2.4e-03  4:2.2e-02
  183 ,   4576 : 1.9891332870514e+01 +(3e-02,7e-02) | 3.18e+02 |  1:2.2e-03  3:2.3e-02
  184 ,   4601 : 1.9890499808889e+01 +(3e-02,7e-02) | 3.23e+02 |  1:2.1e-03  3:2.1e-02
  185 ,   4626 : 1.9892124312096e+01 +(3e-02,7e-02) | 3.24e+02 |  1:2.0e-03  3:2.0e-02
  186 ,   4651 : 1.9884534090786e+01 +(4e-02,6e-02) | 3.29e+02 |  1:2.0e-03  3:2.0e-02
  187 ,   4676 : 1.9907122085540e+01 +(2e-02,5e-02) | 3.46e+02 |  1:1.8e-03  3:1.9e-02
  188 ,   4701 : 1.9901062203384e+01 +(3e-02,6e-02) | 3.42e+02 |  1:1.5e-03  3:1.6e-02
  189 ,   4726 : 1.9896498893420e+01 +(3e-02,6e-02) | 3.42e+02 |  1:1.5e-03  3:1.5e-02
Iterat, #Fevals:   Function Value    (median,worst) |Axis Ratio|idx:Min SD idx:Max SD
  190 ,   4751 : 1.9902240639424e+01 +(3e-02,6e-02) | 3.42e+02 |  1:1.5e-03  3:1.6e-02
  191 ,   4776 : 1.9903234488449e+01 +(3e-02,5e-02) | 3.27e+02 |  9:1.6e-03  3:1.6e-02
  192 ,   4801 : 1.9895232172527e+01 +(3e-02,5e-02) | 3.43e+02 |  9:1.6e-03  3:1.8e-02
  193 ,   4826 : 1.9887273412830e+01 +(4e-02,8e-02) | 3.44e+02 |  9:1.5e-03  3:1.7e-02
  194 ,   4851 : 1.9890700542012e+01 +(3e-02,8e-02) | 3.47e+02 |  9:1.4e-03  3:1.5e-02
  195 ,   4876 : 1.9906571870208e+01 +(2e-02,4e-02) | 3.58e+02 |  9:1.4e-03  3:1.5e-02
  196 ,   4901 : 1.9891313358432e+01 +(4e-02,6e-02) | 3.62e+02 |  9:1.3e-03  3:1.5e-02
  197 ,   4926 : 1.9900144977368e+01 +(3e-02,6e-02) | 3.82e+02 |  9:1.4e-03  3:1.8e-02
  198 ,   4951 : 1.9891701826042e+01 +(3e-02,7e-02) | 4.16e+02 |  9:1.5e-03  3:1.9e-02
  199 ,   4976 : 1.9901088310396e+01 +(3e-02,6e-02) | 4.12e+02 |  9:1.4e-03  3:1.8e-02
Iterat, #Fevals:   Function Value    (median,worst) |Axis Ratio|idx:Min SD idx:Max SD
  200 ,   5001 : 1.9898396982393e+01 +(4e-02,6e-02) | 4.18e+02 |  9:1.5e-03  3:1.9e-02
  201 ,   5026 : 1.9898027516677e+01 +(3e-02,4e-02) | 4.15e+02 |  9:1.6e-03  3:2.0e-02
  202 ,   5051 : 1.9910202780516e+01 +(2e-02,5e-02) | 4.21e+02 |  9:1.5e-03  3:1.9e-02
  203 ,   5076 : 1.9903880082971e+01 +(3e-02,6e-02) | 4.29e+02 |  9:1.9e-03  3:2.2e-02
  204 ,   5101 : 1.9902785264698e+01 +(3e-02,7e-02) | 4.18e+02 |  9:2.1e-03  3:2.4e-02
  205 ,   5126 : 1.9898940542039e+01 +(4e-02,6e-02) | 4.32e+02 |  9:2.1e-03  3:2.4e-02
  206 ,   5151 : 1.9894472302494e+01 +(3e-02,6e-02) | 4.44e+02 |  9:2.1e-03  3:2.4e-02
  207 ,   5176 : 1.9905053276275e+01 +(2e-02,4e-02) | 4.52e+02 |  9:2.1e-03  3:2.4e-02
  208 ,   5201 : 1.9898985128101e+01 +(3e-02,5e-02) | 4.41e+02 |  9:1.9e-03  3:2.2e-02
  209 ,   5226 : 1.9906246485762e+01 +(2e-02,4e-02) | 4.56e+02 |  9:1.6e-03  3:1.9e-02
Iterat, #Fevals:   Function Value    (median,worst) |Axis Ratio|idx:Min SD idx:Max SD
  210 ,   5251 : 1.9914581563638e+01 +(2e-02,3e-02) | 4.55e+02 |  9:1.4e-03  4:1.7e-02
  211 ,   5276 : 1.9881363188762e+01 +(5e-02,9e-02) | 4.52e+02 |  9:1.4e-03  4:1.7e-02
  212 ,   5301 : 1.9905784476033e+01 +(2e-02,5e-02) | 4.64e+02 |  9:1.3e-03  4:1.8e-02
  213 ,   5326 : 1.9905548521993e+01 +(2e-02,6e-02) | 4.82e+02 |  9:1.4e-03  4:1.9e-02
  214 ,   5351 : 1.9901028145507e+01 +(2e-02,5e-02) | 4.91e+02 |  9:1.5e-03  3:2.0e-02
  215 ,   5376 : 1.9883552006879e+01 +(4e-02,7e-02) | 4.73e+02 |  9:1.5e-03  3:2.1e-02
  216 ,   5401 : 1.9912069020935e+01 +(2e-02,4e-02) | 4.43e+02 |  9:1.5e-03  3:2.0e-02
  217 ,   5426 : 1.9892061545963e+01 +(4e-02,7e-02) | 4.46e+02 |  9:1.5e-03  4:2.1e-02
  218 ,   5451 : 1.9893744375907e+01 +(3e-02,6e-02) | 4.60e+02 |  9:1.5e-03  4:2.3e-02
  219 ,   5476 : 1.9904887930704e+01 +(3e-02,5e-02) | 4.57e+02 |  9:1.4e-03  4:2.1e-02
Iterat, #Fevals:   Function Value    (median,worst) |Axis Ratio|idx:Min SD idx:Max SD
  220 ,   5501 : 1.9897656747893e+01 +(3e-02,7e-02) | 4.40e+02 |  9:1.4e-03  4:2.2e-02
  221 ,   5526 : 1.9893052592124e+01 +(4e-02,5e-02) | 4.29e+02 |  9:1.4e-03  3:2.1e-02
  222 ,   5551 : 1.9892374590429e+01 +(2e-02,7e-02) | 4.48e+02 |  9:1.3e-03  3:2.2e-02
  223 ,   5576 : 1.9908231105136e+01 +(2e-02,4e-02) | 4.59e+02 |  9:1.3e-03  3:2.2e-02
  224 ,   5601 : 1.9895326947360e+01 +(3e-02,6e-02) | 4.60e+02 |  9:1.4e-03  3:2.1e-02
  225 ,   5626 : 1.9888014210729e+01 +(3e-02,6e-02) | 4.62e+02 |  9:1.3e-03  3:2.0e-02
  226 ,   5651 : 1.9884898814920e+01 +(4e-02,6e-02) | 5.05e+02 |  9:1.3e-03  3:2.2e-02
  227 ,   5676 : 1.9898977892420e+01 +(2e-02,5e-02) | 5.15e+02 |  9:1.2e-03  3:2.0e-02
  228 ,   5701 : 1.9903516685424e+01 +(2e-02,6e-02) | 5.18e+02 |  9:1.1e-03  3:1.9e-02
  229 ,   5726 : 1.9901640344530e+01 +(3e-02,6e-02) | 5.22e+02 |  9:9.1e-04  3:1.6e-02
Iterat, #Fevals:   Function Value    (median,worst) |Axis Ratio|idx:Min SD idx:Max SD
  230 ,   5751 : 1.9877798738099e+01 +(5e-02,9e-02) | 5.39e+02 |  9:7.9e-04  3:1.4e-02
  231 ,   5776 : 1.9892914750768e+01 +(3e-02,8e-02) | 5.37e+02 |  9:7.1e-04  3:1.3e-02
  232 ,   5801 : 1.9894614616202e+01 +(3e-02,6e-02) | 5.32e+02 |  9:6.1e-04  3:1.1e-02
  233 ,   5826 : 1.9891293826141e+01 +(4e-02,6e-02) | 5.38e+02 |  9:6.1e-04  3:1.1e-02
  234 ,   5851 : 1.9887401293457e+01 +(4e-02,6e-02) | 5.35e+02 |  9:5.8e-04  3:1.0e-02
  235 ,   5876 : 1.9901556105864e+01 +(2e-02,5e-02) | 5.08e+02 |  9:5.4e-04  3:9.4e-03
  236 ,   5901 : 1.9898223599736e+01 +(3e-02,5e-02) | 5.00e+02 |  9:4.7e-04  3:8.4e-03
  237 ,   5926 : 1.9898426735625e+01 +(3e-02,7e-02) | 4.64e+02 |  9:4.3e-04  3:7.5e-03
  238 ,   5951 : 1.9890817597451e+01 +(3e-02,7e-02) | 4.74e+02 |  9:4.3e-04  3:7.4e-03
  239 ,   5976 : 1.9898783723495e+01 +(3e-02,6e-02) | 4.84e+02 |  9:3.9e-04  3:7.0e-03
Iterat, #Fevals:   Function Value    (median,worst) |Axis Ratio|idx:Min SD idx:Max SD
  240 ,   6001 : 1.9882478870373e+01 +(4e-02,8e-02) | 4.89e+02 |  9:3.7e-04  3:6.5e-03
  241 ,   6026 : 1.9896876581019e+01 +(3e-02,5e-02) | 4.64e+02 |  9:3.8e-04  3:6.6e-03
  242 ,   6051 : 1.9897700496778e+01 +(3e-02,5e-02) | 4.86e+02 |  9:3.6e-04  3:6.3e-03
  243 ,   6076 : 1.9890486194104e+01 +(4e-02,7e-02) | 4.88e+02 |  9:3.5e-04  3:6.2e-03
  244 ,   6101 : 1.9897073531495e+01 +(3e-02,7e-02) | 4.77e+02 |  9:3.9e-04  3:7.0e-03
  245 ,   6126 : 1.9895104389435e+01 +(3e-02,5e-02) | 4.85e+02 |  9:3.9e-04  3:6.9e-03
  246 ,   6151 : 1.9895032881806e+01 +(3e-02,5e-02) | 4.87e+02 |  9:3.8e-04  4:6.7e-03
  247 ,   6176 : 1.9892076998046e+01 +(3e-02,7e-02) | 5.49e+02 |  9:4.2e-04  3:8.3e-03
  248 ,   6201 : 1.9885708529389e+01 +(4e-02,8e-02) | 5.67e+02 |  9:4.6e-04  4:9.5e-03
  249 ,   6226 : 1.9893579004869e+01 +(4e-02,6e-02) | 5.68e+02 |  9:4.4e-04  4:9.1e-03
Iterat, #Fevals:   Function Value    (median,worst) |Axis Ratio|idx:Min SD idx:Max SD
  250 ,   6251 : 1.9901472809237e+01 +(3e-02,6e-02) | 5.65e+02 |  9:4.0e-04  4:8.4e-03
  251 ,   6276 : 1.9893812355916e+01 +(3e-02,7e-02) | 5.70e+02 |  9:3.7e-04  4:8.0e-03
  252 ,   6301 : 1.9894790054137e+01 +(3e-02,7e-02) | 5.83e+02 |  9:3.5e-04  4:7.8e-03
  253 ,   6326 : 1.9899788289593e+01 +(3e-02,7e-02) | 5.59e+02 |  9:3.3e-04  4:7.3e-03
  254 ,   6351 : 1.9890236191050e+01 +(3e-02,6e-02) | 5.34e+02 |  9:3.3e-04  4:7.4e-03
  255 ,   6376 : 1.9899056006997e+01 +(3e-02,6e-02) | 5.55e+02 |  9:3.0e-04  4:7.0e-03
  256 ,   6401 : 1.9894558612894e+01 +(3e-02,6e-02) | 5.26e+02 |  9:2.8e-04  4:6.4e-03
  257 ,   6426 : 1.9895164770984e+01 +(3e-02,7e-02) | 5.04e+02 |  9:2.5e-04  4:5.8e-03
  258 ,   6451 : 1.9902309010546e+01 +(3e-02,4e-02) | 5.24e+02 |  9:2.2e-04  4:5.3e-03
  259 ,   6476 : 1.9894733353947e+01 +(3e-02,5e-02) | 5.18e+02 |  9:1.9e-04  4:4.7e-03
Iterat, #Fevals:   Function Value    (median,worst) |Axis Ratio|idx:Min SD idx:Max SD
  260 ,   6501 : 1.9890808010144e+01 +(4e-02,6e-02) | 5.22e+02 |  9:1.8e-04  4:4.3e-03
  261 ,   6526 : 1.9891343773046e+01 +(3e-02,6e-02) | 5.37e+02 |  9:1.8e-04  4:4.3e-03
  262 ,   6551 : 1.9895006341237e+01 +(4e-02,6e-02) | 5.47e+02 |  9:1.6e-04  4:3.7e-03
  263 ,   6576 : 1.9888403653963e+01 +(3e-02,8e-02) | 5.50e+02 |  9:1.3e-04  4:3.1e-03
  264 ,   6601 : 1.9893368078949e+01 +(3e-02,7e-02) | 5.41e+02 |  9:1.4e-04  4:3.2e-03
  265 ,   6626 : 1.9891028296153e+01 +(3e-02,6e-02) | 5.39e+02 |  9:1.3e-04  4:3.1e-03
  266 ,   6651 : 1.9892374540276e+01 +(3e-02,5e-02) | 5.37e+02 |  9:1.4e-04  4:3.1e-03
  267 ,   6676 : 1.9899384424089e+01 +(2e-02,4e-02) | 5.68e+02 |  9:1.2e-04  4:2.9e-03
  268 ,   6701 : 1.9905074827830e+01 +(2e-02,5e-02) | 5.80e+02 |  9:1.2e-04  4:2.8e-03
  269 ,   6726 : 1.9882210985803e+01 +(4e-02,7e-02) | 5.92e+02 |  9:1.2e-04  4:2.7e-03
Iterat, #Fevals:   Function Value    (median,worst) |Axis Ratio|idx:Min SD idx:Max SD
  270 ,   6751 : 1.9875659951883e+01 +(5e-02,8e-02) | 6.02e+02 |  9:1.2e-04  4:2.7e-03
  271 ,   6776 : 1.9876036022544e+01 +(5e-02,8e-02) | 5.93e+02 |  9:1.2e-04  4:2.6e-03
  272 ,   6801 : 1.9896393708256e+01 +(2e-02,6e-02) | 6.34e+02 |  9:1.3e-04  4:3.1e-03
  273 ,   6826 : 1.9885731761716e+01 +(4e-02,6e-02) | 6.44e+02 |  9:1.2e-04  4:3.0e-03
  274 ,   6851 : 1.9900793017634e+01 +(2e-02,5e-02) | 6.66e+02 |  9:1.2e-04  4:3.0e-03
  275 ,   6876 : 1.9886830895414e+01 +(4e-02,7e-02) | 6.73e+02 |  9:1.1e-04  4:2.5e-03
  276 ,   6901 : 1.9894404501136e+01 +(3e-02,6e-02) | 6.53e+02 |  9:1.1e-04  4:2.3e-03
  277 ,   6926 : 1.9901779431394e+01 +(2e-02,5e-02) | 6.30e+02 |  9:1.0e-04  4:2.2e-03
  278 ,   6951 : 1.9900942067369e+01 +(2e-02,5e-02) | 5.99e+02 |  9:9.6e-05  4:2.1e-03
  279 ,   6976 : 1.9868126305019e+01 +(5e-02,8e-02) | 5.87e+02 |  9:9.0e-05  4:1.9e-03
Iterat, #Fevals:   Function Value    (median,worst) |Axis Ratio|idx:Min SD idx:Max SD
  280 ,   7001 : 1.9902816852260e+01 +(2e-02,6e-02) | 6.22e+02 |  9:1.1e-04  4:2.2e-03
  281 ,   7026 : 1.9893147288404e+01 +(3e-02,6e-02) | 6.35e+02 |  9:1.2e-04  4:2.3e-03
  282 ,   7051 : 1.9896428138817e+01 +(3e-02,6e-02) | 6.47e+02 |  9:1.2e-04  4:2.5e-03
  283 ,   7076 : 1.9884240139115e+01 +(4e-02,7e-02) | 6.35e+02 |  9:1.2e-04  4:2.5e-03
  284 ,   7101 : 1.9895564676969e+01 +(3e-02,5e-02) | 6.41e+02 |  9:1.3e-04  4:2.6e-03
  285 ,   7126 : 1.9902678786003e+01 +(3e-02,5e-02) | 6.46e+02 |  9:1.4e-04  4:2.7e-03
  286 ,   7151 : 1.9900241676314e+01 +(2e-02,6e-02) | 6.33e+02 |  9:1.3e-04  4:2.4e-03
  287 ,   7176 : 1.9889795152870e+01 +(4e-02,6e-02) | 6.43e+02 |  9:1.2e-04  4:2.2e-03
  288 ,   7201 : 1.9867142012020e+01 +(6e-02,8e-02) | 6.17e+02 |  9:1.3e-04  4:2.3e-03
  289 ,   7226 : 1.9894037857187e+01 +(3e-02,7e-02) | 6.14e+02 |  9:1.3e-04  4:2.5e-03
Iterat, #Fevals:   Function Value    (median,worst) |Axis Ratio|idx:Min SD idx:Max SD
  290 ,   7251 : 1.9889852136344e+01 +(3e-02,5e-02) | 6.03e+02 |  9:1.4e-04  4:2.6e-03
  291 ,   7276 : 1.9894731911556e+01 +(3e-02,6e-02) | 6.14e+02 |  9:1.5e-04  4:2.7e-03
  292 ,   7301 : 1.9885846916260e+01 +(3e-02,6e-02) | 5.80e+02 |  9:1.6e-04  4:2.9e-03
  293 ,   7326 : 1.9897516794966e+01 +(3e-02,7e-02) | 6.37e+02 |  9:1.5e-04  4:3.0e-03
  294 ,   7351 : 1.9893219697569e+01 +(4e-02,6e-02) | 6.16e+02 |  9:1.5e-04  4:3.1e-03
  295 ,   7376 : 1.9885891298056e+01 +(4e-02,8e-02) | 6.24e+02 |  9:1.4e-04  4:3.1e-03
  296 ,   7401 : 1.9903733813352e+01 +(2e-02,5e-02) | 6.81e+02 |  9:1.5e-04  4:3.3e-03
  297 ,   7426 : 1.9894115201453e+01 +(3e-02,6e-02) | 6.90e+02 |  9:1.5e-04  4:3.2e-03
  298 ,   7451 : 1.9883479685747e+01 +(4e-02,6e-02) | 7.66e+02 |  9:1.4e-04  4:3.3e-03
  299 ,   7476 : 1.9883673769398e+01 +(4e-02,7e-02) | 7.44e+02 |  9:1.5e-04  4:3.4e-03
Iterat, #Fevals:   Function Value    (median,worst) |Axis Ratio|idx:Min SD idx:Max SD
  300 ,   7501 : 1.9888176889898e+01 +(4e-02,7e-02) | 7.44e+02 |  9:1.6e-04  4:3.5e-03
  301 ,   7526 : 1.9895115971940e+01 +(2e-02,6e-02) | 7.23e+02 |  9:1.6e-04  4:3.7e-03
  302 ,   7551 : 1.9901707295350e+01 +(3e-02,5e-02) | 7.09e+02 |  9:1.8e-04  4:3.9e-03
  303 ,   7576 : 1.9884831208539e+01 +(4e-02,7e-02) | 6.96e+02 |  9:1.7e-04  4:3.9e-03
  304 ,   7601 : 1.9901890483095e+01 +(2e-02,7e-02) | 7.34e+02 |  9:1.9e-04  4:4.4e-03
  305 ,   7626 : 1.9892368132287e+01 +(4e-02,5e-02) | 7.58e+02 |  9:2.3e-04  4:5.3e-03
  306 ,   7651 : 1.9887185553958e+01 +(3e-02,7e-02) | 7.44e+02 |  9:2.1e-04  4:4.9e-03
  307 ,   7676 : 1.9892093516052e+01 +(3e-02,6e-02) | 8.28e+02 |  9:2.1e-04  4:5.5e-03
  308 ,   7701 : 1.9875728210516e+01 +(4e-02,7e-02) | 8.13e+02 |  9:2.2e-04  4:5.7e-03
  309 ,   7726 : 1.9901109869244e+01 +(2e-02,6e-02) | 8.10e+02 |  9:2.2e-04  4:5.6e-03
Iterat, #Fevals:   Function Value    (median,worst) |Axis Ratio|idx:Min SD idx:Max SD
  310 ,   7751 : 1.9873491374900e+01 +(4e-02,8e-02) | 8.25e+02 |  9:2.1e-04  4:5.7e-03
  311 ,   7776 : 1.9896872578012e+01 +(2e-02,6e-02) | 8.47e+02 |  9:2.3e-04  4:6.3e-03
  312 ,   7801 : 1.9878136230404e+01 +(4e-02,8e-02) | 8.98e+02 |  9:2.4e-04  4:6.4e-03
  313 ,   7826 : 1.9900917889480e+01 +(2e-02,4e-02) | 9.25e+02 |  9:2.1e-04  4:5.8e-03
  314 ,   7851 : 1.9874702205932e+01 +(5e-02,8e-02) | 9.22e+02 |  9:2.3e-04  4:6.3e-03
  315 ,   7876 : 1.9874199679810e+01 +(5e-02,8e-02) | 9.51e+02 |  9:2.1e-04  4:5.8e-03
  316 ,   7901 : 1.9886685160032e+01 +(4e-02,7e-02) | 9.43e+02 |  9:1.9e-04  4:5.1e-03
  317 ,   7926 : 1.9889889448280e+01 +(4e-02,7e-02) | 9.67e+02 |  9:1.8e-04  4:4.9e-03
  318 ,   7951 : 1.9895089149987e+01 +(3e-02,6e-02) | 9.20e+02 |  9:1.7e-04  4:4.6e-03
  319 ,   7976 : 1.9887962659073e+01 +(4e-02,6e-02) | 9.18e+02 |  9:1.5e-04  4:4.1e-03
Iterat, #Fevals:   Function Value    (median,worst) |Axis Ratio|idx:Min SD idx:Max SD
  320 ,   8001 : 1.9887295240035e+01 +(4e-02,7e-02) | 8.04e+02 |  9:1.6e-04  4:4.1e-03
  321 ,   8026 : 1.9900641774343e+01 +(3e-02,5e-02) | 8.19e+02 |  9:1.4e-04  4:3.9e-03
  322 ,   8051 : 1.9897615740783e+01 +(3e-02,6e-02) | 8.28e+02 |  9:1.3e-04  4:3.7e-03
  323 ,   8076 : 1.9873761991380e+01 +(5e-02,7e-02) | 8.51e+02 |  9:1.3e-04  4:3.7e-03
  324 ,   8101 : 1.9897054476912e+01 +(3e-02,5e-02) | 8.36e+02 |  9:1.2e-04  4:3.4e-03
  325 ,   8126 : 1.9895601289907e+01 +(2e-02,6e-02) | 8.37e+02 |  9:9.6e-05  4:2.8e-03
  326 ,   8151 : 1.9908662846474e+01 +(2e-02,6e-02) | 8.43e+02 |  9:9.8e-05  4:2.8e-03
  327 ,   8176 : 1.9892168851036e+01 +(3e-02,6e-02) | 8.21e+02 |  9:8.9e-05  4:2.5e-03
  328 ,   8201 : 1.9881771267521e+01 +(5e-02,8e-02) | 8.25e+02 |  9:7.9e-05  4:2.2e-03
  329 ,   8226 : 1.9878776802596e+01 +(4e-02,8e-02) | 8.40e+02 |  9:7.2e-05  4:2.1e-03
Iterat, #Fevals:   Function Value    (median,worst) |Axis Ratio|idx:Min SD idx:Max SD
  330 ,   8251 : 1.9888588060042e+01 +(3e-02,7e-02) | 8.41e+02 |  9:7.3e-05  4:2.0e-03
  331 ,   8276 : 1.9880504931091e+01 +(5e-02,8e-02) | 8.71e+02 |  9:8.0e-05  4:2.2e-03
  332 ,   8301 : 1.9875151665636e+01 +(5e-02,1e-01) | 8.45e+02 |  9:7.8e-05  4:2.1e-03
  333 ,   8326 : 1.9885792054865e+01 +(4e-02,7e-02) | 7.98e+02 |  9:9.0e-05  4:2.4e-03
  334 ,   8351 : 1.9887758371549e+01 +(3e-02,5e-02) | 7.66e+02 |  9:9.1e-05  4:2.3e-03
  335 ,   8376 : 1.9896107078709e+01 +(3e-02,7e-02) | 7.47e+02 |  9:8.5e-05  4:2.3e-03
  336 ,   8401 : 1.9885413219522e+01 +(3e-02,7e-02) | 7.54e+02 |  9:7.4e-05  4:2.1e-03
  337 ,   8426 : 1.9881014038601e+01 +(4e-02,7e-02) | 7.44e+02 |  9:6.9e-05  4:1.8e-03
  338 ,   8451 : 1.9888986531732e+01 +(4e-02,7e-02) | 7.64e+02 |  9:6.8e-05  4:1.8e-03
  339 ,   8476 : 1.9897107829390e+01 +(3e-02,5e-02) | 7.52e+02 |  9:7.6e-05  4:1.9e-03
Iterat, #Fevals:   Function Value    (median,worst) |Axis Ratio|idx:Min SD idx:Max SD
  340 ,   8501 : 1.9890581481854e+01 +(3e-02,6e-02) | 7.55e+02 |  9:7.1e-05  4:1.8e-03
  341 ,   8526 : 1.9880179697228e+01 +(5e-02,9e-02) | 7.38e+02 |  9:6.7e-05  4:1.7e-03
  342 ,   8551 : 1.9905325649684e+01 +(2e-02,5e-02) | 7.27e+02 |  9:6.5e-05  4:1.7e-03
  343 ,   8576 : 1.9890139587835e+01 +(4e-02,7e-02) | 7.34e+02 |  9:6.3e-05  4:1.7e-03
  344 ,   8601 : 1.9878730529660e+01 +(5e-02,6e-02) | 7.15e+02 |  9:6.1e-05  4:1.6e-03
  345 ,   8626 : 1.9886953076900e+01 +(3e-02,5e-02) | 7.65e+02 |  9:6.2e-05  4:1.7e-03
  346 ,   8651 : 1.9888729885603e+01 +(4e-02,7e-02) | 7.93e+02 |  9:5.8e-05  4:1.6e-03
  347 ,   8676 : 1.9894238138766e+01 +(3e-02,5e-02) | 8.06e+02 |  9:5.5e-05  4:1.5e-03
  348 ,   8701 : 1.9879009317236e+01 +(4e-02,8e-02) | 8.24e+02 |  9:5.6e-05  4:1.5e-03
  349 ,   8726 : 1.9883009539285e+01 +(5e-02,7e-02) | 8.51e+02 |  9:5.5e-05  4:1.5e-03
Iterat, #Fevals:   Function Value    (median,worst) |Axis Ratio|idx:Min SD idx:Max SD
  350 ,   8751 : 1.9893977340878e+01 +(3e-02,6e-02) | 8.87e+02 |  9:5.5e-05  4:1.5e-03
  351 ,   8776 : 1.9893836981997e+01 +(2e-02,7e-02) | 8.73e+02 |  9:5.6e-05  4:1.5e-03
  352 ,   8801 : 1.9893021761324e+01 +(3e-02,5e-02) | 8.70e+02 |  9:6.0e-05  4:1.6e-03
  353 ,   8826 : 1.9892283135576e+01 +(3e-02,7e-02) | 9.35e+02 |  9:5.5e-05  4:1.5e-03
  354 ,   8851 : 1.9897664173763e+01 +(3e-02,6e-02) | 9.61e+02 |  9:4.9e-05  4:1.3e-03
  355 ,   8876 : 1.9873732556168e+01 +(5e-02,9e-02) | 9.48e+02 |  9:5.6e-05  4:1.5e-03
  356 ,   8901 : 1.9889292587058e+01 +(4e-02,6e-02) | 9.18e+02 |  9:5.5e-05  4:1.5e-03
  357 ,   8926 : 1.9876509837821e+01 +(6e-02,9e-02) | 8.69e+02 |  9:5.7e-05  4:1.5e-03
  358 ,   8951 : 1.9880882240762e+01 +(4e-02,8e-02) | 8.94e+02 |  9:5.6e-05  4:1.5e-03
  359 ,   8976 : 1.9882438719692e+01 +(4e-02,8e-02) | 1.00e+03 |  9:6.9e-05  4:2.0e-03
Iterat, #Fevals:   Function Value    (median,worst) |Axis Ratio|idx:Min SD idx:Max SD
  360 ,   9001 : 1.9893145641975e+01 +(3e-02,8e-02) | 1.02e+03 |  9:7.6e-05  4:2.3e-03
  361 ,   9026 : 1.9890824504767e+01 +(3e-02,6e-02) | 1.02e+03 |  9:7.2e-05  4:2.2e-03
  362 ,   9051 : 1.9870357395198e+01 +(5e-02,8e-02) | 1.06e+03 |  9:7.5e-05  4:2.3e-03
  363 ,   9076 : 1.9878150121745e+01 +(4e-02,8e-02) | 1.13e+03 |  9:6.9e-05  4:2.2e-03
  364 ,   9101 : 1.9891269381025e+01 +(3e-02,6e-02) | 1.12e+03 |  9:6.5e-05  4:2.0e-03
  365 ,   9126 : 1.9894376393488e+01 +(2e-02,7e-02) | 1.13e+03 |  9:6.0e-05  4:1.9e-03
  366 ,   9151 : 1.9902284078671e+01 +(2e-02,8e-02) | 1.15e+03 |  9:6.2e-05  4:2.0e-03
  367 ,   9176 : 1.9872538491010e+01 +(5e-02,9e-02) | 1.03e+03 |  9:6.2e-05  4:2.0e-03
  368 ,   9201 : 1.9885610091152e+01 +(4e-02,6e-02) | 1.07e+03 |  9:5.9e-05  4:2.0e-03
  369 ,   9226 : 1.9872463837558e+01 +(5e-02,8e-02) | 1.08e+03 |  9:5.3e-05  4:1.8e-03
Iterat, #Fevals:   Function Value    (median,worst) |Axis Ratio|idx:Min SD idx:Max SD
  370 ,   9251 : 1.9888450993643e+01 +(3e-02,7e-02) | 1.10e+03 |  9:5.7e-05  4:1.9e-03
  371 ,   9276 : 1.9888785693438e+01 +(3e-02,7e-02) | 1.08e+03 |  9:6.0e-05  4:2.0e-03
  372 ,   9301 : 1.9883459340103e+01 +(4e-02,7e-02) | 1.10e+03 |  9:6.3e-05  4:2.1e-03
  373 ,   9326 : 1.9878854283485e+01 +(4e-02,7e-02) | 1.14e+03 |  9:6.4e-05  4:2.1e-03
  374 ,   9351 : 1.9876015488114e+01 +(4e-02,7e-02) | 1.15e+03 |  9:6.2e-05  4:2.0e-03
  375 ,   9376 : 1.9897995502937e+01 +(3e-02,5e-02) | 1.17e+03 |  9:5.8e-05  4:1.9e-03
  376 ,   9401 : 1.9897226514531e+01 +(2e-02,4e-02) | 1.20e+03 |  9:6.0e-05  4:2.0e-03
  377 ,   9426 : 1.9880763140244e+01 +(5e-02,8e-02) | 1.17e+03 |  9:6.1e-05  4:1.9e-03
  378 ,   9451 : 1.9876172372975e+01 +(5e-02,8e-02) | 1.12e+03 |  9:7.3e-05  4:2.3e-03
  379 ,   9476 : 1.9886766443641e+01 +(4e-02,7e-02) | 1.14e+03 |  9:7.2e-05  4:2.3e-03
Iterat, #Fevals:   Function Value    (median,worst) |Axis Ratio|idx:Min SD idx:Max SD
  380 ,   9501 : 1.9903285945643e+01 +(3e-02,5e-02) | 1.12e+03 |  9:6.7e-05  4:2.1e-03
  381 ,   9526 : 1.9879233069250e+01 +(5e-02,9e-02) | 1.18e+03 |  9:6.8e-05  4:2.1e-03
  382 ,   9551 : 1.9891709894590e+01 +(4e-02,7e-02) | 1.18e+03 |  9:7.6e-05  4:2.3e-03
  383 ,   9576 : 1.9880124317207e+01 +(4e-02,8e-02) | 1.18e+03 |  9:7.8e-05  4:2.3e-03
  384 ,   9601 : 1.9887445143027e+01 +(4e-02,6e-02) | 1.20e+03 |  9:6.6e-05  4:2.0e-03
  385 ,   9626 : 1.9887759533794e+01 +(3e-02,7e-02) | 1.15e+03 |  9:5.6e-05  4:1.7e-03
  386 ,   9651 : 1.9880396629390e+01 +(4e-02,7e-02) | 1.17e+03 |  9:5.1e-05  4:1.6e-03
  387 ,   9676 : 1.9871329477801e+01 +(6e-02,1e-01) | 1.20e+03 |  9:4.5e-05  4:1.4e-03
  388 ,   9701 : 1.9886756747979e+01 +(4e-02,8e-02) | 1.21e+03 |  9:4.5e-05  4:1.4e-03
  389 ,   9726 : 1.9878707180785e+01 +(5e-02,7e-02) | 1.24e+03 |  9:4.3e-05  4:1.4e-03
Iterat, #Fevals:   Function Value    (median,worst) |Axis Ratio|idx:Min SD idx:Max SD
  390 ,   9751 : 1.9893055350532e+01 +(4e-02,8e-02) | 1.23e+03 |  9:4.7e-05  4:1.4e-03
  391 ,   9776 : 1.9881842410868e+01 +(4e-02,7e-02) | 1.26e+03 |  9:4.4e-05  4:1.3e-03
  392 ,   9801 : 1.9877111127677e+01 +(4e-02,8e-02) | 1.26e+03 |  9:4.7e-05  4:1.4e-03
  393 ,   9826 : 1.9898317153645e+01 +(3e-02,4e-02) | 1.25e+03 |  9:5.9e-05  4:1.6e-03
  394 ,   9851 : 1.9899293679564e+01 +(2e-02,8e-02) | 1.24e+03 |  9:6.4e-05  4:1.7e-03
  395 ,   9876 : 1.9876539011092e+01 +(4e-02,7e-02) | 1.21e+03 |  9:6.3e-05  4:1.7e-03
  396 ,   9901 : 1.9895644482036e+01 +(3e-02,6e-02) | 1.22e+03 |  9:6.3e-05  4:1.7e-03
  397 ,   9926 : 1.9883068903140e+01 +(4e-02,6e-02) | 1.25e+03 |  9:6.4e-05  4:1.8e-03
  398 ,   9951 : 1.9890434860519e+01 +(3e-02,6e-02) | 1.30e+03 |  9:6.1e-05  4:1.6e-03
  399 ,   9976 : 1.9882491093131e+01 +(5e-02,8e-02) | 1.31e+03 |  9:5.5e-05  4:1.4e-03
Iterat, #Fevals:   Function Value    (median,worst) |Axis Ratio|idx:Min SD idx:Max SD
  400 ,  10001 : 1.9891308149346e+01 +(3e-02,7e-02) | 1.39e+03 |  9:4.8e-05  4:1.3e-03
  401 ,  10026 : 1.9885384158021e+01 +(3e-02,7e-02) | 1.36e+03 |  9:4.3e-05  4:1.1e-03
  402 ,  10051 : 1.9874193503361e+01 +(5e-02,8e-02) | 1.36e+03 |  9:3.9e-05  4:9.6e-04
  403 ,  10076 : 1.9890570514837e+01 +(3e-02,7e-02) | 1.38e+03 |  9:3.8e-05  4:9.0e-04
  404 ,  10101 : 1.9895578699632e+01 +(3e-02,6e-02) | 1.42e+03 |  9:3.8e-05  4:9.2e-04
  405 ,  10126 : 1.9895026463764e+01 +(3e-02,6e-02) | 1.40e+03 |  9:3.9e-05  4:9.3e-04
  406 ,  10151 : 1.9889071108700e+01 +(3e-02,7e-02) | 1.42e+03 |  9:4.1e-05  4:9.8e-04
  407 ,  10176 : 1.9891188180175e+01 +(4e-02,7e-02) | 1.39e+03 |  9:3.9e-05  4:9.3e-04
  408 ,  10201 : 1.9881319053658e+01 +(4e-02,7e-02) | 1.43e+03 |  9:4.5e-05  4:1.1e-03
  409 ,  10226 : 1.9887559452549e+01 +(3e-02,6e-02) | 1.46e+03 |  9:4.2e-05  4:1.0e-03
Iterat, #Fevals:   Function Value    (median,worst) |Axis Ratio|idx:Min SD idx:Max SD
  410 ,  10251 : 1.9882039079738e+01 +(4e-02,7e-02) | 1.45e+03 |  9:4.4e-05  4:1.1e-03
  411 ,  10276 : 1.9898679783950e+01 +(3e-02,6e-02) | 1.50e+03 |  9:5.0e-05  4:1.2e-03
  412 ,  10301 : 1.9879959218364e+01 +(5e-02,8e-02) | 1.50e+03 |  9:4.6e-05  4:1.1e-03
  413 ,  10326 : 1.9891233537423e+01 +(3e-02,6e-02) | 1.49e+03 |  9:4.2e-05  4:9.8e-04
  414 ,  10351 : 1.9886440187004e+01 +(4e-02,7e-02) | 1.50e+03 |  9:4.3e-05  4:9.9e-04
  415 ,  10376 : 1.9900005806194e+01 +(3e-02,6e-02) | 1.46e+03 |  9:4.1e-05  4:9.2e-04
  416 ,  10401 : 1.9880343075621e+01 +(5e-02,7e-02) | 1.37e+03 |  9:3.8e-05  4:8.6e-04
  417 ,  10426 : 1.9874173102096e+01 +(5e-02,8e-02) | 1.38e+03 |  9:3.5e-05  4:8.0e-04
  418 ,  10451 : 1.9895926111863e+01 +(3e-02,6e-02) | 1.40e+03 |  9:3.4e-05  4:7.8e-04
  419 ,  10476 : 1.9877245530371e+01 +(4e-02,8e-02) | 1.46e+03 |  9:3.0e-05  4:7.0e-04
Iterat, #Fevals:   Function Value    (median,worst) |Axis Ratio|idx:Min SD idx:Max SD
  420 ,  10501 : 1.9878062740675e+01 +(5e-02,9e-02) | 1.58e+03 |  9:3.2e-05  4:7.4e-04
  421 ,  10526 : 1.9888974950685e+01 +(3e-02,6e-02) | 1.68e+03 |  9:3.2e-05  4:7.7e-04
  422 ,  10551 : 1.9870865865314e+01 +(5e-02,1e-01) | 1.69e+03 |  9:3.4e-05  4:7.9e-04
  423 ,  10576 : 1.9894192176129e+01 +(3e-02,6e-02) | 1.82e+03 |  9:3.7e-05  4:9.1e-04
  424 ,  10601 : 1.9896594176089e+01 +(3e-02,7e-02) | 1.79e+03 |  9:3.3e-05  4:8.5e-04
  425 ,  10626 : 1.9883115655637e+01 +(4e-02,8e-02) | 1.71e+03 |  9:3.3e-05  4:8.1e-04
  426 ,  10651 : 1.9882308392961e+01 +(4e-02,6e-02) | 1.74e+03 |  9:3.2e-05  4:8.0e-04
  427 ,  10676 : 1.9894148276554e+01 +(3e-02,5e-02) | 1.69e+03 |  9:3.2e-05  4:8.1e-04
  428 ,  10701 : 1.9879328097549e+01 +(5e-02,7e-02) | 1.66e+03 |  9:3.1e-05  4:7.7e-04
  429 ,  10726 : 1.9896271650273e+01 +(3e-02,5e-02) | 1.64e+03 |  9:2.8e-05  4:7.2e-04
Iterat, #Fevals:   Function Value    (median,worst) |Axis Ratio|idx:Min SD idx:Max SD
  430 ,  10751 : 1.9904944771145e+01 +(2e-02,5e-02) | 1.60e+03 |  9:2.8e-05  4:7.1e-04
  431 ,  10776 : 1.9882237280093e+01 +(3e-02,8e-02) | 1.62e+03 |  9:2.6e-05  4:6.6e-04
  432 ,  10801 : 1.9891729321629e+01 +(4e-02,7e-02) | 1.68e+03 |  9:2.6e-05  4:6.3e-04
  433 ,  10826 : 1.9893938379238e+01 +(4e-02,6e-02) | 1.64e+03 |  9:2.3e-05  4:5.7e-04
  434 ,  10851 : 1.9883535055627e+01 +(4e-02,8e-02) | 1.60e+03 |  9:2.4e-05  4:5.7e-04
  435 ,  10876 : 1.9894623619104e+01 +(2e-02,6e-02) | 1.62e+03 |  9:2.4e-05  4:6.1e-04
  436 ,  10901 : 1.9881969487011e+01 +(5e-02,8e-02) | 1.51e+03 |  9:2.2e-05  4:5.4e-04
  437 ,  10926 : 1.9892898601411e+01 +(3e-02,9e-02) | 1.73e+03 |  9:2.4e-05  4:6.3e-04
  438 ,  10951 : 1.9891177037130e+01 +(3e-02,7e-02) | 1.73e+03 |  9:2.3e-05  4:6.2e-04
  439 ,  10976 : 1.9881428307695e+01 +(4e-02,7e-02) | 1.74e+03 |  9:2.4e-05  4:6.2e-04
Iterat, #Fevals:   Function Value    (median,worst) |Axis Ratio|idx:Min SD idx:Max SD
  440 ,  11001 : 1.9873123448674e+01 +(5e-02,8e-02) | 1.68e+03 |  9:2.5e-05  4:6.5e-04
  441 ,  11026 : 1.9881776286083e+01 +(3e-02,6e-02) | 1.74e+03 |  9:2.7e-05  4:6.9e-04
  442 ,  11051 : 1.9894153665188e+01 +(3e-02,6e-02) | 1.74e+03 |  9:2.3e-05  4:5.9e-04
  443 ,  11076 : 1.9893875797329e+01 +(4e-02,7e-02) | 1.80e+03 |  9:2.6e-05  4:6.4e-04
  444 ,  11101 : 1.9901937483033e+01 +(2e-02,5e-02) | 1.76e+03 |  9:2.7e-05  4:6.3e-04
  445 ,  11126 : 1.9892460100176e+01 +(3e-02,6e-02) | 1.85e+03 |  9:2.6e-05  4:6.1e-04
  446 ,  11151 : 1.9893805229067e+01 +(3e-02,6e-02) | 1.84e+03 |  9:2.6e-05  4:6.1e-04
  447 ,  11176 : 1.9888083759095e+01 +(4e-02,5e-02) | 1.90e+03 |  9:2.8e-05  4:6.8e-04
  448 ,  11201 : 1.9902386583383e+01 +(2e-02,5e-02) | 2.11e+03 |  9:2.6e-05  4:6.5e-04
  449 ,  11226 : 1.9885147794808e+01 +(3e-02,8e-02) | 2.19e+03 |  9:2.5e-05  4:6.1e-04
Iterat, #Fevals:   Function Value    (median,worst) |Axis Ratio|idx:Min SD idx:Max SD
  450 ,  11251 : 1.9884293418234e+01 +(4e-02,8e-02) | 2.26e+03 |  9:2.7e-05  4:6.8e-04
  451 ,  11276 : 1.9886007459452e+01 +(3e-02,7e-02) | 2.11e+03 |  9:2.7e-05  4:6.6e-04
  452 ,  11301 : 1.9899267399302e+01 +(3e-02,5e-02) | 2.08e+03 |  9:2.5e-05  4:5.9e-04
  453 ,  11326 : 1.9892609507011e+01 +(4e-02,6e-02) | 2.15e+03 |  9:2.6e-05  4:6.4e-04
  454 ,  11351 : 1.9887425978719e+01 +(4e-02,6e-02) | 2.16e+03 |  9:2.7e-05  4:6.6e-04
  455 ,  11376 : 1.9879350995767e+01 +(4e-02,1e-01) | 2.09e+03 |  9:2.8e-05  4:6.9e-04
  456 ,  11401 : 1.9900713641158e+01 +(3e-02,6e-02) | 2.08e+03 |  9:2.9e-05  4:7.2e-04
  457 ,  11426 : 1.9874184805214e+01 +(5e-02,8e-02) | 2.23e+03 |  9:2.7e-05  4:7.4e-04
  458 ,  11451 : 1.9880191294325e+01 +(4e-02,8e-02) | 2.22e+03 |  9:2.4e-05  4:6.6e-04
  459 ,  11476 : 1.9892170985589e+01 +(3e-02,7e-02) | 2.24e+03 |  9:2.3e-05  4:6.5e-04
Iterat, #Fevals:   Function Value    (median,worst) |Axis Ratio|idx:Min SD idx:Max SD
  460 ,  11501 : 1.9891689716408e+01 +(4e-02,7e-02) | 2.24e+03 |  9:2.3e-05  4:6.1e-04
  461 ,  11526 : 1.9889315641718e+01 +(3e-02,7e-02) | 2.26e+03 |  9:2.1e-05  4:5.7e-04
  462 ,  11551 : 1.9886544260014e+01 +(3e-02,1e-01) | 2.30e+03 |  9:1.8e-05  4:4.8e-04
  463 ,  11576 : 1.9911723577992e+01 +(1e-02,3e-02) | 2.26e+03 |  9:1.7e-05  4:4.4e-04
  464 ,  11601 : 1.9902485254932e+01 +(2e-02,5e-02) | 2.27e+03 |  9:1.4e-05  4:3.6e-04
  465 ,  11626 : 1.9895586575547e+01 +(2e-02,6e-02) | 2.26e+03 |  9:1.1e-05  4:2.9e-04
#Fevals:   f(returned x)   |    bestever.f     | stopflag (saved to variablescmaes14_7_178.mat)
  11627: 1.98955865755e+01 | 1.98671420120e+01 | stagnation
mean solution: +1.7e-01 +1.5e+00 +8.0e-01 +1.5e+00 +9.6e-01 +9.2e-01 +2.3e-01 +2.3e-01 +2.0e+00
std deviation:  2.1e-05  3.3e-05  1.6e-04  2.9e-04  3.7e-05  4.9e-05  4.8e-05  3.6e-05  1.1e-05
use plotcmaesdat.m for plotting the output at any time (option LogModulo must not be zero)
