
                            < M A T L A B (R) >
                  Copyright 1984-2015 The MathWorks, Inc.
                   R2015a (8.5.0.197613) 64-bit (glnxa64)
                             February 12, 2015

 
For online documentation, see http://www.mathworks.com/support
For product information, visit www.mathworks.com.
 

	Academic License


seed =

                 63.871862


Initialtheta =

          55394.1468559564
          3962479.54080577
           4812678.2098809
          5257.19993836743
          1531.23277953709
           500.51015083316
        0.0135482522060912
          5.43097726937932
           683.78628366293

  n=9: (12,25)-CMA-ES(w=[24 17 14... 1.5 0.74]%, ]%, mu_eff=7.3) on function Error
[Warning: Failure at t=4.901899e+02.  Unable to meet integration tolerances
without reducing the step size below the smallest value allowed (9.094947e-13)
at time t.] 
[> In ode15s (line 730)
  In Error (line 30)
  In cmaes (line 957)
  In ParameterFit (line 32)
  In ParameterFittingScript (line 27)] 
Iterat, #Fevals:   Function Value    (median,worst) |Axis Ratio|idx:Min SD idx:Max SD
    1 ,     26 : 3.0872737192822e+01 +(1e+10,Inf) | 1.85e+01 |  9:3.3e-01  3:5.9e+00
    2 ,     51 : 1.2297887352747e+02 +(2e+09,5e+16) | 1.80e+01 |  9:3.9e-01  3:6.8e+00
    3 ,     76 : 8.7654367261694e+01 +(1e+07,9e+15) | 1.91e+01 |  9:3.7e-01  3:6.9e+00
    4 ,    101 : 1.2269414518039e+02 +(2e+05,6e+11) | 1.99e+01 |  9:4.1e-01  3:7.9e+00
    5 ,    126 : 1.1355233156389e+02 +(1e+01,2e+11) | 2.00e+01 |  9:4.2e-01  3:8.2e+00
    6 ,    151 : 1.2268076845782e+02 +(3e+03,1e+11) | 2.01e+01 |  9:3.6e-01  3:7.0e+00
    7 ,    176 : 3.5269151297499e+01 +(3e+06,2e+10) | 2.01e+01 |  9:3.3e-01  3:6.6e+00
    8 ,    201 : 1.2348310343656e+02 +(3e+06,4e+10) | 1.95e+01 |  9:3.1e-01  3:6.0e+00
    9 ,    226 : 1.2348526167462e+02 +(2e+05,2e+10) | 1.90e+01 |  9:3.0e-01  3:5.5e+00
Iterat, #Fevals:   Function Value    (median,worst) |Axis Ratio|idx:Min SD idx:Max SD
   10 ,    251 : 1.2329810703148e+02 +(2e+06,2e+09) | 1.90e+01 |  9:2.7e-01  3:5.0e+00
   11 ,    276 : 1.2340082492654e+02 +(2e+06,7e+08) | 1.94e+01 |  9:2.7e-01  3:5.1e+00
   12 ,    301 : 1.2367645723150e+02 +(7e+06,4e+08) | 1.95e+01 |  9:2.4e-01  3:4.6e+00
   13 ,    326 : 1.2364723708818e+02 +(1e+06,4e+08) | 1.97e+01 |  9:2.2e-01  3:4.3e+00
   14 ,    351 : 1.2368318333618e+02 +(5e+05,1e+08) | 1.96e+01 |  9:2.4e-01  3:4.6e+00
   15 ,    376 : 1.1074717461844e+02 +(1e+01,2e+07) | 1.83e+01 |  9:2.4e-01  3:4.2e+00
   16 ,    401 : 1.1008215786943e+02 +(1e+05,1e+08) | 1.90e+01 |  9:2.3e-01  3:4.1e+00
   17 ,    426 : 1.2307271313590e+02 +(1e+05,2e+07) | 1.93e+01 |  9:2.3e-01  3:4.3e+00
   18 ,    451 : 6.5994802159574e+01 +(2e+02,3e+06) | 1.98e+01 |  9:2.2e-01  3:4.2e+00
   19 ,    476 : 8.7011922813853e+01 +(3e+04,1e+07) | 1.95e+01 |  9:2.4e-01  3:4.4e+00
Iterat, #Fevals:   Function Value    (median,worst) |Axis Ratio|idx:Min SD idx:Max SD
   20 ,    501 : 2.4529064336747e+01 +(1e+04,9e+07) | 1.99e+01 |  9:1.9e-01  3:3.6e+00
   21 ,    526 : 1.2279964341909e+02 +(5e+03,2e+06) | 2.00e+01 |  9:1.8e-01  3:3.3e+00
   22 ,    551 : 1.2360451919663e+02 +(1e-01,5e+06) | 1.96e+01 |  9:1.7e-01  3:3.1e+00
   23 ,    576 : 5.5973012953618e+01 +(2e+04,2e+07) | 1.98e+01 |  9:1.4e-01  3:2.7e+00
   24 ,    601 : 2.8164031154057e+01 +(1e+02,7e+05) | 2.01e+01 |  9:1.3e-01  3:2.5e+00
   25 ,    626 : 3.3322683383526e+01 +(3e+03,3e+05) | 2.04e+01 |  9:1.4e-01  3:2.7e+00
   26 ,    651 : 2.9401852512363e+01 +(4e+02,6e+04) | 2.23e+01 |  9:1.4e-01  3:2.9e+00
   27 ,    676 : 7.6755316253246e+01 +(5e+01,6e+04) | 2.39e+01 |  9:1.4e-01  3:3.1e+00
   28 ,    701 : 3.2072563341521e+01 +(9e+01,7e+04) | 2.31e+01 |  9:1.3e-01  3:2.7e+00
   29 ,    726 : 2.7776861447650e+01 +(1e+02,6e+03) | 2.34e+01 |  9:1.1e-01  3:2.4e+00
Iterat, #Fevals:   Function Value    (median,worst) |Axis Ratio|idx:Min SD idx:Max SD
   30 ,    751 : 2.5796012604457e+01 +(1e+02,9e+04) | 2.30e+01 |  9:1.0e-01  3:2.3e+00
   31 ,    776 : 2.4273570947433e+01 +(1e+02,3e+04) | 2.44e+01 |  9:8.9e-02  3:2.0e+00
   32 ,    801 : 2.7014248641066e+01 +(1e+02,5e+03) | 2.37e+01 |  9:7.9e-02  3:1.7e+00
   33 ,    826 : 4.1012267375247e+01 +(8e+01,3e+03) | 2.45e+01 |  9:6.7e-02  3:1.5e+00
   34 ,    851 : 2.5881592946513e+01 +(9e+01,8e+03) | 2.63e+01 |  9:6.3e-02  3:1.5e+00
   35 ,    876 : 2.6524760804312e+01 +(9e+01,1e+03) | 2.51e+01 |  9:7.0e-02  3:1.5e+00
   36 ,    901 : 2.6086241959108e+01 +(9e+01,7e+02) | 2.48e+01 |  9:8.0e-02  3:1.7e+00
   37 ,    926 : 2.5719241714932e+01 +(7e+01,3e+02) | 2.49e+01 |  9:8.4e-02  3:1.8e+00
   38 ,    951 : 2.6775423116990e+01 +(9e+01,1e+04) | 2.46e+01 |  9:8.3e-02  3:1.7e+00
   39 ,    976 : 2.7361375620786e+01 +(8e+01,4e+03) | 2.46e+01 |  9:7.6e-02  3:1.6e+00
Iterat, #Fevals:   Function Value    (median,worst) |Axis Ratio|idx:Min SD idx:Max SD
   40 ,   1001 : 2.7032085400477e+01 +(6e+01,6e+02) | 2.52e+01 |  4:7.6e-02  3:1.5e+00
   41 ,   1026 : 2.6211861400424e+01 +(9e+01,2e+03) | 2.75e+01 |  4:8.0e-02  3:1.6e+00
   42 ,   1051 : 2.7225866348563e+01 +(5e+01,6e+02) | 2.79e+01 |  4:7.5e-02  3:1.5e+00
   43 ,   1076 : 2.6479635615728e+01 +(8e+01,5e+03) | 2.97e+01 |  4:7.0e-02  3:1.5e+00
   44 ,   1101 : 2.4769483647517e+01 +(3e+01,1e+02) | 3.05e+01 |  4:7.1e-02  3:1.6e+00
   45 ,   1126 : 2.5237856466889e+01 +(4e+01,5e+02) | 3.07e+01 |  4:8.1e-02  3:1.7e+00
   46 ,   1151 : 2.5313658651027e+01 +(4e+01,1e+03) | 3.30e+01 |  4:7.7e-02  3:1.7e+00
   47 ,   1176 : 2.4724674366564e+01 +(4e+01,6e+02) | 3.45e+01 |  4:7.7e-02  3:1.7e+00
   48 ,   1201 : 2.5710349129349e+01 +(8e+01,7e+02) | 3.56e+01 |  4:6.6e-02  3:1.5e+00
   49 ,   1226 : 2.5946822557681e+01 +(3e+01,4e+02) | 3.67e+01 |  4:6.0e-02  3:1.4e+00
Iterat, #Fevals:   Function Value    (median,worst) |Axis Ratio|idx:Min SD idx:Max SD
   50 ,   1251 : 2.5581375439783e+01 +(4e+01,6e+02) | 3.85e+01 |  4:5.7e-02  3:1.4e+00
   51 ,   1276 : 2.5188962461950e+01 +(3e+01,8e+02) | 3.97e+01 |  4:4.5e-02  3:1.1e+00
   52 ,   1301 : 2.5355653421046e+01 +(8e+00,5e+02) | 4.13e+01 |  4:4.0e-02  3:9.7e-01
   53 ,   1326 : 2.6303743636355e+01 +(6e+01,2e+02) | 4.14e+01 |  4:3.8e-02  3:9.1e-01
   54 ,   1351 : 2.5810036567633e+01 +(1e+01,4e+02) | 4.51e+01 |  4:3.3e-02  3:8.2e-01
   55 ,   1376 : 2.6162384594678e+01 +(1e+01,2e+02) | 4.63e+01 |  4:3.0e-02  3:7.7e-01
   56 ,   1401 : 2.5996102685119e+01 +(5e+00,6e+01) | 4.77e+01 |  4:2.6e-02  3:6.8e-01
   57 ,   1426 : 2.5919171155938e+01 +(3e+00,5e+01) | 4.97e+01 |  4:2.6e-02  3:7.0e-01
   58 ,   1451 : 2.5577065773069e+01 +(4e+00,4e+01) | 5.13e+01 |  4:2.6e-02  3:7.0e-01
   59 ,   1476 : 2.5659162741133e+01 +(4e+00,3e+01) | 5.26e+01 |  4:2.5e-02  3:6.5e-01
Iterat, #Fevals:   Function Value    (median,worst) |Axis Ratio|idx:Min SD idx:Max SD
   60 ,   1501 : 2.5910739941034e+01 +(3e+00,2e+01) | 5.34e+01 |  4:2.3e-02  3:6.1e-01
   61 ,   1526 : 2.5456684824883e+01 +(4e+00,7e+01) | 5.60e+01 |  4:2.0e-02  3:5.3e-01
   62 ,   1551 : 2.5403402435709e+01 +(1e+00,4e+01) | 5.69e+01 |  4:1.8e-02  3:4.9e-01
   63 ,   1576 : 2.5143440516561e+01 +(1e+00,2e+01) | 5.77e+01 |  4:2.0e-02  3:5.3e-01
   64 ,   1601 : 2.5111687566179e+01 +(2e+00,2e+01) | 5.94e+01 |  4:2.2e-02  3:5.6e-01
   65 ,   1626 : 2.4940363132129e+01 +(2e+00,2e+01) | 6.15e+01 |  4:2.4e-02  3:5.9e-01
   66 ,   1651 : 2.4984142151988e+01 +(2e+00,2e+01) | 6.86e+01 |  4:2.3e-02  3:6.1e-01
   67 ,   1676 : 2.4992215527788e+01 +(2e+00,1e+01) | 6.95e+01 |  4:2.5e-02  3:6.5e-01
   68 ,   1701 : 2.4837425532036e+01 +(2e+00,2e+01) | 7.19e+01 |  4:2.4e-02  3:6.5e-01
   69 ,   1726 : 2.4756580229250e+01 +(1e+00,6e+01) | 7.54e+01 |  4:2.3e-02  3:6.1e-01
Iterat, #Fevals:   Function Value    (median,worst) |Axis Ratio|idx:Min SD idx:Max SD
   70 ,   1751 : 2.4782479241725e+01 +(3e+00,7e+00) | 7.72e+01 |  4:2.2e-02  3:6.1e-01
   71 ,   1776 : 2.4190216248320e+01 +(1e+00,9e+00) | 7.84e+01 |  4:2.2e-02  3:6.0e-01
   72 ,   1801 : 2.3359232212712e+01 +(3e+00,2e+01) | 8.27e+01 |  4:2.6e-02  3:7.2e-01
   73 ,   1826 : 2.3670035704230e+01 +(2e+00,2e+01) | 8.60e+01 |  4:2.9e-02  3:8.1e-01
   74 ,   1851 : 2.2920423684657e+01 +(4e+00,7e+01) | 8.71e+01 |  4:2.6e-02  3:7.2e-01
   75 ,   1876 : 2.3593477965142e+01 +(1e+00,2e+01) | 9.05e+01 |  4:2.6e-02  3:7.4e-01
   76 ,   1901 : 2.2967314013215e+01 +(3e+00,2e+01) | 8.95e+01 |  4:2.6e-02  3:7.3e-01
   77 ,   1926 : 2.2131361594180e+01 +(3e+00,3e+01) | 8.57e+01 |  4:3.3e-02  3:9.1e-01
   78 ,   1951 : 2.2703246003492e+01 +(3e+00,3e+01) | 8.76e+01 |  4:3.7e-02  3:1.0e+00
   79 ,   1976 : 2.2801128540313e+01 +(2e+01,1e+02) | 8.83e+01 |  4:3.4e-02  3:9.7e-01
Iterat, #Fevals:   Function Value    (median,worst) |Axis Ratio|idx:Min SD idx:Max SD
   80 ,   2001 : 2.1877686988339e+01 +(4e+00,4e+01) | 8.87e+01 |  4:3.9e-02  3:1.1e+00
   81 ,   2026 : 2.2780970861740e+01 +(1e+01,6e+01) | 9.14e+01 |  4:4.5e-02  3:1.2e+00
   82 ,   2051 : 2.2577583203813e+01 +(6e+00,8e+01) | 9.62e+01 |  4:4.7e-02  3:1.3e+00
   83 ,   2076 : 2.1902286604302e+01 +(1e+01,9e+01) | 9.82e+01 |  4:4.2e-02  3:1.2e+00
   84 ,   2101 : 2.2373083812788e+01 +(9e+00,9e+01) | 9.95e+01 |  4:3.5e-02  3:9.7e-01
   85 ,   2126 : 2.2319623901656e+01 +(6e+00,8e+01) | 1.02e+02 |  4:3.1e-02  3:8.7e-01
   86 ,   2151 : 2.1422471196365e+01 +(5e+00,6e+01) | 1.04e+02 |  4:3.1e-02  3:8.5e-01
   87 ,   2176 : 2.1823705735443e+01 +(5e+00,4e+01) | 1.10e+02 |  4:3.2e-02  3:8.7e-01
   88 ,   2201 : 2.1321863577534e+01 +(3e+00,5e+01) | 1.10e+02 |  4:3.1e-02  3:8.4e-01
   89 ,   2226 : 2.0733826496618e+01 +(5e+00,5e+01) | 1.12e+02 |  4:3.3e-02  3:9.0e-01
Iterat, #Fevals:   Function Value    (median,worst) |Axis Ratio|idx:Min SD idx:Max SD
   90 ,   2251 : 2.1170112484901e+01 +(3e+00,3e+01) | 1.14e+02 |  4:3.4e-02  3:8.8e-01
   91 ,   2276 : 2.1168011842992e+01 +(3e+00,4e+01) | 1.11e+02 |  4:2.9e-02  3:7.8e-01
   92 ,   2301 : 2.1241016829216e+01 +(4e+00,6e+01) | 1.13e+02 |  4:2.7e-02  3:7.3e-01
   93 ,   2326 : 2.1526245282305e+01 +(3e+00,7e+01) | 1.13e+02 |  4:2.3e-02  3:6.2e-01
   94 ,   2351 : 2.1412715431495e+01 +(3e+00,3e+01) | 1.12e+02 |  4:2.1e-02  3:5.6e-01
   95 ,   2376 : 2.0962245984787e+01 +(1e+00,2e+01) | 1.12e+02 |  4:2.1e-02  3:5.8e-01
   96 ,   2401 : 2.1023768855566e+01 +(1e+00,1e+01) | 1.16e+02 |  4:2.3e-02  3:6.2e-01
   97 ,   2426 : 2.0603857914481e+01 +(1e+00,1e+01) | 1.17e+02 |  4:2.3e-02  3:5.8e-01
   98 ,   2451 : 2.0380893300308e+01 +(1e+00,2e+01) | 1.19e+02 |  4:2.2e-02  3:5.7e-01
   99 ,   2476 : 2.0338565424855e+01 +(2e+00,3e+01) | 1.31e+02 |  4:2.2e-02  3:6.3e-01
Iterat, #Fevals:   Function Value    (median,worst) |Axis Ratio|idx:Min SD idx:Max SD
  100 ,   2501 : 2.0225806050441e+01 +(2e+00,7e+00) | 1.33e+02 |  4:2.1e-02  3:6.0e-01
  101 ,   2526 : 2.0298111566285e+01 +(1e+00,2e+01) | 1.36e+02 |  4:2.1e-02  3:6.0e-01
  102 ,   2551 : 2.0252050465507e+01 +(3e+00,1e+01) | 1.39e+02 |  4:1.7e-02  3:5.1e-01
  103 ,   2576 : 2.0166153149202e+01 +(9e-01,6e+00) | 1.46e+02 |  4:1.7e-02  3:5.0e-01
  104 ,   2601 : 2.0284186373989e+01 +(8e-01,6e+00) | 1.48e+02 |  4:1.7e-02  3:4.9e-01
  105 ,   2626 : 2.0196434615519e+01 +(6e-01,5e+00) | 1.46e+02 |  4:1.5e-02  3:4.3e-01
  106 ,   2651 : 2.0231246821857e+01 +(9e-01,5e+00) | 1.53e+02 |  4:1.3e-02  3:3.8e-01
  107 ,   2676 : 2.0017820912005e+01 +(5e-01,3e+00) | 1.55e+02 |  4:1.3e-02  3:3.6e-01
  108 ,   2701 : 1.9942985158054e+01 +(5e-01,3e+00) | 1.53e+02 |  4:1.4e-02  3:3.8e-01
  109 ,   2726 : 1.9980169163585e+01 +(5e-01,5e+00) | 1.56e+02 |  4:1.5e-02  3:3.7e-01
Iterat, #Fevals:   Function Value    (median,worst) |Axis Ratio|idx:Min SD idx:Max SD
  110 ,   2751 : 1.9953867495895e+01 +(5e-01,3e+00) | 1.57e+02 |  4:1.3e-02  3:3.2e-01
  111 ,   2776 : 1.9956969682017e+01 +(4e-01,2e+00) | 1.60e+02 |  4:1.2e-02  3:3.0e-01
  112 ,   2801 : 1.9960198544548e+01 +(3e-01,3e+00) | 1.59e+02 |  4:1.3e-02  3:3.1e-01
  113 ,   2826 : 1.9946881670173e+01 +(3e-01,6e+00) | 1.61e+02 |  4:1.4e-02  3:3.4e-01
  114 ,   2851 : 2.0066151524481e+01 +(6e-01,5e+00) | 1.67e+02 |  4:1.5e-02  3:3.7e-01
  115 ,   2876 : 1.9954925847507e+01 +(4e-01,3e+00) | 1.67e+02 |  4:1.4e-02  3:3.3e-01
  116 ,   2901 : 1.9940311681407e+01 +(2e-01,2e+00) | 1.77e+02 |  4:1.2e-02  3:3.0e-01
  117 ,   2926 : 1.9916840263605e+01 +(4e-01,3e+00) | 1.81e+02 |  4:1.1e-02  3:2.5e-01
  118 ,   2951 : 1.9926593732678e+01 +(3e-01,2e+00) | 1.87e+02 |  4:9.0e-03  3:2.2e-01
  119 ,   2976 : 1.9918896191349e+01 +(1e-01,9e-01) | 1.92e+02 |  4:9.7e-03  3:2.3e-01
Iterat, #Fevals:   Function Value    (median,worst) |Axis Ratio|idx:Min SD idx:Max SD
  120 ,   3001 : 1.9927829890901e+01 +(2e-01,2e+00) | 1.96e+02 |  4:9.6e-03  3:2.3e-01
  121 ,   3026 : 1.9915872595843e+01 +(1e-01,8e-01) | 1.96e+02 |  4:8.2e-03  3:1.9e-01
  122 ,   3051 : 1.9900639245345e+01 +(1e-01,2e+00) | 2.01e+02 |  4:8.1e-03  3:1.8e-01
  123 ,   3076 : 1.9923395347814e+01 +(1e-01,1e+00) | 2.12e+02 |  9:7.1e-03  3:1.6e-01
  124 ,   3101 : 1.9916725353736e+01 +(9e-02,3e-01) | 2.16e+02 |  9:7.1e-03  3:1.6e-01
  125 ,   3126 : 1.9893995392187e+01 +(1e-01,4e-01) | 2.14e+02 |  9:6.4e-03  3:1.5e-01
  126 ,   3151 : 1.9905509858775e+01 +(9e-02,5e-01) | 2.16e+02 |  9:6.4e-03  3:1.5e-01
  127 ,   3176 : 1.9900339714300e+01 +(5e-02,3e-01) | 2.19e+02 |  9:7.3e-03  3:1.7e-01
  128 ,   3201 : 1.9892809957754e+01 +(8e-02,7e-01) | 2.26e+02 |  9:6.8e-03  3:1.6e-01
  129 ,   3226 : 1.9907028431052e+01 +(7e-02,7e-01) | 2.31e+02 |  9:7.4e-03  3:1.8e-01
Iterat, #Fevals:   Function Value    (median,worst) |Axis Ratio|idx:Min SD idx:Max SD
  130 ,   3251 : 1.9911505428694e+01 +(9e-02,1e+00) | 2.41e+02 |  9:6.8e-03  3:1.7e-01
  131 ,   3276 : 1.9913141478252e+01 +(5e-02,8e-01) | 2.44e+02 |  9:5.8e-03  3:1.5e-01
  132 ,   3301 : 1.9899449900434e+01 +(5e-02,4e-01) | 2.44e+02 |  9:4.7e-03  3:1.2e-01
  133 ,   3326 : 1.9894792838651e+01 +(5e-02,5e-01) | 2.42e+02 |  9:4.1e-03  3:1.1e-01
  134 ,   3351 : 1.9907652823949e+01 +(3e-02,1e-01) | 2.56e+02 |  9:3.3e-03  3:9.1e-02
  135 ,   3376 : 1.9897735810505e+01 +(4e-02,7e-02) | 2.52e+02 |  9:3.5e-03  3:9.2e-02
  136 ,   3401 : 1.9895670350737e+01 +(4e-02,1e-01) | 2.53e+02 |  9:3.0e-03  3:8.1e-02
  137 ,   3426 : 1.9891770440269e+01 +(4e-02,1e-01) | 2.60e+02 |  9:2.9e-03  3:7.9e-02
  138 ,   3451 : 1.9898071149498e+01 +(3e-02,7e-02) | 2.61e+02 |  9:2.4e-03  3:6.6e-02
  139 ,   3476 : 1.9890448052337e+01 +(3e-02,5e-02) | 2.69e+02 |  9:2.0e-03  3:5.8e-02
Iterat, #Fevals:   Function Value    (median,worst) |Axis Ratio|idx:Min SD idx:Max SD
  140 ,   3501 : 1.9875953250077e+01 +(4e-02,8e-02) | 2.68e+02 |  9:1.7e-03  3:4.8e-02
  141 ,   3526 : 1.9889422561288e+01 +(3e-02,7e-02) | 2.62e+02 |  9:1.5e-03  3:4.3e-02
  142 ,   3551 : 1.9878234900233e+01 +(4e-02,7e-02) | 2.74e+02 |  9:1.7e-03  3:4.8e-02
  143 ,   3576 : 1.9893224990041e+01 +(3e-02,5e-02) | 2.84e+02 |  9:1.7e-03  3:4.7e-02
  144 ,   3601 : 1.9878298969114e+01 +(4e-02,7e-02) | 2.89e+02 |  9:1.8e-03  3:5.0e-02
  145 ,   3626 : 1.9879616752862e+01 +(5e-02,6e-02) | 2.95e+02 |  9:1.6e-03  3:4.6e-02
  146 ,   3651 : 1.9892464939356e+01 +(3e-02,7e-02) | 2.98e+02 |  9:1.4e-03  3:4.2e-02
  147 ,   3676 : 1.9891070278160e+01 +(2e-02,6e-02) | 2.98e+02 |  9:1.2e-03  3:3.6e-02
  148 ,   3701 : 1.9889255314266e+01 +(3e-02,4e-02) | 3.12e+02 |  9:1.2e-03  3:3.7e-02
  149 ,   3726 : 1.9878707694785e+01 +(4e-02,7e-02) | 3.07e+02 |  9:1.1e-03  3:3.2e-02
Iterat, #Fevals:   Function Value    (median,worst) |Axis Ratio|idx:Min SD idx:Max SD
  150 ,   3751 : 1.9883376577288e+01 +(4e-02,6e-02) | 3.20e+02 |  9:1.1e-03  3:3.1e-02
  151 ,   3776 : 1.9874589403208e+01 +(4e-02,7e-02) | 3.28e+02 |  9:1.1e-03  3:3.2e-02
  152 ,   3801 : 1.9880664285654e+01 +(4e-02,5e-02) | 3.36e+02 |  9:1.0e-03  3:3.1e-02
  153 ,   3826 : 1.9896628695051e+01 +(1e-02,4e-02) | 3.50e+02 |  9:9.8e-04  3:3.0e-02
  154 ,   3851 : 1.9895061859758e+01 +(2e-02,5e-02) | 3.58e+02 |  9:8.8e-04  3:2.7e-02
  155 ,   3876 : 1.9879235631009e+01 +(4e-02,5e-02) | 3.62e+02 |  9:7.9e-04  3:2.5e-02
  156 ,   3901 : 1.9894605456812e+01 +(2e-02,3e-02) | 3.57e+02 |  9:7.3e-04  3:2.2e-02
  157 ,   3926 : 1.9880140037501e+01 +(3e-02,6e-02) | 3.55e+02 |  9:8.1e-04  3:2.3e-02
  158 ,   3951 : 1.9877398951359e+01 +(4e-02,8e-02) | 3.63e+02 |  9:8.7e-04  3:2.5e-02
  159 ,   3976 : 1.9887505566579e+01 +(3e-02,5e-02) | 3.57e+02 |  9:9.3e-04  3:2.6e-02
Iterat, #Fevals:   Function Value    (median,worst) |Axis Ratio|idx:Min SD idx:Max SD
  160 ,   4001 : 1.9865384485272e+01 +(5e-02,7e-02) | 3.49e+02 |  9:9.8e-04  3:2.6e-02
  161 ,   4026 : 1.9884412774387e+01 +(3e-02,5e-02) | 3.66e+02 |  9:9.2e-04  3:2.6e-02
  162 ,   4051 : 1.9894206273728e+01 +(2e-02,6e-02) | 3.63e+02 |  9:8.6e-04  3:2.4e-02
  163 ,   4076 : 1.9874116459513e+01 +(4e-02,5e-02) | 3.62e+02 |  9:8.1e-04  3:2.4e-02
  164 ,   4101 : 1.9881424067225e+01 +(3e-02,6e-02) | 3.71e+02 |  9:7.3e-04  3:2.1e-02
  165 ,   4126 : 1.9892020574958e+01 +(2e-02,5e-02) | 3.64e+02 |  9:7.3e-04  3:2.1e-02
  166 ,   4151 : 1.9873916787009e+01 +(4e-02,6e-02) | 3.61e+02 |  9:6.8e-04  3:1.9e-02
  167 ,   4176 : 1.9883926478376e+01 +(3e-02,5e-02) | 3.83e+02 |  9:7.0e-04  3:2.1e-02
  168 ,   4201 : 1.9881534932017e+01 +(3e-02,6e-02) | 3.76e+02 |  9:7.7e-04  3:2.3e-02
  169 ,   4226 : 1.9897031780507e+01 +(2e-02,5e-02) | 3.79e+02 |  9:7.2e-04  3:2.1e-02
Iterat, #Fevals:   Function Value    (median,worst) |Axis Ratio|idx:Min SD idx:Max SD
  170 ,   4251 : 1.9874509087891e+01 +(4e-02,7e-02) | 3.73e+02 |  9:7.5e-04  3:2.2e-02
  171 ,   4276 : 1.9865704009672e+01 +(4e-02,7e-02) | 3.67e+02 |  9:6.9e-04  3:2.0e-02
  172 ,   4301 : 1.9890716370023e+01 +(2e-02,4e-02) | 3.55e+02 |  9:6.7e-04  3:1.9e-02
  173 ,   4326 : 1.9879502948390e+01 +(3e-02,5e-02) | 3.54e+02 |  9:6.8e-04  3:2.0e-02
  174 ,   4351 : 1.9890928769036e+01 +(2e-02,5e-02) | 3.33e+02 |  9:7.7e-04  3:2.3e-02
  175 ,   4376 : 1.9873449872186e+01 +(4e-02,6e-02) | 3.33e+02 |  9:8.6e-04  3:2.6e-02
  176 ,   4401 : 1.9876378584159e+01 +(4e-02,7e-02) | 3.50e+02 |  9:9.1e-04  3:2.9e-02
  177 ,   4426 : 1.9884169468936e+01 +(3e-02,5e-02) | 3.47e+02 |  9:1.1e-03  3:3.3e-02
  178 ,   4451 : 1.9885911860134e+01 +(3e-02,5e-02) | 3.65e+02 |  9:1.1e-03  3:3.6e-02
  179 ,   4476 : 1.9889075936575e+01 +(2e-02,7e-02) | 3.64e+02 |  9:1.1e-03  3:3.5e-02
Iterat, #Fevals:   Function Value    (median,worst) |Axis Ratio|idx:Min SD idx:Max SD
  180 ,   4501 : 1.9886254778719e+01 +(2e-02,6e-02) | 3.96e+02 |  9:1.2e-03  3:3.9e-02
  181 ,   4526 : 1.9887749998632e+01 +(2e-02,5e-02) | 3.92e+02 |  9:1.2e-03  3:4.2e-02
  182 ,   4551 : 1.9890613201715e+01 +(3e-02,8e-02) | 3.91e+02 |  9:1.3e-03  3:4.6e-02
  183 ,   4576 : 1.9891803986073e+01 +(2e-02,4e-02) | 4.00e+02 |  9:1.2e-03  3:4.2e-02
  184 ,   4601 : 1.9883300006781e+01 +(3e-02,6e-02) | 3.96e+02 |  9:1.1e-03  3:4.0e-02
  185 ,   4626 : 1.9889830528121e+01 +(3e-02,5e-02) | 3.97e+02 |  9:1.1e-03  3:3.7e-02
  186 ,   4651 : 1.9888185644527e+01 +(2e-02,5e-02) | 3.82e+02 |  9:1.1e-03  3:3.8e-02
  187 ,   4676 : 1.9894702559674e+01 +(2e-02,4e-02) | 4.01e+02 |  9:1.1e-03  3:4.1e-02
  188 ,   4701 : 1.9874316155502e+01 +(5e-02,1e-01) | 4.11e+02 |  9:9.8e-04  3:3.6e-02
  189 ,   4726 : 1.9897416029842e+01 +(3e-02,4e-02) | 4.23e+02 |  9:9.4e-04  3:3.4e-02
Iterat, #Fevals:   Function Value    (median,worst) |Axis Ratio|idx:Min SD idx:Max SD
  190 ,   4751 : 1.9899976019666e+01 +(2e-02,4e-02) | 3.97e+02 |  9:9.4e-04  3:3.3e-02
  191 ,   4776 : 1.9868768547759e+01 +(4e-02,7e-02) | 4.02e+02 |  9:1.0e-03  3:3.5e-02
  192 ,   4801 : 1.9881847618369e+01 +(3e-02,5e-02) | 3.92e+02 |  9:8.6e-04  3:2.9e-02
  193 ,   4826 : 1.9892216922482e+01 +(2e-02,5e-02) | 3.92e+02 |  9:7.4e-04  3:2.5e-02
  194 ,   4851 : 1.9890825894570e+01 +(2e-02,4e-02) | 3.78e+02 |  9:7.5e-04  3:2.4e-02
  195 ,   4876 : 1.9890558908205e+01 +(2e-02,5e-02) | 3.88e+02 |  9:7.6e-04  3:2.4e-02
  196 ,   4901 : 1.9892336779293e+01 +(2e-02,4e-02) | 4.00e+02 |  9:7.4e-04  3:2.5e-02
  197 ,   4926 : 1.9883406825364e+01 +(3e-02,5e-02) | 3.96e+02 |  9:7.4e-04  3:2.5e-02
  198 ,   4951 : 1.9877604303605e+01 +(3e-02,5e-02) | 4.43e+02 |  9:7.5e-04  3:2.7e-02
  199 ,   4976 : 1.9893863223065e+01 +(2e-02,4e-02) | 4.40e+02 |  9:6.3e-04  3:2.3e-02
Iterat, #Fevals:   Function Value    (median,worst) |Axis Ratio|idx:Min SD idx:Max SD
  200 ,   5001 : 1.9893242596769e+01 +(2e-02,4e-02) | 4.33e+02 |  9:5.8e-04  3:2.3e-02
  201 ,   5026 : 1.9898073419115e+01 +(2e-02,3e-02) | 4.27e+02 |  9:5.4e-04  3:2.1e-02
  202 ,   5051 : 1.9891469368501e+01 +(2e-02,5e-02) | 4.08e+02 |  9:5.1e-04  3:1.9e-02
  203 ,   5076 : 1.9897056808860e+01 +(1e-02,3e-02) | 4.22e+02 |  9:4.7e-04  3:1.8e-02
  204 ,   5101 : 1.9889760942344e+01 +(2e-02,5e-02) | 4.20e+02 |  9:4.0e-04  3:1.6e-02
  205 ,   5126 : 1.9888177744024e+01 +(3e-02,5e-02) | 4.17e+02 |  9:3.9e-04  3:1.5e-02
  206 ,   5151 : 1.9875069828515e+01 +(3e-02,7e-02) | 3.87e+02 |  9:4.1e-04  3:1.6e-02
  207 ,   5176 : 1.9896418108969e+01 +(1e-02,3e-02) | 3.82e+02 |  9:4.1e-04  3:1.5e-02
  208 ,   5201 : 1.9880442618580e+01 +(4e-02,5e-02) | 4.04e+02 |  9:4.2e-04  3:1.7e-02
  209 ,   5226 : 1.9897978427249e+01 +(1e-02,3e-02) | 4.23e+02 |  9:3.9e-04  3:1.6e-02
Iterat, #Fevals:   Function Value    (median,worst) |Axis Ratio|idx:Min SD idx:Max SD
  210 ,   5251 : 1.9887686075469e+01 +(3e-02,5e-02) | 4.25e+02 |  9:3.6e-04  3:1.4e-02
  211 ,   5276 : 1.9889108823905e+01 +(2e-02,4e-02) | 4.47e+02 |  9:3.4e-04  3:1.4e-02
  212 ,   5301 : 1.9886503004308e+01 +(3e-02,6e-02) | 4.60e+02 |  9:3.2e-04  3:1.4e-02
  213 ,   5326 : 1.9893210298762e+01 +(2e-02,4e-02) | 4.87e+02 |  9:3.0e-04  3:1.3e-02
  214 ,   5351 : 1.9890262028845e+01 +(2e-02,4e-02) | 5.03e+02 |  9:2.6e-04  3:1.1e-02
  215 ,   5376 : 1.9887194667448e+01 +(2e-02,4e-02) | 5.09e+02 |  9:2.1e-04  3:9.5e-03
  216 ,   5401 : 1.9885196870444e+01 +(3e-02,5e-02) | 4.93e+02 |  9:2.2e-04  3:9.5e-03
  217 ,   5426 : 1.9868751056089e+01 +(4e-02,6e-02) | 4.98e+02 |  9:2.1e-04  3:9.1e-03
  218 ,   5451 : 1.9886711153837e+01 +(2e-02,4e-02) | 4.92e+02 |  9:2.0e-04  3:8.9e-03
  219 ,   5476 : 1.9885412693386e+01 +(3e-02,5e-02) | 4.67e+02 |  9:2.2e-04  3:1.0e-02
Iterat, #Fevals:   Function Value    (median,worst) |Axis Ratio|idx:Min SD idx:Max SD
  220 ,   5501 : 1.9892152690528e+01 +(2e-02,4e-02) | 4.54e+02 |  9:2.4e-04  3:1.1e-02
  221 ,   5526 : 1.9888584574236e+01 +(2e-02,4e-02) | 4.47e+02 |  9:2.4e-04  3:1.1e-02
  222 ,   5551 : 1.9880518640925e+01 +(3e-02,6e-02) | 4.63e+02 |  9:2.5e-04  3:1.1e-02
  223 ,   5576 : 1.9888615037618e+01 +(2e-02,4e-02) | 4.74e+02 |  9:2.5e-04  3:1.2e-02
  224 ,   5601 : 1.9886377386613e+01 +(2e-02,4e-02) | 4.64e+02 |  9:2.4e-04  3:1.2e-02
  225 ,   5626 : 1.9886719362125e+01 +(3e-02,5e-02) | 4.59e+02 |  9:2.5e-04  3:1.2e-02
  226 ,   5651 : 1.9886108538421e+01 +(2e-02,4e-02) | 4.80e+02 |  9:2.5e-04  3:1.2e-02
  227 ,   5676 : 1.9888315893066e+01 +(2e-02,4e-02) | 4.80e+02 |  9:2.5e-04  3:1.2e-02
  228 ,   5701 : 1.9891866138404e+01 +(2e-02,4e-02) | 4.89e+02 |  9:2.4e-04  3:1.2e-02
  229 ,   5726 : 1.9893786222573e+01 +(2e-02,4e-02) | 5.16e+02 |  9:2.5e-04  3:1.2e-02
Iterat, #Fevals:   Function Value    (median,worst) |Axis Ratio|idx:Min SD idx:Max SD
  230 ,   5751 : 1.9868562632607e+01 +(4e-02,6e-02) | 5.30e+02 |  9:2.8e-04  3:1.4e-02
  231 ,   5776 : 1.9883837153704e+01 +(3e-02,6e-02) | 5.52e+02 |  9:2.9e-04  3:1.5e-02
  232 ,   5801 : 1.9890468179000e+01 +(2e-02,4e-02) | 5.33e+02 |  9:2.9e-04  3:1.5e-02
  233 ,   5826 : 1.9878827607526e+01 +(3e-02,5e-02) | 5.25e+02 |  9:3.0e-04  3:1.5e-02
  234 ,   5851 : 1.9890755833644e+01 +(2e-02,5e-02) | 5.19e+02 |  9:2.6e-04  3:1.2e-02
  235 ,   5876 : 1.9882210001244e+01 +(3e-02,5e-02) | 5.11e+02 |  9:2.5e-04  3:1.2e-02
  236 ,   5901 : 1.9875077057245e+01 +(3e-02,5e-02) | 5.53e+02 |  9:2.5e-04  3:1.3e-02
  237 ,   5926 : 1.9882252197232e+01 +(3e-02,5e-02) | 5.85e+02 |  9:2.7e-04  3:1.3e-02
  238 ,   5951 : 1.9890039382358e+01 +(2e-02,5e-02) | 6.17e+02 |  9:2.4e-04  3:1.2e-02
  239 ,   5976 : 1.9889512354814e+01 +(3e-02,4e-02) | 6.23e+02 |  9:2.4e-04  3:1.3e-02
Iterat, #Fevals:   Function Value    (median,worst) |Axis Ratio|idx:Min SD idx:Max SD
  240 ,   6001 : 1.9888940910211e+01 +(2e-02,4e-02) | 6.23e+02 |  9:2.2e-04  3:1.1e-02
  241 ,   6026 : 1.9890614784017e+01 +(2e-02,3e-02) | 6.47e+02 |  9:2.2e-04  3:1.2e-02
  242 ,   6051 : 1.9891577437664e+01 +(2e-02,4e-02) | 6.93e+02 |  9:2.7e-04  3:1.5e-02
  243 ,   6076 : 1.9889053237319e+01 +(2e-02,4e-02) | 6.61e+02 |  9:2.7e-04  3:1.5e-02
  244 ,   6101 : 1.9887778171515e+01 +(3e-02,4e-02) | 6.38e+02 |  9:2.6e-04  3:1.4e-02
  245 ,   6126 : 1.9872473650979e+01 +(3e-02,6e-02) | 7.20e+02 |  9:2.5e-04  3:1.6e-02
  246 ,   6151 : 1.9879841259811e+01 +(2e-02,5e-02) | 7.30e+02 |  9:2.4e-04  3:1.5e-02
  247 ,   6176 : 1.9878418860951e+01 +(3e-02,6e-02) | 7.54e+02 |  9:2.6e-04  3:1.7e-02
  248 ,   6201 : 1.9887909844241e+01 +(2e-02,4e-02) | 6.90e+02 |  9:3.0e-04  3:1.8e-02
  249 ,   6226 : 1.9881556364148e+01 +(3e-02,5e-02) | 6.24e+02 |  9:3.6e-04  3:2.0e-02
Iterat, #Fevals:   Function Value    (median,worst) |Axis Ratio|idx:Min SD idx:Max SD
  250 ,   6251 : 1.9883314304033e+01 +(3e-02,5e-02) | 6.32e+02 |  9:3.6e-04  3:1.9e-02
  251 ,   6276 : 1.9879292638399e+01 +(3e-02,5e-02) | 6.44e+02 |  9:3.4e-04  3:1.9e-02
  252 ,   6301 : 1.9884394468924e+01 +(2e-02,5e-02) | 5.72e+02 |  9:3.4e-04  3:1.8e-02
  253 ,   6326 : 1.9890241792844e+01 +(2e-02,4e-02) | 5.35e+02 |  9:3.0e-04  3:1.6e-02
  254 ,   6351 : 1.9886711618956e+01 +(2e-02,4e-02) | 5.36e+02 |  9:2.3e-04  3:1.3e-02
  255 ,   6376 : 1.9881239007649e+01 +(3e-02,5e-02) | 5.26e+02 |  9:2.3e-04  3:1.3e-02
  256 ,   6401 : 1.9867901994640e+01 +(4e-02,7e-02) | 5.23e+02 |  9:2.2e-04  3:1.2e-02
  257 ,   6426 : 1.9878424704270e+01 +(3e-02,6e-02) | 4.74e+02 |  9:2.2e-04  3:1.2e-02
  258 ,   6451 : 1.9885808616624e+01 +(3e-02,6e-02) | 4.71e+02 |  9:2.6e-04  3:1.5e-02
  259 ,   6476 : 1.9879676375426e+01 +(3e-02,5e-02) | 4.72e+02 |  9:2.6e-04  3:1.5e-02
Iterat, #Fevals:   Function Value    (median,worst) |Axis Ratio|idx:Min SD idx:Max SD
  260 ,   6501 : 1.9879367332720e+01 +(3e-02,4e-02) | 4.85e+02 |  9:2.6e-04  3:1.6e-02
  261 ,   6526 : 1.9883607014250e+01 +(2e-02,4e-02) | 4.81e+02 |  9:2.8e-04  3:1.7e-02
  262 ,   6551 : 1.9885563517676e+01 +(3e-02,5e-02) | 4.91e+02 |  9:2.8e-04  3:1.8e-02
  263 ,   6576 : 1.9887036920018e+01 +(3e-02,4e-02) | 4.73e+02 |  9:3.2e-04  3:1.9e-02
  264 ,   6601 : 1.9868432928132e+01 +(4e-02,6e-02) | 4.58e+02 |  9:3.0e-04  3:1.8e-02
  265 ,   6626 : 1.9885340567761e+01 +(2e-02,5e-02) | 4.49e+02 |  9:3.2e-04  3:2.0e-02
  266 ,   6651 : 1.9891969987141e+01 +(2e-02,4e-02) | 4.66e+02 |  9:2.8e-04  3:1.9e-02
  267 ,   6676 : 1.9874354649227e+01 +(4e-02,7e-02) | 4.51e+02 |  9:2.7e-04  3:1.7e-02
  268 ,   6701 : 1.9888005386768e+01 +(2e-02,5e-02) | 4.64e+02 |  9:2.6e-04  3:1.7e-02
  269 ,   6726 : 1.9888811473840e+01 +(2e-02,4e-02) | 4.58e+02 |  9:2.7e-04  3:1.8e-02
Iterat, #Fevals:   Function Value    (median,worst) |Axis Ratio|idx:Min SD idx:Max SD
  270 ,   6751 : 1.9886252744319e+01 +(2e-02,4e-02) | 4.50e+02 |  9:2.6e-04  3:1.6e-02
  271 ,   6776 : 1.9886721885369e+01 +(3e-02,4e-02) | 4.50e+02 |  9:2.2e-04  3:1.5e-02
  272 ,   6801 : 1.9884106829604e+01 +(2e-02,4e-02) | 4.63e+02 |  9:2.1e-04  3:1.4e-02
  273 ,   6826 : 1.9877161506630e+01 +(3e-02,6e-02) | 4.72e+02 |  9:1.8e-04  3:1.3e-02
  274 ,   6851 : 1.9883207008515e+01 +(3e-02,5e-02) | 4.40e+02 |  9:2.3e-04  3:1.6e-02
  275 ,   6876 : 1.9893834178425e+01 +(2e-02,4e-02) | 4.40e+02 |  9:2.5e-04  3:1.8e-02
  276 ,   6901 : 1.9887633977362e+01 +(2e-02,4e-02) | 4.41e+02 |  9:2.3e-04  3:1.7e-02
  277 ,   6926 : 1.9885595164943e+01 +(3e-02,4e-02) | 4.46e+02 |  9:2.1e-04  3:1.5e-02
  278 ,   6951 : 1.9882211099849e+01 +(3e-02,5e-02) | 4.66e+02 |  9:2.2e-04  3:1.6e-02
  279 ,   6976 : 1.9877543503836e+01 +(3e-02,5e-02) | 4.77e+02 |  9:2.2e-04  3:1.5e-02
Iterat, #Fevals:   Function Value    (median,worst) |Axis Ratio|idx:Min SD idx:Max SD
  280 ,   7001 : 1.9888180287409e+01 +(2e-02,4e-02) | 5.17e+02 |  9:2.2e-04  3:1.7e-02
  281 ,   7026 : 1.9875454100075e+01 +(3e-02,5e-02) | 5.10e+02 |  9:2.3e-04  3:1.7e-02
  282 ,   7051 : 1.9883624958862e+01 +(2e-02,5e-02) | 5.19e+02 |  9:2.0e-04  3:1.6e-02
  283 ,   7076 : 1.9884782135599e+01 +(3e-02,5e-02) | 5.21e+02 |  9:2.1e-04  3:1.5e-02
  284 ,   7101 : 1.9874135281269e+01 +(4e-02,6e-02) | 5.31e+02 |  9:2.0e-04  3:1.5e-02
  285 ,   7126 : 1.9883490985817e+01 +(2e-02,5e-02) | 5.15e+02 |  9:2.1e-04  3:1.5e-02
  286 ,   7151 : 1.9877138033824e+01 +(4e-02,6e-02) | 4.98e+02 |  9:2.0e-04  3:1.4e-02
  287 ,   7176 : 1.9885344142224e+01 +(3e-02,5e-02) | 5.26e+02 |  9:2.2e-04  3:1.6e-02
  288 ,   7201 : 1.9884995409063e+01 +(2e-02,4e-02) | 5.22e+02 |  9:2.3e-04  3:1.6e-02
  289 ,   7226 : 1.9884837074355e+01 +(2e-02,4e-02) | 5.38e+02 |  9:2.3e-04  3:1.5e-02
Iterat, #Fevals:   Function Value    (median,worst) |Axis Ratio|idx:Min SD idx:Max SD
  290 ,   7251 : 1.9880151157565e+01 +(3e-02,5e-02) | 5.19e+02 |  9:2.3e-04  3:1.5e-02
  291 ,   7276 : 1.9874535132246e+01 +(4e-02,7e-02) | 5.37e+02 |  9:2.5e-04  3:1.7e-02
  292 ,   7301 : 1.9884580594637e+01 +(3e-02,5e-02) | 5.26e+02 |  9:2.3e-04  3:1.5e-02
  293 ,   7326 : 1.9888335869265e+01 +(2e-02,6e-02) | 5.15e+02 |  9:2.3e-04  3:1.5e-02
  294 ,   7351 : 1.9886818559761e+01 +(2e-02,5e-02) | 5.06e+02 |  9:2.2e-04  3:1.5e-02
  295 ,   7376 : 1.9884527722118e+01 +(2e-02,4e-02) | 5.20e+02 |  9:2.5e-04  3:1.7e-02
  296 ,   7401 : 1.9890170327992e+01 +(2e-02,5e-02) | 5.03e+02 |  9:3.2e-04  3:2.0e-02
  297 ,   7426 : 1.9883179912934e+01 +(3e-02,4e-02) | 4.72e+02 |  9:3.5e-04  3:2.1e-02
  298 ,   7451 : 1.9879641840853e+01 +(3e-02,5e-02) | 4.65e+02 |  9:3.5e-04  3:2.1e-02
  299 ,   7476 : 1.9883214278539e+01 +(3e-02,5e-02) | 4.73e+02 |  9:3.9e-04  3:2.2e-02
Iterat, #Fevals:   Function Value    (median,worst) |Axis Ratio|idx:Min SD idx:Max SD
  300 ,   7501 : 1.9889014140954e+01 +(2e-02,4e-02) | 4.68e+02 |  9:4.0e-04  3:2.2e-02
  301 ,   7526 : 1.9877628323858e+01 +(3e-02,5e-02) | 5.08e+02 |  9:4.5e-04  3:2.7e-02
  302 ,   7551 : 1.9883080946015e+01 +(2e-02,4e-02) | 5.11e+02 |  9:4.0e-04  3:2.4e-02
  303 ,   7576 : 1.9894840625473e+01 +(2e-02,4e-02) | 5.24e+02 |  9:3.3e-04  3:2.1e-02
  304 ,   7601 : 1.9878476498318e+01 +(3e-02,6e-02) | 5.24e+02 |  9:2.9e-04  3:1.9e-02
  305 ,   7626 : 1.9879038311613e+01 +(3e-02,5e-02) | 5.34e+02 |  9:3.0e-04  3:2.0e-02
  306 ,   7651 : 1.9881971049191e+01 +(3e-02,5e-02) | 5.45e+02 |  9:2.7e-04  3:1.9e-02
  307 ,   7676 : 1.9877772378533e+01 +(3e-02,5e-02) | 5.78e+02 |  9:2.9e-04  3:2.0e-02
  308 ,   7701 : 1.9886602316550e+01 +(2e-02,6e-02) | 5.70e+02 |  9:3.3e-04  3:2.3e-02
  309 ,   7726 : 1.9891778314159e+01 +(2e-02,4e-02) | 5.76e+02 |  9:3.3e-04  3:2.2e-02
Iterat, #Fevals:   Function Value    (median,worst) |Axis Ratio|idx:Min SD idx:Max SD
  310 ,   7751 : 1.9887153085187e+01 +(3e-02,5e-02) | 5.80e+02 |  9:3.6e-04  3:2.5e-02
  311 ,   7776 : 1.9875167025817e+01 +(3e-02,5e-02) | 6.16e+02 |  9:3.3e-04  3:2.4e-02
  312 ,   7801 : 1.9874489892171e+01 +(4e-02,6e-02) | 6.50e+02 |  9:3.4e-04  3:2.6e-02
  313 ,   7826 : 1.9887519768351e+01 +(2e-02,5e-02) | 6.40e+02 |  9:3.1e-04  3:2.4e-02
  314 ,   7851 : 1.9891717059383e+01 +(2e-02,4e-02) | 6.72e+02 |  9:3.1e-04  3:2.3e-02
  315 ,   7876 : 1.9879019503567e+01 +(3e-02,6e-02) | 7.02e+02 |  9:3.2e-04  3:2.5e-02
  316 ,   7901 : 1.9884078728567e+01 +(3e-02,7e-02) | 6.84e+02 |  9:3.3e-04  3:2.7e-02
  317 ,   7926 : 1.9887325855359e+01 +(2e-02,4e-02) | 6.98e+02 |  9:3.1e-04  3:2.5e-02
  318 ,   7951 : 1.9888823837624e+01 +(2e-02,4e-02) | 7.05e+02 |  9:2.9e-04  3:2.4e-02
  319 ,   7976 : 1.9888523896212e+01 +(2e-02,4e-02) | 6.79e+02 |  9:2.9e-04  3:2.3e-02
Iterat, #Fevals:   Function Value    (median,worst) |Axis Ratio|idx:Min SD idx:Max SD
  320 ,   8001 : 1.9889155282212e+01 +(2e-02,6e-02) | 6.80e+02 |  9:3.1e-04  3:2.6e-02
  321 ,   8026 : 1.9880252344598e+01 +(4e-02,6e-02) | 7.01e+02 |  9:3.6e-04  3:3.0e-02
  322 ,   8051 : 1.9875620810957e+01 +(4e-02,6e-02) | 7.29e+02 |  9:3.6e-04  3:3.0e-02
  323 ,   8076 : 1.9867525255701e+01 +(4e-02,6e-02) | 7.56e+02 |  9:3.6e-04  3:3.1e-02
  324 ,   8101 : 1.9869969110259e+01 +(3e-02,6e-02) | 7.58e+02 |  9:3.2e-04  3:2.8e-02
  325 ,   8126 : 1.9885480390532e+01 +(3e-02,5e-02) | 7.40e+02 |  9:2.8e-04  3:2.4e-02
  326 ,   8151 : 1.9888594998941e+01 +(2e-02,6e-02) | 7.01e+02 |  9:3.0e-04  3:2.5e-02
  327 ,   8176 : 1.9882962693777e+01 +(3e-02,5e-02) | 7.60e+02 |  9:2.7e-04  3:2.4e-02
  328 ,   8201 : 1.9883383313565e+01 +(2e-02,6e-02) | 7.39e+02 |  9:2.6e-04  3:2.3e-02
  329 ,   8226 : 1.9886927891810e+01 +(2e-02,5e-02) | 7.71e+02 |  9:2.7e-04  3:2.2e-02
Iterat, #Fevals:   Function Value    (median,worst) |Axis Ratio|idx:Min SD idx:Max SD
  330 ,   8251 : 1.9889229665281e+01 +(2e-02,4e-02) | 7.85e+02 |  9:2.5e-04  3:2.2e-02
  331 ,   8276 : 1.9879208919122e+01 +(4e-02,5e-02) | 8.05e+02 |  9:2.9e-04  3:2.3e-02
  332 ,   8301 : 1.9891614721088e+01 +(2e-02,4e-02) | 7.90e+02 |  9:3.0e-04  3:2.5e-02
  333 ,   8326 : 1.9883331748303e+01 +(3e-02,5e-02) | 7.81e+02 |  9:2.7e-04  3:2.2e-02
  334 ,   8351 : 1.9890447362616e+01 +(2e-02,3e-02) | 7.99e+02 |  9:2.6e-04  3:2.2e-02
  335 ,   8376 : 1.9878273315362e+01 +(3e-02,5e-02) | 8.06e+02 |  9:2.9e-04  3:2.4e-02
  336 ,   8401 : 1.9879980538808e+01 +(3e-02,6e-02) | 8.34e+02 |  9:2.6e-04  3:2.3e-02
  337 ,   8426 : 1.9888523877144e+01 +(2e-02,4e-02) | 8.53e+02 |  9:2.5e-04  3:2.2e-02
  338 ,   8451 : 1.9882279725628e+01 +(3e-02,5e-02) | 8.92e+02 |  9:2.3e-04  3:2.1e-02
  339 ,   8476 : 1.9878652154128e+01 +(3e-02,6e-02) | 8.75e+02 |  9:2.1e-04  3:1.9e-02
Iterat, #Fevals:   Function Value    (median,worst) |Axis Ratio|idx:Min SD idx:Max SD
  340 ,   8501 : 1.9885737268298e+01 +(2e-02,5e-02) | 8.26e+02 |  9:2.0e-04  3:1.7e-02
  341 ,   8526 : 1.9881246486255e+01 +(3e-02,5e-02) | 8.67e+02 |  9:2.2e-04  3:1.9e-02
  342 ,   8551 : 1.9882277807067e+01 +(3e-02,6e-02) | 8.45e+02 |  9:2.3e-04  3:2.1e-02
  343 ,   8576 : 1.9886643467269e+01 +(2e-02,4e-02) | 8.81e+02 |  9:2.5e-04  3:2.2e-02
  344 ,   8601 : 1.9876521138294e+01 +(4e-02,7e-02) | 9.04e+02 |  9:2.4e-04  3:2.2e-02
  345 ,   8626 : 1.9882187084281e+01 +(2e-02,5e-02) | 9.30e+02 |  9:2.1e-04  3:1.9e-02
  346 ,   8651 : 1.9879064046249e+01 +(3e-02,7e-02) | 9.42e+02 |  9:1.8e-04  3:1.6e-02
  347 ,   8676 : 1.9877993787465e+01 +(3e-02,5e-02) | 9.77e+02 |  9:1.8e-04  3:1.6e-02
  348 ,   8701 : 1.9886960901129e+01 +(2e-02,5e-02) | 9.88e+02 |  9:1.7e-04  3:1.5e-02
  349 ,   8726 : 1.9880586721138e+01 +(3e-02,6e-02) | 1.01e+03 |  9:1.8e-04  3:1.6e-02
Iterat, #Fevals:   Function Value    (median,worst) |Axis Ratio|idx:Min SD idx:Max SD
  350 ,   8751 : 1.9873642770331e+01 +(3e-02,6e-02) | 1.00e+03 |  9:1.6e-04  3:1.5e-02
  351 ,   8776 : 1.9887869792274e+01 +(3e-02,5e-02) | 9.69e+02 |  9:1.5e-04  3:1.4e-02
  352 ,   8801 : 1.9867756339366e+01 +(4e-02,6e-02) | 9.65e+02 |  9:1.4e-04  3:1.3e-02
  353 ,   8826 : 1.9879826337018e+01 +(4e-02,6e-02) | 9.53e+02 |  9:1.3e-04  3:1.2e-02
  354 ,   8851 : 1.9888002404916e+01 +(3e-02,4e-02) | 9.97e+02 |  9:1.2e-04  3:1.1e-02
  355 ,   8876 : 1.9886712763987e+01 +(3e-02,5e-02) | 9.85e+02 |  9:1.2e-04  3:1.1e-02
  356 ,   8901 : 1.9877513468018e+01 +(3e-02,5e-02) | 9.80e+02 |  9:1.2e-04  3:1.1e-02
  357 ,   8926 : 1.9877243772521e+01 +(3e-02,7e-02) | 1.03e+03 |  9:1.3e-04  3:1.3e-02
  358 ,   8951 : 1.9884839928509e+01 +(3e-02,5e-02) | 9.78e+02 |  9:1.5e-04  3:1.4e-02
  359 ,   8976 : 1.9878702217948e+01 +(2e-02,5e-02) | 9.60e+02 |  9:1.4e-04  3:1.3e-02
Iterat, #Fevals:   Function Value    (median,worst) |Axis Ratio|idx:Min SD idx:Max SD
  360 ,   9001 : 1.9874971720581e+01 +(3e-02,6e-02) | 9.62e+02 |  9:1.4e-04  3:1.2e-02
  361 ,   9026 : 1.9884575239441e+01 +(3e-02,5e-02) | 9.72e+02 |  9:1.2e-04  3:1.1e-02
  362 ,   9051 : 1.9887641870528e+01 +(2e-02,5e-02) | 9.94e+02 |  9:1.4e-04  3:1.1e-02
  363 ,   9076 : 1.9882860827877e+01 +(3e-02,5e-02) | 1.00e+03 |  9:1.4e-04  3:1.2e-02
  364 ,   9101 : 1.9888213630933e+01 +(2e-02,4e-02) | 9.57e+02 |  9:1.4e-04  3:1.2e-02
  365 ,   9126 : 1.9889549727041e+01 +(2e-02,4e-02) | 9.77e+02 |  9:1.5e-04  3:1.2e-02
  366 ,   9151 : 1.9888323603302e+01 +(2e-02,5e-02) | 9.95e+02 |  9:1.4e-04  3:1.1e-02
  367 ,   9176 : 1.9876266020579e+01 +(3e-02,5e-02) | 9.92e+02 |  9:1.4e-04  3:1.1e-02
  368 ,   9201 : 1.9879322457516e+01 +(3e-02,4e-02) | 9.88e+02 |  9:1.6e-04  3:1.1e-02
  369 ,   9226 : 1.9886275758635e+01 +(2e-02,4e-02) | 1.01e+03 |  9:1.8e-04  3:1.3e-02
Iterat, #Fevals:   Function Value    (median,worst) |Axis Ratio|idx:Min SD idx:Max SD
  370 ,   9251 : 1.9882647457397e+01 +(3e-02,6e-02) | 1.01e+03 |  9:1.9e-04  3:1.4e-02
  371 ,   9276 : 1.9883947566832e+01 +(2e-02,5e-02) | 9.85e+02 |  9:1.9e-04  3:1.4e-02
  372 ,   9301 : 1.9892547049992e+01 +(2e-02,4e-02) | 1.01e+03 |  9:1.9e-04  3:1.4e-02
  373 ,   9326 : 1.9883814242807e+01 +(3e-02,5e-02) | 1.03e+03 |  9:1.7e-04  3:1.3e-02
  374 ,   9351 : 1.9883961207043e+01 +(3e-02,6e-02) | 1.00e+03 |  9:1.8e-04  3:1.3e-02
  375 ,   9376 : 1.9886745819250e+01 +(2e-02,5e-02) | 9.70e+02 |  9:2.0e-04  3:1.5e-02
  376 ,   9401 : 1.9861159153677e+01 +(5e-02,8e-02) | 9.90e+02 |  9:2.1e-04  3:1.6e-02
  377 ,   9426 : 1.9882055839717e+01 +(3e-02,6e-02) | 9.64e+02 |  9:2.2e-04  3:1.6e-02
  378 ,   9451 : 1.9892671842332e+01 +(2e-02,4e-02) | 9.73e+02 |  9:1.8e-04  3:1.3e-02
  379 ,   9476 : 1.9886781260339e+01 +(3e-02,5e-02) | 9.15e+02 |  9:2.0e-04  3:1.5e-02
Iterat, #Fevals:   Function Value    (median,worst) |Axis Ratio|idx:Min SD idx:Max SD
  380 ,   9501 : 1.9882250526120e+01 +(3e-02,5e-02) | 9.55e+02 |  9:1.8e-04  3:1.5e-02
  381 ,   9526 : 1.9882490776647e+01 +(3e-02,5e-02) | 9.59e+02 |  9:2.0e-04  3:1.6e-02
  382 ,   9551 : 1.9878867716692e+01 +(3e-02,5e-02) | 1.01e+03 |  9:2.0e-04  3:1.5e-02
  383 ,   9576 : 1.9885030305710e+01 +(3e-02,5e-02) | 1.01e+03 |  9:1.9e-04  3:1.5e-02
  384 ,   9601 : 1.9889113302823e+01 +(2e-02,4e-02) | 1.03e+03 |  9:1.8e-04  3:1.5e-02
  385 ,   9626 : 1.9877874817940e+01 +(4e-02,6e-02) | 1.02e+03 |  9:1.8e-04  3:1.4e-02
  386 ,   9651 : 1.9880322491763e+01 +(3e-02,5e-02) | 1.03e+03 |  9:1.8e-04  3:1.4e-02
  387 ,   9676 : 1.9879160723647e+01 +(3e-02,5e-02) | 1.04e+03 |  9:1.8e-04  3:1.4e-02
  388 ,   9701 : 1.9882271892062e+01 +(3e-02,4e-02) | 1.06e+03 |  9:1.6e-04  3:1.3e-02
  389 ,   9726 : 1.9882937269593e+01 +(3e-02,5e-02) | 1.07e+03 |  9:1.5e-04  3:1.2e-02
Iterat, #Fevals:   Function Value    (median,worst) |Axis Ratio|idx:Min SD idx:Max SD
  390 ,   9751 : 1.9873035694787e+01 +(4e-02,6e-02) | 1.15e+03 |  9:1.7e-04  3:1.3e-02
  391 ,   9776 : 1.9890136582326e+01 +(2e-02,4e-02) | 1.25e+03 |  9:1.7e-04  3:1.4e-02
  392 ,   9801 : 1.9892491209775e+01 +(2e-02,6e-02) | 1.28e+03 |  9:1.8e-04  3:1.5e-02
  393 ,   9826 : 1.9883175472520e+01 +(3e-02,5e-02) | 1.32e+03 |  9:1.9e-04  3:1.6e-02
  394 ,   9851 : 1.9875469615831e+01 +(3e-02,7e-02) | 1.35e+03 |  9:2.2e-04  3:1.9e-02
  395 ,   9876 : 1.9885367444583e+01 +(3e-02,6e-02) | 1.31e+03 |  9:2.3e-04  3:1.8e-02
  396 ,   9901 : 1.9887632534645e+01 +(3e-02,5e-02) | 1.32e+03 |  9:2.8e-04  3:2.1e-02
  397 ,   9926 : 1.9885455729836e+01 +(3e-02,5e-02) | 1.29e+03 |  9:3.0e-04  3:2.1e-02
  398 ,   9951 : 1.9889196278339e+01 +(2e-02,4e-02) | 1.27e+03 |  9:3.0e-04  3:2.1e-02
  399 ,   9976 : 1.9898207580673e+01 +(2e-02,4e-02) | 1.26e+03 |  9:3.0e-04  3:2.2e-02
Iterat, #Fevals:   Function Value    (median,worst) |Axis Ratio|idx:Min SD idx:Max SD
  400 ,  10001 : 1.9881034887181e+01 +(3e-02,5e-02) | 1.26e+03 |  9:2.8e-04  3:2.0e-02
  401 ,  10026 : 1.9898516223697e+01 +(2e-02,4e-02) | 1.20e+03 |  9:2.5e-04  3:1.8e-02
  402 ,  10051 : 1.9886539369748e+01 +(3e-02,5e-02) | 1.16e+03 |  9:2.6e-04  3:1.8e-02
  403 ,  10076 : 1.9884065733933e+01 +(3e-02,6e-02) | 1.10e+03 |  9:2.6e-04  3:1.7e-02
  404 ,  10101 : 1.9890034208626e+01 +(3e-02,5e-02) | 1.07e+03 |  9:2.9e-04  3:1.9e-02
  405 ,  10126 : 1.9880225005464e+01 +(3e-02,6e-02) | 1.06e+03 |  9:3.0e-04  3:2.0e-02
  406 ,  10151 : 1.9883839115116e+01 +(3e-02,5e-02) | 1.04e+03 |  9:3.4e-04  3:2.3e-02
  407 ,  10176 : 1.9890976722930e+01 +(3e-02,5e-02) | 1.05e+03 |  9:4.0e-04  3:2.6e-02
  408 ,  10201 : 1.9894481791596e+01 +(2e-02,5e-02) | 1.00e+03 |  9:4.8e-04  3:2.9e-02
  409 ,  10226 : 1.9881341844500e+01 +(4e-02,6e-02) | 1.02e+03 |  9:4.3e-04  3:2.5e-02
Iterat, #Fevals:   Function Value    (median,worst) |Axis Ratio|idx:Min SD idx:Max SD
  410 ,  10251 : 1.9896571661870e+01 +(2e-02,4e-02) | 1.01e+03 |  9:5.1e-04  3:2.8e-02
  411 ,  10276 : 1.9889092028231e+01 +(3e-02,5e-02) | 1.01e+03 |  9:5.3e-04  3:2.7e-02
  412 ,  10301 : 1.9891782135038e+01 +(3e-02,5e-02) | 9.99e+02 |  9:4.6e-04  3:2.3e-02
  413 ,  10326 : 1.9895588948621e+01 +(2e-02,5e-02) | 1.04e+03 |  9:4.3e-04  3:2.4e-02
  414 ,  10351 : 1.9882268530030e+01 +(3e-02,5e-02) | 1.07e+03 |  9:5.4e-04  3:2.7e-02
  415 ,  10376 : 1.9891839812697e+01 +(2e-02,3e-02) | 1.10e+03 |  9:5.7e-04  3:2.8e-02
#Fevals:   f(returned x)   |    bestever.f     | stopflag (saved to variablescmaes14_7_29.mat)
  10377: 1.98918398127e+01 | 1.98611591537e+01 | stagnation
mean solution: +3.9e-01 +6.4e-01 +1.4e+01 +2.1e-01 +6.2e+00 +1.8e+00 +5.5e-01 +2.5e-01 +1.5e+00
std deviation:  2.7e-03  5.0e-03  2.8e-02  2.3e-03  1.4e-02  2.9e-03  7.5e-03  2.1e-03  5.7e-04
use plotcmaesdat.m for plotting the output at any time (option LogModulo must not be zero)
