
                            < M A T L A B (R) >
                  Copyright 1984-2015 The MathWorks, Inc.
                   R2015a (8.5.0.197613) 64-bit (glnxa64)
                             February 12, 2015

 
For online documentation, see http://www.mathworks.com/support
For product information, visit www.mathworks.com.
 

	Academic License


seed =

                 79.822967


Initialtheta =

          50066.8625672255
          4680674.79141373
          50078253.0634407
          1492.63247635563
          8202.95908025833
          322.042667578028
        0.0391795258582633
          8.15082157076144
          310.361594096962

  n=9: (12,25)-CMA-ES(w=[24 17 14... 1.5 0.74]%, ]%, mu_eff=7.3) on function Error
Iterat, #Fevals:   Function Value    (median,worst) |Axis Ratio|idx:Min SD idx:Max SD
    1 ,     26 : 1.2333515599489e+02 +(4e-01,6e+11) | 5.67e+00 |  8:3.9e-01  4:2.2e+00
    2 ,     51 : 1.2298125744706e+02 +(7e-01,1e+09) | 5.67e+00 |  7:4.0e-01  4:2.2e+00
    3 ,     76 : 7.3410400638810e+01 +(5e+01,1e+10) | 5.58e+00 |  7:4.4e-01  4:2.4e+00
    4 ,    101 : 1.2326171440587e+02 +(4e-01,5e+08) | 5.50e+00 |  7:4.3e-01  4:2.3e+00
    5 ,    126 : 1.2157768208354e+02 +(2e+00,1e+09) | 5.35e+00 |  7:3.9e-01  4:2.0e+00
    6 ,    151 : 4.8701694765845e+01 +(7e+01,6e+07) | 5.45e+00 |  7:3.8e-01  4:2.0e+00
    7 ,    176 : 1.2344336190437e+02 +(3e+04,4e+08) | 5.45e+00 |  7:3.4e-01  4:1.7e+00
    8 ,    201 : 1.2333738216164e+02 +(4e-01,2e+09) | 5.44e+00 |  7:2.8e-01  4:1.4e+00
    9 ,    226 : 1.2299128872896e+02 +(7e-01,2e+08) | 5.45e+00 |  7:2.6e-01  4:1.3e+00
Iterat, #Fevals:   Function Value    (median,worst) |Axis Ratio|idx:Min SD idx:Max SD
   10 ,    251 : 7.8116452402949e+01 +(4e+02,6e+07) | 5.27e+00 |  7:2.9e-01  4:1.4e+00
   11 ,    276 : 1.1403532396620e+02 +(1e+01,5e+06) | 5.16e+00 |  7:2.6e-01  4:1.3e+00
   12 ,    301 : 1.1548291440907e+02 +(8e+00,1e+07) | 5.26e+00 |  7:2.3e-01  4:1.1e+00
   13 ,    326 : 2.8632969869001e+01 +(5e+03,6e+07) | 5.19e+00 |  7:2.1e-01  4:1.0e+00
   14 ,    351 : 7.7393151014169e+01 +(5e+01,5e+06) | 5.24e+00 |  7:1.9e-01  4:9.4e-01
   15 ,    376 : 2.5528901252002e+01 +(3e+04,2e+07) | 5.26e+00 |  7:2.1e-01  4:9.6e-01
   16 ,    401 : 8.8960386284870e+01 +(3e+01,2e+07) | 5.32e+00 |  7:1.9e-01  4:8.8e-01
   17 ,    426 : 7.0785153444112e+01 +(5e+01,2e+07) | 5.26e+00 |  7:1.8e-01  4:8.0e-01
   18 ,    451 : 8.5378861201548e+01 +(4e+01,1e+06) | 5.23e+00 |  7:1.7e-01  4:7.3e-01
   19 ,    476 : 2.8826210571376e+01 +(9e+01,7e+05) | 5.26e+00 |  7:1.6e-01  4:7.0e-01
Iterat, #Fevals:   Function Value    (median,worst) |Axis Ratio|idx:Min SD idx:Max SD
   20 ,    501 : 2.9262946757922e+01 +(9e+01,1e+05) | 5.29e+00 |  7:1.4e-01  4:6.1e-01
   21 ,    526 : 6.4358000322765e+01 +(6e+01,6e+04) | 5.26e+00 |  7:1.3e-01  4:5.7e-01
   22 ,    551 : 3.4569288586000e+01 +(1e+02,7e+05) | 5.35e+00 |  7:1.3e-01  4:5.8e-01
   23 ,    576 : 1.1689341282643e+02 +(7e+00,3e+05) | 5.39e+00 |  7:1.2e-01  4:5.2e-01
   24 ,    601 : 5.9223255787547e+01 +(6e+01,5e+04) | 5.40e+00 |  7:1.0e-01  4:4.4e-01
   25 ,    626 : 2.8210162086330e+01 +(1e+02,5e+04) | 5.29e+00 |  7:9.8e-02  4:4.1e-01
   26 ,    651 : 4.7211452735272e+01 +(8e+01,1e+04) | 5.06e+00 |  7:1.1e-01  4:4.6e-01
   27 ,    676 : 2.6903281688623e+01 +(1e+02,5e+03) | 5.04e+00 |  7:1.2e-01  4:4.6e-01
   28 ,    701 : 2.7712403906187e+01 +(1e+02,1e+04) | 4.96e+00 |  7:1.2e-01  4:4.6e-01
   29 ,    726 : 4.6726100346515e+01 +(8e+01,3e+04) | 4.86e+00 |  7:1.0e-01  4:3.9e-01
Iterat, #Fevals:   Function Value    (median,worst) |Axis Ratio|idx:Min SD idx:Max SD
   30 ,    751 : 2.9056091336786e+01 +(9e+01,3e+04) | 4.59e+00 |  7:9.0e-02  4:3.4e-01
   31 ,    776 : 2.7614230049799e+01 +(1e+02,5e+04) | 4.83e+00 |  7:8.1e-02  4:3.1e-01
   32 ,    801 : 2.6738920666972e+01 +(1e+02,7e+03) | 4.89e+00 |  7:7.8e-02  4:3.1e-01
   33 ,    826 : 3.0143641012921e+01 +(9e+01,2e+04) | 4.97e+00 |  7:6.9e-02  4:2.7e-01
   34 ,    851 : 2.6228576515809e+01 +(9e+01,6e+02) | 4.94e+00 |  7:7.1e-02  4:2.8e-01
   35 ,    876 : 2.8071334147945e+01 +(9e+01,4e+03) | 4.95e+00 |  7:7.0e-02  4:2.7e-01
   36 ,    901 : 4.8965361649565e+01 +(7e+01,5e+03) | 5.03e+00 |  7:7.9e-02  4:3.1e-01
   37 ,    926 : 2.8654330569319e+01 +(1e+02,9e+03) | 5.23e+00 |  7:8.9e-02  4:3.4e-01
   38 ,    951 : 2.7812939059796e+01 +(9e+01,2e+03) | 5.43e+00 |  7:9.3e-02  4:3.5e-01
   39 ,    976 : 2.9138796285812e+01 +(9e+01,1e+04) | 5.72e+00 |  7:9.9e-02  4:3.6e-01
Iterat, #Fevals:   Function Value    (median,worst) |Axis Ratio|idx:Min SD idx:Max SD
   40 ,   1001 : 2.6948697797718e+01 +(1e+02,3e+03) | 5.83e+00 |  7:9.4e-02  4:3.4e-01
   41 ,   1026 : 2.7390804454397e+01 +(9e+01,2e+04) | 5.79e+00 |  7:8.6e-02  4:3.1e-01
   42 ,   1051 : 2.6187040377906e+01 +(1e+02,2e+04) | 5.59e+00 |  8:8.3e-02  4:2.8e-01
   43 ,   1076 : 2.7444626201842e+01 +(9e+01,5e+03) | 5.60e+00 |  8:7.7e-02  4:2.6e-01
   44 ,   1101 : 2.7832027174743e+01 +(9e+01,3e+03) | 5.60e+00 |  8:6.8e-02  4:2.3e-01
   45 ,   1126 : 2.6079819922953e+01 +(8e+01,5e+02) | 5.65e+00 |  8:6.4e-02  4:2.2e-01
   46 ,   1151 : 2.4397545527455e+01 +(8e+01,3e+03) | 5.99e+00 |  8:6.5e-02  4:2.3e-01
   47 ,   1176 : 2.7995540062477e+01 +(9e+01,4e+03) | 6.08e+00 |  8:6.8e-02  4:2.4e-01
   48 ,   1201 : 2.5730421832630e+01 +(9e+01,2e+03) | 6.18e+00 |  8:6.4e-02  4:2.3e-01
   49 ,   1226 : 2.7979048763996e+01 +(8e+01,8e+02) | 6.20e+00 |  8:6.4e-02  4:2.2e-01
Iterat, #Fevals:   Function Value    (median,worst) |Axis Ratio|idx:Min SD idx:Max SD
   50 ,   1251 : 2.6710931161092e+01 +(2e+02,1e+03) | 6.23e+00 |  8:6.7e-02  4:2.2e-01
   51 ,   1276 : 2.5419932619896e+01 +(5e+01,5e+02) | 6.41e+00 |  8:5.7e-02  4:1.8e-01
   52 ,   1301 : 2.6187194913362e+01 +(4e+01,1e+03) | 6.71e+00 |  8:6.0e-02  4:1.9e-01
   53 ,   1326 : 2.8359645580909e+01 +(7e+01,5e+02) | 6.94e+00 |  8:6.5e-02  4:2.2e-01
   54 ,   1351 : 2.5806533903990e+01 +(7e+01,1e+03) | 7.75e+00 |  8:5.9e-02  4:2.1e-01
   55 ,   1376 : 2.6386840066852e+01 +(6e+01,7e+02) | 8.14e+00 |  8:4.7e-02  4:1.7e-01
   56 ,   1401 : 2.6177960796642e+01 +(3e+01,2e+02) | 8.22e+00 |  8:4.7e-02  4:1.7e-01
   57 ,   1426 : 2.6902703693768e+01 +(4e+01,5e+02) | 8.77e+00 |  8:3.9e-02  4:1.5e-01
   58 ,   1451 : 2.6380843822243e+01 +(1e+01,2e+02) | 9.04e+00 |  8:4.2e-02  4:1.6e-01
   59 ,   1476 : 2.6204947890000e+01 +(2e+01,1e+02) | 9.43e+00 |  8:3.9e-02  4:1.6e-01
Iterat, #Fevals:   Function Value    (median,worst) |Axis Ratio|idx:Min SD idx:Max SD
   60 ,   1501 : 2.6197186707145e+01 +(2e+01,4e+02) | 9.71e+00 |  8:3.5e-02  4:1.4e-01
   61 ,   1526 : 2.6284441213358e+01 +(1e+01,3e+02) | 1.00e+01 |  8:3.4e-02  4:1.4e-01
   62 ,   1551 : 2.5845659837003e+01 +(2e+01,2e+02) | 1.01e+01 |  8:3.1e-02  4:1.3e-01
   63 ,   1576 : 2.5462374551335e+01 +(1e+01,3e+02) | 1.00e+01 |  8:3.2e-02  4:1.3e-01
   64 ,   1601 : 2.5685228484007e+01 +(8e+00,9e+01) | 1.03e+01 |  8:3.4e-02  4:1.4e-01
   65 ,   1626 : 2.6077775748619e+01 +(1e+01,6e+01) | 1.06e+01 |  8:3.6e-02  4:1.4e-01
   66 ,   1651 : 2.5128451871289e+01 +(2e+01,2e+02) | 1.03e+01 |  8:3.2e-02  4:1.2e-01
   67 ,   1676 : 2.4838787907312e+01 +(3e+00,9e+01) | 1.09e+01 |  8:3.3e-02  4:1.2e-01
   68 ,   1701 : 2.5161506553188e+01 +(1e+01,1e+02) | 1.10e+01 |  8:3.3e-02  4:1.2e-01
   69 ,   1726 : 2.4830079390589e+01 +(1e+01,8e+01) | 1.12e+01 |  8:3.3e-02  4:1.1e-01
Iterat, #Fevals:   Function Value    (median,worst) |Axis Ratio|idx:Min SD idx:Max SD
   70 ,   1751 : 2.4010736285712e+01 +(7e+00,8e+01) | 1.18e+01 |  8:3.4e-02  4:1.2e-01
   71 ,   1776 : 2.3940106555321e+01 +(6e+00,9e+01) | 1.23e+01 |  8:3.2e-02  9:1.1e-01
   72 ,   1801 : 2.3562236345859e+01 +(6e+00,4e+01) | 1.37e+01 |  8:3.3e-02  9:1.1e-01
   73 ,   1826 : 2.3940723831346e+01 +(7e+00,6e+01) | 1.46e+01 |  8:2.8e-02  9:1.0e-01
   74 ,   1851 : 2.4642456634530e+01 +(4e+00,8e+01) | 1.47e+01 |  8:2.3e-02  4:8.5e-02
   75 ,   1876 : 2.4371408470082e+01 +(5e+00,3e+01) | 1.53e+01 |  8:2.1e-02  4:7.8e-02
   76 ,   1901 : 2.4211060871430e+01 +(3e+00,6e+01) | 1.61e+01 |  8:1.9e-02  6:7.2e-02
   77 ,   1926 : 2.3981605601544e+01 +(2e+00,3e+01) | 1.66e+01 |  8:1.9e-02  6:7.5e-02
   78 ,   1951 : 2.3864330743032e+01 +(3e+00,3e+01) | 1.64e+01 |  8:1.7e-02  4:6.7e-02
   79 ,   1976 : 2.4243184241625e+01 +(2e+00,3e+01) | 1.62e+01 |  8:1.5e-02  4:5.8e-02
Iterat, #Fevals:   Function Value    (median,worst) |Axis Ratio|idx:Min SD idx:Max SD
   80 ,   2001 : 2.3557471271261e+01 +(2e+00,1e+01) | 1.64e+01 |  8:1.4e-02  9:5.7e-02
   81 ,   2026 : 2.3569134428763e+01 +(2e+00,1e+01) | 1.92e+01 |  8:1.5e-02  9:7.2e-02
   82 ,   2051 : 2.3005854102882e+01 +(2e+00,1e+01) | 2.10e+01 |  8:1.7e-02  9:8.9e-02
   83 ,   2076 : 2.3181821887908e+01 +(1e+00,1e+01) | 2.19e+01 |  8:1.7e-02  9:8.8e-02
   84 ,   2101 : 2.3580032795735e+01 +(2e+00,2e+01) | 2.23e+01 |  8:1.6e-02  9:7.8e-02
   85 ,   2126 : 2.2845181464058e+01 +(2e+00,2e+01) | 2.52e+01 |  8:1.5e-02  9:8.7e-02
   86 ,   2151 : 2.3196221938226e+01 +(2e+00,9e+00) | 2.57e+01 |  8:1.4e-02  9:8.1e-02
   87 ,   2176 : 2.2638658360639e+01 +(1e+00,2e+01) | 2.83e+01 |  8:1.4e-02  9:8.7e-02
   88 ,   2201 : 2.2144618835466e+01 +(2e+00,1e+01) | 2.96e+01 |  8:1.4e-02  9:9.5e-02
   89 ,   2226 : 2.2305444733857e+01 +(1e+00,2e+01) | 3.19e+01 |  8:1.5e-02  9:1.1e-01
Iterat, #Fevals:   Function Value    (median,worst) |Axis Ratio|idx:Min SD idx:Max SD
   90 ,   2251 : 2.1857441706638e+01 +(2e+00,2e+01) | 3.46e+01 |  8:1.4e-02  9:1.1e-01
   91 ,   2276 : 2.1705408326766e+01 +(2e+00,2e+01) | 4.14e+01 |  8:1.6e-02  9:1.5e-01
   92 ,   2301 : 2.1204754750780e+01 +(3e+00,4e+01) | 4.48e+01 |  8:1.6e-02  9:1.6e-01
   93 ,   2326 : 2.1133841674095e+01 +(3e+00,3e+01) | 4.59e+01 |  8:1.5e-02  9:1.5e-01
   94 ,   2351 : 2.1056086256779e+01 +(2e+00,1e+01) | 4.74e+01 |  8:1.5e-02  9:1.6e-01
   95 ,   2376 : 2.0736335893157e+01 +(3e+00,2e+01) | 4.87e+01 |  8:1.6e-02  9:1.6e-01
   96 ,   2401 : 2.0364700826007e+01 +(7e+00,4e+01) | 4.98e+01 |  8:1.6e-02  9:1.5e-01
   97 ,   2426 : 2.0995213758873e+01 +(2e+00,3e+01) | 5.02e+01 |  8:1.6e-02  9:1.5e-01
   98 ,   2451 : 2.0646084001142e+01 +(2e+00,2e+01) | 5.13e+01 |  8:1.4e-02  9:1.3e-01
   99 ,   2476 : 2.0429379772253e+01 +(1e+00,3e+01) | 5.08e+01 |  8:1.3e-02  9:1.2e-01
Iterat, #Fevals:   Function Value    (median,worst) |Axis Ratio|idx:Min SD idx:Max SD
  100 ,   2501 : 2.0846317635067e+01 +(1e+00,8e+00) | 5.03e+01 |  8:1.4e-02  9:1.2e-01
  101 ,   2526 : 2.0542642414560e+01 +(2e+00,2e+01) | 4.93e+01 |  8:1.5e-02  9:1.3e-01
  102 ,   2551 : 2.0442541465195e+01 +(2e+00,4e+01) | 5.01e+01 |  8:1.7e-02  9:1.5e-01
  103 ,   2576 : 2.0689437883061e+01 +(2e+00,2e+01) | 5.04e+01 |  8:2.1e-02  9:1.7e-01
  104 ,   2601 : 2.0102977962282e+01 +(4e+00,4e+01) | 5.13e+01 |  8:2.1e-02  9:1.7e-01
  105 ,   2626 : 2.0753896665779e+01 +(4e+00,2e+01) | 5.11e+01 |  8:1.9e-02  9:1.6e-01
  106 ,   2651 : 2.1113995348092e+01 +(2e+00,2e+01) | 5.18e+01 |  8:1.7e-02  9:1.5e-01
  107 ,   2676 : 2.0462283843804e+01 +(2e+00,2e+01) | 5.31e+01 |  8:1.7e-02  9:1.5e-01
  108 ,   2701 : 1.9975482551242e+01 +(2e+00,5e+01) | 5.47e+01 |  8:1.8e-02  9:1.6e-01
  109 ,   2726 : 2.0034777557978e+01 +(4e+00,2e+01) | 5.26e+01 |  8:1.9e-02  9:1.6e-01
Iterat, #Fevals:   Function Value    (median,worst) |Axis Ratio|idx:Min SD idx:Max SD
  110 ,   2751 : 1.9969859350899e+01 +(2e+00,8e+01) | 5.17e+01 |  8:2.0e-02  9:1.6e-01
  111 ,   2776 : 1.9949722551005e+01 +(4e+00,3e+01) | 5.12e+01 |  8:2.3e-02  9:1.8e-01
  112 ,   2801 : 1.9952937879945e+01 +(4e+00,5e+01) | 5.16e+01 |  8:2.3e-02  9:1.8e-01
  113 ,   2826 : 2.0281913419226e+01 +(4e+00,4e+01) | 5.18e+01 |  8:2.3e-02  9:1.8e-01
  114 ,   2851 : 2.0427152613841e+01 +(2e+00,4e+01) | 5.22e+01 |  8:2.3e-02  9:1.8e-01
  115 ,   2876 : 1.9972904729433e+01 +(6e+00,4e+01) | 5.24e+01 |  8:2.1e-02  9:1.6e-01
  116 ,   2901 : 2.0217859974265e+01 +(4e+00,1e+02) | 5.16e+01 |  8:1.7e-02  9:1.4e-01
  117 ,   2926 : 1.9928378440533e+01 +(2e+00,4e+01) | 5.27e+01 |  8:1.9e-02  9:1.4e-01
  118 ,   2951 : 2.0239406973690e+01 +(2e+00,3e+01) | 5.22e+01 |  8:1.8e-02  9:1.4e-01
  119 ,   2976 : 2.0035500755970e+01 +(2e+00,3e+01) | 5.19e+01 |  8:1.5e-02  9:1.2e-01
Iterat, #Fevals:   Function Value    (median,worst) |Axis Ratio|idx:Min SD idx:Max SD
  120 ,   3001 : 2.0215315645545e+01 +(1e+00,2e+01) | 5.22e+01 |  8:1.5e-02  9:1.2e-01
  121 ,   3026 : 2.0119731256993e+01 +(2e+00,2e+01) | 5.29e+01 |  8:1.5e-02  9:1.1e-01
  122 ,   3051 : 2.0280155600011e+01 +(2e+00,2e+01) | 5.40e+01 |  8:1.2e-02  9:9.4e-02
  123 ,   3076 : 2.0081753970138e+01 +(9e-01,9e+00) | 5.41e+01 |  8:1.1e-02  9:8.6e-02
  124 ,   3101 : 2.0013852882224e+01 +(6e-01,5e+00) | 5.50e+01 |  8:1.2e-02  9:8.6e-02
  125 ,   3126 : 2.0056683333776e+01 +(8e-01,6e+00) | 5.49e+01 |  8:1.0e-02  9:7.3e-02
  126 ,   3151 : 2.0094159558887e+01 +(5e-01,6e+00) | 5.36e+01 |  8:1.0e-02  9:7.5e-02
  127 ,   3176 : 1.9920862133908e+01 +(4e-01,5e+00) | 5.49e+01 |  8:1.1e-02  9:7.7e-02
  128 ,   3201 : 1.9972220714911e+01 +(1e+00,2e+01) | 5.60e+01 |  8:1.2e-02  9:8.0e-02
  129 ,   3226 : 1.9989744155857e+01 +(5e-01,7e+00) | 5.67e+01 |  8:1.0e-02  9:6.7e-02
Iterat, #Fevals:   Function Value    (median,worst) |Axis Ratio|idx:Min SD idx:Max SD
  130 ,   3251 : 2.0067555160440e+01 +(5e-01,4e+00) | 5.87e+01 |  8:1.0e-02  9:6.7e-02
  131 ,   3276 : 2.0087570623187e+01 +(6e-01,9e+00) | 5.88e+01 |  8:9.8e-03  9:6.3e-02
  132 ,   3301 : 2.0096342027003e+01 +(7e-01,3e+00) | 6.04e+01 |  8:1.1e-02  9:7.1e-02
  133 ,   3326 : 1.9983159101491e+01 +(5e-01,2e+00) | 6.06e+01 |  8:1.2e-02  9:8.0e-02
  134 ,   3351 : 1.9970739390565e+01 +(6e-01,5e+00) | 6.17e+01 |  8:1.1e-02  9:7.3e-02
  135 ,   3376 : 2.0009764972342e+01 +(5e-01,5e+00) | 6.20e+01 |  8:1.0e-02  9:6.6e-02
  136 ,   3401 : 1.9931248373772e+01 +(4e-01,6e+00) | 6.60e+01 |  8:8.9e-03  9:5.7e-02
  137 ,   3426 : 2.0017131566616e+01 +(3e-01,2e+00) | 6.39e+01 |  8:7.8e-03  9:5.1e-02
  138 ,   3451 : 1.9941646549669e+01 +(3e-01,2e+00) | 6.67e+01 |  8:7.4e-03  9:5.0e-02
  139 ,   3476 : 1.9945821680094e+01 +(2e-01,1e+00) | 6.76e+01 |  8:6.7e-03  9:4.3e-02
Iterat, #Fevals:   Function Value    (median,worst) |Axis Ratio|idx:Min SD idx:Max SD
  140 ,   3501 : 1.9934167085068e+01 +(1e-01,1e+00) | 6.82e+01 |  8:6.5e-03  9:4.2e-02
  141 ,   3526 : 1.9955392069069e+01 +(2e-01,2e+00) | 7.13e+01 |  8:5.1e-03  9:3.4e-02
  142 ,   3551 : 1.9927085706349e+01 +(2e-01,1e+00) | 7.11e+01 |  8:4.4e-03  9:2.9e-02
  143 ,   3576 : 1.9892939623843e+01 +(1e-01,4e-01) | 6.93e+01 |  8:4.4e-03  9:2.9e-02
  144 ,   3601 : 1.9902473087291e+01 +(1e-01,7e-01) | 6.83e+01 |  8:4.4e-03  9:2.9e-02
  145 ,   3626 : 1.9921249403448e+01 +(8e-02,7e-01) | 6.73e+01 |  8:4.2e-03  9:2.7e-02
  146 ,   3651 : 1.9896031589166e+01 +(1e-01,5e-01) | 6.76e+01 |  8:3.9e-03  9:2.5e-02
  147 ,   3676 : 1.9909399461695e+01 +(8e-02,5e-01) | 6.66e+01 |  8:3.6e-03  3:2.3e-02
  148 ,   3701 : 1.9918693337879e+01 +(9e-02,4e-01) | 6.80e+01 |  8:4.2e-03  6:2.4e-02
  149 ,   3726 : 1.9910084856150e+01 +(8e-02,2e-01) | 6.82e+01 |  8:4.4e-03  6:2.4e-02
Iterat, #Fevals:   Function Value    (median,worst) |Axis Ratio|idx:Min SD idx:Max SD
  150 ,   3751 : 1.9897466821575e+01 +(6e-02,2e-01) | 6.82e+01 |  8:4.4e-03  3:2.2e-02
  151 ,   3776 : 1.9937168779754e+01 +(4e-02,2e-01) | 6.89e+01 |  8:4.1e-03  3:2.2e-02
  152 ,   3801 : 1.9916570806846e+01 +(6e-02,2e-01) | 7.58e+01 |  8:3.8e-03  3:2.1e-02
  153 ,   3826 : 1.9914437438581e+01 +(4e-02,1e-01) | 7.62e+01 |  8:3.4e-03  3:1.9e-02
  154 ,   3851 : 1.9903994582053e+01 +(5e-02,2e-01) | 7.88e+01 |  8:3.0e-03  6:1.7e-02
  155 ,   3876 : 1.9906934956695e+01 +(3e-02,9e-02) | 7.99e+01 |  8:3.1e-03  6:1.7e-02
  156 ,   3901 : 1.9894271044364e+01 +(4e-02,8e-02) | 8.16e+01 |  8:3.0e-03  6:1.7e-02
  157 ,   3926 : 1.9900817799770e+01 +(4e-02,9e-02) | 8.07e+01 |  8:3.3e-03  3:1.8e-02
  158 ,   3951 : 1.9908624169028e+01 +(4e-02,3e-01) | 8.10e+01 |  8:3.1e-03  3:1.7e-02
  159 ,   3976 : 1.9901551304023e+01 +(4e-02,1e-01) | 8.07e+01 |  8:3.1e-03  3:1.6e-02
Iterat, #Fevals:   Function Value    (median,worst) |Axis Ratio|idx:Min SD idx:Max SD
  160 ,   4001 : 1.9882298466813e+01 +(6e-02,1e-01) | 8.35e+01 |  8:3.1e-03  6:1.6e-02
  161 ,   4026 : 1.9911978731251e+01 +(3e-02,2e-01) | 8.48e+01 |  8:2.8e-03  6:1.5e-02
  162 ,   4051 : 1.9910161177570e+01 +(3e-02,6e-02) | 8.56e+01 |  8:2.8e-03  6:1.5e-02
  163 ,   4076 : 1.9903680941683e+01 +(3e-02,1e-01) | 8.15e+01 |  8:3.2e-03  6:1.7e-02
  164 ,   4101 : 1.9893603879666e+01 +(4e-02,1e-01) | 8.15e+01 |  8:3.3e-03  3:1.7e-02
  165 ,   4126 : 1.9909024914788e+01 +(3e-02,2e-01) | 8.24e+01 |  8:2.7e-03  6:1.4e-02
  166 ,   4151 : 1.9894587688366e+01 +(4e-02,9e-02) | 8.51e+01 |  8:2.9e-03  3:1.5e-02
  167 ,   4176 : 1.9892826290840e+01 +(5e-02,1e-01) | 8.58e+01 |  8:2.8e-03  3:1.4e-02
  168 ,   4201 : 1.9897185808347e+01 +(3e-02,7e-02) | 8.35e+01 |  8:2.7e-03  3:1.4e-02
  169 ,   4226 : 1.9881835404743e+01 +(6e-02,1e-01) | 8.10e+01 |  8:2.6e-03  3:1.3e-02
Iterat, #Fevals:   Function Value    (median,worst) |Axis Ratio|idx:Min SD idx:Max SD
  170 ,   4251 : 1.9911777103015e+01 +(3e-02,6e-02) | 8.28e+01 |  8:2.4e-03  3:1.3e-02
  171 ,   4276 : 1.9899287996169e+01 +(4e-02,7e-02) | 9.20e+01 |  8:2.4e-03  3:1.4e-02
  172 ,   4301 : 1.9896457287463e+01 +(3e-02,5e-02) | 9.33e+01 |  8:2.3e-03  3:1.3e-02
  173 ,   4326 : 1.9910995034545e+01 +(2e-02,6e-02) | 9.24e+01 |  8:2.3e-03  3:1.2e-02
  174 ,   4351 : 1.9905982164995e+01 +(2e-02,4e-02) | 9.36e+01 |  8:2.2e-03  3:1.1e-02
  175 ,   4376 : 1.9883504780375e+01 +(5e-02,7e-02) | 9.60e+01 |  8:2.1e-03  3:1.0e-02
  176 ,   4401 : 1.9895707324816e+01 +(3e-02,7e-02) | 1.06e+02 |  8:2.0e-03  3:1.0e-02
  177 ,   4426 : 1.9894267597310e+01 +(4e-02,7e-02) | 1.04e+02 |  8:2.1e-03  3:1.1e-02
  178 ,   4451 : 1.9894513466196e+01 +(3e-02,5e-02) | 1.07e+02 |  8:1.9e-03  3:1.0e-02
  179 ,   4476 : 1.9876960705922e+01 +(5e-02,1e-01) | 1.07e+02 |  8:1.7e-03  3:9.1e-03
Iterat, #Fevals:   Function Value    (median,worst) |Axis Ratio|idx:Min SD idx:Max SD
  180 ,   4501 : 1.9893058335176e+01 +(3e-02,6e-02) | 1.06e+02 |  8:1.6e-03  3:8.0e-03
  181 ,   4526 : 1.9897034057057e+01 +(4e-02,6e-02) | 1.06e+02 |  8:1.5e-03  3:7.7e-03
  182 ,   4551 : 1.9891189118670e+01 +(3e-02,6e-02) | 1.09e+02 |  8:1.6e-03  3:8.1e-03
  183 ,   4576 : 1.9879694094634e+01 +(4e-02,7e-02) | 1.12e+02 |  8:1.6e-03  3:8.4e-03
  184 ,   4601 : 1.9891313452733e+01 +(3e-02,6e-02) | 1.24e+02 |  8:1.6e-03  3:9.1e-03
  185 ,   4626 : 1.9873313076978e+01 +(5e-02,6e-02) | 1.29e+02 |  8:1.6e-03  3:9.2e-03
  186 ,   4651 : 1.9897299494513e+01 +(2e-02,4e-02) | 1.32e+02 |  8:1.6e-03  3:8.8e-03
  187 ,   4676 : 1.9893615911832e+01 +(2e-02,5e-02) | 1.35e+02 |  8:1.6e-03  3:8.9e-03
  188 ,   4701 : 1.9897567631987e+01 +(2e-02,7e-02) | 1.39e+02 |  8:1.4e-03  3:7.9e-03
  189 ,   4726 : 1.9873350834912e+01 +(4e-02,8e-02) | 1.45e+02 |  8:1.4e-03  3:8.1e-03
Iterat, #Fevals:   Function Value    (median,worst) |Axis Ratio|idx:Min SD idx:Max SD
  190 ,   4751 : 1.9888052477486e+01 +(3e-02,5e-02) | 1.48e+02 |  8:1.4e-03  3:7.8e-03
  191 ,   4776 : 1.9884150986108e+01 +(3e-02,7e-02) | 1.51e+02 |  8:1.3e-03  3:7.2e-03
  192 ,   4801 : 1.9876051457877e+01 +(4e-02,6e-02) | 1.48e+02 |  8:1.1e-03  3:6.3e-03
  193 ,   4826 : 1.9884490806218e+01 +(3e-02,5e-02) | 1.45e+02 |  8:1.0e-03  3:5.6e-03
  194 ,   4851 : 1.9886810868214e+01 +(3e-02,6e-02) | 1.64e+02 |  8:1.0e-03  3:6.4e-03
  195 ,   4876 : 1.9874263737171e+01 +(4e-02,8e-02) | 1.69e+02 |  8:9.5e-04  3:5.9e-03
  196 ,   4901 : 1.9874208209450e+01 +(4e-02,7e-02) | 1.73e+02 |  8:8.8e-04  3:5.3e-03
  197 ,   4926 : 1.9886342792221e+01 +(2e-02,5e-02) | 1.80e+02 |  8:9.3e-04  3:5.7e-03
  198 ,   4951 : 1.9888950181393e+01 +(3e-02,5e-02) | 1.76e+02 |  8:9.4e-04  3:5.8e-03
  199 ,   4976 : 1.9887350633288e+01 +(3e-02,5e-02) | 1.77e+02 |  8:9.4e-04  3:5.7e-03
Iterat, #Fevals:   Function Value    (median,worst) |Axis Ratio|idx:Min SD idx:Max SD
  200 ,   5001 : 1.9883171269981e+01 +(3e-02,6e-02) | 1.83e+02 |  8:9.0e-04  3:5.8e-03
  201 ,   5026 : 1.9887398770315e+01 +(2e-02,5e-02) | 1.79e+02 |  8:8.8e-04  3:5.7e-03
  202 ,   5051 : 1.9888643919738e+01 +(2e-02,5e-02) | 1.68e+02 |  8:8.5e-04  3:5.3e-03
  203 ,   5076 : 1.9888265945339e+01 +(2e-02,5e-02) | 1.69e+02 |  8:8.2e-04  3:5.1e-03
  204 ,   5101 : 1.9877268721775e+01 +(4e-02,6e-02) | 1.61e+02 |  8:7.9e-04  3:4.8e-03
  205 ,   5126 : 1.9894778926932e+01 +(2e-02,6e-02) | 1.67e+02 |  8:7.8e-04  3:4.7e-03
  206 ,   5151 : 1.9885136024692e+01 +(3e-02,7e-02) | 1.64e+02 |  8:7.8e-04  3:4.6e-03
  207 ,   5176 : 1.9890491836045e+01 +(2e-02,5e-02) | 1.68e+02 |  8:7.5e-04  3:4.6e-03
  208 ,   5201 : 1.9891085207210e+01 +(1e-02,5e-02) | 1.64e+02 |  8:6.5e-04  3:4.1e-03
  209 ,   5226 : 1.9869348472311e+01 +(5e-02,7e-02) | 1.68e+02 |  8:6.2e-04  3:3.8e-03
Iterat, #Fevals:   Function Value    (median,worst) |Axis Ratio|idx:Min SD idx:Max SD
  210 ,   5251 : 1.9882153370227e+01 +(3e-02,6e-02) | 1.68e+02 |  8:6.0e-04  3:3.8e-03
  211 ,   5276 : 1.9878108044349e+01 +(3e-02,6e-02) | 1.71e+02 |  8:5.8e-04  3:3.8e-03
  212 ,   5301 : 1.9881870452957e+01 +(3e-02,7e-02) | 1.76e+02 |  8:6.0e-04  3:3.9e-03
  213 ,   5326 : 1.9894969193570e+01 +(3e-02,5e-02) | 1.78e+02 |  8:6.2e-04  3:4.0e-03
  214 ,   5351 : 1.9869680176915e+01 +(5e-02,7e-02) | 1.80e+02 |  8:5.7e-04  3:3.6e-03
  215 ,   5376 : 1.9892051803995e+01 +(2e-02,5e-02) | 1.84e+02 |  8:5.9e-04  3:3.6e-03
  216 ,   5401 : 1.9877432883706e+01 +(3e-02,7e-02) | 1.85e+02 |  8:5.7e-04  3:3.5e-03
  217 ,   5426 : 1.9876696502674e+01 +(4e-02,7e-02) | 1.85e+02 |  8:4.9e-04  3:3.0e-03
  218 ,   5451 : 1.9886619189284e+01 +(2e-02,5e-02) | 1.91e+02 |  8:4.7e-04  3:2.9e-03
  219 ,   5476 : 1.9882263287984e+01 +(4e-02,5e-02) | 1.90e+02 |  8:4.3e-04  3:2.6e-03
Iterat, #Fevals:   Function Value    (median,worst) |Axis Ratio|idx:Min SD idx:Max SD
  220 ,   5501 : 1.9884809606372e+01 +(3e-02,6e-02) | 1.94e+02 |  8:3.8e-04  3:2.4e-03
  221 ,   5526 : 1.9886938305342e+01 +(3e-02,5e-02) | 1.88e+02 |  8:3.5e-04  3:2.2e-03
  222 ,   5551 : 1.9876276148033e+01 +(3e-02,7e-02) | 1.88e+02 |  8:3.3e-04  3:2.1e-03
  223 ,   5576 : 1.9871941159135e+01 +(4e-02,7e-02) | 1.89e+02 |  8:3.3e-04  3:2.2e-03
  224 ,   5601 : 1.9875845207842e+01 +(3e-02,6e-02) | 1.90e+02 |  8:3.0e-04  3:2.0e-03
  225 ,   5626 : 1.9881573291210e+01 +(3e-02,5e-02) | 1.93e+02 |  8:2.7e-04  3:1.9e-03
  226 ,   5651 : 1.9886319461596e+01 +(2e-02,6e-02) | 1.92e+02 |  8:2.6e-04  3:1.8e-03
  227 ,   5676 : 1.9891389920750e+01 +(2e-02,6e-02) | 1.91e+02 |  8:2.3e-04  3:1.6e-03
  228 ,   5701 : 1.9866836709886e+01 +(5e-02,7e-02) | 1.95e+02 |  8:2.2e-04  3:1.6e-03
  229 ,   5726 : 1.9882625521985e+01 +(2e-02,5e-02) | 2.03e+02 |  8:2.2e-04  3:1.6e-03
Iterat, #Fevals:   Function Value    (median,worst) |Axis Ratio|idx:Min SD idx:Max SD
  230 ,   5751 : 1.9884266879266e+01 +(3e-02,6e-02) | 2.06e+02 |  8:2.0e-04  3:1.5e-03
  231 ,   5776 : 1.9895080044619e+01 +(2e-02,4e-02) | 2.11e+02 |  8:1.7e-04  3:1.2e-03
  232 ,   5801 : 1.9890247377802e+01 +(2e-02,5e-02) | 2.25e+02 |  8:2.2e-04  3:1.4e-03
  233 ,   5826 : 1.9870353765096e+01 +(4e-02,7e-02) | 2.34e+02 |  8:3.1e-04  3:1.9e-03
  234 ,   5851 : 1.9880369521251e+01 +(3e-02,6e-02) | 2.34e+02 |  8:3.7e-04  3:2.2e-03
  235 ,   5876 : 1.9869311179289e+01 +(3e-02,7e-02) | 2.26e+02 |  8:4.2e-04  3:2.6e-03
  236 ,   5901 : 1.9876927877978e+01 +(4e-02,6e-02) | 2.27e+02 |  8:4.5e-04  3:2.7e-03
  237 ,   5926 : 1.9882706568007e+01 +(3e-02,6e-02) | 2.19e+02 |  8:4.8e-04  3:2.6e-03
  238 ,   5951 : 1.9883388573133e+01 +(3e-02,6e-02) | 2.19e+02 |  8:5.3e-04  3:2.8e-03
  239 ,   5976 : 1.9869929840197e+01 +(5e-02,7e-02) | 2.24e+02 |  8:5.3e-04  3:2.7e-03
Iterat, #Fevals:   Function Value    (median,worst) |Axis Ratio|idx:Min SD idx:Max SD
  240 ,   6001 : 1.9876321173909e+01 +(4e-02,7e-02) | 2.24e+02 |  8:5.1e-04  3:2.6e-03
  241 ,   6026 : 1.9869978828883e+01 +(5e-02,8e-02) | 2.28e+02 |  8:5.1e-04  3:2.6e-03
  242 ,   6051 : 1.9870339756865e+01 +(4e-02,6e-02) | 2.28e+02 |  8:4.6e-04  3:2.5e-03
  243 ,   6076 : 1.9876529158545e+01 +(4e-02,7e-02) | 2.27e+02 |  8:4.6e-04  3:2.5e-03
  244 ,   6101 : 1.9882718554912e+01 +(4e-02,7e-02) | 2.29e+02 |  8:4.1e-04  3:2.3e-03
  245 ,   6126 : 1.9871308262458e+01 +(4e-02,6e-02) | 2.42e+02 |  8:3.7e-04  3:2.1e-03
  246 ,   6151 : 1.9877698498709e+01 +(3e-02,7e-02) | 2.35e+02 |  8:3.7e-04  3:2.0e-03
  247 ,   6176 : 1.9895716597986e+01 +(2e-02,6e-02) | 2.32e+02 |  8:4.0e-04  3:2.1e-03
  248 ,   6201 : 1.9870056603412e+01 +(4e-02,8e-02) | 2.33e+02 |  8:4.0e-04  3:2.1e-03
  249 ,   6226 : 1.9901620674239e+01 +(1e-02,6e-02) | 2.44e+02 |  8:4.0e-04  3:2.2e-03
Iterat, #Fevals:   Function Value    (median,worst) |Axis Ratio|idx:Min SD idx:Max SD
  250 ,   6251 : 1.9893901226468e+01 +(1e-02,5e-02) | 2.39e+02 |  8:4.0e-04  3:2.2e-03
  251 ,   6276 : 1.9886153632640e+01 +(3e-02,6e-02) | 2.38e+02 |  8:4.0e-04  3:2.1e-03
  252 ,   6301 : 1.9877698878191e+01 +(3e-02,6e-02) | 2.38e+02 |  8:4.0e-04  3:2.1e-03
  253 ,   6326 : 1.9866627852046e+01 +(5e-02,8e-02) | 2.43e+02 |  8:4.0e-04  3:2.1e-03
  254 ,   6351 : 1.9885453098516e+01 +(3e-02,7e-02) | 2.44e+02 |  8:4.0e-04  3:2.1e-03
  255 ,   6376 : 1.9877284811121e+01 +(4e-02,7e-02) | 2.47e+02 |  8:3.5e-04  3:1.8e-03
  256 ,   6401 : 1.9869235969794e+01 +(4e-02,8e-02) | 2.48e+02 |  8:3.1e-04  3:1.6e-03
  257 ,   6426 : 1.9870747432422e+01 +(4e-02,7e-02) | 2.42e+02 |  8:2.6e-04  3:1.3e-03
  258 ,   6451 : 1.9879576613338e+01 +(3e-02,6e-02) | 2.45e+02 |  8:2.2e-04  3:1.1e-03
  259 ,   6476 : 1.9884037822390e+01 +(3e-02,6e-02) | 2.44e+02 |  8:2.0e-04  4:9.9e-04
Iterat, #Fevals:   Function Value    (median,worst) |Axis Ratio|idx:Min SD idx:Max SD
  260 ,   6501 : 1.9868991135097e+01 +(4e-02,8e-02) | 2.37e+02 |  8:1.9e-04  3:9.5e-04
  261 ,   6526 : 1.9878361928283e+01 +(3e-02,7e-02) | 2.35e+02 |  8:1.6e-04  3:8.2e-04
  262 ,   6551 : 1.9878786978776e+01 +(4e-02,7e-02) | 2.39e+02 |  8:1.4e-04  3:7.2e-04
  263 ,   6576 : 1.9876951115161e+01 +(3e-02,6e-02) | 2.41e+02 |  8:1.2e-04  3:6.5e-04
  264 ,   6601 : 1.9872591518006e+01 +(3e-02,6e-02) | 2.37e+02 |  8:1.1e-04  3:6.2e-04
  265 ,   6626 : 1.9880140959110e+01 +(3e-02,6e-02) | 2.46e+02 |  8:1.1e-04  3:6.0e-04
  266 ,   6651 : 1.9875243106305e+01 +(4e-02,7e-02) | 2.54e+02 |  8:9.8e-05  3:5.4e-04
  267 ,   6676 : 1.9880167002232e+01 +(3e-02,7e-02) | 2.55e+02 |  8:1.0e-04  3:5.3e-04
  268 ,   6701 : 1.9880154496822e+01 +(3e-02,7e-02) | 2.70e+02 |  8:1.0e-04  3:5.5e-04
  269 ,   6726 : 1.9875524442782e+01 +(4e-02,7e-02) | 2.67e+02 |  8:1.0e-04  3:5.3e-04
Iterat, #Fevals:   Function Value    (median,worst) |Axis Ratio|idx:Min SD idx:Max SD
  270 ,   6751 : 1.9873005743503e+01 +(4e-02,7e-02) | 2.78e+02 |  8:1.0e-04  3:5.7e-04
  271 ,   6776 : 1.9874351407048e+01 +(4e-02,7e-02) | 2.89e+02 |  8:9.6e-05  3:5.4e-04
  272 ,   6801 : 1.9888815910043e+01 +(2e-02,6e-02) | 2.85e+02 |  8:1.1e-04  3:5.9e-04
  273 ,   6826 : 1.9880513264636e+01 +(3e-02,6e-02) | 3.02e+02 |  8:1.0e-04  3:5.7e-04
  274 ,   6851 : 1.9886372600470e+01 +(2e-02,6e-02) | 3.02e+02 |  8:1.0e-04  3:6.1e-04
  275 ,   6876 : 1.9882470180707e+01 +(4e-02,5e-02) | 2.91e+02 |  8:9.7e-05  3:5.9e-04
  276 ,   6901 : 1.9866838466061e+01 +(5e-02,8e-02) | 2.91e+02 |  8:9.0e-05  3:5.6e-04
  277 ,   6926 : 1.9881057700981e+01 +(3e-02,7e-02) | 2.81e+02 |  8:7.5e-05  3:4.7e-04
  278 ,   6951 : 1.9874043304182e+01 +(4e-02,7e-02) | 2.93e+02 |  8:7.6e-05  3:4.5e-04
  279 ,   6976 : 1.9872777807147e+01 +(4e-02,8e-02) | 2.93e+02 |  8:6.6e-05  3:3.9e-04
Iterat, #Fevals:   Function Value    (median,worst) |Axis Ratio|idx:Min SD idx:Max SD
  280 ,   7001 : 1.9893617387636e+01 +(2e-02,5e-02) | 3.12e+02 |  8:6.3e-05  4:3.7e-04
  281 ,   7026 : 1.9874464282761e+01 +(4e-02,8e-02) | 3.01e+02 |  8:6.5e-05  4:3.9e-04
  282 ,   7051 : 1.9889685325486e+01 +(3e-02,4e-02) | 3.09e+02 |  8:6.2e-05  4:3.8e-04
  283 ,   7076 : 1.9874482233181e+01 +(4e-02,8e-02) | 3.01e+02 |  8:6.4e-05  4:3.8e-04
  284 ,   7101 : 1.9882044427907e+01 +(3e-02,7e-02) | 3.12e+02 |  8:6.5e-05  4:4.0e-04
  285 ,   7126 : 1.9874987762124e+01 +(4e-02,6e-02) | 3.08e+02 |  8:5.6e-05  4:3.4e-04
  286 ,   7151 : 1.9878457223264e+01 +(3e-02,5e-02) | 3.19e+02 |  8:4.9e-05  4:3.1e-04
  287 ,   7176 : 1.9889364758951e+01 +(2e-02,6e-02) | 3.27e+02 |  8:4.8e-05  4:3.0e-04
  288 ,   7201 : 1.9887764043923e+01 +(2e-02,5e-02) | 3.37e+02 |  8:4.4e-05  4:2.8e-04
  289 ,   7226 : 1.9871029036493e+01 +(4e-02,7e-02) | 3.19e+02 |  8:4.2e-05  4:2.7e-04
Iterat, #Fevals:   Function Value    (median,worst) |Axis Ratio|idx:Min SD idx:Max SD
  290 ,   7251 : 1.9889288706868e+01 +(3e-02,7e-02) | 3.06e+02 |  8:4.2e-05  4:2.6e-04
  291 ,   7276 : 1.9875047221389e+01 +(3e-02,7e-02) | 3.14e+02 |  8:4.1e-05  4:2.6e-04
  292 ,   7301 : 1.9881086134144e+01 +(3e-02,7e-02) | 3.02e+02 |  8:4.7e-05  4:2.9e-04
  293 ,   7326 : 1.9886550268988e+01 +(3e-02,6e-02) | 3.00e+02 |  8:4.8e-05  4:2.9e-04
  294 ,   7351 : 1.9885528277673e+01 +(2e-02,7e-02) | 3.11e+02 |  8:4.6e-05  4:2.8e-04
  295 ,   7376 : 1.9883956359098e+01 +(3e-02,5e-02) | 3.10e+02 |  8:4.9e-05  4:3.1e-04
  296 ,   7401 : 1.9874873722904e+01 +(3e-02,7e-02) | 3.08e+02 |  8:4.3e-05  4:2.7e-04
  297 ,   7426 : 1.9872585259201e+01 +(5e-02,9e-02) | 3.24e+02 |  8:4.3e-05  4:2.7e-04
  298 ,   7451 : 1.9876785468738e+01 +(3e-02,5e-02) | 3.45e+02 |  8:4.5e-05  4:2.9e-04
  299 ,   7476 : 1.9878787017774e+01 +(2e-02,6e-02) | 3.48e+02 |  8:4.8e-05  4:3.0e-04
Iterat, #Fevals:   Function Value    (median,worst) |Axis Ratio|idx:Min SD idx:Max SD
  300 ,   7501 : 1.9887670845060e+01 +(2e-02,6e-02) | 3.32e+02 |  8:4.2e-05  4:2.6e-04
  301 ,   7526 : 1.9877696717859e+01 +(3e-02,5e-02) | 3.35e+02 |  8:3.8e-05  4:2.4e-04
  302 ,   7551 : 1.9884317858270e+01 +(3e-02,6e-02) | 3.36e+02 |  8:3.8e-05  4:2.3e-04
  303 ,   7576 : 1.9885598250514e+01 +(2e-02,6e-02) | 3.34e+02 |  8:3.8e-05  4:2.3e-04
  304 ,   7601 : 1.9874508922419e+01 +(4e-02,7e-02) | 3.33e+02 |  8:3.9e-05  4:2.4e-04
  305 ,   7626 : 1.9884755271542e+01 +(3e-02,6e-02) | 3.26e+02 |  8:3.6e-05  4:2.2e-04
  306 ,   7651 : 1.9883499768532e+01 +(3e-02,7e-02) | 3.30e+02 |  8:3.8e-05  4:2.3e-04
  307 ,   7676 : 1.9870915704048e+01 +(5e-02,8e-02) | 3.21e+02 |  8:3.9e-05  4:2.3e-04
  308 ,   7701 : 1.9880172942764e+01 +(3e-02,7e-02) | 3.23e+02 |  8:3.9e-05  4:2.3e-04
  309 ,   7726 : 1.9876053489344e+01 +(4e-02,8e-02) | 3.36e+02 |  8:3.7e-05  4:2.3e-04
Iterat, #Fevals:   Function Value    (median,worst) |Axis Ratio|idx:Min SD idx:Max SD
  310 ,   7751 : 1.9870540377798e+01 +(4e-02,8e-02) | 3.32e+02 |  8:3.5e-05  4:2.1e-04
  311 ,   7776 : 1.9886858879802e+01 +(3e-02,5e-02) | 3.23e+02 |  8:4.2e-05  4:2.6e-04
  312 ,   7801 : 1.9884396743655e+01 +(3e-02,7e-02) | 3.22e+02 |  8:4.0e-05  4:2.4e-04
  313 ,   7826 : 1.9880514314506e+01 +(3e-02,7e-02) | 3.40e+02 |  8:4.5e-05  4:2.8e-04
  314 ,   7851 : 1.9889652936814e+01 +(2e-02,6e-02) | 3.38e+02 |  8:4.3e-05  4:2.7e-04
  315 ,   7876 : 1.9895778046292e+01 +(2e-02,5e-02) | 3.62e+02 |  8:4.6e-05  4:2.9e-04
  316 ,   7901 : 1.9883334715186e+01 +(2e-02,7e-02) | 3.44e+02 |  8:4.9e-05  4:3.0e-04
  317 ,   7926 : 1.9879633404342e+01 +(3e-02,6e-02) | 3.55e+02 |  8:4.9e-05  4:3.1e-04
  318 ,   7951 : 1.9877525706690e+01 +(3e-02,6e-02) | 3.60e+02 |  8:4.3e-05  4:2.8e-04
  319 ,   7976 : 1.9880395874066e+01 +(3e-02,6e-02) | 3.70e+02 |  8:5.2e-05  4:3.4e-04
Iterat, #Fevals:   Function Value    (median,worst) |Axis Ratio|idx:Min SD idx:Max SD
  320 ,   8001 : 1.9883848067098e+01 +(3e-02,7e-02) | 3.88e+02 |  8:5.5e-05  4:3.7e-04
  321 ,   8026 : 1.9866385821203e+01 +(5e-02,8e-02) | 4.07e+02 |  8:5.3e-05  4:3.7e-04
  322 ,   8051 : 1.9881848682422e+01 +(3e-02,7e-02) | 4.08e+02 |  8:5.1e-05  4:3.5e-04
  323 ,   8076 : 1.9873219568691e+01 +(4e-02,7e-02) | 4.10e+02 |  8:4.5e-05  4:3.1e-04
  324 ,   8101 : 1.9880928011702e+01 +(3e-02,6e-02) | 4.15e+02 |  8:3.9e-05  4:2.7e-04
  325 ,   8126 : 1.9874421114687e+01 +(4e-02,7e-02) | 4.07e+02 |  8:3.6e-05  4:2.5e-04
  326 ,   8151 : 1.9884692852748e+01 +(3e-02,6e-02) | 4.17e+02 |  8:3.3e-05  4:2.3e-04
  327 ,   8176 : 1.9885157895036e+01 +(3e-02,6e-02) | 4.27e+02 |  8:2.9e-05  4:2.0e-04
  328 ,   8201 : 1.9876170987292e+01 +(4e-02,7e-02) | 4.25e+02 |  8:2.5e-05  4:1.8e-04
  329 ,   8226 : 1.9887093802553e+01 +(2e-02,5e-02) | 4.16e+02 |  8:2.4e-05  4:1.7e-04
Iterat, #Fevals:   Function Value    (median,worst) |Axis Ratio|idx:Min SD idx:Max SD
  330 ,   8251 : 1.9875672939765e+01 +(3e-02,7e-02) | 3.79e+02 |  8:2.7e-05  4:1.9e-04
  331 ,   8276 : 1.9879542278890e+01 +(3e-02,7e-02) | 3.76e+02 |  8:3.1e-05  4:2.1e-04
  332 ,   8301 : 1.9875948938138e+01 +(3e-02,7e-02) | 3.83e+02 |  8:3.2e-05  4:2.1e-04
  333 ,   8326 : 1.9880882000663e+01 +(3e-02,6e-02) | 3.88e+02 |  8:2.7e-05  4:1.8e-04
  334 ,   8351 : 1.9881707670546e+01 +(3e-02,6e-02) | 3.80e+02 |  8:3.0e-05  4:2.0e-04
  335 ,   8376 : 1.9872611900560e+01 +(4e-02,8e-02) | 3.64e+02 |  8:3.1e-05  4:1.9e-04
  336 ,   8401 : 1.9870588886487e+01 +(5e-02,8e-02) | 3.52e+02 |  8:3.1e-05  4:1.9e-04
  337 ,   8426 : 1.9878607146401e+01 +(3e-02,7e-02) | 3.68e+02 |  8:2.8e-05  4:1.8e-04
  338 ,   8451 : 1.9877910843778e+01 +(3e-02,5e-02) | 3.62e+02 |  8:2.5e-05  3:1.6e-04
  339 ,   8476 : 1.9873999960452e+01 +(3e-02,7e-02) | 3.65e+02 |  8:2.6e-05  4:1.7e-04
Iterat, #Fevals:   Function Value    (median,worst) |Axis Ratio|idx:Min SD idx:Max SD
  340 ,   8501 : 1.9884647514071e+01 +(3e-02,5e-02) | 3.83e+02 |  8:2.7e-05  3:1.7e-04
  341 ,   8526 : 1.9869793403512e+01 +(5e-02,7e-02) | 3.76e+02 |  8:2.9e-05  4:1.8e-04
  342 ,   8551 : 1.9886142539445e+01 +(2e-02,5e-02) | 3.80e+02 |  8:3.3e-05  4:2.1e-04
  343 ,   8576 : 1.9871670419336e+01 +(4e-02,7e-02) | 3.93e+02 |  8:3.8e-05  4:2.6e-04
  344 ,   8601 : 1.9895742682586e+01 +(2e-02,5e-02) | 3.97e+02 |  8:4.0e-05  4:2.6e-04
  345 ,   8626 : 1.9867008142021e+01 +(5e-02,7e-02) | 3.93e+02 |  8:3.7e-05  4:2.5e-04
  346 ,   8651 : 1.9877606823772e+01 +(4e-02,7e-02) | 4.01e+02 |  8:4.0e-05  4:2.7e-04
  347 ,   8676 : 1.9871101148567e+01 +(4e-02,7e-02) | 3.78e+02 |  8:4.3e-05  3:2.8e-04
  348 ,   8701 : 1.9872064836113e+01 +(4e-02,7e-02) | 3.76e+02 |  8:3.8e-05  4:2.5e-04
  349 ,   8726 : 1.9880823093967e+01 +(2e-02,7e-02) | 3.66e+02 |  8:3.6e-05  4:2.3e-04
Iterat, #Fevals:   Function Value    (median,worst) |Axis Ratio|idx:Min SD idx:Max SD
  350 ,   8751 : 1.9879047908501e+01 +(3e-02,7e-02) | 3.83e+02 |  8:3.8e-05  4:2.4e-04
  351 ,   8776 : 1.9883166717250e+01 +(3e-02,6e-02) | 4.18e+02 |  8:3.9e-05  3:2.5e-04
  352 ,   8801 : 1.9872536289411e+01 +(4e-02,7e-02) | 4.25e+02 |  8:3.9e-05  3:2.7e-04
  353 ,   8826 : 1.9870495640890e+01 +(4e-02,8e-02) | 4.06e+02 |  8:3.8e-05  3:2.5e-04
  354 ,   8851 : 1.9870790023882e+01 +(4e-02,8e-02) | 4.00e+02 |  8:3.6e-05  3:2.4e-04
  355 ,   8876 : 1.9880199585318e+01 +(5e-02,6e-02) | 4.02e+02 |  8:3.8e-05  3:2.5e-04
  356 ,   8901 : 1.9880843759255e+01 +(4e-02,7e-02) | 4.11e+02 |  8:3.5e-05  3:2.3e-04
  357 ,   8926 : 1.9871764464864e+01 +(3e-02,7e-02) | 4.29e+02 |  8:3.3e-05  3:2.3e-04
  358 ,   8951 : 1.9883486754134e+01 +(3e-02,6e-02) | 4.40e+02 |  8:3.2e-05  3:2.2e-04
  359 ,   8976 : 1.9885044657642e+01 +(2e-02,5e-02) | 4.53e+02 |  8:3.3e-05  3:2.3e-04
Iterat, #Fevals:   Function Value    (median,worst) |Axis Ratio|idx:Min SD idx:Max SD
  360 ,   9001 : 1.9878501733740e+01 +(4e-02,7e-02) | 4.46e+02 |  8:3.4e-05  3:2.5e-04
  361 ,   9026 : 1.9874736920643e+01 +(3e-02,6e-02) | 4.36e+02 |  8:3.2e-05  3:2.3e-04
  362 ,   9051 : 1.9876207190697e+01 +(4e-02,7e-02) | 4.47e+02 |  8:3.2e-05  3:2.2e-04
  363 ,   9076 : 1.9890988639223e+01 +(2e-02,6e-02) | 4.43e+02 |  8:3.2e-05  3:2.3e-04
  364 ,   9101 : 1.9870683999573e+01 +(4e-02,7e-02) | 4.42e+02 |  8:3.1e-05  3:2.1e-04
  365 ,   9126 : 1.9881139868341e+01 +(2e-02,6e-02) | 4.28e+02 |  8:3.0e-05  3:2.1e-04
  366 ,   9151 : 1.9877859505040e+01 +(3e-02,7e-02) | 4.37e+02 |  8:3.1e-05  3:2.1e-04
  367 ,   9176 : 1.9873679239018e+01 +(4e-02,7e-02) | 4.35e+02 |  8:3.1e-05  3:2.1e-04
  368 ,   9201 : 1.9878829910160e+01 +(4e-02,6e-02) | 4.51e+02 |  8:2.9e-05  3:2.0e-04
  369 ,   9226 : 1.9875182004576e+01 +(3e-02,8e-02) | 4.76e+02 |  8:3.2e-05  3:2.0e-04
Iterat, #Fevals:   Function Value    (median,worst) |Axis Ratio|idx:Min SD idx:Max SD
  370 ,   9251 : 1.9876821733138e+01 +(4e-02,8e-02) | 4.86e+02 |  8:3.1e-05  3:2.0e-04
  371 ,   9276 : 1.9870747591425e+01 +(4e-02,7e-02) | 5.16e+02 |  8:3.0e-05  5:2.0e-04
  372 ,   9301 : 1.9876777945585e+01 +(3e-02,6e-02) | 5.32e+02 |  8:2.8e-05  5:2.0e-04
  373 ,   9326 : 1.9877823071585e+01 +(4e-02,7e-02) | 5.52e+02 |  8:3.1e-05  5:2.2e-04
  374 ,   9351 : 1.9881943060889e+01 +(3e-02,7e-02) | 5.34e+02 |  8:3.0e-05  5:2.1e-04
  375 ,   9376 : 1.9885013529690e+01 +(3e-02,6e-02) | 5.35e+02 |  8:2.7e-05  5:1.9e-04
  376 ,   9401 : 1.9876754511293e+01 +(4e-02,7e-02) | 5.29e+02 |  8:2.5e-05  5:1.8e-04
  377 ,   9426 : 1.9880145682127e+01 +(4e-02,5e-02) | 5.15e+02 |  8:2.4e-05  3:1.7e-04
  378 ,   9451 : 1.9870927357233e+01 +(4e-02,7e-02) | 5.87e+02 |  8:2.4e-05  5:1.8e-04
  379 ,   9476 : 1.9881443151704e+01 +(4e-02,7e-02) | 5.99e+02 |  8:2.8e-05  5:2.1e-04
Iterat, #Fevals:   Function Value    (median,worst) |Axis Ratio|idx:Min SD idx:Max SD
  380 ,   9501 : 1.9891479239983e+01 +(2e-02,5e-02) | 5.99e+02 |  8:3.1e-05  5:2.3e-04
  381 ,   9526 : 1.9891222352416e+01 +(2e-02,5e-02) | 6.24e+02 |  8:3.1e-05  5:2.3e-04
  382 ,   9551 : 1.9891057737693e+01 +(3e-02,6e-02) | 6.28e+02 |  8:2.9e-05  5:2.2e-04
  383 ,   9576 : 1.9881787206810e+01 +(3e-02,6e-02) | 6.70e+02 |  8:3.1e-05  5:2.5e-04
  384 ,   9601 : 1.9868549985690e+01 +(4e-02,7e-02) | 6.58e+02 |  8:4.0e-05  5:3.1e-04
  385 ,   9626 : 1.9883483305081e+01 +(3e-02,7e-02) | 6.75e+02 |  8:4.1e-05  5:3.4e-04
  386 ,   9651 : 1.9881898951605e+01 +(3e-02,6e-02) | 6.46e+02 |  8:4.3e-05  5:3.7e-04
  387 ,   9676 : 1.9879185438232e+01 +(3e-02,6e-02) | 6.02e+02 |  8:4.4e-05  5:3.8e-04
  388 ,   9701 : 1.9886830678218e+01 +(3e-02,6e-02) | 5.94e+02 |  8:3.6e-05  5:3.2e-04
  389 ,   9726 : 1.9884663423687e+01 +(4e-02,6e-02) | 6.08e+02 |  8:3.7e-05  5:3.2e-04
Iterat, #Fevals:   Function Value    (median,worst) |Axis Ratio|idx:Min SD idx:Max SD
  390 ,   9751 : 1.9885823095186e+01 +(3e-02,7e-02) | 6.19e+02 |  8:4.2e-05  5:3.9e-04
  391 ,   9776 : 1.9885397492385e+01 +(3e-02,7e-02) | 6.37e+02 |  8:4.7e-05  5:4.4e-04
  392 ,   9801 : 1.9872797738924e+01 +(3e-02,7e-02) | 6.63e+02 |  8:4.4e-05  5:4.3e-04
  393 ,   9826 : 1.9884199141798e+01 +(3e-02,5e-02) | 7.20e+02 |  8:4.2e-05  5:4.3e-04
#Fevals:   f(returned x)   |    bestever.f     | stopflag (saved to variablescmaes14_7_37.mat)
   9827: 1.98841991418e+01 | 1.98663858212e+01 | stagnation
mean solution: +3.7e-01 +4.5e-01 +7.4e-01 +5.7e-01 +1.1e+00 +2.1e+00 +1.7e-01 +1.4e-01 +3.2e+00
std deviation:  1.4e-04  2.7e-04  3.2e-04  3.1e-04  4.3e-04  3.9e-04  1.6e-04  4.2e-05  2.3e-04
use plotcmaesdat.m for plotting the output at any time (option LogModulo must not be zero)
