
                            < M A T L A B (R) >
                  Copyright 1984-2015 The MathWorks, Inc.
                   R2015a (8.5.0.197613) 64-bit (glnxa64)
                             February 12, 2015

 
For online documentation, see http://www.mathworks.com/support
For product information, visit www.mathworks.com.
 

	Academic License


seed =

                168.466214


Initialtheta =

          59779.9152695579
          5208462.43982524
          24683271.8426745
           3375.6259194444
          8464.60827642622
           651.77911888404
        0.0369367114354996
          5.11785907282101
          932.984217108265

  n=9: (12,25)-CMA-ES(w=[24 17 14... 1.5 0.74]%, ]%, mu_eff=7.3) on function Error
Iterat, #Fevals:   Function Value    (median,worst) |Axis Ratio|idx:Min SD idx:Max SD
    1 ,     26 : 1.2363251191278e+02 +(4e+06,9e+07) | 5.47e+00 |  9:2.4e-01  3:1.3e+00
    2 ,     51 : 5.7678245172060e+01 +(7e+01,2e+14) | 5.27e+00 |  9:2.4e-01  3:1.3e+00
    3 ,     76 : 3.2391570439340e+01 +(9e+01,3e+08) | 5.36e+00 |  9:2.1e-01  3:1.1e+00
    4 ,    101 : 1.0250865251288e+02 +(8e+04,1e+09) | 5.46e+00 |  9:2.3e-01  3:1.2e+00
    5 ,    126 : 7.7985754515788e+01 +(5e+01,2e+08) | 5.23e+00 |  9:2.2e-01  3:1.1e+00
    6 ,    151 : 6.3771519385322e+01 +(7e+02,1e+08) | 5.41e+00 |  9:2.1e-01  3:1.1e+00
    7 ,    176 : 3.5003637638908e+01 +(9e+01,6e+06) | 5.21e+00 |  9:2.1e-01  3:1.0e+00
    8 ,    201 : 3.8752147969755e+01 +(8e+01,4e+08) | 5.41e+00 |  9:2.3e-01  3:1.1e+00
    9 ,    226 : 1.2183147185292e+02 +(2e+00,1e+07) | 5.28e+00 |  9:2.1e-01  3:1.1e+00
Iterat, #Fevals:   Function Value    (median,worst) |Axis Ratio|idx:Min SD idx:Max SD
   10 ,    251 : 1.2242875131380e+02 +(1e+00,8e+07) | 5.44e+00 |  9:2.0e-01  3:1.0e+00
   11 ,    276 : 1.1306482281660e+02 +(1e+01,1e+07) | 5.53e+00 |  9:1.6e-01  3:8.2e-01
   12 ,    301 : 2.3358155698125e+01 +(1e+02,2e+08) | 5.65e+00 |  9:1.3e-01  3:7.0e-01
   13 ,    326 : 1.2364967732647e+02 +(5e-02,3e+07) | 5.79e+00 |  9:1.3e-01  3:7.1e-01
   14 ,    351 : 4.2502240410679e+01 +(8e+01,2e+07) | 5.84e+00 |  9:1.4e-01  3:7.5e-01
   15 ,    376 : 2.4684723019161e+01 +(1e+02,5e+05) | 6.06e+00 |  9:1.2e-01  3:7.1e-01
   16 ,    401 : 7.4523899017818e+01 +(5e+01,2e+06) | 6.27e+00 |  9:1.1e-01  3:6.3e-01
   17 ,    426 : 1.0474503798611e+02 +(2e+01,6e+05) | 6.67e+00 |  9:1.0e-01  3:6.3e-01
   18 ,    451 : 7.2925230517752e+01 +(5e+01,1e+05) | 6.76e+00 |  9:9.3e-02  3:5.9e-01
   19 ,    476 : 5.6763088154929e+01 +(7e+01,2e+05) | 6.82e+00 |  9:7.6e-02  3:4.9e-01
Iterat, #Fevals:   Function Value    (median,worst) |Axis Ratio|idx:Min SD idx:Max SD
   20 ,    501 : 8.1687553572469e+01 +(4e+01,4e+04) | 6.89e+00 |  9:5.9e-02  3:3.9e-01
   21 ,    526 : 2.7150710825975e+01 +(1e+02,4e+03) | 7.28e+00 |  9:5.9e-02  3:4.0e-01
   22 ,    551 : 2.7488438631101e+01 +(1e+02,2e+03) | 7.16e+00 |  9:5.4e-02  3:3.7e-01
   23 ,    576 : 2.6371610587675e+01 +(1e+02,1e+03) | 7.19e+00 |  9:5.1e-02  3:3.5e-01
   24 ,    601 : 2.3947301819559e+01 +(1e+02,4e+03) | 7.93e+00 |  9:4.4e-02  3:3.3e-01
   25 ,    626 : 3.1717566906544e+01 +(9e+01,1e+04) | 8.06e+00 |  9:4.1e-02  3:3.1e-01
   26 ,    651 : 3.2547419338314e+01 +(9e+01,4e+03) | 8.15e+00 |  9:3.7e-02  3:2.8e-01
   27 ,    676 : 2.5844369746102e+01 +(1e+02,1e+03) | 8.32e+00 |  9:3.3e-02  3:2.5e-01
   28 ,    701 : 2.8901274295383e+01 +(9e+01,1e+03) | 8.52e+00 |  9:3.3e-02  3:2.6e-01
   29 ,    726 : 2.5287825836106e+01 +(1e+02,2e+04) | 8.40e+00 |  9:3.3e-02  3:2.6e-01
Iterat, #Fevals:   Function Value    (median,worst) |Axis Ratio|idx:Min SD idx:Max SD
   30 ,    751 : 2.5119312336660e+01 +(8e+01,3e+03) | 7.76e+00 |  9:3.5e-02  3:2.6e-01
   31 ,    776 : 3.2224950941151e+01 +(9e+01,8e+03) | 7.77e+00 |  9:3.4e-02  3:2.5e-01
   32 ,    801 : 2.5247620178511e+01 +(1e+02,1e+03) | 7.78e+00 |  9:3.6e-02  3:2.7e-01
   33 ,    826 : 2.4106484386254e+01 +(1e+02,5e+03) | 8.12e+00 |  9:3.6e-02  3:2.8e-01
   34 ,    851 : 2.4209068507288e+01 +(1e+02,3e+03) | 8.07e+00 |  9:3.8e-02  3:2.9e-01
   35 ,    876 : 2.5266688196826e+01 +(1e+02,3e+03) | 8.27e+00 |  9:3.6e-02  3:2.8e-01
   36 ,    901 : 2.8007239045102e+01 +(9e+01,4e+03) | 7.91e+00 |  9:3.8e-02  3:2.8e-01
   37 ,    926 : 2.4309612445903e+01 +(9e+01,1e+03) | 7.72e+00 |  9:4.0e-02  3:2.9e-01
   38 ,    951 : 2.5423610748192e+01 +(1e+02,5e+03) | 8.27e+00 |  9:4.9e-02  3:3.5e-01
   39 ,    976 : 3.6550839014188e+01 +(9e+01,5e+03) | 7.75e+00 |  9:6.0e-02  3:3.8e-01
Iterat, #Fevals:   Function Value    (median,worst) |Axis Ratio|idx:Min SD idx:Max SD
   40 ,   1001 : 2.3268065334061e+01 +(1e+02,4e+03) | 8.11e+00 |  9:6.8e-02  3:4.1e-01
   41 ,   1026 : 2.8457393193757e+01 +(1e+02,1e+03) | 8.58e+00 |  9:6.4e-02  3:3.8e-01
   42 ,   1051 : 2.6271093676474e+01 +(1e+02,1e+03) | 8.88e+00 |  9:6.6e-02  3:4.0e-01
   43 ,   1076 : 2.9046004441564e+01 +(8e+01,3e+03) | 9.08e+00 |  9:7.8e-02  3:4.7e-01
   44 ,   1101 : 2.3581538709339e+01 +(1e+02,2e+03) | 9.18e+00 |  9:8.1e-02  3:4.8e-01
   45 ,   1126 : 2.5544741561906e+01 +(1e+02,5e+03) | 9.42e+00 |  9:7.3e-02  3:4.3e-01
   46 ,   1151 : 3.5161714165563e+01 +(9e+01,1e+04) | 9.51e+00 |  9:7.7e-02  3:4.3e-01
   47 ,   1176 : 2.3981692930752e+01 +(1e+02,1e+04) | 9.78e+00 |  9:8.1e-02  3:4.6e-01
   48 ,   1201 : 2.3862887910135e+01 +(1e+02,7e+02) | 1.05e+01 |  9:8.2e-02  3:4.7e-01
   49 ,   1226 : 2.7942676721821e+01 +(9e+01,5e+03) | 1.08e+01 |  9:7.3e-02  3:4.2e-01
Iterat, #Fevals:   Function Value    (median,worst) |Axis Ratio|idx:Min SD idx:Max SD
   50 ,   1251 : 2.2097573824305e+01 +(7e+01,5e+03) | 1.11e+01 |  9:7.1e-02  3:4.0e-01
   51 ,   1276 : 2.5999608408611e+01 +(8e+01,8e+02) | 1.07e+01 |  9:7.0e-02  3:3.8e-01
   52 ,   1301 : 3.4590272030617e+01 +(9e+01,2e+03) | 1.07e+01 |  9:6.1e-02  3:3.4e-01
   53 ,   1326 : 2.4086286494831e+01 +(8e+01,1e+03) | 1.10e+01 |  9:5.4e-02  3:3.1e-01
   54 ,   1351 : 2.5166073470195e+01 +(8e+01,1e+03) | 1.15e+01 |  9:5.2e-02  3:3.0e-01
   55 ,   1376 : 2.4504579213666e+01 +(6e+01,9e+02) | 1.20e+01 |  9:5.5e-02  3:3.2e-01
   56 ,   1401 : 2.5660932409265e+01 +(5e+01,6e+02) | 1.22e+01 |  9:4.9e-02  3:2.8e-01
   57 ,   1426 : 2.3984774406080e+01 +(6e+01,8e+02) | 1.22e+01 |  2:4.2e-02  3:2.2e-01
   58 ,   1451 : 2.4480790808087e+01 +(4e+01,5e+02) | 1.18e+01 |  2:4.0e-02  3:2.1e-01
   59 ,   1476 : 2.4659585498660e+01 +(3e+01,6e+02) | 1.22e+01 |  2:3.7e-02  3:2.0e-01
Iterat, #Fevals:   Function Value    (median,worst) |Axis Ratio|idx:Min SD idx:Max SD
   60 ,   1501 : 2.4768103474196e+01 +(2e+01,9e+01) | 1.20e+01 |  2:3.4e-02  3:1.8e-01
   61 ,   1526 : 2.4171632718106e+01 +(2e+01,2e+02) | 1.16e+01 |  2:3.4e-02  3:1.7e-01
   62 ,   1551 : 2.6185794825389e+01 +(3e+01,3e+02) | 1.15e+01 |  9:2.8e-02  3:1.4e-01
   63 ,   1576 : 2.4326826420400e+01 +(1e+01,1e+02) | 1.23e+01 |  2:2.5e-02  3:1.3e-01
   64 ,   1601 : 2.3883165084146e+01 +(9e+00,2e+02) | 1.22e+01 |  9:2.3e-02  3:1.1e-01
   65 ,   1626 : 2.3885637776283e+01 +(9e+00,9e+01) | 1.29e+01 |  9:2.2e-02  3:1.1e-01
   66 ,   1651 : 2.3892393755418e+01 +(8e+00,5e+01) | 1.32e+01 |  9:2.0e-02  3:1.1e-01
   67 ,   1676 : 2.3662988594539e+01 +(9e+00,8e+01) | 1.38e+01 |  9:1.8e-02  3:1.0e-01
   68 ,   1701 : 2.3602898832352e+01 +(6e+00,5e+01) | 1.53e+01 |  9:1.9e-02  3:1.1e-01
   69 ,   1726 : 2.3772874576783e+01 +(4e+00,5e+01) | 1.55e+01 |  9:1.7e-02  3:9.8e-02
Iterat, #Fevals:   Function Value    (median,worst) |Axis Ratio|idx:Min SD idx:Max SD
   70 ,   1751 : 2.3876325454138e+01 +(4e+00,2e+01) | 1.51e+01 |  2:1.7e-02  3:9.5e-02
   71 ,   1776 : 2.3472502589653e+01 +(3e+00,4e+01) | 1.54e+01 |  2:1.7e-02  3:9.4e-02
   72 ,   1801 : 2.3639564102557e+01 +(3e+00,8e+01) | 1.55e+01 |  2:1.7e-02  3:9.0e-02
   73 ,   1826 : 2.3149914800379e+01 +(3e+00,1e+01) | 1.56e+01 |  2:1.7e-02  3:9.0e-02
   74 ,   1851 : 2.3215916592543e+01 +(2e+00,9e+00) | 1.66e+01 |  2:1.8e-02  3:9.6e-02
   75 ,   1876 : 2.3046738200765e+01 +(3e+00,3e+01) | 1.73e+01 |  2:1.9e-02  3:1.1e-01
   76 ,   1901 : 2.3370014822870e+01 +(4e+00,2e+01) | 1.78e+01 |  2:1.8e-02  3:1.1e-01
   77 ,   1926 : 2.2873966707672e+01 +(3e+00,4e+01) | 1.82e+01 |  2:1.8e-02  3:1.0e-01
   78 ,   1951 : 2.2662798874699e+01 +(4e+00,3e+01) | 1.90e+01 |  2:1.9e-02  3:1.0e-01
   79 ,   1976 : 2.2978553227920e+01 +(3e+00,2e+01) | 1.97e+01 |  2:1.9e-02  3:1.1e-01
Iterat, #Fevals:   Function Value    (median,worst) |Axis Ratio|idx:Min SD idx:Max SD
   80 ,   2001 : 2.2353974411574e+01 +(3e+00,2e+01) | 2.14e+01 |  2:1.8e-02  3:1.1e-01
   81 ,   2026 : 2.2481798612544e+01 +(2e+00,1e+01) | 2.27e+01 |  2:1.8e-02  3:1.1e-01
   82 ,   2051 : 2.2428147807245e+01 +(2e+00,1e+01) | 2.37e+01 |  2:1.8e-02  3:1.1e-01
   83 ,   2076 : 2.2240504571437e+01 +(3e+00,2e+01) | 2.48e+01 |  2:1.8e-02  3:1.1e-01
   84 ,   2101 : 2.2102940485189e+01 +(1e+00,1e+01) | 2.59e+01 |  2:1.7e-02  3:1.0e-01
   85 ,   2126 : 2.2127036280626e+01 +(1e+00,9e+00) | 2.62e+01 |  2:1.6e-02  3:9.5e-02
   86 ,   2151 : 2.1892821623974e+01 +(1e+00,1e+01) | 2.81e+01 |  5:1.5e-02  3:9.2e-02
   87 ,   2176 : 2.1604353340375e+01 +(1e+00,8e+00) | 3.09e+01 |  5:1.6e-02  3:1.1e-01
   88 ,   2201 : 2.1793431194035e+01 +(1e+00,1e+01) | 3.11e+01 |  5:1.7e-02  3:1.1e-01
   89 ,   2226 : 2.1259962894224e+01 +(2e+00,2e+01) | 3.44e+01 |  5:1.9e-02  3:1.3e-01
Iterat, #Fevals:   Function Value    (median,worst) |Axis Ratio|idx:Min SD idx:Max SD
   90 ,   2251 : 2.1093053890518e+01 +(1e+00,1e+01) | 3.67e+01 |  5:1.9e-02  3:1.3e-01
   91 ,   2276 : 2.0600076304397e+01 +(2e+00,3e+01) | 3.82e+01 |  5:1.8e-02  3:1.3e-01
   92 ,   2301 : 2.0647002917935e+01 +(1e+00,6e+00) | 4.05e+01 |  5:2.1e-02  3:1.4e-01
   93 ,   2326 : 2.0651945832746e+01 +(2e+00,1e+01) | 4.05e+01 |  2:2.2e-02  3:1.5e-01
   94 ,   2351 : 2.0534092058221e+01 +(3e+00,2e+01) | 4.10e+01 |  2:2.1e-02  3:1.4e-01
   95 ,   2376 : 2.0523871721037e+01 +(2e+00,8e+00) | 4.30e+01 |  2:1.9e-02  3:1.3e-01
   96 ,   2401 : 2.0755727962527e+01 +(1e+00,6e+00) | 4.33e+01 |  2:1.5e-02  3:1.0e-01
   97 ,   2426 : 2.0557041085634e+01 +(1e+00,4e+00) | 4.34e+01 |  2:1.6e-02  3:1.1e-01
   98 ,   2451 : 2.0591180672217e+01 +(1e+00,1e+01) | 4.37e+01 |  2:1.6e-02  3:1.1e-01
   99 ,   2476 : 2.0488720623144e+01 +(1e+00,6e+00) | 4.44e+01 |  2:1.6e-02  3:1.1e-01
Iterat, #Fevals:   Function Value    (median,worst) |Axis Ratio|idx:Min SD idx:Max SD
  100 ,   2501 : 2.0374417740589e+01 +(1e+00,8e+00) | 4.48e+01 |  2:1.5e-02  3:9.6e-02
  101 ,   2526 : 2.0574562375721e+01 +(8e-01,1e+01) | 4.57e+01 |  2:1.2e-02  3:7.6e-02
  102 ,   2551 : 2.0317896437110e+01 +(7e-01,4e+00) | 4.68e+01 |  2:1.1e-02  3:7.0e-02
  103 ,   2576 : 2.0424513517100e+01 +(5e-01,2e+00) | 4.76e+01 |  2:1.0e-02  3:6.3e-02
  104 ,   2601 : 2.0546122909980e+01 +(3e-01,2e+00) | 4.95e+01 |  2:1.0e-02  3:6.3e-02
  105 ,   2626 : 2.0322127758666e+01 +(4e-01,2e+00) | 5.10e+01 |  2:1.1e-02  3:6.9e-02
  106 ,   2651 : 2.0251627941723e+01 +(5e-01,3e+00) | 5.24e+01 |  2:1.1e-02  3:7.1e-02
  107 ,   2676 : 2.0336878064699e+01 +(3e-01,2e+00) | 5.54e+01 |  2:1.3e-02  3:8.7e-02
  108 ,   2701 : 2.0069819866222e+01 +(7e-01,8e+00) | 5.83e+01 |  2:1.4e-02  3:9.6e-02
  109 ,   2726 : 2.0355564082155e+01 +(8e-01,5e+00) | 5.76e+01 |  2:1.2e-02  3:8.1e-02
Iterat, #Fevals:   Function Value    (median,worst) |Axis Ratio|idx:Min SD idx:Max SD
  110 ,   2751 : 2.0249542146329e+01 +(4e-01,2e+00) | 5.94e+01 |  2:1.1e-02  3:7.5e-02
  111 ,   2776 : 2.0074134870830e+01 +(5e-01,1e+00) | 6.66e+01 |  2:1.2e-02  3:8.9e-02
  112 ,   2801 : 1.9993312567597e+01 +(6e-01,4e+00) | 7.11e+01 |  2:1.2e-02  3:9.4e-02
  113 ,   2826 : 2.0079154225004e+01 +(7e-01,3e+00) | 7.38e+01 |  2:1.2e-02  3:9.6e-02
  114 ,   2851 : 2.0165458884565e+01 +(4e-01,4e+00) | 7.70e+01 |  2:1.3e-02  3:1.0e-01
  115 ,   2876 : 2.0137057440332e+01 +(6e-01,6e+00) | 7.82e+01 |  2:1.3e-02  3:1.0e-01
  116 ,   2901 : 2.0002147032819e+01 +(5e-01,5e+00) | 8.97e+01 |  2:1.4e-02  3:1.2e-01
  117 ,   2926 : 1.9967101026687e+01 +(6e-01,3e+00) | 9.39e+01 |  2:1.5e-02  3:1.3e-01
  118 ,   2951 : 1.9903645725687e+01 +(5e-01,4e+00) | 9.60e+01 |  9:1.4e-02  3:1.3e-01
  119 ,   2976 : 1.9929467482654e+01 +(6e-01,1e+01) | 1.01e+02 |  9:1.4e-02  3:1.3e-01
Iterat, #Fevals:   Function Value    (median,worst) |Axis Ratio|idx:Min SD idx:Max SD
  120 ,   3001 : 1.9899834707285e+01 +(6e-01,8e+00) | 1.01e+02 |  9:1.3e-02  3:1.3e-01
  121 ,   3026 : 1.9894652933610e+01 +(7e-01,9e+00) | 1.03e+02 |  2:1.2e-02  3:1.2e-01
  122 ,   3051 : 1.9947072707202e+01 +(3e-01,4e+00) | 1.03e+02 |  9:1.1e-02  3:1.1e-01
  123 ,   3076 : 1.9932691034707e+01 +(4e-01,2e+01) | 1.04e+02 |  9:9.4e-03  3:9.4e-02
  124 ,   3101 : 1.9914642968124e+01 +(2e-01,3e+00) | 1.09e+02 |  9:8.7e-03  3:9.0e-02
  125 ,   3126 : 1.9946063091594e+01 +(2e-01,4e+00) | 1.10e+02 |  9:7.7e-03  3:8.0e-02
  126 ,   3151 : 1.9911075569905e+01 +(2e-01,4e+00) | 1.13e+02 |  9:6.9e-03  3:7.2e-02
  127 ,   3176 : 1.9933934186286e+01 +(9e-02,6e-01) | 1.14e+02 |  9:7.6e-03  3:7.8e-02
  128 ,   3201 : 1.9909939472218e+01 +(2e-01,2e+00) | 1.16e+02 |  9:6.6e-03  3:7.0e-02
  129 ,   3226 : 1.9903979011074e+01 +(2e-01,9e-01) | 1.16e+02 |  9:6.3e-03  3:6.8e-02
Iterat, #Fevals:   Function Value    (median,worst) |Axis Ratio|idx:Min SD idx:Max SD
  130 ,   3251 : 1.9921206574214e+01 +(1e-01,4e+00) | 1.15e+02 |  9:5.7e-03  3:6.1e-02
  131 ,   3276 : 1.9919953877344e+01 +(1e-01,1e+00) | 1.18e+02 |  9:5.3e-03  3:5.8e-02
  132 ,   3301 : 1.9890180449451e+01 +(1e-01,9e-01) | 1.18e+02 |  9:5.2e-03  3:5.5e-02
  133 ,   3326 : 1.9915051504583e+01 +(1e-01,2e+00) | 1.16e+02 |  9:6.6e-03  3:6.8e-02
  134 ,   3351 : 1.9911956607312e+01 +(2e-01,3e+00) | 1.15e+02 |  9:6.0e-03  3:6.2e-02
  135 ,   3376 : 1.9903189262956e+01 +(1e-01,7e-01) | 1.19e+02 |  9:5.9e-03  3:6.2e-02
  136 ,   3401 : 1.9897952092615e+01 +(2e-01,2e+00) | 1.20e+02 |  9:5.2e-03  3:5.6e-02
  137 ,   3426 : 1.9886129730243e+01 +(1e-01,7e-01) | 1.21e+02 |  9:4.6e-03  3:5.0e-02
  138 ,   3451 : 1.9876331310599e+01 +(1e-01,8e-01) | 1.22e+02 |  9:4.3e-03  3:4.8e-02
  139 ,   3476 : 1.9892151294575e+01 +(1e-01,5e-01) | 1.20e+02 |  9:4.0e-03  3:4.4e-02
Iterat, #Fevals:   Function Value    (median,worst) |Axis Ratio|idx:Min SD idx:Max SD
  140 ,   3501 : 1.9882038437568e+01 +(6e-02,4e-01) | 1.19e+02 |  9:3.7e-03  3:4.1e-02
  141 ,   3526 : 1.9881373768749e+01 +(7e-02,2e-01) | 1.20e+02 |  9:3.6e-03  3:4.0e-02
  142 ,   3551 : 1.9865219572062e+01 +(1e-01,3e-01) | 1.20e+02 |  9:3.5e-03  3:3.9e-02
  143 ,   3576 : 1.9897425483046e+01 +(4e-02,2e-01) | 1.24e+02 |  9:3.9e-03  3:4.4e-02
  144 ,   3601 : 1.9893902362147e+01 +(3e-02,8e-01) | 1.25e+02 |  9:4.1e-03  3:4.7e-02
  145 ,   3626 : 1.9876145096849e+01 +(6e-02,5e-01) | 1.31e+02 |  9:3.5e-03  3:4.2e-02
  146 ,   3651 : 1.9894011455109e+01 +(5e-02,2e-01) | 1.30e+02 |  9:3.1e-03  3:3.6e-02
  147 ,   3676 : 1.9902672087273e+01 +(3e-02,1e-01) | 1.31e+02 |  9:2.7e-03  3:3.3e-02
  148 ,   3701 : 1.9886777558728e+01 +(5e-02,4e-01) | 1.36e+02 |  9:2.7e-03  3:3.3e-02
  149 ,   3726 : 1.9892000762721e+01 +(3e-02,1e-01) | 1.37e+02 |  9:2.4e-03  3:3.1e-02
Iterat, #Fevals:   Function Value    (median,worst) |Axis Ratio|idx:Min SD idx:Max SD
  150 ,   3751 : 1.9892409943797e+01 +(4e-02,3e-01) | 1.37e+02 |  9:2.2e-03  3:2.8e-02
  151 ,   3776 : 1.9887553292412e+01 +(5e-02,1e-01) | 1.37e+02 |  9:2.2e-03  3:2.9e-02
  152 ,   3801 : 1.9859067030328e+01 +(8e-02,2e-01) | 1.39e+02 |  9:1.9e-03  3:2.5e-02
  153 ,   3826 : 1.9852903260532e+01 +(7e-02,1e-01) | 1.37e+02 |  9:2.0e-03  3:2.5e-02
  154 ,   3851 : 1.9871995814188e+01 +(4e-02,2e-01) | 1.34e+02 |  9:2.0e-03  3:2.5e-02
  155 ,   3876 : 1.9874250576464e+01 +(3e-02,1e-01) | 1.38e+02 |  9:1.8e-03  3:2.4e-02
  156 ,   3901 : 1.9869323624010e+01 +(5e-02,2e-01) | 1.36e+02 |  9:1.6e-03  3:2.1e-02
  157 ,   3926 : 1.9879979810032e+01 +(2e-02,9e-02) | 1.36e+02 |  9:1.4e-03  3:1.9e-02
  158 ,   3951 : 1.9867430631430e+01 +(5e-02,1e-01) | 1.37e+02 |  9:1.4e-03  3:1.8e-02
  159 ,   3976 : 1.9863462957156e+01 +(5e-02,1e-01) | 1.39e+02 |  9:1.1e-03  3:1.5e-02
Iterat, #Fevals:   Function Value    (median,worst) |Axis Ratio|idx:Min SD idx:Max SD
  160 ,   4001 : 1.9879173538174e+01 +(3e-02,8e-02) | 1.46e+02 |  9:1.0e-03  3:1.4e-02
  161 ,   4026 : 1.9871346720886e+01 +(4e-02,7e-02) | 1.52e+02 |  9:1.1e-03  3:1.5e-02
  162 ,   4051 : 1.9847674065910e+01 +(6e-02,8e-02) | 1.55e+02 |  9:1.0e-03  3:1.4e-02
  163 ,   4076 : 1.9871454737210e+01 +(4e-02,9e-02) | 1.54e+02 |  9:1.1e-03  3:1.5e-02
  164 ,   4101 : 1.9862136510537e+01 +(3e-02,9e-02) | 1.55e+02 |  9:9.7e-04  3:1.4e-02
  165 ,   4126 : 1.9861271453662e+01 +(4e-02,9e-02) | 1.59e+02 |  9:9.9e-04  3:1.4e-02
  166 ,   4151 : 1.9865267071092e+01 +(4e-02,8e-02) | 1.61e+02 |  9:8.7e-04  3:1.2e-02
  167 ,   4176 : 1.9859675689236e+01 +(4e-02,7e-02) | 1.60e+02 |  9:7.4e-04  3:1.1e-02
  168 ,   4201 : 1.9882717665156e+01 +(3e-02,5e-02) | 1.60e+02 |  9:6.9e-04  3:9.8e-03
  169 ,   4226 : 1.9869315590013e+01 +(4e-02,7e-02) | 1.60e+02 |  9:7.0e-04  3:9.6e-03
Iterat, #Fevals:   Function Value    (median,worst) |Axis Ratio|idx:Min SD idx:Max SD
  170 ,   4251 : 1.9859665104874e+01 +(5e-02,8e-02) | 1.61e+02 |  9:6.2e-04  3:8.4e-03
  171 ,   4276 : 1.9860291537338e+01 +(4e-02,7e-02) | 1.58e+02 |  9:5.8e-04  3:7.9e-03
  172 ,   4301 : 1.9870815071820e+01 +(4e-02,8e-02) | 1.62e+02 |  9:5.1e-04  3:6.9e-03
  173 ,   4326 : 1.9870980652293e+01 +(4e-02,7e-02) | 1.55e+02 |  9:4.8e-04  3:6.4e-03
  174 ,   4351 : 1.9878626516636e+01 +(2e-02,5e-02) | 1.48e+02 |  9:5.5e-04  3:7.6e-03
  175 ,   4376 : 1.9876464541166e+01 +(3e-02,7e-02) | 1.46e+02 |  9:5.8e-04  3:7.7e-03
  176 ,   4401 : 1.9849973552225e+01 +(5e-02,8e-02) | 1.47e+02 |  9:6.2e-04  3:8.4e-03
  177 ,   4426 : 1.9849163358722e+01 +(5e-02,9e-02) | 1.47e+02 |  9:5.6e-04  3:7.7e-03
  178 ,   4451 : 1.9854438052503e+01 +(5e-02,7e-02) | 1.44e+02 |  9:5.8e-04  3:8.2e-03
  179 ,   4476 : 1.9848709109821e+01 +(5e-02,9e-02) | 1.50e+02 |  9:6.0e-04  3:8.8e-03
Iterat, #Fevals:   Function Value    (median,worst) |Axis Ratio|idx:Min SD idx:Max SD
  180 ,   4501 : 1.9856096492266e+01 +(4e-02,7e-02) | 1.57e+02 |  9:6.6e-04  3:9.9e-03
  181 ,   4526 : 1.9858966857525e+01 +(3e-02,8e-02) | 1.57e+02 |  9:6.2e-04  3:9.3e-03
  182 ,   4551 : 1.9845881161075e+01 +(5e-02,9e-02) | 1.51e+02 |  9:6.7e-04  3:9.7e-03
  183 ,   4576 : 1.9853203000798e+01 +(5e-02,6e-02) | 1.56e+02 |  9:6.3e-04  3:9.4e-03
  184 ,   4601 : 1.9862559648431e+01 +(4e-02,7e-02) | 1.55e+02 |  9:6.1e-04  3:8.4e-03
  185 ,   4626 : 1.9847872672999e+01 +(6e-02,9e-02) | 1.66e+02 |  9:6.3e-04  3:9.0e-03
  186 ,   4651 : 1.9846618767444e+01 +(5e-02,8e-02) | 1.62e+02 |  9:6.0e-04  3:8.5e-03
  187 ,   4676 : 1.9867671446782e+01 +(3e-02,7e-02) | 1.64e+02 |  9:5.4e-04  3:7.6e-03
  188 ,   4701 : 1.9865216382412e+01 +(3e-02,8e-02) | 1.75e+02 |  9:4.8e-04  3:7.2e-03
  189 ,   4726 : 1.9862465179843e+01 +(4e-02,8e-02) | 1.85e+02 |  9:4.6e-04  3:7.2e-03
Iterat, #Fevals:   Function Value    (median,worst) |Axis Ratio|idx:Min SD idx:Max SD
  190 ,   4751 : 1.9855772101979e+01 +(4e-02,9e-02) | 1.89e+02 |  9:4.7e-04  3:7.1e-03
  191 ,   4776 : 1.9849341894558e+01 +(5e-02,9e-02) | 1.82e+02 |  9:4.7e-04  3:7.1e-03
  192 ,   4801 : 1.9845285755769e+01 +(6e-02,9e-02) | 1.71e+02 |  9:4.1e-04  3:6.2e-03
  193 ,   4826 : 1.9860863398250e+01 +(4e-02,7e-02) | 1.69e+02 |  9:4.1e-04  3:6.0e-03
  194 ,   4851 : 1.9879583196612e+01 +(3e-02,5e-02) | 1.64e+02 |  9:3.8e-04  3:5.4e-03
  195 ,   4876 : 1.9856227593381e+01 +(5e-02,9e-02) | 1.57e+02 |  9:4.2e-04  3:5.8e-03
  196 ,   4901 : 1.9857334406035e+01 +(5e-02,9e-02) | 1.59e+02 |  9:4.1e-04  3:5.7e-03
  197 ,   4926 : 1.9846331360530e+01 +(6e-02,1e-01) | 1.60e+02 |  9:3.9e-04  3:5.3e-03
  198 ,   4951 : 1.9858384114668e+01 +(4e-02,8e-02) | 1.57e+02 |  9:3.4e-04  3:4.5e-03
  199 ,   4976 : 1.9869763536284e+01 +(4e-02,9e-02) | 1.55e+02 |  9:3.3e-04  3:4.3e-03
Iterat, #Fevals:   Function Value    (median,worst) |Axis Ratio|idx:Min SD idx:Max SD
  200 ,   5001 : 1.9854388941518e+01 +(4e-02,8e-02) | 1.53e+02 |  9:3.1e-04  3:3.9e-03
  201 ,   5026 : 1.9875002912088e+01 +(2e-02,6e-02) | 1.52e+02 |  9:3.0e-04  3:3.7e-03
  202 ,   5051 : 1.9873929221230e+01 +(3e-02,6e-02) | 1.47e+02 |  9:3.1e-04  3:3.6e-03
  203 ,   5076 : 1.9861672194004e+01 +(4e-02,7e-02) | 1.44e+02 |  9:3.1e-04  3:3.7e-03
  204 ,   5101 : 1.9855068965574e+01 +(5e-02,7e-02) | 1.47e+02 |  9:3.1e-04  3:4.0e-03
  205 ,   5126 : 1.9839008945799e+01 +(6e-02,1e-01) | 1.46e+02 |  9:3.2e-04  3:3.8e-03
  206 ,   5151 : 1.9863336101902e+01 +(4e-02,9e-02) | 1.57e+02 |  9:3.1e-04  3:3.7e-03
  207 ,   5176 : 1.9838114199632e+01 +(6e-02,9e-02) | 1.60e+02 |  9:3.1e-04  3:3.4e-03
  208 ,   5201 : 1.9840594065526e+01 +(6e-02,1e-01) | 1.60e+02 |  9:3.0e-04  3:3.3e-03
  209 ,   5226 : 1.9860637182214e+01 +(4e-02,8e-02) | 1.57e+02 |  9:3.0e-04  3:3.2e-03
Iterat, #Fevals:   Function Value    (median,worst) |Axis Ratio|idx:Min SD idx:Max SD
  210 ,   5251 : 1.9855498521156e+01 +(4e-02,8e-02) | 1.57e+02 |  9:2.5e-04  3:2.7e-03
  211 ,   5276 : 1.9850394297731e+01 +(6e-02,9e-02) | 1.61e+02 |  9:2.6e-04  3:2.7e-03
  212 ,   5301 : 1.9864435652119e+01 +(4e-02,9e-02) | 1.62e+02 |  9:2.5e-04  3:2.6e-03
  213 ,   5326 : 1.9861414207312e+01 +(4e-02,7e-02) | 1.65e+02 |  9:2.5e-04  3:2.7e-03
  214 ,   5351 : 1.9841065514927e+01 +(5e-02,8e-02) | 1.59e+02 |  9:2.5e-04  3:2.8e-03
  215 ,   5376 : 1.9848066462578e+01 +(5e-02,9e-02) | 1.57e+02 |  9:2.3e-04  3:2.5e-03
  216 ,   5401 : 1.9855447524927e+01 +(4e-02,9e-02) | 1.57e+02 |  9:2.5e-04  3:2.6e-03
  217 ,   5426 : 1.9853880369499e+01 +(5e-02,9e-02) | 1.55e+02 |  9:2.5e-04  3:2.7e-03
  218 ,   5451 : 1.9838296419075e+01 +(6e-02,1e-01) | 1.63e+02 |  9:2.4e-04  3:2.4e-03
  219 ,   5476 : 1.9861031959442e+01 +(5e-02,7e-02) | 1.66e+02 |  9:2.2e-04  3:2.3e-03
Iterat, #Fevals:   Function Value    (median,worst) |Axis Ratio|idx:Min SD idx:Max SD
  220 ,   5501 : 1.9847872372361e+01 +(6e-02,1e-01) | 1.59e+02 |  9:2.2e-04  3:2.2e-03
  221 ,   5526 : 1.9865010905201e+01 +(3e-02,8e-02) | 1.66e+02 |  9:2.1e-04  3:2.3e-03
  222 ,   5551 : 1.9855594946659e+01 +(4e-02,7e-02) | 1.64e+02 |  9:2.0e-04  3:2.1e-03
  223 ,   5576 : 1.9847924676834e+01 +(4e-02,9e-02) | 1.69e+02 |  9:1.7e-04  3:1.8e-03
  224 ,   5601 : 1.9838067731125e+01 +(6e-02,9e-02) | 1.61e+02 |  9:1.7e-04  3:1.7e-03
  225 ,   5626 : 1.9853970160448e+01 +(4e-02,7e-02) | 1.62e+02 |  9:1.7e-04  3:1.6e-03
  226 ,   5651 : 1.9856593586811e+01 +(4e-02,7e-02) | 1.55e+02 |  9:1.7e-04  3:1.7e-03
  227 ,   5676 : 1.9854161576781e+01 +(4e-02,8e-02) | 1.51e+02 |  9:1.7e-04  3:1.6e-03
  228 ,   5701 : 1.9859962930774e+01 +(4e-02,8e-02) | 1.65e+02 |  9:1.5e-04  3:1.5e-03
  229 ,   5726 : 1.9852979882582e+01 +(4e-02,9e-02) | 1.53e+02 |  9:1.9e-04  3:1.7e-03
Iterat, #Fevals:   Function Value    (median,worst) |Axis Ratio|idx:Min SD idx:Max SD
  230 ,   5751 : 1.9856999743067e+01 +(4e-02,8e-02) | 1.47e+02 |  9:1.8e-04  3:1.6e-03
  231 ,   5776 : 1.9840379361716e+01 +(6e-02,9e-02) | 1.56e+02 |  9:1.8e-04  3:1.7e-03
  232 ,   5801 : 1.9867990969720e+01 +(3e-02,7e-02) | 1.51e+02 |  9:1.9e-04  3:1.7e-03
  233 ,   5826 : 1.9854526837836e+01 +(6e-02,8e-02) | 1.57e+02 |  9:2.4e-04  3:2.1e-03
  234 ,   5851 : 1.9871158658296e+01 +(3e-02,7e-02) | 1.53e+02 |  9:2.1e-04  3:1.9e-03
  235 ,   5876 : 1.9849655676586e+01 +(5e-02,1e-01) | 1.58e+02 |  9:2.0e-04  3:1.8e-03
  236 ,   5901 : 1.9848601824862e+01 +(5e-02,9e-02) | 1.60e+02 |  9:1.6e-04  3:1.5e-03
  237 ,   5926 : 1.9865360521499e+01 +(3e-02,6e-02) | 1.60e+02 |  9:1.4e-04  3:1.3e-03
  238 ,   5951 : 1.9860781099661e+01 +(4e-02,7e-02) | 1.58e+02 |  9:1.3e-04  3:1.2e-03
  239 ,   5976 : 1.9848542725019e+01 +(5e-02,8e-02) | 1.60e+02 |  9:1.2e-04  3:1.1e-03
Iterat, #Fevals:   Function Value    (median,worst) |Axis Ratio|idx:Min SD idx:Max SD
  240 ,   6001 : 1.9838232299143e+01 +(5e-02,1e-01) | 1.58e+02 |  9:1.2e-04  3:1.1e-03
  241 ,   6026 : 1.9866062970427e+01 +(3e-02,7e-02) | 1.61e+02 |  9:1.1e-04  3:9.8e-04
  242 ,   6051 : 1.9852018870941e+01 +(5e-02,1e-01) | 1.61e+02 |  9:1.3e-04  3:1.1e-03
  243 ,   6076 : 1.9864480771476e+01 +(4e-02,8e-02) | 1.59e+02 |  9:1.3e-04  3:1.1e-03
  244 ,   6101 : 1.9863757935909e+01 +(4e-02,8e-02) | 1.57e+02 |  9:1.1e-04  3:9.6e-04
  245 ,   6126 : 1.9856963692898e+01 +(4e-02,9e-02) | 1.68e+02 |  9:9.9e-05  3:9.1e-04
  246 ,   6151 : 1.9860001160858e+01 +(4e-02,7e-02) | 1.77e+02 |  9:9.0e-05  3:8.6e-04
  247 ,   6176 : 1.9859454415059e+01 +(4e-02,9e-02) | 1.74e+02 |  9:1.0e-04  3:9.2e-04
  248 ,   6201 : 1.9865182288948e+01 +(2e-02,7e-02) | 1.80e+02 |  9:1.1e-04  3:9.5e-04
  249 ,   6226 : 1.9853715580111e+01 +(4e-02,8e-02) | 1.77e+02 |  9:1.5e-04  3:1.2e-03
Iterat, #Fevals:   Function Value    (median,worst) |Axis Ratio|idx:Min SD idx:Max SD
  250 ,   6251 : 1.9842714076076e+01 +(5e-02,9e-02) | 1.79e+02 |  9:1.4e-04  3:1.1e-03
  251 ,   6276 : 1.9846558116993e+01 +(5e-02,9e-02) | 1.81e+02 |  9:1.4e-04  3:1.1e-03
  252 ,   6301 : 1.9869431108269e+01 +(3e-02,6e-02) | 1.81e+02 |  9:1.4e-04  3:1.1e-03
  253 ,   6326 : 1.9858920917857e+01 +(4e-02,8e-02) | 1.79e+02 |  9:1.4e-04  3:1.0e-03
  254 ,   6351 : 1.9842486123390e+01 +(6e-02,8e-02) | 1.80e+02 |  9:1.3e-04  3:9.6e-04
  255 ,   6376 : 1.9850496681781e+01 +(5e-02,8e-02) | 1.88e+02 |  9:1.3e-04  3:9.8e-04
  256 ,   6401 : 1.9854758626964e+01 +(5e-02,8e-02) | 1.82e+02 |  9:1.3e-04  3:9.3e-04
  257 ,   6426 : 1.9861620498300e+01 +(3e-02,7e-02) | 1.75e+02 |  9:1.2e-04  3:8.9e-04
  258 ,   6451 : 1.9847530221998e+01 +(4e-02,9e-02) | 1.66e+02 |  9:1.0e-04  3:7.6e-04
  259 ,   6476 : 1.9861667592657e+01 +(3e-02,6e-02) | 1.64e+02 |  9:1.0e-04  3:7.9e-04
Iterat, #Fevals:   Function Value    (median,worst) |Axis Ratio|idx:Min SD idx:Max SD
  260 ,   6501 : 1.9855616856193e+01 +(5e-02,7e-02) | 1.66e+02 |  9:8.9e-05  3:6.9e-04
  261 ,   6526 : 1.9839763831661e+01 +(6e-02,9e-02) | 1.69e+02 |  9:8.3e-05  3:6.7e-04
  262 ,   6551 : 1.9839709854433e+01 +(6e-02,1e-01) | 1.72e+02 |  9:8.3e-05  3:7.0e-04
  263 ,   6576 : 1.9865923335782e+01 +(3e-02,7e-02) | 1.85e+02 |  9:8.2e-05  3:7.3e-04
  264 ,   6601 : 1.9860019461383e+01 +(4e-02,6e-02) | 1.82e+02 |  9:8.0e-05  3:7.5e-04
  265 ,   6626 : 1.9865328671451e+01 +(4e-02,8e-02) | 1.79e+02 |  9:8.4e-05  3:7.8e-04
  266 ,   6651 : 1.9852534171406e+01 +(4e-02,8e-02) | 1.82e+02 |  9:7.9e-05  3:7.4e-04
  267 ,   6676 : 1.9857169381789e+01 +(4e-02,8e-02) | 1.93e+02 |  9:7.2e-05  3:7.4e-04
  268 ,   6701 : 1.9867462624509e+01 +(3e-02,6e-02) | 2.03e+02 |  9:8.1e-05  3:8.3e-04
  269 ,   6726 : 1.9843575197868e+01 +(5e-02,9e-02) | 1.97e+02 |  9:8.2e-05  3:8.3e-04
Iterat, #Fevals:   Function Value    (median,worst) |Axis Ratio|idx:Min SD idx:Max SD
  270 ,   6751 : 1.9852287927246e+01 +(4e-02,9e-02) | 2.02e+02 |  9:8.8e-05  3:8.7e-04
  271 ,   6776 : 1.9859815047348e+01 +(3e-02,7e-02) | 1.99e+02 |  9:9.3e-05  3:8.9e-04
  272 ,   6801 : 1.9854825814844e+01 +(4e-02,7e-02) | 2.10e+02 |  9:8.6e-05  3:8.3e-04
  273 ,   6826 : 1.9858849714893e+01 +(3e-02,6e-02) | 2.15e+02 |  9:8.1e-05  3:7.8e-04
  274 ,   6851 : 1.9858079603979e+01 +(4e-02,8e-02) | 2.18e+02 |  9:7.4e-05  3:6.9e-04
  275 ,   6876 : 1.9854581891931e+01 +(4e-02,1e-01) | 2.18e+02 |  9:7.5e-05  3:6.6e-04
  276 ,   6901 : 1.9848650112178e+01 +(5e-02,8e-02) | 2.24e+02 |  9:6.5e-05  3:5.7e-04
  277 ,   6926 : 1.9846821356735e+01 +(5e-02,1e-01) | 2.22e+02 |  9:5.6e-05  3:4.8e-04
  278 ,   6951 : 1.9837992477597e+01 +(6e-02,1e-01) | 2.10e+02 |  9:5.1e-05  3:4.3e-04
  279 ,   6976 : 1.9855495329378e+01 +(3e-02,7e-02) | 2.13e+02 |  9:5.0e-05  3:4.1e-04
Iterat, #Fevals:   Function Value    (median,worst) |Axis Ratio|idx:Min SD idx:Max SD
  280 ,   7001 : 1.9844895163930e+01 +(5e-02,8e-02) | 2.15e+02 |  9:4.6e-05  3:3.8e-04
  281 ,   7026 : 1.9858154043742e+01 +(3e-02,6e-02) | 2.12e+02 |  9:4.5e-05  3:3.8e-04
  282 ,   7051 : 1.9860886293674e+01 +(3e-02,7e-02) | 2.08e+02 |  9:6.3e-05  3:4.9e-04
  283 ,   7076 : 1.9847569328645e+01 +(4e-02,8e-02) | 2.04e+02 |  9:6.7e-05  3:5.4e-04
  284 ,   7101 : 1.9851679395730e+01 +(5e-02,8e-02) | 2.05e+02 |  9:6.8e-05  3:5.4e-04
  285 ,   7126 : 1.9839088584020e+01 +(6e-02,1e-01) | 2.09e+02 |  9:6.7e-05  3:5.4e-04
  286 ,   7151 : 1.9856182344866e+01 +(4e-02,8e-02) | 2.20e+02 |  9:5.5e-05  3:4.9e-04
  287 ,   7176 : 1.9841529815677e+01 +(4e-02,1e-01) | 2.22e+02 |  9:5.8e-05  3:5.2e-04
  288 ,   7201 : 1.9862995041144e+01 +(4e-02,7e-02) | 2.25e+02 |  9:6.2e-05  3:5.4e-04
  289 ,   7226 : 1.9857059818677e+01 +(4e-02,8e-02) | 2.43e+02 |  9:6.1e-05  3:5.6e-04
Iterat, #Fevals:   Function Value    (median,worst) |Axis Ratio|idx:Min SD idx:Max SD
  290 ,   7251 : 1.9851729281451e+01 +(4e-02,9e-02) | 2.41e+02 |  9:5.8e-05  3:5.3e-04
  291 ,   7276 : 1.9868393947282e+01 +(3e-02,6e-02) | 2.23e+02 |  9:6.3e-05  3:5.5e-04
  292 ,   7301 : 1.9853426927367e+01 +(4e-02,8e-02) | 2.23e+02 |  9:5.8e-05  3:5.1e-04
  293 ,   7326 : 1.9855630225955e+01 +(4e-02,8e-02) | 2.28e+02 |  9:6.1e-05  3:5.3e-04
  294 ,   7351 : 1.9857793627556e+01 +(4e-02,6e-02) | 2.26e+02 |  9:6.5e-05  3:5.7e-04
  295 ,   7376 : 1.9849521991238e+01 +(5e-02,1e-01) | 2.27e+02 |  9:6.6e-05  3:5.5e-04
  296 ,   7401 : 1.9848787382958e+01 +(4e-02,8e-02) | 2.34e+02 |  9:5.9e-05  3:5.0e-04
  297 ,   7426 : 1.9848020465266e+01 +(4e-02,9e-02) | 2.41e+02 |  9:5.9e-05  3:5.0e-04
  298 ,   7451 : 1.9851609231009e+01 +(4e-02,8e-02) | 2.55e+02 |  9:5.7e-05  3:4.9e-04
  299 ,   7476 : 1.9861920424087e+01 +(4e-02,8e-02) | 2.60e+02 |  9:5.5e-05  3:4.8e-04
Iterat, #Fevals:   Function Value    (median,worst) |Axis Ratio|idx:Min SD idx:Max SD
  300 ,   7501 : 1.9845237146952e+01 +(5e-02,9e-02) | 2.61e+02 |  9:5.6e-05  3:4.7e-04
  301 ,   7526 : 1.9872333644614e+01 +(3e-02,7e-02) | 2.60e+02 |  9:5.3e-05  3:4.4e-04
  302 ,   7551 : 1.9861386295043e+01 +(3e-02,8e-02) | 2.46e+02 |  9:4.9e-05  3:4.0e-04
  303 ,   7576 : 1.9859467134772e+01 +(2e-02,9e-02) | 2.59e+02 |  9:4.8e-05  3:3.9e-04
  304 ,   7601 : 1.9838973334503e+01 +(6e-02,1e-01) | 2.56e+02 |  9:5.0e-05  3:4.0e-04
  305 ,   7626 : 1.9851954365317e+01 +(5e-02,8e-02) | 2.51e+02 |  9:4.9e-05  3:3.8e-04
  306 ,   7651 : 1.9852388772861e+01 +(5e-02,9e-02) | 2.41e+02 |  9:5.6e-05  3:4.2e-04
  307 ,   7676 : 1.9865029602928e+01 +(4e-02,7e-02) | 2.43e+02 |  9:5.6e-05  3:4.0e-04
  308 ,   7701 : 1.9843155387756e+01 +(5e-02,9e-02) | 2.47e+02 |  9:6.2e-05  3:4.6e-04
  309 ,   7726 : 1.9857234192140e+01 +(4e-02,7e-02) | 2.54e+02 |  9:6.5e-05  3:4.8e-04
Iterat, #Fevals:   Function Value    (median,worst) |Axis Ratio|idx:Min SD idx:Max SD
  310 ,   7751 : 1.9855091298669e+01 +(4e-02,8e-02) | 2.47e+02 |  9:6.0e-05  3:4.5e-04
  311 ,   7776 : 1.9847744321980e+01 +(5e-02,9e-02) | 2.59e+02 |  9:5.8e-05  3:4.5e-04
  312 ,   7801 : 1.9838396360130e+01 +(6e-02,1e-01) | 2.61e+02 |  9:5.6e-05  3:4.3e-04
  313 ,   7826 : 1.9862848418173e+01 +(3e-02,8e-02) | 2.72e+02 |  9:5.4e-05  3:4.4e-04
  314 ,   7851 : 1.9861661076475e+01 +(5e-02,8e-02) | 2.84e+02 |  9:4.4e-05  3:3.6e-04
  315 ,   7876 : 1.9853018295897e+01 +(4e-02,6e-02) | 2.77e+02 |  9:4.5e-05  3:3.6e-04
  316 ,   7901 : 1.9865448404415e+01 +(3e-02,6e-02) | 2.79e+02 |  9:4.2e-05  3:3.4e-04
  317 ,   7926 : 1.9839445306104e+01 +(6e-02,9e-02) | 3.00e+02 |  9:4.6e-05  3:3.7e-04
  318 ,   7951 : 1.9838351721910e+01 +(7e-02,1e-01) | 3.07e+02 |  9:4.2e-05  3:3.4e-04
  319 ,   7976 : 1.9846626536478e+01 +(5e-02,8e-02) | 3.12e+02 |  9:4.2e-05  3:3.5e-04
Iterat, #Fevals:   Function Value    (median,worst) |Axis Ratio|idx:Min SD idx:Max SD
  320 ,   8001 : 1.9859478952546e+01 +(4e-02,7e-02) | 3.09e+02 |  9:4.8e-05  3:3.7e-04
  321 ,   8026 : 1.9852341742154e+01 +(4e-02,7e-02) | 3.15e+02 |  9:4.9e-05  3:4.0e-04
  322 ,   8051 : 1.9838474726408e+01 +(5e-02,9e-02) | 3.12e+02 |  9:5.4e-05  3:4.1e-04
  323 ,   8076 : 1.9854811564557e+01 +(4e-02,9e-02) | 3.13e+02 |  9:5.4e-05  3:4.0e-04
  324 ,   8101 : 1.9853050422318e+01 +(5e-02,8e-02) | 3.38e+02 |  9:5.6e-05  3:4.3e-04
  325 ,   8126 : 1.9856293196529e+01 +(4e-02,8e-02) | 3.22e+02 |  9:5.6e-05  3:4.3e-04
  326 ,   8151 : 1.9847415795293e+01 +(6e-02,9e-02) | 3.24e+02 |  9:6.1e-05  3:4.1e-04
  327 ,   8176 : 1.9847768039838e+01 +(5e-02,9e-02) | 3.08e+02 |  9:5.7e-05  3:3.8e-04
  328 ,   8201 : 1.9861732278780e+01 +(4e-02,7e-02) | 3.08e+02 |  9:6.1e-05  3:4.1e-04
  329 ,   8226 : 1.9859116488616e+01 +(3e-02,6e-02) | 2.97e+02 |  9:7.0e-05  3:4.3e-04
Iterat, #Fevals:   Function Value    (median,worst) |Axis Ratio|idx:Min SD idx:Max SD
  330 ,   8251 : 1.9869218136452e+01 +(3e-02,6e-02) | 2.97e+02 |  9:7.1e-05  3:4.1e-04
  331 ,   8276 : 1.9867438312272e+01 +(3e-02,7e-02) | 2.91e+02 |  9:7.0e-05  3:4.0e-04
  332 ,   8301 : 1.9853834326212e+01 +(5e-02,8e-02) | 2.83e+02 |  9:7.4e-05  3:4.0e-04
  333 ,   8326 : 1.9868908941907e+01 +(3e-02,6e-02) | 2.73e+02 |  9:6.8e-05  3:3.7e-04
  334 ,   8351 : 1.9849085312523e+01 +(5e-02,8e-02) | 2.86e+02 |  9:6.3e-05  3:3.5e-04
  335 ,   8376 : 1.9849661964495e+01 +(5e-02,9e-02) | 2.93e+02 |  9:6.5e-05  3:3.5e-04
  336 ,   8401 : 1.9863517062138e+01 +(4e-02,7e-02) | 2.87e+02 |  9:6.3e-05  3:3.4e-04
  337 ,   8426 : 1.9864273075869e+01 +(3e-02,8e-02) | 2.88e+02 |  9:6.3e-05  3:3.3e-04
  338 ,   8451 : 1.9847807081718e+01 +(5e-02,7e-02) | 2.75e+02 |  5:6.2e-05  3:3.2e-04
  339 ,   8476 : 1.9857857739723e+01 +(4e-02,7e-02) | 2.74e+02 |  5:6.3e-05  3:3.1e-04
Iterat, #Fevals:   Function Value    (median,worst) |Axis Ratio|idx:Min SD idx:Max SD
  340 ,   8501 : 1.9852905402640e+01 +(4e-02,8e-02) | 2.53e+02 |  9:6.7e-05  3:3.2e-04
  341 ,   8526 : 1.9859303977453e+01 +(4e-02,7e-02) | 2.53e+02 |  9:6.7e-05  3:3.2e-04
  342 ,   8551 : 1.9856135401242e+01 +(4e-02,8e-02) | 2.48e+02 |  5:7.3e-05  3:3.4e-04
  343 ,   8576 : 1.9854921881413e+01 +(4e-02,8e-02) | 2.54e+02 |  2:6.8e-05  3:3.2e-04
  344 ,   8601 : 1.9861376622016e+01 +(4e-02,6e-02) | 2.51e+02 |  5:6.5e-05  3:3.0e-04
  345 ,   8626 : 1.9839569350537e+01 +(4e-02,9e-02) | 2.56e+02 |  5:6.1e-05  3:2.8e-04
  346 ,   8651 : 1.9860186273140e+01 +(4e-02,7e-02) | 2.55e+02 |  5:5.6e-05  3:2.6e-04
  347 ,   8676 : 1.9848216119357e+01 +(4e-02,9e-02) | 2.49e+02 |  5:4.8e-05  3:2.2e-04
  348 ,   8701 : 1.9846427594616e+01 +(5e-02,9e-02) | 2.57e+02 |  5:5.9e-05  3:2.5e-04
  349 ,   8726 : 1.9855026169605e+01 +(3e-02,8e-02) | 2.50e+02 |  5:6.3e-05  3:2.7e-04
Iterat, #Fevals:   Function Value    (median,worst) |Axis Ratio|idx:Min SD idx:Max SD
  350 ,   8751 : 1.9866409027308e+01 +(3e-02,7e-02) | 2.51e+02 |  5:5.7e-05  3:2.5e-04
  351 ,   8776 : 1.9838592741516e+01 +(6e-02,1e-01) | 2.48e+02 |  5:5.2e-05  3:2.3e-04
  352 ,   8801 : 1.9854462489317e+01 +(4e-02,8e-02) | 2.50e+02 |  5:5.3e-05  3:2.4e-04
  353 ,   8826 : 1.9838505403836e+01 +(5e-02,8e-02) | 2.45e+02 |  5:5.7e-05  3:2.5e-04
  354 ,   8851 : 1.9844672542029e+01 +(6e-02,9e-02) | 2.36e+02 |  5:5.5e-05  3:2.3e-04
  355 ,   8876 : 1.9844627227312e+01 +(6e-02,9e-02) | 2.44e+02 |  5:5.7e-05  3:2.4e-04
  356 ,   8901 : 1.9861015483145e+01 +(4e-02,9e-02) | 2.52e+02 |  5:6.2e-05  3:2.8e-04
  357 ,   8926 : 1.9858593924492e+01 +(3e-02,7e-02) | 2.54e+02 |  5:5.8e-05  3:2.6e-04
  358 ,   8951 : 1.9869737205309e+01 +(3e-02,7e-02) | 2.66e+02 |  5:6.4e-05  3:2.8e-04
  359 ,   8976 : 1.9852846501674e+01 +(4e-02,9e-02) | 2.66e+02 |  5:5.7e-05  3:2.5e-04
Iterat, #Fevals:   Function Value    (median,worst) |Axis Ratio|idx:Min SD idx:Max SD
  360 ,   9001 : 1.9849675926570e+01 +(4e-02,9e-02) | 2.67e+02 |  5:5.0e-05  3:2.2e-04
  361 ,   9026 : 1.9845295349141e+01 +(6e-02,1e-01) | 2.59e+02 |  5:4.5e-05  3:2.0e-04
  362 ,   9051 : 1.9837406052191e+01 +(6e-02,8e-02) | 2.66e+02 |  5:4.6e-05  3:2.0e-04
  363 ,   9076 : 1.9843375701372e+01 +(5e-02,9e-02) | 2.73e+02 |  5:5.0e-05  3:2.1e-04
  364 ,   9101 : 1.9850867643716e+01 +(5e-02,8e-02) | 2.99e+02 |  5:4.9e-05  3:2.3e-04
  365 ,   9126 : 1.9856669836421e+01 +(3e-02,6e-02) | 3.13e+02 |  5:5.2e-05  3:2.5e-04
  366 ,   9151 : 1.9838335440422e+01 +(6e-02,9e-02) | 3.24e+02 |  5:5.6e-05  3:2.5e-04
  367 ,   9176 : 1.9863791342717e+01 +(3e-02,7e-02) | 3.21e+02 |  5:4.5e-05  3:2.0e-04
  368 ,   9201 : 1.9855233720243e+01 +(3e-02,7e-02) | 3.16e+02 |  5:4.3e-05  3:1.8e-04
  369 ,   9226 : 1.9848521007138e+01 +(5e-02,1e-01) | 3.25e+02 |  5:4.5e-05  3:2.0e-04
Iterat, #Fevals:   Function Value    (median,worst) |Axis Ratio|idx:Min SD idx:Max SD
  370 ,   9251 : 1.9847810137773e+01 +(5e-02,8e-02) | 3.20e+02 |  5:4.5e-05  3:2.1e-04
  371 ,   9276 : 1.9862716610663e+01 +(3e-02,7e-02) | 3.26e+02 |  5:4.3e-05  3:2.0e-04
  372 ,   9301 : 1.9855818604573e+01 +(4e-02,8e-02) | 3.15e+02 |  5:3.8e-05  3:1.8e-04
  373 ,   9326 : 1.9849568689271e+01 +(4e-02,8e-02) | 3.40e+02 |  5:4.3e-05  3:2.1e-04
  374 ,   9351 : 1.9855576332429e+01 +(5e-02,8e-02) | 3.37e+02 |  5:3.9e-05  3:1.9e-04
  375 ,   9376 : 1.9848090191038e+01 +(5e-02,9e-02) | 3.34e+02 |  5:3.6e-05  3:1.8e-04
  376 ,   9401 : 1.9837487238130e+01 +(4e-02,9e-02) | 3.40e+02 |  5:3.3e-05  3:1.6e-04
  377 ,   9426 : 1.9865459883324e+01 +(4e-02,8e-02) | 3.47e+02 |  5:3.3e-05  3:1.6e-04
  378 ,   9451 : 1.9859967925417e+01 +(3e-02,7e-02) | 3.29e+02 |  5:3.4e-05  3:1.7e-04
  379 ,   9476 : 1.9858370009224e+01 +(4e-02,8e-02) | 3.48e+02 |  2:3.2e-05  3:1.7e-04
Iterat, #Fevals:   Function Value    (median,worst) |Axis Ratio|idx:Min SD idx:Max SD
  380 ,   9501 : 1.9858212647767e+01 +(3e-02,6e-02) | 3.24e+02 |  5:3.1e-05  3:1.6e-04
  381 ,   9526 : 1.9860298251090e+01 +(3e-02,7e-02) | 3.27e+02 |  5:3.0e-05  3:1.7e-04
  382 ,   9551 : 1.9858934654941e+01 +(4e-02,7e-02) | 3.32e+02 |  5:3.0e-05  3:1.7e-04
  383 ,   9576 : 1.9867430247322e+01 +(4e-02,7e-02) | 3.38e+02 |  5:3.1e-05  3:1.8e-04
  384 ,   9601 : 1.9847753482692e+01 +(4e-02,8e-02) | 3.67e+02 |  5:3.3e-05  3:2.0e-04
  385 ,   9626 : 1.9850768643398e+01 +(4e-02,9e-02) | 3.76e+02 |  5:3.2e-05  3:2.0e-04
  386 ,   9651 : 1.9852433610782e+01 +(5e-02,8e-02) | 3.62e+02 |  5:3.2e-05  3:2.1e-04
  387 ,   9676 : 1.9836788596996e+01 +(6e-02,1e-01) | 3.58e+02 |  5:3.3e-05  3:2.3e-04
  388 ,   9701 : 1.9859234756925e+01 +(4e-02,7e-02) | 3.59e+02 |  2:3.8e-05  3:2.5e-04
  389 ,   9726 : 1.9849608210319e+01 +(4e-02,8e-02) | 3.91e+02 |  2:3.7e-05  3:2.7e-04
Iterat, #Fevals:   Function Value    (median,worst) |Axis Ratio|idx:Min SD idx:Max SD
  390 ,   9751 : 1.9862628123543e+01 +(3e-02,8e-02) | 3.93e+02 |  2:3.7e-05  3:2.7e-04
  391 ,   9776 : 1.9860463072087e+01 +(3e-02,8e-02) | 4.09e+02 |  2:3.4e-05  3:2.5e-04
  392 ,   9801 : 1.9836116340046e+01 +(6e-02,1e-01) | 4.00e+02 |  2:3.5e-05  3:2.6e-04
  393 ,   9826 : 1.9867945547486e+01 +(4e-02,8e-02) | 3.98e+02 |  2:3.8e-05  3:2.9e-04
  394 ,   9851 : 1.9841008009606e+01 +(5e-02,9e-02) | 4.00e+02 |  2:4.0e-05  3:3.0e-04
  395 ,   9876 : 1.9852405656068e+01 +(5e-02,7e-02) | 3.97e+02 |  2:4.8e-05  3:3.7e-04
  396 ,   9901 : 1.9843441333645e+01 +(6e-02,1e-01) | 4.14e+02 |  2:5.3e-05  3:4.2e-04
  397 ,   9926 : 1.9861161368267e+01 +(5e-02,8e-02) | 3.99e+02 |  2:5.7e-05  3:4.3e-04
  398 ,   9951 : 1.9849423511980e+01 +(5e-02,8e-02) | 3.83e+02 |  2:5.6e-05  3:4.2e-04
  399 ,   9976 : 1.9850450312755e+01 +(4e-02,8e-02) | 3.73e+02 |  2:6.4e-05  3:4.6e-04
Iterat, #Fevals:   Function Value    (median,worst) |Axis Ratio|idx:Min SD idx:Max SD
  400 ,  10001 : 1.9865902489609e+01 +(3e-02,8e-02) | 3.65e+02 |  2:6.2e-05  3:4.4e-04
  401 ,  10026 : 1.9840183361682e+01 +(5e-02,9e-02) | 3.62e+02 |  2:6.0e-05  3:4.3e-04
  402 ,  10051 : 1.9852882542019e+01 +(3e-02,9e-02) | 3.59e+02 |  2:6.3e-05  3:4.5e-04
  403 ,  10076 : 1.9841967483419e+01 +(5e-02,1e-01) | 3.70e+02 |  2:6.5e-05  3:4.8e-04
  404 ,  10101 : 1.9866808274713e+01 +(3e-02,8e-02) | 3.79e+02 |  2:7.0e-05  3:4.8e-04
  405 ,  10126 : 1.9861242464463e+01 +(4e-02,8e-02) | 3.79e+02 |  2:6.8e-05  3:4.6e-04
  406 ,  10151 : 1.9855358859842e+01 +(5e-02,8e-02) | 3.76e+02 |  2:6.3e-05  3:4.1e-04
  407 ,  10176 : 1.9850313484257e+01 +(4e-02,7e-02) | 4.01e+02 |  2:6.8e-05  3:4.4e-04
  408 ,  10201 : 1.9854206344235e+01 +(4e-02,9e-02) | 3.83e+02 |  2:7.3e-05  3:4.6e-04
  409 ,  10226 : 1.9849297998751e+01 +(5e-02,1e-01) | 3.91e+02 |  5:7.5e-05  3:4.8e-04
Iterat, #Fevals:   Function Value    (median,worst) |Axis Ratio|idx:Min SD idx:Max SD
  410 ,  10251 : 1.9862187587740e+01 +(3e-02,7e-02) | 3.94e+02 |  2:6.6e-05  3:4.3e-04
  411 ,  10276 : 1.9855072022279e+01 +(3e-02,7e-02) | 3.96e+02 |  2:5.9e-05  3:3.9e-04
  412 ,  10301 : 1.9854146050061e+01 +(4e-02,7e-02) | 3.93e+02 |  2:5.3e-05  3:3.6e-04
  413 ,  10326 : 1.9855174388176e+01 +(4e-02,9e-02) | 4.09e+02 |  2:5.2e-05  3:3.6e-04
  414 ,  10351 : 1.9842076091135e+01 +(5e-02,9e-02) | 4.13e+02 |  2:5.0e-05  3:3.6e-04
  415 ,  10376 : 1.9853423527725e+01 +(5e-02,8e-02) | 3.90e+02 |  2:5.1e-05  3:3.7e-04
  416 ,  10401 : 1.9856206790385e+01 +(4e-02,8e-02) | 3.81e+02 |  2:5.3e-05  3:4.0e-04
  417 ,  10426 : 1.9860044327213e+01 +(5e-02,8e-02) | 3.65e+02 |  2:5.3e-05  3:4.1e-04
  418 ,  10451 : 1.9858745070396e+01 +(3e-02,8e-02) | 3.60e+02 |  2:5.2e-05  3:4.1e-04
  419 ,  10476 : 1.9851762045372e+01 +(4e-02,6e-02) | 3.35e+02 |  2:5.1e-05  3:4.0e-04
Iterat, #Fevals:   Function Value    (median,worst) |Axis Ratio|idx:Min SD idx:Max SD
  420 ,  10501 : 1.9840736382591e+01 +(6e-02,8e-02) | 3.19e+02 |  5:5.1e-05  3:3.9e-04
  421 ,  10526 : 1.9840688141573e+01 +(6e-02,1e-01) | 3.18e+02 |  2:5.6e-05  3:4.1e-04
  422 ,  10551 : 1.9851975120181e+01 +(4e-02,9e-02) | 3.14e+02 |  5:5.9e-05  3:4.2e-04
  423 ,  10576 : 1.9851570167651e+01 +(5e-02,9e-02) | 3.22e+02 |  5:5.3e-05  3:4.0e-04
  424 ,  10601 : 1.9848862916254e+01 +(5e-02,8e-02) | 3.21e+02 |  5:5.3e-05  3:3.8e-04
  425 ,  10626 : 1.9838210105845e+01 +(6e-02,9e-02) | 3.29e+02 |  2:5.0e-05  3:3.5e-04
  426 ,  10651 : 1.9838272340518e+01 +(6e-02,9e-02) | 3.29e+02 |  2:4.6e-05  3:3.2e-04
  427 ,  10676 : 1.9852995515671e+01 +(4e-02,7e-02) | 3.56e+02 |  2:4.6e-05  3:3.4e-04
  428 ,  10701 : 1.9851009865965e+01 +(5e-02,8e-02) | 3.66e+02 |  2:4.7e-05  3:3.6e-04
  429 ,  10726 : 1.9847361158230e+01 +(5e-02,8e-02) | 3.91e+02 |  2:5.3e-05  3:3.9e-04
Iterat, #Fevals:   Function Value    (median,worst) |Axis Ratio|idx:Min SD idx:Max SD
  430 ,  10751 : 1.9838632355705e+01 +(7e-02,9e-02) | 4.28e+02 |  2:5.5e-05  3:4.5e-04
  431 ,  10776 : 1.9858027634483e+01 +(4e-02,8e-02) | 4.26e+02 |  2:4.4e-05  3:3.6e-04
  432 ,  10801 : 1.9837626937660e+01 +(6e-02,9e-02) | 4.12e+02 |  2:4.3e-05  3:3.5e-04
  433 ,  10826 : 1.9843094896907e+01 +(6e-02,9e-02) | 4.32e+02 |  5:4.6e-05  3:3.7e-04
  434 ,  10851 : 1.9846040880456e+01 +(5e-02,9e-02) | 4.17e+02 |  5:4.2e-05  3:3.3e-04
  435 ,  10876 : 1.9858766860237e+01 +(4e-02,9e-02) | 4.21e+02 |  5:4.2e-05  3:3.2e-04
  436 ,  10901 : 1.9857121009418e+01 +(4e-02,7e-02) | 3.78e+02 |  5:4.4e-05  3:3.3e-04
  437 ,  10926 : 1.9846594876965e+01 +(5e-02,8e-02) | 3.72e+02 |  5:4.0e-05  3:3.0e-04
  438 ,  10951 : 1.9861428558991e+01 +(3e-02,8e-02) | 3.69e+02 |  5:4.0e-05  3:2.9e-04
  439 ,  10976 : 1.9859733154541e+01 +(4e-02,7e-02) | 3.70e+02 |  5:4.3e-05  3:3.2e-04
Iterat, #Fevals:   Function Value    (median,worst) |Axis Ratio|idx:Min SD idx:Max SD
  440 ,  11001 : 1.9866886139929e+01 +(4e-02,7e-02) | 3.58e+02 |  5:4.1e-05  3:3.1e-04
  441 ,  11026 : 1.9860771167210e+01 +(4e-02,6e-02) | 3.67e+02 |  5:3.9e-05  3:3.0e-04
  442 ,  11051 : 1.9853455436361e+01 +(5e-02,9e-02) | 3.54e+02 |  5:4.1e-05  3:3.0e-04
  443 ,  11076 : 1.9854111162506e+01 +(4e-02,8e-02) | 3.51e+02 |  5:3.4e-05  3:2.5e-04
  444 ,  11101 : 1.9859846418664e+01 +(4e-02,7e-02) | 3.50e+02 |  5:3.4e-05  3:2.3e-04
  445 ,  11126 : 1.9866035635321e+01 +(3e-02,7e-02) | 3.47e+02 |  5:3.1e-05  3:2.0e-04
  446 ,  11151 : 1.9868550883151e+01 +(3e-02,6e-02) | 3.22e+02 |  5:2.5e-05  3:1.7e-04
  447 ,  11176 : 1.9859083057450e+01 +(4e-02,7e-02) | 3.25e+02 |  5:2.2e-05  3:1.5e-04
  448 ,  11201 : 1.9847618807277e+01 +(5e-02,8e-02) | 3.26e+02 |  5:2.4e-05  3:1.6e-04
  449 ,  11226 : 1.9855247691919e+01 +(4e-02,9e-02) | 3.09e+02 |  5:2.4e-05  3:1.6e-04
Iterat, #Fevals:   Function Value    (median,worst) |Axis Ratio|idx:Min SD idx:Max SD
  450 ,  11251 : 1.9862740134666e+01 +(4e-02,8e-02) | 3.19e+02 |  5:2.6e-05  3:1.7e-04
  451 ,  11276 : 1.9849998805020e+01 +(4e-02,8e-02) | 3.29e+02 |  5:2.6e-05  3:1.8e-04
  452 ,  11301 : 1.9837806428398e+01 +(6e-02,1e-01) | 3.33e+02 |  5:2.7e-05  3:1.8e-04
  453 ,  11326 : 1.9856419997933e+01 +(4e-02,8e-02) | 3.38e+02 |  5:2.8e-05  3:1.8e-04
  454 ,  11351 : 1.9848226882186e+01 +(5e-02,8e-02) | 3.49e+02 |  5:2.5e-05  3:1.8e-04
  455 ,  11376 : 1.9860547913021e+01 +(4e-02,7e-02) | 3.62e+02 |  5:2.6e-05  3:1.9e-04
  456 ,  11401 : 1.9860992037753e+01 +(3e-02,8e-02) | 3.69e+02 |  5:2.6e-05  3:1.9e-04
#Fevals:   f(returned x)   |    bestever.f     | stopflag (saved to variablescmaes14_7_112.mat)
  11402: 1.98609920378e+01 | 1.98361163400e+01 | stagnation
mean solution: +3.5e-01 +1.6e-01 +3.9e+00 +3.2e-01 +5.1e-01 +1.2e+00 +2.0e-01 +1.8e-01 +1.1e+00
std deviation:  6.0e-05  2.8e-05  1.9e-04  8.1e-05  2.6e-05  7.3e-05  8.1e-05  5.8e-05  3.3e-05
use plotcmaesdat.m for plotting the output at any time (option LogModulo must not be zero)
