
                            < M A T L A B (R) >
                  Copyright 1984-2015 The MathWorks, Inc.
                   R2015a (8.5.0.197613) 64-bit (glnxa64)
                             February 12, 2015

 
For online documentation, see http://www.mathworks.com/support
For product information, visit www.mathworks.com.
 

	Academic License


seed =

                140.818389


Initialtheta =

          74790.5768590837
           1087324.0902767
          98478.6403857105
          2966.33652506987
          20.6830551857386
          321.317014733158
       0.00553141370049461
          5.91282196828308
          434.362640563353

  n=9: (12,25)-CMA-ES(w=[24 17 14... 1.5 0.74]%, ]%, mu_eff=7.3) on function Error
Iterat, #Fevals:   Function Value    (median,worst) |Axis Ratio|idx:Min SD idx:Max SD
    1 ,     26 : 2.2586357225533e+01 +(3e+14,5e+19) | 7.93e+02 |  1:3.6e-01  3:2.9e+02
    2 ,     51 : 1.2178391795975e+02 +(2e+09,7e+19) | 8.08e+02 |  1:3.7e-01  3:2.9e+02
    3 ,     76 : 4.0539996036950e+01 +(3e+07,4e+19) | 8.74e+02 |  1:3.7e-01  3:3.2e+02
    4 ,    101 : 4.1253420941338e+01 +(4e+06,3e+17) | 9.05e+02 |  1:4.6e-01  3:4.1e+02
    5 ,    126 : 7.0219957349874e+01 +(5e+01,3e+16) | 8.94e+02 |  1:4.6e-01  3:4.1e+02
    6 ,    151 : 6.3619261437525e+01 +(1e+07,1e+18) | 9.07e+02 |  1:4.4e-01  3:3.9e+02
    7 ,    176 : 1.2355499134166e+02 +(3e+06,1e+16) | 8.85e+02 |  1:3.9e-01  3:3.4e+02
    8 ,    201 : 1.2357692895541e+02 +(2e+08,8e+16) | 8.45e+02 |  1:4.0e-01  3:3.3e+02
    9 ,    226 : 1.2359772612049e+02 +(1e+07,5e+15) | 8.59e+02 |  1:3.7e-01  3:3.0e+02
Iterat, #Fevals:   Function Value    (median,worst) |Axis Ratio|idx:Min SD idx:Max SD
   10 ,    251 : 1.2361935165417e+02 +(5e+05,2e+13) | 8.65e+02 |  1:3.4e-01  3:2.8e+02
   11 ,    276 : 1.2167196363160e+02 +(4e+06,1e+10) | 8.64e+02 |  1:3.5e-01  3:2.8e+02
   12 ,    301 : 1.2352451080275e+02 +(4e+06,4e+10) | 8.62e+02 |  1:3.0e-01  3:2.4e+02
   13 ,    326 : 1.2360852044033e+02 +(4e+01,3e+08) | 9.23e+02 |  1:3.0e-01  3:2.6e+02
   14 ,    351 : 1.2364704498378e+02 +(6e-02,9e+07) | 9.53e+02 |  1:2.5e-01  3:2.3e+02
   15 ,    376 : 1.2362861361355e+02 +(1e+06,1e+10) | 9.57e+02 |  1:2.2e-01  3:2.1e+02
   16 ,    401 : 7.6632027335061e+01 +(3e+06,2e+09) | 9.61e+02 |  1:2.3e-01  3:2.1e+02
   17 ,    426 : 1.1872842349819e+02 +(2e+05,5e+07) | 9.76e+02 |  1:2.3e-01  3:2.2e+02
   18 ,    451 : 1.1713841471638e+02 +(4e+05,1e+08) | 9.92e+02 |  1:2.4e-01  3:2.4e+02
   19 ,    476 : 1.2348629050720e+02 +(2e-01,1e+08) | 9.92e+02 |  1:2.0e-01  3:1.9e+02
Iterat, #Fevals:   Function Value    (median,worst) |Axis Ratio|idx:Min SD idx:Max SD
   20 ,    501 : 9.4908455885267e+01 +(2e+05,2e+07) | 1.01e+03 |  1:1.9e-01  3:1.8e+02
   21 ,    526 : 2.7945369678630e+01 +(1e+02,7e+06) | 1.04e+03 |  1:1.6e-01  3:1.5e+02
   22 ,    551 : 4.2893522900851e+01 +(5e+02,9e+06) | 1.06e+03 |  1:1.4e-01  3:1.5e+02
   23 ,    576 : 9.1376930002995e+01 +(3e+01,4e+06) | 1.09e+03 |  1:1.4e-01  3:1.4e+02
   24 ,    601 : 1.0293246457443e+02 +(2e+01,4e+05) | 1.12e+03 |  1:1.3e-01  3:1.4e+02
   25 ,    626 : 3.3904889434589e+01 +(9e+01,2e+05) | 1.18e+03 |  1:1.2e-01  3:1.4e+02
   26 ,    651 : 2.8079883462390e+01 +(1e+02,3e+05) | 1.18e+03 |  1:1.1e-01  3:1.2e+02
   27 ,    676 : 2.6233558766477e+01 +(1e+02,8e+05) | 1.21e+03 |  1:9.1e-02  3:1.1e+02
   28 ,    701 : 2.8175933028162e+01 +(1e+02,4e+05) | 1.21e+03 |  1:8.6e-02  3:1.0e+02
   29 ,    726 : 1.0421445649114e+02 +(2e+01,2e+05) | 1.22e+03 |  1:8.5e-02  3:1.0e+02
Iterat, #Fevals:   Function Value    (median,worst) |Axis Ratio|idx:Min SD idx:Max SD
   30 ,    751 : 3.9828558104329e+01 +(8e+01,5e+04) | 1.19e+03 |  1:8.3e-02  3:9.7e+01
   31 ,    776 : 6.4437545065287e+01 +(6e+01,1e+05) | 1.19e+03 |  1:8.2e-02  3:9.5e+01
   32 ,    801 : 4.6336841915834e+01 +(8e+01,1e+04) | 1.18e+03 |  1:8.1e-02  3:9.3e+01
   33 ,    826 : 2.7253278449393e+01 +(1e+02,7e+03) | 1.18e+03 |  1:7.8e-02  3:8.8e+01
   34 ,    851 : 2.8663157019296e+01 +(3e+02,3e+04) | 1.18e+03 |  1:7.6e-02  3:8.6e+01
   35 ,    876 : 5.6595995400356e+01 +(7e+01,4e+04) | 1.16e+03 |  1:6.8e-02  3:7.6e+01
   36 ,    901 : 7.8431579655003e+01 +(5e+01,1e+04) | 1.19e+03 |  1:6.3e-02  3:7.2e+01
   37 ,    926 : 3.7165269855685e+01 +(9e+01,5e+03) | 1.19e+03 |  1:6.1e-02  3:6.9e+01
   38 ,    951 : 2.6483916872322e+01 +(9e+01,4e+03) | 1.20e+03 |  1:5.8e-02  3:6.6e+01
   39 ,    976 : 2.7555373822416e+01 +(1e+02,1e+04) | 1.21e+03 |  1:5.9e-02  3:6.6e+01
Iterat, #Fevals:   Function Value    (median,worst) |Axis Ratio|idx:Min SD idx:Max SD
   40 ,   1001 : 2.7213565463356e+01 +(9e+01,1e+04) | 1.24e+03 |  1:6.4e-02  3:7.4e+01
   41 ,   1026 : 2.8252365502470e+01 +(9e+01,2e+04) | 1.27e+03 |  1:6.4e-02  3:7.6e+01
   42 ,   1051 : 2.8407663143126e+01 +(1e+02,1e+04) | 1.31e+03 |  1:5.6e-02  3:6.7e+01
   43 ,   1076 : 2.8303840086170e+01 +(2e+02,1e+04) | 1.35e+03 |  1:5.4e-02  3:6.5e+01
   44 ,   1101 : 2.6495059366818e+01 +(9e+01,5e+03) | 1.38e+03 |  1:5.1e-02  3:6.0e+01
   45 ,   1126 : 3.1092645341769e+01 +(9e+01,2e+03) | 1.42e+03 |  1:4.6e-02  3:5.6e+01
   46 ,   1151 : 2.9346152871450e+01 +(4e+01,6e+03) | 1.46e+03 |  1:3.7e-02  3:4.6e+01
   47 ,   1176 : 2.6986428472026e+01 +(8e+01,4e+03) | 1.51e+03 |  1:3.7e-02  3:4.6e+01
   48 ,   1201 : 2.7350866453072e+01 +(9e+01,4e+03) | 1.58e+03 |  1:3.7e-02  3:4.7e+01
   49 ,   1226 : 2.7752612581287e+01 +(5e+01,8e+02) | 1.60e+03 |  1:3.2e-02  3:4.1e+01
Iterat, #Fevals:   Function Value    (median,worst) |Axis Ratio|idx:Min SD idx:Max SD
   50 ,   1251 : 2.7952369942480e+01 +(5e+01,6e+03) | 1.66e+03 |  1:2.8e-02  3:3.8e+01
   51 ,   1276 : 2.7424086944665e+01 +(7e+01,1e+02) | 1.71e+03 |  1:2.5e-02  3:3.4e+01
   52 ,   1301 : 2.8199389699661e+01 +(6e+01,3e+03) | 1.70e+03 |  1:2.6e-02  3:3.4e+01
   53 ,   1326 : 2.7461378744180e+01 +(4e+01,3e+02) | 1.88e+03 |  1:2.7e-02  3:3.8e+01
   54 ,   1351 : 2.9317424449891e+01 +(6e+01,4e+02) | 1.88e+03 |  1:2.7e-02  3:3.7e+01
   55 ,   1376 : 2.7900186279341e+01 +(2e+01,2e+03) | 1.87e+03 |  1:2.5e-02  3:3.3e+01
   56 ,   1401 : 2.8177699382045e+01 +(2e+01,9e+02) | 1.91e+03 |  1:2.5e-02  3:3.4e+01
   57 ,   1426 : 2.7620744277498e+01 +(2e+01,3e+02) | 1.94e+03 |  1:2.7e-02  3:3.6e+01
   58 ,   1451 : 2.8412373459829e+01 +(4e+01,5e+02) | 2.11e+03 |  1:2.8e-02  3:3.9e+01
   59 ,   1476 : 2.7361607384980e+01 +(3e+01,5e+02) | 2.29e+03 |  1:2.6e-02  3:3.9e+01
Iterat, #Fevals:   Function Value    (median,worst) |Axis Ratio|idx:Min SD idx:Max SD
   60 ,   1501 : 2.7465354461085e+01 +(4e+01,2e+02) | 2.30e+03 |  1:2.5e-02  3:3.8e+01
   61 ,   1526 : 2.7985631025850e+01 +(3e+01,6e+02) | 2.41e+03 |  1:2.4e-02  3:3.7e+01
   62 ,   1551 : 2.7107830663560e+01 +(6e+00,2e+02) | 2.41e+03 |  1:2.3e-02  3:3.4e+01
   63 ,   1576 : 2.7738941814914e+01 +(2e+01,8e+02) | 2.59e+03 |  1:2.1e-02  3:3.3e+01
   64 ,   1601 : 2.7458514792219e+01 +(5e+00,1e+02) | 2.67e+03 |  1:1.9e-02  3:3.0e+01
   65 ,   1626 : 2.7348965760951e+01 +(6e+00,6e+01) | 2.66e+03 |  1:1.9e-02  3:2.9e+01
   66 ,   1651 : 2.7640008476196e+01 +(3e+00,9e+01) | 2.73e+03 |  1:1.7e-02  3:2.6e+01
   67 ,   1676 : 2.7306621996493e+01 +(4e+00,2e+02) | 2.86e+03 |  1:1.6e-02  3:2.5e+01
   68 ,   1701 : 2.7408106861428e+01 +(1e+01,4e+01) | 3.07e+03 |  1:1.5e-02  3:2.5e+01
   69 ,   1726 : 2.7454247978648e+01 +(1e+01,8e+01) | 3.12e+03 |  1:1.4e-02  3:2.3e+01
Iterat, #Fevals:   Function Value    (median,worst) |Axis Ratio|idx:Min SD idx:Max SD
   70 ,   1751 : 2.7445061345071e+01 +(4e+00,5e+01) | 3.29e+03 |  1:1.3e-02  3:2.2e+01
   71 ,   1776 : 2.7327312524077e+01 +(6e+00,3e+01) | 3.44e+03 |  1:1.3e-02  3:2.2e+01
   72 ,   1801 : 2.7959199898609e+01 +(3e+00,2e+01) | 3.52e+03 |  1:1.4e-02  3:2.4e+01
   73 ,   1826 : 2.7761845309157e+01 +(2e+00,3e+01) | 3.60e+03 |  1:1.5e-02  3:2.6e+01
   74 ,   1851 : 2.7203037719337e+01 +(2e+00,2e+01) | 3.86e+03 |  1:1.6e-02  3:2.8e+01
   75 ,   1876 : 2.7560082469324e+01 +(4e+00,3e+01) | 4.00e+03 |  1:1.5e-02  3:2.6e+01
   76 ,   1901 : 2.7375520088748e+01 +(2e+00,3e+01) | 4.21e+03 |  1:1.3e-02  3:2.4e+01
   77 ,   1926 : 2.7094837941122e+01 +(2e+00,2e+01) | 4.26e+03 |  1:1.2e-02  3:2.2e+01
   78 ,   1951 : 2.7135319183044e+01 +(2e+00,3e+01) | 4.58e+03 |  1:1.2e-02  3:2.2e+01
   79 ,   1976 : 2.7206536484755e+01 +(2e+00,2e+01) | 4.69e+03 |  1:1.2e-02  3:2.1e+01
Iterat, #Fevals:   Function Value    (median,worst) |Axis Ratio|idx:Min SD idx:Max SD
   80 ,   2001 : 2.7054510431438e+01 +(1e+00,1e+01) | 4.87e+03 |  1:1.2e-02  3:2.2e+01
   81 ,   2026 : 2.6930332871055e+01 +(2e+00,3e+01) | 5.06e+03 |  1:1.2e-02  3:2.1e+01
   82 ,   2051 : 2.7085306580857e+01 +(1e+00,1e+01) | 5.22e+03 |  1:1.1e-02  3:2.0e+01
   83 ,   2076 : 2.6770873366971e+01 +(1e+00,1e+01) | 5.29e+03 |  1:1.0e-02  3:1.8e+01
   84 ,   2101 : 2.6866801779984e+01 +(1e+00,1e+01) | 5.44e+03 |  1:1.0e-02  3:1.8e+01
   85 ,   2126 : 2.6756719531981e+01 +(1e+00,2e+01) | 5.63e+03 |  1:9.3e-03  3:1.7e+01
   86 ,   2151 : 2.6583628006607e+01 +(8e-01,1e+01) | 5.81e+03 |  1:1.0e-02  3:1.7e+01
   87 ,   2176 : 2.6429801663714e+01 +(1e+00,6e+00) | 5.90e+03 |  1:1.1e-02  3:1.9e+01
   88 ,   2201 : 2.6297772760415e+01 +(8e-01,2e+01) | 6.58e+03 |  1:1.1e-02  3:2.2e+01
   89 ,   2226 : 2.6261081105951e+01 +(2e+00,3e+01) | 6.88e+03 |  1:1.1e-02  3:2.2e+01
Iterat, #Fevals:   Function Value    (median,worst) |Axis Ratio|idx:Min SD idx:Max SD
   90 ,   2251 : 2.6540693684351e+01 +(2e+00,1e+01) | 6.97e+03 |  1:9.5e-03  3:1.8e+01
   91 ,   2276 : 2.6068373866446e+01 +(1e+00,5e+00) | 7.39e+03 |  1:9.1e-03  3:1.8e+01
   92 ,   2301 : 2.5951841173376e+01 +(1e+00,1e+01) | 8.23e+03 |  1:9.7e-03  3:2.0e+01
   93 ,   2326 : 2.5817448764043e+01 +(1e+00,4e+00) | 8.53e+03 |  1:9.5e-03  3:2.0e+01
   94 ,   2351 : 2.5998449865322e+01 +(1e+00,9e+00) | 8.66e+03 |  1:8.3e-03  3:1.7e+01
   95 ,   2376 : 2.5647763827923e+01 +(9e-01,1e+01) | 9.06e+03 |  1:7.9e-03  3:1.7e+01
   96 ,   2401 : 2.5539023082700e+01 +(1e+00,8e+00) | 1.00e+04 |  1:8.2e-03  3:1.9e+01
   97 ,   2426 : 2.5334185937443e+01 +(1e+00,4e+00) | 1.08e+04 |  1:8.8e-03  3:2.1e+01
   98 ,   2451 : 2.5055802617760e+01 +(1e+00,5e+00) | 1.08e+04 |  1:9.2e-03  3:2.3e+01
   99 ,   2476 : 2.5373802988274e+01 +(1e+00,1e+01) | 1.14e+04 |  1:8.8e-03  3:2.2e+01
Iterat, #Fevals:   Function Value    (median,worst) |Axis Ratio|idx:Min SD idx:Max SD
  100 ,   2501 : 2.4819463013769e+01 +(1e+00,3e+01) | 1.18e+04 |  1:9.3e-03  3:2.4e+01
  101 ,   2526 : 2.4615899953150e+01 +(1e+00,1e+01) | 1.35e+04 |  1:9.7e-03  3:2.7e+01
  102 ,   2551 : 2.4084572616270e+01 +(2e+00,1e+01) | 1.48e+04 |  1:1.0e-02  3:3.0e+01
  103 ,   2576 : 2.3915267445713e+01 +(2e+00,9e+00) | 1.55e+04 |  1:9.8e-03  3:3.0e+01
  104 ,   2601 : 2.4391695495984e+01 +(1e+00,8e+00) | 1.58e+04 |  1:8.8e-03  3:2.7e+01
  105 ,   2626 : 2.3811264765310e+01 +(2e+00,8e+00) | 1.62e+04 |  1:8.5e-03  3:2.6e+01
  106 ,   2651 : 2.4061203176325e+01 +(2e+00,2e+01) | 1.68e+04 |  1:9.3e-03  3:2.8e+01
  107 ,   2676 : 2.3329399341116e+01 +(2e+00,1e+01) | 1.82e+04 |  1:8.8e-03  3:2.8e+01
  108 ,   2701 : 2.3206388733732e+01 +(2e+00,9e+00) | 1.88e+04 |  1:8.1e-03  3:2.6e+01
  109 ,   2726 : 2.3182866265032e+01 +(1e+00,8e+00) | 2.00e+04 |  1:8.8e-03  3:2.9e+01
Iterat, #Fevals:   Function Value    (median,worst) |Axis Ratio|idx:Min SD idx:Max SD
  110 ,   2751 : 2.3107799603883e+01 +(2e+00,1e+01) | 2.06e+04 |  1:8.2e-03  3:2.7e+01
  111 ,   2776 : 2.2763965263477e+01 +(2e+00,9e+00) | 2.16e+04 |  1:7.6e-03  3:2.6e+01
  112 ,   2801 : 2.3114936804838e+01 +(2e+00,9e+00) | 2.19e+04 |  1:7.2e-03  3:2.5e+01
  113 ,   2826 : 2.2856497607380e+01 +(1e+00,2e+01) | 2.15e+04 |  1:6.0e-03  3:2.1e+01
  114 ,   2851 : 2.2658030361628e+01 +(2e+00,7e+00) | 2.14e+04 |  1:5.5e-03  3:2.0e+01
  115 ,   2876 : 2.2841999985259e+01 +(1e+00,4e+00) | 2.17e+04 |  1:5.0e-03  3:1.8e+01
  116 ,   2901 : 2.2886199893971e+01 +(5e-01,6e+00) | 2.19e+04 |  1:4.8e-03  3:1.8e+01
  117 ,   2926 : 2.2787814250740e+01 +(7e-01,6e+00) | 2.27e+04 |  1:4.2e-03  3:1.6e+01
  118 ,   2951 : 2.2418420371662e+01 +(8e-01,4e+00) | 2.29e+04 |  1:4.2e-03  3:1.7e+01
  119 ,   2976 : 2.2621594555116e+01 +(8e-01,4e+00) | 2.28e+04 |  1:4.7e-03  3:1.9e+01
Iterat, #Fevals:   Function Value    (median,worst) |Axis Ratio|idx:Min SD idx:Max SD
  120 ,   3001 : 2.2442050652094e+01 +(1e+00,4e+00) | 2.28e+04 |  1:4.6e-03  3:1.8e+01
  121 ,   3026 : 2.2601215668883e+01 +(5e-01,1e+01) | 2.25e+04 |  1:3.9e-03  3:1.5e+01
  122 ,   3051 : 2.2587656671909e+01 +(7e-01,5e+00) | 2.33e+04 |  1:3.8e-03  3:1.5e+01
  123 ,   3076 : 2.2547271789703e+01 +(7e-01,3e+00) | 2.35e+04 |  1:3.6e-03  3:1.4e+01
  124 ,   3101 : 2.2797302473187e+01 +(3e-01,1e+00) | 2.33e+04 |  1:3.5e-03  3:1.4e+01
  125 ,   3126 : 2.2555571792776e+01 +(4e-01,2e+00) | 2.44e+04 |  1:3.7e-03  3:1.5e+01
  126 ,   3151 : 2.2399660854431e+01 +(6e-01,2e+00) | 2.46e+04 |  1:3.4e-03  3:1.4e+01
  127 ,   3176 : 2.2485037065322e+01 +(5e-01,2e+00) | 2.49e+04 |  1:3.1e-03  3:1.3e+01
  128 ,   3201 : 2.2251922263023e+01 +(6e-01,2e+00) | 2.47e+04 |  1:3.1e-03  3:1.3e+01
  129 ,   3226 : 2.2293039611874e+01 +(4e-01,2e+00) | 2.52e+04 |  1:3.8e-03  3:1.6e+01
Iterat, #Fevals:   Function Value    (median,worst) |Axis Ratio|idx:Min SD idx:Max SD
  130 ,   3251 : 2.2204920521782e+01 +(7e-01,2e+00) | 2.65e+04 |  1:3.7e-03  3:1.6e+01
  131 ,   3276 : 2.2321816373831e+01 +(5e-01,2e+00) | 2.68e+04 |  1:3.5e-03  3:1.6e+01
  132 ,   3301 : 2.2357331217309e+01 +(5e-01,2e+00) | 2.86e+04 |  1:3.5e-03  3:1.6e+01
  133 ,   3326 : 2.2152018458744e+01 +(5e-01,1e+00) | 2.93e+04 |  1:3.3e-03  3:1.5e+01
  134 ,   3351 : 2.2332815642329e+01 +(2e-01,1e+00) | 3.25e+04 |  1:3.5e-03  3:1.8e+01
  135 ,   3376 : 2.2279503129225e+01 +(3e-01,1e+00) | 3.57e+04 |  1:3.6e-03  3:2.0e+01
  136 ,   3401 : 2.2159935891855e+01 +(7e-01,3e+00) | 3.80e+04 |  1:3.8e-03  3:2.2e+01
  137 ,   3426 : 2.1958094596390e+01 +(5e-01,2e+00) | 4.11e+04 |  1:3.9e-03  3:2.4e+01
  138 ,   3451 : 2.1822380562022e+01 +(7e-01,4e+00) | 4.12e+04 |  1:3.8e-03  3:2.4e+01
  139 ,   3476 : 2.1887362773058e+01 +(9e-01,7e+00) | 4.11e+04 |  1:3.2e-03  3:2.0e+01
Iterat, #Fevals:   Function Value    (median,worst) |Axis Ratio|idx:Min SD idx:Max SD
  140 ,   3501 : 2.2217792953074e+01 +(3e-01,3e+00) | 4.22e+04 |  1:3.3e-03  3:2.1e+01
  141 ,   3526 : 2.2173106204148e+01 +(5e-01,2e+00) | 4.26e+04 |  1:2.9e-03  3:1.8e+01
  142 ,   3551 : 2.2087434386698e+01 +(5e-01,2e+00) | 4.61e+04 |  1:2.8e-03  3:1.9e+01
  143 ,   3576 : 2.1936240101153e+01 +(5e-01,1e+00) | 4.65e+04 |  1:2.6e-03  3:1.8e+01
  144 ,   3601 : 2.2003860600501e+01 +(4e-01,2e+00) | 4.76e+04 |  1:2.6e-03  3:1.9e+01
  145 ,   3626 : 2.2002193888684e+01 +(5e-01,4e+00) | 4.89e+04 |  1:2.4e-03  3:1.9e+01
  146 ,   3651 : 2.1889064249628e+01 +(5e-01,2e+00) | 5.12e+04 |  1:2.4e-03  3:1.9e+01
  147 ,   3676 : 2.1865691380176e+01 +(4e-01,2e+00) | 5.71e+04 |  1:2.6e-03  3:2.3e+01
  148 ,   3701 : 2.1848870887694e+01 +(4e-01,2e+00) | 6.00e+04 |  1:2.9e-03  3:2.7e+01
  149 ,   3726 : 2.1816956105000e+01 +(4e-01,6e+00) | 6.10e+04 |  1:3.6e-03  3:3.4e+01
Iterat, #Fevals:   Function Value    (median,worst) |Axis Ratio|idx:Min SD idx:Max SD
  150 ,   3751 : 2.1618191577144e+01 +(8e-01,6e+00) | 6.21e+04 |  1:4.6e-03  3:4.3e+01
  151 ,   3776 : 2.1520641852706e+01 +(1e+00,1e+01) | 6.17e+04 |  1:4.2e-03  3:3.9e+01
  152 ,   3801 : 2.1587519730307e+01 +(8e-01,5e+01) | 6.01e+04 |  1:4.1e-03  3:3.9e+01
  153 ,   3826 : 2.1520670881992e+01 +(8e-01,1e+01) | 6.29e+04 |  1:4.1e-03  3:4.1e+01
  154 ,   3851 : 2.1626887653376e+01 +(8e-01,3e+02) | 6.26e+04 |  1:4.0e-03  3:4.1e+01
  155 ,   3876 : 2.1772031215091e+01 +(8e-01,3e+01) | 6.23e+04 |  1:3.9e-03  3:3.8e+01
  156 ,   3901 : 2.1740821752745e+01 +(5e-01,1e+02) | 6.07e+04 |  1:3.6e-03  3:3.5e+01
  157 ,   3926 : 2.1611024260663e+01 +(7e-01,4e+00) | 6.15e+04 |  1:3.2e-03  3:3.1e+01
  158 ,   3951 : 2.1527120535426e+01 +(1e+00,8e+00) | 6.26e+04 |  1:2.8e-03  3:2.8e+01
  159 ,   3976 : 2.1519215798407e+01 +(7e-01,8e+00) | 6.60e+04 |  1:2.7e-03  3:2.8e+01
Iterat, #Fevals:   Function Value    (median,worst) |Axis Ratio|idx:Min SD idx:Max SD
  160 ,   4001 : 2.1397584744485e+01 +(9e-01,7e+00) | 7.43e+04 |  1:2.8e-03  3:3.3e+01
  161 ,   4026 : 2.1536044681773e+01 +(2e+00,7e+01) | 7.55e+04 |  1:2.4e-03  3:2.8e+01
  162 ,   4051 : 2.1496297849693e+01 +(1e+00,1e+01) | 7.38e+04 |  1:2.3e-03  3:2.7e+01
  163 ,   4076 : 2.1391425750717e+01 +(1e+00,1e+01) | 7.62e+04 |  1:2.5e-03  3:3.0e+01
  164 ,   4101 : 2.1565301342518e+01 +(1e+00,2e+02) | 7.73e+04 |  1:2.7e-03  3:3.2e+01
  165 ,   4126 : 2.1371505401839e+01 +(6e-01,3e+01) | 7.76e+04 |  1:2.8e-03  3:3.4e+01
  166 ,   4151 : 2.1545146191730e+01 +(2e+00,5e+01) | 7.68e+04 |  1:2.8e-03  3:3.3e+01
  167 ,   4176 : 2.1462805507360e+01 +(9e-01,9e+00) | 7.75e+04 |  1:2.5e-03  3:3.0e+01
  168 ,   4201 : 2.1445485863115e+01 +(1e+00,1e+01) | 7.76e+04 |  1:2.3e-03  3:2.9e+01
  169 ,   4226 : 2.1424518211844e+01 +(1e+00,1e+01) | 7.88e+04 |  1:2.2e-03  3:2.6e+01
Iterat, #Fevals:   Function Value    (median,worst) |Axis Ratio|idx:Min SD idx:Max SD
  170 ,   4251 : 2.1390837250091e+01 +(8e-01,7e+00) | 8.03e+04 |  1:2.3e-03  3:2.7e+01
  171 ,   4276 : 2.1415186038133e+01 +(6e-01,8e+00) | 7.88e+04 |  1:2.3e-03  3:2.8e+01
  172 ,   4301 : 2.1340891135320e+01 +(1e+00,1e+01) | 8.22e+04 |  1:2.5e-03  3:3.1e+01
  173 ,   4326 : 2.1460981331640e+01 +(4e-01,1e+01) | 8.36e+04 |  1:2.7e-03  3:3.3e+01
  174 ,   4351 : 2.1364551614429e+01 +(9e-01,1e+01) | 8.24e+04 |  1:3.1e-03  3:3.8e+01
  175 ,   4376 : 2.1281821061537e+01 +(5e-01,6e+00) | 8.48e+04 |  1:3.0e-03  3:3.7e+01
  176 ,   4401 : 2.1357532115689e+01 +(8e-01,7e+00) | 8.50e+04 |  1:3.1e-03  3:3.8e+01
  177 ,   4426 : 2.1535146884511e+01 +(3e-01,8e+00) | 8.50e+04 |  1:3.1e-03  3:3.9e+01
  178 ,   4451 : 2.1230217175270e+01 +(9e-01,8e+00) | 8.49e+04 |  1:2.9e-03  3:3.6e+01
  179 ,   4476 : 2.1273984045619e+01 +(7e-01,1e+01) | 8.69e+04 |  1:2.5e-03  3:3.1e+01
Iterat, #Fevals:   Function Value    (median,worst) |Axis Ratio|idx:Min SD idx:Max SD
  180 ,   4501 : 2.1263431304989e+01 +(5e-01,1e+01) | 8.57e+04 |  1:2.4e-03  3:2.9e+01
  181 ,   4526 : 2.1253733988984e+01 +(4e-01,6e+00) | 8.25e+04 |  1:2.2e-03  3:2.6e+01
  182 ,   4551 : 2.1173484917205e+01 +(2e-01,5e+00) | 8.24e+04 |  1:2.2e-03  3:2.6e+01
  183 ,   4576 : 2.1204711501331e+01 +(3e-01,2e+00) | 8.25e+04 |  1:2.5e-03  3:3.0e+01
  184 ,   4601 : 2.1146032715305e+01 +(3e-01,8e+00) | 8.21e+04 |  1:2.5e-03  3:3.0e+01
  185 ,   4626 : 2.1048035591847e+01 +(7e-01,1e+01) | 8.34e+04 |  1:2.6e-03  3:3.1e+01
  186 ,   4651 : 2.1060703314076e+01 +(4e-01,6e+00) | 8.60e+04 |  1:3.1e-03  3:3.6e+01
  187 ,   4676 : 2.0979182463379e+01 +(5e-01,5e+00) | 8.78e+04 |  1:3.5e-03  3:4.2e+01
  188 ,   4701 : 2.0945700607510e+01 +(8e-01,1e+02) | 8.78e+04 |  1:3.3e-03  3:4.0e+01
  189 ,   4726 : 2.0738338390216e+01 +(9e-01,1e+01) | 9.00e+04 |  1:3.6e-03  3:4.3e+01
Iterat, #Fevals:   Function Value    (median,worst) |Axis Ratio|idx:Min SD idx:Max SD
  190 ,   4751 : 2.0943863731481e+01 +(9e-01,4e+01) | 8.98e+04 |  1:3.4e-03  3:4.1e+01
  191 ,   4776 : 2.0656989432166e+01 +(7e-01,2e+01) | 8.62e+04 |  1:3.5e-03  3:4.0e+01
  192 ,   4801 : 2.0756145529227e+01 +(7e-01,8e+00) | 8.68e+04 |  1:3.4e-03  3:4.1e+01
  193 ,   4826 : 2.0709661087675e+01 +(5e-01,4e+01) | 8.39e+04 |  1:3.6e-03  3:4.3e+01
  194 ,   4851 : 2.0529917445633e+01 +(9e-01,1e+01) | 8.38e+04 |  1:3.9e-03  3:4.5e+01
  195 ,   4876 : 2.0465489899405e+01 +(1e+00,4e+01) | 8.23e+04 |  1:3.7e-03  3:4.3e+01
  196 ,   4901 : 2.0224413991395e+01 +(1e+00,3e+01) | 8.16e+04 |  1:3.6e-03  3:4.2e+01
  197 ,   4926 : 2.0347169120695e+01 +(2e+00,5e+01) | 8.10e+04 |  1:4.2e-03  3:4.7e+01
  198 ,   4951 : 2.0069469872191e+01 +(2e+00,6e+01) | 8.01e+04 |  1:5.1e-03  3:5.7e+01
  199 ,   4976 : 2.0325090433540e+01 +(2e+00,2e+03) | 7.86e+04 |  1:5.4e-03  3:5.8e+01
Iterat, #Fevals:   Function Value    (median,worst) |Axis Ratio|idx:Min SD idx:Max SD
  200 ,   5001 : 2.0539229092167e+01 +(2e+00,2e+02) | 7.61e+04 |  1:5.5e-03  3:5.8e+01
  201 ,   5026 : 2.0011977176603e+01 +(2e+00,4e+01) | 7.67e+04 |  1:5.4e-03  3:5.8e+01
  202 ,   5051 : 2.0049556230862e+01 +(1e+00,1e+01) | 7.43e+04 |  1:5.5e-03  3:5.9e+01
  203 ,   5076 : 1.9901505497312e+01 +(1e+00,1e+01) | 7.62e+04 |  1:6.0e-03  3:6.7e+01
  204 ,   5101 : 1.9991292873147e+01 +(5e+00,9e+01) | 7.29e+04 |  1:6.1e-03  3:6.8e+01
  205 ,   5126 : 1.9943225171123e+01 +(3e+00,5e+01) | 7.30e+04 |  1:6.0e-03  3:6.3e+01
  206 ,   5151 : 1.9988856377817e+01 +(2e+00,1e+01) | 6.98e+04 |  1:5.2e-03  3:5.4e+01
  207 ,   5176 : 1.9957511305783e+01 +(2e+00,2e+01) | 6.90e+04 |  1:4.6e-03  3:4.6e+01
  208 ,   5201 : 1.9938139751829e+01 +(7e-01,8e+00) | 6.97e+04 |  1:4.1e-03  3:4.1e+01
  209 ,   5226 : 1.9941440798498e+01 +(1e+00,2e+01) | 6.95e+04 |  1:4.0e-03  3:4.0e+01
Iterat, #Fevals:   Function Value    (median,worst) |Axis Ratio|idx:Min SD idx:Max SD
  210 ,   5251 : 1.9879542205915e+01 +(5e-01,1e+01) | 7.01e+04 |  1:3.7e-03  3:3.7e+01
  211 ,   5276 : 2.0022430804942e+01 +(5e-01,5e+00) | 7.04e+04 |  1:3.3e-03  3:3.3e+01
  212 ,   5301 : 1.9979996905909e+01 +(4e-01,3e+00) | 7.28e+04 |  1:3.7e-03  3:3.5e+01
  213 ,   5326 : 1.9906252861445e+01 +(5e-01,6e+00) | 7.64e+04 |  1:3.8e-03  3:3.8e+01
  214 ,   5351 : 1.9868117784658e+01 +(5e-01,6e+00) | 7.42e+04 |  1:4.0e-03  3:3.9e+01
  215 ,   5376 : 1.9977754886136e+01 +(5e-01,5e+00) | 6.93e+04 |  1:4.5e-03  3:4.3e+01
  216 ,   5401 : 1.9923845993162e+01 +(1e+00,5e+00) | 6.91e+04 |  1:4.5e-03  3:4.1e+01
  217 ,   5426 : 1.9916873908353e+01 +(1e+00,1e+01) | 6.97e+04 |  1:4.3e-03  3:3.6e+01
  218 ,   5451 : 1.9928144988903e+01 +(7e-01,7e+00) | 6.99e+04 |  1:4.3e-03  3:3.6e+01
  219 ,   5476 : 2.0086418708806e+01 +(5e-01,4e+00) | 7.05e+04 |  1:4.5e-03  3:3.8e+01
Iterat, #Fevals:   Function Value    (median,worst) |Axis Ratio|idx:Min SD idx:Max SD
  220 ,   5501 : 1.9866863377390e+01 +(5e-01,2e+01) | 6.85e+04 |  1:4.6e-03  3:3.7e+01
  221 ,   5526 : 1.9902957833938e+01 +(6e-01,6e+00) | 7.21e+04 |  1:4.3e-03  3:3.6e+01
  222 ,   5551 : 1.9979046966973e+01 +(6e-01,2e+01) | 7.14e+04 |  1:3.8e-03  3:3.1e+01
  223 ,   5576 : 1.9952036846449e+01 +(3e-01,4e+00) | 7.16e+04 |  1:3.2e-03  3:2.6e+01
  224 ,   5601 : 1.9859626371018e+01 +(3e-01,5e+00) | 7.05e+04 |  1:3.1e-03  3:2.5e+01
  225 ,   5626 : 1.9920868214238e+01 +(3e-01,5e+00) | 7.04e+04 |  1:2.8e-03  3:2.2e+01
  226 ,   5651 : 1.9924701051891e+01 +(1e-01,8e-01) | 6.80e+04 |  1:2.7e-03  3:2.1e+01
  227 ,   5676 : 1.9871878726686e+01 +(9e-02,7e-01) | 6.88e+04 |  1:2.8e-03  3:2.2e+01
  228 ,   5701 : 1.9910064020190e+01 +(1e-01,7e-01) | 6.72e+04 |  1:2.6e-03  3:2.0e+01
  229 ,   5726 : 1.9880988701337e+01 +(2e-01,6e-01) | 6.61e+04 |  1:2.4e-03  3:1.9e+01
Iterat, #Fevals:   Function Value    (median,worst) |Axis Ratio|idx:Min SD idx:Max SD
  230 ,   5751 : 1.9871128571594e+01 +(1e-01,6e-01) | 6.67e+04 |  1:2.0e-03  3:1.6e+01
  231 ,   5776 : 1.9851589649674e+01 +(1e-01,2e+00) | 6.82e+04 |  1:2.1e-03  3:1.7e+01
  232 ,   5801 : 1.9858583520265e+01 +(1e-01,7e-01) | 6.82e+04 |  1:2.0e-03  3:1.5e+01
  233 ,   5826 : 1.9865568804395e+01 +(1e-01,4e-01) | 6.80e+04 |  1:1.9e-03  3:1.4e+01
  234 ,   5851 : 1.9859246556040e+01 +(6e-02,3e-01) | 6.95e+04 |  1:1.7e-03  3:1.2e+01
  235 ,   5876 : 1.9864646888080e+01 +(5e-02,2e-01) | 6.91e+04 |  1:1.7e-03  3:1.2e+01
  236 ,   5901 : 1.9866645591342e+01 +(7e-02,2e-01) | 7.40e+04 |  1:1.6e-03  3:1.2e+01
  237 ,   5926 : 1.9853203032086e+01 +(9e-02,3e-01) | 7.18e+04 |  1:1.6e-03  3:1.2e+01
  238 ,   5951 : 1.9854650978764e+01 +(6e-02,2e-01) | 7.04e+04 |  1:1.7e-03  3:1.2e+01
  239 ,   5976 : 1.9855052041150e+01 +(5e-02,4e-01) | 6.97e+04 |  1:1.5e-03  3:1.0e+01
Iterat, #Fevals:   Function Value    (median,worst) |Axis Ratio|idx:Min SD idx:Max SD
  240 ,   6001 : 1.9845838063727e+01 +(7e-02,2e-01) | 7.44e+04 |  1:1.3e-03  3:9.4e+00
  241 ,   6026 : 1.9854906643499e+01 +(5e-02,3e-01) | 7.49e+04 |  1:1.4e-03  3:9.4e+00
  242 ,   6051 : 1.9841116199749e+01 +(4e-02,1e-01) | 7.71e+04 |  1:1.3e-03  3:8.7e+00
  243 ,   6076 : 1.9850869067706e+01 +(4e-02,2e-01) | 7.80e+04 |  1:1.1e-03  3:7.8e+00
  244 ,   6101 : 1.9853551179797e+01 +(2e-02,9e-02) | 7.86e+04 |  1:1.1e-03  3:7.6e+00
  245 ,   6126 : 1.9848987803895e+01 +(2e-02,6e-02) | 7.85e+04 |  1:1.1e-03  3:7.6e+00
  246 ,   6151 : 1.9856460410920e+01 +(2e-02,5e-02) | 7.81e+04 |  1:1.2e-03  3:7.8e+00
  247 ,   6176 : 1.9859054674308e+01 +(2e-02,6e-02) | 8.05e+04 |  1:1.1e-03  3:7.7e+00
  248 ,   6201 : 1.9844793316364e+01 +(3e-02,6e-02) | 8.25e+04 |  1:1.0e-03  3:6.7e+00
  249 ,   6226 : 1.9844275264688e+01 +(3e-02,8e-02) | 8.83e+04 |  1:1.0e-03  3:7.0e+00
Iterat, #Fevals:   Function Value    (median,worst) |Axis Ratio|idx:Min SD idx:Max SD
  250 ,   6251 : 1.9853685235939e+01 +(3e-02,7e-02) | 8.91e+04 |  1:9.5e-04  3:6.8e+00
  251 ,   6276 : 1.9857665031017e+01 +(2e-02,8e-02) | 8.94e+04 |  1:8.8e-04  3:6.2e+00
  252 ,   6301 : 1.9846679339731e+01 +(2e-02,5e-02) | 9.61e+04 |  1:8.3e-04  3:6.1e+00
  253 ,   6326 : 1.9854815638158e+01 +(1e-02,5e-02) | 9.83e+04 |  1:8.5e-04  3:6.0e+00
  254 ,   6351 : 1.9840461148442e+01 +(3e-02,7e-02) | 1.02e+05 |  1:8.5e-04  3:6.2e+00
  255 ,   6376 : 1.9854162762374e+01 +(2e-02,8e-02) | 1.02e+05 |  1:7.3e-04  3:5.1e+00
  256 ,   6401 : 1.9837306301331e+01 +(2e-02,5e-02) | 1.03e+05 |  1:6.7e-04  3:4.3e+00
  257 ,   6426 : 1.9855784150535e+01 +(8e-03,3e-02) | 1.07e+05 |  1:5.8e-04  3:3.7e+00
  258 ,   6451 : 1.9846374830316e+01 +(2e-02,4e-02) | 1.05e+05 |  1:5.0e-04  3:3.3e+00
  259 ,   6476 : 1.9845758694251e+01 +(2e-02,3e-02) | 1.06e+05 |  1:4.3e-04  3:2.9e+00
Iterat, #Fevals:   Function Value    (median,worst) |Axis Ratio|idx:Min SD idx:Max SD
  260 ,   6501 : 1.9846006939535e+01 +(2e-02,3e-02) | 1.06e+05 |  1:4.2e-04  3:2.7e+00
  261 ,   6526 : 1.9849512238264e+01 +(1e-02,4e-02) | 1.07e+05 |  1:4.1e-04  3:2.6e+00
  262 ,   6551 : 1.9842581491600e+01 +(2e-02,3e-02) | 1.05e+05 |  1:4.5e-04  3:2.8e+00
  263 ,   6576 : 1.9850722981892e+01 +(7e-03,2e-02) | 1.06e+05 |  1:4.3e-04  3:2.7e+00
  264 ,   6601 : 1.9853213310037e+01 +(4e-03,2e-02) | 1.11e+05 |  1:4.6e-04  3:2.8e+00
  265 ,   6626 : 1.9846204142648e+01 +(1e-02,4e-02) | 1.16e+05 |  1:4.1e-04  3:2.6e+00
  266 ,   6651 : 1.9843101993351e+01 +(2e-02,4e-02) | 1.14e+05 |  1:4.1e-04  3:2.5e+00
  267 ,   6676 : 1.9844746534278e+01 +(2e-02,4e-02) | 1.18e+05 |  1:3.7e-04  3:2.3e+00
  268 ,   6701 : 1.9832323275673e+01 +(3e-02,5e-02) | 1.11e+05 |  1:3.5e-04  3:2.3e+00
  269 ,   6726 : 1.9851346376243e+01 +(8e-03,3e-02) | 1.13e+05 |  1:3.3e-04  3:2.1e+00
Iterat, #Fevals:   Function Value    (median,worst) |Axis Ratio|idx:Min SD idx:Max SD
  270 ,   6751 : 1.9830474782925e+01 +(3e-02,5e-02) | 1.18e+05 |  1:3.4e-04  3:2.1e+00
  271 ,   6776 : 1.9847030332098e+01 +(1e-02,3e-02) | 1.16e+05 |  1:3.2e-04  3:1.9e+00
  272 ,   6801 : 1.9833918360095e+01 +(2e-02,5e-02) | 1.17e+05 |  1:2.9e-04  3:1.7e+00
  273 ,   6826 : 1.9843193367420e+01 +(2e-02,5e-02) | 1.16e+05 |  1:2.8e-04  3:1.7e+00
  274 ,   6851 : 1.9832953638600e+01 +(2e-02,5e-02) | 1.22e+05 |  1:2.6e-04  3:1.7e+00
  275 ,   6876 : 1.9843909250798e+01 +(1e-02,3e-02) | 1.14e+05 |  1:2.7e-04  3:1.7e+00
  276 ,   6901 : 1.9840742526334e+01 +(2e-02,5e-02) | 1.06e+05 |  1:2.7e-04  3:1.7e+00
  277 ,   6926 : 1.9830011734661e+01 +(3e-02,6e-02) | 1.09e+05 |  1:2.7e-04  3:1.8e+00
  278 ,   6951 : 1.9835683035087e+01 +(2e-02,3e-02) | 1.16e+05 |  1:2.7e-04  3:1.9e+00
  279 ,   6976 : 1.9831124533483e+01 +(3e-02,4e-02) | 1.14e+05 |  1:2.9e-04  3:2.1e+00
Iterat, #Fevals:   Function Value    (median,worst) |Axis Ratio|idx:Min SD idx:Max SD
  280 ,   7001 : 1.9836320898002e+01 +(2e-02,5e-02) | 1.11e+05 |  1:3.2e-04  3:2.3e+00
  281 ,   7026 : 1.9836271319818e+01 +(2e-02,4e-02) | 1.22e+05 |  1:3.9e-04  3:2.9e+00
  282 ,   7051 : 1.9846522540725e+01 +(1e-02,4e-02) | 1.23e+05 |  1:4.6e-04  3:3.3e+00
  283 ,   7076 : 1.9834801903629e+01 +(2e-02,5e-02) | 1.25e+05 |  1:4.8e-04  3:3.4e+00
  284 ,   7101 : 1.9822414681810e+01 +(4e-02,7e-02) | 1.36e+05 |  1:4.8e-04  3:3.6e+00
  285 ,   7126 : 1.9842253111307e+01 +(1e-02,5e-02) | 1.43e+05 |  1:5.1e-04  3:4.2e+00
  286 ,   7151 : 1.9834852121480e+01 +(3e-02,5e-02) | 1.42e+05 |  1:4.8e-04  3:3.9e+00
  287 ,   7176 : 1.9831583442264e+01 +(3e-02,5e-02) | 1.49e+05 |  1:4.6e-04  3:3.9e+00
  288 ,   7201 : 1.9833270676426e+01 +(3e-02,5e-02) | 1.63e+05 |  1:5.1e-04  3:4.6e+00
  289 ,   7226 : 1.9833373622285e+01 +(2e-02,5e-02) | 1.65e+05 |  1:5.3e-04  3:4.6e+00
Iterat, #Fevals:   Function Value    (median,worst) |Axis Ratio|idx:Min SD idx:Max SD
  290 ,   7251 : 1.9842993098499e+01 +(2e-02,4e-02) | 1.75e+05 |  1:5.2e-04  3:4.7e+00
  291 ,   7276 : 1.9830355328535e+01 +(3e-02,6e-02) | 1.78e+05 |  1:5.0e-04  3:4.5e+00
  292 ,   7301 : 1.9837803093137e+01 +(2e-02,6e-02) | 1.82e+05 |  1:4.6e-04  3:4.1e+00
  293 ,   7326 : 1.9837065377709e+01 +(3e-02,5e-02) | 1.80e+05 |  1:4.9e-04  3:4.1e+00
  294 ,   7351 : 1.9836244468556e+01 +(3e-02,6e-02) | 1.79e+05 |  1:5.2e-04  3:4.1e+00
  295 ,   7376 : 1.9833835607087e+01 +(3e-02,5e-02) | 1.91e+05 |  1:4.9e-04  3:3.9e+00
  296 ,   7401 : 1.9838198496666e+01 +(3e-02,5e-02) | 1.91e+05 |  1:4.5e-04  3:3.5e+00
  297 ,   7426 : 1.9827464586612e+01 +(4e-02,6e-02) | 1.89e+05 |  1:4.4e-04  3:3.6e+00
  298 ,   7451 : 1.9821624141281e+01 +(3e-02,8e-02) | 1.82e+05 |  1:4.0e-04  3:3.3e+00
  299 ,   7476 : 1.9814608040510e+01 +(4e-02,7e-02) | 1.85e+05 |  1:3.9e-04  3:3.2e+00
Iterat, #Fevals:   Function Value    (median,worst) |Axis Ratio|idx:Min SD idx:Max SD
  300 ,   7501 : 1.9816764286309e+01 +(4e-02,8e-02) | 1.85e+05 |  1:3.7e-04  3:3.0e+00
  301 ,   7526 : 1.9822561973508e+01 +(4e-02,6e-02) | 1.88e+05 |  1:3.4e-04  3:2.7e+00
  302 ,   7551 : 1.9827773257272e+01 +(3e-02,6e-02) | 1.93e+05 |  1:3.2e-04  3:2.6e+00
  303 ,   7576 : 1.9832139271043e+01 +(3e-02,4e-02) | 1.85e+05 |  1:3.2e-04  3:2.6e+00
  304 ,   7601 : 1.9845217768112e+01 +(2e-02,5e-02) | 1.85e+05 |  1:3.1e-04  3:2.5e+00
  305 ,   7626 : 1.9815469331310e+01 +(4e-02,7e-02) | 1.83e+05 |  1:2.9e-04  3:2.3e+00
  306 ,   7651 : 1.9814777746292e+01 +(4e-02,7e-02) | 1.78e+05 |  1:2.7e-04  3:2.1e+00
  307 ,   7676 : 1.9822419087653e+01 +(4e-02,7e-02) | 1.79e+05 |  1:2.6e-04  3:2.1e+00
  308 ,   7701 : 1.9826893144472e+01 +(3e-02,5e-02) | 1.74e+05 |  1:2.4e-04  3:1.8e+00
  309 ,   7726 : 1.9829770014851e+01 +(3e-02,7e-02) | 1.76e+05 |  1:2.1e-04  3:1.7e+00
Iterat, #Fevals:   Function Value    (median,worst) |Axis Ratio|idx:Min SD idx:Max SD
  310 ,   7751 : 1.9828807543552e+01 +(3e-02,7e-02) | 1.78e+05 |  1:2.3e-04  3:1.8e+00
  311 ,   7776 : 1.9819848576878e+01 +(3e-02,7e-02) | 1.82e+05 |  1:2.2e-04  3:1.9e+00
  312 ,   7801 : 1.9810887858483e+01 +(5e-02,8e-02) | 1.81e+05 |  1:2.1e-04  3:1.7e+00
  313 ,   7826 : 1.9820416813131e+01 +(4e-02,7e-02) | 1.87e+05 |  1:2.1e-04  3:1.7e+00
  314 ,   7851 : 1.9825349642049e+01 +(4e-02,7e-02) | 1.81e+05 |  1:2.0e-04  3:1.6e+00
  315 ,   7876 : 1.9828312898525e+01 +(3e-02,6e-02) | 1.97e+05 |  1:2.1e-04  3:1.8e+00
  316 ,   7901 : 1.9818136755575e+01 +(4e-02,7e-02) | 1.99e+05 |  1:2.0e-04  3:1.7e+00
  317 ,   7926 : 1.9820755917825e+01 +(4e-02,7e-02) | 1.95e+05 |  1:1.9e-04  3:1.6e+00
  318 ,   7951 : 1.9822539543054e+01 +(3e-02,6e-02) | 2.00e+05 |  1:1.7e-04  3:1.4e+00
  319 ,   7976 : 1.9826864651395e+01 +(3e-02,6e-02) | 1.98e+05 |  1:1.8e-04  3:1.5e+00
Iterat, #Fevals:   Function Value    (median,worst) |Axis Ratio|idx:Min SD idx:Max SD
  320 ,   8001 : 1.9835864189891e+01 +(2e-02,5e-02) | 2.08e+05 |  1:1.9e-04  3:1.6e+00
  321 ,   8026 : 1.9824611134172e+01 +(3e-02,7e-02) | 2.13e+05 |  1:1.8e-04  3:1.5e+00
  322 ,   8051 : 1.9828376298479e+01 +(4e-02,7e-02) | 2.13e+05 |  1:2.1e-04  3:1.8e+00
  323 ,   8076 : 1.9817520558710e+01 +(4e-02,7e-02) | 2.09e+05 |  1:2.4e-04  3:2.0e+00
  324 ,   8101 : 1.9827025717781e+01 +(4e-02,8e-02) | 2.20e+05 |  1:3.1e-04  3:2.6e+00
  325 ,   8126 : 1.9820103637862e+01 +(4e-02,7e-02) | 2.23e+05 |  1:3.1e-04  3:2.7e+00
  326 ,   8151 : 1.9839028563332e+01 +(2e-02,5e-02) | 2.17e+05 |  1:3.3e-04  3:2.7e+00
  327 ,   8176 : 1.9825479627505e+01 +(3e-02,7e-02) | 2.14e+05 |  1:3.8e-04  3:2.9e+00
  328 ,   8201 : 1.9819851545199e+01 +(4e-02,7e-02) | 2.13e+05 |  1:3.6e-04  3:2.7e+00
  329 ,   8226 : 1.9828610123243e+01 +(3e-02,7e-02) | 2.11e+05 |  1:3.5e-04  3:2.6e+00
Iterat, #Fevals:   Function Value    (median,worst) |Axis Ratio|idx:Min SD idx:Max SD
  330 ,   8251 : 1.9820675215109e+01 +(4e-02,6e-02) | 2.13e+05 |  1:3.7e-04  3:2.6e+00
  331 ,   8276 : 1.9840868886462e+01 +(2e-02,4e-02) | 2.13e+05 |  1:3.5e-04  3:2.4e+00
  332 ,   8301 : 1.9837628342487e+01 +(2e-02,6e-02) | 2.07e+05 |  1:3.3e-04  3:2.3e+00
  333 ,   8326 : 1.9822648687850e+01 +(3e-02,8e-02) | 2.07e+05 |  1:2.9e-04  3:2.0e+00
  334 ,   8351 : 1.9819627349345e+01 +(4e-02,6e-02) | 2.01e+05 |  1:2.9e-04  3:1.9e+00
  335 ,   8376 : 1.9813036667183e+01 +(4e-02,7e-02) | 2.09e+05 |  1:2.9e-04  3:1.9e+00
  336 ,   8401 : 1.9838200787652e+01 +(2e-02,4e-02) | 2.19e+05 |  1:2.6e-04  3:1.7e+00
  337 ,   8426 : 1.9826317374831e+01 +(3e-02,5e-02) | 2.11e+05 |  1:2.4e-04  3:1.6e+00
  338 ,   8451 : 1.9830661862262e+01 +(2e-02,6e-02) | 2.08e+05 |  1:2.4e-04  3:1.6e+00
  339 ,   8476 : 1.9817622806449e+01 +(4e-02,8e-02) | 2.07e+05 |  1:2.2e-04  3:1.4e+00
Iterat, #Fevals:   Function Value    (median,worst) |Axis Ratio|idx:Min SD idx:Max SD
  340 ,   8501 : 1.9816361365031e+01 +(4e-02,7e-02) | 2.26e+05 |  1:2.3e-04  3:1.5e+00
  341 ,   8526 : 1.9809792642219e+01 +(4e-02,8e-02) | 2.27e+05 |  1:2.3e-04  3:1.5e+00
  342 ,   8551 : 1.9828128920796e+01 +(3e-02,5e-02) | 2.26e+05 |  1:2.3e-04  3:1.5e+00
  343 ,   8576 : 1.9819963593322e+01 +(4e-02,7e-02) | 2.25e+05 |  1:2.2e-04  3:1.5e+00
  344 ,   8601 : 1.9822546650741e+01 +(3e-02,6e-02) | 2.30e+05 |  1:2.2e-04  3:1.5e+00
  345 ,   8626 : 1.9825847628847e+01 +(3e-02,6e-02) | 2.18e+05 |  1:2.4e-04  3:1.5e+00
  346 ,   8651 : 1.9813636061967e+01 +(4e-02,7e-02) | 2.14e+05 |  1:2.6e-04  3:1.6e+00
  347 ,   8676 : 1.9817619300555e+01 +(4e-02,8e-02) | 2.12e+05 |  1:2.8e-04  3:1.7e+00
  348 ,   8701 : 1.9820048574398e+01 +(3e-02,6e-02) | 2.14e+05 |  1:2.9e-04  3:1.8e+00
  349 ,   8726 : 1.9833078487402e+01 +(3e-02,5e-02) | 2.09e+05 |  1:2.9e-04  3:1.8e+00
Iterat, #Fevals:   Function Value    (median,worst) |Axis Ratio|idx:Min SD idx:Max SD
  350 ,   8751 : 1.9816033582598e+01 +(4e-02,7e-02) | 2.12e+05 |  1:2.6e-04  3:1.7e+00
  351 ,   8776 : 1.9827263426729e+01 +(4e-02,7e-02) | 2.29e+05 |  1:2.6e-04  3:1.6e+00
  352 ,   8801 : 1.9813432170134e+01 +(4e-02,7e-02) | 2.37e+05 |  1:2.8e-04  3:1.9e+00
  353 ,   8826 : 1.9831649258274e+01 +(3e-02,7e-02) | 2.52e+05 |  1:2.6e-04  3:1.9e+00
  354 ,   8851 : 1.9811677957257e+01 +(3e-02,8e-02) | 2.46e+05 |  1:2.7e-04  3:1.9e+00
  355 ,   8876 : 1.9836106532811e+01 +(3e-02,5e-02) | 2.43e+05 |  1:2.6e-04  3:1.8e+00
  356 ,   8901 : 1.9822648494078e+01 +(4e-02,8e-02) | 2.48e+05 |  1:2.2e-04  3:1.5e+00
  357 ,   8926 : 1.9830595288648e+01 +(3e-02,6e-02) | 2.47e+05 |  1:1.8e-04  3:1.3e+00
  358 ,   8951 : 1.9822642457520e+01 +(3e-02,6e-02) | 2.34e+05 |  1:1.7e-04  3:1.2e+00
  359 ,   8976 : 1.9819023000615e+01 +(3e-02,7e-02) | 2.37e+05 |  1:1.7e-04  3:1.2e+00
Iterat, #Fevals:   Function Value    (median,worst) |Axis Ratio|idx:Min SD idx:Max SD
  360 ,   9001 : 1.9813619528777e+01 +(3e-02,8e-02) | 2.38e+05 |  1:1.6e-04  3:1.2e+00
  361 ,   9026 : 1.9821385850382e+01 +(4e-02,6e-02) | 2.37e+05 |  1:1.5e-04  3:1.1e+00
  362 ,   9051 : 1.9816522182689e+01 +(5e-02,8e-02) | 2.39e+05 |  1:1.3e-04  3:9.5e-01
  363 ,   9076 : 1.9816205461003e+01 +(4e-02,7e-02) | 2.31e+05 |  1:1.3e-04  3:9.1e-01
  364 ,   9101 : 1.9831175288959e+01 +(3e-02,5e-02) | 2.35e+05 |  1:1.1e-04  3:8.4e-01
  365 ,   9126 : 1.9812825063198e+01 +(4e-02,7e-02) | 2.34e+05 |  1:1.1e-04  3:8.0e-01
  366 ,   9151 : 1.9812901449118e+01 +(5e-02,8e-02) | 2.25e+05 |  1:1.2e-04  3:8.5e-01
  367 ,   9176 : 1.9825144992063e+01 +(3e-02,6e-02) | 2.28e+05 |  1:1.3e-04  3:9.0e-01
  368 ,   9201 : 1.9827207791548e+01 +(2e-02,7e-02) | 2.30e+05 |  1:1.4e-04  3:9.9e-01
  369 ,   9226 : 1.9818902249605e+01 +(4e-02,7e-02) | 2.51e+05 |  1:1.6e-04  3:1.2e+00
Iterat, #Fevals:   Function Value    (median,worst) |Axis Ratio|idx:Min SD idx:Max SD
  370 ,   9251 : 1.9829364618707e+01 +(3e-02,5e-02) | 2.62e+05 |  1:2.0e-04  3:1.6e+00
  371 ,   9276 : 1.9831415239911e+01 +(3e-02,5e-02) | 2.70e+05 |  1:2.4e-04  3:1.9e+00
  372 ,   9301 : 1.9833165126687e+01 +(3e-02,6e-02) | 2.61e+05 |  1:2.8e-04  3:2.2e+00
  373 ,   9326 : 1.9837339288320e+01 +(2e-02,5e-02) | 2.81e+05 |  1:3.1e-04  3:2.5e+00
  374 ,   9351 : 1.9817924572020e+01 +(4e-02,8e-02) | 3.03e+05 |  1:3.4e-04  3:2.8e+00
  375 ,   9376 : 1.9829127170382e+01 +(3e-02,6e-02) | 3.14e+05 |  1:3.5e-04  3:2.9e+00
  376 ,   9401 : 1.9838024134042e+01 +(2e-02,5e-02) | 3.14e+05 |  1:3.5e-04  3:3.0e+00
  377 ,   9426 : 1.9828216119362e+01 +(4e-02,6e-02) | 3.15e+05 |  1:3.4e-04  3:3.0e+00
  378 ,   9451 : 1.9836968446188e+01 +(2e-02,5e-02) | 3.15e+05 |  1:3.2e-04  3:3.0e+00
  379 ,   9476 : 1.9838090015211e+01 +(3e-02,6e-02) | 3.25e+05 |  1:3.0e-04  3:2.9e+00
Iterat, #Fevals:   Function Value    (median,worst) |Axis Ratio|idx:Min SD idx:Max SD
  380 ,   9501 : 1.9842491435559e+01 +(1e-02,4e-02) | 3.42e+05 |  1:3.1e-04  3:3.0e+00
  381 ,   9526 : 1.9832196522759e+01 +(3e-02,6e-02) | 3.27e+05 |  1:2.8e-04  3:2.6e+00
  382 ,   9551 : 1.9833694917101e+01 +(3e-02,5e-02) | 3.23e+05 |  1:2.6e-04  3:2.5e+00
  383 ,   9576 : 1.9826355982704e+01 +(3e-02,6e-02) | 3.23e+05 |  1:2.5e-04  3:2.4e+00
  384 ,   9601 : 1.9835375482876e+01 +(2e-02,5e-02) | 3.11e+05 |  1:2.5e-04  3:2.4e+00
  385 ,   9626 : 1.9823361646142e+01 +(4e-02,6e-02) | 3.12e+05 |  1:2.2e-04  3:2.1e+00
  386 ,   9651 : 1.9836473020621e+01 +(2e-02,4e-02) | 3.10e+05 |  1:2.2e-04  3:2.1e+00
  387 ,   9676 : 1.9821897023358e+01 +(4e-02,6e-02) | 3.07e+05 |  1:2.4e-04  3:2.3e+00
  388 ,   9701 : 1.9813949334482e+01 +(4e-02,7e-02) | 3.21e+05 |  1:2.3e-04  3:2.2e+00
  389 ,   9726 : 1.9824541997023e+01 +(3e-02,6e-02) | 3.09e+05 |  1:2.1e-04  3:2.0e+00
Iterat, #Fevals:   Function Value    (median,worst) |Axis Ratio|idx:Min SD idx:Max SD
  390 ,   9751 : 1.9837280672420e+01 +(2e-02,5e-02) | 3.25e+05 |  1:2.0e-04  3:1.9e+00
  391 ,   9776 : 1.9821061943104e+01 +(4e-02,6e-02) | 3.39e+05 |  1:1.9e-04  3:1.9e+00
  392 ,   9801 : 1.9843048628124e+01 +(1e-02,5e-02) | 3.43e+05 |  1:1.9e-04  3:1.9e+00
  393 ,   9826 : 1.9822026089188e+01 +(3e-02,6e-02) | 3.49e+05 |  1:1.8e-04  3:1.9e+00
  394 ,   9851 : 1.9812514513911e+01 +(4e-02,8e-02) | 3.65e+05 |  1:1.8e-04  3:1.9e+00
  395 ,   9876 : 1.9826184513413e+01 +(3e-02,5e-02) | 3.55e+05 |  1:1.8e-04  3:1.8e+00
  396 ,   9901 : 1.9824889928464e+01 +(4e-02,7e-02) | 3.55e+05 |  1:1.7e-04  3:1.8e+00
  397 ,   9926 : 1.9832711298827e+01 +(3e-02,5e-02) | 3.67e+05 |  1:1.6e-04  3:1.7e+00
  398 ,   9951 : 1.9823672415932e+01 +(3e-02,6e-02) | 3.61e+05 |  1:1.5e-04  3:1.6e+00
  399 ,   9976 : 1.9827111674906e+01 +(3e-02,6e-02) | 3.59e+05 |  1:1.3e-04  3:1.4e+00
Iterat, #Fevals:   Function Value    (median,worst) |Axis Ratio|idx:Min SD idx:Max SD
  400 ,  10001 : 1.9830605356352e+01 +(3e-02,6e-02) | 3.51e+05 |  1:1.2e-04  3:1.3e+00
  401 ,  10026 : 1.9832153799482e+01 +(3e-02,6e-02) | 3.62e+05 |  1:1.1e-04  3:1.2e+00
  402 ,  10051 : 1.9824179107436e+01 +(4e-02,6e-02) | 3.71e+05 |  1:1.4e-04  3:1.6e+00
  403 ,  10076 : 1.9830867291108e+01 +(3e-02,6e-02) | 3.92e+05 |  1:1.5e-04  3:1.6e+00
  404 ,  10101 : 1.9827521001779e+01 +(3e-02,5e-02) | 3.85e+05 |  1:1.5e-04  3:1.7e+00
  405 ,  10126 : 1.9817188308796e+01 +(4e-02,7e-02) | 3.88e+05 |  1:1.4e-04  3:1.6e+00
  406 ,  10151 : 1.9828707120457e+01 +(3e-02,5e-02) | 3.80e+05 |  1:1.5e-04  3:1.7e+00
  407 ,  10176 : 1.9833286504906e+01 +(3e-02,6e-02) | 3.92e+05 |  1:1.5e-04  3:1.8e+00
  408 ,  10201 : 1.9819729980507e+01 +(3e-02,6e-02) | 3.96e+05 |  1:1.4e-04  3:1.7e+00
  409 ,  10226 : 1.9838295851247e+01 +(2e-02,4e-02) | 4.21e+05 |  1:1.4e-04  3:1.8e+00
Iterat, #Fevals:   Function Value    (median,worst) |Axis Ratio|idx:Min SD idx:Max SD
  410 ,  10251 : 1.9817927982007e+01 +(4e-02,6e-02) | 4.24e+05 |  1:1.3e-04  3:1.7e+00
  411 ,  10276 : 1.9820192289861e+01 +(4e-02,7e-02) | 4.33e+05 |  1:1.3e-04  3:1.7e+00
  412 ,  10301 : 1.9823125678636e+01 +(4e-02,7e-02) | 4.42e+05 |  1:1.4e-04  3:1.7e+00
  413 ,  10326 : 1.9827163751583e+01 +(3e-02,4e-02) | 4.46e+05 |  1:1.3e-04  3:1.6e+00
  414 ,  10351 : 1.9834469450760e+01 +(2e-02,4e-02) | 4.56e+05 |  1:1.3e-04  3:1.7e+00
  415 ,  10376 : 1.9818558094521e+01 +(4e-02,6e-02) | 4.50e+05 |  1:1.4e-04  3:1.9e+00
  416 ,  10401 : 1.9813439959972e+01 +(4e-02,7e-02) | 4.42e+05 |  1:1.5e-04  3:1.9e+00
  417 ,  10426 : 1.9836846850263e+01 +(3e-02,6e-02) | 4.55e+05 |  1:1.8e-04  3:2.3e+00
  418 ,  10451 : 1.9826708030003e+01 +(3e-02,6e-02) | 4.56e+05 |  1:1.6e-04  3:2.1e+00
  419 ,  10476 : 1.9823008234972e+01 +(3e-02,6e-02) | 4.66e+05 |  1:1.7e-04  3:2.1e+00
Iterat, #Fevals:   Function Value    (median,worst) |Axis Ratio|idx:Min SD idx:Max SD
  420 ,  10501 : 1.9834148143075e+01 +(2e-02,5e-02) | 4.39e+05 |  1:1.8e-04  3:2.2e+00
  421 ,  10526 : 1.9816309574515e+01 +(4e-02,6e-02) | 4.33e+05 |  1:2.0e-04  3:2.4e+00
  422 ,  10551 : 1.9827478807139e+01 +(3e-02,5e-02) | 4.32e+05 |  1:1.9e-04  3:2.3e+00
  423 ,  10576 : 1.9842355224505e+01 +(2e-02,4e-02) | 4.28e+05 |  1:1.7e-04  3:2.0e+00
  424 ,  10601 : 1.9818958242741e+01 +(4e-02,7e-02) | 4.32e+05 |  1:1.6e-04  3:2.0e+00
  425 ,  10626 : 1.9823368423739e+01 +(4e-02,6e-02) | 4.11e+05 |  1:1.4e-04  3:1.7e+00
  426 ,  10651 : 1.9831954062559e+01 +(3e-02,5e-02) | 4.06e+05 |  1:1.4e-04  3:1.6e+00
  427 ,  10676 : 1.9810634072152e+01 +(5e-02,7e-02) | 4.08e+05 |  1:1.4e-04  3:1.6e+00
  428 ,  10701 : 1.9828328160189e+01 +(3e-02,6e-02) | 4.23e+05 |  1:1.5e-04  3:1.7e+00
  429 ,  10726 : 1.9812629944391e+01 +(4e-02,8e-02) | 4.35e+05 |  1:1.4e-04  3:1.6e+00
Iterat, #Fevals:   Function Value    (median,worst) |Axis Ratio|idx:Min SD idx:Max SD
  430 ,  10751 : 1.9821102513074e+01 +(3e-02,5e-02) | 4.51e+05 |  1:1.3e-04  3:1.5e+00
  431 ,  10776 : 1.9821637111712e+01 +(3e-02,6e-02) | 4.27e+05 |  1:1.4e-04  3:1.5e+00
  432 ,  10801 : 1.9814753945787e+01 +(4e-02,6e-02) | 3.78e+05 |  1:1.4e-04  3:1.6e+00
  433 ,  10826 : 1.9814100665974e+01 +(4e-02,6e-02) | 3.71e+05 |  1:1.4e-04  3:1.6e+00
  434 ,  10851 : 1.9816316267544e+01 +(4e-02,6e-02) | 3.67e+05 |  1:1.4e-04  3:1.5e+00
  435 ,  10876 : 1.9822818503485e+01 +(4e-02,6e-02) | 3.71e+05 |  1:1.3e-04  3:1.4e+00
  436 ,  10901 : 1.9821356178642e+01 +(3e-02,5e-02) | 3.89e+05 |  1:1.2e-04  3:1.3e+00
  437 ,  10926 : 1.9840231552237e+01 +(2e-02,4e-02) | 3.73e+05 |  1:1.2e-04  3:1.3e+00
  438 ,  10951 : 1.9831164337639e+01 +(3e-02,5e-02) | 3.39e+05 |  1:1.3e-04  3:1.4e+00
  439 ,  10976 : 1.9823283916442e+01 +(4e-02,5e-02) | 3.42e+05 |  1:1.4e-04  3:1.6e+00
Iterat, #Fevals:   Function Value    (median,worst) |Axis Ratio|idx:Min SD idx:Max SD
  440 ,  11001 : 1.9828518610972e+01 +(3e-02,6e-02) | 3.24e+05 |  1:1.4e-04  3:1.6e+00
  441 ,  11026 : 1.9819600728786e+01 +(3e-02,6e-02) | 3.20e+05 |  1:1.3e-04  3:1.5e+00
  442 ,  11051 : 1.9830420598840e+01 +(2e-02,5e-02) | 3.31e+05 |  1:1.3e-04  3:1.5e+00
  443 ,  11076 : 1.9827546827396e+01 +(3e-02,5e-02) | 3.36e+05 |  1:1.3e-04  3:1.5e+00
  444 ,  11101 : 1.9816377020365e+01 +(4e-02,6e-02) | 3.37e+05 |  1:1.4e-04  3:1.5e+00
  445 ,  11126 : 1.9817252857611e+01 +(3e-02,7e-02) | 3.36e+05 |  1:1.2e-04  3:1.3e+00
  446 ,  11151 : 1.9834834079987e+01 +(2e-02,4e-02) | 3.36e+05 |  1:1.1e-04  3:1.2e+00
  447 ,  11176 : 1.9821470786287e+01 +(4e-02,6e-02) | 3.29e+05 |  1:1.2e-04  3:1.3e+00
  448 ,  11201 : 1.9837508235767e+01 +(3e-02,5e-02) | 3.32e+05 |  1:1.3e-04  3:1.3e+00
  449 ,  11226 : 1.9830058100014e+01 +(3e-02,5e-02) | 3.28e+05 |  1:1.2e-04  3:1.3e+00
Iterat, #Fevals:   Function Value    (median,worst) |Axis Ratio|idx:Min SD idx:Max SD
  450 ,  11251 : 1.9825780819339e+01 +(3e-02,6e-02) | 3.36e+05 |  1:1.5e-04  3:1.4e+00
  451 ,  11276 : 1.9819580775178e+01 +(4e-02,6e-02) | 3.47e+05 |  1:1.5e-04  3:1.4e+00
  452 ,  11301 : 1.9821911243971e+01 +(3e-02,5e-02) | 3.41e+05 |  1:1.5e-04  3:1.4e+00
  453 ,  11326 : 1.9825398381528e+01 +(3e-02,5e-02) | 3.37e+05 |  1:1.4e-04  3:1.3e+00
  454 ,  11351 : 1.9826735620974e+01 +(3e-02,5e-02) | 3.20e+05 |  1:1.4e-04  3:1.3e+00
  455 ,  11376 : 1.9826925025821e+01 +(3e-02,4e-02) | 3.15e+05 |  1:1.4e-04  3:1.3e+00
  456 ,  11401 : 1.9809887545238e+01 +(5e-02,7e-02) | 3.04e+05 |  1:1.2e-04  3:1.2e+00
  457 ,  11426 : 1.9816607487350e+01 +(4e-02,8e-02) | 3.20e+05 |  1:1.3e-04  3:1.2e+00
  458 ,  11451 : 1.9829160028441e+01 +(3e-02,6e-02) | 3.41e+05 |  1:1.2e-04  3:1.2e+00
  459 ,  11476 : 1.9815748699150e+01 +(4e-02,7e-02) | 3.31e+05 |  1:1.2e-04  3:1.1e+00
Iterat, #Fevals:   Function Value    (median,worst) |Axis Ratio|idx:Min SD idx:Max SD
  460 ,  11501 : 1.9819141822790e+01 +(3e-02,6e-02) | 3.25e+05 |  1:1.3e-04  3:1.2e+00
  461 ,  11526 : 1.9820456847790e+01 +(3e-02,7e-02) | 3.19e+05 |  1:1.2e-04  3:1.1e+00
  462 ,  11551 : 1.9816230406998e+01 +(4e-02,6e-02) | 3.17e+05 |  1:1.2e-04  3:1.1e+00
  463 ,  11576 : 1.9815455128436e+01 +(4e-02,7e-02) | 3.04e+05 |  1:1.3e-04  3:1.1e+00
  464 ,  11601 : 1.9823137126320e+01 +(3e-02,7e-02) | 2.97e+05 |  1:1.2e-04  3:1.0e+00
  465 ,  11626 : 1.9827577936401e+01 +(2e-02,6e-02) | 3.00e+05 |  1:1.1e-04  3:9.8e-01
  466 ,  11651 : 1.9829304621555e+01 +(3e-02,6e-02) | 3.14e+05 |  1:1.0e-04  3:9.6e-01
  467 ,  11676 : 1.9824498804568e+01 +(3e-02,6e-02) | 3.35e+05 |  1:1.2e-04  3:1.1e+00
  468 ,  11701 : 1.9824639138365e+01 +(3e-02,7e-02) | 3.49e+05 |  1:1.1e-04  3:1.1e+00
  469 ,  11726 : 1.9821899215970e+01 +(3e-02,6e-02) | 3.49e+05 |  1:1.0e-04  3:9.7e-01
Iterat, #Fevals:   Function Value    (median,worst) |Axis Ratio|idx:Min SD idx:Max SD
  470 ,  11751 : 1.9810282421947e+01 +(5e-02,7e-02) | 3.49e+05 |  1:1.1e-04  3:1.1e+00
  471 ,  11776 : 1.9813017675391e+01 +(5e-02,7e-02) | 3.49e+05 |  1:1.1e-04  3:1.1e+00
  472 ,  11801 : 1.9822048158950e+01 +(3e-02,6e-02) | 3.72e+05 |  1:1.1e-04  3:1.1e+00
  473 ,  11826 : 1.9810614478803e+01 +(4e-02,7e-02) | 3.62e+05 |  1:9.8e-05  3:9.8e-01
  474 ,  11851 : 1.9811629403838e+01 +(4e-02,7e-02) | 3.58e+05 |  1:8.6e-05  3:8.6e-01
  475 ,  11876 : 1.9825263838666e+01 +(3e-02,5e-02) | 3.72e+05 |  1:1.0e-04  3:1.1e+00
  476 ,  11901 : 1.9816593270758e+01 +(4e-02,6e-02) | 3.76e+05 |  1:1.1e-04  3:1.2e+00
  477 ,  11926 : 1.9821536328628e+01 +(4e-02,6e-02) | 3.79e+05 |  1:1.1e-04  3:1.2e+00
  478 ,  11951 : 1.9834059768415e+01 +(2e-02,5e-02) | 3.87e+05 |  1:1.2e-04  3:1.3e+00
  479 ,  11976 : 1.9814087061682e+01 +(3e-02,6e-02) | 3.89e+05 |  1:1.1e-04  3:1.2e+00
Iterat, #Fevals:   Function Value    (median,worst) |Axis Ratio|idx:Min SD idx:Max SD
  480 ,  12001 : 1.9831605876891e+01 +(3e-02,4e-02) | 3.78e+05 |  1:1.0e-04  3:1.1e+00
  481 ,  12026 : 1.9820390632330e+01 +(3e-02,7e-02) | 3.77e+05 |  1:9.5e-05  3:9.8e-01
  482 ,  12051 : 1.9828874094968e+01 +(2e-02,5e-02) | 3.68e+05 |  1:8.8e-05  3:8.9e-01
  483 ,  12076 : 1.9809187894647e+01 +(5e-02,7e-02) | 3.65e+05 |  1:9.3e-05  3:9.3e-01
  484 ,  12101 : 1.9816798991243e+01 +(4e-02,6e-02) | 3.68e+05 |  1:9.3e-05  3:9.4e-01
  485 ,  12126 : 1.9808976135242e+01 +(5e-02,8e-02) | 3.78e+05 |  1:8.9e-05  3:9.0e-01
  486 ,  12151 : 1.9821064131521e+01 +(3e-02,7e-02) | 3.86e+05 |  1:9.2e-05  3:9.3e-01
  487 ,  12176 : 1.9806892345560e+01 +(4e-02,6e-02) | 3.82e+05 |  1:8.9e-05  3:9.4e-01
  488 ,  12201 : 1.9821032865599e+01 +(4e-02,6e-02) | 3.70e+05 |  1:8.9e-05  3:9.7e-01
  489 ,  12226 : 1.9816841357978e+01 +(4e-02,6e-02) | 3.72e+05 |  1:9.3e-05  3:1.0e+00
Iterat, #Fevals:   Function Value    (median,worst) |Axis Ratio|idx:Min SD idx:Max SD
  490 ,  12251 : 1.9819634569763e+01 +(4e-02,6e-02) | 3.90e+05 |  1:9.6e-05  3:1.1e+00
  491 ,  12276 : 1.9807290885908e+01 +(5e-02,8e-02) | 3.91e+05 |  1:8.7e-05  3:1.0e+00
  492 ,  12301 : 1.9818814059641e+01 +(4e-02,6e-02) | 3.88e+05 |  1:7.5e-05  3:8.9e-01
  493 ,  12326 : 1.9816856022740e+01 +(3e-02,6e-02) | 3.80e+05 |  1:6.8e-05  3:8.0e-01
  494 ,  12351 : 1.9815246084521e+01 +(4e-02,6e-02) | 3.79e+05 |  1:6.8e-05  3:8.0e-01
  495 ,  12376 : 1.9820764223864e+01 +(4e-02,7e-02) | 3.76e+05 |  1:5.9e-05  3:7.0e-01
  496 ,  12401 : 1.9832436087885e+01 +(2e-02,7e-02) | 3.85e+05 |  1:5.8e-05  3:7.2e-01
  497 ,  12426 : 1.9818234087781e+01 +(4e-02,6e-02) | 3.85e+05 |  1:6.2e-05  3:7.7e-01
  498 ,  12451 : 1.9811050165764e+01 +(5e-02,8e-02) | 3.81e+05 |  1:5.3e-05  3:6.5e-01
  499 ,  12476 : 1.9829862500772e+01 +(3e-02,6e-02) | 3.83e+05 |  1:5.8e-05  3:6.7e-01
Iterat, #Fevals:   Function Value    (median,worst) |Axis Ratio|idx:Min SD idx:Max SD
  500 ,  12501 : 1.9812994332484e+01 +(4e-02,8e-02) | 3.82e+05 |  1:6.2e-05  3:6.4e-01
  501 ,  12526 : 1.9826892815694e+01 +(3e-02,5e-02) | 3.69e+05 |  1:5.7e-05  3:6.0e-01
  502 ,  12551 : 1.9816570084398e+01 +(3e-02,6e-02) | 3.91e+05 |  1:5.0e-05  3:5.5e-01
  503 ,  12576 : 1.9809174117958e+01 +(5e-02,7e-02) | 3.94e+05 |  1:4.8e-05  3:5.2e-01
  504 ,  12601 : 1.9818802304791e+01 +(4e-02,7e-02) | 3.94e+05 |  1:4.4e-05  3:4.8e-01
  505 ,  12626 : 1.9817659241476e+01 +(3e-02,6e-02) | 3.94e+05 |  1:4.2e-05  3:4.6e-01
  506 ,  12651 : 1.9827176231194e+01 +(2e-02,5e-02) | 3.71e+05 |  1:4.1e-05  3:4.6e-01
  507 ,  12676 : 1.9819319620347e+01 +(3e-02,7e-02) | 3.72e+05 |  1:3.8e-05  3:4.2e-01
  508 ,  12701 : 1.9826395031421e+01 +(3e-02,6e-02) | 3.66e+05 |  1:4.1e-05  3:4.2e-01
  509 ,  12726 : 1.9814734126242e+01 +(4e-02,7e-02) | 3.91e+05 |  1:3.6e-05  3:3.9e-01
Iterat, #Fevals:   Function Value    (median,worst) |Axis Ratio|idx:Min SD idx:Max SD
  510 ,  12751 : 1.9821941267625e+01 +(3e-02,6e-02) | 3.94e+05 |  1:3.7e-05  3:3.8e-01
  511 ,  12776 : 1.9816482184312e+01 +(4e-02,6e-02) | 3.93e+05 |  1:3.7e-05  3:3.9e-01
  512 ,  12801 : 1.9826667489996e+01 +(3e-02,7e-02) | 4.08e+05 |  1:3.4e-05  3:3.7e-01
  513 ,  12826 : 1.9820349740635e+01 +(4e-02,7e-02) | 4.07e+05 |  1:3.9e-05  3:4.3e-01
  514 ,  12851 : 1.9817987643093e+01 +(3e-02,7e-02) | 3.88e+05 |  1:3.6e-05  3:3.8e-01
  515 ,  12876 : 1.9824501121493e+01 +(3e-02,6e-02) | 3.91e+05 |  1:3.8e-05  3:4.0e-01
  516 ,  12901 : 1.9822115901401e+01 +(3e-02,8e-02) | 3.89e+05 |  1:4.5e-05  3:4.3e-01
  517 ,  12926 : 1.9817527322554e+01 +(4e-02,7e-02) | 3.96e+05 |  1:4.8e-05  3:4.6e-01
  518 ,  12951 : 1.9818183986535e+01 +(4e-02,7e-02) | 3.86e+05 |  1:4.8e-05  3:4.7e-01
  519 ,  12976 : 1.9820379328239e+01 +(3e-02,6e-02) | 3.70e+05 |  1:4.6e-05  3:4.5e-01
Iterat, #Fevals:   Function Value    (median,worst) |Axis Ratio|idx:Min SD idx:Max SD
  520 ,  13001 : 1.9827129039496e+01 +(3e-02,7e-02) | 3.66e+05 |  1:4.6e-05  3:4.5e-01
  521 ,  13026 : 1.9811508939747e+01 +(4e-02,7e-02) | 3.76e+05 |  1:4.7e-05  3:4.5e-01
  522 ,  13051 : 1.9826287440959e+01 +(2e-02,5e-02) | 3.47e+05 |  1:4.2e-05  3:3.9e-01
  523 ,  13076 : 1.9825627176805e+01 +(3e-02,6e-02) | 3.38e+05 |  1:4.5e-05  3:4.1e-01
  524 ,  13101 : 1.9827600566298e+01 +(3e-02,5e-02) | 3.42e+05 |  1:4.8e-05  3:4.3e-01
  525 ,  13126 : 1.9807069704060e+01 +(5e-02,8e-02) | 3.27e+05 |  1:4.6e-05  3:3.9e-01
  526 ,  13151 : 1.9817143615743e+01 +(4e-02,7e-02) | 3.38e+05 |  1:4.1e-05  3:3.5e-01
  527 ,  13176 : 1.9823314314165e+01 +(3e-02,6e-02) | 3.74e+05 |  1:4.3e-05  3:3.9e-01
  528 ,  13201 : 1.9813361961123e+01 +(4e-02,7e-02) | 3.59e+05 |  1:3.9e-05  3:3.5e-01
  529 ,  13226 : 1.9821870169818e+01 +(2e-02,5e-02) | 3.67e+05 |  1:3.7e-05  3:3.5e-01
Iterat, #Fevals:   Function Value    (median,worst) |Axis Ratio|idx:Min SD idx:Max SD
  530 ,  13251 : 1.9817692027222e+01 +(3e-02,8e-02) | 3.61e+05 |  1:3.6e-05  3:3.4e-01
  531 ,  13276 : 1.9809787751883e+01 +(5e-02,7e-02) | 3.54e+05 |  1:3.9e-05  3:3.8e-01
  532 ,  13301 : 1.9816484641316e+01 +(4e-02,7e-02) | 3.53e+05 |  1:3.9e-05  3:3.8e-01
  533 ,  13326 : 1.9829194618664e+01 +(3e-02,5e-02) | 3.54e+05 |  1:3.9e-05  3:4.0e-01
  534 ,  13351 : 1.9823782981346e+01 +(3e-02,6e-02) | 3.59e+05 |  1:3.8e-05  3:3.9e-01
  535 ,  13376 : 1.9824936620791e+01 +(3e-02,5e-02) | 3.71e+05 |  1:3.7e-05  3:4.0e-01
  536 ,  13401 : 1.9833584269673e+01 +(3e-02,6e-02) | 3.71e+05 |  1:3.6e-05  3:4.0e-01
  537 ,  13426 : 1.9812780223368e+01 +(4e-02,6e-02) | 3.60e+05 |  1:3.5e-05  3:3.8e-01
  538 ,  13451 : 1.9814329772591e+01 +(4e-02,7e-02) | 3.57e+05 |  1:3.4e-05  3:3.6e-01
  539 ,  13476 : 1.9817742050896e+01 +(3e-02,6e-02) | 3.81e+05 |  1:3.6e-05  3:4.0e-01
Iterat, #Fevals:   Function Value    (median,worst) |Axis Ratio|idx:Min SD idx:Max SD
  540 ,  13501 : 1.9823223432551e+01 +(3e-02,6e-02) | 3.95e+05 |  1:3.8e-05  3:4.6e-01
  541 ,  13526 : 1.9828685575739e+01 +(3e-02,5e-02) | 4.16e+05 |  1:3.7e-05  3:4.5e-01
  542 ,  13551 : 1.9818040044530e+01 +(4e-02,7e-02) | 4.19e+05 |  1:3.8e-05  3:4.8e-01
  543 ,  13576 : 1.9818054748595e+01 +(3e-02,8e-02) | 4.09e+05 |  1:3.9e-05  3:4.8e-01
  544 ,  13601 : 1.9813872464506e+01 +(4e-02,7e-02) | 4.06e+05 |  1:4.0e-05  3:4.9e-01
  545 ,  13626 : 1.9816420921533e+01 +(4e-02,8e-02) | 4.13e+05 |  1:5.0e-05  3:5.8e-01
  546 ,  13651 : 1.9819328035782e+01 +(3e-02,7e-02) | 4.09e+05 |  1:4.6e-05  3:5.6e-01
  547 ,  13676 : 1.9830819536570e+01 +(3e-02,6e-02) | 4.22e+05 |  1:4.5e-05  3:5.6e-01
  548 ,  13701 : 1.9826027834865e+01 +(2e-02,5e-02) | 4.14e+05 |  1:4.1e-05  3:4.8e-01
  549 ,  13726 : 1.9827297959179e+01 +(3e-02,6e-02) | 4.07e+05 |  1:3.6e-05  3:4.3e-01
Iterat, #Fevals:   Function Value    (median,worst) |Axis Ratio|idx:Min SD idx:Max SD
  550 ,  13751 : 1.9812785352769e+01 +(5e-02,7e-02) | 4.03e+05 |  1:3.5e-05  3:4.2e-01
  551 ,  13776 : 1.9824377716472e+01 +(3e-02,6e-02) | 3.94e+05 |  1:3.1e-05  3:3.8e-01
  552 ,  13801 : 1.9817235008567e+01 +(4e-02,7e-02) | 3.95e+05 |  1:3.7e-05  3:4.4e-01
  553 ,  13826 : 1.9807086675535e+01 +(4e-02,7e-02) | 4.08e+05 |  1:3.9e-05  3:4.5e-01
  554 ,  13851 : 1.9821578023060e+01 +(3e-02,7e-02) | 4.21e+05 |  1:4.2e-05  3:4.7e-01
  555 ,  13876 : 1.9830863313906e+01 +(2e-02,7e-02) | 4.12e+05 |  1:4.2e-05  3:4.8e-01
  556 ,  13901 : 1.9822043697753e+01 +(3e-02,6e-02) | 3.79e+05 |  1:4.8e-05  3:5.5e-01
  557 ,  13926 : 1.9814770844409e+01 +(4e-02,6e-02) | 3.82e+05 |  1:5.3e-05  3:6.2e-01
  558 ,  13951 : 1.9834052377686e+01 +(3e-02,5e-02) | 3.96e+05 |  1:5.7e-05  3:6.8e-01
  559 ,  13976 : 1.9812903190255e+01 +(5e-02,7e-02) | 3.98e+05 |  1:5.0e-05  3:5.8e-01
Iterat, #Fevals:   Function Value    (median,worst) |Axis Ratio|idx:Min SD idx:Max SD
  560 ,  14001 : 1.9823459309732e+01 +(3e-02,7e-02) | 3.95e+05 |  1:5.3e-05  3:5.6e-01
  561 ,  14026 : 1.9823186505181e+01 +(3e-02,5e-02) | 4.02e+05 |  1:4.8e-05  3:5.1e-01
  562 ,  14051 : 1.9820938354787e+01 +(4e-02,7e-02) | 4.04e+05 |  1:4.9e-05  3:5.3e-01
  563 ,  14076 : 1.9817768230866e+01 +(4e-02,7e-02) | 3.97e+05 |  1:5.2e-05  3:5.4e-01
  564 ,  14101 : 1.9827964345135e+01 +(3e-02,5e-02) | 4.00e+05 |  1:4.7e-05  3:4.9e-01
  565 ,  14126 : 1.9823882895339e+01 +(3e-02,6e-02) | 3.89e+05 |  1:4.1e-05  3:4.3e-01
  566 ,  14151 : 1.9814674512070e+01 +(4e-02,8e-02) | 3.59e+05 |  1:4.1e-05  3:4.1e-01
  567 ,  14176 : 1.9819279093718e+01 +(2e-02,7e-02) | 3.38e+05 |  1:4.1e-05  3:3.9e-01
  568 ,  14201 : 1.9826647483543e+01 +(3e-02,5e-02) | 3.36e+05 |  1:4.5e-05  3:4.1e-01
  569 ,  14226 : 1.9821101505458e+01 +(3e-02,6e-02) | 3.35e+05 |  1:4.0e-05  3:3.5e-01
Iterat, #Fevals:   Function Value    (median,worst) |Axis Ratio|idx:Min SD idx:Max SD
  570 ,  14251 : 1.9820787509012e+01 +(3e-02,6e-02) | 3.59e+05 |  1:4.3e-05  3:3.7e-01
  571 ,  14276 : 1.9809491911153e+01 +(5e-02,8e-02) | 3.57e+05 |  1:3.7e-05  3:3.2e-01
  572 ,  14301 : 1.9822057435266e+01 +(3e-02,6e-02) | 3.63e+05 |  1:3.5e-05  3:3.1e-01
  573 ,  14326 : 1.9838652581345e+01 +(2e-02,4e-02) | 3.61e+05 |  1:3.7e-05  3:3.3e-01
  574 ,  14351 : 1.9818052879546e+01 +(4e-02,6e-02) | 3.77e+05 |  1:3.7e-05  3:3.2e-01
  575 ,  14376 : 1.9815123058242e+01 +(5e-02,7e-02) | 3.83e+05 |  1:3.5e-05  3:3.1e-01
  576 ,  14401 : 1.9812252034088e+01 +(3e-02,8e-02) | 3.77e+05 |  1:3.8e-05  3:3.3e-01
  577 ,  14426 : 1.9822628845657e+01 +(3e-02,6e-02) | 3.97e+05 |  1:3.9e-05  3:3.3e-01
  578 ,  14451 : 1.9809170030010e+01 +(4e-02,7e-02) | 3.99e+05 |  1:4.0e-05  3:3.3e-01
  579 ,  14476 : 1.9810966379070e+01 +(5e-02,7e-02) | 4.06e+05 |  1:4.1e-05  3:3.4e-01
Iterat, #Fevals:   Function Value    (median,worst) |Axis Ratio|idx:Min SD idx:Max SD
  580 ,  14501 : 1.9829215896155e+01 +(3e-02,4e-02) | 4.37e+05 |  1:4.3e-05  3:3.8e-01
  581 ,  14526 : 1.9830069739936e+01 +(2e-02,5e-02) | 4.36e+05 |  1:4.6e-05  3:4.0e-01
  582 ,  14551 : 1.9822936587187e+01 +(3e-02,6e-02) | 4.35e+05 |  1:4.7e-05  3:4.0e-01
  583 ,  14576 : 1.9816259523960e+01 +(4e-02,6e-02) | 4.20e+05 |  1:4.6e-05  3:3.9e-01
  584 ,  14601 : 1.9816831446452e+01 +(3e-02,7e-02) | 4.51e+05 |  1:4.9e-05  3:4.4e-01
  585 ,  14626 : 1.9823262146961e+01 +(3e-02,7e-02) | 4.30e+05 |  1:4.9e-05  3:4.4e-01
  586 ,  14651 : 1.9822078283071e+01 +(3e-02,6e-02) | 4.13e+05 |  1:5.2e-05  3:4.6e-01
  587 ,  14676 : 1.9817292221924e+01 +(4e-02,7e-02) | 4.16e+05 |  1:5.0e-05  3:4.4e-01
  588 ,  14701 : 1.9813590817206e+01 +(4e-02,7e-02) | 4.16e+05 |  1:6.3e-05  3:5.4e-01
  589 ,  14726 : 1.9824000526212e+01 +(3e-02,5e-02) | 4.09e+05 |  1:6.4e-05  3:5.6e-01
Iterat, #Fevals:   Function Value    (median,worst) |Axis Ratio|idx:Min SD idx:Max SD
  590 ,  14751 : 1.9817155143688e+01 +(4e-02,7e-02) | 4.19e+05 |  1:7.1e-05  3:5.8e-01
  591 ,  14776 : 1.9820691327214e+01 +(3e-02,6e-02) | 4.19e+05 |  1:7.4e-05  3:5.9e-01
  592 ,  14801 : 1.9815443843645e+01 +(4e-02,6e-02) | 4.32e+05 |  1:8.3e-05  3:6.6e-01
  593 ,  14826 : 1.9814584742231e+01 +(5e-02,8e-02) | 4.32e+05 |  1:8.3e-05  3:6.6e-01
  594 ,  14851 : 1.9831226268989e+01 +(2e-02,7e-02) | 4.45e+05 |  1:8.9e-05  3:7.1e-01
  595 ,  14876 : 1.9820395398501e+01 +(4e-02,8e-02) | 4.34e+05 |  1:9.4e-05  3:7.5e-01
  596 ,  14901 : 1.9809114837504e+01 +(5e-02,8e-02) | 4.29e+05 |  1:1.0e-04  3:8.0e-01
  597 ,  14926 : 1.9818556470969e+01 +(4e-02,7e-02) | 4.31e+05 |  1:1.0e-04  3:7.7e-01
  598 ,  14951 : 1.9828055899827e+01 +(3e-02,6e-02) | 4.08e+05 |  1:9.6e-05  3:7.3e-01
  599 ,  14976 : 1.9826409288978e+01 +(4e-02,5e-02) | 4.26e+05 |  1:8.9e-05  3:6.9e-01
Iterat, #Fevals:   Function Value    (median,worst) |Axis Ratio|idx:Min SD idx:Max SD
  600 ,  15001 : 1.9820503151124e+01 +(3e-02,6e-02) | 4.26e+05 |  1:9.4e-05  3:7.0e-01
  601 ,  15026 : 1.9825121917538e+01 +(4e-02,6e-02) | 4.41e+05 |  1:8.6e-05  3:6.2e-01
  602 ,  15051 : 1.9818092695028e+01 +(4e-02,6e-02) | 4.46e+05 |  1:9.4e-05  3:6.8e-01
  603 ,  15076 : 1.9817231482327e+01 +(3e-02,7e-02) | 4.10e+05 |  1:9.6e-05  3:7.1e-01
  604 ,  15101 : 1.9836455347447e+01 +(2e-02,5e-02) | 4.19e+05 |  1:1.0e-04  3:7.3e-01
  605 ,  15126 : 1.9821514652981e+01 +(4e-02,7e-02) | 4.10e+05 |  1:9.7e-05  3:7.1e-01
  606 ,  15151 : 1.9823243361912e+01 +(3e-02,7e-02) | 4.06e+05 |  1:9.8e-05  3:7.0e-01
  607 ,  15176 : 1.9824738522582e+01 +(3e-02,6e-02) | 4.15e+05 |  1:1.1e-04  3:7.6e-01
  608 ,  15201 : 1.9826736817422e+01 +(2e-02,4e-02) | 4.11e+05 |  1:1.1e-04  3:7.4e-01
  609 ,  15226 : 1.9822871055005e+01 +(3e-02,6e-02) | 4.11e+05 |  1:1.1e-04  3:7.5e-01
Iterat, #Fevals:   Function Value    (median,worst) |Axis Ratio|idx:Min SD idx:Max SD
  610 ,  15251 : 1.9822965291201e+01 +(3e-02,5e-02) | 4.34e+05 |  1:9.7e-05  3:6.9e-01
  611 ,  15276 : 1.9811240150841e+01 +(4e-02,7e-02) | 4.43e+05 |  1:8.2e-05  3:5.9e-01
  612 ,  15301 : 1.9829235135440e+01 +(3e-02,5e-02) | 4.41e+05 |  1:7.6e-05  3:5.5e-01
  613 ,  15326 : 1.9818849914193e+01 +(4e-02,7e-02) | 4.33e+05 |  1:6.2e-05  3:4.4e-01
  614 ,  15351 : 1.9817911913435e+01 +(4e-02,7e-02) | 4.16e+05 |  1:5.8e-05  3:3.9e-01
  615 ,  15376 : 1.9811062216530e+01 +(5e-02,7e-02) | 4.37e+05 |  1:6.2e-05  3:4.2e-01
  616 ,  15401 : 1.9817033898113e+01 +(4e-02,8e-02) | 4.40e+05 |  1:6.1e-05  3:4.1e-01
  617 ,  15426 : 1.9809248384744e+01 +(4e-02,8e-02) | 4.54e+05 |  1:6.4e-05  3:4.3e-01
  618 ,  15451 : 1.9825520478931e+01 +(3e-02,5e-02) | 4.59e+05 |  1:7.2e-05  3:4.8e-01
  619 ,  15476 : 1.9809172569799e+01 +(5e-02,7e-02) | 4.66e+05 |  1:7.4e-05  3:4.9e-01
Iterat, #Fevals:   Function Value    (median,worst) |Axis Ratio|idx:Min SD idx:Max SD
  620 ,  15501 : 1.9810040011133e+01 +(4e-02,6e-02) | 4.80e+05 |  1:8.0e-05  3:5.4e-01
  621 ,  15526 : 1.9816726514297e+01 +(3e-02,6e-02) | 4.75e+05 |  1:7.4e-05  3:5.0e-01
  622 ,  15551 : 1.9808388914750e+01 +(5e-02,6e-02) | 4.77e+05 |  1:6.8e-05  3:4.5e-01
  623 ,  15576 : 1.9820501344633e+01 +(3e-02,5e-02) | 4.78e+05 |  1:6.9e-05  3:4.4e-01
  624 ,  15601 : 1.9817510595260e+01 +(4e-02,7e-02) | 4.79e+05 |  1:7.0e-05  3:4.6e-01
  625 ,  15626 : 1.9812613622712e+01 +(4e-02,7e-02) | 5.08e+05 |  1:7.0e-05  3:4.8e-01
  626 ,  15651 : 1.9812951788460e+01 +(4e-02,6e-02) | 5.01e+05 |  1:5.6e-05  3:3.9e-01
  627 ,  15676 : 1.9822167368653e+01 +(4e-02,7e-02) | 5.08e+05 |  1:5.7e-05  3:3.9e-01
  628 ,  15701 : 1.9816892766274e+01 +(4e-02,6e-02) | 4.94e+05 |  1:6.2e-05  3:4.0e-01
  629 ,  15726 : 1.9830831037592e+01 +(2e-02,5e-02) | 4.86e+05 |  1:6.0e-05  3:3.8e-01
Iterat, #Fevals:   Function Value    (median,worst) |Axis Ratio|idx:Min SD idx:Max SD
  630 ,  15751 : 1.9828057439537e+01 +(2e-02,5e-02) | 5.00e+05 |  1:5.3e-05  3:3.4e-01
  631 ,  15776 : 1.9818373762717e+01 +(4e-02,6e-02) | 4.98e+05 |  1:5.1e-05  3:3.3e-01
  632 ,  15801 : 1.9814340088007e+01 +(4e-02,6e-02) | 5.01e+05 |  1:4.9e-05  3:3.3e-01
  633 ,  15826 : 1.9815601525726e+01 +(4e-02,6e-02) | 5.05e+05 |  1:4.3e-05  3:2.9e-01
  634 ,  15851 : 1.9816942703272e+01 +(3e-02,7e-02) | 4.90e+05 |  1:3.8e-05  3:2.6e-01
  635 ,  15876 : 1.9819667554768e+01 +(3e-02,6e-02) | 4.99e+05 |  1:3.6e-05  3:2.4e-01
  636 ,  15901 : 1.9822839727025e+01 +(3e-02,6e-02) | 4.80e+05 |  1:3.4e-05  3:2.3e-01
  637 ,  15926 : 1.9831546437085e+01 +(2e-02,6e-02) | 4.72e+05 |  1:3.4e-05  3:2.2e-01
  638 ,  15951 : 1.9810534340692e+01 +(4e-02,7e-02) | 4.73e+05 |  1:3.8e-05  3:2.5e-01
  639 ,  15976 : 1.9816961192488e+01 +(4e-02,7e-02) | 4.58e+05 |  1:3.7e-05  3:2.5e-01
Iterat, #Fevals:   Function Value    (median,worst) |Axis Ratio|idx:Min SD idx:Max SD
  640 ,  16001 : 1.9820929410998e+01 +(3e-02,6e-02) | 4.58e+05 |  1:3.7e-05  3:2.4e-01
  641 ,  16026 : 1.9807216608206e+01 +(5e-02,8e-02) | 4.46e+05 |  1:4.0e-05  3:2.4e-01
  642 ,  16051 : 1.9810074063515e+01 +(3e-02,8e-02) | 4.58e+05 |  1:3.9e-05  3:2.3e-01
  643 ,  16076 : 1.9809281061091e+01 +(5e-02,8e-02) | 4.63e+05 |  1:3.8e-05  3:2.3e-01
  644 ,  16101 : 1.9820297894429e+01 +(4e-02,7e-02) | 4.52e+05 |  1:3.4e-05  3:2.0e-01
  645 ,  16126 : 1.9818927929300e+01 +(3e-02,6e-02) | 4.51e+05 |  1:3.3e-05  3:2.0e-01
  646 ,  16151 : 1.9814599689851e+01 +(4e-02,7e-02) | 4.53e+05 |  1:3.2e-05  3:1.9e-01
  647 ,  16176 : 1.9814014435281e+01 +(4e-02,7e-02) | 4.78e+05 |  1:3.3e-05  3:2.1e-01
  648 ,  16201 : 1.9826878162037e+01 +(2e-02,6e-02) | 4.95e+05 |  1:3.3e-05  3:2.3e-01
  649 ,  16226 : 1.9814496643773e+01 +(5e-02,6e-02) | 5.02e+05 |  1:3.1e-05  3:2.1e-01
Iterat, #Fevals:   Function Value    (median,worst) |Axis Ratio|idx:Min SD idx:Max SD
  650 ,  16251 : 1.9828789514405e+01 +(2e-02,5e-02) | 5.03e+05 |  1:2.8e-05  3:1.9e-01
  651 ,  16276 : 1.9833111873411e+01 +(3e-02,5e-02) | 5.25e+05 |  1:2.8e-05  3:1.9e-01
  652 ,  16301 : 1.9819958488487e+01 +(3e-02,6e-02) | 5.58e+05 |  1:2.7e-05  3:2.0e-01
  653 ,  16326 : 1.9823490530271e+01 +(4e-02,6e-02) | 5.59e+05 |  1:2.6e-05  3:1.9e-01
  654 ,  16351 : 1.9825829246216e+01 +(2e-02,6e-02) | 5.75e+05 |  1:2.5e-05  3:1.9e-01
  655 ,  16376 : 1.9813283661473e+01 +(5e-02,8e-02) | 5.86e+05 |  1:2.2e-05  3:1.7e-01
  656 ,  16401 : 1.9819894478703e+01 +(3e-02,7e-02) | 5.73e+05 |  1:2.1e-05  3:1.6e-01
  657 ,  16426 : 1.9824846864939e+01 +(2e-02,7e-02) | 5.57e+05 |  1:2.1e-05  3:1.6e-01
  658 ,  16451 : 1.9820248287034e+01 +(4e-02,5e-02) | 5.99e+05 |  1:2.4e-05  3:1.9e-01
  659 ,  16476 : 1.9815788333196e+01 +(4e-02,7e-02) | 6.39e+05 |  1:2.5e-05  3:2.0e-01
Iterat, #Fevals:   Function Value    (median,worst) |Axis Ratio|idx:Min SD idx:Max SD
  660 ,  16501 : 1.9816992957468e+01 +(3e-02,7e-02) | 6.30e+05 |  1:2.7e-05  3:2.2e-01
  661 ,  16526 : 1.9818224142212e+01 +(3e-02,6e-02) | 6.13e+05 |  1:3.0e-05  3:2.4e-01
  662 ,  16551 : 1.9820877643041e+01 +(4e-02,5e-02) | 6.34e+05 |  1:3.2e-05  3:2.6e-01
  663 ,  16576 : 1.9824907268540e+01 +(3e-02,6e-02) | 6.14e+05 |  1:3.1e-05  3:2.5e-01
  664 ,  16601 : 1.9826929878816e+01 +(3e-02,5e-02) | 6.17e+05 |  1:3.0e-05  3:2.5e-01
  665 ,  16626 : 1.9828375980504e+01 +(2e-02,5e-02) | 6.33e+05 |  1:2.9e-05  3:2.3e-01
  666 ,  16651 : 1.9811621908316e+01 +(4e-02,7e-02) | 6.48e+05 |  1:3.0e-05  3:2.5e-01
  667 ,  16676 : 1.9835150091719e+01 +(2e-02,4e-02) | 6.69e+05 |  1:2.7e-05  3:2.4e-01
  668 ,  16701 : 1.9827539869185e+01 +(3e-02,6e-02) | 6.81e+05 |  1:2.5e-05  3:2.2e-01
  669 ,  16726 : 1.9820404183579e+01 +(3e-02,6e-02) | 7.68e+05 |  1:2.7e-05  3:2.5e-01
Iterat, #Fevals:   Function Value    (median,worst) |Axis Ratio|idx:Min SD idx:Max SD
  670 ,  16751 : 1.9819208925167e+01 +(4e-02,6e-02) | 8.30e+05 |  1:3.3e-05  3:3.2e-01
  671 ,  16776 : 1.9823962843369e+01 +(3e-02,6e-02) | 8.16e+05 |  1:3.9e-05  3:3.6e-01
  672 ,  16801 : 1.9824004738463e+01 +(3e-02,5e-02) | 8.28e+05 |  1:4.0e-05  3:3.7e-01
  673 ,  16826 : 1.9816297151374e+01 +(3e-02,5e-02) | 7.93e+05 |  1:4.1e-05  3:3.8e-01
  674 ,  16851 : 1.9823791529282e+01 +(3e-02,6e-02) | 7.91e+05 |  1:4.4e-05  3:4.0e-01
  675 ,  16876 : 1.9835027132066e+01 +(1e-02,4e-02) | 7.35e+05 |  1:4.1e-05  3:3.7e-01
  676 ,  16901 : 1.9825657351880e+01 +(2e-02,6e-02) | 6.85e+05 |  1:4.3e-05  3:3.8e-01
  677 ,  16926 : 1.9843851748041e+01 +(1e-02,4e-02) | 6.73e+05 |  1:4.0e-05  3:3.6e-01
  678 ,  16951 : 1.9822512837495e+01 +(3e-02,5e-02) | 6.55e+05 |  1:3.4e-05  3:3.0e-01
  679 ,  16976 : 1.9814761468865e+01 +(4e-02,7e-02) | 6.42e+05 |  1:2.9e-05  3:2.5e-01
Iterat, #Fevals:   Function Value    (median,worst) |Axis Ratio|idx:Min SD idx:Max SD
  680 ,  17001 : 1.9822225805188e+01 +(4e-02,6e-02) | 6.93e+05 |  1:3.0e-05  3:2.8e-01
  681 ,  17026 : 1.9805258407602e+01 +(4e-02,8e-02) | 7.60e+05 |  1:3.4e-05  3:3.1e-01
  682 ,  17051 : 1.9823638234438e+01 +(3e-02,6e-02) | 7.82e+05 |  1:3.3e-05  3:3.0e-01
  683 ,  17076 : 1.9819139936356e+01 +(4e-02,7e-02) | 7.76e+05 |  1:3.0e-05  3:2.7e-01
  684 ,  17101 : 1.9827384828159e+01 +(3e-02,5e-02) | 6.78e+05 |  1:3.3e-05  3:2.9e-01
  685 ,  17126 : 1.9832323420401e+01 +(3e-02,5e-02) | 6.94e+05 |  1:3.3e-05  3:2.9e-01
  686 ,  17151 : 1.9817935255877e+01 +(4e-02,8e-02) | 6.77e+05 |  1:3.4e-05  3:3.1e-01
  687 ,  17176 : 1.9819208288361e+01 +(3e-02,7e-02) | 6.69e+05 |  1:3.0e-05  3:2.7e-01
  688 ,  17201 : 1.9838660277759e+01 +(2e-02,5e-02) | 7.24e+05 |  1:3.0e-05  3:2.8e-01
  689 ,  17226 : 1.9820498995077e+01 +(3e-02,6e-02) | 6.87e+05 |  1:3.0e-05  3:2.8e-01
Iterat, #Fevals:   Function Value    (median,worst) |Axis Ratio|idx:Min SD idx:Max SD
  690 ,  17251 : 1.9823335569942e+01 +(3e-02,5e-02) | 6.93e+05 |  1:2.7e-05  3:2.4e-01
  691 ,  17276 : 1.9816868305654e+01 +(4e-02,7e-02) | 6.69e+05 |  1:2.5e-05  3:2.2e-01
  692 ,  17301 : 1.9816789998069e+01 +(4e-02,6e-02) | 6.97e+05 |  1:2.6e-05  3:2.3e-01
  693 ,  17326 : 1.9809841073886e+01 +(4e-02,7e-02) | 7.35e+05 |  1:2.8e-05  3:2.6e-01
  694 ,  17351 : 1.9823499679477e+01 +(2e-02,5e-02) | 7.56e+05 |  1:2.7e-05  3:2.6e-01
  695 ,  17376 : 1.9818933400417e+01 +(3e-02,7e-02) | 7.77e+05 |  1:2.8e-05  3:2.7e-01
  696 ,  17401 : 1.9823244890296e+01 +(3e-02,6e-02) | 7.31e+05 |  1:2.8e-05  3:2.7e-01
  697 ,  17426 : 1.9808640925123e+01 +(5e-02,7e-02) | 7.21e+05 |  1:2.8e-05  3:2.8e-01
  698 ,  17451 : 1.9818193206214e+01 +(4e-02,5e-02) | 7.31e+05 |  1:2.7e-05  3:2.6e-01
  699 ,  17476 : 1.9817083514969e+01 +(4e-02,6e-02) | 7.32e+05 |  1:2.4e-05  3:2.4e-01
Iterat, #Fevals:   Function Value    (median,worst) |Axis Ratio|idx:Min SD idx:Max SD
  700 ,  17501 : 1.9812364709098e+01 +(4e-02,7e-02) | 7.74e+05 |  1:2.5e-05  3:2.4e-01
  701 ,  17526 : 1.9813783795346e+01 +(4e-02,7e-02) | 7.82e+05 |  1:2.4e-05  3:2.2e-01
  702 ,  17551 : 1.9835567659307e+01 +(2e-02,4e-02) | 8.00e+05 |  1:2.2e-05  3:2.0e-01
  703 ,  17576 : 1.9814057497152e+01 +(4e-02,7e-02) | 8.53e+05 |  1:2.1e-05  3:2.0e-01
  704 ,  17601 : 1.9815843955782e+01 +(3e-02,6e-02) | 8.35e+05 |  1:2.1e-05  3:2.0e-01
  705 ,  17626 : 1.9819391861790e+01 +(4e-02,6e-02) | 8.28e+05 |  1:2.3e-05  3:2.2e-01
  706 ,  17651 : 1.9808782932133e+01 +(4e-02,7e-02) | 8.33e+05 |  1:2.6e-05  3:2.5e-01
  707 ,  17676 : 1.9813299848296e+01 +(4e-02,7e-02) | 8.71e+05 |  1:2.7e-05  3:2.6e-01
  708 ,  17701 : 1.9826672580770e+01 +(3e-02,6e-02) | 8.77e+05 |  1:2.5e-05  3:2.5e-01
  709 ,  17726 : 1.9811640343796e+01 +(4e-02,6e-02) | 9.00e+05 |  1:2.7e-05  3:2.7e-01
Iterat, #Fevals:   Function Value    (median,worst) |Axis Ratio|idx:Min SD idx:Max SD
  710 ,  17751 : 1.9815393089601e+01 +(4e-02,8e-02) | 9.13e+05 |  1:2.5e-05  3:2.6e-01
  711 ,  17776 : 1.9820783042839e+01 +(3e-02,6e-02) | 9.39e+05 |  1:2.5e-05  3:2.6e-01
  712 ,  17801 : 1.9806783163601e+01 +(4e-02,8e-02) | 9.36e+05 |  1:2.4e-05  3:2.4e-01
  713 ,  17826 : 1.9810921187793e+01 +(4e-02,7e-02) | 8.69e+05 |  1:2.1e-05  3:2.2e-01
  714 ,  17851 : 1.9816465732597e+01 +(3e-02,6e-02) | 8.70e+05 |  1:2.2e-05  3:2.1e-01
  715 ,  17876 : 1.9818760543454e+01 +(4e-02,6e-02) | 8.96e+05 |  1:2.4e-05  3:2.4e-01
  716 ,  17901 : 1.9828688968169e+01 +(3e-02,5e-02) | 8.56e+05 |  1:2.3e-05  3:2.2e-01
  717 ,  17926 : 1.9826516382978e+01 +(3e-02,6e-02) | 8.47e+05 |  1:2.1e-05  3:2.0e-01
  718 ,  17951 : 1.9817898391754e+01 +(4e-02,6e-02) | 8.31e+05 |  1:2.1e-05  3:2.0e-01
  719 ,  17976 : 1.9826130125411e+01 +(3e-02,6e-02) | 8.49e+05 |  1:1.8e-05  3:1.7e-01
Iterat, #Fevals:   Function Value    (median,worst) |Axis Ratio|idx:Min SD idx:Max SD
  720 ,  18001 : 1.9822500050672e+01 +(3e-02,7e-02) | 8.51e+05 |  1:1.8e-05  3:1.7e-01
  721 ,  18026 : 1.9814056326608e+01 +(3e-02,7e-02) | 8.30e+05 |  1:2.0e-05  3:1.9e-01
  722 ,  18051 : 1.9812265832995e+01 +(4e-02,9e-02) | 8.19e+05 |  1:2.1e-05  3:2.0e-01
  723 ,  18076 : 1.9813562410719e+01 +(4e-02,7e-02) | 7.78e+05 |  1:2.0e-05  3:1.8e-01
  724 ,  18101 : 1.9807889498367e+01 +(5e-02,7e-02) | 7.53e+05 |  1:1.7e-05  3:1.6e-01
  725 ,  18126 : 1.9822066886682e+01 +(3e-02,6e-02) | 7.52e+05 |  1:1.5e-05  3:1.4e-01
  726 ,  18151 : 1.9808918586478e+01 +(4e-02,8e-02) | 7.69e+05 |  1:1.4e-05  3:1.3e-01
  727 ,  18176 : 1.9815914592431e+01 +(4e-02,7e-02) | 7.41e+05 |  1:1.3e-05  3:1.3e-01
  728 ,  18201 : 1.9823549337594e+01 +(3e-02,6e-02) | 7.36e+05 |  1:1.4e-05  3:1.3e-01
  729 ,  18226 : 1.9822157015181e+01 +(3e-02,6e-02) | 7.17e+05 |  1:1.6e-05  3:1.5e-01
Iterat, #Fevals:   Function Value    (median,worst) |Axis Ratio|idx:Min SD idx:Max SD
  730 ,  18251 : 1.9810249350600e+01 +(5e-02,8e-02) | 7.03e+05 |  1:1.5e-05  3:1.4e-01
  731 ,  18276 : 1.9830638466756e+01 +(3e-02,5e-02) | 6.92e+05 |  1:1.3e-05  3:1.2e-01
  732 ,  18301 : 1.9811060825497e+01 +(4e-02,7e-02) | 7.05e+05 |  1:1.2e-05  3:1.1e-01
  733 ,  18326 : 1.9831974890858e+01 +(2e-02,4e-02) | 7.33e+05 |  1:1.1e-05  3:1.1e-01
  734 ,  18351 : 1.9834063480162e+01 +(2e-02,4e-02) | 7.87e+05 |  1:1.2e-05  3:1.1e-01
  735 ,  18376 : 1.9821064723853e+01 +(3e-02,6e-02) | 8.18e+05 |  1:1.2e-05  3:1.2e-01
  736 ,  18401 : 1.9819815999196e+01 +(4e-02,7e-02) | 8.19e+05 |  1:1.2e-05  3:1.2e-01
  737 ,  18426 : 1.9819637402869e+01 +(2e-02,6e-02) | 8.01e+05 |  1:1.3e-05  3:1.3e-01
  738 ,  18451 : 1.9818483511790e+01 +(4e-02,7e-02) | 8.08e+05 |  1:1.4e-05  3:1.3e-01
  739 ,  18476 : 1.9813071400305e+01 +(4e-02,7e-02) | 7.91e+05 |  1:1.6e-05  3:1.5e-01
Iterat, #Fevals:   Function Value    (median,worst) |Axis Ratio|idx:Min SD idx:Max SD
  740 ,  18501 : 1.9816052333676e+01 +(3e-02,8e-02) | 8.13e+05 |  1:1.6e-05  3:1.5e-01
  741 ,  18526 : 1.9818681829092e+01 +(3e-02,7e-02) | 8.16e+05 |  1:1.5e-05  3:1.4e-01
  742 ,  18551 : 1.9829175802318e+01 +(3e-02,6e-02) | 6.97e+05 |  1:1.7e-05  3:1.5e-01
  743 ,  18576 : 1.9821034997515e+01 +(3e-02,6e-02) | 6.81e+05 |  1:1.7e-05  3:1.5e-01
  744 ,  18601 : 1.9826774890290e+01 +(3e-02,5e-02) | 6.59e+05 |  1:1.7e-05  3:1.5e-01
  745 ,  18626 : 1.9812636911615e+01 +(4e-02,7e-02) | 6.82e+05 |  1:1.8e-05  3:1.6e-01
  746 ,  18651 : 1.9817587565463e+01 +(4e-02,8e-02) | 6.78e+05 |  1:1.9e-05  3:1.7e-01
  747 ,  18676 : 1.9822949701667e+01 +(3e-02,6e-02) | 6.57e+05 |  1:2.3e-05  3:1.9e-01
  748 ,  18701 : 1.9820677577331e+01 +(3e-02,6e-02) | 6.12e+05 |  1:2.1e-05  3:1.7e-01
  749 ,  18726 : 1.9821775146626e+01 +(3e-02,6e-02) | 6.37e+05 |  1:2.0e-05  3:1.7e-01
Iterat, #Fevals:   Function Value    (median,worst) |Axis Ratio|idx:Min SD idx:Max SD
  750 ,  18751 : 1.9821588719932e+01 +(4e-02,6e-02) | 6.63e+05 |  1:1.7e-05  3:1.5e-01
  751 ,  18776 : 1.9818585714067e+01 +(4e-02,6e-02) | 6.58e+05 |  1:1.7e-05  3:1.5e-01
  752 ,  18801 : 1.9826556029845e+01 +(3e-02,5e-02) | 6.78e+05 |  1:1.8e-05  3:1.6e-01
  753 ,  18826 : 1.9819654836921e+01 +(4e-02,7e-02) | 6.72e+05 |  1:1.7e-05  3:1.5e-01
  754 ,  18851 : 1.9822113780929e+01 +(3e-02,6e-02) | 6.41e+05 |  1:1.6e-05  3:1.4e-01
  755 ,  18876 : 1.9814122061125e+01 +(3e-02,7e-02) | 6.73e+05 |  1:1.6e-05  3:1.4e-01
  756 ,  18901 : 1.9805107606092e+01 +(5e-02,7e-02) | 6.73e+05 |  1:1.5e-05  3:1.4e-01
  757 ,  18926 : 1.9817912009492e+01 +(3e-02,6e-02) | 6.74e+05 |  1:1.4e-05  3:1.2e-01
  758 ,  18951 : 1.9815409106260e+01 +(4e-02,6e-02) | 6.79e+05 |  1:1.4e-05  3:1.2e-01
  759 ,  18976 : 1.9815203072582e+01 +(4e-02,8e-02) | 6.98e+05 |  1:1.4e-05  3:1.1e-01
Iterat, #Fevals:   Function Value    (median,worst) |Axis Ratio|idx:Min SD idx:Max SD
  760 ,  19001 : 1.9815538612643e+01 +(4e-02,6e-02) | 6.96e+05 |  1:1.2e-05  3:9.6e-02
  761 ,  19026 : 1.9828781760822e+01 +(2e-02,6e-02) | 7.02e+05 |  1:1.2e-05  3:9.7e-02
  762 ,  19051 : 1.9814804134475e+01 +(3e-02,7e-02) | 6.77e+05 |  1:1.2e-05  3:9.3e-02
  763 ,  19076 : 1.9821758791580e+01 +(3e-02,6e-02) | 6.69e+05 |  1:1.1e-05  3:9.0e-02
  764 ,  19101 : 1.9811042523308e+01 +(4e-02,6e-02) | 6.67e+05 |  1:1.1e-05  3:8.3e-02
  765 ,  19126 : 1.9829797124085e+01 +(2e-02,5e-02) | 6.52e+05 |  1:1.4e-05  3:1.1e-01
  766 ,  19151 : 1.9815933811374e+01 +(4e-02,7e-02) | 7.32e+05 |  1:1.5e-05  3:1.2e-01
  767 ,  19176 : 1.9821350635001e+01 +(3e-02,7e-02) | 8.20e+05 |  1:1.9e-05  3:1.6e-01
  768 ,  19201 : 1.9817626774184e+01 +(4e-02,6e-02) | 8.00e+05 |  1:1.9e-05  3:1.6e-01
  769 ,  19226 : 1.9817778453391e+01 +(3e-02,8e-02) | 8.78e+05 |  1:2.1e-05  3:1.9e-01
Iterat, #Fevals:   Function Value    (median,worst) |Axis Ratio|idx:Min SD idx:Max SD
  770 ,  19251 : 1.9815397582685e+01 +(4e-02,7e-02) | 9.06e+05 |  1:2.6e-05  3:2.4e-01
  771 ,  19276 : 1.9831596704291e+01 +(2e-02,5e-02) | 9.68e+05 |  1:3.0e-05  3:2.9e-01
  772 ,  19301 : 1.9827481145368e+01 +(2e-02,6e-02) | 9.90e+05 |  1:3.0e-05  3:2.9e-01
  773 ,  19326 : 1.9821875107276e+01 +(3e-02,6e-02) | 9.88e+05 |  1:3.1e-05  3:3.0e-01
  774 ,  19351 : 1.9811538800188e+01 +(4e-02,7e-02) | 1.03e+06 |  1:2.8e-05  3:2.8e-01
  775 ,  19376 : 1.9807377769591e+01 +(5e-02,7e-02) | 1.03e+06 |  1:2.6e-05  3:2.5e-01
  776 ,  19401 : 1.9819353557418e+01 +(4e-02,5e-02) | 1.03e+06 |  1:2.5e-05  3:2.4e-01
  777 ,  19426 : 1.9823392846434e+01 +(3e-02,5e-02) | 1.08e+06 |  1:2.2e-05  3:2.1e-01
  778 ,  19451 : 1.9818952699475e+01 +(3e-02,6e-02) | 9.52e+05 |  1:2.2e-05  3:2.1e-01
  779 ,  19476 : 1.9827184676663e+01 +(3e-02,6e-02) | 9.64e+05 |  1:2.1e-05  3:2.0e-01
Iterat, #Fevals:   Function Value    (median,worst) |Axis Ratio|idx:Min SD idx:Max SD
  780 ,  19501 : 1.9822544918230e+01 +(3e-02,7e-02) | 1.05e+06 |  1:2.2e-05  3:2.0e-01
  781 ,  19526 : 1.9814003618897e+01 +(4e-02,7e-02) | 1.13e+06 |  1:2.2e-05  3:2.2e-01
  782 ,  19551 : 1.9827895348389e+01 +(2e-02,6e-02) | 1.17e+06 |  1:2.2e-05  3:2.2e-01
  783 ,  19576 : 1.9819047082679e+01 +(3e-02,6e-02) | 1.21e+06 |  1:2.4e-05  3:2.4e-01
  784 ,  19601 : 1.9815828897956e+01 +(4e-02,6e-02) | 1.40e+06 |  1:2.9e-05  3:3.1e-01
  785 ,  19626 : 1.9827795776549e+01 +(2e-02,7e-02) | 1.43e+06 |  1:2.7e-05  3:2.8e-01
  786 ,  19651 : 1.9823810054350e+01 +(2e-02,6e-02) | 1.48e+06 |  1:2.7e-05  3:2.8e-01
  787 ,  19676 : 1.9813016395040e+01 +(4e-02,7e-02) | 1.55e+06 |  1:2.5e-05  3:2.6e-01
  788 ,  19701 : 1.9832988659427e+01 +(2e-02,6e-02) | 1.54e+06 |  1:2.7e-05  3:2.8e-01
  789 ,  19726 : 1.9814118270210e+01 +(5e-02,7e-02) | 1.52e+06 |  1:2.8e-05  3:3.0e-01
Iterat, #Fevals:   Function Value    (median,worst) |Axis Ratio|idx:Min SD idx:Max SD
  790 ,  19751 : 1.9820061092893e+01 +(4e-02,7e-02) | 1.51e+06 |  1:3.0e-05  3:3.2e-01
  791 ,  19776 : 1.9820622765164e+01 +(4e-02,5e-02) | 1.51e+06 |  1:3.1e-05  3:3.3e-01
  792 ,  19801 : 1.9833750681986e+01 +(2e-02,4e-02) | 1.54e+06 |  1:3.2e-05  3:3.4e-01
  793 ,  19826 : 1.9827537322988e+01 +(2e-02,5e-02) | 1.59e+06 |  1:3.3e-05  3:3.4e-01
  794 ,  19851 : 1.9812457582690e+01 +(4e-02,7e-02) | 1.61e+06 |  1:3.1e-05  3:3.2e-01
  795 ,  19876 : 1.9820735623109e+01 +(3e-02,6e-02) | 1.59e+06 |  1:3.1e-05  3:3.2e-01
  796 ,  19901 : 1.9819300894603e+01 +(3e-02,7e-02) | 1.64e+06 |  1:2.7e-05  3:2.9e-01
  797 ,  19926 : 1.9814459560843e+01 +(4e-02,7e-02) | 1.64e+06 |  1:2.5e-05  3:2.6e-01
  798 ,  19951 : 1.9825766427689e+01 +(3e-02,6e-02) | 1.66e+06 |  1:2.2e-05  3:2.4e-01
  799 ,  19976 : 1.9825309673450e+01 +(2e-02,5e-02) | 1.67e+06 |  1:2.1e-05  3:2.3e-01
Iterat, #Fevals:   Function Value    (median,worst) |Axis Ratio|idx:Min SD idx:Max SD
  800 ,  20001 : 1.9824890239737e+01 +(3e-02,6e-02) | 1.77e+06 |  1:2.0e-05  3:2.2e-01
  801 ,  20026 : 1.9826089570585e+01 +(2e-02,6e-02) | 1.83e+06 |  1:1.8e-05  3:1.9e-01
  802 ,  20051 : 1.9824946097828e+01 +(3e-02,7e-02) | 1.82e+06 |  1:1.8e-05  3:2.0e-01
  803 ,  20076 : 1.9818907609310e+01 +(4e-02,7e-02) | 1.86e+06 |  1:2.0e-05  3:2.2e-01
  804 ,  20101 : 1.9825161317681e+01 +(3e-02,7e-02) | 1.89e+06 |  1:2.1e-05  3:2.3e-01
  805 ,  20126 : 1.9823014387140e+01 +(3e-02,5e-02) | 1.89e+06 |  1:1.8e-05  3:2.0e-01
  806 ,  20151 : 1.9816363635239e+01 +(4e-02,7e-02) | 2.10e+06 |  1:1.8e-05  3:2.0e-01
  807 ,  20176 : 1.9813681206065e+01 +(4e-02,6e-02) | 1.98e+06 |  1:1.7e-05  3:2.0e-01
  808 ,  20201 : 1.9821223471454e+01 +(3e-02,7e-02) | 1.88e+06 |  1:1.8e-05  3:2.0e-01
  809 ,  20226 : 1.9815468269939e+01 +(4e-02,7e-02) | 1.88e+06 |  1:1.9e-05  3:2.2e-01
Iterat, #Fevals:   Function Value    (median,worst) |Axis Ratio|idx:Min SD idx:Max SD
  810 ,  20251 : 1.9824423498272e+01 +(2e-02,5e-02) | 1.90e+06 |  1:1.9e-05  3:2.1e-01
  811 ,  20276 : 1.9825188099083e+01 +(3e-02,7e-02) | 1.88e+06 |  1:1.7e-05  3:1.9e-01
  812 ,  20301 : 1.9819720917648e+01 +(3e-02,7e-02) | 1.92e+06 |  1:1.6e-05  3:1.8e-01
  813 ,  20326 : 1.9823679509635e+01 +(3e-02,5e-02) | 2.12e+06 |  1:1.6e-05  3:1.8e-01
  814 ,  20351 : 1.9809389402257e+01 +(5e-02,8e-02) | 2.03e+06 |  1:1.5e-05  3:1.7e-01
  815 ,  20376 : 1.9821628709623e+01 +(3e-02,6e-02) | 1.85e+06 |  1:1.7e-05  3:1.8e-01
  816 ,  20401 : 1.9818914227004e+01 +(3e-02,6e-02) | 1.87e+06 |  1:1.6e-05  3:1.7e-01
  817 ,  20426 : 1.9823697113288e+01 +(3e-02,7e-02) | 1.98e+06 |  1:1.7e-05  3:1.9e-01
  818 ,  20451 : 1.9823837908804e+01 +(1e-02,6e-02) | 1.91e+06 |  1:1.5e-05  3:1.6e-01
  819 ,  20476 : 1.9817180945526e+01 +(3e-02,8e-02) | 2.00e+06 |  1:1.3e-05  3:1.4e-01
Iterat, #Fevals:   Function Value    (median,worst) |Axis Ratio|idx:Min SD idx:Max SD
  820 ,  20501 : 1.9830299879511e+01 +(3e-02,6e-02) | 1.97e+06 |  1:1.1e-05  3:1.2e-01
  821 ,  20526 : 1.9823404898318e+01 +(3e-02,7e-02) | 1.90e+06 |  1:1.1e-05  3:1.2e-01
  822 ,  20551 : 1.9822842274729e+01 +(3e-02,5e-02) | 1.90e+06 |  1:1.1e-05  3:1.2e-01
  823 ,  20576 : 1.9809984008510e+01 +(4e-02,8e-02) | 1.99e+06 |  1:1.1e-05  3:1.2e-01
  824 ,  20601 : 1.9810612643166e+01 +(3e-02,8e-02) | 2.04e+06 |  1:9.3e-06  3:1.0e-01
  825 ,  20626 : 1.9817771775053e+01 +(4e-02,7e-02) | 2.05e+06 |  1:8.8e-06  3:9.9e-02
  826 ,  20651 : 1.9829714639546e+01 +(3e-02,6e-02) | 2.04e+06 |  1:7.4e-06  3:8.3e-02
  827 ,  20676 : 1.9818620851341e+01 +(4e-02,7e-02) | 2.08e+06 |  1:6.8e-06  3:7.7e-02
  828 ,  20701 : 1.9822183153734e+01 +(2e-02,5e-02) | 2.19e+06 |  1:6.3e-06  3:7.0e-02
  829 ,  20726 : 1.9814727388036e+01 +(4e-02,7e-02) | 2.28e+06 |  1:5.8e-06  3:6.4e-02
Iterat, #Fevals:   Function Value    (median,worst) |Axis Ratio|idx:Min SD idx:Max SD
  830 ,  20751 : 1.9827608051202e+01 +(3e-02,5e-02) | 2.27e+06 |  1:4.8e-06  3:5.2e-02
  831 ,  20776 : 1.9811750277020e+01 +(5e-02,8e-02) | 2.24e+06 |  1:4.7e-06  3:5.1e-02
  832 ,  20801 : 1.9818210455597e+01 +(4e-02,7e-02) | 2.10e+06 |  1:4.5e-06  3:5.0e-02
  833 ,  20826 : 1.9828909026179e+01 +(2e-02,6e-02) | 2.21e+06 |  1:4.5e-06  3:5.1e-02
  834 ,  20851 : 1.9827247619893e+01 +(2e-02,6e-02) | 2.27e+06 |  1:4.7e-06  3:5.3e-02
  835 ,  20876 : 1.9829363317834e+01 +(2e-02,5e-02) | 2.23e+06 |  1:4.4e-06  3:5.0e-02
  836 ,  20901 : 1.9823758196695e+01 +(4e-02,6e-02) | 2.36e+06 |  1:4.3e-06  3:5.1e-02
  837 ,  20926 : 1.9822424833043e+01 +(2e-02,7e-02) | 2.27e+06 |  1:3.7e-06  3:4.3e-02
  838 ,  20951 : 1.9814063289328e+01 +(4e-02,7e-02) | 2.22e+06 |  1:3.9e-06  3:4.5e-02
  839 ,  20976 : 1.9820137897731e+01 +(4e-02,7e-02) | 2.21e+06 |  1:3.9e-06  3:4.4e-02
Iterat, #Fevals:   Function Value    (median,worst) |Axis Ratio|idx:Min SD idx:Max SD
  840 ,  21001 : 1.9817406365230e+01 +(4e-02,7e-02) | 2.18e+06 |  1:4.0e-06  3:4.6e-02
  841 ,  21026 : 1.9827818085376e+01 +(2e-02,6e-02) | 2.32e+06 |  1:4.5e-06  3:5.1e-02
  842 ,  21051 : 1.9815902654792e+01 +(3e-02,6e-02) | 2.45e+06 |  1:5.1e-06  3:5.7e-02
  843 ,  21076 : 1.9809868485095e+01 +(4e-02,8e-02) | 2.44e+06 |  1:5.3e-06  3:5.9e-02
  844 ,  21101 : 1.9832841693833e+01 +(2e-02,6e-02) | 2.43e+06 |  1:5.2e-06  3:5.9e-02
  845 ,  21126 : 1.9813674415302e+01 +(4e-02,7e-02) | 2.50e+06 |  1:4.9e-06  3:5.7e-02
  846 ,  21151 : 1.9823076216862e+01 +(2e-02,6e-02) | 2.56e+06 |  1:4.6e-06  3:5.4e-02
  847 ,  21176 : 1.9819635085633e+01 +(4e-02,6e-02) | 2.48e+06 |  1:4.5e-06  3:5.2e-02
  848 ,  21201 : 1.9811347867637e+01 +(5e-02,8e-02) | 2.55e+06 |  1:5.3e-06  3:6.3e-02
  849 ,  21226 : 1.9825253157109e+01 +(3e-02,6e-02) | 2.50e+06 |  1:5.1e-06  3:6.0e-02
Iterat, #Fevals:   Function Value    (median,worst) |Axis Ratio|idx:Min SD idx:Max SD
  850 ,  21251 : 1.9817166935943e+01 +(4e-02,8e-02) | 2.42e+06 |  1:5.1e-06  3:5.9e-02
  851 ,  21276 : 1.9817123141463e+01 +(4e-02,6e-02) | 2.42e+06 |  1:5.2e-06  3:6.1e-02
  852 ,  21301 : 1.9805466771727e+01 +(6e-02,9e-02) | 2.54e+06 |  1:5.5e-06  3:6.4e-02
  853 ,  21326 : 1.9811291071827e+01 +(4e-02,8e-02) | 2.49e+06 |  1:4.7e-06  3:5.5e-02
  854 ,  21351 : 1.9811579596471e+01 +(4e-02,7e-02) | 2.60e+06 |  1:5.1e-06  3:5.9e-02
  855 ,  21376 : 1.9813776046932e+01 +(4e-02,8e-02) | 2.61e+06 |  1:4.9e-06  3:5.7e-02
  856 ,  21401 : 1.9823263912762e+01 +(3e-02,6e-02) | 2.60e+06 |  1:4.5e-06  3:5.2e-02
  857 ,  21426 : 1.9823138874964e+01 +(2e-02,7e-02) | 2.59e+06 |  1:4.0e-06  3:4.5e-02
  858 ,  21451 : 1.9811126030932e+01 +(4e-02,8e-02) | 2.53e+06 |  1:3.5e-06  3:4.0e-02
  859 ,  21476 : 1.9821807955194e+01 +(4e-02,6e-02) | 2.60e+06 |  1:3.8e-06  3:4.4e-02
Iterat, #Fevals:   Function Value    (median,worst) |Axis Ratio|idx:Min SD idx:Max SD
  860 ,  21501 : 1.9817797286269e+01 +(3e-02,5e-02) | 2.60e+06 |  1:3.3e-06  3:3.8e-02
  861 ,  21526 : 1.9817483148692e+01 +(3e-02,6e-02) | 2.64e+06 |  1:3.8e-06  3:4.2e-02
  862 ,  21551 : 1.9821003538118e+01 +(3e-02,6e-02) | 2.67e+06 |  1:4.5e-06  3:5.0e-02
  863 ,  21576 : 1.9827101308987e+01 +(3e-02,5e-02) | 2.66e+06 |  1:5.0e-06  3:5.5e-02
  864 ,  21601 : 1.9814547427505e+01 +(3e-02,7e-02) | 2.83e+06 |  1:5.5e-06  3:6.1e-02
  865 ,  21626 : 1.9817125469450e+01 +(3e-02,6e-02) | 2.81e+06 |  1:6.4e-06  3:7.2e-02
  866 ,  21651 : 1.9819368554941e+01 +(3e-02,7e-02) | 3.01e+06 |  1:6.6e-06  3:7.4e-02
  867 ,  21676 : 1.9828133299029e+01 +(2e-02,6e-02) | 2.94e+06 |  1:5.9e-06  3:6.6e-02
  868 ,  21701 : 1.9822904673384e+01 +(3e-02,7e-02) | 2.98e+06 |  1:5.4e-06  3:6.1e-02
  869 ,  21726 : 1.9820798774236e+01 +(4e-02,7e-02) | 3.07e+06 |  1:5.4e-06  3:6.1e-02
Iterat, #Fevals:   Function Value    (median,worst) |Axis Ratio|idx:Min SD idx:Max SD
  870 ,  21751 : 1.9819612928937e+01 +(3e-02,6e-02) | 3.11e+06 |  1:5.0e-06  3:5.7e-02
  871 ,  21776 : 1.9819556016022e+01 +(2e-02,8e-02) | 3.18e+06 |  1:4.4e-06  3:5.0e-02
  872 ,  21801 : 1.9819685793167e+01 +(3e-02,6e-02) | 3.10e+06 |  1:3.7e-06  3:4.2e-02
  873 ,  21826 : 1.9816621147994e+01 +(4e-02,7e-02) | 3.23e+06 |  1:3.4e-06  3:3.9e-02
  874 ,  21851 : 1.9807941360481e+01 +(5e-02,8e-02) | 3.35e+06 |  1:3.4e-06  3:3.9e-02
  875 ,  21876 : 1.9827850664618e+01 +(3e-02,5e-02) | 3.27e+06 |  1:3.7e-06  3:4.2e-02
  876 ,  21901 : 1.9816986352938e+01 +(3e-02,6e-02) | 3.26e+06 |  1:3.2e-06  3:3.7e-02
  877 ,  21926 : 1.9818261417671e+01 +(4e-02,5e-02) | 3.24e+06 |  1:2.6e-06  3:3.0e-02
  878 ,  21951 : 1.9811140846011e+01 +(4e-02,6e-02) | 3.30e+06 |  1:2.4e-06  3:2.8e-02
  879 ,  21976 : 1.9815093823885e+01 +(4e-02,8e-02) | 3.51e+06 |  1:2.7e-06  3:3.2e-02
Iterat, #Fevals:   Function Value    (median,worst) |Axis Ratio|idx:Min SD idx:Max SD
  880 ,  22001 : 1.9825815928671e+01 +(3e-02,5e-02) | 3.48e+06 |  1:2.8e-06  3:3.2e-02
  881 ,  22026 : 1.9827426537876e+01 +(4e-02,6e-02) | 3.48e+06 |  1:2.6e-06  3:2.9e-02
  882 ,  22051 : 1.9819506013625e+01 +(3e-02,6e-02) | 3.59e+06 |  1:2.6e-06  3:2.9e-02
  883 ,  22076 : 1.9829418667890e+01 +(3e-02,5e-02) | 3.63e+06 |  1:2.4e-06  3:2.8e-02
  884 ,  22101 : 1.9820597520830e+01 +(3e-02,7e-02) | 3.91e+06 |  1:2.7e-06  3:3.2e-02
  885 ,  22126 : 1.9825224549971e+01 +(2e-02,5e-02) | 4.00e+06 |  1:3.1e-06  3:3.5e-02
  886 ,  22151 : 1.9819130273780e+01 +(4e-02,7e-02) | 4.25e+06 |  1:3.2e-06  3:3.7e-02
  887 ,  22176 : 1.9812231924110e+01 +(4e-02,7e-02) | 4.21e+06 |  1:2.7e-06  3:3.1e-02
  888 ,  22201 : 1.9818697381522e+01 +(4e-02,7e-02) | 4.56e+06 |  1:2.4e-06  3:2.8e-02
  889 ,  22226 : 1.9810151486537e+01 +(3e-02,8e-02) | 4.32e+06 |  1:2.3e-06  3:2.7e-02
Iterat, #Fevals:   Function Value    (median,worst) |Axis Ratio|idx:Min SD idx:Max SD
  890 ,  22251 : 1.9824656946672e+01 +(3e-02,6e-02) | 4.40e+06 |  1:2.3e-06  3:2.6e-02
  891 ,  22276 : 1.9815655066750e+01 +(3e-02,7e-02) | 4.42e+06 |  1:2.4e-06  3:2.7e-02
  892 ,  22301 : 1.9816497635141e+01 +(3e-02,7e-02) | 4.07e+06 |  1:2.6e-06  3:3.0e-02
  893 ,  22326 : 1.9826779770190e+01 +(3e-02,5e-02) | 3.84e+06 |  1:2.6e-06  3:3.0e-02
  894 ,  22351 : 1.9819665260997e+01 +(3e-02,6e-02) | 3.82e+06 |  1:2.4e-06  3:2.8e-02
  895 ,  22376 : 1.9810727348045e+01 +(4e-02,7e-02) | 3.72e+06 |  1:2.2e-06  3:2.5e-02
  896 ,  22401 : 1.9824343349239e+01 +(2e-02,6e-02) | 3.67e+06 |  1:2.2e-06  3:2.6e-02
  897 ,  22426 : 1.9815338986268e+01 +(4e-02,7e-02) | 3.67e+06 |  1:1.9e-06  3:2.2e-02
  898 ,  22451 : 1.9828001521972e+01 +(2e-02,6e-02) | 3.69e+06 |  1:1.7e-06  3:2.0e-02
  899 ,  22476 : 1.9810487627763e+01 +(4e-02,7e-02) | 3.85e+06 |  1:1.7e-06  3:2.0e-02
Iterat, #Fevals:   Function Value    (median,worst) |Axis Ratio|idx:Min SD idx:Max SD
  900 ,  22501 : 1.9828131136881e+01 +(2e-02,6e-02) | 3.72e+06 |  1:1.5e-06  3:1.7e-02
  901 ,  22526 : 1.9809061238604e+01 +(5e-02,6e-02) | 3.62e+06 |  1:1.3e-06  3:1.5e-02
  902 ,  22551 : 1.9820726032193e+01 +(3e-02,6e-02) | 3.61e+06 |  1:1.2e-06  3:1.4e-02
  903 ,  22576 : 1.9821989501869e+01 +(4e-02,6e-02) | 3.64e+06 |  1:1.2e-06  3:1.4e-02
  904 ,  22601 : 1.9819662216331e+01 +(4e-02,7e-02) | 3.82e+06 |  1:1.4e-06  3:1.6e-02
  905 ,  22626 : 1.9812992264635e+01 +(4e-02,7e-02) | 3.91e+06 |  1:1.4e-06  3:1.5e-02
  906 ,  22651 : 1.9811942503996e+01 +(5e-02,7e-02) | 4.01e+06 |  1:1.5e-06  3:1.7e-02
  907 ,  22676 : 1.9811369247702e+01 +(3e-02,7e-02) | 3.97e+06 |  1:1.5e-06  3:1.7e-02
  908 ,  22701 : 1.9816132946747e+01 +(3e-02,7e-02) | 3.99e+06 |  1:1.4e-06  3:1.6e-02
  909 ,  22726 : 1.9817392901437e+01 +(4e-02,7e-02) | 3.90e+06 |  1:1.4e-06  3:1.6e-02
Iterat, #Fevals:   Function Value    (median,worst) |Axis Ratio|idx:Min SD idx:Max SD
  910 ,  22751 : 1.9814644834331e+01 +(4e-02,7e-02) | 3.91e+06 |  1:1.7e-06  3:1.9e-02
  911 ,  22776 : 1.9824000106226e+01 +(3e-02,7e-02) | 4.02e+06 |  1:1.7e-06  3:1.9e-02
  912 ,  22801 : 1.9815715119854e+01 +(4e-02,7e-02) | 3.72e+06 |  1:1.6e-06  3:1.8e-02
  913 ,  22826 : 1.9816570296734e+01 +(4e-02,8e-02) | 3.73e+06 |  1:1.5e-06  3:1.7e-02
  914 ,  22851 : 1.9823792879878e+01 +(4e-02,6e-02) | 3.86e+06 |  1:1.5e-06  3:1.7e-02
  915 ,  22876 : 1.9809038768690e+01 +(4e-02,8e-02) | 3.92e+06 |  1:1.6e-06  3:1.9e-02
  916 ,  22901 : 1.9811669566601e+01 +(4e-02,8e-02) | 3.93e+06 |  1:1.6e-06  3:1.8e-02
  917 ,  22926 : 1.9817242213421e+01 +(3e-02,8e-02) | 3.90e+06 |  1:1.7e-06  3:2.0e-02
  918 ,  22951 : 1.9820470789325e+01 +(3e-02,6e-02) | 3.88e+06 |  1:1.7e-06  3:2.0e-02
  919 ,  22976 : 1.9819534854323e+01 +(3e-02,5e-02) | 3.87e+06 |  1:1.7e-06  3:1.9e-02
Iterat, #Fevals:   Function Value    (median,worst) |Axis Ratio|idx:Min SD idx:Max SD
  920 ,  23001 : 1.9828855886489e+01 +(2e-02,5e-02) | 3.84e+06 |  1:1.5e-06  3:1.7e-02
  921 ,  23026 : 1.9817720102437e+01 +(3e-02,5e-02) | 4.21e+06 |  1:1.5e-06  3:1.8e-02
  922 ,  23051 : 1.9814065956146e+01 +(4e-02,6e-02) | 4.31e+06 |  1:1.4e-06  3:1.6e-02
