
                            < M A T L A B (R) >
                  Copyright 1984-2015 The MathWorks, Inc.
                   R2015a (8.5.0.197613) 64-bit (glnxa64)
                             February 12, 2015

 
For online documentation, see http://www.mathworks.com/support
For product information, visit www.mathworks.com.
 

	Academic License


seed =

                 80.897352


Initialtheta =

          52191.6194584538
          6994063.97074027
          26986897.8374261
          6745.14426501523
          9080.81276104984
          685.465053955248
        0.0113710138556608
          3.17272901465439
          487.109583474068

  n=9: (12,25)-CMA-ES(w=[24 17 14... 1.5 0.74]%, ]%, mu_eff=7.3) on function Error
Iterat, #Fevals:   Function Value    (median,worst) |Axis Ratio|idx:Min SD idx:Max SD
    1 ,     26 : 1.2367408339515e+02 +(2e+08,2e+11) | 4.10e+00 |  5:3.6e-01  7:1.4e+00
    2 ,     51 : 1.2357929454583e+02 +(1e-01,2e+10) | 4.24e+00 |  5:4.4e-01  7:1.8e+00
    3 ,     76 : 1.2362712125328e+02 +(8e-02,5e+09) | 4.39e+00 |  5:4.4e-01  7:1.8e+00
    4 ,    101 : 1.2299981108204e+02 +(7e-01,6e+09) | 4.39e+00 |  5:4.6e-01  7:1.9e+00
    5 ,    126 : 2.9603207396408e+01 +(9e+01,4e+19) | 4.45e+00 |  5:4.2e-01  7:1.7e+00
    6 ,    151 : 1.2309420874086e+02 +(6e+03,5e+09) | 4.46e+00 |  5:3.5e-01  7:1.5e+00
    7 ,    176 : 1.1932822097354e+02 +(4e+00,1e+10) | 4.54e+00 |  5:2.8e-01  7:1.2e+00
    8 ,    201 : 1.2353835810515e+02 +(2e-01,2e+07) | 4.39e+00 |  5:2.7e-01  7:1.1e+00
    9 ,    226 : 1.2352745669183e+02 +(4e+02,9e+07) | 4.24e+00 |  5:2.5e-01  7:9.9e-01
Iterat, #Fevals:   Function Value    (median,worst) |Axis Ratio|idx:Min SD idx:Max SD
   10 ,    251 : 1.2367107399842e+02 +(2e-02,3e+09) | 4.31e+00 |  5:2.2e-01  7:8.9e-01
   11 ,    276 : 2.6446996260841e+01 +(1e+02,1e+07) | 4.35e+00 |  5:2.4e-01  7:9.2e-01
   12 ,    301 : 1.1104067343406e+02 +(1e+04,3e+08) | 4.30e+00 |  5:2.1e-01  7:7.8e-01
   13 ,    326 : 1.2368715468845e+02 +(4e+04,4e+07) | 4.58e+00 |  5:2.1e-01  7:8.1e-01
   14 ,    351 : 2.4874105887273e+01 +(1e+02,6e+06) | 4.54e+00 |  5:2.1e-01  7:8.4e-01
   15 ,    376 : 1.2351101392032e+02 +(2e-01,5e+07) | 4.44e+00 |  5:2.1e-01  7:8.2e-01
   16 ,    401 : 1.2363950059017e+02 +(6e-02,1e+07) | 4.58e+00 |  5:2.2e-01  7:9.1e-01
   17 ,    426 : 2.7370170370210e+01 +(1e+02,4e+08) | 4.46e+00 |  5:2.1e-01  7:8.3e-01
   18 ,    451 : 1.1900723159301e+02 +(5e+00,3e+08) | 4.52e+00 |  5:1.9e-01  7:7.3e-01
   19 ,    476 : 1.1810737818368e+02 +(6e+00,2e+07) | 4.65e+00 |  5:1.7e-01  7:6.8e-01
Iterat, #Fevals:   Function Value    (median,worst) |Axis Ratio|idx:Min SD idx:Max SD
   20 ,    501 : 1.2368826016983e+02 +(1e-02,1e+07) | 4.71e+00 |  5:1.7e-01  7:7.0e-01
   21 ,    526 : 9.4033342748422e+01 +(3e+01,2e+07) | 4.61e+00 |  5:1.6e-01  7:6.6e-01
   22 ,    551 : 5.2244497038172e+01 +(8e+03,6e+06) | 4.64e+00 |  5:1.4e-01  7:5.8e-01
   23 ,    576 : 7.7473760297381e+01 +(5e+01,1e+06) | 4.89e+00 |  5:1.4e-01  7:5.9e-01
   24 ,    601 : 1.2366420607165e+02 +(4e-02,1e+05) | 5.35e+00 |  5:1.2e-01  7:5.3e-01
   25 ,    626 : 1.2347543794930e+02 +(2e-01,3e+05) | 5.43e+00 |  5:1.0e-01  7:4.6e-01
   26 ,    651 : 2.4181423357540e+01 +(1e+02,8e+05) | 5.42e+00 |  5:8.7e-02  7:4.0e-01
   27 ,    676 : 2.7816863370335e+01 +(9e+02,3e+05) | 5.48e+00 |  5:7.4e-02  7:3.4e-01
   28 ,    701 : 3.9846619473087e+01 +(8e+01,3e+05) | 5.41e+00 |  5:6.5e-02  7:3.0e-01
   29 ,    726 : 3.1273109339483e+01 +(9e+01,7e+04) | 5.80e+00 |  5:6.5e-02  7:3.2e-01
Iterat, #Fevals:   Function Value    (median,worst) |Axis Ratio|idx:Min SD idx:Max SD
   30 ,    751 : 8.6475211909689e+01 +(4e+01,3e+04) | 6.29e+00 |  5:6.6e-02  7:3.5e-01
   31 ,    776 : 4.3870032324202e+01 +(1e+03,5e+04) | 6.51e+00 |  5:6.2e-02  7:3.3e-01
   32 ,    801 : 9.3395500622842e+01 +(3e+01,3e+04) | 6.56e+00 |  5:6.4e-02  7:3.5e-01
   33 ,    826 : 2.9235183825856e+01 +(9e+01,6e+03) | 7.03e+00 |  5:6.3e-02  7:3.6e-01
   34 ,    851 : 4.7234797563571e+01 +(8e+01,2e+04) | 7.33e+00 |  5:6.2e-02  7:3.7e-01
   35 ,    876 : 2.6647166688157e+01 +(1e+02,6e+03) | 7.14e+00 |  5:6.5e-02  7:3.8e-01
   36 ,    901 : 2.9773157454885e+01 +(9e+01,1e+05) | 7.88e+00 |  5:6.7e-02  7:4.2e-01
   37 ,    926 : 3.5052500429926e+01 +(3e+02,2e+04) | 8.01e+00 |  5:7.5e-02  7:4.3e-01
   38 ,    951 : 2.6572660941858e+01 +(9e+01,2e+04) | 8.20e+00 |  5:7.1e-02  7:4.2e-01
   39 ,    976 : 2.7488941008709e+01 +(1e+02,1e+04) | 8.15e+00 |  5:6.9e-02  7:4.0e-01
Iterat, #Fevals:   Function Value    (median,worst) |Axis Ratio|idx:Min SD idx:Max SD
   40 ,   1001 : 2.5246203186100e+01 +(1e+02,9e+03) | 8.16e+00 |  5:6.1e-02  7:3.4e-01
   41 ,   1026 : 6.3811221328500e+01 +(6e+01,4e+03) | 7.86e+00 |  6:7.0e-02  7:3.6e-01
   42 ,   1051 : 2.5948774501746e+01 +(1e+02,4e+03) | 7.81e+00 |  6:6.2e-02  7:3.2e-01
   43 ,   1076 : 3.0134582602703e+01 +(9e+01,1e+04) | 7.57e+00 |  8:6.3e-02  7:3.2e-01
   44 ,   1101 : 2.4960767712442e+01 +(1e+02,6e+03) | 7.67e+00 |  8:6.8e-02  7:3.5e-01
   45 ,   1126 : 3.4694306073610e+01 +(9e+01,5e+03) | 8.28e+00 |  8:7.1e-02  7:3.8e-01
   46 ,   1151 : 2.3918985063396e+01 +(1e+02,4e+03) | 8.86e+00 |  8:7.3e-02  7:4.1e-01
   47 ,   1176 : 2.6309923584575e+01 +(1e+02,7e+03) | 9.22e+00 |  8:6.6e-02  7:3.8e-01
   48 ,   1201 : 2.4577180980967e+01 +(1e+02,1e+03) | 9.30e+00 |  8:6.4e-02  7:3.6e-01
   49 ,   1226 : 2.3369133259695e+01 +(1e+02,2e+03) | 9.77e+00 |  4:6.8e-02  7:4.0e-01
Iterat, #Fevals:   Function Value    (median,worst) |Axis Ratio|idx:Min SD idx:Max SD
   50 ,   1251 : 2.4802127140380e+01 +(9e+01,6e+03) | 9.80e+00 |  4:7.0e-02  7:4.0e-01
   51 ,   1276 : 2.7730257210901e+01 +(1e+02,4e+03) | 9.81e+00 |  4:7.3e-02  7:4.3e-01
   52 ,   1301 : 2.6897412742172e+01 +(9e+01,1e+03) | 9.79e+00 |  4:6.8e-02  7:4.0e-01
   53 ,   1326 : 2.6713082256285e+01 +(1e+02,1e+03) | 9.67e+00 |  4:6.8e-02  7:3.9e-01
   54 ,   1351 : 2.8088238229170e+01 +(9e+01,1e+03) | 1.00e+01 |  4:7.0e-02  7:4.2e-01
   55 ,   1376 : 2.7321901300379e+01 +(9e+01,2e+03) | 1.03e+01 |  4:5.7e-02  7:3.6e-01
   56 ,   1401 : 2.5651286372384e+01 +(8e+01,1e+03) | 1.08e+01 |  4:5.7e-02  7:3.7e-01
   57 ,   1426 : 2.7052499416905e+01 +(8e+01,7e+02) | 1.09e+01 |  4:5.2e-02  7:3.5e-01
   58 ,   1451 : 2.5717984563242e+01 +(5e+01,3e+03) | 1.15e+01 |  4:4.5e-02  7:3.1e-01
   59 ,   1476 : 2.5065548703039e+01 +(5e+01,4e+02) | 1.21e+01 |  4:4.6e-02  7:3.1e-01
Iterat, #Fevals:   Function Value    (median,worst) |Axis Ratio|idx:Min SD idx:Max SD
   60 ,   1501 : 2.5650549288359e+01 +(2e+01,5e+02) | 1.26e+01 |  4:4.1e-02  7:2.8e-01
   61 ,   1526 : 2.4190265843297e+01 +(1e+01,2e+02) | 1.33e+01 |  4:3.8e-02  7:2.7e-01
   62 ,   1551 : 2.6207675608719e+01 +(2e+01,6e+02) | 1.34e+01 |  4:3.4e-02  7:2.4e-01
   63 ,   1576 : 2.5100922349879e+01 +(1e+01,2e+02) | 1.40e+01 |  4:3.3e-02  7:2.4e-01
   64 ,   1601 : 2.5065017955228e+01 +(2e+01,2e+02) | 1.43e+01 |  4:3.0e-02  7:2.2e-01
   65 ,   1626 : 2.4228995231731e+01 +(1e+01,8e+01) | 1.51e+01 |  4:2.7e-02  7:2.1e-01
   66 ,   1651 : 2.4607224606179e+01 +(7e+00,2e+02) | 1.55e+01 |  4:2.5e-02  7:2.0e-01
   67 ,   1676 : 2.4439085394183e+01 +(4e+00,6e+01) | 1.62e+01 |  4:2.4e-02  7:1.9e-01
   68 ,   1701 : 2.4236728774333e+01 +(1e+01,5e+01) | 1.72e+01 |  4:2.3e-02  7:1.9e-01
   69 ,   1726 : 2.4347431416715e+01 +(3e+00,1e+02) | 1.76e+01 |  4:2.3e-02  7:1.8e-01
Iterat, #Fevals:   Function Value    (median,worst) |Axis Ratio|idx:Min SD idx:Max SD
   70 ,   1751 : 2.4973666145558e+01 +(1e+01,5e+01) | 1.89e+01 |  4:2.4e-02  7:2.0e-01
   71 ,   1776 : 2.4558186685376e+01 +(3e+00,5e+01) | 1.98e+01 |  4:2.1e-02  7:1.7e-01
   72 ,   1801 : 2.4905539414445e+01 +(9e-01,4e+01) | 2.02e+01 |  4:1.8e-02  7:1.5e-01
   73 ,   1826 : 2.4328966333847e+01 +(3e+00,2e+01) | 2.30e+01 |  4:1.9e-02  7:1.6e-01
   74 ,   1851 : 2.4717184481610e+01 +(5e+00,3e+01) | 2.43e+01 |  4:1.9e-02  7:1.7e-01
   75 ,   1876 : 2.4207546773336e+01 +(7e+00,3e+01) | 2.54e+01 |  4:2.1e-02  7:1.9e-01
   76 ,   1901 : 2.4341332464056e+01 +(3e+00,5e+01) | 2.61e+01 |  4:2.2e-02  7:2.0e-01
   77 ,   1926 : 2.4245327453532e+01 +(5e+00,5e+01) | 2.78e+01 |  4:2.0e-02  7:1.9e-01
   78 ,   1951 : 2.4470244174665e+01 +(4e+00,2e+01) | 2.96e+01 |  4:1.9e-02  7:1.9e-01
   79 ,   1976 : 2.3597605549231e+01 +(4e+00,4e+01) | 3.13e+01 |  4:2.1e-02  7:2.2e-01
Iterat, #Fevals:   Function Value    (median,worst) |Axis Ratio|idx:Min SD idx:Max SD
   80 ,   2001 : 2.3941046703383e+01 +(4e+00,3e+01) | 3.15e+01 |  4:2.0e-02  7:2.1e-01
   81 ,   2026 : 2.3991291139032e+01 +(4e+00,4e+01) | 3.25e+01 |  4:1.7e-02  7:1.7e-01
   82 ,   2051 : 2.3370660944833e+01 +(1e+00,3e+01) | 3.87e+01 |  4:1.7e-02  7:2.1e-01
   83 ,   2076 : 2.3606956014031e+01 +(2e+00,2e+01) | 4.01e+01 |  4:1.5e-02  7:1.9e-01
   84 ,   2101 : 2.3477484151648e+01 +(2e+00,2e+01) | 4.07e+01 |  4:1.7e-02  7:1.9e-01
   85 ,   2126 : 2.3470196798398e+01 +(9e-01,3e+01) | 4.27e+01 |  4:1.4e-02  7:1.7e-01
   86 ,   2151 : 2.2918792809194e+01 +(1e+00,4e+01) | 4.89e+01 |  4:1.6e-02  7:2.1e-01
   87 ,   2176 : 2.2840735183463e+01 +(2e+00,1e+01) | 5.21e+01 |  4:1.7e-02  7:2.2e-01
   88 ,   2201 : 2.3039644183351e+01 +(1e+00,9e+00) | 5.52e+01 |  4:1.5e-02  7:2.1e-01
   89 ,   2226 : 2.2575862427288e+01 +(1e+00,2e+01) | 5.69e+01 |  4:1.4e-02  7:1.9e-01
Iterat, #Fevals:   Function Value    (median,worst) |Axis Ratio|idx:Min SD idx:Max SD
   90 ,   2251 : 2.2585265857780e+01 +(1e+00,1e+01) | 5.93e+01 |  4:1.4e-02  7:2.0e-01
   91 ,   2276 : 2.2506990372427e+01 +(1e+00,9e+00) | 6.43e+01 |  4:1.5e-02  7:2.2e-01
   92 ,   2301 : 2.2234312930541e+01 +(2e+00,2e+01) | 7.04e+01 |  4:1.5e-02  7:2.4e-01
   93 ,   2326 : 2.2326325743425e+01 +(1e+00,2e+01) | 7.74e+01 |  4:1.6e-02  7:2.8e-01
   94 ,   2351 : 2.1727460162117e+01 +(2e+00,4e+01) | 8.61e+01 |  4:2.0e-02  7:3.5e-01
   95 ,   2376 : 2.1409991431297e+01 +(3e+00,3e+01) | 9.21e+01 |  4:2.3e-02  7:4.2e-01
   96 ,   2401 : 2.1745746218006e+01 +(5e+00,5e+01) | 9.56e+01 |  4:2.4e-02  7:4.5e-01
   97 ,   2426 : 2.1184066648984e+01 +(4e+00,4e+01) | 1.01e+02 |  4:2.3e-02  7:4.5e-01
   98 ,   2451 : 2.1119286874917e+01 +(8e+00,3e+01) | 1.07e+02 |  4:2.1e-02  7:4.3e-01
   99 ,   2476 : 2.1117239348585e+01 +(3e+00,7e+01) | 1.15e+02 |  4:1.9e-02  7:4.2e-01
Iterat, #Fevals:   Function Value    (median,worst) |Axis Ratio|idx:Min SD idx:Max SD
  100 ,   2501 : 2.1209018292088e+01 +(2e+00,5e+01) | 1.21e+02 |  4:1.9e-02  7:4.3e-01
  101 ,   2526 : 2.1111176826894e+01 +(3e+00,6e+01) | 1.23e+02 |  4:1.7e-02  7:3.9e-01
  102 ,   2551 : 2.1213729975928e+01 +(3e+00,2e+01) | 1.27e+02 |  4:1.8e-02  7:4.2e-01
  103 ,   2576 : 2.1256962070965e+01 +(5e+00,6e+01) | 1.30e+02 |  4:2.0e-02  7:4.8e-01
  104 ,   2601 : 2.1364978167499e+01 +(2e+00,4e+01) | 1.26e+02 |  4:1.9e-02  7:4.5e-01
  105 ,   2626 : 2.1044017703115e+01 +(4e+00,7e+01) | 1.28e+02 |  4:1.7e-02  7:4.0e-01
  106 ,   2651 : 2.1141132077768e+01 +(3e+00,1e+02) | 1.30e+02 |  4:1.8e-02  7:4.1e-01
  107 ,   2676 : 2.1405676803436e+01 +(2e+00,3e+01) | 1.32e+02 |  4:1.7e-02  7:3.8e-01
  108 ,   2701 : 2.1278508284777e+01 +(5e+00,5e+01) | 1.33e+02 |  4:1.6e-02  7:3.4e-01
  109 ,   2726 : 2.1484356302530e+01 +(2e+00,2e+01) | 1.37e+02 |  4:1.5e-02  7:3.3e-01
Iterat, #Fevals:   Function Value    (median,worst) |Axis Ratio|idx:Min SD idx:Max SD
  110 ,   2751 : 2.1091006529130e+01 +(7e-01,6e+00) | 1.45e+02 |  4:1.4e-02  7:3.3e-01
  111 ,   2776 : 2.1175748935464e+01 +(2e+00,1e+01) | 1.51e+02 |  4:1.4e-02  7:3.2e-01
  112 ,   2801 : 2.1125037617631e+01 +(7e-01,3e+01) | 1.54e+02 |  4:1.3e-02  7:2.9e-01
  113 ,   2826 : 2.1096710799749e+01 +(7e-01,2e+01) | 1.56e+02 |  4:1.2e-02  7:2.8e-01
  114 ,   2851 : 2.1080681414137e+01 +(6e-01,4e+00) | 1.61e+02 |  4:1.1e-02  7:2.7e-01
  115 ,   2876 : 2.1160040335355e+01 +(9e-01,2e+01) | 1.65e+02 |  4:1.0e-02  7:2.3e-01
  116 ,   2901 : 2.0995114525096e+01 +(5e-01,3e+00) | 1.69e+02 |  4:9.8e-03  7:2.3e-01
  117 ,   2926 : 2.1010646130382e+01 +(8e-01,9e+00) | 1.72e+02 |  4:9.8e-03  7:2.3e-01
  118 ,   2951 : 2.1054922994948e+01 +(5e-01,4e+00) | 1.73e+02 |  4:8.8e-03  7:2.1e-01
  119 ,   2976 : 2.1038282551197e+01 +(3e-01,1e+01) | 1.78e+02 |  4:8.9e-03  7:2.0e-01
Iterat, #Fevals:   Function Value    (median,worst) |Axis Ratio|idx:Min SD idx:Max SD
  120 ,   3001 : 2.1032994885846e+01 +(2e-01,8e+00) | 1.79e+02 |  4:9.3e-03  7:2.1e-01
  121 ,   3026 : 2.0983823645514e+01 +(4e-01,3e+00) | 1.78e+02 |  4:8.1e-03  7:1.8e-01
  122 ,   3051 : 2.1098086359884e+01 +(5e-01,3e+00) | 1.95e+02 |  4:8.4e-03  7:2.0e-01
  123 ,   3076 : 2.1012757607306e+01 +(5e-01,3e+00) | 2.01e+02 |  4:7.2e-03  7:1.7e-01
  124 ,   3101 : 2.0991438777297e+01 +(1e-01,3e+00) | 2.04e+02 |  4:7.4e-03  7:1.7e-01
  125 ,   3126 : 2.0957944108619e+01 +(2e-01,2e+00) | 2.05e+02 |  4:7.6e-03  7:1.7e-01
  126 ,   3151 : 2.0993775225508e+01 +(2e-01,2e+00) | 2.13e+02 |  4:7.9e-03  7:1.7e-01
  127 ,   3176 : 2.0955378344999e+01 +(4e-01,6e+00) | 2.18e+02 |  4:8.3e-03  7:1.7e-01
  128 ,   3201 : 2.0959420364695e+01 +(4e-01,1e+01) | 2.21e+02 |  4:8.8e-03  7:1.7e-01
  129 ,   3226 : 2.1004245643681e+01 +(5e-01,8e+00) | 2.25e+02 |  4:8.4e-03  7:1.6e-01
Iterat, #Fevals:   Function Value    (median,worst) |Axis Ratio|idx:Min SD idx:Max SD
  130 ,   3251 : 2.0967640878018e+01 +(2e-01,2e+00) | 2.25e+02 |  4:7.3e-03  7:1.4e-01
  131 ,   3276 : 2.0969836399264e+01 +(2e-01,2e+00) | 2.18e+02 |  4:7.4e-03  7:1.4e-01
  132 ,   3301 : 2.0996551864764e+01 +(3e-01,5e+00) | 2.24e+02 |  4:6.7e-03  7:1.3e-01
  133 ,   3326 : 2.0998261772200e+01 +(3e-01,2e+00) | 2.34e+02 |  4:5.6e-03  7:1.1e-01
  134 ,   3351 : 2.0953143101029e+01 +(9e-02,5e-01) | 2.21e+02 |  4:5.6e-03  7:1.1e-01
  135 ,   3376 : 2.0917233190150e+01 +(2e-01,1e+00) | 2.20e+02 |  4:5.5e-03  7:1.1e-01
  136 ,   3401 : 2.0920032720730e+01 +(2e-01,6e-01) | 2.31e+02 |  4:5.9e-03  7:1.1e-01
  137 ,   3426 : 2.0932714571835e+01 +(2e-01,9e-01) | 2.32e+02 |  4:5.6e-03  7:1.1e-01
  138 ,   3451 : 2.0926877799021e+01 +(1e-01,1e+00) | 2.38e+02 |  4:4.8e-03  7:9.3e-02
  139 ,   3476 : 2.0932806280179e+01 +(9e-02,1e+00) | 2.43e+02 |  4:4.8e-03  7:9.4e-02
Iterat, #Fevals:   Function Value    (median,worst) |Axis Ratio|idx:Min SD idx:Max SD
  140 ,   3501 : 2.0893753768791e+01 +(1e-01,8e-01) | 2.56e+02 |  4:4.9e-03  7:9.6e-02
  141 ,   3526 : 2.0913920965896e+01 +(7e-02,4e-01) | 2.62e+02 |  4:5.5e-03  7:1.0e-01
  142 ,   3551 : 2.0850579632838e+01 +(1e-01,1e+00) | 2.65e+02 |  4:6.2e-03  7:1.1e-01
  143 ,   3576 : 2.0832924214337e+01 +(1e-01,1e+00) | 2.67e+02 |  4:7.1e-03  7:1.3e-01
  144 ,   3601 : 2.0806508429015e+01 +(2e-01,3e+00) | 2.68e+02 |  4:7.5e-03  7:1.4e-01
  145 ,   3626 : 2.0835708628546e+01 +(2e-01,2e+00) | 2.67e+02 |  4:7.7e-03  7:1.4e-01
  146 ,   3651 : 2.0822155771084e+01 +(1e-01,2e+00) | 2.73e+02 |  4:8.2e-03  7:1.5e-01
  147 ,   3676 : 2.0778952661620e+01 +(1e-01,4e+00) | 2.70e+02 |  4:7.6e-03  7:1.4e-01
  148 ,   3701 : 2.0775449551039e+01 +(2e-01,9e-01) | 2.77e+02 |  4:6.8e-03  7:1.2e-01
  149 ,   3726 : 2.0663076035708e+01 +(2e-01,9e-01) | 2.85e+02 |  4:7.3e-03  7:1.4e-01
Iterat, #Fevals:   Function Value    (median,worst) |Axis Ratio|idx:Min SD idx:Max SD
  150 ,   3751 : 2.0682551055438e+01 +(2e-01,2e+00) | 2.90e+02 |  4:9.2e-03  7:1.6e-01
  151 ,   3776 : 2.0647936790165e+01 +(4e-01,1e+00) | 2.92e+02 |  4:1.1e-02  7:2.1e-01
  152 ,   3801 : 2.0637044600421e+01 +(3e-01,5e+00) | 3.03e+02 |  4:1.1e-02  7:2.2e-01
  153 ,   3826 : 2.0493250273538e+01 +(6e-01,7e+00) | 3.00e+02 |  4:1.2e-02  7:2.3e-01
  154 ,   3851 : 2.0460959347480e+01 +(5e-01,2e+00) | 2.96e+02 |  4:1.4e-02  7:2.5e-01
  155 ,   3876 : 2.0357272096328e+01 +(6e-01,3e+01) | 2.97e+02 |  4:1.2e-02  7:2.3e-01
  156 ,   3901 : 2.0452953945395e+01 +(6e-01,1e+01) | 2.94e+02 |  4:1.0e-02  7:1.9e-01
  157 ,   3926 : 2.0345909879300e+01 +(4e-01,4e+00) | 2.94e+02 |  4:9.4e-03  7:1.7e-01
  158 ,   3951 : 2.0313955661011e+01 +(5e-01,4e+00) | 2.87e+02 |  4:1.0e-02  7:1.7e-01
  159 ,   3976 : 2.0085137672464e+01 +(1e+00,1e+01) | 2.90e+02 |  4:1.2e-02  7:2.0e-01
Iterat, #Fevals:   Function Value    (median,worst) |Axis Ratio|idx:Min SD idx:Max SD
  160 ,   4001 : 2.0012984168529e+01 +(9e-01,2e+01) | 2.95e+02 |  4:1.2e-02  7:2.1e-01
  161 ,   4026 : 1.9954391719979e+01 +(2e+00,1e+01) | 2.91e+02 |  4:1.1e-02  7:1.9e-01
  162 ,   4051 : 2.0140321577868e+01 +(6e-01,1e+01) | 2.90e+02 |  4:1.1e-02  7:1.8e-01
  163 ,   4076 : 1.9975979444070e+01 +(6e-01,6e+00) | 2.73e+02 |  4:1.1e-02  7:1.9e-01
  164 ,   4101 : 2.0017056795353e+01 +(4e-01,4e+00) | 2.74e+02 |  4:9.8e-03  7:1.7e-01
  165 ,   4126 : 2.0002772294277e+01 +(6e-01,3e+00) | 2.71e+02 |  4:9.2e-03  7:1.6e-01
  166 ,   4151 : 1.9951392778428e+01 +(6e-01,2e+00) | 2.64e+02 |  4:8.5e-03  7:1.4e-01
  167 ,   4176 : 2.0037278558420e+01 +(3e-01,1e+00) | 2.49e+02 |  4:9.2e-03  7:1.5e-01
  168 ,   4201 : 1.9949986809591e+01 +(4e-01,1e+00) | 2.40e+02 |  4:9.2e-03  7:1.5e-01
  169 ,   4226 : 2.0031047525678e+01 +(2e-01,7e+00) | 2.40e+02 |  4:9.3e-03  7:1.5e-01
Iterat, #Fevals:   Function Value    (median,worst) |Axis Ratio|idx:Min SD idx:Max SD
  170 ,   4251 : 2.0011622488352e+01 +(3e-01,1e+00) | 2.39e+02 |  4:8.5e-03  7:1.4e-01
  171 ,   4276 : 1.9976813982641e+01 +(4e-01,1e+00) | 2.43e+02 |  4:8.7e-03  7:1.4e-01
  172 ,   4301 : 1.9927800637140e+01 +(5e-01,2e+00) | 2.40e+02 |  4:8.7e-03  7:1.3e-01
  173 ,   4326 : 2.0069431932952e+01 +(3e-01,3e+00) | 2.52e+02 |  4:8.7e-03  7:1.4e-01
  174 ,   4351 : 1.9949639198002e+01 +(3e-01,1e+00) | 2.52e+02 |  4:8.5e-03  7:1.3e-01
  175 ,   4376 : 1.9957914209127e+01 +(3e-01,3e+00) | 2.57e+02 |  4:7.0e-03  7:1.1e-01
  176 ,   4401 : 1.9958673060098e+01 +(3e-01,9e-01) | 2.66e+02 |  4:6.2e-03  7:1.0e-01
  177 ,   4426 : 1.9932215514240e+01 +(2e-01,1e+00) | 2.74e+02 |  4:5.8e-03  7:9.5e-02
  178 ,   4451 : 1.9919623745944e+01 +(2e-01,5e-01) | 2.76e+02 |  4:5.4e-03  7:8.9e-02
  179 ,   4476 : 1.9917721649221e+01 +(2e-01,8e-01) | 2.83e+02 |  4:5.3e-03  7:8.7e-02
Iterat, #Fevals:   Function Value    (median,worst) |Axis Ratio|idx:Min SD idx:Max SD
  180 ,   4501 : 1.9930035111614e+01 +(1e-01,1e+00) | 2.73e+02 |  4:4.9e-03  7:8.2e-02
  181 ,   4526 : 1.9917589231447e+01 +(1e-01,6e-01) | 2.67e+02 |  4:5.1e-03  7:8.1e-02
  182 ,   4551 : 1.9943208337849e+01 +(9e-02,1e+00) | 2.73e+02 |  4:4.8e-03  7:7.6e-02
  183 ,   4576 : 1.9928256602769e+01 +(2e-01,2e+00) | 2.82e+02 |  4:4.5e-03  7:7.1e-02
  184 ,   4601 : 1.9944438354686e+01 +(9e-02,5e-01) | 2.95e+02 |  4:4.0e-03  7:6.6e-02
  185 ,   4626 : 1.9936623211532e+01 +(1e-01,4e-01) | 2.94e+02 |  4:3.4e-03  7:5.7e-02
  186 ,   4651 : 1.9937671289811e+01 +(6e-02,2e-01) | 2.79e+02 |  4:3.2e-03  7:5.4e-02
  187 ,   4676 : 1.9928171926638e+01 +(5e-02,2e-01) | 2.99e+02 |  4:2.9e-03  7:5.0e-02
  188 ,   4701 : 1.9908529728156e+01 +(7e-02,3e-01) | 3.00e+02 |  4:2.9e-03  7:5.0e-02
  189 ,   4726 : 1.9909605976049e+01 +(9e-02,3e-01) | 3.00e+02 |  4:2.7e-03  7:4.8e-02
Iterat, #Fevals:   Function Value    (median,worst) |Axis Ratio|idx:Min SD idx:Max SD
  190 ,   4751 : 1.9907558208997e+01 +(6e-02,2e-01) | 2.92e+02 |  4:2.6e-03  7:4.1e-02
  191 ,   4776 : 1.9926352439170e+01 +(4e-02,1e-01) | 2.97e+02 |  4:3.2e-03  3:4.8e-02
  192 ,   4801 : 1.9920851266834e+01 +(6e-02,1e-01) | 2.93e+02 |  4:3.4e-03  3:4.9e-02
  193 ,   4826 : 1.9913499886977e+01 +(4e-02,2e-01) | 2.90e+02 |  4:3.0e-03  3:4.3e-02
  194 ,   4851 : 1.9918389802010e+01 +(3e-02,1e-01) | 2.98e+02 |  4:2.7e-03  3:3.8e-02
  195 ,   4876 : 1.9912381774318e+01 +(3e-02,9e-02) | 2.89e+02 |  4:2.3e-03  3:3.2e-02
  196 ,   4901 : 1.9923774727788e+01 +(2e-02,5e-02) | 2.91e+02 |  4:1.9e-03  3:2.6e-02
  197 ,   4926 : 1.9912881480899e+01 +(3e-02,8e-02) | 2.83e+02 |  4:1.8e-03  3:2.5e-02
  198 ,   4951 : 1.9919667253412e+01 +(2e-02,6e-02) | 2.88e+02 |  8:1.9e-03  3:2.7e-02
  199 ,   4976 : 1.9900308424730e+01 +(5e-02,9e-02) | 2.85e+02 |  8:1.9e-03  3:2.6e-02
Iterat, #Fevals:   Function Value    (median,worst) |Axis Ratio|idx:Min SD idx:Max SD
  200 ,   5001 : 1.9902087177423e+01 +(4e-02,7e-02) | 2.89e+02 |  8:1.7e-03  3:2.3e-02
  201 ,   5026 : 1.9910056146954e+01 +(3e-02,6e-02) | 2.82e+02 |  4:1.5e-03  3:2.1e-02
  202 ,   5051 : 1.9912193315952e+01 +(3e-02,7e-02) | 2.89e+02 |  4:1.3e-03  3:1.7e-02
  203 ,   5076 : 1.9911999379608e+01 +(2e-02,4e-02) | 2.89e+02 |  4:1.2e-03  3:1.6e-02
  204 ,   5101 : 1.9904998988629e+01 +(2e-02,4e-02) | 3.04e+02 |  4:1.1e-03  3:1.5e-02
  205 ,   5126 : 1.9897219842892e+01 +(3e-02,5e-02) | 2.92e+02 |  4:1.1e-03  3:1.4e-02
  206 ,   5151 : 1.9905673968268e+01 +(2e-02,4e-02) | 2.88e+02 |  8:9.8e-04  3:1.2e-02
  207 ,   5176 : 1.9908811231094e+01 +(2e-02,4e-02) | 3.01e+02 |  4:9.4e-04  3:1.2e-02
  208 ,   5201 : 1.9912501494668e+01 +(1e-02,3e-02) | 3.15e+02 |  4:9.0e-04  3:1.2e-02
  209 ,   5226 : 1.9906818551977e+01 +(2e-02,5e-02) | 3.15e+02 |  4:8.4e-04  3:1.1e-02
Iterat, #Fevals:   Function Value    (median,worst) |Axis Ratio|idx:Min SD idx:Max SD
  210 ,   5251 : 1.9910097214557e+01 +(2e-02,5e-02) | 3.08e+02 |  4:7.2e-04  3:9.5e-03
  211 ,   5276 : 1.9912816894522e+01 +(2e-02,4e-02) | 3.23e+02 |  8:7.2e-04  3:9.6e-03
  212 ,   5301 : 1.9907984956404e+01 +(1e-02,4e-02) | 3.40e+02 |  8:6.3e-04  3:8.7e-03
  213 ,   5326 : 1.9910644511109e+01 +(2e-02,4e-02) | 3.40e+02 |  8:5.8e-04  3:8.0e-03
  214 ,   5351 : 1.9906398836443e+01 +(3e-02,4e-02) | 3.38e+02 |  8:4.9e-04  3:6.8e-03
  215 ,   5376 : 1.9902671752036e+01 +(2e-02,4e-02) | 3.38e+02 |  8:4.8e-04  3:6.6e-03
  216 ,   5401 : 1.9902648504598e+01 +(3e-02,5e-02) | 3.31e+02 |  8:4.6e-04  3:6.3e-03
  217 ,   5426 : 1.9909429684011e+01 +(2e-02,4e-02) | 3.31e+02 |  8:4.1e-04  3:5.7e-03
  218 ,   5451 : 1.9900236032938e+01 +(3e-02,5e-02) | 3.30e+02 |  8:4.1e-04  3:5.8e-03
  219 ,   5476 : 1.9903828723293e+01 +(3e-02,5e-02) | 3.33e+02 |  8:4.0e-04  7:5.7e-03
Iterat, #Fevals:   Function Value    (median,worst) |Axis Ratio|idx:Min SD idx:Max SD
  220 ,   5501 : 1.9904337535410e+01 +(3e-02,4e-02) | 3.38e+02 |  8:4.0e-04  7:5.8e-03
  221 ,   5526 : 1.9898710579135e+01 +(3e-02,5e-02) | 3.39e+02 |  8:3.8e-04  3:5.6e-03
  222 ,   5551 : 1.9900700247115e+01 +(2e-02,5e-02) | 3.38e+02 |  8:3.5e-04  3:5.1e-03
  223 ,   5576 : 1.9907140652780e+01 +(2e-02,4e-02) | 3.64e+02 |  8:3.2e-04  3:4.7e-03
  224 ,   5601 : 1.9907836528940e+01 +(2e-02,5e-02) | 3.47e+02 |  8:3.1e-04  3:4.5e-03
  225 ,   5626 : 1.9902538979376e+01 +(2e-02,5e-02) | 3.53e+02 |  8:3.1e-04  7:4.4e-03
  226 ,   5651 : 1.9913489870218e+01 +(2e-02,4e-02) | 3.46e+02 |  8:3.2e-04  7:4.4e-03
  227 ,   5676 : 1.9901390239930e+01 +(3e-02,6e-02) | 3.48e+02 |  8:3.2e-04  7:4.5e-03
  228 ,   5701 : 1.9913687042104e+01 +(2e-02,4e-02) | 3.38e+02 |  8:3.2e-04  7:4.5e-03
  229 ,   5726 : 1.9902040818952e+01 +(2e-02,4e-02) | 3.22e+02 |  8:2.9e-04  7:4.1e-03
Iterat, #Fevals:   Function Value    (median,worst) |Axis Ratio|idx:Min SD idx:Max SD
  230 ,   5751 : 1.9908181485290e+01 +(2e-02,4e-02) | 3.22e+02 |  8:3.1e-04  7:4.4e-03
  231 ,   5776 : 1.9910322857087e+01 +(2e-02,5e-02) | 3.13e+02 |  8:3.3e-04  7:4.7e-03
  232 ,   5801 : 1.9908369426517e+01 +(2e-02,5e-02) | 3.42e+02 |  8:3.0e-04  7:4.3e-03
  233 ,   5826 : 1.9893907340352e+01 +(4e-02,5e-02) | 3.32e+02 |  8:3.0e-04  7:4.6e-03
  234 ,   5851 : 1.9899431977400e+01 +(3e-02,5e-02) | 3.60e+02 |  8:2.9e-04  7:4.9e-03
  235 ,   5876 : 1.9898079349365e+01 +(3e-02,5e-02) | 3.70e+02 |  8:3.0e-04  7:5.0e-03
  236 ,   5901 : 1.9901727129623e+01 +(2e-02,5e-02) | 3.51e+02 |  8:2.9e-04  7:4.9e-03
  237 ,   5926 : 1.9908133727409e+01 +(2e-02,5e-02) | 3.49e+02 |  8:2.9e-04  7:4.7e-03
  238 ,   5951 : 1.9910533714895e+01 +(2e-02,6e-02) | 3.56e+02 |  8:2.9e-04  7:4.8e-03
  239 ,   5976 : 1.9914803184691e+01 +(2e-02,3e-02) | 3.66e+02 |  8:2.8e-04  7:4.9e-03
Iterat, #Fevals:   Function Value    (median,worst) |Axis Ratio|idx:Min SD idx:Max SD
  240 ,   6001 : 1.9899304214180e+01 +(2e-02,5e-02) | 3.76e+02 |  8:2.9e-04  7:5.1e-03
  241 ,   6026 : 1.9910368286725e+01 +(2e-02,4e-02) | 3.75e+02 |  8:3.1e-04  7:5.3e-03
  242 ,   6051 : 1.9905223910715e+01 +(2e-02,5e-02) | 3.77e+02 |  8:3.1e-04  7:5.2e-03
  243 ,   6076 : 1.9904872985033e+01 +(2e-02,6e-02) | 3.69e+02 |  8:3.1e-04  7:5.3e-03
  244 ,   6101 : 1.9900979452994e+01 +(3e-02,5e-02) | 4.02e+02 |  8:3.0e-04  3:5.3e-03
  245 ,   6126 : 1.9902817345981e+01 +(3e-02,5e-02) | 4.09e+02 |  8:3.4e-04  7:5.4e-03
  246 ,   6151 : 1.9888551403796e+01 +(4e-02,7e-02) | 4.09e+02 |  8:3.9e-04  3:5.8e-03
  247 ,   6176 : 1.9895305216369e+01 +(3e-02,6e-02) | 4.10e+02 |  8:3.9e-04  7:6.2e-03
  248 ,   6201 : 1.9906195406860e+01 +(1e-02,5e-02) | 4.14e+02 |  8:4.1e-04  7:6.2e-03
  249 ,   6226 : 1.9897763449196e+01 +(3e-02,5e-02) | 4.02e+02 |  8:3.6e-04  7:5.6e-03
Iterat, #Fevals:   Function Value    (median,worst) |Axis Ratio|idx:Min SD idx:Max SD
  250 ,   6251 : 1.9908536990599e+01 +(1e-02,3e-02) | 4.01e+02 |  8:4.0e-04  7:5.9e-03
  251 ,   6276 : 1.9900203677032e+01 +(3e-02,5e-02) | 4.15e+02 |  8:3.9e-04  7:5.8e-03
  252 ,   6301 : 1.9912257308902e+01 +(1e-02,4e-02) | 4.52e+02 |  8:5.0e-04  3:7.5e-03
  253 ,   6326 : 1.9909238479363e+01 +(2e-02,4e-02) | 4.81e+02 |  8:5.0e-04  3:7.9e-03
  254 ,   6351 : 1.9914766302797e+01 +(2e-02,5e-02) | 4.93e+02 |  8:5.9e-04  3:9.0e-03
  255 ,   6376 : 1.9914767775558e+01 +(1e-02,3e-02) | 4.90e+02 |  8:6.2e-04  3:9.5e-03
  256 ,   6401 : 1.9908163021124e+01 +(2e-02,6e-02) | 5.06e+02 |  8:6.3e-04  3:9.6e-03
  257 ,   6426 : 1.9906268628566e+01 +(2e-02,5e-02) | 5.29e+02 |  8:5.8e-04  7:8.7e-03
  258 ,   6451 : 1.9890121738755e+01 +(3e-02,7e-02) | 5.30e+02 |  8:5.3e-04  7:7.8e-03
  259 ,   6476 : 1.9903708147866e+01 +(2e-02,5e-02) | 5.43e+02 |  8:5.1e-04  7:7.4e-03
Iterat, #Fevals:   Function Value    (median,worst) |Axis Ratio|idx:Min SD idx:Max SD
  260 ,   6501 : 1.9903567063264e+01 +(2e-02,6e-02) | 5.43e+02 |  8:5.0e-04  7:7.4e-03
  261 ,   6526 : 1.9912871273145e+01 +(2e-02,3e-02) | 5.69e+02 |  8:4.9e-04  7:7.4e-03
  262 ,   6551 : 1.9914392107693e+01 +(1e-02,4e-02) | 5.69e+02 |  8:4.8e-04  7:7.5e-03
  263 ,   6576 : 1.9907464411317e+01 +(2e-02,5e-02) | 5.83e+02 |  8:4.6e-04  7:7.1e-03
  264 ,   6601 : 1.9885553394183e+01 +(4e-02,6e-02) | 5.43e+02 |  8:5.2e-04  7:7.6e-03
  265 ,   6626 : 1.9898458765020e+01 +(3e-02,5e-02) | 5.39e+02 |  8:5.0e-04  7:7.1e-03
  266 ,   6651 : 1.9908905309588e+01 +(2e-02,4e-02) | 5.26e+02 |  8:5.1e-04  7:6.9e-03
  267 ,   6676 : 1.9910337757648e+01 +(2e-02,4e-02) | 5.16e+02 |  8:4.9e-04  7:6.6e-03
  268 ,   6701 : 1.9910806734733e+01 +(2e-02,3e-02) | 5.25e+02 |  8:4.5e-04  7:6.2e-03
  269 ,   6726 : 1.9897508006498e+01 +(3e-02,6e-02) | 5.22e+02 |  8:3.6e-04  7:5.2e-03
Iterat, #Fevals:   Function Value    (median,worst) |Axis Ratio|idx:Min SD idx:Max SD
  270 ,   6751 : 1.9904547227151e+01 +(2e-02,4e-02) | 5.29e+02 |  8:3.6e-04  7:4.9e-03
  271 ,   6776 : 1.9903771265608e+01 +(3e-02,5e-02) | 5.55e+02 |  8:3.7e-04  7:4.8e-03
  272 ,   6801 : 1.9903554761618e+01 +(2e-02,6e-02) | 5.43e+02 |  8:3.3e-04  7:4.2e-03
  273 ,   6826 : 1.9901564806043e+01 +(2e-02,5e-02) | 5.68e+02 |  8:2.9e-04  7:3.9e-03
  274 ,   6851 : 1.9907212117570e+01 +(2e-02,4e-02) | 5.90e+02 |  8:2.8e-04  7:3.4e-03
  275 ,   6876 : 1.9906723902330e+01 +(3e-02,5e-02) | 5.97e+02 |  8:2.7e-04  7:3.3e-03
  276 ,   6901 : 1.9913220415923e+01 +(2e-02,5e-02) | 5.76e+02 |  8:2.5e-04  7:3.0e-03
  277 ,   6926 : 1.9907029492768e+01 +(3e-02,6e-02) | 5.72e+02 |  8:2.7e-04  7:3.1e-03
  278 ,   6951 : 1.9909247080808e+01 +(2e-02,4e-02) | 5.74e+02 |  8:2.4e-04  7:2.8e-03
  279 ,   6976 : 1.9891574202826e+01 +(4e-02,6e-02) | 5.53e+02 |  8:2.3e-04  7:2.7e-03
Iterat, #Fevals:   Function Value    (median,worst) |Axis Ratio|idx:Min SD idx:Max SD
  280 ,   7001 : 1.9908136568559e+01 +(2e-02,5e-02) | 5.59e+02 |  8:2.0e-04  7:2.3e-03
  281 ,   7026 : 1.9907016554240e+01 +(2e-02,4e-02) | 5.67e+02 |  8:2.0e-04  7:2.3e-03
  282 ,   7051 : 1.9910677172314e+01 +(1e-02,5e-02) | 5.80e+02 |  8:2.3e-04  7:2.6e-03
  283 ,   7076 : 1.9900661496459e+01 +(2e-02,6e-02) | 5.98e+02 |  8:2.3e-04  7:2.7e-03
  284 ,   7101 : 1.9888518813889e+01 +(4e-02,6e-02) | 5.84e+02 |  8:2.3e-04  7:2.7e-03
  285 ,   7126 : 1.9893720857620e+01 +(4e-02,6e-02) | 5.79e+02 |  8:2.6e-04  3:3.1e-03
  286 ,   7151 : 1.9906726251645e+01 +(2e-02,4e-02) | 5.95e+02 |  8:2.3e-04  3:2.8e-03
  287 ,   7176 : 1.9904548665332e+01 +(2e-02,6e-02) | 5.93e+02 |  8:2.3e-04  3:2.7e-03
  288 ,   7201 : 1.9898074884717e+01 +(3e-02,4e-02) | 5.73e+02 |  8:2.0e-04  7:2.4e-03
  289 ,   7226 : 1.9897200428262e+01 +(3e-02,5e-02) | 5.63e+02 |  8:2.0e-04  7:2.4e-03
Iterat, #Fevals:   Function Value    (median,worst) |Axis Ratio|idx:Min SD idx:Max SD
  290 ,   7251 : 1.9912598423289e+01 +(2e-02,4e-02) | 5.61e+02 |  8:1.9e-04  7:2.3e-03
  291 ,   7276 : 1.9898039665363e+01 +(3e-02,6e-02) | 5.55e+02 |  8:1.9e-04  7:2.2e-03
  292 ,   7301 : 1.9904534517521e+01 +(2e-02,6e-02) | 5.68e+02 |  8:1.8e-04  7:2.2e-03
  293 ,   7326 : 1.9913032430254e+01 +(2e-02,5e-02) | 5.63e+02 |  8:1.7e-04  7:2.1e-03
  294 ,   7351 : 1.9901646267636e+01 +(3e-02,4e-02) | 5.30e+02 |  8:1.9e-04  7:2.4e-03
  295 ,   7376 : 1.9896047567343e+01 +(3e-02,5e-02) | 5.36e+02 |  8:1.9e-04  7:2.3e-03
  296 ,   7401 : 1.9902357057303e+01 +(3e-02,5e-02) | 5.31e+02 |  8:1.9e-04  7:2.2e-03
  297 ,   7426 : 1.9908217773695e+01 +(2e-02,4e-02) | 5.17e+02 |  8:1.9e-04  7:2.4e-03
  298 ,   7451 : 1.9913068865580e+01 +(2e-02,3e-02) | 5.13e+02 |  8:1.7e-04  7:2.2e-03
  299 ,   7476 : 1.9904985915003e+01 +(3e-02,5e-02) | 5.15e+02 |  8:1.7e-04  7:2.2e-03
Iterat, #Fevals:   Function Value    (median,worst) |Axis Ratio|idx:Min SD idx:Max SD
  300 ,   7501 : 1.9900463081888e+01 +(2e-02,4e-02) | 5.23e+02 |  8:1.9e-04  7:2.4e-03
  301 ,   7526 : 1.9903850866396e+01 +(3e-02,5e-02) | 5.46e+02 |  8:1.9e-04  7:2.6e-03
  302 ,   7551 : 1.9916802814017e+01 +(1e-02,4e-02) | 5.55e+02 |  8:1.8e-04  7:2.5e-03
  303 ,   7576 : 1.9901113252403e+01 +(3e-02,4e-02) | 5.57e+02 |  8:1.7e-04  7:2.3e-03
  304 ,   7601 : 1.9898977708606e+01 +(2e-02,4e-02) | 5.54e+02 |  8:1.8e-04  7:2.4e-03
  305 ,   7626 : 1.9908023686259e+01 +(2e-02,3e-02) | 5.83e+02 |  8:1.7e-04  7:2.2e-03
  306 ,   7651 : 1.9900523400181e+01 +(2e-02,4e-02) | 5.93e+02 |  8:1.5e-04  7:2.0e-03
  307 ,   7676 : 1.9908469782912e+01 +(2e-02,4e-02) | 5.73e+02 |  8:1.3e-04  7:1.8e-03
  308 ,   7701 : 1.9903088215221e+01 +(2e-02,4e-02) | 5.75e+02 |  8:1.2e-04  7:1.6e-03
  309 ,   7726 : 1.9887920029028e+01 +(4e-02,6e-02) | 5.79e+02 |  8:1.1e-04  7:1.3e-03
Iterat, #Fevals:   Function Value    (median,worst) |Axis Ratio|idx:Min SD idx:Max SD
  310 ,   7751 : 1.9894535995125e+01 +(3e-02,6e-02) | 6.10e+02 |  8:9.1e-05  7:1.2e-03
  311 ,   7776 : 1.9911147772739e+01 +(2e-02,4e-02) | 5.95e+02 |  4:9.5e-05  7:1.2e-03
  312 ,   7801 : 1.9910523387915e+01 +(2e-02,4e-02) | 6.53e+02 |  8:9.0e-05  7:1.2e-03
  313 ,   7826 : 1.9899905317725e+01 +(3e-02,5e-02) | 7.03e+02 |  4:7.7e-05  7:1.1e-03
  314 ,   7851 : 1.9907827129174e+01 +(2e-02,4e-02) | 7.44e+02 |  4:8.2e-05  7:1.2e-03
  315 ,   7876 : 1.9898248831972e+01 +(3e-02,5e-02) | 7.76e+02 |  4:8.3e-05  7:1.3e-03
  316 ,   7901 : 1.9904188075718e+01 +(2e-02,4e-02) | 7.58e+02 |  4:8.0e-05  7:1.2e-03
  317 ,   7926 : 1.9906696229330e+01 +(2e-02,4e-02) | 7.35e+02 |  4:7.9e-05  7:1.2e-03
  318 ,   7951 : 1.9911662553016e+01 +(1e-02,4e-02) | 7.64e+02 |  4:8.0e-05  7:1.3e-03
  319 ,   7976 : 1.9908661882260e+01 +(2e-02,5e-02) | 8.39e+02 |  4:6.7e-05  7:1.2e-03
Iterat, #Fevals:   Function Value    (median,worst) |Axis Ratio|idx:Min SD idx:Max SD
  320 ,   8001 : 1.9907598624352e+01 +(2e-02,4e-02) | 8.94e+02 |  4:6.9e-05  7:1.2e-03
  321 ,   8026 : 1.9900470074601e+01 +(3e-02,4e-02) | 8.93e+02 |  4:7.0e-05  7:1.3e-03
  322 ,   8051 : 1.9902555436812e+01 +(3e-02,5e-02) | 8.91e+02 |  4:6.5e-05  7:1.2e-03
  323 ,   8076 : 1.9899429299139e+01 +(3e-02,5e-02) | 9.83e+02 |  4:6.3e-05  7:1.2e-03
  324 ,   8101 : 1.9905754084003e+01 +(2e-02,4e-02) | 1.01e+03 |  4:6.1e-05  7:1.1e-03
  325 ,   8126 : 1.9895502698687e+01 +(3e-02,5e-02) | 1.02e+03 |  4:6.0e-05  7:1.1e-03
  326 ,   8151 : 1.9904960900208e+01 +(2e-02,4e-02) | 1.04e+03 |  4:5.2e-05  7:9.8e-04
  327 ,   8176 : 1.9901878187580e+01 +(2e-02,4e-02) | 1.00e+03 |  4:4.9e-05  7:9.4e-04
  328 ,   8201 : 1.9897742327640e+01 +(2e-02,6e-02) | 1.01e+03 |  4:5.3e-05  7:1.0e-03
  329 ,   8226 : 1.9898394909180e+01 +(3e-02,5e-02) | 1.02e+03 |  4:5.6e-05  7:1.0e-03
Iterat, #Fevals:   Function Value    (median,worst) |Axis Ratio|idx:Min SD idx:Max SD
  330 ,   8251 : 1.9897518602659e+01 +(3e-02,5e-02) | 1.02e+03 |  4:6.1e-05  7:1.1e-03
  331 ,   8276 : 1.9906520065173e+01 +(2e-02,4e-02) | 1.10e+03 |  4:6.3e-05  7:1.2e-03
  332 ,   8301 : 1.9903786696435e+01 +(3e-02,5e-02) | 1.10e+03 |  4:6.5e-05  7:1.2e-03
  333 ,   8326 : 1.9898224368741e+01 +(3e-02,4e-02) | 1.12e+03 |  4:6.8e-05  7:1.3e-03
  334 ,   8351 : 1.9907885607296e+01 +(2e-02,4e-02) | 1.17e+03 |  4:6.8e-05  7:1.3e-03
  335 ,   8376 : 1.9903431940134e+01 +(2e-02,4e-02) | 1.18e+03 |  4:6.5e-05  7:1.2e-03
  336 ,   8401 : 1.9913299216573e+01 +(1e-02,4e-02) | 1.24e+03 |  4:6.6e-05  7:1.3e-03
  337 ,   8426 : 1.9901586004451e+01 +(3e-02,5e-02) | 1.27e+03 |  4:7.3e-05  7:1.4e-03
  338 ,   8451 : 1.9903796479390e+01 +(3e-02,5e-02) | 1.30e+03 |  4:6.9e-05  7:1.3e-03
  339 ,   8476 : 1.9905519170745e+01 +(2e-02,5e-02) | 1.30e+03 |  4:6.5e-05  7:1.3e-03
Iterat, #Fevals:   Function Value    (median,worst) |Axis Ratio|idx:Min SD idx:Max SD
  340 ,   8501 : 1.9894918829287e+01 +(4e-02,5e-02) | 1.35e+03 |  4:6.3e-05  7:1.3e-03
  341 ,   8526 : 1.9914154852175e+01 +(2e-02,4e-02) | 1.32e+03 |  4:5.8e-05  7:1.2e-03
  342 ,   8551 : 1.9919203350646e+01 +(7e-03,3e-02) | 1.23e+03 |  4:6.6e-05  7:1.4e-03
  343 ,   8576 : 1.9912875607716e+01 +(2e-02,3e-02) | 1.21e+03 |  4:6.6e-05  7:1.3e-03
  344 ,   8601 : 1.9898921254514e+01 +(3e-02,5e-02) | 1.20e+03 |  4:6.8e-05  7:1.3e-03
  345 ,   8626 : 1.9909742497800e+01 +(1e-02,3e-02) | 1.20e+03 |  4:7.0e-05  7:1.3e-03
  346 ,   8651 : 1.9902848426098e+01 +(2e-02,5e-02) | 1.22e+03 |  4:6.7e-05  7:1.3e-03
  347 ,   8676 : 1.9911569791208e+01 +(1e-02,3e-02) | 1.21e+03 |  4:6.3e-05  7:1.2e-03
  348 ,   8701 : 1.9905166876011e+01 +(2e-02,4e-02) | 1.20e+03 |  4:5.9e-05  7:1.1e-03
  349 ,   8726 : 1.9899812352705e+01 +(2e-02,4e-02) | 1.22e+03 |  4:5.6e-05  7:1.0e-03
Iterat, #Fevals:   Function Value    (median,worst) |Axis Ratio|idx:Min SD idx:Max SD
  350 ,   8751 : 1.9899088398063e+01 +(3e-02,5e-02) | 1.25e+03 |  4:5.8e-05  7:1.0e-03
  351 ,   8776 : 1.9907113978432e+01 +(2e-02,4e-02) | 1.24e+03 |  4:5.9e-05  7:1.1e-03
  352 ,   8801 : 1.9907554729147e+01 +(2e-02,5e-02) | 1.22e+03 |  4:5.4e-05  7:9.3e-04
  353 ,   8826 : 1.9898313662158e+01 +(3e-02,6e-02) | 1.23e+03 |  4:5.1e-05  7:8.7e-04
  354 ,   8851 : 1.9892814368494e+01 +(4e-02,6e-02) | 1.21e+03 |  4:4.4e-05  7:7.4e-04
  355 ,   8876 : 1.9894012645609e+01 +(4e-02,6e-02) | 1.22e+03 |  4:4.4e-05  7:7.4e-04
  356 ,   8901 : 1.9904599431717e+01 +(2e-02,5e-02) | 1.22e+03 |  4:4.5e-05  7:7.6e-04
  357 ,   8926 : 1.9909237903211e+01 +(2e-02,3e-02) | 1.17e+03 |  4:4.9e-05  7:8.4e-04
  358 ,   8951 : 1.9900394960349e+01 +(2e-02,5e-02) | 1.17e+03 |  4:5.6e-05  7:1.0e-03
  359 ,   8976 : 1.9910921724408e+01 +(2e-02,4e-02) | 1.31e+03 |  4:5.9e-05  7:1.2e-03
Iterat, #Fevals:   Function Value    (median,worst) |Axis Ratio|idx:Min SD idx:Max SD
  360 ,   9001 : 1.9911578157192e+01 +(1e-02,3e-02) | 1.38e+03 |  4:6.8e-05  7:1.3e-03
  361 ,   9026 : 1.9894907470187e+01 +(3e-02,6e-02) | 1.37e+03 |  4:6.5e-05  7:1.3e-03
  362 ,   9051 : 1.9902154233319e+01 +(2e-02,5e-02) | 1.37e+03 |  4:6.6e-05  7:1.3e-03
  363 ,   9076 : 1.9906721254582e+01 +(2e-02,5e-02) | 1.36e+03 |  4:6.3e-05  7:1.2e-03
  364 ,   9101 : 1.9897126260465e+01 +(3e-02,6e-02) | 1.29e+03 |  4:5.9e-05  7:1.1e-03
  365 ,   9126 : 1.9894690473120e+01 +(3e-02,5e-02) | 1.29e+03 |  4:5.8e-05  7:1.1e-03
  366 ,   9151 : 1.9907790255547e+01 +(2e-02,4e-02) | 1.32e+03 |  4:5.5e-05  7:1.0e-03
  367 ,   9176 : 1.9894894387417e+01 +(3e-02,6e-02) | 1.35e+03 |  4:5.3e-05  7:9.7e-04
  368 ,   9201 : 1.9910649714654e+01 +(1e-02,4e-02) | 1.27e+03 |  4:5.3e-05  7:9.6e-04
  369 ,   9226 : 1.9903042454426e+01 +(2e-02,4e-02) | 1.21e+03 |  4:5.3e-05  7:9.4e-04
Iterat, #Fevals:   Function Value    (median,worst) |Axis Ratio|idx:Min SD idx:Max SD
  370 ,   9251 : 1.9899341353403e+01 +(3e-02,4e-02) | 1.13e+03 |  4:5.2e-05  7:9.1e-04
  371 ,   9276 : 1.9901308973982e+01 +(2e-02,4e-02) | 1.10e+03 |  4:4.9e-05  7:8.3e-04
  372 ,   9301 : 1.9899312262799e+01 +(2e-02,5e-02) | 1.11e+03 |  4:4.1e-05  7:7.2e-04
  373 ,   9326 : 1.9903658974245e+01 +(3e-02,4e-02) | 1.12e+03 |  4:4.2e-05  7:7.4e-04
  374 ,   9351 : 1.9905071726607e+01 +(2e-02,3e-02) | 1.10e+03 |  4:4.1e-05  7:7.3e-04
  375 ,   9376 : 1.9909374108941e+01 +(2e-02,5e-02) | 1.09e+03 |  4:5.0e-05  7:8.4e-04
  376 ,   9401 : 1.9907539310934e+01 +(2e-02,3e-02) | 1.06e+03 |  4:4.9e-05  7:8.3e-04
  377 ,   9426 : 1.9890417976356e+01 +(4e-02,5e-02) | 1.12e+03 |  4:5.2e-05  7:9.2e-04
  378 ,   9451 : 1.9901155944037e+01 +(2e-02,5e-02) | 1.07e+03 |  4:5.3e-05  7:9.3e-04
  379 ,   9476 : 1.9908374392310e+01 +(2e-02,6e-02) | 1.05e+03 |  4:5.5e-05  7:1.0e-03
Iterat, #Fevals:   Function Value    (median,worst) |Axis Ratio|idx:Min SD idx:Max SD
  380 ,   9501 : 1.9896112867006e+01 +(3e-02,4e-02) | 1.02e+03 |  4:5.1e-05  7:9.3e-04
  381 ,   9526 : 1.9906592809481e+01 +(2e-02,4e-02) | 1.01e+03 |  4:4.5e-05  7:8.2e-04
  382 ,   9551 : 1.9896302690934e+01 +(2e-02,6e-02) | 1.04e+03 |  4:4.0e-05  7:7.7e-04
  383 ,   9576 : 1.9893565663380e+01 +(3e-02,5e-02) | 1.02e+03 |  4:4.1e-05  7:8.1e-04
  384 ,   9601 : 1.9897599549055e+01 +(3e-02,6e-02) | 1.04e+03 |  4:4.2e-05  7:8.3e-04
  385 ,   9626 : 1.9895878372703e+01 +(3e-02,6e-02) | 1.08e+03 |  4:4.3e-05  7:9.1e-04
  386 ,   9651 : 1.9908147084326e+01 +(2e-02,5e-02) | 1.09e+03 |  4:4.4e-05  7:8.8e-04
  387 ,   9676 : 1.9906910104897e+01 +(2e-02,5e-02) | 1.07e+03 |  4:3.9e-05  7:7.9e-04
  388 ,   9701 : 1.9915509930311e+01 +(1e-02,3e-02) | 1.09e+03 |  4:4.7e-05  7:8.3e-04
  389 ,   9726 : 1.9914815789752e+01 +(9e-03,4e-02) | 1.06e+03 |  4:4.3e-05  7:7.6e-04
Iterat, #Fevals:   Function Value    (median,worst) |Axis Ratio|idx:Min SD idx:Max SD
  390 ,   9751 : 1.9901720780762e+01 +(2e-02,4e-02) | 1.13e+03 |  4:4.1e-05  7:7.4e-04
  391 ,   9776 : 1.9907178681204e+01 +(2e-02,5e-02) | 1.20e+03 |  4:4.0e-05  7:7.7e-04
  392 ,   9801 : 1.9901211388706e+01 +(2e-02,5e-02) | 1.20e+03 |  4:3.6e-05  7:6.9e-04
  393 ,   9826 : 1.9903527742995e+01 +(2e-02,4e-02) | 1.20e+03 |  4:3.4e-05  7:6.7e-04
  394 ,   9851 : 1.9907712011266e+01 +(2e-02,4e-02) | 1.23e+03 |  4:3.0e-05  7:5.7e-04
  395 ,   9876 : 1.9906481835486e+01 +(2e-02,4e-02) | 1.24e+03 |  4:2.9e-05  7:5.5e-04
  396 ,   9901 : 1.9907535078959e+01 +(1e-02,4e-02) | 1.21e+03 |  4:3.3e-05  7:6.2e-04
  397 ,   9926 : 1.9901577776830e+01 +(2e-02,5e-02) | 1.20e+03 |  4:3.6e-05  7:6.3e-04
  398 ,   9951 : 1.9906875168229e+01 +(2e-02,4e-02) | 1.22e+03 |  4:3.5e-05  3:6.2e-04
  399 ,   9976 : 1.9903064905858e+01 +(2e-02,5e-02) | 1.24e+03 |  4:3.6e-05  3:6.4e-04
Iterat, #Fevals:   Function Value    (median,worst) |Axis Ratio|idx:Min SD idx:Max SD
  400 ,  10001 : 1.9907335665514e+01 +(2e-02,4e-02) | 1.24e+03 |  4:3.4e-05  7:5.9e-04
  401 ,  10026 : 1.9896530706032e+01 +(3e-02,5e-02) | 1.19e+03 |  4:3.4e-05  7:5.8e-04
  402 ,  10051 : 1.9900410883102e+01 +(2e-02,5e-02) | 1.18e+03 |  4:3.3e-05  7:5.5e-04
  403 ,  10076 : 1.9896365185003e+01 +(3e-02,6e-02) | 1.19e+03 |  4:3.3e-05  7:5.9e-04
  404 ,  10101 : 1.9909332330158e+01 +(1e-02,4e-02) | 1.15e+03 |  4:3.9e-05  3:6.7e-04
  405 ,  10126 : 1.9903614868108e+01 +(3e-02,5e-02) | 1.17e+03 |  4:4.3e-05  3:7.6e-04
  406 ,  10151 : 1.9899861319174e+01 +(3e-02,5e-02) | 1.14e+03 |  4:3.9e-05  3:6.8e-04
  407 ,  10176 : 1.9907045320324e+01 +(2e-02,5e-02) | 1.17e+03 |  4:4.0e-05  3:6.8e-04
  408 ,  10201 : 1.9903913310886e+01 +(2e-02,5e-02) | 1.22e+03 |  4:3.6e-05  3:5.9e-04
  409 ,  10226 : 1.9903170579250e+01 +(1e-02,4e-02) | 1.22e+03 |  4:3.1e-05  3:5.0e-04
Iterat, #Fevals:   Function Value    (median,worst) |Axis Ratio|idx:Min SD idx:Max SD
  410 ,  10251 : 1.9892779521152e+01 +(4e-02,5e-02) | 1.22e+03 |  4:2.9e-05  3:4.6e-04
  411 ,  10276 : 1.9908460880480e+01 +(2e-02,4e-02) | 1.20e+03 |  4:2.7e-05  3:4.2e-04
  412 ,  10301 : 1.9899224106058e+01 +(3e-02,5e-02) | 1.20e+03 |  4:2.3e-05  3:3.6e-04
  413 ,  10326 : 1.9909513835134e+01 +(1e-02,5e-02) | 1.31e+03 |  4:2.3e-05  3:3.7e-04
  414 ,  10351 : 1.9909553265786e+01 +(2e-02,4e-02) | 1.34e+03 |  4:2.3e-05  3:3.8e-04
  415 ,  10376 : 1.9912859174541e+01 +(2e-02,4e-02) | 1.40e+03 |  8:2.2e-05  3:3.9e-04
  416 ,  10401 : 1.9902638802374e+01 +(2e-02,5e-02) | 1.41e+03 |  8:2.3e-05  3:4.1e-04
  417 ,  10426 : 1.9899088188893e+01 +(3e-02,5e-02) | 1.52e+03 |  8:2.2e-05  3:4.1e-04
  418 ,  10451 : 1.9903286421509e+01 +(2e-02,4e-02) | 1.49e+03 |  8:2.2e-05  3:4.1e-04
  419 ,  10476 : 1.9901338609451e+01 +(2e-02,5e-02) | 1.56e+03 |  8:2.1e-05  3:4.0e-04
Iterat, #Fevals:   Function Value    (median,worst) |Axis Ratio|idx:Min SD idx:Max SD
  420 ,  10501 : 1.9908113055589e+01 +(2e-02,4e-02) | 1.57e+03 |  8:2.0e-05  3:3.7e-04
  421 ,  10526 : 1.9907341038876e+01 +(2e-02,4e-02) | 1.53e+03 |  8:1.9e-05  3:3.5e-04
  422 ,  10551 : 1.9911375490033e+01 +(1e-02,4e-02) | 1.51e+03 |  8:1.8e-05  3:3.1e-04
  423 ,  10576 : 1.9897384705672e+01 +(2e-02,5e-02) | 1.61e+03 |  8:2.0e-05  3:3.8e-04
  424 ,  10601 : 1.9901180672761e+01 +(2e-02,5e-02) | 1.57e+03 |  8:2.0e-05  3:4.0e-04
  425 ,  10626 : 1.9900150754445e+01 +(2e-02,5e-02) | 1.58e+03 |  8:2.2e-05  3:4.3e-04
  426 ,  10651 : 1.9900159608585e+01 +(2e-02,5e-02) | 1.58e+03 |  8:2.4e-05  3:4.8e-04
  427 ,  10676 : 1.9899481933476e+01 +(2e-02,4e-02) | 1.62e+03 |  8:2.4e-05  3:4.9e-04
  428 ,  10701 : 1.9901940388452e+01 +(2e-02,5e-02) | 1.66e+03 |  8:2.3e-05  3:4.9e-04
  429 ,  10726 : 1.9901895144492e+01 +(3e-02,6e-02) | 1.63e+03 |  8:2.2e-05  3:4.7e-04
Iterat, #Fevals:   Function Value    (median,worst) |Axis Ratio|idx:Min SD idx:Max SD
  430 ,  10751 : 1.9902078260133e+01 +(2e-02,5e-02) | 1.57e+03 |  8:2.1e-05  3:4.4e-04
  431 ,  10776 : 1.9897218038110e+01 +(3e-02,5e-02) | 1.52e+03 |  8:2.2e-05  3:4.8e-04
  432 ,  10801 : 1.9899216547408e+01 +(3e-02,5e-02) | 1.55e+03 |  8:2.1e-05  3:4.6e-04
  433 ,  10826 : 1.9913242331308e+01 +(2e-02,3e-02) | 1.55e+03 |  8:2.1e-05  3:4.2e-04
  434 ,  10851 : 1.9911898720844e+01 +(8e-03,3e-02) | 1.53e+03 |  8:1.9e-05  3:3.9e-04
  435 ,  10876 : 1.9900830454032e+01 +(3e-02,4e-02) | 1.61e+03 |  8:1.9e-05  3:4.0e-04
  436 ,  10901 : 1.9909557721735e+01 +(1e-02,3e-02) | 1.56e+03 |  8:1.8e-05  3:3.9e-04
  437 ,  10926 : 1.9900083888212e+01 +(3e-02,6e-02) | 1.52e+03 |  8:1.9e-05  3:4.0e-04
  438 ,  10951 : 1.9897075529928e+01 +(3e-02,5e-02) | 1.65e+03 |  8:1.9e-05  3:4.5e-04
  439 ,  10976 : 1.9904419360788e+01 +(2e-02,4e-02) | 1.64e+03 |  8:1.7e-05  3:4.1e-04
Iterat, #Fevals:   Function Value    (median,worst) |Axis Ratio|idx:Min SD idx:Max SD
  440 ,  11001 : 1.9899063723694e+01 +(3e-02,5e-02) | 1.63e+03 |  8:1.5e-05  3:3.6e-04
  441 ,  11026 : 1.9903526754408e+01 +(2e-02,5e-02) | 1.52e+03 |  8:1.5e-05  3:3.4e-04
  442 ,  11051 : 1.9891697496481e+01 +(3e-02,5e-02) | 1.45e+03 |  8:1.4e-05  3:3.2e-04
  443 ,  11076 : 1.9898421241933e+01 +(3e-02,6e-02) | 1.45e+03 |  8:1.5e-05  3:3.1e-04
  444 ,  11101 : 1.9895827868109e+01 +(3e-02,6e-02) | 1.43e+03 |  8:1.4e-05  3:2.9e-04
  445 ,  11126 : 1.9901636966483e+01 +(2e-02,6e-02) | 1.42e+03 |  8:1.3e-05  3:2.7e-04
  446 ,  11151 : 1.9906466157198e+01 +(2e-02,4e-02) | 1.41e+03 |  8:1.2e-05  3:2.3e-04
  447 ,  11176 : 1.9905874882732e+01 +(2e-02,4e-02) | 1.40e+03 |  8:1.0e-05  3:2.0e-04
  448 ,  11201 : 1.9896191902444e+01 +(3e-02,5e-02) | 1.34e+03 |  8:9.4e-06  3:1.8e-04
  449 ,  11226 : 1.9902573007150e+01 +(3e-02,5e-02) | 1.36e+03 |  8:9.3e-06  3:1.9e-04
Iterat, #Fevals:   Function Value    (median,worst) |Axis Ratio|idx:Min SD idx:Max SD
  450 ,  11251 : 1.9905078140687e+01 +(2e-02,4e-02) | 1.33e+03 |  8:1.0e-05  3:2.1e-04
  451 ,  11276 : 1.9901734510261e+01 +(2e-02,5e-02) | 1.20e+03 |  8:1.1e-05  3:2.1e-04
  452 ,  11301 : 1.9907627179303e+01 +(2e-02,4e-02) | 1.22e+03 |  8:1.2e-05  3:2.4e-04
  453 ,  11326 : 1.9899325132319e+01 +(3e-02,5e-02) | 1.28e+03 |  8:1.0e-05  3:2.2e-04
  454 ,  11351 : 1.9901762161711e+01 +(2e-02,5e-02) | 1.24e+03 |  8:1.1e-05  3:2.2e-04
  455 ,  11376 : 1.9897624754726e+01 +(2e-02,5e-02) | 1.38e+03 |  8:1.2e-05  3:2.5e-04
  456 ,  11401 : 1.9896859347901e+01 +(3e-02,5e-02) | 1.39e+03 |  8:1.6e-05  3:3.3e-04
  457 ,  11426 : 1.9907899188222e+01 +(2e-02,4e-02) | 1.37e+03 |  8:1.7e-05  3:3.6e-04
  458 ,  11451 : 1.9899767413675e+01 +(3e-02,4e-02) | 1.38e+03 |  8:1.8e-05  3:3.8e-04
  459 ,  11476 : 1.9902842751812e+01 +(2e-02,4e-02) | 1.38e+03 |  8:2.0e-05  3:4.2e-04
Iterat, #Fevals:   Function Value    (median,worst) |Axis Ratio|idx:Min SD idx:Max SD
  460 ,  11501 : 1.9897662063417e+01 +(3e-02,7e-02) | 1.39e+03 |  8:2.0e-05  3:4.2e-04
  461 ,  11526 : 1.9903987605929e+01 +(2e-02,4e-02) | 1.42e+03 |  8:2.1e-05  3:4.5e-04
  462 ,  11551 : 1.9902188706045e+01 +(2e-02,5e-02) | 1.39e+03 |  8:2.2e-05  3:4.3e-04
  463 ,  11576 : 1.9895439957077e+01 +(3e-02,5e-02) | 1.41e+03 |  8:2.3e-05  3:4.6e-04
  464 ,  11601 : 1.9908928092766e+01 +(2e-02,3e-02) | 1.43e+03 |  8:2.5e-05  7:5.0e-04
  465 ,  11626 : 1.9900252059581e+01 +(2e-02,5e-02) | 1.51e+03 |  8:3.0e-05  7:5.8e-04
  466 ,  11651 : 1.9894364557348e+01 +(3e-02,5e-02) | 1.49e+03 |  8:2.8e-05  3:5.3e-04
  467 ,  11676 : 1.9888812002945e+01 +(4e-02,5e-02) | 1.49e+03 |  8:2.7e-05  7:5.0e-04
  468 ,  11701 : 1.9906552857383e+01 +(2e-02,4e-02) | 1.55e+03 |  8:2.6e-05  7:4.9e-04
  469 ,  11726 : 1.9906780825361e+01 +(2e-02,4e-02) | 1.67e+03 |  8:2.7e-05  3:5.3e-04
Iterat, #Fevals:   Function Value    (median,worst) |Axis Ratio|idx:Min SD idx:Max SD
  470 ,  11751 : 1.9911355451958e+01 +(1e-02,3e-02) | 1.69e+03 |  8:2.7e-05  3:5.3e-04
  471 ,  11776 : 1.9906276041928e+01 +(2e-02,4e-02) | 1.75e+03 |  8:2.8e-05  3:5.3e-04
  472 ,  11801 : 1.9907270640832e+01 +(2e-02,4e-02) | 1.74e+03 |  8:2.7e-05  3:5.5e-04
  473 ,  11826 : 1.9898106726532e+01 +(3e-02,5e-02) | 1.74e+03 |  8:2.7e-05  3:5.5e-04
  474 ,  11851 : 1.9903788603653e+01 +(2e-02,4e-02) | 1.66e+03 |  8:2.8e-05  3:5.6e-04
  475 ,  11876 : 1.9899907060495e+01 +(2e-02,4e-02) | 1.65e+03 |  8:2.7e-05  3:5.4e-04
  476 ,  11901 : 1.9910349027713e+01 +(1e-02,4e-02) | 1.61e+03 |  8:2.6e-05  3:5.2e-04
  477 ,  11926 : 1.9909550083239e+01 +(2e-02,4e-02) | 1.67e+03 |  8:2.3e-05  3:4.8e-04
  478 ,  11951 : 1.9899992855188e+01 +(2e-02,5e-02) | 1.65e+03 |  8:2.3e-05  3:4.9e-04
  479 ,  11976 : 1.9900433303738e+01 +(2e-02,4e-02) | 1.69e+03 |  8:2.4e-05  3:5.0e-04
Iterat, #Fevals:   Function Value    (median,worst) |Axis Ratio|idx:Min SD idx:Max SD
  480 ,  12001 : 1.9903449245792e+01 +(2e-02,5e-02) | 1.62e+03 |  8:2.4e-05  3:4.9e-04
  481 ,  12026 : 1.9902970280626e+01 +(2e-02,5e-02) | 1.52e+03 |  8:2.4e-05  3:5.0e-04
  482 ,  12051 : 1.9899936729408e+01 +(3e-02,4e-02) | 1.41e+03 |  8:2.3e-05  3:4.5e-04
  483 ,  12076 : 1.9912196307779e+01 +(1e-02,4e-02) | 1.41e+03 |  8:2.0e-05  3:4.1e-04
  484 ,  12101 : 1.9898521643510e+01 +(3e-02,5e-02) | 1.45e+03 |  8:2.1e-05  3:4.3e-04
  485 ,  12126 : 1.9904573353979e+01 +(2e-02,4e-02) | 1.43e+03 |  8:2.4e-05  3:4.8e-04
  486 ,  12151 : 1.9901572273175e+01 +(3e-02,4e-02) | 1.43e+03 |  8:2.9e-05  3:5.7e-04
  487 ,  12176 : 1.9901113371759e+01 +(2e-02,5e-02) | 1.47e+03 |  8:3.1e-05  3:6.3e-04
  488 ,  12201 : 1.9903114306146e+01 +(3e-02,6e-02) | 1.61e+03 |  8:3.4e-05  3:7.6e-04
  489 ,  12226 : 1.9896200209398e+01 +(3e-02,6e-02) | 1.63e+03 |  8:3.4e-05  3:7.7e-04
Iterat, #Fevals:   Function Value    (median,worst) |Axis Ratio|idx:Min SD idx:Max SD
  490 ,  12251 : 1.9899894998379e+01 +(2e-02,5e-02) | 1.63e+03 |  8:3.2e-05  3:7.4e-04
  491 ,  12276 : 1.9886947950092e+01 +(4e-02,6e-02) | 1.69e+03 |  8:3.2e-05  3:7.5e-04
  492 ,  12301 : 1.9909418115929e+01 +(1e-02,3e-02) | 1.60e+03 |  8:3.6e-05  3:8.5e-04
  493 ,  12326 : 1.9901092433880e+01 +(2e-02,5e-02) | 1.58e+03 |  8:3.5e-05  3:8.2e-04
  494 ,  12351 : 1.9888083877253e+01 +(3e-02,7e-02) | 1.60e+03 |  8:3.3e-05  3:7.5e-04
  495 ,  12376 : 1.9911664311974e+01 +(1e-02,4e-02) | 1.64e+03 |  8:3.1e-05  3:7.0e-04
  496 ,  12401 : 1.9903576095471e+01 +(2e-02,4e-02) | 1.56e+03 |  8:3.1e-05  3:6.8e-04
  497 ,  12426 : 1.9904734722033e+01 +(2e-02,4e-02) | 1.59e+03 |  8:2.8e-05  3:6.2e-04
  498 ,  12451 : 1.9901194765623e+01 +(2e-02,5e-02) | 1.58e+03 |  8:2.5e-05  3:5.4e-04
  499 ,  12476 : 1.9905572687773e+01 +(2e-02,4e-02) | 1.58e+03 |  8:2.3e-05  3:5.1e-04
Iterat, #Fevals:   Function Value    (median,worst) |Axis Ratio|idx:Min SD idx:Max SD
  500 ,  12501 : 1.9911770073819e+01 +(2e-02,3e-02) | 1.55e+03 |  8:2.2e-05  3:4.9e-04
  501 ,  12526 : 1.9906182697454e+01 +(2e-02,4e-02) | 1.56e+03 |  8:2.3e-05  3:4.7e-04
  502 ,  12551 : 1.9896572581931e+01 +(3e-02,6e-02) | 1.57e+03 |  8:2.1e-05  3:4.4e-04
  503 ,  12576 : 1.9905249002010e+01 +(1e-02,4e-02) | 1.60e+03 |  8:2.1e-05  3:4.5e-04
  504 ,  12601 : 1.9897309391624e+01 +(3e-02,6e-02) | 1.64e+03 |  8:2.4e-05  3:5.5e-04
  505 ,  12626 : 1.9904076492404e+01 +(2e-02,5e-02) | 1.61e+03 |  8:2.4e-05  3:5.6e-04
  506 ,  12651 : 1.9899748409863e+01 +(2e-02,4e-02) | 1.59e+03 |  8:2.2e-05  3:5.3e-04
  507 ,  12676 : 1.9894405932460e+01 +(3e-02,6e-02) | 1.56e+03 |  8:2.2e-05  3:5.0e-04
  508 ,  12701 : 1.9891430674391e+01 +(3e-02,7e-02) | 1.55e+03 |  8:2.0e-05  3:4.3e-04
  509 ,  12726 : 1.9890533319623e+01 +(3e-02,6e-02) | 1.61e+03 |  8:1.8e-05  3:4.1e-04
Iterat, #Fevals:   Function Value    (median,worst) |Axis Ratio|idx:Min SD idx:Max SD
  510 ,  12751 : 1.9913586372701e+01 +(1e-02,3e-02) | 1.64e+03 |  8:1.8e-05  3:4.1e-04
  511 ,  12776 : 1.9900646700040e+01 +(2e-02,4e-02) | 1.76e+03 |  8:1.9e-05  3:4.5e-04
  512 ,  12801 : 1.9901690966959e+01 +(2e-02,5e-02) | 1.80e+03 |  8:2.4e-05  3:5.3e-04
  513 ,  12826 : 1.9899890566810e+01 +(2e-02,6e-02) | 1.83e+03 |  8:2.7e-05  3:6.0e-04
  514 ,  12851 : 1.9902030857439e+01 +(2e-02,4e-02) | 1.79e+03 |  8:2.9e-05  3:6.1e-04
  515 ,  12876 : 1.9902104349971e+01 +(2e-02,4e-02) | 1.82e+03 |  8:2.7e-05  3:5.6e-04
  516 ,  12901 : 1.9902033532416e+01 +(2e-02,5e-02) | 1.78e+03 |  8:2.4e-05  3:4.9e-04
  517 ,  12926 : 1.9902379024295e+01 +(2e-02,5e-02) | 1.90e+03 |  8:2.4e-05  3:5.2e-04
  518 ,  12951 : 1.9897862102652e+01 +(3e-02,5e-02) | 1.85e+03 |  8:2.5e-05  3:5.1e-04
  519 ,  12976 : 1.9899900972274e+01 +(3e-02,5e-02) | 1.80e+03 |  8:2.2e-05  3:4.2e-04
Iterat, #Fevals:   Function Value    (median,worst) |Axis Ratio|idx:Min SD idx:Max SD
  520 ,  13001 : 1.9909489280811e+01 +(2e-02,5e-02) | 1.83e+03 |  8:1.9e-05  3:3.8e-04
  521 ,  13026 : 1.9896747807770e+01 +(3e-02,5e-02) | 1.78e+03 |  8:1.8e-05  3:3.4e-04
  522 ,  13051 : 1.9903818555531e+01 +(2e-02,4e-02) | 1.80e+03 |  8:1.7e-05  3:3.1e-04
  523 ,  13076 : 1.9893374845411e+01 +(3e-02,5e-02) | 1.81e+03 |  8:1.5e-05  3:2.8e-04
  524 ,  13101 : 1.9901232066885e+01 +(2e-02,5e-02) | 1.83e+03 |  8:1.4e-05  3:2.6e-04
  525 ,  13126 : 1.9906144169421e+01 +(2e-02,4e-02) | 1.96e+03 |  8:1.3e-05  3:2.6e-04
  526 ,  13151 : 1.9895271082427e+01 +(3e-02,5e-02) | 1.94e+03 |  8:1.3e-05  3:2.7e-04
  527 ,  13176 : 1.9898226355106e+01 +(2e-02,5e-02) | 1.87e+03 |  8:1.5e-05  3:3.0e-04
  528 ,  13201 : 1.9898108570358e+01 +(3e-02,4e-02) | 1.93e+03 |  8:1.4e-05  3:2.9e-04
  529 ,  13226 : 1.9904042255787e+01 +(2e-02,3e-02) | 1.99e+03 |  8:1.4e-05  3:2.8e-04
Iterat, #Fevals:   Function Value    (median,worst) |Axis Ratio|idx:Min SD idx:Max SD
  530 ,  13251 : 1.9890188047777e+01 +(3e-02,6e-02) | 1.84e+03 |  8:1.5e-05  3:2.8e-04
  531 ,  13276 : 1.9902574734378e+01 +(2e-02,3e-02) | 1.89e+03 |  8:1.4e-05  3:2.7e-04
  532 ,  13301 : 1.9908955464766e+01 +(1e-02,3e-02) | 1.93e+03 |  8:1.3e-05  3:2.7e-04
  533 ,  13326 : 1.9902903344968e+01 +(2e-02,3e-02) | 1.93e+03 |  8:1.4e-05  3:2.8e-04
  534 ,  13351 : 1.9902493791107e+01 +(2e-02,5e-02) | 1.84e+03 |  8:1.2e-05  3:2.4e-04
  535 ,  13376 : 1.9910292602661e+01 +(1e-02,3e-02) | 1.88e+03 |  8:1.1e-05  3:2.1e-04
  536 ,  13401 : 1.9893371792312e+01 +(3e-02,6e-02) | 1.91e+03 |  8:1.2e-05  3:2.2e-04
  537 ,  13426 : 1.9897763053072e+01 +(2e-02,5e-02) | 1.90e+03 |  8:1.2e-05  3:2.2e-04
  538 ,  13451 : 1.9908283223913e+01 +(2e-02,4e-02) | 1.95e+03 |  8:1.2e-05  3:2.2e-04
  539 ,  13476 : 1.9894261681965e+01 +(3e-02,4e-02) | 1.96e+03 |  8:1.2e-05  3:2.2e-04
Iterat, #Fevals:   Function Value    (median,worst) |Axis Ratio|idx:Min SD idx:Max SD
  540 ,  13501 : 1.9905310279401e+01 +(2e-02,4e-02) | 1.92e+03 |  8:1.3e-05  3:2.4e-04
  541 ,  13526 : 1.9900788962663e+01 +(2e-02,5e-02) | 1.92e+03 |  8:1.5e-05  3:2.9e-04
  542 ,  13551 : 1.9904821058936e+01 +(2e-02,5e-02) | 1.87e+03 |  8:1.7e-05  3:3.5e-04
  543 ,  13576 : 1.9904708949621e+01 +(2e-02,4e-02) | 1.80e+03 |  8:1.6e-05  3:3.3e-04
  544 ,  13601 : 1.9901168843030e+01 +(2e-02,5e-02) | 1.82e+03 |  8:1.5e-05  3:3.0e-04
  545 ,  13626 : 1.9903553259476e+01 +(3e-02,5e-02) | 1.80e+03 |  8:1.4e-05  3:2.8e-04
  546 ,  13651 : 1.9899403735313e+01 +(2e-02,4e-02) | 1.82e+03 |  8:1.3e-05  3:2.7e-04
  547 ,  13676 : 1.9893606578893e+01 +(3e-02,5e-02) | 1.82e+03 |  8:1.2e-05  3:2.4e-04
  548 ,  13701 : 1.9892208949539e+01 +(4e-02,5e-02) | 1.87e+03 |  8:1.2e-05  3:2.2e-04
  549 ,  13726 : 1.9899275418080e+01 +(2e-02,4e-02) | 1.86e+03 |  8:1.1e-05  3:2.1e-04
Iterat, #Fevals:   Function Value    (median,worst) |Axis Ratio|idx:Min SD idx:Max SD
  550 ,  13751 : 1.9899139347609e+01 +(3e-02,5e-02) | 1.88e+03 |  8:1.0e-05  3:2.0e-04
  551 ,  13776 : 1.9895293522372e+01 +(3e-02,5e-02) | 1.85e+03 |  8:9.1e-06  3:1.7e-04
  552 ,  13801 : 1.9896676973818e+01 +(3e-02,7e-02) | 1.86e+03 |  8:8.7e-06  3:1.7e-04
  553 ,  13826 : 1.9906932750979e+01 +(2e-02,4e-02) | 1.80e+03 |  8:7.7e-06  3:1.5e-04
  554 ,  13851 : 1.9900717477032e+01 +(2e-02,4e-02) | 1.77e+03 |  8:7.7e-06  3:1.4e-04
  555 ,  13876 : 1.9903684084214e+01 +(2e-02,4e-02) | 1.86e+03 |  8:7.4e-06  3:1.4e-04
  556 ,  13901 : 1.9895865856138e+01 +(3e-02,6e-02) | 1.86e+03 |  8:6.8e-06  3:1.4e-04
  557 ,  13926 : 1.9900435278475e+01 +(3e-02,5e-02) | 1.89e+03 |  8:8.1e-06  3:1.7e-04
  558 ,  13951 : 1.9900281603960e+01 +(2e-02,5e-02) | 1.90e+03 |  8:8.7e-06  3:1.8e-04
  559 ,  13976 : 1.9901398945072e+01 +(2e-02,5e-02) | 1.90e+03 |  8:8.7e-06  3:1.9e-04
Iterat, #Fevals:   Function Value    (median,worst) |Axis Ratio|idx:Min SD idx:Max SD
  560 ,  14001 : 1.9897095926008e+01 +(3e-02,5e-02) | 1.84e+03 |  8:7.9e-06  3:1.7e-04
  561 ,  14026 : 1.9908505852980e+01 +(1e-02,4e-02) | 1.80e+03 |  8:8.5e-06  3:1.8e-04
  562 ,  14051 : 1.9909060691685e+01 +(2e-02,4e-02) | 1.79e+03 |  8:7.8e-06  3:1.7e-04
  563 ,  14076 : 1.9905171734959e+01 +(2e-02,4e-02) | 1.92e+03 |  8:7.2e-06  3:1.8e-04
  564 ,  14101 : 1.9904274622071e+01 +(2e-02,4e-02) | 1.88e+03 |  8:7.1e-06  3:1.8e-04
  565 ,  14126 : 1.9903385320383e+01 +(2e-02,4e-02) | 1.86e+03 |  8:7.9e-06  3:1.8e-04
  566 ,  14151 : 1.9897772979453e+01 +(3e-02,5e-02) | 1.85e+03 |  8:7.6e-06  3:1.8e-04
  567 ,  14176 : 1.9898056545598e+01 +(3e-02,5e-02) | 1.86e+03 |  8:6.6e-06  3:1.5e-04
  568 ,  14201 : 1.9887648165754e+01 +(3e-02,6e-02) | 1.87e+03 |  8:5.9e-06  3:1.3e-04
  569 ,  14226 : 1.9899562276588e+01 +(2e-02,4e-02) | 1.87e+03 |  8:6.7e-06  3:1.5e-04
Iterat, #Fevals:   Function Value    (median,worst) |Axis Ratio|idx:Min SD idx:Max SD
  570 ,  14251 : 1.9907654023680e+01 +(2e-02,4e-02) | 1.81e+03 |  8:7.0e-06  3:1.5e-04
  571 ,  14276 : 1.9904748288705e+01 +(2e-02,3e-02) | 1.84e+03 |  8:7.4e-06  3:1.6e-04
  572 ,  14301 : 1.9908761179091e+01 +(1e-02,4e-02) | 1.82e+03 |  8:7.7e-06  3:1.7e-04
  573 ,  14326 : 1.9906114859422e+01 +(1e-02,4e-02) | 1.81e+03 |  8:7.9e-06  3:1.8e-04
  574 ,  14351 : 1.9896405122360e+01 +(3e-02,5e-02) | 1.76e+03 |  8:6.8e-06  3:1.4e-04
  575 ,  14376 : 1.9897610081486e+01 +(3e-02,5e-02) | 1.82e+03 |  8:5.6e-06  3:1.2e-04
  576 ,  14401 : 1.9896272580375e+01 +(3e-02,5e-02) | 1.95e+03 |  8:6.3e-06  3:1.3e-04
  577 ,  14426 : 1.9900567761720e+01 +(2e-02,5e-02) | 1.91e+03 |  8:6.0e-06  3:1.2e-04
  578 ,  14451 : 1.9897621518435e+01 +(2e-02,5e-02) | 1.90e+03 |  8:7.5e-06  3:1.5e-04
  579 ,  14476 : 1.9900640412376e+01 +(2e-02,5e-02) | 1.91e+03 |  8:8.0e-06  3:1.6e-04
Iterat, #Fevals:   Function Value    (median,worst) |Axis Ratio|idx:Min SD idx:Max SD
  580 ,  14501 : 1.9902190249394e+01 +(3e-02,4e-02) | 1.93e+03 |  8:7.4e-06  3:1.5e-04
  581 ,  14526 : 1.9902716250204e+01 +(2e-02,5e-02) | 1.95e+03 |  8:6.4e-06  3:1.3e-04
  582 ,  14551 : 1.9899831446357e+01 +(2e-02,5e-02) | 1.83e+03 |  8:6.4e-06  3:1.2e-04
  583 ,  14576 : 1.9892465953173e+01 +(3e-02,5e-02) | 1.77e+03 |  8:5.5e-06  3:9.8e-05
  584 ,  14601 : 1.9906105678180e+01 +(2e-02,5e-02) | 1.89e+03 |  8:5.1e-06  3:9.7e-05
  585 ,  14626 : 1.9906862640645e+01 +(2e-02,4e-02) | 1.98e+03 |  8:5.5e-06  3:1.0e-04
  586 ,  14651 : 1.9901035927548e+01 +(2e-02,4e-02) | 1.88e+03 |  8:5.2e-06  3:9.8e-05
  587 ,  14676 : 1.9896903434254e+01 +(3e-02,5e-02) | 1.82e+03 |  8:5.4e-06  3:9.6e-05
  588 ,  14701 : 1.9903376509973e+01 +(2e-02,5e-02) | 1.81e+03 |  8:5.3e-06  3:9.6e-05
  589 ,  14726 : 1.9900884035338e+01 +(2e-02,5e-02) | 1.84e+03 |  8:5.1e-06  3:9.3e-05
Iterat, #Fevals:   Function Value    (median,worst) |Axis Ratio|idx:Min SD idx:Max SD
  590 ,  14751 : 1.9898727182672e+01 +(3e-02,5e-02) | 1.85e+03 |  8:5.8e-06  3:1.1e-04
  591 ,  14776 : 1.9894335621765e+01 +(3e-02,6e-02) | 1.82e+03 |  8:6.2e-06  3:1.2e-04
  592 ,  14801 : 1.9893985464196e+01 +(2e-02,5e-02) | 1.86e+03 |  8:7.1e-06  3:1.4e-04
  593 ,  14826 : 1.9895669882682e+01 +(3e-02,4e-02) | 1.88e+03 |  8:6.8e-06  3:1.4e-04
  594 ,  14851 : 1.9903723000023e+01 +(2e-02,4e-02) | 1.88e+03 |  8:6.2e-06  3:1.3e-04
  595 ,  14876 : 1.9890160950653e+01 +(4e-02,7e-02) | 1.81e+03 |  8:6.0e-06  3:1.2e-04
  596 ,  14901 : 1.9906779334761e+01 +(2e-02,3e-02) | 1.84e+03 |  8:4.9e-06  3:1.0e-04
  597 ,  14926 : 1.9893757150558e+01 +(3e-02,4e-02) | 1.78e+03 |  8:4.8e-06  3:9.3e-05
  598 ,  14951 : 1.9904539850045e+01 +(2e-02,4e-02) | 1.81e+03 |  8:4.7e-06  3:8.9e-05
  599 ,  14976 : 1.9899120130651e+01 +(3e-02,4e-02) | 1.89e+03 |  8:4.5e-06  3:8.6e-05
Iterat, #Fevals:   Function Value    (median,worst) |Axis Ratio|idx:Min SD idx:Max SD
  600 ,  15001 : 1.9901165635363e+01 +(2e-02,4e-02) | 1.92e+03 |  8:4.2e-06  3:8.1e-05
  601 ,  15026 : 1.9903752356269e+01 +(2e-02,4e-02) | 1.89e+03 |  8:3.8e-06  3:7.3e-05
  602 ,  15051 : 1.9906608487621e+01 +(2e-02,5e-02) | 1.84e+03 |  8:3.4e-06  3:6.4e-05
  603 ,  15076 : 1.9891859783236e+01 +(3e-02,6e-02) | 1.90e+03 |  8:3.4e-06  3:6.6e-05
  604 ,  15101 : 1.9900646202537e+01 +(2e-02,4e-02) | 1.91e+03 |  8:3.3e-06  3:6.3e-05
  605 ,  15126 : 1.9904973033639e+01 +(2e-02,4e-02) | 1.96e+03 |  8:2.9e-06  3:5.3e-05
  606 ,  15151 : 1.9902558744386e+01 +(2e-02,4e-02) | 1.94e+03 |  8:3.0e-06  3:5.5e-05
  607 ,  15176 : 1.9908907772562e+01 +(2e-02,4e-02) | 2.00e+03 |  8:2.7e-06  3:4.8e-05
  608 ,  15201 : 1.9906781159030e+01 +(2e-02,6e-02) | 2.07e+03 |  8:2.7e-06  3:4.8e-05
  609 ,  15226 : 1.9895646650915e+01 +(2e-02,5e-02) | 1.94e+03 |  8:2.6e-06  3:4.7e-05
Iterat, #Fevals:   Function Value    (median,worst) |Axis Ratio|idx:Min SD idx:Max SD
  610 ,  15251 : 1.9897716307323e+01 +(3e-02,5e-02) | 2.11e+03 |  8:2.5e-06  3:4.7e-05
  611 ,  15276 : 1.9895713134085e+01 +(2e-02,4e-02) | 2.07e+03 |  8:2.8e-06  3:5.7e-05
  612 ,  15301 : 1.9899855472319e+01 +(2e-02,4e-02) | 2.19e+03 |  8:2.9e-06  3:6.3e-05
  613 ,  15326 : 1.9897539683357e+01 +(3e-02,5e-02) | 2.36e+03 |  8:2.8e-06  3:6.2e-05
  614 ,  15351 : 1.9890276400605e+01 +(3e-02,6e-02) | 2.44e+03 |  8:2.5e-06  3:5.6e-05
  615 ,  15376 : 1.9891606171858e+01 +(3e-02,6e-02) | 2.47e+03 |  8:2.5e-06  3:5.7e-05
  616 ,  15401 : 1.9907577986280e+01 +(2e-02,4e-02) | 2.36e+03 |  8:2.5e-06  3:5.8e-05
  617 ,  15426 : 1.9896320387727e+01 +(3e-02,5e-02) | 2.51e+03 |  8:2.4e-06  3:5.6e-05
  618 ,  15451 : 1.9893156586805e+01 +(3e-02,6e-02) | 2.54e+03 |  8:2.3e-06  3:5.5e-05
  619 ,  15476 : 1.9901861017961e+01 +(2e-02,5e-02) | 2.53e+03 |  8:2.8e-06  3:6.5e-05
Iterat, #Fevals:   Function Value    (median,worst) |Axis Ratio|idx:Min SD idx:Max SD
  620 ,  15501 : 1.9896482275792e+01 +(3e-02,6e-02) | 2.54e+03 |  8:2.5e-06  3:6.4e-05
  621 ,  15526 : 1.9900176249856e+01 +(2e-02,5e-02) | 2.42e+03 |  8:2.6e-06  3:6.5e-05
  622 ,  15551 : 1.9905789091612e+01 +(2e-02,4e-02) | 2.48e+03 |  8:3.2e-06  3:7.8e-05
  623 ,  15576 : 1.9890873562343e+01 +(3e-02,5e-02) | 2.46e+03 |  8:3.4e-06  3:7.8e-05
  624 ,  15601 : 1.9903973726181e+01 +(2e-02,5e-02) | 2.45e+03 |  8:3.6e-06  3:8.1e-05
  625 ,  15626 : 1.9900119181775e+01 +(3e-02,6e-02) | 2.47e+03 |  8:3.6e-06  3:8.2e-05
  626 ,  15651 : 1.9903615399399e+01 +(2e-02,5e-02) | 2.45e+03 |  8:3.7e-06  3:8.7e-05
  627 ,  15676 : 1.9907437179261e+01 +(2e-02,4e-02) | 2.48e+03 |  8:3.9e-06  3:9.2e-05
  628 ,  15701 : 1.9900783895173e+01 +(2e-02,5e-02) | 2.51e+03 |  8:3.8e-06  3:8.6e-05
  629 ,  15726 : 1.9901077312542e+01 +(2e-02,5e-02) | 2.52e+03 |  8:3.7e-06  3:8.5e-05
Iterat, #Fevals:   Function Value    (median,worst) |Axis Ratio|idx:Min SD idx:Max SD
  630 ,  15751 : 1.9898532240780e+01 +(3e-02,4e-02) | 2.71e+03 |  8:4.5e-06  3:1.1e-04
  631 ,  15776 : 1.9905557258158e+01 +(2e-02,4e-02) | 2.68e+03 |  8:5.0e-06  3:1.1e-04
  632 ,  15801 : 1.9904174918499e+01 +(2e-02,5e-02) | 2.64e+03 |  8:4.7e-06  3:1.0e-04
  633 ,  15826 : 1.9906720251304e+01 +(2e-02,5e-02) | 2.63e+03 |  8:4.3e-06  3:9.9e-05
  634 ,  15851 : 1.9901685040302e+01 +(2e-02,5e-02) | 2.73e+03 |  8:4.0e-06  3:8.9e-05
  635 ,  15876 : 1.9897132399297e+01 +(2e-02,5e-02) | 2.86e+03 |  8:3.9e-06  3:9.0e-05
  636 ,  15901 : 1.9909537768025e+01 +(1e-02,4e-02) | 2.85e+03 |  8:3.7e-06  3:8.5e-05
  637 ,  15926 : 1.9897615338817e+01 +(3e-02,4e-02) | 2.86e+03 |  8:3.4e-06  3:8.0e-05
  638 ,  15951 : 1.9891136051752e+01 +(3e-02,5e-02) | 2.90e+03 |  8:3.2e-06  3:7.6e-05
  639 ,  15976 : 1.9888774124719e+01 +(3e-02,6e-02) | 2.97e+03 |  8:3.2e-06  3:7.9e-05
Iterat, #Fevals:   Function Value    (median,worst) |Axis Ratio|idx:Min SD idx:Max SD
  640 ,  16001 : 1.9901644371989e+01 +(2e-02,4e-02) | 3.10e+03 |  8:3.4e-06  3:8.4e-05
  641 ,  16026 : 1.9899667411294e+01 +(3e-02,4e-02) | 3.20e+03 |  8:3.2e-06  3:8.2e-05
  642 ,  16051 : 1.9902229785561e+01 +(2e-02,5e-02) | 3.13e+03 |  8:3.0e-06  3:7.6e-05
  643 ,  16076 : 1.9894765705703e+01 +(3e-02,4e-02) | 2.97e+03 |  8:2.7e-06  3:7.1e-05
  644 ,  16101 : 1.9903550332852e+01 +(2e-02,5e-02) | 3.11e+03 |  8:2.8e-06  3:7.4e-05
  645 ,  16126 : 1.9910297720173e+01 +(1e-02,4e-02) | 3.20e+03 |  8:2.6e-06  3:7.3e-05
  646 ,  16151 : 1.9898061399380e+01 +(3e-02,5e-02) | 3.26e+03 |  8:2.4e-06  3:6.6e-05
  647 ,  16176 : 1.9891762712589e+01 +(4e-02,5e-02) | 3.53e+03 |  8:2.2e-06  3:6.0e-05
  648 ,  16201 : 1.9902879254153e+01 +(2e-02,5e-02) | 3.54e+03 |  8:2.3e-06  3:6.5e-05
  649 ,  16226 : 1.9903949084530e+01 +(2e-02,5e-02) | 3.35e+03 |  8:2.4e-06  3:6.8e-05
Iterat, #Fevals:   Function Value    (median,worst) |Axis Ratio|idx:Min SD idx:Max SD
  650 ,  16251 : 1.9898737669282e+01 +(3e-02,5e-02) | 3.45e+03 |  8:2.3e-06  3:6.1e-05
  651 ,  16276 : 1.9895407659242e+01 +(3e-02,5e-02) | 3.37e+03 |  8:2.1e-06  3:5.7e-05
  652 ,  16301 : 1.9899968872407e+01 +(3e-02,5e-02) | 3.06e+03 |  8:2.3e-06  3:6.1e-05
  653 ,  16326 : 1.9903021767240e+01 +(2e-02,3e-02) | 3.16e+03 |  8:2.1e-06  3:5.7e-05
  654 ,  16351 : 1.9894835285047e+01 +(2e-02,6e-02) | 3.16e+03 |  8:1.8e-06  3:4.9e-05
  655 ,  16376 : 1.9903768480321e+01 +(2e-02,4e-02) | 3.12e+03 |  8:1.8e-06  3:4.9e-05
  656 ,  16401 : 1.9902507836525e+01 +(2e-02,4e-02) | 3.09e+03 |  8:1.7e-06  3:4.3e-05
  657 ,  16426 : 1.9897643704636e+01 +(3e-02,5e-02) | 3.07e+03 |  8:1.5e-06  3:3.9e-05
  658 ,  16451 : 1.9890062984858e+01 +(3e-02,6e-02) | 3.10e+03 |  8:1.4e-06  3:3.6e-05
  659 ,  16476 : 1.9909018407865e+01 +(2e-02,5e-02) | 3.09e+03 |  8:1.4e-06  3:3.7e-05
Iterat, #Fevals:   Function Value    (median,worst) |Axis Ratio|idx:Min SD idx:Max SD
  660 ,  16501 : 1.9897020526035e+01 +(3e-02,5e-02) | 2.93e+03 |  8:1.5e-06  3:3.9e-05
  661 ,  16526 : 1.9896954133561e+01 +(2e-02,4e-02) | 2.89e+03 |  8:1.3e-06  3:3.5e-05
  662 ,  16551 : 1.9895170681268e+01 +(2e-02,6e-02) | 2.86e+03 |  8:1.2e-06  3:3.1e-05
  663 ,  16576 : 1.9898944178361e+01 +(2e-02,4e-02) | 2.84e+03 |  8:1.1e-06  3:3.0e-05
  664 ,  16601 : 1.9891068490431e+01 +(3e-02,6e-02) | 2.97e+03 |  8:1.0e-06  3:2.9e-05
  665 ,  16626 : 1.9894549102139e+01 +(3e-02,5e-02) | 2.86e+03 |  8:1.0e-06  3:2.8e-05
  666 ,  16651 : 1.9892150232345e+01 +(3e-02,5e-02) | 2.84e+03 |  8:1.0e-06  3:2.7e-05
  667 ,  16676 : 1.9892439394877e+01 +(3e-02,6e-02) | 2.78e+03 |  8:1.0e-06  3:2.7e-05
  668 ,  16701 : 1.9904780980733e+01 +(2e-02,6e-02) | 2.77e+03 |  8:9.6e-07  3:2.4e-05
  669 ,  16726 : 1.9900517599529e+01 +(2e-02,4e-02) | 2.75e+03 |  8:9.9e-07  3:2.5e-05
Iterat, #Fevals:   Function Value    (median,worst) |Axis Ratio|idx:Min SD idx:Max SD
  670 ,  16751 : 1.9895909087130e+01 +(3e-02,5e-02) | 2.58e+03 |  8:9.2e-07  3:2.3e-05
  671 ,  16776 : 1.9903971750404e+01 +(2e-02,4e-02) | 2.48e+03 |  8:8.8e-07  3:2.3e-05
  672 ,  16801 : 1.9897946750868e+01 +(3e-02,6e-02) | 2.43e+03 |  8:8.3e-07  3:2.1e-05
  673 ,  16826 : 1.9899178336637e+01 +(2e-02,4e-02) | 2.53e+03 |  8:7.0e-07  3:1.9e-05
  674 ,  16851 : 1.9898073953679e+01 +(2e-02,5e-02) | 2.61e+03 |  8:6.5e-07  3:1.7e-05
  675 ,  16876 : 1.9910450087809e+01 +(2e-02,5e-02) | 2.65e+03 |  8:5.1e-07  3:1.4e-05
  676 ,  16901 : 1.9906179400321e+01 +(2e-02,5e-02) | 2.62e+03 |  8:5.4e-07  3:1.4e-05
  677 ,  16926 : 1.9896586840766e+01 +(3e-02,6e-02) | 2.66e+03 |  8:5.2e-07  3:1.4e-05
  678 ,  16951 : 1.9899344916819e+01 +(2e-02,6e-02) | 2.72e+03 |  8:4.7e-07  3:1.2e-05
  679 ,  16976 : 1.9899582476085e+01 +(3e-02,5e-02) | 2.66e+03 |  8:5.7e-07  3:1.4e-05
Iterat, #Fevals:   Function Value    (median,worst) |Axis Ratio|idx:Min SD idx:Max SD
  680 ,  17001 : 1.9887886633553e+01 +(3e-02,5e-02) | 2.71e+03 |  8:5.3e-07  3:1.3e-05
  681 ,  17026 : 1.9886092575694e+01 +(3e-02,7e-02) | 2.90e+03 |  8:5.6e-07  3:1.4e-05
  682 ,  17051 : 1.9901308808209e+01 +(2e-02,5e-02) | 2.98e+03 |  8:5.2e-07  3:1.3e-05
  683 ,  17076 : 1.9900086473201e+01 +(2e-02,5e-02) | 2.90e+03 |  8:4.7e-07  3:1.1e-05
  684 ,  17101 : 1.9901712848054e+01 +(2e-02,5e-02) | 2.99e+03 |  8:4.7e-07  3:1.1e-05
  685 ,  17126 : 1.9909389877251e+01 +(2e-02,5e-02) | 2.92e+03 |  8:4.5e-07  3:1.1e-05
  686 ,  17151 : 1.9902390197045e+01 +(3e-02,5e-02) | 2.88e+03 |  8:4.2e-07  3:1.0e-05
  687 ,  17176 : 1.9897527039791e+01 +(2e-02,5e-02) | 3.08e+03 |  8:4.1e-07  3:1.0e-05
  688 ,  17201 : 1.9903943902111e+01 +(2e-02,4e-02) | 3.08e+03 |  8:3.9e-07  3:9.4e-06
  689 ,  17226 : 1.9901052983961e+01 +(2e-02,4e-02) | 3.26e+03 |  8:4.5e-07  3:1.1e-05
Iterat, #Fevals:   Function Value    (median,worst) |Axis Ratio|idx:Min SD idx:Max SD
  690 ,  17251 : 1.9909293538846e+01 +(1e-02,4e-02) | 3.27e+03 |  8:5.4e-07  3:1.3e-05
  691 ,  17276 : 1.9899002155739e+01 +(2e-02,6e-02) | 3.40e+03 |  8:6.6e-07  3:1.5e-05
  692 ,  17301 : 1.9905572569141e+01 +(2e-02,3e-02) | 3.40e+03 |  8:8.2e-07  3:1.8e-05
  693 ,  17326 : 1.9908995136516e+01 +(1e-02,3e-02) | 3.39e+03 |  8:7.9e-07  3:1.8e-05
  694 ,  17351 : 1.9904329642367e+01 +(2e-02,4e-02) | 3.54e+03 |  8:8.8e-07  3:1.9e-05
  695 ,  17376 : 1.9905455187281e+01 +(2e-02,4e-02) | 3.53e+03 |  8:9.3e-07  3:2.1e-05
  696 ,  17401 : 1.9900452830145e+01 +(2e-02,4e-02) | 3.78e+03 |  8:9.2e-07  3:2.2e-05
  697 ,  17426 : 1.9901555311680e+01 +(2e-02,4e-02) | 3.80e+03 |  8:9.5e-07  3:2.3e-05
  698 ,  17451 : 1.9901555345416e+01 +(2e-02,5e-02) | 3.84e+03 |  8:8.8e-07  3:2.2e-05
  699 ,  17476 : 1.9909905972595e+01 +(1e-02,4e-02) | 3.66e+03 |  8:8.5e-07  3:2.1e-05
Iterat, #Fevals:   Function Value    (median,worst) |Axis Ratio|idx:Min SD idx:Max SD
  700 ,  17501 : 1.9897465956897e+01 +(3e-02,4e-02) | 3.46e+03 |  8:7.8e-07  3:1.9e-05
  701 ,  17526 : 1.9894514700057e+01 +(3e-02,5e-02) | 3.49e+03 |  8:7.4e-07  3:1.9e-05
  702 ,  17551 : 1.9903833666225e+01 +(2e-02,6e-02) | 3.42e+03 |  8:7.2e-07  3:1.8e-05
  703 ,  17576 : 1.9910147030659e+01 +(1e-02,5e-02) | 3.33e+03 |  8:6.5e-07  3:1.7e-05
  704 ,  17601 : 1.9906272928811e+01 +(2e-02,3e-02) | 3.13e+03 |  8:6.6e-07  3:1.7e-05
  705 ,  17626 : 1.9906948892124e+01 +(2e-02,4e-02) | 3.07e+03 |  8:6.6e-07  3:1.7e-05
  706 ,  17651 : 1.9908940844585e+01 +(2e-02,4e-02) | 3.19e+03 |  8:7.3e-07  3:2.0e-05
  707 ,  17676 : 1.9903514409729e+01 +(2e-02,5e-02) | 3.05e+03 |  8:8.1e-07  3:2.2e-05
  708 ,  17701 : 1.9896452916713e+01 +(3e-02,5e-02) | 3.12e+03 |  8:8.4e-07  3:2.4e-05
  709 ,  17726 : 1.9898466219053e+01 +(2e-02,5e-02) | 3.21e+03 |  8:7.8e-07  3:2.3e-05
Iterat, #Fevals:   Function Value    (median,worst) |Axis Ratio|idx:Min SD idx:Max SD
  710 ,  17751 : 1.9904186636343e+01 +(2e-02,4e-02) | 3.23e+03 |  8:7.0e-07  3:2.1e-05
  711 ,  17776 : 1.9900942582982e+01 +(2e-02,4e-02) | 3.31e+03 |  8:6.4e-07  3:2.0e-05
  712 ,  17801 : 1.9904345629901e+01 +(2e-02,4e-02) | 3.12e+03 |  8:6.3e-07  3:2.0e-05
  713 ,  17826 : 1.9900528447946e+01 +(2e-02,5e-02) | 3.14e+03 |  8:6.2e-07  3:1.9e-05
  714 ,  17851 : 1.9910145259232e+01 +(2e-02,6e-02) | 3.02e+03 |  8:6.0e-07  3:1.9e-05
  715 ,  17876 : 1.9904709103463e+01 +(2e-02,3e-02) | 3.02e+03 |  8:5.6e-07  3:1.7e-05
  716 ,  17901 : 1.9902936634196e+01 +(2e-02,5e-02) | 3.02e+03 |  8:5.2e-07  3:1.6e-05
  717 ,  17926 : 1.9900339899049e+01 +(2e-02,5e-02) | 3.04e+03 |  8:4.9e-07  3:1.6e-05
  718 ,  17951 : 1.9903210644535e+01 +(2e-02,4e-02) | 2.84e+03 |  8:4.6e-07  3:1.5e-05
  719 ,  17976 : 1.9909644298238e+01 +(1e-02,3e-02) | 2.78e+03 |  8:4.7e-07  3:1.5e-05
Iterat, #Fevals:   Function Value    (median,worst) |Axis Ratio|idx:Min SD idx:Max SD
  720 ,  18001 : 1.9906469928958e+01 +(2e-02,6e-02) | 2.89e+03 |  8:5.2e-07  3:1.7e-05
  721 ,  18026 : 1.9902005457050e+01 +(2e-02,4e-02) | 2.96e+03 |  8:5.3e-07  3:1.7e-05
  722 ,  18051 : 1.9906617791331e+01 +(2e-02,4e-02) | 3.00e+03 |  8:4.8e-07  3:1.5e-05
  723 ,  18076 : 1.9903868962283e+01 +(2e-02,4e-02) | 3.02e+03 |  8:4.3e-07  3:1.4e-05
  724 ,  18101 : 1.9910897114121e+01 +(2e-02,5e-02) | 3.17e+03 |  8:4.2e-07  3:1.4e-05
  725 ,  18126 : 1.9903196275358e+01 +(2e-02,5e-02) | 3.06e+03 |  8:3.9e-07  3:1.3e-05
  726 ,  18151 : 1.9905514400047e+01 +(2e-02,5e-02) | 3.03e+03 |  8:3.6e-07  3:1.2e-05
  727 ,  18176 : 1.9896594527471e+01 +(2e-02,5e-02) | 3.13e+03 |  8:3.6e-07  3:1.2e-05
  728 ,  18201 : 1.9902742558000e+01 +(2e-02,3e-02) | 3.18e+03 |  8:3.4e-07  3:1.1e-05
  729 ,  18226 : 1.9885119894836e+01 +(4e-02,7e-02) | 3.43e+03 |  8:3.6e-07  3:1.3e-05
#Fevals:   f(returned x)   |    bestever.f     | stopflag (saved to variablescmaes14_7_40.mat)
  18227: 1.98851198948e+01 | 1.98851198948e+01 | stagnation
mean solution: +5.4e-01 +7.5e-01 +1.6e+00 +1.2e-01 +9.4e-01 +1.4e+00 +6.5e-01 +1.7e-01 +2.1e+00
std deviation:  1.5e-06  1.1e-05  1.3e-05  9.1e-07  3.2e-06  2.5e-06  6.2e-06  3.6e-07  2.9e-06
use plotcmaesdat.m for plotting the output at any time (option LogModulo must not be zero)
