
                            < M A T L A B (R) >
                  Copyright 1984-2015 The MathWorks, Inc.
                   R2015a (8.5.0.197613) 64-bit (glnxa64)
                             February 12, 2015

 
For online documentation, see http://www.mathworks.com/support
For product information, visit www.mathworks.com.
 

	Academic License


seed =

                 145.31619


Initialtheta =

          28304.2664624596
          20298.9938302984
          53057896.6624422
          804.530054708322
          6522.92327904774
          770.968290500093
        0.0303088393884795
          3.26690295371134
          788.303307046237

  n=9: (12,25)-CMA-ES(w=[24 17 14... 1.5 0.74]%, ]%, mu_eff=7.3) on function Error
Iterat, #Fevals:   Function Value    (median,worst) |Axis Ratio|idx:Min SD idx:Max SD
    1 ,     26 : 1.1486101877035e+02 +(9e+00,2e+08) | 5.52e+02 |  9:2.7e-01  2:1.5e+02
    2 ,     51 : 1.0826217294146e+02 +(2e+01,5e+11) | 5.41e+02 |  9:2.6e-01  2:1.4e+02
    3 ,     76 : 6.4670044551290e+01 +(6e+01,4e+07) | 5.63e+02 |  9:2.8e-01  2:1.5e+02
    4 ,    101 : 1.1473962228930e+02 +(9e+00,9e+15) | 5.16e+02 |  9:3.7e-01  2:1.8e+02
    5 ,    126 : 2.4773211095270e+01 +(1e+02,2e+16) | 5.31e+02 |  9:4.4e-01  2:2.1e+02
    6 ,    151 : 1.2283583180422e+02 +(8e-01,7e+17) | 5.34e+02 |  9:3.8e-01  2:1.8e+02
    7 ,    176 : 3.4314622020332e+01 +(9e+01,7e+15) | 5.43e+02 |  9:3.8e-01  2:1.8e+02
    8 ,    201 : 1.2239899033451e+02 +(1e+00,1e+19) | 5.46e+02 |  9:3.5e-01  2:1.7e+02
    9 ,    226 : 1.2147890835331e+02 +(2e+00,2e+10) | 5.76e+02 |  9:3.6e-01  2:1.8e+02
Iterat, #Fevals:   Function Value    (median,worst) |Axis Ratio|idx:Min SD idx:Max SD
   10 ,    251 : 1.2283657730784e+02 +(7e-01,8e+10) | 5.78e+02 |  9:3.3e-01  2:1.7e+02
   11 ,    276 : 9.5567101576481e+01 +(3e+01,3e+16) | 5.72e+02 |  9:3.3e-01  2:1.7e+02
   12 ,    301 : 1.2268406800276e+02 +(6e+03,9e+15) | 5.69e+02 |  9:3.0e-01  2:1.6e+02
   13 ,    326 : 7.3095971527654e+01 +(5e+01,4e+14) | 5.82e+02 |  9:2.9e-01  2:1.5e+02
   14 ,    351 : 5.9732528633688e+01 +(6e+01,1e+17) | 6.06e+02 |  9:2.8e-01  2:1.5e+02
   15 ,    376 : 5.3110851903543e+01 +(7e+01,2e+14) | 5.97e+02 |  9:2.8e-01  2:1.5e+02
   16 ,    401 : 3.9194181839734e+01 +(8e+01,2e+14) | 6.13e+02 |  9:2.5e-01  2:1.4e+02
   17 ,    426 : 6.2705820950249e+01 +(6e+01,4e+16) | 6.51e+02 |  9:2.4e-01  2:1.3e+02
   18 ,    451 : 1.1787626818947e+02 +(6e+00,7e+14) | 6.24e+02 |  9:2.2e-01  2:1.1e+02
   19 ,    476 : 1.0735861649956e+02 +(2e+01,6e+14) | 6.27e+02 |  9:1.9e-01  2:9.9e+01
Iterat, #Fevals:   Function Value    (median,worst) |Axis Ratio|idx:Min SD idx:Max SD
   20 ,    501 : 1.0416031603063e+02 +(2e+01,8e+12) | 6.42e+02 |  9:1.6e-01  2:8.6e+01
   21 ,    526 : 8.0272380309687e+01 +(4e+01,1e+16) | 6.26e+02 |  9:1.4e-01  2:7.3e+01
   22 ,    551 : 9.2919071291560e+01 +(3e+01,3e+12) | 6.07e+02 |  9:1.2e-01  2:6.5e+01
   23 ,    576 : 5.3308922967928e+01 +(7e+01,2e+11) | 6.04e+02 |  9:1.1e-01  2:5.7e+01
   24 ,    601 : 9.9657199664065e+01 +(2e+01,3e+12) | 6.00e+02 |  9:9.8e-02  2:5.2e+01
   25 ,    626 : 3.9633643670103e+01 +(8e+01,4e+12) | 6.65e+02 |  9:9.5e-02  2:5.7e+01
   26 ,    651 : 3.5990949246308e+01 +(9e+01,7e+11) | 6.74e+02 |  9:9.0e-02  2:5.3e+01
   27 ,    676 : 2.6055555005723e+01 +(9e+01,4e+12) | 6.80e+02 |  5:9.0e-02  2:5.4e+01
   28 ,    701 : 3.6131022798753e+01 +(8e+01,4e+11) | 7.07e+02 |  5:8.5e-02  2:5.4e+01
   29 ,    726 : 4.4606710867133e+01 +(8e+01,1e+13) | 7.31e+02 |  5:7.0e-02  2:4.6e+01
Iterat, #Fevals:   Function Value    (median,worst) |Axis Ratio|idx:Min SD idx:Max SD
   30 ,    751 : 9.6799718019885e+01 +(2e+01,1e+06) | 7.36e+02 |  5:5.9e-02  2:4.0e+01
   31 ,    776 : 2.8563988578811e+01 +(9e+01,8e+11) | 7.59e+02 |  5:4.9e-02  2:3.5e+01
   32 ,    801 : 5.0668491640858e+01 +(7e+01,2e+06) | 7.74e+02 |  5:4.1e-02  2:2.9e+01
   33 ,    826 : 6.0362860874590e+01 +(6e+01,1e+05) | 8.48e+02 |  5:3.8e-02  2:3.0e+01
   34 ,    851 : 2.6825373127126e+01 +(9e+01,6e+03) | 8.62e+02 |  5:3.9e-02  2:3.1e+01
   35 ,    876 : 5.2528312250459e+01 +(6e+01,4e+06) | 8.90e+02 |  5:3.6e-02  2:3.0e+01
   36 ,    901 : 3.3463021088315e+01 +(8e+01,2e+05) | 9.23e+02 |  5:3.3e-02  2:2.8e+01
   37 ,    926 : 3.8962335222304e+01 +(8e+01,3e+11) | 9.44e+02 |  5:3.0e-02  2:2.7e+01
   38 ,    951 : 3.6149437416630e+01 +(8e+01,8e+04) | 1.01e+03 |  5:2.8e-02  2:2.7e+01
   39 ,    976 : 3.1964588204235e+01 +(8e+01,2e+04) | 1.14e+03 |  5:2.9e-02  2:3.1e+01
Iterat, #Fevals:   Function Value    (median,worst) |Axis Ratio|idx:Min SD idx:Max SD
   40 ,   1001 : 4.1103957265175e+01 +(7e+01,6e+10) | 1.19e+03 |  5:2.7e-02  2:3.1e+01
   41 ,   1026 : 2.1836536839657e+01 +(8e+01,3e+06) | 1.23e+03 |  5:2.7e-02  2:3.1e+01
   42 ,   1051 : 3.1890323826513e+01 +(7e+01,2e+04) | 1.29e+03 |  5:2.5e-02  2:3.0e+01
   43 ,   1076 : 3.2150962516227e+01 +(8e+01,1e+05) | 1.30e+03 |  5:2.4e-02  2:3.0e+01
   44 ,   1101 : 2.9335361172202e+01 +(8e+01,2e+06) | 1.35e+03 |  5:2.7e-02  2:3.5e+01
   45 ,   1126 : 3.4307660679733e+01 +(8e+01,3e+11) | 1.38e+03 |  5:2.7e-02  2:3.6e+01
   46 ,   1151 : 3.0701018021309e+01 +(8e+01,2e+12) | 1.42e+03 |  5:2.6e-02  2:3.5e+01
   47 ,   1176 : 3.4593363690265e+01 +(6e+01,6e+06) | 1.52e+03 |  5:2.2e-02  2:3.2e+01
   48 ,   1201 : 3.5111813248084e+01 +(7e+01,1e+04) | 1.61e+03 |  5:1.9e-02  2:3.0e+01
   49 ,   1226 : 2.8127874374228e+01 +(6e+01,6e+04) | 1.65e+03 |  5:1.7e-02  2:2.8e+01
Iterat, #Fevals:   Function Value    (median,worst) |Axis Ratio|idx:Min SD idx:Max SD
   50 ,   1251 : 3.0230121087603e+01 +(8e+01,1e+04) | 1.68e+03 |  5:1.7e-02  2:2.8e+01
   51 ,   1276 : 3.5129399984530e+01 +(7e+01,1e+05) | 1.70e+03 |  5:1.6e-02  2:2.6e+01
   52 ,   1301 : 2.7563851711931e+01 +(5e+01,4e+04) | 1.79e+03 |  5:1.4e-02  2:2.4e+01
   53 ,   1326 : 3.0398186211446e+01 +(5e+01,2e+04) | 1.90e+03 |  5:1.1e-02  2:2.0e+01
   54 ,   1351 : 2.8562036568338e+01 +(4e+01,7e+03) | 1.93e+03 |  5:9.4e-03  2:1.8e+01
   55 ,   1376 : 3.0945910880121e+01 +(3e+01,3e+04) | 1.98e+03 |  5:8.4e-03  2:1.6e+01
   56 ,   1401 : 2.6461208413941e+01 +(3e+01,8e+03) | 2.04e+03 |  5:8.1e-03  2:1.6e+01
   57 ,   1426 : 2.7972187840413e+01 +(4e+01,2e+04) | 2.09e+03 |  5:8.0e-03  2:1.6e+01
   58 ,   1451 : 1.9452543687092e+01 +(3e+01,1e+03) | 2.14e+03 |  5:8.9e-03  2:1.8e+01
   59 ,   1476 : 1.3618603607552e+01 +(3e+01,2e+03) | 2.25e+03 |  5:9.4e-03  2:2.1e+01
Iterat, #Fevals:   Function Value    (median,worst) |Axis Ratio|idx:Min SD idx:Max SD
   60 ,   1501 : 1.7410757334536e+01 +(5e+01,6e+04) | 2.34e+03 |  5:1.0e-02  2:2.3e+01
   61 ,   1526 : 2.4582851485729e+01 +(6e+01,1e+07) | 2.41e+03 |  5:9.8e-03  2:2.3e+01
   62 ,   1551 : 1.4928888387677e+01 +(6e+01,7e+02) | 2.46e+03 |  5:8.7e-03  2:2.0e+01
   63 ,   1576 : 2.0220740273088e+01 +(5e+01,8e+03) | 2.64e+03 |  5:8.4e-03  2:2.1e+01
   64 ,   1601 : 1.3653775158895e+01 +(6e+01,3e+03) | 2.77e+03 |  5:7.7e-03  2:2.0e+01
   65 ,   1626 : 1.4552097093660e+01 +(4e+01,6e+02) | 3.03e+03 |  5:8.2e-03  2:2.4e+01
   66 ,   1651 : 1.3659103302198e+01 +(4e+01,3e+04) | 3.19e+03 |  5:8.5e-03  2:2.6e+01
   67 ,   1676 : 1.6491394755845e+01 +(6e+01,4e+06) | 3.23e+03 |  5:8.8e-03  2:2.7e+01
   68 ,   1701 : 1.5766325357191e+01 +(7e+01,5e+06) | 3.27e+03 |  5:9.9e-03  2:3.1e+01
   69 ,   1726 : 2.2745882452137e+01 +(8e+01,1e+07) | 3.36e+03 |  5:1.0e-02  2:3.3e+01
Iterat, #Fevals:   Function Value    (median,worst) |Axis Ratio|idx:Min SD idx:Max SD
   70 ,   1751 : 1.4622223053449e+01 +(5e+01,7e+06) | 3.42e+03 |  5:9.9e-03  2:3.2e+01
   71 ,   1776 : 1.3104930025928e+01 +(6e+01,3e+03) | 3.49e+03 |  5:1.1e-02  2:3.3e+01
   72 ,   1801 : 1.5444905873494e+01 +(6e+01,1e+07) | 3.63e+03 |  5:1.1e-02  2:3.7e+01
   73 ,   1826 : 1.9135787351724e+01 +(4e+01,3e+07) | 3.68e+03 |  5:1.1e-02  2:3.4e+01
   74 ,   1851 : 3.2968204226771e+01 +(6e+01,6e+05) | 3.87e+03 |  5:9.5e-03  2:3.2e+01
   75 ,   1876 : 3.0888614326871e+01 +(2e+01,4e+03) | 4.13e+03 |  5:1.0e-02  2:3.8e+01
   76 ,   1901 : 1.8326762994920e+01 +(5e+01,4e+06) | 4.42e+03 |  5:9.3e-03  2:3.6e+01
   77 ,   1926 : 1.2363740614235e+01 +(3e+01,4e+06) | 4.63e+03 |  5:9.5e-03  2:3.8e+01
   78 ,   1951 : 4.1839110336673e+01 +(4e+01,1e+07) | 4.94e+03 |  5:9.0e-03  2:3.8e+01
   79 ,   1976 : 1.4267362893603e+01 +(6e+01,9e+06) | 5.34e+03 |  5:9.4e-03  2:4.3e+01
Iterat, #Fevals:   Function Value    (median,worst) |Axis Ratio|idx:Min SD idx:Max SD
   80 ,   2001 : 2.1153975537002e+01 +(4e+01,3e+04) | 5.46e+03 |  5:9.6e-03  2:4.5e+01
   81 ,   2026 : 1.5714762377752e+01 +(6e+01,1e+07) | 5.41e+03 |  5:8.8e-03  2:4.0e+01
   82 ,   2051 : 1.3009913917765e+01 +(6e+01,2e+07) | 5.55e+03 |  5:8.0e-03  2:3.7e+01
   83 ,   2076 : 1.3917005671391e+01 +(4e+01,1e+04) | 5.69e+03 |  5:7.5e-03  2:3.5e+01
   84 ,   2101 : 1.5896007954451e+01 +(1e+01,2e+03) | 6.27e+03 |  5:7.1e-03  2:3.7e+01
   85 ,   2126 : 1.8564667491936e+01 +(4e+01,1e+04) | 6.18e+03 |  5:7.8e-03  2:3.9e+01
   86 ,   2151 : 1.5744872732373e+01 +(4e+01,8e+06) | 6.25e+03 |  5:8.9e-03  2:4.5e+01
   87 ,   2176 : 1.3066845661463e+01 +(3e+01,6e+03) | 6.74e+03 |  5:9.7e-03  2:5.2e+01
   88 ,   2201 : 1.5052121038353e+01 +(9e+01,4e+06) | 7.10e+03 |  5:1.1e-02  2:6.0e+01
   89 ,   2226 : 1.5003592254836e+01 +(7e+01,1e+07) | 7.40e+03 |  5:1.1e-02  2:6.1e+01
Iterat, #Fevals:   Function Value    (median,worst) |Axis Ratio|idx:Min SD idx:Max SD
   90 ,   2251 : 1.3695204845033e+01 +(5e+01,2e+07) | 7.71e+03 |  5:1.0e-02  2:6.0e+01
   91 ,   2276 : 1.5355365229431e+01 +(8e+01,2e+07) | 8.05e+03 |  5:9.6e-03  2:6.0e+01
   92 ,   2301 : 1.4072424981968e+01 +(4e+01,4e+04) | 8.29e+03 |  5:9.3e-03  2:5.9e+01
   93 ,   2326 : 1.3486386717363e+01 +(4e+01,3e+03) | 8.86e+03 |  5:8.2e-03  2:5.5e+01
   94 ,   2351 : 1.7000448531049e+01 +(3e+01,5e+03) | 9.00e+03 |  5:7.3e-03  2:5.0e+01
   95 ,   2376 : 1.5167067416205e+01 +(2e+01,5e+06) | 9.16e+03 |  5:7.3e-03  2:4.9e+01
   96 ,   2401 : 1.3062154236941e+01 +(2e+01,5e+02) | 9.54e+03 |  5:7.4e-03  2:5.0e+01
   97 ,   2426 : 1.7318831937405e+01 +(3e+01,3e+03) | 9.76e+03 |  5:7.3e-03  2:4.9e+01
   98 ,   2451 : 1.6051274310155e+01 +(3e+01,3e+06) | 1.07e+04 |  5:7.7e-03  2:5.4e+01
   99 ,   2476 : 1.4179971030526e+01 +(2e+01,1e+07) | 1.10e+04 |  5:7.0e-03  2:5.0e+01
Iterat, #Fevals:   Function Value    (median,worst) |Axis Ratio|idx:Min SD idx:Max SD
  100 ,   2501 : 1.1921656404936e+01 +(9e+00,5e+06) | 1.21e+04 |  5:7.1e-03  2:5.6e+01
  101 ,   2526 : 1.4108670331111e+01 +(2e+01,4e+02) | 1.27e+04 |  5:6.1e-03  2:4.9e+01
  102 ,   2551 : 1.2000199580287e+01 +(2e+01,3e+02) | 1.30e+04 |  5:6.4e-03  2:5.1e+01
  103 ,   2576 : 1.2934453683172e+01 +(1e+01,4e+07) | 1.37e+04 |  5:7.3e-03  2:6.1e+01
  104 ,   2601 : 1.2201758606644e+01 +(2e+01,1e+02) | 1.37e+04 |  5:7.7e-03  2:6.6e+01
  105 ,   2626 : 1.0939424473252e+01 +(3e+01,5e+03) | 1.48e+04 |  5:7.4e-03  2:6.8e+01
  106 ,   2651 : 1.0080155018961e+01 +(4e+01,6e+03) | 1.51e+04 |  5:6.5e-03  2:6.2e+01
  107 ,   2676 : 1.2453574047802e+01 +(1e+01,1e+02) | 1.63e+04 |  5:7.1e-03  2:7.0e+01
  108 ,   2701 : 9.5858818705226e+00 +(4e+01,9e+02) | 1.74e+04 |  5:6.7e-03  2:7.1e+01
  109 ,   2726 : 1.0444359036355e+01 +(4e+01,2e+03) | 1.80e+04 |  5:6.4e-03  2:6.9e+01
Iterat, #Fevals:   Function Value    (median,worst) |Axis Ratio|idx:Min SD idx:Max SD
  110 ,   2751 : 1.2762468601000e+01 +(2e+01,3e+02) | 1.78e+04 |  5:6.1e-03  2:6.6e+01
  111 ,   2776 : 1.1141198397013e+01 +(4e+01,2e+03) | 1.80e+04 |  5:5.2e-03  2:5.6e+01
  112 ,   2801 : 1.0138828113164e+01 +(3e+01,2e+03) | 1.91e+04 |  5:4.9e-03  2:5.6e+01
  113 ,   2826 : 1.0560662053895e+01 +(1e+01,4e+02) | 1.95e+04 |  5:5.2e-03  2:5.7e+01
  114 ,   2851 : 1.1178500424980e+01 +(1e+01,6e+02) | 2.05e+04 |  5:5.2e-03  2:6.1e+01
  115 ,   2876 : 1.0353865462990e+01 +(2e+01,3e+02) | 2.15e+04 |  5:4.7e-03  2:5.8e+01
  116 ,   2901 : 1.0632601790355e+01 +(1e+01,1e+03) | 2.24e+04 |  5:4.0e-03  2:5.0e+01
  117 ,   2926 : 1.0667650296459e+01 +(6e+00,6e+02) | 2.29e+04 |  5:3.6e-03  2:4.6e+01
  118 ,   2951 : 1.1137997722252e+01 +(4e+00,9e+01) | 2.43e+04 |  5:3.5e-03  2:4.5e+01
  119 ,   2976 : 9.8327020087691e+00 +(8e+00,2e+02) | 2.46e+04 |  5:3.2e-03  2:4.2e+01
Iterat, #Fevals:   Function Value    (median,worst) |Axis Ratio|idx:Min SD idx:Max SD
  120 ,   3001 : 9.5393682649044e+00 +(5e+00,3e+01) | 2.49e+04 |  5:2.8e-03  2:3.7e+01
  121 ,   3026 : 9.7141988343675e+00 +(4e+00,4e+01) | 2.54e+04 |  5:2.6e-03  2:3.5e+01
  122 ,   3051 : 1.0299303754390e+01 +(3e+00,3e+01) | 2.64e+04 |  5:2.4e-03  2:3.2e+01
  123 ,   3076 : 9.8855862200676e+00 +(3e+00,8e+01) | 2.68e+04 |  5:2.1e-03  2:2.8e+01
  124 ,   3101 : 9.4727824202475e+00 +(1e+00,2e+01) | 2.96e+04 |  5:2.2e-03  2:3.2e+01
  125 ,   3126 : 9.8610714107841e+00 +(4e+00,2e+01) | 3.10e+04 |  5:2.0e-03  2:3.2e+01
  126 ,   3151 : 9.4371865206695e+00 +(3e+00,1e+01) | 3.19e+04 |  5:1.8e-03  2:2.8e+01
  127 ,   3176 : 9.6738384833521e+00 +(1e+00,1e+01) | 3.54e+04 |  5:1.8e-03  2:3.1e+01
  128 ,   3201 : 9.3868123567153e+00 +(1e+00,2e+01) | 3.77e+04 |  5:1.8e-03  2:3.4e+01
  129 ,   3226 : 9.4218958158176e+00 +(1e+00,2e+01) | 3.84e+04 |  5:1.9e-03  2:3.7e+01
Iterat, #Fevals:   Function Value    (median,worst) |Axis Ratio|idx:Min SD idx:Max SD
  130 ,   3251 : 9.3894036801123e+00 +(3e+00,4e+01) | 4.00e+04 |  5:1.8e-03  2:3.5e+01
  131 ,   3276 : 9.3939478088593e+00 +(2e+00,3e+01) | 4.01e+04 |  5:1.7e-03  2:3.4e+01
  132 ,   3301 : 9.5528898897301e+00 +(3e+00,1e+01) | 3.99e+04 |  5:1.5e-03  2:3.0e+01
  133 ,   3326 : 9.4038868262697e+00 +(1e+00,2e+01) | 4.01e+04 |  5:1.4e-03  2:2.7e+01
  134 ,   3351 : 9.4056669635408e+00 +(1e+00,1e+01) | 4.06e+04 |  5:1.2e-03  2:2.4e+01
  135 ,   3376 : 9.4844649987332e+00 +(8e-01,3e+00) | 4.50e+04 |  5:1.3e-03  2:2.8e+01
  136 ,   3401 : 9.4059015785328e+00 +(2e+00,7e+00) | 4.83e+04 |  5:1.2e-03  2:2.8e+01
  137 ,   3426 : 9.3892882555430e+00 +(8e-01,1e+01) | 5.23e+04 |  5:1.2e-03  2:2.9e+01
  138 ,   3451 : 9.3858671620304e+00 +(7e-01,1e+01) | 5.34e+04 |  5:9.9e-04  2:2.4e+01
  139 ,   3476 : 9.4189456925767e+00 +(5e-01,5e+00) | 5.64e+04 |  5:9.0e-04  2:2.4e+01
Iterat, #Fevals:   Function Value    (median,worst) |Axis Ratio|idx:Min SD idx:Max SD
  140 ,   3501 : 9.3960362221401e+00 +(7e-01,2e+00) | 5.75e+04 |  5:7.6e-04  2:2.0e+01
  141 ,   3526 : 9.4176332637776e+00 +(4e-01,6e+00) | 5.96e+04 |  5:7.4e-04  2:2.0e+01
  142 ,   3551 : 9.3845809802781e+00 +(3e-01,2e+00) | 6.08e+04 |  5:6.9e-04  2:1.9e+01
  143 ,   3576 : 9.4148811700984e+00 +(2e-01,5e+00) | 6.33e+04 |  5:7.0e-04  2:2.0e+01
  144 ,   3601 : 9.4066739423222e+00 +(2e-01,5e+00) | 6.39e+04 |  5:7.1e-04  2:2.0e+01
  145 ,   3626 : 9.3938917195886e+00 +(3e-01,2e+00) | 7.28e+04 |  5:7.6e-04  2:2.4e+01
  146 ,   3651 : 9.4228095326465e+00 +(2e-01,3e+00) | 7.89e+04 |  5:9.5e-04  2:3.3e+01
  147 ,   3676 : 9.3870236388800e+00 +(4e-01,3e+00) | 8.06e+04 |  5:1.1e-03  2:3.8e+01
  148 ,   3701 : 9.4469101354694e+00 +(4e-01,4e+00) | 8.31e+04 |  5:1.1e-03  2:4.0e+01
  149 ,   3726 : 9.3923237259225e+00 +(8e-01,8e+00) | 9.05e+04 |  5:1.2e-03  2:4.6e+01
Iterat, #Fevals:   Function Value    (median,worst) |Axis Ratio|idx:Min SD idx:Max SD
  150 ,   3751 : 9.4280913095404e+00 +(4e-01,6e+00) | 9.79e+04 |  5:1.2e-03  2:4.9e+01
  151 ,   3776 : 9.4235877184300e+00 +(5e-01,6e+00) | 1.05e+05 |  5:1.1e-03  2:5.1e+01
  152 ,   3801 : 9.3834483668738e+00 +(5e-01,3e+00) | 1.18e+05 |  5:1.2e-03  2:5.8e+01
  153 ,   3826 : 9.4006458211040e+00 +(5e-01,4e+00) | 1.28e+05 |  5:1.5e-03  2:8.0e+01
  154 ,   3851 : 9.4130050724586e+00 +(2e+00,5e+14) | 1.33e+05 |  5:1.5e-03  2:8.5e+01
  155 ,   3876 : 9.4308640046954e+00 +(1e+00,1e+01) | 1.36e+05 |  5:1.5e-03  2:8.5e+01
  156 ,   3901 : 9.4152294818052e+00 +(2e+00,6e+14) | 1.40e+05 |  5:1.4e-03  2:8.4e+01
  157 ,   3926 : 9.4312482966388e+00 +(2e+00,5e+14) | 1.43e+05 |  5:1.5e-03  2:8.9e+01
  158 ,   3951 : 9.4002576601939e+00 +(1e+00,3e+01) | 1.46e+05 |  5:1.3e-03  2:8.3e+01
  159 ,   3976 : 9.4074934768171e+00 +(2e+00,6e+14) | 1.52e+05 |  5:1.3e-03  2:8.1e+01
Iterat, #Fevals:   Function Value    (median,worst) |Axis Ratio|idx:Min SD idx:Max SD
  160 ,   4001 : 9.3909051076876e+00 +(5e-01,6e+00) | 1.54e+05 |  5:1.2e-03  2:7.5e+01
  161 ,   4026 : 9.4087244928606e+00 +(1e+00,8e+00) | 1.57e+05 |  5:1.1e-03  2:7.2e+01
  162 ,   4051 : 9.3906753940406e+00 +(8e-01,3e+00) | 1.71e+05 |  5:1.2e-03  2:8.5e+01
  163 ,   4076 : 9.4348473719591e+00 +(1e+00,1e+15) | 1.77e+05 |  5:1.2e-03  2:8.6e+01
  164 ,   4101 : 9.4186228616716e+00 +(1e+00,1e+15) | 1.78e+05 |  5:1.2e-03  2:8.5e+01
  165 ,   4126 : 9.4708104657481e+00 +(7e-01,1e+01) | 1.80e+05 |  5:1.1e-03  2:7.6e+01
  166 ,   4151 : 9.4183393845906e+00 +(5e-01,5e+00) | 1.81e+05 |  5:9.6e-04  2:6.8e+01
  167 ,   4176 : 9.3847928706799e+00 +(4e-01,9e+00) | 1.86e+05 |  5:8.8e-04  2:6.4e+01
  168 ,   4201 : 9.4409257585154e+00 +(4e-01,4e+14) | 1.87e+05 |  5:7.8e-04  2:5.7e+01
  169 ,   4226 : 9.3979702132309e+00 +(1e+00,7e+14) | 1.89e+05 |  5:7.2e-04  2:5.3e+01
Iterat, #Fevals:   Function Value    (median,worst) |Axis Ratio|idx:Min SD idx:Max SD
  170 ,   4251 : 9.4142239468699e+00 +(3e-01,7e+14) | 1.92e+05 |  5:6.5e-04  2:4.8e+01
  171 ,   4276 : 9.3943380817169e+00 +(2e-01,1e+00) | 1.96e+05 |  5:6.1e-04  2:4.6e+01
  172 ,   4301 : 9.3853575504471e+00 +(1e-01,2e+14) | 2.07e+05 |  5:6.0e-04  2:4.7e+01
  173 ,   4326 : 9.3895458712470e+00 +(2e-01,9e+14) | 2.08e+05 |  5:5.7e-04  2:4.5e+01
  174 ,   4351 : 9.4016114682971e+00 +(1e-01,7e+14) | 2.07e+05 |  5:5.2e-04  2:4.0e+01
  175 ,   4376 : 9.3895092926406e+00 +(1e-01,1e+15) | 2.05e+05 |  5:4.9e-04  2:3.8e+01
  176 ,   4401 : 9.3934489967492e+00 +(1e-01,9e+14) | 2.04e+05 |  5:4.7e-04  2:3.6e+01
  177 ,   4426 : 9.3899757896390e+00 +(1e-01,8e+14) | 2.04e+05 |  5:4.7e-04  2:3.6e+01
  178 ,   4451 : 9.3923886402948e+00 +(1e-01,9e+11) | 2.07e+05 |  5:4.4e-04  2:3.4e+01
  179 ,   4476 : 9.3970432789932e+00 +(8e-02,5e+14) | 2.08e+05 |  5:4.1e-04  2:3.2e+01
Iterat, #Fevals:   Function Value    (median,worst) |Axis Ratio|idx:Min SD idx:Max SD
  180 ,   4501 : 9.1678856377116e+00 +(3e-01,4e+14) | 1.99e+05 |  5:4.4e-04  2:3.4e+01
  181 ,   4526 : 9.3806785902957e+00 +(6e-01,9e+14) | 1.97e+05 |  5:4.0e-04  2:3.1e+01
  182 ,   4551 : 9.3899230127072e+00 +(7e-02,6e+14) | 1.99e+05 |  5:3.8e-04  2:2.9e+01
  183 ,   4576 : 8.9531867010778e+00 +(5e-01,5e+14) | 1.97e+05 |  5:3.6e-04  2:2.9e+01
  184 ,   4601 : 9.0680046452636e+00 +(4e-01,7e+14) | 1.94e+05 |  5:3.5e-04  2:2.8e+01
  185 ,   4626 : 8.9257140361255e+00 +(5e-01,1e+14) | 2.03e+05 |  5:4.0e-04  2:3.3e+01
  186 ,   4651 : 8.9585184340278e+00 +(5e-01,6e+14) | 1.95e+05 |  5:4.9e-04  2:3.6e+01
  187 ,   4676 : 8.8108773280207e+00 +(8e-01,1e+13) | 1.86e+05 |  5:5.8e-04  2:3.8e+01
  188 ,   4701 : 9.0132103955927e+00 +(8e-01,5e+14) | 1.97e+05 |  5:5.5e-04  2:3.8e+01
  189 ,   4726 : 8.7540064628729e+00 +(1e+00,6e+13) | 1.89e+05 |  5:5.1e-04  2:3.4e+01
Iterat, #Fevals:   Function Value    (median,worst) |Axis Ratio|idx:Min SD idx:Max SD
  190 ,   4751 : 8.6287439475526e+00 +(8e-01,1e+14) | 1.97e+05 |  5:5.2e-04  2:3.7e+01
  191 ,   4776 : 8.5579455740103e+00 +(1e+00,2e+01) | 2.00e+05 |  5:4.9e-04  2:3.5e+01
  192 ,   4801 : 8.8474040913624e+00 +(7e-01,7e+00) | 2.05e+05 |  5:4.7e-04  2:3.2e+01
  193 ,   4826 : 8.6510671276056e+00 +(7e-01,1e+14) | 2.04e+05 |  5:4.3e-04  2:2.9e+01
  194 ,   4851 : 8.4794272520510e+00 +(6e-01,4e+00) | 2.16e+05 |  5:4.3e-04  2:3.0e+01
  195 ,   4876 : 8.5018314643590e+00 +(5e-01,3e+00) | 2.09e+05 |  5:4.4e-04  2:3.0e+01
  196 ,   4901 : 8.3210570272252e+00 +(5e-01,3e+00) | 2.11e+05 |  5:4.4e-04  2:3.2e+01
  197 ,   4926 : 8.3828940200394e+00 +(6e-01,1e+01) | 2.10e+05 |  5:4.0e-04  2:2.8e+01
  198 ,   4951 : 8.2957296633939e+00 +(4e-01,3e+00) | 1.97e+05 |  5:4.5e-04  2:3.2e+01
  199 ,   4976 : 8.2798272506636e+00 +(4e-01,4e+00) | 1.90e+05 |  5:5.0e-04  2:3.5e+01
Iterat, #Fevals:   Function Value    (median,worst) |Axis Ratio|idx:Min SD idx:Max SD
  200 ,   5001 : 8.2180431627234e+00 +(5e-01,3e+00) | 1.89e+05 |  5:5.5e-04  2:3.7e+01
  201 ,   5026 : 8.2168943671554e+00 +(6e-01,5e+00) | 1.83e+05 |  5:4.8e-04  2:3.1e+01
  202 ,   5051 : 8.1487724002993e+00 +(5e-01,5e+00) | 1.79e+05 |  5:4.6e-04  2:3.0e+01
  203 ,   5076 : 8.1311907086679e+00 +(4e-01,1e+00) | 1.78e+05 |  5:4.6e-04  2:3.1e+01
  204 ,   5101 : 8.0582943658638e+00 +(4e-01,4e+00) | 1.67e+05 |  5:5.1e-04  2:3.3e+01
  205 ,   5126 : 8.0789915216227e+00 +(6e-01,4e+00) | 1.64e+05 |  5:5.4e-04  2:3.5e+01
  206 ,   5151 : 8.0830123034528e+00 +(5e-01,5e+00) | 1.64e+05 |  5:5.8e-04  2:3.8e+01
  207 ,   5176 : 8.0763518147419e+00 +(4e-01,2e+00) | 1.64e+05 |  5:5.6e-04  2:3.7e+01
  208 ,   5201 : 8.0770730210092e+00 +(3e-01,2e+00) | 1.60e+05 |  5:5.7e-04  2:3.7e+01
  209 ,   5226 : 8.0969123763950e+00 +(4e-01,5e+00) | 1.62e+05 |  5:5.3e-04  2:3.4e+01
Iterat, #Fevals:   Function Value    (median,worst) |Axis Ratio|idx:Min SD idx:Max SD
  210 ,   5251 : 8.0745574429079e+00 +(2e-01,2e+14) | 1.60e+05 |  5:4.4e-04  2:2.8e+01
  211 ,   5276 : 8.0730604557483e+00 +(1e-01,1e+00) | 1.64e+05 |  5:3.9e-04  2:2.5e+01
  212 ,   5301 : 8.0454464286429e+00 +(2e-01,2e+00) | 1.69e+05 |  5:3.5e-04  2:2.2e+01
  213 ,   5326 : 8.0587963100616e+00 +(1e-01,8e-01) | 1.85e+05 |  5:3.9e-04  2:2.8e+01
  214 ,   5351 : 8.0720329853780e+00 +(1e-01,1e+00) | 1.92e+05 |  5:3.7e-04  2:2.7e+01
  215 ,   5376 : 8.0259188082671e+00 +(2e-01,7e-01) | 1.88e+05 |  5:3.6e-04  2:2.6e+01
  216 ,   5401 : 8.0293569300827e+00 +(1e-01,6e-01) | 1.86e+05 |  5:3.3e-04  2:2.4e+01
  217 ,   5426 : 8.0412867393140e+00 +(1e-01,7e-01) | 1.83e+05 |  5:3.3e-04  2:2.4e+01
  218 ,   5451 : 8.0586824901315e+00 +(1e-01,7e-01) | 1.87e+05 |  5:3.1e-04  2:2.3e+01
  219 ,   5476 : 8.0532755136481e+00 +(1e-01,2e+14) | 1.95e+05 |  5:3.0e-04  2:2.2e+01
Iterat, #Fevals:   Function Value    (median,worst) |Axis Ratio|idx:Min SD idx:Max SD
  220 ,   5501 : 8.0602617113761e+00 +(9e-02,5e-01) | 2.02e+05 |  5:2.9e-04  2:2.2e+01
  221 ,   5526 : 8.0576039993528e+00 +(7e-02,2e+14) | 2.10e+05 |  5:3.1e-04  2:2.4e+01
  222 ,   5551 : 8.0227253026055e+00 +(6e-02,4e+14) | 2.08e+05 |  5:2.9e-04  2:2.3e+01
  223 ,   5576 : 8.0685598528153e+00 +(1e-01,2e+14) | 2.13e+05 |  5:2.4e-04  2:1.9e+01
  224 ,   5601 : 8.0426030071902e+00 +(7e-02,3e+14) | 2.12e+05 |  5:2.3e-04  2:1.8e+01
  225 ,   5626 : 8.0405526379018e+00 +(2e-01,4e+14) | 2.09e+05 |  5:2.3e-04  2:1.8e+01
  226 ,   5651 : 8.0076483763587e+00 +(9e-02,5e-01) | 2.05e+05 |  5:2.2e-04  2:1.6e+01
  227 ,   5676 : 8.0068929267450e+00 +(9e-02,7e+13) | 2.08e+05 |  5:2.5e-04  2:1.8e+01
  228 ,   5701 : 8.0084746856670e+00 +(7e-02,1e+14) | 2.00e+05 |  5:2.8e-04  2:1.9e+01
  229 ,   5726 : 7.9396151660364e+00 +(2e-01,2e+14) | 1.95e+05 |  5:3.6e-04  2:2.4e+01
Iterat, #Fevals:   Function Value    (median,worst) |Axis Ratio|idx:Min SD idx:Max SD
  230 ,   5751 : 7.9748350109084e+00 +(3e-01,2e+14) | 1.85e+05 |  5:4.6e-04  2:2.7e+01
  231 ,   5776 : 7.9317133267867e+00 +(3e-01,2e+14) | 1.83e+05 |  5:4.5e-04  2:2.6e+01
  232 ,   5801 : 7.8478861813216e+00 +(2e-01,7e+13) | 1.83e+05 |  5:5.2e-04  2:2.7e+01
  233 ,   5826 : 7.8537637269930e+00 +(2e-01,4e+00) | 1.83e+05 |  5:5.1e-04  2:2.6e+01
  234 ,   5851 : 7.8313693972647e+00 +(4e-01,4e+13) | 1.77e+05 |  5:5.0e-04  2:2.4e+01
  235 ,   5876 : 7.8602482265039e+00 +(4e-01,1e+14) | 1.79e+05 |  5:4.7e-04  2:2.3e+01
  236 ,   5901 : 7.8369566457945e+00 +(2e-01,2e+13) | 1.79e+05 |  5:5.6e-04  2:2.5e+01
  237 ,   5926 : 7.8180985865092e+00 +(3e-01,4e+00) | 1.85e+05 |  5:6.3e-04  2:3.0e+01
  238 ,   5951 : 7.8195733325702e+00 +(2e-01,7e+00) | 1.84e+05 |  5:5.8e-04  2:2.8e+01
  239 ,   5976 : 7.8169557478027e+00 +(3e-01,1e+01) | 1.83e+05 |  5:5.1e-04  2:2.4e+01
Iterat, #Fevals:   Function Value    (median,worst) |Axis Ratio|idx:Min SD idx:Max SD
  240 ,   6001 : 7.7689812823436e+00 +(2e-01,6e+00) | 1.78e+05 |  5:5.1e-04  2:2.3e+01
  241 ,   6026 : 7.8090338206632e+00 +(3e-01,4e+13) | 1.81e+05 |  5:5.1e-04  2:2.4e+01
  242 ,   6051 : 7.7985789862531e+00 +(3e-01,4e+13) | 1.78e+05 |  5:5.2e-04  2:2.5e+01
  243 ,   6076 : 7.7724206468369e+00 +(2e-01,6e+13) | 1.83e+05 |  5:5.0e-04  2:2.4e+01
  244 ,   6101 : 7.7638606692123e+00 +(2e-01,4e+13) | 1.90e+05 |  5:5.2e-04  2:2.6e+01
  245 ,   6126 : 7.7874137643194e+00 +(4e-01,3e+13) | 1.88e+05 |  5:5.6e-04  2:2.8e+01
  246 ,   6151 : 7.8024387614107e+00 +(1e-01,3e+13) | 1.86e+05 |  5:5.5e-04  2:2.6e+01
  247 ,   6176 : 7.7697951711120e+00 +(4e-01,4e+13) | 1.86e+05 |  5:5.0e-04  2:2.4e+01
  248 ,   6201 : 7.7713116613036e+00 +(2e-01,5e+13) | 1.90e+05 |  5:4.2e-04  2:2.1e+01
  249 ,   6226 : 7.7685806183069e+00 +(2e-01,6e-01) | 1.85e+05 |  5:3.7e-04  2:1.8e+01
Iterat, #Fevals:   Function Value    (median,worst) |Axis Ratio|idx:Min SD idx:Max SD
  250 ,   6251 : 7.7459685499490e+00 +(9e-02,1e+13) | 1.88e+05 |  5:3.5e-04  2:1.7e+01
  251 ,   6276 : 7.7409615193729e+00 +(9e-02,7e+12) | 1.82e+05 |  5:3.5e-04  2:1.7e+01
  252 ,   6301 : 7.7298610413940e+00 +(1e-01,2e+00) | 1.83e+05 |  5:3.6e-04  2:1.8e+01
  253 ,   6326 : 7.7433684162545e+00 +(1e-01,1e+13) | 1.82e+05 |  5:3.4e-04  2:1.7e+01
  254 ,   6351 : 7.7456572524281e+00 +(1e-01,2e+13) | 1.84e+05 |  5:3.2e-04  2:1.6e+01
  255 ,   6376 : 7.7488457363120e+00 +(2e-01,2e+13) | 1.80e+05 |  5:3.0e-04  2:1.5e+01
  256 ,   6401 : 7.7284249826216e+00 +(1e-01,2e+13) | 1.80e+05 |  5:3.4e-04  2:1.6e+01
  257 ,   6426 : 7.7348869915371e+00 +(1e-01,7e+12) | 1.79e+05 |  5:3.2e-04  2:1.5e+01
  258 ,   6451 : 7.7497626882532e+00 +(1e-01,4e+12) | 1.73e+05 |  5:2.8e-04  2:1.4e+01
  259 ,   6476 : 7.7227386043431e+00 +(9e-02,1e+13) | 1.72e+05 |  5:2.6e-04  2:1.2e+01
Iterat, #Fevals:   Function Value    (median,worst) |Axis Ratio|idx:Min SD idx:Max SD
  260 ,   6501 : 7.7204167838627e+00 +(7e-02,1e+13) | 1.62e+05 |  5:2.8e-04  2:1.2e+01
  261 ,   6526 : 7.7263930845883e+00 +(9e-02,1e+13) | 1.62e+05 |  5:2.6e-04  2:1.1e+01
  262 ,   6551 : 7.7228370522325e+00 +(5e-02,9e-01) | 1.64e+05 |  5:2.4e-04  2:1.0e+01
  263 ,   6576 : 7.7136094371592e+00 +(4e-02,7e-01) | 1.63e+05 |  5:2.2e-04  2:9.4e+00
  264 ,   6601 : 7.6902944154586e+00 +(4e-02,5e-01) | 1.65e+05 |  5:2.2e-04  2:9.7e+00
  265 ,   6626 : 7.6653270710836e+00 +(6e-02,8e-01) | 1.66e+05 |  5:2.9e-04  2:1.2e+01
  266 ,   6651 : 7.6668839625920e+00 +(9e-02,1e+13) | 1.68e+05 |  5:3.4e-04  2:1.3e+01
  267 ,   6676 : 7.6738782494959e+00 +(1e-01,7e+12) | 1.70e+05 |  5:4.2e-04  2:1.7e+01
  268 ,   6701 : 7.6372368183165e+00 +(2e-01,3e+12) | 1.71e+05 |  5:5.1e-04  2:2.1e+01
  269 ,   6726 : 7.6539309039144e+00 +(5e-01,1e+13) | 1.81e+05 |  5:5.7e-04  2:2.4e+01
Iterat, #Fevals:   Function Value    (median,worst) |Axis Ratio|idx:Min SD idx:Max SD
  270 ,   6751 : 7.6302258907835e+00 +(2e-01,2e+00) | 1.76e+05 |  5:6.4e-04  2:2.8e+01
  271 ,   6776 : 7.6089816520892e+00 +(2e+00,3e+13) | 1.75e+05 |  5:6.7e-04  2:2.8e+01
  272 ,   6801 : 7.6715586659190e+00 +(1e-01,1e+13) | 1.64e+05 |  5:7.8e-04  2:2.9e+01
  273 ,   6826 : 7.5559991670615e+00 +(5e-01,3e+12) | 1.62e+05 |  5:9.0e-04  2:3.0e+01
  274 ,   6851 : 7.6306466137830e+00 +(7e-01,5e+12) | 1.51e+05 |  5:9.3e-04  2:3.0e+01
  275 ,   6876 : 7.6330000812096e+00 +(7e-01,8e+12) | 1.49e+05 |  5:9.1e-04  2:2.9e+01
  276 ,   6901 : 7.6164161599521e+00 +(7e-01,9e+12) | 1.49e+05 |  5:7.8e-04  2:2.5e+01
  277 ,   6926 : 7.5513629552649e+00 +(4e-01,1e+13) | 1.54e+05 |  5:6.6e-04  2:2.2e+01
  278 ,   6951 : 7.5279239632843e+00 +(3e-01,2e+00) | 1.59e+05 |  5:6.6e-04  2:2.2e+01
  279 ,   6976 : 7.5690542475264e+00 +(2e-01,3e+12) | 1.67e+05 |  5:6.2e-04  2:2.1e+01
Iterat, #Fevals:   Function Value    (median,worst) |Axis Ratio|idx:Min SD idx:Max SD
  280 ,   7001 : 7.5390024234948e+00 +(2e-01,2e+00) | 1.72e+05 |  5:5.6e-04  2:2.0e+01
  281 ,   7026 : 7.4850950145899e+00 +(2e-01,3e+00) | 1.66e+05 |  5:6.1e-04  2:2.0e+01
  282 ,   7051 : 7.5111897747798e+00 +(2e-01,5e+12) | 1.64e+05 |  5:6.0e-04  2:1.9e+01
  283 ,   7076 : 7.4781983804230e+00 +(2e-01,9e+11) | 1.66e+05 |  5:5.8e-04  2:1.9e+01
  284 ,   7101 : 7.4752970374900e+00 +(2e-01,9e-01) | 1.82e+05 |  5:5.7e-04  2:2.1e+01
  285 ,   7126 : 7.4772137184125e+00 +(3e-01,6e+12) | 1.84e+05 |  5:6.3e-04  2:2.3e+01
  286 ,   7151 : 7.4410608992336e+00 +(1e-01,5e+12) | 1.85e+05 |  5:6.6e-04  2:2.3e+01
  287 ,   7176 : 7.4507369901897e+00 +(3e-01,3e+12) | 1.88e+05 |  5:6.1e-04  2:2.1e+01
  288 ,   7201 : 7.4559561707687e+00 +(1e-01,3e+12) | 1.89e+05 |  5:5.4e-04  2:1.9e+01
  289 ,   7226 : 7.4657702018274e+00 +(2e-01,2e+12) | 1.92e+05 |  5:5.5e-04  2:1.9e+01
Iterat, #Fevals:   Function Value    (median,worst) |Axis Ratio|idx:Min SD idx:Max SD
  290 ,   7251 : 7.4270390001423e+00 +(8e-02,1e+00) | 1.85e+05 |  5:5.4e-04  2:1.9e+01
  291 ,   7276 : 7.4287455041469e+00 +(1e-01,2e+12) | 1.95e+05 |  5:6.4e-04  2:2.2e+01
  292 ,   7301 : 7.3774904636792e+00 +(2e-01,6e+12) | 1.95e+05 |  5:6.9e-04  2:2.4e+01
  293 ,   7326 : 7.4227842255209e+00 +(1e-01,4e+12) | 1.90e+05 |  5:7.0e-04  2:2.4e+01
  294 ,   7351 : 7.3976216973768e+00 +(5e-01,5e+12) | 1.93e+05 |  5:6.8e-04  2:2.3e+01
  295 ,   7376 : 7.4121901744876e+00 +(2e-01,4e+12) | 1.90e+05 |  5:6.7e-04  2:2.1e+01
  296 ,   7401 : 7.3955350482584e+00 +(1e-01,1e+12) | 1.92e+05 |  5:5.6e-04  2:1.8e+01
  297 ,   7426 : 7.3864395270590e+00 +(1e-01,2e+00) | 1.96e+05 |  5:5.1e-04  2:1.7e+01
  298 ,   7451 : 7.3774260202857e+00 +(1e-01,4e+12) | 1.86e+05 |  5:4.7e-04  2:1.5e+01
  299 ,   7476 : 7.3740509922352e+00 +(7e-02,3e-01) | 1.77e+05 |  5:5.0e-04  2:1.5e+01
Iterat, #Fevals:   Function Value    (median,worst) |Axis Ratio|idx:Min SD idx:Max SD
  300 ,   7501 : 7.3727393987579e+00 +(1e-01,2e+12) | 1.71e+05 |  5:5.2e-04  2:1.6e+01
  301 ,   7526 : 7.3745653444462e+00 +(8e-02,1e+11) | 1.69e+05 |  5:5.4e-04  2:1.6e+01
  302 ,   7551 : 7.3872841133182e+00 +(2e-01,2e+11) | 1.72e+05 |  5:5.3e-04  2:1.6e+01
  303 ,   7576 : 7.3872000111245e+00 +(6e-02,5e-01) | 1.70e+05 |  5:5.2e-04  2:1.6e+01
  304 ,   7601 : 7.3762422316572e+00 +(7e-02,1e+00) | 1.65e+05 |  5:4.8e-04  2:1.4e+01
  305 ,   7626 : 7.3779713173609e+00 +(5e-02,6e+11) | 1.67e+05 |  5:4.7e-04  2:1.4e+01
  306 ,   7651 : 7.3741100839833e+00 +(5e-02,1e+00) | 1.70e+05 |  5:4.7e-04  2:1.4e+01
  307 ,   7676 : 7.3759887440870e+00 +(8e-02,4e+11) | 1.68e+05 |  5:4.1e-04  2:1.3e+01
  308 ,   7701 : 7.3704363480477e+00 +(4e-02,3e-01) | 1.69e+05 |  5:3.5e-04  2:1.1e+01
  309 ,   7726 : 7.3761336804826e+00 +(3e-02,7e-01) | 1.61e+05 |  5:3.3e-04  2:9.9e+00
Iterat, #Fevals:   Function Value    (median,worst) |Axis Ratio|idx:Min SD idx:Max SD
  310 ,   7751 : 7.3733382365864e+00 +(4e-02,2e-01) | 1.62e+05 |  5:3.0e-04  2:9.1e+00
  311 ,   7776 : 7.3690471622818e+00 +(2e-02,6e-01) | 1.55e+05 |  5:2.7e-04  2:8.1e+00
  312 ,   7801 : 7.3694488581593e+00 +(2e-02,9e-01) | 1.57e+05 |  5:2.8e-04  2:8.4e+00
  313 ,   7826 : 7.3726144989252e+00 +(3e-02,1e+12) | 1.61e+05 |  5:2.5e-04  2:7.7e+00
  314 ,   7851 : 7.3689007072192e+00 +(2e-02,8e-02) | 1.75e+05 |  5:2.9e-04  2:9.3e+00
  315 ,   7876 : 7.3719263490950e+00 +(3e-02,2e+12) | 1.75e+05 |  5:2.8e-04  2:9.0e+00
  316 ,   7901 : 7.3701510709036e+00 +(5e-02,1e+12) | 1.80e+05 |  5:2.7e-04  2:8.9e+00
  317 ,   7926 : 7.3657443849139e+00 +(2e-02,3e+11) | 1.81e+05 |  5:2.4e-04  2:7.8e+00
  318 ,   7951 : 7.3746165711326e+00 +(1e-02,5e+10) | 1.91e+05 |  5:2.5e-04  2:8.9e+00
  319 ,   7976 : 7.3719134581026e+00 +(2e-02,9e+11) | 1.95e+05 |  5:2.6e-04  2:9.1e+00
Iterat, #Fevals:   Function Value    (median,worst) |Axis Ratio|idx:Min SD idx:Max SD
  320 ,   8001 : 7.3735796352302e+00 +(3e-02,3e+12) | 1.97e+05 |  5:2.5e-04  2:8.6e+00
  321 ,   8026 : 7.3698922641983e+00 +(1e-02,1e+12) | 2.02e+05 |  5:2.5e-04  2:8.4e+00
  322 ,   8051 : 7.3692816891927e+00 +(3e-02,2e+12) | 2.03e+05 |  5:2.2e-04  2:7.5e+00
  323 ,   8076 : 7.3711979635924e+00 +(1e-02,3e+08) | 1.99e+05 |  5:2.0e-04  2:6.8e+00
  324 ,   8101 : 7.3691580645113e+00 +(1e-02,5e-02) | 2.05e+05 |  5:1.8e-04  2:6.4e+00
  325 ,   8126 : 7.3685003648773e+00 +(8e-03,2e+11) | 1.97e+05 |  5:1.9e-04  2:6.9e+00
  326 ,   8151 : 7.3712915855429e+00 +(1e-02,2e+12) | 1.96e+05 |  5:1.8e-04  2:6.6e+00
  327 ,   8176 : 7.3733195289505e+00 +(1e-02,4e+11) | 1.91e+05 |  5:1.6e-04  2:6.0e+00
  328 ,   8201 : 7.3678684864511e+00 +(1e-02,2e+12) | 1.91e+05 |  5:1.4e-04  2:5.0e+00
  329 ,   8226 : 7.3679368828598e+00 +(1e-02,6e+11) | 1.92e+05 |  5:1.3e-04  2:4.8e+00
Iterat, #Fevals:   Function Value    (median,worst) |Axis Ratio|idx:Min SD idx:Max SD
  330 ,   8251 : 7.3706381385705e+00 +(4e-03,9e+11) | 1.90e+05 |  5:1.2e-04  2:4.5e+00
  331 ,   8276 : 7.3649316315563e+00 +(1e-02,2e+12) | 1.89e+05 |  5:1.2e-04  2:4.2e+00
  332 ,   8301 : 7.3699678532716e+00 +(6e-03,5e+11) | 1.88e+05 |  5:1.1e-04  2:3.8e+00
  333 ,   8326 : 7.3680889390254e+00 +(6e-03,7e+11) | 1.86e+05 |  5:9.5e-05  2:3.3e+00
  334 ,   8351 : 7.3681104605511e+00 +(7e-03,3e+11) | 1.86e+05 |  5:8.4e-05  2:2.9e+00
  335 ,   8376 : 7.3671881624769e+00 +(6e-03,1e-02) | 1.87e+05 |  5:7.8e-05  2:2.7e+00
  336 ,   8401 : 7.3682213221424e+00 +(5e-03,1e-02) | 1.82e+05 |  5:8.0e-05  2:2.8e+00
  337 ,   8426 : 7.3697063069910e+00 +(4e-03,2e-02) | 1.81e+05 |  5:8.2e-05  2:2.8e+00
  338 ,   8451 : 7.3678260266098e+00 +(5e-03,1e-02) | 1.86e+05 |  5:7.7e-05  2:2.6e+00
  339 ,   8476 : 7.3688961690488e+00 +(4e-03,1e-02) | 1.82e+05 |  5:7.7e-05  2:2.6e+00
Iterat, #Fevals:   Function Value    (median,worst) |Axis Ratio|idx:Min SD idx:Max SD
  340 ,   8501 : 7.3684667219692e+00 +(5e-03,1e-02) | 1.93e+05 |  5:8.0e-05  2:2.8e+00
  341 ,   8526 : 7.3694020318006e+00 +(4e-03,4e+11) | 1.95e+05 |  5:8.2e-05  2:2.8e+00
  342 ,   8551 : 7.3655642578145e+00 +(7e-03,1e-02) | 1.97e+05 |  5:9.0e-05  2:3.0e+00
  343 ,   8576 : 7.3667310564282e+00 +(7e-03,2e+11) | 1.92e+05 |  5:1.0e-04  2:3.3e+00
  344 ,   8601 : 7.3697587267733e+00 +(4e-03,3e+11) | 1.91e+05 |  5:1.0e-04  2:3.3e+00
  345 ,   8626 : 7.3689346503388e+00 +(5e-03,2e+10) | 1.90e+05 |  5:1.2e-04  2:3.8e+00
  346 ,   8651 : 7.3673265469630e+00 +(9e-03,4e+11) | 1.96e+05 |  5:1.2e-04  2:3.9e+00
  347 ,   8676 : 7.3689427446344e+00 +(4e-03,3e+11) | 2.02e+05 |  5:1.2e-04  2:3.8e+00
  348 ,   8701 : 7.3691858639398e+00 +(6e-03,1e+12) | 2.02e+05 |  5:1.0e-04  2:3.3e+00
  349 ,   8726 : 7.3658167511901e+00 +(8e-03,3e+11) | 2.01e+05 |  5:8.9e-05  2:2.9e+00
Iterat, #Fevals:   Function Value    (median,worst) |Axis Ratio|idx:Min SD idx:Max SD
  350 ,   8751 : 7.3668788610930e+00 +(6e-03,2e-02) | 2.02e+05 |  5:8.3e-05  2:2.8e+00
  351 ,   8776 : 7.3710437412044e+00 +(8e-03,3e+11) | 2.00e+05 |  5:8.6e-05  2:2.9e+00
  352 ,   8801 : 7.3691614932351e+00 +(6e-03,4e+11) | 1.92e+05 |  5:8.1e-05  2:2.7e+00
  353 ,   8826 : 7.3674338991422e+00 +(7e-03,3e+11) | 1.88e+05 |  5:8.1e-05  2:2.6e+00
  354 ,   8851 : 7.3681368786717e+00 +(7e-03,5e+11) | 1.92e+05 |  5:7.8e-05  2:2.5e+00
  355 ,   8876 : 7.3671013912238e+00 +(5e-03,1e-02) | 1.95e+05 |  5:6.8e-05  2:2.2e+00
  356 ,   8901 : 7.3655162038463e+00 +(7e-03,6e+10) | 2.04e+05 |  5:7.6e-05  2:2.4e+00
  357 ,   8926 : 7.3659842839404e+00 +(6e-03,4e-02) | 2.01e+05 |  5:7.5e-05  2:2.3e+00
  358 ,   8951 : 7.3696773180373e+00 +(3e-03,2e+11) | 1.97e+05 |  5:7.0e-05  2:2.1e+00
  359 ,   8976 : 7.3651989359848e+00 +(9e-03,8e+10) | 1.97e+05 |  5:6.2e-05  2:1.9e+00
Iterat, #Fevals:   Function Value    (median,worst) |Axis Ratio|idx:Min SD idx:Max SD
  360 ,   9001 : 7.3685760248477e+00 +(3e-03,9e-03) | 1.92e+05 |  5:6.2e-05  2:1.8e+00
  361 ,   9026 : 7.3695126710021e+00 +(4e-03,3e+11) | 1.90e+05 |  5:5.7e-05  2:1.6e+00
  362 ,   9051 : 7.3683743156236e+00 +(3e-03,9e-03) | 1.91e+05 |  5:5.0e-05  2:1.4e+00
  363 ,   9076 : 7.3678845401976e+00 +(3e-03,1e-02) | 1.92e+05 |  5:5.2e-05  2:1.4e+00
  364 ,   9101 : 7.3644901179900e+00 +(7e-03,2e-02) | 1.90e+05 |  5:5.3e-05  2:1.4e+00
  365 ,   9126 : 7.3688103414749e+00 +(3e-03,2e-02) | 1.86e+05 |  5:4.8e-05  2:1.2e+00
  366 ,   9151 : 7.3693319469561e+00 +(2e-03,9e-03) | 1.91e+05 |  5:4.7e-05  2:1.2e+00
  367 ,   9176 : 7.3637194773697e+00 +(8e-03,2e-02) | 1.89e+05 |  5:4.2e-05  2:1.1e+00
  368 ,   9201 : 7.3601706429544e+00 +(1e-02,6e+10) | 1.94e+05 |  5:4.0e-05  2:1.0e+00
  369 ,   9226 : 7.3647388255984e+00 +(6e-03,1e-02) | 1.96e+05 |  5:4.0e-05  2:1.0e+00
Iterat, #Fevals:   Function Value    (median,worst) |Axis Ratio|idx:Min SD idx:Max SD
  370 ,   9251 : 7.3675839585480e+00 +(5e-03,9e-03) | 2.00e+05 |  5:4.1e-05  2:1.1e+00
  371 ,   9276 : 7.3668579799409e+00 +(4e-03,7e-03) | 1.93e+05 |  5:4.0e-05  2:1.1e+00
  372 ,   9301 : 7.3677109440378e+00 +(4e-03,1e+10) | 1.85e+05 |  5:3.6e-05  2:9.7e-01
  373 ,   9326 : 7.3695461767970e+00 +(2e-03,8e-03) | 2.04e+05 |  5:3.7e-05  2:1.1e+00
  374 ,   9351 : 7.3651363901289e+00 +(6e-03,1e-02) | 2.01e+05 |  5:4.4e-05  2:1.2e+00
  375 ,   9376 : 7.3693678795896e+00 +(3e-03,8e-03) | 2.04e+05 |  5:4.3e-05  2:1.1e+00
  376 ,   9401 : 7.3637966165110e+00 +(8e-03,2e-02) | 2.12e+05 |  5:4.8e-05  2:1.2e+00
  377 ,   9426 : 7.3657793806815e+00 +(5e-03,9e-03) | 2.11e+05 |  5:4.3e-05  2:1.1e+00
  378 ,   9451 : 7.3682636320273e+00 +(3e-03,1e-02) | 2.10e+05 |  5:5.2e-05  2:1.3e+00
  379 ,   9476 : 7.3695689213459e+00 +(2e-03,1e+10) | 2.00e+05 |  5:4.9e-05  2:1.2e+00
Iterat, #Fevals:   Function Value    (median,worst) |Axis Ratio|idx:Min SD idx:Max SD
  380 ,   9501 : 7.3687794632708e+00 +(3e-03,1e+11) | 1.95e+05 |  5:4.6e-05  2:1.1e+00
  381 ,   9526 : 7.3651559398771e+00 +(6e-03,3e-02) | 1.98e+05 |  5:5.1e-05  2:1.2e+00
  382 ,   9551 : 7.3699706407712e+00 +(3e-03,1e+11) | 1.96e+05 |  5:5.4e-05  2:1.3e+00
  383 ,   9576 : 7.3681297759901e+00 +(3e-03,1e-02) | 1.95e+05 |  5:5.4e-05  2:1.3e+00
  384 ,   9601 : 7.3689749747989e+00 +(4e-03,1e+10) | 1.94e+05 |  5:5.0e-05  2:1.2e+00
  385 ,   9626 : 7.3658078596884e+00 +(6e-03,3e+11) | 1.94e+05 |  5:4.1e-05  2:9.5e-01
  386 ,   9651 : 7.3683192900713e+00 +(3e-03,1e+11) | 1.86e+05 |  5:3.7e-05  2:8.2e-01
  387 ,   9676 : 7.3658208882182e+00 +(6e-03,1e+09) | 1.80e+05 |  5:3.3e-05  2:7.1e-01
  388 ,   9701 : 7.3620329689110e+00 +(9e-03,1e-02) | 1.80e+05 |  5:3.1e-05  2:6.5e-01
  389 ,   9726 : 7.3658489070916e+00 +(5e-03,1e-02) | 1.84e+05 |  5:2.9e-05  2:6.1e-01
Iterat, #Fevals:   Function Value    (median,worst) |Axis Ratio|idx:Min SD idx:Max SD
  390 ,   9751 : 7.3676972202234e+00 +(3e-03,1e-02) | 1.88e+05 |  5:2.8e-05  2:6.2e-01
  391 ,   9776 : 7.3653319660059e+00 +(6e-03,1e-02) | 1.87e+05 |  5:2.7e-05  2:5.9e-01
  392 ,   9801 : 7.3647058719404e+00 +(7e-03,2e-02) | 1.89e+05 |  5:2.8e-05  2:6.1e-01
  393 ,   9826 : 7.3680193002155e+00 +(3e-03,9e-03) | 1.92e+05 |  5:2.9e-05  2:6.4e-01
  394 ,   9851 : 7.3634867943586e+00 +(7e-03,1e-02) | 1.95e+05 |  5:3.2e-05  2:7.2e-01
  395 ,   9876 : 7.3647716388285e+00 +(6e-03,1e-02) | 1.98e+05 |  5:2.9e-05  2:6.6e-01
  396 ,   9901 : 7.3651669654714e+00 +(6e-03,1e-02) | 2.01e+05 |  5:2.9e-05  2:6.6e-01
  397 ,   9926 : 7.3680647773256e+00 +(4e-03,9e-03) | 1.81e+05 |  5:2.9e-05  2:6.9e-01
  398 ,   9951 : 7.3666861746915e+00 +(4e-03,1e-02) | 1.76e+05 |  5:2.8e-05  2:6.5e-01
  399 ,   9976 : 7.3657461176806e+00 +(5e-03,1e-02) | 1.78e+05 |  5:3.1e-05  2:7.0e-01
Iterat, #Fevals:   Function Value    (median,worst) |Axis Ratio|idx:Min SD idx:Max SD
  400 ,  10001 : 7.3654690331310e+00 +(6e-03,1e-02) | 1.83e+05 |  5:3.3e-05  2:7.3e-01
  401 ,  10026 : 7.3683344595924e+00 +(3e-03,8e-03) | 1.81e+05 |  5:3.5e-05  2:7.4e-01
  402 ,  10051 : 7.3637447976892e+00 +(7e-03,1e-02) | 1.83e+05 |  5:3.2e-05  2:6.6e-01
  403 ,  10076 : 7.3679658070027e+00 +(3e-03,9e-03) | 1.85e+05 |  5:3.1e-05  2:6.6e-01
  404 ,  10101 : 7.3692462021336e+00 +(2e-03,7e-03) | 1.92e+05 |  5:3.0e-05  2:6.7e-01
  405 ,  10126 : 7.3683545936672e+00 +(3e-03,9e-03) | 2.01e+05 |  5:3.2e-05  2:7.3e-01
  406 ,  10151 : 7.3672068414991e+00 +(5e-03,8e-03) | 2.01e+05 |  5:3.2e-05  2:6.9e-01
  407 ,  10176 : 7.3664587059807e+00 +(5e-03,1e-02) | 2.01e+05 |  5:3.0e-05  2:6.3e-01
  408 ,  10201 : 7.3649029852164e+00 +(6e-03,1e-02) | 1.92e+05 |  5:2.7e-05  2:5.5e-01
  409 ,  10226 : 7.3677171216393e+00 +(4e-03,1e-02) | 1.98e+05 |  5:2.6e-05  2:5.4e-01
Iterat, #Fevals:   Function Value    (median,worst) |Axis Ratio|idx:Min SD idx:Max SD
  410 ,  10251 : 7.3627661541063e+00 +(9e-03,1e-02) | 1.96e+05 |  5:2.9e-05  2:5.7e-01
  411 ,  10276 : 7.3662390747589e+00 +(5e-03,1e-02) | 2.10e+05 |  5:2.5e-05  2:5.5e-01
  412 ,  10301 : 7.3652850667280e+00 +(5e-03,1e-02) | 2.02e+05 |  5:2.2e-05  2:4.8e-01
  413 ,  10326 : 7.3660493219587e+00 +(5e-03,1e-02) | 1.92e+05 |  5:2.4e-05  2:5.2e-01
  414 ,  10351 : 7.3689501794937e+00 +(3e-03,1e-02) | 1.94e+05 |  5:2.4e-05  2:5.3e-01
  415 ,  10376 : 7.3637075545155e+00 +(8e-03,1e-02) | 2.00e+05 |  5:2.4e-05  2:5.4e-01
  416 ,  10401 : 7.3686779415233e+00 +(2e-03,1e-02) | 1.94e+05 |  5:2.3e-05  2:5.1e-01
  417 ,  10426 : 7.3641473134245e+00 +(7e-03,1e-02) | 2.04e+05 |  5:2.1e-05  2:4.9e-01
  418 ,  10451 : 7.3658213037302e+00 +(5e-03,1e-02) | 2.09e+05 |  5:2.0e-05  2:4.8e-01
  419 ,  10476 : 7.3637394570898e+00 +(7e-03,1e-02) | 2.10e+05 |  5:2.0e-05  2:4.6e-01
Iterat, #Fevals:   Function Value    (median,worst) |Axis Ratio|idx:Min SD idx:Max SD
  420 ,  10501 : 7.3651117596078e+00 +(6e-03,1e-02) | 2.09e+05 |  5:2.0e-05  2:4.3e-01
  421 ,  10526 : 7.3684267300261e+00 +(3e-03,8e-03) | 2.17e+05 |  5:1.9e-05  2:4.2e-01
  422 ,  10551 : 7.3650388215261e+00 +(8e-03,1e-02) | 2.17e+05 |  5:1.8e-05  2:4.0e-01
  423 ,  10576 : 7.3639331282472e+00 +(7e-03,1e-02) | 2.03e+05 |  5:2.0e-05  2:4.0e-01
  424 ,  10601 : 7.3671224394315e+00 +(4e-03,8e-03) | 2.03e+05 |  5:2.1e-05  2:4.5e-01
  425 ,  10626 : 7.3653570798501e+00 +(5e-03,8e-03) | 2.03e+05 |  5:2.2e-05  2:4.5e-01
  426 ,  10651 : 7.3654503006137e+00 +(6e-03,1e-02) | 2.02e+05 |  5:2.2e-05  2:4.2e-01
  427 ,  10676 : 7.3624563426705e+00 +(9e-03,1e-02) | 2.04e+05 |  5:2.2e-05  2:4.2e-01
  428 ,  10701 : 7.3650721562749e+00 +(6e-03,1e-02) | 2.00e+05 |  5:2.3e-05  2:4.3e-01
  429 ,  10726 : 7.3677240895798e+00 +(3e-03,9e-03) | 2.02e+05 |  5:2.0e-05  2:3.9e-01
Iterat, #Fevals:   Function Value    (median,worst) |Axis Ratio|idx:Min SD idx:Max SD
  430 ,  10751 : 7.3640651482481e+00 +(7e-03,1e-02) | 2.01e+05 |  5:1.9e-05  2:3.7e-01
  431 ,  10776 : 7.3655268758835e+00 +(6e-03,1e-02) | 1.99e+05 |  5:2.1e-05  2:4.0e-01
  432 ,  10801 : 7.3655235392720e+00 +(5e-03,1e-02) | 2.06e+05 |  5:1.9e-05  2:3.7e-01
  433 ,  10826 : 7.3638068519919e+00 +(7e-03,1e-02) | 2.05e+05 |  5:1.8e-05  2:3.5e-01
  434 ,  10851 : 7.3692396970242e+00 +(2e-03,7e-03) | 2.10e+05 |  5:1.7e-05  2:3.3e-01
  435 ,  10876 : 7.3656939449059e+00 +(5e-03,1e-02) | 2.10e+05 |  5:1.5e-05  2:2.9e-01
  436 ,  10901 : 7.3680308026626e+00 +(3e-03,1e-02) | 2.16e+05 |  5:1.4e-05  2:2.8e-01
  437 ,  10926 : 7.3644996340052e+00 +(6e-03,1e-02) | 2.25e+05 |  5:1.3e-05  2:2.6e-01
  438 ,  10951 : 7.3669685484914e+00 +(4e-03,1e-02) | 2.38e+05 |  5:1.5e-05  2:3.1e-01
  439 ,  10976 : 7.3658619836330e+00 +(5e-03,1e-02) | 2.54e+05 |  5:1.5e-05  2:3.5e-01
Iterat, #Fevals:   Function Value    (median,worst) |Axis Ratio|idx:Min SD idx:Max SD
  440 ,  11001 : 7.3689498731898e+00 +(2e-03,9e-03) | 2.53e+05 |  5:1.7e-05  2:3.7e-01
  441 ,  11026 : 7.3686710191698e+00 +(2e-03,9e-03) | 2.55e+05 |  5:1.5e-05  2:3.4e-01
  442 ,  11051 : 7.3666458998676e+00 +(5e-03,1e-02) | 2.62e+05 |  5:1.5e-05  2:3.4e-01
  443 ,  11076 : 7.3668470661599e+00 +(4e-03,1e-02) | 2.56e+05 |  5:1.6e-05  2:3.5e-01
  444 ,  11101 : 7.3651330701377e+00 +(7e-03,1e-02) | 2.57e+05 |  5:1.6e-05  2:3.5e-01
  445 ,  11126 : 7.3662177605194e+00 +(5e-03,1e-02) | 2.58e+05 |  5:1.6e-05  2:3.5e-01
  446 ,  11151 : 7.3653240846798e+00 +(6e-03,1e-02) | 2.54e+05 |  5:1.8e-05  2:3.8e-01
  447 ,  11176 : 7.3629790573452e+00 +(8e-03,1e-02) | 2.65e+05 |  5:1.8e-05  2:3.8e-01
  448 ,  11201 : 7.3682672113609e+00 +(4e-03,9e-03) | 2.81e+05 |  5:2.1e-05  2:4.7e-01
  449 ,  11226 : 7.3641472024695e+00 +(7e-03,1e-02) | 2.74e+05 |  5:2.0e-05  2:4.7e-01
Iterat, #Fevals:   Function Value    (median,worst) |Axis Ratio|idx:Min SD idx:Max SD
  450 ,  11251 : 7.3626971617936e+00 +(8e-03,1e-02) | 2.79e+05 |  5:2.0e-05  2:4.7e-01
  451 ,  11276 : 7.3645972399056e+00 +(6e-03,1e-02) | 2.66e+05 |  5:2.1e-05  2:4.7e-01
  452 ,  11301 : 7.3637030181833e+00 +(8e-03,1e-02) | 2.72e+05 |  5:2.1e-05  2:4.4e-01
  453 ,  11326 : 7.3650218844943e+00 +(6e-03,1e-02) | 3.00e+05 |  5:2.2e-05  2:5.0e-01
  454 ,  11351 : 7.3645211874498e+00 +(7e-03,1e-02) | 3.31e+05 |  5:2.1e-05  2:5.5e-01
  455 ,  11376 : 7.3681687239954e+00 +(3e-03,8e-03) | 3.25e+05 |  5:2.2e-05  2:5.8e-01
  456 ,  11401 : 7.3679774355766e+00 +(3e-03,9e-03) | 3.23e+05 |  5:2.1e-05  2:5.6e-01
  457 ,  11426 : 7.3649934844849e+00 +(7e-03,1e-02) | 3.11e+05 |  5:1.9e-05  2:4.9e-01
  458 ,  11451 : 7.3653288203894e+00 +(6e-03,1e-02) | 3.09e+05 |  5:1.7e-05  2:4.6e-01
  459 ,  11476 : 7.3649381462361e+00 +(6e-03,1e-02) | 3.07e+05 |  5:1.5e-05  2:4.0e-01
Iterat, #Fevals:   Function Value    (median,worst) |Axis Ratio|idx:Min SD idx:Max SD
  460 ,  11501 : 7.3651089982969e+00 +(6e-03,1e-02) | 3.05e+05 |  5:1.3e-05  2:3.5e-01
  461 ,  11526 : 7.3636365438351e+00 +(8e-03,2e-02) | 2.84e+05 |  5:1.3e-05  2:3.4e-01
  462 ,  11551 : 7.3663371273248e+00 +(4e-03,1e-02) | 2.82e+05 |  5:1.1e-05  2:3.1e-01
  463 ,  11576 : 7.3662190354937e+00 +(6e-03,1e-02) | 2.77e+05 |  5:9.7e-06  2:2.6e-01
  464 ,  11601 : 7.3633536676038e+00 +(8e-03,1e-02) | 2.74e+05 |  5:1.1e-05  2:2.7e-01
  465 ,  11626 : 7.3667907975197e+00 +(4e-03,1e-02) | 2.80e+05 |  5:1.1e-05  2:2.9e-01
  466 ,  11651 : 7.3685598575652e+00 +(2e-03,8e-03) | 2.73e+05 |  5:1.1e-05  2:2.7e-01
  467 ,  11676 : 7.3655369576300e+00 +(5e-03,1e-02) | 2.71e+05 |  5:1.2e-05  2:2.8e-01
  468 ,  11701 : 7.3678092422794e+00 +(3e-03,1e-02) | 2.79e+05 |  5:1.2e-05  2:2.9e-01
  469 ,  11726 : 7.3653806767374e+00 +(5e-03,1e-02) | 2.84e+05 |  5:1.1e-05  2:2.7e-01
Iterat, #Fevals:   Function Value    (median,worst) |Axis Ratio|idx:Min SD idx:Max SD
  470 ,  11751 : 7.3658687446100e+00 +(4e-03,1e-02) | 2.70e+05 |  5:1.1e-05  2:2.6e-01
  471 ,  11776 : 7.3660721793646e+00 +(4e-03,9e-03) | 2.72e+05 |  5:9.9e-06  2:2.4e-01
  472 ,  11801 : 7.3649224114479e+00 +(6e-03,1e-02) | 2.75e+05 |  5:1.0e-05  2:2.5e-01
  473 ,  11826 : 7.3653736146988e+00 +(6e-03,1e-02) | 2.96e+05 |  5:1.0e-05  2:2.6e-01
  474 ,  11851 : 7.3652590142093e+00 +(6e-03,1e-02) | 2.88e+05 |  5:9.8e-06  2:2.4e-01
  475 ,  11876 : 7.3655705038685e+00 +(5e-03,1e-02) | 2.83e+05 |  5:8.6e-06  2:2.1e-01
  476 ,  11901 : 7.3664710466064e+00 +(4e-03,9e-03) | 2.82e+05 |  5:8.8e-06  2:2.2e-01
  477 ,  11926 : 7.3633145781310e+00 +(9e-03,1e-02) | 2.92e+05 |  5:9.4e-06  2:2.4e-01
  478 ,  11951 : 7.3637275945278e+00 +(7e-03,1e-02) | 3.20e+05 |  5:1.0e-05  2:2.8e-01
  479 ,  11976 : 7.3656785401659e+00 +(6e-03,1e-02) | 3.40e+05 |  5:1.2e-05  2:3.4e-01
Iterat, #Fevals:   Function Value    (median,worst) |Axis Ratio|idx:Min SD idx:Max SD
  480 ,  12001 : 7.3693419888804e+00 +(2e-03,8e-03) | 3.33e+05 |  5:1.1e-05  2:3.1e-01
  481 ,  12026 : 7.3690046927275e+00 +(3e-03,8e-03) | 3.16e+05 |  5:1.1e-05  2:3.0e-01
  482 ,  12051 : 7.3641645366685e+00 +(6e-03,1e-02) | 3.16e+05 |  5:1.3e-05  2:3.5e-01
  483 ,  12076 : 7.3674670696834e+00 +(5e-03,1e-02) | 3.15e+05 |  5:1.6e-05  2:4.1e-01
  484 ,  12101 : 7.3644774193294e+00 +(7e-03,1e-02) | 3.05e+05 |  5:1.5e-05  2:4.0e-01
  485 ,  12126 : 7.3643529281049e+00 +(7e-03,1e-02) | 3.22e+05 |  5:1.8e-05  2:4.6e-01
  486 ,  12151 : 7.3674227731293e+00 +(4e-03,1e-02) | 3.08e+05 |  5:2.0e-05  2:4.8e-01
  487 ,  12176 : 7.3657432163145e+00 +(6e-03,1e-02) | 3.09e+05 |  5:1.8e-05  2:4.4e-01
  488 ,  12201 : 7.3662244399970e+00 +(5e-03,1e-02) | 3.17e+05 |  5:1.8e-05  2:4.1e-01
  489 ,  12226 : 7.3651952069187e+00 +(6e-03,1e-02) | 3.11e+05 |  5:1.8e-05  2:4.0e-01
Iterat, #Fevals:   Function Value    (median,worst) |Axis Ratio|idx:Min SD idx:Max SD
  490 ,  12251 : 7.3652800454380e+00 +(6e-03,1e-02) | 3.04e+05 |  5:1.6e-05  2:3.6e-01
  491 ,  12276 : 7.3644710219901e+00 +(7e-03,1e-02) | 3.15e+05 |  5:1.7e-05  2:4.0e-01
  492 ,  12301 : 7.3605898102513e+00 +(1e-02,1e-02) | 3.27e+05 |  5:1.5e-05  2:3.8e-01
  493 ,  12326 : 7.3684179440590e+00 +(3e-03,8e-03) | 3.45e+05 |  5:1.5e-05  2:3.8e-01
  494 ,  12351 : 7.3656373055843e+00 +(5e-03,1e-02) | 3.36e+05 |  5:1.3e-05  2:3.5e-01
  495 ,  12376 : 7.3648694595821e+00 +(6e-03,1e-02) | 3.63e+05 |  5:1.2e-05  2:3.5e-01
  496 ,  12401 : 7.3670381247998e+00 +(4e-03,7e-03) | 3.80e+05 |  5:1.4e-05  2:3.9e-01
  497 ,  12426 : 7.3683364155499e+00 +(4e-03,8e-03) | 3.61e+05 |  5:1.4e-05  2:4.0e-01
  498 ,  12451 : 7.3656544945212e+00 +(5e-03,1e-02) | 3.62e+05 |  5:1.3e-05  2:3.8e-01
  499 ,  12476 : 7.3674383081330e+00 +(4e-03,1e-02) | 3.55e+05 |  5:1.1e-05  2:3.3e-01
Iterat, #Fevals:   Function Value    (median,worst) |Axis Ratio|idx:Min SD idx:Max SD
  500 ,  12501 : 7.3673779667452e+00 +(3e-03,1e-02) | 3.61e+05 |  5:1.1e-05  2:3.1e-01
  501 ,  12526 : 7.3648447463991e+00 +(6e-03,1e-02) | 3.63e+05 |  5:1.0e-05  2:2.9e-01
  502 ,  12551 : 7.3674893100873e+00 +(4e-03,1e-02) | 3.80e+05 |  5:1.1e-05  2:3.4e-01
  503 ,  12576 : 7.3671024435891e+00 +(4e-03,1e-02) | 3.84e+05 |  5:1.2e-05  2:3.7e-01
  504 ,  12601 : 7.3677799612920e+00 +(5e-03,9e-03) | 3.84e+05 |  5:1.3e-05  2:4.1e-01
  505 ,  12626 : 7.3680193077075e+00 +(4e-03,1e-02) | 3.95e+05 |  5:1.5e-05  2:4.7e-01
  506 ,  12651 : 7.3690238147030e+00 +(3e-03,9e-03) | 3.97e+05 |  5:1.6e-05  2:4.9e-01
  507 ,  12676 : 7.3644021290340e+00 +(7e-03,1e-02) | 3.99e+05 |  5:1.8e-05  2:5.6e-01
  508 ,  12701 : 7.3651711608533e+00 +(6e-03,1e-02) | 3.98e+05 |  5:1.6e-05  2:4.9e-01
  509 ,  12726 : 7.3642826358158e+00 +(6e-03,1e-02) | 3.90e+05 |  5:1.3e-05  2:4.0e-01
Iterat, #Fevals:   Function Value    (median,worst) |Axis Ratio|idx:Min SD idx:Max SD
  510 ,  12751 : 7.3658007096990e+00 +(6e-03,1e-02) | 4.02e+05 |  5:1.2e-05  2:3.6e-01
  511 ,  12776 : 7.3655522207992e+00 +(6e-03,1e-02) | 4.00e+05 |  5:1.0e-05  2:3.1e-01
  512 ,  12801 : 7.3667410565015e+00 +(4e-03,1e-02) | 3.97e+05 |  5:1.0e-05  2:3.1e-01
  513 ,  12826 : 7.3645971484656e+00 +(6e-03,1e-02) | 4.06e+05 |  5:9.9e-06  2:2.9e-01
  514 ,  12851 : 7.3673594335023e+00 +(4e-03,1e-02) | 4.03e+05 |  5:1.2e-05  2:3.3e-01
  515 ,  12876 : 7.3656879003606e+00 +(6e-03,1e-02) | 3.95e+05 |  5:1.1e-05  2:3.2e-01
  516 ,  12901 : 7.3672545299855e+00 +(4e-03,1e-02) | 4.03e+05 |  5:1.1e-05  2:2.9e-01
  517 ,  12926 : 7.3643583306899e+00 +(7e-03,1e-02) | 3.76e+05 |  5:9.9e-06  2:2.8e-01
  518 ,  12951 : 7.3680525759063e+00 +(3e-03,9e-03) | 3.83e+05 |  5:1.1e-05  2:2.8e-01
  519 ,  12976 : 7.3684293395893e+00 +(3e-03,9e-03) | 3.77e+05 |  5:1.0e-05  2:2.5e-01
Iterat, #Fevals:   Function Value    (median,worst) |Axis Ratio|idx:Min SD idx:Max SD
  520 ,  13001 : 7.3666026671096e+00 +(4e-03,1e-02) | 3.83e+05 |  5:9.4e-06  2:2.3e-01
  521 ,  13026 : 7.3638729714602e+00 +(7e-03,1e-02) | 4.10e+05 |  5:9.3e-06  2:2.4e-01
  522 ,  13051 : 7.3681011638862e+00 +(4e-03,1e-02) | 4.21e+05 |  5:9.0e-06  2:2.3e-01
  523 ,  13076 : 7.3655409676727e+00 +(5e-03,1e-02) | 4.11e+05 |  5:1.0e-05  2:2.8e-01
  524 ,  13101 : 7.3655653171725e+00 +(5e-03,1e-02) | 4.20e+05 |  5:1.3e-05  2:3.2e-01
  525 ,  13126 : 7.3649769819009e+00 +(7e-03,1e-02) | 4.08e+05 |  5:1.3e-05  2:3.3e-01
  526 ,  13151 : 7.3687662629450e+00 +(3e-03,9e-03) | 3.95e+05 |  5:1.2e-05  2:3.2e-01
  527 ,  13176 : 7.3675404053178e+00 +(4e-03,1e-02) | 3.94e+05 |  5:1.2e-05  2:3.0e-01
  528 ,  13201 : 7.3630121446477e+00 +(8e-03,1e-02) | 3.93e+05 |  5:1.1e-05  2:3.1e-01
  529 ,  13226 : 7.3638078943021e+00 +(7e-03,1e-02) | 3.66e+05 |  5:1.1e-05  2:3.0e-01
Iterat, #Fevals:   Function Value    (median,worst) |Axis Ratio|idx:Min SD idx:Max SD
  530 ,  13251 : 7.3642852137043e+00 +(7e-03,1e-02) | 3.79e+05 |  5:1.2e-05  2:3.2e-01
  531 ,  13276 : 7.3662460455207e+00 +(5e-03,9e-03) | 3.74e+05 |  5:1.2e-05  2:3.3e-01
  532 ,  13301 : 7.3644775224208e+00 +(6e-03,1e-02) | 3.93e+05 |  5:1.1e-05  2:3.1e-01
  533 ,  13326 : 7.3656172915149e+00 +(6e-03,1e-02) | 4.12e+05 |  5:1.1e-05  2:3.1e-01
  534 ,  13351 : 7.3654429073481e+00 +(6e-03,1e-02) | 4.40e+05 |  5:1.1e-05  2:3.0e-01
  535 ,  13376 : 7.3632393211947e+00 +(8e-03,1e-02) | 4.44e+05 |  5:9.1e-06  2:2.6e-01
  536 ,  13401 : 7.3658597972508e+00 +(5e-03,1e-02) | 4.32e+05 |  5:9.3e-06  2:2.7e-01
  537 ,  13426 : 7.3645710837472e+00 +(6e-03,1e-02) | 4.35e+05 |  5:1.0e-05  2:2.9e-01
  538 ,  13451 : 7.3687722666417e+00 +(3e-03,8e-03) | 4.49e+05 |  5:1.1e-05  2:3.3e-01
  539 ,  13476 : 7.3638445043399e+00 +(7e-03,1e-02) | 4.63e+05 |  5:1.1e-05  2:3.5e-01
Iterat, #Fevals:   Function Value    (median,worst) |Axis Ratio|idx:Min SD idx:Max SD
  540 ,  13501 : 7.3641206152353e+00 +(8e-03,1e-02) | 4.54e+05 |  5:1.3e-05  2:3.9e-01
  541 ,  13526 : 7.3633886894266e+00 +(8e-03,1e-02) | 4.46e+05 |  5:1.3e-05  2:3.7e-01
  542 ,  13551 : 7.3643667996580e+00 +(7e-03,1e-02) | 4.59e+05 |  5:1.2e-05  2:3.7e-01
  543 ,  13576 : 7.3651941197889e+00 +(7e-03,1e-02) | 4.63e+05 |  5:1.2e-05  2:3.5e-01
  544 ,  13601 : 7.3650424645612e+00 +(6e-03,1e-02) | 4.53e+05 |  5:1.0e-05  2:3.0e-01
  545 ,  13626 : 7.3645770019969e+00 +(6e-03,1e-02) | 4.52e+05 |  5:1.0e-05  2:3.0e-01
  546 ,  13651 : 7.3651201219035e+00 +(6e-03,1e-02) | 4.46e+05 |  5:9.6e-06  2:2.7e-01
  547 ,  13676 : 7.3683016683230e+00 +(4e-03,1e-02) | 4.21e+05 |  5:9.7e-06  2:2.6e-01
  548 ,  13701 : 7.3652448968959e+00 +(5e-03,1e-02) | 3.84e+05 |  5:1.1e-05  2:2.8e-01
  549 ,  13726 : 7.3653088732401e+00 +(7e-03,1e-02) | 3.90e+05 |  5:1.1e-05  2:2.9e-01
Iterat, #Fevals:   Function Value    (median,worst) |Axis Ratio|idx:Min SD idx:Max SD
  550 ,  13751 : 7.3651878688143e+00 +(6e-03,1e-02) | 3.80e+05 |  5:1.1e-05  2:3.0e-01
  551 ,  13776 : 7.3686218559070e+00 +(3e-03,6e-03) | 3.77e+05 |  5:1.1e-05  2:2.9e-01
  552 ,  13801 : 7.3632434855188e+00 +(8e-03,1e-02) | 3.74e+05 |  5:1.0e-05  2:2.8e-01
  553 ,  13826 : 7.3653656331126e+00 +(6e-03,9e-03) | 3.72e+05 |  5:1.0e-05  2:2.6e-01
  554 ,  13851 : 7.3677393049735e+00 +(3e-03,1e-02) | 3.75e+05 |  5:1.0e-05  2:2.7e-01
  555 ,  13876 : 7.3631839241521e+00 +(8e-03,1e-02) | 4.02e+05 |  5:1.0e-05  2:2.9e-01
  556 ,  13901 : 7.3670356345313e+00 +(4e-03,1e-02) | 4.04e+05 |  5:9.2e-06  2:2.7e-01
  557 ,  13926 : 7.3652559634196e+00 +(6e-03,1e-02) | 3.99e+05 |  5:9.3e-06  2:2.6e-01
  558 ,  13951 : 7.3645511476600e+00 +(7e-03,1e-02) | 3.86e+05 |  5:9.6e-06  2:2.7e-01
  559 ,  13976 : 7.3645356448961e+00 +(7e-03,1e-02) | 4.01e+05 |  5:1.1e-05  2:2.8e-01
Iterat, #Fevals:   Function Value    (median,worst) |Axis Ratio|idx:Min SD idx:Max SD
  560 ,  14001 : 7.3629813157407e+00 +(8e-03,1e-02) | 4.20e+05 |  5:1.3e-05  2:3.4e-01
  561 ,  14026 : 7.3656319780429e+00 +(5e-03,9e-03) | 4.16e+05 |  5:1.3e-05  2:3.5e-01
  562 ,  14051 : 7.3660045247160e+00 +(5e-03,1e-02) | 4.11e+05 |  5:1.1e-05  2:2.9e-01
  563 ,  14076 : 7.3644110231572e+00 +(7e-03,1e-02) | 4.28e+05 |  5:1.1e-05  2:3.0e-01
  564 ,  14101 : 7.3667694963912e+00 +(4e-03,1e-02) | 4.53e+05 |  5:1.1e-05  2:3.3e-01
  565 ,  14126 : 7.3688396323654e+00 +(2e-03,8e-03) | 4.42e+05 |  5:1.1e-05  2:3.2e-01
  566 ,  14151 : 7.3656120214336e+00 +(6e-03,1e-02) | 4.54e+05 |  5:1.1e-05  2:3.3e-01
  567 ,  14176 : 7.3644219020333e+00 +(7e-03,1e-02) | 4.52e+05 |  5:1.1e-05  2:3.2e-01
  568 ,  14201 : 7.3654456552975e+00 +(6e-03,1e-02) | 4.33e+05 |  5:1.1e-05  2:3.3e-01
  569 ,  14226 : 7.3643503171118e+00 +(7e-03,1e-02) | 4.64e+05 |  5:1.4e-05  2:4.1e-01
Iterat, #Fevals:   Function Value    (median,worst) |Axis Ratio|idx:Min SD idx:Max SD
  570 ,  14251 : 7.3670656195497e+00 +(4e-03,1e-02) | 4.81e+05 |  5:1.6e-05  2:4.5e-01
  571 ,  14276 : 7.3652162965752e+00 +(7e-03,1e-02) | 4.68e+05 |  5:1.4e-05  2:4.0e-01
  572 ,  14301 : 7.3648469538284e+00 +(7e-03,1e-02) | 4.60e+05 |  5:1.3e-05  2:3.5e-01
  573 ,  14326 : 7.3667396627899e+00 +(5e-03,9e-03) | 4.56e+05 |  5:1.2e-05  2:3.5e-01
  574 ,  14351 : 7.3654143682531e+00 +(7e-03,2e-02) | 4.60e+05 |  5:1.2e-05  2:3.6e-01
  575 ,  14376 : 7.3655423616521e+00 +(6e-03,1e-02) | 4.60e+05 |  5:1.4e-05  2:3.8e-01
  576 ,  14401 : 7.3686150785706e+00 +(4e-03,6e-02) | 4.64e+05 |  5:1.4e-05  2:3.7e-01
  577 ,  14426 : 7.3654696428235e+00 +(7e-03,1e-02) | 4.46e+05 |  5:1.2e-05  2:3.1e-01
  578 ,  14451 : 7.3645058488376e+00 +(7e-03,1e-02) | 4.43e+05 |  5:1.1e-05  2:2.8e-01
  579 ,  14476 : 7.3676612429104e+00 +(4e-03,9e-03) | 4.99e+05 |  5:1.2e-05  2:3.4e-01
Iterat, #Fevals:   Function Value    (median,worst) |Axis Ratio|idx:Min SD idx:Max SD
  580 ,  14501 : 7.3677026304430e+00 +(3e-03,6e-03) | 5.54e+05 |  5:1.4e-05  2:4.4e-01
  581 ,  14526 : 7.3645518157714e+00 +(6e-03,1e-02) | 5.68e+05 |  5:1.3e-05  2:4.4e-01
  582 ,  14551 : 7.3658310094324e+00 +(5e-03,1e-02) | 5.81e+05 |  5:1.3e-05  2:4.4e-01
  583 ,  14576 : 7.3673094521153e+00 +(3e-03,2e-02) | 5.81e+05 |  5:1.2e-05  2:4.2e-01
  584 ,  14601 : 7.3641595143017e+00 +(6e-03,1e-02) | 5.82e+05 |  5:1.2e-05  2:4.0e-01
  585 ,  14626 : 7.3649620332513e+00 +(6e-03,1e-02) | 5.72e+05 |  5:1.3e-05  2:4.0e-01
  586 ,  14651 : 7.3626129478409e+00 +(8e-03,1e-02) | 5.54e+05 |  5:1.2e-05  2:4.0e-01
  587 ,  14676 : 7.3662877341135e+00 +(5e-03,1e-02) | 5.44e+05 |  5:1.3e-05  2:4.0e-01
  588 ,  14701 : 7.3660116065993e+00 +(5e-03,1e-02) | 5.76e+05 |  5:1.3e-05  2:3.9e-01
  589 ,  14726 : 7.3669927799128e+00 +(4e-03,9e-03) | 5.71e+05 |  5:1.1e-05  2:3.5e-01
Iterat, #Fevals:   Function Value    (median,worst) |Axis Ratio|idx:Min SD idx:Max SD
  590 ,  14751 : 7.3639488549437e+00 +(8e-03,1e-02) | 5.96e+05 |  5:1.0e-05  2:3.3e-01
  591 ,  14776 : 7.3681947668580e+00 +(3e-03,1e-02) | 5.89e+05 |  5:8.9e-06  2:2.8e-01
  592 ,  14801 : 7.3651241800235e+00 +(6e-03,8e-03) | 6.24e+05 |  5:8.4e-06  2:2.7e-01
  593 ,  14826 : 7.3681975278922e+00 +(2e-03,8e-03) | 6.70e+05 |  5:9.1e-06  2:3.1e-01
  594 ,  14851 : 7.3686799522083e+00 +(3e-03,9e-03) | 6.69e+05 |  5:9.3e-06  2:3.2e-01
  595 ,  14876 : 7.3655869964496e+00 +(5e-03,1e-02) | 6.37e+05 |  5:9.2e-06  2:3.2e-01
  596 ,  14901 : 7.3691039725300e+00 +(2e-03,6e-03) | 6.40e+05 |  5:9.6e-06  2:3.5e-01
  597 ,  14926 : 7.3632699437939e+00 +(8e-03,2e-02) | 6.32e+05 |  5:9.3e-06  2:3.3e-01
  598 ,  14951 : 7.3663196278393e+00 +(4e-03,1e-02) | 6.34e+05 |  5:8.5e-06  2:3.1e-01
  599 ,  14976 : 7.3679709985699e+00 +(3e-03,8e-03) | 6.14e+05 |  5:8.0e-06  2:2.9e-01
Iterat, #Fevals:   Function Value    (median,worst) |Axis Ratio|idx:Min SD idx:Max SD
  600 ,  15001 : 7.3666485076025e+00 +(5e-03,1e-02) | 6.15e+05 |  5:8.0e-06  2:2.7e-01
  601 ,  15026 : 7.3651108197534e+00 +(6e-03,1e-02) | 6.08e+05 |  5:7.3e-06  2:2.4e-01
  602 ,  15051 : 7.3678708036309e+00 +(3e-03,8e-03) | 5.96e+05 |  5:6.7e-06  2:2.2e-01
  603 ,  15076 : 7.3686730039464e+00 +(4e-03,1e-02) | 5.83e+05 |  5:6.1e-06  2:2.0e-01
  604 ,  15101 : 7.3680704531352e+00 +(3e-03,8e-03) | 5.75e+05 |  5:5.4e-06  2:1.7e-01
  605 ,  15126 : 7.3675497444475e+00 +(3e-03,1e-02) | 5.61e+05 |  5:5.7e-06  2:1.8e-01
  606 ,  15151 : 7.3651027359898e+00 +(6e-03,1e-02) | 5.44e+05 |  5:6.0e-06  2:1.8e-01
  607 ,  15176 : 7.3645640234492e+00 +(6e-03,1e-02) | 5.78e+05 |  5:6.8e-06  2:2.1e-01
  608 ,  15201 : 7.3651133544524e+00 +(6e-03,1e-02) | 5.84e+05 |  5:6.9e-06  2:2.2e-01
  609 ,  15226 : 7.3653366064399e+00 +(5e-03,1e-02) | 5.90e+05 |  5:7.7e-06  2:2.4e-01
Iterat, #Fevals:   Function Value    (median,worst) |Axis Ratio|idx:Min SD idx:Max SD
  610 ,  15251 : 7.3680589811337e+00 +(3e-03,1e-02) | 5.84e+05 |  5:8.0e-06  2:2.5e-01
  611 ,  15276 : 7.3671896990315e+00 +(3e-03,7e-03) | 5.83e+05 |  5:8.2e-06  2:2.6e-01
  612 ,  15301 : 7.3681814419470e+00 +(3e-03,1e-02) | 5.84e+05 |  5:7.6e-06  2:2.4e-01
  613 ,  15326 : 7.3652528189489e+00 +(5e-03,1e-02) | 5.97e+05 |  5:7.3e-06  2:2.3e-01
  614 ,  15351 : 7.3648514213218e+00 +(6e-03,1e-02) | 6.05e+05 |  5:7.4e-06  2:2.4e-01
  615 ,  15376 : 7.3655412384402e+00 +(6e-03,1e-02) | 6.34e+05 |  5:7.1e-06  2:2.4e-01
  616 ,  15401 : 7.3654685161377e+00 +(5e-03,1e-02) | 6.21e+05 |  5:6.8e-06  2:2.2e-01
  617 ,  15426 : 7.3667585879335e+00 +(4e-03,1e-02) | 6.47e+05 |  5:6.5e-06  2:2.2e-01
  618 ,  15451 : 7.3682568452499e+00 +(2e-03,8e-03) | 6.41e+05 |  5:6.4e-06  2:2.2e-01
  619 ,  15476 : 7.3652329160581e+00 +(6e-03,1e-02) | 6.33e+05 |  5:6.5e-06  2:2.1e-01
Iterat, #Fevals:   Function Value    (median,worst) |Axis Ratio|idx:Min SD idx:Max SD
  620 ,  15501 : 7.3692102184477e+00 +(2e-03,7e-03) | 6.19e+05 |  5:6.0e-06  2:2.0e-01
#Fevals:   f(returned x)   |    bestever.f     | stopflag (saved to variablescmaes14_7_111.mat)
  15502: 7.36560305555e+00 | 7.36017064295e+00 | stagnation
mean solution: +3.1e+00 -3.6e+00 +1.9e+00 +1.3e+01 +5.9e-02 +2.0e-01 +4.2e-01 +3.1e+00 +1.3e+00
std deviation:  3.7e-03  2.0e-01  9.2e-04  8.7e-03  6.0e-06  2.4e-04  3.2e-04  2.0e-03  2.6e-04
use plotcmaesdat.m for plotting the output at any time (option LogModulo must not be zero)
