
                            < M A T L A B (R) >
                  Copyright 1984-2015 The MathWorks, Inc.
                   R2015a (8.5.0.197613) 64-bit (glnxa64)
                             February 12, 2015

 
For online documentation, see http://www.mathworks.com/support
For product information, visit www.mathworks.com.
 

	Academic License

  n=9: (5,10)-CMA-ES(w=[46 27 16 9 3]%, mu_eff=3.2) on function Error
Iterat, #Fevals:   Function Value    (median,worst) |Axis Ratio|idx:Min SD idx:Max SD
    1 ,     11 : 3.5839945270359e+01 +(2e+01,3e+06) | 2.14e+01 |  3:8.7e-01  7:1.8e+01
    2 ,     21 : 1.2690392538979e+01 +(2e+06,7e+14) | 2.26e+01 |  3:9.1e-01  7:2.0e+01
    3 ,     31 : 1.2634887152734e+01 +(5e+05,5e+10) | 2.39e+01 |  3:9.5e-01  7:2.1e+01
    4 ,     41 : 1.4742421157137e+01 +(4e+01,4e+06) | 2.41e+01 |  3:1.0e+00  7:2.3e+01
    5 ,     51 : 1.1799787046639e+01 +(4e+01,5e+08) | 2.43e+01 |  3:9.4e-01  7:2.1e+01
    6 ,     61 : 1.2122045801607e+01 +(5e+01,3e+07) | 2.46e+01 |  3:9.1e-01  7:2.1e+01
    7 ,     71 : 2.0297864335262e+01 +(3e+01,1e+18) | 2.48e+01 |  3:8.7e-01  7:2.0e+01
    8 ,     81 : 3.6406284116222e+01 +(1e+01,3e+03) | 2.48e+01 |  3:7.7e-01  7:1.8e+01
    9 ,     91 : 3.9907052178322e+01 +(1e+01,4e+05) | 2.48e+01 |  3:6.9e-01  7:1.6e+01
Iterat, #Fevals:   Function Value    (median,worst) |Axis Ratio|idx:Min SD idx:Max SD
   10 ,    101 : 1.0622328924532e+01 +(4e+01,4e+01) | 2.43e+01 |  3:6.6e-01  7:1.5e+01
   11 ,    111 : 4.2079253078737e+01 +(7e+00,9e+00) | 2.42e+01 |  3:6.2e-01  7:1.4e+01
   12 ,    121 : 1.3102803576884e+01 +(4e+01,4e+01) | 2.39e+01 |  3:5.7e-01  7:1.3e+01
   13 ,    131 : 2.0948098208305e+01 +(3e+01,3e+01) | 2.39e+01 |  3:5.1e-01  7:1.1e+01
   14 ,    141 : 1.1756325086900e+01 +(3e+01,5e+01) | 2.36e+01 |  3:4.9e-01  7:1.1e+01
   15 ,    151 : 1.2927274814077e+01 +(2e+01,8e+06) | 2.34e+01 |  3:4.7e-01  7:1.0e+01
   16 ,    161 : 1.2193252539151e+01 +(3e+01,1e+04) | 2.39e+01 |  3:4.9e-01  7:1.1e+01
   17 ,    171 : 1.5006716462704e+01 +(3e+01,5e+06) | 2.39e+01 |  3:4.8e-01  7:1.0e+01
   18 ,    181 : 1.1530846143241e+01 +(3e+02,2e+06) | 2.37e+01 |  3:4.6e-01  7:1.0e+01
   19 ,    191 : 2.2655563687390e+01 +(2e+01,1e+06) | 2.35e+01 |  3:4.0e-01  7:8.7e+00
Iterat, #Fevals:   Function Value    (median,worst) |Axis Ratio|idx:Min SD idx:Max SD
   20 ,    201 : 1.4690508230139e+01 +(2e+01,1e+04) | 2.37e+01 |  3:3.6e-01  7:8.0e+00
   21 ,    211 : 1.7556778762286e+01 +(3e+01,1e+04) | 2.36e+01 |  3:3.5e-01  7:7.7e+00
   22 ,    221 : 1.1634277920069e+01 +(1e+01,4e+01) | 2.33e+01 |  3:3.3e-01  7:7.2e+00
   23 ,    231 : 1.1224932876083e+01 +(2e+01,2e+02) | 2.36e+01 |  3:3.2e-01  7:7.1e+00
   24 ,    241 : 1.3692019800006e+01 +(6e+00,1e+02) | 2.38e+01 |  3:2.9e-01  7:6.4e+00
   25 ,    251 : 1.1023420156832e+01 +(2e+01,5e+02) | 2.45e+01 |  3:2.6e-01  8:5.9e+00
   26 ,    261 : 1.4758179384048e+01 +(1e+01,4e+06) | 2.47e+01 |  3:2.4e-01  8:5.5e+00
   27 ,    271 : 1.1724472542168e+01 +(1e+01,4e+01) | 2.49e+01 |  3:2.3e-01  8:5.4e+00
   28 ,    281 : 1.1318517918979e+01 +(3e+01,3e+04) | 2.50e+01 |  3:2.2e-01  8:5.2e+00
   29 ,    291 : 1.1475570637981e+01 +(2e+01,8e+01) | 2.57e+01 |  3:2.2e-01  8:5.4e+00
Iterat, #Fevals:   Function Value    (median,worst) |Axis Ratio|idx:Min SD idx:Max SD
   30 ,    301 : 1.3593568482386e+01 +(8e+00,2e+04) | 2.56e+01 |  3:2.2e-01  8:5.4e+00
   31 ,    311 : 1.1562381959716e+01 +(1e+01,2e+03) | 2.59e+01 |  3:2.2e-01  8:5.3e+00
   32 ,    321 : 1.1187945937276e+01 +(2e+01,3e+09) | 2.59e+01 |  3:2.1e-01  8:5.1e+00
   33 ,    331 : 1.4442199404348e+01 +(2e+01,3e+01) | 2.59e+01 |  3:2.2e-01  8:5.2e+00
   34 ,    341 : 1.3688682717203e+01 +(7e+00,3e+06) | 2.56e+01 |  3:2.2e-01  8:5.2e+00
   35 ,    351 : 1.1462564663552e+01 +(9e+00,2e+02) | 2.56e+01 |  3:2.0e-01  8:4.6e+00
   36 ,    361 : 1.1565757449924e+01 +(1e+01,6e+04) | 2.62e+01 |  3:1.8e-01  8:4.2e+00
   37 ,    371 : 1.1567194224598e+01 +(3e+01,3e+05) | 2.65e+01 |  3:1.7e-01  8:4.1e+00
   38 ,    381 : 1.1711018001510e+01 +(1e+01,6e+01) | 2.64e+01 |  3:1.5e-01  8:3.7e+00
   39 ,    391 : 1.1391307085768e+01 +(9e+00,2e+01) | 2.64e+01 |  3:1.4e-01  7:3.2e+00
Iterat, #Fevals:   Function Value    (median,worst) |Axis Ratio|idx:Min SD idx:Max SD
   40 ,    401 : 1.1457769519117e+01 +(5e+00,2e+01) | 2.64e+01 |  3:1.3e-01  8:3.1e+00
   41 ,    411 : 1.2066162719516e+01 +(5e+00,3e+02) | 2.68e+01 |  3:1.1e-01  8:2.8e+00
   42 ,    421 : 1.3354720703357e+01 +(6e+00,4e+02) | 2.67e+01 |  3:1.0e-01  8:2.5e+00
   43 ,    431 : 1.1690078975426e+01 +(3e+00,6e+01) | 2.67e+01 |  3:1.0e-01  7:2.5e+00
   44 ,    441 : 1.1536847932526e+01 +(2e+00,3e+01) | 2.69e+01 |  3:9.0e-02  8:2.2e+00
   45 ,    451 : 1.1595009441439e+01 +(3e+00,8e+00) | 2.70e+01 |  3:7.9e-02  8:1.9e+00
   46 ,    461 : 1.1612193410469e+01 +(3e+00,1e+01) | 2.71e+01 |  3:7.1e-02  8:1.7e+00
   47 ,    471 : 1.1594185984280e+01 +(2e+00,1e+01) | 2.70e+01 |  3:6.3e-02  7:1.5e+00
   48 ,    481 : 1.1513782411720e+01 +(6e-01,6e+00) | 2.71e+01 |  3:6.0e-02  8:1.5e+00
   49 ,    491 : 1.1487404940997e+01 +(1e+00,1e+01) | 2.68e+01 |  3:6.2e-02  8:1.5e+00
Iterat, #Fevals:   Function Value    (median,worst) |Axis Ratio|idx:Min SD idx:Max SD
   50 ,    501 : 1.1587965667478e+01 +(1e+00,2e+01) | 2.57e+01 |  3:6.7e-02  8:1.5e+00
   51 ,    511 : 1.1788540247581e+01 +(8e-01,3e+01) | 2.54e+01 |  3:6.6e-02  8:1.5e+00
   52 ,    521 : 1.1528556499073e+01 +(5e-01,2e+00) | 2.52e+01 |  3:6.2e-02  8:1.4e+00
   53 ,    531 : 1.2214914891290e+01 +(1e+00,4e+00) | 2.33e+01 |  3:7.7e-02  8:1.5e+00
   54 ,    541 : 1.1842412566660e+01 +(1e+00,8e+00) | 2.27e+01 |  2:7.6e-02  8:1.5e+00
   55 ,    551 : 1.1483196415469e+01 +(2e+00,2e+01) | 2.25e+01 |  2:7.1e-02  8:1.4e+00
   56 ,    561 : 1.1439230663074e+01 +(5e-01,7e+00) | 2.25e+01 |  2:6.2e-02  8:1.2e+00
   57 ,    571 : 1.1410148328419e+01 +(9e-01,1e+01) | 2.30e+01 |  2:6.5e-02  8:1.3e+00
   58 ,    581 : 1.1512445631321e+01 +(9e-01,4e+00) | 2.35e+01 |  3:6.6e-02  7:1.3e+00
   59 ,    591 : 1.1359851484992e+01 +(4e-01,5e+00) | 2.40e+01 |  3:6.1e-02  7:1.2e+00
Iterat, #Fevals:   Function Value    (median,worst) |Axis Ratio|idx:Min SD idx:Max SD
   60 ,    601 : 1.1341786303140e+01 +(4e-01,8e-01) | 2.40e+01 |  2:6.2e-02  7:1.3e+00
   61 ,    611 : 1.1316657595818e+01 +(1e+00,7e+00) | 2.41e+01 |  2:6.2e-02  7:1.3e+00
   62 ,    621 : 1.1354811374767e+01 +(7e-01,6e+00) | 2.33e+01 |  2:6.2e-02  7:1.3e+00
   63 ,    631 : 1.1338204583093e+01 +(7e-01,1e+00) | 2.30e+01 |  2:5.8e-02  7:1.2e+00
   64 ,    641 : 1.1346571225508e+01 +(6e-01,3e+00) | 2.30e+01 |  2:5.2e-02  7:1.1e+00
   65 ,    651 : 1.1286330926389e+01 +(2e-01,3e+00) | 2.40e+01 |  2:5.0e-02  7:1.1e+00
   66 ,    661 : 1.1297105453584e+01 +(4e-01,1e+00) | 2.45e+01 |  2:5.2e-02  7:1.2e+00
   67 ,    671 : 1.1203386850438e+01 +(2e-01,8e-01) | 2.64e+01 |  2:5.5e-02  7:1.3e+00
   68 ,    681 : 1.1135020731620e+01 +(3e-01,3e+00) | 2.80e+01 |  2:5.8e-02  7:1.5e+00
   69 ,    691 : 1.1219105385439e+01 +(8e-01,5e+00) | 2.84e+01 |  2:5.8e-02  7:1.5e+00
Iterat, #Fevals:   Function Value    (median,worst) |Axis Ratio|idx:Min SD idx:Max SD
   70 ,    701 : 1.1204415851241e+01 +(5e-01,2e+00) | 2.85e+01 |  2:5.7e-02  7:1.5e+00
   71 ,    711 : 1.1073597891662e+01 +(3e-01,1e+00) | 2.92e+01 |  2:6.2e-02  7:1.6e+00
   72 ,    721 : 1.1170765275809e+01 +(6e-01,2e+00) | 2.97e+01 |  2:6.2e-02  7:1.6e+00
   73 ,    731 : 1.1226539489629e+01 +(2e-01,2e+00) | 2.94e+01 |  2:6.0e-02  7:1.6e+00
   74 ,    741 : 1.1095535999890e+01 +(3e-01,3e+00) | 2.98e+01 |  2:5.9e-02  7:1.6e+00
   75 ,    751 : 1.1180668816525e+01 +(3e-01,2e+00) | 3.06e+01 |  2:5.4e-02  7:1.4e+00
   76 ,    761 : 1.1236391682110e+01 +(3e-01,9e-01) | 2.89e+01 |  2:6.0e-02  7:1.4e+00
   77 ,    771 : 1.1197303807369e+01 +(5e-01,2e+00) | 2.87e+01 |  2:6.0e-02  7:1.4e+00
   78 ,    781 : 1.1028333967303e+01 +(2e-01,1e+00) | 3.08e+01 |  2:6.1e-02  7:1.6e+00
   79 ,    791 : 1.1050101100827e+01 +(3e-01,3e+00) | 3.22e+01 |  2:6.2e-02  7:1.7e+00
Iterat, #Fevals:   Function Value    (median,worst) |Axis Ratio|idx:Min SD idx:Max SD
   80 ,    801 : 1.1059502945839e+01 +(4e-01,2e+00) | 3.41e+01 |  2:6.6e-02  7:1.9e+00
   81 ,    811 : 1.1002000671063e+01 +(3e-01,1e+00) | 3.53e+01 |  2:7.3e-02  7:2.1e+00
   82 ,    821 : 1.0743985973499e+01 +(5e-01,2e+00) | 3.65e+01 |  2:8.7e-02  7:2.6e+00
   83 ,    831 : 1.0810171550442e+01 +(1e+00,4e+00) | 3.67e+01 |  2:9.0e-02  7:2.7e+00
   84 ,    841 : 1.0664014347701e+01 +(4e-01,3e+00) | 3.79e+01 |  2:9.2e-02  7:2.8e+00
   85 ,    851 : 1.0660964763957e+01 +(7e-01,2e+01) | 3.88e+01 |  2:9.9e-02  7:3.0e+00
   86 ,    861 : 1.0628658796212e+01 +(7e-01,3e+00) | 3.93e+01 |  2:1.0e-01  7:3.1e+00
   87 ,    871 : 1.0352824477161e+01 +(1e+00,4e+00) | 4.02e+01 |  2:1.0e-01  7:3.3e+00
   88 ,    881 : 1.0420976867643e+01 +(1e+00,8e+00) | 4.12e+01 |  2:1.1e-01  7:3.4e+00
   89 ,    891 : 1.0244134907486e+01 +(5e-01,5e+00) | 4.44e+01 |  2:1.2e-01  7:3.7e+00
Iterat, #Fevals:   Function Value    (median,worst) |Axis Ratio|idx:Min SD idx:Max SD
   90 ,    901 : 9.7890525435858e+00 +(9e-01,8e+00) | 4.85e+01 |  2:1.2e-01  7:4.2e+00
   91 ,    911 : 9.0398662781292e+00 +(2e+00,1e+02) | 5.34e+01 |  2:1.3e-01  7:5.1e+00
   92 ,    921 : 8.9549911671316e+00 +(3e+00,3e+03) | 5.51e+01 |  2:1.4e-01  7:5.5e+00
   93 ,    931 : 9.3653031141748e+00 +(4e+00,3e+04) | 5.61e+01 |  2:1.4e-01  7:5.7e+00
   94 ,    941 : 7.2573504367499e+00 +(3e+00,3e+01) | 5.59e+01 |  2:1.5e-01  7:6.2e+00
   95 ,    951 : 8.4392144525321e+00 +(5e+00,2e+01) | 5.45e+01 |  2:1.5e-01  7:5.8e+00
   96 ,    961 : 8.5831716134813e+00 +(3e+00,2e+05) | 5.45e+01 |  2:1.4e-01  7:5.5e+00
   97 ,    971 : 8.6102010208281e+00 +(3e+00,6e+02) | 5.38e+01 |  2:1.4e-01  7:5.3e+00
   98 ,    981 : 8.9453056705290e+00 +(5e+00,8e+01) | 5.38e+01 |  2:1.4e-01  7:5.2e+00
   99 ,    991 : 9.3632001640583e+00 +(1e+00,2e+01) | 5.38e+01 |  2:1.3e-01  7:4.9e+00
Iterat, #Fevals:   Function Value    (median,worst) |Axis Ratio|idx:Min SD idx:Max SD
  100 ,   1001 : 9.2701423490677e+00 +(2e+00,6e+01) | 5.39e+01 |  2:1.3e-01  7:4.6e+00
  101 ,   1011 : 8.3487864803352e+00 +(5e+00,6e+01) | 5.27e+01 |  2:1.2e-01  7:4.3e+00
  102 ,   1021 : 8.9620629335431e+00 +(2e+00,4e+02) | 5.27e+01 |  2:1.1e-01  7:3.9e+00
  103 ,   1031 : 8.0830504365486e+00 +(2e+00,3e+02) | 5.31e+01 |  2:1.1e-01  7:3.8e+00
  104 ,   1041 : 6.6449147477516e+00 +(4e+00,4e+01) | 5.37e+01 |  3:1.2e-01  7:4.1e+00
  105 ,   1051 : 7.5469285926427e+00 +(9e-01,3e+02) | 5.39e+01 |  3:1.3e-01  7:4.3e+00
  106 ,   1061 : 8.1410591621056e+00 +(2e+00,6e+04) | 5.39e+01 |  3:1.3e-01  7:4.5e+00
  107 ,   1071 : 5.6994663158334e+00 +(5e+00,3e+01) | 5.38e+01 |  3:1.4e-01  7:4.8e+00
  108 ,   1081 : 5.9733232707102e+00 +(4e+00,4e+01) | 5.40e+01 |  3:1.4e-01  7:4.5e+00
  109 ,   1091 : 7.2973033049291e+00 +(2e+00,3e+04) | 5.39e+01 |  3:1.4e-01  7:4.5e+00
Iterat, #Fevals:   Function Value    (median,worst) |Axis Ratio|idx:Min SD idx:Max SD
  110 ,   1101 : 9.1352975875762e+00 +(1e+01,6e+03) | 5.39e+01 |  3:1.3e-01  7:4.2e+00
  111 ,   1111 : 6.7781766816546e+00 +(1e+01,4e+01) | 5.32e+01 |  3:1.2e-01  7:3.8e+00
  112 ,   1121 : 6.6301818248127e+00 +(5e+00,6e+01) | 5.31e+01 |  3:1.3e-01  7:3.9e+00
  113 ,   1131 : 6.2181387505209e+00 +(1e+01,1e+02) | 5.32e+01 |  3:1.2e-01  7:3.7e+00
  114 ,   1141 : 6.0948460159002e+00 +(8e+00,4e+01) | 5.19e+01 |  3:1.1e-01  7:3.4e+00
  115 ,   1151 : 7.3253205976856e+00 +(4e+00,4e+01) | 5.19e+01 |  3:1.1e-01  7:3.3e+00
  116 ,   1161 : 7.5851675988288e+00 +(3e+00,2e+02) | 4.97e+01 |  3:1.1e-01  7:3.4e+00
  117 ,   1171 : 6.6896745244577e+00 +(4e+00,1e+02) | 4.93e+01 |  3:1.1e-01  7:3.2e+00
  118 ,   1181 : 6.3360593500172e+00 +(6e+00,4e+01) | 4.91e+01 |  3:1.1e-01  7:3.0e+00
  119 ,   1191 : 5.6430773805883e+00 +(7e+00,8e+01) | 4.90e+01 |  3:9.2e-02  7:2.6e+00
Iterat, #Fevals:   Function Value    (median,worst) |Axis Ratio|idx:Min SD idx:Max SD
  120 ,   1201 : 5.0955559377348e+00 +(4e+00,1e+01) | 5.04e+01 |  3:8.8e-02  7:2.4e+00
  121 ,   1211 : 6.0208646168641e+00 +(3e+00,9e+01) | 5.00e+01 |  3:8.6e-02  7:2.4e+00
  122 ,   1221 : 5.7178693456887e+00 +(5e+00,1e+02) | 5.04e+01 |  3:8.2e-02  7:2.3e+00
  123 ,   1231 : 5.4833576172623e+00 +(8e+00,2e+02) | 5.05e+01 |  3:8.0e-02  7:2.2e+00
  124 ,   1241 : 5.5906466210639e+00 +(4e+00,2e+02) | 4.99e+01 |  2:7.5e-02  7:2.1e+00
  125 ,   1251 : 5.2662729106730e+00 +(2e+00,2e+01) | 5.00e+01 |  2:7.2e-02  7:2.0e+00
  126 ,   1261 : 5.9900408312408e+00 +(2e+00,1e+01) | 5.02e+01 |  2:7.1e-02  7:1.9e+00
  127 ,   1271 : 5.0879555918334e+00 +(3e+00,1e+01) | 4.91e+01 |  2:7.4e-02  7:2.0e+00
  128 ,   1281 : 6.0859583719982e+00 +(3e+00,3e+01) | 4.88e+01 |  2:7.2e-02  7:1.9e+00
  129 ,   1291 : 5.2224888112656e+00 +(4e+00,3e+01) | 4.84e+01 |  2:6.8e-02  7:1.8e+00
Iterat, #Fevals:   Function Value    (median,worst) |Axis Ratio|idx:Min SD idx:Max SD
  130 ,   1301 : 5.0329146374460e+00 +(5e+00,8e+02) | 4.71e+01 |  2:6.4e-02  7:1.6e+00
  131 ,   1311 : 5.0840084991458e+00 +(1e+00,1e+01) | 4.67e+01 |  2:5.7e-02  7:1.4e+00
  132 ,   1321 : 5.6566569634478e+00 +(2e+00,9e+00) | 4.68e+01 |  2:5.3e-02  7:1.3e+00
  133 ,   1331 : 4.9986630043792e+00 +(2e+00,4e+01) | 4.66e+01 |  2:5.1e-02  7:1.3e+00
  134 ,   1341 : 5.0092524405988e+00 +(3e+00,2e+01) | 4.64e+01 |  2:5.1e-02  7:1.2e+00
  135 ,   1351 : 5.6268801845053e+00 +(2e+00,2e+01) | 4.58e+01 |  3:5.0e-02  7:1.2e+00
  136 ,   1361 : 5.4628220925406e+00 +(1e+00,3e+00) | 4.52e+01 |  3:4.8e-02  7:1.2e+00
  137 ,   1371 : 5.1669721754972e+00 +(1e+00,4e+00) | 4.43e+01 |  3:4.6e-02  7:1.1e+00
  138 ,   1381 : 5.0628470879176e+00 +(2e+00,4e+01) | 4.41e+01 |  3:4.3e-02  7:1.0e+00
  139 ,   1391 : 4.8950189020967e+00 +(2e+00,3e+01) | 4.29e+01 |  3:3.9e-02  7:9.2e-01
Iterat, #Fevals:   Function Value    (median,worst) |Axis Ratio|idx:Min SD idx:Max SD
  140 ,   1401 : 5.0237072009404e+00 +(2e+00,1e+01) | 4.27e+01 |  3:3.5e-02  7:8.2e-01
  141 ,   1411 : 4.9631089381961e+00 +(8e-01,2e+01) | 4.20e+01 |  3:3.3e-02  7:7.4e-01
  142 ,   1421 : 5.0527217381642e+00 +(9e-01,9e+00) | 4.17e+01 |  3:3.0e-02  7:6.8e-01
  143 ,   1431 : 4.9428469950168e+00 +(1e+00,1e+01) | 4.07e+01 |  3:2.8e-02  7:6.1e-01
  144 ,   1441 : 4.9147423030108e+00 +(7e-01,6e+00) | 4.08e+01 |  3:2.6e-02  7:5.7e-01
  145 ,   1451 : 4.9396979567792e+00 +(5e-01,1e+01) | 4.09e+01 |  3:2.7e-02  8:5.7e-01
  146 ,   1461 : 4.9443700549012e+00 +(2e-01,2e+00) | 4.10e+01 |  3:2.4e-02  8:5.3e-01
  147 ,   1471 : 5.0881748600643e+00 +(6e-01,3e+00) | 4.12e+01 |  3:2.5e-02  8:5.3e-01
  148 ,   1481 : 5.0212731630323e+00 +(6e-01,3e+00) | 4.00e+01 |  3:2.5e-02  8:5.3e-01
  149 ,   1491 : 5.0223166472169e+00 +(4e-01,3e+00) | 3.95e+01 |  3:2.4e-02  8:5.2e-01
Iterat, #Fevals:   Function Value    (median,worst) |Axis Ratio|idx:Min SD idx:Max SD
  150 ,   1501 : 5.0190716919757e+00 +(4e-01,1e+00) | 3.67e+01 |  3:2.7e-02  7:5.6e-01
  151 ,   1511 : 5.0550897002466e+00 +(3e-01,1e+01) | 3.61e+01 |  3:2.7e-02  8:5.6e-01
  152 ,   1521 : 5.0595125249890e+00 +(6e-01,2e+01) | 3.62e+01 |  3:2.6e-02  8:5.5e-01
  153 ,   1531 : 4.9807429617421e+00 +(2e+00,4e+00) | 3.68e+01 |  3:2.5e-02  8:5.4e-01
  154 ,   1541 : 5.0467294532840e+00 +(7e-01,3e+00) | 3.70e+01 |  3:2.5e-02  8:5.5e-01
  155 ,   1551 : 4.9579808907625e+00 +(2e-01,2e+00) | 3.76e+01 |  3:2.6e-02  8:5.7e-01
  156 ,   1561 : 4.9607587511695e+00 +(2e-01,3e+00) | 3.80e+01 |  3:2.5e-02  8:5.7e-01
  157 ,   1571 : 5.2363864481444e+00 +(1e+00,2e+01) | 3.84e+01 |  3:2.6e-02  8:6.0e-01
  158 ,   1581 : 5.1370153038850e+00 +(7e-01,3e+00) | 3.93e+01 |  3:2.5e-02  8:6.0e-01
  159 ,   1591 : 4.9124910216655e+00 +(2e+00,9e+00) | 3.94e+01 |  3:2.5e-02  8:5.8e-01
Iterat, #Fevals:   Function Value    (median,worst) |Axis Ratio|idx:Min SD idx:Max SD
  160 ,   1601 : 4.9329265613465e+00 +(2e-01,5e+00) | 3.97e+01 |  3:2.5e-02  8:5.9e-01
  161 ,   1611 : 4.9603443641335e+00 +(3e-01,3e+00) | 4.03e+01 |  3:2.4e-02  8:5.7e-01
  162 ,   1621 : 4.8873127470648e+00 +(2e-01,3e+00) | 4.00e+01 |  3:2.1e-02  8:5.0e-01
  163 ,   1631 : 4.9197589345348e+00 +(1e-01,4e-01) | 4.03e+01 |  3:2.1e-02  8:4.8e-01
  164 ,   1641 : 4.9299825632665e+00 +(3e-01,1e+00) | 3.99e+01 |  3:1.8e-02  8:4.2e-01
  165 ,   1651 : 4.9589851826599e+00 +(4e-01,6e+00) | 4.01e+01 |  3:1.8e-02  8:4.1e-01
  166 ,   1661 : 4.9425727303506e+00 +(2e-01,2e+00) | 4.06e+01 |  3:1.7e-02  8:3.9e-01
  167 ,   1671 : 4.9248110445475e+00 +(6e-02,1e+00) | 4.08e+01 |  3:1.7e-02  8:3.7e-01
  168 ,   1681 : 4.8919941505925e+00 +(3e-01,6e-01) | 4.09e+01 |  3:1.8e-02  8:3.9e-01
  169 ,   1691 : 4.8760744830764e+00 +(2e-01,2e+00) | 4.03e+01 |  3:1.7e-02  8:3.8e-01
Iterat, #Fevals:   Function Value    (median,worst) |Axis Ratio|idx:Min SD idx:Max SD
  170 ,   1701 : 4.9010638516245e+00 +(1e-01,7e-01) | 3.95e+01 |  3:1.6e-02  8:3.5e-01
  171 ,   1711 : 4.8975778686661e+00 +(3e-01,2e+00) | 3.95e+01 |  3:1.4e-02  8:3.2e-01
  172 ,   1721 : 4.9075023321953e+00 +(5e-02,8e-01) | 3.87e+01 |  3:1.3e-02  8:2.9e-01
  173 ,   1731 : 4.9048104541392e+00 +(1e-01,8e-01) | 3.69e+01 |  3:1.3e-02  8:2.9e-01
  174 ,   1741 : 4.9054388500595e+00 +(3e-02,9e-02) | 3.56e+01 |  3:1.4e-02  8:3.0e-01
  175 ,   1751 : 4.9074256159896e+00 +(8e-02,3e-01) | 3.58e+01 |  3:1.4e-02  8:3.2e-01
  176 ,   1761 : 4.9125648326335e+00 +(3e-02,4e-01) | 3.50e+01 |  3:1.4e-02  8:3.0e-01
  177 ,   1771 : 4.9339221869971e+00 +(9e-02,4e-01) | 3.41e+01 |  3:1.5e-02  8:3.1e-01
  178 ,   1781 : 4.8817595161095e+00 +(1e-01,6e-01) | 3.41e+01 |  3:1.4e-02  8:3.0e-01
  179 ,   1791 : 4.8808125888982e+00 +(8e-02,8e-01) | 3.42e+01 |  2:1.4e-02  8:2.9e-01
Iterat, #Fevals:   Function Value    (median,worst) |Axis Ratio|idx:Min SD idx:Max SD
  180 ,   1801 : 4.8820089299063e+00 +(9e-02,4e-01) | 3.41e+01 |  2:1.3e-02  8:2.7e-01
  181 ,   1811 : 4.8714673570163e+00 +(5e-02,3e-01) | 3.47e+01 |  3:1.4e-02  8:2.9e-01
  182 ,   1821 : 4.8833746735598e+00 +(2e-02,8e-01) | 3.52e+01 |  3:1.3e-02  8:2.8e-01
  183 ,   1831 : 4.8837112049849e+00 +(3e-02,2e-01) | 3.53e+01 |  3:1.3e-02  8:2.7e-01
  184 ,   1841 : 4.8559445865366e+00 +(7e-02,3e-01) | 3.57e+01 |  3:1.2e-02  8:2.7e-01
  185 ,   1851 : 4.8675863475007e+00 +(3e-02,4e-01) | 3.62e+01 |  3:1.2e-02  8:2.6e-01
  186 ,   1861 : 4.8823748273754e+00 +(8e-02,1e+00) | 3.60e+01 |  3:1.1e-02  8:2.4e-01
  187 ,   1871 : 4.8836458607269e+00 +(6e-02,3e-01) | 3.52e+01 |  3:1.0e-02  8:2.1e-01
  188 ,   1881 : 4.8737705592132e+00 +(5e-02,2e-01) | 3.61e+01 |  3:9.9e-03  8:2.1e-01
  189 ,   1891 : 4.8569206726642e+00 +(3e-02,2e-01) | 3.86e+01 |  3:1.1e-02  8:2.6e-01
Iterat, #Fevals:   Function Value    (median,worst) |Axis Ratio|idx:Min SD idx:Max SD
  190 ,   1901 : 4.8232922193243e+00 +(5e-02,2e-01) | 4.01e+01 |  3:1.2e-02  8:2.8e-01
  191 ,   1911 : 4.8050462231095e+00 +(1e-01,3e-01) | 4.16e+01 |  3:1.3e-02  8:3.0e-01
  192 ,   1921 : 4.8029474584675e+00 +(8e-02,5e-01) | 4.28e+01 |  3:1.3e-02  8:3.0e-01
  193 ,   1931 : 4.8441096192897e+00 +(6e-02,4e-01) | 4.33e+01 |  3:1.3e-02  8:3.1e-01
  194 ,   1941 : 4.7986393277040e+00 +(1e-01,2e-01) | 4.40e+01 |  3:1.3e-02  8:3.3e-01
  195 ,   1951 : 4.8004780973050e+00 +(9e-02,2e-01) | 4.43e+01 |  3:1.4e-02  8:3.4e-01
  196 ,   1961 : 4.8331491259498e+00 +(8e-02,5e-01) | 4.41e+01 |  3:1.5e-02  8:3.7e-01
  197 ,   1971 : 4.8159901799670e+00 +(1e-01,4e-01) | 4.51e+01 |  3:1.6e-02  8:4.0e-01
  198 ,   1981 : 4.7849195447412e+00 +(1e-01,4e-01) | 4.54e+01 |  3:1.6e-02  8:3.9e-01
  199 ,   1991 : 4.8140356274068e+00 +(1e-01,5e-01) | 4.52e+01 |  3:1.6e-02  8:3.9e-01
Iterat, #Fevals:   Function Value    (median,worst) |Axis Ratio|idx:Min SD idx:Max SD
  200 ,   2001 : 4.7886178393613e+00 +(5e-02,5e-01) | 4.54e+01 |  3:1.6e-02  8:4.0e-01
  201 ,   2011 : 4.8214257068073e+00 +(5e-02,2e-01) | 4.51e+01 |  3:1.5e-02  8:3.8e-01
  202 ,   2021 : 4.8324022015543e+00 +(1e-01,3e-01) | 4.61e+01 |  3:1.6e-02  8:3.9e-01
  203 ,   2031 : 4.8039692559339e+00 +(7e-02,5e-01) | 4.74e+01 |  3:1.4e-02  8:3.6e-01
  204 ,   2041 : 4.7839737240127e+00 +(1e-01,3e-01) | 4.87e+01 |  3:1.4e-02  8:3.5e-01
  205 ,   2051 : 4.7860980323980e+00 +(5e-02,2e-01) | 5.08e+01 |  3:1.4e-02  8:3.6e-01
  206 ,   2061 : 4.8056818301572e+00 +(5e-02,7e-01) | 5.45e+01 |  3:1.5e-02  8:4.1e-01
  207 ,   2071 : 4.7987745938324e+00 +(9e-02,2e-01) | 5.42e+01 |  3:1.5e-02  8:4.3e-01
  208 ,   2081 : 4.7763683990395e+00 +(7e-02,2e-01) | 5.45e+01 |  3:1.4e-02  8:3.9e-01
  209 ,   2091 : 4.8115161612277e+00 +(4e-02,4e-01) | 5.49e+01 |  3:1.3e-02  8:3.7e-01
Iterat, #Fevals:   Function Value    (median,worst) |Axis Ratio|idx:Min SD idx:Max SD
  210 ,   2101 : 4.7877596716855e+00 +(3e-02,3e-01) | 5.45e+01 |  3:1.3e-02  8:3.7e-01
  211 ,   2111 : 4.7796273371339e+00 +(1e-01,4e-01) | 5.38e+01 |  3:1.3e-02  8:3.6e-01
  212 ,   2121 : 4.8325614317329e+00 +(2e-02,3e-01) | 5.46e+01 |  3:1.3e-02  8:3.6e-01
  213 ,   2131 : 4.7980257672606e+00 +(5e-02,1e-01) | 5.50e+01 |  3:1.2e-02  8:3.4e-01
  214 ,   2141 : 4.7765448830248e+00 +(4e-02,2e-01) | 5.63e+01 |  3:1.2e-02  8:3.5e-01
  215 ,   2151 : 4.7549596184605e+00 +(8e-02,2e-01) | 5.61e+01 |  3:1.4e-02  8:3.6e-01
  216 ,   2161 : 4.7973709415292e+00 +(8e-02,3e-01) | 5.69e+01 |  3:1.5e-02  8:4.0e-01
  217 ,   2171 : 4.7369851973682e+00 +(8e-02,2e-01) | 5.71e+01 |  3:1.5e-02  8:3.9e-01
  218 ,   2181 : 4.7755552936041e+00 +(3e-02,4e-01) | 5.69e+01 |  3:1.6e-02  8:4.0e-01
  219 ,   2191 : 4.7372165842150e+00 +(1e-01,4e-01) | 5.80e+01 |  3:1.7e-02  8:4.4e-01
Iterat, #Fevals:   Function Value    (median,worst) |Axis Ratio|idx:Min SD idx:Max SD
  220 ,   2201 : 4.7387540153096e+00 +(1e-01,3e-01) | 5.85e+01 |  3:1.8e-02  8:4.8e-01
  221 ,   2211 : 4.7494073440314e+00 +(1e-01,9e-01) | 5.84e+01 |  3:1.9e-02  8:5.0e-01
  222 ,   2221 : 4.7250206456490e+00 +(2e-01,1e+00) | 5.88e+01 |  3:2.2e-02  8:5.8e-01
  223 ,   2231 : 4.6924338604955e+00 +(1e-01,9e-01) | 5.90e+01 |  3:2.3e-02  8:6.2e-01
  224 ,   2241 : 4.6249919470610e+00 +(2e-01,7e-01) | 5.99e+01 |  3:2.6e-02  8:6.9e-01
  225 ,   2251 : 4.6150050626014e+00 +(2e-01,6e-01) | 5.99e+01 |  3:2.8e-02  8:7.6e-01
  226 ,   2261 : 4.6513218292118e+00 +(3e-01,2e+00) | 6.10e+01 |  3:3.0e-02  8:8.1e-01
  227 ,   2271 : 4.7133853732950e+00 +(2e-01,6e-01) | 6.15e+01 |  3:3.0e-02  8:8.0e-01
  228 ,   2281 : 4.6398411881951e+00 +(4e-01,1e+00) | 6.15e+01 |  3:2.8e-02  8:7.6e-01
  229 ,   2291 : 4.6295064550364e+00 +(2e-01,4e+00) | 6.18e+01 |  3:2.7e-02  8:7.3e-01
Iterat, #Fevals:   Function Value    (median,worst) |Axis Ratio|idx:Min SD idx:Max SD
  230 ,   2301 : 4.5954846626171e+00 +(4e-01,8e-01) | 6.21e+01 |  3:2.6e-02  8:7.2e-01
  231 ,   2311 : 4.6578279943104e+00 +(3e-01,2e+00) | 6.18e+01 |  3:2.3e-02  8:6.3e-01
  232 ,   2321 : 4.6381138671439e+00 +(2e-01,1e+00) | 6.34e+01 |  3:2.3e-02  8:6.3e-01
  233 ,   2331 : 4.6477026310126e+00 +(2e-01,2e+00) | 6.40e+01 |  3:2.0e-02  8:5.5e-01
  234 ,   2341 : 4.6940005370580e+00 +(9e-02,2e+00) | 6.35e+01 |  3:1.8e-02  8:5.0e-01
  235 ,   2351 : 4.6441523626813e+00 +(1e-01,3e-01) | 6.34e+01 |  3:1.8e-02  8:4.8e-01
  236 ,   2361 : 4.6584964572995e+00 +(9e-02,7e-01) | 6.35e+01 |  3:1.8e-02  8:4.7e-01
  237 ,   2371 : 4.6290569719933e+00 +(8e-02,4e-01) | 6.41e+01 |  3:1.7e-02  8:4.5e-01
  238 ,   2381 : 4.6445025510734e+00 +(9e-02,6e-01) | 6.43e+01 |  3:1.7e-02  8:4.5e-01
  239 ,   2391 : 4.6241715390180e+00 +(1e-01,4e-01) | 6.54e+01 |  3:1.7e-02  8:4.5e-01
Iterat, #Fevals:   Function Value    (median,worst) |Axis Ratio|idx:Min SD idx:Max SD
  240 ,   2401 : 4.5807027134011e+00 +(1e-01,5e-01) | 6.64e+01 |  3:1.7e-02  8:4.6e-01
  241 ,   2411 : 4.5535579899878e+00 +(1e-01,3e-01) | 6.64e+01 |  3:1.8e-02  8:4.8e-01
  242 ,   2421 : 4.4889728425522e+00 +(1e-01,9e-01) | 6.62e+01 |  3:1.9e-02  8:5.1e-01
  243 ,   2431 : 4.4298713522323e+00 +(3e-01,1e+00) | 6.63e+01 |  3:2.0e-02  8:5.4e-01
  244 ,   2441 : 4.3983412215322e+00 +(3e-01,1e+00) | 6.55e+01 |  3:2.2e-02  8:5.7e-01
  245 ,   2451 : 4.4977411363386e+00 +(2e-01,1e+00) | 6.60e+01 |  3:2.0e-02  8:5.2e-01
  246 ,   2461 : 4.3956698187482e+00 +(2e-01,2e+00) | 6.60e+01 |  3:1.9e-02  8:5.0e-01
  247 ,   2471 : 4.4063566899636e+00 +(2e-01,1e+00) | 6.50e+01 |  3:2.0e-02  8:5.1e-01
  248 ,   2481 : 4.3545558850261e+00 +(2e-01,9e-01) | 6.53e+01 |  3:1.9e-02  8:4.8e-01
  249 ,   2491 : 4.2491077113904e+00 +(3e-01,2e+00) | 6.99e+01 |  3:2.1e-02  8:5.4e-01
Iterat, #Fevals:   Function Value    (median,worst) |Axis Ratio|idx:Min SD idx:Max SD
  250 ,   2501 : 4.2609544217066e+00 +(5e-01,2e+00) | 7.52e+01 |  3:2.3e-02  8:5.9e-01
  251 ,   2511 : 4.3010903424754e+00 +(6e-01,2e+00) | 7.63e+01 |  3:2.2e-02  8:5.8e-01
  252 ,   2521 : 4.2481257050870e+00 +(3e-01,2e+00) | 7.82e+01 |  3:2.2e-02  8:5.8e-01
  253 ,   2531 : 4.0161501851776e+00 +(2e-01,7e-01) | 8.68e+01 |  3:2.5e-02  8:6.8e-01
  254 ,   2541 : 3.9533066736124e+00 +(5e-01,8e+00) | 9.05e+01 |  3:3.0e-02  8:8.3e-01
  255 ,   2551 : 3.9944428261127e+00 +(3e-01,4e+01) | 9.14e+01 |  3:3.2e-02  8:9.0e-01
  256 ,   2561 : 4.1761047782701e+00 +(9e-01,2e+01) | 9.15e+01 |  3:3.4e-02  8:9.4e-01
  257 ,   2571 : 4.1300863077442e+00 +(6e-01,5e+00) | 9.10e+01 |  3:3.2e-02  8:8.9e-01
  258 ,   2581 : 4.4538716616649e+00 +(6e-01,2e+00) | 9.18e+01 |  3:3.0e-02  8:8.6e-01
  259 ,   2591 : 4.3708186279479e+00 +(5e-01,9e+00) | 9.29e+01 |  3:2.9e-02  9:8.2e-01
Iterat, #Fevals:   Function Value    (median,worst) |Axis Ratio|idx:Min SD idx:Max SD
  260 ,   2601 : 4.2059177278226e+00 +(3e-01,2e+00) | 9.43e+01 |  3:2.6e-02  8:7.5e-01
  261 ,   2611 : 4.1125474403691e+00 +(5e-01,7e+00) | 9.62e+01 |  3:2.7e-02  9:7.8e-01
  262 ,   2621 : 4.1072112906125e+00 +(8e-01,3e+00) | 9.70e+01 |  3:2.6e-02  9:7.5e-01
  263 ,   2631 : 3.8478311425729e+00 +(3e-01,1e+00) | 9.79e+01 |  3:2.4e-02  9:7.2e-01
  264 ,   2641 : 3.8099541622547e+00 +(3e-01,1e+00) | 9.80e+01 |  3:2.3e-02  9:7.0e-01
  265 ,   2651 : 3.9331942936256e+00 +(3e-01,2e+00) | 9.79e+01 |  3:2.1e-02  9:6.4e-01
  266 ,   2661 : 3.6160212080734e+00 +(6e-01,3e+00) | 1.02e+02 |  3:2.0e-02  9:6.3e-01
  267 ,   2671 : 3.5678087760083e+00 +(5e-01,6e+00) | 1.06e+02 |  3:2.0e-02  9:6.6e-01
  268 ,   2681 : 3.4624391945378e+00 +(1e+00,3e+00) | 1.08e+02 |  3:2.0e-02  9:6.8e-01
  269 ,   2691 : 3.3397600467429e+00 +(8e-01,2e+01) | 1.07e+02 |  3:2.2e-02  9:7.5e-01
Iterat, #Fevals:   Function Value    (median,worst) |Axis Ratio|idx:Min SD idx:Max SD
  270 ,   2701 : 3.7240475042026e+00 +(8e-01,5e+00) | 1.11e+02 |  3:2.0e-02  9:7.1e-01
  271 ,   2711 : 3.5031152479471e+00 +(5e-01,6e+00) | 1.12e+02 |  3:1.7e-02  9:6.0e-01
  272 ,   2721 : 3.6459264166554e+00 +(5e-01,2e+01) | 1.12e+02 |  3:1.5e-02  9:5.4e-01
  273 ,   2731 : 3.5231742333336e+00 +(4e-01,7e+00) | 1.12e+02 |  3:1.4e-02  9:5.1e-01
  274 ,   2741 : 3.4695609463018e+00 +(4e-01,4e+00) | 1.11e+02 |  3:1.7e-02  9:5.8e-01
  275 ,   2751 : 3.3346213498753e+00 +(8e-01,7e+00) | 1.11e+02 |  3:1.7e-02  9:5.7e-01
  276 ,   2761 : 3.4198280025585e+00 +(5e-01,4e+00) | 1.10e+02 |  3:1.5e-02  9:4.9e-01
  277 ,   2771 : 3.2327813349607e+00 +(7e-01,3e+00) | 1.13e+02 |  3:1.6e-02  9:5.1e-01
  278 ,   2781 : 3.4679758193060e+00 +(7e-01,4e+00) | 1.15e+02 |  3:1.4e-02  9:4.6e-01
  279 ,   2791 : 3.3995093277738e+00 +(3e-01,2e+00) | 1.13e+02 |  3:1.4e-02  9:4.4e-01
Iterat, #Fevals:   Function Value    (median,worst) |Axis Ratio|idx:Min SD idx:Max SD
  280 ,   2801 : 3.3679144302680e+00 +(7e-01,2e+01) | 1.12e+02 |  3:1.3e-02  9:4.2e-01
  281 ,   2811 : 3.3604921686438e+00 +(4e-01,6e+00) | 1.10e+02 |  3:1.2e-02  9:3.7e-01
  282 ,   2821 : 3.3736347305389e+00 +(6e-01,2e+00) | 1.06e+02 |  3:1.2e-02  9:3.8e-01
  283 ,   2831 : 3.3433481740861e+00 +(3e-01,2e+00) | 1.06e+02 |  3:1.2e-02  9:3.7e-01
  284 ,   2841 : 3.2018781243692e+00 +(4e-01,6e+00) | 1.09e+02 |  3:1.3e-02  8:3.9e-01
  285 ,   2851 : 3.0824247298260e+00 +(5e-01,2e+00) | 1.10e+02 |  3:1.3e-02  8:4.0e-01
  286 ,   2861 : 3.1607807275647e+00 +(5e-01,3e+00) | 1.11e+02 |  3:1.5e-02  8:4.6e-01
  287 ,   2871 : 3.1336255656172e+00 +(3e-01,3e+00) | 1.12e+02 |  3:1.6e-02  8:4.9e-01
  288 ,   2881 : 3.0260973307134e+00 +(1e+00,1e+01) | 1.12e+02 |  3:1.5e-02  8:4.7e-01
  289 ,   2891 : 3.1696999668014e+00 +(8e-01,1e+01) | 1.12e+02 |  3:1.5e-02  8:4.6e-01
Iterat, #Fevals:   Function Value    (median,worst) |Axis Ratio|idx:Min SD idx:Max SD
  290 ,   2901 : 3.0972772113309e+00 +(2e+00,6e+00) | 1.13e+02 |  3:1.4e-02  8:4.2e-01
  291 ,   2911 : 3.0879197324236e+00 +(7e-01,7e+00) | 1.16e+02 |  3:1.3e-02  8:4.1e-01
  292 ,   2921 : 3.0823380289604e+00 +(8e-01,6e+00) | 1.14e+02 |  3:1.4e-02  8:4.4e-01
  293 ,   2931 : 3.1174206967188e+00 +(5e-01,2e+00) | 1.15e+02 |  3:1.3e-02  8:4.1e-01
  294 ,   2941 : 3.1341759714278e+00 +(9e-01,7e+00) | 1.15e+02 |  3:1.2e-02  8:3.9e-01
  295 ,   2951 : 3.1182634592512e+00 +(5e-01,2e+00) | 1.15e+02 |  3:1.1e-02  8:3.4e-01
  296 ,   2961 : 3.0701116855693e+00 +(2e-01,4e+00) | 1.11e+02 |  3:1.1e-02  8:3.3e-01
  297 ,   2971 : 3.1964231647940e+00 +(9e-02,2e+00) | 1.08e+02 |  3:1.1e-02  8:3.4e-01
  298 ,   2981 : 3.1804193003283e+00 +(3e-01,1e+00) | 1.08e+02 |  3:1.0e-02  8:3.2e-01
  299 ,   2991 : 3.1362820729274e+00 +(5e-01,2e+00) | 1.04e+02 |  3:9.8e-03  8:3.1e-01
Iterat, #Fevals:   Function Value    (median,worst) |Axis Ratio|idx:Min SD idx:Max SD
  300 ,   3001 : 3.0958315734724e+00 +(3e-01,1e+00) | 1.04e+02 |  3:1.0e-02  8:3.0e-01
  301 ,   3011 : 3.1258739167280e+00 +(2e-01,2e+00) | 1.01e+02 |  3:1.0e-02  8:3.0e-01
  302 ,   3021 : 3.1198985001830e+00 +(6e-02,7e-01) | 1.00e+02 |  3:1.0e-02  8:2.9e-01
  303 ,   3031 : 3.1608705798792e+00 +(5e-01,2e+00) | 9.86e+01 |  3:1.1e-02  8:3.1e-01
  304 ,   3041 : 3.1871815780795e+00 +(4e-01,2e+00) | 9.76e+01 |  3:1.2e-02  8:3.4e-01
  305 ,   3051 : 3.2436296459768e+00 +(3e-01,1e+00) | 9.76e+01 |  3:1.3e-02  8:3.5e-01
  306 ,   3061 : 3.1812952004153e+00 +(3e-01,1e+00) | 9.76e+01 |  3:1.3e-02  8:3.7e-01
  307 ,   3071 : 3.1094381522784e+00 +(3e-01,5e+00) | 9.69e+01 |  3:1.4e-02  8:3.9e-01
  308 ,   3081 : 3.2226958863144e+00 +(7e-01,4e+00) | 9.90e+01 |  3:1.4e-02  8:3.9e-01
  309 ,   3091 : 3.1915867005054e+00 +(4e-01,1e+00) | 9.95e+01 |  3:1.3e-02  8:3.7e-01
Iterat, #Fevals:   Function Value    (median,worst) |Axis Ratio|idx:Min SD idx:Max SD
  310 ,   3101 : 3.1068060920348e+00 +(4e-01,2e+00) | 9.84e+01 |  3:1.2e-02  8:3.4e-01
  311 ,   3111 : 3.1045397717527e+00 +(5e-01,2e+00) | 9.70e+01 |  3:1.1e-02  8:3.2e-01
  312 ,   3121 : 3.0914561883731e+00 +(7e-01,2e+00) | 1.03e+02 |  3:1.1e-02  8:3.3e-01
  313 ,   3131 : 3.0818718488792e+00 +(2e-01,2e+00) | 1.06e+02 |  3:1.1e-02  8:3.5e-01
  314 ,   3141 : 3.1422853664735e+00 +(3e-01,2e+00) | 1.08e+02 |  3:1.1e-02  8:3.4e-01
  315 ,   3151 : 3.1651420195211e+00 +(3e-01,1e+00) | 1.09e+02 |  3:1.0e-02  8:3.1e-01
  316 ,   3161 : 3.0781593728443e+00 +(3e-01,2e+00) | 1.11e+02 |  3:9.6e-03  8:3.0e-01
  317 ,   3171 : 3.0457225919842e+00 +(6e-01,3e+00) | 1.09e+02 |  3:8.9e-03  8:2.8e-01
  318 ,   3181 : 3.0748665419713e+00 +(2e-01,1e+00) | 1.08e+02 |  3:7.9e-03  8:2.5e-01
  319 ,   3191 : 3.0466654022595e+00 +(8e-02,3e+00) | 1.07e+02 |  3:7.1e-03  8:2.2e-01
Iterat, #Fevals:   Function Value    (median,worst) |Axis Ratio|idx:Min SD idx:Max SD
  320 ,   3201 : 3.0512904943864e+00 +(2e-01,2e+00) | 1.07e+02 |  3:6.8e-03  8:2.1e-01
  321 ,   3211 : 3.0534854465594e+00 +(3e-01,1e+00) | 1.07e+02 |  3:6.4e-03  8:2.0e-01
  322 ,   3221 : 3.0833964082602e+00 +(2e-01,9e-01) | 1.10e+02 |  3:6.3e-03  8:2.0e-01
  323 ,   3231 : 2.9993892315574e+00 +(1e-01,1e+00) | 1.10e+02 |  3:6.0e-03  8:1.9e-01
  324 ,   3241 : 3.0073248240565e+00 +(8e-02,1e+00) | 1.10e+02 |  3:5.8e-03  8:1.8e-01
  325 ,   3251 : 2.9833575521570e+00 +(7e-02,5e-01) | 1.10e+02 |  3:6.3e-03  8:1.9e-01
  326 ,   3261 : 2.9984875282100e+00 +(3e-02,7e-01) | 1.11e+02 |  3:7.6e-03  8:2.3e-01
  327 ,   3271 : 2.9963814705017e+00 +(7e-02,1e+00) | 1.10e+02 |  3:7.6e-03  8:2.3e-01
  328 ,   3281 : 2.9957127029185e+00 +(8e-02,1e+00) | 1.08e+02 |  3:7.4e-03  8:2.3e-01
  329 ,   3291 : 2.9886923508194e+00 +(1e-01,2e+00) | 1.07e+02 |  3:6.8e-03  8:2.1e-01
Iterat, #Fevals:   Function Value    (median,worst) |Axis Ratio|idx:Min SD idx:Max SD
  330 ,   3301 : 2.9944329819117e+00 +(1e-01,9e-01) | 1.08e+02 |  3:6.4e-03  8:2.1e-01
  331 ,   3311 : 2.9798122195194e+00 +(1e-01,2e+00) | 1.09e+02 |  3:6.6e-03  8:2.2e-01
  332 ,   3321 : 2.9752207929647e+00 +(1e-01,7e-01) | 1.10e+02 |  3:6.3e-03  8:2.0e-01
  333 ,   3331 : 2.9778312627490e+00 +(1e-01,4e-01) | 1.11e+02 |  3:6.0e-03  8:1.9e-01
  334 ,   3341 : 3.0000310854991e+00 +(2e-02,2e+00) | 1.09e+02 |  3:5.7e-03  8:1.9e-01
  335 ,   3351 : 2.9746632274460e+00 +(3e-01,9e-01) | 1.11e+02 |  3:5.8e-03  8:1.9e-01
  336 ,   3361 : 2.9836120640490e+00 +(1e-01,1e+00) | 1.11e+02 |  3:5.8e-03  8:1.9e-01
  337 ,   3371 : 2.9945008564903e+00 +(2e-01,1e+00) | 1.12e+02 |  3:5.1e-03  8:1.7e-01
  338 ,   3381 : 3.0117772858984e+00 +(3e-01,1e+00) | 1.10e+02 |  3:4.8e-03  8:1.5e-01
  339 ,   3391 : 2.9825271589276e+00 +(1e-01,4e-01) | 1.10e+02 |  3:4.5e-03  8:1.4e-01
Iterat, #Fevals:   Function Value    (median,worst) |Axis Ratio|idx:Min SD idx:Max SD
  340 ,   3401 : 3.0019793498696e+00 +(1e-01,4e-01) | 1.11e+02 |  3:4.0e-03  8:1.3e-01
  341 ,   3411 : 3.0017864893320e+00 +(1e-01,6e-01) | 1.08e+02 |  3:3.8e-03  8:1.2e-01
  342 ,   3421 : 3.0046280605542e+00 +(9e-02,4e-01) | 1.07e+02 |  3:4.2e-03  8:1.3e-01
  343 ,   3431 : 2.9787759118727e+00 +(1e-01,7e-01) | 1.08e+02 |  3:4.1e-03  8:1.2e-01
  344 ,   3441 : 3.0064681093134e+00 +(8e-02,2e-01) | 1.08e+02 |  3:4.2e-03  8:1.3e-01
  345 ,   3451 : 2.9944823801491e+00 +(2e-02,1e-01) | 1.02e+02 |  3:4.7e-03  8:1.4e-01
  346 ,   3461 : 2.9771287453251e+00 +(6e-02,5e-01) | 9.97e+01 |  3:5.4e-03  8:1.5e-01
  347 ,   3471 : 2.9742731252272e+00 +(1e-01,8e-01) | 9.68e+01 |  3:5.5e-03  8:1.5e-01
  348 ,   3481 : 2.9854611824177e+00 +(9e-02,3e-01) | 9.73e+01 |  3:5.4e-03  8:1.5e-01
  349 ,   3491 : 2.9850261739014e+00 +(3e-02,2e-01) | 9.60e+01 |  3:5.2e-03  8:1.4e-01
Iterat, #Fevals:   Function Value    (median,worst) |Axis Ratio|idx:Min SD idx:Max SD
  350 ,   3501 : 2.9962798489704e+00 +(4e-02,6e-01) | 9.74e+01 |  3:5.1e-03  8:1.4e-01
  351 ,   3511 : 2.9893647709015e+00 +(7e-02,3e-01) | 9.73e+01 |  3:5.1e-03  8:1.4e-01
  352 ,   3521 : 2.9957556652764e+00 +(7e-02,4e-01) | 9.67e+01 |  3:5.3e-03  8:1.4e-01
  353 ,   3531 : 2.9808870337294e+00 +(1e-01,6e-01) | 9.57e+01 |  3:5.0e-03  8:1.4e-01
  354 ,   3541 : 2.9842158586517e+00 +(3e-02,2e-01) | 9.41e+01 |  3:5.3e-03  8:1.4e-01
  355 ,   3551 : 2.9801975741649e+00 +(2e-02,2e-01) | 9.34e+01 |  3:5.7e-03  8:1.4e-01
  356 ,   3561 : 2.9962541167160e+00 +(2e-02,8e-01) | 9.43e+01 |  3:5.6e-03  8:1.4e-01
  357 ,   3571 : 2.9938208620766e+00 +(6e-02,4e-01) | 9.40e+01 |  3:5.5e-03  8:1.3e-01
  358 ,   3581 : 3.0015890722638e+00 +(3e-02,2e-01) | 9.45e+01 |  3:5.9e-03  8:1.4e-01
  359 ,   3591 : 2.9788419389074e+00 +(5e-02,4e-01) | 9.44e+01 |  3:5.4e-03  8:1.3e-01
Iterat, #Fevals:   Function Value    (median,worst) |Axis Ratio|idx:Min SD idx:Max SD
  360 ,   3601 : 2.9772628729417e+00 +(4e-02,3e-01) | 9.51e+01 |  3:4.6e-03  8:1.1e-01
  361 ,   3611 : 2.9850449868129e+00 +(3e-02,2e-01) | 9.47e+01 |  3:4.3e-03  8:1.0e-01
  362 ,   3621 : 2.9849214345536e+00 +(4e-02,1e-01) | 9.32e+01 |  3:4.3e-03  8:9.9e-02
  363 ,   3631 : 2.9816128400007e+00 +(5e-02,8e-02) | 9.22e+01 |  3:4.4e-03  8:1.0e-01
  364 ,   3641 : 2.9885718764478e+00 +(3e-02,1e-01) | 9.14e+01 |  3:4.5e-03  8:1.0e-01
  365 ,   3651 : 2.9874386005981e+00 +(3e-02,3e-01) | 9.09e+01 |  3:4.3e-03  8:9.9e-02
  366 ,   3661 : 2.9828189523838e+00 +(5e-02,2e-01) | 8.85e+01 |  3:4.5e-03  8:1.0e-01
  367 ,   3671 : 2.9820263276204e+00 +(3e-02,8e-02) | 8.98e+01 |  3:4.8e-03  8:1.1e-01
  368 ,   3681 : 2.9762585075462e+00 +(4e-02,1e-01) | 9.01e+01 |  3:4.8e-03  8:1.1e-01
  369 ,   3691 : 2.9779476144221e+00 +(3e-02,1e-01) | 9.03e+01 |  3:4.4e-03  8:9.8e-02
Iterat, #Fevals:   Function Value    (median,worst) |Axis Ratio|idx:Min SD idx:Max SD
  370 ,   3701 : 2.9688837135026e+00 +(6e-02,2e-01) | 9.06e+01 |  3:3.8e-03  8:8.6e-02
  371 ,   3711 : 2.9838072676247e+00 +(2e-02,5e-02) | 9.10e+01 |  3:3.3e-03  8:7.3e-02
  372 ,   3721 : 2.9753315839844e+00 +(2e-02,8e-02) | 9.13e+01 |  3:3.1e-03  8:6.7e-02
  373 ,   3731 : 2.9772048693085e+00 +(2e-02,7e-02) | 9.26e+01 |  3:3.0e-03  8:6.6e-02
  374 ,   3741 : 2.9778070529577e+00 +(1e-02,6e-02) | 9.27e+01 |  3:3.0e-03  8:6.5e-02
  375 ,   3751 : 2.9843181330227e+00 +(1e-02,3e-02) | 9.62e+01 |  3:3.0e-03  8:6.5e-02
  376 ,   3761 : 2.9779172590440e+00 +(8e-03,6e-02) | 9.63e+01 |  3:2.6e-03  8:5.7e-02
  377 ,   3771 : 2.9768772410166e+00 +(2e-02,4e-02) | 9.64e+01 |  3:2.6e-03  8:5.6e-02
  378 ,   3781 : 2.9780256776817e+00 +(1e-02,4e-02) | 9.65e+01 |  3:2.5e-03  8:5.3e-02
  379 ,   3791 : 2.9747915702972e+00 +(1e-02,9e-02) | 9.63e+01 |  3:2.9e-03  8:5.5e-02
Iterat, #Fevals:   Function Value    (median,worst) |Axis Ratio|idx:Min SD idx:Max SD
  380 ,   3801 : 2.9781954267092e+00 +(1e-02,4e-02) | 9.63e+01 |  3:3.0e-03  8:5.5e-02
  381 ,   3811 : 2.9836166115103e+00 +(8e-03,6e-02) | 9.55e+01 |  3:2.8e-03  8:5.3e-02
  382 ,   3821 : 2.9740193311811e+00 +(2e-02,5e-02) | 9.74e+01 |  3:2.7e-03  8:5.2e-02
  383 ,   3831 : 2.9820535859008e+00 +(1e-02,6e-02) | 9.72e+01 |  3:2.4e-03  8:4.6e-02
  384 ,   3841 : 2.9751448839332e+00 +(2e-02,3e-02) | 9.56e+01 |  3:2.2e-03  8:4.3e-02
  385 ,   3851 : 2.9760883967088e+00 +(1e-02,3e-02) | 9.52e+01 |  3:2.3e-03  8:4.4e-02
  386 ,   3861 : 2.9758501218882e+00 +(1e-02,5e-02) | 9.71e+01 |  3:2.6e-03  8:5.1e-02
  387 ,   3871 : 2.9708378538464e+00 +(1e-02,2e-02) | 9.93e+01 |  3:3.0e-03  8:5.8e-02
  388 ,   3881 : 2.9738519457850e+00 +(1e-02,4e-02) | 1.00e+02 |  3:2.8e-03  8:5.4e-02
  389 ,   3891 : 2.9762519109151e+00 +(5e-03,3e-02) | 1.01e+02 |  3:2.5e-03  8:4.8e-02
Iterat, #Fevals:   Function Value    (median,worst) |Axis Ratio|idx:Min SD idx:Max SD
  390 ,   3901 : 2.9751302966702e+00 +(1e-02,2e-02) | 1.03e+02 |  3:2.2e-03  8:4.3e-02
  391 ,   3911 : 2.9731567929006e+00 +(7e-03,2e-02) | 1.04e+02 |  3:2.1e-03  8:4.0e-02
  392 ,   3921 : 2.9748830096843e+00 +(7e-03,2e-02) | 1.02e+02 |  3:1.9e-03  8:3.7e-02
  393 ,   3931 : 2.9714851031921e+00 +(9e-03,2e-02) | 1.04e+02 |  3:1.7e-03  8:3.4e-02
  394 ,   3941 : 2.9746055962330e+00 +(8e-03,2e-02) | 1.06e+02 |  3:1.6e-03  8:3.1e-02
  395 ,   3951 : 2.9775416148880e+00 +(8e-03,2e-02) | 1.06e+02 |  3:1.6e-03  8:3.0e-02
  396 ,   3961 : 2.9726847921561e+00 +(7e-03,2e-02) | 1.05e+02 |  3:1.4e-03  8:2.7e-02
  397 ,   3971 : 2.9712540594933e+00 +(1e-02,2e-02) | 1.07e+02 |  3:1.3e-03  8:2.5e-02
  398 ,   3981 : 2.9701733701171e+00 +(2e-02,2e-02) | 1.08e+02 |  3:1.3e-03  8:2.5e-02
  399 ,   3991 : 2.9701512000695e+00 +(1e-02,2e-02) | 1.11e+02 |  3:1.2e-03  8:2.3e-02
Iterat, #Fevals:   Function Value    (median,worst) |Axis Ratio|idx:Min SD idx:Max SD
  400 ,   4001 : 2.9732468372574e+00 +(4e-03,2e-02) | 1.08e+02 |  3:1.2e-03  8:2.3e-02
  401 ,   4011 : 2.9758031843245e+00 +(1e-02,2e-02) | 1.10e+02 |  3:1.2e-03  8:2.3e-02
  402 ,   4021 : 2.9791863900745e+00 +(5e-03,2e-02) | 1.14e+02 |  3:1.1e-03  8:2.2e-02
  403 ,   4031 : 2.9702237554150e+00 +(2e-02,2e-02) | 1.14e+02 |  3:1.0e-03  8:2.0e-02
  404 ,   4041 : 2.9753976803120e+00 +(9e-03,2e-02) | 1.14e+02 |  3:1.1e-03  8:2.0e-02
  405 ,   4051 : 2.9712963208893e+00 +(1e-02,3e-02) | 1.17e+02 |  3:1.1e-03  8:2.1e-02
  406 ,   4061 : 2.9712377196951e+00 +(1e-02,2e-02) | 1.20e+02 |  3:1.2e-03  8:2.2e-02
  407 ,   4071 : 2.9732896709755e+00 +(1e-02,2e-02) | 1.22e+02 |  3:1.2e-03  8:2.3e-02
  408 ,   4081 : 2.9723721738340e+00 +(5e-03,3e-02) | 1.22e+02 |  3:1.2e-03  8:2.4e-02
  409 ,   4091 : 2.9749663641357e+00 +(1e-02,2e-02) | 1.17e+02 |  3:1.3e-03  8:2.6e-02
Iterat, #Fevals:   Function Value    (median,worst) |Axis Ratio|idx:Min SD idx:Max SD
  410 ,   4101 : 2.9741630298115e+00 +(1e-02,3e-02) | 1.19e+02 |  3:1.2e-03  8:2.5e-02
  411 ,   4111 : 2.9742450676547e+00 +(9e-03,2e-02) | 1.24e+02 |  3:1.2e-03  8:2.5e-02
  412 ,   4121 : 2.9720141836754e+00 +(7e-03,2e-02) | 1.23e+02 |  3:1.2e-03  8:2.4e-02
  413 ,   4131 : 2.9718288527223e+00 +(3e-03,1e-02) | 1.23e+02 |  3:1.2e-03  8:2.4e-02
  414 ,   4141 : 2.9740117014486e+00 +(6e-03,2e-02) | 1.23e+02 |  3:1.0e-03  8:2.1e-02
  415 ,   4151 : 2.9708425253597e+00 +(2e-02,2e-02) | 1.24e+02 |  3:9.4e-04  8:1.9e-02
  416 ,   4161 : 2.9720344581048e+00 +(9e-03,3e-02) | 1.25e+02 |  3:9.3e-04  8:1.9e-02
  417 ,   4171 : 2.9757147610830e+00 +(9e-03,2e-02) | 1.27e+02 |  3:9.7e-04  8:2.0e-02
  418 ,   4181 : 2.9730202400075e+00 +(1e-02,2e-02) | 1.28e+02 |  3:1.0e-03  8:2.2e-02
  419 ,   4191 : 2.9751046518250e+00 +(1e-02,2e-02) | 1.34e+02 |  3:1.2e-03  8:2.7e-02
Iterat, #Fevals:   Function Value    (median,worst) |Axis Ratio|idx:Min SD idx:Max SD
  420 ,   4201 : 2.9751738290483e+00 +(9e-03,2e-02) | 1.33e+02 |  3:1.3e-03  8:2.8e-02
  421 ,   4211 : 2.9725888651953e+00 +(9e-03,2e-02) | 1.33e+02 |  3:1.2e-03  8:2.7e-02
  422 ,   4221 : 2.9737190448310e+00 +(4e-03,2e-02) | 1.33e+02 |  3:1.2e-03  8:2.7e-02
  423 ,   4231 : 2.9764977904367e+00 +(8e-03,2e-02) | 1.35e+02 |  3:1.1e-03  8:2.6e-02
  424 ,   4241 : 2.9756034338302e+00 +(9e-03,2e-02) | 1.38e+02 |  3:1.1e-03  8:2.6e-02
  425 ,   4251 : 2.9759916885679e+00 +(1e-02,2e-02) | 1.38e+02 |  3:1.1e-03  8:2.5e-02
  426 ,   4261 : 2.9725208011914e+00 +(8e-03,2e-02) | 1.39e+02 |  3:9.5e-04  8:2.3e-02
  427 ,   4271 : 2.9749532182317e+00 +(2e-03,2e-02) | 1.40e+02 |  3:8.4e-04  8:2.0e-02
  428 ,   4281 : 2.9742073946996e+00 +(2e-03,2e-02) | 1.40e+02 |  3:8.2e-04  8:1.9e-02
  429 ,   4291 : 2.9728484082234e+00 +(2e-02,2e-02) | 1.39e+02 |  3:8.2e-04  8:2.0e-02
Iterat, #Fevals:   Function Value    (median,worst) |Axis Ratio|idx:Min SD idx:Max SD
  430 ,   4301 : 2.9767267249341e+00 +(1e-02,2e-02) | 1.41e+02 |  3:8.7e-04  8:2.0e-02
  431 ,   4311 : 2.9703082835157e+00 +(7e-03,2e-02) | 1.43e+02 |  3:9.9e-04  8:2.0e-02
  432 ,   4321 : 2.9710712811646e+00 +(2e-02,2e-02) | 1.50e+02 |  3:1.1e-03  8:2.2e-02
  433 ,   4331 : 2.9704114602845e+00 +(1e-02,2e-02) | 1.50e+02 |  3:1.1e-03  8:2.1e-02
  434 ,   4341 : 2.9730935964336e+00 +(1e-02,2e-02) | 1.50e+02 |  3:1.0e-03  8:2.0e-02
  435 ,   4351 : 2.9720212302299e+00 +(8e-03,2e-02) | 1.42e+02 |  3:1.0e-03  8:1.9e-02
  436 ,   4361 : 2.9714190493805e+00 +(4e-03,2e-02) | 1.42e+02 |  3:9.4e-04  8:1.8e-02
  437 ,   4371 : 2.9695027762648e+00 +(2e-02,3e-02) | 1.46e+02 |  3:9.0e-04  8:1.7e-02
  438 ,   4381 : 2.9709239549050e+00 +(9e-03,2e-02) | 1.46e+02 |  3:8.5e-04  8:1.6e-02
  439 ,   4391 : 2.9766605980181e+00 +(1e-02,2e-02) | 1.46e+02 |  3:8.5e-04  8:1.6e-02
Iterat, #Fevals:   Function Value    (median,worst) |Axis Ratio|idx:Min SD idx:Max SD
  440 ,   4401 : 2.9730802486517e+00 +(1e-02,2e-02) | 1.45e+02 |  3:8.7e-04  8:1.7e-02
  441 ,   4411 : 2.9727182566091e+00 +(2e-03,2e-02) | 1.49e+02 |  3:8.5e-04  8:1.7e-02
  442 ,   4421 : 2.9714180116787e+00 +(8e-03,2e-02) | 1.52e+02 |  3:8.3e-04  8:1.6e-02
  443 ,   4431 : 2.9697743479338e+00 +(1e-02,2e-02) | 1.54e+02 |  3:7.6e-04  8:1.5e-02
  444 ,   4441 : 2.9692857347634e+00 +(7e-03,2e-02) | 1.58e+02 |  3:7.2e-04  8:1.4e-02
  445 ,   4451 : 2.9714815708030e+00 +(8e-03,2e-02) | 1.57e+02 |  3:6.8e-04  8:1.3e-02
  446 ,   4461 : 2.9689529869268e+00 +(1e-02,2e-02) | 1.58e+02 |  3:6.9e-04  8:1.3e-02
  447 ,   4471 : 2.9723102139104e+00 +(6e-03,2e-02) | 1.58e+02 |  3:6.6e-04  8:1.3e-02
  448 ,   4481 : 2.9739121096885e+00 +(1e-02,2e-02) | 1.57e+02 |  3:6.3e-04  8:1.2e-02
  449 ,   4491 : 2.9668410219969e+00 +(1e-02,3e-02) | 1.60e+02 |  3:5.9e-04  8:1.2e-02
Iterat, #Fevals:   Function Value    (median,worst) |Axis Ratio|idx:Min SD idx:Max SD
  450 ,   4501 : 2.9691589616525e+00 +(9e-03,2e-02) | 1.60e+02 |  3:6.0e-04  8:1.2e-02
  451 ,   4511 : 2.9685954511054e+00 +(2e-02,3e-02) | 1.59e+02 |  3:5.8e-04  8:1.2e-02
  452 ,   4521 : 2.9691827656617e+00 +(7e-03,2e-02) | 1.54e+02 |  3:5.9e-04  8:1.2e-02
  453 ,   4531 : 2.9680889885490e+00 +(9e-03,2e-02) | 1.54e+02 |  3:6.1e-04  8:1.3e-02
  454 ,   4541 : 2.9727745571476e+00 +(5e-03,2e-02) | 1.54e+02 |  3:6.5e-04  8:1.3e-02
  455 ,   4551 : 2.9703400724963e+00 +(9e-03,2e-02) | 1.51e+02 |  3:6.4e-04  8:1.3e-02
  456 ,   4561 : 2.9734399366354e+00 +(1e-02,2e-02) | 1.50e+02 |  3:6.6e-04  8:1.3e-02
  457 ,   4571 : 2.9682051340570e+00 +(9e-03,2e-02) | 1.52e+02 |  3:6.6e-04  8:1.4e-02
  458 ,   4581 : 2.9714353013900e+00 +(1e-02,2e-02) | 1.52e+02 |  3:6.3e-04  8:1.3e-02
  459 ,   4591 : 2.9729013581556e+00 +(6e-03,2e-02) | 1.60e+02 |  3:6.2e-04  8:1.3e-02
Iterat, #Fevals:   Function Value    (median,worst) |Axis Ratio|idx:Min SD idx:Max SD
  460 ,   4601 : 2.9695686466210e+00 +(9e-03,2e-02) | 1.64e+02 |  3:6.3e-04  8:1.3e-02
  461 ,   4611 : 2.9704040566642e+00 +(6e-03,2e-02) | 1.66e+02 |  3:6.1e-04  8:1.3e-02
  462 ,   4621 : 2.9687218312017e+00 +(7e-03,2e-02) | 1.70e+02 |  3:6.2e-04  8:1.3e-02
  463 ,   4631 : 2.9693292266651e+00 +(6e-03,1e-02) | 1.68e+02 |  3:6.0e-04  8:1.3e-02
  464 ,   4641 : 2.9667734832721e+00 +(1e-02,2e-02) | 1.66e+02 |  3:5.8e-04  8:1.2e-02
  465 ,   4651 : 2.9689626494651e+00 +(5e-03,1e-02) | 1.65e+02 |  3:5.9e-04  8:1.2e-02
  466 ,   4661 : 2.9685167247353e+00 +(9e-03,2e-02) | 1.63e+02 |  3:6.2e-04  8:1.3e-02
  467 ,   4671 : 2.9697266268983e+00 +(6e-03,2e-02) | 1.60e+02 |  3:6.6e-04  8:1.3e-02
  468 ,   4681 : 2.9698258637443e+00 +(9e-03,2e-02) | 1.64e+02 |  3:6.8e-04  8:1.3e-02
  469 ,   4691 : 2.9709789201346e+00 +(1e-02,2e-02) | 1.63e+02 |  3:7.2e-04  6:1.4e-02
Iterat, #Fevals:   Function Value    (median,worst) |Axis Ratio|idx:Min SD idx:Max SD
  470 ,   4701 : 2.9721679273269e+00 +(4e-03,2e-02) | 1.60e+02 |  3:8.5e-04  6:1.6e-02
  471 ,   4711 : 2.9690695687114e+00 +(2e-02,3e-02) | 1.62e+02 |  3:8.9e-04  6:1.7e-02
  472 ,   4721 : 2.9697324039770e+00 +(2e-02,2e-02) | 1.62e+02 |  3:8.7e-04  6:1.7e-02
  473 ,   4731 : 2.9712579864380e+00 +(6e-03,2e-02) | 1.65e+02 |  3:8.4e-04  6:1.6e-02
  474 ,   4741 : 2.9664818488044e+00 +(2e-02,3e-02) | 1.62e+02 |  3:8.0e-04  6:1.6e-02
  475 ,   4751 : 2.9694157216949e+00 +(8e-03,2e-02) | 1.60e+02 |  3:7.3e-04  6:1.4e-02
  476 ,   4761 : 2.9687749092105e+00 +(1e-02,2e-02) | 1.63e+02 |  3:7.0e-04  6:1.4e-02
  477 ,   4771 : 2.9713373819688e+00 +(4e-03,1e-02) | 1.68e+02 |  3:7.2e-04  6:1.5e-02
  478 ,   4781 : 2.9698352055447e+00 +(2e-02,2e-02) | 1.68e+02 |  3:6.8e-04  6:1.4e-02
  479 ,   4791 : 2.9704639548464e+00 +(1e-02,2e-02) | 1.68e+02 |  3:6.3e-04  6:1.3e-02
Iterat, #Fevals:   Function Value    (median,worst) |Axis Ratio|idx:Min SD idx:Max SD
  480 ,   4801 : 2.9733301474459e+00 +(9e-03,2e-02) | 1.64e+02 |  3:6.4e-04  6:1.3e-02
  481 ,   4811 : 2.9678098255312e+00 +(9e-03,2e-02) | 1.75e+02 |  3:6.6e-04  8:1.3e-02
  482 ,   4821 : 2.9719591048657e+00 +(3e-03,2e-02) | 1.83e+02 |  3:6.8e-04  8:1.4e-02
  483 ,   4831 : 2.9726455907650e+00 +(1e-02,2e-02) | 1.89e+02 |  3:7.4e-04  8:1.6e-02
  484 ,   4841 : 2.9710675755964e+00 +(3e-03,2e-02) | 1.93e+02 |  3:7.6e-04  8:1.7e-02
  485 ,   4851 : 2.9710636962517e+00 +(1e-02,2e-02) | 1.91e+02 |  3:8.8e-04  8:2.0e-02
  486 ,   4861 : 2.9689258723887e+00 +(2e-02,2e-02) | 1.91e+02 |  3:9.5e-04  8:2.2e-02
  487 ,   4871 : 2.9662836808959e+00 +(1e-02,3e-02) | 1.90e+02 |  3:9.1e-04  8:2.1e-02
  488 ,   4881 : 2.9711288311425e+00 +(1e-02,2e-02) | 1.88e+02 |  3:8.1e-04  8:1.9e-02
  489 ,   4891 : 2.9708451455000e+00 +(2e-02,2e-02) | 2.02e+02 |  3:8.0e-04  8:1.9e-02
Iterat, #Fevals:   Function Value    (median,worst) |Axis Ratio|idx:Min SD idx:Max SD
  490 ,   4901 : 2.9738685381592e+00 +(8e-03,2e-02) | 2.05e+02 |  3:7.5e-04  8:1.8e-02
  491 ,   4911 : 2.9689705685161e+00 +(1e-02,3e-02) | 2.07e+02 |  3:7.1e-04  8:1.6e-02
  492 ,   4921 : 2.9699076095168e+00 +(6e-03,2e-02) | 2.09e+02 |  3:8.0e-04  8:1.8e-02
  493 ,   4931 : 2.9708630513166e+00 +(2e-02,2e-02) | 2.12e+02 |  3:7.6e-04  8:1.7e-02
  494 ,   4941 : 2.9666344599567e+00 +(2e-02,3e-02) | 2.10e+02 |  3:6.8e-04  8:1.5e-02
  495 ,   4951 : 2.9688313205315e+00 +(2e-02,2e-02) | 2.07e+02 |  3:6.6e-04  8:1.4e-02
  496 ,   4961 : 2.9720473009516e+00 +(1e-02,3e-02) | 2.10e+02 |  3:6.4e-04  8:1.4e-02
  497 ,   4971 : 2.9703923440158e+00 +(2e-02,2e-02) | 2.12e+02 |  3:6.0e-04  8:1.3e-02
  498 ,   4981 : 2.9721838532348e+00 +(2e-02,2e-02) | 2.09e+02 |  3:6.0e-04  8:1.3e-02
  499 ,   4991 : 2.9676803449003e+00 +(2e-02,2e-02) | 2.14e+02 |  3:6.1e-04  8:1.3e-02
Iterat, #Fevals:   Function Value    (median,worst) |Axis Ratio|idx:Min SD idx:Max SD
  500 ,   5001 : 2.9698765858034e+00 +(2e-02,2e-02) | 2.31e+02 |  3:6.9e-04  8:1.4e-02
  501 ,   5011 : 2.9681715070037e+00 +(2e-02,2e-02) | 2.34e+02 |  3:6.5e-04  8:1.4e-02
  502 ,   5021 : 2.9698097406738e+00 +(1e-02,2e-02) | 2.32e+02 |  3:6.9e-04  6:1.4e-02
  503 ,   5031 : 2.9712541969993e+00 +(1e-02,2e-02) | 2.40e+02 |  3:7.9e-04  8:1.6e-02
  504 ,   5041 : 2.9737579710979e+00 +(1e-02,2e-02) | 2.50e+02 |  3:8.5e-04  8:1.7e-02
  505 ,   5051 : 2.9686041310867e+00 +(5e-03,2e-02) | 2.52e+02 |  3:7.3e-04  8:1.4e-02
  506 ,   5061 : 2.9715541140372e+00 +(1e-02,2e-02) | 2.53e+02 |  3:7.6e-04  8:1.5e-02
  507 ,   5071 : 2.9676767997821e+00 +(2e-02,2e-02) | 2.50e+02 |  3:7.4e-04  8:1.4e-02
  508 ,   5081 : 2.9718324968692e+00 +(5e-03,2e-02) | 2.53e+02 |  3:8.0e-04  6:1.5e-02
  509 ,   5091 : 2.9696731898751e+00 +(6e-03,2e-02) | 2.53e+02 |  3:7.8e-04  6:1.5e-02
Iterat, #Fevals:   Function Value    (median,worst) |Axis Ratio|idx:Min SD idx:Max SD
  510 ,   5101 : 2.9694974182773e+00 +(2e-02,2e-02) | 2.56e+02 |  3:7.5e-04  6:1.5e-02
  511 ,   5111 : 2.9692280514944e+00 +(8e-03,2e-02) | 2.56e+02 |  3:7.1e-04  6:1.4e-02
  512 ,   5121 : 2.9702839052722e+00 +(7e-03,2e-02) | 2.60e+02 |  3:6.7e-04  6:1.4e-02
  513 ,   5131 : 2.9726103125343e+00 +(1e-02,1e-02) | 2.69e+02 |  3:6.1e-04  6:1.3e-02
  514 ,   5141 : 2.9669719885181e+00 +(7e-03,2e-02) | 2.48e+02 |  3:6.0e-04  6:1.2e-02
  515 ,   5151 : 2.9671409803381e+00 +(8e-03,2e-02) | 2.30e+02 |  3:6.2e-04  6:1.3e-02
  516 ,   5161 : 2.9692861227649e+00 +(9e-03,2e-02) | 2.32e+02 |  3:5.6e-04  6:1.2e-02
  517 ,   5171 : 2.9694361823012e+00 +(2e-02,2e-02) | 2.46e+02 |  3:5.5e-04  6:1.2e-02
  518 ,   5181 : 2.9749912994272e+00 +(8e-03,1e-02) | 2.50e+02 |  3:5.4e-04  6:1.2e-02
  519 ,   5191 : 2.9705654446889e+00 +(8e-03,2e-02) | 2.49e+02 |  3:5.3e-04  6:1.2e-02
Iterat, #Fevals:   Function Value    (median,worst) |Axis Ratio|idx:Min SD idx:Max SD
  520 ,   5201 : 2.9726310649409e+00 +(1e-02,2e-02) | 2.40e+02 |  3:5.3e-04  6:1.1e-02
  521 ,   5211 : 2.9695545486049e+00 +(1e-02,2e-02) | 2.41e+02 |  3:5.1e-04  6:1.1e-02
  522 ,   5221 : 2.9666732308251e+00 +(5e-03,2e-02) | 2.40e+02 |  3:5.3e-04  6:1.2e-02
  523 ,   5231 : 2.9674527898948e+00 +(1e-02,2e-02) | 2.37e+02 |  3:5.0e-04  6:1.1e-02
  524 ,   5241 : 2.9679686521606e+00 +(1e-02,2e-02) | 2.53e+02 |  3:5.5e-04  6:1.3e-02
  525 ,   5251 : 2.9704194728865e+00 +(8e-03,2e-02) | 2.66e+02 |  3:6.1e-04  6:1.6e-02
  526 ,   5261 : 2.9679633866808e+00 +(9e-03,2e-02) | 2.70e+02 |  3:7.3e-04  6:2.0e-02
  527 ,   5271 : 2.9679136741375e+00 +(1e-02,2e-02) | 2.72e+02 |  3:7.6e-04  6:2.1e-02
  528 ,   5281 : 2.9695291327658e+00 +(8e-03,2e-02) | 2.73e+02 |  3:7.7e-04  6:2.2e-02
  529 ,   5291 : 2.9735370520583e+00 +(1e-02,2e-02) | 2.71e+02 |  3:8.4e-04  6:2.4e-02
Iterat, #Fevals:   Function Value    (median,worst) |Axis Ratio|idx:Min SD idx:Max SD
  530 ,   5301 : 2.9692211288880e+00 +(1e-02,2e-02) | 2.65e+02 |  3:8.9e-04  6:2.5e-02
  531 ,   5311 : 2.9731244992451e+00 +(9e-03,2e-02) | 2.66e+02 |  3:9.5e-04  6:2.7e-02
  532 ,   5321 : 2.9693720235852e+00 +(8e-03,2e-02) | 2.69e+02 |  3:8.8e-04  6:2.5e-02
  533 ,   5331 : 2.9681098478799e+00 +(2e-02,2e-02) | 2.69e+02 |  3:8.4e-04  6:2.3e-02
  534 ,   5341 : 2.9692211243993e+00 +(7e-03,2e-02) | 2.71e+02 |  3:8.2e-04  6:2.2e-02
  535 ,   5351 : 2.9689972232544e+00 +(9e-03,2e-02) | 2.75e+02 |  3:7.7e-04  6:2.1e-02
  536 ,   5361 : 2.9697794572583e+00 +(8e-03,2e-02) | 2.71e+02 |  3:7.5e-04  6:2.0e-02
  537 ,   5371 : 2.9725163609380e+00 +(1e-02,2e-02) | 2.74e+02 |  3:6.7e-04  6:1.8e-02
  538 ,   5381 : 2.9691596425579e+00 +(1e-02,2e-02) | 2.68e+02 |  3:6.7e-04  6:1.8e-02
  539 ,   5391 : 2.9698804948216e+00 +(1e-02,2e-02) | 2.69e+02 |  3:6.1e-04  6:1.6e-02
Iterat, #Fevals:   Function Value    (median,worst) |Axis Ratio|idx:Min SD idx:Max SD
  540 ,   5401 : 2.9734593715364e+00 +(1e-02,2e-02) | 2.71e+02 |  3:6.0e-04  6:1.6e-02
  541 ,   5411 : 2.9690145910322e+00 +(7e-03,2e-02) | 2.73e+02 |  3:6.3e-04  6:1.7e-02
  542 ,   5421 : 2.9691434116212e+00 +(2e-02,2e-02) | 2.77e+02 |  3:6.9e-04  6:1.8e-02
  543 ,   5431 : 2.9709247477117e+00 +(2e-02,3e-02) | 2.78e+02 |  3:7.5e-04  6:1.9e-02
  544 ,   5441 : 2.9690201688723e+00 +(1e-02,2e-02) | 2.77e+02 |  3:7.6e-04  6:1.9e-02
  545 ,   5451 : 2.9674557504644e+00 +(9e-03,2e-02) | 2.75e+02 |  3:7.5e-04  6:1.8e-02
  546 ,   5461 : 2.9743247191721e+00 +(1e-02,2e-02) | 2.83e+02 |  3:7.5e-04  6:1.9e-02
  547 ,   5471 : 2.9722470189768e+00 +(1e-02,2e-02) | 2.87e+02 |  3:7.4e-04  6:1.9e-02
  548 ,   5481 : 2.9696443869640e+00 +(1e-02,2e-02) | 2.96e+02 |  3:7.0e-04  6:1.9e-02
  549 ,   5491 : 2.9690338742402e+00 +(1e-02,2e-02) | 2.86e+02 |  3:7.0e-04  6:1.8e-02
Iterat, #Fevals:   Function Value    (median,worst) |Axis Ratio|idx:Min SD idx:Max SD
  550 ,   5501 : 2.9677792071709e+00 +(1e-02,2e-02) | 2.81e+02 |  3:6.5e-04  6:1.7e-02
  551 ,   5511 : 2.9663721161763e+00 +(8e-03,2e-02) | 2.83e+02 |  3:6.6e-04  6:1.7e-02
  552 ,   5521 : 2.9743963428596e+00 +(1e-02,2e-02) | 2.81e+02 |  3:6.4e-04  6:1.6e-02
  553 ,   5531 : 2.9720209670785e+00 +(1e-02,2e-02) | 2.65e+02 |  3:6.7e-04  6:1.7e-02
  554 ,   5541 : 2.9667673536874e+00 +(9e-03,3e-02) | 2.57e+02 |  3:6.7e-04  6:1.7e-02
  555 ,   5551 : 2.9715428089806e+00 +(1e-02,2e-02) | 2.60e+02 |  3:6.2e-04  6:1.6e-02
  556 ,   5561 : 2.9675405896561e+00 +(1e-02,2e-02) | 2.64e+02 |  3:5.4e-04  6:1.4e-02
  557 ,   5571 : 2.9700737833774e+00 +(1e-02,2e-02) | 2.71e+02 |  3:5.5e-04  6:1.4e-02
  558 ,   5581 : 2.9702428882155e+00 +(1e-02,2e-02) | 2.63e+02 |  3:5.3e-04  6:1.4e-02
  559 ,   5591 : 2.9710625344423e+00 +(1e-02,2e-02) | 2.54e+02 |  3:5.6e-04  6:1.4e-02
Iterat, #Fevals:   Function Value    (median,worst) |Axis Ratio|idx:Min SD idx:Max SD
  560 ,   5601 : 2.9665886216487e+00 +(1e-02,2e-02) | 2.55e+02 |  3:5.8e-04  6:1.5e-02
  561 ,   5611 : 2.9697722603046e+00 +(5e-03,2e-02) | 2.53e+02 |  3:5.5e-04  6:1.5e-02
  562 ,   5621 : 2.9705158853387e+00 +(1e-02,2e-02) | 2.54e+02 |  3:5.5e-04  6:1.5e-02
  563 ,   5631 : 2.9711079562767e+00 +(1e-02,2e-02) | 2.54e+02 |  3:5.5e-04  6:1.5e-02
  564 ,   5641 : 2.9698952485325e+00 +(1e-02,3e-02) | 2.57e+02 |  3:4.9e-04  6:1.4e-02
  565 ,   5651 : 2.9677455632824e+00 +(1e-02,2e-02) | 2.55e+02 |  3:4.8e-04  6:1.4e-02
  566 ,   5661 : 2.9692449789621e+00 +(1e-02,2e-02) | 2.54e+02 |  3:5.2e-04  6:1.5e-02
  567 ,   5671 : 2.9679792482903e+00 +(1e-02,2e-02) | 2.65e+02 |  3:5.4e-04  6:1.5e-02
  568 ,   5681 : 2.9733963329922e+00 +(1e-02,2e-02) | 2.72e+02 |  3:6.1e-04  6:1.7e-02
  569 ,   5691 : 2.9700591157762e+00 +(7e-03,2e-02) | 2.73e+02 |  3:6.7e-04  6:1.9e-02
Iterat, #Fevals:   Function Value    (median,worst) |Axis Ratio|idx:Min SD idx:Max SD
  570 ,   5701 : 2.9694414890889e+00 +(1e-02,2e-02) | 2.80e+02 |  3:7.6e-04  6:2.2e-02
  571 ,   5711 : 2.9742574055243e+00 +(5e-03,1e-02) | 2.76e+02 |  3:7.8e-04  6:2.2e-02
  572 ,   5721 : 2.9695629137136e+00 +(1e-02,2e-02) | 2.67e+02 |  3:8.2e-04  6:2.3e-02
  573 ,   5731 : 2.9722208610579e+00 +(1e-02,2e-02) | 2.61e+02 |  3:8.9e-04  6:2.3e-02
  574 ,   5741 : 2.9687463787754e+00 +(1e-02,2e-02) | 2.60e+02 |  3:9.2e-04  6:2.4e-02
  575 ,   5751 : 2.9705883494249e+00 +(9e-03,2e-02) | 2.61e+02 |  3:9.3e-04  6:2.5e-02
  576 ,   5761 : 2.9717361520488e+00 +(1e-02,2e-02) | 2.67e+02 |  3:8.9e-04  6:2.4e-02
  577 ,   5771 : 2.9697587295475e+00 +(6e-03,2e-02) | 2.60e+02 |  3:9.0e-04  6:2.3e-02
  578 ,   5781 : 2.9689038138815e+00 +(8e-03,2e-02) | 2.64e+02 |  3:9.1e-04  6:2.4e-02
  579 ,   5791 : 2.9715173239917e+00 +(1e-02,2e-02) | 2.66e+02 |  3:9.2e-04  6:2.4e-02
Iterat, #Fevals:   Function Value    (median,worst) |Axis Ratio|idx:Min SD idx:Max SD
  580 ,   5801 : 2.9700657191420e+00 +(9e-03,2e-02) | 2.66e+02 |  3:8.5e-04  6:2.2e-02
  581 ,   5811 : 2.9674885290888e+00 +(1e-02,3e-02) | 2.61e+02 |  3:8.1e-04  6:2.1e-02
  582 ,   5821 : 2.9692519541043e+00 +(6e-03,2e-02) | 2.62e+02 |  3:8.0e-04  6:2.1e-02
  583 ,   5831 : 2.9708333476969e+00 +(2e-02,2e-02) | 2.65e+02 |  3:7.4e-04  6:2.0e-02
  584 ,   5841 : 2.9701602441468e+00 +(2e-02,2e-02) | 2.66e+02 |  3:8.1e-04  6:2.1e-02
  585 ,   5851 : 2.9716665463993e+00 +(8e-03,2e-02) | 2.64e+02 |  3:8.3e-04  6:2.1e-02
  586 ,   5861 : 2.9674108611334e+00 +(7e-03,2e-02) | 2.63e+02 |  3:7.9e-04  6:2.1e-02
  587 ,   5871 : 2.9706789894592e+00 +(9e-03,2e-02) | 2.61e+02 |  3:8.7e-04  6:2.2e-02
  588 ,   5881 : 2.9677071400502e+00 +(1e-02,2e-02) | 2.58e+02 |  3:8.3e-04  6:2.0e-02
  589 ,   5891 : 2.9662918190815e+00 +(2e-02,2e-02) | 2.60e+02 |  3:8.3e-04  6:2.0e-02
Iterat, #Fevals:   Function Value    (median,worst) |Axis Ratio|idx:Min SD idx:Max SD
  590 ,   5901 : 2.9684250700667e+00 +(1e-02,2e-02) | 2.60e+02 |  3:8.1e-04  6:2.0e-02
  591 ,   5911 : 2.9691056771903e+00 +(5e-03,2e-02) | 2.59e+02 |  3:7.7e-04  6:1.9e-02
  592 ,   5921 : 2.9673996862104e+00 +(5e-03,2e-02) | 2.63e+02 |  3:7.7e-04  6:1.9e-02
  593 ,   5931 : 2.9679340844499e+00 +(5e-03,2e-02) | 2.64e+02 |  3:7.5e-04  6:1.9e-02
  594 ,   5941 : 2.9698734731681e+00 +(6e-03,2e-02) | 2.61e+02 |  3:7.3e-04  6:1.8e-02
  595 ,   5951 : 2.9717195038966e+00 +(1e-02,2e-02) | 2.58e+02 |  3:7.1e-04  6:1.8e-02
  596 ,   5961 : 2.9700127627089e+00 +(2e-02,2e-02) | 2.65e+02 |  3:6.9e-04  6:1.7e-02
  597 ,   5971 : 2.9702171553344e+00 +(1e-02,2e-02) | 2.64e+02 |  3:6.4e-04  6:1.5e-02
  598 ,   5981 : 2.9692300389469e+00 +(1e-02,2e-02) | 2.63e+02 |  3:5.9e-04  6:1.4e-02
  599 ,   5991 : 2.9715484296184e+00 +(1e-02,2e-02) | 2.63e+02 |  3:5.2e-04  6:1.3e-02
Iterat, #Fevals:   Function Value    (median,worst) |Axis Ratio|idx:Min SD idx:Max SD
  600 ,   6001 : 2.9685362010780e+00 +(7e-03,2e-02) | 2.59e+02 |  3:4.7e-04  6:1.1e-02
  601 ,   6011 : 2.9695920068954e+00 +(1e-02,2e-02) | 2.65e+02 |  3:4.7e-04  6:1.2e-02
  602 ,   6021 : 2.9727433838707e+00 +(1e-02,2e-02) | 2.64e+02 |  3:4.7e-04  6:1.1e-02
  603 ,   6031 : 2.9686141024163e+00 +(2e-02,2e-02) | 2.66e+02 |  3:5.2e-04  6:1.2e-02
  604 ,   6041 : 2.9681707715878e+00 +(6e-03,2e-02) | 2.64e+02 |  3:5.5e-04  6:1.3e-02
  605 ,   6051 : 2.9726885778382e+00 +(7e-03,1e-02) | 2.58e+02 |  3:5.7e-04  6:1.3e-02
  606 ,   6061 : 2.9718574864909e+00 +(3e-03,2e-02) | 2.57e+02 |  3:5.4e-04  6:1.2e-02
  607 ,   6071 : 2.9713695008253e+00 +(1e-02,2e-02) | 2.33e+02 |  3:5.8e-04  6:1.3e-02
  608 ,   6081 : 2.9707254561915e+00 +(2e-02,2e-02) | 2.34e+02 |  3:5.9e-04  6:1.3e-02
  609 ,   6091 : 2.9694938774131e+00 +(8e-03,2e-02) | 2.26e+02 |  3:5.2e-04  6:1.2e-02
Iterat, #Fevals:   Function Value    (median,worst) |Axis Ratio|idx:Min SD idx:Max SD
  610 ,   6101 : 2.9694828125379e+00 +(7e-03,2e-02) | 2.21e+02 |  3:4.9e-04  6:1.1e-02
  611 ,   6111 : 2.9682190972260e+00 +(2e-02,2e-02) | 2.22e+02 |  3:4.6e-04  6:1.0e-02
  612 ,   6121 : 2.9699876340805e+00 +(1e-02,2e-02) | 2.21e+02 |  3:4.2e-04  6:9.6e-03
  613 ,   6131 : 2.9712457625434e+00 +(9e-03,2e-02) | 2.23e+02 |  3:4.4e-04  6:1.0e-02
  614 ,   6141 : 2.9691390777694e+00 +(1e-02,2e-02) | 2.23e+02 |  3:4.4e-04  6:1.0e-02
  615 ,   6151 : 2.9681101598431e+00 +(1e-02,2e-02) | 2.24e+02 |  3:3.9e-04  6:9.5e-03
  616 ,   6161 : 2.9697878385966e+00 +(4e-03,2e-02) | 2.33e+02 |  3:4.2e-04  6:1.0e-02
  617 ,   6171 : 2.9702990994666e+00 +(1e-02,2e-02) | 2.34e+02 |  3:4.9e-04  6:1.2e-02
  618 ,   6181 : 2.9694541740341e+00 +(2e-02,2e-02) | 2.33e+02 |  3:5.3e-04  6:1.3e-02
  619 ,   6191 : 2.9687500588749e+00 +(7e-03,2e-02) | 2.32e+02 |  3:5.3e-04  6:1.3e-02
Iterat, #Fevals:   Function Value    (median,worst) |Axis Ratio|idx:Min SD idx:Max SD
  620 ,   6201 : 2.9710866832052e+00 +(1e-02,2e-02) | 2.34e+02 |  3:5.6e-04  6:1.3e-02
  621 ,   6211 : 2.9725972148639e+00 +(1e-02,2e-02) | 2.36e+02 |  3:6.4e-04  6:1.5e-02
  622 ,   6221 : 2.9737987558536e+00 +(1e-02,2e-02) | 2.49e+02 |  3:7.0e-04  6:1.7e-02
  623 ,   6231 : 2.9722694391852e+00 +(2e-02,2e-02) | 2.54e+02 |  3:6.7e-04  6:1.7e-02
  624 ,   6241 : 2.9696578202577e+00 +(5e-03,2e-02) | 2.54e+02 |  3:6.4e-04  6:1.6e-02
  625 ,   6251 : 2.9677415883420e+00 +(2e-02,2e-02) | 2.55e+02 |  3:6.3e-04  6:1.6e-02
  626 ,   6261 : 2.9699560491878e+00 +(5e-03,2e-02) | 2.61e+02 |  3:6.0e-04  6:1.5e-02
  627 ,   6271 : 2.9733376383959e+00 +(1e-02,2e-02) | 2.62e+02 |  3:6.2e-04  6:1.6e-02
  628 ,   6281 : 2.9691914786384e+00 +(1e-02,2e-02) | 2.75e+02 |  3:6.5e-04  6:1.8e-02
  629 ,   6291 : 2.9707519747924e+00 +(1e-02,2e-02) | 2.76e+02 |  3:6.7e-04  6:1.8e-02
Iterat, #Fevals:   Function Value    (median,worst) |Axis Ratio|idx:Min SD idx:Max SD
  630 ,   6301 : 2.9712867162165e+00 +(1e-02,2e-02) | 2.79e+02 |  3:6.5e-04  6:1.8e-02
  631 ,   6311 : 2.9675739356845e+00 +(2e-02,2e-02) | 2.92e+02 |  3:7.5e-04  6:1.9e-02
  632 ,   6321 : 2.9696308962482e+00 +(7e-03,2e-02) | 3.01e+02 |  3:7.2e-04  6:1.9e-02
  633 ,   6331 : 2.9724793725704e+00 +(1e-02,2e-02) | 3.04e+02 |  3:7.3e-04  6:1.8e-02
  634 ,   6341 : 2.9713623168181e+00 +(6e-03,2e-02) | 3.01e+02 |  3:6.9e-04  6:1.6e-02
  635 ,   6351 : 2.9699289274245e+00 +(5e-03,2e-02) | 3.15e+02 |  3:7.0e-04  6:1.6e-02
  636 ,   6361 : 2.9723140227161e+00 +(1e-02,2e-02) | 3.20e+02 |  3:6.9e-04  6:1.6e-02
  637 ,   6371 : 2.9710062398947e+00 +(2e-02,2e-02) | 3.18e+02 |  3:6.2e-04  6:1.5e-02
  638 ,   6381 : 2.9695890821545e+00 +(6e-03,3e-02) | 3.17e+02 |  3:5.6e-04  6:1.3e-02
  639 ,   6391 : 2.9694688264784e+00 +(2e-02,2e-02) | 3.16e+02 |  3:5.3e-04  6:1.2e-02
Iterat, #Fevals:   Function Value    (median,worst) |Axis Ratio|idx:Min SD idx:Max SD
  640 ,   6401 : 2.9679838304963e+00 +(6e-03,2e-02) | 3.14e+02 |  3:4.9e-04  6:1.1e-02
  641 ,   6411 : 2.9728224749352e+00 +(2e-02,2e-02) | 3.22e+02 |  3:4.3e-04  6:1.0e-02
  642 ,   6421 : 2.9705330106878e+00 +(7e-03,2e-02) | 3.19e+02 |  3:4.0e-04  6:9.4e-03
  643 ,   6431 : 2.9702193657745e+00 +(1e-02,2e-02) | 3.16e+02 |  3:3.9e-04  6:9.2e-03
  644 ,   6441 : 2.9684019648677e+00 +(4e-03,2e-02) | 3.19e+02 |  3:3.8e-04  6:8.9e-03
  645 ,   6451 : 2.9703864110413e+00 +(2e-02,2e-02) | 3.20e+02 |  3:3.8e-04  6:8.8e-03
  646 ,   6461 : 2.9704068104641e+00 +(1e-02,2e-02) | 3.19e+02 |  3:3.6e-04  6:8.5e-03
  647 ,   6471 : 2.9694794993343e+00 +(1e-02,2e-02) | 3.18e+02 |  3:3.5e-04  6:8.1e-03
  648 ,   6481 : 2.9705283036263e+00 +(2e-02,2e-02) | 3.14e+02 |  3:3.3e-04  6:7.5e-03
  649 ,   6491 : 2.9705848912090e+00 +(1e-02,2e-02) | 3.29e+02 |  3:3.1e-04  6:7.4e-03
Iterat, #Fevals:   Function Value    (median,worst) |Axis Ratio|idx:Min SD idx:Max SD
  650 ,   6501 : 2.9704514624722e+00 +(1e-02,2e-02) | 3.25e+02 |  3:3.5e-04  6:8.3e-03
  651 ,   6511 : 2.9709153832594e+00 +(1e-02,2e-02) | 3.24e+02 |  3:3.5e-04  6:8.5e-03
  652 ,   6521 : 2.9719990878252e+00 +(1e-02,2e-02) | 3.11e+02 |  3:3.8e-04  6:9.1e-03
  653 ,   6531 : 2.9729667401544e+00 +(1e-02,2e-02) | 3.13e+02 |  3:4.0e-04  6:9.9e-03
  654 ,   6541 : 2.9713169143723e+00 +(1e-02,2e-02) | 3.17e+02 |  3:3.8e-04  6:9.8e-03
  655 ,   6551 : 2.9722227437256e+00 +(3e-03,2e-02) | 3.08e+02 |  3:3.9e-04  6:1.0e-02
  656 ,   6561 : 2.9705035135355e+00 +(1e-02,2e-02) | 3.13e+02 |  3:3.8e-04  6:1.0e-02
  657 ,   6571 : 2.9709521597250e+00 +(2e-02,2e-02) | 3.11e+02 |  3:3.6e-04  6:9.6e-03
  658 ,   6581 : 2.9720493535185e+00 +(1e-02,2e-02) | 3.12e+02 |  3:3.9e-04  6:1.0e-02
  659 ,   6591 : 2.9706696371237e+00 +(1e-02,2e-02) | 3.13e+02 |  3:3.7e-04  6:9.7e-03
Iterat, #Fevals:   Function Value    (median,worst) |Axis Ratio|idx:Min SD idx:Max SD
  660 ,   6601 : 2.9699888802571e+00 +(9e-03,2e-02) | 3.14e+02 |  3:3.8e-04  6:9.7e-03
  661 ,   6611 : 2.9702073509831e+00 +(1e-02,2e-02) | 3.37e+02 |  3:3.8e-04  6:1.0e-02
  662 ,   6621 : 2.9687178415451e+00 +(2e-02,2e-02) | 3.45e+02 |  3:3.9e-04  6:1.1e-02
  663 ,   6631 : 2.9690844624580e+00 +(1e-02,2e-02) | 3.44e+02 |  3:3.8e-04  6:1.1e-02
  664 ,   6641 : 2.9700228075294e+00 +(2e-02,2e-02) | 3.43e+02 |  3:3.5e-04  6:9.6e-03
  665 ,   6651 : 2.9684286081764e+00 +(2e-02,2e-02) | 3.44e+02 |  3:3.5e-04  6:9.6e-03
  666 ,   6661 : 2.9684029616809e+00 +(7e-03,2e-02) | 3.40e+02 |  3:3.2e-04  6:8.9e-03
  667 ,   6671 : 2.9684744050402e+00 +(8e-03,2e-02) | 3.36e+02 |  3:2.8e-04  6:7.8e-03
  668 ,   6681 : 2.9696631038239e+00 +(1e-02,2e-02) | 3.33e+02 |  3:2.7e-04  6:7.7e-03
  669 ,   6691 : 2.9697018236456e+00 +(7e-03,2e-02) | 3.33e+02 |  3:2.6e-04  6:7.2e-03
Iterat, #Fevals:   Function Value    (median,worst) |Axis Ratio|idx:Min SD idx:Max SD
  670 ,   6701 : 2.9699904214552e+00 +(8e-03,2e-02) | 3.33e+02 |  3:2.6e-04  6:7.0e-03
  671 ,   6711 : 2.9689298666139e+00 +(3e-03,2e-02) | 3.32e+02 |  3:2.4e-04  6:6.5e-03
  672 ,   6721 : 2.9703976450127e+00 +(9e-03,2e-02) | 3.29e+02 |  3:2.5e-04  6:6.5e-03
  673 ,   6731 : 2.9709108284885e+00 +(9e-03,2e-02) | 3.34e+02 |  3:2.5e-04  6:6.1e-03
  674 ,   6741 : 2.9689785552087e+00 +(6e-03,2e-02) | 3.39e+02 |  3:2.4e-04  6:5.9e-03
  675 ,   6751 : 2.9689450647800e+00 +(7e-03,2e-02) | 3.49e+02 |  3:2.3e-04  6:5.5e-03
  676 ,   6761 : 2.9715994522388e+00 +(5e-03,2e-02) | 3.49e+02 |  3:2.3e-04  6:5.5e-03
  677 ,   6771 : 2.9706292300854e+00 +(1e-02,2e-02) | 3.55e+02 |  3:2.4e-04  6:5.7e-03
  678 ,   6781 : 2.9724391887027e+00 +(5e-03,2e-02) | 3.68e+02 |  3:2.3e-04  6:5.7e-03
  679 ,   6791 : 2.9720273667553e+00 +(1e-03,2e-02) | 3.70e+02 |  3:2.5e-04  6:6.4e-03
Iterat, #Fevals:   Function Value    (median,worst) |Axis Ratio|idx:Min SD idx:Max SD
  680 ,   6801 : 2.9723240947912e+00 +(3e-03,1e-02) | 3.60e+02 |  3:2.9e-04  6:7.4e-03
  681 ,   6811 : 2.9696028823142e+00 +(7e-03,2e-02) | 3.57e+02 |  3:3.1e-04  6:8.0e-03
  682 ,   6821 : 2.9712724790601e+00 +(9e-03,2e-02) | 3.61e+02 |  3:3.3e-04  6:8.6e-03
  683 ,   6831 : 2.9703521588832e+00 +(6e-03,2e-02) | 3.59e+02 |  3:3.6e-04  6:9.1e-03
#Fevals:   f(returned x)   |    bestever.f     | stopflag (saved to variablescmaes154.mat)
   6832: 2.96966748171e+00 | 2.96628368090e+00 | stagnation
mean solution: +8.5e-01 +1.9e+00 +7.6e-02 +8.1e+00 +6.2e+00 +1.6e+01 +1.1e+00 +3.6e+00 +1.1e+00
std deviation:  1.6e-03  7.9e-04  3.6e-04  3.3e-03  4.2e-03  9.1e-03  5.9e-03  6.1e-03  4.5e-03
use plotcmaesdat.m for plotting the output at any time (option LogModulo must not be zero)
