
                            < M A T L A B (R) >
                  Copyright 1984-2015 The MathWorks, Inc.
                   R2015a (8.5.0.197613) 64-bit (glnxa64)
                             February 12, 2015

 
For online documentation, see http://www.mathworks.com/support
For product information, visit www.mathworks.com.
 

	Academic License

  n=9: (5,10)-CMA-ES(w=[46 27 16 9 3]%, mu_eff=3.2) on function Error
Iterat, #Fevals:   Function Value    (median,worst) |Axis Ratio|idx:Min SD idx:Max SD
    1 ,     11 : 1.2881632957224e+01 +(4e+01,3e+14) | 2.02e+01 |  3:7.8e-01  7:1.6e+01
    2 ,     21 : 4.1324026361130e+01 +(1e+01,3e+14) | 2.03e+01 |  3:7.3e-01  7:1.5e+01
    3 ,     31 : 4.0815518680875e+01 +(1e+01,1e+01) | 2.01e+01 |  3:7.5e-01  7:1.5e+01
    4 ,     41 : 2.9573382835952e+01 +(2e+01,3e+01) | 2.07e+01 |  3:8.5e-01  8:1.7e+01
    5 ,     51 : 1.9813225406833e+01 +(3e+01,7e+11) | 2.11e+01 |  3:1.0e+00  8:2.1e+01
    6 ,     61 : 4.8910946071138e+01 +(3e+00,2e+02) | 2.13e+01 |  3:9.7e-01  8:2.0e+01
    7 ,     71 : 2.0161770964459e+01 +(3e+01,6e+03) | 2.08e+01 |  3:1.0e+00  8:1.9e+01
    8 ,     81 : 3.6859589235608e+01 +(1e+01,9e+04) | 2.05e+01 |  3:1.1e+00  8:2.0e+01
    9 ,     91 : 3.4053343737022e+01 +(2e+01,9e+09) | 2.18e+01 |  2:1.2e+00  8:2.1e+01
Iterat, #Fevals:   Function Value    (median,worst) |Axis Ratio|idx:Min SD idx:Max SD
   10 ,    101 : 2.9951728232987e+01 +(2e+01,4e+05) | 2.26e+01 |  2:1.1e+00  8:2.2e+01
   11 ,    111 : 1.0612970129225e+01 +(4e+01,1e+08) | 2.38e+01 |  2:1.3e+00  8:2.6e+01
   12 ,    121 : 3.0667726469866e+01 +(1e+01,8e+06) | 2.53e+01 |  2:1.2e+00  8:2.7e+01
   13 ,    131 : 1.3457644891207e+01 +(2e+01,3e+08) | 2.47e+01 |  2:1.2e+00  8:2.7e+01
   14 ,    141 : 1.2014592092615e+01 +(3e+01,3e+08) | 2.46e+01 |  2:1.2e+00  8:2.7e+01
   15 ,    151 : 1.3925328454490e+01 +(1e+01,2e+05) | 2.48e+01 |  2:1.2e+00  8:2.7e+01
   16 ,    161 : 1.6390268463456e+01 +(2e+04,6e+08) | 2.48e+01 |  2:1.1e+00  8:2.5e+01
   17 ,    171 : 1.2254106494956e+01 +(1e+01,3e+11) | 2.46e+01 |  2:1.1e+00  8:2.4e+01
   18 ,    181 : 1.2292067947250e+01 +(3e+01,4e+07) | 2.46e+01 |  2:1.0e+00  8:2.2e+01
   19 ,    191 : 1.1909121601794e+01 +(4e+01,4e+06) | 2.43e+01 |  2:8.9e-01  8:1.9e+01
Iterat, #Fevals:   Function Value    (median,worst) |Axis Ratio|idx:Min SD idx:Max SD
   20 ,    201 : 1.1742646163515e+01 +(1e+01,2e+08) | 2.46e+01 |  2:8.8e-01  8:1.9e+01
   21 ,    211 : 1.1897342238184e+01 +(1e+01,3e+08) | 2.39e+01 |  2:9.2e-01  8:2.0e+01
   22 ,    221 : 1.1574374273719e+01 +(8e+01,4e+09) | 2.41e+01 |  2:9.1e-01  8:2.0e+01
   23 ,    231 : 1.3866731089363e+01 +(1e+01,1e+08) | 2.38e+01 |  2:9.1e-01  8:2.0e+01
   24 ,    241 : 1.1737580354006e+01 +(1e+01,2e+04) | 2.32e+01 |  2:9.4e-01  8:2.0e+01
   25 ,    251 : 1.3951242329997e+01 +(4e+01,1e+08) | 2.31e+01 |  2:9.1e-01  8:1.9e+01
   26 ,    261 : 1.6101525804688e+01 +(2e+01,1e+02) | 2.31e+01 |  2:8.0e-01  8:1.7e+01
   27 ,    271 : 1.1374669066668e+01 +(2e+01,7e+01) | 2.29e+01 |  2:8.8e-01  8:1.8e+01
   28 ,    281 : 1.1731080989072e+01 +(6e+00,5e+03) | 2.27e+01 |  2:9.4e-01  8:1.9e+01
   29 ,    291 : 1.2974043009927e+01 +(4e+01,1e+07) | 2.27e+01 |  2:9.2e-01  8:1.9e+01
Iterat, #Fevals:   Function Value    (median,worst) |Axis Ratio|idx:Min SD idx:Max SD
   30 ,    301 : 1.2102043690143e+01 +(2e+01,2e+03) | 2.22e+01 |  2:9.0e-01  8:1.8e+01
   31 ,    311 : 1.1010664233682e+01 +(3e+01,7e+06) | 2.16e+01 |  2:9.1e-01  8:1.8e+01
   32 ,    321 : 1.1721507720644e+01 +(2e+01,3e+02) | 2.12e+01 |  2:8.8e-01  8:1.7e+01
   33 ,    331 : 1.1434470676892e+01 +(7e+00,1e+03) | 2.06e+01 |  2:9.6e-01  8:1.8e+01
   34 ,    341 : 1.1944719338416e+01 +(1e+01,3e+03) | 2.07e+01 |  2:9.6e-01  8:1.8e+01
   35 ,    351 : 1.1767081317773e+01 +(1e+01,3e+09) | 2.02e+01 |  2:9.5e-01  8:1.8e+01
   36 ,    361 : 1.5076755602765e+01 +(2e+01,2e+08) | 2.00e+01 |  2:9.0e-01  8:1.6e+01
   37 ,    371 : 1.2023297726117e+01 +(5e+00,5e+03) | 2.00e+01 |  2:9.2e-01  8:1.7e+01
   38 ,    381 : 1.1844977509123e+01 +(2e+01,3e+03) | 2.02e+01 |  2:9.0e-01  8:1.6e+01
   39 ,    391 : 1.1825929240656e+01 +(1e+01,3e+02) | 1.99e+01 |  3:1.1e+00  8:1.8e+01
Iterat, #Fevals:   Function Value    (median,worst) |Axis Ratio|idx:Min SD idx:Max SD
   40 ,    401 : 1.4188550889288e+01 +(1e+01,1e+08) | 1.99e+01 |  3:1.1e+00  8:1.9e+01
   41 ,    411 : 1.8205422904935e+01 +(1e+06,7e+08) | 1.97e+01 |  3:1.2e+00  8:2.0e+01
   42 ,    421 : 1.2276103895522e+01 +(2e+01,3e+01) | 1.97e+01 |  3:1.1e+00  8:1.9e+01
   43 ,    431 : 1.2050924305289e+01 +(1e+01,1e+08) | 1.99e+01 |  3:1.0e+00  8:1.8e+01
   44 ,    441 : 1.4117461834551e+01 +(2e+01,1e+09) | 1.94e+01 |  3:1.0e+00  8:1.7e+01
   45 ,    451 : 1.1690398675758e+01 +(6e+00,6e+01) | 1.95e+01 |  3:9.6e-01  8:1.6e+01
   46 ,    461 : 1.1890503520781e+01 +(8e+00,2e+08) | 1.95e+01 |  3:9.1e-01  8:1.5e+01
   47 ,    471 : 1.1591394293018e+01 +(2e+01,3e+08) | 1.99e+01 |  3:9.7e-01  8:1.6e+01
   48 ,    481 : 1.1970869038772e+01 +(1e+01,9e+04) | 2.03e+01 |  3:9.6e-01  8:1.6e+01
   49 ,    491 : 1.1832862735045e+01 +(2e+01,1e+08) | 2.00e+01 |  3:9.3e-01  8:1.5e+01
Iterat, #Fevals:   Function Value    (median,worst) |Axis Ratio|idx:Min SD idx:Max SD
   50 ,    501 : 1.1924872718158e+01 +(1e+01,1e+08) | 2.01e+01 |  3:9.2e-01  8:1.5e+01
   51 ,    511 : 1.2404047310198e+01 +(1e+01,1e+08) | 1.99e+01 |  3:8.4e-01  8:1.4e+01
   52 ,    521 : 1.1826630101461e+01 +(5e+00,2e+01) | 1.97e+01 |  3:7.6e-01  8:1.2e+01
   53 ,    531 : 1.2545329318858e+01 +(2e+01,1e+08) | 1.97e+01 |  3:6.4e-01  8:1.0e+01
   54 ,    541 : 1.1830451664470e+01 +(5e+00,2e+02) | 1.98e+01 |  3:6.0e-01  8:9.6e+00
   55 ,    551 : 1.1840847974687e+01 +(2e+00,1e+01) | 2.02e+01 |  3:6.2e-01  8:1.0e+01
   56 ,    561 : 1.2100677694787e+01 +(2e+00,2e+03) | 2.03e+01 |  3:6.4e-01  8:1.0e+01
   57 ,    571 : 1.1913277208150e+01 +(4e+00,1e+08) | 2.03e+01 |  3:6.1e-01  8:9.8e+00
   58 ,    581 : 1.1926509749620e+01 +(4e+00,7e+01) | 2.02e+01 |  3:6.0e-01  8:9.5e+00
   59 ,    591 : 1.1935680173094e+01 +(4e+00,3e+02) | 2.03e+01 |  3:5.8e-01  8:9.1e+00
Iterat, #Fevals:   Function Value    (median,worst) |Axis Ratio|idx:Min SD idx:Max SD
   60 ,    601 : 1.1684444122594e+01 +(2e+00,9e+00) | 2.04e+01 |  3:5.6e-01  8:8.8e+00
   61 ,    611 : 1.1657977173884e+01 +(2e+00,5e+01) | 2.04e+01 |  3:5.2e-01  8:8.2e+00
   62 ,    621 : 1.2059717186022e+01 +(2e+00,8e+01) | 2.02e+01 |  3:5.2e-01  8:8.3e+00
   63 ,    631 : 1.1866295343796e+01 +(2e+00,1e+01) | 2.05e+01 |  3:4.9e-01  8:7.9e+00
   64 ,    641 : 1.1853181649493e+01 +(1e+00,7e+00) | 2.01e+01 |  3:4.9e-01  8:7.7e+00
   65 ,    651 : 1.1721255832773e+01 +(3e+00,2e+01) | 2.02e+01 |  3:5.1e-01  8:7.7e+00
   66 ,    661 : 1.1831282277334e+01 +(2e+00,9e+01) | 2.07e+01 |  3:5.4e-01  8:8.2e+00
   67 ,    671 : 1.1900997766801e+01 +(3e+00,2e+01) | 2.10e+01 |  3:5.0e-01  8:7.7e+00
   68 ,    681 : 1.1759621950874e+01 +(6e+00,1e+01) | 2.13e+01 |  3:4.6e-01  8:7.3e+00
   69 ,    691 : 1.1863154086561e+01 +(3e+00,2e+01) | 2.22e+01 |  3:4.5e-01  8:7.5e+00
Iterat, #Fevals:   Function Value    (median,worst) |Axis Ratio|idx:Min SD idx:Max SD
   70 ,    701 : 1.1837864732236e+01 +(1e+00,1e+01) | 2.40e+01 |  3:4.6e-01  8:8.2e+00
   71 ,    711 : 1.1825187792424e+01 +(8e-01,1e+01) | 2.44e+01 |  3:4.4e-01  8:7.9e+00
   72 ,    721 : 1.1836544350441e+01 +(4e-01,8e+00) | 2.49e+01 |  3:4.4e-01  8:8.0e+00
   73 ,    731 : 1.1591258479733e+01 +(3e+00,5e+01) | 2.54e+01 |  3:4.3e-01  8:7.8e+00
   74 ,    741 : 1.1854311847216e+01 +(2e+00,2e+01) | 2.53e+01 |  3:4.3e-01  8:7.9e+00
   75 ,    751 : 1.1745833610595e+01 +(4e+00,5e+01) | 2.51e+01 |  3:4.1e-01  8:7.5e+00
   76 ,    761 : 1.1760190790410e+01 +(3e-01,3e+01) | 2.54e+01 |  3:4.5e-01  8:7.9e+00
   77 ,    771 : 1.1448361437197e+01 +(2e+00,3e+01) | 2.54e+01 |  3:4.7e-01  8:8.2e+00
   78 ,    781 : 1.1352803045498e+01 +(1e+00,6e+01) | 2.76e+01 |  3:5.3e-01  8:9.3e+00
   79 ,    791 : 1.1258433086182e+01 +(4e+00,4e+01) | 2.81e+01 |  3:5.1e-01  8:9.0e+00
Iterat, #Fevals:   Function Value    (median,worst) |Axis Ratio|idx:Min SD idx:Max SD
   80 ,    801 : 1.1388452827226e+01 +(1e+00,6e+00) | 2.81e+01 |  3:4.9e-01  8:8.7e+00
   81 ,    811 : 1.1426542399175e+01 +(7e-01,7e+00) | 2.83e+01 |  3:4.8e-01  8:8.5e+00
   82 ,    821 : 1.1682847485979e+01 +(2e+00,1e+02) | 2.83e+01 |  3:5.2e-01  8:8.9e+00
   83 ,    831 : 1.0953282113301e+01 +(2e+00,4e+01) | 2.73e+01 |  3:5.4e-01  8:9.3e+00
   84 ,    841 : 1.1134474752661e+01 +(2e+00,4e+01) | 2.74e+01 |  3:5.2e-01  8:8.9e+00
   85 ,    851 : 1.1192554855020e+01 +(2e+00,5e+00) | 2.76e+01 |  3:4.7e-01  8:8.0e+00
   86 ,    861 : 1.0745161059802e+01 +(2e+00,2e+01) | 2.82e+01 |  3:4.4e-01  8:7.6e+00
   87 ,    871 : 1.0686199347470e+01 +(1e+00,2e+01) | 2.80e+01 |  3:4.0e-01  8:6.9e+00
   88 ,    881 : 1.0449103666992e+01 +(3e+00,2e+01) | 2.74e+01 |  3:3.9e-01  8:6.5e+00
   89 ,    891 : 1.0838778527966e+01 +(4e+00,3e+01) | 2.73e+01 |  3:3.5e-01  8:5.8e+00
Iterat, #Fevals:   Function Value    (median,worst) |Axis Ratio|idx:Min SD idx:Max SD
   90 ,    901 : 1.0924837679328e+01 +(1e+00,1e+01) | 2.71e+01 |  3:3.4e-01  8:5.5e+00
   91 ,    911 : 1.0480732623753e+01 +(1e+00,6e+00) | 2.80e+01 |  3:3.4e-01  8:5.6e+00
   92 ,    921 : 1.0781344220024e+01 +(1e+00,4e+00) | 2.80e+01 |  3:3.1e-01  8:5.0e+00
   93 ,    931 : 1.0706718299727e+01 +(8e-01,5e+00) | 2.80e+01 |  3:3.0e-01  8:4.7e+00
   94 ,    941 : 1.1025663449406e+01 +(1e+00,4e+00) | 2.78e+01 |  3:2.8e-01  8:4.5e+00
   95 ,    951 : 1.0141788694891e+01 +(1e+00,6e+00) | 2.84e+01 |  3:2.8e-01  8:4.5e+00
   96 ,    961 : 9.9631652224051e+00 +(1e+00,7e+00) | 2.84e+01 |  3:2.6e-01  8:4.0e+00
   97 ,    971 : 1.0247828492580e+01 +(5e+00,2e+01) | 2.84e+01 |  3:2.6e-01  8:4.1e+00
   98 ,    981 : 9.9035724466981e+00 +(2e+00,3e+01) | 2.87e+01 |  3:2.5e-01  8:4.0e+00
   99 ,    991 : 1.0042260574133e+01 +(9e-01,6e+00) | 2.95e+01 |  3:2.5e-01  8:4.1e+00
Iterat, #Fevals:   Function Value    (median,worst) |Axis Ratio|idx:Min SD idx:Max SD
  100 ,   1001 : 9.4532040123964e+00 +(2e+00,1e+01) | 3.07e+01 |  3:2.7e-01  7:4.3e+00
  101 ,   1011 : 9.0671333444313e+00 +(1e+00,2e+02) | 3.26e+01 |  3:2.9e-01  7:4.7e+00
  102 ,   1021 : 9.6660550282927e+00 +(4e+00,1e+01) | 3.30e+01 |  3:2.8e-01  8:4.5e+00
  103 ,   1031 : 9.4168793270888e+00 +(2e+00,2e+01) | 3.28e+01 |  3:2.4e-01  7:3.9e+00
  104 ,   1041 : 9.0169383619928e+00 +(2e+00,3e+01) | 3.34e+01 |  3:2.2e-01  7:3.6e+00
  105 ,   1051 : 8.4566443710906e+00 +(1e+00,7e+00) | 3.37e+01 |  3:2.2e-01  7:3.6e+00
  106 ,   1061 : 9.1446046465203e+00 +(1e+00,2e+01) | 3.39e+01 |  3:2.1e-01  7:3.4e+00
  107 ,   1071 : 1.0149748830003e+01 +(1e+00,7e+00) | 3.45e+01 |  3:2.0e-01  7:3.3e+00
  108 ,   1081 : 9.4922901366448e+00 +(3e+00,4e+01) | 3.37e+01 |  3:1.9e-01  7:3.1e+00
  109 ,   1091 : 9.4175732046903e+00 +(5e+00,2e+01) | 3.41e+01 |  3:1.8e-01  7:2.8e+00
Iterat, #Fevals:   Function Value    (median,worst) |Axis Ratio|idx:Min SD idx:Max SD
  110 ,   1101 : 9.1100105584737e+00 +(3e+00,1e+01) | 3.33e+01 |  3:1.6e-01  7:2.5e+00
  111 ,   1111 : 9.3619095953413e+00 +(2e+00,1e+01) | 3.37e+01 |  3:1.5e-01  8:2.4e+00
  112 ,   1121 : 9.0031131412174e+00 +(1e+00,1e+01) | 3.33e+01 |  3:1.4e-01  8:2.3e+00
  113 ,   1131 : 8.6309064542978e+00 +(1e+00,2e+01) | 3.34e+01 |  3:1.2e-01  8:2.0e+00
  114 ,   1141 : 8.2671504576206e+00 +(8e-01,3e+00) | 3.44e+01 |  3:1.1e-01  8:1.9e+00
  115 ,   1151 : 7.7150861383192e+00 +(1e+00,4e+00) | 3.75e+01 |  3:1.2e-01  7:2.1e+00
  116 ,   1161 : 7.4858916165834e+00 +(2e+00,7e+00) | 3.88e+01 |  3:1.3e-01  8:2.3e+00
  117 ,   1171 : 7.1008346178496e+00 +(1e+00,8e+00) | 3.92e+01 |  3:1.4e-01  8:2.3e+00
  118 ,   1181 : 6.8197067670880e+00 +(2e+00,1e+01) | 4.06e+01 |  3:1.4e-01  8:2.4e+00
  119 ,   1191 : 5.5118129707438e+00 +(3e+00,5e+01) | 4.14e+01 |  3:1.4e-01  7:2.5e+00
Iterat, #Fevals:   Function Value    (median,worst) |Axis Ratio|idx:Min SD idx:Max SD
  120 ,   1201 : 5.4760400213603e+00 +(4e+00,6e+01) | 4.19e+01 |  3:1.4e-01  7:2.5e+00
  121 ,   1211 : 5.4302511058431e+00 +(3e+00,1e+01) | 4.26e+01 |  3:1.3e-01  7:2.4e+00
  122 ,   1221 : 7.1945878309027e+00 +(8e+01,4e+03) | 4.28e+01 |  3:1.2e-01  7:2.2e+00
  123 ,   1231 : 6.2846948497577e+00 +(6e+00,3e+01) | 4.24e+01 |  3:1.3e-01  7:2.1e+00
  124 ,   1241 : 5.9621127458635e+00 +(2e+00,4e+00) | 4.21e+01 |  3:1.3e-01  8:2.2e+00
  125 ,   1251 : 6.4794193276895e+00 +(2e+00,6e+00) | 4.13e+01 |  3:1.2e-01  8:2.1e+00
  126 ,   1261 : 7.0180770138661e+00 +(2e+00,8e+02) | 4.16e+01 |  3:1.2e-01  8:2.1e+00
  127 ,   1271 : 7.6711983282175e+00 +(1e+00,1e+01) | 4.19e+01 |  3:1.1e-01  8:2.0e+00
  128 ,   1281 : 7.5503705295740e+00 +(1e+00,3e+00) | 4.17e+01 |  3:1.1e-01  8:1.9e+00
  129 ,   1291 : 6.2550857020091e+00 +(2e+00,4e+00) | 4.07e+01 |  3:1.1e-01  8:1.8e+00
Iterat, #Fevals:   Function Value    (median,worst) |Axis Ratio|idx:Min SD idx:Max SD
  130 ,   1301 : 5.8651178469274e+00 +(1e+00,4e+00) | 4.14e+01 |  3:1.2e-01  8:1.8e+00
  131 ,   1311 : 5.4923881816592e+00 +(1e+00,6e+00) | 4.31e+01 |  3:1.2e-01  8:1.9e+00
  132 ,   1321 : 5.8933823361314e+00 +(3e+00,3e+01) | 4.35e+01 |  3:1.2e-01  8:1.8e+00
  133 ,   1331 : 5.6434454255924e+00 +(2e+00,5e+00) | 4.38e+01 |  3:1.1e-01  8:1.7e+00
  134 ,   1341 : 6.2835490592157e+00 +(2e+00,1e+01) | 4.38e+01 |  3:1.1e-01  8:1.7e+00
  135 ,   1351 : 5.9165879770153e+00 +(2e+00,2e+01) | 4.43e+01 |  3:1.0e-01  8:1.6e+00
  136 ,   1361 : 6.3892747160235e+00 +(1e+00,2e+01) | 4.32e+01 |  3:1.0e-01  8:1.5e+00
  137 ,   1371 : 5.5374433312640e+00 +(1e+00,4e+00) | 4.32e+01 |  3:9.6e-02  8:1.5e+00
  138 ,   1381 : 5.5350017581943e+00 +(2e+00,7e+02) | 4.30e+01 |  3:9.3e-02  8:1.4e+00
  139 ,   1391 : 5.6097892790284e+00 +(1e+00,3e+00) | 4.25e+01 |  3:8.7e-02  8:1.3e+00
Iterat, #Fevals:   Function Value    (median,worst) |Axis Ratio|idx:Min SD idx:Max SD
  140 ,   1401 : 5.6236200287129e+00 +(7e-01,5e+00) | 4.31e+01 |  3:8.5e-02  8:1.3e+00
  141 ,   1411 : 5.6211947714960e+00 +(1e+00,1e+01) | 4.29e+01 |  3:8.1e-02  8:1.2e+00
  142 ,   1421 : 5.7565638930741e+00 +(8e-01,9e+00) | 4.32e+01 |  3:7.3e-02  8:1.1e+00
  143 ,   1431 : 5.4031104762170e+00 +(1e+00,3e+01) | 4.35e+01 |  3:7.1e-02  8:1.1e+00
  144 ,   1441 : 5.5094520867594e+00 +(8e-01,1e+01) | 4.32e+01 |  3:7.0e-02  8:1.1e+00
  145 ,   1451 : 5.5445716950196e+00 +(1e+00,3e+01) | 4.24e+01 |  3:6.9e-02  8:1.1e+00
  146 ,   1461 : 5.4479064399672e+00 +(9e-01,9e+00) | 4.24e+01 |  3:6.9e-02  8:1.1e+00
  147 ,   1471 : 5.5834599805253e+00 +(1e+00,7e+01) | 4.20e+01 |  3:6.4e-02  8:9.8e-01
  148 ,   1481 : 5.4256412091712e+00 +(4e-01,3e+01) | 3.94e+01 |  3:6.3e-02  8:9.4e-01
  149 ,   1491 : 5.4901488742341e+00 +(4e-01,2e+00) | 3.96e+01 |  3:5.4e-02  8:8.2e-01
Iterat, #Fevals:   Function Value    (median,worst) |Axis Ratio|idx:Min SD idx:Max SD
  150 ,   1501 : 5.4904613058910e+00 +(2e-01,4e+00) | 3.94e+01 |  3:4.9e-02  8:7.4e-01
  151 ,   1511 : 5.5912970786875e+00 +(3e-01,2e+00) | 3.86e+01 |  3:4.9e-02  8:7.4e-01
  152 ,   1521 : 5.4906784170590e+00 +(3e-01,3e+00) | 3.86e+01 |  3:4.6e-02  8:6.8e-01
  153 ,   1531 : 5.4493736403322e+00 +(2e-01,2e+00) | 3.90e+01 |  3:4.4e-02  8:6.7e-01
  154 ,   1541 : 5.5043576039837e+00 +(4e-01,1e+00) | 3.88e+01 |  3:4.1e-02  8:6.3e-01
  155 ,   1551 : 5.4854443554543e+00 +(2e-01,1e+00) | 3.85e+01 |  3:4.4e-02  8:6.7e-01
  156 ,   1561 : 5.4017504229385e+00 +(3e-01,2e+00) | 3.47e+01 |  3:5.0e-02  8:7.5e-01
  157 ,   1571 : 5.4409643397377e+00 +(5e-01,3e+00) | 3.37e+01 |  3:5.3e-02  8:7.8e-01
  158 ,   1581 : 5.4402003701004e+00 +(4e-01,2e+00) | 3.25e+01 |  3:5.5e-02  8:7.9e-01
  159 ,   1591 : 5.4174811287000e+00 +(4e-01,2e+00) | 3.24e+01 |  3:5.3e-02  8:7.6e-01
Iterat, #Fevals:   Function Value    (median,worst) |Axis Ratio|idx:Min SD idx:Max SD
  160 ,   1601 : 5.4152112518470e+00 +(4e-01,2e+00) | 3.22e+01 |  3:5.1e-02  8:7.4e-01
  161 ,   1611 : 5.4735540701552e+00 +(2e-01,2e+00) | 3.23e+01 |  3:5.1e-02  8:7.5e-01
  162 ,   1621 : 5.4773901830604e+00 +(3e-01,4e+00) | 3.22e+01 |  3:4.5e-02  8:6.6e-01
  163 ,   1631 : 5.4756939120705e+00 +(3e-01,1e+00) | 3.22e+01 |  3:4.1e-02  8:6.0e-01
  164 ,   1641 : 5.4455367627350e+00 +(3e-01,2e+00) | 3.24e+01 |  3:3.6e-02  8:5.4e-01
  165 ,   1651 : 5.5149423368558e+00 +(3e-01,2e+00) | 3.23e+01 |  3:3.4e-02  8:5.1e-01
  166 ,   1661 : 5.4303979972152e+00 +(9e-02,1e+00) | 3.22e+01 |  3:3.5e-02  8:5.2e-01
  167 ,   1671 : 5.4342476895771e+00 +(7e-02,4e-01) | 3.20e+01 |  3:3.6e-02  8:5.3e-01
  168 ,   1681 : 5.4041144896802e+00 +(1e-01,2e+00) | 3.20e+01 |  3:3.4e-02  8:5.2e-01
  169 ,   1691 : 5.4258838032831e+00 +(1e-01,1e+00) | 3.15e+01 |  3:3.5e-02  8:5.4e-01
Iterat, #Fevals:   Function Value    (median,worst) |Axis Ratio|idx:Min SD idx:Max SD
  170 ,   1701 : 5.4198167465925e+00 +(1e-01,1e+00) | 3.23e+01 |  3:3.4e-02  8:5.2e-01
  171 ,   1711 : 5.3712501079136e+00 +(8e-02,5e-01) | 3.23e+01 |  3:3.4e-02  8:5.2e-01
  172 ,   1721 : 5.4208061479968e+00 +(8e-02,1e+00) | 3.35e+01 |  3:3.5e-02  8:5.6e-01
  173 ,   1731 : 5.4199105397063e+00 +(5e-01,1e+00) | 3.38e+01 |  3:3.5e-02  8:5.6e-01
  174 ,   1741 : 5.4091275819333e+00 +(2e-01,1e+00) | 3.44e+01 |  3:3.6e-02  8:5.8e-01
  175 ,   1751 : 5.3998669753986e+00 +(2e-01,1e+00) | 3.40e+01 |  3:3.8e-02  8:6.1e-01
  176 ,   1761 : 5.4786047796124e+00 +(1e-01,6e-01) | 3.28e+01 |  3:4.3e-02  8:6.7e-01
  177 ,   1771 : 5.4001680853261e+00 +(4e-01,6e-01) | 3.28e+01 |  3:4.0e-02  8:6.4e-01
  178 ,   1781 : 5.3899384525112e+00 +(1e-01,4e+00) | 3.27e+01 |  3:3.6e-02  8:5.6e-01
  179 ,   1791 : 5.3567948824814e+00 +(2e-01,9e-01) | 3.26e+01 |  3:3.4e-02  8:5.3e-01
Iterat, #Fevals:   Function Value    (median,worst) |Axis Ratio|idx:Min SD idx:Max SD
  180 ,   1801 : 5.3430292922319e+00 +(1e-01,2e+00) | 3.27e+01 |  3:3.3e-02  8:5.1e-01
  181 ,   1811 : 5.3542844037476e+00 +(1e-01,2e+00) | 3.19e+01 |  3:3.1e-02  8:4.8e-01
  182 ,   1821 : 5.3340073813910e+00 +(2e-01,5e-01) | 2.96e+01 |  3:3.2e-02  8:5.0e-01
  183 ,   1831 : 5.4247004061653e+00 +(2e-01,7e-01) | 2.91e+01 |  3:3.4e-02  8:5.4e-01
  184 ,   1841 : 5.3375927479641e+00 +(1e-01,4e-01) | 2.91e+01 |  3:3.3e-02  8:5.2e-01
  185 ,   1851 : 5.3351562757484e+00 +(2e-01,8e-01) | 2.87e+01 |  3:3.3e-02  8:5.1e-01
  186 ,   1861 : 5.3236130879035e+00 +(2e-01,5e-01) | 2.85e+01 |  3:3.0e-02  8:4.7e-01
  187 ,   1871 : 5.3720057150399e+00 +(1e-01,1e+00) | 2.83e+01 |  3:3.0e-02  8:4.7e-01
  188 ,   1881 : 5.3410791484499e+00 +(6e-02,4e-01) | 2.86e+01 |  3:3.1e-02  8:4.8e-01
  189 ,   1891 : 5.3325874549437e+00 +(1e-01,6e-01) | 2.91e+01 |  3:3.4e-02  8:5.3e-01
Iterat, #Fevals:   Function Value    (median,worst) |Axis Ratio|idx:Min SD idx:Max SD
  190 ,   1901 : 5.3027006347585e+00 +(2e-01,1e+00) | 2.90e+01 |  3:3.6e-02  8:5.6e-01
  191 ,   1911 : 5.2905481077624e+00 +(1e-01,9e-01) | 2.88e+01 |  3:3.6e-02  8:5.4e-01
  192 ,   1921 : 5.2882334784524e+00 +(9e-02,6e-01) | 2.82e+01 |  3:3.9e-02  8:5.8e-01
  193 ,   1931 : 5.3232436887012e+00 +(2e-01,9e-01) | 2.81e+01 |  3:3.9e-02  8:5.8e-01
  194 ,   1941 : 5.3582613470515e+00 +(1e-01,4e-01) | 2.82e+01 |  3:3.9e-02  8:5.7e-01
  195 ,   1951 : 5.3171205008189e+00 +(1e-01,7e-01) | 2.82e+01 |  3:3.7e-02  8:5.3e-01
  196 ,   1961 : 5.3123787928159e+00 +(1e-01,5e-01) | 2.88e+01 |  3:3.5e-02  8:5.2e-01
  197 ,   1971 : 5.3122292071090e+00 +(1e-01,3e-01) | 2.85e+01 |  3:3.6e-02  8:5.3e-01
  198 ,   1981 : 5.3747779601580e+00 +(8e-02,5e-01) | 2.91e+01 |  3:3.7e-02  8:5.5e-01
  199 ,   1991 : 5.3004961449534e+00 +(5e-02,1e+00) | 2.84e+01 |  3:3.5e-02  8:5.1e-01
Iterat, #Fevals:   Function Value    (median,worst) |Axis Ratio|idx:Min SD idx:Max SD
  200 ,   2001 : 5.3439059214273e+00 +(1e-01,3e-01) | 2.77e+01 |  3:3.4e-02  8:5.0e-01
  201 ,   2011 : 5.3008794605228e+00 +(2e-01,6e-01) | 2.76e+01 |  3:3.6e-02  8:5.3e-01
  202 ,   2021 : 5.3507013297326e+00 +(8e-02,4e-01) | 2.79e+01 |  3:3.9e-02  8:5.7e-01
  203 ,   2031 : 5.3277918371511e+00 +(1e-01,5e-01) | 2.79e+01 |  3:3.8e-02  8:5.5e-01
  204 ,   2041 : 5.3681919626590e+00 +(8e-02,2e-01) | 2.77e+01 |  3:3.7e-02  8:5.4e-01
  205 ,   2051 : 5.3260269720706e+00 +(6e-02,1e-01) | 2.82e+01 |  3:3.3e-02  8:4.9e-01
  206 ,   2061 : 5.3666932134534e+00 +(9e-02,3e-01) | 2.86e+01 |  3:3.0e-02  8:4.4e-01
  207 ,   2071 : 5.3111948650402e+00 +(1e-01,8e-01) | 2.83e+01 |  3:2.7e-02  8:4.0e-01
  208 ,   2081 : 5.3110545727971e+00 +(8e-02,2e-01) | 2.81e+01 |  3:2.5e-02  8:3.8e-01
  209 ,   2091 : 5.2903839071542e+00 +(1e-01,4e-01) | 2.82e+01 |  3:2.3e-02  8:3.4e-01
Iterat, #Fevals:   Function Value    (median,worst) |Axis Ratio|idx:Min SD idx:Max SD
  210 ,   2101 : 5.2974771810988e+00 +(1e-01,3e-01) | 2.80e+01 |  3:2.2e-02  8:3.3e-01
  211 ,   2111 : 5.2976032119494e+00 +(6e-02,2e-01) | 2.76e+01 |  3:2.6e-02  8:3.8e-01
  212 ,   2121 : 5.2929742335296e+00 +(2e-01,5e-01) | 2.69e+01 |  3:2.8e-02  8:4.1e-01
  213 ,   2131 : 5.2875059553225e+00 +(1e-01,4e-01) | 2.66e+01 |  3:3.0e-02  8:4.4e-01
  214 ,   2141 : 5.3166672839901e+00 +(1e-01,4e-01) | 2.63e+01 |  3:3.0e-02  8:4.5e-01
  215 ,   2151 : 5.2939516621617e+00 +(1e-01,4e-01) | 2.66e+01 |  3:2.9e-02  8:4.4e-01
  216 ,   2161 : 5.2704876946742e+00 +(8e-02,3e-01) | 2.60e+01 |  3:3.4e-02  8:5.1e-01
  217 ,   2171 : 5.2762046173530e+00 +(6e-02,2e-01) | 2.59e+01 |  3:3.6e-02  8:5.3e-01
  218 ,   2181 : 5.2997656673919e+00 +(9e-02,4e-01) | 2.62e+01 |  3:3.6e-02  8:5.1e-01
  219 ,   2191 : 5.2941278510152e+00 +(7e-02,2e-01) | 2.62e+01 |  3:3.3e-02  8:4.7e-01
Iterat, #Fevals:   Function Value    (median,worst) |Axis Ratio|idx:Min SD idx:Max SD
  220 ,   2201 : 5.3008051379305e+00 +(1e-01,5e-01) | 2.62e+01 |  3:3.1e-02  8:4.4e-01
  221 ,   2211 : 5.2739390586978e+00 +(7e-02,4e-01) | 2.84e+01 |  3:2.9e-02  8:4.5e-01
  222 ,   2221 : 5.2917342607767e+00 +(8e-02,4e-01) | 2.92e+01 |  3:2.8e-02  8:4.3e-01
  223 ,   2231 : 5.2886522883327e+00 +(1e-01,4e-01) | 2.94e+01 |  3:2.6e-02  8:4.1e-01
  224 ,   2241 : 5.2554062001822e+00 +(7e-02,3e-01) | 3.03e+01 |  3:2.5e-02  8:4.1e-01
  225 ,   2251 : 5.2832579369970e+00 +(3e-02,4e-01) | 2.99e+01 |  3:2.4e-02  8:3.8e-01
  226 ,   2261 : 5.2685583581916e+00 +(9e-02,3e-01) | 2.98e+01 |  3:2.5e-02  8:3.9e-01
  227 ,   2271 : 5.2931457074461e+00 +(4e-02,1e-01) | 2.96e+01 |  3:2.3e-02  8:3.6e-01
  228 ,   2281 : 5.3042615129747e+00 +(7e-02,1e-01) | 2.94e+01 |  3:2.1e-02  8:3.4e-01
  229 ,   2291 : 5.3007946920504e+00 +(6e-02,2e-01) | 2.88e+01 |  3:1.9e-02  8:3.1e-01
Iterat, #Fevals:   Function Value    (median,worst) |Axis Ratio|idx:Min SD idx:Max SD
  230 ,   2301 : 5.2829394412048e+00 +(6e-02,2e-01) | 2.91e+01 |  3:1.8e-02  8:3.0e-01
  231 ,   2311 : 5.2685211948268e+00 +(8e-02,2e-01) | 2.95e+01 |  3:1.6e-02  8:2.7e-01
  232 ,   2321 : 5.2576678559970e+00 +(4e-02,1e-01) | 2.93e+01 |  3:1.6e-02  8:2.7e-01
  233 ,   2331 : 5.2580657945389e+00 +(5e-02,1e-01) | 2.97e+01 |  3:1.5e-02  8:2.6e-01
  234 ,   2341 : 5.2706386458745e+00 +(3e-02,1e-01) | 3.08e+01 |  3:1.4e-02  8:2.4e-01
  235 ,   2351 : 5.2908739870484e+00 +(2e-02,5e-02) | 3.08e+01 |  3:1.3e-02  8:2.3e-01
  236 ,   2361 : 5.2656778965958e+00 +(2e-02,9e-02) | 2.86e+01 |  3:1.3e-02  8:2.3e-01
  237 ,   2371 : 5.2721391174288e+00 +(3e-02,7e-02) | 2.85e+01 |  3:1.3e-02  8:2.3e-01
  238 ,   2381 : 5.2827033638159e+00 +(5e-02,1e-01) | 2.87e+01 |  3:1.4e-02  8:2.3e-01
  239 ,   2391 : 5.2715143874861e+00 +(1e-02,8e-02) | 2.89e+01 |  3:1.3e-02  8:2.3e-01
Iterat, #Fevals:   Function Value    (median,worst) |Axis Ratio|idx:Min SD idx:Max SD
  240 ,   2401 : 5.2660363584414e+00 +(4e-02,1e-01) | 2.90e+01 |  3:1.2e-02  8:2.1e-01
  241 ,   2411 : 5.2655496646217e+00 +(4e-02,8e-02) | 2.96e+01 |  3:1.2e-02  8:2.0e-01
  242 ,   2421 : 5.2685073110164e+00 +(3e-02,8e-02) | 3.03e+01 |  3:1.1e-02  8:1.8e-01
  243 ,   2431 : 5.2541786865176e+00 +(2e-02,1e-01) | 3.17e+01 |  3:1.1e-02  8:1.9e-01
  244 ,   2441 : 5.2560434878818e+00 +(4e-02,7e-02) | 3.23e+01 |  3:9.7e-03  8:1.7e-01
  245 ,   2451 : 5.2542979488189e+00 +(2e-02,8e-02) | 3.31e+01 |  3:9.1e-03  8:1.6e-01
  246 ,   2461 : 5.2504174276875e+00 +(6e-02,1e-01) | 3.46e+01 |  3:9.5e-03  8:1.8e-01
  247 ,   2471 : 5.2491128902301e+00 +(3e-02,7e-02) | 3.48e+01 |  3:9.7e-03  8:1.9e-01
  248 ,   2481 : 5.2405777796602e+00 +(6e-02,9e-02) | 3.66e+01 |  3:1.0e-02  8:2.1e-01
  249 ,   2491 : 5.2399047211263e+00 +(2e-02,7e-02) | 3.73e+01 |  3:1.1e-02  8:2.4e-01
Iterat, #Fevals:   Function Value    (median,worst) |Axis Ratio|idx:Min SD idx:Max SD
  250 ,   2501 : 5.2442175382792e+00 +(2e-02,7e-02) | 3.73e+01 |  3:1.1e-02  8:2.3e-01
  251 ,   2511 : 5.2425599391391e+00 +(4e-02,8e-02) | 3.75e+01 |  3:1.1e-02  8:2.3e-01
  252 ,   2521 : 5.2361863808035e+00 +(4e-02,7e-02) | 3.79e+01 |  3:1.1e-02  8:2.4e-01
  253 ,   2531 : 5.2468343741181e+00 +(2e-02,8e-02) | 3.78e+01 |  3:1.2e-02  8:2.4e-01
  254 ,   2541 : 5.2367218881632e+00 +(4e-02,1e-01) | 3.83e+01 |  3:1.2e-02  8:2.4e-01
  255 ,   2551 : 5.2383075803197e+00 +(3e-02,7e-02) | 3.83e+01 |  3:1.1e-02  8:2.2e-01
  256 ,   2561 : 5.2339749825819e+00 +(8e-03,8e-02) | 3.87e+01 |  3:1.0e-02  8:2.1e-01
  257 ,   2571 : 5.2378392927039e+00 +(2e-02,6e-02) | 3.86e+01 |  3:9.6e-03  8:2.0e-01
  258 ,   2581 : 5.2332459758622e+00 +(4e-02,8e-02) | 3.85e+01 |  3:9.1e-03  8:1.9e-01
  259 ,   2591 : 5.2410981179281e+00 +(1e-02,8e-02) | 3.86e+01 |  3:9.9e-03  8:2.1e-01
Iterat, #Fevals:   Function Value    (median,worst) |Axis Ratio|idx:Min SD idx:Max SD
  260 ,   2601 : 5.2443762098759e+00 +(4e-02,8e-02) | 3.86e+01 |  3:1.0e-02  8:2.1e-01
  261 ,   2611 : 5.2426544590312e+00 +(1e-02,6e-02) | 3.88e+01 |  3:9.8e-03  8:2.0e-01
  262 ,   2621 : 5.2359592301841e+00 +(3e-02,7e-02) | 3.95e+01 |  3:9.2e-03  8:1.9e-01
  263 ,   2631 : 5.2374193206135e+00 +(1e-02,6e-02) | 3.93e+01 |  3:9.2e-03  8:1.9e-01
  264 ,   2641 : 5.2356014753609e+00 +(3e-02,8e-02) | 3.91e+01 |  3:9.0e-03  8:1.9e-01
  265 ,   2651 : 5.2378739532546e+00 +(1e-02,7e-02) | 3.93e+01 |  3:9.2e-03  8:1.9e-01
  266 ,   2661 : 5.2379699347313e+00 +(6e-03,6e-02) | 3.92e+01 |  3:9.1e-03  8:1.9e-01
  267 ,   2671 : 5.2442071262811e+00 +(1e-02,6e-02) | 3.89e+01 |  3:9.9e-03  8:1.9e-01
  268 ,   2681 : 5.2357928496931e+00 +(2e-02,7e-02) | 4.01e+01 |  3:1.2e-02  8:2.2e-01
  269 ,   2691 : 5.2389433439323e+00 +(2e-02,7e-02) | 3.96e+01 |  3:1.3e-02  8:2.4e-01
Iterat, #Fevals:   Function Value    (median,worst) |Axis Ratio|idx:Min SD idx:Max SD
  270 ,   2701 : 5.2434037022905e+00 +(3e-02,7e-02) | 4.04e+01 |  3:1.5e-02  8:2.6e-01
  271 ,   2711 : 5.2363315481967e+00 +(2e-02,1e-01) | 4.13e+01 |  3:1.5e-02  8:2.7e-01
  272 ,   2721 : 5.2308082376876e+00 +(2e-02,9e-02) | 4.16e+01 |  3:1.4e-02  8:2.6e-01
  273 ,   2731 : 5.2371280246603e+00 +(6e-03,1e-01) | 3.97e+01 |  3:1.5e-02  8:2.7e-01
  274 ,   2741 : 5.2372028340036e+00 +(7e-03,7e-02) | 3.92e+01 |  3:1.5e-02  8:2.6e-01
  275 ,   2751 : 5.2287031496336e+00 +(1e-02,5e-02) | 3.89e+01 |  3:1.3e-02  8:2.4e-01
  276 ,   2761 : 5.2158735752666e+00 +(3e-02,8e-02) | 4.01e+01 |  3:1.4e-02  8:2.5e-01
  277 ,   2771 : 5.2246052359785e+00 +(2e-02,6e-02) | 4.13e+01 |  3:1.4e-02  8:2.7e-01
  278 ,   2781 : 5.2053445013774e+00 +(2e-02,6e-02) | 4.37e+01 |  3:1.4e-02  8:2.8e-01
  279 ,   2791 : 5.2146062097707e+00 +(1e-02,6e-02) | 4.30e+01 |  3:1.4e-02  8:2.7e-01
Iterat, #Fevals:   Function Value    (median,worst) |Axis Ratio|idx:Min SD idx:Max SD
  280 ,   2801 : 5.2049326883673e+00 +(3e-02,5e-02) | 4.61e+01 |  3:1.4e-02  8:2.9e-01
  281 ,   2811 : 5.1876504690423e+00 +(4e-02,1e-01) | 4.95e+01 |  3:1.5e-02  8:3.1e-01
  282 ,   2821 : 5.2042731349432e+00 +(2e-02,8e-02) | 4.93e+01 |  3:1.6e-02  8:3.5e-01
  283 ,   2831 : 5.1920562059539e+00 +(3e-02,6e-02) | 4.94e+01 |  3:1.8e-02  8:3.8e-01
  284 ,   2841 : 5.1933594554882e+00 +(3e-02,1e-01) | 4.99e+01 |  3:2.0e-02  8:4.1e-01
  285 ,   2851 : 5.2019265111739e+00 +(2e-02,6e-02) | 5.00e+01 |  3:2.2e-02  8:4.4e-01
  286 ,   2861 : 5.1928671544846e+00 +(3e-02,2e-01) | 5.02e+01 |  3:2.2e-02  8:4.5e-01
  287 ,   2871 : 5.1877716548429e+00 +(2e-02,8e-02) | 4.78e+01 |  3:2.5e-02  8:4.8e-01
  288 ,   2881 : 5.1890047001936e+00 +(7e-03,5e-02) | 4.71e+01 |  3:2.4e-02  8:4.5e-01
  289 ,   2891 : 5.1901995247041e+00 +(3e-02,1e-01) | 4.65e+01 |  3:2.2e-02  8:4.1e-01
Iterat, #Fevals:   Function Value    (median,worst) |Axis Ratio|idx:Min SD idx:Max SD
  290 ,   2901 : 5.2009641986882e+00 +(2e-02,9e-02) | 4.79e+01 |  3:2.0e-02  8:3.9e-01
  291 ,   2911 : 5.1674484972572e+00 +(6e-02,1e-01) | 4.83e+01 |  3:1.7e-02  8:3.3e-01
  292 ,   2921 : 5.1676575835592e+00 +(3e-02,1e-01) | 5.01e+01 |  3:1.6e-02  8:3.2e-01
  293 ,   2931 : 5.1343655666940e+00 +(6e-02,1e-01) | 5.37e+01 |  3:1.7e-02  8:3.4e-01
  294 ,   2941 : 5.1653871386634e+00 +(3e-02,7e-02) | 5.65e+01 |  3:1.7e-02  8:3.5e-01
  295 ,   2951 : 5.1461993716654e+00 +(6e-02,1e-01) | 6.11e+01 |  3:1.9e-02  8:4.0e-01
  296 ,   2961 : 5.1320125270862e+00 +(5e-02,1e-01) | 6.76e+01 |  3:2.1e-02  8:4.7e-01
  297 ,   2971 : 5.0804656746295e+00 +(9e-02,1e-01) | 7.59e+01 |  3:2.4e-02  8:5.7e-01
  298 ,   2981 : 5.0966990083221e+00 +(2e-02,1e-01) | 7.87e+01 |  3:2.4e-02  8:5.7e-01
  299 ,   2991 : 5.0828938757004e+00 +(6e-02,8e-02) | 8.12e+01 |  3:2.4e-02  8:5.9e-01
Iterat, #Fevals:   Function Value    (median,worst) |Axis Ratio|idx:Min SD idx:Max SD
  300 ,   3001 : 5.0845496401663e+00 +(3e-02,1e-01) | 8.17e+01 |  3:2.7e-02  8:6.9e-01
  301 ,   3011 : 5.0821592378410e+00 +(3e-02,1e-01) | 8.43e+01 |  3:2.8e-02  8:7.7e-01
  302 ,   3021 : 5.0516539442156e+00 +(6e-02,2e-01) | 8.31e+01 |  3:2.7e-02  8:7.4e-01
  303 ,   3031 : 5.0591429666459e+00 +(4e-02,2e-01) | 8.53e+01 |  3:2.8e-02  8:8.1e-01
  304 ,   3041 : 5.0265264650850e+00 +(5e-02,2e-01) | 8.75e+01 |  3:2.8e-02  8:8.5e-01
  305 ,   3051 : 5.0436114443076e+00 +(5e-02,1e-01) | 8.89e+01 |  3:2.7e-02  8:8.2e-01
  306 ,   3061 : 4.9360005798118e+00 +(1e-01,2e-01) | 1.00e+02 |  3:2.9e-02  8:9.9e-01
  307 ,   3071 : 4.8953135929340e+00 +(8e-02,3e-01) | 1.10e+02 |  3:3.3e-02  8:1.2e+00
  308 ,   3081 : 4.8750219423138e+00 +(9e-02,5e-01) | 1.16e+02 |  3:3.5e-02  8:1.3e+00
  309 ,   3091 : 4.7636073287854e+00 +(2e-01,6e-01) | 1.27e+02 |  3:4.1e-02  8:1.6e+00
Iterat, #Fevals:   Function Value    (median,worst) |Axis Ratio|idx:Min SD idx:Max SD
  310 ,   3101 : 4.6524303718671e+00 +(2e-01,5e-01) | 1.31e+02 |  3:5.3e-02  8:2.0e+00
  311 ,   3111 : 4.6516339136991e+00 +(1e-01,3e-01) | 1.34e+02 |  3:6.3e-02  8:2.4e+00
  312 ,   3121 : 4.3284598823648e+00 +(4e-01,7e-01) | 1.40e+02 |  3:7.7e-02  8:2.9e+00
  313 ,   3131 : 4.2832442198947e+00 +(5e-01,1e+01) | 1.43e+02 |  3:9.1e-02  8:3.5e+00
  314 ,   3141 : 3.9407228650063e+00 +(5e-01,2e+01) | 1.43e+02 |  3:1.1e-01  8:4.2e+00
  315 ,   3151 : 4.5091934415668e+00 +(7e-01,1e+07) | 1.41e+02 |  3:1.2e-01  8:4.6e+00
  316 ,   3161 : 4.9756269153766e+00 +(9e-01,3e+02) | 1.41e+02 |  3:1.3e-01  8:4.8e+00
  317 ,   3171 : 4.5495491868417e+00 +(1e+00,3e+00) | 1.40e+02 |  3:1.2e-01  8:4.4e+00
  318 ,   3181 : 4.7703955507359e+00 +(5e-01,7e+00) | 1.43e+02 |  3:1.2e-01  8:4.6e+00
  319 ,   3191 : 4.6891144532005e+00 +(6e-01,1e+00) | 1.39e+02 |  3:1.1e-01  8:4.5e+00
Iterat, #Fevals:   Function Value    (median,worst) |Axis Ratio|idx:Min SD idx:Max SD
  320 ,   3201 : 4.8063988830330e+00 +(5e-01,4e+00) | 1.38e+02 |  3:1.1e-01  8:4.3e+00
  321 ,   3211 : 4.6163420992387e+00 +(7e-01,2e+00) | 1.38e+02 |  3:1.0e-01  8:4.1e+00
  322 ,   3221 : 4.1380060207781e+00 +(7e-01,2e+00) | 1.43e+02 |  3:1.1e-01  8:4.5e+00
  323 ,   3231 : 4.1785647915601e+00 +(6e-01,6e+00) | 1.43e+02 |  3:1.0e-01  8:4.2e+00
  324 ,   3241 : 3.6489898145664e+00 +(9e-01,1e+07) | 1.44e+02 |  3:1.1e-01  8:4.4e+00
  325 ,   3251 : 3.4531872862279e+00 +(2e+00,1e+05) | 1.44e+02 |  3:1.1e-01  8:4.7e+00
  326 ,   3261 : 3.9942322671834e+00 +(1e+00,2e+06) | 1.44e+02 |  3:1.1e-01  8:4.7e+00
  327 ,   3271 : 3.5129618178914e+00 +(1e+00,4e+00) | 1.44e+02 |  3:1.0e-01  8:4.3e+00
  328 ,   3281 : 4.2177820381692e+00 +(5e-01,2e+00) | 1.44e+02 |  3:9.3e-02  8:3.9e+00
  329 ,   3291 : 4.3951848258916e+00 +(8e-01,2e+00) | 1.43e+02 |  3:9.1e-02  8:3.8e+00
Iterat, #Fevals:   Function Value    (median,worst) |Axis Ratio|idx:Min SD idx:Max SD
  330 ,   3301 : 4.3091225227336e+00 +(5e+00,3e+06) | 1.44e+02 |  3:9.0e-02  8:3.8e+00
  331 ,   3311 : 3.3971483595651e+00 +(1e+00,3e+06) | 1.44e+02 |  3:9.5e-02  8:4.0e+00
  332 ,   3321 : 4.3486332120803e+00 +(5e+00,4e+01) | 1.43e+02 |  3:9.4e-02  8:3.9e+00
  333 ,   3331 : 3.4732910139960e+00 +(1e+00,3e+01) | 1.37e+02 |  3:9.7e-02  8:3.9e+00
  334 ,   3341 : 3.4727077509327e+00 +(2e+00,5e+01) | 1.36e+02 |  3:8.9e-02  8:3.6e+00
  335 ,   3351 : 3.5316745190577e+00 +(3e+00,3e+06) | 1.35e+02 |  3:8.2e-02  8:3.2e+00
  336 ,   3361 : 3.9568558959205e+00 +(1e+00,1e+01) | 1.36e+02 |  3:7.7e-02  8:3.0e+00
  337 ,   3371 : 3.5364238228517e+00 +(8e-01,5e+00) | 1.34e+02 |  3:7.0e-02  8:2.7e+00
  338 ,   3381 : 3.5399321792725e+00 +(1e+00,1e+02) | 1.33e+02 |  3:6.0e-02  8:2.2e+00
  339 ,   3391 : 3.6770456681128e+00 +(4e-01,2e+03) | 1.27e+02 |  3:6.3e-02  8:2.3e+00
Iterat, #Fevals:   Function Value    (median,worst) |Axis Ratio|idx:Min SD idx:Max SD
  340 ,   3401 : 3.4962165829368e+00 +(4e-01,7e+00) | 1.26e+02 |  3:5.5e-02  8:2.0e+00
  341 ,   3411 : 3.3736072989670e+00 +(3e-01,3e+00) | 1.27e+02 |  3:5.5e-02  8:2.0e+00
  342 ,   3421 : 3.6199236899859e+00 +(7e-01,3e+02) | 1.22e+02 |  3:5.3e-02  8:1.9e+00
  343 ,   3431 : 3.5612957515780e+00 +(7e-01,4e+01) | 1.20e+02 |  3:5.0e-02  8:1.8e+00
  344 ,   3441 : 3.4431132726098e+00 +(7e-01,2e+00) | 1.19e+02 |  3:4.5e-02  8:1.6e+00
  345 ,   3451 : 3.5507622878765e+00 +(4e-01,3e+00) | 1.16e+02 |  3:4.1e-02  8:1.5e+00
  346 ,   3461 : 3.5589606249232e+00 +(2e-01,1e+00) | 1.16e+02 |  3:3.7e-02  8:1.4e+00
  347 ,   3471 : 3.3691804934111e+00 +(5e-01,1e+00) | 1.16e+02 |  3:3.5e-02  8:1.3e+00
  348 ,   3481 : 3.3006893619574e+00 +(7e-01,1e+00) | 1.13e+02 |  3:3.5e-02  8:1.3e+00
  349 ,   3491 : 3.4600963446740e+00 +(3e-01,3e+01) | 1.11e+02 |  3:3.5e-02  8:1.2e+00
Iterat, #Fevals:   Function Value    (median,worst) |Axis Ratio|idx:Min SD idx:Max SD
  350 ,   3501 : 3.3601207035957e+00 +(4e-01,2e+00) | 1.05e+02 |  3:3.5e-02  8:1.2e+00
  351 ,   3511 : 3.2811741718539e+00 +(4e-01,1e+01) | 1.06e+02 |  3:3.3e-02  8:1.2e+00
  352 ,   3521 : 3.3621493731741e+00 +(1e-01,3e+00) | 1.06e+02 |  3:3.4e-02  8:1.1e+00
  353 ,   3531 : 3.1369219668534e+00 +(8e-01,5e+00) | 1.10e+02 |  3:3.8e-02  8:1.2e+00
  354 ,   3541 : 3.2240279434201e+00 +(6e-01,2e+01) | 1.08e+02 |  3:3.7e-02  8:1.2e+00
  355 ,   3551 : 3.0901229340349e+00 +(2e-01,6e+00) | 1.08e+02 |  3:4.2e-02  8:1.4e+00
  356 ,   3561 : 3.0795546632316e+00 +(6e-01,3e+01) | 1.09e+02 |  3:4.1e-02  8:1.3e+00
  357 ,   3571 : 3.1379725345599e+00 +(3e-01,3e+01) | 1.06e+02 |  3:4.2e-02  8:1.3e+00
  358 ,   3581 : 3.0970151300007e+00 +(4e-01,8e+01) | 1.06e+02 |  3:4.2e-02  8:1.3e+00
  359 ,   3591 : 3.1668607076458e+00 +(2e+00,1e+01) | 1.06e+02 |  3:4.1e-02  8:1.3e+00
Iterat, #Fevals:   Function Value    (median,worst) |Axis Ratio|idx:Min SD idx:Max SD
  360 ,   3601 : 3.1010174254937e+00 +(5e-01,2e+00) | 1.05e+02 |  3:4.2e-02  8:1.3e+00
  361 ,   3611 : 3.0358424723909e+00 +(3e-01,3e+00) | 1.04e+02 |  3:4.2e-02  8:1.3e+00
  362 ,   3621 : 2.9978899921879e+00 +(9e-01,1e+02) | 1.03e+02 |  3:4.1e-02  8:1.3e+00
  363 ,   3631 : 3.2022435012266e+00 +(8e-01,9e+02) | 1.03e+02 |  3:3.7e-02  8:1.2e+00
  364 ,   3641 : 3.1356022259667e+00 +(2e-01,9e-01) | 1.02e+02 |  3:3.9e-02  8:1.2e+00
  365 ,   3651 : 3.1512766686587e+00 +(1e+00,4e+01) | 1.03e+02 |  3:3.7e-02  8:1.1e+00
  366 ,   3661 : 3.0758246137274e+00 +(4e-01,1e+01) | 1.04e+02 |  3:3.6e-02  8:1.1e+00
  367 ,   3671 : 3.1191650245246e+00 +(4e-01,8e+02) | 1.01e+02 |  3:4.2e-02  8:1.2e+00
  368 ,   3681 : 3.0520575532352e+00 +(6e-01,1e+01) | 1.00e+02 |  3:3.8e-02  8:1.0e+00
  369 ,   3691 : 3.0136634790123e+00 +(2e-01,1e+01) | 9.95e+01 |  3:3.5e-02  8:9.8e-01
Iterat, #Fevals:   Function Value    (median,worst) |Axis Ratio|idx:Min SD idx:Max SD
  370 ,   3701 : 3.1038158741117e+00 +(2e-01,1e+01) | 9.84e+01 |  3:3.4e-02  8:9.6e-01
  371 ,   3711 : 3.0566835301770e+00 +(4e-01,7e+00) | 9.61e+01 |  3:3.2e-02  8:8.9e-01
  372 ,   3721 : 3.1337589596663e+00 +(2e-01,1e+00) | 9.74e+01 |  3:2.9e-02  8:8.1e-01
  373 ,   3731 : 3.0389944951644e+00 +(1e-01,1e+01) | 9.80e+01 |  3:2.7e-02  8:7.5e-01
  374 ,   3741 : 3.0616987093192e+00 +(2e-01,2e+00) | 9.88e+01 |  3:2.6e-02  8:7.0e-01
  375 ,   3751 : 3.0169448789320e+00 +(2e-01,2e+02) | 9.83e+01 |  3:2.3e-02  8:6.4e-01
  376 ,   3761 : 3.0692307862850e+00 +(2e-01,4e-01) | 9.64e+01 |  3:2.3e-02  8:6.1e-01
  377 ,   3771 : 3.0266405885300e+00 +(2e-01,1e+00) | 9.46e+01 |  3:2.0e-02  8:5.3e-01
  378 ,   3781 : 3.0048271681754e+00 +(2e-01,2e+00) | 9.45e+01 |  3:1.8e-02  8:4.7e-01
  379 ,   3791 : 3.0092373994367e+00 +(1e-01,5e-01) | 9.30e+01 |  3:1.6e-02  8:4.2e-01
Iterat, #Fevals:   Function Value    (median,worst) |Axis Ratio|idx:Min SD idx:Max SD
  380 ,   3801 : 3.0182244284461e+00 +(3e-02,3e-01) | 9.25e+01 |  3:1.4e-02  8:3.7e-01
  381 ,   3811 : 3.0055021839804e+00 +(1e-01,2e-01) | 9.32e+01 |  3:1.3e-02  8:3.3e-01
  382 ,   3821 : 3.0256963619883e+00 +(2e-02,2e-01) | 9.38e+01 |  3:1.2e-02  8:3.2e-01
  383 ,   3831 : 3.0035785269813e+00 +(4e-02,1e-01) | 9.30e+01 |  3:1.2e-02  8:3.1e-01
  384 ,   3841 : 3.0258335463618e+00 +(4e-02,2e-01) | 9.42e+01 |  3:1.2e-02  8:3.1e-01
  385 ,   3851 : 3.0281301688408e+00 +(2e-02,3e-01) | 9.41e+01 |  3:1.2e-02  8:3.0e-01
  386 ,   3861 : 3.0030588253906e+00 +(3e-02,3e-01) | 9.41e+01 |  3:1.1e-02  8:2.8e-01
  387 ,   3871 : 3.0129853602473e+00 +(3e-02,7e-02) | 9.39e+01 |  3:1.1e-02  8:2.9e-01
  388 ,   3881 : 3.0070599705771e+00 +(4e-02,2e-01) | 9.34e+01 |  3:1.2e-02  8:3.1e-01
  389 ,   3891 : 3.0119358162172e+00 +(3e-02,1e+00) | 9.25e+01 |  3:1.3e-02  8:3.1e-01
Iterat, #Fevals:   Function Value    (median,worst) |Axis Ratio|idx:Min SD idx:Max SD
  390 ,   3901 : 3.0132855152864e+00 +(5e-02,1e-01) | 8.97e+01 |  3:1.3e-02  8:3.2e-01
  391 ,   3911 : 3.0107180416288e+00 +(6e-02,2e-01) | 8.83e+01 |  3:1.3e-02  8:3.1e-01
  392 ,   3921 : 3.0067521462372e+00 +(3e-02,2e-01) | 8.79e+01 |  3:1.2e-02  8:3.0e-01
  393 ,   3931 : 3.0120768461983e+00 +(3e-02,1e-01) | 8.77e+01 |  3:1.2e-02  8:2.9e-01
  394 ,   3941 : 3.0131592094443e+00 +(2e-02,6e-02) | 8.77e+01 |  3:1.2e-02  8:2.8e-01
  395 ,   3951 : 3.0200496869327e+00 +(3e-02,2e-01) | 8.81e+01 |  3:1.1e-02  8:2.6e-01
  396 ,   3961 : 3.0155033183528e+00 +(1e-02,2e-01) | 8.84e+01 |  3:1.0e-02  8:2.4e-01
  397 ,   3971 : 3.0120138492257e+00 +(3e-02,1e-01) | 8.86e+01 |  3:9.9e-03  8:2.3e-01
  398 ,   3981 : 3.0149974363836e+00 +(5e-03,4e-02) | 8.90e+01 |  3:9.7e-03  8:2.3e-01
  399 ,   3991 : 3.0355358113040e+00 +(1e-02,2e-01) | 8.81e+01 |  3:1.0e-02  8:2.4e-01
Iterat, #Fevals:   Function Value    (median,worst) |Axis Ratio|idx:Min SD idx:Max SD
  400 ,   4001 : 3.0151801483972e+00 +(4e-02,3e-01) | 9.05e+01 |  3:1.1e-02  8:2.5e-01
  401 ,   4011 : 3.0092857497840e+00 +(3e-02,1e-01) | 9.12e+01 |  3:1.1e-02  8:2.4e-01
  402 ,   4021 : 3.0066228506011e+00 +(2e-02,6e-02) | 9.04e+01 |  3:1.0e-02  8:2.3e-01
  403 ,   4031 : 3.0132052873632e+00 +(1e-02,2e-01) | 8.43e+01 |  3:1.1e-02  8:2.4e-01
  404 ,   4041 : 3.0172078765003e+00 +(2e-02,9e-02) | 8.39e+01 |  3:1.1e-02  8:2.4e-01
  405 ,   4051 : 3.0125381714583e+00 +(3e-02,1e-01) | 8.48e+01 |  3:1.1e-02  8:2.4e-01
  406 ,   4061 : 3.0129547928442e+00 +(2e-02,9e-02) | 8.57e+01 |  3:1.1e-02  8:2.5e-01
  407 ,   4071 : 3.0047344961857e+00 +(2e-02,1e-01) | 8.56e+01 |  3:1.2e-02  8:2.7e-01
  408 ,   4081 : 3.0035530241353e+00 +(2e-02,2e-01) | 8.57e+01 |  3:1.2e-02  8:2.8e-01
  409 ,   4091 : 3.0089375439067e+00 +(2e-02,9e-02) | 8.51e+01 |  3:1.2e-02  8:2.8e-01
Iterat, #Fevals:   Function Value    (median,worst) |Axis Ratio|idx:Min SD idx:Max SD
  410 ,   4101 : 3.0087153188731e+00 +(2e-02,4e-02) | 8.72e+01 |  3:1.1e-02  8:2.6e-01
  411 ,   4111 : 3.0067815082154e+00 +(2e-02,7e-02) | 8.68e+01 |  3:1.1e-02  8:2.5e-01
  412 ,   4121 : 2.9980667353741e+00 +(2e-02,2e-01) | 8.48e+01 |  3:1.3e-02  8:2.8e-01
  413 ,   4131 : 3.0093273141225e+00 +(5e-02,1e-01) | 8.51e+01 |  3:1.4e-02  8:2.9e-01
  414 ,   4141 : 3.0068504606488e+00 +(3e-02,5e-01) | 8.77e+01 |  3:1.5e-02  8:3.2e-01
  415 ,   4151 : 3.0044438388087e+00 +(4e-02,1e-01) | 8.79e+01 |  3:1.6e-02  8:3.5e-01
  416 ,   4161 : 3.0126815869970e+00 +(2e-02,8e-02) | 8.92e+01 |  3:1.8e-02  8:3.8e-01
  417 ,   4171 : 3.0014623497321e+00 +(4e-02,1e-01) | 8.87e+01 |  3:1.9e-02  8:4.0e-01
  418 ,   4181 : 3.0125073041089e+00 +(8e-02,3e-01) | 8.93e+01 |  3:2.1e-02  8:4.2e-01
  419 ,   4191 : 3.0285892295742e+00 +(3e-02,1e-01) | 9.00e+01 |  3:2.0e-02  8:4.0e-01
Iterat, #Fevals:   Function Value    (median,worst) |Axis Ratio|idx:Min SD idx:Max SD
  420 ,   4201 : 3.0002476606964e+00 +(6e-02,2e-01) | 9.03e+01 |  3:1.9e-02  8:3.6e-01
  421 ,   4211 : 2.9911406089706e+00 +(5e-02,2e-01) | 8.96e+01 |  3:2.0e-02  8:3.7e-01
  422 ,   4221 : 2.9927165848945e+00 +(4e-02,5e-01) | 8.93e+01 |  3:1.9e-02  8:3.5e-01
  423 ,   4231 : 2.9934922792943e+00 +(4e-02,4e-01) | 8.97e+01 |  3:1.9e-02  8:3.4e-01
  424 ,   4241 : 2.9940466604687e+00 +(2e-02,4e-01) | 8.95e+01 |  3:1.8e-02  8:3.3e-01
  425 ,   4251 : 2.9997244664961e+00 +(3e-02,1e-01) | 9.09e+01 |  3:1.9e-02  8:3.5e-01
  426 ,   4261 : 2.9874023975515e+00 +(2e-02,1e-01) | 9.14e+01 |  3:1.9e-02  8:3.5e-01
  427 ,   4271 : 2.9988921057482e+00 +(3e-02,1e-01) | 9.08e+01 |  3:2.0e-02  8:3.5e-01
  428 ,   4281 : 2.9895241960148e+00 +(3e-02,1e-01) | 9.09e+01 |  3:2.3e-02  8:4.1e-01
  429 ,   4291 : 2.9955066957058e+00 +(6e-02,2e-01) | 9.02e+01 |  3:2.6e-02  8:4.6e-01
Iterat, #Fevals:   Function Value    (median,worst) |Axis Ratio|idx:Min SD idx:Max SD
  430 ,   4301 : 2.9878810333102e+00 +(7e-02,3e-01) | 8.89e+01 |  3:2.8e-02  8:5.0e-01
  431 ,   4311 : 2.9857990996410e+00 +(1e-01,6e-01) | 8.86e+01 |  3:2.9e-02  8:5.2e-01
  432 ,   4321 : 2.9987943762494e+00 +(7e-02,2e-01) | 8.96e+01 |  3:2.8e-02  8:5.0e-01
  433 ,   4331 : 3.0279029243156e+00 +(2e-02,5e-01) | 9.61e+01 |  3:3.0e-02  8:5.2e-01
  434 ,   4341 : 3.0141819427829e+00 +(2e-01,5e-01) | 9.63e+01 |  3:2.7e-02  1:4.7e-01
  435 ,   4351 : 2.9973707918556e+00 +(9e-02,7e-01) | 9.69e+01 |  3:2.7e-02  1:4.5e-01
  436 ,   4361 : 2.9875988067785e+00 +(4e-02,4e-01) | 9.85e+01 |  3:2.5e-02  8:4.4e-01
  437 ,   4371 : 2.9967976811491e+00 +(5e-02,3e-01) | 9.87e+01 |  3:2.4e-02  8:4.1e-01
  438 ,   4381 : 2.9954006755861e+00 +(4e-02,2e-01) | 9.84e+01 |  3:2.1e-02  8:3.6e-01
  439 ,   4391 : 2.9913784364859e+00 +(7e-02,2e-01) | 9.96e+01 |  3:2.1e-02  8:3.5e-01
Iterat, #Fevals:   Function Value    (median,worst) |Axis Ratio|idx:Min SD idx:Max SD
  440 ,   4401 : 2.9879530501253e+00 +(7e-02,1e-01) | 9.91e+01 |  3:2.0e-02  8:3.3e-01
  441 ,   4411 : 2.9842056423791e+00 +(3e-02,2e-01) | 9.82e+01 |  3:2.1e-02  1:3.4e-01
  442 ,   4421 : 2.9867804657886e+00 +(2e-02,9e-02) | 9.91e+01 |  3:2.3e-02  1:3.5e-01
  443 ,   4431 : 3.0001516523472e+00 +(4e-02,3e-01) | 9.97e+01 |  3:2.1e-02  1:3.2e-01
  444 ,   4441 : 2.9832732792471e+00 +(2e-02,1e-01) | 9.73e+01 |  3:2.1e-02  1:3.2e-01
  445 ,   4451 : 2.9861589740698e+00 +(1e-02,2e-01) | 9.55e+01 |  3:2.1e-02  1:3.2e-01
  446 ,   4461 : 2.9862737246806e+00 +(8e-03,8e-02) | 9.61e+01 |  3:2.1e-02  1:3.3e-01
  447 ,   4471 : 2.9801268892821e+00 +(2e-02,8e-02) | 9.85e+01 |  3:2.2e-02  1:3.3e-01
  448 ,   4481 : 2.9917083705554e+00 +(9e-03,2e-01) | 1.01e+02 |  3:2.4e-02  1:3.5e-01
  449 ,   4491 : 2.9866413072630e+00 +(4e-02,2e-01) | 1.00e+02 |  3:2.7e-02  1:3.9e-01
Iterat, #Fevals:   Function Value    (median,worst) |Axis Ratio|idx:Min SD idx:Max SD
  450 ,   4501 : 3.0064887399995e+00 +(2e-02,1e-01) | 1.02e+02 |  3:2.6e-02  1:3.8e-01
  451 ,   4511 : 3.0079343844091e+00 +(5e-02,2e-01) | 1.04e+02 |  3:2.5e-02  1:3.7e-01
  452 ,   4521 : 2.9869994448912e+00 +(1e-02,9e-02) | 1.04e+02 |  3:2.4e-02  1:3.6e-01
  453 ,   4531 : 2.9983848082027e+00 +(4e-02,1e-01) | 1.04e+02 |  3:2.3e-02  1:3.3e-01
  454 ,   4541 : 2.9983492945249e+00 +(8e-02,6e-01) | 1.05e+02 |  3:2.1e-02  1:3.2e-01
  455 ,   4551 : 2.9871582032097e+00 +(3e-02,2e-01) | 1.04e+02 |  3:2.0e-02  1:2.9e-01
  456 ,   4561 : 2.9903554123817e+00 +(2e-02,1e-01) | 1.05e+02 |  3:1.7e-02  1:2.5e-01
  457 ,   4571 : 2.9992199664876e+00 +(2e-02,9e-02) | 1.05e+02 |  3:1.6e-02  1:2.3e-01
  458 ,   4581 : 2.9965711329939e+00 +(2e-02,1e-01) | 1.09e+02 |  3:1.5e-02  1:2.2e-01
  459 ,   4591 : 2.9882286405534e+00 +(1e-02,1e-01) | 1.09e+02 |  3:1.5e-02  1:2.2e-01
Iterat, #Fevals:   Function Value    (median,worst) |Axis Ratio|idx:Min SD idx:Max SD
  460 ,   4601 : 2.9835896933179e+00 +(3e-02,2e-01) | 1.08e+02 |  3:1.6e-02  1:2.3e-01
  461 ,   4611 : 2.9889396953161e+00 +(3e-02,2e-01) | 1.05e+02 |  3:1.7e-02  1:2.5e-01
  462 ,   4621 : 2.9821900167513e+00 +(3e-02,6e-02) | 1.06e+02 |  3:1.7e-02  1:2.5e-01
  463 ,   4631 : 2.9919518690541e+00 +(1e-02,1e-01) | 1.07e+02 |  3:1.6e-02  1:2.4e-01
  464 ,   4641 : 2.9896440375628e+00 +(2e-02,1e-01) | 1.06e+02 |  3:1.6e-02  1:2.4e-01
  465 ,   4651 : 2.9854833003828e+00 +(2e-02,4e-02) | 1.07e+02 |  3:1.5e-02  1:2.2e-01
  466 ,   4661 : 2.9836317404005e+00 +(1e-02,5e-02) | 1.07e+02 |  3:1.6e-02  1:2.3e-01
  467 ,   4671 : 2.9835443620766e+00 +(2e-02,5e-02) | 1.09e+02 |  3:1.5e-02  1:2.3e-01
  468 ,   4681 : 2.9873350066554e+00 +(1e-02,4e-02) | 1.10e+02 |  3:1.4e-02  1:2.1e-01
  469 ,   4691 : 2.9867981673567e+00 +(1e-02,4e-02) | 1.09e+02 |  3:1.4e-02  1:2.1e-01
Iterat, #Fevals:   Function Value    (median,worst) |Axis Ratio|idx:Min SD idx:Max SD
  470 ,   4701 : 2.9968929663035e+00 +(1e-02,5e-02) | 1.07e+02 |  3:1.4e-02  1:2.1e-01
  471 ,   4711 : 2.9865966127416e+00 +(1e-02,2e-02) | 1.10e+02 |  3:1.4e-02  1:2.1e-01
  472 ,   4721 : 2.9837245084931e+00 +(2e-02,5e-02) | 1.12e+02 |  3:1.4e-02  8:2.1e-01
  473 ,   4731 : 2.9883622771762e+00 +(6e-03,4e-02) | 1.12e+02 |  3:1.4e-02  8:2.1e-01
  474 ,   4741 : 2.9872293358548e+00 +(1e-02,7e-02) | 1.14e+02 |  3:1.4e-02  1:2.0e-01
  475 ,   4751 : 2.9823549047074e+00 +(1e-02,4e-02) | 1.15e+02 |  3:1.4e-02  8:2.0e-01
  476 ,   4761 : 2.9857358778659e+00 +(1e-02,4e-02) | 1.15e+02 |  3:1.4e-02  8:2.1e-01
  477 ,   4771 : 2.9808854502660e+00 +(1e-02,4e-02) | 1.16e+02 |  3:1.2e-02  1:1.9e-01
  478 ,   4781 : 2.9826756912417e+00 +(6e-03,4e-02) | 1.18e+02 |  3:1.2e-02  1:1.8e-01
  479 ,   4791 : 2.9829384338623e+00 +(9e-03,2e-02) | 1.18e+02 |  3:1.1e-02  1:1.7e-01
Iterat, #Fevals:   Function Value    (median,worst) |Axis Ratio|idx:Min SD idx:Max SD
  480 ,   4801 : 2.9815552113119e+00 +(1e-02,2e-02) | 1.18e+02 |  3:1.0e-02  1:1.5e-01
  481 ,   4811 : 2.9822416354118e+00 +(1e-02,4e-02) | 1.17e+02 |  3:9.3e-03  1:1.4e-01
  482 ,   4821 : 2.9845326117117e+00 +(8e-03,1e-02) | 1.17e+02 |  3:9.5e-03  1:1.4e-01
  483 ,   4831 : 2.9844207443633e+00 +(1e-02,2e-02) | 1.17e+02 |  3:8.8e-03  1:1.3e-01
  484 ,   4841 : 2.9825650571893e+00 +(7e-03,2e-02) | 1.16e+02 |  3:8.9e-03  1:1.4e-01
  485 ,   4851 : 2.9824533708598e+00 +(1e-02,2e-02) | 1.17e+02 |  3:9.3e-03  1:1.4e-01
  486 ,   4861 : 2.9819731598123e+00 +(1e-02,3e-02) | 1.16e+02 |  3:9.4e-03  1:1.5e-01
  487 ,   4871 : 2.9838515077899e+00 +(1e-02,2e-02) | 1.15e+02 |  3:8.7e-03  1:1.3e-01
  488 ,   4881 : 2.9807520710654e+00 +(1e-02,3e-02) | 1.15e+02 |  3:8.5e-03  1:1.3e-01
  489 ,   4891 : 2.9807169881683e+00 +(1e-02,2e-02) | 1.18e+02 |  3:7.8e-03  1:1.2e-01
Iterat, #Fevals:   Function Value    (median,worst) |Axis Ratio|idx:Min SD idx:Max SD
  490 ,   4901 : 2.9857219301022e+00 +(6e-03,3e-02) | 1.15e+02 |  3:6.8e-03  1:1.0e-01
  491 ,   4911 : 2.9787097328745e+00 +(1e-02,4e-02) | 1.15e+02 |  3:6.2e-03  1:9.0e-02
  492 ,   4921 : 2.9790852683206e+00 +(1e-02,2e-02) | 1.15e+02 |  3:5.5e-03  1:8.0e-02
  493 ,   4931 : 2.9817720271253e+00 +(8e-03,1e-02) | 1.16e+02 |  3:5.6e-03  1:8.0e-02
  494 ,   4941 : 2.9815040876419e+00 +(4e-03,1e-02) | 1.17e+02 |  3:5.3e-03  1:7.6e-02
  495 ,   4951 : 2.9800844471994e+00 +(1e-02,2e-02) | 1.19e+02 |  3:6.4e-03  8:9.0e-02
  496 ,   4961 : 2.9814012772146e+00 +(1e-02,2e-02) | 1.24e+02 |  3:6.9e-03  1:9.4e-02
  497 ,   4971 : 2.9827936751376e+00 +(9e-03,1e-02) | 1.26e+02 |  3:7.3e-03  1:1.0e-01
  498 ,   4981 : 2.9816688150213e+00 +(1e-02,2e-02) | 1.28e+02 |  3:8.3e-03  1:1.2e-01
  499 ,   4991 : 2.9778461303778e+00 +(2e-02,2e-02) | 1.30e+02 |  3:9.4e-03  1:1.3e-01
Iterat, #Fevals:   Function Value    (median,worst) |Axis Ratio|idx:Min SD idx:Max SD
  500 ,   5001 : 2.9790323199717e+00 +(2e-02,2e-02) | 1.32e+02 |  3:9.5e-03  1:1.4e-01
  501 ,   5011 : 2.9876179528516e+00 +(6e-03,2e-02) | 1.31e+02 |  3:1.0e-02  1:1.5e-01
  502 ,   5021 : 2.9819833031995e+00 +(9e-03,1e-02) | 1.32e+02 |  3:1.2e-02  1:1.7e-01
  503 ,   5031 : 2.9822158865394e+00 +(2e-02,2e-02) | 1.33e+02 |  3:1.3e-02  1:1.8e-01
  504 ,   5041 : 2.9826877305352e+00 +(8e-03,3e-02) | 1.39e+02 |  3:1.4e-02  1:2.1e-01
  505 ,   5051 : 2.9791935931086e+00 +(1e-02,4e-02) | 1.43e+02 |  3:1.5e-02  1:2.2e-01
  506 ,   5061 : 2.9925489315479e+00 +(5e-03,3e-02) | 1.46e+02 |  3:1.5e-02  8:2.4e-01
  507 ,   5071 : 2.9881168163391e+00 +(2e-02,7e-02) | 1.48e+02 |  3:1.5e-02  8:2.5e-01
  508 ,   5081 : 2.9851977397743e+00 +(2e-02,5e-02) | 1.48e+02 |  3:1.4e-02  8:2.3e-01
  509 ,   5091 : 2.9817953378004e+00 +(2e-02,4e-02) | 1.50e+02 |  3:1.4e-02  8:2.3e-01
Iterat, #Fevals:   Function Value    (median,worst) |Axis Ratio|idx:Min SD idx:Max SD
  510 ,   5101 : 2.9885937208550e+00 +(6e-03,2e-02) | 1.51e+02 |  3:1.4e-02  8:2.4e-01
  511 ,   5111 : 2.9853023336795e+00 +(8e-03,3e-02) | 1.51e+02 |  3:1.4e-02  8:2.3e-01
  512 ,   5121 : 2.9852176963162e+00 +(2e-02,3e-02) | 1.51e+02 |  3:1.3e-02  8:2.3e-01
  513 ,   5131 : 2.9824866263046e+00 +(2e-02,3e-02) | 1.52e+02 |  3:1.4e-02  8:2.3e-01
  514 ,   5141 : 2.9868748718411e+00 +(1e-02,2e-02) | 1.52e+02 |  3:1.5e-02  8:2.5e-01
  515 ,   5151 : 2.9900832253608e+00 +(6e-03,4e-02) | 1.52e+02 |  3:1.6e-02  8:2.5e-01
  516 ,   5161 : 2.9835913668702e+00 +(2e-02,3e-02) | 1.54e+02 |  3:1.5e-02  8:2.5e-01
  517 ,   5171 : 2.9867304659686e+00 +(9e-03,3e-02) | 1.53e+02 |  3:1.5e-02  8:2.4e-01
  518 ,   5181 : 2.9827915617135e+00 +(2e-02,4e-02) | 1.53e+02 |  3:1.4e-02  8:2.1e-01
  519 ,   5191 : 2.9887899229647e+00 +(5e-03,4e-02) | 1.46e+02 |  3:1.3e-02  8:2.0e-01
Iterat, #Fevals:   Function Value    (median,worst) |Axis Ratio|idx:Min SD idx:Max SD
  520 ,   5201 : 2.9825136277554e+00 +(2e-02,9e-02) | 1.47e+02 |  3:1.3e-02  8:2.1e-01
  521 ,   5211 : 2.9886249817310e+00 +(1e-02,4e-02) | 1.45e+02 |  3:1.3e-02  8:2.0e-01
  522 ,   5221 : 2.9792070760160e+00 +(2e-02,8e-02) | 1.43e+02 |  3:1.3e-02  8:2.0e-01
  523 ,   5231 : 2.9855873410876e+00 +(8e-03,5e-02) | 1.45e+02 |  3:1.3e-02  8:2.1e-01
  524 ,   5241 : 2.9829551542318e+00 +(1e-02,5e-02) | 1.46e+02 |  3:1.4e-02  8:2.3e-01
  525 ,   5251 : 2.9872911460984e+00 +(1e-02,5e-02) | 1.47e+02 |  3:1.5e-02  8:2.4e-01
  526 ,   5261 : 2.9797243533606e+00 +(2e-02,6e-02) | 1.46e+02 |  3:1.4e-02  8:2.3e-01
  527 ,   5271 : 2.9838546500793e+00 +(1e-02,3e-02) | 1.48e+02 |  3:1.4e-02  8:2.4e-01
  528 ,   5281 : 2.9856954683165e+00 +(1e-02,2e-02) | 1.48e+02 |  3:1.5e-02  8:2.5e-01
  529 ,   5291 : 2.9884854943881e+00 +(1e-02,2e-02) | 1.50e+02 |  3:1.6e-02  8:2.6e-01
Iterat, #Fevals:   Function Value    (median,worst) |Axis Ratio|idx:Min SD idx:Max SD
  530 ,   5301 : 2.9895851259598e+00 +(8e-03,2e-02) | 1.50e+02 |  3:1.6e-02  8:2.7e-01
  531 ,   5311 : 2.9826909688965e+00 +(1e-02,3e-02) | 1.49e+02 |  3:1.6e-02  8:2.7e-01
  532 ,   5321 : 2.9817031249111e+00 +(2e-02,5e-02) | 1.49e+02 |  3:1.7e-02  8:2.8e-01
  533 ,   5331 : 2.9909813517030e+00 +(7e-03,4e-02) | 1.48e+02 |  3:1.7e-02  8:2.8e-01
  534 ,   5341 : 2.9883215631736e+00 +(1e-02,4e-02) | 1.45e+02 |  3:1.8e-02  8:2.8e-01
  535 ,   5351 : 2.9842350576623e+00 +(1e-02,5e-02) | 1.45e+02 |  3:1.7e-02  8:2.7e-01
  536 ,   5361 : 2.9889535932344e+00 +(5e-03,3e-02) | 1.46e+02 |  3:1.8e-02  8:2.7e-01
  537 ,   5371 : 2.9842615155597e+00 +(2e-02,6e-02) | 1.44e+02 |  3:1.9e-02  8:2.9e-01
  538 ,   5381 : 2.9765553516876e+00 +(2e-02,4e-02) | 1.46e+02 |  3:2.0e-02  8:2.9e-01
  539 ,   5391 : 2.9913996942384e+00 +(3e-03,1e-01) | 1.45e+02 |  3:2.2e-02  8:3.2e-01
Iterat, #Fevals:   Function Value    (median,worst) |Axis Ratio|idx:Min SD idx:Max SD
  540 ,   5401 : 2.9855218184418e+00 +(1e-02,8e-02) | 1.45e+02 |  3:2.4e-02  8:3.4e-01
  541 ,   5411 : 2.9911992465272e+00 +(2e-02,9e-02) | 1.46e+02 |  3:2.4e-02  8:3.3e-01
  542 ,   5421 : 2.9880373461140e+00 +(6e-03,3e-02) | 1.46e+02 |  3:2.4e-02  8:3.2e-01
  543 ,   5431 : 2.9890294921357e+00 +(1e-02,4e-02) | 1.52e+02 |  3:2.6e-02  8:3.4e-01
  544 ,   5441 : 2.9897898283639e+00 +(1e-02,6e-02) | 1.54e+02 |  3:2.6e-02  5:3.5e-01
  545 ,   5451 : 2.9803622745888e+00 +(2e-02,5e-02) | 1.53e+02 |  3:2.8e-02  5:3.8e-01
  546 ,   5461 : 2.9806535663715e+00 +(2e-02,1e-01) | 1.53e+02 |  3:3.3e-02  5:4.6e-01
  547 ,   5471 : 2.9979094154709e+00 +(2e-02,4e-01) | 1.56e+02 |  3:3.6e-02  5:5.3e-01
  548 ,   5481 : 2.9903352395422e+00 +(2e-02,8e-02) | 1.58e+02 |  3:4.0e-02  5:6.1e-01
  549 ,   5491 : 3.0038011238941e+00 +(2e-02,6e-02) | 1.57e+02 |  3:4.9e-02  5:7.5e-01
Iterat, #Fevals:   Function Value    (median,worst) |Axis Ratio|idx:Min SD idx:Max SD
  550 ,   5501 : 3.0062386406391e+00 +(9e-02,4e-01) | 1.57e+02 |  3:5.0e-02  5:7.8e-01
  551 ,   5511 : 2.9883273574942e+00 +(4e-02,2e-01) | 1.55e+02 |  3:4.9e-02  5:7.7e-01
  552 ,   5521 : 3.0003693484158e+00 +(4e-02,4e-01) | 1.55e+02 |  3:5.3e-02  5:8.2e-01
  553 ,   5531 : 3.0404306254254e+00 +(2e-02,3e-01) | 1.56e+02 |  3:5.4e-02  5:8.5e-01
  554 ,   5541 : 2.9823744398456e+00 +(7e-02,3e-01) | 1.59e+02 |  3:5.6e-02  5:9.2e-01
  555 ,   5551 : 3.0056081063199e+00 +(5e-02,3e-01) | 1.65e+02 |  3:5.9e-02  5:1.0e+00
  556 ,   5561 : 2.9904766557893e+00 +(9e-02,3e-01) | 1.68e+02 |  3:5.9e-02  5:1.0e+00
  557 ,   5571 : 3.0240183773562e+00 +(8e-02,3e-01) | 1.71e+02 |  3:6.0e-02  5:1.0e+00
  558 ,   5581 : 3.0596815793274e+00 +(2e-01,5e-01) | 1.82e+02 |  3:6.1e-02  5:1.1e+00
  559 ,   5591 : 2.9946706185287e+00 +(2e-01,5e-01) | 1.81e+02 |  3:6.1e-02  5:1.1e+00
Iterat, #Fevals:   Function Value    (median,worst) |Axis Ratio|idx:Min SD idx:Max SD
  560 ,   5601 : 2.9902161314173e+00 +(6e-02,2e-01) | 1.84e+02 |  3:5.9e-02  5:1.1e+00
  561 ,   5611 : 2.9865189927691e+00 +(1e-01,7e-01) | 1.89e+02 |  3:6.0e-02  5:1.2e+00
  562 ,   5621 : 2.9954825200895e+00 +(6e-02,5e-01) | 1.95e+02 |  3:6.8e-02  5:1.4e+00
  563 ,   5631 : 3.0122366826292e+00 +(1e-01,6e-01) | 1.98e+02 |  3:7.4e-02  5:1.5e+00
  564 ,   5641 : 3.0089895110868e+00 +(1e-01,2e+00) | 2.00e+02 |  3:7.0e-02  5:1.4e+00
  565 ,   5651 : 3.0376033919615e+00 +(3e-01,9e-01) | 2.03e+02 |  3:6.4e-02  5:1.4e+00
  566 ,   5661 : 2.9997474900210e+00 +(1e-01,3e+01) | 2.02e+02 |  3:5.9e-02  5:1.2e+00
  567 ,   5671 : 3.0195915017510e+00 +(1e-01,3e+00) | 2.02e+02 |  3:5.7e-02  5:1.2e+00
  568 ,   5681 : 2.9930577254167e+00 +(2e-01,4e-01) | 1.99e+02 |  3:5.5e-02  5:1.1e+00
  569 ,   5691 : 3.0162653306248e+00 +(1e-01,5e-01) | 1.96e+02 |  3:5.2e-02  5:1.1e+00
Iterat, #Fevals:   Function Value    (median,worst) |Axis Ratio|idx:Min SD idx:Max SD
  570 ,   5701 : 2.9917191538671e+00 +(3e-02,3e-01) | 1.93e+02 |  3:4.9e-02  5:1.0e+00
  571 ,   5711 : 2.9944818141395e+00 +(4e-02,3e-01) | 1.93e+02 |  3:4.5e-02  5:9.1e-01
  572 ,   5721 : 2.9990227663003e+00 +(3e-02,4e-01) | 1.94e+02 |  3:4.3e-02  5:8.6e-01
  573 ,   5731 : 2.9997438506438e+00 +(3e-02,8e-01) | 1.88e+02 |  3:4.1e-02  5:8.2e-01
  574 ,   5741 : 2.9930213680321e+00 +(4e-02,1e-01) | 1.94e+02 |  3:4.1e-02  5:8.4e-01
  575 ,   5751 : 3.0149156477142e+00 +(9e-02,6e-01) | 1.97e+02 |  3:3.8e-02  5:8.0e-01
  576 ,   5761 : 2.9870061085941e+00 +(6e-02,4e-01) | 1.98e+02 |  3:3.4e-02  5:7.2e-01
  577 ,   5771 : 3.0037606246890e+00 +(6e-02,1e-01) | 2.05e+02 |  3:3.5e-02  5:7.7e-01
  578 ,   5781 : 2.9894799712486e+00 +(2e-01,4e-01) | 2.08e+02 |  3:3.8e-02  5:8.4e-01
  579 ,   5791 : 2.9956126781278e+00 +(3e-02,3e-01) | 2.05e+02 |  3:3.8e-02  5:8.3e-01
Iterat, #Fevals:   Function Value    (median,worst) |Axis Ratio|idx:Min SD idx:Max SD
  580 ,   5801 : 2.9913288605697e+00 +(9e-02,4e-01) | 2.07e+02 |  3:3.6e-02  5:7.9e-01
  581 ,   5811 : 2.9877891827174e+00 +(8e-02,6e-01) | 2.09e+02 |  3:3.5e-02  5:7.9e-01
  582 ,   5821 : 2.9875161926609e+00 +(5e-02,2e-01) | 2.10e+02 |  3:4.3e-02  5:9.1e-01
  583 ,   5831 : 2.9995287887705e+00 +(5e-02,2e+01) | 2.13e+02 |  3:4.0e-02  5:8.4e-01
  584 ,   5841 : 2.9968631861827e+00 +(2e-02,3e-01) | 2.16e+02 |  3:3.8e-02  5:8.1e-01
  585 ,   5851 : 2.9966658170974e+00 +(3e-02,4e-01) | 2.15e+02 |  3:3.8e-02  5:8.2e-01
  586 ,   5861 : 3.0440943893956e+00 +(3e-02,3e+01) | 2.10e+02 |  3:3.8e-02  5:8.2e-01
  587 ,   5871 : 2.9905701349001e+00 +(1e-01,5e+00) | 2.09e+02 |  3:3.8e-02  5:8.2e-01
  588 ,   5881 : 2.9989147133986e+00 +(1e-02,6e-02) | 2.11e+02 |  3:3.7e-02  5:8.1e-01
  589 ,   5891 : 2.9818097463731e+00 +(9e-02,1e+01) | 2.12e+02 |  3:3.8e-02  5:8.1e-01
Iterat, #Fevals:   Function Value    (median,worst) |Axis Ratio|idx:Min SD idx:Max SD
  590 ,   5901 : 2.9920664883593e+00 +(8e-02,4e+01) | 2.17e+02 |  3:3.6e-02  5:7.8e-01
  591 ,   5911 : 3.0063152415287e+00 +(7e-02,1e+00) | 2.20e+02 |  3:3.3e-02  5:7.1e-01
  592 ,   5921 : 2.9893763641307e+00 +(8e-03,8e-02) | 2.20e+02 |  3:2.9e-02  5:6.4e-01
  593 ,   5931 : 2.9861472374028e+00 +(9e-03,1e+00) | 2.16e+02 |  3:2.8e-02  5:6.0e-01
  594 ,   5941 : 2.9871630803455e+00 +(9e-03,4e-02) | 2.20e+02 |  3:2.6e-02  5:5.7e-01
  595 ,   5951 : 2.9901813635873e+00 +(9e-02,7e+00) | 2.19e+02 |  3:2.5e-02  5:5.5e-01
  596 ,   5961 : 2.9883570188249e+00 +(2e-02,8e-02) | 2.20e+02 |  3:2.4e-02  5:5.3e-01
  597 ,   5971 : 2.9869989912680e+00 +(2e-02,5e-02) | 2.18e+02 |  3:2.1e-02  5:4.6e-01
  598 ,   5981 : 2.9862180952330e+00 +(1e-02,4e-02) | 2.19e+02 |  3:1.9e-02  5:4.2e-01
  599 ,   5991 : 2.9896649075164e+00 +(1e-02,9e-02) | 2.11e+02 |  3:2.0e-02  5:4.3e-01
Iterat, #Fevals:   Function Value    (median,worst) |Axis Ratio|idx:Min SD idx:Max SD
  600 ,   6001 : 2.9870932301150e+00 +(2e-02,5e+00) | 2.09e+02 |  3:2.0e-02  5:4.2e-01
  601 ,   6011 : 2.9889909408927e+00 +(2e-02,2e+00) | 2.04e+02 |  3:1.8e-02  5:3.8e-01
  602 ,   6021 : 2.9876839617225e+00 +(2e-02,1e+01) | 2.00e+02 |  3:1.5e-02  5:3.2e-01
  603 ,   6031 : 2.9872876865648e+00 +(6e-03,3e-02) | 2.00e+02 |  3:1.5e-02  5:3.1e-01
  604 ,   6041 : 2.9899706789245e+00 +(3e-03,2e-02) | 1.94e+02 |  3:1.4e-02  5:3.0e-01
  605 ,   6051 : 2.9868812466753e+00 +(3e-03,1e-02) | 1.95e+02 |  3:1.3e-02  5:2.8e-01
  606 ,   6061 : 2.9877679928964e+00 +(5e-03,2e-02) | 1.90e+02 |  3:1.4e-02  5:2.8e-01
  607 ,   6071 : 2.9883950829609e+00 +(6e-03,5e-01) | 1.88e+02 |  3:1.4e-02  5:2.8e-01
  608 ,   6081 : 2.9848105403643e+00 +(6e-03,9e-01) | 1.86e+02 |  3:1.3e-02  5:2.6e-01
  609 ,   6091 : 2.9895445856808e+00 +(2e-02,6e+00) | 1.86e+02 |  3:1.2e-02  5:2.4e-01
Iterat, #Fevals:   Function Value    (median,worst) |Axis Ratio|idx:Min SD idx:Max SD
  610 ,   6101 : 2.9879972090194e+00 +(2e-03,3e-01) | 1.86e+02 |  3:1.1e-02  5:2.2e-01
  611 ,   6111 : 2.9876018835407e+00 +(2e-03,2e+00) | 1.82e+02 |  3:1.2e-02  5:2.2e-01
  612 ,   6121 : 2.9856231770579e+00 +(2e-02,3e+00) | 1.84e+02 |  3:1.2e-02  5:2.2e-01
  613 ,   6131 : 2.9864668600970e+00 +(7e-03,6e-02) | 1.82e+02 |  3:1.1e-02  5:2.0e-01
  614 ,   6141 : 2.9874196871008e+00 +(6e-03,1e-02) | 1.81e+02 |  3:1.0e-02  5:1.9e-01
  615 ,   6151 : 2.9888162754022e+00 +(7e-03,2e-01) | 1.81e+02 |  3:1.0e-02  5:1.9e-01
  616 ,   6161 : 2.9836780416014e+00 +(1e-02,2e-02) | 1.85e+02 |  3:1.1e-02  5:1.9e-01
  617 ,   6171 : 2.9859218298330e+00 +(1e-02,2e-02) | 1.86e+02 |  3:9.7e-03  5:1.7e-01
  618 ,   6181 : 2.9866634370241e+00 +(1e-02,2e-02) | 1.88e+02 |  3:1.0e-02  5:1.8e-01
  619 ,   6191 : 2.9854855378304e+00 +(9e-03,2e-02) | 1.85e+02 |  3:1.0e-02  5:1.7e-01
Iterat, #Fevals:   Function Value    (median,worst) |Axis Ratio|idx:Min SD idx:Max SD
  620 ,   6201 : 2.9842860544761e+00 +(3e-03,2e-02) | 1.87e+02 |  3:9.8e-03  5:1.7e-01
  621 ,   6211 : 2.9850339594885e+00 +(1e-02,1e-02) | 1.86e+02 |  3:9.5e-03  5:1.6e-01
  622 ,   6221 : 2.9856553834715e+00 +(9e-03,1e-02) | 1.86e+02 |  3:1.0e-02  5:1.7e-01
  623 ,   6231 : 2.9839468468835e+00 +(1e-02,2e-02) | 1.84e+02 |  3:9.8e-03  5:1.7e-01
  624 ,   6241 : 2.9835215007091e+00 +(1e-02,2e-02) | 1.83e+02 |  3:9.5e-03  5:1.6e-01
  625 ,   6251 : 2.9862938613363e+00 +(9e-03,2e-02) | 1.85e+02 |  3:9.1e-03  5:1.5e-01
  626 ,   6261 : 2.9844300494070e+00 +(1e-02,2e-02) | 1.89e+02 |  3:7.8e-03  5:1.3e-01
  627 ,   6271 : 2.9836177557558e+00 +(1e-02,2e-02) | 1.91e+02 |  3:6.7e-03  5:1.1e-01
  628 ,   6281 : 2.9837094723521e+00 +(8e-03,2e-02) | 1.93e+02 |  3:6.2e-03  5:1.0e-01
  629 ,   6291 : 2.9840603920422e+00 +(6e-03,2e-02) | 1.95e+02 |  3:5.4e-03  5:8.8e-02
Iterat, #Fevals:   Function Value    (median,worst) |Axis Ratio|idx:Min SD idx:Max SD
  630 ,   6301 : 2.9829520760074e+00 +(5e-03,1e-02) | 1.94e+02 |  3:4.9e-03  5:7.9e-02
  631 ,   6311 : 2.9823691033274e+00 +(2e-03,2e-02) | 1.94e+02 |  3:4.8e-03  5:7.6e-02
  632 ,   6321 : 2.9826111769825e+00 +(1e-02,1e-02) | 1.95e+02 |  3:4.8e-03  5:7.6e-02
  633 ,   6331 : 2.9835384495893e+00 +(1e-02,2e-02) | 1.99e+02 |  3:4.7e-03  5:7.6e-02
  634 ,   6341 : 2.9836141310825e+00 +(7e-03,2e-02) | 2.02e+02 |  3:5.1e-03  5:8.0e-02
  635 ,   6351 : 2.9828338892261e+00 +(1e-02,3e-02) | 2.11e+02 |  3:5.5e-03  5:8.6e-02
  636 ,   6361 : 2.9838557984525e+00 +(1e-02,7e-01) | 2.12e+02 |  3:5.7e-03  5:8.7e-02
  637 ,   6371 : 2.9819041006716e+00 +(8e-03,2e-02) | 2.11e+02 |  3:5.2e-03  5:7.9e-02
  638 ,   6381 : 2.9832724434696e+00 +(1e-02,1e-01) | 2.11e+02 |  3:5.1e-03  5:7.4e-02
  639 ,   6391 : 2.9830044129292e+00 +(1e-02,2e-02) | 2.14e+02 |  3:5.3e-03  5:7.9e-02
Iterat, #Fevals:   Function Value    (median,worst) |Axis Ratio|idx:Min SD idx:Max SD
  640 ,   6401 : 2.9842287395958e+00 +(1e-02,2e-01) | 2.15e+02 |  3:5.6e-03  5:8.3e-02
  641 ,   6411 : 2.9837514920379e+00 +(1e-02,7e-02) | 2.15e+02 |  3:5.9e-03  5:8.6e-02
  642 ,   6421 : 2.9810865911806e+00 +(6e-03,2e-02) | 2.25e+02 |  3:5.7e-03  5:8.8e-02
  643 ,   6431 : 2.9819978707125e+00 +(1e-02,2e-02) | 2.15e+02 |  3:5.8e-03  5:8.9e-02
  644 ,   6441 : 2.9839570440602e+00 +(1e-02,2e-02) | 2.13e+02 |  3:6.0e-03  5:9.4e-02
  645 ,   6451 : 2.9833190014038e+00 +(1e-02,2e-02) | 2.06e+02 |  3:6.1e-03  5:9.6e-02
  646 ,   6461 : 2.9823050248249e+00 +(5e-03,2e-02) | 2.07e+02 |  3:6.0e-03  5:9.4e-02
  647 ,   6471 : 2.9834620810912e+00 +(1e-02,8e-02) | 2.04e+02 |  3:5.8e-03  5:9.0e-02
  648 ,   6481 : 2.9822905981809e+00 +(1e-02,6e-02) | 2.03e+02 |  3:6.0e-03  5:9.2e-02
  649 ,   6491 : 2.9821529170116e+00 +(7e-03,1e-02) | 2.05e+02 |  3:5.7e-03  5:9.0e-02
Iterat, #Fevals:   Function Value    (median,worst) |Axis Ratio|idx:Min SD idx:Max SD
  650 ,   6501 : 2.9821523537282e+00 +(9e-03,2e-02) | 2.06e+02 |  3:5.3e-03  5:8.4e-02
  651 ,   6511 : 2.9814924878872e+00 +(1e-02,3e-02) | 2.08e+02 |  3:5.1e-03  5:7.9e-02
  652 ,   6521 : 2.9823280307667e+00 +(1e-02,1e-02) | 2.16e+02 |  3:5.3e-03  5:7.9e-02
  653 ,   6531 : 2.9817311577703e+00 +(3e-03,1e-02) | 2.17e+02 |  3:5.7e-03  5:8.7e-02
  654 ,   6541 : 2.9841794780225e+00 +(8e-03,2e-02) | 2.16e+02 |  3:6.1e-03  8:9.6e-02
  655 ,   6551 : 2.9833644983289e+00 +(1e-02,1e-01) | 2.17e+02 |  3:6.0e-03  8:9.2e-02
  656 ,   6561 : 2.9820181327635e+00 +(1e-02,4e-01) | 2.15e+02 |  3:5.4e-03  8:8.3e-02
  657 ,   6571 : 2.9836125834405e+00 +(4e-03,1e-02) | 2.15e+02 |  3:5.0e-03  8:7.6e-02
  658 ,   6581 : 2.9817622710267e+00 +(5e-03,5e-02) | 2.15e+02 |  3:4.4e-03  8:6.8e-02
  659 ,   6591 : 2.9835022874385e+00 +(1e-02,2e-02) | 2.13e+02 |  3:4.0e-03  8:6.2e-02
Iterat, #Fevals:   Function Value    (median,worst) |Axis Ratio|idx:Min SD idx:Max SD
  660 ,   6601 : 2.9851050873388e+00 +(6e-03,1e-02) | 2.15e+02 |  3:3.7e-03  8:5.6e-02
  661 ,   6611 : 2.9831269068693e+00 +(1e-02,2e-02) | 2.19e+02 |  3:3.3e-03  8:5.1e-02
  662 ,   6621 : 2.9823890999295e+00 +(3e-03,1e-02) | 2.06e+02 |  3:3.3e-03  8:5.1e-02
  663 ,   6631 : 2.9788822563401e+00 +(1e-02,5e-02) | 2.07e+02 |  3:3.4e-03  8:5.2e-02
  664 ,   6641 : 2.9837905884080e+00 +(1e-02,1e-02) | 2.07e+02 |  3:3.4e-03  8:5.2e-02
  665 ,   6651 : 2.9816149631182e+00 +(1e-02,1e-02) | 2.01e+02 |  3:3.4e-03  8:5.4e-02
  666 ,   6661 : 2.9836463596470e+00 +(1e-03,1e-02) | 2.04e+02 |  3:3.3e-03  8:5.2e-02
  667 ,   6671 : 2.9811997857572e+00 +(2e-03,2e-02) | 2.03e+02 |  3:3.0e-03  8:4.7e-02
  668 ,   6681 : 2.9817577532624e+00 +(8e-03,1e-02) | 2.05e+02 |  3:2.9e-03  8:4.5e-02
  669 ,   6691 : 2.9815433014915e+00 +(2e-03,2e-02) | 1.99e+02 |  3:3.1e-03  8:4.9e-02
Iterat, #Fevals:   Function Value    (median,worst) |Axis Ratio|idx:Min SD idx:Max SD
  670 ,   6701 : 2.9823254102690e+00 +(7e-03,1e-02) | 1.98e+02 |  3:3.1e-03  8:4.9e-02
  671 ,   6711 : 2.9821184494652e+00 +(1e-02,1e-02) | 1.98e+02 |  3:3.2e-03  8:4.9e-02
  672 ,   6721 : 2.9828275298911e+00 +(3e-03,2e-02) | 2.00e+02 |  3:3.3e-03  8:5.1e-02
  673 ,   6731 : 2.9811534103838e+00 +(3e-03,1e-02) | 2.06e+02 |  3:3.3e-03  8:5.1e-02
  674 ,   6741 : 2.9838756680982e+00 +(8e-03,1e-02) | 2.05e+02 |  3:3.3e-03  8:5.0e-02
  675 ,   6751 : 2.9815398183543e+00 +(2e-03,1e-02) | 2.07e+02 |  3:3.1e-03  8:4.7e-02
  676 ,   6761 : 2.9825573784906e+00 +(1e-02,1e-02) | 2.09e+02 |  3:2.8e-03  8:4.3e-02
  677 ,   6771 : 2.9811969836134e+00 +(4e-03,1e-02) | 2.11e+02 |  3:2.5e-03  8:4.0e-02
  678 ,   6781 : 2.9802963977033e+00 +(1e-02,2e-02) | 2.10e+02 |  3:2.4e-03  8:3.8e-02
  679 ,   6791 : 2.9813354713586e+00 +(2e-03,1e-02) | 2.08e+02 |  3:2.6e-03  8:4.0e-02
Iterat, #Fevals:   Function Value    (median,worst) |Axis Ratio|idx:Min SD idx:Max SD
  680 ,   6801 : 2.9814957363480e+00 +(1e-03,1e-02) | 2.12e+02 |  3:2.6e-03  8:4.0e-02
  681 ,   6811 : 2.9820779535103e+00 +(1e-03,1e-02) | 2.18e+02 |  3:2.6e-03  5:4.3e-02
  682 ,   6821 : 2.9817062672493e+00 +(1e-02,1e-01) | 2.20e+02 |  3:2.5e-03  5:4.0e-02
  683 ,   6831 : 2.9825206434939e+00 +(1e-02,1e-02) | 2.22e+02 |  3:2.6e-03  5:4.2e-02
  684 ,   6841 : 2.9817424524219e+00 +(2e-03,2e-02) | 2.22e+02 |  3:2.6e-03  5:4.1e-02
  685 ,   6851 : 2.9808880165062e+00 +(1e-02,2e-02) | 2.25e+02 |  3:2.6e-03  5:4.0e-02
  686 ,   6861 : 2.9805918772217e+00 +(8e-03,2e-02) | 2.25e+02 |  3:2.5e-03  5:3.9e-02
  687 ,   6871 : 2.9820985895968e+00 +(6e-03,1e-02) | 2.21e+02 |  3:2.6e-03  5:4.0e-02
  688 ,   6881 : 2.9820442172830e+00 +(7e-03,4e-02) | 2.17e+02 |  3:2.7e-03  5:4.1e-02
  689 ,   6891 : 2.9820173704209e+00 +(1e-02,3e-02) | 2.18e+02 |  3:2.6e-03  5:3.9e-02
Iterat, #Fevals:   Function Value    (median,worst) |Axis Ratio|idx:Min SD idx:Max SD
  690 ,   6901 : 2.9822472090403e+00 +(2e-03,1e-02) | 2.28e+02 |  3:2.6e-03  5:4.1e-02
  691 ,   6911 : 2.9817302423309e+00 +(3e-03,1e-02) | 2.32e+02 |  3:2.5e-03  5:3.9e-02
  692 ,   6921 : 2.9811209475893e+00 +(3e-03,2e-02) | 2.35e+02 |  3:2.6e-03  5:4.0e-02
  693 ,   6931 : 2.9808785197809e+00 +(3e-03,2e-02) | 2.27e+02 |  3:2.7e-03  5:4.2e-02
  694 ,   6941 : 2.9821474222187e+00 +(1e-02,4e-02) | 2.29e+02 |  3:2.7e-03  5:4.1e-02
  695 ,   6951 : 2.9814087889532e+00 +(3e-03,1e-02) | 2.30e+02 |  3:2.7e-03  5:4.2e-02
  696 ,   6961 : 2.9829489980918e+00 +(3e-03,7e-02) | 2.25e+02 |  3:2.5e-03  5:3.9e-02
  697 ,   6971 : 2.9813777247623e+00 +(8e-03,4e-02) | 2.28e+02 |  3:2.6e-03  5:4.1e-02
  698 ,   6981 : 2.9820988666441e+00 +(3e-03,9e-02) | 2.35e+02 |  3:2.9e-03  1:4.5e-02
  699 ,   6991 : 2.9821839146608e+00 +(1e-02,2e-02) | 2.29e+02 |  3:2.9e-03  1:4.5e-02
Iterat, #Fevals:   Function Value    (median,worst) |Axis Ratio|idx:Min SD idx:Max SD
  700 ,   7001 : 2.9835422569568e+00 +(1e-02,3e-02) | 2.31e+02 |  3:2.8e-03  1:4.5e-02
  701 ,   7011 : 2.9832976902632e+00 +(2e-03,4e-02) | 2.30e+02 |  3:2.7e-03  1:4.4e-02
  702 ,   7021 : 2.9818681422544e+00 +(4e-03,3e-02) | 2.32e+02 |  3:2.7e-03  8:4.3e-02
  703 ,   7031 : 2.9818576020708e+00 +(2e-03,4e-02) | 2.33e+02 |  3:3.1e-03  1:4.8e-02
  704 ,   7041 : 2.9815966849494e+00 +(3e-03,2e-02) | 2.38e+02 |  3:3.2e-03  1:5.2e-02
  705 ,   7051 : 2.9811327264102e+00 +(6e-03,2e-02) | 2.39e+02 |  3:3.2e-03  1:5.2e-02
  706 ,   7061 : 2.9821595450366e+00 +(3e-03,1e-02) | 2.37e+02 |  3:3.2e-03  1:5.1e-02
  707 ,   7071 : 2.9831243806333e+00 +(6e-03,1e-02) | 2.34e+02 |  3:3.2e-03  1:5.2e-02
  708 ,   7081 : 2.9850515308761e+00 +(2e-03,4e-02) | 2.41e+02 |  3:3.3e-03  1:5.3e-02
  709 ,   7091 : 2.9821520485628e+00 +(9e-03,2e-02) | 2.42e+02 |  3:2.8e-03  1:4.7e-02
Iterat, #Fevals:   Function Value    (median,worst) |Axis Ratio|idx:Min SD idx:Max SD
  710 ,   7101 : 2.9823253048505e+00 +(1e-02,1e-02) | 2.40e+02 |  3:2.5e-03  1:4.1e-02
  711 ,   7111 : 2.9812245692477e+00 +(1e-02,2e-02) | 2.40e+02 |  3:2.2e-03  1:3.6e-02
  712 ,   7121 : 2.9836584684486e+00 +(6e-03,1e-02) | 2.35e+02 |  3:2.0e-03  1:3.2e-02
  713 ,   7131 : 2.9818845871960e+00 +(8e-03,1e-02) | 2.35e+02 |  3:1.8e-03  1:3.0e-02
  714 ,   7141 : 2.9807464996815e+00 +(7e-03,2e-02) | 2.43e+02 |  3:1.8e-03  1:3.0e-02
  715 ,   7151 : 2.9818547228302e+00 +(2e-03,1e-02) | 2.42e+02 |  3:1.7e-03  1:3.0e-02
  716 ,   7161 : 2.9808021187454e+00 +(7e-03,1e-02) | 2.41e+02 |  3:1.8e-03  1:3.1e-02
  717 ,   7171 : 2.9813056623865e+00 +(1e-02,1e-02) | 2.37e+02 |  3:1.8e-03  1:3.1e-02
  718 ,   7181 : 2.9813841382085e+00 +(1e-02,1e-02) | 2.64e+02 |  3:1.9e-03  1:3.7e-02
  719 ,   7191 : 2.9817540440508e+00 +(7e-03,2e-02) | 2.66e+02 |  3:1.9e-03  1:3.6e-02
Iterat, #Fevals:   Function Value    (median,worst) |Axis Ratio|idx:Min SD idx:Max SD
  720 ,   7201 : 2.9813622905911e+00 +(9e-03,2e-02) | 2.62e+02 |  3:1.8e-03  1:3.5e-02
  721 ,   7211 : 2.9813713582131e+00 +(7e-03,2e-02) | 2.62e+02 |  3:1.8e-03  1:3.4e-02
  722 ,   7221 : 2.9821347045918e+00 +(1e-02,1e-02) | 2.64e+02 |  3:1.8e-03  1:3.3e-02
  723 ,   7231 : 2.9815527587108e+00 +(1e-02,2e-02) | 2.64e+02 |  3:1.8e-03  1:3.2e-02
  724 ,   7241 : 2.9811616126017e+00 +(3e-03,2e-02) | 2.62e+02 |  3:1.7e-03  1:3.1e-02
  725 ,   7251 : 2.9808662514794e+00 +(4e-03,1e-02) | 2.63e+02 |  3:1.7e-03  1:3.1e-02
  726 ,   7261 : 2.9820794615531e+00 +(2e-03,1e-02) | 2.72e+02 |  3:1.8e-03  1:3.1e-02
  727 ,   7271 : 2.9818517445621e+00 +(2e-03,1e-02) | 2.75e+02 |  3:1.9e-03  1:3.3e-02
  728 ,   7281 : 2.9825636866336e+00 +(2e-03,1e-02) | 2.82e+02 |  3:2.0e-03  1:3.6e-02
  729 ,   7291 : 2.9839386378624e+00 +(1e-02,1e-02) | 2.91e+02 |  3:2.0e-03  1:3.8e-02
Iterat, #Fevals:   Function Value    (median,worst) |Axis Ratio|idx:Min SD idx:Max SD
  730 ,   7301 : 2.9838319876779e+00 +(2e-03,1e-02) | 2.88e+02 |  3:2.1e-03  1:3.9e-02
  731 ,   7311 : 2.9822315415479e+00 +(3e-03,2e-02) | 2.88e+02 |  3:2.0e-03  1:3.8e-02
  732 ,   7321 : 2.9810107747434e+00 +(4e-03,2e-02) | 2.89e+02 |  3:1.9e-03  1:3.5e-02
  733 ,   7331 : 2.9819568942943e+00 +(4e-03,1e-02) | 2.85e+02 |  3:1.8e-03  1:3.3e-02
  734 ,   7341 : 2.9821850703590e+00 +(1e-02,1e-02) | 2.66e+02 |  3:1.8e-03  1:3.4e-02
  735 ,   7351 : 2.9828238708740e+00 +(6e-03,1e-02) | 2.49e+02 |  3:1.9e-03  1:3.7e-02
  736 ,   7361 : 2.9816155603074e+00 +(2e-03,1e-02) | 2.37e+02 |  3:2.3e-03  1:4.3e-02
  737 ,   7371 : 2.9820298769968e+00 +(3e-03,1e-02) | 2.37e+02 |  3:2.3e-03  1:4.4e-02
  738 ,   7381 : 2.9816764538772e+00 +(7e-03,1e-02) | 2.29e+02 |  3:2.5e-03  1:4.7e-02
  739 ,   7391 : 2.9812951228740e+00 +(4e-03,2e-02) | 2.31e+02 |  3:2.7e-03  1:5.4e-02
Iterat, #Fevals:   Function Value    (median,worst) |Axis Ratio|idx:Min SD idx:Max SD
  740 ,   7401 : 2.9839805209796e+00 +(9e-03,2e-01) | 2.33e+02 |  3:2.9e-03  1:5.8e-02
  741 ,   7411 : 2.9830344460816e+00 +(9e-03,3e-02) | 2.40e+02 |  3:3.1e-03  1:6.2e-02
  742 ,   7421 : 2.9826968054381e+00 +(2e-03,1e-02) | 2.58e+02 |  3:3.2e-03  1:6.9e-02
  743 ,   7431 : 2.9811468666987e+00 +(5e-03,2e-02) | 2.68e+02 |  3:3.1e-03  1:7.0e-02
  744 ,   7441 : 2.9815325669942e+00 +(4e-03,1e-02) | 2.74e+02 |  3:3.6e-03  1:8.1e-02
  745 ,   7451 : 2.9841522107523e+00 +(7e-03,1e-02) | 2.83e+02 |  3:3.7e-03  1:8.4e-02
  746 ,   7461 : 2.9828870843612e+00 +(9e-03,7e-02) | 2.85e+02 |  3:3.7e-03  1:8.6e-02
  747 ,   7471 : 2.9813970907979e+00 +(1e-02,3e-02) | 2.86e+02 |  3:3.5e-03  1:8.2e-02
  748 ,   7481 : 2.9829580495235e+00 +(1e-02,5e-02) | 2.88e+02 |  3:3.3e-03  1:7.7e-02
  749 ,   7491 : 2.9812519588305e+00 +(6e-03,1e-02) | 3.01e+02 |  3:3.3e-03  1:7.9e-02
Iterat, #Fevals:   Function Value    (median,worst) |Axis Ratio|idx:Min SD idx:Max SD
  750 ,   7501 : 2.9814527504997e+00 +(3e-03,2e-02) | 3.10e+02 |  3:3.5e-03  1:8.8e-02
  751 ,   7511 : 2.9819840184837e+00 +(5e-03,1e-02) | 3.17e+02 |  3:3.5e-03  1:8.9e-02
  752 ,   7521 : 2.9807527045709e+00 +(4e-03,2e-02) | 2.94e+02 |  3:3.8e-03  1:9.4e-02
  753 ,   7531 : 2.9826714997820e+00 +(7e-03,1e-02) | 3.00e+02 |  3:4.4e-03  1:1.1e-01
  754 ,   7541 : 2.9843653254622e+00 +(1e-02,1e-02) | 2.98e+02 |  3:4.6e-03  1:1.1e-01
  755 ,   7551 : 2.9809880097673e+00 +(5e-03,1e-02) | 2.86e+02 |  3:4.4e-03  1:1.1e-01
  756 ,   7561 : 2.9826044875056e+00 +(1e-02,5e-02) | 2.86e+02 |  3:4.3e-03  1:1.1e-01
  757 ,   7571 : 2.9817940512336e+00 +(4e-03,2e-02) | 2.82e+02 |  3:4.7e-03  1:1.2e-01
  758 ,   7581 : 2.9811928646778e+00 +(4e-03,1e-01) | 2.70e+02 |  3:5.1e-03  1:1.3e-01
  759 ,   7591 : 2.9809828089814e+00 +(4e-03,2e-02) | 2.76e+02 |  3:4.8e-03  1:1.2e-01
Iterat, #Fevals:   Function Value    (median,worst) |Axis Ratio|idx:Min SD idx:Max SD
  760 ,   7601 : 2.9802314508641e+00 +(1e-02,8e-02) | 2.62e+02 |  3:5.0e-03  1:1.3e-01
  761 ,   7611 : 2.9818976793081e+00 +(1e-02,2e-02) | 2.62e+02 |  3:4.8e-03  1:1.2e-01
  762 ,   7621 : 2.9797013387881e+00 +(5e-03,3e-02) | 2.58e+02 |  3:4.4e-03  1:1.1e-01
  763 ,   7631 : 2.9804458011242e+00 +(8e-03,2e-02) | 2.62e+02 |  3:4.7e-03  1:1.2e-01
  764 ,   7641 : 2.9851020287854e+00 +(7e-03,1e-02) | 2.62e+02 |  3:4.9e-03  1:1.2e-01
  765 ,   7651 : 2.9820919673127e+00 +(3e-03,1e-02) | 2.70e+02 |  3:5.1e-03  1:1.3e-01
  766 ,   7661 : 2.9837493990159e+00 +(1e-02,1e-02) | 2.70e+02 |  3:4.9e-03  1:1.2e-01
  767 ,   7671 : 2.9857730562108e+00 +(8e-03,1e-02) | 2.75e+02 |  3:4.5e-03  1:1.2e-01
  768 ,   7681 : 2.9831826698209e+00 +(8e-03,2e-02) | 2.69e+02 |  3:4.1e-03  1:1.1e-01
  769 ,   7691 : 2.9836545748658e+00 +(9e-03,2e-02) | 2.66e+02 |  3:4.1e-03  1:1.0e-01
Iterat, #Fevals:   Function Value    (median,worst) |Axis Ratio|idx:Min SD idx:Max SD
  770 ,   7701 : 2.9824610620227e+00 +(3e-03,1e-02) | 2.61e+02 |  3:3.6e-03  1:9.0e-02
  771 ,   7711 : 2.9828103567184e+00 +(9e-03,2e-02) | 2.63e+02 |  3:3.3e-03  1:8.4e-02
  772 ,   7721 : 2.9827330224292e+00 +(4e-03,1e-02) | 2.60e+02 |  3:3.1e-03  1:7.8e-02
  773 ,   7731 : 2.9810527029564e+00 +(9e-03,1e-02) | 2.65e+02 |  3:2.9e-03  1:7.5e-02
  774 ,   7741 : 2.9809637437300e+00 +(3e-03,1e-02) | 2.62e+02 |  3:2.8e-03  1:7.2e-02
  775 ,   7751 : 2.9804223390522e+00 +(4e-03,2e-02) | 2.58e+02 |  3:2.6e-03  1:6.7e-02
  776 ,   7761 : 2.9815210429894e+00 +(4e-03,2e-02) | 2.56e+02 |  3:2.5e-03  1:6.5e-02
  777 ,   7771 : 2.9814144700697e+00 +(7e-03,1e-02) | 2.52e+02 |  3:2.6e-03  1:6.5e-02
  778 ,   7781 : 2.9825582198318e+00 +(1e-02,1e-02) | 2.50e+02 |  3:2.7e-03  1:6.5e-02
  779 ,   7791 : 2.9829835142117e+00 +(1e-02,1e-02) | 2.57e+02 |  3:2.6e-03  1:6.4e-02
Iterat, #Fevals:   Function Value    (median,worst) |Axis Ratio|idx:Min SD idx:Max SD
  780 ,   7801 : 2.9813126343408e+00 +(4e-03,1e-02) | 2.56e+02 |  3:2.6e-03  1:6.5e-02
  781 ,   7811 : 2.9848883970843e+00 +(7e-03,2e-02) | 2.55e+02 |  3:2.7e-03  1:6.5e-02
  782 ,   7821 : 2.9835065417846e+00 +(3e-03,1e-02) | 2.55e+02 |  3:3.2e-03  1:6.9e-02
  783 ,   7831 : 2.9833706097908e+00 +(5e-03,2e-02) | 2.63e+02 |  3:3.3e-03  1:7.2e-02
  784 ,   7841 : 2.9818115566689e+00 +(1e-02,2e-02) | 2.65e+02 |  3:3.4e-03  1:7.3e-02
  785 ,   7851 : 2.9814276193227e+00 +(1e-02,1e-02) | 2.68e+02 |  3:3.7e-03  1:7.7e-02
  786 ,   7861 : 2.9848210509646e+00 +(7e-03,1e-02) | 2.68e+02 |  3:3.7e-03  1:7.6e-02
  787 ,   7871 : 2.9830794175761e+00 +(6e-03,1e-02) | 2.64e+02 |  3:3.5e-03  1:7.2e-02
  788 ,   7881 : 2.9839164258663e+00 +(9e-03,1e-02) | 2.69e+02 |  3:3.4e-03  1:6.9e-02
  789 ,   7891 : 2.9851945784196e+00 +(5e-03,1e-02) | 2.73e+02 |  3:3.3e-03  1:6.8e-02
Iterat, #Fevals:   Function Value    (median,worst) |Axis Ratio|idx:Min SD idx:Max SD
  790 ,   7901 : 2.9836070910595e+00 +(1e-03,1e-02) | 2.76e+02 |  3:3.3e-03  1:6.7e-02
  791 ,   7911 : 2.9828502891998e+00 +(1e-02,2e-02) | 2.83e+02 |  3:3.1e-03  1:6.3e-02
  792 ,   7921 : 2.9837111258298e+00 +(3e-03,1e-02) | 2.77e+02 |  3:2.9e-03  1:6.2e-02
  793 ,   7931 : 2.9821569498002e+00 +(9e-03,2e-02) | 2.71e+02 |  3:2.8e-03  1:5.9e-02
  794 ,   7941 : 2.9840387530228e+00 +(2e-03,1e-02) | 2.69e+02 |  3:2.7e-03  1:5.6e-02
  795 ,   7951 : 2.9833191060643e+00 +(4e-03,1e-02) | 2.66e+02 |  3:2.6e-03  1:5.4e-02
  796 ,   7961 : 2.9838514893393e+00 +(7e-03,1e-02) | 2.57e+02 |  3:2.6e-03  1:5.5e-02
  797 ,   7971 : 2.9837717419611e+00 +(6e-03,1e-02) | 2.55e+02 |  3:2.4e-03  1:5.0e-02
  798 ,   7981 : 2.9821564817739e+00 +(5e-03,1e-02) | 2.60e+02 |  3:2.4e-03  1:5.2e-02
  799 ,   7991 : 2.9846478166048e+00 +(1e-02,1e-02) | 2.59e+02 |  3:2.6e-03  1:5.7e-02
Iterat, #Fevals:   Function Value    (median,worst) |Axis Ratio|idx:Min SD idx:Max SD
  800 ,   8001 : 2.9838095612249e+00 +(5e-03,1e-02) | 2.64e+02 |  3:2.6e-03  1:5.8e-02
  801 ,   8011 : 2.9822718105504e+00 +(1e-02,1e-02) | 2.63e+02 |  3:2.7e-03  1:5.8e-02
  802 ,   8021 : 2.9845662333349e+00 +(1e-02,1e-02) | 2.58e+02 |  3:2.9e-03  1:6.2e-02
  803 ,   8031 : 2.9838852897457e+00 +(1e-02,1e-02) | 2.61e+02 |  3:3.0e-03  1:6.3e-02
  804 ,   8041 : 2.9862003100005e+00 +(9e-03,1e-02) | 2.65e+02 |  3:3.0e-03  1:6.6e-02
  805 ,   8051 : 2.9831430061234e+00 +(9e-03,1e-02) | 2.80e+02 |  3:3.2e-03  1:7.5e-02
  806 ,   8061 : 2.9825736168645e+00 +(7e-03,1e-02) | 2.88e+02 |  3:3.4e-03  1:8.4e-02
  807 ,   8071 : 2.9856712610880e+00 +(8e-03,1e-02) | 2.78e+02 |  3:3.8e-03  1:9.0e-02
  808 ,   8081 : 2.9849563890808e+00 +(6e-03,1e-02) | 2.79e+02 |  3:4.1e-03  1:9.5e-02
  809 ,   8091 : 2.9866538689513e+00 +(4e-03,1e-02) | 2.66e+02 |  3:4.7e-03  1:1.1e-01
Iterat, #Fevals:   Function Value    (median,worst) |Axis Ratio|idx:Min SD idx:Max SD
  810 ,   8101 : 2.9885194688365e+00 +(1e-02,2e-02) | 2.69e+02 |  3:5.1e-03  1:1.2e-01
  811 ,   8111 : 2.9869123222501e+00 +(6e-03,1e-02) | 2.64e+02 |  3:5.4e-03  1:1.3e-01
  812 ,   8121 : 2.9881042539014e+00 +(6e-03,1e-02) | 2.76e+02 |  3:5.3e-03  1:1.3e-01
  813 ,   8131 : 2.9859427199251e+00 +(1e-02,1e-02) | 2.78e+02 |  3:5.3e-03  1:1.3e-01
  814 ,   8141 : 2.9868286976409e+00 +(6e-03,2e-02) | 2.78e+02 |  3:5.3e-03  1:1.2e-01
  815 ,   8151 : 2.9839910686488e+00 +(1e-02,2e-02) | 2.73e+02 |  3:5.2e-03  1:1.2e-01
  816 ,   8161 : 2.9844945358595e+00 +(1e-02,3e-02) | 2.70e+02 |  3:5.4e-03  1:1.3e-01
  817 ,   8171 : 2.9827836355972e+00 +(1e-02,2e-02) | 2.73e+02 |  3:5.4e-03  1:1.3e-01
  818 ,   8181 : 2.9833008402818e+00 +(1e-02,2e-02) | 2.72e+02 |  3:5.3e-03  1:1.3e-01
  819 ,   8191 : 2.9812446094169e+00 +(1e-02,3e-02) | 2.70e+02 |  3:4.7e-03  1:1.1e-01
Iterat, #Fevals:   Function Value    (median,worst) |Axis Ratio|idx:Min SD idx:Max SD
  820 ,   8201 : 2.9924444095847e+00 +(3e-03,5e-03) | 2.73e+02 |  3:4.7e-03  1:1.1e-01
  821 ,   8211 : 2.9842810375226e+00 +(9e-03,1e-02) | 2.74e+02 |  3:4.8e-03  1:1.1e-01
  822 ,   8221 : 2.9862141685036e+00 +(8e-03,1e-02) | 2.72e+02 |  3:4.4e-03  1:1.0e-01
  823 ,   8231 : 2.9851696618945e+00 +(5e-03,1e-02) | 2.72e+02 |  3:4.1e-03  1:9.5e-02
  824 ,   8241 : 2.9857532407257e+00 +(1e-02,1e-02) | 2.73e+02 |  3:3.9e-03  1:8.9e-02
  825 ,   8251 : 2.9840404491769e+00 +(6e-03,2e-02) | 2.74e+02 |  3:3.6e-03  1:8.4e-02
  826 ,   8261 : 2.9842826518687e+00 +(8e-03,1e-02) | 2.73e+02 |  3:3.4e-03  1:7.9e-02
  827 ,   8271 : 2.9826133629462e+00 +(1e-02,2e-02) | 2.66e+02 |  3:3.4e-03  1:7.9e-02
  828 ,   8281 : 2.9833882125673e+00 +(1e-02,2e-02) | 2.64e+02 |  3:3.3e-03  1:7.7e-02
  829 ,   8291 : 2.9850258463755e+00 +(1e-02,1e-02) | 2.66e+02 |  3:3.3e-03  1:7.6e-02
Iterat, #Fevals:   Function Value    (median,worst) |Axis Ratio|idx:Min SD idx:Max SD
  830 ,   8301 : 2.9832224521882e+00 +(1e-02,2e-02) | 2.68e+02 |  3:3.3e-03  1:7.5e-02
  831 ,   8311 : 2.9870953686809e+00 +(8e-03,1e-02) | 2.69e+02 |  3:3.3e-03  1:7.1e-02
  832 ,   8321 : 2.9851093426924e+00 +(1e-02,2e-02) | 2.82e+02 |  3:3.0e-03  1:6.8e-02
  833 ,   8331 : 2.9850888477663e+00 +(9e-03,1e-02) | 2.83e+02 |  3:2.9e-03  1:6.6e-02
  834 ,   8341 : 2.9854018303263e+00 +(1e-02,2e-02) | 2.84e+02 |  3:2.8e-03  1:6.5e-02
  835 ,   8351 : 2.9854046069459e+00 +(7e-03,1e-02) | 2.86e+02 |  3:2.7e-03  1:6.3e-02
  836 ,   8361 : 2.9875867467200e+00 +(9e-03,1e-02) | 3.04e+02 |  3:2.7e-03  1:6.6e-02
  837 ,   8371 : 2.9863196915301e+00 +(1e-02,1e-02) | 3.01e+02 |  3:2.6e-03  1:6.6e-02
  838 ,   8381 : 2.9849900649208e+00 +(1e-02,1e-02) | 3.15e+02 |  3:2.6e-03  1:6.7e-02
  839 ,   8391 : 2.9859819623786e+00 +(1e-02,1e-02) | 3.15e+02 |  3:2.4e-03  1:6.3e-02
Iterat, #Fevals:   Function Value    (median,worst) |Axis Ratio|idx:Min SD idx:Max SD
  840 ,   8401 : 2.9858324457215e+00 +(8e-03,1e-02) | 3.22e+02 |  3:2.2e-03  1:5.9e-02
  841 ,   8411 : 2.9841487380464e+00 +(3e-03,1e-02) | 3.29e+02 |  3:2.2e-03  1:5.8e-02
  842 ,   8421 : 2.9863089304255e+00 +(1e-02,1e-02) | 3.35e+02 |  3:2.1e-03  1:5.5e-02
  843 ,   8431 : 2.9869349912032e+00 +(9e-03,1e-02) | 3.32e+02 |  3:2.0e-03  1:5.2e-02
  844 ,   8441 : 2.9869895094282e+00 +(1e-02,1e-02) | 3.44e+02 |  3:2.0e-03  1:5.2e-02
  845 ,   8451 : 2.9862489275590e+00 +(1e-02,1e-02) | 3.47e+02 |  3:2.0e-03  1:5.2e-02
  846 ,   8461 : 2.9859616277878e+00 +(1e-02,2e-02) | 3.42e+02 |  3:2.2e-03  1:5.6e-02
  847 ,   8471 : 2.9953357682929e+00 +(6e-04,3e-03) | 3.42e+02 |  3:2.4e-03  1:6.0e-02
  848 ,   8481 : 2.9861577370277e+00 +(9e-03,1e-02) | 3.50e+02 |  3:2.3e-03  1:5.8e-02
  849 ,   8491 : 2.9856017308051e+00 +(1e-02,1e-02) | 3.52e+02 |  3:2.2e-03  1:5.6e-02
Iterat, #Fevals:   Function Value    (median,worst) |Axis Ratio|idx:Min SD idx:Max SD
  850 ,   8501 : 2.9850374086711e+00 +(9e-03,2e-02) | 3.74e+02 |  3:2.3e-03  1:6.3e-02
  851 ,   8511 : 2.9859509203758e+00 +(9e-03,1e-02) | 3.77e+02 |  3:2.5e-03  1:6.5e-02
  852 ,   8521 : 2.9858171186226e+00 +(7e-03,1e-02) | 3.72e+02 |  3:2.6e-03  1:6.8e-02
  853 ,   8531 : 2.9855679120092e+00 +(1e-02,1e-02) | 3.70e+02 |  3:2.4e-03  1:6.3e-02
  854 ,   8541 : 2.9861719851018e+00 +(1e-02,1e-02) | 3.72e+02 |  3:2.5e-03  1:6.4e-02
  855 ,   8551 : 2.9855854198894e+00 +(1e-02,1e-02) | 3.91e+02 |  3:2.7e-03  1:7.0e-02
  856 ,   8561 : 2.9862032779260e+00 +(1e-02,1e-02) | 3.87e+02 |  3:2.8e-03  1:7.3e-02
  857 ,   8571 : 2.9851994223812e+00 +(1e-02,2e-02) | 3.90e+02 |  3:2.6e-03  1:6.9e-02
  858 ,   8581 : 2.9852970909940e+00 +(9e-03,1e-02) | 3.95e+02 |  3:2.5e-03  1:6.6e-02
  859 ,   8591 : 2.9862336908965e+00 +(1e-02,1e-02) | 3.96e+02 |  3:2.5e-03  1:6.4e-02
Iterat, #Fevals:   Function Value    (median,worst) |Axis Ratio|idx:Min SD idx:Max SD
  860 ,   8601 : 2.9854021525858e+00 +(1e-02,1e-02) | 3.97e+02 |  3:2.6e-03  1:6.7e-02
  861 ,   8611 : 2.9829080129324e+00 +(4e-03,2e-02) | 3.93e+02 |  3:2.7e-03  1:6.8e-02
  862 ,   8621 : 2.9872631401125e+00 +(1e-02,1e-02) | 4.11e+02 |  3:2.7e-03  1:6.9e-02
  863 ,   8631 : 2.9871099129581e+00 +(1e-02,1e-02) | 4.18e+02 |  3:2.8e-03  1:7.2e-02
  864 ,   8641 : 2.9857034481451e+00 +(1e-02,2e-02) | 4.18e+02 |  3:2.7e-03  1:7.0e-02
  865 ,   8651 : 2.9862636225980e+00 +(1e-02,1e-02) | 4.22e+02 |  3:2.6e-03  1:6.8e-02
  866 ,   8661 : 2.9893916283877e+00 +(8e-03,1e-02) | 4.17e+02 |  3:2.7e-03  1:7.1e-02
#Fevals:   f(returned x)   |    bestever.f     | stopflag (saved to variablescmaes37.mat)
   8662: 2.98831810777e+00 | 2.97655535169e+00 | stagnation
mean solution: +2.0e+01 +3.3e+00 +9.4e-01 +1.9e+00 +1.9e+01 +2.5e+01 +1.1e+00 +1.5e+01 +1.1e+00
std deviation:  7.1e-02  9.9e-03  2.7e-03  9.0e-03  3.1e-02  2.1e-02  4.4e-03  5.7e-02  5.5e-03
use plotcmaesdat.m for plotting the output at any time (option LogModulo must not be zero)
