
                            < M A T L A B (R) >
                  Copyright 1984-2015 The MathWorks, Inc.
                   R2015a (8.5.0.197613) 64-bit (glnxa64)
                             February 12, 2015

 
For online documentation, see http://www.mathworks.com/support
For product information, visit www.mathworks.com.
 

	Academic License

  n=9: (5,10)-CMA-ES(w=[46 27 16 9 3]%, mu_eff=3.2) on function Error
Iterat, #Fevals:   Function Value    (median,worst) |Axis Ratio|idx:Min SD idx:Max SD
    1 ,     11 : 4.9969729270030e+01 +(2e+00,5e+18) | 2.07e+01 |  3:8.4e-01  7:1.7e+01
    2 ,     21 : 5.1440266159466e+01 +(2e+06,3e+16) | 2.16e+01 |  3:8.3e-01  7:1.7e+01
    3 ,     31 : 5.1511897593468e+01 +(2e+08,2e+17) | 2.16e+01 |  3:8.1e-01  7:1.7e+01
    4 ,     41 : 2.5888039940535e+01 +(1e+10,6e+20) | 2.16e+01 |  3:7.9e-01  8:1.6e+01
    5 ,     51 : 4.9306561392213e+01 +(2e+00,4e+06) | 2.16e+01 |  3:8.0e-01  7:1.7e+01
    6 ,     61 : 2.5502141428679e+01 +(3e+01,4e+04) | 2.21e+01 |  3:8.5e-01  7:1.8e+01
    7 ,     71 : 2.9919088122625e+01 +(2e+01,1e+06) | 2.23e+01 |  3:8.2e-01  7:1.8e+01
    8 ,     81 : 3.5877685437579e+01 +(2e+01,6e+06) | 2.23e+01 |  3:7.4e-01  7:1.6e+01
    9 ,     91 : 3.0990407806365e+01 +(2e+01,5e+06) | 2.25e+01 |  3:7.1e-01  7:1.6e+01
Iterat, #Fevals:   Function Value    (median,worst) |Axis Ratio|idx:Min SD idx:Max SD
   10 ,    101 : 9.9783552115220e+00 +(3e+01,2e+05) | 2.27e+01 |  3:6.7e-01  7:1.5e+01
   11 ,    111 : 2.2972700298335e+01 +(2e+01,4e+03) | 2.27e+01 |  3:6.3e-01  7:1.4e+01
   12 ,    121 : 9.2375050936047e+00 +(2e+01,6e+09) | 2.25e+01 |  3:5.7e-01  7:1.2e+01
   13 ,    131 : 1.4919336593933e+01 +(4e+02,5e+07) | 2.27e+01 |  3:5.5e-01  7:1.2e+01
   14 ,    141 : 8.7673807735636e+00 +(3e+01,1e+07) | 2.23e+01 |  3:4.9e-01  7:1.1e+01
   15 ,    151 : 8.3217449825438e+00 +(3e+01,4e+01) | 2.25e+01 |  3:4.4e-01  7:9.5e+00
   16 ,    161 : 7.3188832651507e+00 +(3e+01,9e+03) | 2.25e+01 |  3:4.1e-01  7:8.7e+00
   17 ,    171 : 6.9622024271971e+00 +(2e+01,2e+04) | 2.24e+01 |  3:3.7e-01  7:7.7e+00
   18 ,    181 : 2.1894915819029e+01 +(4e+01,1e+05) | 2.23e+01 |  3:3.4e-01  7:7.2e+00
   19 ,    191 : 8.7515895570214e+00 +(3e+01,4e+05) | 2.20e+01 |  3:3.3e-01  7:6.8e+00
Iterat, #Fevals:   Function Value    (median,worst) |Axis Ratio|idx:Min SD idx:Max SD
   20 ,    201 : 4.8019918588127e+00 +(4e+01,3e+04) | 2.14e+01 |  3:3.2e-01  7:6.5e+00
   21 ,    211 : 1.1132430279092e+01 +(2e+01,5e+04) | 2.13e+01 |  3:3.2e-01  8:6.3e+00
   22 ,    221 : 9.7658687810979e+00 +(3e+01,1e+06) | 2.12e+01 |  3:3.1e-01  8:6.1e+00
   23 ,    231 : 8.2357679487516e+00 +(4e+01,7e+04) | 2.10e+01 |  2:3.0e-01  8:5.8e+00
   24 ,    241 : 2.0126358198962e+01 +(1e+02,3e+05) | 2.09e+01 |  2:2.7e-01  8:5.2e+00
   25 ,    251 : 1.2237704429319e+01 +(4e+01,5e+04) | 2.14e+01 |  2:2.5e-01  8:4.9e+00
   26 ,    261 : 6.8506769300242e+00 +(9e+00,2e+07) | 2.06e+01 |  2:2.5e-01  8:4.7e+00
   27 ,    271 : 6.7653582937925e+00 +(1e+02,8e+05) | 2.06e+01 |  3:2.4e-01  8:4.6e+00
   28 ,    281 : 8.5906081713853e+00 +(2e+01,2e+03) | 2.12e+01 |  3:2.3e-01  8:4.5e+00
   29 ,    291 : 8.4310594944708e+00 +(1e+01,1e+03) | 2.17e+01 |  3:2.3e-01  8:4.5e+00
Iterat, #Fevals:   Function Value    (median,worst) |Axis Ratio|idx:Min SD idx:Max SD
   30 ,    301 : 8.0064845896949e+00 +(2e+01,1e+04) | 2.19e+01 |  3:2.2e-01  8:4.4e+00
   31 ,    311 : 7.1572781394280e+00 +(2e+01,1e+04) | 2.18e+01 |  3:2.0e-01  8:4.0e+00
   32 ,    321 : 6.9330898983469e+00 +(3e+01,7e+03) | 2.18e+01 |  3:1.7e-01  8:3.4e+00
   33 ,    331 : 6.8763104924499e+00 +(9e+00,1e+04) | 2.19e+01 |  2:1.6e-01  8:3.3e+00
   34 ,    341 : 6.1310213562274e+00 +(3e+00,6e+01) | 2.17e+01 |  2:1.7e-01  8:3.4e+00
   35 ,    351 : 6.7155895060874e+00 +(2e+01,3e+03) | 2.13e+01 |  2:1.7e-01  8:3.3e+00
   36 ,    361 : 5.4170209729130e+00 +(1e+01,2e+04) | 2.15e+01 |  2:1.5e-01  8:3.0e+00
   37 ,    371 : 6.0235283783230e+00 +(1e+01,1e+05) | 2.37e+01 |  2:1.7e-01  8:3.6e+00
   38 ,    381 : 5.0236664653126e+00 +(8e+00,2e+04) | 2.83e+01 |  2:1.9e-01  8:4.8e+00
   39 ,    391 : 8.2916060137072e+00 +(9e+00,1e+03) | 3.00e+01 |  2:2.0e-01  8:5.5e+00
Iterat, #Fevals:   Function Value    (median,worst) |Axis Ratio|idx:Min SD idx:Max SD
   40 ,    401 : 1.1939597592862e+01 +(1e+01,3e+04) | 2.99e+01 |  3:2.1e-01  8:5.7e+00
   41 ,    411 : 8.3285453675664e+00 +(1e+03,2e+05) | 3.04e+01 |  3:2.5e-01  8:6.9e+00
   42 ,    421 : 5.3469878890174e+00 +(3e+00,3e+01) | 2.98e+01 |  3:2.7e-01  8:7.3e+00
   43 ,    431 : 5.2394467676421e+00 +(3e+01,3e+03) | 3.03e+01 |  3:3.2e-01  8:8.4e+00
   44 ,    441 : 1.1505072209277e+01 +(4e+01,1e+05) | 3.04e+01 |  3:3.2e-01  8:8.4e+00
   45 ,    451 : 8.6648310836696e+00 +(2e+01,2e+04) | 3.05e+01 |  3:3.1e-01  8:8.3e+00
   46 ,    461 : 6.5789605396998e+00 +(2e+01,1e+06) | 3.03e+01 |  3:3.0e-01  8:8.0e+00
   47 ,    471 : 7.7566822321149e+00 +(1e+01,2e+03) | 3.06e+01 |  3:2.8e-01  8:7.5e+00
   48 ,    481 : 1.3638108257921e+01 +(3e+01,7e+05) | 3.04e+01 |  3:3.0e-01  8:7.8e+00
   49 ,    491 : 6.7889816994278e+00 +(2e+01,1e+07) | 3.06e+01 |  3:3.0e-01  8:7.8e+00
Iterat, #Fevals:   Function Value    (median,worst) |Axis Ratio|idx:Min SD idx:Max SD
   50 ,    501 : 1.1065325505308e+01 +(3e+01,3e+02) | 2.99e+01 |  3:3.0e-01  8:7.6e+00
   51 ,    511 : 5.4736552559714e+00 +(6e+01,1e+04) | 3.03e+01 |  3:2.7e-01  8:7.1e+00
   52 ,    521 : 6.9425041159258e+00 +(2e+01,3e+04) | 3.04e+01 |  3:2.5e-01  8:6.6e+00
   53 ,    531 : 5.3167174391403e+00 +(1e+01,2e+04) | 3.01e+01 |  3:2.2e-01  8:5.7e+00
   54 ,    541 : 5.6204955167418e+00 +(3e+01,2e+04) | 2.99e+01 |  3:2.2e-01  8:5.6e+00
   55 ,    551 : 6.7094601791026e+00 +(3e+01,2e+04) | 2.86e+01 |  3:2.1e-01  8:5.2e+00
   56 ,    561 : 4.9769754341892e+00 +(7e+00,4e+03) | 2.88e+01 |  3:1.9e-01  8:4.8e+00
   57 ,    571 : 6.2904175102439e+00 +(2e+01,9e+03) | 2.94e+01 |  3:1.7e-01  8:4.5e+00
   58 ,    581 : 6.3096591903886e+00 +(1e+02,5e+04) | 2.89e+01 |  3:1.6e-01  8:4.1e+00
   59 ,    591 : 6.2578351845939e+00 +(9e+00,1e+03) | 3.01e+01 |  3:1.7e-01  8:4.6e+00
Iterat, #Fevals:   Function Value    (median,worst) |Axis Ratio|idx:Min SD idx:Max SD
   60 ,    601 : 6.1888805962803e+00 +(2e+00,2e+02) | 3.01e+01 |  3:1.9e-01  8:4.8e+00
   61 ,    611 : 5.2833168559039e+00 +(4e+00,1e+02) | 3.24e+01 |  3:2.1e-01  8:5.7e+00
   62 ,    621 : 5.4679335231532e+00 +(4e+00,2e+02) | 3.36e+01 |  3:2.1e-01  8:6.0e+00
   63 ,    631 : 5.4180694636224e+00 +(8e+00,3e+01) | 3.46e+01 |  3:2.2e-01  8:6.2e+00
   64 ,    641 : 7.0517013433245e+00 +(6e+00,2e+03) | 3.46e+01 |  3:2.1e-01  8:5.8e+00
   65 ,    651 : 5.4652345892760e+00 +(3e+01,3e+02) | 3.51e+01 |  3:2.1e-01  8:5.9e+00
   66 ,    661 : 6.3771886302801e+00 +(5e+00,4e+03) | 3.50e+01 |  3:1.9e-01  8:5.4e+00
   67 ,    671 : 6.0874627036854e+00 +(1e+01,9e+01) | 3.49e+01 |  3:1.7e-01  8:4.6e+00
   68 ,    681 : 5.4119798835100e+00 +(2e+00,8e+02) | 3.39e+01 |  3:1.5e-01  8:4.2e+00
   69 ,    691 : 6.6276496211537e+00 +(1e+01,3e+04) | 3.36e+01 |  3:1.4e-01  8:3.9e+00
Iterat, #Fevals:   Function Value    (median,worst) |Axis Ratio|idx:Min SD idx:Max SD
   70 ,    701 : 6.7077527966451e+00 +(3e+00,1e+02) | 3.40e+01 |  3:1.5e-01  8:4.0e+00
   71 ,    711 : 7.3413944846511e+00 +(8e+00,4e+02) | 3.34e+01 |  3:1.5e-01  8:4.1e+00
   72 ,    721 : 6.1366010946783e+00 +(2e+00,5e+01) | 3.41e+01 |  3:1.5e-01  8:4.1e+00
   73 ,    731 : 5.5511630963768e+00 +(3e+00,6e+02) | 3.45e+01 |  3:1.8e-01  8:4.5e+00
   74 ,    741 : 6.0061202694481e+00 +(3e+00,8e+01) | 3.48e+01 |  3:1.8e-01  8:4.5e+00
   75 ,    751 : 5.9891886394741e+00 +(5e+00,2e+03) | 3.48e+01 |  3:1.7e-01  8:4.3e+00
   76 ,    761 : 6.5000240733806e+00 +(5e+00,2e+01) | 3.55e+01 |  3:1.6e-01  8:4.0e+00
   77 ,    771 : 6.7034788068456e+00 +(7e+00,4e+01) | 3.58e+01 |  3:1.5e-01  8:3.8e+00
   78 ,    781 : 6.2067597537001e+00 +(3e+00,8e+01) | 3.49e+01 |  3:1.4e-01  8:3.7e+00
   79 ,    791 : 6.7082017804911e+00 +(9e-01,2e+01) | 3.45e+01 |  3:1.3e-01  8:3.3e+00
Iterat, #Fevals:   Function Value    (median,worst) |Axis Ratio|idx:Min SD idx:Max SD
   80 ,    801 : 6.4247876434682e+00 +(2e+00,2e+01) | 3.53e+01 |  3:1.3e-01  8:3.3e+00
   81 ,    811 : 6.1417132561773e+00 +(2e+00,3e+01) | 3.44e+01 |  3:1.3e-01  8:3.3e+00
   82 ,    821 : 5.6532073478939e+00 +(1e+00,6e+00) | 3.25e+01 |  3:1.3e-01  8:3.3e+00
   83 ,    831 : 5.9194357440973e+00 +(7e-01,1e+01) | 3.38e+01 |  3:1.4e-01  8:3.7e+00
   84 ,    841 : 5.4824585178558e+00 +(5e+00,4e+01) | 3.35e+01 |  3:1.4e-01  8:3.6e+00
   85 ,    851 : 6.2869456883285e+00 +(2e+00,5e+01) | 3.42e+01 |  3:1.3e-01  8:3.4e+00
   86 ,    861 : 5.8758299817753e+00 +(8e-01,6e+01) | 3.34e+01 |  3:1.3e-01  8:3.2e+00
   87 ,    871 : 5.4443180024510e+00 +(2e+00,7e+01) | 3.45e+01 |  3:1.3e-01  8:3.3e+00
   88 ,    881 : 5.1353431406053e+00 +(2e+00,2e+01) | 3.46e+01 |  2:1.3e-01  8:3.3e+00
   89 ,    891 : 5.2667594032382e+00 +(6e-01,1e+01) | 3.52e+01 |  2:1.3e-01  8:3.3e+00
Iterat, #Fevals:   Function Value    (median,worst) |Axis Ratio|idx:Min SD idx:Max SD
   90 ,    901 : 5.6716621571149e+00 +(4e+00,9e+01) | 3.52e+01 |  2:1.2e-01  8:3.1e+00
   91 ,    911 : 5.1024221249430e+00 +(5e+00,1e+01) | 3.60e+01 |  2:1.3e-01  8:3.3e+00
   92 ,    921 : 5.0370113009580e+00 +(5e+00,1e+02) | 3.65e+01 |  2:1.3e-01  8:3.3e+00
   93 ,    931 : 5.2797152301068e+00 +(2e+00,6e+00) | 3.66e+01 |  2:1.1e-01  8:3.0e+00
   94 ,    941 : 5.2470164210425e+00 +(2e+00,2e+02) | 3.62e+01 |  2:1.0e-01  8:2.7e+00
   95 ,    951 : 5.3177687900988e+00 +(9e-01,4e+00) | 3.55e+01 |  2:1.1e-01  8:2.8e+00
   96 ,    961 : 5.1261904050682e+00 +(2e+00,2e+01) | 3.55e+01 |  2:1.1e-01  8:2.8e+00
   97 ,    971 : 5.1197586543876e+00 +(7e-01,8e+00) | 3.56e+01 |  2:1.0e-01  8:2.6e+00
   98 ,    981 : 5.0920843157322e+00 +(1e+00,3e+00) | 3.57e+01 |  2:9.5e-02  8:2.4e+00
   99 ,    991 : 5.2004999512768e+00 +(9e-01,3e+01) | 3.55e+01 |  2:8.8e-02  8:2.2e+00
Iterat, #Fevals:   Function Value    (median,worst) |Axis Ratio|idx:Min SD idx:Max SD
  100 ,   1001 : 4.9411052576098e+00 +(1e+00,8e+00) | 3.76e+01 |  2:8.9e-02  8:2.3e+00
  101 ,   1011 : 4.9379958118326e+00 +(3e-01,5e+00) | 3.89e+01 |  2:9.2e-02  8:2.4e+00
  102 ,   1021 : 4.9322420768298e+00 +(1e+00,7e+01) | 4.04e+01 |  2:8.9e-02  8:2.4e+00
  103 ,   1031 : 5.0833963080282e+00 +(1e+00,5e+00) | 4.11e+01 |  2:8.0e-02  8:2.2e+00
  104 ,   1041 : 5.0191767939179e+00 +(8e-01,2e+00) | 4.14e+01 |  2:7.6e-02  8:2.1e+00
  105 ,   1051 : 4.9865874920018e+00 +(4e-01,6e+00) | 4.15e+01 |  2:7.4e-02  8:2.0e+00
  106 ,   1061 : 4.9140315065224e+00 +(4e-01,4e+00) | 4.13e+01 |  2:7.2e-02  8:2.0e+00
  107 ,   1071 : 5.0973665182902e+00 +(2e+00,6e+00) | 4.31e+01 |  2:7.3e-02  8:2.0e+00
  108 ,   1081 : 5.1349143043449e+00 +(5e-01,5e+00) | 4.51e+01 |  2:7.9e-02  8:2.2e+00
  109 ,   1091 : 5.1702420964934e+00 +(2e-01,8e+00) | 4.62e+01 |  2:8.2e-02  8:2.3e+00
Iterat, #Fevals:   Function Value    (median,worst) |Axis Ratio|idx:Min SD idx:Max SD
  110 ,   1101 : 5.0124959760752e+00 +(3e-01,3e+00) | 4.59e+01 |  2:8.4e-02  8:2.3e+00
  111 ,   1111 : 5.0085011736756e+00 +(6e-01,6e+00) | 4.61e+01 |  2:8.1e-02  8:2.2e+00
  112 ,   1121 : 4.9776220645770e+00 +(7e-01,4e+00) | 4.61e+01 |  2:7.6e-02  8:2.1e+00
  113 ,   1131 : 4.9008295882092e+00 +(7e-01,3e+00) | 4.72e+01 |  2:7.0e-02  8:2.0e+00
  114 ,   1141 : 4.9259985991119e+00 +(5e-01,3e+00) | 4.60e+01 |  2:6.7e-02  8:1.9e+00
  115 ,   1151 : 4.9811548984272e+00 +(3e-01,2e+00) | 4.59e+01 |  2:6.0e-02  8:1.7e+00
  116 ,   1161 : 4.8314704941445e+00 +(5e-01,1e+01) | 4.51e+01 |  2:5.4e-02  8:1.5e+00
  117 ,   1171 : 4.9062656347304e+00 +(5e-01,4e+00) | 4.51e+01 |  2:4.7e-02  8:1.3e+00
  118 ,   1181 : 4.9494481662929e+00 +(5e-02,6e-01) | 4.48e+01 |  2:4.5e-02  8:1.3e+00
  119 ,   1191 : 4.9360155631752e+00 +(2e-01,1e+00) | 4.50e+01 |  2:4.4e-02  8:1.2e+00
Iterat, #Fevals:   Function Value    (median,worst) |Axis Ratio|idx:Min SD idx:Max SD
  120 ,   1201 : 4.8984344337729e+00 +(3e-01,2e+00) | 4.52e+01 |  2:5.2e-02  8:1.4e+00
  121 ,   1211 : 4.8425451729446e+00 +(2e-01,1e+00) | 4.47e+01 |  2:5.6e-02  8:1.5e+00
  122 ,   1221 : 4.8577778779412e+00 +(4e-01,9e-01) | 4.44e+01 |  2:5.7e-02  8:1.5e+00
  123 ,   1231 : 4.9345836505386e+00 +(2e-01,9e-01) | 4.45e+01 |  2:5.1e-02  8:1.3e+00
  124 ,   1241 : 4.8964584866489e+00 +(3e-01,1e+00) | 4.48e+01 |  2:5.0e-02  8:1.3e+00
  125 ,   1251 : 5.0851060647021e+00 +(3e-01,1e+00) | 4.45e+01 |  2:5.5e-02  8:1.4e+00
  126 ,   1261 : 5.0473411231992e+00 +(2e-01,1e+00) | 4.31e+01 |  2:5.9e-02  8:1.5e+00
  127 ,   1271 : 4.9951622802346e+00 +(2e-01,4e-01) | 4.18e+01 |  2:5.8e-02  8:1.5e+00
  128 ,   1281 : 5.0144307185905e+00 +(2e-01,1e+00) | 4.03e+01 |  2:6.0e-02  8:1.5e+00
  129 ,   1291 : 5.0513296200112e+00 +(2e-01,2e+00) | 4.01e+01 |  2:6.3e-02  8:1.5e+00
Iterat, #Fevals:   Function Value    (median,worst) |Axis Ratio|idx:Min SD idx:Max SD
  130 ,   1301 : 5.0545647802829e+00 +(3e-01,2e+00) | 3.91e+01 |  2:6.3e-02  8:1.5e+00
  131 ,   1311 : 5.1431141267071e+00 +(2e-01,6e-01) | 3.81e+01 |  2:6.5e-02  8:1.5e+00
  132 ,   1321 : 5.0760973863142e+00 +(3e-01,3e+00) | 3.78e+01 |  2:6.2e-02  8:1.5e+00
  133 ,   1331 : 5.0282648492985e+00 +(5e-01,2e+00) | 3.72e+01 |  2:6.1e-02  8:1.4e+00
  134 ,   1341 : 4.9950847308329e+00 +(5e-01,1e+00) | 3.74e+01 |  2:5.6e-02  8:1.3e+00
  135 ,   1351 : 4.9951931299791e+00 +(2e-01,1e+00) | 3.73e+01 |  2:5.2e-02  8:1.2e+00
  136 ,   1361 : 5.0278141493188e+00 +(9e-02,1e+00) | 3.74e+01 |  2:4.8e-02  8:1.1e+00
  137 ,   1371 : 5.0135060607571e+00 +(2e-01,5e-01) | 3.81e+01 |  2:4.3e-02  8:1.0e+00
  138 ,   1381 : 5.0078049613453e+00 +(1e-01,3e-01) | 3.83e+01 |  2:4.0e-02  8:9.7e-01
  139 ,   1391 : 4.9757041604967e+00 +(1e-01,5e-01) | 3.94e+01 |  2:3.9e-02  8:9.5e-01
Iterat, #Fevals:   Function Value    (median,worst) |Axis Ratio|idx:Min SD idx:Max SD
  140 ,   1401 : 4.9881821216719e+00 +(1e-01,8e-01) | 3.97e+01 |  2:3.8e-02  8:9.2e-01
  141 ,   1411 : 4.9548469462014e+00 +(5e-02,3e-01) | 3.99e+01 |  2:3.8e-02  8:9.3e-01
  142 ,   1421 : 5.0116387035433e+00 +(1e-01,3e-01) | 4.00e+01 |  2:4.0e-02  8:9.6e-01
  143 ,   1431 : 4.9905630695558e+00 +(1e-01,1e+00) | 4.03e+01 |  2:3.8e-02  8:9.4e-01
  144 ,   1441 : 4.9422328619722e+00 +(1e-01,9e-01) | 4.13e+01 |  2:3.4e-02  8:8.5e-01
  145 ,   1451 : 4.9419858157575e+00 +(5e-02,2e-01) | 4.11e+01 |  2:3.1e-02  8:7.7e-01
  146 ,   1461 : 4.9710166855279e+00 +(7e-02,3e-01) | 4.15e+01 |  2:3.1e-02  8:7.7e-01
  147 ,   1471 : 4.9617660318095e+00 +(4e-02,2e-01) | 4.13e+01 |  2:2.9e-02  8:7.0e-01
  148 ,   1481 : 4.9513345099605e+00 +(8e-02,4e-01) | 4.13e+01 |  2:2.6e-02  8:6.3e-01
  149 ,   1491 : 4.9358069088599e+00 +(3e-02,8e-02) | 4.11e+01 |  2:2.5e-02  8:6.0e-01
Iterat, #Fevals:   Function Value    (median,worst) |Axis Ratio|idx:Min SD idx:Max SD
  150 ,   1501 : 4.9193321925219e+00 +(7e-02,2e-01) | 4.06e+01 |  2:2.6e-02  8:6.1e-01
  151 ,   1511 : 4.9256611109843e+00 +(5e-02,4e-01) | 4.09e+01 |  2:2.5e-02  8:6.0e-01
  152 ,   1521 : 4.9268678373223e+00 +(1e-02,1e-01) | 4.08e+01 |  2:2.4e-02  8:5.7e-01
  153 ,   1531 : 4.9000511850833e+00 +(5e-02,3e-01) | 4.04e+01 |  2:2.2e-02  8:5.2e-01
  154 ,   1541 : 4.9104513468643e+00 +(5e-02,1e-01) | 4.27e+01 |  2:2.3e-02  8:5.6e-01
  155 ,   1551 : 4.8877128559309e+00 +(2e-02,1e-01) | 4.38e+01 |  2:2.5e-02  8:6.3e-01
  156 ,   1561 : 4.8910947382915e+00 +(3e-02,2e-01) | 4.36e+01 |  2:2.6e-02  8:6.4e-01
  157 ,   1571 : 4.8744323452906e+00 +(5e-02,1e-01) | 4.44e+01 |  2:2.8e-02  8:6.9e-01
  158 ,   1581 : 4.8356055398698e+00 +(6e-02,3e-01) | 4.32e+01 |  2:3.0e-02  8:7.3e-01
  159 ,   1591 : 4.7950541877310e+00 +(9e-02,2e-01) | 4.39e+01 |  2:3.3e-02  8:8.3e-01
Iterat, #Fevals:   Function Value    (median,worst) |Axis Ratio|idx:Min SD idx:Max SD
  160 ,   1601 : 4.7994457788227e+00 +(8e-02,3e-01) | 4.42e+01 |  2:3.5e-02  8:8.8e-01
  161 ,   1611 : 4.8277728576531e+00 +(2e-02,4e-01) | 4.31e+01 |  2:3.7e-02  8:9.1e-01
  162 ,   1621 : 4.8023076424113e+00 +(7e-02,4e-01) | 4.22e+01 |  2:3.7e-02  8:9.0e-01
  163 ,   1631 : 4.6834074831421e+00 +(2e-01,7e-01) | 4.22e+01 |  2:4.6e-02  8:1.1e+00
  164 ,   1641 : 4.6977148950464e+00 +(1e-01,2e-01) | 4.29e+01 |  2:5.0e-02  8:1.2e+00
  165 ,   1651 : 4.6612559316117e+00 +(2e-01,5e-01) | 4.38e+01 |  2:5.2e-02  8:1.3e+00
  166 ,   1661 : 4.6722171696802e+00 +(2e-01,1e+00) | 4.51e+01 |  2:5.5e-02  8:1.3e+00
  167 ,   1671 : 4.6363988058684e+00 +(1e-01,5e-01) | 4.62e+01 |  2:6.0e-02  8:1.4e+00
  168 ,   1681 : 4.6454830365177e+00 +(3e-01,1e+00) | 4.61e+01 |  2:6.4e-02  8:1.5e+00
  169 ,   1691 : 4.6050624091545e+00 +(2e-01,1e+00) | 4.69e+01 |  2:6.0e-02  8:1.4e+00
Iterat, #Fevals:   Function Value    (median,worst) |Axis Ratio|idx:Min SD idx:Max SD
  170 ,   1701 : 4.5372858079506e+00 +(3e-01,2e+00) | 4.56e+01 |  2:5.6e-02  8:1.3e+00
  171 ,   1711 : 4.4401097835712e+00 +(4e-01,3e+00) | 4.58e+01 |  2:5.3e-02  8:1.2e+00
  172 ,   1721 : 4.4795410013010e+00 +(2e-01,1e+00) | 4.49e+01 |  2:5.9e-02  8:1.3e+00
  173 ,   1731 : 4.2986706880838e+00 +(2e-01,1e+00) | 4.51e+01 |  3:6.6e-02  8:1.4e+00
  174 ,   1741 : 4.2979092839911e+00 +(2e-01,1e+00) | 4.58e+01 |  2:6.9e-02  8:1.5e+00
  175 ,   1751 : 3.9336079395553e+00 +(8e-01,3e+00) | 4.57e+01 |  2:7.9e-02  8:1.7e+00
  176 ,   1761 : 4.1356895909327e+00 +(2e-01,3e+00) | 4.61e+01 |  3:7.8e-02  8:1.7e+00
  177 ,   1771 : 4.0574671810954e+00 +(4e-01,6e+00) | 4.72e+01 |  2:7.8e-02  8:1.7e+00
  178 ,   1781 : 4.0445527499691e+00 +(3e-01,3e+00) | 4.71e+01 |  3:7.5e-02  8:1.6e+00
  179 ,   1791 : 3.9593333074883e+00 +(4e-01,2e+00) | 4.77e+01 |  2:7.0e-02  8:1.5e+00
Iterat, #Fevals:   Function Value    (median,worst) |Axis Ratio|idx:Min SD idx:Max SD
  180 ,   1801 : 3.9086366292205e+00 +(7e-01,2e+00) | 4.83e+01 |  2:6.6e-02  8:1.5e+00
  181 ,   1811 : 3.9429891496719e+00 +(8e-01,5e+00) | 4.94e+01 |  2:6.0e-02  8:1.4e+00
  182 ,   1821 : 3.6807193511857e+00 +(7e-01,1e+01) | 4.98e+01 |  2:6.8e-02  8:1.5e+00
  183 ,   1831 : 3.7448683345849e+00 +(5e-01,1e+01) | 5.00e+01 |  2:6.8e-02  8:1.5e+00
  184 ,   1841 : 3.7704433685202e+00 +(9e-01,1e+01) | 5.03e+01 |  2:6.0e-02  8:1.4e+00
  185 ,   1851 : 3.7980169868273e+00 +(8e-01,5e+00) | 4.96e+01 |  2:5.8e-02  8:1.3e+00
  186 ,   1861 : 3.8015534991416e+00 +(9e-01,3e+00) | 4.95e+01 |  2:5.3e-02  8:1.2e+00
  187 ,   1871 : 4.3371819120147e+00 +(3e-01,9e+00) | 4.99e+01 |  2:5.2e-02  8:1.1e+00
  188 ,   1881 : 3.7475376255767e+00 +(7e-01,3e+00) | 4.95e+01 |  2:5.2e-02  8:1.1e+00
  189 ,   1891 : 3.7445501160916e+00 +(4e-01,1e+01) | 4.93e+01 |  2:5.0e-02  8:1.1e+00
Iterat, #Fevals:   Function Value    (median,worst) |Axis Ratio|idx:Min SD idx:Max SD
  190 ,   1901 : 3.6122507471039e+00 +(3e-01,3e+00) | 4.92e+01 |  2:5.2e-02  8:1.1e+00
  191 ,   1911 : 3.6334958225248e+00 +(5e-01,1e+00) | 4.92e+01 |  2:5.4e-02  8:1.1e+00
  192 ,   1921 : 3.3022955214849e+00 +(6e-01,1e+01) | 5.04e+01 |  2:5.8e-02  8:1.2e+00
  193 ,   1931 : 3.2411534284088e+00 +(7e-01,1e+01) | 5.01e+01 |  2:6.2e-02  8:1.3e+00
  194 ,   1941 : 3.1915874553950e+00 +(1e+00,3e+01) | 4.91e+01 |  2:6.4e-02  8:1.3e+00
  195 ,   1951 : 3.2328523505761e+00 +(3e+00,6e+01) | 4.85e+01 |  2:6.7e-02  8:1.4e+00
  196 ,   1961 : 3.1994775951995e+00 +(2e+00,2e+05) | 4.85e+01 |  2:7.0e-02  8:1.4e+00
  197 ,   1971 : 3.6273544611340e+00 +(2e+00,2e+01) | 4.83e+01 |  2:7.1e-02  8:1.4e+00
  198 ,   1981 : 3.7841611140472e+00 +(6e-01,2e+01) | 4.80e+01 |  2:6.9e-02  8:1.4e+00
  199 ,   1991 : 3.5337289747978e+00 +(5e-01,2e+01) | 4.79e+01 |  2:6.6e-02  8:1.3e+00
Iterat, #Fevals:   Function Value    (median,worst) |Axis Ratio|idx:Min SD idx:Max SD
  200 ,   2001 : 3.2035226927454e+00 +(1e+00,4e+00) | 4.81e+01 |  2:5.8e-02  8:1.2e+00
  201 ,   2011 : 3.3082101770027e+00 +(2e+00,7e+01) | 4.79e+01 |  2:5.3e-02  8:1.0e+00
  202 ,   2021 : 3.5884586458575e+00 +(9e-01,9e+00) | 4.88e+01 |  2:5.5e-02  8:1.1e+00
  203 ,   2031 : 3.4214683580663e+00 +(8e-01,3e+00) | 4.88e+01 |  2:5.7e-02  8:1.1e+00
  204 ,   2041 : 3.2912820087913e+00 +(1e+00,7e+00) | 4.84e+01 |  2:5.3e-02  8:1.1e+00
  205 ,   2051 : 3.3530847809566e+00 +(1e+00,1e+02) | 4.80e+01 |  2:5.2e-02  8:1.0e+00
  206 ,   2061 : 3.5260026027206e+00 +(5e-01,3e+00) | 4.77e+01 |  2:4.4e-02  8:8.8e-01
  207 ,   2071 : 3.3969327784115e+00 +(1e+00,3e+00) | 4.78e+01 |  2:4.0e-02  8:8.0e-01
  208 ,   2081 : 3.4211312842101e+00 +(6e-01,8e+00) | 4.78e+01 |  3:3.7e-02  8:7.3e-01
  209 ,   2091 : 3.2321985076132e+00 +(7e-01,1e+00) | 4.69e+01 |  2:3.7e-02  8:7.3e-01
Iterat, #Fevals:   Function Value    (median,worst) |Axis Ratio|idx:Min SD idx:Max SD
  210 ,   2101 : 3.3650474690059e+00 +(5e-01,2e+01) | 4.69e+01 |  2:3.8e-02  8:7.3e-01
  211 ,   2111 : 3.3899238856924e+00 +(9e-01,5e+00) | 4.67e+01 |  2:3.6e-02  8:7.1e-01
  212 ,   2121 : 3.1302017378018e+00 +(5e-01,1e+00) | 4.67e+01 |  2:3.3e-02  8:6.4e-01
  213 ,   2131 : 3.2690108414214e+00 +(5e-01,3e+00) | 4.64e+01 |  2:3.1e-02  8:5.9e-01
  214 ,   2141 : 3.2643793750505e+00 +(4e-01,2e+00) | 4.61e+01 |  2:3.3e-02  8:6.0e-01
  215 ,   2151 : 3.2966795748721e+00 +(4e-01,3e+00) | 4.53e+01 |  2:3.2e-02  8:5.8e-01
  216 ,   2161 : 3.3375749021764e+00 +(2e-01,3e+00) | 4.54e+01 |  3:3.6e-02  8:6.3e-01
  217 ,   2171 : 3.2960461709992e+00 +(6e-01,3e+00) | 4.42e+01 |  3:3.4e-02  8:5.9e-01
  218 ,   2181 : 3.1507307839013e+00 +(3e-01,2e+00) | 4.39e+01 |  3:3.2e-02  8:5.5e-01
  219 ,   2191 : 3.1392148158817e+00 +(1e-01,9e-01) | 4.45e+01 |  3:3.2e-02  8:5.5e-01
Iterat, #Fevals:   Function Value    (median,worst) |Axis Ratio|idx:Min SD idx:Max SD
  220 ,   2201 : 3.1375303501243e+00 +(4e-01,2e+00) | 4.44e+01 |  3:3.3e-02  8:5.7e-01
  221 ,   2211 : 3.1342651378211e+00 +(5e-01,4e+00) | 4.35e+01 |  3:3.6e-02  8:6.0e-01
  222 ,   2221 : 3.1692702089943e+00 +(6e-01,4e+00) | 4.41e+01 |  3:3.7e-02  8:6.3e-01
  223 ,   2231 : 3.1892632528970e+00 +(9e-01,4e+00) | 4.34e+01 |  3:3.6e-02  8:5.9e-01
  224 ,   2241 : 3.1277897728699e+00 +(3e-01,1e+00) | 4.25e+01 |  3:3.3e-02  8:5.5e-01
  225 ,   2251 : 3.1489397918858e+00 +(3e-01,2e+00) | 4.21e+01 |  3:3.2e-02  8:5.0e-01
  226 ,   2261 : 3.1517240872784e+00 +(4e-01,2e+00) | 3.99e+01 |  3:3.6e-02  8:5.4e-01
  227 ,   2271 : 3.1435233081675e+00 +(2e-01,1e+00) | 3.96e+01 |  2:3.9e-02  8:5.8e-01
  228 ,   2281 : 3.1473103797730e+00 +(6e-01,4e+00) | 3.97e+01 |  2:4.4e-02  8:6.5e-01
  229 ,   2291 : 3.1326821224627e+00 +(4e-01,3e+00) | 3.99e+01 |  2:4.6e-02  8:6.8e-01
Iterat, #Fevals:   Function Value    (median,worst) |Axis Ratio|idx:Min SD idx:Max SD
  230 ,   2301 : 3.0425900307060e+00 +(4e-01,4e+00) | 4.02e+01 |  2:5.0e-02  8:7.0e-01
  231 ,   2311 : 3.1880742491119e+00 +(1e+00,2e+00) | 4.05e+01 |  2:5.3e-02  8:7.5e-01
  232 ,   2321 : 3.2055337024174e+00 +(5e+00,4e+05) | 4.05e+01 |  2:5.2e-02  8:7.3e-01
  233 ,   2331 : 3.0716744585615e+00 +(1e+00,3e+01) | 4.08e+01 |  2:5.0e-02  8:7.1e-01
  234 ,   2341 : 3.0448380412303e+00 +(7e-01,2e+01) | 3.99e+01 |  2:5.1e-02  8:7.0e-01
  235 ,   2351 : 3.0141552639460e+00 +(8e-01,1e+01) | 4.00e+01 |  2:5.1e-02  8:7.0e-01
  236 ,   2361 : 2.9760611176924e+00 +(4e-01,1e+01) | 3.98e+01 |  2:5.1e-02  8:7.0e-01
  237 ,   2371 : 3.4648969022065e+00 +(1e+00,3e+00) | 4.00e+01 |  2:5.4e-02  8:7.4e-01
  238 ,   2381 : 3.2595003452880e+00 +(2e+00,5e+01) | 4.03e+01 |  2:5.0e-02  8:6.9e-01
  239 ,   2391 : 4.3997030324082e+00 +(2e+00,1e+01) | 4.02e+01 |  2:4.7e-02  8:6.4e-01
Iterat, #Fevals:   Function Value    (median,worst) |Axis Ratio|idx:Min SD idx:Max SD
  240 ,   2401 : 3.0270618188954e+00 +(2e+00,3e+01) | 4.04e+01 |  2:4.8e-02  8:6.4e-01
  241 ,   2411 : 3.0839604910508e+00 +(9e-01,2e+00) | 4.02e+01 |  2:5.0e-02  8:6.7e-01
  242 ,   2421 : 2.9760257608076e+00 +(8e-01,2e+01) | 4.05e+01 |  2:4.8e-02  8:6.4e-01
  243 ,   2431 : 3.4018800273494e+00 +(8e-01,3e+00) | 4.00e+01 |  2:4.8e-02  8:6.4e-01
  244 ,   2441 : 3.1711874277245e+00 +(3e-01,3e+00) | 4.22e+01 |  2:4.9e-02  8:6.8e-01
  245 ,   2451 : 3.0011240210319e+00 +(9e-01,2e+01) | 4.21e+01 |  2:4.5e-02  8:6.2e-01
  246 ,   2461 : 3.2336235455099e+00 +(9e-01,4e+00) | 4.25e+01 |  2:4.5e-02  8:6.1e-01
  247 ,   2471 : 3.0346041378722e+00 +(4e-01,6e+00) | 4.18e+01 |  2:4.3e-02  8:5.8e-01
  248 ,   2481 : 3.0492631339854e+00 +(1e-01,8e+00) | 4.16e+01 |  2:3.9e-02  8:5.2e-01
  249 ,   2491 : 3.1083826799063e+00 +(7e-01,2e+00) | 4.09e+01 |  2:3.6e-02  8:4.7e-01
Iterat, #Fevals:   Function Value    (median,worst) |Axis Ratio|idx:Min SD idx:Max SD
  250 ,   2501 : 3.0182183240123e+00 +(2e-01,2e+00) | 4.07e+01 |  2:3.3e-02  8:4.2e-01
  251 ,   2511 : 2.9902017855748e+00 +(3e-01,6e-01) | 4.06e+01 |  2:3.0e-02  8:4.0e-01
  252 ,   2521 : 3.0102978464510e+00 +(7e-02,5e-01) | 4.06e+01 |  2:2.8e-02  8:3.6e-01
  253 ,   2531 : 3.0748750308486e+00 +(5e-01,3e+00) | 4.05e+01 |  2:2.5e-02  8:3.2e-01
  254 ,   2541 : 3.0095079042529e+00 +(3e-01,1e+00) | 3.94e+01 |  2:2.5e-02  8:3.1e-01
  255 ,   2551 : 2.9979471070511e+00 +(2e-01,2e+00) | 3.85e+01 |  2:2.6e-02  8:3.1e-01
  256 ,   2561 : 2.9918868203382e+00 +(3e-01,2e+00) | 3.78e+01 |  2:2.7e-02  8:3.2e-01
  257 ,   2571 : 3.0552967125356e+00 +(2e-01,3e+00) | 3.81e+01 |  2:2.7e-02  8:3.2e-01
  258 ,   2581 : 3.0318662156713e+00 +(2e-01,6e+00) | 3.73e+01 |  2:2.5e-02  8:2.9e-01
  259 ,   2591 : 3.0314480046098e+00 +(1e-01,1e+00) | 3.59e+01 |  2:2.6e-02  8:3.0e-01
Iterat, #Fevals:   Function Value    (median,worst) |Axis Ratio|idx:Min SD idx:Max SD
  260 ,   2601 : 3.0113285814464e+00 +(2e-01,6e-01) | 3.53e+01 |  2:2.4e-02  8:2.7e-01
  261 ,   2611 : 3.0076992429026e+00 +(6e-02,7e-01) | 3.52e+01 |  2:2.2e-02  8:2.4e-01
  262 ,   2621 : 3.0033131044711e+00 +(1e-01,3e-01) | 3.53e+01 |  2:1.8e-02  8:2.1e-01
  263 ,   2631 : 2.9766093569272e+00 +(5e-02,2e-01) | 3.56e+01 |  2:1.6e-02  8:1.8e-01
  264 ,   2641 : 2.9963910020829e+00 +(1e-02,3e-01) | 3.50e+01 |  2:1.5e-02  8:1.7e-01
  265 ,   2651 : 2.9750345418629e+00 +(4e-02,5e-01) | 3.48e+01 |  2:1.3e-02  8:1.4e-01
  266 ,   2661 : 2.9756058747974e+00 +(3e-02,2e-01) | 3.55e+01 |  2:1.2e-02  8:1.3e-01
  267 ,   2671 : 2.9810866920199e+00 +(3e-02,7e-02) | 3.54e+01 |  2:1.2e-02  8:1.3e-01
  268 ,   2681 : 2.9753932978989e+00 +(2e-02,2e-01) | 3.54e+01 |  2:1.2e-02  8:1.3e-01
  269 ,   2691 : 2.9743958373691e+00 +(4e-02,9e-02) | 3.54e+01 |  2:1.1e-02  8:1.3e-01
Iterat, #Fevals:   Function Value    (median,worst) |Axis Ratio|idx:Min SD idx:Max SD
  270 ,   2701 : 2.9638939341289e+00 +(4e-02,1e-01) | 3.60e+01 |  2:1.2e-02  8:1.3e-01
  271 ,   2711 : 2.9544304841050e+00 +(1e-01,4e-01) | 3.77e+01 |  2:1.2e-02  8:1.4e-01
  272 ,   2721 : 2.9698488726976e+00 +(2e-02,3e-01) | 3.81e+01 |  2:1.2e-02  8:1.4e-01
  273 ,   2731 : 2.9817775841258e+00 +(4e-02,1e-01) | 3.85e+01 |  2:1.1e-02  8:1.3e-01
  274 ,   2741 : 2.9729987631497e+00 +(2e-02,3e-01) | 3.79e+01 |  2:1.1e-02  8:1.2e-01
  275 ,   2751 : 2.9546947429075e+00 +(4e-02,1e-01) | 3.76e+01 |  2:1.1e-02  8:1.2e-01
  276 ,   2761 : 2.9456700367923e+00 +(3e-02,2e-01) | 3.78e+01 |  2:1.1e-02  8:1.2e-01
  277 ,   2771 : 2.9706240418400e+00 +(4e-02,9e-02) | 3.85e+01 |  2:1.0e-02  8:1.1e-01
  278 ,   2781 : 2.9608289487955e+00 +(3e-02,9e-02) | 3.90e+01 |  2:1.1e-02  8:1.1e-01
  279 ,   2791 : 2.9557230543331e+00 +(4e-02,1e-01) | 3.77e+01 |  2:1.1e-02  8:1.2e-01
Iterat, #Fevals:   Function Value    (median,worst) |Axis Ratio|idx:Min SD idx:Max SD
  280 ,   2801 : 2.9792810905318e+00 +(7e-03,8e-02) | 3.71e+01 |  2:1.1e-02  8:1.2e-01
  281 ,   2811 : 2.9717782608534e+00 +(4e-02,7e-02) | 3.70e+01 |  2:1.1e-02  8:1.1e-01
  282 ,   2821 : 2.9759149727688e+00 +(2e-02,4e-02) | 3.70e+01 |  2:1.1e-02  1:1.1e-01
  283 ,   2831 : 2.9623168809971e+00 +(3e-02,1e-01) | 3.70e+01 |  2:1.1e-02  1:1.2e-01
  284 ,   2841 : 2.9687684069112e+00 +(1e-02,6e-02) | 3.88e+01 |  2:1.2e-02  1:1.3e-01
  285 ,   2851 : 2.9752689560457e+00 +(3e-02,2e-01) | 3.89e+01 |  2:1.3e-02  6:1.4e-01
  286 ,   2861 : 2.9638007919199e+00 +(2e-02,1e-01) | 3.91e+01 |  2:1.2e-02  6:1.4e-01
  287 ,   2871 : 2.9573617771032e+00 +(2e-02,7e-02) | 3.93e+01 |  2:1.2e-02  6:1.4e-01
  288 ,   2881 : 2.9699112376156e+00 +(2e-02,1e-01) | 3.94e+01 |  2:1.3e-02  6:1.4e-01
  289 ,   2891 : 2.9649215739977e+00 +(2e-02,8e-02) | 3.93e+01 |  2:1.3e-02  6:1.5e-01
Iterat, #Fevals:   Function Value    (median,worst) |Axis Ratio|idx:Min SD idx:Max SD
  290 ,   2901 : 2.9719786253331e+00 +(2e-02,9e-02) | 3.96e+01 |  2:1.3e-02  6:1.5e-01
  291 ,   2911 : 2.9669264882148e+00 +(4e-02,2e-01) | 3.89e+01 |  2:1.5e-02  6:1.6e-01
  292 ,   2921 : 2.9710153191731e+00 +(3e-02,3e-01) | 3.88e+01 |  2:1.6e-02  6:1.7e-01
  293 ,   2931 : 2.9560738643155e+00 +(4e-02,4e-01) | 3.91e+01 |  2:1.5e-02  6:1.6e-01
  294 ,   2941 : 2.9661130672139e+00 +(3e-02,1e-01) | 4.10e+01 |  2:1.5e-02  6:1.6e-01
  295 ,   2951 : 2.9687724531918e+00 +(2e-02,2e-01) | 4.23e+01 |  2:1.4e-02  6:1.5e-01
  296 ,   2961 : 2.9568247159409e+00 +(3e-02,3e-01) | 4.34e+01 |  2:1.4e-02  6:1.6e-01
  297 ,   2971 : 2.9575103206626e+00 +(4e-02,1e-01) | 4.40e+01 |  2:1.4e-02  6:1.5e-01
  298 ,   2981 : 2.9661339337100e+00 +(2e-02,1e-01) | 4.40e+01 |  2:1.4e-02  6:1.6e-01
  299 ,   2991 : 2.9599091076034e+00 +(2e-02,2e-01) | 4.31e+01 |  2:1.5e-02  6:1.6e-01
Iterat, #Fevals:   Function Value    (median,worst) |Axis Ratio|idx:Min SD idx:Max SD
  300 ,   3001 : 2.9640789666019e+00 +(4e-02,1e-01) | 4.28e+01 |  2:1.4e-02  6:1.4e-01
  301 ,   3011 : 2.9672779819676e+00 +(2e-02,9e-02) | 4.36e+01 |  2:1.3e-02  6:1.3e-01
  302 ,   3021 : 2.9568951706959e+00 +(2e-02,6e-02) | 4.38e+01 |  2:1.2e-02  6:1.2e-01
  303 ,   3031 : 2.9705546989079e+00 +(1e-02,1e-01) | 4.38e+01 |  2:1.1e-02  6:1.1e-01
  304 ,   3041 : 2.9624643203804e+00 +(2e-02,4e-02) | 4.35e+01 |  2:1.1e-02  6:1.0e-01
  305 ,   3051 : 2.9608598872727e+00 +(1e-02,3e-02) | 4.37e+01 |  2:1.0e-02  6:1.0e-01
  306 ,   3061 : 2.9586605005373e+00 +(1e-02,2e-02) | 4.40e+01 |  2:9.2e-03  6:9.1e-02
  307 ,   3071 : 2.9655502670713e+00 +(9e-03,4e-02) | 4.37e+01 |  2:8.7e-03  6:8.6e-02
  308 ,   3081 : 2.9600640253341e+00 +(2e-02,5e-02) | 4.40e+01 |  2:8.1e-03  6:7.9e-02
  309 ,   3091 : 2.9652773432888e+00 +(8e-03,2e-02) | 4.44e+01 |  2:7.4e-03  6:7.2e-02
Iterat, #Fevals:   Function Value    (median,worst) |Axis Ratio|idx:Min SD idx:Max SD
  310 ,   3101 : 2.9588543928080e+00 +(1e-02,4e-02) | 4.46e+01 |  2:6.7e-03  6:6.6e-02
  311 ,   3111 : 2.9680654994973e+00 +(9e-03,1e-02) | 4.41e+01 |  2:7.1e-03  6:6.6e-02
  312 ,   3121 : 2.9574236662800e+00 +(1e-02,3e-02) | 4.37e+01 |  2:8.2e-03  6:7.1e-02
  313 ,   3131 : 2.9593188123508e+00 +(1e-02,2e-02) | 4.56e+01 |  2:9.7e-03  6:8.3e-02
  314 ,   3141 : 2.9491809559867e+00 +(2e-02,5e-02) | 4.63e+01 |  2:1.0e-02  6:8.5e-02
  315 ,   3151 : 2.9650284163965e+00 +(1e-02,4e-02) | 4.71e+01 |  2:9.4e-03  6:7.8e-02
  316 ,   3161 : 2.9587866099359e+00 +(1e-02,2e-02) | 4.69e+01 |  2:8.6e-03  6:7.2e-02
  317 ,   3171 : 2.9542766830749e+00 +(2e-02,2e-02) | 4.84e+01 |  2:8.8e-03  6:7.5e-02
  318 ,   3181 : 2.9638394531865e+00 +(9e-03,2e-02) | 5.06e+01 |  2:9.3e-03  6:7.9e-02
  319 ,   3191 : 2.9601058530512e+00 +(2e-02,4e-02) | 5.07e+01 |  2:9.4e-03  6:8.1e-02
Iterat, #Fevals:   Function Value    (median,worst) |Axis Ratio|idx:Min SD idx:Max SD
  320 ,   3201 : 2.9696896497436e+00 +(2e-03,1e-02) | 5.04e+01 |  2:8.6e-03  6:7.4e-02
  321 ,   3211 : 2.9645858428843e+00 +(1e-02,2e-02) | 5.05e+01 |  2:8.5e-03  6:7.4e-02
  322 ,   3221 : 2.9502372804141e+00 +(3e-02,5e-02) | 5.26e+01 |  2:8.8e-03  6:8.1e-02
  323 ,   3231 : 2.9559262100984e+00 +(2e-02,3e-02) | 5.60e+01 |  2:8.9e-03  6:8.5e-02
  324 ,   3241 : 2.9605377506383e+00 +(1e-02,3e-02) | 5.70e+01 |  2:8.7e-03  6:8.3e-02
  325 ,   3251 : 2.9583432572735e+00 +(1e-02,2e-02) | 5.69e+01 |  2:8.6e-03  6:8.3e-02
  326 ,   3261 : 2.9582250235072e+00 +(8e-03,2e-02) | 5.61e+01 |  2:8.5e-03  6:8.1e-02
  327 ,   3271 : 2.9638013228789e+00 +(7e-03,2e-02) | 5.66e+01 |  2:8.1e-03  6:7.8e-02
  328 ,   3281 : 2.9592181081815e+00 +(1e-02,3e-02) | 5.61e+01 |  2:7.6e-03  6:7.3e-02
  329 ,   3291 : 2.9529705140769e+00 +(2e-02,3e-02) | 5.65e+01 |  2:6.4e-03  6:6.3e-02
Iterat, #Fevals:   Function Value    (median,worst) |Axis Ratio|idx:Min SD idx:Max SD
  330 ,   3301 : 2.9615007180031e+00 +(1e-02,2e-02) | 5.77e+01 |  2:6.3e-03  6:5.9e-02
  331 ,   3311 : 2.9675496153280e+00 +(2e-03,1e-02) | 5.72e+01 |  2:5.7e-03  6:5.3e-02
  332 ,   3321 : 2.9598169822138e+00 +(1e-02,2e-02) | 5.67e+01 |  2:5.3e-03  6:4.9e-02
  333 ,   3331 : 2.9577362584613e+00 +(1e-02,2e-02) | 5.79e+01 |  2:5.0e-03  6:4.6e-02
  334 ,   3341 : 2.9556090195894e+00 +(1e-02,2e-02) | 5.74e+01 |  2:4.8e-03  6:4.5e-02
  335 ,   3351 : 2.9532456365884e+00 +(1e-02,3e-02) | 5.75e+01 |  2:4.8e-03  6:4.4e-02
  336 ,   3361 : 2.9548783666861e+00 +(1e-02,2e-02) | 5.82e+01 |  2:4.8e-03  6:4.4e-02
  337 ,   3371 : 2.9547181807032e+00 +(9e-03,2e-02) | 5.84e+01 |  2:4.8e-03  6:4.4e-02
  338 ,   3381 : 2.9582090400043e+00 +(1e-02,3e-02) | 5.85e+01 |  2:4.7e-03  6:4.4e-02
  339 ,   3391 : 2.9549112505668e+00 +(1e-02,2e-02) | 5.91e+01 |  2:5.3e-03  6:5.1e-02
Iterat, #Fevals:   Function Value    (median,worst) |Axis Ratio|idx:Min SD idx:Max SD
  340 ,   3401 : 2.9632482328025e+00 +(6e-03,2e-02) | 6.08e+01 |  2:5.1e-03  6:5.0e-02
  341 ,   3411 : 2.9584403456527e+00 +(1e-02,2e-02) | 6.08e+01 |  2:4.7e-03  6:4.7e-02
  342 ,   3421 : 2.9549993184153e+00 +(1e-02,3e-02) | 6.35e+01 |  2:4.8e-03  6:4.8e-02
  343 ,   3431 : 2.9620535453917e+00 +(1e-02,1e-02) | 6.20e+01 |  2:5.3e-03  6:5.2e-02
  344 ,   3441 : 2.9550200233879e+00 +(1e-02,2e-02) | 6.19e+01 |  2:5.7e-03  6:5.6e-02
  345 ,   3451 : 2.9542153016196e+00 +(2e-02,3e-02) | 6.12e+01 |  2:5.5e-03  6:5.5e-02
  346 ,   3461 : 2.9561227871480e+00 +(1e-02,2e-02) | 6.04e+01 |  2:5.1e-03  6:5.2e-02
  347 ,   3471 : 2.9580136775766e+00 +(1e-02,2e-02) | 6.05e+01 |  2:5.4e-03  6:5.4e-02
  348 ,   3481 : 2.9561985149924e+00 +(1e-02,2e-02) | 5.98e+01 |  2:5.9e-03  6:5.8e-02
  349 ,   3491 : 2.9522530976726e+00 +(1e-02,2e-02) | 5.93e+01 |  2:6.1e-03  6:5.9e-02
Iterat, #Fevals:   Function Value    (median,worst) |Axis Ratio|idx:Min SD idx:Max SD
  350 ,   3501 : 2.9535335147078e+00 +(2e-02,3e-02) | 5.91e+01 |  2:6.4e-03  6:6.1e-02
  351 ,   3511 : 2.9563483754126e+00 +(1e-02,2e-02) | 5.90e+01 |  2:6.5e-03  6:6.2e-02
  352 ,   3521 : 2.9523341725977e+00 +(1e-02,2e-02) | 5.86e+01 |  2:6.4e-03  6:5.9e-02
  353 ,   3531 : 2.9520966700610e+00 +(2e-02,4e-02) | 5.93e+01 |  2:6.0e-03  6:5.5e-02
  354 ,   3541 : 2.9574143638896e+00 +(1e-02,2e-02) | 6.03e+01 |  2:5.6e-03  6:5.1e-02
  355 ,   3551 : 2.9529868378856e+00 +(1e-02,2e-02) | 6.36e+01 |  2:5.4e-03  6:5.1e-02
  356 ,   3561 : 2.9637291845831e+00 +(6e-03,1e-02) | 6.41e+01 |  2:5.2e-03  6:4.9e-02
  357 ,   3571 : 2.9524388684808e+00 +(9e-03,3e-02) | 6.37e+01 |  2:5.5e-03  6:5.1e-02
  358 ,   3581 : 2.9569950332880e+00 +(9e-03,2e-02) | 6.00e+01 |  2:6.7e-03  6:5.8e-02
  359 ,   3591 : 2.9564903376669e+00 +(2e-02,3e-02) | 6.00e+01 |  2:6.8e-03  6:5.8e-02
Iterat, #Fevals:   Function Value    (median,worst) |Axis Ratio|idx:Min SD idx:Max SD
  360 ,   3601 : 2.9593247790768e+00 +(9e-03,2e-02) | 6.09e+01 |  2:6.7e-03  6:5.7e-02
  361 ,   3611 : 2.9552905979482e+00 +(1e-02,2e-02) | 6.08e+01 |  2:6.0e-03  6:5.0e-02
  362 ,   3621 : 2.9572149127076e+00 +(1e-02,2e-02) | 6.22e+01 |  2:5.9e-03  6:4.9e-02
  363 ,   3631 : 2.9534559175684e+00 +(2e-02,2e-02) | 6.21e+01 |  2:5.9e-03  6:5.0e-02
  364 ,   3641 : 2.9521631735997e+00 +(2e-02,3e-02) | 6.25e+01 |  2:6.1e-03  6:5.1e-02
  365 ,   3651 : 2.9628063010311e+00 +(8e-03,1e-02) | 6.26e+01 |  2:6.3e-03  6:5.1e-02
  366 ,   3661 : 2.9526713683682e+00 +(1e-02,3e-02) | 6.21e+01 |  2:6.5e-03  6:5.0e-02
  367 ,   3671 : 2.9559611940024e+00 +(1e-02,2e-02) | 6.23e+01 |  2:6.8e-03  6:5.1e-02
  368 ,   3681 : 2.9646932712647e+00 +(7e-03,2e-02) | 6.28e+01 |  2:6.5e-03  6:4.9e-02
  369 ,   3691 : 2.9548165019148e+00 +(1e-02,2e-02) | 6.30e+01 |  2:6.5e-03  1:4.7e-02
Iterat, #Fevals:   Function Value    (median,worst) |Axis Ratio|idx:Min SD idx:Max SD
  370 ,   3701 : 2.9581000960929e+00 +(1e-02,1e-02) | 6.37e+01 |  2:6.5e-03  6:4.9e-02
  371 ,   3711 : 2.9595938516751e+00 +(5e-03,2e-02) | 6.32e+01 |  2:6.5e-03  6:4.9e-02
  372 ,   3721 : 2.9586051974047e+00 +(1e-02,2e-02) | 6.23e+01 |  2:6.5e-03  6:4.8e-02
  373 ,   3731 : 2.9549049013586e+00 +(1e-02,2e-02) | 6.02e+01 |  2:6.5e-03  6:4.7e-02
  374 ,   3741 : 2.9545954201008e+00 +(1e-02,3e-02) | 6.18e+01 |  2:6.7e-03  6:4.8e-02
  375 ,   3751 : 2.9567772814463e+00 +(1e-02,2e-02) | 6.21e+01 |  2:6.2e-03  1:4.4e-02
  376 ,   3761 : 2.9629881755971e+00 +(4e-03,1e-02) | 6.22e+01 |  2:5.8e-03  1:4.2e-02
  377 ,   3771 : 2.9627227774757e+00 +(4e-03,8e-03) | 6.22e+01 |  2:5.3e-03  1:3.9e-02
  378 ,   3781 : 2.9511996825473e+00 +(1e-02,3e-02) | 6.34e+01 |  2:5.4e-03  1:3.8e-02
  379 ,   3791 : 2.9654313928119e+00 +(3e-03,8e-03) | 6.25e+01 |  2:5.2e-03  1:3.7e-02
Iterat, #Fevals:   Function Value    (median,worst) |Axis Ratio|idx:Min SD idx:Max SD
  380 ,   3801 : 2.9625922459059e+00 +(6e-03,1e-02) | 6.26e+01 |  2:5.3e-03  6:3.8e-02
  381 ,   3811 : 2.9532174346934e+00 +(2e-02,2e-02) | 6.37e+01 |  2:4.8e-03  1:3.5e-02
  382 ,   3821 : 2.9640781657609e+00 +(3e-03,1e-02) | 6.43e+01 |  2:4.5e-03  6:3.3e-02
  383 ,   3831 : 2.9537186827751e+00 +(1e-02,2e-02) | 6.61e+01 |  2:4.1e-03  6:3.1e-02
  384 ,   3841 : 2.9508988143568e+00 +(1e-02,3e-02) | 6.54e+01 |  2:3.7e-03  6:2.9e-02
  385 ,   3851 : 2.9555049646541e+00 +(1e-02,2e-02) | 6.59e+01 |  2:3.6e-03  6:2.8e-02
  386 ,   3861 : 2.9559415621719e+00 +(2e-02,3e-02) | 6.63e+01 |  2:3.5e-03  6:2.8e-02
  387 ,   3871 : 2.9547524832057e+00 +(9e-03,2e-02) | 6.67e+01 |  2:3.6e-03  6:2.8e-02
  388 ,   3881 : 2.9650683204333e+00 +(4e-03,1e-02) | 6.73e+01 |  2:3.5e-03  6:2.9e-02
  389 ,   3891 : 2.9592589233123e+00 +(1e-02,2e-02) | 6.87e+01 |  2:3.5e-03  6:2.9e-02
Iterat, #Fevals:   Function Value    (median,worst) |Axis Ratio|idx:Min SD idx:Max SD
  390 ,   3901 : 2.9468163033663e+00 +(2e-02,3e-02) | 6.98e+01 |  2:3.2e-03  6:2.7e-02
  391 ,   3911 : 2.9575088183785e+00 +(1e-02,2e-02) | 7.01e+01 |  2:3.4e-03  6:2.7e-02
  392 ,   3921 : 2.9619583978596e+00 +(9e-03,1e-02) | 7.04e+01 |  2:2.9e-03  6:2.3e-02
  393 ,   3931 : 2.9570449441729e+00 +(8e-03,1e-02) | 7.07e+01 |  2:2.5e-03  6:2.0e-02
  394 ,   3941 : 2.9637750451747e+00 +(3e-03,1e-02) | 7.12e+01 |  2:2.4e-03  6:1.9e-02
  395 ,   3951 : 2.9565475885254e+00 +(1e-02,2e-02) | 7.13e+01 |  2:2.2e-03  6:1.8e-02
  396 ,   3961 : 2.9547343503732e+00 +(1e-02,2e-02) | 7.06e+01 |  2:2.1e-03  6:1.7e-02
  397 ,   3971 : 2.9527361044727e+00 +(1e-02,3e-02) | 7.16e+01 |  2:2.2e-03  6:1.8e-02
  398 ,   3981 : 2.9521294453241e+00 +(1e-02,2e-02) | 7.43e+01 |  2:2.2e-03  6:1.8e-02
  399 ,   3991 : 2.9541310016737e+00 +(1e-02,2e-02) | 7.39e+01 |  2:2.1e-03  6:1.7e-02
Iterat, #Fevals:   Function Value    (median,worst) |Axis Ratio|idx:Min SD idx:Max SD
  400 ,   4001 : 2.9644567671258e+00 +(2e-03,1e-02) | 7.43e+01 |  2:2.3e-03  6:1.9e-02
  401 ,   4011 : 2.9578251488225e+00 +(1e-02,1e-02) | 7.71e+01 |  2:2.4e-03  6:2.0e-02
  402 ,   4021 : 2.9656075708722e+00 +(4e-03,2e-02) | 7.97e+01 |  2:2.2e-03  8:1.8e-02
  403 ,   4031 : 2.9601348480446e+00 +(7e-03,1e-02) | 7.97e+01 |  2:2.2e-03  6:1.9e-02
  404 ,   4041 : 2.9643135912838e+00 +(1e-03,7e-03) | 7.84e+01 |  2:2.3e-03  6:1.9e-02
  405 ,   4051 : 2.9528292321631e+00 +(1e-02,2e-02) | 7.79e+01 |  2:2.3e-03  6:2.0e-02
  406 ,   4061 : 2.9593782717349e+00 +(8e-03,2e-02) | 7.47e+01 |  2:2.2e-03  6:2.0e-02
  407 ,   4071 : 2.9542516676585e+00 +(1e-02,2e-02) | 7.60e+01 |  2:2.4e-03  6:2.2e-02
  408 ,   4081 : 2.9545428537004e+00 +(7e-03,2e-02) | 7.60e+01 |  2:2.3e-03  6:2.2e-02
  409 ,   4091 : 2.9611212954241e+00 +(9e-03,2e-02) | 7.71e+01 |  2:2.3e-03  6:2.2e-02
Iterat, #Fevals:   Function Value    (median,worst) |Axis Ratio|idx:Min SD idx:Max SD
  410 ,   4101 : 2.9510849982848e+00 +(1e-02,2e-02) | 7.92e+01 |  2:2.5e-03  6:2.3e-02
  411 ,   4111 : 2.9537959614669e+00 +(1e-02,2e-02) | 8.06e+01 |  2:2.4e-03  6:2.2e-02
  412 ,   4121 : 2.9545547689787e+00 +(1e-02,2e-02) | 7.84e+01 |  2:2.3e-03  6:2.0e-02
  413 ,   4131 : 2.9517670627005e+00 +(1e-02,2e-02) | 8.13e+01 |  2:2.4e-03  6:2.0e-02
  414 ,   4141 : 2.9519067139939e+00 +(1e-02,3e-02) | 8.19e+01 |  2:2.4e-03  6:2.1e-02
  415 ,   4151 : 2.9513455020520e+00 +(1e-02,2e-02) | 8.17e+01 |  2:2.5e-03  6:2.1e-02
  416 ,   4161 : 2.9519690216070e+00 +(2e-02,3e-02) | 8.22e+01 |  2:2.7e-03  6:2.3e-02
  417 ,   4171 : 2.9546374897633e+00 +(1e-02,2e-02) | 8.76e+01 |  2:2.6e-03  1:2.3e-02
  418 ,   4181 : 2.9550727817036e+00 +(1e-02,3e-02) | 8.97e+01 |  2:2.7e-03  1:2.4e-02
  419 ,   4191 : 2.9654989861489e+00 +(5e-03,1e-02) | 9.02e+01 |  2:2.5e-03  1:2.3e-02
Iterat, #Fevals:   Function Value    (median,worst) |Axis Ratio|idx:Min SD idx:Max SD
  420 ,   4201 : 2.9566673286422e+00 +(9e-03,2e-02) | 9.13e+01 |  2:2.6e-03  1:2.3e-02
  421 ,   4211 : 2.9528912344451e+00 +(2e-02,3e-02) | 9.07e+01 |  2:2.6e-03  8:2.3e-02
  422 ,   4221 : 2.9631336083338e+00 +(4e-03,1e-02) | 9.10e+01 |  2:2.7e-03  8:2.4e-02
  423 ,   4231 : 2.9514531604658e+00 +(2e-02,2e-02) | 9.24e+01 |  2:3.1e-03  8:2.8e-02
  424 ,   4241 : 2.9521357183652e+00 +(2e-02,2e-02) | 9.58e+01 |  2:3.6e-03  8:3.4e-02
  425 ,   4251 : 2.9550621491383e+00 +(1e-02,2e-02) | 9.90e+01 |  2:3.7e-03  8:3.4e-02
  426 ,   4261 : 2.9592046102992e+00 +(9e-03,1e-02) | 1.01e+02 |  2:3.6e-03  8:3.4e-02
  427 ,   4271 : 2.9634777754235e+00 +(4e-03,1e-02) | 1.03e+02 |  2:3.5e-03  8:3.3e-02
  428 ,   4281 : 2.9543315116044e+00 +(9e-03,2e-02) | 1.04e+02 |  2:3.9e-03  8:3.6e-02
  429 ,   4291 : 2.9515544941697e+00 +(2e-02,2e-02) | 1.07e+02 |  2:3.9e-03  8:3.7e-02
Iterat, #Fevals:   Function Value    (median,worst) |Axis Ratio|idx:Min SD idx:Max SD
  430 ,   4301 : 2.9561992812098e+00 +(1e-02,1e-02) | 1.08e+02 |  2:4.0e-03  8:3.8e-02
  431 ,   4311 : 2.9531295119572e+00 +(1e-02,2e-02) | 1.07e+02 |  2:4.2e-03  8:4.0e-02
  432 ,   4321 : 2.9539963699570e+00 +(1e-02,3e-02) | 1.07e+02 |  2:4.2e-03  8:4.0e-02
  433 ,   4331 : 2.9544609807256e+00 +(1e-02,2e-02) | 1.07e+02 |  2:3.7e-03  8:3.5e-02
  434 ,   4341 : 2.9560959508731e+00 +(1e-02,2e-02) | 1.06e+02 |  2:3.4e-03  8:3.2e-02
  435 ,   4351 : 2.9553497433455e+00 +(9e-03,2e-02) | 1.05e+02 |  2:3.0e-03  8:2.9e-02
  436 ,   4361 : 2.9627259936467e+00 +(5e-03,2e-02) | 1.04e+02 |  2:2.8e-03  8:2.8e-02
  437 ,   4371 : 2.9541593987800e+00 +(1e-02,2e-02) | 1.06e+02 |  2:2.9e-03  8:2.8e-02
  438 ,   4381 : 2.9529458608488e+00 +(1e-02,2e-02) | 1.06e+02 |  2:2.6e-03  8:2.5e-02
  439 ,   4391 : 2.9527164812847e+00 +(5e-03,2e-02) | 1.03e+02 |  2:2.7e-03  8:2.6e-02
Iterat, #Fevals:   Function Value    (median,worst) |Axis Ratio|idx:Min SD idx:Max SD
  440 ,   4401 : 2.9527382459473e+00 +(1e-02,2e-02) | 1.03e+02 |  2:2.7e-03  8:2.6e-02
  441 ,   4411 : 2.9564673707261e+00 +(9e-03,2e-02) | 1.02e+02 |  2:2.8e-03  8:2.6e-02
  442 ,   4421 : 2.9555214800937e+00 +(1e-02,2e-02) | 1.00e+02 |  2:2.8e-03  8:2.5e-02
  443 ,   4431 : 2.9526706691932e+00 +(2e-02,2e-02) | 1.02e+02 |  2:2.7e-03  8:2.6e-02
  444 ,   4441 : 2.9631090147118e+00 +(4e-03,2e-02) | 1.03e+02 |  2:2.6e-03  8:2.5e-02
  445 ,   4451 : 2.9539422120740e+00 +(1e-02,2e-02) | 1.03e+02 |  2:2.4e-03  8:2.3e-02
  446 ,   4461 : 2.9532800863435e+00 +(1e-02,2e-02) | 1.06e+02 |  2:2.4e-03  8:2.2e-02
  447 ,   4471 : 2.9629643635451e+00 +(3e-03,2e-02) | 1.07e+02 |  2:2.2e-03  6:2.1e-02
  448 ,   4481 : 2.9525779742432e+00 +(1e-02,2e-02) | 1.03e+02 |  2:2.3e-03  8:2.0e-02
  449 ,   4491 : 2.9516165646200e+00 +(1e-02,3e-02) | 1.04e+02 |  2:2.3e-03  8:2.0e-02
Iterat, #Fevals:   Function Value    (median,worst) |Axis Ratio|idx:Min SD idx:Max SD
  450 ,   4501 : 2.9533837627206e+00 +(1e-02,2e-02) | 1.10e+02 |  2:2.5e-03  8:2.3e-02
  451 ,   4511 : 2.9605586395975e+00 +(8e-03,2e-02) | 1.12e+02 |  2:2.4e-03  8:2.3e-02
  452 ,   4521 : 2.9558448404424e+00 +(9e-03,2e-02) | 1.16e+02 |  2:2.9e-03  6:2.6e-02
  453 ,   4531 : 2.9562900644872e+00 +(1e-02,3e-02) | 1.18e+02 |  2:2.9e-03  6:2.6e-02
  454 ,   4541 : 2.9571447017193e+00 +(8e-03,2e-02) | 1.19e+02 |  2:3.1e-03  6:2.8e-02
  455 ,   4551 : 2.9551639528562e+00 +(8e-03,3e-02) | 1.23e+02 |  2:3.2e-03  6:3.0e-02
  456 ,   4561 : 2.9657966350765e+00 +(4e-03,6e-03) | 1.28e+02 |  2:3.3e-03  6:3.2e-02
  457 ,   4571 : 2.9630903373115e+00 +(7e-03,1e-02) | 1.29e+02 |  2:3.3e-03  6:3.3e-02
  458 ,   4581 : 2.9637853974164e+00 +(6e-03,2e-02) | 1.29e+02 |  2:3.4e-03  6:3.3e-02
  459 ,   4591 : 2.9555656239558e+00 +(1e-02,3e-02) | 1.29e+02 |  2:3.3e-03  6:3.1e-02
Iterat, #Fevals:   Function Value    (median,worst) |Axis Ratio|idx:Min SD idx:Max SD
  460 ,   4601 : 2.9550617091466e+00 +(1e-02,2e-02) | 1.31e+02 |  2:3.5e-03  6:3.5e-02
  461 ,   4611 : 2.9470638884498e+00 +(2e-02,3e-02) | 1.35e+02 |  2:3.8e-03  6:3.9e-02
  462 ,   4621 : 2.9586629364911e+00 +(1e-02,1e-02) | 1.39e+02 |  2:3.3e-03  6:3.5e-02
  463 ,   4631 : 2.9633482139486e+00 +(3e-03,7e-03) | 1.39e+02 |  2:3.2e-03  6:3.5e-02
  464 ,   4641 : 2.9549170873742e+00 +(1e-02,3e-02) | 1.40e+02 |  2:3.0e-03  6:3.4e-02
  465 ,   4651 : 2.9556256845949e+00 +(9e-03,2e-02) | 1.49e+02 |  2:3.1e-03  6:3.6e-02
  466 ,   4661 : 2.9547985825639e+00 +(8e-03,1e-02) | 1.52e+02 |  2:3.2e-03  6:3.9e-02
  467 ,   4671 : 2.9582753410944e+00 +(9e-03,2e-02) | 1.52e+02 |  2:3.2e-03  6:3.9e-02
  468 ,   4681 : 2.9634332867904e+00 +(7e-03,2e-02) | 1.52e+02 |  2:3.1e-03  6:3.8e-02
  469 ,   4691 : 2.9564627473380e+00 +(1e-02,2e-02) | 1.50e+02 |  2:3.0e-03  6:3.7e-02
Iterat, #Fevals:   Function Value    (median,worst) |Axis Ratio|idx:Min SD idx:Max SD
  470 ,   4701 : 2.9554636295567e+00 +(1e-02,3e-02) | 1.49e+02 |  2:3.0e-03  6:3.6e-02
  471 ,   4711 : 2.9470853665949e+00 +(1e-02,3e-02) | 1.52e+02 |  2:3.1e-03  6:3.9e-02
  472 ,   4721 : 2.9611684940995e+00 +(9e-03,2e-02) | 1.53e+02 |  2:2.8e-03  6:3.5e-02
  473 ,   4731 : 2.9601251821701e+00 +(1e-02,2e-02) | 1.54e+02 |  2:2.7e-03  6:3.4e-02
  474 ,   4741 : 2.9673119356288e+00 +(3e-03,8e-03) | 1.56e+02 |  2:2.6e-03  6:3.3e-02
  475 ,   4751 : 2.9529069699457e+00 +(1e-02,2e-02) | 1.56e+02 |  2:2.3e-03  6:3.0e-02
  476 ,   4761 : 2.9643149715453e+00 +(4e-03,9e-03) | 1.54e+02 |  2:2.2e-03  6:2.8e-02
  477 ,   4771 : 2.9584949133967e+00 +(8e-03,1e-02) | 1.56e+02 |  2:2.2e-03  6:2.8e-02
  478 ,   4781 : 2.9633122553369e+00 +(8e-03,2e-02) | 1.60e+02 |  2:2.3e-03  6:2.9e-02
  479 ,   4791 : 2.9638836251622e+00 +(3e-03,1e-02) | 1.60e+02 |  2:2.3e-03  6:3.0e-02
Iterat, #Fevals:   Function Value    (median,worst) |Axis Ratio|idx:Min SD idx:Max SD
  480 ,   4801 : 2.9555835149327e+00 +(1e-02,2e-02) | 1.60e+02 |  2:2.5e-03  6:3.2e-02
  481 ,   4811 : 2.9572592461771e+00 +(9e-03,2e-02) | 1.60e+02 |  2:2.7e-03  6:3.4e-02
  482 ,   4821 : 2.9540013134459e+00 +(1e-02,3e-02) | 1.57e+02 |  2:2.7e-03  6:3.4e-02
  483 ,   4831 : 2.9579081834289e+00 +(9e-03,2e-02) | 1.60e+02 |  2:2.6e-03  6:3.3e-02
  484 ,   4841 : 2.9546916091030e+00 +(1e-02,2e-02) | 1.60e+02 |  2:2.7e-03  6:3.4e-02
  485 ,   4851 : 2.9546584630093e+00 +(1e-02,2e-02) | 1.59e+02 |  2:2.7e-03  6:3.3e-02
  486 ,   4861 : 2.9541453837022e+00 +(1e-02,2e-02) | 1.58e+02 |  2:2.5e-03  6:3.1e-02
  487 ,   4871 : 2.9497873246386e+00 +(2e-02,2e-02) | 1.65e+02 |  2:2.6e-03  6:3.3e-02
  488 ,   4881 : 2.9519474594674e+00 +(9e-03,3e-02) | 1.71e+02 |  2:2.8e-03  6:3.5e-02
  489 ,   4891 : 2.9546313459710e+00 +(2e-02,3e-02) | 1.74e+02 |  2:2.8e-03  6:3.6e-02
Iterat, #Fevals:   Function Value    (median,worst) |Axis Ratio|idx:Min SD idx:Max SD
  490 ,   4901 : 2.9535659109653e+00 +(1e-02,2e-02) | 1.79e+02 |  2:2.6e-03  6:3.5e-02
  491 ,   4911 : 2.9548618013330e+00 +(1e-02,2e-02) | 1.85e+02 |  2:2.7e-03  6:3.6e-02
  492 ,   4921 : 2.9539697545441e+00 +(1e-02,2e-02) | 1.86e+02 |  2:2.4e-03  6:3.3e-02
  493 ,   4931 : 2.9642267386615e+00 +(4e-03,2e-02) | 1.88e+02 |  2:2.6e-03  6:3.5e-02
  494 ,   4941 : 2.9542458844363e+00 +(1e-02,2e-02) | 1.88e+02 |  2:2.7e-03  6:3.4e-02
  495 ,   4951 : 2.9529290941894e+00 +(2e-02,3e-02) | 1.92e+02 |  2:2.7e-03  6:3.5e-02
  496 ,   4961 : 2.9544654111967e+00 +(1e-02,2e-02) | 1.85e+02 |  2:2.7e-03  6:3.4e-02
  497 ,   4971 : 2.9519682742293e+00 +(1e-02,2e-02) | 1.90e+02 |  2:2.6e-03  6:3.4e-02
  498 ,   4981 : 2.9538750392757e+00 +(1e-02,3e-02) | 1.90e+02 |  2:2.4e-03  6:3.2e-02
  499 ,   4991 : 2.9532726613920e+00 +(1e-02,2e-02) | 1.90e+02 |  2:2.3e-03  6:3.0e-02
Iterat, #Fevals:   Function Value    (median,worst) |Axis Ratio|idx:Min SD idx:Max SD
  500 ,   5001 : 2.9554311421571e+00 +(1e-02,2e-02) | 1.87e+02 |  2:2.2e-03  6:2.9e-02
  501 ,   5011 : 2.9523683651897e+00 +(1e-02,2e-02) | 1.84e+02 |  2:2.1e-03  6:2.8e-02
  502 ,   5021 : 2.9539011464927e+00 +(1e-02,2e-02) | 1.85e+02 |  2:2.1e-03  6:2.7e-02
  503 ,   5031 : 2.9532995616895e+00 +(1e-02,2e-02) | 1.85e+02 |  2:1.8e-03  6:2.3e-02
  504 ,   5041 : 2.9477806079623e+00 +(2e-02,3e-02) | 1.85e+02 |  2:1.9e-03  6:2.4e-02
  505 ,   5051 : 2.9555332744232e+00 +(1e-02,2e-02) | 1.88e+02 |  2:2.2e-03  6:2.7e-02
  506 ,   5061 : 2.9548598119870e+00 +(1e-02,2e-02) | 1.93e+02 |  2:2.4e-03  6:3.1e-02
  507 ,   5071 : 2.9526089346531e+00 +(7e-03,3e-02) | 1.89e+02 |  2:2.6e-03  6:3.3e-02
  508 ,   5081 : 2.9544313314784e+00 +(9e-03,2e-02) | 1.91e+02 |  2:3.0e-03  6:3.8e-02
  509 ,   5091 : 2.9537202564635e+00 +(1e-02,3e-02) | 1.93e+02 |  2:3.1e-03  6:4.0e-02
Iterat, #Fevals:   Function Value    (median,worst) |Axis Ratio|idx:Min SD idx:Max SD
  510 ,   5101 : 2.9510394799479e+00 +(2e-02,2e-02) | 1.94e+02 |  2:3.5e-03  6:4.4e-02
  511 ,   5111 : 2.9621823450994e+00 +(6e-03,1e-02) | 1.98e+02 |  2:3.8e-03  6:4.6e-02
  512 ,   5121 : 2.9522788696961e+00 +(2e-02,2e-02) | 1.99e+02 |  2:3.9e-03  6:4.7e-02
  513 ,   5131 : 2.9522023925554e+00 +(2e-02,2e-02) | 2.02e+02 |  2:4.5e-03  6:5.4e-02
  514 ,   5141 : 2.9577457546725e+00 +(7e-03,1e-02) | 2.05e+02 |  2:5.3e-03  6:6.4e-02
  515 ,   5151 : 2.9529190810617e+00 +(1e-02,2e-02) | 2.07e+02 |  2:5.7e-03  6:6.8e-02
  516 ,   5161 : 2.9632243786789e+00 +(5e-03,1e-02) | 2.00e+02 |  2:5.6e-03  6:6.8e-02
  517 ,   5171 : 2.9511304875330e+00 +(2e-02,3e-02) | 2.02e+02 |  2:5.9e-03  6:7.1e-02
  518 ,   5181 : 2.9582850552546e+00 +(7e-03,1e-02) | 2.03e+02 |  2:5.8e-03  6:7.1e-02
  519 ,   5191 : 2.9555537572158e+00 +(1e-02,2e-02) | 2.03e+02 |  2:6.0e-03  6:7.3e-02
Iterat, #Fevals:   Function Value    (median,worst) |Axis Ratio|idx:Min SD idx:Max SD
  520 ,   5201 : 2.9596063458393e+00 +(7e-03,3e-02) | 2.04e+02 |  2:5.9e-03  6:7.1e-02
  521 ,   5211 : 2.9559614266890e+00 +(1e-02,3e-02) | 2.08e+02 |  2:6.0e-03  6:7.2e-02
  522 ,   5221 : 2.9457455967632e+00 +(2e-02,4e-02) | 2.13e+02 |  2:6.2e-03  6:7.4e-02
  523 ,   5231 : 2.9531282355908e+00 +(2e-02,3e-02) | 2.22e+02 |  2:6.2e-03  6:7.5e-02
  524 ,   5241 : 2.9519689869693e+00 +(2e-02,2e-02) | 2.26e+02 |  2:6.0e-03  6:7.3e-02
  525 ,   5251 : 2.9563988152046e+00 +(1e-02,2e-02) | 2.27e+02 |  2:5.7e-03  6:6.9e-02
  526 ,   5261 : 2.9557637441549e+00 +(8e-03,1e-02) | 2.23e+02 |  2:5.6e-03  6:6.6e-02
  527 ,   5271 : 2.9502021116334e+00 +(2e-02,4e-02) | 2.25e+02 |  2:5.6e-03  6:6.4e-02
  528 ,   5281 : 2.9521628240445e+00 +(1e-02,2e-02) | 2.22e+02 |  2:5.5e-03  6:6.2e-02
  529 ,   5291 : 2.9557315429813e+00 +(9e-03,2e-02) | 2.25e+02 |  2:5.5e-03  6:6.3e-02
Iterat, #Fevals:   Function Value    (median,worst) |Axis Ratio|idx:Min SD idx:Max SD
  530 ,   5301 : 2.9529476945106e+00 +(1e-02,2e-02) | 2.25e+02 |  2:5.5e-03  6:6.4e-02
  531 ,   5311 : 2.9610233798382e+00 +(2e-03,8e-03) | 2.24e+02 |  2:5.3e-03  6:6.2e-02
  532 ,   5321 : 2.9521817769204e+00 +(2e-02,2e-02) | 2.27e+02 |  2:5.2e-03  6:6.3e-02
  533 ,   5331 : 2.9516447723758e+00 +(2e-02,3e-02) | 2.31e+02 |  2:5.4e-03  6:6.6e-02
  534 ,   5341 : 2.9633689196913e+00 +(7e-03,2e-02) | 2.29e+02 |  2:5.4e-03  6:6.6e-02
  535 ,   5351 : 2.9531650594026e+00 +(1e-02,2e-02) | 2.41e+02 |  2:6.2e-03  6:7.8e-02
  536 ,   5361 : 2.9567979841848e+00 +(9e-03,2e-02) | 2.43e+02 |  2:5.9e-03  6:7.4e-02
  537 ,   5371 : 2.9649734741936e+00 +(4e-03,1e-02) | 2.38e+02 |  2:5.7e-03  6:7.3e-02
  538 ,   5381 : 2.9542191770809e+00 +(2e-02,2e-02) | 2.39e+02 |  2:5.2e-03  6:6.6e-02
  539 ,   5391 : 2.9541452237548e+00 +(1e-02,2e-02) | 2.50e+02 |  2:5.4e-03  6:7.0e-02
Iterat, #Fevals:   Function Value    (median,worst) |Axis Ratio|idx:Min SD idx:Max SD
  540 ,   5401 : 2.9560852054062e+00 +(1e-02,2e-02) | 2.57e+02 |  2:6.2e-03  6:8.0e-02
  541 ,   5411 : 2.9533805471046e+00 +(1e-02,2e-02) | 2.60e+02 |  2:6.8e-03  6:8.4e-02
  542 ,   5421 : 2.9503076586634e+00 +(2e-02,3e-02) | 2.75e+02 |  2:7.4e-03  6:9.3e-02
  543 ,   5431 : 2.9636965967314e+00 +(7e-03,3e-02) | 2.74e+02 |  2:8.0e-03  6:9.9e-02
  544 ,   5441 : 2.9549235383395e+00 +(1e-02,2e-02) | 2.78e+02 |  2:8.5e-03  6:1.0e-01
  545 ,   5451 : 2.9478376690351e+00 +(2e-02,3e-02) | 2.78e+02 |  2:7.8e-03  6:9.4e-02
  546 ,   5461 : 2.9553805664885e+00 +(1e-02,2e-02) | 2.78e+02 |  2:7.1e-03  6:8.5e-02
  547 ,   5471 : 2.9549007805547e+00 +(1e-02,3e-02) | 2.82e+02 |  2:6.9e-03  6:8.3e-02
  548 ,   5481 : 2.9518283454771e+00 +(1e-02,3e-02) | 2.91e+02 |  2:6.9e-03  6:8.5e-02
  549 ,   5491 : 2.9515601303455e+00 +(1e-02,3e-02) | 2.90e+02 |  2:7.0e-03  6:8.7e-02
Iterat, #Fevals:   Function Value    (median,worst) |Axis Ratio|idx:Min SD idx:Max SD
  550 ,   5501 : 2.9506280748987e+00 +(2e-02,3e-02) | 3.01e+02 |  2:7.2e-03  6:9.4e-02
  551 ,   5511 : 2.9545579901029e+00 +(2e-02,2e-02) | 3.06e+02 |  2:7.4e-03  6:9.7e-02
  552 ,   5521 : 2.9609208077330e+00 +(8e-03,2e-02) | 3.08e+02 |  2:7.8e-03  6:1.0e-01
  553 ,   5531 : 2.9635090894214e+00 +(4e-03,6e-03) | 3.25e+02 |  2:8.6e-03  6:1.2e-01
  554 ,   5541 : 2.9513658116524e+00 +(2e-02,3e-02) | 3.31e+02 |  2:1.0e-02  6:1.4e-01
  555 ,   5551 : 2.9598152460340e+00 +(7e-03,2e-02) | 3.26e+02 |  2:1.1e-02  6:1.5e-01
  556 ,   5561 : 2.9597583228837e+00 +(1e-02,2e-02) | 3.21e+02 |  2:1.1e-02  6:1.5e-01
  557 ,   5571 : 2.9546616428575e+00 +(1e-02,2e-02) | 3.14e+02 |  2:1.2e-02  6:1.6e-01
  558 ,   5581 : 2.9593748117393e+00 +(9e-03,2e-02) | 3.15e+02 |  2:1.2e-02  6:1.6e-01
  559 ,   5591 : 2.9602356451912e+00 +(1e-02,2e-02) | 3.23e+02 |  2:1.2e-02  6:1.6e-01
Iterat, #Fevals:   Function Value    (median,worst) |Axis Ratio|idx:Min SD idx:Max SD
  560 ,   5601 : 2.9585122427906e+00 +(1e-02,2e-02) | 3.21e+02 |  2:1.1e-02  6:1.5e-01
  561 ,   5611 : 2.9628954036638e+00 +(8e-03,1e-02) | 3.22e+02 |  2:1.1e-02  6:1.4e-01
  562 ,   5621 : 2.9521557009192e+00 +(2e-02,2e-02) | 3.18e+02 |  2:9.7e-03  6:1.3e-01
  563 ,   5631 : 2.9519719659525e+00 +(1e-02,2e-02) | 3.21e+02 |  2:9.0e-03  6:1.2e-01
  564 ,   5641 : 2.9593079109230e+00 +(9e-03,1e-02) | 3.15e+02 |  2:9.4e-03  6:1.2e-01
  565 ,   5651 : 2.9601653745551e+00 +(9e-03,2e-02) | 3.12e+02 |  2:9.6e-03  6:1.2e-01
  566 ,   5661 : 2.9632079480628e+00 +(6e-03,1e-02) | 3.17e+02 |  2:9.9e-03  6:1.3e-01
  567 ,   5671 : 2.9522820054792e+00 +(2e-02,2e-02) | 3.13e+02 |  2:9.4e-03  6:1.2e-01
  568 ,   5681 : 2.9585744072865e+00 +(9e-03,2e-02) | 3.07e+02 |  2:1.0e-02  6:1.3e-01
  569 ,   5691 : 2.9560032674719e+00 +(1e-02,3e-02) | 3.27e+02 |  2:1.0e-02  6:1.3e-01
Iterat, #Fevals:   Function Value    (median,worst) |Axis Ratio|idx:Min SD idx:Max SD
  570 ,   5701 : 2.9630159756619e+00 +(2e-03,1e-02) | 3.46e+02 |  2:1.0e-02  6:1.4e-01
  571 ,   5711 : 2.9612627973741e+00 +(7e-03,1e-02) | 3.60e+02 |  2:9.8e-03  6:1.4e-01
  572 ,   5721 : 2.9611967231291e+00 +(2e-03,1e-02) | 3.67e+02 |  2:9.6e-03  6:1.4e-01
  573 ,   5731 : 2.9611259533651e+00 +(7e-03,2e-02) | 3.69e+02 |  2:8.7e-03  6:1.2e-01
  574 ,   5741 : 2.9593476745659e+00 +(5e-03,1e-02) | 3.87e+02 |  2:9.1e-03  6:1.3e-01
  575 ,   5751 : 2.9578966862928e+00 +(6e-03,3e-02) | 3.91e+02 |  2:9.3e-03  6:1.4e-01
  576 ,   5761 : 2.9574638153217e+00 +(8e-03,1e-02) | 3.99e+02 |  2:1.0e-02  6:1.5e-01
  577 ,   5771 : 2.9539786121777e+00 +(1e-02,2e-02) | 4.03e+02 |  2:1.1e-02  6:1.6e-01
  578 ,   5781 : 2.9553945387524e+00 +(1e-02,2e-02) | 4.05e+02 |  2:1.2e-02  6:1.7e-01
  579 ,   5791 : 2.9567194847190e+00 +(1e-02,2e-02) | 3.96e+02 |  2:1.1e-02  6:1.6e-01
Iterat, #Fevals:   Function Value    (median,worst) |Axis Ratio|idx:Min SD idx:Max SD
  580 ,   5801 : 2.9550390884209e+00 +(1e-02,3e-02) | 3.93e+02 |  2:1.2e-02  6:1.7e-01
  581 ,   5811 : 2.9581955497328e+00 +(8e-03,2e-02) | 3.98e+02 |  2:1.2e-02  6:1.7e-01
  582 ,   5821 : 2.9627281871844e+00 +(3e-03,2e-02) | 3.96e+02 |  2:1.1e-02  6:1.6e-01
  583 ,   5831 : 2.9574891094127e+00 +(8e-03,2e-02) | 4.00e+02 |  2:1.1e-02  6:1.6e-01
  584 ,   5841 : 2.9631432295421e+00 +(5e-03,1e-02) | 3.98e+02 |  2:1.1e-02  6:1.5e-01
  585 ,   5851 : 2.9608291279686e+00 +(7e-03,1e-02) | 4.13e+02 |  2:1.0e-02  6:1.4e-01
  586 ,   5861 : 2.9527624694293e+00 +(2e-02,3e-02) | 4.11e+02 |  2:9.7e-03  6:1.4e-01
  587 ,   5871 : 2.9524246330355e+00 +(1e-02,2e-02) | 4.13e+02 |  2:9.1e-03  6:1.3e-01
  588 ,   5881 : 2.9634449768828e+00 +(7e-03,2e-02) | 4.06e+02 |  2:9.7e-03  6:1.4e-01
#Fevals:   f(returned x)   |    bestever.f     | stopflag (saved to variablescmaes187.mat)
   5882: 2.96344497688e+00 | 2.94567003679e+00 | stagnation
mean solution: +1.6e+01 +1.5e+00 +2.3e+00 +1.2e+01 +1.8e+01 +1.3e+01 +1.1e+00 +6.4e+00 +1.1e+00
std deviation:  1.1e-01  9.7e-03  2.3e-02  2.8e-02  8.4e-02  1.4e-01  3.4e-02  6.8e-02  2.9e-02
use plotcmaesdat.m for plotting the output at any time (option LogModulo must not be zero)
