
                            < M A T L A B (R) >
                  Copyright 1984-2015 The MathWorks, Inc.
                   R2015a (8.5.0.197613) 64-bit (glnxa64)
                             February 12, 2015

 
For online documentation, see http://www.mathworks.com/support
For product information, visit www.mathworks.com.
 

	Academic License

  n=9: (5,10)-CMA-ES(w=[46 27 16 9 3]%, mu_eff=3.2) on function Error
Iterat, #Fevals:   Function Value    (median,worst) |Axis Ratio|idx:Min SD idx:Max SD
    1 ,     11 : 5.1481764679360e+01 +(7e-02,3e+16) | 2.04e+01 |  3:7.9e-01  7:1.6e+01
    2 ,     21 : 1.9394348426508e+01 +(3e+01,1e+02) | 2.07e+01 |  3:8.3e-01  7:1.7e+01
    3 ,     31 : 4.5182703425153e+01 +(6e+00,7e+13) | 2.04e+01 |  3:8.0e-01  7:1.6e+01
    4 ,     41 : 3.9345188959405e+01 +(1e+01,1e+01) | 2.01e+01 |  3:7.6e-01  7:1.5e+01
    5 ,     51 : 4.6812785013334e+01 +(5e+00,3e+03) | 1.99e+01 |  3:7.1e-01  7:1.4e+01
    6 ,     61 : 5.0052074786981e+01 +(1e+00,1e+00) | 1.98e+01 |  3:6.6e-01  7:1.3e+01
    7 ,     71 : 5.1513162134532e+01 +(4e-02,6e+01) | 1.98e+01 |  3:5.8e-01  7:1.1e+01
    8 ,     81 : 5.0961158151764e+01 +(6e-01,2e+03) | 1.98e+01 |  3:5.2e-01  7:1.0e+01
    9 ,     91 : 3.1073246907014e+01 +(2e+01,2e+01) | 1.99e+01 |  3:4.6e-01  7:9.0e+00
Iterat, #Fevals:   Function Value    (median,worst) |Axis Ratio|idx:Min SD idx:Max SD
   10 ,    101 : 5.1348913028784e+01 +(2e-01,2e-01) | 1.96e+01 |  3:4.2e-01  7:8.1e+00
   11 ,    111 : 5.1490417321200e+01 +(5e-02,6e-02) | 1.97e+01 |  3:3.9e-01  7:7.5e+00
   12 ,    121 : 5.1453175893887e+01 +(7e-02,9e-02) | 1.98e+01 |  3:4.2e-01  7:7.9e+00
   13 ,    131 : 4.8399382418312e+01 +(3e+00,3e+00) | 1.96e+01 |  2:4.5e-01  7:8.4e+00
   14 ,    141 : 5.0423456167233e+01 +(1e+00,1e+00) | 1.96e+01 |  2:4.6e-01  7:8.7e+00
   15 ,    151 : 4.8627617181249e+01 +(3e+00,8e+01) | 1.96e+01 |  2:4.3e-01  7:8.0e+00
   16 ,    161 : 4.5153590060972e+01 +(6e+00,1e+03) | 1.96e+01 |  2:4.3e-01  7:8.1e+00
   17 ,    171 : 3.9495001136402e+00 +(5e+01,8e+06) | 1.95e+01 |  2:4.1e-01  7:7.7e+00
   18 ,    181 : 2.9163150695172e+01 +(2e+01,2e+01) | 1.95e+01 |  2:3.8e-01  7:7.3e+00
   19 ,    191 : 3.9346929496881e+00 +(5e+01,1e+08) | 1.95e+01 |  2:3.6e-01  7:6.9e+00
Iterat, #Fevals:   Function Value    (median,worst) |Axis Ratio|idx:Min SD idx:Max SD
   20 ,    201 : 1.3626413201940e+01 +(4e+01,1e+06) | 1.92e+01 |  2:3.7e-01  7:6.8e+00
   21 ,    211 : 9.0235484662077e+00 +(4e+01,5e+01) | 1.93e+01 |  2:3.9e-01  7:7.2e+00
   22 ,    221 : 1.0223112083528e+01 +(3e+01,3e+07) | 1.96e+01 |  3:4.1e-01  7:7.5e+00
   23 ,    231 : 2.2961464546715e+01 +(5e+02,3e+07) | 2.06e+01 |  3:4.0e-01  7:7.8e+00
   24 ,    241 : 1.1824018907430e+01 +(2e+01,4e+01) | 2.10e+01 |  3:3.8e-01  7:7.4e+00
   25 ,    251 : 1.9867348394252e+01 +(3e+01,3e+04) | 2.07e+01 |  3:3.5e-01  7:6.7e+00
   26 ,    261 : 6.3990974810069e+00 +(3e+01,3e+02) | 2.11e+01 |  3:3.3e-01  7:6.4e+00
   27 ,    271 : 5.5229807278502e+00 +(4e+01,5e+07) | 2.17e+01 |  3:3.4e-01  7:6.9e+00
   28 ,    281 : 9.9438406209434e+00 +(3e+01,6e+01) | 2.16e+01 |  3:3.5e-01  7:6.9e+00
   29 ,    291 : 9.5786138279322e+00 +(4e+01,2e+09) | 2.21e+01 |  3:3.4e-01  7:6.9e+00
Iterat, #Fevals:   Function Value    (median,worst) |Axis Ratio|idx:Min SD idx:Max SD
   30 ,    301 : 1.1406895801719e+01 +(3e+01,1e+03) | 2.26e+01 |  3:3.4e-01  7:7.0e+00
   31 ,    311 : 9.8525309093647e+00 +(4e+01,1e+09) | 2.31e+01 |  3:3.3e-01  7:6.9e+00
   32 ,    321 : 1.0204398364691e+01 +(4e+01,1e+09) | 2.33e+01 |  3:3.4e-01  7:6.8e+00
   33 ,    331 : 7.0713243857566e+00 +(4e+01,1e+04) | 2.43e+01 |  3:3.3e-01  7:6.8e+00
   34 ,    341 : 1.1399319121234e+01 +(3e+01,7e+02) | 2.45e+01 |  3:2.9e-01  7:6.0e+00
   35 ,    351 : 1.0004981782786e+01 +(1e+01,2e+08) | 2.50e+01 |  3:2.6e-01  7:5.5e+00
   36 ,    361 : 1.6233333269106e+01 +(2e+01,1e+08) | 2.51e+01 |  3:2.3e-01  7:4.7e+00
   37 ,    371 : 1.0428724287131e+01 +(3e+01,9e+07) | 2.43e+01 |  3:2.1e-01  7:4.4e+00
   38 ,    381 : 1.6221552124757e+01 +(2e+01,9e+07) | 2.41e+01 |  3:2.1e-01  8:4.4e+00
   39 ,    391 : 1.9655232780338e+01 +(2e+01,2e+03) | 2.44e+01 |  3:2.0e-01  8:4.2e+00
Iterat, #Fevals:   Function Value    (median,worst) |Axis Ratio|idx:Min SD idx:Max SD
   40 ,    401 : 1.6737386645595e+01 +(2e+01,6e+02) | 2.34e+01 |  3:2.0e-01  8:4.2e+00
   41 ,    411 : 1.3062089419983e+01 +(3e+01,1e+03) | 2.29e+01 |  3:2.0e-01  8:4.1e+00
   42 ,    421 : 9.5015656780074e+00 +(1e+01,5e+01) | 2.17e+01 |  3:2.1e-01  8:4.1e+00
   43 ,    431 : 1.1557938530963e+01 +(1e+01,9e+03) | 2.13e+01 |  3:1.9e-01  8:3.7e+00
   44 ,    441 : 1.0207975320427e+01 +(3e+01,6e+01) | 2.17e+01 |  3:1.8e-01  8:3.6e+00
   45 ,    451 : 9.5518080639033e+00 +(6e+00,1e+02) | 2.26e+01 |  3:1.8e-01  8:3.6e+00
   46 ,    461 : 9.8076864175506e+00 +(3e+00,1e+05) | 2.30e+01 |  3:1.7e-01  8:3.6e+00
   47 ,    471 : 9.9314786615467e+00 +(7e+00,7e+02) | 2.33e+01 |  3:1.6e-01  8:3.3e+00
   48 ,    481 : 1.0991326944351e+01 +(6e+00,2e+02) | 2.35e+01 |  3:1.6e-01  8:3.5e+00
   49 ,    491 : 9.8332758125842e+00 +(5e+00,7e+02) | 2.34e+01 |  3:1.6e-01  8:3.5e+00
Iterat, #Fevals:   Function Value    (median,worst) |Axis Ratio|idx:Min SD idx:Max SD
   50 ,    501 : 9.2446503550312e+00 +(9e+00,3e+01) | 2.34e+01 |  3:1.6e-01  8:3.4e+00
   51 ,    511 : 9.1833111192367e+00 +(5e+00,1e+02) | 2.36e+01 |  3:1.4e-01  8:3.0e+00
   52 ,    521 : 1.0535039865174e+01 +(2e+00,3e+02) | 2.39e+01 |  3:1.4e-01  8:3.0e+00
   53 ,    531 : 1.4022831725005e+01 +(9e+00,1e+02) | 2.46e+01 |  3:1.4e-01  8:3.2e+00
   54 ,    541 : 9.9150912722597e+00 +(2e+00,2e+01) | 2.46e+01 |  3:1.3e-01  8:3.0e+00
   55 ,    551 : 1.1222578473121e+01 +(5e+00,6e+01) | 2.46e+01 |  3:1.2e-01  8:2.6e+00
   56 ,    561 : 8.7565970359571e+00 +(2e+00,1e+01) | 2.46e+01 |  3:1.1e-01  8:2.4e+00
   57 ,    571 : 8.5435136438056e+00 +(2e+01,5e+01) | 2.44e+01 |  3:1.1e-01  8:2.4e+00
   58 ,    581 : 8.2970931404425e+00 +(2e+00,3e+01) | 2.47e+01 |  3:1.2e-01  7:2.6e+00
   59 ,    591 : 9.1577921915135e+00 +(3e+00,6e+01) | 2.44e+01 |  3:1.1e-01  7:2.3e+00
Iterat, #Fevals:   Function Value    (median,worst) |Axis Ratio|idx:Min SD idx:Max SD
   60 ,    601 : 8.2753963318346e+00 +(2e+00,8e+01) | 2.51e+01 |  3:1.2e-01  8:2.4e+00
   61 ,    611 : 8.0519976499585e+00 +(5e+00,1e+01) | 2.42e+01 |  3:1.2e-01  7:2.4e+00
   62 ,    621 : 7.9898539450127e+00 +(8e+00,3e+01) | 2.49e+01 |  3:1.2e-01  7:2.5e+00
   63 ,    631 : 7.4932968164595e+00 +(4e+00,9e+01) | 2.49e+01 |  3:1.2e-01  7:2.5e+00
   64 ,    641 : 7.7387756873510e+00 +(3e+00,2e+01) | 2.47e+01 |  3:1.2e-01  7:2.5e+00
   65 ,    651 : 6.7980941519854e+00 +(3e+00,4e+01) | 2.53e+01 |  3:1.2e-01  7:2.7e+00
   66 ,    661 : 9.5155451959612e+00 +(4e+01,1e+02) | 2.51e+01 |  3:1.2e-01  7:2.6e+00
   67 ,    671 : 6.9784920822284e+00 +(9e+00,5e+01) | 2.51e+01 |  3:1.1e-01  7:2.3e+00
   68 ,    681 : 8.5178321957996e+00 +(2e+01,4e+02) | 2.52e+01 |  3:1.0e-01  7:2.2e+00
   69 ,    691 : 8.7265535787754e+00 +(4e+00,1e+01) | 2.53e+01 |  3:9.4e-02  7:2.1e+00
Iterat, #Fevals:   Function Value    (median,worst) |Axis Ratio|idx:Min SD idx:Max SD
   70 ,    701 : 8.4417774727865e+00 +(2e+00,1e+01) | 2.56e+01 |  3:8.9e-02  7:2.0e+00
   71 ,    711 : 7.5311043773866e+00 +(2e+00,4e+01) | 2.62e+01 |  3:8.6e-02  7:2.0e+00
   72 ,    721 : 1.1497708042664e+01 +(1e+01,3e+01) | 2.70e+01 |  3:8.8e-02  7:2.0e+00
   73 ,    731 : 6.8430254762989e+00 +(2e+01,2e+02) | 2.82e+01 |  3:9.2e-02  7:2.1e+00
   74 ,    741 : 7.8492033502660e+00 +(1e+01,8e+01) | 2.86e+01 |  3:8.4e-02  8:2.0e+00
   75 ,    751 : 7.8989802923532e+00 +(3e+00,4e+01) | 2.92e+01 |  3:7.9e-02  8:1.9e+00
   76 ,    761 : 7.9603326252333e+00 +(2e+00,4e+01) | 2.93e+01 |  3:7.7e-02  8:1.9e+00
   77 ,    771 : 7.5456937175934e+00 +(4e+00,2e+01) | 2.95e+01 |  3:7.5e-02  7:1.8e+00
   78 ,    781 : 8.1955603047056e+00 +(3e+00,2e+01) | 2.94e+01 |  3:6.7e-02  7:1.6e+00
   79 ,    791 : 7.4064567099071e+00 +(2e+00,2e+01) | 2.99e+01 |  3:5.8e-02  7:1.4e+00
Iterat, #Fevals:   Function Value    (median,worst) |Axis Ratio|idx:Min SD idx:Max SD
   80 ,    801 : 7.6970621391748e+00 +(5e+00,3e+01) | 2.96e+01 |  3:6.1e-02  7:1.5e+00
   81 ,    811 : 7.5050067677809e+00 +(2e+00,4e+01) | 2.96e+01 |  3:6.3e-02  8:1.5e+00
   82 ,    821 : 7.1138098114059e+00 +(2e+00,5e+00) | 3.06e+01 |  3:6.2e-02  8:1.5e+00
   83 ,    831 : 6.9587055022159e+00 +(6e+00,2e+01) | 3.14e+01 |  3:6.7e-02  8:1.7e+00
   84 ,    841 : 6.5140302527375e+00 +(7e+00,7e+01) | 3.20e+01 |  3:6.8e-02  8:1.7e+00
   85 ,    851 : 6.1096540176294e+00 +(1e+01,2e+02) | 3.24e+01 |  3:7.0e-02  8:1.8e+00
   86 ,    861 : 6.3893002397680e+00 +(3e+00,4e+01) | 3.29e+01 |  3:7.7e-02  8:1.9e+00
   87 ,    871 : 9.9060926393691e+00 +(2e+01,3e+02) | 3.29e+01 |  3:7.8e-02  8:2.0e+00
   88 ,    881 : 5.7048982227021e+00 +(3e+00,4e+01) | 3.38e+01 |  3:7.8e-02  8:1.9e+00
   89 ,    891 : 7.5093646011390e+00 +(2e+01,6e+01) | 3.38e+01 |  3:7.7e-02  8:1.9e+00
Iterat, #Fevals:   Function Value    (median,worst) |Axis Ratio|idx:Min SD idx:Max SD
   90 ,    901 : 6.2329067151283e+00 +(2e+00,2e+01) | 3.48e+01 |  3:7.3e-02  8:1.8e+00
   91 ,    911 : 6.4205226405556e+00 +(3e+00,6e+01) | 3.46e+01 |  3:6.8e-02  8:1.7e+00
   92 ,    921 : 6.5418874314710e+00 +(3e+00,1e+01) | 3.42e+01 |  3:6.9e-02  8:1.7e+00
   93 ,    931 : 6.7356225156738e+00 +(3e+00,1e+02) | 3.44e+01 |  3:6.8e-02  8:1.7e+00
   94 ,    941 : 6.4438567821572e+00 +(4e+00,4e+01) | 3.45e+01 |  3:6.4e-02  8:1.6e+00
   95 ,    951 : 6.0735676921829e+00 +(2e+00,4e+01) | 3.47e+01 |  3:6.1e-02  8:1.5e+00
   96 ,    961 : 5.9798324520828e+00 +(2e+00,2e+01) | 3.47e+01 |  3:5.7e-02  8:1.4e+00
   97 ,    971 : 5.7737892839333e+00 +(8e-01,3e+01) | 3.56e+01 |  3:5.2e-02  8:1.3e+00
   98 ,    981 : 5.5910324410581e+00 +(1e+00,2e+01) | 3.66e+01 |  3:4.8e-02  8:1.2e+00
   99 ,    991 : 5.5686783033764e+00 +(3e+00,7e+00) | 3.75e+01 |  3:4.5e-02  8:1.2e+00
Iterat, #Fevals:   Function Value    (median,worst) |Axis Ratio|idx:Min SD idx:Max SD
  100 ,   1001 : 5.5813876841762e+00 +(2e+00,8e+01) | 3.76e+01 |  3:4.4e-02  8:1.1e+00
  101 ,   1011 : 5.7074442290079e+00 +(8e-01,3e+00) | 3.75e+01 |  3:4.4e-02  8:1.1e+00
  102 ,   1021 : 5.5518152767320e+00 +(3e+00,3e+01) | 3.85e+01 |  3:4.5e-02  8:1.2e+00
  103 ,   1031 : 6.6182058784954e+00 +(4e+00,1e+01) | 3.88e+01 |  3:4.7e-02  8:1.2e+00
  104 ,   1041 : 6.3942482684308e+00 +(2e+00,1e+01) | 3.99e+01 |  3:4.8e-02  8:1.2e+00
  105 ,   1051 : 5.5634357984112e+00 +(1e+00,2e+01) | 4.04e+01 |  3:4.2e-02  8:1.1e+00
  106 ,   1061 : 5.6693364191579e+00 +(9e-01,5e+01) | 4.08e+01 |  3:4.1e-02  8:1.1e+00
  107 ,   1071 : 5.6739256531391e+00 +(5e-01,3e+01) | 4.08e+01 |  3:3.8e-02  8:9.9e-01
  108 ,   1081 : 5.5847058051490e+00 +(9e-01,2e+01) | 4.10e+01 |  3:4.0e-02  8:9.7e-01
  109 ,   1091 : 5.7055636838771e+00 +(4e-01,3e+00) | 4.12e+01 |  2:4.2e-02  8:9.9e-01
Iterat, #Fevals:   Function Value    (median,worst) |Axis Ratio|idx:Min SD idx:Max SD
  110 ,   1101 : 5.5788574867508e+00 +(2e+00,6e+00) | 4.16e+01 |  2:4.2e-02  8:1.0e+00
  111 ,   1111 : 5.5497336036792e+00 +(2e+00,1e+01) | 4.19e+01 |  2:4.1e-02  8:9.7e-01
  112 ,   1121 : 5.5995249629859e+00 +(3e-01,7e+00) | 4.22e+01 |  2:3.7e-02  8:8.8e-01
  113 ,   1131 : 5.6326367894638e+00 +(1e+00,1e+01) | 4.31e+01 |  2:3.6e-02  8:8.5e-01
  114 ,   1141 : 5.6358863031141e+00 +(2e+00,1e+01) | 4.29e+01 |  2:3.4e-02  8:8.1e-01
  115 ,   1151 : 5.8652542293151e+00 +(5e-01,2e+00) | 4.23e+01 |  2:3.5e-02  8:8.0e-01
  116 ,   1161 : 5.6961249304981e+00 +(3e-01,4e+00) | 4.36e+01 |  2:3.4e-02  8:8.3e-01
  117 ,   1171 : 5.5864228786428e+00 +(7e-01,5e+00) | 4.57e+01 |  2:3.5e-02  8:8.9e-01
  118 ,   1181 : 5.6526466287059e+00 +(5e-01,1e+00) | 4.58e+01 |  2:3.6e-02  8:9.1e-01
  119 ,   1191 : 5.6149791531386e+00 +(5e-01,2e+00) | 4.91e+01 |  2:3.6e-02  8:9.6e-01
Iterat, #Fevals:   Function Value    (median,worst) |Axis Ratio|idx:Min SD idx:Max SD
  120 ,   1201 : 5.5569704837028e+00 +(3e-01,6e+00) | 4.97e+01 |  2:3.2e-02  8:8.6e-01
  121 ,   1211 : 5.5888624697875e+00 +(3e-01,3e+00) | 5.05e+01 |  2:3.0e-02  8:8.2e-01
  122 ,   1221 : 5.5330544728508e+00 +(3e-01,3e+00) | 5.05e+01 |  2:2.9e-02  8:7.9e-01
  123 ,   1231 : 5.5780177226682e+00 +(3e-01,3e+00) | 5.07e+01 |  2:2.7e-02  8:7.5e-01
  124 ,   1241 : 5.5431400311324e+00 +(7e-01,3e+00) | 5.09e+01 |  2:2.5e-02  8:7.0e-01
  125 ,   1251 : 5.5453615521374e+00 +(9e-01,6e+00) | 5.09e+01 |  2:2.5e-02  8:6.7e-01
  126 ,   1261 : 5.4978447417078e+00 +(2e-01,5e-01) | 5.17e+01 |  2:2.3e-02  8:6.3e-01
  127 ,   1271 : 5.5613282041273e+00 +(7e-01,1e+00) | 5.21e+01 |  2:2.3e-02  8:6.2e-01
  128 ,   1281 : 5.5356000590568e+00 +(4e-01,4e+00) | 5.19e+01 |  2:2.1e-02  8:5.7e-01
  129 ,   1291 : 5.5666754358731e+00 +(2e-01,1e+00) | 5.19e+01 |  2:2.0e-02  8:5.3e-01
Iterat, #Fevals:   Function Value    (median,worst) |Axis Ratio|idx:Min SD idx:Max SD
  130 ,   1301 : 5.5597159941208e+00 +(1e-01,6e-01) | 5.22e+01 |  2:1.9e-02  8:5.1e-01
  131 ,   1311 : 5.5721659789539e+00 +(2e-01,3e-01) | 5.25e+01 |  2:1.8e-02  8:4.9e-01
  132 ,   1321 : 5.5722295712104e+00 +(2e-01,8e-01) | 5.23e+01 |  2:1.8e-02  8:4.7e-01
  133 ,   1331 : 5.5524196960072e+00 +(8e-02,4e-01) | 5.31e+01 |  2:1.7e-02  8:4.6e-01
  134 ,   1341 : 5.5514926591131e+00 +(2e-01,1e+00) | 5.33e+01 |  2:1.6e-02  8:4.4e-01
  135 ,   1351 : 5.5456357159709e+00 +(8e-02,4e-01) | 5.38e+01 |  2:1.7e-02  8:4.5e-01
  136 ,   1361 : 5.5894592208080e+00 +(7e-02,4e-01) | 5.39e+01 |  2:1.8e-02  8:4.9e-01
  137 ,   1371 : 5.5572230843828e+00 +(1e-01,9e-01) | 5.42e+01 |  2:1.8e-02  8:4.9e-01
  138 ,   1381 : 5.5417516321091e+00 +(9e-02,3e-01) | 5.50e+01 |  2:1.8e-02  8:4.8e-01
  139 ,   1391 : 5.5472650345524e+00 +(9e-02,2e+00) | 5.61e+01 |  2:1.6e-02  8:4.6e-01
Iterat, #Fevals:   Function Value    (median,worst) |Axis Ratio|idx:Min SD idx:Max SD
  140 ,   1401 : 5.5150327157362e+00 +(1e-01,5e-01) | 5.76e+01 |  2:1.6e-02  8:4.5e-01
  141 ,   1411 : 5.5169702041299e+00 +(9e-02,2e-01) | 5.86e+01 |  2:1.5e-02  8:4.1e-01
  142 ,   1421 : 5.5444488574435e+00 +(1e-01,2e+00) | 5.93e+01 |  2:1.5e-02  8:4.0e-01
  143 ,   1431 : 5.5284920306070e+00 +(7e-02,2e-01) | 5.95e+01 |  2:1.4e-02  8:3.7e-01
  144 ,   1441 : 5.5402088433279e+00 +(2e-01,2e-01) | 5.98e+01 |  2:1.3e-02  8:3.5e-01
  145 ,   1451 : 5.5379434316510e+00 +(5e-02,1e-01) | 5.99e+01 |  2:1.2e-02  8:3.3e-01
  146 ,   1461 : 5.5185258276959e+00 +(4e-02,3e-01) | 6.05e+01 |  2:1.2e-02  8:3.2e-01
  147 ,   1471 : 5.5258708024587e+00 +(7e-02,1e-01) | 6.07e+01 |  2:1.2e-02  8:3.1e-01
  148 ,   1481 : 5.5286941847164e+00 +(7e-02,3e-01) | 6.12e+01 |  2:1.1e-02  8:3.0e-01
  149 ,   1491 : 5.5450143597060e+00 +(8e-02,3e-01) | 6.08e+01 |  2:1.1e-02  8:2.8e-01
Iterat, #Fevals:   Function Value    (median,worst) |Axis Ratio|idx:Min SD idx:Max SD
  150 ,   1501 : 5.5383888636631e+00 +(3e-02,2e-01) | 6.08e+01 |  2:1.0e-02  8:2.7e-01
  151 ,   1511 : 5.5419267495437e+00 +(1e-01,3e-01) | 6.00e+01 |  2:1.1e-02  8:2.9e-01
  152 ,   1521 : 5.5375667891064e+00 +(5e-02,1e-01) | 6.02e+01 |  2:1.0e-02  8:2.6e-01
  153 ,   1531 : 5.5369749670849e+00 +(4e-02,8e-02) | 6.12e+01 |  2:9.8e-03  8:2.5e-01
  154 ,   1541 : 5.5023141068656e+00 +(5e-02,1e-01) | 6.36e+01 |  2:1.1e-02  8:2.7e-01
  155 ,   1551 : 5.5443743056509e+00 +(8e-02,2e-01) | 6.49e+01 |  2:1.3e-02  8:3.1e-01
  156 ,   1561 : 5.5403686461736e+00 +(7e-02,1e-01) | 6.77e+01 |  2:1.3e-02  8:3.3e-01
  157 ,   1571 : 5.5242256170978e+00 +(6e-02,4e-01) | 6.93e+01 |  2:1.5e-02  8:3.5e-01
  158 ,   1581 : 5.4962187087824e+00 +(5e-02,2e-01) | 7.26e+01 |  2:1.5e-02  8:3.6e-01
  159 ,   1591 : 5.5263558584965e+00 +(8e-02,2e-01) | 7.39e+01 |  2:1.6e-02  8:3.8e-01
Iterat, #Fevals:   Function Value    (median,worst) |Axis Ratio|idx:Min SD idx:Max SD
  160 ,   1601 : 5.5243032434893e+00 +(1e-01,3e-01) | 7.47e+01 |  2:1.7e-02  8:4.1e-01
  161 ,   1611 : 5.5273474931240e+00 +(3e-02,4e-01) | 7.61e+01 |  2:1.7e-02  8:4.3e-01
  162 ,   1621 : 5.5386620666631e+00 +(3e-02,3e-01) | 7.97e+01 |  2:1.8e-02  8:4.5e-01
  163 ,   1631 : 5.5276971023275e+00 +(5e-02,1e-01) | 8.07e+01 |  2:1.6e-02  8:4.1e-01
  164 ,   1641 : 5.5435751767800e+00 +(4e-02,2e-01) | 8.27e+01 |  2:1.5e-02  8:3.9e-01
  165 ,   1651 : 5.5179143884073e+00 +(6e-02,3e-01) | 8.23e+01 |  2:1.5e-02  8:3.9e-01
  166 ,   1661 : 5.5232988001035e+00 +(3e-02,2e-01) | 8.30e+01 |  2:1.4e-02  8:3.7e-01
  167 ,   1671 : 5.5054817921031e+00 +(4e-02,2e-01) | 8.48e+01 |  2:1.5e-02  8:4.0e-01
  168 ,   1681 : 5.5217525414594e+00 +(3e-02,2e-01) | 8.53e+01 |  2:1.6e-02  8:4.2e-01
  169 ,   1691 : 5.5120780334356e+00 +(3e-02,2e-01) | 8.57e+01 |  2:1.5e-02  8:3.8e-01
Iterat, #Fevals:   Function Value    (median,worst) |Axis Ratio|idx:Min SD idx:Max SD
  170 ,   1701 : 5.5154439547612e+00 +(6e-02,3e-01) | 8.61e+01 |  2:1.4e-02  8:3.6e-01
  171 ,   1711 : 5.5150838900129e+00 +(2e-02,4e-01) | 8.77e+01 |  2:1.3e-02  8:3.5e-01
  172 ,   1721 : 5.5203969124374e+00 +(5e-02,7e-02) | 8.99e+01 |  2:1.1e-02  8:3.1e-01
  173 ,   1731 : 5.5115652966290e+00 +(3e-02,7e-02) | 9.19e+01 |  2:1.1e-02  8:3.0e-01
  174 ,   1741 : 5.5155174533219e+00 +(2e-02,8e-02) | 9.27e+01 |  2:1.1e-02  8:3.0e-01
  175 ,   1751 : 5.4827967582568e+00 +(6e-02,1e-01) | 9.26e+01 |  2:1.0e-02  8:2.8e-01
  176 ,   1761 : 5.5143833505972e+00 +(2e-02,7e-02) | 9.42e+01 |  2:9.9e-03  8:2.8e-01
  177 ,   1771 : 5.5190675123756e+00 +(2e-02,5e-02) | 9.53e+01 |  2:9.2e-03  8:2.6e-01
  178 ,   1781 : 5.5101788735117e+00 +(3e-02,5e-02) | 9.66e+01 |  2:8.6e-03  8:2.5e-01
  179 ,   1791 : 5.5143449732855e+00 +(2e-02,1e-01) | 9.58e+01 |  2:8.6e-03  8:2.4e-01
Iterat, #Fevals:   Function Value    (median,worst) |Axis Ratio|idx:Min SD idx:Max SD
  180 ,   1801 : 5.5156923375528e+00 +(2e-02,5e-02) | 9.71e+01 |  2:8.0e-03  8:2.3e-01
  181 ,   1811 : 5.5187247647663e+00 +(1e-02,7e-02) | 9.87e+01 |  2:7.9e-03  8:2.2e-01
  182 ,   1821 : 5.5116902760239e+00 +(1e-02,7e-02) | 9.89e+01 |  2:7.7e-03  8:2.2e-01
  183 ,   1831 : 5.5127671509594e+00 +(1e-02,6e-02) | 1.01e+02 |  2:7.1e-03  8:2.0e-01
  184 ,   1841 : 5.5079553736490e+00 +(2e-02,4e-02) | 1.03e+02 |  2:7.2e-03  8:2.1e-01
  185 ,   1851 : 5.5071578369628e+00 +(2e-02,3e-02) | 1.07e+02 |  2:7.5e-03  8:2.2e-01
  186 ,   1861 : 5.5026150413782e+00 +(2e-02,4e-02) | 1.09e+02 |  2:7.3e-03  8:2.1e-01
  187 ,   1871 : 5.5054609222645e+00 +(2e-02,8e-02) | 1.12e+02 |  2:6.7e-03  8:2.0e-01
  188 ,   1881 : 5.5105880303967e+00 +(1e-02,5e-02) | 1.11e+02 |  2:5.7e-03  8:1.7e-01
  189 ,   1891 : 5.5034206332658e+00 +(2e-02,5e-02) | 1.12e+02 |  2:5.4e-03  8:1.6e-01
Iterat, #Fevals:   Function Value    (median,worst) |Axis Ratio|idx:Min SD idx:Max SD
  190 ,   1901 : 5.5034335204963e+00 +(9e-03,3e-02) | 1.13e+02 |  2:5.0e-03  8:1.5e-01
  191 ,   1911 : 5.5038738337465e+00 +(9e-03,3e-02) | 1.13e+02 |  2:4.8e-03  8:1.4e-01
  192 ,   1921 : 5.4944790503208e+00 +(1e-02,5e-02) | 1.11e+02 |  2:5.4e-03  8:1.6e-01
  193 ,   1931 : 5.4977004521583e+00 +(1e-02,4e-02) | 1.13e+02 |  2:5.5e-03  8:1.6e-01
  194 ,   1941 : 5.4982394449087e+00 +(1e-02,4e-02) | 1.13e+02 |  2:5.4e-03  8:1.6e-01
  195 ,   1951 : 5.5016431037389e+00 +(5e-03,4e-02) | 1.14e+02 |  2:5.7e-03  8:1.7e-01
  196 ,   1961 : 5.5014233975738e+00 +(1e-02,5e-02) | 1.14e+02 |  2:5.6e-03  8:1.6e-01
  197 ,   1971 : 5.4664986391862e+00 +(4e-02,6e-02) | 1.16e+02 |  2:5.3e-03  8:1.5e-01
  198 ,   1981 : 5.4902928457772e+00 +(2e-02,3e-02) | 1.20e+02 |  2:5.5e-03  8:1.6e-01
  199 ,   1991 : 5.4972031245667e+00 +(8e-03,4e-02) | 1.24e+02 |  2:5.5e-03  8:1.7e-01
Iterat, #Fevals:   Function Value    (median,worst) |Axis Ratio|idx:Min SD idx:Max SD
  200 ,   2001 : 5.4892329741441e+00 +(2e-02,4e-02) | 1.26e+02 |  2:6.3e-03  8:1.9e-01
  201 ,   2011 : 5.4900130048717e+00 +(5e-03,5e-02) | 1.26e+02 |  2:6.7e-03  8:2.0e-01
  202 ,   2021 : 5.4856386474247e+00 +(2e-02,6e-02) | 1.27e+02 |  2:6.8e-03  8:2.0e-01
  203 ,   2031 : 5.4460280196314e+00 +(6e-02,1e-01) | 1.26e+02 |  2:7.2e-03  8:2.1e-01
  204 ,   2041 : 5.4423378069024e+00 +(7e-02,9e-02) | 1.25e+02 |  2:7.6e-03  8:2.3e-01
  205 ,   2051 : 5.4856128179281e+00 +(2e-02,3e-02) | 1.25e+02 |  2:6.8e-03  8:2.0e-01
  206 ,   2061 : 5.4784433074980e+00 +(2e-02,6e-02) | 1.27e+02 |  2:6.8e-03  8:1.9e-01
  207 ,   2071 : 5.4648762662494e+00 +(3e-02,5e-02) | 1.28e+02 |  2:7.5e-03  8:2.1e-01
  208 ,   2081 : 5.4527495359403e+00 +(4e-02,8e-02) | 1.26e+02 |  2:7.6e-03  8:2.1e-01
  209 ,   2091 : 5.4512478465592e+00 +(6e-02,8e-02) | 1.26e+02 |  2:6.6e-03  8:1.8e-01
Iterat, #Fevals:   Function Value    (median,worst) |Axis Ratio|idx:Min SD idx:Max SD
  210 ,   2101 : 5.4690704998784e+00 +(3e-02,6e-02) | 1.28e+02 |  2:6.4e-03  8:1.8e-01
  211 ,   2111 : 5.4375474094982e+00 +(5e-02,1e-01) | 1.27e+02 |  2:6.5e-03  8:1.9e-01
  212 ,   2121 : 5.4814483865759e+00 +(2e-02,5e-02) | 1.27e+02 |  2:6.5e-03  8:1.9e-01
  213 ,   2131 : 5.4707625764526e+00 +(2e-02,4e-02) | 1.28e+02 |  2:7.2e-03  8:1.9e-01
  214 ,   2141 : 5.4606410079822e+00 +(3e-02,7e-02) | 1.27e+02 |  2:6.8e-03  8:1.8e-01
  215 ,   2151 : 5.4511323315337e+00 +(4e-02,1e-01) | 1.26e+02 |  2:6.7e-03  8:1.8e-01
  216 ,   2161 : 5.4677195941049e+00 +(2e-02,5e-02) | 1.25e+02 |  2:6.0e-03  8:1.6e-01
  217 ,   2171 : 5.4837686134255e+00 +(1e-02,5e-02) | 1.26e+02 |  2:5.9e-03  8:1.6e-01
  218 ,   2181 : 5.4822258679623e+00 +(1e-02,4e-02) | 1.27e+02 |  2:5.4e-03  8:1.5e-01
  219 ,   2191 : 5.4556082888985e+00 +(4e-02,7e-02) | 1.29e+02 |  2:5.1e-03  8:1.4e-01
Iterat, #Fevals:   Function Value    (median,worst) |Axis Ratio|idx:Min SD idx:Max SD
  220 ,   2201 : 5.4545361100477e+00 +(3e-02,5e-02) | 1.27e+02 |  2:4.7e-03  8:1.3e-01
  221 ,   2211 : 5.4760600248190e+00 +(3e-02,6e-02) | 1.29e+02 |  2:4.4e-03  9:1.2e-01
  222 ,   2221 : 5.4703596472886e+00 +(1e-02,4e-02) | 1.30e+02 |  2:4.3e-03  9:1.2e-01
  223 ,   2231 : 5.4645994308261e+00 +(4e-02,5e-02) | 1.30e+02 |  2:4.4e-03  8:1.2e-01
  224 ,   2241 : 5.4629362030070e+00 +(3e-02,7e-02) | 1.31e+02 |  2:4.7e-03  8:1.4e-01
  225 ,   2251 : 5.4601546261330e+00 +(3e-02,7e-02) | 1.33e+02 |  2:4.5e-03  8:1.3e-01
  226 ,   2261 : 5.4765996600671e+00 +(1e-02,4e-02) | 1.38e+02 |  2:4.4e-03  8:1.3e-01
  227 ,   2271 : 5.4681737280383e+00 +(1e-02,5e-02) | 1.46e+02 |  2:4.5e-03  8:1.3e-01
  228 ,   2281 : 5.4519762419743e+00 +(5e-02,7e-02) | 1.47e+02 |  2:4.2e-03  8:1.3e-01
  229 ,   2291 : 5.4612199365023e+00 +(4e-02,5e-02) | 1.48e+02 |  2:3.9e-03  8:1.2e-01
Iterat, #Fevals:   Function Value    (median,worst) |Axis Ratio|idx:Min SD idx:Max SD
  230 ,   2301 : 5.4851891043826e+00 +(2e-02,4e-02) | 1.48e+02 |  2:4.0e-03  8:1.2e-01
  231 ,   2311 : 5.4345006592277e+00 +(6e-02,1e-01) | 1.54e+02 |  2:4.1e-03  9:1.2e-01
  232 ,   2321 : 5.4715614119095e+00 +(4e-02,6e-02) | 1.67e+02 |  2:4.3e-03  9:1.4e-01
  233 ,   2331 : 5.4644595680061e+00 +(2e-02,5e-02) | 1.69e+02 |  2:4.1e-03  9:1.4e-01
  234 ,   2341 : 5.4666652767584e+00 +(3e-02,5e-02) | 1.71e+02 |  2:4.2e-03  9:1.3e-01
  235 ,   2351 : 5.4392458537139e+00 +(4e-02,7e-02) | 1.73e+02 |  2:4.9e-03  9:1.5e-01
  236 ,   2361 : 5.4440338367471e+00 +(5e-02,8e-02) | 1.75e+02 |  2:4.9e-03  9:1.5e-01
  237 ,   2371 : 5.4480697083289e+00 +(4e-02,9e-02) | 1.75e+02 |  2:4.7e-03  9:1.4e-01
  238 ,   2381 : 5.4656020938863e+00 +(4e-02,7e-02) | 1.85e+02 |  2:4.9e-03  9:1.5e-01
  239 ,   2391 : 5.4418431169210e+00 +(6e-02,1e-01) | 1.87e+02 |  2:4.5e-03  9:1.4e-01
Iterat, #Fevals:   Function Value    (median,worst) |Axis Ratio|idx:Min SD idx:Max SD
  240 ,   2401 : 5.4452199802056e+00 +(5e-02,8e-02) | 1.88e+02 |  2:4.3e-03  9:1.4e-01
  241 ,   2411 : 5.4629360031676e+00 +(4e-02,6e-02) | 1.89e+02 |  2:4.0e-03  9:1.3e-01
  242 ,   2421 : 5.4670929779700e+00 +(3e-02,6e-02) | 1.83e+02 |  2:3.9e-03  9:1.2e-01
  243 ,   2431 : 5.4073240113726e+00 +(8e-02,1e-01) | 1.81e+02 |  2:4.4e-03  9:1.4e-01
  244 ,   2441 : 5.4683823850746e+00 +(1e-02,4e-02) | 1.79e+02 |  2:4.1e-03  9:1.3e-01
  245 ,   2451 : 5.4619832964085e+00 +(2e-02,5e-02) | 1.79e+02 |  2:3.9e-03  9:1.2e-01
  246 ,   2461 : 5.4314894217081e+00 +(4e-02,8e-02) | 1.76e+02 |  2:3.8e-03  9:1.1e-01
  247 ,   2471 : 5.4364963376497e+00 +(5e-02,9e-02) | 1.81e+02 |  2:3.6e-03  9:1.1e-01
  248 ,   2481 : 5.4560410434441e+00 +(4e-02,5e-02) | 1.83e+02 |  2:3.8e-03  9:1.2e-01
  249 ,   2491 : 5.4246271700636e+00 +(8e-02,9e-02) | 1.80e+02 |  2:4.0e-03  9:1.2e-01
Iterat, #Fevals:   Function Value    (median,worst) |Axis Ratio|idx:Min SD idx:Max SD
  250 ,   2501 : 5.4500983800887e+00 +(6e-02,8e-02) | 1.79e+02 |  2:3.8e-03  9:1.1e-01
  251 ,   2511 : 5.4629630991388e+00 +(3e-02,5e-02) | 1.89e+02 |  2:3.5e-03  9:1.0e-01
  252 ,   2521 : 5.4569177924672e+00 +(6e-02,8e-02) | 1.89e+02 |  2:3.7e-03  9:1.1e-01
  253 ,   2531 : 5.4160916429893e+00 +(4e-02,1e-01) | 1.92e+02 |  2:3.6e-03  9:1.1e-01
  254 ,   2541 : 5.4491524336301e+00 +(5e-02,1e-01) | 1.95e+02 |  2:3.4e-03  9:1.0e-01
  255 ,   2551 : 5.4549520600545e+00 +(3e-02,6e-02) | 1.97e+02 |  2:3.4e-03  9:9.9e-02
  256 ,   2561 : 5.4655342860591e+00 +(3e-02,5e-02) | 1.98e+02 |  2:3.3e-03  9:9.4e-02
  257 ,   2571 : 5.4043302939611e+00 +(8e-02,1e-01) | 1.99e+02 |  2:2.9e-03  9:8.5e-02
  258 ,   2581 : 5.4512410266991e+00 +(3e-02,6e-02) | 2.00e+02 |  2:2.8e-03  9:8.4e-02
  259 ,   2591 : 5.4515811917238e+00 +(2e-02,5e-02) | 2.03e+02 |  2:2.7e-03  9:7.9e-02
Iterat, #Fevals:   Function Value    (median,worst) |Axis Ratio|idx:Min SD idx:Max SD
  260 ,   2601 : 5.3985872116142e+00 +(6e-02,1e-01) | 2.03e+02 |  2:2.5e-03  9:7.5e-02
  261 ,   2611 : 5.4555906300465e+00 +(4e-02,6e-02) | 2.05e+02 |  2:2.6e-03  9:8.0e-02
  262 ,   2621 : 5.4043406511180e+00 +(5e-02,1e-01) | 2.06e+02 |  2:2.4e-03  9:7.4e-02
  263 ,   2631 : 5.4177586888082e+00 +(6e-02,9e-02) | 2.05e+02 |  2:2.4e-03  9:7.7e-02
  264 ,   2641 : 5.4149775582476e+00 +(6e-02,9e-02) | 2.12e+02 |  2:2.3e-03  9:7.4e-02
  265 ,   2651 : 5.4145042839565e+00 +(7e-02,1e-01) | 2.11e+02 |  2:2.1e-03  9:6.8e-02
  266 ,   2661 : 5.4508473459485e+00 +(3e-02,7e-02) | 2.14e+02 |  2:2.0e-03  9:6.3e-02
  267 ,   2671 : 5.4519087862332e+00 +(4e-02,7e-02) | 2.14e+02 |  2:2.0e-03  9:6.3e-02
  268 ,   2681 : 5.4488983759471e+00 +(4e-02,6e-02) | 2.14e+02 |  2:1.9e-03  9:6.2e-02
  269 ,   2691 : 5.4556937826965e+00 +(4e-02,6e-02) | 2.17e+02 |  2:1.8e-03  9:5.9e-02
Iterat, #Fevals:   Function Value    (median,worst) |Axis Ratio|idx:Min SD idx:Max SD
  270 ,   2701 : 5.4160972344331e+00 +(5e-02,8e-02) | 2.16e+02 |  2:1.8e-03  9:5.8e-02
  271 ,   2711 : 5.4170368246155e+00 +(6e-02,9e-02) | 2.16e+02 |  2:1.9e-03  9:6.0e-02
  272 ,   2721 : 5.4214750817718e+00 +(4e-02,9e-02) | 2.14e+02 |  2:1.7e-03  9:5.5e-02
  273 ,   2731 : 5.4491984722956e+00 +(2e-02,6e-02) | 2.15e+02 |  2:1.6e-03  9:5.2e-02
  274 ,   2741 : 5.4529313992928e+00 +(3e-02,6e-02) | 2.16e+02 |  2:1.5e-03  9:4.8e-02
  275 ,   2751 : 5.4082868984660e+00 +(5e-02,1e-01) | 2.16e+02 |  2:1.4e-03  9:4.6e-02
  276 ,   2761 : 5.4498743760394e+00 +(2e-02,6e-02) | 2.18e+02 |  2:1.3e-03  9:4.2e-02
  277 ,   2771 : 5.4518410283324e+00 +(6e-03,3e-02) | 2.16e+02 |  2:1.2e-03  9:3.7e-02
  278 ,   2781 : 5.4484834801083e+00 +(7e-03,5e-02) | 2.27e+02 |  2:1.1e-03  9:3.5e-02
  279 ,   2791 : 5.4487245241560e+00 +(4e-02,7e-02) | 2.26e+02 |  2:9.4e-04  9:3.1e-02
Iterat, #Fevals:   Function Value    (median,worst) |Axis Ratio|idx:Min SD idx:Max SD
  280 ,   2801 : 5.4648720829915e+00 +(2e-02,4e-02) | 2.13e+02 |  2:8.6e-04  9:2.8e-02
  281 ,   2811 : 5.4507668038717e+00 +(2e-02,6e-02) | 2.19e+02 |  2:7.9e-04  9:2.6e-02
  282 ,   2821 : 5.4508288343045e+00 +(2e-02,6e-02) | 2.18e+02 |  2:7.0e-04  9:2.3e-02
  283 ,   2831 : 5.4463951353722e+00 +(1e-02,5e-02) | 2.21e+02 |  2:6.2e-04  9:2.0e-02
  284 ,   2841 : 5.4489045926194e+00 +(2e-02,6e-02) | 2.28e+02 |  2:6.1e-04  9:2.0e-02
  285 ,   2851 : 5.4486986329985e+00 +(2e-02,6e-02) | 2.32e+02 |  2:6.6e-04  9:2.2e-02
  286 ,   2861 : 5.4509537727397e+00 +(1e-02,6e-02) | 2.35e+02 |  2:6.3e-04  8:2.1e-02
  287 ,   2871 : 5.4174509733802e+00 +(5e-02,9e-02) | 2.39e+02 |  2:6.5e-04  9:2.1e-02
  288 ,   2881 : 5.4467192723129e+00 +(3e-02,6e-02) | 2.41e+02 |  2:6.1e-04  9:2.0e-02
  289 ,   2891 : 5.4487954441393e+00 +(1e-02,5e-02) | 2.39e+02 |  2:6.1e-04  9:2.0e-02
Iterat, #Fevals:   Function Value    (median,worst) |Axis Ratio|idx:Min SD idx:Max SD
  290 ,   2901 : 5.4521514248891e+00 +(2e-02,5e-02) | 2.39e+02 |  2:6.5e-04  8:2.1e-02
  291 ,   2911 : 5.4495064645218e+00 +(3e-02,7e-02) | 2.41e+02 |  2:7.0e-04  8:2.2e-02
  292 ,   2921 : 5.4142519997350e+00 +(5e-02,9e-02) | 2.49e+02 |  2:7.2e-04  9:2.4e-02
  293 ,   2931 : 5.4485692621272e+00 +(7e-03,4e-02) | 2.67e+02 |  2:7.5e-04  9:2.6e-02
  294 ,   2941 : 5.4580295950226e+00 +(3e-02,5e-02) | 2.95e+02 |  2:8.6e-04  9:3.1e-02
  295 ,   2951 : 5.4482776148967e+00 +(4e-02,6e-02) | 3.08e+02 |  2:9.3e-04  8:3.5e-02
  296 ,   2961 : 5.4322730740538e+00 +(3e-02,6e-02) | 3.13e+02 |  2:9.6e-04  9:3.5e-02
  297 ,   2971 : 5.4502789247316e+00 +(3e-02,6e-02) | 3.17e+02 |  2:1.0e-03  9:3.7e-02
  298 ,   2981 : 5.4502225941862e+00 +(2e-02,5e-02) | 3.14e+02 |  2:9.4e-04  9:3.5e-02
  299 ,   2991 : 5.4480771745424e+00 +(3e-02,5e-02) | 3.14e+02 |  2:8.9e-04  9:3.3e-02
Iterat, #Fevals:   Function Value    (median,worst) |Axis Ratio|idx:Min SD idx:Max SD
  300 ,   3001 : 5.4290415341215e+00 +(4e-02,7e-02) | 3.17e+02 |  2:9.1e-04  9:3.3e-02
  301 ,   3011 : 5.4338162867063e+00 +(3e-02,8e-02) | 3.17e+02 |  2:1.0e-03  9:3.6e-02
  302 ,   3021 : 5.4091033188632e+00 +(6e-02,1e-01) | 3.17e+02 |  2:1.1e-03  9:3.9e-02
  303 ,   3031 : 5.4453004337801e+00 +(5e-02,7e-02) | 3.15e+02 |  2:1.1e-03  9:3.8e-02
  304 ,   3041 : 5.4528176424537e+00 +(2e-02,5e-02) | 3.08e+02 |  2:1.0e-03  9:3.6e-02
  305 ,   3051 : 5.4481758219447e+00 +(1e-02,5e-02) | 3.12e+02 |  2:1.0e-03  9:3.8e-02
  306 ,   3061 : 5.4488850829242e+00 +(9e-03,2e-02) | 3.15e+02 |  2:1.0e-03  9:3.7e-02
  307 ,   3071 : 5.4468493651616e+00 +(4e-02,7e-02) | 3.15e+02 |  2:1.0e-03  9:3.6e-02
  308 ,   3081 : 5.4042904783619e+00 +(9e-02,1e-01) | 3.16e+02 |  2:1.0e-03  9:3.7e-02
  309 ,   3091 : 5.4500395845584e+00 +(3e-02,5e-02) | 3.17e+02 |  2:1.3e-03  8:4.6e-02
Iterat, #Fevals:   Function Value    (median,worst) |Axis Ratio|idx:Min SD idx:Max SD
  310 ,   3101 : 5.4595441431581e+00 +(9e-03,4e-02) | 3.15e+02 |  2:1.3e-03  8:4.8e-02
  311 ,   3111 : 5.4047613895207e+00 +(7e-02,1e-01) | 3.18e+02 |  2:1.4e-03  8:5.0e-02
  312 ,   3121 : 5.4202023405420e+00 +(5e-02,9e-02) | 3.12e+02 |  2:1.5e-03  8:5.2e-02
  313 ,   3131 : 5.4448264824374e+00 +(2e-02,6e-02) | 3.12e+02 |  2:1.6e-03  8:5.5e-02
  314 ,   3141 : 5.4113978917796e+00 +(6e-02,9e-02) | 3.12e+02 |  2:1.7e-03  9:5.8e-02
  315 ,   3151 : 5.4467241195206e+00 +(2e-02,6e-02) | 3.12e+02 |  2:1.6e-03  9:5.6e-02
  316 ,   3161 : 5.4427159437785e+00 +(4e-02,6e-02) | 3.12e+02 |  2:1.5e-03  9:5.1e-02
  317 ,   3171 : 5.4028954951074e+00 +(5e-02,9e-02) | 3.06e+02 |  2:1.4e-03  9:4.7e-02
  318 ,   3181 : 5.4155115114877e+00 +(6e-02,9e-02) | 3.06e+02 |  2:1.3e-03  9:4.5e-02
  319 ,   3191 : 5.3967986727101e+00 +(7e-02,1e-01) | 3.06e+02 |  2:1.3e-03  9:4.2e-02
Iterat, #Fevals:   Function Value    (median,worst) |Axis Ratio|idx:Min SD idx:Max SD
  320 ,   3201 : 5.4271723442684e+00 +(5e-02,8e-02) | 3.16e+02 |  2:1.2e-03  8:4.0e-02
  321 ,   3211 : 5.4121847057192e+00 +(6e-02,9e-02) | 3.09e+02 |  2:1.2e-03  8:4.0e-02
  322 ,   3221 : 5.4459984933992e+00 +(4e-02,6e-02) | 3.17e+02 |  2:1.2e-03  8:3.9e-02
  323 ,   3231 : 5.4087522390921e+00 +(7e-02,1e-01) | 3.15e+02 |  2:1.1e-03  8:3.6e-02
  324 ,   3241 : 5.4451312636665e+00 +(4e-02,6e-02) | 3.17e+02 |  2:1.1e-03  8:3.7e-02
  325 ,   3251 : 5.4419912636672e+00 +(7e-03,5e-02) | 3.20e+02 |  2:1.1e-03  8:3.9e-02
  326 ,   3261 : 5.4253941606168e+00 +(6e-02,8e-02) | 3.15e+02 |  2:1.1e-03  8:4.1e-02
  327 ,   3271 : 5.4444179596858e+00 +(3e-02,6e-02) | 3.13e+02 |  2:1.1e-03  8:4.0e-02
  328 ,   3281 : 5.4423228219462e+00 +(3e-02,6e-02) | 3.15e+02 |  2:1.1e-03  8:4.0e-02
  329 ,   3291 : 5.4465707880571e+00 +(1e-02,5e-02) | 3.05e+02 |  2:1.0e-03  8:3.8e-02
Iterat, #Fevals:   Function Value    (median,worst) |Axis Ratio|idx:Min SD idx:Max SD
  330 ,   3301 : 5.4447028367358e+00 +(4e-02,6e-02) | 3.10e+02 |  2:9.2e-04  8:3.4e-02
  331 ,   3311 : 5.4293177176065e+00 +(3e-02,8e-02) | 3.12e+02 |  2:9.1e-04  8:3.5e-02
  332 ,   3321 : 5.4437653537385e+00 +(3e-02,6e-02) | 3.18e+02 |  2:8.5e-04  8:3.3e-02
  333 ,   3331 : 5.4447427899722e+00 +(1e-02,5e-02) | 3.16e+02 |  2:8.2e-04  8:3.2e-02
  334 ,   3341 : 5.4318567064012e+00 +(6e-02,8e-02) | 3.10e+02 |  2:7.8e-04  8:3.1e-02
  335 ,   3351 : 5.4482948084136e+00 +(1e-02,6e-02) | 3.06e+02 |  2:8.5e-04  8:3.2e-02
  336 ,   3361 : 5.4172011209942e+00 +(4e-02,8e-02) | 3.17e+02 |  2:8.5e-04  8:3.3e-02
  337 ,   3371 : 5.4511644938073e+00 +(3e-02,6e-02) | 3.41e+02 |  2:8.5e-04  8:3.4e-02
  338 ,   3381 : 5.4022020803123e+00 +(9e-02,1e-01) | 3.52e+02 |  2:9.5e-04  8:3.9e-02
  339 ,   3391 : 5.4291307656627e+00 +(5e-02,8e-02) | 3.66e+02 |  2:1.0e-03  8:4.2e-02
Iterat, #Fevals:   Function Value    (median,worst) |Axis Ratio|idx:Min SD idx:Max SD
  340 ,   3401 : 5.4162621395670e+00 +(5e-02,8e-02) | 3.81e+02 |  2:1.0e-03  8:4.4e-02
  341 ,   3411 : 5.4507809807091e+00 +(2e-02,6e-02) | 3.89e+02 |  2:9.7e-04  8:4.2e-02
  342 ,   3421 : 5.4523192337905e+00 +(4e-02,6e-02) | 3.93e+02 |  2:9.4e-04  8:4.3e-02
  343 ,   3431 : 5.4484264580335e+00 +(3e-02,6e-02) | 3.92e+02 |  2:1.1e-03  8:4.9e-02
  344 ,   3441 : 5.4491842030707e+00 +(2e-02,6e-02) | 3.90e+02 |  2:1.1e-03  8:5.1e-02
  345 ,   3451 : 5.4491534394514e+00 +(2e-02,5e-02) | 3.89e+02 |  2:1.2e-03  8:5.3e-02
  346 ,   3461 : 5.4125967235142e+00 +(5e-02,1e-01) | 3.97e+02 |  2:1.2e-03  8:5.5e-02
  347 ,   3471 : 5.4493211522437e+00 +(1e-02,5e-02) | 4.00e+02 |  2:1.1e-03  8:5.0e-02
  348 ,   3481 : 5.4490056487990e+00 +(4e-02,5e-02) | 3.95e+02 |  2:1.1e-03  8:4.7e-02
  349 ,   3491 : 5.4472266463796e+00 +(2e-02,6e-02) | 4.05e+02 |  2:1.1e-03  8:4.8e-02
Iterat, #Fevals:   Function Value    (median,worst) |Axis Ratio|idx:Min SD idx:Max SD
  350 ,   3501 : 5.4503532849736e+00 +(4e-02,7e-02) | 4.19e+02 |  2:1.1e-03  8:5.0e-02
  351 ,   3511 : 5.4482826928052e+00 +(4e-02,6e-02) | 4.29e+02 |  2:1.0e-03  8:4.8e-02
  352 ,   3521 : 5.4487085948947e+00 +(4e-02,6e-02) | 4.33e+02 |  2:1.0e-03  8:4.7e-02
  353 ,   3531 : 5.4504690751677e+00 +(2e-02,6e-02) | 4.55e+02 |  2:1.1e-03  8:5.0e-02
  354 ,   3541 : 5.4108967514729e+00 +(8e-02,9e-02) | 4.70e+02 |  2:1.1e-03  8:5.3e-02
  355 ,   3551 : 5.4473606384606e+00 +(3e-02,6e-02) | 4.70e+02 |  2:1.0e-03  8:4.9e-02
  356 ,   3561 : 5.4452094650631e+00 +(2e-02,6e-02) | 4.70e+02 |  2:9.6e-04  8:4.6e-02
  357 ,   3571 : 5.4137660028498e+00 +(4e-02,8e-02) | 4.70e+02 |  2:9.0e-04  8:4.3e-02
  358 ,   3581 : 5.4462861986753e+00 +(3e-02,5e-02) | 4.71e+02 |  2:7.9e-04  8:3.7e-02
  359 ,   3591 : 5.4412376370900e+00 +(3e-02,6e-02) | 4.65e+02 |  2:6.9e-04  8:3.2e-02
Iterat, #Fevals:   Function Value    (median,worst) |Axis Ratio|idx:Min SD idx:Max SD
  360 ,   3601 : 5.4279367415510e+00 +(5e-02,7e-02) | 4.66e+02 |  2:7.0e-04  8:3.3e-02
  361 ,   3611 : 5.4276443428555e+00 +(4e-02,8e-02) | 4.53e+02 |  2:6.9e-04  8:3.3e-02
  362 ,   3621 : 5.4488880079005e+00 +(3e-02,6e-02) | 4.61e+02 |  2:6.7e-04  8:3.3e-02
  363 ,   3631 : 5.4458422040795e+00 +(3e-02,6e-02) | 4.65e+02 |  2:6.2e-04  8:3.2e-02
  364 ,   3641 : 5.4159664686513e+00 +(5e-02,8e-02) | 4.68e+02 |  2:5.7e-04  8:2.9e-02
  365 ,   3651 : 5.4116600019962e+00 +(5e-02,9e-02) | 4.73e+02 |  2:5.4e-04  8:2.8e-02
  366 ,   3661 : 5.4584573235646e+00 +(1e-02,3e-02) | 4.82e+02 |  2:6.1e-04  8:3.1e-02
  367 ,   3671 : 5.4142732667099e+00 +(6e-02,9e-02) | 4.59e+02 |  2:6.9e-04  8:3.6e-02
  368 ,   3681 : 5.4221670122662e+00 +(4e-02,8e-02) | 4.52e+02 |  2:7.1e-04  8:3.7e-02
  369 ,   3691 : 5.4105250307795e+00 +(7e-02,1e-01) | 4.50e+02 |  2:8.0e-04  8:4.2e-02
Iterat, #Fevals:   Function Value    (median,worst) |Axis Ratio|idx:Min SD idx:Max SD
  370 ,   3701 : 5.4431193659076e+00 +(4e-02,5e-02) | 4.47e+02 |  2:8.4e-04  8:4.5e-02
  371 ,   3711 : 5.4452355144896e+00 +(2e-02,5e-02) | 4.50e+02 |  2:9.2e-04  8:4.9e-02
  372 ,   3721 : 5.4435092235750e+00 +(2e-02,5e-02) | 4.55e+02 |  2:9.4e-04  8:5.1e-02
  373 ,   3731 : 5.4541451510670e+00 +(2e-02,5e-02) | 4.48e+02 |  2:9.7e-04  8:5.3e-02
  374 ,   3741 : 5.4452391162989e+00 +(4e-02,6e-02) | 4.55e+02 |  2:1.0e-03  8:5.5e-02
  375 ,   3751 : 5.4110868779181e+00 +(6e-02,9e-02) | 4.53e+02 |  2:9.6e-04  8:5.2e-02
  376 ,   3761 : 5.4444112651288e+00 +(2e-02,6e-02) | 4.44e+02 |  2:1.0e-03  8:5.4e-02
  377 ,   3771 : 5.4441701340594e+00 +(3e-02,6e-02) | 4.47e+02 |  2:1.1e-03  8:5.7e-02
  378 ,   3781 : 5.4117031461160e+00 +(4e-02,9e-02) | 4.40e+02 |  2:1.0e-03  8:5.5e-02
  379 ,   3791 : 5.4423492540237e+00 +(1e-02,6e-02) | 4.46e+02 |  2:1.0e-03  8:5.5e-02
Iterat, #Fevals:   Function Value    (median,worst) |Axis Ratio|idx:Min SD idx:Max SD
  380 ,   3801 : 5.4137174939572e+00 +(4e-02,9e-02) | 4.53e+02 |  2:9.7e-04  8:5.4e-02
  381 ,   3811 : 5.4425646632962e+00 +(1e-02,7e-02) | 4.59e+02 |  2:9.5e-04  8:5.3e-02
  382 ,   3821 : 5.4436581515274e+00 +(2e-02,3e-02) | 4.54e+02 |  2:9.7e-04  8:5.4e-02
  383 ,   3831 : 5.4601671422479e+00 +(3e-02,4e-02) | 4.52e+02 |  2:1.0e-03  8:5.6e-02
  384 ,   3841 : 5.4288681955960e+00 +(4e-02,7e-02) | 4.54e+02 |  2:1.0e-03  8:5.7e-02
  385 ,   3851 : 5.4579838965074e+00 +(2e-02,4e-02) | 4.53e+02 |  2:1.1e-03  8:5.7e-02
  386 ,   3861 : 5.4432555441282e+00 +(2e-02,6e-02) | 4.51e+02 |  2:1.1e-03  8:5.9e-02
  387 ,   3871 : 5.4437286901588e+00 +(4e-02,6e-02) | 4.50e+02 |  2:1.1e-03  8:5.7e-02
  388 ,   3881 : 5.4589867901329e+00 +(3e-02,6e-02) | 4.37e+02 |  2:1.1e-03  8:5.9e-02
  389 ,   3891 : 5.4256655572241e+00 +(4e-02,8e-02) | 4.34e+02 |  2:1.1e-03  8:5.8e-02
Iterat, #Fevals:   Function Value    (median,worst) |Axis Ratio|idx:Min SD idx:Max SD
  390 ,   3901 : 5.4445385286425e+00 +(3e-03,4e-02) | 4.29e+02 |  2:1.2e-03  8:6.1e-02
  391 ,   3911 : 5.4166837494792e+00 +(5e-02,7e-02) | 4.26e+02 |  2:1.2e-03  8:6.4e-02
  392 ,   3921 : 5.4500570782691e+00 +(2e-02,6e-02) | 4.44e+02 |  2:1.3e-03  8:7.0e-02
  393 ,   3931 : 5.4463271183673e+00 +(2e-02,6e-02) | 4.56e+02 |  2:1.3e-03  8:7.3e-02
  394 ,   3941 : 5.4140790954211e+00 +(5e-02,9e-02) | 4.55e+02 |  2:1.2e-03  8:6.9e-02
  395 ,   3951 : 5.3973254150944e+00 +(6e-02,1e-01) | 4.52e+02 |  2:1.1e-03  8:6.5e-02
  396 ,   3961 : 5.4150279083830e+00 +(6e-02,9e-02) | 4.55e+02 |  2:1.1e-03  8:6.1e-02
  397 ,   3971 : 5.3994516899045e+00 +(6e-02,1e-01) | 4.49e+02 |  2:9.8e-04  8:5.7e-02
  398 ,   3981 : 5.4263388769030e+00 +(3e-02,8e-02) | 4.61e+02 |  2:9.1e-04  8:5.4e-02
  399 ,   3991 : 5.4448295788487e+00 +(2e-02,6e-02) | 4.65e+02 |  2:9.0e-04  8:5.4e-02
Iterat, #Fevals:   Function Value    (median,worst) |Axis Ratio|idx:Min SD idx:Max SD
  400 ,   4001 : 5.4272056563043e+00 +(3e-02,6e-02) | 4.50e+02 |  2:8.9e-04  8:5.2e-02
  401 ,   4011 : 5.4128630306195e+00 +(7e-02,1e-01) | 4.58e+02 |  2:8.7e-04  8:5.2e-02
  402 ,   4021 : 5.4121931783821e+00 +(6e-02,9e-02) | 4.42e+02 |  2:8.5e-04  8:5.0e-02
  403 ,   4031 : 5.4100851644790e+00 +(7e-02,9e-02) | 4.16e+02 |  2:8.6e-04  8:5.0e-02
  404 ,   4041 : 5.4571434880707e+00 +(2e-02,5e-02) | 4.18e+02 |  2:9.3e-04  8:5.6e-02
  405 ,   4051 : 5.4075708430371e+00 +(8e-02,9e-02) | 4.29e+02 |  2:1.0e-03  8:6.1e-02
  406 ,   4061 : 5.4548910619908e+00 +(3e-02,5e-02) | 4.33e+02 |  2:1.1e-03  8:6.3e-02
  407 ,   4071 : 5.4592044952271e+00 +(3e-02,5e-02) | 4.11e+02 |  2:1.1e-03  8:6.4e-02
  408 ,   4081 : 5.4429163502804e+00 +(1e-02,4e-02) | 4.24e+02 |  2:1.1e-03  8:6.5e-02
  409 ,   4091 : 5.4555984655075e+00 +(3e-02,4e-02) | 4.40e+02 |  2:1.1e-03  8:6.5e-02
Iterat, #Fevals:   Function Value    (median,worst) |Axis Ratio|idx:Min SD idx:Max SD
  410 ,   4101 : 5.4033336385901e+00 +(8e-02,9e-02) | 4.51e+02 |  2:1.1e-03  8:6.6e-02
  411 ,   4111 : 5.3961593280224e+00 +(5e-02,1e-01) | 4.60e+02 |  2:1.1e-03  8:6.3e-02
  412 ,   4121 : 5.4415330971260e+00 +(2e-02,6e-02) | 4.62e+02 |  2:9.7e-04  8:5.8e-02
  413 ,   4131 : 5.4357465894934e+00 +(3e-02,8e-02) | 4.63e+02 |  2:9.6e-04  8:5.9e-02
  414 ,   4141 : 5.4363895364460e+00 +(2e-02,6e-02) | 4.83e+02 |  2:1.0e-03  8:6.3e-02
  415 ,   4151 : 5.4216779186008e+00 +(3e-02,8e-02) | 4.92e+02 |  2:9.8e-04  8:6.2e-02
  416 ,   4161 : 5.4391890657050e+00 +(4e-02,6e-02) | 4.86e+02 |  2:8.9e-04  8:5.6e-02
  417 ,   4171 : 5.4423900951684e+00 +(4e-02,7e-02) | 4.91e+02 |  2:8.1e-04  8:5.1e-02
  418 ,   4181 : 5.4361416890962e+00 +(4e-02,6e-02) | 4.92e+02 |  2:7.1e-04  8:4.6e-02
  419 ,   4191 : 5.4220200167152e+00 +(3e-02,8e-02) | 4.92e+02 |  2:6.4e-04  8:4.1e-02
Iterat, #Fevals:   Function Value    (median,worst) |Axis Ratio|idx:Min SD idx:Max SD
  420 ,   4201 : 5.4342761003331e+00 +(4e-02,6e-02) | 5.05e+02 |  2:5.9e-04  8:3.8e-02
  421 ,   4211 : 5.4366873682441e+00 +(3e-02,5e-02) | 5.10e+02 |  2:6.0e-04  8:3.8e-02
  422 ,   4221 : 5.4514558071452e+00 +(2e-02,4e-02) | 5.10e+02 |  2:5.8e-04  8:3.7e-02
  423 ,   4231 : 5.4386262230905e+00 +(2e-02,6e-02) | 5.28e+02 |  2:5.9e-04  8:3.8e-02
  424 ,   4241 : 5.4036192193244e+00 +(7e-02,9e-02) | 5.43e+02 |  2:6.0e-04  8:3.8e-02
  425 ,   4251 : 5.4401547614108e+00 +(2e-02,5e-02) | 5.44e+02 |  2:6.2e-04  8:3.8e-02
  426 ,   4261 : 5.4389348156596e+00 +(5e-02,6e-02) | 5.46e+02 |  2:6.3e-04  8:3.7e-02
  427 ,   4271 : 5.4389986498297e+00 +(4e-02,6e-02) | 5.56e+02 |  2:6.2e-04  8:3.7e-02
  428 ,   4281 : 5.4027924193231e+00 +(4e-02,9e-02) | 5.62e+02 |  2:6.7e-04  8:4.0e-02
  429 ,   4291 : 5.4036095152380e+00 +(4e-02,9e-02) | 5.56e+02 |  2:7.4e-04  8:4.4e-02
Iterat, #Fevals:   Function Value    (median,worst) |Axis Ratio|idx:Min SD idx:Max SD
  430 ,   4301 : 5.4358634816664e+00 +(3e-02,7e-02) | 5.59e+02 |  2:7.3e-04  8:4.3e-02
  431 ,   4311 : 5.4399135679952e+00 +(3e-02,6e-02) | 5.63e+02 |  2:7.1e-04  8:4.2e-02
  432 ,   4321 : 5.3944339305795e+00 +(8e-02,1e-01) | 5.63e+02 |  2:6.9e-04  8:4.1e-02
  433 ,   4331 : 5.4518351165425e+00 +(2e-02,3e-02) | 5.67e+02 |  2:6.9e-04  8:4.2e-02
  434 ,   4341 : 5.4294337853501e+00 +(3e-02,7e-02) | 5.67e+02 |  2:6.7e-04  8:4.0e-02
  435 ,   4351 : 5.4235239402845e+00 +(6e-02,7e-02) | 5.70e+02 |  2:6.7e-04  8:4.0e-02
  436 ,   4361 : 5.4208512717639e+00 +(3e-02,8e-02) | 5.82e+02 |  2:6.2e-04  8:3.7e-02
  437 ,   4371 : 5.4377772679950e+00 +(2e-02,6e-02) | 5.81e+02 |  2:6.2e-04  8:3.7e-02
  438 ,   4381 : 5.4219186941340e+00 +(5e-02,8e-02) | 6.04e+02 |  2:6.5e-04  8:4.1e-02
  439 ,   4391 : 5.4395825727074e+00 +(2e-02,4e-02) | 6.23e+02 |  2:6.4e-04  8:4.2e-02
Iterat, #Fevals:   Function Value    (median,worst) |Axis Ratio|idx:Min SD idx:Max SD
  440 ,   4401 : 5.4547637762849e+00 +(2e-02,4e-02) | 6.15e+02 |  2:6.2e-04  8:4.0e-02
  441 ,   4411 : 5.4532434633045e+00 +(1e-02,4e-02) | 6.35e+02 |  2:7.2e-04  8:4.4e-02
  442 ,   4421 : 5.4424878357555e+00 +(3e-02,6e-02) | 6.51e+02 |  2:7.4e-04  8:4.6e-02
  443 ,   4431 : 5.3965958750367e+00 +(7e-02,1e-01) | 6.54e+02 |  2:7.4e-04  8:4.6e-02
  444 ,   4441 : 5.4497292757677e+00 +(4e-02,5e-02) | 6.48e+02 |  2:6.8e-04  8:4.1e-02
  445 ,   4451 : 5.4200381232289e+00 +(4e-02,8e-02) | 6.49e+02 |  2:6.5e-04  8:4.0e-02
  446 ,   4461 : 5.4026507647136e+00 +(8e-02,1e-01) | 6.60e+02 |  2:6.3e-04  8:3.9e-02
  447 ,   4471 : 5.4407254704318e+00 +(4e-02,6e-02) | 6.47e+02 |  2:5.9e-04  8:3.7e-02
  448 ,   4481 : 5.4217741866805e+00 +(4e-02,8e-02) | 6.19e+02 |  2:5.6e-04  8:3.5e-02
  449 ,   4491 : 5.4321178687401e+00 +(8e-03,6e-02) | 6.39e+02 |  2:5.7e-04  8:3.6e-02
Iterat, #Fevals:   Function Value    (median,worst) |Axis Ratio|idx:Min SD idx:Max SD
  450 ,   4501 : 5.4392548908049e+00 +(2e-02,6e-02) | 6.39e+02 |  2:5.2e-04  8:3.3e-02
  451 ,   4511 : 5.4469685964210e+00 +(3e-02,6e-02) | 6.27e+02 |  2:5.1e-04  8:3.3e-02
  452 ,   4521 : 5.4221850938296e+00 +(3e-02,7e-02) | 6.24e+02 |  2:5.1e-04  8:3.3e-02
  453 ,   4531 : 5.4032614972150e+00 +(9e-02,1e-01) | 6.44e+02 |  2:5.2e-04  8:3.4e-02
  454 ,   4541 : 5.4380640592121e+00 +(4e-02,7e-02) | 6.84e+02 |  2:5.5e-04  8:3.8e-02
  455 ,   4551 : 5.4337373868725e+00 +(4e-02,7e-02) | 6.84e+02 |  2:5.2e-04  8:3.6e-02
  456 ,   4561 : 5.4332707842878e+00 +(2e-02,6e-02) | 6.96e+02 |  2:5.2e-04  8:3.7e-02
  457 ,   4571 : 5.4044389505957e+00 +(6e-02,9e-02) | 6.94e+02 |  2:4.8e-04  8:3.4e-02
  458 ,   4581 : 5.4064567507640e+00 +(5e-02,8e-02) | 7.02e+02 |  2:4.9e-04  8:3.3e-02
  459 ,   4591 : 5.4346781261698e+00 +(1e-02,6e-02) | 7.19e+02 |  2:5.1e-04  8:3.4e-02
Iterat, #Fevals:   Function Value    (median,worst) |Axis Ratio|idx:Min SD idx:Max SD
  460 ,   4601 : 5.4351388952723e+00 +(2e-02,6e-02) | 7.06e+02 |  2:5.1e-04  8:3.5e-02
  461 ,   4611 : 5.4549934147308e+00 +(1e-02,4e-02) | 7.21e+02 |  2:5.4e-04  8:3.6e-02
  462 ,   4621 : 5.4212884930588e+00 +(3e-02,7e-02) | 7.26e+02 |  2:5.6e-04  8:3.7e-02
  463 ,   4631 : 5.4193924655228e+00 +(4e-02,8e-02) | 7.21e+02 |  2:5.7e-04  8:3.7e-02
  464 ,   4641 : 5.4051159664705e+00 +(7e-02,1e-01) | 7.17e+02 |  2:6.1e-04  8:3.8e-02
  465 ,   4651 : 5.4407477750828e+00 +(4e-02,6e-02) | 7.55e+02 |  2:6.6e-04  8:4.3e-02
  466 ,   4661 : 5.4068518783899e+00 +(5e-02,9e-02) | 7.80e+02 |  2:6.6e-04  8:4.4e-02
  467 ,   4671 : 5.4345098407385e+00 +(3e-02,8e-02) | 7.84e+02 |  2:6.3e-04  8:4.2e-02
  468 ,   4681 : 5.4025148479053e+00 +(7e-02,9e-02) | 7.80e+02 |  2:6.3e-04  8:4.2e-02
  469 ,   4691 : 5.4371206171435e+00 +(4e-02,6e-02) | 7.89e+02 |  2:6.6e-04  8:4.5e-02
Iterat, #Fevals:   Function Value    (median,worst) |Axis Ratio|idx:Min SD idx:Max SD
  470 ,   4701 : 5.4307819837274e+00 +(5e-02,6e-02) | 7.82e+02 |  2:6.3e-04  8:4.2e-02
  471 ,   4711 : 5.4361170419072e+00 +(4e-02,6e-02) | 7.93e+02 |  2:5.8e-04  8:3.9e-02
  472 ,   4721 : 5.4333948944179e+00 +(5e-02,6e-02) | 7.96e+02 |  2:5.9e-04  8:4.1e-02
  473 ,   4731 : 5.4355277015393e+00 +(4e-02,7e-02) | 7.98e+02 |  2:5.6e-04  8:3.9e-02
  474 ,   4741 : 5.4030243734914e+00 +(7e-02,9e-02) | 8.19e+02 |  2:5.6e-04  8:4.0e-02
  475 ,   4751 : 5.4319576078317e+00 +(4e-02,6e-02) | 8.01e+02 |  2:5.4e-04  8:3.7e-02
  476 ,   4761 : 5.4325030642437e+00 +(3e-02,7e-02) | 8.00e+02 |  2:5.5e-04  8:3.6e-02
  477 ,   4771 : 5.4383395865766e+00 +(2e-02,6e-02) | 7.99e+02 |  2:4.9e-04  8:3.2e-02
  478 ,   4781 : 5.4321497379069e+00 +(5e-02,7e-02) | 7.93e+02 |  2:4.7e-04  8:3.0e-02
  479 ,   4791 : 5.4383596719334e+00 +(3e-02,7e-02) | 7.88e+02 |  2:4.5e-04  8:2.8e-02
Iterat, #Fevals:   Function Value    (median,worst) |Axis Ratio|idx:Min SD idx:Max SD
  480 ,   4801 : 5.4527291248109e+00 +(3e-02,5e-02) | 7.80e+02 |  2:4.8e-04  8:3.0e-02
  481 ,   4811 : 5.4361863851902e+00 +(4e-02,6e-02) | 7.81e+02 |  2:5.5e-04  8:3.3e-02
  482 ,   4821 : 5.4065533199752e+00 +(6e-02,9e-02) | 7.51e+02 |  2:6.1e-04  8:3.6e-02
  483 ,   4831 : 5.4376037048180e+00 +(4e-02,7e-02) | 7.62e+02 |  2:5.8e-04  8:3.4e-02
  484 ,   4841 : 5.4094961958213e+00 +(5e-02,9e-02) | 7.60e+02 |  2:5.1e-04  8:3.0e-02
  485 ,   4851 : 5.4493912246369e+00 +(3e-02,5e-02) | 7.57e+02 |  2:4.5e-04  8:2.7e-02
  486 ,   4861 : 5.4327300797973e+00 +(5e-02,7e-02) | 7.41e+02 |  2:4.3e-04  8:2.6e-02
  487 ,   4871 : 5.4335562002785e+00 +(4e-02,6e-02) | 7.66e+02 |  2:3.9e-04  8:2.5e-02
  488 ,   4881 : 5.4323248304336e+00 +(3e-02,6e-02) | 7.38e+02 |  2:3.6e-04  8:2.2e-02
  489 ,   4891 : 5.4025659352723e+00 +(5e-02,9e-02) | 7.30e+02 |  2:3.5e-04  8:2.1e-02
Iterat, #Fevals:   Function Value    (median,worst) |Axis Ratio|idx:Min SD idx:Max SD
  490 ,   4901 : 5.4054894162513e+00 +(6e-02,9e-02) | 7.09e+02 |  2:3.5e-04  8:2.2e-02
  491 ,   4911 : 5.4054943326427e+00 +(6e-02,9e-02) | 7.04e+02 |  2:3.3e-04  8:2.0e-02
  492 ,   4921 : 5.4058454791154e+00 +(7e-02,1e-01) | 7.08e+02 |  2:3.2e-04  8:2.0e-02
  493 ,   4931 : 5.4323916384289e+00 +(3e-02,7e-02) | 7.18e+02 |  2:3.2e-04  8:2.0e-02
  494 ,   4941 : 5.4301570130448e+00 +(3e-02,7e-02) | 7.17e+02 |  2:3.0e-04  8:1.8e-02
  495 ,   4951 : 5.4057313618586e+00 +(6e-02,8e-02) | 7.20e+02 |  2:2.7e-04  8:1.7e-02
  496 ,   4961 : 5.4038126680211e+00 +(6e-02,9e-02) | 7.28e+02 |  2:2.7e-04  8:1.7e-02
  497 ,   4971 : 5.4046187678822e+00 +(5e-02,9e-02) | 7.43e+02 |  2:2.7e-04  8:1.7e-02
  498 ,   4981 : 5.4335544347076e+00 +(1e-02,6e-02) | 7.30e+02 |  2:2.5e-04  8:1.6e-02
  499 ,   4991 : 5.4381922739855e+00 +(4e-02,6e-02) | 7.55e+02 |  2:2.6e-04  8:1.7e-02
Iterat, #Fevals:   Function Value    (median,worst) |Axis Ratio|idx:Min SD idx:Max SD
  500 ,   5001 : 5.4353609605148e+00 +(4e-02,6e-02) | 7.73e+02 |  2:2.8e-04  8:1.8e-02
  501 ,   5011 : 5.4386611360462e+00 +(4e-02,7e-02) | 7.72e+02 |  2:2.5e-04  8:1.6e-02
  502 ,   5021 : 5.4327112817905e+00 +(4e-02,6e-02) | 7.82e+02 |  2:2.4e-04  8:1.6e-02
  503 ,   5031 : 5.4336914128511e+00 +(4e-02,7e-02) | 8.11e+02 |  2:2.5e-04  8:1.8e-02
  504 ,   5041 : 5.4379904343798e+00 +(4e-02,7e-02) | 8.24e+02 |  2:2.7e-04  8:1.8e-02
  505 ,   5051 : 5.4390463366876e+00 +(2e-02,6e-02) | 8.34e+02 |  2:2.9e-04  8:2.0e-02
  506 ,   5061 : 5.4377114679977e+00 +(5e-02,6e-02) | 8.21e+02 |  2:3.0e-04  8:2.0e-02
  507 ,   5071 : 5.4332360918177e+00 +(2e-02,6e-02) | 8.20e+02 |  2:3.1e-04  8:2.0e-02
  508 ,   5081 : 5.4033130102579e+00 +(5e-02,1e-01) | 8.36e+02 |  2:3.3e-04  8:2.2e-02
  509 ,   5091 : 5.4381006803561e+00 +(4e-02,6e-02) | 8.45e+02 |  2:3.4e-04  8:2.2e-02
Iterat, #Fevals:   Function Value    (median,worst) |Axis Ratio|idx:Min SD idx:Max SD
  510 ,   5101 : 5.4401079222954e+00 +(4e-02,6e-02) | 8.58e+02 |  2:3.4e-04  8:2.2e-02
  511 ,   5111 : 5.4344729659442e+00 +(4e-02,7e-02) | 8.52e+02 |  2:3.4e-04  8:2.2e-02
  512 ,   5121 : 5.3921935430127e+00 +(8e-02,9e-02) | 8.47e+02 |  2:3.2e-04  8:2.1e-02
  513 ,   5131 : 5.4487080025895e+00 +(2e-02,5e-02) | 8.42e+02 |  2:3.6e-04  8:2.2e-02
  514 ,   5141 : 5.4374592365849e+00 +(2e-02,5e-02) | 8.51e+02 |  2:3.6e-04  8:2.2e-02
  515 ,   5151 : 5.4402229170792e+00 +(3e-02,6e-02) | 8.54e+02 |  2:3.4e-04  8:2.1e-02
  516 ,   5161 : 5.4364929759669e+00 +(2e-02,6e-02) | 8.87e+02 |  2:3.3e-04  8:2.1e-02
  517 ,   5171 : 5.4053516762743e+00 +(3e-02,8e-02) | 8.90e+02 |  2:3.5e-04  8:2.2e-02
  518 ,   5181 : 5.3868784073476e+00 +(9e-02,1e-01) | 8.99e+02 |  2:3.6e-04  8:2.2e-02
  519 ,   5191 : 5.4046955818565e+00 +(4e-02,5e-02) | 8.79e+02 |  2:3.4e-04  8:2.1e-02
Iterat, #Fevals:   Function Value    (median,worst) |Axis Ratio|idx:Min SD idx:Max SD
  520 ,   5201 : 5.3927426212773e+00 +(6e-02,9e-02) | 8.75e+02 |  2:3.7e-04  8:2.2e-02
  521 ,   5211 : 5.4029481357924e+00 +(6e-02,9e-02) | 8.48e+02 |  2:4.2e-04  8:2.4e-02
  522 ,   5221 : 5.4369889696426e+00 +(4e-02,7e-02) | 8.50e+02 |  2:4.2e-04  8:2.4e-02
  523 ,   5231 : 5.4182931227258e+00 +(3e-02,7e-02) | 8.37e+02 |  2:4.3e-04  8:2.5e-02
  524 ,   5241 : 5.4066359568851e+00 +(7e-02,9e-02) | 8.39e+02 |  2:4.5e-04  8:2.6e-02
  525 ,   5251 : 5.4036867390469e+00 +(5e-02,8e-02) | 8.24e+02 |  2:4.5e-04  8:2.5e-02
  526 ,   5261 : 5.4097194359550e+00 +(8e-02,9e-02) | 8.33e+02 |  2:4.1e-04  8:2.3e-02
  527 ,   5271 : 5.4381758784393e+00 +(4e-02,6e-02) | 8.39e+02 |  2:4.0e-04  8:2.2e-02
  528 ,   5281 : 5.4391601529920e+00 +(4e-02,6e-02) | 8.51e+02 |  2:3.6e-04  8:2.0e-02
  529 ,   5291 : 5.4405499658481e+00 +(3e-02,6e-02) | 8.47e+02 |  2:3.6e-04  8:2.0e-02
Iterat, #Fevals:   Function Value    (median,worst) |Axis Ratio|idx:Min SD idx:Max SD
  530 ,   5301 : 5.4398330490612e+00 +(4e-02,6e-02) | 8.31e+02 |  2:3.5e-04  8:1.9e-02
  531 ,   5311 : 5.4370085239936e+00 +(4e-02,6e-02) | 8.44e+02 |  2:3.5e-04  8:1.9e-02
  532 ,   5321 : 5.4327975577501e+00 +(3e-02,6e-02) | 8.85e+02 |  2:3.5e-04  8:1.9e-02
  533 ,   5331 : 5.4345523627357e+00 +(4e-02,7e-02) | 8.60e+02 |  2:3.6e-04  8:2.0e-02
  534 ,   5341 : 5.4381080893781e+00 +(4e-02,6e-02) | 8.62e+02 |  2:3.9e-04  8:2.1e-02
  535 ,   5351 : 5.4332328875688e+00 +(5e-02,6e-02) | 8.59e+02 |  2:4.3e-04  8:2.3e-02
  536 ,   5361 : 5.3927735653007e+00 +(9e-02,1e-01) | 8.60e+02 |  2:4.4e-04  8:2.4e-02
  537 ,   5371 : 5.4057994414716e+00 +(4e-02,9e-02) | 8.83e+02 |  2:4.3e-04  8:2.4e-02
  538 ,   5381 : 5.4393272528428e+00 +(1e-02,6e-02) | 9.05e+02 |  2:4.3e-04  8:2.3e-02
  539 ,   5391 : 5.4092319172343e+00 +(6e-02,9e-02) | 9.23e+02 |  2:4.2e-04  8:2.3e-02
Iterat, #Fevals:   Function Value    (median,worst) |Axis Ratio|idx:Min SD idx:Max SD
  540 ,   5401 : 5.4327420238944e+00 +(3e-02,6e-02) | 9.21e+02 |  2:4.4e-04  8:2.4e-02
  541 ,   5411 : 5.4388476283340e+00 +(4e-02,6e-02) | 9.39e+02 |  2:4.7e-04  8:2.5e-02
  542 ,   5421 : 5.4334643613240e+00 +(4e-02,6e-02) | 9.60e+02 |  2:4.8e-04  8:2.6e-02
  543 ,   5431 : 5.4184200358901e+00 +(3e-02,8e-02) | 9.82e+02 |  2:4.8e-04  8:2.6e-02
  544 ,   5441 : 5.4377365370844e+00 +(4e-02,6e-02) | 9.79e+02 |  2:4.5e-04  8:2.4e-02
  545 ,   5451 : 5.4366933503250e+00 +(3e-02,7e-02) | 9.76e+02 |  2:4.3e-04  8:2.2e-02
  546 ,   5461 : 5.3904956641070e+00 +(7e-02,1e-01) | 9.92e+02 |  2:4.1e-04  8:2.2e-02
  547 ,   5471 : 5.3880061475869e+00 +(8e-02,1e-01) | 9.93e+02 |  2:3.9e-04  8:2.1e-02
  548 ,   5481 : 5.4373087897387e+00 +(3e-02,6e-02) | 1.05e+03 |  2:4.2e-04  8:2.4e-02
  549 ,   5491 : 5.4488049437719e+00 +(1e-02,4e-02) | 1.07e+03 |  2:4.4e-04  8:2.6e-02
Iterat, #Fevals:   Function Value    (median,worst) |Axis Ratio|idx:Min SD idx:Max SD
  550 ,   5501 : 5.4306139135727e+00 +(2e-02,7e-02) | 1.07e+03 |  2:4.2e-04  8:2.5e-02
  551 ,   5511 : 5.4303889907591e+00 +(5e-02,7e-02) | 1.07e+03 |  2:3.8e-04  8:2.2e-02
  552 ,   5521 : 5.4412508872458e+00 +(2e-02,6e-02) | 1.08e+03 |  2:3.6e-04  8:2.2e-02
  553 ,   5531 : 5.4329422580382e+00 +(3e-02,8e-02) | 1.09e+03 |  2:3.3e-04  8:2.0e-02
  554 ,   5541 : 5.4365974963849e+00 +(4e-02,6e-02) | 1.07e+03 |  2:3.2e-04  8:2.0e-02
  555 ,   5551 : 5.4329608215809e+00 +(3e-02,6e-02) | 1.09e+03 |  2:3.2e-04  8:2.1e-02
  556 ,   5561 : 5.4374271670329e+00 +(2e-02,6e-02) | 1.09e+03 |  2:3.5e-04  8:2.2e-02
  557 ,   5571 : 5.4050421267701e+00 +(5e-02,7e-02) | 1.10e+03 |  2:3.6e-04  8:2.4e-02
  558 ,   5581 : 5.4037550288786e+00 +(6e-02,9e-02) | 1.11e+03 |  2:3.9e-04  8:2.6e-02
  559 ,   5591 : 5.4306200331636e+00 +(4e-02,6e-02) | 1.10e+03 |  2:3.7e-04  8:2.4e-02
Iterat, #Fevals:   Function Value    (median,worst) |Axis Ratio|idx:Min SD idx:Max SD
  560 ,   5601 : 5.4387559481736e+00 +(2e-02,6e-02) | 1.12e+03 |  2:3.7e-04  8:2.5e-02
  561 ,   5611 : 5.4347727806464e+00 +(3e-02,7e-02) | 1.10e+03 |  2:3.9e-04  8:2.6e-02
  562 ,   5621 : 5.4147655499736e+00 +(3e-02,7e-02) | 1.09e+03 |  2:3.9e-04  8:2.7e-02
  563 ,   5631 : 5.4056411904105e+00 +(8e-02,9e-02) | 1.07e+03 |  2:3.8e-04  8:2.5e-02
  564 ,   5641 : 5.4052506793343e+00 +(4e-02,1e-01) | 1.04e+03 |  2:4.0e-04  8:2.6e-02
  565 ,   5651 : 5.4315766683861e+00 +(4e-02,6e-02) | 1.03e+03 |  2:3.8e-04  8:2.4e-02
  566 ,   5661 : 5.4206284164641e+00 +(5e-02,9e-02) | 1.01e+03 |  2:3.7e-04  8:2.4e-02
  567 ,   5671 : 5.4325445912383e+00 +(4e-02,7e-02) | 1.02e+03 |  2:3.6e-04  8:2.3e-02
  568 ,   5681 : 5.4447016287719e+00 +(2e-02,6e-02) | 9.27e+02 |  2:3.8e-04  8:2.4e-02
  569 ,   5691 : 5.4358030035814e+00 +(2e-02,6e-02) | 9.18e+02 |  2:3.6e-04  8:2.3e-02
Iterat, #Fevals:   Function Value    (median,worst) |Axis Ratio|idx:Min SD idx:Max SD
  570 ,   5701 : 5.4382655589565e+00 +(3e-02,6e-02) | 9.41e+02 |  2:3.6e-04  8:2.2e-02
  571 ,   5711 : 5.4391821837323e+00 +(3e-02,6e-02) | 9.37e+02 |  2:3.9e-04  8:2.3e-02
  572 ,   5721 : 5.4056713095833e+00 +(7e-02,9e-02) | 9.42e+02 |  2:4.1e-04  8:2.5e-02
  573 ,   5731 : 5.4012513082782e+00 +(8e-02,1e-01) | 9.48e+02 |  2:4.2e-04  8:2.5e-02
  574 ,   5741 : 5.4175966211189e+00 +(4e-02,9e-02) | 9.44e+02 |  2:3.8e-04  8:2.3e-02
  575 ,   5751 : 5.3893336365234e+00 +(9e-02,1e-01) | 9.47e+02 |  2:3.7e-04  8:2.2e-02
  576 ,   5761 : 5.4322909921654e+00 +(1e-02,7e-02) | 9.34e+02 |  2:3.7e-04  8:2.2e-02
  577 ,   5771 : 5.4291820497917e+00 +(3e-02,6e-02) | 9.26e+02 |  2:3.6e-04  8:2.1e-02
  578 ,   5781 : 5.4514534705629e+00 +(2e-02,4e-02) | 9.24e+02 |  2:3.2e-04  8:1.8e-02
  579 ,   5791 : 5.4369362135216e+00 +(6e-03,5e-02) | 9.34e+02 |  2:3.2e-04  8:1.9e-02
Iterat, #Fevals:   Function Value    (median,worst) |Axis Ratio|idx:Min SD idx:Max SD
  580 ,   5801 : 5.4361524999869e+00 +(2e-02,7e-02) | 9.37e+02 |  2:3.5e-04  8:2.0e-02
  581 ,   5811 : 5.4378184882088e+00 +(2e-02,4e-02) | 9.37e+02 |  2:3.6e-04  8:2.0e-02
  582 ,   5821 : 5.4372990901888e+00 +(3e-02,6e-02) | 9.38e+02 |  2:3.4e-04  8:1.9e-02
  583 ,   5831 : 5.4347018825299e+00 +(3e-02,6e-02) | 9.41e+02 |  2:3.3e-04  8:1.9e-02
  584 ,   5841 : 5.3921792091821e+00 +(7e-02,1e-01) | 9.56e+02 |  2:3.2e-04  8:1.8e-02
  585 ,   5851 : 5.4486810244131e+00 +(2e-02,5e-02) | 9.57e+02 |  2:3.0e-04  8:1.7e-02
  586 ,   5861 : 5.3893079102478e+00 +(7e-02,9e-02) | 9.42e+02 |  2:3.1e-04  8:1.7e-02
  587 ,   5871 : 5.4032475703238e+00 +(9e-02,9e-02) | 9.03e+02 |  2:3.2e-04  8:1.8e-02
  588 ,   5881 : 5.4555823700419e+00 +(2e-02,4e-02) | 8.47e+02 |  2:3.2e-04  8:1.8e-02
  589 ,   5891 : 5.4046494049882e+00 +(6e-02,9e-02) | 8.41e+02 |  2:2.8e-04  8:1.6e-02
Iterat, #Fevals:   Function Value    (median,worst) |Axis Ratio|idx:Min SD idx:Max SD
  590 ,   5901 : 5.4408514686155e+00 +(2e-02,5e-02) | 8.48e+02 |  2:2.7e-04  8:1.5e-02
  591 ,   5911 : 5.4334604459241e+00 +(2e-02,6e-02) | 8.52e+02 |  2:2.4e-04  8:1.4e-02
  592 ,   5921 : 5.4356374158294e+00 +(2e-02,7e-02) | 8.55e+02 |  2:2.3e-04  8:1.3e-02
  593 ,   5931 : 5.4406391985415e+00 +(4e-02,6e-02) | 8.14e+02 |  2:2.1e-04  8:1.2e-02
  594 ,   5941 : 5.4368424327530e+00 +(2e-02,6e-02) | 8.39e+02 |  2:2.2e-04  8:1.2e-02
  595 ,   5951 : 5.4506169791366e+00 +(2e-02,3e-02) | 8.42e+02 |  2:2.1e-04  8:1.2e-02
  596 ,   5961 : 5.4374107806625e+00 +(2e-02,6e-02) | 8.17e+02 |  2:2.2e-04  8:1.3e-02
  597 ,   5971 : 5.4041915434433e+00 +(8e-02,9e-02) | 8.27e+02 |  2:2.4e-04  8:1.4e-02
  598 ,   5981 : 5.4395194747628e+00 +(3e-02,5e-02) | 8.13e+02 |  2:2.6e-04  8:1.5e-02
  599 ,   5991 : 5.4378823091442e+00 +(4e-02,6e-02) | 8.15e+02 |  2:2.8e-04  8:1.5e-02
Iterat, #Fevals:   Function Value    (median,worst) |Axis Ratio|idx:Min SD idx:Max SD
  600 ,   6001 : 5.4313585245437e+00 +(3e-02,7e-02) | 8.14e+02 |  2:2.9e-04  8:1.5e-02
  601 ,   6011 : 5.4296785894870e+00 +(5e-02,7e-02) | 8.02e+02 |  2:2.8e-04  8:1.5e-02
  602 ,   6021 : 5.4315498554445e+00 +(2e-02,6e-02) | 7.99e+02 |  2:2.7e-04  8:1.4e-02
  603 ,   6031 : 5.4368767726425e+00 +(3e-02,6e-02) | 8.34e+02 |  2:2.7e-04  8:1.4e-02
  604 ,   6041 : 5.4323103432851e+00 +(4e-02,6e-02) | 8.50e+02 |  2:2.6e-04  8:1.4e-02
  605 ,   6051 : 5.4009652118039e+00 +(5e-02,8e-02) | 8.57e+02 |  2:2.5e-04  8:1.3e-02
  606 ,   6061 : 5.4304320142117e+00 +(5e-02,7e-02) | 8.88e+02 |  2:2.5e-04  8:1.3e-02
  607 ,   6071 : 5.4207579054313e+00 +(6e-02,8e-02) | 8.98e+02 |  2:2.6e-04  8:1.3e-02
  608 ,   6081 : 5.4314707227965e+00 +(2e-02,7e-02) | 8.91e+02 |  2:2.3e-04  8:1.2e-02
  609 ,   6091 : 5.4379389554872e+00 +(4e-02,7e-02) | 8.68e+02 |  2:2.3e-04  8:1.1e-02
Iterat, #Fevals:   Function Value    (median,worst) |Axis Ratio|idx:Min SD idx:Max SD
  610 ,   6101 : 5.4303262698322e+00 +(5e-02,7e-02) | 8.55e+02 |  2:2.4e-04  8:1.2e-02
  611 ,   6111 : 5.4382037940935e+00 +(2e-02,6e-02) | 8.57e+02 |  2:2.6e-04  8:1.2e-02
  612 ,   6121 : 5.3883143696825e+00 +(7e-02,1e-01) | 8.59e+02 |  2:2.4e-04  8:1.1e-02
  613 ,   6131 : 5.3893186074747e+00 +(9e-02,1e-01) | 8.50e+02 |  2:2.3e-04  8:1.1e-02
  614 ,   6141 : 5.4488457650292e+00 +(2e-02,6e-02) | 8.59e+02 |  2:2.2e-04  8:9.9e-03
  615 ,   6151 : 5.4335673303339e+00 +(2e-02,6e-02) | 8.55e+02 |  2:1.8e-04  8:8.4e-03
  616 ,   6161 : 5.4364700727755e+00 +(4e-02,6e-02) | 8.56e+02 |  2:1.7e-04  8:7.8e-03
  617 ,   6171 : 5.4391960955250e+00 +(4e-02,6e-02) | 8.27e+02 |  2:2.0e-04  8:8.2e-03
  618 ,   6181 : 5.4057379209648e+00 +(8e-02,9e-02) | 8.21e+02 |  2:2.2e-04  8:8.8e-03
  619 ,   6191 : 5.4095087221418e+00 +(6e-02,9e-02) | 8.37e+02 |  2:2.3e-04  8:9.0e-03
Iterat, #Fevals:   Function Value    (median,worst) |Axis Ratio|idx:Min SD idx:Max SD
  620 ,   6201 : 5.4040140681034e+00 +(5e-02,9e-02) | 8.26e+02 |  2:1.9e-04  8:7.6e-03
  621 ,   6211 : 5.4540976496101e+00 +(3e-02,5e-02) | 8.12e+02 |  2:1.8e-04  8:7.2e-03
  622 ,   6221 : 5.4046560260825e+00 +(5e-02,9e-02) | 8.07e+02 |  2:1.7e-04  8:6.8e-03
  623 ,   6231 : 5.4329218649638e+00 +(2e-02,6e-02) | 8.02e+02 |  2:1.7e-04  8:6.6e-03
  624 ,   6241 : 5.4349726226018e+00 +(4e-02,6e-02) | 8.01e+02 |  2:1.5e-04  8:6.1e-03
  625 ,   6251 : 5.4499980283486e+00 +(2e-02,3e-02) | 7.97e+02 |  2:1.5e-04  8:5.7e-03
  626 ,   6261 : 5.3889421819254e+00 +(8e-02,1e-01) | 7.86e+02 |  2:1.5e-04  8:5.8e-03
  627 ,   6271 : 5.4389964064275e+00 +(2e-02,5e-02) | 7.90e+02 |  2:1.5e-04  8:5.7e-03
  628 ,   6281 : 5.4383172800934e+00 +(2e-02,6e-02) | 8.13e+02 |  2:1.6e-04  8:6.1e-03
  629 ,   6291 : 5.4392761493777e+00 +(4e-02,6e-02) | 8.14e+02 |  2:1.5e-04  8:5.7e-03
Iterat, #Fevals:   Function Value    (median,worst) |Axis Ratio|idx:Min SD idx:Max SD
  630 ,   6301 : 5.4214811076835e+00 +(4e-02,8e-02) | 7.95e+02 |  2:1.4e-04  8:5.2e-03
  631 ,   6311 : 5.4387830343453e+00 +(3e-02,7e-02) | 7.90e+02 |  2:1.4e-04  8:5.4e-03
  632 ,   6321 : 5.4390597656486e+00 +(4e-02,6e-02) | 7.53e+02 |  2:1.4e-04  8:5.4e-03
  633 ,   6331 : 5.3930688493083e+00 +(8e-02,1e-01) | 7.96e+02 |  2:1.6e-04  8:6.2e-03
  634 ,   6341 : 5.4375277992706e+00 +(2e-02,6e-02) | 8.48e+02 |  2:1.7e-04  8:7.1e-03
  635 ,   6351 : 5.4365131985830e+00 +(5e-02,6e-02) | 8.59e+02 |  2:1.6e-04  8:6.5e-03
  636 ,   6361 : 5.4333782873683e+00 +(4e-02,5e-02) | 8.47e+02 |  2:1.6e-04  8:6.3e-03
  637 ,   6371 : 5.4348011618037e+00 +(4e-02,6e-02) | 8.30e+02 |  2:1.7e-04  8:6.6e-03
  638 ,   6381 : 5.3919955296984e+00 +(6e-02,1e-01) | 8.59e+02 |  2:1.7e-04  8:6.8e-03
  639 ,   6391 : 5.4032320794931e+00 +(7e-02,9e-02) | 9.11e+02 |  2:1.8e-04  8:8.0e-03
Iterat, #Fevals:   Function Value    (median,worst) |Axis Ratio|idx:Min SD idx:Max SD
  640 ,   6401 : 5.4206848114736e+00 +(6e-02,7e-02) | 9.33e+02 |  2:1.9e-04  8:8.5e-03
  641 ,   6411 : 5.4367422539627e+00 +(4e-02,6e-02) | 9.40e+02 |  2:1.9e-04  8:8.4e-03
  642 ,   6421 : 5.4050575533727e+00 +(8e-02,1e-01) | 9.75e+02 |  2:1.9e-04  8:8.9e-03
  643 ,   6431 : 5.4401242208058e+00 +(3e-02,6e-02) | 9.72e+02 |  2:1.8e-04  8:8.5e-03
  644 ,   6441 : 5.4376122209951e+00 +(3e-02,6e-02) | 9.80e+02 |  2:1.8e-04  8:8.2e-03
  645 ,   6451 : 5.4059006812648e+00 +(5e-02,8e-02) | 1.00e+03 |  2:2.3e-04  8:9.3e-03
  646 ,   6461 : 5.4027914790697e+00 +(6e-02,9e-02) | 9.96e+02 |  2:2.3e-04  8:9.3e-03
  647 ,   6471 : 5.4485923244461e+00 +(4e-02,5e-02) | 9.89e+02 |  2:2.3e-04  8:9.3e-03
  648 ,   6481 : 5.4346851308906e+00 +(4e-02,6e-02) | 9.97e+02 |  2:2.3e-04  8:9.1e-03
  649 ,   6491 : 5.4325677256372e+00 +(2e-02,6e-02) | 1.04e+03 |  2:2.4e-04  8:9.4e-03
Iterat, #Fevals:   Function Value    (median,worst) |Axis Ratio|idx:Min SD idx:Max SD
  650 ,   6501 : 5.4335566141538e+00 +(2e-02,7e-02) | 1.03e+03 |  2:2.2e-04  8:8.7e-03
  651 ,   6511 : 5.4035827320474e+00 +(6e-02,1e-01) | 1.05e+03 |  2:2.1e-04  8:8.1e-03
  652 ,   6521 : 5.3912704186566e+00 +(6e-02,1e-01) | 1.05e+03 |  2:2.4e-04  8:8.8e-03
  653 ,   6531 : 5.4371674490004e+00 +(2e-02,6e-02) | 1.11e+03 |  2:2.6e-04  8:9.4e-03
  654 ,   6541 : 5.4346771576006e+00 +(4e-02,6e-02) | 1.12e+03 |  2:2.5e-04  8:9.3e-03
  655 ,   6551 : 5.4323142316366e+00 +(3e-02,7e-02) | 1.14e+03 |  2:2.4e-04  8:9.1e-03
  656 ,   6561 : 5.4361819266633e+00 +(4e-02,6e-02) | 1.14e+03 |  2:2.5e-04  8:9.3e-03
  657 ,   6571 : 5.4356665606742e+00 +(3e-02,6e-02) | 1.13e+03 |  2:2.5e-04  8:9.4e-03
  658 ,   6581 : 5.3873318023457e+00 +(9e-02,1e-01) | 1.14e+03 |  2:2.5e-04  8:9.3e-03
  659 ,   6591 : 5.4359690290630e+00 +(2e-02,4e-02) | 1.17e+03 |  2:2.2e-04  8:8.7e-03
Iterat, #Fevals:   Function Value    (median,worst) |Axis Ratio|idx:Min SD idx:Max SD
  660 ,   6601 : 5.3932577767899e+00 +(6e-02,9e-02) | 1.16e+03 |  2:2.1e-04  8:8.4e-03
  661 ,   6611 : 5.3938788144639e+00 +(7e-02,1e-01) | 1.18e+03 |  2:2.2e-04  8:8.2e-03
  662 ,   6621 : 5.4054758503033e+00 +(7e-02,9e-02) | 1.19e+03 |  2:2.2e-04  8:8.2e-03
  663 ,   6631 : 5.4310761993237e+00 +(1e-02,7e-02) | 1.18e+03 |  2:2.3e-04  8:8.4e-03
  664 ,   6641 : 5.4357453162622e+00 +(2e-02,4e-02) | 1.22e+03 |  2:2.2e-04  8:8.2e-03
  665 ,   6651 : 5.4081698358039e+00 +(6e-02,9e-02) | 1.28e+03 |  2:2.3e-04  8:8.4e-03
  666 ,   6661 : 5.4330351031596e+00 +(1e-02,7e-02) | 1.33e+03 |  2:2.5e-04  8:9.0e-03
  667 ,   6671 : 5.4084482944039e+00 +(6e-02,9e-02) | 1.34e+03 |  2:2.4e-04  8:8.7e-03
  668 ,   6681 : 5.4040536776276e+00 +(7e-02,9e-02) | 1.35e+03 |  2:2.5e-04  8:9.0e-03
  669 ,   6691 : 5.4052783970094e+00 +(5e-02,9e-02) | 1.34e+03 |  2:2.5e-04  8:9.0e-03
Iterat, #Fevals:   Function Value    (median,worst) |Axis Ratio|idx:Min SD idx:Max SD
  670 ,   6701 : 5.4063604912621e+00 +(7e-02,1e-01) | 1.33e+03 |  2:2.5e-04  8:9.1e-03
  671 ,   6711 : 5.3930629668734e+00 +(9e-02,1e-01) | 1.35e+03 |  2:2.4e-04  8:8.9e-03
  672 ,   6721 : 5.4365542795884e+00 +(4e-02,6e-02) | 1.34e+03 |  2:2.4e-04  8:8.6e-03
  673 ,   6731 : 5.4336777013307e+00 +(4e-02,6e-02) | 1.39e+03 |  2:2.3e-04  8:8.7e-03
  674 ,   6741 : 5.4155417480180e+00 +(5e-02,9e-02) | 1.48e+03 |  2:2.5e-04  8:9.6e-03
  675 ,   6751 : 5.4365154184836e+00 +(4e-02,5e-02) | 1.52e+03 |  2:2.5e-04  8:9.7e-03
  676 ,   6761 : 5.4376421949119e+00 +(4e-02,6e-02) | 1.53e+03 |  2:2.3e-04  8:8.9e-03
  677 ,   6771 : 5.4483424481843e+00 +(3e-02,5e-02) | 1.55e+03 |  2:2.6e-04  8:9.4e-03
  678 ,   6781 : 5.4224240601617e+00 +(3e-02,6e-02) | 1.64e+03 |  2:2.7e-04  8:1.0e-02
  679 ,   6791 : 5.4088408449894e+00 +(5e-02,1e-01) | 1.61e+03 |  2:2.5e-04  8:9.4e-03
Iterat, #Fevals:   Function Value    (median,worst) |Axis Ratio|idx:Min SD idx:Max SD
  680 ,   6801 : 5.4371059604802e+00 +(2e-02,6e-02) | 1.63e+03 |  2:2.3e-04  8:8.9e-03
  681 ,   6811 : 5.4343771564310e+00 +(4e-02,6e-02) | 1.67e+03 |  2:2.6e-04  8:9.6e-03
  682 ,   6821 : 5.4023984310894e+00 +(6e-02,9e-02) | 1.68e+03 |  2:2.4e-04  8:8.7e-03
  683 ,   6831 : 5.4052681936788e+00 +(8e-02,1e-01) | 1.76e+03 |  2:2.4e-04  8:9.2e-03
  684 ,   6841 : 5.4054255472688e+00 +(7e-02,9e-02) | 1.76e+03 |  2:2.5e-04  8:9.5e-03
  685 ,   6851 : 5.4054262019421e+00 +(8e-02,1e-01) | 1.75e+03 |  2:2.5e-04  8:9.7e-03
  686 ,   6861 : 5.4339296280620e+00 +(2e-02,5e-02) | 1.72e+03 |  2:2.6e-04  8:9.8e-03
  687 ,   6871 : 5.4033667291616e+00 +(6e-02,9e-02) | 1.71e+03 |  2:2.5e-04  8:9.3e-03
  688 ,   6881 : 5.4384187997836e+00 +(2e-02,6e-02) | 1.72e+03 |  2:2.7e-04  8:1.0e-02
  689 ,   6891 : 5.4180772561376e+00 +(4e-02,8e-02) | 1.75e+03 |  2:2.8e-04  8:1.1e-02
Iterat, #Fevals:   Function Value    (median,worst) |Axis Ratio|idx:Min SD idx:Max SD
  690 ,   6901 : 5.4335679054141e+00 +(4e-02,7e-02) | 1.82e+03 |  2:2.6e-04  8:1.1e-02
  691 ,   6911 : 5.4337375706617e+00 +(2e-02,6e-02) | 1.91e+03 |  2:2.8e-04  8:1.2e-02
  692 ,   6921 : 5.4199199784994e+00 +(5e-02,9e-02) | 1.92e+03 |  2:2.9e-04  8:1.3e-02
  693 ,   6931 : 5.3910384125971e+00 +(6e-02,1e-01) | 1.96e+03 |  2:2.8e-04  8:1.3e-02
  694 ,   6941 : 5.4329006944916e+00 +(1e-02,5e-02) | 2.00e+03 |  2:2.7e-04  8:1.2e-02
  695 ,   6951 : 5.4476010795103e+00 +(2e-02,5e-02) | 2.01e+03 |  2:2.5e-04  8:1.1e-02
  696 ,   6961 : 5.4481043831167e+00 +(1e-02,5e-02) | 1.99e+03 |  2:2.3e-04  8:1.1e-02
  697 ,   6971 : 5.4367761443687e+00 +(3e-02,6e-02) | 1.98e+03 |  2:2.2e-04  8:9.9e-03
  698 ,   6981 : 5.4024740974139e+00 +(7e-02,9e-02) | 2.07e+03 |  2:2.3e-04  8:1.1e-02
  699 ,   6991 : 5.4327633447063e+00 +(2e-02,7e-02) | 2.06e+03 |  2:2.2e-04  8:1.0e-02
Iterat, #Fevals:   Function Value    (median,worst) |Axis Ratio|idx:Min SD idx:Max SD
  700 ,   7001 : 5.4029259512376e+00 +(5e-02,8e-02) | 2.08e+03 |  2:2.2e-04  8:1.0e-02
  701 ,   7011 : 5.4386962041780e+00 +(3e-02,6e-02) | 2.04e+03 |  2:2.0e-04  8:9.2e-03
  702 ,   7021 : 5.4327334018721e+00 +(3e-02,6e-02) | 2.05e+03 |  2:2.0e-04  8:8.9e-03
  703 ,   7031 : 5.4352297325757e+00 +(3e-02,6e-02) | 2.05e+03 |  2:2.0e-04  8:8.9e-03
  704 ,   7041 : 5.4029618266266e+00 +(7e-02,1e-01) | 2.12e+03 |  2:1.9e-04  8:8.6e-03
  705 ,   7051 : 5.4201723155796e+00 +(6e-02,8e-02) | 2.12e+03 |  2:1.8e-04  8:8.2e-03
  706 ,   7061 : 5.4360020169808e+00 +(2e-02,6e-02) | 2.15e+03 |  2:1.8e-04  8:8.6e-03
  707 ,   7071 : 5.4189583646030e+00 +(5e-02,8e-02) | 2.17e+03 |  2:1.7e-04  8:8.1e-03
  708 ,   7081 : 5.4373724578746e+00 +(3e-02,6e-02) | 2.15e+03 |  2:1.7e-04  8:8.2e-03
  709 ,   7091 : 5.4375435292794e+00 +(3e-02,6e-02) | 2.14e+03 |  2:1.7e-04  8:8.2e-03
Iterat, #Fevals:   Function Value    (median,worst) |Axis Ratio|idx:Min SD idx:Max SD
  710 ,   7101 : 5.4352245049162e+00 +(1e-02,6e-02) | 2.13e+03 |  2:1.7e-04  8:8.0e-03
  711 ,   7111 : 5.4046836308479e+00 +(6e-02,9e-02) | 2.10e+03 |  2:1.7e-04  8:7.8e-03
  712 ,   7121 : 5.4336978804431e+00 +(4e-02,5e-02) | 2.13e+03 |  2:1.8e-04  8:8.0e-03
  713 ,   7131 : 5.4175673266103e+00 +(4e-02,8e-02) | 2.11e+03 |  2:2.0e-04  8:8.5e-03
  714 ,   7141 : 5.4020064749604e+00 +(4e-02,9e-02) | 2.14e+03 |  2:2.2e-04  8:9.1e-03
  715 ,   7151 : 5.3933919225202e+00 +(8e-02,1e-01) | 2.15e+03 |  2:1.9e-04  8:8.1e-03
  716 ,   7161 : 5.4337671413413e+00 +(2e-02,6e-02) | 2.16e+03 |  2:1.9e-04  8:8.0e-03
  717 ,   7171 : 5.4375930952507e+00 +(2e-02,6e-02) | 2.14e+03 |  2:1.7e-04  8:7.0e-03
  718 ,   7181 : 5.4369805862448e+00 +(2e-02,6e-02) | 2.16e+03 |  2:1.7e-04  8:7.4e-03
  719 ,   7191 : 5.4085353066530e+00 +(5e-02,8e-02) | 2.17e+03 |  2:1.8e-04  8:7.5e-03
Iterat, #Fevals:   Function Value    (median,worst) |Axis Ratio|idx:Min SD idx:Max SD
  720 ,   7201 : 5.4345727926466e+00 +(3e-03,7e-02) | 2.18e+03 |  2:1.7e-04  8:7.1e-03
  721 ,   7211 : 5.4343541907285e+00 +(5e-02,6e-02) | 2.18e+03 |  2:1.5e-04  8:6.2e-03
  722 ,   7221 : 5.4337185834482e+00 +(5e-02,6e-02) | 2.13e+03 |  2:1.4e-04  8:5.9e-03
  723 ,   7231 : 5.4042486419193e+00 +(5e-02,8e-02) | 2.13e+03 |  2:1.4e-04  8:5.7e-03
  724 ,   7241 : 5.4310755936491e+00 +(4e-02,7e-02) | 2.13e+03 |  2:1.3e-04  8:5.4e-03
  725 ,   7251 : 5.4332598694857e+00 +(2e-02,6e-02) | 2.14e+03 |  2:1.3e-04  8:5.2e-03
  726 ,   7261 : 5.4041042809402e+00 +(5e-02,9e-02) | 2.14e+03 |  2:1.1e-04  8:4.6e-03
  727 ,   7271 : 5.4361659954203e+00 +(4e-02,6e-02) | 2.14e+03 |  2:1.0e-04  8:4.2e-03
  728 ,   7281 : 5.4377982928430e+00 +(4e-02,6e-02) | 2.06e+03 |  2:1.0e-04  8:4.1e-03
  729 ,   7291 : 5.4334435773086e+00 +(3e-02,6e-02) | 1.77e+03 |  2:1.1e-04  8:4.7e-03
Iterat, #Fevals:   Function Value    (median,worst) |Axis Ratio|idx:Min SD idx:Max SD
  730 ,   7301 : 5.4198128786049e+00 +(5e-02,8e-02) | 1.83e+03 |  2:1.3e-04  8:5.3e-03
  731 ,   7311 : 5.4046417420954e+00 +(7e-02,9e-02) | 1.83e+03 |  2:1.3e-04  8:5.4e-03
  732 ,   7321 : 5.4177848120042e+00 +(6e-02,9e-02) | 1.82e+03 |  2:1.3e-04  8:5.2e-03
  733 ,   7331 : 5.4365356808742e+00 +(2e-02,7e-02) | 1.84e+03 |  2:1.2e-04  8:4.9e-03
  734 ,   7341 : 5.4034199452214e+00 +(4e-02,1e-01) | 1.84e+03 |  2:1.1e-04  8:4.7e-03
  735 ,   7351 : 5.4344060903627e+00 +(2e-02,7e-02) | 1.86e+03 |  2:1.0e-04  8:4.3e-03
  736 ,   7361 : 5.4180381948541e+00 +(3e-02,7e-02) | 1.86e+03 |  2:9.6e-05  8:3.9e-03
  737 ,   7371 : 5.4046195081846e+00 +(5e-02,9e-02) | 1.84e+03 |  2:8.8e-05  8:3.6e-03
  738 ,   7381 : 5.4047097891168e+00 +(4e-02,5e-02) | 1.88e+03 |  2:8.7e-05  8:3.4e-03
  739 ,   7391 : 5.4312611698170e+00 +(4e-02,6e-02) | 1.82e+03 |  2:8.5e-05  8:3.3e-03
Iterat, #Fevals:   Function Value    (median,worst) |Axis Ratio|idx:Min SD idx:Max SD
  740 ,   7401 : 5.4303150668190e+00 +(2e-02,6e-02) | 1.80e+03 |  2:8.7e-05  8:3.4e-03
  741 ,   7411 : 5.4474293367324e+00 +(6e-03,4e-02) | 1.83e+03 |  2:8.6e-05  8:3.4e-03
  742 ,   7421 : 5.4368316863754e+00 +(3e-02,5e-02) | 1.83e+03 |  2:8.5e-05  8:3.3e-03
  743 ,   7431 : 5.4371113170956e+00 +(4e-02,6e-02) | 1.83e+03 |  2:8.3e-05  9:3.2e-03
  744 ,   7441 : 5.4046648718559e+00 +(5e-02,8e-02) | 1.84e+03 |  2:7.7e-05  9:3.0e-03
  745 ,   7451 : 5.4344237666148e+00 +(3e-02,5e-02) | 1.84e+03 |  2:7.1e-05  9:2.8e-03
  746 ,   7461 : 5.4470359416289e+00 +(3e-02,5e-02) | 1.85e+03 |  2:6.1e-05  9:2.4e-03
  747 ,   7471 : 5.4169609189447e+00 +(6e-02,8e-02) | 1.85e+03 |  2:5.8e-05  9:2.3e-03
  748 ,   7481 : 5.4014949779351e+00 +(7e-02,1e-01) | 1.90e+03 |  2:5.5e-05  8:2.2e-03
  749 ,   7491 : 5.4027214152639e+00 +(5e-02,1e-01) | 1.90e+03 |  2:5.5e-05  8:2.2e-03
Iterat, #Fevals:   Function Value    (median,worst) |Axis Ratio|idx:Min SD idx:Max SD
  750 ,   7501 : 5.4204712444041e+00 +(5e-02,8e-02) | 1.92e+03 |  2:5.8e-05  8:2.3e-03
  751 ,   7511 : 5.4366975722355e+00 +(4e-02,6e-02) | 1.97e+03 |  2:6.0e-05  8:2.5e-03
  752 ,   7521 : 5.4342388735370e+00 +(5e-02,7e-02) | 2.01e+03 |  2:6.0e-05  8:2.4e-03
  753 ,   7531 : 5.4044841349369e+00 +(7e-02,9e-02) | 2.05e+03 |  2:5.9e-05  8:2.4e-03
  754 ,   7541 : 5.4332368574940e+00 +(3e-02,6e-02) | 2.05e+03 |  2:5.8e-05  8:2.4e-03
  755 ,   7551 : 5.4365451608980e+00 +(3e-02,7e-02) | 2.03e+03 |  2:5.9e-05  8:2.4e-03
  756 ,   7561 : 5.4012974365172e+00 +(4e-02,1e-01) | 2.00e+03 |  2:6.6e-05  8:2.6e-03
  757 ,   7571 : 5.4395571704194e+00 +(5e-02,6e-02) | 2.01e+03 |  2:7.4e-05  8:2.8e-03
  758 ,   7581 : 5.4043512398252e+00 +(5e-02,8e-02) | 2.01e+03 |  2:7.9e-05  8:2.9e-03
  759 ,   7591 : 5.4470832845662e+00 +(1e-02,5e-02) | 2.01e+03 |  2:8.0e-05  8:2.9e-03
Iterat, #Fevals:   Function Value    (median,worst) |Axis Ratio|idx:Min SD idx:Max SD
  760 ,   7601 : 5.4397512195098e+00 +(4e-02,6e-02) | 2.05e+03 |  2:7.8e-05  8:2.8e-03
  761 ,   7611 : 5.4034530131714e+00 +(7e-02,1e-01) | 2.04e+03 |  2:7.6e-05  8:2.7e-03
  762 ,   7621 : 5.4350055653792e+00 +(2e-02,6e-02) | 2.06e+03 |  2:7.8e-05  8:2.7e-03
  763 ,   7631 : 5.4366235710337e+00 +(2e-02,7e-02) | 2.05e+03 |  2:7.3e-05  8:2.5e-03
  764 ,   7641 : 5.4196975253254e+00 +(3e-02,8e-02) | 2.03e+03 |  2:6.9e-05  8:2.4e-03
  765 ,   7651 : 5.4310988357362e+00 +(3e-02,6e-02) | 2.06e+03 |  2:7.7e-05  8:2.6e-03
  766 ,   7661 : 5.3848384943106e+00 +(7e-02,1e-01) | 2.06e+03 |  2:7.9e-05  8:2.6e-03
  767 ,   7671 : 5.4025729158904e+00 +(6e-02,9e-02) | 2.08e+03 |  2:7.5e-05  8:2.5e-03
  768 ,   7681 : 5.3882055147129e+00 +(7e-02,1e-01) | 2.11e+03 |  2:7.2e-05  8:2.4e-03
  769 ,   7691 : 5.4318986842566e+00 +(2e-02,6e-02) | 2.07e+03 |  2:7.2e-05  8:2.4e-03
Iterat, #Fevals:   Function Value    (median,worst) |Axis Ratio|idx:Min SD idx:Max SD
  770 ,   7701 : 5.4509451811567e+00 +(3e-02,5e-02) | 2.05e+03 |  2:6.9e-05  8:2.3e-03
  771 ,   7711 : 5.3998219488969e+00 +(7e-02,1e-01) | 2.08e+03 |  2:6.1e-05  8:2.1e-03
  772 ,   7721 : 5.4321863424084e+00 +(4e-02,7e-02) | 2.07e+03 |  2:5.4e-05  8:1.8e-03
  773 ,   7731 : 5.4023528163688e+00 +(5e-02,9e-02) | 2.01e+03 |  2:4.9e-05  8:1.6e-03
  774 ,   7741 : 5.4328446604760e+00 +(5e-02,8e-02) | 2.02e+03 |  2:4.2e-05  8:1.4e-03
  775 ,   7751 : 5.4360323016770e+00 +(3e-02,6e-02) | 2.03e+03 |  2:3.6e-05  8:1.2e-03
  776 ,   7761 : 5.4036470073380e+00 +(5e-02,9e-02) | 1.99e+03 |  2:3.4e-05  8:1.1e-03
  777 ,   7771 : 5.4312822535246e+00 +(4e-02,6e-02) | 1.91e+03 |  2:3.2e-05  8:1.0e-03
  778 ,   7781 : 5.3923313786797e+00 +(5e-02,1e-01) | 1.88e+03 |  2:3.0e-05  8:9.7e-04
  779 ,   7791 : 5.4365198675223e+00 +(3e-02,6e-02) | 1.86e+03 |  2:2.8e-05  8:9.4e-04
Iterat, #Fevals:   Function Value    (median,worst) |Axis Ratio|idx:Min SD idx:Max SD
  780 ,   7801 : 5.3861265973089e+00 +(7e-02,1e-01) | 1.89e+03 |  2:2.8e-05  8:9.0e-04
  781 ,   7811 : 5.3925086987134e+00 +(6e-02,1e-01) | 1.90e+03 |  2:2.6e-05  8:8.5e-04
  782 ,   7821 : 5.4332512682575e+00 +(4e-02,6e-02) | 1.87e+03 |  2:2.5e-05  8:8.3e-04
  783 ,   7831 : 5.4348676999743e+00 +(2e-02,7e-02) | 1.89e+03 |  2:2.5e-05  8:8.1e-04
  784 ,   7841 : 5.4012211328435e+00 +(8e-02,1e-01) | 1.94e+03 |  2:2.3e-05  8:7.4e-04
  785 ,   7851 : 5.4347955969089e+00 +(3e-02,6e-02) | 2.07e+03 |  2:2.5e-05  8:8.5e-04
  786 ,   7861 : 5.4366444357303e+00 +(2e-02,6e-02) | 2.14e+03 |  2:2.7e-05  8:9.1e-04
  787 ,   7871 : 5.4196387320352e+00 +(3e-02,8e-02) | 2.16e+03 |  2:2.3e-05  8:7.9e-04
  788 ,   7881 : 5.4340779534358e+00 +(3e-02,6e-02) | 2.04e+03 |  2:2.2e-05  8:7.4e-04
  789 ,   7891 : 5.4303462731711e+00 +(2e-02,5e-02) | 2.04e+03 |  2:2.1e-05  8:7.5e-04
Iterat, #Fevals:   Function Value    (median,worst) |Axis Ratio|idx:Min SD idx:Max SD
  790 ,   7901 : 5.4199935296626e+00 +(7e-02,8e-02) | 2.05e+03 |  2:2.0e-05  8:7.0e-04
  791 ,   7911 : 5.4462488364466e+00 +(4e-02,5e-02) | 2.03e+03 |  2:1.9e-05  8:6.6e-04
  792 ,   7921 : 5.4345511110637e+00 +(2e-02,4e-02) | 2.01e+03 |  2:1.6e-05  8:5.7e-04
  793 ,   7931 : 5.4050779767609e+00 +(7e-02,1e-01) | 2.00e+03 |  2:1.5e-05  8:5.2e-04
  794 ,   7941 : 5.4185906802446e+00 +(7e-02,9e-02) | 2.00e+03 |  2:1.4e-05  8:5.2e-04
  795 ,   7951 : 5.4366101837916e+00 +(4e-02,6e-02) | 2.00e+03 |  2:1.5e-05  8:5.5e-04
  796 ,   7961 : 5.4007535687557e+00 +(7e-02,1e-01) | 2.02e+03 |  2:1.6e-05  8:5.7e-04
  797 ,   7971 : 5.4047676776737e+00 +(7e-02,9e-02) | 2.02e+03 |  2:1.7e-05  8:5.7e-04
  798 ,   7981 : 5.4354927064013e+00 +(2e-02,6e-02) | 2.06e+03 |  2:1.6e-05  8:5.6e-04
  799 ,   7991 : 5.4528836850949e+00 +(2e-02,5e-02) | 2.06e+03 |  2:1.5e-05  8:5.1e-04
Iterat, #Fevals:   Function Value    (median,worst) |Axis Ratio|idx:Min SD idx:Max SD
  800 ,   8001 : 5.4174118499816e+00 +(3e-02,8e-02) | 2.09e+03 |  2:1.3e-05  8:4.7e-04
  801 ,   8011 : 5.4346913992295e+00 +(5e-02,6e-02) | 2.14e+03 |  2:1.3e-05  8:4.6e-04
  802 ,   8021 : 5.4379316319729e+00 +(3e-02,7e-02) | 2.17e+03 |  2:1.2e-05  8:4.5e-04
  803 ,   8031 : 5.3911132189656e+00 +(8e-02,1e-01) | 2.18e+03 |  2:1.1e-05  8:4.1e-04
  804 ,   8041 : 5.4046390101968e+00 +(7e-02,9e-02) | 2.21e+03 |  2:1.0e-05  8:3.7e-04
  805 ,   8051 : 5.4382963467611e+00 +(3e-02,6e-02) | 2.23e+03 |  2:9.4e-06  8:3.4e-04
  806 ,   8061 : 5.4380320014084e+00 +(2e-02,5e-02) | 2.15e+03 |  2:9.8e-06  8:3.5e-04
  807 ,   8071 : 5.4384308975471e+00 +(1e-02,4e-02) | 2.17e+03 |  2:9.9e-06  8:3.7e-04
  808 ,   8081 : 5.4369922367287e+00 +(4e-02,6e-02) | 2.19e+03 |  2:1.0e-05  8:3.7e-04
  809 ,   8091 : 5.4038884994991e+00 +(5e-02,9e-02) | 2.20e+03 |  2:9.7e-06  8:3.4e-04
Iterat, #Fevals:   Function Value    (median,worst) |Axis Ratio|idx:Min SD idx:Max SD
  810 ,   8101 : 5.3886222070373e+00 +(7e-02,1e-01) | 2.22e+03 |  2:9.3e-06  8:3.2e-04
  811 ,   8111 : 5.4028467876517e+00 +(7e-02,1e-01) | 2.24e+03 |  2:8.9e-06  8:3.0e-04
  812 ,   8121 : 5.4361667996430e+00 +(3e-02,6e-02) | 2.22e+03 |  2:8.8e-06  8:2.9e-04
  813 ,   8131 : 5.4368506577155e+00 +(3e-02,6e-02) | 2.21e+03 |  2:9.0e-06  8:2.9e-04
  814 ,   8141 : 5.4185730817720e+00 +(5e-02,8e-02) | 2.25e+03 |  2:9.2e-06  8:3.0e-04
  815 ,   8151 : 5.4452416685685e+00 +(1e-02,5e-02) | 2.20e+03 |  2:9.2e-06  8:3.0e-04
  816 ,   8161 : 5.3904286062434e+00 +(7e-02,1e-01) | 2.23e+03 |  2:9.0e-06  8:2.9e-04
  817 ,   8171 : 5.4029021190392e+00 +(5e-02,8e-02) | 2.22e+03 |  2:8.7e-06  8:2.9e-04
  818 ,   8181 : 5.4189559115091e+00 +(6e-02,7e-02) | 2.21e+03 |  2:9.3e-06  8:3.0e-04
  819 ,   8191 : 5.4454601305452e+00 +(3e-02,5e-02) | 2.22e+03 |  2:8.9e-06  8:2.9e-04
Iterat, #Fevals:   Function Value    (median,worst) |Axis Ratio|idx:Min SD idx:Max SD
  820 ,   8201 : 5.4193299210647e+00 +(4e-02,8e-02) | 2.20e+03 |  2:8.3e-06  8:2.6e-04
  821 ,   8211 : 5.4318733951025e+00 +(2e-02,7e-02) | 2.26e+03 |  2:9.0e-06  9:2.9e-04
  822 ,   8221 : 5.4306882849371e+00 +(3e-02,6e-02) | 2.23e+03 |  2:9.0e-06  9:2.8e-04
  823 ,   8231 : 5.4327570280364e+00 +(1e-02,6e-02) | 2.23e+03 |  2:8.4e-06  9:2.7e-04
  824 ,   8241 : 5.4052912607754e+00 +(6e-02,1e-01) | 2.30e+03 |  2:8.1e-06  9:2.6e-04
  825 ,   8251 : 5.4366300257084e+00 +(4e-02,6e-02) | 2.30e+03 |  2:7.9e-06  9:2.6e-04
  826 ,   8261 : 5.4028520439162e+00 +(5e-02,1e-01) | 2.29e+03 |  2:7.7e-06  9:2.5e-04
  827 ,   8271 : 5.4339835403614e+00 +(3e-02,6e-02) | 2.19e+03 |  2:8.1e-06  9:2.7e-04
  828 ,   8281 : 5.3925093561458e+00 +(9e-02,1e-01) | 2.17e+03 |  2:7.7e-06  9:2.5e-04
  829 ,   8291 : 5.4327630518530e+00 +(2e-02,6e-02) | 2.17e+03 |  2:7.4e-06  9:2.4e-04
Iterat, #Fevals:   Function Value    (median,worst) |Axis Ratio|idx:Min SD idx:Max SD
  830 ,   8301 : 5.4457342271667e+00 +(1e-02,4e-02) | 2.18e+03 |  2:6.7e-06  9:2.2e-04
  831 ,   8311 : 5.4185215724894e+00 +(6e-02,8e-02) | 2.18e+03 |  2:6.1e-06  9:2.0e-04
  832 ,   8321 : 5.4363058416214e+00 +(4e-02,7e-02) | 2.16e+03 |  2:5.2e-06  9:1.8e-04
  833 ,   8331 : 5.4039193241778e+00 +(5e-02,9e-02) | 2.45e+03 |  2:6.0e-06  9:2.1e-04
  834 ,   8341 : 5.4364222524610e+00 +(5e-02,7e-02) | 2.48e+03 |  2:6.4e-06  9:2.3e-04
  835 ,   8351 : 5.4380545521733e+00 +(4e-02,7e-02) | 2.53e+03 |  2:6.7e-06  9:2.4e-04
  836 ,   8361 : 5.4525875447878e+00 +(3e-02,5e-02) | 2.66e+03 |  2:7.6e-06  9:2.8e-04
  837 ,   8371 : 5.4337300058161e+00 +(5e-02,6e-02) | 2.68e+03 |  2:7.3e-06  9:2.7e-04
  838 ,   8381 : 5.4031322733062e+00 +(6e-02,9e-02) | 2.69e+03 |  2:6.8e-06  9:2.5e-04
  839 ,   8391 : 5.3880750359744e+00 +(6e-02,1e-01) | 2.81e+03 |  2:6.9e-06  9:2.6e-04
Iterat, #Fevals:   Function Value    (median,worst) |Axis Ratio|idx:Min SD idx:Max SD
  840 ,   8401 : 5.4474690265167e+00 +(3e-02,4e-02) | 2.85e+03 |  2:6.3e-06  9:2.4e-04
  841 ,   8411 : 5.4317875236220e+00 +(5e-02,7e-02) | 2.85e+03 |  2:6.4e-06  9:2.5e-04
  842 ,   8421 : 5.4385405442775e+00 +(2e-02,5e-02) | 2.81e+03 |  2:6.9e-06  9:2.6e-04
  843 ,   8431 : 5.4026385404076e+00 +(5e-02,9e-02) | 2.76e+03 |  2:6.6e-06  9:2.5e-04
  844 ,   8441 : 5.4370324719601e+00 +(1e-02,6e-02) | 2.76e+03 |  2:5.9e-06  9:2.2e-04
  845 ,   8451 : 5.4001773239263e+00 +(5e-02,9e-02) | 2.76e+03 |  2:5.7e-06  9:2.1e-04
  846 ,   8461 : 5.4543058306803e+00 +(2e-02,4e-02) | 2.77e+03 |  2:5.9e-06  9:2.2e-04
  847 ,   8471 : 5.4361524900212e+00 +(4e-02,6e-02) | 2.74e+03 |  2:5.4e-06  9:2.0e-04
  848 ,   8481 : 5.4340397520913e+00 +(2e-02,6e-02) | 2.77e+03 |  2:5.3e-06  9:2.0e-04
  849 ,   8491 : 5.3855381982718e+00 +(7e-02,1e-01) | 2.73e+03 |  2:5.1e-06  9:1.9e-04
Iterat, #Fevals:   Function Value    (median,worst) |Axis Ratio|idx:Min SD idx:Max SD
  850 ,   8501 : 5.4305989891302e+00 +(4e-02,7e-02) | 2.70e+03 |  2:5.3e-06  9:2.0e-04
  851 ,   8511 : 5.4044581133749e+00 +(6e-02,1e-01) | 2.64e+03 |  2:6.3e-06  9:2.2e-04
  852 ,   8521 : 5.4382665289123e+00 +(3e-02,5e-02) | 2.63e+03 |  2:7.4e-06  9:2.6e-04
  853 ,   8531 : 5.4081495940777e+00 +(6e-02,8e-02) | 2.69e+03 |  2:7.9e-06  9:2.8e-04
  854 ,   8541 : 5.4331508748546e+00 +(2e-02,6e-02) | 2.75e+03 |  2:8.8e-06  9:3.2e-04
  855 ,   8551 : 5.4328111534283e+00 +(4e-02,6e-02) | 2.74e+03 |  2:9.3e-06  9:3.4e-04
  856 ,   8561 : 5.4332523388000e+00 +(4e-02,6e-02) | 2.73e+03 |  2:8.3e-06  9:3.0e-04
  857 ,   8571 : 5.4013657018168e+00 +(4e-02,8e-02) | 2.72e+03 |  2:7.8e-06  9:2.9e-04
  858 ,   8581 : 5.3876454424671e+00 +(7e-02,1e-01) | 2.70e+03 |  2:7.6e-06  9:2.7e-04
  859 ,   8591 : 5.4019925380636e+00 +(4e-02,9e-02) | 2.72e+03 |  2:6.9e-06  9:2.5e-04
Iterat, #Fevals:   Function Value    (median,worst) |Axis Ratio|idx:Min SD idx:Max SD
  860 ,   8601 : 5.4359015060308e+00 +(4e-02,6e-02) | 2.73e+03 |  2:5.9e-06  9:2.2e-04
  861 ,   8611 : 5.4183874832687e+00 +(4e-02,8e-02) | 2.87e+03 |  2:6.1e-06  9:2.3e-04
  862 ,   8621 : 5.4053596358657e+00 +(4e-02,9e-02) | 2.94e+03 |  2:6.5e-06  9:2.5e-04
  863 ,   8631 : 5.4174975034179e+00 +(5e-02,9e-02) | 2.96e+03 |  2:6.2e-06  9:2.4e-04
  864 ,   8641 : 5.4388981121872e+00 +(4e-02,6e-02) | 2.91e+03 |  2:6.1e-06  9:2.4e-04
  865 ,   8651 : 5.4012825092828e+00 +(4e-02,9e-02) | 2.88e+03 |  2:6.5e-06  9:2.5e-04
  866 ,   8661 : 5.4381547642315e+00 +(4e-02,6e-02) | 2.89e+03 |  2:6.3e-06  9:2.5e-04
  867 ,   8671 : 5.4375543202314e+00 +(5e-02,6e-02) | 2.87e+03 |  2:6.3e-06  9:2.4e-04
  868 ,   8681 : 5.4294869471932e+00 +(4e-02,7e-02) | 2.93e+03 |  2:6.1e-06  9:2.4e-04
  869 ,   8691 : 5.4321541992672e+00 +(3e-02,6e-02) | 3.09e+03 |  2:5.5e-06  9:2.2e-04
Iterat, #Fevals:   Function Value    (median,worst) |Axis Ratio|idx:Min SD idx:Max SD
  870 ,   8701 : 5.4346741643254e+00 +(2e-02,6e-02) | 3.10e+03 |  2:5.8e-06  9:2.3e-04
  871 ,   8711 : 5.4397980499554e+00 +(4e-02,6e-02) | 3.12e+03 |  2:5.2e-06  9:2.1e-04
  872 ,   8721 : 5.4340520205356e+00 +(3e-02,6e-02) | 3.13e+03 |  2:4.8e-06  9:2.0e-04
  873 ,   8731 : 5.4066979774797e+00 +(5e-02,8e-02) | 3.21e+03 |  2:4.3e-06  9:1.8e-04
  874 ,   8741 : 5.3900491877493e+00 +(5e-02,1e-01) | 3.11e+03 |  2:4.3e-06  9:1.8e-04
  875 ,   8751 : 5.3875595746286e+00 +(7e-02,1e-01) | 3.15e+03 |  2:4.3e-06  9:1.8e-04
  876 ,   8761 : 5.3865052544709e+00 +(7e-02,1e-01) | 3.15e+03 |  2:4.6e-06  9:2.0e-04
  877 ,   8771 : 5.4192298586325e+00 +(3e-02,7e-02) | 3.26e+03 |  2:5.2e-06  9:2.3e-04
  878 ,   8781 : 5.4034080785101e+00 +(5e-02,1e-01) | 3.29e+03 |  2:4.9e-06  9:2.2e-04
  879 ,   8791 : 5.4329881976646e+00 +(5e-02,6e-02) | 3.31e+03 |  2:4.8e-06  9:2.1e-04
Iterat, #Fevals:   Function Value    (median,worst) |Axis Ratio|idx:Min SD idx:Max SD
  880 ,   8801 : 5.4022725567125e+00 +(6e-02,9e-02) | 3.33e+03 |  2:4.8e-06  9:2.1e-04
  881 ,   8811 : 5.4335846488177e+00 +(4e-02,6e-02) | 3.39e+03 |  2:4.5e-06  9:2.0e-04
  882 ,   8821 : 5.4185103210954e+00 +(4e-02,8e-02) | 3.40e+03 |  2:4.2e-06  9:1.8e-04
  883 ,   8831 : 5.4381187083480e+00 +(3e-02,6e-02) | 3.41e+03 |  2:3.8e-06  9:1.6e-04
  884 ,   8841 : 5.4325356408413e+00 +(3e-02,7e-02) | 3.39e+03 |  2:3.7e-06  9:1.6e-04
  885 ,   8851 : 5.4351414187265e+00 +(3e-02,6e-02) | 3.36e+03 |  2:3.6e-06  9:1.5e-04
  886 ,   8861 : 5.4335990826822e+00 +(2e-02,6e-02) | 3.32e+03 |  2:3.5e-06  9:1.5e-04
  887 ,   8871 : 5.4520517254327e+00 +(3e-02,4e-02) | 3.18e+03 |  2:3.5e-06  9:1.5e-04
  888 ,   8881 : 5.4356953381895e+00 +(3e-02,6e-02) | 3.16e+03 |  2:3.3e-06  9:1.4e-04
  889 ,   8891 : 5.4312452188766e+00 +(2e-02,7e-02) | 3.28e+03 |  2:3.4e-06  9:1.4e-04
Iterat, #Fevals:   Function Value    (median,worst) |Axis Ratio|idx:Min SD idx:Max SD
  890 ,   8901 : 5.4513167208568e+00 +(2e-02,4e-02) | 3.09e+03 |  2:3.5e-06  9:1.5e-04
  891 ,   8911 : 5.4536533666744e+00 +(2e-02,4e-02) | 3.01e+03 |  2:3.4e-06  9:1.5e-04
  892 ,   8921 : 5.4320231614209e+00 +(5e-02,7e-02) | 3.04e+03 |  2:3.3e-06  9:1.4e-04
  893 ,   8931 : 5.4382408298698e+00 +(4e-02,6e-02) | 3.03e+03 |  2:3.2e-06  9:1.4e-04
  894 ,   8941 : 5.4325156082878e+00 +(5e-02,6e-02) | 3.01e+03 |  2:3.3e-06  9:1.4e-04
  895 ,   8951 : 5.4330592039647e+00 +(1e-02,6e-02) | 3.00e+03 |  2:3.4e-06  9:1.4e-04
  896 ,   8961 : 5.4322967859276e+00 +(5e-02,6e-02) | 3.01e+03 |  2:3.2e-06  9:1.3e-04
  897 ,   8971 : 5.4524166327381e+00 +(4e-02,5e-02) | 3.06e+03 |  2:3.3e-06  9:1.3e-04
  898 ,   8981 : 5.4344152796962e+00 +(2e-02,5e-02) | 3.06e+03 |  2:3.1e-06  9:1.2e-04
  899 ,   8991 : 5.4185018530408e+00 +(4e-02,8e-02) | 3.08e+03 |  2:2.9e-06  9:1.1e-04
Iterat, #Fevals:   Function Value    (median,worst) |Axis Ratio|idx:Min SD idx:Max SD
  900 ,   9001 : 5.4358629544821e+00 +(2e-02,5e-02) | 3.08e+03 |  2:2.9e-06  9:1.2e-04
  901 ,   9011 : 5.4079996777995e+00 +(6e-02,9e-02) | 3.10e+03 |  2:3.2e-06  9:1.3e-04
  902 ,   9021 : 5.4171391610485e+00 +(7e-02,8e-02) | 3.09e+03 |  2:3.2e-06  9:1.2e-04
  903 ,   9031 : 5.4030535725164e+00 +(8e-02,1e-01) | 3.00e+03 |  2:3.1e-06  9:1.2e-04
  904 ,   9041 : 5.4309828055478e+00 +(3e-02,7e-02) | 3.03e+03 |  2:3.0e-06  9:1.2e-04
  905 ,   9051 : 5.4038046376657e+00 +(5e-02,9e-02) | 3.02e+03 |  2:3.0e-06  9:1.2e-04
  906 ,   9061 : 5.4384514996734e+00 +(4e-02,5e-02) | 3.01e+03 |  2:3.1e-06  9:1.3e-04
  907 ,   9071 : 5.4150262640226e+00 +(4e-02,8e-02) | 3.02e+03 |  2:3.2e-06  9:1.3e-04
  908 ,   9081 : 5.4324179793636e+00 +(5e-02,6e-02) | 3.10e+03 |  2:3.3e-06  9:1.3e-04
  909 ,   9091 : 5.4326314714557e+00 +(5e-02,6e-02) | 3.09e+03 |  2:3.5e-06  9:1.4e-04
Iterat, #Fevals:   Function Value    (median,worst) |Axis Ratio|idx:Min SD idx:Max SD
  910 ,   9101 : 5.4379384420214e+00 +(4e-02,6e-02) | 3.10e+03 |  2:4.1e-06  9:1.6e-04
  911 ,   9111 : 5.4358573322619e+00 +(4e-02,7e-02) | 3.35e+03 |  2:4.6e-06  9:1.9e-04
  912 ,   9121 : 5.4005635045680e+00 +(7e-02,9e-02) | 3.27e+03 |  2:4.5e-06  9:1.8e-04
  913 ,   9131 : 5.4318582994019e+00 +(3e-02,6e-02) | 3.26e+03 |  2:4.2e-06  9:1.7e-04
  914 ,   9141 : 5.4332813257097e+00 +(5e-02,7e-02) | 3.39e+03 |  2:4.1e-06  9:1.6e-04
  915 ,   9151 : 5.4347005973463e+00 +(4e-02,7e-02) | 3.35e+03 |  2:4.3e-06  9:1.7e-04
  916 ,   9161 : 5.4371756875809e+00 +(4e-02,5e-02) | 3.45e+03 |  2:4.6e-06  9:1.8e-04
  917 ,   9171 : 5.4480492917387e+00 +(6e-03,5e-02) | 3.43e+03 |  2:4.3e-06  9:1.7e-04
  918 ,   9181 : 5.4326722035554e+00 +(2e-02,6e-02) | 3.45e+03 |  2:4.1e-06  9:1.6e-04
  919 ,   9191 : 5.4025052236111e+00 +(6e-02,1e-01) | 3.44e+03 |  2:4.2e-06  9:1.6e-04
Iterat, #Fevals:   Function Value    (median,worst) |Axis Ratio|idx:Min SD idx:Max SD
  920 ,   9201 : 5.4032988434583e+00 +(5e-02,9e-02) | 3.33e+03 |  2:4.4e-06  9:1.7e-04
  921 ,   9211 : 5.4370846043239e+00 +(4e-02,6e-02) | 3.23e+03 |  2:4.7e-06  9:1.8e-04
  922 ,   9221 : 5.4388459927507e+00 +(4e-02,6e-02) | 3.22e+03 |  2:4.7e-06  9:1.8e-04
  923 ,   9231 : 5.4034349719624e+00 +(5e-02,1e-01) | 3.22e+03 |  2:4.9e-06  9:1.9e-04
  924 ,   9241 : 5.4382338783261e+00 +(3e-02,5e-02) | 3.16e+03 |  2:5.6e-06  9:2.1e-04
  925 ,   9251 : 5.4359196992622e+00 +(3e-02,6e-02) | 3.14e+03 |  2:5.7e-06  9:2.2e-04
  926 ,   9261 : 5.4038047590976e+00 +(8e-02,9e-02) | 3.10e+03 |  2:5.7e-06  9:2.1e-04
  927 ,   9271 : 5.4336771849455e+00 +(3e-02,6e-02) | 3.13e+03 |  2:6.0e-06  9:2.2e-04
  928 ,   9281 : 5.4322053067185e+00 +(2e-02,6e-02) | 3.19e+03 |  2:6.4e-06  9:2.3e-04
  929 ,   9291 : 5.4337247976877e+00 +(4e-02,6e-02) | 3.22e+03 |  2:6.6e-06  9:2.4e-04
Iterat, #Fevals:   Function Value    (median,worst) |Axis Ratio|idx:Min SD idx:Max SD
  930 ,   9301 : 5.4034717013378e+00 +(5e-02,9e-02) | 3.30e+03 |  2:6.6e-06  9:2.4e-04
  931 ,   9311 : 5.4321823754527e+00 +(5e-02,7e-02) | 3.28e+03 |  2:7.1e-06  9:2.5e-04
  932 ,   9321 : 5.4378175342633e+00 +(4e-02,6e-02) | 3.24e+03 |  2:7.3e-06  9:2.6e-04
  933 ,   9331 : 5.4397857815827e+00 +(3e-02,6e-02) | 3.22e+03 |  2:7.4e-06  9:2.7e-04
  934 ,   9341 : 5.4011606117068e+00 +(5e-02,7e-02) | 3.25e+03 |  2:7.1e-06  9:2.6e-04
  935 ,   9351 : 5.4358777629250e+00 +(4e-02,6e-02) | 3.21e+03 |  2:6.8e-06  9:2.4e-04
  936 ,   9361 : 5.4181719563450e+00 +(5e-02,6e-02) | 3.14e+03 |  2:7.5e-06  9:2.7e-04
  937 ,   9371 : 5.4009804190454e+00 +(5e-02,9e-02) | 3.25e+03 |  2:8.4e-06  9:3.0e-04
  938 ,   9381 : 5.4380063467773e+00 +(3e-02,6e-02) | 3.30e+03 |  2:1.0e-05  9:3.7e-04
  939 ,   9391 : 5.4055492403786e+00 +(4e-02,9e-02) | 3.26e+03 |  2:1.2e-05  9:4.1e-04
Iterat, #Fevals:   Function Value    (median,worst) |Axis Ratio|idx:Min SD idx:Max SD
  940 ,   9401 : 5.4180206153847e+00 +(3e-02,7e-02) | 3.36e+03 |  2:1.4e-05  9:5.4e-04
  941 ,   9411 : 5.4034563247229e+00 +(5e-02,9e-02) | 3.31e+03 |  2:1.5e-05  9:5.7e-04
  942 ,   9421 : 5.4052718865547e+00 +(5e-02,8e-02) | 3.23e+03 |  2:1.5e-05  9:5.4e-04
  943 ,   9431 : 5.4036273253041e+00 +(4e-02,9e-02) | 3.22e+03 |  2:1.4e-05  9:5.1e-04
#Fevals:   f(returned x)   |    bestever.f     | stopflag (saved to variablescmaes94.mat)
   9432: 5.40362732530e+00 | 3.93469294969e+00 | stagnation
mean solution: +1.7e+01 +1.8e-01 +1.3e+00 +3.7e+00 +4.3e+00 +4.3e+00 +3.2e+00 +1.2e+01 +1.7e+01
std deviation:  1.8e-04  1.4e-05  2.6e-05  1.6e-04  8.0e-05  1.9e-04  1.3e-04  4.3e-04  5.1e-04
use plotcmaesdat.m for plotting the output at any time (option LogModulo must not be zero)
