
                            < M A T L A B (R) >
                  Copyright 1984-2015 The MathWorks, Inc.
                   R2015a (8.5.0.197613) 64-bit (glnxa64)
                             February 12, 2015

 
For online documentation, see http://www.mathworks.com/support
For product information, visit www.mathworks.com.
 

	Academic License

  n=9: (5,10)-CMA-ES(w=[46 27 16 9 3]%, mu_eff=3.2) on function Error
Iterat, #Fevals:   Function Value    (median,worst) |Axis Ratio|idx:Min SD idx:Max SD
    1 ,     11 : 2.3113552928756e+01 +(3e+01,4e+12) | 2.08e+01 |  3:7.4e-01  7:1.5e+01
    2 ,     21 : 4.0888500183737e+01 +(1e+01,6e+10) | 2.08e+01 |  3:7.2e-01  7:1.5e+01
    3 ,     31 : 3.1004539652813e+01 +(2e+01,5e+13) | 2.07e+01 |  3:7.0e-01  7:1.4e+01
    4 ,     41 : 1.2263558102618e+01 +(4e+01,4e+01) | 2.10e+01 |  3:7.2e-01  7:1.5e+01
    5 ,     51 : 4.1150147213551e+01 +(1e+01,2e+11) | 2.14e+01 |  3:7.2e-01  7:1.5e+01
    6 ,     61 : 1.4135852892425e+01 +(4e+01,2e+12) | 2.15e+01 |  3:6.6e-01  7:1.3e+01
    7 ,     71 : 1.0176455024236e+01 +(4e+01,7e+06) | 2.15e+01 |  3:6.0e-01  7:1.2e+01
    8 ,     81 : 1.0902719336519e+01 +(4e+01,4e+01) | 2.13e+01 |  3:5.7e-01  7:1.1e+01
    9 ,     91 : 8.1132052721062e+00 +(4e+01,8e+03) | 2.14e+01 |  3:5.6e-01  7:1.1e+01
Iterat, #Fevals:   Function Value    (median,worst) |Axis Ratio|idx:Min SD idx:Max SD
   10 ,    101 : 1.5194282673460e+01 +(3e+01,2e+06) | 2.20e+01 |  3:5.0e-01  7:1.0e+01
   11 ,    111 : 1.0768857019010e+01 +(3e+01,6e+06) | 2.17e+01 |  3:4.8e-01  7:9.7e+00
   12 ,    121 : 1.4049547101851e+01 +(3e+01,3e+07) | 2.18e+01 |  3:4.4e-01  7:8.9e+00
   13 ,    131 : 1.1707354476243e+01 +(2e+01,1e+07) | 2.18e+01 |  2:4.5e-01  7:9.0e+00
   14 ,    141 : 9.8110701404698e+00 +(2e+01,3e+03) | 2.19e+01 |  3:4.6e-01  7:9.1e+00
   15 ,    151 : 1.0292873798980e+01 +(2e+01,1e+03) | 2.22e+01 |  2:4.6e-01  8:9.2e+00
   16 ,    161 : 1.0655899448895e+01 +(4e+01,9e+06) | 2.25e+01 |  2:4.2e-01  8:8.6e+00
   17 ,    171 : 1.0673703962243e+01 +(3e+01,4e+03) | 2.26e+01 |  2:3.9e-01  8:7.9e+00
   18 ,    181 : 1.1051087227266e+01 +(2e+01,5e+02) | 2.24e+01 |  2:3.8e-01  8:7.6e+00
   19 ,    191 : 2.2099621392038e+01 +(8e+00,4e+02) | 2.27e+01 |  2:3.6e-01  8:7.3e+00
Iterat, #Fevals:   Function Value    (median,worst) |Axis Ratio|idx:Min SD idx:Max SD
   20 ,    201 : 1.1827529017502e+01 +(1e+01,4e+01) | 2.28e+01 |  3:3.7e-01  8:7.3e+00
   21 ,    211 : 1.3368587994063e+01 +(1e+01,3e+02) | 2.28e+01 |  3:3.6e-01  8:7.1e+00
   22 ,    221 : 1.1343995223595e+01 +(2e+01,6e+05) | 2.25e+01 |  2:3.8e-01  8:7.5e+00
   23 ,    231 : 1.2292058474769e+01 +(1e+01,1e+03) | 2.25e+01 |  2:3.6e-01  8:7.2e+00
   24 ,    241 : 1.0921582888109e+01 +(1e+01,1e+03) | 2.27e+01 |  2:3.4e-01  8:6.9e+00
   25 ,    251 : 1.0894781372936e+01 +(4e+01,8e+06) | 2.28e+01 |  2:3.2e-01  8:6.6e+00
   26 ,    261 : 1.1407156295498e+01 +(7e+00,2e+05) | 2.30e+01 |  2:3.2e-01  8:6.5e+00
   27 ,    271 : 1.1178874979741e+01 +(1e+01,3e+05) | 2.45e+01 |  2:3.1e-01  8:6.6e+00
   28 ,    281 : 1.1060951990368e+01 +(2e+01,2e+03) | 2.48e+01 |  2:2.9e-01  8:6.4e+00
   29 ,    291 : 1.4623673026124e+01 +(2e+01,1e+02) | 2.47e+01 |  2:2.5e-01  8:5.5e+00
Iterat, #Fevals:   Function Value    (median,worst) |Axis Ratio|idx:Min SD idx:Max SD
   30 ,    301 : 1.0109015779763e+01 +(6e+00,4e+01) | 2.50e+01 |  2:2.4e-01  8:5.2e+00
   31 ,    311 : 1.0901973783567e+01 +(1e+00,1e+02) | 2.39e+01 |  2:2.3e-01  8:4.9e+00
   32 ,    321 : 9.9827962024011e+00 +(6e+00,3e+03) | 2.38e+01 |  2:2.4e-01  8:5.1e+00
   33 ,    331 : 1.0876450659061e+01 +(1e+01,3e+02) | 2.34e+01 |  2:2.8e-01  8:5.5e+00
   34 ,    341 : 1.0583826465450e+01 +(9e+00,4e+01) | 2.34e+01 |  2:2.8e-01  8:5.5e+00
   35 ,    351 : 1.0879292992269e+01 +(4e+00,3e+03) | 2.38e+01 |  2:2.7e-01  8:5.4e+00
   36 ,    361 : 1.1709917468247e+01 +(3e+01,1e+03) | 2.32e+01 |  2:2.7e-01  8:5.4e+00
   37 ,    371 : 1.1508075944929e+01 +(1e+01,2e+03) | 2.32e+01 |  2:2.7e-01  8:5.4e+00
   38 ,    381 : 1.3320181664737e+01 +(6e+00,1e+02) | 2.22e+01 |  2:3.2e-01  8:5.8e+00
   39 ,    391 : 1.1904740323466e+01 +(4e+00,3e+01) | 2.12e+01 |  2:3.2e-01  8:5.7e+00
Iterat, #Fevals:   Function Value    (median,worst) |Axis Ratio|idx:Min SD idx:Max SD
   40 ,    401 : 1.0796043532371e+01 +(5e+00,1e+03) | 2.08e+01 |  3:3.2e-01  8:5.6e+00
   41 ,    411 : 1.0674444389836e+01 +(5e+00,8e+01) | 2.12e+01 |  3:3.0e-01  8:5.4e+00
   42 ,    421 : 1.1599257353608e+01 +(9e+00,6e+01) | 2.04e+01 |  3:3.0e-01  8:5.2e+00
   43 ,    431 : 1.0651334753326e+01 +(2e+00,3e+01) | 2.06e+01 |  3:2.7e-01  8:4.9e+00
   44 ,    441 : 1.0954305359132e+01 +(3e+00,1e+01) | 2.04e+01 |  3:2.5e-01  8:4.4e+00
   45 ,    451 : 1.0859239589468e+01 +(1e+00,7e+01) | 2.01e+01 |  3:2.2e-01  8:3.9e+00
   46 ,    461 : 1.0989228459590e+01 +(3e+00,2e+01) | 2.01e+01 |  3:2.0e-01  8:3.5e+00
   47 ,    471 : 1.0571827074202e+01 +(1e+00,2e+01) | 2.05e+01 |  3:1.7e-01  8:3.1e+00
   48 ,    481 : 1.1081282153843e+01 +(2e+00,1e+01) | 2.04e+01 |  2:1.5e-01  8:2.7e+00
   49 ,    491 : 1.0686263787390e+01 +(1e+00,3e+00) | 2.22e+01 |  2:1.6e-01  8:2.9e+00
Iterat, #Fevals:   Function Value    (median,worst) |Axis Ratio|idx:Min SD idx:Max SD
   50 ,    501 : 1.0789661419657e+01 +(1e+00,2e+01) | 2.23e+01 |  2:1.5e-01  8:2.8e+00
   51 ,    511 : 1.0822998180244e+01 +(1e+00,2e+01) | 2.23e+01 |  2:1.4e-01  8:2.6e+00
   52 ,    521 : 1.0907962813428e+01 +(8e-01,1e+01) | 2.21e+01 |  2:1.4e-01  8:2.6e+00
   53 ,    531 : 1.0825378784214e+01 +(9e-01,4e+00) | 2.22e+01 |  2:1.5e-01  8:2.9e+00
   54 ,    541 : 1.2301574797308e+01 +(1e+00,3e+01) | 2.22e+01 |  2:1.3e-01  8:2.7e+00
   55 ,    551 : 1.0411553018153e+01 +(1e+00,1e+01) | 2.28e+01 |  2:1.3e-01  8:2.5e+00
   56 ,    561 : 1.0737093764206e+01 +(4e-01,3e+00) | 2.22e+01 |  2:1.2e-01  8:2.2e+00
   57 ,    571 : 1.0566055078044e+01 +(9e-01,2e+00) | 2.21e+01 |  2:1.0e-01  7:2.0e+00
   58 ,    581 : 1.0601685799574e+01 +(5e-01,7e+00) | 2.23e+01 |  2:1.0e-01  8:2.0e+00
   59 ,    591 : 1.0542814299377e+01 +(6e-01,4e+00) | 2.27e+01 |  2:9.7e-02  7:1.9e+00
Iterat, #Fevals:   Function Value    (median,worst) |Axis Ratio|idx:Min SD idx:Max SD
   60 ,    601 : 1.0471639850279e+01 +(6e-01,4e+00) | 2.27e+01 |  2:9.1e-02  7:1.8e+00
   61 ,    611 : 1.0352738699244e+01 +(5e-01,2e+00) | 2.36e+01 |  2:8.7e-02  7:1.8e+00
   62 ,    621 : 1.0285256992670e+01 +(3e-01,1e+00) | 2.41e+01 |  2:9.5e-02  7:2.0e+00
   63 ,    631 : 1.0406942091481e+01 +(4e-01,2e+00) | 2.45e+01 |  2:1.0e-01  7:2.2e+00
   64 ,    641 : 1.0292577793900e+01 +(2e+00,5e+00) | 2.48e+01 |  2:1.1e-01  7:2.4e+00
   65 ,    651 : 1.0320629116592e+01 +(3e-01,4e+00) | 2.45e+01 |  2:1.0e-01  7:2.3e+00
   66 ,    661 : 1.0553820195604e+01 +(1e+00,6e+00) | 2.45e+01 |  2:1.0e-01  7:2.2e+00
   67 ,    671 : 1.0405942288456e+01 +(4e-01,4e+00) | 2.48e+01 |  2:9.9e-02  7:2.2e+00
   68 ,    681 : 1.0115458530853e+01 +(6e-01,6e+00) | 2.49e+01 |  2:9.6e-02  7:2.1e+00
   69 ,    691 : 1.0030869914811e+01 +(5e-01,2e+00) | 2.52e+01 |  2:8.4e-02  7:1.9e+00
Iterat, #Fevals:   Function Value    (median,worst) |Axis Ratio|idx:Min SD idx:Max SD
   70 ,    701 : 9.9634978738015e+00 +(7e-01,3e+00) | 2.51e+01 |  2:7.6e-02  7:1.7e+00
   71 ,    711 : 1.0166796118968e+01 +(3e-01,1e+00) | 2.49e+01 |  2:7.0e-02  7:1.6e+00
   72 ,    721 : 9.9089197553825e+00 +(5e-01,2e+00) | 2.52e+01 |  2:7.1e-02  7:1.6e+00
   73 ,    731 : 9.7390323661697e+00 +(6e-01,4e+00) | 2.58e+01 |  2:7.8e-02  7:1.9e+00
   74 ,    741 : 9.5618468011324e+00 +(9e-01,2e+00) | 2.71e+01 |  2:8.5e-02  7:2.1e+00
   75 ,    751 : 9.6063237870506e+00 +(7e-01,3e+00) | 2.73e+01 |  2:9.0e-02  7:2.3e+00
   76 ,    761 : 9.3711764022404e+00 +(7e-01,3e+00) | 2.75e+01 |  2:1.1e-01  7:2.8e+00
   77 ,    771 : 9.2977000803594e+00 +(2e+00,3e+01) | 2.78e+01 |  2:1.2e-01  7:3.2e+00
   78 ,    781 : 9.0712439688288e+00 +(3e+00,2e+02) | 2.75e+01 |  2:1.2e-01  7:3.1e+00
   79 ,    791 : 8.4395777319393e+00 +(1e+00,2e+00) | 2.81e+01 |  2:1.3e-01  7:3.3e+00
Iterat, #Fevals:   Function Value    (median,worst) |Axis Ratio|idx:Min SD idx:Max SD
   80 ,    801 : 8.1461956065031e+00 +(3e+00,1e+02) | 2.83e+01 |  2:1.4e-01  7:3.6e+00
   81 ,    811 : 7.6260304275899e+00 +(2e+00,2e+01) | 2.92e+01 |  2:1.5e-01  7:4.1e+00
   82 ,    821 : 8.9463986776040e+00 +(4e+00,2e+01) | 2.90e+01 |  2:1.5e-01  7:4.0e+00
   83 ,    831 : 8.2348389701934e+00 +(5e+00,1e+02) | 2.82e+01 |  2:1.5e-01  7:3.9e+00
   84 ,    841 : 7.9003898837317e+00 +(3e+00,1e+02) | 2.72e+01 |  2:1.6e-01  7:3.9e+00
   85 ,    851 : 6.4920012185179e+00 +(6e+00,4e+01) | 2.76e+01 |  2:1.6e-01  7:3.9e+00
   86 ,    861 : 7.6804691294025e+00 +(6e+00,2e+02) | 2.73e+01 |  2:1.6e-01  7:3.8e+00
   87 ,    871 : 7.0442331453726e+00 +(4e+00,9e+00) | 2.73e+01 |  2:1.6e-01  7:3.7e+00
   88 ,    881 : 1.0708600457806e+01 +(3e+00,5e+02) | 2.73e+01 |  2:1.6e-01  7:3.7e+00
   89 ,    891 : 8.7703298036672e+00 +(4e+00,2e+01) | 2.70e+01 |  2:1.6e-01  7:3.8e+00
Iterat, #Fevals:   Function Value    (median,worst) |Axis Ratio|idx:Min SD idx:Max SD
   90 ,    901 : 7.6832028008239e+00 +(3e+00,1e+01) | 2.71e+01 |  2:1.6e-01  7:3.8e+00
   91 ,    911 : 8.4500527104551e+00 +(3e+00,5e+04) | 2.71e+01 |  2:1.6e-01  7:3.8e+00
   92 ,    921 : 8.4673078160673e+00 +(4e+00,3e+01) | 2.70e+01 |  2:1.6e-01  7:3.8e+00
   93 ,    931 : 6.5041031958799e+00 +(2e+00,1e+02) | 2.71e+01 |  2:1.5e-01  7:3.5e+00
   94 ,    941 : 7.6537424182194e+00 +(2e+00,1e+02) | 2.64e+01 |  2:1.4e-01  7:3.2e+00
   95 ,    951 : 7.6961494616527e+00 +(2e+00,1e+02) | 2.47e+01 |  2:1.5e-01  7:3.2e+00
   96 ,    961 : 7.2182204889916e+00 +(9e-01,8e+02) | 2.26e+01 |  2:1.6e-01  7:3.2e+00
   97 ,    971 : 7.8001886697796e+00 +(4e+00,6e+01) | 2.09e+01 |  3:2.0e-01  7:3.7e+00
   98 ,    981 : 6.9125726944137e+00 +(9e+00,1e+02) | 2.09e+01 |  3:2.0e-01  7:3.7e+00
   99 ,    991 : 6.3291640588658e+00 +(3e+00,2e+02) | 2.10e+01 |  3:1.9e-01  7:3.4e+00
Iterat, #Fevals:   Function Value    (median,worst) |Axis Ratio|idx:Min SD idx:Max SD
  100 ,   1001 : 6.2068927706161e+00 +(2e+00,4e+02) | 2.11e+01 |  3:1.9e-01  7:3.3e+00
  101 ,   1011 : 8.9475717019254e+00 +(8e+00,1e+02) | 2.09e+01 |  3:1.8e-01  7:3.2e+00
  102 ,   1021 : 5.9204009888164e+00 +(1e+01,6e+02) | 2.06e+01 |  3:1.8e-01  7:3.1e+00
  103 ,   1031 : 7.1559923323872e+00 +(6e+00,2e+04) | 2.04e+01 |  3:1.5e-01  7:2.6e+00
  104 ,   1041 : 6.2076524012353e+00 +(1e+00,1e+01) | 2.04e+01 |  3:1.5e-01  7:2.5e+00
  105 ,   1051 : 7.0341890832932e+00 +(5e+00,6e+04) | 1.97e+01 |  3:1.5e-01  7:2.5e+00
  106 ,   1061 : 8.6019987834022e+00 +(4e+00,2e+02) | 1.99e+01 |  3:1.5e-01  7:2.4e+00
  107 ,   1071 : 6.5914097353175e+00 +(3e+00,1e+01) | 1.98e+01 |  3:1.3e-01  7:2.2e+00
  108 ,   1081 : 7.9762397106555e+00 +(9e-01,3e+01) | 1.88e+01 |  3:1.3e-01  7:2.1e+00
  109 ,   1091 : 7.3120747212733e+00 +(4e+00,9e+00) | 1.90e+01 |  3:1.4e-01  7:2.2e+00
Iterat, #Fevals:   Function Value    (median,worst) |Axis Ratio|idx:Min SD idx:Max SD
  110 ,   1101 : 6.3441460084732e+00 +(1e+00,3e+02) | 1.90e+01 |  3:1.4e-01  7:2.3e+00
  111 ,   1111 : 7.1212045100260e+00 +(4e+00,1e+02) | 1.91e+01 |  3:1.5e-01  7:2.4e+00
  112 ,   1121 : 7.5228110834879e+00 +(6e+00,9e+01) | 1.91e+01 |  3:1.4e-01  7:2.3e+00
  113 ,   1131 : 6.8204386508427e+00 +(3e+00,4e+01) | 1.88e+01 |  3:1.5e-01  7:2.2e+00
  114 ,   1141 : 7.7714295143912e+00 +(3e+00,2e+01) | 1.88e+01 |  3:1.4e-01  7:2.1e+00
  115 ,   1151 : 7.7392160783223e+00 +(1e+00,3e+00) | 1.87e+01 |  3:1.3e-01  7:1.9e+00
  116 ,   1161 : 6.3287302699803e+00 +(1e+00,7e+00) | 1.83e+01 |  3:1.3e-01  7:1.9e+00
  117 ,   1171 : 6.1720363040471e+00 +(1e+00,1e+01) | 1.84e+01 |  3:1.2e-01  7:1.8e+00
  118 ,   1181 : 6.4731113567320e+00 +(9e-01,4e+00) | 1.82e+01 |  3:1.3e-01  7:1.8e+00
  119 ,   1191 : 6.2286422152111e+00 +(3e+00,2e+01) | 1.80e+01 |  3:1.2e-01  7:1.8e+00
Iterat, #Fevals:   Function Value    (median,worst) |Axis Ratio|idx:Min SD idx:Max SD
  120 ,   1201 : 5.8119307050240e+00 +(7e+00,4e+01) | 1.72e+01 |  3:1.4e-01  7:1.9e+00
  121 ,   1211 : 6.5219073312251e+00 +(5e+00,1e+02) | 1.68e+01 |  3:1.5e-01  7:2.0e+00
  122 ,   1221 : 7.4201442439917e+00 +(3e+00,2e+04) | 1.68e+01 |  3:1.4e-01  7:1.9e+00
  123 ,   1231 : 6.4063299505174e+00 +(3e+00,1e+01) | 1.68e+01 |  3:1.3e-01  7:1.8e+00
  124 ,   1241 : 6.4698694893877e+00 +(2e+00,3e+01) | 1.66e+01 |  3:1.3e-01  8:1.7e+00
  125 ,   1251 : 6.4578761491042e+00 +(1e+00,2e+01) | 1.65e+01 |  3:1.2e-01  8:1.6e+00
  126 ,   1261 : 6.2175614529376e+00 +(2e+00,5e+00) | 1.64e+01 |  3:1.1e-01  8:1.5e+00
  127 ,   1271 : 6.0504625004351e+00 +(3e+00,2e+01) | 1.59e+01 |  3:1.1e-01  8:1.4e+00
  128 ,   1281 : 5.7392927862927e+00 +(1e+00,5e+00) | 1.59e+01 |  3:1.2e-01  8:1.5e+00
  129 ,   1291 : 5.7785995319443e+00 +(2e+00,8e+00) | 1.65e+01 |  3:1.2e-01  8:1.5e+00
Iterat, #Fevals:   Function Value    (median,worst) |Axis Ratio|idx:Min SD idx:Max SD
  130 ,   1301 : 6.0966676492729e+00 +(3e+00,2e+02) | 1.65e+01 |  3:1.1e-01  8:1.5e+00
  131 ,   1311 : 5.8865635641728e+00 +(7e-01,5e+00) | 1.63e+01 |  3:9.6e-02  8:1.3e+00
  132 ,   1321 : 6.0587673273033e+00 +(1e+00,1e+01) | 1.64e+01 |  3:9.1e-02  8:1.2e+00
  133 ,   1331 : 6.2492050100967e+00 +(8e-01,7e+00) | 1.66e+01 |  3:1.1e-01  8:1.4e+00
  134 ,   1341 : 6.5881433560698e+00 +(2e+00,2e+01) | 1.67e+01 |  3:1.1e-01  8:1.5e+00
  135 ,   1351 : 5.8126454174926e+00 +(7e-01,5e+00) | 1.63e+01 |  3:1.2e-01  8:1.5e+00
  136 ,   1361 : 5.7741184740448e+00 +(2e+00,6e+00) | 1.64e+01 |  3:1.1e-01  8:1.5e+00
  137 ,   1371 : 5.7218128066929e+00 +(2e+00,9e+00) | 1.63e+01 |  3:1.0e-01  8:1.3e+00
  138 ,   1381 : 5.7282191722256e+00 +(2e+00,5e+01) | 1.63e+01 |  3:1.0e-01  8:1.3e+00
  139 ,   1391 : 5.5942379191679e+00 +(6e-01,8e+00) | 1.62e+01 |  3:1.0e-01  8:1.2e+00
Iterat, #Fevals:   Function Value    (median,worst) |Axis Ratio|idx:Min SD idx:Max SD
  140 ,   1401 : 5.7370648348076e+00 +(3e+00,5e+01) | 1.61e+01 |  3:9.1e-02  8:1.1e+00
  141 ,   1411 : 5.9021196894693e+00 +(9e-01,2e+01) | 1.56e+01 |  3:8.7e-02  8:1.1e+00
  142 ,   1421 : 5.7198264913620e+00 +(8e-01,2e+01) | 1.56e+01 |  3:8.0e-02  8:9.8e-01
  143 ,   1431 : 5.8058746208799e+00 +(1e+00,1e+01) | 1.60e+01 |  3:7.6e-02  8:9.7e-01
  144 ,   1441 : 5.6535514930774e+00 +(6e-01,1e+00) | 1.59e+01 |  3:7.3e-02  8:9.3e-01
  145 ,   1451 : 5.6433830114487e+00 +(7e-01,7e+00) | 1.58e+01 |  3:7.0e-02  8:8.9e-01
  146 ,   1461 : 5.5923256867162e+00 +(3e-01,4e+00) | 1.56e+01 |  3:8.3e-02  8:9.6e-01
  147 ,   1471 : 5.6012924747693e+00 +(5e-01,2e+00) | 1.56e+01 |  3:8.9e-02  8:9.9e-01
  148 ,   1481 : 5.5266658950041e+00 +(1e+00,1e+01) | 1.57e+01 |  3:8.9e-02  8:1.0e+00
  149 ,   1491 : 5.6621583438669e+00 +(2e+00,3e+01) | 1.56e+01 |  3:9.1e-02  8:1.0e+00
Iterat, #Fevals:   Function Value    (median,worst) |Axis Ratio|idx:Min SD idx:Max SD
  150 ,   1501 : 5.6324480644678e+00 +(2e+00,4e+00) | 1.59e+01 |  3:9.3e-02  8:1.1e+00
  151 ,   1511 : 5.5638601276443e+00 +(8e-01,6e+00) | 1.57e+01 |  3:9.0e-02  8:1.0e+00
  152 ,   1521 : 5.5619485743586e+00 +(2e+00,2e+01) | 1.57e+01 |  3:8.5e-02  8:9.6e-01
  153 ,   1531 : 5.6242656584237e+00 +(4e-01,4e+01) | 1.59e+01 |  3:8.2e-02  8:9.3e-01
  154 ,   1541 : 5.6499480449639e+00 +(9e-01,1e+01) | 1.65e+01 |  3:8.7e-02  8:1.0e+00
  155 ,   1551 : 5.6768450282930e+00 +(7e-01,5e+00) | 1.64e+01 |  3:9.5e-02  8:1.1e+00
  156 ,   1561 : 5.5889903240550e+00 +(5e-01,6e+00) | 1.59e+01 |  3:9.9e-02  8:1.1e+00
  157 ,   1571 : 5.6844181018218e+00 +(2e-01,5e+00) | 1.59e+01 |  3:9.1e-02  8:1.1e+00
  158 ,   1581 : 5.5700000405061e+00 +(4e-01,1e+01) | 1.58e+01 |  3:7.7e-02  8:8.9e-01
  159 ,   1591 : 5.5358931669594e+00 +(4e-01,2e+00) | 1.66e+01 |  3:7.7e-02  8:9.0e-01
Iterat, #Fevals:   Function Value    (median,worst) |Axis Ratio|idx:Min SD idx:Max SD
  160 ,   1601 : 5.5589534621081e+00 +(1e+00,3e+00) | 1.68e+01 |  3:7.6e-02  8:8.9e-01
  161 ,   1611 : 5.6201281148712e+00 +(7e-01,2e+00) | 1.75e+01 |  3:8.9e-02  8:1.0e+00
  162 ,   1621 : 5.9181065248671e+00 +(7e-01,3e+00) | 1.77e+01 |  3:9.7e-02  8:1.2e+00
  163 ,   1631 : 5.5099365153056e+00 +(5e-01,5e+00) | 1.75e+01 |  3:9.7e-02  8:1.2e+00
  164 ,   1641 : 5.5168220885518e+00 +(1e+00,1e+01) | 1.75e+01 |  3:9.5e-02  8:1.1e+00
  165 ,   1651 : 5.5207077159910e+00 +(3e-01,1e+00) | 1.75e+01 |  3:8.7e-02  8:1.0e+00
  166 ,   1661 : 5.4726941274195e+00 +(7e-01,3e+00) | 1.72e+01 |  3:8.5e-02  8:9.8e-01
  167 ,   1671 : 5.6025948072089e+00 +(3e-01,3e+00) | 1.76e+01 |  3:8.6e-02  8:9.9e-01
  168 ,   1681 : 5.4816631261183e+00 +(2e-01,3e+00) | 1.74e+01 |  3:9.5e-02  8:1.1e+00
  169 ,   1691 : 5.4870731450386e+00 +(6e-01,9e+01) | 1.80e+01 |  3:1.1e-01  8:1.2e+00
Iterat, #Fevals:   Function Value    (median,worst) |Axis Ratio|idx:Min SD idx:Max SD
  170 ,   1701 : 5.5174197297796e+00 +(9e-01,4e+01) | 1.85e+01 |  3:1.1e-01  8:1.3e+00
  171 ,   1711 : 5.5043333732788e+00 +(7e-01,3e+00) | 1.87e+01 |  3:1.1e-01  8:1.3e+00
  172 ,   1721 : 5.6382735766216e+00 +(1e+00,9e+00) | 1.86e+01 |  3:1.1e-01  8:1.3e+00
  173 ,   1731 : 5.6226342478426e+00 +(5e-01,5e+00) | 1.86e+01 |  3:9.6e-02  8:1.1e+00
  174 ,   1741 : 5.5516064492013e+00 +(3e-01,2e+00) | 1.89e+01 |  3:9.0e-02  8:1.0e+00
  175 ,   1751 : 5.8092840307694e+00 +(4e-01,6e+00) | 1.89e+01 |  3:8.1e-02  8:9.1e-01
  176 ,   1761 : 5.5990802021907e+00 +(5e-01,4e+00) | 1.91e+01 |  3:7.3e-02  8:8.3e-01
  177 ,   1771 : 5.5932938150695e+00 +(1e-01,3e+00) | 1.92e+01 |  3:6.3e-02  8:7.1e-01
  178 ,   1781 : 5.6091677645952e+00 +(1e-01,2e+00) | 1.96e+01 |  3:5.6e-02  8:6.3e-01
  179 ,   1791 : 5.5831198061279e+00 +(1e-01,5e+00) | 1.95e+01 |  3:5.3e-02  8:5.8e-01
Iterat, #Fevals:   Function Value    (median,worst) |Axis Ratio|idx:Min SD idx:Max SD
  180 ,   1801 : 5.5359275467857e+00 +(1e-01,9e-01) | 1.93e+01 |  3:5.0e-02  8:5.4e-01
  181 ,   1811 : 5.6047799496673e+00 +(3e-01,3e+00) | 1.95e+01 |  3:4.7e-02  8:5.3e-01
  182 ,   1821 : 5.5842176651356e+00 +(3e-02,2e-01) | 2.00e+01 |  3:4.6e-02  8:5.2e-01
  183 ,   1831 : 5.5771437649255e+00 +(1e-01,2e+00) | 1.99e+01 |  3:4.2e-02  8:4.6e-01
  184 ,   1841 : 5.5262112606115e+00 +(2e-01,7e-01) | 2.03e+01 |  3:4.2e-02  8:4.7e-01
  185 ,   1851 : 5.5637201501248e+00 +(1e-01,8e-01) | 1.99e+01 |  3:4.1e-02  8:4.5e-01
  186 ,   1861 : 5.5872798204913e+00 +(4e-02,4e-01) | 1.97e+01 |  3:3.5e-02  8:3.8e-01
  187 ,   1871 : 5.5253318825974e+00 +(6e-02,4e-01) | 2.00e+01 |  3:3.3e-02  9:3.7e-01
  188 ,   1881 : 5.6208212985736e+00 +(5e-02,3e-01) | 1.98e+01 |  3:3.0e-02  9:3.3e-01
  189 ,   1891 : 5.5332315238089e+00 +(1e-01,2e-01) | 1.99e+01 |  3:2.6e-02  9:3.0e-01
Iterat, #Fevals:   Function Value    (median,worst) |Axis Ratio|idx:Min SD idx:Max SD
  190 ,   1901 : 5.5235936621328e+00 +(4e-02,1e-01) | 1.99e+01 |  3:2.5e-02  9:2.8e-01
  191 ,   1911 : 5.5182859624506e+00 +(3e-02,1e-01) | 1.97e+01 |  3:2.5e-02  9:2.7e-01
  192 ,   1921 : 5.5155312104132e+00 +(4e-02,2e-01) | 1.93e+01 |  3:2.9e-02  9:3.0e-01
  193 ,   1931 : 5.5342920524404e+00 +(6e-02,3e-01) | 1.95e+01 |  3:2.9e-02  9:3.0e-01
  194 ,   1941 : 5.5347766877840e+00 +(1e-01,3e-01) | 1.95e+01 |  3:2.8e-02  9:2.9e-01
  195 ,   1951 : 5.5144785996732e+00 +(1e-01,4e-01) | 1.95e+01 |  3:2.6e-02  9:2.8e-01
  196 ,   1961 : 5.5330593561417e+00 +(1e-01,2e-01) | 1.98e+01 |  3:2.3e-02  9:2.5e-01
  197 ,   1971 : 5.5521254588721e+00 +(7e-02,2e-01) | 2.01e+01 |  3:2.1e-02  9:2.3e-01
  198 ,   1981 : 5.5279523948904e+00 +(7e-02,2e-01) | 2.07e+01 |  3:2.1e-02  9:2.3e-01
  199 ,   1991 : 5.5104701328898e+00 +(7e-02,2e-01) | 2.18e+01 |  3:2.3e-02  9:2.6e-01
Iterat, #Fevals:   Function Value    (median,worst) |Axis Ratio|idx:Min SD idx:Max SD
  200 ,   2001 : 5.5032402648001e+00 +(8e-02,2e-01) | 2.21e+01 |  3:2.3e-02  9:2.6e-01
  201 ,   2011 : 5.5431195801797e+00 +(6e-02,1e-01) | 2.21e+01 |  3:2.3e-02  9:2.6e-01
  202 ,   2021 : 5.5259134024676e+00 +(7e-02,1e-01) | 2.25e+01 |  3:2.3e-02  9:2.7e-01
  203 ,   2031 : 5.4997894388446e+00 +(8e-02,2e-01) | 2.28e+01 |  3:2.1e-02  9:2.5e-01
  204 ,   2041 : 5.5115378710903e+00 +(9e-02,2e-01) | 2.29e+01 |  3:1.9e-02  9:2.2e-01
  205 ,   2051 : 5.5187417448742e+00 +(3e-02,1e-01) | 2.24e+01 |  3:1.7e-02  9:2.0e-01
  206 ,   2061 : 5.5113692464146e+00 +(7e-02,2e-01) | 2.20e+01 |  3:1.7e-02  9:1.9e-01
  207 ,   2071 : 5.4942997501740e+00 +(6e-02,1e-01) | 2.19e+01 |  3:1.5e-02  9:1.7e-01
  208 ,   2081 : 5.5137060633395e+00 +(5e-02,2e-01) | 2.18e+01 |  3:1.6e-02  9:1.8e-01
  209 ,   2091 : 5.5171525434641e+00 +(3e-02,2e-01) | 2.24e+01 |  3:1.8e-02  9:1.9e-01
Iterat, #Fevals:   Function Value    (median,worst) |Axis Ratio|idx:Min SD idx:Max SD
  210 ,   2101 : 5.5135899377689e+00 +(8e-02,1e-01) | 2.29e+01 |  3:1.6e-02  9:1.8e-01
  211 ,   2111 : 5.5101556393740e+00 +(2e-02,1e-01) | 2.30e+01 |  3:1.5e-02  9:1.7e-01
  212 ,   2121 : 5.4980363764065e+00 +(5e-02,2e-01) | 2.32e+01 |  3:1.4e-02  9:1.6e-01
  213 ,   2131 : 5.4969410853289e+00 +(3e-02,2e-01) | 2.30e+01 |  3:1.3e-02  9:1.5e-01
  214 ,   2141 : 5.5131811130586e+00 +(3e-02,1e-01) | 2.31e+01 |  3:1.2e-02  9:1.4e-01
  215 ,   2151 : 5.4939129704370e+00 +(7e-02,1e-01) | 2.34e+01 |  3:1.2e-02  9:1.3e-01
  216 ,   2161 : 5.4956562614254e+00 +(5e-02,1e-01) | 2.41e+01 |  3:1.2e-02  9:1.3e-01
  217 ,   2171 : 5.5178635203529e+00 +(5e-02,1e-01) | 2.43e+01 |  2:1.1e-02  9:1.3e-01
  218 ,   2181 : 5.4891132673131e+00 +(7e-02,1e-01) | 2.41e+01 |  2:1.0e-02  9:1.2e-01
  219 ,   2191 : 5.4948791329989e+00 +(2e-02,8e-02) | 2.43e+01 |  2:1.0e-02  9:1.2e-01
Iterat, #Fevals:   Function Value    (median,worst) |Axis Ratio|idx:Min SD idx:Max SD
  220 ,   2201 : 5.4998837238239e+00 +(9e-02,1e-01) | 2.39e+01 |  2:9.9e-03  9:1.2e-01
  221 ,   2211 : 5.5080322624007e+00 +(3e-02,7e-02) | 2.45e+01 |  2:1.0e-02  9:1.2e-01
  222 ,   2221 : 5.4977936479145e+00 +(5e-02,1e-01) | 2.45e+01 |  3:8.9e-03  9:1.0e-01
  223 ,   2231 : 5.4973496343448e+00 +(7e-02,1e-01) | 2.43e+01 |  2:8.9e-03  9:9.8e-02
  224 ,   2241 : 5.4946457537355e+00 +(7e-02,1e-01) | 2.48e+01 |  2:8.5e-03  9:9.4e-02
  225 ,   2251 : 5.4971560507606e+00 +(5e-02,1e-01) | 2.46e+01 |  2:8.4e-03  9:9.3e-02
  226 ,   2261 : 5.4982820696127e+00 +(5e-02,1e-01) | 2.61e+01 |  2:8.4e-03  9:9.6e-02
  227 ,   2271 : 5.4947036844889e+00 +(8e-02,1e-01) | 2.59e+01 |  3:8.3e-03  9:9.7e-02
  228 ,   2281 : 5.4935596556504e+00 +(4e-02,8e-02) | 2.64e+01 |  3:9.1e-03  9:1.0e-01
  229 ,   2291 : 5.4943266103536e+00 +(6e-02,1e-01) | 2.68e+01 |  3:8.7e-03  9:9.8e-02
Iterat, #Fevals:   Function Value    (median,worst) |Axis Ratio|idx:Min SD idx:Max SD
  230 ,   2301 : 5.4961475311247e+00 +(4e-02,1e-01) | 2.68e+01 |  3:8.8e-03  9:9.8e-02
  231 ,   2311 : 5.4994214485361e+00 +(7e-02,1e-01) | 2.64e+01 |  3:8.4e-03  9:9.3e-02
  232 ,   2321 : 5.4969626509127e+00 +(4e-02,1e-01) | 2.64e+01 |  3:8.2e-03  9:8.9e-02
  233 ,   2331 : 5.4953037472320e+00 +(2e-02,1e-01) | 2.59e+01 |  2:8.4e-03  9:9.1e-02
  234 ,   2341 : 5.4988393384511e+00 +(1e-02,1e-01) | 2.58e+01 |  3:7.5e-03  9:8.1e-02
  235 ,   2351 : 5.4993199714509e+00 +(3e-02,1e-01) | 2.59e+01 |  3:7.4e-03  9:7.8e-02
  236 ,   2361 : 5.4915677111161e+00 +(2e-02,9e-02) | 2.62e+01 |  3:9.0e-03  8:9.0e-02
  237 ,   2371 : 5.4993890302297e+00 +(3e-02,1e-01) | 2.72e+01 |  3:9.8e-03  8:1.0e-01
  238 ,   2381 : 5.4991180610686e+00 +(3e-02,7e-02) | 2.92e+01 |  3:1.0e-02  8:1.1e-01
  239 ,   2391 : 5.5054324433243e+00 +(3e-02,1e-01) | 3.00e+01 |  3:1.0e-02  8:1.1e-01
Iterat, #Fevals:   Function Value    (median,worst) |Axis Ratio|idx:Min SD idx:Max SD
  240 ,   2401 : 5.5006264414694e+00 +(4e-02,1e-01) | 3.03e+01 |  3:9.3e-03  8:1.0e-01
  241 ,   2411 : 5.5187026718377e+00 +(1e-02,9e-02) | 3.03e+01 |  3:8.6e-03  8:9.4e-02
  242 ,   2421 : 5.5119804939371e+00 +(3e-02,1e-01) | 3.00e+01 |  3:8.0e-03  8:8.7e-02
  243 ,   2431 : 5.4999255779355e+00 +(3e-02,1e-01) | 3.11e+01 |  3:7.4e-03  8:8.4e-02
  244 ,   2441 : 5.5012988438696e+00 +(3e-02,1e-01) | 3.06e+01 |  3:7.5e-03  8:8.3e-02
  245 ,   2451 : 5.5037864682775e+00 +(3e-02,1e-01) | 3.04e+01 |  3:8.8e-03  8:9.2e-02
  246 ,   2461 : 5.4984718678701e+00 +(4e-02,1e-01) | 3.04e+01 |  2:1.0e-02  8:1.0e-01
  247 ,   2471 : 5.5079361323480e+00 +(6e-02,1e-01) | 2.99e+01 |  2:1.0e-02  8:1.0e-01
  248 ,   2481 : 5.4935905470599e+00 +(3e-02,1e-01) | 3.03e+01 |  2:9.8e-03  8:1.0e-01
  249 ,   2491 : 5.4911154930910e+00 +(2e-02,8e-02) | 3.05e+01 |  2:9.5e-03  8:1.0e-01
Iterat, #Fevals:   Function Value    (median,worst) |Axis Ratio|idx:Min SD idx:Max SD
  250 ,   2501 : 5.4938347961468e+00 +(4e-02,1e-01) | 3.17e+01 |  2:9.8e-03  8:1.1e-01
  251 ,   2511 : 5.4966041777016e+00 +(6e-02,1e-01) | 3.31e+01 |  2:1.2e-02  8:1.3e-01
  252 ,   2521 : 5.4902940388931e+00 +(4e-02,1e-01) | 3.43e+01 |  2:1.1e-02  8:1.4e-01
  253 ,   2531 : 5.5189938652353e+00 +(5e-02,1e-01) | 3.32e+01 |  2:1.3e-02  8:1.5e-01
  254 ,   2541 : 5.5057877722113e+00 +(6e-02,1e-01) | 3.36e+01 |  2:1.2e-02  8:1.4e-01
  255 ,   2551 : 5.4940889469507e+00 +(3e-02,1e-01) | 3.40e+01 |  2:1.1e-02  8:1.3e-01
  256 ,   2561 : 5.4858576575038e+00 +(1e-02,1e-01) | 3.47e+01 |  2:1.2e-02  8:1.4e-01
  257 ,   2571 : 5.4825014072578e+00 +(5e-02,2e-01) | 3.47e+01 |  2:1.2e-02  8:1.4e-01
  258 ,   2581 : 5.4829595530441e+00 +(2e-02,1e-01) | 3.53e+01 |  2:1.2e-02  8:1.5e-01
  259 ,   2591 : 5.4895380575232e+00 +(7e-02,1e-01) | 3.54e+01 |  2:1.2e-02  8:1.5e-01
Iterat, #Fevals:   Function Value    (median,worst) |Axis Ratio|idx:Min SD idx:Max SD
  260 ,   2601 : 5.4890787458914e+00 +(5e-02,1e-01) | 3.54e+01 |  2:1.2e-02  8:1.3e-01
  261 ,   2611 : 5.4867412272214e+00 +(3e-02,9e-02) | 3.51e+01 |  2:1.0e-02  8:1.2e-01
  262 ,   2621 : 5.4862710888710e+00 +(7e-02,2e-01) | 3.54e+01 |  2:1.1e-02  9:1.2e-01
  263 ,   2631 : 5.5003219192792e+00 +(4e-02,8e-02) | 3.55e+01 |  2:1.0e-02  9:1.2e-01
  264 ,   2641 : 5.4827746415984e+00 +(6e-02,9e-02) | 3.53e+01 |  2:1.0e-02  8:1.2e-01
  265 ,   2651 : 5.4840392559251e+00 +(2e-02,1e-01) | 3.51e+01 |  2:1.0e-02  8:1.2e-01
  266 ,   2661 : 5.4915974289240e+00 +(3e-02,1e-01) | 3.30e+01 |  2:1.1e-02  9:1.3e-01
  267 ,   2671 : 5.4681054633547e+00 +(9e-02,1e-01) | 3.26e+01 |  2:1.2e-02  9:1.4e-01
  268 ,   2681 : 5.4776285843977e+00 +(5e-02,1e-01) | 3.26e+01 |  2:1.2e-02  9:1.4e-01
  269 ,   2691 : 5.4792987012284e+00 +(6e-02,1e-01) | 3.29e+01 |  2:1.1e-02  9:1.4e-01
Iterat, #Fevals:   Function Value    (median,worst) |Axis Ratio|idx:Min SD idx:Max SD
  270 ,   2701 : 5.4830486382251e+00 +(4e-02,1e-01) | 3.47e+01 |  2:1.3e-02  9:1.5e-01
  271 ,   2711 : 5.4910896311838e+00 +(6e-02,1e-01) | 3.48e+01 |  2:1.2e-02  9:1.4e-01
  272 ,   2721 : 5.4867208701051e+00 +(6e-02,1e-01) | 3.48e+01 |  2:1.1e-02  9:1.3e-01
  273 ,   2731 : 5.4882228562648e+00 +(6e-02,1e-01) | 3.60e+01 |  2:1.2e-02  8:1.4e-01
  274 ,   2741 : 5.4803573927603e+00 +(8e-02,1e-01) | 3.64e+01 |  2:1.2e-02  8:1.4e-01
  275 ,   2751 : 5.5165281896536e+00 +(2e-02,8e-02) | 3.71e+01 |  2:1.2e-02  8:1.3e-01
  276 ,   2761 : 5.5103470680964e+00 +(5e-02,1e-01) | 3.86e+01 |  2:1.1e-02  8:1.3e-01
  277 ,   2771 : 5.4916401243711e+00 +(4e-02,1e-01) | 3.85e+01 |  2:1.1e-02  8:1.3e-01
  278 ,   2781 : 5.4794937284003e+00 +(7e-02,1e-01) | 3.76e+01 |  2:1.1e-02  8:1.3e-01
  279 ,   2791 : 5.4983304405492e+00 +(7e-02,1e-01) | 3.67e+01 |  2:1.1e-02  8:1.2e-01
Iterat, #Fevals:   Function Value    (median,worst) |Axis Ratio|idx:Min SD idx:Max SD
  280 ,   2801 : 5.4874343528510e+00 +(7e-02,1e-01) | 3.60e+01 |  2:1.1e-02  8:1.2e-01
  281 ,   2811 : 5.4828470052205e+00 +(3e-02,1e-01) | 3.58e+01 |  2:9.2e-03  8:9.9e-02
  282 ,   2821 : 5.4889301009651e+00 +(6e-02,1e-01) | 3.57e+01 |  2:8.8e-03  8:9.4e-02
  283 ,   2831 : 5.4868191138903e+00 +(7e-02,1e-01) | 3.59e+01 |  2:8.6e-03  8:9.4e-02
  284 ,   2841 : 5.4746268129910e+00 +(3e-02,1e-01) | 3.58e+01 |  2:8.0e-03  8:8.7e-02
  285 ,   2851 : 5.4813096644134e+00 +(3e-02,1e-01) | 3.62e+01 |  2:7.6e-03  8:8.6e-02
  286 ,   2861 : 5.4871881676506e+00 +(6e-02,1e-01) | 3.85e+01 |  2:8.5e-03  9:9.7e-02
  287 ,   2871 : 5.4928623228228e+00 +(3e-02,7e-02) | 3.95e+01 |  2:8.8e-03  9:1.1e-01
  288 ,   2881 : 5.4809128646469e+00 +(2e-02,1e-01) | 4.08e+01 |  2:9.1e-03  9:1.1e-01
  289 ,   2891 : 5.4833191348938e+00 +(2e-02,1e-01) | 4.28e+01 |  2:1.0e-02  9:1.3e-01
Iterat, #Fevals:   Function Value    (median,worst) |Axis Ratio|idx:Min SD idx:Max SD
  290 ,   2901 : 5.4882877299599e+00 +(4e-02,1e-01) | 4.31e+01 |  2:9.6e-03  9:1.2e-01
  291 ,   2911 : 5.4826335220023e+00 +(7e-02,1e-01) | 4.35e+01 |  2:8.6e-03  9:1.1e-01
  292 ,   2921 : 5.4724907509483e+00 +(4e-02,1e-01) | 4.38e+01 |  2:8.1e-03  9:1.1e-01
  293 ,   2931 : 5.4752382745830e+00 +(1e-02,7e-02) | 4.41e+01 |  2:7.6e-03  9:1.0e-01
  294 ,   2941 : 5.4740244532186e+00 +(8e-02,1e-01) | 4.36e+01 |  2:7.0e-03  9:9.3e-02
  295 ,   2951 : 5.4838675379423e+00 +(4e-02,1e-01) | 4.42e+01 |  2:6.6e-03  9:8.8e-02
  296 ,   2961 : 5.4636785260490e+00 +(6e-02,1e-01) | 4.36e+01 |  2:6.9e-03  9:9.1e-02
  297 ,   2971 : 5.4734397356264e+00 +(2e-02,1e-01) | 4.31e+01 |  2:6.3e-03  9:8.2e-02
  298 ,   2981 : 5.4794389325282e+00 +(8e-02,1e-01) | 4.30e+01 |  2:5.8e-03  9:7.8e-02
  299 ,   2991 : 5.4867056348431e+00 +(4e-02,7e-02) | 4.32e+01 |  2:5.5e-03  9:7.4e-02
Iterat, #Fevals:   Function Value    (median,worst) |Axis Ratio|idx:Min SD idx:Max SD
  300 ,   3001 : 5.4746119952341e+00 +(5e-02,1e-01) | 4.33e+01 |  2:4.7e-03  9:6.3e-02
  301 ,   3011 : 5.4585922365902e+00 +(8e-02,1e-01) | 4.36e+01 |  2:4.1e-03  9:5.4e-02
  302 ,   3021 : 5.4705794340057e+00 +(8e-02,1e-01) | 4.46e+01 |  2:3.7e-03  9:4.9e-02
  303 ,   3031 : 5.5046876158794e+00 +(4e-02,7e-02) | 4.51e+01 |  2:3.4e-03  9:4.6e-02
  304 ,   3041 : 5.4870254576815e+00 +(2e-02,6e-02) | 4.41e+01 |  2:3.2e-03  9:4.3e-02
  305 ,   3051 : 5.4710156121753e+00 +(8e-02,1e-01) | 4.32e+01 |  2:3.2e-03  9:4.3e-02
  306 ,   3061 : 5.4740382178757e+00 +(5e-02,1e-01) | 4.35e+01 |  2:3.3e-03  9:4.5e-02
  307 ,   3071 : 5.4705683452584e+00 +(5e-02,1e-01) | 4.31e+01 |  2:3.1e-03  9:4.4e-02
  308 ,   3081 : 5.4752782560456e+00 +(6e-02,8e-02) | 4.35e+01 |  2:3.4e-03  9:4.8e-02
  309 ,   3091 : 5.4848187857024e+00 +(3e-02,6e-02) | 4.28e+01 |  2:3.9e-03  9:5.4e-02
Iterat, #Fevals:   Function Value    (median,worst) |Axis Ratio|idx:Min SD idx:Max SD
  310 ,   3101 : 5.4786493066820e+00 +(2e-02,8e-02) | 4.31e+01 |  2:4.4e-03  9:6.0e-02
  311 ,   3111 : 5.4748352308452e+00 +(5e-02,9e-02) | 4.31e+01 |  2:4.5e-03  9:6.1e-02
  312 ,   3121 : 5.4606572400106e+00 +(4e-02,1e-01) | 4.20e+01 |  2:4.8e-03  9:6.8e-02
  313 ,   3131 : 5.4824169898986e+00 +(5e-02,1e-01) | 4.34e+01 |  2:5.4e-03  9:8.1e-02
  314 ,   3141 : 5.5012626478266e+00 +(5e-02,9e-02) | 4.39e+01 |  2:5.6e-03  9:8.5e-02
  315 ,   3151 : 5.4884427562723e+00 +(6e-02,1e-01) | 4.47e+01 |  2:5.8e-03  9:8.9e-02
  316 ,   3161 : 5.4975135793384e+00 +(6e-02,9e-02) | 4.53e+01 |  2:5.9e-03  9:9.0e-02
  317 ,   3171 : 5.4866837771663e+00 +(5e-02,1e-01) | 4.52e+01 |  2:5.5e-03  9:8.3e-02
  318 ,   3181 : 5.4836098450524e+00 +(5e-02,1e-01) | 4.57e+01 |  2:5.9e-03  9:8.6e-02
  319 ,   3191 : 5.4792864267061e+00 +(7e-02,1e-01) | 4.55e+01 |  2:6.1e-03  9:8.8e-02
Iterat, #Fevals:   Function Value    (median,worst) |Axis Ratio|idx:Min SD idx:Max SD
  320 ,   3201 : 5.4862406743165e+00 +(2e-02,8e-02) | 4.67e+01 |  2:6.6e-03  9:9.4e-02
  321 ,   3211 : 5.4609715997359e+00 +(8e-02,1e-01) | 4.72e+01 |  2:6.5e-03  9:9.3e-02
  322 ,   3221 : 5.4758982064185e+00 +(5e-02,9e-02) | 4.80e+01 |  2:6.5e-03  9:9.3e-02
  323 ,   3231 : 5.4804784611972e+00 +(3e-02,6e-02) | 4.90e+01 |  2:6.3e-03  9:9.1e-02
  324 ,   3241 : 5.4729094431723e+00 +(5e-02,1e-01) | 4.91e+01 |  2:5.5e-03  9:8.1e-02
  325 ,   3251 : 5.4810580490309e+00 +(3e-02,8e-02) | 5.56e+01 |  2:5.8e-03  9:9.3e-02
  326 ,   3261 : 5.4912545825452e+00 +(4e-02,1e-01) | 5.58e+01 |  2:5.5e-03  9:8.9e-02
  327 ,   3271 : 5.4703582453048e+00 +(6e-02,8e-02) | 5.52e+01 |  2:5.2e-03  9:8.5e-02
  328 ,   3281 : 5.4689846849136e+00 +(5e-02,1e-01) | 5.55e+01 |  2:5.0e-03  9:8.2e-02
  329 ,   3291 : 5.4697587404864e+00 +(7e-02,1e-01) | 5.55e+01 |  2:4.7e-03  9:7.4e-02
Iterat, #Fevals:   Function Value    (median,worst) |Axis Ratio|idx:Min SD idx:Max SD
  330 ,   3301 : 5.4747106965686e+00 +(7e-02,1e-01) | 5.41e+01 |  2:4.7e-03  9:7.5e-02
  331 ,   3311 : 5.4742987833604e+00 +(7e-02,9e-02) | 5.43e+01 |  2:4.8e-03  9:7.6e-02
  332 ,   3321 : 5.4593370731513e+00 +(9e-02,1e-01) | 5.48e+01 |  2:4.7e-03  9:7.6e-02
  333 ,   3331 : 5.4753378280406e+00 +(5e-02,1e-01) | 5.62e+01 |  2:4.9e-03  9:7.8e-02
  334 ,   3341 : 5.4929174629149e+00 +(4e-02,9e-02) | 5.82e+01 |  2:4.9e-03  9:8.1e-02
  335 ,   3351 : 5.4775170131113e+00 +(4e-02,7e-02) | 5.69e+01 |  2:5.7e-03  9:9.3e-02
  336 ,   3361 : 5.4785911112234e+00 +(6e-02,8e-02) | 5.74e+01 |  2:6.2e-03  9:1.0e-01
  337 ,   3371 : 5.4839133875509e+00 +(7e-02,1e-01) | 5.91e+01 |  2:6.2e-03  9:1.1e-01
  338 ,   3381 : 5.4922044854456e+00 +(6e-02,1e-01) | 5.76e+01 |  2:6.3e-03  9:1.0e-01
  339 ,   3391 : 5.4770679847105e+00 +(5e-02,8e-02) | 5.82e+01 |  2:6.3e-03  9:1.0e-01
Iterat, #Fevals:   Function Value    (median,worst) |Axis Ratio|idx:Min SD idx:Max SD
  340 ,   3401 : 5.4785807806239e+00 +(5e-02,9e-02) | 5.95e+01 |  2:5.7e-03  9:9.8e-02
  341 ,   3411 : 5.4736756052172e+00 +(3e-02,9e-02) | 6.28e+01 |  2:5.6e-03  9:1.0e-01
  342 ,   3421 : 5.4694945496545e+00 +(5e-02,9e-02) | 6.67e+01 |  2:5.9e-03  9:1.2e-01
  343 ,   3431 : 5.4690081794428e+00 +(4e-02,1e-01) | 6.82e+01 |  2:6.1e-03  9:1.3e-01
  344 ,   3441 : 5.4698880205911e+00 +(5e-02,1e-01) | 6.91e+01 |  2:5.9e-03  9:1.2e-01
  345 ,   3451 : 5.4646993112207e+00 +(1e-02,8e-02) | 6.96e+01 |  2:5.7e-03  9:1.2e-01
  346 ,   3461 : 5.4680376463453e+00 +(3e-02,8e-02) | 6.97e+01 |  2:5.7e-03  9:1.2e-01
  347 ,   3471 : 5.4721294016033e+00 +(5e-02,1e-01) | 6.94e+01 |  2:5.4e-03  9:1.1e-01
  348 ,   3481 : 5.4683854343934e+00 +(2e-02,1e-01) | 7.31e+01 |  2:5.4e-03  9:1.2e-01
  349 ,   3491 : 5.4621380717835e+00 +(2e-02,1e-01) | 8.08e+01 |  2:6.0e-03  9:1.4e-01
Iterat, #Fevals:   Function Value    (median,worst) |Axis Ratio|idx:Min SD idx:Max SD
  350 ,   3501 : 5.4647098339051e+00 +(2e-02,8e-02) | 8.23e+01 |  2:5.9e-03  9:1.4e-01
  351 ,   3511 : 5.4757838650597e+00 +(5e-02,1e-01) | 8.12e+01 |  2:5.6e-03  9:1.3e-01
  352 ,   3521 : 5.4425022726558e+00 +(6e-02,2e-01) | 8.11e+01 |  2:5.2e-03  9:1.2e-01
  353 ,   3531 : 5.4622159016043e+00 +(6e-02,1e-01) | 8.37e+01 |  2:4.6e-03  9:1.1e-01
  354 ,   3541 : 5.4479016556271e+00 +(4e-02,1e-01) | 8.34e+01 |  2:4.3e-03  9:1.0e-01
  355 ,   3551 : 5.4621971736807e+00 +(3e-02,1e-01) | 8.36e+01 |  2:4.1e-03  9:9.8e-02
  356 ,   3561 : 5.4695332476705e+00 +(2e-02,9e-02) | 8.04e+01 |  2:3.9e-03  9:9.4e-02
  357 ,   3571 : 5.4684696185102e+00 +(5e-02,9e-02) | 7.73e+01 |  2:3.9e-03  9:9.2e-02
  358 ,   3581 : 5.4638791634679e+00 +(5e-02,1e-01) | 7.73e+01 |  2:4.3e-03  9:1.0e-01
  359 ,   3591 : 5.4652962973386e+00 +(5e-02,1e-01) | 7.92e+01 |  2:4.6e-03  9:1.1e-01
Iterat, #Fevals:   Function Value    (median,worst) |Axis Ratio|idx:Min SD idx:Max SD
  360 ,   3601 : 5.4652162721444e+00 +(8e-02,1e-01) | 8.08e+01 |  2:4.9e-03  9:1.2e-01
  361 ,   3611 : 5.4643269593224e+00 +(4e-02,1e-01) | 7.98e+01 |  2:4.4e-03  9:1.1e-01
  362 ,   3621 : 5.4548657532472e+00 +(2e-02,1e-01) | 8.26e+01 |  2:4.8e-03  9:1.2e-01
  363 ,   3631 : 5.4617889037253e+00 +(7e-02,1e-01) | 8.30e+01 |  2:4.9e-03  9:1.1e-01
  364 ,   3641 : 5.4575298472572e+00 +(6e-02,1e-01) | 8.53e+01 |  2:5.1e-03  9:1.2e-01
  365 ,   3651 : 5.4585361347084e+00 +(4e-02,1e-01) | 8.47e+01 |  2:4.9e-03  9:1.2e-01
  366 ,   3661 : 5.4629586663718e+00 +(5e-02,1e-01) | 8.60e+01 |  2:4.6e-03  9:1.1e-01
  367 ,   3671 : 5.4646334401497e+00 +(3e-02,9e-02) | 8.46e+01 |  2:4.6e-03  9:1.1e-01
  368 ,   3681 : 5.4834192772872e+00 +(4e-02,8e-02) | 8.38e+01 |  2:4.4e-03  9:1.1e-01
  369 ,   3691 : 5.4464962156950e+00 +(3e-02,1e-01) | 8.57e+01 |  2:4.3e-03  9:1.1e-01
Iterat, #Fevals:   Function Value    (median,worst) |Axis Ratio|idx:Min SD idx:Max SD
  370 ,   3701 : 5.4514376000115e+00 +(4e-02,9e-02) | 8.72e+01 |  2:4.4e-03  9:1.1e-01
  371 ,   3711 : 5.4586802441238e+00 +(4e-02,7e-02) | 8.79e+01 |  2:4.6e-03  9:1.2e-01
  372 ,   3721 : 5.4855219129797e+00 +(3e-02,8e-02) | 8.98e+01 |  2:5.3e-03  9:1.4e-01
  373 ,   3731 : 5.4594521744624e+00 +(3e-02,1e-01) | 9.07e+01 |  2:6.1e-03  9:1.6e-01
  374 ,   3741 : 5.4531768719294e+00 +(4e-02,1e-01) | 8.99e+01 |  2:6.8e-03  9:1.8e-01
  375 ,   3751 : 5.4535040017306e+00 +(6e-02,8e-02) | 8.99e+01 |  2:6.7e-03  9:1.8e-01
  376 ,   3761 : 5.4216262145807e+00 +(6e-02,1e-01) | 8.96e+01 |  2:7.3e-03  9:1.9e-01
  377 ,   3771 : 5.4679462998764e+00 +(3e-02,1e-01) | 9.50e+01 |  2:8.1e-03  9:2.3e-01
  378 ,   3781 : 5.4533074760617e+00 +(7e-02,9e-02) | 9.97e+01 |  2:9.0e-03  9:2.6e-01
  379 ,   3791 : 5.4544011443415e+00 +(5e-02,1e-01) | 9.77e+01 |  2:9.9e-03  9:2.9e-01
Iterat, #Fevals:   Function Value    (median,worst) |Axis Ratio|idx:Min SD idx:Max SD
  380 ,   3801 : 5.4562265034695e+00 +(4e-02,1e-01) | 8.90e+01 |  2:1.1e-02  9:3.1e-01
  381 ,   3811 : 5.4376096573022e+00 +(5e-02,1e-01) | 8.78e+01 |  2:1.2e-02  9:3.2e-01
  382 ,   3821 : 5.4331910521460e+00 +(7e-02,1e-01) | 9.07e+01 |  2:1.2e-02  9:3.5e-01
  383 ,   3831 : 5.4236180598694e+00 +(5e-02,1e-01) | 9.02e+01 |  2:1.3e-02  9:3.6e-01
  384 ,   3841 : 5.4215097765867e+00 +(5e-02,1e-01) | 8.98e+01 |  2:1.3e-02  9:3.6e-01
  385 ,   3851 : 5.4366415486148e+00 +(4e-02,1e-01) | 9.27e+01 |  2:1.4e-02  9:3.7e-01
  386 ,   3861 : 5.4176118150010e+00 +(7e-02,1e-01) | 9.31e+01 |  2:1.5e-02  9:4.0e-01
  387 ,   3871 : 5.4318368923733e+00 +(7e-02,1e-01) | 9.31e+01 |  2:1.8e-02  9:4.7e-01
  388 ,   3881 : 5.4259953366594e+00 +(7e-02,1e-01) | 9.19e+01 |  2:1.9e-02  9:4.8e-01
  389 ,   3891 : 5.4450795949363e+00 +(3e-02,9e-02) | 9.03e+01 |  2:1.8e-02  9:4.6e-01
Iterat, #Fevals:   Function Value    (median,worst) |Axis Ratio|idx:Min SD idx:Max SD
  390 ,   3901 : 5.4458957232139e+00 +(6e-02,1e-01) | 9.08e+01 |  2:1.8e-02  9:4.7e-01
  391 ,   3911 : 5.4236871580612e+00 +(6e-02,1e-01) | 9.03e+01 |  2:1.6e-02  9:4.2e-01
  392 ,   3921 : 5.4705514680166e+00 +(6e-02,1e-01) | 8.95e+01 |  2:1.6e-02  9:4.0e-01
  393 ,   3931 : 5.4352084195025e+00 +(6e-02,1e-01) | 8.90e+01 |  2:1.4e-02  9:3.6e-01
  394 ,   3941 : 5.4449621853454e+00 +(4e-02,1e-01) | 8.58e+01 |  2:1.4e-02  9:3.6e-01
  395 ,   3951 : 5.4655275004060e+00 +(5e-02,1e-01) | 8.61e+01 |  2:1.4e-02  9:3.5e-01
  396 ,   3961 : 5.4541244982049e+00 +(6e-02,1e-01) | 8.54e+01 |  2:1.2e-02  9:3.0e-01
  397 ,   3971 : 5.4257096344152e+00 +(4e-02,1e-01) | 8.68e+01 |  2:1.1e-02  9:2.7e-01
  398 ,   3981 : 5.4519566008191e+00 +(3e-02,1e-01) | 8.59e+01 |  2:1.0e-02  9:2.5e-01
  399 ,   3991 : 5.4276868305004e+00 +(5e-02,1e-01) | 8.53e+01 |  2:1.0e-02  9:2.5e-01
Iterat, #Fevals:   Function Value    (median,worst) |Axis Ratio|idx:Min SD idx:Max SD
  400 ,   4001 : 5.4197290043288e+00 +(1e-01,1e-01) | 8.67e+01 |  2:9.9e-03  9:2.4e-01
  401 ,   4011 : 5.4269081297007e+00 +(6e-02,1e-01) | 8.95e+01 |  2:9.6e-03  9:2.4e-01
  402 ,   4021 : 5.4392160541711e+00 +(6e-02,1e-01) | 8.96e+01 |  2:8.7e-03  9:2.2e-01
  403 ,   4031 : 5.4405431272842e+00 +(5e-02,1e-01) | 9.15e+01 |  2:8.3e-03  9:2.1e-01
  404 ,   4041 : 5.4193866642541e+00 +(1e-01,1e-01) | 9.04e+01 |  2:7.9e-03  9:2.0e-01
  405 ,   4051 : 5.4083449912455e+00 +(9e-02,1e-01) | 9.41e+01 |  2:7.6e-03  9:2.0e-01
  406 ,   4061 : 5.4423816155077e+00 +(7e-02,1e-01) | 9.37e+01 |  2:7.3e-03  9:1.9e-01
  407 ,   4071 : 5.4112556037637e+00 +(7e-02,1e-01) | 9.33e+01 |  2:6.6e-03  9:1.7e-01
  408 ,   4081 : 5.4369873745213e+00 +(4e-02,9e-02) | 9.44e+01 |  2:6.4e-03  9:1.7e-01
  409 ,   4091 : 5.4200075930854e+00 +(1e-01,1e-01) | 9.25e+01 |  2:5.9e-03  9:1.5e-01
Iterat, #Fevals:   Function Value    (median,worst) |Axis Ratio|idx:Min SD idx:Max SD
  410 ,   4101 : 5.4383333096722e+00 +(4e-02,1e-01) | 9.15e+01 |  2:5.3e-03  9:1.4e-01
  411 ,   4111 : 5.4133835223565e+00 +(9e-02,2e-01) | 9.39e+01 |  2:5.1e-03  9:1.4e-01
  412 ,   4121 : 5.4345124511826e+00 +(7e-02,8e-02) | 9.62e+01 |  2:5.1e-03  9:1.4e-01
  413 ,   4131 : 5.4120099206270e+00 +(8e-02,1e-01) | 9.82e+01 |  2:4.7e-03  9:1.3e-01
  414 ,   4141 : 5.4134990043067e+00 +(5e-02,1e-01) | 1.05e+02 |  2:5.1e-03  9:1.5e-01
  415 ,   4151 : 5.4285374192565e+00 +(4e-02,7e-02) | 1.14e+02 |  2:5.6e-03  9:1.8e-01
  416 ,   4161 : 5.4225424949341e+00 +(4e-02,1e-01) | 1.17e+02 |  2:5.9e-03  9:1.9e-01
  417 ,   4171 : 5.4091852960180e+00 +(5e-02,1e-01) | 1.17e+02 |  2:6.4e-03  9:2.1e-01
  418 ,   4181 : 5.4222628238035e+00 +(4e-02,8e-02) | 1.17e+02 |  2:6.7e-03  9:2.2e-01
  419 ,   4191 : 5.4133202986719e+00 +(3e-02,1e-01) | 1.17e+02 |  2:7.2e-03  9:2.4e-01
Iterat, #Fevals:   Function Value    (median,worst) |Axis Ratio|idx:Min SD idx:Max SD
  420 ,   4201 : 5.4268303688268e+00 +(3e-02,7e-02) | 1.20e+02 |  2:6.8e-03  9:2.2e-01
  421 ,   4211 : 5.4032373950282e+00 +(5e-02,1e-01) | 1.20e+02 |  2:6.3e-03  9:2.1e-01
  422 ,   4221 : 5.3977567456396e+00 +(8e-02,1e-01) | 1.17e+02 |  2:6.2e-03  9:2.0e-01
  423 ,   4231 : 5.4005739367785e+00 +(4e-02,1e-01) | 1.19e+02 |  2:6.2e-03  9:2.0e-01
  424 ,   4241 : 5.4087741248958e+00 +(3e-02,1e-01) | 1.18e+02 |  2:6.2e-03  9:2.1e-01
  425 ,   4251 : 5.4140570300267e+00 +(7e-02,1e-01) | 1.16e+02 |  2:6.0e-03  9:2.0e-01
  426 ,   4261 : 5.3966937093997e+00 +(2e-02,1e-01) | 1.17e+02 |  2:5.6e-03  9:1.9e-01
  427 ,   4271 : 5.4064201205750e+00 +(7e-02,1e-01) | 1.23e+02 |  2:5.4e-03  9:1.9e-01
  428 ,   4281 : 5.4012994534275e+00 +(4e-02,9e-02) | 1.23e+02 |  2:5.2e-03  9:1.9e-01
  429 ,   4291 : 5.4127846160388e+00 +(2e-02,6e-02) | 1.23e+02 |  2:5.4e-03  9:1.9e-01
Iterat, #Fevals:   Function Value    (median,worst) |Axis Ratio|idx:Min SD idx:Max SD
  430 ,   4301 : 5.4126180217815e+00 +(4e-02,1e-01) | 1.25e+02 |  2:5.4e-03  9:2.0e-01
  431 ,   4311 : 5.4078503953624e+00 +(9e-02,1e-01) | 1.26e+02 |  2:5.5e-03  9:2.0e-01
  432 ,   4321 : 5.3994379888445e+00 +(6e-02,1e-01) | 1.25e+02 |  2:6.0e-03  9:2.1e-01
  433 ,   4331 : 5.4078710623524e+00 +(5e-02,9e-02) | 1.30e+02 |  2:6.8e-03  9:2.3e-01
  434 ,   4341 : 5.4399948568270e+00 +(5e-02,1e-01) | 1.32e+02 |  2:6.5e-03  9:2.2e-01
  435 ,   4351 : 5.4065429161209e+00 +(7e-02,1e-01) | 1.32e+02 |  2:6.1e-03  9:2.1e-01
  436 ,   4361 : 5.4301016088461e+00 +(5e-02,9e-02) | 1.40e+02 |  2:6.7e-03  9:2.5e-01
  437 ,   4371 : 5.3968337839925e+00 +(4e-02,2e-01) | 1.36e+02 |  2:6.7e-03  9:2.5e-01
  438 ,   4381 : 5.4123379289880e+00 +(3e-02,1e-01) | 1.37e+02 |  2:6.3e-03  9:2.4e-01
  439 ,   4391 : 5.4049292176337e+00 +(4e-02,9e-02) | 1.40e+02 |  2:6.1e-03  9:2.3e-01
Iterat, #Fevals:   Function Value    (median,worst) |Axis Ratio|idx:Min SD idx:Max SD
  440 ,   4401 : 5.4041659470737e+00 +(4e-02,1e-01) | 1.40e+02 |  2:6.0e-03  9:2.3e-01
  441 ,   4411 : 5.4048646279193e+00 +(6e-02,1e-01) | 1.40e+02 |  2:5.4e-03  9:2.1e-01
  442 ,   4421 : 5.4050026883551e+00 +(5e-02,9e-02) | 1.44e+02 |  2:5.6e-03  9:2.2e-01
  443 ,   4431 : 5.4152236766885e+00 +(6e-02,9e-02) | 1.42e+02 |  2:5.9e-03  9:2.3e-01
  444 ,   4441 : 5.3975629119865e+00 +(5e-02,1e-01) | 1.41e+02 |  2:5.3e-03  9:2.1e-01
  445 ,   4451 : 5.4076867168411e+00 +(3e-02,1e-01) | 1.40e+02 |  2:5.0e-03  9:2.0e-01
  446 ,   4461 : 5.4057974338179e+00 +(6e-02,1e-01) | 1.40e+02 |  2:4.9e-03  9:1.9e-01
  447 ,   4471 : 5.4045207813051e+00 +(6e-02,9e-02) | 1.38e+02 |  2:4.8e-03  9:1.9e-01
  448 ,   4481 : 5.4121390814879e+00 +(6e-02,1e-01) | 1.37e+02 |  2:4.7e-03  9:1.8e-01
  449 ,   4491 : 5.4000462975591e+00 +(6e-02,1e-01) | 1.44e+02 |  2:4.8e-03  9:2.0e-01
Iterat, #Fevals:   Function Value    (median,worst) |Axis Ratio|idx:Min SD idx:Max SD
  450 ,   4501 : 5.4025509543549e+00 +(8e-02,1e-01) | 1.46e+02 |  2:4.3e-03  9:1.8e-01
  451 ,   4511 : 5.3913298695564e+00 +(5e-02,1e-01) | 1.48e+02 |  2:4.0e-03  9:1.6e-01
  452 ,   4521 : 5.3902508651299e+00 +(5e-02,1e-01) | 1.48e+02 |  2:3.8e-03  9:1.5e-01
  453 ,   4531 : 5.4113582626548e+00 +(4e-02,1e-01) | 1.48e+02 |  2:3.5e-03  9:1.4e-01
  454 ,   4541 : 5.4054153791133e+00 +(6e-02,1e-01) | 1.46e+02 |  2:3.1e-03  9:1.3e-01
  455 ,   4551 : 5.4003133846817e+00 +(5e-02,1e-01) | 1.48e+02 |  2:3.1e-03  9:1.2e-01
  456 ,   4561 : 5.3941455040169e+00 +(3e-02,6e-02) | 1.47e+02 |  2:3.1e-03  9:1.3e-01
  457 ,   4571 : 5.3829567479972e+00 +(6e-02,1e-01) | 1.46e+02 |  2:3.2e-03  9:1.3e-01
  458 ,   4581 : 5.4110953323111e+00 +(4e-02,6e-02) | 1.56e+02 |  2:3.3e-03  9:1.3e-01
  459 ,   4591 : 5.4087333441736e+00 +(6e-02,1e-01) | 1.56e+02 |  2:3.1e-03  9:1.2e-01
Iterat, #Fevals:   Function Value    (median,worst) |Axis Ratio|idx:Min SD idx:Max SD
  460 ,   4601 : 5.4079450386748e+00 +(3e-02,1e-01) | 1.55e+02 |  2:2.8e-03  9:1.1e-01
  461 ,   4611 : 5.4149285630679e+00 +(7e-02,1e-01) | 1.59e+02 |  2:2.6e-03  9:1.0e-01
  462 ,   4621 : 5.3902495680988e+00 +(4e-02,1e-01) | 1.65e+02 |  2:2.7e-03  9:1.1e-01
  463 ,   4631 : 5.3982397116642e+00 +(5e-02,1e-01) | 1.62e+02 |  2:2.5e-03  9:1.0e-01
  464 ,   4641 : 5.4036657367007e+00 +(5e-02,9e-02) | 1.61e+02 |  2:2.5e-03  9:9.8e-02
  465 ,   4651 : 5.4098400492757e+00 +(6e-02,9e-02) | 1.64e+02 |  2:2.4e-03  9:9.8e-02
  466 ,   4661 : 5.4392919179110e+00 +(2e-02,5e-02) | 1.64e+02 |  2:2.5e-03  9:1.0e-01
  467 ,   4671 : 5.4235604429685e+00 +(3e-02,9e-02) | 1.62e+02 |  2:2.3e-03  9:9.5e-02
  468 ,   4681 : 5.4098994991063e+00 +(4e-02,1e-01) | 1.70e+02 |  2:2.2e-03  9:9.5e-02
  469 ,   4691 : 5.4082135824603e+00 +(4e-02,8e-02) | 1.71e+02 |  2:2.1e-03  9:9.1e-02
Iterat, #Fevals:   Function Value    (median,worst) |Axis Ratio|idx:Min SD idx:Max SD
  470 ,   4701 : 5.4003667110895e+00 +(3e-02,9e-02) | 1.72e+02 |  2:1.9e-03  9:8.1e-02
  471 ,   4711 : 5.4024433596160e+00 +(5e-02,9e-02) | 1.73e+02 |  2:1.8e-03  9:7.6e-02
  472 ,   4721 : 5.4087880269434e+00 +(4e-02,1e-01) | 1.71e+02 |  2:1.6e-03  9:6.8e-02
  473 ,   4731 : 5.3950263651552e+00 +(2e-02,9e-02) | 1.66e+02 |  2:1.3e-03  9:5.8e-02
  474 ,   4741 : 5.3918765594605e+00 +(5e-02,8e-02) | 1.71e+02 |  2:1.3e-03  9:5.6e-02
  475 ,   4751 : 5.3901439343566e+00 +(6e-02,1e-01) | 1.73e+02 |  2:1.2e-03  9:5.7e-02
  476 ,   4761 : 5.3969108549120e+00 +(4e-02,9e-02) | 1.76e+02 |  2:1.2e-03  9:5.4e-02
  477 ,   4771 : 5.4254222654901e+00 +(3e-02,6e-02) | 1.77e+02 |  2:1.1e-03  9:5.1e-02
  478 ,   4781 : 5.4041016598558e+00 +(4e-02,1e-01) | 1.69e+02 |  2:1.2e-03  9:5.1e-02
  479 ,   4791 : 5.3878929470470e+00 +(3e-02,1e-01) | 1.69e+02 |  2:1.1e-03  9:4.8e-02
Iterat, #Fevals:   Function Value    (median,worst) |Axis Ratio|idx:Min SD idx:Max SD
  480 ,   4801 : 5.4264586971510e+00 +(6e-02,9e-02) | 1.67e+02 |  2:1.0e-03  9:4.5e-02
  481 ,   4811 : 5.4088415618996e+00 +(5e-02,9e-02) | 1.70e+02 |  2:1.1e-03  9:4.8e-02
  482 ,   4821 : 5.4004066254395e+00 +(4e-02,1e-01) | 1.72e+02 |  2:1.1e-03  9:4.9e-02
  483 ,   4831 : 5.4045962780890e+00 +(3e-02,7e-02) | 1.75e+02 |  2:1.1e-03  9:4.8e-02
  484 ,   4841 : 5.3931822262812e+00 +(6e-02,1e-01) | 1.78e+02 |  2:1.1e-03  9:4.8e-02
  485 ,   4851 : 5.3958278923079e+00 +(4e-02,1e-01) | 1.80e+02 |  2:1.0e-03  9:4.4e-02
  486 ,   4861 : 5.3878281609950e+00 +(4e-02,1e-01) | 1.79e+02 |  2:9.7e-04  9:4.2e-02
  487 ,   4871 : 5.3964232802732e+00 +(5e-02,7e-02) | 1.81e+02 |  2:9.3e-04  9:4.1e-02
  488 ,   4881 : 5.4067538108672e+00 +(5e-02,8e-02) | 1.88e+02 |  2:1.0e-03  9:4.3e-02
  489 ,   4891 : 5.4002889528852e+00 +(5e-02,8e-02) | 1.82e+02 |  2:9.8e-04  9:4.1e-02
Iterat, #Fevals:   Function Value    (median,worst) |Axis Ratio|idx:Min SD idx:Max SD
  490 ,   4901 : 5.4043373034843e+00 +(3e-02,9e-02) | 1.82e+02 |  2:9.8e-04  9:4.1e-02
  491 ,   4911 : 5.3990175041499e+00 +(4e-02,1e-01) | 1.83e+02 |  2:1.1e-03  9:4.3e-02
  492 ,   4921 : 5.3922108732164e+00 +(3e-02,1e-01) | 1.86e+02 |  2:1.2e-03  9:4.9e-02
  493 ,   4931 : 5.4009778051326e+00 +(5e-02,9e-02) | 1.87e+02 |  2:1.3e-03  9:5.3e-02
  494 ,   4941 : 5.4000229534256e+00 +(6e-02,9e-02) | 1.85e+02 |  2:1.3e-03  9:5.3e-02
  495 ,   4951 : 5.4319281222632e+00 +(3e-02,7e-02) | 1.87e+02 |  2:1.3e-03  9:5.4e-02
  496 ,   4961 : 5.4065314108236e+00 +(3e-02,1e-01) | 1.86e+02 |  2:1.3e-03  9:5.3e-02
  497 ,   4971 : 5.3937081124792e+00 +(7e-02,1e-01) | 1.83e+02 |  2:1.3e-03  9:5.2e-02
  498 ,   4981 : 5.3973615539962e+00 +(5e-02,1e-01) | 1.82e+02 |  2:1.2e-03  9:4.7e-02
  499 ,   4991 : 5.4127470464195e+00 +(4e-02,9e-02) | 1.82e+02 |  2:1.0e-03  9:4.2e-02
Iterat, #Fevals:   Function Value    (median,worst) |Axis Ratio|idx:Min SD idx:Max SD
  500 ,   5001 : 5.4415995498854e+00 +(1e-02,3e-02) | 1.82e+02 |  2:9.3e-04  9:3.7e-02
  501 ,   5011 : 5.4157019075128e+00 +(4e-02,1e-01) | 1.86e+02 |  2:8.8e-04  9:3.7e-02
  502 ,   5021 : 5.3979090484662e+00 +(5e-02,1e-01) | 1.98e+02 |  2:9.5e-04  9:4.1e-02
  503 ,   5031 : 5.3852729879112e+00 +(5e-02,1e-01) | 2.00e+02 |  2:9.9e-04  9:4.3e-02
  504 ,   5041 : 5.3959624845879e+00 +(4e-02,1e-01) | 1.95e+02 |  2:9.6e-04  9:4.2e-02
  505 ,   5051 : 5.3888942890266e+00 +(6e-02,1e-01) | 1.96e+02 |  2:8.6e-04  9:3.7e-02
  506 ,   5061 : 5.3970344289542e+00 +(3e-02,7e-02) | 1.94e+02 |  2:8.0e-04  9:3.5e-02
  507 ,   5071 : 5.3943453522838e+00 +(5e-02,1e-01) | 2.00e+02 |  2:8.2e-04  9:3.7e-02
  508 ,   5081 : 5.4029917903614e+00 +(5e-02,8e-02) | 1.98e+02 |  2:7.9e-04  9:3.6e-02
  509 ,   5091 : 5.3837200686462e+00 +(7e-02,1e-01) | 2.12e+02 |  2:8.3e-04  9:3.9e-02
Iterat, #Fevals:   Function Value    (median,worst) |Axis Ratio|idx:Min SD idx:Max SD
  510 ,   5101 : 5.3933840072106e+00 +(5e-02,1e-01) | 2.15e+02 |  2:8.6e-04  9:4.1e-02
  511 ,   5111 : 5.4043670499033e+00 +(4e-02,1e-01) | 2.13e+02 |  2:8.4e-04  9:3.9e-02
  512 ,   5121 : 5.4007464837571e+00 +(5e-02,9e-02) | 2.12e+02 |  2:7.6e-04  9:3.5e-02
  513 ,   5131 : 5.3969262623090e+00 +(5e-02,9e-02) | 2.11e+02 |  2:7.5e-04  9:3.4e-02
  514 ,   5141 : 5.3962117132555e+00 +(5e-02,8e-02) | 2.13e+02 |  2:6.8e-04  9:3.1e-02
  515 ,   5151 : 5.3923398831928e+00 +(4e-02,6e-02) | 2.19e+02 |  2:7.1e-04  9:3.4e-02
  516 ,   5161 : 5.3892217366043e+00 +(4e-02,1e-01) | 2.22e+02 |  2:7.3e-04  9:3.5e-02
  517 ,   5171 : 5.3927594535424e+00 +(5e-02,1e-01) | 2.25e+02 |  2:7.3e-04  9:3.5e-02
  518 ,   5181 : 5.3883502522459e+00 +(6e-02,1e-01) | 2.23e+02 |  2:7.6e-04  9:3.6e-02
  519 ,   5191 : 5.3968380556386e+00 +(4e-02,9e-02) | 2.21e+02 |  2:8.8e-04  9:4.0e-02
Iterat, #Fevals:   Function Value    (median,worst) |Axis Ratio|idx:Min SD idx:Max SD
  520 ,   5201 : 5.3926374401925e+00 +(2e-02,7e-02) | 2.24e+02 |  2:1.0e-03  9:4.6e-02
  521 ,   5211 : 5.3892366323428e+00 +(5e-02,1e-01) | 2.24e+02 |  2:1.1e-03  9:4.6e-02
  522 ,   5221 : 5.3929430107124e+00 +(6e-02,1e-01) | 2.17e+02 |  2:1.0e-03  9:4.5e-02
  523 ,   5231 : 5.3952978117917e+00 +(5e-02,9e-02) | 2.15e+02 |  2:1.0e-03  9:4.3e-02
  524 ,   5241 : 5.3857325980497e+00 +(6e-02,1e-01) | 2.16e+02 |  2:9.2e-04  9:4.0e-02
  525 ,   5251 : 5.3941522119588e+00 +(7e-02,1e-01) | 2.14e+02 |  2:8.5e-04  9:3.7e-02
  526 ,   5261 : 5.3959162798862e+00 +(5e-02,9e-02) | 2.16e+02 |  2:7.8e-04  9:3.4e-02
  527 ,   5271 : 5.3916843296629e+00 +(3e-02,1e-01) | 2.25e+02 |  2:7.7e-04  9:3.4e-02
  528 ,   5281 : 5.3939072980277e+00 +(5e-02,1e-01) | 2.26e+02 |  2:7.8e-04  9:3.3e-02
  529 ,   5291 : 5.3887848170880e+00 +(6e-02,9e-02) | 2.26e+02 |  2:7.6e-04  9:3.2e-02
Iterat, #Fevals:   Function Value    (median,worst) |Axis Ratio|idx:Min SD idx:Max SD
  530 ,   5301 : 5.3976991228552e+00 +(8e-02,1e-01) | 2.24e+02 |  2:7.6e-04  9:3.2e-02
  531 ,   5311 : 5.3995357692419e+00 +(5e-02,1e-01) | 2.27e+02 |  2:7.2e-04  9:3.1e-02
  532 ,   5321 : 5.3975541458673e+00 +(6e-02,9e-02) | 2.25e+02 |  2:6.8e-04  9:2.9e-02
  533 ,   5331 : 5.3962817329027e+00 +(4e-02,8e-02) | 2.24e+02 |  2:6.2e-04  9:2.6e-02
  534 ,   5341 : 5.3927822314181e+00 +(4e-02,1e-01) | 2.36e+02 |  2:6.4e-04  9:2.7e-02
  535 ,   5351 : 5.4041169697023e+00 +(5e-02,1e-01) | 2.40e+02 |  2:6.4e-04  9:2.7e-02
  536 ,   5361 : 5.3962427680071e+00 +(2e-02,6e-02) | 2.40e+02 |  2:6.0e-04  9:2.5e-02
  537 ,   5371 : 5.3939268439793e+00 +(6e-02,1e-01) | 2.41e+02 |  2:5.3e-04  9:2.2e-02
  538 ,   5381 : 5.4291485406243e+00 +(2e-02,7e-02) | 2.41e+02 |  2:4.8e-04  9:2.0e-02
  539 ,   5391 : 5.3915340773946e+00 +(6e-02,1e-01) | 2.37e+02 |  2:5.0e-04  9:2.1e-02
Iterat, #Fevals:   Function Value    (median,worst) |Axis Ratio|idx:Min SD idx:Max SD
  540 ,   5401 : 5.4251314623401e+00 +(2e-02,7e-02) | 2.37e+02 |  2:4.7e-04  9:2.0e-02
  541 ,   5411 : 5.3912478543147e+00 +(4e-02,9e-02) | 2.41e+02 |  2:4.6e-04  9:1.9e-02
  542 ,   5421 : 5.3955670423446e+00 +(4e-02,1e-01) | 2.45e+02 |  2:4.4e-04  9:1.9e-02
  543 ,   5431 : 5.4109282924082e+00 +(3e-02,1e-01) | 2.38e+02 |  2:4.2e-04  9:1.8e-02
  544 ,   5441 : 5.3942639220364e+00 +(6e-02,1e-01) | 2.45e+02 |  2:4.0e-04  9:1.7e-02
  545 ,   5451 : 5.3981119646896e+00 +(8e-02,1e-01) | 2.40e+02 |  2:3.8e-04  9:1.6e-02
  546 ,   5461 : 5.3881101317926e+00 +(6e-02,1e-01) | 2.50e+02 |  2:3.6e-04  9:1.6e-02
  547 ,   5471 : 5.3883120682968e+00 +(3e-02,1e-01) | 2.55e+02 |  2:3.6e-04  9:1.5e-02
  548 ,   5481 : 5.3837306598483e+00 +(7e-02,1e-01) | 2.59e+02 |  2:3.9e-04  9:1.7e-02
  549 ,   5491 : 5.3986156845647e+00 +(5e-02,8e-02) | 2.60e+02 |  2:3.9e-04  9:1.7e-02
Iterat, #Fevals:   Function Value    (median,worst) |Axis Ratio|idx:Min SD idx:Max SD
  550 ,   5501 : 5.4034370057691e+00 +(4e-02,1e-01) | 2.59e+02 |  2:4.1e-04  9:1.7e-02
  551 ,   5511 : 5.3970266500819e+00 +(5e-02,1e-01) | 2.62e+02 |  2:4.3e-04  9:1.8e-02
  552 ,   5521 : 5.4048813482151e+00 +(5e-02,8e-02) | 2.62e+02 |  2:4.3e-04  9:1.8e-02
  553 ,   5531 : 5.3930229274385e+00 +(2e-02,7e-02) | 2.58e+02 |  2:4.8e-04  9:2.1e-02
  554 ,   5541 : 5.3885731800322e+00 +(6e-02,1e-01) | 2.56e+02 |  2:4.6e-04  9:2.0e-02
  555 ,   5551 : 5.3942636930083e+00 +(2e-02,1e-01) | 2.47e+02 |  2:4.6e-04  9:2.0e-02
  556 ,   5561 : 5.3937980295077e+00 +(5e-02,9e-02) | 2.43e+02 |  2:4.4e-04  9:1.8e-02
  557 ,   5571 : 5.3962155111511e+00 +(6e-02,1e-01) | 2.43e+02 |  2:4.1e-04  9:1.7e-02
  558 ,   5581 : 5.3926895801370e+00 +(5e-02,1e-01) | 2.41e+02 |  2:4.5e-04  9:1.9e-02
  559 ,   5591 : 5.3909215136837e+00 +(8e-02,1e-01) | 2.46e+02 |  2:4.8e-04  9:2.0e-02
Iterat, #Fevals:   Function Value    (median,worst) |Axis Ratio|idx:Min SD idx:Max SD
  560 ,   5601 : 5.4134467157642e+00 +(6e-02,1e-01) | 2.44e+02 |  2:5.1e-04  9:2.2e-02
  561 ,   5611 : 5.3979998248468e+00 +(5e-02,1e-01) | 2.50e+02 |  2:5.0e-04  9:2.3e-02
  562 ,   5621 : 5.4023557988738e+00 +(7e-02,1e-01) | 2.55e+02 |  2:4.6e-04  9:2.2e-02
  563 ,   5631 : 5.3926174014401e+00 +(4e-02,1e-01) | 2.50e+02 |  2:4.5e-04  9:2.0e-02
  564 ,   5641 : 5.3927454109886e+00 +(5e-02,1e-01) | 2.50e+02 |  2:4.3e-04  9:1.9e-02
  565 ,   5651 : 5.4187174431661e+00 +(2e-02,9e-02) | 2.55e+02 |  2:4.3e-04  9:2.0e-02
  566 ,   5661 : 5.3886041138908e+00 +(5e-02,1e-01) | 2.70e+02 |  2:4.7e-04  9:2.2e-02
  567 ,   5671 : 5.3929928725647e+00 +(2e-02,9e-02) | 2.69e+02 |  2:4.6e-04  9:2.2e-02
  568 ,   5681 : 5.3955498337270e+00 +(4e-02,8e-02) | 2.68e+02 |  2:4.9e-04  9:2.2e-02
  569 ,   5691 : 5.3896163590758e+00 +(4e-02,1e-01) | 2.67e+02 |  2:4.9e-04  9:2.2e-02
Iterat, #Fevals:   Function Value    (median,worst) |Axis Ratio|idx:Min SD idx:Max SD
  570 ,   5701 : 5.3838673904850e+00 +(5e-02,1e-01) | 2.61e+02 |  2:4.4e-04  9:1.9e-02
  571 ,   5711 : 5.3976018819427e+00 +(6e-02,9e-02) | 2.65e+02 |  2:4.4e-04  9:1.9e-02
  572 ,   5721 : 5.3896289761714e+00 +(5e-02,8e-02) | 2.69e+02 |  2:4.2e-04  9:1.8e-02
  573 ,   5731 : 5.3927954449193e+00 +(6e-02,1e-01) | 2.76e+02 |  2:4.1e-04  9:1.8e-02
  574 ,   5741 : 5.4030819798808e+00 +(4e-02,1e-01) | 2.88e+02 |  2:4.1e-04  9:1.9e-02
  575 ,   5751 : 5.4010745477909e+00 +(4e-02,9e-02) | 2.94e+02 |  2:4.2e-04  9:1.9e-02
  576 ,   5761 : 5.4018031565224e+00 +(2e-02,9e-02) | 2.97e+02 |  2:4.1e-04  9:1.9e-02
  577 ,   5771 : 5.3855387148952e+00 +(6e-02,1e-01) | 2.98e+02 |  2:4.5e-04  9:2.0e-02
  578 ,   5781 : 5.3907955867389e+00 +(8e-02,1e-01) | 2.99e+02 |  2:4.3e-04  9:1.9e-02
  579 ,   5791 : 5.3955232957897e+00 +(6e-02,1e-01) | 2.97e+02 |  2:4.3e-04  9:1.9e-02
Iterat, #Fevals:   Function Value    (median,worst) |Axis Ratio|idx:Min SD idx:Max SD
  580 ,   5801 : 5.3929237648994e+00 +(5e-02,6e-02) | 2.98e+02 |  2:3.9e-04  9:1.7e-02
  581 ,   5811 : 5.3923515120899e+00 +(3e-02,1e-01) | 2.87e+02 |  2:3.8e-04  9:1.7e-02
  582 ,   5821 : 5.3966358585144e+00 +(6e-02,1e-01) | 2.83e+02 |  2:3.4e-04  9:1.5e-02
  583 ,   5831 : 5.3928069208402e+00 +(5e-02,1e-01) | 2.85e+02 |  2:3.3e-04  9:1.5e-02
  584 ,   5841 : 5.3903375414640e+00 +(6e-02,1e-01) | 2.87e+02 |  2:2.9e-04  9:1.3e-02
  585 ,   5851 : 5.3954788677909e+00 +(5e-02,1e-01) | 2.86e+02 |  2:2.6e-04  9:1.2e-02
  586 ,   5861 : 5.3971741183391e+00 +(5e-02,1e-01) | 2.92e+02 |  2:2.6e-04  9:1.2e-02
  587 ,   5871 : 5.3944911425933e+00 +(4e-02,7e-02) | 3.08e+02 |  2:2.7e-04  9:1.3e-02
  588 ,   5881 : 5.4001675408783e+00 +(5e-02,7e-02) | 3.06e+02 |  2:2.8e-04  9:1.4e-02
  589 ,   5891 : 5.3830191976382e+00 +(6e-02,1e-01) | 3.18e+02 |  2:2.7e-04  9:1.4e-02
Iterat, #Fevals:   Function Value    (median,worst) |Axis Ratio|idx:Min SD idx:Max SD
  590 ,   5901 : 5.3929803632528e+00 +(7e-02,1e-01) | 3.22e+02 |  2:2.8e-04  9:1.5e-02
  591 ,   5911 : 5.3940269425272e+00 +(6e-02,9e-02) | 3.22e+02 |  2:2.8e-04  9:1.4e-02
  592 ,   5921 : 5.3894799459275e+00 +(6e-02,1e-01) | 3.15e+02 |  2:2.9e-04  9:1.4e-02
  593 ,   5931 : 5.3976738103213e+00 +(5e-02,9e-02) | 3.12e+02 |  2:2.8e-04  9:1.4e-02
  594 ,   5941 : 5.4165181441866e+00 +(5e-02,8e-02) | 3.11e+02 |  2:2.6e-04  9:1.3e-02
  595 ,   5951 : 5.3987394277560e+00 +(5e-02,9e-02) | 3.10e+02 |  2:2.3e-04  9:1.1e-02
  596 ,   5961 : 5.3839778265974e+00 +(6e-02,1e-01) | 3.13e+02 |  2:2.3e-04  9:1.2e-02
  597 ,   5971 : 5.4105222424506e+00 +(4e-02,1e-01) | 3.12e+02 |  2:2.2e-04  9:1.1e-02
  598 ,   5981 : 5.3934127129222e+00 +(4e-02,1e-01) | 3.08e+02 |  2:1.9e-04  9:9.9e-03
  599 ,   5991 : 5.3846949509379e+00 +(7e-02,1e-01) | 3.07e+02 |  2:1.7e-04  9:8.9e-03
Iterat, #Fevals:   Function Value    (median,worst) |Axis Ratio|idx:Min SD idx:Max SD
  600 ,   6001 : 5.3870460570359e+00 +(4e-02,1e-01) | 3.07e+02 |  2:1.6e-04  9:8.3e-03
  601 ,   6011 : 5.3917035252325e+00 +(5e-02,1e-01) | 2.88e+02 |  2:1.6e-04  9:8.2e-03
  602 ,   6021 : 5.4031783126464e+00 +(6e-02,9e-02) | 2.85e+02 |  2:1.7e-04  9:8.2e-03
  603 ,   6031 : 5.4078614388713e+00 +(6e-02,8e-02) | 2.86e+02 |  2:1.6e-04  9:7.9e-03
  604 ,   6041 : 5.3895135602927e+00 +(2e-02,1e-01) | 2.90e+02 |  2:1.5e-04  9:7.6e-03
  605 ,   6051 : 5.3955971951491e+00 +(3e-02,1e-01) | 2.94e+02 |  2:1.4e-04  9:7.1e-03
  606 ,   6061 : 5.4004824087459e+00 +(5e-02,1e-01) | 3.00e+02 |  2:1.4e-04  9:7.1e-03
  607 ,   6071 : 5.3963351824070e+00 +(4e-02,9e-02) | 3.04e+02 |  2:1.3e-04  9:6.8e-03
  608 ,   6081 : 5.3894210390152e+00 +(2e-02,7e-02) | 3.27e+02 |  2:1.4e-04  9:7.4e-03
  609 ,   6091 : 5.3896407515261e+00 +(4e-02,7e-02) | 3.27e+02 |  2:1.5e-04  9:7.6e-03
Iterat, #Fevals:   Function Value    (median,worst) |Axis Ratio|idx:Min SD idx:Max SD
  610 ,   6101 : 5.4036965143065e+00 +(4e-02,1e-01) | 3.30e+02 |  2:1.7e-04  9:8.6e-03
  611 ,   6111 : 5.3891844500385e+00 +(6e-02,1e-01) | 3.33e+02 |  2:1.6e-04  9:8.5e-03
  612 ,   6121 : 5.3860651225069e+00 +(5e-02,1e-01) | 3.30e+02 |  2:1.6e-04  9:8.4e-03
  613 ,   6131 : 5.3936768620726e+00 +(6e-02,1e-01) | 3.29e+02 |  2:1.6e-04  9:8.2e-03
  614 ,   6141 : 5.3939825136533e+00 +(6e-02,1e-01) | 3.22e+02 |  2:1.6e-04  9:8.2e-03
  615 ,   6151 : 5.3992484018705e+00 +(7e-02,1e-01) | 3.19e+02 |  2:1.5e-04  9:7.7e-03
  616 ,   6161 : 5.4088176685681e+00 +(7e-02,9e-02) | 3.36e+02 |  2:1.5e-04  9:8.6e-03
  617 ,   6171 : 5.3866404093970e+00 +(4e-02,8e-02) | 3.39e+02 |  2:1.5e-04  9:8.2e-03
  618 ,   6181 : 5.3838173539075e+00 +(7e-02,1e-01) | 3.56e+02 |  2:1.5e-04  9:8.8e-03
  619 ,   6191 : 5.3971591167702e+00 +(5e-02,1e-01) | 3.54e+02 |  2:1.7e-04  9:9.2e-03
Iterat, #Fevals:   Function Value    (median,worst) |Axis Ratio|idx:Min SD idx:Max SD
  620 ,   6201 : 5.4009019872165e+00 +(5e-02,1e-01) | 3.73e+02 |  2:1.7e-04  9:9.9e-03
  621 ,   6211 : 5.4008583873338e+00 +(5e-02,9e-02) | 3.79e+02 |  2:1.7e-04  9:9.9e-03
  622 ,   6221 : 5.3914351367531e+00 +(6e-02,1e-01) | 3.92e+02 |  2:1.8e-04  9:1.0e-02
  623 ,   6231 : 5.3966186671508e+00 +(6e-02,1e-01) | 4.03e+02 |  2:1.8e-04  9:1.1e-02
  624 ,   6241 : 5.4217466273675e+00 +(5e-02,8e-02) | 3.92e+02 |  2:1.7e-04  9:1.0e-02
  625 ,   6251 : 5.3957578457255e+00 +(5e-02,1e-01) | 3.91e+02 |  2:1.7e-04  9:1.0e-02
  626 ,   6261 : 5.4101038923692e+00 +(4e-02,8e-02) | 4.09e+02 |  2:1.7e-04  9:1.1e-02
  627 ,   6271 : 5.3970846411711e+00 +(8e-02,1e-01) | 4.17e+02 |  2:1.6e-04  9:1.0e-02
  628 ,   6281 : 5.3937352505863e+00 +(9e-02,1e-01) | 4.18e+02 |  2:1.7e-04  9:1.1e-02
  629 ,   6291 : 5.3910025332146e+00 +(6e-02,9e-02) | 4.33e+02 |  2:1.7e-04  9:1.1e-02
Iterat, #Fevals:   Function Value    (median,worst) |Axis Ratio|idx:Min SD idx:Max SD
  630 ,   6301 : 5.4045721770627e+00 +(4e-02,1e-01) | 4.41e+02 |  2:1.8e-04  9:1.2e-02
  631 ,   6311 : 5.3915457234718e+00 +(3e-02,9e-02) | 4.41e+02 |  2:1.8e-04  9:1.2e-02
  632 ,   6321 : 5.3930444710925e+00 +(5e-02,7e-02) | 4.16e+02 |  2:2.0e-04  9:1.3e-02
  633 ,   6331 : 5.3855349079808e+00 +(6e-02,1e-01) | 4.11e+02 |  2:1.9e-04  9:1.3e-02
  634 ,   6341 : 5.3883371696495e+00 +(9e-02,1e-01) | 4.18e+02 |  2:1.9e-04  9:1.3e-02
  635 ,   6351 : 5.3953868511196e+00 +(6e-02,1e-01) | 4.20e+02 |  2:1.7e-04  9:1.2e-02
  636 ,   6361 : 5.3904601225487e+00 +(4e-02,1e-01) | 4.20e+02 |  2:1.6e-04  9:1.1e-02
  637 ,   6371 : 5.4083299915331e+00 +(3e-02,1e-01) | 4.23e+02 |  2:1.5e-04  9:1.0e-02
  638 ,   6381 : 5.3861579107145e+00 +(2e-02,1e-01) | 4.20e+02 |  2:1.5e-04  9:1.0e-02
  639 ,   6391 : 5.3967364729631e+00 +(6e-02,1e-01) | 4.27e+02 |  2:1.4e-04  9:9.7e-03
Iterat, #Fevals:   Function Value    (median,worst) |Axis Ratio|idx:Min SD idx:Max SD
  640 ,   6401 : 5.3970780718581e+00 +(7e-02,1e-01) | 4.35e+02 |  2:1.3e-04  9:9.2e-03
  641 ,   6411 : 5.3956481837408e+00 +(5e-02,1e-01) | 4.39e+02 |  2:1.2e-04  9:8.5e-03
  642 ,   6421 : 5.4039743394732e+00 +(5e-02,1e-01) | 4.47e+02 |  2:1.3e-04  9:8.7e-03
  643 ,   6431 : 5.4066770707789e+00 +(5e-02,9e-02) | 4.50e+02 |  2:1.4e-04  9:9.0e-03
  644 ,   6441 : 5.4082695211389e+00 +(5e-02,8e-02) | 4.48e+02 |  2:1.4e-04  9:9.2e-03
  645 ,   6451 : 5.3931661337228e+00 +(4e-02,1e-01) | 4.52e+02 |  2:1.5e-04  9:9.9e-03
  646 ,   6461 : 5.3971876479473e+00 +(5e-02,1e-01) | 4.67e+02 |  2:1.6e-04  9:1.2e-02
  647 ,   6471 : 5.4029853482714e+00 +(5e-02,1e-01) | 4.70e+02 |  2:1.7e-04  9:1.2e-02
  648 ,   6481 : 5.3957205874996e+00 +(5e-02,9e-02) | 4.75e+02 |  2:1.8e-04  9:1.3e-02
  649 ,   6491 : 5.3881061000252e+00 +(4e-02,7e-02) | 4.66e+02 |  2:2.0e-04  9:1.4e-02
Iterat, #Fevals:   Function Value    (median,worst) |Axis Ratio|idx:Min SD idx:Max SD
  650 ,   6501 : 5.3903219374115e+00 +(7e-02,1e-01) | 4.61e+02 |  2:1.8e-04  9:1.3e-02
  651 ,   6511 : 5.3962364854504e+00 +(6e-02,1e-01) | 4.75e+02 |  2:1.7e-04  9:1.2e-02
  652 ,   6521 : 5.4003870042158e+00 +(6e-02,1e-01) | 4.78e+02 |  2:1.5e-04  9:1.1e-02
  653 ,   6531 : 5.3980661783570e+00 +(5e-02,9e-02) | 5.06e+02 |  2:1.5e-04  9:1.1e-02
  654 ,   6541 : 5.4021647564557e+00 +(5e-02,1e-01) | 5.11e+02 |  2:1.3e-04  9:1.0e-02
  655 ,   6551 : 5.3976481546569e+00 +(8e-02,1e-01) | 5.26e+02 |  2:1.3e-04  9:1.0e-02
  656 ,   6561 : 5.4038962144380e+00 +(4e-02,9e-02) | 5.39e+02 |  2:1.3e-04  9:1.1e-02
  657 ,   6571 : 5.3881755175414e+00 +(4e-02,1e-01) | 5.71e+02 |  2:1.4e-04  9:1.2e-02
  658 ,   6581 : 5.4041361990468e+00 +(2e-02,9e-02) | 5.69e+02 |  2:1.3e-04  9:1.1e-02
  659 ,   6591 : 5.3915130837984e+00 +(3e-02,1e-01) | 5.65e+02 |  2:1.2e-04  9:1.0e-02
Iterat, #Fevals:   Function Value    (median,worst) |Axis Ratio|idx:Min SD idx:Max SD
  660 ,   6601 : 5.3879423595503e+00 +(5e-02,1e-01) | 5.60e+02 |  2:1.2e-04  9:9.7e-03
  661 ,   6611 : 5.4085111171261e+00 +(4e-02,8e-02) | 5.53e+02 |  2:1.2e-04  9:9.6e-03
  662 ,   6621 : 5.4409530251244e+00 +(2e-02,5e-02) | 5.50e+02 |  2:1.1e-04  9:8.9e-03
  663 ,   6631 : 5.3894101833279e+00 +(5e-02,1e-01) | 5.57e+02 |  2:1.1e-04  9:8.8e-03
  664 ,   6641 : 5.4007755763387e+00 +(3e-02,9e-02) | 5.61e+02 |  2:1.0e-04  9:8.4e-03
  665 ,   6651 : 5.3917489364548e+00 +(4e-02,9e-02) | 5.53e+02 |  2:9.0e-05  9:7.6e-03
  666 ,   6661 : 5.4023163995304e+00 +(3e-02,1e-01) | 5.45e+02 |  2:8.0e-05  9:6.8e-03
  667 ,   6671 : 5.3909049074561e+00 +(6e-02,1e-01) | 5.53e+02 |  2:7.5e-05  9:6.4e-03
  668 ,   6681 : 5.4097294923121e+00 +(4e-02,8e-02) | 5.57e+02 |  2:7.9e-05  9:6.7e-03
  669 ,   6691 : 5.3932690627029e+00 +(4e-02,1e-01) | 5.54e+02 |  2:8.1e-05  9:6.9e-03
Iterat, #Fevals:   Function Value    (median,worst) |Axis Ratio|idx:Min SD idx:Max SD
  670 ,   6701 : 5.3948637455235e+00 +(5e-02,1e-01) | 6.12e+02 |  2:8.8e-05  9:8.2e-03
  671 ,   6711 : 5.3958827391878e+00 +(5e-02,1e-01) | 6.06e+02 |  2:9.1e-05  9:8.7e-03
  672 ,   6721 : 5.4107970546101e+00 +(3e-02,8e-02) | 6.17e+02 |  2:8.2e-05  9:7.9e-03
  673 ,   6731 : 5.4097389910207e+00 +(4e-02,8e-02) | 6.18e+02 |  2:7.3e-05  9:7.0e-03
  674 ,   6741 : 5.4007988651207e+00 +(5e-02,1e-01) | 6.08e+02 |  2:6.8e-05  9:6.5e-03
  675 ,   6751 : 5.3933009796546e+00 +(6e-02,1e-01) | 6.30e+02 |  2:7.1e-05  9:7.0e-03
  676 ,   6761 : 5.4055348386421e+00 +(6e-02,1e-01) | 6.27e+02 |  2:7.0e-05  9:6.7e-03
  677 ,   6771 : 5.3941802917832e+00 +(5e-02,9e-02) | 6.16e+02 |  2:7.0e-05  9:6.4e-03
  678 ,   6781 : 5.3844953545725e+00 +(2e-02,1e-01) | 6.50e+02 |  2:6.8e-05  9:6.6e-03
  679 ,   6791 : 5.4082261773483e+00 +(6e-02,9e-02) | 6.56e+02 |  2:6.4e-05  9:6.3e-03
Iterat, #Fevals:   Function Value    (median,worst) |Axis Ratio|idx:Min SD idx:Max SD
  680 ,   6801 : 5.3922209739965e+00 +(4e-02,8e-02) | 6.37e+02 |  2:5.7e-05  9:5.6e-03
  681 ,   6811 : 5.4232325846286e+00 +(7e-02,8e-02) | 6.37e+02 |  2:5.6e-05  9:5.4e-03
  682 ,   6821 : 5.4090190755034e+00 +(4e-02,8e-02) | 6.34e+02 |  2:5.1e-05  9:4.8e-03
  683 ,   6831 : 5.3984467460239e+00 +(8e-02,9e-02) | 6.36e+02 |  2:4.6e-05  9:4.3e-03
  684 ,   6841 : 5.4161095477724e+00 +(7e-02,9e-02) | 6.33e+02 |  2:4.5e-05  9:4.3e-03
  685 ,   6851 : 5.3899262779803e+00 +(6e-02,9e-02) | 6.38e+02 |  2:4.5e-05  9:4.3e-03
  686 ,   6861 : 5.3998845167667e+00 +(3e-02,1e-01) | 6.47e+02 |  2:4.8e-05  9:4.4e-03
  687 ,   6871 : 5.3906562420686e+00 +(4e-02,1e-01) | 6.62e+02 |  2:4.7e-05  9:4.3e-03
  688 ,   6881 : 5.3998286753594e+00 +(5e-02,1e-01) | 6.68e+02 |  2:4.4e-05  9:4.1e-03
  689 ,   6891 : 5.3966424405669e+00 +(6e-02,1e-01) | 6.73e+02 |  2:4.2e-05  9:3.9e-03
Iterat, #Fevals:   Function Value    (median,worst) |Axis Ratio|idx:Min SD idx:Max SD
  690 ,   6901 : 5.3910828506370e+00 +(4e-02,1e-01) | 6.59e+02 |  2:3.9e-05  9:3.6e-03
  691 ,   6911 : 5.4018483933073e+00 +(4e-02,1e-01) | 6.48e+02 |  2:3.6e-05  9:3.2e-03
  692 ,   6921 : 5.4040459829476e+00 +(4e-02,7e-02) | 6.49e+02 |  2:3.4e-05  9:3.0e-03
  693 ,   6931 : 5.3894524949332e+00 +(6e-02,1e-01) | 6.49e+02 |  2:3.4e-05  9:3.0e-03
  694 ,   6941 : 5.3926166396671e+00 +(3e-02,1e-01) | 6.57e+02 |  2:3.3e-05  9:3.0e-03
  695 ,   6951 : 5.3863255039121e+00 +(4e-02,1e-01) | 6.52e+02 |  2:3.4e-05  9:3.1e-03
  696 ,   6961 : 5.3945219474070e+00 +(6e-02,1e-01) | 6.43e+02 |  2:3.8e-05  9:3.3e-03
  697 ,   6971 : 5.3916658829465e+00 +(5e-02,1e-01) | 6.40e+02 |  2:3.7e-05  9:3.2e-03
  698 ,   6981 : 5.3947585911528e+00 +(4e-02,1e-01) | 6.45e+02 |  2:3.4e-05  9:3.0e-03
  699 ,   6991 : 5.3995456938954e+00 +(4e-02,1e-01) | 6.54e+02 |  2:3.3e-05  9:2.9e-03
Iterat, #Fevals:   Function Value    (median,worst) |Axis Ratio|idx:Min SD idx:Max SD
  700 ,   7001 : 5.3876608509076e+00 +(6e-02,9e-02) | 6.53e+02 |  2:3.2e-05  9:2.7e-03
  701 ,   7011 : 5.3924240940371e+00 +(6e-02,1e-01) | 6.43e+02 |  2:2.9e-05  9:2.5e-03
  702 ,   7021 : 5.3865380243060e+00 +(5e-02,9e-02) | 6.08e+02 |  2:2.9e-05  9:2.5e-03
  703 ,   7031 : 5.3992868637128e+00 +(5e-02,9e-02) | 6.09e+02 |  2:3.3e-05  9:2.8e-03
  704 ,   7041 : 5.3984777684444e+00 +(5e-02,9e-02) | 6.08e+02 |  2:3.7e-05  9:3.1e-03
  705 ,   7051 : 5.3870143281107e+00 +(5e-02,1e-01) | 6.36e+02 |  2:4.0e-05  9:3.5e-03
  706 ,   7061 : 5.3915264687544e+00 +(6e-02,1e-01) | 6.29e+02 |  2:4.3e-05  9:3.8e-03
  707 ,   7071 : 5.4095339297981e+00 +(4e-02,9e-02) | 6.02e+02 |  2:5.6e-05  9:4.9e-03
  708 ,   7081 : 5.3995140014430e+00 +(5e-02,1e-01) | 6.10e+02 |  2:6.5e-05  9:5.8e-03
  709 ,   7091 : 5.3974682095001e+00 +(5e-02,9e-02) | 6.08e+02 |  2:7.3e-05  9:6.4e-03
Iterat, #Fevals:   Function Value    (median,worst) |Axis Ratio|idx:Min SD idx:Max SD
  710 ,   7101 : 5.4029965135901e+00 +(4e-02,5e-02) | 6.04e+02 |  2:7.6e-05  9:6.8e-03
  711 ,   7111 : 5.3834320380637e+00 +(5e-02,1e-01) | 5.95e+02 |  2:7.7e-05  9:7.1e-03
  712 ,   7121 : 5.3939009345780e+00 +(3e-02,1e-01) | 6.14e+02 |  2:7.5e-05  9:7.0e-03
  713 ,   7131 : 5.3845746464310e+00 +(6e-02,1e-01) | 5.90e+02 |  2:8.5e-05  9:7.8e-03
  714 ,   7141 : 5.3888571418543e+00 +(3e-02,1e-01) | 5.85e+02 |  2:9.5e-05  9:8.8e-03
  715 ,   7151 : 5.3993068958586e+00 +(3e-02,1e-01) | 5.88e+02 |  2:9.4e-05  9:8.7e-03
  716 ,   7161 : 5.3992894371417e+00 +(5e-02,9e-02) | 5.84e+02 |  2:8.4e-05  9:7.8e-03
  717 ,   7171 : 5.3950223110225e+00 +(5e-02,1e-01) | 5.87e+02 |  2:8.4e-05  9:7.7e-03
  718 ,   7181 : 5.3932383616943e+00 +(6e-02,1e-01) | 6.01e+02 |  2:8.7e-05  9:8.4e-03
  719 ,   7191 : 5.4110580665001e+00 +(4e-02,8e-02) | 5.90e+02 |  2:9.4e-05  9:9.0e-03
Iterat, #Fevals:   Function Value    (median,worst) |Axis Ratio|idx:Min SD idx:Max SD
  720 ,   7201 : 5.3948775775412e+00 +(4e-02,1e-01) | 5.87e+02 |  2:9.8e-05  9:9.1e-03
  721 ,   7211 : 5.3840964801504e+00 +(4e-02,1e-01) | 5.45e+02 |  2:1.0e-04  9:9.6e-03
  722 ,   7221 : 5.3911599596667e+00 +(4e-02,1e-01) | 5.35e+02 |  2:1.1e-04  9:1.1e-02
  723 ,   7231 : 5.3902705762134e+00 +(5e-02,1e-01) | 5.32e+02 |  2:1.1e-04  9:9.9e-03
  724 ,   7241 : 5.4010495550341e+00 +(5e-02,7e-02) | 5.33e+02 |  2:1.2e-04  9:1.0e-02
  725 ,   7251 : 5.3832739685313e+00 +(6e-02,1e-01) | 5.32e+02 |  2:1.2e-04  9:9.8e-03
  726 ,   7261 : 5.4039480650646e+00 +(8e-02,9e-02) | 5.32e+02 |  2:1.3e-04  9:1.0e-02
  727 ,   7271 : 5.4021003308233e+00 +(4e-02,8e-02) | 5.30e+02 |  2:1.3e-04  9:1.0e-02
  728 ,   7281 : 5.3868861986715e+00 +(6e-02,1e-01) | 5.32e+02 |  2:1.4e-04  9:1.1e-02
  729 ,   7291 : 5.3997513664358e+00 +(7e-02,1e-01) | 5.16e+02 |  2:1.8e-04  9:1.3e-02
Iterat, #Fevals:   Function Value    (median,worst) |Axis Ratio|idx:Min SD idx:Max SD
  730 ,   7301 : 5.3896938046403e+00 +(6e-02,7e-02) | 5.10e+02 |  2:2.0e-04  9:1.5e-02
  731 ,   7311 : 5.4048160619849e+00 +(4e-02,8e-02) | 4.98e+02 |  2:2.1e-04  9:1.5e-02
  732 ,   7321 : 5.3883889302786e+00 +(1e-02,1e-01) | 5.09e+02 |  2:2.2e-04  9:1.6e-02
  733 ,   7331 : 5.3956386779353e+00 +(7e-02,1e-01) | 5.06e+02 |  2:2.2e-04  9:1.7e-02
  734 ,   7341 : 5.3867161951203e+00 +(5e-02,1e-01) | 5.13e+02 |  2:2.4e-04  9:1.8e-02
  735 ,   7351 : 5.3864235980180e+00 +(8e-02,1e-01) | 5.06e+02 |  2:2.4e-04  9:1.8e-02
  736 ,   7361 : 5.4123604948414e+00 +(4e-02,9e-02) | 5.08e+02 |  2:2.0e-04  9:1.5e-02
  737 ,   7371 : 5.3945117154468e+00 +(6e-02,1e-01) | 5.19e+02 |  2:2.3e-04  9:1.6e-02
  738 ,   7381 : 5.3996710520427e+00 +(6e-02,1e-01) | 5.17e+02 |  2:2.3e-04  9:1.5e-02
  739 ,   7391 : 5.3998522872614e+00 +(4e-02,9e-02) | 5.25e+02 |  2:2.5e-04  9:1.6e-02
Iterat, #Fevals:   Function Value    (median,worst) |Axis Ratio|idx:Min SD idx:Max SD
  740 ,   7401 : 5.3990909635984e+00 +(2e-02,8e-02) | 5.22e+02 |  2:2.3e-04  9:1.5e-02
  741 ,   7411 : 5.3919585340247e+00 +(1e-02,1e-01) | 5.11e+02 |  2:2.2e-04  9:1.4e-02
  742 ,   7421 : 5.4035528418815e+00 +(7e-02,9e-02) | 5.11e+02 |  2:1.9e-04  9:1.3e-02
  743 ,   7431 : 5.4419134851684e+00 +(5e-02,7e-02) | 5.13e+02 |  2:1.8e-04  9:1.2e-02
  744 ,   7441 : 5.3899191110443e+00 +(4e-02,9e-02) | 5.12e+02 |  2:1.7e-04  9:1.1e-02
  745 ,   7451 : 5.3925984140584e+00 +(5e-02,1e-01) | 5.23e+02 |  2:1.9e-04  9:1.1e-02
  746 ,   7461 : 5.3931348158624e+00 +(6e-02,1e-01) | 5.32e+02 |  2:1.9e-04  9:1.1e-02
  747 ,   7471 : 5.3945209550893e+00 +(6e-02,1e-01) | 5.37e+02 |  2:2.0e-04  9:1.2e-02
  748 ,   7481 : 5.3988076415296e+00 +(2e-02,5e-02) | 5.30e+02 |  2:2.0e-04  9:1.2e-02
  749 ,   7491 : 5.3829150968915e+00 +(7e-02,1e-01) | 5.45e+02 |  2:1.9e-04  9:1.1e-02
Iterat, #Fevals:   Function Value    (median,worst) |Axis Ratio|idx:Min SD idx:Max SD
  750 ,   7501 : 5.4033338487363e+00 +(5e-02,9e-02) | 5.56e+02 |  2:2.1e-04  9:1.3e-02
  751 ,   7511 : 5.4003713905507e+00 +(5e-02,1e-01) | 5.61e+02 |  2:2.0e-04  9:1.2e-02
  752 ,   7521 : 5.3897861451178e+00 +(2e-02,1e-01) | 5.60e+02 |  2:1.9e-04  9:1.2e-02
  753 ,   7531 : 5.3936858062864e+00 +(8e-02,1e-01) | 5.55e+02 |  2:2.0e-04  9:1.2e-02
  754 ,   7541 : 5.4111340810177e+00 +(3e-02,7e-02) | 5.65e+02 |  2:2.1e-04  9:1.3e-02
  755 ,   7551 : 5.3926363027405e+00 +(5e-02,1e-01) | 5.48e+02 |  2:2.1e-04  9:1.3e-02
  756 ,   7561 : 5.4059634079155e+00 +(4e-02,8e-02) | 5.43e+02 |  2:2.0e-04  9:1.2e-02
  757 ,   7571 : 5.3921886111411e+00 +(5e-02,1e-01) | 5.57e+02 |  2:1.9e-04  9:1.2e-02
  758 ,   7581 : 5.3988838350272e+00 +(9e-02,1e-01) | 5.51e+02 |  2:1.8e-04  9:1.1e-02
  759 ,   7591 : 5.3905447436389e+00 +(6e-02,1e-01) | 5.54e+02 |  2:2.0e-04  9:1.2e-02
Iterat, #Fevals:   Function Value    (median,worst) |Axis Ratio|idx:Min SD idx:Max SD
  760 ,   7601 : 5.3875017486273e+00 +(2e-02,6e-02) | 5.52e+02 |  2:2.0e-04  9:1.2e-02
  761 ,   7611 : 5.3905567604592e+00 +(4e-02,9e-02) | 5.56e+02 |  2:2.1e-04  9:1.2e-02
  762 ,   7621 : 5.3933981251058e+00 +(5e-02,1e-01) | 5.65e+02 |  2:2.2e-04  9:1.3e-02
  763 ,   7631 : 5.4119515282342e+00 +(4e-02,8e-02) | 5.62e+02 |  2:2.0e-04  9:1.2e-02
#Fevals:   f(returned x)   |    bestever.f     | stopflag (saved to variablescmaes112.mat)
   7632: 5.41195152823e+00 | 5.38291509689e+00 | stagnation
mean solution: +1.5e+01 +7.8e-01 +1.8e+00 +8.3e+00 +1.6e+01 +4.7e+00 +3.4e+00 +3.5e+01 +1.7e+01
std deviation:  6.4e-03  2.0e-04  7.9e-04  5.4e-03  4.0e-03  2.5e-03  2.5e-03  3.7e-03  1.2e-02
use plotcmaesdat.m for plotting the output at any time (option LogModulo must not be zero)
