
                            < M A T L A B (R) >
                  Copyright 1984-2015 The MathWorks, Inc.
                   R2015a (8.5.0.197613) 64-bit (glnxa64)
                             February 12, 2015

 
For online documentation, see http://www.mathworks.com/support
For product information, visit www.mathworks.com.
 

	Academic License

  n=9: (5,10)-CMA-ES(w=[46 27 16 9 3]%, mu_eff=3.2) on function Error
Iterat, #Fevals:   Function Value    (median,worst) |Axis Ratio|idx:Min SD idx:Max SD
    1 ,     11 : 5.1551009645968e+01 +(1e+06,3e+18) | 2.01e+01 |  3:7.6e-01  7:1.5e+01
    2 ,     21 : 5.0834776597459e+01 +(7e-01,2e+11) | 2.01e+01 |  3:7.3e-01  7:1.5e+01
    3 ,     31 : 1.0183925822213e+01 +(4e+01,4e+08) | 1.98e+01 |  3:7.0e-01  7:1.4e+01
    4 ,     41 : 2.8241693288456e+01 +(2e+01,6e+06) | 2.00e+01 |  3:6.6e-01  7:1.3e+01
    5 ,     51 : 5.1408692914945e+01 +(1e-01,1e-01) | 2.06e+01 |  3:7.4e-01  7:1.5e+01
    6 ,     61 : 4.3679803954581e+01 +(8e+00,1e+03) | 2.09e+01 |  3:7.9e-01  7:1.6e+01
    7 ,     71 : 3.2953142871503e+01 +(2e+01,9e+02) | 2.09e+01 |  3:8.5e-01  7:1.7e+01
    8 ,     81 : 5.1417430305334e+01 +(1e-01,2e+05) | 2.10e+01 |  3:8.0e-01  7:1.7e+01
    9 ,     91 : 2.6343473926490e+01 +(3e+01,2e+04) | 2.12e+01 |  3:7.0e-01  7:1.5e+01
Iterat, #Fevals:   Function Value    (median,worst) |Axis Ratio|idx:Min SD idx:Max SD
   10 ,    101 : 2.2737835697604e+01 +(3e+01,3e+01) | 2.12e+01 |  3:6.1e-01  7:1.3e+01
   11 ,    111 : 9.9097693517590e+00 +(4e+01,1e+09) | 2.11e+01 |  3:5.3e-01  7:1.1e+01
   12 ,    121 : 8.5099466964811e+00 +(3e+01,2e+05) | 2.09e+01 |  3:4.7e-01  7:9.8e+00
   13 ,    131 : 7.3487649593344e+00 +(4e+01,8e+04) | 2.09e+01 |  3:4.6e-01  8:9.6e+00
   14 ,    141 : 1.7888974300921e+01 +(3e+01,5e+04) | 2.11e+01 |  3:4.6e-01  8:9.5e+00
   15 ,    151 : 8.5241062604936e+00 +(3e+01,6e+05) | 2.09e+01 |  3:4.6e-01  8:9.5e+00
   16 ,    161 : 2.3580990071697e+01 +(2e+01,1e+03) | 2.09e+01 |  3:4.2e-01  8:8.5e+00
   17 ,    171 : 1.0270486770734e+01 +(3e+01,9e+03) | 2.10e+01 |  3:3.9e-01  8:8.0e+00
   18 ,    181 : 8.8611034314809e+00 +(3e+01,1e+08) | 2.03e+01 |  3:4.1e-01  8:7.9e+00
   19 ,    191 : 1.5121469528353e+01 +(7e+01,1e+07) | 2.01e+01 |  2:3.9e-01  8:7.6e+00
Iterat, #Fevals:   Function Value    (median,worst) |Axis Ratio|idx:Min SD idx:Max SD
   20 ,    201 : 1.0659308363399e+01 +(2e+01,5e+04) | 2.01e+01 |  3:3.8e-01  8:7.3e+00
   21 ,    211 : 5.3997072466718e+00 +(2e+01,6e+05) | 2.01e+01 |  3:3.8e-01  8:7.1e+00
   22 ,    221 : 6.1182982003577e+00 +(2e+01,4e+01) | 2.01e+01 |  3:3.7e-01  8:7.0e+00
   23 ,    231 : 7.6891438271892e+00 +(4e+01,3e+09) | 2.07e+01 |  3:3.7e-01  8:7.0e+00
   24 ,    241 : 7.9835599032980e+00 +(2e+01,8e+05) | 2.08e+01 |  3:3.2e-01  8:6.1e+00
   25 ,    251 : 1.0947182990052e+01 +(3e+01,4e+08) | 1.97e+01 |  2:3.3e-01  8:6.0e+00
   26 ,    261 : 8.4353898782519e+00 +(3e+01,1e+03) | 2.00e+01 |  2:3.2e-01  8:5.8e+00
   27 ,    271 : 6.6187344251392e+00 +(3e+00,8e+01) | 1.96e+01 |  2:3.1e-01  8:5.7e+00
   28 ,    281 : 1.0014670273821e+01 +(2e+01,2e+03) | 1.95e+01 |  2:3.2e-01  8:5.7e+00
   29 ,    291 : 9.6853865085969e+00 +(3e+01,3e+05) | 1.97e+01 |  2:2.9e-01  8:5.3e+00
Iterat, #Fevals:   Function Value    (median,worst) |Axis Ratio|idx:Min SD idx:Max SD
   30 ,    301 : 8.9171206379166e+00 +(1e+01,1e+04) | 1.98e+01 |  2:2.7e-01  8:4.8e+00
   31 ,    311 : 7.3671730725395e+00 +(2e+01,4e+01) | 2.01e+01 |  2:2.5e-01  8:4.5e+00
   32 ,    321 : 8.2845119710002e+00 +(8e+01,7e+05) | 2.03e+01 |  2:2.3e-01  8:4.2e+00
   33 ,    331 : 5.1911421678356e+00 +(9e+00,4e+01) | 2.02e+01 |  2:2.2e-01  8:3.9e+00
   34 ,    341 : 8.9412960850458e+00 +(1e+01,3e+03) | 2.03e+01 |  2:2.1e-01  8:3.7e+00
   35 ,    351 : 7.3529276149480e+00 +(2e+01,2e+05) | 2.06e+01 |  2:2.0e-01  8:3.7e+00
   36 ,    361 : 8.4580253053320e+00 +(4e+01,2e+03) | 2.09e+01 |  2:1.8e-01  8:3.3e+00
   37 ,    371 : 6.7372163356567e+00 +(9e+00,3e+02) | 2.10e+01 |  2:1.7e-01  8:3.1e+00
   38 ,    381 : 7.4680298636012e+00 +(2e+01,1e+02) | 2.10e+01 |  2:1.7e-01  8:3.1e+00
   39 ,    391 : 5.8828205741227e+00 +(1e+01,2e+04) | 2.09e+01 |  3:1.6e-01  8:2.9e+00
Iterat, #Fevals:   Function Value    (median,worst) |Axis Ratio|idx:Min SD idx:Max SD
   40 ,    401 : 6.2676786660895e+00 +(1e+01,1e+02) | 2.15e+01 |  3:1.6e-01  8:2.9e+00
   41 ,    411 : 8.7775158824038e+00 +(8e+00,2e+04) | 2.17e+01 |  3:1.6e-01  8:2.9e+00
   42 ,    421 : 5.2232315592975e+00 +(2e+00,3e+01) | 2.13e+01 |  3:1.6e-01  8:2.8e+00
   43 ,    431 : 5.0837646623725e+00 +(6e+00,4e+02) | 2.14e+01 |  3:1.6e-01  8:2.8e+00
   44 ,    441 : 8.4991132827759e+00 +(5e+00,8e+03) | 2.13e+01 |  3:1.6e-01  8:2.8e+00
   45 ,    451 : 5.6352209380734e+00 +(2e+01,1e+04) | 2.14e+01 |  3:1.5e-01  8:2.6e+00
   46 ,    461 : 5.3989072363736e+00 +(4e+00,2e+03) | 2.06e+01 |  3:1.5e-01  8:2.6e+00
   47 ,    471 : 5.0642572894459e+00 +(1e+01,4e+01) | 2.02e+01 |  3:1.6e-01  8:2.7e+00
   48 ,    481 : 4.7146559844694e+00 +(7e+00,9e+01) | 2.06e+01 |  3:1.5e-01  8:2.6e+00
   49 ,    491 : 4.8712462404068e+00 +(9e+01,5e+02) | 2.05e+01 |  3:1.4e-01  8:2.4e+00
Iterat, #Fevals:   Function Value    (median,worst) |Axis Ratio|idx:Min SD idx:Max SD
   50 ,    501 : 5.8644838967423e+00 +(6e+00,2e+01) | 1.99e+01 |  3:1.4e-01  8:2.3e+00
   51 ,    511 : 4.8765055025444e+00 +(4e+00,6e+01) | 1.98e+01 |  3:1.3e-01  8:2.1e+00
   52 ,    521 : 7.1388933362023e+00 +(8e+00,7e+01) | 1.92e+01 |  3:1.3e-01  8:2.1e+00
   53 ,    531 : 4.8557459858176e+00 +(6e+00,3e+01) | 1.91e+01 |  2:1.2e-01  8:2.0e+00
   54 ,    541 : 5.1265443533439e+00 +(5e+00,3e+01) | 1.93e+01 |  2:1.2e-01  8:1.9e+00
   55 ,    551 : 6.1335452281471e+00 +(8e+00,4e+01) | 1.88e+01 |  2:1.2e-01  8:1.9e+00
   56 ,    561 : 5.3527387033353e+00 +(5e+00,9e+01) | 1.81e+01 |  2:1.1e-01  8:1.8e+00
   57 ,    571 : 6.7219385718389e+00 +(4e+00,2e+01) | 1.75e+01 |  2:1.1e-01  8:1.7e+00
   58 ,    581 : 5.1512084381884e+00 +(4e+00,1e+01) | 1.74e+01 |  3:1.2e-01  8:1.8e+00
   59 ,    591 : 5.4192019835014e+00 +(5e+00,1e+01) | 1.75e+01 |  3:1.1e-01  8:1.8e+00
Iterat, #Fevals:   Function Value    (median,worst) |Axis Ratio|idx:Min SD idx:Max SD
   60 ,    601 : 5.0980170654795e+00 +(2e+00,2e+02) | 1.75e+01 |  2:1.2e-01  8:1.8e+00
   61 ,    611 : 5.3219256538765e+00 +(2e+00,1e+01) | 1.68e+01 |  3:1.2e-01  8:1.8e+00
   62 ,    621 : 4.7162025546302e+00 +(4e+00,4e+01) | 1.65e+01 |  3:1.4e-01  8:2.1e+00
   63 ,    631 : 5.2989070622389e+00 +(4e+00,1e+01) | 1.65e+01 |  3:1.5e-01  8:2.3e+00
   64 ,    641 : 4.6851951258922e+00 +(9e+00,7e+04) | 1.65e+01 |  3:1.5e-01  8:2.3e+00
   65 ,    651 : 5.6117709721852e+00 +(3e+00,1e+02) | 1.63e+01 |  3:1.5e-01  8:2.2e+00
   66 ,    661 : 4.4170059930076e+00 +(3e+00,1e+01) | 1.65e+01 |  3:1.5e-01  8:2.1e+00
   67 ,    671 : 6.2394415812089e+00 +(9e+00,6e+01) | 1.75e+01 |  3:1.5e-01  8:2.3e+00
   68 ,    681 : 4.9888218197425e+00 +(3e+00,2e+02) | 1.80e+01 |  3:1.5e-01  8:2.4e+00
   69 ,    691 : 4.1575325370435e+00 +(1e+01,2e+03) | 1.87e+01 |  3:1.5e-01  8:2.4e+00
Iterat, #Fevals:   Function Value    (median,worst) |Axis Ratio|idx:Min SD idx:Max SD
   70 ,    701 : 4.4217815689132e+00 +(9e+00,2e+01) | 1.89e+01 |  3:1.4e-01  8:2.3e+00
   71 ,    711 : 4.3081113148033e+00 +(2e+00,3e+02) | 1.92e+01 |  3:1.4e-01  8:2.3e+00
   72 ,    721 : 4.4192628637581e+00 +(1e+00,8e+00) | 1.94e+01 |  3:1.3e-01  8:2.2e+00
   73 ,    731 : 3.9155274822558e+00 +(1e+01,6e+01) | 1.92e+01 |  3:1.4e-01  8:2.2e+00
   74 ,    741 : 4.1088136337727e+00 +(1e+01,7e+01) | 1.94e+01 |  3:1.3e-01  8:2.0e+00
   75 ,    751 : 5.1050598589115e+00 +(5e+00,2e+01) | 1.94e+01 |  3:1.2e-01  8:1.9e+00
   76 ,    761 : 4.2153322959825e+00 +(1e+00,3e+01) | 1.92e+01 |  3:1.1e-01  8:1.8e+00
   77 ,    771 : 4.3532236690996e+00 +(2e+00,4e+01) | 1.92e+01 |  3:1.0e-01  8:1.7e+00
   78 ,    781 : 4.0751845464127e+00 +(5e+00,5e+01) | 1.86e+01 |  3:1.1e-01  8:1.7e+00
   79 ,    791 : 3.6701656584928e+00 +(4e+00,5e+01) | 1.87e+01 |  3:9.5e-02  8:1.5e+00
Iterat, #Fevals:   Function Value    (median,worst) |Axis Ratio|idx:Min SD idx:Max SD
   80 ,    801 : 4.3590678501057e+00 +(6e+00,1e+02) | 1.89e+01 |  3:9.1e-02  8:1.5e+00
   81 ,    811 : 4.4286524513851e+00 +(6e+00,5e+02) | 1.84e+01 |  3:9.9e-02  8:1.6e+00
   82 ,    821 : 3.7198870849390e+00 +(6e+00,9e+01) | 1.80e+01 |  3:1.0e-01  8:1.6e+00
   83 ,    831 : 3.4663661627994e+00 +(4e+00,3e+01) | 1.81e+01 |  3:1.0e-01  8:1.5e+00
   84 ,    841 : 3.4951567847318e+00 +(8e+00,9e+02) | 1.83e+01 |  3:9.6e-02  8:1.5e+00
   85 ,    851 : 3.6729293738022e+00 +(4e+00,3e+06) | 1.90e+01 |  3:9.3e-02  8:1.5e+00
   86 ,    861 : 4.1226444820481e+00 +(2e+01,3e+02) | 1.97e+01 |  3:9.3e-02  8:1.5e+00
   87 ,    871 : 4.8471511402837e+00 +(1e+01,7e+01) | 2.02e+01 |  3:8.9e-02  8:1.5e+00
   88 ,    881 : 3.7020446819292e+00 +(5e+00,2e+01) | 2.04e+01 |  3:8.4e-02  8:1.4e+00
   89 ,    891 : 4.5351476487693e+00 +(2e+00,9e+03) | 2.06e+01 |  3:7.6e-02  8:1.3e+00
Iterat, #Fevals:   Function Value    (median,worst) |Axis Ratio|idx:Min SD idx:Max SD
   90 ,    901 : 3.5375527173641e+00 +(3e+00,5e+01) | 2.06e+01 |  3:7.1e-02  8:1.2e+00
   91 ,    911 : 3.7243094271385e+00 +(1e+00,1e+01) | 2.06e+01 |  3:6.5e-02  8:1.1e+00
   92 ,    921 : 3.8522568981825e+00 +(2e+00,9e+00) | 2.11e+01 |  3:6.2e-02  8:1.1e+00
   93 ,    931 : 3.7984844561965e+00 +(2e+00,7e+00) | 2.13e+01 |  3:5.6e-02  8:9.7e-01
   94 ,    941 : 3.8477292498707e+00 +(6e-01,2e+01) | 2.17e+01 |  3:5.1e-02  8:8.8e-01
   95 ,    951 : 4.0332215879788e+00 +(9e-01,3e+00) | 2.23e+01 |  3:4.8e-02  8:8.6e-01
   96 ,    961 : 3.4284897012338e+00 +(7e-01,2e+00) | 2.26e+01 |  3:5.3e-02  8:9.8e-01
   97 ,    971 : 3.5163832695329e+00 +(2e+00,1e+01) | 2.27e+01 |  3:5.7e-02  8:1.1e+00
   98 ,    981 : 3.9431373883880e+00 +(1e+00,1e+01) | 2.30e+01 |  3:5.8e-02  8:1.1e+00
   99 ,    991 : 3.5689391961413e+00 +(2e+00,7e+00) | 2.30e+01 |  3:5.9e-02  8:1.1e+00
Iterat, #Fevals:   Function Value    (median,worst) |Axis Ratio|idx:Min SD idx:Max SD
  100 ,   1001 : 3.6266243106238e+00 +(5e+00,3e+01) | 2.26e+01 |  3:5.6e-02  8:1.0e+00
  101 ,   1011 : 3.5016488307491e+00 +(1e+00,1e+01) | 2.27e+01 |  3:5.2e-02  8:9.8e-01
  102 ,   1021 : 3.2508859208409e+00 +(4e-01,2e+01) | 2.29e+01 |  3:5.1e-02  8:9.6e-01
  103 ,   1031 : 3.2568076031440e+00 +(4e+00,4e+01) | 2.31e+01 |  3:4.9e-02  8:9.2e-01
  104 ,   1041 : 3.8203549637209e+00 +(2e+00,4e+01) | 2.34e+01 |  3:4.4e-02  8:8.4e-01
  105 ,   1051 : 3.2517048505345e+00 +(2e+00,1e+01) | 2.34e+01 |  3:3.9e-02  8:7.5e-01
  106 ,   1061 : 3.3104284817782e+00 +(3e+00,5e+01) | 2.38e+01 |  3:3.5e-02  8:6.8e-01
  107 ,   1071 : 3.4644923800944e+00 +(7e-01,7e+00) | 2.40e+01 |  3:3.4e-02  8:6.6e-01
  108 ,   1081 : 3.4485737222204e+00 +(7e-01,5e+00) | 2.40e+01 |  3:3.2e-02  8:6.3e-01
  109 ,   1091 : 3.4903699197243e+00 +(9e-01,5e+00) | 2.43e+01 |  3:3.1e-02  8:6.1e-01
Iterat, #Fevals:   Function Value    (median,worst) |Axis Ratio|idx:Min SD idx:Max SD
  110 ,   1101 : 3.3783619505444e+00 +(4e-01,5e+00) | 2.56e+01 |  3:3.0e-02  8:6.2e-01
  111 ,   1111 : 3.3621584211501e+00 +(3e-01,2e+00) | 2.60e+01 |  3:2.8e-02  8:5.8e-01
  112 ,   1121 : 3.3380691638376e+00 +(2e-01,1e+00) | 2.65e+01 |  3:2.9e-02  8:6.0e-01
  113 ,   1131 : 3.2821024338818e+00 +(5e-01,1e+01) | 2.64e+01 |  3:2.5e-02  8:5.3e-01
  114 ,   1141 : 3.1926944011112e+00 +(4e-01,2e+00) | 2.60e+01 |  3:2.4e-02  8:4.9e-01
  115 ,   1151 : 3.2165616334077e+00 +(2e-01,2e+00) | 2.51e+01 |  3:2.4e-02  8:4.8e-01
  116 ,   1161 : 3.2444398628514e+00 +(5e-01,2e+00) | 2.51e+01 |  3:2.2e-02  8:4.6e-01
  117 ,   1171 : 3.1951015213140e+00 +(3e-01,8e-01) | 2.48e+01 |  3:2.0e-02  8:4.1e-01
  118 ,   1181 : 3.2358139204048e+00 +(5e-01,2e+00) | 2.53e+01 |  3:2.0e-02  8:4.1e-01
  119 ,   1191 : 3.2221721889054e+00 +(2e-01,2e+00) | 2.52e+01 |  3:1.9e-02  8:3.9e-01
Iterat, #Fevals:   Function Value    (median,worst) |Axis Ratio|idx:Min SD idx:Max SD
  120 ,   1201 : 3.1516787368780e+00 +(3e-01,2e+00) | 2.52e+01 |  3:1.9e-02  8:3.9e-01
  121 ,   1211 : 3.2139563648324e+00 +(6e-01,1e+00) | 2.51e+01 |  3:2.0e-02  8:4.0e-01
  122 ,   1221 : 3.1585299581131e+00 +(2e-01,5e-01) | 2.53e+01 |  3:2.3e-02  8:4.3e-01
  123 ,   1231 : 3.1208583431402e+00 +(3e-01,1e+00) | 2.48e+01 |  3:2.8e-02  8:4.9e-01
  124 ,   1241 : 3.1086104384447e+00 +(7e-01,2e+00) | 2.49e+01 |  3:3.1e-02  8:5.2e-01
  125 ,   1251 : 3.0888276996527e+00 +(2e-01,4e+00) | 2.53e+01 |  3:3.1e-02  8:5.2e-01
  126 ,   1261 : 3.1267526918500e+00 +(5e-01,3e+00) | 2.55e+01 |  3:2.8e-02  8:4.6e-01
  127 ,   1271 : 3.2461012710347e+00 +(9e-01,6e+00) | 2.48e+01 |  3:2.6e-02  8:4.4e-01
  128 ,   1281 : 3.1041809435537e+00 +(4e-01,3e+00) | 2.48e+01 |  3:2.3e-02  8:3.9e-01
  129 ,   1291 : 3.2000023738340e+00 +(2e-01,1e+00) | 2.48e+01 |  3:2.3e-02  8:3.7e-01
Iterat, #Fevals:   Function Value    (median,worst) |Axis Ratio|idx:Min SD idx:Max SD
  130 ,   1301 : 3.1617261718665e+00 +(7e-02,1e+00) | 2.48e+01 |  3:2.3e-02  8:3.7e-01
  131 ,   1311 : 3.1941567739117e+00 +(1e-01,2e+00) | 2.55e+01 |  3:2.2e-02  8:3.6e-01
  132 ,   1321 : 3.2067018856824e+00 +(3e-01,1e+00) | 2.56e+01 |  3:2.0e-02  8:3.3e-01
  133 ,   1331 : 3.1970020019478e+00 +(2e-01,5e-01) | 2.54e+01 |  3:2.3e-02  8:3.6e-01
  134 ,   1341 : 3.2399776676315e+00 +(8e-02,5e-01) | 2.54e+01 |  3:2.2e-02  8:3.5e-01
  135 ,   1351 : 3.2063081780657e+00 +(2e-01,8e-01) | 2.54e+01 |  3:2.3e-02  8:3.4e-01
  136 ,   1361 : 3.1651533101637e+00 +(1e-01,7e-01) | 2.57e+01 |  3:1.9e-02  8:3.0e-01
  137 ,   1371 : 3.1462518899521e+00 +(1e-01,7e-01) | 2.57e+01 |  3:1.6e-02  8:2.5e-01
  138 ,   1381 : 3.1527661151957e+00 +(1e-01,3e-01) | 2.65e+01 |  3:1.8e-02  8:2.7e-01
  139 ,   1391 : 3.1339109550344e+00 +(1e-01,4e-01) | 2.66e+01 |  3:1.9e-02  8:2.7e-01
Iterat, #Fevals:   Function Value    (median,worst) |Axis Ratio|idx:Min SD idx:Max SD
  140 ,   1401 : 3.1033228249653e+00 +(1e-01,5e-01) | 2.68e+01 |  3:2.0e-02  8:2.9e-01
  141 ,   1411 : 3.0901443461356e+00 +(1e-01,3e-01) | 2.82e+01 |  3:2.3e-02  8:3.4e-01
  142 ,   1421 : 3.1038374883107e+00 +(1e-01,7e-01) | 2.83e+01 |  3:2.3e-02  8:3.5e-01
  143 ,   1431 : 3.0869038722943e+00 +(3e-01,1e+00) | 2.83e+01 |  3:2.2e-02  8:3.3e-01
  144 ,   1441 : 3.0768683412643e+00 +(2e-01,2e+00) | 2.84e+01 |  3:2.1e-02  8:3.2e-01
  145 ,   1451 : 3.0631672751150e+00 +(1e-01,2e+00) | 2.86e+01 |  3:2.1e-02  8:3.0e-01
  146 ,   1461 : 3.0605492190050e+00 +(4e-01,1e+00) | 2.91e+01 |  3:1.9e-02  8:2.8e-01
  147 ,   1471 : 3.0722896676670e+00 +(8e-02,3e-01) | 2.93e+01 |  3:1.8e-02  8:2.8e-01
  148 ,   1481 : 3.0678598705021e+00 +(1e-01,7e-01) | 3.00e+01 |  3:1.9e-02  8:2.9e-01
  149 ,   1491 : 3.0643939775727e+00 +(7e-02,2e+00) | 3.01e+01 |  3:1.7e-02  8:2.6e-01
Iterat, #Fevals:   Function Value    (median,worst) |Axis Ratio|idx:Min SD idx:Max SD
  150 ,   1501 : 3.0643258472723e+00 +(1e-01,6e-01) | 3.10e+01 |  3:1.5e-02  8:2.3e-01
  151 ,   1511 : 3.0642490840251e+00 +(2e-01,6e-01) | 3.12e+01 |  3:1.3e-02  8:2.0e-01
  152 ,   1521 : 3.0684430323266e+00 +(5e-02,3e-01) | 3.11e+01 |  3:1.2e-02  8:1.9e-01
  153 ,   1531 : 3.0686354758293e+00 +(2e-01,3e-01) | 3.11e+01 |  3:1.1e-02  8:1.7e-01
  154 ,   1541 : 3.0626208311714e+00 +(3e-02,1e-01) | 3.19e+01 |  3:1.1e-02  8:1.7e-01
  155 ,   1551 : 3.0574168690706e+00 +(2e-02,2e-01) | 3.21e+01 |  3:1.2e-02  8:1.7e-01
  156 ,   1561 : 3.0710867139015e+00 +(4e-02,2e-01) | 3.29e+01 |  3:1.2e-02  8:1.7e-01
  157 ,   1571 : 3.0587014453802e+00 +(4e-02,2e-01) | 3.41e+01 |  3:1.1e-02  8:1.7e-01
  158 ,   1581 : 3.0606588788535e+00 +(4e-02,1e-01) | 3.45e+01 |  3:1.1e-02  8:1.6e-01
  159 ,   1591 : 3.0644447202789e+00 +(3e-02,8e-02) | 3.48e+01 |  3:1.1e-02  8:1.6e-01
Iterat, #Fevals:   Function Value    (median,worst) |Axis Ratio|idx:Min SD idx:Max SD
  160 ,   1601 : 3.0738163419532e+00 +(4e-02,2e-01) | 3.49e+01 |  3:1.2e-02  8:1.7e-01
  161 ,   1611 : 3.0808013904353e+00 +(2e-02,2e-01) | 3.49e+01 |  3:1.2e-02  8:1.7e-01
  162 ,   1621 : 3.0788957911594e+00 +(4e-02,2e-01) | 3.51e+01 |  3:1.2e-02  8:1.7e-01
  163 ,   1631 : 3.0585603853735e+00 +(4e-02,3e-01) | 3.50e+01 |  2:1.4e-02  8:1.8e-01
  164 ,   1641 : 3.0575897679036e+00 +(7e-02,1e-01) | 3.50e+01 |  2:1.4e-02  8:1.8e-01
  165 ,   1651 : 3.0610217003486e+00 +(3e-02,1e-01) | 3.53e+01 |  2:1.3e-02  8:1.7e-01
  166 ,   1661 : 3.0593112880271e+00 +(3e-02,3e-01) | 3.54e+01 |  2:1.2e-02  8:1.5e-01
  167 ,   1671 : 3.0656027225426e+00 +(4e-02,1e-01) | 3.59e+01 |  2:1.2e-02  8:1.6e-01
  168 ,   1681 : 3.0641698664588e+00 +(3e-02,9e-02) | 3.60e+01 |  2:1.2e-02  8:1.5e-01
  169 ,   1691 : 3.0690952167260e+00 +(3e-02,2e-01) | 3.66e+01 |  2:1.1e-02  8:1.5e-01
Iterat, #Fevals:   Function Value    (median,worst) |Axis Ratio|idx:Min SD idx:Max SD
  170 ,   1701 : 3.0604249428742e+00 +(3e-02,5e-02) | 3.65e+01 |  2:1.1e-02  8:1.4e-01
  171 ,   1711 : 3.0661335013562e+00 +(2e-02,2e-01) | 3.69e+01 |  2:1.1e-02  8:1.4e-01
  172 ,   1721 : 3.0613463277898e+00 +(3e-02,5e-02) | 3.79e+01 |  2:1.1e-02  8:1.5e-01
  173 ,   1731 : 3.0603451647002e+00 +(2e-02,9e-02) | 3.79e+01 |  2:1.0e-02  8:1.4e-01
  174 ,   1741 : 3.0565141830772e+00 +(1e-02,8e-02) | 3.84e+01 |  2:1.1e-02  8:1.3e-01
  175 ,   1751 : 3.0589855514216e+00 +(1e-02,2e-01) | 3.98e+01 |  2:1.0e-02  8:1.4e-01
  176 ,   1761 : 3.0567586291160e+00 +(1e-02,5e-02) | 4.04e+01 |  2:9.4e-03  8:1.2e-01
  177 ,   1771 : 3.0585183510401e+00 +(1e-02,1e-01) | 4.43e+01 |  2:1.0e-02  8:1.4e-01
  178 ,   1781 : 3.0552750021557e+00 +(7e-03,6e-02) | 4.50e+01 |  2:1.0e-02  8:1.4e-01
  179 ,   1791 : 3.0557814358780e+00 +(2e-02,2e-01) | 4.52e+01 |  2:1.0e-02  8:1.4e-01
Iterat, #Fevals:   Function Value    (median,worst) |Axis Ratio|idx:Min SD idx:Max SD
  180 ,   1801 : 3.0558866964338e+00 +(1e-02,9e-02) | 4.56e+01 |  2:1.0e-02  8:1.5e-01
  181 ,   1811 : 3.0492264501655e+00 +(1e-02,6e-02) | 4.56e+01 |  2:1.1e-02  8:1.5e-01
  182 ,   1821 : 3.0560044697320e+00 +(2e-02,1e-01) | 4.64e+01 |  2:1.2e-02  8:1.7e-01
  183 ,   1831 : 3.0579125575788e+00 +(1e-02,8e-02) | 4.96e+01 |  2:1.3e-02  8:1.9e-01
  184 ,   1841 : 3.0553202026910e+00 +(9e-03,8e-02) | 5.19e+01 |  2:1.3e-02  8:2.0e-01
  185 ,   1851 : 3.0621067996827e+00 +(1e-02,8e-02) | 5.26e+01 |  2:1.3e-02  8:2.0e-01
  186 ,   1861 : 3.0532602081166e+00 +(2e-02,5e-02) | 5.30e+01 |  2:1.2e-02  8:1.9e-01
  187 ,   1871 : 3.0523700520213e+00 +(2e-02,3e-02) | 5.47e+01 |  2:1.2e-02  8:1.8e-01
  188 ,   1881 : 3.0509132209714e+00 +(3e-02,2e-01) | 5.49e+01 |  2:1.1e-02  8:1.6e-01
  189 ,   1891 : 3.0521102079541e+00 +(3e-02,8e-02) | 5.61e+01 |  2:1.0e-02  8:1.5e-01
Iterat, #Fevals:   Function Value    (median,worst) |Axis Ratio|idx:Min SD idx:Max SD
  190 ,   1901 : 3.0520650787660e+00 +(9e-03,3e-02) | 5.70e+01 |  2:9.0e-03  8:1.4e-01
  191 ,   1911 : 3.0535194968139e+00 +(1e-02,2e-02) | 5.76e+01 |  2:8.3e-03  8:1.3e-01
  192 ,   1921 : 3.0507549788085e+00 +(7e-03,7e-02) | 5.91e+01 |  2:7.5e-03  8:1.2e-01
  193 ,   1931 : 3.0500725178402e+00 +(7e-03,2e-02) | 6.22e+01 |  2:7.1e-03  8:1.2e-01
  194 ,   1941 : 3.0483375683859e+00 +(1e-02,2e-02) | 6.94e+01 |  2:7.9e-03  8:1.5e-01
  195 ,   1951 : 3.0460562598477e+00 +(1e-02,4e-02) | 7.01e+01 |  2:7.8e-03  8:1.5e-01
  196 ,   1961 : 3.0530082277061e+00 +(1e-02,2e-02) | 7.06e+01 |  2:7.4e-03  8:1.4e-01
  197 ,   1971 : 3.0467277579326e+00 +(1e-02,2e-02) | 7.17e+01 |  2:7.5e-03  8:1.4e-01
  198 ,   1981 : 3.0490674632846e+00 +(4e-03,8e-02) | 7.25e+01 |  2:8.2e-03  8:1.5e-01
  199 ,   1991 : 3.0433276461881e+00 +(1e-02,3e-02) | 7.32e+01 |  2:8.9e-03  8:1.6e-01
Iterat, #Fevals:   Function Value    (median,worst) |Axis Ratio|idx:Min SD idx:Max SD
  200 ,   2001 : 3.0476605544644e+00 +(1e-02,3e-02) | 7.33e+01 |  2:8.8e-03  8:1.5e-01
  201 ,   2011 : 3.0461156144361e+00 +(1e-02,3e-02) | 8.08e+01 |  2:9.1e-03  8:1.7e-01
  202 ,   2021 : 3.0487226502822e+00 +(8e-03,3e-02) | 8.24e+01 |  2:8.8e-03  8:1.7e-01
  203 ,   2031 : 3.0464014012457e+00 +(9e-03,7e-02) | 8.43e+01 |  2:8.5e-03  8:1.7e-01
  204 ,   2041 : 3.0486957015521e+00 +(6e-03,8e-02) | 8.64e+01 |  2:7.7e-03  8:1.5e-01
  205 ,   2051 : 3.0456430687529e+00 +(9e-03,2e-02) | 8.64e+01 |  2:7.4e-03  8:1.5e-01
  206 ,   2061 : 3.0459077135664e+00 +(9e-03,3e-02) | 8.67e+01 |  2:7.2e-03  8:1.4e-01
  207 ,   2071 : 3.0434741895840e+00 +(4e-03,2e-02) | 9.17e+01 |  2:8.1e-03  8:1.7e-01
  208 ,   2081 : 3.0391561505310e+00 +(1e-02,4e-02) | 9.41e+01 |  2:9.6e-03  8:2.0e-01
  209 ,   2091 : 3.0441499268582e+00 +(5e-03,5e-02) | 9.75e+01 |  2:9.0e-03  8:1.9e-01
Iterat, #Fevals:   Function Value    (median,worst) |Axis Ratio|idx:Min SD idx:Max SD
  210 ,   2101 : 3.0425680449191e+00 +(1e-02,2e-02) | 9.84e+01 |  2:8.3e-03  8:1.8e-01
  211 ,   2111 : 3.0445602318665e+00 +(5e-03,3e-02) | 9.88e+01 |  2:7.0e-03  8:1.5e-01
  212 ,   2121 : 3.0427049990807e+00 +(9e-03,2e-02) | 9.94e+01 |  2:6.5e-03  8:1.4e-01
  213 ,   2131 : 3.0416583063792e+00 +(1e-02,2e-02) | 1.07e+02 |  2:6.1e-03  8:1.3e-01
  214 ,   2141 : 3.0408576975963e+00 +(9e-03,2e-02) | 1.17e+02 |  2:6.6e-03  8:1.5e-01
  215 ,   2151 : 3.0428619086064e+00 +(7e-03,2e-02) | 1.21e+02 |  2:6.6e-03  8:1.6e-01
  216 ,   2161 : 3.0409557439082e+00 +(7e-03,2e-02) | 1.22e+02 |  2:6.1e-03  8:1.5e-01
  217 ,   2171 : 3.0441120669875e+00 +(5e-03,2e-02) | 1.22e+02 |  2:5.3e-03  8:1.3e-01
  218 ,   2181 : 3.0384614768258e+00 +(7e-03,2e-02) | 1.23e+02 |  2:4.7e-03  8:1.2e-01
  219 ,   2191 : 3.0403158126996e+00 +(7e-03,2e-02) | 1.22e+02 |  2:4.1e-03  8:1.0e-01
Iterat, #Fevals:   Function Value    (median,worst) |Axis Ratio|idx:Min SD idx:Max SD
  220 ,   2201 : 3.0387049004053e+00 +(4e-03,1e-02) | 1.21e+02 |  2:4.1e-03  8:1.0e-01
  221 ,   2211 : 3.0376411157526e+00 +(6e-03,1e-02) | 1.23e+02 |  2:4.3e-03  8:1.0e-01
  222 ,   2221 : 3.0396566766701e+00 +(2e-03,2e-02) | 1.25e+02 |  2:4.0e-03  8:9.9e-02
  223 ,   2231 : 3.0407448129617e+00 +(4e-03,9e-03) | 1.25e+02 |  2:3.8e-03  8:9.3e-02
  224 ,   2241 : 3.0400582353925e+00 +(6e-03,2e-02) | 1.24e+02 |  2:3.3e-03  8:8.1e-02
  225 ,   2251 : 3.0384050317545e+00 +(6e-03,1e-02) | 1.25e+02 |  2:2.8e-03  8:7.0e-02
  226 ,   2261 : 3.0377380419497e+00 +(3e-03,2e-02) | 1.25e+02 |  2:2.6e-03  8:6.4e-02
  227 ,   2271 : 3.0378962719483e+00 +(9e-03,2e-02) | 1.26e+02 |  2:2.4e-03  8:5.9e-02
  228 ,   2281 : 3.0394055441335e+00 +(5e-03,1e-02) | 1.25e+02 |  2:2.5e-03  8:6.2e-02
  229 ,   2291 : 3.0436768929868e+00 +(3e-03,1e-02) | 1.22e+02 |  2:2.5e-03  8:6.4e-02
Iterat, #Fevals:   Function Value    (median,worst) |Axis Ratio|idx:Min SD idx:Max SD
  230 ,   2301 : 3.0437226871861e+00 +(5e-03,1e-02) | 1.23e+02 |  2:2.7e-03  8:6.9e-02
  231 ,   2311 : 3.0433151051158e+00 +(3e-03,2e-02) | 1.28e+02 |  2:2.8e-03  8:7.2e-02
  232 ,   2321 : 3.0400548983195e+00 +(7e-03,3e-02) | 1.28e+02 |  2:2.6e-03  8:6.8e-02
  233 ,   2331 : 3.0402374336405e+00 +(4e-03,1e-02) | 1.29e+02 |  2:2.4e-03  8:6.2e-02
  234 ,   2341 : 3.0391004498194e+00 +(9e-03,2e-02) | 1.28e+02 |  2:2.2e-03  8:5.8e-02
  235 ,   2351 : 3.0390512920696e+00 +(6e-03,1e-02) | 1.28e+02 |  2:2.1e-03  8:5.3e-02
  236 ,   2361 : 3.0394644020971e+00 +(1e-02,3e-02) | 1.28e+02 |  2:1.8e-03  8:4.7e-02
  237 ,   2371 : 3.0400307003685e+00 +(3e-03,1e-02) | 1.32e+02 |  2:1.6e-03  8:4.4e-02
  238 ,   2381 : 3.0400813194926e+00 +(4e-03,1e-02) | 1.33e+02 |  2:1.5e-03  8:3.9e-02
  239 ,   2391 : 3.0393547851361e+00 +(2e-03,4e-03) | 1.34e+02 |  2:1.3e-03  8:3.6e-02
Iterat, #Fevals:   Function Value    (median,worst) |Axis Ratio|idx:Min SD idx:Max SD
  240 ,   2401 : 3.0395693918334e+00 +(3e-03,1e-02) | 1.35e+02 |  2:1.3e-03  8:3.6e-02
  241 ,   2411 : 3.0384521522377e+00 +(5e-03,2e-02) | 1.38e+02 |  2:1.3e-03  8:3.5e-02
  242 ,   2421 : 3.0377068220133e+00 +(5e-03,2e-02) | 1.45e+02 |  2:1.2e-03  8:3.5e-02
  243 ,   2431 : 3.0397011258268e+00 +(3e-03,1e-02) | 1.41e+02 |  2:1.2e-03  8:3.4e-02
  244 ,   2441 : 3.0401787109084e+00 +(1e-03,2e-02) | 1.40e+02 |  2:1.1e-03  8:3.2e-02
  245 ,   2451 : 3.0378014159017e+00 +(4e-03,3e-02) | 1.40e+02 |  2:1.1e-03  8:3.1e-02
  246 ,   2461 : 3.0395639647455e+00 +(5e-03,1e-02) | 1.45e+02 |  2:1.1e-03  8:3.2e-02
  247 ,   2471 : 3.0392742018944e+00 +(5e-03,2e-02) | 1.52e+02 |  2:1.1e-03  8:3.4e-02
  248 ,   2481 : 3.0379028228249e+00 +(4e-03,2e-02) | 1.51e+02 |  2:1.2e-03  8:3.6e-02
  249 ,   2491 : 3.0396141762791e+00 +(6e-03,2e-02) | 1.52e+02 |  2:1.1e-03  8:3.4e-02
Iterat, #Fevals:   Function Value    (median,worst) |Axis Ratio|idx:Min SD idx:Max SD
  250 ,   2501 : 3.0410828847723e+00 +(1e-02,1e-02) | 1.49e+02 |  2:1.1e-03  8:3.4e-02
  251 ,   2511 : 3.0389553475740e+00 +(4e-03,3e-02) | 1.51e+02 |  2:1.1e-03  8:3.4e-02
  252 ,   2521 : 3.0396369929100e+00 +(8e-03,1e-02) | 1.48e+02 |  2:1.1e-03  8:3.2e-02
  253 ,   2531 : 3.0411749515813e+00 +(7e-03,1e-02) | 1.46e+02 |  2:1.0e-03  8:3.2e-02
  254 ,   2541 : 3.0418267040835e+00 +(4e-03,1e-02) | 1.61e+02 |  2:1.1e-03  8:3.7e-02
  255 ,   2551 : 3.0403498882157e+00 +(4e-03,2e-02) | 1.63e+02 |  2:1.2e-03  8:3.8e-02
  256 ,   2561 : 3.0388201633610e+00 +(5e-03,1e-02) | 1.62e+02 |  2:1.1e-03  8:3.6e-02
  257 ,   2571 : 3.0380632862740e+00 +(4e-03,3e-02) | 1.73e+02 |  2:1.1e-03  8:3.7e-02
  258 ,   2581 : 3.0394965476607e+00 +(2e-03,3e-02) | 1.72e+02 |  2:1.0e-03  8:3.4e-02
  259 ,   2591 : 3.0390534024808e+00 +(4e-03,1e-02) | 1.78e+02 |  2:1.0e-03  8:3.6e-02
Iterat, #Fevals:   Function Value    (median,worst) |Axis Ratio|idx:Min SD idx:Max SD
  260 ,   2601 : 3.0379106556502e+00 +(5e-03,1e-02) | 1.79e+02 |  2:1.0e-03  8:3.6e-02
  261 ,   2611 : 3.0384347992967e+00 +(5e-03,1e-02) | 1.84e+02 |  2:1.1e-03  8:3.9e-02
  262 ,   2621 : 3.0390816688608e+00 +(4e-03,1e-02) | 1.86e+02 |  2:9.8e-04  8:3.6e-02
  263 ,   2631 : 3.0379489403042e+00 +(3e-03,1e-02) | 1.87e+02 |  2:9.5e-04  8:3.5e-02
  264 ,   2641 : 3.0399146199970e+00 +(3e-03,2e-02) | 1.88e+02 |  2:9.3e-04  8:3.4e-02
  265 ,   2651 : 3.0396245493442e+00 +(2e-03,1e-02) | 1.96e+02 |  2:1.0e-03  8:3.5e-02
  266 ,   2661 : 3.0388480767054e+00 +(2e-03,5e-03) | 1.99e+02 |  2:9.5e-04  8:3.3e-02
  267 ,   2671 : 3.0385176261878e+00 +(7e-03,2e-02) | 1.98e+02 |  2:1.0e-03  8:3.5e-02
  268 ,   2681 : 3.0398662260697e+00 +(3e-03,1e-02) | 1.95e+02 |  2:1.1e-03  8:3.5e-02
  269 ,   2691 : 3.0396666009041e+00 +(4e-03,1e-02) | 1.92e+02 |  2:1.1e-03  8:3.8e-02
Iterat, #Fevals:   Function Value    (median,worst) |Axis Ratio|idx:Min SD idx:Max SD
  270 ,   2701 : 3.0400137816401e+00 +(3e-03,3e-02) | 1.90e+02 |  2:1.1e-03  8:3.5e-02
  271 ,   2711 : 3.0403691157456e+00 +(2e-03,8e-03) | 1.91e+02 |  2:1.0e-03  8:3.3e-02
  272 ,   2721 : 3.0392969072645e+00 +(5e-03,1e-02) | 1.90e+02 |  2:9.7e-04  8:3.1e-02
  273 ,   2731 : 3.0389016675192e+00 +(4e-03,1e-02) | 1.90e+02 |  2:9.2e-04  8:2.9e-02
  274 ,   2741 : 3.0418742989034e+00 +(3e-03,1e-02) | 1.91e+02 |  2:8.9e-04  8:2.8e-02
  275 ,   2751 : 3.0405724876060e+00 +(4e-03,1e-02) | 1.93e+02 |  2:8.9e-04  8:2.8e-02
  276 ,   2761 : 3.0405639610732e+00 +(4e-03,3e-02) | 1.92e+02 |  2:8.0e-04  8:2.5e-02
  277 ,   2771 : 3.0392755419167e+00 +(4e-03,3e-02) | 1.93e+02 |  2:8.0e-04  8:2.4e-02
  278 ,   2781 : 3.0400729062805e+00 +(6e-03,2e-02) | 1.91e+02 |  2:7.2e-04  8:2.1e-02
  279 ,   2791 : 3.0398870752720e+00 +(5e-03,2e-02) | 1.88e+02 |  2:6.7e-04  8:2.0e-02
Iterat, #Fevals:   Function Value    (median,worst) |Axis Ratio|idx:Min SD idx:Max SD
  280 ,   2801 : 3.0400039475234e+00 +(3e-03,1e-02) | 1.84e+02 |  2:7.0e-04  8:2.1e-02
  281 ,   2811 : 3.0396084743185e+00 +(7e-03,3e-02) | 1.84e+02 |  2:7.0e-04  8:2.2e-02
  282 ,   2821 : 3.0397623278774e+00 +(5e-03,1e-02) | 1.93e+02 |  2:6.9e-04  8:2.2e-02
  283 ,   2831 : 3.0406773320836e+00 +(5e-03,2e-02) | 1.97e+02 |  2:6.7e-04  8:2.3e-02
  284 ,   2841 : 3.0405447725588e+00 +(5e-03,2e-02) | 1.98e+02 |  2:6.4e-04  8:2.1e-02
  285 ,   2851 : 3.0413264084990e+00 +(5e-03,1e-02) | 1.93e+02 |  2:5.8e-04  8:1.9e-02
  286 ,   2861 : 3.0415554574044e+00 +(1e-02,2e-02) | 1.92e+02 |  2:5.2e-04  8:1.7e-02
  287 ,   2871 : 3.0386014945825e+00 +(5e-03,2e-02) | 1.91e+02 |  2:5.2e-04  8:1.6e-02
  288 ,   2881 : 3.0399581791059e+00 +(2e-03,1e-02) | 1.86e+02 |  2:5.6e-04  8:1.7e-02
  289 ,   2891 : 3.0392020576073e+00 +(4e-03,2e-02) | 1.80e+02 |  2:5.6e-04  8:1.7e-02
Iterat, #Fevals:   Function Value    (median,worst) |Axis Ratio|idx:Min SD idx:Max SD
  290 ,   2901 : 3.0396692087094e+00 +(2e-03,5e-03) | 1.80e+02 |  2:5.0e-04  8:1.5e-02
  291 ,   2911 : 3.0388017186393e+00 +(3e-03,3e-02) | 1.73e+02 |  2:4.9e-04  8:1.5e-02
  292 ,   2921 : 3.0395005713432e+00 +(2e-03,4e-03) | 1.75e+02 |  2:4.6e-04  8:1.4e-02
  293 ,   2931 : 3.0392138137889e+00 +(3e-03,2e-02) | 1.75e+02 |  2:4.3e-04  8:1.3e-02
  294 ,   2941 : 3.0389457592580e+00 +(3e-03,1e-02) | 1.78e+02 |  2:4.0e-04  8:1.2e-02
  295 ,   2951 : 3.0401964122144e+00 +(4e-03,2e-02) | 1.82e+02 |  2:4.5e-04  8:1.4e-02
  296 ,   2961 : 3.0379907811996e+00 +(9e-03,3e-02) | 1.81e+02 |  2:4.5e-04  8:1.4e-02
  297 ,   2971 : 3.0388962462597e+00 +(3e-03,2e-02) | 1.78e+02 |  2:4.4e-04  8:1.4e-02
  298 ,   2981 : 3.0378886080019e+00 +(1e-02,3e-02) | 1.71e+02 |  2:4.3e-04  8:1.4e-02
  299 ,   2991 : 3.0383851228495e+00 +(4e-03,2e-02) | 1.68e+02 |  2:4.1e-04  8:1.3e-02
Iterat, #Fevals:   Function Value    (median,worst) |Axis Ratio|idx:Min SD idx:Max SD
  300 ,   3001 : 3.0405314436556e+00 +(1e-03,1e-02) | 1.70e+02 |  2:4.4e-04  8:1.4e-02
  301 ,   3011 : 3.0394531575166e+00 +(6e-03,1e-02) | 1.74e+02 |  2:4.4e-04  8:1.4e-02
  302 ,   3021 : 3.0368739173501e+00 +(3e-03,1e-02) | 1.71e+02 |  2:4.1e-04  8:1.3e-02
  303 ,   3031 : 3.0382854175568e+00 +(4e-03,2e-02) | 1.73e+02 |  2:3.9e-04  8:1.3e-02
  304 ,   3041 : 3.0389673396016e+00 +(3e-03,1e-02) | 1.70e+02 |  2:3.8e-04  8:1.3e-02
  305 ,   3051 : 3.0364806239596e+00 +(5e-03,2e-02) | 1.80e+02 |  2:4.5e-04  8:1.5e-02
  306 ,   3061 : 3.0402579660772e+00 +(8e-03,2e-02) | 1.82e+02 |  2:4.7e-04  8:1.6e-02
  307 ,   3071 : 3.0382248051378e+00 +(5e-03,1e-02) | 1.83e+02 |  2:4.5e-04  8:1.5e-02
  308 ,   3081 : 3.0381942259535e+00 +(3e-03,5e-03) | 1.86e+02 |  2:4.1e-04  8:1.4e-02
  309 ,   3091 : 3.0389360948907e+00 +(4e-03,2e-02) | 1.87e+02 |  2:3.8e-04  8:1.3e-02
Iterat, #Fevals:   Function Value    (median,worst) |Axis Ratio|idx:Min SD idx:Max SD
  310 ,   3101 : 3.0393588844514e+00 +(2e-03,1e-02) | 1.86e+02 |  2:3.5e-04  8:1.2e-02
  311 ,   3111 : 3.0369683946301e+00 +(5e-03,1e-02) | 1.91e+02 |  2:3.1e-04  8:1.0e-02
  312 ,   3121 : 3.0406465360658e+00 +(3e-03,1e-02) | 1.97e+02 |  2:2.9e-04  8:9.9e-03
  313 ,   3131 : 3.0382299440090e+00 +(4e-03,1e-02) | 2.00e+02 |  2:2.7e-04  8:8.9e-03
  314 ,   3141 : 3.0416155502436e+00 +(3e-03,1e-02) | 2.01e+02 |  2:2.3e-04  8:7.9e-03
  315 ,   3151 : 3.0383241504606e+00 +(5e-03,2e-02) | 1.98e+02 |  2:2.0e-04  8:6.8e-03
  316 ,   3161 : 3.0382603222487e+00 +(2e-03,3e-02) | 1.99e+02 |  2:1.6e-04  8:5.7e-03
  317 ,   3171 : 3.0383507354290e+00 +(4e-03,1e-02) | 1.99e+02 |  2:1.4e-04  8:4.8e-03
  318 ,   3181 : 3.0397190625826e+00 +(2e-03,8e-03) | 1.96e+02 |  2:1.3e-04  8:4.2e-03
  319 ,   3191 : 3.0369679185723e+00 +(6e-03,3e-02) | 1.88e+02 |  2:1.2e-04  8:4.2e-03
Iterat, #Fevals:   Function Value    (median,worst) |Axis Ratio|idx:Min SD idx:Max SD
  320 ,   3201 : 3.0389902788140e+00 +(3e-03,1e-02) | 1.78e+02 |  2:1.2e-04  8:4.2e-03
  321 ,   3211 : 3.0393999376289e+00 +(2e-03,1e-02) | 1.71e+02 |  2:1.3e-04  8:4.4e-03
  322 ,   3221 : 3.0392893396222e+00 +(2e-03,1e-02) | 1.64e+02 |  2:1.4e-04  8:4.8e-03
  323 ,   3231 : 3.0381070358801e+00 +(5e-03,3e-02) | 1.63e+02 |  2:1.3e-04  8:4.6e-03
  324 ,   3241 : 3.0405055552827e+00 +(6e-03,1e-02) | 1.63e+02 |  2:1.3e-04  8:4.6e-03
  325 ,   3251 : 3.0389958628196e+00 +(3e-03,1e-02) | 1.61e+02 |  2:1.3e-04  8:4.5e-03
  326 ,   3261 : 3.0387694129270e+00 +(4e-03,1e-02) | 1.64e+02 |  2:1.2e-04  8:4.2e-03
  327 ,   3271 : 3.0385928582456e+00 +(3e-03,3e-02) | 1.64e+02 |  2:1.2e-04  8:4.2e-03
  328 ,   3281 : 3.0394962763384e+00 +(5e-03,1e-02) | 1.61e+02 |  2:1.3e-04  8:4.4e-03
  329 ,   3291 : 3.0389480823374e+00 +(3e-03,7e-03) | 1.62e+02 |  2:1.2e-04  8:4.2e-03
Iterat, #Fevals:   Function Value    (median,worst) |Axis Ratio|idx:Min SD idx:Max SD
  330 ,   3301 : 3.0367744277447e+00 +(4e-03,2e-02) | 1.53e+02 |  2:1.2e-04  8:4.2e-03
  331 ,   3311 : 3.0368601729135e+00 +(3e-03,1e-02) | 1.48e+02 |  2:1.2e-04  8:4.3e-03
  332 ,   3321 : 3.0406173575817e+00 +(1e-03,1e-02) | 1.44e+02 |  2:1.3e-04  8:4.5e-03
  333 ,   3331 : 3.0385362023368e+00 +(6e-03,1e-02) | 1.44e+02 |  2:1.2e-04  8:4.2e-03
  334 ,   3341 : 3.0390316848896e+00 +(6e-03,1e-02) | 1.41e+02 |  2:1.2e-04  8:4.0e-03
  335 ,   3351 : 3.0394442878473e+00 +(5e-03,1e-02) | 1.43e+02 |  2:1.2e-04  8:4.1e-03
  336 ,   3361 : 3.0389211472391e+00 +(3e-03,9e-03) | 1.42e+02 |  2:1.1e-04  8:4.0e-03
  337 ,   3371 : 3.0392481496325e+00 +(2e-03,8e-03) | 1.45e+02 |  2:1.1e-04  8:4.0e-03
  338 ,   3381 : 3.0389731804377e+00 +(2e-03,2e-02) | 1.41e+02 |  2:1.1e-04  8:3.9e-03
  339 ,   3391 : 3.0391910645016e+00 +(5e-03,3e-02) | 1.46e+02 |  2:1.1e-04  8:4.1e-03
Iterat, #Fevals:   Function Value    (median,worst) |Axis Ratio|idx:Min SD idx:Max SD
  340 ,   3401 : 3.0383575168065e+00 +(5e-03,1e-02) | 1.46e+02 |  2:1.1e-04  8:4.0e-03
  341 ,   3411 : 3.0402103076180e+00 +(4e-03,1e-02) | 1.45e+02 |  2:1.1e-04  8:4.0e-03
  342 ,   3421 : 3.0386051456352e+00 +(3e-03,2e-02) | 1.43e+02 |  2:1.1e-04  8:3.9e-03
  343 ,   3431 : 3.0392621952481e+00 +(3e-03,2e-02) | 1.42e+02 |  2:1.0e-04  8:3.8e-03
  344 ,   3441 : 3.0386443080211e+00 +(9e-04,3e-02) | 1.44e+02 |  2:9.8e-05  8:3.5e-03
  345 ,   3451 : 3.0376904562403e+00 +(4e-03,1e-02) | 1.43e+02 |  2:9.8e-05  8:3.5e-03
  346 ,   3461 : 3.0396934845252e+00 +(4e-03,1e-02) | 1.46e+02 |  2:9.7e-05  8:3.5e-03
  347 ,   3471 : 3.0378511476162e+00 +(6e-03,2e-02) | 1.43e+02 |  2:9.7e-05  8:3.6e-03
  348 ,   3481 : 3.0382832711566e+00 +(3e-03,1e-02) | 1.40e+02 |  2:9.6e-05  8:3.5e-03
  349 ,   3491 : 3.0396023077537e+00 +(2e-03,2e-02) | 1.41e+02 |  2:9.6e-05  8:3.6e-03
Iterat, #Fevals:   Function Value    (median,worst) |Axis Ratio|idx:Min SD idx:Max SD
  350 ,   3501 : 3.0391620460810e+00 +(4e-03,2e-02) | 1.44e+02 |  2:9.8e-05  8:3.7e-03
  351 ,   3511 : 3.0383066747124e+00 +(3e-03,1e-02) | 1.44e+02 |  2:9.9e-05  8:3.8e-03
  352 ,   3521 : 3.0400933920564e+00 +(2e-03,1e-02) | 1.41e+02 |  2:1.0e-04  8:3.9e-03
  353 ,   3531 : 3.0396029154405e+00 +(3e-03,1e-02) | 1.41e+02 |  2:1.1e-04  8:4.1e-03
  354 ,   3541 : 3.0406148270419e+00 +(2e-03,1e-02) | 1.40e+02 |  2:1.2e-04  8:4.4e-03
  355 ,   3551 : 3.0372636910558e+00 +(4e-03,2e-02) | 1.38e+02 |  2:1.3e-04  8:5.0e-03
  356 ,   3561 : 3.0406015454161e+00 +(6e-03,3e-02) | 1.37e+02 |  2:1.5e-04  8:5.6e-03
  357 ,   3571 : 3.0417091953398e+00 +(7e-03,1e-02) | 1.37e+02 |  2:1.6e-04  8:5.9e-03
  358 ,   3581 : 3.0414734603463e+00 +(3e-03,1e-02) | 1.39e+02 |  2:1.6e-04  8:6.3e-03
  359 ,   3591 : 3.0394430268172e+00 +(7e-03,2e-02) | 1.37e+02 |  2:1.6e-04  8:6.3e-03
Iterat, #Fevals:   Function Value    (median,worst) |Axis Ratio|idx:Min SD idx:Max SD
  360 ,   3601 : 3.0399154892492e+00 +(3e-03,2e-02) | 1.36e+02 |  2:1.9e-04  8:7.1e-03
  361 ,   3611 : 3.0395329655827e+00 +(5e-03,3e-02) | 1.37e+02 |  2:2.0e-04  8:7.3e-03
  362 ,   3621 : 3.0394244789687e+00 +(4e-03,8e-03) | 1.28e+02 |  2:2.1e-04  8:7.8e-03
  363 ,   3631 : 3.0406270650811e+00 +(1e-03,1e-02) | 1.30e+02 |  2:2.0e-04  8:7.7e-03
  364 ,   3641 : 3.0397378873824e+00 +(2e-03,3e-03) | 1.30e+02 |  2:1.9e-04  8:7.5e-03
  365 ,   3651 : 3.0412901041238e+00 +(8e-03,3e-02) | 1.29e+02 |  2:1.8e-04  8:6.9e-03
  366 ,   3661 : 3.0386434523509e+00 +(3e-03,1e-02) | 1.30e+02 |  2:1.8e-04  8:7.0e-03
  367 ,   3671 : 3.0383766530328e+00 +(3e-03,1e-02) | 1.33e+02 |  2:1.7e-04  8:6.7e-03
  368 ,   3681 : 3.0407027850597e+00 +(3e-03,8e-03) | 1.31e+02 |  2:1.6e-04  8:6.3e-03
  369 ,   3691 : 3.0403385600906e+00 +(1e-03,4e-03) | 1.33e+02 |  2:1.4e-04  8:5.6e-03
Iterat, #Fevals:   Function Value    (median,worst) |Axis Ratio|idx:Min SD idx:Max SD
  370 ,   3701 : 3.0407335018598e+00 +(2e-03,2e-02) | 1.34e+02 |  2:1.4e-04  8:5.3e-03
  371 ,   3711 : 3.0389837994028e+00 +(2e-03,1e-02) | 1.41e+02 |  2:1.5e-04  8:5.9e-03
  372 ,   3721 : 3.0389021244675e+00 +(4e-03,3e-02) | 1.41e+02 |  2:1.5e-04  8:6.0e-03
  373 ,   3731 : 3.0381672679290e+00 +(3e-03,2e-02) | 1.39e+02 |  2:1.6e-04  8:6.2e-03
  374 ,   3741 : 3.0385338208496e+00 +(5e-03,2e-02) | 1.41e+02 |  2:1.6e-04  8:6.4e-03
  375 ,   3751 : 3.0400752568188e+00 +(3e-03,1e-02) | 1.43e+02 |  2:1.7e-04  8:6.7e-03
  376 ,   3761 : 3.0386897633874e+00 +(5e-03,3e-02) | 1.44e+02 |  2:1.7e-04  8:6.8e-03
  377 ,   3771 : 3.0399514751167e+00 +(4e-03,2e-02) | 1.45e+02 |  2:1.7e-04  8:6.9e-03
  378 ,   3781 : 3.0405864570073e+00 +(2e-03,2e-02) | 1.47e+02 |  2:1.8e-04  8:7.0e-03
  379 ,   3791 : 3.0407673743823e+00 +(2e-03,1e-02) | 1.52e+02 |  2:1.9e-04  8:7.5e-03
Iterat, #Fevals:   Function Value    (median,worst) |Axis Ratio|idx:Min SD idx:Max SD
  380 ,   3801 : 3.0404878832347e+00 +(2e-03,1e-02) | 1.53e+02 |  2:1.8e-04  8:7.6e-03
  381 ,   3811 : 3.0384272679067e+00 +(3e-03,3e-02) | 1.55e+02 |  2:1.8e-04  8:7.7e-03
  382 ,   3821 : 3.0400162873318e+00 +(3e-03,1e-02) | 1.54e+02 |  2:1.7e-04  8:7.3e-03
  383 ,   3831 : 3.0399965320358e+00 +(3e-03,1e-02) | 1.54e+02 |  2:1.7e-04  8:7.3e-03
  384 ,   3841 : 3.0394566772640e+00 +(3e-03,3e-02) | 1.52e+02 |  2:1.8e-04  8:7.7e-03
  385 ,   3851 : 3.0399114329127e+00 +(2e-03,1e-02) | 1.51e+02 |  2:1.9e-04  8:7.8e-03
  386 ,   3861 : 3.0394969330215e+00 +(6e-03,3e-02) | 1.53e+02 |  2:2.0e-04  8:8.3e-03
  387 ,   3871 : 3.0403447640491e+00 +(4e-03,1e-02) | 1.54e+02 |  2:2.0e-04  8:8.1e-03
  388 ,   3881 : 3.0395297921193e+00 +(3e-03,2e-02) | 1.55e+02 |  2:2.1e-04  8:8.1e-03
  389 ,   3891 : 3.0393068552078e+00 +(3e-03,1e-02) | 1.55e+02 |  2:2.0e-04  8:7.5e-03
Iterat, #Fevals:   Function Value    (median,worst) |Axis Ratio|idx:Min SD idx:Max SD
  390 ,   3901 : 3.0393680145557e+00 +(2e-03,1e-02) | 1.56e+02 |  2:1.9e-04  8:7.3e-03
  391 ,   3911 : 3.0397165590540e+00 +(3e-03,1e-02) | 1.50e+02 |  2:1.8e-04  8:7.0e-03
  392 ,   3921 : 3.0394438393070e+00 +(4e-03,1e-02) | 1.46e+02 |  2:1.9e-04  8:7.6e-03
  393 ,   3931 : 3.0388002105186e+00 +(4e-03,1e-02) | 1.41e+02 |  2:2.0e-04  8:8.0e-03
  394 ,   3941 : 3.0382671506479e+00 +(3e-03,1e-02) | 1.42e+02 |  2:1.9e-04  8:7.8e-03
  395 ,   3951 : 3.0385655984285e+00 +(3e-03,1e-02) | 1.33e+02 |  2:2.4e-04  8:8.9e-03
  396 ,   3961 : 3.0384097691307e+00 +(3e-03,1e-02) | 1.34e+02 |  2:2.7e-04  8:9.6e-03
  397 ,   3971 : 3.0380496535408e+00 +(4e-03,1e-02) | 1.30e+02 |  2:3.2e-04  8:1.1e-02
  398 ,   3981 : 3.0387737446508e+00 +(3e-03,1e-02) | 1.23e+02 |  2:3.5e-04  8:1.2e-02
  399 ,   3991 : 3.0384757348491e+00 +(9e-03,2e-02) | 1.23e+02 |  2:3.8e-04  8:1.3e-02
Iterat, #Fevals:   Function Value    (median,worst) |Axis Ratio|idx:Min SD idx:Max SD
  400 ,   4001 : 3.0371151383474e+00 +(3e-03,3e-02) | 1.21e+02 |  2:4.5e-04  8:1.4e-02
  401 ,   4011 : 3.0390023179955e+00 +(3e-03,2e-02) | 1.19e+02 |  2:4.8e-04  8:1.5e-02
  402 ,   4021 : 3.0388305874240e+00 +(4e-03,1e-02) | 1.17e+02 |  2:5.0e-04  8:1.6e-02
  403 ,   4031 : 3.0380164539043e+00 +(4e-03,3e-02) | 1.17e+02 |  2:5.2e-04  8:1.7e-02
  404 ,   4041 : 3.0376458586594e+00 +(4e-03,2e-02) | 1.18e+02 |  2:5.3e-04  8:1.7e-02
  405 ,   4051 : 3.0386576891793e+00 +(5e-03,2e-02) | 1.20e+02 |  2:5.7e-04  8:1.9e-02
  406 ,   4061 : 3.0371898927888e+00 +(5e-03,2e-02) | 1.15e+02 |  2:5.7e-04  8:1.9e-02
  407 ,   4071 : 3.0385661987054e+00 +(4e-03,2e-02) | 1.16e+02 |  2:5.5e-04  8:1.8e-02
  408 ,   4081 : 3.0367384243643e+00 +(9e-03,3e-02) | 1.15e+02 |  2:5.1e-04  8:1.7e-02
  409 ,   4091 : 3.0405698396146e+00 +(9e-03,1e-02) | 1.15e+02 |  2:5.1e-04  8:1.7e-02
Iterat, #Fevals:   Function Value    (median,worst) |Axis Ratio|idx:Min SD idx:Max SD
  410 ,   4101 : 3.0384887695440e+00 +(4e-03,1e-02) | 1.15e+02 |  2:5.2e-04  8:1.7e-02
  411 ,   4111 : 3.0392325545925e+00 +(5e-03,3e-02) | 1.16e+02 |  2:5.1e-04  8:1.7e-02
  412 ,   4121 : 3.0391412220227e+00 +(8e-03,3e-02) | 1.18e+02 |  2:4.8e-04  8:1.6e-02
  413 ,   4131 : 3.0384777719692e+00 +(4e-03,2e-02) | 1.19e+02 |  2:4.2e-04  8:1.4e-02
  414 ,   4141 : 3.0391419736638e+00 +(5e-03,2e-02) | 1.22e+02 |  2:4.0e-04  8:1.4e-02
  415 ,   4151 : 3.0375002029405e+00 +(3e-03,1e-02) | 1.24e+02 |  2:3.7e-04  8:1.3e-02
  416 ,   4161 : 3.0396114490285e+00 +(5e-03,1e-02) | 1.27e+02 |  2:3.3e-04  8:1.2e-02
  417 ,   4171 : 3.0378897166762e+00 +(4e-03,2e-02) | 1.26e+02 |  2:3.2e-04  8:1.1e-02
  418 ,   4181 : 3.0376802431348e+00 +(5e-03,2e-02) | 1.28e+02 |  2:3.2e-04  8:1.1e-02
  419 ,   4191 : 3.0382957662997e+00 +(4e-03,2e-02) | 1.29e+02 |  2:3.4e-04  8:1.2e-02
Iterat, #Fevals:   Function Value    (median,worst) |Axis Ratio|idx:Min SD idx:Max SD
  420 ,   4201 : 3.0390623596140e+00 +(3e-03,3e-02) | 1.30e+02 |  2:3.3e-04  8:1.2e-02
  421 ,   4211 : 3.0382701502953e+00 +(4e-03,3e-02) | 1.32e+02 |  2:3.2e-04  8:1.1e-02
  422 ,   4221 : 3.0391262905131e+00 +(4e-03,1e-02) | 1.34e+02 |  2:3.0e-04  8:1.1e-02
  423 ,   4231 : 3.0386824304303e+00 +(6e-03,1e-02) | 1.35e+02 |  2:3.1e-04  8:1.1e-02
  424 ,   4241 : 3.0371109121926e+00 +(3e-03,2e-02) | 1.33e+02 |  2:3.0e-04  8:1.0e-02
  425 ,   4251 : 3.0389447751897e+00 +(4e-03,2e-02) | 1.32e+02 |  2:2.7e-04  8:9.0e-03
  426 ,   4261 : 3.0377247651599e+00 +(1e-02,2e-02) | 1.27e+02 |  2:2.9e-04  8:9.5e-03
  427 ,   4271 : 3.0376535440904e+00 +(2e-03,6e-03) | 1.28e+02 |  2:2.7e-04  8:8.9e-03
  428 ,   4281 : 3.0371937810918e+00 +(3e-03,2e-02) | 1.26e+02 |  2:2.6e-04  8:8.7e-03
  429 ,   4291 : 3.0375969615716e+00 +(2e-03,1e-02) | 1.26e+02 |  2:2.5e-04  8:8.4e-03
Iterat, #Fevals:   Function Value    (median,worst) |Axis Ratio|idx:Min SD idx:Max SD
  430 ,   4301 : 3.0382970191266e+00 +(2e-03,1e-02) | 1.27e+02 |  2:2.7e-04  8:8.3e-03
  431 ,   4311 : 3.0387603265999e+00 +(2e-03,2e-02) | 1.28e+02 |  2:2.5e-04  8:7.8e-03
  432 ,   4321 : 3.0367277086164e+00 +(4e-03,1e-02) | 1.32e+02 |  2:2.5e-04  8:8.0e-03
  433 ,   4331 : 3.0387381344654e+00 +(2e-03,1e-02) | 1.31e+02 |  2:2.4e-04  8:7.6e-03
  434 ,   4341 : 3.0390356295411e+00 +(3e-03,1e-02) | 1.28e+02 |  2:2.1e-04  8:6.7e-03
  435 ,   4351 : 3.0385728410779e+00 +(3e-03,2e-02) | 1.30e+02 |  2:2.0e-04  8:6.4e-03
  436 ,   4361 : 3.0369497010586e+00 +(5e-03,3e-02) | 1.33e+02 |  2:1.8e-04  8:5.9e-03
  437 ,   4371 : 3.0372653259264e+00 +(4e-03,3e-02) | 1.35e+02 |  2:1.8e-04  8:6.0e-03
  438 ,   4381 : 3.0392806585777e+00 +(3e-03,1e-02) | 1.35e+02 |  2:2.0e-04  8:6.3e-03
  439 ,   4391 : 3.0395830362411e+00 +(2e-03,2e-02) | 1.29e+02 |  2:2.1e-04  8:6.6e-03
Iterat, #Fevals:   Function Value    (median,worst) |Axis Ratio|idx:Min SD idx:Max SD
  440 ,   4401 : 3.0367100097738e+00 +(4e-03,2e-02) | 1.30e+02 |  2:2.0e-04  8:6.3e-03
  441 ,   4411 : 3.0376717751728e+00 +(3e-03,3e-02) | 1.28e+02 |  2:1.9e-04  8:5.9e-03
  442 ,   4421 : 3.0370528453318e+00 +(8e-03,3e-02) | 1.27e+02 |  2:1.9e-04  8:6.1e-03
  443 ,   4431 : 3.0387909494955e+00 +(2e-03,1e-02) | 1.26e+02 |  2:2.0e-04  8:6.1e-03
  444 ,   4441 : 3.0386247680866e+00 +(4e-03,1e-02) | 1.27e+02 |  2:2.0e-04  8:5.9e-03
  445 ,   4451 : 3.0389602801292e+00 +(2e-03,1e-02) | 1.24e+02 |  2:1.9e-04  8:5.6e-03
  446 ,   4461 : 3.0372143768575e+00 +(3e-03,1e-02) | 1.21e+02 |  2:1.8e-04  8:5.3e-03
  447 ,   4471 : 3.0381704583324e+00 +(3e-03,1e-02) | 1.23e+02 |  2:1.6e-04  8:4.8e-03
  448 ,   4481 : 3.0378451857120e+00 +(4e-03,1e-02) | 1.22e+02 |  2:1.4e-04  8:4.2e-03
  449 ,   4491 : 3.0372987569152e+00 +(4e-03,3e-02) | 1.29e+02 |  2:1.3e-04  8:4.2e-03
Iterat, #Fevals:   Function Value    (median,worst) |Axis Ratio|idx:Min SD idx:Max SD
  450 ,   4501 : 3.0370063596476e+00 +(3e-03,1e-02) | 1.32e+02 |  2:1.5e-04  8:4.7e-03
  451 ,   4511 : 3.0389325668229e+00 +(3e-03,9e-03) | 1.37e+02 |  2:1.6e-04  8:5.1e-03
  452 ,   4521 : 3.0376934468396e+00 +(2e-03,1e-02) | 1.33e+02 |  2:1.8e-04  8:5.6e-03
  453 ,   4531 : 3.0375908524297e+00 +(3e-03,2e-02) | 1.28e+02 |  2:1.8e-04  8:5.6e-03
  454 ,   4541 : 3.0375921368064e+00 +(3e-03,1e-02) | 1.24e+02 |  2:1.9e-04  8:5.8e-03
  455 ,   4551 : 3.0374801308483e+00 +(6e-03,3e-02) | 1.25e+02 |  2:1.8e-04  8:5.4e-03
  456 ,   4561 : 3.0373528241089e+00 +(2e-03,2e-02) | 1.22e+02 |  2:1.7e-04  8:5.2e-03
  457 ,   4571 : 3.0370929996827e+00 +(4e-03,3e-02) | 1.21e+02 |  2:1.7e-04  8:4.9e-03
  458 ,   4581 : 3.0391146683893e+00 +(3e-03,3e-02) | 1.33e+02 |  2:1.9e-04  8:5.9e-03
  459 ,   4591 : 3.0372129521957e+00 +(3e-03,2e-02) | 1.37e+02 |  2:2.1e-04  8:6.5e-03
Iterat, #Fevals:   Function Value    (median,worst) |Axis Ratio|idx:Min SD idx:Max SD
  460 ,   4601 : 3.0376439971148e+00 +(3e-03,2e-02) | 1.36e+02 |  2:2.1e-04  8:6.6e-03
  461 ,   4611 : 3.0368913299835e+00 +(6e-03,2e-02) | 1.38e+02 |  2:2.1e-04  8:6.6e-03
  462 ,   4621 : 3.0389986217511e+00 +(2e-03,1e-02) | 1.38e+02 |  2:2.0e-04  8:6.3e-03
  463 ,   4631 : 3.0381623975231e+00 +(1e-02,3e-02) | 1.37e+02 |  2:2.1e-04  8:6.6e-03
  464 ,   4641 : 3.0373564940556e+00 +(4e-03,2e-02) | 1.37e+02 |  3:1.9e-04  8:5.9e-03
  465 ,   4651 : 3.0369342735255e+00 +(4e-03,1e-02) | 1.37e+02 |  3:1.7e-04  8:5.3e-03
  466 ,   4661 : 3.0379598060295e+00 +(3e-03,1e-02) | 1.37e+02 |  3:1.5e-04  8:4.5e-03
  467 ,   4671 : 3.0375418212176e+00 +(6e-03,2e-02) | 1.39e+02 |  2:1.5e-04  8:4.4e-03
  468 ,   4681 : 3.0374951991968e+00 +(5e-03,1e-02) | 1.36e+02 |  2:1.5e-04  8:4.4e-03
  469 ,   4691 : 3.0370976679870e+00 +(3e-03,2e-02) | 1.37e+02 |  2:1.4e-04  8:4.1e-03
Iterat, #Fevals:   Function Value    (median,worst) |Axis Ratio|idx:Min SD idx:Max SD
  470 ,   4701 : 3.0370933806264e+00 +(3e-03,1e-02) | 1.39e+02 |  3:1.3e-04  8:3.6e-03
  471 ,   4711 : 3.0378785369292e+00 +(3e-03,1e-02) | 1.37e+02 |  2:1.2e-04  8:3.5e-03
  472 ,   4721 : 3.0387743327992e+00 +(4e-03,3e-02) | 1.34e+02 |  2:1.2e-04  8:3.5e-03
  473 ,   4731 : 3.0369478200224e+00 +(7e-03,1e-02) | 1.34e+02 |  2:1.2e-04  8:3.3e-03
  474 ,   4741 : 3.0369013657134e+00 +(1e-02,3e-02) | 1.34e+02 |  3:1.1e-04  8:3.2e-03
  475 ,   4751 : 3.0376004670978e+00 +(3e-03,1e-02) | 1.33e+02 |  3:1.0e-04  8:2.9e-03
  476 ,   4761 : 3.0381796879258e+00 +(2e-03,2e-02) | 1.28e+02 |  3:1.0e-04  8:2.9e-03
  477 ,   4771 : 3.0372252660413e+00 +(3e-03,1e-02) | 1.28e+02 |  3:1.0e-04  8:2.9e-03
  478 ,   4781 : 3.0352799988533e+00 +(6e-03,1e-02) | 1.26e+02 |  3:1.0e-04  8:2.8e-03
  479 ,   4791 : 3.0370171489220e+00 +(4e-03,2e-02) | 1.25e+02 |  3:1.1e-04  8:3.1e-03
Iterat, #Fevals:   Function Value    (median,worst) |Axis Ratio|idx:Min SD idx:Max SD
  480 ,   4801 : 3.0374222022295e+00 +(4e-03,2e-02) | 1.23e+02 |  3:1.1e-04  8:3.0e-03
  481 ,   4811 : 3.0372007034515e+00 +(4e-03,2e-02) | 1.21e+02 |  3:1.1e-04  8:3.0e-03
  482 ,   4821 : 3.0392720750271e+00 +(2e-03,2e-02) | 1.17e+02 |  3:1.1e-04  8:3.1e-03
  483 ,   4831 : 3.0380691171644e+00 +(4e-03,1e-02) | 1.14e+02 |  3:1.1e-04  8:3.0e-03
  484 ,   4841 : 3.0377953718645e+00 +(4e-03,2e-02) | 1.16e+02 |  3:1.0e-04  8:2.8e-03
  485 ,   4851 : 3.0371929230837e+00 +(2e-03,1e-02) | 1.15e+02 |  3:9.6e-05  8:2.7e-03
  486 ,   4861 : 3.0370214344927e+00 +(4e-03,7e-03) | 1.23e+02 |  3:9.5e-05  8:2.9e-03
  487 ,   4871 : 3.0373913366809e+00 +(6e-03,3e-02) | 1.23e+02 |  3:1.1e-04  8:3.2e-03
  488 ,   4881 : 3.0374895653193e+00 +(3e-03,2e-02) | 1.21e+02 |  3:1.1e-04  8:3.3e-03
  489 ,   4891 : 3.0377550966079e+00 +(5e-03,2e-02) | 1.22e+02 |  3:1.1e-04  8:3.3e-03
Iterat, #Fevals:   Function Value    (median,worst) |Axis Ratio|idx:Min SD idx:Max SD
  490 ,   4901 : 3.0380096721792e+00 +(3e-03,2e-02) | 1.26e+02 |  3:1.2e-04  8:3.5e-03
  491 ,   4911 : 3.0388946414596e+00 +(2e-03,1e-02) | 1.27e+02 |  3:1.2e-04  8:3.7e-03
  492 ,   4921 : 3.0366999161869e+00 +(5e-03,3e-02) | 1.26e+02 |  3:1.2e-04  8:3.6e-03
  493 ,   4931 : 3.0368088141012e+00 +(3e-03,2e-02) | 1.22e+02 |  3:1.1e-04  8:3.3e-03
  494 ,   4941 : 3.0378362800347e+00 +(1e-03,2e-02) | 1.21e+02 |  3:1.1e-04  8:3.3e-03
  495 ,   4951 : 3.0381006105759e+00 +(3e-03,2e-02) | 1.18e+02 |  3:1.1e-04  8:3.2e-03
  496 ,   4961 : 3.0376412996502e+00 +(3e-03,1e-02) | 1.20e+02 |  3:1.1e-04  8:3.2e-03
  497 ,   4971 : 3.0384070100191e+00 +(2e-03,2e-02) | 1.21e+02 |  3:1.1e-04  8:3.2e-03
  498 ,   4981 : 3.0384791382921e+00 +(4e-03,1e-02) | 1.21e+02 |  3:9.9e-05  8:2.9e-03
  499 ,   4991 : 3.0360460842336e+00 +(5e-03,2e-02) | 1.21e+02 |  3:8.7e-05  8:2.6e-03
Iterat, #Fevals:   Function Value    (median,worst) |Axis Ratio|idx:Min SD idx:Max SD
  500 ,   5001 : 3.0393571753908e+00 +(3e-03,1e-02) | 1.20e+02 |  3:8.5e-05  8:2.5e-03
  501 ,   5011 : 3.0386652916094e+00 +(1e-03,1e-02) | 1.15e+02 |  3:8.5e-05  8:2.5e-03
  502 ,   5021 : 3.0381539463156e+00 +(3e-03,1e-02) | 1.20e+02 |  3:9.1e-05  8:2.7e-03
  503 ,   5031 : 3.0383547636579e+00 +(4e-03,3e-02) | 1.21e+02 |  3:9.2e-05  8:2.7e-03
  504 ,   5041 : 3.0380345567124e+00 +(4e-03,2e-02) | 1.19e+02 |  3:9.5e-05  8:2.6e-03
  505 ,   5051 : 3.0387078859301e+00 +(3e-03,1e-02) | 1.19e+02 |  3:9.4e-05  8:2.6e-03
  506 ,   5061 : 3.0379910771313e+00 +(4e-03,1e-02) | 1.20e+02 |  2:1.0e-04  8:2.7e-03
  507 ,   5071 : 3.0377974003901e+00 +(6e-03,2e-02) | 1.22e+02 |  2:1.0e-04  8:2.6e-03
  508 ,   5081 : 3.0379579924832e+00 +(3e-03,1e-02) | 1.23e+02 |  2:1.1e-04  8:2.8e-03
  509 ,   5091 : 3.0387885444777e+00 +(4e-03,2e-02) | 1.25e+02 |  2:1.0e-04  8:2.8e-03
Iterat, #Fevals:   Function Value    (median,worst) |Axis Ratio|idx:Min SD idx:Max SD
  510 ,   5101 : 3.0369732714101e+00 +(5e-03,1e-02) | 1.20e+02 |  2:1.0e-04  8:2.7e-03
  511 ,   5111 : 3.0390916978134e+00 +(2e-03,2e-02) | 1.12e+02 |  2:1.1e-04  8:3.0e-03
  512 ,   5121 : 3.0401155294076e+00 +(2e-03,1e-02) | 1.10e+02 |  2:1.1e-04  8:2.9e-03
  513 ,   5131 : 3.0412795870810e+00 +(1e-02,1e-02) | 1.12e+02 |  2:1.2e-04  8:3.0e-03
  514 ,   5141 : 3.0382009156371e+00 +(3e-03,1e-02) | 1.14e+02 |  2:1.2e-04  8:3.1e-03
  515 ,   5151 : 3.0400205649307e+00 +(3e-03,1e-02) | 1.14e+02 |  2:1.1e-04  8:2.8e-03
  516 ,   5161 : 3.0402025804689e+00 +(8e-03,1e-02) | 1.13e+02 |  2:1.1e-04  8:2.8e-03
  517 ,   5171 : 3.0380884736803e+00 +(1e-03,1e-02) | 1.12e+02 |  3:1.1e-04  8:2.8e-03
  518 ,   5181 : 3.0381455310168e+00 +(3e-03,1e-02) | 1.10e+02 |  2:1.2e-04  8:3.1e-03
  519 ,   5191 : 3.0388178501272e+00 +(2e-03,2e-02) | 1.05e+02 |  2:1.3e-04  8:3.4e-03
Iterat, #Fevals:   Function Value    (median,worst) |Axis Ratio|idx:Min SD idx:Max SD
  520 ,   5201 : 3.0387706933679e+00 +(3e-03,1e-02) | 1.03e+02 |  2:1.4e-04  8:3.6e-03
  521 ,   5211 : 3.0382635785576e+00 +(4e-03,1e-02) | 1.01e+02 |  2:1.5e-04  8:3.8e-03
  522 ,   5221 : 3.0395049627858e+00 +(1e-03,9e-03) | 1.03e+02 |  2:1.4e-04  8:3.7e-03
  523 ,   5231 : 3.0390399251693e+00 +(4e-03,1e-02) | 1.04e+02 |  2:1.3e-04  8:3.3e-03
  524 ,   5241 : 3.0377668667410e+00 +(2e-03,2e-02) | 1.05e+02 |  2:1.3e-04  8:3.2e-03
  525 ,   5251 : 3.0393145896512e+00 +(6e-03,3e-02) | 1.06e+02 |  2:1.2e-04  8:3.0e-03
  526 ,   5261 : 3.0394930622114e+00 +(3e-03,1e-02) | 1.06e+02 |  2:1.0e-04  8:2.6e-03
  527 ,   5271 : 3.0390247010137e+00 +(5e-03,2e-02) | 1.07e+02 |  2:1.0e-04  8:2.5e-03
  528 ,   5281 : 3.0394061633288e+00 +(3e-03,1e-02) | 1.07e+02 |  2:1.0e-04  8:2.5e-03
  529 ,   5291 : 3.0379111860958e+00 +(2e-03,1e-02) | 1.07e+02 |  3:1.0e-04  8:2.5e-03
Iterat, #Fevals:   Function Value    (median,worst) |Axis Ratio|idx:Min SD idx:Max SD
  530 ,   5301 : 3.0379817464076e+00 +(2e-03,2e-02) | 1.07e+02 |  2:1.0e-04  8:2.6e-03
  531 ,   5311 : 3.0394240773152e+00 +(3e-03,2e-02) | 1.09e+02 |  2:9.6e-05  8:2.5e-03
  532 ,   5321 : 3.0375649196740e+00 +(4e-03,2e-02) | 1.11e+02 |  2:9.5e-05  8:2.6e-03
  533 ,   5331 : 3.0376651091750e+00 +(3e-03,2e-02) | 1.12e+02 |  2:1.0e-04  8:2.8e-03
  534 ,   5341 : 3.0385143950062e+00 +(8e-03,1e-02) | 1.11e+02 |  2:1.0e-04  8:2.7e-03
  535 ,   5351 : 3.0381406265655e+00 +(3e-03,1e-02) | 1.10e+02 |  2:1.1e-04  8:2.9e-03
  536 ,   5361 : 3.0390247473409e+00 +(4e-03,2e-02) | 1.09e+02 |  2:1.1e-04  8:2.9e-03
  537 ,   5371 : 3.0385897814484e+00 +(3e-03,2e-02) | 1.08e+02 |  2:1.0e-04  8:2.6e-03
  538 ,   5381 : 3.0375579925886e+00 +(3e-03,1e-02) | 1.07e+02 |  2:9.3e-05  8:2.4e-03
  539 ,   5391 : 3.0385553306856e+00 +(3e-03,1e-02) | 1.10e+02 |  2:8.9e-05  8:2.3e-03
Iterat, #Fevals:   Function Value    (median,worst) |Axis Ratio|idx:Min SD idx:Max SD
  540 ,   5401 : 3.0404376739226e+00 +(5e-03,2e-02) | 1.11e+02 |  2:8.5e-05  8:2.2e-03
  541 ,   5411 : 3.0382022052945e+00 +(5e-03,1e-02) | 1.13e+02 |  2:8.5e-05  8:2.3e-03
  542 ,   5421 : 3.0382222221941e+00 +(6e-03,3e-02) | 1.15e+02 |  2:8.6e-05  8:2.4e-03
  543 ,   5431 : 3.0409586755898e+00 +(5e-03,1e-02) | 1.19e+02 |  2:8.9e-05  8:2.6e-03
  544 ,   5441 : 3.0390969047068e+00 +(3e-03,1e-02) | 1.18e+02 |  2:9.3e-05  8:2.7e-03
  545 ,   5451 : 3.0381288200432e+00 +(3e-03,2e-02) | 1.19e+02 |  2:9.2e-05  8:2.7e-03
  546 ,   5461 : 3.0408106026277e+00 +(9e-03,2e-02) | 1.18e+02 |  2:8.2e-05  8:2.4e-03
  547 ,   5471 : 3.0415320976496e+00 +(7e-03,1e-02) | 1.19e+02 |  2:8.0e-05  8:2.4e-03
  548 ,   5481 : 3.0393869423353e+00 +(3e-03,1e-02) | 1.18e+02 |  2:8.4e-05  8:2.5e-03
  549 ,   5491 : 3.0390582795223e+00 +(2e-03,2e-02) | 1.17e+02 |  2:8.4e-05  8:2.5e-03
Iterat, #Fevals:   Function Value    (median,worst) |Axis Ratio|idx:Min SD idx:Max SD
  550 ,   5501 : 3.0394116738175e+00 +(2e-03,1e-02) | 1.15e+02 |  2:8.2e-05  8:2.5e-03
  551 ,   5511 : 3.0382292206857e+00 +(5e-03,1e-02) | 1.14e+02 |  2:8.4e-05  8:2.5e-03
  552 ,   5521 : 3.0375277069390e+00 +(4e-03,2e-02) | 1.16e+02 |  2:9.0e-05  8:2.7e-03
  553 ,   5531 : 3.0363872778062e+00 +(8e-03,2e-02) | 1.16e+02 |  2:8.7e-05  8:2.7e-03
  554 ,   5541 : 3.0373923260785e+00 +(6e-03,3e-02) | 1.16e+02 |  2:9.2e-05  8:2.8e-03
  555 ,   5551 : 3.0371782359128e+00 +(3e-03,5e-03) | 1.16e+02 |  2:9.7e-05  8:2.9e-03
  556 ,   5561 : 3.0367542447564e+00 +(6e-03,1e-02) | 1.18e+02 |  2:9.9e-05  8:3.0e-03
  557 ,   5571 : 3.0411933582004e+00 +(1e-03,9e-03) | 1.17e+02 |  2:9.1e-05  8:2.8e-03
  558 ,   5581 : 3.0384867669049e+00 +(1e-03,3e-02) | 1.15e+02 |  2:8.1e-05  8:2.5e-03
  559 ,   5591 : 3.0381821864840e+00 +(2e-03,1e-02) | 1.17e+02 |  2:7.3e-05  8:2.3e-03
Iterat, #Fevals:   Function Value    (median,worst) |Axis Ratio|idx:Min SD idx:Max SD
  560 ,   5601 : 3.0378916711876e+00 +(4e-03,1e-02) | 1.11e+02 |  2:6.8e-05  8:2.1e-03
  561 ,   5611 : 3.0382002504291e+00 +(4e-03,2e-02) | 1.12e+02 |  2:6.7e-05  8:2.1e-03
  562 ,   5621 : 3.0376473283642e+00 +(5e-03,1e-02) | 1.11e+02 |  2:7.0e-05  8:2.1e-03
  563 ,   5631 : 3.0373618701323e+00 +(4e-03,2e-02) | 1.12e+02 |  2:7.3e-05  8:2.2e-03
  564 ,   5641 : 3.0375562427473e+00 +(4e-03,2e-02) | 1.11e+02 |  2:7.3e-05  8:2.2e-03
  565 ,   5651 : 3.0379700561813e+00 +(3e-03,3e-02) | 1.08e+02 |  2:7.6e-05  8:2.3e-03
  566 ,   5661 : 3.0382198792430e+00 +(2e-03,1e-02) | 1.03e+02 |  2:8.1e-05  8:2.4e-03
  567 ,   5671 : 3.0355856548511e+00 +(5e-03,2e-02) | 1.02e+02 |  2:8.7e-05  8:2.6e-03
  568 ,   5681 : 3.0371481263082e+00 +(1e-03,2e-02) | 1.03e+02 |  2:8.1e-05  8:2.4e-03
  569 ,   5691 : 3.0367694302246e+00 +(3e-03,1e-02) | 1.04e+02 |  2:8.5e-05  8:2.5e-03
Iterat, #Fevals:   Function Value    (median,worst) |Axis Ratio|idx:Min SD idx:Max SD
  570 ,   5701 : 3.0389538977471e+00 +(3e-03,1e-02) | 1.03e+02 |  2:9.0e-05  8:2.7e-03
  571 ,   5711 : 3.0375038805480e+00 +(4e-03,1e-02) | 1.05e+02 |  2:9.9e-05  8:2.9e-03
  572 ,   5721 : 3.0401400948314e+00 +(7e-03,2e-02) | 1.04e+02 |  2:1.0e-04  8:3.1e-03
  573 ,   5731 : 3.0368107479084e+00 +(4e-03,2e-02) | 1.05e+02 |  2:1.3e-04  8:3.6e-03
  574 ,   5741 : 3.0396792424004e+00 +(8e-03,2e-02) | 1.06e+02 |  2:1.6e-04  8:4.4e-03
  575 ,   5751 : 3.0367736119202e+00 +(5e-03,1e-02) | 1.06e+02 |  2:1.7e-04  8:4.8e-03
  576 ,   5761 : 3.0379439360456e+00 +(7e-03,3e-02) | 1.00e+02 |  2:1.8e-04  8:4.9e-03
  577 ,   5771 : 3.0387480284169e+00 +(3e-03,3e-02) | 9.88e+01 |  2:1.6e-04  8:4.6e-03
  578 ,   5781 : 3.0369533487594e+00 +(4e-03,3e-02) | 9.94e+01 |  2:1.5e-04  8:4.4e-03
  579 ,   5791 : 3.0385809260355e+00 +(3e-03,1e-02) | 9.93e+01 |  2:1.6e-04  8:4.5e-03
Iterat, #Fevals:   Function Value    (median,worst) |Axis Ratio|idx:Min SD idx:Max SD
  580 ,   5801 : 3.0372511413066e+00 +(5e-03,3e-02) | 1.01e+02 |  2:1.6e-04  8:4.5e-03
  581 ,   5811 : 3.0369242759264e+00 +(5e-03,2e-02) | 1.04e+02 |  2:1.7e-04  8:4.9e-03
  582 ,   5821 : 3.0368449166423e+00 +(6e-03,3e-02) | 1.04e+02 |  2:1.8e-04  8:5.1e-03
  583 ,   5831 : 3.0369447794347e+00 +(4e-03,1e-02) | 1.11e+02 |  2:1.8e-04  8:5.7e-03
  584 ,   5841 : 3.0371138709193e+00 +(4e-03,1e-02) | 1.12e+02 |  2:1.7e-04  8:5.2e-03
  585 ,   5851 : 3.0365483500588e+00 +(9e-03,3e-02) | 1.16e+02 |  2:1.8e-04  8:5.4e-03
  586 ,   5861 : 3.0385192441363e+00 +(2e-03,1e-02) | 1.14e+02 |  2:1.7e-04  8:5.3e-03
  587 ,   5871 : 3.0373901493354e+00 +(9e-03,2e-02) | 1.14e+02 |  2:1.7e-04  8:5.3e-03
  588 ,   5881 : 3.0372055877781e+00 +(5e-03,2e-02) | 1.14e+02 |  2:1.8e-04  8:5.5e-03
  589 ,   5891 : 3.0384051383883e+00 +(3e-03,1e-02) | 1.14e+02 |  2:1.7e-04  8:5.4e-03
Iterat, #Fevals:   Function Value    (median,worst) |Axis Ratio|idx:Min SD idx:Max SD
  590 ,   5901 : 3.0382811492415e+00 +(6e-03,1e-02) | 1.19e+02 |  2:1.7e-04  8:5.5e-03
  591 ,   5911 : 3.0381486332210e+00 +(3e-03,2e-02) | 1.23e+02 |  2:1.8e-04  8:6.0e-03
  592 ,   5921 : 3.0426209394331e+00 +(5e-03,1e-02) | 1.26e+02 |  2:2.0e-04  8:6.5e-03
  593 ,   5931 : 3.0390888142933e+00 +(2e-03,1e-02) | 1.29e+02 |  2:2.0e-04  8:7.0e-03
  594 ,   5941 : 3.0385428577602e+00 +(9e-03,2e-02) | 1.29e+02 |  2:1.8e-04  8:6.3e-03
  595 ,   5951 : 3.0383419051788e+00 +(8e-03,2e-02) | 1.24e+02 |  2:1.9e-04  8:6.5e-03
  596 ,   5961 : 3.0375297302079e+00 +(4e-03,3e-02) | 1.25e+02 |  2:1.9e-04  8:6.5e-03
  597 ,   5971 : 3.0374605132632e+00 +(3e-03,1e-02) | 1.26e+02 |  2:1.7e-04  8:6.0e-03
  598 ,   5981 : 3.0380160392188e+00 +(2e-03,1e-02) | 1.28e+02 |  2:1.6e-04  8:5.8e-03
  599 ,   5991 : 3.0389569140511e+00 +(3e-03,2e-02) | 1.31e+02 |  2:1.7e-04  8:6.0e-03
Iterat, #Fevals:   Function Value    (median,worst) |Axis Ratio|idx:Min SD idx:Max SD
  600 ,   6001 : 3.0376664097106e+00 +(3e-03,3e-02) | 1.39e+02 |  2:1.8e-04  8:6.6e-03
  601 ,   6011 : 3.0373588634805e+00 +(4e-03,2e-02) | 1.41e+02 |  2:1.9e-04  8:6.7e-03
  602 ,   6021 : 3.0377980932870e+00 +(9e-03,2e-02) | 1.41e+02 |  2:1.9e-04  8:6.8e-03
  603 ,   6031 : 3.0373512524785e+00 +(4e-03,3e-02) | 1.32e+02 |  2:1.9e-04  8:6.8e-03
  604 ,   6041 : 3.0382451898081e+00 +(2e-03,2e-02) | 1.30e+02 |  2:2.1e-04  8:7.6e-03
  605 ,   6051 : 3.0371554305701e+00 +(4e-03,2e-02) | 1.28e+02 |  2:2.2e-04  8:7.7e-03
  606 ,   6061 : 3.0368211025803e+00 +(3e-03,2e-02) | 1.26e+02 |  2:2.5e-04  8:8.6e-03
  607 ,   6071 : 3.0370043413351e+00 +(4e-03,3e-02) | 1.23e+02 |  2:2.5e-04  8:8.6e-03
  608 ,   6081 : 3.0374544444702e+00 +(5e-03,2e-02) | 1.23e+02 |  2:2.3e-04  8:8.0e-03
  609 ,   6091 : 3.0375406160492e+00 +(7e-03,3e-02) | 1.23e+02 |  2:2.3e-04  8:7.9e-03
Iterat, #Fevals:   Function Value    (median,worst) |Axis Ratio|idx:Min SD idx:Max SD
  610 ,   6101 : 3.0368301024629e+00 +(3e-03,2e-02) | 1.23e+02 |  2:2.2e-04  8:7.5e-03
  611 ,   6111 : 3.0379500136103e+00 +(5e-03,3e-02) | 1.23e+02 |  2:2.1e-04  8:6.9e-03
  612 ,   6121 : 3.0366166404435e+00 +(3e-03,3e-02) | 1.26e+02 |  2:2.0e-04  8:6.7e-03
  613 ,   6131 : 3.0374337734347e+00 +(2e-03,1e-02) | 1.27e+02 |  2:2.0e-04  8:6.6e-03
  614 ,   6141 : 3.0369093904791e+00 +(3e-03,2e-02) | 1.20e+02 |  2:2.2e-04  8:6.9e-03
  615 ,   6151 : 3.0366019048055e+00 +(6e-03,3e-02) | 1.17e+02 |  2:2.2e-04  8:6.9e-03
  616 ,   6161 : 3.0373979851689e+00 +(1e-03,4e-03) | 1.16e+02 |  2:2.0e-04  8:6.4e-03
  617 ,   6171 : 3.0367214412999e+00 +(4e-03,7e-03) | 1.16e+02 |  2:2.1e-04  8:6.5e-03
  618 ,   6181 : 3.0379275355831e+00 +(3e-03,1e-02) | 1.17e+02 |  2:2.1e-04  8:6.4e-03
  619 ,   6191 : 3.0377647362456e+00 +(2e-03,2e-02) | 1.17e+02 |  2:2.0e-04  8:6.0e-03
Iterat, #Fevals:   Function Value    (median,worst) |Axis Ratio|idx:Min SD idx:Max SD
  620 ,   6201 : 3.0372183015141e+00 +(2e-03,1e-02) | 1.19e+02 |  2:2.0e-04  8:6.1e-03
  621 ,   6211 : 3.0372786666315e+00 +(5e-03,2e-02) | 1.17e+02 |  2:1.9e-04  8:5.7e-03
  622 ,   6221 : 3.0383744509468e+00 +(2e-03,3e-02) | 1.22e+02 |  2:2.0e-04  8:6.0e-03
  623 ,   6231 : 3.0367497094174e+00 +(5e-03,1e-02) | 1.23e+02 |  2:2.1e-04  8:6.2e-03
  624 ,   6241 : 3.0377908820894e+00 +(3e-03,1e-02) | 1.20e+02 |  2:2.3e-04  8:6.6e-03
  625 ,   6251 : 3.0374321266658e+00 +(4e-03,1e-02) | 1.19e+02 |  3:2.4e-04  8:6.8e-03
  626 ,   6261 : 3.0380532820345e+00 +(2e-03,9e-03) | 1.22e+02 |  2:2.6e-04  8:7.5e-03
  627 ,   6271 : 3.0364758449661e+00 +(4e-03,2e-02) | 1.24e+02 |  2:2.5e-04  8:7.3e-03
  628 ,   6281 : 3.0399201677640e+00 +(4e-03,3e-02) | 1.26e+02 |  2:2.5e-04  8:7.3e-03
  629 ,   6291 : 3.0390568216341e+00 +(3e-03,1e-02) | 1.25e+02 |  2:2.4e-04  8:6.9e-03
Iterat, #Fevals:   Function Value    (median,worst) |Axis Ratio|idx:Min SD idx:Max SD
  630 ,   6301 : 3.0366356156114e+00 +(6e-03,3e-02) | 1.27e+02 |  2:2.3e-04  8:6.8e-03
  631 ,   6311 : 3.0368549891690e+00 +(1e-03,7e-03) | 1.28e+02 |  2:2.2e-04  8:6.4e-03
  632 ,   6321 : 3.0369094844169e+00 +(5e-03,2e-02) | 1.31e+02 |  2:2.1e-04  8:6.1e-03
  633 ,   6331 : 3.0368284405705e+00 +(4e-03,3e-02) | 1.35e+02 |  2:2.1e-04  8:6.1e-03
  634 ,   6341 : 3.0374102551032e+00 +(2e-03,1e-02) | 1.45e+02 |  2:2.2e-04  8:7.2e-03
  635 ,   6351 : 3.0371625875603e+00 +(3e-03,2e-02) | 1.42e+02 |  2:2.5e-04  8:8.0e-03
  636 ,   6361 : 3.0365915174360e+00 +(4e-03,2e-02) | 1.41e+02 |  2:2.6e-04  8:8.6e-03
  637 ,   6371 : 3.0372914785245e+00 +(3e-03,3e-02) | 1.45e+02 |  2:2.7e-04  8:9.0e-03
  638 ,   6381 : 3.0380564892540e+00 +(3e-03,1e-02) | 1.45e+02 |  3:2.5e-04  8:8.4e-03
  639 ,   6391 : 3.0370647964908e+00 +(3e-03,5e-03) | 1.45e+02 |  2:2.3e-04  8:7.6e-03
Iterat, #Fevals:   Function Value    (median,worst) |Axis Ratio|idx:Min SD idx:Max SD
  640 ,   6401 : 3.0394022309554e+00 +(6e-03,1e-02) | 1.45e+02 |  2:2.1e-04  8:6.9e-03
  641 ,   6411 : 3.0371120194473e+00 +(3e-03,2e-02) | 1.44e+02 |  2:1.9e-04  8:6.3e-03
  642 ,   6421 : 3.0371910857667e+00 +(3e-03,1e-02) | 1.33e+02 |  2:1.9e-04  8:6.3e-03
  643 ,   6431 : 3.0380687948125e+00 +(4e-03,2e-02) | 1.34e+02 |  2:1.8e-04  8:6.1e-03
  644 ,   6441 : 3.0366379464184e+00 +(6e-03,2e-02) | 1.42e+02 |  2:1.9e-04  8:6.6e-03
  645 ,   6451 : 3.0366272832909e+00 +(1e-02,2e-02) | 1.42e+02 |  2:1.8e-04  8:6.3e-03
  646 ,   6461 : 3.0370879499235e+00 +(3e-03,3e-02) | 1.49e+02 |  2:1.8e-04  8:6.5e-03
  647 ,   6471 : 3.0367400276354e+00 +(3e-03,9e-03) | 1.50e+02 |  2:1.8e-04  8:6.5e-03
  648 ,   6481 : 3.0374970241337e+00 +(3e-03,2e-02) | 1.52e+02 |  2:1.6e-04  8:6.0e-03
  649 ,   6491 : 3.0370757919505e+00 +(3e-03,1e-02) | 1.52e+02 |  2:1.5e-04  8:5.8e-03
Iterat, #Fevals:   Function Value    (median,worst) |Axis Ratio|idx:Min SD idx:Max SD
  650 ,   6501 : 3.0373691964571e+00 +(3e-03,1e-02) | 1.56e+02 |  2:1.5e-04  8:5.8e-03
  651 ,   6511 : 3.0367725861862e+00 +(4e-03,2e-02) | 1.51e+02 |  2:1.5e-04  8:6.0e-03
  652 ,   6521 : 3.0363599783314e+00 +(4e-03,2e-02) | 1.52e+02 |  2:1.5e-04  8:5.8e-03
  653 ,   6531 : 3.0387249616339e+00 +(2e-03,1e-02) | 1.53e+02 |  2:1.4e-04  8:5.3e-03
  654 ,   6541 : 3.0374650457471e+00 +(3e-03,5e-03) | 1.51e+02 |  2:1.4e-04  8:5.2e-03
  655 ,   6551 : 3.0375160762513e+00 +(4e-03,1e-02) | 1.54e+02 |  2:1.3e-04  8:5.1e-03
  656 ,   6561 : 3.0374840111125e+00 +(3e-03,3e-02) | 1.56e+02 |  2:1.3e-04  8:5.1e-03
  657 ,   6571 : 3.0367906709121e+00 +(4e-03,1e-02) | 1.57e+02 |  2:1.2e-04  8:4.6e-03
  658 ,   6581 : 3.0370428297751e+00 +(4e-03,1e-02) | 1.58e+02 |  2:1.1e-04  8:4.2e-03
  659 ,   6591 : 3.0376875901296e+00 +(4e-03,2e-02) | 1.58e+02 |  2:9.8e-05  8:3.7e-03
Iterat, #Fevals:   Function Value    (median,worst) |Axis Ratio|idx:Min SD idx:Max SD
  660 ,   6601 : 3.0369872651416e+00 +(2e-03,3e-02) | 1.57e+02 |  2:9.7e-05  8:3.6e-03
  661 ,   6611 : 3.0368772210185e+00 +(2e-03,3e-02) | 1.57e+02 |  2:9.9e-05  8:3.7e-03
  662 ,   6621 : 3.0369210047878e+00 +(4e-03,3e-02) | 1.59e+02 |  2:1.0e-04  8:3.7e-03
  663 ,   6631 : 3.0385562551454e+00 +(4e-03,1e-02) | 1.56e+02 |  2:1.0e-04  8:3.8e-03
  664 ,   6641 : 3.0367304312380e+00 +(3e-03,1e-02) | 1.57e+02 |  2:1.0e-04  8:3.8e-03
  665 ,   6651 : 3.0372301659793e+00 +(4e-03,2e-02) | 1.57e+02 |  2:1.0e-04  8:3.7e-03
  666 ,   6661 : 3.0382235231275e+00 +(2e-03,1e-02) | 1.57e+02 |  2:9.7e-05  8:3.5e-03
  667 ,   6671 : 3.0370986442100e+00 +(7e-03,3e-02) | 1.58e+02 |  2:9.1e-05  8:3.2e-03
  668 ,   6681 : 3.0382923958822e+00 +(7e-03,2e-02) | 1.58e+02 |  2:8.4e-05  8:2.9e-03
  669 ,   6691 : 3.0368239767026e+00 +(6e-03,2e-02) | 1.57e+02 |  2:7.4e-05  8:2.6e-03
Iterat, #Fevals:   Function Value    (median,worst) |Axis Ratio|idx:Min SD idx:Max SD
  670 ,   6701 : 3.0371263661435e+00 +(4e-03,3e-02) | 1.62e+02 |  2:7.0e-05  8:2.5e-03
  671 ,   6711 : 3.0374087586953e+00 +(4e-03,1e-02) | 1.63e+02 |  2:6.8e-05  8:2.4e-03
  672 ,   6721 : 3.0372608483017e+00 +(4e-03,2e-02) | 1.62e+02 |  2:6.6e-05  8:2.3e-03
  673 ,   6731 : 3.0375597984484e+00 +(4e-03,1e-02) | 1.65e+02 |  2:6.3e-05  8:2.3e-03
  674 ,   6741 : 3.0371705599074e+00 +(5e-03,2e-02) | 1.65e+02 |  2:6.9e-05  8:2.5e-03
  675 ,   6751 : 3.0388576848130e+00 +(4e-03,2e-02) | 1.64e+02 |  2:6.6e-05  8:2.5e-03
  676 ,   6761 : 3.0386014363160e+00 +(7e-03,1e-02) | 1.65e+02 |  2:7.0e-05  8:2.7e-03
  677 ,   6771 : 3.0378721439480e+00 +(5e-03,1e-02) | 1.68e+02 |  2:7.5e-05  8:2.9e-03
  678 ,   6781 : 3.0380909427002e+00 +(5e-03,2e-02) | 1.66e+02 |  2:7.5e-05  8:2.8e-03
  679 ,   6791 : 3.0369172040407e+00 +(1e-02,3e-02) | 1.70e+02 |  2:7.6e-05  8:2.9e-03
Iterat, #Fevals:   Function Value    (median,worst) |Axis Ratio|idx:Min SD idx:Max SD
  680 ,   6801 : 3.0368547274427e+00 +(3e-03,2e-02) | 1.71e+02 |  2:7.4e-05  8:2.8e-03
  681 ,   6811 : 3.0391659934541e+00 +(2e-03,1e-02) | 1.72e+02 |  2:6.5e-05  8:2.5e-03
  682 ,   6821 : 3.0375610352232e+00 +(3e-03,1e-02) | 1.71e+02 |  2:5.9e-05  8:2.3e-03
  683 ,   6831 : 3.0385549782021e+00 +(3e-03,1e-02) | 1.69e+02 |  2:5.7e-05  8:2.2e-03
  684 ,   6841 : 3.0366033182492e+00 +(3e-03,1e-02) | 1.67e+02 |  2:5.4e-05  8:2.1e-03
  685 ,   6851 : 3.0370684879237e+00 +(5e-03,2e-02) | 1.52e+02 |  2:5.4e-05  8:2.1e-03
  686 ,   6861 : 3.0379337067801e+00 +(2e-03,1e-02) | 1.50e+02 |  2:5.6e-05  8:2.2e-03
  687 ,   6871 : 3.0368393818661e+00 +(3e-03,1e-02) | 1.51e+02 |  2:5.5e-05  8:2.2e-03
  688 ,   6881 : 3.0371036771349e+00 +(8e-03,3e-02) | 1.53e+02 |  2:5.9e-05  8:2.3e-03
  689 ,   6891 : 3.0384712614651e+00 +(2e-03,1e-02) | 1.54e+02 |  2:5.8e-05  8:2.3e-03
Iterat, #Fevals:   Function Value    (median,worst) |Axis Ratio|idx:Min SD idx:Max SD
  690 ,   6901 : 3.0367644109913e+00 +(4e-03,2e-02) | 1.54e+02 |  2:5.5e-05  8:2.1e-03
  691 ,   6911 : 3.0370716410856e+00 +(3e-03,3e-02) | 1.56e+02 |  2:5.4e-05  8:2.1e-03
  692 ,   6921 : 3.0372636182249e+00 +(3e-03,1e-02) | 1.55e+02 |  2:6.0e-05  8:2.3e-03
  693 ,   6931 : 3.0370518022251e+00 +(4e-03,2e-02) | 1.54e+02 |  2:6.2e-05  8:2.3e-03
  694 ,   6941 : 3.0369805269930e+00 +(3e-03,3e-02) | 1.54e+02 |  2:7.7e-05  8:2.8e-03
  695 ,   6951 : 3.0368606322605e+00 +(3e-03,3e-02) | 1.55e+02 |  2:8.4e-05  8:3.2e-03
  696 ,   6961 : 3.0368592297108e+00 +(5e-03,1e-02) | 1.53e+02 |  2:8.1e-05  8:3.0e-03
  697 ,   6971 : 3.0379012491504e+00 +(3e-03,3e-02) | 1.56e+02 |  2:8.2e-05  8:3.1e-03
  698 ,   6981 : 3.0380520394021e+00 +(3e-03,1e-02) | 1.70e+02 |  2:8.9e-05  8:3.6e-03
  699 ,   6991 : 3.0371585044966e+00 +(4e-03,2e-02) | 1.72e+02 |  2:9.4e-05  8:3.9e-03
Iterat, #Fevals:   Function Value    (median,worst) |Axis Ratio|idx:Min SD idx:Max SD
  700 ,   7001 : 3.0415045583700e+00 +(3e-03,1e-02) | 1.67e+02 |  2:1.0e-04  8:4.4e-03
  701 ,   7011 : 3.0370340591766e+00 +(4e-03,1e-02) | 1.65e+02 |  2:1.3e-04  8:5.3e-03
  702 ,   7021 : 3.0367650220194e+00 +(6e-03,1e-02) | 1.61e+02 |  2:1.3e-04  8:5.1e-03
  703 ,   7031 : 3.0364465993038e+00 +(1e-02,2e-02) | 1.57e+02 |  2:1.4e-04  8:5.3e-03
  704 ,   7041 : 3.0382744210872e+00 +(4e-03,1e-02) | 1.58e+02 |  2:1.4e-04  8:5.5e-03
  705 ,   7051 : 3.0370191757451e+00 +(4e-03,2e-02) | 1.55e+02 |  2:1.4e-04  8:5.5e-03
  706 ,   7061 : 3.0369246078292e+00 +(4e-03,1e-02) | 1.55e+02 |  2:1.5e-04  8:5.8e-03
  707 ,   7071 : 3.0370038377295e+00 +(3e-03,3e-02) | 1.51e+02 |  2:1.4e-04  8:5.4e-03
  708 ,   7081 : 3.0373804837372e+00 +(3e-03,2e-02) | 1.49e+02 |  2:1.6e-04  8:5.9e-03
  709 ,   7091 : 3.0395209837193e+00 +(1e-03,9e-03) | 1.47e+02 |  2:1.5e-04  8:5.4e-03
Iterat, #Fevals:   Function Value    (median,worst) |Axis Ratio|idx:Min SD idx:Max SD
  710 ,   7101 : 3.0365599628073e+00 +(3e-03,2e-02) | 1.49e+02 |  2:1.3e-04  8:4.9e-03
  711 ,   7111 : 3.0368095321016e+00 +(9e-03,3e-02) | 1.48e+02 |  2:1.2e-04  8:4.3e-03
  712 ,   7121 : 3.0369729714296e+00 +(3e-03,6e-03) | 1.50e+02 |  2:1.1e-04  8:3.9e-03
  713 ,   7131 : 3.0379884104121e+00 +(3e-03,2e-02) | 1.47e+02 |  2:1.2e-04  8:4.2e-03
  714 ,   7141 : 3.0380344868409e+00 +(5e-03,1e-02) | 1.48e+02 |  2:1.2e-04  8:4.3e-03
  715 ,   7151 : 3.0362054270193e+00 +(6e-03,2e-02) | 1.49e+02 |  2:1.2e-04  8:4.1e-03
  716 ,   7161 : 3.0389780390837e+00 +(3e-03,1e-02) | 1.49e+02 |  2:1.3e-04  8:4.3e-03
  717 ,   7171 : 3.0391502857404e+00 +(4e-03,2e-02) | 1.58e+02 |  2:1.4e-04  8:4.7e-03
  718 ,   7181 : 3.0368429749550e+00 +(3e-03,1e-02) | 1.55e+02 |  2:1.4e-04  8:4.9e-03
  719 ,   7191 : 3.0366234326710e+00 +(2e-03,4e-03) | 1.49e+02 |  2:1.4e-04  8:4.7e-03
Iterat, #Fevals:   Function Value    (median,worst) |Axis Ratio|idx:Min SD idx:Max SD
  720 ,   7201 : 3.0373458167273e+00 +(3e-03,3e-02) | 1.48e+02 |  2:1.3e-04  8:4.6e-03
  721 ,   7211 : 3.0364596731786e+00 +(4e-03,1e-02) | 1.46e+02 |  2:1.3e-04  8:4.4e-03
  722 ,   7221 : 3.0367698498709e+00 +(6e-03,3e-02) | 1.46e+02 |  2:1.3e-04  8:4.7e-03
  723 ,   7231 : 3.0372816547140e+00 +(3e-03,2e-02) | 1.58e+02 |  2:1.5e-04  8:5.5e-03
  724 ,   7241 : 3.0368090984574e+00 +(5e-03,2e-02) | 1.64e+02 |  2:1.6e-04  8:6.0e-03
  725 ,   7251 : 3.0373810777596e+00 +(4e-03,1e-02) | 1.67e+02 |  2:1.6e-04  8:6.2e-03
  726 ,   7261 : 3.0381147971281e+00 +(2e-03,2e-02) | 1.69e+02 |  2:1.5e-04  8:5.8e-03
  727 ,   7271 : 3.0368627922169e+00 +(8e-03,3e-02) | 1.68e+02 |  2:1.4e-04  8:5.4e-03
  728 ,   7281 : 3.0382469103778e+00 +(5e-03,1e-02) | 1.75e+02 |  2:1.5e-04  8:5.9e-03
  729 ,   7291 : 3.0367836328979e+00 +(4e-03,2e-02) | 1.84e+02 |  2:1.7e-04  8:7.0e-03
Iterat, #Fevals:   Function Value    (median,worst) |Axis Ratio|idx:Min SD idx:Max SD
  730 ,   7301 : 3.0382219427550e+00 +(6e-03,1e-02) | 1.93e+02 |  2:1.8e-04  8:7.7e-03
  731 ,   7311 : 3.0369570161890e+00 +(4e-03,2e-02) | 1.95e+02 |  2:2.0e-04  8:8.5e-03
  732 ,   7321 : 3.0372673642729e+00 +(5e-03,1e-02) | 1.93e+02 |  2:1.9e-04  8:8.5e-03
  733 ,   7331 : 3.0372472694207e+00 +(4e-03,1e-02) | 1.91e+02 |  2:1.8e-04  8:8.1e-03
  734 ,   7341 : 3.0366752978294e+00 +(2e-03,1e-02) | 1.97e+02 |  2:1.8e-04  8:8.5e-03
  735 ,   7351 : 3.0358621469590e+00 +(3e-03,6e-03) | 1.99e+02 |  2:1.8e-04  8:8.3e-03
  736 ,   7361 : 3.0364467814291e+00 +(4e-03,2e-02) | 2.00e+02 |  2:1.7e-04  8:8.0e-03
  737 ,   7371 : 3.0366448239489e+00 +(4e-03,2e-02) | 2.06e+02 |  2:1.7e-04  8:8.1e-03
  738 ,   7381 : 3.0385334312355e+00 +(4e-03,2e-02) | 2.15e+02 |  2:1.6e-04  8:7.9e-03
  739 ,   7391 : 3.0371851434883e+00 +(4e-03,3e-02) | 2.25e+02 |  2:1.6e-04  8:8.2e-03
Iterat, #Fevals:   Function Value    (median,worst) |Axis Ratio|idx:Min SD idx:Max SD
  740 ,   7401 : 3.0368694215981e+00 +(3e-03,1e-02) | 2.14e+02 |  2:1.8e-04  8:8.7e-03
  741 ,   7411 : 3.0374028431117e+00 +(5e-03,2e-02) | 2.08e+02 |  2:1.7e-04  8:8.3e-03
  742 ,   7421 : 3.0377475312801e+00 +(3e-03,1e-02) | 2.06e+02 |  2:1.8e-04  8:8.3e-03
  743 ,   7431 : 3.0384827090406e+00 +(2e-03,1e-02) | 2.09e+02 |  2:1.9e-04  8:9.0e-03
  744 ,   7441 : 3.0361101777540e+00 +(4e-03,2e-02) | 2.10e+02 |  2:1.8e-04  8:8.7e-03
  745 ,   7451 : 3.0382127212106e+00 +(1e-02,2e-02) | 2.12e+02 |  2:1.7e-04  8:8.2e-03
  746 ,   7461 : 3.0368537393640e+00 +(4e-03,2e-02) | 2.10e+02 |  2:1.6e-04  8:8.0e-03
  747 ,   7471 : 3.0371337979073e+00 +(2e-03,2e-02) | 2.12e+02 |  2:1.5e-04  8:7.4e-03
  748 ,   7481 : 3.0361687609356e+00 +(8e-03,2e-02) | 2.16e+02 |  2:1.6e-04  8:7.9e-03
  749 ,   7491 : 3.0374539431460e+00 +(4e-03,1e-02) | 2.18e+02 |  2:1.6e-04  8:7.7e-03
Iterat, #Fevals:   Function Value    (median,worst) |Axis Ratio|idx:Min SD idx:Max SD
  750 ,   7501 : 3.0361058470301e+00 +(9e-03,1e-02) | 2.17e+02 |  2:1.6e-04  8:7.7e-03
  751 ,   7511 : 3.0366367223102e+00 +(3e-03,1e-02) | 2.19e+02 |  2:1.8e-04  8:8.3e-03
  752 ,   7521 : 3.0367036571735e+00 +(5e-03,2e-02) | 2.16e+02 |  2:1.9e-04  8:8.5e-03
  753 ,   7531 : 3.0359179848489e+00 +(4e-03,3e-02) | 2.12e+02 |  2:1.9e-04  8:8.7e-03
  754 ,   7541 : 3.0368650464910e+00 +(6e-03,3e-02) | 2.10e+02 |  2:2.0e-04  8:8.8e-03
  755 ,   7551 : 3.0366937221577e+00 +(3e-03,6e-03) | 2.06e+02 |  2:2.0e-04  8:8.9e-03
  756 ,   7561 : 3.0370146906575e+00 +(2e-03,5e-03) | 2.07e+02 |  2:2.1e-04  8:9.0e-03
  757 ,   7571 : 3.0384372312307e+00 +(3e-03,1e-02) | 2.07e+02 |  2:2.2e-04  8:9.0e-03
  758 ,   7581 : 3.0369142103665e+00 +(3e-03,7e-03) | 2.05e+02 |  2:2.3e-04  8:9.0e-03
  759 ,   7591 : 3.0382433394683e+00 +(4e-03,2e-02) | 2.01e+02 |  2:2.3e-04  8:8.7e-03
Iterat, #Fevals:   Function Value    (median,worst) |Axis Ratio|idx:Min SD idx:Max SD
  760 ,   7601 : 3.0380382728095e+00 +(6e-03,1e-02) | 1.98e+02 |  2:2.3e-04  8:8.5e-03
  761 ,   7611 : 3.0375972478894e+00 +(3e-03,1e-02) | 1.97e+02 |  2:2.2e-04  8:8.1e-03
  762 ,   7621 : 3.0362476287846e+00 +(4e-03,1e-02) | 1.97e+02 |  2:2.5e-04  8:8.6e-03
  763 ,   7631 : 3.0387429788792e+00 +(3e-03,3e-02) | 1.98e+02 |  2:2.6e-04  8:8.8e-03
  764 ,   7641 : 3.0362018312289e+00 +(4e-03,1e-02) | 1.97e+02 |  2:2.8e-04  8:9.4e-03
  765 ,   7651 : 3.0371416712428e+00 +(1e-02,3e-02) | 2.00e+02 |  2:2.8e-04  8:9.6e-03
  766 ,   7661 : 3.0368893933105e+00 +(3e-03,2e-02) | 1.98e+02 |  2:2.9e-04  8:9.9e-03
  767 ,   7671 : 3.0364065961907e+00 +(5e-03,2e-02) | 1.96e+02 |  2:2.9e-04  8:9.9e-03
  768 ,   7681 : 3.0368197560497e+00 +(5e-03,2e-02) | 1.96e+02 |  2:2.9e-04  8:1.0e-02
  769 ,   7691 : 3.0393969235483e+00 +(2e-03,1e-02) | 1.95e+02 |  2:2.8e-04  8:9.8e-03
Iterat, #Fevals:   Function Value    (median,worst) |Axis Ratio|idx:Min SD idx:Max SD
  770 ,   7701 : 3.0372534415870e+00 +(5e-03,2e-02) | 2.04e+02 |  2:2.6e-04  8:9.2e-03
  771 ,   7711 : 3.0374791214424e+00 +(4e-03,1e-02) | 2.05e+02 |  2:2.5e-04  8:9.0e-03
  772 ,   7721 : 3.0367562367854e+00 +(3e-03,9e-03) | 2.03e+02 |  2:2.5e-04  8:9.1e-03
  773 ,   7731 : 3.0386280714259e+00 +(6e-03,1e-02) | 2.03e+02 |  2:2.3e-04  8:8.4e-03
  774 ,   7741 : 3.0380338047747e+00 +(3e-03,1e-02) | 2.02e+02 |  2:2.3e-04  8:8.1e-03
  775 ,   7751 : 3.0380137210439e+00 +(5e-03,1e-02) | 1.99e+02 |  2:2.0e-04  8:7.4e-03
  776 ,   7761 : 3.0392315524373e+00 +(3e-03,1e-02) | 2.00e+02 |  2:1.9e-04  8:6.8e-03
  777 ,   7771 : 3.0386210525140e+00 +(4e-03,2e-02) | 2.01e+02 |  2:1.9e-04  8:6.4e-03
  778 ,   7781 : 3.0400544924163e+00 +(5e-03,1e-02) | 1.85e+02 |  2:2.0e-04  8:6.7e-03
  779 ,   7791 : 3.0377871679994e+00 +(4e-03,2e-02) | 1.76e+02 |  2:2.1e-04  8:7.0e-03
Iterat, #Fevals:   Function Value    (median,worst) |Axis Ratio|idx:Min SD idx:Max SD
  780 ,   7801 : 3.0375630138795e+00 +(2e-03,1e-02) | 1.73e+02 |  2:2.1e-04  8:6.8e-03
  781 ,   7811 : 3.0376672866097e+00 +(4e-03,3e-02) | 1.75e+02 |  2:1.9e-04  8:6.4e-03
  782 ,   7821 : 3.0379065781378e+00 +(3e-03,1e-02) | 1.73e+02 |  2:1.8e-04  8:5.7e-03
  783 ,   7831 : 3.0376880258079e+00 +(3e-03,1e-02) | 1.70e+02 |  2:1.7e-04  8:5.4e-03
  784 ,   7841 : 3.0380485130481e+00 +(2e-03,1e-02) | 1.63e+02 |  2:1.9e-04  8:5.7e-03
  785 ,   7851 : 3.0379475949578e+00 +(6e-03,3e-02) | 1.62e+02 |  2:2.1e-04  8:6.2e-03
  786 ,   7861 : 3.0373646055084e+00 +(3e-03,2e-02) | 1.61e+02 |  2:2.4e-04  8:6.6e-03
  787 ,   7871 : 3.0393262131808e+00 +(2e-03,1e-02) | 1.56e+02 |  3:2.5e-04  8:6.7e-03
  788 ,   7881 : 3.0383285805287e+00 +(4e-03,7e-03) | 1.57e+02 |  3:2.6e-04  8:6.9e-03
  789 ,   7891 : 3.0395348670519e+00 +(5e-03,1e-02) | 1.53e+02 |  2:2.7e-04  8:7.0e-03
Iterat, #Fevals:   Function Value    (median,worst) |Axis Ratio|idx:Min SD idx:Max SD
  790 ,   7901 : 3.0368129892322e+00 +(4e-03,2e-02) | 1.51e+02 |  3:2.4e-04  8:6.4e-03
  791 ,   7911 : 3.0364144332492e+00 +(6e-03,3e-02) | 1.50e+02 |  3:2.3e-04  8:6.0e-03
  792 ,   7921 : 3.0364110640637e+00 +(6e-03,1e-02) | 1.52e+02 |  3:2.1e-04  8:5.7e-03
  793 ,   7931 : 3.0394292812228e+00 +(4e-03,1e-02) | 1.51e+02 |  2:1.9e-04  8:5.0e-03
  794 ,   7941 : 3.0390225142530e+00 +(3e-03,2e-02) | 1.51e+02 |  2:1.8e-04  8:4.7e-03
  795 ,   7951 : 3.0391068077420e+00 +(3e-03,3e-02) | 1.50e+02 |  2:1.8e-04  8:4.8e-03
  796 ,   7961 : 3.0386583719179e+00 +(5e-03,1e-02) | 1.50e+02 |  2:1.8e-04  8:4.8e-03
  797 ,   7971 : 3.0379582485545e+00 +(4e-03,1e-02) | 1.54e+02 |  2:1.8e-04  8:5.0e-03
  798 ,   7981 : 3.0390339267745e+00 +(5e-03,1e-02) | 1.53e+02 |  2:1.9e-04  8:5.2e-03
  799 ,   7991 : 3.0371138987715e+00 +(6e-03,2e-02) | 1.51e+02 |  2:1.9e-04  8:5.1e-03
Iterat, #Fevals:   Function Value    (median,worst) |Axis Ratio|idx:Min SD idx:Max SD
  800 ,   8001 : 3.0390562327963e+00 +(3e-03,2e-02) | 1.53e+02 |  2:1.8e-04  8:4.8e-03
  801 ,   8011 : 3.0396875680934e+00 +(3e-03,2e-02) | 1.53e+02 |  2:1.8e-04  8:4.9e-03
  802 ,   8021 : 3.0396188576317e+00 +(2e-03,4e-03) | 1.56e+02 |  2:1.7e-04  8:4.7e-03
  803 ,   8031 : 3.0380166643235e+00 +(1e-02,3e-02) | 1.50e+02 |  2:1.8e-04  8:4.9e-03
  804 ,   8041 : 3.0373825225220e+00 +(9e-03,3e-02) | 1.53e+02 |  2:2.0e-04  8:5.3e-03
  805 ,   8051 : 3.0396070454048e+00 +(8e-03,2e-02) | 1.47e+02 |  2:2.0e-04  8:5.2e-03
  806 ,   8061 : 3.0373092714042e+00 +(5e-03,8e-03) | 1.47e+02 |  2:1.8e-04  8:4.6e-03
  807 ,   8071 : 3.0376071311183e+00 +(4e-03,9e-03) | 1.49e+02 |  2:1.6e-04  8:4.3e-03
  808 ,   8081 : 3.0386384740726e+00 +(5e-03,2e-02) | 1.52e+02 |  2:1.6e-04  8:4.3e-03
  809 ,   8091 : 3.0382200481758e+00 +(4e-03,2e-02) | 1.60e+02 |  2:1.6e-04  8:4.5e-03
Iterat, #Fevals:   Function Value    (median,worst) |Axis Ratio|idx:Min SD idx:Max SD
  810 ,   8101 : 3.0387615083154e+00 +(1e-03,5e-03) | 1.68e+02 |  2:1.6e-04  8:4.7e-03
  811 ,   8111 : 3.0388617117388e+00 +(8e-03,3e-02) | 1.63e+02 |  2:1.6e-04  8:4.8e-03
  812 ,   8121 : 3.0389583521915e+00 +(3e-03,9e-03) | 1.61e+02 |  2:1.7e-04  8:4.9e-03
  813 ,   8131 : 3.0388969955073e+00 +(1e-02,2e-02) | 1.57e+02 |  2:1.9e-04  8:5.4e-03
  814 ,   8141 : 3.0381999709075e+00 +(3e-03,1e-02) | 1.59e+02 |  2:2.1e-04  8:6.0e-03
  815 ,   8151 : 3.0408385077023e+00 +(9e-03,1e-02) | 1.60e+02 |  2:2.3e-04  8:6.9e-03
  816 ,   8161 : 3.0378019264481e+00 +(4e-03,3e-02) | 1.60e+02 |  2:2.5e-04  8:7.6e-03
  817 ,   8171 : 3.0387194501522e+00 +(5e-03,2e-02) | 1.61e+02 |  2:2.5e-04  8:7.9e-03
  818 ,   8181 : 3.0392021540087e+00 +(4e-03,1e-02) | 1.63e+02 |  2:2.6e-04  8:8.4e-03
#Fevals:   f(returned x)   |    bestever.f     | stopflag (saved to variablescmaes132.mat)
   8182: 3.03920215401e+00 | 3.03527999885e+00 | stagnation
mean solution: +4.2e+00 +1.1e+00 +1.3e+00 +4.7e+00 +1.5e+01 +1.1e+01 +9.3e-01 +2.4e+01 +9.1e-01
std deviation:  1.9e-03  2.6e-04  3.5e-04  1.5e-03  3.3e-03  3.7e-03  2.5e-03  8.4e-03  1.6e-03
use plotcmaesdat.m for plotting the output at any time (option LogModulo must not be zero)
