
                            < M A T L A B (R) >
                  Copyright 1984-2015 The MathWorks, Inc.
                   R2015a (8.5.0.197613) 64-bit (glnxa64)
                             February 12, 2015

 
For online documentation, see http://www.mathworks.com/support
For product information, visit www.mathworks.com.
 

	Academic License

  n=9: (5,10)-CMA-ES(w=[46 27 16 9 3]%, mu_eff=3.2) on function Error
Iterat, #Fevals:   Function Value    (median,worst) |Axis Ratio|idx:Min SD idx:Max SD
    1 ,     11 : 5.1549322850811e+01 +(2e-03,5e+15) | 1.99e+01 |  3:7.5e-01  7:1.5e+01
    2 ,     21 : 5.1509218864214e+01 +(4e-02,3e+11) | 2.05e+01 |  3:6.9e-01  7:1.4e+01
    3 ,     31 : 4.9906965619868e+01 +(8e+00,1e+07) | 2.10e+01 |  3:6.4e-01  7:1.3e+01
    4 ,     41 : 2.9179407986442e+01 +(2e+01,1e+04) | 2.39e+01 |  3:6.7e-01  7:1.5e+01
    5 ,     51 : 5.1512004499502e+01 +(8e+02,1e+08) | 2.42e+01 |  3:6.3e-01  7:1.4e+01
    6 ,     61 : 3.4228933484453e+01 +(2e+01,5e+01) | 2.55e+01 |  3:6.5e-01  7:1.5e+01
    7 ,     71 : 1.9098422375424e+01 +(3e+01,2e+15) | 2.49e+01 |  3:7.0e-01  7:1.6e+01
    8 ,     81 : 3.4064873845649e+01 +(2e+01,2e+14) | 2.54e+01 |  3:6.9e-01  7:1.6e+01
    9 ,     91 : 2.6746300642518e+01 +(2e+01,2e+01) | 2.51e+01 |  3:6.9e-01  7:1.6e+01
Iterat, #Fevals:   Function Value    (median,worst) |Axis Ratio|idx:Min SD idx:Max SD
   10 ,    101 : 4.8617794964586e+01 +(3e+00,3e+00) | 2.47e+01 |  3:6.7e-01  7:1.5e+01
   11 ,    111 : 3.9164375990268e+01 +(1e+01,1e+01) | 2.47e+01 |  2:6.6e-01  7:1.4e+01
   12 ,    121 : 4.6020930946759e+01 +(5e+00,6e+00) | 2.47e+01 |  2:5.8e-01  7:1.3e+01
   13 ,    131 : 1.2434413752187e+01 +(4e+01,4e+01) | 2.47e+01 |  2:5.5e-01  7:1.2e+01
   14 ,    141 : 1.3018515566898e+01 +(4e+01,2e+07) | 2.49e+01 |  2:5.4e-01  7:1.2e+01
   15 ,    151 : 1.6958800189934e+01 +(3e+01,1e+03) | 2.50e+01 |  2:5.3e-01  7:1.2e+01
   16 ,    161 : 1.4164266903550e+01 +(3e+01,6e+05) | 2.46e+01 |  2:5.2e-01  7:1.2e+01
   17 ,    171 : 1.0616680203397e+01 +(2e+01,5e+05) | 2.46e+01 |  2:4.8e-01  7:1.1e+01
   18 ,    181 : 8.7722150975804e+00 +(1e+01,2e+02) | 2.50e+01 |  2:4.6e-01  7:1.0e+01
   19 ,    191 : 1.4772204781458e+01 +(1e+02,4e+06) | 2.54e+01 |  2:4.5e-01  7:1.1e+01
Iterat, #Fevals:   Function Value    (median,worst) |Axis Ratio|idx:Min SD idx:Max SD
   20 ,    201 : 1.0559821996394e+01 +(3e+01,1e+05) | 2.54e+01 |  2:4.7e-01  7:1.1e+01
   21 ,    211 : 5.2539623403314e+00 +(4e+01,6e+07) | 2.57e+01 |  2:4.7e-01  7:1.1e+01
   22 ,    221 : 1.2072949319217e+01 +(2e+01,6e+04) | 2.60e+01 |  2:4.2e-01  7:1.0e+01
   23 ,    231 : 1.6215427715978e+01 +(3e+01,1e+04) | 2.58e+01 |  2:4.1e-01  7:9.7e+00
   24 ,    241 : 8.7272009161983e+00 +(2e+01,8e+02) | 2.57e+01 |  2:4.0e-01  7:9.6e+00
   25 ,    251 : 1.0789448438178e+01 +(3e+01,3e+03) | 2.57e+01 |  2:4.1e-01  7:9.7e+00
   26 ,    261 : 1.1103884482014e+01 +(2e+01,3e+02) | 2.56e+01 |  2:4.0e-01  7:9.3e+00
   27 ,    271 : 1.4111994766907e+01 +(2e+01,2e+02) | 2.54e+01 |  2:4.0e-01  7:9.0e+00
   28 ,    281 : 1.1963393927054e+01 +(3e+01,3e+02) | 2.54e+01 |  2:4.0e-01  7:9.1e+00
   29 ,    291 : 1.0844619650793e+01 +(2e+01,1e+02) | 2.57e+01 |  2:4.0e-01  7:9.0e+00
Iterat, #Fevals:   Function Value    (median,worst) |Axis Ratio|idx:Min SD idx:Max SD
   30 ,    301 : 1.0532375177822e+01 +(3e+01,2e+02) | 2.59e+01 |  2:3.7e-01  7:8.4e+00
   31 ,    311 : 1.0326892580827e+01 +(2e+01,2e+04) | 2.61e+01 |  2:3.5e-01  7:7.8e+00
   32 ,    321 : 1.0959811214845e+01 +(1e+01,3e+08) | 2.49e+01 |  3:3.2e-01  7:7.0e+00
   33 ,    331 : 1.0960541449894e+01 +(4e+00,3e+02) | 2.44e+01 |  3:3.1e-01  7:6.5e+00
   34 ,    341 : 1.0162558354796e+01 +(6e+00,8e+06) | 2.41e+01 |  3:2.9e-01  7:6.1e+00
   35 ,    351 : 9.8541811210412e+00 +(1e+01,7e+08) | 2.39e+01 |  3:2.5e-01  7:5.2e+00
   36 ,    361 : 1.0701173858639e+01 +(1e+01,1e+07) | 2.41e+01 |  3:2.1e-01  7:4.6e+00
   37 ,    371 : 9.8344201420114e+00 +(2e+01,8e+01) | 2.35e+01 |  3:2.0e-01  7:4.2e+00
   38 ,    381 : 1.0240377502175e+01 +(1e+01,1e+02) | 2.32e+01 |  3:1.8e-01  7:3.8e+00
   39 ,    391 : 9.7668767454209e+00 +(1e+01,3e+02) | 2.33e+01 |  3:1.6e-01  7:3.3e+00
Iterat, #Fevals:   Function Value    (median,worst) |Axis Ratio|idx:Min SD idx:Max SD
   40 ,    401 : 1.0081101985296e+01 +(9e+00,6e+01) | 2.33e+01 |  3:1.4e-01  7:2.8e+00
   41 ,    411 : 1.0298348935969e+01 +(5e+00,3e+01) | 2.32e+01 |  3:1.2e-01  7:2.4e+00
   42 ,    421 : 1.0026803477546e+01 +(1e+00,8e+00) | 2.30e+01 |  2:1.0e-01  7:2.1e+00
   43 ,    431 : 1.0932112329202e+01 +(1e+00,5e+00) | 2.29e+01 |  3:9.4e-02  7:1.9e+00
   44 ,    441 : 1.0164472061134e+01 +(5e-01,4e+00) | 2.29e+01 |  2:8.4e-02  7:1.7e+00
   45 ,    451 : 1.0305998789123e+01 +(1e+00,1e+01) | 2.33e+01 |  3:7.8e-02  7:1.6e+00
   46 ,    461 : 9.9904903514682e+00 +(6e-01,1e+01) | 2.34e+01 |  3:7.6e-02  7:1.5e+00
   47 ,    471 : 1.0129354881134e+01 +(1e+00,3e+00) | 2.38e+01 |  3:6.5e-02  7:1.3e+00
   48 ,    481 : 9.9267229245645e+00 +(8e-01,2e+00) | 2.41e+01 |  3:6.4e-02  7:1.3e+00
   49 ,    491 : 1.0007857921016e+01 +(4e-01,4e+00) | 2.41e+01 |  3:6.2e-02  7:1.3e+00
Iterat, #Fevals:   Function Value    (median,worst) |Axis Ratio|idx:Min SD idx:Max SD
   50 ,    501 : 9.8766286324627e+00 +(4e-01,3e+00) | 2.36e+01 |  3:6.2e-02  7:1.3e+00
   51 ,    511 : 1.0255109377011e+01 +(6e-01,5e+00) | 2.39e+01 |  3:6.3e-02  7:1.3e+00
   52 ,    521 : 1.0027304940555e+01 +(9e-01,4e+00) | 2.32e+01 |  3:6.5e-02  7:1.3e+00
   53 ,    531 : 9.9407168143517e+00 +(3e-01,3e+00) | 2.34e+01 |  3:6.6e-02  7:1.3e+00
   54 ,    541 : 9.7637833144582e+00 +(4e-01,4e+00) | 2.36e+01 |  3:7.1e-02  7:1.5e+00
   55 ,    551 : 1.0057755456390e+01 +(1e+00,8e+00) | 2.38e+01 |  3:6.8e-02  7:1.5e+00
   56 ,    561 : 9.7974354791997e+00 +(5e-01,5e+00) | 2.35e+01 |  3:6.9e-02  7:1.5e+00
   57 ,    571 : 9.7621731761826e+00 +(1e+00,1e+01) | 2.36e+01 |  3:7.2e-02  7:1.5e+00
   58 ,    581 : 9.5729016282626e+00 +(1e+00,3e+00) | 2.40e+01 |  3:8.0e-02  7:1.7e+00
   59 ,    591 : 9.2692002507283e+00 +(9e-01,7e+00) | 2.46e+01 |  3:8.7e-02  7:1.9e+00
Iterat, #Fevals:   Function Value    (median,worst) |Axis Ratio|idx:Min SD idx:Max SD
   60 ,    601 : 9.2739675878366e+00 +(1e+00,8e+00) | 2.53e+01 |  3:8.6e-02  7:1.9e+00
   61 ,    611 : 9.0091591926757e+00 +(1e+00,2e+01) | 2.64e+01 |  3:8.2e-02  7:1.9e+00
   62 ,    621 : 8.7776265645754e+00 +(2e+00,5e+00) | 2.85e+01 |  3:8.5e-02  7:2.1e+00
   63 ,    631 : 8.6367201202343e+00 +(7e-01,4e+00) | 3.05e+01 |  3:8.6e-02  7:2.2e+00
   64 ,    641 : 8.6326112913152e+00 +(3e+00,9e+00) | 3.19e+01 |  3:8.7e-02  7:2.3e+00
   65 ,    651 : 8.3114017196846e+00 +(9e-01,1e+01) | 3.23e+01 |  3:8.1e-02  7:2.2e+00
   66 ,    661 : 7.9551977517556e+00 +(4e-01,9e+00) | 3.22e+01 |  3:9.1e-02  7:2.4e+00
   67 ,    671 : 7.3799211297763e+00 +(3e+00,1e+01) | 3.27e+01 |  3:8.5e-02  7:2.3e+00
   68 ,    681 : 7.6014700923218e+00 +(3e+00,3e+01) | 3.26e+01 |  3:8.1e-02  7:2.1e+00
   69 ,    691 : 7.2236234032809e+00 +(1e+00,4e+00) | 3.37e+01 |  3:7.6e-02  7:2.1e+00
Iterat, #Fevals:   Function Value    (median,worst) |Axis Ratio|idx:Min SD idx:Max SD
   70 ,    701 : 7.0456086994116e+00 +(4e+00,1e+02) | 3.38e+01 |  3:7.7e-02  7:2.1e+00
   71 ,    711 : 6.7253255555776e+00 +(3e+00,2e+01) | 3.38e+01 |  3:7.6e-02  7:2.1e+00
   72 ,    721 : 7.0346732919158e+00 +(2e+00,4e+01) | 3.39e+01 |  3:7.6e-02  7:2.1e+00
   73 ,    731 : 5.8622656351160e+00 +(3e+00,6e+01) | 3.38e+01 |  3:7.2e-02  7:1.9e+00
   74 ,    741 : 6.1657802686228e+00 +(6e+00,5e+01) | 3.45e+01 |  3:6.9e-02  7:1.9e+00
   75 ,    751 : 7.6230764344290e+00 +(8e+00,4e+01) | 3.55e+01 |  3:7.0e-02  7:1.9e+00
   76 ,    761 : 5.9919646896847e+00 +(1e+01,1e+02) | 3.59e+01 |  3:6.6e-02  7:1.8e+00
   77 ,    771 : 6.6419781820294e+00 +(6e+00,4e+01) | 3.56e+01 |  3:6.1e-02  7:1.6e+00
   78 ,    781 : 5.8966506738527e+00 +(1e+00,3e+01) | 3.59e+01 |  3:7.1e-02  7:1.8e+00
   79 ,    791 : 5.4308919962657e+00 +(2e+00,2e+02) | 3.72e+01 |  3:7.4e-02  7:1.8e+00
Iterat, #Fevals:   Function Value    (median,worst) |Axis Ratio|idx:Min SD idx:Max SD
   80 ,    801 : 5.9188598624546e+00 +(7e+00,5e+01) | 3.92e+01 |  3:7.4e-02  8:1.9e+00
   81 ,    811 : 5.9222172824938e+00 +(7e+00,4e+01) | 3.93e+01 |  3:7.2e-02  8:1.9e+00
   82 ,    821 : 5.7472590359161e+00 +(6e+00,2e+04) | 3.99e+01 |  3:7.5e-02  8:2.0e+00
   83 ,    831 : 5.1345515783638e+00 +(6e+00,1e+02) | 4.03e+01 |  3:7.4e-02  8:1.9e+00
   84 ,    841 : 5.7177075111226e+00 +(1e+00,1e+03) | 4.01e+01 |  3:7.1e-02  8:1.8e+00
   85 ,    851 : 5.4505299137829e+00 +(4e+00,2e+01) | 4.01e+01 |  3:7.3e-02  8:1.9e+00
   86 ,    861 : 5.3765575912960e+00 +(2e+00,2e+04) | 3.98e+01 |  3:6.6e-02  8:1.7e+00
   87 ,    871 : 6.1583712017227e+00 +(2e+00,1e+02) | 3.99e+01 |  3:6.5e-02  8:1.6e+00
   88 ,    881 : 5.9849089084101e+00 +(3e+00,1e+01) | 3.99e+01 |  3:6.2e-02  8:1.6e+00
   89 ,    891 : 5.2833499372831e+00 +(2e+00,3e+01) | 4.05e+01 |  3:6.0e-02  8:1.5e+00
Iterat, #Fevals:   Function Value    (median,worst) |Axis Ratio|idx:Min SD idx:Max SD
   90 ,    901 : 5.3770671957618e+00 +(3e+00,3e+01) | 4.02e+01 |  3:5.7e-02  8:1.4e+00
   91 ,    911 : 6.7539470637502e+00 +(1e+00,8e+01) | 4.00e+01 |  3:5.8e-02  8:1.4e+00
   92 ,    921 : 5.9899873580701e+00 +(3e+00,8e+00) | 3.96e+01 |  3:6.3e-02  8:1.4e+00
   93 ,    931 : 5.4611815500115e+00 +(1e+00,4e+01) | 3.96e+01 |  3:5.9e-02  8:1.3e+00
   94 ,    941 : 5.4884178127766e+00 +(5e-01,6e+00) | 3.97e+01 |  3:5.5e-02  8:1.1e+00
   95 ,    951 : 5.0827146809273e+00 +(2e+00,2e+01) | 3.96e+01 |  3:5.3e-02  8:1.1e+00
   96 ,    961 : 5.7286451169723e+00 +(1e+00,4e+01) | 4.17e+01 |  2:5.5e-02  8:1.2e+00
   97 ,    971 : 5.3460328097390e+00 +(2e+00,3e+01) | 4.18e+01 |  2:5.2e-02  8:1.1e+00
   98 ,    981 : 5.1250922176507e+00 +(8e-01,3e+00) | 4.38e+01 |  2:4.7e-02  8:1.1e+00
   99 ,    991 : 5.2746393922774e+00 +(7e-01,6e+00) | 4.48e+01 |  2:4.1e-02  8:9.6e-01
Iterat, #Fevals:   Function Value    (median,worst) |Axis Ratio|idx:Min SD idx:Max SD
  100 ,   1001 : 5.2745365844531e+00 +(5e-01,2e+00) | 4.49e+01 |  2:3.6e-02  8:8.6e-01
  101 ,   1011 : 5.2492940939179e+00 +(6e-01,5e+00) | 4.45e+01 |  2:3.3e-02  8:7.8e-01
  102 ,   1021 : 5.2375603669456e+00 +(1e+00,3e+00) | 4.47e+01 |  2:3.0e-02  8:7.2e-01
  103 ,   1031 : 5.1694214848885e+00 +(6e-01,2e+00) | 4.47e+01 |  2:2.8e-02  8:6.7e-01
  104 ,   1041 : 5.1495814599748e+00 +(4e-01,9e-01) | 4.54e+01 |  2:2.6e-02  8:6.3e-01
  105 ,   1051 : 5.0765869506046e+00 +(2e-01,4e+00) | 4.62e+01 |  2:2.5e-02  8:6.3e-01
  106 ,   1061 : 5.0710705061652e+00 +(4e-01,2e+00) | 5.08e+01 |  2:2.7e-02  8:7.5e-01
  107 ,   1071 : 5.1109798243819e+00 +(2e-01,2e+00) | 5.62e+01 |  2:3.0e-02  8:9.2e-01
  108 ,   1081 : 5.1371935150511e+00 +(1e+00,1e+01) | 5.83e+01 |  2:3.3e-02  8:1.0e+00
  109 ,   1091 : 5.1657002088257e+00 +(1e+00,4e+00) | 5.76e+01 |  2:4.0e-02  8:1.2e+00
Iterat, #Fevals:   Function Value    (median,worst) |Axis Ratio|idx:Min SD idx:Max SD
  110 ,   1101 : 5.0727882048456e+00 +(5e-01,2e+00) | 5.87e+01 |  2:4.8e-02  8:1.4e+00
  111 ,   1111 : 5.0579084062987e+00 +(7e-01,3e+01) | 5.86e+01 |  2:4.5e-02  8:1.3e+00
  112 ,   1121 : 5.0144254280329e+00 +(1e+00,2e+01) | 5.92e+01 |  2:4.3e-02  8:1.3e+00
  113 ,   1131 : 5.0429895064100e+00 +(3e-01,1e+00) | 5.92e+01 |  2:4.2e-02  8:1.2e+00
  114 ,   1141 : 5.0175965411804e+00 +(9e-01,2e+01) | 6.08e+01 |  2:4.3e-02  8:1.3e+00
  115 ,   1151 : 5.0966490993898e+00 +(4e-01,1e+01) | 6.09e+01 |  2:4.4e-02  8:1.4e+00
  116 ,   1161 : 5.1103675210407e+00 +(7e-01,2e+00) | 6.12e+01 |  2:4.7e-02  8:1.5e+00
  117 ,   1171 : 5.1059023311615e+00 +(1e+00,6e+00) | 6.10e+01 |  2:4.4e-02  8:1.4e+00
  118 ,   1181 : 5.0988244112545e+00 +(1e+00,6e+00) | 6.12e+01 |  2:3.9e-02  8:1.2e+00
  119 ,   1191 : 5.1381784940009e+00 +(6e-01,3e+00) | 6.07e+01 |  2:3.6e-02  8:1.1e+00
Iterat, #Fevals:   Function Value    (median,worst) |Axis Ratio|idx:Min SD idx:Max SD
  120 ,   1201 : 5.2846488352017e+00 +(5e-01,3e+00) | 6.12e+01 |  2:3.1e-02  8:9.8e-01
  121 ,   1211 : 5.1013544324573e+00 +(5e-01,1e+01) | 6.11e+01 |  2:2.7e-02  8:8.5e-01
  122 ,   1221 : 5.0277185098659e+00 +(3e-01,1e+00) | 6.18e+01 |  2:2.5e-02  8:8.0e-01
  123 ,   1231 : 5.0535886262617e+00 +(2e-01,2e+00) | 6.20e+01 |  2:2.6e-02  8:8.1e-01
  124 ,   1241 : 5.0217338610402e+00 +(5e-01,2e+00) | 6.39e+01 |  2:2.7e-02  8:8.5e-01
  125 ,   1251 : 5.0269920492708e+00 +(3e-01,2e+00) | 6.62e+01 |  2:2.8e-02  8:9.1e-01
  126 ,   1261 : 5.0433076668189e+00 +(1e-01,2e+00) | 6.74e+01 |  2:2.7e-02  8:8.8e-01
  127 ,   1271 : 5.0571200889948e+00 +(1e-01,1e+00) | 6.70e+01 |  2:2.7e-02  8:8.8e-01
  128 ,   1281 : 5.0159216931344e+00 +(3e-01,2e+00) | 6.71e+01 |  2:2.3e-02  8:7.6e-01
  129 ,   1291 : 4.9794404949621e+00 +(3e-01,1e+00) | 6.74e+01 |  2:2.1e-02  8:7.0e-01
Iterat, #Fevals:   Function Value    (median,worst) |Axis Ratio|idx:Min SD idx:Max SD
  130 ,   1301 : 4.9761966449956e+00 +(2e-01,5e-01) | 6.63e+01 |  2:2.1e-02  8:6.9e-01
  131 ,   1311 : 5.0446392846335e+00 +(7e-01,4e+00) | 6.61e+01 |  2:2.1e-02  8:6.7e-01
  132 ,   1321 : 4.9462986675979e+00 +(2e-01,6e-01) | 6.52e+01 |  2:2.2e-02  8:6.6e-01
  133 ,   1331 : 5.0260571690238e+00 +(2e-01,3e-01) | 6.50e+01 |  2:2.1e-02  8:6.3e-01
  134 ,   1341 : 5.0215198939920e+00 +(2e-01,8e-01) | 6.55e+01 |  2:1.8e-02  8:5.5e-01
  135 ,   1351 : 4.9858155276223e+00 +(2e-01,3e-01) | 6.51e+01 |  2:1.6e-02  8:4.8e-01
  136 ,   1361 : 4.9988485936383e+00 +(1e-01,1e+00) | 6.53e+01 |  2:1.5e-02  8:4.5e-01
  137 ,   1371 : 4.9400705212575e+00 +(2e-01,3e-01) | 6.47e+01 |  2:1.5e-02  8:4.4e-01
  138 ,   1381 : 4.9612863933297e+00 +(6e-02,6e-01) | 6.47e+01 |  2:1.5e-02  8:4.4e-01
  139 ,   1391 : 4.9173308329252e+00 +(1e-01,2e-01) | 6.61e+01 |  2:1.4e-02  8:4.3e-01
Iterat, #Fevals:   Function Value    (median,worst) |Axis Ratio|idx:Min SD idx:Max SD
  140 ,   1401 : 4.9473248315959e+00 +(1e-01,5e-01) | 6.67e+01 |  2:1.3e-02  8:3.9e-01
  141 ,   1411 : 4.9429840547144e+00 +(1e-01,2e-01) | 6.67e+01 |  2:1.4e-02  8:4.1e-01
  142 ,   1421 : 4.9369785303074e+00 +(4e-02,2e-01) | 6.63e+01 |  2:1.4e-02  8:4.0e-01
  143 ,   1431 : 4.9504249799562e+00 +(8e-02,4e-01) | 6.60e+01 |  2:1.3e-02  8:3.7e-01
  144 ,   1441 : 4.9464238964667e+00 +(1e-01,2e-01) | 6.58e+01 |  2:1.1e-02  8:3.2e-01
  145 ,   1451 : 4.9669247538353e+00 +(1e-01,4e-01) | 6.55e+01 |  2:9.6e-03  8:2.8e-01
  146 ,   1461 : 4.9365226779818e+00 +(8e-02,4e-01) | 6.51e+01 |  2:9.0e-03  8:2.6e-01
  147 ,   1471 : 4.9383832334213e+00 +(6e-02,3e-01) | 6.42e+01 |  2:8.6e-03  8:2.4e-01
  148 ,   1481 : 4.9353835407154e+00 +(4e-02,2e-01) | 6.54e+01 |  2:8.0e-03  8:2.3e-01
  149 ,   1491 : 4.9282000922596e+00 +(5e-02,2e-01) | 6.50e+01 |  2:7.2e-03  8:2.0e-01
Iterat, #Fevals:   Function Value    (median,worst) |Axis Ratio|idx:Min SD idx:Max SD
  150 ,   1501 : 4.9122651056985e+00 +(6e-02,1e-01) | 6.46e+01 |  2:7.1e-03  8:2.0e-01
  151 ,   1511 : 4.9104542287889e+00 +(5e-02,8e-02) | 6.45e+01 |  2:6.9e-03  8:1.9e-01
  152 ,   1521 : 4.9205251085706e+00 +(3e-02,7e-02) | 6.26e+01 |  2:7.4e-03  8:2.0e-01
  153 ,   1531 : 4.9082449247942e+00 +(5e-02,1e-01) | 6.22e+01 |  2:7.3e-03  8:2.0e-01
  154 ,   1541 : 4.9077475041394e+00 +(3e-02,1e-01) | 6.32e+01 |  2:8.0e-03  8:2.2e-01
  155 ,   1551 : 4.9110320333043e+00 +(5e-02,8e-02) | 6.15e+01 |  2:8.5e-03  8:2.4e-01
  156 ,   1561 : 4.8826930210407e+00 +(7e-02,2e-01) | 6.18e+01 |  2:9.2e-03  8:2.6e-01
  157 ,   1571 : 4.8874958620576e+00 +(4e-02,1e-01) | 6.22e+01 |  2:8.9e-03  8:2.4e-01
  158 ,   1581 : 4.8902079214622e+00 +(6e-02,1e-01) | 6.23e+01 |  2:8.2e-03  8:2.3e-01
  159 ,   1591 : 4.8924325101860e+00 +(2e-02,1e-01) | 6.24e+01 |  2:7.9e-03  8:2.1e-01
Iterat, #Fevals:   Function Value    (median,worst) |Axis Ratio|idx:Min SD idx:Max SD
  160 ,   1601 : 4.8763934069117e+00 +(5e-02,1e-01) | 6.35e+01 |  2:8.4e-03  8:2.3e-01
  161 ,   1611 : 4.8654559813119e+00 +(5e-02,2e-01) | 6.33e+01 |  2:9.6e-03  8:2.6e-01
  162 ,   1621 : 4.8494414204349e+00 +(5e-02,1e-01) | 6.33e+01 |  2:1.0e-02  8:2.8e-01
  163 ,   1631 : 4.8514380632524e+00 +(5e-02,1e-01) | 6.29e+01 |  2:1.1e-02  8:3.0e-01
  164 ,   1641 : 4.8275134681893e+00 +(4e-02,2e-01) | 6.23e+01 |  2:1.2e-02  8:3.1e-01
  165 ,   1651 : 4.8684485745868e+00 +(6e-02,2e-01) | 6.19e+01 |  2:1.3e-02  8:3.3e-01
  166 ,   1661 : 4.8296009154137e+00 +(6e-02,2e-01) | 6.28e+01 |  2:1.3e-02  8:3.5e-01
  167 ,   1671 : 4.8772127458339e+00 +(5e-02,1e-01) | 6.27e+01 |  2:1.5e-02  8:4.0e-01
  168 ,   1681 : 4.8716222871848e+00 +(6e-02,2e-01) | 6.33e+01 |  2:1.4e-02  8:3.7e-01
  169 ,   1691 : 4.8355602796317e+00 +(2e-01,2e-01) | 6.34e+01 |  2:1.4e-02  8:3.8e-01
Iterat, #Fevals:   Function Value    (median,worst) |Axis Ratio|idx:Min SD idx:Max SD
  170 ,   1701 : 4.8704852603874e+00 +(4e-02,1e-01) | 6.34e+01 |  2:1.5e-02  8:4.0e-01
  171 ,   1711 : 4.7839401010654e+00 +(1e-01,2e-01) | 6.38e+01 |  2:1.6e-02  8:4.1e-01
  172 ,   1721 : 4.8147418030216e+00 +(6e-02,4e-01) | 6.34e+01 |  2:1.4e-02  8:3.8e-01
  173 ,   1731 : 4.8101237993026e+00 +(4e-02,2e-01) | 6.42e+01 |  2:1.4e-02  8:3.6e-01
  174 ,   1741 : 4.7790079034724e+00 +(5e-02,3e-01) | 6.59e+01 |  2:1.3e-02  8:3.6e-01
  175 ,   1751 : 4.8083638730522e+00 +(3e-02,1e-01) | 6.63e+01 |  2:1.2e-02  8:3.4e-01
  176 ,   1761 : 4.7935417138360e+00 +(8e-02,2e-01) | 6.71e+01 |  2:1.2e-02  8:3.4e-01
  177 ,   1771 : 4.8198875856630e+00 +(6e-02,2e-01) | 6.78e+01 |  2:1.2e-02  8:3.5e-01
  178 ,   1781 : 4.7893307555726e+00 +(7e-02,2e-01) | 7.00e+01 |  2:1.2e-02  8:3.6e-01
  179 ,   1791 : 4.8014446119906e+00 +(4e-02,7e-02) | 7.08e+01 |  2:1.2e-02  8:3.6e-01
Iterat, #Fevals:   Function Value    (median,worst) |Axis Ratio|idx:Min SD idx:Max SD
  180 ,   1801 : 4.7628461187209e+00 +(7e-02,2e-01) | 7.22e+01 |  2:1.4e-02  8:3.8e-01
  181 ,   1811 : 4.7733083194304e+00 +(5e-02,1e-01) | 7.47e+01 |  2:1.6e-02  8:4.2e-01
  182 ,   1821 : 4.7744895156011e+00 +(8e-02,3e-01) | 7.50e+01 |  2:1.5e-02  8:3.9e-01
  183 ,   1831 : 4.7518063828201e+00 +(8e-02,2e-01) | 7.65e+01 |  2:1.4e-02  8:3.7e-01
  184 ,   1841 : 4.7115870712707e+00 +(6e-02,1e-01) | 7.65e+01 |  2:1.5e-02  8:3.6e-01
  185 ,   1851 : 4.7522227049948e+00 +(6e-02,1e-01) | 7.69e+01 |  2:1.4e-02  8:3.5e-01
  186 ,   1861 : 4.7297023031331e+00 +(7e-02,1e-01) | 7.71e+01 |  2:1.4e-02  8:3.4e-01
  187 ,   1871 : 4.7072607104745e+00 +(8e-02,1e-01) | 7.74e+01 |  2:1.4e-02  8:3.4e-01
  188 ,   1881 : 4.7238036540314e+00 +(8e-02,1e-01) | 7.78e+01 |  2:1.4e-02  8:3.5e-01
  189 ,   1891 : 4.7010957840101e+00 +(7e-02,2e-01) | 7.67e+01 |  2:1.4e-02  8:3.4e-01
Iterat, #Fevals:   Function Value    (median,worst) |Axis Ratio|idx:Min SD idx:Max SD
  190 ,   1901 : 4.6889497808106e+00 +(5e-02,1e-01) | 7.61e+01 |  2:1.4e-02  8:3.4e-01
  191 ,   1911 : 4.6513065109735e+00 +(9e-02,2e-01) | 8.00e+01 |  2:1.6e-02  8:4.2e-01
  192 ,   1921 : 4.5903944429835e+00 +(1e-01,3e-01) | 8.51e+01 |  2:1.7e-02  8:4.8e-01
  193 ,   1931 : 4.6000832144426e+00 +(7e-02,1e-01) | 8.63e+01 |  2:1.7e-02  8:4.6e-01
  194 ,   1941 : 4.5818279993432e+00 +(8e-02,4e-01) | 8.76e+01 |  2:1.8e-02  8:5.0e-01
  195 ,   1951 : 4.5075858978169e+00 +(2e-01,2e-01) | 9.07e+01 |  2:1.9e-02  8:5.2e-01
  196 ,   1961 : 4.4791234220468e+00 +(1e-01,3e-01) | 9.30e+01 |  2:2.0e-02  8:5.6e-01
  197 ,   1971 : 4.4868922681389e+00 +(8e-02,4e-01) | 9.78e+01 |  2:2.1e-02  8:6.1e-01
  198 ,   1981 : 4.3457328559447e+00 +(2e-01,5e-01) | 1.02e+02 |  2:2.4e-02  8:6.7e-01
  199 ,   1991 : 4.1633774273300e+00 +(3e-01,5e-01) | 1.04e+02 |  2:2.7e-02  8:7.4e-01
Iterat, #Fevals:   Function Value    (median,worst) |Axis Ratio|idx:Min SD idx:Max SD
  200 ,   2001 : 4.2329475937878e+00 +(3e-01,3e+00) | 1.06e+02 |  2:3.1e-02  8:8.3e-01
  201 ,   2011 : 4.3609170460302e+00 +(2e-01,2e+00) | 1.07e+02 |  2:3.0e-02  8:7.9e-01
  202 ,   2021 : 4.2569379517779e+00 +(3e-01,9e-01) | 1.08e+02 |  2:2.8e-02  8:7.3e-01
  203 ,   2031 : 4.1405208326491e+00 +(4e-01,3e+00) | 1.08e+02 |  2:2.6e-02  8:6.7e-01
  204 ,   2041 : 4.0166732523135e+00 +(3e-01,9e-01) | 1.13e+02 |  2:2.8e-02  8:7.3e-01
  205 ,   2051 : 3.9890783613115e+00 +(3e-01,1e+00) | 1.16e+02 |  2:2.9e-02  8:7.6e-01
  206 ,   2061 : 3.8055119090778e+00 +(3e-01,8e-01) | 1.23e+02 |  2:3.1e-02  8:8.2e-01
  207 ,   2071 : 3.7192116385346e+00 +(4e-01,4e+00) | 1.31e+02 |  2:3.3e-02  8:9.0e-01
  208 ,   2081 : 3.3034676553391e+00 +(9e-01,3e+00) | 1.42e+02 |  2:3.5e-02  8:1.0e+00
  209 ,   2091 : 3.6429895605086e+00 +(9e-01,2e+01) | 1.43e+02 |  2:3.4e-02  8:1.0e+00
Iterat, #Fevals:   Function Value    (median,worst) |Axis Ratio|idx:Min SD idx:Max SD
  210 ,   2101 : 3.5974297188351e+00 +(3e-01,4e+00) | 1.40e+02 |  2:3.7e-02  8:1.1e+00
  211 ,   2111 : 3.2234407027939e+00 +(1e+00,9e+00) | 1.41e+02 |  2:3.9e-02  8:1.1e+00
  212 ,   2121 : 3.3521236364508e+00 +(1e+00,2e+02) | 1.39e+02 |  2:3.6e-02  8:1.0e+00
  213 ,   2131 : 3.6226350368780e+00 +(5e-01,1e+01) | 1.39e+02 |  2:3.3e-02  8:9.4e-01
  214 ,   2141 : 3.5404357481667e+00 +(7e-01,1e+01) | 1.38e+02 |  2:3.0e-02  8:8.7e-01
  215 ,   2151 : 3.9407365938222e+00 +(1e+00,1e+01) | 1.41e+02 |  2:2.9e-02  8:8.5e-01
  216 ,   2161 : 3.4615609698590e+00 +(7e-01,2e+00) | 1.42e+02 |  2:3.0e-02  8:8.6e-01
  217 ,   2171 : 3.3880020601461e+00 +(1e+00,2e+01) | 1.45e+02 |  2:3.0e-02  8:8.4e-01
  218 ,   2181 : 3.7747986545974e+00 +(3e+00,2e+01) | 1.46e+02 |  2:2.9e-02  8:8.2e-01
  219 ,   2191 : 3.7626088965308e+00 +(2e+00,4e+01) | 1.45e+02 |  2:2.8e-02  8:7.9e-01
Iterat, #Fevals:   Function Value    (median,worst) |Axis Ratio|idx:Min SD idx:Max SD
  220 ,   2201 : 3.9348103495799e+00 +(7e-01,3e+00) | 1.46e+02 |  2:2.8e-02  9:7.9e-01
  221 ,   2211 : 3.8680717507962e+00 +(3e-01,3e+00) | 1.46e+02 |  2:2.8e-02  9:7.9e-01
  222 ,   2221 : 3.8149398250970e+00 +(4e-01,2e+00) | 1.46e+02 |  2:2.9e-02  8:8.2e-01
  223 ,   2231 : 3.5719912838699e+00 +(5e-01,6e+00) | 1.48e+02 |  2:2.8e-02  8:8.2e-01
  224 ,   2241 : 3.3334483672987e+00 +(4e-01,4e+00) | 1.55e+02 |  2:2.7e-02  8:8.3e-01
  225 ,   2251 : 3.2578036881814e+00 +(8e-01,3e+00) | 1.56e+02 |  2:2.6e-02  8:8.1e-01
  226 ,   2261 : 3.2845827361877e+00 +(6e-01,2e+01) | 1.57e+02 |  2:2.5e-02  8:7.7e-01
  227 ,   2271 : 3.3162665984740e+00 +(1e+00,1e+03) | 1.59e+02 |  2:2.3e-02  8:6.9e-01
  228 ,   2281 : 3.6133705907761e+00 +(9e-01,1e+01) | 1.60e+02 |  2:2.2e-02  9:6.8e-01
  229 ,   2291 : 3.5354641176652e+00 +(5e-01,2e+00) | 1.56e+02 |  2:2.1e-02  9:6.6e-01
Iterat, #Fevals:   Function Value    (median,worst) |Axis Ratio|idx:Min SD idx:Max SD
  230 ,   2301 : 3.2088849560264e+00 +(4e-01,2e+00) | 1.55e+02 |  2:2.0e-02  9:6.3e-01
  231 ,   2311 : 3.1753380495627e+00 +(3e-01,7e+00) | 1.50e+02 |  2:2.0e-02  9:6.2e-01
  232 ,   2321 : 3.0812926007523e+00 +(4e-01,9e-01) | 1.48e+02 |  2:2.0e-02  9:6.4e-01
  233 ,   2331 : 3.3320577529957e+00 +(3e+00,1e+05) | 1.48e+02 |  2:2.0e-02  9:6.3e-01
  234 ,   2341 : 3.4173745567717e+00 +(2e+00,6e+05) | 1.50e+02 |  2:2.0e-02  9:6.2e-01
  235 ,   2351 : 3.3560960562080e+00 +(2e-01,3e+00) | 1.50e+02 |  2:1.8e-02  9:5.5e-01
  236 ,   2361 : 3.5607013413279e+00 +(8e-01,2e+00) | 1.50e+02 |  2:1.5e-02  9:4.6e-01
  237 ,   2371 : 3.2051715879945e+00 +(7e-01,5e+00) | 1.49e+02 |  2:1.3e-02  9:4.1e-01
  238 ,   2381 : 3.0905513155090e+00 +(3e-01,7e-01) | 1.51e+02 |  2:1.2e-02  8:3.8e-01
  239 ,   2391 : 3.1445490335051e+00 +(3e-01,4e+00) | 1.47e+02 |  2:1.2e-02  8:3.6e-01
Iterat, #Fevals:   Function Value    (median,worst) |Axis Ratio|idx:Min SD idx:Max SD
  240 ,   2401 : 3.2764688223489e+00 +(3e-01,1e+00) | 1.48e+02 |  2:1.0e-02  8:3.1e-01
  241 ,   2411 : 3.1084797365725e+00 +(2e-01,7e-01) | 1.53e+02 |  2:1.0e-02  8:3.3e-01
  242 ,   2421 : 3.1233237701478e+00 +(3e-01,1e+00) | 1.54e+02 |  2:9.5e-03  8:3.0e-01
  243 ,   2431 : 3.1099383486689e+00 +(4e-01,1e+00) | 1.50e+02 |  2:8.5e-03  8:2.7e-01
  244 ,   2441 : 3.1115667309540e+00 +(4e-01,1e+00) | 1.54e+02 |  2:8.3e-03  8:2.7e-01
  245 ,   2451 : 3.0713455011496e+00 +(2e-01,6e-01) | 1.51e+02 |  2:7.6e-03  8:2.5e-01
  246 ,   2461 : 3.1401910447947e+00 +(8e-02,8e-01) | 1.53e+02 |  2:6.8e-03  8:2.2e-01
  247 ,   2471 : 3.0861763969294e+00 +(8e-02,3e-01) | 1.51e+02 |  2:6.4e-03  8:2.1e-01
  248 ,   2481 : 3.0979163642488e+00 +(1e-01,4e-01) | 1.54e+02 |  2:6.1e-03  8:2.0e-01
  249 ,   2491 : 3.0994930607333e+00 +(7e-02,1e+00) | 1.54e+02 |  2:5.7e-03  8:1.8e-01
Iterat, #Fevals:   Function Value    (median,worst) |Axis Ratio|idx:Min SD idx:Max SD
  250 ,   2501 : 3.1083542923358e+00 +(1e-01,5e-01) | 1.54e+02 |  2:5.9e-03  8:1.9e-01
  251 ,   2511 : 3.0841766890366e+00 +(1e-01,7e-01) | 1.56e+02 |  2:6.4e-03  8:2.0e-01
  252 ,   2521 : 3.0702903012594e+00 +(8e-02,7e-01) | 1.55e+02 |  2:6.8e-03  8:2.1e-01
  253 ,   2531 : 3.0679368764312e+00 +(1e-01,3e-01) | 1.55e+02 |  2:6.5e-03  8:2.0e-01
  254 ,   2541 : 3.0848163290101e+00 +(4e-02,5e-01) | 1.54e+02 |  2:6.7e-03  8:2.0e-01
  255 ,   2551 : 3.0779588394370e+00 +(1e-01,3e-01) | 1.51e+02 |  2:7.8e-03  8:2.3e-01
  256 ,   2561 : 3.0775745120919e+00 +(2e-01,6e-01) | 1.52e+02 |  2:7.1e-03  8:2.1e-01
  257 ,   2571 : 3.0524588922300e+00 +(8e-02,5e-01) | 1.52e+02 |  2:6.5e-03  8:1.9e-01
  258 ,   2581 : 3.0937142229543e+00 +(6e-02,4e-01) | 1.52e+02 |  2:5.7e-03  8:1.6e-01
  259 ,   2591 : 3.0581746950848e+00 +(8e-02,2e-01) | 1.53e+02 |  2:5.3e-03  8:1.5e-01
Iterat, #Fevals:   Function Value    (median,worst) |Axis Ratio|idx:Min SD idx:Max SD
  260 ,   2601 : 3.0851183369107e+00 +(9e-02,6e-01) | 1.51e+02 |  2:4.9e-03  8:1.4e-01
  261 ,   2611 : 3.0964713805532e+00 +(7e-02,1e-01) | 1.48e+02 |  2:4.6e-03  8:1.3e-01
  262 ,   2621 : 3.0604545924746e+00 +(1e-01,3e-01) | 1.48e+02 |  2:4.6e-03  8:1.3e-01
  263 ,   2631 : 3.0767286079539e+00 +(6e-02,3e-01) | 1.51e+02 |  2:4.0e-03  8:1.2e-01
  264 ,   2641 : 3.0784549957682e+00 +(5e-02,2e-01) | 1.51e+02 |  2:3.3e-03  8:9.9e-02
  265 ,   2651 : 3.0763460318123e+00 +(2e-02,5e-02) | 1.51e+02 |  2:3.0e-03  8:8.9e-02
  266 ,   2661 : 3.0696812792493e+00 +(5e-02,1e-01) | 1.50e+02 |  2:2.9e-03  8:8.6e-02
  267 ,   2671 : 3.0707676772232e+00 +(2e-02,7e-02) | 1.49e+02 |  2:2.6e-03  8:7.7e-02
  268 ,   2681 : 3.0630179376320e+00 +(2e-02,2e-01) | 1.49e+02 |  2:2.5e-03  8:7.2e-02
  269 ,   2691 : 3.0598865463313e+00 +(3e-02,4e-02) | 1.50e+02 |  2:2.3e-03  8:6.7e-02
Iterat, #Fevals:   Function Value    (median,worst) |Axis Ratio|idx:Min SD idx:Max SD
  270 ,   2701 : 3.0656488588275e+00 +(1e-02,4e-02) | 1.52e+02 |  2:2.1e-03  8:6.3e-02
  271 ,   2711 : 3.0584456989189e+00 +(2e-02,5e-02) | 1.53e+02 |  2:2.0e-03  8:6.3e-02
  272 ,   2721 : 3.0597767001724e+00 +(2e-02,8e-02) | 1.55e+02 |  2:1.9e-03  8:6.0e-02
  273 ,   2731 : 3.0550709024990e+00 +(1e-02,7e-02) | 1.58e+02 |  2:1.7e-03  8:5.5e-02
  274 ,   2741 : 3.0595216476463e+00 +(1e-02,5e-02) | 1.55e+02 |  2:1.7e-03  8:5.3e-02
  275 ,   2751 : 3.0563843220015e+00 +(2e-02,2e-02) | 1.57e+02 |  2:1.7e-03  8:5.3e-02
  276 ,   2761 : 3.0529470004666e+00 +(2e-02,6e-02) | 1.58e+02 |  2:1.6e-03  8:5.3e-02
  277 ,   2771 : 3.0531694083838e+00 +(1e-02,3e-02) | 1.61e+02 |  2:1.8e-03  8:5.5e-02
  278 ,   2781 : 3.0636127294100e+00 +(1e-02,3e-02) | 1.60e+02 |  2:1.6e-03  8:4.8e-02
  279 ,   2791 : 3.0558079283043e+00 +(2e-02,3e-02) | 1.60e+02 |  2:1.5e-03  8:4.5e-02
Iterat, #Fevals:   Function Value    (median,worst) |Axis Ratio|idx:Min SD idx:Max SD
  280 ,   2801 : 3.0517317174518e+00 +(1e-02,2e-02) | 1.64e+02 |  2:1.4e-03  8:4.4e-02
  281 ,   2811 : 3.0438940512521e+00 +(1e-02,5e-02) | 1.72e+02 |  2:1.4e-03  6:4.6e-02
  282 ,   2821 : 3.0463766733617e+00 +(2e-02,4e-02) | 1.75e+02 |  2:1.3e-03  8:4.3e-02
  283 ,   2831 : 3.0476950087746e+00 +(2e-02,4e-02) | 1.73e+02 |  2:1.3e-03  6:4.3e-02
  284 ,   2841 : 3.0459733083352e+00 +(1e-02,3e-02) | 1.77e+02 |  2:1.3e-03  6:4.4e-02
  285 ,   2851 : 3.0460042395546e+00 +(1e-02,4e-02) | 1.78e+02 |  2:1.4e-03  6:4.5e-02
  286 ,   2861 : 3.0445771278029e+00 +(1e-02,3e-02) | 1.78e+02 |  2:1.4e-03  6:4.6e-02
  287 ,   2871 : 3.0426271043729e+00 +(1e-02,3e-02) | 1.78e+02 |  2:1.4e-03  6:4.5e-02
  288 ,   2881 : 3.0435654874236e+00 +(1e-02,2e-02) | 1.78e+02 |  2:1.4e-03  6:4.5e-02
  289 ,   2891 : 3.0476702828704e+00 +(9e-03,2e-02) | 1.86e+02 |  2:1.5e-03  6:5.0e-02
Iterat, #Fevals:   Function Value    (median,worst) |Axis Ratio|idx:Min SD idx:Max SD
  290 ,   2901 : 3.0544390191498e+00 +(7e-03,2e-02) | 1.89e+02 |  2:1.6e-03  6:5.6e-02
  291 ,   2911 : 3.0517354953531e+00 +(7e-03,2e-02) | 1.89e+02 |  2:1.8e-03  6:6.3e-02
  292 ,   2921 : 3.0451963263608e+00 +(1e-02,4e-02) | 1.95e+02 |  2:1.8e-03  6:6.5e-02
  293 ,   2931 : 3.0419204089168e+00 +(2e-02,3e-02) | 1.96e+02 |  2:1.8e-03  6:6.3e-02
  294 ,   2941 : 3.0414365870150e+00 +(1e-02,4e-02) | 2.01e+02 |  2:2.0e-03  6:6.7e-02
  295 ,   2951 : 3.0319580524674e+00 +(2e-02,4e-02) | 2.21e+02 |  2:2.5e-03  6:8.2e-02
  296 ,   2961 : 3.0366190568511e+00 +(1e-02,3e-02) | 2.21e+02 |  2:2.7e-03  6:8.8e-02
  297 ,   2971 : 3.0367726498043e+00 +(1e-02,4e-02) | 2.19e+02 |  2:2.6e-03  6:8.4e-02
  298 ,   2981 : 3.0348360941440e+00 +(1e-02,2e-02) | 2.20e+02 |  2:2.6e-03  6:8.3e-02
  299 ,   2991 : 3.0342903645012e+00 +(1e-02,3e-02) | 2.21e+02 |  2:2.5e-03  6:8.2e-02
Iterat, #Fevals:   Function Value    (median,worst) |Axis Ratio|idx:Min SD idx:Max SD
  300 ,   3001 : 3.0291507450051e+00 +(2e-02,2e-02) | 2.21e+02 |  2:2.5e-03  6:8.1e-02
  301 ,   3011 : 3.0271589560462e+00 +(1e-02,2e-02) | 2.27e+02 |  2:2.6e-03  6:8.5e-02
  302 ,   3021 : 3.0235948907835e+00 +(2e-02,3e-02) | 2.35e+02 |  2:2.6e-03  6:8.7e-02
  303 ,   3031 : 3.0226948130023e+00 +(1e-02,2e-02) | 2.50e+02 |  2:2.9e-03  6:1.0e-01
  304 ,   3041 : 3.0132868958843e+00 +(3e-02,4e-02) | 2.55e+02 |  2:3.1e-03  6:1.0e-01
  305 ,   3051 : 3.0165864668227e+00 +(2e-02,9e-02) | 2.56e+02 |  2:3.3e-03  6:1.1e-01
  306 ,   3061 : 3.0111488093837e+00 +(3e-02,6e-02) | 2.59e+02 |  2:3.2e-03  6:1.1e-01
  307 ,   3071 : 3.0152695596152e+00 +(1e-02,7e-02) | 2.61e+02 |  2:3.0e-03  6:1.0e-01
  308 ,   3081 : 3.0207791477251e+00 +(1e-02,8e-02) | 2.61e+02 |  2:2.8e-03  6:9.4e-02
  309 ,   3091 : 3.0046648498582e+00 +(3e-02,6e-02) | 2.66e+02 |  2:2.9e-03  6:1.0e-01
Iterat, #Fevals:   Function Value    (median,worst) |Axis Ratio|idx:Min SD idx:Max SD
  310 ,   3101 : 3.0092836487396e+00 +(2e-02,3e-01) | 2.79e+02 |  2:2.9e-03  6:1.1e-01
  311 ,   3111 : 3.0105547206343e+00 +(3e-02,7e-02) | 2.96e+02 |  2:3.0e-03  6:1.1e-01
  312 ,   3121 : 3.0035085597073e+00 +(2e-02,4e-02) | 3.03e+02 |  2:3.1e-03  6:1.2e-01
  313 ,   3131 : 3.0138398904046e+00 +(1e-02,1e-01) | 3.18e+02 |  2:3.2e-03  6:1.2e-01
  314 ,   3141 : 3.0068092600606e+00 +(2e-02,6e-02) | 3.22e+02 |  2:3.1e-03  6:1.2e-01
  315 ,   3151 : 3.0139299056317e+00 +(2e-02,2e-02) | 3.26e+02 |  2:2.9e-03  6:1.1e-01
  316 ,   3161 : 3.0102246245168e+00 +(1e-02,4e-02) | 3.26e+02 |  2:2.7e-03  6:1.0e-01
  317 ,   3171 : 3.0095036123517e+00 +(2e-02,6e-02) | 3.26e+02 |  2:2.4e-03  6:9.1e-02
  318 ,   3181 : 3.0087227128493e+00 +(1e-02,5e-02) | 3.26e+02 |  2:2.3e-03  6:9.0e-02
  319 ,   3191 : 3.0188650804947e+00 +(9e-03,2e-02) | 3.24e+02 |  2:2.3e-03  6:8.6e-02
Iterat, #Fevals:   Function Value    (median,worst) |Axis Ratio|idx:Min SD idx:Max SD
  320 ,   3201 : 3.0139864769444e+00 +(1e-02,3e-02) | 3.31e+02 |  2:2.2e-03  6:8.5e-02
  321 ,   3211 : 3.0066453731561e+00 +(1e-02,3e-02) | 3.32e+02 |  2:2.1e-03  6:8.1e-02
  322 ,   3221 : 3.0087698494406e+00 +(7e-03,2e-02) | 3.35e+02 |  2:2.1e-03  6:8.4e-02
  323 ,   3231 : 3.0132549819572e+00 +(8e-03,3e-02) | 3.39e+02 |  2:1.9e-03  6:7.7e-02
  324 ,   3241 : 3.0051852222333e+00 +(2e-02,4e-02) | 3.39e+02 |  2:1.8e-03  6:7.3e-02
  325 ,   3251 : 3.0067542229639e+00 +(1e-02,2e-02) | 3.54e+02 |  2:1.8e-03  6:7.1e-02
  326 ,   3261 : 3.0037718730771e+00 +(1e-02,3e-02) | 3.58e+02 |  2:1.7e-03  6:6.9e-02
  327 ,   3271 : 2.9998142758515e+00 +(2e-02,3e-02) | 3.57e+02 |  2:1.7e-03  6:6.8e-02
  328 ,   3281 : 3.0020251708574e+00 +(2e-02,3e-02) | 3.57e+02 |  2:1.5e-03  6:6.4e-02
  329 ,   3291 : 3.0022864328676e+00 +(1e-02,2e-02) | 3.73e+02 |  2:1.6e-03  6:6.4e-02
Iterat, #Fevals:   Function Value    (median,worst) |Axis Ratio|idx:Min SD idx:Max SD
  330 ,   3301 : 3.0005762947423e+00 +(1e-02,3e-02) | 3.78e+02 |  2:1.5e-03  6:6.0e-02
  331 ,   3311 : 2.9992216833722e+00 +(2e-02,3e-02) | 3.90e+02 |  2:1.5e-03  6:5.9e-02
  332 ,   3321 : 3.0007245897104e+00 +(1e-02,2e-02) | 3.93e+02 |  2:1.3e-03  6:5.3e-02
  333 ,   3331 : 3.0025462306503e+00 +(2e-02,3e-02) | 3.96e+02 |  2:1.1e-03  6:4.6e-02
  334 ,   3341 : 2.9990218597171e+00 +(2e-02,2e-02) | 3.96e+02 |  2:1.1e-03  6:4.4e-02
  335 ,   3351 : 2.9997422628239e+00 +(2e-02,2e-02) | 3.95e+02 |  2:9.5e-04  6:3.9e-02
  336 ,   3361 : 3.0027619690513e+00 +(2e-02,2e-02) | 4.02e+02 |  2:1.2e-03  6:4.5e-02
  337 ,   3371 : 2.9988928283337e+00 +(1e-02,3e-02) | 4.05e+02 |  2:1.2e-03  6:4.6e-02
  338 ,   3381 : 3.0002325989223e+00 +(1e-02,2e-02) | 4.14e+02 |  2:1.3e-03  6:4.9e-02
  339 ,   3391 : 3.0000489049824e+00 +(2e-02,3e-02) | 4.10e+02 |  2:1.4e-03  6:5.1e-02
Iterat, #Fevals:   Function Value    (median,worst) |Axis Ratio|idx:Min SD idx:Max SD
  340 ,   3401 : 2.9990583210938e+00 +(2e-02,2e-02) | 4.10e+02 |  2:1.4e-03  6:5.0e-02
  341 ,   3411 : 3.0001699460294e+00 +(2e-02,3e-02) | 4.13e+02 |  2:1.3e-03  6:4.7e-02
  342 ,   3421 : 3.0036161422923e+00 +(1e-02,3e-02) | 4.17e+02 |  2:1.2e-03  6:4.5e-02
  343 ,   3431 : 2.9993601722008e+00 +(7e-03,2e-02) | 4.17e+02 |  2:1.1e-03  6:4.0e-02
  344 ,   3441 : 2.9982354224361e+00 +(1e-02,2e-02) | 4.41e+02 |  2:1.0e-03  6:3.9e-02
  345 ,   3451 : 2.9985811752160e+00 +(2e-02,2e-02) | 4.62e+02 |  2:1.1e-03  6:4.0e-02
  346 ,   3461 : 3.0005669038988e+00 +(1e-02,2e-02) | 4.66e+02 |  2:1.1e-03  6:4.1e-02
  347 ,   3471 : 3.0032845730352e+00 +(2e-02,2e-02) | 4.69e+02 |  2:1.2e-03  6:4.3e-02
  348 ,   3481 : 3.0003121179180e+00 +(1e-02,3e-02) | 4.73e+02 |  2:1.1e-03  6:4.1e-02
  349 ,   3491 : 3.0047927517017e+00 +(1e-02,2e-02) | 4.72e+02 |  2:1.1e-03  6:3.9e-02
Iterat, #Fevals:   Function Value    (median,worst) |Axis Ratio|idx:Min SD idx:Max SD
  350 ,   3501 : 3.0007506958684e+00 +(1e-02,2e-02) | 4.73e+02 |  2:9.5e-04  6:3.5e-02
  351 ,   3511 : 3.0034570088682e+00 +(9e-03,1e-02) | 4.74e+02 |  2:8.6e-04  6:3.1e-02
  352 ,   3521 : 3.0013588227984e+00 +(1e-02,2e-02) | 4.60e+02 |  2:8.4e-04  6:3.0e-02
  353 ,   3531 : 3.0001434480345e+00 +(1e-02,2e-02) | 4.48e+02 |  2:8.4e-04  6:3.0e-02
  354 ,   3541 : 3.0006638621391e+00 +(1e-02,2e-02) | 4.54e+02 |  2:8.2e-04  6:2.9e-02
  355 ,   3551 : 2.9999446085062e+00 +(2e-02,2e-02) | 4.67e+02 |  2:7.7e-04  6:2.8e-02
  356 ,   3561 : 2.9994914904302e+00 +(1e-02,2e-02) | 4.71e+02 |  2:7.1e-04  6:2.6e-02
  357 ,   3571 : 3.0116782280860e+00 +(6e-03,8e-03) | 4.65e+02 |  2:6.6e-04  6:2.5e-02
  358 ,   3581 : 3.0017566012554e+00 +(1e-02,2e-02) | 4.72e+02 |  2:5.8e-04  6:2.2e-02
  359 ,   3591 : 3.0009828553079e+00 +(1e-02,2e-02) | 4.69e+02 |  2:5.8e-04  6:2.2e-02
Iterat, #Fevals:   Function Value    (median,worst) |Axis Ratio|idx:Min SD idx:Max SD
  360 ,   3601 : 3.0013908574784e+00 +(1e-02,2e-02) | 4.70e+02 |  2:5.5e-04  6:2.0e-02
  361 ,   3611 : 3.0102453122937e+00 +(8e-03,1e-02) | 4.77e+02 |  2:5.9e-04  6:2.2e-02
  362 ,   3621 : 2.9997321529265e+00 +(1e-02,2e-02) | 4.67e+02 |  2:6.2e-04  6:2.3e-02
  363 ,   3631 : 2.9980736964708e+00 +(1e-02,2e-02) | 4.68e+02 |  2:5.8e-04  6:2.1e-02
  364 ,   3641 : 2.9998902401019e+00 +(2e-02,2e-02) | 4.64e+02 |  2:6.1e-04  6:2.2e-02
  365 ,   3651 : 2.9980745479568e+00 +(1e-02,2e-02) | 4.61e+02 |  2:6.5e-04  6:2.3e-02
  366 ,   3661 : 2.9999159843663e+00 +(2e-02,2e-02) | 4.63e+02 |  2:6.8e-04  6:2.5e-02
  367 ,   3671 : 3.0005520778912e+00 +(7e-03,2e-02) | 4.76e+02 |  2:7.3e-04  6:2.6e-02
  368 ,   3681 : 2.9989601369439e+00 +(8e-03,2e-02) | 4.78e+02 |  2:7.0e-04  6:2.6e-02
  369 ,   3691 : 3.0009296960300e+00 +(1e-02,2e-02) | 4.72e+02 |  2:6.9e-04  6:2.5e-02
Iterat, #Fevals:   Function Value    (median,worst) |Axis Ratio|idx:Min SD idx:Max SD
  370 ,   3701 : 3.0029348687832e+00 +(1e-02,2e-02) | 4.96e+02 |  2:7.8e-04  6:2.9e-02
  371 ,   3711 : 3.0025759588444e+00 +(1e-02,2e-02) | 4.92e+02 |  2:7.5e-04  6:2.8e-02
  372 ,   3721 : 3.0024246184805e+00 +(1e-02,2e-02) | 5.01e+02 |  2:7.2e-04  6:2.7e-02
  373 ,   3731 : 2.9997504444422e+00 +(1e-02,2e-02) | 4.91e+02 |  2:7.1e-04  6:2.7e-02
  374 ,   3741 : 3.0017477857039e+00 +(1e-02,2e-02) | 4.74e+02 |  2:7.5e-04  6:2.8e-02
  375 ,   3751 : 2.9992787939741e+00 +(2e-02,2e-02) | 4.74e+02 |  2:8.1e-04  6:3.0e-02
  376 ,   3761 : 2.9976927354132e+00 +(2e-02,3e-02) | 4.78e+02 |  2:8.5e-04  6:3.2e-02
  377 ,   3771 : 2.9976311027586e+00 +(2e-02,2e-02) | 4.89e+02 |  2:8.7e-04  6:3.3e-02
  378 ,   3781 : 3.0046885107987e+00 +(7e-03,2e-02) | 4.93e+02 |  2:8.3e-04  6:3.2e-02
  379 ,   3791 : 3.0011785481097e+00 +(1e-02,2e-02) | 4.94e+02 |  2:7.4e-04  6:2.8e-02
Iterat, #Fevals:   Function Value    (median,worst) |Axis Ratio|idx:Min SD idx:Max SD
  380 ,   3801 : 2.9990650952592e+00 +(2e-02,2e-02) | 4.95e+02 |  2:7.4e-04  6:2.8e-02
  381 ,   3811 : 3.0064944386342e+00 +(1e-02,2e-02) | 4.94e+02 |  2:6.8e-04  6:2.6e-02
  382 ,   3821 : 3.0054460332171e+00 +(1e-02,2e-02) | 4.90e+02 |  2:6.2e-04  6:2.4e-02
  383 ,   3831 : 3.0009244964306e+00 +(1e-02,2e-02) | 5.05e+02 |  2:6.3e-04  6:2.4e-02
  384 ,   3841 : 3.0105120411925e+00 +(6e-03,2e-02) | 5.13e+02 |  2:6.0e-04  6:2.3e-02
  385 ,   3851 : 3.0031144396993e+00 +(6e-03,2e-02) | 5.24e+02 |  2:6.0e-04  6:2.3e-02
  386 ,   3861 : 3.0009968646497e+00 +(1e-02,2e-02) | 5.21e+02 |  2:5.4e-04  6:2.1e-02
  387 ,   3871 : 2.9990033108220e+00 +(2e-02,2e-02) | 5.23e+02 |  2:4.8e-04  6:1.9e-02
  388 ,   3881 : 2.9998123477582e+00 +(6e-03,2e-02) | 5.21e+02 |  2:4.4e-04  6:1.7e-02
  389 ,   3891 : 3.0004074216281e+00 +(1e-02,2e-02) | 5.32e+02 |  2:4.1e-04  6:1.6e-02
Iterat, #Fevals:   Function Value    (median,worst) |Axis Ratio|idx:Min SD idx:Max SD
  390 ,   3901 : 2.9999101288892e+00 +(1e-02,3e-02) | 5.34e+02 |  2:3.9e-04  6:1.5e-02
  391 ,   3911 : 3.0037824074421e+00 +(8e-03,2e-02) | 5.43e+02 |  2:3.8e-04  6:1.5e-02
  392 ,   3921 : 2.9997020657996e+00 +(1e-02,3e-02) | 5.44e+02 |  2:3.3e-04  6:1.3e-02
  393 ,   3931 : 2.9978146086809e+00 +(2e-02,2e-02) | 5.45e+02 |  2:3.1e-04  6:1.2e-02
  394 ,   3941 : 3.0004345865238e+00 +(2e-02,2e-02) | 5.44e+02 |  2:2.9e-04  6:1.2e-02
  395 ,   3951 : 3.0030465780532e+00 +(2e-02,2e-02) | 5.43e+02 |  2:2.8e-04  6:1.1e-02
  396 ,   3961 : 3.0054118831717e+00 +(9e-03,2e-02) | 5.40e+02 |  2:2.6e-04  6:1.0e-02
  397 ,   3971 : 2.9984085242549e+00 +(1e-02,2e-02) | 5.34e+02 |  2:3.0e-04  6:1.1e-02
  398 ,   3981 : 2.9992686229017e+00 +(1e-02,2e-02) | 5.31e+02 |  2:3.3e-04  6:1.3e-02
  399 ,   3991 : 3.0044466234715e+00 +(8e-03,1e-02) | 5.43e+02 |  2:3.8e-04  6:1.4e-02
Iterat, #Fevals:   Function Value    (median,worst) |Axis Ratio|idx:Min SD idx:Max SD
  400 ,   4001 : 3.0029991695608e+00 +(9e-03,2e-02) | 5.39e+02 |  2:3.5e-04  6:1.3e-02
  401 ,   4011 : 3.0008385283541e+00 +(1e-02,2e-02) | 5.63e+02 |  2:3.5e-04  6:1.4e-02
  402 ,   4021 : 3.0051473542520e+00 +(7e-03,2e-02) | 5.80e+02 |  2:3.5e-04  6:1.4e-02
  403 ,   4031 : 3.0034873064780e+00 +(9e-03,2e-02) | 5.65e+02 |  2:3.6e-04  6:1.4e-02
  404 ,   4041 : 3.0038957469663e+00 +(1e-02,2e-02) | 5.70e+02 |  2:3.6e-04  6:1.5e-02
  405 ,   4051 : 2.9993423678089e+00 +(2e-02,2e-02) | 5.69e+02 |  2:3.2e-04  6:1.3e-02
  406 ,   4061 : 2.9965978370158e+00 +(2e-02,2e-02) | 5.57e+02 |  2:3.1e-04  6:1.2e-02
  407 ,   4071 : 3.0049589762366e+00 +(1e-02,2e-02) | 5.49e+02 |  2:2.9e-04  6:1.2e-02
  408 ,   4081 : 3.0019287005574e+00 +(2e-02,2e-02) | 5.49e+02 |  2:3.0e-04  6:1.2e-02
  409 ,   4091 : 3.0018927511191e+00 +(1e-02,2e-02) | 5.38e+02 |  2:3.3e-04  6:1.3e-02
Iterat, #Fevals:   Function Value    (median,worst) |Axis Ratio|idx:Min SD idx:Max SD
  410 ,   4101 : 3.0006601889711e+00 +(2e-02,2e-02) | 5.34e+02 |  2:3.4e-04  6:1.3e-02
  411 ,   4111 : 3.0014161619290e+00 +(8e-03,2e-02) | 5.17e+02 |  2:3.4e-04  6:1.3e-02
  412 ,   4121 : 3.0012690784205e+00 +(1e-02,2e-02) | 5.11e+02 |  2:3.1e-04  6:1.2e-02
  413 ,   4131 : 3.0015134978521e+00 +(1e-02,2e-02) | 5.14e+02 |  2:2.8e-04  6:1.1e-02
  414 ,   4141 : 3.0113233251073e+00 +(7e-03,9e-03) | 5.28e+02 |  2:3.1e-04  6:1.1e-02
  415 ,   4151 : 3.0105808852772e+00 +(8e-03,1e-02) | 5.30e+02 |  2:3.1e-04  6:1.1e-02
  416 ,   4161 : 3.0001739156868e+00 +(1e-02,2e-02) | 5.34e+02 |  2:3.0e-04  6:1.1e-02
  417 ,   4171 : 2.9979232447668e+00 +(2e-02,2e-02) | 5.15e+02 |  2:2.9e-04  6:1.1e-02
  418 ,   4181 : 2.9998527178695e+00 +(1e-02,2e-02) | 5.15e+02 |  2:2.7e-04  6:1.0e-02
  419 ,   4191 : 2.9982976139363e+00 +(2e-02,2e-02) | 5.11e+02 |  2:2.5e-04  6:9.2e-03
Iterat, #Fevals:   Function Value    (median,worst) |Axis Ratio|idx:Min SD idx:Max SD
  420 ,   4201 : 3.0046168910596e+00 +(1e-02,1e-02) | 5.01e+02 |  2:2.3e-04  6:8.7e-03
  421 ,   4211 : 3.0043016732072e+00 +(7e-03,1e-02) | 5.04e+02 |  2:2.3e-04  6:8.5e-03
  422 ,   4221 : 2.9994852786555e+00 +(1e-02,2e-02) | 4.92e+02 |  2:2.3e-04  6:8.6e-03
  423 ,   4231 : 2.9989829132136e+00 +(1e-02,2e-02) | 4.88e+02 |  2:2.3e-04  6:8.5e-03
  424 ,   4241 : 3.0022722114105e+00 +(9e-03,2e-02) | 4.90e+02 |  2:2.3e-04  6:8.6e-03
  425 ,   4251 : 2.9994815041431e+00 +(8e-03,2e-02) | 4.94e+02 |  2:2.0e-04  6:7.8e-03
  426 ,   4261 : 2.9994839424303e+00 +(1e-02,2e-02) | 4.96e+02 |  2:1.8e-04  6:7.1e-03
  427 ,   4271 : 2.9979354165957e+00 +(2e-02,3e-02) | 4.87e+02 |  2:1.6e-04  6:6.3e-03
  428 ,   4281 : 2.9980020149350e+00 +(1e-02,2e-02) | 4.91e+02 |  2:1.5e-04  6:5.7e-03
  429 ,   4291 : 2.9994636608957e+00 +(9e-03,2e-02) | 4.90e+02 |  2:1.3e-04  6:5.3e-03
Iterat, #Fevals:   Function Value    (median,worst) |Axis Ratio|idx:Min SD idx:Max SD
  430 ,   4301 : 3.0039461644335e+00 +(1e-02,2e-02) | 4.97e+02 |  2:1.2e-04  6:4.9e-03
  431 ,   4311 : 2.9979880253367e+00 +(5e-03,3e-02) | 4.98e+02 |  2:1.1e-04  6:4.4e-03
  432 ,   4321 : 2.9983861353229e+00 +(2e-02,3e-02) | 5.00e+02 |  2:1.1e-04  6:4.2e-03
  433 ,   4331 : 2.9982089464719e+00 +(1e-02,2e-02) | 5.03e+02 |  2:1.0e-04  6:4.0e-03
  434 ,   4341 : 3.0072858173550e+00 +(5e-03,1e-02) | 4.97e+02 |  2:9.6e-05  6:3.7e-03
  435 ,   4351 : 3.0003646539289e+00 +(1e-02,2e-02) | 5.02e+02 |  2:9.9e-05  6:3.7e-03
  436 ,   4361 : 3.0024250473580e+00 +(9e-03,2e-02) | 4.98e+02 |  2:1.0e-04  6:3.8e-03
  437 ,   4371 : 3.0051303860461e+00 +(6e-03,2e-02) | 4.81e+02 |  2:1.2e-04  6:4.0e-03
  438 ,   4381 : 3.0001584859324e+00 +(1e-02,2e-02) | 4.77e+02 |  2:1.3e-04  6:4.2e-03
  439 ,   4391 : 3.0011965426121e+00 +(1e-02,3e-02) | 4.80e+02 |  2:1.4e-04  6:4.3e-03
Iterat, #Fevals:   Function Value    (median,worst) |Axis Ratio|idx:Min SD idx:Max SD
  440 ,   4401 : 2.9998084629920e+00 +(1e-02,2e-02) | 4.77e+02 |  2:1.3e-04  6:4.1e-03
  441 ,   4411 : 3.0037288528785e+00 +(7e-03,2e-02) | 4.60e+02 |  2:1.3e-04  6:4.2e-03
  442 ,   4421 : 2.9995583589504e+00 +(1e-02,2e-02) | 4.60e+02 |  2:1.3e-04  6:3.9e-03
  443 ,   4431 : 2.9997002431640e+00 +(8e-03,2e-02) | 4.61e+02 |  2:1.2e-04  6:3.8e-03
  444 ,   4441 : 3.0044745178185e+00 +(1e-02,2e-02) | 4.55e+02 |  2:1.2e-04  6:3.6e-03
  445 ,   4451 : 2.9982698423709e+00 +(2e-02,2e-02) | 4.66e+02 |  2:1.2e-04  6:3.7e-03
  446 ,   4461 : 2.9980280396464e+00 +(1e-02,2e-02) | 4.78e+02 |  2:1.2e-04  6:3.9e-03
  447 ,   4471 : 3.0100795343874e+00 +(7e-03,2e-02) | 5.13e+02 |  2:1.4e-04  6:4.5e-03
  448 ,   4481 : 2.9991958640299e+00 +(1e-02,2e-02) | 5.44e+02 |  2:1.5e-04  6:5.1e-03
  449 ,   4491 : 3.0005867510672e+00 +(1e-02,3e-02) | 5.54e+02 |  2:1.4e-04  6:4.6e-03
Iterat, #Fevals:   Function Value    (median,worst) |Axis Ratio|idx:Min SD idx:Max SD
  450 ,   4501 : 2.9991833007874e+00 +(8e-03,2e-02) | 5.65e+02 |  2:1.3e-04  6:4.6e-03
  451 ,   4511 : 2.9999366934859e+00 +(2e-02,2e-02) | 5.63e+02 |  2:1.4e-04  6:4.8e-03
  452 ,   4521 : 2.9995627019328e+00 +(2e-02,3e-02) | 5.70e+02 |  2:1.3e-04  6:4.4e-03
  453 ,   4531 : 3.0002174116828e+00 +(1e-02,2e-02) | 5.70e+02 |  2:1.1e-04  6:3.8e-03
  454 ,   4541 : 2.9991491096491e+00 +(1e-02,2e-02) | 5.61e+02 |  2:1.1e-04  6:3.6e-03
  455 ,   4551 : 3.0038747681282e+00 +(1e-02,2e-02) | 5.70e+02 |  2:1.0e-04  6:3.5e-03
  456 ,   4561 : 2.9976790755244e+00 +(2e-02,2e-02) | 5.70e+02 |  2:1.1e-04  6:3.6e-03
  457 ,   4571 : 2.9978981441418e+00 +(1e-02,2e-02) | 5.53e+02 |  2:1.2e-04  6:4.1e-03
  458 ,   4581 : 2.9974153746635e+00 +(1e-02,3e-02) | 5.55e+02 |  2:1.4e-04  6:4.8e-03
  459 ,   4591 : 2.9993834905085e+00 +(1e-02,2e-02) | 5.42e+02 |  2:1.5e-04  6:4.9e-03
Iterat, #Fevals:   Function Value    (median,worst) |Axis Ratio|idx:Min SD idx:Max SD
  460 ,   4601 : 3.0015808440726e+00 +(1e-02,2e-02) | 5.40e+02 |  2:1.4e-04  6:4.8e-03
  461 ,   4611 : 2.9993010212458e+00 +(1e-02,2e-02) | 5.41e+02 |  2:1.4e-04  6:4.6e-03
  462 ,   4621 : 3.0040746240777e+00 +(1e-02,2e-02) | 5.40e+02 |  2:1.4e-04  6:4.7e-03
  463 ,   4631 : 3.0025394883233e+00 +(1e-02,2e-02) | 5.36e+02 |  2:1.5e-04  6:4.8e-03
  464 ,   4641 : 3.0033012371692e+00 +(7e-03,2e-02) | 5.37e+02 |  2:1.6e-04  6:5.2e-03
  465 ,   4651 : 2.9986662581272e+00 +(2e-02,2e-02) | 5.38e+02 |  2:1.7e-04  6:5.5e-03
  466 ,   4661 : 2.9993826560424e+00 +(1e-02,2e-02) | 5.74e+02 |  2:1.8e-04  6:5.8e-03
  467 ,   4671 : 2.9973168295775e+00 +(1e-02,3e-02) | 5.85e+02 |  2:2.0e-04  6:6.8e-03
  468 ,   4681 : 3.0069481227808e+00 +(5e-03,1e-02) | 5.72e+02 |  2:2.4e-04  6:7.7e-03
  469 ,   4691 : 2.9999381827647e+00 +(1e-02,2e-02) | 5.79e+02 |  2:2.5e-04  6:7.9e-03
Iterat, #Fevals:   Function Value    (median,worst) |Axis Ratio|idx:Min SD idx:Max SD
  470 ,   4701 : 3.0000772802310e+00 +(1e-02,2e-02) | 5.74e+02 |  2:2.8e-04  6:8.6e-03
  471 ,   4711 : 2.9997755055228e+00 +(1e-02,2e-02) | 5.60e+02 |  2:3.4e-04  6:1.0e-02
  472 ,   4721 : 3.0040327843969e+00 +(7e-03,2e-02) | 5.74e+02 |  2:3.7e-04  6:1.2e-02
  473 ,   4731 : 3.0007542805816e+00 +(1e-02,2e-02) | 5.79e+02 |  2:4.3e-04  6:1.4e-02
  474 ,   4741 : 3.0063181032193e+00 +(1e-02,2e-02) | 5.71e+02 |  2:5.0e-04  6:1.5e-02
  475 ,   4751 : 3.0053482122758e+00 +(1e-02,2e-02) | 5.52e+02 |  2:5.1e-04  6:1.5e-02
  476 ,   4761 : 2.9984746298660e+00 +(2e-02,2e-02) | 5.44e+02 |  2:5.8e-04  6:1.7e-02
  477 ,   4771 : 2.9985586582846e+00 +(1e-02,2e-02) | 5.50e+02 |  2:7.2e-04  6:1.9e-02
  478 ,   4781 : 3.0074264832145e+00 +(3e-03,1e-02) | 5.46e+02 |  2:7.8e-04  6:2.1e-02
  479 ,   4791 : 3.0002528913839e+00 +(1e-02,2e-02) | 5.40e+02 |  2:9.4e-04  6:2.4e-02
Iterat, #Fevals:   Function Value    (median,worst) |Axis Ratio|idx:Min SD idx:Max SD
  480 ,   4801 : 3.0030382089209e+00 +(9e-03,2e-02) | 5.43e+02 |  2:9.6e-04  6:2.4e-02
  481 ,   4811 : 3.0003543767023e+00 +(7e-03,2e-02) | 5.48e+02 |  2:1.0e-03  6:2.6e-02
  482 ,   4821 : 2.9990178607678e+00 +(1e-02,2e-02) | 5.54e+02 |  2:1.1e-03  6:2.8e-02
  483 ,   4831 : 2.9994821077839e+00 +(1e-02,2e-02) | 5.52e+02 |  2:1.1e-03  6:2.9e-02
  484 ,   4841 : 2.9984211862540e+00 +(2e-02,2e-02) | 5.34e+02 |  2:1.1e-03  6:2.8e-02
  485 ,   4851 : 3.0035727193928e+00 +(1e-02,2e-02) | 5.35e+02 |  2:1.1e-03  6:2.9e-02
  486 ,   4861 : 3.0015143084627e+00 +(8e-03,2e-02) | 5.43e+02 |  2:1.3e-03  6:3.2e-02
  487 ,   4871 : 3.0016902415870e+00 +(2e-02,2e-02) | 5.46e+02 |  2:1.2e-03  6:3.1e-02
  488 ,   4881 : 2.9989816599898e+00 +(1e-02,3e-02) | 5.47e+02 |  2:1.0e-03  6:2.7e-02
  489 ,   4891 : 3.0031380182170e+00 +(1e-02,2e-02) | 5.59e+02 |  2:9.3e-04  6:2.4e-02
Iterat, #Fevals:   Function Value    (median,worst) |Axis Ratio|idx:Min SD idx:Max SD
  490 ,   4901 : 3.0036065502210e+00 +(1e-02,2e-02) | 5.55e+02 |  2:8.1e-04  6:2.1e-02
  491 ,   4911 : 3.0057249365385e+00 +(1e-02,2e-02) | 5.56e+02 |  2:7.3e-04  6:1.9e-02
  492 ,   4921 : 2.9996248038341e+00 +(1e-02,2e-02) | 5.41e+02 |  2:7.3e-04  6:1.9e-02
  493 ,   4931 : 2.9986043119450e+00 +(2e-02,3e-02) | 5.40e+02 |  2:8.5e-04  6:2.2e-02
  494 ,   4941 : 3.0048971323883e+00 +(1e-02,2e-02) | 5.38e+02 |  2:9.4e-04  6:2.4e-02
  495 ,   4951 : 3.0009358017976e+00 +(1e-02,2e-02) | 5.13e+02 |  2:9.3e-04  6:2.3e-02
  496 ,   4961 : 3.0027005331399e+00 +(2e-02,2e-02) | 4.88e+02 |  2:9.3e-04  6:2.3e-02
  497 ,   4971 : 3.0009786155533e+00 +(2e-02,2e-02) | 5.06e+02 |  2:9.4e-04  6:2.5e-02
  498 ,   4981 : 3.0025779191790e+00 +(1e-02,2e-02) | 5.10e+02 |  2:1.0e-03  6:2.7e-02
  499 ,   4991 : 3.0028938057320e+00 +(1e-02,3e-02) | 5.12e+02 |  2:1.0e-03  6:2.8e-02
Iterat, #Fevals:   Function Value    (median,worst) |Axis Ratio|idx:Min SD idx:Max SD
  500 ,   5001 : 3.0024520470103e+00 +(1e-02,3e-02) | 5.24e+02 |  2:9.4e-04  6:2.6e-02
  501 ,   5011 : 3.0011956742406e+00 +(2e-02,2e-02) | 5.32e+02 |  2:9.1e-04  6:2.6e-02
  502 ,   5021 : 3.0023184880023e+00 +(1e-02,2e-02) | 5.17e+02 |  2:9.1e-04  6:2.5e-02
  503 ,   5031 : 3.0034637013523e+00 +(1e-02,2e-02) | 4.91e+02 |  2:9.2e-04  6:2.5e-02
  504 ,   5041 : 3.0004090533508e+00 +(2e-02,2e-02) | 4.74e+02 |  2:9.0e-04  6:2.5e-02
  505 ,   5051 : 2.9989778108240e+00 +(1e-02,3e-02) | 4.80e+02 |  2:8.8e-04  6:2.5e-02
  506 ,   5061 : 3.0015962793233e+00 +(1e-02,2e-02) | 4.83e+02 |  2:8.4e-04  6:2.3e-02
  507 ,   5071 : 3.0041434373966e+00 +(1e-02,2e-02) | 4.88e+02 |  2:9.4e-04  6:2.4e-02
  508 ,   5081 : 3.0123323695960e+00 +(7e-03,9e-03) | 4.91e+02 |  2:1.0e-03  6:2.6e-02
  509 ,   5091 : 3.0070119430134e+00 +(7e-03,2e-02) | 4.95e+02 |  2:1.1e-03  6:2.6e-02
Iterat, #Fevals:   Function Value    (median,worst) |Axis Ratio|idx:Min SD idx:Max SD
  510 ,   5101 : 3.0070432900982e+00 +(7e-03,2e-02) | 4.97e+02 |  2:1.2e-03  6:2.9e-02
  511 ,   5111 : 3.0038100209083e+00 +(1e-02,2e-02) | 4.99e+02 |  2:1.3e-03  6:3.1e-02
  512 ,   5121 : 3.0028189159542e+00 +(1e-02,2e-02) | 5.35e+02 |  2:1.5e-03  6:3.5e-02
  513 ,   5131 : 3.0040661838966e+00 +(8e-03,2e-02) | 5.65e+02 |  2:1.6e-03  6:3.9e-02
  514 ,   5141 : 3.0023232383073e+00 +(1e-02,2e-02) | 6.03e+02 |  2:1.8e-03  6:4.5e-02
  515 ,   5151 : 3.0035324488757e+00 +(9e-03,2e-02) | 6.38e+02 |  2:1.9e-03  6:5.0e-02
  516 ,   5161 : 3.0021412097325e+00 +(2e-02,3e-02) | 6.31e+02 |  2:1.8e-03  6:4.6e-02
  517 ,   5171 : 3.0048576853975e+00 +(6e-03,1e-02) | 6.63e+02 |  2:2.0e-03  6:5.0e-02
  518 ,   5181 : 3.0023138632408e+00 +(2e-02,2e-02) | 6.48e+02 |  2:1.9e-03  6:4.7e-02
  519 ,   5191 : 3.0026644556506e+00 +(9e-03,2e-02) | 6.44e+02 |  2:1.8e-03  6:4.5e-02
Iterat, #Fevals:   Function Value    (median,worst) |Axis Ratio|idx:Min SD idx:Max SD
  520 ,   5201 : 3.0055076390760e+00 +(1e-02,2e-02) | 6.63e+02 |  2:1.8e-03  6:4.4e-02
  521 ,   5211 : 3.0026131528421e+00 +(1e-02,3e-02) | 6.53e+02 |  2:1.6e-03  6:4.1e-02
  522 ,   5221 : 3.0001077635872e+00 +(2e-02,3e-02) | 6.49e+02 |  2:1.4e-03  6:3.5e-02
  523 ,   5231 : 3.0003765078936e+00 +(2e-02,3e-02) | 6.52e+02 |  2:1.3e-03  6:3.3e-02
  524 ,   5241 : 3.0066433920911e+00 +(1e-02,2e-02) | 6.56e+02 |  2:1.3e-03  6:3.2e-02
  525 ,   5251 : 3.0031022374437e+00 +(1e-02,2e-02) | 7.06e+02 |  2:1.4e-03  6:3.4e-02
  526 ,   5261 : 3.0043698922342e+00 +(9e-03,2e-02) | 7.57e+02 |  2:1.4e-03  6:3.7e-02
  527 ,   5271 : 3.0071745194837e+00 +(1e-02,2e-02) | 7.65e+02 |  2:1.4e-03  6:3.6e-02
  528 ,   5281 : 3.0116470192938e+00 +(2e-03,7e-03) | 7.88e+02 |  2:1.4e-03  6:3.6e-02
  529 ,   5291 : 3.0005682683544e+00 +(1e-02,2e-02) | 7.80e+02 |  2:1.4e-03  6:3.6e-02
Iterat, #Fevals:   Function Value    (median,worst) |Axis Ratio|idx:Min SD idx:Max SD
  530 ,   5301 : 3.0011783096257e+00 +(1e-02,2e-02) | 7.89e+02 |  2:1.4e-03  6:3.7e-02
  531 ,   5311 : 3.0018790015781e+00 +(1e-02,2e-02) | 7.71e+02 |  2:1.4e-03  6:3.5e-02
  532 ,   5321 : 3.0127212309006e+00 +(3e-03,8e-03) | 7.69e+02 |  2:1.3e-03  6:3.5e-02
  533 ,   5331 : 3.0039463323142e+00 +(9e-03,2e-02) | 7.85e+02 |  2:1.3e-03  6:3.5e-02
  534 ,   5341 : 3.0019632684710e+00 +(1e-02,2e-02) | 7.88e+02 |  2:1.3e-03  6:3.5e-02
  535 ,   5351 : 3.0020291913276e+00 +(1e-02,2e-02) | 8.03e+02 |  2:1.2e-03  6:3.2e-02
  536 ,   5361 : 3.0046756961380e+00 +(8e-03,2e-02) | 8.18e+02 |  2:1.1e-03  6:3.0e-02
  537 ,   5371 : 3.0028291608596e+00 +(1e-02,2e-02) | 7.99e+02 |  2:1.2e-03  6:3.1e-02
  538 ,   5381 : 2.9983954294847e+00 +(8e-03,2e-02) | 7.63e+02 |  2:1.2e-03  6:3.2e-02
  539 ,   5391 : 3.0072639652525e+00 +(5e-03,1e-02) | 7.44e+02 |  2:1.3e-03  6:3.3e-02
Iterat, #Fevals:   Function Value    (median,worst) |Axis Ratio|idx:Min SD idx:Max SD
  540 ,   5401 : 3.0086234991430e+00 +(5e-03,1e-02) | 7.65e+02 |  2:1.5e-03  6:3.9e-02
  541 ,   5411 : 3.0082703096329e+00 +(8e-03,1e-02) | 7.33e+02 |  2:1.6e-03  6:4.3e-02
  542 ,   5421 : 3.0115435041392e+00 +(6e-03,2e-02) | 7.48e+02 |  2:1.9e-03  6:5.0e-02
  543 ,   5431 : 3.0023512932109e+00 +(1e-02,2e-02) | 7.43e+02 |  2:1.9e-03  6:5.1e-02
  544 ,   5441 : 3.0004021842723e+00 +(9e-03,2e-02) | 7.75e+02 |  2:1.9e-03  6:5.4e-02
  545 ,   5451 : 3.0054316000190e+00 +(8e-03,2e-02) | 7.84e+02 |  2:2.0e-03  6:5.5e-02
  546 ,   5461 : 3.0027164378967e+00 +(1e-02,2e-02) | 7.97e+02 |  2:2.2e-03  6:5.7e-02
  547 ,   5471 : 3.0045194726800e+00 +(9e-03,2e-02) | 8.17e+02 |  2:2.1e-03  6:5.6e-02
  548 ,   5481 : 3.0035238008283e+00 +(1e-02,2e-02) | 8.50e+02 |  2:2.2e-03  6:6.2e-02
  549 ,   5491 : 3.0027614616003e+00 +(2e-02,2e-02) | 8.72e+02 |  2:2.2e-03  6:6.2e-02
#Fevals:   f(returned x)   |    bestever.f     | stopflag (saved to variablescmaes134.mat)
   5492: 3.00276146160e+00 | 2.99659783702e+00 | stagnation
mean solution: +1.9e+01 +1.5e-01 +1.2e+00 +2.5e+00 +7.4e+00 +5.7e+00 +1.1e+00 +8.2e+00 +1.0e+00
std deviation:  1.3e-02  2.2e-03  5.2e-03  1.1e-02  9.5e-03  6.2e-02  1.4e-02  2.6e-02  1.7e-02
use plotcmaesdat.m for plotting the output at any time (option LogModulo must not be zero)
