
                            < M A T L A B (R) >
                  Copyright 1984-2015 The MathWorks, Inc.
                   R2015a (8.5.0.197613) 64-bit (glnxa64)
                             February 12, 2015

 
For online documentation, see http://www.mathworks.com/support
For product information, visit www.mathworks.com.
 

	Academic License

  n=9: (5,10)-CMA-ES(w=[46 27 16 9 3]%, mu_eff=3.2) on function Error
Iterat, #Fevals:   Function Value    (median,worst) |Axis Ratio|idx:Min SD idx:Max SD
    1 ,     11 : 2.6516242234952e+01 +(3e+01,5e+18) | 2.01e+01 |  3:7.3e-01  7:1.5e+01
    2 ,     21 : 4.4270593102130e+01 +(7e+00,1e+16) | 2.02e+01 |  3:6.5e-01  7:1.3e+01
    3 ,     31 : 4.1363828385163e+01 +(3e+05,4e+12) | 2.01e+01 |  3:6.3e-01  7:1.2e+01
    4 ,     41 : 1.8184790910481e+01 +(3e+01,4e+13) | 2.10e+01 |  3:6.1e-01  7:1.3e+01
    5 ,     51 : 4.7003505401575e+01 +(4e+01,6e+07) | 2.16e+01 |  3:6.2e-01  7:1.3e+01
    6 ,     61 : 1.0208936394641e+01 +(4e+01,3e+02) | 2.21e+01 |  3:6.2e-01  7:1.3e+01
    7 ,     71 : 1.4075843507519e+01 +(4e+01,5e+05) | 2.24e+01 |  3:5.8e-01  7:1.2e+01
    8 ,     81 : 1.1743671916881e+01 +(4e+01,1e+07) | 2.30e+01 |  3:5.9e-01  7:1.2e+01
    9 ,     91 : 2.3325814653252e+01 +(3e+01,4e+06) | 2.31e+01 |  3:5.6e-01  8:1.2e+01
Iterat, #Fevals:   Function Value    (median,worst) |Axis Ratio|idx:Min SD idx:Max SD
   10 ,    101 : 9.5066821725744e+00 +(4e+01,3e+03) | 2.34e+01 |  3:6.0e-01  8:1.3e+01
   11 ,    111 : 1.2217975035321e+01 +(3e+01,3e+05) | 2.35e+01 |  3:5.7e-01  8:1.2e+01
   12 ,    121 : 1.7482380442011e+01 +(2e+01,8e+03) | 2.32e+01 |  3:5.7e-01  8:1.2e+01
   13 ,    131 : 9.3450730129492e+00 +(2e+01,4e+04) | 2.29e+01 |  3:5.6e-01  8:1.2e+01
   14 ,    141 : 1.0247382382595e+01 +(2e+01,3e+02) | 2.26e+01 |  3:5.4e-01  8:1.1e+01
   15 ,    151 : 8.5233587098087e+00 +(4e+01,2e+08) | 2.31e+01 |  3:5.2e-01  8:1.1e+01
   16 ,    161 : 1.5988660541876e+01 +(3e+01,3e+09) | 2.35e+01 |  3:4.8e-01  8:1.1e+01
   17 ,    171 : 9.5891149931814e+00 +(2e+01,6e+02) | 2.38e+01 |  3:4.2e-01  8:9.3e+00
   18 ,    181 : 8.2022152634823e+00 +(3e+01,4e+05) | 2.37e+01 |  3:3.9e-01  8:8.4e+00
   19 ,    191 : 8.4966801576222e+00 +(3e+01,5e+02) | 2.32e+01 |  3:3.7e-01  8:7.8e+00
Iterat, #Fevals:   Function Value    (median,worst) |Axis Ratio|idx:Min SD idx:Max SD
   20 ,    201 : 9.5422964560284e+00 +(3e+01,3e+02) | 2.22e+01 |  3:3.9e-01  8:7.8e+00
   21 ,    211 : 1.5084626172480e+01 +(6e+01,4e+06) | 2.41e+01 |  3:3.9e-01  8:8.3e+00
   22 ,    221 : 1.0012486616368e+01 +(3e+01,2e+06) | 2.38e+01 |  3:3.9e-01  8:8.0e+00
   23 ,    231 : 1.2983836985463e+01 +(1e+01,2e+02) | 2.38e+01 |  3:3.6e-01  8:7.4e+00
   24 ,    241 : 1.4968800412564e+01 +(2e+01,1e+07) | 2.37e+01 |  3:3.2e-01  8:6.4e+00
   25 ,    251 : 9.7897003966901e+00 +(3e+01,1e+02) | 2.39e+01 |  2:3.0e-01  8:6.1e+00
   26 ,    261 : 9.7561814797871e+00 +(3e+01,2e+03) | 2.36e+01 |  2:2.8e-01  8:5.6e+00
   27 ,    271 : 1.1286130932721e+01 +(1e+01,1e+02) | 2.33e+01 |  3:2.8e-01  8:5.7e+00
   28 ,    281 : 9.9939025214803e+00 +(1e+01,3e+08) | 2.34e+01 |  3:2.7e-01  8:5.5e+00
   29 ,    291 : 1.2992684398758e+01 +(2e+01,3e+08) | 2.33e+01 |  2:2.7e-01  8:5.5e+00
Iterat, #Fevals:   Function Value    (median,worst) |Axis Ratio|idx:Min SD idx:Max SD
   30 ,    301 : 1.0379528990388e+01 +(2e+01,3e+02) | 2.49e+01 |  2:2.7e-01  8:5.8e+00
   31 ,    311 : 9.9229005611952e+00 +(6e+01,8e+07) | 2.50e+01 |  3:2.5e-01  8:5.5e+00
   32 ,    321 : 9.7898422550442e+00 +(1e+01,3e+06) | 2.58e+01 |  3:2.3e-01  8:5.3e+00
   33 ,    331 : 7.9341374590986e+00 +(2e+01,2e+08) | 2.63e+01 |  3:2.3e-01  8:5.1e+00
   34 ,    341 : 8.4620039359175e+00 +(3e+01,3e+02) | 2.64e+01 |  3:2.1e-01  8:4.7e+00
   35 ,    351 : 7.7267943013652e+00 +(1e+01,1e+02) | 2.60e+01 |  3:2.0e-01  8:4.6e+00
   36 ,    361 : 8.8165971972548e+00 +(3e+02,3e+03) | 2.64e+01 |  3:1.8e-01  8:4.2e+00
   37 ,    371 : 8.0968061968738e+00 +(7e+00,2e+03) | 2.61e+01 |  3:1.8e-01  8:4.1e+00
   38 ,    381 : 8.2054676012289e+00 +(1e+01,9e+01) | 2.59e+01 |  3:1.7e-01  8:3.8e+00
   39 ,    391 : 1.0177389440336e+01 +(2e+00,7e+01) | 2.58e+01 |  3:1.6e-01  8:3.6e+00
Iterat, #Fevals:   Function Value    (median,worst) |Axis Ratio|idx:Min SD idx:Max SD
   40 ,    401 : 1.2884402345151e+01 +(9e+00,4e+01) | 2.58e+01 |  3:1.5e-01  8:3.5e+00
   41 ,    411 : 8.9748999102229e+00 +(9e+00,6e+01) | 2.60e+01 |  3:1.5e-01  8:3.4e+00
   42 ,    421 : 8.2540458628606e+00 +(6e+00,2e+01) | 2.68e+01 |  3:1.4e-01  8:3.3e+00
   43 ,    431 : 9.1620627773482e+00 +(9e+00,7e+02) | 2.70e+01 |  3:1.3e-01  8:3.2e+00
   44 ,    441 : 7.5343825254651e+00 +(3e+00,7e+01) | 2.67e+01 |  3:1.2e-01  8:2.8e+00
   45 ,    451 : 7.3914888412105e+00 +(3e+00,1e+01) | 2.68e+01 |  3:1.1e-01  8:2.7e+00
   46 ,    461 : 6.3828027674626e+00 +(9e+00,4e+01) | 2.64e+01 |  3:1.2e-01  8:2.7e+00
   47 ,    471 : 6.1279929815770e+00 +(8e+00,2e+01) | 2.61e+01 |  3:1.3e-01  8:2.9e+00
   48 ,    481 : 6.0290969432363e+00 +(1e+01,3e+02) | 2.59e+01 |  3:1.3e-01  8:2.9e+00
   49 ,    491 : 7.1924120532383e+00 +(1e+01,2e+02) | 2.61e+01 |  3:1.2e-01  8:2.6e+00
Iterat, #Fevals:   Function Value    (median,worst) |Axis Ratio|idx:Min SD idx:Max SD
   50 ,    501 : 6.9784298706800e+00 +(3e+00,2e+01) | 2.57e+01 |  3:1.2e-01  8:2.6e+00
   51 ,    511 : 5.9615952696533e+00 +(6e+00,5e+02) | 2.57e+01 |  3:1.1e-01  8:2.5e+00
   52 ,    521 : 6.1991737915800e+00 +(7e+00,2e+02) | 2.59e+01 |  3:1.1e-01  8:2.4e+00
   53 ,    531 : 7.0483863444527e+00 +(5e+00,3e+01) | 2.69e+01 |  3:1.1e-01  8:2.7e+00
   54 ,    541 : 6.1779534749919e+00 +(5e+00,4e+01) | 2.72e+01 |  3:1.1e-01  8:2.6e+00
   55 ,    551 : 5.7170679433087e+00 +(8e+00,7e+01) | 2.68e+01 |  3:1.1e-01  8:2.6e+00
   56 ,    561 : 6.5604409426164e+00 +(3e+00,5e+01) | 2.64e+01 |  3:1.1e-01  8:2.4e+00
   57 ,    571 : 6.1775731720295e+00 +(2e+00,1e+02) | 2.69e+01 |  3:9.8e-02  8:2.3e+00
   58 ,    581 : 6.8833223867586e+00 +(3e+00,6e+02) | 2.73e+01 |  3:8.8e-02  8:2.1e+00
   59 ,    591 : 6.8199392293274e+00 +(3e+00,7e+00) | 2.74e+01 |  3:8.5e-02  8:2.1e+00
Iterat, #Fevals:   Function Value    (median,worst) |Axis Ratio|idx:Min SD idx:Max SD
   60 ,    601 : 5.9467432173258e+00 +(2e+00,4e+01) | 2.70e+01 |  3:8.8e-02  8:2.1e+00
   61 ,    611 : 5.7958095857054e+00 +(4e+00,4e+02) | 2.71e+01 |  3:8.5e-02  8:2.0e+00
   62 ,    621 : 5.4466296747628e+00 +(7e+00,1e+02) | 2.75e+01 |  3:8.7e-02  8:2.1e+00
   63 ,    631 : 6.0814969393856e+00 +(5e+00,2e+02) | 2.76e+01 |  3:8.6e-02  8:2.1e+00
   64 ,    641 : 7.0217443170083e+00 +(5e+00,2e+01) | 2.78e+01 |  3:8.7e-02  8:2.1e+00
   65 ,    651 : 6.2016834582325e+00 +(2e+00,4e+00) | 2.76e+01 |  3:8.2e-02  8:2.0e+00
   66 ,    661 : 6.1584641976281e+00 +(3e+00,1e+03) | 2.80e+01 |  3:7.6e-02  8:1.9e+00
   67 ,    671 : 6.3475793833708e+00 +(1e+00,4e+00) | 2.74e+01 |  3:7.4e-02  8:1.8e+00
   68 ,    681 : 5.7299128157397e+00 +(2e+00,5e+00) | 2.65e+01 |  3:6.8e-02  8:1.6e+00
   69 ,    691 : 6.2301470598150e+00 +(9e-01,9e+00) | 2.65e+01 |  3:6.0e-02  8:1.4e+00
Iterat, #Fevals:   Function Value    (median,worst) |Axis Ratio|idx:Min SD idx:Max SD
   70 ,    701 : 6.2512905379020e+00 +(2e+00,4e+01) | 2.67e+01 |  3:5.2e-02  8:1.2e+00
   71 ,    711 : 5.6967642365508e+00 +(1e+00,4e+00) | 2.68e+01 |  3:4.9e-02  8:1.2e+00
   72 ,    721 : 5.8231540293136e+00 +(4e-01,7e+00) | 2.73e+01 |  3:5.0e-02  8:1.2e+00
   73 ,    731 : 5.9882918459583e+00 +(7e-01,1e+01) | 2.73e+01 |  3:4.8e-02  8:1.2e+00
   74 ,    741 : 5.6419101486883e+00 +(8e-01,2e+01) | 2.70e+01 |  3:4.5e-02  8:1.1e+00
   75 ,    751 : 5.4899371109608e+00 +(2e+00,6e+00) | 2.59e+01 |  3:5.1e-02  8:1.1e+00
   76 ,    761 : 5.1158361705438e+00 +(9e-01,4e+01) | 2.61e+01 |  3:5.7e-02  8:1.2e+00
   77 ,    771 : 5.1726464731125e+00 +(8e-01,6e+00) | 2.64e+01 |  3:5.7e-02  8:1.2e+00
   78 ,    781 : 5.5944921078410e+00 +(2e+00,1e+01) | 2.62e+01 |  3:5.5e-02  8:1.1e+00
   79 ,    791 : 5.2927207058036e+00 +(1e+00,5e+00) | 2.70e+01 |  3:5.0e-02  8:1.0e+00
Iterat, #Fevals:   Function Value    (median,worst) |Axis Ratio|idx:Min SD idx:Max SD
   80 ,    801 : 5.1982806737962e+00 +(2e+00,5e+00) | 2.72e+01 |  3:5.0e-02  8:1.0e+00
   81 ,    811 : 5.0394172540489e+00 +(2e+00,9e+00) | 2.70e+01 |  3:4.8e-02  8:9.8e-01
   82 ,    821 : 4.9873727346213e+00 +(1e+00,2e+00) | 2.65e+01 |  3:5.4e-02  8:1.1e+00
   83 ,    831 : 5.7036976914511e+00 +(4e+00,6e+01) | 2.59e+01 |  3:5.8e-02  8:1.2e+00
   84 ,    841 : 5.1797898445175e+00 +(2e+00,2e+01) | 2.61e+01 |  3:5.4e-02  8:1.1e+00
   85 ,    851 : 5.1456442749852e+00 +(1e+00,6e+00) | 2.65e+01 |  3:4.9e-02  8:9.9e-01
   86 ,    861 : 4.9284424054901e+00 +(1e+00,5e+00) | 2.68e+01 |  3:4.7e-02  8:9.7e-01
   87 ,    871 : 4.9214548723812e+00 +(1e+00,4e+00) | 2.67e+01 |  3:4.9e-02  8:1.0e+00
   88 ,    881 : 4.9955030073655e+00 +(2e+00,4e+00) | 2.73e+01 |  3:4.9e-02  8:1.0e+00
   89 ,    891 : 4.9492220267712e+00 +(5e-01,2e+00) | 2.79e+01 |  3:5.0e-02  8:1.0e+00
Iterat, #Fevals:   Function Value    (median,worst) |Axis Ratio|idx:Min SD idx:Max SD
   90 ,    901 : 4.8402269384989e+00 +(1e+00,3e+01) | 2.79e+01 |  3:4.8e-02  8:1.0e+00
   91 ,    911 : 5.0015965995466e+00 +(1e+00,4e+00) | 2.84e+01 |  3:4.9e-02  8:1.0e+00
   92 ,    921 : 5.0893851637764e+00 +(1e+00,8e+00) | 2.86e+01 |  3:4.7e-02  8:9.8e-01
   93 ,    931 : 4.8399305827711e+00 +(6e-01,1e+01) | 2.84e+01 |  3:4.6e-02  8:9.7e-01
   94 ,    941 : 4.9359536052495e+00 +(8e-01,3e+00) | 3.25e+01 |  3:5.0e-02  8:1.2e+00
   95 ,    951 : 4.9900732897422e+00 +(9e-01,5e+00) | 3.35e+01 |  3:5.5e-02  8:1.4e+00
   96 ,    961 : 5.2067395761394e+00 +(1e+00,2e+01) | 3.39e+01 |  3:5.4e-02  8:1.4e+00
   97 ,    971 : 5.4557104157755e+00 +(6e-01,3e+00) | 3.41e+01 |  3:4.9e-02  8:1.2e+00
   98 ,    981 : 5.0636795506888e+00 +(4e-01,4e+00) | 3.40e+01 |  3:4.8e-02  8:1.2e+00
   99 ,    991 : 5.0767316823315e+00 +(4e-01,4e+00) | 3.38e+01 |  3:4.7e-02  8:1.1e+00
Iterat, #Fevals:   Function Value    (median,worst) |Axis Ratio|idx:Min SD idx:Max SD
  100 ,   1001 : 4.7988044199881e+00 +(7e-01,2e+00) | 3.34e+01 |  3:4.7e-02  8:1.1e+00
  101 ,   1011 : 4.9914702657687e+00 +(4e-01,2e+00) | 3.41e+01 |  3:4.5e-02  8:1.1e+00
  102 ,   1021 : 4.7552279393167e+00 +(8e-01,5e+00) | 3.41e+01 |  3:4.7e-02  8:1.1e+00
  103 ,   1031 : 4.7134907260916e+00 +(7e-01,6e+00) | 3.57e+01 |  3:4.6e-02  8:1.1e+00
  104 ,   1041 : 5.0598849642312e+00 +(3e-01,6e+00) | 3.59e+01 |  3:4.5e-02  8:1.1e+00
  105 ,   1051 : 5.1605775939484e+00 +(6e-01,8e+00) | 3.64e+01 |  3:4.4e-02  8:1.1e+00
  106 ,   1061 : 4.7153826945783e+00 +(1e+00,3e+00) | 3.65e+01 |  3:4.3e-02  8:1.1e+00
  107 ,   1071 : 5.1332922517831e+00 +(7e-01,4e+00) | 3.67e+01 |  3:4.5e-02  8:1.1e+00
  108 ,   1081 : 4.8820265096933e+00 +(7e-01,1e+00) | 3.70e+01 |  3:4.6e-02  8:1.2e+00
  109 ,   1091 : 4.6747929913909e+00 +(7e-01,4e+00) | 3.71e+01 |  3:4.5e-02  8:1.2e+00
Iterat, #Fevals:   Function Value    (median,worst) |Axis Ratio|idx:Min SD idx:Max SD
  110 ,   1101 : 4.6512838562596e+00 +(6e-01,2e+00) | 3.72e+01 |  3:4.0e-02  8:1.0e+00
  111 ,   1111 : 4.7088412437428e+00 +(4e-01,2e+00) | 3.72e+01 |  3:3.5e-02  8:8.9e-01
  112 ,   1121 : 4.5380155005568e+00 +(2e-01,2e+00) | 3.80e+01 |  3:3.4e-02  8:8.7e-01
  113 ,   1131 : 4.6713684054972e+00 +(2e-01,3e+00) | 4.03e+01 |  3:3.5e-02  8:9.6e-01
  114 ,   1141 : 4.4125102332261e+00 +(6e-01,2e+00) | 4.07e+01 |  3:3.6e-02  8:9.9e-01
  115 ,   1151 : 4.4861670875622e+00 +(3e-01,2e+00) | 4.10e+01 |  3:3.5e-02  8:9.8e-01
  116 ,   1161 : 4.4984720274236e+00 +(8e-01,3e+00) | 4.11e+01 |  3:3.3e-02  8:9.2e-01
  117 ,   1171 : 4.4294119821748e+00 +(6e-01,2e+00) | 4.13e+01 |  3:3.4e-02  8:9.6e-01
  118 ,   1181 : 4.3272478532755e+00 +(8e-01,1e+01) | 4.13e+01 |  3:3.2e-02  8:9.0e-01
  119 ,   1191 : 4.3459198075713e+00 +(5e-01,3e+00) | 4.15e+01 |  3:3.1e-02  8:8.9e-01
Iterat, #Fevals:   Function Value    (median,worst) |Axis Ratio|idx:Min SD idx:Max SD
  120 ,   1201 : 4.2616822314298e+00 +(7e-01,3e+00) | 4.18e+01 |  3:2.9e-02  8:8.3e-01
  121 ,   1211 : 4.3046094607082e+00 +(8e-01,3e+00) | 4.19e+01 |  3:2.6e-02  8:7.4e-01
  122 ,   1221 : 4.2866278730648e+00 +(3e-01,2e+00) | 4.37e+01 |  3:2.8e-02  8:8.0e-01
  123 ,   1231 : 4.2647006793746e+00 +(1e-01,7e+00) | 4.36e+01 |  3:2.8e-02  8:8.2e-01
  124 ,   1241 : 4.1679006609660e+00 +(1e+00,5e+00) | 4.32e+01 |  3:3.0e-02  8:8.7e-01
  125 ,   1251 : 4.2981960931648e+00 +(2e-01,4e+00) | 4.54e+01 |  3:3.2e-02  8:9.8e-01
  126 ,   1261 : 3.9452658731601e+00 +(8e-01,8e+00) | 4.63e+01 |  3:3.8e-02  8:1.1e+00
  127 ,   1271 : 4.0563360276306e+00 +(2e+00,1e+01) | 4.71e+01 |  3:4.4e-02  8:1.3e+00
  128 ,   1281 : 4.1294359585225e+00 +(9e-01,2e+01) | 4.82e+01 |  3:4.4e-02  8:1.3e+00
  129 ,   1291 : 3.9793868612585e+00 +(2e+00,2e+01) | 5.02e+01 |  3:4.8e-02  8:1.4e+00
Iterat, #Fevals:   Function Value    (median,worst) |Axis Ratio|idx:Min SD idx:Max SD
  130 ,   1301 : 4.0385618749593e+00 +(2e+00,2e+01) | 5.06e+01 |  3:4.6e-02  8:1.4e+00
  131 ,   1311 : 4.2428793245361e+00 +(1e+00,8e+00) | 5.13e+01 |  3:4.3e-02  8:1.3e+00
  132 ,   1321 : 4.2592117102494e+00 +(7e-01,1e+01) | 5.22e+01 |  3:4.2e-02  8:1.3e+00
  133 ,   1331 : 3.8609501123925e+00 +(1e+00,4e+00) | 5.28e+01 |  3:4.1e-02  8:1.3e+00
  134 ,   1341 : 4.2052699372283e+00 +(1e+00,9e+00) | 5.34e+01 |  3:4.0e-02  8:1.2e+00
  135 ,   1351 : 4.2333710819733e+00 +(2e+00,4e+00) | 5.36e+01 |  3:3.7e-02  8:1.1e+00
  136 ,   1361 : 4.0169162211457e+00 +(3e-01,2e+00) | 5.54e+01 |  3:4.0e-02  8:1.3e+00
  137 ,   1371 : 4.3271645253864e+00 +(4e-01,8e+00) | 5.67e+01 |  3:4.2e-02  8:1.3e+00
  138 ,   1381 : 4.0167397297383e+00 +(3e-01,1e+01) | 5.80e+01 |  3:4.1e-02  8:1.3e+00
  139 ,   1391 : 3.8454630965123e+00 +(1e+00,7e+00) | 5.88e+01 |  3:3.7e-02  8:1.2e+00
Iterat, #Fevals:   Function Value    (median,worst) |Axis Ratio|idx:Min SD idx:Max SD
  140 ,   1401 : 3.9565764561157e+00 +(5e-01,2e+00) | 5.91e+01 |  3:3.2e-02  8:1.0e+00
  141 ,   1411 : 3.8393376798169e+00 +(7e-01,3e+00) | 6.00e+01 |  3:3.0e-02  8:9.5e-01
  142 ,   1421 : 3.8001249567963e+00 +(4e-01,4e+00) | 5.99e+01 |  3:2.9e-02  8:9.3e-01
  143 ,   1431 : 3.6871423866642e+00 +(3e-01,4e+00) | 6.08e+01 |  3:2.6e-02  8:8.4e-01
  144 ,   1441 : 3.6456083962886e+00 +(5e-01,2e+00) | 6.24e+01 |  3:2.6e-02  8:8.6e-01
  145 ,   1451 : 3.4806172795103e+00 +(7e-01,4e+00) | 6.27e+01 |  3:2.7e-02  8:8.9e-01
  146 ,   1461 : 3.4849943505791e+00 +(4e-01,4e+00) | 6.32e+01 |  3:2.8e-02  8:8.9e-01
  147 ,   1471 : 3.6479365212542e+00 +(5e-01,3e+00) | 6.30e+01 |  3:2.6e-02  8:8.3e-01
  148 ,   1481 : 3.6245819341459e+00 +(5e-01,3e+00) | 6.33e+01 |  3:2.6e-02  8:8.1e-01
  149 ,   1491 : 3.8983595787386e+00 +(7e-01,1e+01) | 6.57e+01 |  3:2.5e-02  8:7.9e-01
Iterat, #Fevals:   Function Value    (median,worst) |Axis Ratio|idx:Min SD idx:Max SD
  150 ,   1501 : 3.4449766567572e+00 +(1e+00,3e+01) | 6.66e+01 |  3:2.2e-02  8:6.9e-01
  151 ,   1511 : 3.2928448983278e+00 +(4e-01,2e+00) | 6.76e+01 |  3:2.3e-02  8:6.8e-01
  152 ,   1521 : 3.3314892319320e+00 +(3e-01,5e+00) | 7.03e+01 |  3:2.4e-02  8:7.0e-01
  153 ,   1531 : 3.4740754996085e+00 +(7e-01,4e+00) | 7.20e+01 |  3:2.4e-02  8:7.0e-01
  154 ,   1541 : 3.5411826025618e+00 +(7e-01,4e+00) | 7.24e+01 |  3:2.4e-02  8:7.1e-01
  155 ,   1551 : 3.4193574452466e+00 +(3e-01,1e+00) | 7.24e+01 |  3:2.4e-02  8:7.0e-01
  156 ,   1561 : 3.4101014360918e+00 +(7e-01,3e+00) | 7.39e+01 |  3:2.2e-02  8:6.6e-01
  157 ,   1571 : 3.6548646229531e+00 +(2e-01,3e+00) | 8.09e+01 |  3:2.2e-02  8:7.1e-01
  158 ,   1581 : 3.3025686740258e+00 +(5e-01,4e+00) | 8.07e+01 |  3:2.3e-02  8:7.3e-01
  159 ,   1591 : 3.3514829894512e+00 +(2e-01,5e+00) | 8.24e+01 |  3:2.4e-02  8:7.5e-01
Iterat, #Fevals:   Function Value    (median,worst) |Axis Ratio|idx:Min SD idx:Max SD
  160 ,   1601 : 3.2520582257850e+00 +(9e-01,5e+00) | 8.26e+01 |  3:2.4e-02  8:7.2e-01
  161 ,   1611 : 3.3087155701191e+00 +(2e-01,1e+00) | 8.81e+01 |  3:2.6e-02  8:8.0e-01
  162 ,   1621 : 3.3857273172042e+00 +(1e+00,3e+00) | 8.85e+01 |  3:2.9e-02  8:9.3e-01
  163 ,   1631 : 3.2426888337153e+00 +(5e-01,4e+00) | 8.95e+01 |  3:3.0e-02  8:9.8e-01
  164 ,   1641 : 3.2001368262527e+00 +(4e-01,4e+00) | 9.03e+01 |  3:3.0e-02  8:1.0e+00
  165 ,   1651 : 3.2142407037953e+00 +(2e+00,7e+00) | 9.29e+01 |  3:3.4e-02  8:1.2e+00
  166 ,   1661 : 3.2840276471703e+00 +(4e-01,1e+01) | 9.57e+01 |  3:3.6e-02  8:1.3e+00
  167 ,   1671 : 3.2191404446686e+00 +(8e-01,5e+00) | 9.67e+01 |  3:3.6e-02  8:1.3e+00
  168 ,   1681 : 3.0478498087687e+00 +(1e+00,4e+00) | 9.63e+01 |  3:3.9e-02  8:1.3e+00
  169 ,   1691 : 4.2242222653385e+00 +(2e+00,8e+02) | 9.68e+01 |  3:3.8e-02  8:1.2e+00
Iterat, #Fevals:   Function Value    (median,worst) |Axis Ratio|idx:Min SD idx:Max SD
  170 ,   1701 : 3.0349767269883e+00 +(3e+00,4e+01) | 9.74e+01 |  3:3.6e-02  8:1.2e+00
  171 ,   1711 : 3.2207682917975e+00 +(1e+00,5e+00) | 9.72e+01 |  3:3.2e-02  8:1.0e+00
  172 ,   1721 : 3.3232692777473e+00 +(1e+00,5e+01) | 9.73e+01 |  3:3.2e-02  8:1.0e+00
  173 ,   1731 : 3.0878356567656e+00 +(1e+00,7e+00) | 9.79e+01 |  3:3.1e-02  8:1.0e+00
  174 ,   1741 : 3.0642177295017e+00 +(6e-01,5e+00) | 9.58e+01 |  3:3.2e-02  8:1.1e+00
  175 ,   1751 : 3.5480418167896e+00 +(4e+00,3e+01) | 9.62e+01 |  3:3.4e-02  8:1.1e+00
  176 ,   1761 : 3.2892066151525e+00 +(2e+00,2e+01) | 9.66e+01 |  3:3.2e-02  8:1.0e+00
  177 ,   1771 : 3.3930659994936e+00 +(8e-01,5e+00) | 9.25e+01 |  3:3.4e-02  8:1.1e+00
  178 ,   1781 : 3.4579320535485e+00 +(4e-01,6e+00) | 9.32e+01 |  3:3.4e-02  8:1.1e+00
  179 ,   1791 : 3.3577400898522e+00 +(2e+00,1e+01) | 9.17e+01 |  3:3.2e-02  8:1.0e+00
Iterat, #Fevals:   Function Value    (median,worst) |Axis Ratio|idx:Min SD idx:Max SD
  180 ,   1801 : 3.1190569951863e+00 +(4e-01,5e+00) | 9.10e+01 |  3:3.0e-02  8:9.7e-01
  181 ,   1811 : 3.3046876107559e+00 +(6e-01,1e+01) | 8.94e+01 |  3:2.9e-02  8:9.2e-01
  182 ,   1821 : 3.1531238698046e+00 +(4e-01,4e+00) | 8.91e+01 |  3:2.9e-02  8:9.3e-01
  183 ,   1831 : 3.0923815941796e+00 +(8e-01,4e+00) | 9.01e+01 |  3:2.6e-02  8:8.7e-01
  184 ,   1841 : 3.1193157951799e+00 +(9e-01,2e+01) | 9.04e+01 |  3:2.8e-02  8:9.1e-01
  185 ,   1851 : 3.1168265477445e+00 +(8e-01,8e+00) | 8.95e+01 |  3:2.7e-02  8:8.4e-01
  186 ,   1861 : 3.2241401830823e+00 +(3e+00,4e+01) | 8.93e+01 |  3:2.7e-02  8:8.3e-01
  187 ,   1871 : 3.0525484695901e+00 +(3e+00,4e+01) | 8.97e+01 |  3:2.6e-02  8:7.8e-01
  188 ,   1881 : 3.3688450857662e+00 +(9e-01,6e+00) | 8.92e+01 |  3:2.4e-02  8:7.3e-01
  189 ,   1891 : 3.0285241045133e+00 +(2e-01,6e+00) | 9.10e+01 |  3:2.3e-02  8:7.0e-01
Iterat, #Fevals:   Function Value    (median,worst) |Axis Ratio|idx:Min SD idx:Max SD
  190 ,   1901 : 3.0647464587875e+00 +(3e-01,1e+01) | 9.25e+01 |  3:2.2e-02  8:7.0e-01
  191 ,   1911 : 3.0376694543811e+00 +(2e-01,6e+00) | 9.22e+01 |  3:2.1e-02  8:6.7e-01
  192 ,   1921 : 3.0902359972268e+00 +(8e-01,4e+00) | 9.18e+01 |  3:2.0e-02  8:6.2e-01
  193 ,   1931 : 3.1134288516759e+00 +(4e-01,1e+00) | 9.12e+01 |  3:1.9e-02  8:6.0e-01
  194 ,   1941 : 3.0315355473822e+00 +(7e-01,2e+00) | 9.10e+01 |  3:1.7e-02  8:5.2e-01
  195 ,   1951 : 3.1403150188051e+00 +(4e-01,8e+00) | 9.20e+01 |  3:1.6e-02  8:4.8e-01
  196 ,   1961 : 3.0775806517383e+00 +(1e-01,7e-01) | 9.23e+01 |  3:1.5e-02  8:4.5e-01
  197 ,   1971 : 3.0418446980445e+00 +(2e-01,8e-01) | 9.65e+01 |  3:1.5e-02  8:4.8e-01
  198 ,   1981 : 3.0476449380960e+00 +(4e-01,2e+00) | 9.61e+01 |  3:1.6e-02  8:5.2e-01
  199 ,   1991 : 3.0466594535058e+00 +(1e-01,3e+00) | 9.55e+01 |  3:1.5e-02  8:5.1e-01
Iterat, #Fevals:   Function Value    (median,worst) |Axis Ratio|idx:Min SD idx:Max SD
  200 ,   2001 : 3.0208537013142e+00 +(4e-01,2e+00) | 9.65e+01 |  3:1.5e-02  8:4.9e-01
  201 ,   2011 : 3.0121181357177e+00 +(2e-01,1e+00) | 9.97e+01 |  3:1.4e-02  8:4.7e-01
  202 ,   2021 : 3.0033651141933e+00 +(5e-01,2e+00) | 9.99e+01 |  3:1.3e-02  8:4.3e-01
  203 ,   2031 : 3.0011964795348e+00 +(3e-01,9e-01) | 1.01e+02 |  3:1.2e-02  8:4.0e-01
  204 ,   2041 : 3.0553188476387e+00 +(1e-01,3e-01) | 1.01e+02 |  3:1.1e-02  8:3.7e-01
  205 ,   2051 : 3.0248913938633e+00 +(2e-01,6e-01) | 1.02e+02 |  3:1.1e-02  8:3.4e-01
  206 ,   2061 : 3.0233826248570e+00 +(6e-02,6e-01) | 1.01e+02 |  3:9.9e-03  8:3.2e-01
  207 ,   2071 : 2.9986109616979e+00 +(1e-01,5e-01) | 1.03e+02 |  3:9.7e-03  8:3.1e-01
  208 ,   2081 : 3.0058577450406e+00 +(8e-02,1e+00) | 1.02e+02 |  3:9.1e-03  8:2.9e-01
  209 ,   2091 : 3.0116460295093e+00 +(8e-02,6e-01) | 1.03e+02 |  3:8.6e-03  8:2.7e-01
Iterat, #Fevals:   Function Value    (median,worst) |Axis Ratio|idx:Min SD idx:Max SD
  210 ,   2101 : 2.9992894103475e+00 +(2e-01,4e-01) | 1.03e+02 |  3:9.7e-03  8:2.8e-01
  211 ,   2111 : 3.0095611737576e+00 +(7e-02,8e-01) | 1.05e+02 |  3:1.0e-02  8:2.9e-01
  212 ,   2121 : 3.0168797378196e+00 +(6e-02,7e-01) | 1.06e+02 |  3:1.0e-02  8:2.9e-01
  213 ,   2131 : 3.0123449630767e+00 +(1e-01,8e-01) | 1.08e+02 |  3:9.6e-03  8:2.7e-01
  214 ,   2141 : 3.0109057273617e+00 +(1e-01,1e+00) | 1.11e+02 |  3:9.6e-03  8:2.8e-01
  215 ,   2151 : 3.0070764328282e+00 +(2e-02,7e-01) | 1.12e+02 |  3:8.9e-03  8:2.6e-01
  216 ,   2161 : 3.0216132045196e+00 +(2e-01,4e-01) | 1.11e+02 |  3:8.4e-03  8:2.4e-01
  217 ,   2171 : 2.9806771746405e+00 +(3e-02,8e-01) | 1.11e+02 |  3:7.7e-03  8:2.2e-01
  218 ,   2181 : 2.9978164213251e+00 +(8e-02,2e-01) | 1.12e+02 |  3:7.8e-03  8:2.1e-01
  219 ,   2191 : 2.9966012060836e+00 +(5e-02,3e-01) | 1.12e+02 |  3:7.3e-03  8:2.0e-01
Iterat, #Fevals:   Function Value    (median,worst) |Axis Ratio|idx:Min SD idx:Max SD
  220 ,   2201 : 2.9950730207618e+00 +(3e-02,6e-01) | 1.12e+02 |  3:6.6e-03  8:1.8e-01
  221 ,   2211 : 2.9831694194730e+00 +(5e-02,1e-01) | 1.10e+02 |  3:6.3e-03  8:1.6e-01
  222 ,   2221 : 2.9889298403936e+00 +(3e-02,1e-01) | 1.10e+02 |  3:6.3e-03  8:1.6e-01
  223 ,   2231 : 3.0074249308315e+00 +(3e-02,4e-01) | 1.11e+02 |  3:6.4e-03  8:1.6e-01
  224 ,   2241 : 3.0062671514995e+00 +(3e-02,3e-01) | 1.12e+02 |  3:6.2e-03  8:1.5e-01
  225 ,   2251 : 2.9999675666414e+00 +(4e-02,3e-01) | 1.11e+02 |  3:6.3e-03  8:1.4e-01
  226 ,   2261 : 2.9880559366365e+00 +(5e-02,1e-01) | 1.11e+02 |  3:5.5e-03  8:1.2e-01
  227 ,   2271 : 2.9972217471036e+00 +(2e-02,6e-02) | 1.14e+02 |  3:5.4e-03  8:1.2e-01
  228 ,   2281 : 2.9851170455435e+00 +(4e-02,1e-01) | 1.15e+02 |  3:4.8e-03  8:1.1e-01
  229 ,   2291 : 2.9920433559752e+00 +(2e-02,8e-02) | 1.15e+02 |  3:4.3e-03  8:9.7e-02
Iterat, #Fevals:   Function Value    (median,worst) |Axis Ratio|idx:Min SD idx:Max SD
  230 ,   2301 : 2.9929262587719e+00 +(2e-02,5e-02) | 1.12e+02 |  3:4.2e-03  8:9.1e-02
  231 ,   2311 : 2.9891581640853e+00 +(2e-02,9e-02) | 1.13e+02 |  3:4.4e-03  8:9.2e-02
  232 ,   2321 : 2.9857522797099e+00 +(2e-02,6e-02) | 1.19e+02 |  3:4.6e-03  8:1.0e-01
  233 ,   2331 : 2.9974280144124e+00 +(6e-03,2e-02) | 1.20e+02 |  3:4.4e-03  8:9.7e-02
  234 ,   2341 : 3.0049608707346e+00 +(1e-02,1e-01) | 1.21e+02 |  3:4.4e-03  8:9.7e-02
  235 ,   2351 : 2.9850847029061e+00 +(2e-02,5e-02) | 1.25e+02 |  3:4.2e-03  8:9.4e-02
  236 ,   2361 : 2.9910406622103e+00 +(2e-02,5e-02) | 1.30e+02 |  3:4.0e-03  8:9.2e-02
  237 ,   2371 : 2.9947313910941e+00 +(2e-02,3e-02) | 1.32e+02 |  3:4.2e-03  8:9.6e-02
  238 ,   2381 : 2.9956546509984e+00 +(1e-02,3e-02) | 1.30e+02 |  3:4.3e-03  8:1.0e-01
  239 ,   2391 : 2.9873853277987e+00 +(2e-02,5e-02) | 1.28e+02 |  3:4.4e-03  8:1.0e-01
Iterat, #Fevals:   Function Value    (median,worst) |Axis Ratio|idx:Min SD idx:Max SD
  240 ,   2401 : 2.9995175834361e+00 +(9e-03,7e-02) | 1.32e+02 |  3:4.7e-03  8:1.1e-01
  241 ,   2411 : 2.9815556899877e+00 +(3e-02,7e-02) | 1.32e+02 |  3:4.4e-03  8:1.0e-01
  242 ,   2421 : 2.9855732622576e+00 +(2e-02,1e-01) | 1.31e+02 |  3:4.1e-03  8:9.8e-02
  243 ,   2431 : 2.9933165537903e+00 +(1e-02,3e-02) | 1.32e+02 |  3:3.8e-03  8:9.0e-02
  244 ,   2441 : 2.9926915994379e+00 +(1e-02,5e-02) | 1.32e+02 |  3:3.4e-03  8:8.0e-02
  245 ,   2451 : 2.9916131964656e+00 +(1e-02,3e-02) | 1.36e+02 |  3:2.9e-03  8:7.1e-02
  246 ,   2461 : 2.9804491677092e+00 +(2e-02,4e-02) | 1.41e+02 |  3:2.8e-03  8:7.0e-02
  247 ,   2471 : 2.9874776139115e+00 +(2e-02,3e-02) | 1.45e+02 |  3:3.1e-03  8:7.8e-02
  248 ,   2481 : 2.9866956648996e+00 +(2e-02,3e-02) | 1.55e+02 |  3:3.1e-03  8:8.3e-02
  249 ,   2491 : 2.9914306465949e+00 +(1e-02,3e-02) | 1.56e+02 |  3:3.0e-03  8:8.1e-02
Iterat, #Fevals:   Function Value    (median,worst) |Axis Ratio|idx:Min SD idx:Max SD
  250 ,   2501 : 2.9839418018317e+00 +(1e-02,3e-02) | 1.55e+02 |  3:3.3e-03  8:8.3e-02
  251 ,   2511 : 2.9960614452027e+00 +(7e-03,3e-02) | 1.57e+02 |  3:3.3e-03  8:8.3e-02
  252 ,   2521 : 2.9876379002702e+00 +(1e-02,3e-02) | 1.58e+02 |  3:3.0e-03  8:7.6e-02
  253 ,   2531 : 2.9902362743872e+00 +(2e-02,3e-02) | 1.61e+02 |  3:3.0e-03  8:7.8e-02
  254 ,   2541 : 2.9937718832950e+00 +(8e-03,2e-02) | 1.77e+02 |  3:3.3e-03  8:9.2e-02
  255 ,   2551 : 2.9952206642410e+00 +(6e-03,2e-02) | 1.89e+02 |  3:3.9e-03  8:1.1e-01
  256 ,   2561 : 2.9863470009316e+00 +(2e-02,2e-02) | 1.91e+02 |  3:4.2e-03  8:1.2e-01
  257 ,   2571 : 2.9864665627760e+00 +(2e-02,3e-02) | 1.91e+02 |  3:4.4e-03  8:1.2e-01
  258 ,   2581 : 2.9923362331915e+00 +(6e-03,1e-02) | 1.91e+02 |  3:4.1e-03  8:1.1e-01
  259 ,   2591 : 2.9894478581616e+00 +(9e-03,2e-02) | 1.91e+02 |  3:3.7e-03  8:1.0e-01
Iterat, #Fevals:   Function Value    (median,worst) |Axis Ratio|idx:Min SD idx:Max SD
  260 ,   2601 : 2.9909175362950e+00 +(1e-02,5e-02) | 1.87e+02 |  3:3.5e-03  8:9.6e-02
  261 ,   2611 : 2.9875787559020e+00 +(2e-02,3e-02) | 1.88e+02 |  3:3.1e-03  8:8.3e-02
  262 ,   2621 : 2.9817778972147e+00 +(2e-02,3e-02) | 1.88e+02 |  3:2.6e-03  8:6.9e-02
  263 ,   2631 : 2.9875602082592e+00 +(1e-02,2e-02) | 1.96e+02 |  3:2.4e-03  8:6.7e-02
  264 ,   2641 : 2.9961360979226e+00 +(2e-03,6e-03) | 1.98e+02 |  3:2.3e-03  8:6.3e-02
  265 ,   2651 : 2.9911155365906e+00 +(7e-03,1e-02) | 1.99e+02 |  3:2.3e-03  8:6.2e-02
  266 ,   2661 : 2.9883366942225e+00 +(1e-02,2e-02) | 1.99e+02 |  3:2.2e-03  8:6.1e-02
  267 ,   2671 : 2.9952226463474e+00 +(5e-03,2e-02) | 1.98e+02 |  3:2.3e-03  8:6.6e-02
  268 ,   2681 : 2.9868193012748e+00 +(1e-02,2e-02) | 1.95e+02 |  3:2.6e-03  8:7.1e-02
  269 ,   2691 : 2.9858218643164e+00 +(1e-02,2e-02) | 1.99e+02 |  3:2.7e-03  8:7.5e-02
Iterat, #Fevals:   Function Value    (median,worst) |Axis Ratio|idx:Min SD idx:Max SD
  270 ,   2701 : 2.9943830339008e+00 +(7e-03,2e-02) | 2.04e+02 |  3:3.0e-03  8:7.8e-02
  271 ,   2711 : 2.9964884769658e+00 +(7e-03,9e-03) | 2.04e+02 |  3:3.1e-03  8:8.1e-02
  272 ,   2721 : 2.9911766846987e+00 +(8e-03,2e-02) | 2.09e+02 |  3:3.0e-03  8:7.8e-02
  273 ,   2731 : 2.9881016959514e+00 +(1e-02,2e-02) | 2.10e+02 |  3:3.2e-03  8:8.4e-02
  274 ,   2741 : 2.9900007479405e+00 +(1e-02,2e-02) | 2.11e+02 |  3:3.1e-03  8:8.2e-02
  275 ,   2751 : 2.9819931312027e+00 +(1e-02,2e-02) | 2.09e+02 |  3:2.7e-03  8:7.3e-02
  276 ,   2761 : 2.9944497836397e+00 +(5e-03,9e-03) | 2.14e+02 |  3:2.6e-03  8:7.0e-02
  277 ,   2771 : 2.9804242129633e+00 +(1e-02,3e-02) | 2.30e+02 |  3:2.6e-03  8:7.5e-02
  278 ,   2781 : 2.9863966749210e+00 +(2e-02,2e-02) | 2.32e+02 |  3:2.5e-03  8:7.4e-02
  279 ,   2791 : 2.9876001818299e+00 +(1e-02,2e-02) | 2.32e+02 |  3:2.6e-03  8:7.6e-02
Iterat, #Fevals:   Function Value    (median,worst) |Axis Ratio|idx:Min SD idx:Max SD
  280 ,   2801 : 2.9867787426543e+00 +(1e-02,2e-02) | 2.33e+02 |  3:2.4e-03  8:6.9e-02
  281 ,   2811 : 2.9808939455175e+00 +(1e-02,2e-02) | 2.32e+02 |  3:2.2e-03  8:6.3e-02
  282 ,   2821 : 2.9904209177980e+00 +(8e-03,1e-02) | 2.33e+02 |  3:2.0e-03  8:5.8e-02
  283 ,   2831 : 2.9826705857093e+00 +(1e-02,2e-02) | 2.29e+02 |  3:2.0e-03  8:5.8e-02
  284 ,   2841 : 2.9894455363499e+00 +(1e-02,2e-02) | 2.30e+02 |  3:2.2e-03  8:6.2e-02
  285 ,   2851 : 2.9900306078577e+00 +(4e-03,2e-02) | 2.29e+02 |  3:2.2e-03  8:6.3e-02
  286 ,   2861 : 2.9861904591115e+00 +(1e-02,2e-02) | 2.35e+02 |  3:2.1e-03  8:6.1e-02
  287 ,   2871 : 2.9886689082228e+00 +(1e-02,2e-02) | 2.42e+02 |  3:2.0e-03  8:5.9e-02
  288 ,   2881 : 2.9799811444234e+00 +(1e-02,3e-02) | 2.63e+02 |  3:2.1e-03  8:6.7e-02
  289 ,   2891 : 2.9835425058560e+00 +(1e-02,3e-02) | 2.64e+02 |  3:2.1e-03  8:6.8e-02
Iterat, #Fevals:   Function Value    (median,worst) |Axis Ratio|idx:Min SD idx:Max SD
  290 ,   2901 : 2.9832287830104e+00 +(2e-02,2e-02) | 2.77e+02 |  3:2.1e-03  8:7.0e-02
  291 ,   2911 : 2.9852785422724e+00 +(2e-02,2e-02) | 2.81e+02 |  3:2.3e-03  8:7.3e-02
  292 ,   2921 : 2.9883705972701e+00 +(1e-02,2e-02) | 2.90e+02 |  3:2.4e-03  8:7.8e-02
  293 ,   2931 : 2.9877311751822e+00 +(1e-02,3e-02) | 2.98e+02 |  3:2.5e-03  8:8.3e-02
  294 ,   2941 : 2.9861885483643e+00 +(2e-02,3e-02) | 3.09e+02 |  3:2.3e-03  8:7.7e-02
  295 ,   2951 : 2.9844960823803e+00 +(1e-02,3e-02) | 3.10e+02 |  3:2.3e-03  8:7.7e-02
  296 ,   2961 : 2.9893326641402e+00 +(1e-02,2e-02) | 3.12e+02 |  3:2.5e-03  8:8.1e-02
  297 ,   2971 : 2.9863108032853e+00 +(3e-03,2e-02) | 3.13e+02 |  3:2.4e-03  8:7.8e-02
  298 ,   2981 : 2.9849604199831e+00 +(2e-02,2e-02) | 3.23e+02 |  3:2.2e-03  8:7.4e-02
  299 ,   2991 : 2.9898237829992e+00 +(1e-02,1e-02) | 3.32e+02 |  3:2.2e-03  8:7.8e-02
Iterat, #Fevals:   Function Value    (median,worst) |Axis Ratio|idx:Min SD idx:Max SD
  300 ,   3001 : 2.9910386520458e+00 +(8e-03,1e-02) | 3.53e+02 |  3:2.4e-03  8:9.0e-02
  301 ,   3011 : 2.9857532607233e+00 +(1e-02,2e-02) | 3.64e+02 |  3:2.2e-03  8:8.6e-02
  302 ,   3021 : 2.9802237537818e+00 +(2e-02,3e-02) | 3.57e+02 |  3:2.0e-03  8:7.6e-02
  303 ,   3031 : 2.9861601336201e+00 +(1e-02,2e-02) | 3.52e+02 |  3:1.9e-03  8:7.2e-02
  304 ,   3041 : 2.9817951633603e+00 +(1e-02,2e-02) | 3.67e+02 |  3:1.7e-03  8:7.1e-02
  305 ,   3051 : 2.9822861462091e+00 +(2e-02,3e-02) | 3.88e+02 |  3:1.8e-03  8:7.7e-02
  306 ,   3061 : 2.9892464658324e+00 +(1e-02,2e-02) | 4.08e+02 |  3:1.9e-03  8:8.6e-02
  307 ,   3071 : 2.9869188010857e+00 +(1e-02,2e-02) | 4.14e+02 |  3:2.0e-03  8:9.2e-02
  308 ,   3081 : 2.9901128683019e+00 +(1e-02,2e-02) | 4.09e+02 |  3:1.9e-03  8:8.5e-02
  309 ,   3091 : 2.9838178633970e+00 +(2e-02,2e-02) | 4.17e+02 |  3:1.8e-03  8:8.3e-02
Iterat, #Fevals:   Function Value    (median,worst) |Axis Ratio|idx:Min SD idx:Max SD
  310 ,   3101 : 2.9901187295366e+00 +(9e-03,2e-02) | 4.19e+02 |  3:1.7e-03  8:7.9e-02
  311 ,   3111 : 2.9831408215805e+00 +(2e-02,2e-02) | 4.24e+02 |  3:1.7e-03  8:7.6e-02
  312 ,   3121 : 2.9863271479505e+00 +(1e-02,2e-02) | 4.23e+02 |  3:1.7e-03  8:7.9e-02
  313 ,   3131 : 2.9850424786481e+00 +(1e-02,2e-02) | 4.30e+02 |  3:1.8e-03  8:8.3e-02
  314 ,   3141 : 2.9790759872041e+00 +(2e-02,3e-02) | 4.36e+02 |  3:1.9e-03  8:8.9e-02
  315 ,   3151 : 2.9835663600953e+00 +(1e-02,2e-02) | 4.36e+02 |  3:2.0e-03  8:9.4e-02
  316 ,   3161 : 2.9839324272590e+00 +(2e-02,2e-02) | 4.32e+02 |  3:2.0e-03  8:9.0e-02
  317 ,   3171 : 2.9816784861453e+00 +(1e-02,3e-02) | 4.25e+02 |  3:2.0e-03  8:9.1e-02
  318 ,   3181 : 2.9842411079620e+00 +(1e-02,2e-02) | 4.24e+02 |  3:1.9e-03  8:8.6e-02
  319 ,   3191 : 2.9798095137797e+00 +(2e-02,3e-02) | 4.27e+02 |  3:1.7e-03  8:7.5e-02
Iterat, #Fevals:   Function Value    (median,worst) |Axis Ratio|idx:Min SD idx:Max SD
  320 ,   3201 : 2.9871380440946e+00 +(1e-02,2e-02) | 4.22e+02 |  3:1.6e-03  8:7.3e-02
  321 ,   3211 : 2.9833068179822e+00 +(1e-02,3e-02) | 4.36e+02 |  3:1.7e-03  8:8.0e-02
  322 ,   3221 : 2.9828282127958e+00 +(1e-02,2e-02) | 4.32e+02 |  3:1.7e-03  8:8.0e-02
  323 ,   3231 : 2.9814263894760e+00 +(7e-03,2e-02) | 4.30e+02 |  3:1.7e-03  8:7.7e-02
  324 ,   3241 : 2.9846152305549e+00 +(9e-03,2e-02) | 4.30e+02 |  3:1.6e-03  8:7.2e-02
  325 ,   3251 : 2.9802562950905e+00 +(1e-02,2e-02) | 4.36e+02 |  3:1.4e-03  8:6.7e-02
  326 ,   3261 : 2.9793153653746e+00 +(1e-02,2e-02) | 4.31e+02 |  3:1.5e-03  8:6.5e-02
  327 ,   3271 : 2.9816671728447e+00 +(4e-03,2e-02) | 4.21e+02 |  3:1.5e-03  8:6.2e-02
  328 ,   3281 : 2.9809326815568e+00 +(1e-02,2e-02) | 4.19e+02 |  3:1.4e-03  8:6.0e-02
  329 ,   3291 : 2.9846236440552e+00 +(1e-02,2e-02) | 4.15e+02 |  3:1.4e-03  8:6.0e-02
Iterat, #Fevals:   Function Value    (median,worst) |Axis Ratio|idx:Min SD idx:Max SD
  330 ,   3301 : 2.9857307876704e+00 +(1e-02,2e-02) | 4.29e+02 |  3:1.4e-03  8:6.0e-02
  331 ,   3311 : 2.9827056216954e+00 +(4e-03,2e-02) | 4.30e+02 |  3:1.5e-03  8:6.2e-02
  332 ,   3321 : 2.9828597473851e+00 +(1e-02,2e-02) | 4.45e+02 |  3:1.6e-03  8:7.1e-02
  333 ,   3331 : 2.9817543470175e+00 +(7e-03,2e-02) | 4.55e+02 |  3:1.8e-03  8:7.8e-02
  334 ,   3341 : 2.9786782430656e+00 +(2e-02,2e-02) | 4.58e+02 |  3:1.7e-03  8:7.5e-02
  335 ,   3351 : 2.9821511661560e+00 +(1e-02,2e-02) | 4.51e+02 |  3:1.7e-03  8:7.5e-02
  336 ,   3361 : 2.9810599046806e+00 +(2e-02,2e-02) | 4.80e+02 |  3:1.8e-03  8:8.3e-02
  337 ,   3371 : 2.9812788821676e+00 +(2e-02,2e-02) | 4.87e+02 |  3:1.7e-03  8:8.0e-02
  338 ,   3381 : 2.9799525780394e+00 +(1e-02,2e-02) | 4.78e+02 |  3:1.8e-03  8:8.1e-02
  339 ,   3391 : 2.9842748028621e+00 +(1e-02,2e-02) | 4.78e+02 |  3:1.7e-03  8:7.7e-02
Iterat, #Fevals:   Function Value    (median,worst) |Axis Ratio|idx:Min SD idx:Max SD
  340 ,   3401 : 2.9803700129931e+00 +(1e-02,3e-02) | 4.80e+02 |  3:1.6e-03  8:7.2e-02
  341 ,   3411 : 2.9822013788859e+00 +(8e-03,2e-02) | 4.82e+02 |  3:1.4e-03  8:6.5e-02
  342 ,   3421 : 2.9808849665090e+00 +(1e-02,2e-02) | 4.80e+02 |  3:1.5e-03  8:6.4e-02
  343 ,   3431 : 2.9814370724787e+00 +(1e-02,2e-02) | 5.28e+02 |  3:1.7e-03  8:7.8e-02
  344 ,   3441 : 2.9865342681821e+00 +(1e-02,1e-02) | 5.31e+02 |  3:1.6e-03  8:7.8e-02
  345 ,   3451 : 2.9814464765848e+00 +(9e-03,2e-02) | 5.29e+02 |  3:1.7e-03  8:7.9e-02
  346 ,   3461 : 2.9858385239305e+00 +(1e-02,1e-02) | 5.27e+02 |  3:1.6e-03  8:7.5e-02
  347 ,   3471 : 2.9772801546813e+00 +(2e-02,2e-02) | 5.24e+02 |  3:1.5e-03  8:7.0e-02
  348 ,   3481 : 2.9819966518650e+00 +(9e-03,2e-02) | 5.26e+02 |  3:1.6e-03  8:7.1e-02
  349 ,   3491 : 2.9852859546899e+00 +(9e-03,2e-02) | 5.14e+02 |  3:1.6e-03  8:6.7e-02
Iterat, #Fevals:   Function Value    (median,worst) |Axis Ratio|idx:Min SD idx:Max SD
  350 ,   3501 : 2.9833627529908e+00 +(9e-03,2e-02) | 5.14e+02 |  3:1.5e-03  8:6.2e-02
  351 ,   3511 : 2.9844456445014e+00 +(1e-02,2e-02) | 5.12e+02 |  3:1.5e-03  8:6.2e-02
  352 ,   3521 : 2.9908615087158e+00 +(9e-03,2e-02) | 5.08e+02 |  3:1.5e-03  8:6.0e-02
  353 ,   3531 : 2.9816832635321e+00 +(2e-02,2e-02) | 5.10e+02 |  3:1.5e-03  8:5.8e-02
  354 ,   3541 : 2.9861849609957e+00 +(1e-02,2e-02) | 5.12e+02 |  3:1.5e-03  8:5.9e-02
  355 ,   3551 : 2.9873774313700e+00 +(1e-02,2e-02) | 4.98e+02 |  3:1.5e-03  8:6.1e-02
  356 ,   3561 : 2.9817724815855e+00 +(1e-02,3e-02) | 4.91e+02 |  3:1.5e-03  8:6.1e-02
  357 ,   3571 : 2.9855377205177e+00 +(9e-03,2e-02) | 4.98e+02 |  3:1.6e-03  8:6.2e-02
  358 ,   3581 : 2.9851925794720e+00 +(1e-02,2e-02) | 4.98e+02 |  3:1.6e-03  8:6.0e-02
  359 ,   3591 : 2.9833803037151e+00 +(1e-02,1e-02) | 4.96e+02 |  3:1.5e-03  8:5.6e-02
Iterat, #Fevals:   Function Value    (median,worst) |Axis Ratio|idx:Min SD idx:Max SD
  360 ,   3601 : 2.9828768418546e+00 +(8e-03,1e-02) | 4.57e+02 |  3:1.5e-03  8:5.7e-02
  361 ,   3611 : 2.9849844235187e+00 +(1e-02,2e-02) | 4.53e+02 |  3:1.7e-03  8:6.4e-02
  362 ,   3621 : 2.9819566230621e+00 +(1e-02,2e-02) | 4.52e+02 |  3:1.8e-03  8:6.8e-02
  363 ,   3631 : 2.9814439895094e+00 +(1e-02,2e-02) | 4.55e+02 |  3:1.7e-03  8:6.4e-02
  364 ,   3641 : 2.9839710999804e+00 +(9e-03,2e-02) | 4.53e+02 |  3:1.9e-03  8:6.6e-02
  365 ,   3651 : 2.9802192137472e+00 +(2e-02,2e-02) | 4.48e+02 |  3:1.6e-03  8:5.8e-02
  366 ,   3661 : 2.9815960452096e+00 +(9e-03,2e-02) | 4.44e+02 |  3:1.6e-03  8:5.4e-02
  367 ,   3671 : 2.9811333271401e+00 +(1e-02,2e-02) | 4.46e+02 |  3:1.5e-03  8:5.1e-02
  368 ,   3681 : 2.9807801308169e+00 +(1e-02,2e-02) | 4.66e+02 |  3:1.4e-03  8:5.2e-02
  369 ,   3691 : 2.9777889051572e+00 +(1e-02,3e-02) | 4.55e+02 |  3:1.4e-03  8:5.0e-02
Iterat, #Fevals:   Function Value    (median,worst) |Axis Ratio|idx:Min SD idx:Max SD
  370 ,   3701 : 2.9776497378771e+00 +(2e-02,2e-02) | 4.49e+02 |  3:1.4e-03  8:5.0e-02
  371 ,   3711 : 2.9860551935234e+00 +(9e-03,2e-02) | 4.64e+02 |  3:1.5e-03  8:5.4e-02
  372 ,   3721 : 2.9807103270102e+00 +(1e-02,2e-02) | 4.53e+02 |  3:1.4e-03  8:5.2e-02
  373 ,   3731 : 2.9869602291963e+00 +(8e-03,1e-02) | 4.55e+02 |  3:1.4e-03  8:5.1e-02
  374 ,   3741 : 2.9807421553621e+00 +(4e-03,2e-02) | 4.51e+02 |  3:1.3e-03  8:4.7e-02
  375 ,   3751 : 2.9797303253469e+00 +(2e-02,2e-02) | 4.47e+02 |  3:1.1e-03  8:4.2e-02
  376 ,   3761 : 2.9825785426456e+00 +(1e-02,2e-02) | 4.47e+02 |  3:1.0e-03  8:3.7e-02
  377 ,   3771 : 2.9858730672795e+00 +(1e-02,2e-02) | 4.46e+02 |  3:9.7e-04  8:3.6e-02
  378 ,   3781 : 2.9820434046533e+00 +(2e-02,2e-02) | 4.52e+02 |  3:9.7e-04  8:3.5e-02
  379 ,   3791 : 2.9823375878021e+00 +(1e-02,1e-02) | 4.48e+02 |  3:8.9e-04  8:3.3e-02
Iterat, #Fevals:   Function Value    (median,worst) |Axis Ratio|idx:Min SD idx:Max SD
  380 ,   3801 : 2.9813307251335e+00 +(8e-03,2e-02) | 4.43e+02 |  3:7.8e-04  8:2.8e-02
  381 ,   3811 : 2.9827820308043e+00 +(1e-02,2e-02) | 4.46e+02 |  3:7.1e-04  8:2.6e-02
  382 ,   3821 : 2.9833169842344e+00 +(1e-02,2e-02) | 4.57e+02 |  3:6.9e-04  8:2.6e-02
  383 ,   3831 : 2.9796445858603e+00 +(2e-02,2e-02) | 4.67e+02 |  3:7.3e-04  8:2.8e-02
  384 ,   3841 : 2.9945300853553e+00 +(2e-03,7e-03) | 4.68e+02 |  3:6.9e-04  8:2.7e-02
  385 ,   3851 : 2.9920356246162e+00 +(4e-03,1e-02) | 4.69e+02 |  3:6.4e-04  8:2.4e-02
  386 ,   3861 : 2.9825010354571e+00 +(1e-02,2e-02) | 4.67e+02 |  3:7.1e-04  8:2.5e-02
  387 ,   3871 : 2.9779086725978e+00 +(9e-03,2e-02) | 4.73e+02 |  3:7.6e-04  8:2.6e-02
  388 ,   3881 : 2.9816226149461e+00 +(1e-02,2e-02) | 4.55e+02 |  3:8.4e-04  8:2.8e-02
  389 ,   3891 : 2.9821683358606e+00 +(1e-02,2e-02) | 4.47e+02 |  3:8.3e-04  8:2.7e-02
Iterat, #Fevals:   Function Value    (median,worst) |Axis Ratio|idx:Min SD idx:Max SD
  390 ,   3901 : 2.9801749562157e+00 +(2e-02,2e-02) | 4.47e+02 |  3:8.3e-04  8:2.7e-02
  391 ,   3911 : 2.9811888512861e+00 +(1e-02,2e-02) | 4.36e+02 |  3:7.3e-04  8:2.4e-02
  392 ,   3921 : 2.9779201232196e+00 +(2e-02,2e-02) | 4.40e+02 |  3:7.2e-04  8:2.4e-02
  393 ,   3931 : 2.9806295387052e+00 +(1e-02,2e-02) | 4.35e+02 |  3:6.9e-04  8:2.2e-02
  394 ,   3941 : 2.9783958393152e+00 +(2e-02,2e-02) | 4.39e+02 |  3:6.9e-04  8:2.2e-02
  395 ,   3951 : 2.9832058738200e+00 +(1e-02,2e-02) | 4.56e+02 |  3:7.4e-04  8:2.4e-02
  396 ,   3961 : 2.9777844599675e+00 +(2e-02,2e-02) | 4.60e+02 |  3:7.6e-04  8:2.5e-02
  397 ,   3971 : 2.9891668921688e+00 +(9e-03,1e-02) | 4.67e+02 |  3:7.6e-04  8:2.5e-02
  398 ,   3981 : 2.9795599724897e+00 +(2e-02,3e-02) | 4.71e+02 |  3:7.3e-04  8:2.4e-02
  399 ,   3991 : 2.9801457714503e+00 +(1e-02,2e-02) | 4.69e+02 |  3:6.8e-04  8:2.2e-02
Iterat, #Fevals:   Function Value    (median,worst) |Axis Ratio|idx:Min SD idx:Max SD
  400 ,   4001 : 2.9825488438417e+00 +(9e-03,2e-02) | 4.73e+02 |  2:7.0e-04  8:2.2e-02
  401 ,   4011 : 2.9794601903027e+00 +(1e-02,2e-02) | 4.74e+02 |  2:6.6e-04  8:2.0e-02
  402 ,   4021 : 2.9814809724016e+00 +(1e-02,2e-02) | 4.79e+02 |  2:5.9e-04  8:1.8e-02
  403 ,   4031 : 2.9803755185600e+00 +(1e-02,2e-02) | 4.76e+02 |  2:5.9e-04  8:1.8e-02
  404 ,   4041 : 2.9774892540157e+00 +(2e-02,2e-02) | 4.93e+02 |  2:6.3e-04  8:1.9e-02
  405 ,   4051 : 2.9821713905609e+00 +(7e-03,2e-02) | 5.07e+02 |  2:7.1e-04  8:2.2e-02
  406 ,   4061 : 2.9792729275553e+00 +(1e-02,3e-02) | 5.08e+02 |  2:8.0e-04  8:2.4e-02
  407 ,   4071 : 2.9790980895891e+00 +(1e-02,2e-02) | 5.14e+02 |  2:9.0e-04  8:2.8e-02
  408 ,   4081 : 2.9837728115475e+00 +(1e-02,2e-02) | 5.08e+02 |  2:9.7e-04  8:3.0e-02
  409 ,   4091 : 2.9800063176687e+00 +(1e-02,2e-02) | 5.08e+02 |  2:9.4e-04  8:2.9e-02
Iterat, #Fevals:   Function Value    (median,worst) |Axis Ratio|idx:Min SD idx:Max SD
  410 ,   4101 : 2.9840156119031e+00 +(8e-03,1e-02) | 4.95e+02 |  2:9.3e-04  8:2.9e-02
  411 ,   4111 : 2.9811130938973e+00 +(2e-02,2e-02) | 4.93e+02 |  2:9.0e-04  8:2.8e-02
  412 ,   4121 : 2.9799918665557e+00 +(2e-02,2e-02) | 4.89e+02 |  2:9.3e-04  8:2.9e-02
  413 ,   4131 : 2.9813891749600e+00 +(1e-02,2e-02) | 4.82e+02 |  2:9.0e-04  8:2.8e-02
  414 ,   4141 : 2.9787342749363e+00 +(1e-02,2e-02) | 4.96e+02 |  2:8.3e-04  8:2.7e-02
  415 ,   4151 : 2.9823817255497e+00 +(1e-02,2e-02) | 5.11e+02 |  2:8.8e-04  8:2.9e-02
  416 ,   4161 : 2.9804505876892e+00 +(1e-02,2e-02) | 5.19e+02 |  2:8.7e-04  8:2.8e-02
  417 ,   4171 : 2.9823869265344e+00 +(1e-02,2e-02) | 5.22e+02 |  2:8.5e-04  8:2.8e-02
  418 ,   4181 : 2.9805434094557e+00 +(8e-03,2e-02) | 5.22e+02 |  2:7.5e-04  8:2.5e-02
  419 ,   4191 : 2.9783797480001e+00 +(2e-02,2e-02) | 4.96e+02 |  2:7.5e-04  8:2.4e-02
Iterat, #Fevals:   Function Value    (median,worst) |Axis Ratio|idx:Min SD idx:Max SD
  420 ,   4201 : 2.9818837272790e+00 +(1e-02,2e-02) | 4.93e+02 |  2:7.5e-04  8:2.4e-02
  421 ,   4211 : 2.9795192022410e+00 +(1e-02,2e-02) | 4.90e+02 |  2:6.9e-04  8:2.2e-02
  422 ,   4221 : 2.9788634387280e+00 +(1e-02,2e-02) | 4.83e+02 |  2:6.5e-04  8:2.1e-02
  423 ,   4231 : 2.9815379564578e+00 +(1e-02,2e-02) | 4.60e+02 |  2:6.2e-04  8:2.0e-02
  424 ,   4241 : 2.9794683199567e+00 +(1e-02,2e-02) | 4.56e+02 |  2:5.4e-04  8:1.7e-02
  425 ,   4251 : 2.9781724073521e+00 +(2e-02,3e-02) | 4.47e+02 |  2:5.1e-04  8:1.6e-02
  426 ,   4261 : 2.9794784964103e+00 +(1e-02,2e-02) | 4.44e+02 |  2:4.4e-04  8:1.4e-02
  427 ,   4271 : 2.9802368018355e+00 +(1e-02,2e-02) | 4.44e+02 |  2:4.4e-04  8:1.4e-02
  428 ,   4281 : 2.9756381054285e+00 +(2e-02,2e-02) | 4.41e+02 |  2:4.3e-04  8:1.4e-02
  429 ,   4291 : 2.9780409264170e+00 +(2e-02,2e-02) | 4.63e+02 |  2:4.5e-04  8:1.5e-02
Iterat, #Fevals:   Function Value    (median,worst) |Axis Ratio|idx:Min SD idx:Max SD
  430 ,   4301 : 2.9790853090678e+00 +(8e-03,2e-02) | 4.92e+02 |  2:4.6e-04  8:1.6e-02
  431 ,   4311 : 2.9775102579971e+00 +(1e-02,2e-02) | 4.94e+02 |  2:4.3e-04  8:1.5e-02
  432 ,   4321 : 2.9812318517689e+00 +(8e-03,1e-02) | 5.14e+02 |  2:4.2e-04  8:1.6e-02
  433 ,   4331 : 2.9811900256355e+00 +(1e-02,2e-02) | 5.12e+02 |  2:4.0e-04  8:1.5e-02
  434 ,   4341 : 2.9797624167463e+00 +(1e-02,2e-02) | 5.17e+02 |  2:3.9e-04  8:1.5e-02
  435 ,   4351 : 2.9775802947275e+00 +(2e-02,2e-02) | 5.12e+02 |  2:3.8e-04  8:1.4e-02
  436 ,   4361 : 2.9852776731180e+00 +(1e-02,1e-02) | 5.03e+02 |  2:3.6e-04  8:1.4e-02
  437 ,   4371 : 2.9786173034695e+00 +(1e-02,2e-02) | 5.05e+02 |  2:3.6e-04  8:1.3e-02
  438 ,   4381 : 2.9831960409823e+00 +(1e-02,1e-02) | 5.05e+02 |  2:3.7e-04  8:1.4e-02
  439 ,   4391 : 2.9828403845841e+00 +(1e-02,2e-02) | 4.94e+02 |  2:4.1e-04  8:1.5e-02
Iterat, #Fevals:   Function Value    (median,worst) |Axis Ratio|idx:Min SD idx:Max SD
  440 ,   4401 : 2.9805722330891e+00 +(1e-02,2e-02) | 4.98e+02 |  2:4.3e-04  8:1.6e-02
  441 ,   4411 : 2.9802508292754e+00 +(8e-03,2e-02) | 4.76e+02 |  2:4.3e-04  8:1.6e-02
  442 ,   4421 : 2.9774437837476e+00 +(2e-02,2e-02) | 4.73e+02 |  2:4.1e-04  8:1.5e-02
  443 ,   4431 : 2.9802177969136e+00 +(1e-02,2e-02) | 4.72e+02 |  2:3.9e-04  8:1.4e-02
  444 ,   4441 : 2.9775230729717e+00 +(2e-02,2e-02) | 4.61e+02 |  2:3.7e-04  8:1.4e-02
  445 ,   4451 : 2.9822866776481e+00 +(1e-02,2e-02) | 4.53e+02 |  2:3.9e-04  8:1.4e-02
  446 ,   4461 : 2.9815088484042e+00 +(1e-02,1e-02) | 4.36e+02 |  2:4.0e-04  8:1.4e-02
  447 ,   4471 : 2.9754579686560e+00 +(2e-02,2e-02) | 4.43e+02 |  2:4.4e-04  8:1.6e-02
  448 ,   4481 : 2.9805749623102e+00 +(4e-03,1e-02) | 4.44e+02 |  2:4.7e-04  8:1.7e-02
  449 ,   4491 : 2.9827994867357e+00 +(1e-02,1e-02) | 4.36e+02 |  2:5.3e-04  8:1.8e-02
Iterat, #Fevals:   Function Value    (median,worst) |Axis Ratio|idx:Min SD idx:Max SD
  450 ,   4501 : 2.9808281007040e+00 +(1e-02,2e-02) | 4.37e+02 |  2:5.5e-04  8:1.8e-02
  451 ,   4511 : 2.9831172895649e+00 +(1e-02,1e-02) | 4.54e+02 |  2:5.7e-04  8:1.9e-02
  452 ,   4521 : 2.9806759462911e+00 +(2e-02,2e-02) | 4.58e+02 |  2:5.4e-04  8:1.8e-02
  453 ,   4531 : 2.9864805494660e+00 +(8e-03,1e-02) | 4.64e+02 |  2:5.1e-04  8:1.7e-02
  454 ,   4541 : 2.9802338378927e+00 +(1e-02,2e-02) | 4.66e+02 |  3:5.3e-04  8:1.7e-02
  455 ,   4551 : 2.9830495760457e+00 +(1e-02,1e-02) | 4.96e+02 |  3:5.3e-04  8:1.8e-02
  456 ,   4561 : 2.9837856141554e+00 +(1e-02,1e-02) | 5.04e+02 |  3:5.8e-04  8:1.9e-02
  457 ,   4571 : 2.9837742656784e+00 +(1e-02,2e-02) | 5.03e+02 |  2:6.3e-04  8:2.1e-02
  458 ,   4581 : 2.9806614768906e+00 +(1e-02,2e-02) | 4.91e+02 |  2:7.1e-04  8:2.3e-02
  459 ,   4591 : 2.9825481650621e+00 +(1e-02,1e-02) | 4.91e+02 |  2:7.6e-04  8:2.4e-02
Iterat, #Fevals:   Function Value    (median,worst) |Axis Ratio|idx:Min SD idx:Max SD
  460 ,   4601 : 2.9806447525201e+00 +(1e-02,2e-02) | 4.99e+02 |  3:8.5e-04  8:2.6e-02
  461 ,   4611 : 2.9809405610464e+00 +(1e-02,2e-02) | 4.99e+02 |  3:9.6e-04  8:2.9e-02
  462 ,   4621 : 2.9808431029175e+00 +(2e-02,2e-02) | 4.93e+02 |  3:9.9e-04  8:3.0e-02
  463 ,   4631 : 2.9796000246869e+00 +(1e-02,2e-02) | 4.94e+02 |  3:1.1e-03  8:3.1e-02
  464 ,   4641 : 2.9813159386370e+00 +(1e-02,2e-02) | 4.99e+02 |  3:1.0e-03  8:3.1e-02
  465 ,   4651 : 2.9806517218610e+00 +(1e-02,2e-02) | 5.09e+02 |  3:9.7e-04  8:2.9e-02
  466 ,   4661 : 2.9787631594086e+00 +(1e-02,2e-02) | 4.99e+02 |  3:1.0e-03  8:3.0e-02
  467 ,   4671 : 2.9828338536770e+00 +(1e-02,2e-02) | 4.94e+02 |  3:9.6e-04  8:2.8e-02
  468 ,   4681 : 2.9832992998989e+00 +(1e-02,2e-02) | 4.88e+02 |  3:9.8e-04  8:2.8e-02
  469 ,   4691 : 2.9847674299305e+00 +(9e-03,2e-02) | 4.90e+02 |  3:1.1e-03  8:3.0e-02
Iterat, #Fevals:   Function Value    (median,worst) |Axis Ratio|idx:Min SD idx:Max SD
  470 ,   4701 : 2.9798754445412e+00 +(1e-02,2e-02) | 4.94e+02 |  3:1.2e-03  8:3.3e-02
  471 ,   4711 : 2.9778763829632e+00 +(2e-02,3e-02) | 5.08e+02 |  3:1.1e-03  8:3.1e-02
  472 ,   4721 : 2.9762500348948e+00 +(7e-03,2e-02) | 5.15e+02 |  3:1.1e-03  8:3.2e-02
  473 ,   4731 : 2.9765869278372e+00 +(1e-02,2e-02) | 5.14e+02 |  3:1.1e-03  8:3.1e-02
  474 ,   4741 : 2.9845752871700e+00 +(1e-02,1e-02) | 5.15e+02 |  3:9.9e-04  8:2.9e-02
  475 ,   4751 : 2.9804163788229e+00 +(1e-02,2e-02) | 5.17e+02 |  3:8.5e-04  8:2.5e-02
  476 ,   4761 : 2.9808379620753e+00 +(1e-02,2e-02) | 5.18e+02 |  3:8.2e-04  8:2.4e-02
  477 ,   4771 : 2.9810058886936e+00 +(1e-02,2e-02) | 5.15e+02 |  3:8.3e-04  8:2.4e-02
  478 ,   4781 : 2.9898322927714e+00 +(4e-03,8e-03) | 5.14e+02 |  3:8.0e-04  8:2.3e-02
  479 ,   4791 : 2.9796206782162e+00 +(1e-02,2e-02) | 4.97e+02 |  3:8.0e-04  8:2.3e-02
Iterat, #Fevals:   Function Value    (median,worst) |Axis Ratio|idx:Min SD idx:Max SD
  480 ,   4801 : 2.9894642502986e+00 +(4e-03,9e-03) | 5.00e+02 |  3:7.7e-04  8:2.2e-02
  481 ,   4811 : 2.9824149580466e+00 +(1e-02,1e-02) | 5.05e+02 |  3:7.0e-04  8:2.0e-02
  482 ,   4821 : 2.9814985147914e+00 +(1e-02,2e-02) | 5.22e+02 |  3:6.5e-04  8:1.9e-02
  483 ,   4831 : 2.9762872398815e+00 +(2e-02,2e-02) | 5.24e+02 |  3:5.4e-04  8:1.6e-02
  484 ,   4841 : 2.9785714506293e+00 +(1e-02,2e-02) | 5.18e+02 |  3:5.0e-04  8:1.5e-02
  485 ,   4851 : 2.9813725879602e+00 +(1e-02,2e-02) | 5.15e+02 |  3:4.8e-04  8:1.4e-02
  486 ,   4861 : 2.9784180910463e+00 +(1e-02,2e-02) | 5.18e+02 |  3:5.3e-04  8:1.6e-02
  487 ,   4871 : 2.9812959278441e+00 +(1e-02,2e-02) | 5.22e+02 |  3:5.7e-04  8:1.7e-02
  488 ,   4881 : 2.9834449418618e+00 +(1e-02,2e-02) | 5.20e+02 |  3:5.3e-04  8:1.6e-02
  489 ,   4891 : 2.9828418077912e+00 +(1e-02,2e-02) | 5.07e+02 |  3:5.3e-04  8:1.6e-02
Iterat, #Fevals:   Function Value    (median,worst) |Axis Ratio|idx:Min SD idx:Max SD
  490 ,   4901 : 2.9793558233846e+00 +(1e-02,2e-02) | 5.02e+02 |  3:5.3e-04  8:1.6e-02
  491 ,   4911 : 2.9805605107245e+00 +(1e-02,2e-02) | 4.96e+02 |  3:5.5e-04  8:1.6e-02
  492 ,   4921 : 2.9908584779023e+00 +(4e-03,1e-02) | 4.84e+02 |  3:5.3e-04  8:1.5e-02
  493 ,   4931 : 2.9824932401969e+00 +(1e-02,2e-02) | 4.85e+02 |  3:5.6e-04  8:1.6e-02
  494 ,   4941 : 2.9779795306667e+00 +(1e-02,2e-02) | 4.86e+02 |  3:5.0e-04  8:1.4e-02
  495 ,   4951 : 2.9820364048651e+00 +(1e-02,2e-02) | 4.84e+02 |  3:4.5e-04  8:1.3e-02
  496 ,   4961 : 2.9844669299726e+00 +(1e-02,2e-02) | 4.73e+02 |  3:4.7e-04  8:1.3e-02
  497 ,   4971 : 2.9763418983839e+00 +(2e-02,2e-02) | 4.75e+02 |  3:4.6e-04  8:1.3e-02
  498 ,   4981 : 2.9920493521103e+00 +(4e-03,1e-02) | 4.88e+02 |  3:5.0e-04  8:1.4e-02
  499 ,   4991 : 2.9763955844262e+00 +(1e-02,2e-02) | 4.82e+02 |  3:4.7e-04  8:1.3e-02
Iterat, #Fevals:   Function Value    (median,worst) |Axis Ratio|idx:Min SD idx:Max SD
  500 ,   5001 : 2.9797988369643e+00 +(1e-02,2e-02) | 4.78e+02 |  3:4.2e-04  8:1.2e-02
  501 ,   5011 : 2.9778290557028e+00 +(4e-03,2e-02) | 4.73e+02 |  3:4.2e-04  8:1.2e-02
  502 ,   5021 : 2.9815648636500e+00 +(9e-03,1e-02) | 4.91e+02 |  3:4.0e-04  8:1.2e-02
  503 ,   5031 : 2.9754771041313e+00 +(2e-02,3e-02) | 4.96e+02 |  3:3.6e-04  8:1.1e-02
  504 ,   5041 : 2.9754164173975e+00 +(2e-02,3e-02) | 4.91e+02 |  3:3.3e-04  8:9.4e-03
  505 ,   5051 : 2.9819484485165e+00 +(2e-02,2e-02) | 4.94e+02 |  3:2.8e-04  8:8.2e-03
  506 ,   5061 : 2.9797383944822e+00 +(8e-03,2e-02) | 5.01e+02 |  3:2.5e-04  8:7.2e-03
  507 ,   5071 : 2.9774974601549e+00 +(1e-02,2e-02) | 5.03e+02 |  3:2.4e-04  8:6.9e-03
  508 ,   5081 : 2.9811463663779e+00 +(1e-02,1e-02) | 5.07e+02 |  3:2.3e-04  8:6.7e-03
  509 ,   5091 : 2.9806005707580e+00 +(7e-03,2e-02) | 4.99e+02 |  3:2.2e-04  8:6.3e-03
Iterat, #Fevals:   Function Value    (median,worst) |Axis Ratio|idx:Min SD idx:Max SD
  510 ,   5101 : 2.9804680592758e+00 +(1e-02,2e-02) | 5.04e+02 |  3:2.1e-04  8:5.9e-03
  511 ,   5111 : 2.9748250182726e+00 +(2e-02,2e-02) | 4.92e+02 |  3:2.2e-04  8:6.3e-03
  512 ,   5121 : 2.9781810465369e+00 +(1e-02,3e-02) | 4.72e+02 |  3:2.3e-04  8:6.5e-03
  513 ,   5131 : 2.9758560824984e+00 +(2e-02,3e-02) | 4.71e+02 |  3:2.1e-04  8:6.0e-03
  514 ,   5141 : 2.9819386510438e+00 +(1e-02,2e-02) | 4.73e+02 |  3:1.9e-04  8:5.4e-03
  515 ,   5151 : 2.9802785645715e+00 +(1e-02,2e-02) | 4.69e+02 |  3:1.8e-04  8:5.2e-03
  516 ,   5161 : 2.9785993085578e+00 +(1e-02,2e-02) | 4.86e+02 |  3:1.9e-04  8:5.6e-03
  517 ,   5171 : 2.9800627319629e+00 +(1e-02,2e-02) | 4.85e+02 |  3:1.9e-04  8:5.5e-03
  518 ,   5181 : 2.9786281181736e+00 +(2e-02,2e-02) | 4.85e+02 |  3:1.8e-04  8:5.0e-03
  519 ,   5191 : 2.9779180340683e+00 +(1e-02,2e-02) | 4.84e+02 |  3:1.6e-04  8:4.5e-03
Iterat, #Fevals:   Function Value    (median,worst) |Axis Ratio|idx:Min SD idx:Max SD
  520 ,   5201 : 2.9826820574016e+00 +(1e-02,2e-02) | 4.87e+02 |  3:1.6e-04  8:4.6e-03
  521 ,   5211 : 2.9778768714577e+00 +(2e-02,2e-02) | 4.97e+02 |  3:1.6e-04  8:4.8e-03
  522 ,   5221 : 2.9752161156931e+00 +(2e-02,2e-02) | 5.13e+02 |  3:1.8e-04  8:5.0e-03
  523 ,   5231 : 2.9781056551303e+00 +(2e-02,2e-02) | 5.15e+02 |  3:1.8e-04  8:4.8e-03
  524 ,   5241 : 2.9840182557381e+00 +(8e-03,1e-02) | 5.16e+02 |  3:1.7e-04  8:4.6e-03
  525 ,   5251 : 2.9786333674369e+00 +(1e-02,2e-02) | 5.37e+02 |  3:1.6e-04  8:4.5e-03
  526 ,   5261 : 2.9806105745076e+00 +(1e-02,1e-02) | 5.45e+02 |  3:1.6e-04  8:4.5e-03
  527 ,   5271 : 2.9793227365568e+00 +(1e-02,2e-02) | 5.48e+02 |  3:1.4e-04  8:4.0e-03
  528 ,   5281 : 2.9760361029691e+00 +(2e-02,2e-02) | 5.47e+02 |  3:1.4e-04  8:4.0e-03
  529 ,   5291 : 2.9795406922180e+00 +(1e-02,2e-02) | 5.51e+02 |  3:1.3e-04  8:3.8e-03
Iterat, #Fevals:   Function Value    (median,worst) |Axis Ratio|idx:Min SD idx:Max SD
  530 ,   5301 : 2.9792405199699e+00 +(1e-02,2e-02) | 5.52e+02 |  3:1.1e-04  8:3.3e-03
  531 ,   5311 : 2.9808406551040e+00 +(1e-02,1e-02) | 5.49e+02 |  3:1.0e-04  8:3.0e-03
  532 ,   5321 : 2.9789873926464e+00 +(1e-02,2e-02) | 5.57e+02 |  3:1.0e-04  8:2.9e-03
  533 ,   5331 : 2.9753802065238e+00 +(2e-02,2e-02) | 5.64e+02 |  3:1.1e-04  8:3.1e-03
  534 ,   5341 : 2.9811382773052e+00 +(1e-02,2e-02) | 5.69e+02 |  3:1.0e-04  8:3.0e-03
  535 ,   5351 : 2.9778892476423e+00 +(1e-02,2e-02) | 5.77e+02 |  3:1.1e-04  8:3.0e-03
  536 ,   5361 : 2.9806049942178e+00 +(8e-03,2e-02) | 5.83e+02 |  3:1.0e-04  8:2.9e-03
  537 ,   5371 : 2.9812881454562e+00 +(1e-02,2e-02) | 5.78e+02 |  3:1.0e-04  8:2.9e-03
  538 ,   5381 : 2.9817161274886e+00 +(9e-03,2e-02) | 5.64e+02 |  3:9.8e-05  8:2.8e-03
  539 ,   5391 : 2.9784512978104e+00 +(1e-02,2e-02) | 5.65e+02 |  3:9.8e-05  8:2.9e-03
Iterat, #Fevals:   Function Value    (median,worst) |Axis Ratio|idx:Min SD idx:Max SD
  540 ,   5401 : 2.9803559217761e+00 +(1e-02,2e-02) | 5.55e+02 |  3:1.0e-04  8:3.0e-03
  541 ,   5411 : 2.9782658888856e+00 +(1e-02,2e-02) | 5.52e+02 |  3:1.0e-04  8:3.0e-03
  542 ,   5421 : 2.9802712047513e+00 +(1e-02,2e-02) | 5.64e+02 |  3:9.9e-05  8:3.0e-03
  543 ,   5431 : 2.9779455462372e+00 +(2e-02,2e-02) | 5.60e+02 |  3:9.4e-05  8:2.9e-03
  544 ,   5441 : 2.9809759880033e+00 +(1e-02,2e-02) | 5.63e+02 |  3:9.4e-05  8:2.9e-03
  545 ,   5451 : 2.9835040867279e+00 +(9e-03,1e-02) | 5.63e+02 |  3:9.2e-05  8:2.8e-03
  546 ,   5461 : 2.9810742046488e+00 +(1e-02,2e-02) | 5.39e+02 |  3:8.9e-05  8:2.6e-03
  547 ,   5471 : 2.9788769906184e+00 +(1e-02,2e-02) | 5.23e+02 |  3:8.2e-05  8:2.4e-03
  548 ,   5481 : 2.9778234037527e+00 +(1e-02,2e-02) | 5.16e+02 |  3:9.0e-05  8:2.7e-03
  549 ,   5491 : 2.9848430063758e+00 +(8e-03,1e-02) | 5.23e+02 |  3:8.1e-05  8:2.5e-03
Iterat, #Fevals:   Function Value    (median,worst) |Axis Ratio|idx:Min SD idx:Max SD
  550 ,   5501 : 2.9786051435575e+00 +(1e-02,2e-02) | 4.95e+02 |  3:8.1e-05  8:2.5e-03
  551 ,   5511 : 2.9751956825576e+00 +(1e-02,2e-02) | 4.80e+02 |  3:8.6e-05  8:2.6e-03
  552 ,   5521 : 2.9785034264773e+00 +(1e-02,2e-02) | 4.73e+02 |  3:8.8e-05  8:2.6e-03
  553 ,   5531 : 2.9751733731640e+00 +(2e-02,2e-02) | 4.90e+02 |  3:8.4e-05  8:2.5e-03
  554 ,   5541 : 2.9751985457363e+00 +(2e-02,2e-02) | 5.18e+02 |  3:8.3e-05  8:2.6e-03
  555 ,   5551 : 2.9780782508613e+00 +(1e-02,2e-02) | 5.49e+02 |  3:9.1e-05  8:3.0e-03
  556 ,   5561 : 2.9831690692950e+00 +(1e-02,1e-02) | 5.56e+02 |  3:9.1e-05  8:2.9e-03
  557 ,   5571 : 2.9749633550578e+00 +(2e-02,2e-02) | 5.52e+02 |  3:9.0e-05  8:2.8e-03
  558 ,   5581 : 2.9774894311576e+00 +(1e-02,2e-02) | 5.45e+02 |  3:7.8e-05  8:2.4e-03
  559 ,   5591 : 2.9782362414994e+00 +(1e-02,2e-02) | 5.33e+02 |  3:7.9e-05  8:2.4e-03
Iterat, #Fevals:   Function Value    (median,worst) |Axis Ratio|idx:Min SD idx:Max SD
  560 ,   5601 : 2.9755808935311e+00 +(1e-02,2e-02) | 5.55e+02 |  3:7.6e-05  8:2.5e-03
  561 ,   5611 : 2.9797266095934e+00 +(9e-03,2e-02) | 5.51e+02 |  3:6.7e-05  8:2.2e-03
  562 ,   5621 : 2.9805585250756e+00 +(1e-02,1e-02) | 5.26e+02 |  3:6.6e-05  8:2.1e-03
  563 ,   5631 : 2.9734665996130e+00 +(2e-02,2e-02) | 5.43e+02 |  3:6.5e-05  8:2.1e-03
  564 ,   5641 : 2.9779753145045e+00 +(1e-02,2e-02) | 5.51e+02 |  3:6.2e-05  8:2.1e-03
  565 ,   5651 : 2.9812029879551e+00 +(1e-02,1e-02) | 5.58e+02 |  3:5.9e-05  8:1.9e-03
  566 ,   5661 : 2.9780888419398e+00 +(1e-02,2e-02) | 5.59e+02 |  3:5.6e-05  8:1.8e-03
  567 ,   5671 : 2.9891944896907e+00 +(3e-03,8e-03) | 5.76e+02 |  3:6.2e-05  8:2.0e-03
  568 ,   5681 : 2.9753562450841e+00 +(2e-02,2e-02) | 5.76e+02 |  3:6.2e-05  8:1.9e-03
  569 ,   5691 : 2.9749597512890e+00 +(1e-02,2e-02) | 5.78e+02 |  3:5.8e-05  8:1.8e-03
Iterat, #Fevals:   Function Value    (median,worst) |Axis Ratio|idx:Min SD idx:Max SD
  570 ,   5701 : 2.9779134831252e+00 +(1e-02,2e-02) | 5.72e+02 |  3:5.8e-05  8:1.8e-03
  571 ,   5711 : 2.9775381106994e+00 +(1e-02,2e-02) | 5.69e+02 |  3:5.2e-05  8:1.5e-03
  572 ,   5721 : 2.9777771208895e+00 +(4e-03,2e-02) | 5.70e+02 |  3:4.6e-05  8:1.4e-03
  573 ,   5731 : 2.9755176995884e+00 +(9e-03,2e-02) | 5.98e+02 |  3:4.5e-05  8:1.4e-03
  574 ,   5741 : 2.9779577408980e+00 +(1e-02,2e-02) | 6.02e+02 |  3:4.2e-05  8:1.3e-03
  575 ,   5751 : 2.9747862757096e+00 +(1e-02,2e-02) | 6.01e+02 |  3:4.2e-05  8:1.2e-03
  576 ,   5761 : 2.9778127191294e+00 +(1e-02,2e-02) | 6.00e+02 |  3:4.2e-05  8:1.3e-03
  577 ,   5771 : 2.9772505720025e+00 +(1e-02,2e-02) | 6.06e+02 |  3:4.1e-05  8:1.3e-03
  578 ,   5781 : 2.9760832886706e+00 +(2e-02,2e-02) | 6.08e+02 |  3:4.0e-05  8:1.3e-03
  579 ,   5791 : 2.9901176688961e+00 +(3e-03,5e-03) | 5.93e+02 |  3:3.9e-05  8:1.2e-03
Iterat, #Fevals:   Function Value    (median,worst) |Axis Ratio|idx:Min SD idx:Max SD
  580 ,   5801 : 2.9776519560288e+00 +(1e-02,2e-02) | 6.02e+02 |  3:4.0e-05  8:1.2e-03
  581 ,   5811 : 2.9806819221179e+00 +(1e-02,2e-02) | 5.99e+02 |  3:4.5e-05  8:1.4e-03
  582 ,   5821 : 2.9807336120533e+00 +(1e-02,1e-02) | 5.87e+02 |  3:4.5e-05  8:1.4e-03
  583 ,   5831 : 2.9781264821753e+00 +(1e-02,2e-02) | 5.88e+02 |  3:4.6e-05  8:1.4e-03
  584 ,   5841 : 2.9898296146206e+00 +(4e-03,6e-03) | 6.08e+02 |  3:4.7e-05  8:1.5e-03
  585 ,   5851 : 2.9752561959376e+00 +(2e-02,2e-02) | 6.14e+02 |  3:4.7e-05  8:1.5e-03
  586 ,   5861 : 2.9784725255492e+00 +(5e-03,2e-02) | 6.11e+02 |  3:4.6e-05  8:1.6e-03
  587 ,   5871 : 2.9789401116943e+00 +(1e-02,2e-02) | 6.08e+02 |  3:4.5e-05  8:1.5e-03
  588 ,   5881 : 2.9777158065610e+00 +(1e-02,2e-02) | 5.83e+02 |  3:4.4e-05  8:1.4e-03
  589 ,   5891 : 2.9804316163152e+00 +(1e-02,2e-02) | 5.80e+02 |  3:4.3e-05  8:1.4e-03
Iterat, #Fevals:   Function Value    (median,worst) |Axis Ratio|idx:Min SD idx:Max SD
  590 ,   5901 : 2.9779182051275e+00 +(8e-03,2e-02) | 5.80e+02 |  3:3.7e-05  8:1.2e-03
  591 ,   5911 : 2.9750460815042e+00 +(2e-02,2e-02) | 5.77e+02 |  3:3.7e-05  8:1.3e-03
  592 ,   5921 : 2.9784296846112e+00 +(1e-02,2e-02) | 6.19e+02 |  3:3.9e-05  8:1.4e-03
  593 ,   5931 : 2.9800051351539e+00 +(1e-02,1e-02) | 6.29e+02 |  3:4.1e-05  8:1.5e-03
  594 ,   5941 : 2.9755613211640e+00 +(1e-02,2e-02) | 6.34e+02 |  3:4.2e-05  8:1.5e-03
  595 ,   5951 : 2.9774535052702e+00 +(2e-02,2e-02) | 6.39e+02 |  3:4.2e-05  8:1.5e-03
  596 ,   5961 : 2.9781796481420e+00 +(1e-02,2e-02) | 6.32e+02 |  3:4.0e-05  8:1.4e-03
  597 ,   5971 : 2.9813591879295e+00 +(1e-02,2e-02) | 6.26e+02 |  3:3.8e-05  8:1.3e-03
  598 ,   5981 : 2.9754110417779e+00 +(1e-02,2e-02) | 6.33e+02 |  3:4.2e-05  8:1.4e-03
  599 ,   5991 : 2.9758828074493e+00 +(1e-02,2e-02) | 6.28e+02 |  3:4.5e-05  8:1.4e-03
Iterat, #Fevals:   Function Value    (median,worst) |Axis Ratio|idx:Min SD idx:Max SD
  600 ,   6001 : 2.9758549505018e+00 +(2e-02,2e-02) | 6.04e+02 |  3:5.2e-05  8:1.6e-03
  601 ,   6011 : 2.9778915584661e+00 +(1e-02,2e-02) | 6.00e+02 |  3:5.8e-05  8:1.7e-03
  602 ,   6021 : 2.9780407389546e+00 +(1e-02,2e-02) | 5.97e+02 |  3:6.4e-05  8:2.0e-03
  603 ,   6031 : 2.9769432298295e+00 +(2e-02,2e-02) | 5.97e+02 |  3:6.4e-05  8:1.9e-03
  604 ,   6041 : 2.9760181220866e+00 +(2e-02,2e-02) | 5.83e+02 |  3:6.0e-05  8:1.8e-03
  605 ,   6051 : 2.9784725801563e+00 +(1e-02,2e-02) | 5.68e+02 |  3:6.0e-05  8:1.7e-03
  606 ,   6061 : 2.9807946144722e+00 +(1e-02,2e-02) | 5.73e+02 |  3:6.1e-05  8:1.8e-03
  607 ,   6071 : 2.9904869170414e+00 +(3e-03,5e-03) | 5.96e+02 |  3:6.5e-05  8:1.9e-03
  608 ,   6081 : 2.9805549111758e+00 +(1e-02,2e-02) | 6.02e+02 |  3:6.9e-05  8:2.1e-03
  609 ,   6091 : 2.9757282306905e+00 +(2e-02,2e-02) | 5.80e+02 |  3:8.1e-05  8:2.4e-03
Iterat, #Fevals:   Function Value    (median,worst) |Axis Ratio|idx:Min SD idx:Max SD
  610 ,   6101 : 2.9800345557118e+00 +(1e-02,1e-02) | 6.00e+02 |  3:8.4e-05  8:2.5e-03
  611 ,   6111 : 2.9780657348784e+00 +(9e-03,1e-02) | 5.93e+02 |  3:8.4e-05  8:2.5e-03
  612 ,   6121 : 2.9799230827710e+00 +(1e-02,2e-02) | 5.90e+02 |  3:8.1e-05  8:2.5e-03
  613 ,   6131 : 2.9732449557054e+00 +(2e-02,2e-02) | 5.94e+02 |  3:7.7e-05  8:2.3e-03
  614 ,   6141 : 2.9817255718501e+00 +(9e-03,1e-02) | 6.23e+02 |  3:8.1e-05  8:2.6e-03
  615 ,   6151 : 2.9797999593031e+00 +(1e-02,2e-02) | 6.22e+02 |  3:7.3e-05  8:2.3e-03
  616 ,   6161 : 2.9779873196106e+00 +(1e-02,2e-02) | 6.34e+02 |  3:7.6e-05  8:2.4e-03
  617 ,   6171 : 2.9768934129392e+00 +(2e-02,2e-02) | 6.34e+02 |  3:7.0e-05  8:2.3e-03
  618 ,   6181 : 2.9777413831134e+00 +(7e-03,2e-02) | 6.40e+02 |  3:6.5e-05  8:2.1e-03
  619 ,   6191 : 2.9802152625685e+00 +(4e-03,1e-02) | 6.41e+02 |  3:6.1e-05  8:1.9e-03
Iterat, #Fevals:   Function Value    (median,worst) |Axis Ratio|idx:Min SD idx:Max SD
  620 ,   6201 : 2.9751794862768e+00 +(2e-02,2e-02) | 6.56e+02 |  3:5.8e-05  8:1.8e-03
  621 ,   6211 : 2.9797816604509e+00 +(1e-02,2e-02) | 6.67e+02 |  3:6.8e-05  8:2.1e-03
  622 ,   6221 : 2.9805627110988e+00 +(1e-02,2e-02) | 6.83e+02 |  3:7.2e-05  8:2.3e-03
  623 ,   6231 : 2.9826492827786e+00 +(1e-02,1e-02) | 6.83e+02 |  3:7.4e-05  8:2.3e-03
  624 ,   6241 : 2.9784257442008e+00 +(1e-02,2e-02) | 7.01e+02 |  3:7.2e-05  8:2.3e-03
  625 ,   6251 : 2.9764179218079e+00 +(1e-02,2e-02) | 6.62e+02 |  3:7.4e-05  8:2.4e-03
  626 ,   6261 : 2.9772882882316e+00 +(1e-02,2e-02) | 6.51e+02 |  3:7.7e-05  8:2.5e-03
  627 ,   6271 : 2.9807668096093e+00 +(1e-02,1e-02) | 6.41e+02 |  3:8.0e-05  8:2.6e-03
  628 ,   6281 : 2.9776508553441e+00 +(5e-03,2e-02) | 6.56e+02 |  3:9.0e-05  8:3.0e-03
  629 ,   6291 : 2.9816632675718e+00 +(1e-02,1e-02) | 6.33e+02 |  3:1.0e-04  8:3.4e-03
Iterat, #Fevals:   Function Value    (median,worst) |Axis Ratio|idx:Min SD idx:Max SD
  630 ,   6301 : 2.9733489726851e+00 +(2e-02,2e-02) | 6.20e+02 |  3:1.2e-04  8:3.9e-03
  631 ,   6311 : 2.9782856131746e+00 +(1e-02,2e-02) | 6.25e+02 |  3:1.3e-04  8:4.2e-03
  632 ,   6321 : 2.9726981372287e+00 +(2e-02,2e-02) | 6.33e+02 |  3:1.3e-04  8:4.4e-03
  633 ,   6331 : 2.9782380678339e+00 +(1e-02,2e-02) | 6.35e+02 |  3:1.3e-04  8:4.3e-03
  634 ,   6341 : 2.9839999319424e+00 +(9e-03,1e-02) | 6.77e+02 |  3:1.3e-04  8:4.7e-03
  635 ,   6351 : 2.9805544562066e+00 +(1e-02,1e-02) | 6.63e+02 |  3:1.2e-04  8:4.6e-03
  636 ,   6361 : 2.9758394526563e+00 +(2e-02,2e-02) | 6.66e+02 |  3:1.1e-04  8:4.1e-03
  637 ,   6371 : 2.9779325335307e+00 +(1e-02,2e-02) | 6.66e+02 |  3:1.1e-04  8:4.0e-03
  638 ,   6381 : 2.9751223621729e+00 +(2e-02,2e-02) | 6.46e+02 |  3:1.2e-04  8:4.3e-03
  639 ,   6391 : 2.9779691360064e+00 +(2e-02,2e-02) | 6.48e+02 |  3:1.2e-04  8:4.1e-03
Iterat, #Fevals:   Function Value    (median,worst) |Axis Ratio|idx:Min SD idx:Max SD
  640 ,   6401 : 2.9770580284629e+00 +(1e-02,2e-02) | 6.31e+02 |  3:1.2e-04  8:4.0e-03
  641 ,   6411 : 2.9752818638361e+00 +(2e-02,2e-02) | 6.41e+02 |  3:1.1e-04  8:3.9e-03
  642 ,   6421 : 2.9755897450170e+00 +(2e-02,2e-02) | 6.53e+02 |  3:1.1e-04  8:3.8e-03
  643 ,   6431 : 2.9787108067304e+00 +(1e-02,1e-02) | 6.53e+02 |  3:1.0e-04  8:3.5e-03
  644 ,   6441 : 2.9789504055753e+00 +(4e-03,2e-02) | 6.48e+02 |  3:1.1e-04  8:3.6e-03
  645 ,   6451 : 2.9778215314275e+00 +(1e-02,2e-02) | 6.81e+02 |  3:1.1e-04  8:3.9e-03
  646 ,   6461 : 2.9756412209713e+00 +(2e-02,2e-02) | 6.69e+02 |  3:1.1e-04  8:3.7e-03
  647 ,   6471 : 2.9831068193281e+00 +(9e-03,1e-02) | 6.67e+02 |  3:1.0e-04  8:3.7e-03
  648 ,   6481 : 2.9811643439399e+00 +(1e-02,1e-02) | 6.70e+02 |  3:1.1e-04  8:3.8e-03
  649 ,   6491 : 2.9761153088567e+00 +(2e-02,2e-02) | 6.77e+02 |  3:1.2e-04  8:3.9e-03
Iterat, #Fevals:   Function Value    (median,worst) |Axis Ratio|idx:Min SD idx:Max SD
  650 ,   6501 : 2.9909315319666e+00 +(3e-03,5e-03) | 6.76e+02 |  3:1.2e-04  8:3.8e-03
  651 ,   6511 : 2.9811687605295e+00 +(1e-02,2e-02) | 6.83e+02 |  3:1.2e-04  8:3.8e-03
  652 ,   6521 : 2.9778053104368e+00 +(2e-02,2e-02) | 6.90e+02 |  3:1.1e-04  8:3.7e-03
  653 ,   6531 : 2.9757287808691e+00 +(2e-02,2e-02) | 7.02e+02 |  3:1.1e-04  8:3.6e-03
  654 ,   6541 : 2.9832687700633e+00 +(9e-03,1e-02) | 7.05e+02 |  3:1.0e-04  8:3.3e-03
  655 ,   6551 : 2.9778380500063e+00 +(2e-02,2e-02) | 7.20e+02 |  3:1.1e-04  8:3.4e-03
  656 ,   6561 : 2.9763819891649e+00 +(2e-02,2e-02) | 7.16e+02 |  3:1.1e-04  8:3.4e-03
  657 ,   6571 : 2.9747600488567e+00 +(2e-02,2e-02) | 7.24e+02 |  3:1.3e-04  8:3.5e-03
  658 ,   6581 : 2.9787320484953e+00 +(1e-02,2e-02) | 7.48e+02 |  3:1.5e-04  8:3.9e-03
  659 ,   6591 : 2.9807729811008e+00 +(1e-02,2e-02) | 7.71e+02 |  3:1.5e-04  8:3.8e-03
Iterat, #Fevals:   Function Value    (median,worst) |Axis Ratio|idx:Min SD idx:Max SD
  660 ,   6601 : 2.9801856719666e+00 +(9e-03,2e-02) | 7.49e+02 |  3:1.5e-04  8:3.7e-03
  661 ,   6611 : 2.9780833605236e+00 +(1e-02,2e-02) | 7.49e+02 |  3:1.4e-04  8:3.5e-03
  662 ,   6621 : 2.9785102494824e+00 +(8e-03,2e-02) | 7.70e+02 |  3:1.3e-04  8:3.5e-03
  663 ,   6631 : 2.9794477856314e+00 +(1e-02,2e-02) | 7.62e+02 |  3:1.6e-04  8:3.9e-03
  664 ,   6641 : 2.9809499468015e+00 +(1e-02,1e-02) | 7.51e+02 |  3:1.7e-04  8:4.2e-03
  665 ,   6651 : 2.9751138898816e+00 +(1e-02,2e-02) | 7.53e+02 |  3:1.9e-04  8:4.8e-03
  666 ,   6661 : 2.9787125459050e+00 +(1e-02,2e-02) | 7.58e+02 |  3:1.9e-04  8:4.7e-03
  667 ,   6671 : 2.9788148294393e+00 +(1e-02,1e-02) | 8.12e+02 |  3:2.0e-04  8:5.4e-03
  668 ,   6681 : 2.9809911593438e+00 +(1e-02,1e-02) | 8.18e+02 |  3:2.4e-04  8:6.3e-03
  669 ,   6691 : 2.9749921580287e+00 +(2e-02,2e-02) | 8.30e+02 |  3:2.4e-04  8:6.7e-03
Iterat, #Fevals:   Function Value    (median,worst) |Axis Ratio|idx:Min SD idx:Max SD
  670 ,   6701 : 2.9837171403506e+00 +(8e-03,1e-02) | 8.34e+02 |  3:2.5e-04  8:6.7e-03
  671 ,   6711 : 2.9810759239110e+00 +(1e-02,2e-02) | 8.44e+02 |  3:2.6e-04  8:7.3e-03
  672 ,   6721 : 2.9831313750602e+00 +(1e-02,1e-02) | 8.14e+02 |  3:2.8e-04  8:7.6e-03
  673 ,   6731 : 2.9801981674074e+00 +(1e-02,1e-02) | 8.05e+02 |  3:2.6e-04  8:7.0e-03
  674 ,   6741 : 2.9786124139038e+00 +(1e-02,2e-02) | 7.91e+02 |  3:2.5e-04  8:6.6e-03
  675 ,   6751 : 2.9784568355610e+00 +(1e-02,2e-02) | 7.88e+02 |  3:2.3e-04  8:6.0e-03
  676 ,   6761 : 2.9814669596387e+00 +(1e-02,1e-02) | 7.93e+02 |  3:2.2e-04  8:5.9e-03
  677 ,   6771 : 2.9808867920619e+00 +(1e-02,2e-02) | 8.17e+02 |  3:2.4e-04  8:6.2e-03
  678 ,   6781 : 2.9782657191564e+00 +(1e-02,2e-02) | 8.57e+02 |  3:2.6e-04  8:6.7e-03
  679 ,   6791 : 2.9810658726795e+00 +(1e-02,2e-02) | 8.61e+02 |  3:2.6e-04  8:6.6e-03
Iterat, #Fevals:   Function Value    (median,worst) |Axis Ratio|idx:Min SD idx:Max SD
  680 ,   6801 : 2.9761037070122e+00 +(2e-02,2e-02) | 8.48e+02 |  3:2.4e-04  8:6.1e-03
  681 ,   6811 : 2.9771155561823e+00 +(2e-02,2e-02) | 8.37e+02 |  3:2.4e-04  8:5.9e-03
  682 ,   6821 : 2.9753248462496e+00 +(1e-02,2e-02) | 8.52e+02 |  3:2.5e-04  8:6.1e-03
  683 ,   6831 : 2.9812031360199e+00 +(1e-02,2e-02) | 8.45e+02 |  3:2.7e-04  8:6.4e-03
  684 ,   6841 : 2.9810748354213e+00 +(1e-02,2e-02) | 8.51e+02 |  3:2.6e-04  8:6.2e-03
  685 ,   6851 : 2.9780874293905e+00 +(2e-02,2e-02) | 8.46e+02 |  3:2.8e-04  8:6.4e-03
  686 ,   6861 : 2.9788888092503e+00 +(2e-02,2e-02) | 8.45e+02 |  3:2.8e-04  8:6.5e-03
  687 ,   6871 : 2.9820495279703e+00 +(1e-02,1e-02) | 8.36e+02 |  3:3.0e-04  8:7.0e-03
  688 ,   6881 : 2.9793845378072e+00 +(1e-02,2e-02) | 8.43e+02 |  3:3.0e-04  8:7.1e-03
  689 ,   6891 : 2.9766766775936e+00 +(2e-02,2e-02) | 8.58e+02 |  3:3.0e-04  8:7.1e-03
Iterat, #Fevals:   Function Value    (median,worst) |Axis Ratio|idx:Min SD idx:Max SD
  690 ,   6901 : 2.9792673739337e+00 +(1e-02,2e-02) | 8.53e+02 |  3:2.9e-04  8:6.7e-03
  691 ,   6911 : 2.9806130916863e+00 +(1e-02,2e-02) | 8.66e+02 |  3:2.8e-04  8:6.7e-03
  692 ,   6921 : 2.9785303787206e+00 +(1e-02,2e-02) | 8.60e+02 |  3:2.6e-04  8:6.1e-03
  693 ,   6931 : 2.9771935761319e+00 +(2e-02,2e-02) | 8.57e+02 |  3:2.3e-04  8:5.6e-03
  694 ,   6941 : 2.9843767970857e+00 +(9e-03,1e-02) | 8.80e+02 |  3:2.4e-04  8:5.8e-03
  695 ,   6951 : 2.9786415958631e+00 +(2e-02,2e-02) | 8.76e+02 |  3:2.4e-04  8:5.8e-03
  696 ,   6961 : 2.9833973785068e+00 +(1e-02,2e-02) | 8.77e+02 |  3:2.2e-04  8:5.4e-03
  697 ,   6971 : 2.9775811426624e+00 +(1e-02,2e-02) | 9.13e+02 |  3:2.4e-04  8:5.8e-03
  698 ,   6981 : 2.9835952501367e+00 +(1e-02,2e-02) | 9.23e+02 |  3:2.4e-04  8:5.7e-03
  699 ,   6991 : 2.9783281244897e+00 +(1e-02,2e-02) | 9.14e+02 |  3:2.6e-04  8:5.9e-03
Iterat, #Fevals:   Function Value    (median,worst) |Axis Ratio|idx:Min SD idx:Max SD
  700 ,   7001 : 2.9781529751067e+00 +(4e-03,2e-02) | 8.94e+02 |  3:2.8e-04  8:6.2e-03
  701 ,   7011 : 2.9755328535071e+00 +(2e-02,2e-02) | 8.73e+02 |  3:2.8e-04  8:6.1e-03
  702 ,   7021 : 2.9767089657194e+00 +(1e-02,2e-02) | 8.70e+02 |  3:3.0e-04  8:6.2e-03
  703 ,   7031 : 2.9784386898352e+00 +(1e-02,2e-02) | 8.65e+02 |  3:3.8e-04  8:6.8e-03
  704 ,   7041 : 2.9840451576303e+00 +(8e-03,1e-02) | 8.83e+02 |  3:4.4e-04  8:7.4e-03
  705 ,   7051 : 2.9803577343197e+00 +(8e-03,2e-02) | 7.82e+02 |  3:4.8e-04  8:8.0e-03
  706 ,   7061 : 2.9784948618259e+00 +(8e-03,2e-02) | 7.57e+02 |  3:5.1e-04  8:8.1e-03
  707 ,   7071 : 2.9764427109848e+00 +(2e-02,2e-02) | 7.62e+02 |  3:4.8e-04  8:7.5e-03
  708 ,   7081 : 2.9778043381873e+00 +(1e-02,2e-02) | 7.67e+02 |  3:4.4e-04  8:6.9e-03
  709 ,   7091 : 2.9833845390696e+00 +(1e-02,1e-02) | 7.39e+02 |  3:4.2e-04  8:6.6e-03
Iterat, #Fevals:   Function Value    (median,worst) |Axis Ratio|idx:Min SD idx:Max SD
  710 ,   7101 : 2.9802540062041e+00 +(1e-02,2e-02) | 7.59e+02 |  3:4.3e-04  8:7.1e-03
  711 ,   7111 : 2.9873204662702e+00 +(6e-03,8e-03) | 7.88e+02 |  3:4.2e-04  8:7.1e-03
  712 ,   7121 : 2.9806886787072e+00 +(1e-02,2e-02) | 7.98e+02 |  3:4.2e-04  8:7.3e-03
  713 ,   7131 : 2.9772372586175e+00 +(1e-02,2e-02) | 8.19e+02 |  3:5.0e-04  8:8.7e-03
  714 ,   7141 : 2.9816773217161e+00 +(1e-02,1e-02) | 8.22e+02 |  3:5.3e-04  8:9.4e-03
  715 ,   7151 : 2.9906412794425e+00 +(2e-03,1e-02) | 8.30e+02 |  3:5.4e-04  8:9.5e-03
  716 ,   7161 : 2.9794411842241e+00 +(1e-02,3e-02) | 8.30e+02 |  3:5.5e-04  8:9.5e-03
  717 ,   7171 : 2.9790211167624e+00 +(8e-03,2e-02) | 8.29e+02 |  3:4.9e-04  8:8.5e-03
  718 ,   7181 : 2.9818603726353e+00 +(1e-02,2e-02) | 8.27e+02 |  3:4.6e-04  8:8.0e-03
  719 ,   7191 : 2.9813034428209e+00 +(1e-02,2e-02) | 8.27e+02 |  3:4.5e-04  8:7.7e-03
Iterat, #Fevals:   Function Value    (median,worst) |Axis Ratio|idx:Min SD idx:Max SD
  720 ,   7201 : 2.9793218752692e+00 +(2e-02,3e-02) | 8.50e+02 |  3:4.5e-04  8:7.8e-03
  721 ,   7211 : 2.9778571775009e+00 +(2e-02,2e-02) | 8.53e+02 |  3:4.8e-04  8:8.3e-03
  722 ,   7221 : 2.9782528338054e+00 +(1e-02,2e-02) | 8.73e+02 |  3:4.9e-04  8:8.8e-03
  723 ,   7231 : 2.9812144290387e+00 +(1e-02,2e-02) | 8.90e+02 |  3:5.1e-04  8:9.3e-03
  724 ,   7241 : 2.9776322424608e+00 +(6e-03,2e-02) | 8.83e+02 |  3:5.1e-04  8:9.3e-03
  725 ,   7251 : 2.9774635012454e+00 +(1e-02,2e-02) | 8.93e+02 |  3:5.0e-04  8:9.1e-03
  726 ,   7261 : 2.9826296225312e+00 +(1e-02,2e-02) | 9.11e+02 |  3:5.0e-04  8:9.2e-03
  727 ,   7271 : 2.9817019206535e+00 +(1e-02,2e-02) | 8.92e+02 |  3:4.7e-04  8:8.8e-03
  728 ,   7281 : 2.9788906485659e+00 +(1e-02,2e-02) | 8.93e+02 |  3:5.0e-04  8:8.9e-03
  729 ,   7291 : 2.9834253526948e+00 +(1e-02,2e-02) | 8.87e+02 |  3:4.8e-04  8:8.4e-03
Iterat, #Fevals:   Function Value    (median,worst) |Axis Ratio|idx:Min SD idx:Max SD
  730 ,   7301 : 2.9811695691280e+00 +(1e-02,1e-02) | 8.90e+02 |  3:4.6e-04  8:8.2e-03
  731 ,   7311 : 2.9813674677695e+00 +(1e-02,2e-02) | 9.00e+02 |  3:4.0e-04  8:7.2e-03
  732 ,   7321 : 2.9757574832236e+00 +(2e-02,2e-02) | 8.99e+02 |  3:3.9e-04  8:7.1e-03
  733 ,   7331 : 2.9795520518163e+00 +(1e-02,2e-02) | 8.79e+02 |  3:3.6e-04  8:6.5e-03
  734 ,   7341 : 2.9780994035750e+00 +(8e-03,2e-02) | 8.85e+02 |  3:3.5e-04  8:6.5e-03
  735 ,   7351 : 2.9785186220340e+00 +(2e-02,2e-02) | 8.52e+02 |  3:3.3e-04  8:6.1e-03
  736 ,   7361 : 2.9738688079811e+00 +(2e-02,2e-02) | 8.47e+02 |  3:3.3e-04  8:6.0e-03
  737 ,   7371 : 2.9781513172349e+00 +(1e-02,2e-02) | 8.66e+02 |  3:3.1e-04  8:5.8e-03
  738 ,   7381 : 2.9794177228468e+00 +(1e-02,2e-02) | 8.51e+02 |  3:3.2e-04  8:6.0e-03
  739 ,   7391 : 2.9751994536105e+00 +(1e-02,2e-02) | 8.49e+02 |  3:3.3e-04  8:6.1e-03
Iterat, #Fevals:   Function Value    (median,worst) |Axis Ratio|idx:Min SD idx:Max SD
  740 ,   7401 : 2.9786075843571e+00 +(1e-02,2e-02) | 8.30e+02 |  3:3.1e-04  8:5.7e-03
  741 ,   7411 : 2.9757057406882e+00 +(1e-02,2e-02) | 8.86e+02 |  3:3.4e-04  8:6.9e-03
  742 ,   7421 : 2.9764647005224e+00 +(2e-02,2e-02) | 8.82e+02 |  3:3.5e-04  8:7.2e-03
  743 ,   7431 : 2.9804726604975e+00 +(1e-02,1e-02) | 8.95e+02 |  3:3.5e-04  8:7.3e-03
  744 ,   7441 : 2.9827189355898e+00 +(1e-02,1e-02) | 9.03e+02 |  3:3.2e-04  8:6.8e-03
  745 ,   7451 : 2.9744474288907e+00 +(2e-02,2e-02) | 9.08e+02 |  3:3.1e-04  8:6.5e-03
  746 ,   7461 : 2.9788582183988e+00 +(1e-02,2e-02) | 9.04e+02 |  3:3.0e-04  8:6.5e-03
  747 ,   7471 : 2.9825841528662e+00 +(1e-02,1e-02) | 9.18e+02 |  3:3.0e-04  8:6.4e-03
  748 ,   7481 : 2.9799106817106e+00 +(1e-02,2e-02) | 9.29e+02 |  3:2.9e-04  8:6.3e-03
#Fevals:   f(returned x)   |    bestever.f     | stopflag (saved to variablescmaes191.mat)
   7482: 2.97991068171e+00 | 2.97269813723e+00 | stagnation
mean solution: +1.4e+01 +3.6e-01 +2.3e+00 +5.6e+00 +8.3e+00 +6.9e+00 +1.1e+00 +6.9e+00 +1.1e+00
std deviation:  2.1e-03  3.5e-04  2.9e-04  7.8e-04  4.0e-03  4.3e-03  2.4e-03  6.3e-03  2.6e-03
use plotcmaesdat.m for plotting the output at any time (option LogModulo must not be zero)
