
                            < M A T L A B (R) >
                  Copyright 1984-2015 The MathWorks, Inc.
                   R2015a (8.5.0.197613) 64-bit (glnxa64)
                             February 12, 2015

 
For online documentation, see http://www.mathworks.com/support
For product information, visit www.mathworks.com.
 

	Academic License

  n=9: (5,10)-CMA-ES(w=[46 27 16 9 3]%, mu_eff=3.2) on function Error
Iterat, #Fevals:   Function Value    (median,worst) |Axis Ratio|idx:Min SD idx:Max SD
    1 ,     11 : 4.9016873938535e+01 +(5e+01,4e+09) | 2.04e+01 |  3:7.3e-01  7:1.5e+01
    2 ,     21 : 4.0994574029530e+01 +(1e+01,8e+06) | 2.01e+01 |  3:7.3e-01  7:1.5e+01
    3 ,     31 : 1.6427647943577e+01 +(3e+01,4e+01) | 2.03e+01 |  3:7.5e-01  7:1.5e+01
    4 ,     41 : 3.6490856418110e+01 +(2e+01,1e+04) | 2.04e+01 |  3:8.2e-01  7:1.6e+01
    5 ,     51 : 9.0379916867553e+00 +(4e+01,4e+06) | 2.01e+01 |  3:8.3e-01  7:1.6e+01
    6 ,     61 : 3.8558520643326e+01 +(1e+02,7e+08) | 2.01e+01 |  3:8.0e-01  7:1.5e+01
    7 ,     71 : 3.7347216595488e+01 +(1e+01,1e+10) | 2.04e+01 |  3:7.9e-01  7:1.5e+01
    8 ,     81 : 5.0153904934875e+01 +(1e+00,4e+02) | 2.08e+01 |  3:8.2e-01  7:1.6e+01
    9 ,     91 : 4.1001740321387e+01 +(1e+01,3e+02) | 2.08e+01 |  3:7.4e-01  7:1.5e+01
Iterat, #Fevals:   Function Value    (median,worst) |Axis Ratio|idx:Min SD idx:Max SD
   10 ,    101 : 5.1285448875019e+01 +(3e-01,3e-01) | 2.11e+01 |  3:7.2e-01  7:1.4e+01
   11 ,    111 : 5.1502804237428e+01 +(4e-02,5e-02) | 2.08e+01 |  3:6.5e-01  7:1.3e+01
   12 ,    121 : 5.0991387927004e+01 +(5e-01,6e-01) | 2.04e+01 |  3:6.6e-01  7:1.3e+01
   13 ,    131 : 5.1411618410146e+01 +(9e-02,1e-01) | 2.04e+01 |  3:6.3e-01  7:1.2e+01
   14 ,    141 : 4.3910119700047e+01 +(8e+00,6e+07) | 2.04e+01 |  3:6.1e-01  7:1.2e+01
   15 ,    151 : 2.4159563817252e+01 +(3e+01,3e+01) | 2.06e+01 |  3:6.5e-01  7:1.3e+01
   16 ,    161 : 3.2599914221951e+01 +(2e+01,2e+04) | 2.07e+01 |  3:6.5e-01  7:1.3e+01
   17 ,    171 : 3.2269323576500e+01 +(2e+01,4e+07) | 2.09e+01 |  3:6.5e-01  7:1.3e+01
   18 ,    181 : 1.2200120644892e+01 +(6e+01,1e+05) | 2.10e+01 |  3:6.9e-01  8:1.3e+01
   19 ,    191 : 1.0269036840429e+01 +(4e+01,5e+05) | 2.15e+01 |  3:7.4e-01  8:1.5e+01
Iterat, #Fevals:   Function Value    (median,worst) |Axis Ratio|idx:Min SD idx:Max SD
   20 ,    201 : 1.4148387458211e+01 +(2e+01,7e+10) | 2.34e+01 |  3:7.8e-01  8:1.7e+01
   21 ,    211 : 9.9743742301357e+00 +(3e+01,1e+09) | 2.36e+01 |  3:8.1e-01  8:1.8e+01
   22 ,    221 : 1.5371012558701e+01 +(2e+01,1e+07) | 2.38e+01 |  3:8.5e-01  8:1.8e+01
   23 ,    231 : 1.1612335140976e+01 +(2e+01,8e+02) | 2.39e+01 |  3:7.8e-01  8:1.7e+01
   24 ,    241 : 1.1194171175684e+01 +(2e+01,4e+04) | 2.36e+01 |  3:7.5e-01  8:1.6e+01
   25 ,    251 : 1.0603900946710e+01 +(2e+01,1e+03) | 2.35e+01 |  3:7.3e-01  8:1.5e+01
   26 ,    261 : 1.1099559633605e+01 +(2e+01,2e+09) | 2.33e+01 |  3:7.1e-01  8:1.5e+01
   27 ,    271 : 1.1370349192740e+01 +(2e+01,3e+09) | 2.33e+01 |  3:6.5e-01  8:1.3e+01
   28 ,    281 : 1.2692115876691e+01 +(6e+00,3e+06) | 2.33e+01 |  3:5.9e-01  8:1.2e+01
   29 ,    291 : 1.1560907210514e+01 +(9e+00,4e+09) | 2.32e+01 |  3:5.3e-01  8:1.1e+01
Iterat, #Fevals:   Function Value    (median,worst) |Axis Ratio|idx:Min SD idx:Max SD
   30 ,    301 : 1.1165759039739e+01 +(9e+00,5e+02) | 2.33e+01 |  3:5.2e-01  8:1.1e+01
   31 ,    311 : 1.0212768503091e+01 +(6e+00,7e+02) | 2.33e+01 |  3:5.5e-01  8:1.1e+01
   32 ,    321 : 1.1459862706426e+01 +(4e+00,3e+01) | 2.38e+01 |  3:5.6e-01  8:1.2e+01
   33 ,    331 : 1.0212374430176e+01 +(2e+01,3e+01) | 2.39e+01 |  3:5.0e-01  8:1.0e+01
   34 ,    341 : 1.0615590705777e+01 +(2e+01,8e+02) | 2.36e+01 |  3:4.7e-01  8:9.4e+00
   35 ,    351 : 1.0286628140554e+01 +(7e+00,3e+04) | 2.37e+01 |  3:4.0e-01  8:8.0e+00
   36 ,    361 : 1.0552253789499e+01 +(5e+00,2e+01) | 2.34e+01 |  3:3.8e-01  8:7.7e+00
   37 ,    371 : 1.0016945698617e+01 +(8e+00,1e+01) | 2.41e+01 |  3:3.8e-01  8:8.0e+00
   38 ,    381 : 1.0384269939640e+01 +(7e+00,5e+02) | 2.33e+01 |  3:4.0e-01  8:8.4e+00
   39 ,    391 : 1.1683768856290e+01 +(1e+01,8e+02) | 2.32e+01 |  3:3.8e-01  8:7.8e+00
Iterat, #Fevals:   Function Value    (median,worst) |Axis Ratio|idx:Min SD idx:Max SD
   40 ,    401 : 1.0317785957632e+01 +(1e+00,3e+01) | 2.30e+01 |  3:3.4e-01  8:7.0e+00
   41 ,    411 : 1.0510870562567e+01 +(2e+00,5e+01) | 2.28e+01 |  3:3.2e-01  8:6.6e+00
   42 ,    421 : 1.0066447466947e+01 +(4e+00,5e+01) | 2.29e+01 |  3:3.1e-01  8:6.3e+00
   43 ,    431 : 1.0331579646985e+01 +(2e+00,1e+01) | 2.33e+01 |  3:3.0e-01  8:6.2e+00
   44 ,    441 : 1.0556220009709e+01 +(2e+00,2e+01) | 2.38e+01 |  3:2.9e-01  8:6.2e+00
   45 ,    451 : 1.0564556040242e+01 +(7e+00,2e+01) | 2.36e+01 |  3:2.9e-01  8:6.1e+00
   46 ,    461 : 1.0734717195156e+01 +(8e-01,6e+01) | 2.31e+01 |  3:2.6e-01  8:5.5e+00
   47 ,    471 : 1.0744718819977e+01 +(1e+00,4e+00) | 2.39e+01 |  3:2.5e-01  8:5.4e+00
   48 ,    481 : 1.0381745766267e+01 +(1e+00,1e+01) | 2.58e+01 |  3:2.5e-01  8:5.7e+00
   49 ,    491 : 1.0483302718446e+01 +(1e+00,1e+01) | 2.63e+01 |  3:2.4e-01  8:5.7e+00
Iterat, #Fevals:   Function Value    (median,worst) |Axis Ratio|idx:Min SD idx:Max SD
   50 ,    501 : 1.0424168885642e+01 +(3e-01,4e+00) | 2.61e+01 |  3:2.7e-01  8:6.2e+00
   51 ,    511 : 9.5991491262400e+00 +(7e+00,1e+01) | 2.54e+01 |  3:3.1e-01  8:6.9e+00
   52 ,    521 : 1.1591508101918e+01 +(5e+00,2e+02) | 2.53e+01 |  3:3.3e-01  8:7.4e+00
   53 ,    531 : 8.3815299083132e+00 +(6e+00,3e+01) | 2.45e+01 |  3:4.0e-01  8:8.3e+00
   54 ,    541 : 9.4643961236933e+00 +(7e+00,9e+01) | 2.40e+01 |  3:3.9e-01  8:7.8e+00
   55 ,    551 : 1.0208090768302e+01 +(7e+00,6e+01) | 2.41e+01 |  3:3.8e-01  8:7.7e+00
   56 ,    561 : 9.8421637375728e+00 +(1e+01,4e+02) | 2.43e+01 |  3:3.5e-01  8:7.1e+00
   57 ,    571 : 1.0144823279701e+01 +(3e+00,2e+02) | 2.43e+01 |  3:3.2e-01  8:6.5e+00
   58 ,    581 : 1.0321815250321e+01 +(1e+00,2e+01) | 2.39e+01 |  3:3.0e-01  8:6.0e+00
   59 ,    591 : 1.0202255358772e+01 +(2e+00,4e+01) | 2.40e+01 |  3:2.9e-01  8:5.7e+00
Iterat, #Fevals:   Function Value    (median,worst) |Axis Ratio|idx:Min SD idx:Max SD
   60 ,    601 : 1.0654842035083e+01 +(7e+00,5e+01) | 2.38e+01 |  3:3.1e-01  8:5.9e+00
   61 ,    611 : 1.1346110663048e+01 +(6e+00,7e+02) | 2.38e+01 |  3:3.2e-01  8:6.0e+00
   62 ,    621 : 1.0444418832888e+01 +(2e+00,8e+00) | 2.39e+01 |  3:3.0e-01  8:5.7e+00
   63 ,    631 : 1.0152747174332e+01 +(4e+00,4e+01) | 2.41e+01 |  2:2.7e-01  8:5.0e+00
   64 ,    641 : 1.0157904624125e+01 +(1e+00,9e+00) | 2.50e+01 |  3:2.4e-01  8:4.8e+00
   65 ,    651 : 9.8094365689480e+00 +(1e+00,7e+00) | 2.51e+01 |  3:2.4e-01  8:4.6e+00
   66 ,    661 : 9.1715397439110e+00 +(4e+00,2e+01) | 2.51e+01 |  3:2.4e-01  8:4.5e+00
   67 ,    671 : 9.5154052118742e+00 +(1e+00,3e+01) | 2.58e+01 |  3:2.4e-01  8:4.6e+00
   68 ,    681 : 9.4376290299058e+00 +(2e+00,7e+01) | 2.59e+01 |  2:2.5e-01  8:4.6e+00
   69 ,    691 : 9.7172782321121e+00 +(3e+00,1e+01) | 2.56e+01 |  2:2.5e-01  8:4.6e+00
Iterat, #Fevals:   Function Value    (median,worst) |Axis Ratio|idx:Min SD idx:Max SD
   70 ,    701 : 9.3704541247832e+00 +(2e+00,6e+00) | 2.56e+01 |  2:2.4e-01  8:4.4e+00
   71 ,    711 : 8.8188895232101e+00 +(3e+00,8e+00) | 2.63e+01 |  2:2.3e-01  8:4.3e+00
   72 ,    721 : 8.1333514165537e+00 +(3e+00,1e+01) | 2.58e+01 |  2:2.3e-01  8:4.3e+00
   73 ,    731 : 8.5851445341847e+00 +(3e+00,8e+02) | 2.60e+01 |  2:2.2e-01  8:4.1e+00
   74 ,    741 : 8.4991379680707e+00 +(2e+00,9e+00) | 2.56e+01 |  2:2.3e-01  8:4.4e+00
   75 ,    751 : 7.1415793996579e+00 +(3e+00,6e+01) | 2.54e+01 |  2:2.3e-01  8:4.2e+00
   76 ,    761 : 8.6166146826417e+00 +(1e+01,1e+02) | 2.59e+01 |  2:2.2e-01  8:4.0e+00
   77 ,    771 : 7.9465906009277e+00 +(1e+01,4e+01) | 2.64e+01 |  3:2.1e-01  8:4.0e+00
   78 ,    781 : 8.8590560792203e+00 +(4e+00,3e+02) | 2.70e+01 |  3:2.1e-01  8:4.2e+00
   79 ,    791 : 7.2367737837880e+00 +(5e+00,1e+01) | 2.72e+01 |  3:2.2e-01  8:4.3e+00
Iterat, #Fevals:   Function Value    (median,worst) |Axis Ratio|idx:Min SD idx:Max SD
   80 ,    801 : 7.6276871442037e+00 +(2e+00,4e+01) | 2.69e+01 |  3:2.2e-01  8:4.1e+00
   81 ,    811 : 6.4691322912268e+00 +(4e+00,5e+02) | 2.64e+01 |  3:2.1e-01  8:4.0e+00
   82 ,    821 : 6.2811306128348e+00 +(7e+00,6e+02) | 2.58e+01 |  2:2.2e-01  8:3.9e+00
   83 ,    831 : 6.8191788782229e+00 +(6e+00,2e+04) | 2.58e+01 |  2:2.0e-01  8:3.6e+00
   84 ,    841 : 7.2826298369067e+00 +(1e+01,5e+04) | 2.68e+01 |  3:2.0e-01  8:3.7e+00
   85 ,    851 : 6.3952197134217e+00 +(3e+00,5e+01) | 2.87e+01 |  3:2.1e-01  8:4.3e+00
   86 ,    861 : 6.9448296055414e+00 +(4e+00,2e+03) | 2.99e+01 |  3:2.2e-01  8:4.6e+00
   87 ,    871 : 6.6774930227938e+00 +(2e+00,6e+01) | 3.00e+01 |  3:1.9e-01  8:4.0e+00
   88 ,    881 : 6.3270763134522e+00 +(3e+00,1e+01) | 3.04e+01 |  3:1.8e-01  8:4.0e+00
   89 ,    891 : 5.5605649521563e+00 +(3e+00,3e+04) | 3.02e+01 |  3:2.0e-01  8:4.3e+00
Iterat, #Fevals:   Function Value    (median,worst) |Axis Ratio|idx:Min SD idx:Max SD
   90 ,    901 : 6.1422407460172e+00 +(4e+00,4e+04) | 3.06e+01 |  3:2.0e-01  8:4.2e+00
   91 ,    911 : 6.5849217397839e+00 +(3e+00,2e+04) | 3.01e+01 |  3:1.8e-01  8:3.8e+00
   92 ,    921 : 6.1001737370603e+00 +(1e+01,4e+03) | 2.96e+01 |  3:1.6e-01  8:3.4e+00
   93 ,    931 : 5.8985899872244e+00 +(2e+00,3e+03) | 3.06e+01 |  3:1.5e-01  8:3.3e+00
   94 ,    941 : 7.4483447475772e+00 +(2e+01,3e+04) | 3.10e+01 |  3:1.5e-01  8:3.4e+00
   95 ,    951 : 6.1989668137210e+00 +(5e+00,9e+01) | 3.05e+01 |  3:1.5e-01  8:3.4e+00
   96 ,    961 : 5.9437993409162e+00 +(3e+00,3e+01) | 3.06e+01 |  3:1.4e-01  8:3.2e+00
   97 ,    971 : 6.4488064579640e+00 +(1e+01,6e+03) | 3.06e+01 |  3:1.4e-01  8:3.2e+00
   98 ,    981 : 6.0512934267786e+00 +(3e+00,1e+02) | 3.02e+01 |  3:1.4e-01  8:3.2e+00
   99 ,    991 : 6.1028164958962e+00 +(7e+00,3e+02) | 2.98e+01 |  3:1.4e-01  8:3.1e+00
Iterat, #Fevals:   Function Value    (median,worst) |Axis Ratio|idx:Min SD idx:Max SD
  100 ,   1001 : 6.4797610370582e+00 +(3e+00,1e+01) | 2.88e+01 |  3:1.5e-01  8:3.2e+00
  101 ,   1011 : 6.0524694966952e+00 +(1e+00,8e+01) | 2.91e+01 |  3:1.5e-01  8:3.1e+00
  102 ,   1021 : 5.7695943231684e+00 +(4e+00,3e+01) | 2.88e+01 |  3:1.4e-01  8:2.9e+00
  103 ,   1031 : 7.6962103646787e+00 +(4e+00,4e+01) | 2.78e+01 |  3:1.5e-01  8:3.0e+00
  104 ,   1041 : 7.6370952892928e+00 +(4e+00,6e+01) | 2.79e+01 |  3:1.5e-01  8:3.0e+00
  105 ,   1051 : 6.6223747183155e+00 +(5e+00,2e+01) | 2.77e+01 |  3:1.4e-01  8:2.9e+00
  106 ,   1061 : 6.5710741011816e+00 +(5e+00,2e+02) | 2.76e+01 |  3:1.4e-01  8:2.9e+00
  107 ,   1071 : 6.6079927530285e+00 +(4e+00,4e+01) | 2.76e+01 |  3:1.3e-01  8:2.5e+00
  108 ,   1081 : 6.9725629394276e+00 +(3e+00,3e+01) | 2.77e+01 |  3:1.1e-01  8:2.2e+00
  109 ,   1091 : 5.9811790031823e+00 +(2e+00,1e+01) | 2.75e+01 |  3:1.1e-01  8:2.2e+00
Iterat, #Fevals:   Function Value    (median,worst) |Axis Ratio|idx:Min SD idx:Max SD
  110 ,   1101 : 5.8982899245997e+00 +(7e+00,2e+02) | 2.90e+01 |  3:1.0e-01  8:2.2e+00
  111 ,   1111 : 5.6642442044381e+00 +(8e+00,1e+02) | 2.87e+01 |  3:1.1e-01  8:2.4e+00
  112 ,   1121 : 5.9484843904038e+00 +(4e+00,5e+01) | 2.95e+01 |  3:1.1e-01  8:2.4e+00
  113 ,   1131 : 5.5384766500108e+00 +(1e+01,2e+02) | 2.93e+01 |  3:1.2e-01  8:2.6e+00
  114 ,   1141 : 6.3886195193956e+00 +(2e+01,1e+02) | 2.94e+01 |  3:1.2e-01  8:2.5e+00
  115 ,   1151 : 7.1957014813761e+00 +(7e+00,7e+01) | 3.02e+01 |  3:1.2e-01  8:2.6e+00
  116 ,   1161 : 6.1191185417875e+00 +(2e+00,2e+02) | 3.02e+01 |  3:1.1e-01  8:2.4e+00
  117 ,   1171 : 7.8015280597360e+00 +(1e+01,7e+01) | 3.03e+01 |  3:1.0e-01  8:2.2e+00
  118 ,   1181 : 6.8857360437691e+00 +(1e+00,1e+01) | 3.04e+01 |  3:9.2e-02  8:2.0e+00
  119 ,   1191 : 7.3462744411194e+00 +(1e+00,2e+01) | 3.11e+01 |  3:9.0e-02  8:2.1e+00
Iterat, #Fevals:   Function Value    (median,worst) |Axis Ratio|idx:Min SD idx:Max SD
  120 ,   1201 : 7.5319217676350e+00 +(3e+00,1e+01) | 3.16e+01 |  3:8.7e-02  8:2.0e+00
  121 ,   1211 : 7.2391410284712e+00 +(2e+00,6e+00) | 3.07e+01 |  3:8.5e-02  8:1.9e+00
  122 ,   1221 : 6.8674285043055e+00 +(1e+00,3e+00) | 3.00e+01 |  2:8.4e-02  8:1.8e+00
  123 ,   1231 : 6.5278102542610e+00 +(1e+00,5e+00) | 3.07e+01 |  2:8.7e-02  8:2.0e+00
  124 ,   1241 : 6.5208739808923e+00 +(3e+00,3e+01) | 2.94e+01 |  2:8.2e-02  8:1.9e+00
  125 ,   1251 : 7.3163896560649e+00 +(2e+00,9e+00) | 2.98e+01 |  2:8.0e-02  8:1.8e+00
  126 ,   1261 : 6.2903202145391e+00 +(1e+00,4e+00) | 2.78e+01 |  2:8.2e-02  8:1.9e+00
  127 ,   1271 : 6.6553309297283e+00 +(7e-01,9e+00) | 2.74e+01 |  2:8.8e-02  8:2.0e+00
  128 ,   1281 : 7.8225923433773e+00 +(3e+00,1e+01) | 2.76e+01 |  2:8.8e-02  8:2.0e+00
  129 ,   1291 : 6.7548192380083e+00 +(2e+00,1e+01) | 2.76e+01 |  2:9.8e-02  8:2.2e+00
Iterat, #Fevals:   Function Value    (median,worst) |Axis Ratio|idx:Min SD idx:Max SD
  130 ,   1301 : 5.8710460723729e+00 +(1e+00,2e+01) | 2.73e+01 |  2:1.1e-01  8:2.4e+00
  131 ,   1311 : 5.6310258032131e+00 +(9e+00,4e+01) | 2.70e+01 |  2:1.1e-01  8:2.4e+00
  132 ,   1321 : 5.6656384399859e+00 +(5e+00,5e+01) | 2.73e+01 |  2:1.1e-01  8:2.6e+00
  133 ,   1331 : 5.6439147846352e+00 +(1e+01,7e+01) | 2.81e+01 |  2:1.1e-01  8:2.7e+00
  134 ,   1341 : 6.3370605685330e+00 +(4e+00,3e+01) | 2.81e+01 |  2:1.1e-01  8:2.5e+00
  135 ,   1351 : 5.2631683083517e+00 +(2e+00,7e+00) | 3.13e+01 |  2:1.1e-01  8:2.8e+00
  136 ,   1361 : 5.5022574722278e+00 +(3e+00,1e+02) | 3.15e+01 |  2:1.1e-01  8:2.8e+00
  137 ,   1371 : 5.7465778136514e+00 +(7e+00,1e+02) | 3.13e+01 |  2:1.1e-01  8:2.8e+00
  138 ,   1381 : 6.9214686580797e+00 +(5e+00,4e+01) | 3.11e+01 |  2:1.0e-01  8:2.6e+00
  139 ,   1391 : 5.1754600662579e+00 +(2e+00,2e+01) | 3.03e+01 |  2:1.1e-01  8:2.5e+00
Iterat, #Fevals:   Function Value    (median,worst) |Axis Ratio|idx:Min SD idx:Max SD
  140 ,   1401 : 5.7494736024857e+00 +(1e+01,4e+01) | 2.96e+01 |  2:1.3e-01  8:2.7e+00
  141 ,   1411 : 5.4589787538006e+00 +(3e+00,5e+01) | 2.97e+01 |  2:1.3e-01  8:2.8e+00
  142 ,   1421 : 6.0357695573969e+00 +(6e-01,3e+01) | 2.97e+01 |  3:1.3e-01  8:2.8e+00
  143 ,   1431 : 5.8819333545917e+00 +(5e+00,3e+01) | 2.96e+01 |  3:1.4e-01  8:2.9e+00
  144 ,   1441 : 6.1683268199015e+00 +(5e+00,2e+01) | 3.02e+01 |  3:1.3e-01  8:2.8e+00
  145 ,   1451 : 6.5772756728627e+00 +(2e+00,4e+01) | 3.06e+01 |  3:1.3e-01  8:2.8e+00
  146 ,   1461 : 5.9117463211101e+00 +(2e+00,7e+00) | 3.06e+01 |  3:1.3e-01  8:2.8e+00
  147 ,   1471 : 6.3078337231726e+00 +(9e-01,9e+00) | 3.03e+01 |  3:1.2e-01  8:2.6e+00
  148 ,   1481 : 6.1585012431105e+00 +(5e+00,4e+01) | 2.97e+01 |  3:1.1e-01  8:2.3e+00
  149 ,   1491 : 5.7473907843116e+00 +(1e+00,2e+01) | 3.00e+01 |  3:9.3e-02  8:2.0e+00
Iterat, #Fevals:   Function Value    (median,worst) |Axis Ratio|idx:Min SD idx:Max SD
  150 ,   1501 : 5.7810843960664e+00 +(2e+00,6e+00) | 3.05e+01 |  3:8.5e-02  8:1.9e+00
  151 ,   1511 : 6.0276814333974e+00 +(1e+00,8e+00) | 3.15e+01 |  3:7.9e-02  8:1.8e+00
  152 ,   1521 : 6.3154734497239e+00 +(1e+00,6e+00) | 3.10e+01 |  3:7.1e-02  8:1.6e+00
  153 ,   1531 : 5.6491693298922e+00 +(1e+00,4e+00) | 3.14e+01 |  3:7.3e-02  8:1.6e+00
  154 ,   1541 : 5.5292491074446e+00 +(1e+00,5e+00) | 3.16e+01 |  3:7.3e-02  8:1.6e+00
  155 ,   1551 : 5.7694305061188e+00 +(1e+00,7e+00) | 3.18e+01 |  3:6.8e-02  8:1.5e+00
  156 ,   1561 : 5.6831761020876e+00 +(3e+00,1e+01) | 3.20e+01 |  3:6.1e-02  8:1.3e+00
  157 ,   1571 : 5.4729356662695e+00 +(9e-01,5e+00) | 3.05e+01 |  3:5.7e-02  8:1.2e+00
  158 ,   1581 : 5.2026498912560e+00 +(9e-01,2e+00) | 3.26e+01 |  3:5.6e-02  8:1.3e+00
  159 ,   1591 : 5.4251845713815e+00 +(7e-01,5e+00) | 3.31e+01 |  3:5.4e-02  8:1.3e+00
Iterat, #Fevals:   Function Value    (median,worst) |Axis Ratio|idx:Min SD idx:Max SD
  160 ,   1601 : 5.1039511231002e+00 +(8e-01,3e+00) | 3.33e+01 |  3:5.9e-02  8:1.3e+00
  161 ,   1611 : 5.1439066954076e+00 +(3e-01,2e+01) | 3.33e+01 |  3:5.7e-02  8:1.3e+00
  162 ,   1621 : 5.4137573670285e+00 +(1e+00,5e+00) | 3.33e+01 |  3:5.4e-02  8:1.2e+00
  163 ,   1631 : 5.2882247321525e+00 +(7e-01,2e+00) | 3.33e+01 |  3:5.4e-02  8:1.2e+00
  164 ,   1641 : 5.3639769981981e+00 +(6e-01,5e+00) | 3.37e+01 |  3:5.5e-02  8:1.3e+00
  165 ,   1651 : 5.2875465737551e+00 +(1e+00,5e+00) | 3.35e+01 |  3:5.1e-02  8:1.1e+00
  166 ,   1661 : 5.1745735932468e+00 +(3e-01,3e+00) | 3.28e+01 |  3:5.3e-02  8:1.2e+00
  167 ,   1671 : 5.1480280161931e+00 +(9e-01,3e+00) | 3.30e+01 |  3:4.8e-02  8:1.1e+00
  168 ,   1681 : 5.1924692705736e+00 +(6e-01,7e+00) | 3.23e+01 |  3:4.5e-02  8:1.0e+00
  169 ,   1691 : 5.2910173871180e+00 +(5e-01,5e+00) | 3.27e+01 |  3:4.3e-02  8:9.7e-01
Iterat, #Fevals:   Function Value    (median,worst) |Axis Ratio|idx:Min SD idx:Max SD
  170 ,   1701 : 5.1703811291003e+00 +(8e-01,7e+00) | 3.28e+01 |  3:4.1e-02  8:9.2e-01
  171 ,   1711 : 5.1365878844652e+00 +(7e-01,3e+00) | 3.37e+01 |  3:3.7e-02  8:8.5e-01
  172 ,   1721 : 5.1289599265707e+00 +(2e-01,8e-01) | 3.27e+01 |  3:4.0e-02  8:8.8e-01
  173 ,   1731 : 5.1025940789282e+00 +(4e-01,2e+00) | 3.21e+01 |  3:3.8e-02  8:8.2e-01
  174 ,   1741 : 5.1455516400506e+00 +(3e-01,4e+00) | 3.21e+01 |  3:3.4e-02  8:7.4e-01
  175 ,   1751 : 5.1595589384158e+00 +(3e-01,1e+00) | 3.21e+01 |  3:3.0e-02  8:6.3e-01
  176 ,   1761 : 5.1162116458181e+00 +(2e-01,1e+00) | 3.24e+01 |  3:2.8e-02  8:6.0e-01
  177 ,   1771 : 5.1238052031029e+00 +(6e-02,6e-01) | 3.30e+01 |  3:2.6e-02  8:5.6e-01
  178 ,   1781 : 5.1185190714430e+00 +(5e-02,1e+00) | 3.34e+01 |  3:2.6e-02  8:5.8e-01
  179 ,   1791 : 5.1263353516125e+00 +(7e-02,1e+00) | 3.36e+01 |  3:2.7e-02  8:6.3e-01
Iterat, #Fevals:   Function Value    (median,worst) |Axis Ratio|idx:Min SD idx:Max SD
  180 ,   1801 : 5.1274332495112e+00 +(2e-01,1e+00) | 3.39e+01 |  3:2.5e-02  8:5.8e-01
  181 ,   1811 : 5.0912116634039e+00 +(7e-02,2e+00) | 3.35e+01 |  3:2.3e-02  8:5.3e-01
  182 ,   1821 : 5.0775545813563e+00 +(1e-01,6e-01) | 3.29e+01 |  3:2.3e-02  8:5.3e-01
  183 ,   1831 : 5.0746655213507e+00 +(2e-01,4e-01) | 3.28e+01 |  3:2.2e-02  8:5.1e-01
  184 ,   1841 : 5.1131002113534e+00 +(7e-02,4e-01) | 3.30e+01 |  3:2.1e-02  8:4.9e-01
  185 ,   1851 : 5.0870607957462e+00 +(8e-02,3e-01) | 3.30e+01 |  3:1.9e-02  8:4.5e-01
  186 ,   1861 : 5.0753545008470e+00 +(1e-01,4e-01) | 3.37e+01 |  2:1.8e-02  8:4.4e-01
  187 ,   1871 : 5.0978209879274e+00 +(3e-02,3e-01) | 3.32e+01 |  2:1.9e-02  8:4.3e-01
  188 ,   1881 : 5.0814569310444e+00 +(5e-02,2e-01) | 3.25e+01 |  2:1.9e-02  8:4.4e-01
  189 ,   1891 : 5.0820095717972e+00 +(3e-02,5e-01) | 3.16e+01 |  2:1.8e-02  8:4.0e-01
Iterat, #Fevals:   Function Value    (median,worst) |Axis Ratio|idx:Min SD idx:Max SD
  190 ,   1901 : 5.0628465713132e+00 +(4e-02,6e-01) | 3.21e+01 |  2:1.8e-02  8:3.9e-01
  191 ,   1911 : 5.0450371109439e+00 +(7e-02,2e-01) | 3.22e+01 |  2:1.9e-02  8:4.3e-01
  192 ,   1921 : 5.0256927542173e+00 +(6e-02,2e-01) | 3.31e+01 |  2:1.9e-02  8:4.5e-01
  193 ,   1931 : 5.0450243111157e+00 +(4e-02,2e-01) | 3.33e+01 |  2:1.9e-02  8:4.4e-01
  194 ,   1941 : 5.0195417373242e+00 +(1e-01,5e-01) | 3.49e+01 |  2:2.0e-02  8:4.7e-01
  195 ,   1951 : 5.0288156103097e+00 +(4e-02,5e-01) | 3.49e+01 |  2:1.8e-02  8:4.2e-01
  196 ,   1961 : 5.0260274490204e+00 +(6e-02,6e-01) | 3.56e+01 |  2:1.7e-02  8:4.1e-01
  197 ,   1971 : 5.0099479390997e+00 +(6e-02,2e-01) | 3.58e+01 |  2:1.8e-02  8:4.2e-01
  198 ,   1981 : 4.9878669837751e+00 +(7e-02,1e-01) | 3.82e+01 |  2:1.9e-02  8:4.8e-01
  199 ,   1991 : 4.9935061323470e+00 +(5e-02,3e-01) | 3.91e+01 |  2:2.0e-02  8:5.1e-01
Iterat, #Fevals:   Function Value    (median,worst) |Axis Ratio|idx:Min SD idx:Max SD
  200 ,   2001 : 4.9912936521781e+00 +(3e-02,3e-01) | 3.88e+01 |  3:2.1e-02  8:5.3e-01
  201 ,   2011 : 4.9799040325143e+00 +(7e-02,4e-01) | 3.95e+01 |  3:2.0e-02  8:5.1e-01
  202 ,   2021 : 4.9927878705572e+00 +(2e-02,9e-02) | 3.97e+01 |  3:1.8e-02  8:4.7e-01
  203 ,   2031 : 4.9749462029184e+00 +(4e-02,2e-01) | 4.00e+01 |  3:1.7e-02  8:4.4e-01
  204 ,   2041 : 4.9748626569655e+00 +(8e-02,3e-01) | 4.09e+01 |  3:1.6e-02  8:4.4e-01
  205 ,   2051 : 4.9819266117300e+00 +(5e-02,3e-01) | 4.25e+01 |  2:1.8e-02  8:5.0e-01
  206 ,   2061 : 4.9681462103724e+00 +(5e-02,1e-01) | 4.38e+01 |  2:2.0e-02  8:5.7e-01
  207 ,   2071 : 4.9546909517358e+00 +(8e-02,2e-01) | 4.38e+01 |  2:2.3e-02  8:6.6e-01
  208 ,   2081 : 4.9750994757850e+00 +(1e-01,4e-01) | 4.58e+01 |  2:2.6e-02  8:7.6e-01
  209 ,   2091 : 4.9643011477977e+00 +(1e-01,1e+00) | 4.64e+01 |  2:2.7e-02  8:7.9e-01
Iterat, #Fevals:   Function Value    (median,worst) |Axis Ratio|idx:Min SD idx:Max SD
  210 ,   2101 : 4.9351448094580e+00 +(7e-02,4e-01) | 4.86e+01 |  2:2.9e-02  8:8.6e-01
  211 ,   2111 : 4.9609300383253e+00 +(3e-01,1e+00) | 4.78e+01 |  2:2.9e-02  8:8.7e-01
  212 ,   2121 : 4.9630786940463e+00 +(2e-01,1e+00) | 4.73e+01 |  2:3.0e-02  8:8.7e-01
  213 ,   2131 : 4.9180196694758e+00 +(9e-02,3e-01) | 4.75e+01 |  2:2.9e-02  8:8.5e-01
  214 ,   2141 : 4.9264185640006e+00 +(2e-01,9e-01) | 4.75e+01 |  2:2.7e-02  8:7.8e-01
  215 ,   2151 : 4.9107976296819e+00 +(1e-01,1e+00) | 4.74e+01 |  2:2.7e-02  8:7.7e-01
  216 ,   2161 : 4.8944398603572e+00 +(1e-01,6e-01) | 4.74e+01 |  2:2.3e-02  8:6.8e-01
  217 ,   2171 : 4.9105810540835e+00 +(5e-02,6e-01) | 4.58e+01 |  2:2.2e-02  8:6.3e-01
  218 ,   2181 : 4.9151270624345e+00 +(4e-02,2e-01) | 4.47e+01 |  2:2.1e-02  8:5.8e-01
  219 ,   2191 : 4.9140079516359e+00 +(7e-02,2e-01) | 4.21e+01 |  2:2.0e-02  8:5.4e-01
Iterat, #Fevals:   Function Value    (median,worst) |Axis Ratio|idx:Min SD idx:Max SD
  220 ,   2201 : 4.9157128551070e+00 +(6e-02,2e-01) | 4.09e+01 |  2:1.9e-02  8:5.1e-01
  221 ,   2211 : 4.8855917244556e+00 +(5e-02,3e-01) | 3.97e+01 |  2:1.9e-02  8:5.0e-01
  222 ,   2221 : 4.8943210986885e+00 +(4e-02,2e-01) | 3.93e+01 |  2:1.8e-02  8:4.9e-01
  223 ,   2231 : 4.8959846494602e+00 +(6e-02,7e-01) | 3.90e+01 |  2:1.8e-02  8:4.9e-01
  224 ,   2241 : 4.8566314931496e+00 +(8e-02,3e-01) | 4.03e+01 |  2:1.9e-02  8:5.1e-01
  225 ,   2251 : 4.8519158555295e+00 +(1e-01,6e-01) | 4.03e+01 |  2:2.4e-02  8:5.9e-01
  226 ,   2261 : 4.8011841940221e+00 +(1e-01,2e-01) | 4.25e+01 |  2:2.4e-02  8:6.2e-01
  227 ,   2271 : 4.8149984830421e+00 +(3e-02,1e-01) | 4.61e+01 |  2:2.8e-02  8:7.5e-01
  228 ,   2281 : 4.7724158994570e+00 +(6e-02,3e-01) | 4.95e+01 |  2:3.3e-02  8:8.9e-01
  229 ,   2291 : 4.7686470006298e+00 +(6e-02,1e-01) | 5.08e+01 |  2:3.6e-02  8:9.7e-01
Iterat, #Fevals:   Function Value    (median,worst) |Axis Ratio|idx:Min SD idx:Max SD
  230 ,   2301 : 4.7694271624113e+00 +(2e-01,4e-01) | 5.17e+01 |  2:3.6e-02  8:9.9e-01
  231 ,   2311 : 4.6439593236897e+00 +(2e-01,5e-01) | 5.29e+01 |  2:3.8e-02  8:1.1e+00
  232 ,   2321 : 4.7372748041164e+00 +(9e-02,8e-01) | 5.06e+01 |  2:4.1e-02  8:1.1e+00
  233 ,   2331 : 4.6519816998413e+00 +(2e-01,8e-01) | 5.21e+01 |  2:4.1e-02  8:1.2e+00
  234 ,   2341 : 4.5436334181815e+00 +(2e-01,5e-01) | 5.56e+01 |  2:4.7e-02  8:1.4e+00
  235 ,   2351 : 4.5514428501804e+00 +(2e-01,2e+00) | 5.93e+01 |  2:5.1e-02  8:1.6e+00
  236 ,   2361 : 4.4624508252226e+00 +(4e-01,1e+00) | 6.17e+01 |  2:5.3e-02  8:1.7e+00
  237 ,   2371 : 4.2880993237692e+00 +(4e-01,3e+00) | 6.46e+01 |  2:5.7e-02  8:1.9e+00
  238 ,   2381 : 4.2277962131711e+00 +(6e-01,2e+00) | 6.36e+01 |  2:6.0e-02  8:2.0e+00
  239 ,   2391 : 4.2576355351771e+00 +(1e+00,3e+00) | 6.42e+01 |  2:6.5e-02  8:2.2e+00
Iterat, #Fevals:   Function Value    (median,worst) |Axis Ratio|idx:Min SD idx:Max SD
  240 ,   2401 : 4.0730026744283e+00 +(1e+00,2e+02) | 6.41e+01 |  2:6.8e-02  8:2.3e+00
  241 ,   2411 : 4.1214683456472e+00 +(2e+00,6e+00) | 6.51e+01 |  2:6.7e-02  8:2.3e+00
  242 ,   2421 : 4.2425302173983e+00 +(7e-01,9e+00) | 6.54e+01 |  2:6.6e-02  8:2.3e+00
  243 ,   2431 : 4.0060348011166e+00 +(6e-01,9e+00) | 6.52e+01 |  2:6.0e-02  8:2.0e+00
  244 ,   2441 : 4.2531352285388e+00 +(1e+00,4e+00) | 6.54e+01 |  2:5.5e-02  8:1.9e+00
  245 ,   2451 : 4.0369493223713e+00 +(6e-01,7e+00) | 6.46e+01 |  2:5.9e-02  8:1.9e+00
  246 ,   2461 : 4.0892140636894e+00 +(5e-01,5e+00) | 6.39e+01 |  2:5.8e-02  8:1.9e+00
  247 ,   2471 : 4.3278498667947e+00 +(5e-01,4e+00) | 6.25e+01 |  2:6.2e-02  8:2.0e+00
  248 ,   2481 : 4.2695534381605e+00 +(3e-01,3e+00) | 6.33e+01 |  2:5.9e-02  8:1.9e+00
  249 ,   2491 : 3.7669967216951e+00 +(9e-01,7e+00) | 6.41e+01 |  2:5.9e-02  8:1.9e+00
Iterat, #Fevals:   Function Value    (median,worst) |Axis Ratio|idx:Min SD idx:Max SD
  250 ,   2501 : 3.8746639221310e+00 +(8e-01,2e+01) | 6.44e+01 |  2:6.0e-02  8:1.9e+00
  251 ,   2511 : 3.4712947569193e+00 +(1e+00,5e+00) | 6.41e+01 |  2:6.2e-02  8:1.9e+00
  252 ,   2521 : 4.2670431771112e+00 +(2e+00,2e+01) | 6.45e+01 |  2:5.7e-02  8:1.8e+00
  253 ,   2531 : 4.3631878123082e+00 +(5e-01,5e+00) | 6.54e+01 |  2:5.6e-02  8:1.8e+00
  254 ,   2541 : 3.9583465804749e+00 +(6e-01,7e+00) | 6.53e+01 |  2:5.7e-02  8:1.8e+00
  255 ,   2551 : 3.6990917787360e+00 +(6e-01,6e+00) | 6.66e+01 |  2:5.6e-02  8:1.7e+00
  256 ,   2561 : 3.9787276147843e+00 +(6e-01,2e+01) | 6.65e+01 |  2:5.1e-02  8:1.6e+00
  257 ,   2571 : 3.6164410394587e+00 +(1e+00,4e+00) | 6.73e+01 |  2:4.8e-02  8:1.5e+00
  258 ,   2581 : 3.6443424860580e+00 +(2e-01,4e+00) | 6.78e+01 |  2:4.3e-02  8:1.4e+00
  259 ,   2591 : 3.6186695676883e+00 +(8e-01,7e+00) | 6.80e+01 |  2:3.7e-02  8:1.2e+00
Iterat, #Fevals:   Function Value    (median,worst) |Axis Ratio|idx:Min SD idx:Max SD
  260 ,   2601 : 3.5818338409324e+00 +(1e+00,3e+00) | 6.82e+01 |  2:3.4e-02  8:1.1e+00
  261 ,   2611 : 3.5874178106909e+00 +(6e-01,9e+00) | 6.70e+01 |  2:3.4e-02  8:1.1e+00
  262 ,   2621 : 3.4412475026637e+00 +(7e-01,9e+00) | 6.44e+01 |  2:3.5e-02  8:1.1e+00
  263 ,   2631 : 3.5378914670623e+00 +(5e-01,3e+01) | 6.46e+01 |  2:3.5e-02  8:1.1e+00
  264 ,   2641 : 3.4590126888375e+00 +(7e-01,8e+00) | 6.43e+01 |  2:3.5e-02  8:1.1e+00
  265 ,   2651 : 3.5413242815439e+00 +(3e-01,3e+00) | 6.45e+01 |  2:3.8e-02  8:1.2e+00
  266 ,   2661 : 3.4576563604878e+00 +(1e-01,2e+01) | 6.36e+01 |  2:3.7e-02  8:1.2e+00
  267 ,   2671 : 3.4002538061975e+00 +(5e-01,5e+00) | 6.30e+01 |  2:3.8e-02  8:1.2e+00
  268 ,   2681 : 3.3997472113179e+00 +(4e-01,5e+00) | 6.26e+01 |  2:3.6e-02  8:1.1e+00
  269 ,   2691 : 3.3128654720517e+00 +(1e+00,7e+00) | 6.27e+01 |  2:3.9e-02  8:1.2e+00
Iterat, #Fevals:   Function Value    (median,worst) |Axis Ratio|idx:Min SD idx:Max SD
  270 ,   2701 : 3.3915437946496e+00 +(1e+00,4e+00) | 6.26e+01 |  2:4.2e-02  8:1.3e+00
  271 ,   2711 : 3.2281235470470e+00 +(8e-01,6e+00) | 6.32e+01 |  2:4.3e-02  8:1.3e+00
  272 ,   2721 : 3.6656008673583e+00 +(1e+00,8e+04) | 6.45e+01 |  2:4.0e-02  8:1.2e+00
  273 ,   2731 : 3.4910340430055e+00 +(2e+00,8e+00) | 6.45e+01 |  2:3.6e-02  8:1.1e+00
  274 ,   2741 : 3.2480535633182e+00 +(9e-01,7e+00) | 6.44e+01 |  2:3.8e-02  8:1.1e+00
  275 ,   2751 : 3.1524837374054e+00 +(7e-01,2e+01) | 6.48e+01 |  2:3.6e-02  8:1.0e+00
  276 ,   2761 : 3.1151724502481e+00 +(1e+00,1e+01) | 6.48e+01 |  2:3.3e-02  8:9.6e-01
  277 ,   2771 : 3.2121020575791e+00 +(1e+00,1e+01) | 6.37e+01 |  2:2.7e-02  8:8.0e-01
  278 ,   2781 : 3.2270257643928e+00 +(1e+00,7e+00) | 6.36e+01 |  2:2.7e-02  8:7.8e-01
  279 ,   2791 : 3.1444558144433e+00 +(4e-01,2e+00) | 6.34e+01 |  2:2.7e-02  8:7.7e-01
Iterat, #Fevals:   Function Value    (median,worst) |Axis Ratio|idx:Min SD idx:Max SD
  280 ,   2801 : 3.1541866850412e+00 +(7e-01,2e+00) | 6.33e+01 |  2:2.9e-02  8:8.5e-01
  281 ,   2811 : 3.3561267046570e+00 +(6e-01,9e+00) | 6.26e+01 |  2:3.3e-02  8:9.6e-01
  282 ,   2821 : 3.2720076700759e+00 +(8e-01,9e+00) | 6.32e+01 |  2:3.6e-02  8:1.0e+00
  283 ,   2831 : 3.4181094930372e+00 +(4e-01,6e+00) | 6.35e+01 |  2:4.3e-02  8:1.2e+00
  284 ,   2841 : 3.2183334633529e+00 +(6e-01,3e+00) | 6.36e+01 |  2:4.5e-02  8:1.3e+00
  285 ,   2851 : 3.6829067298898e+00 +(1e+00,9e+00) | 6.39e+01 |  2:4.7e-02  8:1.3e+00
  286 ,   2861 : 3.6489067455258e+00 +(1e+00,2e+02) | 6.44e+01 |  2:5.4e-02  8:1.5e+00
  287 ,   2871 : 3.4980917046018e+00 +(2e+00,1e+01) | 6.43e+01 |  2:5.8e-02  8:1.6e+00
  288 ,   2881 : 3.3976984189190e+00 +(1e+00,1e+02) | 6.35e+01 |  2:5.5e-02  8:1.5e+00
  289 ,   2891 : 3.3133043845114e+00 +(1e+00,2e+01) | 6.36e+01 |  2:5.3e-02  8:1.5e+00
Iterat, #Fevals:   Function Value    (median,worst) |Axis Ratio|idx:Min SD idx:Max SD
  290 ,   2901 : 3.8094165950355e+00 +(6e+00,2e+01) | 6.38e+01 |  2:4.8e-02  8:1.3e+00
  291 ,   2911 : 3.5569808026168e+00 +(2e+00,6e+00) | 6.31e+01 |  2:4.4e-02  8:1.2e+00
  292 ,   2921 : 3.3246827788711e+00 +(2e+00,6e+00) | 6.32e+01 |  2:4.2e-02  8:1.1e+00
  293 ,   2931 : 3.3087744570965e+00 +(9e-01,4e+00) | 6.31e+01 |  2:4.0e-02  8:1.1e+00
  294 ,   2941 : 3.4160631770983e+00 +(4e-01,2e+00) | 6.27e+01 |  2:3.7e-02  8:9.9e-01
  295 ,   2951 : 3.4884475499473e+00 +(1e+00,2e+01) | 6.35e+01 |  2:3.4e-02  8:9.2e-01
  296 ,   2961 : 3.3054544032339e+00 +(4e-01,1e+00) | 6.38e+01 |  2:3.2e-02  8:8.6e-01
  297 ,   2971 : 3.3738399347918e+00 +(6e-01,3e+00) | 6.29e+01 |  2:3.2e-02  8:8.4e-01
  298 ,   2981 : 3.5122010836241e+00 +(3e-01,1e+00) | 6.23e+01 |  2:2.8e-02  8:7.4e-01
  299 ,   2991 : 3.2647967415853e+00 +(5e-01,3e+00) | 6.30e+01 |  2:2.6e-02  8:7.0e-01
Iterat, #Fevals:   Function Value    (median,worst) |Axis Ratio|idx:Min SD idx:Max SD
  300 ,   3001 : 3.2429430868683e+00 +(3e-01,2e+00) | 6.29e+01 |  2:2.5e-02  8:6.7e-01
  301 ,   3011 : 3.2636661924282e+00 +(4e-01,1e+00) | 6.35e+01 |  2:2.6e-02  8:6.8e-01
  302 ,   3021 : 3.2447880009069e+00 +(8e-01,1e+01) | 6.28e+01 |  2:2.3e-02  8:6.2e-01
  303 ,   3031 : 3.3253322395220e+00 +(3e-01,2e+00) | 6.24e+01 |  2:2.1e-02  8:5.7e-01
  304 ,   3041 : 3.1601271840521e+00 +(3e-01,5e-01) | 6.12e+01 |  2:2.3e-02  8:6.1e-01
  305 ,   3051 : 3.2366698714115e+00 +(3e-01,2e+00) | 6.09e+01 |  2:2.3e-02  8:6.0e-01
  306 ,   3061 : 3.1486572602352e+00 +(5e-01,3e+00) | 6.03e+01 |  2:2.2e-02  8:5.6e-01
  307 ,   3071 : 3.2102858586532e+00 +(4e-01,1e+00) | 6.07e+01 |  2:1.9e-02  8:4.9e-01
  308 ,   3081 : 3.2389060033177e+00 +(4e-01,7e-01) | 6.04e+01 |  2:1.8e-02  8:4.8e-01
  309 ,   3091 : 3.1985190815351e+00 +(6e-02,2e-01) | 6.02e+01 |  2:1.8e-02  8:4.5e-01
Iterat, #Fevals:   Function Value    (median,worst) |Axis Ratio|idx:Min SD idx:Max SD
  310 ,   3101 : 3.1624536651592e+00 +(2e-01,7e-01) | 6.09e+01 |  2:1.7e-02  8:4.3e-01
  311 ,   3111 : 3.1588419977790e+00 +(9e-02,8e-01) | 6.06e+01 |  2:1.5e-02  8:3.9e-01
  312 ,   3121 : 3.1521811550070e+00 +(2e-01,6e-01) | 6.03e+01 |  2:1.4e-02  8:3.5e-01
  313 ,   3131 : 3.1141400541136e+00 +(2e-01,4e-01) | 6.04e+01 |  2:1.4e-02  8:3.5e-01
  314 ,   3141 : 3.1623343682123e+00 +(2e-01,4e-01) | 6.12e+01 |  2:1.4e-02  8:3.6e-01
  315 ,   3151 : 3.1029477020720e+00 +(2e-01,6e-01) | 6.18e+01 |  2:1.4e-02  8:3.7e-01
  316 ,   3161 : 3.0946817018618e+00 +(2e-01,7e-01) | 6.35e+01 |  2:1.4e-02  8:3.7e-01
  317 ,   3171 : 3.0622423446681e+00 +(3e-01,1e+00) | 5.98e+01 |  2:1.4e-02  8:3.8e-01
  318 ,   3181 : 3.0963038034222e+00 +(8e-02,6e-01) | 5.94e+01 |  2:1.3e-02  8:3.5e-01
  319 ,   3191 : 3.0876943151690e+00 +(1e-01,6e-01) | 5.90e+01 |  2:1.1e-02  8:3.0e-01
Iterat, #Fevals:   Function Value    (median,worst) |Axis Ratio|idx:Min SD idx:Max SD
  320 ,   3201 : 3.0927429138057e+00 +(1e-01,4e-01) | 5.92e+01 |  2:1.0e-02  8:2.7e-01
  321 ,   3211 : 3.0536104382301e+00 +(8e-02,6e-01) | 5.77e+01 |  2:1.0e-02  8:2.6e-01
  322 ,   3221 : 3.0720571446360e+00 +(2e-01,3e-01) | 5.71e+01 |  2:9.9e-03  8:2.5e-01
  323 ,   3231 : 3.0757042797813e+00 +(5e-02,3e-01) | 5.74e+01 |  2:1.1e-02  8:2.6e-01
  324 ,   3241 : 3.0415379276189e+00 +(1e-01,9e-01) | 5.68e+01 |  2:1.2e-02  8:2.8e-01
  325 ,   3251 : 3.0198419486119e+00 +(8e-02,4e-01) | 5.72e+01 |  2:1.4e-02  8:3.0e-01
  326 ,   3261 : 3.0393690637025e+00 +(1e-01,1e+00) | 5.69e+01 |  2:1.4e-02  8:3.1e-01
  327 ,   3271 : 3.0209295996295e+00 +(8e-02,4e-01) | 5.69e+01 |  2:1.3e-02  8:2.8e-01
  328 ,   3281 : 3.0751481497454e+00 +(2e-01,7e-01) | 5.68e+01 |  2:1.4e-02  8:2.8e-01
  329 ,   3291 : 3.0376514272746e+00 +(8e-02,3e-01) | 5.53e+01 |  2:1.4e-02  8:2.8e-01
Iterat, #Fevals:   Function Value    (median,worst) |Axis Ratio|idx:Min SD idx:Max SD
  330 ,   3301 : 3.0281909709012e+00 +(1e-01,5e-01) | 5.47e+01 |  2:1.4e-02  8:2.7e-01
  331 ,   3311 : 3.0382633034426e+00 +(2e-01,2e+00) | 5.45e+01 |  2:1.4e-02  8:2.8e-01
  332 ,   3321 : 3.0163456921862e+00 +(1e-01,9e-01) | 5.37e+01 |  2:1.4e-02  8:2.8e-01
  333 ,   3331 : 3.0066659985463e+00 +(2e-01,8e-01) | 5.35e+01 |  2:1.4e-02  8:2.6e-01
  334 ,   3341 : 3.0768878605408e+00 +(1e-01,1e+00) | 5.41e+01 |  2:1.3e-02  8:2.6e-01
  335 ,   3351 : 3.0431360163036e+00 +(2e-01,8e-01) | 5.41e+01 |  2:1.3e-02  8:2.6e-01
  336 ,   3361 : 3.0171114982947e+00 +(2e-01,6e-01) | 5.68e+01 |  2:1.4e-02  8:2.7e-01
  337 ,   3371 : 3.0142570773346e+00 +(5e-02,4e-01) | 5.63e+01 |  2:1.3e-02  8:2.6e-01
  338 ,   3381 : 3.0085283598218e+00 +(8e-02,6e-01) | 5.58e+01 |  2:1.2e-02  8:2.4e-01
  339 ,   3391 : 3.0024718541122e+00 +(1e-01,8e-01) | 5.55e+01 |  2:1.2e-02  8:2.4e-01
Iterat, #Fevals:   Function Value    (median,worst) |Axis Ratio|idx:Min SD idx:Max SD
  340 ,   3401 : 2.9831651759499e+00 +(8e-02,4e-01) | 5.45e+01 |  2:1.3e-02  8:2.4e-01
  341 ,   3411 : 2.9980271120639e+00 +(1e-01,5e-01) | 5.54e+01 |  2:1.2e-02  8:2.3e-01
  342 ,   3421 : 2.9810658538514e+00 +(9e-02,3e-01) | 5.55e+01 |  2:1.2e-02  8:2.3e-01
  343 ,   3431 : 3.0011448058126e+00 +(8e-02,2e-01) | 5.56e+01 |  2:1.2e-02  8:2.2e-01
  344 ,   3441 : 2.9953349668275e+00 +(1e-01,4e-01) | 5.59e+01 |  2:1.3e-02  8:2.2e-01
  345 ,   3451 : 3.0024617356152e+00 +(5e-02,4e-01) | 5.57e+01 |  2:1.2e-02  8:2.1e-01
  346 ,   3461 : 3.0011298002230e+00 +(6e-02,1e-01) | 5.60e+01 |  2:1.1e-02  8:2.0e-01
  347 ,   3471 : 3.0067562395310e+00 +(3e-02,2e-01) | 5.68e+01 |  2:1.0e-02  8:1.8e-01
  348 ,   3481 : 3.0001730497321e+00 +(7e-02,4e-01) | 5.71e+01 |  2:9.7e-03  8:1.7e-01
  349 ,   3491 : 2.9845687766691e+00 +(5e-02,2e-01) | 5.73e+01 |  2:8.4e-03  8:1.5e-01
Iterat, #Fevals:   Function Value    (median,worst) |Axis Ratio|idx:Min SD idx:Max SD
  350 ,   3501 : 2.9907265496116e+00 +(4e-02,2e-01) | 5.76e+01 |  2:7.9e-03  8:1.4e-01
  351 ,   3511 : 2.9855560895463e+00 +(3e-02,2e-01) | 5.69e+01 |  2:7.4e-03  8:1.3e-01
  352 ,   3521 : 2.9962268252288e+00 +(3e-02,3e-01) | 5.68e+01 |  2:7.2e-03  8:1.2e-01
  353 ,   3531 : 2.9884531559025e+00 +(9e-03,1e-01) | 5.68e+01 |  2:7.5e-03  8:1.3e-01
  354 ,   3541 : 2.9921475311878e+00 +(1e-02,8e-02) | 5.68e+01 |  2:8.3e-03  8:1.4e-01
  355 ,   3551 : 2.9976011898766e+00 +(3e-02,9e-02) | 5.72e+01 |  2:9.1e-03  8:1.5e-01
  356 ,   3561 : 2.9903798549648e+00 +(4e-02,3e-01) | 5.93e+01 |  2:1.0e-02  8:1.6e-01
  357 ,   3571 : 2.9817549607404e+00 +(6e-02,2e-01) | 6.05e+01 |  2:1.1e-02  8:1.7e-01
  358 ,   3581 : 2.9721435208017e+00 +(3e-02,1e-01) | 6.22e+01 |  2:1.2e-02  8:1.7e-01
  359 ,   3591 : 2.9965600232631e+00 +(3e-02,2e-01) | 6.27e+01 |  2:1.1e-02  8:1.6e-01
Iterat, #Fevals:   Function Value    (median,worst) |Axis Ratio|idx:Min SD idx:Max SD
  360 ,   3601 : 2.9869664757727e+00 +(1e-02,2e-01) | 6.29e+01 |  2:9.9e-03  8:1.5e-01
  361 ,   3611 : 2.9916651713950e+00 +(3e-02,1e-01) | 6.26e+01 |  2:9.1e-03  8:1.4e-01
  362 ,   3621 : 2.9810531403351e+00 +(4e-02,9e-02) | 6.28e+01 |  2:8.2e-03  8:1.2e-01
  363 ,   3631 : 2.9830629247424e+00 +(2e-02,2e-01) | 6.28e+01 |  2:7.1e-03  8:1.1e-01
  364 ,   3641 : 2.9776444266341e+00 +(3e-02,7e-02) | 6.39e+01 |  2:6.7e-03  8:1.0e-01
  365 ,   3651 : 2.9793548403392e+00 +(2e-02,6e-02) | 6.85e+01 |  2:7.1e-03  8:1.1e-01
  366 ,   3661 : 2.9768264487019e+00 +(2e-02,7e-02) | 6.93e+01 |  2:6.9e-03  8:1.1e-01
  367 ,   3671 : 2.9789037137546e+00 +(3e-02,2e-01) | 6.98e+01 |  2:6.5e-03  8:1.0e-01
  368 ,   3681 : 2.9827462802139e+00 +(3e-02,9e-02) | 7.01e+01 |  2:6.8e-03  8:1.0e-01
  369 ,   3691 : 2.9862578188748e+00 +(9e-03,6e-02) | 7.02e+01 |  2:6.1e-03  8:9.1e-02
Iterat, #Fevals:   Function Value    (median,worst) |Axis Ratio|idx:Min SD idx:Max SD
  370 ,   3701 : 2.9776859135744e+00 +(2e-02,6e-02) | 7.02e+01 |  2:5.2e-03  8:7.9e-02
  371 ,   3711 : 2.9775019222800e+00 +(1e-02,4e-02) | 7.05e+01 |  2:4.7e-03  8:7.1e-02
  372 ,   3721 : 2.9740040436081e+00 +(1e-02,3e-02) | 7.04e+01 |  2:4.3e-03  8:6.6e-02
  373 ,   3731 : 2.9745738134952e+00 +(9e-03,5e-02) | 6.97e+01 |  2:4.2e-03  8:6.4e-02
  374 ,   3741 : 2.9732172465720e+00 +(1e-02,3e-02) | 7.02e+01 |  2:3.8e-03  8:5.7e-02
  375 ,   3751 : 2.9784883252956e+00 +(1e-02,2e-02) | 7.17e+01 |  2:3.9e-03  8:5.9e-02
  376 ,   3761 : 2.9792444108794e+00 +(3e-03,3e-02) | 6.93e+01 |  2:3.9e-03  8:5.9e-02
  377 ,   3771 : 2.9792550511634e+00 +(7e-03,1e-02) | 7.05e+01 |  2:3.4e-03  8:5.2e-02
  378 ,   3781 : 2.9790895227673e+00 +(7e-03,4e-02) | 7.03e+01 |  2:3.1e-03  8:4.8e-02
  379 ,   3791 : 2.9766441044866e+00 +(5e-03,2e-02) | 7.01e+01 |  2:2.9e-03  8:4.3e-02
Iterat, #Fevals:   Function Value    (median,worst) |Axis Ratio|idx:Min SD idx:Max SD
  380 ,   3801 : 2.9784405131538e+00 +(5e-03,2e-02) | 6.93e+01 |  2:3.0e-03  8:4.3e-02
  381 ,   3811 : 2.9778518528142e+00 +(6e-03,1e-02) | 6.96e+01 |  2:3.0e-03  8:4.3e-02
  382 ,   3821 : 2.9740711292723e+00 +(1e-02,3e-02) | 6.94e+01 |  2:3.0e-03  8:4.3e-02
  383 ,   3831 : 2.9751147559323e+00 +(8e-03,1e-02) | 6.91e+01 |  2:3.3e-03  8:4.6e-02
  384 ,   3841 : 2.9747365692031e+00 +(3e-03,3e-02) | 6.91e+01 |  2:3.2e-03  8:4.5e-02
  385 ,   3851 : 2.9737789691333e+00 +(5e-03,3e-02) | 7.03e+01 |  2:3.2e-03  8:4.5e-02
  386 ,   3861 : 2.9740967555111e+00 +(6e-03,2e-02) | 7.27e+01 |  2:3.2e-03  8:4.6e-02
  387 ,   3871 : 2.9732772898775e+00 +(6e-03,5e-02) | 7.22e+01 |  2:2.9e-03  8:4.1e-02
  388 ,   3881 : 2.9740021361163e+00 +(2e-03,9e-03) | 7.24e+01 |  2:2.5e-03  8:3.6e-02
  389 ,   3891 : 2.9730141333144e+00 +(4e-03,2e-02) | 7.35e+01 |  2:2.4e-03  8:3.4e-02
Iterat, #Fevals:   Function Value    (median,worst) |Axis Ratio|idx:Min SD idx:Max SD
  390 ,   3901 : 2.9724817559783e+00 +(3e-03,3e-02) | 7.42e+01 |  2:2.2e-03  8:3.1e-02
  391 ,   3911 : 2.9750455959446e+00 +(4e-03,2e-02) | 7.34e+01 |  2:2.2e-03  8:2.9e-02
  392 ,   3921 : 2.9736455473667e+00 +(9e-04,6e-03) | 7.30e+01 |  2:2.2e-03  8:2.9e-02
  393 ,   3931 : 2.9741897125364e+00 +(1e-03,6e-03) | 7.33e+01 |  2:2.1e-03  8:2.8e-02
  394 ,   3941 : 2.9713492649357e+00 +(3e-03,2e-02) | 7.10e+01 |  2:2.0e-03  8:2.6e-02
  395 ,   3951 : 2.9729768768206e+00 +(2e-03,2e-02) | 7.03e+01 |  2:1.9e-03  8:2.6e-02
  396 ,   3961 : 2.9728335453652e+00 +(3e-03,2e-02) | 7.01e+01 |  2:1.9e-03  8:2.5e-02
  397 ,   3971 : 2.9714493197557e+00 +(3e-03,9e-03) | 7.05e+01 |  2:1.8e-03  8:2.3e-02
  398 ,   3981 : 2.9731309940589e+00 +(2e-03,2e-02) | 7.19e+01 |  2:1.5e-03  8:2.1e-02
  399 ,   3991 : 2.9729219338778e+00 +(1e-03,2e-02) | 7.14e+01 |  2:1.4e-03  8:1.9e-02
Iterat, #Fevals:   Function Value    (median,worst) |Axis Ratio|idx:Min SD idx:Max SD
  400 ,   4001 : 2.9721861648419e+00 +(2e-03,8e-03) | 7.08e+01 |  2:1.3e-03  8:1.8e-02
  401 ,   4011 : 2.9728610186530e+00 +(3e-03,7e-03) | 7.00e+01 |  2:1.3e-03  8:1.7e-02
  402 ,   4021 : 2.9725750252085e+00 +(2e-03,2e-02) | 7.13e+01 |  2:1.4e-03  8:1.8e-02
  403 ,   4031 : 2.9717352906466e+00 +(1e-03,6e-03) | 7.18e+01 |  2:1.4e-03  8:1.8e-02
  404 ,   4041 : 2.9721848274477e+00 +(2e-03,2e-02) | 7.41e+01 |  2:1.5e-03  8:1.9e-02
  405 ,   4051 : 2.9705182466487e+00 +(4e-03,2e-02) | 7.46e+01 |  2:1.4e-03  8:1.7e-02
  406 ,   4061 : 2.9720281961840e+00 +(1e-03,2e-02) | 7.47e+01 |  2:1.2e-03  8:1.6e-02
  407 ,   4071 : 2.9726133472352e+00 +(9e-04,3e-02) | 7.54e+01 |  2:1.2e-03  8:1.5e-02
  408 ,   4081 : 2.9718285215048e+00 +(2e-03,1e-02) | 7.59e+01 |  2:1.2e-03  8:1.5e-02
  409 ,   4091 : 2.9715633525955e+00 +(2e-03,2e-02) | 7.64e+01 |  2:1.0e-03  8:1.3e-02
Iterat, #Fevals:   Function Value    (median,worst) |Axis Ratio|idx:Min SD idx:Max SD
  410 ,   4101 : 2.9723908481726e+00 +(1e-03,2e-03) | 7.51e+01 |  2:9.2e-04  8:1.2e-02
  411 ,   4111 : 2.9716362528940e+00 +(1e-03,2e-02) | 7.43e+01 |  2:8.5e-04  8:1.1e-02
  412 ,   4121 : 2.9715291829135e+00 +(1e-03,6e-03) | 7.49e+01 |  2:8.8e-04  8:1.1e-02
  413 ,   4131 : 2.9717355515054e+00 +(3e-03,2e-02) | 7.48e+01 |  2:8.7e-04  8:1.1e-02
  414 ,   4141 : 2.9722609154450e+00 +(3e-04,4e-03) | 7.67e+01 |  2:7.8e-04  8:9.7e-03
  415 ,   4151 : 2.9706520670490e+00 +(2e-03,4e-03) | 7.69e+01 |  2:7.4e-04  8:9.6e-03
  416 ,   4161 : 2.9715074229441e+00 +(1e-03,2e-02) | 7.83e+01 |  2:7.3e-04  8:9.5e-03
  417 ,   4171 : 2.9702879023085e+00 +(2e-03,6e-03) | 8.37e+01 |  2:7.7e-04  8:1.1e-02
  418 ,   4181 : 2.9715354764932e+00 +(1e-03,5e-03) | 8.24e+01 |  2:7.3e-04  8:1.0e-02
  419 ,   4191 : 2.9711751672045e+00 +(1e-03,5e-03) | 8.33e+01 |  2:6.9e-04  8:9.9e-03
Iterat, #Fevals:   Function Value    (median,worst) |Axis Ratio|idx:Min SD idx:Max SD
  420 ,   4201 : 2.9700598481882e+00 +(2e-03,2e-02) | 8.33e+01 |  2:6.1e-04  8:8.9e-03
  421 ,   4211 : 2.9711898998394e+00 +(2e-03,1e-02) | 8.40e+01 |  2:5.7e-04  8:8.3e-03
  422 ,   4221 : 2.9726019689281e+00 +(4e-04,4e-03) | 8.40e+01 |  2:5.6e-04  8:8.3e-03
  423 ,   4231 : 2.9722383006682e+00 +(3e-04,2e-02) | 8.52e+01 |  2:5.6e-04  8:8.4e-03
  424 ,   4241 : 2.9714931580503e+00 +(8e-04,2e-03) | 8.49e+01 |  2:5.3e-04  8:8.0e-03
  425 ,   4251 : 2.9713456091546e+00 +(1e-03,1e-03) | 8.44e+01 |  2:5.0e-04  8:7.6e-03
  426 ,   4261 : 2.9704962611019e+00 +(2e-03,2e-03) | 8.33e+01 |  2:5.2e-04  8:7.7e-03
  427 ,   4271 : 2.9714488034725e+00 +(1e-03,5e-03) | 8.38e+01 |  2:4.9e-04  8:7.3e-03
  428 ,   4281 : 2.9714013041635e+00 +(2e-03,4e-03) | 8.46e+01 |  2:5.0e-04  8:7.3e-03
  429 ,   4291 : 2.9714143063296e+00 +(1e-03,4e-03) | 8.69e+01 |  2:5.7e-04  8:8.0e-03
Iterat, #Fevals:   Function Value    (median,worst) |Axis Ratio|idx:Min SD idx:Max SD
  430 ,   4301 : 2.9713766137579e+00 +(1e-03,2e-03) | 8.58e+01 |  2:5.0e-04  8:7.0e-03
  431 ,   4311 : 2.9708926119036e+00 +(1e-03,3e-03) | 8.44e+01 |  2:4.6e-04  8:6.4e-03
  432 ,   4321 : 2.9722137445957e+00 +(3e-04,1e-02) | 8.56e+01 |  2:4.4e-04  8:6.1e-03
  433 ,   4331 : 2.9704579893205e+00 +(2e-03,7e-03) | 8.27e+01 |  2:3.9e-04  8:5.4e-03
  434 ,   4341 : 2.9705607452110e+00 +(2e-03,2e-02) | 8.23e+01 |  2:3.6e-04  8:5.0e-03
  435 ,   4351 : 2.9706723292965e+00 +(2e-03,2e-02) | 8.12e+01 |  2:3.5e-04  8:4.6e-03
  436 ,   4361 : 2.9696726844322e+00 +(3e-03,3e-03) | 8.41e+01 |  2:3.6e-04  8:4.9e-03
  437 ,   4371 : 2.9717176449379e+00 +(2e-03,6e-03) | 8.67e+01 |  2:3.8e-04  8:5.3e-03
  438 ,   4381 : 2.9722200023264e+00 +(6e-04,2e-02) | 8.61e+01 |  2:3.9e-04  8:5.5e-03
  439 ,   4391 : 2.9712040108840e+00 +(2e-03,2e-03) | 8.65e+01 |  2:3.6e-04  8:5.1e-03
Iterat, #Fevals:   Function Value    (median,worst) |Axis Ratio|idx:Min SD idx:Max SD
  440 ,   4401 : 2.9723351177169e+00 +(5e-04,2e-02) | 9.08e+01 |  2:3.5e-04  8:5.1e-03
  441 ,   4411 : 2.9718369022523e+00 +(9e-04,5e-03) | 9.12e+01 |  2:3.3e-04  8:5.0e-03
  442 ,   4421 : 2.9710958534105e+00 +(2e-03,3e-03) | 9.14e+01 |  2:2.9e-04  8:4.3e-03
  443 ,   4431 : 2.9707044701241e+00 +(2e-03,4e-03) | 9.15e+01 |  2:2.7e-04  8:4.0e-03
  444 ,   4441 : 2.9717021901227e+00 +(1e-03,1e-02) | 9.26e+01 |  2:2.6e-04  8:4.0e-03
  445 ,   4451 : 2.9720151284505e+00 +(1e-03,2e-03) | 9.28e+01 |  2:2.6e-04  8:3.9e-03
  446 ,   4461 : 2.9715108369641e+00 +(1e-03,4e-03) | 9.32e+01 |  2:2.5e-04  8:3.7e-03
  447 ,   4471 : 2.9708193265643e+00 +(2e-03,5e-03) | 9.20e+01 |  2:2.2e-04  8:3.3e-03
  448 ,   4481 : 2.9717212983959e+00 +(1e-03,5e-03) | 9.51e+01 |  2:2.1e-04  8:3.2e-03
  449 ,   4491 : 2.9716733434981e+00 +(8e-04,2e-03) | 9.47e+01 |  2:2.0e-04  8:3.1e-03
Iterat, #Fevals:   Function Value    (median,worst) |Axis Ratio|idx:Min SD idx:Max SD
  450 ,   4501 : 2.9717677165898e+00 +(9e-04,2e-03) | 9.28e+01 |  2:2.1e-04  8:3.1e-03
  451 ,   4511 : 2.9704003645367e+00 +(2e-03,3e-03) | 9.41e+01 |  2:2.3e-04  8:3.5e-03
  452 ,   4521 : 2.9714101261678e+00 +(1e-03,5e-03) | 9.16e+01 |  2:2.2e-04  8:3.4e-03
  453 ,   4531 : 2.9723603984751e+00 +(4e-04,2e-03) | 9.12e+01 |  2:2.1e-04  8:3.1e-03
  454 ,   4541 : 2.9714719872387e+00 +(1e-03,5e-03) | 9.18e+01 |  2:1.9e-04  8:2.9e-03
  455 ,   4551 : 2.9711675508349e+00 +(1e-03,3e-03) | 9.18e+01 |  2:1.9e-04  8:2.8e-03
  456 ,   4561 : 2.9723496992428e+00 +(4e-04,2e-02) | 9.13e+01 |  2:1.8e-04  8:2.8e-03
  457 ,   4571 : 2.9718876969659e+00 +(9e-04,2e-03) | 8.98e+01 |  2:1.9e-04  8:2.9e-03
  458 ,   4581 : 2.9725048709127e+00 +(8e-04,4e-03) | 8.71e+01 |  2:1.8e-04  8:2.8e-03
  459 ,   4591 : 2.9710942288700e+00 +(2e-03,5e-03) | 8.52e+01 |  2:1.9e-04  8:2.9e-03
Iterat, #Fevals:   Function Value    (median,worst) |Axis Ratio|idx:Min SD idx:Max SD
  460 ,   4601 : 2.9713410021633e+00 +(1e-03,5e-03) | 8.48e+01 |  2:1.7e-04  8:2.7e-03
  461 ,   4611 : 2.9715682978566e+00 +(1e-03,6e-03) | 8.47e+01 |  2:1.7e-04  8:2.6e-03
  462 ,   4621 : 2.9720652512039e+00 +(4e-04,5e-03) | 8.35e+01 |  2:1.8e-04  8:2.8e-03
  463 ,   4631 : 2.9716066239699e+00 +(1e-03,2e-02) | 8.18e+01 |  2:1.7e-04  8:2.5e-03
  464 ,   4641 : 2.9716308463233e+00 +(2e-03,5e-03) | 8.32e+01 |  2:1.5e-04  8:2.3e-03
  465 ,   4651 : 2.9718172952027e+00 +(1e-03,2e-02) | 8.28e+01 |  2:1.4e-04  8:2.2e-03
  466 ,   4661 : 2.9723494736819e+00 +(7e-04,2e-02) | 8.26e+01 |  2:1.3e-04  8:2.0e-03
  467 ,   4671 : 2.9720592457594e+00 +(6e-04,8e-03) | 8.17e+01 |  2:1.3e-04  8:1.9e-03
  468 ,   4681 : 2.9712522101313e+00 +(1e-03,2e-02) | 8.27e+01 |  2:1.2e-04  8:1.9e-03
  469 ,   4691 : 2.9714577514664e+00 +(1e-03,2e-02) | 8.45e+01 |  2:1.2e-04  8:1.9e-03
Iterat, #Fevals:   Function Value    (median,worst) |Axis Ratio|idx:Min SD idx:Max SD
  470 ,   4701 : 2.9714163066882e+00 +(1e-03,5e-03) | 8.44e+01 |  2:1.2e-04  8:1.8e-03
  471 ,   4711 : 2.9724438609019e+00 +(8e-04,5e-03) | 8.51e+01 |  2:1.2e-04  8:1.8e-03
  472 ,   4721 : 2.9716228281476e+00 +(1e-03,1e-02) | 8.88e+01 |  2:1.1e-04  8:1.8e-03
  473 ,   4731 : 2.9716944167970e+00 +(1e-03,2e-03) | 9.09e+01 |  2:1.1e-04  8:1.8e-03
  474 ,   4741 : 2.9714981635971e+00 +(1e-03,2e-03) | 9.31e+01 |  2:1.1e-04  8:1.9e-03
  475 ,   4751 : 2.9725234266340e+00 +(1e-04,3e-03) | 9.90e+01 |  2:1.1e-04  8:2.0e-03
  476 ,   4761 : 2.9717807676125e+00 +(1e-03,1e-03) | 1.01e+02 |  2:1.2e-04  8:2.3e-03
  477 ,   4771 : 2.9722449898992e+00 +(3e-04,1e-03) | 1.02e+02 |  2:1.3e-04  8:2.4e-03
  478 ,   4781 : 2.9714599879269e+00 +(1e-03,2e-03) | 1.02e+02 |  2:1.3e-04  8:2.3e-03
  479 ,   4791 : 2.9716626576849e+00 +(1e-03,2e-03) | 1.02e+02 |  2:1.3e-04  8:2.2e-03
Iterat, #Fevals:   Function Value    (median,worst) |Axis Ratio|idx:Min SD idx:Max SD
  480 ,   4801 : 2.9714325130554e+00 +(1e-03,2e-03) | 1.01e+02 |  2:1.3e-04  8:2.1e-03
  481 ,   4811 : 2.9689644313870e+00 +(4e-03,5e-03) | 1.06e+02 |  2:1.6e-04  8:2.4e-03
  482 ,   4821 : 2.9716096854609e+00 +(1e-03,3e-03) | 1.10e+02 |  2:1.7e-04  8:2.6e-03
  483 ,   4831 : 2.9716107750778e+00 +(1e-03,2e-02) | 1.12e+02 |  2:1.6e-04  8:2.5e-03
  484 ,   4841 : 2.9716376922756e+00 +(1e-03,2e-03) | 1.14e+02 |  2:1.6e-04  8:2.6e-03
  485 ,   4851 : 2.9714181896744e+00 +(1e-03,2e-03) | 1.16e+02 |  2:1.6e-04  8:2.5e-03
  486 ,   4861 : 2.9716654933671e+00 +(9e-04,3e-03) | 1.19e+02 |  2:1.4e-04  8:2.3e-03
  487 ,   4871 : 2.9717350201036e+00 +(7e-04,2e-03) | 1.19e+02 |  2:1.3e-04  8:2.1e-03
  488 ,   4881 : 2.9705392149625e+00 +(2e-03,2e-02) | 1.22e+02 |  2:1.2e-04  8:2.0e-03
  489 ,   4891 : 2.9717890452550e+00 +(1e-03,3e-03) | 1.24e+02 |  2:1.2e-04  8:1.9e-03
Iterat, #Fevals:   Function Value    (median,worst) |Axis Ratio|idx:Min SD idx:Max SD
  490 ,   4901 : 2.9707044681265e+00 +(2e-03,3e-03) | 1.23e+02 |  2:1.3e-04  8:2.0e-03
  491 ,   4911 : 2.9715274921596e+00 +(1e-03,2e-03) | 1.23e+02 |  2:1.3e-04  8:2.0e-03
  492 ,   4921 : 2.9712584109678e+00 +(1e-03,2e-03) | 1.25e+02 |  2:1.5e-04  8:2.2e-03
  493 ,   4931 : 2.9713544783178e+00 +(1e-03,2e-03) | 1.24e+02 |  2:1.5e-04  8:2.2e-03
  494 ,   4941 : 2.9721924757466e+00 +(5e-04,1e-03) | 1.27e+02 |  2:1.4e-04  8:2.0e-03
  495 ,   4951 : 2.9711623534796e+00 +(2e-03,2e-02) | 1.28e+02 |  2:1.3e-04  8:1.9e-03
  496 ,   4961 : 2.9721688026779e+00 +(4e-04,1e-03) | 1.27e+02 |  2:1.3e-04  8:1.9e-03
  497 ,   4971 : 2.9713799720116e+00 +(1e-03,2e-02) | 1.27e+02 |  2:1.3e-04  8:1.8e-03
  498 ,   4981 : 2.9701245388708e+00 +(2e-03,3e-03) | 1.25e+02 |  2:1.5e-04  8:1.9e-03
  499 ,   4991 : 2.9704803728128e+00 +(2e-03,3e-03) | 1.26e+02 |  2:1.4e-04  8:1.8e-03
Iterat, #Fevals:   Function Value    (median,worst) |Axis Ratio|idx:Min SD idx:Max SD
  500 ,   5001 : 2.9709900052350e+00 +(2e-03,5e-03) | 1.26e+02 |  2:1.4e-04  8:1.8e-03
  501 ,   5011 : 2.9713538572617e+00 +(1e-03,2e-03) | 1.28e+02 |  2:1.4e-04  8:1.8e-03
  502 ,   5021 : 2.9715454785180e+00 +(9e-04,4e-03) | 1.32e+02 |  2:1.4e-04  8:1.8e-03
  503 ,   5031 : 2.9718698037698e+00 +(8e-04,2e-02) | 1.30e+02 |  2:1.5e-04  8:1.9e-03
  504 ,   5041 : 2.9716519992320e+00 +(1e-03,2e-03) | 1.34e+02 |  2:1.6e-04  8:2.1e-03
  505 ,   5051 : 2.9716570338713e+00 +(1e-03,6e-03) | 1.34e+02 |  2:1.4e-04  8:1.9e-03
  506 ,   5061 : 2.9710901561919e+00 +(1e-03,2e-03) | 1.34e+02 |  2:1.3e-04  8:1.7e-03
  507 ,   5071 : 2.9720530306202e+00 +(6e-04,2e-02) | 1.34e+02 |  2:1.3e-04  8:1.7e-03
  508 ,   5081 : 2.9704253241617e+00 +(2e-03,3e-03) | 1.29e+02 |  2:1.4e-04  8:1.9e-03
  509 ,   5091 : 2.9701282270586e+00 +(2e-03,2e-02) | 1.29e+02 |  2:1.5e-04  8:2.0e-03
Iterat, #Fevals:   Function Value    (median,worst) |Axis Ratio|idx:Min SD idx:Max SD
  510 ,   5101 : 2.9714920185174e+00 +(1e-03,4e-03) | 1.30e+02 |  2:1.6e-04  8:2.1e-03
  511 ,   5111 : 2.9707153866367e+00 +(2e-03,3e-03) | 1.31e+02 |  2:1.6e-04  8:2.1e-03
  512 ,   5121 : 2.9718429664994e+00 +(6e-04,4e-03) | 1.32e+02 |  2:1.6e-04  8:2.1e-03
  513 ,   5131 : 2.9720357700017e+00 +(7e-04,2e-02) | 1.25e+02 |  2:1.7e-04  8:2.3e-03
  514 ,   5141 : 2.9699743305296e+00 +(3e-03,2e-02) | 1.25e+02 |  2:1.7e-04  8:2.2e-03
  515 ,   5151 : 2.9717443976976e+00 +(8e-04,4e-03) | 1.33e+02 |  2:1.8e-04  8:2.4e-03
  516 ,   5161 : 2.9714367579496e+00 +(9e-04,2e-03) | 1.32e+02 |  2:1.8e-04  8:2.4e-03
  517 ,   5171 : 2.9707390877051e+00 +(2e-03,2e-03) | 1.30e+02 |  2:1.7e-04  8:2.5e-03
  518 ,   5181 : 2.9712737950497e+00 +(1e-03,2e-03) | 1.44e+02 |  2:1.9e-04  8:3.0e-03
  519 ,   5191 : 2.9713804216954e+00 +(2e-03,1e-02) | 1.55e+02 |  2:1.9e-04  8:3.2e-03
Iterat, #Fevals:   Function Value    (median,worst) |Axis Ratio|idx:Min SD idx:Max SD
  520 ,   5201 : 2.9713917073892e+00 +(9e-04,6e-03) | 1.53e+02 |  2:1.9e-04  8:3.0e-03
  521 ,   5211 : 2.9713436397174e+00 +(9e-04,2e-03) | 1.63e+02 |  2:2.0e-04  8:3.4e-03
  522 ,   5221 : 2.9705283174260e+00 +(2e-03,7e-03) | 1.63e+02 |  2:1.8e-04  8:3.2e-03
  523 ,   5231 : 2.9723887740606e+00 +(7e-04,2e-03) | 1.60e+02 |  2:1.7e-04  8:3.0e-03
  524 ,   5241 : 2.9696328813117e+00 +(3e-03,6e-03) | 1.60e+02 |  2:1.9e-04  8:3.2e-03
  525 ,   5251 : 2.9714598814497e+00 +(1e-03,2e-03) | 1.62e+02 |  2:2.2e-04  8:3.5e-03
  526 ,   5261 : 2.9715283179784e+00 +(1e-03,3e-03) | 1.64e+02 |  2:2.4e-04  8:3.7e-03
  527 ,   5271 : 2.9713626633904e+00 +(1e-03,2e-02) | 1.71e+02 |  2:2.5e-04  8:3.9e-03
  528 ,   5281 : 2.9716231486226e+00 +(1e-03,2e-03) | 1.74e+02 |  2:2.4e-04  8:3.8e-03
  529 ,   5291 : 2.9718308503339e+00 +(7e-04,2e-03) | 1.69e+02 |  3:2.1e-04  8:3.4e-03
Iterat, #Fevals:   Function Value    (median,worst) |Axis Ratio|idx:Min SD idx:Max SD
  530 ,   5301 : 2.9716019644045e+00 +(1e-03,2e-03) | 1.67e+02 |  3:2.1e-04  8:3.4e-03
  531 ,   5311 : 2.9715404367447e+00 +(8e-04,3e-03) | 1.66e+02 |  3:1.9e-04  8:3.2e-03
  532 ,   5321 : 2.9721735609547e+00 +(7e-04,1e-02) | 1.64e+02 |  2:1.8e-04  8:2.9e-03
  533 ,   5331 : 2.9713133337759e+00 +(1e-03,2e-03) | 1.62e+02 |  2:2.0e-04  8:3.3e-03
  534 ,   5341 : 2.9722087221094e+00 +(4e-04,1e-03) | 1.60e+02 |  2:2.0e-04  8:3.5e-03
  535 ,   5351 : 2.9710003185209e+00 +(2e-03,2e-03) | 1.59e+02 |  2:1.9e-04  8:3.2e-03
  536 ,   5361 : 2.9716154340467e+00 +(7e-04,4e-03) | 1.55e+02 |  2:1.8e-04  8:3.2e-03
  537 ,   5371 : 2.9707184897385e+00 +(2e-03,3e-03) | 1.59e+02 |  2:1.8e-04  8:3.2e-03
  538 ,   5381 : 2.9716175071814e+00 +(9e-04,2e-02) | 1.59e+02 |  2:1.8e-04  8:3.1e-03
  539 ,   5391 : 2.9715747189191e+00 +(9e-04,7e-03) | 1.48e+02 |  2:1.7e-04  8:3.0e-03
Iterat, #Fevals:   Function Value    (median,worst) |Axis Ratio|idx:Min SD idx:Max SD
  540 ,   5401 : 2.9715794281418e+00 +(1e-03,2e-03) | 1.42e+02 |  2:1.6e-04  8:2.9e-03
  541 ,   5411 : 2.9709810329225e+00 +(2e-03,3e-03) | 1.55e+02 |  3:1.7e-04  8:3.2e-03
  542 ,   5421 : 2.9712229379032e+00 +(1e-03,3e-03) | 1.52e+02 |  3:1.7e-04  8:3.3e-03
  543 ,   5431 : 2.9722199116919e+00 +(1e-03,9e-03) | 1.57e+02 |  3:1.7e-04  8:3.3e-03
  544 ,   5441 : 2.9711628050406e+00 +(1e-03,2e-02) | 1.60e+02 |  3:1.7e-04  8:3.3e-03
  545 ,   5451 : 2.9717008785228e+00 +(2e-03,2e-03) | 1.60e+02 |  3:1.6e-04  8:3.0e-03
  546 ,   5461 : 2.9718204171464e+00 +(1e-03,2e-03) | 1.62e+02 |  3:1.5e-04  8:3.0e-03
  547 ,   5471 : 2.9706345756967e+00 +(2e-03,4e-03) | 1.63e+02 |  3:1.5e-04  8:2.9e-03
  548 ,   5481 : 2.9716532186656e+00 +(1e-03,1e-02) | 1.59e+02 |  3:1.5e-04  8:3.0e-03
  549 ,   5491 : 2.9717673235340e+00 +(1e-03,2e-03) | 1.64e+02 |  3:1.5e-04  8:3.0e-03
Iterat, #Fevals:   Function Value    (median,worst) |Axis Ratio|idx:Min SD idx:Max SD
  550 ,   5501 : 2.9715557456538e+00 +(1e-03,2e-02) | 1.68e+02 |  3:1.5e-04  8:2.9e-03
  551 ,   5511 : 2.9716778632758e+00 +(9e-04,2e-03) | 1.80e+02 |  3:1.6e-04  8:3.2e-03
  552 ,   5521 : 2.9705324588013e+00 +(2e-03,3e-03) | 1.81e+02 |  3:1.5e-04  8:3.1e-03
  553 ,   5531 : 2.9715593319484e+00 +(1e-03,5e-03) | 1.79e+02 |  3:1.5e-04  8:3.0e-03
  554 ,   5541 : 2.9710874573781e+00 +(1e-03,2e-03) | 1.79e+02 |  3:1.7e-04  8:3.6e-03
  555 ,   5551 : 2.9725809204770e+00 +(5e-04,1e-03) | 1.87e+02 |  3:2.0e-04  8:4.2e-03
  556 ,   5561 : 2.9718571533266e+00 +(8e-04,3e-03) | 1.97e+02 |  3:2.4e-04  8:5.4e-03
  557 ,   5571 : 2.9712473177096e+00 +(1e-03,5e-03) | 1.99e+02 |  3:2.6e-04  8:5.7e-03
  558 ,   5581 : 2.9716945156491e+00 +(1e-03,2e-03) | 2.01e+02 |  2:3.3e-04  8:6.6e-03
  559 ,   5591 : 2.9715668513353e+00 +(1e-03,2e-02) | 2.08e+02 |  2:3.6e-04  8:7.6e-03
Iterat, #Fevals:   Function Value    (median,worst) |Axis Ratio|idx:Min SD idx:Max SD
  560 ,   5601 : 2.9727518561957e+00 +(9e-04,2e-02) | 2.13e+02 |  2:4.3e-04  8:9.3e-03
  561 ,   5611 : 2.9717387905234e+00 +(2e-03,2e-02) | 2.13e+02 |  2:4.0e-04  8:8.7e-03
  562 ,   5621 : 2.9715899679856e+00 +(2e-03,2e-02) | 2.17e+02 |  2:4.0e-04  8:8.9e-03
  563 ,   5631 : 2.9719511128588e+00 +(1e-03,2e-02) | 2.17e+02 |  2:3.9e-04  8:8.6e-03
  564 ,   5641 : 2.9714010342473e+00 +(2e-03,2e-03) | 2.21e+02 |  2:3.8e-04  8:8.6e-03
  565 ,   5651 : 2.9719429978648e+00 +(1e-03,2e-03) | 2.18e+02 |  2:3.6e-04  8:7.9e-03
  566 ,   5661 : 2.9717177125376e+00 +(1e-03,2e-03) | 2.18e+02 |  2:3.7e-04  8:8.2e-03
  567 ,   5671 : 2.9709144090340e+00 +(2e-03,6e-03) | 2.34e+02 |  2:3.9e-04  8:9.4e-03
  568 ,   5681 : 2.9702072600857e+00 +(2e-03,3e-03) | 2.37e+02 |  2:4.5e-04  8:1.1e-02
  569 ,   5691 : 2.9714638607482e+00 +(1e-03,2e-02) | 2.43e+02 |  2:5.2e-04  8:1.2e-02
Iterat, #Fevals:   Function Value    (median,worst) |Axis Ratio|idx:Min SD idx:Max SD
  570 ,   5701 : 2.9714735019782e+00 +(1e-03,2e-02) | 2.41e+02 |  2:5.1e-04  8:1.2e-02
  571 ,   5711 : 2.9701960166960e+00 +(3e-03,2e-02) | 2.38e+02 |  2:5.0e-04  8:1.2e-02
  572 ,   5721 : 2.9722043018454e+00 +(1e-03,2e-02) | 2.41e+02 |  2:5.0e-04  8:1.2e-02
  573 ,   5731 : 2.9703731967345e+00 +(2e-03,2e-02) | 2.36e+02 |  2:5.0e-04  8:1.2e-02
  574 ,   5741 : 2.9714530969522e+00 +(1e-03,1e-02) | 2.24e+02 |  2:5.2e-04  8:1.3e-02
  575 ,   5751 : 2.9713537462234e+00 +(1e-03,2e-02) | 2.17e+02 |  2:5.7e-04  8:1.3e-02
  576 ,   5761 : 2.9710333637538e+00 +(1e-03,9e-03) | 2.01e+02 |  2:6.2e-04  8:1.4e-02
  577 ,   5771 : 2.9715979370176e+00 +(2e-03,3e-02) | 2.01e+02 |  2:6.4e-04  8:1.5e-02
  578 ,   5781 : 2.9715360972738e+00 +(3e-03,2e-02) | 1.99e+02 |  2:6.4e-04  8:1.5e-02
  579 ,   5791 : 2.9710162307652e+00 +(2e-03,2e-02) | 2.02e+02 |  2:6.8e-04  8:1.5e-02
Iterat, #Fevals:   Function Value    (median,worst) |Axis Ratio|idx:Min SD idx:Max SD
  580 ,   5801 : 2.9712755314306e+00 +(2e-03,2e-02) | 2.03e+02 |  2:6.6e-04  8:1.4e-02
  581 ,   5811 : 2.9711501059956e+00 +(2e-03,5e-03) | 2.02e+02 |  2:6.0e-04  8:1.3e-02
  582 ,   5821 : 2.9698933340204e+00 +(2e-03,5e-03) | 1.99e+02 |  2:5.6e-04  8:1.2e-02
  583 ,   5831 : 2.9707639750973e+00 +(2e-03,3e-03) | 2.01e+02 |  2:5.2e-04  8:1.1e-02
  584 ,   5841 : 2.9701477470793e+00 +(2e-03,1e-02) | 1.99e+02 |  2:4.6e-04  8:9.9e-03
  585 ,   5851 : 2.9714681520695e+00 +(1e-03,6e-03) | 1.94e+02 |  2:4.4e-04  8:9.4e-03
  586 ,   5861 : 2.9722023590999e+00 +(6e-04,2e-02) | 1.96e+02 |  2:4.2e-04  8:8.9e-03
  587 ,   5871 : 2.9703289977885e+00 +(2e-03,1e-02) | 1.95e+02 |  2:3.7e-04  8:7.9e-03
  588 ,   5881 : 2.9705907033811e+00 +(2e-03,3e-03) | 2.02e+02 |  2:3.7e-04  8:8.4e-03
  589 ,   5891 : 2.9714831877611e+00 +(1e-03,1e-02) | 2.18e+02 |  2:4.0e-04  8:9.3e-03
Iterat, #Fevals:   Function Value    (median,worst) |Axis Ratio|idx:Min SD idx:Max SD
  590 ,   5901 : 2.9708991012076e+00 +(2e-03,2e-02) | 2.19e+02 |  2:4.0e-04  8:9.3e-03
  591 ,   5911 : 2.9701585960942e+00 +(2e-03,2e-02) | 2.18e+02 |  2:3.8e-04  8:8.9e-03
  592 ,   5921 : 2.9713566647660e+00 +(1e-03,2e-02) | 2.17e+02 |  2:3.8e-04  8:8.9e-03
  593 ,   5931 : 2.9717642575296e+00 +(9e-04,2e-02) | 2.12e+02 |  2:3.9e-04  8:9.1e-03
  594 ,   5941 : 2.9713654969383e+00 +(1e-03,2e-03) | 2.11e+02 |  2:3.6e-04  8:8.2e-03
  595 ,   5951 : 2.9715264659975e+00 +(1e-03,2e-03) | 2.05e+02 |  2:3.8e-04  8:8.5e-03
  596 ,   5961 : 2.9723365167737e+00 +(4e-04,2e-03) | 2.00e+02 |  2:3.9e-04  8:8.7e-03
  597 ,   5971 : 2.9690291589733e+00 +(3e-03,4e-03) | 2.00e+02 |  2:4.1e-04  8:9.1e-03
  598 ,   5981 : 2.9706857022399e+00 +(2e-03,2e-02) | 1.97e+02 |  2:3.9e-04  8:8.7e-03
  599 ,   5991 : 2.9711940245854e+00 +(1e-03,2e-02) | 1.94e+02 |  2:3.7e-04  8:8.2e-03
Iterat, #Fevals:   Function Value    (median,worst) |Axis Ratio|idx:Min SD idx:Max SD
  600 ,   6001 : 2.9701266441964e+00 +(3e-03,5e-03) | 1.95e+02 |  2:3.5e-04  8:7.8e-03
  601 ,   6011 : 2.9714085356253e+00 +(8e-04,2e-03) | 1.96e+02 |  2:3.3e-04  8:7.3e-03
  602 ,   6021 : 2.9714516034642e+00 +(1e-03,2e-02) | 1.97e+02 |  2:3.3e-04  8:7.2e-03
  603 ,   6031 : 2.9714442732424e+00 +(1e-03,8e-03) | 1.99e+02 |  2:2.8e-04  8:6.3e-03
  604 ,   6041 : 2.9690996395788e+00 +(3e-03,1e-02) | 2.00e+02 |  2:2.6e-04  8:5.9e-03
  605 ,   6051 : 2.9713115445191e+00 +(1e-03,2e-03) | 2.01e+02 |  2:2.5e-04  8:5.6e-03
  606 ,   6061 : 2.9715333608938e+00 +(9e-04,2e-02) | 1.99e+02 |  2:2.4e-04  8:5.2e-03
  607 ,   6071 : 2.9713719806138e+00 +(1e-03,2e-02) | 1.81e+02 |  2:2.4e-04  8:5.4e-03
  608 ,   6081 : 2.9709615321797e+00 +(2e-03,2e-02) | 1.72e+02 |  2:2.5e-04  8:5.5e-03
  609 ,   6091 : 2.9712411142580e+00 +(1e-03,2e-03) | 1.65e+02 |  2:2.5e-04  8:5.5e-03
Iterat, #Fevals:   Function Value    (median,worst) |Axis Ratio|idx:Min SD idx:Max SD
  610 ,   6101 : 2.9718075779604e+00 +(1e-03,2e-02) | 1.64e+02 |  2:2.4e-04  8:5.3e-03
  611 ,   6111 : 2.9702098289888e+00 +(2e-03,3e-03) | 1.61e+02 |  2:2.5e-04  8:5.5e-03
  612 ,   6121 : 2.9709738012394e+00 +(2e-03,2e-02) | 1.62e+02 |  2:2.7e-04  8:5.9e-03
  613 ,   6131 : 2.9702323250415e+00 +(2e-03,4e-03) | 1.63e+02 |  2:2.9e-04  8:6.4e-03
  614 ,   6141 : 2.9713472548054e+00 +(1e-03,2e-02) | 1.65e+02 |  2:3.0e-04  8:6.6e-03
  615 ,   6151 : 2.9710744288425e+00 +(2e-03,2e-02) | 1.63e+02 |  2:2.9e-04  8:6.5e-03
  616 ,   6161 : 2.9697162175615e+00 +(3e-03,4e-03) | 1.51e+02 |  2:3.3e-04  8:7.3e-03
  617 ,   6171 : 2.9726796560179e+00 +(3e-03,1e-02) | 1.53e+02 |  2:3.4e-04  8:7.3e-03
  618 ,   6181 : 2.9702651359402e+00 +(3e-03,4e-03) | 1.53e+02 |  2:3.7e-04  8:7.7e-03
  619 ,   6191 : 2.9720168550794e+00 +(7e-04,2e-02) | 1.53e+02 |  2:4.0e-04  8:8.5e-03
Iterat, #Fevals:   Function Value    (median,worst) |Axis Ratio|idx:Min SD idx:Max SD
  620 ,   6201 : 2.9714940946731e+00 +(1e-03,2e-02) | 1.50e+02 |  2:3.8e-04  8:8.1e-03
  621 ,   6211 : 2.9702555480579e+00 +(3e-03,6e-03) | 1.48e+02 |  2:3.5e-04  8:7.4e-03
  622 ,   6221 : 2.9701784286317e+00 +(3e-03,2e-02) | 1.47e+02 |  2:3.3e-04  8:7.0e-03
  623 ,   6231 : 2.9694487039517e+00 +(3e-03,7e-03) | 1.45e+02 |  2:3.3e-04  8:7.0e-03
  624 ,   6241 : 2.9703101882094e+00 +(2e-03,1e-02) | 1.42e+02 |  2:3.7e-04  8:7.8e-03
  625 ,   6251 : 2.9716567599963e+00 +(1e-03,1e-02) | 1.40e+02 |  2:3.6e-04  8:7.6e-03
  626 ,   6261 : 2.9714293813330e+00 +(2e-03,2e-02) | 1.40e+02 |  2:3.5e-04  8:7.2e-03
  627 ,   6271 : 2.9722565257155e+00 +(4e-04,4e-03) | 1.39e+02 |  2:3.5e-04  8:7.2e-03
  628 ,   6281 : 2.9704098821046e+00 +(2e-03,9e-03) | 1.43e+02 |  2:3.8e-04  8:7.5e-03
  629 ,   6291 : 2.9685645968465e+00 +(4e-03,2e-02) | 1.44e+02 |  2:3.7e-04  8:7.0e-03
Iterat, #Fevals:   Function Value    (median,worst) |Axis Ratio|idx:Min SD idx:Max SD
  630 ,   6301 : 2.9717571749656e+00 +(1e-03,1e-02) | 1.44e+02 |  2:3.6e-04  8:6.8e-03
  631 ,   6311 : 2.9711021804924e+00 +(2e-03,2e-03) | 1.44e+02 |  2:3.3e-04  8:6.4e-03
  632 ,   6321 : 2.9711514258640e+00 +(1e-03,2e-02) | 1.46e+02 |  2:3.1e-04  8:6.0e-03
  633 ,   6331 : 2.9701846958846e+00 +(3e-03,6e-03) | 1.49e+02 |  2:3.1e-04  8:6.0e-03
  634 ,   6341 : 2.9714592545380e+00 +(1e-03,8e-03) | 1.48e+02 |  2:3.5e-04  8:6.6e-03
  635 ,   6351 : 2.9714661663915e+00 +(1e-03,2e-02) | 1.49e+02 |  2:3.4e-04  8:6.4e-03
  636 ,   6361 : 2.9721722449647e+00 +(6e-04,1e-02) | 1.50e+02 |  2:3.5e-04  8:6.5e-03
  637 ,   6371 : 2.9719977064184e+00 +(4e-04,1e-03) | 1.55e+02 |  2:3.8e-04  8:7.3e-03
  638 ,   6381 : 2.9723088407915e+00 +(6e-04,2e-02) | 1.57e+02 |  2:3.6e-04  8:6.9e-03
  639 ,   6391 : 2.9724444414575e+00 +(7e-04,2e-03) | 1.60e+02 |  2:3.4e-04  8:6.8e-03
Iterat, #Fevals:   Function Value    (median,worst) |Axis Ratio|idx:Min SD idx:Max SD
  640 ,   6401 : 2.9708593666483e+00 +(2e-03,3e-03) | 1.61e+02 |  2:3.3e-04  8:6.5e-03
  641 ,   6411 : 2.9712791199919e+00 +(2e-03,2e-03) | 1.57e+02 |  2:3.3e-04  8:6.6e-03
  642 ,   6421 : 2.9718508103696e+00 +(1e-03,2e-03) | 1.54e+02 |  2:3.4e-04  8:6.5e-03
  643 ,   6431 : 2.9714017992876e+00 +(2e-03,5e-03) | 1.58e+02 |  2:3.2e-04  8:6.3e-03
  644 ,   6441 : 2.9724073691140e+00 +(4e-04,1e-03) | 1.56e+02 |  2:3.0e-04  8:6.0e-03
  645 ,   6451 : 2.9708828710543e+00 +(2e-03,3e-03) | 1.56e+02 |  2:2.9e-04  8:5.7e-03
  646 ,   6461 : 2.9714770315069e+00 +(1e-03,8e-03) | 1.56e+02 |  2:2.8e-04  8:5.5e-03
  647 ,   6471 : 2.9717632452814e+00 +(7e-04,1e-02) | 1.55e+02 |  2:2.5e-04  8:4.9e-03
  648 ,   6481 : 2.9722837822762e+00 +(5e-04,1e-02) | 1.56e+02 |  2:2.4e-04  8:4.6e-03
  649 ,   6491 : 2.9718603302179e+00 +(7e-04,1e-02) | 1.57e+02 |  2:2.3e-04  8:4.4e-03
Iterat, #Fevals:   Function Value    (median,worst) |Axis Ratio|idx:Min SD idx:Max SD
  650 ,   6501 : 2.9715415895998e+00 +(8e-04,2e-02) | 1.57e+02 |  2:2.1e-04  8:4.3e-03
  651 ,   6511 : 2.9701343444106e+00 +(2e-03,3e-03) | 1.60e+02 |  2:2.0e-04  8:4.0e-03
  652 ,   6521 : 2.9711912192057e+00 +(1e-03,3e-03) | 1.57e+02 |  2:2.0e-04  8:4.0e-03
  653 ,   6531 : 2.9714973252081e+00 +(1e-03,2e-02) | 1.56e+02 |  2:2.0e-04  8:4.1e-03
  654 ,   6541 : 2.9721207943813e+00 +(8e-04,1e-02) | 1.54e+02 |  2:1.9e-04  8:3.9e-03
  655 ,   6551 : 2.9721840321328e+00 +(4e-04,1e-03) | 1.55e+02 |  2:1.9e-04  8:3.7e-03
  656 ,   6561 : 2.9717377423621e+00 +(1e-03,1e-02) | 1.57e+02 |  2:1.8e-04  8:3.6e-03
  657 ,   6571 : 2.9710559040365e+00 +(2e-03,3e-03) | 1.57e+02 |  2:1.6e-04  8:3.2e-03
  658 ,   6581 : 2.9723476873070e+00 +(5e-04,1e-03) | 1.59e+02 |  2:1.6e-04  8:3.1e-03
  659 ,   6591 : 2.9711340141019e+00 +(1e-03,3e-03) | 1.60e+02 |  2:1.4e-04  8:2.9e-03
Iterat, #Fevals:   Function Value    (median,worst) |Axis Ratio|idx:Min SD idx:Max SD
  660 ,   6601 : 2.9713939062479e+00 +(1e-03,2e-03) | 1.56e+02 |  2:1.6e-04  8:3.1e-03
  661 ,   6611 : 2.9722063747674e+00 +(4e-04,1e-03) | 1.54e+02 |  2:1.6e-04  8:3.2e-03
  662 ,   6621 : 2.9698852545693e+00 +(3e-03,3e-03) | 1.54e+02 |  2:1.6e-04  8:3.2e-03
  663 ,   6631 : 2.9713424442014e+00 +(1e-03,1e-02) | 1.49e+02 |  2:1.7e-04  8:3.3e-03
  664 ,   6641 : 2.9704744424523e+00 +(2e-03,3e-03) | 1.48e+02 |  2:1.7e-04  8:3.4e-03
  665 ,   6651 : 2.9718153644113e+00 +(6e-04,2e-03) | 1.48e+02 |  2:1.8e-04  8:3.6e-03
  666 ,   6661 : 2.9723832203997e+00 +(2e-04,9e-04) | 1.49e+02 |  2:2.1e-04  8:3.9e-03
  667 ,   6671 : 2.9721657635674e+00 +(3e-04,2e-03) | 1.54e+02 |  2:2.2e-04  8:4.1e-03
  668 ,   6681 : 2.9722470618083e+00 +(5e-04,2e-03) | 1.54e+02 |  2:1.9e-04  8:3.5e-03
  669 ,   6691 : 2.9715614908611e+00 +(1e-03,2e-02) | 1.53e+02 |  2:1.7e-04  8:3.2e-03
Iterat, #Fevals:   Function Value    (median,worst) |Axis Ratio|idx:Min SD idx:Max SD
  670 ,   6701 : 2.9720818650041e+00 +(4e-04,2e-03) | 1.55e+02 |  2:1.6e-04  8:2.9e-03
  671 ,   6711 : 2.9703772153004e+00 +(2e-03,6e-03) | 1.53e+02 |  2:1.4e-04  8:2.6e-03
  672 ,   6721 : 2.9718254650003e+00 +(6e-04,4e-03) | 1.51e+02 |  2:1.4e-04  8:2.5e-03
  673 ,   6731 : 2.9696688215993e+00 +(3e-03,5e-03) | 1.51e+02 |  2:1.4e-04  8:2.4e-03
  674 ,   6741 : 2.9695341271004e+00 +(3e-03,4e-03) | 1.49e+02 |  2:1.3e-04  8:2.4e-03
  675 ,   6751 : 2.9721860415901e+00 +(5e-04,4e-03) | 1.49e+02 |  2:1.3e-04  8:2.4e-03
  676 ,   6761 : 2.9720260467750e+00 +(5e-04,2e-02) | 1.51e+02 |  2:1.4e-04  8:2.4e-03
  677 ,   6771 : 2.9712897709616e+00 +(1e-03,4e-03) | 1.52e+02 |  2:1.4e-04  8:2.4e-03
  678 ,   6781 : 2.9712881188186e+00 +(9e-04,5e-03) | 1.54e+02 |  2:1.3e-04  8:2.2e-03
  679 ,   6791 : 2.9701290985239e+00 +(2e-03,6e-03) | 1.53e+02 |  2:1.3e-04  8:2.3e-03
Iterat, #Fevals:   Function Value    (median,worst) |Axis Ratio|idx:Min SD idx:Max SD
  680 ,   6801 : 2.9714826491107e+00 +(1e-03,5e-03) | 1.53e+02 |  2:1.3e-04  8:2.1e-03
  681 ,   6811 : 2.9706047866136e+00 +(2e-03,6e-03) | 1.54e+02 |  2:1.3e-04  8:2.3e-03
  682 ,   6821 : 2.9710314866217e+00 +(2e-03,3e-03) | 1.52e+02 |  2:1.3e-04  8:2.3e-03
  683 ,   6831 : 2.9722055400770e+00 +(9e-04,1e-02) | 1.48e+02 |  2:1.4e-04  8:2.4e-03
  684 ,   6841 : 2.9716608228061e+00 +(9e-04,1e-03) | 1.46e+02 |  2:1.5e-04  8:2.6e-03
  685 ,   6851 : 2.9721593646601e+00 +(1e-03,2e-02) | 1.46e+02 |  2:1.6e-04  8:2.8e-03
  686 ,   6861 : 2.9719833980600e+00 +(5e-04,5e-03) | 1.43e+02 |  2:1.5e-04  8:2.6e-03
  687 ,   6871 : 2.9717505502545e+00 +(1e-03,2e-02) | 1.44e+02 |  2:1.5e-04  8:2.5e-03
  688 ,   6881 : 2.9715015640034e+00 +(2e-03,6e-03) | 1.45e+02 |  2:1.3e-04  8:2.2e-03
  689 ,   6891 : 2.9713691513727e+00 +(1e-03,5e-03) | 1.41e+02 |  2:1.3e-04  8:2.1e-03
Iterat, #Fevals:   Function Value    (median,worst) |Axis Ratio|idx:Min SD idx:Max SD
  690 ,   6901 : 2.9714583369448e+00 +(4e-03,2e-02) | 1.42e+02 |  2:1.3e-04  8:2.1e-03
  691 ,   6911 : 2.9713601482744e+00 +(1e-03,1e-02) | 1.43e+02 |  2:1.2e-04  8:2.0e-03
  692 ,   6921 : 2.9711730611149e+00 +(2e-03,6e-03) | 1.49e+02 |  2:1.3e-04  8:2.2e-03
  693 ,   6931 : 2.9711660764442e+00 +(1e-03,4e-03) | 1.56e+02 |  2:1.2e-04  8:2.3e-03
  694 ,   6941 : 2.9714259936591e+00 +(1e-03,3e-02) | 1.57e+02 |  2:1.2e-04  8:2.3e-03
  695 ,   6951 : 2.9707886286103e+00 +(2e-03,6e-03) | 1.62e+02 |  2:1.1e-04  8:2.1e-03
  696 ,   6961 : 2.9701012689873e+00 +(2e-03,2e-02) | 1.62e+02 |  2:1.1e-04  8:2.1e-03
  697 ,   6971 : 2.9720599877740e+00 +(1e-03,5e-03) | 1.63e+02 |  2:1.1e-04  8:2.1e-03
  698 ,   6981 : 2.9721439690822e+00 +(4e-04,5e-03) | 1.61e+02 |  2:1.0e-04  8:2.0e-03
  699 ,   6991 : 2.9700594132111e+00 +(3e-03,3e-02) | 1.50e+02 |  2:1.0e-04  8:2.0e-03
Iterat, #Fevals:   Function Value    (median,worst) |Axis Ratio|idx:Min SD idx:Max SD
  700 ,   7001 : 2.9713319661983e+00 +(1e-03,5e-03) | 1.47e+02 |  2:1.0e-04  8:2.0e-03
  701 ,   7011 : 2.9712095321677e+00 +(1e-03,2e-02) | 1.47e+02 |  2:9.8e-05  8:1.9e-03
  702 ,   7021 : 2.9724731402450e+00 +(3e-04,3e-03) | 1.49e+02 |  2:9.1e-05  8:1.8e-03
  703 ,   7031 : 2.9714947268055e+00 +(1e-03,5e-03) | 1.44e+02 |  2:9.5e-05  8:1.8e-03
  704 ,   7041 : 2.9701163777294e+00 +(2e-03,2e-02) | 1.43e+02 |  2:9.1e-05  8:1.7e-03
  705 ,   7051 : 2.9721590413500e+00 +(4e-04,3e-03) | 1.42e+02 |  2:9.0e-05  8:1.7e-03
  706 ,   7061 : 2.9710979279958e+00 +(2e-03,3e-03) | 1.42e+02 |  2:8.4e-05  8:1.6e-03
  707 ,   7071 : 2.9702930037884e+00 +(2e-03,2e-02) | 1.44e+02 |  2:8.6e-05  8:1.7e-03
  708 ,   7081 : 2.9717471942831e+00 +(1e-03,4e-03) | 1.57e+02 |  2:9.1e-05  8:1.8e-03
  709 ,   7091 : 2.9716487766502e+00 +(1e-03,1e-02) | 1.58e+02 |  2:9.6e-05  8:2.0e-03
Iterat, #Fevals:   Function Value    (median,worst) |Axis Ratio|idx:Min SD idx:Max SD
  710 ,   7101 : 2.9716434661389e+00 +(8e-04,2e-02) | 1.59e+02 |  2:8.9e-05  8:1.9e-03
  711 ,   7111 : 2.9716440609940e+00 +(9e-04,2e-02) | 1.65e+02 |  2:9.6e-05  8:2.1e-03
  712 ,   7121 : 2.9712538327080e+00 +(2e-03,3e-02) | 1.68e+02 |  2:1.1e-04  8:2.6e-03
  713 ,   7131 : 2.9711980924455e+00 +(1e-03,2e-03) | 1.71e+02 |  2:1.2e-04  8:2.6e-03
  714 ,   7141 : 2.9721172561254e+00 +(6e-04,2e-03) | 1.76e+02 |  2:1.4e-04  8:3.1e-03
  715 ,   7151 : 2.9714325107165e+00 +(1e-03,2e-03) | 1.79e+02 |  2:1.5e-04  8:3.4e-03
  716 ,   7161 : 2.9710761070785e+00 +(1e-03,3e-02) | 1.89e+02 |  2:1.6e-04  8:3.8e-03
  717 ,   7171 : 2.9714460879783e+00 +(1e-03,5e-03) | 1.85e+02 |  2:1.6e-04  8:3.6e-03
  718 ,   7181 : 2.9717332642483e+00 +(7e-04,2e-02) | 1.88e+02 |  2:1.4e-04  8:3.4e-03
  719 ,   7191 : 2.9702263379893e+00 +(2e-03,6e-03) | 1.89e+02 |  2:1.4e-04  8:3.3e-03
Iterat, #Fevals:   Function Value    (median,worst) |Axis Ratio|idx:Min SD idx:Max SD
  720 ,   7201 : 2.9723983210126e+00 +(2e-04,1e-02) | 1.90e+02 |  2:1.4e-04  8:3.4e-03
  721 ,   7211 : 2.9707364304568e+00 +(2e-03,6e-03) | 1.90e+02 |  2:1.5e-04  8:3.5e-03
  722 ,   7221 : 2.9722555960505e+00 +(7e-04,5e-03) | 1.98e+02 |  2:1.6e-04  8:3.6e-03
  723 ,   7231 : 2.9722653862713e+00 +(5e-04,1e-02) | 2.00e+02 |  2:1.5e-04  8:3.4e-03
  724 ,   7241 : 2.9717278907912e+00 +(1e-03,2e-03) | 2.01e+02 |  2:1.2e-04  8:2.8e-03
  725 ,   7251 : 2.9716693213809e+00 +(8e-04,2e-02) | 1.94e+02 |  2:1.1e-04  8:2.6e-03
  726 ,   7261 : 2.9712392437489e+00 +(1e-03,9e-03) | 1.93e+02 |  2:1.0e-04  8:2.4e-03
  727 ,   7271 : 2.9716047742465e+00 +(1e-03,7e-03) | 1.95e+02 |  2:1.0e-04  8:2.3e-03
  728 ,   7281 : 2.9705046457321e+00 +(2e-03,1e-02) | 1.96e+02 |  2:9.4e-05  8:2.2e-03
  729 ,   7291 : 2.9715271501429e+00 +(2e-03,2e-02) | 1.95e+02 |  2:9.0e-05  8:2.1e-03
Iterat, #Fevals:   Function Value    (median,worst) |Axis Ratio|idx:Min SD idx:Max SD
  730 ,   7301 : 2.9707899400695e+00 +(2e-03,4e-03) | 1.94e+02 |  3:8.8e-05  8:2.0e-03
  731 ,   7311 : 2.9716650184176e+00 +(9e-04,5e-03) | 1.87e+02 |  3:7.6e-05  8:1.8e-03
  732 ,   7321 : 2.9707287444772e+00 +(2e-03,3e-03) | 1.86e+02 |  3:7.1e-05  8:1.6e-03
  733 ,   7331 : 2.9708113121116e+00 +(2e-03,7e-03) | 1.88e+02 |  3:6.8e-05  8:1.6e-03
  734 ,   7341 : 2.9723459966779e+00 +(3e-04,5e-03) | 1.87e+02 |  3:6.7e-05  8:1.5e-03
  735 ,   7351 : 2.9722741821517e+00 +(3e-04,1e-03) | 1.88e+02 |  3:7.1e-05  8:1.7e-03
  736 ,   7361 : 2.9714236943173e+00 +(1e-03,2e-03) | 1.89e+02 |  3:7.1e-05  8:1.7e-03
  737 ,   7371 : 2.9718565913710e+00 +(1e-03,4e-03) | 1.80e+02 |  3:7.1e-05  8:1.7e-03
  738 ,   7381 : 2.9703168330435e+00 +(2e-03,7e-03) | 1.81e+02 |  3:7.5e-05  8:1.7e-03
  739 ,   7391 : 2.9712450983594e+00 +(2e-03,2e-02) | 1.75e+02 |  3:7.6e-05  8:1.8e-03
Iterat, #Fevals:   Function Value    (median,worst) |Axis Ratio|idx:Min SD idx:Max SD
  740 ,   7401 : 2.9710493409417e+00 +(2e-03,5e-03) | 1.75e+02 |  3:7.5e-05  8:1.7e-03
  741 ,   7411 : 2.9711440526552e+00 +(1e-03,2e-02) | 1.72e+02 |  3:6.8e-05  8:1.6e-03
  742 ,   7421 : 2.9718710458706e+00 +(6e-04,2e-02) | 1.76e+02 |  3:6.6e-05  8:1.5e-03
  743 ,   7431 : 2.9720960917796e+00 +(1e-03,2e-02) | 1.76e+02 |  3:6.0e-05  8:1.4e-03
  744 ,   7441 : 2.9717064859876e+00 +(1e-03,6e-03) | 1.75e+02 |  2:5.8e-05  8:1.3e-03
  745 ,   7451 : 2.9723052792252e+00 +(5e-04,2e-02) | 1.77e+02 |  2:5.3e-05  8:1.2e-03
  746 ,   7461 : 2.9714259408952e+00 +(1e-03,2e-03) | 1.80e+02 |  2:4.9e-05  8:1.1e-03
  747 ,   7471 : 2.9722146611563e+00 +(5e-04,4e-03) | 1.81e+02 |  2:5.1e-05  8:1.2e-03
  748 ,   7481 : 2.9717083169934e+00 +(1e-03,3e-03) | 1.83e+02 |  2:4.9e-05  8:1.1e-03
  749 ,   7491 : 2.9716106932142e+00 +(1e-03,2e-02) | 1.82e+02 |  2:4.5e-05  8:1.1e-03
Iterat, #Fevals:   Function Value    (median,worst) |Axis Ratio|idx:Min SD idx:Max SD
  750 ,   7501 : 2.9712996132659e+00 +(1e-03,1e-03) | 1.82e+02 |  2:4.8e-05  8:1.1e-03
  751 ,   7511 : 2.9714812031543e+00 +(1e-03,4e-03) | 1.83e+02 |  2:4.6e-05  8:1.0e-03
  752 ,   7521 : 2.9712313987601e+00 +(1e-03,2e-03) | 1.75e+02 |  2:4.2e-05  8:9.6e-04
  753 ,   7531 : 2.9712545664238e+00 +(1e-03,6e-03) | 1.74e+02 |  2:4.1e-05  8:9.4e-04
  754 ,   7541 : 2.9720123866594e+00 +(8e-04,5e-03) | 1.75e+02 |  2:4.2e-05  8:9.5e-04
  755 ,   7551 : 2.9711079873369e+00 +(1e-03,2e-03) | 1.76e+02 |  2:4.5e-05  8:9.7e-04
  756 ,   7561 : 2.9715375359250e+00 +(1e-03,2e-03) | 1.77e+02 |  2:4.4e-05  8:9.5e-04
  757 ,   7571 : 2.9715445339196e+00 +(2e-03,6e-03) | 1.88e+02 |  2:4.5e-05  8:1.0e-03
  758 ,   7581 : 2.9717151587774e+00 +(9e-04,5e-03) | 1.89e+02 |  2:4.5e-05  8:1.0e-03
  759 ,   7591 : 2.9721603243422e+00 +(4e-04,1e-03) | 1.88e+02 |  2:4.5e-05  8:1.0e-03
Iterat, #Fevals:   Function Value    (median,worst) |Axis Ratio|idx:Min SD idx:Max SD
  760 ,   7601 : 2.9701561705502e+00 +(3e-03,2e-02) | 1.87e+02 |  2:4.6e-05  8:1.0e-03
  761 ,   7611 : 2.9711377622726e+00 +(1e-03,5e-03) | 1.86e+02 |  2:4.6e-05  8:1.0e-03
#Fevals:   f(returned x)   |    bestever.f     | stopflag (saved to variablescmaes125.mat)
   7612: 2.97107795736e+00 | 2.96856459685e+00 | stagnation
mean solution: +6.1e-01 +1.9e+00 +2.7e-01 +1.3e+01 +1.0e+01 +3.2e+00 +1.1e+00 +7.4e+00 +1.1e+00
std deviation:  5.2e-05  4.6e-05  4.9e-05  2.2e-04  2.4e-04  3.2e-04  1.6e-04  1.0e-03  3.1e-04
use plotcmaesdat.m for plotting the output at any time (option LogModulo must not be zero)
