
                            < M A T L A B (R) >
                  Copyright 1984-2015 The MathWorks, Inc.
                   R2015a (8.5.0.197613) 64-bit (glnxa64)
                             February 12, 2015

 
For online documentation, see http://www.mathworks.com/support
For product information, visit www.mathworks.com.
 

	Academic License

  n=9: (5,10)-CMA-ES(w=[46 27 16 9 3]%, mu_eff=3.2) on function Error
Iterat, #Fevals:   Function Value    (median,worst) |Axis Ratio|idx:Min SD idx:Max SD
    1 ,     11 : 4.9770781997455e+01 +(2e+03,6e+16) | 2.01e+01 |  3:8.3e-01  7:1.6e+01
    2 ,     21 : 5.1467201434462e+01 +(8e-02,8e-02) | 2.03e+01 |  3:8.1e-01  7:1.6e+01
    3 ,     31 : 5.1439657172158e+01 +(1e-01,1e+09) | 2.05e+01 |  3:7.5e-01  8:1.5e+01
    4 ,     41 : 3.8309638197854e+01 +(1e+01,1e+04) | 2.10e+01 |  3:8.2e-01  8:1.6e+01
    5 ,     51 : 5.1052958377217e+01 +(5e-01,5e-01) | 2.12e+01 |  3:8.6e-01  7:1.7e+01
    6 ,     61 : 4.9068844094005e+01 +(2e+00,2e+00) | 2.10e+01 |  3:9.7e-01  7:1.8e+01
    7 ,     71 : 4.5580785720565e+01 +(6e+00,6e+00) | 2.11e+01 |  3:9.5e-01  7:1.7e+01
    8 ,     81 : 5.0115214300723e+01 +(1e+00,1e+00) | 2.15e+01 |  3:9.7e-01  7:1.8e+01
    9 ,     91 : 5.0674639749557e+01 +(9e-01,9e-01) | 2.20e+01 |  3:8.9e-01  7:1.7e+01
Iterat, #Fevals:   Function Value    (median,worst) |Axis Ratio|idx:Min SD idx:Max SD
   10 ,    101 : 4.8139806735696e+01 +(3e+00,3e+00) | 2.21e+01 |  3:8.5e-01  7:1.6e+01
   11 ,    111 : 5.0221834849370e+01 +(1e+00,3e+03) | 2.21e+01 |  3:8.3e-01  7:1.6e+01
   12 ,    121 : 5.0543851792560e+01 +(1e+00,1e+00) | 2.20e+01 |  3:7.5e-01  7:1.4e+01
   13 ,    131 : 4.9993266478095e+01 +(2e+00,2e+00) | 2.21e+01 |  3:6.7e-01  7:1.3e+01
   14 ,    141 : 1.1004043247320e+01 +(4e+01,4e+01) | 2.27e+01 |  3:6.5e-01  7:1.3e+01
   15 ,    151 : 4.5314151855846e+01 +(6e+00,3e+05) | 2.29e+01 |  3:6.4e-01  7:1.3e+01
   16 ,    161 : 3.5817756337722e+01 +(1e+01,2e+07) | 2.33e+01 |  3:6.5e-01  7:1.3e+01
   17 ,    171 : 2.6022787224170e+01 +(1e+05,3e+07) | 2.24e+01 |  3:6.2e-01  7:1.2e+01
   18 ,    181 : 1.7588970415516e+01 +(3e+01,8e+06) | 2.26e+01 |  3:5.9e-01  7:1.1e+01
   19 ,    191 : 1.9325469472662e+01 +(3e+01,3e+01) | 2.27e+01 |  3:5.9e-01  7:1.1e+01
Iterat, #Fevals:   Function Value    (median,worst) |Axis Ratio|idx:Min SD idx:Max SD
   20 ,    201 : 3.4515405041643e+01 +(2e+01,1e+06) | 2.27e+01 |  3:5.7e-01  7:1.1e+01
   21 ,    211 : 8.0762376081414e+00 +(4e+01,4e+01) | 2.29e+01 |  3:5.1e-01  7:9.9e+00
   22 ,    221 : 1.0081187551310e+01 +(4e+01,5e+02) | 2.30e+01 |  3:4.5e-01  7:8.8e+00
   23 ,    231 : 3.9938304702112e+01 +(1e+01,2e+05) | 2.31e+01 |  3:4.0e-01  7:7.8e+00
   24 ,    241 : 1.1058328443295e+01 +(4e+01,5e+01) | 2.24e+01 |  3:3.9e-01  7:7.5e+00
   25 ,    251 : 1.0606577533219e+01 +(3e+01,2e+06) | 2.20e+01 |  3:3.8e-01  7:7.2e+00
   26 ,    261 : 1.5918103141044e+01 +(2e+01,9e+05) | 2.20e+01 |  3:3.5e-01  7:6.6e+00
   27 ,    271 : 1.1844256715284e+01 +(3e+01,1e+05) | 2.20e+01 |  3:3.2e-01  7:6.2e+00
   28 ,    281 : 2.8941168643097e+01 +(1e+01,1e+06) | 2.24e+01 |  3:3.2e-01  8:6.2e+00
   29 ,    291 : 9.0745432374743e+00 +(1e+01,4e+01) | 2.27e+01 |  3:2.9e-01  8:5.7e+00
Iterat, #Fevals:   Function Value    (median,worst) |Axis Ratio|idx:Min SD idx:Max SD
   30 ,    301 : 1.1028591825086e+01 +(1e+01,1e+03) | 2.25e+01 |  3:2.9e-01  8:5.6e+00
   31 ,    311 : 1.1520990187926e+01 +(2e+01,8e+06) | 2.23e+01 |  3:2.7e-01  8:5.1e+00
   32 ,    321 : 1.3028805862576e+01 +(3e+01,2e+05) | 2.28e+01 |  3:2.7e-01  7:5.3e+00
   33 ,    331 : 1.3064927017400e+01 +(2e+01,3e+06) | 2.32e+01 |  3:2.6e-01  7:5.3e+00
   34 ,    341 : 1.0639807245092e+01 +(2e+01,2e+04) | 2.31e+01 |  3:2.5e-01  7:5.0e+00
   35 ,    351 : 1.2231895031118e+01 +(8e+01,4e+03) | 2.31e+01 |  3:2.4e-01  7:4.8e+00
   36 ,    361 : 1.5644041781437e+01 +(2e+01,7e+06) | 2.33e+01 |  3:2.4e-01  7:4.9e+00
   37 ,    371 : 1.3313613911365e+01 +(1e+01,3e+02) | 2.43e+01 |  3:2.4e-01  7:5.1e+00
   38 ,    381 : 1.1722386913831e+01 +(2e+01,2e+06) | 2.57e+01 |  3:2.6e-01  7:5.7e+00
   39 ,    391 : 1.1741762639579e+01 +(2e+01,4e+06) | 2.57e+01 |  3:2.7e-01  7:6.3e+00
Iterat, #Fevals:   Function Value    (median,worst) |Axis Ratio|idx:Min SD idx:Max SD
   40 ,    401 : 1.1351781612187e+01 +(6e+00,5e+03) | 2.57e+01 |  3:2.8e-01  7:6.4e+00
   41 ,    411 : 1.3014169321019e+01 +(2e+01,9e+04) | 2.57e+01 |  3:2.7e-01  7:6.2e+00
   42 ,    421 : 1.1276783578785e+01 +(8e+00,2e+04) | 2.54e+01 |  3:2.7e-01  7:6.3e+00
   43 ,    431 : 1.1045916683803e+01 +(6e+00,3e+06) | 2.65e+01 |  3:2.9e-01  7:6.9e+00
   44 ,    441 : 1.1227417720288e+01 +(2e+01,7e+03) | 2.61e+01 |  3:2.9e-01  7:6.8e+00
   45 ,    451 : 1.2385966396914e+01 +(1e+01,2e+06) | 2.58e+01 |  3:2.7e-01  7:6.3e+00
   46 ,    461 : 1.0937417976332e+01 +(3e+01,2e+03) | 2.57e+01 |  3:2.6e-01  7:6.1e+00
   47 ,    471 : 1.1075681615500e+01 +(2e+01,6e+04) | 2.56e+01 |  3:2.5e-01  7:5.7e+00
   48 ,    481 : 1.1025376209589e+01 +(6e+00,4e+01) | 2.57e+01 |  3:2.2e-01  7:5.1e+00
   49 ,    491 : 1.0848845047896e+01 +(4e+00,2e+02) | 2.56e+01 |  3:2.2e-01  7:5.2e+00
Iterat, #Fevals:   Function Value    (median,worst) |Axis Ratio|idx:Min SD idx:Max SD
   50 ,    501 : 1.0433785823939e+01 +(6e+00,2e+04) | 2.57e+01 |  3:2.2e-01  7:5.2e+00
   51 ,    511 : 1.0828422672846e+01 +(6e+00,1e+02) | 2.54e+01 |  3:1.9e-01  7:4.4e+00
   52 ,    521 : 1.0424856079979e+01 +(7e+00,1e+01) | 2.57e+01 |  3:1.8e-01  7:4.1e+00
   53 ,    531 : 1.0399232837869e+01 +(7e+00,8e+01) | 2.57e+01 |  3:1.7e-01  7:3.9e+00
   54 ,    541 : 1.1098788706084e+01 +(4e-01,3e+01) | 2.59e+01 |  3:1.6e-01  7:3.8e+00
   55 ,    551 : 1.1391248114249e+01 +(5e+00,1e+02) | 2.60e+01 |  3:1.6e-01  7:3.7e+00
   56 ,    561 : 1.1117497720244e+01 +(5e+00,2e+01) | 2.59e+01 |  3:1.4e-01  7:3.3e+00
   57 ,    571 : 1.0915525019057e+01 +(2e+00,1e+01) | 2.61e+01 |  3:1.3e-01  7:3.0e+00
   58 ,    581 : 1.0690707487779e+01 +(1e+00,2e+01) | 2.59e+01 |  3:1.2e-01  7:2.8e+00
   59 ,    591 : 1.0588670348684e+01 +(1e+00,5e+00) | 2.54e+01 |  3:1.2e-01  7:2.6e+00
Iterat, #Fevals:   Function Value    (median,worst) |Axis Ratio|idx:Min SD idx:Max SD
   60 ,    601 : 1.0610331342394e+01 +(2e+00,1e+01) | 2.51e+01 |  3:1.1e-01  7:2.4e+00
   61 ,    611 : 1.0732675070644e+01 +(4e-01,2e+01) | 2.50e+01 |  3:9.4e-02  7:2.1e+00
   62 ,    621 : 1.0512265438298e+01 +(1e+00,4e+00) | 2.51e+01 |  3:8.5e-02  7:1.9e+00
   63 ,    631 : 1.0719156050998e+01 +(7e-01,2e+01) | 2.50e+01 |  3:9.0e-02  7:2.0e+00
   64 ,    641 : 1.0588798797318e+01 +(1e+00,2e+01) | 2.51e+01 |  3:9.1e-02  7:2.0e+00
   65 ,    651 : 1.0528320951597e+01 +(7e-01,7e+00) | 2.50e+01 |  3:9.1e-02  7:2.0e+00
   66 ,    661 : 1.0495655938106e+01 +(7e-01,9e+00) | 2.47e+01 |  3:9.3e-02  7:2.0e+00
   67 ,    671 : 1.0183318143052e+01 +(9e-01,4e+00) | 2.60e+01 |  3:1.0e-01  7:2.3e+00
   68 ,    681 : 1.0232615336021e+01 +(1e+00,3e+00) | 2.64e+01 |  3:1.2e-01  7:2.6e+00
   69 ,    691 : 1.0211427421728e+01 +(5e-01,3e+00) | 2.77e+01 |  3:1.3e-01  7:2.9e+00
Iterat, #Fevals:   Function Value    (median,worst) |Axis Ratio|idx:Min SD idx:Max SD
   70 ,    701 : 1.0409381424135e+01 +(3e+00,1e+01) | 2.74e+01 |  3:1.2e-01  7:2.6e+00
   71 ,    711 : 9.4588245404221e+00 +(3e+00,5e+00) | 2.99e+01 |  3:1.2e-01  7:3.0e+00
   72 ,    721 : 9.7334028486265e+00 +(1e+00,8e+00) | 3.04e+01 |  3:1.2e-01  7:3.1e+00
   73 ,    731 : 9.1316384911631e+00 +(5e+00,3e+01) | 3.00e+01 |  3:1.4e-01  7:3.4e+00
   74 ,    741 : 9.5295175814326e+00 +(2e+00,3e+00) | 3.14e+01 |  3:1.5e-01  7:3.8e+00
   75 ,    751 : 8.6990999119950e+00 +(3e+00,2e+01) | 3.11e+01 |  3:1.5e-01  7:3.8e+00
   76 ,    761 : 8.7364592384909e+00 +(4e+00,1e+02) | 3.02e+01 |  3:1.6e-01  7:4.0e+00
   77 ,    771 : 8.6320550365532e+00 +(7e-01,1e+01) | 3.01e+01 |  3:1.7e-01  7:4.1e+00
   78 ,    781 : 8.2493915092089e+00 +(4e+00,1e+02) | 3.06e+01 |  3:1.5e-01  7:3.8e+00
   79 ,    791 : 7.7106328371378e+00 +(4e+00,2e+02) | 3.04e+01 |  3:1.4e-01  7:3.4e+00
Iterat, #Fevals:   Function Value    (median,worst) |Axis Ratio|idx:Min SD idx:Max SD
   80 ,    801 : 7.8620455344276e+00 +(4e+00,2e+01) | 3.05e+01 |  3:1.3e-01  7:3.1e+00
   81 ,    811 : 7.8057306025654e+00 +(4e+00,6e+01) | 3.05e+01 |  3:1.3e-01  7:3.1e+00
   82 ,    821 : 8.1287662643048e+00 +(2e+00,8e+01) | 3.08e+01 |  3:1.2e-01  7:2.9e+00
   83 ,    831 : 7.5143953979254e+00 +(3e+00,7e+01) | 3.11e+01 |  3:1.3e-01  7:3.0e+00
   84 ,    841 : 6.2562799975081e+00 +(4e+00,2e+01) | 3.15e+01 |  3:1.3e-01  7:3.2e+00
   85 ,    851 : 5.1306584137128e+00 +(6e+00,1e+02) | 3.30e+01 |  3:1.5e-01  7:3.6e+00
   86 ,    861 : 6.1080997124411e+00 +(8e+00,5e+02) | 3.30e+01 |  3:1.4e-01  7:3.3e+00
   87 ,    871 : 6.3485844800159e+00 +(4e+00,2e+03) | 3.34e+01 |  3:1.2e-01  7:3.0e+00
   88 ,    881 : 7.4543270292940e+00 +(4e+00,1e+02) | 3.19e+01 |  3:1.2e-01  7:2.9e+00
   89 ,    891 : 6.1151442067071e+00 +(5e+00,2e+04) | 3.08e+01 |  3:1.2e-01  7:2.8e+00
Iterat, #Fevals:   Function Value    (median,worst) |Axis Ratio|idx:Min SD idx:Max SD
   90 ,    901 : 5.4496209788914e+00 +(8e+00,6e+01) | 3.07e+01 |  3:1.2e-01  7:2.8e+00
   91 ,    911 : 5.2264364019057e+00 +(2e+00,3e+01) | 2.92e+01 |  3:1.2e-01  7:2.7e+00
   92 ,    921 : 5.3074769660850e+00 +(9e+00,9e+03) | 2.92e+01 |  3:1.1e-01  7:2.4e+00
   93 ,    931 : 4.8587144870190e+00 +(4e+00,9e+00) | 2.95e+01 |  3:1.0e-01  7:2.2e+00
   94 ,    941 : 4.6857015689338e+00 +(7e+00,2e+02) | 2.93e+01 |  3:9.7e-02  7:2.1e+00
   95 ,    951 : 5.5498986229527e+00 +(1e+00,1e+01) | 2.90e+01 |  3:1.1e-01  7:2.3e+00
   96 ,    961 : 7.8385299884207e+00 +(5e+00,2e+03) | 2.83e+01 |  3:1.1e-01  7:2.3e+00
   97 ,    971 : 4.7332764605929e+00 +(2e+01,2e+03) | 2.78e+01 |  3:1.1e-01  7:2.3e+00
   98 ,    981 : 5.5610132466815e+00 +(1e+01,5e+01) | 2.78e+01 |  3:1.1e-01  7:2.3e+00
   99 ,    991 : 5.9978732658492e+00 +(1e+01,8e+03) | 2.77e+01 |  3:1.1e-01  7:2.3e+00
Iterat, #Fevals:   Function Value    (median,worst) |Axis Ratio|idx:Min SD idx:Max SD
  100 ,   1001 : 6.1967220927335e+00 +(6e+00,7e+02) | 2.60e+01 |  3:1.3e-01  7:2.4e+00
  101 ,   1011 : 5.1423026559018e+00 +(4e+00,3e+01) | 2.56e+01 |  3:1.4e-01  7:2.5e+00
  102 ,   1021 : 6.1753600006466e+00 +(4e+00,3e+01) | 2.53e+01 |  3:1.6e-01  7:2.8e+00
  103 ,   1031 : 4.4559648266826e+00 +(1e+01,1e+02) | 2.52e+01 |  3:1.5e-01  7:2.7e+00
  104 ,   1041 : 4.9029189912718e+00 +(5e+00,4e+01) | 2.52e+01 |  3:1.5e-01  7:2.5e+00
  105 ,   1051 : 4.6639663810944e+00 +(1e+01,8e+01) | 2.49e+01 |  3:1.5e-01  7:2.4e+00
  106 ,   1061 : 4.5641613861674e+00 +(1e+01,1e+02) | 2.49e+01 |  3:1.3e-01  7:2.2e+00
  107 ,   1071 : 4.9292333526763e+00 +(1e+01,8e+02) | 2.47e+01 |  3:1.2e-01  7:1.9e+00
  108 ,   1081 : 4.6460333353679e+00 +(3e+00,2e+01) | 2.49e+01 |  3:1.1e-01  7:1.8e+00
  109 ,   1091 : 4.2838824996242e+00 +(2e+00,1e+02) | 2.49e+01 |  3:1.0e-01  7:1.6e+00
Iterat, #Fevals:   Function Value    (median,worst) |Axis Ratio|idx:Min SD idx:Max SD
  110 ,   1101 : 4.9184843213538e+00 +(4e+00,9e+01) | 2.50e+01 |  3:9.9e-02  7:1.5e+00
  111 ,   1111 : 4.6311387491610e+00 +(1e+01,4e+01) | 2.48e+01 |  3:1.0e-01  7:1.6e+00
  112 ,   1121 : 6.2442531208916e+00 +(3e+00,4e+01) | 2.49e+01 |  3:1.0e-01  7:1.6e+00
  113 ,   1131 : 4.7083523065547e+00 +(3e+00,2e+03) | 2.50e+01 |  3:8.9e-02  8:1.4e+00
  114 ,   1141 : 4.4997766393399e+00 +(2e+00,6e+01) | 2.51e+01 |  3:7.8e-02  8:1.2e+00
  115 ,   1151 : 4.4342849705702e+00 +(2e+00,2e+02) | 2.52e+01 |  3:8.0e-02  8:1.2e+00
  116 ,   1161 : 4.6801848523294e+00 +(4e+00,1e+01) | 2.52e+01 |  3:8.3e-02  8:1.2e+00
  117 ,   1171 : 4.8322159943341e+00 +(2e+00,5e+01) | 2.52e+01 |  3:9.2e-02  8:1.3e+00
  118 ,   1181 : 4.6043424999350e+00 +(3e+00,1e+02) | 2.52e+01 |  3:9.5e-02  8:1.3e+00
  119 ,   1191 : 4.6286451160803e+00 +(4e+00,5e+02) | 2.52e+01 |  3:9.3e-02  8:1.3e+00
Iterat, #Fevals:   Function Value    (median,worst) |Axis Ratio|idx:Min SD idx:Max SD
  120 ,   1201 : 4.9752024794795e+00 +(3e+00,5e+01) | 2.49e+01 |  3:9.8e-02  8:1.4e+00
  121 ,   1211 : 5.2783460682743e+00 +(8e+00,2e+02) | 2.55e+01 |  3:9.6e-02  8:1.4e+00
  122 ,   1221 : 5.0423051834983e+00 +(8e+00,6e+01) | 2.60e+01 |  3:1.0e-01  8:1.4e+00
  123 ,   1231 : 5.0533045596793e+00 +(3e+00,9e+02) | 2.60e+01 |  3:1.0e-01  8:1.4e+00
  124 ,   1241 : 5.2776884503500e+00 +(4e+00,3e+01) | 2.62e+01 |  3:9.8e-02  8:1.4e+00
  125 ,   1251 : 5.2840676987533e+00 +(4e+00,1e+02) | 2.60e+01 |  3:8.5e-02  8:1.2e+00
  126 ,   1261 : 4.7678497348468e+00 +(1e+00,1e+01) | 2.60e+01 |  3:7.3e-02  8:1.0e+00
  127 ,   1271 : 4.9153849630640e+00 +(5e-01,1e+01) | 2.60e+01 |  3:6.5e-02  8:9.2e-01
  128 ,   1281 : 5.4990227289093e+00 +(2e+00,1e+01) | 2.59e+01 |  3:6.6e-02  8:9.1e-01
  129 ,   1291 : 4.5385304594531e+00 +(1e+00,2e+01) | 2.67e+01 |  3:7.6e-02  8:9.8e-01
Iterat, #Fevals:   Function Value    (median,worst) |Axis Ratio|idx:Min SD idx:Max SD
  130 ,   1301 : 4.7007148310934e+00 +(5e-01,7e+00) | 2.71e+01 |  3:7.6e-02  8:9.7e-01
  131 ,   1311 : 4.9508069458888e+00 +(2e+00,3e+01) | 2.70e+01 |  3:6.8e-02  8:8.8e-01
  132 ,   1321 : 4.7319018410824e+00 +(1e+00,2e+01) | 2.70e+01 |  3:6.1e-02  8:7.9e-01
  133 ,   1331 : 4.7351454247888e+00 +(5e-01,3e+01) | 2.69e+01 |  3:5.5e-02  8:7.1e-01
  134 ,   1341 : 4.8233179008002e+00 +(2e+00,6e+00) | 2.67e+01 |  3:5.0e-02  8:6.3e-01
  135 ,   1351 : 4.8106644475226e+00 +(8e-01,4e+00) | 2.69e+01 |  3:5.1e-02  8:6.5e-01
  136 ,   1361 : 4.6138882468309e+00 +(1e+00,5e+00) | 2.73e+01 |  3:5.0e-02  8:6.3e-01
  137 ,   1371 : 4.6561861110545e+00 +(7e-01,2e+00) | 2.75e+01 |  3:5.1e-02  8:6.1e-01
  138 ,   1381 : 4.7306333362987e+00 +(1e+00,2e+01) | 2.77e+01 |  3:4.8e-02  8:5.8e-01
  139 ,   1391 : 4.8029853894540e+00 +(7e-01,6e+00) | 2.82e+01 |  3:4.6e-02  8:5.7e-01
Iterat, #Fevals:   Function Value    (median,worst) |Axis Ratio|idx:Min SD idx:Max SD
  140 ,   1401 : 4.6178603448414e+00 +(3e-01,5e+00) | 2.82e+01 |  3:4.6e-02  8:5.6e-01
  141 ,   1411 : 4.6576027542539e+00 +(9e-02,1e+00) | 2.88e+01 |  3:4.2e-02  8:5.3e-01
  142 ,   1421 : 4.6939229516307e+00 +(4e-01,2e+00) | 2.90e+01 |  3:3.8e-02  8:4.8e-01
  143 ,   1431 : 4.7070640412552e+00 +(3e-01,4e+00) | 2.83e+01 |  3:3.5e-02  8:4.4e-01
  144 ,   1441 : 4.6209559037866e+00 +(5e-01,1e+00) | 2.73e+01 |  3:3.7e-02  8:4.5e-01
  145 ,   1451 : 4.6696407624812e+00 +(3e-01,1e+01) | 2.61e+01 |  3:3.7e-02  8:4.5e-01
  146 ,   1461 : 4.6571952951704e+00 +(3e-01,1e+00) | 2.44e+01 |  3:3.9e-02  8:4.7e-01
  147 ,   1471 : 4.6641760712926e+00 +(1e-01,3e+00) | 2.31e+01 |  3:4.2e-02  8:5.0e-01
  148 ,   1481 : 4.7957765704209e+00 +(4e-01,3e+00) | 2.29e+01 |  3:4.0e-02  8:4.6e-01
  149 ,   1491 : 4.5490983757787e+00 +(8e-01,4e+00) | 2.36e+01 |  3:3.9e-02  8:4.6e-01
Iterat, #Fevals:   Function Value    (median,worst) |Axis Ratio|idx:Min SD idx:Max SD
  150 ,   1501 : 4.6449772678264e+00 +(8e-02,3e+00) | 2.36e+01 |  3:3.6e-02  8:4.1e-01
  151 ,   1511 : 4.5749771064461e+00 +(2e-01,9e-01) | 2.35e+01 |  3:3.5e-02  8:4.0e-01
  152 ,   1521 : 4.5667019730193e+00 +(3e-01,8e-01) | 2.35e+01 |  3:3.3e-02  8:3.7e-01
  153 ,   1531 : 4.5990246853073e+00 +(8e-02,1e+00) | 2.32e+01 |  3:3.2e-02  8:3.6e-01
  154 ,   1541 : 4.6379358364149e+00 +(2e-01,1e+00) | 2.29e+01 |  3:3.2e-02  8:3.7e-01
  155 ,   1551 : 4.5772109411941e+00 +(4e-01,1e+00) | 2.32e+01 |  3:3.1e-02  8:3.5e-01
  156 ,   1561 : 4.5475771411442e+00 +(1e-01,1e+00) | 2.37e+01 |  3:3.0e-02  8:3.3e-01
  157 ,   1571 : 4.5900056015883e+00 +(2e-01,6e-01) | 2.33e+01 |  3:2.9e-02  8:3.2e-01
  158 ,   1581 : 4.5496865211483e+00 +(7e-02,6e-01) | 2.34e+01 |  3:2.6e-02  8:2.8e-01
  159 ,   1591 : 4.4845833549571e+00 +(3e-01,1e+00) | 2.33e+01 |  3:2.5e-02  8:2.7e-01
Iterat, #Fevals:   Function Value    (median,worst) |Axis Ratio|idx:Min SD idx:Max SD
  160 ,   1601 : 4.4967485490762e+00 +(1e-01,4e-01) | 2.36e+01 |  3:2.7e-02  8:2.8e-01
  161 ,   1611 : 4.4888206664123e+00 +(8e-02,5e-01) | 2.38e+01 |  3:2.9e-02  8:3.0e-01
  162 ,   1621 : 4.4685403109637e+00 +(7e-02,5e-01) | 2.39e+01 |  3:2.9e-02  8:3.0e-01
  163 ,   1631 : 4.3959394500544e+00 +(2e-01,7e-01) | 2.46e+01 |  3:3.0e-02  8:3.1e-01
  164 ,   1641 : 4.3959610240700e+00 +(2e-01,1e+00) | 2.51e+01 |  3:3.2e-02  8:3.3e-01
  165 ,   1651 : 4.4205343605304e+00 +(2e-01,4e-01) | 2.77e+01 |  3:3.7e-02  9:3.8e-01
  166 ,   1661 : 4.3779238586332e+00 +(1e-01,7e-01) | 2.91e+01 |  3:4.0e-02  9:4.3e-01
  167 ,   1671 : 4.2930531054836e+00 +(6e-01,2e+00) | 2.99e+01 |  3:4.0e-02  9:4.3e-01
  168 ,   1681 : 4.1957478468600e+00 +(2e-01,6e-01) | 3.09e+01 |  3:4.3e-02  9:5.0e-01
  169 ,   1691 : 4.2083876141752e+00 +(2e-01,6e-01) | 3.09e+01 |  3:4.2e-02  9:5.0e-01
Iterat, #Fevals:   Function Value    (median,worst) |Axis Ratio|idx:Min SD idx:Max SD
  170 ,   1701 : 3.9798758866503e+00 +(7e-01,3e+00) | 3.37e+01 |  3:4.4e-02  9:5.7e-01
  171 ,   1711 : 3.8967513071462e+00 +(6e-01,2e+00) | 3.72e+01 |  3:4.8e-02  9:6.4e-01
  172 ,   1721 : 3.6624463169465e+00 +(5e-01,3e+00) | 4.25e+01 |  3:5.8e-02  9:8.1e-01
  173 ,   1731 : 3.6540833520005e+00 +(6e-01,2e+00) | 4.65e+01 |  3:6.6e-02  9:9.7e-01
  174 ,   1741 : 3.7014861151082e+00 +(5e-01,3e+00) | 4.78e+01 |  3:7.0e-02  9:1.1e+00
  175 ,   1751 : 3.6145046119285e+00 +(7e-01,2e+00) | 4.89e+01 |  3:7.3e-02  9:1.1e+00
  176 ,   1761 : 3.0783251117357e+00 +(2e+00,4e+04) | 5.03e+01 |  3:8.2e-02  9:1.3e+00
  177 ,   1771 : 3.6202040738475e+00 +(2e+00,2e+06) | 5.03e+01 |  3:8.7e-02  9:1.4e+00
  178 ,   1781 : 3.6935191336777e+00 +(2e+00,2e+06) | 5.02e+01 |  3:8.2e-02  9:1.3e+00
  179 ,   1791 : 3.4449102766401e+00 +(1e+00,4e+01) | 4.93e+01 |  3:7.7e-02  9:1.2e+00
Iterat, #Fevals:   Function Value    (median,worst) |Axis Ratio|idx:Min SD idx:Max SD
  180 ,   1801 : 3.3629343123807e+00 +(2e+00,1e+01) | 4.92e+01 |  3:7.5e-02  9:1.2e+00
  181 ,   1811 : 3.4502701643235e+00 +(1e+00,1e+01) | 4.83e+01 |  3:7.7e-02  9:1.2e+00
  182 ,   1821 : 3.4332513711721e+00 +(6e-01,5e+00) | 4.87e+01 |  3:7.5e-02  9:1.2e+00
  183 ,   1831 : 3.7932349583471e+00 +(3e+00,2e+05) | 4.84e+01 |  3:7.1e-02  9:1.1e+00
  184 ,   1841 : 3.6128042538773e+00 +(2e+00,1e+01) | 4.79e+01 |  3:7.0e-02  9:1.1e+00
  185 ,   1851 : 3.5763530987516e+00 +(4e+00,2e+06) | 4.78e+01 |  3:6.6e-02  9:1.0e+00
  186 ,   1861 : 3.7523506821065e+00 +(4e+00,1e+06) | 4.75e+01 |  3:6.0e-02  9:9.4e-01
  187 ,   1871 : 3.2189074172694e+00 +(1e+00,9e+00) | 4.83e+01 |  3:6.0e-02  9:9.2e-01
  188 ,   1881 : 3.4610002698427e+00 +(5e-01,7e+00) | 4.82e+01 |  3:5.6e-02  9:8.6e-01
  189 ,   1891 : 3.7268189277575e+00 +(7e+00,3e+05) | 4.70e+01 |  3:5.6e-02  9:8.5e-01
Iterat, #Fevals:   Function Value    (median,worst) |Axis Ratio|idx:Min SD idx:Max SD
  190 ,   1901 : 3.3716462727077e+00 +(1e+00,4e+00) | 4.64e+01 |  3:5.5e-02  9:8.3e-01
  191 ,   1911 : 3.4303280066880e+00 +(1e+00,1e+01) | 4.59e+01 |  3:5.1e-02  9:7.8e-01
  192 ,   1921 : 3.0395625617086e+00 +(2e+00,2e+02) | 4.57e+01 |  3:4.4e-02  9:6.7e-01
  193 ,   1931 : 3.1635608972543e+00 +(8e-01,5e+00) | 4.55e+01 |  3:4.6e-02  9:6.9e-01
  194 ,   1941 : 3.3545625066396e+00 +(5e-01,7e+00) | 4.59e+01 |  3:4.3e-02  9:6.5e-01
  195 ,   1951 : 3.2113827251606e+00 +(5e-01,5e+00) | 4.56e+01 |  3:4.0e-02  9:6.0e-01
  196 ,   1961 : 3.0317360196738e+00 +(7e-01,5e+00) | 4.52e+01 |  3:3.7e-02  9:5.6e-01
  197 ,   1971 : 3.0877283921652e+00 +(5e-01,1e+01) | 4.42e+01 |  3:3.4e-02  9:5.1e-01
  198 ,   1981 : 3.2254010475223e+00 +(5e-01,2e+00) | 4.48e+01 |  3:3.4e-02  9:5.3e-01
  199 ,   1991 : 3.3620613412164e+00 +(1e+01,3e+06) | 4.50e+01 |  3:3.3e-02  9:5.2e-01
Iterat, #Fevals:   Function Value    (median,worst) |Axis Ratio|idx:Min SD idx:Max SD
  200 ,   2001 : 3.1877898936422e+00 +(1e+00,6e+01) | 4.49e+01 |  3:2.9e-02  9:4.7e-01
  201 ,   2011 : 3.1053030008061e+00 +(1e+00,4e+00) | 4.40e+01 |  3:2.9e-02  9:4.6e-01
  202 ,   2021 : 3.1094293576522e+00 +(1e+00,8e+00) | 4.39e+01 |  3:2.6e-02  9:4.2e-01
  203 ,   2031 : 3.0200994090363e+00 +(4e-01,3e+00) | 4.38e+01 |  3:2.4e-02  9:3.8e-01
  204 ,   2041 : 3.0353619169199e+00 +(9e-01,5e+00) | 4.35e+01 |  3:2.2e-02  9:3.4e-01
  205 ,   2051 : 3.0095779753831e+00 +(3e-01,4e+00) | 4.25e+01 |  3:2.1e-02  9:3.2e-01
  206 ,   2061 : 3.0049466659967e+00 +(4e-01,2e+00) | 4.27e+01 |  3:1.9e-02  9:2.9e-01
  207 ,   2071 : 3.0082505737631e+00 +(2e-01,5e+00) | 4.33e+01 |  3:1.8e-02  9:2.8e-01
  208 ,   2081 : 3.1814926038276e+00 +(1e-01,4e+00) | 4.23e+01 |  3:1.8e-02  9:2.8e-01
  209 ,   2091 : 3.0317688198213e+00 +(2e-01,1e+00) | 4.16e+01 |  3:1.8e-02  9:2.6e-01
Iterat, #Fevals:   Function Value    (median,worst) |Axis Ratio|idx:Min SD idx:Max SD
  210 ,   2101 : 3.0047038357425e+00 +(2e-01,1e+00) | 4.13e+01 |  3:1.7e-02  9:2.6e-01
  211 ,   2111 : 3.1008663331167e+00 +(2e-01,7e-01) | 4.10e+01 |  3:1.8e-02  9:2.6e-01
  212 ,   2121 : 3.0105428342555e+00 +(2e-01,2e+00) | 4.10e+01 |  3:1.9e-02  9:2.8e-01
  213 ,   2131 : 3.0510595159807e+00 +(1e-01,5e+00) | 4.09e+01 |  3:1.8e-02  9:2.6e-01
  214 ,   2141 : 2.9940620178370e+00 +(2e-01,9e-01) | 4.02e+01 |  3:1.6e-02  9:2.3e-01
  215 ,   2151 : 3.0059755229403e+00 +(9e-02,2e-01) | 3.88e+01 |  3:1.5e-02  9:2.2e-01
  216 ,   2161 : 3.0314075207625e+00 +(2e-01,4e-01) | 3.87e+01 |  3:1.4e-02  9:2.0e-01
  217 ,   2171 : 3.0296120239634e+00 +(1e-01,3e+00) | 3.75e+01 |  3:1.5e-02  9:2.1e-01
  218 ,   2181 : 3.0897028081460e+00 +(8e-02,9e-01) | 3.64e+01 |  3:1.6e-02  9:2.3e-01
  219 ,   2191 : 3.0321199449641e+00 +(2e-01,9e-01) | 3.67e+01 |  3:1.5e-02  9:2.2e-01
Iterat, #Fevals:   Function Value    (median,worst) |Axis Ratio|idx:Min SD idx:Max SD
  220 ,   2201 : 3.0072507166898e+00 +(1e-01,5e-01) | 3.67e+01 |  3:1.3e-02  9:1.9e-01
  221 ,   2211 : 3.0635282767532e+00 +(1e-01,6e-01) | 3.65e+01 |  3:1.3e-02  9:1.8e-01
  222 ,   2221 : 3.0262795549220e+00 +(2e-01,9e-01) | 3.63e+01 |  3:1.1e-02  9:1.6e-01
  223 ,   2231 : 3.0589815166733e+00 +(6e-02,2e-01) | 3.66e+01 |  3:1.0e-02  9:1.5e-01
  224 ,   2241 : 3.0426647329984e+00 +(6e-02,5e-01) | 3.60e+01 |  3:9.0e-03  9:1.3e-01
  225 ,   2251 : 3.0142439654922e+00 +(6e-02,3e-01) | 3.65e+01 |  3:8.5e-03  9:1.2e-01
  226 ,   2261 : 3.0091796442197e+00 +(6e-02,1e-01) | 3.77e+01 |  3:8.0e-03  9:1.2e-01
  227 ,   2271 : 3.0081472201804e+00 +(2e-02,2e-01) | 3.79e+01 |  3:7.8e-03  9:1.2e-01
  228 ,   2281 : 2.9924759091409e+00 +(5e-02,2e-01) | 3.73e+01 |  3:7.6e-03  9:1.1e-01
  229 ,   2291 : 3.0025993758311e+00 +(3e-02,2e-01) | 3.63e+01 |  3:7.5e-03  9:1.1e-01
Iterat, #Fevals:   Function Value    (median,worst) |Axis Ratio|idx:Min SD idx:Max SD
  230 ,   2301 : 2.9943896497755e+00 +(1e-01,1e-01) | 3.67e+01 |  3:7.3e-03  9:1.1e-01
  231 ,   2311 : 3.0003532680846e+00 +(7e-02,2e-01) | 3.68e+01 |  3:6.7e-03  9:9.7e-02
  232 ,   2321 : 2.9768114468091e+00 +(4e-02,1e-01) | 3.69e+01 |  3:6.6e-03  9:9.5e-02
  233 ,   2331 : 2.9879308945289e+00 +(3e-02,1e-01) | 3.72e+01 |  3:6.5e-03  9:9.2e-02
  234 ,   2341 : 2.9784962642380e+00 +(3e-02,8e-02) | 3.69e+01 |  3:6.8e-03  9:9.3e-02
  235 ,   2351 : 2.9898334308801e+00 +(4e-02,2e-01) | 3.64e+01 |  3:6.7e-03  9:9.0e-02
  236 ,   2361 : 2.9886932546935e+00 +(2e-02,2e-01) | 3.48e+01 |  3:6.9e-03  9:8.9e-02
  237 ,   2371 : 2.9839953395952e+00 +(3e-02,8e-02) | 3.41e+01 |  3:6.7e-03  9:8.4e-02
  238 ,   2381 : 2.9864860828603e+00 +(2e-02,3e-01) | 3.42e+01 |  3:6.3e-03  9:7.7e-02
  239 ,   2391 : 3.0004416194928e+00 +(1e-02,1e-01) | 3.41e+01 |  3:7.3e-03  9:8.7e-02
Iterat, #Fevals:   Function Value    (median,worst) |Axis Ratio|idx:Min SD idx:Max SD
  240 ,   2401 : 2.9969694904526e+00 +(1e-02,9e-02) | 3.46e+01 |  3:7.5e-03  9:8.8e-02
  241 ,   2411 : 2.9899213685139e+00 +(2e-02,8e-02) | 3.45e+01 |  3:7.9e-03  9:9.1e-02
  242 ,   2421 : 2.9995524394680e+00 +(4e-02,1e-01) | 3.40e+01 |  3:7.7e-03  9:8.8e-02
  243 ,   2431 : 2.9861164241778e+00 +(3e-02,1e-01) | 3.37e+01 |  3:7.3e-03  9:8.3e-02
  244 ,   2441 : 2.9751901564485e+00 +(4e-02,9e-02) | 3.38e+01 |  3:6.7e-03  9:7.6e-02
  245 ,   2451 : 2.9823995958865e+00 +(3e-02,1e-01) | 3.39e+01 |  3:5.8e-03  9:6.6e-02
  246 ,   2461 : 2.9882469711599e+00 +(2e-02,5e-02) | 3.54e+01 |  3:5.3e-03  9:6.4e-02
  247 ,   2471 : 2.9752262491609e+00 +(3e-02,9e-02) | 3.55e+01 |  3:4.7e-03  9:5.6e-02
  248 ,   2481 : 2.9741428342255e+00 +(2e-02,5e-02) | 3.69e+01 |  3:5.1e-03  9:5.8e-02
  249 ,   2491 : 2.9742388038240e+00 +(2e-02,3e-02) | 3.74e+01 |  3:5.3e-03  8:6.2e-02
Iterat, #Fevals:   Function Value    (median,worst) |Axis Ratio|idx:Min SD idx:Max SD
  250 ,   2501 : 2.9806938937770e+00 +(1e-02,2e-02) | 3.78e+01 |  3:4.9e-03  8:5.9e-02
  251 ,   2511 : 2.9850307924786e+00 +(9e-03,7e-02) | 3.82e+01 |  3:4.3e-03  8:5.2e-02
  252 ,   2521 : 2.9719668462027e+00 +(2e-02,8e-02) | 3.66e+01 |  3:3.9e-03  8:4.7e-02
  253 ,   2531 : 2.9717720603648e+00 +(1e-02,3e-02) | 3.64e+01 |  3:3.6e-03  8:4.3e-02
  254 ,   2541 : 2.9792487181039e+00 +(1e-02,4e-02) | 3.55e+01 |  3:3.8e-03  8:4.5e-02
  255 ,   2551 : 2.9726422111613e+00 +(1e-02,4e-02) | 3.35e+01 |  3:4.1e-03  8:4.8e-02
  256 ,   2561 : 2.9846869193265e+00 +(4e-03,1e-02) | 3.35e+01 |  3:4.1e-03  8:5.1e-02
  257 ,   2571 : 2.9659845497822e+00 +(2e-02,5e-02) | 3.31e+01 |  3:4.0e-03  8:5.0e-02
  258 ,   2581 : 2.9776270911596e+00 +(1e-02,7e-02) | 3.48e+01 |  3:4.2e-03  8:5.3e-02
  259 ,   2591 : 2.9864865768951e+00 +(9e-03,5e-02) | 3.48e+01 |  3:3.7e-03  8:4.7e-02
Iterat, #Fevals:   Function Value    (median,worst) |Axis Ratio|idx:Min SD idx:Max SD
  260 ,   2601 : 2.9675492366447e+00 +(2e-02,5e-02) | 3.52e+01 |  3:3.6e-03  8:4.6e-02
  261 ,   2611 : 2.9707137431385e+00 +(2e-02,3e-02) | 3.50e+01 |  3:3.3e-03  8:4.1e-02
  262 ,   2621 : 2.9675069825495e+00 +(1e-02,4e-02) | 3.51e+01 |  3:3.0e-03  8:3.8e-02
  263 ,   2631 : 2.9733795040199e+00 +(1e-02,2e-02) | 3.49e+01 |  3:2.8e-03  8:3.6e-02
  264 ,   2641 : 2.9731077161828e+00 +(2e-02,2e-02) | 3.54e+01 |  3:2.5e-03  8:3.1e-02
  265 ,   2651 : 2.9659828802992e+00 +(2e-02,3e-02) | 3.56e+01 |  3:2.3e-03  8:2.8e-02
  266 ,   2661 : 2.9688725638228e+00 +(4e-03,3e-02) | 3.55e+01 |  3:2.0e-03  8:2.5e-02
  267 ,   2671 : 2.9729955458686e+00 +(1e-02,2e-02) | 3.59e+01 |  3:1.8e-03  8:2.3e-02
  268 ,   2681 : 2.9715622214921e+00 +(1e-02,2e-02) | 3.68e+01 |  3:1.7e-03  8:2.2e-02
  269 ,   2691 : 2.9687217104700e+00 +(2e-02,3e-02) | 3.69e+01 |  3:1.7e-03  8:2.2e-02
Iterat, #Fevals:   Function Value    (median,worst) |Axis Ratio|idx:Min SD idx:Max SD
  270 ,   2701 : 2.9695881510870e+00 +(1e-02,3e-02) | 3.69e+01 |  3:1.6e-03  8:2.0e-02
  271 ,   2711 : 2.9697081917093e+00 +(2e-02,2e-02) | 3.73e+01 |  3:1.3e-03  8:1.7e-02
  272 ,   2721 : 2.9690617525213e+00 +(1e-02,2e-02) | 3.72e+01 |  3:1.2e-03  8:1.6e-02
  273 ,   2731 : 2.9650586568424e+00 +(8e-03,2e-02) | 3.68e+01 |  3:1.1e-03  8:1.5e-02
  274 ,   2741 : 2.9704621836794e+00 +(1e-02,2e-02) | 3.62e+01 |  3:1.0e-03  8:1.4e-02
  275 ,   2751 : 2.9713630038995e+00 +(1e-02,2e-02) | 3.58e+01 |  3:1.0e-03  8:1.3e-02
  276 ,   2761 : 2.9727255120944e+00 +(2e-02,2e-02) | 3.71e+01 |  3:1.0e-03  8:1.4e-02
  277 ,   2771 : 2.9736122170353e+00 +(8e-03,2e-02) | 3.63e+01 |  3:1.0e-03  8:1.4e-02
  278 ,   2781 : 2.9701403186423e+00 +(2e-02,2e-02) | 3.66e+01 |  3:9.7e-04  8:1.3e-02
  279 ,   2791 : 2.9692760066306e+00 +(2e-02,2e-02) | 3.59e+01 |  3:8.3e-04  8:1.1e-02
Iterat, #Fevals:   Function Value    (median,worst) |Axis Ratio|idx:Min SD idx:Max SD
  280 ,   2801 : 2.9722462455872e+00 +(1e-02,2e-02) | 3.59e+01 |  3:7.2e-04  8:9.6e-03
  281 ,   2811 : 2.9690364090129e+00 +(1e-02,2e-02) | 3.67e+01 |  3:7.8e-04  8:9.6e-03
  282 ,   2821 : 2.9728864980949e+00 +(1e-02,2e-02) | 3.66e+01 |  3:6.8e-04  8:8.3e-03
  283 ,   2831 : 2.9709777949967e+00 +(1e-02,2e-02) | 3.63e+01 |  3:6.9e-04  8:8.3e-03
  284 ,   2841 : 2.9687647560903e+00 +(2e-02,2e-02) | 3.71e+01 |  3:7.9e-04  8:9.1e-03
  285 ,   2851 : 2.9711673110675e+00 +(1e-02,2e-02) | 3.72e+01 |  3:7.6e-04  8:8.7e-03
  286 ,   2861 : 2.9706225010378e+00 +(6e-03,2e-02) | 3.76e+01 |  3:7.0e-04  8:8.0e-03
  287 ,   2871 : 2.9707068362039e+00 +(1e-02,2e-02) | 3.76e+01 |  3:6.1e-04  8:7.0e-03
  288 ,   2881 : 2.9709414888828e+00 +(1e-02,2e-02) | 3.72e+01 |  3:5.8e-04  8:6.6e-03
  289 ,   2891 : 2.9706899729067e+00 +(4e-03,2e-02) | 3.66e+01 |  3:6.1e-04  8:6.9e-03
Iterat, #Fevals:   Function Value    (median,worst) |Axis Ratio|idx:Min SD idx:Max SD
  290 ,   2901 : 2.9727611126812e+00 +(1e-02,2e-02) | 3.62e+01 |  3:5.7e-04  8:6.4e-03
  291 ,   2911 : 2.9719621664993e+00 +(2e-02,2e-02) | 3.68e+01 |  3:5.0e-04  8:5.6e-03
  292 ,   2921 : 2.9721544771857e+00 +(2e-02,2e-02) | 3.77e+01 |  3:5.1e-04  8:5.7e-03
  293 ,   2931 : 2.9715682697883e+00 +(8e-03,2e-02) | 3.82e+01 |  3:5.6e-04  8:6.2e-03
  294 ,   2941 : 2.9685806289043e+00 +(2e-02,2e-02) | 3.93e+01 |  3:6.6e-04  8:7.1e-03
  295 ,   2951 : 2.9680656415750e+00 +(2e-02,2e-02) | 3.95e+01 |  3:6.3e-04  8:6.8e-03
  296 ,   2961 : 2.9699371961137e+00 +(1e-02,2e-02) | 4.01e+01 |  3:5.9e-04  8:6.5e-03
  297 ,   2971 : 2.9699828000129e+00 +(1e-02,2e-02) | 3.91e+01 |  2:6.6e-04  8:7.2e-03
  298 ,   2981 : 2.9675487335377e+00 +(2e-02,2e-02) | 3.96e+01 |  2:7.2e-04  8:7.7e-03
  299 ,   2991 : 2.9661845658921e+00 +(1e-02,2e-02) | 3.97e+01 |  2:7.2e-04  8:7.8e-03
Iterat, #Fevals:   Function Value    (median,worst) |Axis Ratio|idx:Min SD idx:Max SD
  300 ,   3001 : 2.9691013224144e+00 +(1e-02,2e-02) | 3.95e+01 |  2:6.8e-04  8:7.4e-03
  301 ,   3011 : 2.9665591525362e+00 +(2e-02,3e-02) | 4.00e+01 |  2:6.1e-04  8:6.7e-03
  302 ,   3021 : 2.9691448651783e+00 +(2e-02,2e-02) | 3.96e+01 |  2:5.6e-04  8:6.2e-03
  303 ,   3031 : 2.9693484592709e+00 +(2e-02,2e-02) | 3.85e+01 |  2:5.8e-04  8:6.4e-03
  304 ,   3041 : 2.9692713702858e+00 +(8e-03,2e-02) | 3.83e+01 |  2:6.5e-04  8:7.4e-03
  305 ,   3051 : 2.9681266058085e+00 +(1e-02,2e-02) | 3.81e+01 |  3:6.4e-04  8:7.3e-03
  306 ,   3061 : 2.9675023327486e+00 +(4e-03,2e-02) | 3.61e+01 |  2:7.0e-04  8:7.9e-03
  307 ,   3071 : 2.9695683654670e+00 +(1e-02,2e-02) | 3.49e+01 |  2:6.9e-04  8:7.8e-03
  308 ,   3081 : 2.9712951874953e+00 +(1e-02,2e-02) | 3.48e+01 |  3:6.7e-04  8:7.6e-03
  309 ,   3091 : 2.9754942444749e+00 +(9e-03,1e-02) | 3.49e+01 |  2:6.8e-04  8:7.4e-03
Iterat, #Fevals:   Function Value    (median,worst) |Axis Ratio|idx:Min SD idx:Max SD
  310 ,   3101 : 2.9672409028344e+00 +(2e-02,2e-02) | 3.45e+01 |  2:6.4e-04  8:7.0e-03
  311 ,   3111 : 2.9695932616062e+00 +(1e-02,2e-02) | 3.36e+01 |  2:6.6e-04  8:7.1e-03
  312 ,   3121 : 2.9679655198104e+00 +(1e-02,2e-02) | 3.32e+01 |  2:6.2e-04  8:6.9e-03
  313 ,   3131 : 2.9666684285279e+00 +(2e-02,2e-02) | 3.36e+01 |  2:6.0e-04  8:6.7e-03
  314 ,   3141 : 2.9691197579054e+00 +(2e-02,2e-02) | 3.38e+01 |  2:6.0e-04  8:6.6e-03
  315 ,   3151 : 2.9714607053629e+00 +(1e-02,2e-02) | 3.43e+01 |  2:5.7e-04  8:6.6e-03
  316 ,   3161 : 2.9677597716188e+00 +(2e-02,2e-02) | 3.40e+01 |  2:5.4e-04  8:6.3e-03
  317 ,   3171 : 2.9695437745994e+00 +(2e-02,3e-02) | 3.46e+01 |  2:5.5e-04  8:6.3e-03
  318 ,   3181 : 2.9660370322473e+00 +(2e-02,2e-02) | 3.28e+01 |  3:6.1e-04  8:6.8e-03
  319 ,   3191 : 2.9686079036299e+00 +(2e-02,2e-02) | 3.21e+01 |  2:6.3e-04  8:7.1e-03
Iterat, #Fevals:   Function Value    (median,worst) |Axis Ratio|idx:Min SD idx:Max SD
  320 ,   3201 : 2.9693301093174e+00 +(2e-02,2e-02) | 3.15e+01 |  3:6.4e-04  8:7.3e-03
  321 ,   3211 : 2.9712101229320e+00 +(2e-02,2e-02) | 3.06e+01 |  3:6.6e-04  8:7.5e-03
  322 ,   3221 : 2.9695908897334e+00 +(1e-02,2e-02) | 3.04e+01 |  3:6.6e-04  8:7.5e-03
  323 ,   3231 : 2.9681642399978e+00 +(9e-03,2e-02) | 2.90e+01 |  3:6.7e-04  8:7.6e-03
  324 ,   3241 : 2.9684635664061e+00 +(1e-02,2e-02) | 2.91e+01 |  3:6.6e-04  8:7.5e-03
  325 ,   3251 : 2.9674217346846e+00 +(1e-02,3e-02) | 2.87e+01 |  3:6.4e-04  8:7.3e-03
  326 ,   3261 : 2.9704827323999e+00 +(1e-02,2e-02) | 2.90e+01 |  3:6.7e-04  8:7.5e-03
  327 ,   3271 : 2.9709904128173e+00 +(1e-02,2e-02) | 2.95e+01 |  3:6.6e-04  8:7.3e-03
  328 ,   3281 : 2.9725778024290e+00 +(1e-02,2e-02) | 2.99e+01 |  3:6.1e-04  8:6.6e-03
  329 ,   3291 : 2.9695329120210e+00 +(1e-02,2e-02) | 3.02e+01 |  3:5.5e-04  8:5.9e-03
Iterat, #Fevals:   Function Value    (median,worst) |Axis Ratio|idx:Min SD idx:Max SD
  330 ,   3301 : 2.9695099163092e+00 +(8e-03,2e-02) | 3.04e+01 |  3:5.0e-04  8:5.3e-03
  331 ,   3311 : 2.9693122093144e+00 +(1e-02,2e-02) | 3.06e+01 |  3:4.6e-04  8:5.0e-03
  332 ,   3321 : 2.9698824636745e+00 +(2e-02,2e-02) | 3.09e+01 |  2:4.4e-04  8:4.8e-03
  333 ,   3331 : 2.9707721738235e+00 +(1e-02,2e-02) | 3.19e+01 |  2:4.6e-04  8:5.1e-03
  334 ,   3341 : 2.9700132192950e+00 +(1e-02,2e-02) | 3.19e+01 |  2:4.9e-04  8:5.4e-03
  335 ,   3351 : 2.9671716009900e+00 +(2e-02,2e-02) | 3.18e+01 |  2:5.1e-04  8:5.6e-03
  336 ,   3361 : 2.9762196275326e+00 +(1e-02,1e-02) | 3.16e+01 |  2:5.4e-04  8:6.0e-03
  337 ,   3371 : 2.9682795054755e+00 +(2e-02,2e-02) | 3.12e+01 |  2:5.4e-04  8:5.8e-03
  338 ,   3381 : 2.9694157803344e+00 +(1e-02,2e-02) | 3.11e+01 |  2:5.1e-04  8:5.5e-03
  339 ,   3391 : 2.9749790232509e+00 +(1e-02,1e-02) | 3.10e+01 |  2:4.9e-04  8:5.3e-03
Iterat, #Fevals:   Function Value    (median,worst) |Axis Ratio|idx:Min SD idx:Max SD
  340 ,   3401 : 2.9688029012377e+00 +(1e-02,2e-02) | 3.14e+01 |  2:4.8e-04  8:5.3e-03
  341 ,   3411 : 2.9649125124837e+00 +(2e-02,3e-02) | 3.06e+01 |  2:5.1e-04  8:5.7e-03
  342 ,   3421 : 2.9692532551847e+00 +(1e-02,2e-02) | 2.94e+01 |  2:5.6e-04  8:6.2e-03
  343 ,   3431 : 2.9691810524959e+00 +(9e-03,2e-02) | 2.90e+01 |  2:5.7e-04  8:6.3e-03
  344 ,   3441 : 2.9653310384824e+00 +(1e-02,2e-02) | 2.90e+01 |  2:5.9e-04  8:6.6e-03
  345 ,   3451 : 2.9678878124454e+00 +(2e-02,2e-02) | 2.83e+01 |  2:6.0e-04  8:6.7e-03
  346 ,   3461 : 2.9696646980858e+00 +(3e-03,2e-02) | 2.81e+01 |  2:6.1e-04  8:6.6e-03
  347 ,   3471 : 2.9691099284788e+00 +(2e-02,2e-02) | 2.86e+01 |  2:6.2e-04  8:6.9e-03
  348 ,   3481 : 2.9686231905794e+00 +(1e-02,2e-02) | 2.87e+01 |  2:5.8e-04  8:6.4e-03
  349 ,   3491 : 2.9656588306416e+00 +(2e-02,2e-02) | 2.88e+01 |  2:5.5e-04  8:6.0e-03
Iterat, #Fevals:   Function Value    (median,worst) |Axis Ratio|idx:Min SD idx:Max SD
  350 ,   3501 : 2.9683854962371e+00 +(2e-02,2e-02) | 2.89e+01 |  2:5.4e-04  8:5.9e-03
  351 ,   3511 : 2.9686699659122e+00 +(2e-02,2e-02) | 2.90e+01 |  2:5.6e-04  8:6.0e-03
  352 ,   3521 : 2.9663194673976e+00 +(2e-02,2e-02) | 2.98e+01 |  2:6.0e-04  8:6.4e-03
  353 ,   3531 : 2.9674157834515e+00 +(5e-03,2e-02) | 3.11e+01 |  2:6.2e-04  8:6.6e-03
  354 ,   3541 : 2.9695154673893e+00 +(1e-02,2e-02) | 3.20e+01 |  2:6.4e-04  8:6.8e-03
  355 ,   3551 : 2.9660403340499e+00 +(9e-03,2e-02) | 3.28e+01 |  2:6.3e-04  8:6.7e-03
  356 ,   3561 : 2.9677789539497e+00 +(1e-02,2e-02) | 3.25e+01 |  2:6.4e-04  8:6.4e-03
  357 ,   3571 : 2.9675779909198e+00 +(7e-03,2e-02) | 3.29e+01 |  2:6.3e-04  8:6.3e-03
  358 ,   3581 : 2.9734690175256e+00 +(1e-02,2e-02) | 3.28e+01 |  2:6.6e-04  8:6.6e-03
  359 ,   3591 : 2.9705449289961e+00 +(1e-02,2e-02) | 3.29e+01 |  2:6.6e-04  8:6.7e-03
Iterat, #Fevals:   Function Value    (median,worst) |Axis Ratio|idx:Min SD idx:Max SD
  360 ,   3601 : 2.9677762783807e+00 +(2e-02,2e-02) | 3.15e+01 |  2:6.6e-04  8:6.7e-03
  361 ,   3611 : 2.9673210984046e+00 +(1e-02,2e-02) | 3.24e+01 |  2:6.6e-04  8:6.7e-03
  362 ,   3621 : 2.9687788711142e+00 +(1e-02,2e-02) | 3.30e+01 |  2:6.9e-04  8:7.0e-03
  363 ,   3631 : 2.9670869983269e+00 +(1e-02,2e-02) | 3.24e+01 |  2:6.7e-04  8:6.7e-03
  364 ,   3641 : 2.9675144495014e+00 +(1e-02,2e-02) | 3.18e+01 |  2:6.9e-04  8:6.9e-03
  365 ,   3651 : 2.9674906118766e+00 +(1e-02,2e-02) | 3.11e+01 |  2:6.8e-04  8:6.8e-03
  366 ,   3661 : 2.9646145319741e+00 +(2e-02,3e-02) | 3.10e+01 |  2:6.9e-04  8:7.0e-03
  367 ,   3671 : 2.9677593332456e+00 +(9e-03,2e-02) | 3.17e+01 |  2:7.0e-04  8:6.9e-03
  368 ,   3681 : 2.9702775194500e+00 +(9e-03,2e-02) | 3.20e+01 |  2:6.7e-04  8:7.0e-03
  369 ,   3691 : 2.9692226162288e+00 +(1e-02,2e-02) | 3.17e+01 |  2:6.9e-04  8:7.2e-03
Iterat, #Fevals:   Function Value    (median,worst) |Axis Ratio|idx:Min SD idx:Max SD
  370 ,   3701 : 2.9657270430768e+00 +(1e-02,3e-02) | 3.17e+01 |  2:7.2e-04  8:7.5e-03
  371 ,   3711 : 2.9678806097453e+00 +(7e-03,2e-02) | 3.19e+01 |  2:6.9e-04  8:7.2e-03
  372 ,   3721 : 2.9671549658351e+00 +(2e-02,2e-02) | 3.22e+01 |  2:7.0e-04  8:7.3e-03
  373 ,   3731 : 2.9672569039212e+00 +(7e-03,2e-02) | 3.16e+01 |  2:7.7e-04  8:7.9e-03
  374 ,   3741 : 2.9677045507580e+00 +(1e-02,2e-02) | 3.25e+01 |  2:8.3e-04  8:8.6e-03
  375 ,   3751 : 2.9674431710543e+00 +(2e-02,2e-02) | 3.12e+01 |  2:8.2e-04  8:8.5e-03
  376 ,   3761 : 2.9656832394476e+00 +(2e-02,2e-02) | 3.02e+01 |  2:8.3e-04  8:8.7e-03
  377 ,   3771 : 2.9667002230137e+00 +(2e-02,2e-02) | 3.06e+01 |  2:8.2e-04  8:8.6e-03
  378 ,   3781 : 2.9663442513365e+00 +(2e-02,2e-02) | 3.11e+01 |  2:8.5e-04  8:8.8e-03
  379 ,   3791 : 2.9781523348666e+00 +(9e-03,1e-02) | 3.12e+01 |  2:8.1e-04  8:8.4e-03
Iterat, #Fevals:   Function Value    (median,worst) |Axis Ratio|idx:Min SD idx:Max SD
  380 ,   3801 : 2.9676825572787e+00 +(2e-02,2e-02) | 3.11e+01 |  2:7.7e-04  8:8.0e-03
  381 ,   3811 : 2.9690941102403e+00 +(1e-02,2e-02) | 3.12e+01 |  2:7.8e-04  8:8.0e-03
  382 ,   3821 : 2.9673857693289e+00 +(2e-02,3e-02) | 3.13e+01 |  2:8.0e-04  8:8.0e-03
  383 ,   3831 : 2.9701745966027e+00 +(2e-02,2e-02) | 3.16e+01 |  2:7.5e-04  8:7.6e-03
  384 ,   3841 : 2.9722998872831e+00 +(2e-02,2e-02) | 3.21e+01 |  2:7.2e-04  8:7.4e-03
  385 ,   3851 : 2.9780272133786e+00 +(7e-03,1e-02) | 3.17e+01 |  2:6.9e-04  8:7.0e-03
  386 ,   3861 : 2.9666560004439e+00 +(1e-02,2e-02) | 3.14e+01 |  2:6.7e-04  8:6.7e-03
  387 ,   3871 : 2.9665723362185e+00 +(6e-03,2e-02) | 3.14e+01 |  2:5.8e-04  8:5.9e-03
  388 ,   3881 : 2.9682211891144e+00 +(2e-02,2e-02) | 3.09e+01 |  2:5.6e-04  8:5.5e-03
  389 ,   3891 : 2.9657458865834e+00 +(6e-03,2e-02) | 3.02e+01 |  2:5.8e-04  8:5.7e-03
Iterat, #Fevals:   Function Value    (median,worst) |Axis Ratio|idx:Min SD idx:Max SD
  390 ,   3901 : 2.9684771587983e+00 +(2e-02,2e-02) | 2.98e+01 |  2:6.7e-04  8:6.2e-03
  391 ,   3911 : 2.9706404866637e+00 +(1e-02,2e-02) | 3.04e+01 |  2:6.7e-04  8:6.2e-03
  392 ,   3921 : 2.9693686087109e+00 +(9e-03,2e-02) | 3.02e+01 |  2:6.3e-04  8:5.7e-03
  393 ,   3931 : 2.9669528588679e+00 +(2e-02,2e-02) | 3.02e+01 |  2:6.3e-04  8:5.6e-03
  394 ,   3941 : 2.9656843474594e+00 +(1e-02,2e-02) | 3.02e+01 |  2:5.9e-04  8:5.3e-03
  395 ,   3951 : 2.9707035642648e+00 +(1e-02,2e-02) | 3.13e+01 |  2:6.0e-04  8:5.2e-03
  396 ,   3961 : 2.9700407459063e+00 +(1e-02,2e-02) | 3.18e+01 |  2:6.6e-04  8:5.5e-03
  397 ,   3971 : 2.9740866725108e+00 +(1e-02,1e-02) | 3.20e+01 |  2:6.9e-04  8:5.7e-03
  398 ,   3981 : 2.9675025644301e+00 +(1e-02,2e-02) | 3.20e+01 |  2:8.2e-04  8:6.2e-03
  399 ,   3991 : 2.9684205818885e+00 +(5e-03,2e-02) | 3.35e+01 |  2:9.3e-04  8:6.8e-03
Iterat, #Fevals:   Function Value    (median,worst) |Axis Ratio|idx:Min SD idx:Max SD
  400 ,   4001 : 2.9673405225376e+00 +(4e-03,2e-02) | 3.30e+01 |  2:9.5e-04  8:6.9e-03
  401 ,   4011 : 2.9676582690991e+00 +(9e-03,2e-02) | 3.28e+01 |  2:1.0e-03  8:7.0e-03
  402 ,   4021 : 2.9680600330661e+00 +(1e-02,2e-02) | 3.31e+01 |  2:1.1e-03  8:7.4e-03
  403 ,   4031 : 2.9654661159200e+00 +(9e-03,2e-02) | 3.29e+01 |  3:1.2e-03  8:7.9e-03
  404 ,   4041 : 2.9654399453051e+00 +(2e-02,2e-02) | 3.27e+01 |  3:1.2e-03  8:7.9e-03
  405 ,   4051 : 2.9684398401702e+00 +(1e-02,2e-02) | 3.28e+01 |  3:1.2e-03  8:8.4e-03
  406 ,   4061 : 2.9699283125854e+00 +(2e-02,2e-02) | 3.31e+01 |  3:1.1e-03  8:8.0e-03
  407 ,   4071 : 2.9678903948464e+00 +(1e-02,2e-02) | 3.34e+01 |  3:9.7e-04  8:6.9e-03
  408 ,   4081 : 2.9672491820141e+00 +(1e-02,2e-02) | 3.36e+01 |  3:8.4e-04  8:6.0e-03
  409 ,   4091 : 2.9709837156240e+00 +(2e-02,3e-02) | 3.44e+01 |  3:7.4e-04  8:5.4e-03
Iterat, #Fevals:   Function Value    (median,worst) |Axis Ratio|idx:Min SD idx:Max SD
  410 ,   4101 : 2.9714580025010e+00 +(1e-02,2e-02) | 3.47e+01 |  3:6.7e-04  8:4.8e-03
  411 ,   4111 : 2.9662918185314e+00 +(1e-02,2e-02) | 3.40e+01 |  3:5.9e-04  8:4.3e-03
  412 ,   4121 : 2.9674416612605e+00 +(1e-02,2e-02) | 3.36e+01 |  3:5.9e-04  8:4.2e-03
  413 ,   4131 : 2.9688462569276e+00 +(1e-02,2e-02) | 3.37e+01 |  3:5.2e-04  8:3.8e-03
  414 ,   4141 : 2.9700776600853e+00 +(1e-02,2e-02) | 3.42e+01 |  3:5.0e-04  8:3.6e-03
  415 ,   4151 : 2.9668327964592e+00 +(2e-02,2e-02) | 3.48e+01 |  3:4.9e-04  8:3.5e-03
  416 ,   4161 : 2.9666625146334e+00 +(6e-03,2e-02) | 3.52e+01 |  3:4.4e-04  6:3.2e-03
  417 ,   4171 : 2.9683857758579e+00 +(2e-02,2e-02) | 3.46e+01 |  3:4.1e-04  8:2.9e-03
  418 ,   4181 : 2.9728742676087e+00 +(1e-02,1e-02) | 3.48e+01 |  3:4.0e-04  8:2.9e-03
  419 ,   4191 : 2.9672393942769e+00 +(2e-02,2e-02) | 3.48e+01 |  3:4.2e-04  8:3.1e-03
Iterat, #Fevals:   Function Value    (median,worst) |Axis Ratio|idx:Min SD idx:Max SD
  420 ,   4201 : 2.9682018741409e+00 +(7e-03,2e-02) | 3.49e+01 |  3:5.0e-04  8:3.5e-03
  421 ,   4211 : 2.9681950977303e+00 +(9e-03,2e-02) | 3.61e+01 |  3:5.3e-04  8:3.6e-03
  422 ,   4221 : 2.9683234519968e+00 +(1e-02,2e-02) | 3.65e+01 |  3:5.4e-04  8:3.6e-03
  423 ,   4231 : 2.9683483182484e+00 +(2e-02,2e-02) | 3.66e+01 |  3:5.3e-04  6:3.5e-03
  424 ,   4241 : 2.9692656402844e+00 +(1e-02,2e-02) | 3.79e+01 |  3:5.2e-04  6:3.5e-03
  425 ,   4251 : 2.9669441681813e+00 +(2e-02,2e-02) | 3.86e+01 |  3:5.4e-04  6:3.9e-03
  426 ,   4261 : 2.9687500366813e+00 +(1e-02,2e-02) | 3.98e+01 |  3:5.1e-04  6:3.7e-03
  427 ,   4271 : 2.9647196165441e+00 +(9e-03,2e-02) | 4.04e+01 |  3:5.0e-04  6:3.6e-03
  428 ,   4281 : 2.9693920559782e+00 +(1e-02,2e-02) | 4.03e+01 |  3:5.1e-04  6:3.6e-03
  429 ,   4291 : 2.9682634428458e+00 +(6e-03,2e-02) | 4.03e+01 |  3:4.9e-04  6:3.4e-03
Iterat, #Fevals:   Function Value    (median,worst) |Axis Ratio|idx:Min SD idx:Max SD
  430 ,   4301 : 2.9676332626326e+00 +(1e-02,2e-02) | 4.06e+01 |  3:4.6e-04  6:3.2e-03
  431 ,   4311 : 2.9677922053314e+00 +(8e-03,2e-02) | 4.02e+01 |  3:4.7e-04  6:3.1e-03
  432 ,   4321 : 2.9672356619211e+00 +(1e-02,2e-02) | 4.03e+01 |  3:4.3e-04  6:2.9e-03
  433 ,   4331 : 2.9677926633964e+00 +(2e-02,2e-02) | 4.02e+01 |  3:4.5e-04  6:3.0e-03
  434 ,   4341 : 2.9683292885399e+00 +(7e-03,2e-02) | 4.03e+01 |  3:5.0e-04  6:3.2e-03
  435 ,   4351 : 2.9668578881759e+00 +(2e-02,2e-02) | 4.25e+01 |  3:5.1e-04  6:3.4e-03
  436 ,   4361 : 2.9679801083219e+00 +(2e-02,3e-02) | 4.28e+01 |  3:5.2e-04  8:3.5e-03
  437 ,   4371 : 2.9701377924042e+00 +(2e-02,2e-02) | 4.24e+01 |  3:5.8e-04  6:3.9e-03
  438 ,   4381 : 2.9690924693390e+00 +(7e-03,2e-02) | 4.23e+01 |  3:5.7e-04  6:3.7e-03
  439 ,   4391 : 2.9725227092869e+00 +(1e-02,2e-02) | 4.35e+01 |  3:5.3e-04  6:3.6e-03
Iterat, #Fevals:   Function Value    (median,worst) |Axis Ratio|idx:Min SD idx:Max SD
  440 ,   4401 : 2.9737436937417e+00 +(1e-02,2e-02) | 4.32e+01 |  3:5.4e-04  8:3.7e-03
  441 ,   4411 : 2.9686224585820e+00 +(2e-02,2e-02) | 4.34e+01 |  3:5.9e-04  6:3.7e-03
  442 ,   4421 : 2.9717492095742e+00 +(2e-02,2e-02) | 4.37e+01 |  3:6.6e-04  6:4.2e-03
  443 ,   4431 : 2.9722402773412e+00 +(7e-03,2e-02) | 4.42e+01 |  3:7.3e-04  6:4.6e-03
  444 ,   4441 : 2.9762112934088e+00 +(1e-02,2e-02) | 4.42e+01 |  3:7.3e-04  6:4.6e-03
  445 ,   4451 : 2.9724065155830e+00 +(1e-02,2e-02) | 4.67e+01 |  3:7.9e-04  6:5.1e-03
  446 ,   4461 : 2.9802713561221e+00 +(1e-02,1e-02) | 4.85e+01 |  3:8.3e-04  6:5.4e-03
  447 ,   4471 : 2.9713487508665e+00 +(2e-02,2e-02) | 5.06e+01 |  3:9.1e-04  6:6.1e-03
  448 ,   4481 : 2.9747009532283e+00 +(2e-02,2e-02) | 5.07e+01 |  3:9.5e-04  6:6.4e-03
  449 ,   4491 : 2.9707903259043e+00 +(2e-02,2e-02) | 5.34e+01 |  3:1.0e-03  6:7.5e-03
Iterat, #Fevals:   Function Value    (median,worst) |Axis Ratio|idx:Min SD idx:Max SD
  450 ,   4501 : 2.9673697491870e+00 +(2e-02,3e-02) | 5.54e+01 |  3:1.2e-03  6:9.7e-03
  451 ,   4511 : 2.9684287789460e+00 +(2e-02,3e-02) | 5.63e+01 |  3:1.4e-03  6:1.1e-02
  452 ,   4521 : 2.9681741645938e+00 +(2e-02,2e-02) | 5.66e+01 |  3:1.3e-03  6:1.0e-02
  453 ,   4531 : 2.9708586343221e+00 +(1e-02,2e-02) | 5.71e+01 |  3:1.3e-03  6:9.9e-03
  454 ,   4541 : 2.9669589565332e+00 +(1e-02,2e-02) | 5.82e+01 |  3:1.2e-03  6:9.7e-03
  455 ,   4551 : 2.9685625988332e+00 +(2e-02,2e-02) | 5.82e+01 |  3:1.2e-03  6:9.5e-03
  456 ,   4561 : 2.9693867528924e+00 +(2e-02,2e-02) | 5.94e+01 |  3:1.1e-03  6:9.0e-03
  457 ,   4571 : 2.9744836534787e+00 +(1e-02,1e-02) | 6.00e+01 |  3:1.1e-03  6:8.6e-03
  458 ,   4581 : 2.9706996511072e+00 +(1e-02,2e-02) | 5.98e+01 |  3:9.9e-04  6:8.0e-03
  459 ,   4591 : 2.9678861775524e+00 +(1e-02,2e-02) | 6.05e+01 |  3:1.1e-03  6:9.2e-03
Iterat, #Fevals:   Function Value    (median,worst) |Axis Ratio|idx:Min SD idx:Max SD
  460 ,   4601 : 2.9654915231666e+00 +(2e-02,2e-02) | 6.07e+01 |  3:1.1e-03  6:9.4e-03
  461 ,   4611 : 2.9681470341616e+00 +(1e-02,2e-02) | 6.05e+01 |  3:1.1e-03  6:9.7e-03
  462 ,   4621 : 2.9694657348265e+00 +(1e-02,2e-02) | 6.06e+01 |  3:1.1e-03  6:9.4e-03
  463 ,   4631 : 2.9677077906437e+00 +(2e-02,3e-02) | 6.11e+01 |  3:1.1e-03  6:9.4e-03
  464 ,   4641 : 2.9685211327550e+00 +(2e-02,2e-02) | 6.24e+01 |  3:1.1e-03  6:9.6e-03
  465 ,   4651 : 2.9656856575847e+00 +(1e-02,2e-02) | 6.15e+01 |  3:1.2e-03  6:9.8e-03
  466 ,   4661 : 2.9705517838452e+00 +(1e-02,2e-02) | 6.22e+01 |  3:1.3e-03  6:1.0e-02
  467 ,   4671 : 2.9673345122816e+00 +(1e-02,2e-02) | 5.82e+01 |  3:1.4e-03  6:1.1e-02
  468 ,   4681 : 2.9681088525671e+00 +(1e-02,2e-02) | 5.79e+01 |  3:1.5e-03  6:1.2e-02
  469 ,   4691 : 2.9637687084189e+00 +(2e-02,3e-02) | 5.78e+01 |  3:1.4e-03  6:1.1e-02
Iterat, #Fevals:   Function Value    (median,worst) |Axis Ratio|idx:Min SD idx:Max SD
  470 ,   4701 : 2.9692553321802e+00 +(1e-02,2e-02) | 6.03e+01 |  3:1.4e-03  6:1.2e-02
  471 ,   4711 : 2.9687724425028e+00 +(2e-02,3e-02) | 5.85e+01 |  3:1.4e-03  6:1.2e-02
  472 ,   4721 : 2.9703077534579e+00 +(2e-02,2e-02) | 5.56e+01 |  3:1.5e-03  6:1.2e-02
  473 ,   4731 : 2.9677014170667e+00 +(1e-02,2e-02) | 5.36e+01 |  3:1.4e-03  6:1.2e-02
  474 ,   4741 : 2.9697767543816e+00 +(1e-02,2e-02) | 5.11e+01 |  3:1.5e-03  6:1.2e-02
  475 ,   4751 : 2.9700912684706e+00 +(1e-02,2e-02) | 5.10e+01 |  3:1.6e-03  6:1.3e-02
  476 ,   4761 : 2.9671128266489e+00 +(2e-02,3e-02) | 5.29e+01 |  3:1.5e-03  6:1.3e-02
  477 ,   4771 : 2.9672332106106e+00 +(1e-02,2e-02) | 5.17e+01 |  3:1.5e-03  6:1.2e-02
  478 ,   4781 : 2.9724740678636e+00 +(5e-03,2e-02) | 5.12e+01 |  3:1.4e-03  6:1.1e-02
  479 ,   4791 : 2.9708381994410e+00 +(1e-02,2e-02) | 5.18e+01 |  3:1.4e-03  6:1.1e-02
Iterat, #Fevals:   Function Value    (median,worst) |Axis Ratio|idx:Min SD idx:Max SD
  480 ,   4801 : 2.9682351553841e+00 +(2e-02,2e-02) | 5.36e+01 |  3:1.3e-03  6:1.1e-02
  481 ,   4811 : 2.9703907405254e+00 +(1e-02,2e-02) | 5.70e+01 |  3:1.3e-03  6:1.2e-02
  482 ,   4821 : 2.9659357341707e+00 +(1e-02,2e-02) | 5.93e+01 |  3:1.4e-03  6:1.3e-02
  483 ,   4831 : 2.9676699758203e+00 +(2e-02,2e-02) | 6.17e+01 |  3:1.6e-03  6:1.5e-02
  484 ,   4841 : 2.9656974032673e+00 +(2e-02,2e-02) | 5.91e+01 |  3:1.8e-03  6:1.7e-02
  485 ,   4851 : 2.9675660205345e+00 +(1e-02,2e-02) | 5.93e+01 |  3:1.7e-03  6:1.7e-02
  486 ,   4861 : 2.9695355287594e+00 +(2e-02,2e-02) | 5.97e+01 |  3:1.7e-03  6:1.7e-02
  487 ,   4871 : 2.9650670280230e+00 +(2e-02,3e-02) | 5.96e+01 |  3:1.5e-03  6:1.5e-02
  488 ,   4881 : 2.9819294047298e+00 +(3e-03,9e-03) | 6.08e+01 |  3:1.4e-03  6:1.4e-02
  489 ,   4891 : 2.9671488060538e+00 +(9e-03,2e-02) | 6.09e+01 |  3:1.2e-03  6:1.3e-02
Iterat, #Fevals:   Function Value    (median,worst) |Axis Ratio|idx:Min SD idx:Max SD
  490 ,   4901 : 2.9688815106864e+00 +(9e-03,2e-02) | 6.03e+01 |  3:1.3e-03  6:1.3e-02
  491 ,   4911 : 2.9688003908510e+00 +(9e-03,2e-02) | 6.03e+01 |  3:1.4e-03  6:1.4e-02
  492 ,   4921 : 2.9695210023004e+00 +(1e-02,2e-02) | 5.97e+01 |  3:1.5e-03  6:1.5e-02
  493 ,   4931 : 2.9700793717824e+00 +(1e-02,2e-02) | 6.11e+01 |  3:1.6e-03  6:1.7e-02
  494 ,   4941 : 2.9755215610649e+00 +(1e-02,2e-02) | 6.21e+01 |  3:1.8e-03  6:1.9e-02
  495 ,   4951 : 2.9709582932544e+00 +(2e-02,3e-02) | 6.27e+01 |  3:1.8e-03  6:1.9e-02
  496 ,   4961 : 2.9684677090914e+00 +(5e-03,2e-02) | 6.33e+01 |  3:1.8e-03  6:2.0e-02
  497 ,   4971 : 2.9629517748319e+00 +(2e-02,3e-02) | 6.40e+01 |  3:1.9e-03  6:2.1e-02
  498 ,   4981 : 2.9679703888725e+00 +(2e-02,3e-02) | 6.44e+01 |  3:1.9e-03  6:2.1e-02
  499 ,   4991 : 2.9656174757390e+00 +(2e-02,2e-02) | 6.53e+01 |  3:2.0e-03  6:2.3e-02
Iterat, #Fevals:   Function Value    (median,worst) |Axis Ratio|idx:Min SD idx:Max SD
  500 ,   5001 : 2.9701715798343e+00 +(2e-02,3e-02) | 6.20e+01 |  3:2.1e-03  6:2.4e-02
  501 ,   5011 : 2.9785328160233e+00 +(1e-02,1e-02) | 6.16e+01 |  3:2.3e-03  6:2.6e-02
  502 ,   5021 : 2.9679120214432e+00 +(9e-03,3e-02) | 6.07e+01 |  3:2.2e-03  6:2.5e-02
  503 ,   5031 : 2.9700160305991e+00 +(1e-02,2e-02) | 6.28e+01 |  3:2.2e-03  6:2.7e-02
  504 ,   5041 : 2.9646506958959e+00 +(2e-02,2e-02) | 6.41e+01 |  3:2.1e-03  6:2.7e-02
  505 ,   5051 : 2.9734623971847e+00 +(1e-02,3e-02) | 6.36e+01 |  3:2.0e-03  6:2.5e-02
  506 ,   5061 : 2.9700015049008e+00 +(1e-02,2e-02) | 6.36e+01 |  3:2.0e-03  6:2.5e-02
  507 ,   5071 : 2.9682825201078e+00 +(2e-02,3e-02) | 6.63e+01 |  3:2.0e-03  6:2.7e-02
  508 ,   5081 : 2.9665133149564e+00 +(1e-02,2e-02) | 6.89e+01 |  3:2.2e-03  6:3.1e-02
  509 ,   5091 : 2.9679080246278e+00 +(2e-02,2e-02) | 7.06e+01 |  3:2.6e-03  6:3.5e-02
Iterat, #Fevals:   Function Value    (median,worst) |Axis Ratio|idx:Min SD idx:Max SD
  510 ,   5101 : 2.9640511939062e+00 +(2e-02,3e-02) | 7.35e+01 |  3:2.9e-03  6:3.9e-02
  511 ,   5111 : 2.9734159476072e+00 +(1e-02,2e-02) | 7.49e+01 |  3:3.4e-03  6:4.5e-02
  512 ,   5121 : 2.9712772353613e+00 +(1e-02,2e-02) | 7.65e+01 |  3:3.4e-03  6:4.6e-02
#Fevals:   f(returned x)   |    bestever.f     | stopflag (saved to variablescmaes4.mat)
   5122: 2.97127723536e+00 | 2.96295177483e+00 | stagnation
mean solution: +1.2e+01 +2.4e+00 +1.7e+00 +1.9e+00 +1.2e+01 +7.8e+00 +1.1e+00 +7.3e+00 +1.1e+00
std deviation:  1.9e-02  4.3e-03  3.4e-03  1.9e-02  2.0e-02  4.6e-02  2.1e-02  2.7e-02  2.1e-02
use plotcmaesdat.m for plotting the output at any time (option LogModulo must not be zero)
