
                            < M A T L A B (R) >
                  Copyright 1984-2015 The MathWorks, Inc.
                   R2015a (8.5.0.197613) 64-bit (glnxa64)
                             February 12, 2015

 
For online documentation, see http://www.mathworks.com/support
For product information, visit www.mathworks.com.
 

	Academic License

  n=9: (5,10)-CMA-ES(w=[46 27 16 9 3]%, mu_eff=3.2) on function Error
Iterat, #Fevals:   Function Value    (median,worst) |Axis Ratio|idx:Min SD idx:Max SD
    1 ,     11 : 5.0455389378446e+01 +(8e+02,2e+15) | 2.00e+01 |  3:8.0e-01  8:1.6e+01
    2 ,     21 : 2.5096305286541e+01 +(3e+01,1e+08) | 1.98e+01 |  3:7.0e-01  8:1.4e+01
    3 ,     31 : 9.0285776502527e+00 +(4e+01,3e+10) | 1.95e+01 |  3:6.7e-01  8:1.3e+01
    4 ,     41 : 3.8810143689158e+01 +(1e+01,1e+01) | 2.02e+01 |  3:7.3e-01  8:1.4e+01
    5 ,     51 : 8.3999061896410e+00 +(4e+01,7e+04) | 2.05e+01 |  3:7.4e-01  8:1.5e+01
    6 ,     61 : 8.0394663014361e+00 +(4e+01,1e+06) | 2.13e+01 |  3:7.2e-01  8:1.5e+01
    7 ,     71 : 1.7693133335100e+01 +(3e+01,3e+01) | 2.27e+01 |  3:7.0e-01  8:1.5e+01
    8 ,     81 : 4.0507533885139e+01 +(1e+01,2e+06) | 2.33e+01 |  3:6.5e-01  8:1.4e+01
    9 ,     91 : 4.0156699946561e+01 +(1e+01,2e+04) | 2.35e+01 |  3:6.4e-01  7:1.4e+01
Iterat, #Fevals:   Function Value    (median,worst) |Axis Ratio|idx:Min SD idx:Max SD
   10 ,    101 : 4.1373909617414e+01 +(1e+01,1e+01) | 2.36e+01 |  3:6.1e-01  7:1.3e+01
   11 ,    111 : 4.5134729210532e+01 +(6e+00,2e+01) | 2.34e+01 |  3:5.9e-01  7:1.3e+01
   12 ,    121 : 4.6589477018484e+01 +(5e+00,5e+00) | 2.36e+01 |  3:5.2e-01  7:1.1e+01
   13 ,    131 : 4.6289960447346e+01 +(5e+00,5e+00) | 2.46e+01 |  3:4.7e-01  7:1.1e+01
   14 ,    141 : 3.9776246753163e+01 +(8e+00,2e+02) | 2.42e+01 |  3:4.5e-01  7:1.0e+01
   15 ,    151 : 2.2189943770199e+01 +(3e+01,2e+07) | 2.37e+01 |  2:4.5e-01  7:1.0e+01
   16 ,    161 : 1.1473847676437e+01 +(3e+01,4e+01) | 2.37e+01 |  3:4.5e-01  7:9.9e+00
   17 ,    171 : 1.0296014309163e+01 +(4e+01,4e+08) | 2.36e+01 |  2:4.0e-01  7:8.9e+00
   18 ,    181 : 2.0117299075803e+01 +(2e+01,1e+02) | 2.34e+01 |  2:3.9e-01  7:8.7e+00
   19 ,    191 : 1.1484840217201e+01 +(2e+01,3e+05) | 2.34e+01 |  2:4.2e-01  7:9.1e+00
Iterat, #Fevals:   Function Value    (median,worst) |Axis Ratio|idx:Min SD idx:Max SD
   20 ,    201 : 1.0827969333943e+01 +(1e+02,1e+07) | 2.35e+01 |  2:4.4e-01  7:9.5e+00
   21 ,    211 : 9.3579689655129e+00 +(9e+00,6e+07) | 2.37e+01 |  2:4.1e-01  7:9.0e+00
   22 ,    221 : 5.4550510948877e+00 +(8e+01,1e+05) | 2.43e+01 |  2:4.1e-01  7:9.0e+00
   23 ,    231 : 1.1366830730835e+01 +(2e+01,1e+06) | 2.46e+01 |  2:3.8e-01  7:8.4e+00
   24 ,    241 : 3.3790572605028e+01 +(3e+02,5e+07) | 2.40e+01 |  2:4.0e-01  7:8.8e+00
   25 ,    251 : 2.9682307826706e+01 +(2e+01,1e+02) | 2.39e+01 |  2:3.8e-01  7:8.3e+00
   26 ,    261 : 1.6122857605104e+01 +(3e+01,3e+01) | 2.40e+01 |  2:3.9e-01  7:8.8e+00
   27 ,    271 : 7.6618483545190e+00 +(1e+01,3e+01) | 2.46e+01 |  2:4.1e-01  7:9.4e+00
   28 ,    281 : 9.4468276895637e+00 +(3e+01,1e+02) | 2.44e+01 |  2:4.0e-01  7:8.9e+00
   29 ,    291 : 7.7896818081410e+00 +(3e+01,2e+05) | 2.44e+01 |  2:3.9e-01  7:8.7e+00
Iterat, #Fevals:   Function Value    (median,worst) |Axis Ratio|idx:Min SD idx:Max SD
   30 ,    301 : 1.2280765162052e+01 +(4e+01,6e+01) | 2.46e+01 |  2:3.6e-01  7:8.2e+00
   31 ,    311 : 9.7497717616093e+00 +(3e+01,3e+02) | 2.44e+01 |  2:3.4e-01  7:7.6e+00
   32 ,    321 : 8.0628772901864e+00 +(4e+01,8e+02) | 2.38e+01 |  2:3.4e-01  7:7.4e+00
   33 ,    331 : 6.7412392798883e+00 +(2e+01,3e+02) | 2.37e+01 |  2:3.5e-01  7:7.6e+00
   34 ,    341 : 6.5309188030355e+00 +(1e+02,1e+07) | 2.39e+01 |  2:3.5e-01  7:7.8e+00
   35 ,    351 : 5.6379574980951e+00 +(1e+01,2e+05) | 2.37e+01 |  2:3.4e-01  7:7.5e+00
   36 ,    361 : 1.9920212834443e+01 +(3e+03,2e+05) | 2.37e+01 |  2:3.4e-01  7:7.3e+00
   37 ,    371 : 6.2794073556545e+00 +(4e+01,6e+04) | 2.34e+01 |  2:3.3e-01  7:7.0e+00
   38 ,    381 : 6.2838004084766e+00 +(5e+01,4e+04) | 2.29e+01 |  2:3.1e-01  7:6.5e+00
   39 ,    391 : 8.2534755823402e+00 +(3e+01,5e+04) | 2.28e+01 |  2:2.9e-01  7:6.2e+00
Iterat, #Fevals:   Function Value    (median,worst) |Axis Ratio|idx:Min SD idx:Max SD
   40 ,    401 : 5.3438672425778e+00 +(4e+01,3e+04) | 2.25e+01 |  2:2.9e-01  7:6.0e+00
   41 ,    411 : 6.2767069263711e+00 +(4e+01,5e+03) | 2.21e+01 |  2:2.8e-01  7:5.7e+00
   42 ,    421 : 1.5767133765037e+01 +(3e+01,3e+05) | 2.22e+01 |  2:2.5e-01  7:5.0e+00
   43 ,    431 : 1.0462360754773e+01 +(2e+01,1e+05) | 2.16e+01 |  3:2.5e-01  7:4.7e+00
   44 ,    441 : 1.1401001812644e+01 +(2e+01,1e+03) | 2.18e+01 |  3:2.4e-01  7:4.5e+00
   45 ,    451 : 7.6256905190055e+00 +(2e+01,2e+04) | 2.16e+01 |  3:2.4e-01  7:4.5e+00
   46 ,    461 : 7.3135351586672e+00 +(9e+01,1e+05) | 2.17e+01 |  3:2.2e-01  7:4.2e+00
   47 ,    471 : 6.9103864397295e+00 +(1e+01,2e+01) | 2.14e+01 |  2:2.2e-01  7:4.0e+00
   48 ,    481 : 8.2092052021830e+00 +(3e+01,2e+03) | 2.12e+01 |  3:1.9e-01  7:3.4e+00
   49 ,    491 : 6.2454708978557e+00 +(1e+01,3e+01) | 2.13e+01 |  3:1.6e-01  7:2.9e+00
Iterat, #Fevals:   Function Value    (median,worst) |Axis Ratio|idx:Min SD idx:Max SD
   50 ,    501 : 7.7579470135130e+00 +(8e+00,2e+04) | 2.18e+01 |  2:1.6e-01  7:3.0e+00
   51 ,    511 : 5.9810965457499e+00 +(6e+00,1e+01) | 2.19e+01 |  2:1.3e-01  7:2.4e+00
   52 ,    521 : 6.1719095561796e+00 +(7e+00,1e+01) | 2.17e+01 |  2:1.1e-01  7:2.1e+00
   53 ,    531 : 6.4701988202477e+00 +(5e+00,6e+01) | 2.21e+01 |  3:1.2e-01  7:2.1e+00
   54 ,    541 : 5.6504605858928e+00 +(2e+01,6e+02) | 2.23e+01 |  3:1.2e-01  7:2.2e+00
   55 ,    551 : 5.5073407353229e+00 +(7e+00,6e+01) | 2.19e+01 |  3:1.3e-01  7:2.3e+00
   56 ,    561 : 6.2218453802557e+00 +(1e+01,9e+01) | 2.19e+01 |  3:1.4e-01  8:2.4e+00
   57 ,    571 : 5.6699002355961e+00 +(1e+01,4e+04) | 2.20e+01 |  3:1.6e-01  8:2.9e+00
   58 ,    581 : 1.0430509091577e+01 +(8e+00,3e+03) | 2.22e+01 |  3:1.5e-01  8:2.7e+00
   59 ,    591 : 6.6765073479573e+00 +(6e+00,4e+02) | 2.18e+01 |  3:1.4e-01  7:2.5e+00
Iterat, #Fevals:   Function Value    (median,worst) |Axis Ratio|idx:Min SD idx:Max SD
   60 ,    601 : 6.7683817822890e+00 +(2e+01,7e+04) | 2.01e+01 |  3:1.6e-01  7:2.6e+00
   61 ,    611 : 5.6173594153608e+00 +(2e+00,8e+00) | 2.03e+01 |  3:1.8e-01  8:2.8e+00
   62 ,    621 : 5.4965663512452e+00 +(1e+01,2e+04) | 2.04e+01 |  3:1.8e-01  8:2.8e+00
   63 ,    631 : 6.3915547726719e+00 +(2e+01,1e+04) | 2.02e+01 |  3:1.8e-01  8:2.9e+00
   64 ,    641 : 5.3565984775730e+00 +(9e+00,6e+01) | 2.14e+01 |  3:1.9e-01  8:3.2e+00
   65 ,    651 : 6.5094520605909e+00 +(2e+00,3e+01) | 2.15e+01 |  3:2.0e-01  8:3.2e+00
   66 ,    661 : 8.0503701447436e+00 +(2e+03,2e+04) | 2.17e+01 |  3:1.9e-01  8:3.1e+00
   67 ,    671 : 6.7712051368749e+00 +(2e+02,1e+03) | 2.16e+01 |  3:1.7e-01  8:2.7e+00
   68 ,    681 : 8.7204995402569e+00 +(9e+00,2e+02) | 2.16e+01 |  3:1.6e-01  8:2.6e+00
   69 ,    691 : 6.0208381613610e+00 +(7e+00,1e+03) | 2.13e+01 |  3:1.4e-01  8:2.2e+00
Iterat, #Fevals:   Function Value    (median,worst) |Axis Ratio|idx:Min SD idx:Max SD
   70 ,    701 : 6.6733762577698e+00 +(7e+00,2e+03) | 2.13e+01 |  3:1.2e-01  8:2.0e+00
   71 ,    711 : 5.8162381686309e+00 +(7e+00,3e+03) | 2.18e+01 |  3:1.3e-01  8:2.1e+00
   72 ,    721 : 5.4967372046778e+00 +(7e+00,9e+03) | 2.21e+01 |  3:1.3e-01  8:2.2e+00
   73 ,    731 : 7.1717200643076e+00 +(6e+00,1e+03) | 2.20e+01 |  3:1.2e-01  8:2.0e+00
   74 ,    741 : 5.4395324488617e+00 +(2e+00,3e+01) | 2.14e+01 |  3:1.2e-01  8:1.9e+00
   75 ,    751 : 6.5555588072211e+00 +(4e+00,1e+01) | 2.14e+01 |  3:1.1e-01  8:1.7e+00
   76 ,    761 : 5.3698525061870e+00 +(8e+00,1e+02) | 2.14e+01 |  3:1.1e-01  8:1.7e+00
   77 ,    771 : 5.2313241358316e+00 +(1e+01,5e+02) | 2.18e+01 |  3:1.0e-01  8:1.5e+00
   78 ,    781 : 5.2682727622827e+00 +(2e+00,1e+01) | 2.15e+01 |  3:9.6e-02  8:1.5e+00
   79 ,    791 : 5.2749635952309e+00 +(1e+00,1e+02) | 2.14e+01 |  3:1.0e-01  8:1.5e+00
Iterat, #Fevals:   Function Value    (median,worst) |Axis Ratio|idx:Min SD idx:Max SD
   80 ,    801 : 5.4981894568891e+00 +(3e+00,3e+04) | 2.25e+01 |  3:1.1e-01  8:1.6e+00
   81 ,    811 : 5.4545387618404e+00 +(3e+00,7e+00) | 2.22e+01 |  3:1.1e-01  8:1.6e+00
   82 ,    821 : 5.5648777116628e+00 +(2e+00,1e+01) | 2.17e+01 |  3:1.1e-01  8:1.6e+00
   83 ,    831 : 5.2364869201290e+00 +(2e+00,1e+01) | 2.14e+01 |  3:9.7e-02  8:1.4e+00
   84 ,    841 : 5.3658382704164e+00 +(2e+00,2e+01) | 2.15e+01 |  2:9.3e-02  8:1.3e+00
   85 ,    851 : 5.4401414405124e+00 +(6e+00,7e+01) | 2.10e+01 |  2:8.9e-02  8:1.3e+00
   86 ,    861 : 5.2950061140667e+00 +(3e+00,1e+01) | 2.10e+01 |  2:9.3e-02  8:1.3e+00
   87 ,    871 : 5.4814031514600e+00 +(2e+00,5e+01) | 2.11e+01 |  2:9.2e-02  8:1.3e+00
   88 ,    881 : 5.1902192490958e+00 +(3e+00,1e+01) | 2.18e+01 |  2:9.8e-02  8:1.3e+00
   89 ,    891 : 5.0924585241973e+00 +(2e+00,1e+01) | 2.18e+01 |  2:9.6e-02  8:1.3e+00
Iterat, #Fevals:   Function Value    (median,worst) |Axis Ratio|idx:Min SD idx:Max SD
   90 ,    901 : 5.2391910813605e+00 +(3e+00,6e+01) | 2.21e+01 |  2:8.9e-02  8:1.2e+00
   91 ,    911 : 5.2671184721919e+00 +(4e+00,1e+01) | 2.21e+01 |  2:7.7e-02  8:1.0e+00
   92 ,    921 : 5.0761447288105e+00 +(6e-01,4e+00) | 2.22e+01 |  2:6.7e-02  8:9.2e-01
   93 ,    931 : 5.1791796814247e+00 +(8e-01,4e+00) | 2.27e+01 |  2:6.5e-02  8:9.1e-01
   94 ,    941 : 5.0803110105817e+00 +(1e+00,5e+00) | 2.32e+01 |  2:6.4e-02  8:8.9e-01
   95 ,    951 : 5.0083765753121e+00 +(5e-01,2e+00) | 2.40e+01 |  2:6.5e-02  8:9.3e-01
   96 ,    961 : 5.2738596572715e+00 +(1e+00,6e+00) | 2.39e+01 |  2:6.9e-02  8:1.0e+00
   97 ,    971 : 5.0964760192382e+00 +(1e+00,1e+01) | 2.40e+01 |  2:7.1e-02  8:1.0e+00
   98 ,    981 : 5.1423342210202e+00 +(1e+00,4e+00) | 2.43e+01 |  2:7.0e-02  8:9.9e-01
   99 ,    991 : 5.2051280231605e+00 +(2e+00,4e+00) | 2.39e+01 |  3:8.0e-02  8:1.1e+00
Iterat, #Fevals:   Function Value    (median,worst) |Axis Ratio|idx:Min SD idx:Max SD
  100 ,   1001 : 5.3032457715656e+00 +(1e+00,9e+00) | 2.40e+01 |  3:8.6e-02  8:1.2e+00
  101 ,   1011 : 5.1209503944294e+00 +(7e-01,6e+00) | 2.39e+01 |  3:8.8e-02  8:1.2e+00
  102 ,   1021 : 5.1582800372750e+00 +(1e+00,9e+00) | 2.40e+01 |  3:8.3e-02  8:1.1e+00
  103 ,   1031 : 5.2701100009769e+00 +(1e+00,5e+00) | 2.37e+01 |  3:7.6e-02  8:1.0e+00
  104 ,   1041 : 5.1098517597650e+00 +(8e-01,2e+00) | 2.36e+01 |  3:7.4e-02  8:1.0e+00
  105 ,   1051 : 5.1639982234721e+00 +(2e-01,2e+00) | 2.32e+01 |  3:7.7e-02  8:1.0e+00
  106 ,   1061 : 5.3809786432442e+00 +(2e+00,9e+00) | 2.33e+01 |  3:7.5e-02  8:9.7e-01
  107 ,   1071 : 4.9800333106552e+00 +(7e-01,8e+00) | 2.34e+01 |  3:7.9e-02  8:1.0e+00
  108 ,   1081 : 5.0275340659794e+00 +(6e-01,1e+00) | 2.28e+01 |  2:9.5e-02  8:1.2e+00
  109 ,   1091 : 4.9476792016869e+00 +(3e+00,1e+01) | 2.27e+01 |  2:9.8e-02  8:1.2e+00
Iterat, #Fevals:   Function Value    (median,worst) |Axis Ratio|idx:Min SD idx:Max SD
  110 ,   1101 : 4.9360412867783e+00 +(5e-01,2e+00) | 2.26e+01 |  3:1.0e-01  8:1.2e+00
  111 ,   1111 : 4.9924053318203e+00 +(9e-01,8e+00) | 2.23e+01 |  3:9.8e-02  8:1.2e+00
  112 ,   1121 : 4.9515694719828e+00 +(1e+00,4e+00) | 2.21e+01 |  3:9.9e-02  8:1.3e+00
  113 ,   1131 : 5.0189952979650e+00 +(9e-01,4e+00) | 2.25e+01 |  3:9.5e-02  8:1.2e+00
  114 ,   1141 : 4.9764567913692e+00 +(2e+00,1e+01) | 2.25e+01 |  3:9.5e-02  8:1.2e+00
  115 ,   1151 : 5.1903602737125e+00 +(2e+00,4e+00) | 2.36e+01 |  3:9.7e-02  8:1.3e+00
  116 ,   1161 : 5.3940969887000e+00 +(1e+00,7e+00) | 2.35e+01 |  3:9.9e-02  8:1.3e+00
  117 ,   1171 : 5.2758133745422e+00 +(2e+00,7e+00) | 2.32e+01 |  3:9.7e-02  8:1.3e+00
  118 ,   1181 : 5.2441417202631e+00 +(1e+00,5e+00) | 2.30e+01 |  3:8.4e-02  8:1.1e+00
  119 ,   1191 : 5.3184572871191e+00 +(8e-01,1e+01) | 2.28e+01 |  3:8.2e-02  8:1.1e+00
Iterat, #Fevals:   Function Value    (median,worst) |Axis Ratio|idx:Min SD idx:Max SD
  120 ,   1201 : 5.2762980822950e+00 +(3e-01,3e+00) | 2.28e+01 |  3:7.6e-02  8:1.0e+00
  121 ,   1211 : 5.0625639266588e+00 +(3e-01,1e+00) | 2.33e+01 |  3:7.1e-02  8:9.7e-01
  122 ,   1221 : 4.9842592545245e+00 +(7e-01,1e+00) | 2.31e+01 |  3:6.6e-02  8:8.9e-01
  123 ,   1231 : 4.9228475655266e+00 +(3e-01,1e+00) | 2.30e+01 |  3:6.9e-02  8:9.2e-01
  124 ,   1241 : 4.9902936223451e+00 +(7e-01,6e+00) | 2.31e+01 |  3:6.9e-02  8:9.2e-01
  125 ,   1251 : 5.2012475682514e+00 +(7e-01,9e+00) | 2.33e+01 |  3:6.5e-02  8:8.8e-01
  126 ,   1261 : 5.0208280786599e+00 +(4e-01,2e+00) | 2.36e+01 |  3:6.5e-02  8:8.9e-01
  127 ,   1271 : 5.0898454639271e+00 +(8e-01,5e+00) | 2.34e+01 |  3:6.2e-02  8:8.5e-01
  128 ,   1281 : 5.0087822133812e+00 +(2e-01,4e-01) | 2.41e+01 |  3:6.4e-02  8:9.0e-01
  129 ,   1291 : 4.9521155629147e+00 +(3e-01,4e+00) | 2.42e+01 |  3:6.5e-02  8:8.9e-01
Iterat, #Fevals:   Function Value    (median,worst) |Axis Ratio|idx:Min SD idx:Max SD
  130 ,   1301 : 5.0096219659417e+00 +(2e-01,1e+00) | 2.43e+01 |  3:6.2e-02  8:8.5e-01
  131 ,   1311 : 4.9445060149585e+00 +(3e-01,1e+00) | 2.52e+01 |  3:6.1e-02  8:8.5e-01
  132 ,   1321 : 4.9561407277853e+00 +(3e-01,3e+00) | 2.53e+01 |  3:5.8e-02  8:8.2e-01
  133 ,   1331 : 4.9477363114292e+00 +(3e-01,2e+00) | 2.55e+01 |  3:5.5e-02  8:7.6e-01
  134 ,   1341 : 4.9722807802794e+00 +(1e-01,5e-01) | 2.59e+01 |  3:5.3e-02  8:7.4e-01
  135 ,   1351 : 4.9900125493842e+00 +(7e-02,1e+00) | 2.61e+01 |  3:4.9e-02  8:6.8e-01
  136 ,   1361 : 4.9704510496806e+00 +(1e-01,3e-01) | 2.60e+01 |  3:4.5e-02  8:6.1e-01
  137 ,   1371 : 4.8917545365660e+00 +(2e-01,8e-01) | 2.55e+01 |  3:4.5e-02  8:6.0e-01
  138 ,   1381 : 4.9191231955636e+00 +(2e-01,4e-01) | 2.60e+01 |  3:4.3e-02  8:5.9e-01
  139 ,   1391 : 4.8306862423570e+00 +(3e-01,5e-01) | 2.67e+01 |  3:4.4e-02  8:6.1e-01
Iterat, #Fevals:   Function Value    (median,worst) |Axis Ratio|idx:Min SD idx:Max SD
  140 ,   1401 : 4.8898204481770e+00 +(9e-02,4e-01) | 2.67e+01 |  3:4.2e-02  8:5.9e-01
  141 ,   1411 : 4.8649126642733e+00 +(1e-01,6e-01) | 2.66e+01 |  3:4.2e-02  8:5.9e-01
  142 ,   1421 : 4.9266049402725e+00 +(5e-02,7e-01) | 2.67e+01 |  3:4.1e-02  8:5.8e-01
  143 ,   1431 : 4.8465655345264e+00 +(1e-01,3e-01) | 2.75e+01 |  3:4.2e-02  8:5.9e-01
  144 ,   1441 : 4.8100741198230e+00 +(3e-01,5e-01) | 2.75e+01 |  3:4.4e-02  8:6.3e-01
  145 ,   1451 : 4.7944454882752e+00 +(2e-01,5e-01) | 2.72e+01 |  3:4.5e-02  8:6.3e-01
  146 ,   1461 : 4.8349050026314e+00 +(2e-01,8e-01) | 2.77e+01 |  3:4.2e-02  8:5.9e-01
  147 ,   1471 : 4.7863184922909e+00 +(9e-02,7e-01) | 2.83e+01 |  3:4.5e-02  8:6.4e-01
  148 ,   1481 : 4.6679164164055e+00 +(4e-01,2e+00) | 2.82e+01 |  3:4.8e-02  8:6.8e-01
  149 ,   1491 : 4.6495182809227e+00 +(1e-01,1e+00) | 2.81e+01 |  3:4.9e-02  8:6.9e-01
Iterat, #Fevals:   Function Value    (median,worst) |Axis Ratio|idx:Min SD idx:Max SD
  150 ,   1501 : 4.7148572374702e+00 +(3e-01,1e+00) | 2.78e+01 |  3:4.7e-02  8:6.5e-01
  151 ,   1511 : 4.5766884460060e+00 +(2e-01,1e+00) | 2.77e+01 |  3:4.5e-02  8:6.3e-01
  152 ,   1521 : 4.5634156933782e+00 +(2e-01,2e+00) | 2.83e+01 |  3:4.2e-02  8:5.9e-01
  153 ,   1531 : 4.5452298523144e+00 +(4e-01,1e+00) | 2.88e+01 |  3:3.9e-02  8:5.5e-01
  154 ,   1541 : 4.4575870102917e+00 +(3e-01,1e+00) | 3.00e+01 |  3:3.9e-02  8:5.5e-01
  155 ,   1551 : 4.4032898047024e+00 +(3e-01,5e-01) | 3.09e+01 |  3:4.0e-02  8:5.6e-01
  156 ,   1561 : 4.4619582903050e+00 +(2e-01,5e-01) | 3.10e+01 |  3:4.0e-02  8:5.6e-01
  157 ,   1571 : 4.3685075270907e+00 +(2e-01,4e-01) | 3.15e+01 |  3:4.2e-02  8:5.9e-01
  158 ,   1581 : 4.1776900976293e+00 +(3e-01,1e+00) | 3.29e+01 |  3:4.5e-02  8:6.2e-01
  159 ,   1591 : 4.3123459413274e+00 +(2e-01,1e+00) | 3.28e+01 |  3:4.5e-02  8:6.2e-01
Iterat, #Fevals:   Function Value    (median,worst) |Axis Ratio|idx:Min SD idx:Max SD
  160 ,   1601 : 4.1938035310541e+00 +(3e-01,4e-01) | 3.33e+01 |  3:4.3e-02  8:5.9e-01
  161 ,   1611 : 4.2574292661908e+00 +(9e-02,4e-01) | 3.36e+01 |  3:4.4e-02  9:6.2e-01
  162 ,   1621 : 4.1522298349651e+00 +(2e-01,4e+00) | 3.68e+01 |  3:4.7e-02  9:7.1e-01
  163 ,   1631 : 3.9937641663666e+00 +(3e-01,1e+01) | 3.87e+01 |  3:4.9e-02  9:7.7e-01
  164 ,   1641 : 3.7775820190266e+00 +(4e-01,7e+00) | 3.91e+01 |  3:4.8e-02  9:7.9e-01
  165 ,   1651 : 3.7548765890821e+00 +(1e+00,1e+01) | 3.96e+01 |  3:4.3e-02  9:7.2e-01
  166 ,   1661 : 3.5803880114819e+00 +(6e-01,8e+00) | 4.12e+01 |  3:4.1e-02  9:7.0e-01
  167 ,   1671 : 3.4988016952832e+00 +(1e+00,1e+01) | 4.28e+01 |  3:4.2e-02  9:7.2e-01
  168 ,   1681 : 3.6710595668141e+00 +(1e+00,6e+02) | 4.28e+01 |  3:4.3e-02  9:7.1e-01
  169 ,   1691 : 3.7320042920111e+00 +(2e+00,4e+01) | 4.28e+01 |  3:3.9e-02  9:6.5e-01
Iterat, #Fevals:   Function Value    (median,worst) |Axis Ratio|idx:Min SD idx:Max SD
  170 ,   1701 : 3.8296182355504e+00 +(2e+00,7e+00) | 4.23e+01 |  3:3.8e-02  9:6.2e-01
  171 ,   1711 : 3.8645021713013e+00 +(4e-01,4e+00) | 4.25e+01 |  3:3.6e-02  9:5.9e-01
  172 ,   1721 : 3.9247853927377e+00 +(3e+00,2e+01) | 4.26e+01 |  3:3.6e-02  9:5.9e-01
  173 ,   1731 : 3.5305298892204e+00 +(6e-01,1e+01) | 4.25e+01 |  3:3.1e-02  9:5.2e-01
  174 ,   1741 : 3.5417570970214e+00 +(9e-01,6e+00) | 4.38e+01 |  3:3.1e-02  8:5.2e-01
  175 ,   1751 : 3.4748079541107e+00 +(5e-01,9e+00) | 4.57e+01 |  3:3.2e-02  8:5.7e-01
  176 ,   1761 : 3.5789092774878e+00 +(1e+00,1e+01) | 4.63e+01 |  3:2.9e-02  8:5.3e-01
  177 ,   1771 : 3.2913856535374e+00 +(5e-01,1e+03) | 4.69e+01 |  3:2.7e-02  8:4.9e-01
  178 ,   1781 : 3.2851361689188e+00 +(1e+00,1e+01) | 4.75e+01 |  3:2.6e-02  8:4.8e-01
  179 ,   1791 : 3.7743604900749e+00 +(3e+00,2e+01) | 4.80e+01 |  3:2.6e-02  8:4.7e-01
Iterat, #Fevals:   Function Value    (median,worst) |Axis Ratio|idx:Min SD idx:Max SD
  180 ,   1801 : 3.4188882789278e+00 +(8e-01,2e+01) | 4.74e+01 |  3:2.7e-02  8:4.8e-01
  181 ,   1811 : 3.4918049174351e+00 +(9e-01,4e+02) | 4.91e+01 |  3:3.0e-02  8:5.7e-01
  182 ,   1821 : 3.4115341757354e+00 +(1e+00,6e+00) | 4.95e+01 |  3:2.9e-02  8:5.5e-01
  183 ,   1831 : 3.4419061713358e+00 +(7e-01,5e+02) | 4.73e+01 |  3:2.8e-02  8:5.1e-01
  184 ,   1841 : 3.5336451854101e+00 +(8e-01,1e+01) | 4.73e+01 |  3:2.4e-02  8:4.3e-01
  185 ,   1851 : 3.4849206927240e+00 +(2e-01,1e+01) | 4.65e+01 |  3:2.1e-02  8:3.8e-01
  186 ,   1861 : 3.3841878531768e+00 +(3e-01,2e+00) | 4.36e+01 |  3:2.2e-02  8:3.8e-01
  187 ,   1871 : 3.4330600234758e+00 +(2e-01,3e+00) | 4.20e+01 |  3:2.2e-02  8:3.8e-01
  188 ,   1881 : 3.3592566059383e+00 +(7e-01,8e+00) | 4.14e+01 |  3:2.3e-02  8:3.9e-01
  189 ,   1891 : 3.3220865305123e+00 +(9e-01,9e+01) | 4.21e+01 |  3:2.2e-02  8:3.8e-01
Iterat, #Fevals:   Function Value    (median,worst) |Axis Ratio|idx:Min SD idx:Max SD
  190 ,   1901 : 3.4528675552852e+00 +(4e-01,3e+03) | 4.17e+01 |  3:2.1e-02  8:3.6e-01
  191 ,   1911 : 3.3283239750344e+00 +(2e-01,1e+01) | 4.14e+01 |  3:2.0e-02  8:3.4e-01
  192 ,   1921 : 3.3011902026469e+00 +(1e+00,4e+00) | 4.13e+01 |  3:1.9e-02  8:3.1e-01
  193 ,   1931 : 3.3110003240979e+00 +(2e-01,8e-01) | 4.12e+01 |  3:1.8e-02  8:3.1e-01
  194 ,   1941 : 3.3316089588043e+00 +(5e-01,3e+00) | 4.13e+01 |  3:1.7e-02  8:2.9e-01
  195 ,   1951 : 3.3300843449919e+00 +(1e+00,3e+00) | 4.13e+01 |  3:1.5e-02  8:2.6e-01
  196 ,   1961 : 3.3281952854267e+00 +(4e-02,2e+00) | 4.03e+01 |  3:1.3e-02  8:2.3e-01
  197 ,   1971 : 3.3793962491384e+00 +(4e-01,9e-01) | 3.92e+01 |  3:1.4e-02  8:2.3e-01
  198 ,   1981 : 3.2717512665163e+00 +(2e-01,3e+00) | 3.89e+01 |  3:1.2e-02  8:2.1e-01
  199 ,   1991 : 3.2643519655308e+00 +(9e-02,2e-01) | 3.94e+01 |  3:1.2e-02  8:2.0e-01
Iterat, #Fevals:   Function Value    (median,worst) |Axis Ratio|idx:Min SD idx:Max SD
  200 ,   2001 : 3.3899502274274e+00 +(8e-02,9e-01) | 3.93e+01 |  3:1.3e-02  8:2.0e-01
  201 ,   2011 : 3.2843064909635e+00 +(2e-01,2e+00) | 3.98e+01 |  3:1.4e-02  8:2.0e-01
  202 ,   2021 : 3.2606338592962e+00 +(1e-01,1e+00) | 3.95e+01 |  3:1.3e-02  8:1.9e-01
  203 ,   2031 : 3.2160921886479e+00 +(2e-01,1e+00) | 3.93e+01 |  3:1.4e-02  8:2.0e-01
  204 ,   2041 : 3.2018294503539e+00 +(6e-01,2e+00) | 4.10e+01 |  3:1.3e-02  8:1.9e-01
  205 ,   2051 : 3.2113424597018e+00 +(1e-01,3e-01) | 4.10e+01 |  3:1.4e-02  8:1.9e-01
  206 ,   2061 : 3.2156525354066e+00 +(2e-02,9e-01) | 4.09e+01 |  3:1.2e-02  8:1.8e-01
  207 ,   2071 : 3.2083582874137e+00 +(7e-02,5e-01) | 4.07e+01 |  3:1.1e-02  8:1.6e-01
  208 ,   2081 : 3.2746009050608e+00 +(1e-01,8e-01) | 4.10e+01 |  3:1.0e-02  8:1.5e-01
  209 ,   2091 : 3.2216774000367e+00 +(2e-01,1e+00) | 4.06e+01 |  3:1.0e-02  8:1.4e-01
Iterat, #Fevals:   Function Value    (median,worst) |Axis Ratio|idx:Min SD idx:Max SD
  210 ,   2101 : 3.2118629934884e+00 +(6e-02,2e-01) | 4.02e+01 |  3:9.8e-03  8:1.4e-01
  211 ,   2111 : 3.2012428862927e+00 +(1e-01,4e-01) | 4.01e+01 |  3:9.2e-03  8:1.3e-01
  212 ,   2121 : 3.2085533301217e+00 +(4e-02,4e-01) | 3.98e+01 |  3:8.6e-03  8:1.2e-01
  213 ,   2131 : 3.1988251669936e+00 +(6e-02,2e-01) | 4.07e+01 |  3:8.0e-03  8:1.1e-01
  214 ,   2141 : 3.2037662522660e+00 +(8e-02,4e-01) | 4.08e+01 |  3:7.2e-03  8:1.0e-01
  215 ,   2151 : 3.2186208979334e+00 +(8e-02,2e-01) | 4.07e+01 |  3:6.4e-03  8:9.2e-02
  216 ,   2161 : 3.2137579383537e+00 +(3e-02,1e-01) | 4.07e+01 |  3:6.5e-03  8:9.1e-02
  217 ,   2171 : 3.1908126396690e+00 +(6e-02,2e-01) | 4.21e+01 |  3:7.1e-03  8:1.0e-01
  218 ,   2181 : 3.1850815786865e+00 +(3e-02,2e-01) | 4.13e+01 |  3:7.0e-03  8:9.8e-02
  219 ,   2191 : 3.1863456863568e+00 +(3e-02,3e-01) | 4.16e+01 |  3:6.6e-03  8:9.1e-02
Iterat, #Fevals:   Function Value    (median,worst) |Axis Ratio|idx:Min SD idx:Max SD
  220 ,   2201 : 3.1823404444331e+00 +(3e-02,2e-01) | 4.13e+01 |  3:5.9e-03  8:8.2e-02
  221 ,   2211 : 3.1734917298647e+00 +(4e-02,1e-01) | 4.11e+01 |  3:5.5e-03  8:7.6e-02
  222 ,   2221 : 3.1755606236021e+00 +(2e-02,6e-02) | 4.05e+01 |  3:5.6e-03  8:7.9e-02
  223 ,   2231 : 3.1848779510778e+00 +(3e-02,8e-02) | 4.04e+01 |  3:5.6e-03  8:7.8e-02
  224 ,   2241 : 3.1694998506385e+00 +(1e-02,1e-01) | 4.03e+01 |  3:6.0e-03  8:8.0e-02
  225 ,   2251 : 3.1666472941742e+00 +(3e-02,2e-01) | 4.08e+01 |  3:5.6e-03  8:7.6e-02
  226 ,   2261 : 3.1637164370494e+00 +(4e-02,2e-01) | 4.17e+01 |  3:5.7e-03  8:7.7e-02
  227 ,   2271 : 3.1675601594950e+00 +(2e-02,1e-01) | 4.52e+01 |  3:6.1e-03  8:8.7e-02
  228 ,   2281 : 3.1699864843435e+00 +(3e-02,2e-01) | 4.55e+01 |  3:5.8e-03  8:8.3e-02
  229 ,   2291 : 3.1736560497880e+00 +(7e-02,2e-01) | 4.55e+01 |  3:5.3e-03  8:7.6e-02
Iterat, #Fevals:   Function Value    (median,worst) |Axis Ratio|idx:Min SD idx:Max SD
  230 ,   2301 : 3.1555862058530e+00 +(5e-02,3e-01) | 4.57e+01 |  3:5.7e-03  8:8.3e-02
  231 ,   2311 : 3.1581865185218e+00 +(3e-02,8e-02) | 4.55e+01 |  3:6.2e-03  8:8.6e-02
  232 ,   2321 : 3.1667323834047e+00 +(4e-02,2e-01) | 4.63e+01 |  3:7.5e-03  8:1.1e-01
  233 ,   2331 : 3.1605607376785e+00 +(5e-03,1e-01) | 4.71e+01 |  3:8.2e-03  8:1.2e-01
  234 ,   2341 : 3.1517359649012e+00 +(6e-02,2e-01) | 4.74e+01 |  3:8.6e-03  8:1.2e-01
  235 ,   2351 : 3.1634483523292e+00 +(4e-02,3e-01) | 4.74e+01 |  2:9.0e-03  8:1.3e-01
  236 ,   2361 : 3.1639704003603e+00 +(5e-02,1e-01) | 4.78e+01 |  2:9.1e-03  8:1.3e-01
  237 ,   2371 : 3.1714510748439e+00 +(4e-02,1e-01) | 5.20e+01 |  2:9.7e-03  8:1.5e-01
  238 ,   2381 : 3.1624001011320e+00 +(6e-02,8e-01) | 5.51e+01 |  2:1.2e-02  8:1.8e-01
  239 ,   2391 : 3.1609700351919e+00 +(6e-02,2e-01) | 6.02e+01 |  2:1.3e-02  8:2.1e-01
Iterat, #Fevals:   Function Value    (median,worst) |Axis Ratio|idx:Min SD idx:Max SD
  240 ,   2401 : 3.1544965197712e+00 +(7e-02,1e-01) | 6.18e+01 |  2:1.5e-02  8:2.6e-01
  241 ,   2411 : 3.1434770995163e+00 +(1e-01,6e-01) | 6.55e+01 |  2:1.7e-02  8:3.0e-01
  242 ,   2421 : 3.1740481368789e+00 +(1e-01,7e-01) | 6.85e+01 |  2:1.9e-02  8:3.3e-01
  243 ,   2431 : 3.1619728665484e+00 +(1e-01,5e-01) | 6.98e+01 |  2:1.8e-02  8:3.2e-01
  244 ,   2441 : 3.1881885492041e+00 +(8e-02,6e-01) | 7.42e+01 |  2:2.0e-02  8:3.4e-01
  245 ,   2451 : 3.1628117360410e+00 +(2e-01,9e-01) | 7.47e+01 |  2:1.8e-02  8:3.1e-01
  246 ,   2461 : 3.1506156232312e+00 +(1e-01,8e-01) | 7.65e+01 |  2:1.7e-02  8:2.9e-01
  247 ,   2471 : 3.1529075208885e+00 +(1e-01,5e-01) | 7.86e+01 |  2:1.7e-02  8:3.1e-01
  248 ,   2481 : 3.1483444644757e+00 +(2e-01,3e-01) | 8.03e+01 |  2:1.8e-02  8:3.3e-01
  249 ,   2491 : 3.1930366475827e+00 +(6e-02,6e-01) | 8.03e+01 |  2:1.7e-02  8:3.3e-01
Iterat, #Fevals:   Function Value    (median,worst) |Axis Ratio|idx:Min SD idx:Max SD
  250 ,   2501 : 3.1663169258120e+00 +(8e-02,6e-01) | 7.98e+01 |  2:1.6e-02  8:3.1e-01
  251 ,   2511 : 3.1928456964401e+00 +(2e-01,1e+00) | 7.89e+01 |  2:1.7e-02  8:3.1e-01
  252 ,   2521 : 3.1925821828964e+00 +(6e-02,1e+00) | 8.18e+01 |  2:1.7e-02  8:3.1e-01
  253 ,   2531 : 3.1731306951075e+00 +(2e-01,1e+00) | 8.20e+01 |  2:1.6e-02  8:2.9e-01
  254 ,   2541 : 3.1480764215854e+00 +(2e-01,1e+00) | 8.02e+01 |  2:1.6e-02  8:3.0e-01
  255 ,   2551 : 3.1604423764168e+00 +(9e-02,8e-01) | 8.50e+01 |  2:1.7e-02  8:3.1e-01
  256 ,   2561 : 3.1738589580379e+00 +(6e-02,3e-01) | 8.44e+01 |  2:1.7e-02  8:3.0e-01
  257 ,   2571 : 3.1611022974199e+00 +(2e-02,3e-01) | 8.41e+01 |  2:1.6e-02  8:2.8e-01
  258 ,   2581 : 3.1535270482815e+00 +(6e-02,3e-01) | 8.35e+01 |  2:1.7e-02  8:2.9e-01
  259 ,   2591 : 3.1448748400023e+00 +(4e-02,3e-01) | 8.30e+01 |  2:1.7e-02  8:2.9e-01
Iterat, #Fevals:   Function Value    (median,worst) |Axis Ratio|idx:Min SD idx:Max SD
  260 ,   2601 : 3.1496695084519e+00 +(4e-02,4e-01) | 8.29e+01 |  2:1.5e-02  8:2.5e-01
  261 ,   2611 : 3.1565319014901e+00 +(3e-02,4e-01) | 8.43e+01 |  2:1.4e-02  8:2.3e-01
  262 ,   2621 : 3.1600376452407e+00 +(3e-02,9e-02) | 8.51e+01 |  2:1.2e-02  8:2.1e-01
  263 ,   2631 : 3.1485751347446e+00 +(3e-02,8e-02) | 8.77e+01 |  2:1.2e-02  8:2.1e-01
  264 ,   2641 : 3.1457897435039e+00 +(3e-02,7e-02) | 8.98e+01 |  2:1.1e-02  8:2.0e-01
  265 ,   2651 : 3.1478212587046e+00 +(4e-02,1e-01) | 9.03e+01 |  2:1.1e-02  8:2.0e-01
  266 ,   2661 : 3.1457365501928e+00 +(4e-02,1e-01) | 9.15e+01 |  2:9.8e-03  8:1.8e-01
  267 ,   2671 : 3.1297892444200e+00 +(4e-02,1e-01) | 9.25e+01 |  2:9.6e-03  8:1.8e-01
  268 ,   2681 : 3.1435825014291e+00 +(2e-02,8e-02) | 9.38e+01 |  2:9.6e-03  8:1.8e-01
  269 ,   2691 : 3.1467473054918e+00 +(2e-02,1e-01) | 9.40e+01 |  2:9.5e-03  8:1.8e-01
Iterat, #Fevals:   Function Value    (median,worst) |Axis Ratio|idx:Min SD idx:Max SD
  270 ,   2701 : 3.1499685442834e+00 +(9e-03,9e-02) | 9.51e+01 |  2:8.8e-03  8:1.6e-01
  271 ,   2711 : 3.1504095517343e+00 +(9e-03,1e-01) | 9.56e+01 |  2:1.0e-02  8:1.7e-01
  272 ,   2721 : 3.1389899948670e+00 +(2e-02,8e-02) | 9.61e+01 |  2:1.1e-02  8:1.8e-01
  273 ,   2731 : 3.1318378991738e+00 +(3e-02,7e-02) | 9.66e+01 |  2:1.1e-02  8:1.8e-01
  274 ,   2741 : 3.1468252229182e+00 +(3e-02,2e-01) | 9.72e+01 |  2:1.0e-02  8:1.7e-01
  275 ,   2751 : 3.1501560124132e+00 +(3e-02,8e-02) | 9.97e+01 |  2:1.0e-02  8:1.7e-01
  276 ,   2761 : 3.1369188368776e+00 +(1e-02,8e-02) | 1.00e+02 |  2:1.0e-02  8:1.7e-01
  277 ,   2771 : 3.1445499507093e+00 +(5e-03,7e-02) | 1.01e+02 |  2:9.0e-03  8:1.5e-01
  278 ,   2781 : 3.1336565745821e+00 +(2e-02,5e-02) | 9.99e+01 |  2:8.4e-03  8:1.4e-01
  279 ,   2791 : 3.1296271793419e+00 +(2e-02,5e-02) | 1.00e+02 |  2:8.0e-03  8:1.4e-01
Iterat, #Fevals:   Function Value    (median,worst) |Axis Ratio|idx:Min SD idx:Max SD
  280 ,   2801 : 3.1378530943136e+00 +(1e-02,3e-02) | 1.00e+02 |  2:8.0e-03  8:1.4e-01
  281 ,   2811 : 3.1340462767588e+00 +(2e-02,5e-02) | 1.00e+02 |  2:7.8e-03  8:1.3e-01
  282 ,   2821 : 3.1343784261871e+00 +(2e-02,4e-02) | 1.01e+02 |  2:6.9e-03  8:1.2e-01
  283 ,   2831 : 3.1324673325751e+00 +(2e-02,4e-02) | 1.02e+02 |  2:6.2e-03  8:1.1e-01
  284 ,   2841 : 3.1309173467093e+00 +(7e-03,3e-02) | 1.05e+02 |  2:5.9e-03  8:1.0e-01
  285 ,   2851 : 3.1324896007720e+00 +(2e-02,3e-02) | 1.08e+02 |  2:5.2e-03  8:9.3e-02
  286 ,   2861 : 3.1327864401062e+00 +(2e-02,5e-02) | 1.08e+02 |  2:4.9e-03  8:8.8e-02
  287 ,   2871 : 3.1308258781633e+00 +(2e-02,3e-02) | 1.07e+02 |  2:4.7e-03  8:8.3e-02
  288 ,   2881 : 3.1379759120423e+00 +(9e-03,2e-02) | 1.12e+02 |  2:4.5e-03  8:8.2e-02
  289 ,   2891 : 3.1335083577664e+00 +(6e-03,2e-02) | 1.13e+02 |  2:4.2e-03  8:7.6e-02
Iterat, #Fevals:   Function Value    (median,worst) |Axis Ratio|idx:Min SD idx:Max SD
  290 ,   2901 : 3.1354926226222e+00 +(9e-03,2e-02) | 1.13e+02 |  2:4.3e-03  8:7.7e-02
  291 ,   2911 : 3.1323023220038e+00 +(1e-02,3e-02) | 1.15e+02 |  2:4.1e-03  8:7.4e-02
  292 ,   2921 : 3.1305242409706e+00 +(1e-02,2e-02) | 1.15e+02 |  2:3.9e-03  8:7.1e-02
  293 ,   2931 : 3.1314938950467e+00 +(8e-03,2e-02) | 1.17e+02 |  2:4.0e-03  8:7.5e-02
  294 ,   2941 : 3.1344473924065e+00 +(1e-02,3e-02) | 1.22e+02 |  2:4.6e-03  8:8.2e-02
  295 ,   2951 : 3.1341308896495e+00 +(1e-02,3e-02) | 1.27e+02 |  2:5.1e-03  8:9.6e-02
  296 ,   2961 : 3.1326854820886e+00 +(2e-02,6e-02) | 1.26e+02 |  2:5.3e-03  8:1.0e-01
  297 ,   2971 : 3.1304215929483e+00 +(2e-02,3e-02) | 1.27e+02 |  2:5.0e-03  8:9.7e-02
  298 ,   2981 : 3.1307116383929e+00 +(2e-02,3e-02) | 1.26e+02 |  2:4.9e-03  8:9.3e-02
  299 ,   2991 : 3.1291254269846e+00 +(1e-02,3e-02) | 1.27e+02 |  2:4.7e-03  8:8.8e-02
Iterat, #Fevals:   Function Value    (median,worst) |Axis Ratio|idx:Min SD idx:Max SD
  300 ,   3001 : 3.1303661142137e+00 +(8e-03,3e-02) | 1.29e+02 |  2:4.1e-03  8:7.5e-02
  301 ,   3011 : 3.1333360330160e+00 +(8e-03,3e-02) | 1.30e+02 |  2:3.7e-03  8:7.0e-02
  302 ,   3021 : 3.1302185439175e+00 +(1e-02,2e-02) | 1.30e+02 |  2:3.6e-03  8:6.8e-02
  303 ,   3031 : 3.1299081912502e+00 +(1e-02,2e-02) | 1.30e+02 |  2:3.2e-03  8:5.9e-02
  304 ,   3041 : 3.1305313918231e+00 +(1e-02,2e-02) | 1.29e+02 |  2:3.1e-03  8:5.8e-02
  305 ,   3051 : 3.1307288114185e+00 +(3e-03,2e-02) | 1.30e+02 |  2:3.0e-03  8:5.5e-02
  306 ,   3061 : 3.1327383089912e+00 +(4e-03,2e-02) | 1.29e+02 |  2:2.8e-03  8:5.0e-02
  307 ,   3071 : 3.1329433130509e+00 +(3e-03,1e-02) | 1.27e+02 |  2:2.5e-03  8:4.7e-02
  308 ,   3081 : 3.1300313189025e+00 +(8e-03,2e-02) | 1.30e+02 |  2:2.5e-03  8:4.6e-02
  309 ,   3091 : 3.1328822462932e+00 +(8e-03,2e-02) | 1.30e+02 |  2:2.2e-03  8:4.0e-02
Iterat, #Fevals:   Function Value    (median,worst) |Axis Ratio|idx:Min SD idx:Max SD
  310 ,   3101 : 3.1296430163645e+00 +(8e-03,3e-02) | 1.30e+02 |  2:2.0e-03  8:3.6e-02
  311 ,   3111 : 3.1296260986824e+00 +(2e-03,2e-02) | 1.30e+02 |  2:1.9e-03  8:3.3e-02
  312 ,   3121 : 3.1302587423783e+00 +(2e-03,2e-02) | 1.32e+02 |  2:1.7e-03  8:3.2e-02
  313 ,   3131 : 3.1335830751288e+00 +(2e-02,2e-02) | 1.35e+02 |  2:1.8e-03  8:3.3e-02
  314 ,   3141 : 3.1316502815744e+00 +(2e-03,2e-02) | 1.35e+02 |  2:1.7e-03  8:3.2e-02
  315 ,   3151 : 3.1300544442727e+00 +(5e-03,2e-02) | 1.37e+02 |  2:1.7e-03  8:3.2e-02
  316 ,   3161 : 3.1308757887758e+00 +(9e-03,2e-02) | 1.38e+02 |  2:1.6e-03  8:3.0e-02
  317 ,   3171 : 3.1302274167869e+00 +(2e-02,2e-02) | 1.42e+02 |  2:1.6e-03  8:3.2e-02
  318 ,   3181 : 3.1289116302885e+00 +(6e-03,2e-02) | 1.44e+02 |  2:1.6e-03  8:3.2e-02
  319 ,   3191 : 3.1292166853381e+00 +(1e-02,3e-02) | 1.42e+02 |  2:1.7e-03  8:3.3e-02
Iterat, #Fevals:   Function Value    (median,worst) |Axis Ratio|idx:Min SD idx:Max SD
  320 ,   3201 : 3.1315220483956e+00 +(3e-03,3e-02) | 1.40e+02 |  2:1.6e-03  8:3.1e-02
  321 ,   3211 : 3.1300241609005e+00 +(6e-03,2e-02) | 1.46e+02 |  2:1.6e-03  8:3.3e-02
  322 ,   3221 : 3.1310019214562e+00 +(1e-03,2e-02) | 1.46e+02 |  2:1.8e-03  8:3.7e-02
  323 ,   3231 : 3.1313351773845e+00 +(2e-03,2e-02) | 1.47e+02 |  2:2.3e-03  8:4.7e-02
  324 ,   3241 : 3.1315001597876e+00 +(6e-03,3e-02) | 1.52e+02 |  2:2.5e-03  8:5.2e-02
  325 ,   3251 : 3.1313298888705e+00 +(4e-03,2e-02) | 1.55e+02 |  2:2.8e-03  8:6.0e-02
  326 ,   3261 : 3.1324899229380e+00 +(3e-03,3e-02) | 1.60e+02 |  2:2.9e-03  8:6.2e-02
  327 ,   3271 : 3.1338854815588e+00 +(5e-03,2e-02) | 1.64e+02 |  3:2.9e-03  8:6.3e-02
  328 ,   3281 : 3.1323151235789e+00 +(6e-03,3e-02) | 1.66e+02 |  3:2.7e-03  8:6.0e-02
  329 ,   3291 : 3.1334195249317e+00 +(3e-03,2e-02) | 1.67e+02 |  3:2.7e-03  8:6.0e-02
Iterat, #Fevals:   Function Value    (median,worst) |Axis Ratio|idx:Min SD idx:Max SD
  330 ,   3301 : 3.1294293845322e+00 +(8e-03,2e-02) | 1.68e+02 |  3:2.7e-03  8:5.9e-02
  331 ,   3311 : 3.1303472813383e+00 +(4e-03,1e-02) | 1.68e+02 |  3:2.5e-03  8:5.5e-02
  332 ,   3321 : 3.1302108771662e+00 +(4e-03,2e-02) | 1.70e+02 |  3:2.5e-03  8:5.5e-02
  333 ,   3331 : 3.1314048197792e+00 +(3e-03,3e-02) | 1.69e+02 |  3:2.4e-03  8:5.3e-02
  334 ,   3341 : 3.1330213321204e+00 +(2e-02,2e-02) | 1.69e+02 |  3:2.3e-03  8:5.0e-02
  335 ,   3351 : 3.1306544124354e+00 +(4e-03,2e-02) | 1.71e+02 |  3:2.3e-03  8:4.9e-02
  336 ,   3361 : 3.1268833739572e+00 +(1e-02,3e-02) | 1.79e+02 |  3:2.2e-03  8:4.9e-02
  337 ,   3371 : 3.1299318314040e+00 +(4e-03,2e-02) | 1.81e+02 |  3:1.9e-03  8:4.4e-02
  338 ,   3381 : 3.1296886183183e+00 +(6e-03,2e-02) | 1.84e+02 |  3:2.0e-03  8:4.6e-02
  339 ,   3391 : 3.1299801502446e+00 +(4e-03,2e-02) | 1.82e+02 |  3:2.0e-03  8:4.4e-02
Iterat, #Fevals:   Function Value    (median,worst) |Axis Ratio|idx:Min SD idx:Max SD
  340 ,   3401 : 3.1306836130949e+00 +(6e-03,2e-02) | 1.83e+02 |  3:1.9e-03  8:4.3e-02
  341 ,   3411 : 3.1328802550455e+00 +(3e-03,2e-02) | 1.77e+02 |  3:1.8e-03  8:4.1e-02
  342 ,   3421 : 3.1302629740077e+00 +(7e-03,3e-02) | 1.77e+02 |  3:1.7e-03  8:3.8e-02
  343 ,   3431 : 3.1298374053712e+00 +(5e-03,2e-02) | 1.76e+02 |  3:2.0e-03  8:4.2e-02
  344 ,   3441 : 3.1304349848521e+00 +(1e-02,2e-02) | 1.75e+02 |  3:1.9e-03  8:4.0e-02
  345 ,   3451 : 3.1308908053366e+00 +(1e-02,2e-02) | 1.76e+02 |  3:1.7e-03  8:3.7e-02
  346 ,   3461 : 3.1290682315678e+00 +(1e-02,2e-02) | 1.71e+02 |  3:1.7e-03  8:3.7e-02
  347 ,   3471 : 3.1302316806975e+00 +(2e-02,2e-02) | 1.70e+02 |  2:2.0e-03  8:4.1e-02
  348 ,   3481 : 3.1292432126492e+00 +(4e-03,3e-02) | 1.73e+02 |  2:1.9e-03  8:4.1e-02
  349 ,   3491 : 3.1306878875083e+00 +(5e-03,2e-02) | 1.73e+02 |  2:1.8e-03  8:3.9e-02
Iterat, #Fevals:   Function Value    (median,worst) |Axis Ratio|idx:Min SD idx:Max SD
  350 ,   3501 : 3.1308960084717e+00 +(4e-03,2e-02) | 1.72e+02 |  2:1.8e-03  8:3.8e-02
  351 ,   3511 : 3.1322831828619e+00 +(1e-02,2e-02) | 1.71e+02 |  2:1.7e-03  8:3.6e-02
  352 ,   3521 : 3.1295540971741e+00 +(9e-03,2e-02) | 1.70e+02 |  2:1.7e-03  8:3.8e-02
  353 ,   3531 : 3.1297980684082e+00 +(1e-02,2e-02) | 1.68e+02 |  2:1.8e-03  8:3.8e-02
  354 ,   3541 : 3.1303575721126e+00 +(4e-03,2e-02) | 1.70e+02 |  2:1.7e-03  8:3.7e-02
  355 ,   3551 : 3.1295720245470e+00 +(5e-03,2e-02) | 1.76e+02 |  2:1.6e-03  8:3.7e-02
  356 ,   3561 : 3.1297691330677e+00 +(8e-03,2e-02) | 1.76e+02 |  2:1.6e-03  8:3.5e-02
  357 ,   3571 : 3.1286207660430e+00 +(5e-03,2e-02) | 1.77e+02 |  2:1.4e-03  8:3.2e-02
  358 ,   3581 : 3.1304866312276e+00 +(1e-02,2e-02) | 1.74e+02 |  2:1.3e-03  8:3.0e-02
  359 ,   3591 : 3.1300499025200e+00 +(1e-02,2e-02) | 1.73e+02 |  2:1.3e-03  8:2.8e-02
Iterat, #Fevals:   Function Value    (median,worst) |Axis Ratio|idx:Min SD idx:Max SD
  360 ,   3601 : 3.1293307461709e+00 +(3e-03,5e-03) | 1.74e+02 |  2:1.1e-03  8:2.4e-02
  361 ,   3611 : 3.1309377542649e+00 +(6e-03,2e-02) | 1.73e+02 |  2:1.1e-03  8:2.4e-02
  362 ,   3621 : 3.1291457829356e+00 +(3e-03,2e-02) | 1.73e+02 |  2:9.9e-04  8:2.1e-02
  363 ,   3631 : 3.1286453339984e+00 +(4e-03,2e-02) | 1.69e+02 |  2:9.0e-04  8:1.9e-02
  364 ,   3641 : 3.1329949910110e+00 +(1e-02,2e-02) | 1.73e+02 |  2:8.4e-04  8:1.9e-02
  365 ,   3651 : 3.1303588659661e+00 +(2e-03,2e-02) | 1.73e+02 |  2:8.0e-04  8:1.7e-02
  366 ,   3661 : 3.1292808751890e+00 +(2e-03,2e-02) | 1.65e+02 |  2:8.4e-04  8:1.8e-02
  367 ,   3671 : 3.1290571998856e+00 +(5e-03,2e-02) | 1.66e+02 |  2:8.5e-04  8:1.8e-02
  368 ,   3681 : 3.1296188778324e+00 +(4e-03,2e-02) | 1.67e+02 |  2:8.7e-04  8:1.8e-02
  369 ,   3691 : 3.1300237752225e+00 +(4e-03,2e-02) | 1.66e+02 |  2:8.9e-04  8:1.8e-02
Iterat, #Fevals:   Function Value    (median,worst) |Axis Ratio|idx:Min SD idx:Max SD
  370 ,   3701 : 3.1287316462715e+00 +(3e-03,2e-02) | 1.70e+02 |  2:9.2e-04  8:1.8e-02
  371 ,   3711 : 3.1291505816857e+00 +(5e-03,2e-02) | 1.69e+02 |  2:8.0e-04  8:1.5e-02
  372 ,   3721 : 3.1302482856556e+00 +(3e-03,1e-02) | 1.67e+02 |  2:7.5e-04  8:1.5e-02
  373 ,   3731 : 3.1289729110592e+00 +(4e-03,2e-02) | 1.68e+02 |  2:7.4e-04  8:1.4e-02
  374 ,   3741 : 3.1304075622086e+00 +(2e-03,2e-02) | 1.68e+02 |  2:8.0e-04  8:1.5e-02
  375 ,   3751 : 3.1290628273782e+00 +(4e-03,2e-02) | 1.67e+02 |  2:8.0e-04  8:1.5e-02
  376 ,   3761 : 3.1309394582955e+00 +(8e-03,2e-02) | 1.66e+02 |  2:7.7e-04  8:1.4e-02
  377 ,   3771 : 3.1287862200001e+00 +(4e-03,2e-02) | 1.68e+02 |  2:7.9e-04  8:1.4e-02
  378 ,   3781 : 3.1291116615365e+00 +(4e-03,2e-02) | 1.68e+02 |  2:8.0e-04  8:1.4e-02
  379 ,   3791 : 3.1290053863611e+00 +(4e-03,2e-02) | 1.68e+02 |  2:7.8e-04  8:1.3e-02
Iterat, #Fevals:   Function Value    (median,worst) |Axis Ratio|idx:Min SD idx:Max SD
  380 ,   3801 : 3.1290951603296e+00 +(6e-03,2e-02) | 1.66e+02 |  2:7.5e-04  8:1.2e-02
  381 ,   3811 : 3.1291016324261e+00 +(3e-03,2e-02) | 1.66e+02 |  2:7.0e-04  8:1.2e-02
  382 ,   3821 : 3.1289718847904e+00 +(4e-03,2e-02) | 1.66e+02 |  2:6.6e-04  8:1.1e-02
  383 ,   3831 : 3.1291625194061e+00 +(1e-02,2e-02) | 1.66e+02 |  2:6.1e-04  8:1.0e-02
  384 ,   3841 : 3.1293340056869e+00 +(4e-03,2e-02) | 1.70e+02 |  2:6.6e-04  8:1.1e-02
  385 ,   3851 : 3.1291643661378e+00 +(4e-03,2e-02) | 1.77e+02 |  2:7.0e-04  8:1.2e-02
  386 ,   3861 : 3.1293202888171e+00 +(4e-03,2e-02) | 1.86e+02 |  1:7.8e-04  8:1.4e-02
  387 ,   3871 : 3.1311358486703e+00 +(7e-03,2e-02) | 1.95e+02 |  1:9.8e-04  8:1.8e-02
  388 ,   3881 : 3.1288507238967e+00 +(1e-02,3e-02) | 1.98e+02 |  3:1.0e-03  8:1.9e-02
  389 ,   3891 : 3.1309853543869e+00 +(4e-03,2e-02) | 1.97e+02 |  1:1.1e-03  8:1.9e-02
Iterat, #Fevals:   Function Value    (median,worst) |Axis Ratio|idx:Min SD idx:Max SD
  390 ,   3901 : 3.1297192814595e+00 +(3e-03,2e-02) | 1.99e+02 |  1:1.1e-03  8:2.0e-02
  391 ,   3911 : 3.1310773163360e+00 +(3e-03,2e-02) | 2.04e+02 |  1:1.1e-03  8:2.0e-02
  392 ,   3921 : 3.1294222686469e+00 +(1e-02,3e-02) | 2.09e+02 |  1:1.0e-03  8:1.9e-02
  393 ,   3931 : 3.1292382665550e+00 +(4e-03,2e-02) | 2.07e+02 |  1:1.0e-03  8:1.9e-02
  394 ,   3941 : 3.1293285098658e+00 +(1e-02,2e-02) | 2.04e+02 |  1:9.2e-04  8:1.7e-02
  395 ,   3951 : 3.1295961230159e+00 +(3e-03,6e-03) | 2.05e+02 |  1:8.4e-04  8:1.6e-02
  396 ,   3961 : 3.1315870804074e+00 +(1e-03,2e-02) | 2.12e+02 |  1:8.2e-04  8:1.5e-02
  397 ,   3971 : 3.1283536162606e+00 +(5e-03,3e-02) | 2.14e+02 |  1:7.3e-04  8:1.4e-02
  398 ,   3981 : 3.1291570635503e+00 +(1e-02,2e-02) | 2.13e+02 |  1:6.7e-04  8:1.3e-02
  399 ,   3991 : 3.1291347545784e+00 +(4e-03,2e-02) | 2.14e+02 |  1:6.3e-04  8:1.2e-02
Iterat, #Fevals:   Function Value    (median,worst) |Axis Ratio|idx:Min SD idx:Max SD
  400 ,   4001 : 3.1291185174637e+00 +(1e-02,2e-02) | 2.11e+02 |  1:6.3e-04  8:1.2e-02
  401 ,   4011 : 3.1299432128665e+00 +(3e-03,2e-02) | 2.11e+02 |  1:6.5e-04  8:1.2e-02
  402 ,   4021 : 3.1303241110956e+00 +(5e-03,2e-02) | 2.12e+02 |  1:6.5e-04  8:1.2e-02
  403 ,   4031 : 3.1303345530630e+00 +(3e-03,2e-02) | 2.19e+02 |  1:6.3e-04  8:1.1e-02
  404 ,   4041 : 3.1289563055252e+00 +(4e-03,2e-02) | 2.16e+02 |  1:6.7e-04  8:1.2e-02
  405 ,   4051 : 3.1303110871754e+00 +(8e-03,2e-02) | 2.16e+02 |  1:6.3e-04  8:1.1e-02
  406 ,   4061 : 3.1303104960174e+00 +(4e-03,2e-02) | 2.15e+02 |  1:6.4e-04  8:1.1e-02
  407 ,   4071 : 3.1293015605946e+00 +(5e-03,2e-02) | 2.11e+02 |  1:6.6e-04  8:1.1e-02
  408 ,   4081 : 3.1292592000117e+00 +(5e-03,2e-02) | 2.11e+02 |  1:6.2e-04  8:1.1e-02
  409 ,   4091 : 3.1296520709907e+00 +(6e-03,2e-02) | 2.09e+02 |  1:7.0e-04  8:1.2e-02
Iterat, #Fevals:   Function Value    (median,worst) |Axis Ratio|idx:Min SD idx:Max SD
  410 ,   4101 : 3.1293219489154e+00 +(4e-03,2e-02) | 2.08e+02 |  1:7.2e-04  8:1.2e-02
  411 ,   4111 : 3.1297751774269e+00 +(1e-02,2e-02) | 2.10e+02 |  1:7.0e-04  8:1.2e-02
  412 ,   4121 : 3.1297984293692e+00 +(7e-03,2e-02) | 2.05e+02 |  1:7.5e-04  8:1.3e-02
  413 ,   4131 : 3.1291869913593e+00 +(4e-03,2e-02) | 2.12e+02 |  1:7.6e-04  8:1.3e-02
  414 ,   4141 : 3.1299566160500e+00 +(3e-03,2e-02) | 2.09e+02 |  1:7.8e-04  8:1.3e-02
  415 ,   4151 : 3.1299152506323e+00 +(4e-03,2e-02) | 2.12e+02 |  1:9.4e-04  8:1.5e-02
  416 ,   4161 : 3.1310804832055e+00 +(2e-03,2e-02) | 2.15e+02 |  1:9.9e-04  8:1.6e-02
  417 ,   4171 : 3.1295987532834e+00 +(5e-03,2e-02) | 2.18e+02 |  1:1.1e-03  8:1.7e-02
  418 ,   4181 : 3.1306111153284e+00 +(1e-02,2e-02) | 2.19e+02 |  2:1.3e-03  8:1.9e-02
  419 ,   4191 : 3.1322264005979e+00 +(2e-02,2e-02) | 2.22e+02 |  2:1.4e-03  8:2.1e-02
Iterat, #Fevals:   Function Value    (median,worst) |Axis Ratio|idx:Min SD idx:Max SD
  420 ,   4201 : 3.1298482071268e+00 +(3e-03,2e-02) | 2.19e+02 |  2:1.5e-03  8:2.3e-02
  421 ,   4211 : 3.1295478949008e+00 +(4e-03,2e-02) | 2.12e+02 |  2:1.5e-03  8:2.3e-02
  422 ,   4221 : 3.1294682424297e+00 +(2e-02,3e-02) | 2.11e+02 |  2:1.5e-03  8:2.2e-02
  423 ,   4231 : 3.1305566839649e+00 +(1e-02,2e-02) | 2.09e+02 |  2:1.6e-03  8:2.4e-02
  424 ,   4241 : 3.1296634161273e+00 +(1e-02,2e-02) | 2.04e+02 |  2:1.6e-03  8:2.3e-02
  425 ,   4251 : 3.1296765454857e+00 +(2e-03,3e-02) | 2.09e+02 |  2:1.5e-03  8:2.2e-02
  426 ,   4261 : 3.1318530544200e+00 +(9e-03,2e-02) | 2.05e+02 |  2:1.3e-03  8:1.9e-02
  427 ,   4271 : 3.1298282407374e+00 +(3e-03,2e-02) | 2.04e+02 |  2:1.4e-03  8:2.0e-02
  428 ,   4281 : 3.1303310631708e+00 +(7e-03,2e-02) | 2.09e+02 |  2:1.7e-03  8:2.3e-02
  429 ,   4291 : 3.1292722010256e+00 +(2e-02,2e-02) | 2.13e+02 |  2:1.7e-03  8:2.4e-02
Iterat, #Fevals:   Function Value    (median,worst) |Axis Ratio|idx:Min SD idx:Max SD
  430 ,   4301 : 3.1296535660160e+00 +(1e-02,2e-02) | 2.15e+02 |  2:1.7e-03  8:2.4e-02
  431 ,   4311 : 3.1295506005839e+00 +(5e-03,2e-02) | 2.16e+02 |  1:1.5e-03  8:2.1e-02
  432 ,   4321 : 3.1299259957634e+00 +(4e-03,2e-02) | 2.15e+02 |  1:1.4e-03  8:2.0e-02
  433 ,   4331 : 3.1297197261273e+00 +(5e-03,2e-02) | 2.15e+02 |  1:1.2e-03  8:1.7e-02
  434 ,   4341 : 3.1306191238670e+00 +(3e-03,2e-02) | 2.22e+02 |  1:1.2e-03  8:1.7e-02
  435 ,   4351 : 3.1295025185885e+00 +(4e-03,3e-02) | 2.18e+02 |  1:1.3e-03  8:1.7e-02
  436 ,   4361 : 3.1296486850047e+00 +(4e-03,2e-02) | 2.21e+02 |  1:1.3e-03  8:1.8e-02
  437 ,   4371 : 3.1297370387590e+00 +(5e-03,2e-02) | 2.20e+02 |  2:1.3e-03  8:1.8e-02
  438 ,   4381 : 3.1316700827470e+00 +(2e-03,2e-02) | 2.24e+02 |  1:1.3e-03  8:1.7e-02
  439 ,   4391 : 3.1295174403214e+00 +(4e-03,2e-02) | 2.27e+02 |  2:1.4e-03  8:1.9e-02
Iterat, #Fevals:   Function Value    (median,worst) |Axis Ratio|idx:Min SD idx:Max SD
  440 ,   4401 : 3.1293020918231e+00 +(2e-02,2e-02) | 2.27e+02 |  2:1.4e-03  8:1.9e-02
  441 ,   4411 : 3.1298290771495e+00 +(1e-02,3e-02) | 2.24e+02 |  2:1.4e-03  8:2.1e-02
  442 ,   4421 : 3.1293208172935e+00 +(3e-03,2e-02) | 2.28e+02 |  2:1.5e-03  8:2.1e-02
  443 ,   4431 : 3.1301942411080e+00 +(2e-02,2e-02) | 2.27e+02 |  2:1.5e-03  8:2.2e-02
  444 ,   4441 : 3.1305573682986e+00 +(4e-03,2e-02) | 2.16e+02 |  2:1.6e-03  8:2.3e-02
  445 ,   4451 : 3.1303581193455e+00 +(1e-02,2e-02) | 2.17e+02 |  2:1.6e-03  8:2.1e-02
  446 ,   4461 : 3.1300088801324e+00 +(1e-02,2e-02) | 2.16e+02 |  2:1.5e-03  8:2.1e-02
  447 ,   4471 : 3.1300987231083e+00 +(4e-03,2e-02) | 2.17e+02 |  2:1.5e-03  8:2.0e-02
  448 ,   4481 : 3.1300271102891e+00 +(1e-02,2e-02) | 2.23e+02 |  2:1.5e-03  8:2.0e-02
  449 ,   4491 : 3.1295081298748e+00 +(4e-03,2e-02) | 2.24e+02 |  2:1.5e-03  8:1.9e-02
Iterat, #Fevals:   Function Value    (median,worst) |Axis Ratio|idx:Min SD idx:Max SD
  450 ,   4501 : 3.1284447165338e+00 +(2e-02,3e-02) | 2.20e+02 |  2:1.4e-03  8:1.8e-02
  451 ,   4511 : 3.1298621632042e+00 +(6e-03,2e-02) | 2.19e+02 |  2:1.3e-03  8:1.6e-02
  452 ,   4521 : 3.1299986591822e+00 +(2e-02,2e-02) | 2.17e+02 |  2:1.2e-03  8:1.5e-02
  453 ,   4531 : 3.1295715539664e+00 +(2e-02,2e-02) | 2.19e+02 |  2:1.2e-03  8:1.4e-02
  454 ,   4541 : 3.1297090430842e+00 +(2e-02,2e-02) | 2.20e+02 |  2:1.1e-03  8:1.4e-02
  455 ,   4551 : 3.1296122398992e+00 +(1e-02,2e-02) | 2.18e+02 |  2:9.4e-04  8:1.2e-02
  456 ,   4561 : 3.1300711823792e+00 +(9e-03,2e-02) | 2.20e+02 |  2:8.8e-04  8:1.1e-02
  457 ,   4571 : 3.1300375972662e+00 +(9e-03,2e-02) | 2.07e+02 |  2:8.7e-04  8:1.1e-02
  458 ,   4581 : 3.1297303458928e+00 +(4e-03,2e-02) | 2.02e+02 |  2:8.4e-04  8:1.1e-02
  459 ,   4591 : 3.1293164684842e+00 +(4e-03,2e-02) | 2.03e+02 |  2:7.9e-04  8:9.9e-03
Iterat, #Fevals:   Function Value    (median,worst) |Axis Ratio|idx:Min SD idx:Max SD
  460 ,   4601 : 3.1289932412919e+00 +(7e-03,2e-02) | 1.97e+02 |  2:7.7e-04  8:9.4e-03
  461 ,   4611 : 3.1295777093047e+00 +(9e-03,2e-02) | 1.96e+02 |  2:8.4e-04  8:9.9e-03
  462 ,   4621 : 3.1296744112947e+00 +(4e-03,2e-02) | 1.95e+02 |  2:9.0e-04  8:1.1e-02
  463 ,   4631 : 3.1293012564103e+00 +(2e-02,2e-02) | 1.95e+02 |  2:8.7e-04  8:1.1e-02
  464 ,   4641 : 3.1293372662639e+00 +(1e-02,2e-02) | 1.93e+02 |  2:7.9e-04  8:9.6e-03
  465 ,   4651 : 3.1293149533256e+00 +(3e-03,2e-02) | 1.94e+02 |  2:7.7e-04  8:9.2e-03
  466 ,   4661 : 3.1292629122990e+00 +(2e-02,2e-02) | 1.99e+02 |  2:7.7e-04  8:8.8e-03
  467 ,   4671 : 3.1295234205934e+00 +(2e-02,2e-02) | 2.07e+02 |  2:8.6e-04  8:9.5e-03
  468 ,   4681 : 3.1292322677631e+00 +(2e-02,2e-02) | 2.11e+02 |  2:9.1e-04  8:9.9e-03
  469 ,   4691 : 3.1294915866011e+00 +(2e-02,2e-02) | 2.13e+02 |  2:8.2e-04  8:9.0e-03
Iterat, #Fevals:   Function Value    (median,worst) |Axis Ratio|idx:Min SD idx:Max SD
  470 ,   4701 : 3.1303451135972e+00 +(8e-03,2e-02) | 2.14e+02 |  2:7.4e-04  8:8.1e-03
  471 ,   4711 : 3.1287298279354e+00 +(1e-02,2e-02) | 2.17e+02 |  2:6.9e-04  8:7.8e-03
  472 ,   4721 : 3.1298908227461e+00 +(8e-03,2e-02) | 2.25e+02 |  2:6.9e-04  8:7.9e-03
  473 ,   4731 : 3.1299986962065e+00 +(3e-03,2e-02) | 2.29e+02 |  2:6.4e-04  8:7.3e-03
  474 ,   4741 : 3.1292229914923e+00 +(1e-02,2e-02) | 2.23e+02 |  2:5.8e-04  8:6.7e-03
  475 ,   4751 : 3.1294470360288e+00 +(1e-02,2e-02) | 2.22e+02 |  2:5.8e-04  8:6.6e-03
  476 ,   4761 : 3.1294850234913e+00 +(4e-03,2e-02) | 2.19e+02 |  2:6.1e-04  8:6.9e-03
  477 ,   4771 : 3.1288272756019e+00 +(1e-02,2e-02) | 2.18e+02 |  2:5.9e-04  8:6.6e-03
  478 ,   4781 : 3.1294808008796e+00 +(6e-03,2e-02) | 2.16e+02 |  2:5.8e-04  8:6.5e-03
  479 ,   4791 : 3.1292876771202e+00 +(4e-03,2e-02) | 2.13e+02 |  2:5.9e-04  8:6.5e-03
Iterat, #Fevals:   Function Value    (median,worst) |Axis Ratio|idx:Min SD idx:Max SD
  480 ,   4801 : 3.1295734278394e+00 +(1e-02,2e-02) | 2.11e+02 |  2:5.6e-04  8:6.1e-03
  481 ,   4811 : 3.1286697497396e+00 +(4e-03,2e-02) | 2.17e+02 |  2:6.1e-04  8:6.7e-03
  482 ,   4821 : 3.1295109163426e+00 +(4e-03,2e-02) | 2.23e+02 |  2:6.9e-04  8:7.7e-03
  483 ,   4831 : 3.1320993042229e+00 +(2e-03,2e-02) | 2.24e+02 |  2:7.3e-04  8:8.0e-03
  484 ,   4841 : 3.1295593475623e+00 +(3e-03,2e-02) | 2.39e+02 |  2:8.2e-04  8:9.5e-03
  485 ,   4851 : 3.1296721897171e+00 +(2e-03,2e-02) | 2.40e+02 |  2:8.1e-04  8:9.3e-03
  486 ,   4861 : 3.1295940819199e+00 +(9e-03,2e-02) | 2.44e+02 |  2:8.1e-04  8:9.4e-03
  487 ,   4871 : 3.1299952833070e+00 +(4e-03,2e-02) | 2.39e+02 |  2:9.0e-04  8:1.0e-02
  488 ,   4881 : 3.1295295835085e+00 +(1e-02,2e-02) | 2.39e+02 |  2:1.0e-03  8:1.2e-02
  489 ,   4891 : 3.1303382017082e+00 +(3e-03,2e-02) | 2.32e+02 |  2:1.0e-03  8:1.2e-02
Iterat, #Fevals:   Function Value    (median,worst) |Axis Ratio|idx:Min SD idx:Max SD
  490 ,   4901 : 3.1301156848449e+00 +(4e-03,2e-02) | 2.24e+02 |  2:1.2e-03  8:1.3e-02
  491 ,   4911 : 3.1302116850634e+00 +(4e-03,3e-02) | 2.25e+02 |  2:1.2e-03  8:1.3e-02
  492 ,   4921 : 3.1310766427667e+00 +(3e-03,2e-02) | 2.31e+02 |  2:1.2e-03  8:1.3e-02
  493 ,   4931 : 3.1313781455146e+00 +(2e-03,2e-02) | 2.29e+02 |  2:1.2e-03  8:1.3e-02
  494 ,   4941 : 3.1293724064053e+00 +(4e-03,2e-02) | 2.21e+02 |  2:1.2e-03  8:1.3e-02
  495 ,   4951 : 3.1303220397504e+00 +(1e-02,2e-02) | 2.19e+02 |  2:1.1e-03  8:1.2e-02
  496 ,   4961 : 3.1296361892703e+00 +(3e-03,2e-02) | 2.16e+02 |  2:1.1e-03  8:1.2e-02
  497 ,   4971 : 3.1296200388880e+00 +(3e-03,5e-03) | 2.14e+02 |  2:1.2e-03  8:1.3e-02
  498 ,   4981 : 3.1294186151428e+00 +(1e-02,2e-02) | 2.13e+02 |  2:1.2e-03  8:1.3e-02
  499 ,   4991 : 3.1295999025250e+00 +(3e-03,2e-02) | 2.30e+02 |  2:1.4e-03  8:1.5e-02
Iterat, #Fevals:   Function Value    (median,worst) |Axis Ratio|idx:Min SD idx:Max SD
  500 ,   5001 : 3.1299063390533e+00 +(2e-03,2e-02) | 2.34e+02 |  2:1.4e-03  8:1.5e-02
  501 ,   5011 : 3.1294829631284e+00 +(3e-03,2e-02) | 2.34e+02 |  2:1.5e-03  8:1.6e-02
  502 ,   5021 : 3.1295119680712e+00 +(1e-02,2e-02) | 2.35e+02 |  2:1.5e-03  8:1.5e-02
  503 ,   5031 : 3.1290926972403e+00 +(8e-03,2e-02) | 2.36e+02 |  2:1.4e-03  8:1.3e-02
  504 ,   5041 : 3.1293985917221e+00 +(2e-02,2e-02) | 2.38e+02 |  2:1.3e-03  8:1.3e-02
  505 ,   5051 : 3.1305672997743e+00 +(7e-03,2e-02) | 2.44e+02 |  2:1.2e-03  8:1.2e-02
  506 ,   5061 : 3.1301882524144e+00 +(1e-02,2e-02) | 2.37e+02 |  2:1.2e-03  8:1.1e-02
  507 ,   5071 : 3.1326787865542e+00 +(8e-03,2e-02) | 2.35e+02 |  2:1.2e-03  8:1.1e-02
  508 ,   5081 : 3.1304719092424e+00 +(2e-02,2e-02) | 2.39e+02 |  2:1.1e-03  8:1.1e-02
  509 ,   5091 : 3.1412825131526e+00 +(7e-03,1e-02) | 2.41e+02 |  2:1.1e-03  8:1.0e-02
Iterat, #Fevals:   Function Value    (median,worst) |Axis Ratio|idx:Min SD idx:Max SD
  510 ,   5101 : 3.1288453465234e+00 +(2e-02,2e-02) | 2.42e+02 |  2:9.6e-04  8:9.7e-03
  511 ,   5111 : 3.1293136472058e+00 +(9e-03,2e-02) | 2.46e+02 |  2:9.5e-04  8:1.0e-02
  512 ,   5121 : 3.1297085984114e+00 +(3e-03,1e-02) | 2.45e+02 |  2:9.1e-04  8:9.6e-03
  513 ,   5131 : 3.1293048619496e+00 +(1e-02,2e-02) | 2.43e+02 |  2:8.6e-04  8:9.0e-03
  514 ,   5141 : 3.1300135895666e+00 +(7e-03,2e-02) | 2.44e+02 |  2:8.4e-04  8:8.9e-03
  515 ,   5151 : 3.1296319501544e+00 +(1e-02,2e-02) | 2.39e+02 |  2:7.7e-04  8:8.1e-03
  516 ,   5161 : 3.1298413271777e+00 +(3e-03,2e-02) | 2.38e+02 |  2:7.7e-04  8:8.1e-03
  517 ,   5171 : 3.1294746314845e+00 +(4e-03,2e-02) | 2.33e+02 |  2:7.3e-04  8:7.7e-03
  518 ,   5181 : 3.1297608524555e+00 +(2e-02,2e-02) | 2.29e+02 |  2:7.0e-04  8:7.4e-03
  519 ,   5191 : 3.1297440456425e+00 +(1e-02,2e-02) | 2.27e+02 |  2:6.7e-04  8:7.0e-03
Iterat, #Fevals:   Function Value    (median,worst) |Axis Ratio|idx:Min SD idx:Max SD
  520 ,   5201 : 3.1293397433335e+00 +(1e-02,2e-02) | 2.27e+02 |  2:6.2e-04  8:6.5e-03
  521 ,   5211 : 3.1325702158838e+00 +(1e-02,2e-02) | 2.25e+02 |  2:6.4e-04  8:6.4e-03
  522 ,   5221 : 3.1291832245812e+00 +(1e-02,2e-02) | 2.24e+02 |  2:5.8e-04  8:5.8e-03
  523 ,   5231 : 3.1299511787115e+00 +(2e-02,2e-02) | 2.25e+02 |  2:5.2e-04  8:5.2e-03
  524 ,   5241 : 3.1295153385897e+00 +(9e-03,2e-02) | 2.32e+02 |  2:5.0e-04  8:5.0e-03
  525 ,   5251 : 3.1294371173742e+00 +(1e-02,2e-02) | 2.31e+02 |  2:4.7e-04  8:4.8e-03
  526 ,   5261 : 3.1293832321429e+00 +(1e-02,2e-02) | 2.32e+02 |  2:4.3e-04  8:4.4e-03
  527 ,   5271 : 3.1295889751831e+00 +(2e-02,2e-02) | 2.42e+02 |  2:3.9e-04  8:4.1e-03
  528 ,   5281 : 3.1296581041223e+00 +(9e-03,2e-02) | 2.53e+02 |  2:4.1e-04  8:4.3e-03
  529 ,   5291 : 3.1295984927058e+00 +(2e-02,3e-02) | 2.55e+02 |  2:4.0e-04  8:4.2e-03
Iterat, #Fevals:   Function Value    (median,worst) |Axis Ratio|idx:Min SD idx:Max SD
  530 ,   5301 : 3.1328475208609e+00 +(1e-02,2e-02) | 2.56e+02 |  2:4.2e-04  8:4.2e-03
  531 ,   5311 : 3.1296880747954e+00 +(1e-02,2e-02) | 2.59e+02 |  2:4.1e-04  8:4.1e-03
  532 ,   5321 : 3.1292988747980e+00 +(1e-02,2e-02) | 2.55e+02 |  2:4.1e-04  8:4.0e-03
  533 ,   5331 : 3.1293463780139e+00 +(4e-03,2e-02) | 2.53e+02 |  2:4.0e-04  8:3.8e-03
  534 ,   5341 : 3.1298938298008e+00 +(8e-03,2e-02) | 2.59e+02 |  2:4.3e-04  8:4.3e-03
  535 ,   5351 : 3.1290816980967e+00 +(2e-03,2e-02) | 2.61e+02 |  2:4.4e-04  8:4.4e-03
  536 ,   5361 : 3.1289626734039e+00 +(4e-03,2e-02) | 2.59e+02 |  2:4.6e-04  8:4.5e-03
  537 ,   5371 : 3.1296351492220e+00 +(4e-03,2e-02) | 2.53e+02 |  2:4.4e-04  8:4.3e-03
  538 ,   5381 : 3.1292028099752e+00 +(2e-02,2e-02) | 2.48e+02 |  2:4.2e-04  8:4.1e-03
  539 ,   5391 : 3.1289512572516e+00 +(4e-03,2e-02) | 2.52e+02 |  2:3.9e-04  8:3.9e-03
Iterat, #Fevals:   Function Value    (median,worst) |Axis Ratio|idx:Min SD idx:Max SD
  540 ,   5401 : 3.1311012830916e+00 +(7e-03,2e-02) | 2.63e+02 |  2:3.9e-04  8:4.2e-03
  541 ,   5411 : 3.1306451565158e+00 +(1e-02,2e-02) | 2.60e+02 |  2:3.8e-04  8:4.1e-03
  542 ,   5421 : 3.1327202557507e+00 +(1e-02,2e-02) | 2.80e+02 |  2:4.2e-04  8:4.6e-03
  543 ,   5431 : 3.1295778983379e+00 +(4e-03,2e-02) | 2.84e+02 |  2:4.1e-04  8:4.4e-03
  544 ,   5441 : 3.1295482371300e+00 +(1e-02,2e-02) | 2.76e+02 |  2:4.1e-04  8:4.3e-03
  545 ,   5451 : 3.1286720747279e+00 +(1e-02,3e-02) | 2.70e+02 |  2:3.7e-04  8:3.8e-03
  546 ,   5461 : 3.1290411945011e+00 +(5e-03,2e-02) | 2.70e+02 |  2:3.7e-04  8:4.0e-03
  547 ,   5471 : 3.1295976079236e+00 +(1e-02,2e-02) | 2.66e+02 |  2:3.5e-04  8:3.8e-03
  548 ,   5481 : 3.1288162992651e+00 +(1e-02,2e-02) | 2.79e+02 |  2:3.7e-04  8:3.9e-03
  549 ,   5491 : 3.1288431419454e+00 +(2e-02,3e-02) | 2.80e+02 |  2:3.5e-04  8:3.8e-03
Iterat, #Fevals:   Function Value    (median,worst) |Axis Ratio|idx:Min SD idx:Max SD
  550 ,   5501 : 3.1294981242002e+00 +(3e-03,2e-02) | 2.78e+02 |  2:3.4e-04  8:3.7e-03
  551 ,   5511 : 3.1295465897531e+00 +(3e-03,2e-02) | 2.80e+02 |  2:3.2e-04  8:3.5e-03
  552 ,   5521 : 3.1311408347205e+00 +(3e-03,2e-02) | 2.82e+02 |  2:3.0e-04  8:3.3e-03
  553 ,   5531 : 3.1312685691571e+00 +(7e-03,2e-02) | 2.96e+02 |  2:2.9e-04  8:3.3e-03
  554 ,   5541 : 3.1294497138837e+00 +(2e-02,2e-02) | 3.31e+02 |  2:3.4e-04  8:4.0e-03
  555 ,   5551 : 3.1296678505737e+00 +(1e-02,2e-02) | 3.43e+02 |  2:3.6e-04  8:4.2e-03
  556 ,   5561 : 3.1301123086220e+00 +(2e-02,2e-02) | 3.44e+02 |  2:3.5e-04  8:4.1e-03
  557 ,   5571 : 3.1294643248043e+00 +(2e-02,2e-02) | 3.44e+02 |  2:3.3e-04  8:3.9e-03
  558 ,   5581 : 3.1305875653999e+00 +(3e-03,2e-02) | 3.46e+02 |  2:3.2e-04  8:3.7e-03
  559 ,   5591 : 3.1294521988754e+00 +(1e-03,2e-02) | 3.45e+02 |  2:2.8e-04  8:3.3e-03
Iterat, #Fevals:   Function Value    (median,worst) |Axis Ratio|idx:Min SD idx:Max SD
  560 ,   5601 : 3.1294975438916e+00 +(4e-03,2e-02) | 3.51e+02 |  2:2.4e-04  8:2.9e-03
  561 ,   5611 : 3.1295238970364e+00 +(1e-02,2e-02) | 3.64e+02 |  2:2.4e-04  8:2.9e-03
  562 ,   5621 : 3.1304388753076e+00 +(1e-02,2e-02) | 3.65e+02 |  2:2.5e-04  8:3.0e-03
  563 ,   5631 : 3.1294844351703e+00 +(2e-02,2e-02) | 3.67e+02 |  2:2.5e-04  8:3.1e-03
  564 ,   5641 : 3.1294789235800e+00 +(4e-03,2e-02) | 3.78e+02 |  2:2.6e-04  8:3.2e-03
  565 ,   5651 : 3.1293519294860e+00 +(4e-03,2e-02) | 3.78e+02 |  2:2.5e-04  8:3.1e-03
  566 ,   5661 : 3.1288729421120e+00 +(9e-03,2e-02) | 3.76e+02 |  2:2.4e-04  8:2.9e-03
  567 ,   5671 : 3.1294511798462e+00 +(1e-02,2e-02) | 3.80e+02 |  2:2.6e-04  8:3.1e-03
  568 ,   5681 : 3.1300873587272e+00 +(9e-03,2e-02) | 3.77e+02 |  2:2.7e-04  8:3.4e-03
  569 ,   5691 : 3.1300573058150e+00 +(2e-02,2e-02) | 3.74e+02 |  2:2.9e-04  8:3.7e-03
Iterat, #Fevals:   Function Value    (median,worst) |Axis Ratio|idx:Min SD idx:Max SD
  570 ,   5701 : 3.1294158504176e+00 +(1e-02,2e-02) | 3.72e+02 |  2:2.8e-04  8:3.5e-03
  571 ,   5711 : 3.1295104203248e+00 +(2e-02,2e-02) | 3.82e+02 |  2:2.7e-04  8:3.4e-03
  572 ,   5721 : 3.1287423480355e+00 +(1e-02,2e-02) | 3.85e+02 |  2:2.6e-04  8:3.3e-03
  573 ,   5731 : 3.1293355697833e+00 +(3e-03,2e-02) | 3.86e+02 |  2:2.5e-04  8:3.2e-03
  574 ,   5741 : 3.1305415881733e+00 +(1e-02,2e-02) | 3.85e+02 |  2:2.4e-04  8:3.1e-03
  575 ,   5751 : 3.1295333988626e+00 +(1e-02,2e-02) | 3.85e+02 |  2:2.1e-04  8:2.7e-03
  576 ,   5761 : 3.1295506888948e+00 +(9e-03,2e-02) | 3.82e+02 |  2:1.8e-04  8:2.4e-03
  577 ,   5771 : 3.1294924852264e+00 +(1e-02,2e-02) | 3.83e+02 |  2:1.6e-04  8:2.1e-03
  578 ,   5781 : 3.1294671248993e+00 +(3e-03,2e-02) | 3.82e+02 |  2:1.5e-04  8:1.9e-03
  579 ,   5791 : 3.1294797669361e+00 +(1e-02,2e-02) | 3.86e+02 |  2:1.5e-04  8:1.8e-03
Iterat, #Fevals:   Function Value    (median,worst) |Axis Ratio|idx:Min SD idx:Max SD
  580 ,   5801 : 3.1293696098788e+00 +(2e-03,2e-02) | 3.90e+02 |  2:1.3e-04  8:1.6e-03
  581 ,   5811 : 3.1287049639214e+00 +(2e-03,2e-02) | 4.00e+02 |  2:1.6e-04  8:2.0e-03
  582 ,   5821 : 3.1294171151016e+00 +(1e-02,2e-02) | 3.98e+02 |  2:1.6e-04  8:2.1e-03
  583 ,   5831 : 3.1293361150282e+00 +(1e-02,2e-02) | 4.17e+02 |  2:1.7e-04  8:2.2e-03
  584 ,   5841 : 3.1293527162852e+00 +(4e-03,2e-02) | 4.22e+02 |  2:1.6e-04  8:2.1e-03
  585 ,   5851 : 3.1293729751001e+00 +(1e-02,2e-02) | 4.32e+02 |  2:1.5e-04  8:2.0e-03
  586 ,   5861 : 3.1293446006082e+00 +(5e-03,2e-02) | 4.39e+02 |  2:1.4e-04  8:1.8e-03
  587 ,   5871 : 3.1295737969988e+00 +(4e-03,2e-02) | 4.38e+02 |  2:1.4e-04  8:1.8e-03
  588 ,   5881 : 3.1295875807123e+00 +(1e-02,2e-02) | 4.39e+02 |  2:1.3e-04  8:1.6e-03
  589 ,   5891 : 3.1328700982458e+00 +(1e-02,2e-02) | 4.33e+02 |  2:1.2e-04  8:1.6e-03
Iterat, #Fevals:   Function Value    (median,worst) |Axis Ratio|idx:Min SD idx:Max SD
  590 ,   5901 : 3.1294965536214e+00 +(1e-02,2e-02) | 4.31e+02 |  2:1.2e-04  8:1.5e-03
  591 ,   5911 : 3.1295031972020e+00 +(9e-03,2e-02) | 4.37e+02 |  2:1.2e-04  8:1.4e-03
  592 ,   5921 : 3.1294218894666e+00 +(3e-03,2e-02) | 4.45e+02 |  2:1.3e-04  8:1.6e-03
  593 ,   5931 : 3.1288665263119e+00 +(5e-03,2e-02) | 4.43e+02 |  2:1.2e-04  8:1.5e-03
  594 ,   5941 : 3.1295380873753e+00 +(3e-03,2e-02) | 4.44e+02 |  2:1.1e-04  8:1.4e-03
  595 ,   5951 : 3.1294722221379e+00 +(3e-03,2e-02) | 4.35e+02 |  2:1.0e-04  8:1.3e-03
  596 ,   5961 : 3.1288261384915e+00 +(8e-03,2e-02) | 4.38e+02 |  2:9.4e-05  8:1.2e-03
  597 ,   5971 : 3.1294488923435e+00 +(1e-02,2e-02) | 4.53e+02 |  2:8.6e-05  8:1.1e-03
  598 ,   5981 : 3.1294676475753e+00 +(2e-02,2e-02) | 4.54e+02 |  2:7.5e-05  8:9.9e-04
  599 ,   5991 : 3.1295747305083e+00 +(1e-02,2e-02) | 4.60e+02 |  2:7.2e-05  8:9.4e-04
Iterat, #Fevals:   Function Value    (median,worst) |Axis Ratio|idx:Min SD idx:Max SD
  600 ,   6001 : 3.1294237954252e+00 +(6e-03,2e-02) | 4.49e+02 |  2:7.4e-05  8:9.4e-04
  601 ,   6011 : 3.1294926544363e+00 +(1e-02,2e-02) | 4.45e+02 |  2:7.6e-05  8:9.7e-04
  602 ,   6021 : 3.1317082013254e+00 +(5e-03,2e-02) | 4.43e+02 |  2:6.8e-05  8:8.6e-04
  603 ,   6031 : 3.1293876974693e+00 +(2e-03,2e-02) | 4.59e+02 |  2:6.3e-05  8:8.0e-04
  604 ,   6041 : 3.1295364262781e+00 +(3e-03,2e-02) | 4.56e+02 |  2:6.1e-05  8:7.7e-04
  605 ,   6051 : 3.1294346290854e+00 +(3e-03,2e-02) | 4.51e+02 |  2:5.8e-05  8:7.4e-04
  606 ,   6061 : 3.1293122277917e+00 +(7e-03,2e-02) | 4.58e+02 |  2:5.2e-05  8:6.6e-04
  607 ,   6071 : 3.1293865842853e+00 +(4e-03,2e-02) | 4.58e+02 |  2:4.7e-05  8:5.9e-04
  608 ,   6081 : 3.1300282052338e+00 +(1e-02,2e-02) | 4.51e+02 |  2:4.6e-05  8:5.8e-04
  609 ,   6091 : 3.1294477578533e+00 +(1e-02,2e-02) | 4.56e+02 |  2:4.4e-05  8:5.7e-04
Iterat, #Fevals:   Function Value    (median,worst) |Axis Ratio|idx:Min SD idx:Max SD
  610 ,   6101 : 3.1296783942417e+00 +(2e-02,2e-02) | 4.60e+02 |  2:4.1e-05  8:5.3e-04
  611 ,   6111 : 3.1293454626083e+00 +(5e-03,2e-02) | 4.63e+02 |  2:3.8e-05  8:4.9e-04
  612 ,   6121 : 3.1295390013443e+00 +(2e-02,2e-02) | 4.61e+02 |  2:3.9e-05  8:5.1e-04
  613 ,   6131 : 3.1294159891783e+00 +(8e-03,2e-02) | 4.56e+02 |  2:4.1e-05  8:5.4e-04
  614 ,   6141 : 3.1294410604461e+00 +(8e-03,2e-02) | 4.58e+02 |  2:4.2e-05  8:5.5e-04
  615 ,   6151 : 3.1294823903812e+00 +(2e-02,2e-02) | 4.49e+02 |  2:4.4e-05  8:5.7e-04
  616 ,   6161 : 3.1306576053965e+00 +(1e-02,2e-02) | 4.47e+02 |  2:4.4e-05  8:5.7e-04
  617 ,   6171 : 3.1296977181104e+00 +(1e-02,2e-02) | 4.34e+02 |  2:4.5e-05  8:5.9e-04
  618 ,   6181 : 3.1295385500483e+00 +(1e-02,2e-02) | 4.26e+02 |  2:4.4e-05  8:5.7e-04
  619 ,   6191 : 3.1311403289843e+00 +(2e-03,2e-02) | 4.15e+02 |  2:4.5e-05  8:5.9e-04
Iterat, #Fevals:   Function Value    (median,worst) |Axis Ratio|idx:Min SD idx:Max SD
  620 ,   6201 : 3.1304930466758e+00 +(3e-03,2e-02) | 4.14e+02 |  2:4.5e-05  8:5.8e-04
  621 ,   6211 : 3.1294748668980e+00 +(3e-03,2e-02) | 4.12e+02 |  2:4.1e-05  8:5.4e-04
  622 ,   6221 : 3.1293161787480e+00 +(3e-03,2e-02) | 4.00e+02 |  2:3.9e-05  8:5.1e-04
  623 ,   6231 : 3.1295845417785e+00 +(2e-02,2e-02) | 4.03e+02 |  2:4.3e-05  8:5.2e-04
  624 ,   6241 : 3.1293624278727e+00 +(5e-03,2e-02) | 4.10e+02 |  2:4.5e-05  8:5.4e-04
  625 ,   6251 : 3.1287879662758e+00 +(2e-02,2e-02) | 4.09e+02 |  2:4.6e-05  8:5.5e-04
  626 ,   6261 : 3.1294479607083e+00 +(2e-02,2e-02) | 4.23e+02 |  2:4.4e-05  8:5.4e-04
  627 ,   6271 : 3.1293570457692e+00 +(3e-03,2e-02) | 4.20e+02 |  2:4.3e-05  8:5.3e-04
  628 ,   6281 : 3.1298202385192e+00 +(3e-03,2e-02) | 4.20e+02 |  2:4.2e-05  8:5.2e-04
  629 ,   6291 : 3.1286648257620e+00 +(3e-03,2e-02) | 4.25e+02 |  2:3.9e-05  8:4.8e-04
Iterat, #Fevals:   Function Value    (median,worst) |Axis Ratio|idx:Min SD idx:Max SD
  630 ,   6301 : 3.1294607832458e+00 +(4e-03,2e-02) | 4.37e+02 |  2:3.8e-05  8:4.8e-04
  631 ,   6311 : 3.1292623546742e+00 +(2e-02,2e-02) | 4.39e+02 |  2:3.5e-05  8:4.4e-04
  632 ,   6321 : 3.1294418488440e+00 +(6e-03,2e-02) | 4.34e+02 |  2:3.4e-05  8:4.1e-04
  633 ,   6331 : 3.1295102235297e+00 +(1e-02,2e-02) | 4.37e+02 |  2:4.0e-05  8:4.4e-04
  634 ,   6341 : 3.1295014649736e+00 +(4e-03,2e-02) | 4.43e+02 |  2:4.1e-05  8:4.4e-04
  635 ,   6351 : 3.1291610784880e+00 +(4e-03,2e-02) | 4.40e+02 |  2:4.4e-05  8:4.5e-04
  636 ,   6361 : 3.1294737128101e+00 +(3e-03,2e-02) | 4.57e+02 |  2:4.3e-05  8:4.6e-04
  637 ,   6371 : 3.1294653251253e+00 +(2e-02,2e-02) | 4.62e+02 |  2:4.3e-05  8:4.7e-04
  638 ,   6381 : 3.1295176627954e+00 +(6e-03,2e-02) | 4.79e+02 |  2:3.9e-05  8:4.3e-04
  639 ,   6391 : 3.1295035287414e+00 +(5e-03,2e-02) | 4.84e+02 |  2:3.9e-05  8:4.2e-04
Iterat, #Fevals:   Function Value    (median,worst) |Axis Ratio|idx:Min SD idx:Max SD
  640 ,   6401 : 3.1291847015276e+00 +(3e-03,2e-02) | 4.84e+02 |  2:3.8e-05  8:4.2e-04
  641 ,   6411 : 3.1294981119171e+00 +(3e-03,2e-02) | 4.79e+02 |  2:3.6e-05  8:4.0e-04
  642 ,   6421 : 3.1312126254653e+00 +(8e-03,2e-02) | 4.78e+02 |  2:3.5e-05  8:3.9e-04
  643 ,   6431 : 3.1294848244549e+00 +(9e-03,2e-02) | 4.80e+02 |  2:3.3e-05  8:3.5e-04
  644 ,   6441 : 3.1294672390136e+00 +(3e-03,2e-02) | 4.95e+02 |  2:3.3e-05  8:3.8e-04
  645 ,   6451 : 3.1294344131593e+00 +(2e-02,2e-02) | 5.02e+02 |  2:3.3e-05  8:3.8e-04
  646 ,   6461 : 3.1294839857713e+00 +(2e-03,2e-02) | 5.03e+02 |  2:3.0e-05  8:3.5e-04
  647 ,   6471 : 3.1293086218896e+00 +(1e-02,2e-02) | 4.90e+02 |  2:2.8e-05  8:3.3e-04
  648 ,   6481 : 3.1294523593299e+00 +(3e-03,2e-02) | 4.89e+02 |  2:2.8e-05  8:3.3e-04
  649 ,   6491 : 3.1295407686709e+00 +(2e-02,2e-02) | 4.83e+02 |  2:2.5e-05  8:2.9e-04
Iterat, #Fevals:   Function Value    (median,worst) |Axis Ratio|idx:Min SD idx:Max SD
  650 ,   6501 : 3.1294297232074e+00 +(6e-03,2e-02) | 4.88e+02 |  2:2.3e-05  8:2.7e-04
  651 ,   6511 : 3.1288615152944e+00 +(3e-03,2e-02) | 4.89e+02 |  2:2.1e-05  8:2.5e-04
  652 ,   6521 : 3.1296051611180e+00 +(9e-03,2e-02) | 4.70e+02 |  2:2.0e-05  8:2.3e-04
  653 ,   6531 : 3.1288155758256e+00 +(4e-03,2e-02) | 4.66e+02 |  2:2.0e-05  8:2.3e-04
  654 ,   6541 : 3.1294925502572e+00 +(3e-03,2e-02) | 4.70e+02 |  2:2.1e-05  8:2.4e-04
  655 ,   6551 : 3.1328370066061e+00 +(1e-02,2e-02) | 4.80e+02 |  2:2.0e-05  8:2.4e-04
  656 ,   6561 : 3.1294427584758e+00 +(2e-02,2e-02) | 4.88e+02 |  2:2.1e-05  8:2.5e-04
  657 ,   6571 : 3.1294432363186e+00 +(3e-03,2e-02) | 4.85e+02 |  2:2.2e-05  8:2.8e-04
  658 ,   6581 : 3.1299967226288e+00 +(6e-03,2e-02) | 4.96e+02 |  2:2.3e-05  8:2.9e-04
  659 ,   6591 : 3.1294119832241e+00 +(9e-03,2e-02) | 5.04e+02 |  2:2.2e-05  8:2.8e-04
Iterat, #Fevals:   Function Value    (median,worst) |Axis Ratio|idx:Min SD idx:Max SD
  660 ,   6601 : 3.1296142989482e+00 +(3e-03,2e-02) | 5.00e+02 |  2:2.1e-05  8:2.7e-04
  661 ,   6611 : 3.1290383736936e+00 +(5e-03,2e-02) | 5.03e+02 |  2:1.9e-05  8:2.6e-04
  662 ,   6621 : 3.1294465694214e+00 +(1e-03,2e-02) | 4.95e+02 |  2:1.8e-05  8:2.4e-04
  663 ,   6631 : 3.1294340219690e+00 +(3e-03,2e-02) | 4.92e+02 |  2:1.7e-05  8:2.2e-04
  664 ,   6641 : 3.1293395733840e+00 +(8e-03,2e-02) | 4.97e+02 |  2:1.5e-05  8:2.1e-04
  665 ,   6651 : 3.1293656619480e+00 +(3e-03,2e-02) | 5.01e+02 |  2:1.4e-05  8:2.0e-04
  666 ,   6661 : 3.1305411686110e+00 +(3e-03,2e-02) | 4.83e+02 |  2:1.5e-05  8:2.1e-04
  667 ,   6671 : 3.1295497038943e+00 +(2e-02,2e-02) | 4.90e+02 |  2:1.5e-05  8:2.0e-04
  668 ,   6681 : 3.1294908943401e+00 +(2e-02,2e-02) | 4.92e+02 |  2:1.6e-05  8:2.2e-04
  669 ,   6691 : 3.1288280994763e+00 +(9e-04,3e-02) | 4.94e+02 |  2:1.7e-05  8:2.2e-04
Iterat, #Fevals:   Function Value    (median,worst) |Axis Ratio|idx:Min SD idx:Max SD
  670 ,   6701 : 3.1306660297077e+00 +(3e-03,2e-02) | 4.97e+02 |  2:1.6e-05  8:2.1e-04
  671 ,   6711 : 3.1292963440851e+00 +(1e-02,2e-02) | 4.82e+02 |  2:1.5e-05  8:2.0e-04
  672 ,   6721 : 3.1329583162323e+00 +(1e-02,2e-02) | 4.85e+02 |  2:1.4e-05  8:1.8e-04
  673 ,   6731 : 3.1294209936096e+00 +(2e-02,2e-02) | 4.88e+02 |  2:1.4e-05  8:1.8e-04
  674 ,   6741 : 3.1296889768950e+00 +(4e-03,2e-02) | 4.77e+02 |  2:1.4e-05  8:1.8e-04
  675 ,   6751 : 3.1293493701549e+00 +(2e-03,2e-02) | 4.95e+02 |  2:1.4e-05  8:2.0e-04
  676 ,   6761 : 3.1299796285815e+00 +(9e-03,2e-02) | 4.93e+02 |  2:1.6e-05  8:2.1e-04
  677 ,   6771 : 3.1294849102458e+00 +(3e-03,2e-02) | 4.95e+02 |  2:1.7e-05  8:2.2e-04
  678 ,   6781 : 3.1295156875093e+00 +(1e-02,2e-02) | 4.92e+02 |  2:1.5e-05  8:2.0e-04
  679 ,   6791 : 3.1296301704013e+00 +(2e-02,2e-02) | 5.05e+02 |  2:1.5e-05  8:2.1e-04
Iterat, #Fevals:   Function Value    (median,worst) |Axis Ratio|idx:Min SD idx:Max SD
  680 ,   6801 : 3.1292334557554e+00 +(5e-03,2e-02) | 5.15e+02 |  2:1.5e-05  8:2.0e-04
  681 ,   6811 : 3.1295522496943e+00 +(5e-03,2e-02) | 5.17e+02 |  2:1.4e-05  8:1.9e-04
  682 ,   6821 : 3.1306774548157e+00 +(3e-03,2e-02) | 5.23e+02 |  2:1.4e-05  8:1.9e-04
  683 ,   6831 : 3.1295338088078e+00 +(3e-03,2e-02) | 5.24e+02 |  2:1.3e-05  8:1.8e-04
  684 ,   6841 : 3.1287724340330e+00 +(5e-03,3e-02) | 5.29e+02 |  2:1.3e-05  8:1.8e-04
  685 ,   6851 : 3.1294402477492e+00 +(1e-02,2e-02) | 5.27e+02 |  2:1.3e-05  8:1.9e-04
  686 ,   6861 : 3.1293832061111e+00 +(4e-03,2e-02) | 5.29e+02 |  2:1.4e-05  8:1.9e-04
  687 ,   6871 : 3.1300587711434e+00 +(6e-03,2e-02) | 5.29e+02 |  2:1.2e-05  8:1.7e-04
  688 ,   6881 : 3.1294467367316e+00 +(3e-03,2e-02) | 5.15e+02 |  2:1.2e-05  8:1.6e-04
  689 ,   6891 : 3.1293450134883e+00 +(2e-02,2e-02) | 4.74e+02 |  2:1.3e-05  8:1.9e-04
Iterat, #Fevals:   Function Value    (median,worst) |Axis Ratio|idx:Min SD idx:Max SD
  690 ,   6901 : 3.1294210562363e+00 +(1e-02,2e-02) | 4.68e+02 |  2:1.3e-05  8:1.9e-04
  691 ,   6911 : 3.1275596538338e+00 +(7e-03,3e-02) | 4.64e+02 |  2:1.3e-05  8:1.9e-04
  692 ,   6921 : 3.1294862392210e+00 +(1e-02,2e-02) | 4.61e+02 |  2:1.4e-05  8:1.9e-04
  693 ,   6931 : 3.1294277361877e+00 +(2e-02,2e-02) | 4.71e+02 |  2:1.5e-05  8:1.9e-04
  694 ,   6941 : 3.1294572089640e+00 +(1e-02,2e-02) | 4.75e+02 |  2:1.4e-05  8:1.9e-04
  695 ,   6951 : 3.1288400837557e+00 +(3e-03,2e-02) | 4.76e+02 |  2:1.2e-05  8:1.6e-04
  696 ,   6961 : 3.1295526042868e+00 +(3e-03,2e-02) | 4.89e+02 |  2:1.3e-05  8:1.6e-04
  697 ,   6971 : 3.1288340757444e+00 +(1e-02,2e-02) | 4.87e+02 |  2:1.3e-05  8:1.6e-04
  698 ,   6981 : 3.1293182825189e+00 +(1e-02,2e-02) | 4.85e+02 |  2:1.2e-05  8:1.5e-04
  699 ,   6991 : 3.1294745563803e+00 +(2e-02,2e-02) | 4.86e+02 |  2:1.1e-05  8:1.4e-04
Iterat, #Fevals:   Function Value    (median,worst) |Axis Ratio|idx:Min SD idx:Max SD
  700 ,   7001 : 3.1294455840176e+00 +(2e-03,2e-02) | 4.80e+02 |  2:1.0e-05  8:1.2e-04
  701 ,   7011 : 3.1301748988567e+00 +(3e-03,1e-02) | 4.85e+02 |  2:9.8e-06  8:1.2e-04
  702 ,   7021 : 3.1294831817736e+00 +(3e-03,2e-02) | 4.73e+02 |  2:9.2e-06  8:1.1e-04
  703 ,   7031 : 3.1294125143131e+00 +(1e-02,2e-02) | 4.73e+02 |  2:8.7e-06  8:1.1e-04
  704 ,   7041 : 3.1294656240976e+00 +(1e-02,2e-02) | 4.73e+02 |  2:9.3e-06  8:1.1e-04
  705 ,   7051 : 3.1300279978125e+00 +(3e-03,1e-02) | 4.68e+02 |  2:8.6e-06  8:1.0e-04
  706 ,   7061 : 3.1314612551559e+00 +(3e-03,2e-02) | 4.80e+02 |  2:8.6e-06  8:1.1e-04
  707 ,   7071 : 3.1294417722471e+00 +(1e-02,2e-02) | 5.07e+02 |  2:9.5e-06  8:1.2e-04
  708 ,   7081 : 3.1302573824300e+00 +(3e-03,2e-02) | 5.10e+02 |  2:9.9e-06  8:1.2e-04
  709 ,   7091 : 3.1293257628587e+00 +(2e-03,2e-02) | 5.29e+02 |  2:9.9e-06  8:1.2e-04
Iterat, #Fevals:   Function Value    (median,worst) |Axis Ratio|idx:Min SD idx:Max SD
  710 ,   7101 : 3.1288817378338e+00 +(3e-03,2e-02) | 5.27e+02 |  2:9.8e-06  8:1.2e-04
  711 ,   7111 : 3.1294857908766e+00 +(3e-03,2e-02) | 5.57e+02 |  2:9.6e-06  8:1.2e-04
  712 ,   7121 : 3.1293803679363e+00 +(5e-03,2e-02) | 5.67e+02 |  2:9.9e-06  8:1.3e-04
  713 ,   7131 : 3.1294934876490e+00 +(5e-03,2e-02) | 5.88e+02 |  2:1.1e-05  8:1.4e-04
  714 ,   7141 : 3.1293703653729e+00 +(1e-02,2e-02) | 6.02e+02 |  2:1.3e-05  8:1.7e-04
  715 ,   7151 : 3.1294487716300e+00 +(7e-03,2e-02) | 6.02e+02 |  2:1.5e-05  8:2.0e-04
  716 ,   7161 : 3.1294307375874e+00 +(4e-03,2e-02) | 6.11e+02 |  2:1.5e-05  8:2.0e-04
  717 ,   7171 : 3.1294267688339e+00 +(1e-03,2e-02) | 6.12e+02 |  2:1.6e-05  8:2.1e-04
  718 ,   7181 : 3.1294412992744e+00 +(1e-02,2e-02) | 6.34e+02 |  2:1.7e-05  8:2.2e-04
  719 ,   7191 : 3.1295462038500e+00 +(6e-03,2e-02) | 6.39e+02 |  2:1.6e-05  8:2.2e-04
Iterat, #Fevals:   Function Value    (median,worst) |Axis Ratio|idx:Min SD idx:Max SD
  720 ,   7201 : 3.1295132631570e+00 +(2e-02,2e-02) | 6.56e+02 |  2:1.6e-05  8:2.2e-04
  721 ,   7211 : 3.1294502285208e+00 +(2e-02,2e-02) | 6.76e+02 |  2:1.7e-05  8:2.5e-04
  722 ,   7221 : 3.1308948655603e+00 +(1e-02,2e-02) | 6.88e+02 |  2:1.7e-05  8:2.4e-04
  723 ,   7231 : 3.1287654107605e+00 +(2e-02,2e-02) | 7.07e+02 |  2:1.7e-05  8:2.5e-04
  724 ,   7241 : 3.1306557071959e+00 +(1e-02,2e-02) | 6.83e+02 |  2:1.7e-05  8:2.5e-04
  725 ,   7251 : 3.1316555014104e+00 +(1e-03,2e-02) | 6.84e+02 |  2:1.7e-05  8:2.6e-04
  726 ,   7261 : 3.1294716549989e+00 +(8e-03,2e-02) | 6.99e+02 |  2:1.7e-05  8:2.7e-04
  727 ,   7271 : 3.1287087871209e+00 +(2e-03,2e-02) | 6.89e+02 |  2:1.8e-05  8:2.8e-04
  728 ,   7281 : 3.1295387700847e+00 +(1e-02,2e-02) | 6.83e+02 |  2:2.0e-05  8:3.0e-04
  729 ,   7291 : 3.1316964853672e+00 +(1e-02,2e-02) | 6.82e+02 |  2:2.1e-05  8:3.0e-04
Iterat, #Fevals:   Function Value    (median,worst) |Axis Ratio|idx:Min SD idx:Max SD
  730 ,   7301 : 3.1294815145919e+00 +(2e-02,2e-02) | 6.85e+02 |  2:1.9e-05  8:2.7e-04
  731 ,   7311 : 3.1287760731213e+00 +(5e-03,2e-02) | 6.71e+02 |  2:1.7e-05  8:2.5e-04
  732 ,   7321 : 3.1287370431993e+00 +(4e-03,2e-02) | 6.69e+02 |  2:1.8e-05  8:2.5e-04
  733 ,   7331 : 3.1286232090062e+00 +(3e-03,2e-02) | 6.63e+02 |  2:1.8e-05  8:2.4e-04
  734 ,   7341 : 3.1295048488065e+00 +(4e-03,2e-02) | 6.66e+02 |  2:1.7e-05  8:2.5e-04
  735 ,   7351 : 3.1293994713713e+00 +(1e-03,2e-02) | 6.54e+02 |  2:1.6e-05  8:2.3e-04
  736 ,   7361 : 3.1295492629839e+00 +(4e-03,2e-02) | 6.45e+02 |  2:1.6e-05  8:2.3e-04
  737 ,   7371 : 3.1314593136907e+00 +(1e-02,2e-02) | 6.47e+02 |  2:1.5e-05  8:2.1e-04
  738 ,   7381 : 3.1293732590881e+00 +(1e-02,2e-02) | 6.25e+02 |  2:1.6e-05  8:2.1e-04
  739 ,   7391 : 3.1294682795639e+00 +(2e-03,2e-02) | 6.24e+02 |  2:1.5e-05  8:2.0e-04
Iterat, #Fevals:   Function Value    (median,worst) |Axis Ratio|idx:Min SD idx:Max SD
  740 ,   7401 : 3.1293996454071e+00 +(5e-03,2e-02) | 6.28e+02 |  2:1.5e-05  8:2.0e-04
  741 ,   7411 : 3.1287818990065e+00 +(4e-03,2e-02) | 6.62e+02 |  2:1.6e-05  8:2.2e-04
  742 ,   7421 : 3.1294332342353e+00 +(2e-03,2e-02) | 7.80e+02 |  2:2.0e-05  8:3.0e-04
  743 ,   7431 : 3.1294884803467e+00 +(4e-03,2e-02) | 8.22e+02 |  2:2.5e-05  8:3.7e-04
  744 ,   7441 : 3.1294137731819e+00 +(9e-03,2e-02) | 8.21e+02 |  2:2.9e-05  8:4.4e-04
  745 ,   7451 : 3.1295275082648e+00 +(4e-03,2e-02) | 8.26e+02 |  2:3.1e-05  8:4.7e-04
  746 ,   7461 : 3.1304513401332e+00 +(1e-02,2e-02) | 8.30e+02 |  2:3.5e-05  8:5.1e-04
  747 ,   7471 : 3.1299220556794e+00 +(1e-02,2e-02) | 8.33e+02 |  2:3.4e-05  8:5.0e-04
  748 ,   7481 : 3.1288220848254e+00 +(8e-03,2e-02) | 8.58e+02 |  2:4.0e-05  8:5.5e-04
  749 ,   7491 : 3.1306459419646e+00 +(7e-03,2e-02) | 7.87e+02 |  2:4.6e-05  8:6.3e-04
Iterat, #Fevals:   Function Value    (median,worst) |Axis Ratio|idx:Min SD idx:Max SD
  750 ,   7501 : 3.1293911371200e+00 +(3e-03,2e-02) | 7.83e+02 |  2:4.8e-05  8:6.4e-04
  751 ,   7511 : 3.1295003722170e+00 +(9e-03,2e-02) | 8.00e+02 |  2:4.7e-05  8:6.3e-04
  752 ,   7521 : 3.1380484657231e+00 +(8e-03,2e-02) | 8.06e+02 |  2:4.3e-05  8:5.8e-04
  753 ,   7531 : 3.1294080131085e+00 +(2e-02,2e-02) | 8.10e+02 |  2:4.1e-05  8:5.4e-04
  754 ,   7541 : 3.1295462465852e+00 +(9e-03,2e-02) | 8.09e+02 |  2:3.9e-05  8:5.2e-04
  755 ,   7551 : 3.1287957592853e+00 +(2e-02,2e-02) | 8.30e+02 |  2:4.2e-05  8:5.6e-04
  756 ,   7561 : 3.1287773032539e+00 +(7e-03,2e-02) | 8.31e+02 |  2:3.8e-05  8:5.1e-04
  757 ,   7571 : 3.1293771128215e+00 +(9e-03,2e-02) | 7.91e+02 |  2:4.1e-05  8:5.4e-04
  758 ,   7581 : 3.1293302952569e+00 +(4e-03,2e-02) | 8.03e+02 |  2:3.9e-05  8:5.2e-04
  759 ,   7591 : 3.1295173442300e+00 +(6e-03,2e-02) | 7.97e+02 |  2:4.0e-05  8:5.3e-04
Iterat, #Fevals:   Function Value    (median,worst) |Axis Ratio|idx:Min SD idx:Max SD
  760 ,   7601 : 3.1293750685316e+00 +(1e-02,2e-02) | 7.96e+02 |  2:3.8e-05  8:5.0e-04
  761 ,   7611 : 3.1295357248714e+00 +(2e-03,2e-02) | 7.92e+02 |  2:3.6e-05  8:4.8e-04
  762 ,   7621 : 3.1295399620993e+00 +(3e-03,2e-02) | 7.99e+02 |  2:3.8e-05  8:5.1e-04
  763 ,   7631 : 3.1304910725327e+00 +(4e-03,2e-02) | 7.99e+02 |  2:3.7e-05  8:5.0e-04
  764 ,   7641 : 3.1295014426644e+00 +(2e-02,2e-02) | 8.15e+02 |  2:3.8e-05  8:5.1e-04
  765 ,   7651 : 3.1301306323294e+00 +(9e-03,2e-02) | 8.45e+02 |  2:4.0e-05  8:5.4e-04
  766 ,   7661 : 3.1316934763979e+00 +(8e-03,2e-02) | 8.46e+02 |  2:4.7e-05  8:6.0e-04
  767 ,   7671 : 3.1295440121346e+00 +(1e-02,2e-02) | 8.52e+02 |  2:5.4e-05  8:6.9e-04
  768 ,   7681 : 3.1299570416672e+00 +(9e-03,2e-02) | 8.71e+02 |  2:5.6e-05  8:7.1e-04
  769 ,   7691 : 3.1293816113788e+00 +(3e-03,2e-02) | 8.68e+02 |  2:6.2e-05  8:7.6e-04
Iterat, #Fevals:   Function Value    (median,worst) |Axis Ratio|idx:Min SD idx:Max SD
  770 ,   7701 : 3.1293563740926e+00 +(2e-03,2e-02) | 8.69e+02 |  2:6.5e-05  8:8.1e-04
  771 ,   7711 : 3.1287727090328e+00 +(2e-03,2e-02) | 8.62e+02 |  2:6.3e-05  8:8.0e-04
  772 ,   7721 : 3.1294376760827e+00 +(6e-03,2e-02) | 8.62e+02 |  2:5.8e-05  8:7.3e-04
  773 ,   7731 : 3.1294390744849e+00 +(2e-02,2e-02) | 8.54e+02 |  2:6.1e-05  8:7.2e-04
  774 ,   7741 : 3.1294977546901e+00 +(1e-02,2e-02) | 8.57e+02 |  2:6.2e-05  8:7.2e-04
  775 ,   7751 : 3.1295188861641e+00 +(4e-03,2e-02) | 8.57e+02 |  2:6.0e-05  8:6.7e-04
  776 ,   7761 : 3.1295340614023e+00 +(3e-03,2e-02) | 8.50e+02 |  2:5.9e-05  8:6.7e-04
  777 ,   7771 : 3.1293227347036e+00 +(9e-03,2e-02) | 9.01e+02 |  2:6.1e-05  8:6.9e-04
  778 ,   7781 : 3.1294294816163e+00 +(1e-02,2e-02) | 9.19e+02 |  2:5.8e-05  8:6.6e-04
  779 ,   7791 : 3.1294173506745e+00 +(5e-03,2e-02) | 9.07e+02 |  2:5.9e-05  8:6.7e-04
Iterat, #Fevals:   Function Value    (median,worst) |Axis Ratio|idx:Min SD idx:Max SD
  780 ,   7801 : 3.1306219487708e+00 +(9e-03,2e-02) | 9.05e+02 |  1:6.5e-05  8:7.2e-04
  781 ,   7811 : 3.1317699835615e+00 +(1e-02,2e-02) | 9.01e+02 |  1:6.1e-05  8:6.7e-04
  782 ,   7821 : 3.1318141102400e+00 +(7e-03,2e-02) | 9.06e+02 |  2:5.7e-05  8:6.3e-04
  783 ,   7831 : 3.1294626419312e+00 +(3e-03,2e-02) | 8.98e+02 |  2:5.9e-05  8:6.6e-04
  784 ,   7841 : 3.1294931616903e+00 +(3e-03,2e-02) | 8.89e+02 |  2:5.8e-05  8:6.4e-04
  785 ,   7851 : 3.1294997939551e+00 +(3e-03,2e-02) | 8.73e+02 |  2:5.7e-05  8:6.3e-04
  786 ,   7861 : 3.1293153545818e+00 +(2e-03,2e-02) | 8.76e+02 |  2:5.6e-05  8:6.2e-04
  787 ,   7871 : 3.1294159578918e+00 +(6e-03,2e-02) | 8.91e+02 |  2:5.2e-05  8:5.7e-04
  788 ,   7881 : 3.1300712877351e+00 +(1e-02,2e-02) | 8.81e+02 |  2:4.9e-05  8:5.3e-04
  789 ,   7891 : 3.1317644518253e+00 +(1e-02,2e-02) | 8.93e+02 |  2:5.0e-05  8:5.2e-04
Iterat, #Fevals:   Function Value    (median,worst) |Axis Ratio|idx:Min SD idx:Max SD
  790 ,   7901 : 3.1287764811131e+00 +(8e-03,2e-02) | 8.92e+02 |  2:4.3e-05  8:4.4e-04
  791 ,   7911 : 3.1295025234544e+00 +(2e-02,2e-02) | 9.14e+02 |  2:4.1e-05  8:4.3e-04
  792 ,   7921 : 3.1294044939673e+00 +(5e-03,2e-02) | 9.43e+02 |  2:4.1e-05  8:4.3e-04
  793 ,   7931 : 3.1294528049042e+00 +(8e-03,2e-02) | 9.76e+02 |  1:4.0e-05  8:4.4e-04
  794 ,   7941 : 3.1301228802120e+00 +(8e-04,2e-02) | 9.91e+02 |  1:4.0e-05  8:4.4e-04
  795 ,   7951 : 3.1300759848138e+00 +(2e-02,2e-02) | 1.01e+03 |  1:4.1e-05  8:4.6e-04
  796 ,   7961 : 3.1294573034041e+00 +(4e-03,2e-02) | 1.01e+03 |  1:3.9e-05  8:4.3e-04
  797 ,   7971 : 3.1294610922081e+00 +(1e-02,2e-02) | 1.02e+03 |  1:3.7e-05  8:4.2e-04
  798 ,   7981 : 3.1293836586805e+00 +(8e-03,2e-02) | 1.01e+03 |  1:3.2e-05  8:3.6e-04
  799 ,   7991 : 3.1318643998153e+00 +(4e-03,2e-02) | 9.83e+02 |  1:3.0e-05  8:3.4e-04
Iterat, #Fevals:   Function Value    (median,worst) |Axis Ratio|idx:Min SD idx:Max SD
  800 ,   8001 : 3.1286930855508e+00 +(4e-03,3e-02) | 9.96e+02 |  2:2.9e-05  8:3.2e-04
  801 ,   8011 : 3.1294482884137e+00 +(1e-02,2e-02) | 1.02e+03 |  2:3.2e-05  8:3.7e-04
  802 ,   8021 : 3.1305712353861e+00 +(9e-03,2e-02) | 1.02e+03 |  2:3.5e-05  8:4.1e-04
  803 ,   8031 : 3.1300520552408e+00 +(1e-02,2e-02) | 1.01e+03 |  2:3.3e-05  8:3.7e-04
  804 ,   8041 : 3.1294814691254e+00 +(9e-03,2e-02) | 1.02e+03 |  2:3.0e-05  8:3.4e-04
  805 ,   8051 : 3.1300310755985e+00 +(8e-03,2e-02) | 9.94e+02 |  2:2.7e-05  8:3.0e-04
  806 ,   8061 : 3.1294811791006e+00 +(9e-03,2e-02) | 9.82e+02 |  2:2.7e-05  8:3.0e-04
  807 ,   8071 : 3.1317746644986e+00 +(8e-03,2e-02) | 9.77e+02 |  2:2.8e-05  8:3.2e-04
  808 ,   8081 : 3.1295305924744e+00 +(2e-02,2e-02) | 9.90e+02 |  2:2.6e-05  8:3.0e-04
  809 ,   8091 : 3.1294253965179e+00 +(2e-03,2e-02) | 1.04e+03 |  2:2.6e-05  8:3.1e-04
Iterat, #Fevals:   Function Value    (median,worst) |Axis Ratio|idx:Min SD idx:Max SD
  810 ,   8101 : 3.1287120123845e+00 +(5e-03,2e-02) | 1.08e+03 |  2:2.7e-05  8:3.2e-04
  811 ,   8111 : 3.1293384917497e+00 +(8e-03,2e-02) | 1.09e+03 |  2:2.5e-05  8:2.9e-04
  812 ,   8121 : 3.1294488005863e+00 +(3e-03,2e-02) | 1.07e+03 |  2:2.4e-05  8:2.8e-04
  813 ,   8131 : 3.1297966998777e+00 +(6e-03,2e-02) | 1.07e+03 |  2:2.5e-05  8:2.9e-04
  814 ,   8141 : 3.1293915624009e+00 +(5e-03,2e-02) | 1.08e+03 |  2:2.4e-05  8:2.8e-04
  815 ,   8151 : 3.1294831950193e+00 +(4e-03,2e-02) | 1.11e+03 |  2:2.4e-05  8:2.8e-04
  816 ,   8161 : 3.1306511113794e+00 +(2e-02,2e-02) | 1.17e+03 |  2:2.6e-05  8:3.1e-04
  817 ,   8171 : 3.1295256730451e+00 +(8e-03,2e-02) | 1.18e+03 |  2:2.5e-05  8:3.0e-04
  818 ,   8181 : 3.1293233234340e+00 +(2e-04,2e-02) | 1.16e+03 |  2:2.4e-05  8:3.0e-04
  819 ,   8191 : 3.1299502721200e+00 +(1e-02,2e-02) | 1.15e+03 |  2:2.3e-05  8:2.9e-04
Iterat, #Fevals:   Function Value    (median,worst) |Axis Ratio|idx:Min SD idx:Max SD
  820 ,   8201 : 3.1295057483667e+00 +(3e-03,2e-02) | 1.17e+03 |  2:2.4e-05  8:2.9e-04
  821 ,   8211 : 3.1295048130421e+00 +(1e-02,2e-02) | 1.21e+03 |  2:2.6e-05  8:3.2e-04
  822 ,   8221 : 3.1293933953744e+00 +(6e-03,2e-02) | 1.25e+03 |  2:2.7e-05  8:3.4e-04
  823 ,   8231 : 3.1305463076052e+00 +(1e-02,2e-02) | 1.24e+03 |  2:2.6e-05  8:3.3e-04
  824 ,   8241 : 3.1294920994269e+00 +(5e-03,2e-02) | 1.24e+03 |  2:2.5e-05  8:3.1e-04
  825 ,   8251 : 3.1294207704864e+00 +(1e-02,2e-02) | 1.26e+03 |  2:2.4e-05  8:2.9e-04
  826 ,   8261 : 3.1285775348723e+00 +(1e-02,2e-02) | 1.25e+03 |  2:2.3e-05  8:2.9e-04
  827 ,   8271 : 3.1305073618975e+00 +(1e-02,2e-02) | 1.31e+03 |  2:2.6e-05  8:3.3e-04
  828 ,   8281 : 3.1287515965513e+00 +(2e-02,3e-02) | 1.32e+03 |  2:2.8e-05  8:3.5e-04
  829 ,   8291 : 3.1294518315561e+00 +(1e-02,2e-02) | 1.32e+03 |  2:3.1e-05  8:3.9e-04
Iterat, #Fevals:   Function Value    (median,worst) |Axis Ratio|idx:Min SD idx:Max SD
  830 ,   8301 : 3.1294088603439e+00 +(6e-03,2e-02) | 1.35e+03 |  2:2.9e-05  8:3.7e-04
  831 ,   8311 : 3.1293520482068e+00 +(2e-02,2e-02) | 1.39e+03 |  2:2.9e-05  8:3.7e-04
  832 ,   8321 : 3.1316804867292e+00 +(1e-03,2e-02) | 1.41e+03 |  2:2.7e-05  8:3.5e-04
  833 ,   8331 : 3.1300291487767e+00 +(8e-03,2e-02) | 1.41e+03 |  2:2.5e-05  8:3.2e-04
  834 ,   8341 : 3.1293937190649e+00 +(9e-03,2e-02) | 1.40e+03 |  2:2.3e-05  8:3.0e-04
  835 ,   8351 : 3.1304462642454e+00 +(5e-03,2e-02) | 1.40e+03 |  2:2.4e-05  8:3.1e-04
  836 ,   8361 : 3.1294443311890e+00 +(9e-03,2e-02) | 1.29e+03 |  2:2.6e-05  8:3.4e-04
  837 ,   8371 : 3.1288311062903e+00 +(4e-03,2e-02) | 1.30e+03 |  2:2.7e-05  8:3.4e-04
  838 ,   8381 : 3.1294700747201e+00 +(7e-03,2e-02) | 1.32e+03 |  2:2.7e-05  8:3.5e-04
  839 ,   8391 : 3.1292664155502e+00 +(6e-03,2e-02) | 1.31e+03 |  2:2.6e-05  8:3.4e-04
Iterat, #Fevals:   Function Value    (median,worst) |Axis Ratio|idx:Min SD idx:Max SD
  840 ,   8401 : 3.1287509456546e+00 +(2e-02,3e-02) | 1.34e+03 |  2:2.9e-05  8:3.8e-04
  841 ,   8411 : 3.1288231731202e+00 +(4e-03,2e-02) | 1.35e+03 |  2:3.0e-05  8:3.9e-04
#Fevals:   f(returned x)   |    bestever.f     | stopflag (saved to variablescmaes24.mat)
   8412: 3.12882317312e+00 | 3.12688337396e+00 | stagnation
mean solution: +9.3e-01 +1.5e+00 +5.3e-01 +4.8e+00 +1.3e+01 +1.2e+01 +7.6e-01 +3.1e+01 +7.8e-01
std deviation:  4.3e-05  3.0e-05  3.2e-05  9.6e-05  1.8e-04  1.2e-04  1.6e-04  3.9e-04  1.5e-04
use plotcmaesdat.m for plotting the output at any time (option LogModulo must not be zero)
