
                            < M A T L A B (R) >
                  Copyright 1984-2015 The MathWorks, Inc.
                   R2015a (8.5.0.197613) 64-bit (glnxa64)
                             February 12, 2015

 
For online documentation, see http://www.mathworks.com/support
For product information, visit www.mathworks.com.
 

	Academic License

  n=9: (5,10)-CMA-ES(w=[46 27 16 9 3]%, mu_eff=3.2) on function Error
Iterat, #Fevals:   Function Value    (median,worst) |Axis Ratio|idx:Min SD idx:Max SD
    1 ,     11 : 2.8893478905799e+01 +(2e+01,4e+09) | 1.95e+01 |  3:8.5e-01  7:1.6e+01
    2 ,     21 : 5.0313739658225e+01 +(1e+05,4e+20) | 1.97e+01 |  3:8.1e-01  7:1.6e+01
    3 ,     31 : 4.3060534982069e+01 +(8e+00,6e+16) | 1.94e+01 |  3:7.4e-01  7:1.4e+01
    4 ,     41 : 1.3572905052641e+01 +(4e+01,1e+09) | 1.99e+01 |  2:7.0e-01  7:1.4e+01
    5 ,     51 : 5.0852791437667e+01 +(9e+02,1e+18) | 2.10e+01 |  2:6.9e-01  7:1.4e+01
    6 ,     61 : 4.2205904219121e+01 +(9e+00,1e+12) | 2.15e+01 |  2:6.7e-01  7:1.4e+01
    7 ,     71 : 1.3138635142505e+01 +(4e+01,3e+08) | 2.23e+01 |  2:6.8e-01  7:1.5e+01
    8 ,     81 : 2.9711595393812e+01 +(2e+01,2e+13) | 2.22e+01 |  2:7.2e-01  7:1.5e+01
    9 ,     91 : 5.1039799755400e+01 +(5e-01,6e+07) | 2.22e+01 |  3:6.8e-01  7:1.5e+01
Iterat, #Fevals:   Function Value    (median,worst) |Axis Ratio|idx:Min SD idx:Max SD
   10 ,    101 : 3.4372343976790e+01 +(4e+02,7e+06) | 2.16e+01 |  2:6.6e-01  7:1.4e+01
   11 ,    111 : 4.7416268553866e+01 +(4e+00,4e+00) | 2.16e+01 |  2:6.8e-01  7:1.4e+01
   12 ,    121 : 3.9705594502110e+01 +(1e+01,1e+01) | 2.16e+01 |  2:6.4e-01  7:1.3e+01
   13 ,    131 : 1.8823377182130e+01 +(1e+03,9e+05) | 2.20e+01 |  2:6.2e-01  7:1.3e+01
   14 ,    141 : 3.2043105468216e+01 +(3e+01,1e+07) | 2.18e+01 |  2:6.1e-01  7:1.2e+01
   15 ,    151 : 4.6172620732369e+01 +(5e+00,5e+00) | 2.13e+01 |  3:6.2e-01  7:1.2e+01
   16 ,    161 : 2.7115386378281e+01 +(2e+01,7e+04) | 2.15e+01 |  3:6.1e-01  7:1.2e+01
   17 ,    171 : 3.4406386680825e+01 +(2e+01,3e+06) | 2.15e+01 |  3:5.5e-01  7:1.1e+01
   18 ,    181 : 1.4558921689242e+01 +(3e+01,6e+05) | 2.13e+01 |  3:5.4e-01  7:1.1e+01
   19 ,    191 : 2.3560988779742e+01 +(2e+01,1e+02) | 2.15e+01 |  3:5.0e-01  7:1.0e+01
Iterat, #Fevals:   Function Value    (median,worst) |Axis Ratio|idx:Min SD idx:Max SD
   20 ,    201 : 3.6822285110528e+01 +(1e+01,5e+06) | 2.16e+01 |  3:4.8e-01  7:9.8e+00
   21 ,    211 : 1.4330795028636e+01 +(3e+01,5e+01) | 2.14e+01 |  3:4.5e-01  7:9.2e+00
   22 ,    221 : 1.4358864450052e+01 +(3e+01,5e+07) | 2.15e+01 |  3:4.0e-01  7:8.2e+00
   23 ,    231 : 9.4819257653605e+00 +(3e+01,5e+06) | 2.20e+01 |  3:3.8e-01  7:7.7e+00
   24 ,    241 : 1.2085284224922e+01 +(2e+01,4e+05) | 2.22e+01 |  3:3.5e-01  7:7.0e+00
   25 ,    251 : 9.1995773645893e+00 +(2e+01,2e+03) | 2.25e+01 |  3:3.3e-01  7:6.8e+00
   26 ,    261 : 1.0102721523767e+01 +(2e+01,5e+03) | 2.22e+01 |  3:3.0e-01  7:6.3e+00
   27 ,    271 : 1.1789604739727e+01 +(2e+01,5e+02) | 2.24e+01 |  3:2.7e-01  7:5.6e+00
   28 ,    281 : 9.7219792176163e+00 +(2e+01,2e+04) | 2.23e+01 |  3:2.4e-01  7:5.0e+00
   29 ,    291 : 1.1502439781383e+01 +(9e+00,3e+03) | 2.23e+01 |  3:2.5e-01  7:5.0e+00
Iterat, #Fevals:   Function Value    (median,worst) |Axis Ratio|idx:Min SD idx:Max SD
   30 ,    301 : 9.4912310481479e+00 +(6e+00,5e+03) | 2.21e+01 |  3:2.6e-01  7:5.2e+00
   31 ,    311 : 8.7408740657267e+00 +(1e+01,2e+02) | 2.21e+01 |  3:2.7e-01  7:5.4e+00
   32 ,    321 : 7.3004316293370e+00 +(5e+00,3e+01) | 2.22e+01 |  3:2.8e-01  7:5.6e+00
   33 ,    331 : 6.4064072083651e+00 +(3e+01,3e+02) | 2.27e+01 |  3:2.9e-01  7:5.9e+00
   34 ,    341 : 1.2907655771436e+01 +(2e+01,5e+02) | 2.29e+01 |  3:2.6e-01  7:5.5e+00
   35 ,    351 : 7.5844314814374e+00 +(3e+01,8e+02) | 2.29e+01 |  3:2.5e-01  7:5.3e+00
   36 ,    361 : 9.0401075184386e+00 +(8e+00,2e+03) | 2.30e+01 |  3:2.4e-01  7:5.0e+00
   37 ,    371 : 9.0939107852969e+00 +(9e+00,9e+01) | 2.28e+01 |  3:2.1e-01  7:4.3e+00
   38 ,    381 : 8.5235504971190e+00 +(2e+00,3e+03) | 2.28e+01 |  3:1.9e-01  7:4.0e+00
   39 ,    391 : 1.1570978787830e+01 +(3e+01,3e+03) | 2.25e+01 |  3:1.9e-01  7:3.8e+00
Iterat, #Fevals:   Function Value    (median,worst) |Axis Ratio|idx:Min SD idx:Max SD
   40 ,    401 : 8.6826702442792e+00 +(3e+00,5e+01) | 2.25e+01 |  3:1.9e-01  7:3.8e+00
   41 ,    411 : 8.5308246318610e+00 +(6e+00,2e+02) | 2.21e+01 |  3:1.9e-01  7:3.8e+00
   42 ,    421 : 9.7214810892167e+00 +(9e+00,3e+02) | 2.16e+01 |  3:1.9e-01  7:3.6e+00
   43 ,    431 : 7.2616080522818e+00 +(5e+00,1e+02) | 2.13e+01 |  3:2.0e-01  7:3.7e+00
   44 ,    441 : 7.8914815892324e+00 +(1e+01,3e+02) | 2.06e+01 |  3:2.0e-01  7:3.7e+00
   45 ,    451 : 8.9508497895539e+00 +(7e+00,4e+01) | 1.93e+01 |  3:2.3e-01  7:3.9e+00
   46 ,    461 : 8.5251003552464e+00 +(2e+01,1e+02) | 1.92e+01 |  3:2.2e-01  8:3.7e+00
   47 ,    471 : 8.8644864903784e+00 +(8e+00,2e+02) | 1.91e+01 |  3:2.0e-01  8:3.3e+00
   48 ,    481 : 9.2900384260165e+00 +(1e+01,4e+01) | 1.88e+01 |  3:1.9e-01  8:3.1e+00
   49 ,    491 : 8.9106341487383e+00 +(5e+00,2e+02) | 1.80e+01 |  3:2.0e-01  8:3.0e+00
Iterat, #Fevals:   Function Value    (median,worst) |Axis Ratio|idx:Min SD idx:Max SD
   50 ,    501 : 8.6901335125844e+00 +(6e+00,3e+01) | 1.80e+01 |  3:1.7e-01  8:2.6e+00
   51 ,    511 : 8.2327158391014e+00 +(2e+00,1e+02) | 1.79e+01 |  3:1.5e-01  8:2.3e+00
   52 ,    521 : 7.9892894433129e+00 +(2e+00,1e+01) | 1.80e+01 |  3:1.5e-01  8:2.3e+00
   53 ,    531 : 7.0452226924682e+00 +(4e+00,4e+01) | 1.81e+01 |  3:1.6e-01  7:2.6e+00
   54 ,    541 : 6.7007351594442e+00 +(3e+00,5e+01) | 1.92e+01 |  3:1.8e-01  7:3.0e+00
   55 ,    551 : 7.5781305318411e+00 +(3e+00,4e+01) | 1.90e+01 |  3:2.0e-01  7:3.2e+00
   56 ,    561 : 5.8536446161971e+00 +(1e+01,2e+03) | 1.91e+01 |  3:2.1e-01  7:3.3e+00
   57 ,    571 : 7.8590980574032e+00 +(1e+01,3e+02) | 2.02e+01 |  3:2.3e-01  7:3.7e+00
   58 ,    581 : 6.1332485699003e+00 +(1e+01,4e+02) | 2.04e+01 |  3:2.3e-01  7:3.6e+00
   59 ,    591 : 6.3540462181099e+00 +(2e+01,4e+03) | 2.02e+01 |  3:2.1e-01  7:3.4e+00
Iterat, #Fevals:   Function Value    (median,worst) |Axis Ratio|idx:Min SD idx:Max SD
   60 ,    601 : 6.1402131572419e+00 +(1e+01,2e+01) | 2.04e+01 |  3:2.2e-01  7:3.5e+00
   61 ,    611 : 6.0371419708948e+00 +(2e+01,2e+04) | 2.06e+01 |  3:2.0e-01  7:3.2e+00
   62 ,    621 : 5.8095704467653e+00 +(1e+01,9e+01) | 2.06e+01 |  3:1.8e-01  7:2.8e+00
   63 ,    631 : 5.7725516058223e+00 +(2e+01,2e+04) | 2.03e+01 |  3:1.6e-01  7:2.5e+00
   64 ,    641 : 5.6755487089318e+00 +(5e+00,3e+02) | 2.05e+01 |  3:1.6e-01  8:2.4e+00
   65 ,    651 : 5.6766274552854e+00 +(5e+00,7e+02) | 2.04e+01 |  3:1.6e-01  8:2.4e+00
   66 ,    661 : 5.8304281144397e+00 +(1e+01,2e+03) | 2.08e+01 |  3:1.6e-01  8:2.5e+00
   67 ,    671 : 5.6684906112775e+00 +(1e+01,8e+03) | 2.09e+01 |  3:1.7e-01  8:2.8e+00
   68 ,    681 : 5.7940839931476e+00 +(2e+01,3e+04) | 2.06e+01 |  3:2.0e-01  8:3.1e+00
   69 ,    691 : 7.3275342240858e+00 +(2e+00,1e+03) | 2.07e+01 |  3:2.2e-01  8:3.3e+00
Iterat, #Fevals:   Function Value    (median,worst) |Axis Ratio|idx:Min SD idx:Max SD
   70 ,    701 : 6.5209632239864e+00 +(6e+00,2e+01) | 2.06e+01 |  3:2.1e-01  8:3.2e+00
   71 ,    711 : 6.7286985398973e+00 +(3e+00,1e+03) | 2.03e+01 |  3:2.2e-01  8:3.2e+00
   72 ,    721 : 6.6032203469329e+00 +(3e+00,2e+01) | 2.02e+01 |  3:2.1e-01  8:2.9e+00
   73 ,    731 : 6.4478922614547e+00 +(6e+00,3e+02) | 2.03e+01 |  3:1.9e-01  8:2.8e+00
   74 ,    741 : 7.5703958678243e+00 +(7e+00,2e+04) | 2.05e+01 |  3:2.0e-01  8:2.8e+00
   75 ,    751 : 7.0987695280603e+00 +(5e+00,3e+02) | 2.06e+01 |  3:1.8e-01  8:2.6e+00
   76 ,    761 : 6.8556224631791e+00 +(1e+01,4e+02) | 2.13e+01 |  3:1.7e-01  8:2.5e+00
   77 ,    771 : 6.4785776236428e+00 +(2e+00,3e+01) | 2.16e+01 |  3:1.5e-01  8:2.3e+00
   78 ,    781 : 8.1353892641627e+00 +(1e+01,4e+01) | 2.29e+01 |  3:1.5e-01  8:2.3e+00
   79 ,    791 : 6.9717455783844e+00 +(1e+00,5e+00) | 2.31e+01 |  3:1.4e-01  8:2.2e+00
Iterat, #Fevals:   Function Value    (median,worst) |Axis Ratio|idx:Min SD idx:Max SD
   80 ,    801 : 6.0673495348351e+00 +(1e+00,4e+01) | 2.37e+01 |  3:1.3e-01  8:2.1e+00
   81 ,    811 : 6.3798619339743e+00 +(3e+00,3e+01) | 2.33e+01 |  3:1.3e-01  8:1.9e+00
   82 ,    821 : 7.0159687943228e+00 +(1e+00,2e+01) | 2.32e+01 |  3:1.1e-01  8:1.7e+00
   83 ,    831 : 6.5272861580158e+00 +(1e+00,1e+01) | 2.35e+01 |  3:1.0e-01  8:1.6e+00
   84 ,    841 : 6.4343806985921e+00 +(1e+00,4e+00) | 2.32e+01 |  3:1.0e-01  8:1.5e+00
   85 ,    851 : 5.9414136564616e+00 +(1e+00,1e+01) | 2.35e+01 |  3:1.0e-01  8:1.6e+00
   86 ,    861 : 5.9320261748526e+00 +(1e+00,3e+00) | 2.49e+01 |  3:1.1e-01  8:1.7e+00
   87 ,    871 : 5.8792499614098e+00 +(3e+00,5e+01) | 2.38e+01 |  3:1.2e-01  8:1.9e+00
   88 ,    881 : 5.8886080429157e+00 +(6e+00,5e+01) | 2.41e+01 |  3:1.2e-01  8:2.0e+00
   89 ,    891 : 5.8364518160443e+00 +(2e+00,5e+00) | 2.48e+01 |  3:1.2e-01  8:2.0e+00
Iterat, #Fevals:   Function Value    (median,worst) |Axis Ratio|idx:Min SD idx:Max SD
   90 ,    901 : 5.7414417115100e+00 +(6e+00,2e+01) | 2.50e+01 |  3:1.1e-01  8:1.8e+00
   91 ,    911 : 5.8658428051726e+00 +(3e+00,1e+01) | 2.50e+01 |  3:1.1e-01  8:1.8e+00
   92 ,    921 : 5.9144552850915e+00 +(1e+00,8e+00) | 2.53e+01 |  3:1.2e-01  8:2.0e+00
   93 ,    931 : 5.8884947988218e+00 +(2e+00,3e+01) | 2.54e+01 |  3:1.2e-01  8:2.2e+00
   94 ,    941 : 6.1236609654505e+00 +(2e+00,3e+02) | 2.63e+01 |  3:1.2e-01  8:2.2e+00
   95 ,    951 : 5.8193620934331e+00 +(3e+00,1e+01) | 2.68e+01 |  3:1.3e-01  8:2.4e+00
   96 ,    961 : 5.6873267871910e+00 +(1e+00,1e+01) | 2.72e+01 |  3:1.3e-01  8:2.5e+00
   97 ,    971 : 5.5919176177910e+00 +(3e+00,1e+02) | 2.73e+01 |  3:1.4e-01  8:2.7e+00
   98 ,    981 : 5.8718553591127e+00 +(2e+00,1e+02) | 2.70e+01 |  3:1.5e-01  8:2.8e+00
   99 ,    991 : 6.0046818660384e+00 +(2e+00,3e+01) | 2.68e+01 |  3:1.9e-01  8:3.4e+00
Iterat, #Fevals:   Function Value    (median,worst) |Axis Ratio|idx:Min SD idx:Max SD
  100 ,   1001 : 6.4818544904096e+00 +(2e+00,1e+03) | 2.70e+01 |  3:2.1e-01  8:3.7e+00
  101 ,   1011 : 5.8797388597841e+00 +(1e+01,9e+02) | 2.72e+01 |  3:2.0e-01  8:3.6e+00
  102 ,   1021 : 5.7359072785149e+00 +(4e+00,3e+01) | 2.71e+01 |  3:1.9e-01  8:3.4e+00
  103 ,   1031 : 5.9409632684819e+00 +(8e+00,2e+02) | 2.70e+01 |  3:1.9e-01  8:3.3e+00
  104 ,   1041 : 6.0632975899048e+00 +(4e+00,6e+03) | 2.68e+01 |  3:1.7e-01  8:3.0e+00
  105 ,   1051 : 6.2641697942606e+00 +(5e+00,3e+03) | 2.66e+01 |  3:1.8e-01  8:3.1e+00
  106 ,   1061 : 5.6553691039823e+00 +(4e+00,7e+01) | 2.78e+01 |  3:1.8e-01  8:3.4e+00
  107 ,   1071 : 6.0846201203583e+00 +(5e+00,2e+04) | 2.85e+01 |  3:1.7e-01  8:3.3e+00
  108 ,   1081 : 6.1008366092772e+00 +(1e+00,2e+01) | 2.89e+01 |  3:1.6e-01  8:3.0e+00
  109 ,   1091 : 6.1657321842533e+00 +(9e-01,8e+01) | 2.89e+01 |  3:1.5e-01  8:2.8e+00
Iterat, #Fevals:   Function Value    (median,worst) |Axis Ratio|idx:Min SD idx:Max SD
  110 ,   1101 : 5.7821766613724e+00 +(1e+00,4e+00) | 2.92e+01 |  3:1.4e-01  8:2.6e+00
  111 ,   1111 : 5.8215981847240e+00 +(2e+00,9e+01) | 2.95e+01 |  3:1.3e-01  8:2.5e+00
  112 ,   1121 : 5.9254126988837e+00 +(2e+00,1e+01) | 2.96e+01 |  3:1.2e-01  8:2.2e+00
  113 ,   1131 : 5.6096505236236e+00 +(4e-01,3e+00) | 2.99e+01 |  3:1.3e-01  8:2.4e+00
  114 ,   1141 : 5.7008375157111e+00 +(2e+00,2e+02) | 3.13e+01 |  3:1.2e-01  8:2.4e+00
  115 ,   1151 : 5.8478463188859e+00 +(2e+00,3e+03) | 3.12e+01 |  3:1.1e-01  8:2.2e+00
  116 ,   1161 : 5.6355318376764e+00 +(2e+00,4e+01) | 3.10e+01 |  3:1.1e-01  8:2.0e+00
  117 ,   1171 : 5.6228706583509e+00 +(1e+00,1e+01) | 3.13e+01 |  3:9.1e-02  8:1.7e+00
  118 ,   1181 : 5.5459609876354e+00 +(1e+00,2e+01) | 3.06e+01 |  3:8.5e-02  8:1.6e+00
  119 ,   1191 : 5.5200293391498e+00 +(1e+00,9e+00) | 3.06e+01 |  3:8.7e-02  8:1.6e+00
Iterat, #Fevals:   Function Value    (median,worst) |Axis Ratio|idx:Min SD idx:Max SD
  120 ,   1201 : 5.4928180765489e+00 +(6e-01,7e+01) | 3.00e+01 |  3:1.0e-01  8:1.7e+00
  121 ,   1211 : 5.6186865558829e+00 +(1e+00,3e+01) | 3.08e+01 |  3:1.0e-01  8:1.8e+00
  122 ,   1221 : 5.5442133116469e+00 +(2e+00,8e+00) | 3.09e+01 |  3:1.0e-01  8:1.8e+00
  123 ,   1231 : 5.4489752489881e+00 +(1e+00,6e+00) | 3.14e+01 |  3:1.0e-01  8:1.8e+00
  124 ,   1241 : 5.5382027666465e+00 +(1e+00,2e+01) | 3.06e+01 |  3:1.1e-01  8:1.9e+00
  125 ,   1251 : 5.5199644022970e+00 +(2e+00,5e+00) | 3.18e+01 |  3:1.1e-01  8:2.0e+00
  126 ,   1261 : 5.5547285816095e+00 +(2e+00,3e+01) | 3.18e+01 |  3:1.1e-01  8:2.0e+00
  127 ,   1271 : 5.5371163232665e+00 +(8e-01,4e+01) | 3.18e+01 |  3:1.0e-01  8:1.8e+00
  128 ,   1281 : 5.5551039629830e+00 +(1e+00,3e+00) | 3.13e+01 |  3:9.8e-02  8:1.8e+00
  129 ,   1291 : 5.5842309489655e+00 +(4e-01,2e+00) | 3.13e+01 |  3:9.8e-02  8:1.8e+00
Iterat, #Fevals:   Function Value    (median,worst) |Axis Ratio|idx:Min SD idx:Max SD
  130 ,   1301 : 5.4501767061316e+00 +(1e+00,7e+00) | 3.23e+01 |  3:1.1e-01  8:1.9e+00
  131 ,   1311 : 5.6749242939834e+00 +(9e-01,1e+01) | 3.22e+01 |  3:1.0e-01  8:1.8e+00
  132 ,   1321 : 5.3948417012009e+00 +(1e+00,2e+01) | 3.19e+01 |  3:9.8e-02  8:1.7e+00
  133 ,   1331 : 5.5508082999787e+00 +(8e-01,2e+01) | 3.00e+01 |  3:9.0e-02  8:1.6e+00
  134 ,   1341 : 5.5689286102323e+00 +(7e-01,2e+00) | 2.97e+01 |  3:8.4e-02  8:1.5e+00
  135 ,   1351 : 5.5033966923089e+00 +(9e-01,2e+00) | 2.99e+01 |  3:7.5e-02  8:1.3e+00
  136 ,   1361 : 5.4631092424978e+00 +(2e-01,2e+00) | 2.96e+01 |  3:7.2e-02  8:1.3e+00
  137 ,   1371 : 5.4897095459306e+00 +(2e-01,3e+00) | 2.99e+01 |  3:7.4e-02  8:1.3e+00
  138 ,   1381 : 5.4851764928427e+00 +(5e-01,1e+01) | 2.83e+01 |  3:8.0e-02  8:1.4e+00
  139 ,   1391 : 5.4451093324053e+00 +(2e-01,1e+00) | 2.85e+01 |  3:8.7e-02  8:1.5e+00
Iterat, #Fevals:   Function Value    (median,worst) |Axis Ratio|idx:Min SD idx:Max SD
  140 ,   1401 : 5.4435148305006e+00 +(4e-01,1e+01) | 2.89e+01 |  3:8.8e-02  8:1.6e+00
  141 ,   1411 : 5.4504531940443e+00 +(6e-01,6e+00) | 2.80e+01 |  3:8.8e-02  8:1.5e+00
  142 ,   1421 : 5.3929873121419e+00 +(5e-01,2e+00) | 2.72e+01 |  3:9.1e-02  8:1.5e+00
  143 ,   1431 : 5.5610494965569e+00 +(6e-01,3e+00) | 2.67e+01 |  3:9.2e-02  8:1.5e+00
  144 ,   1441 : 5.4483050361695e+00 +(4e-01,9e-01) | 2.57e+01 |  3:9.5e-02  8:1.6e+00
  145 ,   1451 : 5.3627412727752e+00 +(5e-01,2e+00) | 2.54e+01 |  3:9.4e-02  8:1.5e+00
  146 ,   1461 : 5.4432771154978e+00 +(5e-01,4e+00) | 2.47e+01 |  3:1.0e-01  8:1.6e+00
  147 ,   1471 : 5.4243414352780e+00 +(2e-01,2e+00) | 2.47e+01 |  3:9.4e-02  8:1.5e+00
  148 ,   1481 : 5.3890352537986e+00 +(8e-01,3e+00) | 2.46e+01 |  3:8.2e-02  8:1.3e+00
  149 ,   1491 : 5.4147024224565e+00 +(5e-01,2e+00) | 2.46e+01 |  3:8.3e-02  8:1.3e+00
Iterat, #Fevals:   Function Value    (median,worst) |Axis Ratio|idx:Min SD idx:Max SD
  150 ,   1501 : 5.4235806998076e+00 +(2e-01,1e+00) | 2.47e+01 |  3:8.1e-02  8:1.2e+00
  151 ,   1511 : 5.3831041615628e+00 +(2e-01,2e+00) | 2.46e+01 |  3:7.4e-02  8:1.2e+00
  152 ,   1521 : 5.4479009015429e+00 +(7e-01,5e+00) | 2.43e+01 |  3:7.0e-02  8:1.1e+00
  153 ,   1531 : 5.4314897312518e+00 +(4e-01,3e+00) | 2.45e+01 |  3:7.3e-02  8:1.1e+00
  154 ,   1541 : 5.3900595834755e+00 +(8e-01,1e+00) | 2.42e+01 |  3:7.2e-02  8:1.1e+00
  155 ,   1551 : 5.3669278496621e+00 +(3e-01,1e+00) | 2.40e+01 |  3:7.4e-02  8:1.1e+00
  156 ,   1561 : 5.4201006710313e+00 +(1e-01,3e+00) | 2.40e+01 |  3:7.1e-02  8:1.1e+00
  157 ,   1571 : 5.4268337245366e+00 +(1e-01,1e+00) | 2.37e+01 |  3:6.8e-02  8:1.0e+00
  158 ,   1581 : 5.3736922828914e+00 +(2e-01,8e-01) | 2.33e+01 |  3:7.1e-02  8:1.0e+00
  159 ,   1591 : 5.3416889645354e+00 +(1e-01,2e+00) | 2.30e+01 |  3:7.2e-02  8:1.0e+00
Iterat, #Fevals:   Function Value    (median,worst) |Axis Ratio|idx:Min SD idx:Max SD
  160 ,   1601 : 5.5047383403733e+00 +(2e-01,7e-01) | 2.29e+01 |  3:6.9e-02  8:9.9e-01
  161 ,   1611 : 5.3786818557675e+00 +(4e-01,1e+00) | 2.28e+01 |  3:6.5e-02  8:9.2e-01
  162 ,   1621 : 5.3473230991966e+00 +(2e-01,2e+00) | 2.26e+01 |  3:6.1e-02  8:8.7e-01
  163 ,   1631 : 5.4311028059112e+00 +(9e-02,4e-01) | 2.46e+01 |  3:6.3e-02  6:9.7e-01
  164 ,   1641 : 5.3630808035062e+00 +(3e-01,3e+00) | 2.44e+01 |  3:5.8e-02  6:9.0e-01
  165 ,   1651 : 5.3385848838871e+00 +(1e-01,1e+00) | 2.38e+01 |  3:5.8e-02  6:8.7e-01
  166 ,   1661 : 5.2779538190042e+00 +(2e-01,8e-01) | 2.32e+01 |  3:6.2e-02  6:9.3e-01
  167 ,   1671 : 5.3254877024324e+00 +(2e-01,6e-01) | 2.32e+01 |  3:6.5e-02  6:9.8e-01
  168 ,   1681 : 5.3371635325083e+00 +(2e-01,5e-01) | 2.35e+01 |  3:6.3e-02  6:9.6e-01
  169 ,   1691 : 5.2931609467706e+00 +(2e-01,5e-01) | 2.45e+01 |  3:6.2e-02  6:9.8e-01
Iterat, #Fevals:   Function Value    (median,worst) |Axis Ratio|idx:Min SD idx:Max SD
  170 ,   1701 : 5.2399935937550e+00 +(2e-01,2e+00) | 2.54e+01 |  3:5.9e-02  6:9.5e-01
  171 ,   1711 : 5.2517486077593e+00 +(3e-01,2e+00) | 2.52e+01 |  3:5.6e-02  6:9.2e-01
  172 ,   1721 : 5.2459599197380e+00 +(1e-01,1e+00) | 2.61e+01 |  3:5.6e-02  6:9.5e-01
  173 ,   1731 : 5.2305858632879e+00 +(4e-01,1e+00) | 2.66e+01 |  3:5.3e-02  6:9.0e-01
  174 ,   1741 : 5.2726692081300e+00 +(1e-01,1e+00) | 2.70e+01 |  3:4.9e-02  6:8.5e-01
  175 ,   1751 : 5.2817493156378e+00 +(4e-02,1e+00) | 2.76e+01 |  3:4.4e-02  6:7.8e-01
  176 ,   1761 : 5.2304580169223e+00 +(5e-02,3e-01) | 2.77e+01 |  3:4.2e-02  6:7.5e-01
  177 ,   1771 : 5.2507339226985e+00 +(7e-02,7e-01) | 2.71e+01 |  3:4.1e-02  6:7.2e-01
  178 ,   1781 : 5.2258185980555e+00 +(5e-02,2e+00) | 2.68e+01 |  3:3.7e-02  6:6.5e-01
  179 ,   1791 : 5.1999040231974e+00 +(9e-02,2e-01) | 2.66e+01 |  3:3.5e-02  6:6.1e-01
Iterat, #Fevals:   Function Value    (median,worst) |Axis Ratio|idx:Min SD idx:Max SD
  180 ,   1801 : 5.2057244250100e+00 +(1e-01,3e-01) | 2.68e+01 |  3:3.1e-02  6:5.5e-01
  181 ,   1811 : 5.1884458221034e+00 +(7e-02,2e-01) | 2.69e+01 |  3:3.0e-02  6:5.1e-01
  182 ,   1821 : 5.2259336118586e+00 +(6e-02,2e-01) | 2.66e+01 |  3:2.9e-02  6:4.8e-01
  183 ,   1831 : 5.2199052143164e+00 +(9e-02,3e-01) | 2.64e+01 |  3:2.8e-02  6:4.5e-01
  184 ,   1841 : 5.2037693793123e+00 +(6e-02,3e-01) | 2.64e+01 |  3:2.6e-02  6:4.2e-01
  185 ,   1851 : 5.2033126064080e+00 +(5e-02,1e-01) | 2.65e+01 |  3:2.4e-02  6:4.0e-01
  186 ,   1861 : 5.2091131222447e+00 +(7e-02,3e-01) | 2.66e+01 |  3:2.2e-02  6:3.6e-01
  187 ,   1871 : 5.1920425307175e+00 +(4e-02,1e-01) | 2.66e+01 |  3:2.2e-02  6:3.6e-01
  188 ,   1881 : 5.1888095409852e+00 +(4e-02,2e-01) | 2.67e+01 |  3:2.1e-02  6:3.4e-01
  189 ,   1891 : 5.1961399981106e+00 +(2e-02,2e-01) | 2.66e+01 |  3:2.0e-02  6:3.1e-01
Iterat, #Fevals:   Function Value    (median,worst) |Axis Ratio|idx:Min SD idx:Max SD
  190 ,   1901 : 5.1854129001778e+00 +(4e-02,8e-02) | 2.63e+01 |  3:1.8e-02  6:2.8e-01
  191 ,   1911 : 5.1741271758463e+00 +(3e-02,2e-01) | 2.54e+01 |  3:1.7e-02  6:2.7e-01
  192 ,   1921 : 5.1873775495063e+00 +(4e-02,1e-01) | 2.54e+01 |  3:1.5e-02  6:2.4e-01
  193 ,   1931 : 5.1861436125417e+00 +(3e-02,9e-02) | 2.49e+01 |  3:1.4e-02  6:2.2e-01
  194 ,   1941 : 5.1845370749615e+00 +(3e-02,7e-02) | 2.43e+01 |  3:1.4e-02  6:2.1e-01
  195 ,   1951 : 5.1786270142399e+00 +(2e-02,5e-02) | 2.44e+01 |  3:1.3e-02  6:2.1e-01
  196 ,   1961 : 5.1829887347009e+00 +(1e-02,1e-01) | 2.46e+01 |  3:1.2e-02  6:1.9e-01
  197 ,   1971 : 5.1767342163972e+00 +(2e-02,7e-02) | 2.40e+01 |  3:1.1e-02  6:1.7e-01
  198 ,   1981 : 5.1778637612787e+00 +(3e-02,9e-02) | 2.53e+01 |  3:1.2e-02  6:1.8e-01
  199 ,   1991 : 5.1702030584535e+00 +(2e-02,1e-01) | 2.51e+01 |  3:1.2e-02  6:1.9e-01
Iterat, #Fevals:   Function Value    (median,worst) |Axis Ratio|idx:Min SD idx:Max SD
  200 ,   2001 : 5.1721703124813e+00 +(3e-02,6e-02) | 2.49e+01 |  3:1.2e-02  6:1.8e-01
  201 ,   2011 : 5.1682953068727e+00 +(2e-02,9e-02) | 2.45e+01 |  3:1.1e-02  6:1.7e-01
  202 ,   2021 : 5.1581687260512e+00 +(3e-02,9e-02) | 2.47e+01 |  3:1.1e-02  6:1.7e-01
  203 ,   2031 : 5.1569944716107e+00 +(3e-02,1e-01) | 2.49e+01 |  3:1.1e-02  6:1.7e-01
  204 ,   2041 : 5.1653627808298e+00 +(2e-02,5e-02) | 2.51e+01 |  3:1.1e-02  6:1.6e-01
  205 ,   2051 : 5.1635298618119e+00 +(1e-02,7e-02) | 2.47e+01 |  3:1.1e-02  6:1.6e-01
  206 ,   2061 : 5.1623157018267e+00 +(2e-02,6e-02) | 2.48e+01 |  3:1.1e-02  6:1.6e-01
  207 ,   2071 : 5.1783966403517e+00 +(1e-02,7e-02) | 2.45e+01 |  3:1.1e-02  6:1.7e-01
  208 ,   2081 : 5.1696027652984e+00 +(2e-02,5e-02) | 2.46e+01 |  3:1.3e-02  6:1.9e-01
  209 ,   2091 : 5.1675453720183e+00 +(6e-02,6e-02) | 2.49e+01 |  3:1.3e-02  6:1.9e-01
Iterat, #Fevals:   Function Value    (median,worst) |Axis Ratio|idx:Min SD idx:Max SD
  210 ,   2101 : 5.1800407568435e+00 +(2e-02,1e-01) | 2.51e+01 |  3:1.2e-02  6:1.8e-01
  211 ,   2111 : 5.1571604789852e+00 +(4e-02,8e-02) | 2.59e+01 |  3:1.4e-02  6:2.1e-01
  212 ,   2121 : 5.1457661501246e+00 +(4e-02,1e-01) | 2.71e+01 |  3:1.5e-02  6:2.2e-01
  213 ,   2131 : 5.1284660302139e+00 +(5e-02,1e-01) | 2.78e+01 |  3:1.5e-02  6:2.3e-01
  214 ,   2141 : 5.1233669461376e+00 +(8e-02,4e-01) | 2.85e+01 |  3:1.4e-02  6:2.1e-01
  215 ,   2151 : 5.1527489724753e+00 +(3e-02,6e-02) | 3.03e+01 |  3:1.4e-02  6:2.1e-01
  216 ,   2161 : 5.1366468155506e+00 +(3e-02,9e-02) | 3.12e+01 |  3:1.5e-02  6:2.3e-01
  217 ,   2171 : 5.1157909317997e+00 +(6e-02,1e-01) | 3.13e+01 |  3:1.6e-02  6:2.6e-01
  218 ,   2181 : 5.1155185126736e+00 +(8e-02,3e-01) | 3.17e+01 |  3:1.8e-02  6:2.8e-01
  219 ,   2191 : 5.1287331134763e+00 +(5e-02,1e-01) | 3.23e+01 |  3:1.9e-02  6:2.9e-01
Iterat, #Fevals:   Function Value    (median,worst) |Axis Ratio|idx:Min SD idx:Max SD
  220 ,   2201 : 5.1669227585872e+00 +(6e-02,2e-01) | 3.41e+01 |  3:2.1e-02  6:3.3e-01
  221 ,   2211 : 5.1551940754076e+00 +(2e-02,3e-01) | 3.41e+01 |  3:2.1e-02  6:3.3e-01
  222 ,   2221 : 5.1485181426053e+00 +(5e-02,4e-01) | 3.36e+01 |  3:2.1e-02  6:3.3e-01
  223 ,   2231 : 5.1393196910633e+00 +(5e-02,1e-01) | 3.24e+01 |  3:2.0e-02  6:3.1e-01
  224 ,   2241 : 5.1304497889569e+00 +(5e-02,3e-01) | 3.19e+01 |  3:2.0e-02  6:3.1e-01
  225 ,   2251 : 5.1112660842495e+00 +(9e-02,2e-01) | 3.18e+01 |  3:2.1e-02  6:3.2e-01
  226 ,   2261 : 5.0917162888690e+00 +(7e-02,2e-01) | 3.34e+01 |  3:2.1e-02  6:3.4e-01
  227 ,   2271 : 5.1368142248050e+00 +(5e-02,1e-01) | 3.29e+01 |  3:2.2e-02  6:3.5e-01
  228 ,   2281 : 5.0897972648342e+00 +(9e-02,3e-01) | 3.27e+01 |  3:2.5e-02  6:4.0e-01
  229 ,   2291 : 5.0921649719699e+00 +(8e-02,2e-01) | 3.24e+01 |  3:2.6e-02  6:4.2e-01
Iterat, #Fevals:   Function Value    (median,worst) |Axis Ratio|idx:Min SD idx:Max SD
  230 ,   2301 : 5.0544943805736e+00 +(1e-01,2e-01) | 3.15e+01 |  3:3.0e-02  6:4.8e-01
  231 ,   2311 : 5.0933398068996e+00 +(4e-02,6e-02) | 3.14e+01 |  3:2.9e-02  6:4.7e-01
  232 ,   2321 : 5.0473262211583e+00 +(9e-02,2e-01) | 3.28e+01 |  3:2.9e-02  6:5.0e-01
  233 ,   2331 : 5.1096070593112e+00 +(5e-02,1e-01) | 3.33e+01 |  3:2.8e-02  6:4.8e-01
  234 ,   2341 : 5.0731433049716e+00 +(5e-02,2e-01) | 3.32e+01 |  3:2.7e-02  6:4.7e-01
  235 ,   2351 : 5.0567791097473e+00 +(7e-02,2e-01) | 3.35e+01 |  3:2.7e-02  6:4.9e-01
  236 ,   2361 : 5.0650270065862e+00 +(1e-01,3e-01) | 3.35e+01 |  3:2.6e-02  6:4.6e-01
  237 ,   2371 : 5.0271458231534e+00 +(1e-01,3e-01) | 3.38e+01 |  3:2.5e-02  6:4.4e-01
  238 ,   2381 : 5.0535984108954e+00 +(5e-02,2e-01) | 3.62e+01 |  3:2.7e-02  6:4.8e-01
  239 ,   2391 : 5.0079546976184e+00 +(9e-02,4e-01) | 3.68e+01 |  3:2.8e-02  6:4.9e-01
Iterat, #Fevals:   Function Value    (median,worst) |Axis Ratio|idx:Min SD idx:Max SD
  240 ,   2401 : 4.9019596809944e+00 +(1e-01,3e-01) | 3.74e+01 |  3:3.0e-02  6:5.2e-01
  241 ,   2411 : 4.9215270587807e+00 +(9e-02,2e-01) | 3.74e+01 |  3:3.2e-02  9:5.9e-01
  242 ,   2421 : 4.7604300984405e+00 +(2e-01,4e-01) | 3.80e+01 |  3:3.9e-02  9:7.5e-01
  243 ,   2431 : 4.7890614660135e+00 +(2e-01,9e-01) | 3.79e+01 |  3:4.5e-02  9:8.8e-01
  244 ,   2441 : 4.7063910342382e+00 +(2e-01,1e+00) | 3.88e+01 |  3:5.1e-02  9:1.0e+00
  245 ,   2451 : 4.6799419985369e+00 +(3e-01,9e-01) | 3.85e+01 |  3:5.8e-02  9:1.2e+00
  246 ,   2461 : 4.6747680888210e+00 +(5e-01,5e+00) | 3.87e+01 |  3:5.4e-02  9:1.1e+00
  247 ,   2471 : 4.8686810444112e+00 +(3e-01,9e-01) | 3.80e+01 |  3:5.4e-02  9:1.1e+00
  248 ,   2481 : 4.6547240522671e+00 +(4e-01,2e+00) | 3.73e+01 |  3:5.0e-02  9:9.9e-01
  249 ,   2491 : 4.7004341317628e+00 +(2e-01,9e-01) | 3.72e+01 |  3:5.2e-02  9:1.0e+00
Iterat, #Fevals:   Function Value    (median,worst) |Axis Ratio|idx:Min SD idx:Max SD
  250 ,   2501 : 4.7247231331816e+00 +(4e-01,1e+00) | 3.77e+01 |  3:5.1e-02  9:1.0e+00
  251 ,   2511 : 4.5843537237918e+00 +(5e-01,2e+00) | 3.79e+01 |  3:5.0e-02  9:1.0e+00
  252 ,   2521 : 4.5334695427988e+00 +(3e-01,7e-01) | 3.87e+01 |  3:5.4e-02  9:1.1e+00
  253 ,   2531 : 4.3625755628738e+00 +(5e-01,2e+00) | 4.10e+01 |  3:5.6e-02  9:1.2e+00
  254 ,   2541 : 4.5437717294198e+00 +(4e-01,7e+00) | 4.09e+01 |  3:5.2e-02  9:1.1e+00
  255 ,   2551 : 4.5006670583030e+00 +(3e-01,1e+00) | 4.07e+01 |  3:4.6e-02  9:9.6e-01
  256 ,   2561 : 4.3367247671879e+00 +(6e-01,2e+00) | 4.06e+01 |  3:4.5e-02  9:9.3e-01
  257 ,   2571 : 4.3224558604187e+00 +(5e-01,3e+00) | 4.07e+01 |  3:4.6e-02  9:9.3e-01
  258 ,   2581 : 4.3563617145273e+00 +(6e-01,1e+00) | 4.08e+01 |  3:4.4e-02  9:8.9e-01
  259 ,   2591 : 4.1289552821272e+00 +(4e-01,1e+00) | 4.15e+01 |  3:4.0e-02  9:8.4e-01
Iterat, #Fevals:   Function Value    (median,worst) |Axis Ratio|idx:Min SD idx:Max SD
  260 ,   2601 : 3.9759031452200e+00 +(5e-01,2e+00) | 4.22e+01 |  3:3.8e-02  9:8.2e-01
  261 ,   2611 : 4.0130005608360e+00 +(5e-01,2e+00) | 4.40e+01 |  3:3.8e-02  9:8.3e-01
  262 ,   2621 : 3.8029424453680e+00 +(4e-01,6e+00) | 4.52e+01 |  3:3.9e-02  9:8.5e-01
  263 ,   2631 : 4.1323589333634e+00 +(6e-01,2e+01) | 4.38e+01 |  3:3.8e-02  9:8.0e-01
  264 ,   2641 : 3.5934844297388e+00 +(6e-01,1e+01) | 4.43e+01 |  3:3.6e-02  9:7.5e-01
  265 ,   2651 : 3.7164329776002e+00 +(1e+00,4e+00) | 4.44e+01 |  3:3.4e-02  9:7.0e-01
  266 ,   2661 : 3.8930609751525e+00 +(2e+00,9e+00) | 4.46e+01 |  3:3.3e-02  9:6.8e-01
  267 ,   2671 : 3.8574147482801e+00 +(5e-01,2e+00) | 4.47e+01 |  3:3.0e-02  9:6.2e-01
  268 ,   2681 : 4.1538239399852e+00 +(5e-01,3e+00) | 4.53e+01 |  3:2.8e-02  9:5.7e-01
  269 ,   2691 : 3.9041793229120e+00 +(5e-01,2e+00) | 4.53e+01 |  3:2.4e-02  9:5.0e-01
Iterat, #Fevals:   Function Value    (median,worst) |Axis Ratio|idx:Min SD idx:Max SD
  270 ,   2701 : 3.9224583596474e+00 +(3e-01,4e+00) | 4.52e+01 |  3:2.2e-02  9:4.5e-01
  271 ,   2711 : 3.8631975655756e+00 +(2e-01,6e-01) | 4.75e+01 |  3:2.3e-02  9:4.8e-01
  272 ,   2721 : 3.7027710732942e+00 +(6e-01,2e+00) | 4.90e+01 |  3:2.4e-02  9:5.0e-01
  273 ,   2731 : 3.7342176503630e+00 +(4e-01,2e+00) | 5.06e+01 |  3:2.7e-02  9:5.6e-01
  274 ,   2741 : 3.6182523316467e+00 +(7e-01,4e+00) | 5.13e+01 |  3:3.1e-02  9:6.3e-01
  275 ,   2751 : 3.9189983168763e+00 +(2e+00,6e+01) | 5.12e+01 |  3:3.8e-02  9:7.4e-01
  276 ,   2761 : 3.6557607150011e+00 +(8e-01,6e+01) | 5.18e+01 |  3:4.0e-02  9:7.8e-01
  277 ,   2771 : 3.6694149487072e+00 +(2e+00,2e+01) | 5.20e+01 |  3:4.5e-02  9:8.7e-01
  278 ,   2781 : 3.6106932564781e+00 +(1e+00,2e+01) | 5.20e+01 |  3:4.5e-02  9:8.7e-01
  279 ,   2791 : 4.1680564619715e+00 +(4e+00,2e+06) | 5.26e+01 |  3:4.5e-02  9:9.0e-01
Iterat, #Fevals:   Function Value    (median,worst) |Axis Ratio|idx:Min SD idx:Max SD
  280 ,   2801 : 3.8874268967304e+00 +(1e+00,2e+01) | 5.19e+01 |  3:4.6e-02  9:9.3e-01
  281 ,   2811 : 3.7931318087490e+00 +(3e-01,2e+00) | 5.21e+01 |  3:4.4e-02  9:8.6e-01
  282 ,   2821 : 3.8273937544493e+00 +(1e+00,7e+00) | 5.18e+01 |  3:3.8e-02  9:7.4e-01
  283 ,   2831 : 3.5732304050344e+00 +(7e-01,2e+00) | 5.32e+01 |  3:3.7e-02  9:7.4e-01
  284 ,   2841 : 3.6644773333929e+00 +(5e-01,6e+00) | 5.34e+01 |  3:3.3e-02  9:6.5e-01
  285 ,   2851 : 3.5506659690087e+00 +(8e-01,6e+00) | 5.31e+01 |  3:3.3e-02  9:6.4e-01
  286 ,   2861 : 3.5957598306170e+00 +(5e-01,4e+00) | 5.10e+01 |  3:3.4e-02  9:6.5e-01
  287 ,   2871 : 3.5266422189221e+00 +(4e-01,1e+00) | 5.12e+01 |  3:3.1e-02  9:6.0e-01
  288 ,   2881 : 3.4764883611468e+00 +(1e+00,2e+01) | 5.05e+01 |  3:2.9e-02  9:5.5e-01
  289 ,   2891 : 3.4888861250860e+00 +(3e-01,5e+00) | 5.07e+01 |  3:2.8e-02  9:5.3e-01
Iterat, #Fevals:   Function Value    (median,worst) |Axis Ratio|idx:Min SD idx:Max SD
  290 ,   2901 : 3.4594619941974e+00 +(6e-01,4e+00) | 5.06e+01 |  3:2.7e-02  9:4.9e-01
  291 ,   2911 : 3.4180824514568e+00 +(3e-01,8e-01) | 5.01e+01 |  3:2.5e-02  9:4.6e-01
  292 ,   2921 : 3.5114209964281e+00 +(3e-01,2e+00) | 4.94e+01 |  3:2.5e-02  9:4.5e-01
  293 ,   2931 : 3.4576212135488e+00 +(4e-01,7e+00) | 4.96e+01 |  3:2.4e-02  9:4.4e-01
  294 ,   2941 : 3.4849870339675e+00 +(6e-01,5e+00) | 5.05e+01 |  3:2.4e-02  9:4.4e-01
  295 ,   2951 : 3.4839835641837e+00 +(2e-01,2e+00) | 4.81e+01 |  3:2.6e-02  9:4.6e-01
  296 ,   2961 : 3.4356120419765e+00 +(2e-01,3e+00) | 4.77e+01 |  3:2.5e-02  9:4.5e-01
  297 ,   2971 : 3.5036051554975e+00 +(5e-01,4e+00) | 4.76e+01 |  3:2.7e-02  9:4.4e-01
  298 ,   2981 : 3.5738139718249e+00 +(3e-01,4e+00) | 4.78e+01 |  3:2.5e-02  9:4.1e-01
  299 ,   2991 : 3.4788942774154e+00 +(3e-01,1e+00) | 4.72e+01 |  3:2.6e-02  9:4.0e-01
Iterat, #Fevals:   Function Value    (median,worst) |Axis Ratio|idx:Min SD idx:Max SD
  300 ,   3001 : 3.4444133921962e+00 +(3e-01,3e+00) | 4.76e+01 |  3:2.6e-02  9:4.0e-01
  301 ,   3011 : 3.4741472953688e+00 +(5e-01,5e+00) | 4.74e+01 |  3:2.4e-02  9:3.7e-01
  302 ,   3021 : 3.5439844920446e+00 +(3e-01,1e+00) | 4.74e+01 |  3:2.3e-02  9:3.5e-01
  303 ,   3031 : 3.4150374930861e+00 +(1e-01,7e-01) | 4.70e+01 |  3:2.1e-02  9:3.2e-01
  304 ,   3041 : 3.3529841625947e+00 +(2e-01,5e-01) | 4.62e+01 |  3:2.1e-02  9:3.1e-01
  305 ,   3051 : 3.4184017855934e+00 +(8e-02,9e-01) | 4.58e+01 |  3:2.0e-02  9:3.0e-01
  306 ,   3061 : 3.4178142249735e+00 +(2e-01,2e+00) | 4.57e+01 |  3:2.0e-02  9:2.9e-01
  307 ,   3071 : 3.3706252808704e+00 +(1e-01,8e-01) | 4.59e+01 |  3:1.8e-02  9:2.6e-01
  308 ,   3081 : 3.4118772805477e+00 +(2e-02,3e+00) | 4.57e+01 |  3:1.7e-02  9:2.4e-01
  309 ,   3091 : 3.4331476604411e+00 +(2e-01,4e-01) | 4.62e+01 |  3:1.6e-02  9:2.3e-01
Iterat, #Fevals:   Function Value    (median,worst) |Axis Ratio|idx:Min SD idx:Max SD
  310 ,   3101 : 3.3998257771915e+00 +(2e-01,2e+00) | 4.51e+01 |  3:1.6e-02  9:2.3e-01
  311 ,   3111 : 3.4014511842956e+00 +(7e-02,5e-01) | 4.50e+01 |  3:1.7e-02  8:2.4e-01
  312 ,   3121 : 3.4093928829379e+00 +(6e-02,2e-01) | 4.46e+01 |  3:1.7e-02  8:2.5e-01
  313 ,   3131 : 3.4149597866020e+00 +(2e-01,6e-01) | 4.43e+01 |  3:1.5e-02  8:2.2e-01
  314 ,   3141 : 3.3940038869509e+00 +(6e-02,1e+00) | 4.40e+01 |  3:1.4e-02  8:2.0e-01
  315 ,   3151 : 3.4337681067992e+00 +(5e-02,2e-01) | 4.45e+01 |  3:1.3e-02  8:1.8e-01
  316 ,   3161 : 3.3996605998894e+00 +(6e-02,8e-01) | 4.47e+01 |  3:1.2e-02  8:1.6e-01
  317 ,   3171 : 3.3963767463594e+00 +(3e-02,3e-01) | 4.62e+01 |  3:1.1e-02  8:1.6e-01
  318 ,   3181 : 3.3716512687718e+00 +(4e-02,5e-01) | 4.63e+01 |  3:1.1e-02  8:1.5e-01
  319 ,   3191 : 3.3489983974968e+00 +(5e-02,2e-01) | 4.61e+01 |  3:1.1e-02  8:1.6e-01
Iterat, #Fevals:   Function Value    (median,worst) |Axis Ratio|idx:Min SD idx:Max SD
  320 ,   3201 : 3.3426426591043e+00 +(4e-02,2e-01) | 4.60e+01 |  3:1.1e-02  8:1.6e-01
  321 ,   3211 : 3.3461781251400e+00 +(8e-02,3e-01) | 4.59e+01 |  3:1.1e-02  8:1.6e-01
  322 ,   3221 : 3.3214861214935e+00 +(8e-02,2e-01) | 4.48e+01 |  3:1.2e-02  8:1.7e-01
  323 ,   3231 : 3.3319687650982e+00 +(4e-02,3e-01) | 4.53e+01 |  3:1.2e-02  8:1.8e-01
  324 ,   3241 : 3.3104552344015e+00 +(6e-02,1e-01) | 4.51e+01 |  3:1.3e-02  8:1.9e-01
  325 ,   3251 : 3.2688504960554e+00 +(1e-01,3e-01) | 4.48e+01 |  3:1.6e-02  8:2.3e-01
  326 ,   3261 : 3.2668724462705e+00 +(1e-01,4e-01) | 4.40e+01 |  3:1.7e-02  8:2.6e-01
  327 ,   3271 : 3.2339148014415e+00 +(1e-01,4e-01) | 4.45e+01 |  3:1.9e-02  8:2.8e-01
  328 ,   3281 : 3.1980456284515e+00 +(2e-01,1e+00) | 4.52e+01 |  3:2.1e-02  8:3.1e-01
  329 ,   3291 : 3.2653123151882e+00 +(6e-02,1e+00) | 4.62e+01 |  3:2.2e-02  8:3.2e-01
Iterat, #Fevals:   Function Value    (median,worst) |Axis Ratio|idx:Min SD idx:Max SD
  330 ,   3301 : 3.2035261363815e+00 +(6e-02,2e+00) | 4.69e+01 |  3:2.3e-02  8:3.5e-01
  331 ,   3311 : 3.1803400404593e+00 +(2e-01,6e-01) | 4.83e+01 |  3:2.3e-02  8:3.6e-01
  332 ,   3321 : 3.1781828471903e+00 +(8e-02,7e-01) | 4.87e+01 |  3:2.4e-02  8:3.7e-01
  333 ,   3331 : 3.1453475440119e+00 +(2e-01,1e+00) | 4.89e+01 |  3:2.3e-02  8:3.5e-01
  334 ,   3341 : 3.1878071314134e+00 +(1e-01,7e-01) | 4.85e+01 |  3:2.1e-02  8:3.2e-01
  335 ,   3351 : 3.1994410892619e+00 +(4e-02,1e+00) | 4.89e+01 |  3:2.1e-02  8:3.1e-01
  336 ,   3361 : 3.2043767303067e+00 +(7e-02,3e-01) | 5.05e+01 |  3:2.1e-02  8:3.1e-01
  337 ,   3371 : 3.1739481233091e+00 +(2e-01,5e-01) | 5.05e+01 |  3:2.1e-02  8:3.1e-01
  338 ,   3381 : 3.1771986258047e+00 +(6e-02,3e-01) | 4.97e+01 |  3:2.1e-02  8:3.1e-01
  339 ,   3391 : 3.1370627227079e+00 +(9e-02,5e-01) | 5.01e+01 |  3:2.3e-02  8:3.3e-01
Iterat, #Fevals:   Function Value    (median,worst) |Axis Ratio|idx:Min SD idx:Max SD
  340 ,   3401 : 3.1271326506926e+00 +(1e-01,6e-01) | 5.06e+01 |  3:2.3e-02  8:3.3e-01
  341 ,   3411 : 3.1514891560862e+00 +(5e-02,6e-01) | 4.94e+01 |  3:2.3e-02  8:3.3e-01
  342 ,   3421 : 3.1828829916008e+00 +(2e-01,1e+00) | 4.92e+01 |  3:2.0e-02  8:2.9e-01
  343 ,   3431 : 3.1350094877981e+00 +(2e-01,4e-01) | 5.05e+01 |  3:2.0e-02  8:2.9e-01
  344 ,   3441 : 3.1474057261634e+00 +(7e-02,3e-01) | 5.16e+01 |  3:1.9e-02  8:2.8e-01
  345 ,   3451 : 3.1307576521770e+00 +(8e-02,4e-01) | 5.22e+01 |  3:1.8e-02  8:2.6e-01
  346 ,   3461 : 3.1468063644955e+00 +(6e-02,2e-01) | 5.08e+01 |  3:1.7e-02  8:2.5e-01
  347 ,   3471 : 3.1549356200498e+00 +(3e-02,3e-01) | 5.13e+01 |  3:1.6e-02  8:2.2e-01
  348 ,   3481 : 3.1308696258032e+00 +(4e-02,2e-01) | 5.07e+01 |  3:1.4e-02  8:2.0e-01
  349 ,   3491 : 3.1511389913895e+00 +(5e-02,2e-01) | 5.08e+01 |  3:1.3e-02  8:1.8e-01
Iterat, #Fevals:   Function Value    (median,worst) |Axis Ratio|idx:Min SD idx:Max SD
  350 ,   3501 : 3.1208722630243e+00 +(4e-02,2e-01) | 5.05e+01 |  3:1.1e-02  8:1.6e-01
  351 ,   3511 : 3.1196529701541e+00 +(3e-02,7e-02) | 4.94e+01 |  3:1.1e-02  8:1.5e-01
  352 ,   3521 : 3.1116870334740e+00 +(3e-02,8e-02) | 4.78e+01 |  3:1.1e-02  8:1.6e-01
  353 ,   3531 : 3.1102302833930e+00 +(6e-02,2e-01) | 4.77e+01 |  3:1.1e-02  8:1.6e-01
  354 ,   3541 : 3.0986758471940e+00 +(2e-02,8e-02) | 4.76e+01 |  3:1.1e-02  8:1.6e-01
  355 ,   3551 : 3.1096006447689e+00 +(2e-02,5e-02) | 4.71e+01 |  3:1.2e-02  8:1.7e-01
  356 ,   3561 : 3.0976346967475e+00 +(3e-02,2e-01) | 4.70e+01 |  3:1.1e-02  8:1.6e-01
  357 ,   3571 : 3.0872786998389e+00 +(4e-02,3e-01) | 4.71e+01 |  3:1.1e-02  8:1.6e-01
  358 ,   3581 : 3.0624977296390e+00 +(5e-02,2e-01) | 4.92e+01 |  3:1.2e-02  8:1.7e-01
  359 ,   3591 : 3.0675443451166e+00 +(2e-02,1e-01) | 5.16e+01 |  3:1.2e-02  8:1.8e-01
Iterat, #Fevals:   Function Value    (median,worst) |Axis Ratio|idx:Min SD idx:Max SD
  360 ,   3601 : 3.0533110829043e+00 +(5e-02,1e-01) | 5.22e+01 |  3:1.2e-02  8:1.7e-01
  361 ,   3611 : 3.0622206841354e+00 +(3e-02,7e-02) | 5.03e+01 |  3:1.2e-02  8:1.6e-01
  362 ,   3621 : 3.0578045069804e+00 +(3e-02,6e-02) | 4.72e+01 |  3:1.2e-02  8:1.7e-01
  363 ,   3631 : 3.0673503557309e+00 +(2e-02,7e-02) | 4.78e+01 |  3:1.2e-02  8:1.7e-01
  364 ,   3641 : 3.0616018666925e+00 +(6e-02,2e-01) | 5.19e+01 |  3:1.3e-02  8:1.9e-01
  365 ,   3651 : 3.0607717789262e+00 +(5e-02,2e-01) | 5.26e+01 |  3:1.4e-02  8:1.9e-01
  366 ,   3661 : 3.0427158211056e+00 +(3e-02,8e-02) | 5.23e+01 |  3:1.4e-02  8:1.9e-01
  367 ,   3671 : 3.0307268209916e+00 +(6e-02,3e-01) | 5.53e+01 |  3:1.5e-02  8:2.1e-01
  368 ,   3681 : 3.0529270082541e+00 +(7e-02,5e-01) | 5.57e+01 |  3:1.4e-02  8:1.9e-01
  369 ,   3691 : 3.0428417871220e+00 +(3e-02,2e-01) | 5.65e+01 |  3:1.3e-02  8:1.9e-01
Iterat, #Fevals:   Function Value    (median,worst) |Axis Ratio|idx:Min SD idx:Max SD
  370 ,   3701 : 3.0172176859134e+00 +(5e-02,1e-01) | 5.62e+01 |  3:1.3e-02  8:1.9e-01
  371 ,   3711 : 3.0224084807212e+00 +(5e-02,2e-01) | 5.46e+01 |  3:1.5e-02  6:2.1e-01
  372 ,   3721 : 3.0297305935139e+00 +(3e-02,1e-01) | 5.42e+01 |  3:1.5e-02  6:2.2e-01
  373 ,   3731 : 3.0158823396293e+00 +(5e-02,1e-01) | 5.28e+01 |  3:1.6e-02  6:2.3e-01
  374 ,   3741 : 3.0101734201420e+00 +(4e-02,1e-01) | 5.26e+01 |  3:1.8e-02  6:2.5e-01
  375 ,   3751 : 3.0162090580128e+00 +(7e-02,3e-01) | 5.26e+01 |  3:1.7e-02  6:2.4e-01
  376 ,   3761 : 3.0164468437564e+00 +(3e-02,3e-01) | 5.18e+01 |  3:1.6e-02  6:2.2e-01
  377 ,   3771 : 2.9826904755530e+00 +(9e-02,2e-01) | 5.11e+01 |  3:1.6e-02  6:2.3e-01
  378 ,   3781 : 2.9966634264082e+00 +(3e-02,1e-01) | 5.23e+01 |  3:1.6e-02  6:2.3e-01
  379 ,   3791 : 2.9858428724730e+00 +(4e-02,3e-01) | 5.24e+01 |  3:1.4e-02  6:2.0e-01
Iterat, #Fevals:   Function Value    (median,worst) |Axis Ratio|idx:Min SD idx:Max SD
  380 ,   3801 : 2.9874036709328e+00 +(3e-02,2e-01) | 5.25e+01 |  3:1.3e-02  6:1.8e-01
  381 ,   3811 : 2.9788941915422e+00 +(5e-02,2e-01) | 5.30e+01 |  3:1.3e-02  6:1.9e-01
  382 ,   3821 : 2.9812135170397e+00 +(2e-02,2e-01) | 5.25e+01 |  3:1.3e-02  6:1.8e-01
  383 ,   3831 : 2.9772296818004e+00 +(4e-02,1e-01) | 5.27e+01 |  3:1.1e-02  6:1.6e-01
  384 ,   3841 : 2.9729395184498e+00 +(3e-02,2e-01) | 5.32e+01 |  3:1.0e-02  6:1.5e-01
  385 ,   3851 : 2.9848906892000e+00 +(2e-02,9e-02) | 5.32e+01 |  3:1.2e-02  6:1.7e-01
  386 ,   3861 : 2.9962850579840e+00 +(2e-02,1e-01) | 5.26e+01 |  3:1.2e-02  6:1.8e-01
  387 ,   3871 : 3.0008325604265e+00 +(1e-02,1e-01) | 5.23e+01 |  3:1.2e-02  6:1.7e-01
  388 ,   3881 : 2.9857074598490e+00 +(2e-02,1e-01) | 5.35e+01 |  3:1.1e-02  6:1.5e-01
  389 ,   3891 : 2.9789566280572e+00 +(2e-02,1e-01) | 5.36e+01 |  3:9.9e-03  6:1.4e-01
Iterat, #Fevals:   Function Value    (median,worst) |Axis Ratio|idx:Min SD idx:Max SD
  390 ,   3901 : 2.9792376659951e+00 +(2e-02,1e-01) | 5.39e+01 |  3:1.1e-02  6:1.5e-01
  391 ,   3911 : 2.9897226163519e+00 +(2e-02,3e-02) | 5.45e+01 |  3:1.1e-02  6:1.6e-01
  392 ,   3921 : 2.9935119953372e+00 +(2e-02,6e-02) | 5.46e+01 |  3:1.1e-02  6:1.6e-01
  393 ,   3931 : 2.9847627862218e+00 +(2e-02,5e-02) | 5.51e+01 |  3:1.1e-02  6:1.6e-01
  394 ,   3941 : 2.9750391841006e+00 +(2e-02,1e-01) | 5.28e+01 |  3:9.7e-03  6:1.4e-01
  395 ,   3951 : 2.9763674185664e+00 +(3e-02,3e-01) | 5.25e+01 |  3:8.6e-03  6:1.2e-01
  396 ,   3961 : 2.9823950581400e+00 +(2e-02,1e-01) | 5.23e+01 |  3:7.9e-03  6:1.1e-01
  397 ,   3971 : 2.9703514514297e+00 +(1e-02,7e-02) | 5.31e+01 |  3:7.3e-03  6:1.1e-01
  398 ,   3981 : 2.9764355580319e+00 +(2e-02,7e-02) | 5.39e+01 |  3:6.9e-03  6:1.0e-01
  399 ,   3991 : 2.9757570166464e+00 +(1e-02,4e-02) | 5.36e+01 |  3:7.1e-03  6:1.1e-01
Iterat, #Fevals:   Function Value    (median,worst) |Axis Ratio|idx:Min SD idx:Max SD
  400 ,   4001 : 2.9750006991507e+00 +(2e-02,3e-02) | 5.41e+01 |  3:7.2e-03  6:1.1e-01
  401 ,   4011 : 2.9723921957941e+00 +(2e-02,6e-02) | 5.49e+01 |  3:7.3e-03  6:1.1e-01
  402 ,   4021 : 2.9723077605855e+00 +(2e-02,4e-02) | 5.45e+01 |  3:7.2e-03  6:1.1e-01
  403 ,   4031 : 2.9691749956622e+00 +(2e-02,4e-02) | 5.42e+01 |  3:7.0e-03  6:1.1e-01
  404 ,   4041 : 2.9824998131579e+00 +(1e-02,1e-01) | 5.43e+01 |  3:7.0e-03  6:1.0e-01
  405 ,   4051 : 2.9776186619756e+00 +(1e-02,3e-02) | 5.40e+01 |  3:7.8e-03  6:1.1e-01
  406 ,   4061 : 2.9769671943722e+00 +(2e-02,7e-02) | 5.45e+01 |  3:7.0e-03  6:1.0e-01
  407 ,   4071 : 2.9806031747400e+00 +(2e-02,4e-02) | 5.53e+01 |  3:6.3e-03  6:9.4e-02
  408 ,   4081 : 2.9852605318475e+00 +(9e-03,4e-02) | 5.45e+01 |  3:5.9e-03  6:8.9e-02
  409 ,   4091 : 2.9905969846845e+00 +(1e-02,4e-02) | 5.46e+01 |  3:5.4e-03  6:8.1e-02
Iterat, #Fevals:   Function Value    (median,worst) |Axis Ratio|idx:Min SD idx:Max SD
  410 ,   4101 : 2.9833910816790e+00 +(1e-02,3e-02) | 5.47e+01 |  3:5.1e-03  6:7.6e-02
  411 ,   4111 : 2.9753589885944e+00 +(2e-02,3e-02) | 5.46e+01 |  3:5.2e-03  6:7.8e-02
  412 ,   4121 : 2.9743702847164e+00 +(2e-02,3e-02) | 5.54e+01 |  3:5.5e-03  6:8.1e-02
  413 ,   4131 : 2.9750600850718e+00 +(2e-02,5e-02) | 5.56e+01 |  3:5.7e-03  6:8.3e-02
  414 ,   4141 : 2.9722528947082e+00 +(1e-02,4e-02) | 5.61e+01 |  3:5.4e-03  6:8.0e-02
  415 ,   4151 : 2.9731840816304e+00 +(9e-03,4e-02) | 5.60e+01 |  3:4.9e-03  6:7.3e-02
  416 ,   4161 : 2.9762009271227e+00 +(1e-02,4e-02) | 5.69e+01 |  3:4.7e-03  6:6.9e-02
  417 ,   4171 : 2.9775753810885e+00 +(1e-02,4e-02) | 5.62e+01 |  3:4.2e-03  6:6.3e-02
  418 ,   4181 : 2.9757690349811e+00 +(2e-02,2e-02) | 5.64e+01 |  3:4.2e-03  6:6.1e-02
  419 ,   4191 : 2.9809212559866e+00 +(1e-02,2e-02) | 5.65e+01 |  3:4.1e-03  6:6.0e-02
Iterat, #Fevals:   Function Value    (median,worst) |Axis Ratio|idx:Min SD idx:Max SD
  420 ,   4201 : 2.9689964197982e+00 +(2e-02,3e-02) | 5.44e+01 |  3:4.2e-03  6:5.9e-02
  421 ,   4211 : 2.9678008388065e+00 +(2e-02,4e-02) | 5.42e+01 |  3:4.2e-03  6:6.1e-02
  422 ,   4221 : 2.9767946103961e+00 +(1e-02,3e-02) | 5.44e+01 |  3:4.4e-03  6:6.3e-02
  423 ,   4231 : 2.9740915980321e+00 +(2e-02,2e-02) | 5.52e+01 |  3:4.4e-03  6:6.5e-02
  424 ,   4241 : 2.9759887186848e+00 +(1e-02,3e-02) | 5.46e+01 |  3:3.9e-03  6:5.7e-02
  425 ,   4251 : 2.9808347138409e+00 +(1e-02,2e-02) | 5.38e+01 |  3:3.7e-03  6:5.6e-02
  426 ,   4261 : 2.9732767770254e+00 +(1e-02,2e-02) | 5.32e+01 |  3:3.6e-03  6:5.4e-02
  427 ,   4271 : 2.9715438901079e+00 +(2e-02,3e-02) | 5.39e+01 |  3:3.5e-03  6:5.2e-02
  428 ,   4281 : 2.9721172972999e+00 +(1e-02,2e-02) | 5.62e+01 |  3:3.3e-03  6:5.2e-02
  429 ,   4291 : 2.9749773927222e+00 +(5e-03,2e-02) | 5.35e+01 |  3:3.2e-03  6:5.0e-02
Iterat, #Fevals:   Function Value    (median,worst) |Axis Ratio|idx:Min SD idx:Max SD
  430 ,   4301 : 2.9804768825879e+00 +(1e-02,2e-02) | 5.37e+01 |  3:2.9e-03  6:4.8e-02
  431 ,   4311 : 2.9725661509964e+00 +(1e-02,2e-02) | 5.41e+01 |  3:2.7e-03  6:4.3e-02
  432 ,   4321 : 2.9709395185293e+00 +(1e-02,2e-02) | 5.57e+01 |  3:2.7e-03  6:4.4e-02
  433 ,   4331 : 2.9677121111373e+00 +(2e-02,3e-02) | 5.68e+01 |  3:2.5e-03  6:4.3e-02
  434 ,   4341 : 2.9801697360567e+00 +(1e-02,2e-02) | 6.06e+01 |  3:2.7e-03  6:4.9e-02
  435 ,   4351 : 2.9673088449409e+00 +(2e-02,2e-02) | 6.24e+01 |  3:2.6e-03  6:4.8e-02
  436 ,   4361 : 2.9669134676376e+00 +(2e-02,3e-02) | 6.48e+01 |  3:2.7e-03  6:5.0e-02
  437 ,   4371 : 2.9668267340863e+00 +(8e-03,3e-02) | 6.68e+01 |  3:2.8e-03  6:5.3e-02
  438 ,   4381 : 2.9683648393479e+00 +(2e-02,3e-02) | 7.10e+01 |  3:3.0e-03  6:6.1e-02
  439 ,   4391 : 2.9709641288932e+00 +(1e-02,2e-02) | 7.67e+01 |  3:3.5e-03  6:7.4e-02
Iterat, #Fevals:   Function Value    (median,worst) |Axis Ratio|idx:Min SD idx:Max SD
  440 ,   4401 : 2.9683060752279e+00 +(2e-02,2e-02) | 7.81e+01 |  3:3.5e-03  6:7.5e-02
  441 ,   4411 : 2.9671965000260e+00 +(1e-02,3e-02) | 7.91e+01 |  3:3.4e-03  6:7.3e-02
  442 ,   4421 : 2.9686258366045e+00 +(1e-02,3e-02) | 7.94e+01 |  3:3.3e-03  6:7.2e-02
  443 ,   4431 : 2.9683515985457e+00 +(2e-02,3e-02) | 8.00e+01 |  3:3.1e-03  6:6.8e-02
  444 ,   4441 : 2.9694010958990e+00 +(2e-02,3e-02) | 7.98e+01 |  3:2.8e-03  6:6.1e-02
  445 ,   4451 : 2.9689111961950e+00 +(2e-02,2e-02) | 7.46e+01 |  3:2.8e-03  6:5.8e-02
  446 ,   4461 : 2.9691397939047e+00 +(9e-03,3e-02) | 7.53e+01 |  3:2.8e-03  6:6.0e-02
  447 ,   4471 : 2.9727673037108e+00 +(9e-03,1e-02) | 7.35e+01 |  3:2.9e-03  6:6.2e-02
  448 ,   4481 : 2.9712102069593e+00 +(9e-03,2e-02) | 7.34e+01 |  3:2.8e-03  6:5.9e-02
  449 ,   4491 : 2.9743323376348e+00 +(9e-03,2e-02) | 7.45e+01 |  3:2.7e-03  6:5.6e-02
Iterat, #Fevals:   Function Value    (median,worst) |Axis Ratio|idx:Min SD idx:Max SD
  450 ,   4501 : 2.9719872404548e+00 +(2e-02,3e-02) | 7.47e+01 |  3:2.6e-03  6:5.4e-02
  451 ,   4511 : 2.9696279017772e+00 +(2e-02,3e-02) | 7.54e+01 |  3:2.6e-03  6:5.5e-02
  452 ,   4521 : 2.9667798208575e+00 +(1e-02,3e-02) | 7.70e+01 |  3:2.6e-03  6:5.4e-02
  453 ,   4531 : 2.9697446209866e+00 +(1e-02,2e-02) | 8.00e+01 |  3:2.6e-03  6:5.6e-02
  454 ,   4541 : 2.9673584332962e+00 +(2e-02,2e-02) | 8.17e+01 |  3:2.6e-03  6:5.7e-02
  455 ,   4551 : 2.9693635643136e+00 +(1e-02,3e-02) | 8.18e+01 |  3:2.6e-03  6:5.7e-02
  456 ,   4561 : 2.9678520778245e+00 +(1e-02,3e-02) | 8.14e+01 |  3:2.5e-03  6:5.4e-02
  457 ,   4571 : 2.9690312800868e+00 +(7e-03,2e-02) | 8.06e+01 |  3:2.2e-03  6:4.7e-02
  458 ,   4581 : 2.9681832728848e+00 +(5e-03,2e-02) | 8.14e+01 |  3:2.2e-03  6:4.7e-02
  459 ,   4591 : 2.9680932356279e+00 +(1e-02,2e-02) | 8.16e+01 |  3:2.0e-03  6:4.3e-02
Iterat, #Fevals:   Function Value    (median,worst) |Axis Ratio|idx:Min SD idx:Max SD
  460 ,   4601 : 2.9678296129481e+00 +(1e-02,2e-02) | 8.08e+01 |  3:2.1e-03  6:4.4e-02
  461 ,   4611 : 2.9700029468583e+00 +(2e-02,3e-02) | 8.10e+01 |  3:2.2e-03  6:4.4e-02
  462 ,   4621 : 2.9681716354722e+00 +(2e-02,2e-02) | 8.04e+01 |  3:2.3e-03  6:4.4e-02
  463 ,   4631 : 2.9673224002783e+00 +(1e-02,3e-02) | 8.13e+01 |  3:2.4e-03  6:4.3e-02
  464 ,   4641 : 2.9690478217693e+00 +(2e-02,2e-02) | 8.16e+01 |  3:2.6e-03  6:4.6e-02
  465 ,   4651 : 2.9700319429092e+00 +(1e-02,2e-02) | 8.17e+01 |  3:2.7e-03  6:4.6e-02
  466 ,   4661 : 2.9679381302357e+00 +(2e-02,3e-02) | 8.29e+01 |  3:2.6e-03  6:4.6e-02
  467 ,   4671 : 2.9675456735972e+00 +(2e-02,3e-02) | 8.25e+01 |  3:2.6e-03  6:4.4e-02
  468 ,   4681 : 2.9674075850519e+00 +(2e-02,3e-02) | 8.30e+01 |  3:2.8e-03  6:4.9e-02
  469 ,   4691 : 2.9660117197413e+00 +(2e-02,3e-02) | 8.08e+01 |  3:2.9e-03  6:5.0e-02
Iterat, #Fevals:   Function Value    (median,worst) |Axis Ratio|idx:Min SD idx:Max SD
  470 ,   4701 : 2.9702827981260e+00 +(1e-02,3e-02) | 8.38e+01 |  3:3.3e-03  6:5.9e-02
  471 ,   4711 : 2.9711988835336e+00 +(1e-02,2e-02) | 8.37e+01 |  3:3.5e-03  6:6.2e-02
  472 ,   4721 : 2.9724115004487e+00 +(1e-02,3e-02) | 8.38e+01 |  3:3.4e-03  6:6.1e-02
  473 ,   4731 : 2.9687180155803e+00 +(2e-02,3e-02) | 8.48e+01 |  3:3.3e-03  6:5.9e-02
  474 ,   4741 : 2.9755560361417e+00 +(1e-02,2e-02) | 8.50e+01 |  3:3.1e-03  6:5.6e-02
  475 ,   4751 : 2.9689025908831e+00 +(2e-02,3e-02) | 8.37e+01 |  3:3.0e-03  6:5.3e-02
  476 ,   4761 : 2.9699945733645e+00 +(1e-02,2e-02) | 8.65e+01 |  3:3.0e-03  6:5.5e-02
  477 ,   4771 : 2.9801164985962e+00 +(1e-02,1e-02) | 8.66e+01 |  3:3.2e-03  6:5.9e-02
  478 ,   4781 : 2.9686548108343e+00 +(2e-02,3e-02) | 8.53e+01 |  3:3.0e-03  6:5.4e-02
  479 ,   4791 : 2.9678686957479e+00 +(8e-03,2e-02) | 8.66e+01 |  3:2.8e-03  6:5.1e-02
Iterat, #Fevals:   Function Value    (median,worst) |Axis Ratio|idx:Min SD idx:Max SD
  480 ,   4801 : 2.9754021497444e+00 +(1e-02,2e-02) | 8.87e+01 |  3:2.7e-03  6:5.2e-02
  481 ,   4811 : 2.9683497828626e+00 +(1e-02,2e-02) | 8.97e+01 |  3:2.7e-03  6:5.0e-02
  482 ,   4821 : 2.9737541182492e+00 +(1e-02,2e-02) | 9.20e+01 |  3:2.6e-03  6:5.0e-02
  483 ,   4831 : 2.9717553716885e+00 +(1e-02,3e-02) | 9.19e+01 |  3:2.7e-03  6:5.1e-02
  484 ,   4841 : 2.9725264339552e+00 +(2e-02,3e-02) | 9.22e+01 |  3:2.7e-03  6:4.9e-02
  485 ,   4851 : 2.9669077442632e+00 +(2e-02,3e-02) | 9.00e+01 |  3:2.6e-03  6:4.8e-02
  486 ,   4861 : 2.9693681634030e+00 +(1e-02,2e-02) | 8.79e+01 |  3:2.9e-03  6:5.4e-02
  487 ,   4871 : 2.9762993810847e+00 +(2e-02,2e-02) | 8.77e+01 |  3:2.9e-03  6:5.3e-02
  488 ,   4881 : 2.9778112789474e+00 +(2e-02,2e-02) | 8.71e+01 |  3:3.0e-03  6:5.3e-02
  489 ,   4891 : 2.9690812935620e+00 +(2e-02,3e-02) | 8.86e+01 |  3:2.8e-03  6:4.9e-02
Iterat, #Fevals:   Function Value    (median,worst) |Axis Ratio|idx:Min SD idx:Max SD
  490 ,   4901 : 2.9695858900073e+00 +(1e-02,2e-02) | 8.53e+01 |  3:2.7e-03  6:4.7e-02
  491 ,   4911 : 2.9726964809180e+00 +(1e-02,3e-02) | 8.37e+01 |  3:2.8e-03  6:4.7e-02
  492 ,   4921 : 2.9731046591429e+00 +(2e-02,2e-02) | 8.45e+01 |  3:3.0e-03  6:5.0e-02
  493 ,   4931 : 2.9731983765484e+00 +(2e-02,3e-02) | 8.39e+01 |  3:2.9e-03  6:4.9e-02
  494 ,   4941 : 2.9711074990913e+00 +(2e-02,3e-02) | 8.43e+01 |  3:2.8e-03  6:4.7e-02
  495 ,   4951 : 2.9673479987305e+00 +(1e-02,3e-02) | 8.27e+01 |  3:2.9e-03  6:4.7e-02
  496 ,   4961 : 2.9704960354296e+00 +(2e-02,2e-02) | 8.31e+01 |  3:2.7e-03  6:4.4e-02
  497 ,   4971 : 2.9699779084958e+00 +(4e-03,2e-02) | 8.44e+01 |  3:2.4e-03  6:4.0e-02
  498 ,   4981 : 2.9685804618912e+00 +(3e-03,3e-02) | 8.26e+01 |  3:2.2e-03  6:3.6e-02
  499 ,   4991 : 2.9673802324905e+00 +(1e-02,2e-02) | 8.39e+01 |  3:2.3e-03  6:3.8e-02
Iterat, #Fevals:   Function Value    (median,worst) |Axis Ratio|idx:Min SD idx:Max SD
  500 ,   5001 : 2.9694496592268e+00 +(1e-02,2e-02) | 8.55e+01 |  3:2.2e-03  6:3.6e-02
  501 ,   5011 : 2.9805331469227e+00 +(9e-03,2e-02) | 8.54e+01 |  3:2.1e-03  6:3.4e-02
  502 ,   5021 : 2.9800091737570e+00 +(1e-02,1e-02) | 8.64e+01 |  3:2.0e-03  6:3.2e-02
  503 ,   5031 : 2.9835147033997e+00 +(4e-03,1e-02) | 8.78e+01 |  3:2.1e-03  6:3.3e-02
  504 ,   5041 : 2.9704509202350e+00 +(2e-02,2e-02) | 8.97e+01 |  3:2.2e-03  6:3.4e-02
  505 ,   5051 : 2.9703573787799e+00 +(9e-03,2e-02) | 9.02e+01 |  3:2.1e-03  6:3.3e-02
  506 ,   5061 : 2.9830291983268e+00 +(5e-03,1e-02) | 9.07e+01 |  3:2.0e-03  6:3.2e-02
  507 ,   5071 : 2.9710118190157e+00 +(1e-02,2e-02) | 9.00e+01 |  3:1.9e-03  6:3.0e-02
  508 ,   5081 : 2.9714657832393e+00 +(2e-02,2e-02) | 8.78e+01 |  3:1.9e-03  6:2.9e-02
  509 ,   5091 : 2.9732741280865e+00 +(2e-02,2e-02) | 8.86e+01 |  3:2.0e-03  6:3.2e-02
Iterat, #Fevals:   Function Value    (median,worst) |Axis Ratio|idx:Min SD idx:Max SD
  510 ,   5101 : 2.9792497581678e+00 +(9e-03,2e-02) | 8.84e+01 |  3:2.2e-03  6:3.5e-02
  511 ,   5111 : 2.9732329916492e+00 +(1e-02,2e-02) | 8.79e+01 |  3:2.4e-03  6:3.9e-02
  512 ,   5121 : 2.9818325562814e+00 +(8e-03,9e-03) | 8.78e+01 |  3:2.7e-03  6:4.4e-02
  513 ,   5131 : 2.9727754552438e+00 +(2e-02,2e-02) | 8.96e+01 |  3:2.9e-03  6:4.6e-02
  514 ,   5141 : 2.9722437505721e+00 +(2e-02,2e-02) | 8.93e+01 |  3:2.8e-03  6:4.5e-02
  515 ,   5151 : 2.9783372965502e+00 +(1e-02,2e-02) | 9.09e+01 |  3:3.0e-03  6:4.7e-02
  516 ,   5161 : 2.9817179649019e+00 +(9e-03,2e-02) | 9.77e+01 |  3:3.2e-03  6:5.3e-02
  517 ,   5171 : 2.9721942297975e+00 +(2e-02,3e-02) | 9.38e+01 |  3:3.3e-03  6:5.5e-02
  518 ,   5181 : 2.9725523217189e+00 +(2e-02,2e-02) | 9.35e+01 |  3:3.1e-03  6:5.1e-02
  519 ,   5191 : 2.9748442398839e+00 +(7e-03,2e-02) | 9.56e+01 |  3:3.0e-03  6:5.1e-02
Iterat, #Fevals:   Function Value    (median,worst) |Axis Ratio|idx:Min SD idx:Max SD
  520 ,   5201 : 2.9713998116176e+00 +(1e-02,2e-02) | 9.92e+01 |  3:3.2e-03  6:5.6e-02
  521 ,   5211 : 2.9737858939271e+00 +(1e-02,2e-02) | 9.83e+01 |  3:3.4e-03  6:5.8e-02
  522 ,   5221 : 2.9779613375919e+00 +(8e-03,2e-02) | 9.81e+01 |  3:3.2e-03  6:5.5e-02
  523 ,   5231 : 2.9776669745045e+00 +(8e-03,2e-02) | 9.99e+01 |  3:3.1e-03  6:5.1e-02
  524 ,   5241 : 2.9774128944155e+00 +(7e-03,2e-02) | 9.95e+01 |  3:2.9e-03  6:4.8e-02
  525 ,   5251 : 2.9740180145980e+00 +(1e-02,2e-02) | 9.95e+01 |  3:2.7e-03  6:4.4e-02
  526 ,   5261 : 2.9708697458525e+00 +(1e-02,3e-02) | 9.94e+01 |  3:2.6e-03  6:4.3e-02
  527 ,   5271 : 2.9746014281455e+00 +(1e-02,2e-02) | 9.90e+01 |  3:2.5e-03  6:4.0e-02
  528 ,   5281 : 2.9726039970992e+00 +(1e-02,2e-02) | 9.99e+01 |  3:2.4e-03  6:3.8e-02
  529 ,   5291 : 2.9736615869534e+00 +(1e-02,2e-02) | 1.00e+02 |  3:2.4e-03  6:3.7e-02
Iterat, #Fevals:   Function Value    (median,worst) |Axis Ratio|idx:Min SD idx:Max SD
  530 ,   5301 : 2.9773659218879e+00 +(1e-02,2e-02) | 1.00e+02 |  3:2.6e-03  6:3.9e-02
  531 ,   5311 : 2.9696972586883e+00 +(1e-02,3e-02) | 9.99e+01 |  3:2.6e-03  6:3.9e-02
  532 ,   5321 : 2.9739342812910e+00 +(1e-02,3e-02) | 1.06e+02 |  3:2.6e-03  6:3.9e-02
  533 ,   5331 : 2.9787728909061e+00 +(1e-02,2e-02) | 1.08e+02 |  3:2.7e-03  8:4.3e-02
  534 ,   5341 : 2.9785554713086e+00 +(4e-03,2e-02) | 1.10e+02 |  3:2.9e-03  8:4.6e-02
  535 ,   5351 : 2.9725489851188e+00 +(8e-03,2e-02) | 1.09e+02 |  3:2.8e-03  8:4.3e-02
  536 ,   5361 : 2.9767812966828e+00 +(5e-03,2e-02) | 1.09e+02 |  3:2.5e-03  8:4.0e-02
  537 ,   5371 : 2.9761050454276e+00 +(3e-03,2e-02) | 1.09e+02 |  3:2.2e-03  8:3.4e-02
  538 ,   5381 : 2.9762537181758e+00 +(1e-02,2e-02) | 1.08e+02 |  3:2.0e-03  8:3.1e-02
  539 ,   5391 : 2.9741007173604e+00 +(1e-02,2e-02) | 1.08e+02 |  3:1.8e-03  8:2.8e-02
Iterat, #Fevals:   Function Value    (median,worst) |Axis Ratio|idx:Min SD idx:Max SD
  540 ,   5401 : 2.9778932749277e+00 +(9e-03,1e-02) | 1.03e+02 |  3:1.7e-03  8:2.7e-02
  541 ,   5411 : 2.9788984453788e+00 +(1e-02,2e-02) | 1.01e+02 |  3:1.8e-03  8:2.8e-02
  542 ,   5421 : 2.9763435899181e+00 +(1e-02,2e-02) | 9.92e+01 |  3:1.8e-03  8:2.8e-02
  543 ,   5431 : 2.9746976128170e+00 +(7e-03,2e-02) | 9.94e+01 |  3:1.7e-03  8:2.7e-02
  544 ,   5441 : 2.9741279110067e+00 +(1e-02,3e-02) | 9.93e+01 |  3:1.7e-03  8:2.5e-02
  545 ,   5451 : 2.9754104362091e+00 +(6e-03,2e-02) | 9.77e+01 |  3:1.6e-03  8:2.5e-02
  546 ,   5461 : 2.9711685817812e+00 +(4e-03,1e-02) | 9.47e+01 |  3:1.7e-03  8:2.6e-02
  547 ,   5471 : 2.9754907133893e+00 +(1e-02,2e-02) | 9.41e+01 |  3:1.8e-03  8:2.8e-02
  548 ,   5481 : 2.9723970245731e+00 +(2e-02,2e-02) | 9.42e+01 |  3:1.8e-03  8:2.6e-02
  549 ,   5491 : 2.9746478468301e+00 +(5e-03,2e-02) | 9.34e+01 |  3:1.9e-03  6:2.7e-02
Iterat, #Fevals:   Function Value    (median,worst) |Axis Ratio|idx:Min SD idx:Max SD
  550 ,   5501 : 2.9750688778543e+00 +(1e-02,2e-02) | 9.30e+01 |  3:2.0e-03  6:2.8e-02
  551 ,   5511 : 2.9723609650799e+00 +(7e-03,2e-02) | 9.14e+01 |  3:1.8e-03  6:2.6e-02
  552 ,   5521 : 2.9730046555496e+00 +(8e-03,3e-02) | 9.35e+01 |  3:1.7e-03  6:2.5e-02
  553 ,   5531 : 2.9782445934023e+00 +(8e-03,2e-02) | 9.24e+01 |  3:1.6e-03  6:2.4e-02
  554 ,   5541 : 2.9707552531169e+00 +(1e-02,2e-02) | 1.00e+02 |  3:1.7e-03  6:2.5e-02
  555 ,   5551 : 2.9688308275618e+00 +(2e-02,2e-02) | 1.02e+02 |  3:1.6e-03  6:2.5e-02
  556 ,   5561 : 2.9696015281538e+00 +(1e-02,2e-02) | 1.02e+02 |  3:1.4e-03  6:2.2e-02
  557 ,   5571 : 2.9765917344660e+00 +(7e-03,2e-02) | 1.02e+02 |  3:1.4e-03  6:2.0e-02
  558 ,   5581 : 2.9747376299312e+00 +(6e-03,2e-02) | 1.03e+02 |  3:1.4e-03  6:2.1e-02
  559 ,   5591 : 2.9753792689655e+00 +(9e-03,2e-02) | 1.03e+02 |  3:1.4e-03  6:2.1e-02
Iterat, #Fevals:   Function Value    (median,worst) |Axis Ratio|idx:Min SD idx:Max SD
  560 ,   5601 : 2.9721232677772e+00 +(9e-03,2e-02) | 1.03e+02 |  3:1.3e-03  6:2.0e-02
  561 ,   5611 : 2.9729187523820e+00 +(1e-02,2e-02) | 1.02e+02 |  3:1.3e-03  6:1.9e-02
  562 ,   5621 : 2.9719879455322e+00 +(1e-02,2e-02) | 1.10e+02 |  3:1.5e-03  6:2.3e-02
  563 ,   5631 : 2.9754532616243e+00 +(6e-03,1e-02) | 1.12e+02 |  3:1.3e-03  6:2.0e-02
  564 ,   5641 : 2.9724649253164e+00 +(1e-02,2e-02) | 1.12e+02 |  3:1.2e-03  6:1.8e-02
  565 ,   5651 : 2.9767594359834e+00 +(3e-03,2e-02) | 1.13e+02 |  3:1.0e-03  6:1.7e-02
  566 ,   5661 : 2.9796831497038e+00 +(2e-03,1e-02) | 1.13e+02 |  3:9.3e-04  6:1.5e-02
  567 ,   5671 : 2.9775189530235e+00 +(6e-03,1e-02) | 1.14e+02 |  3:8.9e-04  6:1.4e-02
  568 ,   5681 : 2.9748188514150e+00 +(6e-03,2e-02) | 1.08e+02 |  3:9.5e-04  6:1.5e-02
  569 ,   5691 : 2.9746668251600e+00 +(9e-03,2e-02) | 1.08e+02 |  3:8.6e-04  6:1.3e-02
Iterat, #Fevals:   Function Value    (median,worst) |Axis Ratio|idx:Min SD idx:Max SD
  570 ,   5701 : 2.9811273334110e+00 +(4e-03,1e-02) | 1.06e+02 |  3:8.2e-04  6:1.3e-02
  571 ,   5711 : 2.9791626406705e+00 +(6e-03,2e-02) | 1.05e+02 |  3:7.8e-04  6:1.2e-02
  572 ,   5721 : 2.9764072508329e+00 +(3e-03,1e-02) | 1.07e+02 |  3:8.1e-04  6:1.3e-02
  573 ,   5731 : 2.9758774245997e+00 +(1e-02,2e-02) | 1.13e+02 |  3:7.9e-04  6:1.2e-02
  574 ,   5741 : 2.9753392512877e+00 +(5e-03,2e-02) | 1.12e+02 |  3:8.0e-04  6:1.2e-02
  575 ,   5751 : 2.9725945589085e+00 +(7e-03,2e-02) | 1.13e+02 |  3:8.0e-04  6:1.3e-02
  576 ,   5761 : 2.9746564440331e+00 +(8e-03,2e-02) | 1.18e+02 |  3:8.6e-04  6:1.4e-02
  577 ,   5771 : 2.9729337087732e+00 +(1e-02,2e-02) | 1.16e+02 |  3:8.4e-04  6:1.4e-02
  578 ,   5781 : 2.9724110702171e+00 +(8e-03,2e-02) | 1.16e+02 |  3:8.7e-04  6:1.4e-02
  579 ,   5791 : 2.9766689636088e+00 +(8e-03,1e-02) | 1.12e+02 |  3:9.1e-04  6:1.5e-02
Iterat, #Fevals:   Function Value    (median,worst) |Axis Ratio|idx:Min SD idx:Max SD
  580 ,   5801 : 2.9818713475316e+00 +(9e-03,1e-02) | 1.13e+02 |  3:9.3e-04  6:1.5e-02
  581 ,   5811 : 2.9690659662512e+00 +(2e-02,2e-02) | 1.22e+02 |  3:8.9e-04  8:1.5e-02
  582 ,   5821 : 2.9716497825752e+00 +(9e-03,2e-02) | 1.24e+02 |  3:8.2e-04  8:1.4e-02
  583 ,   5831 : 2.9745520533406e+00 +(9e-03,2e-02) | 1.23e+02 |  3:8.3e-04  8:1.4e-02
  584 ,   5841 : 2.9751751631900e+00 +(7e-03,1e-02) | 1.21e+02 |  3:7.7e-04  8:1.3e-02
  585 ,   5851 : 2.9716322480934e+00 +(9e-03,2e-02) | 1.31e+02 |  3:8.0e-04  8:1.4e-02
  586 ,   5861 : 2.9731266644960e+00 +(5e-03,2e-02) | 1.28e+02 |  3:9.0e-04  8:1.6e-02
  587 ,   5871 : 2.9733465399275e+00 +(6e-03,2e-02) | 1.27e+02 |  3:9.7e-04  8:1.7e-02
  588 ,   5881 : 2.9732198742200e+00 +(2e-02,2e-02) | 1.26e+02 |  3:1.0e-03  8:1.8e-02
  589 ,   5891 : 2.9765416415385e+00 +(7e-03,2e-02) | 1.26e+02 |  3:1.1e-03  8:1.9e-02
Iterat, #Fevals:   Function Value    (median,worst) |Axis Ratio|idx:Min SD idx:Max SD
  590 ,   5901 : 2.9690195746722e+00 +(9e-03,2e-02) | 1.33e+02 |  3:1.1e-03  8:2.0e-02
  591 ,   5911 : 2.9673589529835e+00 +(1e-02,3e-02) | 1.30e+02 |  3:1.2e-03  8:2.0e-02
  592 ,   5921 : 2.9775028675933e+00 +(5e-03,1e-02) | 1.35e+02 |  3:1.1e-03  8:1.9e-02
  593 ,   5931 : 2.9688464226265e+00 +(2e-02,2e-02) | 1.39e+02 |  3:1.2e-03  8:2.0e-02
  594 ,   5941 : 2.9672121140981e+00 +(2e-02,2e-02) | 1.33e+02 |  3:1.1e-03  8:1.9e-02
  595 ,   5951 : 2.9660533779753e+00 +(1e-02,2e-02) | 1.30e+02 |  3:1.1e-03  8:1.9e-02
  596 ,   5961 : 2.9683066975407e+00 +(2e-02,2e-02) | 1.32e+02 |  3:1.1e-03  8:2.0e-02
  597 ,   5971 : 2.9689988698446e+00 +(2e-02,2e-02) | 1.27e+02 |  3:1.3e-03  8:2.2e-02
  598 ,   5981 : 2.9672940225030e+00 +(2e-02,2e-02) | 1.30e+02 |  3:1.3e-03  8:2.3e-02
  599 ,   5991 : 2.9702203431030e+00 +(1e-02,2e-02) | 1.32e+02 |  3:1.3e-03  8:2.2e-02
Iterat, #Fevals:   Function Value    (median,worst) |Axis Ratio|idx:Min SD idx:Max SD
  600 ,   6001 : 2.9686618654538e+00 +(1e-02,2e-02) | 1.34e+02 |  3:1.2e-03  8:2.2e-02
  601 ,   6011 : 2.9709466719954e+00 +(2e-02,2e-02) | 1.34e+02 |  3:1.3e-03  8:2.3e-02
  602 ,   6021 : 2.9688235232485e+00 +(2e-02,3e-02) | 1.34e+02 |  3:1.3e-03  8:2.2e-02
  603 ,   6031 : 2.9763502887292e+00 +(1e-02,1e-02) | 1.35e+02 |  3:1.3e-03  8:2.2e-02
  604 ,   6041 : 2.9655868864896e+00 +(1e-02,2e-02) | 1.36e+02 |  3:1.2e-03  8:2.2e-02
  605 ,   6051 : 2.9804474544093e+00 +(7e-03,1e-02) | 1.38e+02 |  3:1.2e-03  8:2.1e-02
  606 ,   6061 : 2.9672663960269e+00 +(2e-02,2e-02) | 1.40e+02 |  3:1.2e-03  8:2.1e-02
  607 ,   6071 : 2.9708994671885e+00 +(2e-02,2e-02) | 1.38e+02 |  3:1.2e-03  8:2.2e-02
  608 ,   6081 : 2.9719970482149e+00 +(1e-02,2e-02) | 1.38e+02 |  3:1.2e-03  8:2.1e-02
  609 ,   6091 : 2.9725638204614e+00 +(9e-03,2e-02) | 1.43e+02 |  3:1.2e-03  8:2.1e-02
Iterat, #Fevals:   Function Value    (median,worst) |Axis Ratio|idx:Min SD idx:Max SD
  610 ,   6101 : 2.9701131384817e+00 +(2e-02,2e-02) | 1.44e+02 |  3:1.1e-03  8:2.0e-02
  611 ,   6111 : 2.9719849908710e+00 +(2e-02,2e-02) | 1.44e+02 |  3:1.1e-03  8:2.1e-02
  612 ,   6121 : 2.9775265939734e+00 +(1e-02,2e-02) | 1.45e+02 |  3:1.1e-03  8:1.9e-02
  613 ,   6131 : 2.9740683237911e+00 +(1e-02,2e-02) | 1.47e+02 |  3:9.8e-04  8:1.7e-02
  614 ,   6141 : 2.9710942603868e+00 +(8e-03,2e-02) | 1.36e+02 |  3:9.9e-04  8:1.8e-02
  615 ,   6151 : 2.9723388300464e+00 +(1e-02,2e-02) | 1.44e+02 |  3:1.1e-03  8:1.9e-02
  616 ,   6161 : 2.9798798245116e+00 +(8e-03,1e-02) | 1.61e+02 |  3:1.3e-03  8:2.3e-02
  617 ,   6171 : 2.9729324258181e+00 +(1e-02,2e-02) | 1.65e+02 |  3:1.3e-03  8:2.4e-02
  618 ,   6181 : 2.9719565731245e+00 +(2e-02,2e-02) | 1.67e+02 |  3:1.3e-03  8:2.5e-02
  619 ,   6191 : 2.9754294027777e+00 +(1e-02,2e-02) | 1.68e+02 |  3:1.3e-03  8:2.4e-02
Iterat, #Fevals:   Function Value    (median,worst) |Axis Ratio|idx:Min SD idx:Max SD
  620 ,   6201 : 2.9705102713603e+00 +(2e-02,2e-02) | 1.71e+02 |  3:1.3e-03  8:2.4e-02
  621 ,   6211 : 2.9694483224828e+00 +(2e-02,2e-02) | 1.70e+02 |  3:1.2e-03  8:2.3e-02
  622 ,   6221 : 2.9826837813423e+00 +(5e-03,8e-03) | 1.70e+02 |  3:1.2e-03  8:2.2e-02
  623 ,   6231 : 2.9669465245613e+00 +(2e-02,3e-02) | 1.70e+02 |  3:1.2e-03  8:2.3e-02
  624 ,   6241 : 2.9814326552113e+00 +(5e-03,7e-03) | 1.74e+02 |  3:1.3e-03  8:2.4e-02
  625 ,   6251 : 2.9752777626903e+00 +(1e-02,2e-02) | 1.76e+02 |  3:1.3e-03  8:2.5e-02
  626 ,   6261 : 2.9721958311082e+00 +(1e-02,2e-02) | 1.75e+02 |  3:1.4e-03  8:2.8e-02
  627 ,   6271 : 2.9764422007526e+00 +(1e-02,2e-02) | 1.79e+02 |  3:1.5e-03  8:3.0e-02
  628 ,   6281 : 2.9731199716611e+00 +(1e-02,2e-02) | 1.85e+02 |  3:1.4e-03  8:2.9e-02
  629 ,   6291 : 2.9689740917500e+00 +(1e-02,2e-02) | 1.84e+02 |  3:1.3e-03  8:2.7e-02
Iterat, #Fevals:   Function Value    (median,worst) |Axis Ratio|idx:Min SD idx:Max SD
  630 ,   6301 : 2.9742082002735e+00 +(8e-03,2e-02) | 1.82e+02 |  3:1.3e-03  8:2.6e-02
  631 ,   6311 : 2.9703950906272e+00 +(1e-02,2e-02) | 1.81e+02 |  3:1.3e-03  8:2.5e-02
  632 ,   6321 : 2.9812728601528e+00 +(4e-03,1e-02) | 1.80e+02 |  3:1.3e-03  8:2.6e-02
  633 ,   6331 : 2.9701010759757e+00 +(2e-02,2e-02) | 1.83e+02 |  3:1.4e-03  8:2.9e-02
  634 ,   6341 : 2.9703238411970e+00 +(1e-02,2e-02) | 1.91e+02 |  3:1.5e-03  8:3.1e-02
  635 ,   6351 : 2.9750452742811e+00 +(1e-02,2e-02) | 2.01e+02 |  3:1.6e-03  8:3.4e-02
  636 ,   6361 : 2.9762314256371e+00 +(1e-02,2e-02) | 2.09e+02 |  3:1.7e-03  8:3.8e-02
  637 ,   6371 : 2.9679782714004e+00 +(2e-02,3e-02) | 2.11e+02 |  3:1.6e-03  8:3.5e-02
  638 ,   6381 : 2.9733931353730e+00 +(1e-02,2e-02) | 2.12e+02 |  3:1.5e-03  8:3.2e-02
  639 ,   6391 : 2.9728960214250e+00 +(7e-03,2e-02) | 2.14e+02 |  3:1.4e-03  8:3.0e-02
Iterat, #Fevals:   Function Value    (median,worst) |Axis Ratio|idx:Min SD idx:Max SD
  640 ,   6401 : 2.9733733424535e+00 +(1e-02,2e-02) | 2.11e+02 |  3:1.3e-03  8:2.8e-02
  641 ,   6411 : 2.9734520117129e+00 +(1e-02,2e-02) | 2.16e+02 |  3:1.2e-03  8:2.8e-02
  642 ,   6421 : 2.9793140336533e+00 +(5e-03,1e-02) | 2.18e+02 |  3:1.2e-03  8:2.6e-02
  643 ,   6431 : 2.9753638255545e+00 +(8e-03,2e-02) | 2.22e+02 |  3:1.1e-03  8:2.4e-02
  644 ,   6441 : 2.9764783067920e+00 +(1e-02,1e-02) | 2.17e+02 |  3:1.0e-03  8:2.3e-02
  645 ,   6451 : 2.9727508162091e+00 +(1e-02,2e-02) | 2.12e+02 |  3:1.1e-03  8:2.4e-02
  646 ,   6461 : 2.9729365177130e+00 +(1e-02,2e-02) | 2.06e+02 |  3:1.1e-03  8:2.4e-02
  647 ,   6471 : 2.9678452370237e+00 +(2e-02,3e-02) | 1.99e+02 |  3:1.0e-03  8:2.3e-02
  648 ,   6481 : 2.9756344249307e+00 +(9e-03,1e-02) | 2.02e+02 |  3:9.3e-04  8:2.1e-02
  649 ,   6491 : 2.9705697359622e+00 +(1e-02,2e-02) | 2.01e+02 |  3:9.0e-04  8:2.1e-02
Iterat, #Fevals:   Function Value    (median,worst) |Axis Ratio|idx:Min SD idx:Max SD
  650 ,   6501 : 2.9701608798534e+00 +(1e-02,2e-02) | 2.04e+02 |  3:8.5e-04  8:2.0e-02
  651 ,   6511 : 2.9744647865792e+00 +(1e-02,2e-02) | 2.06e+02 |  3:7.9e-04  8:1.9e-02
  652 ,   6521 : 2.9774505897517e+00 +(9e-03,1e-02) | 1.97e+02 |  3:7.9e-04  8:1.9e-02
  653 ,   6531 : 2.9687724653506e+00 +(2e-02,2e-02) | 1.99e+02 |  3:7.4e-04  8:1.8e-02
  654 ,   6541 : 2.9689109927565e+00 +(1e-02,2e-02) | 1.94e+02 |  3:7.5e-04  8:1.8e-02
  655 ,   6551 : 2.9738271480939e+00 +(1e-02,2e-02) | 1.90e+02 |  3:7.0e-04  8:1.7e-02
  656 ,   6561 : 2.9774147138166e+00 +(1e-02,1e-02) | 1.90e+02 |  3:6.8e-04  8:1.6e-02
  657 ,   6571 : 2.9674765858946e+00 +(1e-02,2e-02) | 1.91e+02 |  3:6.9e-04  8:1.6e-02
  658 ,   6581 : 2.9746948518654e+00 +(1e-02,2e-02) | 2.03e+02 |  3:7.6e-04  8:1.9e-02
  659 ,   6591 : 2.9792612208061e+00 +(1e-02,1e-02) | 2.08e+02 |  3:7.6e-04  8:1.9e-02
Iterat, #Fevals:   Function Value    (median,worst) |Axis Ratio|idx:Min SD idx:Max SD
  660 ,   6601 : 2.9733886322209e+00 +(1e-02,2e-02) | 2.22e+02 |  3:8.3e-04  8:2.1e-02
  661 ,   6611 : 2.9751881433835e+00 +(3e-03,2e-02) | 2.25e+02 |  3:8.7e-04  8:2.2e-02
  662 ,   6621 : 2.9731425651765e+00 +(8e-03,2e-02) | 2.28e+02 |  3:9.2e-04  8:2.3e-02
  663 ,   6631 : 2.9707391597977e+00 +(1e-02,2e-02) | 2.34e+02 |  3:8.8e-04  8:2.3e-02
  664 ,   6641 : 2.9672530224380e+00 +(2e-02,3e-02) | 2.37e+02 |  3:8.6e-04  8:2.3e-02
  665 ,   6651 : 2.9697325740266e+00 +(8e-03,2e-02) | 2.36e+02 |  3:8.4e-04  8:2.2e-02
  666 ,   6661 : 2.9701926530156e+00 +(2e-02,2e-02) | 2.42e+02 |  3:7.9e-04  8:2.2e-02
  667 ,   6671 : 2.9755848943350e+00 +(1e-02,2e-02) | 2.48e+02 |  3:7.8e-04  8:2.1e-02
#Fevals:   f(returned x)   |    bestever.f     | stopflag (saved to variablescmaes188.mat)
   6672: 2.97558489434e+00 | 2.96558688649e+00 | stagnation
mean solution: +2.3e+00 +2.8e+00 +1.5e+00 +7.1e+00 +1.1e+01 +5.9e+00 +1.0e+00 +7.2e+00 +1.1e+00
std deviation:  8.1e-03  3.0e-03  7.8e-04  7.3e-03  1.3e-02  1.7e-02  5.9e-03  2.1e-02  9.2e-03
use plotcmaesdat.m for plotting the output at any time (option LogModulo must not be zero)
