
                            < M A T L A B (R) >
                  Copyright 1984-2015 The MathWorks, Inc.
                   R2015a (8.5.0.197613) 64-bit (glnxa64)
                             February 12, 2015

 
For online documentation, see http://www.mathworks.com/support
For product information, visit www.mathworks.com.
 

	Academic License

  n=9: (5,10)-CMA-ES(w=[46 27 16 9 3]%, mu_eff=3.2) on function Error
Iterat, #Fevals:   Function Value    (median,worst) |Axis Ratio|idx:Min SD idx:Max SD
    1 ,     11 : 4.3073295484433e+01 +(8e+00,3e+13) | 2.05e+01 |  3:8.3e-01  7:1.7e+01
    2 ,     21 : 2.8073445081524e+01 +(6e+03,2e+19) | 2.02e+01 |  3:8.1e-01  7:1.6e+01
    3 ,     31 : 5.1195999219093e+01 +(4e-01,2e+15) | 2.03e+01 |  3:8.3e-01  7:1.7e+01
    4 ,     41 : 5.1492442093379e+01 +(6e-02,6e+13) | 2.07e+01 |  3:8.2e-01  7:1.7e+01
    5 ,     51 : 2.5389789232842e+01 +(3e+01,3e+06) | 2.05e+01 |  3:8.6e-01  7:1.8e+01
    6 ,     61 : 3.6058157887381e+01 +(8e+02,1e+11) | 2.08e+01 |  3:8.2e-01  7:1.7e+01
    7 ,     71 : 1.7553124870811e+01 +(3e+01,2e+07) | 2.08e+01 |  3:7.7e-01  7:1.6e+01
    8 ,     81 : 4.1120929379818e+01 +(1e+01,4e+07) | 2.08e+01 |  3:8.1e-01  7:1.7e+01
    9 ,     91 : 1.1063999448142e+01 +(4e+01,4e+01) | 2.12e+01 |  3:8.1e-01  7:1.7e+01
Iterat, #Fevals:   Function Value    (median,worst) |Axis Ratio|idx:Min SD idx:Max SD
   10 ,    101 : 3.3893908103401e+01 +(2e+01,2e+06) | 2.16e+01 |  3:7.6e-01  7:1.6e+01
   11 ,    111 : 2.9502275936331e+01 +(2e+01,2e+01) | 2.18e+01 |  3:6.7e-01  7:1.4e+01
   12 ,    121 : 4.8530000928931e+01 +(3e+00,3e+00) | 2.13e+01 |  3:6.5e-01  7:1.4e+01
   13 ,    131 : 4.7872652459825e+01 +(4e+00,4e+00) | 2.11e+01 |  3:7.0e-01  7:1.4e+01
   14 ,    141 : 1.2701006061298e+01 +(4e+01,4e+01) | 2.06e+01 |  3:7.0e-01  7:1.4e+01
   15 ,    151 : 2.0617220758284e+01 +(3e+01,5e+05) | 2.06e+01 |  3:7.0e-01  7:1.4e+01
   16 ,    161 : 7.4264646406660e+00 +(3e+01,9e+02) | 2.05e+01 |  3:6.6e-01  7:1.3e+01
   17 ,    171 : 1.6302000374958e+01 +(4e+01,2e+03) | 2.08e+01 |  3:6.0e-01  7:1.2e+01
   18 ,    181 : 1.5816620489605e+01 +(2e+01,4e+01) | 2.10e+01 |  3:6.2e-01  7:1.2e+01
   19 ,    191 : 1.0834867573943e+01 +(2e+01,4e+08) | 2.12e+01 |  3:5.4e-01  7:1.1e+01
Iterat, #Fevals:   Function Value    (median,worst) |Axis Ratio|idx:Min SD idx:Max SD
   20 ,    201 : 1.0482475586676e+01 +(1e+01,1e+06) | 2.11e+01 |  3:5.0e-01  7:1.0e+01
   21 ,    211 : 1.0917724197687e+01 +(1e+01,3e+02) | 2.11e+01 |  3:4.5e-01  7:9.4e+00
   22 ,    221 : 1.0789159115468e+01 +(2e+01,5e+03) | 2.06e+01 |  3:4.1e-01  7:8.3e+00
   23 ,    231 : 1.0057530388160e+01 +(2e+01,3e+03) | 2.11e+01 |  3:3.7e-01  7:7.6e+00
   24 ,    241 : 1.0176659352881e+01 +(6e+00,9e+01) | 2.12e+01 |  3:3.6e-01  7:7.5e+00
   25 ,    251 : 1.1801204023378e+01 +(6e+00,5e+02) | 2.10e+01 |  3:3.4e-01  7:7.1e+00
   26 ,    261 : 1.3970687316911e+01 +(1e+02,7e+04) | 2.14e+01 |  3:3.2e-01  7:6.6e+00
   27 ,    271 : 1.0299762236420e+01 +(1e+01,2e+01) | 2.15e+01 |  3:2.8e-01  7:5.9e+00
   28 ,    281 : 1.1940122245701e+01 +(7e+00,3e+01) | 2.16e+01 |  3:2.6e-01  7:5.5e+00
   29 ,    291 : 1.6147935785678e+01 +(1e+01,3e+01) | 2.15e+01 |  3:2.5e-01  7:5.3e+00
Iterat, #Fevals:   Function Value    (median,worst) |Axis Ratio|idx:Min SD idx:Max SD
   30 ,    301 : 1.0601759242233e+01 +(7e+00,2e+01) | 2.13e+01 |  3:2.2e-01  7:4.7e+00
   31 ,    311 : 1.0991468048759e+01 +(8e+00,2e+01) | 2.16e+01 |  3:2.0e-01  7:4.2e+00
   32 ,    321 : 1.0684383781433e+01 +(8e+00,2e+01) | 2.14e+01 |  3:1.9e-01  7:3.9e+00
   33 ,    331 : 1.0719378795935e+01 +(7e+00,8e+01) | 2.10e+01 |  3:1.9e-01  7:3.8e+00
   34 ,    341 : 1.0538511290801e+01 +(2e+00,6e+01) | 2.10e+01 |  3:1.8e-01  7:3.7e+00
   35 ,    351 : 1.1065862261097e+01 +(3e+00,2e+03) | 2.13e+01 |  3:1.9e-01  7:3.8e+00
   36 ,    361 : 1.1220606895998e+01 +(3e+00,2e+01) | 2.16e+01 |  3:1.8e-01  7:3.7e+00
   37 ,    371 : 1.0975961195857e+01 +(4e+00,6e+01) | 2.17e+01 |  3:1.7e-01  7:3.3e+00
   38 ,    381 : 1.0851171800245e+01 +(3e+00,7e+02) | 2.35e+01 |  3:1.7e-01  7:3.5e+00
   39 ,    391 : 1.1163953437432e+01 +(2e+00,4e+01) | 2.41e+01 |  3:1.7e-01  7:3.7e+00
Iterat, #Fevals:   Function Value    (median,worst) |Axis Ratio|idx:Min SD idx:Max SD
   40 ,    401 : 1.0692592090974e+01 +(2e+00,6e+01) | 2.43e+01 |  3:1.7e-01  7:3.6e+00
   41 ,    411 : 1.0612070218047e+01 +(2e+00,8e+00) | 2.43e+01 |  3:1.9e-01  7:4.0e+00
   42 ,    421 : 1.0568478228049e+01 +(3e+00,2e+02) | 2.46e+01 |  3:2.1e-01  7:4.4e+00
   43 ,    431 : 1.1022032964895e+01 +(4e+00,8e+01) | 2.48e+01 |  3:2.1e-01  7:4.5e+00
   44 ,    441 : 1.0151038307141e+01 +(1e+00,5e+02) | 2.46e+01 |  3:2.2e-01  8:4.6e+00
   45 ,    451 : 1.0382124307506e+01 +(7e+00,5e+02) | 2.39e+01 |  3:2.2e-01  7:4.5e+00
   46 ,    461 : 9.4863990535794e+00 +(4e+00,2e+01) | 2.47e+01 |  3:2.2e-01  7:4.6e+00
   47 ,    471 : 9.8318341496446e+00 +(1e+01,6e+01) | 2.61e+01 |  3:2.3e-01  7:5.0e+00
   48 ,    481 : 9.3274040423902e+00 +(4e+00,1e+04) | 2.68e+01 |  3:2.4e-01  7:5.1e+00
   49 ,    491 : 8.7887890207728e+00 +(9e+00,3e+01) | 2.74e+01 |  3:2.5e-01  7:5.3e+00
Iterat, #Fevals:   Function Value    (median,worst) |Axis Ratio|idx:Min SD idx:Max SD
   50 ,    501 : 1.0085308165372e+01 +(1e+01,6e+01) | 2.71e+01 |  3:2.2e-01  7:4.8e+00
   51 ,    511 : 9.2072250400818e+00 +(2e+00,5e+01) | 2.74e+01 |  3:2.2e-01  7:4.6e+00
   52 ,    521 : 8.7930791644952e+00 +(6e+00,9e+01) | 2.76e+01 |  3:2.0e-01  7:4.2e+00
   53 ,    531 : 8.3255872996981e+00 +(4e+00,2e+01) | 2.84e+01 |  3:1.8e-01  7:4.0e+00
   54 ,    541 : 7.9078155437237e+00 +(1e+00,1e+02) | 2.99e+01 |  3:2.1e-01  7:4.5e+00
   55 ,    551 : 7.7132183105126e+00 +(5e+00,2e+02) | 3.03e+01 |  3:2.1e-01  7:4.5e+00
   56 ,    561 : 7.3947504567369e+00 +(3e+00,1e+05) | 2.94e+01 |  3:2.2e-01  7:4.5e+00
   57 ,    571 : 6.7594386693379e+00 +(5e+00,1e+05) | 2.93e+01 |  3:2.1e-01  7:4.5e+00
   58 ,    581 : 7.1873779035012e+00 +(1e+01,1e+05) | 2.94e+01 |  3:2.2e-01  7:4.4e+00
   59 ,    591 : 6.8282761462143e+00 +(1e+01,2e+05) | 2.93e+01 |  3:2.0e-01  7:4.1e+00
Iterat, #Fevals:   Function Value    (median,worst) |Axis Ratio|idx:Min SD idx:Max SD
   60 ,    601 : 8.0765059075320e+00 +(7e+00,3e+02) | 3.02e+01 |  3:2.0e-01  7:4.1e+00
   61 ,    611 : 8.8160462750049e+00 +(5e+00,3e+01) | 2.94e+01 |  3:1.8e-01  7:3.6e+00
   62 ,    621 : 8.1012205892819e+00 +(1e+00,2e+01) | 2.83e+01 |  3:1.8e-01  8:3.3e+00
   63 ,    631 : 8.2401918039300e+00 +(3e+00,3e+01) | 2.83e+01 |  3:1.8e-01  8:3.5e+00
   64 ,    641 : 8.5128439047570e+00 +(4e+00,4e+01) | 2.81e+01 |  3:1.7e-01  8:3.3e+00
   65 ,    651 : 7.7307630976523e+00 +(3e+00,1e+01) | 2.81e+01 |  3:1.6e-01  8:3.0e+00
   66 ,    661 : 7.6278503120957e+00 +(2e+00,7e+01) | 2.86e+01 |  3:1.4e-01  8:2.8e+00
   67 ,    671 : 8.7314002936431e+00 +(3e+00,2e+02) | 2.85e+01 |  3:1.4e-01  8:2.7e+00
   68 ,    681 : 9.0058207033803e+00 +(2e+00,2e+01) | 2.81e+01 |  3:1.5e-01  8:2.8e+00
   69 ,    691 : 9.1117818180283e+00 +(3e+00,9e+01) | 2.80e+01 |  3:1.4e-01  7:2.7e+00
Iterat, #Fevals:   Function Value    (median,worst) |Axis Ratio|idx:Min SD idx:Max SD
   70 ,    701 : 7.6308744291976e+00 +(2e+00,5e+00) | 2.93e+01 |  3:1.4e-01  8:2.7e+00
   71 ,    711 : 7.9674959343618e+00 +(4e+00,3e+01) | 2.93e+01 |  3:1.4e-01  8:2.7e+00
   72 ,    721 : 7.6978261129265e+00 +(1e+00,5e+00) | 2.96e+01 |  3:1.3e-01  8:2.6e+00
   73 ,    731 : 7.1995231432376e+00 +(1e+00,5e+00) | 2.91e+01 |  3:1.3e-01  8:2.6e+00
   74 ,    741 : 6.7014624688170e+00 +(3e+00,2e+02) | 2.92e+01 |  3:1.3e-01  8:2.5e+00
   75 ,    751 : 6.4567111945291e+00 +(2e+00,7e+01) | 2.86e+01 |  3:1.3e-01  8:2.4e+00
   76 ,    761 : 6.5588909247380e+00 +(5e+00,6e+01) | 2.83e+01 |  3:1.2e-01  8:2.3e+00
   77 ,    771 : 5.5626810869471e+00 +(4e+00,6e+02) | 2.77e+01 |  3:1.2e-01  7:2.3e+00
   78 ,    781 : 5.8983288586592e+00 +(1e+01,3e+02) | 2.80e+01 |  3:1.2e-01  8:2.3e+00
   79 ,    791 : 6.4925148014770e+00 +(3e+00,6e+00) | 2.83e+01 |  3:1.2e-01  8:2.3e+00
Iterat, #Fevals:   Function Value    (median,worst) |Axis Ratio|idx:Min SD idx:Max SD
   80 ,    801 : 6.2559752290899e+00 +(1e+00,2e+01) | 2.81e+01 |  3:1.1e-01  8:2.1e+00
   81 ,    811 : 5.9773308676379e+00 +(4e+00,8e+01) | 2.74e+01 |  3:1.0e-01  8:2.0e+00
   82 ,    821 : 5.9752313818872e+00 +(2e+00,7e+03) | 2.66e+01 |  3:1.1e-01  8:2.3e+00
   83 ,    831 : 6.2528805006340e+00 +(5e+00,3e+01) | 2.67e+01 |  3:1.0e-01  8:2.1e+00
   84 ,    841 : 6.1019068370105e+00 +(2e+00,9e+00) | 2.66e+01 |  3:9.6e-02  8:1.9e+00
   85 ,    851 : 6.6509502477026e+00 +(1e+00,2e+01) | 2.66e+01 |  3:9.2e-02  8:1.8e+00
   86 ,    861 : 5.8289648021183e+00 +(2e+00,8e+00) | 2.69e+01 |  3:8.6e-02  8:1.7e+00
   87 ,    871 : 6.3682232843049e+00 +(4e-01,2e+02) | 2.67e+01 |  3:8.0e-02  8:1.6e+00
   88 ,    881 : 5.7630723001196e+00 +(1e+00,2e+01) | 2.64e+01 |  3:7.5e-02  8:1.5e+00
   89 ,    891 : 5.9511104813942e+00 +(4e-01,2e+01) | 2.55e+01 |  3:7.7e-02  8:1.5e+00
Iterat, #Fevals:   Function Value    (median,worst) |Axis Ratio|idx:Min SD idx:Max SD
   90 ,    901 : 6.0887783953534e+00 +(1e+00,1e+01) | 2.54e+01 |  3:7.1e-02  8:1.3e+00
   91 ,    911 : 5.9538900021052e+00 +(5e-01,5e+00) | 2.49e+01 |  3:6.5e-02  8:1.2e+00
   92 ,    921 : 5.8775457040311e+00 +(6e-01,6e+00) | 2.51e+01 |  3:6.4e-02  8:1.2e+00
   93 ,    931 : 5.8449548350590e+00 +(1e+00,8e+00) | 2.49e+01 |  2:6.9e-02  8:1.2e+00
   94 ,    941 : 5.8379676925314e+00 +(7e-01,4e+00) | 2.57e+01 |  2:6.8e-02  8:1.2e+00
   95 ,    951 : 5.3780010201897e+00 +(1e+00,4e+00) | 2.57e+01 |  2:7.0e-02  8:1.2e+00
   96 ,    961 : 5.8527391453338e+00 +(4e-01,2e+01) | 2.64e+01 |  2:6.9e-02  8:1.3e+00
   97 ,    971 : 6.1651285707473e+00 +(7e-01,1e+01) | 2.65e+01 |  2:7.1e-02  8:1.3e+00
   98 ,    981 : 5.6306236558297e+00 +(7e-01,2e+00) | 2.68e+01 |  2:7.9e-02  8:1.5e+00
   99 ,    991 : 5.2157980814215e+00 +(2e+00,3e+01) | 2.65e+01 |  2:8.9e-02  8:1.6e+00
Iterat, #Fevals:   Function Value    (median,worst) |Axis Ratio|idx:Min SD idx:Max SD
  100 ,   1001 : 5.1584472500813e+00 +(1e+00,1e+01) | 2.64e+01 |  2:8.9e-02  8:1.6e+00
  101 ,   1011 : 5.0197241706371e+00 +(6e-01,6e+00) | 2.66e+01 |  2:9.8e-02  8:1.8e+00
  102 ,   1021 : 5.1902613672201e+00 +(9e-01,2e+03) | 2.68e+01 |  2:9.2e-02  8:1.7e+00
  103 ,   1031 : 5.1634298239609e+00 +(1e+00,7e+00) | 2.68e+01 |  2:9.2e-02  8:1.7e+00
  104 ,   1041 : 4.9947086590355e+00 +(2e+00,2e+02) | 2.69e+01 |  2:8.9e-02  8:1.7e+00
  105 ,   1051 : 5.0289724174356e+00 +(2e+00,3e+01) | 2.73e+01 |  2:8.2e-02  8:1.6e+00
  106 ,   1061 : 5.2095976195903e+00 +(3e+00,4e+01) | 2.73e+01 |  2:7.0e-02  8:1.3e+00
  107 ,   1071 : 5.5753017620889e+00 +(6e-01,4e+01) | 2.69e+01 |  2:7.0e-02  8:1.3e+00
  108 ,   1081 : 4.9995316256545e+00 +(5e-01,3e+00) | 2.73e+01 |  2:6.6e-02  8:1.3e+00
  109 ,   1091 : 5.0006885624483e+00 +(1e+00,4e+00) | 2.79e+01 |  2:6.6e-02  8:1.3e+00
Iterat, #Fevals:   Function Value    (median,worst) |Axis Ratio|idx:Min SD idx:Max SD
  110 ,   1101 : 4.9739726165945e+00 +(1e+00,4e+02) | 2.85e+01 |  2:6.5e-02  8:1.2e+00
  111 ,   1111 : 5.0376240734708e+00 +(9e-01,6e+00) | 2.88e+01 |  2:5.9e-02  8:1.1e+00
  112 ,   1121 : 4.9279078064389e+00 +(6e-01,4e+00) | 2.91e+01 |  2:5.2e-02  8:1.0e+00
  113 ,   1131 : 5.0053898483563e+00 +(3e-01,5e+00) | 2.94e+01 |  2:4.8e-02  8:9.4e-01
  114 ,   1141 : 4.9487702781777e+00 +(6e-01,5e+00) | 3.00e+01 |  2:4.7e-02  8:9.6e-01
  115 ,   1151 : 5.0780522094657e+00 +(7e-01,2e+00) | 3.00e+01 |  2:4.1e-02  8:8.3e-01
  116 ,   1161 : 5.0415887981529e+00 +(2e-01,9e+00) | 3.00e+01 |  2:4.0e-02  8:8.0e-01
  117 ,   1171 : 4.9880748916195e+00 +(4e-01,6e+00) | 3.08e+01 |  2:4.0e-02  8:8.2e-01
  118 ,   1181 : 4.9283424897250e+00 +(6e-01,2e+00) | 3.17e+01 |  2:4.2e-02  8:8.7e-01
  119 ,   1191 : 4.9872977838579e+00 +(4e-01,3e+00) | 3.20e+01 |  2:4.1e-02  8:8.6e-01
Iterat, #Fevals:   Function Value    (median,worst) |Axis Ratio|idx:Min SD idx:Max SD
  120 ,   1201 : 4.9357770682229e+00 +(2e-01,1e+00) | 3.16e+01 |  2:4.0e-02  8:8.1e-01
  121 ,   1211 : 4.8945492441499e+00 +(6e-01,7e+00) | 3.16e+01 |  2:3.9e-02  8:7.9e-01
  122 ,   1221 : 4.9870563437823e+00 +(2e-01,4e+00) | 3.18e+01 |  2:3.9e-02  8:7.9e-01
  123 ,   1231 : 5.0818169128116e+00 +(3e-01,7e+00) | 3.18e+01 |  2:3.7e-02  8:7.7e-01
  124 ,   1241 : 5.0021584676344e+00 +(2e-01,9e-01) | 3.20e+01 |  2:3.6e-02  8:7.3e-01
  125 ,   1251 : 5.0469739399427e+00 +(1e-01,1e+00) | 3.16e+01 |  2:3.4e-02  8:6.7e-01
  126 ,   1261 : 4.9491330397012e+00 +(4e-01,1e+00) | 3.15e+01 |  2:3.0e-02  8:6.0e-01
  127 ,   1271 : 4.9162915243712e+00 +(4e-01,2e+00) | 3.08e+01 |  2:2.8e-02  8:5.6e-01
  128 ,   1281 : 5.0213718681148e+00 +(2e-01,8e-01) | 3.04e+01 |  2:2.7e-02  8:5.3e-01
  129 ,   1291 : 4.9347491815382e+00 +(1e-01,3e+00) | 3.03e+01 |  2:2.5e-02  8:5.0e-01
Iterat, #Fevals:   Function Value    (median,worst) |Axis Ratio|idx:Min SD idx:Max SD
  130 ,   1301 : 4.8969905709885e+00 +(2e-01,6e-01) | 3.20e+01 |  2:2.7e-02  8:5.8e-01
  131 ,   1311 : 4.8707349330690e+00 +(3e-01,2e+00) | 3.55e+01 |  2:2.9e-02  8:6.8e-01
  132 ,   1321 : 4.9032279611700e+00 +(2e-01,9e-01) | 3.57e+01 |  2:2.7e-02  8:6.5e-01
  133 ,   1331 : 4.8971414924601e+00 +(1e-01,8e-01) | 3.45e+01 |  2:2.7e-02  8:6.5e-01
  134 ,   1341 : 4.8836605588755e+00 +(2e-01,1e+00) | 3.52e+01 |  2:2.7e-02  8:6.7e-01
  135 ,   1351 : 4.9208352329617e+00 +(2e-01,7e-01) | 3.50e+01 |  2:2.8e-02  8:6.8e-01
  136 ,   1361 : 4.9284436380880e+00 +(8e-02,4e-01) | 3.53e+01 |  2:2.7e-02  8:6.6e-01
  137 ,   1371 : 4.8632766914961e+00 +(1e-01,6e-01) | 3.56e+01 |  2:2.8e-02  8:6.9e-01
  138 ,   1381 : 4.9129584681469e+00 +(2e-01,2e+00) | 3.50e+01 |  2:2.8e-02  8:7.0e-01
  139 ,   1391 : 4.8718478231685e+00 +(3e-01,7e-01) | 3.56e+01 |  2:2.9e-02  8:7.1e-01
Iterat, #Fevals:   Function Value    (median,worst) |Axis Ratio|idx:Min SD idx:Max SD
  140 ,   1401 : 4.8688850247971e+00 +(2e-01,7e-01) | 3.54e+01 |  2:2.9e-02  8:7.0e-01
  141 ,   1411 : 4.8281442329160e+00 +(2e-01,2e+00) | 3.55e+01 |  2:2.7e-02  8:6.7e-01
  142 ,   1421 : 4.8000913180744e+00 +(2e-01,9e-01) | 3.66e+01 |  2:2.5e-02  8:6.3e-01
  143 ,   1431 : 4.9076123604764e+00 +(9e-02,5e-01) | 3.65e+01 |  2:2.4e-02  8:5.9e-01
  144 ,   1441 : 4.7876815005067e+00 +(8e-02,5e-01) | 3.64e+01 |  2:2.3e-02  8:5.7e-01
  145 ,   1451 : 4.8073580757254e+00 +(8e-02,8e-01) | 3.58e+01 |  2:2.2e-02  8:5.3e-01
  146 ,   1461 : 4.8028579957540e+00 +(7e-02,4e-01) | 3.67e+01 |  2:2.2e-02  8:5.6e-01
  147 ,   1471 : 4.7898928852282e+00 +(1e-01,5e-01) | 3.68e+01 |  2:2.2e-02  8:5.6e-01
  148 ,   1481 : 4.8492788674211e+00 +(7e-02,6e-01) | 3.60e+01 |  2:2.3e-02  8:5.7e-01
  149 ,   1491 : 4.7463187902580e+00 +(1e-01,8e-01) | 3.50e+01 |  2:2.7e-02  8:6.5e-01
Iterat, #Fevals:   Function Value    (median,worst) |Axis Ratio|idx:Min SD idx:Max SD
  150 ,   1501 : 4.7210061284111e+00 +(1e-01,3e-01) | 3.47e+01 |  2:3.0e-02  8:7.1e-01
  151 ,   1511 : 4.7475480879950e+00 +(1e-01,7e-01) | 3.51e+01 |  2:3.0e-02  8:7.2e-01
  152 ,   1521 : 4.7204752552358e+00 +(9e-02,6e-01) | 3.47e+01 |  2:2.9e-02  8:7.1e-01
  153 ,   1531 : 4.7684857983312e+00 +(4e-01,1e+00) | 3.43e+01 |  2:2.8e-02  8:6.6e-01
  154 ,   1541 : 4.6872599034768e+00 +(1e-01,6e-01) | 3.45e+01 |  2:2.8e-02  8:6.7e-01
  155 ,   1551 : 4.7241044910410e+00 +(1e-01,4e-01) | 3.45e+01 |  2:2.7e-02  8:6.4e-01
  156 ,   1561 : 4.6650576640630e+00 +(1e-01,2e-01) | 3.43e+01 |  2:2.7e-02  8:6.4e-01
  157 ,   1571 : 4.6877699295966e+00 +(1e-01,1e+00) | 3.43e+01 |  2:2.5e-02  8:5.9e-01
  158 ,   1581 : 4.7226187752039e+00 +(4e-02,2e-01) | 3.35e+01 |  2:2.6e-02  8:6.1e-01
  159 ,   1591 : 4.6843606511906e+00 +(8e-02,2e-01) | 3.34e+01 |  2:2.4e-02  8:5.5e-01
Iterat, #Fevals:   Function Value    (median,worst) |Axis Ratio|idx:Min SD idx:Max SD
  160 ,   1601 : 4.6502669708878e+00 +(1e-01,7e-01) | 3.49e+01 |  2:2.2e-02  8:5.3e-01
  161 ,   1611 : 4.6082833912621e+00 +(2e-01,7e-01) | 3.56e+01 |  2:2.2e-02  8:5.1e-01
  162 ,   1621 : 4.6183837857684e+00 +(7e-02,7e-01) | 3.74e+01 |  2:2.2e-02  8:5.5e-01
  163 ,   1631 : 4.6086459128154e+00 +(6e-02,2e-01) | 3.87e+01 |  2:2.2e-02  8:5.7e-01
  164 ,   1641 : 4.6159922125150e+00 +(8e-02,6e-01) | 4.10e+01 |  2:2.4e-02  8:6.5e-01
  165 ,   1651 : 4.6067208291327e+00 +(1e-01,4e-01) | 4.19e+01 |  2:2.4e-02  8:6.5e-01
  166 ,   1661 : 4.5994142189942e+00 +(9e-02,5e-01) | 4.44e+01 |  2:2.6e-02  8:7.2e-01
  167 ,   1671 : 4.5938852595496e+00 +(9e-02,4e-01) | 4.59e+01 |  2:2.7e-02  8:7.7e-01
  168 ,   1681 : 4.5376213267667e+00 +(1e-01,2e-01) | 4.81e+01 |  2:2.7e-02  8:8.0e-01
  169 ,   1691 : 4.5652335466181e+00 +(1e-01,4e-01) | 4.73e+01 |  2:2.5e-02  8:7.4e-01
Iterat, #Fevals:   Function Value    (median,worst) |Axis Ratio|idx:Min SD idx:Max SD
  170 ,   1701 : 4.5181399298175e+00 +(1e-01,2e-01) | 4.77e+01 |  2:2.4e-02  8:7.6e-01
  171 ,   1711 : 4.4688589822061e+00 +(2e-01,3e-01) | 5.25e+01 |  2:2.6e-02  8:8.8e-01
  172 ,   1721 : 4.4889114979735e+00 +(1e-01,5e-01) | 5.37e+01 |  2:2.5e-02  8:8.5e-01
  173 ,   1731 : 4.4749583724710e+00 +(1e-01,4e-01) | 5.48e+01 |  2:2.5e-02  8:8.7e-01
  174 ,   1741 : 4.4414790803916e+00 +(1e-01,5e-01) | 5.68e+01 |  2:2.5e-02  8:8.9e-01
  175 ,   1751 : 4.3622257083853e+00 +(2e-01,4e-01) | 5.77e+01 |  2:2.5e-02  8:9.4e-01
  176 ,   1761 : 4.4029014572130e+00 +(2e-01,3e-01) | 5.82e+01 |  2:2.5e-02  8:9.2e-01
  177 ,   1771 : 4.4644428212438e+00 +(6e-02,3e-01) | 5.83e+01 |  2:2.3e-02  8:8.6e-01
  178 ,   1781 : 4.4021175033384e+00 +(6e-02,2e-01) | 5.80e+01 |  2:2.6e-02  8:8.9e-01
  179 ,   1791 : 4.3344586690615e+00 +(2e-01,1e+00) | 5.93e+01 |  2:2.6e-02  8:9.1e-01
Iterat, #Fevals:   Function Value    (median,worst) |Axis Ratio|idx:Min SD idx:Max SD
  180 ,   1801 : 4.3129437926674e+00 +(1e-01,4e-01) | 6.07e+01 |  2:2.8e-02  8:9.5e-01
  181 ,   1811 : 4.3175784852504e+00 +(1e-01,5e-01) | 6.00e+01 |  2:3.0e-02  8:1.0e+00
  182 ,   1821 : 4.1486775327376e+00 +(2e-01,4e-01) | 6.00e+01 |  2:3.3e-02  8:1.1e+00
  183 ,   1831 : 4.2352034076289e+00 +(1e-01,3e-01) | 5.96e+01 |  2:3.7e-02  8:1.2e+00
  184 ,   1841 : 4.1897631452263e+00 +(2e-01,5e-01) | 5.96e+01 |  2:3.3e-02  8:1.1e+00
  185 ,   1851 : 4.1551574543694e+00 +(3e-01,2e+00) | 6.05e+01 |  2:3.2e-02  8:1.1e+00
  186 ,   1861 : 4.0654030357449e+00 +(1e-01,1e+00) | 6.23e+01 |  2:3.5e-02  8:1.1e+00
  187 ,   1871 : 3.9924865034269e+00 +(2e-01,6e-01) | 6.30e+01 |  2:3.6e-02  8:1.2e+00
  188 ,   1881 : 3.8321229325589e+00 +(5e-01,1e+00) | 6.40e+01 |  2:3.6e-02  8:1.2e+00
  189 ,   1891 : 3.9313725384076e+00 +(3e-01,5e-01) | 6.39e+01 |  2:3.8e-02  8:1.2e+00
Iterat, #Fevals:   Function Value    (median,worst) |Axis Ratio|idx:Min SD idx:Max SD
  190 ,   1901 : 3.9586144431779e+00 +(2e-01,5e-01) | 6.48e+01 |  2:4.0e-02  8:1.3e+00
  191 ,   1911 : 3.7765837169923e+00 +(4e-01,8e-01) | 6.56e+01 |  2:4.2e-02  8:1.4e+00
  192 ,   1921 : 3.7350914415065e+00 +(3e-01,8e-01) | 6.52e+01 |  2:4.3e-02  8:1.4e+00
  193 ,   1931 : 3.8295079846566e+00 +(2e-01,1e+00) | 6.47e+01 |  2:4.3e-02  8:1.4e+00
  194 ,   1941 : 3.6708306214747e+00 +(3e-01,2e+00) | 6.67e+01 |  2:4.3e-02  8:1.4e+00
  195 ,   1951 : 3.4708393313556e+00 +(3e-01,1e+00) | 6.93e+01 |  2:4.3e-02  8:1.4e+00
  196 ,   1961 : 3.3434899757238e+00 +(8e-01,5e+01) | 6.74e+01 |  2:4.8e-02  8:1.6e+00
  197 ,   1971 : 3.3699421478548e+00 +(2e-01,1e+00) | 6.78e+01 |  2:5.7e-02  8:1.9e+00
  198 ,   1981 : 3.6740389745334e+00 +(5e-01,8e+00) | 6.88e+01 |  2:6.1e-02  8:2.1e+00
  199 ,   1991 : 3.8483020431246e+00 +(5e-01,5e+00) | 6.92e+01 |  2:6.2e-02  8:2.1e+00
Iterat, #Fevals:   Function Value    (median,worst) |Axis Ratio|idx:Min SD idx:Max SD
  200 ,   2001 : 3.6336623830399e+00 +(4e-01,4e+00) | 6.93e+01 |  2:6.3e-02  8:2.1e+00
  201 ,   2011 : 3.5666067844319e+00 +(6e-01,3e+00) | 6.85e+01 |  2:6.6e-02  8:2.2e+00
  202 ,   2021 : 3.2637479564259e+00 +(5e-01,2e+00) | 7.08e+01 |  2:6.3e-02  8:2.2e+00
  203 ,   2031 : 3.3689579873121e+00 +(1e+00,4e+06) | 7.61e+01 |  2:6.2e-02  8:2.3e+00
  204 ,   2041 : 3.2351214948136e+00 +(1e+01,3e+02) | 7.63e+01 |  2:5.8e-02  8:2.1e+00
  205 ,   2051 : 3.5673746268358e+00 +(6e-01,1e+06) | 7.62e+01 |  2:5.3e-02  8:1.9e+00
  206 ,   2061 : 3.3243576686457e+00 +(3e-01,9e+01) | 7.54e+01 |  2:5.2e-02  8:1.9e+00
  207 ,   2071 : 3.1992940346936e+00 +(4e+00,6e+01) | 7.34e+01 |  2:5.0e-02  8:1.8e+00
  208 ,   2081 : 3.1179830683720e+00 +(2e+00,6e+01) | 7.17e+01 |  2:5.0e-02  8:1.8e+00
  209 ,   2091 : 3.5318444280924e+00 +(2e+00,5e+00) | 7.44e+01 |  2:4.7e-02  8:1.7e+00
Iterat, #Fevals:   Function Value    (median,worst) |Axis Ratio|idx:Min SD idx:Max SD
  210 ,   2101 : 3.1819353357822e+00 +(5e-01,3e+00) | 7.45e+01 |  2:4.4e-02  8:1.6e+00
  211 ,   2111 : 3.2449592058065e+00 +(1e+00,5e+03) | 7.46e+01 |  2:4.2e-02  8:1.5e+00
  212 ,   2121 : 3.4199206963915e+00 +(7e-01,3e+05) | 7.57e+01 |  2:3.8e-02  8:1.5e+00
  213 ,   2131 : 3.3945649990725e+00 +(3e-01,1e+00) | 7.64e+01 |  2:3.4e-02  8:1.3e+00
  214 ,   2141 : 3.1544500135008e+00 +(6e-01,2e+00) | 7.61e+01 |  2:3.1e-02  8:1.2e+00
  215 ,   2151 : 3.1456887938770e+00 +(5e-01,5e+00) | 7.60e+01 |  2:3.2e-02  8:1.1e+00
  216 ,   2161 : 3.1001156419039e+00 +(4e-01,2e+00) | 7.60e+01 |  2:3.2e-02  8:1.1e+00
  217 ,   2171 : 3.1810402970496e+00 +(3e-01,2e+00) | 7.59e+01 |  2:2.9e-02  8:1.0e+00
  218 ,   2181 : 3.1805645703148e+00 +(1e-01,1e+00) | 7.59e+01 |  2:2.6e-02  8:9.3e-01
  219 ,   2191 : 3.1882157645842e+00 +(9e-02,5e+00) | 7.68e+01 |  2:2.3e-02  8:8.2e-01
Iterat, #Fevals:   Function Value    (median,worst) |Axis Ratio|idx:Min SD idx:Max SD
  220 ,   2201 : 3.1402722700301e+00 +(3e-01,4e+00) | 7.98e+01 |  2:2.2e-02  8:8.2e-01
  221 ,   2211 : 3.1648675195064e+00 +(3e-01,1e+00) | 8.23e+01 |  2:2.2e-02  8:8.4e-01
  222 ,   2221 : 3.1911461416824e+00 +(4e-01,1e+01) | 8.28e+01 |  2:2.3e-02  8:8.7e-01
  223 ,   2231 : 3.1465412218512e+00 +(3e-01,2e+00) | 8.40e+01 |  2:2.2e-02  8:8.5e-01
  224 ,   2241 : 3.1750093632439e+00 +(2e-01,1e+00) | 8.45e+01 |  2:1.9e-02  8:7.2e-01
  225 ,   2251 : 3.1211065535558e+00 +(1e-01,1e+00) | 8.48e+01 |  2:1.9e-02  8:7.0e-01
  226 ,   2261 : 3.0945027567794e+00 +(2e-01,3e+00) | 8.50e+01 |  2:1.8e-02  8:6.7e-01
  227 ,   2271 : 3.1471920928651e+00 +(1e-01,5e-01) | 8.56e+01 |  2:1.8e-02  8:6.6e-01
  228 ,   2281 : 3.1256041810056e+00 +(2e-01,2e+00) | 8.56e+01 |  2:1.6e-02  8:6.0e-01
  229 ,   2291 : 3.1295607006215e+00 +(1e-01,3e-01) | 8.57e+01 |  2:1.6e-02  8:5.8e-01
Iterat, #Fevals:   Function Value    (median,worst) |Axis Ratio|idx:Min SD idx:Max SD
  230 ,   2301 : 3.0739754034361e+00 +(1e-01,4e-01) | 8.40e+01 |  2:1.7e-02  8:6.5e-01
  231 ,   2311 : 3.0817303295931e+00 +(2e-01,2e+00) | 8.37e+01 |  2:1.9e-02  8:6.9e-01
  232 ,   2321 : 3.1067216905770e+00 +(1e-01,2e+00) | 8.37e+01 |  2:1.7e-02  8:6.3e-01
  233 ,   2331 : 3.1140089530681e+00 +(5e-02,9e-01) | 8.56e+01 |  2:1.7e-02  8:6.4e-01
  234 ,   2341 : 3.0983318928588e+00 +(9e-02,5e-01) | 8.71e+01 |  2:1.7e-02  8:6.7e-01
  235 ,   2351 : 3.1107398371815e+00 +(1e-01,3e-01) | 8.67e+01 |  2:1.9e-02  8:7.2e-01
  236 ,   2361 : 3.1133712480063e+00 +(1e-01,3e+00) | 8.58e+01 |  2:1.7e-02  8:6.4e-01
  237 ,   2371 : 3.1187556169779e+00 +(1e-01,7e-01) | 8.58e+01 |  2:1.5e-02  8:5.6e-01
  238 ,   2381 : 3.1177850644020e+00 +(5e-02,3e-01) | 8.59e+01 |  2:1.4e-02  8:5.1e-01
  239 ,   2391 : 3.1107035950748e+00 +(3e-02,6e-01) | 8.43e+01 |  2:1.2e-02  8:4.6e-01
Iterat, #Fevals:   Function Value    (median,worst) |Axis Ratio|idx:Min SD idx:Max SD
  240 ,   2401 : 3.1118390244318e+00 +(6e-02,6e-01) | 8.48e+01 |  2:1.2e-02  8:4.6e-01
  241 ,   2411 : 3.1083985196086e+00 +(3e-02,4e-01) | 8.44e+01 |  2:1.1e-02  8:4.2e-01
  242 ,   2421 : 3.0941191109127e+00 +(3e-02,3e-01) | 8.45e+01 |  2:1.1e-02  8:3.8e-01
  243 ,   2431 : 3.0905767976548e+00 +(8e-02,4e-01) | 8.44e+01 |  2:1.1e-02  8:3.8e-01
  244 ,   2441 : 3.0765004376969e+00 +(5e-02,3e-01) | 8.48e+01 |  2:9.4e-03  8:3.3e-01
  245 ,   2451 : 3.0784974508383e+00 +(4e-02,1e-01) | 8.53e+01 |  2:8.8e-03  8:3.1e-01
  246 ,   2461 : 3.0739031931895e+00 +(3e-02,2e-01) | 8.48e+01 |  2:8.8e-03  8:3.0e-01
  247 ,   2471 : 3.0846713106280e+00 +(1e-02,2e-01) | 8.50e+01 |  2:8.9e-03  8:3.1e-01
  248 ,   2481 : 3.0728886265841e+00 +(7e-02,3e-01) | 8.46e+01 |  2:8.2e-03  8:2.8e-01
  249 ,   2491 : 3.0736603295547e+00 +(3e-02,2e-01) | 8.30e+01 |  2:8.3e-03  8:2.8e-01
Iterat, #Fevals:   Function Value    (median,worst) |Axis Ratio|idx:Min SD idx:Max SD
  250 ,   2501 : 3.0706812120490e+00 +(5e-02,3e-01) | 7.92e+01 |  2:8.8e-03  8:3.0e-01
  251 ,   2511 : 3.0581142697044e+00 +(3e-02,1e-01) | 8.01e+01 |  2:8.9e-03  8:3.0e-01
  252 ,   2521 : 3.0648241102294e+00 +(1e-02,1e-01) | 8.33e+01 |  2:9.3e-03  8:3.3e-01
  253 ,   2531 : 3.0811361287184e+00 +(7e-02,3e-01) | 8.45e+01 |  2:8.8e-03  8:3.2e-01
  254 ,   2541 : 3.0734549727860e+00 +(2e-02,9e-02) | 8.57e+01 |  2:8.5e-03  8:3.1e-01
  255 ,   2551 : 3.0647747746937e+00 +(3e-02,1e-01) | 8.65e+01 |  2:8.1e-03  8:2.9e-01
  256 ,   2561 : 3.0567183480404e+00 +(2e-02,1e-01) | 8.71e+01 |  2:7.8e-03  8:2.8e-01
  257 ,   2571 : 3.0635275104129e+00 +(2e-02,6e-02) | 8.78e+01 |  2:8.1e-03  8:2.9e-01
  258 ,   2581 : 3.0578585979259e+00 +(5e-02,1e-01) | 8.80e+01 |  2:8.8e-03  8:3.0e-01
  259 ,   2591 : 3.0574968281749e+00 +(3e-02,7e-02) | 8.80e+01 |  2:8.8e-03  8:2.9e-01
Iterat, #Fevals:   Function Value    (median,worst) |Axis Ratio|idx:Min SD idx:Max SD
  260 ,   2601 : 3.0621378846157e+00 +(1e-02,5e-02) | 8.80e+01 |  2:8.2e-03  8:2.7e-01
  261 ,   2611 : 3.0534004080377e+00 +(1e-02,4e-02) | 8.76e+01 |  2:8.4e-03  8:2.7e-01
  262 ,   2621 : 3.0518434103228e+00 +(2e-02,2e-01) | 8.67e+01 |  2:9.0e-03  8:3.0e-01
  263 ,   2631 : 3.0543190022627e+00 +(1e-02,1e-01) | 8.70e+01 |  2:8.6e-03  8:2.7e-01
  264 ,   2641 : 3.0514502004449e+00 +(7e-03,1e-01) | 8.71e+01 |  2:7.5e-03  8:2.4e-01
  265 ,   2651 : 3.0537267728003e+00 +(1e-02,1e-01) | 8.69e+01 |  2:6.7e-03  8:2.1e-01
  266 ,   2661 : 3.0522585540980e+00 +(2e-02,4e-02) | 8.64e+01 |  2:5.8e-03  8:1.9e-01
  267 ,   2671 : 3.0530221213520e+00 +(6e-03,2e-02) | 8.93e+01 |  2:5.2e-03  8:1.7e-01
  268 ,   2681 : 3.0496080539991e+00 +(1e-02,3e-02) | 8.97e+01 |  2:5.0e-03  8:1.6e-01
  269 ,   2691 : 3.0507477892659e+00 +(5e-03,1e-02) | 8.99e+01 |  2:4.8e-03  8:1.6e-01
Iterat, #Fevals:   Function Value    (median,worst) |Axis Ratio|idx:Min SD idx:Max SD
  270 ,   2701 : 3.0489219988426e+00 +(1e-02,2e-02) | 9.04e+01 |  2:4.9e-03  8:1.6e-01
  271 ,   2711 : 3.0508612225708e+00 +(1e-02,5e-02) | 9.02e+01 |  2:4.7e-03  8:1.6e-01
  272 ,   2721 : 3.0526080520242e+00 +(8e-03,6e-02) | 9.37e+01 |  2:4.6e-03  8:1.6e-01
  273 ,   2731 : 3.0459284132094e+00 +(1e-02,5e-02) | 9.43e+01 |  2:4.4e-03  8:1.5e-01
  274 ,   2741 : 3.0480753901085e+00 +(2e-02,5e-02) | 9.71e+01 |  2:4.2e-03  8:1.5e-01
  275 ,   2751 : 3.0488140468766e+00 +(5e-03,2e-02) | 9.63e+01 |  2:4.0e-03  8:1.4e-01
  276 ,   2761 : 3.0483057853200e+00 +(7e-03,4e-02) | 9.56e+01 |  2:3.9e-03  8:1.3e-01
  277 ,   2771 : 3.0493155440217e+00 +(6e-03,1e-02) | 9.54e+01 |  2:3.8e-03  8:1.3e-01
  278 ,   2781 : 3.0488263064296e+00 +(1e-02,2e-02) | 9.54e+01 |  2:3.9e-03  8:1.3e-01
  279 ,   2791 : 3.0488508108304e+00 +(4e-03,2e-02) | 9.55e+01 |  2:3.9e-03  8:1.3e-01
Iterat, #Fevals:   Function Value    (median,worst) |Axis Ratio|idx:Min SD idx:Max SD
  280 ,   2801 : 3.0450983813092e+00 +(9e-03,2e-02) | 9.50e+01 |  2:3.7e-03  8:1.3e-01
  281 ,   2811 : 3.0483366645122e+00 +(6e-03,2e-02) | 9.49e+01 |  2:4.2e-03  8:1.3e-01
  282 ,   2821 : 3.0467844671377e+00 +(7e-03,2e-02) | 9.54e+01 |  2:4.0e-03  8:1.3e-01
  283 ,   2831 : 3.0494118759472e+00 +(4e-03,2e-02) | 9.56e+01 |  2:3.8e-03  8:1.2e-01
  284 ,   2841 : 3.0480032002409e+00 +(5e-03,2e-02) | 9.56e+01 |  2:3.6e-03  8:1.1e-01
  285 ,   2851 : 3.0471372921425e+00 +(5e-03,2e-02) | 1.00e+02 |  2:3.5e-03  8:1.1e-01
  286 ,   2861 : 3.0495742433728e+00 +(4e-03,2e-02) | 1.03e+02 |  2:3.2e-03  8:1.1e-01
  287 ,   2871 : 3.0457226968142e+00 +(5e-03,2e-02) | 1.03e+02 |  2:2.8e-03  8:9.4e-02
  288 ,   2881 : 3.0458984418399e+00 +(4e-03,1e-02) | 1.05e+02 |  2:2.7e-03  8:9.0e-02
  289 ,   2891 : 3.0463196560930e+00 +(8e-03,2e-02) | 1.06e+02 |  2:2.5e-03  8:8.4e-02
Iterat, #Fevals:   Function Value    (median,worst) |Axis Ratio|idx:Min SD idx:Max SD
  290 ,   2901 : 3.0466515424279e+00 +(4e-03,2e-02) | 1.06e+02 |  2:2.4e-03  8:8.1e-02
  291 ,   2911 : 3.0454552461581e+00 +(8e-03,2e-02) | 1.06e+02 |  2:2.2e-03  8:7.3e-02
  292 ,   2921 : 3.0456635917389e+00 +(4e-03,2e-02) | 1.09e+02 |  2:2.2e-03  8:7.6e-02
  293 ,   2931 : 3.0459698992578e+00 +(5e-03,3e-02) | 1.08e+02 |  2:2.4e-03  8:8.3e-02
  294 ,   2941 : 3.0452023659202e+00 +(4e-03,2e-02) | 1.10e+02 |  2:2.6e-03  8:8.6e-02
  295 ,   2951 : 3.0465327237395e+00 +(5e-03,1e-02) | 1.11e+02 |  2:2.6e-03  8:8.6e-02
  296 ,   2961 : 3.0464029547573e+00 +(2e-03,7e-03) | 1.11e+02 |  2:2.6e-03  8:8.4e-02
  297 ,   2971 : 3.0463697388753e+00 +(4e-03,2e-02) | 1.12e+02 |  2:2.6e-03  8:8.6e-02
  298 ,   2981 : 3.0462692037783e+00 +(6e-03,2e-02) | 1.14e+02 |  2:2.8e-03  8:9.3e-02
  299 ,   2991 : 3.0474655804497e+00 +(3e-03,9e-03) | 1.16e+02 |  2:2.8e-03  8:9.1e-02
Iterat, #Fevals:   Function Value    (median,worst) |Axis Ratio|idx:Min SD idx:Max SD
  300 ,   3001 : 3.0472059893644e+00 +(6e-03,2e-02) | 1.11e+02 |  2:2.6e-03  8:8.4e-02
  301 ,   3011 : 3.0460833817034e+00 +(6e-03,2e-02) | 1.09e+02 |  2:2.5e-03  8:7.9e-02
  302 ,   3021 : 3.0456723938746e+00 +(3e-03,1e-02) | 1.07e+02 |  2:2.2e-03  8:7.0e-02
  303 ,   3031 : 3.0445660583696e+00 +(2e-03,4e-03) | 1.07e+02 |  2:2.0e-03  8:6.2e-02
  304 ,   3041 : 3.0463881768120e+00 +(1e-03,1e-02) | 1.09e+02 |  2:1.9e-03  8:6.0e-02
  305 ,   3051 : 3.0452477811067e+00 +(8e-04,6e-03) | 1.11e+02 |  2:1.7e-03  8:5.6e-02
  306 ,   3061 : 3.0454878101450e+00 +(3e-03,7e-03) | 1.15e+02 |  2:1.6e-03  8:5.3e-02
  307 ,   3071 : 3.0453304734032e+00 +(2e-03,4e-03) | 1.16e+02 |  2:1.4e-03  8:4.8e-02
  308 ,   3081 : 3.0449868457619e+00 +(2e-03,9e-03) | 1.16e+02 |  2:1.3e-03  8:4.5e-02
  309 ,   3091 : 3.0449497823306e+00 +(2e-03,1e-02) | 1.15e+02 |  2:1.2e-03  8:4.1e-02
Iterat, #Fevals:   Function Value    (median,worst) |Axis Ratio|idx:Min SD idx:Max SD
  310 ,   3101 : 3.0458363188389e+00 +(3e-03,2e-02) | 1.15e+02 |  2:1.1e-03  8:3.8e-02
  311 ,   3111 : 3.0448838277914e+00 +(4e-03,1e-02) | 1.15e+02 |  2:1.0e-03  8:3.5e-02
  312 ,   3121 : 3.0455541293463e+00 +(2e-03,9e-03) | 1.18e+02 |  2:9.8e-04  8:3.5e-02
  313 ,   3131 : 3.0455169189390e+00 +(5e-04,1e-02) | 1.19e+02 |  2:9.9e-04  8:3.6e-02
  314 ,   3141 : 3.0443518695480e+00 +(4e-03,1e-02) | 1.17e+02 |  2:9.5e-04  8:3.4e-02
  315 ,   3151 : 3.0438803923396e+00 +(2e-03,1e-02) | 1.14e+02 |  2:9.5e-04  8:3.2e-02
  316 ,   3161 : 3.0445699951963e+00 +(2e-03,1e-02) | 1.13e+02 |  2:8.3e-04  8:2.8e-02
  317 ,   3171 : 3.0451736460526e+00 +(2e-03,9e-03) | 1.09e+02 |  2:8.0e-04  8:2.6e-02
  318 ,   3181 : 3.0449763972860e+00 +(2e-03,2e-02) | 1.11e+02 |  2:7.8e-04  8:2.6e-02
  319 ,   3191 : 3.0441696788598e+00 +(3e-03,1e-02) | 1.10e+02 |  2:7.2e-04  8:2.4e-02
Iterat, #Fevals:   Function Value    (median,worst) |Axis Ratio|idx:Min SD idx:Max SD
  320 ,   3201 : 3.0448911148203e+00 +(9e-04,4e-03) | 1.09e+02 |  2:6.9e-04  8:2.3e-02
  321 ,   3211 : 3.0442005957629e+00 +(1e-03,1e-02) | 1.10e+02 |  2:7.8e-04  8:2.6e-02
  322 ,   3221 : 3.0447502779761e+00 +(1e-03,1e-02) | 1.12e+02 |  2:8.2e-04  8:2.7e-02
  323 ,   3231 : 3.0445454854045e+00 +(1e-03,9e-03) | 1.14e+02 |  2:7.6e-04  8:2.5e-02
  324 ,   3241 : 3.0447268814983e+00 +(1e-03,2e-02) | 1.13e+02 |  2:7.1e-04  8:2.4e-02
  325 ,   3251 : 3.0448773610787e+00 +(1e-03,1e-02) | 1.13e+02 |  2:6.4e-04  8:2.1e-02
  326 ,   3261 : 3.0442234365351e+00 +(2e-03,6e-03) | 1.12e+02 |  2:5.9e-04  8:1.9e-02
  327 ,   3271 : 3.0454976853072e+00 +(6e-04,5e-03) | 1.12e+02 |  2:5.8e-04  8:1.9e-02
  328 ,   3281 : 3.0449023002152e+00 +(8e-04,4e-03) | 1.11e+02 |  2:5.5e-04  8:1.8e-02
  329 ,   3291 : 3.0448773775981e+00 +(9e-04,2e-03) | 1.18e+02 |  2:5.8e-04  8:2.1e-02
Iterat, #Fevals:   Function Value    (median,worst) |Axis Ratio|idx:Min SD idx:Max SD
  330 ,   3301 : 3.0454921000493e+00 +(5e-04,1e-02) | 1.15e+02 |  2:6.4e-04  8:2.3e-02
  331 ,   3311 : 3.0438135914311e+00 +(2e-03,1e-02) | 1.18e+02 |  2:6.6e-04  8:2.5e-02
  332 ,   3321 : 3.0448944848708e+00 +(2e-03,1e-02) | 1.15e+02 |  2:6.7e-04  8:2.4e-02
  333 ,   3331 : 3.0454341101710e+00 +(5e-04,2e-02) | 1.16e+02 |  2:6.7e-04  8:2.5e-02
  334 ,   3341 : 3.0454527216129e+00 +(5e-03,1e-02) | 1.17e+02 |  2:6.4e-04  8:2.4e-02
  335 ,   3351 : 3.0455280529384e+00 +(4e-04,6e-03) | 1.17e+02 |  2:6.9e-04  8:2.5e-02
  336 ,   3361 : 3.0454375367081e+00 +(2e-04,3e-03) | 1.17e+02 |  2:8.0e-04  8:2.8e-02
  337 ,   3371 : 3.0449153331886e+00 +(2e-03,1e-02) | 1.16e+02 |  2:8.9e-04  8:3.0e-02
  338 ,   3381 : 3.0446528058032e+00 +(4e-03,1e-02) | 1.17e+02 |  2:9.4e-04  8:3.1e-02
  339 ,   3391 : 3.0454241402149e+00 +(6e-04,4e-03) | 1.20e+02 |  2:9.3e-04  8:3.1e-02
Iterat, #Fevals:   Function Value    (median,worst) |Axis Ratio|idx:Min SD idx:Max SD
  340 ,   3401 : 3.0452151480312e+00 +(2e-03,2e-02) | 1.18e+02 |  2:9.2e-04  8:3.0e-02
  341 ,   3411 : 3.0454200400555e+00 +(1e-03,1e-02) | 1.21e+02 |  2:9.4e-04  8:3.1e-02
  342 ,   3421 : 3.0448200047942e+00 +(2e-03,1e-02) | 1.22e+02 |  2:8.6e-04  8:2.8e-02
  343 ,   3431 : 3.0453933173033e+00 +(1e-03,1e-02) | 1.24e+02 |  2:9.1e-04  8:2.9e-02
  344 ,   3441 : 3.0448088311593e+00 +(1e-03,2e-02) | 1.21e+02 |  2:8.9e-04  8:2.8e-02
  345 ,   3451 : 3.0443953118118e+00 +(1e-03,1e-02) | 1.23e+02 |  2:8.4e-04  8:2.7e-02
  346 ,   3461 : 3.0447343965316e+00 +(3e-03,1e-02) | 1.24e+02 |  2:7.8e-04  8:2.5e-02
  347 ,   3471 : 3.0450289049629e+00 +(6e-04,5e-03) | 1.21e+02 |  2:7.0e-04  8:2.3e-02
  348 ,   3481 : 3.0447664738155e+00 +(9e-04,1e-02) | 1.19e+02 |  2:6.5e-04  8:2.1e-02
  349 ,   3491 : 3.0449318416926e+00 +(9e-04,1e-02) | 1.17e+02 |  2:6.4e-04  8:2.1e-02
Iterat, #Fevals:   Function Value    (median,worst) |Axis Ratio|idx:Min SD idx:Max SD
  350 ,   3501 : 3.0442584423135e+00 +(2e-03,1e-02) | 1.16e+02 |  2:6.6e-04  8:2.1e-02
  351 ,   3511 : 3.0454449279801e+00 +(5e-04,1e-02) | 1.17e+02 |  2:6.3e-04  8:2.0e-02
  352 ,   3521 : 3.0449938524022e+00 +(8e-04,1e-02) | 1.18e+02 |  2:6.1e-04  8:2.0e-02
  353 ,   3531 : 3.0445933363179e+00 +(1e-03,1e-02) | 1.19e+02 |  2:6.0e-04  8:2.0e-02
  354 ,   3541 : 3.0452355499860e+00 +(8e-04,2e-02) | 1.19e+02 |  2:5.8e-04  8:1.8e-02
  355 ,   3551 : 3.0446853196580e+00 +(9e-04,1e-02) | 1.19e+02 |  2:5.1e-04  8:1.6e-02
  356 ,   3561 : 3.0445975673750e+00 +(1e-03,1e-02) | 1.19e+02 |  2:5.2e-04  8:1.6e-02
  357 ,   3571 : 3.0446609276958e+00 +(9e-04,1e-02) | 1.21e+02 |  2:5.2e-04  8:1.7e-02
  358 ,   3581 : 3.0436603439115e+00 +(2e-03,7e-03) | 1.21e+02 |  2:4.5e-04  8:1.5e-02
  359 ,   3591 : 3.0443028927237e+00 +(1e-03,1e-02) | 1.24e+02 |  2:4.6e-04  8:1.5e-02
Iterat, #Fevals:   Function Value    (median,worst) |Axis Ratio|idx:Min SD idx:Max SD
  360 ,   3601 : 3.0448187127044e+00 +(2e-03,1e-02) | 1.24e+02 |  2:4.7e-04  8:1.6e-02
  361 ,   3611 : 3.0445935761957e+00 +(9e-04,1e-02) | 1.26e+02 |  2:4.1e-04  8:1.4e-02
  362 ,   3621 : 3.0446497800686e+00 +(8e-04,1e-02) | 1.26e+02 |  2:4.0e-04  8:1.3e-02
  363 ,   3631 : 3.0452705841300e+00 +(3e-04,2e-02) | 1.29e+02 |  2:3.8e-04  8:1.3e-02
  364 ,   3641 : 3.0453821264819e+00 +(1e-03,1e-02) | 1.33e+02 |  2:3.9e-04  8:1.4e-02
  365 ,   3651 : 3.0445323742089e+00 +(1e-03,1e-02) | 1.34e+02 |  2:4.0e-04  8:1.4e-02
  366 ,   3661 : 3.0450339380701e+00 +(8e-04,8e-03) | 1.34e+02 |  2:4.1e-04  8:1.3e-02
  367 ,   3671 : 3.0450040858461e+00 +(7e-04,4e-03) | 1.34e+02 |  2:4.4e-04  8:1.4e-02
  368 ,   3681 : 3.0447348294086e+00 +(1e-03,5e-03) | 1.34e+02 |  2:4.0e-04  8:1.3e-02
  369 ,   3691 : 3.0451717421664e+00 +(4e-04,1e-02) | 1.26e+02 |  2:4.7e-04  8:1.5e-02
Iterat, #Fevals:   Function Value    (median,worst) |Axis Ratio|idx:Min SD idx:Max SD
  370 ,   3701 : 3.0444568209928e+00 +(1e-03,1e-02) | 1.23e+02 |  2:4.8e-04  8:1.5e-02
  371 ,   3711 : 3.0444830890068e+00 +(9e-04,1e-02) | 1.25e+02 |  2:5.0e-04  8:1.6e-02
  372 ,   3721 : 3.0445627682334e+00 +(6e-03,1e-02) | 1.27e+02 |  2:4.8e-04  8:1.5e-02
  373 ,   3731 : 3.0448264509110e+00 +(5e-04,1e-02) | 1.27e+02 |  2:5.0e-04  8:1.6e-02
  374 ,   3741 : 3.0443253589908e+00 +(1e-03,4e-03) | 1.26e+02 |  2:5.4e-04  8:1.6e-02
  375 ,   3751 : 3.0444108789295e+00 +(1e-03,1e-02) | 1.23e+02 |  2:5.5e-04  8:1.6e-02
  376 ,   3761 : 3.0446865816446e+00 +(7e-04,9e-03) | 1.23e+02 |  2:6.4e-04  8:1.9e-02
  377 ,   3771 : 3.0451262207355e+00 +(5e-04,9e-03) | 1.24e+02 |  2:6.8e-04  8:2.0e-02
  378 ,   3781 : 3.0435091390531e+00 +(2e-03,5e-03) | 1.24e+02 |  2:7.7e-04  8:2.1e-02
  379 ,   3791 : 3.0443735399694e+00 +(2e-03,1e-02) | 1.25e+02 |  2:8.2e-04  8:2.2e-02
Iterat, #Fevals:   Function Value    (median,worst) |Axis Ratio|idx:Min SD idx:Max SD
  380 ,   3801 : 3.0447130218885e+00 +(7e-04,5e-03) | 1.24e+02 |  2:7.8e-04  8:2.0e-02
  381 ,   3811 : 3.0435306773694e+00 +(2e-03,1e-02) | 1.25e+02 |  2:7.3e-04  8:1.9e-02
  382 ,   3821 : 3.0444112510175e+00 +(1e-03,1e-02) | 1.23e+02 |  2:7.5e-04  8:1.9e-02
  383 ,   3831 : 3.0453152868570e+00 +(1e-03,8e-03) | 1.25e+02 |  2:7.4e-04  8:1.9e-02
  384 ,   3841 : 3.0435782470357e+00 +(2e-03,4e-03) | 1.27e+02 |  2:7.0e-04  8:1.8e-02
  385 ,   3851 : 3.0437341743182e+00 +(6e-03,2e-02) | 1.27e+02 |  2:6.7e-04  8:1.7e-02
  386 ,   3861 : 3.0452387780603e+00 +(2e-04,8e-04) | 1.27e+02 |  2:6.5e-04  8:1.7e-02
  387 ,   3871 : 3.0451196504074e+00 +(4e-04,1e-02) | 1.27e+02 |  2:5.8e-04  8:1.5e-02
  388 ,   3881 : 3.0442976520249e+00 +(1e-03,1e-02) | 1.26e+02 |  2:5.2e-04  8:1.3e-02
  389 ,   3891 : 3.0443980423256e+00 +(9e-04,2e-03) | 1.27e+02 |  2:5.0e-04  8:1.3e-02
Iterat, #Fevals:   Function Value    (median,worst) |Axis Ratio|idx:Min SD idx:Max SD
  390 ,   3901 : 3.0443149905866e+00 +(2e-03,1e-02) | 1.29e+02 |  2:5.4e-04  8:1.4e-02
  391 ,   3911 : 3.0442975320132e+00 +(1e-03,3e-03) | 1.26e+02 |  2:6.2e-04  8:1.5e-02
  392 ,   3921 : 3.0442677336925e+00 +(1e-03,1e-02) | 1.30e+02 |  2:6.2e-04  8:1.6e-02
  393 ,   3931 : 3.0442241208801e+00 +(1e-03,1e-02) | 1.32e+02 |  2:6.2e-04  8:1.6e-02
  394 ,   3941 : 3.0444197387682e+00 +(9e-04,4e-03) | 1.35e+02 |  2:6.4e-04  8:1.7e-02
  395 ,   3951 : 3.0451029287417e+00 +(4e-04,1e-02) | 1.36e+02 |  2:6.4e-04  8:1.7e-02
  396 ,   3961 : 3.0444243680096e+00 +(1e-03,4e-03) | 1.39e+02 |  2:7.0e-04  8:1.8e-02
  397 ,   3971 : 3.0442973363595e+00 +(9e-04,1e-03) | 1.40e+02 |  2:7.4e-04  8:1.8e-02
  398 ,   3981 : 3.0438425581813e+00 +(1e-03,1e-02) | 1.42e+02 |  2:8.2e-04  8:1.9e-02
  399 ,   3991 : 3.0446688815968e+00 +(7e-04,3e-03) | 1.42e+02 |  2:8.2e-04  8:1.8e-02
Iterat, #Fevals:   Function Value    (median,worst) |Axis Ratio|idx:Min SD idx:Max SD
  400 ,   4001 : 3.0442490829882e+00 +(9e-04,5e-03) | 1.40e+02 |  2:7.7e-04  8:1.7e-02
  401 ,   4011 : 3.0442684858272e+00 +(9e-04,9e-03) | 1.41e+02 |  2:7.5e-04  8:1.7e-02
  402 ,   4021 : 3.0440996883116e+00 +(1e-03,1e-02) | 1.44e+02 |  2:6.7e-04  8:1.5e-02
  403 ,   4031 : 3.0434832698546e+00 +(3e-03,2e-02) | 1.50e+02 |  2:6.8e-04  8:1.6e-02
  404 ,   4041 : 3.0437682331291e+00 +(1e-03,1e-02) | 1.53e+02 |  2:6.6e-04  8:1.6e-02
  405 ,   4051 : 3.0433690304289e+00 +(2e-03,1e-02) | 1.49e+02 |  2:6.8e-04  8:1.7e-02
  406 ,   4061 : 3.0443760622763e+00 +(1e-03,4e-03) | 1.46e+02 |  2:7.3e-04  8:1.8e-02
  407 ,   4071 : 3.0435585440804e+00 +(2e-03,9e-03) | 1.45e+02 |  2:7.7e-04  8:1.9e-02
  408 ,   4081 : 3.0435136164324e+00 +(3e-03,5e-03) | 1.47e+02 |  2:8.5e-04  8:2.1e-02
  409 ,   4091 : 3.0447832884827e+00 +(9e-04,1e-02) | 1.46e+02 |  2:9.0e-04  8:2.1e-02
Iterat, #Fevals:   Function Value    (median,worst) |Axis Ratio|idx:Min SD idx:Max SD
  410 ,   4101 : 3.0439298042188e+00 +(3e-03,1e-02) | 1.46e+02 |  2:1.1e-03  8:2.4e-02
  411 ,   4111 : 3.0438258955889e+00 +(2e-03,1e-02) | 1.45e+02 |  2:1.1e-03  8:2.4e-02
  412 ,   4121 : 3.0446347659379e+00 +(3e-03,9e-03) | 1.46e+02 |  2:1.1e-03  8:2.3e-02
  413 ,   4131 : 3.0435596082582e+00 +(2e-03,1e-02) | 1.47e+02 |  2:1.0e-03  8:2.3e-02
  414 ,   4141 : 3.0447583245881e+00 +(1e-03,2e-02) | 1.47e+02 |  2:9.2e-04  8:2.0e-02
  415 ,   4151 : 3.0448059950233e+00 +(1e-03,1e-02) | 1.48e+02 |  2:8.4e-04  8:1.8e-02
  416 ,   4161 : 3.0435505353153e+00 +(1e-03,4e-03) | 1.48e+02 |  2:8.0e-04  8:1.7e-02
  417 ,   4171 : 3.0444782341630e+00 +(1e-03,9e-03) | 1.48e+02 |  2:8.2e-04  8:1.7e-02
  418 ,   4181 : 3.0446582438574e+00 +(3e-03,8e-03) | 1.48e+02 |  2:8.7e-04  8:1.8e-02
  419 ,   4191 : 3.0455299070515e+00 +(1e-03,1e-02) | 1.47e+02 |  2:1.0e-03  8:2.1e-02
Iterat, #Fevals:   Function Value    (median,worst) |Axis Ratio|idx:Min SD idx:Max SD
  420 ,   4201 : 3.0441888435161e+00 +(5e-03,2e-02) | 1.47e+02 |  2:1.2e-03  8:2.5e-02
  421 ,   4211 : 3.0449777569090e+00 +(9e-04,4e-03) | 1.47e+02 |  2:1.4e-03  8:2.9e-02
  422 ,   4221 : 3.0446907313714e+00 +(1e-03,1e-02) | 1.48e+02 |  2:1.5e-03  8:3.1e-02
  423 ,   4231 : 3.0445996408039e+00 +(3e-03,1e-02) | 1.50e+02 |  2:1.4e-03  8:3.0e-02
  424 ,   4241 : 3.0448055258817e+00 +(3e-03,1e-02) | 1.49e+02 |  2:1.3e-03  8:2.6e-02
  425 ,   4251 : 3.0452169657434e+00 +(1e-03,1e-02) | 1.44e+02 |  2:1.2e-03  8:2.5e-02
  426 ,   4261 : 3.0446836586421e+00 +(4e-03,2e-02) | 1.42e+02 |  2:1.2e-03  8:2.5e-02
  427 ,   4271 : 3.0446579468931e+00 +(2e-03,1e-02) | 1.40e+02 |  2:1.2e-03  8:2.5e-02
  428 ,   4281 : 3.0448004755361e+00 +(1e-03,4e-03) | 1.39e+02 |  2:1.2e-03  8:2.4e-02
  429 ,   4291 : 3.0446911247865e+00 +(1e-03,1e-02) | 1.46e+02 |  2:1.2e-03  8:2.4e-02
Iterat, #Fevals:   Function Value    (median,worst) |Axis Ratio|idx:Min SD idx:Max SD
  430 ,   4301 : 3.0449540884591e+00 +(2e-03,5e-03) | 1.46e+02 |  2:1.1e-03  8:2.4e-02
  431 ,   4311 : 3.0446198131305e+00 +(7e-04,5e-03) | 1.43e+02 |  2:1.2e-03  8:2.5e-02
  432 ,   4321 : 3.0448315866699e+00 +(2e-03,9e-03) | 1.44e+02 |  2:1.1e-03  8:2.3e-02
  433 ,   4331 : 3.0437872317047e+00 +(4e-03,1e-02) | 1.44e+02 |  2:1.1e-03  8:2.2e-02
  434 ,   4341 : 3.0450271103214e+00 +(2e-03,8e-03) | 1.43e+02 |  2:9.3e-04  8:2.0e-02
  435 ,   4351 : 3.0447420473199e+00 +(4e-03,1e-02) | 1.42e+02 |  2:8.6e-04  8:1.8e-02
  436 ,   4361 : 3.0444484850696e+00 +(1e-03,1e-02) | 1.41e+02 |  2:9.2e-04  8:1.9e-02
  437 ,   4371 : 3.0445885803297e+00 +(1e-03,1e-02) | 1.38e+02 |  2:8.9e-04  8:1.8e-02
  438 ,   4381 : 3.0448884329008e+00 +(1e-03,1e-02) | 1.40e+02 |  2:8.3e-04  8:1.7e-02
  439 ,   4391 : 3.0449122390238e+00 +(1e-03,2e-02) | 1.38e+02 |  2:7.1e-04  8:1.5e-02
Iterat, #Fevals:   Function Value    (median,worst) |Axis Ratio|idx:Min SD idx:Max SD
  440 ,   4401 : 3.0444642483759e+00 +(3e-03,1e-02) | 1.39e+02 |  2:6.6e-04  8:1.4e-02
  441 ,   4411 : 3.0443492090862e+00 +(2e-03,1e-02) | 1.39e+02 |  2:6.5e-04  8:1.3e-02
  442 ,   4421 : 3.0445107908513e+00 +(3e-03,5e-03) | 1.36e+02 |  2:6.9e-04  8:1.4e-02
  443 ,   4431 : 3.0444789736409e+00 +(2e-03,1e-02) | 1.29e+02 |  2:7.0e-04  8:1.4e-02
  444 ,   4441 : 3.0451397614781e+00 +(3e-03,1e-02) | 1.36e+02 |  2:7.6e-04  8:1.6e-02
  445 ,   4451 : 3.0445672238293e+00 +(1e-03,4e-03) | 1.33e+02 |  2:7.6e-04  8:1.6e-02
  446 ,   4461 : 3.0441059354841e+00 +(2e-03,9e-03) | 1.31e+02 |  2:7.7e-04  8:1.6e-02
  447 ,   4471 : 3.0446759259109e+00 +(1e-03,1e-02) | 1.31e+02 |  2:7.2e-04  8:1.5e-02
  448 ,   4481 : 3.0451036032124e+00 +(5e-04,2e-03) | 1.31e+02 |  2:6.5e-04  8:1.3e-02
  449 ,   4491 : 3.0450583566989e+00 +(1e-03,8e-03) | 1.32e+02 |  2:6.5e-04  8:1.2e-02
Iterat, #Fevals:   Function Value    (median,worst) |Axis Ratio|idx:Min SD idx:Max SD
  450 ,   4501 : 3.0445752814051e+00 +(4e-03,1e-02) | 1.32e+02 |  2:5.9e-04  8:1.1e-02
  451 ,   4511 : 3.0446007142657e+00 +(4e-03,1e-02) | 1.27e+02 |  2:5.7e-04  8:1.0e-02
  452 ,   4521 : 3.0445744804201e+00 +(8e-04,1e-02) | 1.28e+02 |  2:5.3e-04  8:9.8e-03
  453 ,   4531 : 3.0444443947491e+00 +(2e-03,1e-02) | 1.27e+02 |  2:4.7e-04  8:8.6e-03
  454 ,   4541 : 3.0446138252576e+00 +(8e-04,9e-03) | 1.35e+02 |  2:4.6e-04  8:8.8e-03
  455 ,   4551 : 3.0440484767486e+00 +(9e-04,2e-02) | 1.37e+02 |  2:4.3e-04  8:8.4e-03
  456 ,   4561 : 3.0441903505452e+00 +(1e-03,2e-02) | 1.37e+02 |  2:4.2e-04  8:8.1e-03
  457 ,   4571 : 3.0447064136333e+00 +(1e-03,2e-02) | 1.44e+02 |  2:4.5e-04  8:8.6e-03
  458 ,   4581 : 3.0447856896173e+00 +(6e-04,3e-03) | 1.46e+02 |  2:4.6e-04  8:9.0e-03
  459 ,   4591 : 3.0440838050041e+00 +(4e-03,1e-02) | 1.45e+02 |  2:5.4e-04  8:1.0e-02
Iterat, #Fevals:   Function Value    (median,worst) |Axis Ratio|idx:Min SD idx:Max SD
  460 ,   4601 : 3.0451157148422e+00 +(6e-04,9e-03) | 1.43e+02 |  2:5.7e-04  8:1.1e-02
  461 ,   4611 : 3.0451114111650e+00 +(4e-03,8e-03) | 1.40e+02 |  2:6.0e-04  8:1.1e-02
  462 ,   4621 : 3.0440454261053e+00 +(2e-03,2e-02) | 1.40e+02 |  2:6.5e-04  8:1.1e-02
  463 ,   4631 : 3.0445477548026e+00 +(9e-04,9e-03) | 1.40e+02 |  2:6.4e-04  8:1.1e-02
  464 ,   4641 : 3.0439767220689e+00 +(2e-03,2e-02) | 1.43e+02 |  2:7.0e-04  8:1.2e-02
  465 ,   4651 : 3.0444729680473e+00 +(9e-04,1e-02) | 1.43e+02 |  2:6.7e-04  8:1.1e-02
  466 ,   4661 : 3.0443621345323e+00 +(9e-04,5e-03) | 1.41e+02 |  2:6.4e-04  8:1.0e-02
  467 ,   4671 : 3.0444654117653e+00 +(8e-04,1e-02) | 1.40e+02 |  2:6.4e-04  8:1.0e-02
  468 ,   4681 : 3.0452223680697e+00 +(2e-03,8e-03) | 1.37e+02 |  2:6.1e-04  8:9.5e-03
  469 ,   4691 : 3.0451781872907e+00 +(1e-03,8e-03) | 1.36e+02 |  2:5.3e-04  8:8.3e-03
Iterat, #Fevals:   Function Value    (median,worst) |Axis Ratio|idx:Min SD idx:Max SD
  470 ,   4701 : 3.0443471719561e+00 +(8e-04,5e-03) | 1.44e+02 |  2:5.2e-04  8:8.6e-03
  471 ,   4711 : 3.0446263275193e+00 +(9e-04,2e-03) | 1.41e+02 |  2:5.8e-04  8:8.9e-03
  472 ,   4721 : 3.0446057216907e+00 +(2e-03,2e-02) | 1.36e+02 |  2:6.1e-04  8:9.2e-03
  473 ,   4731 : 3.0443928034062e+00 +(4e-03,2e-02) | 1.39e+02 |  2:6.5e-04  8:9.8e-03
  474 ,   4741 : 3.0443467414153e+00 +(2e-03,5e-03) | 1.38e+02 |  2:6.3e-04  8:9.5e-03
  475 ,   4751 : 3.0444366489168e+00 +(4e-03,2e-02) | 1.40e+02 |  2:6.2e-04  8:9.5e-03
  476 ,   4761 : 3.0443829106856e+00 +(3e-03,2e-02) | 1.44e+02 |  2:6.4e-04  8:1.0e-02
  477 ,   4771 : 3.0453427885121e+00 +(2e-03,8e-03) | 1.47e+02 |  2:6.4e-04  8:1.0e-02
  478 ,   4781 : 3.0440290062514e+00 +(1e-03,5e-03) | 1.49e+02 |  2:6.2e-04  8:9.8e-03
  479 ,   4791 : 3.0443615722848e+00 +(2e-03,1e-02) | 1.58e+02 |  2:6.3e-04  8:1.0e-02
Iterat, #Fevals:   Function Value    (median,worst) |Axis Ratio|idx:Min SD idx:Max SD
  480 ,   4801 : 3.0435972295177e+00 +(2e-03,1e-02) | 1.56e+02 |  2:6.7e-04  8:1.0e-02
  481 ,   4811 : 3.0443525608591e+00 +(8e-04,2e-02) | 1.57e+02 |  2:7.2e-04  8:1.1e-02
  482 ,   4821 : 3.0440281270320e+00 +(2e-03,1e-02) | 1.56e+02 |  2:7.0e-04  8:1.0e-02
  483 ,   4831 : 3.0443627029522e+00 +(1e-03,5e-03) | 1.58e+02 |  2:6.4e-04  8:9.8e-03
  484 ,   4841 : 3.0438991611560e+00 +(3e-03,1e-02) | 1.62e+02 |  2:5.8e-04  8:9.0e-03
  485 ,   4851 : 3.0443614394045e+00 +(9e-04,4e-03) | 1.62e+02 |  2:5.3e-04  8:8.1e-03
  486 ,   4861 : 3.0444857951960e+00 +(2e-03,1e-02) | 1.64e+02 |  2:5.5e-04  8:8.4e-03
  487 ,   4871 : 3.0437718675239e+00 +(1e-03,1e-02) | 1.63e+02 |  2:5.8e-04  8:8.7e-03
  488 ,   4881 : 3.0435394893372e+00 +(4e-03,1e-02) | 1.65e+02 |  2:5.9e-04  8:9.0e-03
  489 ,   4891 : 3.0447856691009e+00 +(2e-03,1e-02) | 1.66e+02 |  2:6.7e-04  8:1.0e-02
Iterat, #Fevals:   Function Value    (median,worst) |Axis Ratio|idx:Min SD idx:Max SD
  490 ,   4901 : 3.0435470720874e+00 +(2e-03,1e-02) | 1.61e+02 |  2:6.5e-04  8:9.6e-03
  491 ,   4911 : 3.0435567028408e+00 +(1e-03,2e-03) | 1.60e+02 |  2:6.4e-04  8:9.6e-03
  492 ,   4921 : 3.0435539249709e+00 +(3e-03,2e-02) | 1.58e+02 |  2:6.9e-04  8:9.8e-03
  493 ,   4931 : 3.0440634247085e+00 +(2e-03,1e-02) | 1.62e+02 |  2:7.8e-04  8:1.1e-02
  494 ,   4941 : 3.0443360305921e+00 +(1e-03,2e-02) | 1.65e+02 |  2:8.4e-04  8:1.2e-02
  495 ,   4951 : 3.0437544235432e+00 +(4e-03,2e-02) | 1.69e+02 |  2:8.7e-04  8:1.3e-02
  496 ,   4961 : 3.0445006850390e+00 +(1e-03,1e-02) | 1.68e+02 |  2:8.0e-04  8:1.2e-02
  497 ,   4971 : 3.0452725828163e+00 +(2e-03,1e-02) | 1.72e+02 |  2:7.5e-04  8:1.2e-02
  498 ,   4981 : 3.0447166460405e+00 +(1e-03,1e-02) | 1.71e+02 |  2:6.8e-04  8:1.1e-02
  499 ,   4991 : 3.0448730212599e+00 +(4e-03,1e-02) | 1.72e+02 |  2:6.3e-04  8:9.8e-03
Iterat, #Fevals:   Function Value    (median,worst) |Axis Ratio|idx:Min SD idx:Max SD
  500 ,   5001 : 3.0440321208047e+00 +(2e-03,1e-02) | 1.73e+02 |  2:5.7e-04  8:8.8e-03
  501 ,   5011 : 3.0447305008052e+00 +(4e-03,1e-02) | 1.78e+02 |  2:5.2e-04  8:8.2e-03
  502 ,   5021 : 3.0446400434547e+00 +(2e-03,2e-02) | 1.78e+02 |  2:5.2e-04  8:8.0e-03
  503 ,   5031 : 3.0440144591498e+00 +(3e-03,5e-03) | 1.79e+02 |  2:5.3e-04  8:7.9e-03
  504 ,   5041 : 3.0448095358231e+00 +(2e-03,1e-02) | 1.80e+02 |  2:4.9e-04  8:7.5e-03
  505 ,   5051 : 3.0445591241260e+00 +(1e-03,1e-02) | 1.80e+02 |  2:5.2e-04  8:7.8e-03
  506 ,   5061 : 3.0438541402522e+00 +(2e-03,1e-02) | 1.83e+02 |  2:5.4e-04  8:8.2e-03
  507 ,   5071 : 3.0442391932022e+00 +(2e-03,2e-02) | 1.85e+02 |  2:5.7e-04  8:8.6e-03
  508 ,   5081 : 3.0446239737541e+00 +(3e-03,9e-03) | 1.89e+02 |  2:5.5e-04  8:8.3e-03
  509 ,   5091 : 3.0452663747551e+00 +(2e-03,1e-02) | 1.89e+02 |  2:5.5e-04  8:8.4e-03
Iterat, #Fevals:   Function Value    (median,worst) |Axis Ratio|idx:Min SD idx:Max SD
  510 ,   5101 : 3.0446655290251e+00 +(1e-03,1e-02) | 1.90e+02 |  2:5.3e-04  8:8.0e-03
  511 ,   5111 : 3.0448348234110e+00 +(7e-04,9e-03) | 1.93e+02 |  2:4.9e-04  8:7.5e-03
  512 ,   5121 : 3.0445677346501e+00 +(1e-03,4e-03) | 2.00e+02 |  2:4.7e-04  8:7.4e-03
  513 ,   5131 : 3.0446865977229e+00 +(2e-03,1e-02) | 2.02e+02 |  2:4.2e-04  8:6.7e-03
  514 ,   5141 : 3.0446262791238e+00 +(2e-03,1e-02) | 2.01e+02 |  2:3.8e-04  8:6.1e-03
  515 ,   5151 : 3.0439081183150e+00 +(2e-03,4e-03) | 2.03e+02 |  2:3.7e-04  8:5.9e-03
  516 ,   5161 : 3.0445922680877e+00 +(2e-03,2e-02) | 1.99e+02 |  2:3.6e-04  8:5.7e-03
  517 ,   5171 : 3.0451653134264e+00 +(2e-03,1e-02) | 1.96e+02 |  2:3.3e-04  8:5.2e-03
  518 ,   5181 : 3.0445999907626e+00 +(1e-03,2e-02) | 1.97e+02 |  2:3.1e-04  8:4.9e-03
  519 ,   5191 : 3.0447653695349e+00 +(3e-03,1e-02) | 2.08e+02 |  2:3.2e-04  8:5.2e-03
Iterat, #Fevals:   Function Value    (median,worst) |Axis Ratio|idx:Min SD idx:Max SD
  520 ,   5201 : 3.0446072736310e+00 +(1e-03,1e-02) | 2.09e+02 |  2:3.0e-04  8:4.8e-03
  521 ,   5211 : 3.0447245975520e+00 +(4e-03,2e-02) | 2.08e+02 |  2:2.7e-04  8:4.3e-03
  522 ,   5221 : 3.0438595048404e+00 +(3e-03,1e-02) | 2.03e+02 |  2:2.7e-04  8:4.4e-03
  523 ,   5231 : 3.0446969947801e+00 +(2e-03,1e-02) | 2.06e+02 |  2:2.7e-04  8:4.3e-03
  524 ,   5241 : 3.0446553109806e+00 +(2e-03,1e-02) | 2.06e+02 |  2:2.5e-04  8:4.0e-03
  525 ,   5251 : 3.0440120117712e+00 +(2e-03,1e-02) | 2.08e+02 |  2:2.4e-04  8:3.9e-03
  526 ,   5261 : 3.0446417720167e+00 +(6e-03,1e-02) | 2.05e+02 |  2:2.4e-04  8:3.9e-03
  527 ,   5271 : 3.0447647726776e+00 +(1e-03,1e-02) | 2.03e+02 |  2:2.4e-04  8:3.9e-03
  528 ,   5281 : 3.0446625560770e+00 +(4e-03,9e-03) | 2.02e+02 |  2:2.5e-04  8:3.9e-03
  529 ,   5291 : 3.0440677334379e+00 +(2e-03,1e-02) | 2.00e+02 |  2:2.6e-04  8:3.9e-03
Iterat, #Fevals:   Function Value    (median,worst) |Axis Ratio|idx:Min SD idx:Max SD
  530 ,   5301 : 3.0446069601061e+00 +(1e-03,1e-02) | 2.01e+02 |  2:2.7e-04  8:4.0e-03
  531 ,   5311 : 3.0454267870445e+00 +(2e-03,1e-02) | 2.00e+02 |  2:2.4e-04  8:3.5e-03
  532 ,   5321 : 3.0445437798953e+00 +(1e-03,1e-02) | 2.00e+02 |  2:2.3e-04  8:3.3e-03
  533 ,   5331 : 3.0446447272225e+00 +(7e-03,1e-02) | 2.01e+02 |  2:2.3e-04  8:3.1e-03
  534 ,   5341 : 3.0451325603552e+00 +(2e-03,1e-02) | 1.99e+02 |  2:2.2e-04  8:2.9e-03
  535 ,   5351 : 3.0440225371978e+00 +(3e-03,1e-02) | 1.99e+02 |  2:2.0e-04  8:2.8e-03
  536 ,   5361 : 3.0446283030723e+00 +(2e-03,5e-03) | 1.85e+02 |  2:2.0e-04  8:2.7e-03
  537 ,   5371 : 3.0447703692454e+00 +(1e-03,2e-02) | 1.75e+02 |  2:2.1e-04  8:2.8e-03
  538 ,   5381 : 3.0440626433783e+00 +(3e-03,1e-02) | 1.69e+02 |  2:2.1e-04  8:2.9e-03
  539 ,   5391 : 3.0440631260014e+00 +(4e-03,1e-02) | 1.68e+02 |  2:2.2e-04  8:3.0e-03
Iterat, #Fevals:   Function Value    (median,worst) |Axis Ratio|idx:Min SD idx:Max SD
  540 ,   5401 : 3.0438850168276e+00 +(1e-03,4e-03) | 1.79e+02 |  2:2.4e-04  8:3.4e-03
  541 ,   5411 : 3.0439505737426e+00 +(2e-03,1e-02) | 1.78e+02 |  2:2.4e-04  8:3.5e-03
  542 ,   5421 : 3.0454241191970e+00 +(3e-03,1e-02) | 1.76e+02 |  2:2.4e-04  8:3.5e-03
  543 ,   5431 : 3.0445577522918e+00 +(3e-03,9e-03) | 1.79e+02 |  2:2.3e-04  8:3.5e-03
  544 ,   5441 : 3.0445500982842e+00 +(2e-03,9e-03) | 1.84e+02 |  2:2.3e-04  8:3.5e-03
  545 ,   5451 : 3.0445737360955e+00 +(3e-03,5e-03) | 1.81e+02 |  2:2.2e-04  8:3.5e-03
  546 ,   5461 : 3.0437984749295e+00 +(3e-03,1e-02) | 1.83e+02 |  2:2.1e-04  8:3.3e-03
  547 ,   5471 : 3.0445124387099e+00 +(1e-03,5e-03) | 1.85e+02 |  2:2.1e-04  8:3.4e-03
  548 ,   5481 : 3.0437862474647e+00 +(3e-03,1e-02) | 1.90e+02 |  2:2.3e-04  8:3.8e-03
  549 ,   5491 : 3.0446216305993e+00 +(2e-03,1e-02) | 1.93e+02 |  2:2.2e-04  8:3.7e-03
Iterat, #Fevals:   Function Value    (median,worst) |Axis Ratio|idx:Min SD idx:Max SD
  550 ,   5501 : 3.0439652234047e+00 +(1e-03,1e-02) | 1.97e+02 |  2:2.2e-04  8:3.7e-03
  551 ,   5511 : 3.0453424269777e+00 +(3e-04,1e-02) | 1.97e+02 |  2:2.1e-04  8:3.4e-03
  552 ,   5521 : 3.0447285218457e+00 +(1e-03,1e-02) | 1.97e+02 |  2:2.0e-04  8:3.2e-03
  553 ,   5531 : 3.0442628005460e+00 +(5e-04,2e-02) | 1.97e+02 |  2:1.9e-04  8:3.0e-03
  554 ,   5541 : 3.0437500642922e+00 +(2e-03,6e-03) | 1.98e+02 |  2:1.9e-04  8:3.2e-03
  555 ,   5551 : 3.0454064192111e+00 +(3e-03,1e-02) | 1.99e+02 |  2:2.1e-04  8:3.4e-03
  556 ,   5561 : 3.0437163399320e+00 +(4e-03,1e-02) | 1.97e+02 |  2:2.2e-04  8:3.5e-03
  557 ,   5571 : 3.0437484299588e+00 +(2e-03,1e-02) | 1.96e+02 |  2:2.3e-04  8:3.5e-03
  558 ,   5581 : 3.0439865601780e+00 +(1e-03,1e-02) | 2.03e+02 |  2:2.2e-04  8:3.5e-03
  559 ,   5591 : 3.0438115504809e+00 +(1e-03,1e-02) | 2.07e+02 |  2:2.2e-04  8:3.4e-03
Iterat, #Fevals:   Function Value    (median,worst) |Axis Ratio|idx:Min SD idx:Max SD
  560 ,   5601 : 3.0445708073856e+00 +(3e-03,1e-02) | 2.08e+02 |  2:2.0e-04  8:3.2e-03
  561 ,   5611 : 3.0436608338782e+00 +(4e-03,2e-02) | 2.08e+02 |  2:1.9e-04  8:3.0e-03
  562 ,   5621 : 3.0445842808844e+00 +(1e-03,4e-03) | 2.19e+02 |  2:1.8e-04  8:2.9e-03
  563 ,   5631 : 3.0444877724072e+00 +(3e-03,9e-03) | 2.21e+02 |  2:1.7e-04  8:2.8e-03
  564 ,   5641 : 3.0451853392631e+00 +(2e-03,9e-03) | 2.17e+02 |  2:1.7e-04  8:2.6e-03
  565 ,   5651 : 3.0445252366629e+00 +(1e-03,1e-02) | 2.17e+02 |  2:1.8e-04  8:2.8e-03
  566 ,   5661 : 3.0445873001099e+00 +(2e-03,2e-02) | 2.18e+02 |  2:1.9e-04  8:2.8e-03
  567 ,   5671 : 3.0445862359871e+00 +(9e-04,1e-02) | 2.19e+02 |  2:1.7e-04  8:2.5e-03
  568 ,   5681 : 3.0437846652140e+00 +(2e-03,1e-02) | 2.15e+02 |  2:1.6e-04  8:2.4e-03
  569 ,   5691 : 3.0446538734000e+00 +(2e-03,1e-02) | 2.14e+02 |  2:1.5e-04  8:2.2e-03
#Fevals:   f(returned x)   |    bestever.f     | stopflag (saved to variablescmaes18.mat)
   5692: 3.04464868443e+00 | 3.04336903043e+00 | stagnation
mean solution: +1.1e+01 +1.0e+00 +2.2e+00 +2.7e+00 +1.8e+01 +8.3e+00 +9.5e-01 +3.0e+01 +9.2e-01
std deviation:  1.0e-03  1.5e-04  3.7e-04  4.6e-04  5.8e-04  9.3e-04  8.6e-04  2.2e-03  7.6e-04
use plotcmaesdat.m for plotting the output at any time (option LogModulo must not be zero)
