
                            < M A T L A B (R) >
                  Copyright 1984-2015 The MathWorks, Inc.
                   R2015a (8.5.0.197613) 64-bit (glnxa64)
                             February 12, 2015

 
For online documentation, see http://www.mathworks.com/support
For product information, visit www.mathworks.com.
 

	Academic License

  n=9: (5,10)-CMA-ES(w=[46 27 16 9 3]%, mu_eff=3.2) on function Error
Iterat, #Fevals:   Function Value    (median,worst) |Axis Ratio|idx:Min SD idx:Max SD
    1 ,     11 : 4.6396106238164e+01 +(3e+02,1e+14) | 2.01e+01 |  3:7.3e-01  7:1.5e+01
    2 ,     21 : 3.8472130105775e+01 +(3e+03,5e+16) | 2.00e+01 |  3:6.8e-01  7:1.3e+01
    3 ,     31 : 5.1549424324555e+01 +(7e+11,4e+13) | 2.12e+01 |  3:7.2e-01  8:1.5e+01
    4 ,     41 : 3.9709512984820e+01 +(3e+06,7e+11) | 2.14e+01 |  3:8.2e-01  8:1.7e+01
    5 ,     51 : 9.9475276753588e+00 +(4e+01,7e+07) | 2.15e+01 |  3:8.5e-01  8:1.7e+01
    6 ,     61 : 1.0580796249374e+01 +(4e+01,2e+06) | 2.17e+01 |  3:7.6e-01  8:1.5e+01
    7 ,     71 : 4.1116174201517e+01 +(1e+01,1e+03) | 2.18e+01 |  3:7.2e-01  8:1.4e+01
    8 ,     81 : 1.0615377093583e+01 +(4e+01,1e+08) | 2.18e+01 |  3:6.9e-01  8:1.4e+01
    9 ,     91 : 3.1377850135584e+01 +(2e+01,7e+09) | 2.23e+01 |  3:6.2e-01  8:1.3e+01
Iterat, #Fevals:   Function Value    (median,worst) |Axis Ratio|idx:Min SD idx:Max SD
   10 ,    101 : 3.0660913653639e+01 +(2e+01,1e+09) | 2.22e+01 |  3:5.4e-01  8:1.1e+01
   11 ,    111 : 2.5100659716875e+01 +(3e+01,5e+02) | 2.22e+01 |  3:4.9e-01  8:1.0e+01
   12 ,    121 : 1.1015884494406e+01 +(3e+01,2e+02) | 2.24e+01 |  3:4.2e-01  8:8.6e+00
   13 ,    131 : 1.0511524103287e+01 +(3e+01,1e+12) | 2.25e+01 |  3:3.9e-01  8:8.1e+00
   14 ,    141 : 9.9463939350195e+00 +(3e+01,4e+06) | 2.24e+01 |  3:3.5e-01  8:7.2e+00
   15 ,    151 : 9.0777744149017e+00 +(3e+01,2e+06) | 2.33e+01 |  3:3.4e-01  8:7.3e+00
   16 ,    161 : 1.4915712243119e+01 +(5e+02,3e+07) | 2.32e+01 |  3:3.4e-01  8:7.2e+00
   17 ,    171 : 8.5963565759530e+00 +(3e+01,8e+07) | 2.41e+01 |  2:3.0e-01  8:6.6e+00
   18 ,    181 : 9.9796690692208e+00 +(4e+01,4e+03) | 2.45e+01 |  2:3.0e-01  8:6.8e+00
   19 ,    191 : 8.7286348552168e+00 +(2e+01,3e+03) | 2.47e+01 |  2:3.0e-01  8:6.9e+00
Iterat, #Fevals:   Function Value    (median,worst) |Axis Ratio|idx:Min SD idx:Max SD
   20 ,    201 : 9.0594128477844e+00 +(3e+00,4e+02) | 2.49e+01 |  2:2.7e-01  8:6.4e+00
   21 ,    211 : 1.1317552561132e+01 +(1e+02,7e+04) | 2.45e+01 |  2:2.6e-01  8:6.2e+00
   22 ,    221 : 9.7241336027993e+00 +(3e+01,8e+02) | 2.40e+01 |  2:2.7e-01  8:6.3e+00
   23 ,    231 : 7.5432546779892e+00 +(6e+01,2e+08) | 2.35e+01 |  2:3.0e-01  8:6.7e+00
   24 ,    241 : 1.7001948326191e+01 +(2e+01,2e+02) | 2.46e+01 |  2:2.9e-01  8:6.8e+00
   25 ,    251 : 7.2792169576796e+00 +(2e+01,4e+05) | 2.41e+01 |  2:2.9e-01  8:6.6e+00
   26 ,    261 : 7.8001786132156e+00 +(1e+01,7e+01) | 2.34e+01 |  2:3.0e-01  8:6.6e+00
   27 ,    271 : 7.1557647009421e+00 +(1e+01,4e+04) | 2.38e+01 |  2:2.9e-01  8:6.3e+00
   28 ,    281 : 7.0458454251984e+00 +(3e+01,3e+06) | 2.35e+01 |  2:2.7e-01  8:5.7e+00
   29 ,    291 : 7.7318249333158e+00 +(3e+00,3e+01) | 2.35e+01 |  2:2.7e-01  8:5.6e+00
Iterat, #Fevals:   Function Value    (median,worst) |Axis Ratio|idx:Min SD idx:Max SD
   30 ,    301 : 6.9147179411384e+00 +(3e+01,6e+02) | 2.42e+01 |  2:2.5e-01  8:5.5e+00
   31 ,    311 : 8.4000949391442e+00 +(2e+01,3e+02) | 2.55e+01 |  2:2.6e-01  8:6.0e+00
   32 ,    321 : 8.5378234395400e+00 +(3e+00,4e+02) | 2.56e+01 |  2:2.5e-01  8:5.7e+00
   33 ,    331 : 8.1565069014217e+00 +(2e+01,3e+02) | 2.55e+01 |  2:2.3e-01  8:5.3e+00
   34 ,    341 : 6.8559785490129e+00 +(8e+00,1e+03) | 2.65e+01 |  2:2.1e-01  8:5.1e+00
   35 ,    351 : 7.3914624556865e+00 +(5e+00,1e+02) | 2.62e+01 |  2:2.2e-01  8:5.2e+00
   36 ,    361 : 6.8593657824755e+00 +(2e+01,2e+02) | 2.60e+01 |  2:2.0e-01  8:4.6e+00
   37 ,    371 : 6.3272826221559e+00 +(1e+01,4e+03) | 2.62e+01 |  2:1.9e-01  8:4.4e+00
   38 ,    381 : 6.7625171879445e+00 +(1e+01,2e+02) | 2.68e+01 |  2:1.8e-01  8:4.3e+00
   39 ,    391 : 5.7756516157237e+00 +(7e+00,7e+01) | 2.67e+01 |  2:1.9e-01  8:4.4e+00
Iterat, #Fevals:   Function Value    (median,worst) |Axis Ratio|idx:Min SD idx:Max SD
   40 ,    401 : 5.5576153131127e+00 +(3e+00,1e+02) | 2.64e+01 |  2:2.0e-01  8:4.4e+00
   41 ,    411 : 5.8057703704023e+00 +(6e+00,3e+04) | 2.58e+01 |  2:1.9e-01  8:4.2e+00
   42 ,    421 : 6.5146638063281e+00 +(1e+01,6e+03) | 2.64e+01 |  2:1.9e-01  8:4.1e+00
   43 ,    431 : 7.1859965600146e+00 +(7e+00,2e+02) | 2.55e+01 |  2:1.9e-01  8:4.0e+00
   44 ,    441 : 6.1792163397920e+00 +(8e+00,1e+02) | 2.56e+01 |  2:1.8e-01  8:3.9e+00
   45 ,    451 : 5.7356405465398e+00 +(2e+00,1e+01) | 2.53e+01 |  2:1.9e-01  8:4.0e+00
   46 ,    461 : 7.0741531909624e+00 +(2e+01,8e+04) | 2.53e+01 |  2:1.9e-01  8:3.9e+00
   47 ,    471 : 7.1488647812594e+00 +(8e+00,4e+01) | 2.56e+01 |  2:1.7e-01  8:3.6e+00
   48 ,    481 : 6.0891964703100e+00 +(5e+00,6e+01) | 2.62e+01 |  2:1.6e-01  8:3.4e+00
   49 ,    491 : 5.9416831961387e+00 +(5e+00,2e+02) | 2.66e+01 |  2:1.4e-01  8:3.1e+00
Iterat, #Fevals:   Function Value    (median,worst) |Axis Ratio|idx:Min SD idx:Max SD
   50 ,    501 : 6.4897630611420e+00 +(3e+00,5e+02) | 2.64e+01 |  2:1.3e-01  8:2.7e+00
   51 ,    511 : 6.4119332702959e+00 +(7e+00,2e+01) | 2.68e+01 |  2:1.1e-01  8:2.5e+00
   52 ,    521 : 6.2715208039410e+00 +(2e+00,4e+01) | 2.66e+01 |  2:1.1e-01  8:2.3e+00
   53 ,    531 : 6.0378783097286e+00 +(2e+00,3e+02) | 2.44e+01 |  2:1.1e-01  8:2.3e+00
   54 ,    541 : 6.1162000053719e+00 +(4e+00,1e+01) | 2.36e+01 |  2:1.3e-01  8:2.4e+00
   55 ,    551 : 5.5207663243776e+00 +(3e+00,6e+01) | 2.30e+01 |  2:1.3e-01  8:2.4e+00
   56 ,    561 : 5.4643275373129e+00 +(5e+00,1e+02) | 2.27e+01 |  3:1.3e-01  8:2.4e+00
   57 ,    571 : 5.4507611448483e+00 +(1e+00,6e+00) | 2.28e+01 |  3:1.3e-01  8:2.4e+00
   58 ,    581 : 5.5171504492164e+00 +(7e+00,4e+01) | 2.29e+01 |  2:1.2e-01  8:2.3e+00
   59 ,    591 : 5.4366816399690e+00 +(3e+00,3e+02) | 2.31e+01 |  2:1.2e-01  8:2.2e+00
Iterat, #Fevals:   Function Value    (median,worst) |Axis Ratio|idx:Min SD idx:Max SD
   60 ,    601 : 5.5576985936023e+00 +(4e+00,2e+01) | 2.37e+01 |  2:1.1e-01  8:2.1e+00
   61 ,    611 : 5.5447207925677e+00 +(5e+00,2e+01) | 2.40e+01 |  2:1.0e-01  8:2.0e+00
   62 ,    621 : 5.5995375756411e+00 +(2e+00,9e+00) | 2.46e+01 |  2:1.0e-01  8:2.1e+00
   63 ,    631 : 5.6363103846174e+00 +(3e+00,2e+01) | 2.46e+01 |  2:9.4e-02  8:1.9e+00
   64 ,    641 : 5.4993922659134e+00 +(4e+00,6e+03) | 2.34e+01 |  2:9.8e-02  8:1.9e+00
   65 ,    651 : 5.4748563347757e+00 +(3e+00,1e+02) | 2.35e+01 |  2:9.4e-02  8:1.9e+00
   66 ,    661 : 5.4510733944426e+00 +(2e+00,2e+01) | 2.37e+01 |  2:9.5e-02  8:1.9e+00
   67 ,    671 : 5.4028071206321e+00 +(1e+00,4e+00) | 2.40e+01 |  2:9.2e-02  8:1.9e+00
   68 ,    681 : 5.8101936596147e+00 +(3e+00,5e+01) | 2.42e+01 |  2:8.8e-02  8:1.8e+00
   69 ,    691 : 5.4262886098901e+00 +(2e+00,8e+01) | 2.35e+01 |  2:8.6e-02  8:1.7e+00
Iterat, #Fevals:   Function Value    (median,worst) |Axis Ratio|idx:Min SD idx:Max SD
   70 ,    701 : 5.5872289551420e+00 +(2e+00,1e+01) | 2.35e+01 |  2:8.6e-02  8:1.7e+00
   71 ,    711 : 5.4388058682643e+00 +(2e+00,6e+00) | 2.34e+01 |  2:7.8e-02  8:1.5e+00
   72 ,    721 : 5.8871641948118e+00 +(4e-01,1e+01) | 2.35e+01 |  2:8.0e-02  8:1.6e+00
   73 ,    731 : 5.4142852944539e+00 +(2e+00,7e+00) | 2.47e+01 |  2:8.4e-02  8:1.7e+00
   74 ,    741 : 5.5065852123190e+00 +(2e+00,6e+00) | 2.44e+01 |  2:7.9e-02  8:1.6e+00
   75 ,    751 : 5.4485739170683e+00 +(9e-01,2e+01) | 2.51e+01 |  2:7.5e-02  8:1.5e+00
   76 ,    761 : 5.4769809536670e+00 +(1e+00,7e+00) | 2.65e+01 |  2:8.6e-02  8:1.7e+00
   77 ,    771 : 5.4371806800359e+00 +(8e-01,6e+00) | 2.68e+01 |  2:8.1e-02  8:1.6e+00
   78 ,    781 : 5.5520079177121e+00 +(2e+00,2e+01) | 2.63e+01 |  2:7.8e-02  8:1.6e+00
   79 ,    791 : 5.4251947753740e+00 +(8e-01,3e+00) | 2.66e+01 |  2:7.3e-02  8:1.5e+00
Iterat, #Fevals:   Function Value    (median,worst) |Axis Ratio|idx:Min SD idx:Max SD
   80 ,    801 : 5.4503167038927e+00 +(8e-01,1e+00) | 2.73e+01 |  2:7.2e-02  8:1.5e+00
   81 ,    811 : 5.3481224529705e+00 +(7e-01,1e+01) | 2.70e+01 |  2:6.9e-02  8:1.4e+00
   82 ,    821 : 5.4863640354582e+00 +(7e-01,4e+00) | 2.73e+01 |  2:6.5e-02  8:1.3e+00
   83 ,    831 : 5.5348245117232e+00 +(9e-01,3e+01) | 2.74e+01 |  3:6.0e-02  8:1.2e+00
   84 ,    841 : 5.3704914163613e+00 +(3e-01,6e+00) | 2.77e+01 |  3:5.3e-02  8:1.1e+00
   85 ,    851 : 5.6531888768696e+00 +(1e+00,8e+00) | 2.79e+01 |  3:5.3e-02  8:1.1e+00
   86 ,    861 : 5.3327869786720e+00 +(1e+00,3e+00) | 2.86e+01 |  3:5.2e-02  8:1.1e+00
   87 ,    871 : 5.4272532823886e+00 +(6e-01,2e+00) | 2.78e+01 |  2:5.6e-02  8:1.1e+00
   88 ,    881 : 5.4290600361306e+00 +(6e-01,5e+00) | 2.82e+01 |  2:5.5e-02  8:1.1e+00
   89 ,    891 : 5.3304346491765e+00 +(5e-01,3e+00) | 2.87e+01 |  2:5.1e-02  8:1.0e+00
Iterat, #Fevals:   Function Value    (median,worst) |Axis Ratio|idx:Min SD idx:Max SD
   90 ,    901 : 5.3124862245768e+00 +(3e-01,7e-01) | 2.92e+01 |  2:4.5e-02  8:9.4e-01
   91 ,    911 : 5.2852778829495e+00 +(4e-01,2e+00) | 2.99e+01 |  3:4.5e-02  8:9.4e-01
   92 ,    921 : 5.2810095503813e+00 +(3e-01,2e+00) | 3.02e+01 |  3:4.3e-02  8:9.1e-01
   93 ,    931 : 5.2397717340905e+00 +(2e-01,2e+00) | 2.94e+01 |  3:4.0e-02  8:8.4e-01
   94 ,    941 : 5.2677689882710e+00 +(3e-01,6e+00) | 2.91e+01 |  3:3.9e-02  8:8.2e-01
   95 ,    951 : 5.2715286680424e+00 +(3e-01,1e+00) | 2.88e+01 |  3:3.9e-02  8:8.1e-01
   96 ,    961 : 5.2507791210038e+00 +(2e-01,2e+00) | 2.80e+01 |  3:3.7e-02  8:7.6e-01
   97 ,    971 : 5.2825695989311e+00 +(1e-01,2e+00) | 2.76e+01 |  3:3.5e-02  8:6.9e-01
   98 ,    981 : 5.2364531837290e+00 +(6e-02,4e-01) | 2.80e+01 |  3:3.2e-02  8:6.5e-01
   99 ,    991 : 5.2477940860411e+00 +(4e-02,5e-01) | 2.80e+01 |  3:2.8e-02  8:5.7e-01
Iterat, #Fevals:   Function Value    (median,worst) |Axis Ratio|idx:Min SD idx:Max SD
  100 ,   1001 : 5.2310232167627e+00 +(2e-01,7e-01) | 2.79e+01 |  3:2.7e-02  8:5.3e-01
  101 ,   1011 : 5.2580366586456e+00 +(3e-01,6e-01) | 2.86e+01 |  3:2.5e-02  8:5.0e-01
  102 ,   1021 : 5.2252987335022e+00 +(6e-02,4e-01) | 2.83e+01 |  3:2.5e-02  8:5.1e-01
  103 ,   1031 : 5.2360500035686e+00 +(1e-01,3e-01) | 2.80e+01 |  3:2.3e-02  8:4.6e-01
  104 ,   1041 : 5.2916180104416e+00 +(1e-01,5e-01) | 2.88e+01 |  3:2.1e-02  8:4.3e-01
  105 ,   1051 : 5.2521035790941e+00 +(7e-02,9e-01) | 2.87e+01 |  3:1.9e-02  8:3.8e-01
  106 ,   1061 : 5.2051161364245e+00 +(9e-02,6e-01) | 2.90e+01 |  3:2.0e-02  8:4.0e-01
  107 ,   1071 : 5.2266715363766e+00 +(7e-02,2e-01) | 2.93e+01 |  3:1.9e-02  8:3.9e-01
  108 ,   1081 : 5.2295570492180e+00 +(2e-02,1e-01) | 3.02e+01 |  3:1.8e-02  8:3.9e-01
  109 ,   1091 : 5.1978412250214e+00 +(4e-02,1e-01) | 3.22e+01 |  3:1.9e-02  8:4.1e-01
Iterat, #Fevals:   Function Value    (median,worst) |Axis Ratio|idx:Min SD idx:Max SD
  110 ,   1101 : 5.1673354352405e+00 +(7e-02,3e-01) | 3.46e+01 |  3:2.0e-02  8:4.8e-01
  111 ,   1111 : 5.1915526055174e+00 +(7e-02,3e-01) | 3.52e+01 |  3:2.0e-02  8:4.9e-01
  112 ,   1121 : 5.1771200328306e+00 +(7e-02,3e-01) | 3.70e+01 |  3:2.0e-02  8:5.0e-01
  113 ,   1131 : 5.1837889010494e+00 +(3e-02,3e-01) | 3.70e+01 |  3:2.0e-02  8:5.1e-01
  114 ,   1141 : 5.1712820220587e+00 +(4e-02,2e-01) | 3.73e+01 |  3:1.9e-02  8:4.9e-01
  115 ,   1151 : 5.1663254466089e+00 +(7e-02,5e-01) | 3.81e+01 |  3:1.8e-02  8:4.5e-01
  116 ,   1161 : 5.1692661115223e+00 +(3e-02,2e-01) | 3.76e+01 |  3:1.8e-02  8:4.4e-01
  117 ,   1171 : 5.1583429937085e+00 +(4e-02,1e-01) | 3.77e+01 |  3:1.8e-02  8:4.3e-01
  118 ,   1181 : 5.1470079772391e+00 +(8e-02,1e-01) | 3.72e+01 |  3:1.9e-02  8:4.4e-01
  119 ,   1191 : 5.1345242537998e+00 +(6e-02,3e-01) | 3.72e+01 |  3:1.9e-02  8:4.4e-01
Iterat, #Fevals:   Function Value    (median,worst) |Axis Ratio|idx:Min SD idx:Max SD
  120 ,   1201 : 5.1260645516860e+00 +(6e-02,2e-01) | 3.73e+01 |  3:1.9e-02  8:4.3e-01
  121 ,   1211 : 5.1299089914346e+00 +(3e-02,2e-01) | 3.96e+01 |  3:1.9e-02  8:4.8e-01
  122 ,   1221 : 5.0853910483013e+00 +(7e-02,6e-01) | 4.27e+01 |  3:2.1e-02  8:5.5e-01
  123 ,   1231 : 5.0483381523287e+00 +(1e-01,4e-01) | 4.38e+01 |  3:2.5e-02  8:6.6e-01
  124 ,   1241 : 5.0182958975845e+00 +(8e-02,2e-01) | 4.61e+01 |  3:2.8e-02  8:7.7e-01
  125 ,   1251 : 4.9902132630519e+00 +(1e-01,5e-01) | 4.80e+01 |  3:3.1e-02  8:8.7e-01
  126 ,   1261 : 5.0128282897918e+00 +(2e-01,8e-01) | 4.76e+01 |  3:3.5e-02  8:9.5e-01
  127 ,   1271 : 4.9463266927098e+00 +(2e-01,9e-01) | 4.84e+01 |  3:3.7e-02  8:1.0e+00
  128 ,   1281 : 4.9887047471024e+00 +(1e-01,7e-01) | 4.85e+01 |  3:3.4e-02  8:9.4e-01
  129 ,   1291 : 5.0074106761779e+00 +(2e-01,7e-01) | 4.81e+01 |  3:3.8e-02  8:9.6e-01
Iterat, #Fevals:   Function Value    (median,worst) |Axis Ratio|idx:Min SD idx:Max SD
  130 ,   1301 : 4.9874943889121e+00 +(2e-01,7e-01) | 4.79e+01 |  2:3.7e-02  8:9.1e-01
  131 ,   1311 : 4.9707734249182e+00 +(1e-01,5e-01) | 4.72e+01 |  2:3.6e-02  8:8.9e-01
  132 ,   1321 : 4.8945922734584e+00 +(4e-01,7e-01) | 4.72e+01 |  2:3.5e-02  8:8.4e-01
  133 ,   1331 : 4.9186396025844e+00 +(8e-02,7e-01) | 4.82e+01 |  2:3.4e-02  8:8.2e-01
  134 ,   1341 : 4.9571092809509e+00 +(2e-01,1e+00) | 4.78e+01 |  2:3.2e-02  8:7.7e-01
  135 ,   1351 : 4.9790279533123e+00 +(1e-01,1e+00) | 4.78e+01 |  2:2.8e-02  8:6.8e-01
  136 ,   1361 : 4.9661831627246e+00 +(5e-02,2e-01) | 4.80e+01 |  2:2.7e-02  8:6.5e-01
  137 ,   1371 : 4.9681244369102e+00 +(1e-01,4e-01) | 4.71e+01 |  2:2.4e-02  8:5.9e-01
  138 ,   1381 : 4.9159369655739e+00 +(1e-01,2e-01) | 4.72e+01 |  2:2.3e-02  8:5.6e-01
  139 ,   1391 : 4.8947923280443e+00 +(9e-02,2e-01) | 4.71e+01 |  2:2.2e-02  8:5.4e-01
Iterat, #Fevals:   Function Value    (median,worst) |Axis Ratio|idx:Min SD idx:Max SD
  140 ,   1401 : 4.8817105478383e+00 +(1e-01,4e-01) | 4.82e+01 |  2:2.2e-02  8:5.4e-01
  141 ,   1411 : 4.8586280263657e+00 +(8e-02,4e-01) | 4.76e+01 |  3:2.3e-02  8:5.3e-01
  142 ,   1421 : 4.8270710100807e+00 +(8e-02,3e-01) | 4.70e+01 |  3:2.7e-02  8:6.2e-01
  143 ,   1431 : 4.8230160819576e+00 +(1e-01,6e-01) | 4.69e+01 |  3:2.9e-02  8:6.7e-01
  144 ,   1441 : 4.8073973074973e+00 +(1e-01,6e-01) | 4.90e+01 |  3:3.1e-02  8:7.4e-01
  145 ,   1451 : 4.8111238858840e+00 +(2e-01,1e+00) | 4.98e+01 |  3:3.0e-02  8:7.4e-01
  146 ,   1461 : 4.6874787831817e+00 +(4e-01,6e-01) | 4.91e+01 |  3:3.1e-02  8:7.9e-01
  147 ,   1471 : 4.6813504275270e+00 +(3e-01,8e-01) | 4.97e+01 |  3:3.1e-02  8:7.8e-01
  148 ,   1481 : 4.5922822381746e+00 +(3e-01,1e+00) | 5.12e+01 |  3:3.3e-02  8:8.7e-01
  149 ,   1491 : 4.5860848361233e+00 +(2e-01,5e+00) | 5.24e+01 |  3:3.2e-02  8:8.4e-01
Iterat, #Fevals:   Function Value    (median,worst) |Axis Ratio|idx:Min SD idx:Max SD
  150 ,   1501 : 4.4309661176423e+00 +(3e-01,4e+00) | 5.41e+01 |  3:3.2e-02  8:8.7e-01
  151 ,   1511 : 4.4658548656985e+00 +(3e-01,2e+00) | 5.45e+01 |  3:3.5e-02  8:9.4e-01
  152 ,   1521 : 4.3599357532613e+00 +(3e-01,3e+00) | 5.64e+01 |  3:3.7e-02  8:1.0e+00
  153 ,   1531 : 4.3348064608272e+00 +(5e-01,5e+00) | 5.63e+01 |  3:3.4e-02  8:9.0e-01
  154 ,   1541 : 4.4469366523175e+00 +(5e-01,9e+00) | 5.67e+01 |  3:3.2e-02  8:8.7e-01
  155 ,   1551 : 4.2469893503190e+00 +(1e+00,8e+00) | 5.60e+01 |  3:3.5e-02  8:9.3e-01
  156 ,   1561 : 4.3577157649305e+00 +(5e-01,2e+00) | 5.64e+01 |  3:3.9e-02  9:1.0e+00
  157 ,   1571 : 4.5009164753955e+00 +(1e+00,8e+00) | 5.72e+01 |  3:4.6e-02  9:1.2e+00
  158 ,   1581 : 4.4485218419269e+00 +(7e-01,7e+00) | 5.73e+01 |  3:4.6e-02  9:1.2e+00
  159 ,   1591 : 4.6433834998729e+00 +(1e+00,3e+01) | 5.74e+01 |  3:4.4e-02  9:1.1e+00
Iterat, #Fevals:   Function Value    (median,worst) |Axis Ratio|idx:Min SD idx:Max SD
  160 ,   1601 : 4.5289213713131e+00 +(9e-01,3e+00) | 5.80e+01 |  3:4.4e-02  9:1.1e+00
  161 ,   1611 : 4.4427211542815e+00 +(9e-01,7e+00) | 5.83e+01 |  3:4.0e-02  9:1.0e+00
  162 ,   1621 : 4.3072165218200e+00 +(6e-01,2e+00) | 6.12e+01 |  3:4.0e-02  9:1.1e+00
  163 ,   1631 : 4.3755589287988e+00 +(2e-01,2e+00) | 6.13e+01 |  3:3.8e-02  9:1.0e+00
  164 ,   1641 : 4.1508088697335e+00 +(5e-01,5e+00) | 6.21e+01 |  3:4.1e-02  9:1.1e+00
  165 ,   1651 : 4.2264369643788e+00 +(5e-01,1e+01) | 6.17e+01 |  3:3.9e-02  9:1.1e+00
  166 ,   1661 : 4.2522963802256e+00 +(8e-01,2e+01) | 6.18e+01 |  3:3.8e-02  9:1.1e+00
  167 ,   1671 : 4.3450569460912e+00 +(2e+00,6e+00) | 6.15e+01 |  3:3.8e-02  9:1.0e+00
  168 ,   1681 : 4.1622059061622e+00 +(5e-01,2e+00) | 6.08e+01 |  3:3.6e-02  9:9.8e-01
  169 ,   1691 : 4.0132840817266e+00 +(5e-01,5e+00) | 6.22e+01 |  3:3.7e-02  9:1.1e+00
Iterat, #Fevals:   Function Value    (median,worst) |Axis Ratio|idx:Min SD idx:Max SD
  170 ,   1701 : 4.0781804751672e+00 +(9e-01,3e+01) | 6.22e+01 |  3:3.4e-02  9:1.0e+00
  171 ,   1711 : 4.0517806290339e+00 +(6e-01,6e+00) | 6.22e+01 |  3:3.3e-02  9:9.8e-01
  172 ,   1721 : 4.2004305272431e+00 +(2e+00,1e+01) | 6.16e+01 |  3:3.7e-02  9:1.1e+00
  173 ,   1731 : 3.8293870461680e+00 +(2e+00,2e+01) | 6.20e+01 |  3:3.8e-02  9:1.2e+00
  174 ,   1741 : 3.7628511783746e+00 +(8e-01,6e+00) | 5.96e+01 |  3:4.0e-02  9:1.2e+00
  175 ,   1751 : 3.6513204495301e+00 +(4e+00,4e+01) | 5.97e+01 |  3:3.7e-02  9:1.1e+00
  176 ,   1761 : 3.5629684308757e+00 +(2e+00,3e+01) | 6.03e+01 |  3:3.3e-02  9:1.0e+00
  177 ,   1771 : 3.4254857667437e+00 +(1e+00,5e+00) | 6.08e+01 |  3:3.3e-02  9:1.0e+00
  178 ,   1781 : 3.5806638233686e+00 +(2e+00,4e+01) | 6.01e+01 |  3:3.6e-02  9:1.1e+00
  179 ,   1791 : 4.0256714976700e+00 +(2e+00,2e+01) | 6.05e+01 |  3:3.5e-02  9:1.0e+00
Iterat, #Fevals:   Function Value    (median,worst) |Axis Ratio|idx:Min SD idx:Max SD
  180 ,   1801 : 4.2345432363592e+00 +(1e+00,7e+00) | 6.36e+01 |  3:3.3e-02  9:9.8e-01
  181 ,   1811 : 3.4697823389365e+00 +(7e-01,4e+00) | 6.49e+01 |  3:3.1e-02  9:9.4e-01
  182 ,   1821 : 3.5565071982829e+00 +(2e+00,1e+01) | 6.49e+01 |  3:3.1e-02  9:9.3e-01
  183 ,   1831 : 3.5812604128568e+00 +(3e+00,2e+01) | 6.48e+01 |  3:2.9e-02  9:8.8e-01
  184 ,   1841 : 3.7310569192813e+00 +(4e+00,1e+01) | 6.53e+01 |  3:2.9e-02  9:9.0e-01
  185 ,   1851 : 3.7979724953370e+00 +(3e+00,2e+01) | 6.58e+01 |  3:2.9e-02  9:8.6e-01
  186 ,   1861 : 3.7531763985253e+00 +(2e+00,2e+01) | 6.43e+01 |  3:3.2e-02  9:9.1e-01
  187 ,   1871 : 3.7376334527076e+00 +(6e-01,1e+01) | 6.13e+01 |  3:3.9e-02  9:1.0e+00
  188 ,   1881 : 3.9476235220119e+00 +(1e+00,2e+01) | 5.96e+01 |  3:4.4e-02  9:1.1e+00
  189 ,   1891 : 4.0122350880747e+00 +(6e-01,3e+01) | 5.76e+01 |  3:4.9e-02  9:1.2e+00
Iterat, #Fevals:   Function Value    (median,worst) |Axis Ratio|idx:Min SD idx:Max SD
  190 ,   1901 : 3.9706647082503e+00 +(7e-01,5e+00) | 5.58e+01 |  3:5.2e-02  9:1.2e+00
  191 ,   1911 : 4.1292891982638e+00 +(2e+00,1e+01) | 5.55e+01 |  3:4.9e-02  9:1.1e+00
  192 ,   1921 : 4.1106914191186e+00 +(1e+00,5e+00) | 5.55e+01 |  3:4.6e-02  9:1.0e+00
  193 ,   1931 : 4.0716794848260e+00 +(1e+00,3e+00) | 5.56e+01 |  3:4.5e-02  9:9.8e-01
  194 ,   1941 : 3.9681794734861e+00 +(2e+00,1e+01) | 5.58e+01 |  3:4.5e-02  9:9.6e-01
  195 ,   1951 : 3.5054202674498e+00 +(3e+00,2e+01) | 5.74e+01 |  3:4.4e-02  9:9.5e-01
  196 ,   1961 : 4.0852826491373e+00 +(1e+00,6e+03) | 5.58e+01 |  3:4.7e-02  9:9.8e-01
  197 ,   1971 : 3.6149418704088e+00 +(2e+00,1e+01) | 5.44e+01 |  2:4.8e-02  9:1.0e+00
  198 ,   1981 : 3.9254351706197e+00 +(9e-01,9e+00) | 5.40e+01 |  2:4.7e-02  9:9.6e-01
  199 ,   1991 : 3.6441331451857e+00 +(4e-01,3e+00) | 5.43e+01 |  2:4.2e-02  9:8.8e-01
Iterat, #Fevals:   Function Value    (median,worst) |Axis Ratio|idx:Min SD idx:Max SD
  200 ,   2001 : 3.5584618737730e+00 +(4e-01,9e+00) | 5.53e+01 |  2:4.0e-02  9:8.4e-01
  201 ,   2011 : 3.6309198263619e+00 +(3e+00,2e+01) | 5.49e+01 |  2:4.2e-02  9:9.0e-01
  202 ,   2021 : 3.6743148099875e+00 +(9e-01,2e+02) | 5.47e+01 |  3:4.7e-02  9:9.8e-01
  203 ,   2031 : 3.6768391500217e+00 +(5e-01,3e+00) | 5.50e+01 |  3:5.4e-02  9:1.1e+00
  204 ,   2041 : 3.8389035905350e+00 +(2e+00,4e+01) | 5.33e+01 |  3:5.8e-02  9:1.1e+00
  205 ,   2051 : 4.0699795703154e+00 +(1e+00,4e+01) | 5.37e+01 |  3:5.5e-02  9:1.1e+00
  206 ,   2061 : 4.0919072328935e+00 +(5e-01,1e+01) | 5.38e+01 |  3:5.1e-02  9:9.8e-01
  207 ,   2071 : 3.9773517411843e+00 +(6e-01,5e+00) | 5.47e+01 |  3:4.8e-02  9:9.3e-01
  208 ,   2081 : 4.0883599611325e+00 +(2e-01,2e+00) | 5.50e+01 |  3:4.7e-02  9:9.1e-01
  209 ,   2091 : 3.8938339720424e+00 +(6e-01,1e+00) | 5.46e+01 |  3:4.3e-02  9:8.5e-01
Iterat, #Fevals:   Function Value    (median,worst) |Axis Ratio|idx:Min SD idx:Max SD
  210 ,   2101 : 3.6515106038829e+00 +(6e-01,9e+00) | 5.47e+01 |  3:3.7e-02  9:7.3e-01
  211 ,   2111 : 3.5887938548720e+00 +(8e-01,4e+00) | 5.55e+01 |  3:3.7e-02  9:7.4e-01
  212 ,   2121 : 3.7145255925331e+00 +(3e-01,8e+00) | 5.55e+01 |  3:3.5e-02  9:7.0e-01
  213 ,   2131 : 3.4144294662656e+00 +(6e-01,3e+00) | 5.86e+01 |  3:3.7e-02  9:7.8e-01
  214 ,   2141 : 3.5696016297459e+00 +(9e-01,5e+00) | 5.89e+01 |  3:3.8e-02  9:8.0e-01
  215 ,   2151 : 3.7773990780397e+00 +(5e+00,4e+01) | 6.21e+01 |  3:4.1e-02  9:8.8e-01
  216 ,   2161 : 3.5117559517758e+00 +(9e-01,2e+01) | 6.19e+01 |  3:4.2e-02  9:9.0e-01
  217 ,   2171 : 3.4342092029188e+00 +(2e+00,6e+00) | 6.18e+01 |  3:3.8e-02  9:8.0e-01
  218 ,   2181 : 3.6532197043255e+00 +(6e-01,6e+00) | 5.96e+01 |  3:4.1e-02  9:8.3e-01
  219 ,   2191 : 3.9697334008209e+00 +(2e+00,2e+01) | 5.96e+01 |  3:4.0e-02  9:8.2e-01
Iterat, #Fevals:   Function Value    (median,worst) |Axis Ratio|idx:Min SD idx:Max SD
  220 ,   2201 : 3.9856634509670e+00 +(3e-01,3e+00) | 6.00e+01 |  3:3.8e-02  9:7.8e-01
  221 ,   2211 : 3.4005391945108e+00 +(2e+00,6e+00) | 6.10e+01 |  3:3.4e-02  9:7.1e-01
  222 ,   2221 : 3.4104929616657e+00 +(1e+00,7e+00) | 6.24e+01 |  3:3.2e-02  9:6.9e-01
  223 ,   2231 : 3.3106299138027e+00 +(7e-01,1e+01) | 6.42e+01 |  3:3.6e-02  9:7.7e-01
  224 ,   2241 : 3.6338218762557e+00 +(3e+00,1e+01) | 6.56e+01 |  3:3.4e-02  9:7.3e-01
  225 ,   2251 : 3.7338408266367e+00 +(4e-01,1e+00) | 6.57e+01 |  3:3.3e-02  9:7.0e-01
  226 ,   2261 : 3.9307329520029e+00 +(3e-01,1e+01) | 6.39e+01 |  3:3.3e-02  9:6.5e-01
  227 ,   2271 : 3.4145308199019e+00 +(4e-01,1e+00) | 6.55e+01 |  3:3.1e-02  9:6.4e-01
  228 ,   2281 : 3.3487695345376e+00 +(5e-01,4e+00) | 6.59e+01 |  3:2.9e-02  9:5.8e-01
  229 ,   2291 : 3.3554716497772e+00 +(5e-01,9e+00) | 6.65e+01 |  3:2.7e-02  9:5.4e-01
Iterat, #Fevals:   Function Value    (median,worst) |Axis Ratio|idx:Min SD idx:Max SD
  230 ,   2301 : 3.3031654494627e+00 +(2e-01,5e+00) | 6.33e+01 |  3:2.8e-02  9:5.5e-01
  231 ,   2311 : 3.3215364285278e+00 +(1e+00,4e+00) | 6.32e+01 |  3:2.5e-02  9:5.0e-01
  232 ,   2321 : 3.3673750994620e+00 +(1e+00,8e+00) | 6.33e+01 |  3:2.2e-02  9:4.4e-01
  233 ,   2331 : 3.4003526609846e+00 +(4e-01,2e+00) | 6.36e+01 |  3:2.0e-02  9:4.1e-01
  234 ,   2341 : 3.3355765149957e+00 +(2e-01,2e+00) | 6.28e+01 |  3:1.7e-02  9:3.5e-01
  235 ,   2351 : 3.3452650491876e+00 +(3e-01,1e+00) | 6.32e+01 |  3:1.5e-02  9:3.1e-01
  236 ,   2361 : 3.4051788026754e+00 +(3e-01,1e+00) | 6.27e+01 |  3:1.3e-02  9:2.7e-01
  237 ,   2371 : 3.3617165290789e+00 +(1e-01,1e+00) | 6.28e+01 |  3:1.3e-02  9:2.6e-01
  238 ,   2381 : 3.3343576053038e+00 +(2e-01,7e-01) | 6.30e+01 |  3:1.2e-02  9:2.5e-01
  239 ,   2391 : 3.3081601976014e+00 +(1e-01,1e+00) | 6.16e+01 |  3:1.1e-02  9:2.3e-01
Iterat, #Fevals:   Function Value    (median,worst) |Axis Ratio|idx:Min SD idx:Max SD
  240 ,   2401 : 3.2811014973299e+00 +(1e-01,9e-01) | 6.36e+01 |  3:1.2e-02  9:2.5e-01
  241 ,   2411 : 3.2694175727418e+00 +(2e-01,7e-01) | 6.45e+01 |  3:1.2e-02  9:2.5e-01
  242 ,   2421 : 3.2668768282689e+00 +(1e-01,6e-01) | 6.19e+01 |  3:1.2e-02  9:2.6e-01
  243 ,   2431 : 3.2567941825594e+00 +(3e-01,1e+00) | 6.18e+01 |  3:1.1e-02  9:2.5e-01
  244 ,   2441 : 3.2685877499687e+00 +(2e-01,1e+00) | 6.18e+01 |  3:1.1e-02  9:2.4e-01
  245 ,   2451 : 3.2752242153770e+00 +(5e-02,2e-01) | 6.07e+01 |  3:1.1e-02  9:2.3e-01
  246 ,   2461 : 3.2318282671936e+00 +(2e-01,8e-01) | 6.00e+01 |  3:1.1e-02  9:2.4e-01
  247 ,   2471 : 3.2475123530288e+00 +(1e-01,7e-01) | 5.98e+01 |  3:1.0e-02  9:2.3e-01
  248 ,   2481 : 3.2612668808582e+00 +(5e-01,2e+00) | 5.98e+01 |  3:1.0e-02  9:2.2e-01
  249 ,   2491 : 3.2839707239062e+00 +(2e-01,1e+00) | 6.10e+01 |  3:9.7e-03  9:2.1e-01
Iterat, #Fevals:   Function Value    (median,worst) |Axis Ratio|idx:Min SD idx:Max SD
  250 ,   2501 : 3.2034744223148e+00 +(6e-02,5e-01) | 6.08e+01 |  3:1.1e-02  9:2.4e-01
  251 ,   2511 : 3.2412223103460e+00 +(2e-01,5e-01) | 6.03e+01 |  3:1.1e-02  9:2.4e-01
  252 ,   2521 : 3.2159885641503e+00 +(4e-01,9e-01) | 6.00e+01 |  3:1.1e-02  9:2.3e-01
  253 ,   2531 : 3.2245898036229e+00 +(3e-01,1e+00) | 5.92e+01 |  3:1.0e-02  9:2.2e-01
  254 ,   2541 : 3.2065412440636e+00 +(8e-02,3e-01) | 5.80e+01 |  3:1.1e-02  9:2.2e-01
  255 ,   2551 : 3.1516750504539e+00 +(4e-01,1e+00) | 5.81e+01 |  3:1.2e-02  9:2.5e-01
  256 ,   2561 : 3.1188109494333e+00 +(2e-01,5e+00) | 5.81e+01 |  3:1.4e-02  9:2.8e-01
  257 ,   2571 : 3.1080944660139e+00 +(2e-01,2e+00) | 5.79e+01 |  3:1.6e-02  9:3.1e-01
  258 ,   2581 : 3.1293387707244e+00 +(2e-01,1e+00) | 5.76e+01 |  3:1.8e-02  9:3.4e-01
  259 ,   2591 : 3.0534103333578e+00 +(7e-01,2e+00) | 5.77e+01 |  3:1.9e-02  9:3.5e-01
Iterat, #Fevals:   Function Value    (median,worst) |Axis Ratio|idx:Min SD idx:Max SD
  260 ,   2601 : 3.0495932565080e+00 +(6e-01,2e+00) | 5.79e+01 |  3:2.0e-02  9:3.6e-01
  261 ,   2611 : 3.0980067248899e+00 +(5e-01,3e+00) | 5.82e+01 |  3:2.0e-02  9:3.6e-01
  262 ,   2621 : 3.1232673622440e+00 +(9e-01,1e+01) | 5.80e+01 |  3:1.8e-02  9:3.4e-01
  263 ,   2631 : 3.0671787526778e+00 +(5e-01,2e+00) | 5.55e+01 |  3:1.9e-02  9:3.4e-01
  264 ,   2641 : 3.2216752203712e+00 +(2e-01,1e+00) | 5.50e+01 |  3:1.9e-02  9:3.4e-01
  265 ,   2651 : 3.0729391249205e+00 +(5e-01,1e+00) | 5.43e+01 |  3:2.0e-02  9:3.6e-01
  266 ,   2661 : 3.0299547654561e+00 +(6e-01,1e+01) | 5.41e+01 |  3:2.0e-02  9:3.5e-01
  267 ,   2671 : 3.0196279672416e+00 +(2e-01,3e+00) | 5.32e+01 |  3:2.2e-02  9:3.7e-01
  268 ,   2681 : 3.0446753872041e+00 +(4e-01,2e+00) | 5.31e+01 |  3:2.1e-02  9:3.5e-01
  269 ,   2691 : 3.1409755494515e+00 +(4e-01,1e+01) | 5.28e+01 |  3:1.9e-02  9:3.1e-01
Iterat, #Fevals:   Function Value    (median,worst) |Axis Ratio|idx:Min SD idx:Max SD
  270 ,   2701 : 3.0902417715169e+00 +(4e-01,4e+00) | 5.31e+01 |  3:1.6e-02  9:2.7e-01
  271 ,   2711 : 3.0291540625643e+00 +(2e-01,9e-01) | 5.37e+01 |  3:1.5e-02  9:2.6e-01
  272 ,   2721 : 3.0034610866801e+00 +(3e-01,4e+00) | 5.43e+01 |  3:1.4e-02  9:2.4e-01
  273 ,   2731 : 3.0024208195517e+00 +(5e-01,1e+00) | 5.44e+01 |  3:1.3e-02  9:2.2e-01
  274 ,   2741 : 3.0213447790294e+00 +(3e-01,3e+00) | 5.39e+01 |  3:1.2e-02  9:2.1e-01
  275 ,   2751 : 3.0358433172217e+00 +(1e-01,3e+00) | 5.36e+01 |  3:1.1e-02  9:1.9e-01
  276 ,   2761 : 3.0112748006747e+00 +(3e-01,1e+00) | 5.29e+01 |  3:1.1e-02  9:1.8e-01
  277 ,   2771 : 3.0458778740915e+00 +(3e-01,1e+00) | 5.24e+01 |  3:9.5e-03  9:1.6e-01
  278 ,   2781 : 3.0074872052850e+00 +(8e-02,5e-01) | 5.20e+01 |  3:8.1e-03  9:1.4e-01
  279 ,   2791 : 3.0137777604895e+00 +(1e-01,6e-01) | 5.22e+01 |  3:7.5e-03  9:1.3e-01
Iterat, #Fevals:   Function Value    (median,worst) |Axis Ratio|idx:Min SD idx:Max SD
  280 ,   2801 : 3.0100939853340e+00 +(1e-01,1e+00) | 5.12e+01 |  3:7.4e-03  9:1.2e-01
  281 ,   2811 : 2.9822161772174e+00 +(9e-02,4e-01) | 5.12e+01 |  3:7.2e-03  9:1.2e-01
  282 ,   2821 : 3.0006855699446e+00 +(8e-02,2e-01) | 5.00e+01 |  3:6.9e-03  9:1.1e-01
  283 ,   2831 : 3.0037937280258e+00 +(5e-02,4e-01) | 4.91e+01 |  3:6.4e-03  9:1.0e-01
  284 ,   2841 : 3.0071899639357e+00 +(3e-02,3e-01) | 4.86e+01 |  3:6.4e-03  9:1.1e-01
  285 ,   2851 : 2.9952412929404e+00 +(9e-02,6e-01) | 4.85e+01 |  3:6.0e-03  9:9.7e-02
  286 ,   2861 : 3.0075087531311e+00 +(6e-02,2e-01) | 4.97e+01 |  3:5.6e-03  9:9.1e-02
  287 ,   2871 : 3.0186562542561e+00 +(3e-02,2e-01) | 4.69e+01 |  3:5.4e-03  9:8.7e-02
  288 ,   2881 : 3.0010440127398e+00 +(9e-02,2e-01) | 4.67e+01 |  3:5.0e-03  9:8.1e-02
  289 ,   2891 : 2.9948459870831e+00 +(3e-02,1e-01) | 4.72e+01 |  3:4.8e-03  9:7.7e-02
Iterat, #Fevals:   Function Value    (median,worst) |Axis Ratio|idx:Min SD idx:Max SD
  290 ,   2901 : 2.9873020963220e+00 +(5e-02,1e-01) | 4.70e+01 |  3:4.9e-03  9:7.9e-02
  291 ,   2911 : 2.9944337342321e+00 +(2e-02,2e-01) | 4.73e+01 |  3:4.7e-03  9:7.6e-02
  292 ,   2921 : 3.0091565753002e+00 +(3e-02,5e-02) | 4.61e+01 |  3:5.0e-03  9:7.8e-02
  293 ,   2931 : 3.0161185270030e+00 +(3e-02,3e-01) | 4.59e+01 |  3:5.0e-03  9:7.5e-02
  294 ,   2941 : 2.9898935553914e+00 +(7e-02,1e-01) | 4.61e+01 |  3:4.5e-03  9:6.7e-02
  295 ,   2951 : 3.0052223481077e+00 +(2e-02,1e-01) | 4.63e+01 |  3:4.2e-03  9:6.2e-02
  296 ,   2961 : 3.0064186071595e+00 +(1e-02,7e-02) | 4.61e+01 |  3:3.9e-03  9:5.9e-02
  297 ,   2971 : 3.0033047092575e+00 +(4e-02,1e-01) | 4.61e+01 |  3:3.5e-03  9:5.3e-02
  298 ,   2981 : 3.0118297744348e+00 +(2e-02,2e-01) | 4.64e+01 |  3:3.4e-03  9:5.0e-02
  299 ,   2991 : 3.0068538944771e+00 +(3e-02,2e-01) | 4.71e+01 |  3:3.0e-03  9:4.5e-02
Iterat, #Fevals:   Function Value    (median,worst) |Axis Ratio|idx:Min SD idx:Max SD
  300 ,   3001 : 2.9967410673478e+00 +(2e-02,1e-01) | 4.67e+01 |  3:2.8e-03  9:4.2e-02
  301 ,   3011 : 3.0074986553086e+00 +(1e-02,8e-02) | 4.67e+01 |  3:2.7e-03  9:4.0e-02
  302 ,   3021 : 3.0020434817744e+00 +(5e-03,6e-02) | 4.48e+01 |  3:2.7e-03  9:3.9e-02
  303 ,   3031 : 2.9966015715114e+00 +(1e-02,3e-02) | 4.39e+01 |  3:2.9e-03  9:4.1e-02
  304 ,   3041 : 3.0001245539390e+00 +(1e-02,3e-02) | 4.32e+01 |  3:2.8e-03  9:4.0e-02
  305 ,   3051 : 3.0067620199742e+00 +(2e-02,6e-02) | 4.33e+01 |  3:2.9e-03  9:4.1e-02
  306 ,   3061 : 2.9842127575642e+00 +(3e-02,8e-02) | 4.31e+01 |  3:3.2e-03  9:4.7e-02
  307 ,   3071 : 2.9799562289827e+00 +(2e-02,1e-01) | 4.62e+01 |  3:3.5e-03  9:5.5e-02
  308 ,   3081 : 2.9732027217381e+00 +(4e-02,3e-01) | 4.86e+01 |  3:4.1e-03  9:6.6e-02
  309 ,   3091 : 3.0151967282491e+00 +(3e-02,8e-02) | 4.92e+01 |  3:4.5e-03  9:7.1e-02
Iterat, #Fevals:   Function Value    (median,worst) |Axis Ratio|idx:Min SD idx:Max SD
  310 ,   3101 : 2.9983001396124e+00 +(4e-02,2e-01) | 5.10e+01 |  3:4.8e-03  9:7.8e-02
  311 ,   3111 : 2.9753249055622e+00 +(8e-02,3e-01) | 5.07e+01 |  3:5.3e-03  9:8.2e-02
  312 ,   3121 : 2.9793262050789e+00 +(3e-02,1e-01) | 4.97e+01 |  3:6.1e-03  9:9.1e-02
  313 ,   3131 : 2.9817050437510e+00 +(2e-02,3e-01) | 4.95e+01 |  3:6.1e-03  9:9.0e-02
  314 ,   3141 : 2.9785992253809e+00 +(5e-02,3e-01) | 4.99e+01 |  3:6.3e-03  9:9.1e-02
  315 ,   3151 : 2.9808611763009e+00 +(4e-02,3e-01) | 4.86e+01 |  3:6.6e-03  9:9.3e-02
  316 ,   3161 : 2.9773847280512e+00 +(4e-02,4e-01) | 4.80e+01 |  3:6.8e-03  9:9.5e-02
  317 ,   3171 : 2.9772751752776e+00 +(2e-02,4e-01) | 4.72e+01 |  3:6.8e-03  9:9.4e-02
  318 ,   3181 : 2.9770204783564e+00 +(5e-02,1e-01) | 4.85e+01 |  3:6.5e-03  9:9.0e-02
  319 ,   3191 : 2.9782611263319e+00 +(2e-02,3e-01) | 4.69e+01 |  3:6.2e-03  9:8.6e-02
Iterat, #Fevals:   Function Value    (median,worst) |Axis Ratio|idx:Min SD idx:Max SD
  320 ,   3201 : 2.9691108047296e+00 +(4e-02,1e-01) | 4.76e+01 |  3:6.3e-03  9:8.8e-02
  321 ,   3211 : 2.9641863602531e+00 +(3e-02,1e-01) | 4.84e+01 |  3:6.5e-03  9:9.2e-02
  322 ,   3221 : 2.9633924629163e+00 +(6e-02,2e-01) | 4.86e+01 |  3:6.3e-03  9:8.6e-02
  323 ,   3231 : 2.9648852616012e+00 +(4e-02,1e-01) | 4.75e+01 |  3:6.4e-03  9:8.9e-02
  324 ,   3241 : 2.9704751592749e+00 +(4e-02,2e-01) | 4.62e+01 |  3:6.4e-03  9:8.6e-02
  325 ,   3251 : 2.9655075961178e+00 +(4e-02,2e-01) | 4.67e+01 |  3:6.5e-03  9:8.8e-02
  326 ,   3261 : 2.9666268932120e+00 +(3e-02,3e-01) | 4.55e+01 |  3:6.2e-03  9:8.4e-02
  327 ,   3271 : 2.9822005343234e+00 +(7e-02,5e-01) | 4.49e+01 |  3:5.9e-03  9:7.9e-02
  328 ,   3281 : 2.9674116098125e+00 +(5e-02,2e-01) | 4.28e+01 |  3:5.7e-03  9:7.6e-02
  329 ,   3291 : 2.9804299779145e+00 +(6e-02,3e-01) | 4.21e+01 |  3:5.5e-03  9:7.3e-02
Iterat, #Fevals:   Function Value    (median,worst) |Axis Ratio|idx:Min SD idx:Max SD
  330 ,   3301 : 2.9710990445947e+00 +(2e-02,1e-01) | 4.19e+01 |  3:5.4e-03  9:7.1e-02
  331 ,   3311 : 2.9750053098234e+00 +(7e-03,2e-01) | 4.18e+01 |  3:5.1e-03  9:6.7e-02
  332 ,   3321 : 2.9648149134980e+00 +(3e-02,1e-01) | 4.16e+01 |  3:4.8e-03  9:6.3e-02
  333 ,   3331 : 2.9691948929054e+00 +(2e-02,4e-02) | 4.11e+01 |  3:4.6e-03  9:6.1e-02
  334 ,   3341 : 2.9738120044351e+00 +(2e-02,1e-01) | 4.13e+01 |  3:4.1e-03  9:5.4e-02
  335 ,   3351 : 2.9721087090521e+00 +(8e-03,1e-01) | 4.18e+01 |  3:4.3e-03  9:5.3e-02
  336 ,   3361 : 2.9655081641063e+00 +(1e-02,1e-01) | 4.16e+01 |  3:4.1e-03  9:5.0e-02
  337 ,   3371 : 2.9683232271796e+00 +(1e-02,4e-02) | 4.16e+01 |  3:4.0e-03  9:4.9e-02
  338 ,   3381 : 2.9722671839514e+00 +(2e-02,1e-01) | 4.13e+01 |  3:4.0e-03  9:4.9e-02
  339 ,   3391 : 2.9712427581675e+00 +(6e-03,4e-02) | 4.16e+01 |  3:4.0e-03  9:4.8e-02
Iterat, #Fevals:   Function Value    (median,worst) |Axis Ratio|idx:Min SD idx:Max SD
  340 ,   3401 : 2.9691479776001e+00 +(1e-02,3e-02) | 4.11e+01 |  3:4.2e-03  9:4.9e-02
  341 ,   3411 : 2.9665526665537e+00 +(2e-02,6e-02) | 4.09e+01 |  3:4.3e-03  9:4.9e-02
  342 ,   3421 : 2.9660649723242e+00 +(2e-02,7e-02) | 3.98e+01 |  3:4.2e-03  9:4.8e-02
  343 ,   3431 : 2.9702981804739e+00 +(1e-02,1e-01) | 4.07e+01 |  3:4.1e-03  9:4.8e-02
  344 ,   3441 : 2.9682231170985e+00 +(8e-03,8e-02) | 4.13e+01 |  3:4.0e-03  9:4.7e-02
  345 ,   3451 : 2.9644809435285e+00 +(7e-03,4e-02) | 4.15e+01 |  3:3.7e-03  9:4.2e-02
  346 ,   3461 : 2.9725401893082e+00 +(6e-03,3e-02) | 4.10e+01 |  3:3.8e-03  9:4.2e-02
  347 ,   3471 : 2.9615195523330e+00 +(2e-02,3e-02) | 4.05e+01 |  3:3.4e-03  9:3.6e-02
  348 ,   3481 : 2.9652830642136e+00 +(1e-02,2e-02) | 4.07e+01 |  3:3.3e-03  9:3.5e-02
  349 ,   3491 : 2.9642321919471e+00 +(4e-03,6e-02) | 4.08e+01 |  3:2.9e-03  9:3.1e-02
Iterat, #Fevals:   Function Value    (median,worst) |Axis Ratio|idx:Min SD idx:Max SD
  350 ,   3501 : 2.9659761213115e+00 +(1e-02,2e-02) | 4.08e+01 |  3:2.8e-03  9:3.0e-02
  351 ,   3511 : 2.9636143201426e+00 +(1e-02,5e-02) | 3.98e+01 |  3:2.6e-03  9:2.8e-02
  352 ,   3521 : 2.9673334564190e+00 +(1e-02,3e-02) | 4.01e+01 |  3:2.5e-03  9:2.6e-02
  353 ,   3531 : 2.9661133094331e+00 +(9e-03,3e-02) | 4.05e+01 |  3:2.3e-03  9:2.4e-02
  354 ,   3541 : 2.9658126016863e+00 +(4e-03,4e-02) | 4.04e+01 |  3:2.1e-03  9:2.2e-02
  355 ,   3551 : 2.9652431595821e+00 +(7e-03,3e-02) | 4.08e+01 |  3:2.2e-03  9:2.2e-02
  356 ,   3561 : 2.9603711425708e+00 +(7e-03,2e-02) | 4.10e+01 |  3:2.2e-03  9:2.3e-02
  357 ,   3571 : 2.9655203532051e+00 +(2e-03,6e-03) | 4.11e+01 |  3:2.3e-03  9:2.5e-02
  358 ,   3581 : 2.9667807013270e+00 +(5e-03,2e-02) | 4.13e+01 |  3:2.6e-03  9:2.8e-02
  359 ,   3591 : 2.9559681270985e+00 +(2e-02,4e-02) | 4.00e+01 |  3:2.7e-03  9:2.9e-02
Iterat, #Fevals:   Function Value    (median,worst) |Axis Ratio|idx:Min SD idx:Max SD
  360 ,   3601 : 2.9649477374548e+00 +(3e-03,2e-02) | 3.80e+01 |  3:2.8e-03  9:3.1e-02
  361 ,   3611 : 2.9645899793987e+00 +(6e-03,2e-02) | 3.79e+01 |  3:3.1e-03  9:3.3e-02
  362 ,   3621 : 2.9650789510135e+00 +(4e-03,2e-02) | 3.78e+01 |  3:3.3e-03  9:3.4e-02
  363 ,   3631 : 2.9651370272064e+00 +(4e-03,3e-02) | 3.83e+01 |  3:3.2e-03  9:3.4e-02
  364 ,   3641 : 2.9648631307378e+00 +(4e-03,3e-02) | 3.77e+01 |  3:3.0e-03  9:3.1e-02
  365 ,   3651 : 2.9609475826283e+00 +(7e-03,2e-02) | 3.56e+01 |  3:3.2e-03  9:3.2e-02
  366 ,   3661 : 2.9631362624404e+00 +(9e-03,3e-02) | 3.55e+01 |  3:3.2e-03  9:3.2e-02
  367 ,   3671 : 2.9656523886585e+00 +(7e-03,2e-02) | 3.51e+01 |  3:3.0e-03  9:2.9e-02
  368 ,   3681 : 2.9637174638316e+00 +(8e-03,3e-02) | 3.47e+01 |  3:2.6e-03  9:2.5e-02
  369 ,   3691 : 2.9610020883769e+00 +(1e-02,2e-02) | 3.46e+01 |  3:2.5e-03  9:2.3e-02
Iterat, #Fevals:   Function Value    (median,worst) |Axis Ratio|idx:Min SD idx:Max SD
  370 ,   3701 : 2.9669784956978e+00 +(8e-03,1e-02) | 3.49e+01 |  3:2.1e-03  9:2.0e-02
  371 ,   3711 : 2.9617234647592e+00 +(6e-03,2e-02) | 3.50e+01 |  3:2.2e-03  9:2.0e-02
  372 ,   3721 : 2.9622155405467e+00 +(5e-03,2e-02) | 3.54e+01 |  3:2.2e-03  9:1.9e-02
  373 ,   3731 : 2.9654723059596e+00 +(4e-03,1e-02) | 3.66e+01 |  3:2.3e-03  9:2.0e-02
  374 ,   3741 : 2.9655068812522e+00 +(2e-03,7e-03) | 3.71e+01 |  3:2.0e-03  9:1.8e-02
  375 ,   3751 : 2.9639466505901e+00 +(8e-03,1e-02) | 3.65e+01 |  3:1.9e-03  9:1.7e-02
  376 ,   3761 : 2.9641128355939e+00 +(2e-03,1e-02) | 3.67e+01 |  3:1.8e-03  9:1.6e-02
  377 ,   3771 : 2.9610241599128e+00 +(8e-03,2e-02) | 3.86e+01 |  3:1.9e-03  9:1.7e-02
  378 ,   3781 : 2.9644875167526e+00 +(3e-03,9e-03) | 3.84e+01 |  3:1.9e-03  9:1.8e-02
  379 ,   3791 : 2.9649691658301e+00 +(2e-03,1e-02) | 3.87e+01 |  3:1.8e-03  9:1.7e-02
Iterat, #Fevals:   Function Value    (median,worst) |Axis Ratio|idx:Min SD idx:Max SD
  380 ,   3801 : 2.9604002886970e+00 +(6e-03,2e-02) | 3.84e+01 |  3:1.6e-03  9:1.5e-02
  381 ,   3811 : 2.9659098466351e+00 +(3e-03,8e-03) | 3.98e+01 |  3:1.5e-03  9:1.4e-02
  382 ,   3821 : 2.9647613500109e+00 +(4e-03,1e-02) | 4.02e+01 |  3:1.4e-03  9:1.3e-02
  383 ,   3831 : 2.9611420590910e+00 +(6e-03,1e-02) | 4.10e+01 |  3:1.4e-03  9:1.4e-02
  384 ,   3841 : 2.9625046858705e+00 +(4e-03,2e-02) | 4.14e+01 |  3:1.7e-03  9:1.6e-02
  385 ,   3851 : 2.9650951654863e+00 +(9e-04,1e-02) | 4.03e+01 |  3:1.9e-03  9:1.7e-02
  386 ,   3861 : 2.9650725320473e+00 +(8e-03,1e-02) | 4.01e+01 |  3:1.8e-03  9:1.6e-02
  387 ,   3871 : 2.9587790570167e+00 +(7e-03,3e-02) | 3.95e+01 |  3:1.8e-03  9:1.5e-02
  388 ,   3881 : 2.9585826183303e+00 +(8e-03,2e-02) | 3.68e+01 |  3:1.9e-03  9:1.6e-02
  389 ,   3891 : 2.9604191748412e+00 +(1e-02,2e-02) | 3.61e+01 |  3:1.8e-03  9:1.6e-02
Iterat, #Fevals:   Function Value    (median,worst) |Axis Ratio|idx:Min SD idx:Max SD
  390 ,   3901 : 2.9647714546751e+00 +(1e-02,3e-02) | 3.60e+01 |  3:1.6e-03  9:1.4e-02
  391 ,   3911 : 2.9645788999986e+00 +(2e-03,2e-02) | 3.63e+01 |  3:1.6e-03  9:1.3e-02
  392 ,   3921 : 2.9588380602740e+00 +(7e-03,3e-02) | 3.65e+01 |  3:1.5e-03  9:1.3e-02
  393 ,   3931 : 2.9647867998891e+00 +(4e-03,1e-02) | 3.70e+01 |  3:1.4e-03  9:1.2e-02
  394 ,   3941 : 2.9604075329699e+00 +(6e-03,2e-02) | 3.78e+01 |  3:1.4e-03  9:1.2e-02
  395 ,   3951 : 2.9627592962553e+00 +(5e-03,2e-02) | 3.79e+01 |  3:1.3e-03  9:1.1e-02
  396 ,   3961 : 2.9653392841410e+00 +(7e-03,1e-02) | 3.86e+01 |  3:1.2e-03  9:1.0e-02
  397 ,   3971 : 2.9615317820819e+00 +(1e-02,3e-02) | 3.90e+01 |  3:1.1e-03  9:9.8e-03
  398 ,   3981 : 2.9592325582313e+00 +(7e-03,3e-02) | 3.87e+01 |  3:1.1e-03  9:9.2e-03
  399 ,   3991 : 2.9592921834502e+00 +(8e-03,1e-02) | 3.74e+01 |  3:9.9e-04  9:8.5e-03
Iterat, #Fevals:   Function Value    (median,worst) |Axis Ratio|idx:Min SD idx:Max SD
  400 ,   4001 : 2.9641683808829e+00 +(3e-03,1e-02) | 3.83e+01 |  3:9.9e-04  9:8.3e-03
  401 ,   4011 : 2.9588862031182e+00 +(8e-03,2e-02) | 3.88e+01 |  3:1.0e-03  9:8.2e-03
  402 ,   4021 : 2.9647172078979e+00 +(8e-03,2e-02) | 3.92e+01 |  3:9.3e-04  9:7.6e-03
  403 ,   4031 : 2.9594733706882e+00 +(7e-03,2e-02) | 3.95e+01 |  3:9.5e-04  9:7.7e-03
  404 ,   4041 : 2.9617570149664e+00 +(5e-03,1e-02) | 3.99e+01 |  3:9.4e-04  9:7.6e-03
  405 ,   4051 : 2.9613301160631e+00 +(6e-03,1e-02) | 4.08e+01 |  3:8.6e-04  9:7.0e-03
  406 ,   4061 : 2.9605908964641e+00 +(7e-03,1e-02) | 4.13e+01 |  3:8.5e-04  9:6.8e-03
  407 ,   4071 : 2.9611364447691e+00 +(9e-03,2e-02) | 4.18e+01 |  3:8.3e-04  9:6.9e-03
  408 ,   4081 : 2.9609500551761e+00 +(1e-02,1e-02) | 4.21e+01 |  3:8.1e-04  9:6.8e-03
  409 ,   4091 : 2.9655532085490e+00 +(7e-03,1e-02) | 4.50e+01 |  3:9.0e-04  9:7.7e-03
Iterat, #Fevals:   Function Value    (median,worst) |Axis Ratio|idx:Min SD idx:Max SD
  410 ,   4101 : 2.9665405543764e+00 +(2e-03,9e-03) | 4.91e+01 |  3:9.3e-04  9:8.7e-03
  411 ,   4111 : 2.9618015128601e+00 +(6e-03,2e-02) | 4.96e+01 |  3:9.7e-04  9:9.0e-03
  412 ,   4121 : 2.9654180527590e+00 +(3e-03,2e-02) | 4.98e+01 |  3:9.9e-04  9:9.1e-03
  413 ,   4131 : 2.9650364413557e+00 +(1e-03,1e-02) | 4.88e+01 |  3:9.1e-04  9:8.3e-03
  414 ,   4141 : 2.9655044335607e+00 +(2e-03,2e-02) | 4.88e+01 |  3:8.5e-04  9:7.8e-03
  415 ,   4151 : 2.9642680390783e+00 +(2e-03,1e-02) | 4.78e+01 |  3:8.7e-04  9:8.4e-03
  416 ,   4161 : 2.9603133404610e+00 +(5e-03,1e-02) | 4.76e+01 |  3:8.6e-04  9:8.3e-03
  417 ,   4171 : 2.9638687502508e+00 +(7e-03,2e-02) | 4.74e+01 |  3:9.0e-04  9:8.4e-03
  418 ,   4181 : 2.9645071009485e+00 +(1e-03,1e-02) | 4.70e+01 |  3:1.0e-03  9:9.2e-03
  419 ,   4191 : 2.9618269114365e+00 +(4e-03,2e-02) | 4.72e+01 |  3:1.0e-03  9:9.4e-03
Iterat, #Fevals:   Function Value    (median,worst) |Axis Ratio|idx:Min SD idx:Max SD
  420 ,   4201 : 2.9620226698020e+00 +(3e-03,2e-02) | 4.69e+01 |  3:1.0e-03  9:9.1e-03
  421 ,   4211 : 2.9601185187161e+00 +(5e-03,2e-02) | 4.71e+01 |  3:1.0e-03  9:9.0e-03
  422 ,   4221 : 2.9639179363886e+00 +(2e-03,2e-02) | 4.63e+01 |  3:1.0e-03  9:8.5e-03
  423 ,   4231 : 2.9640805304735e+00 +(5e-03,1e-02) | 4.70e+01 |  3:1.0e-03  9:8.9e-03
  424 ,   4241 : 2.9609698553520e+00 +(4e-03,7e-03) | 4.59e+01 |  3:1.1e-03  9:9.3e-03
  425 ,   4251 : 2.9607991630749e+00 +(5e-03,1e-02) | 4.52e+01 |  3:1.2e-03  9:9.9e-03
  426 ,   4261 : 2.9598901417997e+00 +(6e-03,2e-02) | 4.57e+01 |  3:1.3e-03  9:1.1e-02
  427 ,   4271 : 2.9657335067312e+00 +(6e-03,1e-02) | 4.63e+01 |  3:1.3e-03  9:1.1e-02
  428 ,   4281 : 2.9549809062663e+00 +(1e-02,2e-02) | 4.67e+01 |  3:1.4e-03  9:1.1e-02
  429 ,   4291 : 2.9610337539451e+00 +(6e-03,1e-02) | 4.66e+01 |  3:1.3e-03  9:1.1e-02
Iterat, #Fevals:   Function Value    (median,worst) |Axis Ratio|idx:Min SD idx:Max SD
  430 ,   4301 : 2.9643839275909e+00 +(5e-03,1e-02) | 4.60e+01 |  3:1.3e-03  9:1.1e-02
  431 ,   4311 : 2.9588156135509e+00 +(8e-03,3e-02) | 4.58e+01 |  3:1.2e-03  9:1.0e-02
  432 ,   4321 : 2.9583597141622e+00 +(1e-02,3e-02) | 4.62e+01 |  3:1.2e-03  9:1.0e-02
  433 ,   4331 : 2.9612173195332e+00 +(5e-03,1e-02) | 4.70e+01 |  3:1.2e-03  9:1.0e-02
  434 ,   4341 : 2.9646273844186e+00 +(2e-03,2e-02) | 4.76e+01 |  3:1.3e-03  9:1.1e-02
  435 ,   4351 : 2.9599664130424e+00 +(5e-03,1e-02) | 4.54e+01 |  3:1.4e-03  9:1.1e-02
  436 ,   4361 : 2.9625591101076e+00 +(3e-03,2e-02) | 4.48e+01 |  3:1.4e-03  9:1.1e-02
  437 ,   4371 : 2.9615618690433e+00 +(8e-03,2e-02) | 4.44e+01 |  3:1.5e-03  9:1.1e-02
  438 ,   4381 : 2.9604416382378e+00 +(6e-03,2e-02) | 4.32e+01 |  3:1.4e-03  9:1.0e-02
  439 ,   4391 : 2.9549539152183e+00 +(1e-02,3e-02) | 4.32e+01 |  2:1.5e-03  9:1.0e-02
Iterat, #Fevals:   Function Value    (median,worst) |Axis Ratio|idx:Min SD idx:Max SD
  440 ,   4401 : 2.9649534982272e+00 +(3e-03,2e-02) | 4.42e+01 |  2:1.6e-03  9:1.1e-02
  441 ,   4411 : 2.9605226210990e+00 +(5e-03,1e-02) | 4.49e+01 |  2:1.5e-03  9:1.1e-02
  442 ,   4421 : 2.9605326907471e+00 +(6e-03,1e-02) | 4.45e+01 |  2:1.6e-03  9:1.1e-02
  443 ,   4431 : 2.9626105493499e+00 +(3e-03,2e-02) | 4.46e+01 |  2:1.7e-03  9:1.2e-02
  444 ,   4441 : 2.9607601410088e+00 +(6e-03,1e-02) | 4.69e+01 |  2:1.7e-03  9:1.2e-02
  445 ,   4451 : 2.9586988958616e+00 +(7e-03,1e-02) | 4.76e+01 |  2:1.5e-03  9:1.1e-02
  446 ,   4461 : 2.9606741629629e+00 +(5e-03,7e-03) | 4.80e+01 |  2:1.4e-03  9:1.0e-02
  447 ,   4471 : 2.9610473782558e+00 +(5e-03,2e-02) | 5.00e+01 |  2:1.5e-03  9:1.2e-02
  448 ,   4481 : 2.9620327093668e+00 +(5e-03,2e-02) | 5.13e+01 |  2:1.6e-03  9:1.2e-02
  449 ,   4491 : 2.9611436570317e+00 +(1e-02,2e-02) | 4.92e+01 |  2:1.8e-03  9:1.4e-02
Iterat, #Fevals:   Function Value    (median,worst) |Axis Ratio|idx:Min SD idx:Max SD
  450 ,   4501 : 2.9624064939914e+00 +(4e-03,3e-02) | 4.79e+01 |  2:1.8e-03  9:1.4e-02
  451 ,   4511 : 2.9611138020085e+00 +(8e-03,2e-02) | 4.77e+01 |  2:1.9e-03  9:1.5e-02
  452 ,   4521 : 2.9604996396152e+00 +(6e-03,1e-02) | 4.75e+01 |  2:1.9e-03  9:1.5e-02
  453 ,   4531 : 2.9609332861270e+00 +(9e-03,2e-02) | 4.75e+01 |  2:1.7e-03  9:1.3e-02
  454 ,   4541 : 2.9614732998794e+00 +(6e-03,1e-02) | 4.66e+01 |  2:1.7e-03  9:1.3e-02
  455 ,   4551 : 2.9628717824929e+00 +(5e-03,2e-02) | 4.46e+01 |  2:1.8e-03  9:1.4e-02
  456 ,   4561 : 2.9611903825977e+00 +(5e-03,1e-02) | 4.45e+01 |  2:1.8e-03  9:1.4e-02
  457 ,   4571 : 2.9609553636937e+00 +(6e-03,1e-02) | 4.44e+01 |  2:1.6e-03  9:1.2e-02
  458 ,   4581 : 2.9627166183994e+00 +(7e-03,2e-02) | 4.48e+01 |  2:1.5e-03  9:1.1e-02
  459 ,   4591 : 2.9620409781621e+00 +(4e-03,1e-02) | 4.42e+01 |  2:1.4e-03  9:1.1e-02
Iterat, #Fevals:   Function Value    (median,worst) |Axis Ratio|idx:Min SD idx:Max SD
  460 ,   4601 : 2.9633829607041e+00 +(3e-03,2e-02) | 4.42e+01 |  2:1.3e-03  9:1.0e-02
  461 ,   4611 : 2.9623824377630e+00 +(4e-03,2e-02) | 4.30e+01 |  2:1.3e-03  9:9.8e-03
  462 ,   4621 : 2.9655520816259e+00 +(4e-04,5e-03) | 4.24e+01 |  2:1.3e-03  9:9.9e-03
  463 ,   4631 : 2.9640936595123e+00 +(4e-03,2e-02) | 4.20e+01 |  2:1.4e-03  9:1.0e-02
  464 ,   4641 : 2.9618189923343e+00 +(6e-03,2e-02) | 4.19e+01 |  2:1.4e-03  9:1.0e-02
  465 ,   4651 : 2.9650074969642e+00 +(3e-03,2e-02) | 4.20e+01 |  2:1.4e-03  9:1.1e-02
  466 ,   4661 : 2.9603400813864e+00 +(1e-02,3e-02) | 4.15e+01 |  2:1.5e-03  9:1.1e-02
  467 ,   4671 : 2.9619657764332e+00 +(5e-03,2e-02) | 4.14e+01 |  2:1.5e-03  9:1.2e-02
  468 ,   4681 : 2.9617897084589e+00 +(5e-03,2e-02) | 4.04e+01 |  2:1.6e-03  9:1.2e-02
  469 ,   4691 : 2.9644965548657e+00 +(2e-03,6e-03) | 3.95e+01 |  2:1.4e-03  9:1.1e-02
Iterat, #Fevals:   Function Value    (median,worst) |Axis Ratio|idx:Min SD idx:Max SD
  470 ,   4701 : 2.9631417811855e+00 +(4e-03,1e-02) | 3.93e+01 |  2:1.4e-03  9:1.0e-02
  471 ,   4711 : 2.9625913984672e+00 +(4e-03,2e-02) | 3.95e+01 |  2:1.3e-03  9:9.4e-03
  472 ,   4721 : 2.9658958352986e+00 +(1e-03,1e-02) | 3.89e+01 |  2:1.4e-03  9:9.7e-03
  473 ,   4731 : 2.9609017197193e+00 +(7e-03,2e-02) | 3.87e+01 |  2:1.5e-03  9:9.9e-03
  474 ,   4741 : 2.9625465430464e+00 +(4e-03,2e-02) | 3.86e+01 |  2:1.5e-03  9:1.0e-02
  475 ,   4751 : 2.9564159226240e+00 +(8e-03,1e-02) | 3.98e+01 |  2:1.5e-03  9:1.0e-02
  476 ,   4761 : 2.9625871192083e+00 +(5e-03,2e-02) | 4.11e+01 |  2:1.4e-03  9:1.0e-02
  477 ,   4771 : 2.9609645562724e+00 +(6e-03,2e-02) | 4.11e+01 |  2:1.5e-03  9:1.0e-02
  478 ,   4781 : 2.9560744189255e+00 +(1e-02,3e-02) | 4.10e+01 |  2:1.4e-03  9:9.8e-03
  479 ,   4791 : 2.9625265386088e+00 +(5e-03,1e-02) | 4.10e+01 |  2:1.5e-03  9:1.0e-02
Iterat, #Fevals:   Function Value    (median,worst) |Axis Ratio|idx:Min SD idx:Max SD
  480 ,   4801 : 2.9620179030217e+00 +(5e-03,2e-02) | 4.11e+01 |  2:1.5e-03  9:1.1e-02
  481 ,   4811 : 2.9612929506742e+00 +(6e-03,3e-02) | 4.14e+01 |  2:1.5e-03  9:1.0e-02
  482 ,   4821 : 2.9624265089827e+00 +(6e-03,2e-02) | 4.15e+01 |  2:1.4e-03  9:9.3e-03
  483 ,   4831 : 2.9607212818544e+00 +(5e-03,1e-02) | 4.15e+01 |  2:1.3e-03  5:8.9e-03
  484 ,   4841 : 2.9635713976253e+00 +(5e-03,2e-02) | 4.09e+01 |  2:1.4e-03  9:9.5e-03
  485 ,   4851 : 2.9624832410378e+00 +(6e-03,2e-02) | 4.01e+01 |  2:1.6e-03  9:1.0e-02
  486 ,   4861 : 2.9660225641096e+00 +(3e-03,1e-02) | 3.98e+01 |  2:1.6e-03  9:1.0e-02
  487 ,   4871 : 2.9640496900587e+00 +(2e-03,4e-03) | 4.13e+01 |  2:1.7e-03  9:1.1e-02
  488 ,   4881 : 2.9582394793498e+00 +(9e-03,3e-02) | 4.12e+01 |  2:1.6e-03  9:1.1e-02
  489 ,   4891 : 2.9621265767260e+00 +(5e-03,1e-02) | 4.09e+01 |  2:1.4e-03  9:9.1e-03
Iterat, #Fevals:   Function Value    (median,worst) |Axis Ratio|idx:Min SD idx:Max SD
  490 ,   4901 : 2.9629972239607e+00 +(4e-03,1e-02) | 4.12e+01 |  2:1.3e-03  9:9.0e-03
  491 ,   4911 : 2.9637320835289e+00 +(4e-03,2e-02) | 4.14e+01 |  2:1.3e-03  9:8.7e-03
  492 ,   4921 : 2.9600134474278e+00 +(7e-03,9e-03) | 4.17e+01 |  2:1.3e-03  9:8.7e-03
  493 ,   4931 : 2.9567023617498e+00 +(1e-02,2e-02) | 4.15e+01 |  2:1.2e-03  9:8.0e-03
  494 ,   4941 : 2.9612170741571e+00 +(6e-03,1e-02) | 4.24e+01 |  2:1.2e-03  9:7.7e-03
  495 ,   4951 : 2.9614112364526e+00 +(5e-03,1e-02) | 4.32e+01 |  2:1.2e-03  9:7.6e-03
  496 ,   4961 : 2.9602004039955e+00 +(5e-03,8e-03) | 4.36e+01 |  2:1.2e-03  9:7.1e-03
  497 ,   4971 : 2.9616067730121e+00 +(5e-03,2e-02) | 4.41e+01 |  3:1.2e-03  9:7.0e-03
  498 ,   4981 : 2.9612381534123e+00 +(3e-03,7e-03) | 4.46e+01 |  3:1.2e-03  9:7.0e-03
  499 ,   4991 : 2.9611550437666e+00 +(5e-03,1e-02) | 4.51e+01 |  3:1.1e-03  9:6.7e-03
Iterat, #Fevals:   Function Value    (median,worst) |Axis Ratio|idx:Min SD idx:Max SD
  500 ,   5001 : 2.9569541553181e+00 +(1e-02,2e-02) | 4.54e+01 |  3:1.0e-03  9:6.1e-03
  501 ,   5011 : 2.9598827531044e+00 +(6e-03,2e-02) | 4.80e+01 |  3:1.0e-03  9:6.7e-03
  502 ,   5021 : 2.9610477793093e+00 +(4e-03,2e-02) | 4.97e+01 |  3:1.1e-03  9:6.8e-03
  503 ,   5031 : 2.9614578581107e+00 +(2e-03,2e-02) | 4.95e+01 |  3:1.1e-03  9:7.1e-03
  504 ,   5041 : 2.9540567742747e+00 +(1e-02,2e-02) | 4.92e+01 |  3:1.0e-03  9:6.5e-03
  505 ,   5051 : 2.9603070186742e+00 +(6e-03,3e-02) | 4.88e+01 |  3:1.0e-03  9:6.4e-03
  506 ,   5061 : 2.9612873918499e+00 +(5e-03,1e-02) | 4.91e+01 |  3:9.6e-04  9:6.1e-03
  507 ,   5071 : 2.9611226719041e+00 +(3e-03,1e-02) | 4.89e+01 |  3:9.7e-04  9:6.3e-03
  508 ,   5081 : 2.9610887202766e+00 +(4e-03,1e-02) | 5.00e+01 |  3:9.0e-04  9:5.8e-03
  509 ,   5091 : 2.9610857484520e+00 +(6e-03,2e-02) | 4.99e+01 |  3:8.4e-04  9:5.5e-03
Iterat, #Fevals:   Function Value    (median,worst) |Axis Ratio|idx:Min SD idx:Max SD
  510 ,   5101 : 2.9611596932518e+00 +(4e-03,1e-02) | 4.88e+01 |  3:8.0e-04  9:5.1e-03
  511 ,   5111 : 2.9608400057365e+00 +(5e-03,2e-02) | 4.89e+01 |  3:7.5e-04  9:4.7e-03
  512 ,   5121 : 2.9610957190423e+00 +(6e-03,1e-02) | 4.95e+01 |  3:6.8e-04  9:4.3e-03
  513 ,   5131 : 2.9608336231727e+00 +(5e-03,2e-02) | 4.97e+01 |  3:6.5e-04  9:4.1e-03
  514 ,   5141 : 2.9649242058100e+00 +(2e-03,1e-02) | 4.77e+01 |  3:6.2e-04  9:4.0e-03
  515 ,   5151 : 2.9600375777184e+00 +(6e-03,1e-02) | 4.76e+01 |  3:6.2e-04  9:4.1e-03
  516 ,   5161 : 2.9619384930126e+00 +(5e-03,2e-02) | 4.60e+01 |  3:6.4e-04  9:4.3e-03
  517 ,   5171 : 2.9601247370587e+00 +(6e-03,1e-02) | 4.63e+01 |  3:6.5e-04  9:4.2e-03
  518 ,   5181 : 2.9616333767473e+00 +(4e-03,2e-02) | 4.67e+01 |  3:6.2e-04  9:4.0e-03
  519 ,   5191 : 2.9628354366497e+00 +(3e-03,2e-02) | 4.93e+01 |  3:6.7e-04  9:4.5e-03
Iterat, #Fevals:   Function Value    (median,worst) |Axis Ratio|idx:Min SD idx:Max SD
  520 ,   5201 : 2.9608934456172e+00 +(8e-04,1e-02) | 4.96e+01 |  3:6.4e-04  9:4.3e-03
  521 ,   5211 : 2.9581225643863e+00 +(9e-03,2e-02) | 4.94e+01 |  3:6.1e-04  9:4.2e-03
  522 ,   5221 : 2.9612101598208e+00 +(5e-03,1e-02) | 4.91e+01 |  3:5.7e-04  9:4.0e-03
  523 ,   5231 : 2.9554635754231e+00 +(1e-02,3e-02) | 4.95e+01 |  3:6.1e-04  9:4.1e-03
  524 ,   5241 : 2.9647349236196e+00 +(1e-03,2e-03) | 4.97e+01 |  3:6.8e-04  9:4.4e-03
  525 ,   5251 : 2.9643469272461e+00 +(2e-03,2e-02) | 5.03e+01 |  3:7.5e-04  9:4.9e-03
  526 ,   5261 : 2.9562949066409e+00 +(1e-02,2e-02) | 5.26e+01 |  3:8.0e-04  9:5.4e-03
  527 ,   5271 : 2.9615031437444e+00 +(4e-03,2e-02) | 5.35e+01 |  3:9.0e-04  9:6.0e-03
  528 ,   5281 : 2.9610044908795e+00 +(5e-03,1e-02) | 5.38e+01 |  3:9.4e-04  9:6.2e-03
  529 ,   5291 : 2.9608608093225e+00 +(4e-03,6e-03) | 5.57e+01 |  3:9.8e-04  9:6.3e-03
Iterat, #Fevals:   Function Value    (median,worst) |Axis Ratio|idx:Min SD idx:Max SD
  530 ,   5301 : 2.9609704218450e+00 +(5e-03,2e-02) | 5.47e+01 |  3:9.8e-04  9:6.2e-03
  531 ,   5311 : 2.9652381168491e+00 +(1e-03,2e-02) | 5.33e+01 |  3:1.0e-03  9:6.5e-03
  532 ,   5321 : 2.9616696851939e+00 +(5e-03,1e-02) | 5.26e+01 |  3:1.0e-03  9:6.2e-03
  533 ,   5331 : 2.9632146807248e+00 +(3e-03,2e-02) | 5.24e+01 |  3:9.7e-04  9:6.1e-03
  534 ,   5341 : 2.9614147131876e+00 +(5e-03,1e-02) | 5.25e+01 |  3:9.2e-04  9:5.7e-03
  535 ,   5351 : 2.9612348577078e+00 +(6e-03,1e-02) | 5.34e+01 |  3:9.0e-04  9:5.5e-03
  536 ,   5361 : 2.9612648511892e+00 +(5e-03,2e-02) | 5.35e+01 |  3:8.8e-04  5:5.4e-03
  537 ,   5371 : 2.9617378917961e+00 +(5e-03,2e-02) | 5.50e+01 |  3:9.1e-04  5:5.8e-03
  538 ,   5381 : 2.9616272283743e+00 +(5e-03,2e-02) | 5.63e+01 |  3:9.0e-04  5:5.8e-03
  539 ,   5391 : 2.9618947178220e+00 +(6e-03,2e-02) | 5.55e+01 |  3:9.4e-04  5:6.0e-03
Iterat, #Fevals:   Function Value    (median,worst) |Axis Ratio|idx:Min SD idx:Max SD
  540 ,   5401 : 2.9567379853532e+00 +(9e-03,3e-02) | 5.63e+01 |  3:8.6e-04  5:5.5e-03
  541 ,   5411 : 2.9604251115907e+00 +(7e-03,2e-02) | 5.56e+01 |  3:8.6e-04  5:5.4e-03
  542 ,   5421 : 2.9618350567570e+00 +(5e-03,2e-02) | 5.57e+01 |  3:8.0e-04  5:5.1e-03
  543 ,   5431 : 2.9660096896727e+00 +(8e-04,2e-02) | 5.53e+01 |  3:8.1e-04  5:5.2e-03
  544 ,   5441 : 2.9609671483392e+00 +(5e-03,2e-02) | 5.78e+01 |  3:8.6e-04  5:5.5e-03
  545 ,   5451 : 2.9615470351608e+00 +(5e-03,8e-03) | 5.88e+01 |  3:8.6e-04  5:5.6e-03
  546 ,   5461 : 2.9611243400671e+00 +(6e-03,7e-03) | 5.89e+01 |  3:8.4e-04  5:5.5e-03
  547 ,   5471 : 2.9615090226022e+00 +(5e-03,1e-02) | 5.97e+01 |  3:8.1e-04  5:5.4e-03
  548 ,   5481 : 2.9569697685153e+00 +(1e-02,3e-02) | 5.89e+01 |  3:8.1e-04  5:5.2e-03
  549 ,   5491 : 2.9614693949792e+00 +(6e-03,2e-02) | 6.01e+01 |  3:7.6e-04  9:4.9e-03
Iterat, #Fevals:   Function Value    (median,worst) |Axis Ratio|idx:Min SD idx:Max SD
  550 ,   5501 : 2.9577803565583e+00 +(9e-03,2e-02) | 6.05e+01 |  3:7.6e-04  5:5.2e-03
  551 ,   5511 : 2.9606394135087e+00 +(6e-03,2e-02) | 6.07e+01 |  3:6.8e-04  5:4.7e-03
  552 ,   5521 : 2.9575902009911e+00 +(8e-03,2e-02) | 6.04e+01 |  3:6.6e-04  5:4.5e-03
  553 ,   5531 : 2.9599369220146e+00 +(7e-03,1e-02) | 6.04e+01 |  3:6.0e-04  5:4.2e-03
  554 ,   5541 : 2.9607071026199e+00 +(8e-03,2e-02) | 6.15e+01 |  3:5.4e-04  5:3.8e-03
  555 ,   5551 : 2.9624865957904e+00 +(4e-03,2e-02) | 6.04e+01 |  3:5.2e-04  5:3.7e-03
  556 ,   5561 : 2.9619027802998e+00 +(9e-03,2e-02) | 6.15e+01 |  3:5.1e-04  5:3.7e-03
  557 ,   5571 : 2.9612047391739e+00 +(5e-03,1e-02) | 6.09e+01 |  3:4.8e-04  5:3.4e-03
  558 ,   5581 : 2.9619242205038e+00 +(6e-03,2e-02) | 6.39e+01 |  3:4.4e-04  5:3.2e-03
  559 ,   5591 : 2.9616387146684e+00 +(5e-03,2e-02) | 6.67e+01 |  3:4.4e-04  5:3.3e-03
Iterat, #Fevals:   Function Value    (median,worst) |Axis Ratio|idx:Min SD idx:Max SD
  560 ,   5601 : 2.9607996875628e+00 +(4e-03,2e-02) | 6.59e+01 |  3:4.4e-04  5:3.2e-03
  561 ,   5611 : 2.9621847841463e+00 +(4e-03,2e-02) | 6.60e+01 |  3:4.6e-04  5:3.4e-03
  562 ,   5621 : 2.9608251016768e+00 +(3e-03,1e-02) | 6.40e+01 |  3:5.0e-04  5:3.6e-03
  563 ,   5631 : 2.9613348965892e+00 +(5e-03,2e-02) | 6.43e+01 |  3:5.3e-04  5:3.9e-03
  564 ,   5641 : 2.9653907615442e+00 +(2e-03,7e-03) | 6.52e+01 |  3:5.5e-04  5:4.0e-03
  565 ,   5651 : 2.9610677935566e+00 +(6e-03,2e-02) | 6.54e+01 |  3:5.6e-04  5:4.2e-03
  566 ,   5661 : 2.9610617419683e+00 +(5e-03,2e-02) | 6.56e+01 |  3:6.2e-04  5:4.6e-03
  567 ,   5671 : 2.9613707167911e+00 +(5e-03,1e-02) | 6.49e+01 |  3:6.3e-04  5:4.5e-03
  568 ,   5681 : 2.9622765447094e+00 +(4e-03,2e-02) | 6.62e+01 |  3:5.9e-04  5:4.5e-03
  569 ,   5691 : 2.9613381891083e+00 +(6e-03,2e-02) | 6.45e+01 |  3:5.5e-04  5:4.2e-03
Iterat, #Fevals:   Function Value    (median,worst) |Axis Ratio|idx:Min SD idx:Max SD
  570 ,   5701 : 2.9620975090847e+00 +(5e-03,2e-02) | 6.71e+01 |  3:5.0e-04  5:3.9e-03
  571 ,   5711 : 2.9616102644739e+00 +(5e-03,2e-02) | 6.73e+01 |  3:4.8e-04  5:3.8e-03
  572 ,   5721 : 2.9609932911518e+00 +(5e-03,2e-02) | 6.54e+01 |  3:5.5e-04  5:4.3e-03
  573 ,   5731 : 2.9612400984479e+00 +(5e-03,2e-02) | 6.49e+01 |  3:5.8e-04  5:4.4e-03
  574 ,   5741 : 2.9615399998482e+00 +(6e-03,2e-02) | 6.36e+01 |  3:5.8e-04  5:4.3e-03
  575 ,   5751 : 2.9626733919404e+00 +(3e-03,2e-02) | 6.41e+01 |  3:5.8e-04  5:4.3e-03
  576 ,   5761 : 2.9597355740670e+00 +(8e-03,2e-02) | 6.46e+01 |  3:6.4e-04  5:4.5e-03
  577 ,   5771 : 2.9611939396298e+00 +(5e-03,2e-02) | 6.35e+01 |  3:6.0e-04  5:4.1e-03
  578 ,   5781 : 2.9562336990073e+00 +(1e-02,3e-02) | 6.60e+01 |  3:5.9e-04  5:4.2e-03
  579 ,   5791 : 2.9609360369046e+00 +(5e-03,2e-02) | 6.58e+01 |  3:6.3e-04  5:4.3e-03
Iterat, #Fevals:   Function Value    (median,worst) |Axis Ratio|idx:Min SD idx:Max SD
  580 ,   5801 : 2.9609389252204e+00 +(5e-03,2e-02) | 6.63e+01 |  3:7.1e-04  5:4.7e-03
  581 ,   5811 : 2.9608394915595e+00 +(6e-03,2e-02) | 6.71e+01 |  3:7.4e-04  5:4.7e-03
  582 ,   5821 : 2.9609837957077e+00 +(6e-03,2e-02) | 6.75e+01 |  3:7.3e-04  5:4.6e-03
  583 ,   5831 : 2.9561956376715e+00 +(1e-02,2e-02) | 6.80e+01 |  3:7.5e-04  5:4.9e-03
  584 ,   5841 : 2.9608462568239e+00 +(6e-03,1e-02) | 6.81e+01 |  3:7.2e-04  5:4.8e-03
  585 ,   5851 : 2.9639136212052e+00 +(5e-03,1e-02) | 6.88e+01 |  3:6.9e-04  5:4.6e-03
  586 ,   5861 : 2.9621164995309e+00 +(4e-03,9e-03) | 6.87e+01 |  3:7.3e-04  5:4.6e-03
  587 ,   5871 : 2.9606479476051e+00 +(5e-03,1e-02) | 6.95e+01 |  3:7.5e-04  5:4.8e-03
  588 ,   5881 : 2.9569093145525e+00 +(7e-03,2e-02) | 6.96e+01 |  3:7.5e-04  5:4.8e-03
  589 ,   5891 : 2.9609318628272e+00 +(6e-03,2e-02) | 6.90e+01 |  3:6.8e-04  5:4.3e-03
Iterat, #Fevals:   Function Value    (median,worst) |Axis Ratio|idx:Min SD idx:Max SD
  590 ,   5901 : 2.9589726778962e+00 +(7e-03,2e-02) | 6.99e+01 |  3:7.5e-04  5:4.8e-03
  591 ,   5911 : 2.9612219276007e+00 +(5e-03,2e-02) | 7.13e+01 |  3:8.5e-04  5:5.5e-03
  592 ,   5921 : 2.9613513387125e+00 +(5e-03,1e-02) | 6.75e+01 |  3:8.7e-04  5:5.7e-03
  593 ,   5931 : 2.9605481659128e+00 +(6e-03,2e-02) | 6.83e+01 |  3:8.3e-04  5:5.5e-03
  594 ,   5941 : 2.9625812726188e+00 +(4e-03,1e-02) | 6.84e+01 |  3:9.0e-04  5:6.3e-03
  595 ,   5951 : 2.9615538401216e+00 +(5e-03,1e-02) | 6.86e+01 |  3:9.4e-04  5:6.5e-03
  596 ,   5961 : 2.9613880686022e+00 +(6e-03,1e-02) | 6.87e+01 |  3:8.2e-04  5:5.7e-03
  597 ,   5971 : 2.9642810759651e+00 +(3e-03,8e-03) | 7.20e+01 |  3:9.0e-04  5:6.3e-03
  598 ,   5981 : 2.9656130442692e+00 +(2e-03,2e-02) | 7.27e+01 |  3:9.0e-04  5:6.3e-03
  599 ,   5991 : 2.9615910391177e+00 +(5e-03,1e-02) | 7.22e+01 |  3:9.1e-04  5:6.3e-03
Iterat, #Fevals:   Function Value    (median,worst) |Axis Ratio|idx:Min SD idx:Max SD
  600 ,   6001 : 2.9607914255027e+00 +(5e-03,2e-02) | 7.24e+01 |  3:9.0e-04  9:6.2e-03
  601 ,   6011 : 2.9593340134775e+00 +(4e-03,1e-02) | 7.11e+01 |  3:9.2e-04  9:6.6e-03
  602 ,   6021 : 2.9615852732293e+00 +(4e-03,8e-03) | 7.16e+01 |  2:9.2e-04  9:6.3e-03
  603 ,   6031 : 2.9561231248555e+00 +(1e-02,2e-02) | 7.03e+01 |  2:9.2e-04  9:6.4e-03
  604 ,   6041 : 2.9614379760453e+00 +(6e-03,2e-02) | 6.91e+01 |  3:1.0e-03  9:6.9e-03
  605 ,   6051 : 2.9585090441916e+00 +(8e-03,1e-02) | 6.93e+01 |  3:1.0e-03  9:7.2e-03
  606 ,   6061 : 2.9628017661621e+00 +(4e-03,2e-02) | 7.17e+01 |  2:1.1e-03  9:7.9e-03
  607 ,   6071 : 2.9614694044679e+00 +(8e-03,2e-02) | 7.66e+01 |  3:1.2e-03  9:8.7e-03
  608 ,   6081 : 2.9622251202729e+00 +(5e-03,2e-02) | 7.87e+01 |  2:1.3e-03  9:9.3e-03
  609 ,   6091 : 2.9608660640067e+00 +(6e-03,2e-02) | 8.23e+01 |  2:1.3e-03  9:9.7e-03
Iterat, #Fevals:   Function Value    (median,worst) |Axis Ratio|idx:Min SD idx:Max SD
  610 ,   6101 : 2.9608069016832e+00 +(5e-03,2e-02) | 8.29e+01 |  2:1.3e-03  9:9.9e-03
  611 ,   6111 : 2.9582573345492e+00 +(1e-02,2e-02) | 8.19e+01 |  2:1.3e-03  9:9.6e-03
  612 ,   6121 : 2.9610949875428e+00 +(7e-03,1e-02) | 8.20e+01 |  2:1.4e-03  9:1.0e-02
  613 ,   6131 : 2.9620068083876e+00 +(4e-03,1e-02) | 8.24e+01 |  2:1.4e-03  9:1.0e-02
  614 ,   6141 : 2.9558500975573e+00 +(1e-02,3e-02) | 8.21e+01 |  2:1.4e-03  9:9.5e-03
  615 ,   6151 : 2.9625181027015e+00 +(3e-03,6e-03) | 8.26e+01 |  2:1.3e-03  9:9.1e-03
  616 ,   6161 : 2.9613249331536e+00 +(8e-03,2e-02) | 8.25e+01 |  2:1.2e-03  9:8.4e-03
  617 ,   6171 : 2.9627106533610e+00 +(4e-03,5e-03) | 8.31e+01 |  3:1.3e-03  9:8.5e-03
  618 ,   6181 : 2.9592452492198e+00 +(7e-03,2e-02) | 8.31e+01 |  2:1.2e-03  9:8.1e-03
  619 ,   6191 : 2.9631607237691e+00 +(5e-03,2e-02) | 8.44e+01 |  3:1.2e-03  8:7.9e-03
Iterat, #Fevals:   Function Value    (median,worst) |Axis Ratio|idx:Min SD idx:Max SD
  620 ,   6201 : 2.9564402196717e+00 +(9e-03,2e-02) | 8.25e+01 |  3:1.1e-03  8:7.5e-03
  621 ,   6211 : 2.9606669860162e+00 +(6e-03,2e-02) | 8.19e+01 |  2:1.1e-03  9:7.0e-03
  622 ,   6221 : 2.9603184131701e+00 +(5e-03,9e-03) | 8.30e+01 |  2:1.1e-03  9:6.9e-03
  623 ,   6231 : 2.9608604953847e+00 +(5e-03,1e-02) | 8.69e+01 |  2:1.2e-03  8:7.9e-03
  624 ,   6241 : 2.9607082203724e+00 +(5e-03,1e-02) | 8.87e+01 |  2:1.2e-03  8:8.1e-03
  625 ,   6251 : 2.9556002641218e+00 +(1e-02,2e-02) | 8.83e+01 |  2:1.3e-03  8:8.9e-03
  626 ,   6261 : 2.9606418023992e+00 +(5e-03,1e-02) | 8.93e+01 |  2:1.4e-03  8:1.0e-02
  627 ,   6271 : 2.9559580152874e+00 +(1e-02,2e-02) | 8.60e+01 |  2:1.5e-03  8:1.0e-02
  628 ,   6281 : 2.9608414238086e+00 +(6e-03,2e-02) | 8.16e+01 |  2:1.4e-03  8:9.9e-03
  629 ,   6291 : 2.9604383041918e+00 +(5e-03,2e-02) | 8.16e+01 |  2:1.3e-03  8:8.9e-03
Iterat, #Fevals:   Function Value    (median,worst) |Axis Ratio|idx:Min SD idx:Max SD
  630 ,   6301 : 2.9570317395820e+00 +(8e-03,3e-02) | 8.18e+01 |  2:1.2e-03  8:8.5e-03
  631 ,   6311 : 2.9606813286735e+00 +(6e-03,2e-02) | 8.15e+01 |  2:1.1e-03  8:7.5e-03
  632 ,   6321 : 2.9558834152806e+00 +(8e-03,2e-02) | 8.16e+01 |  2:9.9e-04  8:6.7e-03
  633 ,   6331 : 2.9634795556513e+00 +(2e-03,8e-03) | 8.13e+01 |  2:1.0e-03  8:6.7e-03
  634 ,   6341 : 2.9604436205842e+00 +(6e-03,2e-02) | 8.04e+01 |  2:9.6e-04  8:6.4e-03
  635 ,   6351 : 2.9612114789448e+00 +(5e-03,1e-02) | 7.98e+01 |  2:9.7e-04  8:6.4e-03
  636 ,   6361 : 2.9606128571139e+00 +(5e-03,7e-03) | 8.01e+01 |  2:8.9e-04  8:5.9e-03
  637 ,   6371 : 2.9547488725186e+00 +(1e-02,2e-02) | 8.01e+01 |  2:8.8e-04  8:5.7e-03
  638 ,   6381 : 2.9601901716370e+00 +(5e-03,1e-02) | 8.22e+01 |  3:9.7e-04  8:6.2e-03
  639 ,   6391 : 2.9652015190036e+00 +(4e-03,9e-03) | 7.91e+01 |  2:1.1e-03  8:7.6e-03
Iterat, #Fevals:   Function Value    (median,worst) |Axis Ratio|idx:Min SD idx:Max SD
  640 ,   6401 : 2.9566763134932e+00 +(9e-03,2e-02) | 8.22e+01 |  2:1.2e-03  8:8.3e-03
  641 ,   6411 : 2.9614271838639e+00 +(5e-03,1e-02) | 8.17e+01 |  2:1.2e-03  8:8.4e-03
  642 ,   6421 : 2.9619366813789e+00 +(4e-03,1e-02) | 8.02e+01 |  2:1.2e-03  8:8.2e-03
  643 ,   6431 : 2.9655445037677e+00 +(5e-03,2e-02) | 7.91e+01 |  2:1.2e-03  8:8.2e-03
  644 ,   6441 : 2.9611913256301e+00 +(6e-03,2e-02) | 8.02e+01 |  2:1.2e-03  8:8.4e-03
  645 ,   6451 : 2.9609836764981e+00 +(5e-03,2e-02) | 8.03e+01 |  2:1.1e-03  8:7.5e-03
  646 ,   6461 : 2.9593531906882e+00 +(8e-03,2e-02) | 8.13e+01 |  2:1.0e-03  8:7.4e-03
  647 ,   6471 : 2.9566682913956e+00 +(1e-02,2e-02) | 8.33e+01 |  2:9.8e-04  8:7.2e-03
  648 ,   6481 : 2.9611464809379e+00 +(5e-03,2e-02) | 8.61e+01 |  2:9.4e-04  8:7.0e-03
  649 ,   6491 : 2.9608153519489e+00 +(5e-03,2e-02) | 8.80e+01 |  2:8.5e-04  8:6.4e-03
Iterat, #Fevals:   Function Value    (median,worst) |Axis Ratio|idx:Min SD idx:Max SD
  650 ,   6501 : 2.9604660513643e+00 +(8e-03,1e-02) | 8.72e+01 |  2:7.3e-04  8:5.6e-03
  651 ,   6511 : 2.9553664969723e+00 +(1e-02,2e-02) | 8.72e+01 |  2:6.7e-04  8:5.2e-03
  652 ,   6521 : 2.9544257679190e+00 +(1e-02,2e-02) | 8.83e+01 |  2:6.4e-04  8:5.0e-03
  653 ,   6531 : 2.9616811637207e+00 +(4e-03,2e-02) | 8.97e+01 |  2:5.6e-04  8:4.4e-03
  654 ,   6541 : 2.9606665511780e+00 +(5e-03,1e-02) | 8.98e+01 |  2:5.5e-04  8:4.4e-03
  655 ,   6551 : 2.9619683602378e+00 +(5e-03,1e-02) | 9.10e+01 |  2:5.3e-04  8:4.3e-03
  656 ,   6561 : 2.9604986129638e+00 +(6e-03,2e-02) | 9.32e+01 |  2:4.9e-04  8:4.1e-03
  657 ,   6571 : 2.9617621730116e+00 +(4e-03,1e-02) | 9.23e+01 |  2:5.0e-04  8:4.1e-03
  658 ,   6581 : 2.9606232249308e+00 +(6e-03,2e-02) | 9.13e+01 |  2:5.0e-04  8:4.0e-03
  659 ,   6591 : 2.9610983075513e+00 +(5e-03,2e-02) | 8.63e+01 |  2:5.4e-04  8:4.2e-03
Iterat, #Fevals:   Function Value    (median,worst) |Axis Ratio|idx:Min SD idx:Max SD
  660 ,   6601 : 2.9615031982811e+00 +(5e-03,1e-02) | 8.45e+01 |  2:5.6e-04  8:4.5e-03
  661 ,   6611 : 2.9578717541087e+00 +(3e-03,9e-03) | 8.46e+01 |  2:5.4e-04  8:4.3e-03
  662 ,   6621 : 2.9582491608599e+00 +(1e-02,2e-02) | 8.24e+01 |  2:5.5e-04  8:4.5e-03
  663 ,   6631 : 2.9614897958334e+00 +(7e-03,1e-02) | 8.16e+01 |  2:6.0e-04  8:4.8e-03
  664 ,   6641 : 2.9623446401491e+00 +(4e-03,9e-03) | 8.43e+01 |  2:6.1e-04  8:5.0e-03
  665 ,   6651 : 2.9606010856986e+00 +(5e-03,2e-02) | 8.73e+01 |  2:6.1e-04  8:5.2e-03
  666 ,   6661 : 2.9570615365076e+00 +(9e-03,2e-02) | 8.91e+01 |  2:6.1e-04  8:5.3e-03
  667 ,   6671 : 2.9616942349158e+00 +(7e-03,2e-02) | 8.46e+01 |  2:6.8e-04  8:6.1e-03
  668 ,   6681 : 2.9604321227358e+00 +(7e-03,2e-02) | 8.45e+01 |  2:7.5e-04  8:6.8e-03
  669 ,   6691 : 2.9616428846778e+00 +(5e-03,2e-02) | 8.53e+01 |  2:7.8e-04  8:7.1e-03
Iterat, #Fevals:   Function Value    (median,worst) |Axis Ratio|idx:Min SD idx:Max SD
  670 ,   6701 : 2.9603002579222e+00 +(6e-03,1e-02) | 8.54e+01 |  2:8.3e-04  8:7.5e-03
  671 ,   6711 : 2.9615510158290e+00 +(5e-03,1e-02) | 8.11e+01 |  2:8.5e-04  8:7.7e-03
  672 ,   6721 : 2.9672878710334e+00 +(6e-03,1e-02) | 7.74e+01 |  2:9.2e-04  8:8.4e-03
  673 ,   6731 : 2.9621034730417e+00 +(6e-03,2e-02) | 7.45e+01 |  2:9.7e-04  8:8.9e-03
  674 ,   6741 : 2.9608850096193e+00 +(7e-03,2e-02) | 7.36e+01 |  2:9.1e-04  8:8.3e-03
  675 ,   6751 : 2.9581261768895e+00 +(9e-03,2e-02) | 7.39e+01 |  2:9.1e-04  8:8.4e-03
  676 ,   6761 : 2.9607695167219e+00 +(5e-03,2e-02) | 7.38e+01 |  2:8.7e-04  8:8.0e-03
  677 ,   6771 : 2.9610902064191e+00 +(5e-03,1e-02) | 7.40e+01 |  2:8.6e-04  8:8.0e-03
  678 ,   6781 : 2.9606756731805e+00 +(7e-03,1e-02) | 7.42e+01 |  2:8.8e-04  8:8.0e-03
  679 ,   6791 : 2.9541053719923e+00 +(1e-02,2e-02) | 7.58e+01 |  2:8.4e-04  8:7.7e-03
Iterat, #Fevals:   Function Value    (median,worst) |Axis Ratio|idx:Min SD idx:Max SD
  680 ,   6801 : 2.9558734124808e+00 +(1e-02,2e-02) | 7.55e+01 |  2:7.8e-04  8:7.2e-03
  681 ,   6811 : 2.9622284832838e+00 +(4e-03,2e-02) | 7.46e+01 |  2:7.6e-04  8:6.8e-03
  682 ,   6821 : 2.9557910785251e+00 +(1e-02,3e-02) | 7.46e+01 |  2:7.6e-04  8:6.8e-03
  683 ,   6831 : 2.9597881891111e+00 +(6e-03,2e-02) | 7.47e+01 |  2:7.0e-04  8:6.2e-03
  684 ,   6841 : 2.9613401077300e+00 +(4e-03,2e-02) | 7.51e+01 |  2:6.6e-04  8:5.9e-03
  685 ,   6851 : 2.9649168839031e+00 +(1e-03,7e-03) | 7.46e+01 |  2:6.2e-04  8:5.4e-03
  686 ,   6861 : 2.9622077363918e+00 +(4e-03,2e-02) | 7.40e+01 |  2:5.6e-04  8:4.9e-03
  687 ,   6871 : 2.9639166568271e+00 +(2e-03,2e-02) | 7.21e+01 |  2:5.4e-04  8:4.7e-03
  688 ,   6881 : 2.9608681757401e+00 +(6e-03,2e-02) | 7.13e+01 |  2:4.7e-04  8:4.2e-03
  689 ,   6891 : 2.9606035252665e+00 +(5e-03,9e-03) | 7.15e+01 |  2:4.4e-04  9:3.9e-03
Iterat, #Fevals:   Function Value    (median,worst) |Axis Ratio|idx:Min SD idx:Max SD
  690 ,   6901 : 2.9606683283493e+00 +(5e-03,1e-02) | 7.13e+01 |  2:4.6e-04  9:4.1e-03
  691 ,   6911 : 2.9601500642454e+00 +(7e-03,2e-02) | 7.11e+01 |  2:4.5e-04  9:3.9e-03
  692 ,   6921 : 2.9597844208598e+00 +(7e-03,1e-02) | 7.12e+01 |  2:4.1e-04  9:3.6e-03
  693 ,   6931 : 2.9609315878943e+00 +(5e-03,2e-02) | 7.36e+01 |  2:3.8e-04  9:3.4e-03
  694 ,   6941 : 2.9558332925214e+00 +(1e-02,2e-02) | 7.22e+01 |  2:3.6e-04  9:3.2e-03
  695 ,   6951 : 2.9622232753143e+00 +(4e-03,1e-02) | 7.16e+01 |  2:3.4e-04  9:3.1e-03
  696 ,   6961 : 2.9596664406418e+00 +(6e-03,2e-02) | 7.13e+01 |  2:3.2e-04  9:2.8e-03
  697 ,   6971 : 2.9561729300530e+00 +(8e-03,3e-02) | 7.12e+01 |  2:3.1e-04  9:2.9e-03
  698 ,   6981 : 2.9598345664491e+00 +(6e-03,1e-02) | 7.42e+01 |  2:3.0e-04  9:2.8e-03
  699 ,   6991 : 2.9557133366378e+00 +(1e-02,2e-02) | 7.63e+01 |  2:2.7e-04  9:2.6e-03
Iterat, #Fevals:   Function Value    (median,worst) |Axis Ratio|idx:Min SD idx:Max SD
  700 ,   7001 : 2.9603397275950e+00 +(5e-03,1e-02) | 7.96e+01 |  2:2.7e-04  9:2.6e-03
  701 ,   7011 : 2.9602334050610e+00 +(6e-03,2e-02) | 7.89e+01 |  2:2.8e-04  9:2.6e-03
  702 ,   7021 : 2.9607956850855e+00 +(8e-03,2e-02) | 7.66e+01 |  2:2.8e-04  9:2.8e-03
  703 ,   7031 : 2.9541056715926e+00 +(1e-02,3e-02) | 7.58e+01 |  2:2.7e-04  9:2.7e-03
  704 ,   7041 : 2.9650606259065e+00 +(2e-03,8e-03) | 7.60e+01 |  2:2.7e-04  9:2.6e-03
  705 ,   7051 : 2.9610831016612e+00 +(5e-03,1e-02) | 7.64e+01 |  2:2.8e-04  9:2.7e-03
  706 ,   7061 : 2.9655552604799e+00 +(1e-03,8e-03) | 7.77e+01 |  2:2.8e-04  9:2.6e-03
  707 ,   7071 : 2.9591203455178e+00 +(6e-03,3e-02) | 7.69e+01 |  2:2.6e-04  9:2.5e-03
  708 ,   7081 : 2.9604953349608e+00 +(5e-03,2e-02) | 7.69e+01 |  2:2.9e-04  9:2.6e-03
  709 ,   7091 : 2.9595978007569e+00 +(5e-03,2e-02) | 7.55e+01 |  2:3.0e-04  9:2.7e-03
Iterat, #Fevals:   Function Value    (median,worst) |Axis Ratio|idx:Min SD idx:Max SD
  710 ,   7101 : 2.9625035129798e+00 +(4e-03,2e-02) | 7.45e+01 |  2:3.3e-04  9:2.9e-03
  711 ,   7111 : 2.9612574706356e+00 +(5e-03,2e-02) | 7.34e+01 |  2:3.4e-04  9:3.0e-03
  712 ,   7121 : 2.9616140139271e+00 +(4e-03,9e-03) | 7.17e+01 |  2:3.5e-04  9:3.2e-03
  713 ,   7131 : 2.9612741844933e+00 +(5e-03,2e-02) | 7.11e+01 |  2:3.4e-04  9:3.1e-03
  714 ,   7141 : 2.9539484249172e+00 +(1e-02,2e-02) | 6.92e+01 |  2:3.3e-04  9:3.0e-03
  715 ,   7151 : 2.9554643552314e+00 +(1e-02,2e-02) | 7.00e+01 |  2:3.3e-04  9:3.0e-03
  716 ,   7161 : 2.9567556055172e+00 +(1e-02,3e-02) | 7.06e+01 |  2:3.3e-04  9:3.1e-03
  717 ,   7171 : 2.9614091418784e+00 +(5e-03,7e-03) | 7.47e+01 |  2:3.6e-04  8:3.4e-03
  718 ,   7181 : 2.9611091415696e+00 +(6e-03,2e-02) | 7.73e+01 |  3:3.6e-04  8:3.5e-03
  719 ,   7191 : 2.9582640154936e+00 +(8e-03,3e-02) | 7.87e+01 |  2:3.6e-04  8:3.6e-03
Iterat, #Fevals:   Function Value    (median,worst) |Axis Ratio|idx:Min SD idx:Max SD
  720 ,   7201 : 2.9608370447775e+00 +(5e-03,2e-02) | 7.81e+01 |  2:3.6e-04  8:3.5e-03
  721 ,   7211 : 2.9657133439186e+00 +(8e-04,5e-03) | 7.85e+01 |  2:3.4e-04  8:3.3e-03
  722 ,   7221 : 2.9612674823993e+00 +(6e-03,2e-02) | 8.05e+01 |  2:3.3e-04  8:3.2e-03
  723 ,   7231 : 2.9647255012477e+00 +(2e-03,7e-03) | 8.05e+01 |  2:3.3e-04  8:3.1e-03
  724 ,   7241 : 2.9556716576547e+00 +(1e-02,2e-02) | 8.04e+01 |  2:2.9e-04  8:2.8e-03
  725 ,   7251 : 2.9612688159564e+00 +(5e-03,1e-02) | 8.35e+01 |  3:3.4e-04  8:3.1e-03
  726 ,   7261 : 2.9604284220764e+00 +(7e-03,1e-02) | 8.38e+01 |  3:3.4e-04  8:3.1e-03
  727 ,   7271 : 2.9607746326363e+00 +(8e-03,2e-02) | 8.47e+01 |  3:3.2e-04  8:2.9e-03
  728 ,   7281 : 2.9608147076066e+00 +(6e-03,1e-02) | 8.54e+01 |  3:2.9e-04  8:2.7e-03
  729 ,   7291 : 2.9604492146009e+00 +(6e-03,2e-02) | 8.34e+01 |  3:3.1e-04  8:2.8e-03
Iterat, #Fevals:   Function Value    (median,worst) |Axis Ratio|idx:Min SD idx:Max SD
  730 ,   7301 : 2.9611672194095e+00 +(5e-03,9e-03) | 8.64e+01 |  3:3.2e-04  8:3.0e-03
  731 ,   7311 : 2.9606743653335e+00 +(5e-03,2e-02) | 8.82e+01 |  3:3.2e-04  8:3.1e-03
  732 ,   7321 : 2.9615436852668e+00 +(4e-03,2e-02) | 8.82e+01 |  3:3.1e-04  8:3.0e-03
  733 ,   7331 : 2.9601451612635e+00 +(5e-03,1e-02) | 8.60e+01 |  3:3.4e-04  8:3.3e-03
  734 ,   7341 : 2.9558711452290e+00 +(1e-02,2e-02) | 8.52e+01 |  3:3.6e-04  8:3.5e-03
  735 ,   7351 : 2.9605521004755e+00 +(2e-03,2e-02) | 8.52e+01 |  3:3.6e-04  8:3.5e-03
  736 ,   7361 : 2.9609298471359e+00 +(5e-03,2e-02) | 8.67e+01 |  3:3.5e-04  8:3.4e-03
  737 ,   7371 : 2.9593745490924e+00 +(6e-03,2e-02) | 8.68e+01 |  3:3.4e-04  8:3.4e-03
  738 ,   7381 : 2.9609936273097e+00 +(5e-03,2e-02) | 8.34e+01 |  3:3.4e-04  8:3.3e-03
  739 ,   7391 : 2.9623282194512e+00 +(3e-03,2e-02) | 8.32e+01 |  3:3.3e-04  8:3.1e-03
Iterat, #Fevals:   Function Value    (median,worst) |Axis Ratio|idx:Min SD idx:Max SD
  740 ,   7401 : 2.9655080971296e+00 +(1e-03,2e-02) | 8.40e+01 |  3:3.2e-04  8:3.1e-03
  741 ,   7411 : 2.9601980622749e+00 +(6e-03,2e-02) | 8.48e+01 |  3:3.1e-04  8:3.0e-03
  742 ,   7421 : 2.9548472122126e+00 +(1e-02,2e-02) | 8.64e+01 |  3:2.9e-04  8:2.8e-03
  743 ,   7431 : 2.9611542825605e+00 +(5e-03,1e-02) | 8.66e+01 |  3:3.2e-04  8:3.2e-03
  744 ,   7441 : 2.9609085120704e+00 +(6e-03,1e-02) | 8.69e+01 |  3:3.3e-04  8:3.3e-03
  745 ,   7451 : 2.9573677505252e+00 +(8e-03,2e-02) | 8.76e+01 |  3:3.3e-04  8:3.3e-03
  746 ,   7461 : 2.9606867351404e+00 +(5e-03,2e-02) | 8.78e+01 |  3:3.1e-04  8:3.1e-03
  747 ,   7471 : 2.9598363339289e+00 +(9e-03,2e-02) | 8.82e+01 |  3:3.2e-04  8:3.1e-03
  748 ,   7481 : 2.9606773745203e+00 +(5e-03,2e-02) | 9.07e+01 |  3:3.2e-04  8:3.3e-03
  749 ,   7491 : 2.9560524348658e+00 +(1e-02,2e-02) | 9.16e+01 |  3:3.4e-04  8:3.6e-03
Iterat, #Fevals:   Function Value    (median,worst) |Axis Ratio|idx:Min SD idx:Max SD
  750 ,   7501 : 2.9612399100679e+00 +(5e-03,1e-02) | 9.10e+01 |  3:3.7e-04  8:3.7e-03
  751 ,   7511 : 2.9557891123338e+00 +(1e-02,3e-02) | 9.22e+01 |  3:4.0e-04  8:4.0e-03
  752 ,   7521 : 2.9610210726343e+00 +(5e-03,2e-02) | 9.36e+01 |  3:3.8e-04  8:3.8e-03
  753 ,   7531 : 2.9646306297466e+00 +(1e-03,2e-03) | 9.19e+01 |  3:3.9e-04  8:3.9e-03
  754 ,   7541 : 2.9662845607860e+00 +(8e-04,2e-02) | 9.09e+01 |  3:3.7e-04  8:3.7e-03
  755 ,   7551 : 2.9564334325526e+00 +(7e-03,3e-02) | 9.13e+01 |  3:3.8e-04  8:3.9e-03
  756 ,   7561 : 2.9612176717245e+00 +(6e-03,2e-02) | 9.22e+01 |  3:3.6e-04  8:3.7e-03
  757 ,   7571 : 2.9606320008848e+00 +(5e-03,2e-02) | 9.23e+01 |  3:3.7e-04  8:3.8e-03
  758 ,   7581 : 2.9614466402373e+00 +(4e-03,2e-02) | 8.69e+01 |  3:3.8e-04  8:3.8e-03
  759 ,   7591 : 2.9612628383802e+00 +(5e-03,2e-02) | 8.89e+01 |  3:4.1e-04  8:4.1e-03
Iterat, #Fevals:   Function Value    (median,worst) |Axis Ratio|idx:Min SD idx:Max SD
  760 ,   7601 : 2.9610172274460e+00 +(5e-03,1e-02) | 8.14e+01 |  3:4.5e-04  8:4.5e-03
  761 ,   7611 : 2.9618802246609e+00 +(5e-03,2e-02) | 8.01e+01 |  3:4.6e-04  8:4.8e-03
  762 ,   7621 : 2.9640856693934e+00 +(2e-03,1e-02) | 8.19e+01 |  3:4.4e-04  8:4.7e-03
  763 ,   7631 : 2.9601176726465e+00 +(6e-03,1e-02) | 8.30e+01 |  3:3.9e-04  8:4.1e-03
  764 ,   7641 : 2.9604590078138e+00 +(6e-03,2e-02) | 8.29e+01 |  3:3.5e-04  8:3.8e-03
  765 ,   7651 : 2.9615890974987e+00 +(5e-03,1e-02) | 8.43e+01 |  3:3.1e-04  8:3.4e-03
  766 ,   7661 : 2.9655391697821e+00 +(9e-04,2e-02) | 8.45e+01 |  3:2.9e-04  8:3.2e-03
  767 ,   7671 : 2.9594951208807e+00 +(6e-03,1e-02) | 8.41e+01 |  3:2.9e-04  8:3.1e-03
  768 ,   7681 : 2.9611467096230e+00 +(5e-03,2e-02) | 8.50e+01 |  3:2.8e-04  8:3.1e-03
  769 ,   7691 : 2.9612760039662e+00 +(6e-03,2e-02) | 8.40e+01 |  3:3.0e-04  8:3.1e-03
Iterat, #Fevals:   Function Value    (median,worst) |Axis Ratio|idx:Min SD idx:Max SD
  770 ,   7701 : 2.9626769881123e+00 +(4e-03,1e-02) | 8.48e+01 |  3:2.9e-04  8:3.1e-03
  771 ,   7711 : 2.9613007426263e+00 +(5e-03,1e-02) | 8.71e+01 |  3:2.8e-04  8:2.9e-03
  772 ,   7721 : 2.9607977207403e+00 +(5e-03,2e-02) | 8.84e+01 |  3:2.7e-04  8:2.9e-03
  773 ,   7731 : 2.9628824678210e+00 +(4e-03,2e-02) | 8.86e+01 |  3:2.5e-04  8:2.8e-03
  774 ,   7741 : 2.9623668740375e+00 +(4e-03,1e-02) | 8.72e+01 |  3:2.5e-04  8:2.8e-03
  775 ,   7751 : 2.9604305507206e+00 +(6e-03,1e-02) | 8.99e+01 |  3:2.8e-04  8:3.2e-03
  776 ,   7761 : 2.9597410945744e+00 +(8e-03,2e-02) | 8.94e+01 |  3:3.0e-04  8:3.3e-03
  777 ,   7771 : 2.9655414338651e+00 +(4e-03,2e-02) | 8.90e+01 |  3:2.9e-04  8:3.2e-03
  778 ,   7781 : 2.9562633184277e+00 +(1e-02,3e-02) | 8.94e+01 |  3:2.8e-04  8:3.1e-03
  779 ,   7791 : 2.9608573943633e+00 +(5e-03,8e-03) | 8.77e+01 |  3:3.0e-04  8:3.3e-03
Iterat, #Fevals:   Function Value    (median,worst) |Axis Ratio|idx:Min SD idx:Max SD
  780 ,   7801 : 2.9652366999752e+00 +(1e-03,2e-02) | 9.20e+01 |  3:3.2e-04  8:3.6e-03
  781 ,   7811 : 2.9558899118275e+00 +(1e-02,2e-02) | 9.29e+01 |  3:3.7e-04  8:4.1e-03
  782 ,   7821 : 2.9550623328630e+00 +(1e-02,2e-02) | 9.35e+01 |  3:4.0e-04  8:4.3e-03
  783 ,   7831 : 2.9621040529665e+00 +(3e-03,2e-02) | 9.41e+01 |  3:4.0e-04  8:4.2e-03
  784 ,   7841 : 2.9607639024716e+00 +(5e-03,2e-02) | 9.62e+01 |  3:4.2e-04  1:4.4e-03
  785 ,   7851 : 2.9607009897579e+00 +(4e-03,2e-02) | 9.74e+01 |  3:4.6e-04  9:4.9e-03
  786 ,   7861 : 2.9645542012061e+00 +(2e-03,1e-02) | 9.88e+01 |  3:4.6e-04  9:4.9e-03
  787 ,   7871 : 2.9601282840236e+00 +(5e-03,2e-02) | 9.93e+01 |  3:5.0e-04  9:5.4e-03
  788 ,   7881 : 2.9604857805277e+00 +(4e-03,1e-02) | 9.88e+01 |  3:6.0e-04  9:6.2e-03
  789 ,   7891 : 2.9590390060335e+00 +(8e-03,2e-02) | 9.78e+01 |  3:6.4e-04  9:6.4e-03
Iterat, #Fevals:   Function Value    (median,worst) |Axis Ratio|idx:Min SD idx:Max SD
  790 ,   7901 : 2.9610689658710e+00 +(5e-03,2e-02) | 9.69e+01 |  3:6.4e-04  9:6.4e-03
  791 ,   7911 : 2.9606036852227e+00 +(6e-03,1e-02) | 9.73e+01 |  3:6.0e-04  9:6.0e-03
  792 ,   7921 : 2.9591791174549e+00 +(7e-03,2e-02) | 9.72e+01 |  3:5.9e-04  9:5.7e-03
  793 ,   7931 : 2.9588455187853e+00 +(7e-03,1e-02) | 9.69e+01 |  3:5.5e-04  9:5.3e-03
  794 ,   7941 : 2.9602398911654e+00 +(5e-03,2e-02) | 9.65e+01 |  3:5.4e-04  9:5.2e-03
  795 ,   7951 : 2.9618572223374e+00 +(4e-03,9e-03) | 9.43e+01 |  3:5.7e-04  9:5.3e-03
  796 ,   7961 : 2.9596995240183e+00 +(6e-03,1e-02) | 9.43e+01 |  3:5.9e-04  9:5.3e-03
  797 ,   7971 : 2.9551914781689e+00 +(8e-03,3e-02) | 9.48e+01 |  3:5.9e-04  5:5.2e-03
  798 ,   7981 : 2.9646583269912e+00 +(1e-03,7e-03) | 9.42e+01 |  3:5.7e-04  5:5.1e-03
  799 ,   7991 : 2.9607482060385e+00 +(5e-03,9e-03) | 9.61e+01 |  3:5.6e-04  5:5.0e-03
Iterat, #Fevals:   Function Value    (median,worst) |Axis Ratio|idx:Min SD idx:Max SD
  800 ,   8001 : 2.9615664897203e+00 +(4e-03,1e-02) | 9.83e+01 |  3:5.6e-04  5:5.1e-03
  801 ,   8011 : 2.9599810411713e+00 +(6e-03,2e-02) | 1.03e+02 |  3:6.3e-04  5:6.3e-03
  802 ,   8021 : 2.9637968184150e+00 +(2e-03,4e-03) | 1.08e+02 |  3:6.7e-04  5:6.8e-03
  803 ,   8031 : 2.9609687539970e+00 +(6e-03,1e-02) | 1.11e+02 |  3:6.3e-04  5:6.6e-03
  804 ,   8041 : 2.9616249673870e+00 +(5e-03,1e-02) | 1.10e+02 |  3:5.9e-04  5:6.2e-03
  805 ,   8051 : 2.9603949939760e+00 +(2e-03,9e-03) | 1.08e+02 |  3:5.9e-04  5:6.2e-03
  806 ,   8061 : 2.9551313738658e+00 +(1e-02,2e-02) | 1.09e+02 |  3:5.7e-04  5:6.0e-03
  807 ,   8071 : 2.9596225136794e+00 +(6e-03,1e-02) | 1.11e+02 |  3:5.5e-04  5:5.7e-03
  808 ,   8081 : 2.9607264449184e+00 +(6e-03,2e-02) | 1.12e+02 |  3:5.0e-04  5:5.2e-03
  809 ,   8091 : 2.9610216295224e+00 +(5e-03,1e-02) | 1.10e+02 |  3:4.8e-04  5:5.0e-03
Iterat, #Fevals:   Function Value    (median,worst) |Axis Ratio|idx:Min SD idx:Max SD
  810 ,   8101 : 2.9609169130995e+00 +(5e-03,6e-03) | 1.09e+02 |  3:4.8e-04  5:4.9e-03
  811 ,   8111 : 2.9610075074493e+00 +(5e-03,1e-02) | 1.09e+02 |  3:5.8e-04  5:5.6e-03
  812 ,   8121 : 2.9604032233619e+00 +(6e-03,2e-02) | 1.08e+02 |  3:5.9e-04  5:5.6e-03
  813 ,   8131 : 2.9623244931520e+00 +(4e-03,2e-02) | 1.07e+02 |  3:5.9e-04  5:5.6e-03
  814 ,   8141 : 2.9612245384906e+00 +(5e-03,2e-02) | 1.06e+02 |  3:5.9e-04  5:5.6e-03
  815 ,   8151 : 2.9652242334167e+00 +(6e-03,1e-02) | 1.06e+02 |  3:5.8e-04  5:5.5e-03
  816 ,   8161 : 2.9622680272741e+00 +(4e-03,9e-03) | 1.05e+02 |  3:5.4e-04  5:5.1e-03
  817 ,   8171 : 2.9640888934238e+00 +(2e-03,2e-02) | 1.06e+02 |  3:5.5e-04  5:5.2e-03
  818 ,   8181 : 2.9607140503850e+00 +(4e-03,2e-02) | 1.07e+02 |  3:5.6e-04  5:5.3e-03
  819 ,   8191 : 2.9614603026833e+00 +(6e-03,2e-02) | 1.08e+02 |  3:6.0e-04  5:5.7e-03
Iterat, #Fevals:   Function Value    (median,worst) |Axis Ratio|idx:Min SD idx:Max SD
  820 ,   8201 : 2.9607475429085e+00 +(5e-03,2e-02) | 1.07e+02 |  3:6.7e-04  5:6.5e-03
  821 ,   8211 : 2.9610625008266e+00 +(4e-03,9e-03) | 1.12e+02 |  3:7.1e-04  5:7.3e-03
  822 ,   8221 : 2.9573844456651e+00 +(1e-02,2e-02) | 1.13e+02 |  3:7.3e-04  5:7.6e-03
  823 ,   8231 : 2.9652015199426e+00 +(2e-03,8e-03) | 1.18e+02 |  3:7.5e-04  5:7.9e-03
  824 ,   8241 : 2.9604704965565e+00 +(5e-03,7e-03) | 1.19e+02 |  3:7.9e-04  5:8.2e-03
  825 ,   8251 : 2.9568388999959e+00 +(9e-03,2e-02) | 1.21e+02 |  3:7.9e-04  5:8.4e-03
  826 ,   8261 : 2.9609519286572e+00 +(4e-03,6e-03) | 1.23e+02 |  3:8.1e-04  5:8.6e-03
  827 ,   8271 : 2.9619810576179e+00 +(5e-03,1e-02) | 1.25e+02 |  3:8.3e-04  5:8.8e-03
  828 ,   8281 : 2.9628031126525e+00 +(8e-03,2e-02) | 1.25e+02 |  3:8.5e-04  5:9.1e-03
  829 ,   8291 : 2.9598921209473e+00 +(6e-03,1e-02) | 1.25e+02 |  3:8.2e-04  5:8.8e-03
Iterat, #Fevals:   Function Value    (median,worst) |Axis Ratio|idx:Min SD idx:Max SD
  830 ,   8301 : 2.9623824155949e+00 +(3e-03,1e-02) | 1.25e+02 |  3:7.1e-04  5:7.5e-03
  831 ,   8311 : 2.9605492402664e+00 +(5e-03,2e-02) | 1.23e+02 |  3:6.7e-04  5:7.0e-03
  832 ,   8321 : 2.9600935480688e+00 +(6e-03,2e-02) | 1.23e+02 |  3:7.3e-04  5:7.7e-03
  833 ,   8331 : 2.9611266155862e+00 +(5e-03,2e-02) | 1.20e+02 |  3:8.0e-04  5:8.5e-03
  834 ,   8341 : 2.9555793213082e+00 +(1e-02,2e-02) | 1.18e+02 |  3:8.2e-04  5:8.5e-03
  835 ,   8351 : 2.9611046354398e+00 +(5e-03,7e-03) | 1.17e+02 |  3:8.7e-04  5:9.0e-03
  836 ,   8361 : 2.9620211943631e+00 +(5e-03,2e-02) | 1.23e+02 |  3:8.6e-04  5:8.8e-03
  837 ,   8371 : 2.9604850837628e+00 +(6e-03,1e-02) | 1.23e+02 |  3:7.5e-04  5:7.8e-03
  838 ,   8381 : 2.9601053205425e+00 +(6e-03,1e-02) | 1.26e+02 |  3:6.9e-04  5:7.2e-03
  839 ,   8391 : 2.9597012120778e+00 +(6e-03,8e-03) | 1.23e+02 |  3:6.6e-04  5:6.8e-03
Iterat, #Fevals:   Function Value    (median,worst) |Axis Ratio|idx:Min SD idx:Max SD
  840 ,   8401 : 2.9598246917355e+00 +(6e-03,1e-02) | 1.24e+02 |  3:6.4e-04  5:6.5e-03
  841 ,   8411 : 2.9624164630491e+00 +(3e-03,1e-02) | 1.25e+02 |  3:6.1e-04  5:6.2e-03
  842 ,   8421 : 2.9608860958827e+00 +(5e-03,2e-02) | 1.26e+02 |  3:6.2e-04  5:6.5e-03
  843 ,   8431 : 2.9598465588168e+00 +(5e-03,7e-03) | 1.30e+02 |  3:6.4e-04  5:6.9e-03
  844 ,   8441 : 2.9609464748460e+00 +(5e-03,1e-02) | 1.28e+02 |  3:6.1e-04  5:6.7e-03
  845 ,   8451 : 2.9611955060433e+00 +(6e-03,2e-02) | 1.28e+02 |  3:5.8e-04  5:6.3e-03
  846 ,   8461 : 2.9606359225847e+00 +(1e-03,8e-03) | 1.28e+02 |  3:5.2e-04  5:5.8e-03
  847 ,   8471 : 2.9650483313405e+00 +(8e-04,2e-02) | 1.28e+02 |  3:4.9e-04  5:5.4e-03
  848 ,   8481 : 2.9641262624732e+00 +(1e-03,1e-02) | 1.29e+02 |  3:4.5e-04  5:4.9e-03
  849 ,   8491 : 2.9606375346793e+00 +(5e-03,1e-02) | 1.30e+02 |  3:4.2e-04  5:4.7e-03
Iterat, #Fevals:   Function Value    (median,worst) |Axis Ratio|idx:Min SD idx:Max SD
  850 ,   8501 : 2.9567569686833e+00 +(1e-02,2e-02) | 1.27e+02 |  3:4.2e-04  5:4.6e-03
  851 ,   8511 : 2.9589693715595e+00 +(7e-03,1e-02) | 1.30e+02 |  3:4.1e-04  5:4.5e-03
  852 ,   8521 : 2.9604465439619e+00 +(5e-03,1e-02) | 1.36e+02 |  3:4.3e-04  5:4.9e-03
  853 ,   8531 : 2.9605665009477e+00 +(5e-03,1e-02) | 1.38e+02 |  3:4.6e-04  5:5.2e-03
  854 ,   8541 : 2.9608179808296e+00 +(5e-03,1e-02) | 1.40e+02 |  3:4.3e-04  5:5.0e-03
  855 ,   8551 : 2.9602648298770e+00 +(5e-03,7e-03) | 1.41e+02 |  3:4.4e-04  5:5.1e-03
  856 ,   8561 : 2.9598981976362e+00 +(7e-03,1e-02) | 1.46e+02 |  3:4.8e-04  5:5.2e-03
  857 ,   8571 : 2.9619450522257e+00 +(4e-03,1e-02) | 1.46e+02 |  3:4.8e-04  5:5.2e-03
  858 ,   8581 : 2.9604328702587e+00 +(6e-03,2e-02) | 1.47e+02 |  3:4.7e-04  5:5.1e-03
  859 ,   8591 : 2.9555096845644e+00 +(1e-02,1e-02) | 1.46e+02 |  3:4.2e-04  5:4.5e-03
Iterat, #Fevals:   Function Value    (median,worst) |Axis Ratio|idx:Min SD idx:Max SD
  860 ,   8601 : 2.9607775377213e+00 +(5e-03,2e-02) | 1.42e+02 |  3:3.8e-04  5:4.0e-03
  861 ,   8611 : 2.9611898885137e+00 +(9e-03,2e-02) | 1.44e+02 |  3:3.8e-04  5:4.0e-03
  862 ,   8621 : 2.9551572153640e+00 +(1e-02,2e-02) | 1.42e+02 |  3:3.5e-04  5:3.8e-03
  863 ,   8631 : 2.9639687109892e+00 +(3e-03,2e-02) | 1.38e+02 |  3:3.5e-04  5:3.7e-03
  864 ,   8641 : 2.9607000761649e+00 +(6e-03,2e-02) | 1.38e+02 |  3:3.7e-04  5:3.9e-03
  865 ,   8651 : 2.9608981723565e+00 +(5e-03,2e-02) | 1.37e+02 |  3:3.8e-04  5:4.0e-03
  866 ,   8661 : 2.9570000973339e+00 +(1e-02,2e-02) | 1.35e+02 |  3:4.1e-04  5:4.4e-03
  867 ,   8671 : 2.9633621311749e+00 +(6e-03,2e-02) | 1.37e+02 |  3:3.9e-04  5:4.2e-03
  868 ,   8681 : 2.9603607624885e+00 +(6e-03,1e-02) | 1.41e+02 |  3:3.5e-04  5:3.7e-03
  869 ,   8691 : 2.9603008927962e+00 +(6e-03,1e-02) | 1.41e+02 |  3:3.1e-04  5:3.3e-03
Iterat, #Fevals:   Function Value    (median,worst) |Axis Ratio|idx:Min SD idx:Max SD
  870 ,   8701 : 2.9564224798574e+00 +(1e-02,2e-02) | 1.40e+02 |  3:3.0e-04  5:3.2e-03
  871 ,   8711 : 2.9548615008016e+00 +(1e-02,3e-02) | 1.39e+02 |  3:3.1e-04  5:3.2e-03
  872 ,   8721 : 2.9610620781699e+00 +(6e-03,2e-02) | 1.53e+02 |  3:3.6e-04  5:3.9e-03
  873 ,   8731 : 2.9610598670602e+00 +(5e-03,1e-02) | 1.58e+02 |  3:3.6e-04  5:4.0e-03
  874 ,   8741 : 2.9622529986683e+00 +(4e-03,2e-02) | 1.58e+02 |  3:3.6e-04  5:4.0e-03
  875 ,   8751 : 2.9627080006864e+00 +(3e-03,9e-03) | 1.56e+02 |  3:3.6e-04  5:4.0e-03
  876 ,   8761 : 2.9601795494413e+00 +(6e-03,1e-02) | 1.53e+02 |  3:3.4e-04  5:3.8e-03
  877 ,   8771 : 2.9651265585379e+00 +(7e-03,1e-02) | 1.53e+02 |  3:3.5e-04  5:3.8e-03
  878 ,   8781 : 2.9652989159420e+00 +(1e-03,1e-02) | 1.54e+02 |  3:3.4e-04  5:3.8e-03
  879 ,   8791 : 2.9604979334794e+00 +(5e-03,1e-02) | 1.53e+02 |  3:3.3e-04  5:3.6e-03
Iterat, #Fevals:   Function Value    (median,worst) |Axis Ratio|idx:Min SD idx:Max SD
  880 ,   8801 : 2.9636302552893e+00 +(4e-03,2e-02) | 1.57e+02 |  3:3.4e-04  5:3.7e-03
  881 ,   8811 : 2.9612788596191e+00 +(5e-03,1e-02) | 1.58e+02 |  3:3.2e-04  5:3.6e-03
  882 ,   8821 : 2.9611249392904e+00 +(8e-03,1e-02) | 1.59e+02 |  3:3.4e-04  5:3.7e-03
  883 ,   8831 : 2.9548943799690e+00 +(1e-02,3e-02) | 1.61e+02 |  3:3.3e-04  5:3.6e-03
  884 ,   8841 : 2.9590073548618e+00 +(8e-03,1e-02) | 1.63e+02 |  3:3.2e-04  5:3.5e-03
  885 ,   8851 : 2.9632352166474e+00 +(5e-03,2e-02) | 1.65e+02 |  3:3.1e-04  5:3.5e-03
  886 ,   8861 : 2.9576905133176e+00 +(8e-03,2e-02) | 1.63e+02 |  3:3.0e-04  5:3.3e-03
  887 ,   8871 : 2.9656952745366e+00 +(5e-03,2e-02) | 1.60e+02 |  3:2.9e-04  5:3.2e-03
  888 ,   8881 : 2.9580533520213e+00 +(6e-03,2e-02) | 1.53e+02 |  3:2.8e-04  5:3.1e-03
  889 ,   8891 : 2.9631015650351e+00 +(3e-03,9e-03) | 1.52e+02 |  3:3.0e-04  5:3.2e-03
Iterat, #Fevals:   Function Value    (median,worst) |Axis Ratio|idx:Min SD idx:Max SD
  890 ,   8901 : 2.9619036990668e+00 +(4e-03,2e-02) | 1.53e+02 |  3:2.9e-04  5:3.2e-03
  891 ,   8911 : 2.9602194131025e+00 +(6e-03,1e-02) | 1.50e+02 |  3:2.8e-04  5:3.1e-03
  892 ,   8921 : 2.9608573521015e+00 +(6e-03,2e-02) | 1.57e+02 |  3:2.8e-04  5:3.2e-03
  893 ,   8931 : 2.9605000845116e+00 +(5e-03,9e-03) | 1.59e+02 |  3:2.7e-04  5:3.1e-03
  894 ,   8941 : 2.9588107123667e+00 +(8e-03,2e-02) | 1.56e+02 |  3:2.6e-04  5:3.0e-03
  895 ,   8951 : 2.9633780678531e+00 +(2e-03,1e-02) | 1.56e+02 |  3:2.4e-04  5:2.8e-03
  896 ,   8961 : 2.9607445273705e+00 +(4e-03,1e-02) | 1.57e+02 |  3:2.5e-04  5:2.9e-03
  897 ,   8971 : 2.9594486875307e+00 +(7e-03,2e-02) | 1.52e+02 |  3:2.5e-04  5:2.9e-03
  898 ,   8981 : 2.9608383144329e+00 +(5e-03,1e-02) | 1.51e+02 |  3:2.4e-04  5:2.8e-03
  899 ,   8991 : 2.9570354672319e+00 +(1e-02,2e-02) | 1.52e+02 |  3:2.3e-04  5:2.7e-03
Iterat, #Fevals:   Function Value    (median,worst) |Axis Ratio|idx:Min SD idx:Max SD
  900 ,   9001 : 2.9561081993505e+00 +(9e-03,3e-02) | 1.50e+02 |  3:2.3e-04  5:2.6e-03
  901 ,   9011 : 2.9609558777264e+00 +(6e-03,1e-02) | 1.49e+02 |  3:2.3e-04  5:2.7e-03
  902 ,   9021 : 2.9558430392115e+00 +(1e-02,2e-02) | 1.48e+02 |  3:2.2e-04  5:2.6e-03
  903 ,   9031 : 2.9610179975183e+00 +(5e-03,2e-02) | 1.51e+02 |  3:2.2e-04  5:2.6e-03
  904 ,   9041 : 2.9624081056930e+00 +(4e-03,1e-02) | 1.54e+02 |  3:2.2e-04  5:2.6e-03
  905 ,   9051 : 2.9605478364375e+00 +(5e-03,1e-02) | 1.59e+02 |  3:2.2e-04  5:2.7e-03
  906 ,   9061 : 2.9638717368432e+00 +(2e-03,2e-02) | 1.59e+02 |  3:2.1e-04  5:2.5e-03
  907 ,   9071 : 2.9610019095332e+00 +(5e-03,2e-02) | 1.61e+02 |  3:2.1e-04  5:2.5e-03
  908 ,   9081 : 2.9609032447154e+00 +(6e-03,1e-02) | 1.68e+02 |  3:2.3e-04  5:2.6e-03
  909 ,   9091 : 2.9557811359758e+00 +(1e-02,2e-02) | 1.69e+02 |  3:2.3e-04  5:2.7e-03
Iterat, #Fevals:   Function Value    (median,worst) |Axis Ratio|idx:Min SD idx:Max SD
  910 ,   9101 : 2.9640694493441e+00 +(3e-03,9e-03) | 1.68e+02 |  3:2.4e-04  5:2.7e-03
  911 ,   9111 : 2.9610002931723e+00 +(6e-03,2e-02) | 1.67e+02 |  3:2.3e-04  5:2.6e-03
  912 ,   9121 : 2.9614192434535e+00 +(7e-03,1e-02) | 1.68e+02 |  3:2.4e-04  5:2.7e-03
  913 ,   9131 : 2.9541371629713e+00 +(1e-02,3e-02) | 1.64e+02 |  3:2.3e-04  5:2.6e-03
  914 ,   9141 : 2.9608609970080e+00 +(6e-03,2e-02) | 1.64e+02 |  3:2.1e-04  5:2.4e-03
  915 ,   9151 : 2.9656569581278e+00 +(1e-03,7e-03) | 1.65e+02 |  3:1.9e-04  5:2.3e-03
  916 ,   9161 : 2.9603745946329e+00 +(8e-03,1e-02) | 1.62e+02 |  3:2.0e-04  5:2.3e-03
  917 ,   9171 : 2.9604485349612e+00 +(6e-03,1e-02) | 1.63e+02 |  3:2.1e-04  5:2.5e-03
  918 ,   9181 : 2.9589667002418e+00 +(7e-03,2e-02) | 1.63e+02 |  3:2.2e-04  5:2.5e-03
  919 ,   9191 : 2.9575001717606e+00 +(1e-02,2e-02) | 1.59e+02 |  3:2.1e-04  5:2.4e-03
Iterat, #Fevals:   Function Value    (median,worst) |Axis Ratio|idx:Min SD idx:Max SD
  920 ,   9201 : 2.9608444655001e+00 +(1e-02,1e-02) | 1.64e+02 |  3:2.2e-04  5:2.5e-03
  921 ,   9211 : 2.9608231256417e+00 +(6e-03,1e-02) | 1.63e+02 |  3:2.0e-04  5:2.3e-03
  922 ,   9221 : 2.9606535527975e+00 +(6e-03,2e-02) | 1.62e+02 |  3:1.9e-04  5:2.2e-03
  923 ,   9231 : 2.9575983201836e+00 +(8e-03,2e-02) | 1.64e+02 |  3:2.0e-04  5:2.3e-03
  924 ,   9241 : 2.9609984787461e+00 +(1e-02,2e-02) | 1.58e+02 |  3:2.2e-04  5:2.6e-03
  925 ,   9251 : 2.9548540774644e+00 +(1e-02,2e-02) | 1.60e+02 |  3:2.4e-04  5:2.8e-03
  926 ,   9261 : 2.9604907759800e+00 +(6e-03,2e-02) | 1.62e+02 |  3:2.3e-04  5:2.7e-03
  927 ,   9271 : 2.9626336957259e+00 +(3e-03,1e-02) | 1.63e+02 |  3:2.5e-04  5:2.9e-03
  928 ,   9281 : 2.9607939841693e+00 +(6e-03,2e-02) | 1.64e+02 |  3:2.5e-04  5:3.0e-03
  929 ,   9291 : 2.9553885841536e+00 +(9e-03,2e-02) | 1.53e+02 |  3:2.5e-04  5:3.0e-03
Iterat, #Fevals:   Function Value    (median,worst) |Axis Ratio|idx:Min SD idx:Max SD
  930 ,   9301 : 2.9555147454713e+00 +(1e-02,2e-02) | 1.52e+02 |  3:2.8e-04  5:3.2e-03
  931 ,   9311 : 2.9596637974338e+00 +(6e-03,2e-02) | 1.54e+02 |  3:3.0e-04  5:3.4e-03
  932 ,   9321 : 2.9641945323469e+00 +(6e-03,2e-02) | 1.53e+02 |  3:3.0e-04  5:3.4e-03
  933 ,   9331 : 2.9646048593916e+00 +(3e-03,1e-02) | 1.58e+02 |  3:3.0e-04  5:3.4e-03
  934 ,   9341 : 2.9603439287897e+00 +(8e-03,1e-02) | 1.59e+02 |  3:2.8e-04  5:3.2e-03
  935 ,   9351 : 2.9545467678730e+00 +(1e-02,3e-02) | 1.61e+02 |  3:2.7e-04  5:3.1e-03
  936 ,   9361 : 2.9613367228724e+00 +(5e-03,1e-02) | 1.51e+02 |  3:2.7e-04  5:3.1e-03
  937 ,   9371 : 2.9609702389025e+00 +(5e-03,2e-02) | 1.56e+02 |  3:2.5e-04  5:2.9e-03
  938 ,   9381 : 2.9600121251784e+00 +(9e-03,2e-02) | 1.58e+02 |  3:2.2e-04  5:2.5e-03
  939 ,   9391 : 2.9555239575073e+00 +(1e-02,3e-02) | 1.56e+02 |  2:1.9e-04  5:2.2e-03
Iterat, #Fevals:   Function Value    (median,worst) |Axis Ratio|idx:Min SD idx:Max SD
  940 ,   9401 : 2.9604721991295e+00 +(6e-03,2e-02) | 1.53e+02 |  2:2.1e-04  5:2.3e-03
  941 ,   9411 : 2.9602887933134e+00 +(7e-03,1e-02) | 1.53e+02 |  2:2.1e-04  5:2.4e-03
  942 ,   9421 : 2.9591492078885e+00 +(7e-03,2e-02) | 1.48e+02 |  2:2.1e-04  5:2.4e-03
  943 ,   9431 : 2.9619967194187e+00 +(4e-03,1e-02) | 1.44e+02 |  2:2.1e-04  5:2.4e-03
  944 ,   9441 : 2.9624647381750e+00 +(3e-03,1e-02) | 1.46e+02 |  2:2.2e-04  5:2.4e-03
  945 ,   9451 : 2.9607038066494e+00 +(5e-03,2e-02) | 1.45e+02 |  2:2.0e-04  5:2.2e-03
  946 ,   9461 : 2.9605376106271e+00 +(5e-03,9e-03) | 1.45e+02 |  2:2.0e-04  5:2.2e-03
  947 ,   9471 : 2.9640651152192e+00 +(3e-03,8e-03) | 1.47e+02 |  2:1.9e-04  5:2.2e-03
  948 ,   9481 : 2.9650319203697e+00 +(2e-03,1e-02) | 1.48e+02 |  2:2.1e-04  5:2.5e-03
  949 ,   9491 : 2.9613270123003e+00 +(4e-03,2e-02) | 1.53e+02 |  2:2.1e-04  5:2.5e-03
Iterat, #Fevals:   Function Value    (median,worst) |Axis Ratio|idx:Min SD idx:Max SD
  950 ,   9501 : 2.9654607709531e+00 +(5e-03,1e-02) | 1.54e+02 |  2:2.0e-04  5:2.3e-03
  951 ,   9511 : 2.9590140988272e+00 +(1e-02,2e-02) | 1.56e+02 |  2:1.9e-04  5:2.2e-03
  952 ,   9521 : 2.9609897170336e+00 +(5e-03,1e-02) | 1.55e+02 |  2:1.9e-04  5:2.2e-03
#Fevals:   f(returned x)   |    bestever.f     | stopflag (saved to variablescmaes52.mat)
   9522: 2.96098971703e+00 | 2.95394842492e+00 | stagnation
mean solution: +1.5e+00 +2.2e+00 +6.1e-01 +9.8e+00 +4.4e+00 +9.9e+00 +1.1e+00 +1.8e+00 +1.1e+00
std deviation:  1.3e-03  1.9e-04  2.1e-04  5.5e-04  2.2e-03  1.6e-03  1.8e-03  1.8e-03  1.5e-03
use plotcmaesdat.m for plotting the output at any time (option LogModulo must not be zero)
