
                            < M A T L A B (R) >
                  Copyright 1984-2015 The MathWorks, Inc.
                   R2015a (8.5.0.197613) 64-bit (glnxa64)
                             February 12, 2015

 
For online documentation, see http://www.mathworks.com/support
For product information, visit www.mathworks.com.
 

	Academic License

  n=9: (5,10)-CMA-ES(w=[46 27 16 9 3]%, mu_eff=3.2) on function Error
Iterat, #Fevals:   Function Value    (median,worst) |Axis Ratio|idx:Min SD idx:Max SD
    1 ,     11 : 4.4548847089646e+01 +(7e+00,6e+11) | 1.97e+01 |  3:7.7e-01  7:1.5e+01
    2 ,     21 : 3.5945954255317e+01 +(2e+01,2e+09) | 1.99e+01 |  3:6.7e-01  7:1.3e+01
    3 ,     31 : 4.9008552228810e+01 +(3e+00,2e+13) | 1.92e+01 |  3:7.0e-01  7:1.3e+01
    4 ,     41 : 2.9284201833971e+01 +(2e+01,5e+04) | 1.91e+01 |  3:6.7e-01  7:1.3e+01
    5 ,     51 : 5.0378156021244e+01 +(1e+00,2e+09) | 1.88e+01 |  3:6.6e-01  7:1.2e+01
    6 ,     61 : 5.1048482046627e+01 +(5e-01,5e-01) | 1.86e+01 |  3:6.3e-01  7:1.2e+01
    7 ,     71 : 4.7550924182153e+01 +(4e+00,3e+06) | 1.92e+01 |  2:5.8e-01  7:1.1e+01
    8 ,     81 : 1.6148823510876e+01 +(4e+01,6e+13) | 1.93e+01 |  2:5.1e-01  7:9.5e+00
    9 ,     91 : 2.0222800879087e+01 +(3e+01,3e+01) | 1.92e+01 |  2:4.4e-01  7:8.3e+00
Iterat, #Fevals:   Function Value    (median,worst) |Axis Ratio|idx:Min SD idx:Max SD
   10 ,    101 : 4.3842612951983e+01 +(8e+00,7e+03) | 2.02e+01 |  2:4.3e-01  7:8.5e+00
   11 ,    111 : 1.2638401091550e+01 +(4e+01,4e+01) | 2.04e+01 |  2:4.4e-01  7:8.8e+00
   12 ,    121 : 1.7664904670791e+01 +(3e+01,3e+01) | 2.06e+01 |  2:4.1e-01  7:8.3e+00
   13 ,    131 : 2.4309837140625e+01 +(3e+01,3e+01) | 2.11e+01 |  2:3.8e-01  7:7.7e+00
   14 ,    141 : 1.0053669758942e+01 +(4e+01,2e+05) | 2.08e+01 |  2:3.6e-01  7:7.1e+00
   15 ,    151 : 2.6135662386069e+01 +(2e+01,8e+05) | 2.08e+01 |  2:3.6e-01  7:7.3e+00
   16 ,    161 : 1.1973510604683e+01 +(4e+01,8e+01) | 2.07e+01 |  2:3.7e-01  7:7.4e+00
   17 ,    171 : 1.2945351299914e+01 +(2e+01,3e+03) | 2.05e+01 |  3:3.6e-01  7:6.9e+00
   18 ,    181 : 2.6726389700805e+01 +(3e+01,2e+06) | 2.06e+01 |  3:3.3e-01  7:6.4e+00
   19 ,    191 : 1.4421953272375e+01 +(3e+01,4e+03) | 2.05e+01 |  3:3.2e-01  7:6.1e+00
Iterat, #Fevals:   Function Value    (median,worst) |Axis Ratio|idx:Min SD idx:Max SD
   20 ,    201 : 1.3537354422916e+01 +(2e+01,4e+01) | 2.10e+01 |  3:3.0e-01  7:5.7e+00
   21 ,    211 : 2.0834409128329e+01 +(3e+01,6e+06) | 2.14e+01 |  3:2.8e-01  7:5.1e+00
   22 ,    221 : 1.6914952759245e+01 +(1e+01,4e+03) | 2.12e+01 |  3:2.5e-01  7:4.8e+00
   23 ,    231 : 1.0097795466612e+01 +(2e+01,5e+01) | 2.13e+01 |  3:2.2e-01  7:4.2e+00
   24 ,    241 : 1.1796543210018e+01 +(1e+01,3e+02) | 2.08e+01 |  3:2.0e-01  7:3.8e+00
   25 ,    251 : 1.0438999476099e+01 +(8e+00,1e+02) | 2.03e+01 |  3:1.9e-01  7:3.5e+00
   26 ,    261 : 1.1066314783657e+01 +(3e+00,3e+02) | 2.01e+01 |  3:2.0e-01  7:3.7e+00
   27 ,    271 : 1.0685466820244e+01 +(2e+01,3e+05) | 2.12e+01 |  3:2.0e-01  8:3.8e+00
   28 ,    281 : 1.0688578929605e+01 +(1e+01,1e+03) | 2.24e+01 |  3:2.2e-01  8:4.4e+00
   29 ,    291 : 1.0698020774803e+01 +(1e+01,1e+07) | 2.27e+01 |  3:2.2e-01  8:4.3e+00
Iterat, #Fevals:   Function Value    (median,worst) |Axis Ratio|idx:Min SD idx:Max SD
   30 ,    301 : 1.2092425534036e+01 +(2e+01,5e+04) | 2.32e+01 |  3:2.3e-01  8:4.6e+00
   31 ,    311 : 1.0787762887477e+01 +(5e+01,6e+03) | 2.40e+01 |  3:2.4e-01  8:4.9e+00
   32 ,    321 : 1.0858158585616e+01 +(8e+00,5e+01) | 2.43e+01 |  3:2.3e-01  8:4.9e+00
   33 ,    331 : 1.0661794020138e+01 +(1e+01,1e+02) | 2.44e+01 |  3:2.1e-01  8:4.6e+00
   34 ,    341 : 1.0007746797785e+01 +(5e+00,1e+01) | 2.49e+01 |  3:2.2e-01  8:4.6e+00
   35 ,    351 : 9.4866837289224e+00 +(8e+00,1e+02) | 2.57e+01 |  3:2.1e-01  8:4.6e+00
   36 ,    361 : 9.9939908336429e+00 +(4e+00,2e+02) | 2.75e+01 |  3:2.3e-01  7:5.2e+00
   37 ,    371 : 9.3394525678320e+00 +(1e+01,3e+01) | 2.80e+01 |  3:2.2e-01  7:5.1e+00
   38 ,    381 : 9.9433610666877e+00 +(6e+00,2e+02) | 2.86e+01 |  3:2.0e-01  7:4.7e+00
   39 ,    391 : 8.6809914086800e+00 +(4e+00,5e+01) | 2.88e+01 |  3:1.9e-01  7:4.5e+00
Iterat, #Fevals:   Function Value    (median,worst) |Axis Ratio|idx:Min SD idx:Max SD
   40 ,    401 : 1.0529465500678e+01 +(7e+00,4e+01) | 2.88e+01 |  3:1.7e-01  7:3.9e+00
   41 ,    411 : 9.8073170460982e+00 +(1e+00,2e+01) | 2.88e+01 |  3:1.5e-01  8:3.6e+00
   42 ,    421 : 9.8796500013654e+00 +(2e+00,3e+01) | 2.81e+01 |  3:1.4e-01  8:3.2e+00
   43 ,    431 : 9.2611727251898e+00 +(9e-01,6e+01) | 2.79e+01 |  3:1.4e-01  8:3.1e+00
   44 ,    441 : 9.3046633183503e+00 +(8e+00,4e+01) | 2.77e+01 |  3:1.5e-01  8:3.4e+00
   45 ,    451 : 8.7505532899671e+00 +(3e+00,2e+02) | 2.79e+01 |  3:1.5e-01  8:3.4e+00
   46 ,    461 : 8.5609418962168e+00 +(5e+00,2e+01) | 2.79e+01 |  3:1.6e-01  8:3.8e+00
   47 ,    471 : 8.4846120693642e+00 +(5e+00,7e+01) | 2.84e+01 |  3:1.6e-01  8:3.8e+00
   48 ,    481 : 8.4102923040577e+00 +(2e+00,1e+01) | 2.76e+01 |  3:1.5e-01  8:3.5e+00
   49 ,    491 : 7.1475557242440e+00 +(4e+00,2e+01) | 2.79e+01 |  3:1.3e-01  8:3.1e+00
Iterat, #Fevals:   Function Value    (median,worst) |Axis Ratio|idx:Min SD idx:Max SD
   50 ,    501 : 8.1518368941361e+00 +(7e+00,2e+01) | 2.90e+01 |  3:1.3e-01  8:3.4e+00
   51 ,    511 : 8.5928058335051e+00 +(1e+00,3e+01) | 2.92e+01 |  3:1.3e-01  8:3.4e+00
   52 ,    521 : 7.7217840643728e+00 +(2e+00,3e+02) | 2.94e+01 |  3:1.3e-01  8:3.3e+00
   53 ,    531 : 7.9286095512962e+00 +(7e+00,8e+01) | 2.93e+01 |  3:1.2e-01  8:3.1e+00
   54 ,    541 : 7.3912441033413e+00 +(4e+00,4e+01) | 3.04e+01 |  3:1.1e-01  8:3.1e+00
   55 ,    551 : 9.1811822409517e+00 +(9e+00,4e+02) | 2.88e+01 |  3:1.2e-01  8:3.1e+00
   56 ,    561 : 7.5551865926549e+00 +(6e+00,2e+01) | 2.88e+01 |  3:1.3e-01  8:3.4e+00
   57 ,    571 : 8.2200110615561e+00 +(4e+00,2e+05) | 2.89e+01 |  3:1.4e-01  8:3.5e+00
   58 ,    581 : 6.5088550230387e+00 +(4e+00,6e+02) | 3.08e+01 |  3:1.6e-01  8:4.1e+00
   59 ,    591 : 5.5632887830313e+00 +(1e+01,1e+02) | 3.13e+01 |  3:1.6e-01  8:4.1e+00
Iterat, #Fevals:   Function Value    (median,worst) |Axis Ratio|idx:Min SD idx:Max SD
   60 ,    601 : 5.6229326924694e+00 +(5e+00,1e+02) | 3.12e+01 |  3:1.7e-01  8:4.3e+00
   61 ,    611 : 7.5196066621769e+00 +(5e+00,1e+03) | 3.08e+01 |  3:1.6e-01  8:4.2e+00
   62 ,    621 : 7.8020624591671e+00 +(1e+01,2e+04) | 3.08e+01 |  3:1.5e-01  8:3.8e+00
   63 ,    631 : 6.8578612934338e+00 +(3e+00,3e+01) | 3.08e+01 |  3:1.3e-01  8:3.3e+00
   64 ,    641 : 6.5509158072713e+00 +(1e+01,1e+04) | 3.09e+01 |  3:1.1e-01  8:2.9e+00
   65 ,    651 : 5.8362827617329e+00 +(4e+00,2e+01) | 3.06e+01 |  3:1.0e-01  8:2.7e+00
   66 ,    661 : 6.1049055479874e+00 +(6e+00,4e+02) | 3.16e+01 |  3:1.1e-01  8:3.0e+00
   67 ,    671 : 7.5469762206273e+00 +(3e+00,4e+01) | 3.31e+01 |  3:1.2e-01  8:3.2e+00
   68 ,    681 : 6.0999702938545e+00 +(4e+00,1e+01) | 3.26e+01 |  3:1.3e-01  8:3.6e+00
   69 ,    691 : 7.0306557047263e+00 +(5e+00,5e+02) | 3.29e+01 |  3:1.5e-01  8:4.1e+00
Iterat, #Fevals:   Function Value    (median,worst) |Axis Ratio|idx:Min SD idx:Max SD
   70 ,    701 : 7.5565108940275e+00 +(5e+00,8e+02) | 3.42e+01 |  3:1.6e-01  8:4.5e+00
   71 ,    711 : 8.9461657674384e+00 +(2e+00,2e+01) | 3.48e+01 |  3:1.7e-01  8:4.8e+00
   72 ,    721 : 8.4232114345627e+00 +(2e+00,6e+01) | 3.56e+01 |  3:1.8e-01  8:5.1e+00
   73 ,    731 : 8.2522708849941e+00 +(3e+00,2e+01) | 3.52e+01 |  3:1.7e-01  8:4.7e+00
   74 ,    741 : 8.7796587085663e+00 +(5e+00,2e+01) | 3.46e+01 |  3:1.6e-01  8:4.3e+00
   75 ,    751 : 6.8882103289740e+00 +(6e+00,7e+01) | 3.52e+01 |  3:1.7e-01  8:4.7e+00
   76 ,    761 : 7.2960242477109e+00 +(6e+00,3e+01) | 3.57e+01 |  3:1.6e-01  8:4.4e+00
   77 ,    771 : 1.0228413805496e+01 +(9e+00,6e+01) | 3.59e+01 |  3:1.5e-01  8:4.1e+00
   78 ,    781 : 6.3008987169135e+00 +(3e+00,2e+01) | 3.58e+01 |  3:1.4e-01  8:3.7e+00
   79 ,    791 : 6.2965144830659e+00 +(3e+00,2e+01) | 3.59e+01 |  3:1.3e-01  8:3.5e+00
Iterat, #Fevals:   Function Value    (median,worst) |Axis Ratio|idx:Min SD idx:Max SD
   80 ,    801 : 5.7291850526351e+00 +(6e+00,2e+04) | 3.69e+01 |  3:1.4e-01  8:3.8e+00
   81 ,    811 : 6.4042036988312e+00 +(4e+00,7e+01) | 3.69e+01 |  3:1.4e-01  8:3.8e+00
   82 ,    821 : 6.1997447466913e+00 +(4e+00,2e+01) | 3.69e+01 |  3:1.4e-01  8:3.7e+00
   83 ,    831 : 7.7989488735137e+00 +(1e+00,7e+01) | 3.68e+01 |  3:1.2e-01  8:3.2e+00
   84 ,    841 : 6.5165609420910e+00 +(5e+00,4e+01) | 3.74e+01 |  3:1.2e-01  8:3.2e+00
   85 ,    851 : 6.4565865558400e+00 +(3e+00,3e+01) | 3.78e+01 |  3:1.1e-01  8:3.1e+00
   86 ,    861 : 7.9540317139677e+00 +(1e+00,2e+03) | 3.82e+01 |  3:1.1e-01  8:3.0e+00
   87 ,    871 : 6.8506754618998e+00 +(4e+00,1e+01) | 3.82e+01 |  3:1.0e-01  8:2.9e+00
   88 ,    881 : 6.1963389731463e+00 +(3e+00,1e+02) | 3.84e+01 |  3:1.1e-01  8:3.0e+00
   89 ,    891 : 6.4758166948942e+00 +(1e+00,9e+00) | 3.84e+01 |  3:1.0e-01  8:2.7e+00
Iterat, #Fevals:   Function Value    (median,worst) |Axis Ratio|idx:Min SD idx:Max SD
   90 ,    901 : 6.1817067369956e+00 +(1e+00,5e+00) | 3.86e+01 |  3:9.4e-02  8:2.6e+00
   91 ,    911 : 5.8961601379705e+00 +(3e+00,1e+01) | 3.95e+01 |  3:8.8e-02  8:2.4e+00
   92 ,    921 : 5.6541796390364e+00 +(9e-01,2e+01) | 3.96e+01 |  3:8.5e-02  8:2.4e+00
   93 ,    931 : 6.2478625553365e+00 +(4e+00,4e+01) | 4.07e+01 |  3:8.4e-02  8:2.4e+00
   94 ,    941 : 5.8333896171914e+00 +(1e+00,5e+01) | 4.07e+01 |  3:8.6e-02  8:2.4e+00
   95 ,    951 : 5.8394016347967e+00 +(5e+00,2e+01) | 4.07e+01 |  3:8.5e-02  8:2.4e+00
   96 ,    961 : 5.7544709526745e+00 +(1e+00,2e+01) | 4.10e+01 |  3:7.6e-02  8:2.2e+00
   97 ,    971 : 5.8176129760585e+00 +(7e-01,2e+01) | 4.13e+01 |  3:7.0e-02  8:2.0e+00
   98 ,    981 : 5.7218608250842e+00 +(1e+00,7e+00) | 4.23e+01 |  3:6.3e-02  8:1.9e+00
   99 ,    991 : 6.0040931630132e+00 +(2e+00,4e+01) | 4.21e+01 |  3:6.2e-02  8:1.8e+00
Iterat, #Fevals:   Function Value    (median,worst) |Axis Ratio|idx:Min SD idx:Max SD
  100 ,   1001 : 5.7621440250398e+00 +(8e-01,3e+00) | 4.38e+01 |  3:6.5e-02  8:2.0e+00
  101 ,   1011 : 6.3680515275378e+00 +(1e+00,6e+00) | 4.33e+01 |  3:6.3e-02  8:1.9e+00
  102 ,   1021 : 5.9845214691993e+00 +(7e-01,4e+00) | 4.34e+01 |  3:5.7e-02  8:1.8e+00
  103 ,   1031 : 6.0289162781488e+00 +(7e-01,8e+00) | 4.37e+01 |  3:6.1e-02  8:1.8e+00
  104 ,   1041 : 5.7491786593140e+00 +(7e-01,4e+00) | 4.39e+01 |  3:5.9e-02  8:1.7e+00
  105 ,   1051 : 5.7169906803392e+00 +(2e+00,3e+01) | 4.51e+01 |  3:5.4e-02  8:1.6e+00
  106 ,   1061 : 5.7867794643546e+00 +(4e-01,4e+00) | 4.56e+01 |  3:4.6e-02  8:1.4e+00
  107 ,   1071 : 5.7113349495953e+00 +(9e-01,4e+00) | 4.57e+01 |  3:4.4e-02  8:1.4e+00
  108 ,   1081 : 5.8037849963393e+00 +(5e-01,3e+00) | 4.63e+01 |  3:3.9e-02  8:1.2e+00
  109 ,   1091 : 5.7210774066839e+00 +(4e-01,1e+00) | 4.55e+01 |  3:3.7e-02  8:1.1e+00
Iterat, #Fevals:   Function Value    (median,worst) |Axis Ratio|idx:Min SD idx:Max SD
  110 ,   1101 : 5.7240365358476e+00 +(2e-01,4e-01) | 4.41e+01 |  3:3.7e-02  8:1.1e+00
  111 ,   1111 : 5.6416308935714e+00 +(4e-01,1e+00) | 4.27e+01 |  3:4.0e-02  8:1.2e+00
  112 ,   1121 : 5.6969957120458e+00 +(9e-02,5e+00) | 4.29e+01 |  3:3.7e-02  8:1.1e+00
  113 ,   1131 : 5.7208759130134e+00 +(5e-01,2e+00) | 4.29e+01 |  3:3.5e-02  8:1.0e+00
  114 ,   1141 : 5.7104652040723e+00 +(3e-01,1e+00) | 4.36e+01 |  3:3.4e-02  8:1.0e+00
  115 ,   1151 : 5.7275666938254e+00 +(2e-01,1e+00) | 4.47e+01 |  3:3.2e-02  8:9.7e-01
  116 ,   1161 : 5.7518497784168e+00 +(1e-01,2e+00) | 4.46e+01 |  3:3.2e-02  8:9.9e-01
  117 ,   1171 : 5.6780099388532e+00 +(6e-01,2e+00) | 4.47e+01 |  3:3.2e-02  8:1.0e+00
  118 ,   1181 : 5.6901132069090e+00 +(7e-01,3e+00) | 4.42e+01 |  3:3.2e-02  8:9.7e-01
  119 ,   1191 : 5.6591773229506e+00 +(7e-02,3e+00) | 4.46e+01 |  3:3.2e-02  8:9.7e-01
Iterat, #Fevals:   Function Value    (median,worst) |Axis Ratio|idx:Min SD idx:Max SD
  120 ,   1201 : 5.6898043295482e+00 +(4e-01,5e+00) | 4.49e+01 |  3:3.2e-02  8:9.5e-01
  121 ,   1211 : 5.6763189772001e+00 +(3e-01,1e+00) | 4.49e+01 |  3:3.3e-02  8:9.4e-01
  122 ,   1221 : 5.7297467949771e+00 +(3e-01,5e+00) | 4.38e+01 |  3:3.1e-02  8:8.6e-01
  123 ,   1231 : 5.7547074488170e+00 +(4e-01,2e+00) | 4.33e+01 |  3:2.9e-02  8:8.1e-01
  124 ,   1241 : 5.6816246376245e+00 +(6e-01,5e+00) | 4.36e+01 |  3:2.5e-02  8:7.0e-01
  125 ,   1251 : 5.6425231259955e+00 +(2e-01,2e+00) | 4.37e+01 |  3:2.4e-02  8:6.5e-01
  126 ,   1261 : 5.6369486479422e+00 +(3e-01,1e+00) | 4.52e+01 |  3:2.2e-02  8:6.2e-01
  127 ,   1271 : 5.6765982443712e+00 +(7e-02,5e-01) | 4.59e+01 |  3:2.1e-02  8:6.2e-01
  128 ,   1281 : 5.6457311100816e+00 +(6e-02,1e+00) | 4.66e+01 |  3:2.2e-02  8:6.5e-01
  129 ,   1291 : 5.6575621190774e+00 +(6e-02,9e-01) | 4.74e+01 |  3:2.0e-02  8:6.0e-01
Iterat, #Fevals:   Function Value    (median,worst) |Axis Ratio|idx:Min SD idx:Max SD
  130 ,   1301 : 5.6577500950760e+00 +(8e-02,8e-01) | 4.83e+01 |  3:1.9e-02  8:5.7e-01
  131 ,   1311 : 5.6363337104729e+00 +(5e-02,7e-01) | 4.83e+01 |  3:1.7e-02  8:5.0e-01
  132 ,   1321 : 5.6192567223255e+00 +(3e-02,4e-01) | 4.87e+01 |  3:1.6e-02  8:4.8e-01
  133 ,   1331 : 5.6295911438508e+00 +(8e-02,4e-01) | 4.88e+01 |  3:1.7e-02  8:4.9e-01
  134 ,   1341 : 5.6052660726685e+00 +(6e-02,2e-01) | 4.76e+01 |  3:1.9e-02  8:5.4e-01
  135 ,   1351 : 5.6122179773592e+00 +(1e-01,3e-01) | 4.81e+01 |  3:1.8e-02  8:5.2e-01
  136 ,   1361 : 5.6274811510418e+00 +(1e-01,4e-01) | 4.84e+01 |  3:1.6e-02  8:4.6e-01
  137 ,   1371 : 5.5998389628508e+00 +(6e-02,1e-01) | 4.82e+01 |  3:1.5e-02  8:4.2e-01
  138 ,   1381 : 5.5885017483206e+00 +(5e-02,2e-01) | 4.79e+01 |  3:1.4e-02  8:4.0e-01
  139 ,   1391 : 5.6057502299290e+00 +(8e-02,2e-01) | 4.73e+01 |  3:1.3e-02  8:3.6e-01
Iterat, #Fevals:   Function Value    (median,worst) |Axis Ratio|idx:Min SD idx:Max SD
  140 ,   1401 : 5.6019772548421e+00 +(3e-02,1e-01) | 4.69e+01 |  3:1.2e-02  8:3.4e-01
  141 ,   1411 : 5.5986481229405e+00 +(4e-02,2e-01) | 4.55e+01 |  3:1.2e-02  8:3.3e-01
  142 ,   1421 : 5.5695388496112e+00 +(7e-02,2e-01) | 4.66e+01 |  3:1.2e-02  8:3.3e-01
  143 ,   1431 : 5.5667196753822e+00 +(7e-02,1e-01) | 4.71e+01 |  3:1.2e-02  8:3.4e-01
  144 ,   1441 : 5.5751426520165e+00 +(6e-02,2e-01) | 4.75e+01 |  3:1.3e-02  8:3.5e-01
  145 ,   1451 : 5.5912140818380e+00 +(3e-02,7e-02) | 4.84e+01 |  3:1.2e-02  8:3.3e-01
  146 ,   1461 : 5.5807865520972e+00 +(4e-02,1e-01) | 4.92e+01 |  3:1.1e-02  8:3.0e-01
  147 ,   1471 : 5.5775463684796e+00 +(5e-02,1e-01) | 4.92e+01 |  3:9.7e-03  8:2.8e-01
  148 ,   1481 : 5.5797702791537e+00 +(3e-02,8e-02) | 4.99e+01 |  3:9.3e-03  8:2.7e-01
  149 ,   1491 : 5.5829849968620e+00 +(4e-02,1e-01) | 4.99e+01 |  3:8.3e-03  8:2.4e-01
Iterat, #Fevals:   Function Value    (median,worst) |Axis Ratio|idx:Min SD idx:Max SD
  150 ,   1501 : 5.5741160230387e+00 +(5e-02,9e-02) | 5.03e+01 |  3:8.1e-03  8:2.4e-01
  151 ,   1511 : 5.5867804487081e+00 +(4e-02,1e-01) | 5.25e+01 |  3:8.0e-03  8:2.4e-01
  152 ,   1521 : 5.5780495430043e+00 +(6e-02,1e-01) | 5.14e+01 |  3:8.4e-03  8:2.5e-01
  153 ,   1531 : 5.5790108679282e+00 +(6e-02,8e-02) | 5.13e+01 |  3:8.6e-03  8:2.6e-01
  154 ,   1541 : 5.5739252376595e+00 +(5e-02,1e-01) | 5.11e+01 |  3:9.0e-03  8:2.6e-01
  155 ,   1551 : 5.5721301555074e+00 +(4e-02,1e-01) | 5.12e+01 |  3:8.5e-03  8:2.5e-01
  156 ,   1561 : 5.5818218781236e+00 +(3e-02,8e-02) | 5.12e+01 |  3:7.7e-03  8:2.3e-01
  157 ,   1571 : 5.5801032681755e+00 +(3e-02,8e-02) | 5.15e+01 |  3:7.0e-03  8:2.1e-01
  158 ,   1581 : 5.5988300668339e+00 +(3e-02,7e-02) | 5.42e+01 |  3:6.9e-03  8:2.1e-01
  159 ,   1591 : 5.5950317708766e+00 +(2e-02,8e-02) | 5.45e+01 |  3:6.7e-03  8:2.0e-01
Iterat, #Fevals:   Function Value    (median,worst) |Axis Ratio|idx:Min SD idx:Max SD
  160 ,   1601 : 5.5857335028249e+00 +(3e-02,6e-02) | 6.07e+01 |  3:8.3e-03  8:2.6e-01
  161 ,   1611 : 5.5820245600675e+00 +(5e-02,1e-01) | 6.66e+01 |  2:1.0e-02  8:3.2e-01
  162 ,   1621 : 5.5846428557181e+00 +(3e-02,4e-02) | 7.10e+01 |  2:1.1e-02  8:3.5e-01
  163 ,   1631 : 5.6023975345886e+00 +(3e-02,1e-01) | 7.20e+01 |  2:1.1e-02  8:3.7e-01
  164 ,   1641 : 5.5745093583045e+00 +(4e-02,1e-01) | 7.17e+01 |  2:1.1e-02  8:3.7e-01
  165 ,   1651 : 5.6041730232740e+00 +(2e-02,5e-02) | 7.16e+01 |  2:1.1e-02  8:3.6e-01
  166 ,   1661 : 5.5758456976672e+00 +(2e-02,5e-02) | 7.24e+01 |  2:1.1e-02  8:3.5e-01
  167 ,   1671 : 5.5733815100848e+00 +(4e-02,7e-02) | 7.25e+01 |  2:9.9e-03  8:3.2e-01
  168 ,   1681 : 5.5717212197191e+00 +(5e-02,1e-01) | 7.38e+01 |  2:9.8e-03  8:3.2e-01
  169 ,   1691 : 5.5761730252770e+00 +(4e-02,8e-02) | 7.47e+01 |  2:1.0e-02  8:3.3e-01
Iterat, #Fevals:   Function Value    (median,worst) |Axis Ratio|idx:Min SD idx:Max SD
  170 ,   1701 : 5.6042265878619e+00 +(1e-02,4e-02) | 7.54e+01 |  2:9.7e-03  8:3.1e-01
  171 ,   1711 : 5.5711505881400e+00 +(4e-02,5e-02) | 7.37e+01 |  2:8.9e-03  8:2.8e-01
  172 ,   1721 : 5.5740048370372e+00 +(3e-02,7e-02) | 7.53e+01 |  2:9.1e-03  8:2.9e-01
  173 ,   1731 : 5.5756945306747e+00 +(5e-02,1e-01) | 7.57e+01 |  2:8.3e-03  8:2.6e-01
  174 ,   1741 : 5.5676840015528e+00 +(4e-02,8e-02) | 7.68e+01 |  2:7.4e-03  8:2.3e-01
  175 ,   1751 : 5.5624068224897e+00 +(5e-02,5e-02) | 7.72e+01 |  2:7.0e-03  8:2.2e-01
  176 ,   1761 : 5.5925048954832e+00 +(2e-02,6e-02) | 7.69e+01 |  2:6.7e-03  8:2.1e-01
  177 ,   1771 : 5.5941582728880e+00 +(1e-02,5e-02) | 7.78e+01 |  2:6.9e-03  8:2.1e-01
  178 ,   1781 : 5.5649839360109e+00 +(5e-02,9e-02) | 8.06e+01 |  2:7.3e-03  8:2.2e-01
  179 ,   1791 : 5.5592224974474e+00 +(2e-02,6e-02) | 8.09e+01 |  2:7.5e-03  8:2.2e-01
Iterat, #Fevals:   Function Value    (median,worst) |Axis Ratio|idx:Min SD idx:Max SD
  180 ,   1801 : 5.5630518730157e+00 +(4e-02,5e-02) | 8.12e+01 |  2:7.2e-03  8:2.1e-01
  181 ,   1811 : 5.5636287992661e+00 +(4e-02,7e-02) | 8.35e+01 |  2:7.5e-03  8:2.2e-01
  182 ,   1821 : 5.5839818785860e+00 +(3e-02,6e-02) | 8.13e+01 |  2:7.0e-03  8:2.0e-01
  183 ,   1831 : 5.5612563253254e+00 +(4e-02,6e-02) | 8.21e+01 |  2:6.7e-03  8:1.9e-01
  184 ,   1841 : 5.5592561270636e+00 +(1e-02,6e-02) | 8.29e+01 |  2:7.1e-03  8:2.0e-01
  185 ,   1851 : 5.5751431267468e+00 +(3e-02,7e-02) | 8.46e+01 |  2:7.5e-03  8:2.2e-01
  186 ,   1861 : 5.5635947209512e+00 +(4e-02,5e-02) | 8.89e+01 |  2:7.4e-03  8:2.3e-01
  187 ,   1871 : 5.5635245763282e+00 +(4e-02,6e-02) | 9.24e+01 |  2:6.9e-03  8:2.1e-01
  188 ,   1881 : 5.5650648429545e+00 +(4e-02,6e-02) | 9.30e+01 |  2:6.5e-03  8:2.0e-01
  189 ,   1891 : 5.5611350804918e+00 +(2e-02,5e-02) | 9.28e+01 |  2:7.1e-03  8:2.2e-01
Iterat, #Fevals:   Function Value    (median,worst) |Axis Ratio|idx:Min SD idx:Max SD
  190 ,   1901 : 5.5637593560805e+00 +(3e-02,1e-01) | 9.24e+01 |  2:6.6e-03  8:2.1e-01
  191 ,   1911 : 5.5690311159443e+00 +(4e-02,6e-02) | 9.39e+01 |  2:6.9e-03  8:2.2e-01
  192 ,   1921 : 5.5743147021780e+00 +(2e-02,5e-02) | 9.61e+01 |  2:7.6e-03  8:2.4e-01
  193 ,   1931 : 5.5595524471989e+00 +(3e-02,9e-02) | 9.47e+01 |  2:7.7e-03  8:2.4e-01
  194 ,   1941 : 5.5603115218587e+00 +(4e-02,7e-02) | 9.56e+01 |  2:8.7e-03  8:2.6e-01
  195 ,   1951 : 5.5575789104205e+00 +(4e-02,8e-02) | 9.60e+01 |  2:9.2e-03  8:2.7e-01
  196 ,   1961 : 5.5553692940873e+00 +(6e-02,9e-02) | 9.47e+01 |  2:9.0e-03  8:2.6e-01
  197 ,   1971 : 5.5663693564686e+00 +(4e-02,8e-02) | 9.27e+01 |  2:8.9e-03  8:2.6e-01
  198 ,   1981 : 5.5561353328768e+00 +(5e-02,7e-02) | 9.25e+01 |  2:8.7e-03  8:2.6e-01
  199 ,   1991 : 5.5563628354091e+00 +(3e-02,6e-02) | 9.45e+01 |  2:8.1e-03  8:2.5e-01
Iterat, #Fevals:   Function Value    (median,worst) |Axis Ratio|idx:Min SD idx:Max SD
  200 ,   2001 : 5.5514470132232e+00 +(5e-02,8e-02) | 9.42e+01 |  2:7.8e-03  8:2.3e-01
  201 ,   2011 : 5.5825706305736e+00 +(3e-02,6e-02) | 9.21e+01 |  2:8.0e-03  8:2.4e-01
  202 ,   2021 : 5.5430538876284e+00 +(6e-02,1e-01) | 9.19e+01 |  2:8.7e-03  8:2.6e-01
  203 ,   2031 : 5.5398745884573e+00 +(3e-02,7e-02) | 9.29e+01 |  2:8.4e-03  8:2.5e-01
  204 ,   2041 : 5.5452641102159e+00 +(6e-02,8e-02) | 9.44e+01 |  2:8.1e-03  8:2.4e-01
  205 ,   2051 : 5.5574171686442e+00 +(4e-02,6e-02) | 9.55e+01 |  2:8.4e-03  8:2.5e-01
  206 ,   2061 : 5.5413034088469e+00 +(7e-02,1e-01) | 9.16e+01 |  2:8.8e-03  8:2.6e-01
  207 ,   2071 : 5.5428516491668e+00 +(6e-02,1e-01) | 8.33e+01 |  2:9.3e-03  8:2.8e-01
  208 ,   2081 : 5.5604551321697e+00 +(3e-02,9e-02) | 8.03e+01 |  2:1.0e-02  8:2.9e-01
  209 ,   2091 : 5.5463020324114e+00 +(2e-02,1e-01) | 8.07e+01 |  2:1.1e-02  8:3.1e-01
Iterat, #Fevals:   Function Value    (median,worst) |Axis Ratio|idx:Min SD idx:Max SD
  210 ,   2101 : 5.5313088533250e+00 +(2e-02,9e-02) | 8.33e+01 |  2:1.2e-02  8:3.4e-01
  211 ,   2111 : 5.5223797362419e+00 +(5e-02,1e-01) | 8.66e+01 |  2:1.2e-02  8:3.5e-01
  212 ,   2121 : 5.5199164336472e+00 +(7e-02,2e-01) | 8.96e+01 |  2:1.1e-02  8:3.5e-01
  213 ,   2131 : 5.5217016573211e+00 +(5e-02,1e-01) | 9.39e+01 |  2:1.2e-02  8:3.9e-01
  214 ,   2141 : 5.5197349713102e+00 +(4e-02,9e-02) | 9.39e+01 |  2:1.3e-02  8:4.0e-01
  215 ,   2151 : 5.5143389086576e+00 +(5e-02,2e-01) | 9.42e+01 |  2:1.3e-02  8:4.0e-01
  216 ,   2161 : 5.5363830300784e+00 +(6e-02,1e-01) | 9.19e+01 |  2:1.4e-02  8:4.1e-01
  217 ,   2171 : 5.5216287678236e+00 +(7e-02,1e-01) | 9.11e+01 |  2:1.4e-02  8:4.1e-01
  218 ,   2181 : 5.5187853617130e+00 +(7e-02,1e-01) | 8.99e+01 |  2:1.3e-02  8:3.7e-01
  219 ,   2191 : 5.5194306184222e+00 +(6e-02,2e-01) | 8.87e+01 |  2:1.4e-02  8:3.8e-01
Iterat, #Fevals:   Function Value    (median,worst) |Axis Ratio|idx:Min SD idx:Max SD
  220 ,   2201 : 5.5145600227379e+00 +(2e-02,8e-02) | 8.91e+01 |  2:1.3e-02  8:3.7e-01
  221 ,   2211 : 5.5111443622315e+00 +(5e-02,1e-01) | 8.97e+01 |  2:1.3e-02  8:3.6e-01
  222 ,   2221 : 5.5174176880353e+00 +(5e-02,1e-01) | 9.30e+01 |  2:1.2e-02  8:3.6e-01
  223 ,   2231 : 5.5262327923372e+00 +(6e-02,2e-01) | 9.34e+01 |  2:1.3e-02  8:3.7e-01
  224 ,   2241 : 5.5334703615716e+00 +(4e-02,7e-02) | 9.14e+01 |  2:1.3e-02  8:3.8e-01
  225 ,   2251 : 5.5486228321531e+00 +(6e-02,9e-02) | 9.15e+01 |  2:1.4e-02  8:4.1e-01
  226 ,   2261 : 5.5663258801339e+00 +(3e-02,9e-02) | 9.14e+01 |  2:1.4e-02  8:3.9e-01
  227 ,   2271 : 5.5309261985213e+00 +(6e-02,1e-01) | 9.14e+01 |  2:1.3e-02  8:3.6e-01
  228 ,   2281 : 5.5124104273677e+00 +(8e-02,1e-01) | 9.09e+01 |  2:1.2e-02  8:3.4e-01
  229 ,   2291 : 5.5219134008865e+00 +(6e-02,1e-01) | 9.21e+01 |  2:1.2e-02  8:3.4e-01
Iterat, #Fevals:   Function Value    (median,worst) |Axis Ratio|idx:Min SD idx:Max SD
  230 ,   2301 : 5.5055610640066e+00 +(5e-02,1e-01) | 9.31e+01 |  2:1.1e-02  8:3.2e-01
  231 ,   2311 : 5.5019388043616e+00 +(7e-02,9e-02) | 9.26e+01 |  2:1.1e-02  8:3.1e-01
  232 ,   2321 : 5.5572541168692e+00 +(2e-02,6e-02) | 9.24e+01 |  2:1.1e-02  8:3.1e-01
  233 ,   2331 : 5.4915700206026e+00 +(5e-02,2e-01) | 9.48e+01 |  2:1.2e-02  8:3.5e-01
  234 ,   2341 : 5.5185387878443e+00 +(5e-02,8e-02) | 9.42e+01 |  2:1.1e-02  8:3.4e-01
  235 ,   2351 : 5.4955584962847e+00 +(6e-02,1e-01) | 9.41e+01 |  2:1.1e-02  8:3.5e-01
  236 ,   2361 : 5.5160689593344e+00 +(5e-02,1e-01) | 9.61e+01 |  2:1.1e-02  8:3.5e-01
  237 ,   2371 : 5.4927630545523e+00 +(7e-02,1e-01) | 9.36e+01 |  2:1.1e-02  8:3.4e-01
  238 ,   2381 : 5.5147518313785e+00 +(4e-02,8e-02) | 9.45e+01 |  2:1.1e-02  8:3.4e-01
  239 ,   2391 : 5.4941342913809e+00 +(7e-02,1e-01) | 9.56e+01 |  2:1.0e-02  8:3.2e-01
Iterat, #Fevals:   Function Value    (median,worst) |Axis Ratio|idx:Min SD idx:Max SD
  240 ,   2401 : 5.4959975550996e+00 +(6e-02,2e-01) | 9.42e+01 |  2:1.0e-02  8:3.2e-01
  241 ,   2411 : 5.5129623830381e+00 +(4e-02,9e-02) | 9.42e+01 |  2:1.0e-02  8:3.2e-01
  242 ,   2421 : 5.4908025706552e+00 +(4e-02,1e-01) | 9.42e+01 |  2:9.9e-03  8:3.0e-01
  243 ,   2431 : 5.4727028435018e+00 +(7e-02,1e-01) | 9.51e+01 |  2:9.6e-03  8:2.9e-01
  244 ,   2441 : 5.4854629617265e+00 +(6e-02,2e-01) | 9.23e+01 |  2:9.5e-03  8:2.8e-01
  245 ,   2451 : 5.4732053428815e+00 +(7e-02,1e-01) | 9.22e+01 |  2:8.9e-03  8:2.6e-01
  246 ,   2461 : 5.4730300194754e+00 +(4e-02,1e-01) | 9.09e+01 |  2:8.5e-03  8:2.5e-01
  247 ,   2471 : 5.4793802011113e+00 +(6e-02,1e-01) | 8.98e+01 |  2:7.6e-03  8:2.3e-01
  248 ,   2481 : 5.4485545274170e+00 +(9e-02,2e-01) | 9.04e+01 |  2:7.2e-03  8:2.2e-01
  249 ,   2491 : 5.4716289302599e+00 +(5e-02,1e-01) | 9.24e+01 |  2:7.8e-03  8:2.4e-01
Iterat, #Fevals:   Function Value    (median,worst) |Axis Ratio|idx:Min SD idx:Max SD
  250 ,   2501 : 5.4673099045654e+00 +(8e-02,1e-01) | 9.32e+01 |  2:9.3e-03  8:2.8e-01
  251 ,   2511 : 5.4673964495048e+00 +(7e-02,9e-02) | 9.40e+01 |  2:1.1e-02  8:3.3e-01
  252 ,   2521 : 5.4629634121784e+00 +(3e-02,9e-02) | 9.43e+01 |  2:1.2e-02  8:3.8e-01
  253 ,   2531 : 5.4640450305742e+00 +(5e-02,8e-02) | 9.27e+01 |  2:1.3e-02  8:4.1e-01
  254 ,   2541 : 5.4603933130963e+00 +(6e-02,1e-01) | 9.18e+01 |  2:1.4e-02  8:4.2e-01
  255 ,   2551 : 5.4398426871153e+00 +(8e-02,1e-01) | 9.08e+01 |  2:1.4e-02  8:4.2e-01
  256 ,   2561 : 5.4545623336689e+00 +(5e-02,1e-01) | 9.23e+01 |  2:1.4e-02  8:4.1e-01
  257 ,   2571 : 5.4813471112195e+00 +(2e-02,2e-01) | 9.39e+01 |  2:1.4e-02  8:4.2e-01
  258 ,   2581 : 5.4344283022893e+00 +(5e-02,1e-01) | 9.04e+01 |  2:1.4e-02  8:4.2e-01
  259 ,   2591 : 5.4533179870129e+00 +(6e-02,1e-01) | 9.11e+01 |  2:1.3e-02  8:3.8e-01
Iterat, #Fevals:   Function Value    (median,worst) |Axis Ratio|idx:Min SD idx:Max SD
  260 ,   2601 : 5.4753234692212e+00 +(4e-02,9e-02) | 9.13e+01 |  2:1.2e-02  8:3.5e-01
  261 ,   2611 : 5.4709265785056e+00 +(3e-02,1e-01) | 9.10e+01 |  2:1.0e-02  8:3.1e-01
  262 ,   2621 : 5.4533306809465e+00 +(6e-02,9e-02) | 9.21e+01 |  2:9.5e-03  8:2.9e-01
  263 ,   2631 : 5.4632738557192e+00 +(6e-02,1e-01) | 9.46e+01 |  2:9.0e-03  8:2.8e-01
  264 ,   2641 : 5.4619047856866e+00 +(6e-02,1e-01) | 9.86e+01 |  2:9.2e-03  8:3.0e-01
  265 ,   2651 : 5.4809017009349e+00 +(5e-02,8e-02) | 9.85e+01 |  2:9.1e-03  8:3.0e-01
  266 ,   2661 : 5.4661495788681e+00 +(2e-02,1e-01) | 9.74e+01 |  2:8.8e-03  8:2.9e-01
  267 ,   2671 : 5.5006016615583e+00 +(4e-02,8e-02) | 9.84e+01 |  2:9.0e-03  8:2.9e-01
  268 ,   2681 : 5.4591409171288e+00 +(5e-02,2e-01) | 9.84e+01 |  2:8.4e-03  8:2.7e-01
  269 ,   2691 : 5.4437368389205e+00 +(6e-02,1e-01) | 9.94e+01 |  2:8.8e-03  8:2.9e-01
Iterat, #Fevals:   Function Value    (median,worst) |Axis Ratio|idx:Min SD idx:Max SD
  270 ,   2701 : 5.4312302871019e+00 +(7e-02,1e-01) | 1.01e+02 |  2:9.9e-03  8:3.2e-01
  271 ,   2711 : 5.4313751634631e+00 +(7e-02,1e-01) | 1.02e+02 |  2:1.0e-02  8:3.3e-01
  272 ,   2721 : 5.4446285023881e+00 +(5e-02,9e-02) | 1.01e+02 |  2:9.2e-03  8:3.0e-01
  273 ,   2731 : 5.4645959156687e+00 +(2e-02,1e-01) | 1.01e+02 |  2:8.6e-03  8:2.8e-01
  274 ,   2741 : 5.4632962971099e+00 +(3e-02,7e-02) | 1.00e+02 |  2:8.1e-03  8:2.6e-01
  275 ,   2751 : 5.4515947785113e+00 +(6e-02,1e-01) | 1.02e+02 |  2:7.3e-03  8:2.4e-01
  276 ,   2761 : 5.4628861833628e+00 +(6e-02,9e-02) | 9.98e+01 |  2:6.9e-03  8:2.2e-01
  277 ,   2771 : 5.4388299500509e+00 +(7e-02,1e-01) | 1.02e+02 |  2:6.3e-03  8:2.1e-01
  278 ,   2781 : 5.4228701441163e+00 +(4e-02,1e-01) | 1.03e+02 |  2:5.5e-03  8:1.8e-01
  279 ,   2791 : 5.4267331376099e+00 +(7e-02,1e-01) | 1.04e+02 |  2:6.0e-03  8:2.0e-01
Iterat, #Fevals:   Function Value    (median,worst) |Axis Ratio|idx:Min SD idx:Max SD
  280 ,   2801 : 5.4479411093327e+00 +(6e-02,1e-01) | 1.06e+02 |  2:6.3e-03  8:2.1e-01
  281 ,   2811 : 5.4325954482241e+00 +(4e-02,1e-01) | 1.06e+02 |  2:6.3e-03  8:2.1e-01
  282 ,   2821 : 5.4574107344663e+00 +(3e-02,8e-02) | 1.05e+02 |  2:6.5e-03  8:2.1e-01
  283 ,   2831 : 5.4488444827924e+00 +(3e-02,8e-02) | 1.04e+02 |  2:5.8e-03  8:1.8e-01
  284 ,   2841 : 5.4492369587207e+00 +(5e-02,1e-01) | 1.08e+02 |  2:5.1e-03  8:1.6e-01
  285 ,   2851 : 5.4417659764988e+00 +(7e-02,1e-01) | 1.08e+02 |  2:4.4e-03  8:1.4e-01
  286 ,   2861 : 5.4220570553976e+00 +(8e-02,1e-01) | 1.08e+02 |  2:4.4e-03  8:1.4e-01
  287 ,   2871 : 5.4429735035171e+00 +(3e-02,1e-01) | 1.08e+02 |  2:4.3e-03  8:1.4e-01
  288 ,   2881 : 5.4371430712271e+00 +(3e-02,7e-02) | 1.10e+02 |  2:4.3e-03  8:1.4e-01
  289 ,   2891 : 5.4303478212093e+00 +(7e-02,9e-02) | 1.12e+02 |  2:3.9e-03  8:1.3e-01
Iterat, #Fevals:   Function Value    (median,worst) |Axis Ratio|idx:Min SD idx:Max SD
  290 ,   2901 : 5.4479068214031e+00 +(6e-02,1e-01) | 1.11e+02 |  2:4.2e-03  8:1.3e-01
  291 ,   2911 : 5.4491908153507e+00 +(5e-02,7e-02) | 1.16e+02 |  2:4.6e-03  8:1.5e-01
  292 ,   2921 : 5.4498569013016e+00 +(6e-02,9e-02) | 1.14e+02 |  2:4.8e-03  8:1.5e-01
  293 ,   2931 : 5.4302366864083e+00 +(8e-02,1e-01) | 1.15e+02 |  2:5.3e-03  8:1.6e-01
  294 ,   2941 : 5.4323974337352e+00 +(8e-02,1e-01) | 1.17e+02 |  2:5.7e-03  8:1.7e-01
  295 ,   2951 : 5.4511885622862e+00 +(8e-03,1e-01) | 1.14e+02 |  2:5.5e-03  8:1.6e-01
  296 ,   2961 : 5.4335250406420e+00 +(5e-02,9e-02) | 1.16e+02 |  2:5.2e-03  8:1.6e-01
  297 ,   2971 : 5.4449066115953e+00 +(4e-02,9e-02) | 1.15e+02 |  2:5.0e-03  8:1.5e-01
  298 ,   2981 : 5.4431089695852e+00 +(4e-02,1e-01) | 1.15e+02 |  2:4.7e-03  8:1.4e-01
  299 ,   2991 : 5.4480179433478e+00 +(6e-02,8e-02) | 1.15e+02 |  2:4.4e-03  8:1.3e-01
Iterat, #Fevals:   Function Value    (median,worst) |Axis Ratio|idx:Min SD idx:Max SD
  300 ,   3001 : 5.4399402857334e+00 +(6e-02,8e-02) | 1.11e+02 |  2:4.3e-03  8:1.3e-01
  301 ,   3011 : 5.4151773705435e+00 +(5e-02,1e-01) | 1.08e+02 |  2:4.1e-03  8:1.2e-01
  302 ,   3021 : 5.4208712766366e+00 +(6e-02,1e-01) | 1.08e+02 |  2:4.1e-03  8:1.2e-01
  303 ,   3031 : 5.4300723520230e+00 +(5e-02,8e-02) | 1.11e+02 |  2:4.3e-03  8:1.3e-01
  304 ,   3041 : 5.4290422013913e+00 +(3e-02,8e-02) | 1.11e+02 |  2:4.4e-03  9:1.3e-01
  305 ,   3051 : 5.4294476259590e+00 +(4e-02,1e-01) | 1.08e+02 |  2:4.6e-03  9:1.4e-01
  306 ,   3061 : 5.4248556163569e+00 +(3e-02,8e-02) | 1.10e+02 |  2:4.7e-03  9:1.5e-01
  307 ,   3071 : 5.4158219965053e+00 +(3e-02,1e-01) | 1.09e+02 |  2:5.0e-03  9:1.6e-01
  308 ,   3081 : 5.4228304728011e+00 +(8e-02,2e-01) | 1.10e+02 |  2:5.3e-03  9:1.7e-01
  309 ,   3091 : 5.4416794721210e+00 +(3e-02,6e-02) | 1.10e+02 |  2:5.6e-03  9:1.8e-01
Iterat, #Fevals:   Function Value    (median,worst) |Axis Ratio|idx:Min SD idx:Max SD
  310 ,   3101 : 5.4147287175682e+00 +(5e-02,1e-01) | 1.12e+02 |  2:5.6e-03  9:1.8e-01
  311 ,   3111 : 5.4151921095534e+00 +(6e-02,1e-01) | 1.12e+02 |  2:5.3e-03  9:1.8e-01
  312 ,   3121 : 5.4320653960240e+00 +(4e-02,9e-02) | 1.11e+02 |  2:4.8e-03  9:1.6e-01
  313 ,   3131 : 5.4107241921944e+00 +(4e-02,1e-01) | 1.10e+02 |  2:4.6e-03  9:1.5e-01
  314 ,   3141 : 5.4192079502998e+00 +(7e-02,1e-01) | 1.09e+02 |  2:4.7e-03  9:1.5e-01
  315 ,   3151 : 5.4295894769690e+00 +(2e-02,7e-02) | 1.08e+02 |  2:4.3e-03  9:1.4e-01
  316 ,   3161 : 5.4096997008759e+00 +(3e-02,1e-01) | 1.14e+02 |  2:4.2e-03  9:1.4e-01
  317 ,   3171 : 5.4245707552590e+00 +(5e-02,8e-02) | 1.16e+02 |  2:4.0e-03  9:1.4e-01
  318 ,   3181 : 5.4163105220758e+00 +(4e-02,9e-02) | 1.18e+02 |  2:4.2e-03  9:1.5e-01
  319 ,   3191 : 5.4016189617899e+00 +(5e-02,1e-01) | 1.24e+02 |  2:4.7e-03  9:1.7e-01
Iterat, #Fevals:   Function Value    (median,worst) |Axis Ratio|idx:Min SD idx:Max SD
  320 ,   3201 : 5.4058115339645e+00 +(3e-02,9e-02) | 1.27e+02 |  2:4.9e-03  9:1.8e-01
  321 ,   3211 : 5.4249470222216e+00 +(4e-02,8e-02) | 1.35e+02 |  2:5.2e-03  9:2.0e-01
  322 ,   3221 : 5.4106206175365e+00 +(3e-02,1e-01) | 1.36e+02 |  2:5.2e-03  9:2.0e-01
  323 ,   3231 : 5.3952778978705e+00 +(9e-02,2e-01) | 1.33e+02 |  2:5.1e-03  9:1.9e-01
  324 ,   3241 : 5.4147963739101e+00 +(5e-02,1e-01) | 1.32e+02 |  2:4.9e-03  9:1.9e-01
  325 ,   3251 : 5.4082375243148e+00 +(3e-02,1e-01) | 1.31e+02 |  2:4.6e-03  9:1.7e-01
  326 ,   3261 : 5.4105546654875e+00 +(2e-02,1e-01) | 1.29e+02 |  2:4.3e-03  9:1.6e-01
  327 ,   3271 : 5.4073621804851e+00 +(3e-02,1e-01) | 1.25e+02 |  2:4.0e-03  9:1.5e-01
  328 ,   3281 : 5.4025678132474e+00 +(3e-02,1e-01) | 1.24e+02 |  2:3.7e-03  9:1.3e-01
  329 ,   3291 : 5.4047469917550e+00 +(3e-02,9e-02) | 1.24e+02 |  2:3.2e-03  9:1.2e-01
Iterat, #Fevals:   Function Value    (median,worst) |Axis Ratio|idx:Min SD idx:Max SD
  330 ,   3301 : 5.3885788463671e+00 +(6e-02,1e-01) | 1.24e+02 |  2:3.0e-03  9:1.1e-01
  331 ,   3311 : 5.4141048417755e+00 +(2e-02,6e-02) | 1.28e+02 |  2:3.1e-03  9:1.1e-01
  332 ,   3321 : 5.3905090590347e+00 +(4e-02,1e-01) | 1.28e+02 |  2:3.1e-03  9:1.1e-01
  333 ,   3331 : 5.3994436835257e+00 +(3e-02,7e-02) | 1.29e+02 |  2:3.1e-03  9:1.1e-01
  334 ,   3341 : 5.4056911989205e+00 +(3e-02,1e-01) | 1.37e+02 |  2:3.4e-03  9:1.2e-01
  335 ,   3351 : 5.3917495988537e+00 +(2e-02,9e-02) | 1.41e+02 |  2:3.7e-03  9:1.3e-01
  336 ,   3361 : 5.3983874266208e+00 +(3e-02,8e-02) | 1.48e+02 |  2:4.1e-03  9:1.4e-01
  337 ,   3371 : 5.3889519149946e+00 +(4e-02,1e-01) | 1.53e+02 |  2:4.7e-03  9:1.6e-01
  338 ,   3381 : 5.3997681199982e+00 +(3e-02,8e-02) | 1.53e+02 |  2:4.7e-03  9:1.6e-01
  339 ,   3391 : 5.3970546727911e+00 +(3e-02,1e-01) | 1.50e+02 |  2:4.6e-03  9:1.5e-01
Iterat, #Fevals:   Function Value    (median,worst) |Axis Ratio|idx:Min SD idx:Max SD
  340 ,   3401 : 5.4025939643555e+00 +(1e-02,7e-02) | 1.49e+02 |  2:4.7e-03  9:1.5e-01
  341 ,   3411 : 5.3920009986190e+00 +(5e-02,8e-02) | 1.53e+02 |  2:4.8e-03  9:1.6e-01
  342 ,   3421 : 5.3854898358164e+00 +(4e-02,1e-01) | 1.52e+02 |  2:4.4e-03  9:1.5e-01
  343 ,   3431 : 5.3998664353637e+00 +(3e-02,1e-01) | 1.53e+02 |  2:4.2e-03  9:1.4e-01
  344 ,   3441 : 5.4048102705966e+00 +(3e-02,9e-02) | 1.50e+02 |  2:3.9e-03  9:1.3e-01
  345 ,   3451 : 5.3969898934112e+00 +(3e-02,1e-01) | 1.43e+02 |  2:3.9e-03  9:1.3e-01
  346 ,   3461 : 5.4012263540107e+00 +(1e-02,9e-02) | 1.42e+02 |  2:3.8e-03  9:1.2e-01
  347 ,   3471 : 5.4052337474969e+00 +(4e-02,8e-02) | 1.37e+02 |  2:3.5e-03  9:1.1e-01
  348 ,   3481 : 5.4071489024815e+00 +(2e-02,1e-01) | 1.34e+02 |  2:3.2e-03  9:1.0e-01
  349 ,   3491 : 5.4104229848416e+00 +(4e-02,9e-02) | 1.34e+02 |  2:3.3e-03  9:1.0e-01
Iterat, #Fevals:   Function Value    (median,worst) |Axis Ratio|idx:Min SD idx:Max SD
  350 ,   3501 : 5.3864942376114e+00 +(2e-02,1e-01) | 1.35e+02 |  2:3.4e-03  9:1.0e-01
  351 ,   3511 : 5.3900110934500e+00 +(3e-02,1e-01) | 1.37e+02 |  2:3.6e-03  9:1.0e-01
  352 ,   3521 : 5.3958434485342e+00 +(3e-02,9e-02) | 1.47e+02 |  2:4.0e-03  9:1.2e-01
  353 ,   3531 : 5.3961906338628e+00 +(3e-02,9e-02) | 1.49e+02 |  2:4.0e-03  9:1.1e-01
  354 ,   3541 : 5.4124969458634e+00 +(1e-02,1e-01) | 1.52e+02 |  2:4.3e-03  9:1.2e-01
  355 ,   3551 : 5.3898514403257e+00 +(3e-02,9e-02) | 1.50e+02 |  2:4.6e-03  9:1.3e-01
  356 ,   3561 : 5.3889370178406e+00 +(3e-02,9e-02) | 1.62e+02 |  2:5.5e-03  9:1.5e-01
  357 ,   3571 : 5.3876521143305e+00 +(4e-02,1e-01) | 1.63e+02 |  2:5.1e-03  9:1.4e-01
  358 ,   3581 : 5.4037185757690e+00 +(2e-02,9e-02) | 1.65e+02 |  2:4.9e-03  9:1.3e-01
  359 ,   3591 : 5.4103103195016e+00 +(1e-02,1e-01) | 1.65e+02 |  2:4.7e-03  9:1.3e-01
Iterat, #Fevals:   Function Value    (median,worst) |Axis Ratio|idx:Min SD idx:Max SD
  360 ,   3601 : 5.4106986281005e+00 +(1e-02,9e-02) | 1.64e+02 |  2:4.5e-03  9:1.2e-01
  361 ,   3611 : 5.3894615985389e+00 +(3e-02,1e-01) | 1.62e+02 |  2:4.2e-03  9:1.1e-01
  362 ,   3621 : 5.3938393896563e+00 +(3e-02,7e-02) | 1.62e+02 |  2:4.3e-03  9:1.1e-01
  363 ,   3631 : 5.4102140192179e+00 +(2e-02,9e-02) | 1.62e+02 |  2:4.1e-03  9:1.0e-01
  364 ,   3641 : 5.3955519091022e+00 +(3e-02,6e-02) | 1.64e+02 |  2:4.1e-03  9:1.0e-01
  365 ,   3651 : 5.3817521954664e+00 +(3e-02,1e-01) | 1.66e+02 |  2:3.9e-03  9:1.0e-01
  366 ,   3661 : 5.3910311796334e+00 +(4e-02,1e-01) | 1.67e+02 |  2:3.7e-03  9:9.4e-02
  367 ,   3671 : 5.3820921993166e+00 +(3e-02,8e-02) | 1.68e+02 |  2:3.8e-03  9:9.6e-02
  368 ,   3681 : 5.3871670625037e+00 +(3e-02,7e-02) | 1.68e+02 |  2:3.6e-03  9:9.2e-02
  369 ,   3691 : 5.3828653674802e+00 +(3e-02,5e-02) | 1.71e+02 |  2:3.5e-03  9:9.2e-02
Iterat, #Fevals:   Function Value    (median,worst) |Axis Ratio|idx:Min SD idx:Max SD
  370 ,   3701 : 5.3918324156995e+00 +(2e-02,8e-02) | 1.71e+02 |  2:3.2e-03  9:8.2e-02
  371 ,   3711 : 5.3902639148618e+00 +(2e-02,8e-02) | 1.72e+02 |  2:3.0e-03  9:7.6e-02
  372 ,   3721 : 5.3904390889468e+00 +(3e-02,6e-02) | 1.78e+02 |  2:2.9e-03  9:7.7e-02
  373 ,   3731 : 5.3857465456887e+00 +(2e-02,9e-02) | 1.79e+02 |  2:2.4e-03  9:6.4e-02
  374 ,   3741 : 5.4064327372667e+00 +(2e-02,7e-02) | 1.83e+02 |  2:2.6e-03  9:6.9e-02
  375 ,   3751 : 5.3944053417454e+00 +(2e-02,9e-02) | 1.90e+02 |  2:2.9e-03  8:7.9e-02
  376 ,   3761 : 5.3909717251704e+00 +(2e-02,3e-02) | 1.90e+02 |  2:3.0e-03  8:8.0e-02
  377 ,   3771 : 5.3933243173403e+00 +(3e-02,9e-02) | 1.90e+02 |  2:3.1e-03  8:8.2e-02
  378 ,   3781 : 5.4000057023664e+00 +(2e-02,1e-01) | 1.95e+02 |  2:3.1e-03  8:7.9e-02
  379 ,   3791 : 5.3853803927696e+00 +(3e-02,1e-01) | 2.00e+02 |  2:2.6e-03  8:7.0e-02
Iterat, #Fevals:   Function Value    (median,worst) |Axis Ratio|idx:Min SD idx:Max SD
  380 ,   3801 : 5.3882647128707e+00 +(2e-02,3e-02) | 2.00e+02 |  2:2.5e-03  8:6.6e-02
  381 ,   3811 : 5.3866537768491e+00 +(4e-02,1e-01) | 1.97e+02 |  2:2.4e-03  8:6.3e-02
  382 ,   3821 : 5.3842951279931e+00 +(3e-02,5e-02) | 1.95e+02 |  2:2.4e-03  8:6.5e-02
  383 ,   3831 : 5.3811707047702e+00 +(3e-02,1e-01) | 1.96e+02 |  2:2.4e-03  8:6.7e-02
  384 ,   3841 : 5.3892634729405e+00 +(2e-02,1e-01) | 1.99e+02 |  2:2.1e-03  8:6.2e-02
  385 ,   3851 : 5.3858588339420e+00 +(4e-02,9e-02) | 1.97e+02 |  2:1.9e-03  8:5.5e-02
  386 ,   3861 : 5.3902139993208e+00 +(3e-02,7e-02) | 1.95e+02 |  2:1.8e-03  8:5.2e-02
  387 ,   3871 : 5.3850565437299e+00 +(2e-02,1e-01) | 1.96e+02 |  2:1.6e-03  8:4.6e-02
  388 ,   3881 : 5.4030532879656e+00 +(3e-02,6e-02) | 1.97e+02 |  2:1.6e-03  8:4.6e-02
  389 ,   3891 : 5.3845570864421e+00 +(2e-02,9e-02) | 1.97e+02 |  2:1.5e-03  8:4.4e-02
Iterat, #Fevals:   Function Value    (median,worst) |Axis Ratio|idx:Min SD idx:Max SD
  390 ,   3901 : 5.3886200761675e+00 +(3e-02,9e-02) | 1.96e+02 |  2:1.6e-03  8:4.3e-02
  391 ,   3911 : 5.3893172242775e+00 +(4e-02,9e-02) | 1.93e+02 |  2:1.4e-03  8:3.9e-02
  392 ,   3921 : 5.3947561818168e+00 +(5e-02,1e-01) | 1.91e+02 |  2:1.4e-03  8:3.7e-02
  393 ,   3931 : 5.3848882454778e+00 +(3e-02,1e-01) | 1.91e+02 |  2:1.3e-03  8:3.7e-02
  394 ,   3941 : 5.3886529500070e+00 +(4e-02,1e-01) | 1.90e+02 |  2:1.2e-03  8:3.3e-02
  395 ,   3951 : 5.3910000170608e+00 +(2e-02,9e-02) | 1.89e+02 |  2:1.1e-03  8:3.0e-02
  396 ,   3961 : 5.3857030676431e+00 +(2e-02,1e-01) | 1.89e+02 |  2:1.1e-03  8:3.1e-02
  397 ,   3971 : 5.3931791030904e+00 +(3e-02,1e-01) | 1.88e+02 |  2:1.1e-03  8:3.1e-02
  398 ,   3981 : 5.4045932265045e+00 +(2e-02,7e-02) | 1.86e+02 |  2:1.3e-03  8:3.6e-02
  399 ,   3991 : 5.3866943420594e+00 +(2e-02,3e-02) | 1.85e+02 |  2:1.3e-03  8:3.7e-02
Iterat, #Fevals:   Function Value    (median,worst) |Axis Ratio|idx:Min SD idx:Max SD
  400 ,   4001 : 5.3948074816956e+00 +(2e-02,1e-01) | 1.85e+02 |  2:1.3e-03  8:3.6e-02
  401 ,   4011 : 5.3941392879507e+00 +(2e-02,8e-02) | 1.90e+02 |  2:1.3e-03  8:3.5e-02
  402 ,   4021 : 5.3911976746412e+00 +(1e-02,7e-02) | 1.92e+02 |  2:1.3e-03  8:3.6e-02
  403 ,   4031 : 5.3881927636779e+00 +(3e-02,1e-01) | 1.93e+02 |  2:1.3e-03  8:3.5e-02
  404 ,   4041 : 5.3985623262587e+00 +(2e-02,1e-01) | 1.96e+02 |  2:1.2e-03  8:3.4e-02
  405 ,   4051 : 5.3909913059817e+00 +(3e-02,8e-02) | 1.98e+02 |  2:1.1e-03  8:3.1e-02
  406 ,   4061 : 5.3888623414187e+00 +(5e-02,1e-01) | 1.93e+02 |  2:1.0e-03  8:2.9e-02
  407 ,   4071 : 5.4028387772388e+00 +(2e-02,1e-01) | 2.00e+02 |  2:1.1e-03  8:2.9e-02
  408 ,   4081 : 5.3873478508494e+00 +(2e-02,7e-02) | 1.98e+02 |  2:1.2e-03  8:3.3e-02
  409 ,   4091 : 5.4053783119334e+00 +(2e-02,8e-02) | 1.98e+02 |  2:1.2e-03  8:3.2e-02
Iterat, #Fevals:   Function Value    (median,worst) |Axis Ratio|idx:Min SD idx:Max SD
  410 ,   4101 : 5.3815012199654e+00 +(3e-02,9e-02) | 2.00e+02 |  2:1.2e-03  8:3.3e-02
  411 ,   4111 : 5.3872636297753e+00 +(3e-02,1e-01) | 2.01e+02 |  2:1.1e-03  8:3.1e-02
  412 ,   4121 : 5.3866469216788e+00 +(3e-02,9e-02) | 1.99e+02 |  2:1.1e-03  8:3.0e-02
  413 ,   4131 : 5.4069908920962e+00 +(3e-02,1e-01) | 2.00e+02 |  2:1.3e-03  8:3.3e-02
  414 ,   4141 : 5.3974208868497e+00 +(2e-02,1e-01) | 2.02e+02 |  2:1.2e-03  8:3.1e-02
  415 ,   4151 : 5.3821706844365e+00 +(3e-02,1e-01) | 2.01e+02 |  2:1.2e-03  8:3.1e-02
  416 ,   4161 : 5.3893105579604e+00 +(3e-02,1e-01) | 2.03e+02 |  2:1.2e-03  8:3.1e-02
  417 ,   4171 : 5.4066373365189e+00 +(1e-02,9e-02) | 2.01e+02 |  2:1.2e-03  8:3.0e-02
  418 ,   4181 : 5.3831906386900e+00 +(2e-02,4e-02) | 2.02e+02 |  2:1.2e-03  8:2.9e-02
  419 ,   4191 : 5.3857645522760e+00 +(1e-02,1e-01) | 2.01e+02 |  2:1.2e-03  8:2.8e-02
Iterat, #Fevals:   Function Value    (median,worst) |Axis Ratio|idx:Min SD idx:Max SD
  420 ,   4201 : 5.3947331688837e+00 +(2e-02,9e-02) | 1.91e+02 |  2:1.3e-03  8:3.1e-02
  421 ,   4211 : 5.3872807808306e+00 +(3e-02,8e-02) | 1.92e+02 |  2:1.3e-03  8:3.1e-02
  422 ,   4221 : 5.4002730666467e+00 +(1e-02,6e-02) | 1.96e+02 |  2:1.6e-03  8:3.6e-02
  423 ,   4231 : 5.3868171947190e+00 +(5e-02,1e-01) | 1.98e+02 |  2:1.7e-03  9:4.0e-02
  424 ,   4241 : 5.3876808813271e+00 +(2e-02,4e-02) | 2.02e+02 |  2:1.8e-03  9:4.4e-02
  425 ,   4251 : 5.4059705082513e+00 +(1e-02,5e-02) | 2.08e+02 |  2:2.2e-03  9:5.3e-02
  426 ,   4261 : 5.4029361089424e+00 +(5e-02,1e-01) | 2.10e+02 |  2:2.3e-03  9:5.8e-02
  427 ,   4271 : 5.3835257838102e+00 +(4e-02,1e-01) | 2.08e+02 |  2:2.8e-03  9:6.9e-02
  428 ,   4281 : 5.3882408312984e+00 +(1e-02,9e-02) | 2.08e+02 |  2:3.1e-03  9:7.6e-02
  429 ,   4291 : 5.3839721795249e+00 +(3e-02,8e-02) | 2.09e+02 |  2:3.1e-03  9:7.6e-02
Iterat, #Fevals:   Function Value    (median,worst) |Axis Ratio|idx:Min SD idx:Max SD
  430 ,   4301 : 5.3891896126280e+00 +(2e-02,7e-02) | 2.11e+02 |  2:3.2e-03  9:7.5e-02
  431 ,   4311 : 5.3850099405482e+00 +(3e-02,5e-02) | 2.11e+02 |  2:3.3e-03  9:7.4e-02
  432 ,   4321 : 5.3875343899078e+00 +(3e-02,7e-02) | 2.09e+02 |  2:3.2e-03  9:7.1e-02
  433 ,   4331 : 5.3803655457704e+00 +(4e-02,9e-02) | 2.07e+02 |  2:2.8e-03  9:6.2e-02
  434 ,   4341 : 5.3955857461869e+00 +(2e-02,1e-01) | 2.08e+02 |  2:2.6e-03  9:5.7e-02
  435 ,   4351 : 5.3870608950080e+00 +(3e-02,7e-02) | 2.14e+02 |  2:2.4e-03  9:5.3e-02
  436 ,   4361 : 5.3929548550354e+00 +(3e-02,1e-01) | 2.24e+02 |  2:2.5e-03  9:5.4e-02
  437 ,   4371 : 5.3869324056456e+00 +(3e-02,9e-02) | 2.27e+02 |  2:2.5e-03  9:5.2e-02
  438 ,   4381 : 5.3856338363062e+00 +(3e-02,1e-01) | 2.27e+02 |  2:2.4e-03  9:4.9e-02
  439 ,   4391 : 5.4030370449335e+00 +(2e-02,1e-01) | 2.23e+02 |  2:2.3e-03  9:4.6e-02
Iterat, #Fevals:   Function Value    (median,worst) |Axis Ratio|idx:Min SD idx:Max SD
  440 ,   4401 : 5.3897107061247e+00 +(2e-02,7e-02) | 2.22e+02 |  2:2.1e-03  9:4.3e-02
  441 ,   4411 : 5.3892352096176e+00 +(3e-02,1e-01) | 2.14e+02 |  2:2.2e-03  9:4.5e-02
  442 ,   4421 : 5.3868566619029e+00 +(3e-02,1e-01) | 2.12e+02 |  2:2.0e-03  9:4.1e-02
  443 ,   4431 : 5.4072073422086e+00 +(3e-02,9e-02) | 2.12e+02 |  2:1.9e-03  9:3.9e-02
  444 ,   4441 : 5.3814685443970e+00 +(4e-02,4e-02) | 2.12e+02 |  2:2.1e-03  9:4.4e-02
  445 ,   4451 : 5.4018821229704e+00 +(3e-02,9e-02) | 2.14e+02 |  2:2.2e-03  9:4.7e-02
  446 ,   4461 : 5.3932548443577e+00 +(1e-02,8e-02) | 2.11e+02 |  2:2.1e-03  9:4.4e-02
  447 ,   4471 : 5.3902245109657e+00 +(3e-02,9e-02) | 2.06e+02 |  2:2.0e-03  9:4.2e-02
  448 ,   4481 : 5.3852124942819e+00 +(3e-02,1e-01) | 1.97e+02 |  2:2.1e-03  9:4.4e-02
  449 ,   4491 : 5.3837389773143e+00 +(3e-02,1e-01) | 1.77e+02 |  2:2.4e-03  9:5.0e-02
Iterat, #Fevals:   Function Value    (median,worst) |Axis Ratio|idx:Min SD idx:Max SD
  450 ,   4501 : 5.3855002702685e+00 +(3e-02,1e-01) | 1.75e+02 |  2:2.3e-03  9:4.8e-02
  451 ,   4511 : 5.3820735444335e+00 +(3e-02,1e-01) | 1.75e+02 |  2:2.4e-03  9:4.8e-02
  452 ,   4521 : 5.3962885754429e+00 +(2e-02,1e-01) | 1.76e+02 |  2:2.1e-03  9:4.3e-02
  453 ,   4531 : 5.4006536195549e+00 +(4e-02,1e-01) | 1.73e+02 |  2:2.0e-03  9:4.1e-02
  454 ,   4541 : 5.3994487700866e+00 +(2e-02,1e-01) | 1.77e+02 |  2:2.0e-03  9:4.1e-02
  455 ,   4551 : 5.3877948230797e+00 +(2e-02,1e-01) | 1.78e+02 |  2:1.9e-03  9:3.9e-02
  456 ,   4561 : 5.3991407508480e+00 +(1e-02,7e-02) | 1.84e+02 |  2:1.9e-03  9:4.2e-02
  457 ,   4571 : 5.3852616991819e+00 +(5e-02,1e-01) | 1.82e+02 |  2:1.9e-03  9:4.1e-02
  458 ,   4581 : 5.3879335027057e+00 +(2e-02,9e-02) | 1.81e+02 |  2:1.8e-03  9:3.9e-02
  459 ,   4591 : 5.3852871701345e+00 +(3e-02,8e-02) | 1.84e+02 |  2:1.8e-03  9:3.8e-02
Iterat, #Fevals:   Function Value    (median,worst) |Axis Ratio|idx:Min SD idx:Max SD
  460 ,   4601 : 5.3906818691097e+00 +(3e-02,1e-01) | 1.83e+02 |  2:1.7e-03  9:3.5e-02
  461 ,   4611 : 5.3928408124759e+00 +(2e-02,1e-01) | 1.86e+02 |  2:1.7e-03  9:3.4e-02
  462 ,   4621 : 5.3834110419564e+00 +(3e-02,1e-01) | 1.83e+02 |  2:1.5e-03  9:3.1e-02
  463 ,   4631 : 5.3900857814818e+00 +(2e-02,9e-02) | 1.86e+02 |  2:1.5e-03  9:3.1e-02
  464 ,   4641 : 5.3801118518909e+00 +(3e-02,5e-02) | 1.88e+02 |  2:1.4e-03  9:2.9e-02
  465 ,   4651 : 5.4038628393361e+00 +(5e-02,1e-01) | 1.88e+02 |  2:1.4e-03  9:2.9e-02
  466 ,   4661 : 5.3899955446769e+00 +(2e-02,7e-02) | 1.94e+02 |  2:1.4e-03  9:2.8e-02
  467 ,   4671 : 5.3824138071255e+00 +(3e-02,9e-02) | 1.93e+02 |  2:1.4e-03  9:2.6e-02
  468 ,   4681 : 5.3857340064236e+00 +(3e-02,1e-01) | 1.86e+02 |  2:1.3e-03  8:2.5e-02
  469 ,   4691 : 5.3808826190391e+00 +(3e-02,9e-02) | 1.83e+02 |  2:1.3e-03  9:2.4e-02
Iterat, #Fevals:   Function Value    (median,worst) |Axis Ratio|idx:Min SD idx:Max SD
  470 ,   4701 : 5.3879221449023e+00 +(3e-02,1e-01) | 1.78e+02 |  2:1.2e-03  9:2.4e-02
  471 ,   4711 : 5.3862070364736e+00 +(3e-02,7e-02) | 1.75e+02 |  2:1.1e-03  9:2.1e-02
  472 ,   4721 : 5.3829285967565e+00 +(3e-02,7e-02) | 1.72e+02 |  2:1.0e-03  9:1.9e-02
  473 ,   4731 : 5.3867378885804e+00 +(2e-02,1e-01) | 1.74e+02 |  2:9.4e-04  9:1.8e-02
  474 ,   4741 : 5.4024175226919e+00 +(8e-03,1e-01) | 1.75e+02 |  2:8.8e-04  9:1.7e-02
  475 ,   4751 : 5.3859313194069e+00 +(3e-02,7e-02) | 1.74e+02 |  2:8.4e-04  9:1.6e-02
  476 ,   4761 : 5.3959832676324e+00 +(1e-02,8e-02) | 1.70e+02 |  2:7.7e-04  9:1.5e-02
  477 ,   4771 : 5.3843233531738e+00 +(4e-02,8e-02) | 1.70e+02 |  2:6.8e-04  9:1.3e-02
  478 ,   4781 : 5.3791870012239e+00 +(3e-02,8e-02) | 1.66e+02 |  2:6.1e-04  9:1.2e-02
  479 ,   4791 : 5.3842918062170e+00 +(2e-02,7e-02) | 1.64e+02 |  2:5.7e-04  9:1.1e-02
Iterat, #Fevals:   Function Value    (median,worst) |Axis Ratio|idx:Min SD idx:Max SD
  480 ,   4801 : 5.3962974050054e+00 +(2e-02,1e-01) | 1.63e+02 |  2:5.6e-04  9:1.1e-02
  481 ,   4811 : 5.3875517420434e+00 +(2e-02,9e-02) | 1.61e+02 |  2:5.2e-04  9:1.0e-02
  482 ,   4821 : 5.4062010310762e+00 +(2e-02,9e-02) | 1.65e+02 |  2:4.8e-04  9:9.7e-03
  483 ,   4831 : 5.3902551791270e+00 +(2e-02,8e-02) | 1.66e+02 |  2:4.3e-04  9:8.9e-03
  484 ,   4841 : 5.3961465219578e+00 +(1e-02,7e-02) | 1.62e+02 |  2:4.4e-04  9:9.1e-03
  485 ,   4851 : 5.3836264333131e+00 +(3e-02,7e-02) | 1.60e+02 |  2:4.2e-04  9:8.6e-03
  486 ,   4861 : 5.3866740335119e+00 +(2e-02,9e-02) | 1.56e+02 |  2:3.9e-04  9:8.0e-03
  487 ,   4871 : 5.3835272123138e+00 +(1e-02,1e-01) | 1.56e+02 |  2:3.6e-04  9:7.4e-03
  488 ,   4881 : 5.3851266196404e+00 +(3e-02,1e-01) | 1.56e+02 |  2:3.2e-04  9:6.5e-03
  489 ,   4891 : 5.3964068094747e+00 +(2e-02,1e-01) | 1.60e+02 |  2:2.9e-04  9:6.0e-03
Iterat, #Fevals:   Function Value    (median,worst) |Axis Ratio|idx:Min SD idx:Max SD
  490 ,   4901 : 5.4056381724147e+00 +(6e-03,6e-02) | 1.58e+02 |  2:2.7e-04  9:5.6e-03
  491 ,   4911 : 5.3843904752910e+00 +(2e-02,1e-01) | 1.58e+02 |  2:2.7e-04  9:5.5e-03
  492 ,   4921 : 5.3839380543180e+00 +(4e-02,9e-02) | 1.57e+02 |  2:2.6e-04  9:5.4e-03
  493 ,   4931 : 5.3956559105569e+00 +(1e-02,5e-02) | 1.57e+02 |  2:2.7e-04  9:5.4e-03
  494 ,   4941 : 5.4084704495554e+00 +(1e-02,9e-02) | 1.58e+02 |  2:3.0e-04  9:5.6e-03
  495 ,   4951 : 5.3917125316151e+00 +(2e-02,1e-01) | 1.59e+02 |  2:3.0e-04  9:5.7e-03
  496 ,   4961 : 5.3861418556879e+00 +(1e-02,9e-02) | 1.56e+02 |  2:3.1e-04  9:5.8e-03
  497 ,   4971 : 5.3960605189470e+00 +(2e-02,8e-02) | 1.63e+02 |  2:3.2e-04  8:6.1e-03
  498 ,   4981 : 5.3807836897299e+00 +(3e-02,1e-01) | 1.67e+02 |  2:3.3e-04  8:6.5e-03
  499 ,   4991 : 5.3845853474648e+00 +(2e-02,6e-02) | 1.69e+02 |  2:3.4e-04  8:6.7e-03
Iterat, #Fevals:   Function Value    (median,worst) |Axis Ratio|idx:Min SD idx:Max SD
  500 ,   5001 : 5.4043820218777e+00 +(5e-03,7e-02) | 1.77e+02 |  2:3.3e-04  9:6.8e-03
  501 ,   5011 : 5.3822753984683e+00 +(3e-02,1e-01) | 1.79e+02 |  2:3.1e-04  9:6.4e-03
  502 ,   5021 : 5.3959681732450e+00 +(2e-02,1e-01) | 1.81e+02 |  2:3.0e-04  8:6.0e-03
  503 ,   5031 : 5.4051079290254e+00 +(5e-03,9e-02) | 1.78e+02 |  2:2.7e-04  9:5.6e-03
  504 ,   5041 : 5.3875264411565e+00 +(1e-02,8e-02) | 1.77e+02 |  2:2.3e-04  8:4.8e-03
  505 ,   5051 : 5.3764415747327e+00 +(3e-02,1e-01) | 1.78e+02 |  2:2.0e-04  8:4.1e-03
  506 ,   5061 : 5.3838790760887e+00 +(4e-02,1e-01) | 1.77e+02 |  2:1.9e-04  8:3.8e-03
  507 ,   5071 : 5.3823095408224e+00 +(4e-02,9e-02) | 1.73e+02 |  2:1.8e-04  8:3.7e-03
  508 ,   5081 : 5.3853920017514e+00 +(2e-02,8e-02) | 1.83e+02 |  2:1.8e-04  9:3.8e-03
  509 ,   5091 : 5.3837995339046e+00 +(2e-02,1e-01) | 1.82e+02 |  2:1.8e-04  9:3.8e-03
Iterat, #Fevals:   Function Value    (median,worst) |Axis Ratio|idx:Min SD idx:Max SD
  510 ,   5101 : 5.3971498201793e+00 +(1e-02,1e-01) | 1.84e+02 |  2:1.7e-04  9:3.6e-03
  511 ,   5111 : 5.3970563431187e+00 +(2e-02,1e-01) | 1.85e+02 |  2:1.9e-04  9:3.9e-03
  512 ,   5121 : 5.3889789861104e+00 +(2e-02,1e-01) | 1.84e+02 |  2:1.8e-04  9:3.7e-03
  513 ,   5131 : 5.3846953685004e+00 +(2e-02,9e-02) | 1.82e+02 |  2:1.7e-04  9:3.3e-03
  514 ,   5141 : 5.3798238154018e+00 +(4e-02,1e-01) | 1.82e+02 |  2:1.5e-04  9:3.1e-03
  515 ,   5151 : 5.3770284308685e+00 +(3e-02,1e-01) | 1.77e+02 |  2:1.4e-04  9:2.9e-03
  516 ,   5161 : 5.3861360772194e+00 +(3e-02,6e-02) | 1.80e+02 |  2:1.4e-04  9:2.9e-03
  517 ,   5171 : 5.3874142023665e+00 +(2e-02,9e-02) | 1.74e+02 |  2:1.5e-04  9:3.0e-03
  518 ,   5181 : 5.3888434787904e+00 +(6e-02,1e-01) | 1.71e+02 |  2:1.5e-04  9:3.0e-03
  519 ,   5191 : 5.3837710908049e+00 +(2e-02,9e-02) | 1.69e+02 |  2:1.5e-04  9:3.1e-03
Iterat, #Fevals:   Function Value    (median,worst) |Axis Ratio|idx:Min SD idx:Max SD
  520 ,   5201 : 5.3788416823834e+00 +(3e-02,9e-02) | 1.68e+02 |  2:1.6e-04  9:3.3e-03
  521 ,   5211 : 5.4050106042752e+00 +(9e-03,8e-02) | 1.74e+02 |  2:1.7e-04  9:3.4e-03
  522 ,   5221 : 5.3827122867614e+00 +(3e-02,9e-02) | 1.68e+02 |  2:1.7e-04  9:3.4e-03
  523 ,   5231 : 5.3861886318904e+00 +(3e-02,1e-01) | 1.60e+02 |  2:1.7e-04  9:3.4e-03
  524 ,   5241 : 5.3846821441435e+00 +(3e-02,1e-01) | 1.62e+02 |  2:1.6e-04  9:3.3e-03
  525 ,   5251 : 5.3904097970627e+00 +(2e-02,1e-01) | 1.62e+02 |  2:1.7e-04  9:3.4e-03
  526 ,   5261 : 5.3831904066782e+00 +(2e-02,1e-01) | 1.64e+02 |  2:1.8e-04  9:3.6e-03
  527 ,   5271 : 5.3834646534706e+00 +(3e-02,1e-01) | 1.75e+02 |  2:1.9e-04  9:3.9e-03
  528 ,   5281 : 5.3953451561964e+00 +(2e-02,6e-02) | 1.76e+02 |  2:1.9e-04  9:3.9e-03
  529 ,   5291 : 5.3869174406532e+00 +(2e-02,7e-02) | 1.82e+02 |  2:2.1e-04  9:4.2e-03
Iterat, #Fevals:   Function Value    (median,worst) |Axis Ratio|idx:Min SD idx:Max SD
  530 ,   5301 : 5.3907689525236e+00 +(3e-02,1e-01) | 1.83e+02 |  2:2.0e-04  9:4.0e-03
  531 ,   5311 : 5.3899017737190e+00 +(3e-02,1e-01) | 1.84e+02 |  2:1.9e-04  9:3.9e-03
  532 ,   5321 : 5.3811793117978e+00 +(4e-02,9e-02) | 1.82e+02 |  2:1.8e-04  9:3.7e-03
  533 ,   5331 : 5.3814981129131e+00 +(3e-02,5e-02) | 1.77e+02 |  2:1.7e-04  9:3.5e-03
  534 ,   5341 : 5.3861715084494e+00 +(2e-02,9e-02) | 1.75e+02 |  2:1.9e-04  9:3.6e-03
  535 ,   5351 : 5.3823005562014e+00 +(2e-02,1e-01) | 1.75e+02 |  2:1.9e-04  9:3.7e-03
  536 ,   5361 : 5.3870046189081e+00 +(2e-02,9e-02) | 1.75e+02 |  2:1.9e-04  9:3.7e-03
  537 ,   5371 : 5.3906968055869e+00 +(2e-02,7e-02) | 1.76e+02 |  2:1.8e-04  9:3.5e-03
  538 ,   5381 : 5.3830004122004e+00 +(5e-02,8e-02) | 1.72e+02 |  2:1.7e-04  9:3.2e-03
  539 ,   5391 : 5.3832601856042e+00 +(4e-02,8e-02) | 1.74e+02 |  2:1.5e-04  9:2.8e-03
Iterat, #Fevals:   Function Value    (median,worst) |Axis Ratio|idx:Min SD idx:Max SD
  540 ,   5401 : 5.4074752185550e+00 +(4e-03,2e-02) | 1.75e+02 |  2:1.4e-04  9:2.6e-03
  541 ,   5411 : 5.3835210565994e+00 +(3e-02,1e-01) | 1.88e+02 |  2:1.5e-04  9:3.0e-03
  542 ,   5421 : 5.3908753322666e+00 +(2e-02,1e-01) | 1.90e+02 |  2:1.5e-04  9:3.1e-03
  543 ,   5431 : 5.3882997140567e+00 +(2e-02,1e-01) | 1.90e+02 |  2:1.6e-04  9:3.3e-03
  544 ,   5441 : 5.3956201956838e+00 +(1e-02,2e-02) | 1.86e+02 |  2:1.7e-04  9:3.8e-03
  545 ,   5451 : 5.3875216457872e+00 +(2e-02,8e-02) | 1.84e+02 |  2:1.8e-04  9:3.9e-03
  546 ,   5461 : 5.3929703264216e+00 +(2e-02,1e-01) | 1.85e+02 |  2:1.7e-04  9:3.8e-03
  547 ,   5471 : 5.3875847612186e+00 +(3e-02,1e-01) | 1.90e+02 |  2:1.7e-04  9:4.0e-03
  548 ,   5481 : 5.3832931917559e+00 +(2e-02,1e-01) | 1.88e+02 |  2:1.9e-04  9:4.0e-03
  549 ,   5491 : 5.3799747692221e+00 +(4e-02,1e-01) | 1.84e+02 |  2:2.2e-04  9:4.6e-03
Iterat, #Fevals:   Function Value    (median,worst) |Axis Ratio|idx:Min SD idx:Max SD
  550 ,   5501 : 5.3870539278615e+00 +(2e-02,1e-01) | 1.86e+02 |  2:2.2e-04  9:4.7e-03
  551 ,   5511 : 5.3844347705783e+00 +(2e-02,4e-02) | 1.84e+02 |  2:2.2e-04  9:4.7e-03
  552 ,   5521 : 5.4026335661646e+00 +(2e-02,7e-02) | 1.84e+02 |  2:2.1e-04  9:4.5e-03
  553 ,   5531 : 5.3939828197325e+00 +(2e-02,8e-02) | 1.85e+02 |  2:2.0e-04  9:4.4e-03
  554 ,   5541 : 5.3834700797757e+00 +(2e-02,1e-01) | 1.82e+02 |  2:2.1e-04  9:4.6e-03
  555 ,   5551 : 5.3967244369526e+00 +(2e-02,1e-01) | 1.82e+02 |  2:2.3e-04  9:4.8e-03
  556 ,   5561 : 5.3846120515107e+00 +(3e-02,1e-01) | 1.79e+02 |  2:2.3e-04  9:5.0e-03
  557 ,   5571 : 5.3888906716732e+00 +(2e-02,9e-02) | 1.73e+02 |  2:2.5e-04  9:5.3e-03
  558 ,   5581 : 5.3995614088307e+00 +(3e-02,1e-01) | 1.71e+02 |  2:2.5e-04  9:5.3e-03
  559 ,   5591 : 5.3963204221947e+00 +(2e-02,5e-02) | 1.70e+02 |  2:2.3e-04  9:4.8e-03
Iterat, #Fevals:   Function Value    (median,worst) |Axis Ratio|idx:Min SD idx:Max SD
  560 ,   5601 : 5.4175024394633e+00 +(3e-02,9e-02) | 1.59e+02 |  2:2.2e-04  9:4.6e-03
  561 ,   5611 : 5.3916882138236e+00 +(3e-02,9e-02) | 1.51e+02 |  2:2.3e-04  9:5.0e-03
  562 ,   5621 : 5.4073264713725e+00 +(1e-02,3e-02) | 1.52e+02 |  2:2.7e-04  8:5.8e-03
  563 ,   5631 : 5.3949386634724e+00 +(1e-02,7e-02) | 1.56e+02 |  2:3.1e-04  8:6.6e-03
  564 ,   5641 : 5.3957034103422e+00 +(2e-02,9e-02) | 1.62e+02 |  2:3.3e-04  9:7.2e-03
  565 ,   5651 : 5.3887316941520e+00 +(4e-02,1e-01) | 1.61e+02 |  2:3.2e-04  9:7.2e-03
  566 ,   5661 : 5.4095611571485e+00 +(1e-02,1e-01) | 1.60e+02 |  2:3.3e-04  9:7.3e-03
  567 ,   5671 : 5.3960566987339e+00 +(5e-02,1e-01) | 1.58e+02 |  2:3.6e-04  9:7.6e-03
  568 ,   5681 : 5.3826390294585e+00 +(2e-02,4e-02) | 1.58e+02 |  2:3.6e-04  9:7.6e-03
  569 ,   5691 : 5.3796581864696e+00 +(4e-02,8e-02) | 1.58e+02 |  2:3.4e-04  9:7.2e-03
Iterat, #Fevals:   Function Value    (median,worst) |Axis Ratio|idx:Min SD idx:Max SD
  570 ,   5701 : 5.3853118783306e+00 +(4e-02,9e-02) | 1.57e+02 |  2:3.0e-04  9:6.5e-03
  571 ,   5711 : 5.3807126954125e+00 +(3e-02,1e-01) | 1.53e+02 |  2:2.8e-04  9:6.1e-03
  572 ,   5721 : 5.4075264607938e+00 +(4e-02,9e-02) | 1.55e+02 |  2:2.7e-04  9:5.7e-03
  573 ,   5731 : 5.3968247315455e+00 +(3e-02,1e-01) | 1.55e+02 |  2:2.2e-04  9:4.8e-03
  574 ,   5741 : 5.3858933437082e+00 +(4e-02,9e-02) | 1.62e+02 |  2:2.2e-04  9:4.8e-03
  575 ,   5751 : 5.4017787975529e+00 +(2e-02,6e-02) | 1.69e+02 |  2:2.2e-04  9:5.2e-03
  576 ,   5761 : 5.3760995594488e+00 +(4e-02,1e-01) | 1.67e+02 |  2:2.2e-04  9:5.0e-03
  577 ,   5771 : 5.3867361719209e+00 +(3e-02,6e-02) | 1.70e+02 |  2:2.1e-04  9:4.8e-03
  578 ,   5781 : 5.3871590646047e+00 +(5e-02,1e-01) | 1.75e+02 |  2:2.0e-04  9:4.8e-03
  579 ,   5791 : 5.3825841437759e+00 +(2e-02,1e-01) | 1.78e+02 |  2:1.8e-04  9:4.3e-03
Iterat, #Fevals:   Function Value    (median,worst) |Axis Ratio|idx:Min SD idx:Max SD
  580 ,   5801 : 5.3871970161888e+00 +(2e-02,1e-01) | 1.80e+02 |  2:1.7e-04  9:4.1e-03
  581 ,   5811 : 5.3970803277668e+00 +(1e-02,9e-02) | 1.79e+02 |  2:1.6e-04  9:3.9e-03
  582 ,   5821 : 5.3826503797016e+00 +(4e-02,1e-01) | 1.79e+02 |  2:1.5e-04  9:3.6e-03
  583 ,   5831 : 5.3764595806183e+00 +(3e-02,1e-01) | 1.82e+02 |  2:1.5e-04  9:3.7e-03
  584 ,   5841 : 5.3871712123660e+00 +(3e-02,6e-02) | 1.87e+02 |  2:1.5e-04  9:3.6e-03
  585 ,   5851 : 5.3866670268674e+00 +(2e-02,6e-02) | 1.91e+02 |  2:1.3e-04  9:3.2e-03
  586 ,   5861 : 5.4028662270191e+00 +(1e-02,7e-02) | 1.89e+02 |  2:1.2e-04  9:3.1e-03
  587 ,   5871 : 5.4026304161436e+00 +(1e-02,1e-01) | 1.89e+02 |  2:1.2e-04  9:3.0e-03
  588 ,   5881 : 5.3856497083466e+00 +(2e-02,1e-01) | 1.91e+02 |  2:1.1e-04  9:2.9e-03
  589 ,   5891 : 5.3828448635130e+00 +(2e-02,6e-02) | 1.98e+02 |  2:1.1e-04  9:2.9e-03
Iterat, #Fevals:   Function Value    (median,worst) |Axis Ratio|idx:Min SD idx:Max SD
  590 ,   5901 : 5.4070562216166e+00 +(2e-02,6e-02) | 1.95e+02 |  2:1.0e-04  9:2.6e-03
  591 ,   5911 : 5.3877781599062e+00 +(2e-02,1e-01) | 1.88e+02 |  2:1.1e-04  9:2.8e-03
  592 ,   5921 : 5.3853778278782e+00 +(2e-02,7e-02) | 1.91e+02 |  2:1.2e-04  9:3.0e-03
  593 ,   5931 : 5.3908181969711e+00 +(4e-02,9e-02) | 1.88e+02 |  2:1.2e-04  9:2.9e-03
  594 ,   5941 : 5.3948945851345e+00 +(1e-02,1e-01) | 1.91e+02 |  2:1.2e-04  9:3.1e-03
  595 ,   5951 : 5.3836762109267e+00 +(2e-02,9e-02) | 1.99e+02 |  2:1.3e-04  9:3.3e-03
  596 ,   5961 : 5.3809917128702e+00 +(3e-02,9e-02) | 1.93e+02 |  2:1.3e-04  8:3.3e-03
  597 ,   5971 : 5.3842925240102e+00 +(2e-02,7e-02) | 1.95e+02 |  2:1.2e-04  8:3.1e-03
  598 ,   5981 : 5.3853702533376e+00 +(2e-02,9e-02) | 1.95e+02 |  2:1.2e-04  8:3.1e-03
  599 ,   5991 : 5.3960365296826e+00 +(1e-02,5e-02) | 1.97e+02 |  2:1.1e-04  8:3.0e-03
Iterat, #Fevals:   Function Value    (median,worst) |Axis Ratio|idx:Min SD idx:Max SD
  600 ,   6001 : 5.3962832815161e+00 +(2e-02,1e-01) | 1.98e+02 |  2:1.0e-04  8:2.7e-03
  601 ,   6011 : 5.3959692821038e+00 +(1e-02,3e-02) | 1.98e+02 |  2:9.3e-05  8:2.5e-03
  602 ,   6021 : 5.3817951667593e+00 +(3e-02,1e-01) | 1.94e+02 |  2:8.3e-05  8:2.3e-03
  603 ,   6031 : 5.4026599470771e+00 +(3e-02,1e-01) | 1.94e+02 |  2:7.2e-05  8:2.0e-03
  604 ,   6041 : 5.3826198736359e+00 +(3e-02,1e-01) | 1.99e+02 |  2:7.5e-05  8:2.0e-03
  605 ,   6051 : 5.4087113725830e+00 +(3e-02,9e-02) | 2.01e+02 |  2:7.3e-05  8:2.0e-03
  606 ,   6061 : 5.3983105018732e+00 +(1e-02,9e-02) | 2.03e+02 |  2:6.7e-05  8:1.8e-03
  607 ,   6071 : 5.3830292922279e+00 +(2e-02,3e-02) | 2.05e+02 |  2:6.1e-05  8:1.6e-03
  608 ,   6081 : 5.3870031474256e+00 +(2e-02,9e-02) | 2.04e+02 |  2:5.3e-05  8:1.4e-03
  609 ,   6091 : 5.4018387210374e+00 +(3e-02,1e-01) | 2.02e+02 |  2:4.7e-05  8:1.2e-03
Iterat, #Fevals:   Function Value    (median,worst) |Axis Ratio|idx:Min SD idx:Max SD
  610 ,   6101 : 5.3850841400578e+00 +(2e-02,8e-02) | 1.97e+02 |  2:5.0e-05  8:1.3e-03
  611 ,   6111 : 5.3809851066912e+00 +(4e-02,7e-02) | 1.99e+02 |  2:4.8e-05  8:1.3e-03
  612 ,   6121 : 5.3960379485226e+00 +(1e-02,5e-02) | 2.02e+02 |  2:5.2e-05  8:1.3e-03
  613 ,   6131 : 5.3802933321683e+00 +(3e-02,1e-01) | 2.06e+02 |  2:5.0e-05  8:1.3e-03
  614 ,   6141 : 5.3878526204175e+00 +(5e-02,9e-02) | 2.07e+02 |  2:5.0e-05  8:1.3e-03
  615 ,   6151 : 5.3818152697670e+00 +(3e-02,9e-02) | 2.10e+02 |  2:4.6e-05  8:1.2e-03
  616 ,   6161 : 5.3916387736095e+00 +(2e-02,8e-02) | 2.13e+02 |  2:4.3e-05  8:1.1e-03
  617 ,   6171 : 5.3937458668429e+00 +(1e-02,8e-02) | 2.12e+02 |  2:4.0e-05  8:1.0e-03
  618 ,   6181 : 5.4040050254688e+00 +(1e-02,5e-02) | 2.17e+02 |  2:3.9e-05  8:1.0e-03
  619 ,   6191 : 5.3961504876475e+00 +(1e-02,8e-02) | 2.16e+02 |  2:4.1e-05  8:1.0e-03
Iterat, #Fevals:   Function Value    (median,worst) |Axis Ratio|idx:Min SD idx:Max SD
  620 ,   6201 : 5.3794550215901e+00 +(3e-02,9e-02) | 2.25e+02 |  2:4.1e-05  8:1.0e-03
  621 ,   6211 : 5.3848584099476e+00 +(2e-02,3e-02) | 2.17e+02 |  2:4.4e-05  8:1.1e-03
  622 ,   6221 : 5.3969256963450e+00 +(1e-02,9e-02) | 2.19e+02 |  2:4.7e-05  8:1.2e-03
  623 ,   6231 : 5.4088271151371e+00 +(2e-03,4e-02) | 2.19e+02 |  2:5.5e-05  8:1.3e-03
  624 ,   6241 : 5.3860699686592e+00 +(2e-02,6e-02) | 2.18e+02 |  2:5.6e-05  8:1.3e-03
  625 ,   6251 : 5.3839974567059e+00 +(2e-02,7e-02) | 2.26e+02 |  2:6.3e-05  8:1.5e-03
  626 ,   6261 : 5.3803169922412e+00 +(3e-02,1e-01) | 2.26e+02 |  2:6.8e-05  8:1.5e-03
  627 ,   6271 : 5.3800481467774e+00 +(5e-02,1e-01) | 2.31e+02 |  2:6.9e-05  8:1.5e-03
  628 ,   6281 : 5.3952110613157e+00 +(1e-02,8e-02) | 2.29e+02 |  2:6.6e-05  8:1.5e-03
  629 ,   6291 : 5.3856219980860e+00 +(2e-02,9e-02) | 2.30e+02 |  2:6.4e-05  8:1.4e-03
Iterat, #Fevals:   Function Value    (median,worst) |Axis Ratio|idx:Min SD idx:Max SD
  630 ,   6301 : 5.3826622474380e+00 +(2e-02,9e-02) | 2.31e+02 |  2:5.9e-05  8:1.3e-03
  631 ,   6311 : 5.3967715028053e+00 +(2e-02,1e-01) | 2.31e+02 |  2:6.3e-05  8:1.4e-03
  632 ,   6321 : 5.3754900889564e+00 +(4e-02,1e-01) | 2.39e+02 |  2:7.2e-05  8:1.6e-03
  633 ,   6331 : 5.3948698619879e+00 +(2e-02,8e-02) | 2.44e+02 |  2:7.4e-05  8:1.7e-03
  634 ,   6341 : 5.3846842850036e+00 +(2e-02,9e-02) | 2.48e+02 |  2:7.9e-05  8:1.8e-03
  635 ,   6351 : 5.3877625851476e+00 +(2e-02,9e-02) | 2.51e+02 |  2:7.9e-05  8:1.8e-03
  636 ,   6361 : 5.3816317508981e+00 +(1e-02,3e-02) | 2.63e+02 |  2:8.7e-05  8:2.0e-03
  637 ,   6371 : 5.4004999583231e+00 +(2e-02,9e-02) | 2.71e+02 |  2:9.1e-05  8:2.1e-03
  638 ,   6381 : 5.3939842776526e+00 +(4e-02,1e-01) | 2.73e+02 |  2:8.9e-05  8:2.0e-03
  639 ,   6391 : 5.3841348005281e+00 +(2e-02,9e-02) | 2.73e+02 |  2:8.6e-05  8:2.0e-03
Iterat, #Fevals:   Function Value    (median,worst) |Axis Ratio|idx:Min SD idx:Max SD
  640 ,   6401 : 5.3854363162275e+00 +(2e-02,1e-01) | 2.73e+02 |  2:8.1e-05  8:1.8e-03
  641 ,   6411 : 5.3927709722957e+00 +(2e-02,1e-01) | 2.80e+02 |  2:8.5e-05  8:1.9e-03
  642 ,   6421 : 5.3894041447411e+00 +(2e-02,6e-02) | 2.80e+02 |  2:8.4e-05  8:1.9e-03
  643 ,   6431 : 5.3830610248667e+00 +(3e-02,8e-02) | 2.82e+02 |  2:8.3e-05  8:1.9e-03
  644 ,   6441 : 5.3856874452834e+00 +(5e-02,1e-01) | 2.83e+02 |  2:8.6e-05  8:2.0e-03
  645 ,   6451 : 5.3787574039582e+00 +(3e-02,9e-02) | 2.81e+02 |  2:9.0e-05  8:2.0e-03
  646 ,   6461 : 5.3970181712954e+00 +(1e-02,1e-01) | 2.78e+02 |  2:9.7e-05  8:2.2e-03
  647 ,   6471 : 5.3911830897384e+00 +(2e-02,8e-02) | 2.78e+02 |  2:1.1e-04  8:2.5e-03
  648 ,   6481 : 5.3816680086025e+00 +(3e-02,9e-02) | 2.81e+02 |  2:1.2e-04  8:2.7e-03
  649 ,   6491 : 5.3958762997903e+00 +(1e-02,8e-02) | 2.78e+02 |  2:1.3e-04  8:2.9e-03
Iterat, #Fevals:   Function Value    (median,worst) |Axis Ratio|idx:Min SD idx:Max SD
  650 ,   6501 : 5.3867560889647e+00 +(6e-02,1e-01) | 2.78e+02 |  2:1.3e-04  8:2.9e-03
  651 ,   6511 : 5.3820421333663e+00 +(3e-02,1e-01) | 2.80e+02 |  2:1.3e-04  8:2.9e-03
  652 ,   6521 : 5.3976655970664e+00 +(2e-02,8e-02) | 2.84e+02 |  2:1.2e-04  8:2.7e-03
  653 ,   6531 : 5.3838191180783e+00 +(3e-02,9e-02) | 2.67e+02 |  2:1.2e-04  8:2.7e-03
  654 ,   6541 : 5.3867771676947e+00 +(2e-02,2e-02) | 2.68e+02 |  2:1.2e-04  8:2.6e-03
  655 ,   6551 : 5.4012985370696e+00 +(7e-03,5e-02) | 2.67e+02 |  2:1.2e-04  8:2.6e-03
  656 ,   6561 : 5.4063020162335e+00 +(7e-03,9e-02) | 2.68e+02 |  2:1.2e-04  8:2.7e-03
  657 ,   6571 : 5.3963365785309e+00 +(3e-02,1e-01) | 2.97e+02 |  2:1.5e-04  8:3.5e-03
  658 ,   6581 : 5.3882306152353e+00 +(4e-02,1e-01) | 3.12e+02 |  2:1.6e-04  8:3.8e-03
  659 ,   6591 : 5.3902295871498e+00 +(2e-02,9e-02) | 3.19e+02 |  2:1.5e-04  8:3.7e-03
Iterat, #Fevals:   Function Value    (median,worst) |Axis Ratio|idx:Min SD idx:Max SD
  660 ,   6601 : 5.3838966242921e+00 +(4e-02,1e-01) | 3.24e+02 |  2:1.5e-04  8:3.6e-03
  661 ,   6611 : 5.3853521773786e+00 +(3e-02,1e-01) | 3.29e+02 |  2:1.5e-04  8:3.6e-03
  662 ,   6621 : 5.3810666605830e+00 +(2e-02,7e-02) | 3.30e+02 |  2:1.5e-04  8:3.4e-03
  663 ,   6631 : 5.3844028157635e+00 +(2e-02,1e-01) | 3.27e+02 |  2:1.3e-04  8:3.1e-03
  664 ,   6641 : 5.3858036694222e+00 +(3e-02,9e-02) | 3.11e+02 |  2:1.2e-04  8:2.9e-03
  665 ,   6651 : 5.3794891291695e+00 +(3e-02,5e-02) | 3.11e+02 |  2:1.1e-04  8:2.5e-03
  666 ,   6661 : 5.3838464975693e+00 +(3e-02,1e-01) | 3.13e+02 |  2:1.0e-04  8:2.4e-03
  667 ,   6671 : 5.3889865887699e+00 +(2e-02,8e-02) | 3.07e+02 |  2:9.9e-05  8:2.3e-03
  668 ,   6681 : 5.3850700769711e+00 +(3e-02,1e-01) | 3.04e+02 |  2:1.0e-04  8:2.3e-03
  669 ,   6691 : 5.4062021463417e+00 +(4e-03,7e-02) | 3.11e+02 |  2:1.1e-04  8:2.5e-03
Iterat, #Fevals:   Function Value    (median,worst) |Axis Ratio|idx:Min SD idx:Max SD
  670 ,   6701 : 5.3800276362737e+00 +(3e-02,1e-01) | 3.13e+02 |  2:1.3e-04  8:2.8e-03
  671 ,   6711 : 5.3945989535381e+00 +(1e-02,6e-02) | 3.07e+02 |  2:1.3e-04  8:2.8e-03
  672 ,   6721 : 5.3810850648308e+00 +(4e-02,1e-01) | 3.05e+02 |  2:1.2e-04  8:2.6e-03
  673 ,   6731 : 5.3837095976353e+00 +(3e-02,1e-01) | 3.04e+02 |  2:1.2e-04  8:2.6e-03
  674 ,   6741 : 5.4058243404254e+00 +(2e-02,5e-02) | 3.03e+02 |  2:1.3e-04  8:2.7e-03
  675 ,   6751 : 5.3908691703929e+00 +(2e-02,8e-02) | 3.02e+02 |  2:1.3e-04  8:2.7e-03
  676 ,   6761 : 5.3983485755945e+00 +(1e-02,8e-02) | 3.01e+02 |  2:1.4e-04  8:2.8e-03
  677 ,   6771 : 5.3859427313499e+00 +(2e-02,1e-01) | 3.03e+02 |  2:1.4e-04  8:2.8e-03
  678 ,   6781 : 5.3963808790096e+00 +(1e-02,6e-02) | 2.98e+02 |  2:1.3e-04  8:2.6e-03
  679 ,   6791 : 5.3844629985955e+00 +(2e-02,8e-02) | 2.98e+02 |  2:1.4e-04  8:2.8e-03
Iterat, #Fevals:   Function Value    (median,worst) |Axis Ratio|idx:Min SD idx:Max SD
  680 ,   6801 : 5.3944718218381e+00 +(2e-02,9e-02) | 2.95e+02 |  2:1.4e-04  8:2.8e-03
  681 ,   6811 : 5.3795403290372e+00 +(3e-02,7e-02) | 2.98e+02 |  2:1.2e-04  8:2.5e-03
  682 ,   6821 : 5.3959211429910e+00 +(4e-02,9e-02) | 2.95e+02 |  2:1.1e-04  8:2.3e-03
  683 ,   6831 : 5.3828821793790e+00 +(3e-02,7e-02) | 2.87e+02 |  2:1.0e-04  8:2.2e-03
  684 ,   6841 : 5.3850262841434e+00 +(2e-02,1e-01) | 2.67e+02 |  2:1.0e-04  8:2.1e-03
  685 ,   6851 : 5.3861074691539e+00 +(3e-02,1e-01) | 2.65e+02 |  2:8.6e-05  8:1.8e-03
  686 ,   6861 : 5.3829420788256e+00 +(3e-02,9e-02) | 2.64e+02 |  2:7.7e-05  8:1.6e-03
  687 ,   6871 : 5.3858082061320e+00 +(2e-02,9e-02) | 2.67e+02 |  2:7.8e-05  8:1.6e-03
  688 ,   6881 : 5.3966473423680e+00 +(1e-02,8e-02) | 2.64e+02 |  2:7.3e-05  8:1.5e-03
  689 ,   6891 : 5.4029821791563e+00 +(6e-03,7e-02) | 2.61e+02 |  2:7.0e-05  8:1.4e-03
Iterat, #Fevals:   Function Value    (median,worst) |Axis Ratio|idx:Min SD idx:Max SD
  690 ,   6901 : 5.4060204936642e+00 +(3e-02,9e-02) | 2.60e+02 |  2:6.4e-05  8:1.3e-03
  691 ,   6911 : 5.3840124927708e+00 +(2e-02,6e-02) | 2.70e+02 |  2:6.4e-05  8:1.3e-03
  692 ,   6921 : 5.3854809792057e+00 +(3e-02,1e-01) | 2.77e+02 |  2:6.0e-05  8:1.2e-03
  693 ,   6931 : 5.3951383511312e+00 +(2e-02,1e-01) | 2.78e+02 |  2:5.4e-05  8:1.1e-03
  694 ,   6941 : 5.3817248040134e+00 +(4e-02,1e-01) | 2.78e+02 |  2:5.6e-05  8:1.1e-03
  695 ,   6951 : 5.3791939776041e+00 +(3e-02,7e-02) | 2.80e+02 |  2:5.0e-05  8:1.0e-03
  696 ,   6961 : 5.3881498715913e+00 +(2e-02,9e-02) | 2.78e+02 |  2:4.6e-05  8:9.2e-04
  697 ,   6971 : 5.3772985064411e+00 +(3e-02,7e-02) | 2.76e+02 |  2:4.3e-05  8:8.7e-04
  698 ,   6981 : 5.3877661411829e+00 +(2e-02,6e-02) | 2.75e+02 |  2:4.2e-05  8:8.4e-04
  699 ,   6991 : 5.3841942452668e+00 +(3e-02,1e-01) | 2.75e+02 |  2:4.0e-05  8:8.0e-04
Iterat, #Fevals:   Function Value    (median,worst) |Axis Ratio|idx:Min SD idx:Max SD
  700 ,   7001 : 5.3887610217038e+00 +(2e-02,1e-01) | 2.79e+02 |  2:4.3e-05  8:8.7e-04
  701 ,   7011 : 5.3830322358323e+00 +(3e-02,9e-02) | 2.85e+02 |  2:4.5e-05  8:9.3e-04
  702 ,   7021 : 5.3964780873017e+00 +(1e-02,1e-01) | 2.79e+02 |  2:4.4e-05  8:9.1e-04
  703 ,   7031 : 5.4069835700538e+00 +(3e-03,9e-02) | 2.91e+02 |  2:4.1e-05  8:8.8e-04
  704 ,   7041 : 5.3874130407982e+00 +(5e-02,1e-01) | 3.00e+02 |  2:4.3e-05  8:9.0e-04
  705 ,   7051 : 5.3946519693593e+00 +(2e-02,1e-01) | 3.06e+02 |  2:3.9e-05  8:8.3e-04
  706 ,   7061 : 5.3870511272773e+00 +(2e-02,8e-02) | 3.14e+02 |  2:3.5e-05  8:7.5e-04
  707 ,   7071 : 5.3805764972169e+00 +(3e-02,7e-02) | 3.33e+02 |  2:3.7e-05  8:8.0e-04
  708 ,   7081 : 5.3958396344193e+00 +(3e-02,8e-02) | 3.55e+02 |  2:4.3e-05  8:9.3e-04
  709 ,   7091 : 5.3846188233615e+00 +(3e-02,1e-01) | 3.62e+02 |  2:4.2e-05  8:8.9e-04
Iterat, #Fevals:   Function Value    (median,worst) |Axis Ratio|idx:Min SD idx:Max SD
  710 ,   7101 : 5.3877576948387e+00 +(2e-02,4e-02) | 3.56e+02 |  2:4.4e-05  8:9.3e-04
  711 ,   7111 : 5.3836538553115e+00 +(3e-02,1e-01) | 3.56e+02 |  2:4.6e-05  8:9.9e-04
  712 ,   7121 : 5.4006937818300e+00 +(8e-03,4e-02) | 3.62e+02 |  2:4.8e-05  8:1.0e-03
  713 ,   7131 : 5.3896947135601e+00 +(2e-02,9e-02) | 3.59e+02 |  2:4.6e-05  8:9.9e-04
  714 ,   7141 : 5.3961290521390e+00 +(3e-02,1e-01) | 3.51e+02 |  2:4.8e-05  8:1.0e-03
  715 ,   7151 : 5.3957624003167e+00 +(1e-02,6e-02) | 3.50e+02 |  2:4.8e-05  8:1.0e-03
  716 ,   7161 : 5.3849632628744e+00 +(3e-02,1e-01) | 3.45e+02 |  2:5.7e-05  8:1.2e-03
  717 ,   7171 : 5.3820550194150e+00 +(3e-02,1e-01) | 3.43e+02 |  2:6.6e-05  8:1.5e-03
  718 ,   7181 : 5.3870956263264e+00 +(4e-02,1e-01) | 3.47e+02 |  2:6.8e-05  8:1.5e-03
  719 ,   7191 : 5.3847032110186e+00 +(4e-02,1e-01) | 3.49e+02 |  2:7.1e-05  8:1.6e-03
Iterat, #Fevals:   Function Value    (median,worst) |Axis Ratio|idx:Min SD idx:Max SD
  720 ,   7201 : 5.3814200668920e+00 +(3e-02,7e-02) | 3.48e+02 |  2:7.0e-05  8:1.5e-03
  721 ,   7211 : 5.3932186151739e+00 +(2e-02,1e-01) | 3.47e+02 |  2:7.3e-05  8:1.6e-03
  722 ,   7221 : 5.4085901268063e+00 +(1e-02,9e-02) | 3.48e+02 |  2:7.6e-05  8:1.6e-03
  723 ,   7231 : 5.3989727585695e+00 +(3e-02,8e-02) | 3.57e+02 |  2:7.7e-05  8:1.6e-03
  724 ,   7241 : 5.3825282839396e+00 +(2e-02,9e-02) | 3.44e+02 |  2:7.4e-05  8:1.6e-03
  725 ,   7251 : 5.4063744887231e+00 +(4e-03,1e-01) | 3.21e+02 |  2:7.6e-05  8:1.6e-03
  726 ,   7261 : 5.4049486012078e+00 +(3e-02,8e-02) | 3.11e+02 |  2:7.2e-05  8:1.5e-03
  727 ,   7271 : 5.3838601502485e+00 +(2e-02,9e-02) | 3.13e+02 |  2:6.6e-05  8:1.4e-03
  728 ,   7281 : 5.3840208900730e+00 +(3e-02,9e-02) | 3.17e+02 |  2:6.5e-05  8:1.4e-03
  729 ,   7291 : 5.3803865504358e+00 +(3e-02,7e-02) | 3.23e+02 |  2:6.1e-05  8:1.3e-03
Iterat, #Fevals:   Function Value    (median,worst) |Axis Ratio|idx:Min SD idx:Max SD
  730 ,   7301 : 5.3873098919278e+00 +(2e-02,1e-01) | 3.12e+02 |  2:6.4e-05  8:1.4e-03
  731 ,   7311 : 5.3976275820613e+00 +(1e-02,7e-02) | 3.11e+02 |  2:6.4e-05  8:1.4e-03
  732 ,   7321 : 5.4017373065496e+00 +(9e-03,7e-02) | 3.15e+02 |  2:5.6e-05  8:1.2e-03
  733 ,   7331 : 5.3960082759032e+00 +(1e-02,6e-02) | 3.21e+02 |  2:5.5e-05  8:1.2e-03
  734 ,   7341 : 5.3878607319802e+00 +(2e-02,1e-01) | 3.18e+02 |  2:5.3e-05  8:1.1e-03
  735 ,   7351 : 5.4031994557633e+00 +(6e-03,7e-02) | 3.13e+02 |  2:4.6e-05  8:1.0e-03
  736 ,   7361 : 5.4012885646489e+00 +(2e-02,1e-01) | 3.25e+02 |  2:4.3e-05  8:9.6e-04
  737 ,   7371 : 5.3837880403576e+00 +(4e-02,1e-01) | 3.32e+02 |  2:4.4e-05  8:1.0e-03
  738 ,   7381 : 5.3820905053159e+00 +(2e-02,7e-02) | 3.38e+02 |  2:4.2e-05  8:9.6e-04
  739 ,   7391 : 5.3836905076138e+00 +(3e-02,9e-02) | 3.38e+02 |  2:4.0e-05  8:9.2e-04
Iterat, #Fevals:   Function Value    (median,worst) |Axis Ratio|idx:Min SD idx:Max SD
  740 ,   7401 : 5.3827457569566e+00 +(2e-02,9e-02) | 3.38e+02 |  2:3.6e-05  8:8.2e-04
  741 ,   7411 : 5.3855640066797e+00 +(2e-02,7e-02) | 3.34e+02 |  2:3.3e-05  8:7.5e-04
  742 ,   7421 : 5.3960346825820e+00 +(2e-02,1e-01) | 3.17e+02 |  2:3.7e-05  8:8.3e-04
  743 ,   7431 : 5.3854341781378e+00 +(3e-02,9e-02) | 3.20e+02 |  2:3.8e-05  8:8.3e-04
  744 ,   7441 : 5.3812876982827e+00 +(3e-02,1e-01) | 3.18e+02 |  2:4.0e-05  8:8.5e-04
  745 ,   7451 : 5.3872542983147e+00 +(2e-02,1e-01) | 3.09e+02 |  2:4.3e-05  8:9.1e-04
  746 ,   7461 : 5.3858721464205e+00 +(2e-02,6e-02) | 3.09e+02 |  2:4.0e-05  8:8.5e-04
  747 ,   7471 : 5.3861634205712e+00 +(2e-02,4e-02) | 3.12e+02 |  2:3.9e-05  8:8.2e-04
  748 ,   7481 : 5.3845707368000e+00 +(3e-02,7e-02) | 3.14e+02 |  2:4.1e-05  8:8.7e-04
  749 ,   7491 : 5.3945088870333e+00 +(1e-02,9e-02) | 3.34e+02 |  2:4.8e-05  8:1.1e-03
Iterat, #Fevals:   Function Value    (median,worst) |Axis Ratio|idx:Min SD idx:Max SD
  750 ,   7501 : 5.4067168552850e+00 +(3e-03,7e-02) | 3.46e+02 |  2:5.3e-05  8:1.2e-03
  751 ,   7511 : 5.3848289031132e+00 +(2e-02,1e-01) | 3.45e+02 |  2:5.5e-05  8:1.3e-03
  752 ,   7521 : 5.3857722349808e+00 +(2e-02,9e-02) | 3.59e+02 |  2:5.2e-05  8:1.2e-03
  753 ,   7531 : 5.3880028790347e+00 +(2e-02,9e-02) | 3.53e+02 |  2:5.0e-05  8:1.2e-03
  754 ,   7541 : 5.3864418232863e+00 +(2e-02,8e-02) | 3.53e+02 |  2:4.8e-05  8:1.1e-03
  755 ,   7551 : 5.3973466189423e+00 +(1e-02,1e-01) | 3.55e+02 |  2:4.5e-05  8:1.1e-03
  756 ,   7561 : 5.3871820911750e+00 +(2e-02,9e-02) | 3.48e+02 |  2:4.9e-05  8:1.2e-03
  757 ,   7571 : 5.3824596391252e+00 +(3e-02,1e-01) | 3.59e+02 |  2:5.9e-05  8:1.4e-03
  758 ,   7581 : 5.3864342373999e+00 +(2e-02,1e-01) | 3.53e+02 |  2:6.2e-05  8:1.5e-03
  759 ,   7591 : 5.3780430189996e+00 +(3e-02,1e-01) | 3.53e+02 |  2:6.2e-05  8:1.5e-03
Iterat, #Fevals:   Function Value    (median,worst) |Axis Ratio|idx:Min SD idx:Max SD
  760 ,   7601 : 5.3978373479269e+00 +(2e-02,1e-01) | 3.55e+02 |  2:6.3e-05  8:1.5e-03
  761 ,   7611 : 5.3776718626653e+00 +(4e-02,1e-01) | 3.57e+02 |  2:6.2e-05  8:1.5e-03
  762 ,   7621 : 5.3954006647417e+00 +(1e-02,3e-02) | 3.53e+02 |  2:6.6e-05  8:1.5e-03
  763 ,   7631 : 5.3975924352623e+00 +(4e-02,1e-01) | 3.56e+02 |  2:7.2e-05  8:1.7e-03
  764 ,   7641 : 5.3830670865444e+00 +(3e-02,7e-02) | 3.56e+02 |  2:7.5e-05  8:1.7e-03
  765 ,   7651 : 5.3810391737530e+00 +(3e-02,9e-02) | 3.50e+02 |  2:7.5e-05  8:1.7e-03
  766 ,   7661 : 5.3847616341444e+00 +(4e-02,1e-01) | 3.45e+02 |  2:7.1e-05  8:1.6e-03
  767 ,   7671 : 5.3801281713995e+00 +(3e-02,1e-01) | 3.65e+02 |  2:8.0e-05  8:1.9e-03
  768 ,   7681 : 5.3856430757886e+00 +(3e-02,8e-02) | 3.64e+02 |  2:9.4e-05  8:2.2e-03
  769 ,   7691 : 5.3843816357279e+00 +(2e-02,1e-01) | 3.68e+02 |  2:1.0e-04  8:2.4e-03
Iterat, #Fevals:   Function Value    (median,worst) |Axis Ratio|idx:Min SD idx:Max SD
  770 ,   7701 : 5.4007290623663e+00 +(1e-02,9e-02) | 3.70e+02 |  2:1.0e-04  8:2.4e-03
  771 ,   7711 : 5.3824000708157e+00 +(3e-02,1e-01) | 3.56e+02 |  2:1.1e-04  8:2.5e-03
  772 ,   7721 : 5.3815325376017e+00 +(2e-02,1e-01) | 3.56e+02 |  2:1.2e-04  8:2.6e-03
  773 ,   7731 : 5.3845666191494e+00 +(3e-02,9e-02) | 3.58e+02 |  2:1.1e-04  8:2.4e-03
  774 ,   7741 : 5.4065313501015e+00 +(1e-02,4e-02) | 3.58e+02 |  2:1.1e-04  8:2.4e-03
  775 ,   7751 : 5.4040434005304e+00 +(2e-02,9e-02) | 3.70e+02 |  2:1.1e-04  8:2.5e-03
  776 ,   7761 : 5.3842790880443e+00 +(2e-02,4e-02) | 3.80e+02 |  2:1.2e-04  8:2.6e-03
  777 ,   7771 : 5.4028424346096e+00 +(1e-02,7e-02) | 3.74e+02 |  2:1.1e-04  8:2.4e-03
  778 ,   7781 : 5.3823523587190e+00 +(3e-02,1e-01) | 3.78e+02 |  2:9.8e-05  8:2.2e-03
  779 ,   7791 : 5.3954225012346e+00 +(1e-02,1e-01) | 3.76e+02 |  2:8.9e-05  8:2.0e-03
Iterat, #Fevals:   Function Value    (median,worst) |Axis Ratio|idx:Min SD idx:Max SD
  780 ,   7801 : 5.4013649038379e+00 +(1e-02,1e-01) | 3.77e+02 |  2:9.0e-05  8:2.0e-03
  781 ,   7811 : 5.3839070395502e+00 +(6e-02,1e-01) | 3.84e+02 |  2:9.6e-05  8:2.2e-03
  782 ,   7821 : 5.3853206745440e+00 +(2e-02,1e-01) | 3.87e+02 |  2:9.1e-05  8:2.1e-03
  783 ,   7831 : 5.3973697054547e+00 +(1e-02,9e-02) | 3.91e+02 |  2:8.3e-05  8:1.9e-03
  784 ,   7841 : 5.3954514631402e+00 +(4e-02,1e-01) | 3.90e+02 |  2:7.7e-05  8:1.8e-03
  785 ,   7851 : 5.3870584222913e+00 +(2e-02,6e-02) | 4.06e+02 |  2:7.0e-05  8:1.7e-03
  786 ,   7861 : 5.3964814020821e+00 +(3e-02,1e-01) | 4.07e+02 |  2:7.3e-05  8:1.7e-03
  787 ,   7871 : 5.3859640994643e+00 +(2e-02,1e-01) | 4.07e+02 |  2:7.4e-05  8:1.8e-03
  788 ,   7881 : 5.4078636426810e+00 +(4e-02,9e-02) | 4.18e+02 |  2:7.3e-05  8:1.8e-03
  789 ,   7891 : 5.3958067351936e+00 +(1e-02,5e-02) | 4.44e+02 |  2:8.1e-05  8:2.1e-03
Iterat, #Fevals:   Function Value    (median,worst) |Axis Ratio|idx:Min SD idx:Max SD
  790 ,   7901 : 5.3943807033282e+00 +(2e-02,9e-02) | 4.37e+02 |  2:8.2e-05  8:2.1e-03
  791 ,   7911 : 5.3967008399686e+00 +(2e-02,1e-01) | 4.46e+02 |  2:8.6e-05  8:2.2e-03
  792 ,   7921 : 5.3815105329361e+00 +(3e-02,4e-02) | 4.41e+02 |  2:8.8e-05  8:2.2e-03
  793 ,   7931 : 5.4067422807283e+00 +(5e-03,9e-02) | 4.55e+02 |  2:8.8e-05  8:2.3e-03
  794 ,   7941 : 5.3855413563817e+00 +(2e-02,1e-01) | 4.57e+02 |  2:9.4e-05  8:2.5e-03
  795 ,   7951 : 5.3858205606327e+00 +(2e-02,9e-02) | 4.44e+02 |  2:9.2e-05  8:2.5e-03
  796 ,   7961 : 5.3831201105330e+00 +(2e-02,1e-01) | 4.46e+02 |  2:8.3e-05  8:2.2e-03
  797 ,   7971 : 5.3957153690202e+00 +(1e-02,5e-02) | 4.54e+02 |  2:8.5e-05  8:2.2e-03
  798 ,   7981 : 5.3786801762612e+00 +(3e-02,1e-01) | 4.44e+02 |  2:8.7e-05  8:2.3e-03
  799 ,   7991 : 5.3805852500760e+00 +(3e-02,7e-02) | 4.35e+02 |  2:8.3e-05  8:2.1e-03
Iterat, #Fevals:   Function Value    (median,worst) |Axis Ratio|idx:Min SD idx:Max SD
  800 ,   8001 : 5.3849994504099e+00 +(2e-02,1e-01) | 4.55e+02 |  2:8.7e-05  8:2.2e-03
  801 ,   8011 : 5.3873057426622e+00 +(2e-02,1e-01) | 4.81e+02 |  2:9.1e-05  8:2.4e-03
  802 ,   8021 : 5.3844367240816e+00 +(2e-02,1e-01) | 4.80e+02 |  2:9.5e-05  8:2.5e-03
  803 ,   8031 : 5.3965812476204e+00 +(1e-02,8e-02) | 4.72e+02 |  2:9.1e-05  8:2.4e-03
  804 ,   8041 : 5.3971370253024e+00 +(2e-02,1e-01) | 4.73e+02 |  2:8.2e-05  8:2.2e-03
  805 ,   8051 : 5.3793545756529e+00 +(4e-02,7e-02) | 4.72e+02 |  2:7.5e-05  8:2.0e-03
  806 ,   8061 : 5.4071433388150e+00 +(2e-03,6e-02) | 4.72e+02 |  2:7.3e-05  8:2.0e-03
  807 ,   8071 : 5.3838224269367e+00 +(4e-02,1e-01) | 4.68e+02 |  2:7.3e-05  8:2.0e-03
  808 ,   8081 : 5.3794504241788e+00 +(4e-02,1e-01) | 4.76e+02 |  2:7.9e-05  8:2.2e-03
  809 ,   8091 : 5.3943130433396e+00 +(1e-02,7e-02) | 4.68e+02 |  2:7.9e-05  8:2.2e-03
Iterat, #Fevals:   Function Value    (median,worst) |Axis Ratio|idx:Min SD idx:Max SD
  810 ,   8101 : 5.3980105086454e+00 +(1e-02,8e-02) | 4.72e+02 |  2:8.7e-05  8:2.4e-03
  811 ,   8111 : 5.3835675567931e+00 +(2e-02,1e-01) | 4.67e+02 |  2:8.8e-05  8:2.4e-03
  812 ,   8121 : 5.3799547935811e+00 +(3e-02,5e-02) | 4.79e+02 |  2:8.7e-05  8:2.4e-03
  813 ,   8131 : 5.3957258705530e+00 +(1e-02,8e-02) | 4.79e+02 |  2:8.8e-05  8:2.4e-03
  814 ,   8141 : 5.3830536357264e+00 +(3e-02,9e-02) | 4.71e+02 |  2:9.3e-05  8:2.5e-03
  815 ,   8151 : 5.3795409986285e+00 +(3e-02,1e-01) | 4.59e+02 |  2:9.2e-05  8:2.4e-03
  816 ,   8161 : 5.3855192720489e+00 +(2e-02,1e-01) | 4.54e+02 |  2:9.0e-05  8:2.3e-03
  817 ,   8171 : 5.3889183621871e+00 +(3e-02,1e-01) | 4.27e+02 |  2:9.2e-05  8:2.4e-03
  818 ,   8181 : 5.3857975285887e+00 +(3e-02,1e-01) | 4.38e+02 |  2:9.7e-05  8:2.6e-03
  819 ,   8191 : 5.3863870642746e+00 +(2e-02,6e-02) | 4.43e+02 |  2:1.0e-04  8:2.8e-03
Iterat, #Fevals:   Function Value    (median,worst) |Axis Ratio|idx:Min SD idx:Max SD
  820 ,   8201 : 5.3845052076851e+00 +(3e-02,1e-01) | 4.39e+02 |  2:1.0e-04  8:2.9e-03
  821 ,   8211 : 5.3969714261750e+00 +(1e-02,6e-02) | 4.39e+02 |  2:9.5e-05  8:2.6e-03
  822 ,   8221 : 5.3957594611228e+00 +(1e-02,1e-01) | 4.43e+02 |  2:9.3e-05  8:2.6e-03
  823 ,   8231 : 5.3839705066207e+00 +(2e-02,1e-01) | 4.43e+02 |  2:8.9e-05  8:2.5e-03
  824 ,   8241 : 5.3790173600479e+00 +(2e-02,1e-01) | 4.63e+02 |  2:8.4e-05  8:2.4e-03
  825 ,   8251 : 5.3871470223823e+00 +(2e-02,1e-01) | 4.63e+02 |  2:8.2e-05  8:2.3e-03
  826 ,   8261 : 5.3810747870222e+00 +(7e-02,1e-01) | 4.76e+02 |  2:8.1e-05  8:2.3e-03
  827 ,   8271 : 5.3823008900943e+00 +(2e-02,7e-02) | 5.04e+02 |  2:8.3e-05  8:2.5e-03
  828 ,   8281 : 5.3950756878774e+00 +(2e-02,1e-01) | 5.03e+02 |  2:9.3e-05  8:2.8e-03
  829 ,   8291 : 5.3862418542607e+00 +(3e-02,1e-01) | 5.08e+02 |  2:9.1e-05  8:2.7e-03
Iterat, #Fevals:   Function Value    (median,worst) |Axis Ratio|idx:Min SD idx:Max SD
  830 ,   8301 : 5.3817319072154e+00 +(2e-02,1e-01) | 5.11e+02 |  2:8.5e-05  8:2.6e-03
  831 ,   8311 : 5.3967582308591e+00 +(2e-02,6e-02) | 5.10e+02 |  2:8.3e-05  8:2.6e-03
  832 ,   8321 : 5.4045383100276e+00 +(6e-03,9e-02) | 5.10e+02 |  2:7.8e-05  8:2.4e-03
  833 ,   8331 : 5.3840860407105e+00 +(2e-02,9e-02) | 5.12e+02 |  2:7.8e-05  8:2.4e-03
  834 ,   8341 : 5.3852809184410e+00 +(2e-02,9e-02) | 5.11e+02 |  2:8.3e-05  8:2.5e-03
  835 ,   8351 : 5.3976442991693e+00 +(1e-02,9e-02) | 5.08e+02 |  2:8.8e-05  8:2.6e-03
  836 ,   8361 : 5.3969144849468e+00 +(1e-02,1e-01) | 5.05e+02 |  2:9.0e-05  8:2.6e-03
  837 ,   8371 : 5.3823788642764e+00 +(3e-02,7e-02) | 4.99e+02 |  2:8.3e-05  8:2.4e-03
  838 ,   8381 : 5.3955032435749e+00 +(2e-02,1e-01) | 5.06e+02 |  2:8.9e-05  8:2.5e-03
  839 ,   8391 : 5.3837790714116e+00 +(3e-02,8e-02) | 4.98e+02 |  2:9.0e-05  8:2.5e-03
Iterat, #Fevals:   Function Value    (median,worst) |Axis Ratio|idx:Min SD idx:Max SD
  840 ,   8401 : 5.3847234445015e+00 +(3e-02,8e-02) | 4.98e+02 |  2:8.7e-05  8:2.5e-03
  841 ,   8411 : 5.3836557659612e+00 +(2e-02,9e-02) | 4.98e+02 |  2:8.2e-05  8:2.3e-03
  842 ,   8421 : 5.3821342163579e+00 +(4e-02,9e-02) | 5.07e+02 |  2:7.6e-05  8:2.2e-03
  843 ,   8431 : 5.3831443732575e+00 +(2e-02,7e-02) | 5.09e+02 |  2:7.0e-05  8:2.0e-03
  844 ,   8441 : 5.3805053706713e+00 +(2e-02,5e-02) | 5.09e+02 |  2:6.9e-05  8:2.0e-03
  845 ,   8451 : 5.3963330277372e+00 +(1e-02,2e-02) | 5.02e+02 |  2:6.6e-05  8:1.9e-03
  846 ,   8461 : 5.3844172396320e+00 +(3e-02,9e-02) | 5.09e+02 |  2:6.1e-05  8:1.7e-03
  847 ,   8471 : 5.3844831620602e+00 +(2e-02,9e-02) | 5.00e+02 |  2:5.7e-05  8:1.6e-03
  848 ,   8481 : 5.3913981350249e+00 +(2e-02,1e-01) | 5.03e+02 |  2:5.6e-05  8:1.6e-03
  849 ,   8491 : 5.3869886259791e+00 +(2e-02,1e-01) | 5.28e+02 |  2:5.8e-05  8:1.7e-03
Iterat, #Fevals:   Function Value    (median,worst) |Axis Ratio|idx:Min SD idx:Max SD
  850 ,   8501 : 5.3762892416575e+00 +(4e-02,1e-01) | 5.25e+02 |  2:6.0e-05  8:1.7e-03
  851 ,   8511 : 5.3865724488697e+00 +(2e-02,1e-01) | 5.25e+02 |  2:5.9e-05  8:1.7e-03
  852 ,   8521 : 5.3857985978768e+00 +(2e-02,9e-02) | 5.41e+02 |  2:5.9e-05  8:1.7e-03
  853 ,   8531 : 5.3963402491833e+00 +(3e-02,9e-02) | 5.55e+02 |  2:5.7e-05  8:1.7e-03
  854 ,   8541 : 5.4068634367824e+00 +(2e-02,9e-02) | 5.57e+02 |  2:5.9e-05  8:1.7e-03
  855 ,   8551 : 5.3815373619892e+00 +(3e-02,9e-02) | 5.61e+02 |  2:5.7e-05  8:1.7e-03
  856 ,   8561 : 5.3790566655616e+00 +(3e-02,1e-01) | 5.58e+02 |  2:5.6e-05  8:1.6e-03
  857 ,   8571 : 5.3865160122258e+00 +(2e-02,9e-02) | 5.57e+02 |  2:5.5e-05  8:1.6e-03
  858 ,   8581 : 5.3864639115411e+00 +(2e-02,9e-02) | 5.57e+02 |  2:5.0e-05  8:1.5e-03
  859 ,   8591 : 5.3914747637111e+00 +(2e-02,6e-02) | 5.53e+02 |  2:5.0e-05  8:1.4e-03
Iterat, #Fevals:   Function Value    (median,worst) |Axis Ratio|idx:Min SD idx:Max SD
  860 ,   8601 : 5.3764759345434e+00 +(3e-02,5e-02) | 5.48e+02 |  2:5.0e-05  8:1.4e-03
  861 ,   8611 : 5.3870742991262e+00 +(2e-02,9e-02) | 5.59e+02 |  2:5.1e-05  8:1.5e-03
  862 ,   8621 : 5.3877727239067e+00 +(2e-02,4e-02) | 5.67e+02 |  2:5.0e-05  8:1.5e-03
  863 ,   8631 : 5.3884018857351e+00 +(2e-02,1e-01) | 5.61e+02 |  2:4.6e-05  8:1.3e-03
  864 ,   8641 : 5.3841576906704e+00 +(3e-02,9e-02) | 5.68e+02 |  2:4.5e-05  8:1.3e-03
  865 ,   8651 : 5.3971110436737e+00 +(1e-02,5e-02) | 5.69e+02 |  2:4.5e-05  8:1.3e-03
  866 ,   8661 : 5.4023095293529e+00 +(2e-02,1e-01) | 5.80e+02 |  2:4.4e-05  8:1.3e-03
  867 ,   8671 : 5.3819320813856e+00 +(3e-02,8e-02) | 5.75e+02 |  2:4.2e-05  8:1.2e-03
  868 ,   8681 : 5.3913319229127e+00 +(2e-02,8e-02) | 6.05e+02 |  2:4.4e-05  8:1.3e-03
  869 ,   8691 : 5.3873470746395e+00 +(2e-02,1e-01) | 5.86e+02 |  2:4.6e-05  8:1.3e-03
Iterat, #Fevals:   Function Value    (median,worst) |Axis Ratio|idx:Min SD idx:Max SD
  870 ,   8701 : 5.3798397897674e+00 +(3e-02,1e-01) | 5.87e+02 |  2:4.3e-05  8:1.2e-03
  871 ,   8711 : 5.4028860912530e+00 +(8e-03,7e-02) | 5.71e+02 |  2:3.9e-05  8:1.1e-03
  872 ,   8721 : 5.3842930091692e+00 +(2e-02,9e-02) | 5.77e+02 |  2:3.6e-05  8:1.0e-03
  873 ,   8731 : 5.4019176613323e+00 +(6e-03,5e-02) | 5.68e+02 |  2:3.4e-05  8:9.3e-04
  874 ,   8741 : 5.3852658597023e+00 +(2e-02,9e-02) | 5.65e+02 |  2:3.0e-05  8:8.4e-04
  875 ,   8751 : 5.3870375186944e+00 +(2e-02,9e-02) | 5.69e+02 |  2:3.2e-05  8:8.6e-04
  876 ,   8761 : 5.3829779907675e+00 +(3e-02,9e-02) | 5.82e+02 |  2:3.3e-05  8:9.1e-04
  877 ,   8771 : 5.3974027261161e+00 +(1e-02,9e-02) | 5.74e+02 |  2:3.6e-05  8:9.3e-04
  878 ,   8781 : 5.3880852629236e+00 +(2e-02,6e-02) | 5.67e+02 |  2:3.5e-05  8:8.9e-04
  879 ,   8791 : 5.3811564243219e+00 +(3e-02,1e-01) | 5.84e+02 |  2:3.7e-05  8:9.5e-04
Iterat, #Fevals:   Function Value    (median,worst) |Axis Ratio|idx:Min SD idx:Max SD
  880 ,   8801 : 5.3795117769543e+00 +(4e-02,1e-01) | 5.92e+02 |  2:3.5e-05  8:9.1e-04
  881 ,   8811 : 5.3886233714264e+00 +(3e-02,9e-02) | 5.87e+02 |  2:3.4e-05  8:8.6e-04
  882 ,   8821 : 5.3958677275907e+00 +(1e-02,3e-02) | 5.88e+02 |  2:3.5e-05  8:8.9e-04
  883 ,   8831 : 5.4087672179758e+00 +(2e-03,4e-02) | 5.87e+02 |  2:3.4e-05  8:8.5e-04
  884 ,   8841 : 5.4072973680811e+00 +(9e-03,9e-02) | 6.04e+02 |  2:3.4e-05  8:8.8e-04
  885 ,   8851 : 5.3815481127392e+00 +(3e-02,8e-02) | 6.09e+02 |  2:3.3e-05  8:8.6e-04
  886 ,   8861 : 5.3843022387114e+00 +(2e-02,7e-02) | 6.04e+02 |  2:3.0e-05  8:7.9e-04
  887 ,   8871 : 5.3949986031477e+00 +(2e-02,6e-02) | 6.05e+02 |  2:2.9e-05  8:7.6e-04
  888 ,   8881 : 5.3873136153246e+00 +(2e-02,9e-02) | 6.41e+02 |  2:3.0e-05  8:8.2e-04
  889 ,   8891 : 5.3793149100903e+00 +(3e-02,8e-02) | 6.47e+02 |  2:3.1e-05  8:8.6e-04
Iterat, #Fevals:   Function Value    (median,worst) |Axis Ratio|idx:Min SD idx:Max SD
  890 ,   8901 : 5.3856035450987e+00 +(2e-02,9e-02) | 6.31e+02 |  2:2.9e-05  8:7.9e-04
  891 ,   8911 : 5.3825343975895e+00 +(2e-02,7e-02) | 6.32e+02 |  2:2.7e-05  8:7.5e-04
  892 ,   8921 : 5.3974813743702e+00 +(1e-02,1e-01) | 6.50e+02 |  2:2.5e-05  8:7.0e-04
  893 ,   8931 : 5.3819537795900e+00 +(3e-02,1e-01) | 6.93e+02 |  2:2.6e-05  8:7.7e-04
  894 ,   8941 : 5.4014286204873e+00 +(3e-02,7e-02) | 6.96e+02 |  2:2.4e-05  8:7.0e-04
  895 ,   8951 : 5.3776731433759e+00 +(3e-02,9e-02) | 7.04e+02 |  2:2.2e-05  8:6.7e-04
  896 ,   8961 : 5.3932454321668e+00 +(2e-02,1e-01) | 7.04e+02 |  2:2.5e-05  8:7.3e-04
  897 ,   8971 : 5.3930635692673e+00 +(3e-02,1e-01) | 6.98e+02 |  2:2.5e-05  8:7.2e-04
  898 ,   8981 : 5.3855950850231e+00 +(2e-02,1e-01) | 6.94e+02 |  2:2.3e-05  8:6.6e-04
  899 ,   8991 : 5.3864532986191e+00 +(2e-02,4e-02) | 6.90e+02 |  2:2.2e-05  8:6.4e-04
Iterat, #Fevals:   Function Value    (median,worst) |Axis Ratio|idx:Min SD idx:Max SD
  900 ,   9001 : 5.3849674508048e+00 +(4e-02,1e-01) | 7.28e+02 |  2:2.3e-05  8:6.8e-04
  901 ,   9011 : 5.3940574387031e+00 +(8e-02,1e-01) | 7.35e+02 |  2:2.3e-05  8:6.8e-04
  902 ,   9021 : 5.3849535298921e+00 +(3e-02,7e-02) | 7.44e+02 |  2:2.0e-05  8:6.2e-04
  903 ,   9031 : 5.3774650826419e+00 +(4e-02,9e-02) | 7.21e+02 |  2:2.0e-05  8:6.1e-04
  904 ,   9041 : 5.3972739400046e+00 +(1e-02,8e-02) | 7.30e+02 |  2:2.1e-05  8:6.5e-04
  905 ,   9051 : 5.3841051386199e+00 +(2e-02,1e-01) | 7.65e+02 |  2:2.4e-05  8:7.6e-04
  906 ,   9061 : 5.3824335550136e+00 +(3e-02,9e-02) | 7.98e+02 |  2:2.7e-05  8:8.7e-04
  907 ,   9071 : 5.3793624664389e+00 +(2e-02,5e-02) | 8.12e+02 |  2:2.8e-05  8:9.2e-04
  908 ,   9081 : 5.3856675292439e+00 +(3e-02,9e-02) | 8.07e+02 |  2:2.9e-05  8:9.5e-04
  909 ,   9091 : 5.3790273068220e+00 +(3e-02,1e-01) | 8.10e+02 |  2:3.0e-05  8:9.6e-04
Iterat, #Fevals:   Function Value    (median,worst) |Axis Ratio|idx:Min SD idx:Max SD
  910 ,   9101 : 5.3967827232064e+00 +(2e-02,9e-02) | 8.18e+02 |  2:3.0e-05  8:9.7e-04
  911 ,   9111 : 5.4085158435951e+00 +(6e-03,8e-02) | 8.18e+02 |  2:3.1e-05  8:1.0e-03
  912 ,   9121 : 5.3817411463437e+00 +(2e-02,1e-01) | 8.38e+02 |  2:3.8e-05  8:1.2e-03
  913 ,   9131 : 5.3890859361056e+00 +(2e-02,9e-02) | 8.34e+02 |  2:5.0e-05  8:1.7e-03
  914 ,   9141 : 5.3880989100534e+00 +(3e-02,1e-01) | 8.35e+02 |  2:5.5e-05  8:1.8e-03
  915 ,   9151 : 5.3823751786196e+00 +(3e-02,1e-01) | 8.45e+02 |  2:5.5e-05  8:1.8e-03
  916 ,   9161 : 5.3869284563531e+00 +(2e-02,1e-01) | 8.40e+02 |  2:5.7e-05  8:1.8e-03
  917 ,   9171 : 5.3820937303933e+00 +(5e-02,1e-01) | 8.32e+02 |  2:6.5e-05  8:2.0e-03
  918 ,   9181 : 5.3829817997100e+00 +(3e-02,1e-01) | 8.56e+02 |  2:6.9e-05  8:2.2e-03
  919 ,   9191 : 5.3859623325730e+00 +(3e-02,9e-02) | 8.77e+02 |  2:7.8e-05  8:2.4e-03
Iterat, #Fevals:   Function Value    (median,worst) |Axis Ratio|idx:Min SD idx:Max SD
  920 ,   9201 : 5.4099667503348e+00 +(4e-02,9e-02) | 8.84e+02 |  2:8.3e-05  8:2.5e-03
  921 ,   9211 : 5.3781085201336e+00 +(4e-02,1e-01) | 9.09e+02 |  2:8.4e-05  8:2.5e-03
  922 ,   9221 : 5.3809837382233e+00 +(3e-02,7e-02) | 9.15e+02 |  2:8.9e-05  8:2.7e-03
  923 ,   9231 : 5.3964680511364e+00 +(1e-02,7e-02) | 9.07e+02 |  2:9.3e-05  8:2.8e-03
  924 ,   9241 : 5.3857099846259e+00 +(1e-02,9e-02) | 9.05e+02 |  2:8.8e-05  8:2.6e-03
  925 ,   9251 : 5.3892752815376e+00 +(2e-02,1e-01) | 9.09e+02 |  2:8.6e-05  8:2.5e-03
  926 ,   9261 : 5.3959916389115e+00 +(2e-02,8e-02) | 9.03e+02 |  2:9.0e-05  8:2.6e-03
  927 ,   9271 : 5.3864730340328e+00 +(2e-02,7e-02) | 9.01e+02 |  2:9.3e-05  8:2.7e-03
  928 ,   9281 : 5.3881632448670e+00 +(3e-02,1e-01) | 9.29e+02 |  2:1.0e-04  8:2.9e-03
  929 ,   9291 : 5.3822917265121e+00 +(3e-02,1e-01) | 9.25e+02 |  2:1.1e-04  8:3.0e-03
Iterat, #Fevals:   Function Value    (median,worst) |Axis Ratio|idx:Min SD idx:Max SD
  930 ,   9301 : 5.3890929614521e+00 +(2e-02,5e-02) | 9.29e+02 |  2:1.0e-04  8:2.9e-03
  931 ,   9311 : 5.3850575833975e+00 +(2e-02,9e-02) | 9.21e+02 |  2:9.9e-05  8:2.8e-03
  932 ,   9321 : 5.3805578787135e+00 +(3e-02,1e-01) | 9.17e+02 |  2:1.0e-04  8:2.8e-03
  933 ,   9331 : 5.3862007379596e+00 +(2e-02,9e-02) | 8.98e+02 |  2:9.7e-05  8:2.6e-03
  934 ,   9341 : 5.3848349003715e+00 +(3e-02,1e-01) | 8.87e+02 |  2:8.9e-05  8:2.4e-03
  935 ,   9351 : 5.3864404674570e+00 +(2e-02,6e-02) | 9.07e+02 |  2:8.1e-05  8:2.2e-03
  936 ,   9361 : 5.3848224082575e+00 +(2e-02,1e-01) | 9.41e+02 |  2:7.6e-05  8:2.1e-03
  937 ,   9371 : 5.4054684650190e+00 +(6e-03,9e-02) | 9.34e+02 |  2:7.5e-05  8:2.1e-03
  938 ,   9381 : 5.3844970711489e+00 +(3e-02,1e-01) | 9.38e+02 |  2:7.9e-05  8:2.3e-03
  939 ,   9391 : 5.3949546429150e+00 +(1e-02,8e-02) | 9.39e+02 |  2:8.4e-05  8:2.4e-03
Iterat, #Fevals:   Function Value    (median,worst) |Axis Ratio|idx:Min SD idx:Max SD
  940 ,   9401 : 5.3830758464534e+00 +(3e-02,7e-02) | 9.58e+02 |  2:8.7e-05  8:2.5e-03
  941 ,   9411 : 5.3827969037533e+00 +(3e-02,1e-01) | 9.78e+02 |  2:8.9e-05  8:2.6e-03
  942 ,   9421 : 5.3934283683673e+00 +(2e-02,5e-02) | 9.81e+02 |  2:8.8e-05  8:2.5e-03
  943 ,   9431 : 5.3977754586551e+00 +(1e-02,8e-02) | 1.02e+03 |  2:8.9e-05  8:2.6e-03
  944 ,   9441 : 5.3818992699435e+00 +(3e-02,9e-02) | 1.03e+03 |  2:8.6e-05  8:2.5e-03
  945 ,   9451 : 5.3843904751714e+00 +(3e-02,1e-01) | 1.04e+03 |  2:8.4e-05  8:2.4e-03
  946 ,   9461 : 5.3864405608429e+00 +(3e-02,1e-01) | 1.03e+03 |  2:8.2e-05  8:2.4e-03
  947 ,   9471 : 5.3840727993560e+00 +(4e-02,1e-01) | 1.03e+03 |  2:7.5e-05  8:2.2e-03
  948 ,   9481 : 5.3883180248043e+00 +(2e-02,6e-02) | 1.03e+03 |  2:6.5e-05  8:1.9e-03
  949 ,   9491 : 5.3978393080730e+00 +(1e-02,8e-02) | 1.01e+03 |  2:6.2e-05  8:1.8e-03
Iterat, #Fevals:   Function Value    (median,worst) |Axis Ratio|idx:Min SD idx:Max SD
  950 ,   9501 : 5.3827138962459e+00 +(2e-02,7e-02) | 9.74e+02 |  2:6.1e-05  8:1.8e-03
  951 ,   9511 : 5.3877246703039e+00 +(3e-02,1e-01) | 9.29e+02 |  2:6.0e-05  8:1.8e-03
  952 ,   9521 : 5.3856909065048e+00 +(3e-02,1e-01) | 9.15e+02 |  2:6.0e-05  8:1.8e-03
  953 ,   9531 : 5.3795468440179e+00 +(3e-02,7e-02) | 9.18e+02 |  2:6.3e-05  8:1.8e-03
  954 ,   9541 : 5.3847470684272e+00 +(2e-02,1e-01) | 8.88e+02 |  2:6.7e-05  8:2.0e-03
  955 ,   9551 : 5.3860192949050e+00 +(3e-02,1e-01) | 8.21e+02 |  2:7.1e-05  8:2.1e-03
  956 ,   9561 : 5.3956272695856e+00 +(3e-02,1e-01) | 8.09e+02 |  2:7.7e-05  8:2.3e-03
  957 ,   9571 : 5.3829136709560e+00 +(3e-02,5e-02) | 7.92e+02 |  2:7.7e-05  8:2.2e-03
  958 ,   9581 : 5.3849191689736e+00 +(1e-02,2e-02) | 7.94e+02 |  2:8.3e-05  8:2.4e-03
  959 ,   9591 : 5.3825731864018e+00 +(3e-02,9e-02) | 8.36e+02 |  2:9.0e-05  8:2.6e-03
Iterat, #Fevals:   Function Value    (median,worst) |Axis Ratio|idx:Min SD idx:Max SD
  960 ,   9601 : 5.3802560550573e+00 +(3e-02,4e-02) | 8.39e+02 |  2:9.0e-05  8:2.6e-03
  961 ,   9611 : 5.3834879040290e+00 +(3e-02,1e-01) | 8.53e+02 |  2:9.2e-05  8:2.7e-03
  962 ,   9621 : 5.3785241424257e+00 +(3e-02,1e-01) | 8.69e+02 |  2:9.1e-05  8:2.7e-03
  963 ,   9631 : 5.3984898739891e+00 +(2e-02,8e-02) | 8.69e+02 |  2:8.9e-05  8:2.6e-03
  964 ,   9641 : 5.3915810266022e+00 +(2e-02,8e-02) | 8.94e+02 |  2:9.4e-05  8:2.9e-03
  965 ,   9651 : 5.3963961411686e+00 +(1e-02,5e-02) | 9.01e+02 |  2:9.8e-05  8:3.0e-03
  966 ,   9661 : 5.3850178342754e+00 +(2e-02,7e-02) | 9.21e+02 |  2:1.0e-04  8:3.2e-03
  967 ,   9671 : 5.3821172702486e+00 +(3e-02,1e-01) | 9.12e+02 |  2:1.1e-04  8:3.4e-03
  968 ,   9681 : 5.4051562958808e+00 +(7e-03,6e-02) | 9.17e+02 |  2:1.2e-04  8:3.6e-03
  969 ,   9691 : 5.3939263539097e+00 +(2e-02,8e-02) | 9.20e+02 |  2:1.2e-04  8:3.8e-03
Iterat, #Fevals:   Function Value    (median,worst) |Axis Ratio|idx:Min SD idx:Max SD
  970 ,   9701 : 5.3792006597842e+00 +(3e-02,1e-01) | 9.11e+02 |  2:1.2e-04  8:3.8e-03
  971 ,   9711 : 5.3905073324988e+00 +(3e-02,1e-01) | 9.03e+02 |  2:1.2e-04  8:3.7e-03
  972 ,   9721 : 5.3835035281038e+00 +(5e-02,9e-02) | 8.97e+02 |  2:1.2e-04  8:3.6e-03
  973 ,   9731 : 5.3783747707254e+00 +(3e-02,1e-01) | 8.96e+02 |  2:1.1e-04  8:3.5e-03
  974 ,   9741 : 5.3869508113179e+00 +(6e-02,9e-02) | 9.03e+02 |  2:1.1e-04  8:3.4e-03
  975 ,   9751 : 5.3823318411020e+00 +(3e-02,9e-02) | 8.28e+02 |  2:1.2e-04  8:3.6e-03
  976 ,   9761 : 5.3915112935649e+00 +(2e-02,1e-01) | 8.15e+02 |  2:1.3e-04  8:3.8e-03
  977 ,   9771 : 5.3840253533852e+00 +(3e-02,1e-01) | 7.83e+02 |  2:1.4e-04  8:4.0e-03
  978 ,   9781 : 5.4044763371015e+00 +(6e-03,4e-02) | 7.50e+02 |  2:1.6e-04  8:4.4e-03
  979 ,   9791 : 5.3767898874477e+00 +(3e-02,1e-01) | 7.43e+02 |  2:1.7e-04  8:4.7e-03
Iterat, #Fevals:   Function Value    (median,worst) |Axis Ratio|idx:Min SD idx:Max SD
  980 ,   9801 : 5.4014263432838e+00 +(9e-03,8e-02) | 7.20e+02 |  2:1.6e-04  8:4.6e-03
  981 ,   9811 : 5.3838051593681e+00 +(3e-02,9e-02) | 7.08e+02 |  2:1.6e-04  8:4.5e-03
  982 ,   9821 : 5.3966534920215e+00 +(3e-02,9e-02) | 7.43e+02 |  2:1.7e-04  8:4.9e-03
  983 ,   9831 : 5.3830093715082e+00 +(3e-02,1e-01) | 7.49e+02 |  2:1.7e-04  8:5.2e-03
  984 ,   9841 : 5.3958823231903e+00 +(1e-02,8e-02) | 7.66e+02 |  2:1.7e-04  8:5.2e-03
  985 ,   9851 : 5.3982084824248e+00 +(1e-02,7e-02) | 7.44e+02 |  2:1.6e-04  8:4.9e-03
  986 ,   9861 : 5.3979492839954e+00 +(1e-02,6e-02) | 7.42e+02 |  2:1.4e-04  8:4.3e-03
  987 ,   9871 : 5.3965726296347e+00 +(1e-02,5e-02) | 7.25e+02 |  2:1.5e-04  8:4.5e-03
  988 ,   9881 : 5.3850008381953e+00 +(2e-02,9e-02) | 7.30e+02 |  2:1.5e-04  8:4.5e-03
  989 ,   9891 : 5.3975112544110e+00 +(2e-02,1e-01) | 7.12e+02 |  2:1.5e-04  8:4.5e-03
Iterat, #Fevals:   Function Value    (median,worst) |Axis Ratio|idx:Min SD idx:Max SD
  990 ,   9901 : 5.3839047015030e+00 +(3e-02,1e-01) | 7.10e+02 |  2:1.5e-04  8:4.3e-03
  991 ,   9911 : 5.3858369516594e+00 +(2e-02,9e-02) | 7.01e+02 |  2:1.5e-04  8:4.4e-03
  992 ,   9921 : 5.4013772847036e+00 +(2e-02,1e-01) | 6.91e+02 |  2:1.5e-04  8:4.6e-03
  993 ,   9931 : 5.3832114100505e+00 +(4e-02,1e-01) | 7.04e+02 |  2:1.5e-04  8:4.6e-03
  994 ,   9941 : 5.3893070737762e+00 +(2e-02,9e-02) | 7.15e+02 |  2:1.6e-04  8:4.7e-03
  995 ,   9951 : 5.3779569555314e+00 +(4e-02,1e-01) | 6.95e+02 |  2:1.8e-04  8:5.3e-03
  996 ,   9961 : 5.3877896620148e+00 +(2e-02,1e-01) | 6.99e+02 |  2:1.8e-04  8:5.2e-03
  997 ,   9971 : 5.4002764679234e+00 +(1e-02,1e-01) | 7.33e+02 |  2:2.0e-04  8:5.8e-03
  998 ,   9981 : 5.3864141927258e+00 +(3e-02,9e-02) | 7.61e+02 |  2:2.1e-04  9:6.3e-03
  999 ,   9991 : 5.3852287619554e+00 +(9e-03,6e-02) | 7.75e+02 |  2:2.0e-04  9:6.0e-03
Iterat, #Fevals:   Function Value    (median,worst) |Axis Ratio|idx:Min SD idx:Max SD
 1000 ,  10001 : 5.3805925945230e+00 +(3e-02,1e-01) | 8.02e+02 |  2:1.8e-04  9:5.7e-03
 1001 ,  10011 : 5.4095035387121e+00 +(3e-03,7e-02) | 8.02e+02 |  2:1.6e-04  9:5.3e-03
 1002 ,  10021 : 5.3796504328756e+00 +(3e-02,1e-01) | 7.83e+02 |  2:1.7e-04  9:5.4e-03
 1003 ,  10031 : 5.3912573582128e+00 +(3e-02,1e-01) | 7.55e+02 |  2:1.7e-04  9:5.3e-03
 1004 ,  10041 : 5.3807710690480e+00 +(3e-02,7e-02) | 7.51e+02 |  2:1.7e-04  9:5.4e-03
 1005 ,  10051 : 5.4074541083308e+00 +(1e-02,7e-02) | 7.46e+02 |  2:1.5e-04  9:4.9e-03
 1006 ,  10061 : 5.3970233404009e+00 +(1e-02,1e-01) | 7.46e+02 |  2:1.4e-04  9:4.4e-03
 1007 ,  10071 : 5.3967080811777e+00 +(1e-02,5e-02) | 7.56e+02 |  2:1.3e-04  9:4.0e-03
 1008 ,  10081 : 5.4014685692410e+00 +(1e-02,1e-01) | 7.56e+02 |  2:1.3e-04  9:4.0e-03
 1009 ,  10091 : 5.3865202101299e+00 +(2e-02,4e-02) | 7.51e+02 |  2:1.3e-04  9:3.9e-03
Iterat, #Fevals:   Function Value    (median,worst) |Axis Ratio|idx:Min SD idx:Max SD
 1010 ,  10101 : 5.3848276166749e+00 +(2e-02,1e-01) | 7.43e+02 |  2:1.3e-04  9:3.7e-03
 1011 ,  10111 : 5.4074194734547e+00 +(3e-03,4e-02) | 7.42e+02 |  2:1.2e-04  9:3.5e-03
 1012 ,  10121 : 5.3838433548391e+00 +(2e-02,1e-01) | 7.71e+02 |  2:1.1e-04  9:3.3e-03
 1013 ,  10131 : 5.3772500010816e+00 +(3e-02,8e-02) | 7.75e+02 |  2:9.2e-05  9:2.8e-03
 1014 ,  10141 : 5.4047219582911e+00 +(3e-02,9e-02) | 7.71e+02 |  2:8.9e-05  9:2.6e-03
 1015 ,  10151 : 5.3861161943578e+00 +(3e-02,7e-02) | 7.64e+02 |  2:7.7e-05  9:2.3e-03
 1016 ,  10161 : 5.3871240857043e+00 +(2e-02,8e-02) | 7.62e+02 |  2:6.7e-05  9:2.0e-03
 1017 ,  10171 : 5.4029314366277e+00 +(2e-02,9e-02) | 7.39e+02 |  2:6.6e-05  9:1.9e-03
 1018 ,  10181 : 5.3862889642534e+00 +(2e-02,7e-02) | 7.60e+02 |  2:7.2e-05  9:2.1e-03
 1019 ,  10191 : 5.3810940894133e+00 +(3e-02,1e-01) | 7.72e+02 |  2:6.9e-05  9:2.1e-03
Iterat, #Fevals:   Function Value    (median,worst) |Axis Ratio|idx:Min SD idx:Max SD
 1020 ,  10201 : 5.3848870132417e+00 +(2e-02,6e-02) | 7.76e+02 |  2:6.2e-05  9:1.8e-03
 1021 ,  10211 : 5.3791123394779e+00 +(3e-02,1e-01) | 7.78e+02 |  2:5.8e-05  9:1.7e-03
 1022 ,  10221 : 5.3979602386145e+00 +(1e-02,8e-02) | 7.81e+02 |  2:5.4e-05  9:1.6e-03
 1023 ,  10231 : 5.4066577308978e+00 +(2e-02,6e-02) | 7.84e+02 |  2:5.3e-05  9:1.5e-03
 1024 ,  10241 : 5.3823999296487e+00 +(3e-02,1e-01) | 7.84e+02 |  2:5.3e-05  9:1.4e-03
 1025 ,  10251 : 5.3808180493431e+00 +(3e-02,5e-02) | 7.89e+02 |  2:5.2e-05  9:1.4e-03
 1026 ,  10261 : 5.4078496879795e+00 +(3e-03,7e-02) | 7.92e+02 |  2:5.8e-05  9:1.5e-03
 1027 ,  10271 : 5.3965996090219e+00 +(2e-02,1e-01) | 8.27e+02 |  2:5.9e-05  9:1.5e-03
 1028 ,  10281 : 5.4087241337185e+00 +(3e-03,6e-02) | 8.31e+02 |  2:5.6e-05  9:1.4e-03
 1029 ,  10291 : 5.4085162128226e+00 +(9e-03,4e-02) | 8.54e+02 |  2:5.4e-05  9:1.4e-03
#Fevals:   f(returned x)   |    bestever.f     | stopflag (saved to variablescmaes55.mat)
  10292: 5.40851621282e+00 | 5.37549008896e+00 | stagnation
mean solution: +1.2e+01 +5.8e-01 +9.4e-01 +8.6e+00 +1.0e+01 +8.8e+00 +3.4e+00 +2.1e+01 +1.8e+01
std deviation:  3.8e-04  5.4e-05  5.9e-05  6.3e-04  4.9e-04  3.8e-04  4.3e-04  1.3e-03  1.4e-03
use plotcmaesdat.m for plotting the output at any time (option LogModulo must not be zero)
