
                            < M A T L A B (R) >
                  Copyright 1984-2015 The MathWorks, Inc.
                   R2015a (8.5.0.197613) 64-bit (glnxa64)
                             February 12, 2015

 
For online documentation, see http://www.mathworks.com/support
For product information, visit www.mathworks.com.
 

	Academic License


seed =

                 61.432884


InitialthetaLB =

                       0.1
                         1
                         1
                       0.1
                         1
                       0.1
                     0.001
                    0.0001
                       300


InitialthetaUB =

      100000
    10000000
   100000000
       10000
       10000
        1000
           5
         100
        2000


Initialtheta =

          82446.9651443806
          1813498.14362227
          87732676.9433785
          4995.56311833566
          9649.29940579356
          3.64519225504988
          4.61829808884529
          62.9444283790631
          817.305843498898

  n=9: (15,30)-CMA-ES(w=[21 15 12... 0.77 0.25]%, ]%, mu_eff=8.6) on function Error
Iterat, #Fevals:   Function Value    (median,worst) |Axis Ratio|idx:Min SD idx:Max SD
    1 ,     31 : 3.6613230599395e+01 +(5e+01,1e+04) | 2.77e+02 |  5:2.9e-01  6:8.0e+01
    2 ,     61 : 3.2351803294121e+01 +(5e+01,4e+03) | 3.14e+02 |  5:2.9e-01  6:8.8e+01
    3 ,     91 : 3.2116562882211e+01 +(5e+01,4e+04) | 3.16e+02 |  5:2.9e-01  6:8.9e+01
    4 ,    121 : 3.2574493656304e+01 +(3e+01,6e+05) | 3.34e+02 |  7:3.0e-01  6:9.6e+01
    5 ,    151 : 3.1948548656207e+01 +(4e+01,1e+09) | 3.73e+02 |  5:3.2e-01  6:1.2e+02
    6 ,    181 : 3.2531285771366e+01 +(5e+01,6e+03) | 3.76e+02 |  5:3.1e-01  6:1.1e+02
    7 ,    211 : 3.2074000331368e+01 +(3e+01,9e+04) | 3.83e+02 |  5:2.8e-01  6:9.9e+01
    8 ,    241 : 3.1552335534948e+01 +(2e+01,1e+05) | 3.76e+02 |  5:2.4e-01  6:8.2e+01
    9 ,    271 : 3.1903134900480e+01 +(2e+01,6e+04) | 3.97e+02 |  5:1.9e-01  6:6.9e+01
Iterat, #Fevals:   Function Value    (median,worst) |Axis Ratio|idx:Min SD idx:Max SD
   10 ,    301 : 3.2124179775468e+01 +(3e+01,3e+03) | 3.94e+02 |  5:1.9e-01  6:6.7e+01
   11 ,    331 : 3.2321244403814e+01 +(2e+01,2e+03) | 4.15e+02 |  5:1.7e-01  6:6.2e+01
   12 ,    361 : 3.2249214489876e+01 +(7e+00,2e+02) | 4.33e+02 |  5:1.6e-01  6:5.9e+01
   13 ,    391 : 3.2160964502956e+01 +(6e+00,4e+02) | 4.59e+02 |  5:1.5e-01  6:5.4e+01
   14 ,    421 : 3.2409387974007e+01 +(5e+00,7e+01) | 4.80e+02 |  5:1.2e-01  6:4.5e+01
   15 ,    451 : 3.2512797113017e+01 +(4e+00,1e+02) | 4.96e+02 |  5:1.1e-01  6:4.1e+01
   16 ,    481 : 3.2500249274772e+01 +(8e+00,7e+01) | 5.09e+02 |  5:1.0e-01  6:3.9e+01
   17 ,    511 : 3.2413499571279e+01 +(2e+00,7e+01) | 5.29e+02 |  7:8.4e-02  6:3.2e+01
   18 ,    541 : 3.2308393664284e+01 +(7e-01,1e+01) | 5.41e+02 |  7:8.1e-02  6:3.0e+01
   19 ,    571 : 3.2346137917248e+01 +(1e+00,1e+01) | 5.69e+02 |  7:7.6e-02  6:2.9e+01
Iterat, #Fevals:   Function Value    (median,worst) |Axis Ratio|idx:Min SD idx:Max SD
   20 ,    601 : 3.2280877590033e+01 +(8e-01,2e+01) | 5.88e+02 |  7:7.1e-02  6:2.6e+01
   21 ,    631 : 3.2337222937428e+01 +(8e-01,9e+00) | 6.05e+02 |  7:6.6e-02  6:2.4e+01
   22 ,    661 : 3.2330553121848e+01 +(5e-01,1e+01) | 6.20e+02 |  5:6.8e-02  6:2.4e+01
   23 ,    691 : 3.2069221731735e+01 +(8e-01,2e+01) | 6.44e+02 |  5:8.4e-02  6:2.8e+01
   24 ,    721 : 3.2069360487446e+01 +(8e-01,7e+00) | 6.82e+02 |  5:1.0e-01  6:3.2e+01
   25 ,    751 : 3.1689591960806e+01 +(1e+00,1e+01) | 7.51e+02 |  5:1.1e-01  6:3.7e+01
   26 ,    781 : 3.1427659962185e+01 +(2e+00,1e+01) | 7.73e+02 |  3:1.4e-01  6:4.6e+01
   27 ,    811 : 3.0479886553336e+01 +(6e+00,7e+02) | 8.00e+02 |  3:1.4e-01  6:5.0e+01
   28 ,    841 : 3.0495008288019e+01 +(8e+00,2e+03) | 8.51e+02 |  3:1.5e-01  6:5.7e+01
   29 ,    871 : 3.2062048968901e+01 +(1e+01,3e+03) | 8.41e+02 |  3:1.6e-01  6:5.5e+01
Iterat, #Fevals:   Function Value    (median,worst) |Axis Ratio|idx:Min SD idx:Max SD
   30 ,    901 : 3.1041389880842e+01 +(9e+00,4e+02) | 8.53e+02 |  5:1.3e-01  6:4.5e+01
   31 ,    931 : 3.1292554352417e+01 +(2e+00,8e+01) | 8.89e+02 |  5:1.2e-01  6:4.2e+01
   32 ,    961 : 3.0814282172995e+01 +(3e+00,6e+02) | 8.80e+02 |  5:1.1e-01  6:4.0e+01
   33 ,    991 : 3.0375073119718e+01 +(3e+00,2e+01) | 8.86e+02 |  5:1.3e-01  6:4.6e+01
   34 ,   1021 : 3.1018079738142e+01 +(5e+00,5e+02) | 9.21e+02 |  5:1.2e-01  6:4.1e+01
   35 ,   1051 : 3.1226094959189e+01 +(2e+00,2e+02) | 9.36e+02 |  5:1.0e-01  6:3.5e+01
   36 ,   1081 : 3.1117627594031e+01 +(2e+00,1e+02) | 9.63e+02 |  5:9.5e-02  6:3.3e+01
   37 ,   1111 : 3.0874191836326e+01 +(1e+00,3e+02) | 9.99e+02 |  5:9.3e-02  6:3.2e+01
   38 ,   1141 : 3.1140702586366e+01 +(2e+00,8e+01) | 1.00e+03 |  5:1.0e-01  6:3.2e+01
   39 ,   1171 : 3.1113435827123e+01 +(1e+00,9e+00) | 9.97e+02 |  5:9.6e-02  6:2.9e+01
Iterat, #Fevals:   Function Value    (median,worst) |Axis Ratio|idx:Min SD idx:Max SD
   40 ,   1201 : 3.0839791531371e+01 +(1e+00,1e+01) | 1.03e+03 |  5:1.0e-01  6:3.1e+01
   41 ,   1231 : 3.0639148428670e+01 +(2e+00,5e+01) | 1.06e+03 |  5:9.6e-02  6:2.9e+01
   42 ,   1261 : 3.0316398346904e+01 +(2e+00,1e+01) | 1.12e+03 |  5:9.8e-02  6:3.0e+01
   43 ,   1291 : 3.0081161043906e+01 +(2e+00,1e+02) | 1.19e+03 |  5:9.3e-02  6:2.9e+01
   44 ,   1321 : 2.8927211313919e+01 +(2e+00,8e+01) | 1.21e+03 |  5:1.0e-01  6:3.2e+01
   45 ,   1351 : 2.7777252207379e+01 +(5e+00,2e+01) | 1.25e+03 |  5:1.1e-01  6:3.5e+01
   46 ,   1381 : 2.0393359305786e+01 +(2e+01,7e+01) | 1.28e+03 |  5:1.2e-01  6:4.0e+01
   47 ,   1411 : 2.8095311673762e+01 +(1e+01,7e+07) | 1.27e+03 |  5:1.1e-01  6:3.8e+01
   48 ,   1441 : 2.9630519347434e+01 +(4e+00,4e+03) | 1.25e+03 |  5:1.1e-01  6:3.7e+01
   49 ,   1471 : 3.0507957250356e+01 +(4e+00,1e+02) | 1.31e+03 |  5:1.2e-01  6:4.0e+01
Iterat, #Fevals:   Function Value    (median,worst) |Axis Ratio|idx:Min SD idx:Max SD
   50 ,   1501 : 2.8845966720462e+01 +(5e+00,8e+05) | 1.33e+03 |  5:1.2e-01  6:3.9e+01
   51 ,   1531 : 2.9131103143322e+01 +(3e+00,2e+02) | 1.27e+03 |  5:1.1e-01  6:3.5e+01
   52 ,   1561 : 2.8484754364172e+01 +(4e+00,5e+06) | 1.30e+03 |  5:1.0e-01  6:3.3e+01
   53 ,   1591 : 2.8773213757484e+01 +(3e+00,3e+06) | 1.30e+03 |  5:7.4e-02  6:2.4e+01
   54 ,   1621 : 2.8684888066876e+01 +(2e+00,5e+01) | 1.37e+03 |  5:7.0e-02  6:2.4e+01
   55 ,   1651 : 2.7595762003431e+01 +(4e+00,9e+03) | 1.42e+03 |  5:6.8e-02  6:2.4e+01
   56 ,   1681 : 2.8355957259349e+01 +(3e+00,6e+01) | 1.55e+03 |  5:7.3e-02  6:2.7e+01
   57 ,   1711 : 2.8522466725699e+01 +(4e+00,6e+05) | 1.58e+03 |  5:7.3e-02  6:2.6e+01
   58 ,   1741 : 2.6772326896346e+01 +(4e+00,2e+02) | 1.59e+03 |  5:8.0e-02  6:2.7e+01
   59 ,   1771 : 2.4329589807110e+01 +(8e+00,7e+01) | 1.58e+03 |  5:9.8e-02  6:3.0e+01
Iterat, #Fevals:   Function Value    (median,worst) |Axis Ratio|idx:Min SD idx:Max SD
   60 ,   1801 : 1.3472959756516e+01 +(3e+01,2e+03) | 1.58e+03 |  5:9.3e-02  6:2.8e+01
   61 ,   1831 : 2.2081291683359e+01 +(1e+01,4e+03) | 1.61e+03 |  5:9.5e-02  6:2.8e+01
   62 ,   1861 : 2.7074247742878e+01 +(3e+01,3e+06) | 1.62e+03 |  5:8.7e-02  6:2.6e+01
   63 ,   1891 : 2.2472435386341e+01 +(8e+00,8e+01) | 1.64e+03 |  7:9.1e-02  6:2.6e+01
   64 ,   1921 : 2.3162153757676e+01 +(2e+01,7e+02) | 1.66e+03 |  7:8.8e-02  6:2.5e+01
   65 ,   1951 : 2.7739887260526e+01 +(5e+00,1e+03) | 1.77e+03 |  7:7.5e-02  6:2.2e+01
   66 ,   1981 : 9.2837454927133e+00 +(2e+01,1e+03) | 1.72e+03 |  7:7.6e-02  6:2.2e+01
   67 ,   2011 : 2.0226408346217e+01 +(1e+01,3e+04) | 1.68e+03 |  5:8.5e-02  6:2.6e+01
   68 ,   2041 : 2.5718542807516e+01 +(4e+00,1e+05) | 1.74e+03 |  7:1.0e-01  6:3.3e+01
   69 ,   2071 : 2.2817493805553e+01 +(1e+01,4e+05) | 1.79e+03 |  7:9.4e-02  6:3.1e+01
Iterat, #Fevals:   Function Value    (median,worst) |Axis Ratio|idx:Min SD idx:Max SD
   70 ,   2101 : 2.4520139843953e+01 +(1e+01,9e+04) | 1.83e+03 |  7:8.5e-02  6:2.9e+01
   71 ,   2131 : 2.4943000445283e+01 +(2e+01,4e+05) | 1.91e+03 |  7:7.6e-02  6:2.7e+01
   72 ,   2161 : 1.5947773972600e+01 +(2e+01,8e+02) | 1.94e+03 |  7:6.8e-02  6:2.4e+01
   73 ,   2191 : 1.6621370442122e+01 +(1e+01,7e+01) | 1.99e+03 |  7:7.0e-02  6:2.5e+01
   74 ,   2221 : 1.2532978735438e+01 +(3e+01,6e+04) | 2.18e+03 |  7:7.2e-02  6:2.8e+01
   75 ,   2251 : 2.5860853369650e+01 +(4e+00,5e+02) | 2.29e+03 |  7:7.3e-02  6:3.0e+01
   76 ,   2281 : 2.3310066525523e+01 +(8e+00,8e+01) | 2.33e+03 |  7:6.2e-02  6:2.7e+01
   77 ,   2311 : 1.5435867437999e+01 +(1e+01,9e+01) | 2.32e+03 |  7:7.0e-02  6:3.0e+01
   78 ,   2341 : 1.2697002125525e+01 +(2e+01,1e+04) | 2.29e+03 |  7:6.5e-02  6:2.8e+01
   79 ,   2371 : 2.1049145342547e+01 +(3e+01,3e+06) | 2.31e+03 |  7:6.0e-02  6:2.6e+01
Iterat, #Fevals:   Function Value    (median,worst) |Axis Ratio|idx:Min SD idx:Max SD
   80 ,   2401 : 1.9022336798991e+01 +(1e+01,7e+01) | 2.46e+03 |  7:5.3e-02  6:2.4e+01
   81 ,   2431 : 1.2618885940475e+01 +(2e+01,7e+01) | 2.39e+03 |  7:5.4e-02  6:2.4e+01
   82 ,   2461 : 1.0423602093356e+01 +(3e+01,1e+04) | 2.44e+03 |  7:4.8e-02  6:2.2e+01
   83 ,   2491 : 1.3406968420926e+01 +(2e+01,1e+02) | 2.61e+03 |  7:4.3e-02  6:2.1e+01
   84 ,   2521 : 1.0404794981918e+01 +(2e+01,6e+02) | 2.74e+03 |  7:4.1e-02  6:2.1e+01
   85 ,   2551 : 5.6723793484480e+00 +(2e+01,2e+02) | 2.76e+03 |  7:3.6e-02  6:1.9e+01
   86 ,   2581 : 1.2649243605620e+01 +(2e+01,9e+02) | 2.82e+03 |  7:3.4e-02  6:1.9e+01
   87 ,   2611 : 3.9384734828215e+00 +(2e+01,8e+01) | 2.83e+03 |  7:3.3e-02  6:1.9e+01
   88 ,   2641 : 1.2333969549247e+01 +(3e+01,5e+03) | 2.69e+03 |  7:3.5e-02  6:2.0e+01
   89 ,   2671 : 1.0387729657976e+01 +(2e+01,9e+01) | 2.67e+03 |  7:3.9e-02  6:2.3e+01
Iterat, #Fevals:   Function Value    (median,worst) |Axis Ratio|idx:Min SD idx:Max SD
   90 ,   2701 : 1.0045615199059e+01 +(2e+01,1e+02) | 2.69e+03 |  7:3.7e-02  6:2.2e+01
   91 ,   2731 : 7.1951857372157e+00 +(2e+01,8e+02) | 2.68e+03 |  7:3.6e-02  6:2.2e+01
   92 ,   2761 : 3.8047542541419e+00 +(3e+01,9e+02) | 2.66e+03 |  7:3.2e-02  6:1.9e+01
   93 ,   2791 : 1.0898843789489e+01 +(1e+01,3e+03) | 2.71e+03 |  7:2.9e-02  6:1.8e+01
   94 ,   2821 : 7.0588158056481e+00 +(2e+01,8e+01) | 2.64e+03 |  7:3.4e-02  6:1.9e+01
   95 ,   2851 : 4.2511379442290e+00 +(5e+01,1e+02) | 2.56e+03 |  7:3.6e-02  6:2.0e+01
   96 ,   2881 : 1.1122138196947e+01 +(2e+01,8e+04) | 2.56e+03 |  7:4.2e-02  6:2.4e+01
   97 ,   2911 : 1.2269917801936e+01 +(7e+01,2e+02) | 2.60e+03 |  7:4.0e-02  6:2.3e+01
   98 ,   2941 : 1.3691797740269e+01 +(1e+01,5e+02) | 2.57e+03 |  7:3.6e-02  6:2.1e+01
   99 ,   2971 : 9.2490106869083e+00 +(2e+01,9e+01) | 2.68e+03 |  7:3.5e-02  6:2.1e+01
Iterat, #Fevals:   Function Value    (median,worst) |Axis Ratio|idx:Min SD idx:Max SD
  100 ,   3001 : 1.3916960368351e+01 +(3e+01,1e+04) | 2.68e+03 |  7:3.2e-02  6:1.9e+01
  101 ,   3031 : 9.3920809262441e+00 +(1e+01,2e+02) | 2.75e+03 |  7:3.4e-02  6:2.1e+01
  102 ,   3061 : 4.1896740107589e+00 +(3e+01,7e+04) | 2.76e+03 |  7:2.8e-02  6:1.8e+01
  103 ,   3091 : 9.8729092565161e+00 +(1e+01,9e+01) | 2.91e+03 |  7:2.6e-02  6:1.8e+01
  104 ,   3121 : 4.1414120287468e+00 +(2e+01,7e+02) | 2.96e+03 |  7:2.3e-02  6:1.7e+01
  105 ,   3151 : 3.7181900014731e+00 +(1e+01,3e+02) | 3.06e+03 |  7:2.1e-02  6:1.7e+01
  106 ,   3181 : 1.0218541893679e+01 +(2e+01,2e+03) | 2.93e+03 |  7:1.9e-02  6:1.4e+01
  107 ,   3211 : 3.1182470114500e+00 +(1e+01,1e+02) | 2.99e+03 |  7:1.9e-02  6:1.5e+01
  108 ,   3241 : 6.3630557325316e+00 +(9e+00,8e+01) | 2.97e+03 |  7:1.8e-02  6:1.4e+01
  109 ,   3271 : 7.9760667998408e+00 +(1e+01,8e+01) | 3.06e+03 |  7:1.6e-02  6:1.2e+01
Iterat, #Fevals:   Function Value    (median,worst) |Axis Ratio|idx:Min SD idx:Max SD
  110 ,   3301 : 5.1621839761627e+00 +(1e+01,9e+01) | 3.32e+03 |  7:1.3e-02  6:1.2e+01
  111 ,   3331 : 3.5283334331778e+00 +(1e+01,2e+02) | 3.39e+03 |  7:1.3e-02  6:1.2e+01
  112 ,   3361 : 3.0951223380926e+00 +(1e+01,9e+02) | 3.52e+03 |  7:1.4e-02  6:1.3e+01
  113 ,   3391 : 3.5986153782151e+00 +(1e+01,8e+01) | 3.73e+03 |  7:1.3e-02  6:1.2e+01
  114 ,   3421 : 3.3943265160479e+00 +(1e+01,1e+02) | 3.92e+03 |  7:1.2e-02  6:1.2e+01
  115 ,   3451 : 3.7555914175790e+00 +(7e+00,8e+01) | 4.47e+03 |  7:1.2e-02  6:1.3e+01
  116 ,   3481 : 2.7431245788439e+00 +(1e+01,4e+02) | 4.53e+03 |  7:1.2e-02  6:1.4e+01
  117 ,   3511 : 4.8249226767825e+00 +(8e+00,8e+01) | 4.92e+03 |  7:1.1e-02  6:1.3e+01
  118 ,   3541 : 3.0915384448477e+00 +(8e+00,8e+01) | 5.16e+03 |  7:9.5e-03  6:1.2e+01
  119 ,   3571 : 3.0112817155479e+00 +(8e+00,8e+01) | 5.23e+03 |  7:7.6e-03  6:1.0e+01
Iterat, #Fevals:   Function Value    (median,worst) |Axis Ratio|idx:Min SD idx:Max SD
  120 ,   3601 : 2.7115586298894e+00 +(5e+00,6e+01) | 5.31e+03 |  7:7.2e-03  6:9.8e+00
  121 ,   3631 : 2.6360538069856e+00 +(5e+00,4e+01) | 5.53e+03 |  7:7.7e-03  6:1.1e+01
  122 ,   3661 : 2.9038875774194e+00 +(5e+00,9e+01) | 5.58e+03 |  7:6.4e-03  6:9.2e+00
  123 ,   3691 : 2.8453660953805e+00 +(4e+00,3e+01) | 5.69e+03 |  7:5.2e-03  6:7.7e+00
  124 ,   3721 : 2.6875793384100e+00 +(4e+00,7e+01) | 6.40e+03 |  7:6.0e-03  6:9.9e+00
  125 ,   3751 : 2.6467479262905e+00 +(4e+00,5e+01) | 6.51e+03 |  7:5.1e-03  6:8.4e+00
  126 ,   3781 : 2.6792891897802e+00 +(2e+00,8e+01) | 6.73e+03 |  7:4.6e-03  6:7.9e+00
  127 ,   3811 : 2.9290283977909e+00 +(2e+00,4e+01) | 7.16e+03 |  7:4.3e-03  6:7.9e+00
  128 ,   3841 : 2.8479991368078e+00 +(4e+00,5e+01) | 7.21e+03 |  7:3.5e-03  6:6.4e+00
  129 ,   3871 : 2.6854739465618e+00 +(1e+00,3e+01) | 7.27e+03 |  7:3.4e-03  6:6.5e+00
Iterat, #Fevals:   Function Value    (median,worst) |Axis Ratio|idx:Min SD idx:Max SD
  130 ,   3901 : 2.6978323408846e+00 +(8e-01,8e+00) | 7.66e+03 |  7:2.9e-03  6:6.0e+00
  131 ,   3931 : 2.6513010744787e+00 +(1e+00,6e+00) | 7.80e+03 |  7:2.4e-03  6:5.1e+00
  132 ,   3961 : 2.6593981856159e+00 +(6e-01,3e+00) | 7.88e+03 |  7:2.4e-03  6:5.2e+00
  133 ,   3991 : 2.7205490347929e+00 +(6e-01,1e+01) | 8.07e+03 |  7:2.2e-03  6:4.7e+00
  134 ,   4021 : 2.6412223561635e+00 +(4e-01,3e+00) | 8.51e+03 |  7:2.0e-03  6:4.5e+00
  135 ,   4051 : 2.6345204256793e+00 +(4e-01,5e+00) | 8.88e+03 |  7:1.8e-03  6:4.2e+00
  136 ,   4081 : 2.6262618420990e+00 +(4e-01,2e+00) | 9.27e+03 |  7:1.7e-03  6:4.0e+00
  137 ,   4111 : 2.6581998806716e+00 +(4e-01,5e+00) | 9.75e+03 |  7:1.5e-03  6:3.7e+00
  138 ,   4141 : 2.6589799896407e+00 +(3e-01,7e+00) | 1.01e+04 |  7:1.2e-03  6:3.1e+00
  139 ,   4171 : 2.6020059547599e+00 +(2e-01,1e+00) | 1.02e+04 |  7:1.1e-03  6:3.0e+00
Iterat, #Fevals:   Function Value    (median,worst) |Axis Ratio|idx:Min SD idx:Max SD
  140 ,   4201 : 2.5900983418786e+00 +(1e-01,7e-01) | 1.08e+04 |  7:1.1e-03  6:3.1e+00
  141 ,   4231 : 2.5991619490951e+00 +(8e-02,8e-01) | 1.14e+04 |  7:1.1e-03  6:3.2e+00
  142 ,   4261 : 2.5958481742621e+00 +(9e-02,1e+00) | 1.24e+04 |  7:1.2e-03  6:3.9e+00
  143 ,   4291 : 2.5673066745500e+00 +(2e-01,9e-01) | 1.34e+04 |  7:1.2e-03  6:4.3e+00
  144 ,   4321 : 2.5646941218818e+00 +(2e-01,1e+00) | 1.38e+04 |  7:1.2e-03  6:4.4e+00
  145 ,   4351 : 2.5619694807067e+00 +(1e-01,2e+00) | 1.54e+04 |  7:1.1e-03  6:4.2e+00
  146 ,   4381 : 2.5615831039663e+00 +(2e-01,1e+00) | 1.57e+04 |  7:8.7e-04  6:3.6e+00
  147 ,   4411 : 2.5755806944850e+00 +(9e-02,4e-01) | 1.64e+04 |  7:8.1e-04  6:3.5e+00
  148 ,   4441 : 2.5488089597336e+00 +(1e-01,7e-01) | 1.67e+04 |  7:8.2e-04  6:3.7e+00
  149 ,   4471 : 2.5576940604523e+00 +(9e-02,5e-01) | 1.78e+04 |  7:7.7e-04  6:3.7e+00
Iterat, #Fevals:   Function Value    (median,worst) |Axis Ratio|idx:Min SD idx:Max SD
  150 ,   4501 : 2.5482740125186e+00 +(9e-02,5e-01) | 1.96e+04 |  7:8.0e-04  6:4.2e+00
  151 ,   4531 : 2.5363995959945e+00 +(2e-01,9e-01) | 2.09e+04 |  7:8.2e-04  6:4.6e+00
  152 ,   4561 : 2.5295420098633e+00 +(2e-01,5e-01) | 2.15e+04 |  7:8.3e-04  6:4.9e+00
  153 ,   4591 : 2.5287082585867e+00 +(6e-02,6e-01) | 2.27e+04 |  7:8.5e-04  6:5.3e+00
  154 ,   4621 : 2.5475745174932e+00 +(6e-02,1e+00) | 2.61e+04 |  7:8.3e-04  6:5.9e+00
  155 ,   4651 : 2.5133250993404e+00 +(1e-01,1e+00) | 2.73e+04 |  7:8.1e-04  6:6.0e+00
  156 ,   4681 : 2.5199396287642e+00 +(8e-02,4e-01) | 2.85e+04 |  7:7.0e-04  6:5.4e+00
  157 ,   4711 : 2.5045570649297e+00 +(1e-01,6e-01) | 2.88e+04 |  7:6.3e-04  6:4.9e+00
  158 ,   4741 : 2.4946005971178e+00 +(7e-02,3e-01) | 2.94e+04 |  7:5.6e-04  6:4.5e+00
  159 ,   4771 : 2.4920771487735e+00 +(6e-02,3e-01) | 3.23e+04 |  7:5.6e-04  6:4.8e+00
Iterat, #Fevals:   Function Value    (median,worst) |Axis Ratio|idx:Min SD idx:Max SD
  160 ,   4801 : 2.4871038714289e+00 +(5e-02,3e-01) | 3.26e+04 |  7:5.7e-04  6:5.2e+00
  161 ,   4831 : 2.4764347013585e+00 +(5e-02,9e-01) | 3.31e+04 |  7:6.0e-04  6:5.6e+00
  162 ,   4861 : 2.4736637730630e+00 +(8e-02,6e-01) | 3.35e+04 |  7:5.4e-04  6:5.1e+00
  163 ,   4891 : 2.4743503881777e+00 +(5e-02,6e-01) | 3.42e+04 |  7:4.7e-04  6:4.6e+00
  164 ,   4921 : 2.4688223537741e+00 +(7e-02,4e-01) | 3.71e+04 |  7:4.5e-04  6:4.9e+00
  165 ,   4951 : 2.4599192338409e+00 +(8e-02,5e-01) | 3.85e+04 |  7:4.5e-04  6:5.0e+00
  166 ,   4981 : 2.4528687560273e+00 +(4e-02,3e-01) | 3.97e+04 |  7:4.0e-04  6:4.4e+00
  167 ,   5011 : 2.4577428577721e+00 +(3e-02,3e-01) | 3.91e+04 |  7:3.6e-04  6:4.1e+00
  168 ,   5041 : 2.4566797871882e+00 +(4e-02,2e-01) | 3.84e+04 |  7:3.9e-04  6:4.4e+00
  169 ,   5071 : 2.4540310349975e+00 +(3e-02,1e-01) | 3.93e+04 |  7:3.6e-04  6:4.3e+00
Iterat, #Fevals:   Function Value    (median,worst) |Axis Ratio|idx:Min SD idx:Max SD
  170 ,   5101 : 2.4511450072476e+00 +(3e-02,1e-01) | 4.10e+04 |  7:4.2e-04  6:5.2e+00
  171 ,   5131 : 2.4448489454398e+00 +(5e-02,2e-01) | 4.33e+04 |  7:4.5e-04  6:5.7e+00
  172 ,   5161 : 2.4575554628284e+00 +(4e-02,3e-01) | 4.47e+04 |  7:4.6e-04  6:6.0e+00
  173 ,   5191 : 2.4626197987895e+00 +(2e-02,3e-01) | 4.38e+04 |  7:4.4e-04  6:5.7e+00
  174 ,   5221 : 2.4520056242380e+00 +(2e-02,3e-01) | 4.42e+04 |  7:3.8e-04  6:4.9e+00
  175 ,   5251 : 2.4507910537919e+00 +(3e-02,2e-01) | 4.49e+04 |  7:3.5e-04  6:4.5e+00
  176 ,   5281 : 2.4563848233791e+00 +(2e-02,2e-01) | 4.65e+04 |  7:3.5e-04  6:4.6e+00
  177 ,   5311 : 2.4506815789741e+00 +(3e-02,2e-01) | 4.82e+04 |  7:3.8e-04  6:5.1e+00
  178 ,   5341 : 2.4518933653912e+00 +(3e-02,4e-01) | 4.90e+04 |  7:3.8e-04  6:5.1e+00
  179 ,   5371 : 2.4475189137554e+00 +(4e-02,2e-01) | 4.95e+04 |  7:3.9e-04  6:5.2e+00
Iterat, #Fevals:   Function Value    (median,worst) |Axis Ratio|idx:Min SD idx:Max SD
  180 ,   5401 : 2.4548000578329e+00 +(3e-02,2e-01) | 4.97e+04 |  7:3.7e-04  6:5.1e+00
  181 ,   5431 : 2.4499177165834e+00 +(3e-02,2e-01) | 5.20e+04 |  7:3.5e-04  6:5.0e+00
  182 ,   5461 : 2.4491682746226e+00 +(3e-02,1e-01) | 5.45e+04 |  7:3.0e-04  6:4.5e+00
  183 ,   5491 : 2.4511693039045e+00 +(2e-02,1e-01) | 5.85e+04 |  7:3.0e-04  6:4.8e+00
  184 ,   5521 : 2.4558866498470e+00 +(2e-02,1e-01) | 6.26e+04 |  7:2.5e-04  6:4.3e+00
  185 ,   5551 : 2.4470243677295e+00 +(2e-02,1e-01) | 6.36e+04 |  7:2.2e-04  6:3.9e+00
  186 ,   5581 : 2.4492295657816e+00 +(2e-02,7e-02) | 6.42e+04 |  7:2.0e-04  6:3.6e+00
  187 ,   5611 : 2.4484461774170e+00 +(1e-02,4e-02) | 6.79e+04 |  7:1.9e-04  6:3.6e+00
  188 ,   5641 : 2.4502594730401e+00 +(1e-02,4e-02) | 6.87e+04 |  7:1.9e-04  6:3.7e+00
  189 ,   5671 : 2.4525882737376e+00 +(1e-02,4e-02) | 6.92e+04 |  7:1.9e-04  6:3.5e+00
Iterat, #Fevals:   Function Value    (median,worst) |Axis Ratio|idx:Min SD idx:Max SD
  190 ,   5701 : 2.4503050666242e+00 +(1e-02,5e-02) | 7.03e+04 |  7:2.0e-04  6:3.7e+00
  191 ,   5731 : 2.4527682172883e+00 +(9e-03,1e-01) | 7.15e+04 |  7:1.9e-04  6:3.5e+00
  192 ,   5761 : 2.4466135386608e+00 +(2e-02,4e-02) | 7.22e+04 |  7:1.7e-04  6:3.2e+00
  193 ,   5791 : 2.4497395400581e+00 +(1e-02,3e-02) | 7.26e+04 |  7:1.8e-04  6:3.1e+00
  194 ,   5821 : 2.4433137129613e+00 +(2e-02,4e-02) | 7.18e+04 |  7:1.8e-04  6:3.2e+00
  195 ,   5851 : 2.4450845326027e+00 +(2e-02,5e-02) | 7.13e+04 |  7:1.9e-04  6:3.1e+00
  196 ,   5881 : 2.4453371027781e+00 +(2e-02,3e-02) | 7.59e+04 |  7:1.7e-04  6:2.9e+00
  197 ,   5911 : 2.4389234865581e+00 +(2e-02,5e-02) | 7.84e+04 |  7:1.7e-04  6:3.1e+00
  198 ,   5941 : 2.4474913533515e+00 +(1e-02,6e-02) | 7.71e+04 |  7:1.7e-04  6:3.2e+00
  199 ,   5971 : 2.4449581986065e+00 +(2e-02,4e-02) | 7.90e+04 |  7:1.7e-04  6:3.6e+00
Iterat, #Fevals:   Function Value    (median,worst) |Axis Ratio|idx:Min SD idx:Max SD
  200 ,   6001 : 2.4484587217303e+00 +(9e-03,3e-02) | 8.12e+04 |  7:1.6e-04  6:3.3e+00
  201 ,   6031 : 2.4441781873572e+00 +(1e-02,4e-02) | 8.30e+04 |  7:1.4e-04  6:2.9e+00
  202 ,   6061 : 2.4462714114603e+00 +(1e-02,2e-02) | 8.46e+04 |  7:1.2e-04  6:2.4e+00
  203 ,   6091 : 2.4433929473786e+00 +(1e-02,4e-02) | 8.72e+04 |  7:1.1e-04  6:2.2e+00
  204 ,   6121 : 2.4458487616128e+00 +(1e-02,3e-02) | 8.93e+04 |  7:9.7e-05  6:2.0e+00
  205 ,   6151 : 2.4489433701271e+00 +(8e-03,2e-02) | 8.70e+04 |  7:8.7e-05  6:1.8e+00
  206 ,   6181 : 2.4390358251507e+00 +(2e-02,3e-02) | 8.55e+04 |  7:9.0e-05  6:1.8e+00
  207 ,   6211 : 2.4452255651412e+00 +(1e-02,2e-02) | 9.02e+04 |  7:8.8e-05  6:1.8e+00
  208 ,   6241 : 2.4445178530545e+00 +(1e-02,2e-02) | 9.27e+04 |  7:8.1e-05  6:1.7e+00
  209 ,   6271 : 2.4388728381188e+00 +(2e-02,3e-02) | 9.27e+04 |  7:7.8e-05  6:1.6e+00
Iterat, #Fevals:   Function Value    (median,worst) |Axis Ratio|idx:Min SD idx:Max SD
  210 ,   6301 : 2.4354565316252e+00 +(2e-02,3e-02) | 9.47e+04 |  7:7.4e-05  6:1.5e+00
  211 ,   6331 : 2.4395811397685e+00 +(2e-02,3e-02) | 9.89e+04 |  7:6.5e-05  6:1.3e+00
  212 ,   6361 : 2.4453368459070e+00 +(1e-02,2e-02) | 9.91e+04 |  7:6.0e-05  6:1.3e+00
  213 ,   6391 : 2.4414497415556e+00 +(1e-02,3e-02) | 9.69e+04 |  7:5.3e-05  6:1.1e+00
  214 ,   6421 : 2.4409069919953e+00 +(1e-02,2e-02) | 9.44e+04 |  7:5.0e-05  6:1.1e+00
  215 ,   6451 : 2.4438384373095e+00 +(1e-02,2e-02) | 9.70e+04 |  7:5.3e-05  6:1.1e+00
  216 ,   6481 : 2.4431878119935e+00 +(1e-02,3e-02) | 9.47e+04 |  7:5.2e-05  6:1.1e+00
  217 ,   6511 : 2.4418769553249e+00 +(1e-02,3e-02) | 9.34e+04 |  7:4.5e-05  6:9.4e-01
  218 ,   6541 : 2.4430156593155e+00 +(1e-02,3e-02) | 9.45e+04 |  7:4.3e-05  6:9.1e-01
  219 ,   6571 : 2.4408094144937e+00 +(1e-02,3e-02) | 9.48e+04 |  7:3.8e-05  6:8.5e-01
Iterat, #Fevals:   Function Value    (median,worst) |Axis Ratio|idx:Min SD idx:Max SD
  220 ,   6601 : 2.4446062677849e+00 +(1e-02,2e-02) | 9.54e+04 |  7:3.6e-05  6:8.2e-01
  221 ,   6631 : 2.4434960072854e+00 +(1e-02,3e-02) | 9.85e+04 |  7:3.6e-05  6:8.4e-01
  222 ,   6661 : 2.4444972663680e+00 +(1e-02,2e-02) | 9.56e+04 |  7:4.2e-05  6:9.2e-01
  223 ,   6691 : 2.4384295459407e+00 +(1e-02,3e-02) | 9.46e+04 |  7:3.9e-05  6:8.7e-01
  224 ,   6721 : 2.4435024529718e+00 +(1e-02,2e-02) | 9.35e+04 |  7:3.6e-05  6:8.0e-01
  225 ,   6751 : 2.4413792278917e+00 +(1e-02,3e-02) | 9.09e+04 |  7:3.4e-05  6:7.4e-01
  226 ,   6781 : 2.4401033801714e+00 +(2e-02,3e-02) | 8.94e+04 |  7:3.3e-05  6:7.3e-01
  227 ,   6811 : 2.4367571317871e+00 +(1e-02,3e-02) | 8.88e+04 |  7:3.1e-05  6:7.2e-01
  228 ,   6841 : 2.4390188864364e+00 +(2e-02,3e-02) | 9.20e+04 |  7:3.4e-05  6:8.0e-01
  229 ,   6871 : 2.4370105556400e+00 +(2e-02,3e-02) | 9.54e+04 |  7:3.2e-05  6:7.9e-01
Iterat, #Fevals:   Function Value    (median,worst) |Axis Ratio|idx:Min SD idx:Max SD
  230 ,   6901 : 2.4383586011193e+00 +(2e-02,4e-02) | 9.02e+04 |  7:3.8e-05  6:8.9e-01
  231 ,   6931 : 2.4364616966441e+00 +(2e-02,3e-02) | 9.26e+04 |  7:4.2e-05  6:9.6e-01
  232 ,   6961 : 2.4433616406209e+00 +(1e-02,2e-02) | 9.40e+04 |  7:3.5e-05  6:8.3e-01
  233 ,   6991 : 2.4393476807328e+00 +(2e-02,3e-02) | 8.88e+04 |  7:3.4e-05  6:7.9e-01
  234 ,   7021 : 2.4442005971042e+00 +(1e-02,2e-02) | 9.15e+04 |  7:3.6e-05  6:8.4e-01
  235 ,   7051 : 2.4436330211554e+00 +(1e-02,3e-02) | 9.04e+04 |  7:3.4e-05  6:7.9e-01
  236 ,   7081 : 2.4458464787731e+00 +(1e-02,2e-02) | 8.49e+04 |  7:3.5e-05  6:8.0e-01
  237 ,   7111 : 2.4402743505980e+00 +(1e-02,3e-02) | 8.37e+04 |  7:3.9e-05  6:8.6e-01
  238 ,   7141 : 2.4426425439060e+00 +(1e-02,3e-02) | 8.26e+04 |  7:4.5e-05  6:9.7e-01
  239 ,   7171 : 2.4439909697225e+00 +(1e-02,2e-02) | 8.26e+04 |  7:4.1e-05  6:8.8e-01
Iterat, #Fevals:   Function Value    (median,worst) |Axis Ratio|idx:Min SD idx:Max SD
  240 ,   7201 : 2.4372781402678e+00 +(2e-02,3e-02) | 8.20e+04 |  7:3.6e-05  6:7.6e-01
  241 ,   7231 : 2.4462348014700e+00 +(1e-02,2e-02) | 8.18e+04 |  7:3.5e-05  6:7.5e-01
  242 ,   7261 : 2.4481796842442e+00 +(7e-03,2e-02) | 8.07e+04 |  7:3.5e-05  6:7.1e-01
  243 ,   7291 : 2.4441709104264e+00 +(1e-02,2e-02) | 8.53e+04 |  7:3.1e-05  6:6.9e-01
  244 ,   7321 : 2.4396293951712e+00 +(2e-02,3e-02) | 8.33e+04 |  7:3.3e-05  6:6.6e-01
  245 ,   7351 : 2.4439969973639e+00 +(9e-03,2e-02) | 8.44e+04 |  7:3.0e-05  6:6.1e-01
  246 ,   7381 : 2.4434465736747e+00 +(1e-02,2e-02) | 9.17e+04 |  7:2.8e-05  6:5.9e-01
  247 ,   7411 : 2.4451884681413e+00 +(9e-03,2e-02) | 1.00e+05 |  7:2.4e-05  6:5.5e-01
  248 ,   7441 : 2.4437876900242e+00 +(1e-02,3e-02) | 1.04e+05 |  7:2.4e-05  6:5.5e-01
  249 ,   7471 : 2.4357577046037e+00 +(2e-02,3e-02) | 1.06e+05 |  7:2.7e-05  6:5.7e-01
Iterat, #Fevals:   Function Value    (median,worst) |Axis Ratio|idx:Min SD idx:Max SD
  250 ,   7501 : 2.4440590872450e+00 +(1e-02,2e-02) | 1.08e+05 |  7:2.4e-05  6:5.0e-01
  251 ,   7531 : 2.4404747273613e+00 +(2e-02,2e-02) | 1.10e+05 |  7:2.3e-05  6:4.9e-01
  252 ,   7561 : 2.4417701596824e+00 +(1e-02,3e-02) | 1.13e+05 |  7:2.5e-05  6:5.6e-01
  253 ,   7591 : 2.4448541782146e+00 +(7e-03,2e-02) | 1.10e+05 |  7:2.5e-05  6:5.2e-01
  254 ,   7621 : 2.4436904389242e+00 +(1e-02,3e-02) | 1.07e+05 |  7:2.5e-05  6:5.1e-01
  255 ,   7651 : 2.4405122392908e+00 +(1e-02,3e-02) | 1.14e+05 |  7:2.7e-05  6:5.3e-01
  256 ,   7681 : 2.4428060814678e+00 +(1e-02,3e-02) | 1.15e+05 |  7:3.0e-05  6:5.5e-01
  257 ,   7711 : 2.4420595710605e+00 +(1e-02,3e-02) | 1.19e+05 |  7:3.3e-05  6:6.2e-01
  258 ,   7741 : 2.4391193184643e+00 +(2e-02,3e-02) | 1.13e+05 |  7:3.4e-05  6:6.1e-01
  259 ,   7771 : 2.4459783621024e+00 +(6e-03,3e-02) | 1.13e+05 |  7:3.7e-05  6:6.5e-01
Iterat, #Fevals:   Function Value    (median,worst) |Axis Ratio|idx:Min SD idx:Max SD
  260 ,   7801 : 2.4410408214746e+00 +(1e-02,2e-02) | 1.15e+05 |  7:3.6e-05  6:6.3e-01
  261 ,   7831 : 2.4425159451438e+00 +(1e-02,2e-02) | 1.12e+05 |  7:3.6e-05  6:6.2e-01
  262 ,   7861 : 2.4375184825373e+00 +(2e-02,3e-02) | 1.13e+05 |  7:3.3e-05  6:5.4e-01
  263 ,   7891 : 2.4372416950115e+00 +(2e-02,3e-02) | 1.12e+05 |  7:3.7e-05  6:6.2e-01
  264 ,   7921 : 2.4454985448859e+00 +(8e-03,2e-02) | 1.11e+05 |  7:4.0e-05  6:6.9e-01
  265 ,   7951 : 2.4448404880886e+00 +(1e-02,3e-02) | 1.15e+05 |  7:4.7e-05  6:8.4e-01
  266 ,   7981 : 2.4409346627194e+00 +(1e-02,3e-02) | 1.16e+05 |  7:4.5e-05  6:7.5e-01
  267 ,   8011 : 2.4397174946038e+00 +(2e-02,2e-02) | 1.10e+05 |  7:3.6e-05  6:6.1e-01
  268 ,   8041 : 2.4462438204776e+00 +(1e-02,2e-02) | 1.12e+05 |  7:3.6e-05  6:6.2e-01
  269 ,   8071 : 2.4417457371844e+00 +(1e-02,3e-02) | 1.17e+05 |  7:3.5e-05  6:6.0e-01
Iterat, #Fevals:   Function Value    (median,worst) |Axis Ratio|idx:Min SD idx:Max SD
  270 ,   8101 : 2.4416269991933e+00 +(1e-02,2e-02) | 1.27e+05 |  7:4.0e-05  6:7.5e-01
  271 ,   8131 : 2.4431054596247e+00 +(1e-02,2e-02) | 1.19e+05 |  7:4.1e-05  6:7.4e-01
  272 ,   8161 : 2.4436220063103e+00 +(1e-02,2e-02) | 1.15e+05 |  7:5.0e-05  6:8.7e-01
  273 ,   8191 : 2.4359617582173e+00 +(2e-02,3e-02) | 1.09e+05 |  7:4.4e-05  6:7.8e-01
  274 ,   8221 : 2.4348877807121e+00 +(2e-02,3e-02) | 1.11e+05 |  7:4.3e-05  6:7.3e-01
  275 ,   8251 : 2.4419073822075e+00 +(1e-02,2e-02) | 1.14e+05 |  7:3.9e-05  6:6.4e-01
  276 ,   8281 : 2.4409640948964e+00 +(1e-02,3e-02) | 1.14e+05 |  7:3.6e-05  6:5.8e-01
  277 ,   8311 : 2.4399393356685e+00 +(1e-02,3e-02) | 1.13e+05 |  7:3.0e-05  6:5.2e-01
  278 ,   8341 : 2.4418887017458e+00 +(1e-02,2e-02) | 1.21e+05 |  7:2.9e-05  6:5.1e-01
  279 ,   8371 : 2.4430926217678e+00 +(1e-02,3e-02) | 1.22e+05 |  7:3.0e-05  6:5.0e-01
Iterat, #Fevals:   Function Value    (median,worst) |Axis Ratio|idx:Min SD idx:Max SD
  280 ,   8401 : 2.4399546887262e+00 +(1e-02,3e-02) | 1.26e+05 |  7:3.5e-05  6:5.6e-01
  281 ,   8431 : 2.4435271254620e+00 +(1e-02,2e-02) | 1.24e+05 |  7:4.0e-05  6:5.9e-01
  282 ,   8461 : 2.4439562395444e+00 +(9e-03,2e-02) | 1.23e+05 |  7:4.2e-05  6:5.8e-01
  283 ,   8491 : 2.4384025827283e+00 +(1e-02,3e-02) | 1.33e+05 |  7:4.7e-05  6:6.7e-01
  284 ,   8521 : 2.4417545190421e+00 +(1e-02,2e-02) | 1.35e+05 |  7:4.3e-05  6:6.1e-01
  285 ,   8551 : 2.4402240629167e+00 +(1e-02,3e-02) | 1.36e+05 |  7:4.2e-05  6:5.9e-01
  286 ,   8581 : 2.4425597645884e+00 +(1e-02,2e-02) | 1.37e+05 |  7:4.8e-05  6:6.8e-01
  287 ,   8611 : 2.4414586548815e+00 +(1e-02,3e-02) | 1.46e+05 |  7:6.1e-05  6:8.0e-01
  288 ,   8641 : 2.4410153393306e+00 +(1e-02,3e-02) | 1.48e+05 |  7:6.5e-05  6:8.8e-01
  289 ,   8671 : 2.4454549468776e+00 +(1e-02,3e-02) | 1.41e+05 |  7:6.4e-05  6:8.5e-01
Iterat, #Fevals:   Function Value    (median,worst) |Axis Ratio|idx:Min SD idx:Max SD
  290 ,   8701 : 2.4442239027484e+00 +(1e-02,2e-02) | 1.37e+05 |  7:6.4e-05  6:8.1e-01
  291 ,   8731 : 2.4403015668504e+00 +(2e-02,3e-02) | 1.31e+05 |  7:5.7e-05  6:7.4e-01
  292 ,   8761 : 2.4436579589768e+00 +(1e-02,2e-02) | 1.37e+05 |  7:5.7e-05  6:7.5e-01
  293 ,   8791 : 2.4434032696531e+00 +(1e-02,3e-02) | 1.36e+05 |  7:5.6e-05  6:7.3e-01
  294 ,   8821 : 2.4392062567301e+00 +(1e-02,3e-02) | 1.38e+05 |  7:5.7e-05  6:7.6e-01
  295 ,   8851 : 2.4425646127767e+00 +(1e-02,2e-02) | 1.42e+05 |  7:5.3e-05  6:7.1e-01
  296 ,   8881 : 2.4465921839839e+00 +(1e-02,2e-02) | 1.45e+05 |  7:5.8e-05  6:7.8e-01
  297 ,   8911 : 2.4437325596041e+00 +(1e-02,3e-02) | 1.40e+05 |  7:6.1e-05  6:7.9e-01
  298 ,   8941 : 2.4424417450834e+00 +(1e-02,2e-02) | 1.38e+05 |  7:5.5e-05  6:7.1e-01
  299 ,   8971 : 2.4398174520297e+00 +(2e-02,3e-02) | 1.50e+05 |  7:5.3e-05  6:7.1e-01
Iterat, #Fevals:   Function Value    (median,worst) |Axis Ratio|idx:Min SD idx:Max SD
  300 ,   9001 : 2.4413957912458e+00 +(1e-02,3e-02) | 1.46e+05 |  7:4.4e-05  6:5.9e-01
  301 ,   9031 : 2.4389580881380e+00 +(2e-02,3e-02) | 1.45e+05 |  7:4.2e-05  6:5.7e-01
  302 ,   9061 : 2.4384403763909e+00 +(2e-02,3e-02) | 1.47e+05 |  7:3.6e-05  6:5.0e-01
  303 ,   9091 : 2.4443093042876e+00 +(1e-02,2e-02) | 1.50e+05 |  7:3.5e-05  6:4.6e-01
  304 ,   9121 : 2.4387282760518e+00 +(2e-02,3e-02) | 1.52e+05 |  7:3.2e-05  6:4.4e-01
  305 ,   9151 : 2.4450847517784e+00 +(9e-03,3e-02) | 1.54e+05 |  7:3.5e-05  6:4.8e-01
  306 ,   9181 : 2.4413788156092e+00 +(1e-02,3e-02) | 1.58e+05 |  7:3.4e-05  6:4.8e-01
  307 ,   9211 : 2.4464128755267e+00 +(1e-02,2e-02) | 1.63e+05 |  7:3.2e-05  6:4.4e-01
  308 ,   9241 : 2.4462058636009e+00 +(1e-02,2e-02) | 1.60e+05 |  7:3.3e-05  6:4.7e-01
  309 ,   9271 : 2.4424760759470e+00 +(1e-02,2e-02) | 1.56e+05 |  7:3.3e-05  6:4.7e-01
Iterat, #Fevals:   Function Value    (median,worst) |Axis Ratio|idx:Min SD idx:Max SD
  310 ,   9301 : 2.4454436850467e+00 +(9e-03,3e-02) | 1.61e+05 |  7:3.1e-05  6:4.4e-01
  311 ,   9331 : 2.4400607890044e+00 +(1e-02,3e-02) | 1.64e+05 |  7:3.1e-05  6:4.4e-01
  312 ,   9361 : 2.4442721754879e+00 +(1e-02,3e-02) | 1.55e+05 |  7:3.5e-05  6:4.6e-01
  313 ,   9391 : 2.4413519285514e+00 +(1e-02,3e-02) | 1.64e+05 |  7:3.3e-05  6:4.5e-01
  314 ,   9421 : 2.4435469485671e+00 +(1e-02,3e-02) | 1.64e+05 |  7:3.5e-05  6:4.8e-01
  315 ,   9451 : 2.4416117321843e+00 +(1e-02,3e-02) | 1.63e+05 |  7:3.2e-05  6:4.5e-01
  316 ,   9481 : 2.4415597472903e+00 +(1e-02,3e-02) | 1.75e+05 |  7:3.5e-05  6:4.8e-01
  317 ,   9511 : 2.4455694489824e+00 +(8e-03,2e-02) | 1.72e+05 |  7:3.4e-05  6:4.4e-01
  318 ,   9541 : 2.4472232065804e+00 +(9e-03,2e-02) | 1.85e+05 |  7:3.4e-05  6:4.6e-01
  319 ,   9571 : 2.4399587585704e+00 +(1e-02,3e-02) | 1.85e+05 |  7:3.4e-05  6:4.7e-01
Iterat, #Fevals:   Function Value    (median,worst) |Axis Ratio|idx:Min SD idx:Max SD
  320 ,   9601 : 2.4403801281747e+00 +(2e-02,3e-02) | 1.85e+05 |  7:3.3e-05  6:4.6e-01
  321 ,   9631 : 2.4462664013882e+00 +(1e-02,2e-02) | 1.90e+05 |  7:3.5e-05  6:5.0e-01
  322 ,   9661 : 2.4407118871554e+00 +(1e-02,3e-02) | 1.82e+05 |  7:3.5e-05  6:4.8e-01
  323 ,   9691 : 2.4383399871848e+00 +(2e-02,3e-02) | 1.84e+05 |  7:3.6e-05  6:4.9e-01
  324 ,   9721 : 2.4469164939801e+00 +(8e-03,3e-02) | 1.94e+05 |  7:3.8e-05  6:5.4e-01
  325 ,   9751 : 2.4426016089257e+00 +(1e-02,2e-02) | 1.94e+05 |  7:3.2e-05  6:4.4e-01
  326 ,   9781 : 2.4392945443837e+00 +(2e-02,3e-02) | 2.07e+05 |  7:3.0e-05  6:4.3e-01
  327 ,   9811 : 2.4471661122821e+00 +(7e-03,2e-02) | 2.06e+05 |  7:2.5e-05  6:3.7e-01
  328 ,   9841 : 2.4414293436386e+00 +(2e-02,3e-02) | 2.04e+05 |  7:2.8e-05  6:4.1e-01
  329 ,   9871 : 2.4504740891185e+00 +(8e-03,2e-02) | 2.00e+05 |  7:2.5e-05  6:3.6e-01
Iterat, #Fevals:   Function Value    (median,worst) |Axis Ratio|idx:Min SD idx:Max SD
  330 ,   9901 : 2.4465906105542e+00 +(9e-03,2e-02) | 2.01e+05 |  7:2.8e-05  6:3.9e-01
  331 ,   9931 : 2.4410736748786e+00 +(2e-02,3e-02) | 2.03e+05 |  7:2.8e-05  6:3.9e-01
  332 ,   9961 : 2.4429693726251e+00 +(1e-02,2e-02) | 1.94e+05 |  7:2.8e-05  6:3.9e-01
  333 ,   9991 : 2.4437007145667e+00 +(9e-03,2e-02) | 2.06e+05 |  7:2.8e-05  6:4.0e-01
  334 ,  10021 : 2.4354774324123e+00 +(2e-02,3e-02) | 2.06e+05 |  7:2.7e-05  6:3.9e-01
  335 ,  10051 : 2.4450597459042e+00 +(1e-02,2e-02) | 2.11e+05 |  7:2.8e-05  6:3.9e-01
  336 ,  10081 : 2.4398600111118e+00 +(2e-02,3e-02) | 2.35e+05 |  7:3.3e-05  6:5.0e-01
  337 ,  10111 : 2.4429554354293e+00 +(1e-02,2e-02) | 2.37e+05 |  7:3.8e-05  6:5.8e-01
  338 ,  10141 : 2.4461835599017e+00 +(9e-03,2e-02) | 2.14e+05 |  7:4.4e-05  6:6.9e-01
  339 ,  10171 : 2.4445789921703e+00 +(1e-02,2e-02) | 2.04e+05 |  7:4.3e-05  6:6.7e-01
Iterat, #Fevals:   Function Value    (median,worst) |Axis Ratio|idx:Min SD idx:Max SD
  340 ,  10201 : 2.4350798913613e+00 +(2e-02,3e-02) | 2.13e+05 |  7:4.4e-05  6:7.0e-01
  341 ,  10231 : 2.4410545988300e+00 +(1e-02,3e-02) | 2.12e+05 |  7:4.4e-05  6:7.0e-01
  342 ,  10261 : 2.4429931476859e+00 +(1e-02,3e-02) | 2.18e+05 |  7:4.8e-05  6:7.2e-01
  343 ,  10291 : 2.4412888388412e+00 +(1e-02,3e-02) | 2.20e+05 |  7:4.8e-05  6:7.1e-01
  344 ,  10321 : 2.4402941681168e+00 +(1e-02,3e-02) | 2.19e+05 |  7:4.9e-05  6:7.4e-01
  345 ,  10351 : 2.4471507673878e+00 +(7e-03,2e-02) | 2.31e+05 |  7:4.9e-05  6:7.1e-01
  346 ,  10381 : 2.4466779267622e+00 +(1e-02,3e-02) | 2.31e+05 |  7:4.4e-05  6:6.2e-01
  347 ,  10411 : 2.4371699074522e+00 +(2e-02,3e-02) | 2.38e+05 |  7:4.0e-05  6:5.8e-01
  348 ,  10441 : 2.4377112537135e+00 +(2e-02,3e-02) | 2.36e+05 |  7:4.4e-05  6:6.3e-01
  349 ,  10471 : 2.4455975051175e+00 +(1e-02,2e-02) | 2.41e+05 |  7:4.1e-05  6:5.7e-01
Iterat, #Fevals:   Function Value    (median,worst) |Axis Ratio|idx:Min SD idx:Max SD
  350 ,  10501 : 2.4424844479804e+00 +(1e-02,2e-02) | 2.36e+05 |  7:3.5e-05  6:4.9e-01
  351 ,  10531 : 2.4457971427778e+00 +(9e-03,3e-02) | 2.31e+05 |  7:3.1e-05  6:4.4e-01
  352 ,  10561 : 2.4351991499673e+00 +(2e-02,3e-02) | 2.25e+05 |  7:3.1e-05  6:4.2e-01
  353 ,  10591 : 2.4459319428918e+00 +(9e-03,2e-02) | 2.27e+05 |  7:3.2e-05  6:4.3e-01
  354 ,  10621 : 2.4467200049762e+00 +(1e-02,3e-02) | 2.41e+05 |  7:3.4e-05  6:4.5e-01
  355 ,  10651 : 2.4450840096484e+00 +(1e-02,3e-02) | 2.45e+05 |  7:2.8e-05  6:3.7e-01
  356 ,  10681 : 2.4460194327351e+00 +(9e-03,3e-02) | 2.43e+05 |  7:2.3e-05  6:3.1e-01
  357 ,  10711 : 2.4443077801886e+00 +(1e-02,3e-02) | 2.39e+05 |  7:2.0e-05  6:2.7e-01
  358 ,  10741 : 2.4437886065664e+00 +(1e-02,3e-02) | 2.33e+05 |  7:1.8e-05  6:2.4e-01
  359 ,  10771 : 2.4418044801679e+00 +(2e-02,3e-02) | 2.42e+05 |  7:1.8e-05  6:2.4e-01
Iterat, #Fevals:   Function Value    (median,worst) |Axis Ratio|idx:Min SD idx:Max SD
  360 ,  10801 : 2.4374856108407e+00 +(1e-02,3e-02) | 2.27e+05 |  7:2.0e-05  6:2.6e-01
  361 ,  10831 : 2.4382632426430e+00 +(2e-02,3e-02) | 2.31e+05 |  7:2.0e-05  6:2.6e-01
  362 ,  10861 : 2.4459510559556e+00 +(1e-02,2e-02) | 2.41e+05 |  7:2.1e-05  6:2.7e-01
  363 ,  10891 : 2.4421036808733e+00 +(1e-02,3e-02) | 2.44e+05 |  7:2.0e-05  6:2.6e-01
  364 ,  10921 : 2.4452591657988e+00 +(9e-03,3e-02) | 2.32e+05 |  7:1.9e-05  6:2.5e-01
  365 ,  10951 : 2.4427502398177e+00 +(1e-02,3e-02) | 2.30e+05 |  7:1.9e-05  6:2.5e-01
  366 ,  10981 : 2.4377086179916e+00 +(2e-02,3e-02) | 2.33e+05 |  7:2.0e-05  6:2.6e-01
  367 ,  11011 : 2.4445466576016e+00 +(1e-02,2e-02) | 2.37e+05 |  7:2.4e-05  6:3.0e-01
  368 ,  11041 : 2.4394750335624e+00 +(2e-02,3e-02) | 2.21e+05 |  7:2.2e-05  6:2.7e-01
  369 ,  11071 : 2.4464121314955e+00 +(1e-02,2e-02) | 2.26e+05 |  7:2.2e-05  6:2.8e-01
Iterat, #Fevals:   Function Value    (median,worst) |Axis Ratio|idx:Min SD idx:Max SD
  370 ,  11101 : 2.4410588763696e+00 +(1e-02,2e-02) | 2.23e+05 |  7:1.9e-05  6:2.4e-01
  371 ,  11131 : 2.4423583079244e+00 +(1e-02,2e-02) | 2.29e+05 |  7:1.7e-05  6:2.2e-01
  372 ,  11161 : 2.4482178455317e+00 +(7e-03,2e-02) | 2.52e+05 |  7:1.9e-05  6:2.6e-01
  373 ,  11191 : 2.4414431447801e+00 +(1e-02,3e-02) | 2.56e+05 |  7:1.9e-05  6:2.6e-01
  374 ,  11221 : 2.4439198462340e+00 +(9e-03,2e-02) | 2.72e+05 |  7:1.9e-05  6:2.7e-01
  375 ,  11251 : 2.4416653096458e+00 +(1e-02,3e-02) | 2.83e+05 |  7:2.3e-05  6:3.3e-01
  376 ,  11281 : 2.4429126792895e+00 +(2e-02,3e-02) | 2.91e+05 |  7:2.1e-05  6:3.1e-01
  377 ,  11311 : 2.4411632124446e+00 +(1e-02,2e-02) | 2.92e+05 |  7:1.8e-05  6:2.8e-01
  378 ,  11341 : 2.4398813043242e+00 +(2e-02,3e-02) | 3.06e+05 |  7:1.9e-05  6:2.9e-01
  379 ,  11371 : 2.4454228910178e+00 +(1e-02,3e-02) | 2.99e+05 |  7:2.0e-05  6:2.9e-01
Iterat, #Fevals:   Function Value    (median,worst) |Axis Ratio|idx:Min SD idx:Max SD
  380 ,  11401 : 2.4456453231894e+00 +(1e-02,2e-02) | 3.04e+05 |  7:1.9e-05  6:2.8e-01
  381 ,  11431 : 2.4406404353714e+00 +(2e-02,3e-02) | 2.96e+05 |  7:1.9e-05  6:2.9e-01
#Fevals:   f(returned x)   |    bestever.f     | stopflag (saved to variablescmaes13_9_39.mat)
  11432: 2.44064043537e+00 | 2.43488778071e+00 | stagnation
mean solution: +8.2e-01 +3.4e+00 +1.1e+00 +5.2e-02 +1.0e+00 +2.2e+02 +1.1e-02 +5.6e-02 +2.4e+00
std deviation:  8.6e-04  5.3e-03  1.6e-03  2.5e-04  4.6e-04  2.9e-01  1.9e-05  3.4e-04  3.7e-03
use plotcmaesdat.m for plotting the output at any time (option LogModulo must not be zero)
