
                            < M A T L A B (R) >
                  Copyright 1984-2015 The MathWorks, Inc.
                   R2015a (8.5.0.197613) 64-bit (glnxa64)
                             February 12, 2015

 
For online documentation, see http://www.mathworks.com/support
For product information, visit www.mathworks.com.
 

	Academic License


seed =

                159.233157


InitialthetaLB =

                       0.1
                         1
                         1
                       0.1
                         1
                       0.1
                     0.001
                    0.0001
                       300


InitialthetaUB =

      100000
    10000000
   100000000
       10000
       10000
        1000
           5
         100
        2000


Initialtheta =

          78884.6586336804
          1963921.93692127
          15523074.0523716
          4730.81216502385
          2824.86269609336
          664.080915769371
         0.817881073736892
          92.4524781877695
          1615.64261724709

  n=9: (15,30)-CMA-ES(w=[21 15 12... 0.77 0.25]%, ]%, mu_eff=8.6) on function Error
Iterat, #Fevals:   Function Value    (median,worst) |Axis Ratio|idx:Min SD idx:Max SD
    1 ,     31 : 3.1666099421456e+01 +(3e+05,6e+20) | 6.42e+00 |  9:3.1e-01  7:2.0e+00
    2 ,     61 : 3.7234754389557e+01 +(3e+03,5e+13) | 6.25e+00 |  9:3.2e-01  7:1.9e+00
    3 ,     91 : 3.1040658137961e+01 +(5e+01,7e+11) | 6.35e+00 |  9:2.8e-01  7:1.7e+00
    4 ,    121 : 3.0397832877239e+01 +(5e+02,3e+13) | 6.54e+00 |  9:2.7e-01  7:1.7e+00
    5 ,    151 : 3.2324128093075e+01 +(5e+01,3e+10) | 7.08e+00 |  9:2.8e-01  7:1.9e+00
    6 ,    181 : 2.9581241005147e+01 +(6e+01,2e+13) | 7.24e+00 |  9:2.8e-01  7:2.0e+00
    7 ,    211 : 3.1758379479601e+01 +(5e+01,5e+17) | 7.21e+00 |  9:2.7e-01  7:1.9e+00
    8 ,    241 : 3.1003559045863e+01 +(5e+01,3e+04) | 6.96e+00 |  9:2.7e-01  7:1.8e+00
    9 ,    271 : 3.2584674302643e+01 +(5e+01,7e+04) | 7.12e+00 |  9:2.7e-01  7:1.8e+00
Iterat, #Fevals:   Function Value    (median,worst) |Axis Ratio|idx:Min SD idx:Max SD
   10 ,    301 : 3.1111456483231e+01 +(5e+01,5e+09) | 7.06e+00 |  9:2.4e-01  7:1.6e+00
   11 ,    331 : 3.1680398171055e+01 +(4e+01,1e+04) | 7.05e+00 |  9:2.2e-01  7:1.5e+00
   12 ,    361 : 3.1512659768807e+01 +(3e+01,1e+07) | 7.13e+00 |  9:2.0e-01  7:1.4e+00
   13 ,    391 : 3.2344218729930e+01 +(4e+01,1e+05) | 7.06e+00 |  9:1.9e-01  7:1.3e+00
   14 ,    421 : 3.1722061714986e+01 +(4e+01,6e+03) | 6.80e+00 |  9:1.9e-01  7:1.2e+00
   15 ,    451 : 3.1781947668085e+01 +(2e+01,1e+03) | 6.60e+00 |  9:1.7e-01  7:1.1e+00
   16 ,    481 : 3.2035095657244e+01 +(1e+01,9e+02) | 6.81e+00 |  9:1.7e-01  7:1.1e+00
   17 ,    511 : 3.0549444108635e+01 +(3e+01,5e+03) | 7.43e+00 |  9:1.9e-01  3:1.3e+00
   18 ,    541 : 3.2293102683811e+01 +(9e+00,3e+02) | 8.10e+00 |  9:1.9e-01  7:1.3e+00
   19 ,    571 : 3.1195330537412e+01 +(1e+01,3e+02) | 8.26e+00 |  9:1.6e-01  7:1.1e+00
Iterat, #Fevals:   Function Value    (median,worst) |Axis Ratio|idx:Min SD idx:Max SD
   20 ,    601 : 3.2401886489899e+01 +(1e+01,3e+02) | 8.68e+00 |  9:1.3e-01  7:9.4e-01
   21 ,    631 : 3.1879507521521e+01 +(1e+01,6e+02) | 8.44e+00 |  8:1.2e-01  7:7.9e-01
   22 ,    661 : 3.1867656275562e+01 +(7e+00,5e+01) | 8.69e+00 |  8:1.0e-01  3:7.2e-01
   23 ,    691 : 3.2225182872320e+01 +(6e+00,2e+02) | 8.85e+00 |  8:8.8e-02  3:6.3e-01
   24 ,    721 : 3.2211795743522e+01 +(3e+00,3e+01) | 9.07e+00 |  8:8.2e-02  3:6.0e-01
   25 ,    751 : 3.1872860073082e+01 +(3e+00,3e+01) | 9.11e+00 |  9:7.2e-02  3:5.0e-01
   26 ,    781 : 3.2016365895795e+01 +(2e+00,2e+01) | 9.40e+00 |  8:6.0e-02  3:4.3e-01
   27 ,    811 : 3.1928538602109e+01 +(5e-01,1e+01) | 1.03e+01 |  8:6.3e-02  7:4.5e-01
   28 ,    841 : 3.1899706159049e+01 +(2e+00,1e+01) | 1.16e+01 |  8:6.6e-02  7:4.9e-01
   29 ,    871 : 3.1597949708275e+01 +(1e+00,2e+01) | 1.33e+01 |  8:6.9e-02  7:5.6e-01
Iterat, #Fevals:   Function Value    (median,worst) |Axis Ratio|idx:Min SD idx:Max SD
   30 ,    901 : 3.1652631570257e+01 +(1e+00,9e+00) | 1.45e+01 |  8:6.9e-02  7:6.0e-01
   31 ,    931 : 3.1618743043291e+01 +(1e+00,4e+01) | 1.54e+01 |  8:6.8e-02  7:5.9e-01
   32 ,    961 : 3.1408080970416e+01 +(1e+00,2e+01) | 1.57e+01 |  8:7.0e-02  7:5.8e-01
   33 ,    991 : 3.0933488502952e+01 +(1e+00,2e+01) | 1.76e+01 |  8:6.8e-02  7:6.0e-01
   34 ,   1021 : 3.1103588583256e+01 +(2e+00,5e+01) | 1.82e+01 |  8:7.3e-02  7:6.2e-01
   35 ,   1051 : 3.1168814429440e+01 +(1e+00,3e+01) | 1.81e+01 |  8:6.8e-02  7:5.8e-01
   36 ,   1081 : 3.0710126846155e+01 +(2e+00,5e+01) | 2.06e+01 |  9:7.1e-02  7:6.6e-01
   37 ,   1111 : 2.9893065778875e+01 +(3e+00,1e+02) | 2.18e+01 |  9:6.4e-02  7:6.2e-01
   38 ,   1141 : 3.0299272987848e+01 +(1e+00,7e+01) | 2.32e+01 |  9:7.3e-02  7:7.4e-01
   39 ,   1171 : 2.9916984395415e+01 +(4e+00,2e+02) | 2.38e+01 |  9:8.1e-02  7:8.1e-01
Iterat, #Fevals:   Function Value    (median,worst) |Axis Ratio|idx:Min SD idx:Max SD
   40 ,   1201 : 2.9919456022146e+01 +(4e+00,4e+02) | 2.37e+01 |  8:9.4e-02  7:9.0e-01
   41 ,   1231 : 2.9224005463097e+01 +(6e+00,1e+04) | 2.46e+01 |  9:1.0e-01  7:9.8e-01
   42 ,   1261 : 2.9491964759147e+01 +(7e+00,4e+02) | 2.48e+01 |  9:9.5e-02  7:8.8e-01
   43 ,   1291 : 3.0009600946747e+01 +(2e+00,6e+01) | 2.46e+01 |  9:7.8e-02  7:7.1e-01
   44 ,   1321 : 2.9823909593201e+01 +(2e+00,5e+01) | 2.56e+01 |  8:6.8e-02  7:6.3e-01
   45 ,   1351 : 3.0054530086143e+01 +(1e+00,6e+01) | 2.61e+01 |  9:6.7e-02  7:6.0e-01
   46 ,   1381 : 2.8890487937136e+01 +(3e+00,3e+01) | 2.59e+01 |  9:6.5e-02  7:6.0e-01
   47 ,   1411 : 2.7617356555374e+01 +(5e+00,3e+01) | 2.71e+01 |  9:5.7e-02  7:5.1e-01
   48 ,   1441 : 2.7038001559184e+01 +(4e+00,1e+01) | 2.84e+01 |  9:5.9e-02  7:5.8e-01
   49 ,   1471 : 2.4303459984672e+01 +(1e+01,8e+01) | 3.02e+01 |  9:6.8e-02  7:6.7e-01
Iterat, #Fevals:   Function Value    (median,worst) |Axis Ratio|idx:Min SD idx:Max SD
   50 ,   1501 : 3.4334796713185e+00 +(3e+01,2e+02) | 3.10e+01 |  9:7.0e-02  7:7.2e-01
   51 ,   1531 : 2.7150494273270e+01 +(2e+01,6e+02) | 3.02e+01 |  9:7.6e-02  7:7.6e-01
   52 ,   1561 : 2.4491225800491e+01 +(1e+01,1e+02) | 3.08e+01 |  9:7.9e-02  7:7.7e-01
   53 ,   1591 : 2.6785335634969e+01 +(5e+00,9e+06) | 3.08e+01 |  9:7.4e-02  7:7.1e-01
   54 ,   1621 : 2.8845544452117e+01 +(4e+00,2e+02) | 2.92e+01 |  9:6.5e-02  7:6.2e-01
   55 ,   1651 : 2.2976687554637e+01 +(1e+01,3e+04) | 3.01e+01 |  9:6.7e-02  7:6.1e-01
   56 ,   1681 : 2.3631073291943e+01 +(8e+00,9e+03) | 2.88e+01 |  9:5.5e-02  7:5.0e-01
   57 ,   1711 : 2.4396967447029e+01 +(7e+00,2e+04) | 2.76e+01 |  9:4.5e-02  7:3.9e-01
   58 ,   1741 : 2.5984920660412e+01 +(7e+00,1e+02) | 2.75e+01 |  9:4.3e-02  7:3.6e-01
   59 ,   1771 : 2.5212943452206e+01 +(5e+00,1e+02) | 2.66e+01 |  9:4.5e-02  7:3.6e-01
Iterat, #Fevals:   Function Value    (median,worst) |Axis Ratio|idx:Min SD idx:Max SD
   60 ,   1801 : 2.4556242548659e+01 +(8e+00,2e+04) | 2.70e+01 |  9:4.5e-02  7:3.5e-01
   61 ,   1831 : 1.4223684959571e+01 +(2e+01,3e+02) | 2.67e+01 |  9:4.8e-02  7:3.8e-01
   62 ,   1861 : 2.3837428889711e+01 +(9e+00,5e+03) | 2.48e+01 |  9:4.9e-02  7:3.8e-01
   63 ,   1891 : 1.5421041583833e+01 +(1e+01,9e+03) | 2.61e+01 |  9:5.1e-02  7:4.3e-01
   64 ,   1921 : 2.1782755647025e+01 +(2e+01,8e+03) | 2.56e+01 |  9:5.4e-02  7:4.3e-01
   65 ,   1951 : 1.4979610888930e+01 +(2e+01,5e+02) | 2.60e+01 |  9:6.3e-02  7:5.0e-01
   66 ,   1981 : 9.5117063101398e+00 +(4e+01,4e+03) | 2.56e+01 |  9:5.8e-02  7:4.6e-01
   67 ,   2011 : 1.7354725999161e+01 +(2e+01,5e+05) | 2.54e+01 |  9:5.4e-02  7:4.2e-01
   68 ,   2041 : 2.2524797742656e+01 +(1e+01,6e+01) | 2.59e+01 |  9:4.6e-02  7:3.5e-01
   69 ,   2071 : 1.4562299163975e+01 +(1e+01,2e+02) | 2.66e+01 |  9:4.1e-02  7:3.1e-01
Iterat, #Fevals:   Function Value    (median,worst) |Axis Ratio|idx:Min SD idx:Max SD
   70 ,   2101 : 1.6548814532861e+01 +(1e+01,3e+05) | 2.67e+01 |  9:3.9e-02  3:2.8e-01
   71 ,   2131 : 1.4669836357235e+01 +(1e+01,6e+05) | 2.64e+01 |  9:3.5e-02  3:2.4e-01
   72 ,   2161 : 1.6393432514203e+01 +(1e+01,8e+04) | 2.54e+01 |  9:3.6e-02  3:2.4e-01
   73 ,   2191 : 8.6347057812048e+00 +(2e+01,3e+02) | 2.49e+01 |  9:3.8e-02  3:2.5e-01
   74 ,   2221 : 1.1027397871340e+01 +(2e+01,1e+04) | 2.48e+01 |  9:3.5e-02  3:2.3e-01
   75 ,   2251 : 7.2421206824350e+00 +(2e+01,1e+03) | 2.47e+01 |  9:3.2e-02  3:2.2e-01
   76 ,   2281 : 4.7515688716970e+00 +(2e+01,6e+04) | 2.56e+01 |  9:3.0e-02  3:2.1e-01
   77 ,   2311 : 9.2536391997052e+00 +(1e+01,3e+03) | 2.55e+01 |  9:2.8e-02  3:1.9e-01
   78 ,   2341 : 7.6740992367965e+00 +(1e+01,5e+02) | 2.55e+01 |  9:2.5e-02  3:1.7e-01
   79 ,   2371 : 5.3430678107754e+00 +(1e+01,4e+02) | 2.60e+01 |  9:2.3e-02  3:1.6e-01
Iterat, #Fevals:   Function Value    (median,worst) |Axis Ratio|idx:Min SD idx:Max SD
   80 ,   2401 : 2.7167606942832e+00 +(1e+01,2e+03) | 2.57e+01 |  8:2.5e-02  3:1.7e-01
   81 ,   2431 : 6.1575742138850e+00 +(2e+01,1e+03) | 2.52e+01 |  9:2.5e-02  3:1.6e-01
   82 ,   2461 : 4.6395804132866e+00 +(1e+01,1e+02) | 2.58e+01 |  8:2.1e-02  3:1.4e-01
   83 ,   2491 : 6.5671687978477e+00 +(1e+01,3e+03) | 2.50e+01 |  8:2.1e-02  3:1.4e-01
   84 ,   2521 : 3.1655113688571e+00 +(1e+01,8e+01) | 2.34e+01 |  9:1.8e-02  3:1.2e-01
   85 ,   2551 : 3.4716686554115e+00 +(1e+01,2e+03) | 2.32e+01 |  9:1.6e-02  3:1.0e-01
   86 ,   2581 : 2.9241531788993e+00 +(9e+00,3e+03) | 2.40e+01 |  9:1.7e-02  3:1.1e-01
   87 ,   2611 : 2.7002148981589e+00 +(7e+00,3e+02) | 2.60e+01 |  9:1.9e-02  3:1.2e-01
   88 ,   2641 : 3.2550239049835e+00 +(1e+01,6e+03) | 2.62e+01 |  9:1.8e-02  3:1.2e-01
   89 ,   2671 : 2.6313562125663e+00 +(1e+01,1e+03) | 2.64e+01 |  9:1.7e-02  3:1.2e-01
Iterat, #Fevals:   Function Value    (median,worst) |Axis Ratio|idx:Min SD idx:Max SD
   90 ,   2701 : 2.8471698540998e+00 +(9e+00,1e+02) | 2.70e+01 |  8:1.7e-02  3:1.2e-01
   91 ,   2731 : 3.6140926571090e+00 +(8e+00,8e+01) | 2.58e+01 |  8:1.6e-02  3:1.1e-01
   92 ,   2761 : 3.6262985517464e+00 +(6e+00,6e+02) | 2.72e+01 |  8:1.3e-02  3:9.6e-02
   93 ,   2791 : 2.6026064617759e+00 +(6e+00,8e+01) | 2.81e+01 |  8:1.2e-02  3:9.1e-02
   94 ,   2821 : 2.6719371694810e+00 +(5e+00,8e+01) | 2.81e+01 |  8:1.0e-02  3:7.9e-02
   95 ,   2851 : 2.8458307734959e+00 +(6e+00,1e+02) | 2.81e+01 |  8:1.1e-02  3:8.1e-02
   96 ,   2881 : 2.6818625378095e+00 +(4e+00,4e+01) | 2.88e+01 |  8:9.8e-03  3:7.3e-02
   97 ,   2911 : 2.6797476443741e+00 +(2e+00,6e+01) | 3.02e+01 |  8:8.8e-03  3:6.9e-02
   98 ,   2941 : 2.7786815068671e+00 +(3e+00,3e+01) | 3.08e+01 |  8:8.5e-03  3:6.5e-02
   99 ,   2971 : 2.6954326070580e+00 +(2e+00,4e+01) | 2.97e+01 |  8:8.7e-03  3:6.5e-02
Iterat, #Fevals:   Function Value    (median,worst) |Axis Ratio|idx:Min SD idx:Max SD
  100 ,   3001 : 2.6937551694728e+00 +(2e+00,5e+01) | 3.07e+01 |  8:7.3e-03  3:5.6e-02
  101 ,   3031 : 3.0087189193115e+00 +(1e+00,2e+01) | 3.16e+01 |  8:6.9e-03  3:5.3e-02
  102 ,   3061 : 2.6265585073514e+00 +(1e+00,5e+00) | 3.20e+01 |  8:6.8e-03  3:5.3e-02
  103 ,   3091 : 2.5981705152861e+00 +(1e+00,1e+01) | 3.28e+01 |  8:8.5e-03  3:6.2e-02
  104 ,   3121 : 2.6753491193058e+00 +(1e+00,3e+01) | 3.32e+01 |  8:9.4e-03  3:6.7e-02
  105 ,   3151 : 2.6125503091281e+00 +(2e+00,1e+01) | 3.44e+01 |  8:8.7e-03  3:6.3e-02
  106 ,   3181 : 2.6371566788068e+00 +(2e+00,8e+00) | 3.88e+01 |  8:9.0e-03  3:7.1e-02
  107 ,   3211 : 2.7054121201624e+00 +(2e+00,4e+01) | 4.04e+01 |  8:9.4e-03  3:7.5e-02
  108 ,   3241 : 2.6125362617154e+00 +(1e+00,1e+01) | 4.16e+01 |  8:8.4e-03  3:6.8e-02
  109 ,   3271 : 2.6222044578233e+00 +(8e-01,9e+00) | 4.27e+01 |  1:8.0e-03  3:6.4e-02
Iterat, #Fevals:   Function Value    (median,worst) |Axis Ratio|idx:Min SD idx:Max SD
  110 ,   3301 : 2.6614395309151e+00 +(8e-01,9e+00) | 4.28e+01 |  8:6.9e-03  3:5.4e-02
  111 ,   3331 : 2.6238241984084e+00 +(9e-01,9e+00) | 4.49e+01 |  8:6.5e-03  3:5.1e-02
  112 ,   3361 : 2.6135197565661e+00 +(4e-01,4e+00) | 4.56e+01 |  1:5.9e-03  3:4.8e-02
  113 ,   3391 : 2.6209084693594e+00 +(4e-01,1e+00) | 4.92e+01 |  1:5.5e-03  3:4.7e-02
  114 ,   3421 : 2.6201147684253e+00 +(3e-01,3e+00) | 5.25e+01 |  1:5.3e-03  3:4.7e-02
  115 ,   3451 : 2.5930502626426e+00 +(4e-01,2e+00) | 5.44e+01 |  1:4.3e-03  3:4.0e-02
  116 ,   3481 : 2.6045112058148e+00 +(1e-01,1e+00) | 5.37e+01 |  1:4.5e-03  3:4.0e-02
  117 ,   3511 : 2.5963098164914e+00 +(1e-01,3e+00) | 5.44e+01 |  8:4.2e-03  3:3.7e-02
  118 ,   3541 : 2.5812385240785e+00 +(1e-01,1e+00) | 5.66e+01 |  1:3.9e-03  3:3.6e-02
  119 ,   3571 : 2.5920936607452e+00 +(8e-02,9e-01) | 5.71e+01 |  1:3.7e-03  3:3.5e-02
Iterat, #Fevals:   Function Value    (median,worst) |Axis Ratio|idx:Min SD idx:Max SD
  120 ,   3601 : 2.5941485918565e+00 +(1e-01,6e-01) | 5.97e+01 |  1:3.2e-03  3:3.1e-02
  121 ,   3631 : 2.5839079650461e+00 +(7e-02,5e-01) | 6.12e+01 |  1:3.0e-03  3:3.0e-02
  122 ,   3661 : 2.5916232173127e+00 +(8e-02,7e-01) | 6.30e+01 |  1:2.8e-03  3:2.9e-02
  123 ,   3691 : 2.5934999346055e+00 +(5e-02,5e-01) | 6.73e+01 |  1:2.5e-03  3:2.7e-02
  124 ,   3721 : 2.5921728940599e+00 +(5e-02,2e-01) | 6.93e+01 |  1:2.3e-03  3:2.4e-02
  125 ,   3751 : 2.5858153116396e+00 +(4e-02,1e-01) | 7.13e+01 |  1:2.3e-03  3:2.5e-02
  126 ,   3781 : 2.5827233800816e+00 +(4e-02,3e-01) | 7.27e+01 |  1:2.2e-03  3:2.4e-02
  127 ,   3811 : 2.5883900079808e+00 +(3e-02,4e-01) | 7.82e+01 |  1:2.1e-03  3:2.2e-02
  128 ,   3841 : 2.5861371405957e+00 +(2e-02,2e-01) | 7.89e+01 |  1:1.8e-03  3:2.0e-02
  129 ,   3871 : 2.5843214388493e+00 +(1e-02,9e-02) | 8.41e+01 |  1:2.0e-03  3:2.2e-02
Iterat, #Fevals:   Function Value    (median,worst) |Axis Ratio|idx:Min SD idx:Max SD
  130 ,   3901 : 2.5809815410272e+00 +(2e-02,1e-01) | 9.16e+01 |  1:2.1e-03  3:2.5e-02
  131 ,   3931 : 2.5782900682488e+00 +(2e-02,1e-01) | 9.96e+01 |  1:2.3e-03  3:2.9e-02
  132 ,   3961 : 2.5844549694203e+00 +(3e-02,2e-01) | 1.08e+02 |  7:2.1e-03  3:2.8e-02
  133 ,   3991 : 2.5849470935617e+00 +(2e-02,1e-01) | 1.12e+02 |  7:1.8e-03  3:2.4e-02
  134 ,   4021 : 2.5781321415724e+00 +(1e-02,1e-01) | 1.16e+02 |  7:2.0e-03  3:2.8e-02
  135 ,   4051 : 2.5782271919388e+00 +(3e-02,1e-01) | 1.22e+02 |  7:2.0e-03  3:2.9e-02
  136 ,   4081 : 2.5648997725756e+00 +(3e-02,1e-01) | 1.27e+02 |  7:2.0e-03  3:3.1e-02
  137 ,   4111 : 2.5730757432506e+00 +(2e-02,8e-02) | 1.35e+02 |  7:1.9e-03  3:3.0e-02
  138 ,   4141 : 2.5686638664599e+00 +(3e-02,9e-02) | 1.48e+02 |  7:2.3e-03  3:3.6e-02
  139 ,   4171 : 2.5646227520813e+00 +(2e-02,1e-01) | 1.60e+02 |  7:2.4e-03  3:3.9e-02
Iterat, #Fevals:   Function Value    (median,worst) |Axis Ratio|idx:Min SD idx:Max SD
  140 ,   4201 : 2.5613966757181e+00 +(2e-02,2e-01) | 1.68e+02 |  7:2.1e-03  3:3.5e-02
  141 ,   4231 : 2.5643657015826e+00 +(2e-02,2e-01) | 1.72e+02 |  7:1.8e-03  3:3.1e-02
  142 ,   4261 : 2.5541764631383e+00 +(3e-02,1e-01) | 1.73e+02 |  7:1.8e-03  3:3.1e-02
  143 ,   4291 : 2.5554365126608e+00 +(2e-02,6e-02) | 1.81e+02 |  7:1.8e-03  3:3.3e-02
  144 ,   4321 : 2.5496008344131e+00 +(2e-02,1e-01) | 1.93e+02 |  7:1.8e-03  3:3.6e-02
  145 ,   4351 : 2.5386432283456e+00 +(3e-02,7e-02) | 2.13e+02 |  7:2.2e-03  3:4.6e-02
  146 ,   4381 : 2.5410651032022e+00 +(2e-02,7e-02) | 2.17e+02 |  7:2.2e-03  3:4.8e-02
  147 ,   4411 : 2.5370892797982e+00 +(3e-02,3e-01) | 2.32e+02 |  7:2.6e-03  3:5.9e-02
  148 ,   4441 : 2.5295205714474e+00 +(4e-02,4e-01) | 2.35e+02 |  7:2.4e-03  3:5.7e-02
  149 ,   4471 : 2.5254591083498e+00 +(5e-02,4e-01) | 2.36e+02 |  7:2.4e-03  3:5.7e-02
Iterat, #Fevals:   Function Value    (median,worst) |Axis Ratio|idx:Min SD idx:Max SD
  150 ,   4501 : 2.5194757075201e+00 +(3e-02,2e-01) | 2.52e+02 |  7:2.4e-03  3:6.0e-02
  151 ,   4531 : 2.5107449399810e+00 +(4e-02,3e-01) | 2.63e+02 |  7:2.6e-03  3:6.9e-02
  152 ,   4561 : 2.5084284072220e+00 +(5e-02,6e-01) | 2.81e+02 |  7:2.8e-03  3:7.8e-02
  153 ,   4591 : 2.4814788606955e+00 +(5e-02,3e-01) | 3.03e+02 |  7:2.9e-03  3:8.9e-02
  154 ,   4621 : 2.5022430444249e+00 +(6e-02,1e+00) | 3.25e+02 |  7:2.7e-03  3:8.6e-02
  155 ,   4651 : 2.5038830693815e+00 +(6e-02,6e-01) | 3.24e+02 |  7:2.4e-03  3:7.9e-02
  156 ,   4681 : 2.4971877908639e+00 +(5e-02,4e-01) | 3.29e+02 |  7:2.5e-03  3:8.2e-02
  157 ,   4711 : 2.5090279024780e+00 +(5e-02,5e-01) | 3.21e+02 |  7:2.5e-03  3:8.0e-02
  158 ,   4741 : 2.4853333734966e+00 +(6e-02,3e-01) | 3.14e+02 |  7:2.6e-03  3:8.3e-02
  159 ,   4771 : 2.5005614903032e+00 +(5e-02,3e-01) | 3.03e+02 |  7:2.6e-03  3:8.4e-02
Iterat, #Fevals:   Function Value    (median,worst) |Axis Ratio|idx:Min SD idx:Max SD
  160 ,   4801 : 2.4773472594197e+00 +(6e-02,5e-01) | 3.22e+02 |  7:2.4e-03  3:8.1e-02
  161 ,   4831 : 2.4872052205219e+00 +(6e-02,4e-01) | 3.05e+02 |  7:2.3e-03  3:8.2e-02
  162 ,   4861 : 2.4767632939996e+00 +(7e-02,2e-01) | 3.23e+02 |  7:2.4e-03  3:9.1e-02
  163 ,   4891 : 2.4734080568511e+00 +(1e-01,5e-01) | 3.34e+02 |  7:2.4e-03  3:9.4e-02
  164 ,   4921 : 2.4725586390242e+00 +(4e-02,7e-01) | 3.63e+02 |  7:2.7e-03  3:1.2e-01
  165 ,   4951 : 2.4786997189290e+00 +(1e-01,3e+00) | 3.93e+02 |  7:2.7e-03  3:1.3e-01
  166 ,   4981 : 2.4497661666947e+00 +(1e-01,3e+00) | 4.29e+02 |  7:2.7e-03  3:1.4e-01
  167 ,   5011 : 2.4624164348332e+00 +(1e-01,1e+00) | 4.47e+02 |  7:2.6e-03  3:1.3e-01
  168 ,   5041 : 2.4656261451706e+00 +(6e-02,9e-01) | 4.63e+02 |  7:2.3e-03  3:1.2e-01
  169 ,   5071 : 2.4602646856421e+00 +(2e-01,2e+00) | 5.14e+02 |  7:2.4e-03  3:1.3e-01
Iterat, #Fevals:   Function Value    (median,worst) |Axis Ratio|idx:Min SD idx:Max SD
  170 ,   5101 : 2.4643210311476e+00 +(6e-02,1e+00) | 4.85e+02 |  7:2.6e-03  3:1.4e-01
  171 ,   5131 : 2.4763606977217e+00 +(1e-01,2e+00) | 4.96e+02 |  7:3.1e-03  3:1.7e-01
  172 ,   5161 : 2.4686564018712e+00 +(9e-02,6e-01) | 5.04e+02 |  7:3.3e-03  3:1.8e-01
  173 ,   5191 : 2.4655481821349e+00 +(9e-02,1e+00) | 4.50e+02 |  7:4.0e-03  3:2.2e-01
  174 ,   5221 : 2.4644964140197e+00 +(3e-01,8e+00) | 4.45e+02 |  7:3.9e-03  3:2.1e-01
  175 ,   5251 : 2.4710135268396e+00 +(2e-01,2e+00) | 4.29e+02 |  7:3.5e-03  3:1.8e-01
  176 ,   5281 : 2.4689380828185e+00 +(2e-01,6e+00) | 4.27e+02 |  7:3.1e-03  3:1.6e-01
  177 ,   5311 : 2.4641665012442e+00 +(1e-01,3e+00) | 4.41e+02 |  7:2.6e-03  3:1.5e-01
  178 ,   5341 : 2.4641186408068e+00 +(1e-01,4e-01) | 4.60e+02 |  7:2.3e-03  3:1.3e-01
  179 ,   5371 : 2.4646854529886e+00 +(9e-02,1e+00) | 4.55e+02 |  7:2.1e-03  3:1.2e-01
Iterat, #Fevals:   Function Value    (median,worst) |Axis Ratio|idx:Min SD idx:Max SD
  180 ,   5401 : 2.4577475151591e+00 +(6e-02,5e-01) | 4.70e+02 |  7:2.0e-03  3:1.1e-01
  181 ,   5431 : 2.4626717011562e+00 +(4e-02,5e-01) | 4.62e+02 |  7:2.1e-03  3:1.2e-01
  182 ,   5461 : 2.4702578348611e+00 +(5e-02,5e-01) | 4.58e+02 |  7:2.0e-03  3:1.1e-01
  183 ,   5491 : 2.4501607272000e+00 +(4e-02,4e-01) | 4.50e+02 |  7:2.2e-03  3:1.2e-01
  184 ,   5521 : 2.4568520293214e+00 +(6e-02,1e+00) | 4.48e+02 |  7:2.1e-03  3:1.2e-01
  185 ,   5551 : 2.4553983951153e+00 +(5e-02,3e-01) | 5.01e+02 |  7:2.2e-03  3:1.3e-01
  186 ,   5581 : 2.4599250908304e+00 +(4e-02,7e-01) | 5.06e+02 |  7:2.3e-03  3:1.4e-01
  187 ,   5611 : 2.4603663673119e+00 +(7e-02,7e-01) | 5.31e+02 |  7:2.2e-03  3:1.4e-01
  188 ,   5641 : 2.4571498464524e+00 +(4e-02,6e-01) | 5.26e+02 |  7:2.0e-03  3:1.3e-01
  189 ,   5671 : 2.4556338563351e+00 +(4e-02,7e-01) | 5.03e+02 |  7:1.8e-03  3:1.2e-01
Iterat, #Fevals:   Function Value    (median,worst) |Axis Ratio|idx:Min SD idx:Max SD
  190 ,   5701 : 2.4549983417691e+00 +(2e-02,2e-01) | 5.17e+02 |  7:1.7e-03  3:1.1e-01
  191 ,   5731 : 2.4539977682126e+00 +(3e-02,2e-01) | 4.91e+02 |  7:1.6e-03  3:1.0e-01
  192 ,   5761 : 2.4527033252924e+00 +(3e-02,5e-01) | 5.10e+02 |  7:1.4e-03  3:9.5e-02
  193 ,   5791 : 2.4505988066567e+00 +(2e-02,2e-01) | 5.07e+02 |  7:1.1e-03  3:7.9e-02
  194 ,   5821 : 2.4569035953506e+00 +(1e-02,8e-02) | 5.30e+02 |  7:1.1e-03  3:7.5e-02
  195 ,   5851 : 2.4514322059039e+00 +(2e-02,5e-02) | 5.43e+02 |  7:9.0e-04  3:6.0e-02
  196 ,   5881 : 2.4547391490043e+00 +(7e-03,7e-02) | 5.61e+02 |  7:7.7e-04  3:5.2e-02
  197 ,   5911 : 2.4487128685165e+00 +(1e-02,4e-02) | 5.54e+02 |  7:6.6e-04  3:4.4e-02
  198 ,   5941 : 2.4472886458821e+00 +(1e-02,3e-02) | 5.50e+02 |  7:6.7e-04  3:4.5e-02
  199 ,   5971 : 2.4474961654597e+00 +(1e-02,5e-02) | 5.68e+02 |  7:6.2e-04  3:4.1e-02
Iterat, #Fevals:   Function Value    (median,worst) |Axis Ratio|idx:Min SD idx:Max SD
  200 ,   6001 : 2.4513490424531e+00 +(7e-03,2e-02) | 5.59e+02 |  7:5.4e-04  3:3.6e-02
  201 ,   6031 : 2.4532512007122e+00 +(4e-03,1e-02) | 5.46e+02 |  7:4.8e-04  3:3.2e-02
  202 ,   6061 : 2.4515593372329e+00 +(5e-03,2e-02) | 5.43e+02 |  7:4.3e-04  3:2.7e-02
  203 ,   6091 : 2.4524776951599e+00 +(4e-03,2e-02) | 5.30e+02 |  7:3.8e-04  3:2.4e-02
  204 ,   6121 : 2.4490041874068e+00 +(7e-03,2e-02) | 5.30e+02 |  7:3.3e-04  3:2.2e-02
  205 ,   6151 : 2.4486213912788e+00 +(8e-03,1e-02) | 5.21e+02 |  7:3.3e-04  3:2.1e-02
  206 ,   6181 : 2.4476664001483e+00 +(8e-03,2e-02) | 5.53e+02 |  7:3.5e-04  3:2.3e-02
  207 ,   6211 : 2.4472130346362e+00 +(8e-03,2e-02) | 5.73e+02 |  7:3.5e-04  3:2.4e-02
  208 ,   6241 : 2.4496939253994e+00 +(6e-03,1e-02) | 6.02e+02 |  7:3.4e-04  3:2.3e-02
  209 ,   6271 : 2.4499462267537e+00 +(6e-03,1e-02) | 6.09e+02 |  7:3.2e-04  3:2.2e-02
Iterat, #Fevals:   Function Value    (median,worst) |Axis Ratio|idx:Min SD idx:Max SD
  210 ,   6301 : 2.4487915235219e+00 +(7e-03,1e-02) | 7.42e+02 |  7:3.9e-04  3:2.9e-02
  211 ,   6331 : 2.4464492870171e+00 +(8e-03,2e-02) | 8.55e+02 |  7:4.8e-04  3:3.6e-02
  212 ,   6361 : 2.4498524648820e+00 +(5e-03,2e-02) | 8.80e+02 |  7:4.6e-04  3:3.6e-02
  213 ,   6391 : 2.4466835670680e+00 +(9e-03,2e-02) | 9.17e+02 |  7:4.9e-04  3:3.8e-02
  214 ,   6421 : 2.4495655139195e+00 +(5e-03,1e-02) | 8.97e+02 |  7:4.0e-04  3:3.1e-02
  215 ,   6451 : 2.4466342092672e+00 +(9e-03,2e-02) | 8.70e+02 |  7:3.6e-04  3:2.8e-02
  216 ,   6481 : 2.4474081774185e+00 +(8e-03,2e-02) | 9.28e+02 |  7:4.6e-04  3:3.6e-02
  217 ,   6511 : 2.4505210932071e+00 +(5e-03,2e-02) | 9.08e+02 |  7:4.6e-04  3:3.7e-02
  218 ,   6541 : 2.4444258650376e+00 +(1e-02,2e-02) | 8.96e+02 |  7:4.4e-04  3:3.5e-02
  219 ,   6571 : 2.4442900090291e+00 +(1e-02,2e-02) | 9.27e+02 |  7:5.0e-04  3:3.8e-02
Iterat, #Fevals:   Function Value    (median,worst) |Axis Ratio|idx:Min SD idx:Max SD
  220 ,   6601 : 2.4437187198220e+00 +(1e-02,3e-02) | 9.43e+02 |  7:4.7e-04  3:3.6e-02
  221 ,   6631 : 2.4441388952608e+00 +(1e-02,2e-02) | 9.76e+02 |  7:5.2e-04  3:3.9e-02
  222 ,   6661 : 2.4453758345130e+00 +(1e-02,2e-02) | 9.75e+02 |  7:4.8e-04  3:3.5e-02
  223 ,   6691 : 2.4468744026658e+00 +(8e-03,2e-02) | 9.79e+02 |  7:4.8e-04  3:3.5e-02
  224 ,   6721 : 2.4459124407095e+00 +(8e-03,2e-02) | 9.69e+02 |  7:4.2e-04  3:3.1e-02
  225 ,   6751 : 2.4434537532222e+00 +(1e-02,2e-02) | 9.50e+02 |  7:3.8e-04  3:2.9e-02
  226 ,   6781 : 2.4462713895156e+00 +(1e-02,2e-02) | 9.33e+02 |  7:4.4e-04  3:3.4e-02
  227 ,   6811 : 2.4457652963749e+00 +(1e-02,2e-02) | 9.38e+02 |  7:3.7e-04  3:2.8e-02
  228 ,   6841 : 2.4450531831191e+00 +(9e-03,2e-02) | 9.43e+02 |  7:3.7e-04  3:2.7e-02
  229 ,   6871 : 2.4458176399637e+00 +(8e-03,2e-02) | 8.96e+02 |  7:3.9e-04  3:2.8e-02
Iterat, #Fevals:   Function Value    (median,worst) |Axis Ratio|idx:Min SD idx:Max SD
  230 ,   6901 : 2.4496986387545e+00 +(6e-03,2e-02) | 9.28e+02 |  7:3.4e-04  3:2.5e-02
  231 ,   6931 : 2.4414875508760e+00 +(1e-02,2e-02) | 9.36e+02 |  7:2.9e-04  3:2.2e-02
  232 ,   6961 : 2.4468826954312e+00 +(8e-03,2e-02) | 9.16e+02 |  7:2.7e-04  3:2.1e-02
  233 ,   6991 : 2.4426546982675e+00 +(1e-02,2e-02) | 9.00e+02 |  7:2.7e-04  3:2.0e-02
  234 ,   7021 : 2.4463093702067e+00 +(9e-03,2e-02) | 9.31e+02 |  7:2.5e-04  3:1.9e-02
  235 ,   7051 : 2.4413452388251e+00 +(1e-02,2e-02) | 9.12e+02 |  7:2.5e-04  3:1.9e-02
  236 ,   7081 : 2.4464389050288e+00 +(8e-03,1e-02) | 9.01e+02 |  7:2.2e-04  3:1.7e-02
  237 ,   7111 : 2.4430759816187e+00 +(1e-02,2e-02) | 8.99e+02 |  7:2.0e-04  3:1.5e-02
  238 ,   7141 : 2.4380015743152e+00 +(2e-02,3e-02) | 8.32e+02 |  7:2.0e-04  3:1.5e-02
  239 ,   7171 : 2.4456297495378e+00 +(9e-03,2e-02) | 8.53e+02 |  7:1.9e-04  3:1.4e-02
Iterat, #Fevals:   Function Value    (median,worst) |Axis Ratio|idx:Min SD idx:Max SD
  240 ,   7201 : 2.4434023511750e+00 +(1e-02,2e-02) | 8.76e+02 |  7:1.7e-04  3:1.3e-02
  241 ,   7231 : 2.4426119035280e+00 +(1e-02,2e-02) | 8.81e+02 |  7:1.9e-04  3:1.5e-02
  242 ,   7261 : 2.4468333545483e+00 +(9e-03,2e-02) | 8.71e+02 |  7:2.2e-04  3:1.7e-02
  243 ,   7291 : 2.4426945904205e+00 +(1e-02,2e-02) | 8.30e+02 |  7:2.1e-04  3:1.5e-02
  244 ,   7321 : 2.4446400104773e+00 +(1e-02,2e-02) | 7.92e+02 |  7:2.1e-04  3:1.5e-02
  245 ,   7351 : 2.4434286720298e+00 +(1e-02,2e-02) | 7.64e+02 |  7:2.2e-04  3:1.5e-02
  246 ,   7381 : 2.4467696874708e+00 +(8e-03,2e-02) | 7.71e+02 |  7:2.2e-04  3:1.5e-02
  247 ,   7411 : 2.4457501670509e+00 +(1e-02,2e-02) | 7.63e+02 |  7:2.0e-04  3:1.4e-02
  248 ,   7441 : 2.4485321349219e+00 +(7e-03,2e-02) | 7.79e+02 |  7:2.3e-04  3:1.5e-02
  249 ,   7471 : 2.4451010282648e+00 +(8e-03,2e-02) | 8.24e+02 |  7:2.4e-04  3:1.6e-02
Iterat, #Fevals:   Function Value    (median,worst) |Axis Ratio|idx:Min SD idx:Max SD
  250 ,   7501 : 2.4459982641075e+00 +(8e-03,2e-02) | 8.34e+02 |  7:2.5e-04  3:1.7e-02
  251 ,   7531 : 2.4471395609932e+00 +(9e-03,2e-02) | 8.78e+02 |  7:2.6e-04  3:1.7e-02
  252 ,   7561 : 2.4474400164281e+00 +(7e-03,2e-02) | 9.01e+02 |  7:2.7e-04  3:1.8e-02
  253 ,   7591 : 2.4477171691603e+00 +(9e-03,2e-02) | 9.29e+02 |  7:2.4e-04  3:1.7e-02
  254 ,   7621 : 2.4406523372712e+00 +(1e-02,2e-02) | 9.36e+02 |  7:2.2e-04  3:1.5e-02
  255 ,   7651 : 2.4458932645003e+00 +(8e-03,2e-02) | 9.84e+02 |  7:2.4e-04  3:1.6e-02
  256 ,   7681 : 2.4456625286067e+00 +(1e-02,2e-02) | 1.05e+03 |  7:2.6e-04  3:1.8e-02
  257 ,   7711 : 2.4499200290662e+00 +(5e-03,2e-02) | 1.03e+03 |  7:2.5e-04  3:1.7e-02
  258 ,   7741 : 2.4459731331112e+00 +(8e-03,2e-02) | 1.03e+03 |  7:2.5e-04  3:1.7e-02
  259 ,   7771 : 2.4481897698606e+00 +(7e-03,2e-02) | 1.00e+03 |  7:2.6e-04  3:1.8e-02
Iterat, #Fevals:   Function Value    (median,worst) |Axis Ratio|idx:Min SD idx:Max SD
  260 ,   7801 : 2.4475155362861e+00 +(1e-02,2e-02) | 9.90e+02 |  7:2.6e-04  3:1.8e-02
  261 ,   7831 : 2.4469015108279e+00 +(8e-03,2e-02) | 1.04e+03 |  7:2.3e-04  3:1.7e-02
  262 ,   7861 : 2.4400856039627e+00 +(2e-02,2e-02) | 1.08e+03 |  7:2.0e-04  3:1.5e-02
  263 ,   7891 : 2.4433403743009e+00 +(1e-02,2e-02) | 1.08e+03 |  7:1.7e-04  3:1.3e-02
  264 ,   7921 : 2.4463482358240e+00 +(6e-03,2e-02) | 1.08e+03 |  7:1.6e-04  3:1.2e-02
  265 ,   7951 : 2.4422107705071e+00 +(1e-02,3e-02) | 1.20e+03 |  7:1.6e-04  3:1.4e-02
  266 ,   7981 : 2.4471483015919e+00 +(9e-03,2e-02) | 1.24e+03 |  7:1.4e-04  3:1.3e-02
  267 ,   8011 : 2.4431266198165e+00 +(1e-02,2e-02) | 1.31e+03 |  7:1.7e-04  3:1.5e-02
  268 ,   8041 : 2.4431842900107e+00 +(1e-02,2e-02) | 1.32e+03 |  7:2.1e-04  3:1.8e-02
  269 ,   8071 : 2.4457434188870e+00 +(1e-02,2e-02) | 1.32e+03 |  7:2.0e-04  3:1.7e-02
Iterat, #Fevals:   Function Value    (median,worst) |Axis Ratio|idx:Min SD idx:Max SD
  270 ,   8101 : 2.4468670193807e+00 +(7e-03,2e-02) | 1.40e+03 |  7:2.2e-04  3:1.9e-02
  271 ,   8131 : 2.4459406944465e+00 +(8e-03,2e-02) | 1.48e+03 |  7:1.9e-04  3:1.7e-02
  272 ,   8161 : 2.4460873387179e+00 +(1e-02,2e-02) | 1.52e+03 |  7:1.6e-04  3:1.5e-02
  273 ,   8191 : 2.4433834196422e+00 +(1e-02,2e-02) | 1.56e+03 |  7:1.6e-04  3:1.4e-02
  274 ,   8221 : 2.4448287910890e+00 +(1e-02,2e-02) | 1.69e+03 |  7:1.7e-04  3:1.7e-02
  275 ,   8251 : 2.4421230303996e+00 +(1e-02,2e-02) | 1.68e+03 |  7:2.2e-04  3:2.0e-02
  276 ,   8281 : 2.4468685403982e+00 +(7e-03,2e-02) | 1.71e+03 |  7:2.2e-04  3:2.1e-02
  277 ,   8311 : 2.4449836708411e+00 +(1e-02,2e-02) | 1.75e+03 |  7:2.6e-04  3:2.2e-02
  278 ,   8341 : 2.4462891483349e+00 +(1e-02,2e-02) | 1.73e+03 |  7:2.6e-04  3:2.1e-02
  279 ,   8371 : 2.4440345263153e+00 +(1e-02,2e-02) | 1.69e+03 |  7:2.2e-04  3:1.8e-02
Iterat, #Fevals:   Function Value    (median,worst) |Axis Ratio|idx:Min SD idx:Max SD
  280 ,   8401 : 2.4440683128430e+00 +(1e-02,2e-02) | 1.65e+03 |  7:2.1e-04  3:1.7e-02
  281 ,   8431 : 2.4416639550124e+00 +(1e-02,2e-02) | 1.57e+03 |  7:2.0e-04  3:1.7e-02
  282 ,   8461 : 2.4393887899138e+00 +(1e-02,3e-02) | 1.55e+03 |  7:2.1e-04  3:1.8e-02
  283 ,   8491 : 2.4456346525407e+00 +(9e-03,2e-02) | 1.54e+03 |  7:2.0e-04  3:1.7e-02
  284 ,   8521 : 2.4466859699809e+00 +(8e-03,2e-02) | 1.49e+03 |  7:1.7e-04  3:1.5e-02
  285 ,   8551 : 2.4401244810664e+00 +(1e-02,2e-02) | 1.49e+03 |  7:1.7e-04  3:1.5e-02
  286 ,   8581 : 2.4383352499504e+00 +(1e-02,3e-02) | 1.35e+03 |  7:1.7e-04  3:1.6e-02
  287 ,   8611 : 2.4458838616746e+00 +(8e-03,2e-02) | 1.27e+03 |  7:1.5e-04  3:1.3e-02
  288 ,   8641 : 2.4441083940563e+00 +(9e-03,2e-02) | 1.29e+03 |  7:1.5e-04  3:1.3e-02
  289 ,   8671 : 2.4435176145356e+00 +(1e-02,2e-02) | 1.29e+03 |  7:1.6e-04  3:1.3e-02
Iterat, #Fevals:   Function Value    (median,worst) |Axis Ratio|idx:Min SD idx:Max SD
  290 ,   8701 : 2.4450477570350e+00 +(9e-03,2e-02) | 1.35e+03 |  7:1.5e-04  3:1.3e-02
  291 ,   8731 : 2.4422115134891e+00 +(1e-02,2e-02) | 1.39e+03 |  7:1.6e-04  3:1.4e-02
  292 ,   8761 : 2.4416731558255e+00 +(1e-02,2e-02) | 1.38e+03 |  7:1.4e-04  3:1.2e-02
  293 ,   8791 : 2.4481648315352e+00 +(8e-03,1e-02) | 1.39e+03 |  7:1.4e-04  3:1.2e-02
  294 ,   8821 : 2.4443427379294e+00 +(1e-02,2e-02) | 1.40e+03 |  7:1.6e-04  3:1.4e-02
  295 ,   8851 : 2.4423252693822e+00 +(1e-02,2e-02) | 1.30e+03 |  7:1.8e-04  3:1.5e-02
  296 ,   8881 : 2.4482286113599e+00 +(6e-03,2e-02) | 1.27e+03 |  7:1.8e-04  3:1.5e-02
  297 ,   8911 : 2.4433731061272e+00 +(1e-02,2e-02) | 1.23e+03 |  7:1.7e-04  3:1.4e-02
  298 ,   8941 : 2.4463240300197e+00 +(9e-03,2e-02) | 1.31e+03 |  7:2.2e-04  3:1.7e-02
  299 ,   8971 : 2.4463609975334e+00 +(8e-03,2e-02) | 1.25e+03 |  7:2.2e-04  3:1.7e-02
Iterat, #Fevals:   Function Value    (median,worst) |Axis Ratio|idx:Min SD idx:Max SD
  300 ,   9001 : 2.4463655225110e+00 +(1e-02,2e-02) | 1.31e+03 |  7:2.1e-04  3:1.7e-02
  301 ,   9031 : 2.4460083777650e+00 +(7e-03,2e-02) | 1.34e+03 |  7:2.1e-04  3:1.8e-02
  302 ,   9061 : 2.4481724258383e+00 +(8e-03,2e-02) | 1.37e+03 |  7:2.0e-04  3:1.6e-02
  303 ,   9091 : 2.4462235136810e+00 +(8e-03,2e-02) | 1.36e+03 |  7:1.8e-04  3:1.5e-02
  304 ,   9121 : 2.4458531542414e+00 +(8e-03,2e-02) | 1.57e+03 |  7:2.1e-04  3:1.9e-02
  305 ,   9151 : 2.4468184798989e+00 +(9e-03,2e-02) | 1.70e+03 |  7:2.3e-04  3:2.3e-02
  306 ,   9181 : 2.4421482633695e+00 +(1e-02,2e-02) | 1.75e+03 |  7:2.2e-04  3:2.2e-02
  307 ,   9211 : 2.4400372220363e+00 +(1e-02,3e-02) | 1.66e+03 |  7:2.0e-04  3:1.8e-02
  308 ,   9241 : 2.4459094125454e+00 +(8e-03,2e-02) | 1.67e+03 |  7:1.9e-04  3:1.8e-02
  309 ,   9271 : 2.4413787651846e+00 +(1e-02,2e-02) | 1.61e+03 |  7:1.8e-04  3:1.8e-02
Iterat, #Fevals:   Function Value    (median,worst) |Axis Ratio|idx:Min SD idx:Max SD
  310 ,   9301 : 2.4454507970011e+00 +(9e-03,2e-02) | 1.61e+03 |  7:1.6e-04  3:1.5e-02
  311 ,   9331 : 2.4443592705371e+00 +(1e-02,2e-02) | 1.49e+03 |  7:1.7e-04  3:1.7e-02
  312 ,   9361 : 2.4486511798714e+00 +(7e-03,2e-02) | 1.47e+03 |  7:1.6e-04  3:1.6e-02
  313 ,   9391 : 2.4415442239420e+00 +(1e-02,2e-02) | 1.47e+03 |  7:1.5e-04  3:1.6e-02
  314 ,   9421 : 2.4404218410019e+00 +(1e-02,3e-02) | 1.52e+03 |  7:1.5e-04  3:1.6e-02
  315 ,   9451 : 2.4432210366657e+00 +(1e-02,2e-02) | 1.54e+03 |  7:1.5e-04  3:1.6e-02
  316 ,   9481 : 2.4376705011902e+00 +(2e-02,3e-02) | 1.54e+03 |  7:1.4e-04  3:1.4e-02
  317 ,   9511 : 2.4462146533549e+00 +(8e-03,2e-02) | 1.73e+03 |  7:1.5e-04  3:1.6e-02
  318 ,   9541 : 2.4418505382929e+00 +(1e-02,2e-02) | 1.72e+03 |  7:1.5e-04  3:1.6e-02
  319 ,   9571 : 2.4391843000132e+00 +(2e-02,2e-02) | 1.69e+03 |  7:1.6e-04  3:1.7e-02
Iterat, #Fevals:   Function Value    (median,worst) |Axis Ratio|idx:Min SD idx:Max SD
  320 ,   9601 : 2.4451991564253e+00 +(1e-02,2e-02) | 1.67e+03 |  7:1.8e-04  3:1.9e-02
  321 ,   9631 : 2.4486917201756e+00 +(7e-03,2e-02) | 1.73e+03 |  7:1.6e-04  3:1.7e-02
  322 ,   9661 : 2.4461688282301e+00 +(9e-03,2e-02) | 1.73e+03 |  7:1.5e-04  3:1.6e-02
  323 ,   9691 : 2.4453592498979e+00 +(7e-03,2e-02) | 1.73e+03 |  7:1.6e-04  3:1.7e-02
  324 ,   9721 : 2.4345022404282e+00 +(2e-02,3e-02) | 1.78e+03 |  7:1.6e-04  3:1.7e-02
  325 ,   9751 : 2.4440833852714e+00 +(1e-02,2e-02) | 1.76e+03 |  7:1.5e-04  3:1.6e-02
  326 ,   9781 : 2.4461343969136e+00 +(8e-03,3e-02) | 1.75e+03 |  7:1.4e-04  3:1.5e-02
  327 ,   9811 : 2.4458540544730e+00 +(9e-03,2e-02) | 1.78e+03 |  7:1.3e-04  3:1.5e-02
  328 ,   9841 : 2.4395077909466e+00 +(1e-02,2e-02) | 1.74e+03 |  7:1.3e-04  3:1.4e-02
  329 ,   9871 : 2.4446389425273e+00 +(9e-03,2e-02) | 1.70e+03 |  7:1.4e-04  3:1.5e-02
Iterat, #Fevals:   Function Value    (median,worst) |Axis Ratio|idx:Min SD idx:Max SD
  330 ,   9901 : 2.4471561403546e+00 +(7e-03,2e-02) | 1.80e+03 |  7:1.3e-04  3:1.4e-02
  331 ,   9931 : 2.4425597218091e+00 +(1e-02,2e-02) | 1.79e+03 |  7:1.4e-04  3:1.5e-02
  332 ,   9961 : 2.4470673559468e+00 +(8e-03,2e-02) | 1.96e+03 |  7:1.4e-04  3:1.5e-02
  333 ,   9991 : 2.4425083491326e+00 +(1e-02,3e-02) | 1.99e+03 |  7:1.3e-04  3:1.4e-02
  334 ,  10021 : 2.4452337942571e+00 +(1e-02,2e-02) | 1.92e+03 |  7:1.3e-04  3:1.5e-02
  335 ,  10051 : 2.4460947068688e+00 +(9e-03,2e-02) | 1.89e+03 |  7:1.3e-04  3:1.5e-02
  336 ,  10081 : 2.4395810277604e+00 +(2e-02,3e-02) | 1.89e+03 |  7:1.2e-04  3:1.3e-02
  337 ,  10111 : 2.4399969028995e+00 +(1e-02,2e-02) | 1.95e+03 |  7:1.2e-04  3:1.2e-02
  338 ,  10141 : 2.4451368551994e+00 +(8e-03,2e-02) | 2.05e+03 |  7:1.1e-04  3:1.2e-02
  339 ,  10171 : 2.4463470695754e+00 +(8e-03,2e-02) | 2.07e+03 |  7:1.1e-04  3:1.2e-02
Iterat, #Fevals:   Function Value    (median,worst) |Axis Ratio|idx:Min SD idx:Max SD
  340 ,  10201 : 2.4438400432810e+00 +(1e-02,2e-02) | 2.16e+03 |  7:1.1e-04  3:1.2e-02
  341 ,  10231 : 2.4418580191323e+00 +(1e-02,3e-02) | 2.20e+03 |  7:1.3e-04  3:1.4e-02
  342 ,  10261 : 2.4421227827683e+00 +(1e-02,2e-02) | 2.24e+03 |  7:1.2e-04  3:1.2e-02
  343 ,  10291 : 2.4405283854185e+00 +(1e-02,2e-02) | 2.20e+03 |  7:1.1e-04  3:1.1e-02
  344 ,  10321 : 2.4408300700107e+00 +(1e-02,2e-02) | 2.18e+03 |  7:1.2e-04  3:1.2e-02
  345 ,  10351 : 2.4445985482434e+00 +(1e-02,2e-02) | 2.28e+03 |  7:1.4e-04  3:1.3e-02
  346 ,  10381 : 2.4458982029990e+00 +(1e-02,2e-02) | 2.30e+03 |  7:1.6e-04  3:1.5e-02
  347 ,  10411 : 2.4456786652473e+00 +(8e-03,2e-02) | 2.30e+03 |  7:1.5e-04  3:1.4e-02
  348 ,  10441 : 2.4402570703736e+00 +(1e-02,3e-02) | 2.31e+03 |  7:1.5e-04  3:1.4e-02
  349 ,  10471 : 2.4421518572810e+00 +(1e-02,3e-02) | 2.35e+03 |  7:1.3e-04  3:1.3e-02
Iterat, #Fevals:   Function Value    (median,worst) |Axis Ratio|idx:Min SD idx:Max SD
  350 ,  10501 : 2.4430552265560e+00 +(1e-02,2e-02) | 2.17e+03 |  7:1.2e-04  3:1.1e-02
  351 ,  10531 : 2.4451384796246e+00 +(8e-03,2e-02) | 2.36e+03 |  7:1.1e-04  3:1.1e-02
  352 ,  10561 : 2.4449483694140e+00 +(9e-03,2e-02) | 2.39e+03 |  7:9.7e-05  3:9.9e-03
  353 ,  10591 : 2.4450164645258e+00 +(9e-03,2e-02) | 2.30e+03 |  7:9.0e-05  3:8.7e-03
  354 ,  10621 : 2.4463071045392e+00 +(8e-03,2e-02) | 2.27e+03 |  7:8.2e-05  3:7.7e-03
  355 ,  10651 : 2.4421019392615e+00 +(1e-02,2e-02) | 2.25e+03 |  7:7.3e-05  3:6.8e-03
  356 ,  10681 : 2.4429640502022e+00 +(1e-02,2e-02) | 2.32e+03 |  7:6.1e-05  3:5.7e-03
  357 ,  10711 : 2.4416913923492e+00 +(1e-02,2e-02) | 2.41e+03 |  7:5.4e-05  3:5.4e-03
  358 ,  10741 : 2.4392639797118e+00 +(1e-02,2e-02) | 2.45e+03 |  7:5.5e-05  3:5.2e-03
  359 ,  10771 : 2.4417962438924e+00 +(1e-02,2e-02) | 2.43e+03 |  7:5.2e-05  3:5.0e-03
Iterat, #Fevals:   Function Value    (median,worst) |Axis Ratio|idx:Min SD idx:Max SD
  360 ,  10801 : 2.4418725657317e+00 +(1e-02,2e-02) | 2.39e+03 |  7:4.6e-05  3:4.3e-03
  361 ,  10831 : 2.4414689776968e+00 +(1e-02,2e-02) | 2.44e+03 |  7:4.2e-05  3:4.1e-03
  362 ,  10861 : 2.4442410962244e+00 +(1e-02,3e-02) | 2.57e+03 |  7:4.1e-05  3:4.1e-03
  363 ,  10891 : 2.4453101854006e+00 +(9e-03,2e-02) | 2.49e+03 |  7:3.9e-05  3:4.0e-03
  364 ,  10921 : 2.4457280801196e+00 +(9e-03,2e-02) | 2.50e+03 |  7:3.7e-05  3:3.6e-03
  365 ,  10951 : 2.4387179550706e+00 +(2e-02,3e-02) | 2.53e+03 |  7:3.6e-05  3:3.4e-03
  366 ,  10981 : 2.4404015819732e+00 +(1e-02,2e-02) | 2.63e+03 |  7:3.6e-05  3:3.6e-03
  367 ,  11011 : 2.4455068799931e+00 +(8e-03,2e-02) | 2.54e+03 |  7:4.0e-05  3:4.1e-03
  368 ,  11041 : 2.4462129547939e+00 +(5e-03,2e-02) | 2.47e+03 |  7:3.4e-05  3:3.5e-03
  369 ,  11071 : 2.4418682965715e+00 +(1e-02,2e-02) | 2.41e+03 |  7:2.9e-05  3:3.0e-03
Iterat, #Fevals:   Function Value    (median,worst) |Axis Ratio|idx:Min SD idx:Max SD
  370 ,  11101 : 2.4430090526855e+00 +(2e-02,3e-02) | 2.45e+03 |  7:3.2e-05  3:3.3e-03
  371 ,  11131 : 2.4425232165692e+00 +(1e-02,2e-02) | 2.45e+03 |  7:3.3e-05  3:3.5e-03
  372 ,  11161 : 2.4399946948715e+00 +(1e-02,2e-02) | 2.42e+03 |  7:4.3e-05  3:4.5e-03
  373 ,  11191 : 2.4418447099578e+00 +(1e-02,2e-02) | 2.45e+03 |  7:4.8e-05  3:4.8e-03
  374 ,  11221 : 2.4421073583497e+00 +(1e-02,2e-02) | 2.46e+03 |  7:4.6e-05  3:4.5e-03
  375 ,  11251 : 2.4480809561625e+00 +(6e-03,2e-02) | 2.43e+03 |  7:4.6e-05  3:4.8e-03
  376 ,  11281 : 2.4434286438960e+00 +(1e-02,2e-02) | 2.52e+03 |  7:4.0e-05  3:4.4e-03
  377 ,  11311 : 2.4393096423317e+00 +(2e-02,3e-02) | 2.56e+03 |  7:3.6e-05  3:3.8e-03
  378 ,  11341 : 2.4453131465191e+00 +(8e-03,2e-02) | 2.58e+03 |  7:2.8e-05  3:3.2e-03
  379 ,  11371 : 2.4448341619510e+00 +(1e-02,2e-02) | 2.66e+03 |  7:2.9e-05  3:3.2e-03
Iterat, #Fevals:   Function Value    (median,worst) |Axis Ratio|idx:Min SD idx:Max SD
  380 ,  11401 : 2.4440345345321e+00 +(1e-02,3e-02) | 2.65e+03 |  7:2.7e-05  3:3.0e-03
  381 ,  11431 : 2.4457978255666e+00 +(9e-03,2e-02) | 2.59e+03 |  7:2.7e-05  3:3.0e-03
  382 ,  11461 : 2.4414932428740e+00 +(1e-02,2e-02) | 2.46e+03 |  7:2.9e-05  3:3.1e-03
  383 ,  11491 : 2.4450977365456e+00 +(8e-03,2e-02) | 2.46e+03 |  7:2.7e-05  3:2.9e-03
  384 ,  11521 : 2.4419542231574e+00 +(1e-02,2e-02) | 2.48e+03 |  7:3.3e-05  3:3.5e-03
  385 ,  11551 : 2.4424731621437e+00 +(1e-02,2e-02) | 2.47e+03 |  7:3.5e-05  3:3.7e-03
  386 ,  11581 : 2.4418084638246e+00 +(1e-02,2e-02) | 2.62e+03 |  7:3.6e-05  3:3.7e-03
  387 ,  11611 : 2.4421839839791e+00 +(1e-02,2e-02) | 2.52e+03 |  7:3.6e-05  3:3.6e-03
  388 ,  11641 : 2.4465621301630e+00 +(7e-03,2e-02) | 2.55e+03 |  7:3.7e-05  3:3.7e-03
  389 ,  11671 : 2.4440695868722e+00 +(1e-02,2e-02) | 2.61e+03 |  7:3.1e-05  3:3.2e-03
Iterat, #Fevals:   Function Value    (median,worst) |Axis Ratio|idx:Min SD idx:Max SD
  390 ,  11701 : 2.4414357662628e+00 +(1e-02,3e-02) | 2.64e+03 |  7:3.1e-05  3:3.1e-03
  391 ,  11731 : 2.4375514970117e+00 +(2e-02,3e-02) | 2.61e+03 |  7:2.8e-05  3:2.8e-03
  392 ,  11761 : 2.4457580468341e+00 +(9e-03,2e-02) | 2.44e+03 |  7:2.5e-05  3:2.4e-03
  393 ,  11791 : 2.4441551575690e+00 +(9e-03,2e-02) | 2.43e+03 |  7:2.4e-05  3:2.3e-03
  394 ,  11821 : 2.4423923726225e+00 +(1e-02,2e-02) | 2.32e+03 |  7:2.6e-05  3:2.5e-03
  395 ,  11851 : 2.4462311841042e+00 +(8e-03,2e-02) | 2.32e+03 |  7:2.7e-05  3:2.7e-03
  396 ,  11881 : 2.4429834633142e+00 +(1e-02,2e-02) | 2.33e+03 |  7:2.9e-05  3:2.8e-03
  397 ,  11911 : 2.4416122713076e+00 +(1e-02,3e-02) | 2.37e+03 |  7:2.6e-05  3:2.5e-03
  398 ,  11941 : 2.4468436660866e+00 +(1e-02,2e-02) | 2.31e+03 |  7:2.5e-05  3:2.3e-03
  399 ,  11971 : 2.4436800124629e+00 +(1e-02,2e-02) | 2.41e+03 |  7:2.8e-05  3:2.6e-03
Iterat, #Fevals:   Function Value    (median,worst) |Axis Ratio|idx:Min SD idx:Max SD
  400 ,  12001 : 2.4390160160148e+00 +(2e-02,3e-02) | 2.40e+03 |  7:2.7e-05  3:2.6e-03
  401 ,  12031 : 2.4417575247114e+00 +(1e-02,3e-02) | 2.57e+03 |  7:2.9e-05  3:2.9e-03
  402 ,  12061 : 2.4446919546947e+00 +(9e-03,2e-02) | 2.69e+03 |  7:2.9e-05  3:2.8e-03
  403 ,  12091 : 2.4455442682532e+00 +(8e-03,1e-02) | 2.72e+03 |  7:2.6e-05  3:2.5e-03
  404 ,  12121 : 2.4367517367416e+00 +(2e-02,3e-02) | 2.83e+03 |  7:2.5e-05  3:2.4e-03
  405 ,  12151 : 2.4421873283288e+00 +(1e-02,2e-02) | 2.87e+03 |  7:2.3e-05  3:2.2e-03
  406 ,  12181 : 2.4445207493637e+00 +(9e-03,2e-02) | 3.02e+03 |  7:2.2e-05  3:2.1e-03
  407 ,  12211 : 2.4429134545840e+00 +(9e-03,2e-02) | 2.97e+03 |  7:2.3e-05  3:2.1e-03
  408 ,  12241 : 2.4396958019792e+00 +(1e-02,3e-02) | 2.89e+03 |  7:2.3e-05  3:2.1e-03
  409 ,  12271 : 2.4427482310871e+00 +(1e-02,2e-02) | 2.93e+03 |  7:2.6e-05  3:2.4e-03
Iterat, #Fevals:   Function Value    (median,worst) |Axis Ratio|idx:Min SD idx:Max SD
  410 ,  12301 : 2.4465749123484e+00 +(7e-03,2e-02) | 2.93e+03 |  7:2.5e-05  3:2.3e-03
  411 ,  12331 : 2.4410900812841e+00 +(1e-02,3e-02) | 2.87e+03 |  7:2.4e-05  3:2.1e-03
  412 ,  12361 : 2.4418411018450e+00 +(1e-02,3e-02) | 2.95e+03 |  7:2.2e-05  3:2.0e-03
  413 ,  12391 : 2.4418739447612e+00 +(2e-02,2e-02) | 2.83e+03 |  7:2.2e-05  3:1.9e-03
  414 ,  12421 : 2.4458117782969e+00 +(9e-03,2e-02) | 2.86e+03 |  7:2.4e-05  3:2.2e-03
  415 ,  12451 : 2.4450967336804e+00 +(1e-02,2e-02) | 3.01e+03 |  7:2.3e-05  3:2.1e-03
  416 ,  12481 : 2.4455003734965e+00 +(1e-02,2e-02) | 3.15e+03 |  7:2.1e-05  3:1.9e-03
  417 ,  12511 : 2.4429546474680e+00 +(1e-02,2e-02) | 3.11e+03 |  7:1.9e-05  3:1.7e-03
  418 ,  12541 : 2.4427013908805e+00 +(1e-02,2e-02) | 3.16e+03 |  7:2.0e-05  3:1.9e-03
  419 ,  12571 : 2.4486292690183e+00 +(7e-03,2e-02) | 3.39e+03 |  7:2.2e-05  3:2.3e-03
Iterat, #Fevals:   Function Value    (median,worst) |Axis Ratio|idx:Min SD idx:Max SD
  420 ,  12601 : 2.4415746647345e+00 +(1e-02,2e-02) | 3.54e+03 |  7:2.2e-05  3:2.4e-03
  421 ,  12631 : 2.4421425206089e+00 +(1e-02,2e-02) | 3.76e+03 |  7:2.4e-05  3:2.7e-03
  422 ,  12661 : 2.4425524796282e+00 +(1e-02,2e-02) | 3.88e+03 |  7:2.5e-05  3:2.8e-03
  423 ,  12691 : 2.4454415477842e+00 +(8e-03,2e-02) | 4.13e+03 |  7:2.6e-05  3:3.1e-03
  424 ,  12721 : 2.4419162256730e+00 +(1e-02,3e-02) | 4.12e+03 |  7:2.7e-05  3:3.1e-03
  425 ,  12751 : 2.4453878763453e+00 +(9e-03,2e-02) | 3.98e+03 |  7:2.7e-05  3:3.3e-03
  426 ,  12781 : 2.4450639313828e+00 +(1e-02,2e-02) | 3.91e+03 |  7:2.4e-05  3:2.8e-03
  427 ,  12811 : 2.4415072454039e+00 +(1e-02,3e-02) | 4.00e+03 |  7:2.5e-05  3:2.9e-03
  428 ,  12841 : 2.4474855951841e+00 +(9e-03,2e-02) | 4.02e+03 |  7:2.5e-05  3:2.8e-03
  429 ,  12871 : 2.4439595068738e+00 +(1e-02,2e-02) | 4.09e+03 |  7:2.3e-05  3:2.6e-03
Iterat, #Fevals:   Function Value    (median,worst) |Axis Ratio|idx:Min SD idx:Max SD
  430 ,  12901 : 2.4323893728345e+00 +(2e-02,3e-02) | 4.15e+03 |  7:2.2e-05  3:2.4e-03
  431 ,  12931 : 2.4453631255896e+00 +(9e-03,2e-02) | 4.02e+03 |  7:2.2e-05  3:2.4e-03
  432 ,  12961 : 2.4422002378637e+00 +(1e-02,2e-02) | 3.88e+03 |  7:2.4e-05  3:2.6e-03
  433 ,  12991 : 2.4395715360783e+00 +(1e-02,2e-02) | 3.79e+03 |  7:2.5e-05  3:2.6e-03
  434 ,  13021 : 2.4438972616184e+00 +(1e-02,2e-02) | 3.77e+03 |  7:2.6e-05  3:2.7e-03
  435 ,  13051 : 2.4450873536533e+00 +(1e-02,2e-02) | 3.81e+03 |  7:2.9e-05  3:2.9e-03
  436 ,  13081 : 2.4452803683192e+00 +(9e-03,2e-02) | 3.95e+03 |  7:3.1e-05  3:3.4e-03
  437 ,  13111 : 2.4425338210243e+00 +(1e-02,2e-02) | 3.86e+03 |  7:3.2e-05  3:3.4e-03
  438 ,  13141 : 2.4369172397210e+00 +(2e-02,3e-02) | 3.81e+03 |  7:2.8e-05  3:3.0e-03
  439 ,  13171 : 2.4416380978970e+00 +(1e-02,2e-02) | 3.96e+03 |  7:2.6e-05  3:2.9e-03
Iterat, #Fevals:   Function Value    (median,worst) |Axis Ratio|idx:Min SD idx:Max SD
  440 ,  13201 : 2.4437249075489e+00 +(8e-03,2e-02) | 4.03e+03 |  7:2.8e-05  3:3.2e-03
  441 ,  13231 : 2.4424855261371e+00 +(1e-02,2e-02) | 4.05e+03 |  7:3.2e-05  3:3.6e-03
  442 ,  13261 : 2.4427700858408e+00 +(1e-02,2e-02) | 4.06e+03 |  7:3.9e-05  3:4.4e-03
  443 ,  13291 : 2.4426999502680e+00 +(1e-02,2e-02) | 3.99e+03 |  7:4.1e-05  3:4.3e-03
  444 ,  13321 : 2.4414170349511e+00 +(1e-02,2e-02) | 4.12e+03 |  7:4.0e-05  3:4.4e-03
  445 ,  13351 : 2.4433804592837e+00 +(1e-02,2e-02) | 4.23e+03 |  7:3.5e-05  3:3.9e-03
  446 ,  13381 : 2.4463277464873e+00 +(8e-03,2e-02) | 4.07e+03 |  7:3.2e-05  3:3.6e-03
  447 ,  13411 : 2.4397313534219e+00 +(1e-02,2e-02) | 4.19e+03 |  7:3.7e-05  3:4.0e-03
  448 ,  13441 : 2.4394604728680e+00 +(1e-02,3e-02) | 4.20e+03 |  7:3.6e-05  3:4.1e-03
  449 ,  13471 : 2.4379734240097e+00 +(2e-02,3e-02) | 4.16e+03 |  7:3.6e-05  3:4.2e-03
Iterat, #Fevals:   Function Value    (median,worst) |Axis Ratio|idx:Min SD idx:Max SD
  450 ,  13501 : 2.4398969522210e+00 +(1e-02,2e-02) | 4.42e+03 |  7:3.9e-05  3:4.7e-03
  451 ,  13531 : 2.4447219830488e+00 +(1e-02,2e-02) | 4.50e+03 |  7:3.3e-05  3:3.9e-03
  452 ,  13561 : 2.4394928643746e+00 +(2e-02,3e-02) | 4.69e+03 |  7:3.0e-05  3:3.6e-03
  453 ,  13591 : 2.4452336762345e+00 +(9e-03,2e-02) | 4.73e+03 |  7:2.9e-05  3:3.6e-03
  454 ,  13621 : 2.4395279347163e+00 +(1e-02,3e-02) | 4.75e+03 |  7:3.4e-05  3:4.2e-03
  455 ,  13651 : 2.4440808219583e+00 +(1e-02,2e-02) | 4.55e+03 |  7:3.5e-05  3:4.3e-03
  456 ,  13681 : 2.4426290842115e+00 +(1e-02,2e-02) | 4.52e+03 |  7:3.4e-05  3:4.3e-03
  457 ,  13711 : 2.4432418642474e+00 +(1e-02,2e-02) | 4.58e+03 |  7:3.3e-05  3:4.2e-03
  458 ,  13741 : 2.4436359477531e+00 +(1e-02,2e-02) | 4.60e+03 |  7:3.1e-05  3:4.1e-03
  459 ,  13771 : 2.4412589988463e+00 +(1e-02,3e-02) | 4.85e+03 |  7:3.2e-05  3:4.0e-03
Iterat, #Fevals:   Function Value    (median,worst) |Axis Ratio|idx:Min SD idx:Max SD
  460 ,  13801 : 2.4414719759113e+00 +(1e-02,2e-02) | 4.80e+03 |  7:3.6e-05  3:4.8e-03
  461 ,  13831 : 2.4447007986699e+00 +(8e-03,2e-02) | 4.85e+03 |  7:3.3e-05  3:4.4e-03
  462 ,  13861 : 2.4432496411837e+00 +(1e-02,2e-02) | 4.96e+03 |  7:2.8e-05  3:3.7e-03
  463 ,  13891 : 2.4383544366575e+00 +(2e-02,3e-02) | 4.97e+03 |  7:2.5e-05  3:3.5e-03
  464 ,  13921 : 2.4430798425229e+00 +(1e-02,2e-02) | 4.81e+03 |  7:2.7e-05  3:3.7e-03
  465 ,  13951 : 2.4484531562286e+00 +(6e-03,1e-02) | 4.63e+03 |  7:2.8e-05  3:3.8e-03
  466 ,  13981 : 2.4462232723209e+00 +(9e-03,2e-02) | 4.75e+03 |  7:2.9e-05  3:4.2e-03
  467 ,  14011 : 2.4456444494829e+00 +(8e-03,2e-02) | 4.57e+03 |  7:3.0e-05  3:4.2e-03
  468 ,  14041 : 2.4422165241267e+00 +(1e-02,2e-02) | 4.68e+03 |  7:3.0e-05  3:4.3e-03
  469 ,  14071 : 2.4399568988409e+00 +(1e-02,3e-02) | 4.55e+03 |  7:2.9e-05  3:4.2e-03
Iterat, #Fevals:   Function Value    (median,worst) |Axis Ratio|idx:Min SD idx:Max SD
  470 ,  14101 : 2.4458998734165e+00 +(7e-03,2e-02) | 4.53e+03 |  7:2.9e-05  3:4.1e-03
  471 ,  14131 : 2.4459069734529e+00 +(8e-03,2e-02) | 4.64e+03 |  7:2.7e-05  3:3.9e-03
  472 ,  14161 : 2.4426650403220e+00 +(1e-02,3e-02) | 4.55e+03 |  7:2.3e-05  3:3.2e-03
  473 ,  14191 : 2.4383477973109e+00 +(2e-02,3e-02) | 4.62e+03 |  7:2.1e-05  3:3.0e-03
  474 ,  14221 : 2.4415434435097e+00 +(9e-03,3e-02) | 4.60e+03 |  7:1.9e-05  3:2.7e-03
  475 ,  14251 : 2.4432980494126e+00 +(1e-02,2e-02) | 4.90e+03 |  7:1.8e-05  3:2.6e-03
  476 ,  14281 : 2.4443152954938e+00 +(1e-02,2e-02) | 4.82e+03 |  7:2.0e-05  3:2.7e-03
  477 ,  14311 : 2.4463517552491e+00 +(1e-02,2e-02) | 4.92e+03 |  7:1.9e-05  3:2.8e-03
  478 ,  14341 : 2.4423001755351e+00 +(1e-02,3e-02) | 4.86e+03 |  7:1.9e-05  3:2.7e-03
  479 ,  14371 : 2.4422067510561e+00 +(1e-02,2e-02) | 4.85e+03 |  7:1.7e-05  3:2.4e-03
Iterat, #Fevals:   Function Value    (median,worst) |Axis Ratio|idx:Min SD idx:Max SD
  480 ,  14401 : 2.4426441998976e+00 +(1e-02,2e-02) | 4.85e+03 |  7:1.6e-05  3:2.2e-03
  481 ,  14431 : 2.4403431937163e+00 +(1e-02,3e-02) | 4.86e+03 |  7:1.4e-05  3:1.9e-03
  482 ,  14461 : 2.4358854927445e+00 +(2e-02,3e-02) | 4.91e+03 |  7:1.5e-05  3:2.0e-03
  483 ,  14491 : 2.4460168269236e+00 +(9e-03,2e-02) | 4.98e+03 |  7:1.6e-05  3:2.2e-03
  484 ,  14521 : 2.4478637381252e+00 +(7e-03,2e-02) | 5.05e+03 |  7:1.6e-05  3:2.2e-03
  485 ,  14551 : 2.4445865162521e+00 +(1e-02,2e-02) | 5.05e+03 |  7:1.6e-05  3:1.9e-03
  486 ,  14581 : 2.4407762246602e+00 +(1e-02,2e-02) | 5.52e+03 |  7:1.6e-05  3:2.0e-03
  487 ,  14611 : 2.4435409703350e+00 +(1e-02,2e-02) | 5.64e+03 |  7:1.6e-05  3:2.1e-03
  488 ,  14641 : 2.4444867765878e+00 +(9e-03,2e-02) | 5.84e+03 |  7:1.7e-05  3:2.2e-03
  489 ,  14671 : 2.4471922004842e+00 +(8e-03,2e-02) | 5.60e+03 |  7:1.7e-05  3:2.3e-03
Iterat, #Fevals:   Function Value    (median,worst) |Axis Ratio|idx:Min SD idx:Max SD
  490 ,  14701 : 2.4422024493097e+00 +(1e-02,2e-02) | 5.56e+03 |  7:1.6e-05  3:2.0e-03
  491 ,  14731 : 2.4459095014102e+00 +(9e-03,2e-02) | 5.62e+03 |  7:1.6e-05  3:2.1e-03
  492 ,  14761 : 2.4438873685531e+00 +(1e-02,2e-02) | 5.78e+03 |  7:1.4e-05  3:1.8e-03
  493 ,  14791 : 2.4383466564624e+00 +(2e-02,2e-02) | 5.92e+03 |  7:1.2e-05  3:1.5e-03
  494 ,  14821 : 2.4336396569548e+00 +(2e-02,3e-02) | 5.90e+03 |  7:1.1e-05  3:1.4e-03
  495 ,  14851 : 2.4436585361466e+00 +(1e-02,2e-02) | 6.00e+03 |  7:9.6e-06  3:1.2e-03
  496 ,  14881 : 2.4457160073906e+00 +(1e-02,2e-02) | 6.29e+03 |  7:8.3e-06  3:1.1e-03
  497 ,  14911 : 2.4450946199835e+00 +(1e-02,2e-02) | 6.35e+03 |  7:8.3e-06  3:1.1e-03
  498 ,  14941 : 2.4442539460476e+00 +(1e-02,2e-02) | 6.40e+03 |  7:9.0e-06  3:1.1e-03
  499 ,  14971 : 2.4426265166578e+00 +(1e-02,3e-02) | 6.90e+03 |  7:7.9e-06  3:1.1e-03
Iterat, #Fevals:   Function Value    (median,worst) |Axis Ratio|idx:Min SD idx:Max SD
  500 ,  15001 : 2.4404054429708e+00 +(1e-02,2e-02) | 6.77e+03 |  7:7.5e-06  3:1.1e-03
  501 ,  15031 : 2.4419031189564e+00 +(1e-02,2e-02) | 6.70e+03 |  7:7.3e-06  3:1.0e-03
  502 ,  15061 : 2.4404032811209e+00 +(2e-02,3e-02) | 6.84e+03 |  7:7.9e-06  3:1.2e-03
  503 ,  15091 : 2.4465695029621e+00 +(7e-03,2e-02) | 7.51e+03 |  7:7.9e-06  3:1.3e-03
  504 ,  15121 : 2.4449385703440e+00 +(9e-03,2e-02) | 7.36e+03 |  7:7.6e-06  3:1.3e-03
  505 ,  15151 : 2.4455944580528e+00 +(9e-03,2e-02) | 7.11e+03 |  7:6.6e-06  3:1.1e-03
  506 ,  15181 : 2.4371178769749e+00 +(2e-02,3e-02) | 7.39e+03 |  7:6.0e-06  3:1.0e-03
  507 ,  15211 : 2.4418275171119e+00 +(1e-02,2e-02) | 7.37e+03 |  7:6.4e-06  3:1.1e-03
  508 ,  15241 : 2.4444272988860e+00 +(1e-02,2e-02) | 7.47e+03 |  7:6.1e-06  3:9.9e-04
  509 ,  15271 : 2.4426666740593e+00 +(1e-02,2e-02) | 7.15e+03 |  7:5.7e-06  3:9.1e-04
Iterat, #Fevals:   Function Value    (median,worst) |Axis Ratio|idx:Min SD idx:Max SD
  510 ,  15301 : 2.4456571210632e+00 +(9e-03,2e-02) | 7.44e+03 |  7:6.0e-06  3:9.8e-04
#Fevals:   f(returned x)   |    bestever.f     | stopflag (saved to variablescmaes13_9_151.mat)
  15302: 2.44565712106e+00 | 2.43238937283e+00 | stagnation
mean solution: +9.8e-02 +1.2e-01 +3.8e+00 +8.8e-01 +2.1e+00 +1.1e+00 +5.9e-02 +7.7e-02 +1.2e+00
std deviation:  7.1e-05  5.3e-05  9.8e-04  2.0e-04  6.6e-04  4.1e-04  6.0e-06  7.4e-05  2.4e-04
use plotcmaesdat.m for plotting the output at any time (option LogModulo must not be zero)
