
                            < M A T L A B (R) >
                  Copyright 1984-2015 The MathWorks, Inc.
                   R2015a (8.5.0.197613) 64-bit (glnxa64)
                             February 12, 2015

 
For online documentation, see http://www.mathworks.com/support
For product information, visit www.mathworks.com.
 

	Academic License


seed =

                 17.369218


InitialthetaLB =

                       0.1
                         1
                         1
                       0.1
                         1
                       0.1
                     0.001
                    0.0001
                       300


InitialthetaUB =

      100000
    10000000
   100000000
       10000
       10000
        1000
           5
         100
        2000


Initialtheta =

          29466.5708022107
          5305868.02546619
          19152079.5032287
          679.096791877095
          7870.06761453913
          656.367888423678
          3.18796695932214
           57.560331815014
          366.406957521073

  n=9: (15,30)-CMA-ES(w=[21 15 12... 0.77 0.25]%, ]%, mu_eff=8.6) on function Error
Iterat, #Fevals:   Function Value    (median,worst) |Axis Ratio|idx:Min SD idx:Max SD
    1 ,     31 : 5.1682185941135e+01 +(3e+01,5e+06) | 1.10e+01 |  5:3.6e-01  4:3.9e+00
    2 ,     61 : 3.0003520435989e+01 +(6e+01,2e+04) | 1.06e+01 |  5:3.6e-01  4:3.7e+00
    3 ,     91 : 3.1561426238142e+01 +(5e+01,2e+09) | 1.12e+01 |  5:3.5e-01  4:3.8e+00
    4 ,    121 : 2.9668284846452e+01 +(6e+01,4e+04) | 1.15e+01 |  5:3.0e-01  4:3.4e+00
    5 ,    151 : 3.1528037601219e+01 +(3e+01,1e+03) | 1.18e+01 |  5:2.6e-01  4:2.9e+00
    6 ,    181 : 3.1313245097920e+01 +(5e+01,2e+05) | 1.17e+01 |  5:2.4e-01  4:2.6e+00
    7 ,    211 : 3.0303567939193e+01 +(2e+01,3e+02) | 1.15e+01 |  5:2.2e-01  4:2.4e+00
    8 ,    241 : 3.1705633629337e+01 +(1e+01,3e+03) | 1.14e+01 |  5:2.1e-01  4:2.2e+00
    9 ,    271 : 3.1180080353387e+01 +(1e+01,8e+02) | 1.16e+01 |  5:2.0e-01  4:2.1e+00
Iterat, #Fevals:   Function Value    (median,worst) |Axis Ratio|idx:Min SD idx:Max SD
   10 ,    301 : 3.1900161319862e+01 +(9e+00,1e+02) | 1.20e+01 |  5:1.8e-01  4:2.0e+00
   11 ,    331 : 3.2159126503812e+01 +(7e+00,3e+02) | 1.21e+01 |  5:1.9e-01  4:2.0e+00
   12 ,    361 : 3.3001641349355e+01 +(1e+01,3e+02) | 1.27e+01 |  5:2.0e-01  4:2.2e+00
   13 ,    391 : 3.1925373882121e+01 +(7e+00,1e+02) | 1.25e+01 |  5:1.8e-01  4:1.9e+00
   14 ,    421 : 3.1582899307181e+01 +(5e+00,2e+02) | 1.33e+01 |  5:1.8e-01  4:2.0e+00
   15 ,    451 : 3.2177367639833e+01 +(6e+00,1e+02) | 1.39e+01 |  5:1.6e-01  4:1.8e+00
   16 ,    481 : 3.1725267873263e+01 +(7e+00,6e+02) | 1.39e+01 |  5:1.4e-01  4:1.5e+00
   17 ,    511 : 3.1813231946794e+01 +(2e+00,7e+01) | 1.47e+01 |  5:1.2e-01  4:1.3e+00
   18 ,    541 : 3.1529393361650e+01 +(3e+00,1e+01) | 1.57e+01 |  5:1.1e-01  4:1.3e+00
   19 ,    571 : 3.1300981863582e+01 +(2e+00,2e+01) | 1.59e+01 |  5:1.1e-01  4:1.3e+00
Iterat, #Fevals:   Function Value    (median,worst) |Axis Ratio|idx:Min SD idx:Max SD
   20 ,    601 : 3.1850713802089e+01 +(3e+00,8e+01) | 1.63e+01 |  5:9.8e-02  4:1.2e+00
   21 ,    631 : 3.1826344440784e+01 +(2e+00,4e+01) | 1.67e+01 |  5:8.0e-02  4:9.4e-01
   22 ,    661 : 3.1968833517929e+01 +(5e-01,9e+00) | 1.72e+01 |  5:7.6e-02  4:8.9e-01
   23 ,    691 : 3.1839014070284e+01 +(1e+00,8e+00) | 1.76e+01 |  5:6.9e-02  4:8.0e-01
   24 ,    721 : 3.1577108661522e+01 +(8e-01,2e+01) | 1.79e+01 |  5:6.5e-02  4:7.5e-01
   25 ,    751 : 3.1667099839757e+01 +(7e-01,4e+00) | 1.87e+01 |  5:6.0e-02  4:6.8e-01
   26 ,    781 : 3.1652604108121e+01 +(1e+00,5e+00) | 1.99e+01 |  5:5.7e-02  4:6.3e-01
   27 ,    811 : 3.1410866926332e+01 +(6e-01,3e+00) | 2.02e+01 |  5:6.6e-02  4:6.9e-01
   28 ,    841 : 3.1294475667873e+01 +(9e-01,8e+00) | 2.13e+01 |  5:7.8e-02  4:8.3e-01
   29 ,    871 : 3.0919253667350e+01 +(1e+00,5e+00) | 2.17e+01 |  5:9.7e-02  4:9.9e-01
Iterat, #Fevals:   Function Value    (median,worst) |Axis Ratio|idx:Min SD idx:Max SD
   30 ,    901 : 2.9990820681587e+01 +(2e+00,4e+01) | 2.15e+01 |  5:1.2e-01  4:1.1e+00
   31 ,    931 : 2.7881495683854e+01 +(6e+00,8e+01) | 2.24e+01 |  5:1.3e-01  4:1.3e+00
   32 ,    961 : 3.0419905106442e+01 +(3e+00,8e+01) | 2.40e+01 |  5:1.4e-01  4:1.4e+00
   33 ,    991 : 2.8268691874847e+01 +(4e+00,9e+01) | 2.48e+01 |  5:1.4e-01  4:1.4e+00
   34 ,   1021 : 2.8227939086347e+01 +(9e+00,4e+02) | 2.58e+01 |  5:1.3e-01  4:1.3e+00
   35 ,   1051 : 2.4671858509696e+01 +(8e+00,2e+02) | 2.73e+01 |  5:1.2e-01  4:1.3e+00
   36 ,   1081 : 1.8041392815987e+01 +(2e+01,4e+07) | 2.82e+01 |  5:1.2e-01  4:1.3e+00
   37 ,   1111 : 2.8742031763601e+01 +(2e+01,3e+07) | 2.88e+01 |  5:1.2e-01  4:1.4e+00
   38 ,   1141 : 2.2246241333831e+01 +(2e+01,1e+05) | 2.92e+01 |  5:1.1e-01  4:1.3e+00
   39 ,   1171 : 2.5073806749990e+01 +(9e+00,4e+07) | 2.92e+01 |  5:1.1e-01  4:1.3e+00
Iterat, #Fevals:   Function Value    (median,worst) |Axis Ratio|idx:Min SD idx:Max SD
   40 ,   1201 : 2.3357490608117e+01 +(1e+01,3e+02) | 2.90e+01 |  5:9.8e-02  4:1.1e+00
   41 ,   1231 : 2.6172001697501e+01 +(7e+00,2e+02) | 2.99e+01 |  5:9.9e-02  4:1.1e+00
   42 ,   1261 : 2.9587222999323e+01 +(6e+00,3e+02) | 3.19e+01 |  5:1.0e-01  4:1.2e+00
   43 ,   1291 : 2.9685730119658e+01 +(3e+00,7e+02) | 3.20e+01 |  5:9.2e-02  4:1.1e+00
   44 ,   1321 : 3.0080293756757e+01 +(2e+00,8e+04) | 3.22e+01 |  5:8.7e-02  4:9.9e-01
   45 ,   1351 : 2.9013315839447e+01 +(2e+00,6e+01) | 3.19e+01 |  5:9.4e-02  4:1.0e+00
   46 ,   1381 : 2.4650205633473e+01 +(8e+00,1e+02) | 3.29e+01 |  5:9.5e-02  4:1.0e+00
   47 ,   1411 : 2.6858378603357e+01 +(5e+00,6e+01) | 3.50e+01 |  5:9.5e-02  4:1.0e+00
   48 ,   1441 : 2.1149985586538e+01 +(1e+01,6e+01) | 3.60e+01 |  5:9.2e-02  4:1.0e+00
   49 ,   1471 : 2.6225391824025e+01 +(2e+01,1e+03) | 3.62e+01 |  5:9.0e-02  4:1.0e+00
Iterat, #Fevals:   Function Value    (median,worst) |Axis Ratio|idx:Min SD idx:Max SD
   50 ,   1501 : 1.5888377311027e+01 +(2e+01,9e+01) | 3.68e+01 |  5:8.2e-02  4:9.5e-01
   51 ,   1531 : 1.3769172572020e+01 +(2e+01,2e+02) | 3.70e+01 |  5:7.4e-02  4:8.7e-01
   52 ,   1561 : 7.5458071261806e+00 +(3e+01,8e+01) | 3.62e+01 |  5:7.2e-02  4:8.6e-01
   53 ,   1591 : 1.8622246368253e+01 +(1e+01,1e+03) | 4.01e+01 |  5:6.9e-02  4:8.9e-01
   54 ,   1621 : 2.5281110330098e+01 +(5e+00,2e+02) | 4.04e+01 |  5:6.5e-02  4:8.6e-01
   55 ,   1651 : 1.7441995517354e+01 +(1e+01,2e+03) | 4.12e+01 |  5:5.6e-02  4:7.5e-01
   56 ,   1681 : 1.9818371677927e+01 +(1e+01,7e+01) | 4.49e+01 |  5:5.5e-02  4:7.6e-01
   57 ,   1711 : 2.2779271201971e+01 +(9e+00,9e+01) | 4.46e+01 |  5:5.1e-02  4:7.0e-01
   58 ,   1741 : 1.7097401141549e+01 +(1e+01,7e+01) | 4.60e+01 |  5:4.9e-02  4:6.7e-01
   59 ,   1771 : 6.7119999480935e+00 +(2e+01,5e+01) | 4.99e+01 |  5:5.5e-02  4:7.8e-01
Iterat, #Fevals:   Function Value    (median,worst) |Axis Ratio|idx:Min SD idx:Max SD
   60 ,   1801 : 1.7334124793884e+01 +(2e+01,1e+02) | 5.07e+01 |  5:5.1e-02  4:7.1e-01
   61 ,   1831 : 1.5047726204271e+01 +(2e+01,2e+04) | 5.09e+01 |  5:4.3e-02  4:5.9e-01
   62 ,   1861 : 1.4466770797553e+01 +(1e+01,2e+02) | 5.18e+01 |  5:3.7e-02  4:5.2e-01
   63 ,   1891 : 1.0240334535634e+01 +(2e+01,7e+01) | 5.09e+01 |  5:3.6e-02  4:4.7e-01
   64 ,   1921 : 7.7001454187198e+00 +(2e+01,3e+03) | 4.98e+01 |  5:3.5e-02  4:4.4e-01
   65 ,   1951 : 7.8665761457515e+00 +(2e+01,8e+01) | 5.08e+01 |  5:3.6e-02  4:4.5e-01
   66 ,   1981 : 1.0452637839600e+01 +(3e+01,8e+02) | 5.19e+01 |  5:2.9e-02  4:3.7e-01
   67 ,   2011 : 8.6024380075960e+00 +(2e+01,1e+03) | 5.12e+01 |  5:2.6e-02  4:3.2e-01
   68 ,   2041 : 5.4365871764665e+00 +(2e+01,8e+01) | 5.19e+01 |  5:2.5e-02  4:3.2e-01
   69 ,   2071 : 3.8268317576556e+00 +(2e+01,2e+02) | 5.12e+01 |  5:2.4e-02  4:3.0e-01
Iterat, #Fevals:   Function Value    (median,worst) |Axis Ratio|idx:Min SD idx:Max SD
   70 ,   2101 : 6.5869954608606e+00 +(1e+01,8e+03) | 5.14e+01 |  5:2.4e-02  4:3.0e-01
   71 ,   2131 : 3.5925230606114e+00 +(2e+01,8e+01) | 5.05e+01 |  5:2.4e-02  4:2.7e-01
   72 ,   2161 : 2.9147710850468e+00 +(2e+01,6e+04) | 5.20e+01 |  5:2.7e-02  4:3.0e-01
   73 ,   2191 : 3.6266171098609e+00 +(3e+01,5e+03) | 5.20e+01 |  5:2.7e-02  4:3.0e-01
   74 ,   2221 : 6.3198774327466e+00 +(1e+01,2e+02) | 5.25e+01 |  5:2.7e-02  4:2.8e-01
   75 ,   2251 : 4.1524417844223e+00 +(2e+01,8e+01) | 5.27e+01 |  5:2.7e-02  4:2.7e-01
   76 ,   2281 : 3.0956461448835e+00 +(1e+01,6e+02) | 5.48e+01 |  5:2.9e-02  4:2.7e-01
   77 ,   2311 : 7.1825937998534e+00 +(1e+01,1e+04) | 5.55e+01 |  7:2.5e-02  4:2.4e-01
   78 ,   2341 : 4.2729642765129e+00 +(2e+01,8e+01) | 5.61e+01 |  7:2.1e-02  4:2.0e-01
   79 ,   2371 : 2.8206263286674e+00 +(1e+01,4e+02) | 5.65e+01 |  7:1.9e-02  4:1.8e-01
Iterat, #Fevals:   Function Value    (median,worst) |Axis Ratio|idx:Min SD idx:Max SD
   80 ,   2401 : 2.6442522959785e+00 +(8e+00,8e+01) | 5.76e+01 |  7:1.8e-02  4:1.7e-01
   81 ,   2431 : 3.6532189875431e+00 +(1e+01,8e+01) | 5.92e+01 |  7:1.5e-02  4:1.6e-01
   82 ,   2461 : 5.2130341910670e+00 +(1e+01,8e+01) | 5.95e+01 |  7:1.4e-02  4:1.4e-01
   83 ,   2491 : 2.8964920614751e+00 +(7e+00,8e+01) | 6.13e+01 |  7:1.3e-02  4:1.4e-01
   84 ,   2521 : 3.7053832162583e+00 +(5e+00,8e+01) | 6.48e+01 |  7:1.1e-02  4:1.2e-01
   85 ,   2551 : 2.6620795083627e+00 +(3e+00,7e+01) | 6.70e+01 |  7:1.0e-02  4:1.1e-01
   86 ,   2581 : 2.5513659010989e+00 +(3e+00,8e+01) | 6.97e+01 |  7:8.3e-03  4:9.5e-02
   87 ,   2611 : 2.6487594025391e+00 +(3e+00,8e+01) | 7.02e+01 |  7:7.1e-03  4:8.2e-02
   88 ,   2641 : 2.5501957820168e+00 +(3e+00,8e+01) | 7.23e+01 |  7:5.8e-03  4:6.9e-02
   89 ,   2671 : 2.5346108995768e+00 +(1e+00,4e+01) | 7.94e+01 |  7:5.4e-03  9:6.8e-02
Iterat, #Fevals:   Function Value    (median,worst) |Axis Ratio|idx:Min SD idx:Max SD
   90 ,   2701 : 2.5145631508746e+00 +(1e+00,7e+00) | 8.79e+01 |  7:5.6e-03  4:7.6e-02
   91 ,   2731 : 2.5755318633828e+00 +(2e+00,3e+01) | 8.96e+01 |  7:5.3e-03  4:7.4e-02
   92 ,   2761 : 2.5442032745981e+00 +(2e+00,3e+01) | 9.23e+01 |  7:4.6e-03  4:6.8e-02
   93 ,   2791 : 2.5553398936109e+00 +(1e+00,5e+00) | 9.36e+01 |  7:4.1e-03  4:6.1e-02
   94 ,   2821 : 2.5417440346486e+00 +(1e+00,7e+00) | 9.59e+01 |  7:3.7e-03  9:5.7e-02
   95 ,   2851 : 2.5402449722503e+00 +(4e-01,1e+01) | 1.02e+02 |  7:4.1e-03  9:6.7e-02
   96 ,   2881 : 2.6299247675513e+00 +(6e-01,2e+01) | 1.06e+02 |  7:3.5e-03  9:6.1e-02
   97 ,   2911 : 2.5732626274691e+00 +(5e-01,8e+00) | 1.11e+02 |  7:3.6e-03  9:6.6e-02
   98 ,   2941 : 2.5427142081773e+00 +(6e-01,1e+01) | 1.15e+02 |  7:4.1e-03  9:7.6e-02
   99 ,   2971 : 2.6045616211283e+00 +(5e-01,1e+01) | 1.24e+02 |  7:5.0e-03  9:9.8e-02
Iterat, #Fevals:   Function Value    (median,worst) |Axis Ratio|idx:Min SD idx:Max SD
  100 ,   3001 : 2.5801102614565e+00 +(2e+00,4e+01) | 1.25e+02 |  7:5.1e-03  9:1.0e-01
  101 ,   3031 : 2.6389112021728e+00 +(1e+00,2e+01) | 1.26e+02 |  7:5.2e-03  9:1.1e-01
  102 ,   3061 : 2.5805582778754e+00 +(1e+00,1e+01) | 1.41e+02 |  7:5.2e-03  9:1.2e-01
  103 ,   3091 : 2.5552771344212e+00 +(1e+00,4e+01) | 1.47e+02 |  7:5.2e-03  9:1.2e-01
  104 ,   3121 : 2.7176796678497e+00 +(1e+00,1e+01) | 1.52e+02 |  7:5.0e-03  9:1.2e-01
  105 ,   3151 : 2.5451352386726e+00 +(1e+00,2e+01) | 1.59e+02 |  7:4.1e-03  9:1.1e-01
  106 ,   3181 : 2.5337596526303e+00 +(8e-01,7e+00) | 1.60e+02 |  7:3.8e-03  9:1.0e-01
  107 ,   3211 : 2.5468157178094e+00 +(1e+00,6e+00) | 1.67e+02 |  7:3.9e-03  9:1.1e-01
  108 ,   3241 : 2.5252528907578e+00 +(1e+00,2e+01) | 1.74e+02 |  7:3.7e-03  9:1.0e-01
  109 ,   3271 : 2.5465799821503e+00 +(8e-01,2e+01) | 1.82e+02 |  7:3.3e-03  9:9.5e-02
Iterat, #Fevals:   Function Value    (median,worst) |Axis Ratio|idx:Min SD idx:Max SD
  110 ,   3301 : 2.5160408048362e+00 +(5e-01,1e+01) | 1.80e+02 |  7:2.9e-03  9:8.5e-02
  111 ,   3331 : 2.5207604527116e+00 +(8e-01,7e+00) | 1.86e+02 |  7:2.4e-03  9:7.2e-02
  112 ,   3361 : 2.5187006622955e+00 +(3e-01,4e+00) | 1.92e+02 |  7:2.0e-03  9:6.5e-02
  113 ,   3391 : 2.5352957458006e+00 +(3e-01,3e+00) | 2.01e+02 |  7:2.0e-03  9:6.7e-02
  114 ,   3421 : 2.5390844081086e+00 +(2e-01,1e+00) | 2.10e+02 |  7:1.6e-03  9:5.7e-02
  115 ,   3451 : 2.5249336759685e+00 +(1e-01,7e-01) | 2.19e+02 |  7:1.4e-03  9:5.4e-02
  116 ,   3481 : 2.5154511432564e+00 +(2e-01,1e+00) | 2.25e+02 |  7:1.4e-03  9:5.7e-02
  117 ,   3511 : 2.5217115273753e+00 +(1e-01,2e+00) | 2.31e+02 |  7:1.4e-03  9:5.8e-02
  118 ,   3541 : 2.5221501817215e+00 +(1e-01,9e-01) | 2.34e+02 |  7:1.4e-03  9:5.7e-02
  119 ,   3571 : 2.5210012199334e+00 +(1e-01,9e-01) | 2.48e+02 |  7:1.3e-03  9:5.3e-02
Iterat, #Fevals:   Function Value    (median,worst) |Axis Ratio|idx:Min SD idx:Max SD
  120 ,   3601 : 2.5134258127683e+00 +(7e-02,2e+00) | 2.51e+02 |  7:1.1e-03  9:4.5e-02
  121 ,   3631 : 2.5206263811077e+00 +(2e-02,7e-01) | 2.56e+02 |  7:8.4e-04  3:3.7e-02
  122 ,   3661 : 2.5156616096144e+00 +(5e-02,2e-01) | 2.63e+02 |  7:8.6e-04  9:4.0e-02
  123 ,   3691 : 2.5126502666289e+00 +(3e-02,1e-01) | 2.63e+02 |  7:7.9e-04  9:3.7e-02
  124 ,   3721 : 2.5179064370116e+00 +(2e-02,1e-01) | 2.78e+02 |  7:6.1e-04  9:3.0e-02
  125 ,   3751 : 2.5132410094336e+00 +(3e-02,3e-01) | 2.86e+02 |  7:5.1e-04  3:2.6e-02
  126 ,   3781 : 2.5063603589806e+00 +(2e-02,7e-02) | 3.01e+02 |  7:4.4e-04  9:2.3e-02
  127 ,   3811 : 2.5009395903107e+00 +(2e-02,9e-02) | 3.16e+02 |  7:4.0e-04  9:2.2e-02
  128 ,   3841 : 2.4913363720892e+00 +(3e-02,1e-01) | 3.52e+02 |  7:3.9e-04  9:2.4e-02
  129 ,   3871 : 2.5005669424793e+00 +(2e-02,7e-02) | 4.03e+02 |  7:4.0e-04  9:2.8e-02
Iterat, #Fevals:   Function Value    (median,worst) |Axis Ratio|idx:Min SD idx:Max SD
  130 ,   3901 : 2.5020414931752e+00 +(2e-02,6e-02) | 4.16e+02 |  7:3.1e-04  9:2.2e-02
  131 ,   3931 : 2.5035982006055e+00 +(1e-02,4e-02) | 4.47e+02 |  7:2.6e-04  3:2.0e-02
  132 ,   3961 : 2.4964837891660e+00 +(2e-02,4e-02) | 4.59e+02 |  7:2.5e-04  9:2.1e-02
  133 ,   3991 : 2.4955818422943e+00 +(2e-02,3e-02) | 4.75e+02 |  7:2.5e-04  9:2.1e-02
  134 ,   4021 : 2.5006056654011e+00 +(1e-02,4e-02) | 5.23e+02 |  7:2.5e-04  9:2.2e-02
  135 ,   4051 : 2.4955289695039e+00 +(2e-02,3e-02) | 5.75e+02 |  7:2.9e-04  9:3.0e-02
  136 ,   4081 : 2.4997402773433e+00 +(9e-03,4e-02) | 6.03e+02 |  7:3.0e-04  9:3.2e-02
  137 ,   4111 : 2.4959540858315e+00 +(1e-02,5e-02) | 6.34e+02 |  7:2.9e-04  9:3.3e-02
  138 ,   4141 : 2.4887958878805e+00 +(2e-02,5e-02) | 6.58e+02 |  7:2.8e-04  9:3.3e-02
  139 ,   4171 : 2.4931210721424e+00 +(2e-02,7e-02) | 6.62e+02 |  7:2.4e-04  9:2.9e-02
Iterat, #Fevals:   Function Value    (median,worst) |Axis Ratio|idx:Min SD idx:Max SD
  140 ,   4201 : 2.4892580132161e+00 +(2e-02,4e-02) | 7.02e+02 |  7:2.2e-04  9:2.8e-02
  141 ,   4231 : 2.4909633569848e+00 +(1e-02,3e-02) | 7.21e+02 |  7:2.5e-04  9:3.2e-02
  142 ,   4261 : 2.4899216592448e+00 +(1e-02,6e-02) | 7.58e+02 |  7:2.5e-04  9:3.4e-02
  143 ,   4291 : 2.4923624383657e+00 +(1e-02,5e-02) | 8.40e+02 |  7:2.7e-04  9:3.8e-02
  144 ,   4321 : 2.4907804796319e+00 +(1e-02,4e-02) | 9.70e+02 |  7:3.1e-04  9:5.0e-02
  145 ,   4351 : 2.4860413425154e+00 +(2e-02,7e-02) | 1.05e+03 |  7:3.1e-04  9:5.3e-02
  146 ,   4381 : 2.4813681987304e+00 +(2e-02,5e-02) | 1.11e+03 |  7:3.2e-04  9:6.0e-02
  147 ,   4411 : 2.4837197844515e+00 +(2e-02,4e-02) | 1.22e+03 |  7:3.4e-04  9:6.9e-02
  148 ,   4441 : 2.4822410688411e+00 +(2e-02,1e-01) | 1.31e+03 |  7:3.3e-04  9:7.1e-02
  149 ,   4471 : 2.4845676909245e+00 +(1e-02,6e-02) | 1.38e+03 |  7:3.0e-04  9:6.7e-02
Iterat, #Fevals:   Function Value    (median,worst) |Axis Ratio|idx:Min SD idx:Max SD
  150 ,   4501 : 2.4765203646661e+00 +(2e-02,3e-02) | 1.50e+03 |  7:3.2e-04  9:7.8e-02
  151 ,   4531 : 2.4725280217716e+00 +(2e-02,7e-02) | 1.46e+03 |  7:2.7e-04  9:7.0e-02
  152 ,   4561 : 2.4749059403622e+00 +(2e-02,5e-02) | 1.56e+03 |  7:2.6e-04  9:7.2e-02
  153 ,   4591 : 2.4703135385952e+00 +(2e-02,5e-02) | 1.62e+03 |  7:2.6e-04  9:7.0e-02
  154 ,   4621 : 2.4710076300284e+00 +(1e-02,4e-02) | 1.81e+03 |  7:2.9e-04  9:8.3e-02
  155 ,   4651 : 2.4637540900018e+00 +(2e-02,5e-02) | 2.06e+03 |  7:3.3e-04  9:1.1e-01
  156 ,   4681 : 2.4561765486888e+00 +(3e-02,1e-01) | 2.35e+03 |  7:4.0e-04  9:1.4e-01
  157 ,   4711 : 2.4578541247967e+00 +(3e-02,1e-01) | 2.67e+03 |  7:4.5e-04  9:1.8e-01
  158 ,   4741 : 2.4597255664451e+00 +(3e-02,2e-01) | 2.97e+03 |  7:5.3e-04  9:2.3e-01
  159 ,   4771 : 2.4618894888726e+00 +(3e-02,2e-01) | 3.15e+03 |  7:5.8e-04  9:2.7e-01
Iterat, #Fevals:   Function Value    (median,worst) |Axis Ratio|idx:Min SD idx:Max SD
  160 ,   4801 : 2.4563635489335e+00 +(3e-02,2e-01) | 3.25e+03 |  7:6.1e-04  9:2.8e-01
  161 ,   4831 : 2.4556641036206e+00 +(4e-02,4e-01) | 3.42e+03 |  7:6.7e-04  9:3.2e-01
  162 ,   4861 : 2.4657179274330e+00 +(2e-02,2e-01) | 3.61e+03 |  7:6.6e-04  9:3.3e-01
  163 ,   4891 : 2.4536703692710e+00 +(4e-02,2e-01) | 3.56e+03 |  7:6.5e-04  9:3.1e-01
  164 ,   4921 : 2.4523820895728e+00 +(3e-02,2e-01) | 3.57e+03 |  7:6.5e-04  9:3.2e-01
  165 ,   4951 : 2.4428046437338e+00 +(3e-02,4e-01) | 3.54e+03 |  7:6.6e-04  9:3.3e-01
  166 ,   4981 : 2.4543074028176e+00 +(3e-02,4e-01) | 3.39e+03 |  7:6.6e-04  9:3.3e-01
  167 ,   5011 : 2.4557552045566e+00 +(3e-02,2e-01) | 3.24e+03 |  7:6.1e-04  9:3.1e-01
  168 ,   5041 : 2.4372780071031e+00 +(3e-02,2e-01) | 3.15e+03 |  7:5.7e-04  9:2.9e-01
  169 ,   5071 : 2.4510255583132e+00 +(3e-02,6e-01) | 3.18e+03 |  7:6.1e-04  9:3.1e-01
Iterat, #Fevals:   Function Value    (median,worst) |Axis Ratio|idx:Min SD idx:Max SD
  170 ,   5101 : 2.4533788487132e+00 +(3e-02,2e-01) | 3.14e+03 |  7:5.8e-04  9:3.0e-01
  171 ,   5131 : 2.4485681765350e+00 +(3e-02,2e-01) | 3.12e+03 |  7:5.8e-04  9:3.0e-01
  172 ,   5161 : 2.4577613915506e+00 +(2e-02,7e-01) | 3.12e+03 |  7:5.8e-04  9:3.0e-01
  173 ,   5191 : 2.4522481998029e+00 +(2e-02,7e-02) | 3.08e+03 |  7:4.9e-04  9:2.6e-01
  174 ,   5221 : 2.4486146181248e+00 +(2e-02,9e-02) | 3.11e+03 |  7:4.8e-04  9:2.5e-01
  175 ,   5251 : 2.4477107351503e+00 +(2e-02,3e-01) | 3.23e+03 |  7:4.6e-04  9:2.4e-01
  176 ,   5281 : 2.4530427370344e+00 +(2e-02,5e-01) | 3.39e+03 |  7:4.3e-04  9:2.3e-01
  177 ,   5311 : 2.4355840962106e+00 +(3e-02,9e-02) | 3.30e+03 |  7:3.8e-04  9:2.0e-01
  178 ,   5341 : 2.4421194711632e+00 +(2e-02,6e-02) | 3.27e+03 |  7:3.3e-04  9:1.7e-01
  179 ,   5371 : 2.4475538366379e+00 +(1e-02,1e-01) | 3.34e+03 |  7:3.0e-04  9:1.6e-01
Iterat, #Fevals:   Function Value    (median,worst) |Axis Ratio|idx:Min SD idx:Max SD
  180 ,   5401 : 2.4455667259786e+00 +(2e-02,6e-02) | 3.27e+03 |  7:2.7e-04  9:1.4e-01
  181 ,   5431 : 2.4480161455824e+00 +(1e-02,4e-02) | 3.19e+03 |  7:2.7e-04  9:1.4e-01
  182 ,   5461 : 2.4426034173013e+00 +(2e-02,4e-02) | 3.24e+03 |  7:2.7e-04  9:1.4e-01
  183 ,   5491 : 2.4414148917000e+00 +(2e-02,5e-02) | 3.24e+03 |  7:2.5e-04  9:1.3e-01
  184 ,   5521 : 2.4420939470318e+00 +(2e-02,3e-02) | 3.33e+03 |  7:2.8e-04  9:1.5e-01
  185 ,   5551 : 2.4396948000352e+00 +(2e-02,3e-02) | 3.31e+03 |  7:2.5e-04  9:1.3e-01
  186 ,   5581 : 2.4459580591759e+00 +(1e-02,5e-02) | 3.26e+03 |  7:2.5e-04  9:1.3e-01
  187 ,   5611 : 2.4423256428211e+00 +(2e-02,2e-02) | 3.30e+03 |  7:2.3e-04  9:1.2e-01
  188 ,   5641 : 2.4411777372176e+00 +(2e-02,3e-02) | 3.41e+03 |  7:2.1e-04  9:1.2e-01
  189 ,   5671 : 2.4468648103876e+00 +(1e-02,2e-02) | 3.44e+03 |  7:1.9e-04  9:1.0e-01
Iterat, #Fevals:   Function Value    (median,worst) |Axis Ratio|idx:Min SD idx:Max SD
  190 ,   5701 : 2.4431661927606e+00 +(1e-02,2e-02) | 3.41e+03 |  7:1.9e-04  9:1.1e-01
  191 ,   5731 : 2.4470300992780e+00 +(1e-02,4e-02) | 3.50e+03 |  7:1.9e-04  9:1.0e-01
  192 ,   5761 : 2.4418575131226e+00 +(2e-02,4e-02) | 3.54e+03 |  7:1.7e-04  9:9.0e-02
  193 ,   5791 : 2.4458334368496e+00 +(1e-02,3e-02) | 3.68e+03 |  7:1.8e-04  9:9.2e-02
  194 ,   5821 : 2.4464760147599e+00 +(1e-02,9e-02) | 3.65e+03 |  7:1.8e-04  9:9.4e-02
  195 ,   5851 : 2.4448595358066e+00 +(1e-02,3e-02) | 3.65e+03 |  7:1.8e-04  9:8.9e-02
  196 ,   5881 : 2.4429809580427e+00 +(1e-02,3e-02) | 3.88e+03 |  7:1.7e-04  9:8.9e-02
  197 ,   5911 : 2.4433465798806e+00 +(2e-02,2e-02) | 3.82e+03 |  7:1.7e-04  9:9.2e-02
  198 ,   5941 : 2.4372380663866e+00 +(2e-02,3e-02) | 3.73e+03 |  7:1.7e-04  9:9.2e-02
  199 ,   5971 : 2.4418335626651e+00 +(2e-02,4e-02) | 3.56e+03 |  7:1.8e-04  9:9.1e-02
Iterat, #Fevals:   Function Value    (median,worst) |Axis Ratio|idx:Min SD idx:Max SD
  200 ,   6001 : 2.4414654133673e+00 +(2e-02,3e-02) | 3.70e+03 |  7:2.1e-04  9:1.1e-01
  201 ,   6031 : 2.4461993563277e+00 +(1e-02,5e-02) | 3.69e+03 |  7:2.6e-04  9:1.4e-01
  202 ,   6061 : 2.4427914767327e+00 +(2e-02,8e-02) | 3.63e+03 |  7:2.4e-04  9:1.3e-01
  203 ,   6091 : 2.4460705806197e+00 +(1e-02,3e-02) | 3.65e+03 |  7:2.1e-04  9:1.1e-01
  204 ,   6121 : 2.4460050681515e+00 +(1e-02,2e-02) | 3.80e+03 |  7:1.9e-04  9:9.8e-02
  205 ,   6151 : 2.4447332578342e+00 +(1e-02,3e-02) | 3.84e+03 |  7:1.8e-04  9:9.2e-02
  206 ,   6181 : 2.4322205253427e+00 +(2e-02,4e-02) | 3.97e+03 |  7:2.2e-04  9:1.2e-01
  207 ,   6211 : 2.4427574861188e+00 +(1e-02,4e-02) | 3.87e+03 |  7:2.1e-04  9:1.1e-01
  208 ,   6241 : 2.4447318571162e+00 +(2e-02,3e-02) | 3.90e+03 |  7:1.9e-04  9:9.8e-02
  209 ,   6271 : 2.4470864172713e+00 +(1e-02,2e-02) | 3.93e+03 |  7:1.8e-04  9:9.5e-02
Iterat, #Fevals:   Function Value    (median,worst) |Axis Ratio|idx:Min SD idx:Max SD
  210 ,   6301 : 2.4410330794816e+00 +(2e-02,2e-02) | 3.92e+03 |  7:1.8e-04  9:9.5e-02
  211 ,   6331 : 2.4360831296252e+00 +(2e-02,3e-02) | 3.79e+03 |  7:1.6e-04  9:8.3e-02
  212 ,   6361 : 2.4381503564566e+00 +(2e-02,4e-02) | 3.79e+03 |  7:1.4e-04  9:7.7e-02
  213 ,   6391 : 2.4414247139218e+00 +(2e-02,3e-02) | 3.80e+03 |  7:1.5e-04  9:8.2e-02
  214 ,   6421 : 2.4390128859106e+00 +(2e-02,3e-02) | 3.92e+03 |  7:1.7e-04  9:8.6e-02
  215 ,   6451 : 2.4360163282539e+00 +(2e-02,4e-02) | 3.86e+03 |  7:1.6e-04  9:8.2e-02
  216 ,   6481 : 2.4437743429591e+00 +(1e-02,2e-02) | 3.95e+03 |  7:1.4e-04  9:7.4e-02
  217 ,   6511 : 2.4392892867698e+00 +(2e-02,3e-02) | 3.89e+03 |  7:1.2e-04  9:6.3e-02
  218 ,   6541 : 2.4438516276710e+00 +(1e-02,3e-02) | 3.83e+03 |  7:1.1e-04  9:5.7e-02
  219 ,   6571 : 2.4378335443964e+00 +(2e-02,3e-02) | 3.64e+03 |  7:9.8e-05  9:5.1e-02
Iterat, #Fevals:   Function Value    (median,worst) |Axis Ratio|idx:Min SD idx:Max SD
  220 ,   6601 : 2.4363039257683e+00 +(2e-02,3e-02) | 3.58e+03 |  7:8.9e-05  9:4.5e-02
  221 ,   6631 : 2.4360716041935e+00 +(2e-02,3e-02) | 3.57e+03 |  7:8.5e-05  9:4.2e-02
  222 ,   6661 : 2.4352126700730e+00 +(2e-02,3e-02) | 3.72e+03 |  7:8.7e-05  9:4.6e-02
  223 ,   6691 : 2.4426372476374e+00 +(1e-02,3e-02) | 3.51e+03 |  7:8.3e-05  9:4.5e-02
  224 ,   6721 : 2.4374192299231e+00 +(2e-02,3e-02) | 3.43e+03 |  7:7.2e-05  9:3.9e-02
  225 ,   6751 : 2.4434604732329e+00 +(1e-02,3e-02) | 3.44e+03 |  7:7.5e-05  9:4.1e-02
  226 ,   6781 : 2.4371646429351e+00 +(2e-02,3e-02) | 3.56e+03 |  7:9.5e-05  9:5.0e-02
  227 ,   6811 : 2.4397462123776e+00 +(1e-02,2e-02) | 3.45e+03 |  7:1.2e-04  9:6.1e-02
  228 ,   6841 : 2.4477667804149e+00 +(6e-03,2e-02) | 3.38e+03 |  7:1.4e-04  9:6.8e-02
  229 ,   6871 : 2.4460608616624e+00 +(9e-03,2e-02) | 3.29e+03 |  7:1.3e-04  9:6.5e-02
Iterat, #Fevals:   Function Value    (median,worst) |Axis Ratio|idx:Min SD idx:Max SD
  230 ,   6901 : 2.4470402661371e+00 +(8e-03,2e-02) | 3.44e+03 |  7:1.1e-04  9:5.7e-02
  231 ,   6931 : 2.4418943431664e+00 +(2e-02,3e-02) | 3.48e+03 |  7:9.6e-05  9:4.9e-02
  232 ,   6961 : 2.4430599739159e+00 +(1e-02,3e-02) | 3.42e+03 |  7:1.0e-04  9:5.1e-02
  233 ,   6991 : 2.4350034711133e+00 +(2e-02,3e-02) | 3.34e+03 |  7:1.0e-04  9:5.0e-02
  234 ,   7021 : 2.4449127603200e+00 +(1e-02,3e-02) | 3.30e+03 |  7:9.0e-05  9:4.4e-02
  235 ,   7051 : 2.4406854709356e+00 +(1e-02,3e-02) | 3.25e+03 |  7:9.1e-05  9:4.3e-02
  236 ,   7081 : 2.4355249195924e+00 +(2e-02,3e-02) | 3.20e+03 |  7:8.9e-05  9:4.3e-02
  237 ,   7111 : 2.4443269748673e+00 +(1e-02,3e-02) | 2.96e+03 |  7:8.6e-05  9:4.1e-02
  238 ,   7141 : 2.4331811730796e+00 +(3e-02,4e-02) | 2.90e+03 |  7:8.4e-05  9:4.0e-02
  239 ,   7171 : 2.4418371221855e+00 +(1e-02,3e-02) | 3.02e+03 |  7:9.4e-05  9:4.5e-02
Iterat, #Fevals:   Function Value    (median,worst) |Axis Ratio|idx:Min SD idx:Max SD
  240 ,   7201 : 2.4467169973419e+00 +(1e-02,2e-02) | 3.04e+03 |  7:9.0e-05  9:4.0e-02
  241 ,   7231 : 2.4376738185398e+00 +(2e-02,3e-02) | 3.39e+03 |  7:1.1e-04  9:5.0e-02
  242 ,   7261 : 2.4368078692070e+00 +(2e-02,3e-02) | 3.58e+03 |  7:1.0e-04  9:4.9e-02
  243 ,   7291 : 2.4480206938291e+00 +(6e-03,2e-02) | 3.43e+03 |  7:1.1e-04  9:5.2e-02
  244 ,   7321 : 2.4407348217479e+00 +(2e-02,3e-02) | 3.38e+03 |  7:1.1e-04  9:5.2e-02
  245 ,   7351 : 2.4386410691428e+00 +(2e-02,3e-02) | 3.57e+03 |  7:1.1e-04  9:5.3e-02
  246 ,   7381 : 2.4384407699373e+00 +(2e-02,2e-02) | 3.51e+03 |  7:1.2e-04  9:5.9e-02
  247 ,   7411 : 2.4457631779302e+00 +(1e-02,2e-02) | 3.53e+03 |  7:1.2e-04  9:6.1e-02
  248 ,   7441 : 2.4383448042224e+00 +(2e-02,3e-02) | 3.52e+03 |  7:1.3e-04  9:6.3e-02
  249 ,   7471 : 2.4449208480206e+00 +(1e-02,3e-02) | 3.47e+03 |  7:1.3e-04  9:6.0e-02
Iterat, #Fevals:   Function Value    (median,worst) |Axis Ratio|idx:Min SD idx:Max SD
  250 ,   7501 : 2.4427076453525e+00 +(2e-02,3e-02) | 3.49e+03 |  7:1.3e-04  9:6.1e-02
  251 ,   7531 : 2.4433243727017e+00 +(1e-02,3e-02) | 3.42e+03 |  7:1.2e-04  9:5.9e-02
  252 ,   7561 : 2.4409806595504e+00 +(1e-02,2e-02) | 3.43e+03 |  7:1.3e-04  9:6.1e-02
  253 ,   7591 : 2.4391373679973e+00 +(2e-02,3e-02) | 3.41e+03 |  7:1.5e-04  9:6.7e-02
  254 ,   7621 : 2.4362554387255e+00 +(2e-02,3e-02) | 3.73e+03 |  7:1.6e-04  9:7.7e-02
  255 ,   7651 : 2.4407645848535e+00 +(1e-02,3e-02) | 3.97e+03 |  7:1.4e-04  9:7.3e-02
  256 ,   7681 : 2.4393323250813e+00 +(2e-02,3e-02) | 4.08e+03 |  7:1.2e-04  9:6.3e-02
  257 ,   7711 : 2.4418618798729e+00 +(1e-02,2e-02) | 4.11e+03 |  7:1.2e-04  9:6.0e-02
  258 ,   7741 : 2.4424611952958e+00 +(1e-02,3e-02) | 4.35e+03 |  7:1.2e-04  9:6.1e-02
  259 ,   7771 : 2.4444073699478e+00 +(1e-02,2e-02) | 4.29e+03 |  7:1.1e-04  9:5.8e-02
Iterat, #Fevals:   Function Value    (median,worst) |Axis Ratio|idx:Min SD idx:Max SD
  260 ,   7801 : 2.4344555192447e+00 +(2e-02,3e-02) | 3.84e+03 |  7:1.2e-04  9:6.3e-02
  261 ,   7831 : 2.4427348661828e+00 +(1e-02,3e-02) | 3.94e+03 |  7:1.1e-04  9:6.1e-02
  262 ,   7861 : 2.4462009420457e+00 +(8e-03,2e-02) | 4.00e+03 |  7:1.1e-04  9:6.0e-02
  263 ,   7891 : 2.4422267915516e+00 +(1e-02,2e-02) | 4.06e+03 |  7:1.1e-04  9:6.0e-02
  264 ,   7921 : 2.4364779005853e+00 +(2e-02,3e-02) | 3.99e+03 |  7:1.1e-04  9:5.7e-02
  265 ,   7951 : 2.4402086232359e+00 +(2e-02,3e-02) | 3.93e+03 |  7:1.1e-04  9:5.8e-02
  266 ,   7981 : 2.4364511531398e+00 +(2e-02,3e-02) | 4.02e+03 |  7:9.4e-05  9:5.3e-02
  267 ,   8011 : 2.4439130263585e+00 +(1e-02,2e-02) | 4.06e+03 |  7:8.7e-05  9:5.0e-02
  268 ,   8041 : 2.4446718771954e+00 +(1e-02,2e-02) | 4.03e+03 |  7:7.8e-05  9:4.4e-02
  269 ,   8071 : 2.4440940885820e+00 +(1e-02,2e-02) | 3.98e+03 |  7:7.6e-05  9:4.2e-02
Iterat, #Fevals:   Function Value    (median,worst) |Axis Ratio|idx:Min SD idx:Max SD
  270 ,   8101 : 2.4447507925974e+00 +(7e-03,3e-02) | 4.02e+03 |  7:7.3e-05  9:4.1e-02
  271 ,   8131 : 2.4427532091421e+00 +(1e-02,2e-02) | 4.02e+03 |  7:6.6e-05  9:3.7e-02
  272 ,   8161 : 2.4443673174902e+00 +(1e-02,2e-02) | 3.91e+03 |  7:5.3e-05  9:2.8e-02
  273 ,   8191 : 2.4356955950736e+00 +(2e-02,3e-02) | 3.97e+03 |  7:5.2e-05  9:2.8e-02
  274 ,   8221 : 2.4403210149265e+00 +(2e-02,3e-02) | 3.97e+03 |  7:5.4e-05  9:2.8e-02
  275 ,   8251 : 2.4429639303966e+00 +(1e-02,2e-02) | 3.91e+03 |  7:5.3e-05  9:2.7e-02
  276 ,   8281 : 2.4385834348949e+00 +(2e-02,3e-02) | 3.95e+03 |  7:5.1e-05  9:2.6e-02
  277 ,   8311 : 2.4367341403006e+00 +(2e-02,3e-02) | 3.99e+03 |  7:4.1e-05  9:2.1e-02
  278 ,   8341 : 2.4418522376705e+00 +(9e-03,3e-02) | 4.11e+03 |  7:4.3e-05  9:2.3e-02
  279 ,   8371 : 2.4398653098435e+00 +(2e-02,3e-02) | 4.57e+03 |  7:4.9e-05  9:2.7e-02
Iterat, #Fevals:   Function Value    (median,worst) |Axis Ratio|idx:Min SD idx:Max SD
  280 ,   8401 : 2.4403815612861e+00 +(1e-02,3e-02) | 4.72e+03 |  7:5.1e-05  9:2.9e-02
  281 ,   8431 : 2.4456622830636e+00 +(8e-03,2e-02) | 4.73e+03 |  7:5.2e-05  9:2.9e-02
  282 ,   8461 : 2.4370547306304e+00 +(2e-02,3e-02) | 4.73e+03 |  7:5.1e-05  9:2.9e-02
  283 ,   8491 : 2.4436548920204e+00 +(1e-02,2e-02) | 5.04e+03 |  7:5.3e-05  9:3.2e-02
  284 ,   8521 : 2.4366507240069e+00 +(2e-02,3e-02) | 5.29e+03 |  7:7.0e-05  9:4.2e-02
  285 ,   8551 : 2.4390960568452e+00 +(1e-02,3e-02) | 4.89e+03 |  7:7.2e-05  9:4.5e-02
  286 ,   8581 : 2.4462056354914e+00 +(7e-03,2e-02) | 4.92e+03 |  7:7.4e-05  9:4.6e-02
  287 ,   8611 : 2.4427688422294e+00 +(1e-02,2e-02) | 4.86e+03 |  7:8.2e-05  9:4.8e-02
  288 ,   8641 : 2.4402582877362e+00 +(1e-02,2e-02) | 4.57e+03 |  7:8.3e-05  9:5.0e-02
  289 ,   8671 : 2.4361158766656e+00 +(2e-02,3e-02) | 4.63e+03 |  7:7.7e-05  9:4.6e-02
Iterat, #Fevals:   Function Value    (median,worst) |Axis Ratio|idx:Min SD idx:Max SD
  290 ,   8701 : 2.4411611260480e+00 +(1e-02,2e-02) | 4.53e+03 |  7:8.8e-05  9:5.2e-02
  291 ,   8731 : 2.4439338833398e+00 +(1e-02,2e-02) | 4.36e+03 |  7:9.2e-05  9:5.7e-02
  292 ,   8761 : 2.4404426812683e+00 +(1e-02,3e-02) | 4.30e+03 |  7:1.0e-04  9:6.1e-02
  293 ,   8791 : 2.4446819274575e+00 +(1e-02,3e-02) | 4.36e+03 |  7:1.0e-04  9:5.9e-02
  294 ,   8821 : 2.4388347495007e+00 +(2e-02,3e-02) | 4.72e+03 |  7:9.6e-05  9:6.0e-02
  295 ,   8851 : 2.4382071376587e+00 +(2e-02,3e-02) | 4.49e+03 |  7:8.8e-05  9:5.5e-02
  296 ,   8881 : 2.4395313775859e+00 +(1e-02,3e-02) | 4.33e+03 |  7:8.0e-05  9:5.1e-02
  297 ,   8911 : 2.4401887686333e+00 +(2e-02,3e-02) | 4.20e+03 |  7:7.4e-05  9:4.7e-02
  298 ,   8941 : 2.4412528229373e+00 +(1e-02,3e-02) | 4.05e+03 |  7:6.2e-05  9:3.8e-02
  299 ,   8971 : 2.4494564627656e+00 +(6e-03,2e-02) | 3.99e+03 |  7:5.8e-05  9:3.5e-02
Iterat, #Fevals:   Function Value    (median,worst) |Axis Ratio|idx:Min SD idx:Max SD
  300 ,   9001 : 2.4390555401403e+00 +(2e-02,3e-02) | 4.04e+03 |  7:5.6e-05  9:3.3e-02
  301 ,   9031 : 2.4420501872162e+00 +(1e-02,2e-02) | 4.20e+03 |  7:5.9e-05  9:3.4e-02
  302 ,   9061 : 2.4385270770381e+00 +(1e-02,3e-02) | 4.02e+03 |  7:5.0e-05  9:3.0e-02
  303 ,   9091 : 2.4390057399831e+00 +(2e-02,3e-02) | 3.96e+03 |  7:4.7e-05  9:2.8e-02
  304 ,   9121 : 2.4384400915278e+00 +(2e-02,3e-02) | 4.05e+03 |  7:4.7e-05  9:2.9e-02
  305 ,   9151 : 2.4384895885417e+00 +(1e-02,3e-02) | 4.05e+03 |  7:4.6e-05  9:2.8e-02
  306 ,   9181 : 2.4387982974172e+00 +(2e-02,3e-02) | 4.14e+03 |  7:4.1e-05  9:2.6e-02
  307 ,   9211 : 2.4360554893200e+00 +(2e-02,3e-02) | 4.26e+03 |  7:4.0e-05  9:2.5e-02
  308 ,   9241 : 2.4407694783805e+00 +(2e-02,3e-02) | 4.31e+03 |  7:3.4e-05  9:2.1e-02
  309 ,   9271 : 2.4358781029827e+00 +(2e-02,3e-02) | 4.24e+03 |  7:2.8e-05  9:1.9e-02
Iterat, #Fevals:   Function Value    (median,worst) |Axis Ratio|idx:Min SD idx:Max SD
  310 ,   9301 : 2.4421401322635e+00 +(1e-02,2e-02) | 4.28e+03 |  7:2.9e-05  9:1.9e-02
  311 ,   9331 : 2.4361571116502e+00 +(2e-02,4e-02) | 4.26e+03 |  7:2.6e-05  9:1.7e-02
  312 ,   9361 : 2.4420331435106e+00 +(9e-03,2e-02) | 4.22e+03 |  7:2.4e-05  9:1.7e-02
  313 ,   9391 : 2.4401916822785e+00 +(1e-02,2e-02) | 4.33e+03 |  7:2.5e-05  9:1.8e-02
  314 ,   9421 : 2.4352636355503e+00 +(2e-02,3e-02) | 4.14e+03 |  7:3.0e-05  9:2.0e-02
  315 ,   9451 : 2.4409581779531e+00 +(1e-02,3e-02) | 4.25e+03 |  7:3.1e-05  9:2.1e-02
  316 ,   9481 : 2.4341947989135e+00 +(2e-02,3e-02) | 4.40e+03 |  7:3.6e-05  9:2.3e-02
  317 ,   9511 : 2.4403721866049e+00 +(1e-02,2e-02) | 4.62e+03 |  7:3.9e-05  9:2.6e-02
  318 ,   9541 : 2.4416802302589e+00 +(1e-02,3e-02) | 4.94e+03 |  7:4.1e-05  9:2.8e-02
  319 ,   9571 : 2.4390524226657e+00 +(2e-02,3e-02) | 4.83e+03 |  7:5.1e-05  9:3.4e-02
Iterat, #Fevals:   Function Value    (median,worst) |Axis Ratio|idx:Min SD idx:Max SD
  320 ,   9601 : 2.4431660024357e+00 +(1e-02,2e-02) | 4.68e+03 |  7:5.3e-05  9:3.6e-02
  321 ,   9631 : 2.4460399695077e+00 +(1e-02,2e-02) | 4.96e+03 |  7:5.2e-05  9:3.7e-02
  322 ,   9661 : 2.4421116704698e+00 +(9e-03,2e-02) | 4.84e+03 |  7:5.0e-05  9:3.5e-02
  323 ,   9691 : 2.4421286491869e+00 +(1e-02,2e-02) | 5.03e+03 |  7:4.8e-05  9:3.4e-02
  324 ,   9721 : 2.4474069519187e+00 +(7e-03,3e-02) | 5.38e+03 |  7:5.3e-05  9:4.0e-02
  325 ,   9751 : 2.4388984892241e+00 +(1e-02,3e-02) | 5.65e+03 |  7:5.5e-05  9:4.5e-02
  326 ,   9781 : 2.4352730902294e+00 +(2e-02,3e-02) | 5.66e+03 |  7:5.0e-05  9:4.1e-02
  327 ,   9811 : 2.4375845463073e+00 +(2e-02,3e-02) | 5.92e+03 |  7:4.8e-05  9:4.1e-02
  328 ,   9841 : 2.4423502250670e+00 +(8e-03,2e-02) | 6.08e+03 |  7:4.5e-05  9:3.7e-02
  329 ,   9871 : 2.4368391456151e+00 +(2e-02,3e-02) | 6.04e+03 |  7:4.2e-05  9:3.4e-02
Iterat, #Fevals:   Function Value    (median,worst) |Axis Ratio|idx:Min SD idx:Max SD
  330 ,   9901 : 2.4415939761419e+00 +(1e-02,2e-02) | 6.17e+03 |  7:3.5e-05  9:3.0e-02
  331 ,   9931 : 2.4429903192016e+00 +(1e-02,3e-02) | 6.33e+03 |  7:3.7e-05  9:3.0e-02
  332 ,   9961 : 2.4428704505701e+00 +(9e-03,2e-02) | 6.16e+03 |  7:4.2e-05  9:3.4e-02
  333 ,   9991 : 2.4401854525641e+00 +(1e-02,3e-02) | 6.10e+03 |  7:4.5e-05  9:3.4e-02
  334 ,  10021 : 2.4374843326559e+00 +(1e-02,3e-02) | 6.21e+03 |  7:3.9e-05  9:3.1e-02
  335 ,  10051 : 2.4357590985276e+00 +(2e-02,3e-02) | 6.37e+03 |  7:4.5e-05  9:3.4e-02
  336 ,  10081 : 2.4412505123020e+00 +(1e-02,2e-02) | 6.32e+03 |  7:4.5e-05  9:3.3e-02
  337 ,  10111 : 2.4428209046801e+00 +(1e-02,2e-02) | 6.56e+03 |  7:4.8e-05  9:3.4e-02
  338 ,  10141 : 2.4454024858167e+00 +(9e-03,2e-02) | 6.40e+03 |  7:4.8e-05  9:3.5e-02
  339 ,  10171 : 2.4414250122288e+00 +(1e-02,3e-02) | 6.38e+03 |  7:5.9e-05  9:4.3e-02
Iterat, #Fevals:   Function Value    (median,worst) |Axis Ratio|idx:Min SD idx:Max SD
  340 ,  10201 : 2.4425988917089e+00 +(1e-02,2e-02) | 6.15e+03 |  7:7.2e-05  9:5.0e-02
  341 ,  10231 : 2.4427902767113e+00 +(1e-02,2e-02) | 6.41e+03 |  7:8.2e-05  9:5.7e-02
  342 ,  10261 : 2.4374974284774e+00 +(2e-02,3e-02) | 6.80e+03 |  7:8.7e-05  9:5.7e-02
  343 ,  10291 : 2.4445612265880e+00 +(9e-03,2e-02) | 7.22e+03 |  7:9.2e-05  9:6.4e-02
  344 ,  10321 : 2.4363338508353e+00 +(2e-02,2e-02) | 7.19e+03 |  7:9.0e-05  9:6.2e-02
  345 ,  10351 : 2.4393329497776e+00 +(2e-02,3e-02) | 7.20e+03 |  7:8.3e-05  9:5.6e-02
  346 ,  10381 : 2.4382752397301e+00 +(2e-02,3e-02) | 7.24e+03 |  7:7.9e-05  9:5.2e-02
  347 ,  10411 : 2.4460069268459e+00 +(6e-03,2e-02) | 7.56e+03 |  7:7.9e-05  9:5.4e-02
  348 ,  10441 : 2.4417161173157e+00 +(1e-02,3e-02) | 7.64e+03 |  7:7.4e-05  9:5.1e-02
  349 ,  10471 : 2.4376798128415e+00 +(2e-02,3e-02) | 8.33e+03 |  7:8.1e-05  9:5.7e-02
Iterat, #Fevals:   Function Value    (median,worst) |Axis Ratio|idx:Min SD idx:Max SD
  350 ,  10501 : 2.4361044917317e+00 +(1e-02,3e-02) | 8.63e+03 |  7:7.4e-05  9:5.2e-02
  351 ,  10531 : 2.4401944589862e+00 +(1e-02,3e-02) | 8.55e+03 |  7:7.9e-05  9:5.7e-02
  352 ,  10561 : 2.4400020267042e+00 +(1e-02,3e-02) | 8.68e+03 |  7:8.5e-05  9:5.9e-02
  353 ,  10591 : 2.4375988121593e+00 +(2e-02,3e-02) | 8.21e+03 |  7:8.0e-05  9:5.4e-02
  354 ,  10621 : 2.4348698858031e+00 +(2e-02,3e-02) | 8.14e+03 |  7:6.6e-05  9:4.3e-02
  355 ,  10651 : 2.4403780078799e+00 +(2e-02,2e-02) | 7.79e+03 |  7:6.2e-05  9:4.0e-02
  356 ,  10681 : 2.4400764963600e+00 +(2e-02,2e-02) | 7.54e+03 |  7:5.7e-05  9:3.8e-02
  357 ,  10711 : 2.4389973661004e+00 +(1e-02,3e-02) | 7.43e+03 |  7:5.4e-05  9:3.5e-02
  358 ,  10741 : 2.4407620542591e+00 +(1e-02,3e-02) | 7.25e+03 |  7:5.2e-05  9:3.3e-02
  359 ,  10771 : 2.4377241341797e+00 +(2e-02,3e-02) | 7.56e+03 |  7:4.5e-05  9:3.0e-02
Iterat, #Fevals:   Function Value    (median,worst) |Axis Ratio|idx:Min SD idx:Max SD
  360 ,  10801 : 2.4334698135707e+00 +(2e-02,3e-02) | 7.48e+03 |  7:4.5e-05  9:2.8e-02
  361 ,  10831 : 2.4438220555360e+00 +(1e-02,3e-02) | 7.63e+03 |  7:4.3e-05  9:2.7e-02
  362 ,  10861 : 2.4382441493999e+00 +(1e-02,2e-02) | 7.61e+03 |  7:4.2e-05  9:2.5e-02
  363 ,  10891 : 2.4436994158257e+00 +(1e-02,3e-02) | 7.45e+03 |  7:4.0e-05  9:2.3e-02
  364 ,  10921 : 2.4380032164419e+00 +(1e-02,3e-02) | 7.71e+03 |  7:3.8e-05  9:2.2e-02
  365 ,  10951 : 2.4397027762819e+00 +(1e-02,3e-02) | 7.67e+03 |  7:3.6e-05  9:2.1e-02
  366 ,  10981 : 2.4412825547385e+00 +(1e-02,2e-02) | 7.46e+03 |  7:3.3e-05  9:1.9e-02
  367 ,  11011 : 2.4416292019098e+00 +(1e-02,2e-02) | 7.67e+03 |  7:3.1e-05  9:1.8e-02
  368 ,  11041 : 2.4417635359128e+00 +(1e-02,2e-02) | 7.98e+03 |  7:2.8e-05  9:1.8e-02
  369 ,  11071 : 2.4391184662917e+00 +(1e-02,3e-02) | 8.18e+03 |  7:2.6e-05  9:1.7e-02
Iterat, #Fevals:   Function Value    (median,worst) |Axis Ratio|idx:Min SD idx:Max SD
  370 ,  11101 : 2.4389386835944e+00 +(1e-02,3e-02) | 8.55e+03 |  7:2.6e-05  9:1.8e-02
  371 ,  11131 : 2.4401813893426e+00 +(1e-02,2e-02) | 8.30e+03 |  7:2.8e-05  9:1.8e-02
  372 ,  11161 : 2.4406490204883e+00 +(1e-02,3e-02) | 8.42e+03 |  7:3.4e-05  9:2.3e-02
  373 ,  11191 : 2.4439292314578e+00 +(9e-03,2e-02) | 8.51e+03 |  7:3.5e-05  9:2.2e-02
  374 ,  11221 : 2.4389297898651e+00 +(1e-02,3e-02) | 8.53e+03 |  7:3.3e-05  9:2.1e-02
  375 ,  11251 : 2.4426616554281e+00 +(8e-03,2e-02) | 8.28e+03 |  7:3.2e-05  9:2.0e-02
  376 ,  11281 : 2.4402467973687e+00 +(1e-02,2e-02) | 7.55e+03 |  7:3.8e-05  9:2.3e-02
  377 ,  11311 : 2.4419375064696e+00 +(1e-02,3e-02) | 6.64e+03 |  7:4.2e-05  9:2.4e-02
  378 ,  11341 : 2.4434040826852e+00 +(1e-02,2e-02) | 6.33e+03 |  7:5.0e-05  9:2.8e-02
  379 ,  11371 : 2.4372958921398e+00 +(2e-02,2e-02) | 6.08e+03 |  7:5.5e-05  9:2.9e-02
Iterat, #Fevals:   Function Value    (median,worst) |Axis Ratio|idx:Min SD idx:Max SD
  380 ,  11401 : 2.4388653390520e+00 +(1e-02,3e-02) | 6.13e+03 |  7:6.3e-05  9:3.3e-02
