
                            < M A T L A B (R) >
                  Copyright 1984-2015 The MathWorks, Inc.
                   R2015a (8.5.0.197613) 64-bit (glnxa64)
                             February 12, 2015

 
For online documentation, see http://www.mathworks.com/support
For product information, visit www.mathworks.com.
 

	Academic License


seed =

                246.444761


InitialthetaLB =

                       0.1
                         1
                         1
                       0.1
                         1
                       0.1
                     0.001
                    0.0001
                       300


InitialthetaUB =

      100000
    10000000
   100000000
       10000
       10000
        1000
           5
         100
        2000


Initialtheta =

          47964.9808784471
          9124664.50860027
          69041782.3849165
          5893.84980803239
          70.5619398969395
          410.608373648267
          2.87762702102288
          46.3360791523485
          408.953929134277

  n=9: (15,30)-CMA-ES(w=[21 15 12... 0.77 0.25]%, ]%, mu_eff=8.6) on function Error
Iterat, #Fevals:   Function Value    (median,worst) |Axis Ratio|idx:Min SD idx:Max SD
    1 ,     31 : 4.2626676355077e+01 +(2e+05,5e+21) | 1.27e+02 |  2:3.7e-01  5:4.7e+01
    2 ,     61 : 7.4517400811446e+01 +(1e+01,2e+13) | 1.36e+02 |  2:4.0e-01  5:5.4e+01
    3 ,     91 : 2.7640645911595e+01 +(6e+01,3e+12) | 1.33e+02 |  2:4.3e-01  5:5.6e+01
    4 ,    121 : 4.0646984738500e+01 +(4e+01,6e+12) | 1.41e+02 |  2:4.1e-01  5:5.7e+01
    5 ,    151 : 4.4491608454260e+01 +(4e+01,5e+07) | 1.44e+02 |  2:4.5e-01  5:6.3e+01
    6 ,    181 : 2.9540978941277e+01 +(6e+01,2e+10) | 1.56e+02 |  2:4.3e-01  5:6.6e+01
    7 ,    211 : 3.2913840130871e+01 +(5e+01,6e+09) | 1.63e+02 |  2:3.6e-01  5:5.7e+01
    8 ,    241 : 3.1967145052258e+01 +(4e+01,2e+08) | 1.66e+02 |  2:3.6e-01  5:5.7e+01
    9 ,    271 : 3.2889551045950e+01 +(5e+01,3e+07) | 1.67e+02 |  2:3.1e-01  5:5.0e+01
Iterat, #Fevals:   Function Value    (median,worst) |Axis Ratio|idx:Min SD idx:Max SD
   10 ,    301 : 3.1653232928448e+01 +(5e+01,1e+08) | 1.63e+02 |  2:3.1e-01  5:4.9e+01
   11 ,    331 : 3.3804322799404e+01 +(5e+01,3e+08) | 1.65e+02 |  2:2.6e-01  5:4.1e+01
   12 ,    361 : 3.4509688465385e+01 +(5e+01,3e+06) | 1.65e+02 |  2:2.2e-01  5:3.4e+01
   13 ,    391 : 3.2956970201603e+01 +(4e+01,2e+04) | 1.64e+02 |  2:1.9e-01  5:3.0e+01
   14 ,    421 : 3.2463870650693e+01 +(3e+01,2e+04) | 1.64e+02 |  2:1.9e-01  5:3.0e+01
   15 ,    451 : 3.2815151611197e+01 +(2e+01,4e+05) | 1.61e+02 |  2:1.9e-01  5:3.0e+01
   16 ,    481 : 3.2105783742060e+01 +(1e+01,2e+02) | 1.58e+02 |  2:1.9e-01  5:2.8e+01
   17 ,    511 : 3.2261386234055e+01 +(1e+01,4e+03) | 1.52e+02 |  2:1.9e-01  5:2.8e+01
   18 ,    541 : 3.2194570144822e+01 +(1e+01,7e+03) | 1.52e+02 |  2:1.9e-01  5:2.8e+01
   19 ,    571 : 3.1983339392178e+01 +(2e+01,3e+03) | 1.46e+02 |  2:1.7e-01  5:2.4e+01
Iterat, #Fevals:   Function Value    (median,worst) |Axis Ratio|idx:Min SD idx:Max SD
   20 ,    601 : 3.2247861057622e+01 +(6e+00,5e+02) | 1.41e+02 |  2:1.7e-01  5:2.2e+01
   21 ,    631 : 3.2158319096807e+01 +(1e+01,1e+03) | 1.45e+02 |  2:1.5e-01  5:2.1e+01
   22 ,    661 : 3.2107615169250e+01 +(6e+00,1e+02) | 1.44e+02 |  2:1.5e-01  5:2.1e+01
   23 ,    691 : 3.1998146121159e+01 +(8e+00,8e+02) | 1.38e+02 |  2:1.9e-01  5:2.4e+01
   24 ,    721 : 3.1303216735948e+01 +(7e+00,1e+03) | 1.34e+02 |  2:2.1e-01  5:2.5e+01
   25 ,    751 : 3.1690556074857e+01 +(1e+01,3e+03) | 1.33e+02 |  2:1.8e-01  5:2.2e+01
   26 ,    781 : 3.1860287942531e+01 +(6e+00,9e+01) | 1.33e+02 |  2:2.0e-01  5:2.3e+01
   27 ,    811 : 3.1979003057392e+01 +(7e+00,3e+02) | 1.32e+02 |  2:2.1e-01  5:2.3e+01
   28 ,    841 : 3.1639115844073e+01 +(9e+00,1e+02) | 1.37e+02 |  2:1.9e-01  5:2.1e+01
   29 ,    871 : 3.2015783068512e+01 +(5e+00,7e+01) | 1.36e+02 |  2:1.7e-01  5:1.8e+01
Iterat, #Fevals:   Function Value    (median,worst) |Axis Ratio|idx:Min SD idx:Max SD
   30 ,    901 : 3.1882931038059e+01 +(5e+00,1e+02) | 1.54e+02 |  2:1.8e-01  5:2.1e+01
   31 ,    931 : 3.1893280122127e+01 +(2e+00,5e+01) | 1.57e+02 |  2:1.8e-01  5:2.1e+01
   32 ,    961 : 3.1714961906202e+01 +(4e+00,5e+01) | 1.62e+02 |  2:1.5e-01  5:1.8e+01
   33 ,    991 : 3.1932460251785e+01 +(2e+00,2e+01) | 1.66e+02 |  7:1.4e-01  5:1.6e+01
   34 ,   1021 : 3.2000397349738e+01 +(1e+00,4e+01) | 1.73e+02 |  7:1.4e-01  5:1.7e+01
   35 ,   1051 : 3.2065028186578e+01 +(1e+00,2e+01) | 1.79e+02 |  7:1.4e-01  5:1.6e+01
   36 ,   1081 : 3.1665089794444e+01 +(2e+00,2e+01) | 1.79e+02 |  7:1.6e-01  5:1.6e+01
   37 ,   1111 : 3.1688119200082e+01 +(2e+00,3e+01) | 1.79e+02 |  7:1.6e-01  5:1.6e+01
   38 ,   1141 : 3.1805161497831e+01 +(2e+00,3e+01) | 1.85e+02 |  7:1.7e-01  5:1.6e+01
   39 ,   1171 : 3.1769435843129e+01 +(3e+00,3e+01) | 1.84e+02 |  7:1.5e-01  5:1.4e+01
Iterat, #Fevals:   Function Value    (median,worst) |Axis Ratio|idx:Min SD idx:Max SD
   40 ,   1201 : 3.2030567408735e+01 +(1e+00,1e+01) | 1.84e+02 |  7:1.5e-01  5:1.4e+01
   41 ,   1231 : 3.1436023803727e+01 +(2e+00,2e+01) | 2.07e+02 |  7:1.4e-01  5:1.5e+01
   42 ,   1261 : 3.1439242018387e+01 +(2e+00,3e+01) | 2.14e+02 |  7:1.5e-01  5:1.5e+01
   43 ,   1291 : 3.1465823924822e+01 +(1e+00,5e+01) | 2.17e+02 |  7:1.4e-01  5:1.4e+01
   44 ,   1321 : 3.1985160038390e+01 +(1e+00,1e+01) | 2.24e+02 |  7:1.4e-01  5:1.5e+01
   45 ,   1351 : 3.1645671278351e+01 +(7e-01,5e+01) | 2.26e+02 |  7:1.5e-01  5:1.5e+01
   46 ,   1381 : 3.1116252865358e+01 +(1e+00,2e+01) | 2.27e+02 |  2:1.7e-01  5:1.5e+01
   47 ,   1411 : 3.1666862653332e+01 +(4e+00,5e+01) | 2.37e+02 |  2:1.5e-01  5:1.4e+01
   48 ,   1441 : 3.1333748055197e+01 +(1e+00,1e+01) | 2.49e+02 |  2:1.2e-01  5:1.2e+01
   49 ,   1471 : 3.1509349523473e+01 +(1e+00,7e+00) | 2.55e+02 |  2:1.1e-01  5:1.1e+01
Iterat, #Fevals:   Function Value    (median,worst) |Axis Ratio|idx:Min SD idx:Max SD
   50 ,   1501 : 3.1198166016238e+01 +(8e-01,8e+00) | 2.78e+02 |  3:1.4e-01  5:1.4e+01
   51 ,   1531 : 3.1134650485038e+01 +(1e+00,1e+01) | 2.90e+02 |  3:1.6e-01  5:1.5e+01
   52 ,   1561 : 3.0992907461384e+01 +(2e+00,2e+01) | 3.05e+02 |  2:1.8e-01  5:1.7e+01
   53 ,   1591 : 3.0564360339332e+01 +(3e+00,3e+01) | 3.25e+02 |  3:1.8e-01  5:1.8e+01
   54 ,   1621 : 2.0080457799366e+01 +(1e+01,7e+01) | 3.39e+02 |  3:1.8e-01  5:1.9e+01
   55 ,   1651 : 2.8499714174244e+01 +(9e+00,2e+03) | 3.47e+02 |  3:1.6e-01  5:1.7e+01
   56 ,   1681 : 2.9898254780274e+01 +(4e+00,9e+02) | 3.49e+02 |  3:1.6e-01  5:1.7e+01
   57 ,   1711 : 3.0593221982751e+01 +(5e+00,5e+01) | 3.56e+02 |  3:1.5e-01  5:1.6e+01
   58 ,   1741 : 3.0186314208275e+01 +(3e+00,4e+01) | 3.69e+02 |  2:1.4e-01  5:1.4e+01
   59 ,   1771 : 2.7622057828466e+01 +(4e+00,2e+01) | 3.70e+02 |  3:1.6e-01  5:1.5e+01
Iterat, #Fevals:   Function Value    (median,worst) |Axis Ratio|idx:Min SD idx:Max SD
   60 ,   1801 : 2.8668790919188e+01 +(6e+00,6e+01) | 3.81e+02 |  2:1.6e-01  5:1.5e+01
   61 ,   1831 : 2.9070655472963e+01 +(3e+00,6e+01) | 3.95e+02 |  2:1.5e-01  5:1.4e+01
   62 ,   1861 : 2.8811211395813e+01 +(8e+00,6e+01) | 4.39e+02 |  2:1.7e-01  5:1.8e+01
   63 ,   1891 : 2.9853156989574e+01 +(6e+00,1e+03) | 4.43e+02 |  2:1.5e-01  5:1.6e+01
   64 ,   1921 : 2.3212169374707e+01 +(9e+00,5e+01) | 4.47e+02 |  3:1.8e-01  5:1.8e+01
   65 ,   1951 : 2.5261043512890e+01 +(1e+01,2e+02) | 4.47e+02 |  3:1.7e-01  5:1.8e+01
   66 ,   1981 : 3.0969626688578e+01 +(3e+00,7e+01) | 4.41e+02 |  3:1.6e-01  5:1.7e+01
   67 ,   2011 : 3.0010053453476e+01 +(3e+00,1e+02) | 4.43e+02 |  3:1.5e-01  5:1.6e+01
   68 ,   2041 : 2.9799939467430e+01 +(7e+00,6e+01) | 4.38e+02 |  3:1.3e-01  5:1.3e+01
   69 ,   2071 : 2.9693723796361e+01 +(2e+00,2e+01) | 4.52e+02 |  3:1.2e-01  5:1.2e+01
Iterat, #Fevals:   Function Value    (median,worst) |Axis Ratio|idx:Min SD idx:Max SD
   70 ,   2101 : 2.8375417150459e+01 +(4e+00,6e+01) | 4.56e+02 |  3:1.2e-01  5:1.3e+01
   71 ,   2131 : 2.7369430914694e+01 +(4e+00,6e+01) | 4.83e+02 |  3:1.4e-01  5:1.5e+01
   72 ,   2161 : 2.3554262935396e+01 +(9e+00,1e+03) | 4.97e+02 |  3:1.4e-01  5:1.5e+01
   73 ,   2191 : 2.3450892352242e+01 +(1e+01,3e+02) | 4.98e+02 |  3:1.3e-01  5:1.4e+01
   74 ,   2221 : 2.9799735809445e+01 +(3e+00,3e+02) | 4.86e+02 |  3:1.3e-01  5:1.5e+01
   75 ,   2251 : 2.7051569669917e+01 +(4e+00,6e+01) | 4.87e+02 |  3:1.2e-01  5:1.3e+01
   76 ,   2281 : 2.7444461023734e+01 +(5e+00,4e+02) | 5.14e+02 |  3:1.3e-01  5:1.5e+01
   77 ,   2311 : 1.0438467660970e+01 +(2e+01,1e+04) | 5.02e+02 |  3:1.3e-01  5:1.4e+01
   78 ,   2341 : 2.8183975155335e+01 +(5e+00,5e+02) | 5.21e+02 |  3:1.1e-01  5:1.3e+01
   79 ,   2371 : 2.7794562009575e+01 +(4e+00,6e+01) | 5.33e+02 |  3:1.0e-01  5:1.2e+01
Iterat, #Fevals:   Function Value    (median,worst) |Axis Ratio|idx:Min SD idx:Max SD
   80 ,   2401 : 2.9271024486554e+01 +(2e+00,2e+01) | 5.61e+02 |  3:1.0e-01  5:1.2e+01
   81 ,   2431 : 2.7936860415379e+01 +(3e+00,3e+01) | 5.76e+02 |  3:9.5e-02  5:1.1e+01
   82 ,   2461 : 2.5821175144218e+01 +(5e+00,6e+01) | 5.89e+02 |  3:1.0e-01  5:1.1e+01
   83 ,   2491 : 1.5788991433209e+01 +(2e+01,8e+01) | 6.00e+02 |  3:9.7e-02  5:1.1e+01
   84 ,   2521 : 2.2845273889946e+01 +(7e+00,7e+04) | 5.91e+02 |  3:1.0e-01  5:1.1e+01
   85 ,   2551 : 1.4573436145561e+01 +(2e+01,1e+02) | 6.19e+02 |  3:1.1e-01  5:1.1e+01
   86 ,   2581 : 2.0514856701674e+01 +(1e+01,2e+02) | 6.47e+02 |  3:1.1e-01  5:1.2e+01
   87 ,   2611 : 1.4072510139395e+01 +(3e+01,1e+03) | 6.50e+02 |  3:1.1e-01  5:1.2e+01
   88 ,   2641 : 2.1200832483650e+01 +(1e+01,5e+02) | 6.49e+02 |  3:1.0e-01  5:1.1e+01
   89 ,   2671 : 2.1710005961866e+01 +(9e+00,2e+03) | 6.46e+02 |  3:9.8e-02  5:1.1e+01
Iterat, #Fevals:   Function Value    (median,worst) |Axis Ratio|idx:Min SD idx:Max SD
   90 ,   2701 : 2.4441747843047e+01 +(6e+00,1e+03) | 6.55e+02 |  3:1.1e-01  5:1.2e+01
   91 ,   2731 : 2.1347630150586e+01 +(9e+00,6e+01) | 6.96e+02 |  3:9.7e-02  5:1.1e+01
   92 ,   2761 : 2.1998863306191e+01 +(9e+00,6e+01) | 7.01e+02 |  3:8.5e-02  5:9.9e+00
   93 ,   2791 : 1.6448709725622e+01 +(1e+01,7e+01) | 7.22e+02 |  3:7.7e-02  5:9.0e+00
   94 ,   2821 : 5.0286822640366e+00 +(2e+01,3e+02) | 7.40e+02 |  3:8.8e-02  5:1.0e+01
   95 ,   2851 : 2.3760385325647e+01 +(2e+01,3e+02) | 7.32e+02 |  3:8.5e-02  5:9.4e+00
   96 ,   2881 : 1.4052495378900e+01 +(2e+01,1e+05) | 7.34e+02 |  3:8.2e-02  5:9.2e+00
   97 ,   2911 : 8.7545487844754e+00 +(2e+01,9e+02) | 7.27e+02 |  3:8.2e-02  5:9.3e+00
   98 ,   2941 : 1.7500010425070e+01 +(2e+01,7e+02) | 7.55e+02 |  3:8.0e-02  5:9.2e+00
   99 ,   2971 : 1.3663219961785e+01 +(1e+01,7e+01) | 7.61e+02 |  3:8.0e-02  5:8.9e+00
Iterat, #Fevals:   Function Value    (median,worst) |Axis Ratio|idx:Min SD idx:Max SD
  100 ,   3001 : 1.5702015597699e+01 +(1e+01,4e+03) | 7.66e+02 |  3:8.2e-02  5:9.0e+00
  101 ,   3031 : 1.6989757880722e+01 +(1e+01,7e+01) | 7.73e+02 |  7:7.9e-02  5:8.6e+00
  102 ,   3061 : 5.6687684862689e+00 +(3e+01,1e+04) | 7.93e+02 |  7:7.0e-02  5:7.7e+00
  103 ,   3091 : 1.3364907636923e+01 +(1e+01,1e+05) | 7.98e+02 |  7:6.5e-02  5:7.3e+00
  104 ,   3121 : 1.0414840448842e+01 +(1e+01,2e+04) | 7.79e+02 |  7:5.6e-02  5:6.5e+00
  105 ,   3151 : 1.2410670656160e+01 +(1e+01,1e+02) | 7.55e+02 |  7:5.4e-02  5:6.4e+00
  106 ,   3181 : 1.2529576861040e+01 +(1e+01,5e+02) | 7.80e+02 |  7:5.2e-02  5:6.4e+00
  107 ,   3211 : 7.0311472242810e+00 +(2e+01,3e+02) | 7.94e+02 |  7:4.8e-02  5:6.1e+00
  108 ,   3241 : 1.1122822524778e+01 +(1e+01,1e+03) | 8.12e+02 |  7:3.8e-02  5:5.1e+00
  109 ,   3271 : 1.0233421976367e+01 +(1e+01,2e+03) | 8.26e+02 |  7:3.6e-02  5:5.1e+00
Iterat, #Fevals:   Function Value    (median,worst) |Axis Ratio|idx:Min SD idx:Max SD
  110 ,   3301 : 5.5232141084599e+00 +(1e+01,7e+02) | 8.53e+02 |  7:3.9e-02  5:5.5e+00
  111 ,   3331 : 8.9303538389261e+00 +(2e+01,3e+02) | 9.04e+02 |  7:3.8e-02  5:5.6e+00
  112 ,   3361 : 2.8923376557001e+00 +(2e+01,2e+02) | 9.07e+02 |  7:3.8e-02  5:5.9e+00
  113 ,   3391 : 2.9287708100376e+00 +(2e+01,3e+03) | 9.16e+02 |  7:3.8e-02  5:5.8e+00
  114 ,   3421 : 2.7876326125077e+00 +(7e+01,6e+03) | 9.01e+02 |  7:3.5e-02  5:5.2e+00
  115 ,   3451 : 3.0382547771402e+00 +(2e+01,1e+03) | 9.10e+02 |  7:3.0e-02  5:4.5e+00
  116 ,   3481 : 2.8892909930171e+00 +(2e+01,1e+02) | 9.69e+02 |  7:2.6e-02  5:4.2e+00
  117 ,   3511 : 2.8554967538100e+00 +(2e+01,8e+01) | 9.55e+02 |  7:2.3e-02  5:3.7e+00
  118 ,   3541 : 2.9704861699355e+00 +(8e+00,5e+01) | 1.05e+03 |  7:2.2e-02  5:3.9e+00
  119 ,   3571 : 3.0041547458558e+00 +(2e+01,1e+04) | 1.14e+03 |  7:2.4e-02  5:4.8e+00
Iterat, #Fevals:   Function Value    (median,worst) |Axis Ratio|idx:Min SD idx:Max SD
  120 ,   3601 : 3.2922623942543e+00 +(1e+01,1e+02) | 1.22e+03 |  7:2.3e-02  5:4.9e+00
  121 ,   3631 : 2.8100564286473e+00 +(1e+01,9e+01) | 1.26e+03 |  7:1.9e-02  5:4.5e+00
  122 ,   3661 : 2.7261067406770e+00 +(6e+00,1e+02) | 1.27e+03 |  7:1.8e-02  5:4.4e+00
  123 ,   3691 : 3.1135865230551e+00 +(8e+00,8e+01) | 1.29e+03 |  7:1.9e-02  5:4.8e+00
  124 ,   3721 : 4.2039876970504e+00 +(9e+00,8e+01) | 1.29e+03 |  7:1.8e-02  5:4.7e+00
  125 ,   3751 : 2.7220394623673e+00 +(9e+00,1e+02) | 1.36e+03 |  7:1.7e-02  5:4.6e+00
  126 ,   3781 : 2.8274069901445e+00 +(1e+01,2e+02) | 1.35e+03 |  7:1.5e-02  5:4.1e+00
  127 ,   3811 : 3.7735325177643e+00 +(1e+01,8e+01) | 1.38e+03 |  7:1.4e-02  5:3.9e+00
  128 ,   3841 : 2.9106804470032e+00 +(5e+00,7e+01) | 1.42e+03 |  7:1.3e-02  5:3.8e+00
  129 ,   3871 : 2.6882062382980e+00 +(7e+00,8e+01) | 1.51e+03 |  7:1.3e-02  5:3.9e+00
Iterat, #Fevals:   Function Value    (median,worst) |Axis Ratio|idx:Min SD idx:Max SD
  130 ,   3901 : 2.7275554600782e+00 +(9e+00,8e+01) | 1.53e+03 |  7:1.0e-02  5:3.2e+00
  131 ,   3931 : 3.5915921419740e+00 +(5e+00,5e+01) | 1.66e+03 |  7:1.0e-02  5:3.4e+00
  132 ,   3961 : 2.8302039352575e+00 +(5e+00,1e+02) | 1.81e+03 |  7:1.1e-02  5:4.3e+00
  133 ,   3991 : 2.8410339443633e+00 +(5e+00,6e+01) | 1.85e+03 |  7:9.8e-03  5:4.0e+00
  134 ,   4021 : 2.6937983361365e+00 +(3e+00,6e+01) | 1.92e+03 |  7:9.4e-03  5:3.9e+00
  135 ,   4051 : 3.1467744065482e+00 +(5e+00,8e+01) | 1.92e+03 |  7:8.7e-03  5:3.6e+00
  136 ,   4081 : 3.1774194762596e+00 +(2e+00,3e+01) | 1.98e+03 |  7:7.9e-03  5:3.5e+00
  137 ,   4111 : 2.7380985092932e+00 +(2e+00,9e+01) | 2.11e+03 |  7:7.4e-03  5:3.5e+00
  138 ,   4141 : 2.7322609658287e+00 +(3e+00,1e+02) | 2.15e+03 |  7:6.7e-03  5:3.4e+00
  139 ,   4171 : 2.7370337598282e+00 +(2e+00,4e+01) | 2.17e+03 |  7:5.7e-03  5:2.9e+00
Iterat, #Fevals:   Function Value    (median,worst) |Axis Ratio|idx:Min SD idx:Max SD
  140 ,   4201 : 2.7533913265870e+00 +(1e+00,8e+00) | 2.22e+03 |  7:5.3e-03  5:2.8e+00
  141 ,   4231 : 2.8267986030240e+00 +(1e+00,4e+01) | 2.30e+03 |  7:4.5e-03  5:2.5e+00
  142 ,   4261 : 2.8352564625988e+00 +(1e+00,8e+00) | 2.36e+03 |  7:5.1e-03  5:2.9e+00
  143 ,   4291 : 2.6793806287305e+00 +(1e+00,2e+01) | 2.54e+03 |  7:4.3e-03  5:2.6e+00
  144 ,   4321 : 2.6942926373059e+00 +(8e-01,8e+00) | 2.58e+03 |  7:4.0e-03  5:2.4e+00
  145 ,   4351 : 2.6919193814232e+00 +(6e-01,5e+00) | 2.50e+03 |  7:3.2e-03  5:2.0e+00
  146 ,   4381 : 2.7308981131092e+00 +(4e-01,5e+00) | 2.57e+03 |  7:3.1e-03  5:2.0e+00
  147 ,   4411 : 2.6890522832841e+00 +(6e-01,6e+00) | 2.68e+03 |  7:2.9e-03  5:2.0e+00
  148 ,   4441 : 2.6699790063291e+00 +(5e-01,3e+00) | 2.97e+03 |  7:2.6e-03  5:1.9e+00
  149 ,   4471 : 2.6574665008361e+00 +(4e-01,2e+00) | 3.15e+03 |  7:2.3e-03  5:1.8e+00
Iterat, #Fevals:   Function Value    (median,worst) |Axis Ratio|idx:Min SD idx:Max SD
  150 ,   4501 : 2.6882601087802e+00 +(3e-01,4e+00) | 3.23e+03 |  7:2.1e-03  5:1.7e+00
  151 ,   4531 : 2.6764351939270e+00 +(3e-01,3e+00) | 3.32e+03 |  7:1.9e-03  5:1.6e+00
  152 ,   4561 : 2.6741671031978e+00 +(2e-01,1e+00) | 3.37e+03 |  7:1.8e-03  5:1.5e+00
  153 ,   4591 : 2.6705360734419e+00 +(2e-01,8e-01) | 3.59e+03 |  7:1.7e-03  5:1.5e+00
  154 ,   4621 : 2.6736743735376e+00 +(1e-01,8e-01) | 3.93e+03 |  7:1.6e-03  5:1.5e+00
  155 ,   4651 : 2.6545697159989e+00 +(1e-01,1e+00) | 4.21e+03 |  7:1.8e-03  5:1.9e+00
  156 ,   4681 : 2.6539649181582e+00 +(3e-01,1e+00) | 4.18e+03 |  7:1.9e-03  5:2.0e+00
  157 ,   4711 : 2.7030658455313e+00 +(3e-01,2e+00) | 4.51e+03 |  7:1.6e-03  5:1.9e+00
  158 ,   4741 : 2.6475061775790e+00 +(2e-01,4e+00) | 4.56e+03 |  7:1.4e-03  5:1.6e+00
  159 ,   4771 : 2.6387743906394e+00 +(8e-02,8e-01) | 5.08e+03 |  7:1.3e-03  5:1.8e+00
Iterat, #Fevals:   Function Value    (median,worst) |Axis Ratio|idx:Min SD idx:Max SD
  160 ,   4801 : 2.6272247544267e+00 +(1e-01,6e-01) | 5.41e+03 |  7:1.6e-03  5:2.2e+00
  161 ,   4831 : 2.6677937892584e+00 +(1e-01,1e+00) | 5.39e+03 |  7:1.5e-03  5:2.2e+00
  162 ,   4861 : 2.5902247069521e+00 +(1e-01,1e+00) | 5.77e+03 |  7:1.6e-03  5:2.5e+00
  163 ,   4891 : 2.6038530297156e+00 +(1e-01,1e+00) | 6.12e+03 |  7:1.6e-03  5:2.5e+00
  164 ,   4921 : 2.6065040577899e+00 +(2e-01,3e+00) | 6.23e+03 |  7:1.4e-03  5:2.4e+00
  165 ,   4951 : 2.5999673812185e+00 +(1e-01,1e+00) | 6.54e+03 |  7:1.4e-03  5:2.4e+00
  166 ,   4981 : 2.6052130804121e+00 +(1e-01,9e-01) | 6.66e+03 |  7:1.3e-03  5:2.3e+00
  167 ,   5011 : 2.5870785217456e+00 +(9e-02,1e+00) | 6.72e+03 |  7:1.4e-03  5:2.5e+00
  168 ,   5041 : 2.5620010951479e+00 +(2e-01,3e+00) | 7.02e+03 |  7:1.3e-03  5:2.5e+00
  169 ,   5071 : 2.5476680670910e+00 +(1e-01,1e+00) | 7.42e+03 |  7:1.4e-03  5:2.7e+00
Iterat, #Fevals:   Function Value    (median,worst) |Axis Ratio|idx:Min SD idx:Max SD
  170 ,   5101 : 2.5476484889922e+00 +(1e-01,2e+00) | 7.58e+03 |  7:1.3e-03  5:2.6e+00
  171 ,   5131 : 2.5218092562385e+00 +(1e-01,4e+00) | 7.77e+03 |  7:1.3e-03  5:2.6e+00
  172 ,   5161 : 2.5333830565499e+00 +(1e-01,2e+00) | 8.21e+03 |  7:1.5e-03  5:3.2e+00
  173 ,   5191 : 2.5273038686318e+00 +(1e-01,2e+00) | 7.98e+03 |  7:1.4e-03  5:3.1e+00
  174 ,   5221 : 2.5032129957562e+00 +(2e-01,2e+00) | 8.33e+03 |  7:1.3e-03  5:3.0e+00
  175 ,   5251 : 2.5357623008703e+00 +(2e-01,1e+00) | 8.80e+03 |  7:1.4e-03  5:3.3e+00
  176 ,   5281 : 2.5048755916784e+00 +(1e-01,4e+00) | 9.23e+03 |  7:1.4e-03  5:3.5e+00
  177 ,   5311 : 2.4968864499815e+00 +(1e-01,5e+00) | 9.26e+03 |  7:1.4e-03  5:3.6e+00
  178 ,   5341 : 2.4764038960284e+00 +(2e-01,2e+00) | 9.57e+03 |  7:1.5e-03  5:3.9e+00
  179 ,   5371 : 2.4913730182809e+00 +(2e-01,2e+00) | 9.57e+03 |  7:1.2e-03  5:3.2e+00
Iterat, #Fevals:   Function Value    (median,worst) |Axis Ratio|idx:Min SD idx:Max SD
  180 ,   5401 : 2.4690699978666e+00 +(1e-01,1e+00) | 1.01e+04 |  7:1.2e-03  5:3.2e+00
  181 ,   5431 : 2.4771117080159e+00 +(1e-01,7e-01) | 1.00e+04 |  7:1.1e-03  5:3.0e+00
  182 ,   5461 : 2.4649041250262e+00 +(2e-01,5e-01) | 1.02e+04 |  7:1.0e-03  5:2.8e+00
  183 ,   5491 : 2.4731559302065e+00 +(5e-02,4e-01) | 1.05e+04 |  7:9.5e-04  5:2.7e+00
  184 ,   5521 : 2.4713898224564e+00 +(6e-02,7e-01) | 1.07e+04 |  7:9.7e-04  5:2.8e+00
  185 ,   5551 : 2.4602816757455e+00 +(5e-02,4e-01) | 1.06e+04 |  7:9.3e-04  5:2.7e+00
  186 ,   5581 : 2.4575646152056e+00 +(1e-01,1e+00) | 1.03e+04 |  7:8.5e-04  5:2.5e+00
  187 ,   5611 : 2.4660614706318e+00 +(5e-02,7e-01) | 1.05e+04 |  7:7.6e-04  5:2.2e+00
  188 ,   5641 : 2.4643910616860e+00 +(5e-02,1e+00) | 1.12e+04 |  7:6.4e-04  5:2.0e+00
  189 ,   5671 : 2.4568771166421e+00 +(4e-02,3e-01) | 1.17e+04 |  7:5.8e-04  5:1.9e+00
Iterat, #Fevals:   Function Value    (median,worst) |Axis Ratio|idx:Min SD idx:Max SD
  190 ,   5701 : 2.4596462745092e+00 +(2e-02,3e-01) | 1.22e+04 |  7:5.1e-04  5:1.7e+00
  191 ,   5731 : 2.4532164492915e+00 +(2e-02,2e-01) | 1.32e+04 |  7:4.8e-04  5:1.7e+00
  192 ,   5761 : 2.4581760992942e+00 +(1e-02,9e-02) | 1.31e+04 |  7:4.7e-04  5:1.6e+00
  193 ,   5791 : 2.4518045554126e+00 +(2e-02,5e-02) | 1.36e+04 |  7:4.5e-04  5:1.5e+00
  194 ,   5821 : 2.4518181134545e+00 +(2e-02,9e-02) | 1.37e+04 |  7:4.8e-04  5:1.6e+00
  195 ,   5851 : 2.4501265279423e+00 +(2e-02,1e-01) | 1.45e+04 |  7:4.3e-04  5:1.5e+00
  196 ,   5881 : 2.4462509155492e+00 +(2e-02,5e-02) | 1.47e+04 |  7:3.7e-04  5:1.2e+00
  197 ,   5911 : 2.4500272954584e+00 +(2e-02,7e-02) | 1.49e+04 |  7:3.6e-04  5:1.2e+00
  198 ,   5941 : 2.4462631381614e+00 +(2e-02,8e-02) | 1.50e+04 |  7:3.5e-04  5:1.2e+00
  199 ,   5971 : 2.4369987899587e+00 +(3e-02,7e-02) | 1.58e+04 |  7:3.1e-04  5:1.1e+00
Iterat, #Fevals:   Function Value    (median,worst) |Axis Ratio|idx:Min SD idx:Max SD
  200 ,   6001 : 2.4396231856845e+00 +(2e-02,4e-02) | 1.62e+04 |  7:2.6e-04  5:9.4e-01
  201 ,   6031 : 2.4432585733950e+00 +(2e-02,4e-02) | 1.71e+04 |  7:3.0e-04  5:1.1e+00
  202 ,   6061 : 2.4335456310092e+00 +(3e-02,5e-02) | 1.68e+04 |  7:2.9e-04  5:1.0e+00
  203 ,   6091 : 2.4441122023841e+00 +(1e-02,3e-02) | 1.68e+04 |  7:2.6e-04  5:8.7e-01
  204 ,   6121 : 2.4401989113070e+00 +(2e-02,3e-02) | 1.75e+04 |  7:2.3e-04  5:7.9e-01
  205 ,   6151 : 2.4437380496376e+00 +(1e-02,3e-02) | 1.76e+04 |  7:2.3e-04  5:8.1e-01
  206 ,   6181 : 2.4404314612117e+00 +(2e-02,3e-02) | 1.64e+04 |  7:2.3e-04  5:7.9e-01
  207 ,   6211 : 2.4374784572817e+00 +(2e-02,4e-02) | 1.67e+04 |  7:2.2e-04  5:7.6e-01
  208 ,   6241 : 2.4417455417095e+00 +(1e-02,4e-02) | 1.63e+04 |  7:2.1e-04  5:7.1e-01
  209 ,   6271 : 2.4403447188368e+00 +(2e-02,4e-02) | 1.63e+04 |  7:2.0e-04  5:6.4e-01
Iterat, #Fevals:   Function Value    (median,worst) |Axis Ratio|idx:Min SD idx:Max SD
  210 ,   6301 : 2.4355255326490e+00 +(2e-02,5e-02) | 1.57e+04 |  7:1.6e-04  5:5.4e-01
  211 ,   6331 : 2.4383935463886e+00 +(1e-02,3e-02) | 1.57e+04 |  7:1.4e-04  5:4.5e-01
  212 ,   6361 : 2.4334541255420e+00 +(2e-02,4e-02) | 1.50e+04 |  7:1.2e-04  5:3.9e-01
  213 ,   6391 : 2.4323399072520e+00 +(2e-02,4e-02) | 1.54e+04 |  7:1.2e-04  5:4.0e-01
  214 ,   6421 : 2.4367812625844e+00 +(2e-02,4e-02) | 1.53e+04 |  7:1.1e-04  5:3.6e-01
  215 ,   6451 : 2.4380927595361e+00 +(1e-02,4e-02) | 1.67e+04 |  7:1.2e-04  5:4.1e-01
  216 ,   6481 : 2.4446083922027e+00 +(1e-02,3e-02) | 1.65e+04 |  7:1.2e-04  5:4.3e-01
  217 ,   6511 : 2.4394222996059e+00 +(1e-02,4e-02) | 1.62e+04 |  7:1.5e-04  5:4.7e-01
  218 ,   6541 : 2.4399367162623e+00 +(1e-02,3e-02) | 1.78e+04 |  7:1.4e-04  5:4.8e-01
  219 ,   6571 : 2.4393731332977e+00 +(2e-02,3e-02) | 1.88e+04 |  7:1.2e-04  5:4.5e-01
Iterat, #Fevals:   Function Value    (median,worst) |Axis Ratio|idx:Min SD idx:Max SD
  220 ,   6601 : 2.4341121793049e+00 +(2e-02,4e-02) | 1.91e+04 |  7:1.1e-04  5:4.2e-01
  221 ,   6631 : 2.4322691971213e+00 +(2e-02,4e-02) | 1.97e+04 |  7:1.2e-04  5:4.2e-01
