
                            < M A T L A B (R) >
                  Copyright 1984-2015 The MathWorks, Inc.
                   R2015a (8.5.0.197613) 64-bit (glnxa64)
                             February 12, 2015

 
For online documentation, see http://www.mathworks.com/support
For product information, visit www.mathworks.com.
 

	Academic License


seed =

                 145.10803


InitialthetaLB =

                       0.1
                         1
                         1
                       0.1
                         1
                       0.1
                     0.001
                    0.0001
                       300


InitialthetaUB =

      100000
    10000000
   100000000
       10000
       10000
        1000
           5
         100
        2000


Initialtheta =

          28304.2664624596
          20298.9938302984
          53057896.6624422
          803.702379645739
          6522.92327904774
           770.76195562667
          2.99109975720427
          32.6684235523194
          1485.87945996943

  n=9: (15,30)-CMA-ES(w=[21 15 12... 0.77 0.25]%, ]%, mu_eff=8.6) on function Error
Iterat, #Fevals:   Function Value    (median,worst) |Axis Ratio|idx:Min SD idx:Max SD
    1 ,     31 : 3.1757108528559e+01 +(5e+01,2e+08) | 4.49e+02 |  9:3.0e-01  2:1.3e+02
    2 ,     61 : 3.2288649146193e+01 +(5e+01,2e+04) | 4.32e+02 |  9:3.3e-01  2:1.4e+02
    3 ,     91 : 3.1520176765850e+01 +(5e+01,8e+06) | 4.34e+02 |  9:3.2e-01  2:1.4e+02
    4 ,    121 : 3.4032623383486e+01 +(5e+01,1e+09) | 4.25e+02 |  9:2.9e-01  2:1.2e+02
    5 ,    151 : 3.2418659821019e+01 +(5e+01,1e+12) | 4.51e+02 |  9:2.8e-01  2:1.3e+02
    6 ,    181 : 3.2842488209337e+01 +(5e+01,3e+03) | 5.03e+02 |  9:3.0e-01  2:1.5e+02
    7 ,    211 : 3.2579929586127e+01 +(4e+01,3e+03) | 5.08e+02 |  9:3.7e-01  2:1.8e+02
    8 ,    241 : 3.2107429744080e+01 +(3e+01,5e+03) | 5.28e+02 |  9:4.1e-01  2:2.1e+02
    9 ,    271 : 3.2547549619694e+01 +(4e+01,7e+03) | 5.37e+02 |  9:3.6e-01  2:1.8e+02
Iterat, #Fevals:   Function Value    (median,worst) |Axis Ratio|idx:Min SD idx:Max SD
   10 ,    301 : 3.2005832869148e+01 +(4e+01,5e+10) | 5.44e+02 |  9:3.2e-01  2:1.7e+02
   11 ,    331 : 3.1980238643505e+01 +(2e+01,1e+04) | 5.36e+02 |  9:2.9e-01  2:1.5e+02
   12 ,    361 : 3.2777929788407e+01 +(3e+01,7e+03) | 5.48e+02 |  9:2.9e-01  2:1.5e+02
   13 ,    391 : 3.1692639131636e+01 +(9e+00,6e+02) | 5.52e+02 |  9:3.0e-01  2:1.5e+02
   14 ,    421 : 3.1976492697064e+01 +(3e+01,8e+04) | 5.59e+02 |  9:2.6e-01  2:1.3e+02
   15 ,    451 : 3.1760101949802e+01 +(3e+01,4e+03) | 5.64e+02 |  9:2.0e-01  2:1.0e+02
   16 ,    481 : 3.1990366149260e+01 +(1e+01,9e+02) | 5.65e+02 |  9:2.3e-01  2:1.1e+02
   17 ,    511 : 3.2070134013092e+01 +(8e+00,3e+02) | 5.87e+02 |  9:2.7e-01  2:1.3e+02
   18 ,    541 : 3.2326991158384e+01 +(1e+01,2e+02) | 6.12e+02 |  9:2.8e-01  2:1.4e+02
   19 ,    571 : 3.2003737532005e+01 +(2e+01,4e+03) | 6.27e+02 |  9:2.6e-01  2:1.2e+02
Iterat, #Fevals:   Function Value    (median,worst) |Axis Ratio|idx:Min SD idx:Max SD
   20 ,    601 : 3.2128542049801e+01 +(5e+00,1e+03) | 6.92e+02 |  9:2.4e-01  2:1.3e+02
   21 ,    631 : 3.2193025970781e+01 +(8e+00,1e+03) | 7.12e+02 |  9:2.3e-01  2:1.2e+02
   22 ,    661 : 3.2137210413243e+01 +(5e+00,4e+02) | 7.13e+02 |  9:2.0e-01  2:1.0e+02
   23 ,    691 : 3.2140892970508e+01 +(5e+00,3e+02) | 7.39e+02 |  9:2.1e-01  2:1.1e+02
   24 ,    721 : 3.1829230048641e+01 +(7e+00,8e+01) | 7.57e+02 |  9:2.0e-01  2:1.0e+02
   25 ,    751 : 3.2310536735267e+01 +(1e+01,6e+01) | 7.79e+02 |  9:1.9e-01  2:1.0e+02
   26 ,    781 : 3.2068261166992e+01 +(2e+00,7e+01) | 7.91e+02 |  9:1.9e-01  2:9.9e+01
   27 ,    811 : 3.1781205626560e+01 +(5e+00,2e+02) | 8.30e+02 |  9:1.7e-01  2:8.9e+01
   28 ,    841 : 3.1691988409608e+01 +(5e+00,5e+01) | 8.66e+02 |  9:1.5e-01  2:8.4e+01
   29 ,    871 : 3.1514388711297e+01 +(4e+00,3e+01) | 8.59e+02 |  6:1.7e-01  2:8.6e+01
Iterat, #Fevals:   Function Value    (median,worst) |Axis Ratio|idx:Min SD idx:Max SD
   30 ,    901 : 3.1156501952299e+01 +(4e+00,3e+01) | 8.77e+02 |  6:1.5e-01  2:7.9e+01
   31 ,    931 : 3.1913365008367e+01 +(2e+00,3e+01) | 8.93e+02 |  6:1.4e-01  2:7.4e+01
   32 ,    961 : 3.1640902602862e+01 +(4e+00,2e+01) | 9.16e+02 |  6:1.4e-01  2:6.8e+01
   33 ,    991 : 3.1092031703619e+01 +(2e+00,3e+01) | 9.33e+02 |  6:1.3e-01  2:6.4e+01
   34 ,   1021 : 3.0886300499626e+01 +(2e+00,2e+01) | 1.03e+03 |  6:1.2e-01  2:6.7e+01
   35 ,   1051 : 3.0957379939204e+01 +(4e+00,5e+01) | 1.07e+03 |  9:1.2e-01  2:6.6e+01
   36 ,   1081 : 3.1105330634544e+01 +(2e+00,3e+01) | 1.13e+03 |  9:1.5e-01  2:8.0e+01
   37 ,   1111 : 3.0378876325472e+01 +(4e+00,4e+01) | 1.16e+03 |  9:1.3e-01  2:7.3e+01
   38 ,   1141 : 3.0553169650274e+01 +(3e+00,5e+01) | 1.17e+03 |  9:1.2e-01  2:6.6e+01
   39 ,   1171 : 3.0902828312496e+01 +(2e+00,4e+02) | 1.19e+03 |  9:1.2e-01  2:6.3e+01
Iterat, #Fevals:   Function Value    (median,worst) |Axis Ratio|idx:Min SD idx:Max SD
   40 ,   1201 : 3.0605133247903e+01 +(2e+00,2e+02) | 1.26e+03 |  9:1.2e-01  2:6.5e+01
   41 ,   1231 : 3.1203240094838e+01 +(2e+00,4e+01) | 1.27e+03 |  9:1.0e-01  2:5.6e+01
   42 ,   1261 : 3.0479682471833e+01 +(2e+00,2e+01) | 1.39e+03 |  9:1.0e-01  2:5.9e+01
   43 ,   1291 : 3.0492256417965e+01 +(2e+00,3e+01) | 1.42e+03 |  9:1.0e-01  2:5.6e+01
   44 ,   1321 : 2.9847765721263e+01 +(3e+00,3e+01) | 1.41e+03 |  9:1.0e-01  2:5.6e+01
   45 ,   1351 : 2.8416722045739e+01 +(4e+00,3e+01) | 1.44e+03 |  9:1.0e-01  2:5.7e+01
   46 ,   1381 : 2.9427193665998e+01 +(4e+00,7e+01) | 1.50e+03 |  9:9.7e-02  2:5.4e+01
   47 ,   1411 : 2.7779843600124e+01 +(4e+00,6e+01) | 1.56e+03 |  9:1.1e-01  2:5.7e+01
   48 ,   1441 : 2.9549045076151e+01 +(5e+00,6e+01) | 1.56e+03 |  9:1.2e-01  2:5.9e+01
   49 ,   1471 : 2.9548586000763e+01 +(1e+01,1e+02) | 1.55e+03 |  9:1.1e-01  2:5.3e+01
Iterat, #Fevals:   Function Value    (median,worst) |Axis Ratio|idx:Min SD idx:Max SD
   50 ,   1501 : 3.0396744284874e+01 +(6e+00,8e+01) | 1.60e+03 |  9:1.1e-01  2:5.5e+01
   51 ,   1531 : 2.8536549159626e+01 +(3e+00,6e+01) | 1.72e+03 |  5:1.2e-01  2:5.8e+01
   52 ,   1561 : 1.6695140262194e+01 +(2e+01,7e+01) | 1.76e+03 |  9:1.2e-01  2:5.7e+01
   53 ,   1591 : 3.0181274807082e+01 +(3e+00,1e+02) | 1.84e+03 |  9:1.1e-01  2:5.1e+01
   54 ,   1621 : 2.6942995201492e+01 +(4e+00,6e+01) | 1.88e+03 |  9:9.2e-02  2:4.4e+01
   55 ,   1651 : 2.7112245340757e+01 +(4e+00,9e+01) | 1.90e+03 |  9:8.6e-02  2:4.0e+01
   56 ,   1681 : 1.9210745120452e+01 +(1e+01,7e+01) | 1.98e+03 |  9:1.0e-01  2:4.7e+01
   57 ,   1711 : 2.4883881870910e+01 +(7e+00,6e+05) | 1.97e+03 |  9:1.0e-01  2:4.6e+01
   58 ,   1741 : 1.7193204726096e+01 +(3e+01,5e+02) | 1.98e+03 |  5:1.0e-01  2:4.4e+01
   59 ,   1771 : 1.6553765676359e+01 +(1e+01,7e+01) | 1.93e+03 |  9:9.3e-02  2:3.9e+01
Iterat, #Fevals:   Function Value    (median,worst) |Axis Ratio|idx:Min SD idx:Max SD
   60 ,   1801 : 1.4359588040532e+01 +(2e+01,6e+03) | 1.89e+03 |  5:1.1e-01  2:4.1e+01
   61 ,   1831 : 2.7549411753945e+01 +(3e+00,6e+01) | 1.84e+03 |  9:1.1e-01  2:4.3e+01
   62 ,   1861 : 2.7204361979582e+01 +(4e+00,8e+02) | 1.79e+03 |  9:1.0e-01  2:3.8e+01
   63 ,   1891 : 2.3739517597407e+01 +(6e+00,1e+05) | 1.78e+03 |  9:1.2e-01  2:4.2e+01
   64 ,   1921 : 2.5832073922648e+01 +(5e+00,5e+02) | 1.86e+03 |  6:1.3e-01  2:4.6e+01
   65 ,   1951 : 2.1498325941125e+01 +(2e+01,6e+01) | 1.78e+03 |  9:1.3e-01  2:4.5e+01
   66 ,   1981 : 9.8389903759336e+00 +(2e+01,8e+01) | 1.73e+03 |  9:1.4e-01  2:4.6e+01
   67 ,   2011 : 2.0510670019985e+01 +(1e+01,1e+04) | 1.72e+03 |  9:1.2e-01  2:4.2e+01
   68 ,   2041 : 1.0477219187008e+01 +(3e+01,1e+05) | 1.69e+03 |  9:1.2e-01  2:3.9e+01
   69 ,   2071 : 1.2059694325530e+01 +(2e+01,7e+01) | 1.65e+03 |  9:1.1e-01  2:3.5e+01
Iterat, #Fevals:   Function Value    (median,worst) |Axis Ratio|idx:Min SD idx:Max SD
   70 ,   2101 : 2.1770828903870e+01 +(1e+01,1e+06) | 1.65e+03 |  5:9.5e-02  2:3.0e+01
   71 ,   2131 : 4.9064212219137e+00 +(2e+01,2e+05) | 1.63e+03 |  5:9.7e-02  2:3.2e+01
   72 ,   2161 : 5.3735669612899e+00 +(3e+01,6e+04) | 1.66e+03 |  5:9.3e-02  2:3.1e+01
   73 ,   2191 : 2.2133216571054e+01 +(4e+01,3e+04) | 1.63e+03 |  9:1.0e-01  2:3.3e+01
   74 ,   2221 : 2.0166208669827e+01 +(1e+01,4e+02) | 1.68e+03 |  9:1.0e-01  2:3.4e+01
   75 ,   2251 : 2.1727370306043e+01 +(2e+01,2e+04) | 1.66e+03 |  9:8.8e-02  2:3.0e+01
   76 ,   2281 : 1.8288689706130e+01 +(2e+01,7e+01) | 1.70e+03 |  9:8.4e-02  2:2.9e+01
   77 ,   2311 : 1.3054580985140e+01 +(2e+01,7e+01) | 1.63e+03 |  9:8.2e-02  2:2.9e+01
   78 ,   2341 : 1.8672542406380e+01 +(1e+01,3e+02) | 1.62e+03 |  9:7.9e-02  2:2.8e+01
   79 ,   2371 : 1.1913420015883e+01 +(2e+01,8e+01) | 1.65e+03 |  9:7.5e-02  2:2.7e+01
Iterat, #Fevals:   Function Value    (median,worst) |Axis Ratio|idx:Min SD idx:Max SD
   80 ,   2401 : 1.2167914504015e+01 +(2e+01,3e+04) | 1.71e+03 |  9:6.8e-02  2:2.5e+01
   81 ,   2431 : 1.5901808843768e+01 +(1e+01,2e+02) | 1.62e+03 |  9:6.2e-02  2:2.2e+01
   82 ,   2461 : 9.2637515147156e+00 +(2e+01,7e+03) | 1.57e+03 |  9:5.3e-02  2:1.9e+01
   83 ,   2491 : 1.5017880392083e+01 +(1e+01,7e+01) | 1.53e+03 |  9:5.1e-02  2:1.8e+01
   84 ,   2521 : 1.5260910336404e+01 +(1e+01,7e+03) | 1.57e+03 |  9:4.4e-02  2:1.6e+01
   85 ,   2551 : 8.1341970688030e+00 +(2e+01,3e+03) | 1.53e+03 |  9:4.3e-02  2:1.5e+01
   86 ,   2581 : 1.4206652693257e+01 +(1e+01,9e+03) | 1.58e+03 |  9:3.6e-02  2:1.3e+01
   87 ,   2611 : 7.4584369332058e+00 +(2e+01,1e+03) | 1.57e+03 |  9:3.2e-02  2:1.1e+01
   88 ,   2641 : 6.8690856937278e+00 +(1e+01,2e+02) | 1.58e+03 |  9:3.2e-02  2:1.2e+01
   89 ,   2671 : 4.2604040705770e+00 +(2e+01,3e+03) | 1.55e+03 |  9:3.4e-02  2:1.2e+01
Iterat, #Fevals:   Function Value    (median,worst) |Axis Ratio|idx:Min SD idx:Max SD
   90 ,   2701 : 6.0060539398702e+00 +(2e+01,5e+02) | 1.57e+03 |  9:3.2e-02  2:1.1e+01
   91 ,   2731 : 6.1766391361368e+00 +(1e+01,2e+02) | 1.65e+03 |  9:2.9e-02  2:1.0e+01
   92 ,   2761 : 5.5115788416012e+00 +(1e+01,4e+02) | 1.76e+03 |  7:2.8e-02  2:1.0e+01
   93 ,   2791 : 6.3869342687490e+00 +(1e+01,4e+02) | 1.80e+03 |  7:2.4e-02  2:9.3e+00
   94 ,   2821 : 4.3687016298257e+00 +(1e+01,4e+02) | 1.86e+03 |  7:2.0e-02  2:8.0e+00
   95 ,   2851 : 3.9102035283973e+00 +(1e+01,4e+02) | 1.95e+03 |  7:1.8e-02  2:7.5e+00
   96 ,   2881 : 3.7969524600618e+00 +(6e+00,6e+02) | 2.13e+03 |  7:1.7e-02  2:7.9e+00
   97 ,   2911 : 4.1694198367351e+00 +(1e+01,8e+01) | 2.18e+03 |  7:1.5e-02  2:7.4e+00
   98 ,   2941 : 4.0575806110451e+00 +(6e+00,8e+01) | 2.28e+03 |  7:1.3e-02  2:6.8e+00
   99 ,   2971 : 3.8016425138780e+00 +(7e+00,7e+01) | 2.18e+03 |  7:1.3e-02  2:6.6e+00
Iterat, #Fevals:   Function Value    (median,worst) |Axis Ratio|idx:Min SD idx:Max SD
  100 ,   3001 : 4.2356878537600e+00 +(7e+00,6e+01) | 2.23e+03 |  7:1.1e-02  2:5.7e+00
  101 ,   3031 : 4.0784264492420e+00 +(4e+00,2e+01) | 2.36e+03 |  7:9.8e-03  2:5.6e+00
  102 ,   3061 : 3.6626228064824e+00 +(2e+00,3e+01) | 2.41e+03 |  7:1.1e-02  2:6.1e+00
  103 ,   3091 : 3.5070154254109e+00 +(6e+00,7e+01) | 2.47e+03 |  7:1.1e-02  2:6.5e+00
  104 ,   3121 : 3.8541940556377e+00 +(5e+00,9e+01) | 2.48e+03 |  7:9.8e-03  2:6.1e+00
  105 ,   3151 : 3.4136856122181e+00 +(6e+00,7e+01) | 2.56e+03 |  7:9.0e-03  2:5.9e+00
  106 ,   3181 : 3.5950922358197e+00 +(4e+00,2e+02) | 2.60e+03 |  7:8.7e-03  2:5.9e+00
  107 ,   3211 : 3.6173842432469e+00 +(1e+01,5e+01) | 2.61e+03 |  7:8.2e-03  2:5.7e+00
  108 ,   3241 : 3.3413726588308e+00 +(4e+00,7e+01) | 2.63e+03 |  7:7.0e-03  2:5.1e+00
  109 ,   3271 : 3.6828526979515e+00 +(2e+00,2e+01) | 2.77e+03 |  7:6.4e-03  2:5.0e+00
Iterat, #Fevals:   Function Value    (median,worst) |Axis Ratio|idx:Min SD idx:Max SD
  110 ,   3301 : 3.5044704872335e+00 +(3e+00,5e+01) | 2.87e+03 |  7:5.9e-03  2:4.8e+00
  111 ,   3331 : 3.5497084041469e+00 +(3e+00,2e+01) | 3.15e+03 |  7:5.7e-03  2:5.0e+00
  112 ,   3361 : 3.8043363674517e+00 +(2e+00,7e+00) | 3.23e+03 |  7:5.0e-03  2:4.6e+00
  113 ,   3391 : 3.5245674112236e+00 +(1e+00,1e+01) | 3.35e+03 |  7:5.0e-03  2:4.6e+00
  114 ,   3421 : 3.5044132634039e+00 +(2e+00,3e+01) | 3.40e+03 |  7:4.4e-03  2:4.1e+00
  115 ,   3451 : 3.4141847407201e+00 +(1e+00,8e+00) | 3.62e+03 |  7:4.2e-03  2:4.2e+00
  116 ,   3481 : 3.4847450347218e+00 +(1e+00,5e+00) | 3.88e+03 |  7:3.8e-03  2:4.1e+00
  117 ,   3511 : 3.4385539537414e+00 +(1e+00,6e+00) | 3.97e+03 |  7:3.6e-03  2:3.9e+00
  118 ,   3541 : 3.4023470494336e+00 +(7e-01,5e+00) | 4.11e+03 |  7:3.7e-03  2:4.1e+00
  119 ,   3571 : 3.4400000385923e+00 +(1e+00,2e+01) | 4.22e+03 |  7:3.6e-03  2:4.1e+00
Iterat, #Fevals:   Function Value    (median,worst) |Axis Ratio|idx:Min SD idx:Max SD
  120 ,   3601 : 3.3243884182146e+00 +(1e+00,4e+00) | 4.35e+03 |  7:3.4e-03  2:4.1e+00
  121 ,   3631 : 3.2924264991664e+00 +(1e+00,4e+01) | 4.36e+03 |  7:3.7e-03  2:4.5e+00
  122 ,   3661 : 3.3975692322781e+00 +(1e+00,8e+00) | 4.67e+03 |  7:3.6e-03  2:4.6e+00
  123 ,   3691 : 3.3401113857929e+00 +(1e+00,1e+01) | 4.78e+03 |  7:3.4e-03  2:4.4e+00
  124 ,   3721 : 3.5330153798211e+00 +(8e-01,4e+00) | 4.80e+03 |  7:3.0e-03  2:3.9e+00
  125 ,   3751 : 3.2388640130347e+00 +(7e-01,3e+00) | 5.17e+03 |  7:2.8e-03  2:3.9e+00
  126 ,   3781 : 3.2100336405030e+00 +(5e-01,6e+00) | 5.28e+03 |  7:2.4e-03  2:3.4e+00
  127 ,   3811 : 3.2735613886741e+00 +(4e-01,3e+00) | 5.34e+03 |  7:2.0e-03  2:2.9e+00
  128 ,   3841 : 3.2551527519021e+00 +(3e-01,2e+00) | 5.77e+03 |  7:2.1e-03  2:3.3e+00
  129 ,   3871 : 3.2465407944707e+00 +(4e-01,1e+00) | 6.12e+03 |  7:1.9e-03  2:3.2e+00
Iterat, #Fevals:   Function Value    (median,worst) |Axis Ratio|idx:Min SD idx:Max SD
  130 ,   3901 : 3.2356089141386e+00 +(3e-01,1e+00) | 6.38e+03 |  7:1.7e-03  2:3.0e+00
  131 ,   3931 : 3.2386843009933e+00 +(2e-01,9e-01) | 6.78e+03 |  7:1.7e-03  2:3.0e+00
  132 ,   3961 : 3.1711880722988e+00 +(2e-01,1e+00) | 7.36e+03 |  7:1.5e-03  2:3.0e+00
  133 ,   3991 : 3.2134399843828e+00 +(2e-01,1e+00) | 8.04e+03 |  7:1.4e-03  2:3.1e+00
  134 ,   4021 : 3.1697751583837e+00 +(3e-01,1e+00) | 8.20e+03 |  7:1.4e-03  2:3.1e+00
  135 ,   4051 : 3.1869631493828e+00 +(1e-01,9e-01) | 8.46e+03 |  7:1.5e-03  2:3.3e+00
  136 ,   4081 : 3.1371947385621e+00 +(2e-01,1e+00) | 9.24e+03 |  7:1.6e-03  2:3.8e+00
  137 ,   4111 : 3.0947651241148e+00 +(2e-01,2e+00) | 9.58e+03 |  7:1.7e-03  2:4.1e+00
  138 ,   4141 : 3.1059664470358e+00 +(2e-01,2e+00) | 9.92e+03 |  7:1.6e-03  2:4.3e+00
  139 ,   4171 : 3.0881728885368e+00 +(3e-01,2e+00) | 1.01e+04 |  7:1.6e-03  2:4.2e+00
Iterat, #Fevals:   Function Value    (median,worst) |Axis Ratio|idx:Min SD idx:Max SD
  140 ,   4201 : 3.0156904365202e+00 +(3e-01,2e+00) | 1.08e+04 |  7:1.7e-03  2:5.1e+00
  141 ,   4231 : 2.9807061480046e+00 +(5e-01,2e+00) | 1.18e+04 |  7:2.0e-03  2:6.2e+00
  142 ,   4261 : 3.0143495879236e+00 +(4e-01,6e+00) | 1.21e+04 |  7:1.9e-03  2:6.1e+00
  143 ,   4291 : 2.9292976975024e+00 +(3e-01,5e+00) | 1.28e+04 |  7:2.0e-03  2:7.4e+00
  144 ,   4321 : 2.9732813787160e+00 +(4e-01,4e+00) | 1.32e+04 |  7:2.1e-03  2:7.9e+00
  145 ,   4351 : 2.8634804566961e+00 +(5e-01,6e+00) | 1.37e+04 |  7:2.2e-03  2:9.0e+00
  146 ,   4381 : 2.8221223224337e+00 +(4e-01,8e+00) | 1.37e+04 |  7:2.1e-03  2:8.7e+00
  147 ,   4411 : 2.8068058258878e+00 +(8e-01,1e+01) | 1.32e+04 |  7:2.3e-03  2:9.2e+00
  148 ,   4441 : 2.7696939728804e+00 +(1e+00,9e+00) | 1.43e+04 |  7:2.5e-03  2:1.0e+01
  149 ,   4471 : 2.7345426396075e+00 +(6e-01,6e+00) | 1.52e+04 |  7:2.5e-03  2:1.1e+01
Iterat, #Fevals:   Function Value    (median,worst) |Axis Ratio|idx:Min SD idx:Max SD
  150 ,   4501 : 2.7705766624856e+00 +(2e+00,5e+00) | 1.58e+04 |  7:2.4e-03  2:1.1e+01
  151 ,   4531 : 2.6852496240431e+00 +(1e+00,1e+01) | 1.60e+04 |  7:2.3e-03  2:1.0e+01
  152 ,   4561 : 2.6479943178356e+00 +(8e-01,1e+01) | 1.61e+04 |  7:2.0e-03  2:9.2e+00
  153 ,   4591 : 2.6586069512548e+00 +(3e-01,2e+00) | 1.65e+04 |  7:1.9e-03  2:9.4e+00
  154 ,   4621 : 2.6869926032787e+00 +(6e-01,5e+00) | 1.70e+04 |  7:2.2e-03  2:1.0e+01
  155 ,   4651 : 2.6728646635963e+00 +(5e-01,2e+00) | 1.71e+04 |  7:2.4e-03  2:1.1e+01
  156 ,   4681 : 2.6007400054695e+00 +(7e-01,1e+01) | 1.66e+04 |  7:2.1e-03  2:9.6e+00
  157 ,   4711 : 2.5688095144557e+00 +(5e-01,1e+01) | 1.73e+04 |  7:2.0e-03  2:9.7e+00
  158 ,   4741 : 2.6040044069006e+00 +(6e-01,5e+00) | 1.76e+04 |  7:1.8e-03  2:8.5e+00
  159 ,   4771 : 2.6257993588698e+00 +(2e-01,6e+00) | 1.72e+04 |  7:1.9e-03  2:9.0e+00
Iterat, #Fevals:   Function Value    (median,worst) |Axis Ratio|idx:Min SD idx:Max SD
  160 ,   4801 : 2.6006731496336e+00 +(2e-01,6e+00) | 1.75e+04 |  7:1.9e-03  2:9.6e+00
  161 ,   4831 : 2.5652409124905e+00 +(1e+00,6e+00) | 1.80e+04 |  7:1.9e-03  2:9.6e+00
  162 ,   4861 : 2.6118226427667e+00 +(5e-01,8e+00) | 1.77e+04 |  7:1.7e-03  2:9.0e+00
  163 ,   4891 : 2.5783104434555e+00 +(4e-01,4e+00) | 1.73e+04 |  7:1.5e-03  2:7.9e+00
  164 ,   4921 : 2.5774058741573e+00 +(3e-01,1e+00) | 1.76e+04 |  7:1.6e-03  2:8.6e+00
  165 ,   4951 : 2.5780912348260e+00 +(4e-01,3e+00) | 1.77e+04 |  7:1.3e-03  2:6.9e+00
  166 ,   4981 : 2.5835780378664e+00 +(1e-01,1e+00) | 1.76e+04 |  7:1.1e-03  2:5.9e+00
  167 ,   5011 : 2.5384844516977e+00 +(3e-01,1e+00) | 1.85e+04 |  7:1.1e-03  2:6.2e+00
  168 ,   5041 : 2.5289833859453e+00 +(2e-01,2e+00) | 1.83e+04 |  7:1.0e-03  2:6.0e+00
  169 ,   5071 : 2.5375457567516e+00 +(2e-01,5e-01) | 1.83e+04 |  7:9.1e-04  2:5.3e+00
Iterat, #Fevals:   Function Value    (median,worst) |Axis Ratio|idx:Min SD idx:Max SD
  170 ,   5101 : 2.5328532149440e+00 +(1e-01,2e+00) | 1.79e+04 |  7:9.3e-04  2:5.5e+00
  171 ,   5131 : 2.5291358792012e+00 +(1e-01,5e+00) | 1.78e+04 |  7:9.5e-04  2:5.6e+00
  172 ,   5161 : 2.4704526994224e+00 +(2e-01,2e+00) | 1.80e+04 |  7:1.1e-03  2:6.3e+00
  173 ,   5191 : 2.5118869549602e+00 +(3e-01,2e+00) | 1.85e+04 |  7:1.1e-03  2:6.7e+00
  174 ,   5221 : 2.4824102888297e+00 +(2e-01,3e+00) | 1.91e+04 |  7:1.1e-03  2:7.1e+00
  175 ,   5251 : 2.4685858344429e+00 +(1e-01,2e+00) | 1.91e+04 |  7:1.0e-03  2:6.6e+00
  176 ,   5281 : 2.4804564911284e+00 +(2e-01,4e+00) | 1.96e+04 |  7:9.8e-04  2:6.5e+00
  177 ,   5311 : 2.4670541416822e+00 +(2e-01,2e+00) | 1.98e+04 |  7:1.0e-03  2:6.9e+00
  178 ,   5341 : 2.4765623789415e+00 +(2e-01,3e+00) | 2.01e+04 |  7:9.8e-04  2:6.4e+00
  179 ,   5371 : 2.4650923877335e+00 +(1e-01,3e+00) | 1.99e+04 |  7:8.9e-04  2:5.8e+00
Iterat, #Fevals:   Function Value    (median,worst) |Axis Ratio|idx:Min SD idx:Max SD
  180 ,   5401 : 2.4563786713584e+00 +(1e-01,3e+00) | 2.10e+04 |  7:8.8e-04  2:6.0e+00
  181 ,   5431 : 2.4851387952263e+00 +(2e-01,1e+00) | 2.06e+04 |  7:8.8e-04  2:6.0e+00
  182 ,   5461 : 2.4596129858775e+00 +(2e-01,2e+00) | 2.05e+04 |  7:8.4e-04  2:5.7e+00
  183 ,   5491 : 2.4564901018816e+00 +(1e-01,9e-01) | 2.33e+04 |  7:8.8e-04  2:6.5e+00
  184 ,   5521 : 2.4576245474832e+00 +(8e-02,1e+00) | 2.40e+04 |  7:8.3e-04  2:6.2e+00
  185 ,   5551 : 2.4544408736451e+00 +(1e-01,1e+00) | 2.45e+04 |  7:7.5e-04  2:5.8e+00
  186 ,   5581 : 2.4420342255025e+00 +(7e-02,3e-01) | 2.53e+04 |  7:7.0e-04  2:5.5e+00
  187 ,   5611 : 2.4587657995489e+00 +(5e-02,2e-01) | 2.52e+04 |  7:6.8e-04  2:5.2e+00
  188 ,   5641 : 2.4501614144882e+00 +(5e-02,2e+00) | 2.44e+04 |  7:7.0e-04  2:5.3e+00
  189 ,   5671 : 2.4470240693692e+00 +(6e-02,4e-01) | 2.49e+04 |  7:6.6e-04  2:5.0e+00
Iterat, #Fevals:   Function Value    (median,worst) |Axis Ratio|idx:Min SD idx:Max SD
  190 ,   5701 : 2.4471151593917e+00 +(8e-02,9e-01) | 2.47e+04 |  7:6.6e-04  2:5.0e+00
  191 ,   5731 : 2.4550761260119e+00 +(5e-02,3e-01) | 2.45e+04 |  7:6.5e-04  2:5.0e+00
  192 ,   5761 : 2.4500379001208e+00 +(4e-02,4e-01) | 2.44e+04 |  7:5.4e-04  2:4.2e+00
  193 ,   5791 : 2.4490402050838e+00 +(3e-02,4e-01) | 2.42e+04 |  7:4.6e-04  2:3.6e+00
  194 ,   5821 : 2.4447419815635e+00 +(3e-02,4e-01) | 2.42e+04 |  7:4.4e-04  2:3.4e+00
  195 ,   5851 : 2.4453016298216e+00 +(3e-02,1e-01) | 2.41e+04 |  7:4.0e-04  2:3.2e+00
  196 ,   5881 : 2.4511887183036e+00 +(1e-02,1e-01) | 2.47e+04 |  7:3.7e-04  2:3.0e+00
  197 ,   5911 : 2.4525209437572e+00 +(1e-02,1e-01) | 2.57e+04 |  7:3.9e-04  2:3.1e+00
  198 ,   5941 : 2.4460804961770e+00 +(2e-02,1e-01) | 2.64e+04 |  7:4.0e-04  2:3.2e+00
  199 ,   5971 : 2.4530821036532e+00 +(1e-02,9e-02) | 2.59e+04 |  7:4.0e-04  2:3.3e+00
Iterat, #Fevals:   Function Value    (median,worst) |Axis Ratio|idx:Min SD idx:Max SD
  200 ,   6001 : 2.4473836078508e+00 +(2e-02,1e-01) | 2.66e+04 |  7:3.2e-04  2:2.7e+00
  201 ,   6031 : 2.4469881689672e+00 +(1e-02,5e-02) | 2.79e+04 |  7:3.3e-04  2:2.8e+00
  202 ,   6061 : 2.4450812094175e+00 +(2e-02,9e-02) | 2.83e+04 |  7:3.2e-04  2:2.8e+00
  203 ,   6091 : 2.4476848328417e+00 +(3e-02,1e-01) | 3.00e+04 |  7:3.1e-04  2:2.9e+00
  204 ,   6121 : 2.4386605199025e+00 +(3e-02,4e-01) | 3.08e+04 |  7:2.7e-04  2:2.5e+00
  205 ,   6151 : 2.4484287630328e+00 +(8e-03,8e-02) | 3.14e+04 |  7:2.4e-04  2:2.3e+00
  206 ,   6181 : 2.4452325439625e+00 +(2e-02,3e-02) | 3.22e+04 |  7:2.2e-04  2:2.0e+00
  207 ,   6211 : 2.4473770717665e+00 +(1e-02,4e-02) | 3.28e+04 |  7:2.0e-04  2:1.9e+00
  208 ,   6241 : 2.4417390808526e+00 +(2e-02,2e-02) | 3.18e+04 |  7:1.7e-04  2:1.6e+00
  209 ,   6271 : 2.4453002891743e+00 +(1e-02,4e-02) | 3.26e+04 |  7:1.6e-04  2:1.4e+00
Iterat, #Fevals:   Function Value    (median,worst) |Axis Ratio|idx:Min SD idx:Max SD
  210 ,   6301 : 2.4494480795280e+00 +(7e-03,2e-02) | 3.40e+04 |  7:1.5e-04  2:1.4e+00
  211 ,   6331 : 2.4443995763779e+00 +(1e-02,2e-02) | 3.38e+04 |  7:1.4e-04  2:1.3e+00
  212 ,   6361 : 2.4379905409963e+00 +(2e-02,4e-02) | 3.48e+04 |  7:1.5e-04  2:1.4e+00
  213 ,   6391 : 2.4413872431269e+00 +(1e-02,3e-02) | 3.47e+04 |  7:1.4e-04  2:1.3e+00
  214 ,   6421 : 2.4423454875166e+00 +(1e-02,3e-02) | 3.64e+04 |  7:1.3e-04  2:1.2e+00
  215 ,   6451 : 2.4417959128638e+00 +(1e-02,2e-02) | 3.74e+04 |  7:1.2e-04  2:1.1e+00
  216 ,   6481 : 2.4418152906314e+00 +(1e-02,3e-02) | 3.88e+04 |  7:1.4e-04  2:1.4e+00
  217 ,   6511 : 2.4386334271957e+00 +(2e-02,3e-02) | 3.88e+04 |  7:1.5e-04  2:1.5e+00
  218 ,   6541 : 2.4424163013625e+00 +(1e-02,5e-02) | 4.03e+04 |  7:1.6e-04  2:1.5e+00
  219 ,   6571 : 2.4443124445180e+00 +(1e-02,3e-02) | 4.25e+04 |  7:1.5e-04  2:1.5e+00
Iterat, #Fevals:   Function Value    (median,worst) |Axis Ratio|idx:Min SD idx:Max SD
  220 ,   6601 : 2.4414401273286e+00 +(2e-02,3e-02) | 4.31e+04 |  7:1.4e-04  2:1.4e+00
  221 ,   6631 : 2.4400728874252e+00 +(1e-02,4e-02) | 4.36e+04 |  7:1.4e-04  2:1.4e+00
  222 ,   6661 : 2.4476233379362e+00 +(7e-03,2e-02) | 4.38e+04 |  7:1.5e-04  2:1.5e+00
  223 ,   6691 : 2.4467865047290e+00 +(1e-02,3e-02) | 4.27e+04 |  7:1.6e-04  2:1.4e+00
  224 ,   6721 : 2.4500510437373e+00 +(8e-03,2e-02) | 4.27e+04 |  7:1.5e-04  2:1.3e+00
  225 ,   6751 : 2.4319319313171e+00 +(2e-02,4e-02) | 4.13e+04 |  7:1.6e-04  2:1.4e+00
  226 ,   6781 : 2.4392808067537e+00 +(2e-02,3e-02) | 3.98e+04 |  7:1.6e-04  2:1.3e+00
  227 ,   6811 : 2.4451122359727e+00 +(1e-02,3e-02) | 4.04e+04 |  7:1.5e-04  2:1.2e+00
  228 ,   6841 : 2.4350497140525e+00 +(2e-02,4e-02) | 4.04e+04 |  7:1.4e-04  2:1.1e+00
  229 ,   6871 : 2.4398857547451e+00 +(1e-02,4e-02) | 4.28e+04 |  7:1.2e-04  2:1.0e+00
Iterat, #Fevals:   Function Value    (median,worst) |Axis Ratio|idx:Min SD idx:Max SD
  230 ,   6901 : 2.4421922984588e+00 +(1e-02,3e-02) | 4.38e+04 |  7:1.6e-04  2:1.2e+00
  231 ,   6931 : 2.4356478452196e+00 +(2e-02,4e-02) | 4.32e+04 |  7:1.9e-04  2:1.4e+00
  232 ,   6961 : 2.4390503671338e+00 +(2e-02,3e-02) | 4.34e+04 |  7:1.6e-04  2:1.2e+00
  233 ,   6991 : 2.4416205118137e+00 +(2e-02,3e-02) | 4.16e+04 |  7:1.4e-04  2:1.1e+00
  234 ,   7021 : 2.4396672134535e+00 +(2e-02,4e-02) | 4.13e+04 |  7:1.4e-04  2:1.1e+00
  235 ,   7051 : 2.4384207864308e+00 +(2e-02,3e-02) | 4.10e+04 |  7:1.4e-04  2:9.9e-01
  236 ,   7081 : 2.4371482386643e+00 +(2e-02,3e-02) | 4.22e+04 |  7:1.2e-04  2:8.7e-01
  237 ,   7111 : 2.4416610649224e+00 +(1e-02,2e-02) | 4.21e+04 |  7:1.0e-04  2:7.5e-01
  238 ,   7141 : 2.4393268472687e+00 +(1e-02,3e-02) | 4.20e+04 |  7:1.1e-04  2:7.5e-01
  239 ,   7171 : 2.4399518297323e+00 +(1e-02,3e-02) | 4.27e+04 |  7:1.0e-04  2:7.0e-01
Iterat, #Fevals:   Function Value    (median,worst) |Axis Ratio|idx:Min SD idx:Max SD
  240 ,   7201 : 2.4377501599203e+00 +(2e-02,3e-02) | 4.27e+04 |  7:9.8e-05  2:6.7e-01
  241 ,   7231 : 2.4368467628383e+00 +(2e-02,4e-02) | 4.29e+04 |  7:9.0e-05  2:6.2e-01
  242 ,   7261 : 2.4326676118906e+00 +(2e-02,3e-02) | 4.82e+04 |  7:9.4e-05  2:6.8e-01
  243 ,   7291 : 2.4395189920990e+00 +(2e-02,3e-02) | 4.65e+04 |  7:8.3e-05  2:5.9e-01
  244 ,   7321 : 2.4353960871814e+00 +(2e-02,4e-02) | 4.78e+04 |  7:7.8e-05  2:5.6e-01
  245 ,   7351 : 2.4394781858841e+00 +(1e-02,3e-02) | 4.76e+04 |  7:8.0e-05  2:5.9e-01
  246 ,   7381 : 2.4373029792837e+00 +(2e-02,3e-02) | 4.66e+04 |  7:9.5e-05  2:6.9e-01
  247 ,   7411 : 2.4400081664685e+00 +(1e-02,3e-02) | 4.80e+04 |  7:9.2e-05  2:6.7e-01
  248 ,   7441 : 2.4414372569761e+00 +(1e-02,3e-02) | 4.90e+04 |  7:9.0e-05  2:6.5e-01
  249 ,   7471 : 2.4420715395448e+00 +(1e-02,3e-02) | 4.91e+04 |  7:8.5e-05  2:6.3e-01
Iterat, #Fevals:   Function Value    (median,worst) |Axis Ratio|idx:Min SD idx:Max SD
  250 ,   7501 : 2.4435337547575e+00 +(1e-02,2e-02) | 5.02e+04 |  7:8.3e-05  2:6.2e-01
  251 ,   7531 : 2.4395430984434e+00 +(1e-02,4e-02) | 5.09e+04 |  7:7.2e-05  2:5.3e-01
  252 ,   7561 : 2.4311216992788e+00 +(2e-02,3e-02) | 5.13e+04 |  7:8.6e-05  2:5.8e-01
  253 ,   7591 : 2.4314183929987e+00 +(2e-02,3e-02) | 4.99e+04 |  7:9.1e-05  2:6.1e-01
  254 ,   7621 : 2.4358428547126e+00 +(2e-02,4e-02) | 5.03e+04 |  7:9.6e-05  2:6.1e-01
  255 ,   7651 : 2.4360159018813e+00 +(2e-02,3e-02) | 5.12e+04 |  7:1.0e-04  2:6.2e-01
  256 ,   7681 : 2.4362606769669e+00 +(2e-02,3e-02) | 5.18e+04 |  7:9.2e-05  2:5.7e-01
  257 ,   7711 : 2.4375405728038e+00 +(2e-02,3e-02) | 5.02e+04 |  7:1.0e-04  2:6.3e-01
  258 ,   7741 : 2.4381280540796e+00 +(2e-02,3e-02) | 5.09e+04 |  7:1.1e-04  2:7.1e-01
  259 ,   7771 : 2.4410458665780e+00 +(1e-02,3e-02) | 5.12e+04 |  7:1.2e-04  2:7.1e-01
Iterat, #Fevals:   Function Value    (median,worst) |Axis Ratio|idx:Min SD idx:Max SD
  260 ,   7801 : 2.4410441592417e+00 +(1e-02,3e-02) | 5.73e+04 |  7:1.2e-04  2:7.7e-01
  261 ,   7831 : 2.4345545903801e+00 +(2e-02,3e-02) | 5.72e+04 |  7:1.1e-04  2:7.0e-01
  262 ,   7861 : 2.4399640052566e+00 +(1e-02,3e-02) | 6.01e+04 |  7:1.0e-04  2:7.1e-01
  263 ,   7891 : 2.4417718632709e+00 +(1e-02,3e-02) | 6.10e+04 |  7:9.2e-05  2:6.4e-01
  264 ,   7921 : 2.4393136684511e+00 +(1e-02,2e-02) | 5.96e+04 |  7:8.3e-05  2:5.6e-01
  265 ,   7951 : 2.4316335609765e+00 +(2e-02,3e-02) | 6.04e+04 |  7:9.3e-05  2:6.2e-01
  266 ,   7981 : 2.4326638104681e+00 +(2e-02,5e-02) | 6.44e+04 |  7:9.0e-05  2:6.3e-01
  267 ,   8011 : 2.4398916068979e+00 +(1e-02,3e-02) | 6.39e+04 |  7:8.5e-05  2:5.9e-01
  268 ,   8041 : 2.4349379041931e+00 +(2e-02,3e-02) | 6.47e+04 |  7:7.4e-05  2:5.3e-01
  269 ,   8071 : 2.4343097873023e+00 +(2e-02,4e-02) | 6.47e+04 |  7:7.4e-05  2:5.3e-01
Iterat, #Fevals:   Function Value    (median,worst) |Axis Ratio|idx:Min SD idx:Max SD
  270 ,   8101 : 2.4404296873641e+00 +(1e-02,3e-02) | 6.35e+04 |  7:6.2e-05  2:4.6e-01
  271 ,   8131 : 2.4358568525935e+00 +(2e-02,4e-02) | 6.89e+04 |  7:5.9e-05  2:4.6e-01
  272 ,   8161 : 2.4376983079678e+00 +(2e-02,3e-02) | 6.98e+04 |  7:5.8e-05  2:4.4e-01
  273 ,   8191 : 2.4374490321935e+00 +(2e-02,4e-02) | 6.72e+04 |  7:6.1e-05  2:4.7e-01
  274 ,   8221 : 2.4424068636096e+00 +(1e-02,2e-02) | 7.01e+04 |  7:7.1e-05  2:5.5e-01
  275 ,   8251 : 2.4335647089463e+00 +(2e-02,4e-02) | 7.06e+04 |  7:7.5e-05  2:5.6e-01
  276 ,   8281 : 2.4311872119426e+00 +(2e-02,4e-02) | 7.20e+04 |  7:8.0e-05  2:5.8e-01
  277 ,   8311 : 2.4375685226082e+00 +(2e-02,4e-02) | 7.21e+04 |  7:7.9e-05  2:5.7e-01
  278 ,   8341 : 2.4392512299060e+00 +(2e-02,3e-02) | 7.32e+04 |  7:8.4e-05  2:6.0e-01
  279 ,   8371 : 2.4345863086098e+00 +(2e-02,4e-02) | 7.38e+04 |  7:7.9e-05  2:5.6e-01
Iterat, #Fevals:   Function Value    (median,worst) |Axis Ratio|idx:Min SD idx:Max SD
  280 ,   8401 : 2.4314790091049e+00 +(2e-02,3e-02) | 7.25e+04 |  7:8.2e-05  2:5.9e-01
  281 ,   8431 : 2.4313201054551e+00 +(3e-02,4e-02) | 7.08e+04 |  7:8.3e-05  2:6.0e-01
  282 ,   8461 : 2.4414837942471e+00 +(1e-02,3e-02) | 7.17e+04 |  7:7.5e-05  2:5.5e-01
  283 ,   8491 : 2.4401069940184e+00 +(1e-02,3e-02) | 7.40e+04 |  7:7.6e-05  2:5.8e-01
  284 ,   8521 : 2.4299613145623e+00 +(2e-02,4e-02) | 8.03e+04 |  7:7.8e-05  2:6.3e-01
  285 ,   8551 : 2.4380108020074e+00 +(2e-02,4e-02) | 8.32e+04 |  7:7.8e-05  2:6.4e-01
  286 ,   8581 : 2.4340595692934e+00 +(2e-02,4e-02) | 8.37e+04 |  7:6.9e-05  2:5.9e-01
  287 ,   8611 : 2.4317858202667e+00 +(2e-02,3e-02) | 8.51e+04 |  7:7.4e-05  2:5.9e-01
  288 ,   8641 : 2.4317412498091e+00 +(3e-02,4e-02) | 8.10e+04 |  7:7.1e-05  2:5.7e-01
  289 ,   8671 : 2.4338694787399e+00 +(2e-02,3e-02) | 8.04e+04 |  7:6.9e-05  2:5.4e-01
Iterat, #Fevals:   Function Value    (median,worst) |Axis Ratio|idx:Min SD idx:Max SD
  290 ,   8701 : 2.4370854617654e+00 +(1e-02,3e-02) | 7.96e+04 |  7:7.4e-05  2:6.1e-01
  291 ,   8731 : 2.4371685662348e+00 +(2e-02,3e-02) | 7.85e+04 |  7:7.1e-05  2:5.9e-01
  292 ,   8761 : 2.4355552371346e+00 +(2e-02,3e-02) | 7.76e+04 |  7:6.7e-05  2:5.5e-01
  293 ,   8791 : 2.4353663194120e+00 +(2e-02,4e-02) | 7.46e+04 |  7:7.2e-05  2:5.8e-01
  294 ,   8821 : 2.4378794204649e+00 +(2e-02,3e-02) | 7.37e+04 |  7:7.4e-05  2:5.8e-01
  295 ,   8851 : 2.4337667463888e+00 +(2e-02,4e-02) | 7.32e+04 |  7:7.3e-05  2:5.9e-01
  296 ,   8881 : 2.4381383614878e+00 +(1e-02,2e-02) | 7.60e+04 |  7:7.4e-05  2:6.2e-01
  297 ,   8911 : 2.4374397787876e+00 +(2e-02,4e-02) | 7.71e+04 |  7:6.5e-05  2:5.8e-01
  298 ,   8941 : 2.4418459937290e+00 +(1e-02,3e-02) | 7.77e+04 |  7:7.5e-05  2:6.6e-01
  299 ,   8971 : 2.4295175728924e+00 +(3e-02,4e-02) | 7.66e+04 |  7:7.3e-05  2:6.6e-01
Iterat, #Fevals:   Function Value    (median,worst) |Axis Ratio|idx:Min SD idx:Max SD
  300 ,   9001 : 2.4392868202107e+00 +(2e-02,3e-02) | 8.04e+04 |  7:6.8e-05  2:6.3e-01
  301 ,   9031 : 2.4369356149598e+00 +(2e-02,4e-02) | 8.05e+04 |  7:6.7e-05  2:6.1e-01
  302 ,   9061 : 2.4390919868111e+00 +(2e-02,3e-02) | 7.91e+04 |  7:6.3e-05  2:5.9e-01
  303 ,   9091 : 2.4298158764532e+00 +(2e-02,5e-02) | 8.26e+04 |  7:6.0e-05  2:5.8e-01
  304 ,   9121 : 2.4378386533794e+00 +(2e-02,3e-02) | 8.71e+04 |  7:5.6e-05  2:5.6e-01
  305 ,   9151 : 2.4402874278364e+00 +(2e-02,3e-02) | 8.97e+04 |  7:4.9e-05  2:4.9e-01
  306 ,   9181 : 2.4358467946078e+00 +(2e-02,4e-02) | 9.04e+04 |  7:5.6e-05  2:5.3e-01
  307 ,   9211 : 2.4388598259672e+00 +(1e-02,3e-02) | 8.77e+04 |  7:5.8e-05  2:5.4e-01
  308 ,   9241 : 2.4409746216368e+00 +(1e-02,3e-02) | 9.38e+04 |  7:6.0e-05  2:5.7e-01
  309 ,   9271 : 2.4327839898349e+00 +(2e-02,4e-02) | 9.42e+04 |  7:6.3e-05  2:6.0e-01
Iterat, #Fevals:   Function Value    (median,worst) |Axis Ratio|idx:Min SD idx:Max SD
  310 ,   9301 : 2.4306664163465e+00 +(2e-02,4e-02) | 1.04e+05 |  7:7.1e-05  2:7.3e-01
  311 ,   9331 : 2.4399236529624e+00 +(1e-02,3e-02) | 1.07e+05 |  7:7.9e-05  2:7.9e-01
  312 ,   9361 : 2.4456379984240e+00 +(1e-02,2e-02) | 1.04e+05 |  7:7.2e-05  2:7.1e-01
  313 ,   9391 : 2.4379357450940e+00 +(2e-02,3e-02) | 1.11e+05 |  7:7.8e-05  2:8.0e-01
  314 ,   9421 : 2.4353816590704e+00 +(2e-02,4e-02) | 1.13e+05 |  7:6.6e-05  2:6.7e-01
  315 ,   9451 : 2.4429931821802e+00 +(1e-02,3e-02) | 1.13e+05 |  7:6.7e-05  2:6.5e-01
  316 ,   9481 : 2.4341980069719e+00 +(2e-02,3e-02) | 1.14e+05 |  7:6.4e-05  2:6.2e-01
  317 ,   9511 : 2.4385336818074e+00 +(2e-02,3e-02) | 1.16e+05 |  7:6.9e-05  2:6.9e-01
  318 ,   9541 : 2.4283946398428e+00 +(3e-02,4e-02) | 1.10e+05 |  7:7.7e-05  2:7.4e-01
  319 ,   9571 : 2.4415268558396e+00 +(1e-02,3e-02) | 1.08e+05 |  7:7.3e-05  2:6.9e-01
Iterat, #Fevals:   Function Value    (median,worst) |Axis Ratio|idx:Min SD idx:Max SD
  320 ,   9601 : 2.4319043284796e+00 +(2e-02,4e-02) | 1.17e+05 |  7:6.1e-05  2:6.2e-01
  321 ,   9631 : 2.4399570133856e+00 +(1e-02,3e-02) | 1.21e+05 |  7:6.2e-05  2:6.1e-01
  322 ,   9661 : 2.4378564979057e+00 +(2e-02,3e-02) | 1.14e+05 |  7:7.2e-05  2:7.0e-01
  323 ,   9691 : 2.4436903492020e+00 +(1e-02,3e-02) | 1.07e+05 |  7:7.7e-05  2:7.2e-01
  324 ,   9721 : 2.4416276784429e+00 +(1e-02,3e-02) | 1.09e+05 |  7:8.3e-05  2:8.0e-01
  325 ,   9751 : 2.4394286935721e+00 +(1e-02,2e-02) | 1.06e+05 |  7:8.6e-05  2:8.2e-01
  326 ,   9781 : 2.4383554802329e+00 +(1e-02,3e-02) | 1.09e+05 |  7:8.3e-05  2:8.2e-01
  327 ,   9811 : 2.4391920347281e+00 +(1e-02,3e-02) | 9.96e+04 |  7:9.5e-05  2:8.9e-01
  328 ,   9841 : 2.4359757696636e+00 +(2e-02,3e-02) | 9.76e+04 |  7:8.8e-05  2:8.2e-01
  329 ,   9871 : 2.4424373141977e+00 +(1e-02,3e-02) | 1.03e+05 |  7:9.1e-05  2:8.0e-01
Iterat, #Fevals:   Function Value    (median,worst) |Axis Ratio|idx:Min SD idx:Max SD
  330 ,   9901 : 2.4383067000223e+00 +(2e-02,3e-02) | 1.02e+05 |  7:9.8e-05  2:8.7e-01
  331 ,   9931 : 2.4374123838400e+00 +(2e-02,4e-02) | 1.03e+05 |  7:8.3e-05  2:7.4e-01
  332 ,   9961 : 2.4341377846861e+00 +(2e-02,4e-02) | 1.11e+05 |  7:8.0e-05  2:7.5e-01
  333 ,   9991 : 2.4377291740975e+00 +(2e-02,3e-02) | 1.10e+05 |  7:9.1e-05  2:7.8e-01
  334 ,  10021 : 2.4413542096063e+00 +(1e-02,2e-02) | 1.11e+05 |  7:8.2e-05  2:7.2e-01
  335 ,  10051 : 2.4387778756283e+00 +(1e-02,3e-02) | 1.08e+05 |  7:7.7e-05  2:6.7e-01
  336 ,  10081 : 2.4377630251294e+00 +(2e-02,4e-02) | 1.12e+05 |  7:6.3e-05  2:5.6e-01
  337 ,  10111 : 2.4317593067290e+00 +(2e-02,4e-02) | 1.11e+05 |  7:5.7e-05  2:4.9e-01
  338 ,  10141 : 2.4362944572950e+00 +(2e-02,3e-02) | 1.08e+05 |  7:5.2e-05  2:4.5e-01
  339 ,  10171 : 2.4406636722356e+00 +(2e-02,2e-02) | 1.16e+05 |  7:4.6e-05  2:4.2e-01
Iterat, #Fevals:   Function Value    (median,worst) |Axis Ratio|idx:Min SD idx:Max SD
  340 ,  10201 : 2.4357032242984e+00 +(2e-02,3e-02) | 1.19e+05 |  7:4.1e-05  2:3.8e-01
  341 ,  10231 : 2.4342739380388e+00 +(2e-02,3e-02) | 1.21e+05 |  7:3.3e-05  2:3.2e-01
  342 ,  10261 : 2.4415711464616e+00 +(1e-02,3e-02) | 1.09e+05 |  7:3.3e-05  2:3.0e-01
  343 ,  10291 : 2.4320029005895e+00 +(2e-02,4e-02) | 1.05e+05 |  7:3.1e-05  2:2.8e-01
  344 ,  10321 : 2.4281115839882e+00 +(2e-02,4e-02) | 1.04e+05 |  7:2.9e-05  2:2.6e-01
  345 ,  10351 : 2.4375908440802e+00 +(1e-02,3e-02) | 1.06e+05 |  7:2.9e-05  2:2.7e-01
  346 ,  10381 : 2.4373375714401e+00 +(1e-02,3e-02) | 1.02e+05 |  7:2.9e-05  2:2.7e-01
  347 ,  10411 : 2.4351918830958e+00 +(2e-02,3e-02) | 1.04e+05 |  7:2.9e-05  2:2.7e-01
  348 ,  10441 : 2.4390304284153e+00 +(1e-02,3e-02) | 1.05e+05 |  7:3.0e-05  2:2.8e-01
  349 ,  10471 : 2.4376721566838e+00 +(1e-02,3e-02) | 1.05e+05 |  7:2.9e-05  2:2.4e-01
Iterat, #Fevals:   Function Value    (median,worst) |Axis Ratio|idx:Min SD idx:Max SD
  350 ,  10501 : 2.4296993521173e+00 +(3e-02,4e-02) | 1.04e+05 |  7:2.7e-05  2:2.3e-01
  351 ,  10531 : 2.4266057442598e+00 +(2e-02,4e-02) | 1.06e+05 |  7:3.4e-05  2:2.7e-01
  352 ,  10561 : 2.4348445697427e+00 +(1e-02,3e-02) | 1.09e+05 |  7:2.8e-05  2:2.3e-01
  353 ,  10591 : 2.4345687577826e+00 +(2e-02,3e-02) | 1.07e+05 |  7:2.5e-05  2:2.0e-01
  354 ,  10621 : 2.4283517278499e+00 +(2e-02,5e-02) | 1.06e+05 |  7:2.4e-05  2:1.9e-01
  355 ,  10651 : 2.4295857810714e+00 +(3e-02,4e-02) | 1.05e+05 |  7:2.6e-05  2:2.1e-01
  356 ,  10681 : 2.4356638664452e+00 +(2e-02,3e-02) | 1.02e+05 |  7:2.6e-05  2:2.0e-01
  357 ,  10711 : 2.4392071872815e+00 +(1e-02,4e-02) | 1.02e+05 |  7:2.6e-05  2:2.0e-01
  358 ,  10741 : 2.4366594655649e+00 +(2e-02,4e-02) | 1.01e+05 |  7:2.4e-05  2:1.8e-01
  359 ,  10771 : 2.4349497104221e+00 +(2e-02,3e-02) | 1.02e+05 |  7:2.5e-05  2:1.9e-01
Iterat, #Fevals:   Function Value    (median,worst) |Axis Ratio|idx:Min SD idx:Max SD
  360 ,  10801 : 2.4273280210569e+00 +(2e-02,4e-02) | 1.01e+05 |  7:2.4e-05  2:1.7e-01
  361 ,  10831 : 2.4327830685341e+00 +(2e-02,3e-02) | 1.00e+05 |  7:2.2e-05  2:1.6e-01
  362 ,  10861 : 2.4305695637652e+00 +(2e-02,4e-02) | 1.02e+05 |  7:2.0e-05  2:1.5e-01
  363 ,  10891 : 2.4268009979907e+00 +(2e-02,4e-02) | 9.79e+04 |  7:2.0e-05  2:1.6e-01
  364 ,  10921 : 2.4385534772519e+00 +(1e-02,3e-02) | 9.71e+04 |  7:1.8e-05  2:1.4e-01
  365 ,  10951 : 2.4312801040478e+00 +(2e-02,4e-02) | 9.83e+04 |  7:1.9e-05  2:1.4e-01
  366 ,  10981 : 2.4347324004375e+00 +(2e-02,3e-02) | 9.74e+04 |  7:2.1e-05  2:1.6e-01
  367 ,  11011 : 2.4285983790137e+00 +(2e-02,4e-02) | 9.87e+04 |  7:1.9e-05  2:1.5e-01
  368 ,  11041 : 2.4350438088844e+00 +(2e-02,4e-02) | 9.82e+04 |  7:2.3e-05  2:1.7e-01
  369 ,  11071 : 2.4364331383385e+00 +(1e-02,3e-02) | 9.74e+04 |  7:2.3e-05  2:1.7e-01
Iterat, #Fevals:   Function Value    (median,worst) |Axis Ratio|idx:Min SD idx:Max SD
  370 ,  11101 : 2.4324721992247e+00 +(2e-02,4e-02) | 9.78e+04 |  7:2.6e-05  2:1.9e-01
  371 ,  11131 : 2.4376198746219e+00 +(1e-02,3e-02) | 1.02e+05 |  7:3.0e-05  2:2.0e-01
  372 ,  11161 : 2.4325682789755e+00 +(2e-02,3e-02) | 1.00e+05 |  7:2.7e-05  2:1.8e-01
  373 ,  11191 : 2.4328511685586e+00 +(2e-02,3e-02) | 1.01e+05 |  7:2.6e-05  2:1.7e-01
  374 ,  11221 : 2.4350343668075e+00 +(2e-02,3e-02) | 1.01e+05 |  7:2.1e-05  2:1.4e-01
  375 ,  11251 : 2.4382294743117e+00 +(2e-02,3e-02) | 1.06e+05 |  7:2.0e-05  2:1.4e-01
  376 ,  11281 : 2.4327035622788e+00 +(2e-02,3e-02) | 1.17e+05 |  7:2.3e-05  2:1.6e-01
