
                            < M A T L A B (R) >
                  Copyright 1984-2015 The MathWorks, Inc.
                   R2015a (8.5.0.197613) 64-bit (glnxa64)
                             February 12, 2015

 
For online documentation, see http://www.mathworks.com/support
For product information, visit www.mathworks.com.
 

	Academic License


seed =

                 39.917884


InitialthetaLB =

                       0.1
                         1
                         1
                       0.1
                         1
                       0.1
                     0.001
                    0.0001
                       300


InitialthetaUB =

      100000
    10000000
   100000000
       10000
       10000
        1000
           5
         100
        2000


Initialtheta =

          54688.9609256199
          7978990.41492703
          82040188.1694362
          1220.58646331533
          6020.41806590759
          525.562031906247
          2.32007812064453
          47.1446272978771
          1375.61183289146

  n=9: (15,30)-CMA-ES(w=[21 15 12... 0.77 0.25]%, ]%, mu_eff=8.6) on function Error
Iterat, #Fevals:   Function Value    (median,worst) |Axis Ratio|idx:Min SD idx:Max SD
    1 ,     31 : 3.1696875841629e+01 +(5e+01,4e+06) | 6.70e+00 |  3:3.9e-01  4:2.6e+00
    2 ,     61 : 3.2835871284565e+01 +(5e+01,3e+08) | 6.90e+00 |  3:3.8e-01  4:2.5e+00
    3 ,     91 : 3.1378961861416e+01 +(5e+01,2e+10) | 7.61e+00 |  3:4.2e-01  4:3.0e+00
    4 ,    121 : 3.1758174243645e+01 +(4e+01,7e+09) | 7.78e+00 |  3:3.6e-01  4:2.6e+00
    5 ,    151 : 3.1474617389253e+01 +(3e+01,1e+06) | 7.83e+00 |  3:3.0e-01  4:2.2e+00
    6 ,    181 : 3.0967921584065e+01 +(2e+01,1e+05) | 7.73e+00 |  3:2.8e-01  4:2.0e+00
    7 ,    211 : 3.1603528271451e+01 +(4e+01,2e+06) | 7.87e+00 |  3:2.9e-01  4:2.1e+00
    8 ,    241 : 3.1429662283384e+01 +(2e+01,8e+02) | 8.12e+00 |  3:2.5e-01  4:1.9e+00
    9 ,    271 : 3.2038266880701e+01 +(2e+01,4e+03) | 8.22e+00 |  3:2.3e-01  4:1.8e+00
Iterat, #Fevals:   Function Value    (median,worst) |Axis Ratio|idx:Min SD idx:Max SD
   10 ,    301 : 3.0193779411906e+01 +(3e+01,2e+03) | 8.33e+00 |  3:2.4e-01  4:1.9e+00
   11 ,    331 : 3.1878750068620e+01 +(4e+01,2e+03) | 8.32e+00 |  3:2.5e-01  4:1.9e+00
   12 ,    361 : 3.1262868806490e+01 +(4e+01,1e+04) | 8.29e+00 |  3:2.3e-01  4:1.7e+00
   13 ,    391 : 3.0150688430139e+01 +(2e+01,7e+02) | 8.30e+00 |  3:2.5e-01  4:1.7e+00
   14 ,    421 : 3.2155646771178e+01 +(2e+01,7e+02) | 8.18e+00 |  3:2.3e-01  4:1.6e+00
   15 ,    451 : 3.1536126493227e+01 +(1e+01,2e+03) | 8.21e+00 |  3:2.0e-01  4:1.4e+00
   16 ,    481 : 3.2004634132778e+01 +(1e+01,2e+02) | 8.17e+00 |  3:1.9e-01  4:1.3e+00
   17 ,    511 : 3.1538552780097e+01 +(1e+01,2e+02) | 8.22e+00 |  3:1.9e-01  4:1.3e+00
   18 ,    541 : 3.1296873418414e+01 +(1e+01,1e+02) | 8.33e+00 |  3:1.7e-01  4:1.1e+00
   19 ,    571 : 3.1421820176469e+01 +(4e+00,3e+02) | 8.47e+00 |  9:1.7e-01  4:1.1e+00
Iterat, #Fevals:   Function Value    (median,worst) |Axis Ratio|idx:Min SD idx:Max SD
   20 ,    601 : 3.1490018933336e+01 +(4e+00,5e+01) | 8.65e+00 |  9:1.5e-01  4:9.7e-01
   21 ,    631 : 3.0631858593694e+01 +(5e+00,2e+02) | 9.18e+00 |  9:1.6e-01  4:1.1e+00
   22 ,    661 : 3.1246378491708e+01 +(4e+00,1e+02) | 9.33e+00 |  9:1.5e-01  4:9.8e-01
   23 ,    691 : 3.0523801994685e+01 +(4e+00,1e+02) | 9.67e+00 |  9:1.6e-01  4:1.1e+00
   24 ,    721 : 3.0762483767613e+01 +(4e+00,3e+01) | 1.02e+01 |  9:1.5e-01  4:1.1e+00
   25 ,    751 : 3.0872761850806e+01 +(3e+00,1e+02) | 1.02e+01 |  9:1.4e-01  4:9.2e-01
   26 ,    781 : 3.0696237402050e+01 +(3e+00,4e+01) | 1.07e+01 |  9:1.3e-01  4:8.4e-01
   27 ,    811 : 3.0852542158746e+01 +(2e+00,4e+01) | 1.07e+01 |  9:1.2e-01  4:7.3e-01
   28 ,    841 : 3.0130766648351e+01 +(2e+00,5e+01) | 1.11e+01 |  9:1.2e-01  4:7.5e-01
   29 ,    871 : 3.0474447220742e+01 +(3e+00,3e+01) | 1.16e+01 |  9:1.1e-01  4:7.3e-01
Iterat, #Fevals:   Function Value    (median,worst) |Axis Ratio|idx:Min SD idx:Max SD
   30 ,    901 : 3.0141755455876e+01 +(1e+00,5e+01) | 1.20e+01 |  9:1.3e-01  4:8.3e-01
   31 ,    931 : 2.9674043122117e+01 +(3e+00,2e+02) | 1.28e+01 |  9:1.3e-01  4:9.3e-01
   32 ,    961 : 2.9750678286316e+01 +(8e+00,3e+02) | 1.31e+01 |  9:1.4e-01  4:9.8e-01
   33 ,    991 : 2.9778189837003e+01 +(7e+00,3e+01) | 1.35e+01 |  9:1.2e-01  4:8.8e-01
   34 ,   1021 : 2.7956821338073e+01 +(5e+00,1e+02) | 1.44e+01 |  9:1.2e-01  4:8.8e-01
   35 ,   1051 : 2.6054050259398e+01 +(8e+00,4e+01) | 1.51e+01 |  9:1.2e-01  4:8.7e-01
   36 ,   1081 : 2.8448764117049e+01 +(4e+00,2e+02) | 1.53e+01 |  9:1.2e-01  4:8.4e-01
   37 ,   1111 : 2.9425601957684e+01 +(4e+00,1e+02) | 1.58e+01 |  9:1.1e-01  4:7.9e-01
   38 ,   1141 : 2.9591668540166e+01 +(2e+00,5e+02) | 1.63e+01 |  9:1.2e-01  4:8.4e-01
   39 ,   1171 : 2.7741414757795e+01 +(4e+00,7e+04) | 1.68e+01 |  9:1.1e-01  4:7.8e-01
Iterat, #Fevals:   Function Value    (median,worst) |Axis Ratio|idx:Min SD idx:Max SD
   40 ,   1201 : 2.8841916851976e+01 +(5e+00,1e+05) | 1.70e+01 |  9:1.2e-01  4:8.1e-01
   41 ,   1231 : 2.8018567789644e+01 +(5e+00,9e+01) | 1.72e+01 |  9:1.3e-01  4:8.3e-01
   42 ,   1261 : 2.8742699331097e+01 +(3e+00,3e+02) | 1.78e+01 |  9:1.2e-01  4:7.5e-01
   43 ,   1291 : 2.8591489705539e+01 +(4e+00,1e+03) | 1.80e+01 |  9:1.0e-01  4:6.2e-01
   44 ,   1321 : 2.8133294607421e+01 +(3e+00,2e+01) | 1.85e+01 |  9:9.2e-02  4:5.9e-01
   45 ,   1351 : 2.7340419758177e+01 +(4e+00,7e+01) | 1.87e+01 |  9:8.3e-02  4:5.4e-01
   46 ,   1381 : 2.2341778398733e+01 +(9e+00,2e+02) | 1.85e+01 |  9:8.5e-02  4:5.4e-01
   47 ,   1411 : 2.4707700219049e+01 +(6e+00,5e+03) | 1.79e+01 |  9:9.4e-02  4:5.8e-01
   48 ,   1441 : 2.2481406465782e+01 +(1e+01,1e+02) | 1.77e+01 |  9:1.1e-01  4:6.8e-01
   49 ,   1471 : 2.5585251480087e+01 +(2e+01,3e+05) | 1.86e+01 |  9:1.0e-01  4:6.5e-01
Iterat, #Fevals:   Function Value    (median,worst) |Axis Ratio|idx:Min SD idx:Max SD
   50 ,   1501 : 2.5735838833758e+01 +(7e+00,6e+02) | 1.82e+01 |  9:1.2e-01  4:7.0e-01
   51 ,   1531 : 2.1717042695222e+01 +(1e+01,6e+01) | 1.92e+01 |  9:1.1e-01  4:6.7e-01
   52 ,   1561 : 2.5270509887920e+01 +(9e+00,8e+02) | 1.89e+01 |  9:9.7e-02  4:6.2e-01
   53 ,   1591 : 2.3190976056477e+01 +(7e+00,2e+02) | 1.94e+01 |  9:8.0e-02  4:5.2e-01
   54 ,   1621 : 1.1934130553950e+01 +(2e+01,3e+02) | 1.97e+01 |  9:7.5e-02  4:4.8e-01
   55 ,   1651 : 2.4175710068842e+01 +(6e+00,7e+01) | 2.13e+01 |  9:8.1e-02  4:5.4e-01
   56 ,   1681 : 2.1403358751868e+01 +(9e+00,6e+06) | 2.25e+01 |  9:8.5e-02  4:5.9e-01
   57 ,   1711 : 2.0960916690249e+01 +(1e+01,5e+04) | 2.16e+01 |  9:8.6e-02  4:5.8e-01
   58 ,   1741 : 2.2821319427417e+01 +(8e+00,6e+01) | 2.18e+01 |  9:8.1e-02  4:5.3e-01
   59 ,   1771 : 2.2253313746036e+01 +(9e+00,1e+03) | 2.13e+01 |  9:7.6e-02  4:4.7e-01
Iterat, #Fevals:   Function Value    (median,worst) |Axis Ratio|idx:Min SD idx:Max SD
   60 ,   1801 : 1.9490415570824e+01 +(1e+01,8e+01) | 2.18e+01 |  9:6.6e-02  4:4.1e-01
   61 ,   1831 : 1.7516072139757e+01 +(1e+01,3e+04) | 2.09e+01 |  9:5.7e-02  4:3.6e-01
   62 ,   1861 : 1.2648328349603e+01 +(2e+01,1e+02) | 2.07e+01 |  9:6.0e-02  4:3.7e-01
   63 ,   1891 : 7.6423340163399e+00 +(2e+01,7e+02) | 2.30e+01 |  9:6.6e-02  4:4.5e-01
   64 ,   1921 : 1.3948926243643e+01 +(2e+01,4e+04) | 2.46e+01 |  9:6.8e-02  4:4.8e-01
   65 ,   1951 : 4.4869383400873e+00 +(2e+01,2e+04) | 2.44e+01 |  9:7.1e-02  4:5.0e-01
   66 ,   1981 : 1.3578677355413e+01 +(7e+01,6e+04) | 2.46e+01 |  9:7.3e-02  4:5.1e-01
   67 ,   2011 : 1.2468275696806e+01 +(2e+01,5e+03) | 2.62e+01 |  9:7.1e-02  4:5.1e-01
   68 ,   2041 : 1.7703668148049e+01 +(3e+01,7e+02) | 2.64e+01 |  9:7.2e-02  4:5.1e-01
   69 ,   2071 : 2.0548152281305e+01 +(1e+01,1e+05) | 2.60e+01 |  9:6.5e-02  4:4.6e-01
Iterat, #Fevals:   Function Value    (median,worst) |Axis Ratio|idx:Min SD idx:Max SD
   70 ,   2101 : 2.5129380150325e+00 +(3e+01,8e+01) | 2.85e+01 |  9:5.9e-02  4:4.5e-01
   71 ,   2131 : 1.2690890657102e+01 +(2e+01,2e+02) | 3.19e+01 |  9:6.2e-02  4:5.4e-01
   72 ,   2161 : 1.6782000802685e+01 +(9e+00,1e+04) | 3.30e+01 |  9:8.1e-02  4:7.0e-01
   73 ,   2191 : 2.2131966359481e+01 +(3e+01,3e+05) | 3.40e+01 |  9:7.2e-02  4:6.4e-01
   74 ,   2221 : 1.5735194955657e+01 +(1e+01,3e+04) | 3.59e+01 |  9:6.5e-02  4:5.8e-01
   75 ,   2251 : 5.0228418473497e+00 +(2e+01,6e+02) | 3.56e+01 |  9:6.1e-02  4:5.5e-01
   76 ,   2281 : 1.0209226694813e+01 +(2e+01,2e+05) | 3.57e+01 |  9:6.0e-02  4:5.4e-01
   77 ,   2311 : 1.2308994251569e+01 +(1e+01,2e+03) | 3.66e+01 |  9:5.3e-02  4:4.7e-01
   78 ,   2341 : 9.4577182481132e+00 +(2e+01,2e+02) | 3.65e+01 |  9:4.9e-02  4:4.4e-01
   79 ,   2371 : 1.1950587602165e+01 +(1e+01,9e+02) | 3.43e+01 |  9:4.7e-02  4:4.3e-01
Iterat, #Fevals:   Function Value    (median,worst) |Axis Ratio|idx:Min SD idx:Max SD
   80 ,   2401 : 6.6906102177880e+00 +(1e+01,5e+03) | 3.68e+01 |  9:4.6e-02  4:4.5e-01
   81 ,   2431 : 4.2597101528251e+00 +(1e+01,1e+02) | 3.69e+01 |  9:5.0e-02  4:4.7e-01
   82 ,   2461 : 6.7772026849428e+00 +(2e+01,1e+02) | 3.81e+01 |  9:5.3e-02  4:5.1e-01
   83 ,   2491 : 3.2184415474966e+00 +(3e+01,3e+04) | 3.91e+01 |  9:4.9e-02  4:4.8e-01
   84 ,   2521 : 4.5533005742920e+00 +(3e+01,1e+05) | 4.15e+01 |  9:4.8e-02  4:4.9e-01
   85 ,   2551 : 7.6610107382647e+00 +(1e+01,6e+03) | 4.14e+01 |  9:4.7e-02  4:4.7e-01
   86 ,   2581 : 6.0908458500682e+00 +(1e+01,2e+03) | 4.42e+01 |  7:4.6e-02  4:4.8e-01
   87 ,   2611 : 7.4067493951883e+00 +(6e+01,1e+03) | 4.42e+01 |  7:4.3e-02  4:4.5e-01
   88 ,   2641 : 6.4477950564813e+00 +(1e+01,4e+02) | 4.43e+01 |  7:3.6e-02  4:3.9e-01
   89 ,   2671 : 6.4624534987349e+00 +(1e+01,3e+02) | 4.49e+01 |  7:3.4e-02  4:3.8e-01
Iterat, #Fevals:   Function Value    (median,worst) |Axis Ratio|idx:Min SD idx:Max SD
   90 ,   2701 : 4.5905375888602e+00 +(1e+01,4e+02) | 4.60e+01 |  7:3.1e-02  4:3.6e-01
   91 ,   2731 : 3.0813700938116e+00 +(1e+01,4e+02) | 4.68e+01 |  7:2.8e-02  4:3.4e-01
   92 ,   2761 : 2.8832072865834e+00 +(2e+01,1e+04) | 4.70e+01 |  7:2.4e-02  4:2.8e-01
   93 ,   2791 : 6.3373572192105e+00 +(9e+00,8e+01) | 4.81e+01 |  7:2.0e-02  4:2.5e-01
   94 ,   2821 : 3.2560943963492e+00 +(8e+00,8e+01) | 4.82e+01 |  7:1.9e-02  4:2.4e-01
   95 ,   2851 : 2.6045829734606e+00 +(7e+00,3e+02) | 5.15e+01 |  7:1.7e-02  4:2.3e-01
   96 ,   2881 : 3.9078923831604e+00 +(8e+00,3e+02) | 5.66e+01 |  7:1.4e-02  4:2.1e-01
   97 ,   2911 : 3.3902458709560e+00 +(6e+00,7e+01) | 5.74e+01 |  7:1.2e-02  4:1.8e-01
   98 ,   2941 : 2.5558513151655e+00 +(4e+00,2e+01) | 5.70e+01 |  7:1.3e-02  4:1.8e-01
   99 ,   2971 : 2.5110572864464e+00 +(4e+00,8e+01) | 6.02e+01 |  7:1.3e-02  4:1.8e-01
Iterat, #Fevals:   Function Value    (median,worst) |Axis Ratio|idx:Min SD idx:Max SD
  100 ,   3001 : 2.4471028790258e+00 +(4e+00,4e+01) | 6.07e+01 |  7:1.2e-02  4:1.7e-01
  101 ,   3031 : 2.4925316719743e+00 +(3e+00,4e+01) | 6.29e+01 |  7:1.0e-02  4:1.5e-01
  102 ,   3061 : 2.7417398391298e+00 +(2e+00,9e+01) | 6.91e+01 |  7:1.0e-02  4:1.7e-01
  103 ,   3091 : 2.4687824352519e+00 +(2e+00,1e+01) | 7.36e+01 |  7:9.8e-03  4:1.7e-01
  104 ,   3121 : 2.6063807800408e+00 +(3e+00,7e+01) | 7.65e+01 |  7:8.6e-03  4:1.5e-01
  105 ,   3151 : 2.4722745972843e+00 +(2e+00,2e+01) | 7.77e+01 |  7:7.3e-03  4:1.3e-01
  106 ,   3181 : 2.6330848420259e+00 +(1e+00,3e+01) | 8.03e+01 |  7:6.3e-03  4:1.2e-01
  107 ,   3211 : 2.5664154044762e+00 +(1e+00,9e+00) | 8.16e+01 |  7:5.8e-03  4:1.1e-01
  108 ,   3241 : 2.5328168736417e+00 +(9e-01,1e+01) | 8.21e+01 |  7:5.4e-03  4:1.1e-01
  109 ,   3271 : 2.5057707584713e+00 +(9e-01,3e+00) | 8.40e+01 |  7:5.0e-03  4:1.0e-01
Iterat, #Fevals:   Function Value    (median,worst) |Axis Ratio|idx:Min SD idx:Max SD
  110 ,   3301 : 2.4630006439999e+00 +(8e-01,1e+01) | 8.71e+01 |  7:4.8e-03  4:1.0e-01
  111 ,   3331 : 2.4961935264709e+00 +(6e-01,5e+00) | 9.04e+01 |  7:4.7e-03  4:1.0e-01
  112 ,   3361 : 2.4641148508064e+00 +(6e-01,3e+00) | 9.37e+01 |  7:3.9e-03  4:8.8e-02
  113 ,   3391 : 2.4776454503830e+00 +(5e-01,1e+01) | 9.53e+01 |  7:3.7e-03  4:8.7e-02
  114 ,   3421 : 2.4793311467525e+00 +(7e-01,3e+00) | 9.51e+01 |  7:3.3e-03  4:7.8e-02
  115 ,   3451 : 2.4712051628203e+00 +(4e-01,4e+00) | 9.40e+01 |  7:3.2e-03  4:7.7e-02
  116 ,   3481 : 2.4602535054454e+00 +(2e-01,2e+00) | 9.67e+01 |  7:2.9e-03  4:7.2e-02
  117 ,   3511 : 2.4628361115173e+00 +(3e-01,2e+00) | 9.99e+01 |  7:2.7e-03  4:6.9e-02
  118 ,   3541 : 2.4551818132402e+00 +(2e-01,1e+00) | 1.04e+02 |  7:2.1e-03  4:5.6e-02
  119 ,   3571 : 2.4528755160616e+00 +(9e-02,6e-01) | 1.08e+02 |  7:1.8e-03  4:5.2e-02
Iterat, #Fevals:   Function Value    (median,worst) |Axis Ratio|idx:Min SD idx:Max SD
  120 ,   3601 : 2.4519957378386e+00 +(1e-01,8e-01) | 1.13e+02 |  7:1.5e-03  4:4.5e-02
  121 ,   3631 : 2.4483838774874e+00 +(8e-02,1e+00) | 1.23e+02 |  7:1.4e-03  4:4.4e-02
  122 ,   3661 : 2.4475443168140e+00 +(8e-02,6e-01) | 1.27e+02 |  7:1.2e-03  4:3.8e-02
  123 ,   3691 : 2.4569428937246e+00 +(3e-02,3e-01) | 1.30e+02 |  7:1.0e-03  4:3.4e-02
  124 ,   3721 : 2.4406137497238e+00 +(5e-02,4e-01) | 1.39e+02 |  7:8.3e-04  4:2.9e-02
  125 ,   3751 : 2.4490465252924e+00 +(4e-02,2e-01) | 1.46e+02 |  7:8.1e-04  4:3.0e-02
  126 ,   3781 : 2.4464758149913e+00 +(4e-02,1e-01) | 1.47e+02 |  7:8.7e-04  4:3.3e-02
  127 ,   3811 : 2.4513396338171e+00 +(4e-02,2e-01) | 1.49e+02 |  7:8.1e-04  4:3.2e-02
  128 ,   3841 : 2.4609327209274e+00 +(2e-02,1e-01) | 1.60e+02 |  7:6.9e-04  4:2.8e-02
  129 ,   3871 : 2.4414102553013e+00 +(3e-02,9e-02) | 1.66e+02 |  7:5.7e-04  4:2.4e-02
Iterat, #Fevals:   Function Value    (median,worst) |Axis Ratio|idx:Min SD idx:Max SD
  130 ,   3901 : 2.4448315003906e+00 +(2e-02,1e-01) | 1.74e+02 |  7:5.3e-04  4:2.3e-02
  131 ,   3931 : 2.4476174725324e+00 +(2e-02,4e-02) | 1.84e+02 |  7:5.1e-04  4:2.3e-02
  132 ,   3961 : 2.4471596525050e+00 +(2e-02,9e-02) | 1.79e+02 |  7:4.3e-04  4:2.0e-02
  133 ,   3991 : 2.4452962904553e+00 +(2e-02,4e-02) | 1.76e+02 |  7:3.8e-04  4:1.7e-02
  134 ,   4021 : 2.4426622086910e+00 +(2e-02,3e-02) | 1.79e+02 |  7:3.7e-04  4:1.7e-02
  135 ,   4051 : 2.4380003159830e+00 +(2e-02,5e-02) | 1.83e+02 |  7:3.8e-04  4:1.8e-02
  136 ,   4081 : 2.4424552998030e+00 +(2e-02,4e-02) | 1.90e+02 |  7:4.0e-04  4:1.9e-02
  137 ,   4111 : 2.4476712090953e+00 +(2e-02,3e-02) | 2.03e+02 |  7:4.2e-04  4:2.2e-02
  138 ,   4141 : 2.4416702691320e+00 +(2e-02,8e-02) | 2.05e+02 |  7:4.4e-04  4:2.4e-02
  139 ,   4171 : 2.4429705637457e+00 +(2e-02,5e-02) | 2.13e+02 |  7:4.2e-04  4:2.3e-02
Iterat, #Fevals:   Function Value    (median,worst) |Axis Ratio|idx:Min SD idx:Max SD
  140 ,   4201 : 2.4504503335879e+00 +(1e-02,5e-02) | 2.07e+02 |  7:4.2e-04  4:2.3e-02
  141 ,   4231 : 2.4398373314107e+00 +(2e-02,4e-02) | 2.19e+02 |  7:4.0e-04  4:2.3e-02
  142 ,   4261 : 2.4344171713198e+00 +(3e-02,4e-02) | 2.33e+02 |  7:3.6e-04  4:2.1e-02
  143 ,   4291 : 2.4384069285843e+00 +(2e-02,5e-02) | 2.35e+02 |  7:3.3e-04  4:1.9e-02
  144 ,   4321 : 2.4423483936270e+00 +(1e-02,4e-02) | 2.44e+02 |  7:3.0e-04  4:1.9e-02
  145 ,   4351 : 2.4427611026738e+00 +(2e-02,5e-02) | 2.44e+02 |  7:2.9e-04  4:1.9e-02
  146 ,   4381 : 2.4410907202245e+00 +(2e-02,4e-02) | 2.47e+02 |  7:2.9e-04  4:2.0e-02
  147 ,   4411 : 2.4374929130116e+00 +(2e-02,4e-02) | 2.52e+02 |  7:2.5e-04  4:1.7e-02
  148 ,   4441 : 2.4380711068265e+00 +(2e-02,8e-02) | 2.56e+02 |  7:2.5e-04  4:1.7e-02
  149 ,   4471 : 2.4385247627006e+00 +(2e-02,4e-02) | 2.74e+02 |  7:2.9e-04  4:2.0e-02
Iterat, #Fevals:   Function Value    (median,worst) |Axis Ratio|idx:Min SD idx:Max SD
  150 ,   4501 : 2.4426373531970e+00 +(2e-02,3e-02) | 3.10e+02 |  7:3.0e-04  4:2.3e-02
  151 ,   4531 : 2.4418068413146e+00 +(2e-02,4e-02) | 3.24e+02 |  7:2.5e-04  4:1.9e-02
  152 ,   4561 : 2.4373595231519e+00 +(2e-02,4e-02) | 3.29e+02 |  7:1.9e-04  4:1.5e-02
  153 ,   4591 : 2.4429186832313e+00 +(1e-02,3e-02) | 3.25e+02 |  7:1.7e-04  4:1.4e-02
  154 ,   4621 : 2.4454248209813e+00 +(1e-02,3e-02) | 3.32e+02 |  7:1.9e-04  4:1.5e-02
  155 ,   4651 : 2.4387501624195e+00 +(1e-02,4e-02) | 3.38e+02 |  7:1.9e-04  4:1.5e-02
  156 ,   4681 : 2.4342279121772e+00 +(2e-02,5e-02) | 3.48e+02 |  7:1.8e-04  4:1.4e-02
  157 ,   4711 : 2.4339009965494e+00 +(2e-02,4e-02) | 3.52e+02 |  7:1.6e-04  4:1.3e-02
  158 ,   4741 : 2.4359401107891e+00 +(2e-02,4e-02) | 3.62e+02 |  7:1.5e-04  4:1.1e-02
  159 ,   4771 : 2.4379386161607e+00 +(2e-02,4e-02) | 3.84e+02 |  7:1.5e-04  4:1.3e-02
Iterat, #Fevals:   Function Value    (median,worst) |Axis Ratio|idx:Min SD idx:Max SD
  160 ,   4801 : 2.4425692421598e+00 +(1e-02,3e-02) | 4.02e+02 |  7:1.4e-04  4:1.2e-02
  161 ,   4831 : 2.4407487294540e+00 +(2e-02,3e-02) | 3.95e+02 |  7:1.3e-04  4:1.3e-02
  162 ,   4861 : 2.4390795250842e+00 +(2e-02,4e-02) | 4.05e+02 |  7:1.3e-04  4:1.2e-02
  163 ,   4891 : 2.4313981729211e+00 +(2e-02,4e-02) | 4.24e+02 |  7:1.4e-04  4:1.3e-02
  164 ,   4921 : 2.4320572558232e+00 +(3e-02,4e-02) | 4.25e+02 |  7:1.5e-04  4:1.4e-02
  165 ,   4951 : 2.4358554072923e+00 +(2e-02,4e-02) | 4.29e+02 |  7:1.4e-04  4:1.4e-02
  166 ,   4981 : 2.4400313635242e+00 +(1e-02,3e-02) | 4.02e+02 |  7:1.5e-04  4:1.5e-02
  167 ,   5011 : 2.4428584514463e+00 +(1e-02,4e-02) | 4.10e+02 |  7:1.6e-04  4:1.4e-02
  168 ,   5041 : 2.4363611474383e+00 +(2e-02,4e-02) | 4.07e+02 |  7:1.5e-04  4:1.3e-02
  169 ,   5071 : 2.4422114050670e+00 +(2e-02,4e-02) | 4.10e+02 |  7:1.5e-04  4:1.3e-02
Iterat, #Fevals:   Function Value    (median,worst) |Axis Ratio|idx:Min SD idx:Max SD
  170 ,   5101 : 2.4428497524765e+00 +(1e-02,3e-02) | 3.96e+02 |  7:1.3e-04  4:1.2e-02
  171 ,   5131 : 2.4385020013607e+00 +(2e-02,3e-02) | 4.02e+02 |  7:1.3e-04  4:1.1e-02
  172 ,   5161 : 2.4387808225591e+00 +(2e-02,4e-02) | 3.91e+02 |  7:1.2e-04  4:1.0e-02
  173 ,   5191 : 2.4342604660759e+00 +(2e-02,4e-02) | 3.96e+02 |  7:1.2e-04  4:1.1e-02
  174 ,   5221 : 2.4337676978763e+00 +(2e-02,4e-02) | 4.10e+02 |  7:1.4e-04  4:1.3e-02
  175 ,   5251 : 2.4361392904825e+00 +(2e-02,4e-02) | 4.06e+02 |  7:1.4e-04  4:1.3e-02
  176 ,   5281 : 2.4402517167664e+00 +(1e-02,4e-02) | 4.14e+02 |  7:1.3e-04  4:1.2e-02
  177 ,   5311 : 2.4394494288199e+00 +(2e-02,3e-02) | 4.00e+02 |  7:1.1e-04  4:9.9e-03
  178 ,   5341 : 2.4394889757334e+00 +(2e-02,3e-02) | 4.06e+02 |  7:1.1e-04  4:9.4e-03
  179 ,   5371 : 2.4455268825033e+00 +(1e-02,3e-02) | 3.98e+02 |  7:9.7e-05  4:8.4e-03
Iterat, #Fevals:   Function Value    (median,worst) |Axis Ratio|idx:Min SD idx:Max SD
  180 ,   5401 : 2.4455689649435e+00 +(1e-02,3e-02) | 3.85e+02 |  7:1.0e-04  4:9.0e-03
  181 ,   5431 : 2.4390210658286e+00 +(2e-02,4e-02) | 3.97e+02 |  7:1.1e-04  4:1.0e-02
  182 ,   5461 : 2.4442421978247e+00 +(1e-02,3e-02) | 3.87e+02 |  7:1.1e-04  4:1.0e-02
  183 ,   5491 : 2.4373634584777e+00 +(1e-02,4e-02) | 3.86e+02 |  7:1.0e-04  4:9.2e-03
  184 ,   5521 : 2.4337775159572e+00 +(2e-02,4e-02) | 4.07e+02 |  7:1.1e-04  4:9.7e-03
  185 ,   5551 : 2.4404079380599e+00 +(2e-02,3e-02) | 4.10e+02 |  7:1.0e-04  4:9.0e-03
  186 ,   5581 : 2.4375664222576e+00 +(2e-02,4e-02) | 4.30e+02 |  7:9.8e-05  4:8.8e-03
  187 ,   5611 : 2.4428758080134e+00 +(1e-02,3e-02) | 4.56e+02 |  7:1.0e-04  4:1.1e-02
  188 ,   5641 : 2.4308724455305e+00 +(2e-02,5e-02) | 4.92e+02 |  7:1.2e-04  4:1.2e-02
  189 ,   5671 : 2.4360202954185e+00 +(2e-02,4e-02) | 5.45e+02 |  7:1.2e-04  4:1.3e-02
Iterat, #Fevals:   Function Value    (median,worst) |Axis Ratio|idx:Min SD idx:Max SD
  190 ,   5701 : 2.4369776727665e+00 +(2e-02,4e-02) | 5.09e+02 |  7:1.1e-04  4:1.2e-02
  191 ,   5731 : 2.4410387937189e+00 +(2e-02,3e-02) | 4.96e+02 |  7:9.7e-05  4:1.0e-02
  192 ,   5761 : 2.4400649895249e+00 +(1e-02,4e-02) | 5.04e+02 |  7:8.9e-05  4:1.0e-02
  193 ,   5791 : 2.4305039975013e+00 +(2e-02,4e-02) | 5.23e+02 |  7:9.4e-05  4:1.1e-02
  194 ,   5821 : 2.4417790119772e+00 +(2e-02,3e-02) | 5.56e+02 |  7:8.7e-05  4:1.0e-02
  195 ,   5851 : 2.4382032370557e+00 +(2e-02,4e-02) | 5.69e+02 |  7:8.6e-05  4:1.1e-02
  196 ,   5881 : 2.4319617453383e+00 +(2e-02,4e-02) | 5.59e+02 |  7:8.2e-05  4:9.8e-03
  197 ,   5911 : 2.4335430554347e+00 +(2e-02,4e-02) | 5.52e+02 |  7:7.7e-05  4:9.1e-03
  198 ,   5941 : 2.4413812319414e+00 +(2e-02,3e-02) | 5.47e+02 |  7:8.6e-05  4:1.0e-02
  199 ,   5971 : 2.4402436130411e+00 +(2e-02,4e-02) | 5.72e+02 |  7:9.2e-05  4:1.1e-02
Iterat, #Fevals:   Function Value    (median,worst) |Axis Ratio|idx:Min SD idx:Max SD
  200 ,   6001 : 2.4381458379925e+00 +(2e-02,4e-02) | 5.62e+02 |  7:9.2e-05  4:1.0e-02
  201 ,   6031 : 2.4329268448115e+00 +(2e-02,4e-02) | 5.70e+02 |  7:8.5e-05  4:9.8e-03
  202 ,   6061 : 2.4351380678663e+00 +(2e-02,4e-02) | 5.63e+02 |  7:8.3e-05  4:9.4e-03
  203 ,   6091 : 2.4368077724909e+00 +(2e-02,4e-02) | 5.60e+02 |  7:7.2e-05  4:8.1e-03
  204 ,   6121 : 2.4358161023981e+00 +(2e-02,4e-02) | 5.54e+02 |  7:6.3e-05  4:7.1e-03
  205 ,   6151 : 2.4386939661372e+00 +(2e-02,3e-02) | 5.37e+02 |  7:6.3e-05  4:6.7e-03
  206 ,   6181 : 2.4315527667439e+00 +(2e-02,5e-02) | 5.27e+02 |  7:5.7e-05  4:6.2e-03
  207 ,   6211 : 2.4366795774962e+00 +(2e-02,3e-02) | 5.51e+02 |  7:6.3e-05  4:7.1e-03
  208 ,   6241 : 2.4394017681899e+00 +(2e-02,3e-02) | 5.71e+02 |  7:7.0e-05  4:8.3e-03
  209 ,   6271 : 2.4374169896517e+00 +(2e-02,4e-02) | 5.41e+02 |  7:7.5e-05  4:8.4e-03
Iterat, #Fevals:   Function Value    (median,worst) |Axis Ratio|idx:Min SD idx:Max SD
  210 ,   6301 : 2.4297954051410e+00 +(3e-02,4e-02) | 5.28e+02 |  7:7.9e-05  4:8.5e-03
  211 ,   6331 : 2.4331921561379e+00 +(2e-02,4e-02) | 5.67e+02 |  7:8.4e-05  4:9.4e-03
  212 ,   6361 : 2.4357688812146e+00 +(2e-02,4e-02) | 6.01e+02 |  7:9.0e-05  4:1.1e-02
  213 ,   6391 : 2.4401517973617e+00 +(1e-02,4e-02) | 6.47e+02 |  7:1.0e-04  4:1.3e-02
  214 ,   6421 : 2.4303283749502e+00 +(3e-02,4e-02) | 6.52e+02 |  7:8.7e-05  4:1.1e-02
  215 ,   6451 : 2.4343426388624e+00 +(2e-02,5e-02) | 6.70e+02 |  7:9.1e-05  4:1.2e-02
  216 ,   6481 : 2.4385444129009e+00 +(1e-02,4e-02) | 6.99e+02 |  7:7.8e-05  4:1.1e-02
  217 ,   6511 : 2.4395898538161e+00 +(2e-02,4e-02) | 7.26e+02 |  7:7.8e-05  4:1.1e-02
  218 ,   6541 : 2.4371776619837e+00 +(2e-02,4e-02) | 7.08e+02 |  7:8.0e-05  4:1.1e-02
  219 ,   6571 : 2.4328807618822e+00 +(2e-02,4e-02) | 6.91e+02 |  7:8.1e-05  4:1.1e-02
Iterat, #Fevals:   Function Value    (median,worst) |Axis Ratio|idx:Min SD idx:Max SD
  220 ,   6601 : 2.4351426827878e+00 +(2e-02,4e-02) | 6.66e+02 |  7:9.9e-05  4:1.2e-02
  221 ,   6631 : 2.4369214527256e+00 +(2e-02,4e-02) | 7.00e+02 |  7:1.2e-04  4:1.4e-02
  222 ,   6661 : 2.4383409788656e+00 +(2e-02,4e-02) | 6.85e+02 |  7:1.1e-04  4:1.3e-02
  223 ,   6691 : 2.4384528052127e+00 +(2e-02,4e-02) | 7.06e+02 |  7:9.2e-05  4:1.1e-02
  224 ,   6721 : 2.4380928293290e+00 +(2e-02,4e-02) | 7.15e+02 |  7:1.1e-04  4:1.3e-02
  225 ,   6751 : 2.4322736704751e+00 +(2e-02,3e-02) | 7.79e+02 |  7:1.2e-04  4:1.5e-02
  226 ,   6781 : 2.4357109873698e+00 +(2e-02,4e-02) | 8.20e+02 |  7:1.4e-04  4:1.8e-02
  227 ,   6811 : 2.4405735182228e+00 +(2e-02,3e-02) | 8.57e+02 |  7:1.5e-04  4:2.0e-02
  228 ,   6841 : 2.4393089773687e+00 +(1e-02,5e-02) | 8.50e+02 |  7:1.5e-04  4:2.2e-02
  229 ,   6871 : 2.4346355002540e+00 +(2e-02,4e-02) | 8.62e+02 |  7:1.4e-04  4:1.9e-02
Iterat, #Fevals:   Function Value    (median,worst) |Axis Ratio|idx:Min SD idx:Max SD
  230 ,   6901 : 2.4313546481431e+00 +(2e-02,4e-02) | 9.07e+02 |  7:1.3e-04  4:1.9e-02
  231 ,   6931 : 2.4362744763367e+00 +(2e-02,3e-02) | 9.27e+02 |  7:1.4e-04  4:2.1e-02
  232 ,   6961 : 2.4403386152600e+00 +(2e-02,4e-02) | 9.46e+02 |  7:1.3e-04  4:2.0e-02
  233 ,   6991 : 2.4330300460012e+00 +(3e-02,4e-02) | 9.30e+02 |  7:1.1e-04  4:1.8e-02
  234 ,   7021 : 2.4410657332095e+00 +(2e-02,3e-02) | 9.00e+02 |  7:1.3e-04  4:2.1e-02
  235 ,   7051 : 2.4336909275647e+00 +(2e-02,4e-02) | 9.21e+02 |  7:1.2e-04  4:1.9e-02
  236 ,   7081 : 2.4385227148763e+00 +(2e-02,4e-02) | 9.29e+02 |  7:1.1e-04  4:1.8e-02
  237 ,   7111 : 2.4398830704264e+00 +(1e-02,4e-02) | 9.07e+02 |  7:1.1e-04  4:1.8e-02
  238 ,   7141 : 2.4314789029457e+00 +(2e-02,4e-02) | 8.90e+02 |  7:1.1e-04  4:1.7e-02
  239 ,   7171 : 2.4362604025885e+00 +(2e-02,4e-02) | 8.87e+02 |  7:1.1e-04  4:1.7e-02
Iterat, #Fevals:   Function Value    (median,worst) |Axis Ratio|idx:Min SD idx:Max SD
  240 ,   7201 : 2.4423997037478e+00 +(2e-02,3e-02) | 8.57e+02 |  7:1.1e-04  4:1.8e-02
  241 ,   7231 : 2.4372459904170e+00 +(1e-02,3e-02) | 8.62e+02 |  7:1.0e-04  4:1.6e-02
  242 ,   7261 : 2.4373026422156e+00 +(2e-02,4e-02) | 8.94e+02 |  7:9.3e-05  4:1.5e-02
  243 ,   7291 : 2.4332903039878e+00 +(2e-02,4e-02) | 8.75e+02 |  7:9.2e-05  4:1.5e-02
  244 ,   7321 : 2.4407101888595e+00 +(1e-02,3e-02) | 9.03e+02 |  7:8.8e-05  4:1.4e-02
  245 ,   7351 : 2.4395107312640e+00 +(2e-02,3e-02) | 9.60e+02 |  7:8.8e-05  4:1.4e-02
  246 ,   7381 : 2.4377930125263e+00 +(2e-02,4e-02) | 9.77e+02 |  7:8.6e-05  4:1.4e-02
  247 ,   7411 : 2.4369457633989e+00 +(2e-02,4e-02) | 9.96e+02 |  7:9.6e-05  4:1.6e-02
  248 ,   7441 : 2.4370532297032e+00 +(2e-02,4e-02) | 9.85e+02 |  7:9.3e-05  4:1.5e-02
  249 ,   7471 : 2.4298419041485e+00 +(2e-02,5e-02) | 9.91e+02 |  7:8.5e-05  4:1.4e-02
Iterat, #Fevals:   Function Value    (median,worst) |Axis Ratio|idx:Min SD idx:Max SD
  250 ,   7501 : 2.4375213742580e+00 +(2e-02,4e-02) | 9.73e+02 |  7:7.8e-05  4:1.3e-02
  251 ,   7531 : 2.4418134643705e+00 +(1e-02,3e-02) | 9.89e+02 |  7:8.5e-05  4:1.3e-02
  252 ,   7561 : 2.4375695154863e+00 +(1e-02,4e-02) | 1.01e+03 |  7:7.5e-05  4:1.2e-02
  253 ,   7591 : 2.4387718324354e+00 +(2e-02,4e-02) | 1.08e+03 |  7:6.7e-05  4:1.1e-02
  254 ,   7621 : 2.4387704482025e+00 +(2e-02,3e-02) | 1.09e+03 |  7:7.3e-05  4:1.2e-02
  255 ,   7651 : 2.4396704232521e+00 +(1e-02,3e-02) | 1.09e+03 |  7:6.8e-05  4:1.1e-02
  256 ,   7681 : 2.4290772403005e+00 +(2e-02,4e-02) | 1.03e+03 |  7:6.2e-05  4:9.8e-03
  257 ,   7711 : 2.4363267577517e+00 +(2e-02,3e-02) | 9.86e+02 |  7:6.2e-05  4:9.4e-03
  258 ,   7741 : 2.4366479056418e+00 +(2e-02,3e-02) | 9.22e+02 |  7:6.3e-05  4:9.4e-03
  259 ,   7771 : 2.4417564110213e+00 +(2e-02,3e-02) | 9.35e+02 |  7:6.3e-05  4:9.4e-03
Iterat, #Fevals:   Function Value    (median,worst) |Axis Ratio|idx:Min SD idx:Max SD
  260 ,   7801 : 2.4403118409425e+00 +(1e-02,3e-02) | 9.59e+02 |  7:6.0e-05  4:9.1e-03
  261 ,   7831 : 2.4399324454294e+00 +(2e-02,3e-02) | 1.03e+03 |  7:5.9e-05  4:9.9e-03
  262 ,   7861 : 2.4340608325799e+00 +(2e-02,4e-02) | 1.06e+03 |  7:6.5e-05  4:1.1e-02
  263 ,   7891 : 2.4396248290346e+00 +(1e-02,3e-02) | 1.08e+03 |  7:7.1e-05  4:1.2e-02
  264 ,   7921 : 2.4309198407280e+00 +(2e-02,5e-02) | 1.17e+03 |  7:7.9e-05  4:1.4e-02
  265 ,   7951 : 2.4396932708996e+00 +(2e-02,3e-02) | 1.17e+03 |  7:7.4e-05  4:1.3e-02
  266 ,   7981 : 2.4420760257369e+00 +(1e-02,3e-02) | 1.21e+03 |  7:6.5e-05  4:1.1e-02
  267 ,   8011 : 2.4425657778207e+00 +(2e-02,3e-02) | 1.22e+03 |  7:6.1e-05  4:1.0e-02
  268 ,   8041 : 2.4330297890954e+00 +(2e-02,4e-02) | 1.19e+03 |  7:5.6e-05  4:9.4e-03
  269 ,   8071 : 2.4333278140132e+00 +(2e-02,4e-02) | 1.23e+03 |  7:5.9e-05  4:1.0e-02
Iterat, #Fevals:   Function Value    (median,worst) |Axis Ratio|idx:Min SD idx:Max SD
  270 ,   8101 : 2.4415293034936e+00 +(1e-02,3e-02) | 1.30e+03 |  7:5.2e-05  4:9.5e-03
  271 ,   8131 : 2.4309588607397e+00 +(2e-02,4e-02) | 1.26e+03 |  7:4.7e-05  4:8.3e-03
  272 ,   8161 : 2.4369329335017e+00 +(2e-02,4e-02) | 1.23e+03 |  7:4.8e-05  4:8.4e-03
  273 ,   8191 : 2.4392689445796e+00 +(1e-02,2e-02) | 1.24e+03 |  7:4.8e-05  4:8.2e-03
  274 ,   8221 : 2.4415133212178e+00 +(1e-02,3e-02) | 1.24e+03 |  7:4.6e-05  4:7.8e-03
  275 ,   8251 : 2.4300263029356e+00 +(2e-02,4e-02) | 1.19e+03 |  7:4.2e-05  4:7.3e-03
  276 ,   8281 : 2.4378270368194e+00 +(2e-02,3e-02) | 1.20e+03 |  7:4.4e-05  4:7.5e-03
  277 ,   8311 : 2.4335656605550e+00 +(2e-02,4e-02) | 1.13e+03 |  7:4.2e-05  4:7.1e-03
  278 ,   8341 : 2.4423886745373e+00 +(1e-02,3e-02) | 1.15e+03 |  7:4.1e-05  4:7.0e-03
  279 ,   8371 : 2.4357998080769e+00 +(2e-02,4e-02) | 1.18e+03 |  7:4.0e-05  4:6.6e-03
Iterat, #Fevals:   Function Value    (median,worst) |Axis Ratio|idx:Min SD idx:Max SD
  280 ,   8401 : 2.4387999750334e+00 +(1e-02,3e-02) | 1.25e+03 |  7:3.7e-05  4:6.0e-03
  281 ,   8431 : 2.4344647085814e+00 +(2e-02,3e-02) | 1.28e+03 |  7:3.0e-05  4:4.8e-03
  282 ,   8461 : 2.4355693843592e+00 +(2e-02,4e-02) | 1.34e+03 |  7:2.6e-05  4:4.4e-03
  283 ,   8491 : 2.4298042863536e+00 +(2e-02,4e-02) | 1.32e+03 |  7:2.4e-05  4:4.0e-03
  284 ,   8521 : 2.4332951030704e+00 +(2e-02,4e-02) | 1.30e+03 |  7:2.3e-05  4:3.7e-03
  285 ,   8551 : 2.4347535740961e+00 +(2e-02,4e-02) | 1.27e+03 |  7:2.3e-05  4:3.8e-03
  286 ,   8581 : 2.4400993760684e+00 +(1e-02,4e-02) | 1.30e+03 |  7:2.4e-05  4:3.9e-03
  287 ,   8611 : 2.4366435672680e+00 +(2e-02,3e-02) | 1.31e+03 |  7:2.6e-05  4:4.3e-03
  288 ,   8641 : 2.4373962257171e+00 +(2e-02,4e-02) | 1.32e+03 |  7:2.9e-05  4:4.9e-03
  289 ,   8671 : 2.4391718228161e+00 +(2e-02,3e-02) | 1.19e+03 |  7:3.0e-05  4:4.9e-03
Iterat, #Fevals:   Function Value    (median,worst) |Axis Ratio|idx:Min SD idx:Max SD
  290 ,   8701 : 2.4343488485566e+00 +(2e-02,4e-02) | 1.12e+03 |  7:3.0e-05  4:4.9e-03
  291 ,   8731 : 2.4418324714397e+00 +(1e-02,3e-02) | 1.12e+03 |  7:2.5e-05  4:4.0e-03
  292 ,   8761 : 2.4315589604833e+00 +(2e-02,4e-02) | 1.06e+03 |  7:2.2e-05  4:3.5e-03
  293 ,   8791 : 2.4415453345640e+00 +(1e-02,3e-02) | 1.09e+03 |  7:2.2e-05  4:3.4e-03
  294 ,   8821 : 2.4334642384525e+00 +(2e-02,4e-02) | 1.08e+03 |  7:2.0e-05  4:3.1e-03
  295 ,   8851 : 2.4341304176273e+00 +(2e-02,3e-02) | 1.06e+03 |  7:1.8e-05  4:2.8e-03
  296 ,   8881 : 2.4394688313809e+00 +(1e-02,4e-02) | 1.06e+03 |  7:2.0e-05  4:3.0e-03
  297 ,   8911 : 2.4425478227603e+00 +(1e-02,3e-02) | 9.86e+02 |  7:2.0e-05  4:3.0e-03
  298 ,   8941 : 2.4341032295521e+00 +(2e-02,4e-02) | 9.77e+02 |  7:2.1e-05  4:3.1e-03
  299 ,   8971 : 2.4424047254816e+00 +(1e-02,3e-02) | 9.43e+02 |  7:2.1e-05  4:3.0e-03
Iterat, #Fevals:   Function Value    (median,worst) |Axis Ratio|idx:Min SD idx:Max SD
  300 ,   9001 : 2.4369814685948e+00 +(2e-02,3e-02) | 8.85e+02 |  7:2.1e-05  4:3.0e-03
  301 ,   9031 : 2.4297640061552e+00 +(3e-02,4e-02) | 8.52e+02 |  7:2.2e-05  4:3.1e-03
  302 ,   9061 : 2.4366867349442e+00 +(2e-02,4e-02) | 7.98e+02 |  7:2.2e-05  4:3.2e-03
  303 ,   9091 : 2.4320515627566e+00 +(2e-02,4e-02) | 8.28e+02 |  7:1.9e-05  4:2.7e-03
  304 ,   9121 : 2.4346264538602e+00 +(2e-02,4e-02) | 8.43e+02 |  7:1.7e-05  4:2.3e-03
  305 ,   9151 : 2.4338781829582e+00 +(2e-02,3e-02) | 8.73e+02 |  7:1.5e-05  4:2.1e-03
  306 ,   9181 : 2.4381267506472e+00 +(1e-02,4e-02) | 8.57e+02 |  7:1.6e-05  4:2.0e-03
  307 ,   9211 : 2.4300617550092e+00 +(2e-02,5e-02) | 8.54e+02 |  7:1.7e-05  4:2.2e-03
  308 ,   9241 : 2.4393184273561e+00 +(1e-02,3e-02) | 8.66e+02 |  7:2.0e-05  4:2.5e-03
  309 ,   9271 : 2.4383278468621e+00 +(2e-02,4e-02) | 8.55e+02 |  7:2.5e-05  4:3.0e-03
Iterat, #Fevals:   Function Value    (median,worst) |Axis Ratio|idx:Min SD idx:Max SD
  310 ,   9301 : 2.4275176687581e+00 +(2e-02,4e-02) | 8.73e+02 |  7:3.0e-05  4:3.6e-03
  311 ,   9331 : 2.4338705709329e+00 +(2e-02,4e-02) | 9.34e+02 |  7:3.3e-05  4:4.2e-03
  312 ,   9361 : 2.4291958588339e+00 +(2e-02,5e-02) | 8.99e+02 |  7:3.2e-05  4:4.0e-03
  313 ,   9391 : 2.4292720043201e+00 +(2e-02,5e-02) | 8.91e+02 |  7:2.6e-05  4:3.3e-03
  314 ,   9421 : 2.4397263529580e+00 +(1e-02,4e-02) | 9.00e+02 |  7:2.5e-05  4:3.1e-03
  315 ,   9451 : 2.4353567505216e+00 +(2e-02,4e-02) | 8.73e+02 |  7:2.3e-05  4:2.8e-03
  316 ,   9481 : 2.4370045545455e+00 +(2e-02,4e-02) | 9.30e+02 |  7:2.3e-05  4:2.8e-03
  317 ,   9511 : 2.4411311628469e+00 +(1e-02,4e-02) | 9.00e+02 |  7:1.9e-05  4:2.3e-03
  318 ,   9541 : 2.4376634655301e+00 +(2e-02,3e-02) | 8.98e+02 |  7:1.7e-05  4:2.1e-03
  319 ,   9571 : 2.4421210458723e+00 +(1e-02,3e-02) | 9.16e+02 |  7:1.6e-05  4:2.0e-03
Iterat, #Fevals:   Function Value    (median,worst) |Axis Ratio|idx:Min SD idx:Max SD
  320 ,   9601 : 2.4312828626229e+00 +(2e-02,3e-02) | 8.93e+02 |  7:1.6e-05  4:2.0e-03
  321 ,   9631 : 2.4372707863008e+00 +(2e-02,4e-02) | 9.61e+02 |  7:1.9e-05  4:2.5e-03
  322 ,   9661 : 2.4413218864819e+00 +(1e-02,4e-02) | 9.68e+02 |  7:2.0e-05  4:2.5e-03
  323 ,   9691 : 2.4342788875410e+00 +(2e-02,4e-02) | 9.17e+02 |  7:2.4e-05  4:2.8e-03
  324 ,   9721 : 2.4313163720863e+00 +(2e-02,4e-02) | 1.01e+03 |  7:2.6e-05  4:3.2e-03
  325 ,   9751 : 2.4297588822862e+00 +(3e-02,5e-02) | 1.07e+03 |  7:2.2e-05  4:2.7e-03
  326 ,   9781 : 2.4426311581981e+00 +(1e-02,3e-02) | 1.07e+03 |  7:1.8e-05  4:2.3e-03
  327 ,   9811 : 2.4411015385485e+00 +(1e-02,3e-02) | 1.13e+03 |  7:1.9e-05  4:2.4e-03
  328 ,   9841 : 2.4306139724527e+00 +(3e-02,5e-02) | 1.08e+03 |  7:2.0e-05  4:2.4e-03
  329 ,   9871 : 2.4297878317623e+00 +(2e-02,4e-02) | 1.06e+03 |  7:1.9e-05  4:2.3e-03
Iterat, #Fevals:   Function Value    (median,worst) |Axis Ratio|idx:Min SD idx:Max SD
  330 ,   9901 : 2.4347638234300e+00 +(2e-02,3e-02) | 1.13e+03 |  7:2.0e-05  4:2.4e-03
  331 ,   9931 : 2.4345800403064e+00 +(2e-02,3e-02) | 1.10e+03 |  7:1.8e-05  4:2.3e-03
  332 ,   9961 : 2.4340836627038e+00 +(2e-02,4e-02) | 1.10e+03 |  7:1.9e-05  4:2.3e-03
  333 ,   9991 : 2.4372553562249e+00 +(2e-02,3e-02) | 1.13e+03 |  7:2.1e-05  4:2.6e-03
  334 ,  10021 : 2.4369028340352e+00 +(2e-02,3e-02) | 1.06e+03 |  7:2.3e-05  4:2.7e-03
  335 ,  10051 : 2.4384548090248e+00 +(1e-02,3e-02) | 1.07e+03 |  7:2.3e-05  4:2.8e-03
  336 ,  10081 : 2.4374375774034e+00 +(2e-02,3e-02) | 9.85e+02 |  7:2.0e-05  4:2.3e-03
  337 ,  10111 : 2.4436518587036e+00 +(1e-02,3e-02) | 1.06e+03 |  7:2.5e-05  4:2.8e-03
  338 ,  10141 : 2.4357766610020e+00 +(2e-02,4e-02) | 1.04e+03 |  7:2.8e-05  4:3.0e-03
  339 ,  10171 : 2.4292189286194e+00 +(3e-02,5e-02) | 9.36e+02 |  7:3.1e-05  4:3.2e-03
Iterat, #Fevals:   Function Value    (median,worst) |Axis Ratio|idx:Min SD idx:Max SD
  340 ,  10201 : 2.4357782257859e+00 +(2e-02,4e-02) | 8.89e+02 |  7:3.3e-05  4:3.4e-03
  341 ,  10231 : 2.4361282667571e+00 +(2e-02,3e-02) | 9.12e+02 |  7:3.7e-05  4:3.7e-03
  342 ,  10261 : 2.4312150779308e+00 +(2e-02,4e-02) | 8.96e+02 |  7:4.2e-05  4:4.2e-03
  343 ,  10291 : 2.4392054323084e+00 +(2e-02,3e-02) | 9.52e+02 |  7:4.1e-05  4:4.2e-03
  344 ,  10321 : 2.4389137922930e+00 +(2e-02,3e-02) | 9.85e+02 |  7:4.0e-05  4:4.1e-03
  345 ,  10351 : 2.4303125958197e+00 +(2e-02,4e-02) | 1.02e+03 |  7:4.1e-05  4:4.6e-03
  346 ,  10381 : 2.4387251793323e+00 +(2e-02,3e-02) | 9.97e+02 |  7:3.5e-05  4:4.0e-03
  347 ,  10411 : 2.4400194058334e+00 +(2e-02,4e-02) | 9.31e+02 |  7:3.3e-05  4:3.8e-03
  348 ,  10441 : 2.4307777859369e+00 +(2e-02,4e-02) | 9.48e+02 |  7:3.3e-05  4:4.0e-03
  349 ,  10471 : 2.4296123972425e+00 +(3e-02,4e-02) | 9.99e+02 |  7:3.1e-05  4:4.0e-03
Iterat, #Fevals:   Function Value    (median,worst) |Axis Ratio|idx:Min SD idx:Max SD
  350 ,  10501 : 2.4389008143384e+00 +(1e-02,3e-02) | 1.04e+03 |  7:2.5e-05  4:3.4e-03
  351 ,  10531 : 2.4316679352841e+00 +(2e-02,4e-02) | 1.05e+03 |  7:2.3e-05  4:3.2e-03
  352 ,  10561 : 2.4369954231140e+00 +(2e-02,4e-02) | 1.05e+03 |  7:2.2e-05  4:3.3e-03
  353 ,  10591 : 2.4410825228648e+00 +(1e-02,4e-02) | 1.04e+03 |  7:1.9e-05  4:2.8e-03
  354 ,  10621 : 2.4289216396460e+00 +(3e-02,4e-02) | 1.06e+03 |  7:2.1e-05  4:3.1e-03
  355 ,  10651 : 2.4357424182880e+00 +(2e-02,4e-02) | 1.05e+03 |  7:2.0e-05  4:2.9e-03
  356 ,  10681 : 2.4287229354007e+00 +(3e-02,4e-02) | 1.05e+03 |  7:1.8e-05  4:2.5e-03
  357 ,  10711 : 2.4344464253923e+00 +(2e-02,4e-02) | 1.04e+03 |  7:1.7e-05  4:2.5e-03
  358 ,  10741 : 2.4348201220309e+00 +(2e-02,4e-02) | 1.07e+03 |  7:1.8e-05  4:2.8e-03
  359 ,  10771 : 2.4381008313174e+00 +(2e-02,4e-02) | 1.07e+03 |  7:1.7e-05  4:2.6e-03
Iterat, #Fevals:   Function Value    (median,worst) |Axis Ratio|idx:Min SD idx:Max SD
  360 ,  10801 : 2.4343470251760e+00 +(2e-02,4e-02) | 1.03e+03 |  7:1.5e-05  4:2.3e-03
  361 ,  10831 : 2.4391026440940e+00 +(2e-02,3e-02) | 1.10e+03 |  7:1.5e-05  4:2.3e-03
  362 ,  10861 : 2.4351664760634e+00 +(2e-02,4e-02) | 1.11e+03 |  7:1.4e-05  4:2.3e-03
  363 ,  10891 : 2.4388718760829e+00 +(2e-02,3e-02) | 1.09e+03 |  7:1.5e-05  4:2.4e-03
  364 ,  10921 : 2.4414749039118e+00 +(2e-02,3e-02) | 1.10e+03 |  7:1.5e-05  4:2.4e-03
  365 ,  10951 : 2.4348925012491e+00 +(2e-02,4e-02) | 1.08e+03 |  7:1.4e-05  4:2.2e-03
  366 ,  10981 : 2.4434934630426e+00 +(1e-02,3e-02) | 1.11e+03 |  7:1.2e-05  4:2.0e-03
  367 ,  11011 : 2.4316951031887e+00 +(2e-02,4e-02) | 1.14e+03 |  7:1.2e-05  4:2.0e-03
  368 ,  11041 : 2.4386090963636e+00 +(2e-02,3e-02) | 1.18e+03 |  7:1.2e-05  4:2.1e-03
  369 ,  11071 : 2.4318213724135e+00 +(2e-02,4e-02) | 1.18e+03 |  7:1.3e-05  4:2.3e-03
Iterat, #Fevals:   Function Value    (median,worst) |Axis Ratio|idx:Min SD idx:Max SD
  370 ,  11101 : 2.4313967817436e+00 +(2e-02,4e-02) | 1.17e+03 |  7:1.3e-05  4:2.1e-03
  371 ,  11131 : 2.4323530246671e+00 +(2e-02,5e-02) | 1.19e+03 |  7:1.3e-05  4:2.3e-03
  372 ,  11161 : 2.4363643629506e+00 +(2e-02,4e-02) | 1.18e+03 |  7:1.3e-05  4:2.3e-03
  373 ,  11191 : 2.4349943377628e+00 +(2e-02,4e-02) | 1.11e+03 |  7:1.4e-05  4:2.3e-03
