
                            < M A T L A B (R) >
                  Copyright 1984-2015 The MathWorks, Inc.
                   R2015a (8.5.0.197613) 64-bit (glnxa64)
                             February 12, 2015

 
For online documentation, see http://www.mathworks.com/support
For product information, visit www.mathworks.com.
 

	Academic License


seed =

                142.196034


InitialthetaLB =

                       0.1
                         1
                         1
                       0.1
                         1
                       0.1
                     0.001
                    0.0001
                       300


InitialthetaUB =

      100000
    10000000
   100000000
       10000
       10000
        1000
           5
         100
        2000


Initialtheta =

          90206.1622750983
          5578075.80005351
           65598470.894656
          8324.73088057997
          1999.64198854398
           127.34153208959
          3.85742409730152
          43.2289119885831
          954.979792504391

  n=9: (15,30)-CMA-ES(w=[21 15 12... 0.77 0.25]%, ]%, mu_eff=8.6) on function Error
Iterat, #Fevals:   Function Value    (median,worst) |Axis Ratio|idx:Min SD idx:Max SD
    1 ,     31 : 4.4109193795481e+01 +(5e+04,6e+10) | 7.30e+00 |  1:3.5e-01  6:2.5e+00
    2 ,     61 : 3.2434359934369e+01 +(5e+01,4e+09) | 7.57e+00 |  1:3.7e-01  6:2.7e+00
    3 ,     91 : 4.4034370738814e+01 +(4e+01,5e+21) | 8.05e+00 |  1:4.3e-01  6:3.4e+00
    4 ,    121 : 8.4508448821810e+01 +(1e+00,3e+10) | 7.89e+00 |  1:4.4e-01  6:3.4e+00
    5 ,    151 : 3.7983928222045e+01 +(5e+01,6e+13) | 8.50e+00 |  1:4.9e-01  6:3.8e+00
    6 ,    181 : 2.1992321616785e+01 +(6e+01,9e+12) | 8.20e+00 |  1:4.6e-01  6:3.5e+00
    7 ,    211 : 3.3613804494613e+01 +(5e+01,3e+12) | 8.45e+00 |  1:4.3e-01  6:3.3e+00
    8 ,    241 : 3.2619376402188e+01 +(5e+01,4e+14) | 8.47e+00 |  1:3.6e-01  6:2.7e+00
    9 ,    271 : 3.2346655913554e+01 +(5e+01,8e+08) | 8.43e+00 |  4:3.0e-01  6:2.2e+00
Iterat, #Fevals:   Function Value    (median,worst) |Axis Ratio|idx:Min SD idx:Max SD
   10 ,    301 : 3.3325266773145e+01 +(5e+01,4e+04) | 8.41e+00 |  4:2.5e-01  6:1.8e+00
   11 ,    331 : 3.0799420100818e+01 +(4e+01,1e+05) | 8.22e+00 |  1:2.5e-01  6:1.8e+00
   12 ,    361 : 3.2345879969387e+01 +(5e+01,4e+03) | 8.25e+00 |  1:2.3e-01  6:1.6e+00
   13 ,    391 : 3.3635329430647e+01 +(5e+01,9e+03) | 8.04e+00 |  1:2.0e-01  6:1.4e+00
   14 ,    421 : 3.2642689875562e+01 +(2e+01,3e+04) | 7.78e+00 |  1:2.0e-01  6:1.4e+00
   15 ,    451 : 3.1773491560823e+01 +(3e+01,7e+03) | 7.42e+00 |  1:1.8e-01  6:1.2e+00
   16 ,    481 : 3.1678635543284e+01 +(2e+01,2e+04) | 7.50e+00 |  1:1.6e-01  6:1.1e+00
   17 ,    511 : 3.2416406607034e+01 +(1e+01,7e+02) | 7.68e+00 |  1:1.4e-01  6:9.7e-01
   18 ,    541 : 3.1781460953468e+01 +(9e+00,5e+01) | 7.83e+00 |  1:1.1e-01  6:8.2e-01
   19 ,    571 : 3.2333732128374e+01 +(4e+00,3e+02) | 8.14e+00 |  1:1.1e-01  6:8.3e-01
Iterat, #Fevals:   Function Value    (median,worst) |Axis Ratio|idx:Min SD idx:Max SD
   20 ,    601 : 3.1698293877485e+01 +(5e+00,6e+02) | 8.24e+00 |  1:1.0e-01  6:7.5e-01
   21 ,    631 : 3.1781936023997e+01 +(2e+00,2e+02) | 8.19e+00 |  1:1.2e-01  6:7.8e-01
   22 ,    661 : 3.1780106803677e+01 +(7e+00,2e+02) | 8.28e+00 |  1:1.1e-01  6:7.5e-01
   23 ,    691 : 3.0959911490448e+01 +(7e+00,6e+01) | 8.93e+00 |  1:1.2e-01  6:8.4e-01
   24 ,    721 : 3.0525297796830e+01 +(8e+00,6e+01) | 9.65e+00 |  1:1.2e-01  6:8.5e-01
   25 ,    751 : 3.0807486086979e+01 +(4e+00,5e+02) | 9.97e+00 |  1:1.2e-01  6:8.3e-01
   26 ,    781 : 2.9369989709023e+01 +(1e+01,2e+02) | 1.03e+01 |  1:1.1e-01  6:8.0e-01
   27 ,    811 : 3.0181657206345e+01 +(4e+00,3e+02) | 1.06e+01 |  1:1.1e-01  6:7.7e-01
   28 ,    841 : 3.0726706312607e+01 +(7e+00,2e+02) | 1.13e+01 |  1:1.1e-01  6:7.5e-01
   29 ,    871 : 2.9910865396203e+01 +(3e+00,8e+01) | 1.38e+01 |  1:1.2e-01  6:9.8e-01
Iterat, #Fevals:   Function Value    (median,worst) |Axis Ratio|idx:Min SD idx:Max SD
   30 ,    901 : 3.0300088420364e+01 +(8e+00,2e+06) | 1.50e+01 |  1:1.3e-01  6:1.0e+00
   31 ,    931 : 2.9328705840673e+01 +(1e+01,4e+03) | 1.62e+01 |  4:1.1e-01  6:1.0e+00
   32 ,    961 : 3.0686515610871e+01 +(3e+00,2e+03) | 1.70e+01 |  1:1.1e-01  6:9.6e-01
   33 ,    991 : 3.0864127770535e+01 +(3e+00,8e+01) | 1.72e+01 |  4:9.6e-02  6:8.7e-01
   34 ,   1021 : 3.1121533016158e+01 +(2e+00,2e+01) | 1.76e+01 |  4:8.2e-02  6:7.4e-01
   35 ,   1051 : 2.9844131165048e+01 +(2e+00,3e+01) | 1.75e+01 |  1:8.1e-02  6:6.9e-01
   36 ,   1081 : 3.0205689709966e+01 +(2e+00,1e+01) | 1.84e+01 |  1:8.6e-02  6:7.6e-01
   37 ,   1111 : 2.9784373735275e+01 +(4e+00,2e+02) | 1.87e+01 |  1:8.4e-02  6:7.3e-01
   38 ,   1141 : 2.9413594806110e+01 +(4e+00,3e+01) | 2.02e+01 |  1:8.8e-02  6:7.8e-01
   39 ,   1171 : 2.8251342210517e+01 +(5e+00,3e+02) | 2.04e+01 |  1:7.9e-02  6:7.2e-01
Iterat, #Fevals:   Function Value    (median,worst) |Axis Ratio|idx:Min SD idx:Max SD
   40 ,   1201 : 2.8921940800544e+01 +(2e+00,6e+01) | 2.07e+01 |  1:8.9e-02  6:7.6e-01
   41 ,   1231 : 2.4200089151489e+01 +(1e+01,5e+07) | 2.14e+01 |  1:7.8e-02  6:6.6e-01
   42 ,   1261 : 2.6276962790766e+01 +(5e+00,2e+02) | 2.21e+01 |  1:7.9e-02  6:6.5e-01
   43 ,   1291 : 2.4405237246909e+01 +(7e+00,1e+02) | 2.23e+01 |  1:7.5e-02  6:6.1e-01
   44 ,   1321 : 1.9855419770611e+01 +(1e+01,2e+02) | 2.30e+01 |  4:8.4e-02  6:6.8e-01
   45 ,   1351 : 2.3347711268328e+01 +(1e+01,1e+03) | 2.52e+01 |  4:8.9e-02  6:7.5e-01
   46 ,   1381 : 2.3064117800913e+01 +(1e+01,1e+05) | 2.59e+01 |  4:1.0e-01  6:7.7e-01
   47 ,   1411 : 1.7246216540816e+01 +(2e+01,5e+05) | 2.60e+01 |  4:1.0e-01  6:8.0e-01
   48 ,   1441 : 2.6555683821518e+01 +(7e+00,4e+06) | 2.66e+01 |  4:9.5e-02  6:7.3e-01
   49 ,   1471 : 2.9167337135475e+01 +(5e+00,2e+03) | 2.68e+01 |  4:9.7e-02  6:7.3e-01
Iterat, #Fevals:   Function Value    (median,worst) |Axis Ratio|idx:Min SD idx:Max SD
   50 ,   1501 : 1.1146839178648e+01 +(2e+01,5e+01) | 2.67e+01 |  4:1.0e-01  6:7.5e-01
   51 ,   1531 : 1.1195832281885e+01 +(2e+01,2e+02) | 2.60e+01 |  4:1.1e-01  6:7.5e-01
   52 ,   1561 : 2.7584368417595e+01 +(2e+01,5e+04) | 2.67e+01 |  4:9.4e-02  6:6.7e-01
   53 ,   1591 : 2.7844873868528e+01 +(5e+00,5e+02) | 2.67e+01 |  4:9.0e-02  6:6.1e-01
   54 ,   1621 : 2.4920274308620e+01 +(7e+00,6e+02) | 2.72e+01 |  4:8.3e-02  6:5.8e-01
   55 ,   1651 : 2.0960200998291e+01 +(9e+00,5e+01) | 2.74e+01 |  4:8.8e-02  6:5.9e-01
   56 ,   1681 : 2.4039148620417e+01 +(9e+00,9e+05) | 2.77e+01 |  4:8.6e-02  6:5.8e-01
   57 ,   1711 : 1.4130150880622e+01 +(3e+01,4e+05) | 2.76e+01 |  4:8.8e-02  6:5.9e-01
   58 ,   1741 : 1.2667221635037e+01 +(2e+01,2e+02) | 2.89e+01 |  4:8.4e-02  6:5.7e-01
   59 ,   1771 : 9.2210316763077e+00 +(2e+01,5e+02) | 3.13e+01 |  4:8.4e-02  6:5.8e-01
Iterat, #Fevals:   Function Value    (median,worst) |Axis Ratio|idx:Min SD idx:Max SD
   60 ,   1801 : 2.4577524725216e+01 +(2e+01,1e+06) | 3.11e+01 |  1:8.2e-02  6:5.4e-01
   61 ,   1831 : 1.8715512687921e+01 +(1e+01,2e+02) | 3.33e+01 |  4:7.1e-02  6:5.0e-01
   62 ,   1861 : 2.1728691839435e+01 +(7e+00,2e+03) | 3.48e+01 |  4:6.6e-02  6:4.7e-01
   63 ,   1891 : 1.7189770128303e+01 +(1e+01,9e+05) | 3.59e+01 |  7:7.2e-02  6:5.2e-01
   64 ,   1921 : 1.7838965941295e+01 +(1e+01,7e+05) | 3.50e+01 |  7:7.7e-02  6:5.6e-01
   65 ,   1951 : 7.6972625425266e+00 +(2e+01,5e+02) | 3.54e+01 |  7:7.8e-02  6:5.8e-01
   66 ,   1981 : 1.1948462705106e+01 +(2e+01,7e+01) | 3.53e+01 |  7:7.5e-02  6:5.5e-01
   67 ,   2011 : 1.0917689839686e+01 +(2e+01,4e+06) | 3.54e+01 |  7:6.7e-02  6:5.1e-01
   68 ,   2041 : 1.5065383917241e+01 +(2e+01,6e+02) | 3.53e+01 |  7:6.8e-02  6:5.1e-01
   69 ,   2071 : 2.0572333947816e+01 +(8e+00,3e+04) | 3.50e+01 |  7:6.5e-02  6:4.9e-01
Iterat, #Fevals:   Function Value    (median,worst) |Axis Ratio|idx:Min SD idx:Max SD
   70 ,   2101 : 1.4278231916805e+01 +(1e+01,2e+02) | 3.55e+01 |  7:5.3e-02  6:4.0e-01
   71 ,   2131 : 9.9366976472775e+00 +(2e+01,1e+02) | 3.93e+01 |  7:5.2e-02  6:4.4e-01
   72 ,   2161 : 1.2986456323839e+01 +(1e+01,4e+03) | 4.14e+01 |  7:5.1e-02  6:4.5e-01
   73 ,   2191 : 1.1540835751313e+01 +(2e+01,4e+02) | 4.25e+01 |  7:4.4e-02  6:4.0e-01
   74 ,   2221 : 1.3923651324093e+01 +(2e+01,2e+02) | 4.46e+01 |  7:3.9e-02  6:3.7e-01
   75 ,   2251 : 1.2507429429652e+01 +(1e+01,2e+03) | 4.71e+01 |  7:3.5e-02  6:3.4e-01
   76 ,   2281 : 1.0009154356272e+01 +(1e+01,2e+04) | 4.89e+01 |  7:3.1e-02  6:3.2e-01
   77 ,   2311 : 4.6300317592002e+00 +(2e+01,5e+03) | 5.03e+01 |  7:2.7e-02  6:2.9e-01
   78 ,   2341 : 4.4126380979948e+00 +(2e+01,1e+04) | 5.13e+01 |  7:2.7e-02  6:2.9e-01
   79 ,   2371 : 7.2612953527566e+00 +(2e+01,2e+02) | 5.38e+01 |  7:2.2e-02  6:2.5e-01
Iterat, #Fevals:   Function Value    (median,worst) |Axis Ratio|idx:Min SD idx:Max SD
   80 ,   2401 : 4.8546035929150e+00 +(1e+01,5e+02) | 5.58e+01 |  7:2.1e-02  6:2.4e-01
   81 ,   2431 : 3.1114604115159e+00 +(1e+01,8e+01) | 6.18e+01 |  7:2.3e-02  6:2.9e-01
   82 ,   2461 : 6.3932859161509e+00 +(2e+01,6e+02) | 6.51e+01 |  7:2.4e-02  6:3.3e-01
   83 ,   2491 : 4.3107687382915e+00 +(2e+01,3e+03) | 6.50e+01 |  7:2.3e-02  6:3.1e-01
   84 ,   2521 : 3.7494999830675e+00 +(1e+01,8e+01) | 6.69e+01 |  7:2.1e-02  6:3.0e-01
   85 ,   2551 : 3.8562496248176e+00 +(1e+01,1e+02) | 6.84e+01 |  7:2.0e-02  6:3.0e-01
   86 ,   2581 : 2.8558577988928e+00 +(2e+01,3e+03) | 6.99e+01 |  7:1.9e-02  6:2.9e-01
   87 ,   2611 : 2.8726078013635e+00 +(1e+01,5e+02) | 7.37e+01 |  7:1.7e-02  6:2.7e-01
   88 ,   2641 : 4.7781825684597e+00 +(1e+01,8e+01) | 7.37e+01 |  7:1.6e-02  6:2.5e-01
   89 ,   2671 : 2.8058749680668e+00 +(8e+00,1e+02) | 7.52e+01 |  7:1.5e-02  6:2.5e-01
Iterat, #Fevals:   Function Value    (median,worst) |Axis Ratio|idx:Min SD idx:Max SD
   90 ,   2701 : 2.7045716870749e+00 +(2e+01,1e+03) | 7.02e+01 |  7:1.5e-02  6:2.6e-01
   91 ,   2731 : 3.7441909967426e+00 +(1e+01,8e+01) | 7.58e+01 |  7:1.5e-02  6:2.8e-01
   92 ,   2761 : 2.8814385934767e+00 +(8e+00,6e+02) | 8.03e+01 |  7:1.4e-02  6:2.6e-01
   93 ,   2791 : 2.5997298100256e+00 +(7e+00,4e+01) | 8.48e+01 |  7:1.2e-02  6:2.4e-01
   94 ,   2821 : 2.6227632281692e+00 +(8e+00,4e+03) | 8.90e+01 |  7:1.1e-02  6:2.4e-01
   95 ,   2851 : 3.1453715984712e+00 +(5e+00,4e+01) | 9.22e+01 |  7:1.1e-02  6:2.4e-01
   96 ,   2881 : 2.7576589536423e+00 +(6e+00,2e+02) | 9.47e+01 |  7:9.0e-03  6:2.0e-01
   97 ,   2911 : 2.7798192967468e+00 +(4e+00,4e+02) | 9.31e+01 |  7:7.9e-03  6:1.8e-01
   98 ,   2941 : 2.6500567941848e+00 +(2e+00,6e+01) | 9.42e+01 |  7:7.1e-03  6:1.7e-01
   99 ,   2971 : 2.4726946186411e+00 +(3e+00,3e+01) | 1.00e+02 |  7:7.3e-03  6:1.8e-01
Iterat, #Fevals:   Function Value    (median,worst) |Axis Ratio|idx:Min SD idx:Max SD
  100 ,   3001 : 2.8728719483057e+00 +(3e+00,6e+01) | 1.03e+02 |  7:8.5e-03  6:2.1e-01
  101 ,   3031 : 2.6776500259181e+00 +(5e+00,1e+03) | 1.03e+02 |  7:8.8e-03  6:2.2e-01
  102 ,   3061 : 2.7078641598040e+00 +(4e+00,4e+01) | 1.12e+02 |  7:8.1e-03  6:2.3e-01
  103 ,   3091 : 2.4679499633336e+00 +(4e+00,1e+02) | 1.14e+02 |  7:7.4e-03  6:2.1e-01
  104 ,   3121 : 2.6104821263590e+00 +(5e+00,8e+01) | 1.21e+02 |  7:6.5e-03  6:1.9e-01
  105 ,   3151 : 2.7572923987265e+00 +(2e+00,3e+01) | 1.28e+02 |  7:5.8e-03  6:1.8e-01
  106 ,   3181 : 2.7572673112453e+00 +(2e+00,2e+01) | 1.36e+02 |  7:5.1e-03  6:1.6e-01
  107 ,   3211 : 2.5295310478720e+00 +(1e+00,2e+01) | 1.46e+02 |  7:4.4e-03  6:1.5e-01
  108 ,   3241 : 2.4487824345006e+00 +(2e+00,9e+00) | 1.50e+02 |  7:4.0e-03  6:1.4e-01
  109 ,   3271 : 2.4462424540762e+00 +(8e-01,5e+00) | 1.64e+02 |  7:3.8e-03  6:1.5e-01
Iterat, #Fevals:   Function Value    (median,worst) |Axis Ratio|idx:Min SD idx:Max SD
  110 ,   3301 : 2.5414920340197e+00 +(7e-01,4e+01) | 1.80e+02 |  7:3.6e-03  6:1.5e-01
  111 ,   3331 : 2.5215956446914e+00 +(1e+00,5e+00) | 1.93e+02 |  7:3.2e-03  6:1.5e-01
  112 ,   3361 : 2.4600428369693e+00 +(7e-01,4e+00) | 2.05e+02 |  7:3.1e-03  6:1.5e-01
  113 ,   3391 : 2.5347237739119e+00 +(1e+00,5e+00) | 2.13e+02 |  7:2.9e-03  6:1.4e-01
  114 ,   3421 : 2.4844178928281e+00 +(7e-01,4e+00) | 2.13e+02 |  7:2.7e-03  6:1.4e-01
  115 ,   3451 : 2.4644252740901e+00 +(6e-01,6e+00) | 2.28e+02 |  7:3.1e-03  6:1.8e-01
  116 ,   3481 : 2.4750654277424e+00 +(2e+00,7e+01) | 2.34e+02 |  7:3.3e-03  6:2.0e-01
  117 ,   3511 : 2.4992185061630e+00 +(8e-01,8e+00) | 2.35e+02 |  7:3.5e-03  6:2.1e-01
  118 ,   3541 : 2.5286595444996e+00 +(9e-01,9e+00) | 2.63e+02 |  7:3.1e-03  6:2.1e-01
  119 ,   3571 : 2.4738575513455e+00 +(7e-01,3e+01) | 2.82e+02 |  7:2.9e-03  6:2.1e-01
Iterat, #Fevals:   Function Value    (median,worst) |Axis Ratio|idx:Min SD idx:Max SD
  120 ,   3601 : 2.4915873028318e+00 +(9e-01,5e+00) | 2.93e+02 |  7:2.6e-03  6:2.0e-01
  121 ,   3631 : 2.4727681810867e+00 +(7e-01,3e+00) | 2.96e+02 |  7:2.1e-03  6:1.7e-01
  122 ,   3661 : 2.4750605576810e+00 +(4e-01,3e+00) | 2.97e+02 |  7:1.8e-03  6:1.4e-01
  123 ,   3691 : 2.4611494983036e+00 +(2e-01,2e+00) | 3.14e+02 |  7:1.7e-03  6:1.4e-01
  124 ,   3721 : 2.5174215803732e+00 +(2e-01,7e-01) | 3.52e+02 |  7:1.6e-03  6:1.5e-01
  125 ,   3751 : 2.4736753499013e+00 +(3e-01,1e+00) | 3.72e+02 |  7:1.5e-03  6:1.4e-01
  126 ,   3781 : 2.4606934542592e+00 +(2e-01,1e+00) | 3.86e+02 |  7:1.3e-03  6:1.4e-01
  127 ,   3811 : 2.4529052100928e+00 +(2e-01,1e+00) | 3.97e+02 |  7:1.0e-03  6:1.1e-01
  128 ,   3841 : 2.4610856835958e+00 +(7e-02,7e-01) | 4.24e+02 |  7:9.4e-04  6:1.1e-01
  129 ,   3871 : 2.4569057267251e+00 +(6e-02,4e-01) | 4.53e+02 |  7:8.0e-04  6:9.7e-02
Iterat, #Fevals:   Function Value    (median,worst) |Axis Ratio|idx:Min SD idx:Max SD
  130 ,   3901 : 2.4547746294040e+00 +(5e-02,7e-01) | 5.06e+02 |  7:7.2e-04  6:9.7e-02
  131 ,   3931 : 2.4612941489613e+00 +(6e-02,4e-01) | 5.45e+02 |  7:6.2e-04  6:8.6e-02
  132 ,   3961 : 2.4566507018359e+00 +(4e-02,3e-01) | 5.64e+02 |  7:5.6e-04  6:7.9e-02
  133 ,   3991 : 2.4495932105671e+00 +(6e-02,3e-01) | 5.87e+02 |  7:5.2e-04  6:7.5e-02
  134 ,   4021 : 2.4594749029592e+00 +(2e-02,1e-01) | 5.92e+02 |  7:5.1e-04  6:7.7e-02
  135 ,   4051 : 2.4471491293568e+00 +(4e-02,1e-01) | 6.12e+02 |  7:4.6e-04  6:7.1e-02
  136 ,   4081 : 2.4505512416309e+00 +(3e-02,1e-01) | 6.35e+02 |  7:4.0e-04  6:6.3e-02
  137 ,   4111 : 2.4531395261681e+00 +(2e-02,8e-02) | 6.52e+02 |  7:3.4e-04  6:5.7e-02
  138 ,   4141 : 2.4490712251085e+00 +(2e-02,4e-02) | 6.83e+02 |  7:2.8e-04  6:4.8e-02
  139 ,   4171 : 2.4453182664594e+00 +(2e-02,4e-02) | 7.08e+02 |  7:2.8e-04  6:5.0e-02
Iterat, #Fevals:   Function Value    (median,worst) |Axis Ratio|idx:Min SD idx:Max SD
  140 ,   4201 : 2.4532597141607e+00 +(1e-02,5e-02) | 7.34e+02 |  7:2.6e-04  6:4.9e-02
  141 ,   4231 : 2.4461705858673e+00 +(2e-02,6e-02) | 7.78e+02 |  7:2.2e-04  6:4.4e-02
  142 ,   4261 : 2.4536878958732e+00 +(7e-03,3e-02) | 8.04e+02 |  7:2.0e-04  6:4.2e-02
  143 ,   4291 : 2.4509181956934e+00 +(1e-02,2e-02) | 8.21e+02 |  7:2.0e-04  6:4.1e-02
  144 ,   4321 : 2.4515674315719e+00 +(1e-02,2e-02) | 8.35e+02 |  7:1.9e-04  6:3.8e-02
  145 ,   4351 : 2.4508862266221e+00 +(9e-03,3e-02) | 8.40e+02 |  7:1.8e-04  6:3.6e-02
  146 ,   4381 : 2.4532618810513e+00 +(8e-03,2e-02) | 8.53e+02 |  7:1.6e-04  6:3.2e-02
  147 ,   4411 : 2.4455828310722e+00 +(2e-02,3e-02) | 8.54e+02 |  7:1.4e-04  6:2.9e-02
  148 ,   4441 : 2.4438703557853e+00 +(2e-02,3e-02) | 8.67e+02 |  7:1.4e-04  6:2.9e-02
  149 ,   4471 : 2.4436901373005e+00 +(2e-02,3e-02) | 8.97e+02 |  7:1.3e-04  6:2.8e-02
Iterat, #Fevals:   Function Value    (median,worst) |Axis Ratio|idx:Min SD idx:Max SD
  150 ,   4501 : 2.4433285444938e+00 +(2e-02,3e-02) | 9.11e+02 |  7:1.2e-04  6:2.6e-02
  151 ,   4531 : 2.4398955172769e+00 +(2e-02,3e-02) | 9.20e+02 |  7:1.0e-04  6:2.2e-02
  152 ,   4561 : 2.4502468872512e+00 +(7e-03,2e-02) | 9.77e+02 |  7:1.2e-04  6:2.7e-02
  153 ,   4591 : 2.4429262464938e+00 +(2e-02,3e-02) | 9.95e+02 |  7:1.2e-04  6:2.8e-02
  154 ,   4621 : 2.4431884265915e+00 +(2e-02,3e-02) | 9.53e+02 |  7:1.2e-04  6:2.7e-02
  155 ,   4651 : 2.4488303478659e+00 +(1e-02,4e-02) | 9.36e+02 |  7:1.1e-04  6:2.5e-02
  156 ,   4681 : 2.4500700675921e+00 +(1e-02,3e-02) | 9.70e+02 |  7:1.1e-04  6:2.5e-02
  157 ,   4711 : 2.4382402864005e+00 +(2e-02,4e-02) | 1.02e+03 |  7:1.2e-04  6:2.6e-02
  158 ,   4741 : 2.4437560961302e+00 +(2e-02,4e-02) | 1.11e+03 |  7:1.1e-04  6:2.7e-02
  159 ,   4771 : 2.4405662476722e+00 +(2e-02,3e-02) | 1.12e+03 |  7:1.1e-04  6:2.7e-02
Iterat, #Fevals:   Function Value    (median,worst) |Axis Ratio|idx:Min SD idx:Max SD
  160 ,   4801 : 2.4440059608939e+00 +(1e-02,3e-02) | 1.18e+03 |  7:1.0e-04  6:2.6e-02
  161 ,   4831 : 2.4478165032038e+00 +(1e-02,2e-02) | 1.21e+03 |  7:1.0e-04  6:2.5e-02
  162 ,   4861 : 2.4430356918593e+00 +(2e-02,3e-02) | 1.21e+03 |  7:9.4e-05  6:2.3e-02
  163 ,   4891 : 2.4474077999547e+00 +(1e-02,3e-02) | 1.24e+03 |  7:8.7e-05  6:2.1e-02
  164 ,   4921 : 2.4453817786320e+00 +(2e-02,3e-02) | 1.34e+03 |  7:8.4e-05  6:2.3e-02
  165 ,   4951 : 2.4464981578461e+00 +(1e-02,3e-02) | 1.41e+03 |  7:7.8e-05  6:2.1e-02
  166 ,   4981 : 2.4428309506209e+00 +(1e-02,3e-02) | 1.45e+03 |  7:7.1e-05  6:2.0e-02
  167 ,   5011 : 2.4458271377256e+00 +(1e-02,2e-02) | 1.47e+03 |  7:7.4e-05  6:1.9e-02
  168 ,   5041 : 2.4474940069285e+00 +(1e-02,3e-02) | 1.41e+03 |  7:7.2e-05  6:1.9e-02
  169 ,   5071 : 2.4457758900896e+00 +(1e-02,3e-02) | 1.37e+03 |  7:6.7e-05  6:1.8e-02
Iterat, #Fevals:   Function Value    (median,worst) |Axis Ratio|idx:Min SD idx:Max SD
  170 ,   5101 : 2.4440524828070e+00 +(1e-02,3e-02) | 1.35e+03 |  7:5.9e-05  6:1.6e-02
  171 ,   5131 : 2.4430981853591e+00 +(1e-02,3e-02) | 1.39e+03 |  7:6.0e-05  6:1.6e-02
  172 ,   5161 : 2.4469083097629e+00 +(1e-02,3e-02) | 1.39e+03 |  7:6.8e-05  6:1.7e-02
  173 ,   5191 : 2.4434978731892e+00 +(2e-02,3e-02) | 1.41e+03 |  7:6.8e-05  6:1.7e-02
  174 ,   5221 : 2.4436446100170e+00 +(2e-02,3e-02) | 1.37e+03 |  7:6.6e-05  6:1.6e-02
  175 ,   5251 : 2.4454532959314e+00 +(1e-02,3e-02) | 1.37e+03 |  7:6.4e-05  6:1.5e-02
  176 ,   5281 : 2.4464196578976e+00 +(1e-02,3e-02) | 1.36e+03 |  7:6.2e-05  6:1.4e-02
  177 ,   5311 : 2.4497369441261e+00 +(8e-03,2e-02) | 1.46e+03 |  7:5.6e-05  6:1.4e-02
  178 ,   5341 : 2.4427191990406e+00 +(2e-02,3e-02) | 1.40e+03 |  7:5.2e-05  6:1.3e-02
  179 ,   5371 : 2.4427916841518e+00 +(2e-02,3e-02) | 1.33e+03 |  7:4.5e-05  6:1.1e-02
Iterat, #Fevals:   Function Value    (median,worst) |Axis Ratio|idx:Min SD idx:Max SD
  180 ,   5401 : 2.4509111848629e+00 +(9e-03,3e-02) | 1.39e+03 |  7:3.7e-05  6:8.7e-03
  181 ,   5431 : 2.4464746761269e+00 +(1e-02,2e-02) | 1.40e+03 |  7:4.3e-05  6:9.8e-03
  182 ,   5461 : 2.4424923368598e+00 +(2e-02,3e-02) | 1.42e+03 |  7:4.4e-05  5:1.0e-02
  183 ,   5491 : 2.4452328740523e+00 +(1e-02,2e-02) | 1.39e+03 |  7:5.1e-05  6:1.2e-02
  184 ,   5521 : 2.4446030501550e+00 +(1e-02,3e-02) | 1.33e+03 |  7:5.8e-05  6:1.3e-02
  185 ,   5551 : 2.4460236717897e+00 +(1e-02,2e-02) | 1.33e+03 |  7:5.5e-05  6:1.2e-02
  186 ,   5581 : 2.4429365492642e+00 +(2e-02,2e-02) | 1.34e+03 |  7:5.3e-05  6:1.2e-02
  187 ,   5611 : 2.4415624137641e+00 +(2e-02,3e-02) | 1.35e+03 |  7:5.2e-05  5:1.2e-02
  188 ,   5641 : 2.4442129683967e+00 +(2e-02,3e-02) | 1.33e+03 |  7:5.3e-05  5:1.2e-02
  189 ,   5671 : 2.4424812656905e+00 +(1e-02,3e-02) | 1.34e+03 |  7:4.8e-05  5:1.1e-02
Iterat, #Fevals:   Function Value    (median,worst) |Axis Ratio|idx:Min SD idx:Max SD
  190 ,   5701 : 2.4469245346583e+00 +(1e-02,3e-02) | 1.37e+03 |  7:4.3e-05  5:1.0e-02
  191 ,   5731 : 2.4435523166926e+00 +(2e-02,3e-02) | 1.40e+03 |  7:4.3e-05  5:1.0e-02
  192 ,   5761 : 2.4429345565954e+00 +(2e-02,3e-02) | 1.38e+03 |  7:4.3e-05  5:1.0e-02
  193 ,   5791 : 2.4391212163234e+00 +(2e-02,4e-02) | 1.33e+03 |  7:4.2e-05  5:9.8e-03
  194 ,   5821 : 2.4489850150999e+00 +(1e-02,2e-02) | 1.35e+03 |  7:4.2e-05  6:9.3e-03
  195 ,   5851 : 2.4389613864266e+00 +(2e-02,3e-02) | 1.42e+03 |  7:4.5e-05  5:9.5e-03
  196 ,   5881 : 2.4478577455954e+00 +(1e-02,3e-02) | 1.43e+03 |  7:4.6e-05  5:9.1e-03
  197 ,   5911 : 2.4420192160335e+00 +(1e-02,3e-02) | 1.47e+03 |  7:4.4e-05  5:8.5e-03
  198 ,   5941 : 2.4420657421170e+00 +(2e-02,3e-02) | 1.48e+03 |  7:4.0e-05  6:7.8e-03
  199 ,   5971 : 2.4414766007992e+00 +(2e-02,3e-02) | 1.47e+03 |  7:3.2e-05  6:6.2e-03
Iterat, #Fevals:   Function Value    (median,worst) |Axis Ratio|idx:Min SD idx:Max SD
  200 ,   6001 : 2.4487093849764e+00 +(8e-03,2e-02) | 1.51e+03 |  7:3.0e-05  6:5.9e-03
  201 ,   6031 : 2.4466065678640e+00 +(1e-02,3e-02) | 1.51e+03 |  7:2.9e-05  6:5.5e-03
  202 ,   6061 : 2.4430962690830e+00 +(1e-02,3e-02) | 1.54e+03 |  7:3.2e-05  5:6.2e-03
  203 ,   6091 : 2.4434051026467e+00 +(2e-02,3e-02) | 1.59e+03 |  7:3.4e-05  5:7.0e-03
  204 ,   6121 : 2.4426798827943e+00 +(2e-02,3e-02) | 1.69e+03 |  7:3.3e-05  5:7.0e-03
  205 ,   6151 : 2.4447166364165e+00 +(1e-02,3e-02) | 1.71e+03 |  7:3.6e-05  5:7.7e-03
  206 ,   6181 : 2.4488373318488e+00 +(9e-03,2e-02) | 1.84e+03 |  7:3.7e-05  5:8.5e-03
  207 ,   6211 : 2.4405361226099e+00 +(2e-02,3e-02) | 1.77e+03 |  7:3.1e-05  5:7.3e-03
  208 ,   6241 : 2.4483556116228e+00 +(1e-02,2e-02) | 1.77e+03 |  7:2.8e-05  5:6.7e-03
  209 ,   6271 : 2.4453572038971e+00 +(1e-02,2e-02) | 1.74e+03 |  7:2.8e-05  5:6.5e-03
Iterat, #Fevals:   Function Value    (median,worst) |Axis Ratio|idx:Min SD idx:Max SD
  210 ,   6301 : 2.4458741863522e+00 +(1e-02,2e-02) | 1.70e+03 |  7:2.6e-05  5:6.2e-03
  211 ,   6331 : 2.4452223168170e+00 +(1e-02,3e-02) | 1.71e+03 |  7:2.5e-05  5:6.1e-03
  212 ,   6361 : 2.4437109827925e+00 +(1e-02,2e-02) | 1.68e+03 |  7:2.5e-05  5:5.9e-03
  213 ,   6391 : 2.4431327108658e+00 +(2e-02,3e-02) | 1.68e+03 |  7:2.6e-05  5:6.1e-03
  214 ,   6421 : 2.4370100011140e+00 +(2e-02,4e-02) | 1.68e+03 |  7:2.1e-05  5:5.2e-03
  215 ,   6451 : 2.4457988409812e+00 +(1e-02,3e-02) | 1.68e+03 |  7:2.2e-05  5:4.7e-03
  216 ,   6481 : 2.4415228147521e+00 +(2e-02,3e-02) | 1.65e+03 |  7:2.2e-05  5:4.8e-03
  217 ,   6511 : 2.4476221272511e+00 +(1e-02,3e-02) | 1.66e+03 |  7:2.5e-05  6:5.7e-03
  218 ,   6541 : 2.4437754458325e+00 +(2e-02,3e-02) | 1.73e+03 |  7:2.3e-05  6:5.3e-03
  219 ,   6571 : 2.4491042302144e+00 +(8e-03,2e-02) | 1.77e+03 |  7:2.2e-05  6:5.2e-03
Iterat, #Fevals:   Function Value    (median,worst) |Axis Ratio|idx:Min SD idx:Max SD
  220 ,   6601 : 2.4477705773498e+00 +(1e-02,3e-02) | 1.76e+03 |  7:2.3e-05  6:5.4e-03
  221 ,   6631 : 2.4475009954905e+00 +(1e-02,3e-02) | 1.84e+03 |  7:2.1e-05  6:4.9e-03
  222 ,   6661 : 2.4422429955446e+00 +(2e-02,3e-02) | 1.79e+03 |  7:2.0e-05  6:4.6e-03
  223 ,   6691 : 2.4488733020271e+00 +(9e-03,2e-02) | 1.87e+03 |  7:1.7e-05  5:3.9e-03
  224 ,   6721 : 2.4429876483879e+00 +(2e-02,3e-02) | 1.89e+03 |  7:1.6e-05  5:3.8e-03
  225 ,   6751 : 2.4518240561960e+00 +(1e-02,2e-02) | 1.92e+03 |  7:1.5e-05  5:3.7e-03
  226 ,   6781 : 2.4484925896039e+00 +(9e-03,2e-02) | 1.94e+03 |  7:1.4e-05  5:3.5e-03
  227 ,   6811 : 2.4451938514076e+00 +(1e-02,2e-02) | 1.90e+03 |  7:1.4e-05  5:3.5e-03
  228 ,   6841 : 2.4498422847663e+00 +(9e-03,2e-02) | 1.92e+03 |  7:1.3e-05  5:3.3e-03
  229 ,   6871 : 2.4463994396879e+00 +(1e-02,2e-02) | 1.96e+03 |  7:1.2e-05  5:3.2e-03
Iterat, #Fevals:   Function Value    (median,worst) |Axis Ratio|idx:Min SD idx:Max SD
  230 ,   6901 : 2.4483322274547e+00 +(1e-02,2e-02) | 2.23e+03 |  7:1.3e-05  5:3.9e-03
  231 ,   6931 : 2.4432866124713e+00 +(2e-02,2e-02) | 2.27e+03 |  7:1.4e-05  5:4.0e-03
  232 ,   6961 : 2.4433001008190e+00 +(2e-02,3e-02) | 2.35e+03 |  7:1.6e-05  5:4.8e-03
  233 ,   6991 : 2.4440349101781e+00 +(1e-02,3e-02) | 2.34e+03 |  7:1.5e-05  5:4.3e-03
  234 ,   7021 : 2.4427927480259e+00 +(1e-02,3e-02) | 2.48e+03 |  7:1.4e-05  5:4.3e-03
  235 ,   7051 : 2.4398929338479e+00 +(2e-02,3e-02) | 2.46e+03 |  7:1.2e-05  5:3.7e-03
  236 ,   7081 : 2.4486177472047e+00 +(1e-02,2e-02) | 2.46e+03 |  7:1.1e-05  5:3.2e-03
  237 ,   7111 : 2.4479243918427e+00 +(1e-02,2e-02) | 2.56e+03 |  7:1.1e-05  5:3.6e-03
  238 ,   7141 : 2.4462351621865e+00 +(2e-02,2e-02) | 2.66e+03 |  7:1.3e-05  5:4.1e-03
  239 ,   7171 : 2.4458381126770e+00 +(1e-02,2e-02) | 2.84e+03 |  7:1.3e-05  5:4.2e-03
Iterat, #Fevals:   Function Value    (median,worst) |Axis Ratio|idx:Min SD idx:Max SD
  240 ,   7201 : 2.4468115500190e+00 +(1e-02,2e-02) | 2.88e+03 |  7:1.2e-05  5:3.8e-03
  241 ,   7231 : 2.4460342123146e+00 +(1e-02,3e-02) | 2.84e+03 |  7:1.1e-05  5:3.6e-03
  242 ,   7261 : 2.4492824788587e+00 +(1e-02,2e-02) | 2.79e+03 |  7:1.1e-05  5:3.5e-03
  243 ,   7291 : 2.4460006288288e+00 +(1e-02,2e-02) | 2.81e+03 |  7:1.0e-05  5:3.3e-03
  244 ,   7321 : 2.4481738111686e+00 +(1e-02,2e-02) | 2.69e+03 |  7:9.4e-06  5:3.0e-03
  245 ,   7351 : 2.4397826771482e+00 +(2e-02,3e-02) | 2.52e+03 |  7:1.0e-05  5:3.0e-03
  246 ,   7381 : 2.4440047465874e+00 +(1e-02,2e-02) | 2.41e+03 |  7:1.0e-05  5:2.9e-03
  247 ,   7411 : 2.4451188291558e+00 +(1e-02,3e-02) | 2.56e+03 |  7:1.0e-05  5:3.3e-03
  248 ,   7441 : 2.4461362219395e+00 +(1e-02,2e-02) | 2.34e+03 |  7:1.1e-05  5:3.4e-03
  249 ,   7471 : 2.4478351023179e+00 +(9e-03,2e-02) | 2.19e+03 |  7:1.1e-05  5:3.6e-03
Iterat, #Fevals:   Function Value    (median,worst) |Axis Ratio|idx:Min SD idx:Max SD
  250 ,   7501 : 2.4442691326279e+00 +(1e-02,3e-02) | 2.16e+03 |  7:1.2e-05  5:3.8e-03
  251 ,   7531 : 2.4446407114097e+00 +(2e-02,3e-02) | 2.14e+03 |  7:1.2e-05  5:3.8e-03
  252 ,   7561 : 2.4430402001343e+00 +(1e-02,3e-02) | 2.02e+03 |  7:1.0e-05  5:3.2e-03
  253 ,   7591 : 2.4438461168006e+00 +(1e-02,3e-02) | 2.06e+03 |  7:9.5e-06  5:3.0e-03
  254 ,   7621 : 2.4468114805549e+00 +(1e-02,2e-02) | 2.06e+03 |  7:9.4e-06  5:2.9e-03
  255 ,   7651 : 2.4514593180663e+00 +(9e-03,2e-02) | 2.12e+03 |  7:9.6e-06  5:2.9e-03
  256 ,   7681 : 2.4429271846814e+00 +(1e-02,3e-02) | 2.08e+03 |  7:9.6e-06  5:2.8e-03
  257 ,   7711 : 2.4483622944944e+00 +(1e-02,2e-02) | 2.13e+03 |  7:8.9e-06  5:2.7e-03
  258 ,   7741 : 2.4467111170405e+00 +(1e-02,3e-02) | 2.21e+03 |  7:8.9e-06  5:2.8e-03
  259 ,   7771 : 2.4405531208571e+00 +(2e-02,3e-02) | 2.25e+03 |  7:9.9e-06  5:3.1e-03
Iterat, #Fevals:   Function Value    (median,worst) |Axis Ratio|idx:Min SD idx:Max SD
  260 ,   7801 : 2.4447700976904e+00 +(2e-02,3e-02) | 2.39e+03 |  7:9.9e-06  5:3.2e-03
  261 ,   7831 : 2.4467776448098e+00 +(1e-02,2e-02) | 2.49e+03 |  7:1.0e-05  5:3.3e-03
  262 ,   7861 : 2.4447593444042e+00 +(1e-02,2e-02) | 2.51e+03 |  7:1.1e-05  5:3.6e-03
  263 ,   7891 : 2.4457126346760e+00 +(1e-02,3e-02) | 2.43e+03 |  7:1.0e-05  5:3.2e-03
  264 ,   7921 : 2.4487848891506e+00 +(1e-02,2e-02) | 2.51e+03 |  7:1.0e-05  5:3.4e-03
  265 ,   7951 : 2.4448051291002e+00 +(1e-02,3e-02) | 2.47e+03 |  7:9.6e-06  5:3.2e-03
  266 ,   7981 : 2.4475185785094e+00 +(1e-02,2e-02) | 2.46e+03 |  7:1.1e-05  5:3.6e-03
  267 ,   8011 : 2.4461021881954e+00 +(1e-02,3e-02) | 2.32e+03 |  7:1.1e-05  5:3.6e-03
  268 ,   8041 : 2.4433483457551e+00 +(2e-02,3e-02) | 2.07e+03 |  7:1.1e-05  5:3.8e-03
  269 ,   8071 : 2.4500966451515e+00 +(1e-02,2e-02) | 2.03e+03 |  7:1.1e-05  5:3.3e-03
Iterat, #Fevals:   Function Value    (median,worst) |Axis Ratio|idx:Min SD idx:Max SD
  270 ,   8101 : 2.4430430892833e+00 +(2e-02,3e-02) | 2.02e+03 |  7:1.0e-05  5:2.9e-03
  271 ,   8131 : 2.4462250886660e+00 +(1e-02,2e-02) | 2.15e+03 |  7:1.0e-05  5:3.1e-03
  272 ,   8161 : 2.4470686626439e+00 +(1e-02,2e-02) | 2.08e+03 |  7:1.1e-05  5:3.2e-03
  273 ,   8191 : 2.4454709486014e+00 +(2e-02,3e-02) | 2.07e+03 |  7:1.1e-05  5:3.0e-03
  274 ,   8221 : 2.4458300153664e+00 +(1e-02,3e-02) | 2.01e+03 |  7:1.1e-05  5:2.9e-03
  275 ,   8251 : 2.4468133921994e+00 +(1e-02,3e-02) | 2.03e+03 |  7:1.1e-05  5:2.8e-03
  276 ,   8281 : 2.4449542804647e+00 +(2e-02,3e-02) | 2.06e+03 |  7:9.8e-06  5:2.6e-03
  277 ,   8311 : 2.4391585785321e+00 +(2e-02,4e-02) | 2.03e+03 |  7:9.1e-06  5:2.3e-03
  278 ,   8341 : 2.4485621717159e+00 +(1e-02,2e-02) | 1.93e+03 |  7:8.6e-06  5:2.1e-03
  279 ,   8371 : 2.4473429561635e+00 +(1e-02,2e-02) | 1.92e+03 |  7:8.5e-06  5:2.2e-03
Iterat, #Fevals:   Function Value    (median,worst) |Axis Ratio|idx:Min SD idx:Max SD
  280 ,   8401 : 2.4413816049552e+00 +(2e-02,4e-02) | 1.97e+03 |  7:9.6e-06  5:2.4e-03
  281 ,   8431 : 2.4485334449980e+00 +(1e-02,2e-02) | 1.78e+03 |  7:1.1e-05  5:2.8e-03
  282 ,   8461 : 2.4432547111736e+00 +(1e-02,3e-02) | 1.72e+03 |  7:1.1e-05  5:2.7e-03
  283 ,   8491 : 2.4474890023346e+00 +(1e-02,2e-02) | 1.84e+03 |  7:1.1e-05  5:2.9e-03
  284 ,   8521 : 2.4465421963558e+00 +(1e-02,3e-02) | 1.86e+03 |  7:1.2e-05  5:3.1e-03
  285 ,   8551 : 2.4434673470302e+00 +(2e-02,3e-02) | 1.80e+03 |  7:1.2e-05  5:3.0e-03
  286 ,   8581 : 2.4438438379827e+00 +(1e-02,2e-02) | 1.60e+03 |  7:1.5e-05  5:3.3e-03
  287 ,   8611 : 2.4442190618210e+00 +(1e-02,2e-02) | 1.54e+03 |  7:1.7e-05  5:3.6e-03
  288 ,   8641 : 2.4440797970266e+00 +(1e-02,3e-02) | 1.56e+03 |  7:2.1e-05  5:4.3e-03
  289 ,   8671 : 2.4437002592421e+00 +(2e-02,3e-02) | 1.59e+03 |  7:2.0e-05  5:4.1e-03
Iterat, #Fevals:   Function Value    (median,worst) |Axis Ratio|idx:Min SD idx:Max SD
  290 ,   8701 : 2.4459065227472e+00 +(1e-02,2e-02) | 1.49e+03 |  7:2.0e-05  5:3.8e-03
  291 ,   8731 : 2.4446819869490e+00 +(1e-02,3e-02) | 1.57e+03 |  7:1.9e-05  5:3.7e-03
  292 ,   8761 : 2.4474446295773e+00 +(1e-02,2e-02) | 1.56e+03 |  7:1.9e-05  5:3.5e-03
  293 ,   8791 : 2.4484692626311e+00 +(8e-03,2e-02) | 1.60e+03 |  7:1.9e-05  5:3.7e-03
  294 ,   8821 : 2.4455196095462e+00 +(1e-02,2e-02) | 1.61e+03 |  7:1.8e-05  5:3.5e-03
  295 ,   8851 : 2.4418244325248e+00 +(2e-02,3e-02) | 1.63e+03 |  7:1.6e-05  5:3.3e-03
  296 ,   8881 : 2.4439789915752e+00 +(1e-02,2e-02) | 1.64e+03 |  7:1.4e-05  5:2.9e-03
  297 ,   8911 : 2.4469862599078e+00 +(1e-02,2e-02) | 1.63e+03 |  7:1.2e-05  5:2.5e-03
  298 ,   8941 : 2.4423020522436e+00 +(1e-02,3e-02) | 1.53e+03 |  7:1.4e-05  5:2.8e-03
  299 ,   8971 : 2.4439646125571e+00 +(1e-02,3e-02) | 1.55e+03 |  7:1.4e-05  5:3.0e-03
Iterat, #Fevals:   Function Value    (median,worst) |Axis Ratio|idx:Min SD idx:Max SD
  300 ,   9001 : 2.4470492796048e+00 +(1e-02,2e-02) | 1.52e+03 |  7:1.5e-05  5:3.0e-03
  301 ,   9031 : 2.4428777818310e+00 +(2e-02,3e-02) | 1.59e+03 |  7:1.4e-05  5:3.0e-03
  302 ,   9061 : 2.4462553262167e+00 +(1e-02,2e-02) | 1.55e+03 |  7:1.3e-05  5:2.9e-03
  303 ,   9091 : 2.4465825360864e+00 +(1e-02,3e-02) | 1.57e+03 |  7:1.3e-05  5:2.8e-03
  304 ,   9121 : 2.4489985009245e+00 +(1e-02,2e-02) | 1.56e+03 |  7:1.3e-05  5:2.7e-03
  305 ,   9151 : 2.4480940545778e+00 +(1e-02,2e-02) | 1.66e+03 |  7:1.4e-05  5:2.8e-03
  306 ,   9181 : 2.4455585988936e+00 +(1e-02,3e-02) | 1.65e+03 |  7:1.2e-05  5:2.5e-03
  307 ,   9211 : 2.4501288354831e+00 +(1e-02,2e-02) | 1.66e+03 |  7:1.2e-05  5:2.5e-03
#Fevals:   f(returned x)   |    bestever.f     | stopflag (saved to variablescmaes13_9_118.mat)
   9212: 2.45012883548e+00 | 2.43701000111e+00 | stagnation
mean solution: +6.6e-01 +4.2e-01 +9.8e-01 +5.4e-02 +3.7e+00 +6.9e+00 +1.2e-02 +4.6e-02 +1.9e+00
std deviation:  5.7e-04  8.0e-04  4.7e-04  1.4e-04  2.5e-03  1.9e-03  1.2e-05  1.0e-04  1.0e-03
use plotcmaesdat.m for plotting the output at any time (option LogModulo must not be zero)
