
                            < M A T L A B (R) >
                  Copyright 1984-2015 The MathWorks, Inc.
                   R2015a (8.5.0.197613) 64-bit (glnxa64)
                             February 12, 2015

 
For online documentation, see http://www.mathworks.com/support
For product information, visit www.mathworks.com.
 

	Academic License


seed =

                  25.10285


InitialthetaLB =

                       0.1
                         1
                         1
                       0.1
                         1
                       0.1
                     0.001
                    0.0001
                       300


InitialthetaUB =

      100000
    10000000
   100000000
       10000
       10000
        1000
           5
         100
        2000


Initialtheta =

          87012.4266503075
          5822769.70444867
           27883894.791268
          1859.19372977858
          4111.59017912321
          117.463809580002
           3.4251587531263
          43.7611622048591
          1245.58985279235

  n=9: (15,30)-CMA-ES(w=[21 15 12... 0.77 0.25]%, ]%, mu_eff=8.6) on function Error
[Warning: Failure at t=1.227041e+02.  Unable to meet integration tolerances
without reducing the step size below the smallest value allowed (2.273737e-13)
at time t.] 
[> In ode15s (line 730)
  In Error (line 33)
  In cmaes (line 957)
  In ParameterFit (line 32)
  In ParameterFittingScript (line 29)] 
Iterat, #Fevals:   Function Value    (median,worst) |Axis Ratio|idx:Min SD idx:Max SD
    1 ,     31 : 3.4515507281034e+01 +(7e+01,Inf) | 7.49e+00 |  1:3.6e-01  6:2.6e+00
    2 ,     61 : 3.3633073537295e+01 +(5e+01,3e+08) | 7.84e+00 |  1:3.5e-01  6:2.6e+00
    3 ,     91 : 3.3307008566389e+01 +(5e+01,1e+09) | 8.25e+00 |  1:4.1e-01  6:3.1e+00
    4 ,    121 : 3.3020153674014e+01 +(5e+01,3e+05) | 8.93e+00 |  1:5.0e-01  6:4.0e+00
    5 ,    151 : 3.1739284907706e+01 +(5e+01,2e+05) | 9.26e+00 |  1:4.9e-01  6:4.0e+00
    6 ,    181 : 3.2341988725640e+01 +(4e+01,2e+04) | 9.42e+00 |  1:4.5e-01  6:3.8e+00
    7 ,    211 : 3.4162737247442e+01 +(5e+01,8e+12) | 9.60e+00 |  1:4.0e-01  6:3.4e+00
    8 ,    241 : 3.3956454987437e+01 +(5e+01,8e+03) | 9.65e+00 |  1:3.3e-01  6:2.8e+00
    9 ,    271 : 3.4158360312218e+01 +(3e+01,1e+03) | 9.92e+00 |  1:3.0e-01  6:2.5e+00
Iterat, #Fevals:   Function Value    (median,worst) |Axis Ratio|idx:Min SD idx:Max SD
   10 ,    301 : 3.3499158596801e+01 +(2e+01,2e+04) | 1.02e+01 |  1:2.6e-01  6:2.4e+00
   11 ,    331 : 3.2138976359980e+01 +(2e+01,1e+02) | 1.04e+01 |  1:2.5e-01  6:2.2e+00
   12 ,    361 : 3.0855092711519e+01 +(2e+01,3e+04) | 1.02e+01 |  1:2.4e-01  6:2.1e+00
   13 ,    391 : 3.1406940090271e+01 +(3e+01,2e+03) | 1.03e+01 |  1:2.2e-01  6:1.9e+00
   14 ,    421 : 3.2129821298426e+01 +(2e+01,8e+03) | 1.05e+01 |  1:1.9e-01  6:1.7e+00
   15 ,    451 : 3.1989903145079e+01 +(6e+00,1e+03) | 1.10e+01 |  1:1.7e-01  6:1.6e+00
   16 ,    481 : 2.9848711748868e+01 +(1e+01,4e+02) | 1.16e+01 |  1:1.9e-01  6:1.8e+00
   17 ,    511 : 3.2179851680769e+01 +(3e+01,6e+03) | 1.21e+01 |  1:1.7e-01  6:1.7e+00
   18 ,    541 : 3.1561960332479e+01 +(6e+00,6e+02) | 1.22e+01 |  1:1.5e-01  6:1.4e+00
   19 ,    571 : 2.9830787959717e+01 +(8e+00,4e+03) | 1.29e+01 |  1:1.4e-01  6:1.3e+00
Iterat, #Fevals:   Function Value    (median,worst) |Axis Ratio|idx:Min SD idx:Max SD
   20 ,    601 : 3.1576024488611e+01 +(4e+00,8e+02) | 1.39e+01 |  1:1.2e-01  6:1.3e+00
   21 ,    631 : 3.1331700909600e+01 +(3e+00,3e+02) | 1.42e+01 |  1:1.1e-01  6:1.2e+00
   22 ,    661 : 3.1658515346761e+01 +(3e+00,7e+01) | 1.44e+01 |  1:1.2e-01  6:1.2e+00
   23 ,    691 : 3.1503764855692e+01 +(3e+00,2e+02) | 1.50e+01 |  1:1.3e-01  6:1.3e+00
   24 ,    721 : 3.1192096817549e+01 +(6e+00,2e+02) | 1.54e+01 |  1:1.2e-01  6:1.2e+00
   25 ,    751 : 3.0676632952902e+01 +(6e+00,5e+01) | 1.60e+01 |  1:1.3e-01  6:1.2e+00
   26 ,    781 : 3.0785589381196e+01 +(4e+00,9e+02) | 1.60e+01 |  1:1.2e-01  6:1.1e+00
   27 ,    811 : 3.0970669060435e+01 +(3e+00,5e+01) | 1.59e+01 |  1:1.2e-01  6:1.1e+00
   28 ,    841 : 3.0351742515243e+01 +(6e+00,4e+02) | 1.66e+01 |  1:1.2e-01  6:1.1e+00
   29 ,    871 : 2.9731354151116e+01 +(3e+00,5e+02) | 1.76e+01 |  1:1.1e-01  6:1.0e+00
Iterat, #Fevals:   Function Value    (median,worst) |Axis Ratio|idx:Min SD idx:Max SD
   30 ,    901 : 3.1155789084514e+01 +(2e+00,1e+03) | 1.90e+01 |  1:1.2e-01  6:1.1e+00
   31 ,    931 : 3.0709766077328e+01 +(6e+00,4e+02) | 1.97e+01 |  1:1.1e-01  6:9.8e-01
   32 ,    961 : 3.0852151640602e+01 +(4e+00,2e+01) | 2.16e+01 |  1:1.3e-01  6:1.2e+00
   33 ,    991 : 2.9066854311154e+01 +(5e+00,8e+01) | 2.21e+01 |  1:1.4e-01  6:1.4e+00
   34 ,   1021 : 3.0252716302327e+01 +(7e+00,3e+02) | 2.28e+01 |  1:1.4e-01  6:1.3e+00
   35 ,   1051 : 2.8407224637378e+01 +(5e+00,2e+02) | 2.32e+01 |  1:1.3e-01  6:1.2e+00
   36 ,   1081 : 3.0008967280861e+01 +(4e+00,6e+01) | 2.28e+01 |  1:1.3e-01  6:1.1e+00
   37 ,   1111 : 3.0056191650866e+01 +(3e+00,6e+03) | 2.28e+01 |  1:1.3e-01  6:1.2e+00
   38 ,   1141 : 3.0600556606170e+01 +(6e+00,2e+02) | 2.30e+01 |  1:1.4e-01  6:1.3e+00
   39 ,   1171 : 3.0308321351338e+01 +(1e+01,9e+02) | 2.39e+01 |  1:1.3e-01  6:1.1e+00
Iterat, #Fevals:   Function Value    (median,worst) |Axis Ratio|idx:Min SD idx:Max SD
   40 ,   1201 : 2.8521283554273e+01 +(5e+00,3e+02) | 2.48e+01 |  1:1.2e-01  6:1.1e+00
   41 ,   1231 : 3.0282989441806e+01 +(5e+00,4e+03) | 2.47e+01 |  1:1.1e-01  6:9.6e-01
   42 ,   1261 : 2.8241106647057e+01 +(4e+00,2e+01) | 2.52e+01 |  1:1.0e-01  6:9.1e-01
   43 ,   1291 : 3.0189100502986e+01 +(2e+00,7e+01) | 2.55e+01 |  1:1.0e-01  6:9.0e-01
   44 ,   1321 : 2.9892246404158e+01 +(4e+00,3e+01) | 2.71e+01 |  1:9.3e-02  6:8.6e-01
   45 ,   1351 : 2.9707962057827e+01 +(2e+00,2e+01) | 2.93e+01 |  1:9.6e-02  6:9.2e-01
   46 ,   1381 : 2.9076537995979e+01 +(2e+00,6e+01) | 2.92e+01 |  1:8.9e-02  6:8.5e-01
   47 ,   1411 : 2.9539372965154e+01 +(2e+00,4e+02) | 2.98e+01 |  1:9.0e-02  6:8.8e-01
   48 ,   1441 : 2.7530766790297e+01 +(4e+00,1e+01) | 3.15e+01 |  1:9.5e-02  6:9.9e-01
   49 ,   1471 : 2.3728006663371e+01 +(8e+00,4e+02) | 3.29e+01 |  1:9.3e-02  6:1.0e+00
Iterat, #Fevals:   Function Value    (median,worst) |Axis Ratio|idx:Min SD idx:Max SD
   50 ,   1501 : 2.7733205048081e+01 +(5e+00,2e+06) | 3.42e+01 |  1:8.6e-02  6:9.7e-01
   51 ,   1531 : 1.7155065614680e+01 +(2e+01,1e+02) | 3.71e+01 |  1:8.5e-02  6:9.9e-01
   52 ,   1561 : 2.5439229029574e+01 +(8e+00,9e+03) | 3.85e+01 |  1:7.6e-02  6:9.1e-01
   53 ,   1591 : 1.8190013547492e+01 +(1e+01,7e+01) | 3.79e+01 |  1:7.0e-02  6:8.2e-01
   54 ,   1621 : 2.2674581090944e+01 +(1e+01,1e+03) | 3.74e+01 |  1:7.1e-02  6:8.2e-01
   55 ,   1651 : 2.0039295831699e+01 +(1e+01,7e+01) | 3.77e+01 |  1:7.2e-02  6:8.2e-01
   56 ,   1681 : 1.6746044461781e+01 +(1e+01,7e+05) | 3.71e+01 |  1:6.5e-02  6:7.4e-01
   57 ,   1711 : 2.3290522623472e+01 +(9e+00,7e+01) | 3.71e+01 |  1:6.1e-02  6:6.9e-01
   58 ,   1741 : 6.3322935703007e+00 +(2e+01,2e+05) | 3.75e+01 |  1:6.3e-02  6:7.4e-01
   59 ,   1771 : 1.6212314845823e+01 +(2e+01,7e+02) | 3.85e+01 |  1:5.9e-02  6:7.0e-01
Iterat, #Fevals:   Function Value    (median,worst) |Axis Ratio|idx:Min SD idx:Max SD
   60 ,   1801 : 1.9108470229608e+01 +(1e+01,7e+01) | 3.77e+01 |  1:5.5e-02  6:6.6e-01
   61 ,   1831 : 1.7203005859294e+01 +(1e+01,7e+01) | 3.64e+01 |  1:6.0e-02  6:7.1e-01
   62 ,   1861 : 2.1928417278100e+01 +(1e+01,1e+06) | 3.67e+01 |  1:5.6e-02  6:6.9e-01
   63 ,   1891 : 1.3835323772309e+01 +(2e+01,8e+04) | 3.87e+01 |  1:5.4e-02  6:7.0e-01
   64 ,   1921 : 1.3235535971961e+01 +(2e+01,6e+03) | 4.02e+01 |  1:5.7e-02  6:7.0e-01
   65 ,   1951 : 1.6009752486283e+01 +(1e+01,1e+02) | 4.20e+01 |  1:5.1e-02  6:6.7e-01
   66 ,   1981 : 1.5927046558423e+01 +(1e+01,7e+01) | 4.27e+01 |  1:5.1e-02  6:6.3e-01
   67 ,   2011 : 1.4363790891006e+01 +(2e+01,9e+02) | 4.52e+01 |  1:4.4e-02  6:5.6e-01
   68 ,   2041 : 1.1282188685279e+01 +(2e+01,4e+05) | 4.63e+01 |  1:4.4e-02  6:5.5e-01
   69 ,   2071 : 5.7007170123426e+00 +(2e+01,8e+01) | 4.82e+01 |  1:4.2e-02  6:5.4e-01
Iterat, #Fevals:   Function Value    (median,worst) |Axis Ratio|idx:Min SD idx:Max SD
   70 ,   2101 : 8.6439597089120e+00 +(1e+01,3e+02) | 4.96e+01 |  1:4.2e-02  6:5.4e-01
   71 ,   2131 : 1.4713402477736e+01 +(9e+00,1e+02) | 4.97e+01 |  1:3.8e-02  6:4.9e-01
   72 ,   2161 : 5.1965981694523e+00 +(2e+01,8e+01) | 5.00e+01 |  1:3.4e-02  6:4.2e-01
   73 ,   2191 : 3.7815738665220e+00 +(2e+01,2e+04) | 4.94e+01 |  1:3.8e-02  6:4.4e-01
   74 ,   2221 : 9.2186187130654e+00 +(2e+01,1e+03) | 4.79e+01 |  1:3.7e-02  6:4.3e-01
   75 ,   2251 : 3.6291133845141e+00 +(2e+01,8e+01) | 4.94e+01 |  1:3.5e-02  6:4.2e-01
   76 ,   2281 : 5.3849528108438e+00 +(2e+01,3e+02) | 5.35e+01 |  1:3.2e-02  6:4.0e-01
   77 ,   2311 : 7.5156431335594e+00 +(1e+01,7e+04) | 5.55e+01 |  1:2.6e-02  6:3.3e-01
   78 ,   2341 : 4.1678013459633e+00 +(1e+01,1e+02) | 5.66e+01 |  1:2.1e-02  6:2.7e-01
   79 ,   2371 : 3.2226921022514e+00 +(1e+01,5e+01) | 5.99e+01 |  7:1.8e-02  6:2.5e-01
Iterat, #Fevals:   Function Value    (median,worst) |Axis Ratio|idx:Min SD idx:Max SD
   80 ,   2401 : 3.5123425035829e+00 +(8e+00,1e+02) | 6.03e+01 |  7:1.5e-02  6:2.1e-01
   81 ,   2431 : 2.9768312758606e+00 +(7e+00,4e+03) | 6.14e+01 |  7:1.4e-02  6:1.9e-01
   82 ,   2461 : 4.1605751774345e+00 +(6e+00,1e+02) | 6.26e+01 |  7:1.2e-02  6:1.7e-01
   83 ,   2491 : 2.8096959218663e+00 +(7e+00,2e+02) | 6.49e+01 |  7:1.1e-02  6:1.7e-01
   84 ,   2521 : 2.6647444238275e+00 +(6e+00,8e+01) | 6.92e+01 |  7:1.2e-02  6:1.8e-01
   85 ,   2551 : 2.8843773229337e+00 +(7e+00,1e+02) | 7.02e+01 |  7:1.2e-02  6:1.9e-01
   86 ,   2581 : 2.6903093651985e+00 +(9e+00,2e+02) | 7.04e+01 |  7:1.2e-02  6:1.9e-01
   87 ,   2611 : 3.7023768596546e+00 +(6e+00,8e+01) | 7.16e+01 |  7:1.1e-02  6:1.8e-01
   88 ,   2641 : 3.5351162059284e+00 +(4e+00,2e+02) | 7.60e+01 |  7:1.0e-02  6:1.9e-01
   89 ,   2671 : 2.5060470498735e+00 +(7e+00,3e+02) | 7.94e+01 |  7:9.2e-03  6:1.7e-01
Iterat, #Fevals:   Function Value    (median,worst) |Axis Ratio|idx:Min SD idx:Max SD
   90 ,   2701 : 2.5341828839929e+00 +(4e+00,8e+01) | 7.86e+01 |  7:9.5e-03  6:1.8e-01
   91 ,   2731 : 2.6007077026644e+00 +(7e+00,2e+02) | 8.13e+01 |  7:9.6e-03  6:1.9e-01
   92 ,   2761 : 2.4989941578257e+00 +(4e+00,8e+01) | 8.08e+01 |  7:1.1e-02  6:2.2e-01
   93 ,   2791 : 3.0821438702457e+00 +(7e+00,8e+01) | 8.23e+01 |  7:9.4e-03  6:1.9e-01
   94 ,   2821 : 2.9055175648989e+00 +(4e+00,7e+01) | 8.43e+01 |  7:9.0e-03  6:1.9e-01
   95 ,   2851 : 2.7489365003475e+00 +(4e+00,6e+01) | 8.59e+01 |  7:8.6e-03  6:1.9e-01
   96 ,   2881 : 2.4545822412677e+00 +(4e+00,3e+01) | 8.81e+01 |  7:6.8e-03  6:1.5e-01
   97 ,   2911 : 2.7000583573945e+00 +(3e+00,2e+01) | 8.85e+01 |  7:6.3e-03  6:1.4e-01
   98 ,   2941 : 2.4585148329465e+00 +(3e+00,4e+01) | 9.85e+01 |  7:6.2e-03  6:1.5e-01
   99 ,   2971 : 2.4635865833183e+00 +(2e+00,5e+01) | 1.01e+02 |  7:5.4e-03  6:1.4e-01
Iterat, #Fevals:   Function Value    (median,worst) |Axis Ratio|idx:Min SD idx:Max SD
  100 ,   3001 : 2.4539986792435e+00 +(1e+00,2e+01) | 1.03e+02 |  7:4.2e-03  6:1.1e-01
  101 ,   3031 : 2.5502303852722e+00 +(1e+00,2e+01) | 1.03e+02 |  7:3.7e-03  6:1.0e-01
  102 ,   3061 : 2.5090560475854e+00 +(6e-01,5e+00) | 1.09e+02 |  7:3.2e-03  6:9.2e-02
  103 ,   3091 : 2.4513530678172e+00 +(5e-01,5e+00) | 1.12e+02 |  7:2.7e-03  6:8.1e-02
  104 ,   3121 : 2.4781200940180e+00 +(3e-01,1e+01) | 1.24e+02 |  7:2.6e-03  6:8.6e-02
  105 ,   3151 : 2.4763346564835e+00 +(4e-01,3e+00) | 1.36e+02 |  7:2.3e-03  6:8.3e-02
  106 ,   3181 : 2.4690129024202e+00 +(3e-01,3e+00) | 1.39e+02 |  7:2.4e-03  6:9.2e-02
  107 ,   3211 : 2.4583438711450e+00 +(3e-01,5e+00) | 1.41e+02 |  7:2.3e-03  6:8.8e-02
  108 ,   3241 : 2.4542236785949e+00 +(4e-01,3e+00) | 1.38e+02 |  7:2.0e-03  6:7.8e-02
  109 ,   3271 : 2.4571505093651e+00 +(3e-01,2e+01) | 1.48e+02 |  7:1.7e-03  6:7.0e-02
Iterat, #Fevals:   Function Value    (median,worst) |Axis Ratio|idx:Min SD idx:Max SD
  110 ,   3301 : 2.4618361568858e+00 +(1e-01,2e+00) | 1.50e+02 |  7:1.4e-03  6:6.1e-02
  111 ,   3331 : 2.4458063643945e+00 +(2e-01,4e+00) | 1.54e+02 |  7:1.2e-03  6:5.3e-02
  112 ,   3361 : 2.4547676192644e+00 +(6e-02,8e-01) | 1.57e+02 |  7:1.1e-03  6:4.7e-02
  113 ,   3391 : 2.4577301328453e+00 +(5e-02,7e-01) | 1.61e+02 |  7:1.0e-03  6:4.8e-02
  114 ,   3421 : 2.4610533062136e+00 +(5e-02,3e-01) | 1.65e+02 |  7:1.1e-03  6:5.1e-02
  115 ,   3451 : 2.4526356938671e+00 +(5e-02,4e-01) | 1.73e+02 |  7:9.1e-04  6:4.5e-02
  116 ,   3481 : 2.4574510955213e+00 +(3e-02,3e-01) | 1.75e+02 |  7:9.1e-04  6:4.6e-02
  117 ,   3511 : 2.4531179492205e+00 +(5e-02,3e-01) | 1.89e+02 |  7:9.3e-04  6:5.0e-02
  118 ,   3541 : 2.4570300934365e+00 +(7e-02,4e-01) | 2.16e+02 |  7:9.8e-04  6:6.1e-02
  119 ,   3571 : 2.4555204374026e+00 +(5e-02,5e-01) | 2.24e+02 |  7:1.0e-03  6:6.6e-02
Iterat, #Fevals:   Function Value    (median,worst) |Axis Ratio|idx:Min SD idx:Max SD
  120 ,   3601 : 2.4656299209243e+00 +(8e-02,9e-01) | 2.30e+02 |  7:9.4e-04  6:6.4e-02
  121 ,   3631 : 2.4638528323713e+00 +(7e-02,3e-01) | 2.43e+02 |  7:9.1e-04  6:6.5e-02
  122 ,   3661 : 2.4655088805193e+00 +(5e-02,1e+00) | 2.51e+02 |  7:8.0e-04  6:5.9e-02
  123 ,   3691 : 2.4544147959318e+00 +(5e-02,2e-01) | 2.52e+02 |  7:7.6e-04  6:5.7e-02
  124 ,   3721 : 2.4605493249942e+00 +(6e-02,4e-01) | 2.70e+02 |  7:7.0e-04  6:5.6e-02
  125 ,   3751 : 2.4513817105100e+00 +(3e-02,1e-01) | 2.82e+02 |  7:6.9e-04  6:5.9e-02
  126 ,   3781 : 2.4560257925882e+00 +(3e-02,2e-01) | 2.84e+02 |  7:6.6e-04  6:5.6e-02
  127 ,   3811 : 2.4507821711141e+00 +(3e-02,2e-01) | 2.96e+02 |  7:6.3e-04  6:5.5e-02
  128 ,   3841 : 2.4488030374729e+00 +(4e-02,7e-01) | 3.08e+02 |  7:6.0e-04  6:5.5e-02
  129 ,   3871 : 2.4491204952184e+00 +(3e-02,3e-01) | 3.23e+02 |  7:4.8e-04  6:4.6e-02
Iterat, #Fevals:   Function Value    (median,worst) |Axis Ratio|idx:Min SD idx:Max SD
  130 ,   3901 : 2.4535189422844e+00 +(3e-02,7e-02) | 3.30e+02 |  7:4.9e-04  6:4.9e-02
  131 ,   3931 : 2.4516938550697e+00 +(2e-02,8e-02) | 3.41e+02 |  7:4.5e-04  6:4.8e-02
  132 ,   3961 : 2.4513879511500e+00 +(2e-02,7e-02) | 3.69e+02 |  7:5.0e-04  6:5.7e-02
  133 ,   3991 : 2.4554476905869e+00 +(4e-02,3e-01) | 3.95e+02 |  7:4.1e-04  6:4.9e-02
  134 ,   4021 : 2.4529709879242e+00 +(1e-02,1e-01) | 3.98e+02 |  7:3.4e-04  6:4.1e-02
  135 ,   4051 : 2.4482971278533e+00 +(2e-02,5e-02) | 4.06e+02 |  7:3.1e-04  6:3.8e-02
  136 ,   4081 : 2.4514509199010e+00 +(1e-02,5e-02) | 4.08e+02 |  7:2.9e-04  6:3.6e-02
  137 ,   4111 : 2.4467321563295e+00 +(2e-02,4e-02) | 4.39e+02 |  7:3.0e-04  6:4.0e-02
  138 ,   4141 : 2.4506563078197e+00 +(1e-02,5e-02) | 4.46e+02 |  7:2.7e-04  6:3.6e-02
  139 ,   4171 : 2.4470304997116e+00 +(2e-02,3e-02) | 4.50e+02 |  7:2.6e-04  6:3.5e-02
Iterat, #Fevals:   Function Value    (median,worst) |Axis Ratio|idx:Min SD idx:Max SD
  140 ,   4201 : 2.4466397733802e+00 +(1e-02,7e-02) | 4.90e+02 |  7:2.4e-04  6:3.5e-02
  141 ,   4231 : 2.4478336383069e+00 +(1e-02,3e-02) | 5.08e+02 |  7:2.1e-04  6:3.1e-02
  142 ,   4261 : 2.4433419408209e+00 +(2e-02,4e-02) | 5.13e+02 |  7:2.1e-04  6:2.9e-02
  143 ,   4291 : 2.4393792485297e+00 +(2e-02,4e-02) | 5.35e+02 |  7:2.0e-04  6:2.9e-02
  144 ,   4321 : 2.4431021252991e+00 +(2e-02,3e-02) | 5.72e+02 |  7:1.8e-04  6:2.8e-02
  145 ,   4351 : 2.4451259015626e+00 +(1e-02,3e-02) | 5.76e+02 |  7:1.6e-04  6:2.6e-02
  146 ,   4381 : 2.4414332987797e+00 +(2e-02,3e-02) | 6.13e+02 |  7:1.6e-04  6:2.8e-02
  147 ,   4411 : 2.4457490050955e+00 +(1e-02,3e-02) | 6.19e+02 |  7:1.7e-04  6:2.9e-02
  148 ,   4441 : 2.4388963601711e+00 +(2e-02,4e-02) | 6.22e+02 |  7:1.7e-04  6:2.8e-02
  149 ,   4471 : 2.4381088030591e+00 +(2e-02,4e-02) | 6.53e+02 |  7:1.9e-04  6:3.2e-02
Iterat, #Fevals:   Function Value    (median,worst) |Axis Ratio|idx:Min SD idx:Max SD
  150 ,   4501 : 2.4470299014731e+00 +(1e-02,3e-02) | 6.67e+02 |  7:1.8e-04  6:3.1e-02
  151 ,   4531 : 2.4489230714234e+00 +(9e-03,3e-02) | 6.81e+02 |  7:1.6e-04  6:2.7e-02
  152 ,   4561 : 2.4427029840181e+00 +(1e-02,3e-02) | 7.16e+02 |  7:1.3e-04  6:2.3e-02
  153 ,   4591 : 2.4437194473765e+00 +(1e-02,3e-02) | 7.21e+02 |  7:1.1e-04  6:2.1e-02
  154 ,   4621 : 2.4403490717842e+00 +(2e-02,3e-02) | 7.39e+02 |  7:9.3e-05  6:1.7e-02
  155 ,   4651 : 2.4472430271610e+00 +(1e-02,2e-02) | 7.25e+02 |  7:8.0e-05  6:1.5e-02
  156 ,   4681 : 2.4365901390301e+00 +(2e-02,4e-02) | 7.22e+02 |  7:7.0e-05  6:1.3e-02
  157 ,   4711 : 2.4385210860165e+00 +(2e-02,3e-02) | 7.13e+02 |  7:6.8e-05  6:1.4e-02
  158 ,   4741 : 2.4354740985079e+00 +(2e-02,3e-02) | 7.88e+02 |  7:6.5e-05  6:1.5e-02
  159 ,   4771 : 2.4419974662273e+00 +(1e-02,3e-02) | 7.54e+02 |  7:7.5e-05  6:1.5e-02
Iterat, #Fevals:   Function Value    (median,worst) |Axis Ratio|idx:Min SD idx:Max SD
  160 ,   4801 : 2.4424223851152e+00 +(2e-02,3e-02) | 7.96e+02 |  7:7.8e-05  6:1.6e-02
  161 ,   4831 : 2.4367995901152e+00 +(2e-02,3e-02) | 8.13e+02 |  7:8.7e-05  6:1.8e-02
  162 ,   4861 : 2.4396444448160e+00 +(2e-02,3e-02) | 8.09e+02 |  7:1.1e-04  6:2.3e-02
  163 ,   4891 : 2.4390974567119e+00 +(2e-02,3e-02) | 8.12e+02 |  7:1.2e-04  6:2.7e-02
  164 ,   4921 : 2.4374659494517e+00 +(2e-02,3e-02) | 8.44e+02 |  7:1.5e-04  6:3.4e-02
  165 ,   4951 : 2.4409804700080e+00 +(1e-02,4e-02) | 8.72e+02 |  7:1.5e-04  6:3.5e-02
  166 ,   4981 : 2.4450412429304e+00 +(1e-02,3e-02) | 8.61e+02 |  7:1.6e-04  6:3.8e-02
  167 ,   5011 : 2.4400744272443e+00 +(2e-02,3e-02) | 8.63e+02 |  7:1.7e-04  6:4.1e-02
  168 ,   5041 : 2.4490660088423e+00 +(8e-03,3e-02) | 8.50e+02 |  7:1.8e-04  6:4.4e-02
  169 ,   5071 : 2.4438420182508e+00 +(1e-02,3e-02) | 8.53e+02 |  7:1.8e-04  6:4.2e-02
Iterat, #Fevals:   Function Value    (median,worst) |Axis Ratio|idx:Min SD idx:Max SD
  170 ,   5101 : 2.4443830968762e+00 +(1e-02,3e-02) | 8.53e+02 |  7:1.9e-04  6:4.4e-02
  171 ,   5131 : 2.4475709527987e+00 +(1e-02,4e-02) | 8.91e+02 |  7:2.0e-04  6:4.9e-02
  172 ,   5161 : 2.4357708475106e+00 +(3e-02,6e-02) | 9.27e+02 |  7:1.9e-04  6:4.8e-02
  173 ,   5191 : 2.4491553349740e+00 +(1e-02,3e-02) | 1.02e+03 |  7:1.7e-04  6:4.4e-02
  174 ,   5221 : 2.4460638173424e+00 +(1e-02,4e-02) | 1.03e+03 |  7:1.8e-04  6:4.5e-02
  175 ,   5251 : 2.4486612653165e+00 +(1e-02,2e-02) | 1.04e+03 |  7:1.9e-04  6:4.5e-02
  176 ,   5281 : 2.4509052176651e+00 +(9e-03,3e-02) | 1.01e+03 |  7:1.7e-04  6:4.3e-02
  177 ,   5311 : 2.4406738901265e+00 +(2e-02,4e-02) | 9.82e+02 |  7:1.7e-04  6:4.1e-02
  178 ,   5341 : 2.4487544710858e+00 +(1e-02,2e-02) | 1.03e+03 |  7:1.4e-04  6:3.6e-02
  179 ,   5371 : 2.4359237072664e+00 +(2e-02,4e-02) | 1.08e+03 |  7:1.5e-04  6:3.8e-02
Iterat, #Fevals:   Function Value    (median,worst) |Axis Ratio|idx:Min SD idx:Max SD
  180 ,   5401 : 2.4426792615483e+00 +(2e-02,3e-02) | 1.07e+03 |  7:1.5e-04  6:3.9e-02
  181 ,   5431 : 2.4358866354337e+00 +(2e-02,4e-02) | 1.19e+03 |  7:1.6e-04  6:4.4e-02
  182 ,   5461 : 2.4432917412570e+00 +(1e-02,5e-02) | 1.20e+03 |  7:1.7e-04  6:5.1e-02
  183 ,   5491 : 2.4455620786642e+00 +(1e-02,8e-02) | 1.18e+03 |  7:1.5e-04  6:4.7e-02
  184 ,   5521 : 2.4446654103165e+00 +(1e-02,3e-02) | 1.17e+03 |  7:1.4e-04  6:4.5e-02
  185 ,   5551 : 2.4468347855318e+00 +(1e-02,4e-02) | 1.18e+03 |  7:1.4e-04  6:4.3e-02
  186 ,   5581 : 2.4463867906216e+00 +(1e-02,3e-02) | 1.09e+03 |  7:1.4e-04  6:4.2e-02
  187 ,   5611 : 2.4345793481371e+00 +(2e-02,5e-02) | 1.15e+03 |  7:1.3e-04  6:4.1e-02
  188 ,   5641 : 2.4389647692687e+00 +(2e-02,3e-02) | 1.16e+03 |  7:1.1e-04  6:3.6e-02
  189 ,   5671 : 2.4374665883132e+00 +(2e-02,3e-02) | 1.15e+03 |  7:1.1e-04  6:3.3e-02
Iterat, #Fevals:   Function Value    (median,worst) |Axis Ratio|idx:Min SD idx:Max SD
  190 ,   5701 : 2.4434700395722e+00 +(1e-02,3e-02) | 1.16e+03 |  7:1.1e-04  6:3.2e-02
  191 ,   5731 : 2.4418928872406e+00 +(1e-02,3e-02) | 1.14e+03 |  7:8.9e-05  6:2.7e-02
  192 ,   5761 : 2.4441703354525e+00 +(1e-02,2e-02) | 1.15e+03 |  7:9.0e-05  6:2.8e-02
  193 ,   5791 : 2.4359296297064e+00 +(2e-02,3e-02) | 1.15e+03 |  7:9.4e-05  6:2.9e-02
  194 ,   5821 : 2.4417889220105e+00 +(2e-02,3e-02) | 1.15e+03 |  7:9.3e-05  6:2.8e-02
  195 ,   5851 : 2.4366538355422e+00 +(2e-02,4e-02) | 1.11e+03 |  7:8.5e-05  6:2.5e-02
  196 ,   5881 : 2.4435070517226e+00 +(1e-02,2e-02) | 1.08e+03 |  7:8.1e-05  6:2.3e-02
  197 ,   5911 : 2.4377470658039e+00 +(2e-02,3e-02) | 1.08e+03 |  7:7.5e-05  6:2.1e-02
  198 ,   5941 : 2.4266545885250e+00 +(3e-02,5e-02) | 1.06e+03 |  7:8.7e-05  6:2.4e-02
  199 ,   5971 : 2.4385229294845e+00 +(1e-02,4e-02) | 1.10e+03 |  7:1.1e-04  6:2.8e-02
Iterat, #Fevals:   Function Value    (median,worst) |Axis Ratio|idx:Min SD idx:Max SD
  200 ,   6001 : 2.4375119513375e+00 +(2e-02,4e-02) | 1.11e+03 |  7:1.0e-04  6:2.6e-02
  201 ,   6031 : 2.4390853548724e+00 +(2e-02,3e-02) | 1.15e+03 |  7:1.0e-04  6:2.5e-02
  202 ,   6061 : 2.4409171055791e+00 +(2e-02,3e-02) | 1.14e+03 |  7:9.3e-05  6:2.5e-02
  203 ,   6091 : 2.4460495508164e+00 +(1e-02,2e-02) | 1.16e+03 |  7:8.4e-05  6:2.4e-02
  204 ,   6121 : 2.4479947745421e+00 +(9e-03,2e-02) | 1.20e+03 |  7:7.1e-05  6:2.0e-02
  205 ,   6151 : 2.4467463851854e+00 +(9e-03,2e-02) | 1.22e+03 |  7:6.9e-05  6:1.8e-02
  206 ,   6181 : 2.4417724982607e+00 +(1e-02,3e-02) | 1.31e+03 |  7:6.5e-05  6:1.8e-02
  207 ,   6211 : 2.4450087742364e+00 +(1e-02,2e-02) | 1.36e+03 |  7:7.7e-05  6:2.0e-02
  208 ,   6241 : 2.4432916809940e+00 +(1e-02,3e-02) | 1.39e+03 |  7:8.9e-05  6:2.3e-02
  209 ,   6271 : 2.4382548111338e+00 +(2e-02,3e-02) | 1.44e+03 |  7:8.9e-05  6:2.3e-02
Iterat, #Fevals:   Function Value    (median,worst) |Axis Ratio|idx:Min SD idx:Max SD
  210 ,   6301 : 2.4466959573838e+00 +(1e-02,3e-02) | 1.39e+03 |  7:8.4e-05  6:2.1e-02
  211 ,   6331 : 2.4416980083619e+00 +(1e-02,3e-02) | 1.45e+03 |  7:7.3e-05  6:1.8e-02
  212 ,   6361 : 2.4421856630990e+00 +(1e-02,3e-02) | 1.41e+03 |  7:7.2e-05  6:1.7e-02
  213 ,   6391 : 2.4367720882473e+00 +(2e-02,3e-02) | 1.48e+03 |  7:6.9e-05  6:1.7e-02
  214 ,   6421 : 2.4355656617045e+00 +(2e-02,4e-02) | 1.56e+03 |  7:6.6e-05  6:1.6e-02
  215 ,   6451 : 2.4392402967801e+00 +(2e-02,4e-02) | 1.60e+03 |  7:6.9e-05  3:1.6e-02
  216 ,   6481 : 2.4373829498244e+00 +(2e-02,4e-02) | 1.67e+03 |  7:6.7e-05  3:1.7e-02
  217 ,   6511 : 2.4417464876696e+00 +(1e-02,3e-02) | 1.63e+03 |  7:6.4e-05  3:1.7e-02
  218 ,   6541 : 2.4412156986156e+00 +(2e-02,3e-02) | 1.60e+03 |  7:7.5e-05  3:1.9e-02
  219 ,   6571 : 2.4285786973681e+00 +(3e-02,4e-02) | 1.67e+03 |  7:8.5e-05  3:2.2e-02
Iterat, #Fevals:   Function Value    (median,worst) |Axis Ratio|idx:Min SD idx:Max SD
  220 ,   6601 : 2.4449203226324e+00 +(1e-02,3e-02) | 1.76e+03 |  7:8.2e-05  3:2.2e-02
  221 ,   6631 : 2.4392072478655e+00 +(2e-02,3e-02) | 1.80e+03 |  7:7.1e-05  3:1.9e-02
  222 ,   6661 : 2.4435358881590e+00 +(1e-02,3e-02) | 1.80e+03 |  7:6.2e-05  3:1.6e-02
  223 ,   6691 : 2.4461664717410e+00 +(1e-02,2e-02) | 1.78e+03 |  7:5.4e-05  3:1.4e-02
  224 ,   6721 : 2.4413097401427e+00 +(2e-02,3e-02) | 1.74e+03 |  7:5.8e-05  3:1.5e-02
  225 ,   6751 : 2.4383525688846e+00 +(2e-02,3e-02) | 1.86e+03 |  7:4.8e-05  3:1.3e-02
  226 ,   6781 : 2.4363846049001e+00 +(1e-02,3e-02) | 1.93e+03 |  7:4.6e-05  3:1.3e-02
  227 ,   6811 : 2.4254150233995e+00 +(3e-02,4e-02) | 1.99e+03 |  7:4.3e-05  3:1.2e-02
  228 ,   6841 : 2.4427498521344e+00 +(1e-02,3e-02) | 2.05e+03 |  7:4.1e-05  3:1.2e-02
  229 ,   6871 : 2.4375647143306e+00 +(2e-02,3e-02) | 2.16e+03 |  7:4.0e-05  3:1.2e-02
Iterat, #Fevals:   Function Value    (median,worst) |Axis Ratio|idx:Min SD idx:Max SD
  230 ,   6901 : 2.4340079538638e+00 +(2e-02,4e-02) | 2.13e+03 |  7:4.3e-05  3:1.3e-02
  231 ,   6931 : 2.4418788777794e+00 +(1e-02,3e-02) | 2.10e+03 |  7:5.3e-05  3:1.5e-02
  232 ,   6961 : 2.4370972897697e+00 +(2e-02,4e-02) | 2.08e+03 |  7:6.0e-05  3:1.6e-02
  233 ,   6991 : 2.4406460737769e+00 +(1e-02,3e-02) | 2.08e+03 |  7:6.0e-05  3:1.6e-02
  234 ,   7021 : 2.4369571225893e+00 +(2e-02,4e-02) | 2.05e+03 |  7:6.2e-05  3:1.6e-02
  235 ,   7051 : 2.4379306862016e+00 +(2e-02,3e-02) | 2.04e+03 |  7:5.7e-05  3:1.4e-02
  236 ,   7081 : 2.4395414037541e+00 +(1e-02,4e-02) | 2.08e+03 |  7:5.4e-05  3:1.3e-02
  237 ,   7111 : 2.4320660222344e+00 +(2e-02,4e-02) | 2.13e+03 |  7:5.7e-05  3:1.4e-02
  238 ,   7141 : 2.4390096464873e+00 +(2e-02,3e-02) | 2.07e+03 |  7:6.2e-05  6:1.5e-02
  239 ,   7171 : 2.4387781746768e+00 +(2e-02,3e-02) | 2.20e+03 |  7:6.2e-05  6:1.7e-02
Iterat, #Fevals:   Function Value    (median,worst) |Axis Ratio|idx:Min SD idx:Max SD
  240 ,   7201 : 2.4367624217283e+00 +(2e-02,3e-02) | 2.22e+03 |  7:6.1e-05  6:1.6e-02
  241 ,   7231 : 2.4410157744857e+00 +(2e-02,3e-02) | 2.08e+03 |  7:6.4e-05  6:1.7e-02
  242 ,   7261 : 2.4347927032930e+00 +(2e-02,4e-02) | 2.15e+03 |  7:5.8e-05  6:1.5e-02
  243 ,   7291 : 2.4369329603552e+00 +(2e-02,3e-02) | 2.17e+03 |  7:5.4e-05  6:1.5e-02
  244 ,   7321 : 2.4341581647623e+00 +(2e-02,4e-02) | 2.16e+03 |  7:4.8e-05  6:1.2e-02
  245 ,   7351 : 2.4410396910994e+00 +(2e-02,3e-02) | 2.23e+03 |  7:4.4e-05  6:1.2e-02
  246 ,   7381 : 2.4327788919232e+00 +(2e-02,4e-02) | 2.12e+03 |  7:4.3e-05  6:1.1e-02
  247 ,   7411 : 2.4301084759840e+00 +(2e-02,5e-02) | 2.09e+03 |  7:3.8e-05  6:9.8e-03
  248 ,   7441 : 2.4255130029718e+00 +(3e-02,5e-02) | 2.03e+03 |  7:3.6e-05  6:9.7e-03
  249 ,   7471 : 2.4348870408910e+00 +(2e-02,3e-02) | 2.03e+03 |  7:3.0e-05  6:8.0e-03
Iterat, #Fevals:   Function Value    (median,worst) |Axis Ratio|idx:Min SD idx:Max SD
  250 ,   7501 : 2.4344610355240e+00 +(2e-02,4e-02) | 2.21e+03 |  7:2.9e-05  6:8.1e-03
  251 ,   7531 : 2.4349109023657e+00 +(2e-02,4e-02) | 2.38e+03 |  7:3.5e-05  6:9.9e-03
  252 ,   7561 : 2.4364928492514e+00 +(2e-02,4e-02) | 2.34e+03 |  7:3.1e-05  6:9.0e-03
  253 ,   7591 : 2.4366355704000e+00 +(2e-02,4e-02) | 2.36e+03 |  7:2.7e-05  6:7.8e-03
  254 ,   7621 : 2.4378334013716e+00 +(2e-02,3e-02) | 2.42e+03 |  7:2.2e-05  6:6.5e-03
  255 ,   7651 : 2.4363112609132e+00 +(2e-02,3e-02) | 2.31e+03 |  7:2.0e-05  6:5.8e-03
  256 ,   7681 : 2.4255601245343e+00 +(3e-02,4e-02) | 2.34e+03 |  7:2.1e-05  6:6.2e-03
  257 ,   7711 : 2.4292555797416e+00 +(3e-02,4e-02) | 2.39e+03 |  7:2.4e-05  6:7.4e-03
  258 ,   7741 : 2.4397999208283e+00 +(2e-02,3e-02) | 2.37e+03 |  7:2.3e-05  6:7.1e-03
  259 ,   7771 : 2.4374720035929e+00 +(2e-02,4e-02) | 2.47e+03 |  7:2.0e-05  6:6.5e-03
Iterat, #Fevals:   Function Value    (median,worst) |Axis Ratio|idx:Min SD idx:Max SD
  260 ,   7801 : 2.4327415676812e+00 +(2e-02,4e-02) | 2.44e+03 |  7:1.8e-05  6:5.7e-03
  261 ,   7831 : 2.4371585107092e+00 +(2e-02,4e-02) | 2.54e+03 |  7:1.8e-05  6:5.4e-03
  262 ,   7861 : 2.4337181280709e+00 +(2e-02,4e-02) | 2.59e+03 |  7:1.7e-05  6:5.1e-03
  263 ,   7891 : 2.4342359468338e+00 +(2e-02,4e-02) | 2.59e+03 |  7:1.7e-05  6:5.2e-03
  264 ,   7921 : 2.4335354310435e+00 +(2e-02,4e-02) | 2.65e+03 |  7:1.7e-05  6:5.8e-03
  265 ,   7951 : 2.4327192490057e+00 +(3e-02,4e-02) | 2.79e+03 |  7:1.7e-05  6:5.8e-03
  266 ,   7981 : 2.4386930559948e+00 +(2e-02,3e-02) | 2.79e+03 |  7:1.5e-05  6:5.4e-03
  267 ,   8011 : 2.4424998796712e+00 +(1e-02,3e-02) | 2.54e+03 |  7:1.7e-05  6:6.2e-03
  268 ,   8041 : 2.4354373446707e+00 +(2e-02,4e-02) | 2.36e+03 |  7:1.9e-05  6:6.8e-03
  269 ,   8071 : 2.4349369821745e+00 +(2e-02,4e-02) | 2.30e+03 |  7:2.0e-05  6:7.5e-03
Iterat, #Fevals:   Function Value    (median,worst) |Axis Ratio|idx:Min SD idx:Max SD
  270 ,   8101 : 2.4373094446845e+00 +(2e-02,3e-02) | 2.42e+03 |  7:1.9e-05  6:6.9e-03
  271 ,   8131 : 2.4421211473489e+00 +(1e-02,3e-02) | 2.35e+03 |  7:1.8e-05  6:6.5e-03
  272 ,   8161 : 2.4393767610532e+00 +(2e-02,3e-02) | 2.37e+03 |  7:1.7e-05  6:5.9e-03
  273 ,   8191 : 2.4439185075808e+00 +(1e-02,3e-02) | 2.48e+03 |  7:1.6e-05  6:5.7e-03
  274 ,   8221 : 2.4399409216006e+00 +(1e-02,3e-02) | 2.51e+03 |  7:1.4e-05  6:5.2e-03
  275 ,   8251 : 2.4342859100337e+00 +(2e-02,4e-02) | 2.50e+03 |  7:1.3e-05  6:4.6e-03
  276 ,   8281 : 2.4357568823921e+00 +(2e-02,3e-02) | 2.38e+03 |  7:1.3e-05  6:4.8e-03
  277 ,   8311 : 2.4364890879335e+00 +(2e-02,4e-02) | 2.41e+03 |  7:1.4e-05  6:4.8e-03
  278 ,   8341 : 2.4371678204159e+00 +(2e-02,3e-02) | 2.48e+03 |  7:1.3e-05  6:4.6e-03
  279 ,   8371 : 2.4452939376804e+00 +(1e-02,3e-02) | 2.54e+03 |  7:1.4e-05  6:5.1e-03
Iterat, #Fevals:   Function Value    (median,worst) |Axis Ratio|idx:Min SD idx:Max SD
  280 ,   8401 : 2.4385761361206e+00 +(2e-02,4e-02) | 2.45e+03 |  7:1.2e-05  6:4.5e-03
  281 ,   8431 : 2.4293517834840e+00 +(3e-02,4e-02) | 2.43e+03 |  7:1.2e-05  6:4.5e-03
  282 ,   8461 : 2.4271976805004e+00 +(3e-02,5e-02) | 2.43e+03 |  7:1.1e-05  6:4.0e-03
  283 ,   8491 : 2.4354680774653e+00 +(2e-02,4e-02) | 2.43e+03 |  7:1.1e-05  6:4.2e-03
  284 ,   8521 : 2.4400106423904e+00 +(2e-02,4e-02) | 2.55e+03 |  7:1.1e-05  6:4.3e-03
  285 ,   8551 : 2.4300125917203e+00 +(3e-02,4e-02) | 2.59e+03 |  7:1.2e-05  6:4.3e-03
  286 ,   8581 : 2.4419010875359e+00 +(2e-02,3e-02) | 2.67e+03 |  7:1.1e-05  6:4.2e-03
  287 ,   8611 : 2.4294608020050e+00 +(3e-02,5e-02) | 2.86e+03 |  7:1.5e-05  6:5.6e-03
  288 ,   8641 : 2.4345607491292e+00 +(2e-02,4e-02) | 2.84e+03 |  7:1.5e-05  6:5.9e-03
  289 ,   8671 : 2.4375783459179e+00 +(2e-02,4e-02) | 3.00e+03 |  7:1.4e-05  6:6.0e-03
Iterat, #Fevals:   Function Value    (median,worst) |Axis Ratio|idx:Min SD idx:Max SD
  290 ,   8701 : 2.4337550085350e+00 +(2e-02,3e-02) | 3.10e+03 |  7:1.2e-05  6:5.4e-03
  291 ,   8731 : 2.4421575868441e+00 +(1e-02,4e-02) | 3.31e+03 |  7:1.3e-05  6:5.8e-03
  292 ,   8761 : 2.4346668665528e+00 +(2e-02,4e-02) | 3.45e+03 |  7:1.3e-05  6:6.0e-03
  293 ,   8791 : 2.4376816148184e+00 +(2e-02,3e-02) | 3.66e+03 |  7:1.2e-05  6:5.7e-03
  294 ,   8821 : 2.4426255490791e+00 +(1e-02,2e-02) | 3.55e+03 |  7:1.1e-05  6:5.2e-03
  295 ,   8851 : 2.4334359263582e+00 +(2e-02,4e-02) | 3.53e+03 |  7:1.1e-05  6:4.9e-03
  296 ,   8881 : 2.4392756494962e+00 +(2e-02,3e-02) | 3.51e+03 |  7:1.0e-05  6:4.8e-03
  297 ,   8911 : 2.4400559705587e+00 +(1e-02,4e-02) | 3.64e+03 |  7:1.2e-05  6:5.5e-03
  298 ,   8941 : 2.4414153484303e+00 +(1e-02,3e-02) | 3.75e+03 |  7:1.2e-05  6:5.3e-03
  299 ,   8971 : 2.4441742587625e+00 +(1e-02,3e-02) | 3.73e+03 |  7:1.3e-05  6:5.2e-03
Iterat, #Fevals:   Function Value    (median,worst) |Axis Ratio|idx:Min SD idx:Max SD
  300 ,   9001 : 2.4299844799058e+00 +(3e-02,4e-02) | 3.78e+03 |  7:1.3e-05  6:5.3e-03
  301 ,   9031 : 2.4367803159048e+00 +(2e-02,3e-02) | 3.83e+03 |  7:1.3e-05  6:5.7e-03
  302 ,   9061 : 2.4371145621012e+00 +(2e-02,4e-02) | 3.73e+03 |  7:1.6e-05  6:6.6e-03
  303 ,   9091 : 2.4351719765645e+00 +(2e-02,5e-02) | 4.20e+03 |  7:1.8e-05  6:7.5e-03
  304 ,   9121 : 2.4319109292528e+00 +(3e-02,4e-02) | 4.43e+03 |  7:1.8e-05  6:7.7e-03
  305 ,   9151 : 2.4392092116368e+00 +(1e-02,3e-02) | 4.59e+03 |  7:1.7e-05  6:7.4e-03
  306 ,   9181 : 2.4354213269633e+00 +(2e-02,3e-02) | 4.86e+03 |  7:1.6e-05  6:7.0e-03
  307 ,   9211 : 2.4289698821549e+00 +(3e-02,4e-02) | 4.79e+03 |  7:1.6e-05  6:7.2e-03
  308 ,   9241 : 2.4378792936903e+00 +(2e-02,3e-02) | 4.69e+03 |  7:1.8e-05  6:8.1e-03
  309 ,   9271 : 2.4380626992386e+00 +(2e-02,4e-02) | 4.82e+03 |  7:1.9e-05  6:8.3e-03
Iterat, #Fevals:   Function Value    (median,worst) |Axis Ratio|idx:Min SD idx:Max SD
  310 ,   9301 : 2.4354082792112e+00 +(2e-02,4e-02) | 5.05e+03 |  7:1.9e-05  6:8.5e-03
  311 ,   9331 : 2.4354310221381e+00 +(2e-02,3e-02) | 5.05e+03 |  7:1.8e-05  6:8.3e-03
  312 ,   9361 : 2.4393917958726e+00 +(2e-02,4e-02) | 5.45e+03 |  7:1.7e-05  6:8.2e-03
  313 ,   9391 : 2.4312850929842e+00 +(3e-02,4e-02) | 5.78e+03 |  7:1.9e-05  6:9.0e-03
  314 ,   9421 : 2.4372803905733e+00 +(2e-02,3e-02) | 6.20e+03 |  7:1.9e-05  6:9.7e-03
  315 ,   9451 : 2.4444041478557e+00 +(1e-02,3e-02) | 5.96e+03 |  7:1.8e-05  6:9.2e-03
  316 ,   9481 : 2.4387219545099e+00 +(2e-02,3e-02) | 5.95e+03 |  7:1.7e-05  6:8.7e-03
  317 ,   9511 : 2.4428327586115e+00 +(1e-02,3e-02) | 5.60e+03 |  7:1.8e-05  6:9.2e-03
  318 ,   9541 : 2.4346036687043e+00 +(2e-02,4e-02) | 5.77e+03 |  7:1.7e-05  6:9.4e-03
  319 ,   9571 : 2.4411291864349e+00 +(1e-02,4e-02) | 5.69e+03 |  7:1.8e-05  6:9.9e-03
Iterat, #Fevals:   Function Value    (median,worst) |Axis Ratio|idx:Min SD idx:Max SD
  320 ,   9601 : 2.4336901226858e+00 +(2e-02,4e-02) | 5.55e+03 |  7:1.9e-05  6:9.8e-03
  321 ,   9631 : 2.4359613751929e+00 +(2e-02,4e-02) | 6.03e+03 |  7:1.8e-05  6:9.7e-03
  322 ,   9661 : 2.4375743479543e+00 +(2e-02,4e-02) | 6.33e+03 |  7:1.7e-05  6:9.3e-03
  323 ,   9691 : 2.4412824450602e+00 +(1e-02,3e-02) | 6.34e+03 |  7:1.6e-05  6:8.5e-03
  324 ,   9721 : 2.4390690924112e+00 +(1e-02,3e-02) | 6.09e+03 |  7:1.4e-05  6:7.0e-03
  325 ,   9751 : 2.4358175591273e+00 +(2e-02,3e-02) | 6.37e+03 |  7:1.2e-05  6:6.5e-03
  326 ,   9781 : 2.4388287226020e+00 +(2e-02,3e-02) | 6.53e+03 |  7:1.3e-05  6:6.8e-03
  327 ,   9811 : 2.4370309324228e+00 +(2e-02,4e-02) | 6.77e+03 |  7:1.3e-05  6:7.2e-03
  328 ,   9841 : 2.4420150904186e+00 +(1e-02,3e-02) | 6.54e+03 |  7:1.6e-05  6:8.0e-03
  329 ,   9871 : 2.4369092832063e+00 +(2e-02,3e-02) | 6.32e+03 |  7:1.6e-05  6:7.9e-03
Iterat, #Fevals:   Function Value    (median,worst) |Axis Ratio|idx:Min SD idx:Max SD
  330 ,   9901 : 2.4343403685010e+00 +(2e-02,4e-02) | 6.36e+03 |  7:1.5e-05  6:7.6e-03
  331 ,   9931 : 2.4364903861079e+00 +(2e-02,3e-02) | 6.07e+03 |  7:1.6e-05  6:7.5e-03
  332 ,   9961 : 2.4431702195925e+00 +(1e-02,3e-02) | 6.09e+03 |  7:1.3e-05  6:6.3e-03
  333 ,   9991 : 2.4381146711396e+00 +(2e-02,4e-02) | 6.14e+03 |  7:1.5e-05  6:6.7e-03
  334 ,  10021 : 2.4359413854175e+00 +(2e-02,4e-02) | 6.27e+03 |  7:1.7e-05  6:7.7e-03
  335 ,  10051 : 2.4287597731872e+00 +(2e-02,4e-02) | 6.54e+03 |  7:1.7e-05  6:7.9e-03
  336 ,  10081 : 2.4350960866249e+00 +(2e-02,3e-02) | 6.48e+03 |  7:1.6e-05  6:7.2e-03
  337 ,  10111 : 2.4366649764677e+00 +(2e-02,3e-02) | 6.56e+03 |  7:1.8e-05  6:8.4e-03
  338 ,  10141 : 2.4454925526991e+00 +(1e-02,3e-02) | 6.78e+03 |  7:2.1e-05  6:9.9e-03
  339 ,  10171 : 2.4424168681734e+00 +(9e-03,3e-02) | 7.14e+03 |  7:2.2e-05  6:1.1e-02
Iterat, #Fevals:   Function Value    (median,worst) |Axis Ratio|idx:Min SD idx:Max SD
  340 ,  10201 : 2.4422330877860e+00 +(1e-02,3e-02) | 7.27e+03 |  7:2.2e-05  6:1.1e-02
  341 ,  10231 : 2.4372184165972e+00 +(2e-02,3e-02) | 7.80e+03 |  7:2.5e-05  6:1.2e-02
  342 ,  10261 : 2.4318728705575e+00 +(3e-02,4e-02) | 7.79e+03 |  7:2.4e-05  6:1.1e-02
  343 ,  10291 : 2.4418065756387e+00 +(1e-02,2e-02) | 7.32e+03 |  7:2.2e-05  6:1.0e-02
  344 ,  10321 : 2.4381900358909e+00 +(2e-02,3e-02) | 7.24e+03 |  7:2.3e-05  6:1.1e-02
  345 ,  10351 : 2.4352361828826e+00 +(2e-02,3e-02) | 7.68e+03 |  7:2.1e-05  6:1.0e-02
  346 ,  10381 : 2.4433761577226e+00 +(1e-02,2e-02) | 7.40e+03 |  7:2.1e-05  6:9.9e-03
  347 ,  10411 : 2.4401906176470e+00 +(2e-02,3e-02) | 7.24e+03 |  7:1.9e-05  6:8.6e-03
  348 ,  10441 : 2.4260934852135e+00 +(3e-02,5e-02) | 7.46e+03 |  7:1.8e-05  6:8.4e-03
  349 ,  10471 : 2.4362214026068e+00 +(2e-02,3e-02) | 7.60e+03 |  7:2.0e-05  6:8.9e-03
Iterat, #Fevals:   Function Value    (median,worst) |Axis Ratio|idx:Min SD idx:Max SD
  350 ,  10501 : 2.4380679387150e+00 +(2e-02,4e-02) | 7.31e+03 |  7:2.0e-05  6:8.9e-03
  351 ,  10531 : 2.4390991906552e+00 +(2e-02,3e-02) | 7.48e+03 |  7:1.9e-05  6:8.5e-03
  352 ,  10561 : 2.4423619477450e+00 +(2e-02,3e-02) | 7.59e+03 |  7:1.8e-05  6:8.0e-03
  353 ,  10591 : 2.4345850035952e+00 +(2e-02,5e-02) | 7.32e+03 |  7:1.8e-05  6:7.6e-03
  354 ,  10621 : 2.4333393296090e+00 +(2e-02,3e-02) | 6.83e+03 |  7:1.7e-05  6:7.2e-03
  355 ,  10651 : 2.4285009516974e+00 +(3e-02,5e-02) | 7.15e+03 |  7:1.6e-05  6:7.1e-03
  356 ,  10681 : 2.4375515715224e+00 +(2e-02,4e-02) | 6.82e+03 |  7:1.9e-05  6:8.1e-03
  357 ,  10711 : 2.4440367922263e+00 +(1e-02,2e-02) | 7.04e+03 |  7:2.0e-05  6:8.3e-03
  358 ,  10741 : 2.4355180370651e+00 +(2e-02,4e-02) | 7.33e+03 |  7:2.1e-05  6:8.7e-03
  359 ,  10771 : 2.4386601936072e+00 +(2e-02,4e-02) | 7.25e+03 |  7:2.3e-05  6:9.1e-03
Iterat, #Fevals:   Function Value    (median,worst) |Axis Ratio|idx:Min SD idx:Max SD
  360 ,  10801 : 2.4430405604225e+00 +(1e-02,3e-02) | 7.21e+03 |  7:2.8e-05  6:1.1e-02
  361 ,  10831 : 2.4395304274978e+00 +(2e-02,3e-02) | 7.27e+03 |  7:3.0e-05  6:1.1e-02
  362 ,  10861 : 2.4340136707836e+00 +(2e-02,4e-02) | 7.12e+03 |  7:2.9e-05  6:1.1e-02
  363 ,  10891 : 2.4417624284150e+00 +(1e-02,3e-02) | 7.09e+03 |  7:3.0e-05  6:1.0e-02
  364 ,  10921 : 2.4421393930028e+00 +(1e-02,3e-02) | 6.86e+03 |  7:2.5e-05  6:8.5e-03
