
                            < M A T L A B (R) >
                  Copyright 1984-2015 The MathWorks, Inc.
                   R2015a (8.5.0.197613) 64-bit (glnxa64)
                             February 12, 2015

 
For online documentation, see http://www.mathworks.com/support
For product information, visit www.mathworks.com.
 

	Academic License


seed =

                 94.993598


InitialthetaLB =

                       0.1
                         1
                         1
                       0.1
                         1
                       0.1
                     0.001
                    0.0001
                       300


InitialthetaUB =

      100000
    10000000
   100000000
       10000
       10000
        1000
           5
         100
        2000


Initialtheta =

          71938.6066858172
          6072212.14899872
          68986161.7680148
          4234.38744570746
          4508.21033979205
          392.532722792693
          2.56002383350832
          11.2752846242829
          1956.30492186361

  n=9: (15,30)-CMA-ES(w=[21 15 12... 0.77 0.25]%, ]%, mu_eff=8.6) on function Error
Iterat, #Fevals:   Function Value    (median,worst) |Axis Ratio|idx:Min SD idx:Max SD
    1 ,     31 : 6.3862538296044e+01 +(2e+01,8e+13) | 1.11e+01 |  9:2.9e-01  8:3.2e+00
    2 ,     61 : 3.2671914349406e+01 +(5e+01,4e+09) | 1.13e+01 |  9:2.5e-01  8:2.8e+00
    3 ,     91 : 3.1469146565365e+01 +(5e+01,6e+08) | 1.16e+01 |  9:2.5e-01  8:2.9e+00
    4 ,    121 : 3.1685801990120e+01 +(5e+01,7e+04) | 1.20e+01 |  9:2.2e-01  8:2.6e+00
    5 ,    151 : 3.2826958406937e+01 +(5e+01,8e+03) | 1.22e+01 |  9:2.1e-01  8:2.5e+00
    6 ,    181 : 3.2327131239259e+01 +(5e+01,2e+10) | 1.20e+01 |  9:2.0e-01  8:2.3e+00
    7 ,    211 : 3.3643407352023e+01 +(4e+01,2e+04) | 1.19e+01 |  9:1.7e-01  8:2.0e+00
    8 ,    241 : 3.1648741051995e+01 +(3e+01,3e+02) | 1.16e+01 |  9:1.7e-01  8:1.9e+00
    9 ,    271 : 3.2300055165222e+01 +(3e+01,3e+03) | 1.15e+01 |  9:1.8e-01  8:2.0e+00
Iterat, #Fevals:   Function Value    (median,worst) |Axis Ratio|idx:Min SD idx:Max SD
   10 ,    301 : 3.1927622402006e+01 +(3e+01,8e+03) | 1.16e+01 |  9:1.5e-01  8:1.6e+00
   11 ,    331 : 3.1973980931318e+01 +(8e+00,2e+02) | 1.17e+01 |  9:1.4e-01  8:1.6e+00
   12 ,    361 : 3.2156371271330e+01 +(1e+01,2e+02) | 1.19e+01 |  9:1.4e-01  8:1.6e+00
   13 ,    391 : 3.2313474171994e+01 +(3e+01,8e+02) | 1.26e+01 |  9:1.3e-01  8:1.5e+00
   14 ,    421 : 3.2241093172720e+01 +(8e+00,1e+03) | 1.28e+01 |  9:1.2e-01  8:1.4e+00
   15 ,    451 : 3.2594824989047e+01 +(1e+01,2e+02) | 1.35e+01 |  9:1.0e-01  8:1.2e+00
   16 ,    481 : 3.1958538653926e+01 +(5e+00,3e+01) | 1.41e+01 |  9:9.8e-02  8:1.2e+00
   17 ,    511 : 3.1984099658534e+01 +(3e+00,4e+01) | 1.51e+01 |  9:8.8e-02  8:1.1e+00
   18 ,    541 : 3.1878615073763e+01 +(5e+00,5e+01) | 1.64e+01 |  9:8.9e-02  8:1.2e+00
   19 ,    571 : 3.2114217703875e+01 +(4e+00,5e+01) | 1.59e+01 |  9:1.0e-01  8:1.4e+00
Iterat, #Fevals:   Function Value    (median,worst) |Axis Ratio|idx:Min SD idx:Max SD
   20 ,    601 : 3.1946309303034e+01 +(7e+00,5e+01) | 1.66e+01 |  9:8.3e-02  8:1.1e+00
   21 ,    631 : 3.1947039140431e+01 +(3e+00,2e+01) | 1.66e+01 |  9:8.2e-02  8:1.1e+00
   22 ,    661 : 3.1948083433203e+01 +(2e+00,1e+01) | 1.70e+01 |  9:7.9e-02  8:1.0e+00
   23 ,    691 : 3.1951047950478e+01 +(9e-01,2e+01) | 1.83e+01 |  9:7.7e-02  8:1.0e+00
   24 ,    721 : 3.2023805583669e+01 +(1e+00,2e+01) | 1.94e+01 |  9:6.8e-02  8:9.6e-01
   25 ,    751 : 3.1916979332596e+01 +(9e-01,6e+00) | 1.86e+01 |  9:8.2e-02  8:1.0e+00
   26 ,    781 : 3.1453656086111e+01 +(2e+00,1e+01) | 2.05e+01 |  9:1.0e-01  8:1.4e+00
   27 ,    811 : 3.1431101150808e+01 +(2e+00,1e+02) | 2.01e+01 |  9:1.1e-01  8:1.5e+00
   28 ,    841 : 3.1292905470465e+01 +(4e+00,5e+01) | 2.05e+01 |  9:1.3e-01  8:1.6e+00
   29 ,    871 : 3.1599842703706e+01 +(2e+00,1e+02) | 2.11e+01 |  9:1.2e-01  8:1.6e+00
Iterat, #Fevals:   Function Value    (median,worst) |Axis Ratio|idx:Min SD idx:Max SD
   30 ,    901 : 3.1112544913363e+01 +(3e+00,6e+01) | 2.07e+01 |  9:1.3e-01  8:1.5e+00
   31 ,    931 : 3.1528761943948e+01 +(4e+00,2e+01) | 2.04e+01 |  9:1.2e-01  8:1.4e+00
   32 ,    961 : 3.1179167299826e+01 +(5e+00,5e+01) | 2.13e+01 |  9:1.2e-01  8:1.5e+00
   33 ,    991 : 3.1558019491915e+01 +(3e+00,1e+02) | 2.22e+01 |  9:1.2e-01  8:1.4e+00
   34 ,   1021 : 3.1248187909319e+01 +(3e+00,3e+01) | 2.24e+01 |  9:1.0e-01  8:1.3e+00
   35 ,   1051 : 3.1158455231302e+01 +(1e+00,5e+01) | 2.34e+01 |  9:1.0e-01  8:1.2e+00
   36 ,   1081 : 3.1399008454600e+01 +(9e-01,6e+01) | 2.36e+01 |  9:9.2e-02  8:1.1e+00
   37 ,   1111 : 3.1392761751664e+01 +(1e+00,3e+01) | 2.35e+01 |  9:9.6e-02  8:1.1e+00
   38 ,   1141 : 3.0999539742940e+01 +(3e+00,5e+01) | 2.40e+01 |  9:8.6e-02  8:9.8e-01
   39 ,   1171 : 3.0922734183498e+01 +(1e+00,2e+01) | 2.53e+01 |  9:9.0e-02  8:9.9e-01
Iterat, #Fevals:   Function Value    (median,worst) |Axis Ratio|idx:Min SD idx:Max SD
   40 ,   1201 : 3.0925300626428e+01 +(4e+00,2e+02) | 2.59e+01 |  9:1.0e-01  8:1.1e+00
   41 ,   1231 : 3.0756955031272e+01 +(3e+00,3e+01) | 2.64e+01 |  9:9.5e-02  8:1.1e+00
   42 ,   1261 : 3.0930200219132e+01 +(2e+00,5e+01) | 2.71e+01 |  9:8.7e-02  8:9.7e-01
   43 ,   1291 : 3.1004843594486e+01 +(1e+00,5e+01) | 2.73e+01 |  9:9.2e-02  8:1.0e+00
   44 ,   1321 : 3.0751447051992e+01 +(1e+00,2e+01) | 2.84e+01 |  9:8.7e-02  8:1.0e+00
   45 ,   1351 : 3.0786304836856e+01 +(2e+00,5e+01) | 2.63e+01 |  9:8.0e-02  8:9.0e-01
   46 ,   1381 : 3.0103938592859e+01 +(2e+00,3e+01) | 2.74e+01 |  9:6.8e-02  8:8.0e-01
   47 ,   1411 : 3.0631165940919e+01 +(9e-01,1e+01) | 2.86e+01 |  9:6.3e-02  8:7.7e-01
   48 ,   1441 : 3.0270324240476e+01 +(1e+00,3e+01) | 3.03e+01 |  9:6.2e-02  8:7.9e-01
   49 ,   1471 : 3.0246701763227e+01 +(1e+00,8e+00) | 2.99e+01 |  9:6.0e-02  8:7.6e-01
Iterat, #Fevals:   Function Value    (median,worst) |Axis Ratio|idx:Min SD idx:Max SD
   50 ,   1501 : 2.9598728398018e+01 +(1e+00,5e+00) | 3.26e+01 |  9:7.4e-02  8:9.6e-01
   51 ,   1531 : 2.9746602816066e+01 +(2e+00,2e+01) | 3.30e+01 |  9:8.2e-02  8:1.1e+00
   52 ,   1561 : 2.2718794614255e+01 +(9e+00,1e+02) | 3.35e+01 |  9:9.7e-02  8:1.3e+00
   53 ,   1591 : 2.7379357743600e+01 +(7e+00,4e+02) | 3.33e+01 |  9:1.0e-01  8:1.3e+00
   54 ,   1621 : 2.3542277606285e+01 +(1e+01,3e+06) | 3.33e+01 |  9:1.1e-01  8:1.3e+00
   55 ,   1651 : 2.6679906646053e+01 +(1e+01,1e+02) | 3.43e+01 |  9:1.1e-01  8:1.3e+00
   56 ,   1681 : 2.8592275501563e+01 +(8e+00,2e+02) | 3.39e+01 |  9:1.1e-01  8:1.3e+00
   57 ,   1711 : 2.7277479246329e+01 +(6e+00,9e+01) | 3.30e+01 |  9:1.1e-01  8:1.1e+00
   58 ,   1741 : 2.2991475600764e+01 +(1e+01,2e+02) | 3.25e+01 |  9:9.4e-02  8:9.9e-01
   59 ,   1771 : 2.3724343275515e+01 +(8e+00,6e+01) | 3.34e+01 |  9:8.4e-02  8:8.8e-01
Iterat, #Fevals:   Function Value    (median,worst) |Axis Ratio|idx:Min SD idx:Max SD
   60 ,   1801 : 2.7176939040998e+01 +(5e+00,9e+03) | 3.39e+01 |  9:6.8e-02  8:7.3e-01
   61 ,   1831 : 2.7462582413438e+01 +(4e+00,6e+01) | 3.79e+01 |  9:7.1e-02  8:7.9e-01
   62 ,   1861 : 1.4667121037013e+01 +(2e+01,7e+01) | 3.89e+01 |  9:7.9e-02  8:8.9e-01
   63 ,   1891 : 1.8532580623911e+01 +(2e+01,2e+03) | 4.02e+01 |  9:8.9e-02  8:1.0e+00
   64 ,   1921 : 2.2007253442560e+01 +(1e+01,7e+06) | 3.99e+01 |  9:7.7e-02  8:9.1e-01
   65 ,   1951 : 2.5093451462586e+01 +(6e+00,6e+01) | 3.82e+01 |  9:8.8e-02  8:1.0e+00
   66 ,   1981 : 2.7865838121779e+01 +(5e+00,5e+04) | 4.02e+01 |  9:9.7e-02  8:1.2e+00
   67 ,   2011 : 2.5921189300955e+01 +(5e+00,4e+02) | 3.97e+01 |  9:8.5e-02  8:1.0e+00
   68 ,   2041 : 2.8125940126467e+01 +(4e+00,2e+02) | 4.03e+01 |  9:1.0e-01  8:1.1e+00
   69 ,   2071 : 2.2538538330028e+01 +(9e+00,6e+01) | 4.24e+01 |  9:1.1e-01  8:1.3e+00
Iterat, #Fevals:   Function Value    (median,worst) |Axis Ratio|idx:Min SD idx:Max SD
   70 ,   2101 : 1.0637614033302e+01 +(2e+01,5e+06) | 4.16e+01 |  9:1.1e-01  8:1.2e+00
   71 ,   2131 : 2.2313882811168e+01 +(1e+01,7e+05) | 4.18e+01 |  9:1.1e-01  8:1.3e+00
   72 ,   2161 : 1.9795266112582e+01 +(1e+01,2e+05) | 4.21e+01 |  9:9.9e-02  8:1.1e+00
   73 ,   2191 : 6.7058656695971e+00 +(3e+01,5e+03) | 4.28e+01 |  9:9.4e-02  8:1.1e+00
   74 ,   2221 : 2.7247683260681e+01 +(3e+01,1e+06) | 4.04e+01 |  9:9.5e-02  8:1.1e+00
   75 ,   2251 : 2.1818147257253e+01 +(1e+01,2e+03) | 4.03e+01 |  9:9.0e-02  8:1.0e+00
   76 ,   2281 : 2.2210977905427e+01 +(1e+01,7e+02) | 4.09e+01 |  9:9.4e-02  8:9.4e-01
   77 ,   2311 : 1.9564190414957e+01 +(1e+01,2e+02) | 4.09e+01 |  9:9.0e-02  8:8.8e-01
   78 ,   2341 : 1.8847709431972e+01 +(1e+01,4e+05) | 4.04e+01 |  9:8.4e-02  8:7.9e-01
   79 ,   2371 : 1.5804822711386e+01 +(3e+01,1e+04) | 4.05e+01 |  9:8.2e-02  8:7.7e-01
Iterat, #Fevals:   Function Value    (median,worst) |Axis Ratio|idx:Min SD idx:Max SD
   80 ,   2401 : 1.1486121284117e+01 +(4e+01,8e+02) | 4.05e+01 |  9:8.1e-02  8:7.6e-01
   81 ,   2431 : 1.4863939444328e+01 +(2e+01,3e+03) | 3.98e+01 |  9:7.4e-02  8:6.5e-01
   82 ,   2461 : 2.1903566066577e+01 +(2e+01,1e+06) | 4.02e+01 |  9:6.3e-02  8:5.5e-01
   83 ,   2491 : 2.1296004238445e+01 +(6e+00,6e+01) | 3.85e+01 |  9:7.3e-02  8:5.8e-01
   84 ,   2521 : 1.1205706335311e+01 +(2e+01,3e+03) | 3.84e+01 |  9:6.8e-02  8:5.3e-01
   85 ,   2551 : 9.1569193493372e+00 +(2e+01,3e+02) | 3.95e+01 |  9:6.8e-02  8:5.2e-01
   86 ,   2581 : 1.5517551239033e+01 +(1e+01,2e+05) | 4.02e+01 |  9:7.1e-02  8:5.3e-01
   87 ,   2611 : 1.7031749725805e+01 +(1e+01,2e+05) | 4.04e+01 |  9:7.4e-02  8:5.4e-01
   88 ,   2641 : 2.9420545430215e+00 +(2e+01,7e+02) | 4.04e+01 |  9:7.4e-02  8:5.7e-01
   89 ,   2671 : 9.5269568637524e+00 +(1e+01,2e+03) | 3.98e+01 |  9:6.4e-02  8:4.9e-01
Iterat, #Fevals:   Function Value    (median,worst) |Axis Ratio|idx:Min SD idx:Max SD
   90 ,   2701 : 1.0787958636054e+01 +(2e+01,2e+04) | 3.96e+01 |  4:6.6e-02  8:5.2e-01
   91 ,   2731 : 7.1165709222563e+00 +(2e+01,8e+01) | 4.03e+01 |  4:5.4e-02  8:4.3e-01
   92 ,   2761 : 4.7874674104021e+00 +(3e+01,2e+02) | 4.05e+01 |  4:5.1e-02  8:4.2e-01
   93 ,   2791 : 1.2549402791390e+01 +(1e+01,2e+02) | 4.06e+01 |  4:4.9e-02  8:4.0e-01
   94 ,   2821 : 4.5355964033723e+00 +(2e+01,5e+03) | 4.08e+01 |  4:5.1e-02  8:4.2e-01
   95 ,   2851 : 4.5014206972661e+00 +(2e+01,1e+03) | 4.06e+01 |  4:5.2e-02  8:4.3e-01
   96 ,   2881 : 7.8388284981288e+00 +(2e+01,2e+04) | 4.09e+01 |  4:5.4e-02  8:4.4e-01
   97 ,   2911 : 1.1308450832460e+01 +(3e+01,3e+04) | 4.04e+01 |  4:5.6e-02  8:4.6e-01
   98 ,   2941 : 9.5633734735828e+00 +(2e+01,1e+04) | 3.88e+01 |  4:4.5e-02  8:3.7e-01
   99 ,   2971 : 1.1212169694675e+01 +(1e+01,2e+03) | 3.91e+01 |  4:4.3e-02  8:3.5e-01
Iterat, #Fevals:   Function Value    (median,worst) |Axis Ratio|idx:Min SD idx:Max SD
  100 ,   3001 : 7.9725461691614e+00 +(1e+01,8e+01) | 4.03e+01 |  4:4.0e-02  8:3.4e-01
  101 ,   3031 : 4.7714711186533e+00 +(1e+01,1e+04) | 4.02e+01 |  4:3.8e-02  8:3.1e-01
  102 ,   3061 : 6.7942730787405e+00 +(2e+01,6e+02) | 4.10e+01 |  4:3.3e-02  8:2.8e-01
  103 ,   3091 : 3.1480738440732e+00 +(1e+01,2e+03) | 4.11e+01 |  4:3.0e-02  8:2.5e-01
  104 ,   3121 : 2.9899506187720e+00 +(1e+01,8e+01) | 4.13e+01 |  4:2.6e-02  8:2.2e-01
  105 ,   3151 : 4.9270457493323e+00 +(1e+01,3e+03) | 4.14e+01 |  4:2.2e-02  8:1.9e-01
  106 ,   3181 : 3.3865130938653e+00 +(1e+01,5e+02) | 4.31e+01 |  4:2.0e-02  8:1.8e-01
  107 ,   3211 : 2.4774978833858e+00 +(1e+01,8e+01) | 4.37e+01 |  4:1.8e-02  8:1.7e-01
  108 ,   3241 : 2.6995773054724e+00 +(1e+01,8e+01) | 4.33e+01 |  4:1.9e-02  8:1.7e-01
  109 ,   3271 : 2.6381285039916e+00 +(1e+01,5e+02) | 4.31e+01 |  4:1.9e-02  8:1.8e-01
Iterat, #Fevals:   Function Value    (median,worst) |Axis Ratio|idx:Min SD idx:Max SD
  110 ,   3301 : 2.9433752410458e+00 +(9e+00,2e+02) | 4.38e+01 |  4:1.7e-02  8:1.7e-01
  111 ,   3331 : 3.1203287136976e+00 +(1e+01,8e+02) | 4.31e+01 |  4:1.5e-02  8:1.4e-01
  112 ,   3361 : 3.0553503708956e+00 +(6e+00,5e+01) | 4.25e+01 |  4:1.2e-02  8:1.1e-01
  113 ,   3391 : 2.8496201508396e+00 +(4e+00,1e+03) | 4.63e+01 |  4:1.1e-02  8:1.1e-01
  114 ,   3421 : 2.7622376548264e+00 +(5e+00,2e+02) | 4.54e+01 |  4:9.4e-03  8:9.4e-02
  115 ,   3451 : 2.4880026237652e+00 +(3e+00,8e+01) | 4.79e+01 |  4:7.7e-03  8:8.0e-02
  116 ,   3481 : 2.6977386283082e+00 +(2e+00,2e+01) | 4.91e+01 |  4:6.6e-03  8:7.1e-02
  117 ,   3511 : 2.4615720805668e+00 +(2e+00,8e+00) | 4.98e+01 |  4:5.8e-03  8:6.3e-02
  118 ,   3541 : 2.4923598709631e+00 +(9e-01,2e+01) | 5.04e+01 |  4:4.9e-03  8:5.4e-02
  119 ,   3571 : 2.5011975350073e+00 +(8e-01,1e+01) | 5.07e+01 |  4:4.3e-03  8:4.8e-02
Iterat, #Fevals:   Function Value    (median,worst) |Axis Ratio|idx:Min SD idx:Max SD
  120 ,   3601 : 2.4613828715092e+00 +(5e-01,6e+00) | 5.10e+01 |  4:3.5e-03  8:3.9e-02
  121 ,   3631 : 2.4818459268574e+00 +(5e-01,3e+00) | 5.04e+01 |  7:3.4e-03  8:3.9e-02
  122 ,   3661 : 2.4511512489452e+00 +(4e-01,2e+00) | 5.22e+01 |  7:3.0e-03  8:3.5e-02
  123 ,   3691 : 2.4647703405765e+00 +(2e-01,5e+00) | 5.23e+01 |  7:2.4e-03  8:2.9e-02
  124 ,   3721 : 2.4599187383174e+00 +(3e-01,3e+00) | 5.30e+01 |  7:2.2e-03  8:2.7e-02
  125 ,   3751 : 2.4675496470919e+00 +(1e-01,7e-01) | 5.39e+01 |  7:1.8e-03  8:2.3e-02
  126 ,   3781 : 2.4587971845455e+00 +(9e-02,9e-01) | 5.51e+01 |  7:1.8e-03  8:2.3e-02
  127 ,   3811 : 2.4608825843234e+00 +(9e-02,4e-01) | 5.57e+01 |  7:1.8e-03  8:2.3e-02
  128 ,   3841 : 2.4476165003838e+00 +(1e-01,8e-01) | 5.75e+01 |  7:1.8e-03  8:2.4e-02
  129 ,   3871 : 2.4660532352988e+00 +(1e-01,1e+00) | 5.96e+01 |  7:1.6e-03  8:2.3e-02
Iterat, #Fevals:   Function Value    (median,worst) |Axis Ratio|idx:Min SD idx:Max SD
  130 ,   3901 : 2.4698291150254e+00 +(9e-02,4e-01) | 5.91e+01 |  7:1.5e-03  8:2.1e-02
  131 ,   3931 : 2.4523952718092e+00 +(6e-02,4e-01) | 5.98e+01 |  7:1.3e-03  8:1.9e-02
  132 ,   3961 : 2.4500484708364e+00 +(7e-02,5e-01) | 6.21e+01 |  7:1.2e-03  8:1.8e-02
  133 ,   3991 : 2.4563974447343e+00 +(5e-02,5e-01) | 6.24e+01 |  7:1.1e-03  8:1.5e-02
  134 ,   4021 : 2.4529690150372e+00 +(3e-02,2e-01) | 6.74e+01 |  7:1.1e-03  8:1.7e-02
  135 ,   4051 : 2.4510941704366e+00 +(6e-02,3e-01) | 6.91e+01 |  7:9.0e-04  8:1.5e-02
  136 ,   4081 : 2.4507753055248e+00 +(4e-02,1e-01) | 7.15e+01 |  7:8.3e-04  6:1.4e-02
  137 ,   4111 : 2.4464066179575e+00 +(5e-02,2e-01) | 7.32e+01 |  7:6.9e-04  8:1.2e-02
  138 ,   4141 : 2.4416448256319e+00 +(3e-02,1e-01) | 7.43e+01 |  7:6.2e-04  6:1.1e-02
  139 ,   4171 : 2.4495846584896e+00 +(2e-02,1e-01) | 7.60e+01 |  7:5.8e-04  6:1.1e-02
Iterat, #Fevals:   Function Value    (median,worst) |Axis Ratio|idx:Min SD idx:Max SD
  140 ,   4201 : 2.4536574766030e+00 +(1e-02,5e-02) | 7.86e+01 |  7:5.2e-04  6:9.8e-03
  141 ,   4231 : 2.4455751396225e+00 +(3e-02,1e-01) | 7.86e+01 |  7:4.9e-04  6:9.3e-03
  142 ,   4261 : 2.4497769199822e+00 +(1e-02,9e-02) | 8.34e+01 |  7:5.0e-04  6:1.0e-02
  143 ,   4291 : 2.4492598166879e+00 +(2e-02,5e-02) | 8.75e+01 |  7:5.0e-04  6:1.1e-02
  144 ,   4321 : 2.4377519013230e+00 +(3e-02,7e-02) | 9.02e+01 |  7:4.9e-04  6:1.1e-02
  145 ,   4351 : 2.4487765883181e+00 +(2e-02,5e-02) | 9.07e+01 |  7:4.8e-04  6:1.1e-02
  146 ,   4381 : 2.4467431694864e+00 +(2e-02,1e-01) | 9.24e+01 |  7:4.6e-04  6:1.0e-02
  147 ,   4411 : 2.4457914953153e+00 +(2e-02,6e-02) | 9.57e+01 |  7:4.5e-04  6:1.0e-02
  148 ,   4441 : 2.4417229260392e+00 +(2e-02,4e-02) | 9.89e+01 |  7:3.9e-04  6:9.1e-03
  149 ,   4471 : 2.4406669150534e+00 +(2e-02,5e-02) | 1.00e+02 |  7:4.7e-04  6:1.1e-02
Iterat, #Fevals:   Function Value    (median,worst) |Axis Ratio|idx:Min SD idx:Max SD
  150 ,   4501 : 2.4469847545928e+00 +(2e-02,6e-02) | 1.02e+02 |  7:5.1e-04  6:1.2e-02
  151 ,   4531 : 2.4483880446714e+00 +(2e-02,5e-02) | 1.09e+02 |  7:4.3e-04  6:1.1e-02
  152 ,   4561 : 2.4384266027573e+00 +(2e-02,4e-02) | 1.16e+02 |  7:4.4e-04  6:1.2e-02
  153 ,   4591 : 2.4386386078854e+00 +(3e-02,7e-02) | 1.17e+02 |  7:4.0e-04  6:1.1e-02
  154 ,   4621 : 2.4412075831889e+00 +(2e-02,4e-02) | 1.20e+02 |  7:3.6e-04  6:1.0e-02
  155 ,   4651 : 2.4444927028272e+00 +(2e-02,4e-02) | 1.27e+02 |  7:3.2e-04  6:9.6e-03
  156 ,   4681 : 2.4453458166306e+00 +(1e-02,3e-02) | 1.30e+02 |  7:2.8e-04  6:8.3e-03
  157 ,   4711 : 2.4466657631122e+00 +(1e-02,2e-02) | 1.31e+02 |  7:2.7e-04  8:8.3e-03
  158 ,   4741 : 2.4388970302881e+00 +(2e-02,4e-02) | 1.55e+02 |  7:3.1e-04  8:1.1e-02
  159 ,   4771 : 2.4382181245511e+00 +(2e-02,4e-02) | 1.59e+02 |  7:3.0e-04  8:1.0e-02
Iterat, #Fevals:   Function Value    (median,worst) |Axis Ratio|idx:Min SD idx:Max SD
  160 ,   4801 : 2.4380194193894e+00 +(2e-02,4e-02) | 1.80e+02 |  7:3.3e-04  8:1.2e-02
  161 ,   4831 : 2.4417379961141e+00 +(2e-02,3e-02) | 1.88e+02 |  7:3.1e-04  8:1.1e-02
  162 ,   4861 : 2.4437329689397e+00 +(1e-02,3e-02) | 1.86e+02 |  7:3.2e-04  8:1.2e-02
  163 ,   4891 : 2.4397928226170e+00 +(2e-02,4e-02) | 1.97e+02 |  7:3.4e-04  8:1.3e-02
  164 ,   4921 : 2.4444506670427e+00 +(2e-02,4e-02) | 2.04e+02 |  7:3.4e-04  8:1.3e-02
  165 ,   4951 : 2.4427079362923e+00 +(2e-02,6e-02) | 2.19e+02 |  7:3.1e-04  8:1.3e-02
  166 ,   4981 : 2.4441300320541e+00 +(2e-02,4e-02) | 2.19e+02 |  7:2.9e-04  8:1.3e-02
  167 ,   5011 : 2.4379977312959e+00 +(2e-02,4e-02) | 2.21e+02 |  7:2.9e-04  8:1.3e-02
  168 ,   5041 : 2.4321914409376e+00 +(3e-02,6e-02) | 2.32e+02 |  7:2.6e-04  8:1.2e-02
  169 ,   5071 : 2.4448159487165e+00 +(1e-02,4e-02) | 2.30e+02 |  7:2.5e-04  8:1.1e-02
Iterat, #Fevals:   Function Value    (median,worst) |Axis Ratio|idx:Min SD idx:Max SD
  170 ,   5101 : 2.4416359756110e+00 +(2e-02,6e-02) | 2.27e+02 |  7:2.4e-04  8:1.1e-02
  171 ,   5131 : 2.4431254373201e+00 +(2e-02,4e-02) | 2.29e+02 |  7:2.2e-04  8:9.6e-03
  172 ,   5161 : 2.4398379868010e+00 +(2e-02,5e-02) | 2.31e+02 |  7:2.4e-04  8:1.1e-02
  173 ,   5191 : 2.4403121631158e+00 +(2e-02,6e-02) | 2.37e+02 |  7:2.5e-04  8:1.1e-02
  174 ,   5221 : 2.4422086342933e+00 +(2e-02,7e-02) | 2.49e+02 |  7:2.1e-04  8:1.0e-02
  175 ,   5251 : 2.4402408560349e+00 +(2e-02,6e-02) | 2.41e+02 |  7:2.0e-04  8:9.0e-03
  176 ,   5281 : 2.4409687806809e+00 +(2e-02,4e-02) | 2.32e+02 |  7:1.8e-04  8:8.4e-03
  177 ,   5311 : 2.4411791290597e+00 +(1e-02,3e-02) | 2.29e+02 |  7:1.7e-04  8:8.0e-03
  178 ,   5341 : 2.4442167313955e+00 +(1e-02,4e-02) | 2.25e+02 |  7:1.9e-04  8:8.3e-03
  179 ,   5371 : 2.4398576028518e+00 +(1e-02,3e-02) | 2.21e+02 |  7:1.6e-04  8:7.3e-03
Iterat, #Fevals:   Function Value    (median,worst) |Axis Ratio|idx:Min SD idx:Max SD
  180 ,   5401 : 2.4311906454214e+00 +(2e-02,4e-02) | 2.21e+02 |  7:1.5e-04  8:6.9e-03
  181 ,   5431 : 2.4396809834526e+00 +(2e-02,4e-02) | 2.21e+02 |  7:1.5e-04  8:6.9e-03
  182 ,   5461 : 2.4473592026384e+00 +(1e-02,2e-02) | 2.26e+02 |  7:1.5e-04  8:6.9e-03
  183 ,   5491 : 2.4396524392489e+00 +(2e-02,3e-02) | 2.34e+02 |  7:1.4e-04  8:6.5e-03
  184 ,   5521 : 2.4391369135595e+00 +(2e-02,4e-02) | 2.44e+02 |  7:1.2e-04  8:5.5e-03
  185 ,   5551 : 2.4380815955000e+00 +(1e-02,3e-02) | 2.55e+02 |  7:1.2e-04  8:5.7e-03
  186 ,   5581 : 2.4390503504691e+00 +(2e-02,4e-02) | 2.60e+02 |  7:1.4e-04  8:6.5e-03
  187 ,   5611 : 2.4423728548805e+00 +(1e-02,3e-02) | 2.56e+02 |  7:1.2e-04  8:5.6e-03
  188 ,   5641 : 2.4407019616384e+00 +(1e-02,3e-02) | 2.50e+02 |  7:1.2e-04  8:5.6e-03
  189 ,   5671 : 2.4414411142746e+00 +(1e-02,3e-02) | 2.61e+02 |  7:1.2e-04  8:5.5e-03
Iterat, #Fevals:   Function Value    (median,worst) |Axis Ratio|idx:Min SD idx:Max SD
  190 ,   5701 : 2.4402683976837e+00 +(1e-02,3e-02) | 2.84e+02 |  7:1.1e-04  8:5.4e-03
  191 ,   5731 : 2.4374524785115e+00 +(2e-02,4e-02) | 3.05e+02 |  7:1.0e-04  8:5.6e-03
  192 ,   5761 : 2.4362089172371e+00 +(2e-02,3e-02) | 3.23e+02 |  7:9.3e-05  8:5.5e-03
  193 ,   5791 : 2.4388605923928e+00 +(2e-02,3e-02) | 3.25e+02 |  7:1.0e-04  8:5.6e-03
  194 ,   5821 : 2.4407433746563e+00 +(1e-02,3e-02) | 3.37e+02 |  7:1.1e-04  8:6.0e-03
  195 ,   5851 : 2.4377642897084e+00 +(2e-02,3e-02) | 3.48e+02 |  7:1.2e-04  8:6.1e-03
  196 ,   5881 : 2.4348044222240e+00 +(2e-02,4e-02) | 3.54e+02 |  7:1.0e-04  8:5.5e-03
  197 ,   5911 : 2.4432427876526e+00 +(1e-02,3e-02) | 3.37e+02 |  7:9.3e-05  8:4.7e-03
  198 ,   5941 : 2.4438969803069e+00 +(1e-02,3e-02) | 3.57e+02 |  7:9.1e-05  8:4.7e-03
  199 ,   5971 : 2.4367658341212e+00 +(2e-02,4e-02) | 3.36e+02 |  7:8.6e-05  8:4.4e-03
Iterat, #Fevals:   Function Value    (median,worst) |Axis Ratio|idx:Min SD idx:Max SD
  200 ,   6001 : 2.4389825976785e+00 +(2e-02,3e-02) | 3.51e+02 |  7:8.2e-05  8:4.2e-03
  201 ,   6031 : 2.4379500882310e+00 +(2e-02,4e-02) | 3.61e+02 |  7:8.3e-05  8:4.3e-03
  202 ,   6061 : 2.4404201033435e+00 +(1e-02,3e-02) | 3.66e+02 |  7:8.6e-05  8:4.6e-03
  203 ,   6091 : 2.4366839515727e+00 +(2e-02,4e-02) | 3.65e+02 |  7:7.9e-05  8:4.2e-03
  204 ,   6121 : 2.4415749224609e+00 +(1e-02,3e-02) | 3.71e+02 |  7:6.9e-05  8:3.8e-03
  205 ,   6151 : 2.4371588048243e+00 +(2e-02,4e-02) | 3.80e+02 |  7:5.9e-05  8:3.3e-03
  206 ,   6181 : 2.4357512659245e+00 +(2e-02,4e-02) | 3.68e+02 |  7:6.2e-05  8:3.5e-03
  207 ,   6211 : 2.4397309722867e+00 +(2e-02,3e-02) | 3.70e+02 |  7:6.4e-05  8:3.6e-03
  208 ,   6241 : 2.4428968796462e+00 +(1e-02,3e-02) | 3.46e+02 |  7:7.7e-05  8:3.8e-03
  209 ,   6271 : 2.4396557796738e+00 +(2e-02,3e-02) | 3.52e+02 |  7:7.2e-05  8:3.7e-03
Iterat, #Fevals:   Function Value    (median,worst) |Axis Ratio|idx:Min SD idx:Max SD
  210 ,   6301 : 2.4392199783878e+00 +(2e-02,4e-02) | 3.51e+02 |  7:7.0e-05  8:3.6e-03
  211 ,   6331 : 2.4379406113962e+00 +(2e-02,3e-02) | 3.53e+02 |  7:6.5e-05  8:3.3e-03
  212 ,   6361 : 2.4444199450153e+00 +(1e-02,3e-02) | 3.72e+02 |  7:6.3e-05  8:3.2e-03
  213 ,   6391 : 2.4392508848075e+00 +(2e-02,3e-02) | 3.70e+02 |  7:5.6e-05  8:2.9e-03
  214 ,   6421 : 2.4471545490583e+00 +(6e-03,3e-02) | 3.89e+02 |  7:5.0e-05  8:2.7e-03
  215 ,   6451 : 2.4313052701188e+00 +(3e-02,5e-02) | 3.84e+02 |  7:4.1e-05  8:2.2e-03
  216 ,   6481 : 2.4415569313994e+00 +(2e-02,3e-02) | 3.62e+02 |  7:3.9e-05  8:2.0e-03
  217 ,   6511 : 2.4386992205263e+00 +(2e-02,3e-02) | 3.49e+02 |  7:3.1e-05  8:1.6e-03
  218 ,   6541 : 2.4397480784344e+00 +(2e-02,3e-02) | 3.70e+02 |  7:3.2e-05  8:1.8e-03
  219 ,   6571 : 2.4361900801417e+00 +(2e-02,4e-02) | 3.91e+02 |  7:3.5e-05  8:1.9e-03
Iterat, #Fevals:   Function Value    (median,worst) |Axis Ratio|idx:Min SD idx:Max SD
  220 ,   6601 : 2.4402680672139e+00 +(2e-02,3e-02) | 3.88e+02 |  7:4.1e-05  8:2.2e-03
  221 ,   6631 : 2.4406206405800e+00 +(2e-02,4e-02) | 3.90e+02 |  7:4.4e-05  8:2.4e-03
  222 ,   6661 : 2.4369937087581e+00 +(2e-02,3e-02) | 3.96e+02 |  7:5.0e-05  8:2.6e-03
  223 ,   6691 : 2.4392302303210e+00 +(2e-02,3e-02) | 4.04e+02 |  7:5.3e-05  6:2.7e-03
  224 ,   6721 : 2.4353118955957e+00 +(2e-02,4e-02) | 4.35e+02 |  7:6.0e-05  8:3.1e-03
  225 ,   6751 : 2.4366093673725e+00 +(2e-02,3e-02) | 4.35e+02 |  7:6.5e-05  8:3.5e-03
  226 ,   6781 : 2.4346569374222e+00 +(2e-02,4e-02) | 4.46e+02 |  7:7.4e-05  6:3.7e-03
  227 ,   6811 : 2.4382767752268e+00 +(2e-02,4e-02) | 4.78e+02 |  7:7.1e-05  6:3.9e-03
  228 ,   6841 : 2.4404679583961e+00 +(2e-02,2e-02) | 5.01e+02 |  7:7.3e-05  6:4.2e-03
  229 ,   6871 : 2.4407419001013e+00 +(2e-02,3e-02) | 5.04e+02 |  7:6.3e-05  6:3.8e-03
Iterat, #Fevals:   Function Value    (median,worst) |Axis Ratio|idx:Min SD idx:Max SD
  230 ,   6901 : 2.4379888782868e+00 +(1e-02,3e-02) | 5.78e+02 |  7:6.5e-05  6:4.0e-03
  231 ,   6931 : 2.4408971449523e+00 +(1e-02,3e-02) | 5.91e+02 |  7:5.8e-05  6:3.7e-03
  232 ,   6961 : 2.4443402762050e+00 +(1e-02,3e-02) | 6.34e+02 |  7:5.2e-05  6:3.4e-03
  233 ,   6991 : 2.4393221394065e+00 +(2e-02,3e-02) | 6.53e+02 |  7:4.7e-05  6:3.2e-03
  234 ,   7021 : 2.4352748378695e+00 +(2e-02,4e-02) | 6.64e+02 |  7:5.6e-05  6:3.5e-03
  235 ,   7051 : 2.4416774389190e+00 +(2e-02,4e-02) | 6.84e+02 |  7:5.3e-05  6:3.3e-03
  236 ,   7081 : 2.4417010716050e+00 +(2e-02,3e-02) | 6.52e+02 |  7:5.4e-05  6:3.3e-03
  237 ,   7111 : 2.4390100818474e+00 +(2e-02,4e-02) | 6.43e+02 |  7:5.4e-05  6:3.2e-03
  238 ,   7141 : 2.4408009410779e+00 +(2e-02,4e-02) | 6.45e+02 |  7:5.1e-05  6:2.9e-03
  239 ,   7171 : 2.4374933158882e+00 +(1e-02,3e-02) | 6.18e+02 |  7:5.1e-05  6:2.8e-03
Iterat, #Fevals:   Function Value    (median,worst) |Axis Ratio|idx:Min SD idx:Max SD
  240 ,   7201 : 2.4407453350125e+00 +(2e-02,3e-02) | 5.96e+02 |  7:5.9e-05  6:2.9e-03
  241 ,   7231 : 2.4416109365844e+00 +(1e-02,4e-02) | 5.96e+02 |  7:5.9e-05  6:2.8e-03
  242 ,   7261 : 2.4402669285865e+00 +(2e-02,3e-02) | 6.16e+02 |  7:6.1e-05  6:3.0e-03
  243 ,   7291 : 2.4470273194445e+00 +(1e-02,3e-02) | 6.03e+02 |  7:6.2e-05  6:3.1e-03
  244 ,   7321 : 2.4380066337780e+00 +(2e-02,3e-02) | 6.17e+02 |  7:6.2e-05  6:3.2e-03
  245 ,   7351 : 2.4392157169938e+00 +(2e-02,3e-02) | 5.80e+02 |  7:8.0e-05  6:4.2e-03
  246 ,   7381 : 2.4418924768955e+00 +(2e-02,3e-02) | 5.99e+02 |  7:7.6e-05  6:3.8e-03
  247 ,   7411 : 2.4355175270787e+00 +(2e-02,3e-02) | 5.66e+02 |  7:7.8e-05  6:3.9e-03
  248 ,   7441 : 2.4356207852194e+00 +(2e-02,4e-02) | 5.55e+02 |  7:8.6e-05  6:4.2e-03
  249 ,   7471 : 2.4414090251363e+00 +(2e-02,4e-02) | 5.54e+02 |  7:9.0e-05  6:4.3e-03
Iterat, #Fevals:   Function Value    (median,worst) |Axis Ratio|idx:Min SD idx:Max SD
  250 ,   7501 : 2.4392554585918e+00 +(2e-02,3e-02) | 5.62e+02 |  7:1.0e-04  6:5.0e-03
  251 ,   7531 : 2.4346356943514e+00 +(2e-02,4e-02) | 5.80e+02 |  7:1.0e-04  6:4.9e-03
  252 ,   7561 : 2.4317332999552e+00 +(2e-02,4e-02) | 5.74e+02 |  7:9.8e-05  6:4.5e-03
  253 ,   7591 : 2.4405358735218e+00 +(2e-02,4e-02) | 6.02e+02 |  7:1.0e-04  6:4.7e-03
  254 ,   7621 : 2.4443297515447e+00 +(1e-02,4e-02) | 6.01e+02 |  7:1.1e-04  6:4.5e-03
  255 ,   7651 : 2.4422736450764e+00 +(1e-02,3e-02) | 5.94e+02 |  7:9.6e-05  6:4.3e-03
  256 ,   7681 : 2.4288729839053e+00 +(2e-02,5e-02) | 5.76e+02 |  7:8.6e-05  6:3.8e-03
  257 ,   7711 : 2.4351707980982e+00 +(2e-02,4e-02) | 5.68e+02 |  7:7.3e-05  6:3.0e-03
  258 ,   7741 : 2.4396132831151e+00 +(2e-02,3e-02) | 5.47e+02 |  7:7.4e-05  6:3.0e-03
  259 ,   7771 : 2.4362562569851e+00 +(2e-02,4e-02) | 5.50e+02 |  7:6.7e-05  6:2.7e-03
Iterat, #Fevals:   Function Value    (median,worst) |Axis Ratio|idx:Min SD idx:Max SD
  260 ,   7801 : 2.4396048467719e+00 +(1e-02,3e-02) | 5.48e+02 |  7:6.6e-05  6:2.7e-03
  261 ,   7831 : 2.4383192156362e+00 +(1e-02,3e-02) | 5.53e+02 |  7:6.2e-05  6:2.6e-03
  262 ,   7861 : 2.4435449473798e+00 +(1e-02,3e-02) | 5.43e+02 |  7:6.1e-05  5:2.6e-03
  263 ,   7891 : 2.4402597644168e+00 +(1e-02,3e-02) | 5.20e+02 |  7:6.8e-05  5:2.8e-03
  264 ,   7921 : 2.4382547250651e+00 +(2e-02,3e-02) | 5.26e+02 |  7:6.5e-05  5:2.7e-03
  265 ,   7951 : 2.4329812231961e+00 +(2e-02,4e-02) | 5.62e+02 |  7:7.9e-05  5:3.4e-03
  266 ,   7981 : 2.4337727941704e+00 +(2e-02,4e-02) | 5.83e+02 |  7:7.8e-05  5:3.4e-03
  267 ,   8011 : 2.4371030370334e+00 +(2e-02,3e-02) | 6.13e+02 |  7:9.3e-05  5:4.0e-03
  268 ,   8041 : 2.4316643302984e+00 +(2e-02,4e-02) | 6.27e+02 |  7:9.7e-05  5:4.2e-03
  269 ,   8071 : 2.4434548658225e+00 +(1e-02,3e-02) | 6.39e+02 |  7:9.9e-05  5:4.4e-03
Iterat, #Fevals:   Function Value    (median,worst) |Axis Ratio|idx:Min SD idx:Max SD
  270 ,   8101 : 2.4289500779873e+00 +(3e-02,4e-02) | 6.73e+02 |  7:1.0e-04  5:4.5e-03
  271 ,   8131 : 2.4358095168830e+00 +(2e-02,3e-02) | 6.93e+02 |  7:9.2e-05  5:4.2e-03
  272 ,   8161 : 2.4393746072566e+00 +(2e-02,3e-02) | 6.87e+02 |  7:9.9e-05  5:4.3e-03
  273 ,   8191 : 2.4362826022333e+00 +(2e-02,3e-02) | 6.88e+02 |  7:8.9e-05  5:3.8e-03
  274 ,   8221 : 2.4350904590603e+00 +(2e-02,4e-02) | 6.95e+02 |  7:8.3e-05  5:3.7e-03
  275 ,   8251 : 2.4371561508384e+00 +(2e-02,4e-02) | 6.85e+02 |  7:7.9e-05  5:3.7e-03
  276 ,   8281 : 2.4393481276872e+00 +(2e-02,4e-02) | 6.60e+02 |  7:8.0e-05  5:3.8e-03
  277 ,   8311 : 2.4336764360434e+00 +(2e-02,5e-02) | 6.86e+02 |  7:8.0e-05  5:3.9e-03
  278 ,   8341 : 2.4382371944678e+00 +(2e-02,4e-02) | 7.06e+02 |  7:8.3e-05  5:4.1e-03
  279 ,   8371 : 2.4325060981568e+00 +(2e-02,4e-02) | 7.08e+02 |  7:8.3e-05  5:4.0e-03
Iterat, #Fevals:   Function Value    (median,worst) |Axis Ratio|idx:Min SD idx:Max SD
  280 ,   8401 : 2.4404432844979e+00 +(1e-02,4e-02) | 6.95e+02 |  7:8.7e-05  5:4.1e-03
  281 ,   8431 : 2.4386649959300e+00 +(2e-02,3e-02) | 6.62e+02 |  7:9.1e-05  5:4.3e-03
  282 ,   8461 : 2.4383893642805e+00 +(2e-02,4e-02) | 6.59e+02 |  7:9.7e-05  5:4.5e-03
  283 ,   8491 : 2.4377476664506e+00 +(2e-02,4e-02) | 6.36e+02 |  7:9.9e-05  5:4.3e-03
  284 ,   8521 : 2.4335247629667e+00 +(2e-02,4e-02) | 6.59e+02 |  7:1.0e-04  5:4.3e-03
  285 ,   8551 : 2.4413879083071e+00 +(2e-02,3e-02) | 6.82e+02 |  7:1.1e-04  5:5.0e-03
  286 ,   8581 : 2.4385215644048e+00 +(2e-02,3e-02) | 6.88e+02 |  7:1.2e-04  5:5.0e-03
  287 ,   8611 : 2.4360660141448e+00 +(2e-02,3e-02) | 7.37e+02 |  7:1.2e-04  5:5.1e-03
  288 ,   8641 : 2.4360357001550e+00 +(2e-02,3e-02) | 7.61e+02 |  7:9.5e-05  5:4.3e-03
  289 ,   8671 : 2.4400565465947e+00 +(2e-02,3e-02) | 7.85e+02 |  7:9.7e-05  5:4.4e-03
Iterat, #Fevals:   Function Value    (median,worst) |Axis Ratio|idx:Min SD idx:Max SD
  290 ,   8701 : 2.4302206190604e+00 +(3e-02,4e-02) | 8.01e+02 |  7:9.7e-05  5:4.5e-03
  291 ,   8731 : 2.4406232621618e+00 +(2e-02,3e-02) | 7.94e+02 |  7:8.2e-05  5:3.8e-03
  292 ,   8761 : 2.4359664175142e+00 +(2e-02,4e-02) | 8.49e+02 |  7:8.1e-05  5:4.0e-03
  293 ,   8791 : 2.4396464491044e+00 +(1e-02,3e-02) | 8.68e+02 |  7:8.2e-05  5:3.9e-03
  294 ,   8821 : 2.4315441962028e+00 +(3e-02,4e-02) | 8.67e+02 |  7:7.5e-05  5:3.6e-03
  295 ,   8851 : 2.4387882682834e+00 +(2e-02,4e-02) | 8.53e+02 |  7:7.1e-05  5:3.4e-03
  296 ,   8881 : 2.4401433717197e+00 +(2e-02,4e-02) | 8.64e+02 |  7:7.2e-05  5:3.3e-03
  297 ,   8911 : 2.4315798876168e+00 +(2e-02,4e-02) | 8.95e+02 |  7:7.2e-05  5:3.4e-03
  298 ,   8941 : 2.4344556655877e+00 +(2e-02,3e-02) | 9.31e+02 |  7:6.7e-05  5:3.2e-03
  299 ,   8971 : 2.4453091597844e+00 +(1e-02,3e-02) | 9.25e+02 |  7:6.7e-05  5:3.1e-03
Iterat, #Fevals:   Function Value    (median,worst) |Axis Ratio|idx:Min SD idx:Max SD
  300 ,   9001 : 2.4408323663601e+00 +(2e-02,3e-02) | 9.49e+02 |  7:7.4e-05  5:3.4e-03
  301 ,   9031 : 2.4471114539183e+00 +(8e-03,2e-02) | 9.24e+02 |  7:7.3e-05  5:3.3e-03
  302 ,   9061 : 2.4379713707930e+00 +(2e-02,4e-02) | 9.69e+02 |  7:6.0e-05  5:2.8e-03
  303 ,   9091 : 2.4388583212799e+00 +(2e-02,4e-02) | 8.62e+02 |  7:5.5e-05  5:2.5e-03
  304 ,   9121 : 2.4346671946770e+00 +(2e-02,4e-02) | 9.39e+02 |  7:5.6e-05  5:2.8e-03
  305 ,   9151 : 2.4297804503667e+00 +(2e-02,5e-02) | 9.41e+02 |  7:5.8e-05  5:2.9e-03
  306 ,   9181 : 2.4333519929977e+00 +(2e-02,4e-02) | 9.36e+02 |  7:6.6e-05  5:3.4e-03
  307 ,   9211 : 2.4393862153957e+00 +(2e-02,4e-02) | 9.06e+02 |  7:6.9e-05  5:3.6e-03
  308 ,   9241 : 2.4417088597593e+00 +(2e-02,3e-02) | 9.17e+02 |  7:6.3e-05  5:3.3e-03
  309 ,   9271 : 2.4398897022687e+00 +(2e-02,3e-02) | 9.20e+02 |  7:5.6e-05  5:3.0e-03
Iterat, #Fevals:   Function Value    (median,worst) |Axis Ratio|idx:Min SD idx:Max SD
  310 ,   9301 : 2.4319611882308e+00 +(2e-02,4e-02) | 8.78e+02 |  7:5.4e-05  5:2.8e-03
  311 ,   9331 : 2.4325960184422e+00 +(2e-02,4e-02) | 8.64e+02 |  7:5.4e-05  5:2.8e-03
  312 ,   9361 : 2.4339638758204e+00 +(2e-02,4e-02) | 8.65e+02 |  7:4.9e-05  5:2.6e-03
  313 ,   9391 : 2.4398510164483e+00 +(2e-02,3e-02) | 8.53e+02 |  7:4.4e-05  5:2.2e-03
  314 ,   9421 : 2.4440767409225e+00 +(1e-02,3e-02) | 8.68e+02 |  7:4.2e-05  5:2.1e-03
  315 ,   9451 : 2.4346457932099e+00 +(2e-02,4e-02) | 8.30e+02 |  7:4.4e-05  5:2.2e-03
  316 ,   9481 : 2.4345312508789e+00 +(2e-02,3e-02) | 8.25e+02 |  7:4.4e-05  5:2.2e-03
  317 ,   9511 : 2.4386590340963e+00 +(2e-02,4e-02) | 8.17e+02 |  7:4.4e-05  5:2.2e-03
  318 ,   9541 : 2.4382561721240e+00 +(2e-02,3e-02) | 7.97e+02 |  7:4.6e-05  5:2.4e-03
  319 ,   9571 : 2.4354553250200e+00 +(2e-02,4e-02) | 8.25e+02 |  7:5.4e-05  5:2.7e-03
Iterat, #Fevals:   Function Value    (median,worst) |Axis Ratio|idx:Min SD idx:Max SD
  320 ,   9601 : 2.4388724265162e+00 +(2e-02,3e-02) | 8.71e+02 |  7:5.4e-05  5:2.6e-03
  321 ,   9631 : 2.4399426089980e+00 +(2e-02,4e-02) | 9.04e+02 |  7:4.8e-05  5:2.3e-03
  322 ,   9661 : 2.4358982980402e+00 +(2e-02,4e-02) | 8.87e+02 |  7:4.7e-05  5:2.2e-03
  323 ,   9691 : 2.4357915835824e+00 +(2e-02,3e-02) | 8.65e+02 |  7:5.0e-05  8:2.3e-03
  324 ,   9721 : 2.4368554932095e+00 +(1e-02,4e-02) | 8.96e+02 |  7:4.8e-05  8:2.3e-03
  325 ,   9751 : 2.4418444305881e+00 +(1e-02,2e-02) | 8.84e+02 |  7:4.8e-05  8:2.4e-03
  326 ,   9781 : 2.4455523115881e+00 +(1e-02,3e-02) | 9.40e+02 |  7:5.0e-05  8:2.4e-03
  327 ,   9811 : 2.4361256414705e+00 +(2e-02,4e-02) | 9.00e+02 |  7:4.9e-05  8:2.3e-03
  328 ,   9841 : 2.4399945876519e+00 +(1e-02,2e-02) | 8.73e+02 |  7:4.4e-05  8:2.1e-03
  329 ,   9871 : 2.4403743425238e+00 +(1e-02,3e-02) | 8.76e+02 |  7:4.3e-05  8:2.2e-03
Iterat, #Fevals:   Function Value    (median,worst) |Axis Ratio|idx:Min SD idx:Max SD
  330 ,   9901 : 2.4386597419800e+00 +(2e-02,3e-02) | 8.39e+02 |  7:4.8e-05  8:2.3e-03
  331 ,   9931 : 2.4368239984099e+00 +(2e-02,4e-02) | 9.08e+02 |  7:5.0e-05  8:2.5e-03
  332 ,   9961 : 2.4384123078097e+00 +(2e-02,4e-02) | 9.41e+02 |  7:5.7e-05  8:2.7e-03
  333 ,   9991 : 2.4348360955400e+00 +(2e-02,3e-02) | 9.33e+02 |  7:5.6e-05  8:2.6e-03
  334 ,  10021 : 2.4377574815056e+00 +(2e-02,3e-02) | 9.79e+02 |  7:6.1e-05  8:3.0e-03
  335 ,  10051 : 2.4398159523635e+00 +(2e-02,3e-02) | 1.04e+03 |  7:5.7e-05  8:2.8e-03
  336 ,  10081 : 2.4374832675506e+00 +(2e-02,4e-02) | 1.01e+03 |  7:5.9e-05  8:2.9e-03
  337 ,  10111 : 2.4380455991736e+00 +(2e-02,3e-02) | 1.02e+03 |  7:5.6e-05  8:2.7e-03
  338 ,  10141 : 2.4454538319898e+00 +(8e-03,3e-02) | 1.01e+03 |  7:5.7e-05  8:2.7e-03
  339 ,  10171 : 2.4375930792470e+00 +(2e-02,4e-02) | 9.74e+02 |  7:5.5e-05  8:2.8e-03
Iterat, #Fevals:   Function Value    (median,worst) |Axis Ratio|idx:Min SD idx:Max SD
  340 ,  10201 : 2.4384353951250e+00 +(1e-02,4e-02) | 1.02e+03 |  7:5.4e-05  8:2.8e-03
  341 ,  10231 : 2.4423098371416e+00 +(1e-02,3e-02) | 9.69e+02 |  7:5.1e-05  8:2.6e-03
  342 ,  10261 : 2.4422628383261e+00 +(1e-02,3e-02) | 9.65e+02 |  7:5.7e-05  8:2.9e-03
  343 ,  10291 : 2.4328271244037e+00 +(2e-02,4e-02) | 9.77e+02 |  7:6.6e-05  8:3.1e-03
  344 ,  10321 : 2.4368732313196e+00 +(2e-02,4e-02) | 1.02e+03 |  7:6.6e-05  8:3.2e-03
  345 ,  10351 : 2.4353264922918e+00 +(2e-02,4e-02) | 1.05e+03 |  7:6.4e-05  8:3.1e-03
  346 ,  10381 : 2.4321441075070e+00 +(2e-02,4e-02) | 1.01e+03 |  7:6.1e-05  8:3.2e-03
  347 ,  10411 : 2.4315533562383e+00 +(2e-02,4e-02) | 1.05e+03 |  7:6.2e-05  8:3.0e-03
  348 ,  10441 : 2.4367130035192e+00 +(2e-02,3e-02) | 1.02e+03 |  7:5.3e-05  8:2.6e-03
  349 ,  10471 : 2.4404004404632e+00 +(2e-02,4e-02) | 9.82e+02 |  7:5.0e-05  8:2.5e-03
Iterat, #Fevals:   Function Value    (median,worst) |Axis Ratio|idx:Min SD idx:Max SD
  350 ,  10501 : 2.4360532608395e+00 +(2e-02,4e-02) | 1.03e+03 |  7:4.5e-05  8:2.3e-03
  351 ,  10531 : 2.4347029313872e+00 +(2e-02,4e-02) | 1.03e+03 |  7:4.6e-05  8:2.4e-03
  352 ,  10561 : 2.4320618430127e+00 +(2e-02,4e-02) | 1.04e+03 |  7:4.0e-05  8:2.1e-03
  353 ,  10591 : 2.4369534432502e+00 +(2e-02,4e-02) | 1.07e+03 |  7:3.6e-05  8:1.8e-03
  354 ,  10621 : 2.4328419509652e+00 +(2e-02,4e-02) | 1.11e+03 |  7:3.1e-05  8:1.6e-03
  355 ,  10651 : 2.4401624365499e+00 +(1e-02,3e-02) | 1.14e+03 |  7:2.8e-05  5:1.5e-03
  356 ,  10681 : 2.4402652019098e+00 +(2e-02,4e-02) | 1.24e+03 |  7:3.1e-05  5:1.7e-03
  357 ,  10711 : 2.4364857937388e+00 +(2e-02,4e-02) | 1.27e+03 |  7:3.4e-05  5:1.9e-03
  358 ,  10741 : 2.4457913620943e+00 +(8e-03,3e-02) | 1.25e+03 |  7:3.8e-05  5:2.2e-03
  359 ,  10771 : 2.4428569655414e+00 +(1e-02,3e-02) | 1.26e+03 |  7:3.6e-05  5:2.0e-03
Iterat, #Fevals:   Function Value    (median,worst) |Axis Ratio|idx:Min SD idx:Max SD
  360 ,  10801 : 2.4418965485510e+00 +(1e-02,3e-02) | 1.37e+03 |  7:3.4e-05  5:2.1e-03
