
                            < M A T L A B (R) >
                  Copyright 1984-2015 The MathWorks, Inc.
                   R2015a (8.5.0.197613) 64-bit (glnxa64)
                             February 12, 2015

 
For online documentation, see http://www.mathworks.com/support
For product information, visit www.mathworks.com.
 

	Academic License


seed =

                 98.871513


InitialthetaLB =

                       0.1
                         1
                         1
                       0.1
                         1
                       0.1
                     0.001
                    0.0001
                       300


InitialthetaUB =

      100000
    10000000
   100000000
       10000
       10000
        1000
           5
         100
        2000


Initialtheta =

          73226.7515801604
          5671890.58731983
          30122389.7037754
          7805.85119648417
          4979.24490446831
          118.998295590606
          1.94340905439157
          39.4643395896552
           873.79348299657

  n=9: (15,30)-CMA-ES(w=[21 15 12... 0.77 0.25]%, ]%, mu_eff=8.6) on function Error
Iterat, #Fevals:   Function Value    (median,worst) |Axis Ratio|idx:Min SD idx:Max SD
    1 ,     31 : 3.6464503230724e+01 +(9e+04,7e+15) | 7.30e+00 |  4:4.0e-01  6:2.9e+00
    2 ,     61 : 3.5216253281142e+01 +(2e+02,1e+11) | 7.66e+00 |  4:5.2e-01  6:3.9e+00
[Warning: Failure at t=1.292631e+03.  Unable to meet integration tolerances
without reducing the step size below the smallest value allowed (3.637979e-12)
at time t.] 
[> In ode15s (line 730)
  In Error (line 33)
  In cmaes (line 957)
  In ParameterFit (line 32)
  In ParameterFittingScript (line 29)] 
    3 ,     91 : 3.5607252813724e+01 +(5e+01,2e+10) | 7.98e+00 |  4:5.3e-01  6:4.2e+00
    4 ,    121 : 3.2693221675417e+01 +(5e+01,1e+08) | 8.27e+00 |  4:4.9e-01  6:4.0e+00
    5 ,    151 : 3.2586962249621e+01 +(5e+01,9e+08) | 8.34e+00 |  4:5.3e-01  6:4.2e+00
    6 ,    181 : 3.4260600622155e+01 +(5e+01,4e+10) | 8.52e+00 |  4:4.9e-01  6:4.0e+00
    7 ,    211 : 3.4055163025970e+01 +(5e+01,4e+06) | 8.82e+00 |  4:4.6e-01  6:3.9e+00
    8 ,    241 : 3.3255715787625e+01 +(5e+01,2e+21) | 8.52e+00 |  4:3.9e-01  6:3.2e+00
    9 ,    271 : 3.3039612729412e+01 +(5e+01,1e+07) | 8.41e+00 |  4:3.4e-01  6:2.7e+00
Iterat, #Fevals:   Function Value    (median,worst) |Axis Ratio|idx:Min SD idx:Max SD
   10 ,    301 : 3.4279493684686e+01 +(5e+01,5e+04) | 8.32e+00 |  4:3.1e-01  6:2.5e+00
   11 ,    331 : 3.1262990087341e+01 +(3e+01,6e+03) | 8.42e+00 |  4:2.7e-01  6:2.2e+00
   12 ,    361 : 2.8891120179709e+01 +(5e+01,1e+04) | 8.37e+00 |  4:2.5e-01  6:2.0e+00
   13 ,    391 : 3.2991091153033e+01 +(3e+01,2e+07) | 8.84e+00 |  4:2.6e-01  6:2.2e+00
   14 ,    421 : 3.1525056319740e+01 +(3e+01,7e+03) | 8.82e+00 |  4:2.3e-01  6:1.9e+00
   15 ,    451 : 3.1428330710846e+01 +(2e+01,7e+02) | 8.74e+00 |  4:2.0e-01  6:1.6e+00
   16 ,    481 : 3.1648072680079e+01 +(7e+00,3e+02) | 9.14e+00 |  4:2.0e-01  6:1.7e+00
   17 ,    511 : 3.3376073091749e+01 +(9e+00,3e+02) | 9.16e+00 |  4:2.0e-01  6:1.7e+00
   18 ,    541 : 3.1459566080381e+01 +(2e+01,3e+02) | 9.19e+00 |  4:1.7e-01  6:1.4e+00
   19 ,    571 : 3.2034489385794e+01 +(2e+01,2e+03) | 9.45e+00 |  4:1.6e-01  6:1.3e+00
Iterat, #Fevals:   Function Value    (median,worst) |Axis Ratio|idx:Min SD idx:Max SD
   20 ,    601 : 3.1832748074409e+01 +(3e+00,3e+02) | 9.82e+00 |  4:1.4e-01  6:1.2e+00
   21 ,    631 : 3.1147459389815e+01 +(3e+00,6e+01) | 9.73e+00 |  4:1.4e-01  6:1.1e+00
   22 ,    661 : 3.1380722094734e+01 +(4e+00,1e+02) | 9.87e+00 |  4:1.2e-01  6:9.6e-01
   23 ,    691 : 3.1401067844080e+01 +(2e+00,5e+01) | 9.90e+00 |  4:1.2e-01  6:9.6e-01
   24 ,    721 : 3.1424843711111e+01 +(2e+00,7e+01) | 1.02e+01 |  4:1.2e-01  6:9.2e-01
   25 ,    751 : 3.0888117167030e+01 +(2e+00,1e+02) | 1.06e+01 |  4:1.2e-01  6:9.1e-01
   26 ,    781 : 3.1198473751665e+01 +(3e+00,4e+01) | 1.09e+01 |  4:1.4e-01  6:1.0e+00
   27 ,    811 : 3.0890214969257e+01 +(2e+00,4e+01) | 1.17e+01 |  4:1.2e-01  6:9.3e-01
   28 ,    841 : 3.0976841797259e+01 +(1e+00,1e+02) | 1.22e+01 |  4:1.2e-01  6:9.5e-01
   29 ,    871 : 3.0582908314203e+01 +(4e+00,6e+01) | 1.33e+01 |  4:1.3e-01  6:1.0e+00
Iterat, #Fevals:   Function Value    (median,worst) |Axis Ratio|idx:Min SD idx:Max SD
   30 ,    901 : 3.0670816575896e+01 +(3e+00,1e+02) | 1.41e+01 |  4:1.3e-01  6:1.1e+00
   31 ,    931 : 3.0466496910732e+01 +(4e+00,9e+01) | 1.48e+01 |  4:1.3e-01  6:1.1e+00
   32 ,    961 : 3.0871147845431e+01 +(6e+00,2e+02) | 1.52e+01 |  4:1.2e-01  6:9.6e-01
   33 ,    991 : 3.0261082992060e+01 +(3e+00,8e+01) | 1.53e+01 |  4:1.1e-01  6:8.6e-01
   34 ,   1021 : 2.9369352521966e+01 +(4e+00,3e+02) | 1.59e+01 |  4:1.0e-01  6:8.4e-01
   35 ,   1051 : 2.9772755706271e+01 +(3e+00,4e+01) | 1.58e+01 |  4:9.8e-02  6:7.8e-01
   36 ,   1081 : 3.0548899487478e+01 +(2e+00,5e+01) | 1.64e+01 |  4:1.0e-01  6:7.8e-01
   37 ,   1111 : 2.9476769000631e+01 +(3e+00,2e+02) | 1.65e+01 |  4:1.1e-01  6:8.0e-01
   38 ,   1141 : 3.0222833829923e+01 +(3e+00,3e+01) | 1.71e+01 |  4:9.1e-02  6:6.9e-01
   39 ,   1171 : 2.9550556518603e+01 +(2e+00,2e+01) | 1.76e+01 |  4:7.9e-02  6:5.8e-01
Iterat, #Fevals:   Function Value    (median,worst) |Axis Ratio|idx:Min SD idx:Max SD
   40 ,   1201 : 2.9958721814234e+01 +(2e+00,2e+01) | 1.79e+01 |  4:6.8e-02  6:5.0e-01
   41 ,   1231 : 2.9708934236214e+01 +(3e+00,6e+01) | 1.85e+01 |  4:6.6e-02  6:4.9e-01
   42 ,   1261 : 2.9187494871229e+01 +(2e+00,1e+01) | 1.98e+01 |  4:7.0e-02  6:5.3e-01
   43 ,   1291 : 2.8968368194848e+01 +(2e+00,1e+01) | 2.02e+01 |  4:7.0e-02  6:5.4e-01
   44 ,   1321 : 2.8518348759493e+01 +(2e+00,5e+01) | 2.14e+01 |  4:7.1e-02  6:5.7e-01
   45 ,   1351 : 2.7582168145988e+01 +(4e+00,6e+01) | 2.20e+01 |  4:7.3e-02  6:6.0e-01
   46 ,   1381 : 2.7611810514738e+01 +(4e+00,1e+02) | 2.25e+01 |  4:7.1e-02  6:5.8e-01
   47 ,   1411 : 2.4323653206150e+01 +(1e+01,3e+06) | 2.28e+01 |  4:6.8e-02  6:5.3e-01
   48 ,   1441 : 2.8672054560629e+01 +(2e+00,1e+01) | 2.38e+01 |  4:6.0e-02  6:4.7e-01
   49 ,   1471 : 2.6862621558052e+01 +(3e+00,5e+01) | 2.43e+01 |  4:7.1e-02  6:5.0e-01
Iterat, #Fevals:   Function Value    (median,worst) |Axis Ratio|idx:Min SD idx:Max SD
   50 ,   1501 : 2.3348784954117e+01 +(6e+00,6e+01) | 2.43e+01 |  4:7.5e-02  6:5.2e-01
   51 ,   1531 : 2.5190305009404e+01 +(5e+00,1e+02) | 2.44e+01 |  4:6.4e-02  6:4.3e-01
   52 ,   1561 : 2.1332732032646e+01 +(8e+00,1e+03) | 2.36e+01 |  4:6.8e-02  6:4.6e-01
   53 ,   1591 : 2.4897177389930e+01 +(2e+01,3e+02) | 2.42e+01 |  4:8.0e-02  6:5.3e-01
   54 ,   1621 : 1.7161942806040e+01 +(1e+01,1e+03) | 2.50e+01 |  4:7.3e-02  6:5.0e-01
   55 ,   1651 : 2.4368263485448e+01 +(7e+00,3e+05) | 2.45e+01 |  4:6.9e-02  6:4.7e-01
   56 ,   1681 : 1.8092190796487e+01 +(1e+01,2e+02) | 2.50e+01 |  4:8.0e-02  6:5.5e-01
   57 ,   1711 : 4.8772339151168e+00 +(3e+01,2e+05) | 2.47e+01 |  4:8.4e-02  6:5.8e-01
   58 ,   1741 : 2.1284940972044e+01 +(4e+01,2e+03) | 2.55e+01 |  4:8.7e-02  6:6.1e-01
   59 ,   1771 : 2.4540878930578e+01 +(2e+01,2e+03) | 2.62e+01 |  1:9.3e-02  6:6.3e-01
Iterat, #Fevals:   Function Value    (median,worst) |Axis Ratio|idx:Min SD idx:Max SD
   60 ,   1801 : 1.5177767140874e+01 +(2e+01,4e+04) | 2.73e+01 |  1:8.3e-02  6:5.8e-01
   61 ,   1831 : 1.8124181370482e+01 +(1e+01,7e+01) | 2.74e+01 |  1:7.8e-02  6:5.4e-01
   62 ,   1861 : 1.7202019965155e+01 +(2e+01,5e+05) | 2.76e+01 |  1:8.1e-02  6:5.7e-01
   63 ,   1891 : 1.7321411668677e+01 +(1e+01,9e+02) | 2.90e+01 |  1:7.3e-02  6:5.3e-01
   64 ,   1921 : 1.3124822109636e+01 +(2e+01,6e+02) | 2.91e+01 |  1:7.3e-02  6:5.4e-01
   65 ,   1951 : 1.2201893972039e+01 +(2e+01,2e+05) | 2.78e+01 |  1:7.2e-02  6:5.3e-01
   66 ,   1981 : 1.8905625399116e+01 +(3e+01,6e+02) | 2.78e+01 |  1:6.7e-02  6:5.0e-01
   67 ,   2011 : 1.5869434265019e+01 +(1e+01,5e+03) | 2.82e+01 |  1:6.0e-02  6:4.5e-01
   68 ,   2041 : 1.5405324581443e+01 +(1e+01,8e+01) | 2.93e+01 |  1:5.4e-02  6:4.1e-01
   69 ,   2071 : 1.4268695840228e+01 +(1e+01,1e+04) | 2.86e+01 |  1:4.6e-02  6:3.5e-01
Iterat, #Fevals:   Function Value    (median,worst) |Axis Ratio|idx:Min SD idx:Max SD
   70 ,   2101 : 1.0620418275999e+01 +(2e+01,8e+03) | 2.79e+01 |  1:4.1e-02  6:3.2e-01
   71 ,   2131 : 1.3172521083536e+01 +(1e+01,4e+02) | 2.84e+01 |  1:3.7e-02  6:2.9e-01
   72 ,   2161 : 1.0038463020523e+01 +(1e+01,2e+02) | 2.98e+01 |  1:3.7e-02  6:2.9e-01
   73 ,   2191 : 1.0473715287587e+01 +(1e+01,3e+04) | 3.06e+01 |  1:3.2e-02  6:2.6e-01
   74 ,   2221 : 5.7524051934967e+00 +(2e+01,4e+04) | 3.26e+01 |  1:3.2e-02  6:2.7e-01
   75 ,   2251 : 8.4859349580451e+00 +(1e+01,2e+04) | 3.43e+01 |  1:3.5e-02  6:3.1e-01
   76 ,   2281 : 6.2090509236234e+00 +(1e+01,1e+03) | 3.54e+01 |  1:3.4e-02  6:3.1e-01
   77 ,   2311 : 2.7021313783918e+00 +(2e+01,7e+02) | 3.81e+01 |  1:3.4e-02  6:3.3e-01
   78 ,   2341 : 8.1273334168730e+00 +(1e+01,1e+04) | 3.85e+01 |  1:3.2e-02  6:3.3e-01
   79 ,   2371 : 2.6404719631212e+00 +(2e+01,3e+02) | 3.89e+01 |  1:3.4e-02  6:3.5e-01
Iterat, #Fevals:   Function Value    (median,worst) |Axis Ratio|idx:Min SD idx:Max SD
   80 ,   2401 : 4.2015148824553e+00 +(2e+01,6e+03) | 3.74e+01 |  1:3.5e-02  6:3.5e-01
   81 ,   2431 : 4.0124824006761e+00 +(2e+01,8e+01) | 3.71e+01 |  1:3.3e-02  6:3.3e-01
   82 ,   2461 : 2.6917973733865e+00 +(2e+01,6e+02) | 3.77e+01 |  1:3.2e-02  6:3.3e-01
   83 ,   2491 : 2.9528974069710e+00 +(1e+01,4e+02) | 3.91e+01 |  1:3.3e-02  6:3.4e-01
   84 ,   2521 : 2.6645944832957e+00 +(3e+01,5e+04) | 3.95e+01 |  1:3.2e-02  6:3.4e-01
   85 ,   2551 : 3.5701599971737e+00 +(3e+01,9e+04) | 4.30e+01 |  1:2.7e-02  6:3.0e-01
   86 ,   2581 : 4.1593829910951e+00 +(2e+01,4e+04) | 4.34e+01 |  1:2.3e-02  6:2.7e-01
   87 ,   2611 : 4.4774363196892e+00 +(2e+01,6e+02) | 4.55e+01 |  1:2.3e-02  6:2.7e-01
   88 ,   2641 : 6.3182590856580e+00 +(9e+00,3e+02) | 4.73e+01 |  1:2.3e-02  6:2.9e-01
   89 ,   2671 : 3.4512703484017e+00 +(1e+01,1e+04) | 4.79e+01 |  1:2.1e-02  6:2.7e-01
Iterat, #Fevals:   Function Value    (median,worst) |Axis Ratio|idx:Min SD idx:Max SD
   90 ,   2701 : 3.2322711578494e+00 +(1e+01,5e+03) | 4.89e+01 |  1:1.8e-02  6:2.4e-01
   91 ,   2731 : 2.9173472099654e+00 +(1e+01,2e+04) | 4.99e+01 |  1:1.7e-02  6:2.3e-01
   92 ,   2761 : 3.1245738634368e+00 +(7e+00,2e+02) | 4.68e+01 |  1:1.6e-02  6:2.2e-01
   93 ,   2791 : 2.6326522352361e+00 +(9e+00,3e+02) | 4.93e+01 |  1:1.5e-02  6:2.2e-01
   94 ,   2821 : 2.7899746580592e+00 +(9e+00,1e+02) | 5.12e+01 |  1:1.4e-02  6:2.0e-01
   95 ,   2851 : 2.7274654787856e+00 +(5e+00,6e+01) | 5.29e+01 |  1:1.2e-02  6:1.8e-01
   96 ,   2881 : 2.7617176605364e+00 +(1e+01,6e+01) | 5.25e+01 |  1:9.3e-03  6:1.4e-01
   97 ,   2911 : 2.5522403194523e+00 +(4e+00,1e+03) | 4.99e+01 |  1:9.1e-03  6:1.4e-01
   98 ,   2941 : 2.7054702493153e+00 +(3e+00,1e+02) | 5.09e+01 |  1:8.5e-03  6:1.3e-01
   99 ,   2971 : 2.7402762371879e+00 +(2e+00,2e+02) | 5.37e+01 |  1:8.9e-03  6:1.4e-01
Iterat, #Fevals:   Function Value    (median,worst) |Axis Ratio|idx:Min SD idx:Max SD
  100 ,   3001 : 2.5773379827440e+00 +(5e+00,5e+01) | 5.82e+01 |  1:8.5e-03  6:1.5e-01
  101 ,   3031 : 2.7259417835789e+00 +(3e+00,4e+01) | 5.95e+01 |  1:6.4e-03  6:1.1e-01
  102 ,   3061 : 2.5910733382164e+00 +(2e+00,2e+01) | 6.59e+01 |  1:6.8e-03  6:1.2e-01
  103 ,   3091 : 2.6994580824729e+00 +(2e+00,3e+01) | 7.06e+01 |  1:6.9e-03  6:1.3e-01
  104 ,   3121 : 2.5473809204688e+00 +(1e+00,2e+01) | 7.34e+01 |  1:6.8e-03  6:1.3e-01
  105 ,   3151 : 2.6157266315674e+00 +(2e+00,2e+01) | 7.80e+01 |  7:7.0e-03  6:1.4e-01
  106 ,   3181 : 2.5388129723819e+00 +(1e+00,1e+01) | 8.14e+01 |  7:8.6e-03  6:1.7e-01
  107 ,   3211 : 2.5606877417152e+00 +(2e+00,8e+01) | 8.22e+01 |  7:7.9e-03  6:1.7e-01
  108 ,   3241 : 2.6455150818203e+00 +(2e+00,2e+01) | 8.54e+01 |  7:6.5e-03  6:1.4e-01
  109 ,   3271 : 2.6036011931493e+00 +(1e+00,1e+01) | 9.21e+01 |  7:5.9e-03  6:1.4e-01
Iterat, #Fevals:   Function Value    (median,worst) |Axis Ratio|idx:Min SD idx:Max SD
  110 ,   3301 : 2.5421708917990e+00 +(1e+00,8e+00) | 1.01e+02 |  7:5.6e-03  6:1.5e-01
  111 ,   3331 : 2.5465052005938e+00 +(6e-01,6e+00) | 1.02e+02 |  7:5.5e-03  6:1.5e-01
  112 ,   3361 : 2.5269854826254e+00 +(7e-01,8e+00) | 9.89e+01 |  7:4.8e-03  6:1.3e-01
  113 ,   3391 : 2.5590957417755e+00 +(3e-01,5e+00) | 1.13e+02 |  7:4.7e-03  6:1.5e-01
  114 ,   3421 : 2.5123151496657e+00 +(1e+00,5e+00) | 1.23e+02 |  7:4.6e-03  6:1.6e-01
  115 ,   3451 : 2.5281738692615e+00 +(8e-01,5e+00) | 1.24e+02 |  7:3.7e-03  6:1.3e-01
  116 ,   3481 : 2.6323730647572e+00 +(4e-01,3e+00) | 1.26e+02 |  7:3.7e-03  6:1.3e-01
  117 ,   3511 : 2.5188369017669e+00 +(5e-01,3e+00) | 1.33e+02 |  7:3.5e-03  6:1.3e-01
  118 ,   3541 : 2.5367472935802e+00 +(2e-01,5e+00) | 1.40e+02 |  7:3.4e-03  6:1.3e-01
  119 ,   3571 : 2.5343406889343e+00 +(4e-01,5e+00) | 1.48e+02 |  7:3.0e-03  6:1.2e-01
Iterat, #Fevals:   Function Value    (median,worst) |Axis Ratio|idx:Min SD idx:Max SD
  120 ,   3601 : 2.5225644047605e+00 +(2e-01,1e+00) | 1.56e+02 |  7:2.6e-03  6:1.1e-01
  121 ,   3631 : 2.5409327095451e+00 +(3e-01,9e-01) | 1.59e+02 |  7:2.4e-03  6:1.0e-01
  122 ,   3661 : 2.5285782924303e+00 +(1e-01,1e+00) | 1.64e+02 |  7:2.3e-03  6:9.9e-02
  123 ,   3691 : 2.5200307589864e+00 +(1e-01,1e+00) | 1.65e+02 |  7:2.0e-03  6:9.1e-02
  124 ,   3721 : 2.5203010414920e+00 +(1e-01,7e-01) | 1.65e+02 |  7:1.8e-03  6:8.1e-02
  125 ,   3751 : 2.5198774770038e+00 +(1e-01,6e-01) | 1.71e+02 |  7:1.6e-03  6:7.1e-02
  126 ,   3781 : 2.5173398197292e+00 +(8e-02,5e-01) | 1.83e+02 |  7:1.4e-03  6:7.0e-02
  127 ,   3811 : 2.5313710714786e+00 +(3e-02,5e-01) | 1.92e+02 |  7:1.5e-03  6:7.6e-02
  128 ,   3841 : 2.5244742144651e+00 +(5e-02,1e+00) | 2.07e+02 |  7:1.5e-03  6:7.9e-02
  129 ,   3871 : 2.5171023962212e+00 +(6e-02,4e-01) | 2.12e+02 |  7:1.3e-03  6:7.2e-02
Iterat, #Fevals:   Function Value    (median,worst) |Axis Ratio|idx:Min SD idx:Max SD
  130 ,   3901 : 2.5275175895316e+00 +(8e-02,5e-01) | 2.27e+02 |  7:1.2e-03  6:6.9e-02
  131 ,   3931 : 2.5201403452954e+00 +(4e-02,4e-01) | 2.36e+02 |  7:1.2e-03  6:6.9e-02
  132 ,   3961 : 2.5242874813349e+00 +(3e-02,4e-01) | 2.42e+02 |  7:1.1e-03  6:6.4e-02
  133 ,   3991 : 2.5102852387684e+00 +(5e-02,2e-01) | 2.58e+02 |  7:9.5e-04  6:6.2e-02
  134 ,   4021 : 2.5170543187774e+00 +(3e-02,1e-01) | 2.72e+02 |  7:8.9e-04  6:6.1e-02
  135 ,   4051 : 2.5144749569509e+00 +(4e-02,2e-01) | 2.93e+02 |  7:8.0e-04  6:5.9e-02
  136 ,   4081 : 2.5107388606020e+00 +(2e-02,1e-01) | 3.31e+02 |  7:8.3e-04  6:6.8e-02
  137 ,   4111 : 2.5114300407737e+00 +(4e-02,2e-01) | 3.63e+02 |  7:7.0e-04  6:6.3e-02
  138 ,   4141 : 2.5091248503386e+00 +(2e-02,2e-01) | 3.97e+02 |  7:7.2e-04  6:7.0e-02
  139 ,   4171 : 2.5055928540298e+00 +(2e-02,1e-01) | 4.27e+02 |  7:7.3e-04  6:7.7e-02
Iterat, #Fevals:   Function Value    (median,worst) |Axis Ratio|idx:Min SD idx:Max SD
  140 ,   4201 : 2.5138765277125e+00 +(2e-02,2e-01) | 4.48e+02 |  7:7.7e-04  6:8.4e-02
  141 ,   4231 : 2.5121785027501e+00 +(2e-02,2e-01) | 5.08e+02 |  7:7.7e-04  6:9.4e-02
  142 ,   4261 : 2.5138973193086e+00 +(4e-02,5e-01) | 5.29e+02 |  7:7.0e-04  6:8.8e-02
  143 ,   4291 : 2.5055985705174e+00 +(3e-02,1e-01) | 5.37e+02 |  7:7.1e-04  6:9.4e-02
  144 ,   4321 : 2.5014967479465e+00 +(3e-02,1e-01) | 5.57e+02 |  7:7.3e-04  6:1.0e-01
  145 ,   4351 : 2.5052355638345e+00 +(2e-02,3e-01) | 5.57e+02 |  7:7.2e-04  6:1.0e-01
  146 ,   4381 : 2.5053665823678e+00 +(2e-02,3e-01) | 5.47e+02 |  7:6.6e-04  6:9.3e-02
  147 ,   4411 : 2.5073729227344e+00 +(2e-02,2e-01) | 5.99e+02 |  7:6.3e-04  6:9.5e-02
  148 ,   4441 : 2.4969316740973e+00 +(2e-02,1e-01) | 6.55e+02 |  7:7.0e-04  6:1.2e-01
  149 ,   4471 : 2.5019597161783e+00 +(3e-02,2e-01) | 6.89e+02 |  7:8.2e-04  6:1.5e-01
Iterat, #Fevals:   Function Value    (median,worst) |Axis Ratio|idx:Min SD idx:Max SD
  150 ,   4501 : 2.4972034918100e+00 +(4e-02,3e-01) | 7.12e+02 |  7:8.0e-04  6:1.5e-01
  151 ,   4531 : 2.4959438265412e+00 +(3e-02,4e-01) | 7.33e+02 |  7:6.5e-04  6:1.2e-01
  152 ,   4561 : 2.4914245624292e+00 +(3e-02,1e-01) | 7.55e+02 |  7:5.8e-04  6:1.1e-01
  153 ,   4591 : 2.4877203441967e+00 +(2e-02,2e-01) | 8.23e+02 |  7:6.7e-04  6:1.4e-01
  154 ,   4621 : 2.4972723959935e+00 +(3e-02,3e-01) | 8.48e+02 |  7:6.0e-04  6:1.3e-01
  155 ,   4651 : 2.4894361647542e+00 +(3e-02,2e-01) | 8.78e+02 |  7:6.0e-04  6:1.4e-01
  156 ,   4681 : 2.4881060487884e+00 +(3e-02,1e+00) | 8.88e+02 |  7:6.1e-04  6:1.3e-01
  157 ,   4711 : 2.4903883292501e+00 +(3e-02,5e-01) | 9.14e+02 |  7:6.2e-04  6:1.5e-01
  158 ,   4741 : 2.4849138394112e+00 +(3e-02,5e-01) | 9.24e+02 |  7:5.5e-04  6:1.3e-01
  159 ,   4771 : 2.4835368168916e+00 +(3e-02,3e-01) | 9.37e+02 |  7:5.0e-04  6:1.3e-01
Iterat, #Fevals:   Function Value    (median,worst) |Axis Ratio|idx:Min SD idx:Max SD
  160 ,   4801 : 2.4828985926678e+00 +(2e-02,3e-01) | 1.00e+03 |  7:5.1e-04  6:1.4e-01
  161 ,   4831 : 2.4847960090657e+00 +(3e-02,3e-01) | 1.03e+03 |  7:5.7e-04  6:1.6e-01
  162 ,   4861 : 2.4762303329493e+00 +(3e-02,5e-01) | 1.04e+03 |  7:5.4e-04  6:1.5e-01
  163 ,   4891 : 2.4860193113780e+00 +(1e-02,1e-01) | 1.07e+03 |  7:5.3e-04  6:1.5e-01
  164 ,   4921 : 2.4794007502747e+00 +(2e-02,8e-02) | 1.11e+03 |  7:5.1e-04  6:1.5e-01
  165 ,   4951 : 2.4827852763758e+00 +(1e-02,2e-01) | 1.15e+03 |  7:5.4e-04  6:1.6e-01
  166 ,   4981 : 2.4591869561767e+00 +(4e-02,2e-01) | 1.18e+03 |  7:5.5e-04  6:1.7e-01
  167 ,   5011 : 2.4801827246503e+00 +(2e-02,2e-01) | 1.20e+03 |  7:4.5e-04  6:1.4e-01
  168 ,   5041 : 2.4719528953596e+00 +(2e-02,1e-01) | 1.24e+03 |  7:4.2e-04  6:1.4e-01
  169 ,   5071 : 2.4767524818727e+00 +(1e-02,1e-01) | 1.20e+03 |  7:3.6e-04  6:1.2e-01
Iterat, #Fevals:   Function Value    (median,worst) |Axis Ratio|idx:Min SD idx:Max SD
  170 ,   5101 : 2.4713400456718e+00 +(2e-02,9e-02) | 1.14e+03 |  7:3.6e-04  6:1.2e-01
  171 ,   5131 : 2.4758747951990e+00 +(1e-02,7e-02) | 1.11e+03 |  7:3.7e-04  6:1.2e-01
  172 ,   5161 : 2.4720992380806e+00 +(2e-02,9e-02) | 1.18e+03 |  7:3.6e-04  6:1.2e-01
  173 ,   5191 : 2.4678148899348e+00 +(2e-02,9e-02) | 1.18e+03 |  7:3.4e-04  6:1.2e-01
  174 ,   5221 : 2.4723927447881e+00 +(1e-02,9e-02) | 1.27e+03 |  7:3.2e-04  6:1.2e-01
  175 ,   5251 : 2.4655795299443e+00 +(2e-02,6e-02) | 1.38e+03 |  7:3.4e-04  6:1.2e-01
  176 ,   5281 : 2.4700850324862e+00 +(1e-02,6e-02) | 1.43e+03 |  7:2.9e-04  6:1.1e-01
  177 ,   5311 : 2.4670609871635e+00 +(1e-02,5e-02) | 1.48e+03 |  7:2.6e-04  6:1.0e-01
  178 ,   5341 : 2.4621799513239e+00 +(1e-02,5e-02) | 1.52e+03 |  7:2.5e-04  6:1.0e-01
  179 ,   5371 : 2.4599402901730e+00 +(2e-02,7e-02) | 1.64e+03 |  7:2.7e-04  6:1.1e-01
Iterat, #Fevals:   Function Value    (median,worst) |Axis Ratio|idx:Min SD idx:Max SD
  180 ,   5401 : 2.4594273814682e+00 +(1e-02,3e-02) | 1.71e+03 |  7:3.1e-04  6:1.3e-01
  181 ,   5431 : 2.4591855602674e+00 +(2e-02,5e-02) | 1.84e+03 |  7:3.2e-04  6:1.4e-01
  182 ,   5461 : 2.4568878477444e+00 +(1e-02,5e-02) | 1.92e+03 |  7:2.9e-04  6:1.3e-01
  183 ,   5491 : 2.4549769009331e+00 +(2e-02,4e-02) | 2.06e+03 |  7:3.2e-04  6:1.4e-01
  184 ,   5521 : 2.4590671961403e+00 +(1e-02,4e-02) | 2.15e+03 |  7:3.0e-04  6:1.4e-01
  185 ,   5551 : 2.4553807137359e+00 +(2e-02,6e-02) | 2.12e+03 |  7:2.9e-04  6:1.3e-01
  186 ,   5581 : 2.4486833592751e+00 +(2e-02,6e-02) | 2.18e+03 |  7:3.2e-04  6:1.5e-01
  187 ,   5611 : 2.4480808916997e+00 +(2e-02,5e-02) | 2.27e+03 |  7:3.4e-04  6:1.6e-01
  188 ,   5641 : 2.4530508100832e+00 +(2e-02,1e-01) | 2.23e+03 |  7:2.8e-04  6:1.3e-01
  189 ,   5671 : 2.4574686367294e+00 +(9e-03,6e-02) | 2.38e+03 |  7:2.9e-04  6:1.4e-01
Iterat, #Fevals:   Function Value    (median,worst) |Axis Ratio|idx:Min SD idx:Max SD
  190 ,   5701 : 2.4581045856431e+00 +(1e-02,4e-02) | 2.39e+03 |  7:2.7e-04  6:1.3e-01
  191 ,   5731 : 2.4515665844167e+00 +(2e-02,5e-02) | 2.45e+03 |  7:2.5e-04  6:1.2e-01
  192 ,   5761 : 2.4553062569101e+00 +(1e-02,3e-02) | 2.53e+03 |  7:2.3e-04  6:1.1e-01
  193 ,   5791 : 2.4567383905371e+00 +(8e-03,3e-02) | 2.54e+03 |  7:2.2e-04  6:1.1e-01
  194 ,   5821 : 2.4580307513914e+00 +(8e-03,3e-02) | 2.68e+03 |  7:2.1e-04  6:1.1e-01
  195 ,   5851 : 2.4499290957408e+00 +(1e-02,4e-02) | 2.98e+03 |  7:2.3e-04  6:1.2e-01
  196 ,   5881 : 2.4516604398813e+00 +(1e-02,3e-02) | 3.13e+03 |  7:2.4e-04  6:1.3e-01
  197 ,   5911 : 2.4485654418865e+00 +(2e-02,3e-02) | 3.35e+03 |  7:2.4e-04  6:1.4e-01
  198 ,   5941 : 2.4498665848533e+00 +(1e-02,4e-02) | 3.99e+03 |  7:3.0e-04  6:1.9e-01
  199 ,   5971 : 2.4462754582923e+00 +(2e-02,4e-02) | 4.18e+03 |  7:3.0e-04  6:1.9e-01
Iterat, #Fevals:   Function Value    (median,worst) |Axis Ratio|idx:Min SD idx:Max SD
  200 ,   6001 : 2.4459882412529e+00 +(2e-02,4e-02) | 4.35e+03 |  7:3.0e-04  6:1.9e-01
  201 ,   6031 : 2.4472935234547e+00 +(1e-02,5e-02) | 4.63e+03 |  7:3.2e-04  6:2.0e-01
  202 ,   6061 : 2.4422769569175e+00 +(2e-02,4e-02) | 4.62e+03 |  7:3.3e-04  6:2.1e-01
  203 ,   6091 : 2.4437146156050e+00 +(2e-02,4e-02) | 4.67e+03 |  7:3.0e-04  6:1.9e-01
  204 ,   6121 : 2.4429687082959e+00 +(1e-02,5e-02) | 4.83e+03 |  7:3.2e-04  6:2.1e-01
  205 ,   6151 : 2.4397442235401e+00 +(2e-02,5e-02) | 5.24e+03 |  7:3.3e-04  6:2.2e-01
  206 ,   6181 : 2.4442250976547e+00 +(1e-02,3e-02) | 5.14e+03 |  7:3.0e-04  6:2.0e-01
  207 ,   6211 : 2.4427406524780e+00 +(2e-02,3e-02) | 5.16e+03 |  7:3.0e-04  6:1.9e-01
  208 ,   6241 : 2.4427768824499e+00 +(1e-02,4e-02) | 5.03e+03 |  7:3.1e-04  6:2.0e-01
  209 ,   6271 : 2.4415314800518e+00 +(2e-02,3e-02) | 5.06e+03 |  7:2.8e-04  6:1.8e-01
Iterat, #Fevals:   Function Value    (median,worst) |Axis Ratio|idx:Min SD idx:Max SD
  210 ,   6301 : 2.4439701931236e+00 +(2e-02,3e-02) | 5.20e+03 |  7:2.3e-04  6:1.5e-01
  211 ,   6331 : 2.4463801166390e+00 +(1e-02,2e-02) | 5.08e+03 |  7:2.2e-04  6:1.4e-01
  212 ,   6361 : 2.4442266496162e+00 +(1e-02,3e-02) | 5.13e+03 |  7:2.1e-04  6:1.3e-01
  213 ,   6391 : 2.4433326630723e+00 +(1e-02,3e-02) | 4.98e+03 |  7:2.2e-04  6:1.4e-01
  214 ,   6421 : 2.4473049439935e+00 +(9e-03,3e-02) | 5.16e+03 |  7:1.9e-04  6:1.2e-01
  215 ,   6451 : 2.4415178687779e+00 +(1e-02,2e-02) | 5.22e+03 |  7:1.6e-04  6:1.0e-01
  216 ,   6481 : 2.4393530540852e+00 +(2e-02,3e-02) | 5.51e+03 |  7:1.5e-04  6:9.2e-02
  217 ,   6511 : 2.4490778750377e+00 +(6e-03,2e-02) | 5.48e+03 |  7:1.4e-04  6:8.6e-02
  218 ,   6541 : 2.4476182870562e+00 +(9e-03,2e-02) | 5.37e+03 |  7:1.4e-04  6:8.2e-02
  219 ,   6571 : 2.4370156370498e+00 +(2e-02,3e-02) | 5.50e+03 |  7:1.4e-04  6:8.3e-02
Iterat, #Fevals:   Function Value    (median,worst) |Axis Ratio|idx:Min SD idx:Max SD
  220 ,   6601 : 2.4427246359969e+00 +(2e-02,3e-02) | 5.60e+03 |  7:1.5e-04  6:9.1e-02
  221 ,   6631 : 2.4314605728310e+00 +(2e-02,3e-02) | 5.53e+03 |  7:1.5e-04  6:9.6e-02
  222 ,   6661 : 2.4429797077365e+00 +(1e-02,3e-02) | 5.63e+03 |  7:1.5e-04  6:9.7e-02
  223 ,   6691 : 2.4436096954152e+00 +(1e-02,2e-02) | 5.66e+03 |  7:1.5e-04  6:9.8e-02
  224 ,   6721 : 2.4386287722420e+00 +(1e-02,3e-02) | 6.01e+03 |  7:1.5e-04  6:9.5e-02
  225 ,   6751 : 2.4393184759696e+00 +(2e-02,3e-02) | 5.88e+03 |  7:1.4e-04  6:9.0e-02
  226 ,   6781 : 2.4430571057703e+00 +(1e-02,3e-02) | 5.88e+03 |  7:1.4e-04  6:9.2e-02
  227 ,   6811 : 2.4389283235229e+00 +(1e-02,3e-02) | 6.35e+03 |  7:1.5e-04  6:9.7e-02
  228 ,   6841 : 2.4373104519383e+00 +(2e-02,3e-02) | 6.71e+03 |  7:1.3e-04  6:9.2e-02
  229 ,   6871 : 2.4427477005982e+00 +(1e-02,2e-02) | 6.34e+03 |  7:1.4e-04  6:9.5e-02
Iterat, #Fevals:   Function Value    (median,worst) |Axis Ratio|idx:Min SD idx:Max SD
  230 ,   6901 : 2.4400607887189e+00 +(2e-02,2e-02) | 6.00e+03 |  7:1.7e-04  6:1.2e-01
  231 ,   6931 : 2.4491847659161e+00 +(9e-03,2e-02) | 6.06e+03 |  7:1.8e-04  6:1.3e-01
  232 ,   6961 : 2.4389015222279e+00 +(2e-02,3e-02) | 6.23e+03 |  7:1.8e-04  6:1.3e-01
  233 ,   6991 : 2.4459078102394e+00 +(1e-02,2e-02) | 6.37e+03 |  7:1.7e-04  6:1.3e-01
  234 ,   7021 : 2.4419646642541e+00 +(1e-02,3e-02) | 6.00e+03 |  7:1.7e-04  6:1.3e-01
  235 ,   7051 : 2.4445960888294e+00 +(1e-02,2e-02) | 6.15e+03 |  7:1.7e-04  6:1.2e-01
  236 ,   7081 : 2.4425791055393e+00 +(2e-02,2e-02) | 6.20e+03 |  7:1.5e-04  6:1.1e-01
  237 ,   7111 : 2.4395288523886e+00 +(2e-02,3e-02) | 6.49e+03 |  7:1.5e-04  6:1.0e-01
  238 ,   7141 : 2.4354993714352e+00 +(2e-02,3e-02) | 6.79e+03 |  7:1.6e-04  6:1.1e-01
  239 ,   7171 : 2.4415776150120e+00 +(1e-02,3e-02) | 7.32e+03 |  7:1.9e-04  6:1.4e-01
Iterat, #Fevals:   Function Value    (median,worst) |Axis Ratio|idx:Min SD idx:Max SD
  240 ,   7201 : 2.4430252252367e+00 +(1e-02,2e-02) | 7.59e+03 |  7:2.3e-04  6:1.7e-01
  241 ,   7231 : 2.4387847131017e+00 +(2e-02,2e-02) | 7.16e+03 |  7:2.6e-04  6:2.0e-01
  242 ,   7261 : 2.4381056482881e+00 +(2e-02,3e-02) | 7.17e+03 |  7:2.6e-04  6:2.0e-01
  243 ,   7291 : 2.4432818439924e+00 +(1e-02,2e-02) | 7.28e+03 |  7:2.5e-04  6:1.9e-01
  244 ,   7321 : 2.4446444347037e+00 +(1e-02,2e-02) | 7.50e+03 |  7:2.9e-04  6:2.1e-01
  245 ,   7351 : 2.4371331928101e+00 +(2e-02,3e-02) | 7.54e+03 |  7:3.4e-04  6:2.6e-01
  246 ,   7381 : 2.4364965793730e+00 +(2e-02,4e-02) | 7.52e+03 |  7:3.8e-04  6:2.9e-01
  247 ,   7411 : 2.4423846324598e+00 +(1e-02,6e-02) | 7.35e+03 |  7:3.6e-04  6:2.8e-01
  248 ,   7441 : 2.4368655721249e+00 +(2e-02,7e-02) | 7.27e+03 |  7:3.6e-04  6:2.8e-01
  249 ,   7471 : 2.4384971430844e+00 +(2e-02,3e-02) | 7.27e+03 |  7:3.7e-04  6:2.9e-01
Iterat, #Fevals:   Function Value    (median,worst) |Axis Ratio|idx:Min SD idx:Max SD
  250 ,   7501 : 2.4334820606442e+00 +(2e-02,6e-02) | 7.22e+03 |  7:3.6e-04  6:2.9e-01
  251 ,   7531 : 2.4389765513305e+00 +(2e-02,8e-02) | 7.11e+03 |  7:3.6e-04  6:2.8e-01
  252 ,   7561 : 2.4414385788263e+00 +(2e-02,4e-02) | 6.80e+03 |  7:3.1e-04  6:2.5e-01
  253 ,   7591 : 2.4404033216048e+00 +(2e-02,7e-02) | 6.89e+03 |  7:3.7e-04  6:2.9e-01
  254 ,   7621 : 2.4397805945719e+00 +(2e-02,8e-02) | 6.85e+03 |  7:3.5e-04  6:2.7e-01
  255 ,   7651 : 2.4392853708454e+00 +(2e-02,2e-01) | 6.28e+03 |  7:2.9e-04  6:2.2e-01
  256 ,   7681 : 2.4467049230068e+00 +(9e-03,3e-02) | 6.67e+03 |  7:3.2e-04  6:2.4e-01
  257 ,   7711 : 2.4440535227855e+00 +(1e-02,5e-02) | 6.28e+03 |  7:3.3e-04  6:2.5e-01
  258 ,   7741 : 2.4446438199837e+00 +(1e-02,2e-02) | 6.32e+03 |  7:3.2e-04  6:2.5e-01
  259 ,   7771 : 2.4418377616079e+00 +(1e-02,2e-02) | 6.50e+03 |  7:3.2e-04  6:2.5e-01
Iterat, #Fevals:   Function Value    (median,worst) |Axis Ratio|idx:Min SD idx:Max SD
  260 ,   7801 : 2.4341721394721e+00 +(2e-02,4e-02) | 6.34e+03 |  7:2.9e-04  6:2.3e-01
  261 ,   7831 : 2.4396890257770e+00 +(2e-02,3e-02) | 6.54e+03 |  7:2.9e-04  6:2.3e-01
  262 ,   7861 : 2.4388810633005e+00 +(2e-02,3e-02) | 6.85e+03 |  7:2.7e-04  6:2.1e-01
  263 ,   7891 : 2.4420685528399e+00 +(1e-02,3e-02) | 6.79e+03 |  7:2.5e-04  6:2.0e-01
  264 ,   7921 : 2.4419872634497e+00 +(2e-02,3e-02) | 6.96e+03 |  7:2.6e-04  6:2.0e-01
  265 ,   7951 : 2.4418615475177e+00 +(1e-02,2e-02) | 6.88e+03 |  7:2.5e-04  6:1.9e-01
  266 ,   7981 : 2.4430914328444e+00 +(1e-02,3e-02) | 6.99e+03 |  7:2.5e-04  6:1.9e-01
  267 ,   8011 : 2.4416564300912e+00 +(1e-02,3e-02) | 7.19e+03 |  7:2.4e-04  6:1.9e-01
  268 ,   8041 : 2.4361474864878e+00 +(2e-02,3e-02) | 7.14e+03 |  7:2.5e-04  6:2.0e-01
  269 ,   8071 : 2.4441974167096e+00 +(1e-02,2e-02) | 7.57e+03 |  7:2.8e-04  6:2.1e-01
Iterat, #Fevals:   Function Value    (median,worst) |Axis Ratio|idx:Min SD idx:Max SD
  270 ,   8101 : 2.4366050458829e+00 +(2e-02,3e-02) | 7.96e+03 |  7:3.1e-04  6:2.3e-01
  271 ,   8131 : 2.4377778750800e+00 +(2e-02,3e-02) | 8.10e+03 |  7:3.3e-04  6:2.4e-01
  272 ,   8161 : 2.4421359419436e+00 +(2e-02,3e-02) | 7.74e+03 |  7:2.9e-04  6:2.1e-01
  273 ,   8191 : 2.4351469434885e+00 +(2e-02,3e-02) | 8.12e+03 |  7:2.8e-04  6:2.1e-01
  274 ,   8221 : 2.4368100361307e+00 +(2e-02,3e-02) | 8.27e+03 |  7:2.5e-04  6:1.9e-01
  275 ,   8251 : 2.4393291449848e+00 +(1e-02,3e-02) | 8.47e+03 |  7:2.5e-04  6:1.8e-01
  276 ,   8281 : 2.4399946620837e+00 +(1e-02,2e-02) | 8.46e+03 |  7:2.4e-04  6:1.8e-01
  277 ,   8311 : 2.4392240072303e+00 +(2e-02,2e-02) | 8.20e+03 |  7:2.0e-04  6:1.5e-01
  278 ,   8341 : 2.4418805963836e+00 +(1e-02,2e-02) | 8.28e+03 |  7:2.2e-04  6:1.6e-01
  279 ,   8371 : 2.4324584920608e+00 +(2e-02,4e-02) | 8.28e+03 |  7:2.1e-04  6:1.5e-01
Iterat, #Fevals:   Function Value    (median,worst) |Axis Ratio|idx:Min SD idx:Max SD
  280 ,   8401 : 2.4464313972292e+00 +(7e-03,2e-02) | 8.55e+03 |  7:2.1e-04  6:1.6e-01
  281 ,   8431 : 2.4404444278745e+00 +(1e-02,2e-02) | 8.51e+03 |  7:2.1e-04  6:1.5e-01
  282 ,   8461 : 2.4426744007684e+00 +(1e-02,2e-02) | 8.40e+03 |  7:2.0e-04  6:1.5e-01
  283 ,   8491 : 2.4368997453612e+00 +(2e-02,3e-02) | 8.51e+03 |  7:1.7e-04  6:1.2e-01
  284 ,   8521 : 2.4392931920991e+00 +(1e-02,3e-02) | 8.02e+03 |  7:1.7e-04  6:1.2e-01
  285 ,   8551 : 2.4370843395141e+00 +(2e-02,3e-02) | 8.00e+03 |  7:1.7e-04  6:1.2e-01
  286 ,   8581 : 2.4366446551334e+00 +(2e-02,3e-02) | 8.22e+03 |  7:1.6e-04  6:1.2e-01
  287 ,   8611 : 2.4307412850701e+00 +(2e-02,4e-02) | 8.23e+03 |  7:1.7e-04  6:1.3e-01
  288 ,   8641 : 2.4422382940755e+00 +(1e-02,3e-02) | 9.31e+03 |  7:1.8e-04  6:1.4e-01
  289 ,   8671 : 2.4379626370407e+00 +(1e-02,2e-02) | 9.49e+03 |  7:1.9e-04  6:1.4e-01
Iterat, #Fevals:   Function Value    (median,worst) |Axis Ratio|idx:Min SD idx:Max SD
  290 ,   8701 : 2.4305368509735e+00 +(2e-02,4e-02) | 9.48e+03 |  7:1.7e-04  6:1.3e-01
  291 ,   8731 : 2.4378022538935e+00 +(1e-02,4e-02) | 9.95e+03 |  7:1.5e-04  6:1.2e-01
  292 ,   8761 : 2.4420568416669e+00 +(1e-02,3e-02) | 9.72e+03 |  7:1.4e-04  6:1.1e-01
  293 ,   8791 : 2.4390190469908e+00 +(1e-02,3e-02) | 9.55e+03 |  7:1.2e-04  6:9.4e-02
  294 ,   8821 : 2.4391886548858e+00 +(1e-02,2e-02) | 9.49e+03 |  7:1.3e-04  6:9.8e-02
  295 ,   8851 : 2.4370601421199e+00 +(2e-02,3e-02) | 1.07e+04 |  7:1.5e-04  6:1.2e-01
  296 ,   8881 : 2.4384410726113e+00 +(1e-02,3e-02) | 1.05e+04 |  7:1.5e-04  6:1.1e-01
  297 ,   8911 : 2.4415849359258e+00 +(1e-02,2e-02) | 1.11e+04 |  7:1.5e-04  6:1.2e-01
  298 ,   8941 : 2.4323786739962e+00 +(2e-02,3e-02) | 1.07e+04 |  7:1.4e-04  6:1.1e-01
  299 ,   8971 : 2.4358276231395e+00 +(2e-02,4e-02) | 1.05e+04 |  7:1.4e-04  6:1.1e-01
Iterat, #Fevals:   Function Value    (median,worst) |Axis Ratio|idx:Min SD idx:Max SD
  300 ,   9001 : 2.4409370312679e+00 +(1e-02,2e-02) | 1.04e+04 |  7:1.3e-04  6:9.9e-02
  301 ,   9031 : 2.4378070420384e+00 +(1e-02,3e-02) | 9.85e+03 |  7:1.4e-04  6:1.0e-01
  302 ,   9061 : 2.4357119470179e+00 +(2e-02,3e-02) | 9.85e+03 |  7:1.3e-04  6:1.0e-01
  303 ,   9091 : 2.4388982451265e+00 +(2e-02,3e-02) | 1.04e+04 |  7:1.4e-04  6:1.0e-01
  304 ,   9121 : 2.4350498556011e+00 +(2e-02,3e-02) | 9.85e+03 |  7:1.3e-04  6:1.0e-01
  305 ,   9151 : 2.4378554779851e+00 +(2e-02,3e-02) | 9.42e+03 |  7:1.3e-04  6:9.5e-02
  306 ,   9181 : 2.4339801723719e+00 +(2e-02,4e-02) | 9.05e+03 |  7:1.3e-04  6:1.0e-01
  307 ,   9211 : 2.4364300593953e+00 +(2e-02,3e-02) | 8.91e+03 |  7:1.3e-04  6:9.6e-02
  308 ,   9241 : 2.4359520983935e+00 +(2e-02,3e-02) | 8.51e+03 |  7:1.1e-04  6:8.3e-02
  309 ,   9271 : 2.4388824807536e+00 +(2e-02,3e-02) | 8.48e+03 |  7:1.2e-04  6:8.7e-02
Iterat, #Fevals:   Function Value    (median,worst) |Axis Ratio|idx:Min SD idx:Max SD
  310 ,   9301 : 2.4394638860143e+00 +(1e-02,3e-02) | 8.12e+03 |  7:1.0e-04  6:7.4e-02
  311 ,   9331 : 2.4414310217975e+00 +(1e-02,3e-02) | 8.18e+03 |  7:9.7e-05  6:6.9e-02
  312 ,   9361 : 2.4329273122429e+00 +(2e-02,4e-02) | 8.51e+03 |  7:1.0e-04  6:7.2e-02
  313 ,   9391 : 2.4440825416121e+00 +(9e-03,2e-02) | 8.30e+03 |  7:1.0e-04  6:7.1e-02
  314 ,   9421 : 2.4285776112275e+00 +(2e-02,4e-02) | 8.40e+03 |  7:9.9e-05  6:6.8e-02
  315 ,   9451 : 2.4384106185484e+00 +(2e-02,3e-02) | 8.18e+03 |  7:1.2e-04  6:8.5e-02
  316 ,   9481 : 2.4455421088236e+00 +(9e-03,2e-02) | 8.15e+03 |  7:1.4e-04  6:9.6e-02
  317 ,   9511 : 2.4366564856186e+00 +(2e-02,3e-02) | 7.94e+03 |  7:1.3e-04  6:9.0e-02
  318 ,   9541 : 2.4452084135513e+00 +(8e-03,2e-02) | 8.07e+03 |  7:1.4e-04  6:9.8e-02
  319 ,   9571 : 2.4400920999223e+00 +(1e-02,2e-02) | 8.47e+03 |  7:1.4e-04  6:9.8e-02
Iterat, #Fevals:   Function Value    (median,worst) |Axis Ratio|idx:Min SD idx:Max SD
  320 ,   9601 : 2.4369022239940e+00 +(2e-02,3e-02) | 8.35e+03 |  7:1.4e-04  6:9.9e-02
  321 ,   9631 : 2.4439208388987e+00 +(9e-03,2e-02) | 8.68e+03 |  7:1.6e-04  6:1.1e-01
  322 ,   9661 : 2.4430267303937e+00 +(1e-02,2e-02) | 8.80e+03 |  7:1.7e-04  6:1.1e-01
  323 ,   9691 : 2.4342519050195e+00 +(2e-02,3e-02) | 9.03e+03 |  7:1.9e-04  6:1.3e-01
  324 ,   9721 : 2.4396831517050e+00 +(1e-02,2e-02) | 8.77e+03 |  7:1.8e-04  6:1.2e-01
  325 ,   9751 : 2.4425917570540e+00 +(1e-02,3e-02) | 8.85e+03 |  7:1.8e-04  6:1.2e-01
  326 ,   9781 : 2.4421807692153e+00 +(1e-02,2e-02) | 9.03e+03 |  7:1.7e-04  6:1.1e-01
  327 ,   9811 : 2.4448629660740e+00 +(9e-03,2e-02) | 9.51e+03 |  7:1.8e-04  6:1.2e-01
  328 ,   9841 : 2.4364194636628e+00 +(2e-02,3e-02) | 1.02e+04 |  7:1.8e-04  6:1.2e-01
  329 ,   9871 : 2.4449515597660e+00 +(9e-03,2e-02) | 1.06e+04 |  7:1.7e-04  6:1.1e-01
Iterat, #Fevals:   Function Value    (median,worst) |Axis Ratio|idx:Min SD idx:Max SD
  330 ,   9901 : 2.4371323435994e+00 +(2e-02,3e-02) | 1.06e+04 |  7:1.7e-04  6:1.1e-01
  331 ,   9931 : 2.4239189117868e+00 +(3e-02,4e-02) | 1.03e+04 |  7:1.8e-04  6:1.2e-01
  332 ,   9961 : 2.4320167419358e+00 +(2e-02,4e-02) | 9.66e+03 |  7:1.7e-04  6:1.1e-01
  333 ,   9991 : 2.4238697714970e+00 +(3e-02,5e-02) | 9.14e+03 |  7:1.7e-04  6:1.1e-01
  334 ,  10021 : 2.4385726148390e+00 +(1e-02,2e-02) | 9.21e+03 |  7:1.4e-04  6:9.4e-02
  335 ,  10051 : 2.4406217147342e+00 +(1e-02,2e-02) | 9.14e+03 |  7:1.3e-04  6:8.8e-02
  336 ,  10081 : 2.4371502826572e+00 +(2e-02,4e-02) | 8.84e+03 |  7:1.2e-04  6:7.6e-02
  337 ,  10111 : 2.4380285911746e+00 +(2e-02,3e-02) | 8.75e+03 |  7:9.9e-05  6:6.5e-02
  338 ,  10141 : 2.4358684337254e+00 +(2e-02,3e-02) | 8.36e+03 |  7:9.6e-05  6:6.5e-02
  339 ,  10171 : 2.4353183354505e+00 +(2e-02,3e-02) | 8.13e+03 |  7:9.5e-05  6:6.3e-02
Iterat, #Fevals:   Function Value    (median,worst) |Axis Ratio|idx:Min SD idx:Max SD
  340 ,  10201 : 2.4396428063991e+00 +(1e-02,3e-02) | 8.60e+03 |  7:1.0e-04  6:6.8e-02
  341 ,  10231 : 2.4331360124452e+00 +(1e-02,3e-02) | 8.20e+03 |  7:9.4e-05  6:6.1e-02
  342 ,  10261 : 2.4338956251283e+00 +(2e-02,3e-02) | 8.68e+03 |  7:8.3e-05  6:5.6e-02
  343 ,  10291 : 2.4374145197553e+00 +(1e-02,3e-02) | 8.29e+03 |  7:8.5e-05  6:5.4e-02
  344 ,  10321 : 2.4303930118649e+00 +(2e-02,3e-02) | 8.37e+03 |  7:8.7e-05  6:5.4e-02
  345 ,  10351 : 2.4320640770864e+00 +(2e-02,3e-02) | 8.86e+03 |  7:8.9e-05  6:5.6e-02
  346 ,  10381 : 2.4279404615652e+00 +(2e-02,3e-02) | 8.93e+03 |  7:8.3e-05  6:5.2e-02
  347 ,  10411 : 2.4364298725003e+00 +(1e-02,3e-02) | 8.52e+03 |  7:8.0e-05  6:4.9e-02
  348 ,  10441 : 2.4294409925160e+00 +(2e-02,4e-02) | 8.66e+03 |  7:7.3e-05  6:4.4e-02
  349 ,  10471 : 2.4328432973886e+00 +(2e-02,3e-02) | 8.73e+03 |  7:6.6e-05  6:4.0e-02
Iterat, #Fevals:   Function Value    (median,worst) |Axis Ratio|idx:Min SD idx:Max SD
  350 ,  10501 : 2.4329604828342e+00 +(2e-02,3e-02) | 8.69e+03 |  7:5.9e-05  6:3.5e-02
  351 ,  10531 : 2.4326384066742e+00 +(2e-02,3e-02) | 8.64e+03 |  7:5.5e-05  6:3.2e-02
  352 ,  10561 : 2.4344160213414e+00 +(1e-02,3e-02) | 8.61e+03 |  7:4.9e-05  6:2.9e-02
  353 ,  10591 : 2.4349315127377e+00 +(1e-02,3e-02) | 8.74e+03 |  7:4.4e-05  6:2.5e-02
  354 ,  10621 : 2.4337547796132e+00 +(1e-02,3e-02) | 8.57e+03 |  7:3.9e-05  6:2.3e-02
  355 ,  10651 : 2.4280183201946e+00 +(2e-02,4e-02) | 8.31e+03 |  7:4.1e-05  6:2.4e-02
  356 ,  10681 : 2.4295688285589e+00 +(2e-02,4e-02) | 8.09e+03 |  7:4.2e-05  6:2.4e-02
  357 ,  10711 : 2.4325794545834e+00 +(2e-02,4e-02) | 7.88e+03 |  7:5.5e-05  6:2.7e-02
  358 ,  10741 : 2.4364174526646e+00 +(1e-02,2e-02) | 7.87e+03 |  7:6.2e-05  6:3.0e-02
  359 ,  10771 : 2.4356897786396e+00 +(1e-02,3e-02) | 7.70e+03 |  7:6.0e-05  6:2.7e-02
Iterat, #Fevals:   Function Value    (median,worst) |Axis Ratio|idx:Min SD idx:Max SD
  360 ,  10801 : 2.4349954631357e+00 +(2e-02,3e-02) | 7.57e+03 |  7:6.5e-05  6:2.9e-02
  361 ,  10831 : 2.4334207926372e+00 +(2e-02,4e-02) | 7.50e+03 |  7:6.0e-05  6:2.7e-02
  362 ,  10861 : 2.4307645734144e+00 +(2e-02,3e-02) | 7.88e+03 |  7:6.3e-05  6:2.9e-02
  363 ,  10891 : 2.4315979970484e+00 +(2e-02,4e-02) | 7.76e+03 |  7:7.9e-05  6:3.7e-02
  364 ,  10921 : 2.4370546087212e+00 +(1e-02,3e-02) | 7.48e+03 |  7:9.7e-05  6:4.5e-02
  365 ,  10951 : 2.4329343722763e+00 +(2e-02,3e-02) | 7.39e+03 |  7:8.8e-05  6:4.0e-02
  366 ,  10981 : 2.4387978575032e+00 +(1e-02,3e-02) | 7.60e+03 |  7:8.6e-05  6:4.1e-02
  367 ,  11011 : 2.4329306013879e+00 +(1e-02,3e-02) | 6.82e+03 |  7:9.2e-05  6:4.2e-02
  368 ,  11041 : 2.4315671330776e+00 +(2e-02,4e-02) | 6.64e+03 |  7:8.6e-05  6:4.1e-02
  369 ,  11071 : 2.4355286108695e+00 +(2e-02,4e-02) | 6.21e+03 |  7:8.9e-05  6:4.2e-02
Iterat, #Fevals:   Function Value    (median,worst) |Axis Ratio|idx:Min SD idx:Max SD
  370 ,  11101 : 2.4340695006303e+00 +(2e-02,3e-02) | 5.89e+03 |  7:8.7e-05  6:4.2e-02
  371 ,  11131 : 2.4338215409141e+00 +(2e-02,4e-02) | 5.67e+03 |  7:8.3e-05  6:4.0e-02
  372 ,  11161 : 2.4394538080903e+00 +(1e-02,3e-02) | 5.18e+03 |  7:8.1e-05  6:3.9e-02
  373 ,  11191 : 2.4328013554722e+00 +(2e-02,3e-02) | 5.33e+03 |  7:7.9e-05  6:3.7e-02
  374 ,  11221 : 2.4289118441182e+00 +(2e-02,3e-02) | 5.14e+03 |  7:8.1e-05  6:3.8e-02
  375 ,  11251 : 2.4347150319500e+00 +(2e-02,3e-02) | 5.03e+03 |  7:8.6e-05  6:4.1e-02
  376 ,  11281 : 2.4333791570072e+00 +(2e-02,3e-02) | 5.06e+03 |  7:8.9e-05  6:4.1e-02
  377 ,  11311 : 2.4357821955441e+00 +(1e-02,3e-02) | 5.13e+03 |  7:7.9e-05  6:3.7e-02
  378 ,  11341 : 2.4340840924470e+00 +(2e-02,4e-02) | 5.04e+03 |  7:7.1e-05  6:3.2e-02
  379 ,  11371 : 2.4330026660977e+00 +(2e-02,3e-02) | 4.80e+03 |  7:8.6e-05  6:4.1e-02
Iterat, #Fevals:   Function Value    (median,worst) |Axis Ratio|idx:Min SD idx:Max SD
  380 ,  11401 : 2.4356290363380e+00 +(1e-02,3e-02) | 4.84e+03 |  7:1.0e-04  6:4.8e-02
  381 ,  11431 : 2.4300562262703e+00 +(2e-02,4e-02) | 5.05e+03 |  7:1.0e-04  6:4.9e-02
  382 ,  11461 : 2.4317616671035e+00 +(2e-02,3e-02) | 5.20e+03 |  7:9.2e-05  6:4.5e-02
  383 ,  11491 : 2.4374159185445e+00 +(2e-02,3e-02) | 5.30e+03 |  7:8.4e-05  6:4.0e-02
  384 ,  11521 : 2.4330178069412e+00 +(1e-02,4e-02) | 5.25e+03 |  7:7.8e-05  6:3.7e-02
  385 ,  11551 : 2.4336582274677e+00 +(2e-02,3e-02) | 5.14e+03 |  7:7.4e-05  6:3.6e-02
  386 ,  11581 : 2.4337120208539e+00 +(2e-02,3e-02) | 4.86e+03 |  7:7.1e-05  6:3.5e-02
  387 ,  11611 : 2.4352513993066e+00 +(2e-02,3e-02) | 5.00e+03 |  7:6.6e-05  6:3.2e-02
  388 ,  11641 : 2.4277086939105e+00 +(2e-02,3e-02) | 5.19e+03 |  7:6.3e-05  6:3.1e-02
  389 ,  11671 : 2.4391176291240e+00 +(1e-02,3e-02) | 5.17e+03 |  7:6.1e-05  6:3.1e-02
Iterat, #Fevals:   Function Value    (median,worst) |Axis Ratio|idx:Min SD idx:Max SD
  390 ,  11701 : 2.4334145547943e+00 +(1e-02,3e-02) | 5.21e+03 |  7:6.0e-05  6:3.1e-02
  391 ,  11731 : 2.4353803114828e+00 +(2e-02,4e-02) | 5.09e+03 |  7:6.9e-05  6:3.5e-02
  392 ,  11761 : 2.4382314724245e+00 +(1e-02,3e-02) | 5.02e+03 |  7:7.4e-05  6:3.8e-02
  393 ,  11791 : 2.4283611315157e+00 +(2e-02,4e-02) | 4.76e+03 |  7:7.2e-05  6:3.7e-02
  394 ,  11821 : 2.4322832808555e+00 +(2e-02,3e-02) | 4.68e+03 |  7:7.1e-05  6:3.6e-02
  395 ,  11851 : 2.4329797236955e+00 +(2e-02,4e-02) | 4.62e+03 |  7:5.6e-05  6:2.9e-02
  396 ,  11881 : 2.4318297686435e+00 +(2e-02,4e-02) | 4.91e+03 |  7:5.3e-05  6:2.9e-02
  397 ,  11911 : 2.4337575760858e+00 +(2e-02,4e-02) | 5.34e+03 |  7:5.5e-05  6:3.2e-02
  398 ,  11941 : 2.4272018725395e+00 +(2e-02,4e-02) | 5.55e+03 |  7:4.9e-05  6:2.9e-02
  399 ,  11971 : 2.4351165791973e+00 +(1e-02,3e-02) | 5.74e+03 |  7:4.4e-05  6:2.6e-02
Iterat, #Fevals:   Function Value    (median,worst) |Axis Ratio|idx:Min SD idx:Max SD
  400 ,  12001 : 2.4342306044301e+00 +(2e-02,3e-02) | 5.70e+03 |  7:4.0e-05  6:2.3e-02
  401 ,  12031 : 2.4315072106857e+00 +(2e-02,4e-02) | 5.73e+03 |  7:3.7e-05  6:2.2e-02
  402 ,  12061 : 2.4288163493893e+00 +(2e-02,4e-02) | 5.84e+03 |  7:3.9e-05  6:2.2e-02
  403 ,  12091 : 2.4320821579973e+00 +(2e-02,3e-02) | 5.65e+03 |  7:3.3e-05  6:1.9e-02
  404 ,  12121 : 2.4384292145562e+00 +(1e-02,3e-02) | 5.63e+03 |  7:2.9e-05  6:1.7e-02
  405 ,  12151 : 2.4316051022098e+00 +(2e-02,4e-02) | 5.10e+03 |  7:3.2e-05  6:1.8e-02
  406 ,  12181 : 2.4295679574510e+00 +(2e-02,4e-02) | 4.80e+03 |  7:2.9e-05  6:1.6e-02
  407 ,  12211 : 2.4335335861176e+00 +(2e-02,3e-02) | 5.00e+03 |  7:3.1e-05  6:1.8e-02
  408 ,  12241 : 2.4315348835978e+00 +(2e-02,3e-02) | 4.86e+03 |  7:2.8e-05  6:1.7e-02
  409 ,  12271 : 2.4285427532401e+00 +(2e-02,4e-02) | 5.12e+03 |  7:3.2e-05  6:1.9e-02
Iterat, #Fevals:   Function Value    (median,worst) |Axis Ratio|idx:Min SD idx:Max SD
  410 ,  12301 : 2.4327855417712e+00 +(2e-02,3e-02) | 5.08e+03 |  7:3.5e-05  6:2.1e-02
  411 ,  12331 : 2.4304367742544e+00 +(2e-02,4e-02) | 5.16e+03 |  7:3.8e-05  6:2.4e-02
  412 ,  12361 : 2.4349748871704e+00 +(1e-02,4e-02) | 5.19e+03 |  7:4.2e-05  6:2.6e-02
  413 ,  12391 : 2.4311189075448e+00 +(2e-02,3e-02) | 5.06e+03 |  7:4.4e-05  6:2.5e-02
  414 ,  12421 : 2.4366163779423e+00 +(1e-02,3e-02) | 5.67e+03 |  7:4.4e-05  6:2.7e-02
  415 ,  12451 : 2.4325453191169e+00 +(1e-02,3e-02) | 5.58e+03 |  7:3.9e-05  6:2.4e-02
  416 ,  12481 : 2.4362608767711e+00 +(2e-02,3e-02) | 5.74e+03 |  7:3.2e-05  6:2.0e-02
  417 ,  12511 : 2.4321440893753e+00 +(1e-02,4e-02) | 5.76e+03 |  7:3.0e-05  6:1.8e-02
  418 ,  12541 : 2.4344936621665e+00 +(2e-02,4e-02) | 5.73e+03 |  7:2.8e-05  6:1.7e-02
  419 ,  12571 : 2.4332310825360e+00 +(2e-02,3e-02) | 5.65e+03 |  7:2.9e-05  6:1.8e-02
Iterat, #Fevals:   Function Value    (median,worst) |Axis Ratio|idx:Min SD idx:Max SD
  420 ,  12601 : 2.4327786284399e+00 +(2e-02,4e-02) | 5.89e+03 |  7:3.4e-05  6:2.1e-02
  421 ,  12631 : 2.4345101537284e+00 +(2e-02,4e-02) | 5.92e+03 |  7:3.3e-05  6:2.1e-02
  422 ,  12661 : 2.4299153005199e+00 +(2e-02,4e-02) | 5.85e+03 |  7:3.4e-05  6:2.3e-02
  423 ,  12691 : 2.4322744200062e+00 +(2e-02,3e-02) | 5.85e+03 |  7:3.6e-05  6:2.4e-02
  424 ,  12721 : 2.4318792790535e+00 +(2e-02,4e-02) | 6.10e+03 |  7:3.4e-05  6:2.3e-02
  425 ,  12751 : 2.4396132476574e+00 +(9e-03,3e-02) | 5.87e+03 |  7:3.5e-05  6:2.3e-02
  426 ,  12781 : 2.4316681399845e+00 +(2e-02,4e-02) | 5.74e+03 |  7:3.6e-05  6:2.3e-02
  427 ,  12811 : 2.4321924706376e+00 +(2e-02,4e-02) | 5.54e+03 |  7:3.4e-05  6:2.1e-02
  428 ,  12841 : 2.4360501872948e+00 +(1e-02,3e-02) | 6.15e+03 |  7:3.4e-05  6:2.3e-02
  429 ,  12871 : 2.4361104528104e+00 +(1e-02,4e-02) | 5.79e+03 |  7:3.0e-05  6:2.1e-02
Iterat, #Fevals:   Function Value    (median,worst) |Axis Ratio|idx:Min SD idx:Max SD
  430 ,  12901 : 2.4348397511698e+00 +(1e-02,3e-02) | 5.70e+03 |  7:3.0e-05  6:2.1e-02
  431 ,  12931 : 2.4367851548191e+00 +(1e-02,3e-02) | 5.65e+03 |  7:3.3e-05  6:2.2e-02
  432 ,  12961 : 2.4312703783932e+00 +(2e-02,3e-02) | 5.86e+03 |  7:3.5e-05  6:2.4e-02
  433 ,  12991 : 2.4339938337387e+00 +(2e-02,4e-02) | 5.94e+03 |  7:4.2e-05  6:2.9e-02
  434 ,  13021 : 2.4347170215700e+00 +(2e-02,3e-02) | 5.71e+03 |  7:4.6e-05  6:3.2e-02
  435 ,  13051 : 2.4343796325047e+00 +(2e-02,3e-02) | 5.10e+03 |  7:5.4e-05  6:3.8e-02
  436 ,  13081 : 2.4304603501184e+00 +(2e-02,4e-02) | 5.04e+03 |  7:4.8e-05  6:3.4e-02
  437 ,  13111 : 2.4319512488175e+00 +(2e-02,3e-02) | 4.96e+03 |  7:4.4e-05  6:3.0e-02
  438 ,  13141 : 2.4327790540598e+00 +(2e-02,4e-02) | 5.07e+03 |  7:4.0e-05  6:2.8e-02
  439 ,  13171 : 2.4320324011281e+00 +(2e-02,3e-02) | 5.12e+03 |  7:3.6e-05  6:2.5e-02
Iterat, #Fevals:   Function Value    (median,worst) |Axis Ratio|idx:Min SD idx:Max SD
  440 ,  13201 : 2.4397532122790e+00 +(1e-02,3e-02) | 5.17e+03 |  7:4.1e-05  6:2.9e-02
  441 ,  13231 : 2.4306697057217e+00 +(2e-02,4e-02) | 5.22e+03 |  7:3.7e-05  6:2.5e-02
  442 ,  13261 : 2.4309040523340e+00 +(2e-02,3e-02) | 5.19e+03 |  7:3.1e-05  6:2.1e-02
  443 ,  13291 : 2.4314831350518e+00 +(2e-02,4e-02) | 5.33e+03 |  7:3.5e-05  6:2.2e-02
  444 ,  13321 : 2.4296870428457e+00 +(2e-02,4e-02) | 5.42e+03 |  7:3.3e-05  6:2.1e-02
  445 ,  13351 : 2.4342296102193e+00 +(1e-02,3e-02) | 5.30e+03 |  7:3.6e-05  6:2.1e-02
  446 ,  13381 : 2.4288121632425e+00 +(2e-02,4e-02) | 5.50e+03 |  7:4.3e-05  6:2.4e-02
  447 ,  13411 : 2.4282176849952e+00 +(2e-02,4e-02) | 5.42e+03 |  7:3.9e-05  6:2.2e-02
  448 ,  13441 : 2.4361446406978e+00 +(1e-02,3e-02) | 5.31e+03 |  7:3.8e-05  6:2.2e-02
  449 ,  13471 : 2.4324722403474e+00 +(2e-02,4e-02) | 5.79e+03 |  7:4.1e-05  6:2.4e-02
Iterat, #Fevals:   Function Value    (median,worst) |Axis Ratio|idx:Min SD idx:Max SD
  450 ,  13501 : 2.4344086202230e+00 +(2e-02,3e-02) | 5.26e+03 |  7:3.9e-05  6:2.2e-02
  451 ,  13531 : 2.4391203297237e+00 +(1e-02,2e-02) | 5.14e+03 |  7:3.5e-05  6:2.1e-02
  452 ,  13561 : 2.4365103274304e+00 +(2e-02,3e-02) | 5.18e+03 |  7:3.5e-05  6:2.1e-02
  453 ,  13591 : 2.4333656020154e+00 +(2e-02,4e-02) | 5.37e+03 |  7:3.9e-05  6:2.4e-02
  454 ,  13621 : 2.4324510907210e+00 +(2e-02,3e-02) | 5.36e+03 |  7:3.8e-05  6:2.4e-02
  455 ,  13651 : 2.4368891742550e+00 +(1e-02,3e-02) | 5.51e+03 |  7:4.1e-05  6:2.6e-02
  456 ,  13681 : 2.4374793725517e+00 +(2e-02,3e-02) | 5.67e+03 |  7:4.5e-05  6:2.8e-02
  457 ,  13711 : 2.4288583699509e+00 +(2e-02,4e-02) | 5.35e+03 |  7:4.5e-05  6:2.7e-02
  458 ,  13741 : 2.4375337136850e+00 +(2e-02,3e-02) | 5.44e+03 |  7:4.5e-05  6:2.7e-02
  459 ,  13771 : 2.4313429011449e+00 +(2e-02,3e-02) | 5.11e+03 |  7:4.6e-05  6:2.8e-02
Iterat, #Fevals:   Function Value    (median,worst) |Axis Ratio|idx:Min SD idx:Max SD
  460 ,  13801 : 2.4351860238837e+00 +(2e-02,4e-02) | 4.91e+03 |  7:4.4e-05  6:2.6e-02
  461 ,  13831 : 2.4393093746428e+00 +(8e-03,2e-02) | 4.85e+03 |  7:4.3e-05  6:2.7e-02
  462 ,  13861 : 2.4313297802916e+00 +(2e-02,3e-02) | 4.91e+03 |  7:4.0e-05  6:2.5e-02
  463 ,  13891 : 2.4412463006784e+00 +(9e-03,3e-02) | 4.78e+03 |  7:3.6e-05  6:2.2e-02
  464 ,  13921 : 2.4388951641010e+00 +(1e-02,3e-02) | 4.86e+03 |  7:3.1e-05  6:2.0e-02
  465 ,  13951 : 2.4329609851238e+00 +(1e-02,3e-02) | 4.83e+03 |  7:3.6e-05  6:2.1e-02
  466 ,  13981 : 2.4367724145640e+00 +(2e-02,4e-02) | 5.35e+03 |  7:4.5e-05  6:2.7e-02
  467 ,  14011 : 2.4334544879636e+00 +(2e-02,4e-02) | 5.43e+03 |  7:4.6e-05  6:2.7e-02
  468 ,  14041 : 2.4397743749442e+00 +(1e-02,2e-02) | 5.73e+03 |  7:4.9e-05  6:2.9e-02
  469 ,  14071 : 2.4350220158936e+00 +(1e-02,2e-02) | 5.79e+03 |  7:5.5e-05  6:3.1e-02
Iterat, #Fevals:   Function Value    (median,worst) |Axis Ratio|idx:Min SD idx:Max SD
  470 ,  14101 : 2.4339894686584e+00 +(2e-02,3e-02) | 5.60e+03 |  7:5.0e-05  6:2.8e-02
  471 ,  14131 : 2.4273234345961e+00 +(3e-02,5e-02) | 5.39e+03 |  7:5.5e-05  6:3.0e-02
  472 ,  14161 : 2.4392800190629e+00 +(1e-02,3e-02) | 5.52e+03 |  7:5.8e-05  6:3.1e-02
  473 ,  14191 : 2.4365348086294e+00 +(1e-02,4e-02) | 5.43e+03 |  7:5.6e-05  6:3.1e-02
  474 ,  14221 : 2.4337319365237e+00 +(2e-02,3e-02) | 5.98e+03 |  7:6.4e-05  6:3.5e-02
  475 ,  14251 : 2.4415919770701e+00 +(1e-02,3e-02) | 6.03e+03 |  7:5.6e-05  6:3.1e-02
  476 ,  14281 : 2.4419690303300e+00 +(8e-03,3e-02) | 6.15e+03 |  7:5.6e-05  6:3.2e-02
  477 ,  14311 : 2.4373194899266e+00 +(1e-02,3e-02) | 6.06e+03 |  7:6.5e-05  6:3.4e-02
  478 ,  14341 : 2.4278764099168e+00 +(2e-02,4e-02) | 5.99e+03 |  7:6.6e-05  6:3.4e-02
  479 ,  14371 : 2.4375636459163e+00 +(2e-02,3e-02) | 5.99e+03 |  7:5.7e-05  6:3.0e-02
Iterat, #Fevals:   Function Value    (median,worst) |Axis Ratio|idx:Min SD idx:Max SD
  480 ,  14401 : 2.4291547421623e+00 +(2e-02,4e-02) | 5.95e+03 |  7:5.7e-05  6:3.0e-02
  481 ,  14431 : 2.4345695315277e+00 +(2e-02,3e-02) | 6.13e+03 |  7:5.5e-05  6:2.8e-02
  482 ,  14461 : 2.4366721817212e+00 +(9e-03,4e-02) | 6.10e+03 |  7:5.9e-05  6:2.9e-02
  483 ,  14491 : 2.4321140398947e+00 +(2e-02,3e-02) | 6.15e+03 |  7:7.1e-05  6:3.5e-02
  484 ,  14521 : 2.4383818771950e+00 +(1e-02,3e-02) | 6.12e+03 |  7:8.0e-05  6:3.8e-02
  485 ,  14551 : 2.4343590741182e+00 +(2e-02,4e-02) | 6.31e+03 |  7:7.5e-05  6:3.7e-02
  486 ,  14581 : 2.4363872668579e+00 +(1e-02,3e-02) | 6.43e+03 |  7:7.9e-05  6:4.0e-02
  487 ,  14611 : 2.4370831013735e+00 +(1e-02,2e-02) | 6.34e+03 |  7:8.2e-05  6:4.1e-02
  488 ,  14641 : 2.4259891901160e+00 +(3e-02,4e-02) | 6.32e+03 |  7:8.4e-05  6:4.1e-02
  489 ,  14671 : 2.4292966599635e+00 +(2e-02,3e-02) | 6.42e+03 |  7:8.2e-05  6:4.0e-02
Iterat, #Fevals:   Function Value    (median,worst) |Axis Ratio|idx:Min SD idx:Max SD
  490 ,  14701 : 2.4367969740082e+00 +(1e-02,3e-02) | 6.26e+03 |  7:8.1e-05  6:4.1e-02
  491 ,  14731 : 2.4356661537534e+00 +(2e-02,3e-02) | 6.13e+03 |  7:7.8e-05  6:4.1e-02
  492 ,  14761 : 2.4339648629393e+00 +(2e-02,4e-02) | 6.04e+03 |  7:7.4e-05  6:4.0e-02
  493 ,  14791 : 2.4305520595236e+00 +(2e-02,4e-02) | 6.01e+03 |  7:6.7e-05  6:3.7e-02
  494 ,  14821 : 2.4361696662802e+00 +(2e-02,3e-02) | 6.09e+03 |  7:6.5e-05  6:3.7e-02
  495 ,  14851 : 2.4398175602776e+00 +(1e-02,3e-02) | 6.12e+03 |  7:6.0e-05  6:3.4e-02
  496 ,  14881 : 2.4324328513225e+00 +(2e-02,4e-02) | 6.40e+03 |  7:5.9e-05  6:3.3e-02
  497 ,  14911 : 2.4377323061463e+00 +(1e-02,3e-02) | 6.59e+03 |  7:6.1e-05  6:3.6e-02
  498 ,  14941 : 2.4340257385204e+00 +(2e-02,4e-02) | 6.61e+03 |  7:5.7e-05  6:3.4e-02
  499 ,  14971 : 2.4330530085537e+00 +(2e-02,3e-02) | 6.61e+03 |  7:5.7e-05  6:3.4e-02
Iterat, #Fevals:   Function Value    (median,worst) |Axis Ratio|idx:Min SD idx:Max SD
  500 ,  15001 : 2.4383449050642e+00 +(1e-02,3e-02) | 6.79e+03 |  7:5.2e-05  6:3.1e-02
  501 ,  15031 : 2.4283242472486e+00 +(2e-02,4e-02) | 7.04e+03 |  7:5.4e-05  6:3.2e-02
  502 ,  15061 : 2.4354675615738e+00 +(1e-02,3e-02) | 7.09e+03 |  7:5.1e-05  6:3.1e-02
  503 ,  15091 : 2.4357924374339e+00 +(2e-02,3e-02) | 7.28e+03 |  7:5.1e-05  6:3.1e-02
  504 ,  15121 : 2.4382656445118e+00 +(1e-02,3e-02) | 7.13e+03 |  7:5.0e-05  6:3.1e-02
  505 ,  15151 : 2.4384043579272e+00 +(1e-02,3e-02) | 7.29e+03 |  7:4.8e-05  6:3.0e-02
  506 ,  15181 : 2.4295057882900e+00 +(2e-02,4e-02) | 7.17e+03 |  7:4.8e-05  6:3.0e-02
  507 ,  15211 : 2.4296683460070e+00 +(2e-02,3e-02) | 7.14e+03 |  7:5.2e-05  6:3.1e-02
  508 ,  15241 : 2.4323412389038e+00 +(2e-02,3e-02) | 7.19e+03 |  7:4.8e-05  6:2.8e-02
  509 ,  15271 : 2.4364341801428e+00 +(1e-02,3e-02) | 7.23e+03 |  7:5.1e-05  6:3.1e-02
Iterat, #Fevals:   Function Value    (median,worst) |Axis Ratio|idx:Min SD idx:Max SD
  510 ,  15301 : 2.4269182133566e+00 +(2e-02,4e-02) | 7.53e+03 |  7:5.2e-05  6:3.2e-02
  511 ,  15331 : 2.4300682371793e+00 +(2e-02,4e-02) | 7.33e+03 |  7:5.6e-05  6:3.5e-02
  512 ,  15361 : 2.4370953098604e+00 +(9e-03,3e-02) | 7.33e+03 |  7:5.4e-05  6:3.3e-02
  513 ,  15391 : 2.4284169132080e+00 +(2e-02,3e-02) | 7.04e+03 |  7:6.0e-05  6:3.7e-02
  514 ,  15421 : 2.4359283693656e+00 +(1e-02,3e-02) | 6.90e+03 |  7:6.2e-05  6:3.9e-02
  515 ,  15451 : 2.4344952908614e+00 +(2e-02,3e-02) | 6.79e+03 |  7:6.0e-05  6:3.7e-02
  516 ,  15481 : 2.4328983139698e+00 +(2e-02,3e-02) | 6.85e+03 |  7:5.8e-05  6:3.7e-02
  517 ,  15511 : 2.4373736446787e+00 +(1e-02,2e-02) | 6.70e+03 |  7:4.8e-05  6:2.9e-02
  518 ,  15541 : 2.4371406088697e+00 +(1e-02,3e-02) | 6.61e+03 |  7:4.0e-05  6:2.4e-02
  519 ,  15571 : 2.4323931399092e+00 +(2e-02,3e-02) | 6.48e+03 |  7:4.0e-05  6:2.4e-02
Iterat, #Fevals:   Function Value    (median,worst) |Axis Ratio|idx:Min SD idx:Max SD
  520 ,  15601 : 2.4280297053573e+00 +(2e-02,4e-02) | 6.67e+03 |  7:3.9e-05  6:2.4e-02
  521 ,  15631 : 2.4349056910922e+00 +(1e-02,4e-02) | 6.59e+03 |  7:4.0e-05  6:2.4e-02
  522 ,  15661 : 2.4357017567060e+00 +(1e-02,3e-02) | 6.61e+03 |  7:3.8e-05  6:2.3e-02
  523 ,  15691 : 2.4386105604537e+00 +(9e-03,3e-02) | 6.49e+03 |  7:3.2e-05  6:2.0e-02
  524 ,  15721 : 2.4367450274368e+00 +(2e-02,4e-02) | 6.73e+03 |  7:3.0e-05  6:2.0e-02
  525 ,  15751 : 2.4389951993558e+00 +(1e-02,3e-02) | 6.94e+03 |  7:2.6e-05  6:1.7e-02
  526 ,  15781 : 2.4268988529651e+00 +(2e-02,3e-02) | 6.80e+03 |  7:2.9e-05  6:1.7e-02
  527 ,  15811 : 2.4376270498592e+00 +(1e-02,2e-02) | 6.91e+03 |  7:2.6e-05  6:1.6e-02
  528 ,  15841 : 2.4415474928709e+00 +(8e-03,3e-02) | 7.40e+03 |  7:2.7e-05  6:1.7e-02
  529 ,  15871 : 2.4362767040885e+00 +(1e-02,3e-02) | 7.79e+03 |  7:2.9e-05  6:1.9e-02
Iterat, #Fevals:   Function Value    (median,worst) |Axis Ratio|idx:Min SD idx:Max SD
  530 ,  15901 : 2.4380968366504e+00 +(2e-02,3e-02) | 7.96e+03 |  7:2.8e-05  6:1.9e-02
  531 ,  15931 : 2.4348502143137e+00 +(2e-02,3e-02) | 8.00e+03 |  7:3.2e-05  6:2.1e-02
  532 ,  15961 : 2.4280320321718e+00 +(2e-02,4e-02) | 8.14e+03 |  7:3.6e-05  6:2.3e-02
  533 ,  15991 : 2.4343526614491e+00 +(2e-02,4e-02) | 8.29e+03 |  7:3.3e-05  6:2.2e-02
  534 ,  16021 : 2.4341395552004e+00 +(2e-02,3e-02) | 8.40e+03 |  7:3.1e-05  6:2.0e-02
  535 ,  16051 : 2.4321503792281e+00 +(2e-02,4e-02) | 8.56e+03 |  7:3.2e-05  6:2.0e-02
  536 ,  16081 : 2.4318662558883e+00 +(2e-02,3e-02) | 8.53e+03 |  7:2.8e-05  6:1.8e-02
  537 ,  16111 : 2.4364445261814e+00 +(2e-02,3e-02) | 9.00e+03 |  7:2.7e-05  6:1.8e-02
  538 ,  16141 : 2.4274989196009e+00 +(2e-02,4e-02) | 8.68e+03 |  7:3.1e-05  6:2.0e-02
  539 ,  16171 : 2.4320958713120e+00 +(2e-02,3e-02) | 9.35e+03 |  7:3.2e-05  6:2.2e-02
Iterat, #Fevals:   Function Value    (median,worst) |Axis Ratio|idx:Min SD idx:Max SD
  540 ,  16201 : 2.4392586310250e+00 +(1e-02,3e-02) | 9.08e+03 |  7:3.3e-05  6:2.2e-02
  541 ,  16231 : 2.4308333541831e+00 +(2e-02,3e-02) | 9.47e+03 |  7:3.2e-05  6:2.1e-02
  542 ,  16261 : 2.4321243941517e+00 +(2e-02,3e-02) | 8.88e+03 |  7:3.3e-05  6:2.2e-02
  543 ,  16291 : 2.4327127381695e+00 +(2e-02,3e-02) | 9.17e+03 |  7:3.4e-05  6:2.4e-02
  544 ,  16321 : 2.4302264311317e+00 +(2e-02,4e-02) | 9.22e+03 |  7:3.1e-05  6:2.1e-02
#Fevals:   f(returned x)   |    bestever.f     | stopflag (saved to variablescmaes13_9_50.mat)
  16322: 2.43022643113e+00 | 2.42386977150e+00 | stagnation
mean solution: +2.2e-02 +9.3e-01 +2.3e+00 +5.6e-02 +1.0e+00 +3.6e+00 +2.5e-02 +3.4e-01 +2.1e+00
std deviation:  1.4e-04  3.4e-03  3.4e-03  7.5e-04  6.8e-03  2.1e-02  3.1e-05  5.2e-04  4.1e-03
use plotcmaesdat.m for plotting the output at any time (option LogModulo must not be zero)
