
                            < M A T L A B (R) >
                  Copyright 1984-2015 The MathWorks, Inc.
                   R2015a (8.5.0.197613) 64-bit (glnxa64)
                             February 12, 2015

 
For online documentation, see http://www.mathworks.com/support
For product information, visit www.mathworks.com.
 

	Academic License


seed =

                146.727987


InitialthetaLB =

                       0.1
                         1
                         1
                       0.1
                         1
                       0.1
                     0.001
                    0.0001
                       300


InitialthetaUB =

      100000
    10000000
   100000000
       10000
       10000
        1000
           5
         100
        2000


Initialtheta =

          49810.9937136222
          6189070.03335642
          29982061.3871267
          2607.10230598686
           3339.2123431894
          902.370478593455
          1.81479625201379
         0.634484153826862
           1906.1532487736

  n=9: (15,30)-CMA-ES(w=[21 15 12... 0.77 0.25]%, ]%, mu_eff=8.6) on function Error
[Warning: Failure at t=7.222818e+02.  Unable to meet integration tolerances
without reducing the step size below the smallest value allowed (1.818989e-12)
at time t.] 
[> In ode15s (line 730)
  In Error (line 33)
  In cmaes (line 957)
  In ParameterFit (line 32)
  In ParameterFittingScript (line 29)] 
Iterat, #Fevals:   Function Value    (median,worst) |Axis Ratio|idx:Min SD idx:Max SD
    1 ,     31 : 2.9588308024182e+01 +(6e+01,Inf) | 1.75e+02 |  9:2.5e-01  8:4.4e+01
    2 ,     61 : 2.7495380328082e+01 +(6e+01,3e+11) | 1.74e+02 |  9:2.2e-01  8:3.8e+01
    3 ,     91 : 2.9449502621379e+01 +(6e+01,1e+10) | 1.71e+02 |  9:2.1e-01  8:3.5e+01
    4 ,    121 : 3.2129796106087e+01 +(4e+01,2e+02) | 1.67e+02 |  9:1.9e-01  8:3.2e+01
    5 ,    151 : 3.1315539990567e+01 +(3e+01,2e+03) | 1.76e+02 |  9:2.0e-01  8:3.4e+01
    6 ,    181 : 3.1288387584257e+01 +(5e+01,1e+06) | 1.79e+02 |  9:1.9e-01  8:3.4e+01
    7 ,    211 : 3.2450144545452e+01 +(2e+01,2e+05) | 1.87e+02 |  9:2.0e-01  8:3.6e+01
    8 ,    241 : 3.1100360166113e+01 +(3e+01,2e+04) | 1.80e+02 |  9:2.0e-01  8:3.5e+01
    9 ,    271 : 3.2032774201015e+01 +(3e+01,2e+04) | 1.82e+02 |  9:1.8e-01  8:3.1e+01
Iterat, #Fevals:   Function Value    (median,worst) |Axis Ratio|idx:Min SD idx:Max SD
   10 ,    301 : 3.2335486977783e+01 +(1e+01,4e+02) | 1.99e+02 |  9:1.5e-01  8:2.8e+01
   11 ,    331 : 3.1883329298621e+01 +(1e+01,7e+02) | 2.03e+02 |  9:1.3e-01  8:2.5e+01
   12 ,    361 : 3.1693911615962e+01 +(5e+00,1e+02) | 2.05e+02 |  9:1.3e-01  8:2.4e+01
   13 ,    391 : 3.2235449259398e+01 +(1e+01,1e+03) | 2.04e+02 |  9:1.3e-01  8:2.5e+01
   14 ,    421 : 3.1951450217495e+01 +(9e+00,4e+02) | 2.13e+02 |  9:1.2e-01  8:2.4e+01
   15 ,    451 : 3.2324232478346e+01 +(5e+00,2e+02) | 2.14e+02 |  9:1.2e-01  8:2.3e+01
   16 ,    481 : 3.2375232890537e+01 +(5e+00,5e+01) | 2.15e+02 |  9:1.3e-01  8:2.4e+01
   17 ,    511 : 3.2225083748807e+01 +(3e+00,7e+01) | 2.08e+02 |  9:1.2e-01  8:2.2e+01
   18 ,    541 : 3.2275165302734e+01 +(4e+00,1e+02) | 2.00e+02 |  9:1.1e-01  8:2.0e+01
   19 ,    571 : 3.2176385257486e+01 +(2e+00,6e+01) | 2.00e+02 |  9:1.0e-01  8:1.8e+01
Iterat, #Fevals:   Function Value    (median,worst) |Axis Ratio|idx:Min SD idx:Max SD
   20 ,    601 : 3.1801060182201e+01 +(2e+00,2e+01) | 2.04e+02 |  9:9.6e-02  8:1.7e+01
   21 ,    631 : 3.1897558165225e+01 +(5e+00,5e+01) | 2.12e+02 |  9:9.5e-02  8:1.7e+01
   22 ,    661 : 3.1803902218653e+01 +(2e+00,3e+01) | 2.12e+02 |  9:8.9e-02  8:1.6e+01
   23 ,    691 : 3.1604297085494e+01 +(3e+00,1e+01) | 2.08e+02 |  9:1.0e-01  8:1.6e+01
   24 ,    721 : 3.1933764434497e+01 +(1e+00,1e+01) | 2.08e+02 |  9:1.1e-01  8:1.7e+01
   25 ,    751 : 3.1514639399231e+01 +(2e+00,3e+01) | 2.19e+02 |  9:1.1e-01  8:1.7e+01
   26 ,    781 : 3.1117328623408e+01 +(3e+00,5e+01) | 2.42e+02 |  9:1.0e-01  8:1.8e+01
   27 ,    811 : 3.1387485272814e+01 +(2e+00,2e+01) | 2.43e+02 |  9:9.3e-02  8:1.6e+01
   28 ,    841 : 3.1094162735212e+01 +(2e+00,2e+01) | 2.48e+02 |  9:1.0e-01  8:1.8e+01
   29 ,    871 : 2.9837250522479e+01 +(4e+00,4e+01) | 2.53e+02 |  9:1.0e-01  8:1.9e+01
Iterat, #Fevals:   Function Value    (median,worst) |Axis Ratio|idx:Min SD idx:Max SD
   30 ,    901 : 3.1333269558342e+01 +(4e+00,5e+01) | 2.60e+02 |  9:9.6e-02  8:1.7e+01
   31 ,    931 : 3.0421437965903e+01 +(4e+00,5e+01) | 2.59e+02 |  9:9.1e-02  8:1.6e+01
   32 ,    961 : 3.0817200263652e+01 +(2e+00,2e+01) | 2.48e+02 |  9:9.3e-02  8:1.5e+01
   33 ,    991 : 3.0600328003629e+01 +(2e+00,1e+02) | 2.54e+02 |  9:9.1e-02  8:1.5e+01
   34 ,   1021 : 2.9739971370544e+01 +(3e+00,4e+02) | 2.70e+02 |  9:9.3e-02  8:1.6e+01
   35 ,   1051 : 2.8887252362384e+01 +(3e+00,5e+02) | 2.64e+02 |  9:9.5e-02  8:1.6e+01
   36 ,   1081 : 2.9207630646730e+01 +(5e+00,3e+04) | 2.70e+02 |  9:7.6e-02  8:1.3e+01
   37 ,   1111 : 2.9595739222604e+01 +(3e+00,2e+01) | 2.67e+02 |  9:7.4e-02  8:1.3e+01
   38 ,   1141 : 3.0163669757213e+01 +(2e+00,2e+02) | 2.67e+02 |  9:7.1e-02  8:1.2e+01
   39 ,   1171 : 2.9501044545929e+01 +(3e+00,2e+01) | 2.75e+02 |  9:6.4e-02  8:1.1e+01
Iterat, #Fevals:   Function Value    (median,worst) |Axis Ratio|idx:Min SD idx:Max SD
   40 ,   1201 : 2.7735776883348e+01 +(4e+00,7e+02) | 2.89e+02 |  9:6.4e-02  8:1.1e+01
   41 ,   1231 : 2.5571856127692e+01 +(5e+00,6e+01) | 3.04e+02 |  9:7.3e-02  8:1.3e+01
   42 ,   1261 : 2.3763977139281e+01 +(8e+00,3e+06) | 3.16e+02 |  9:9.4e-02  8:1.6e+01
   43 ,   1291 : 1.8648744126658e+01 +(2e+01,1e+06) | 3.30e+02 |  9:8.4e-02  8:1.5e+01
   44 ,   1321 : 5.8696056956182e+00 +(3e+01,7e+05) | 3.41e+02 |  9:9.0e-02  8:1.5e+01
   45 ,   1351 : 1.9675861328412e+01 +(6e+01,1e+05) | 3.25e+02 |  9:1.1e-01  8:1.7e+01
   46 ,   1381 : 1.0067921516295e+01 +(6e+01,3e+06) | 3.26e+02 |  9:1.2e-01  8:1.7e+01
   47 ,   1411 : 2.2734439875927e+01 +(2e+01,3e+06) | 3.22e+02 |  9:1.2e-01  8:1.7e+01
   48 ,   1441 : 2.6578011382247e+01 +(1e+01,7e+01) | 3.28e+02 |  9:1.2e-01  8:1.7e+01
   49 ,   1471 : 2.4798318574338e+01 +(8e+00,6e+06) | 3.46e+02 |  9:1.4e-01  8:2.0e+01
Iterat, #Fevals:   Function Value    (median,worst) |Axis Ratio|idx:Min SD idx:Max SD
   50 ,   1501 : 2.6549355350148e+01 +(2e+01,9e+05) | 3.49e+02 |  9:1.3e-01  8:1.9e+01
   51 ,   1531 : 2.9194806090222e+01 +(4e+00,1e+06) | 3.58e+02 |  9:1.2e-01  8:1.8e+01
   52 ,   1561 : 2.7926544190084e+01 +(6e+00,4e+02) | 3.64e+02 |  9:1.1e-01  8:1.7e+01
   53 ,   1591 : 2.9332741635154e+01 +(3e+00,1e+03) | 3.74e+02 |  9:8.9e-02  8:1.4e+01
   54 ,   1621 : 2.8184307833033e+01 +(3e+00,3e+02) | 3.81e+02 |  9:9.4e-02  8:1.4e+01
   55 ,   1651 : 2.6950684728878e+01 +(7e+00,3e+02) | 3.69e+02 |  9:9.4e-02  8:1.4e+01
   56 ,   1681 : 2.5467719607958e+01 +(5e+00,1e+06) | 3.57e+02 |  9:8.5e-02  8:1.3e+01
   57 ,   1711 : 8.7434293279723e+00 +(2e+01,3e+06) | 3.52e+02 |  9:9.1e-02  8:1.3e+01
   58 ,   1741 : 2.2302744659927e+01 +(3e+01,7e+04) | 3.52e+02 |  9:8.7e-02  8:1.2e+01
   59 ,   1771 : 1.2826101187979e+01 +(2e+01,3e+02) | 3.48e+02 |  9:7.7e-02  8:1.0e+01
Iterat, #Fevals:   Function Value    (median,worst) |Axis Ratio|idx:Min SD idx:Max SD
   60 ,   1801 : 1.4723421755911e+01 +(2e+01,2e+06) | 3.43e+02 |  9:7.7e-02  8:1.1e+01
   61 ,   1831 : 9.5340094884735e+00 +(2e+01,5e+06) | 3.25e+02 |  9:7.9e-02  8:1.1e+01
   62 ,   1861 : 2.1510706151410e+01 +(1e+01,5e+05) | 3.16e+02 |  9:8.2e-02  8:1.1e+01
   63 ,   1891 : 1.9268240533216e+01 +(1e+01,7e+02) | 3.23e+02 |  9:7.7e-02  8:1.0e+01
   64 ,   1921 : 2.1135504802802e+01 +(8e+00,2e+06) | 3.37e+02 |  9:7.9e-02  8:1.0e+01
   65 ,   1951 : 1.7076089158435e+01 +(1e+01,6e+02) | 3.64e+02 |  9:7.9e-02  8:1.1e+01
   66 ,   1981 : 2.1016348958550e+01 +(1e+01,3e+05) | 3.88e+02 |  9:7.6e-02  8:1.1e+01
   67 ,   2011 : 1.7234130788302e+01 +(1e+01,1e+05) | 4.04e+02 |  9:7.9e-02  8:1.2e+01
   68 ,   2041 : 1.6502167222832e+01 +(1e+01,4e+03) | 4.11e+02 |  9:7.8e-02  8:1.2e+01
   69 ,   2071 : 1.9789646213247e+01 +(1e+01,7e+01) | 4.09e+02 |  9:6.7e-02  8:1.0e+01
Iterat, #Fevals:   Function Value    (median,worst) |Axis Ratio|idx:Min SD idx:Max SD
   70 ,   2101 : 1.7683394808668e+01 +(1e+01,4e+04) | 3.87e+02 |  9:7.4e-02  8:1.0e+01
   71 ,   2131 : 1.9619799887098e+01 +(1e+01,6e+02) | 3.90e+02 |  9:8.0e-02  8:1.1e+01
   72 ,   2161 : 1.7949646581013e+01 +(6e+01,3e+05) | 3.91e+02 |  9:7.3e-02  8:1.0e+01
   73 ,   2191 : 1.3035180526512e+01 +(2e+01,5e+02) | 3.93e+02 |  9:6.9e-02  8:9.9e+00
   74 ,   2221 : 1.5616979460807e+01 +(1e+01,6e+02) | 3.97e+02 |  9:6.9e-02  8:9.4e+00
   75 ,   2251 : 1.0604217562120e+01 +(2e+01,4e+05) | 4.14e+02 |  9:7.3e-02  8:1.0e+01
   76 ,   2281 : 2.1353084229286e+01 +(2e+01,3e+03) | 4.16e+02 |  9:7.6e-02  8:1.0e+01
   77 ,   2311 : 1.7499868547149e+01 +(1e+01,4e+03) | 4.39e+02 |  9:7.9e-02  8:1.0e+01
   78 ,   2341 : 1.4410931327460e+01 +(1e+01,7e+01) | 4.52e+02 |  9:6.8e-02  8:9.3e+00
   79 ,   2371 : 1.2538753895490e+01 +(2e+01,1e+06) | 4.40e+02 |  9:6.5e-02  8:9.3e+00
Iterat, #Fevals:   Function Value    (median,worst) |Axis Ratio|idx:Min SD idx:Max SD
   80 ,   2401 : 1.4912739470424e+01 +(2e+01,2e+05) | 4.43e+02 |  9:5.9e-02  8:8.3e+00
   81 ,   2431 : 7.5418189272958e+00 +(2e+01,1e+03) | 4.64e+02 |  9:5.8e-02  8:8.3e+00
   82 ,   2461 : 3.5496121079248e+00 +(2e+01,9e+01) | 5.03e+02 |  9:5.7e-02  8:9.2e+00
   83 ,   2491 : 1.0198524826538e+01 +(3e+01,4e+03) | 5.04e+02 |  9:4.9e-02  8:7.8e+00
   84 ,   2521 : 7.4999575682802e+00 +(2e+01,8e+01) | 5.38e+02 |  9:5.1e-02  8:8.6e+00
   85 ,   2551 : 1.1109132702091e+01 +(1e+01,6e+02) | 5.43e+02 |  9:5.3e-02  8:8.6e+00
   86 ,   2581 : 4.1091143933419e+00 +(4e+01,3e+03) | 5.59e+02 |  9:4.3e-02  8:6.8e+00
   87 ,   2611 : 8.5873863905216e+00 +(1e+01,1e+03) | 5.98e+02 |  9:4.1e-02  8:6.8e+00
   88 ,   2641 : 5.0492114158706e+00 +(2e+01,1e+05) | 6.17e+02 |  9:4.1e-02  8:6.5e+00
   89 ,   2671 : 3.9261458452826e+00 +(2e+01,1e+02) | 6.29e+02 |  9:3.6e-02  8:5.7e+00
Iterat, #Fevals:   Function Value    (median,worst) |Axis Ratio|idx:Min SD idx:Max SD
   90 ,   2701 : 1.0120956653032e+01 +(2e+01,2e+02) | 6.43e+02 |  9:3.6e-02  8:5.4e+00
   91 ,   2731 : 4.9773971614302e+00 +(1e+01,1e+02) | 6.56e+02 |  9:3.6e-02  8:5.3e+00
   92 ,   2761 : 6.9391296502141e+00 +(9e+00,2e+02) | 7.19e+02 |  9:3.4e-02  8:5.6e+00
   93 ,   2791 : 4.4231615222178e+00 +(1e+01,1e+04) | 7.50e+02 |  9:3.7e-02  8:6.1e+00
   94 ,   2821 : 3.4973677810263e+00 +(2e+01,8e+01) | 7.75e+02 |  9:4.0e-02  8:6.4e+00
   95 ,   2851 : 2.7008421431958e+00 +(2e+01,1e+02) | 7.78e+02 |  9:3.8e-02  8:5.9e+00
   96 ,   2881 : 5.0768352310732e+00 +(3e+01,8e+02) | 7.81e+02 |  7:3.4e-02  8:5.3e+00
   97 ,   2911 : 3.5034489631206e+00 +(1e+01,2e+03) | 7.85e+02 |  7:2.7e-02  8:4.4e+00
   98 ,   2941 : 4.8463561449422e+00 +(7e+00,2e+02) | 7.71e+02 |  7:2.3e-02  8:3.8e+00
   99 ,   2971 : 2.5501536658586e+00 +(8e+00,2e+02) | 7.53e+02 |  7:2.1e-02  8:3.6e+00
Iterat, #Fevals:   Function Value    (median,worst) |Axis Ratio|idx:Min SD idx:Max SD
  100 ,   3001 : 3.4516250879646e+00 +(5e+00,7e+01) | 7.88e+02 |  7:1.9e-02  8:3.4e+00
  101 ,   3031 : 2.7157158168352e+00 +(5e+00,8e+01) | 8.51e+02 |  7:1.7e-02  8:3.2e+00
  102 ,   3061 : 2.6202477480794e+00 +(3e+00,4e+01) | 9.16e+02 |  7:1.8e-02  8:3.6e+00
  103 ,   3091 : 3.2971725451937e+00 +(5e+00,8e+01) | 8.91e+02 |  7:1.7e-02  8:3.4e+00
  104 ,   3121 : 2.4766217488546e+00 +(3e+00,7e+01) | 8.89e+02 |  7:1.7e-02  8:3.6e+00
  105 ,   3151 : 2.5768347385927e+00 +(3e+00,7e+01) | 8.89e+02 |  7:1.5e-02  8:3.2e+00
  106 ,   3181 : 2.8857030008860e+00 +(3e+00,2e+02) | 8.94e+02 |  7:1.2e-02  8:2.6e+00
  107 ,   3211 : 2.6325923085557e+00 +(3e+00,1e+02) | 9.01e+02 |  7:1.1e-02  8:2.3e+00
  108 ,   3241 : 2.6607280172954e+00 +(2e+00,2e+01) | 9.56e+02 |  7:8.7e-03  8:2.0e+00
  109 ,   3271 : 2.4697018309085e+00 +(1e+00,1e+01) | 9.68e+02 |  7:8.0e-03  8:1.9e+00
Iterat, #Fevals:   Function Value    (median,worst) |Axis Ratio|idx:Min SD idx:Max SD
  110 ,   3301 : 2.5047715732589e+00 +(1e+00,1e+01) | 1.02e+03 |  7:6.5e-03  8:1.6e+00
  111 ,   3331 : 2.4810564362677e+00 +(7e-01,1e+01) | 1.05e+03 |  7:5.5e-03  8:1.4e+00
  112 ,   3361 : 2.4887877216069e+00 +(8e-01,6e+00) | 1.06e+03 |  7:5.3e-03  8:1.4e+00
  113 ,   3391 : 2.4873582788265e+00 +(6e-01,1e+01) | 1.07e+03 |  7:4.5e-03  8:1.2e+00
  114 ,   3421 : 2.4574792059008e+00 +(6e-01,3e+00) | 1.12e+03 |  7:4.1e-03  8:1.2e+00
  115 ,   3451 : 2.4646889475284e+00 +(4e-01,2e+00) | 1.11e+03 |  7:3.7e-03  8:1.1e+00
  116 ,   3481 : 2.4743083226933e+00 +(3e-01,2e+00) | 1.17e+03 |  7:3.3e-03  8:1.0e+00
  117 ,   3511 : 2.4722082109314e+00 +(2e-01,1e+00) | 1.22e+03 |  7:2.8e-03  8:9.1e-01
  118 ,   3541 : 2.4786322696270e+00 +(1e-01,9e-01) | 1.27e+03 |  7:2.7e-03  8:9.0e-01
  119 ,   3571 : 2.4642163991069e+00 +(1e-01,9e-01) | 1.34e+03 |  7:2.3e-03  8:8.1e-01
Iterat, #Fevals:   Function Value    (median,worst) |Axis Ratio|idx:Min SD idx:Max SD
  120 ,   3601 : 2.4649347211574e+00 +(7e-02,1e+00) | 1.35e+03 |  7:2.2e-03  8:8.3e-01
  121 ,   3631 : 2.4594139144775e+00 +(1e-01,5e-01) | 1.38e+03 |  7:2.3e-03  8:8.6e-01
  122 ,   3661 : 2.4560018305951e+00 +(1e-01,1e+00) | 1.53e+03 |  7:2.2e-03  8:9.3e-01
  123 ,   3691 : 2.4567219477959e+00 +(6e-02,4e-01) | 1.63e+03 |  7:2.1e-03  8:9.5e-01
  124 ,   3721 : 2.4536249753043e+00 +(8e-02,6e-01) | 1.77e+03 |  7:2.0e-03  8:9.7e-01
  125 ,   3751 : 2.4485312587502e+00 +(6e-02,6e-01) | 1.87e+03 |  7:1.8e-03  8:9.4e-01
  126 ,   3781 : 2.4565595493574e+00 +(8e-02,5e-01) | 1.91e+03 |  7:1.9e-03  8:1.0e+00
  127 ,   3811 : 2.4531924307170e+00 +(8e-02,5e-01) | 1.93e+03 |  7:1.8e-03  8:9.9e-01
  128 ,   3841 : 2.4575678312749e+00 +(5e-02,4e-01) | 1.99e+03 |  7:1.6e-03  8:9.1e-01
  129 ,   3871 : 2.4546445852245e+00 +(5e-02,5e-01) | 2.03e+03 |  7:1.5e-03  8:8.6e-01
Iterat, #Fevals:   Function Value    (median,worst) |Axis Ratio|idx:Min SD idx:Max SD
  130 ,   3901 : 2.4500376430752e+00 +(5e-02,5e-01) | 2.06e+03 |  7:1.3e-03  8:8.0e-01
  131 ,   3931 : 2.4588081553526e+00 +(4e-02,2e-01) | 2.37e+03 |  7:1.4e-03  8:9.6e-01
  132 ,   3961 : 2.4552065265963e+00 +(4e-02,4e-01) | 2.43e+03 |  7:1.3e-03  8:9.2e-01
  133 ,   3991 : 2.4568418509413e+00 +(3e-02,3e-01) | 2.59e+03 |  7:1.5e-03  8:1.1e+00
  134 ,   4021 : 2.4484677262126e+00 +(6e-02,4e-01) | 2.62e+03 |  7:1.4e-03  8:1.1e+00
  135 ,   4051 : 2.4551273105648e+00 +(4e-02,5e-01) | 2.69e+03 |  7:1.5e-03  8:1.2e+00
  136 ,   4081 : 2.4518629075931e+00 +(5e-02,3e-01) | 2.84e+03 |  7:1.4e-03  8:1.2e+00
  137 ,   4111 : 2.4454536972281e+00 +(7e-02,1e+00) | 2.93e+03 |  7:1.3e-03  8:1.1e+00
  138 ,   4141 : 2.4545802719332e+00 +(4e-02,4e-01) | 2.96e+03 |  7:1.2e-03  8:1.0e+00
  139 ,   4171 : 2.4384901811699e+00 +(4e-02,2e-01) | 2.99e+03 |  7:9.8e-04  8:8.8e-01
Iterat, #Fevals:   Function Value    (median,worst) |Axis Ratio|idx:Min SD idx:Max SD
  140 ,   4201 : 2.4389328254902e+00 +(4e-02,1e-01) | 3.02e+03 |  7:9.7e-04  8:8.8e-01
  141 ,   4231 : 2.4564100957188e+00 +(1e-02,1e-01) | 3.25e+03 |  7:1.0e-03  8:9.8e-01
  142 ,   4261 : 2.4576477719569e+00 +(3e-02,3e-01) | 3.40e+03 |  7:9.5e-04  8:9.3e-01
  143 ,   4291 : 2.4538761029678e+00 +(3e-02,3e-01) | 3.48e+03 |  7:1.0e-03  8:1.0e+00
  144 ,   4321 : 2.4516070992977e+00 +(3e-02,1e-01) | 3.54e+03 |  7:9.1e-04  8:9.2e-01
  145 ,   4351 : 2.4488631164360e+00 +(2e-02,3e-01) | 3.54e+03 |  7:7.6e-04  8:7.8e-01
  146 ,   4381 : 2.4486673202236e+00 +(2e-02,9e-02) | 3.63e+03 |  7:6.4e-04  8:6.7e-01
  147 ,   4411 : 2.4510120950727e+00 +(2e-02,1e-01) | 3.83e+03 |  7:5.9e-04  8:6.5e-01
  148 ,   4441 : 2.4514842597593e+00 +(2e-02,5e-02) | 4.02e+03 |  7:5.4e-04  8:6.2e-01
  149 ,   4471 : 2.4570605433740e+00 +(8e-03,5e-02) | 4.26e+03 |  7:5.6e-04  8:6.6e-01
Iterat, #Fevals:   Function Value    (median,worst) |Axis Ratio|idx:Min SD idx:Max SD
  150 ,   4501 : 2.4520135281962e+00 +(1e-02,4e-02) | 4.34e+03 |  7:5.2e-04  8:6.0e-01
  151 ,   4531 : 2.4529306254075e+00 +(9e-03,1e-01) | 4.34e+03 |  7:4.7e-04  8:5.4e-01
  152 ,   4561 : 2.4504078888973e+00 +(7e-03,3e-02) | 4.35e+03 |  7:4.2e-04  8:4.8e-01
  153 ,   4591 : 2.4506459996063e+00 +(9e-03,2e-02) | 4.25e+03 |  7:3.7e-04  8:4.2e-01
  154 ,   4621 : 2.4458141354714e+00 +(1e-02,3e-02) | 4.46e+03 |  7:3.8e-04  8:4.5e-01
  155 ,   4651 : 2.4391428473810e+00 +(2e-02,4e-02) | 4.26e+03 |  7:3.9e-04  8:4.6e-01
  156 ,   4681 : 2.4474133575106e+00 +(1e-02,5e-02) | 4.40e+03 |  7:3.7e-04  8:4.4e-01
  157 ,   4711 : 2.4490069426447e+00 +(1e-02,2e-02) | 4.43e+03 |  7:3.3e-04  8:4.0e-01
  158 ,   4741 : 2.4483571880385e+00 +(9e-03,4e-02) | 4.99e+03 |  7:3.2e-04  8:4.5e-01
  159 ,   4771 : 2.4476933035183e+00 +(1e-02,2e-02) | 5.15e+03 |  7:3.1e-04  8:4.5e-01
Iterat, #Fevals:   Function Value    (median,worst) |Axis Ratio|idx:Min SD idx:Max SD
  160 ,   4801 : 2.4468202909089e+00 +(1e-02,2e-02) | 5.36e+03 |  7:3.0e-04  8:4.5e-01
  161 ,   4831 : 2.4484867261102e+00 +(9e-03,2e-02) | 5.68e+03 |  7:2.8e-04  8:4.4e-01
  162 ,   4861 : 2.4405626501065e+00 +(2e-02,3e-02) | 5.69e+03 |  7:2.6e-04  8:4.0e-01
  163 ,   4891 : 2.4455027488174e+00 +(1e-02,3e-02) | 5.82e+03 |  7:2.5e-04  8:3.8e-01
  164 ,   4921 : 2.4400168738315e+00 +(2e-02,3e-02) | 5.87e+03 |  7:2.1e-04  8:3.4e-01
  165 ,   4951 : 2.4371350405780e+00 +(2e-02,3e-02) | 5.73e+03 |  7:1.9e-04  8:3.1e-01
  166 ,   4981 : 2.4408597160526e+00 +(1e-02,3e-02) | 5.96e+03 |  7:1.7e-04  8:2.8e-01
  167 ,   5011 : 2.4487867210446e+00 +(7e-03,2e-02) | 6.12e+03 |  7:1.8e-04  8:2.9e-01
  168 ,   5041 : 2.4406146572461e+00 +(2e-02,2e-02) | 6.22e+03 |  7:1.9e-04  8:3.0e-01
  169 ,   5071 : 2.4379410828848e+00 +(2e-02,2e-02) | 6.27e+03 |  7:2.0e-04  8:3.0e-01
Iterat, #Fevals:   Function Value    (median,worst) |Axis Ratio|idx:Min SD idx:Max SD
  170 ,   5101 : 2.4383247552109e+00 +(2e-02,3e-02) | 6.28e+03 |  7:1.9e-04  8:3.0e-01
  171 ,   5131 : 2.4370366045153e+00 +(2e-02,3e-02) | 6.24e+03 |  7:1.8e-04  8:2.7e-01
  172 ,   5161 : 2.4452426372166e+00 +(1e-02,2e-02) | 5.95e+03 |  7:1.7e-04  8:2.7e-01
  173 ,   5191 : 2.4438725695225e+00 +(1e-02,3e-02) | 6.36e+03 |  7:2.0e-04  8:3.1e-01
  174 ,   5221 : 2.4468972881867e+00 +(1e-02,4e-02) | 6.43e+03 |  7:1.9e-04  8:3.0e-01
  175 ,   5251 : 2.4369325280243e+00 +(2e-02,3e-02) | 6.65e+03 |  7:1.8e-04  8:2.8e-01
  176 ,   5281 : 2.4428136371335e+00 +(1e-02,3e-02) | 6.91e+03 |  7:1.7e-04  8:2.8e-01
  177 ,   5311 : 2.4443025221338e+00 +(1e-02,2e-02) | 6.57e+03 |  7:1.8e-04  8:2.6e-01
  178 ,   5341 : 2.4471726299103e+00 +(9e-03,2e-02) | 6.82e+03 |  7:1.8e-04  8:2.7e-01
  179 ,   5371 : 2.4412533068467e+00 +(1e-02,3e-02) | 6.80e+03 |  7:2.0e-04  8:2.8e-01
Iterat, #Fevals:   Function Value    (median,worst) |Axis Ratio|idx:Min SD idx:Max SD
  180 ,   5401 : 2.4408926739721e+00 +(1e-02,2e-02) | 7.11e+03 |  7:2.4e-04  8:3.3e-01
  181 ,   5431 : 2.4481241465978e+00 +(1e-02,3e-02) | 7.25e+03 |  7:2.4e-04  8:3.4e-01
  182 ,   5461 : 2.4425554077083e+00 +(1e-02,2e-02) | 7.47e+03 |  7:2.2e-04  8:3.1e-01
  183 ,   5491 : 2.4401433419959e+00 +(2e-02,3e-02) | 7.49e+03 |  7:2.0e-04  8:2.7e-01
  184 ,   5521 : 2.4392366910614e+00 +(1e-02,2e-02) | 7.58e+03 |  7:1.9e-04  8:2.6e-01
  185 ,   5551 : 2.4419921741412e+00 +(1e-02,3e-02) | 7.61e+03 |  7:1.7e-04  8:2.3e-01
  186 ,   5581 : 2.4446738505925e+00 +(1e-02,2e-02) | 7.78e+03 |  7:1.6e-04  8:2.3e-01
  187 ,   5611 : 2.4392893580683e+00 +(2e-02,3e-02) | 7.90e+03 |  7:1.6e-04  8:2.1e-01
  188 ,   5641 : 2.4319458423125e+00 +(2e-02,4e-02) | 7.86e+03 |  7:1.6e-04  8:2.0e-01
  189 ,   5671 : 2.4373492643423e+00 +(2e-02,3e-02) | 7.79e+03 |  7:1.4e-04  8:1.9e-01
Iterat, #Fevals:   Function Value    (median,worst) |Axis Ratio|idx:Min SD idx:Max SD
  190 ,   5701 : 2.4407660144662e+00 +(1e-02,2e-02) | 8.35e+03 |  7:1.4e-04  8:2.0e-01
  191 ,   5731 : 2.4477122953416e+00 +(6e-03,2e-02) | 8.62e+03 |  7:1.4e-04  8:2.0e-01
  192 ,   5761 : 2.4374137871458e+00 +(2e-02,3e-02) | 8.27e+03 |  7:1.4e-04  8:1.9e-01
  193 ,   5791 : 2.4421017127862e+00 +(1e-02,2e-02) | 8.04e+03 |  7:1.3e-04  8:1.9e-01
  194 ,   5821 : 2.4395166349752e+00 +(2e-02,4e-02) | 8.07e+03 |  7:1.4e-04  8:2.0e-01
  195 ,   5851 : 2.4407944320270e+00 +(1e-02,3e-02) | 7.49e+03 |  7:1.2e-04  8:1.8e-01
  196 ,   5881 : 2.4414760224545e+00 +(2e-02,3e-02) | 7.77e+03 |  7:1.2e-04  8:1.9e-01
  197 ,   5911 : 2.4424406749544e+00 +(1e-02,3e-02) | 7.27e+03 |  7:1.1e-04  8:1.7e-01
  198 ,   5941 : 2.4401529138017e+00 +(2e-02,3e-02) | 7.72e+03 |  7:1.0e-04  8:1.6e-01
  199 ,   5971 : 2.4453276546166e+00 +(9e-03,3e-02) | 7.56e+03 |  7:9.7e-05  8:1.5e-01
Iterat, #Fevals:   Function Value    (median,worst) |Axis Ratio|idx:Min SD idx:Max SD
  200 ,   6001 : 2.4322009713612e+00 +(2e-02,4e-02) | 7.67e+03 |  7:9.7e-05  8:1.5e-01
  201 ,   6031 : 2.4422163830858e+00 +(1e-02,3e-02) | 7.76e+03 |  7:1.1e-04  8:1.7e-01
  202 ,   6061 : 2.4409015562111e+00 +(1e-02,3e-02) | 7.83e+03 |  7:1.1e-04  8:1.7e-01
  203 ,   6091 : 2.4351104143501e+00 +(2e-02,3e-02) | 8.32e+03 |  7:1.2e-04  8:2.0e-01
  204 ,   6121 : 2.4356911799819e+00 +(2e-02,4e-02) | 8.46e+03 |  7:1.1e-04  8:1.9e-01
  205 ,   6151 : 2.4370100943391e+00 +(2e-02,3e-02) | 8.65e+03 |  7:9.1e-05  8:1.7e-01
  206 ,   6181 : 2.4444031574425e+00 +(1e-02,3e-02) | 9.11e+03 |  7:1.0e-04  8:1.9e-01
  207 ,   6211 : 2.4402065097199e+00 +(2e-02,3e-02) | 8.72e+03 |  7:1.0e-04  8:1.9e-01
  208 ,   6241 : 2.4392042497941e+00 +(2e-02,3e-02) | 9.10e+03 |  7:1.1e-04  8:2.0e-01
  209 ,   6271 : 2.4358615214736e+00 +(2e-02,3e-02) | 9.30e+03 |  7:9.7e-05  8:1.9e-01
Iterat, #Fevals:   Function Value    (median,worst) |Axis Ratio|idx:Min SD idx:Max SD
  210 ,   6301 : 2.4356648226063e+00 +(2e-02,4e-02) | 8.90e+03 |  7:1.1e-04  8:1.9e-01
  211 ,   6331 : 2.4443157607204e+00 +(1e-02,3e-02) | 9.16e+03 |  7:1.1e-04  8:2.0e-01
  212 ,   6361 : 2.4400168219419e+00 +(1e-02,3e-02) | 8.99e+03 |  7:9.5e-05  8:1.7e-01
  213 ,   6391 : 2.4446196526059e+00 +(1e-02,3e-02) | 8.87e+03 |  7:8.7e-05  8:1.6e-01
  214 ,   6421 : 2.4435767727428e+00 +(2e-02,3e-02) | 8.98e+03 |  7:8.7e-05  8:1.6e-01
  215 ,   6451 : 2.4402123247320e+00 +(2e-02,3e-02) | 8.46e+03 |  7:9.2e-05  8:1.6e-01
  216 ,   6481 : 2.4396909290388e+00 +(1e-02,3e-02) | 8.66e+03 |  7:8.8e-05  8:1.6e-01
  217 ,   6511 : 2.4425679283738e+00 +(1e-02,3e-02) | 8.76e+03 |  7:8.9e-05  8:1.5e-01
  218 ,   6541 : 2.4426366295908e+00 +(1e-02,2e-02) | 9.06e+03 |  7:9.2e-05  8:1.6e-01
  219 ,   6571 : 2.4396735070183e+00 +(1e-02,3e-02) | 9.22e+03 |  7:1.0e-04  8:1.8e-01
Iterat, #Fevals:   Function Value    (median,worst) |Axis Ratio|idx:Min SD idx:Max SD
  220 ,   6601 : 2.4416474969534e+00 +(1e-02,3e-02) | 9.02e+03 |  7:1.0e-04  8:1.7e-01
  221 ,   6631 : 2.4323482434500e+00 +(2e-02,3e-02) | 8.63e+03 |  7:9.9e-05  8:1.7e-01
  222 ,   6661 : 2.4331953804039e+00 +(2e-02,4e-02) | 8.65e+03 |  7:9.2e-05  8:1.5e-01
  223 ,   6691 : 2.4359945966952e+00 +(2e-02,3e-02) | 8.68e+03 |  7:8.7e-05  8:1.5e-01
  224 ,   6721 : 2.4417643428774e+00 +(1e-02,3e-02) | 8.53e+03 |  7:8.1e-05  8:1.4e-01
  225 ,   6751 : 2.4434330006810e+00 +(2e-02,3e-02) | 8.93e+03 |  7:7.3e-05  8:1.3e-01
  226 ,   6781 : 2.4384336603644e+00 +(1e-02,3e-02) | 9.81e+03 |  7:7.4e-05  8:1.4e-01
  227 ,   6811 : 2.4418382984063e+00 +(1e-02,3e-02) | 1.06e+04 |  7:7.5e-05  8:1.4e-01
  228 ,   6841 : 2.4414374591389e+00 +(1e-02,3e-02) | 1.03e+04 |  7:8.5e-05  8:1.6e-01
  229 ,   6871 : 2.4428462261256e+00 +(1e-02,3e-02) | 9.80e+03 |  7:8.8e-05  8:1.6e-01
Iterat, #Fevals:   Function Value    (median,worst) |Axis Ratio|idx:Min SD idx:Max SD
  230 ,   6901 : 2.4415523983333e+00 +(1e-02,2e-02) | 9.51e+03 |  7:8.6e-05  8:1.5e-01
  231 ,   6931 : 2.4392634452288e+00 +(1e-02,3e-02) | 9.72e+03 |  7:8.6e-05  8:1.5e-01
  232 ,   6961 : 2.4354453475960e+00 +(2e-02,3e-02) | 9.16e+03 |  7:9.3e-05  8:1.6e-01
  233 ,   6991 : 2.4371436183560e+00 +(2e-02,3e-02) | 8.73e+03 |  7:8.4e-05  8:1.4e-01
  234 ,   7021 : 2.4374362795676e+00 +(1e-02,3e-02) | 8.63e+03 |  7:7.7e-05  8:1.3e-01
  235 ,   7051 : 2.4339052366232e+00 +(2e-02,3e-02) | 8.55e+03 |  7:7.2e-05  8:1.2e-01
  236 ,   7081 : 2.4347998632668e+00 +(2e-02,3e-02) | 9.03e+03 |  7:8.7e-05  8:1.5e-01
  237 ,   7111 : 2.4404261939714e+00 +(2e-02,2e-02) | 8.74e+03 |  7:8.7e-05  8:1.5e-01
  238 ,   7141 : 2.4410993948717e+00 +(2e-02,3e-02) | 8.88e+03 |  7:8.6e-05  8:1.6e-01
  239 ,   7171 : 2.4427998690329e+00 +(1e-02,3e-02) | 9.21e+03 |  7:8.1e-05  8:1.5e-01
Iterat, #Fevals:   Function Value    (median,worst) |Axis Ratio|idx:Min SD idx:Max SD
  240 ,   7201 : 2.4366269883678e+00 +(2e-02,4e-02) | 9.45e+03 |  7:7.5e-05  8:1.4e-01
  241 ,   7231 : 2.4391538667399e+00 +(1e-02,3e-02) | 9.60e+03 |  7:9.5e-05  8:1.7e-01
  242 ,   7261 : 2.4414251613826e+00 +(1e-02,3e-02) | 9.96e+03 |  7:9.6e-05  8:1.7e-01
  243 ,   7291 : 2.4392698325826e+00 +(2e-02,3e-02) | 1.02e+04 |  7:1.1e-04  8:1.8e-01
  244 ,   7321 : 2.4415497377828e+00 +(1e-02,4e-02) | 1.03e+04 |  7:1.4e-04  8:2.1e-01
  245 ,   7351 : 2.4380339712378e+00 +(2e-02,3e-02) | 1.01e+04 |  7:1.3e-04  8:2.0e-01
  246 ,   7381 : 2.4420968150021e+00 +(1e-02,3e-02) | 1.05e+04 |  7:1.2e-04  8:1.8e-01
  247 ,   7411 : 2.4472234231502e+00 +(1e-02,2e-02) | 1.21e+04 |  7:1.4e-04  8:2.3e-01
  248 ,   7441 : 2.4429391370163e+00 +(1e-02,3e-02) | 1.23e+04 |  7:1.4e-04  8:2.2e-01
  249 ,   7471 : 2.4371283857716e+00 +(2e-02,3e-02) | 1.21e+04 |  7:1.3e-04  8:2.0e-01
Iterat, #Fevals:   Function Value    (median,worst) |Axis Ratio|idx:Min SD idx:Max SD
  250 ,   7501 : 2.4372181986772e+00 +(2e-02,3e-02) | 1.23e+04 |  7:1.2e-04  8:1.8e-01
  251 ,   7531 : 2.4400942359984e+00 +(1e-02,3e-02) | 1.25e+04 |  7:1.2e-04  8:1.8e-01
  252 ,   7561 : 2.4395653853701e+00 +(2e-02,3e-02) | 1.33e+04 |  7:1.3e-04  8:2.0e-01
  253 ,   7591 : 2.4327008619070e+00 +(2e-02,4e-02) | 1.42e+04 |  7:1.3e-04  8:2.2e-01
  254 ,   7621 : 2.4466294096269e+00 +(8e-03,2e-02) | 1.42e+04 |  7:1.2e-04  8:2.0e-01
  255 ,   7651 : 2.4382610152841e+00 +(2e-02,3e-02) | 1.44e+04 |  7:1.3e-04  8:2.1e-01
  256 ,   7681 : 2.4397244159200e+00 +(2e-02,3e-02) | 1.44e+04 |  7:1.4e-04  8:2.4e-01
  257 ,   7711 : 2.4439455706740e+00 +(1e-02,2e-02) | 1.49e+04 |  7:1.5e-04  8:2.6e-01
  258 ,   7741 : 2.4346439166026e+00 +(2e-02,4e-02) | 1.51e+04 |  7:1.5e-04  8:2.4e-01
  259 ,   7771 : 2.4411682508836e+00 +(1e-02,3e-02) | 1.40e+04 |  7:1.5e-04  8:2.3e-01
Iterat, #Fevals:   Function Value    (median,worst) |Axis Ratio|idx:Min SD idx:Max SD
  260 ,   7801 : 2.4371813880129e+00 +(2e-02,3e-02) | 1.39e+04 |  7:1.5e-04  8:2.5e-01
  261 ,   7831 : 2.4426516313393e+00 +(1e-02,3e-02) | 1.39e+04 |  7:1.6e-04  8:2.6e-01
  262 ,   7861 : 2.4382925965862e+00 +(2e-02,3e-02) | 1.40e+04 |  7:1.3e-04  8:2.2e-01
  263 ,   7891 : 2.4351646058385e+00 +(1e-02,3e-02) | 1.34e+04 |  7:1.2e-04  8:1.9e-01
  264 ,   7921 : 2.4412485667663e+00 +(1e-02,3e-02) | 1.44e+04 |  7:1.2e-04  8:1.9e-01
  265 ,   7951 : 2.4347591318207e+00 +(2e-02,4e-02) | 1.47e+04 |  7:1.1e-04  8:1.9e-01
  266 ,   7981 : 2.4344683524950e+00 +(2e-02,3e-02) | 1.50e+04 |  7:1.1e-04  8:1.9e-01
  267 ,   8011 : 2.4343052694070e+00 +(2e-02,3e-02) | 1.41e+04 |  7:1.2e-04  8:1.9e-01
  268 ,   8041 : 2.4347540937146e+00 +(2e-02,4e-02) | 1.42e+04 |  7:1.2e-04  8:1.9e-01
  269 ,   8071 : 2.4395656315084e+00 +(2e-02,3e-02) | 1.36e+04 |  7:1.1e-04  8:1.7e-01
Iterat, #Fevals:   Function Value    (median,worst) |Axis Ratio|idx:Min SD idx:Max SD
  270 ,   8101 : 2.4407143337888e+00 +(1e-02,3e-02) | 1.29e+04 |  7:1.2e-04  8:1.9e-01
  271 ,   8131 : 2.4387101665625e+00 +(2e-02,3e-02) | 1.25e+04 |  7:1.1e-04  8:1.7e-01
  272 ,   8161 : 2.4340303981820e+00 +(2e-02,4e-02) | 1.31e+04 |  7:1.1e-04  8:1.8e-01
  273 ,   8191 : 2.4380457777716e+00 +(2e-02,3e-02) | 1.34e+04 |  7:1.1e-04  8:1.8e-01
  274 ,   8221 : 2.4398670527961e+00 +(2e-02,3e-02) | 1.38e+04 |  7:1.3e-04  8:1.9e-01
  275 ,   8251 : 2.4370543604461e+00 +(1e-02,4e-02) | 1.34e+04 |  7:1.3e-04  8:1.9e-01
  276 ,   8281 : 2.4386646792494e+00 +(1e-02,3e-02) | 1.39e+04 |  7:1.2e-04  8:1.8e-01
  277 ,   8311 : 2.4388429348940e+00 +(2e-02,3e-02) | 1.34e+04 |  7:1.2e-04  8:1.7e-01
  278 ,   8341 : 2.4324618125171e+00 +(2e-02,4e-02) | 1.30e+04 |  7:1.1e-04  8:1.6e-01
  279 ,   8371 : 2.4357761032418e+00 +(2e-02,4e-02) | 1.27e+04 |  7:1.1e-04  8:1.5e-01
Iterat, #Fevals:   Function Value    (median,worst) |Axis Ratio|idx:Min SD idx:Max SD
  280 ,   8401 : 2.4320245988348e+00 +(2e-02,4e-02) | 1.28e+04 |  7:1.1e-04  8:1.4e-01
  281 ,   8431 : 2.4311181284727e+00 +(2e-02,4e-02) | 1.29e+04 |  7:1.1e-04  8:1.5e-01
  282 ,   8461 : 2.4381613728456e+00 +(1e-02,3e-02) | 1.37e+04 |  7:1.5e-04  8:1.8e-01
  283 ,   8491 : 2.4361240390935e+00 +(2e-02,3e-02) | 1.33e+04 |  7:1.5e-04  8:1.8e-01
  284 ,   8521 : 2.4398325614355e+00 +(1e-02,3e-02) | 1.31e+04 |  7:1.5e-04  8:1.7e-01
  285 ,   8551 : 2.4421384291708e+00 +(1e-02,3e-02) | 1.34e+04 |  7:1.3e-04  8:1.6e-01
  286 ,   8581 : 2.4360035131067e+00 +(1e-02,3e-02) | 1.32e+04 |  7:1.2e-04  8:1.4e-01
  287 ,   8611 : 2.4391268794655e+00 +(2e-02,3e-02) | 1.29e+04 |  7:1.2e-04  8:1.3e-01
  288 ,   8641 : 2.4424349194556e+00 +(1e-02,3e-02) | 1.28e+04 |  7:1.2e-04  8:1.4e-01
  289 ,   8671 : 2.4354125708870e+00 +(2e-02,3e-02) | 1.46e+04 |  7:1.4e-04  8:1.8e-01
Iterat, #Fevals:   Function Value    (median,worst) |Axis Ratio|idx:Min SD idx:Max SD
  290 ,   8701 : 2.4418939984832e+00 +(1e-02,3e-02) | 1.45e+04 |  7:1.4e-04  8:1.8e-01
  291 ,   8731 : 2.4409762436494e+00 +(1e-02,3e-02) | 1.56e+04 |  7:1.5e-04  8:2.1e-01
  292 ,   8761 : 2.4351811850587e+00 +(2e-02,4e-02) | 1.67e+04 |  7:1.7e-04  8:2.4e-01
  293 ,   8791 : 2.4342139801950e+00 +(2e-02,3e-02) | 1.71e+04 |  7:1.6e-04  8:2.2e-01
  294 ,   8821 : 2.4375459365279e+00 +(1e-02,3e-02) | 1.77e+04 |  7:1.6e-04  8:2.3e-01
  295 ,   8851 : 2.4415665569755e+00 +(1e-02,3e-02) | 1.76e+04 |  7:1.4e-04  8:2.0e-01
  296 ,   8881 : 2.4404707645294e+00 +(1e-02,3e-02) | 1.77e+04 |  7:1.2e-04  8:1.8e-01
  297 ,   8911 : 2.4399434206038e+00 +(2e-02,3e-02) | 1.74e+04 |  7:1.3e-04  8:1.8e-01
  298 ,   8941 : 2.4422413246076e+00 +(1e-02,2e-02) | 1.87e+04 |  7:1.6e-04  8:2.2e-01
  299 ,   8971 : 2.4419368020513e+00 +(1e-02,3e-02) | 1.97e+04 |  7:1.4e-04  8:2.1e-01
Iterat, #Fevals:   Function Value    (median,worst) |Axis Ratio|idx:Min SD idx:Max SD
  300 ,   9001 : 2.4320446712740e+00 +(2e-02,3e-02) | 1.92e+04 |  7:1.5e-04  8:2.2e-01
  301 ,   9031 : 2.4346706098925e+00 +(2e-02,4e-02) | 1.87e+04 |  7:1.5e-04  8:2.2e-01
  302 ,   9061 : 2.4316062019185e+00 +(2e-02,4e-02) | 1.96e+04 |  7:1.5e-04  8:2.2e-01
  303 ,   9091 : 2.4388065159202e+00 +(2e-02,4e-02) | 1.84e+04 |  7:1.9e-04  8:2.7e-01
  304 ,   9121 : 2.4416435598219e+00 +(2e-02,3e-02) | 1.80e+04 |  7:2.2e-04  8:2.9e-01
  305 ,   9151 : 2.4405475972363e+00 +(1e-02,3e-02) | 1.73e+04 |  7:2.0e-04  8:2.7e-01
  306 ,   9181 : 2.4375030815197e+00 +(2e-02,4e-02) | 1.62e+04 |  7:2.1e-04  8:2.6e-01
  307 ,   9211 : 2.4417267387313e+00 +(1e-02,2e-02) | 1.65e+04 |  7:2.0e-04  8:2.6e-01
  308 ,   9241 : 2.4375998073667e+00 +(1e-02,3e-02) | 1.55e+04 |  7:2.3e-04  8:2.5e-01
  309 ,   9271 : 2.4355349025631e+00 +(2e-02,3e-02) | 1.50e+04 |  7:2.2e-04  8:2.3e-01
Iterat, #Fevals:   Function Value    (median,worst) |Axis Ratio|idx:Min SD idx:Max SD
  310 ,   9301 : 2.4380956839475e+00 +(2e-02,3e-02) | 1.54e+04 |  7:2.3e-04  8:2.3e-01
  311 ,   9331 : 2.4410716498991e+00 +(2e-02,3e-02) | 1.53e+04 |  7:2.2e-04  8:2.2e-01
  312 ,   9361 : 2.4386097972585e+00 +(2e-02,3e-02) | 1.51e+04 |  7:2.2e-04  8:2.1e-01
  313 ,   9391 : 2.4410146871720e+00 +(1e-02,3e-02) | 1.59e+04 |  7:2.1e-04  8:2.0e-01
  314 ,   9421 : 2.4412730173902e+00 +(1e-02,3e-02) | 1.80e+04 |  7:2.1e-04  8:2.3e-01
  315 ,   9451 : 2.4352444868093e+00 +(2e-02,3e-02) | 1.78e+04 |  7:2.3e-04  8:2.4e-01
  316 ,   9481 : 2.4421067584383e+00 +(1e-02,3e-02) | 1.78e+04 |  7:2.1e-04  8:2.3e-01
  317 ,   9511 : 2.4368238732181e+00 +(2e-02,3e-02) | 1.71e+04 |  7:1.9e-04  8:2.1e-01
  318 ,   9541 : 2.4356467600266e+00 +(2e-02,3e-02) | 1.76e+04 |  7:1.9e-04  8:2.1e-01
  319 ,   9571 : 2.4391645560945e+00 +(1e-02,3e-02) | 1.81e+04 |  7:1.8e-04  8:1.9e-01
Iterat, #Fevals:   Function Value    (median,worst) |Axis Ratio|idx:Min SD idx:Max SD
  320 ,   9601 : 2.4318450018901e+00 +(2e-02,4e-02) | 1.89e+04 |  7:1.8e-04  8:2.0e-01
  321 ,   9631 : 2.4402406667087e+00 +(2e-02,3e-02) | 1.94e+04 |  7:1.5e-04  8:1.7e-01
  322 ,   9661 : 2.4380251066222e+00 +(2e-02,3e-02) | 1.98e+04 |  7:1.6e-04  8:1.8e-01
  323 ,   9691 : 2.4410622997592e+00 +(1e-02,3e-02) | 1.96e+04 |  7:1.9e-04  8:2.1e-01
  324 ,   9721 : 2.4416006217841e+00 +(1e-02,3e-02) | 2.07e+04 |  7:2.2e-04  8:2.4e-01
  325 ,   9751 : 2.4380248254320e+00 +(2e-02,3e-02) | 2.03e+04 |  7:2.2e-04  8:2.3e-01
  326 ,   9781 : 2.4384327973718e+00 +(2e-02,3e-02) | 1.92e+04 |  7:2.1e-04  8:2.3e-01
  327 ,   9811 : 2.4385765693797e+00 +(2e-02,3e-02) | 1.87e+04 |  7:1.9e-04  8:2.1e-01
  328 ,   9841 : 2.4428525149432e+00 +(1e-02,2e-02) | 1.83e+04 |  7:1.8e-04  8:2.0e-01
  329 ,   9871 : 2.4313918794921e+00 +(2e-02,4e-02) | 1.82e+04 |  7:1.7e-04  8:2.0e-01
Iterat, #Fevals:   Function Value    (median,worst) |Axis Ratio|idx:Min SD idx:Max SD
  330 ,   9901 : 2.4370678604042e+00 +(2e-02,3e-02) | 1.84e+04 |  7:1.7e-04  8:1.9e-01
  331 ,   9931 : 2.4329756405897e+00 +(2e-02,4e-02) | 1.89e+04 |  7:1.5e-04  8:1.8e-01
  332 ,   9961 : 2.4336496273858e+00 +(2e-02,4e-02) | 1.91e+04 |  7:1.6e-04  8:1.9e-01
  333 ,   9991 : 2.4336241815910e+00 +(2e-02,3e-02) | 1.95e+04 |  7:1.7e-04  8:1.9e-01
  334 ,  10021 : 2.4390130974113e+00 +(1e-02,3e-02) | 1.90e+04 |  7:1.6e-04  8:1.8e-01
  335 ,  10051 : 2.4400973363108e+00 +(1e-02,2e-02) | 1.94e+04 |  7:1.5e-04  8:1.6e-01
  336 ,  10081 : 2.4405875459172e+00 +(1e-02,3e-02) | 2.06e+04 |  7:1.6e-04  8:1.8e-01
  337 ,  10111 : 2.4435797749858e+00 +(1e-02,3e-02) | 2.13e+04 |  7:1.5e-04  8:1.8e-01
  338 ,  10141 : 2.4472562859949e+00 +(1e-02,2e-02) | 2.13e+04 |  7:1.6e-04  8:1.8e-01
  339 ,  10171 : 2.4398857480514e+00 +(2e-02,3e-02) | 2.17e+04 |  7:1.5e-04  8:1.8e-01
Iterat, #Fevals:   Function Value    (median,worst) |Axis Ratio|idx:Min SD idx:Max SD
  340 ,  10201 : 2.4394821828442e+00 +(2e-02,3e-02) | 2.15e+04 |  7:1.6e-04  8:1.8e-01
  341 ,  10231 : 2.4371915581754e+00 +(2e-02,3e-02) | 2.30e+04 |  7:1.6e-04  8:1.9e-01
  342 ,  10261 : 2.4412500259824e+00 +(1e-02,3e-02) | 2.44e+04 |  7:1.6e-04  8:2.0e-01
  343 ,  10291 : 2.4395710633711e+00 +(1e-02,3e-02) | 2.42e+04 |  7:1.5e-04  8:2.0e-01
  344 ,  10321 : 2.4323921880127e+00 +(2e-02,4e-02) | 2.45e+04 |  7:1.3e-04  8:1.8e-01
  345 ,  10351 : 2.4380273894664e+00 +(2e-02,3e-02) | 2.37e+04 |  7:1.3e-04  8:1.7e-01
  346 ,  10381 : 2.4398657236023e+00 +(1e-02,3e-02) | 2.54e+04 |  7:1.1e-04  8:1.5e-01
  347 ,  10411 : 2.4451151995895e+00 +(1e-02,3e-02) | 2.57e+04 |  7:9.5e-05  8:1.3e-01
  348 ,  10441 : 2.4391625232279e+00 +(2e-02,3e-02) | 2.42e+04 |  7:9.0e-05  8:1.2e-01
  349 ,  10471 : 2.4365680422851e+00 +(2e-02,4e-02) | 2.56e+04 |  7:8.8e-05  8:1.2e-01
Iterat, #Fevals:   Function Value    (median,worst) |Axis Ratio|idx:Min SD idx:Max SD
  350 ,  10501 : 2.4369225960412e+00 +(2e-02,4e-02) | 2.53e+04 |  7:8.3e-05  8:1.2e-01
  351 ,  10531 : 2.4384594301711e+00 +(1e-02,3e-02) | 2.47e+04 |  7:6.5e-05  8:9.0e-02
  352 ,  10561 : 2.4376970860365e+00 +(2e-02,3e-02) | 2.51e+04 |  7:5.6e-05  8:7.6e-02
  353 ,  10591 : 2.4407033201237e+00 +(2e-02,3e-02) | 2.54e+04 |  7:5.5e-05  8:7.2e-02
  354 ,  10621 : 2.4332046575923e+00 +(2e-02,3e-02) | 2.59e+04 |  7:6.8e-05  8:8.4e-02
  355 ,  10651 : 2.4348545049244e+00 +(2e-02,4e-02) | 2.53e+04 |  7:6.4e-05  8:8.1e-02
  356 ,  10681 : 2.4362553999198e+00 +(2e-02,3e-02) | 2.62e+04 |  7:6.3e-05  8:8.0e-02
  357 ,  10711 : 2.4379599116945e+00 +(2e-02,3e-02) | 2.69e+04 |  7:5.9e-05  8:7.6e-02
  358 ,  10741 : 2.4378237802828e+00 +(2e-02,3e-02) | 2.80e+04 |  7:6.6e-05  8:8.4e-02
  359 ,  10771 : 2.4395150215386e+00 +(1e-02,3e-02) | 3.01e+04 |  7:6.8e-05  8:8.6e-02
Iterat, #Fevals:   Function Value    (median,worst) |Axis Ratio|idx:Min SD idx:Max SD
  360 ,  10801 : 2.4388332905949e+00 +(2e-02,3e-02) | 2.96e+04 |  7:6.3e-05  8:8.3e-02
  361 ,  10831 : 2.4414402824055e+00 +(1e-02,2e-02) | 2.91e+04 |  7:6.4e-05  8:7.8e-02
  362 ,  10861 : 2.4350948435432e+00 +(2e-02,4e-02) | 2.90e+04 |  7:6.0e-05  8:7.7e-02
  363 ,  10891 : 2.4368229167890e+00 +(2e-02,3e-02) | 3.02e+04 |  7:6.7e-05  8:8.2e-02
  364 ,  10921 : 2.4396332757705e+00 +(1e-02,3e-02) | 2.88e+04 |  7:5.8e-05  8:7.1e-02
  365 ,  10951 : 2.4398016282683e+00 +(1e-02,3e-02) | 2.71e+04 |  7:5.5e-05  8:6.9e-02
  366 ,  10981 : 2.4380287049283e+00 +(2e-02,3e-02) | 2.77e+04 |  7:5.0e-05  8:6.4e-02
  367 ,  11011 : 2.4418534025737e+00 +(1e-02,3e-02) | 2.85e+04 |  7:4.9e-05  8:6.3e-02
  368 ,  11041 : 2.4404838655438e+00 +(1e-02,3e-02) | 2.85e+04 |  7:5.9e-05  8:7.5e-02
  369 ,  11071 : 2.4405276388288e+00 +(1e-02,3e-02) | 2.78e+04 |  7:5.8e-05  8:7.4e-02
Iterat, #Fevals:   Function Value    (median,worst) |Axis Ratio|idx:Min SD idx:Max SD
  370 ,  11101 : 2.4405769057468e+00 +(2e-02,3e-02) | 2.76e+04 |  7:5.5e-05  8:7.2e-02
  371 ,  11131 : 2.4388959091662e+00 +(1e-02,3e-02) | 2.85e+04 |  7:5.2e-05  8:6.7e-02
  372 ,  11161 : 2.4326624020445e+00 +(2e-02,3e-02) | 2.89e+04 |  7:4.7e-05  8:6.5e-02
  373 ,  11191 : 2.4392333216449e+00 +(2e-02,3e-02) | 2.92e+04 |  7:4.5e-05  8:6.5e-02
  374 ,  11221 : 2.4411200338787e+00 +(1e-02,3e-02) | 2.75e+04 |  7:5.0e-05  8:6.9e-02
  375 ,  11251 : 2.4388124079273e+00 +(1e-02,3e-02) | 2.75e+04 |  7:4.8e-05  8:6.4e-02
  376 ,  11281 : 2.4410075404758e+00 +(1e-02,2e-02) | 2.93e+04 |  7:5.2e-05  8:7.5e-02
  377 ,  11311 : 2.4370579214791e+00 +(2e-02,3e-02) | 3.02e+04 |  7:5.0e-05  8:7.2e-02
  378 ,  11341 : 2.4385061350863e+00 +(1e-02,3e-02) | 3.04e+04 |  7:4.4e-05  8:6.4e-02
  379 ,  11371 : 2.4353877696778e+00 +(2e-02,4e-02) | 3.05e+04 |  7:4.7e-05  8:6.8e-02
Iterat, #Fevals:   Function Value    (median,worst) |Axis Ratio|idx:Min SD idx:Max SD
  380 ,  11401 : 2.4406759987752e+00 +(1e-02,3e-02) | 2.77e+04 |  7:5.3e-05  8:7.6e-02
  381 ,  11431 : 2.4378504296456e+00 +(2e-02,4e-02) | 2.62e+04 |  7:5.9e-05  8:8.0e-02
  382 ,  11461 : 2.4382584902856e+00 +(1e-02,3e-02) | 2.57e+04 |  7:5.8e-05  8:7.7e-02
  383 ,  11491 : 2.4414709470263e+00 +(1e-02,3e-02) | 2.70e+04 |  7:6.2e-05  8:8.4e-02
  384 ,  11521 : 2.4414816957325e+00 +(1e-02,3e-02) | 2.82e+04 |  7:5.6e-05  8:7.9e-02
  385 ,  11551 : 2.4454630993967e+00 +(9e-03,2e-02) | 2.78e+04 |  7:5.3e-05  8:7.5e-02
  386 ,  11581 : 2.4315009732837e+00 +(2e-02,4e-02) | 2.92e+04 |  7:4.9e-05  8:7.0e-02
  387 ,  11611 : 2.4430252822644e+00 +(1e-02,3e-02) | 2.84e+04 |  7:4.5e-05  8:6.4e-02
  388 ,  11641 : 2.4353965896342e+00 +(2e-02,3e-02) | 2.89e+04 |  7:4.5e-05  8:6.5e-02
  389 ,  11671 : 2.4338268118146e+00 +(2e-02,3e-02) | 3.06e+04 |  7:4.4e-05  8:6.5e-02
Iterat, #Fevals:   Function Value    (median,worst) |Axis Ratio|idx:Min SD idx:Max SD
  390 ,  11701 : 2.4406245588155e+00 +(1e-02,3e-02) | 3.03e+04 |  7:4.0e-05  8:6.0e-02
  391 ,  11731 : 2.4362494243388e+00 +(2e-02,3e-02) | 2.98e+04 |  7:3.5e-05  8:5.2e-02
  392 ,  11761 : 2.4417665074420e+00 +(2e-02,3e-02) | 3.01e+04 |  7:3.3e-05  8:4.4e-02
  393 ,  11791 : 2.4343497248563e+00 +(2e-02,3e-02) | 3.06e+04 |  7:3.4e-05  8:4.5e-02
  394 ,  11821 : 2.4380830063493e+00 +(2e-02,3e-02) | 2.90e+04 |  7:2.9e-05  8:3.9e-02
  395 ,  11851 : 2.4409628856566e+00 +(1e-02,3e-02) | 2.87e+04 |  7:2.8e-05  8:3.3e-02
  396 ,  11881 : 2.4414712610530e+00 +(1e-02,2e-02) | 2.86e+04 |  7:2.9e-05  8:3.6e-02
  397 ,  11911 : 2.4408068034332e+00 +(1e-02,3e-02) | 2.73e+04 |  7:3.1e-05  8:3.8e-02
  398 ,  11941 : 2.4415890144387e+00 +(1e-02,3e-02) | 2.78e+04 |  7:3.2e-05  8:4.0e-02
  399 ,  11971 : 2.4456403359119e+00 +(1e-02,2e-02) | 2.95e+04 |  7:3.2e-05  8:4.1e-02
Iterat, #Fevals:   Function Value    (median,worst) |Axis Ratio|idx:Min SD idx:Max SD
  400 ,  12001 : 2.4422127927720e+00 +(1e-02,3e-02) | 2.89e+04 |  7:3.3e-05  8:4.1e-02
  401 ,  12031 : 2.4393510419684e+00 +(1e-02,3e-02) | 2.70e+04 |  7:3.3e-05  8:4.2e-02
  402 ,  12061 : 2.4416132221293e+00 +(1e-02,3e-02) | 2.64e+04 |  7:3.3e-05  8:3.9e-02
  403 ,  12091 : 2.4392524842102e+00 +(2e-02,3e-02) | 2.74e+04 |  7:3.2e-05  8:4.0e-02
  404 ,  12121 : 2.4396289657038e+00 +(1e-02,3e-02) | 3.00e+04 |  7:3.8e-05  8:4.9e-02
  405 ,  12151 : 2.4381459532279e+00 +(2e-02,3e-02) | 3.04e+04 |  7:3.6e-05  8:4.7e-02
  406 ,  12181 : 2.4328186567585e+00 +(2e-02,4e-02) | 3.05e+04 |  7:3.2e-05  8:4.1e-02
  407 ,  12211 : 2.4399029519378e+00 +(1e-02,3e-02) | 3.00e+04 |  7:3.3e-05  8:4.1e-02
  408 ,  12241 : 2.4373110043927e+00 +(2e-02,3e-02) | 2.96e+04 |  7:3.1e-05  8:3.7e-02
  409 ,  12271 : 2.4403633183102e+00 +(1e-02,2e-02) | 2.93e+04 |  7:3.0e-05  8:3.5e-02
Iterat, #Fevals:   Function Value    (median,worst) |Axis Ratio|idx:Min SD idx:Max SD
  410 ,  12301 : 2.4388482588514e+00 +(1e-02,3e-02) | 2.96e+04 |  7:2.9e-05  8:3.4e-02
  411 ,  12331 : 2.4405176997953e+00 +(1e-02,3e-02) | 3.00e+04 |  7:3.0e-05  8:3.6e-02
  412 ,  12361 : 2.4466707515286e+00 +(1e-02,2e-02) | 3.05e+04 |  7:3.1e-05  8:3.8e-02
  413 ,  12391 : 2.4330235239426e+00 +(2e-02,4e-02) | 3.06e+04 |  7:3.9e-05  8:4.9e-02
