
                            < M A T L A B (R) >
                  Copyright 1984-2015 The MathWorks, Inc.
                   R2015a (8.5.0.197613) 64-bit (glnxa64)
                             February 12, 2015

 
For online documentation, see http://www.mathworks.com/support
For product information, visit www.mathworks.com.
 

	Academic License


seed =

                120.172051


InitialthetaLB =

                       0.1
                         1
                         1
                       0.1
                         1
                       0.1
                     0.001
                    0.0001
                       300


InitialthetaUB =

      100000
    10000000
   100000000
       10000
       10000
        1000
           5
         100
        2000


Initialtheta =

          67795.5870253028
          5129588.50963682
          62370571.5466877
          4771.47693618116
          4603.13788084829
          950.869779586066
          4.92289341979113
          85.4422691470115
          1304.85358663224

  n=9: (15,30)-CMA-ES(w=[21 15 12... 0.77 0.25]%, ]%, mu_eff=8.6) on function Error
Iterat, #Fevals:   Function Value    (median,worst) |Axis Ratio|idx:Min SD idx:Max SD
    1 ,     31 : 4.1179392582897e+01 +(7e+02,6e+09) | 2.16e+00 |  7:3.0e-01  5:6.2e-01
    2 ,     61 : 3.2537704080735e+01 +(5e+01,2e+10) | 2.21e+00 |  7:2.8e-01  5:6.0e-01
    3 ,     91 : 3.2538454524374e+01 +(5e+01,6e+04) | 2.27e+00 |  7:2.6e-01  5:5.7e-01
    4 ,    121 : 3.5165785094251e+01 +(5e+01,4e+09) | 2.43e+00 |  7:2.7e-01  5:5.9e-01
    5 ,    151 : 3.3410396669614e+01 +(5e+01,1e+04) | 2.35e+00 |  7:2.6e-01  5:5.5e-01
    6 ,    181 : 3.2001304668529e+01 +(5e+01,7e+03) | 2.43e+00 |  7:2.4e-01  5:4.9e-01
    7 ,    211 : 3.3785885203156e+01 +(5e+01,7e+02) | 2.45e+00 |  7:2.0e-01  4:4.3e-01
    8 ,    241 : 3.2952984951172e+01 +(4e+01,5e+03) | 2.40e+00 |  7:1.8e-01  4:3.7e-01
    9 ,    271 : 3.2198591395722e+01 +(3e+01,9e+02) | 2.45e+00 |  7:1.6e-01  5:3.3e-01
Iterat, #Fevals:   Function Value    (median,worst) |Axis Ratio|idx:Min SD idx:Max SD
   10 ,    301 : 3.1806514048041e+01 +(2e+01,7e+02) | 2.74e+00 |  7:1.7e-01  4:3.7e-01
   11 ,    331 : 3.0715921483193e+01 +(2e+01,4e+02) | 2.79e+00 |  7:1.6e-01  4:3.6e-01
   12 ,    361 : 3.1687555387012e+01 +(8e+00,4e+02) | 2.92e+00 |  7:1.6e-01  4:3.7e-01
   13 ,    391 : 3.2010577281365e+01 +(1e+01,3e+03) | 3.11e+00 |  7:1.5e-01  4:3.5e-01
   14 ,    421 : 3.2098854621586e+01 +(6e+00,6e+02) | 3.14e+00 |  7:1.4e-01  4:3.2e-01
   15 ,    451 : 3.1890453808056e+01 +(7e+00,3e+02) | 3.41e+00 |  7:1.3e-01  4:3.0e-01
   16 ,    481 : 3.1699886260161e+01 +(4e+00,3e+02) | 3.59e+00 |  7:1.2e-01  4:3.0e-01
   17 ,    511 : 3.1323522586709e+01 +(7e+00,1e+02) | 3.84e+00 |  7:1.3e-01  4:3.1e-01
   18 ,    541 : 3.1475079698130e+01 +(3e+00,1e+02) | 3.95e+00 |  7:1.2e-01  4:2.8e-01
   19 ,    571 : 3.2075583717855e+01 +(4e+00,4e+01) | 4.17e+00 |  7:1.1e-01  5:2.8e-01
Iterat, #Fevals:   Function Value    (median,worst) |Axis Ratio|idx:Min SD idx:Max SD
   20 ,    601 : 3.2329899435595e+01 +(6e+00,1e+02) | 4.16e+00 |  7:1.0e-01  5:2.5e-01
   21 ,    631 : 3.1945594927915e+01 +(3e+00,8e+01) | 4.27e+00 |  7:9.6e-02  5:2.3e-01
   22 ,    661 : 3.1913732444806e+01 +(2e+00,6e+01) | 4.57e+00 |  7:9.4e-02  5:2.3e-01
   23 ,    691 : 3.1783655076271e+01 +(2e+00,4e+01) | 4.64e+00 |  7:8.6e-02  5:2.0e-01
   24 ,    721 : 3.1580105239828e+01 +(2e+00,2e+01) | 4.78e+00 |  7:8.5e-02  5:1.9e-01
   25 ,    751 : 3.1716346962896e+01 +(1e+00,4e+01) | 4.89e+00 |  7:8.2e-02  4:1.9e-01
   26 ,    781 : 3.0996309003402e+01 +(2e+00,2e+01) | 5.04e+00 |  7:9.4e-02  4:2.1e-01
   27 ,    811 : 3.1441358055131e+01 +(1e+00,7e+01) | 5.19e+00 |  7:7.9e-02  4:1.8e-01
   28 ,    841 : 3.1432758560088e+01 +(8e-01,2e+01) | 5.46e+00 |  7:7.6e-02  2:1.7e-01
   29 ,    871 : 3.1047104311407e+01 +(1e+00,1e+01) | 5.81e+00 |  6:8.7e-02  5:1.9e-01
Iterat, #Fevals:   Function Value    (median,worst) |Axis Ratio|idx:Min SD idx:Max SD
   30 ,    901 : 3.1128970538593e+01 +(1e+00,1e+01) | 6.20e+00 |  6:8.9e-02  2:2.0e-01
   31 ,    931 : 3.0925864834359e+01 +(2e+00,2e+01) | 6.28e+00 |  6:8.2e-02  2:1.8e-01
   32 ,    961 : 3.0804014464993e+01 +(1e+00,6e+01) | 6.82e+00 |  6:8.8e-02  5:1.9e-01
   33 ,    991 : 3.0469237848453e+01 +(1e+00,2e+01) | 7.15e+00 |  6:9.2e-02  5:2.0e-01
   34 ,   1021 : 3.0362526284582e+01 +(3e+00,4e+01) | 7.36e+00 |  6:8.7e-02  5:1.8e-01
   35 ,   1051 : 3.0628933349571e+01 +(2e+00,3e+01) | 7.70e+00 |  6:8.5e-02  5:1.8e-01
   36 ,   1081 : 3.0474468015308e+01 +(2e+00,1e+01) | 8.19e+00 |  6:8.9e-02  5:1.9e-01
   37 ,   1111 : 2.9977434175023e+01 +(2e+00,3e+01) | 8.49e+00 |  6:8.4e-02  5:1.8e-01
   38 ,   1141 : 2.9863352315061e+01 +(2e+00,3e+01) | 8.96e+00 |  6:8.2e-02  5:1.8e-01
   39 ,   1171 : 2.9335273990861e+01 +(2e+00,2e+01) | 9.34e+00 |  6:9.2e-02  2:1.9e-01
Iterat, #Fevals:   Function Value    (median,worst) |Axis Ratio|idx:Min SD idx:Max SD
   40 ,   1201 : 2.8307298445034e+01 +(4e+00,1e+02) | 9.43e+00 |  6:8.7e-02  2:1.8e-01
   41 ,   1231 : 2.8414634114463e+01 +(3e+00,8e+01) | 9.46e+00 |  6:8.0e-02  2:1.7e-01
   42 ,   1261 : 2.8470815807928e+01 +(3e+00,2e+01) | 1.06e+01 |  6:7.9e-02  2:1.7e-01
   43 ,   1291 : 2.9196036818256e+01 +(3e+00,6e+01) | 1.09e+01 |  6:7.2e-02  2:1.5e-01
   44 ,   1321 : 2.8814864476811e+01 +(3e+00,6e+01) | 1.14e+01 |  6:7.1e-02  2:1.5e-01
   45 ,   1351 : 2.7661638955488e+01 +(3e+00,2e+01) | 1.18e+01 |  6:7.4e-02  2:1.6e-01
   46 ,   1381 : 2.7114248144877e+01 +(5e+00,8e+01) | 1.22e+01 |  6:7.2e-02  2:1.5e-01
   47 ,   1411 : 2.7164610430920e+01 +(4e+00,1e+06) | 1.22e+01 |  6:7.1e-02  2:1.5e-01
   48 ,   1441 : 2.2787297055227e+01 +(8e+00,6e+01) | 1.23e+01 |  6:7.1e-02  2:1.5e-01
   49 ,   1471 : 2.4764422236444e+01 +(7e+00,7e+03) | 1.25e+01 |  6:6.3e-02  2:1.3e-01
Iterat, #Fevals:   Function Value    (median,worst) |Axis Ratio|idx:Min SD idx:Max SD
   50 ,   1501 : 2.6278677827250e+01 +(5e+00,7e+02) | 1.29e+01 |  6:7.7e-02  2:1.5e-01
   51 ,   1531 : 1.8294340495731e+01 +(1e+01,9e+02) | 1.29e+01 |  6:7.5e-02  5:1.5e-01
   52 ,   1561 : 2.6542733831985e+01 +(7e+00,2e+03) | 1.22e+01 |  6:7.6e-02  5:1.5e-01
   53 ,   1591 : 2.7739351684284e+01 +(6e+00,1e+03) | 1.25e+01 |  6:7.1e-02  5:1.5e-01
   54 ,   1621 : 1.8426820457162e+01 +(1e+01,7e+01) | 1.27e+01 |  6:6.7e-02  5:1.3e-01
   55 ,   1651 : 2.3578640264023e+01 +(6e+00,7e+03) | 1.29e+01 |  8:6.0e-02  5:1.2e-01
   56 ,   1681 : 2.3252131160849e+01 +(6e+00,8e+01) | 1.30e+01 |  8:6.3e-02  2:1.3e-01
   57 ,   1711 : 2.0307178106295e+01 +(1e+01,2e+02) | 1.25e+01 |  8:5.5e-02  2:1.1e-01
   58 ,   1741 : 1.8060195791443e+01 +(1e+01,6e+02) | 1.33e+01 |  8:5.7e-02  2:1.3e-01
   59 ,   1771 : 1.7183882178543e+01 +(1e+01,7e+01) | 1.40e+01 |  8:5.4e-02  2:1.3e-01
Iterat, #Fevals:   Function Value    (median,worst) |Axis Ratio|idx:Min SD idx:Max SD
   60 ,   1801 : 1.9588863955237e+01 +(9e+00,9e+02) | 1.40e+01 |  8:4.6e-02  2:1.1e-01
   61 ,   1831 : 1.1546627809426e+01 +(2e+01,2e+02) | 1.41e+01 |  8:4.5e-02  4:1.1e-01
   62 ,   1861 : 1.4491108130708e+01 +(2e+01,7e+02) | 1.43e+01 |  8:4.3e-02  4:1.0e-01
   63 ,   1891 : 2.0166173621889e+01 +(8e+00,7e+01) | 1.53e+01 |  8:3.9e-02  2:1.0e-01
   64 ,   1921 : 1.9031904063046e+01 +(1e+01,7e+01) | 1.55e+01 |  8:3.4e-02  2:9.0e-02
   65 ,   1951 : 1.6538944538886e+01 +(9e+00,4e+03) | 1.57e+01 |  8:2.9e-02  2:7.9e-02
   66 ,   1981 : 1.0838482352872e+01 +(2e+01,7e+01) | 1.62e+01 |  8:2.7e-02  4:7.8e-02
   67 ,   2011 : 1.9463093978865e+01 +(7e+00,1e+02) | 1.76e+01 |  8:2.4e-02  4:7.3e-02
   68 ,   2041 : 1.0560691308422e+01 +(2e+01,7e+01) | 1.82e+01 |  8:2.2e-02  4:6.7e-02
   69 ,   2071 : 1.3337668693966e+01 +(9e+00,7e+01) | 1.94e+01 |  8:2.4e-02  4:7.6e-02
Iterat, #Fevals:   Function Value    (median,worst) |Axis Ratio|idx:Min SD idx:Max SD
   70 ,   2101 : 7.6616735584108e+00 +(1e+01,3e+02) | 2.00e+01 |  8:2.4e-02  4:8.1e-02
   71 ,   2131 : 7.4128599787546e+00 +(1e+01,8e+01) | 2.14e+01 |  8:2.5e-02  1:9.2e-02
   72 ,   2161 : 5.6314170082154e+00 +(2e+01,1e+03) | 2.30e+01 |  8:2.7e-02  1:1.1e-01
   73 ,   2191 : 4.4491109349047e+00 +(3e+01,1e+03) | 2.32e+01 |  8:2.8e-02  1:1.1e-01
   74 ,   2221 : 1.6855670085683e+01 +(2e+01,7e+01) | 2.39e+01 |  8:2.7e-02  1:1.1e-01
   75 ,   2251 : 1.8739230313363e+01 +(8e+00,7e+01) | 2.65e+01 |  8:2.5e-02  1:1.2e-01
   76 ,   2281 : 1.6933275557753e+01 +(1e+01,7e+01) | 2.64e+01 |  8:2.7e-02  1:1.2e-01
   77 ,   2311 : 8.6402948548948e+00 +(2e+01,8e+01) | 2.74e+01 |  8:2.4e-02  1:1.2e-01
   78 ,   2341 : 9.6040888002812e+00 +(2e+01,8e+01) | 2.67e+01 |  8:2.5e-02  1:1.2e-01
   79 ,   2371 : 1.1404882160131e+01 +(1e+01,5e+03) | 2.75e+01 |  8:2.2e-02  1:1.1e-01
Iterat, #Fevals:   Function Value    (median,worst) |Axis Ratio|idx:Min SD idx:Max SD
   80 ,   2401 : 1.3112229233083e+01 +(1e+01,7e+01) | 2.80e+01 |  8:2.1e-02  1:1.1e-01
   81 ,   2431 : 6.9132009964891e+00 +(1e+01,8e+01) | 3.00e+01 |  8:2.2e-02  1:1.3e-01
   82 ,   2461 : 5.0791083376151e+00 +(3e+01,9e+03) | 2.99e+01 |  8:1.8e-02  1:1.1e-01
   83 ,   2491 : 3.0926524708999e+00 +(2e+01,5e+03) | 3.25e+01 |  8:1.6e-02  1:1.0e-01
   84 ,   2521 : 7.5647195472001e+00 +(1e+01,2e+02) | 3.25e+01 |  8:1.3e-02  1:8.8e-02
   85 ,   2551 : 7.6138850881727e+00 +(1e+01,4e+02) | 3.27e+01 |  8:1.2e-02  1:8.1e-02
   86 ,   2581 : 7.8706437532198e+00 +(9e+00,5e+01) | 3.52e+01 |  8:1.1e-02  1:8.2e-02
   87 ,   2611 : 4.2498909321720e+00 +(1e+01,8e+01) | 3.80e+01 |  8:1.0e-02  1:8.2e-02
   88 ,   2641 : 3.6433146035059e+00 +(1e+01,8e+02) | 3.96e+01 |  8:9.9e-03  1:7.9e-02
   89 ,   2671 : 5.2128661706252e+00 +(1e+01,2e+02) | 4.31e+01 |  8:9.8e-03  1:8.4e-02
Iterat, #Fevals:   Function Value    (median,worst) |Axis Ratio|idx:Min SD idx:Max SD
   90 ,   2701 : 3.9959799144502e+00 +(1e+01,5e+02) | 4.50e+01 |  8:8.8e-03  1:8.0e-02
   91 ,   2731 : 3.4685976862480e+00 +(1e+01,8e+01) | 5.10e+01 |  8:7.9e-03  1:8.1e-02
   92 ,   2761 : 4.2641759517460e+00 +(9e+00,6e+01) | 5.58e+01 |  8:7.5e-03  1:8.3e-02
   93 ,   2791 : 2.9675299425113e+00 +(9e+00,2e+02) | 5.79e+01 |  8:6.1e-03  1:7.0e-02
   94 ,   2821 : 5.0153449610712e+00 +(6e+00,7e+01) | 5.82e+01 |  8:5.0e-03  1:5.8e-02
   95 ,   2851 : 3.2875168692592e+00 +(5e+00,1e+02) | 6.12e+01 |  8:4.6e-03  1:5.7e-02
   96 ,   2881 : 3.0622163154066e+00 +(5e+00,8e+01) | 6.38e+01 |  8:4.7e-03  1:6.0e-02
   97 ,   2911 : 2.8568944586268e+00 +(5e+00,1e+02) | 6.48e+01 |  8:4.9e-03  1:6.4e-02
   98 ,   2941 : 2.5574105788430e+00 +(6e+00,1e+02) | 6.56e+01 |  8:4.2e-03  1:5.5e-02
   99 ,   2971 : 2.8333835268853e+00 +(4e+00,8e+01) | 6.73e+01 |  8:4.1e-03  1:5.5e-02
Iterat, #Fevals:   Function Value    (median,worst) |Axis Ratio|idx:Min SD idx:Max SD
  100 ,   3001 : 2.7814063743582e+00 +(3e+00,8e+01) | 6.84e+01 |  8:3.7e-03  1:5.2e-02
  101 ,   3031 : 2.5693786800613e+00 +(4e+00,8e+01) | 7.30e+01 |  8:3.3e-03  1:5.0e-02
  102 ,   3061 : 3.5169642877503e+00 +(4e+00,8e+01) | 7.24e+01 |  8:3.1e-03  1:4.7e-02
  103 ,   3091 : 2.4987419723699e+00 +(3e+00,2e+01) | 7.98e+01 |  8:3.1e-03  1:5.1e-02
  104 ,   3121 : 2.8102974899757e+00 +(3e+00,2e+01) | 8.26e+01 |  8:3.1e-03  1:5.2e-02
  105 ,   3151 : 2.5327952240441e+00 +(5e+00,8e+01) | 8.33e+01 |  8:2.9e-03  1:5.0e-02
  106 ,   3181 : 2.5008255016800e+00 +(3e+00,4e+01) | 8.43e+01 |  8:2.6e-03  1:4.4e-02
  107 ,   3211 : 2.5594368395125e+00 +(2e+00,5e+01) | 8.78e+01 |  8:2.6e-03  1:4.5e-02
  108 ,   3241 : 2.5898577006099e+00 +(2e+00,1e+01) | 8.94e+01 |  8:2.7e-03  1:4.8e-02
  109 ,   3271 : 2.7374722063487e+00 +(1e+00,5e+01) | 8.97e+01 |  8:2.4e-03  1:4.3e-02
Iterat, #Fevals:   Function Value    (median,worst) |Axis Ratio|idx:Min SD idx:Max SD
  110 ,   3301 : 2.8103713495741e+00 +(2e+00,5e+01) | 9.64e+01 |  8:2.0e-03  1:3.8e-02
  111 ,   3331 : 2.4945040672057e+00 +(7e-01,1e+01) | 1.01e+02 |  8:2.0e-03  1:4.2e-02
  112 ,   3361 : 2.6410569685152e+00 +(9e-01,9e+00) | 1.04e+02 |  8:2.1e-03  1:4.3e-02
  113 ,   3391 : 2.4879006292545e+00 +(1e+00,2e+01) | 1.05e+02 |  8:1.8e-03  1:3.7e-02
  114 ,   3421 : 2.6513309449300e+00 +(9e-01,1e+01) | 1.09e+02 |  8:1.6e-03  1:3.3e-02
  115 ,   3451 : 2.5264694892382e+00 +(6e-01,4e+00) | 1.14e+02 |  8:1.5e-03  1:3.3e-02
  116 ,   3481 : 2.4689988875160e+00 +(7e-01,1e+01) | 1.15e+02 |  8:1.3e-03  1:2.7e-02
  117 ,   3511 : 2.5022799688272e+00 +(5e-01,3e+00) | 1.28e+02 |  8:1.1e-03  1:2.5e-02
  118 ,   3541 : 2.4934419748453e+00 +(3e-01,6e+00) | 1.33e+02 |  8:1.1e-03  1:2.6e-02
  119 ,   3571 : 2.4989536153113e+00 +(4e-01,2e+00) | 1.42e+02 |  8:1.1e-03  1:2.7e-02
Iterat, #Fevals:   Function Value    (median,worst) |Axis Ratio|idx:Min SD idx:Max SD
  120 ,   3601 : 2.4841737664414e+00 +(5e-01,7e+00) | 1.43e+02 |  8:1.0e-03  1:2.5e-02
  121 ,   3631 : 2.4791738065195e+00 +(2e-01,1e+00) | 1.55e+02 |  8:1.0e-03  1:2.5e-02
  122 ,   3661 : 2.5171844620598e+00 +(2e-01,1e+00) | 1.58e+02 |  8:8.4e-04  1:2.2e-02
  123 ,   3691 : 2.4766957744022e+00 +(2e-01,1e+00) | 1.61e+02 |  8:7.3e-04  1:1.9e-02
  124 ,   3721 : 2.4827868724161e+00 +(1e-01,8e-01) | 1.61e+02 |  8:7.0e-04  4:1.9e-02
  125 ,   3751 : 2.4750753574880e+00 +(1e-01,5e-01) | 1.71e+02 |  8:6.5e-04  1:1.8e-02
  126 ,   3781 : 2.4690869353782e+00 +(1e-01,4e-01) | 1.73e+02 |  8:6.0e-04  4:1.7e-02
  127 ,   3811 : 2.4828964240097e+00 +(6e-02,7e-01) | 1.75e+02 |  8:5.3e-04  4:1.5e-02
  128 ,   3841 : 2.4725527145534e+00 +(5e-02,7e-01) | 1.86e+02 |  8:5.0e-04  1:1.5e-02
  129 ,   3871 : 2.4786730109569e+00 +(8e-02,6e-01) | 1.87e+02 |  8:4.6e-04  4:1.4e-02
Iterat, #Fevals:   Function Value    (median,worst) |Axis Ratio|idx:Min SD idx:Max SD
  130 ,   3901 : 2.4751007621006e+00 +(4e-02,4e-01) | 2.02e+02 |  8:4.1e-04  1:1.3e-02
  131 ,   3931 : 2.4664562768465e+00 +(5e-02,3e-01) | 2.10e+02 |  8:3.8e-04  1:1.2e-02
  132 ,   3961 : 2.4659696221813e+00 +(4e-02,2e-01) | 2.14e+02 |  8:3.7e-04  1:1.2e-02
  133 ,   3991 : 2.4654637025596e+00 +(4e-02,3e-01) | 2.17e+02 |  8:3.7e-04  4:1.2e-02
  134 ,   4021 : 2.4601125993713e+00 +(4e-02,2e-01) | 2.27e+02 |  8:4.4e-04  4:1.5e-02
  135 ,   4051 : 2.4605668428442e+00 +(4e-02,3e-01) | 2.44e+02 |  8:5.0e-04  4:1.8e-02
  136 ,   4081 : 2.4682247275351e+00 +(3e-02,2e-01) | 2.52e+02 |  8:5.0e-04  4:1.9e-02
  137 ,   4111 : 2.4654844385884e+00 +(5e-02,2e-01) | 2.64e+02 |  8:4.8e-04  4:1.8e-02
  138 ,   4141 : 2.4645902945274e+00 +(4e-02,2e-01) | 2.87e+02 |  8:5.2e-04  4:2.0e-02
  139 ,   4171 : 2.4576020696415e+00 +(4e-02,3e-01) | 3.03e+02 |  8:5.3e-04  4:2.1e-02
Iterat, #Fevals:   Function Value    (median,worst) |Axis Ratio|idx:Min SD idx:Max SD
  140 ,   4201 : 2.4661231506492e+00 +(7e-02,7e-01) | 3.29e+02 |  7:5.7e-04  4:2.2e-02
  141 ,   4231 : 2.4580399537335e+00 +(5e-02,2e-01) | 3.37e+02 |  7:5.2e-04  4:2.1e-02
  142 ,   4261 : 2.4676438448330e+00 +(4e-02,4e-01) | 3.71e+02 |  7:5.5e-04  1:2.5e-02
  143 ,   4291 : 2.4734658071901e+00 +(6e-02,3e-01) | 3.94e+02 |  7:4.4e-04  1:2.1e-02
  144 ,   4321 : 2.4707250641875e+00 +(4e-02,2e-01) | 4.09e+02 |  7:3.7e-04  1:1.8e-02
  145 ,   4351 : 2.4689672668564e+00 +(3e-02,1e-01) | 4.11e+02 |  7:3.3e-04  1:1.6e-02
  146 ,   4381 : 2.4546302731149e+00 +(3e-02,2e-01) | 4.32e+02 |  7:2.9e-04  1:1.5e-02
  147 ,   4411 : 2.4560467267766e+00 +(3e-02,1e-01) | 4.35e+02 |  7:3.1e-04  1:1.6e-02
  148 ,   4441 : 2.4540877335474e+00 +(3e-02,2e-01) | 4.54e+02 |  7:3.0e-04  1:1.6e-02
  149 ,   4471 : 2.4581021147643e+00 +(2e-02,1e-01) | 4.64e+02 |  7:2.6e-04  1:1.4e-02
Iterat, #Fevals:   Function Value    (median,worst) |Axis Ratio|idx:Min SD idx:Max SD
  150 ,   4501 : 2.4578055846193e+00 +(2e-02,1e-01) | 4.91e+02 |  7:2.5e-04  1:1.4e-02
  151 ,   4531 : 2.4608429653708e+00 +(1e-02,7e-02) | 5.19e+02 |  7:2.4e-04  9:1.4e-02
  152 ,   4561 : 2.4510497206628e+00 +(2e-02,5e-02) | 5.26e+02 |  7:2.2e-04  9:1.2e-02
  153 ,   4591 : 2.4589590859794e+00 +(2e-02,8e-02) | 5.30e+02 |  7:2.0e-04  9:1.2e-02
  154 ,   4621 : 2.4587191969903e+00 +(1e-02,3e-02) | 5.11e+02 |  7:2.1e-04  4:1.3e-02
  155 ,   4651 : 2.4518811509937e+00 +(2e-02,3e-02) | 5.39e+02 |  7:2.0e-04  4:1.3e-02
  156 ,   4681 : 2.4581672423528e+00 +(1e-02,5e-02) | 5.58e+02 |  7:1.9e-04  4:1.3e-02
  157 ,   4711 : 2.4461362598620e+00 +(2e-02,8e-02) | 6.37e+02 |  7:2.2e-04  9:1.7e-02
  158 ,   4741 : 2.4572060329615e+00 +(1e-02,4e-02) | 6.64e+02 |  7:2.0e-04  9:1.5e-02
  159 ,   4771 : 2.4535493808683e+00 +(2e-02,4e-02) | 6.72e+02 |  7:1.8e-04  9:1.6e-02
Iterat, #Fevals:   Function Value    (median,worst) |Axis Ratio|idx:Min SD idx:Max SD
  160 ,   4801 : 2.4501830655069e+00 +(2e-02,9e-02) | 7.51e+02 |  7:1.8e-04  9:1.6e-02
  161 ,   4831 : 2.4495937445072e+00 +(2e-02,3e-02) | 8.27e+02 |  7:1.8e-04  9:1.7e-02
  162 ,   4861 : 2.4483474978272e+00 +(1e-02,6e-02) | 8.89e+02 |  7:1.8e-04  9:1.8e-02
  163 ,   4891 : 2.4498111001129e+00 +(1e-02,3e-02) | 9.23e+02 |  7:1.7e-04  9:1.8e-02
  164 ,   4921 : 2.4552251107050e+00 +(9e-03,5e-02) | 9.52e+02 |  7:1.5e-04  9:1.6e-02
  165 ,   4951 : 2.4500673932756e+00 +(1e-02,6e-02) | 1.03e+03 |  7:1.5e-04  9:1.7e-02
  166 ,   4981 : 2.4509211069965e+00 +(1e-02,3e-02) | 1.05e+03 |  7:1.3e-04  9:1.5e-02
  167 ,   5011 : 2.4512395033564e+00 +(1e-02,2e-02) | 1.09e+03 |  7:1.2e-04  9:1.4e-02
  168 ,   5041 : 2.4512047633918e+00 +(1e-02,3e-02) | 1.25e+03 |  7:1.3e-04  9:1.5e-02
  169 ,   5071 : 2.4365341121790e+00 +(3e-02,4e-02) | 1.31e+03 |  7:1.5e-04  9:1.8e-02
Iterat, #Fevals:   Function Value    (median,worst) |Axis Ratio|idx:Min SD idx:Max SD
  170 ,   5101 : 2.4451835354211e+00 +(2e-02,8e-02) | 1.28e+03 |  7:1.3e-04  9:1.6e-02
  171 ,   5131 : 2.4478750912145e+00 +(1e-02,3e-02) | 1.29e+03 |  7:1.2e-04  9:1.4e-02
  172 ,   5161 : 2.4465153650229e+00 +(1e-02,2e-02) | 1.31e+03 |  7:1.2e-04  9:1.5e-02
  173 ,   5191 : 2.4492371697152e+00 +(1e-02,3e-02) | 1.29e+03 |  7:1.3e-04  9:1.5e-02
  174 ,   5221 : 2.4444161146472e+00 +(2e-02,3e-02) | 1.32e+03 |  7:1.1e-04  9:1.3e-02
  175 ,   5251 : 2.4515394783291e+00 +(1e-02,3e-02) | 1.35e+03 |  7:1.0e-04  9:1.1e-02
  176 ,   5281 : 2.4507700662150e+00 +(9e-03,2e-02) | 1.35e+03 |  7:9.3e-05  9:1.1e-02
  177 ,   5311 : 2.4503567621833e+00 +(8e-03,2e-02) | 1.29e+03 |  7:1.0e-04  9:1.1e-02
  178 ,   5341 : 2.4504218003465e+00 +(1e-02,2e-02) | 1.33e+03 |  7:1.0e-04  9:1.1e-02
  179 ,   5371 : 2.4427719603290e+00 +(2e-02,3e-02) | 1.31e+03 |  7:9.7e-05  9:1.1e-02
Iterat, #Fevals:   Function Value    (median,worst) |Axis Ratio|idx:Min SD idx:Max SD
  180 ,   5401 : 2.4397617843092e+00 +(2e-02,4e-02) | 1.30e+03 |  7:9.2e-05  9:1.0e-02
  181 ,   5431 : 2.4425169985893e+00 +(2e-02,3e-02) | 1.30e+03 |  7:9.5e-05  9:1.1e-02
  182 ,   5461 : 2.4395110359485e+00 +(2e-02,3e-02) | 1.26e+03 |  7:1.0e-04  9:1.1e-02
  183 ,   5491 : 2.4402678049735e+00 +(2e-02,4e-02) | 1.26e+03 |  7:9.3e-05  9:1.0e-02
  184 ,   5521 : 2.4482475097856e+00 +(9e-03,2e-02) | 1.31e+03 |  7:8.7e-05  9:9.5e-03
  185 ,   5551 : 2.4405053445883e+00 +(2e-02,3e-02) | 1.30e+03 |  7:8.4e-05  9:8.9e-03
  186 ,   5581 : 2.4380389350788e+00 +(2e-02,3e-02) | 1.31e+03 |  7:8.5e-05  9:8.6e-03
  187 ,   5611 : 2.4444548945200e+00 +(1e-02,3e-02) | 1.30e+03 |  7:8.0e-05  9:7.9e-03
  188 ,   5641 : 2.4442059618128e+00 +(1e-02,3e-02) | 1.29e+03 |  7:7.7e-05  9:7.8e-03
  189 ,   5671 : 2.4399340315187e+00 +(2e-02,3e-02) | 1.33e+03 |  7:8.2e-05  9:8.2e-03
Iterat, #Fevals:   Function Value    (median,worst) |Axis Ratio|idx:Min SD idx:Max SD
  190 ,   5701 : 2.4413247650990e+00 +(2e-02,3e-02) | 1.33e+03 |  7:6.9e-05  9:6.9e-03
  191 ,   5731 : 2.4393490068985e+00 +(2e-02,3e-02) | 1.26e+03 |  7:7.3e-05  4:7.4e-03
  192 ,   5761 : 2.4426180697668e+00 +(1e-02,2e-02) | 1.26e+03 |  7:6.8e-05  4:7.0e-03
  193 ,   5791 : 2.4424297691163e+00 +(1e-02,3e-02) | 1.25e+03 |  7:6.7e-05  4:6.7e-03
  194 ,   5821 : 2.4428312516749e+00 +(1e-02,3e-02) | 1.27e+03 |  7:7.0e-05  4:6.6e-03
  195 ,   5851 : 2.4436758510987e+00 +(1e-02,3e-02) | 1.27e+03 |  7:6.8e-05  4:6.3e-03
  196 ,   5881 : 2.4438602584645e+00 +(1e-02,3e-02) | 1.14e+03 |  7:7.5e-05  4:6.8e-03
  197 ,   5911 : 2.4364384403357e+00 +(2e-02,3e-02) | 1.12e+03 |  7:7.0e-05  4:6.6e-03
  198 ,   5941 : 2.4441100303079e+00 +(1e-02,3e-02) | 1.19e+03 |  7:7.7e-05  2:6.8e-03
  199 ,   5971 : 2.4369394692205e+00 +(2e-02,4e-02) | 1.21e+03 |  7:8.0e-05  2:7.6e-03
Iterat, #Fevals:   Function Value    (median,worst) |Axis Ratio|idx:Min SD idx:Max SD
  200 ,   6001 : 2.4388778248665e+00 +(2e-02,3e-02) | 1.27e+03 |  7:7.1e-05  2:6.8e-03
  201 ,   6031 : 2.4432921126818e+00 +(1e-02,2e-02) | 1.32e+03 |  7:6.4e-05  2:6.2e-03
  202 ,   6061 : 2.4466190971524e+00 +(1e-02,2e-02) | 1.32e+03 |  7:6.7e-05  2:6.2e-03
  203 ,   6091 : 2.4469591540161e+00 +(1e-02,2e-02) | 1.29e+03 |  7:7.2e-05  2:6.3e-03
  204 ,   6121 : 2.4436416088384e+00 +(1e-02,3e-02) | 1.26e+03 |  7:6.8e-05  2:5.9e-03
  205 ,   6151 : 2.4466746530897e+00 +(1e-02,3e-02) | 1.33e+03 |  7:6.5e-05  2:5.9e-03
  206 ,   6181 : 2.4387895772804e+00 +(2e-02,3e-02) | 1.32e+03 |  7:6.8e-05  2:6.1e-03
  207 ,   6211 : 2.4430397879250e+00 +(1e-02,3e-02) | 1.33e+03 |  7:6.5e-05  2:5.7e-03
  208 ,   6241 : 2.4481746516906e+00 +(1e-02,2e-02) | 1.38e+03 |  7:6.0e-05  2:5.4e-03
  209 ,   6271 : 2.4424700678788e+00 +(1e-02,3e-02) | 1.38e+03 |  7:5.6e-05  2:4.7e-03
Iterat, #Fevals:   Function Value    (median,worst) |Axis Ratio|idx:Min SD idx:Max SD
  210 ,   6301 : 2.4440461404302e+00 +(1e-02,2e-02) | 1.42e+03 |  7:4.9e-05  2:4.2e-03
  211 ,   6331 : 2.4396603868605e+00 +(2e-02,3e-02) | 1.37e+03 |  7:5.0e-05  2:4.6e-03
  212 ,   6361 : 2.4417194684456e+00 +(1e-02,2e-02) | 1.42e+03 |  7:5.7e-05  2:5.5e-03
  213 ,   6391 : 2.4400937654644e+00 +(1e-02,3e-02) | 1.46e+03 |  7:5.8e-05  2:5.6e-03
  214 ,   6421 : 2.4445955115025e+00 +(1e-02,2e-02) | 1.58e+03 |  7:6.2e-05  2:6.4e-03
  215 ,   6451 : 2.4345768187725e+00 +(2e-02,3e-02) | 1.52e+03 |  7:7.1e-05  2:7.4e-03
  216 ,   6481 : 2.4499888604702e+00 +(9e-03,2e-02) | 1.52e+03 |  7:7.7e-05  4:7.8e-03
  217 ,   6511 : 2.4456127919832e+00 +(1e-02,2e-02) | 1.55e+03 |  7:7.5e-05  2:7.9e-03
  218 ,   6541 : 2.4424831412114e+00 +(1e-02,2e-02) | 1.53e+03 |  7:7.4e-05  4:7.9e-03
  219 ,   6571 : 2.4495307693729e+00 +(8e-03,2e-02) | 1.70e+03 |  7:6.8e-05  4:7.7e-03
Iterat, #Fevals:   Function Value    (median,worst) |Axis Ratio|idx:Min SD idx:Max SD
  220 ,   6601 : 2.4417255994088e+00 +(1e-02,2e-02) | 1.69e+03 |  7:6.5e-05  2:7.4e-03
  221 ,   6631 : 2.4445794432844e+00 +(1e-02,2e-02) | 1.73e+03 |  7:5.4e-05  2:6.3e-03
  222 ,   6661 : 2.4420125406362e+00 +(2e-02,3e-02) | 1.79e+03 |  7:5.5e-05  2:6.0e-03
  223 ,   6691 : 2.4458004792601e+00 +(1e-02,3e-02) | 1.85e+03 |  7:5.1e-05  2:6.0e-03
  224 ,   6721 : 2.4461849867358e+00 +(1e-02,3e-02) | 1.84e+03 |  7:5.3e-05  2:5.8e-03
  225 ,   6751 : 2.4443871812219e+00 +(1e-02,3e-02) | 1.84e+03 |  7:6.2e-05  2:6.6e-03
  226 ,   6781 : 2.4448024334332e+00 +(1e-02,2e-02) | 1.86e+03 |  7:6.1e-05  2:6.3e-03
  227 ,   6811 : 2.4436869894904e+00 +(1e-02,2e-02) | 1.85e+03 |  7:6.2e-05  2:6.4e-03
  228 ,   6841 : 2.4442393866106e+00 +(1e-02,3e-02) | 1.84e+03 |  7:5.8e-05  2:5.9e-03
  229 ,   6871 : 2.4455585230824e+00 +(1e-02,2e-02) | 1.87e+03 |  7:5.0e-05  4:5.2e-03
Iterat, #Fevals:   Function Value    (median,worst) |Axis Ratio|idx:Min SD idx:Max SD
  230 ,   6901 : 2.4415836836551e+00 +(1e-02,3e-02) | 1.86e+03 |  7:5.2e-05  2:5.2e-03
  231 ,   6931 : 2.4442318180817e+00 +(1e-02,3e-02) | 1.87e+03 |  7:5.1e-05  4:5.3e-03
  232 ,   6961 : 2.4437712326057e+00 +(1e-02,2e-02) | 1.88e+03 |  7:5.0e-05  4:5.2e-03
  233 ,   6991 : 2.4393375893405e+00 +(2e-02,3e-02) | 1.99e+03 |  7:5.3e-05  4:5.6e-03
  234 ,   7021 : 2.4434418855646e+00 +(1e-02,3e-02) | 2.00e+03 |  7:6.0e-05  2:6.4e-03
  235 ,   7051 : 2.4403973538357e+00 +(2e-02,3e-02) | 2.08e+03 |  7:6.4e-05  2:7.4e-03
  236 ,   7081 : 2.4438829002019e+00 +(1e-02,2e-02) | 2.05e+03 |  7:6.1e-05  2:7.4e-03
  237 ,   7111 : 2.4396818960853e+00 +(2e-02,4e-02) | 2.03e+03 |  7:5.5e-05  2:6.7e-03
  238 ,   7141 : 2.4443971101211e+00 +(1e-02,2e-02) | 1.98e+03 |  7:5.4e-05  2:6.3e-03
  239 ,   7171 : 2.4449992089633e+00 +(1e-02,2e-02) | 1.97e+03 |  7:4.8e-05  2:5.7e-03
Iterat, #Fevals:   Function Value    (median,worst) |Axis Ratio|idx:Min SD idx:Max SD
  240 ,   7201 : 2.4444295763607e+00 +(1e-02,2e-02) | 2.06e+03 |  7:4.3e-05  2:5.4e-03
  241 ,   7231 : 2.4429804400955e+00 +(2e-02,4e-02) | 1.96e+03 |  7:3.8e-05  2:4.8e-03
  242 ,   7261 : 2.4386021205443e+00 +(2e-02,3e-02) | 1.92e+03 |  7:3.7e-05  2:4.7e-03
  243 ,   7291 : 2.4428761728536e+00 +(1e-02,3e-02) | 2.01e+03 |  7:3.5e-05  2:4.6e-03
  244 ,   7321 : 2.4423821966158e+00 +(1e-02,3e-02) | 1.98e+03 |  7:3.4e-05  2:4.4e-03
  245 ,   7351 : 2.4439600200830e+00 +(2e-02,3e-02) | 2.02e+03 |  7:3.3e-05  2:4.1e-03
  246 ,   7381 : 2.4433049404506e+00 +(2e-02,2e-02) | 2.10e+03 |  7:3.4e-05  2:4.3e-03
  247 ,   7411 : 2.4463320601858e+00 +(1e-02,2e-02) | 2.01e+03 |  7:4.3e-05  2:4.7e-03
  248 ,   7441 : 2.4394070629130e+00 +(2e-02,3e-02) | 2.23e+03 |  7:4.5e-05  2:5.4e-03
  249 ,   7471 : 2.4455987327030e+00 +(1e-02,3e-02) | 2.27e+03 |  7:3.9e-05  2:4.8e-03
Iterat, #Fevals:   Function Value    (median,worst) |Axis Ratio|idx:Min SD idx:Max SD
  250 ,   7501 : 2.4406625355826e+00 +(2e-02,3e-02) | 2.17e+03 |  7:4.0e-05  2:4.8e-03
  251 ,   7531 : 2.4451958938580e+00 +(1e-02,3e-02) | 2.08e+03 |  7:3.7e-05  2:4.5e-03
  252 ,   7561 : 2.4393335144844e+00 +(2e-02,3e-02) | 2.03e+03 |  7:4.1e-05  2:4.7e-03
  253 ,   7591 : 2.4441395107027e+00 +(1e-02,3e-02) | 1.98e+03 |  7:4.1e-05  2:4.4e-03
  254 ,   7621 : 2.4382322781774e+00 +(2e-02,3e-02) | 1.97e+03 |  7:4.2e-05  2:4.4e-03
  255 ,   7651 : 2.4414226512328e+00 +(1e-02,3e-02) | 2.05e+03 |  7:3.8e-05  2:4.1e-03
  256 ,   7681 : 2.4415135652010e+00 +(1e-02,3e-02) | 1.96e+03 |  7:3.8e-05  2:4.0e-03
  257 ,   7711 : 2.4443651783484e+00 +(2e-02,2e-02) | 2.04e+03 |  7:4.1e-05  2:4.2e-03
  258 ,   7741 : 2.4428705027861e+00 +(2e-02,3e-02) | 2.12e+03 |  7:4.4e-05  2:4.6e-03
  259 ,   7771 : 2.4453932384737e+00 +(1e-02,3e-02) | 2.15e+03 |  7:4.1e-05  2:4.5e-03
Iterat, #Fevals:   Function Value    (median,worst) |Axis Ratio|idx:Min SD idx:Max SD
  260 ,   7801 : 2.4407350131657e+00 +(1e-02,2e-02) | 2.14e+03 |  7:4.1e-05  2:4.6e-03
  261 ,   7831 : 2.4447132037466e+00 +(1e-02,3e-02) | 2.05e+03 |  7:4.0e-05  2:4.5e-03
  262 ,   7861 : 2.4386986503163e+00 +(2e-02,3e-02) | 2.10e+03 |  7:4.6e-05  2:5.2e-03
  263 ,   7891 : 2.4462861221708e+00 +(1e-02,2e-02) | 2.23e+03 |  7:5.3e-05  2:6.1e-03
  264 ,   7921 : 2.4403974311322e+00 +(2e-02,3e-02) | 2.23e+03 |  7:5.3e-05  2:5.9e-03
  265 ,   7951 : 2.4437417006556e+00 +(1e-02,3e-02) | 2.31e+03 |  7:5.7e-05  2:6.3e-03
  266 ,   7981 : 2.4436183459912e+00 +(1e-02,3e-02) | 2.30e+03 |  7:5.1e-05  2:5.6e-03
  267 ,   8011 : 2.4412377959486e+00 +(2e-02,3e-02) | 2.38e+03 |  7:5.1e-05  2:6.1e-03
  268 ,   8041 : 2.4422231016034e+00 +(1e-02,2e-02) | 2.48e+03 |  7:5.3e-05  2:6.0e-03
  269 ,   8071 : 2.4471165059015e+00 +(9e-03,3e-02) | 2.49e+03 |  7:4.6e-05  2:5.4e-03
Iterat, #Fevals:   Function Value    (median,worst) |Axis Ratio|idx:Min SD idx:Max SD
  270 ,   8101 : 2.4432990873119e+00 +(1e-02,2e-02) | 2.50e+03 |  7:5.0e-05  2:5.3e-03
  271 ,   8131 : 2.4425697024151e+00 +(1e-02,3e-02) | 2.53e+03 |  7:5.0e-05  2:5.5e-03
  272 ,   8161 : 2.4423887761104e+00 +(1e-02,3e-02) | 2.41e+03 |  7:4.3e-05  2:4.7e-03
  273 ,   8191 : 2.4452422035976e+00 +(1e-02,2e-02) | 2.42e+03 |  7:4.1e-05  2:4.6e-03
  274 ,   8221 : 2.4386399656307e+00 +(2e-02,3e-02) | 2.34e+03 |  7:4.2e-05  2:4.6e-03
  275 ,   8251 : 2.4424019665487e+00 +(1e-02,3e-02) | 2.43e+03 |  7:4.2e-05  2:4.6e-03
  276 ,   8281 : 2.4446181157472e+00 +(1e-02,2e-02) | 2.39e+03 |  7:3.9e-05  2:4.2e-03
  277 ,   8311 : 2.4397862705269e+00 +(2e-02,3e-02) | 2.34e+03 |  7:3.8e-05  2:4.1e-03
  278 ,   8341 : 2.4412303790331e+00 +(2e-02,3e-02) | 2.39e+03 |  7:3.5e-05  2:3.8e-03
  279 ,   8371 : 2.4392972625351e+00 +(2e-02,3e-02) | 2.45e+03 |  7:3.3e-05  2:3.7e-03
Iterat, #Fevals:   Function Value    (median,worst) |Axis Ratio|idx:Min SD idx:Max SD
  280 ,   8401 : 2.4437497956585e+00 +(1e-02,3e-02) | 2.54e+03 |  7:3.4e-05  2:3.9e-03
  281 ,   8431 : 2.4451786169586e+00 +(9e-03,2e-02) | 2.39e+03 |  7:3.8e-05  2:4.3e-03
  282 ,   8461 : 2.4452030766491e+00 +(1e-02,2e-02) | 2.40e+03 |  7:3.9e-05  2:4.6e-03
  283 ,   8491 : 2.4355657934095e+00 +(2e-02,3e-02) | 2.37e+03 |  7:4.2e-05  2:5.1e-03
  284 ,   8521 : 2.4436239600863e+00 +(1e-02,3e-02) | 2.45e+03 |  7:4.4e-05  2:5.5e-03
  285 ,   8551 : 2.4344399881626e+00 +(2e-02,4e-02) | 2.46e+03 |  7:4.7e-05  2:5.6e-03
  286 ,   8581 : 2.4420394962405e+00 +(1e-02,3e-02) | 2.42e+03 |  7:5.1e-05  2:6.0e-03
  287 ,   8611 : 2.4348257246873e+00 +(2e-02,3e-02) | 2.46e+03 |  7:4.4e-05  2:5.2e-03
  288 ,   8641 : 2.4384181238684e+00 +(2e-02,3e-02) | 2.66e+03 |  7:4.8e-05  2:6.2e-03
  289 ,   8671 : 2.4433745559903e+00 +(1e-02,3e-02) | 2.69e+03 |  7:4.1e-05  2:5.3e-03
Iterat, #Fevals:   Function Value    (median,worst) |Axis Ratio|idx:Min SD idx:Max SD
  290 ,   8701 : 2.4473266682689e+00 +(9e-03,2e-02) | 2.68e+03 |  7:3.7e-05  2:4.7e-03
  291 ,   8731 : 2.4397751962663e+00 +(2e-02,3e-02) | 2.77e+03 |  7:3.7e-05  2:4.7e-03
  292 ,   8761 : 2.4462320485345e+00 +(1e-02,2e-02) | 2.63e+03 |  7:3.4e-05  2:4.1e-03
  293 ,   8791 : 2.4349690502239e+00 +(2e-02,3e-02) | 2.58e+03 |  7:3.0e-05  4:3.7e-03
  294 ,   8821 : 2.4467891087922e+00 +(1e-02,3e-02) | 2.59e+03 |  7:2.5e-05  4:3.2e-03
  295 ,   8851 : 2.4398687131287e+00 +(2e-02,3e-02) | 2.70e+03 |  7:2.5e-05  4:3.0e-03
  296 ,   8881 : 2.4452328100479e+00 +(1e-02,3e-02) | 2.66e+03 |  7:2.2e-05  2:2.7e-03
  297 ,   8911 : 2.4393667607014e+00 +(2e-02,3e-02) | 2.50e+03 |  7:2.5e-05  4:3.0e-03
  298 ,   8941 : 2.4360316913210e+00 +(2e-02,4e-02) | 2.72e+03 |  7:3.3e-05  4:4.0e-03
  299 ,   8971 : 2.4401113717685e+00 +(2e-02,3e-02) | 2.65e+03 |  7:3.3e-05  4:3.9e-03
Iterat, #Fevals:   Function Value    (median,worst) |Axis Ratio|idx:Min SD idx:Max SD
  300 ,   9001 : 2.4440489016525e+00 +(1e-02,3e-02) | 2.77e+03 |  7:3.2e-05  4:3.8e-03
  301 ,   9031 : 2.4362225533216e+00 +(2e-02,3e-02) | 2.82e+03 |  7:3.2e-05  4:3.7e-03
  302 ,   9061 : 2.4443097198308e+00 +(1e-02,2e-02) | 2.96e+03 |  7:3.2e-05  4:3.6e-03
  303 ,   9091 : 2.4409790926391e+00 +(2e-02,3e-02) | 3.14e+03 |  7:3.0e-05  4:3.4e-03
  304 ,   9121 : 2.4397633694752e+00 +(2e-02,3e-02) | 3.08e+03 |  7:2.9e-05  4:3.3e-03
  305 ,   9151 : 2.4402896105648e+00 +(2e-02,3e-02) | 3.08e+03 |  7:2.6e-05  4:3.0e-03
  306 ,   9181 : 2.4421477393502e+00 +(2e-02,3e-02) | 3.17e+03 |  7:2.7e-05  4:3.3e-03
  307 ,   9211 : 2.4403675420852e+00 +(2e-02,3e-02) | 3.30e+03 |  7:2.6e-05  4:3.3e-03
  308 ,   9241 : 2.4454669665567e+00 +(1e-02,2e-02) | 3.32e+03 |  7:2.6e-05  4:3.4e-03
  309 ,   9271 : 2.4394247657867e+00 +(2e-02,4e-02) | 3.36e+03 |  7:2.6e-05  4:3.2e-03
Iterat, #Fevals:   Function Value    (median,worst) |Axis Ratio|idx:Min SD idx:Max SD
  310 ,   9301 : 2.4411473811195e+00 +(1e-02,3e-02) | 3.29e+03 |  7:2.5e-05  4:3.0e-03
  311 ,   9331 : 2.4391601462200e+00 +(2e-02,3e-02) | 3.39e+03 |  7:2.4e-05  4:3.0e-03
  312 ,   9361 : 2.4420331715690e+00 +(2e-02,2e-02) | 3.60e+03 |  7:2.5e-05  4:3.1e-03
  313 ,   9391 : 2.4405546530506e+00 +(1e-02,3e-02) | 3.86e+03 |  7:2.5e-05  4:3.3e-03
  314 ,   9421 : 2.4428784714050e+00 +(1e-02,2e-02) | 4.16e+03 |  7:2.6e-05  4:3.3e-03
  315 ,   9451 : 2.4419085454666e+00 +(1e-02,3e-02) | 4.00e+03 |  7:3.0e-05  4:3.9e-03
  316 ,   9481 : 2.4437018299025e+00 +(9e-03,2e-02) | 4.15e+03 |  7:3.2e-05  4:4.2e-03
  317 ,   9511 : 2.4396542304876e+00 +(2e-02,3e-02) | 4.11e+03 |  7:3.0e-05  4:4.1e-03
  318 ,   9541 : 2.4374054762551e+00 +(2e-02,3e-02) | 4.06e+03 |  7:2.9e-05  4:3.8e-03
  319 ,   9571 : 2.4465649302125e+00 +(1e-02,3e-02) | 4.00e+03 |  7:3.2e-05  4:4.0e-03
Iterat, #Fevals:   Function Value    (median,worst) |Axis Ratio|idx:Min SD idx:Max SD
  320 ,   9601 : 2.4412056143508e+00 +(2e-02,3e-02) | 3.53e+03 |  7:3.3e-05  4:4.1e-03
  321 ,   9631 : 2.4409572128487e+00 +(1e-02,3e-02) | 3.75e+03 |  7:3.8e-05  4:4.6e-03
  322 ,   9661 : 2.4425884742009e+00 +(1e-02,3e-02) | 4.10e+03 |  7:4.7e-05  4:5.2e-03
  323 ,   9691 : 2.4403615815293e+00 +(2e-02,2e-02) | 3.95e+03 |  7:4.9e-05  4:5.4e-03
  324 ,   9721 : 2.4453792015779e+00 +(1e-02,2e-02) | 3.93e+03 |  7:5.4e-05  4:6.0e-03
  325 ,   9751 : 2.4428133507351e+00 +(1e-02,3e-02) | 4.03e+03 |  7:4.8e-05  4:5.4e-03
  326 ,   9781 : 2.4492427779453e+00 +(8e-03,2e-02) | 3.88e+03 |  7:4.4e-05  4:4.9e-03
  327 ,   9811 : 2.4442738819277e+00 +(2e-02,3e-02) | 3.78e+03 |  7:4.6e-05  4:4.9e-03
  328 ,   9841 : 2.4441782546993e+00 +(1e-02,3e-02) | 4.24e+03 |  7:5.5e-05  4:5.6e-03
  329 ,   9871 : 2.4428168907664e+00 +(1e-02,3e-02) | 4.35e+03 |  7:5.5e-05  4:5.7e-03
Iterat, #Fevals:   Function Value    (median,worst) |Axis Ratio|idx:Min SD idx:Max SD
  330 ,   9901 : 2.4429257471336e+00 +(1e-02,3e-02) | 4.40e+03 |  7:4.9e-05  4:5.1e-03
  331 ,   9931 : 2.4421591465852e+00 +(1e-02,2e-02) | 4.71e+03 |  7:4.7e-05  4:5.1e-03
  332 ,   9961 : 2.4449643408271e+00 +(8e-03,3e-02) | 5.39e+03 |  7:5.5e-05  4:6.3e-03
  333 ,   9991 : 2.4401175945392e+00 +(2e-02,3e-02) | 5.15e+03 |  7:6.1e-05  4:7.0e-03
  334 ,  10021 : 2.4430601389103e+00 +(1e-02,3e-02) | 4.90e+03 |  7:6.5e-05  4:7.5e-03
  335 ,  10051 : 2.4363957017581e+00 +(2e-02,4e-02) | 4.83e+03 |  7:6.4e-05  4:7.4e-03
  336 ,  10081 : 2.4404216329218e+00 +(2e-02,3e-02) | 4.94e+03 |  7:6.1e-05  4:7.1e-03
  337 ,  10111 : 2.4447030725869e+00 +(1e-02,2e-02) | 5.29e+03 |  7:6.5e-05  4:7.5e-03
  338 ,  10141 : 2.4424363147767e+00 +(1e-02,2e-02) | 5.50e+03 |  7:6.3e-05  4:7.4e-03
  339 ,  10171 : 2.4403975365741e+00 +(2e-02,3e-02) | 5.86e+03 |  7:7.4e-05  4:8.9e-03
Iterat, #Fevals:   Function Value    (median,worst) |Axis Ratio|idx:Min SD idx:Max SD
  340 ,  10201 : 2.4456574634257e+00 +(1e-02,3e-02) | 6.00e+03 |  7:6.8e-05  4:8.3e-03
  341 ,  10231 : 2.4432436647739e+00 +(2e-02,3e-02) | 5.96e+03 |  7:7.1e-05  4:8.8e-03
  342 ,  10261 : 2.4403540915850e+00 +(2e-02,3e-02) | 6.05e+03 |  7:7.5e-05  4:9.3e-03
  343 ,  10291 : 2.4470738092965e+00 +(1e-02,2e-02) | 5.74e+03 |  7:8.1e-05  4:1.0e-02
  344 ,  10321 : 2.4438787548204e+00 +(1e-02,3e-02) | 5.98e+03 |  7:8.9e-05  4:1.1e-02
  345 ,  10351 : 2.4458634777890e+00 +(2e-02,3e-02) | 5.93e+03 |  7:8.2e-05  4:9.8e-03
  346 ,  10381 : 2.4403108053469e+00 +(2e-02,3e-02) | 5.55e+03 |  7:8.4e-05  4:1.0e-02
  347 ,  10411 : 2.4449792393699e+00 +(2e-02,4e-02) | 5.75e+03 |  7:7.8e-05  4:9.3e-03
  348 ,  10441 : 2.4445825377551e+00 +(2e-02,3e-02) | 5.98e+03 |  7:8.4e-05  4:9.9e-03
  349 ,  10471 : 2.4384673253112e+00 +(2e-02,3e-02) | 5.91e+03 |  7:9.3e-05  4:1.1e-02
Iterat, #Fevals:   Function Value    (median,worst) |Axis Ratio|idx:Min SD idx:Max SD
  350 ,  10501 : 2.4382316196942e+00 +(2e-02,3e-02) | 5.75e+03 |  7:1.0e-04  4:1.2e-02
  351 ,  10531 : 2.4416848871653e+00 +(2e-02,3e-02) | 5.59e+03 |  7:9.7e-05  4:1.2e-02
  352 ,  10561 : 2.4446825761751e+00 +(2e-02,6e-02) | 5.43e+03 |  7:9.2e-05  4:1.1e-02
  353 ,  10591 : 2.4425181738891e+00 +(1e-02,4e-02) | 5.44e+03 |  7:8.4e-05  4:9.9e-03
  354 ,  10621 : 2.4428311207687e+00 +(1e-02,4e-02) | 5.48e+03 |  7:8.4e-05  4:9.9e-03
  355 ,  10651 : 2.4460039199585e+00 +(1e-02,3e-02) | 5.54e+03 |  7:9.6e-05  4:1.2e-02
  356 ,  10681 : 2.4397319624348e+00 +(2e-02,4e-02) | 5.71e+03 |  7:1.1e-04  4:1.4e-02
  357 ,  10711 : 2.4395664358236e+00 +(2e-02,4e-02) | 5.58e+03 |  7:1.0e-04  4:1.3e-02
  358 ,  10741 : 2.4434379017929e+00 +(2e-02,4e-02) | 5.59e+03 |  7:9.8e-05  4:1.3e-02
  359 ,  10771 : 2.4454243283119e+00 +(1e-02,4e-02) | 5.61e+03 |  7:9.3e-05  4:1.2e-02
Iterat, #Fevals:   Function Value    (median,worst) |Axis Ratio|idx:Min SD idx:Max SD
  360 ,  10801 : 2.4417564594763e+00 +(2e-02,3e-02) | 5.70e+03 |  7:8.1e-05  4:1.0e-02
  361 ,  10831 : 2.4405504057043e+00 +(2e-02,3e-02) | 5.90e+03 |  7:7.2e-05  4:8.9e-03
  362 ,  10861 : 2.4421498944805e+00 +(1e-02,3e-02) | 5.45e+03 |  7:7.0e-05  4:8.7e-03
  363 ,  10891 : 2.4423595965412e+00 +(2e-02,3e-02) | 5.29e+03 |  7:6.8e-05  4:8.6e-03
  364 ,  10921 : 2.4437157318775e+00 +(1e-02,3e-02) | 5.44e+03 |  7:6.5e-05  4:8.3e-03
  365 ,  10951 : 2.4450574540580e+00 +(1e-02,3e-02) | 5.38e+03 |  7:6.3e-05  4:8.1e-03
  366 ,  10981 : 2.4467610504842e+00 +(1e-02,2e-02) | 5.51e+03 |  7:7.4e-05  4:9.4e-03
  367 ,  11011 : 2.4426128214053e+00 +(2e-02,3e-02) | 5.38e+03 |  7:8.1e-05  4:1.0e-02
  368 ,  11041 : 2.4395988605854e+00 +(2e-02,3e-02) | 5.12e+03 |  7:7.9e-05  4:9.8e-03
  369 ,  11071 : 2.4400533716528e+00 +(2e-02,3e-02) | 5.11e+03 |  7:8.0e-05  4:9.7e-03
Iterat, #Fevals:   Function Value    (median,worst) |Axis Ratio|idx:Min SD idx:Max SD
  370 ,  11101 : 2.4424507347729e+00 +(2e-02,3e-02) | 5.07e+03 |  7:6.7e-05  4:8.1e-03
  371 ,  11131 : 2.4372103718826e+00 +(2e-02,4e-02) | 4.94e+03 |  7:5.3e-05  4:6.5e-03
  372 ,  11161 : 2.4408890187470e+00 +(1e-02,4e-02) | 4.97e+03 |  7:4.9e-05  4:6.0e-03
  373 ,  11191 : 2.4375998681695e+00 +(2e-02,3e-02) | 4.83e+03 |  7:5.5e-05  4:6.5e-03
  374 ,  11221 : 2.4461883837075e+00 +(1e-02,3e-02) | 4.74e+03 |  7:5.1e-05  4:6.0e-03
  375 ,  11251 : 2.4351055779520e+00 +(2e-02,4e-02) | 4.83e+03 |  7:5.2e-05  4:6.1e-03
  376 ,  11281 : 2.4382507246516e+00 +(2e-02,4e-02) | 5.22e+03 |  7:5.0e-05  4:6.2e-03
  377 ,  11311 : 2.4402422441113e+00 +(2e-02,3e-02) | 5.13e+03 |  7:4.9e-05  4:6.0e-03
  378 ,  11341 : 2.4467434062203e+00 +(1e-02,2e-02) | 5.03e+03 |  7:4.6e-05  4:5.4e-03
  379 ,  11371 : 2.4361816184389e+00 +(2e-02,3e-02) | 4.91e+03 |  7:4.4e-05  4:5.4e-03
Iterat, #Fevals:   Function Value    (median,worst) |Axis Ratio|idx:Min SD idx:Max SD
  380 ,  11401 : 2.4436094268149e+00 +(1e-02,2e-02) | 4.56e+03 |  7:4.5e-05  4:5.3e-03
  381 ,  11431 : 2.4475571309964e+00 +(1e-02,3e-02) | 4.42e+03 |  7:4.0e-05  4:4.7e-03
  382 ,  11461 : 2.4357318721427e+00 +(2e-02,3e-02) | 4.50e+03 |  7:4.1e-05  4:4.8e-03
  383 ,  11491 : 2.4419141803579e+00 +(1e-02,3e-02) | 4.42e+03 |  7:4.7e-05  4:5.3e-03
  384 ,  11521 : 2.4427184703881e+00 +(1e-02,3e-02) | 4.62e+03 |  7:5.2e-05  4:5.6e-03
  385 ,  11551 : 2.4414067685353e+00 +(1e-02,3e-02) | 4.94e+03 |  7:5.3e-05  4:5.5e-03
  386 ,  11581 : 2.4454152319425e+00 +(1e-02,3e-02) | 5.11e+03 |  7:6.5e-05  4:6.3e-03
  387 ,  11611 : 2.4426444855923e+00 +(2e-02,3e-02) | 5.06e+03 |  7:6.9e-05  4:6.5e-03
  388 ,  11641 : 2.4399978622637e+00 +(2e-02,3e-02) | 4.88e+03 |  7:7.0e-05  4:6.5e-03
  389 ,  11671 : 2.4383284949667e+00 +(2e-02,3e-02) | 4.71e+03 |  7:6.3e-05  4:6.1e-03
Iterat, #Fevals:   Function Value    (median,worst) |Axis Ratio|idx:Min SD idx:Max SD
  390 ,  11701 : 2.4366215162122e+00 +(2e-02,3e-02) | 4.76e+03 |  7:6.3e-05  4:6.2e-03
  391 ,  11731 : 2.4451656732937e+00 +(1e-02,2e-02) | 4.74e+03 |  7:7.8e-05  4:7.6e-03
  392 ,  11761 : 2.4333708763244e+00 +(2e-02,4e-02) | 4.82e+03 |  7:6.7e-05  4:6.6e-03
  393 ,  11791 : 2.4436375070268e+00 +(1e-02,3e-02) | 4.53e+03 |  7:6.1e-05  4:6.0e-03
  394 ,  11821 : 2.4427595387916e+00 +(1e-02,3e-02) | 4.34e+03 |  7:6.7e-05  4:6.1e-03
  395 ,  11851 : 2.4482584774017e+00 +(1e-02,2e-02) | 4.42e+03 |  7:6.2e-05  4:5.6e-03
  396 ,  11881 : 2.4394548235146e+00 +(2e-02,3e-02) | 4.36e+03 |  7:6.0e-05  4:5.4e-03
  397 ,  11911 : 2.4456018335386e+00 +(1e-02,3e-02) | 4.42e+03 |  7:5.1e-05  9:4.5e-03
  398 ,  11941 : 2.4368778846445e+00 +(2e-02,3e-02) | 4.46e+03 |  7:5.4e-05  9:4.7e-03
  399 ,  11971 : 2.4416690332751e+00 +(1e-02,3e-02) | 4.49e+03 |  7:4.9e-05  9:4.3e-03
Iterat, #Fevals:   Function Value    (median,worst) |Axis Ratio|idx:Min SD idx:Max SD
  400 ,  12001 : 2.4405202259274e+00 +(2e-02,3e-02) | 4.43e+03 |  7:4.6e-05  9:4.1e-03
  401 ,  12031 : 2.4437432296968e+00 +(1e-02,3e-02) | 4.58e+03 |  7:4.0e-05  9:3.6e-03
  402 ,  12061 : 2.4379917830531e+00 +(2e-02,3e-02) | 4.61e+03 |  7:3.9e-05  9:3.5e-03
  403 ,  12091 : 2.4337111129661e+00 +(2e-02,4e-02) | 4.31e+03 |  7:3.9e-05  9:3.4e-03
  404 ,  12121 : 2.4429049344539e+00 +(1e-02,3e-02) | 4.18e+03 |  7:3.4e-05  9:3.1e-03
  405 ,  12151 : 2.4399694903717e+00 +(2e-02,4e-02) | 4.12e+03 |  7:3.2e-05  9:2.9e-03
  406 ,  12181 : 2.4435761605993e+00 +(1e-02,3e-02) | 4.22e+03 |  7:3.1e-05  9:2.8e-03
  407 ,  12211 : 2.4431034359045e+00 +(1e-02,3e-02) | 4.30e+03 |  7:2.9e-05  9:2.6e-03
  408 ,  12241 : 2.4402502407080e+00 +(2e-02,3e-02) | 4.34e+03 |  7:2.6e-05  9:2.3e-03
  409 ,  12271 : 2.4341431347679e+00 +(2e-02,4e-02) | 4.32e+03 |  7:2.8e-05  9:2.4e-03
Iterat, #Fevals:   Function Value    (median,worst) |Axis Ratio|idx:Min SD idx:Max SD
  410 ,  12301 : 2.4392326983252e+00 +(2e-02,3e-02) | 4.43e+03 |  7:2.8e-05  9:2.5e-03
  411 ,  12331 : 2.4340014401590e+00 +(2e-02,4e-02) | 4.38e+03 |  7:3.1e-05  9:2.7e-03
  412 ,  12361 : 2.4429958854269e+00 +(1e-02,3e-02) | 4.00e+03 |  7:3.4e-05  9:2.9e-03
  413 ,  12391 : 2.4423492999558e+00 +(1e-02,3e-02) | 4.34e+03 |  7:3.3e-05  9:2.9e-03
  414 ,  12421 : 2.4426923585585e+00 +(1e-02,3e-02) | 4.54e+03 |  7:3.6e-05  9:3.1e-03
  415 ,  12451 : 2.4402046970908e+00 +(2e-02,4e-02) | 4.61e+03 |  7:3.3e-05  9:2.9e-03
  416 ,  12481 : 2.4453323889858e+00 +(1e-02,3e-02) | 4.55e+03 |  7:2.6e-05  9:2.3e-03
  417 ,  12511 : 2.4423868844480e+00 +(1e-02,3e-02) | 4.39e+03 |  7:2.5e-05  9:2.1e-03
  418 ,  12541 : 2.4419791345831e+00 +(1e-02,3e-02) | 4.31e+03 |  7:2.3e-05  9:2.0e-03
  419 ,  12571 : 2.4441509478625e+00 +(1e-02,3e-02) | 4.54e+03 |  7:2.1e-05  9:1.8e-03
Iterat, #Fevals:   Function Value    (median,worst) |Axis Ratio|idx:Min SD idx:Max SD
  420 ,  12601 : 2.4422235015547e+00 +(1e-02,3e-02) | 4.50e+03 |  7:2.2e-05  9:1.8e-03
  421 ,  12631 : 2.4391763310414e+00 +(2e-02,4e-02) | 4.56e+03 |  7:2.2e-05  9:1.8e-03
  422 ,  12661 : 2.4422521823764e+00 +(1e-02,2e-02) | 4.55e+03 |  7:2.3e-05  9:1.9e-03
  423 ,  12691 : 2.4415495605601e+00 +(2e-02,3e-02) | 4.31e+03 |  7:2.8e-05  9:2.3e-03
  424 ,  12721 : 2.4347814297258e+00 +(2e-02,4e-02) | 4.38e+03 |  7:2.6e-05  9:2.1e-03
  425 ,  12751 : 2.4420573868469e+00 +(2e-02,3e-02) | 4.27e+03 |  7:2.2e-05  6:1.9e-03
  426 ,  12781 : 2.4425373748524e+00 +(2e-02,3e-02) | 4.43e+03 |  7:2.0e-05  6:1.7e-03
  427 ,  12811 : 2.4431830261955e+00 +(1e-02,2e-02) | 4.84e+03 |  7:2.2e-05  6:2.0e-03
  428 ,  12841 : 2.4417181434248e+00 +(1e-02,3e-02) | 4.82e+03 |  7:2.2e-05  6:2.0e-03
  429 ,  12871 : 2.4455629077514e+00 +(1e-02,3e-02) | 4.81e+03 |  7:1.8e-05  6:1.6e-03
Iterat, #Fevals:   Function Value    (median,worst) |Axis Ratio|idx:Min SD idx:Max SD
  430 ,  12901 : 2.4422818299380e+00 +(1e-02,3e-02) | 4.82e+03 |  7:1.8e-05  6:1.6e-03
  431 ,  12931 : 2.4449659533401e+00 +(1e-02,2e-02) | 4.84e+03 |  7:1.7e-05  9:1.4e-03
  432 ,  12961 : 2.4444484599169e+00 +(1e-02,2e-02) | 5.49e+03 |  7:1.7e-05  6:1.6e-03
  433 ,  12991 : 2.4404377283939e+00 +(2e-02,4e-02) | 5.51e+03 |  7:1.8e-05  6:1.6e-03
  434 ,  13021 : 2.4421002850757e+00 +(1e-02,3e-02) | 5.44e+03 |  7:1.8e-05  6:1.7e-03
  435 ,  13051 : 2.4407703673006e+00 +(2e-02,3e-02) | 5.67e+03 |  7:2.0e-05  6:1.8e-03
  436 ,  13081 : 2.4405834936222e+00 +(2e-02,3e-02) | 5.66e+03 |  7:2.2e-05  6:2.0e-03
  437 ,  13111 : 2.4385584021633e+00 +(1e-02,3e-02) | 5.56e+03 |  7:2.1e-05  6:2.0e-03
  438 ,  13141 : 2.4367596469418e+00 +(2e-02,3e-02) | 5.48e+03 |  7:2.2e-05  6:2.1e-03
#Fevals:   f(returned x)   |    bestever.f     | stopflag (saved to variablescmaes13_9_60.mat)
  13142: 2.43675964694e+00 | 2.43337087632e+00 | stagnation
mean solution: +2.5e-01 +1.2e+00 +1.5e+00 +8.2e-01 +1.9e+00 +7.0e-01 +9.7e-03 +8.6e-03 +1.4e+00
std deviation:  9.9e-04  1.6e-03  1.4e-03  1.6e-03  1.6e-03  2.1e-03  2.2e-05  3.3e-05  1.8e-03
use plotcmaesdat.m for plotting the output at any time (option LogModulo must not be zero)
