
                            < M A T L A B (R) >
                  Copyright 1984-2015 The MathWorks, Inc.
                   R2015a (8.5.0.197613) 64-bit (glnxa64)
                             February 12, 2015

 
For online documentation, see http://www.mathworks.com/support
For product information, visit www.mathworks.com.
 

	Academic License


seed =

                 60.396228


InitialthetaLB =

                       0.1
                         1
                         1
                       0.1
                         1
                       0.1
                     0.001
                    0.0001
                       300


InitialthetaUB =

      100000
    10000000
   100000000
       10000
       10000
        1000
           5
         100
        2000


Initialtheta =

          30087.4029173289
          1869458.97647296
          32318268.3736393
          6657.52912792606
          5670.14103889116
          398.314133502875
          1.89769516270746
          1.05825252971071
          589.621521689311

  n=9: (15,30)-CMA-ES(w=[21 15 12... 0.77 0.25]%, ]%, mu_eff=8.6) on function Error
Iterat, #Fevals:   Function Value    (median,worst) |Axis Ratio|idx:Min SD idx:Max SD
    1 ,     31 : 3.1053462053600e+01 +(5e+01,1e+07) | 6.09e+01 |  4:4.5e-01  8:2.7e+01
    2 ,     61 : 3.4911853782355e+01 +(5e+01,2e+04) | 6.35e+01 |  4:4.5e-01  8:2.8e+01
    3 ,     91 : 3.2400981732113e+01 +(5e+01,5e+05) | 6.38e+01 |  4:4.3e-01  8:2.7e+01
    4 ,    121 : 3.2321170467937e+01 +(5e+01,2e+03) | 6.30e+01 |  4:4.7e-01  8:2.9e+01
    5 ,    151 : 3.2773632428241e+01 +(5e+01,3e+05) | 6.60e+01 |  4:5.8e-01  8:3.8e+01
    6 ,    181 : 3.2520534311179e+01 +(5e+01,5e+03) | 6.70e+01 |  4:6.4e-01  8:4.2e+01
    7 ,    211 : 3.2693171421410e+01 +(5e+01,3e+03) | 6.67e+01 |  4:6.0e-01  8:3.8e+01
    8 ,    241 : 3.2176992465354e+01 +(5e+01,3e+11) | 6.92e+01 |  4:5.6e-01  8:3.7e+01
    9 ,    271 : 3.4177317219829e+01 +(3e+01,5e+10) | 7.17e+01 |  4:4.8e-01  8:3.3e+01
Iterat, #Fevals:   Function Value    (median,worst) |Axis Ratio|idx:Min SD idx:Max SD
   10 ,    301 : 3.2555646717853e+01 +(3e+01,2e+03) | 7.25e+01 |  4:4.5e-01  8:3.0e+01
   11 ,    331 : 3.2609425128874e+01 +(2e+01,5e+04) | 7.61e+01 |  4:4.2e-01  8:3.0e+01
   12 ,    361 : 3.2325162251203e+01 +(1e+01,5e+02) | 7.85e+01 |  4:3.6e-01  8:2.6e+01
   13 ,    391 : 3.1641992498757e+01 +(5e+00,2e+03) | 8.33e+01 |  4:3.1e-01  8:2.3e+01
   14 ,    421 : 3.2425394394010e+01 +(1e+01,9e+01) | 8.01e+01 |  4:2.9e-01  8:2.1e+01
   15 ,    451 : 3.2523515085061e+01 +(1e+01,2e+02) | 8.15e+01 |  4:2.4e-01  8:1.7e+01
   16 ,    481 : 3.2477554360654e+01 +(6e+00,3e+01) | 8.40e+01 |  4:2.5e-01  8:1.8e+01
   17 ,    511 : 3.2192456820505e+01 +(1e+01,3e+02) | 8.49e+01 |  4:2.7e-01  8:1.9e+01
   18 ,    541 : 3.2561532774653e+01 +(5e+00,1e+03) | 8.50e+01 |  4:2.6e-01  8:1.8e+01
   19 ,    571 : 3.1862472206149e+01 +(9e+00,3e+02) | 8.94e+01 |  4:2.3e-01  8:1.7e+01
Iterat, #Fevals:   Function Value    (median,worst) |Axis Ratio|idx:Min SD idx:Max SD
   20 ,    601 : 3.2305148855004e+01 +(3e+00,2e+02) | 9.04e+01 |  4:1.9e-01  8:1.3e+01
   21 ,    631 : 3.2126392697137e+01 +(3e+00,5e+01) | 9.28e+01 |  4:1.7e-01  8:1.2e+01
   22 ,    661 : 3.2202889892069e+01 +(2e+00,3e+01) | 9.19e+01 |  4:1.4e-01  8:1.0e+01
   23 ,    691 : 3.2283394854707e+01 +(1e+00,2e+01) | 9.53e+01 |  4:1.4e-01  8:9.5e+00
   24 ,    721 : 3.2202206380912e+01 +(1e+00,1e+01) | 9.80e+01 |  4:1.3e-01  8:9.3e+00
   25 ,    751 : 3.1950971553975e+01 +(1e+00,2e+01) | 1.04e+02 |  4:1.5e-01  8:1.0e+01
   26 ,    781 : 3.2070888136430e+01 +(1e+00,2e+01) | 1.07e+02 |  4:1.4e-01  8:1.0e+01
   27 ,    811 : 3.1941372686886e+01 +(3e+00,5e+01) | 1.09e+02 |  4:1.4e-01  8:9.9e+00
   28 ,    841 : 3.1550434650738e+01 +(1e+00,2e+01) | 1.12e+02 |  4:1.7e-01  8:1.1e+01
   29 ,    871 : 3.1744162489525e+01 +(2e+00,4e+01) | 1.14e+02 |  4:1.5e-01  8:9.9e+00
Iterat, #Fevals:   Function Value    (median,worst) |Axis Ratio|idx:Min SD idx:Max SD
   30 ,    901 : 3.1694794249055e+01 +(1e+00,1e+02) | 1.16e+02 |  4:1.4e-01  8:9.6e+00
   31 ,    931 : 3.1792818298030e+01 +(6e-01,2e+01) | 1.14e+02 |  4:1.5e-01  8:9.8e+00
   32 ,    961 : 3.1515393481245e+01 +(1e+00,8e+00) | 1.14e+02 |  4:1.6e-01  8:1.0e+01
   33 ,    991 : 3.1435197769328e+01 +(8e-01,3e+01) | 1.14e+02 |  4:1.6e-01  8:9.9e+00
   34 ,   1021 : 3.1430270631081e+01 +(2e+00,2e+01) | 1.13e+02 |  4:1.5e-01  8:8.9e+00
   35 ,   1051 : 3.1017248182046e+01 +(2e+00,3e+01) | 1.19e+02 |  4:1.7e-01  8:9.7e+00
   36 ,   1081 : 3.0718190256904e+01 +(2e+00,5e+01) | 1.24e+02 |  5:1.7e-01  8:1.0e+01
   37 ,   1111 : 3.0168050894593e+01 +(4e+00,6e+01) | 1.28e+02 |  5:1.6e-01  8:9.7e+00
   38 ,   1141 : 3.0446891649959e+01 +(4e+00,4e+02) | 1.29e+02 |  5:1.4e-01  8:8.2e+00
   39 ,   1171 : 3.0027859232063e+01 +(3e+00,8e+01) | 1.34e+02 |  5:1.2e-01  8:7.5e+00
Iterat, #Fevals:   Function Value    (median,worst) |Axis Ratio|idx:Min SD idx:Max SD
   40 ,   1201 : 3.0810601831737e+01 +(2e+00,2e+01) | 1.33e+02 |  5:1.4e-01  8:8.4e+00
   41 ,   1231 : 2.9747410104365e+01 +(3e+00,7e+01) | 1.33e+02 |  5:1.4e-01  8:8.3e+00
   42 ,   1261 : 2.9375007294574e+01 +(3e+00,5e+01) | 1.33e+02 |  5:1.4e-01  8:7.8e+00
   43 ,   1291 : 2.7534135647435e+01 +(5e+00,6e+01) | 1.32e+02 |  5:1.3e-01  8:7.6e+00
   44 ,   1321 : 2.9113038861661e+01 +(3e+00,6e+01) | 1.31e+02 |  5:1.2e-01  8:6.8e+00
   45 ,   1351 : 2.8121063151601e+01 +(3e+00,6e+01) | 1.31e+02 |  5:1.2e-01  8:6.4e+00
   46 ,   1381 : 2.6226777540938e+01 +(6e+00,6e+01) | 1.28e+02 |  5:1.3e-01  8:6.7e+00
   47 ,   1411 : 7.0387292110041e+00 +(3e+01,8e+01) | 1.33e+02 |  5:1.2e-01  8:6.7e+00
   48 ,   1441 : 1.4723191191045e+01 +(3e+01,1e+02) | 1.33e+02 |  5:1.1e-01  8:6.1e+00
   49 ,   1471 : 2.9161174784236e+01 +(8e+00,2e+04) | 1.32e+02 |  5:9.6e-02  8:5.5e+00
Iterat, #Fevals:   Function Value    (median,worst) |Axis Ratio|idx:Min SD idx:Max SD
   50 ,   1501 : 2.8556113676718e+01 +(4e+00,7e+01) | 1.30e+02 |  5:9.7e-02  8:5.3e+00
   51 ,   1531 : 2.8490843917179e+01 +(3e+00,6e+01) | 1.27e+02 |  5:1.1e-01  8:5.8e+00
   52 ,   1561 : 2.4889455501454e+01 +(6e+00,6e+01) | 1.29e+02 |  5:1.1e-01  8:5.8e+00
   53 ,   1591 : 2.6536466658490e+01 +(6e+00,1e+02) | 1.33e+02 |  5:9.0e-02  8:4.7e+00
   54 ,   1621 : 2.5945669264805e+01 +(4e+00,2e+02) | 1.34e+02 |  5:8.7e-02  8:4.4e+00
   55 ,   1651 : 2.5621735443148e+01 +(6e+00,6e+01) | 1.37e+02 |  5:8.9e-02  8:4.5e+00
   56 ,   1681 : 2.2322574978034e+01 +(9e+00,6e+01) | 1.35e+02 |  5:9.4e-02  8:4.7e+00
   57 ,   1711 : 2.2054457072107e+01 +(1e+01,1e+02) | 1.26e+02 |  5:8.6e-02  8:4.1e+00
   58 ,   1741 : 1.5492079513678e+01 +(1e+01,7e+01) | 1.33e+02 |  5:9.6e-02  8:4.4e+00
   59 ,   1771 : 1.8221983373789e+01 +(1e+01,7e+01) | 1.32e+02 |  5:9.3e-02  8:4.0e+00
Iterat, #Fevals:   Function Value    (median,worst) |Axis Ratio|idx:Min SD idx:Max SD
   60 ,   1801 : 2.3482189051249e+01 +(8e+00,6e+01) | 1.35e+02 |  5:8.9e-02  8:3.7e+00
   61 ,   1831 : 2.3066589704301e+01 +(7e+00,6e+01) | 1.38e+02 |  5:8.8e-02  8:3.6e+00
   62 ,   1861 : 1.8369125437484e+01 +(1e+01,7e+01) | 1.41e+02 |  5:8.6e-02  8:3.5e+00
   63 ,   1891 : 1.4244133297912e+01 +(2e+01,5e+02) | 1.43e+02 |  5:8.3e-02  8:3.4e+00
   64 ,   1921 : 2.1581253933293e+01 +(8e+00,6e+01) | 1.38e+02 |  5:8.0e-02  8:3.1e+00
   65 ,   1951 : 7.7088202284578e+00 +(2e+01,2e+04) | 1.31e+02 |  5:7.9e-02  8:3.1e+00
   66 ,   1981 : 5.4145184950099e+00 +(2e+01,2e+03) | 1.32e+02 |  5:7.9e-02  8:3.0e+00
   67 ,   2011 : 1.1879805578396e+01 +(2e+01,7e+01) | 1.29e+02 |  5:7.1e-02  8:2.6e+00
   68 ,   2041 : 2.0265976621689e+01 +(9e+00,4e+02) | 1.26e+02 |  5:7.1e-02  8:2.6e+00
   69 ,   2071 : 1.1651900791467e+01 +(2e+01,7e+01) | 1.30e+02 |  5:7.5e-02  8:2.8e+00
Iterat, #Fevals:   Function Value    (median,worst) |Axis Ratio|idx:Min SD idx:Max SD
   70 ,   2101 : 9.5300196257219e+00 +(2e+01,1e+04) | 1.29e+02 |  5:7.0e-02  8:2.5e+00
   71 ,   2131 : 1.2229688134549e+01 +(2e+01,7e+01) | 1.27e+02 |  5:7.2e-02  8:2.5e+00
   72 ,   2161 : 9.3178771231553e+00 +(2e+01,1e+03) | 1.25e+02 |  5:6.9e-02  8:2.4e+00
   73 ,   2191 : 1.1581786914057e+01 +(1e+01,1e+05) | 1.24e+02 |  5:6.9e-02  8:2.3e+00
   74 ,   2221 : 1.1058120921045e+01 +(2e+01,2e+02) | 1.21e+02 |  5:7.8e-02  8:2.5e+00
   75 ,   2251 : 3.6585797737388e+00 +(2e+01,8e+01) | 1.20e+02 |  5:8.4e-02  8:2.5e+00
   76 ,   2281 : 1.0167242498801e+01 +(8e+01,9e+04) | 1.17e+02 |  5:7.7e-02  8:2.3e+00
   77 ,   2311 : 1.2750959724631e+01 +(1e+01,2e+02) | 1.19e+02 |  5:6.7e-02  8:2.0e+00
   78 ,   2341 : 6.4789667039133e+00 +(2e+01,1e+02) | 1.20e+02 |  5:5.8e-02  8:1.7e+00
   79 ,   2371 : 1.2922426866759e+01 +(9e+00,1e+02) | 1.21e+02 |  5:6.1e-02  8:1.7e+00
Iterat, #Fevals:   Function Value    (median,worst) |Axis Ratio|idx:Min SD idx:Max SD
   80 ,   2401 : 4.8341385754126e+00 +(2e+01,8e+01) | 1.25e+02 |  5:6.9e-02  8:1.9e+00
   81 ,   2431 : 4.6514597881376e+00 +(6e+01,1e+02) | 1.25e+02 |  5:6.7e-02  8:1.8e+00
   82 ,   2461 : 9.7671506720117e+00 +(2e+01,6e+02) | 1.25e+02 |  5:8.1e-02  8:2.1e+00
   83 ,   2491 : 1.3770858139362e+01 +(1e+01,3e+04) | 1.24e+02 |  5:9.0e-02  8:2.4e+00
   84 ,   2521 : 9.3818816798811e+00 +(2e+01,8e+01) | 1.26e+02 |  5:7.6e-02  8:2.1e+00
   85 ,   2551 : 2.9648271651263e+00 +(2e+01,5e+02) | 1.26e+02 |  5:7.8e-02  8:2.0e+00
   86 ,   2581 : 7.5764667603632e+00 +(3e+01,9e+01) | 1.21e+02 |  7:7.2e-02  8:1.9e+00
   87 ,   2611 : 2.9385022892250e+00 +(3e+01,3e+02) | 1.21e+02 |  7:5.9e-02  8:1.5e+00
   88 ,   2641 : 5.7359959818595e+00 +(1e+01,1e+04) | 1.24e+02 |  7:4.8e-02  8:1.3e+00
   89 ,   2671 : 4.9741129299183e+00 +(1e+01,7e+02) | 1.28e+02 |  7:4.4e-02  8:1.2e+00
Iterat, #Fevals:   Function Value    (median,worst) |Axis Ratio|idx:Min SD idx:Max SD
   90 ,   2701 : 6.0236396192680e+00 +(1e+01,8e+01) | 1.31e+02 |  7:4.2e-02  8:1.1e+00
   91 ,   2731 : 5.3499903762895e+00 +(1e+01,8e+01) | 1.34e+02 |  7:3.8e-02  8:1.0e+00
   92 ,   2761 : 3.5924637556926e+00 +(1e+01,6e+01) | 1.33e+02 |  7:3.5e-02  8:9.5e-01
   93 ,   2791 : 3.0643223684671e+00 +(9e+00,8e+01) | 1.35e+02 |  7:2.9e-02  8:8.2e-01
   94 ,   2821 : 2.8298983803990e+00 +(1e+01,9e+01) | 1.38e+02 |  7:2.6e-02  8:7.3e-01
   95 ,   2851 : 4.8857632067006e+00 +(6e+00,2e+02) | 1.36e+02 |  7:2.3e-02  8:6.8e-01
   96 ,   2881 : 2.8556222768158e+00 +(8e+00,6e+01) | 1.36e+02 |  7:2.2e-02  8:6.3e-01
   97 ,   2911 : 2.8997775242030e+00 +(6e+00,7e+01) | 1.36e+02 |  7:2.1e-02  8:6.1e-01
   98 ,   2941 : 2.9673604800900e+00 +(6e+00,8e+01) | 1.35e+02 |  7:1.7e-02  8:5.1e-01
   99 ,   2971 : 2.6621688113909e+00 +(5e+00,3e+01) | 1.33e+02 |  7:1.5e-02  8:4.5e-01
Iterat, #Fevals:   Function Value    (median,worst) |Axis Ratio|idx:Min SD idx:Max SD
  100 ,   3001 : 3.0820064037081e+00 +(4e+00,2e+01) | 1.32e+02 |  7:1.8e-02  8:5.1e-01
  101 ,   3031 : 2.6053216730770e+00 +(6e+00,8e+01) | 1.32e+02 |  7:1.9e-02  8:5.4e-01
  102 ,   3061 : 3.0927529566287e+00 +(1e+01,8e+01) | 1.31e+02 |  7:1.7e-02  8:5.0e-01
  103 ,   3091 : 2.6096410773802e+00 +(6e+00,8e+01) | 1.35e+02 |  7:1.4e-02  8:4.2e-01
  104 ,   3121 : 2.6832861198966e+00 +(3e+00,4e+01) | 1.37e+02 |  7:1.3e-02  8:3.9e-01
  105 ,   3151 : 2.6629963519391e+00 +(3e+00,8e+01) | 1.41e+02 |  7:1.1e-02  8:3.5e-01
  106 ,   3181 : 3.0939407022558e+00 +(2e+00,8e+01) | 1.47e+02 |  7:1.2e-02  8:3.8e-01
  107 ,   3211 : 2.6120659790918e+00 +(2e+00,7e+01) | 1.48e+02 |  7:1.1e-02  8:3.6e-01
  108 ,   3241 : 2.5979177797803e+00 +(3e+00,6e+01) | 1.53e+02 |  7:9.4e-03  8:3.2e-01
  109 ,   3271 : 2.6174779636788e+00 +(2e+00,2e+01) | 1.61e+02 |  7:9.5e-03  8:3.4e-01
Iterat, #Fevals:   Function Value    (median,worst) |Axis Ratio|idx:Min SD idx:Max SD
  110 ,   3301 : 2.6863431646001e+00 +(2e+00,6e+01) | 1.65e+02 |  7:8.0e-03  8:3.0e-01
  111 ,   3331 : 2.7767056321392e+00 +(1e+00,1e+01) | 1.79e+02 |  7:7.7e-03  8:3.1e-01
  112 ,   3361 : 2.5640895122204e+00 +(1e+00,5e+01) | 1.82e+02 |  7:6.7e-03  8:2.7e-01
  113 ,   3391 : 2.6111430948875e+00 +(8e-01,7e+00) | 1.83e+02 |  7:5.9e-03  8:2.5e-01
  114 ,   3421 : 2.5772975600205e+00 +(6e-01,9e+00) | 1.85e+02 |  7:5.0e-03  8:2.1e-01
  115 ,   3451 : 2.6054687438574e+00 +(4e-01,2e+01) | 1.90e+02 |  7:4.5e-03  8:2.0e-01
  116 ,   3481 : 2.5875969020005e+00 +(6e-01,5e+00) | 1.92e+02 |  7:3.8e-03  8:1.7e-01
  117 ,   3511 : 2.5867436905650e+00 +(6e-01,2e+00) | 1.98e+02 |  7:3.6e-03  8:1.7e-01
  118 ,   3541 : 2.6042129904254e+00 +(3e-01,2e+00) | 2.04e+02 |  7:3.4e-03  8:1.6e-01
  119 ,   3571 : 2.5931599614469e+00 +(2e-01,2e+00) | 2.03e+02 |  7:2.9e-03  8:1.4e-01
Iterat, #Fevals:   Function Value    (median,worst) |Axis Ratio|idx:Min SD idx:Max SD
  120 ,   3601 : 2.5792767877101e+00 +(1e-01,1e+00) | 2.09e+02 |  7:2.8e-03  8:1.4e-01
  121 ,   3631 : 2.5810697079672e+00 +(1e-01,2e+00) | 2.10e+02 |  7:2.8e-03  8:1.4e-01
  122 ,   3661 : 2.5793195864526e+00 +(1e-01,1e+00) | 2.32e+02 |  7:2.9e-03  8:1.6e-01
  123 ,   3691 : 2.5784385083316e+00 +(2e-01,2e+00) | 2.44e+02 |  7:2.6e-03  8:1.5e-01
  124 ,   3721 : 2.5665471078156e+00 +(3e-01,3e+00) | 2.44e+02 |  7:3.0e-03  8:1.7e-01
  125 ,   3751 : 2.5633278265850e+00 +(2e-01,3e+00) | 2.47e+02 |  7:2.9e-03  8:1.7e-01
  126 ,   3781 : 2.5627715634223e+00 +(2e-01,2e+00) | 2.50e+02 |  7:2.4e-03  8:1.4e-01
  127 ,   3811 : 2.5875075268879e+00 +(2e-01,5e-01) | 2.51e+02 |  7:2.3e-03  8:1.4e-01
  128 ,   3841 : 2.5598468255555e+00 +(1e-01,6e-01) | 2.55e+02 |  7:2.2e-03  8:1.3e-01
  129 ,   3871 : 2.5539720339214e+00 +(1e-01,8e-01) | 2.62e+02 |  7:2.1e-03  8:1.3e-01
Iterat, #Fevals:   Function Value    (median,worst) |Axis Ratio|idx:Min SD idx:Max SD
  130 ,   3901 : 2.5443651364827e+00 +(1e-01,8e-01) | 2.66e+02 |  7:2.2e-03  8:1.4e-01
  131 ,   3931 : 2.5520568984416e+00 +(1e-01,1e+00) | 2.79e+02 |  7:2.2e-03  8:1.5e-01
  132 ,   3961 : 2.5626149286088e+00 +(2e-01,2e+00) | 2.89e+02 |  7:2.1e-03  8:1.4e-01
  133 ,   3991 : 2.5506202713636e+00 +(8e-02,4e+00) | 2.93e+02 |  7:1.9e-03  8:1.3e-01
  134 ,   4021 : 2.5431046668991e+00 +(7e-02,6e-01) | 3.05e+02 |  7:2.0e-03  8:1.5e-01
  135 ,   4051 : 2.5287628873913e+00 +(1e-01,5e-01) | 3.12e+02 |  7:2.0e-03  8:1.5e-01
  136 ,   4081 : 2.5433993866360e+00 +(7e-02,1e+00) | 3.15e+02 |  7:2.0e-03  8:1.6e-01
  137 ,   4111 : 2.5415999927245e+00 +(1e-01,8e-01) | 3.11e+02 |  7:2.1e-03  8:1.6e-01
  138 ,   4141 : 2.5289804411330e+00 +(1e-01,4e+00) | 3.15e+02 |  7:2.1e-03  8:1.6e-01
  139 ,   4171 : 2.5291072751818e+00 +(1e-01,2e+00) | 3.19e+02 |  7:1.9e-03  8:1.5e-01
Iterat, #Fevals:   Function Value    (median,worst) |Axis Ratio|idx:Min SD idx:Max SD
  140 ,   4201 : 2.5228608571060e+00 +(1e-01,2e+00) | 3.20e+02 |  7:1.8e-03  8:1.4e-01
  141 ,   4231 : 2.5386142370650e+00 +(6e-02,1e+00) | 3.16e+02 |  7:1.5e-03  8:1.2e-01
  142 ,   4261 : 2.5195784295238e+00 +(1e-01,5e-01) | 3.28e+02 |  7:1.7e-03  8:1.4e-01
  143 ,   4291 : 2.5154254023717e+00 +(8e-02,5e-01) | 3.31e+02 |  7:1.8e-03  8:1.5e-01
  144 ,   4321 : 2.5277983839392e+00 +(7e-02,1e+00) | 3.36e+02 |  7:1.5e-03  8:1.3e-01
  145 ,   4351 : 2.5275088033933e+00 +(7e-02,5e-01) | 3.55e+02 |  7:1.3e-03  8:1.1e-01
  146 ,   4381 : 2.5111582226875e+00 +(5e-02,4e-01) | 3.70e+02 |  7:1.1e-03  8:1.0e-01
  147 ,   4411 : 2.5194027293620e+00 +(5e-02,2e-01) | 3.69e+02 |  7:1.1e-03  8:1.0e-01
  148 ,   4441 : 2.5132300469674e+00 +(4e-02,2e-01) | 3.78e+02 |  7:1.1e-03  8:1.1e-01
  149 ,   4471 : 2.5108378293627e+00 +(3e-02,8e-01) | 3.75e+02 |  7:9.7e-04  8:9.5e-02
Iterat, #Fevals:   Function Value    (median,worst) |Axis Ratio|idx:Min SD idx:Max SD
  150 ,   4501 : 2.5085746882561e+00 +(3e-02,2e-01) | 3.84e+02 |  7:1.1e-03  8:1.1e-01
  151 ,   4531 : 2.4999109839868e+00 +(3e-02,1e-01) | 3.90e+02 |  7:1.2e-03  8:1.2e-01
  152 ,   4561 : 2.4971573220810e+00 +(5e-02,3e-01) | 3.98e+02 |  7:1.3e-03  8:1.3e-01
  153 ,   4591 : 2.4925271750656e+00 +(5e-02,6e-01) | 4.02e+02 |  7:1.4e-03  8:1.4e-01
  154 ,   4621 : 2.4965041452119e+00 +(5e-02,2e-01) | 4.11e+02 |  7:1.4e-03  8:1.4e-01
  155 ,   4651 : 2.4827279452790e+00 +(7e-02,4e-01) | 4.16e+02 |  7:1.6e-03  8:1.5e-01
  156 ,   4681 : 2.4811318379638e+00 +(5e-02,6e-01) | 4.13e+02 |  7:1.9e-03  8:1.8e-01
  157 ,   4711 : 2.4715521939637e+00 +(1e-01,2e+00) | 4.15e+02 |  7:2.5e-03  8:2.4e-01
  158 ,   4741 : 2.4875985010539e+00 +(1e-01,7e+00) | 4.20e+02 |  7:2.5e-03  8:2.4e-01
  159 ,   4771 : 2.4739865531220e+00 +(2e-01,4e+00) | 4.21e+02 |  7:2.5e-03  8:2.4e-01
Iterat, #Fevals:   Function Value    (median,worst) |Axis Ratio|idx:Min SD idx:Max SD
  160 ,   4801 : 2.4569724211000e+00 +(1e-01,2e+00) | 4.20e+02 |  7:2.4e-03  8:2.3e-01
  161 ,   4831 : 2.4617665676500e+00 +(1e-01,6e+00) | 4.13e+02 |  7:2.2e-03  8:2.2e-01
  162 ,   4861 : 2.4616317008511e+00 +(1e-01,9e+00) | 4.17e+02 |  7:1.9e-03  8:1.9e-01
  163 ,   4891 : 2.4517284455271e+00 +(1e-01,3e+00) | 4.20e+02 |  7:1.8e-03  8:1.9e-01
  164 ,   4921 : 2.4629020677753e+00 +(1e-01,1e+00) | 4.44e+02 |  7:1.9e-03  8:2.0e-01
  165 ,   4951 : 2.4580734566234e+00 +(1e-01,3e+00) | 4.39e+02 |  7:1.8e-03  8:1.9e-01
  166 ,   4981 : 2.4608424635675e+00 +(1e-01,1e+00) | 4.54e+02 |  7:1.6e-03  8:1.6e-01
  167 ,   5011 : 2.4604463353168e+00 +(1e-01,4e-01) | 4.54e+02 |  7:1.6e-03  8:1.8e-01
  168 ,   5041 : 2.4574080875274e+00 +(7e-02,1e+00) | 4.67e+02 |  7:1.4e-03  8:1.5e-01
  169 ,   5071 : 2.4581312844668e+00 +(5e-02,1e+00) | 4.58e+02 |  7:1.4e-03  8:1.6e-01
Iterat, #Fevals:   Function Value    (median,worst) |Axis Ratio|idx:Min SD idx:Max SD
  170 ,   5101 : 2.4513399233280e+00 +(7e-02,6e-01) | 4.83e+02 |  7:1.3e-03  8:1.5e-01
  171 ,   5131 : 2.4586821467803e+00 +(7e-02,4e-01) | 5.05e+02 |  7:1.5e-03  8:1.7e-01
  172 ,   5161 : 2.4562948235664e+00 +(6e-02,7e-01) | 5.49e+02 |  7:1.5e-03  8:1.8e-01
  173 ,   5191 : 2.4576519581440e+00 +(5e-02,5e-01) | 5.25e+02 |  7:1.3e-03  8:1.6e-01
  174 ,   5221 : 2.4619168837902e+00 +(5e-02,8e-01) | 5.47e+02 |  7:1.2e-03  8:1.5e-01
  175 ,   5251 : 2.4519110771662e+00 +(5e-02,5e-01) | 5.57e+02 |  7:1.1e-03  8:1.4e-01
  176 ,   5281 : 2.4397641212447e+00 +(7e-02,9e-01) | 5.56e+02 |  7:1.0e-03  8:1.2e-01
  177 ,   5311 : 2.4485972769816e+00 +(3e-02,1e-01) | 5.71e+02 |  7:9.2e-04  9:1.2e-01
  178 ,   5341 : 2.4493637911123e+00 +(2e-02,8e-02) | 6.20e+02 |  7:9.2e-04  9:1.2e-01
  179 ,   5371 : 2.4490661501991e+00 +(3e-02,1e-01) | 6.39e+02 |  7:8.9e-04  9:1.2e-01
Iterat, #Fevals:   Function Value    (median,worst) |Axis Ratio|idx:Min SD idx:Max SD
  180 ,   5401 : 2.4483367250682e+00 +(3e-02,7e-01) | 6.45e+02 |  7:7.7e-04  9:1.1e-01
  181 ,   5431 : 2.4485211855330e+00 +(2e-02,2e-01) | 6.58e+02 |  7:7.1e-04  8:1.0e-01
  182 ,   5461 : 2.4505752598520e+00 +(2e-02,3e-01) | 6.83e+02 |  7:6.4e-04  3:9.4e-02
  183 ,   5491 : 2.4483965816208e+00 +(2e-02,2e-01) | 7.03e+02 |  7:5.5e-04  3:8.2e-02
  184 ,   5521 : 2.4505461247727e+00 +(1e-02,6e-02) | 7.16e+02 |  7:5.0e-04  3:7.9e-02
  185 ,   5551 : 2.4468993127969e+00 +(2e-02,3e-02) | 7.34e+02 |  7:4.0e-04  3:6.4e-02
  186 ,   5581 : 2.4486351445549e+00 +(1e-02,5e-02) | 7.62e+02 |  7:3.5e-04  3:5.8e-02
  187 ,   5611 : 2.4449950299659e+00 +(2e-02,3e-02) | 7.88e+02 |  7:3.5e-04  3:5.8e-02
  188 ,   5641 : 2.4385264696263e+00 +(2e-02,4e-02) | 7.74e+02 |  7:3.3e-04  3:5.2e-02
  189 ,   5671 : 2.4365553217756e+00 +(2e-02,4e-02) | 8.06e+02 |  7:3.4e-04  3:5.3e-02
Iterat, #Fevals:   Function Value    (median,worst) |Axis Ratio|idx:Min SD idx:Max SD
  190 ,   5701 : 2.4469448110316e+00 +(1e-02,2e-02) | 8.27e+02 |  7:3.2e-04  3:5.2e-02
  191 ,   5731 : 2.4441891934053e+00 +(1e-02,2e-02) | 8.30e+02 |  7:2.9e-04  3:4.8e-02
  192 ,   5761 : 2.4381486680456e+00 +(2e-02,3e-02) | 8.16e+02 |  7:3.1e-04  9:5.2e-02
  193 ,   5791 : 2.4357441083968e+00 +(2e-02,4e-02) | 8.16e+02 |  7:3.0e-04  3:5.0e-02
  194 ,   5821 : 2.4487847822552e+00 +(9e-03,2e-02) | 8.05e+02 |  7:2.9e-04  9:4.9e-02
  195 ,   5851 : 2.4387524044881e+00 +(2e-02,3e-02) | 8.09e+02 |  7:2.4e-04  9:4.2e-02
  196 ,   5881 : 2.4379997828417e+00 +(2e-02,4e-02) | 7.77e+02 |  7:2.5e-04  3:4.3e-02
  197 ,   5911 : 2.4352928678610e+00 +(2e-02,4e-02) | 7.71e+02 |  7:2.8e-04  3:4.6e-02
  198 ,   5941 : 2.4462273670964e+00 +(1e-02,3e-02) | 8.09e+02 |  7:3.0e-04  3:5.0e-02
  199 ,   5971 : 2.4457281412927e+00 +(1e-02,3e-02) | 8.30e+02 |  7:2.6e-04  3:4.3e-02
Iterat, #Fevals:   Function Value    (median,worst) |Axis Ratio|idx:Min SD idx:Max SD
  200 ,   6001 : 2.4425312595628e+00 +(1e-02,3e-02) | 9.12e+02 |  7:2.6e-04  9:4.5e-02
  201 ,   6031 : 2.4462899903227e+00 +(1e-02,3e-02) | 9.30e+02 |  7:2.4e-04  2:4.3e-02
  202 ,   6061 : 2.4451940140160e+00 +(1e-02,3e-02) | 9.07e+02 |  7:2.1e-04  9:4.0e-02
  203 ,   6091 : 2.4324300369419e+00 +(3e-02,5e-02) | 9.12e+02 |  7:2.1e-04  9:3.7e-02
  204 ,   6121 : 2.4475719574911e+00 +(9e-03,3e-02) | 9.14e+02 |  7:2.0e-04  2:3.5e-02
  205 ,   6151 : 2.4352649612744e+00 +(2e-02,4e-02) | 9.89e+02 |  7:1.8e-04  2:3.2e-02
  206 ,   6181 : 2.4452534033780e+00 +(1e-02,2e-02) | 1.04e+03 |  7:1.8e-04  9:3.4e-02
  207 ,   6211 : 2.4382558569112e+00 +(2e-02,3e-02) | 1.02e+03 |  7:2.1e-04  9:3.7e-02
  208 ,   6241 : 2.4488515018152e+00 +(9e-03,2e-02) | 1.02e+03 |  7:1.9e-04  9:3.5e-02
  209 ,   6271 : 2.4428833517485e+00 +(1e-02,3e-02) | 9.99e+02 |  7:1.6e-04  9:3.0e-02
Iterat, #Fevals:   Function Value    (median,worst) |Axis Ratio|idx:Min SD idx:Max SD
  210 ,   6301 : 2.4443941387916e+00 +(1e-02,3e-02) | 9.85e+02 |  7:1.7e-04  9:3.0e-02
  211 ,   6331 : 2.4394254805498e+00 +(2e-02,3e-02) | 9.73e+02 |  7:1.3e-04  9:2.4e-02
  212 ,   6361 : 2.4364131069585e+00 +(2e-02,3e-02) | 1.00e+03 |  7:1.2e-04  9:2.2e-02
  213 ,   6391 : 2.4448172262636e+00 +(1e-02,3e-02) | 1.08e+03 |  7:1.0e-04  9:1.9e-02
  214 ,   6421 : 2.4395802687733e+00 +(1e-02,3e-02) | 1.08e+03 |  7:9.3e-05  9:1.7e-02
  215 ,   6451 : 2.4446970990666e+00 +(1e-02,2e-02) | 1.05e+03 |  7:8.6e-05  9:1.6e-02
  216 ,   6481 : 2.4384580234965e+00 +(2e-02,3e-02) | 1.14e+03 |  7:9.0e-05  9:1.7e-02
  217 ,   6511 : 2.4433384118935e+00 +(1e-02,3e-02) | 1.15e+03 |  7:8.8e-05  9:1.7e-02
  218 ,   6541 : 2.4421654802798e+00 +(2e-02,3e-02) | 1.30e+03 |  7:1.0e-04  9:2.1e-02
  219 ,   6571 : 2.4367127137999e+00 +(2e-02,4e-02) | 1.38e+03 |  7:1.2e-04  9:2.6e-02
Iterat, #Fevals:   Function Value    (median,worst) |Axis Ratio|idx:Min SD idx:Max SD
  220 ,   6601 : 2.4406578297926e+00 +(2e-02,3e-02) | 1.48e+03 |  7:1.3e-04  9:2.8e-02
  221 ,   6631 : 2.4401866682085e+00 +(2e-02,3e-02) | 1.47e+03 |  7:1.3e-04  9:2.7e-02
  222 ,   6661 : 2.4400945459557e+00 +(2e-02,3e-02) | 1.51e+03 |  7:1.2e-04  9:2.5e-02
  223 ,   6691 : 2.4392990096664e+00 +(2e-02,3e-02) | 1.58e+03 |  7:1.2e-04  9:2.6e-02
  224 ,   6721 : 2.4347116944598e+00 +(2e-02,4e-02) | 1.64e+03 |  7:1.5e-04  9:3.2e-02
  225 ,   6751 : 2.4441298444680e+00 +(1e-02,2e-02) | 1.62e+03 |  7:1.5e-04  9:3.2e-02
  226 ,   6781 : 2.4404450979409e+00 +(2e-02,3e-02) | 1.55e+03 |  7:1.4e-04  9:3.2e-02
  227 ,   6811 : 2.4453677967940e+00 +(1e-02,3e-02) | 1.52e+03 |  7:1.5e-04  9:3.2e-02
  228 ,   6841 : 2.4402955536443e+00 +(2e-02,3e-02) | 1.54e+03 |  7:1.4e-04  9:3.1e-02
  229 ,   6871 : 2.4432706344151e+00 +(1e-02,3e-02) | 1.52e+03 |  7:1.3e-04  9:2.9e-02
Iterat, #Fevals:   Function Value    (median,worst) |Axis Ratio|idx:Min SD idx:Max SD
  230 ,   6901 : 2.4384777238938e+00 +(2e-02,3e-02) | 1.52e+03 |  7:1.4e-04  9:3.0e-02
  231 ,   6931 : 2.4390008763878e+00 +(2e-02,3e-02) | 1.36e+03 |  7:1.5e-04  9:3.4e-02
  232 ,   6961 : 2.4394581488474e+00 +(2e-02,3e-02) | 1.31e+03 |  7:1.7e-04  9:3.7e-02
  233 ,   6991 : 2.4446436003164e+00 +(1e-02,2e-02) | 1.32e+03 |  7:1.6e-04  9:3.5e-02
  234 ,   7021 : 2.4453492014599e+00 +(1e-02,3e-02) | 1.37e+03 |  7:1.6e-04  9:3.4e-02
  235 ,   7051 : 2.4395661778844e+00 +(2e-02,4e-02) | 1.36e+03 |  7:1.6e-04  9:3.4e-02
  236 ,   7081 : 2.4470170548762e+00 +(1e-02,2e-02) | 1.31e+03 |  7:1.7e-04  9:3.5e-02
  237 ,   7111 : 2.4379955919714e+00 +(2e-02,3e-02) | 1.33e+03 |  7:1.8e-04  9:3.6e-02
  238 ,   7141 : 2.4395774040963e+00 +(2e-02,3e-02) | 1.28e+03 |  7:1.8e-04  9:3.6e-02
  239 ,   7171 : 2.4449803632243e+00 +(1e-02,3e-02) | 1.23e+03 |  7:2.2e-04  9:4.3e-02
Iterat, #Fevals:   Function Value    (median,worst) |Axis Ratio|idx:Min SD idx:Max SD
  240 ,   7201 : 2.4468942796639e+00 +(1e-02,3e-02) | 1.22e+03 |  7:2.3e-04  9:4.5e-02
  241 ,   7231 : 2.4438702958235e+00 +(2e-02,2e-02) | 1.20e+03 |  7:2.1e-04  9:4.1e-02
  242 ,   7261 : 2.4454395602100e+00 +(1e-02,2e-02) | 1.21e+03 |  7:2.2e-04  9:4.2e-02
  243 ,   7291 : 2.4393550034397e+00 +(2e-02,3e-02) | 1.22e+03 |  7:1.9e-04  9:3.7e-02
  244 ,   7321 : 2.4437954342626e+00 +(1e-02,2e-02) | 1.27e+03 |  7:1.9e-04  9:3.7e-02
  245 ,   7351 : 2.4377687997849e+00 +(2e-02,3e-02) | 1.34e+03 |  7:1.7e-04  9:3.4e-02
  246 ,   7381 : 2.4414936748925e+00 +(2e-02,3e-02) | 1.33e+03 |  7:1.6e-04  9:3.2e-02
  247 ,   7411 : 2.4397684136389e+00 +(2e-02,3e-02) | 1.42e+03 |  7:1.6e-04  9:3.4e-02
  248 ,   7441 : 2.4384309239339e+00 +(2e-02,3e-02) | 1.40e+03 |  7:1.6e-04  9:3.2e-02
  249 ,   7471 : 2.4501725508674e+00 +(7e-03,3e-02) | 1.40e+03 |  7:1.6e-04  9:3.3e-02
Iterat, #Fevals:   Function Value    (median,worst) |Axis Ratio|idx:Min SD idx:Max SD
  250 ,   7501 : 2.4414365258129e+00 +(2e-02,3e-02) | 1.47e+03 |  7:1.5e-04  3:3.0e-02
  251 ,   7531 : 2.4433622128796e+00 +(1e-02,3e-02) | 1.45e+03 |  7:1.5e-04  9:3.0e-02
  252 ,   7561 : 2.4427461600276e+00 +(2e-02,3e-02) | 1.48e+03 |  7:1.1e-04  9:2.4e-02
  253 ,   7591 : 2.4329339045416e+00 +(2e-02,4e-02) | 1.50e+03 |  7:1.1e-04  9:2.3e-02
  254 ,   7621 : 2.4465711426588e+00 +(1e-02,2e-02) | 1.48e+03 |  7:1.0e-04  9:2.3e-02
  255 ,   7651 : 2.4465839522087e+00 +(1e-02,3e-02) | 1.51e+03 |  7:1.1e-04  9:2.4e-02
  256 ,   7681 : 2.4398013199957e+00 +(2e-02,4e-02) | 1.53e+03 |  7:1.3e-04  9:2.6e-02
  257 ,   7711 : 2.4327012181339e+00 +(3e-02,4e-02) | 1.54e+03 |  7:1.4e-04  9:2.7e-02
  258 ,   7741 : 2.4371210291494e+00 +(2e-02,3e-02) | 1.59e+03 |  7:1.5e-04  9:3.0e-02
  259 ,   7771 : 2.4418931007928e+00 +(1e-02,3e-02) | 1.59e+03 |  7:1.4e-04  9:2.8e-02
Iterat, #Fevals:   Function Value    (median,worst) |Axis Ratio|idx:Min SD idx:Max SD
  260 ,   7801 : 2.4326900116192e+00 +(2e-02,4e-02) | 1.50e+03 |  7:1.5e-04  9:2.8e-02
  261 ,   7831 : 2.4382489433967e+00 +(2e-02,3e-02) | 1.50e+03 |  7:1.4e-04  9:2.6e-02
  262 ,   7861 : 2.4382840469310e+00 +(2e-02,3e-02) | 1.48e+03 |  7:1.2e-04  9:2.2e-02
  263 ,   7891 : 2.4400499637710e+00 +(2e-02,3e-02) | 1.58e+03 |  7:1.2e-04  9:2.4e-02
  264 ,   7921 : 2.4370146866862e+00 +(2e-02,3e-02) | 1.61e+03 |  7:1.4e-04  9:3.0e-02
  265 ,   7951 : 2.4419899868385e+00 +(2e-02,3e-02) | 1.65e+03 |  7:1.5e-04  9:3.3e-02
  266 ,   7981 : 2.4414832744106e+00 +(2e-02,3e-02) | 1.74e+03 |  7:1.4e-04  9:3.0e-02
  267 ,   8011 : 2.4430195343474e+00 +(1e-02,3e-02) | 1.83e+03 |  7:1.3e-04  9:3.0e-02
  268 ,   8041 : 2.4383090585047e+00 +(2e-02,3e-02) | 1.81e+03 |  7:1.4e-04  9:3.0e-02
  269 ,   8071 : 2.4485122928798e+00 +(1e-02,3e-02) | 1.92e+03 |  7:1.4e-04  9:3.0e-02
Iterat, #Fevals:   Function Value    (median,worst) |Axis Ratio|idx:Min SD idx:Max SD
  270 ,   8101 : 2.4400207461069e+00 +(2e-02,3e-02) | 1.95e+03 |  7:1.4e-04  9:2.9e-02
  271 ,   8131 : 2.4524082008571e+00 +(5e-03,2e-02) | 1.96e+03 |  7:1.5e-04  9:3.1e-02
  272 ,   8161 : 2.4408210085115e+00 +(1e-02,3e-02) | 1.96e+03 |  7:1.5e-04  9:2.9e-02
  273 ,   8191 : 2.4411238063180e+00 +(2e-02,2e-02) | 1.97e+03 |  7:1.3e-04  9:2.5e-02
  274 ,   8221 : 2.4442638542275e+00 +(1e-02,3e-02) | 1.95e+03 |  7:1.3e-04  9:2.5e-02
  275 ,   8251 : 2.4344600741358e+00 +(2e-02,3e-02) | 1.97e+03 |  7:1.2e-04  9:2.3e-02
  276 ,   8281 : 2.4411367929595e+00 +(1e-02,3e-02) | 2.03e+03 |  7:1.1e-04  9:2.1e-02
  277 ,   8311 : 2.4404135816958e+00 +(2e-02,2e-02) | 2.03e+03 |  7:1.0e-04  9:2.0e-02
  278 ,   8341 : 2.4389334936879e+00 +(2e-02,3e-02) | 2.06e+03 |  7:9.8e-05  9:2.0e-02
  279 ,   8371 : 2.4467396642828e+00 +(1e-02,2e-02) | 2.08e+03 |  7:9.9e-05  9:2.0e-02
Iterat, #Fevals:   Function Value    (median,worst) |Axis Ratio|idx:Min SD idx:Max SD
  280 ,   8401 : 2.4398733925640e+00 +(2e-02,3e-02) | 2.12e+03 |  7:1.2e-04  9:2.3e-02
  281 ,   8431 : 2.4453941717169e+00 +(1e-02,3e-02) | 2.16e+03 |  7:1.3e-04  9:2.6e-02
  282 ,   8461 : 2.4411648194566e+00 +(1e-02,3e-02) | 2.23e+03 |  7:1.1e-04  9:2.3e-02
  283 ,   8491 : 2.4425518897151e+00 +(1e-02,3e-02) | 2.41e+03 |  7:1.3e-04  9:2.9e-02
  284 ,   8521 : 2.4473342082498e+00 +(1e-02,3e-02) | 2.60e+03 |  7:1.3e-04  9:3.1e-02
  285 ,   8551 : 2.4430010537104e+00 +(1e-02,3e-02) | 2.66e+03 |  7:1.2e-04  9:2.8e-02
  286 ,   8581 : 2.4402917367170e+00 +(2e-02,3e-02) | 2.73e+03 |  7:1.2e-04  9:2.8e-02
  287 ,   8611 : 2.4392065721284e+00 +(2e-02,4e-02) | 2.59e+03 |  7:1.1e-04  9:2.8e-02
  288 ,   8641 : 2.4437544789852e+00 +(1e-02,3e-02) | 2.49e+03 |  7:1.0e-04  9:2.4e-02
  289 ,   8671 : 2.4359664539862e+00 +(2e-02,3e-02) | 2.53e+03 |  7:9.7e-05  9:2.3e-02
Iterat, #Fevals:   Function Value    (median,worst) |Axis Ratio|idx:Min SD idx:Max SD
  290 ,   8701 : 2.4420975372210e+00 +(1e-02,3e-02) | 2.62e+03 |  7:8.4e-05  9:2.1e-02
  291 ,   8731 : 2.4432752896866e+00 +(1e-02,2e-02) | 2.33e+03 |  7:9.3e-05  9:2.1e-02
  292 ,   8761 : 2.4444868171976e+00 +(1e-02,2e-02) | 2.50e+03 |  7:9.6e-05  9:2.2e-02
  293 ,   8791 : 2.4459518622982e+00 +(1e-02,2e-02) | 2.52e+03 |  7:8.6e-05  9:2.0e-02
  294 ,   8821 : 2.4382653786355e+00 +(2e-02,3e-02) | 2.51e+03 |  7:7.4e-05  9:1.7e-02
  295 ,   8851 : 2.4406657278556e+00 +(2e-02,3e-02) | 2.54e+03 |  7:7.4e-05  9:1.6e-02
  296 ,   8881 : 2.4373038517665e+00 +(2e-02,4e-02) | 2.65e+03 |  7:7.3e-05  9:1.6e-02
  297 ,   8911 : 2.4440300134165e+00 +(2e-02,3e-02) | 2.65e+03 |  7:6.6e-05  9:1.4e-02
  298 ,   8941 : 2.4406899035561e+00 +(2e-02,3e-02) | 2.54e+03 |  7:7.4e-05  9:1.5e-02
  299 ,   8971 : 2.4362754360717e+00 +(2e-02,3e-02) | 2.37e+03 |  7:7.5e-05  9:1.5e-02
Iterat, #Fevals:   Function Value    (median,worst) |Axis Ratio|idx:Min SD idx:Max SD
  300 ,   9001 : 2.4379280971227e+00 +(2e-02,4e-02) | 2.38e+03 |  7:7.4e-05  9:1.4e-02
  301 ,   9031 : 2.4318072589393e+00 +(3e-02,4e-02) | 2.35e+03 |  7:6.6e-05  9:1.3e-02
  302 ,   9061 : 2.4381924926076e+00 +(2e-02,3e-02) | 2.43e+03 |  7:6.2e-05  9:1.2e-02
  303 ,   9091 : 2.4349070110328e+00 +(2e-02,3e-02) | 2.34e+03 |  7:7.2e-05  9:1.3e-02
  304 ,   9121 : 2.4393043578683e+00 +(2e-02,4e-02) | 2.31e+03 |  7:8.5e-05  9:1.5e-02
  305 ,   9151 : 2.4424998245664e+00 +(1e-02,3e-02) | 2.31e+03 |  7:1.0e-04  9:1.8e-02
  306 ,   9181 : 2.4353799218274e+00 +(2e-02,4e-02) | 2.21e+03 |  7:1.2e-04  9:2.0e-02
  307 ,   9211 : 2.4413463539089e+00 +(2e-02,3e-02) | 2.19e+03 |  7:1.2e-04  9:2.0e-02
  308 ,   9241 : 2.4477283219249e+00 +(9e-03,2e-02) | 2.36e+03 |  7:1.5e-04  9:2.5e-02
  309 ,   9271 : 2.4434664064156e+00 +(1e-02,3e-02) | 2.36e+03 |  7:1.3e-04  9:2.2e-02
Iterat, #Fevals:   Function Value    (median,worst) |Axis Ratio|idx:Min SD idx:Max SD
  310 ,   9301 : 2.4328694883165e+00 +(2e-02,4e-02) | 2.27e+03 |  7:1.1e-04  9:1.8e-02
  311 ,   9331 : 2.4418352564066e+00 +(1e-02,2e-02) | 2.32e+03 |  7:1.2e-04  9:1.9e-02
  312 ,   9361 : 2.4374968928084e+00 +(2e-02,3e-02) | 2.33e+03 |  7:1.3e-04  9:1.9e-02
  313 ,   9391 : 2.4432522747894e+00 +(1e-02,3e-02) | 2.25e+03 |  7:1.4e-04  9:1.9e-02
  314 ,   9421 : 2.4408875666589e+00 +(1e-02,3e-02) | 2.25e+03 |  7:1.2e-04  9:1.7e-02
  315 ,   9451 : 2.4336575675685e+00 +(2e-02,4e-02) | 2.30e+03 |  7:1.2e-04  9:1.7e-02
  316 ,   9481 : 2.4350058357087e+00 +(2e-02,3e-02) | 2.20e+03 |  7:1.3e-04  9:1.8e-02
  317 ,   9511 : 2.4440646114494e+00 +(1e-02,3e-02) | 2.19e+03 |  7:1.1e-04  9:1.6e-02
  318 ,   9541 : 2.4386713218286e+00 +(2e-02,3e-02) | 2.12e+03 |  7:1.1e-04  9:1.5e-02
  319 ,   9571 : 2.4400167459659e+00 +(2e-02,3e-02) | 2.32e+03 |  7:9.2e-05  9:1.4e-02
Iterat, #Fevals:   Function Value    (median,worst) |Axis Ratio|idx:Min SD idx:Max SD
  320 ,   9601 : 2.4361372196114e+00 +(2e-02,4e-02) | 2.31e+03 |  7:9.2e-05  9:1.4e-02
  321 ,   9631 : 2.4453736037818e+00 +(1e-02,3e-02) | 2.37e+03 |  7:8.8e-05  9:1.4e-02
  322 ,   9661 : 2.4392737386582e+00 +(2e-02,3e-02) | 2.41e+03 |  7:8.0e-05  9:1.3e-02
  323 ,   9691 : 2.4371796533433e+00 +(2e-02,4e-02) | 2.39e+03 |  7:6.8e-05  9:1.1e-02
  324 ,   9721 : 2.4355363443710e+00 +(2e-02,4e-02) | 2.35e+03 |  7:6.8e-05  9:1.1e-02
  325 ,   9751 : 2.4361250941031e+00 +(2e-02,4e-02) | 2.21e+03 |  7:6.4e-05  9:1.1e-02
  326 ,   9781 : 2.4380482941829e+00 +(2e-02,4e-02) | 2.18e+03 |  7:5.5e-05  9:9.7e-03
  327 ,   9811 : 2.4399186038884e+00 +(9e-03,3e-02) | 2.22e+03 |  7:5.3e-05  9:9.2e-03
  328 ,   9841 : 2.4358948596917e+00 +(2e-02,4e-02) | 2.26e+03 |  7:5.6e-05  9:9.9e-03
  329 ,   9871 : 2.4372532529821e+00 +(2e-02,3e-02) | 2.25e+03 |  7:5.7e-05  9:9.7e-03
Iterat, #Fevals:   Function Value    (median,worst) |Axis Ratio|idx:Min SD idx:Max SD
  330 ,   9901 : 2.4390742811195e+00 +(1e-02,3e-02) | 2.15e+03 |  7:5.9e-05  9:9.6e-03
  331 ,   9931 : 2.4382453899061e+00 +(2e-02,3e-02) | 2.22e+03 |  7:5.7e-05  9:9.4e-03
  332 ,   9961 : 2.4393600714575e+00 +(2e-02,3e-02) | 2.25e+03 |  7:5.5e-05  9:8.7e-03
  333 ,   9991 : 2.4432352395987e+00 +(1e-02,2e-02) | 2.32e+03 |  7:4.6e-05  9:7.6e-03
  334 ,  10021 : 2.4389889621128e+00 +(2e-02,4e-02) | 2.35e+03 |  7:4.4e-05  9:7.2e-03
  335 ,  10051 : 2.4330182742927e+00 +(2e-02,4e-02) | 2.46e+03 |  7:4.4e-05  9:7.5e-03
  336 ,  10081 : 2.4415209665325e+00 +(1e-02,3e-02) | 2.72e+03 |  7:4.9e-05  9:8.8e-03
  337 ,  10111 : 2.4339521989978e+00 +(2e-02,4e-02) | 2.76e+03 |  7:5.2e-05  9:9.9e-03
  338 ,  10141 : 2.4438429791169e+00 +(1e-02,3e-02) | 2.79e+03 |  7:5.9e-05  9:1.1e-02
  339 ,  10171 : 2.4396385111845e+00 +(2e-02,3e-02) | 3.06e+03 |  7:6.2e-05  9:1.3e-02
Iterat, #Fevals:   Function Value    (median,worst) |Axis Ratio|idx:Min SD idx:Max SD
  340 ,  10201 : 2.4352650173337e+00 +(2e-02,4e-02) | 3.05e+03 |  7:5.8e-05  9:1.2e-02
  341 ,  10231 : 2.4398975704249e+00 +(2e-02,4e-02) | 3.11e+03 |  7:5.9e-05  9:1.2e-02
  342 ,  10261 : 2.4403608885755e+00 +(1e-02,3e-02) | 2.95e+03 |  7:7.4e-05  9:1.5e-02
  343 ,  10291 : 2.4448569062874e+00 +(2e-02,3e-02) | 2.96e+03 |  7:7.3e-05  9:1.4e-02
  344 ,  10321 : 2.4389366295398e+00 +(2e-02,3e-02) | 3.00e+03 |  7:7.6e-05  9:1.5e-02
  345 ,  10351 : 2.4449443674301e+00 +(9e-03,3e-02) | 3.18e+03 |  7:8.5e-05  9:1.7e-02
  346 ,  10381 : 2.4407059207393e+00 +(1e-02,3e-02) | 3.23e+03 |  7:8.9e-05  9:1.7e-02
  347 ,  10411 : 2.4365913371566e+00 +(2e-02,3e-02) | 3.27e+03 |  7:8.3e-05  9:1.6e-02
  348 ,  10441 : 2.4288510665669e+00 +(3e-02,5e-02) | 3.38e+03 |  7:8.8e-05  9:1.7e-02
  349 ,  10471 : 2.4351095290479e+00 +(2e-02,4e-02) | 3.30e+03 |  7:8.1e-05  9:1.5e-02
Iterat, #Fevals:   Function Value    (median,worst) |Axis Ratio|idx:Min SD idx:Max SD
  350 ,  10501 : 2.4393046458638e+00 +(2e-02,3e-02) | 3.47e+03 |  7:8.0e-05  9:1.6e-02
  351 ,  10531 : 2.4429260250806e+00 +(2e-02,3e-02) | 3.42e+03 |  7:6.4e-05  9:1.3e-02
  352 ,  10561 : 2.4392703525245e+00 +(1e-02,3e-02) | 3.47e+03 |  7:5.5e-05  9:1.1e-02
  353 ,  10591 : 2.4328514422553e+00 +(3e-02,4e-02) | 3.20e+03 |  7:5.8e-05  9:1.2e-02
  354 ,  10621 : 2.4380155307196e+00 +(2e-02,4e-02) | 3.35e+03 |  7:5.8e-05  9:1.2e-02
  355 ,  10651 : 2.4398763110539e+00 +(1e-02,4e-02) | 3.67e+03 |  7:6.8e-05  9:1.5e-02
  356 ,  10681 : 2.4371640477590e+00 +(2e-02,3e-02) | 3.88e+03 |  7:6.7e-05  9:1.5e-02
  357 ,  10711 : 2.4359196241520e+00 +(2e-02,4e-02) | 4.18e+03 |  7:6.5e-05  9:1.5e-02
  358 ,  10741 : 2.4364975280641e+00 +(2e-02,3e-02) | 4.13e+03 |  7:5.7e-05  9:1.3e-02
  359 ,  10771 : 2.4389562586612e+00 +(2e-02,3e-02) | 4.21e+03 |  7:5.8e-05  9:1.3e-02
Iterat, #Fevals:   Function Value    (median,worst) |Axis Ratio|idx:Min SD idx:Max SD
  360 ,  10801 : 2.4472896734207e+00 +(1e-02,3e-02) | 4.22e+03 |  7:5.1e-05  9:1.1e-02
  361 ,  10831 : 2.4366477345142e+00 +(2e-02,4e-02) | 4.45e+03 |  7:4.9e-05  9:1.2e-02
  362 ,  10861 : 2.4376320342775e+00 +(2e-02,3e-02) | 4.73e+03 |  7:4.9e-05  9:1.2e-02
  363 ,  10891 : 2.4444845211273e+00 +(2e-02,3e-02) | 4.65e+03 |  7:5.2e-05  9:1.3e-02
  364 ,  10921 : 2.4407805430973e+00 +(2e-02,3e-02) | 4.95e+03 |  7:5.0e-05  9:1.3e-02
  365 ,  10951 : 2.4357726716465e+00 +(2e-02,3e-02) | 5.02e+03 |  7:4.6e-05  9:1.2e-02
  366 ,  10981 : 2.4395971327130e+00 +(2e-02,3e-02) | 5.25e+03 |  7:4.7e-05  9:1.2e-02
  367 ,  11011 : 2.4425453281724e+00 +(2e-02,3e-02) | 5.44e+03 |  7:4.4e-05  9:1.2e-02
  368 ,  11041 : 2.4394902284360e+00 +(2e-02,4e-02) | 5.27e+03 |  7:3.8e-05  9:1.0e-02
  369 ,  11071 : 2.4386500728597e+00 +(2e-02,3e-02) | 5.26e+03 |  7:4.3e-05  9:1.1e-02
Iterat, #Fevals:   Function Value    (median,worst) |Axis Ratio|idx:Min SD idx:Max SD
  370 ,  11101 : 2.4354697695887e+00 +(2e-02,4e-02) | 5.61e+03 |  7:4.4e-05  9:1.2e-02
  371 ,  11131 : 2.4349005782725e+00 +(2e-02,4e-02) | 5.30e+03 |  7:5.6e-05  9:1.3e-02
  372 ,  11161 : 2.4428227577985e+00 +(1e-02,4e-02) | 5.50e+03 |  7:6.8e-05  9:1.6e-02
  373 ,  11191 : 2.4324104610881e+00 +(2e-02,4e-02) | 5.75e+03 |  7:7.8e-05  9:1.8e-02
  374 ,  11221 : 2.4322249578175e+00 +(3e-02,4e-02) | 5.91e+03 |  7:8.3e-05  9:1.9e-02
  375 ,  11251 : 2.4432191576324e+00 +(1e-02,3e-02) | 5.97e+03 |  7:9.2e-05  9:2.3e-02
  376 ,  11281 : 2.4420664813228e+00 +(1e-02,4e-02) | 6.05e+03 |  7:8.3e-05  9:2.0e-02
  377 ,  11311 : 2.4326215355350e+00 +(2e-02,4e-02) | 6.63e+03 |  7:8.7e-05  9:2.3e-02
  378 ,  11341 : 2.4321795013846e+00 +(2e-02,5e-02) | 6.66e+03 |  7:8.5e-05  9:2.2e-02
  379 ,  11371 : 2.4375336400026e+00 +(2e-02,3e-02) | 6.32e+03 |  7:7.6e-05  9:1.9e-02
Iterat, #Fevals:   Function Value    (median,worst) |Axis Ratio|idx:Min SD idx:Max SD
  380 ,  11401 : 2.4500041251920e+00 +(1e-02,3e-02) | 6.30e+03 |  7:6.7e-05  9:1.7e-02
  381 ,  11431 : 2.4388139835551e+00 +(2e-02,3e-02) | 6.12e+03 |  7:5.9e-05  9:1.4e-02
  382 ,  11461 : 2.4367411907514e+00 +(2e-02,4e-02) | 6.06e+03 |  7:5.3e-05  9:1.2e-02
  383 ,  11491 : 2.4412749497310e+00 +(2e-02,3e-02) | 5.67e+03 |  7:4.9e-05  9:1.1e-02
  384 ,  11521 : 2.4402398036618e+00 +(2e-02,3e-02) | 5.62e+03 |  7:4.9e-05  9:1.1e-02
  385 ,  11551 : 2.4364047429355e+00 +(2e-02,4e-02) | 5.47e+03 |  7:4.3e-05  9:1.0e-02
  386 ,  11581 : 2.4396522200054e+00 +(1e-02,3e-02) | 5.41e+03 |  7:5.4e-05  9:1.2e-02
  387 ,  11611 : 2.4378462025086e+00 +(2e-02,3e-02) | 5.50e+03 |  7:6.3e-05  9:1.4e-02
  388 ,  11641 : 2.4387234152706e+00 +(1e-02,3e-02) | 5.48e+03 |  7:6.1e-05  9:1.4e-02
  389 ,  11671 : 2.4436829696781e+00 +(1e-02,3e-02) | 5.01e+03 |  7:6.4e-05  9:1.4e-02
Iterat, #Fevals:   Function Value    (median,worst) |Axis Ratio|idx:Min SD idx:Max SD
  390 ,  11701 : 2.4417879812045e+00 +(2e-02,3e-02) | 4.96e+03 |  7:6.0e-05  9:1.4e-02
  391 ,  11731 : 2.4405152614982e+00 +(2e-02,3e-02) | 4.97e+03 |  7:5.4e-05  9:1.2e-02
  392 ,  11761 : 2.4397482765842e+00 +(2e-02,4e-02) | 5.15e+03 |  7:5.3e-05  9:1.2e-02
  393 ,  11791 : 2.4415826974658e+00 +(1e-02,3e-02) | 5.68e+03 |  7:6.1e-05  9:1.4e-02
  394 ,  11821 : 2.4361945666531e+00 +(2e-02,3e-02) | 5.91e+03 |  7:7.6e-05  9:1.6e-02
  395 ,  11851 : 2.4369756553164e+00 +(2e-02,4e-02) | 5.89e+03 |  7:7.6e-05  9:1.6e-02
  396 ,  11881 : 2.4363058110047e+00 +(2e-02,4e-02) | 5.65e+03 |  7:7.9e-05  9:1.6e-02
  397 ,  11911 : 2.4394446272919e+00 +(1e-02,3e-02) | 5.55e+03 |  7:8.0e-05  9:1.6e-02
  398 ,  11941 : 2.4349452900830e+00 +(2e-02,3e-02) | 5.75e+03 |  7:7.6e-05  9:1.5e-02
  399 ,  11971 : 2.4409612869865e+00 +(2e-02,3e-02) | 5.25e+03 |  7:7.4e-05  9:1.4e-02
Iterat, #Fevals:   Function Value    (median,worst) |Axis Ratio|idx:Min SD idx:Max SD
  400 ,  12001 : 2.4369488908430e+00 +(2e-02,3e-02) | 5.31e+03 |  7:7.4e-05  9:1.4e-02
  401 ,  12031 : 2.4384961000664e+00 +(2e-02,4e-02) | 5.48e+03 |  7:7.2e-05  9:1.3e-02
  402 ,  12061 : 2.4351962419010e+00 +(2e-02,3e-02) | 5.37e+03 |  7:7.4e-05  9:1.3e-02
  403 ,  12091 : 2.4356329701671e+00 +(2e-02,4e-02) | 5.54e+03 |  7:7.4e-05  9:1.3e-02
  404 ,  12121 : 2.4461826896413e+00 +(9e-03,3e-02) | 5.54e+03 |  7:7.0e-05  9:1.3e-02
  405 ,  12151 : 2.4343443715525e+00 +(2e-02,4e-02) | 5.54e+03 |  7:6.9e-05  9:1.3e-02
  406 ,  12181 : 2.4339342568614e+00 +(2e-02,4e-02) | 5.49e+03 |  7:6.7e-05  9:1.3e-02
  407 ,  12211 : 2.4432655952381e+00 +(1e-02,3e-02) | 5.42e+03 |  7:6.5e-05  9:1.2e-02
  408 ,  12241 : 2.4398209568012e+00 +(1e-02,3e-02) | 5.60e+03 |  7:5.8e-05  9:1.1e-02
  409 ,  12271 : 2.4395518782933e+00 +(2e-02,4e-02) | 6.04e+03 |  7:5.4e-05  9:1.0e-02
Iterat, #Fevals:   Function Value    (median,worst) |Axis Ratio|idx:Min SD idx:Max SD
  410 ,  12301 : 2.4329647158147e+00 +(2e-02,3e-02) | 5.93e+03 |  7:5.6e-05  9:1.1e-02
  411 ,  12331 : 2.4405074547753e+00 +(1e-02,3e-02) | 6.35e+03 |  7:5.5e-05  9:1.1e-02
  412 ,  12361 : 2.4338203179302e+00 +(2e-02,4e-02) | 6.78e+03 |  7:5.3e-05  9:1.1e-02
  413 ,  12391 : 2.4355865248174e+00 +(2e-02,4e-02) | 7.09e+03 |  7:5.3e-05  9:1.1e-02
  414 ,  12421 : 2.4346612086351e+00 +(2e-02,5e-02) | 6.62e+03 |  7:4.9e-05  9:9.6e-03
  415 ,  12451 : 2.4398623321213e+00 +(2e-02,4e-02) | 6.85e+03 |  7:4.3e-05  9:8.6e-03
  416 ,  12481 : 2.4343844776714e+00 +(2e-02,4e-02) | 6.52e+03 |  7:4.0e-05  9:8.1e-03
  417 ,  12511 : 2.4385811716133e+00 +(1e-02,3e-02) | 6.56e+03 |  7:4.0e-05  9:7.8e-03
  418 ,  12541 : 2.4411180825318e+00 +(1e-02,3e-02) | 6.87e+03 |  7:4.3e-05  9:8.9e-03
  419 ,  12571 : 2.4332375145438e+00 +(2e-02,4e-02) | 6.65e+03 |  7:4.9e-05  9:9.9e-03
Iterat, #Fevals:   Function Value    (median,worst) |Axis Ratio|idx:Min SD idx:Max SD
  420 ,  12601 : 2.4323695166586e+00 +(2e-02,4e-02) | 6.65e+03 |  7:5.5e-05  9:1.1e-02
  421 ,  12631 : 2.4344867722798e+00 +(2e-02,4e-02) | 6.08e+03 |  7:6.6e-05  9:1.2e-02
  422 ,  12661 : 2.4387003881857e+00 +(1e-02,3e-02) | 6.10e+03 |  7:5.7e-05  9:1.1e-02
  423 ,  12691 : 2.4370037551600e+00 +(2e-02,4e-02) | 6.09e+03 |  7:5.5e-05  9:1.0e-02
  424 ,  12721 : 2.4348624758547e+00 +(2e-02,4e-02) | 6.12e+03 |  7:5.3e-05  9:9.7e-03
  425 ,  12751 : 2.4299482680405e+00 +(2e-02,4e-02) | 6.03e+03 |  7:4.8e-05  9:8.6e-03
  426 ,  12781 : 2.4372838632480e+00 +(2e-02,3e-02) | 6.00e+03 |  7:3.9e-05  9:7.1e-03
  427 ,  12811 : 2.4374365169199e+00 +(2e-02,4e-02) | 5.33e+03 |  7:3.7e-05  9:6.9e-03
  428 ,  12841 : 2.4403253267858e+00 +(2e-02,4e-02) | 5.13e+03 |  7:2.9e-05  9:5.2e-03
  429 ,  12871 : 2.4394384679808e+00 +(2e-02,3e-02) | 5.15e+03 |  7:2.6e-05  9:4.6e-03
Iterat, #Fevals:   Function Value    (median,worst) |Axis Ratio|idx:Min SD idx:Max SD
  430 ,  12901 : 2.4407913484364e+00 +(1e-02,4e-02) | 5.38e+03 |  7:2.9e-05  9:4.9e-03
  431 ,  12931 : 2.4302771684974e+00 +(3e-02,5e-02) | 5.41e+03 |  7:2.8e-05  9:4.7e-03
  432 ,  12961 : 2.4383632392814e+00 +(2e-02,3e-02) | 5.57e+03 |  7:2.5e-05  9:4.3e-03
  433 ,  12991 : 2.4379853392792e+00 +(2e-02,4e-02) | 6.05e+03 |  7:2.4e-05  9:4.0e-03
  434 ,  13021 : 2.4416083091037e+00 +(1e-02,3e-02) | 5.92e+03 |  7:2.1e-05  9:3.5e-03
  435 ,  13051 : 2.4306891672522e+00 +(3e-02,4e-02) | 5.65e+03 |  7:2.1e-05  9:3.4e-03
  436 ,  13081 : 2.4440445348920e+00 +(1e-02,3e-02) | 5.86e+03 |  7:2.6e-05  9:4.3e-03
  437 ,  13111 : 2.4312595578491e+00 +(3e-02,5e-02) | 6.10e+03 |  7:2.7e-05  9:4.6e-03
  438 ,  13141 : 2.4301169081285e+00 +(2e-02,4e-02) | 5.91e+03 |  7:3.0e-05  9:5.0e-03
  439 ,  13171 : 2.4330095225198e+00 +(2e-02,4e-02) | 5.83e+03 |  7:2.7e-05  9:4.4e-03
Iterat, #Fevals:   Function Value    (median,worst) |Axis Ratio|idx:Min SD idx:Max SD
  440 ,  13201 : 2.4415278097988e+00 +(1e-02,3e-02) | 5.56e+03 |  7:3.0e-05  9:4.7e-03
  441 ,  13231 : 2.4398694347367e+00 +(1e-02,3e-02) | 5.42e+03 |  7:3.0e-05  9:4.7e-03
  442 ,  13261 : 2.4318342984632e+00 +(2e-02,4e-02) | 5.73e+03 |  7:3.4e-05  9:4.8e-03
  443 ,  13291 : 2.4400826055019e+00 +(1e-02,4e-02) | 6.17e+03 |  7:3.4e-05  9:5.0e-03
  444 ,  13321 : 2.4386460851569e+00 +(1e-02,3e-02) | 6.22e+03 |  7:3.5e-05  9:5.4e-03
  445 ,  13351 : 2.4309411681974e+00 +(3e-02,4e-02) | 6.33e+03 |  7:3.7e-05  9:5.7e-03
  446 ,  13381 : 2.4411020443129e+00 +(1e-02,3e-02) | 6.71e+03 |  7:4.0e-05  9:6.1e-03
  447 ,  13411 : 2.4394361510229e+00 +(2e-02,3e-02) | 6.69e+03 |  7:3.4e-05  9:5.3e-03
  448 ,  13441 : 2.4328624654782e+00 +(3e-02,4e-02) | 6.58e+03 |  7:3.0e-05  9:4.6e-03
  449 ,  13471 : 2.4305227093654e+00 +(3e-02,4e-02) | 6.41e+03 |  7:2.4e-05  9:3.9e-03
Iterat, #Fevals:   Function Value    (median,worst) |Axis Ratio|idx:Min SD idx:Max SD
  450 ,  13501 : 2.4365963068664e+00 +(2e-02,4e-02) | 6.28e+03 |  7:2.2e-05  9:3.5e-03
  451 ,  13531 : 2.4335157917542e+00 +(2e-02,3e-02) | 5.91e+03 |  7:2.0e-05  9:3.2e-03
  452 ,  13561 : 2.4421346319697e+00 +(9e-03,3e-02) | 5.84e+03 |  7:1.8e-05  9:3.0e-03
  453 ,  13591 : 2.4359987382314e+00 +(2e-02,4e-02) | 5.85e+03 |  7:1.6e-05  9:2.8e-03
  454 ,  13621 : 2.4369268196332e+00 +(2e-02,3e-02) | 5.83e+03 |  7:1.6e-05  9:2.8e-03
  455 ,  13651 : 2.4388972145484e+00 +(2e-02,3e-02) | 5.96e+03 |  7:1.5e-05  9:2.5e-03
  456 ,  13681 : 2.4280784966800e+00 +(3e-02,5e-02) | 5.52e+03 |  7:1.5e-05  9:2.5e-03
  457 ,  13711 : 2.4368988001690e+00 +(1e-02,3e-02) | 5.75e+03 |  7:1.6e-05  9:2.8e-03
  458 ,  13741 : 2.4387644648634e+00 +(2e-02,3e-02) | 6.20e+03 |  7:1.5e-05  9:2.8e-03
  459 ,  13771 : 2.4337319512223e+00 +(2e-02,5e-02) | 6.08e+03 |  7:1.5e-05  9:3.0e-03
Iterat, #Fevals:   Function Value    (median,worst) |Axis Ratio|idx:Min SD idx:Max SD
  460 ,  13801 : 2.4356083635554e+00 +(2e-02,3e-02) | 6.03e+03 |  7:1.7e-05  9:3.1e-03
  461 ,  13831 : 2.4405259426268e+00 +(2e-02,3e-02) | 6.22e+03 |  7:1.7e-05  9:3.2e-03
  462 ,  13861 : 2.4381549298579e+00 +(2e-02,4e-02) | 6.18e+03 |  7:1.6e-05  9:3.1e-03
  463 ,  13891 : 2.4341398214599e+00 +(2e-02,4e-02) | 6.12e+03 |  7:1.6e-05  9:2.8e-03
  464 ,  13921 : 2.4383227797244e+00 +(2e-02,4e-02) | 6.37e+03 |  7:1.4e-05  9:2.6e-03
  465 ,  13951 : 2.4328226335198e+00 +(2e-02,4e-02) | 6.22e+03 |  7:1.6e-05  9:3.0e-03
  466 ,  13981 : 2.4290757942328e+00 +(3e-02,4e-02) | 6.30e+03 |  7:1.4e-05  9:2.6e-03
  467 ,  14011 : 2.4387912967792e+00 +(2e-02,3e-02) | 6.66e+03 |  7:1.4e-05  9:2.8e-03
  468 ,  14041 : 2.4421842330360e+00 +(2e-02,3e-02) | 6.73e+03 |  7:1.5e-05  9:3.1e-03
  469 ,  14071 : 2.4393867943450e+00 +(1e-02,3e-02) | 7.25e+03 |  7:1.6e-05  9:3.2e-03
Iterat, #Fevals:   Function Value    (median,worst) |Axis Ratio|idx:Min SD idx:Max SD
  470 ,  14101 : 2.4373564783269e+00 +(2e-02,3e-02) | 7.55e+03 |  7:1.7e-05  9:3.3e-03
  471 ,  14131 : 2.4408207872714e+00 +(2e-02,3e-02) | 7.35e+03 |  7:1.7e-05  9:3.2e-03
  472 ,  14161 : 2.4363379338644e+00 +(2e-02,4e-02) | 7.43e+03 |  7:1.7e-05  9:3.2e-03
  473 ,  14191 : 2.4342365726221e+00 +(2e-02,4e-02) | 7.49e+03 |  7:1.5e-05  9:2.9e-03
  474 ,  14221 : 2.4423366461812e+00 +(1e-02,3e-02) | 7.45e+03 |  7:1.4e-05  9:2.7e-03
  475 ,  14251 : 2.4417410029916e+00 +(1e-02,4e-02) | 8.26e+03 |  7:1.5e-05  9:3.0e-03
  476 ,  14281 : 2.4400301671208e+00 +(2e-02,4e-02) | 8.18e+03 |  7:1.5e-05  9:3.1e-03
  477 ,  14311 : 2.4446885677471e+00 +(1e-02,3e-02) | 8.41e+03 |  7:1.6e-05  9:3.2e-03
  478 ,  14341 : 2.4316686569614e+00 +(2e-02,5e-02) | 8.90e+03 |  7:2.0e-05  9:3.7e-03
  479 ,  14371 : 2.4315791864837e+00 +(2e-02,5e-02) | 8.77e+03 |  7:1.9e-05  9:3.5e-03
Iterat, #Fevals:   Function Value    (median,worst) |Axis Ratio|idx:Min SD idx:Max SD
  480 ,  14401 : 2.4347818149794e+00 +(2e-02,3e-02) | 8.90e+03 |  7:1.8e-05  9:3.4e-03
  481 ,  14431 : 2.4366402103599e+00 +(2e-02,4e-02) | 8.68e+03 |  7:1.7e-05  9:3.2e-03
  482 ,  14461 : 2.4397150374419e+00 +(1e-02,3e-02) | 8.70e+03 |  7:1.7e-05  9:3.2e-03
  483 ,  14491 : 2.4304248603092e+00 +(2e-02,5e-02) | 8.55e+03 |  7:1.6e-05  9:3.0e-03
  484 ,  14521 : 2.4368885060955e+00 +(2e-02,3e-02) | 8.48e+03 |  7:1.5e-05  9:2.8e-03
  485 ,  14551 : 2.4391514996995e+00 +(2e-02,3e-02) | 8.44e+03 |  7:1.4e-05  9:2.6e-03
  486 ,  14581 : 2.4400430585916e+00 +(2e-02,3e-02) | 8.50e+03 |  7:1.4e-05  9:2.4e-03
  487 ,  14611 : 2.4442838485116e+00 +(1e-02,3e-02) | 8.62e+03 |  7:1.4e-05  9:2.6e-03
  488 ,  14641 : 2.4329910148144e+00 +(2e-02,4e-02) | 8.55e+03 |  7:1.3e-05  9:2.3e-03
  489 ,  14671 : 2.4377270749733e+00 +(2e-02,4e-02) | 8.59e+03 |  7:1.1e-05  9:1.9e-03
Iterat, #Fevals:   Function Value    (median,worst) |Axis Ratio|idx:Min SD idx:Max SD
  490 ,  14701 : 2.4396937123522e+00 +(1e-02,4e-02) | 8.83e+03 |  7:1.1e-05  9:1.8e-03
  491 ,  14731 : 2.4355576088361e+00 +(2e-02,3e-02) | 9.04e+03 |  7:1.0e-05  2:1.8e-03
  492 ,  14761 : 2.4352514421019e+00 +(2e-02,4e-02) | 8.84e+03 |  7:1.0e-05  2:1.7e-03
  493 ,  14791 : 2.4363694022622e+00 +(2e-02,4e-02) | 9.20e+03 |  7:1.0e-05  9:1.8e-03
  494 ,  14821 : 2.4390294538174e+00 +(1e-02,3e-02) | 9.14e+03 |  7:1.1e-05  2:2.0e-03
  495 ,  14851 : 2.4368995447799e+00 +(2e-02,3e-02) | 9.35e+03 |  7:1.0e-05  2:1.9e-03
  496 ,  14881 : 2.4332564841225e+00 +(2e-02,4e-02) | 9.06e+03 |  7:8.5e-06  2:1.6e-03
  497 ,  14911 : 2.4358218257693e+00 +(2e-02,4e-02) | 8.84e+03 |  7:8.7e-06  2:1.6e-03
  498 ,  14941 : 2.4317256375946e+00 +(3e-02,4e-02) | 8.84e+03 |  7:7.7e-06  2:1.5e-03
  499 ,  14971 : 2.4337954047132e+00 +(2e-02,3e-02) | 8.74e+03 |  7:7.1e-06  2:1.4e-03
Iterat, #Fevals:   Function Value    (median,worst) |Axis Ratio|idx:Min SD idx:Max SD
  500 ,  15001 : 2.4377972105854e+00 +(2e-02,4e-02) | 8.95e+03 |  7:6.3e-06  2:1.2e-03
  501 ,  15031 : 2.4360383199647e+00 +(2e-02,2e-02) | 8.91e+03 |  7:5.6e-06  2:1.1e-03
  502 ,  15061 : 2.4314772111764e+00 +(2e-02,4e-02) | 8.68e+03 |  7:5.3e-06  2:1.0e-03
  503 ,  15091 : 2.4386976389469e+00 +(2e-02,3e-02) | 8.55e+03 |  7:5.3e-06  9:1.0e-03
  504 ,  15121 : 2.4351848167478e+00 +(2e-02,4e-02) | 8.48e+03 |  7:4.8e-06  9:9.4e-04
  505 ,  15151 : 2.4379396379876e+00 +(2e-02,3e-02) | 8.71e+03 |  7:5.1e-06  2:1.0e-03
  506 ,  15181 : 2.4412090876992e+00 +(2e-02,3e-02) | 9.51e+03 |  7:5.0e-06  9:1.0e-03
  507 ,  15211 : 2.4413684950079e+00 +(1e-02,3e-02) | 9.65e+03 |  7:5.0e-06  2:1.0e-03
  508 ,  15241 : 2.4316483414671e+00 +(2e-02,4e-02) | 1.03e+04 |  7:5.7e-06  9:1.2e-03
  509 ,  15271 : 2.4437210309394e+00 +(1e-02,4e-02) | 1.03e+04 |  7:5.3e-06  9:1.1e-03
Iterat, #Fevals:   Function Value    (median,worst) |Axis Ratio|idx:Min SD idx:Max SD
  510 ,  15301 : 2.4423342795446e+00 +(2e-02,3e-02) | 1.10e+04 |  7:5.3e-06  9:1.0e-03
  511 ,  15331 : 2.4378258531928e+00 +(2e-02,4e-02) | 1.07e+04 |  7:4.9e-06  9:1.0e-03
  512 ,  15361 : 2.4329339329785e+00 +(2e-02,4e-02) | 1.10e+04 |  7:4.5e-06  9:8.8e-04
  513 ,  15391 : 2.4379669771400e+00 +(1e-02,4e-02) | 1.05e+04 |  7:3.7e-06  9:7.3e-04
  514 ,  15421 : 2.4400336071517e+00 +(2e-02,3e-02) | 1.04e+04 |  7:4.0e-06  9:7.9e-04
  515 ,  15451 : 2.4420848592421e+00 +(1e-02,3e-02) | 1.07e+04 |  7:4.9e-06  9:9.7e-04
  516 ,  15481 : 2.4394792680538e+00 +(1e-02,4e-02) | 1.14e+04 |  7:4.9e-06  9:1.0e-03
  517 ,  15511 : 2.4383152909865e+00 +(2e-02,3e-02) | 1.16e+04 |  7:5.2e-06  9:1.1e-03
  518 ,  15541 : 2.4360873990418e+00 +(2e-02,3e-02) | 1.24e+04 |  7:5.3e-06  9:1.2e-03
  519 ,  15571 : 2.4369057960340e+00 +(2e-02,4e-02) | 1.17e+04 |  7:6.2e-06  9:1.3e-03
Iterat, #Fevals:   Function Value    (median,worst) |Axis Ratio|idx:Min SD idx:Max SD
  520 ,  15601 : 2.4304692215232e+00 +(3e-02,4e-02) | 1.14e+04 |  7:6.4e-06  9:1.4e-03
  521 ,  15631 : 2.4414366081042e+00 +(1e-02,3e-02) | 1.19e+04 |  7:6.1e-06  9:1.4e-03
  522 ,  15661 : 2.4391399883565e+00 +(1e-02,3e-02) | 1.23e+04 |  7:5.8e-06  9:1.4e-03
  523 ,  15691 : 2.4442870500780e+00 +(1e-02,3e-02) | 1.20e+04 |  7:5.8e-06  9:1.4e-03
  524 ,  15721 : 2.4310796522433e+00 +(2e-02,4e-02) | 1.20e+04 |  7:5.5e-06  9:1.3e-03
  525 ,  15751 : 2.4352531964306e+00 +(2e-02,4e-02) | 1.24e+04 |  7:5.2e-06  9:1.2e-03
  526 ,  15781 : 2.4445552872000e+00 +(1e-02,3e-02) | 1.31e+04 |  7:5.1e-06  9:1.2e-03
  527 ,  15811 : 2.4343311294541e+00 +(2e-02,4e-02) | 1.27e+04 |  7:5.3e-06  9:1.3e-03
  528 ,  15841 : 2.4408979675593e+00 +(1e-02,3e-02) | 1.20e+04 |  7:5.0e-06  9:1.2e-03
  529 ,  15871 : 2.4352114232093e+00 +(2e-02,4e-02) | 1.15e+04 |  7:5.3e-06  9:1.2e-03
Iterat, #Fevals:   Function Value    (median,worst) |Axis Ratio|idx:Min SD idx:Max SD
  530 ,  15901 : 2.4330086645688e+00 +(2e-02,4e-02) | 1.17e+04 |  7:7.1e-06  9:1.6e-03
  531 ,  15931 : 2.4384877371503e+00 +(2e-02,3e-02) | 1.19e+04 |  7:8.1e-06  9:1.8e-03
  532 ,  15961 : 2.4363392247904e+00 +(2e-02,3e-02) | 1.17e+04 |  7:9.3e-06  9:2.1e-03
  533 ,  15991 : 2.4382193057425e+00 +(2e-02,3e-02) | 1.21e+04 |  7:1.1e-05  9:2.4e-03
  534 ,  16021 : 2.4412828196094e+00 +(2e-02,3e-02) | 1.21e+04 |  7:1.0e-05  9:2.2e-03
  535 ,  16051 : 2.4401756426087e+00 +(2e-02,3e-02) | 1.23e+04 |  7:1.0e-05  9:2.4e-03
  536 ,  16081 : 2.4335503576054e+00 +(2e-02,5e-02) | 1.27e+04 |  7:1.1e-05  9:2.3e-03
  537 ,  16111 : 2.4350422389212e+00 +(2e-02,4e-02) | 1.31e+04 |  7:9.4e-06  9:2.1e-03
  538 ,  16141 : 2.4406891692241e+00 +(1e-02,3e-02) | 1.26e+04 |  7:1.0e-05  9:2.1e-03
  539 ,  16171 : 2.4436721569331e+00 +(1e-02,3e-02) | 1.15e+04 |  7:9.1e-06  9:1.9e-03
Iterat, #Fevals:   Function Value    (median,worst) |Axis Ratio|idx:Min SD idx:Max SD
  540 ,  16201 : 2.4343279075918e+00 +(2e-02,4e-02) | 1.21e+04 |  7:8.2e-06  9:1.8e-03
  541 ,  16231 : 2.4346614293706e+00 +(2e-02,4e-02) | 1.21e+04 |  7:8.2e-06  9:1.8e-03
  542 ,  16261 : 2.4343833928123e+00 +(2e-02,4e-02) | 1.19e+04 |  7:7.9e-06  9:1.7e-03
  543 ,  16291 : 2.4462390551110e+00 +(1e-02,3e-02) | 1.08e+04 |  7:7.4e-06  9:1.6e-03
  544 ,  16321 : 2.4386969688652e+00 +(2e-02,4e-02) | 1.01e+04 |  7:8.8e-06  9:1.9e-03
  545 ,  16351 : 2.4378264149700e+00 +(2e-02,3e-02) | 1.08e+04 |  7:9.9e-06  9:2.0e-03
  546 ,  16381 : 2.4454017351714e+00 +(1e-02,2e-02) | 1.10e+04 |  7:1.1e-05  2:2.3e-03
  547 ,  16411 : 2.4348374907652e+00 +(2e-02,4e-02) | 1.08e+04 |  7:1.1e-05  2:2.4e-03
  548 ,  16441 : 2.4430781353935e+00 +(2e-02,4e-02) | 1.10e+04 |  7:1.1e-05  2:2.3e-03
  549 ,  16471 : 2.4384638430308e+00 +(2e-02,4e-02) | 1.12e+04 |  7:1.0e-05  2:2.2e-03
Iterat, #Fevals:   Function Value    (median,worst) |Axis Ratio|idx:Min SD idx:Max SD
  550 ,  16501 : 2.4340400350382e+00 +(2e-02,4e-02) | 1.16e+04 |  7:9.6e-06  2:2.2e-03
  551 ,  16531 : 2.4332336507039e+00 +(2e-02,4e-02) | 1.12e+04 |  7:1.0e-05  2:2.3e-03
  552 ,  16561 : 2.4373040198547e+00 +(2e-02,4e-02) | 1.14e+04 |  7:1.0e-05  2:2.3e-03
  553 ,  16591 : 2.4327635869953e+00 +(2e-02,5e-02) | 1.12e+04 |  7:9.8e-06  2:2.1e-03
  554 ,  16621 : 2.4366997412805e+00 +(2e-02,4e-02) | 1.08e+04 |  7:9.0e-06  2:1.9e-03
  555 ,  16651 : 2.4420460192981e+00 +(2e-02,3e-02) | 1.08e+04 |  7:7.9e-06  2:1.7e-03
  556 ,  16681 : 2.4376521897709e+00 +(2e-02,4e-02) | 1.06e+04 |  7:7.7e-06  2:1.7e-03
  557 ,  16711 : 2.4343578116509e+00 +(2e-02,4e-02) | 1.05e+04 |  7:8.6e-06  2:1.8e-03
  558 ,  16741 : 2.4318258154184e+00 +(2e-02,3e-02) | 1.05e+04 |  7:8.6e-06  2:2.0e-03
  559 ,  16771 : 2.4396327958214e+00 +(2e-02,4e-02) | 1.10e+04 |  7:8.2e-06  2:1.9e-03
Iterat, #Fevals:   Function Value    (median,worst) |Axis Ratio|idx:Min SD idx:Max SD
  560 ,  16801 : 2.4345511058757e+00 +(2e-02,4e-02) | 1.17e+04 |  7:7.4e-06  2:1.8e-03
  561 ,  16831 : 2.4394674792684e+00 +(2e-02,4e-02) | 1.15e+04 |  7:7.2e-06  2:1.6e-03
  562 ,  16861 : 2.4360523877417e+00 +(2e-02,3e-02) | 1.14e+04 |  7:7.8e-06  2:1.7e-03
  563 ,  16891 : 2.4367491552973e+00 +(2e-02,3e-02) | 1.10e+04 |  7:7.1e-06  2:1.6e-03
  564 ,  16921 : 2.4329868100202e+00 +(2e-02,5e-02) | 1.07e+04 |  7:8.6e-06  2:1.8e-03
  565 ,  16951 : 2.4386845101416e+00 +(2e-02,3e-02) | 1.11e+04 |  7:8.6e-06  2:1.8e-03
  566 ,  16981 : 2.4390918699106e+00 +(2e-02,4e-02) | 1.09e+04 |  7:8.5e-06  2:1.8e-03
  567 ,  17011 : 2.4334601030946e+00 +(2e-02,4e-02) | 1.06e+04 |  7:7.9e-06  2:1.6e-03
  568 ,  17041 : 2.4401145518048e+00 +(2e-02,4e-02) | 1.06e+04 |  7:8.5e-06  2:1.7e-03
  569 ,  17071 : 2.4327740650708e+00 +(2e-02,3e-02) | 1.18e+04 |  7:1.0e-05  2:2.1e-03
Iterat, #Fevals:   Function Value    (median,worst) |Axis Ratio|idx:Min SD idx:Max SD
  570 ,  17101 : 2.4314795278015e+00 +(2e-02,3e-02) | 1.17e+04 |  7:1.1e-05  2:2.4e-03
  571 ,  17131 : 2.4407212150913e+00 +(1e-02,3e-02) | 1.17e+04 |  7:1.0e-05  2:2.2e-03
  572 ,  17161 : 2.4407845374605e+00 +(1e-02,3e-02) | 1.18e+04 |  7:1.3e-05  2:2.5e-03
#Fevals:   f(returned x)   |    bestever.f     | stopflag (saved to variablescmaes13_9_38.mat)
  17162: 2.44078453746e+00 | 2.42807849668e+00 | stagnation
mean solution: +6.6e-02 +3.1e+00 +2.3e+00 +1.5e+00 +1.4e+00 +6.2e-01 +2.5e-02 +1.4e+00 +3.2e+00
std deviation:  5.7e-05  2.5e-03  1.8e-03  8.2e-04  1.1e-03  1.0e-03  1.3e-05  1.0e-03  1.7e-03
use plotcmaesdat.m for plotting the output at any time (option LogModulo must not be zero)
