
                            < M A T L A B (R) >
                  Copyright 1984-2015 The MathWorks, Inc.
                   R2015a (8.5.0.197613) 64-bit (glnxa64)
                             February 12, 2015

 
For online documentation, see http://www.mathworks.com/support
For product information, visit www.mathworks.com.
 

	Academic License


seed =

                 149.56138


InitialthetaLB =

                       0.1
                         1
                         1
                       0.1
                         1
                       0.1
                     0.001
                    0.0001
                       300


InitialthetaUB =

      100000
    10000000
   100000000
       10000
       10000
        1000
           5
         100
        2000


Initialtheta =

          88130.7669669111
          9797036.05347556
          86458248.5833421
          8380.73807113308
          9097.99378732455
          860.995887850121
          2.35429114975932
          44.1234998543196
          1320.26476420174

  n=9: (15,30)-CMA-ES(w=[21 15 12... 0.77 0.25]%, ]%, mu_eff=8.6) on function Error
Iterat, #Fevals:   Function Value    (median,worst) |Axis Ratio|idx:Min SD idx:Max SD
    1 ,     31 : 3.1607398116996e+01 +(5e+01,2e+12) | 2.22e+00 |  2:3.3e-01  8:7.2e-01
    2 ,     61 : 3.2790906012585e+01 +(5e+01,2e+11) | 2.37e+00 |  2:3.2e-01  8:7.6e-01
    3 ,     91 : 3.3738298293663e+01 +(5e+01,2e+03) | 2.41e+00 |  2:3.3e-01  8:7.7e-01
    4 ,    121 : 3.2712282987180e+01 +(8e+01,3e+04) | 2.42e+00 |  2:3.4e-01  8:8.1e-01
    5 ,    151 : 3.3811737933670e+01 +(5e+01,7e+08) | 2.32e+00 |  2:3.6e-01  8:8.0e-01
    6 ,    181 : 3.2544752088878e+01 +(5e+01,2e+05) | 2.28e+00 |  5:3.8e-01  8:8.2e-01
    7 ,    211 : 3.3144333539801e+01 +(5e+01,1e+10) | 2.35e+00 |  5:3.8e-01  8:8.1e-01
    8 ,    241 : 3.2075177050714e+01 +(5e+01,3e+10) | 2.32e+00 |  5:4.0e-01  8:8.6e-01
    9 ,    271 : 2.9934408968670e+01 +(6e+01,6e+06) | 2.30e+00 |  5:3.9e-01  8:8.2e-01
Iterat, #Fevals:   Function Value    (median,worst) |Axis Ratio|idx:Min SD idx:Max SD
   10 ,    301 : 3.0740016345904e+01 +(5e+01,3e+11) | 2.30e+00 |  5:3.8e-01  8:8.2e-01
   11 ,    331 : 3.1998946193813e+01 +(5e+01,3e+02) | 2.34e+00 |  2:3.2e-01  8:6.8e-01
   12 ,    361 : 3.2545109433409e+01 +(5e+01,3e+07) | 2.37e+00 |  5:2.8e-01  8:6.0e-01
   13 ,    391 : 3.5003920703256e+01 +(5e+01,2e+09) | 2.45e+00 |  5:2.5e-01  8:5.6e-01
   14 ,    421 : 3.1509461614679e+01 +(3e+01,4e+02) | 2.54e+00 |  5:2.4e-01  8:5.7e-01
   15 ,    451 : 3.3071543785294e+01 +(4e+01,2e+04) | 2.56e+00 |  5:2.5e-01  8:5.7e-01
   16 ,    481 : 3.1111304076482e+01 +(4e+01,5e+04) | 2.69e+00 |  5:2.1e-01  8:5.1e-01
   17 ,    511 : 3.2058897787659e+01 +(2e+01,1e+03) | 2.64e+00 |  5:2.0e-01  8:4.5e-01
   18 ,    541 : 3.2585106145821e+01 +(4e+01,7e+02) | 2.65e+00 |  5:1.7e-01  8:3.9e-01
   19 ,    571 : 3.2015410401847e+01 +(2e+01,7e+02) | 2.75e+00 |  5:1.7e-01  8:3.6e-01
Iterat, #Fevals:   Function Value    (median,worst) |Axis Ratio|idx:Min SD idx:Max SD
   20 ,    601 : 3.2260093052969e+01 +(1e+01,8e+02) | 2.80e+00 |  5:1.7e-01  8:3.6e-01
   21 ,    631 : 3.3914595994972e+01 +(1e+01,3e+03) | 2.79e+00 |  5:1.4e-01  8:3.0e-01
   22 ,    661 : 3.2389062973514e+01 +(1e+01,2e+02) | 2.71e+00 |  5:1.3e-01  8:2.5e-01
   23 ,    691 : 3.2442975149389e+01 +(5e+00,1e+02) | 2.73e+00 |  5:1.2e-01  8:2.3e-01
   24 ,    721 : 3.2169318870120e+01 +(3e+00,1e+02) | 2.80e+00 |  5:1.1e-01  8:2.1e-01
   25 ,    751 : 3.2006241332698e+01 +(3e+00,9e+01) | 2.88e+00 |  5:1.2e-01  7:2.2e-01
   26 ,    781 : 3.1824758671851e+01 +(3e+00,3e+01) | 3.06e+00 |  5:1.1e-01  7:2.1e-01
   27 ,    811 : 3.2047029238473e+01 +(4e+00,1e+02) | 3.15e+00 |  5:1.0e-01  7:1.9e-01
   28 ,    841 : 3.1718060894597e+01 +(1e+00,3e+01) | 3.33e+00 |  5:1.1e-01  7:2.1e-01
   29 ,    871 : 3.2093151825577e+01 +(3e+00,9e+01) | 3.33e+00 |  5:8.9e-02  7:1.7e-01
Iterat, #Fevals:   Function Value    (median,worst) |Axis Ratio|idx:Min SD idx:Max SD
   30 ,    901 : 3.1653246624821e+01 +(1e+00,1e+02) | 3.44e+00 |  5:9.7e-02  7:1.9e-01
   31 ,    931 : 3.1631797593130e+01 +(3e+00,4e+01) | 3.64e+00 |  5:9.9e-02  7:2.0e-01
   32 ,    961 : 3.1597710728400e+01 +(1e+00,4e+01) | 3.68e+00 |  2:9.9e-02  7:1.9e-01
   33 ,    991 : 3.1250109003402e+01 +(1e+00,2e+01) | 3.87e+00 |  2:9.5e-02  7:1.9e-01
   34 ,   1021 : 3.1673559487986e+01 +(2e+00,1e+01) | 4.06e+00 |  5:1.0e-01  7:2.0e-01
   35 ,   1051 : 3.1034196605407e+01 +(4e+00,2e+01) | 4.45e+00 |  5:1.0e-01  7:2.2e-01
   36 ,   1081 : 3.1198636599094e+01 +(4e+00,1e+02) | 4.68e+00 |  5:9.3e-02  7:2.0e-01
   37 ,   1111 : 3.1361611852602e+01 +(2e+00,5e+01) | 4.78e+00 |  5:8.7e-02  7:1.8e-01
   38 ,   1141 : 3.1535436658729e+01 +(1e+00,1e+01) | 4.89e+00 |  5:9.2e-02  7:1.9e-01
   39 ,   1171 : 3.1219611100093e+01 +(2e+00,3e+01) | 5.21e+00 |  5:8.6e-02  7:1.8e-01
Iterat, #Fevals:   Function Value    (median,worst) |Axis Ratio|idx:Min SD idx:Max SD
   40 ,   1201 : 3.1265980713317e+01 +(1e+00,2e+01) | 5.20e+00 |  5:8.7e-02  7:1.8e-01
   41 ,   1231 : 3.0948345157325e+01 +(2e+00,3e+01) | 5.59e+00 |  5:7.2e-02  7:1.6e-01
   42 ,   1261 : 3.1105440878195e+01 +(1e+00,7e+00) | 5.78e+00 |  5:6.3e-02  7:1.4e-01
   43 ,   1291 : 3.1231636482875e+01 +(1e+00,1e+01) | 6.09e+00 |  5:6.5e-02  7:1.4e-01
   44 ,   1321 : 3.0402718507663e+01 +(2e+00,1e+01) | 6.84e+00 |  5:6.3e-02  7:1.5e-01
   45 ,   1351 : 3.0613558250683e+01 +(1e+00,9e+00) | 7.23e+00 |  5:6.8e-02  7:1.6e-01
   46 ,   1381 : 3.0318155039054e+01 +(2e+00,2e+01) | 8.01e+00 |  5:7.5e-02  7:1.9e-01
   47 ,   1411 : 2.9647423815991e+01 +(2e+00,3e+01) | 9.15e+00 |  5:9.1e-02  7:2.4e-01
   48 ,   1441 : 3.0680632655260e+01 +(5e+00,5e+02) | 9.45e+00 |  5:7.8e-02  7:2.1e-01
   49 ,   1471 : 2.9050839131276e+01 +(3e+00,1e+01) | 9.91e+00 |  5:7.4e-02  7:2.1e-01
Iterat, #Fevals:   Function Value    (median,worst) |Axis Ratio|idx:Min SD idx:Max SD
   50 ,   1501 : 2.9920089017666e+01 +(3e+00,1e+02) | 9.75e+00 |  5:8.2e-02  7:2.3e-01
   51 ,   1531 : 2.7791097362829e+01 +(4e+00,4e+01) | 1.08e+01 |  5:9.1e-02  7:2.4e-01
   52 ,   1561 : 2.9250482452201e+01 +(4e+00,3e+02) | 1.10e+01 |  4:9.3e-02  7:2.4e-01
   53 ,   1591 : 2.8872130579902e+01 +(2e+00,3e+01) | 1.13e+01 |  4:9.1e-02  7:2.3e-01
   54 ,   1621 : 2.7306489201535e+01 +(8e+00,9e+02) | 1.13e+01 |  4:8.6e-02  7:2.2e-01
   55 ,   1651 : 1.8699052585787e+01 +(1e+01,1e+02) | 1.20e+01 |  4:9.1e-02  7:2.4e-01
   56 ,   1681 : 2.7824514364395e+01 +(3e+00,6e+01) | 1.18e+01 |  4:7.7e-02  7:2.0e-01
   57 ,   1711 : 2.9311645872528e+01 +(4e+00,3e+05) | 1.17e+01 |  4:6.9e-02  7:1.8e-01
   58 ,   1741 : 2.9683028140659e+01 +(2e+00,9e+01) | 1.17e+01 |  4:6.7e-02  7:1.7e-01
   59 ,   1771 : 2.9303541758811e+01 +(2e+00,6e+01) | 1.14e+01 |  4:7.1e-02  7:1.7e-01
Iterat, #Fevals:   Function Value    (median,worst) |Axis Ratio|idx:Min SD idx:Max SD
   60 ,   1801 : 2.7475327884842e+01 +(4e+00,6e+01) | 1.10e+01 |  4:6.2e-02  7:1.5e-01
   61 ,   1831 : 2.2688237590019e+01 +(8e+00,7e+01) | 1.26e+01 |  4:7.2e-02  7:1.9e-01
   62 ,   1861 : 1.5559878874761e+01 +(2e+01,2e+02) | 1.29e+01 |  4:7.5e-02  7:2.0e-01
   63 ,   1891 : 2.5564147083491e+01 +(1e+01,3e+02) | 1.30e+01 |  4:6.0e-02  7:1.6e-01
   64 ,   1921 : 1.6463188846783e+01 +(2e+01,7e+01) | 1.36e+01 |  4:5.8e-02  7:1.6e-01
   65 ,   1951 : 2.0574202969599e+01 +(1e+01,2e+03) | 1.36e+01 |  4:5.5e-02  7:1.5e-01
   66 ,   1981 : 2.5907395554353e+01 +(7e+00,2e+03) | 1.38e+01 |  4:4.8e-02  7:1.4e-01
   67 ,   2011 : 2.2918149572022e+01 +(7e+00,7e+04) | 1.37e+01 |  4:4.5e-02  7:1.2e-01
   68 ,   2041 : 1.3819509987430e+01 +(1e+01,2e+04) | 1.42e+01 |  4:4.7e-02  7:1.3e-01
   69 ,   2071 : 1.4074173372483e+01 +(2e+01,3e+03) | 1.47e+01 |  4:4.5e-02  7:1.3e-01
Iterat, #Fevals:   Function Value    (median,worst) |Axis Ratio|idx:Min SD idx:Max SD
   70 ,   2101 : 8.9767477227041e+00 +(3e+01,2e+04) | 1.50e+01 |  4:3.9e-02  7:1.1e-01
   71 ,   2131 : 1.4832209881185e+01 +(2e+01,2e+03) | 1.47e+01 |  4:3.7e-02  7:1.0e-01
   72 ,   2161 : 1.5931331537944e+01 +(1e+01,4e+04) | 1.48e+01 |  4:3.3e-02  7:9.6e-02
   73 ,   2191 : 1.1819446964452e+01 +(2e+01,7e+01) | 1.51e+01 |  4:3.4e-02  7:1.0e-01
   74 ,   2221 : 6.1418349348439e+00 +(2e+01,2e+05) | 1.45e+01 |  4:3.3e-02  7:9.5e-02
   75 ,   2251 : 1.5277373745965e+01 +(2e+01,3e+03) | 1.44e+01 |  4:2.9e-02  7:8.3e-02
   76 ,   2281 : 7.8959479985015e+00 +(2e+01,4e+04) | 1.40e+01 |  4:2.8e-02  7:8.2e-02
   77 ,   2311 : 1.1535248278403e+01 +(1e+01,1e+04) | 1.36e+01 |  4:2.8e-02  7:7.7e-02
   78 ,   2341 : 5.4444844878409e+00 +(2e+01,2e+02) | 1.38e+01 |  4:2.4e-02  7:6.4e-02
   79 ,   2371 : 6.5188124882447e+00 +(2e+01,3e+03) | 1.38e+01 |  4:2.4e-02  8:6.3e-02
Iterat, #Fevals:   Function Value    (median,worst) |Axis Ratio|idx:Min SD idx:Max SD
   80 ,   2401 : 2.7211183061063e+00 +(2e+01,1e+03) | 1.36e+01 |  4:2.5e-02  8:6.4e-02
   81 ,   2431 : 8.0336636849923e+00 +(1e+01,1e+04) | 1.33e+01 |  4:2.2e-02  8:6.1e-02
   82 ,   2461 : 2.9930027235847e+00 +(2e+01,2e+02) | 1.35e+01 |  4:2.1e-02  8:5.5e-02
   83 ,   2491 : 4.7485783169372e+00 +(2e+01,2e+03) | 1.31e+01 |  4:1.8e-02  8:4.7e-02
   84 ,   2521 : 3.2005568246789e+00 +(2e+01,9e+02) | 1.31e+01 |  4:1.9e-02  9:5.2e-02
   85 ,   2551 : 6.5380415165890e+00 +(1e+01,8e+01) | 1.27e+01 |  4:1.8e-02  9:5.1e-02
   86 ,   2581 : 8.9954575096469e+00 +(1e+01,1e+03) | 1.25e+01 |  4:1.6e-02  9:4.7e-02
   87 ,   2611 : 5.2604415807102e+00 +(1e+01,2e+02) | 1.33e+01 |  4:1.5e-02  9:4.7e-02
   88 ,   2641 : 3.3007302121943e+00 +(2e+01,1e+02) | 1.37e+01 |  4:1.3e-02  9:4.3e-02
   89 ,   2671 : 3.2721225861639e+00 +(1e+01,7e+03) | 1.38e+01 |  4:1.3e-02  9:4.2e-02
Iterat, #Fevals:   Function Value    (median,worst) |Axis Ratio|idx:Min SD idx:Max SD
   90 ,   2701 : 3.0594806255565e+00 +(1e+01,1e+02) | 1.40e+01 |  4:1.2e-02  9:3.9e-02
   91 ,   2731 : 2.8694100578401e+00 +(9e+00,8e+01) | 1.45e+01 |  4:1.1e-02  9:3.8e-02
   92 ,   2761 : 3.6168866173731e+00 +(8e+00,2e+03) | 1.52e+01 |  4:1.1e-02  9:3.8e-02
   93 ,   2791 : 3.4384291870594e+00 +(8e+00,1e+03) | 1.55e+01 |  4:9.0e-03  9:3.3e-02
   94 ,   2821 : 3.8678750335067e+00 +(6e+00,1e+02) | 1.64e+01 |  4:8.7e-03  9:3.3e-02
   95 ,   2851 : 3.1298541270497e+00 +(5e+00,1e+02) | 1.67e+01 |  4:8.3e-03  9:3.2e-02
   96 ,   2881 : 3.2415083499903e+00 +(5e+00,4e+02) | 1.65e+01 |  4:7.9e-03  9:3.1e-02
   97 ,   2911 : 2.8672836713272e+00 +(5e+00,2e+02) | 1.72e+01 |  4:7.3e-03  9:2.9e-02
   98 ,   2941 : 2.8873594142780e+00 +(4e+00,2e+03) | 1.88e+01 |  4:6.7e-03  9:2.8e-02
   99 ,   2971 : 2.8695602146565e+00 +(4e+00,2e+01) | 1.93e+01 |  4:6.4e-03  9:2.7e-02
Iterat, #Fevals:   Function Value    (median,worst) |Axis Ratio|idx:Min SD idx:Max SD
  100 ,   3001 : 2.6072404155525e+00 +(4e+00,2e+01) | 2.00e+01 |  4:5.9e-03  9:2.6e-02
  101 ,   3031 : 2.5970991740397e+00 +(3e+00,1e+02) | 2.01e+01 |  4:6.0e-03  9:2.7e-02
  102 ,   3061 : 2.7792651761872e+00 +(2e+00,9e+01) | 2.18e+01 |  4:6.2e-03  9:2.9e-02
  103 ,   3091 : 2.6673388232984e+00 +(2e+00,3e+01) | 2.26e+01 |  4:6.3e-03  9:2.9e-02
  104 ,   3121 : 2.6271339472890e+00 +(3e+00,6e+01) | 2.34e+01 |  4:6.2e-03  9:2.9e-02
  105 ,   3151 : 2.8151706671063e+00 +(2e+00,4e+01) | 2.41e+01 |  4:5.2e-03  9:2.6e-02
  106 ,   3181 : 2.5373408240081e+00 +(1e+00,3e+01) | 2.46e+01 |  4:4.4e-03  9:2.2e-02
  107 ,   3211 : 2.5555513075569e+00 +(2e+00,3e+01) | 2.50e+01 |  4:4.5e-03  9:2.3e-02
  108 ,   3241 : 2.5662158197845e+00 +(2e+00,4e+01) | 2.55e+01 |  4:4.1e-03  9:2.1e-02
  109 ,   3271 : 2.5507808455124e+00 +(1e+00,1e+01) | 2.67e+01 |  4:3.9e-03  9:2.1e-02
Iterat, #Fevals:   Function Value    (median,worst) |Axis Ratio|idx:Min SD idx:Max SD
  110 ,   3301 : 2.5013803893940e+00 +(8e-01,2e+01) | 2.71e+01 |  4:3.6e-03  9:1.9e-02
  111 ,   3331 : 2.5008796592956e+00 +(1e+00,7e+00) | 2.94e+01 |  4:3.3e-03  9:2.0e-02
  112 ,   3361 : 2.5185626224437e+00 +(6e-01,9e+00) | 3.14e+01 |  4:3.2e-03  9:1.9e-02
  113 ,   3391 : 2.4859425648431e+00 +(7e-01,6e+00) | 3.24e+01 |  4:3.1e-03  9:1.8e-02
  114 ,   3421 : 2.4965793894031e+00 +(3e-01,6e+00) | 3.36e+01 |  4:2.8e-03  9:1.7e-02
  115 ,   3451 : 2.4865360480835e+00 +(5e-01,2e+00) | 3.55e+01 |  4:2.4e-03  9:1.5e-02
  116 ,   3481 : 2.5029087427925e+00 +(3e-01,3e+00) | 3.91e+01 |  4:2.5e-03  9:1.6e-02
  117 ,   3511 : 2.4962133712778e+00 +(2e-01,1e+00) | 4.03e+01 |  4:2.1e-03  9:1.4e-02
  118 ,   3541 : 2.5043633847919e+00 +(2e-01,2e+00) | 4.37e+01 |  4:2.5e-03  9:1.6e-02
  119 ,   3571 : 2.4969006286058e+00 +(2e-01,2e+00) | 4.53e+01 |  7:2.8e-03  9:1.7e-02
Iterat, #Fevals:   Function Value    (median,worst) |Axis Ratio|idx:Min SD idx:Max SD
  120 ,   3601 : 2.5029963499383e+00 +(1e-01,1e+00) | 4.83e+01 |  7:2.8e-03  9:1.8e-02
  121 ,   3631 : 2.5056008592670e+00 +(2e-01,6e+00) | 4.90e+01 |  7:3.0e-03  9:2.0e-02
  122 ,   3661 : 2.4915342656853e+00 +(3e-01,3e+00) | 5.03e+01 |  7:2.6e-03  9:1.8e-02
  123 ,   3691 : 2.4901045999118e+00 +(2e-01,1e+00) | 5.21e+01 |  7:2.1e-03  9:1.5e-02
  124 ,   3721 : 2.4931329827360e+00 +(2e-01,1e+00) | 5.34e+01 |  7:1.9e-03  9:1.4e-02
  125 ,   3751 : 2.4939739316064e+00 +(9e-02,6e-01) | 5.46e+01 |  7:1.7e-03  9:1.3e-02
  126 ,   3781 : 2.4815890327909e+00 +(9e-02,1e+00) | 5.55e+01 |  7:1.7e-03  9:1.3e-02
  127 ,   3811 : 2.4973933038416e+00 +(1e-01,7e-01) | 6.22e+01 |  7:1.4e-03  9:1.2e-02
  128 ,   3841 : 2.4851451698688e+00 +(8e-02,3e-01) | 6.12e+01 |  7:1.2e-03  9:1.1e-02
  129 ,   3871 : 2.4855150358059e+00 +(4e-02,9e-01) | 6.19e+01 |  7:1.2e-03  9:1.1e-02
Iterat, #Fevals:   Function Value    (median,worst) |Axis Ratio|idx:Min SD idx:Max SD
  130 ,   3901 : 2.4763572355583e+00 +(5e-02,3e-01) | 6.64e+01 |  7:1.3e-03  9:1.3e-02
  131 ,   3931 : 2.4790303207399e+00 +(8e-02,5e-01) | 7.21e+01 |  7:1.3e-03  9:1.3e-02
  132 ,   3961 : 2.4854722671679e+00 +(5e-02,1e+00) | 7.38e+01 |  7:1.2e-03  9:1.3e-02
  133 ,   3991 : 2.4822619146704e+00 +(5e-02,3e-01) | 7.83e+01 |  7:1.0e-03  9:1.2e-02
  134 ,   4021 : 2.4750801922231e+00 +(6e-02,5e-01) | 7.96e+01 |  7:1.0e-03  9:1.3e-02
  135 ,   4051 : 2.4830209474459e+00 +(3e-02,2e-01) | 8.33e+01 |  7:1.1e-03  9:1.3e-02
  136 ,   4081 : 2.4844353794633e+00 +(5e-02,2e-01) | 8.33e+01 |  7:1.1e-03  9:1.3e-02
  137 ,   4111 : 2.4750949014587e+00 +(5e-02,1e-01) | 8.76e+01 |  7:9.7e-04  9:1.2e-02
  138 ,   4141 : 2.4800771392131e+00 +(4e-02,3e-01) | 8.85e+01 |  7:9.6e-04  9:1.3e-02
  139 ,   4171 : 2.4820882804611e+00 +(5e-02,3e-01) | 8.81e+01 |  7:9.3e-04  9:1.2e-02
Iterat, #Fevals:   Function Value    (median,worst) |Axis Ratio|idx:Min SD idx:Max SD
  140 ,   4201 : 2.4831215210282e+00 +(3e-02,2e-01) | 8.79e+01 |  7:8.5e-04  9:1.2e-02
  141 ,   4231 : 2.4806694323451e+00 +(3e-02,2e-01) | 8.84e+01 |  7:7.8e-04  9:1.1e-02
  142 ,   4261 : 2.4757948346473e+00 +(2e-02,3e-01) | 9.03e+01 |  7:7.4e-04  9:1.1e-02
  143 ,   4291 : 2.4714226375101e+00 +(3e-02,1e-01) | 9.74e+01 |  7:6.8e-04  9:1.1e-02
  144 ,   4321 : 2.4698173784498e+00 +(3e-02,1e-01) | 1.04e+02 |  7:6.3e-04  9:1.1e-02
  145 ,   4351 : 2.4762174844648e+00 +(3e-02,2e-01) | 1.14e+02 |  7:5.8e-04  9:1.1e-02
  146 ,   4381 : 2.4708737431792e+00 +(1e-02,1e-01) | 1.16e+02 |  7:5.9e-04  9:1.1e-02
  147 ,   4411 : 2.4716878777701e+00 +(2e-02,2e-01) | 1.31e+02 |  7:6.4e-04  9:1.4e-02
  148 ,   4441 : 2.4657936509351e+00 +(2e-02,2e-01) | 1.42e+02 |  7:6.4e-04  9:1.5e-02
  149 ,   4471 : 2.4671116253318e+00 +(2e-02,1e-01) | 1.53e+02 |  7:6.1e-04  9:1.6e-02
Iterat, #Fevals:   Function Value    (median,worst) |Axis Ratio|idx:Min SD idx:Max SD
  150 ,   4501 : 2.4686309661557e+00 +(2e-02,1e-01) | 1.54e+02 |  7:5.2e-04  9:1.4e-02
  151 ,   4531 : 2.4685418404103e+00 +(2e-02,7e-02) | 1.81e+02 |  7:5.4e-04  9:1.6e-02
  152 ,   4561 : 2.4560058562858e+00 +(2e-02,9e-02) | 1.99e+02 |  7:5.8e-04  9:1.8e-02
  153 ,   4591 : 2.4573487410078e+00 +(2e-02,5e-02) | 2.24e+02 |  7:6.1e-04  9:2.1e-02
  154 ,   4621 : 2.4639969179483e+00 +(2e-02,1e-01) | 2.30e+02 |  7:6.3e-04  9:2.2e-02
  155 ,   4651 : 2.4606462578646e+00 +(3e-02,7e-02) | 2.52e+02 |  7:6.4e-04  9:2.5e-02
  156 ,   4681 : 2.4605698232462e+00 +(3e-02,1e-01) | 2.57e+02 |  7:5.7e-04  9:2.2e-02
  157 ,   4711 : 2.4613732378158e+00 +(2e-02,6e-02) | 2.97e+02 |  7:6.1e-04  9:2.7e-02
  158 ,   4741 : 2.4667042420126e+00 +(2e-02,1e-01) | 3.00e+02 |  7:6.0e-04  9:2.7e-02
  159 ,   4771 : 2.4576819186055e+00 +(2e-02,1e-01) | 3.20e+02 |  7:6.0e-04  9:3.0e-02
Iterat, #Fevals:   Function Value    (median,worst) |Axis Ratio|idx:Min SD idx:Max SD
  160 ,   4801 : 2.4570533863559e+00 +(2e-02,2e-01) | 3.30e+02 |  7:5.7e-04  9:2.9e-02
  161 ,   4831 : 2.4614895837251e+00 +(1e-02,1e-01) | 3.35e+02 |  7:5.5e-04  9:2.9e-02
  162 ,   4861 : 2.4461614775084e+00 +(2e-02,8e-02) | 3.53e+02 |  7:5.4e-04  9:3.0e-02
  163 ,   4891 : 2.4480533486586e+00 +(2e-02,8e-02) | 3.61e+02 |  7:4.7e-04  9:2.7e-02
  164 ,   4921 : 2.4586621159626e+00 +(2e-02,7e-02) | 3.79e+02 |  7:4.3e-04  9:2.6e-02
  165 ,   4951 : 2.4543158774134e+00 +(1e-02,2e-01) | 4.47e+02 |  7:5.5e-04  9:3.5e-02
  166 ,   4981 : 2.4442163384150e+00 +(3e-02,8e-02) | 4.65e+02 |  7:5.6e-04  9:3.7e-02
  167 ,   5011 : 2.4543354824192e+00 +(1e-02,2e-01) | 4.71e+02 |  7:5.4e-04  9:3.6e-02
  168 ,   5041 : 2.4460982379311e+00 +(2e-02,2e-01) | 4.93e+02 |  7:4.8e-04  9:3.3e-02
  169 ,   5071 : 2.4430948028703e+00 +(2e-02,1e-01) | 4.89e+02 |  7:4.5e-04  9:3.0e-02
Iterat, #Fevals:   Function Value    (median,worst) |Axis Ratio|idx:Min SD idx:Max SD
  170 ,   5101 : 2.4482802541511e+00 +(1e-02,6e-02) | 5.15e+02 |  7:4.5e-04  9:3.1e-02
  171 ,   5131 : 2.4502837319889e+00 +(1e-02,4e-02) | 5.69e+02 |  7:5.0e-04  9:3.6e-02
  172 ,   5161 : 2.4491329773258e+00 +(2e-02,8e-02) | 5.69e+02 |  7:4.8e-04  9:3.5e-02
  173 ,   5191 : 2.4336296031028e+00 +(3e-02,1e-01) | 5.68e+02 |  7:4.1e-04  9:3.0e-02
  174 ,   5221 : 2.4437294037754e+00 +(2e-02,5e-02) | 5.87e+02 |  7:3.6e-04  9:2.6e-02
  175 ,   5251 : 2.4505598755576e+00 +(7e-03,3e-02) | 5.74e+02 |  7:3.4e-04  9:2.5e-02
  176 ,   5281 : 2.4363638270101e+00 +(2e-02,6e-02) | 5.33e+02 |  7:3.9e-04  9:2.8e-02
  177 ,   5311 : 2.4491487356261e+00 +(9e-03,8e-02) | 5.60e+02 |  7:3.8e-04  9:2.9e-02
  178 ,   5341 : 2.4414226511745e+00 +(2e-02,5e-02) | 5.77e+02 |  7:3.3e-04  9:2.5e-02
  179 ,   5371 : 2.4434514943214e+00 +(2e-02,5e-02) | 6.10e+02 |  7:3.0e-04  9:2.3e-02
Iterat, #Fevals:   Function Value    (median,worst) |Axis Ratio|idx:Min SD idx:Max SD
  180 ,   5401 : 2.4456652970253e+00 +(1e-02,5e-02) | 6.02e+02 |  7:2.9e-04  9:2.2e-02
  181 ,   5431 : 2.4387872744781e+00 +(2e-02,3e-02) | 6.13e+02 |  7:2.7e-04  9:2.1e-02
  182 ,   5461 : 2.4443179954270e+00 +(1e-02,2e-02) | 5.94e+02 |  7:2.4e-04  9:1.9e-02
  183 ,   5491 : 2.4438817709491e+00 +(1e-02,2e-02) | 5.69e+02 |  7:2.6e-04  9:2.0e-02
  184 ,   5521 : 2.4437906541411e+00 +(2e-02,3e-02) | 5.80e+02 |  7:2.8e-04  9:2.2e-02
  185 ,   5551 : 2.4374024198727e+00 +(2e-02,4e-02) | 5.16e+02 |  7:2.8e-04  9:2.1e-02
  186 ,   5581 : 2.4467221724701e+00 +(1e-02,3e-02) | 5.33e+02 |  7:2.9e-04  9:2.1e-02
  187 ,   5611 : 2.4423313984908e+00 +(1e-02,4e-02) | 5.37e+02 |  7:2.9e-04  9:2.1e-02
  188 ,   5641 : 2.4457366518134e+00 +(1e-02,3e-02) | 4.97e+02 |  7:2.5e-04  9:1.8e-02
  189 ,   5671 : 2.4450816552000e+00 +(1e-02,2e-02) | 5.10e+02 |  7:2.6e-04  9:1.8e-02
Iterat, #Fevals:   Function Value    (median,worst) |Axis Ratio|idx:Min SD idx:Max SD
  190 ,   5701 : 2.4421045043112e+00 +(1e-02,2e-02) | 5.35e+02 |  7:2.3e-04  9:1.7e-02
  191 ,   5731 : 2.4467473216048e+00 +(1e-02,2e-02) | 5.31e+02 |  7:2.3e-04  9:1.6e-02
  192 ,   5761 : 2.4374345401830e+00 +(2e-02,3e-02) | 5.27e+02 |  7:2.4e-04  9:1.7e-02
  193 ,   5791 : 2.4342006551528e+00 +(2e-02,4e-02) | 5.21e+02 |  7:2.5e-04  9:1.8e-02
  194 ,   5821 : 2.4369281632778e+00 +(2e-02,3e-02) | 5.50e+02 |  7:2.6e-04  9:1.9e-02
  195 ,   5851 : 2.4368583786817e+00 +(2e-02,5e-02) | 5.56e+02 |  7:2.6e-04  9:2.0e-02
  196 ,   5881 : 2.4416097178849e+00 +(2e-02,3e-02) | 5.62e+02 |  7:2.5e-04  9:1.9e-02
  197 ,   5911 : 2.4358836040244e+00 +(2e-02,4e-02) | 5.73e+02 |  7:2.0e-04  9:1.6e-02
  198 ,   5941 : 2.4440389210924e+00 +(1e-02,3e-02) | 5.71e+02 |  7:1.7e-04  9:1.3e-02
  199 ,   5971 : 2.4350383011000e+00 +(2e-02,3e-02) | 5.75e+02 |  7:1.5e-04  9:1.1e-02
Iterat, #Fevals:   Function Value    (median,worst) |Axis Ratio|idx:Min SD idx:Max SD
  200 ,   6001 : 2.4365611146758e+00 +(2e-02,3e-02) | 5.74e+02 |  7:1.3e-04  9:9.7e-03
  201 ,   6031 : 2.4453380751904e+00 +(1e-02,2e-02) | 5.49e+02 |  7:1.3e-04  9:9.6e-03
  202 ,   6061 : 2.4368175799968e+00 +(2e-02,3e-02) | 5.47e+02 |  7:1.2e-04  9:9.1e-03
  203 ,   6091 : 2.4432252606700e+00 +(1e-02,2e-02) | 5.18e+02 |  7:1.2e-04  9:9.7e-03
  204 ,   6121 : 2.4361723113275e+00 +(2e-02,3e-02) | 5.62e+02 |  7:1.2e-04  9:1.0e-02
  205 ,   6151 : 2.4447262043991e+00 +(1e-02,2e-02) | 5.88e+02 |  7:1.1e-04  9:9.7e-03
  206 ,   6181 : 2.4445016471956e+00 +(1e-02,3e-02) | 5.73e+02 |  7:9.4e-05  9:8.0e-03
  207 ,   6211 : 2.4411188749909e+00 +(2e-02,3e-02) | 5.69e+02 |  7:8.6e-05  9:7.4e-03
  208 ,   6241 : 2.4334239707685e+00 +(2e-02,4e-02) | 5.84e+02 |  7:7.6e-05  9:6.3e-03
  209 ,   6271 : 2.4372516814040e+00 +(2e-02,3e-02) | 5.90e+02 |  7:7.0e-05  9:6.1e-03
Iterat, #Fevals:   Function Value    (median,worst) |Axis Ratio|idx:Min SD idx:Max SD
  210 ,   6301 : 2.4400181398456e+00 +(2e-02,3e-02) | 5.85e+02 |  7:6.9e-05  9:5.9e-03
  211 ,   6331 : 2.4327158437771e+00 +(2e-02,4e-02) | 5.60e+02 |  7:7.0e-05  9:5.7e-03
  212 ,   6361 : 2.4331283724005e+00 +(2e-02,4e-02) | 5.63e+02 |  7:7.1e-05  9:5.8e-03
  213 ,   6391 : 2.4440280469465e+00 +(1e-02,3e-02) | 5.37e+02 |  7:7.3e-05  9:6.0e-03
  214 ,   6421 : 2.4383086994826e+00 +(2e-02,3e-02) | 5.36e+02 |  7:7.8e-05  9:6.3e-03
  215 ,   6451 : 2.4320561199031e+00 +(2e-02,4e-02) | 5.21e+02 |  7:7.1e-05  9:5.5e-03
  216 ,   6481 : 2.4376713048176e+00 +(1e-02,3e-02) | 5.40e+02 |  7:8.7e-05  9:7.1e-03
  217 ,   6511 : 2.4405055829543e+00 +(1e-02,3e-02) | 5.28e+02 |  7:9.9e-05  9:8.5e-03
  218 ,   6541 : 2.4444958603282e+00 +(1e-02,2e-02) | 5.21e+02 |  7:9.8e-05  9:8.3e-03
  219 ,   6571 : 2.4452772099355e+00 +(1e-02,3e-02) | 5.28e+02 |  7:1.0e-04  9:8.5e-03
Iterat, #Fevals:   Function Value    (median,worst) |Axis Ratio|idx:Min SD idx:Max SD
  220 ,   6601 : 2.4407523811049e+00 +(2e-02,3e-02) | 5.30e+02 |  7:9.6e-05  9:8.2e-03
  221 ,   6631 : 2.4420749868154e+00 +(1e-02,3e-02) | 5.37e+02 |  7:8.0e-05  9:6.9e-03
  222 ,   6661 : 2.4316365707641e+00 +(2e-02,4e-02) | 5.33e+02 |  7:7.2e-05  9:6.2e-03
  223 ,   6691 : 2.4403527250712e+00 +(1e-02,3e-02) | 5.31e+02 |  7:6.6e-05  9:5.8e-03
  224 ,   6721 : 2.4366454965557e+00 +(2e-02,3e-02) | 5.34e+02 |  7:6.3e-05  9:5.6e-03
  225 ,   6751 : 2.4402282979754e+00 +(1e-02,3e-02) | 5.20e+02 |  7:5.8e-05  9:4.9e-03
  226 ,   6781 : 2.4419492686898e+00 +(1e-02,3e-02) | 5.13e+02 |  7:5.0e-05  9:4.4e-03
  227 ,   6811 : 2.4399322192667e+00 +(1e-02,3e-02) | 5.11e+02 |  7:5.3e-05  9:4.4e-03
  228 ,   6841 : 2.4335225197850e+00 +(2e-02,3e-02) | 5.05e+02 |  7:4.5e-05  9:3.7e-03
  229 ,   6871 : 2.4388115078066e+00 +(1e-02,3e-02) | 4.92e+02 |  7:4.5e-05  9:3.6e-03
Iterat, #Fevals:   Function Value    (median,worst) |Axis Ratio|idx:Min SD idx:Max SD
  230 ,   6901 : 2.4421204760511e+00 +(1e-02,3e-02) | 4.92e+02 |  7:4.8e-05  9:3.6e-03
  231 ,   6931 : 2.4392304125407e+00 +(2e-02,3e-02) | 4.79e+02 |  7:5.0e-05  9:3.5e-03
  232 ,   6961 : 2.4370601163456e+00 +(2e-02,3e-02) | 4.61e+02 |  7:4.7e-05  9:3.3e-03
  233 ,   6991 : 2.4420037714311e+00 +(1e-02,3e-02) | 4.59e+02 |  7:4.2e-05  9:3.0e-03
  234 ,   7021 : 2.4380211594544e+00 +(1e-02,3e-02) | 4.51e+02 |  7:3.7e-05  9:2.5e-03
  235 ,   7051 : 2.4393597830212e+00 +(1e-02,3e-02) | 4.29e+02 |  7:3.6e-05  9:2.4e-03
  236 ,   7081 : 2.4411888228590e+00 +(1e-02,2e-02) | 4.32e+02 |  7:3.6e-05  9:2.3e-03
  237 ,   7111 : 2.4390040294368e+00 +(2e-02,3e-02) | 4.10e+02 |  7:3.8e-05  9:2.5e-03
  238 ,   7141 : 2.4348078732146e+00 +(2e-02,3e-02) | 3.98e+02 |  7:3.9e-05  9:2.5e-03
  239 ,   7171 : 2.4373641178072e+00 +(2e-02,3e-02) | 3.94e+02 |  7:4.5e-05  9:2.8e-03
Iterat, #Fevals:   Function Value    (median,worst) |Axis Ratio|idx:Min SD idx:Max SD
  240 ,   7201 : 2.4392000358883e+00 +(1e-02,3e-02) | 3.98e+02 |  7:4.9e-05  9:3.1e-03
  241 ,   7231 : 2.4350658097254e+00 +(2e-02,3e-02) | 4.00e+02 |  7:4.5e-05  9:2.8e-03
  242 ,   7261 : 2.4380316774171e+00 +(2e-02,3e-02) | 3.74e+02 |  7:4.3e-05  9:2.5e-03
  243 ,   7291 : 2.4430929788748e+00 +(9e-03,3e-02) | 3.90e+02 |  7:4.0e-05  9:2.4e-03
  244 ,   7321 : 2.4385395943233e+00 +(1e-02,3e-02) | 3.99e+02 |  7:4.2e-05  9:2.4e-03
  245 ,   7351 : 2.4422595232328e+00 +(1e-02,2e-02) | 3.90e+02 |  7:4.0e-05  9:2.4e-03
  246 ,   7381 : 2.4372992674679e+00 +(2e-02,3e-02) | 3.89e+02 |  7:4.2e-05  9:2.5e-03
  247 ,   7411 : 2.4358749279957e+00 +(2e-02,3e-02) | 3.97e+02 |  7:4.6e-05  9:2.8e-03
  248 ,   7441 : 2.4375930391728e+00 +(2e-02,3e-02) | 4.11e+02 |  7:4.2e-05  9:2.6e-03
  249 ,   7471 : 2.4357639297596e+00 +(2e-02,4e-02) | 4.21e+02 |  7:4.7e-05  9:2.7e-03
Iterat, #Fevals:   Function Value    (median,worst) |Axis Ratio|idx:Min SD idx:Max SD
  250 ,   7501 : 2.4376784240438e+00 +(1e-02,3e-02) | 4.12e+02 |  7:5.1e-05  9:3.0e-03
  251 ,   7531 : 2.4325332394627e+00 +(2e-02,4e-02) | 4.30e+02 |  7:5.5e-05  9:3.1e-03
  252 ,   7561 : 2.4316667341870e+00 +(2e-02,4e-02) | 4.26e+02 |  7:5.8e-05  9:3.2e-03
  253 ,   7591 : 2.4372504811264e+00 +(2e-02,4e-02) | 4.01e+02 |  7:5.3e-05  9:3.0e-03
  254 ,   7621 : 2.4350782207818e+00 +(2e-02,4e-02) | 3.69e+02 |  7:5.0e-05  9:2.8e-03
  255 ,   7651 : 2.4366551618321e+00 +(2e-02,3e-02) | 3.71e+02 |  7:4.9e-05  9:2.7e-03
  256 ,   7681 : 2.4363864313096e+00 +(1e-02,3e-02) | 3.80e+02 |  7:4.1e-05  9:2.3e-03
  257 ,   7711 : 2.4300120661708e+00 +(2e-02,4e-02) | 3.82e+02 |  7:4.2e-05  9:2.3e-03
  258 ,   7741 : 2.4392931777029e+00 +(1e-02,3e-02) | 3.83e+02 |  7:4.3e-05  9:2.3e-03
  259 ,   7771 : 2.4381756547953e+00 +(1e-02,3e-02) | 4.01e+02 |  7:4.2e-05  9:2.4e-03
Iterat, #Fevals:   Function Value    (median,worst) |Axis Ratio|idx:Min SD idx:Max SD
  260 ,   7801 : 2.4325969020268e+00 +(2e-02,3e-02) | 4.07e+02 |  7:3.6e-05  9:2.1e-03
  261 ,   7831 : 2.4305899550735e+00 +(2e-02,4e-02) | 4.08e+02 |  7:3.2e-05  9:1.8e-03
  262 ,   7861 : 2.4362286148544e+00 +(2e-02,3e-02) | 4.01e+02 |  7:2.9e-05  9:1.7e-03
  263 ,   7891 : 2.4301038070885e+00 +(2e-02,4e-02) | 3.83e+02 |  7:2.7e-05  9:1.5e-03
  264 ,   7921 : 2.4393472676882e+00 +(1e-02,3e-02) | 3.94e+02 |  7:2.7e-05  9:1.5e-03
  265 ,   7951 : 2.4427327044425e+00 +(1e-02,2e-02) | 3.93e+02 |  7:2.7e-05  9:1.6e-03
  266 ,   7981 : 2.4404835116699e+00 +(1e-02,3e-02) | 4.09e+02 |  7:3.0e-05  9:1.7e-03
  267 ,   8011 : 2.4349299703628e+00 +(2e-02,4e-02) | 4.03e+02 |  7:2.7e-05  9:1.6e-03
  268 ,   8041 : 2.4420272593627e+00 +(1e-02,3e-02) | 3.76e+02 |  7:2.7e-05  9:1.6e-03
  269 ,   8071 : 2.4326067026056e+00 +(2e-02,3e-02) | 4.18e+02 |  7:2.7e-05  9:1.6e-03
Iterat, #Fevals:   Function Value    (median,worst) |Axis Ratio|idx:Min SD idx:Max SD
  270 ,   8101 : 2.4405488585852e+00 +(1e-02,3e-02) | 4.05e+02 |  7:2.5e-05  9:1.5e-03
  271 ,   8131 : 2.4366764952534e+00 +(1e-02,3e-02) | 4.18e+02 |  7:2.0e-05  9:1.2e-03
  272 ,   8161 : 2.4410155466137e+00 +(9e-03,3e-02) | 4.67e+02 |  7:2.2e-05  9:1.3e-03
  273 ,   8191 : 2.4330625241383e+00 +(2e-02,3e-02) | 4.82e+02 |  7:2.4e-05  9:1.3e-03
  274 ,   8221 : 2.4339124854647e+00 +(2e-02,4e-02) | 4.74e+02 |  7:2.3e-05  9:1.3e-03
  275 ,   8251 : 2.4380217580422e+00 +(2e-02,3e-02) | 4.96e+02 |  7:2.6e-05  9:1.4e-03
  276 ,   8281 : 2.4402083753091e+00 +(1e-02,3e-02) | 5.11e+02 |  7:2.5e-05  9:1.4e-03
  277 ,   8311 : 2.4371245254251e+00 +(2e-02,3e-02) | 5.09e+02 |  7:2.4e-05  9:1.3e-03
  278 ,   8341 : 2.4342246267426e+00 +(2e-02,4e-02) | 5.06e+02 |  7:2.2e-05  9:1.3e-03
  279 ,   8371 : 2.4280300498566e+00 +(2e-02,4e-02) | 5.23e+02 |  7:2.2e-05  9:1.3e-03
Iterat, #Fevals:   Function Value    (median,worst) |Axis Ratio|idx:Min SD idx:Max SD
  280 ,   8401 : 2.4365763543954e+00 +(2e-02,4e-02) | 5.28e+02 |  7:1.8e-05  9:1.1e-03
  281 ,   8431 : 2.4366023069156e+00 +(2e-02,3e-02) | 5.29e+02 |  7:1.7e-05  9:1.0e-03
  282 ,   8461 : 2.4356870842843e+00 +(2e-02,3e-02) | 5.14e+02 |  7:1.5e-05  9:9.0e-04
  283 ,   8491 : 2.4345000825671e+00 +(2e-02,3e-02) | 5.30e+02 |  7:1.7e-05  9:1.0e-03
  284 ,   8521 : 2.4318890709656e+00 +(2e-02,3e-02) | 5.23e+02 |  7:1.6e-05  9:9.4e-04
  285 ,   8551 : 2.4354713395141e+00 +(2e-02,4e-02) | 5.29e+02 |  7:1.5e-05  9:8.8e-04
  286 ,   8581 : 2.4364530539038e+00 +(1e-02,3e-02) | 4.87e+02 |  7:1.5e-05  9:8.7e-04
  287 ,   8611 : 2.4355976384258e+00 +(1e-02,3e-02) | 4.63e+02 |  7:1.4e-05  9:8.5e-04
  288 ,   8641 : 2.4376283189028e+00 +(1e-02,3e-02) | 4.63e+02 |  7:1.3e-05  9:7.8e-04
  289 ,   8671 : 2.4357263758405e+00 +(2e-02,3e-02) | 4.57e+02 |  7:1.2e-05  9:7.3e-04
Iterat, #Fevals:   Function Value    (median,worst) |Axis Ratio|idx:Min SD idx:Max SD
  290 ,   8701 : 2.4365096255402e+00 +(2e-02,3e-02) | 4.56e+02 |  7:1.2e-05  9:7.2e-04
  291 ,   8731 : 2.4391885111817e+00 +(1e-02,3e-02) | 4.54e+02 |  7:1.2e-05  9:7.4e-04
  292 ,   8761 : 2.4367825469698e+00 +(2e-02,3e-02) | 4.59e+02 |  7:1.2e-05  9:7.5e-04
  293 ,   8791 : 2.4360140709350e+00 +(2e-02,3e-02) | 4.66e+02 |  7:1.4e-05  9:8.3e-04
  294 ,   8821 : 2.4382168894974e+00 +(2e-02,3e-02) | 4.82e+02 |  7:1.4e-05  9:8.5e-04
  295 ,   8851 : 2.4356357175047e+00 +(2e-02,4e-02) | 4.75e+02 |  7:1.2e-05  9:7.6e-04
  296 ,   8881 : 2.4384219643144e+00 +(2e-02,3e-02) | 5.08e+02 |  7:1.2e-05  9:7.8e-04
  297 ,   8911 : 2.4288819887549e+00 +(2e-02,4e-02) | 5.19e+02 |  7:1.2e-05  9:7.6e-04
  298 ,   8941 : 2.4403911691221e+00 +(1e-02,2e-02) | 5.46e+02 |  7:1.1e-05  9:6.9e-04
  299 ,   8971 : 2.4328084319339e+00 +(2e-02,4e-02) | 5.49e+02 |  7:1.0e-05  9:6.6e-04
Iterat, #Fevals:   Function Value    (median,worst) |Axis Ratio|idx:Min SD idx:Max SD
  300 ,   9001 : 2.4366825792356e+00 +(2e-02,3e-02) | 5.39e+02 |  7:9.0e-06  9:5.8e-04
  301 ,   9031 : 2.4383136994852e+00 +(1e-02,3e-02) | 5.27e+02 |  7:8.4e-06  9:5.4e-04
  302 ,   9061 : 2.4383521720595e+00 +(1e-02,3e-02) | 5.55e+02 |  7:7.4e-06  9:4.8e-04
  303 ,   9091 : 2.4370384836088e+00 +(1e-02,2e-02) | 5.60e+02 |  7:7.7e-06  9:5.0e-04
  304 ,   9121 : 2.4357241743154e+00 +(2e-02,3e-02) | 5.43e+02 |  7:7.6e-06  9:4.7e-04
  305 ,   9151 : 2.4337147922801e+00 +(2e-02,3e-02) | 5.15e+02 |  7:7.7e-06  9:4.7e-04
  306 ,   9181 : 2.4377300482475e+00 +(1e-02,3e-02) | 5.20e+02 |  7:7.3e-06  9:4.3e-04
  307 ,   9211 : 2.4375842273194e+00 +(2e-02,3e-02) | 4.93e+02 |  7:6.8e-06  9:3.8e-04
  308 ,   9241 : 2.4368398153571e+00 +(2e-02,3e-02) | 4.54e+02 |  7:7.5e-06  9:4.4e-04
  309 ,   9271 : 2.4384087708704e+00 +(1e-02,3e-02) | 4.50e+02 |  7:7.1e-06  9:4.1e-04
Iterat, #Fevals:   Function Value    (median,worst) |Axis Ratio|idx:Min SD idx:Max SD
  310 ,   9301 : 2.4392798022644e+00 +(8e-03,2e-02) | 4.46e+02 |  7:6.9e-06  9:4.0e-04
  311 ,   9331 : 2.4293884987432e+00 +(2e-02,4e-02) | 4.48e+02 |  7:7.5e-06  9:4.5e-04
  312 ,   9361 : 2.4325815166716e+00 +(2e-02,4e-02) | 4.55e+02 |  7:7.8e-06  9:4.7e-04
  313 ,   9391 : 2.4382050054015e+00 +(1e-02,3e-02) | 4.52e+02 |  7:7.5e-06  9:4.6e-04
  314 ,   9421 : 2.4401406178078e+00 +(1e-02,3e-02) | 4.65e+02 |  7:7.2e-06  9:4.4e-04
  315 ,   9451 : 2.4408785485908e+00 +(1e-02,3e-02) | 4.83e+02 |  7:7.2e-06  9:4.6e-04
  316 ,   9481 : 2.4339001473343e+00 +(2e-02,4e-02) | 5.00e+02 |  7:6.2e-06  9:4.1e-04
  317 ,   9511 : 2.4341752275271e+00 +(2e-02,4e-02) | 4.73e+02 |  7:6.0e-06  9:3.9e-04
  318 ,   9541 : 2.4314750809216e+00 +(2e-02,4e-02) | 4.76e+02 |  7:7.5e-06  9:4.8e-04
  319 ,   9571 : 2.4376178669849e+00 +(1e-02,3e-02) | 4.90e+02 |  7:1.0e-05  9:6.8e-04
Iterat, #Fevals:   Function Value    (median,worst) |Axis Ratio|idx:Min SD idx:Max SD
  320 ,   9601 : 2.4387868607308e+00 +(1e-02,3e-02) | 5.15e+02 |  7:9.7e-06  9:6.4e-04
  321 ,   9631 : 2.4321251454621e+00 +(2e-02,4e-02) | 4.90e+02 |  7:9.5e-06  9:6.2e-04
  322 ,   9661 : 2.4380147520375e+00 +(2e-02,3e-02) | 4.72e+02 |  7:1.0e-05  9:6.6e-04
  323 ,   9691 : 2.4348848615862e+00 +(1e-02,3e-02) | 4.30e+02 |  7:1.1e-05  9:6.6e-04
  324 ,   9721 : 2.4372037760458e+00 +(2e-02,3e-02) | 4.28e+02 |  7:1.0e-05  9:6.5e-04
  325 ,   9751 : 2.4442704824892e+00 +(8e-03,2e-02) | 4.39e+02 |  7:1.1e-05  9:6.6e-04
  326 ,   9781 : 2.4351317545971e+00 +(2e-02,3e-02) | 4.48e+02 |  7:1.0e-05  9:6.3e-04
  327 ,   9811 : 2.4386800286772e+00 +(2e-02,4e-02) | 4.54e+02 |  7:1.2e-05  9:7.5e-04
  328 ,   9841 : 2.4375258730896e+00 +(1e-02,3e-02) | 4.53e+02 |  7:1.3e-05  9:8.3e-04
  329 ,   9871 : 2.4348215776502e+00 +(2e-02,3e-02) | 4.72e+02 |  7:1.4e-05  9:9.1e-04
Iterat, #Fevals:   Function Value    (median,worst) |Axis Ratio|idx:Min SD idx:Max SD
  330 ,   9901 : 2.4383177954615e+00 +(1e-02,3e-02) | 4.72e+02 |  7:1.5e-05  9:9.1e-04
  331 ,   9931 : 2.4406452799623e+00 +(1e-02,3e-02) | 4.67e+02 |  7:1.3e-05  9:8.2e-04
  332 ,   9961 : 2.4342341279513e+00 +(2e-02,3e-02) | 4.68e+02 |  7:1.3e-05  9:7.7e-04
  333 ,   9991 : 2.4414908894587e+00 +(1e-02,3e-02) | 4.58e+02 |  7:1.3e-05  9:7.8e-04
  334 ,  10021 : 2.4377204144478e+00 +(2e-02,3e-02) | 4.39e+02 |  7:1.1e-05  9:6.8e-04
  335 ,  10051 : 2.4285003110284e+00 +(2e-02,4e-02) | 4.22e+02 |  7:1.2e-05  9:7.2e-04
  336 ,  10081 : 2.4352217106219e+00 +(2e-02,3e-02) | 4.28e+02 |  7:1.2e-05  9:7.4e-04
  337 ,  10111 : 2.4326714414199e+00 +(2e-02,4e-02) | 4.25e+02 |  7:1.0e-05  9:6.2e-04
  338 ,  10141 : 2.4386025855007e+00 +(1e-02,3e-02) | 4.16e+02 |  7:9.3e-06  9:5.6e-04
  339 ,  10171 : 2.4359982192859e+00 +(1e-02,3e-02) | 4.07e+02 |  7:9.4e-06  9:5.6e-04
Iterat, #Fevals:   Function Value    (median,worst) |Axis Ratio|idx:Min SD idx:Max SD
  340 ,  10201 : 2.4295341173070e+00 +(2e-02,4e-02) | 3.97e+02 |  7:1.0e-05  9:5.9e-04
  341 ,  10231 : 2.4420050134751e+00 +(1e-02,2e-02) | 4.00e+02 |  7:1.1e-05  9:6.2e-04
  342 ,  10261 : 2.4343783878376e+00 +(2e-02,3e-02) | 3.97e+02 |  7:1.0e-05  9:6.0e-04
  343 ,  10291 : 2.4357439774366e+00 +(1e-02,3e-02) | 3.94e+02 |  7:1.2e-05  9:6.6e-04
  344 ,  10321 : 2.4340776302457e+00 +(2e-02,3e-02) | 3.75e+02 |  7:1.1e-05  9:6.5e-04
  345 ,  10351 : 2.4337403509714e+00 +(1e-02,2e-02) | 3.51e+02 |  7:1.2e-05  9:6.9e-04
  346 ,  10381 : 2.4359928066627e+00 +(2e-02,3e-02) | 3.33e+02 |  7:1.2e-05  9:6.1e-04
  347 ,  10411 : 2.4353188898779e+00 +(2e-02,3e-02) | 3.38e+02 |  7:9.6e-06  9:5.2e-04
  348 ,  10441 : 2.4333776471366e+00 +(2e-02,4e-02) | 3.43e+02 |  7:1.1e-05  9:5.3e-04
  349 ,  10471 : 2.4423067838300e+00 +(1e-02,2e-02) | 3.47e+02 |  7:9.4e-06  9:4.6e-04
Iterat, #Fevals:   Function Value    (median,worst) |Axis Ratio|idx:Min SD idx:Max SD
  350 ,  10501 : 2.4351358316076e+00 +(1e-02,3e-02) | 3.51e+02 |  7:8.4e-06  9:4.3e-04
  351 ,  10531 : 2.4324144658054e+00 +(2e-02,4e-02) | 3.45e+02 |  7:8.6e-06  9:4.3e-04
  352 ,  10561 : 2.4354663548418e+00 +(2e-02,3e-02) | 3.28e+02 |  7:7.3e-06  9:3.6e-04
  353 ,  10591 : 2.4350647358008e+00 +(2e-02,3e-02) | 3.56e+02 |  7:7.5e-06  9:3.8e-04
  354 ,  10621 : 2.4373195823252e+00 +(1e-02,3e-02) | 3.76e+02 |  7:7.0e-06  9:3.7e-04
  355 ,  10651 : 2.4370446043082e+00 +(1e-02,3e-02) | 3.78e+02 |  7:6.3e-06  9:3.2e-04
  356 ,  10681 : 2.4307707549118e+00 +(2e-02,4e-02) | 3.90e+02 |  7:5.7e-06  9:2.9e-04
  357 ,  10711 : 2.4417705179075e+00 +(2e-02,3e-02) | 4.04e+02 |  7:6.0e-06  9:3.1e-04
  358 ,  10741 : 2.4359850400702e+00 +(2e-02,3e-02) | 4.01e+02 |  7:5.7e-06  9:3.0e-04
  359 ,  10771 : 2.4360609823352e+00 +(2e-02,3e-02) | 3.99e+02 |  7:6.2e-06  9:3.2e-04
Iterat, #Fevals:   Function Value    (median,worst) |Axis Ratio|idx:Min SD idx:Max SD
  360 ,  10801 : 2.4295293399948e+00 +(2e-02,4e-02) | 4.13e+02 |  7:5.8e-06  9:3.1e-04
  361 ,  10831 : 2.4406492438260e+00 +(1e-02,3e-02) | 4.20e+02 |  7:5.0e-06  9:2.7e-04
