
                            < M A T L A B (R) >
                  Copyright 1984-2015 The MathWorks, Inc.
                   R2015a (8.5.0.197613) 64-bit (glnxa64)
                             February 12, 2015

 
For online documentation, see http://www.mathworks.com/support
For product information, visit www.mathworks.com.
 

	Academic License


seed =

                 149.40383


InitialthetaLB =

                       0.1
                         1
                         1
                       0.1
                         1
                       0.1
                     0.001
                    0.0001
                       300


InitialthetaUB =

      100000
    10000000
   100000000
       10000
       10000
        1000
           5
         100
        2000


Initialtheta =

          88130.7669669111
          9797036.05347556
          86458248.5833421
          8380.73807113308
          9097.99378732455
          860.995887850121
          2.35429114975932
          44.1234998543196
          1320.26476420174

  n=9: (15,30)-CMA-ES(w=[21 15 12... 0.77 0.25]%, ]%, mu_eff=8.6) on function Error
Iterat, #Fevals:   Function Value    (median,worst) |Axis Ratio|idx:Min SD idx:Max SD
    1 ,     31 : 3.7275611313837e+01 +(8e+02,2e+11) | 2.24e+00 |  2:3.1e-01  8:6.8e-01
    2 ,     61 : 3.2476884538873e+01 +(2e+01,9e+03) | 2.31e+00 |  2:2.8e-01  8:6.2e-01
    3 ,     91 : 3.1954001404315e+01 +(5e+01,4e+09) | 2.30e+00 |  2:2.7e-01  8:6.1e-01
    4 ,    121 : 3.2426457139834e+01 +(3e+01,2e+05) | 2.28e+00 |  2:2.8e-01  8:6.1e-01
    5 ,    151 : 3.2329621732976e+01 +(3e+01,1e+04) | 2.31e+00 |  2:3.3e-01  8:6.8e-01
    6 ,    181 : 3.1590613385922e+01 +(5e+01,1e+03) | 2.32e+00 |  5:2.8e-01  8:6.0e-01
    7 ,    211 : 3.2082629443920e+01 +(5e+01,2e+05) | 2.46e+00 |  5:2.6e-01  8:5.8e-01
    8 ,    241 : 3.0810625951342e+01 +(3e+01,9e+09) | 2.61e+00 |  5:2.3e-01  8:5.6e-01
    9 ,    271 : 3.1667679605903e+01 +(3e+01,2e+03) | 2.76e+00 |  5:2.4e-01  8:6.0e-01
Iterat, #Fevals:   Function Value    (median,worst) |Axis Ratio|idx:Min SD idx:Max SD
   10 ,    301 : 3.2147314682671e+01 +(2e+01,2e+04) | 2.76e+00 |  5:2.4e-01  8:6.0e-01
   11 ,    331 : 3.2426855212859e+01 +(3e+01,2e+05) | 2.80e+00 |  5:2.4e-01  8:5.9e-01
   12 ,    361 : 3.2439591183455e+01 +(4e+01,2e+05) | 2.85e+00 |  5:1.9e-01  8:5.0e-01
   13 ,    391 : 3.1373315520666e+01 +(2e+01,1e+02) | 2.88e+00 |  5:1.6e-01  8:4.3e-01
   14 ,    421 : 3.1915105849061e+01 +(2e+01,4e+02) | 2.92e+00 |  5:1.4e-01  8:3.7e-01
   15 ,    451 : 3.2093740320605e+01 +(1e+01,3e+03) | 2.92e+00 |  5:1.5e-01  8:3.9e-01
   16 ,    481 : 3.1623011173479e+01 +(1e+01,6e+02) | 2.98e+00 |  5:1.2e-01  8:3.2e-01
   17 ,    511 : 3.1943650378520e+01 +(1e+01,4e+02) | 3.22e+00 |  5:1.2e-01  8:3.2e-01
   18 ,    541 : 3.1797082828816e+01 +(5e+00,3e+02) | 3.25e+00 |  5:1.1e-01  8:3.0e-01
   19 ,    571 : 3.1859350864975e+01 +(6e+00,1e+02) | 3.50e+00 |  5:9.7e-02  8:2.7e-01
Iterat, #Fevals:   Function Value    (median,worst) |Axis Ratio|idx:Min SD idx:Max SD
   20 ,    601 : 3.1679626083919e+01 +(7e+00,9e+01) | 3.77e+00 |  5:9.3e-02  8:2.6e-01
   21 ,    631 : 3.1911603659998e+01 +(2e+00,3e+01) | 3.94e+00 |  5:8.3e-02  8:2.3e-01
   22 ,    661 : 3.1897818298764e+01 +(3e+00,4e+01) | 4.10e+00 |  5:7.7e-02  8:2.1e-01
   23 ,    691 : 3.1770045979326e+01 +(2e+00,5e+01) | 4.33e+00 |  5:7.8e-02  8:2.1e-01
   24 ,    721 : 3.1789053140756e+01 +(1e+00,2e+01) | 4.58e+00 |  5:7.9e-02  8:2.3e-01
   25 ,    751 : 3.1564648380312e+01 +(2e+00,3e+01) | 5.15e+00 |  5:1.0e-01  8:2.8e-01
   26 ,    781 : 3.1354536925511e+01 +(3e+00,3e+01) | 5.33e+00 |  5:1.1e-01  8:3.3e-01
   27 ,    811 : 3.1301870337811e+01 +(3e+00,3e+01) | 5.66e+00 |  5:1.1e-01  8:3.3e-01
   28 ,    841 : 3.1521024039266e+01 +(4e+00,4e+01) | 5.78e+00 |  5:1.1e-01  8:3.2e-01
   29 ,    871 : 3.1584278931983e+01 +(2e+00,4e+01) | 5.96e+00 |  5:1.0e-01  8:2.9e-01
Iterat, #Fevals:   Function Value    (median,worst) |Axis Ratio|idx:Min SD idx:Max SD
   30 ,    901 : 3.1316356070424e+01 +(2e+00,3e+01) | 6.13e+00 |  5:8.9e-02  8:2.5e-01
   31 ,    931 : 3.0677542240029e+01 +(2e+00,2e+01) | 6.34e+00 |  5:9.3e-02  8:2.7e-01
   32 ,    961 : 3.0918147921984e+01 +(4e+00,2e+01) | 6.65e+00 |  5:8.8e-02  8:2.6e-01
   33 ,    991 : 3.0962793635712e+01 +(2e+00,2e+01) | 7.16e+00 |  5:7.9e-02  8:2.4e-01
   34 ,   1021 : 3.0536545701520e+01 +(2e+00,3e+01) | 7.98e+00 |  5:8.0e-02  8:2.5e-01
   35 ,   1051 : 3.0037892425947e+01 +(4e+00,1e+02) | 8.19e+00 |  5:7.9e-02  8:2.3e-01
   36 ,   1081 : 3.0831856111740e+01 +(3e+00,7e+01) | 8.23e+00 |  5:6.8e-02  8:2.1e-01
   37 ,   1111 : 3.0817408774074e+01 +(2e+00,1e+01) | 8.50e+00 |  5:6.0e-02  8:1.8e-01
   38 ,   1141 : 3.0323174723079e+01 +(1e+00,1e+01) | 8.84e+00 |  5:5.6e-02  8:1.8e-01
   39 ,   1171 : 2.8473832177553e+01 +(3e+00,2e+01) | 9.09e+00 |  5:5.4e-02  8:1.8e-01
Iterat, #Fevals:   Function Value    (median,worst) |Axis Ratio|idx:Min SD idx:Max SD
   40 ,   1201 : 2.9866876820617e+01 +(2e+00,2e+01) | 9.22e+00 |  5:5.6e-02  8:1.9e-01
   41 ,   1231 : 3.0090685321783e+01 +(2e+00,1e+01) | 9.41e+00 |  5:5.3e-02  8:1.8e-01
   42 ,   1261 : 2.9416477704107e+01 +(2e+00,2e+01) | 9.95e+00 |  5:5.5e-02  8:1.8e-01
   43 ,   1291 : 2.9316168607700e+01 +(2e+00,4e+01) | 1.01e+01 |  5:5.5e-02  8:1.8e-01
   44 ,   1321 : 2.8548769206821e+01 +(4e+00,2e+01) | 1.02e+01 |  5:5.5e-02  8:1.7e-01
   45 ,   1351 : 2.9474802312551e+01 +(2e+00,2e+01) | 1.03e+01 |  5:5.6e-02  8:1.7e-01
   46 ,   1381 : 2.8600437496543e+01 +(3e+00,6e+01) | 1.01e+01 |  5:4.9e-02  8:1.5e-01
   47 ,   1411 : 2.9204895532354e+01 +(2e+00,6e+01) | 1.00e+01 |  5:5.1e-02  8:1.5e-01
   48 ,   1441 : 2.9013918720104e+01 +(2e+00,6e+01) | 1.03e+01 |  5:5.7e-02  8:1.7e-01
   49 ,   1471 : 2.8775519865648e+01 +(3e+00,6e+01) | 1.04e+01 |  5:4.9e-02  8:1.5e-01
Iterat, #Fevals:   Function Value    (median,worst) |Axis Ratio|idx:Min SD idx:Max SD
   50 ,   1501 : 2.9120599220000e+01 +(2e+00,6e+01) | 1.03e+01 |  5:4.8e-02  8:1.4e-01
   51 ,   1531 : 2.7722806118512e+01 +(4e+00,6e+01) | 1.11e+01 |  5:4.6e-02  8:1.4e-01
   52 ,   1561 : 2.7511837813696e+01 +(6e+00,6e+01) | 1.11e+01 |  5:4.1e-02  8:1.3e-01
   53 ,   1591 : 2.7722359884046e+01 +(3e+00,6e+01) | 1.15e+01 |  5:3.8e-02  8:1.2e-01
   54 ,   1621 : 2.4605866809085e+01 +(6e+00,6e+01) | 1.21e+01 |  5:4.4e-02  8:1.5e-01
   55 ,   1651 : 2.4415922109730e+01 +(7e+00,6e+02) | 1.22e+01 |  5:4.3e-02  8:1.4e-01
   56 ,   1681 : 2.4210212847355e+01 +(9e+00,6e+01) | 1.22e+01 |  2:4.4e-02  8:1.3e-01
   57 ,   1711 : 1.8069998038924e+01 +(1e+01,3e+01) | 1.24e+01 |  2:4.3e-02  8:1.3e-01
   58 ,   1741 : 2.6705681440268e+01 +(4e+00,6e+01) | 1.26e+01 |  2:4.1e-02  8:1.3e-01
   59 ,   1771 : 2.3703192645400e+01 +(6e+00,1e+02) | 1.34e+01 |  2:3.9e-02  8:1.3e-01
Iterat, #Fevals:   Function Value    (median,worst) |Axis Ratio|idx:Min SD idx:Max SD
   60 ,   1801 : 2.0799390000964e+01 +(9e+00,8e+01) | 1.38e+01 |  2:3.9e-02  8:1.3e-01
   61 ,   1831 : 1.7593722221344e+01 +(1e+01,7e+01) | 1.43e+01 |  2:3.4e-02  8:1.2e-01
   62 ,   1861 : 2.0850552851678e+01 +(8e+00,7e+01) | 1.49e+01 |  2:3.2e-02  8:1.2e-01
   63 ,   1891 : 1.8908834344363e+01 +(1e+01,7e+01) | 1.46e+01 |  2:3.7e-02  8:1.4e-01
   64 ,   1921 : 1.2621992183115e+01 +(1e+01,4e+04) | 1.45e+01 |  2:3.9e-02  8:1.6e-01
   65 ,   1951 : 1.9280699191845e+01 +(2e+01,3e+05) | 1.53e+01 |  2:3.0e-02  8:1.2e-01
   66 ,   1981 : 2.0051872323603e+01 +(1e+01,4e+02) | 1.53e+01 |  2:2.9e-02  8:1.2e-01
   67 ,   2011 : 9.2116813265529e+00 +(2e+01,1e+02) | 1.65e+01 |  2:2.6e-02  8:1.2e-01
   68 ,   2041 : 1.2821272536747e+01 +(1e+01,7e+01) | 1.64e+01 |  2:2.4e-02  8:1.1e-01
   69 ,   2071 : 6.3397573281195e+00 +(2e+01,8e+01) | 1.62e+01 |  2:2.5e-02  8:1.2e-01
Iterat, #Fevals:   Function Value    (median,worst) |Axis Ratio|idx:Min SD idx:Max SD
   70 ,   2101 : 8.5088643475381e+00 +(2e+01,1e+03) | 1.59e+01 |  2:2.3e-02  8:1.1e-01
   71 ,   2131 : 8.5895454919237e+00 +(2e+01,7e+02) | 1.65e+01 |  2:2.2e-02  8:1.1e-01
   72 ,   2161 : 8.8089212394870e+00 +(2e+01,1e+02) | 1.74e+01 |  2:1.8e-02  8:1.0e-01
   73 ,   2191 : 3.5030040761900e+00 +(2e+01,8e+01) | 1.73e+01 |  2:1.6e-02  8:8.9e-02
   74 ,   2221 : 1.1741595130395e+01 +(1e+01,7e+01) | 1.88e+01 |  2:1.5e-02  8:8.7e-02
   75 ,   2251 : 8.7797422329225e+00 +(2e+01,8e+01) | 1.93e+01 |  2:1.4e-02  8:8.9e-02
   76 ,   2281 : 1.2719888160786e+01 +(1e+01,5e+02) | 1.98e+01 |  2:1.3e-02  8:8.5e-02
   77 ,   2311 : 5.3117044201039e+00 +(2e+01,8e+01) | 2.06e+01 |  2:1.2e-02  8:7.8e-02
   78 ,   2341 : 6.1839097147928e+00 +(1e+01,2e+02) | 2.19e+01 |  2:1.1e-02  8:8.2e-02
   79 ,   2371 : 3.4430404383868e+00 +(2e+01,8e+01) | 2.31e+01 |  2:9.9e-03  8:7.5e-02
Iterat, #Fevals:   Function Value    (median,worst) |Axis Ratio|idx:Min SD idx:Max SD
   80 ,   2401 : 7.5667784468374e+00 +(1e+01,8e+01) | 2.43e+01 |  2:7.9e-03  8:6.2e-02
   81 ,   2431 : 7.8605790376330e+00 +(1e+01,8e+01) | 2.45e+01 |  2:7.4e-03  8:6.0e-02
   82 ,   2461 : 8.9520024944286e+00 +(1e+01,8e+01) | 2.60e+01 |  2:6.3e-03  8:5.3e-02
   83 ,   2491 : 8.3152850038923e+00 +(7e+00,3e+01) | 2.75e+01 |  2:6.5e-03  8:5.6e-02
   84 ,   2521 : 8.5414136165043e+00 +(7e+00,8e+01) | 3.10e+01 |  2:5.7e-03  8:5.6e-02
   85 ,   2551 : 3.3512732271076e+00 +(1e+01,8e+01) | 3.14e+01 |  2:5.7e-03  8:5.6e-02
   86 ,   2581 : 7.2132155514368e+00 +(9e+00,8e+01) | 3.11e+01 |  2:6.2e-03  8:6.2e-02
   87 ,   2611 : 3.5729241147334e+00 +(1e+01,8e+01) | 3.27e+01 |  2:6.3e-03  8:6.7e-02
   88 ,   2641 : 5.6621586687926e+00 +(1e+01,8e+01) | 3.39e+01 |  2:5.2e-03  8:5.8e-02
   89 ,   2671 : 3.7970116032575e+00 +(8e+00,8e+01) | 3.50e+01 |  2:5.0e-03  8:5.8e-02
Iterat, #Fevals:   Function Value    (median,worst) |Axis Ratio|idx:Min SD idx:Max SD
   90 ,   2701 : 6.2815666436980e+00 +(7e+00,8e+01) | 3.72e+01 |  2:4.7e-03  8:5.8e-02
   91 ,   2731 : 5.4527154637043e+00 +(6e+00,8e+01) | 3.75e+01 |  2:4.3e-03  8:5.5e-02
   92 ,   2761 : 4.6215270904203e+00 +(6e+00,7e+01) | 3.89e+01 |  2:3.8e-03  8:5.0e-02
   93 ,   2791 : 4.5958962602587e+00 +(7e+00,8e+01) | 4.13e+01 |  2:3.5e-03  8:4.9e-02
   94 ,   2821 : 3.8512631102195e+00 +(5e+00,8e+01) | 4.32e+01 |  2:2.7e-03  8:4.0e-02
   95 ,   2851 : 3.5712801028657e+00 +(4e+00,7e+01) | 4.37e+01 |  2:2.4e-03  8:3.5e-02
   96 ,   2881 : 2.5113804212836e+00 +(3e+00,7e+01) | 4.47e+01 |  2:2.5e-03  8:3.7e-02
   97 ,   2911 : 2.5597511002277e+00 +(5e+00,8e+01) | 4.47e+01 |  2:2.1e-03  8:3.1e-02
   98 ,   2941 : 2.6633571915275e+00 +(4e+00,6e+01) | 4.45e+01 |  2:2.2e-03  8:3.1e-02
   99 ,   2971 : 2.8942065990612e+00 +(2e+00,8e+01) | 4.46e+01 |  2:2.0e-03  8:3.0e-02
Iterat, #Fevals:   Function Value    (median,worst) |Axis Ratio|idx:Min SD idx:Max SD
  100 ,   3001 : 2.5168110364091e+00 +(3e+00,2e+01) | 4.55e+01 |  2:1.9e-03  8:2.8e-02
  101 ,   3031 : 2.6110656175885e+00 +(2e+00,1e+01) | 4.79e+01 |  2:1.6e-03  8:2.7e-02
  102 ,   3061 : 2.5518849046239e+00 +(3e+00,2e+01) | 5.02e+01 |  2:1.5e-03  8:2.6e-02
  103 ,   3091 : 2.5219232763810e+00 +(2e+00,1e+01) | 5.30e+01 |  2:1.3e-03  8:2.3e-02
  104 ,   3121 : 2.5894728448022e+00 +(9e-01,2e+01) | 5.41e+01 |  2:1.2e-03  8:2.3e-02
  105 ,   3151 : 2.5695189704356e+00 +(1e+00,2e+01) | 5.73e+01 |  2:1.1e-03  8:2.2e-02
  106 ,   3181 : 2.6432820628899e+00 +(9e-01,1e+01) | 6.01e+01 |  2:1.2e-03  8:2.4e-02
  107 ,   3211 : 2.5519919930924e+00 +(2e+00,2e+01) | 6.26e+01 |  2:1.2e-03  8:2.6e-02
  108 ,   3241 : 2.5079247829904e+00 +(1e+00,8e+00) | 6.52e+01 |  2:1.0e-03  8:2.4e-02
  109 ,   3271 : 2.5360658410489e+00 +(7e-01,7e+00) | 6.83e+01 |  2:1.1e-03  8:2.6e-02
Iterat, #Fevals:   Function Value    (median,worst) |Axis Ratio|idx:Min SD idx:Max SD
  110 ,   3301 : 2.5937796397093e+00 +(1e+00,7e+00) | 6.80e+01 |  2:1.0e-03  8:2.5e-02
  111 ,   3331 : 2.5158472264031e+00 +(1e+00,4e+00) | 6.84e+01 |  2:9.7e-04  8:2.3e-02
  112 ,   3361 : 2.4743974636951e+00 +(7e-01,7e+00) | 7.24e+01 |  2:8.2e-04  8:2.1e-02
  113 ,   3391 : 2.5164980901984e+00 +(6e-01,4e+00) | 7.38e+01 |  2:7.5e-04  8:1.9e-02
  114 ,   3421 : 2.5002813151506e+00 +(7e-01,5e+00) | 8.82e+01 |  2:8.0e-04  8:2.4e-02
  115 ,   3451 : 2.5556825098923e+00 +(6e-01,3e+00) | 1.02e+02 |  2:8.7e-04  8:3.1e-02
  116 ,   3481 : 2.5542469996568e+00 +(5e-01,5e+00) | 1.09e+02 |  2:8.6e-04  8:3.2e-02
  117 ,   3511 : 2.6521269213062e+00 +(1e+00,6e+00) | 1.22e+02 |  2:8.6e-04  8:3.5e-02
  118 ,   3541 : 2.5357528021879e+00 +(6e-01,6e+00) | 1.27e+02 |  2:7.8e-04  8:3.3e-02
  119 ,   3571 : 2.5451242992967e+00 +(7e-01,4e+00) | 1.36e+02 |  2:9.0e-04  8:3.9e-02
Iterat, #Fevals:   Function Value    (median,worst) |Axis Ratio|idx:Min SD idx:Max SD
  120 ,   3601 : 2.5840563095853e+00 +(4e-01,3e+00) | 1.39e+02 |  2:9.4e-04  8:4.1e-02
  121 ,   3631 : 2.5099756185205e+00 +(8e-01,9e+00) | 1.44e+02 |  2:9.5e-04  8:4.3e-02
  122 ,   3661 : 2.5966943681946e+00 +(5e-01,5e+00) | 1.47e+02 |  2:8.9e-04  8:4.1e-02
  123 ,   3691 : 2.5153964058182e+00 +(8e-01,5e+00) | 1.62e+02 |  2:8.8e-04  8:4.5e-02
  124 ,   3721 : 2.5213293276796e+00 +(6e-01,3e+00) | 1.73e+02 |  2:8.3e-04  8:4.5e-02
  125 ,   3751 : 2.5500725562678e+00 +(6e-01,1e+01) | 1.87e+02 |  2:7.2e-04  8:4.2e-02
  126 ,   3781 : 2.5475123820996e+00 +(4e-01,2e+00) | 1.91e+02 |  2:6.2e-04  8:3.6e-02
  127 ,   3811 : 2.5155800916192e+00 +(2e-01,2e+00) | 1.95e+02 |  2:5.4e-04  8:3.2e-02
  128 ,   3841 : 2.5181719268652e+00 +(2e-01,1e+00) | 1.97e+02 |  2:5.6e-04  8:3.2e-02
  129 ,   3871 : 2.4835374382821e+00 +(2e-01,2e+00) | 2.11e+02 |  2:5.2e-04  8:3.2e-02
Iterat, #Fevals:   Function Value    (median,worst) |Axis Ratio|idx:Min SD idx:Max SD
  130 ,   3901 : 2.4991178093043e+00 +(2e-01,2e+00) | 2.35e+02 |  2:4.9e-04  8:3.3e-02
  131 ,   3931 : 2.5005538009549e+00 +(2e-01,1e+00) | 2.47e+02 |  2:4.4e-04  8:3.0e-02
  132 ,   3961 : 2.4874196542783e+00 +(1e-01,7e-01) | 2.64e+02 |  2:3.6e-04  8:2.6e-02
  133 ,   3991 : 2.4956839796009e+00 +(8e-02,7e-01) | 3.02e+02 |  2:3.6e-04  8:2.9e-02
  134 ,   4021 : 2.4881601102373e+00 +(1e-01,6e-01) | 3.13e+02 |  2:3.5e-04  8:2.8e-02
  135 ,   4051 : 2.4922127950222e+00 +(6e-02,6e-01) | 3.24e+02 |  2:3.8e-04  8:3.1e-02
  136 ,   4081 : 2.4762470191629e+00 +(9e-02,3e-01) | 3.40e+02 |  2:3.1e-04  8:2.6e-02
  137 ,   4111 : 2.5006459941522e+00 +(7e-02,6e-01) | 3.46e+02 |  2:3.3e-04  8:2.6e-02
  138 ,   4141 : 2.4752682450750e+00 +(7e-02,3e-01) | 3.57e+02 |  2:2.9e-04  8:2.3e-02
  139 ,   4171 : 2.4807434123834e+00 +(6e-02,3e-01) | 3.83e+02 |  2:2.6e-04  8:2.1e-02
Iterat, #Fevals:   Function Value    (median,worst) |Axis Ratio|idx:Min SD idx:Max SD
  140 ,   4201 : 2.4699810726330e+00 +(8e-02,2e-01) | 3.95e+02 |  2:2.3e-04  8:1.8e-02
  141 ,   4231 : 2.4805771091136e+00 +(5e-02,2e-01) | 4.20e+02 |  2:2.2e-04  8:1.8e-02
  142 ,   4261 : 2.4891708667688e+00 +(4e-02,1e-01) | 4.46e+02 |  2:2.5e-04  8:2.2e-02
  143 ,   4291 : 2.4974772248652e+00 +(4e-02,2e-01) | 4.53e+02 |  2:2.2e-04  8:2.1e-02
  144 ,   4321 : 2.4778404599637e+00 +(5e-02,1e-01) | 4.83e+02 |  2:2.1e-04  8:2.1e-02
  145 ,   4351 : 2.4807999216849e+00 +(4e-02,1e-01) | 5.01e+02 |  2:2.2e-04  8:2.2e-02
  146 ,   4381 : 2.4918215878320e+00 +(5e-02,1e-01) | 5.18e+02 |  2:2.2e-04  8:2.3e-02
  147 ,   4411 : 2.4797480309110e+00 +(5e-02,1e-01) | 5.47e+02 |  2:2.0e-04  8:2.1e-02
  148 ,   4441 : 2.4861549985096e+00 +(4e-02,1e-01) | 5.89e+02 |  2:1.8e-04  8:2.1e-02
  149 ,   4471 : 2.4821533836203e+00 +(4e-02,2e-01) | 5.82e+02 |  2:2.0e-04  8:2.2e-02
Iterat, #Fevals:   Function Value    (median,worst) |Axis Ratio|idx:Min SD idx:Max SD
  150 ,   4501 : 2.4793687857468e+00 +(4e-02,1e-01) | 5.99e+02 |  2:2.0e-04  8:2.1e-02
  151 ,   4531 : 2.4789765497050e+00 +(3e-02,1e-01) | 6.25e+02 |  2:1.9e-04  8:2.0e-02
  152 ,   4561 : 2.4785868546532e+00 +(3e-02,8e-02) | 6.35e+02 |  2:1.6e-04  8:1.7e-02
  153 ,   4591 : 2.4791823575196e+00 +(3e-02,8e-02) | 6.38e+02 |  2:1.5e-04  8:1.6e-02
  154 ,   4621 : 2.4742781700292e+00 +(4e-02,9e-02) | 6.74e+02 |  2:1.7e-04  8:1.9e-02
  155 ,   4651 : 2.4765755432903e+00 +(5e-02,1e-01) | 6.84e+02 |  2:1.7e-04  8:1.8e-02
  156 ,   4681 : 2.4604389589051e+00 +(6e-02,1e-01) | 7.21e+02 |  2:1.9e-04  8:2.1e-02
  157 ,   4711 : 2.5012907802744e+00 +(3e-02,9e-02) | 7.54e+02 |  2:2.1e-04  8:2.3e-02
  158 ,   4741 : 2.4749269855114e+00 +(6e-02,1e-01) | 7.90e+02 |  2:2.3e-04  8:2.7e-02
  159 ,   4771 : 2.4708652303358e+00 +(6e-02,1e-01) | 7.96e+02 |  2:2.7e-04  8:3.0e-02
Iterat, #Fevals:   Function Value    (median,worst) |Axis Ratio|idx:Min SD idx:Max SD
  160 ,   4801 : 2.4819527092499e+00 +(5e-02,1e-01) | 8.04e+02 |  2:2.6e-04  8:3.0e-02
  161 ,   4831 : 2.4804409402359e+00 +(4e-02,1e-01) | 8.83e+02 |  2:2.7e-04  8:3.2e-02
  162 ,   4861 : 2.4932545369736e+00 +(5e-02,1e-01) | 9.16e+02 |  2:2.7e-04  8:3.3e-02
  163 ,   4891 : 2.4832200840922e+00 +(5e-02,1e-01) | 9.74e+02 |  2:2.5e-04  8:3.1e-02
  164 ,   4921 : 2.4713602190058e+00 +(5e-02,1e-01) | 9.86e+02 |  2:2.1e-04  8:2.7e-02
  165 ,   4951 : 2.4698881890363e+00 +(5e-02,1e-01) | 1.03e+03 |  2:2.1e-04  8:2.7e-02
  166 ,   4981 : 2.4911786184878e+00 +(3e-02,6e-02) | 1.04e+03 |  2:1.9e-04  8:2.4e-02
  167 ,   5011 : 2.4721299390796e+00 +(4e-02,9e-02) | 1.02e+03 |  2:1.7e-04  8:2.0e-02
  168 ,   5041 : 2.4645009689097e+00 +(5e-02,1e-01) | 1.03e+03 |  2:1.5e-04  8:1.8e-02
  169 ,   5071 : 2.4520169109807e+00 +(5e-02,9e-02) | 1.02e+03 |  2:1.6e-04  8:1.9e-02
Iterat, #Fevals:   Function Value    (median,worst) |Axis Ratio|idx:Min SD idx:Max SD
  170 ,   5101 : 2.4578404912479e+00 +(5e-02,9e-02) | 1.04e+03 |  2:1.9e-04  8:2.3e-02
  171 ,   5131 : 2.4837627514005e+00 +(3e-02,8e-02) | 1.05e+03 |  2:2.1e-04  8:2.6e-02
  172 ,   5161 : 2.4768694692388e+00 +(4e-02,1e-01) | 1.03e+03 |  2:2.3e-04  8:2.9e-02
  173 ,   5191 : 2.4785600195851e+00 +(4e-02,9e-02) | 1.02e+03 |  2:1.9e-04  8:2.6e-02
  174 ,   5221 : 2.4808129595410e+00 +(4e-02,8e-02) | 1.03e+03 |  2:2.1e-04  8:2.6e-02
  175 ,   5251 : 2.4799702979264e+00 +(3e-02,9e-02) | 1.05e+03 |  2:1.9e-04  8:2.4e-02
  176 ,   5281 : 2.4790674841620e+00 +(4e-02,1e-01) | 1.05e+03 |  2:1.8e-04  8:2.2e-02
  177 ,   5311 : 2.4839389463043e+00 +(3e-02,8e-02) | 1.10e+03 |  2:1.8e-04  8:2.3e-02
  178 ,   5341 : 2.4529647654111e+00 +(5e-02,1e-01) | 1.16e+03 |  2:1.8e-04  8:2.3e-02
  179 ,   5371 : 2.4719498865395e+00 +(4e-02,9e-02) | 1.17e+03 |  2:2.1e-04  8:2.6e-02
Iterat, #Fevals:   Function Value    (median,worst) |Axis Ratio|idx:Min SD idx:Max SD
  180 ,   5401 : 2.4637369110397e+00 +(5e-02,1e-01) | 1.19e+03 |  2:2.0e-04  8:2.6e-02
  181 ,   5431 : 2.4792327597343e+00 +(3e-02,8e-02) | 1.19e+03 |  2:2.1e-04  8:2.6e-02
  182 ,   5461 : 2.4778826412830e+00 +(4e-02,8e-02) | 1.20e+03 |  2:1.9e-04  8:2.4e-02
  183 ,   5491 : 2.4802811542401e+00 +(4e-02,9e-02) | 1.20e+03 |  2:1.8e-04  8:2.3e-02
  184 ,   5521 : 2.4614027959022e+00 +(6e-02,1e-01) | 1.27e+03 |  2:2.0e-04  8:2.5e-02
  185 ,   5551 : 2.4690425894212e+00 +(4e-02,8e-02) | 1.31e+03 |  2:2.0e-04  8:2.6e-02
  186 ,   5581 : 2.4607430790029e+00 +(6e-02,2e-01) | 1.32e+03 |  2:1.9e-04  8:2.4e-02
  187 ,   5611 : 2.4691982256820e+00 +(5e-02,9e-02) | 1.33e+03 |  2:2.0e-04  8:2.5e-02
  188 ,   5641 : 2.4687007673028e+00 +(5e-02,1e-01) | 1.44e+03 |  2:2.0e-04  8:2.8e-02
  189 ,   5671 : 2.4597912922888e+00 +(5e-02,9e-02) | 1.47e+03 |  2:1.7e-04  8:2.3e-02
Iterat, #Fevals:   Function Value    (median,worst) |Axis Ratio|idx:Min SD idx:Max SD
  190 ,   5701 : 2.4729765825744e+00 +(4e-02,8e-02) | 1.50e+03 |  2:1.5e-04  8:2.0e-02
  191 ,   5731 : 2.4697357757757e+00 +(4e-02,8e-02) | 1.61e+03 |  2:1.3e-04  8:1.8e-02
  192 ,   5761 : 2.4699310328598e+00 +(3e-02,8e-02) | 1.91e+03 |  2:1.3e-04  8:1.9e-02
  193 ,   5791 : 2.4525654786851e+00 +(5e-02,9e-02) | 1.96e+03 |  2:1.4e-04  8:2.0e-02
  194 ,   5821 : 2.4860327371339e+00 +(3e-02,7e-02) | 1.98e+03 |  2:1.2e-04  8:1.8e-02
  195 ,   5851 : 2.4689966802599e+00 +(4e-02,8e-02) | 1.86e+03 |  2:1.1e-04  8:1.6e-02
  196 ,   5881 : 2.4627543709556e+00 +(4e-02,8e-02) | 1.88e+03 |  2:1.1e-04  8:1.6e-02
  197 ,   5911 : 2.4702783782941e+00 +(4e-02,7e-02) | 1.72e+03 |  2:1.1e-04  8:1.6e-02
  198 ,   5941 : 2.4587708436037e+00 +(6e-02,1e-01) | 1.62e+03 |  2:1.2e-04  8:1.8e-02
  199 ,   5971 : 2.4642830418377e+00 +(4e-02,9e-02) | 1.62e+03 |  2:1.1e-04  8:1.6e-02
Iterat, #Fevals:   Function Value    (median,worst) |Axis Ratio|idx:Min SD idx:Max SD
  200 ,   6001 : 2.4585821877346e+00 +(5e-02,8e-02) | 1.60e+03 |  2:1.0e-04  8:1.5e-02
  201 ,   6031 : 2.4635574913909e+00 +(4e-02,1e-01) | 1.60e+03 |  2:1.0e-04  8:1.5e-02
  202 ,   6061 : 2.4799749144565e+00 +(3e-02,6e-02) | 1.60e+03 |  2:9.6e-05  8:1.4e-02
  203 ,   6091 : 2.4761471424931e+00 +(3e-02,8e-02) | 1.73e+03 |  2:1.1e-04  8:1.7e-02
  204 ,   6121 : 2.4587044667234e+00 +(5e-02,9e-02) | 1.72e+03 |  2:1.0e-04  8:1.6e-02
  205 ,   6151 : 2.4775360916936e+00 +(4e-02,9e-02) | 1.73e+03 |  2:9.3e-05  8:1.4e-02
  206 ,   6181 : 2.4637652255845e+00 +(5e-02,9e-02) | 1.68e+03 |  2:8.7e-05  8:1.3e-02
  207 ,   6211 : 2.4790566415513e+00 +(4e-02,7e-02) | 1.81e+03 |  2:8.1e-05  8:1.3e-02
  208 ,   6241 : 2.4709326249884e+00 +(3e-02,7e-02) | 1.77e+03 |  2:9.3e-05  8:1.3e-02
  209 ,   6271 : 2.4744172571022e+00 +(4e-02,8e-02) | 1.82e+03 |  2:9.2e-05  8:1.3e-02
Iterat, #Fevals:   Function Value    (median,worst) |Axis Ratio|idx:Min SD idx:Max SD
  210 ,   6301 : 2.4791245811903e+00 +(3e-02,6e-02) | 1.78e+03 |  2:9.7e-05  8:1.3e-02
  211 ,   6331 : 2.4601203513322e+00 +(5e-02,8e-02) | 1.80e+03 |  2:9.9e-05  8:1.3e-02
  212 ,   6361 : 2.4678747798894e+00 +(4e-02,9e-02) | 1.85e+03 |  2:1.1e-04  8:1.4e-02
  213 ,   6391 : 2.4732065693309e+00 +(4e-02,8e-02) | 1.89e+03 |  2:1.1e-04  8:1.4e-02
  214 ,   6421 : 2.4752435194218e+00 +(4e-02,7e-02) | 1.91e+03 |  2:9.1e-05  8:1.2e-02
  215 ,   6451 : 2.4690947661306e+00 +(3e-02,8e-02) | 2.01e+03 |  2:9.2e-05  8:1.2e-02
  216 ,   6481 : 2.4718204218072e+00 +(3e-02,9e-02) | 2.17e+03 |  2:9.9e-05  8:1.4e-02
  217 ,   6511 : 2.4550712278968e+00 +(5e-02,9e-02) | 2.16e+03 |  2:1.0e-04  8:1.5e-02
  218 ,   6541 : 2.4770429716495e+00 +(3e-02,8e-02) | 2.22e+03 |  2:9.9e-05  8:1.5e-02
  219 ,   6571 : 2.4662505800315e+00 +(4e-02,8e-02) | 2.20e+03 |  2:9.1e-05  8:1.4e-02
Iterat, #Fevals:   Function Value    (median,worst) |Axis Ratio|idx:Min SD idx:Max SD
  220 ,   6601 : 2.4670762505006e+00 +(4e-02,8e-02) | 2.17e+03 |  2:8.8e-05  8:1.3e-02
  221 ,   6631 : 2.4713114651870e+00 +(4e-02,7e-02) | 2.17e+03 |  2:9.4e-05  8:1.4e-02
  222 ,   6661 : 2.4621164406092e+00 +(5e-02,8e-02) | 2.11e+03 |  2:7.7e-05  8:1.2e-02
  223 ,   6691 : 2.4777540703657e+00 +(3e-02,7e-02) | 2.06e+03 |  2:7.6e-05  8:1.2e-02
  224 ,   6721 : 2.4713063629678e+00 +(4e-02,7e-02) | 2.21e+03 |  2:8.7e-05  8:1.5e-02
  225 ,   6751 : 2.4487772004577e+00 +(6e-02,1e-01) | 2.28e+03 |  2:7.9e-05  8:1.4e-02
  226 ,   6781 : 2.4690808142428e+00 +(3e-02,8e-02) | 2.35e+03 |  2:7.3e-05  8:1.3e-02
  227 ,   6811 : 2.4525306507445e+00 +(6e-02,1e-01) | 2.36e+03 |  2:6.7e-05  8:1.2e-02
  228 ,   6841 : 2.4649880636186e+00 +(3e-02,8e-02) | 2.40e+03 |  2:6.9e-05  8:1.2e-02
  229 ,   6871 : 2.4713619654641e+00 +(4e-02,8e-02) | 2.43e+03 |  2:6.4e-05  8:1.1e-02
Iterat, #Fevals:   Function Value    (median,worst) |Axis Ratio|idx:Min SD idx:Max SD
  230 ,   6901 : 2.4737610296087e+00 +(3e-02,6e-02) | 2.43e+03 |  2:6.4e-05  8:1.0e-02
  231 ,   6931 : 2.4717089159780e+00 +(4e-02,8e-02) | 2.58e+03 |  2:6.9e-05  8:1.1e-02
  232 ,   6961 : 2.4715549311562e+00 +(4e-02,8e-02) | 2.76e+03 |  2:7.8e-05  8:1.2e-02
  233 ,   6991 : 2.4697297889425e+00 +(3e-02,9e-02) | 2.84e+03 |  2:8.1e-05  1:1.3e-02
  234 ,   7021 : 2.4674692779690e+00 +(5e-02,7e-02) | 2.85e+03 |  2:7.6e-05  1:1.2e-02
  235 ,   7051 : 2.4642693713715e+00 +(3e-02,7e-02) | 2.69e+03 |  2:7.0e-05  1:1.1e-02
  236 ,   7081 : 2.4726963723623e+00 +(2e-02,6e-02) | 2.88e+03 |  2:6.3e-05  8:1.1e-02
  237 ,   7111 : 2.4540884852556e+00 +(5e-02,9e-02) | 3.14e+03 |  2:6.5e-05  8:1.2e-02
  238 ,   7141 : 2.4699660772645e+00 +(3e-02,6e-02) | 3.14e+03 |  2:7.4e-05  8:1.3e-02
  239 ,   7171 : 2.4573115114894e+00 +(4e-02,1e-01) | 3.20e+03 |  2:6.4e-05  8:1.2e-02
Iterat, #Fevals:   Function Value    (median,worst) |Axis Ratio|idx:Min SD idx:Max SD
  240 ,   7201 : 2.4675352227148e+00 +(4e-02,7e-02) | 3.13e+03 |  2:6.7e-05  8:1.1e-02
  241 ,   7231 : 2.4743939395170e+00 +(3e-02,7e-02) | 3.16e+03 |  2:6.3e-05  8:1.1e-02
  242 ,   7261 : 2.4606786887697e+00 +(5e-02,8e-02) | 3.30e+03 |  2:5.4e-05  8:9.8e-03
  243 ,   7291 : 2.4661458782120e+00 +(5e-02,8e-02) | 3.27e+03 |  2:5.9e-05  8:1.1e-02
  244 ,   7321 : 2.4689608722657e+00 +(3e-02,7e-02) | 3.19e+03 |  2:6.1e-05  8:1.1e-02
  245 ,   7351 : 2.4631848020564e+00 +(4e-02,7e-02) | 3.16e+03 |  2:5.4e-05  8:1.0e-02
  246 ,   7381 : 2.4646810310487e+00 +(3e-02,7e-02) | 3.33e+03 |  2:5.2e-05  8:1.0e-02
  247 ,   7411 : 2.4710082599939e+00 +(4e-02,7e-02) | 3.50e+03 |  2:4.6e-05  8:9.3e-03
  248 ,   7441 : 2.4742854981392e+00 +(4e-02,8e-02) | 3.53e+03 |  2:4.4e-05  8:9.5e-03
  249 ,   7471 : 2.4662280778652e+00 +(4e-02,8e-02) | 3.91e+03 |  2:5.0e-05  8:1.1e-02
Iterat, #Fevals:   Function Value    (median,worst) |Axis Ratio|idx:Min SD idx:Max SD
  250 ,   7501 : 2.4660033690203e+00 +(4e-02,8e-02) | 3.80e+03 |  2:5.3e-05  8:1.1e-02
  251 ,   7531 : 2.4614561315526e+00 +(5e-02,7e-02) | 3.85e+03 |  2:6.0e-05  8:1.3e-02
  252 ,   7561 : 2.4628368106380e+00 +(4e-02,1e-01) | 3.92e+03 |  2:6.2e-05  8:1.3e-02
  253 ,   7591 : 2.4676930277043e+00 +(4e-02,8e-02) | 3.98e+03 |  2:5.7e-05  8:1.2e-02
  254 ,   7621 : 2.4634354676210e+00 +(5e-02,7e-02) | 4.03e+03 |  2:5.4e-05  8:1.1e-02
  255 ,   7651 : 2.4555916559402e+00 +(4e-02,9e-02) | 4.07e+03 |  2:4.7e-05  8:1.0e-02
  256 ,   7681 : 2.4603198481970e+00 +(3e-02,7e-02) | 4.07e+03 |  2:4.4e-05  8:9.2e-03
  257 ,   7711 : 2.4646663326260e+00 +(4e-02,9e-02) | 4.06e+03 |  2:4.2e-05  8:8.4e-03
  258 ,   7741 : 2.4556172559092e+00 +(5e-02,8e-02) | 4.22e+03 |  2:3.9e-05  8:7.9e-03
  259 ,   7771 : 2.4761724857607e+00 +(3e-02,7e-02) | 4.30e+03 |  2:3.8e-05  1:7.9e-03
Iterat, #Fevals:   Function Value    (median,worst) |Axis Ratio|idx:Min SD idx:Max SD
  260 ,   7801 : 2.4706516815038e+00 +(4e-02,8e-02) | 4.04e+03 |  2:3.5e-05  8:7.3e-03
  261 ,   7831 : 2.4740952813308e+00 +(3e-02,8e-02) | 4.18e+03 |  2:3.5e-05  8:7.4e-03
  262 ,   7861 : 2.4741598274235e+00 +(2e-02,7e-02) | 4.10e+03 |  2:3.1e-05  8:6.4e-03
  263 ,   7891 : 2.4674331279990e+00 +(4e-02,7e-02) | 4.22e+03 |  2:2.8e-05  1:5.7e-03
  264 ,   7921 : 2.4659208222182e+00 +(4e-02,7e-02) | 4.34e+03 |  2:3.0e-05  8:6.0e-03
  265 ,   7951 : 2.4555054782246e+00 +(4e-02,8e-02) | 4.92e+03 |  2:3.0e-05  1:6.8e-03
  266 ,   7981 : 2.4651660341103e+00 +(4e-02,7e-02) | 5.12e+03 |  2:3.0e-05  8:7.2e-03
  267 ,   8011 : 2.4557117927475e+00 +(4e-02,8e-02) | 4.97e+03 |  2:2.9e-05  8:6.6e-03
  268 ,   8041 : 2.4742188650751e+00 +(3e-02,7e-02) | 4.90e+03 |  2:2.9e-05  1:6.5e-03
  269 ,   8071 : 2.4645938623161e+00 +(4e-02,8e-02) | 5.11e+03 |  2:2.7e-05  1:5.9e-03
Iterat, #Fevals:   Function Value    (median,worst) |Axis Ratio|idx:Min SD idx:Max SD
  270 ,   8101 : 2.4501628990551e+00 +(6e-02,9e-02) | 5.15e+03 |  2:2.3e-05  1:5.1e-03
  271 ,   8131 : 2.4655275411524e+00 +(4e-02,8e-02) | 5.19e+03 |  2:2.0e-05  8:4.6e-03
  272 ,   8161 : 2.4654526148878e+00 +(4e-02,7e-02) | 5.30e+03 |  2:1.9e-05  8:4.0e-03
  273 ,   8191 : 2.4693281693828e+00 +(3e-02,8e-02) | 5.52e+03 |  2:2.0e-05  1:4.0e-03
  274 ,   8221 : 2.4653492944727e+00 +(4e-02,9e-02) | 5.76e+03 |  2:2.1e-05  8:4.4e-03
  275 ,   8251 : 2.4572942667191e+00 +(5e-02,8e-02) | 6.14e+03 |  2:2.1e-05  8:4.4e-03
  276 ,   8281 : 2.4776427376556e+00 +(3e-02,6e-02) | 6.04e+03 |  2:2.0e-05  8:4.0e-03
  277 ,   8311 : 2.4583044146293e+00 +(4e-02,9e-02) | 6.00e+03 |  2:1.7e-05  8:3.5e-03
  278 ,   8341 : 2.4498191952760e+00 +(5e-02,9e-02) | 5.98e+03 |  2:1.7e-05  8:3.4e-03
  279 ,   8371 : 2.4642225389942e+00 +(4e-02,8e-02) | 6.05e+03 |  2:1.8e-05  8:3.5e-03
Iterat, #Fevals:   Function Value    (median,worst) |Axis Ratio|idx:Min SD idx:Max SD
  280 ,   8401 : 2.4790442939782e+00 +(2e-02,6e-02) | 6.08e+03 |  2:1.5e-05  8:3.0e-03
  281 ,   8431 : 2.4670271667307e+00 +(3e-02,8e-02) | 6.46e+03 |  2:1.2e-05  1:2.6e-03
  282 ,   8461 : 2.4571180238083e+00 +(4e-02,8e-02) | 6.23e+03 |  2:1.2e-05  1:2.4e-03
  283 ,   8491 : 2.4673116386102e+00 +(4e-02,8e-02) | 6.35e+03 |  2:1.2e-05  8:2.4e-03
  284 ,   8521 : 2.4754864251848e+00 +(2e-02,5e-02) | 6.60e+03 |  2:1.1e-05  8:2.2e-03
  285 ,   8551 : 2.4734945701640e+00 +(3e-02,6e-02) | 6.55e+03 |  2:9.9e-06  8:2.0e-03
  286 ,   8581 : 2.4651747567308e+00 +(4e-02,9e-02) | 6.78e+03 |  2:8.6e-06  8:1.8e-03
  287 ,   8611 : 2.4630940813364e+00 +(4e-02,7e-02) | 6.71e+03 |  2:8.7e-06  8:1.8e-03
  288 ,   8641 : 2.4559579419855e+00 +(3e-02,9e-02) | 6.79e+03 |  2:9.9e-06  8:1.9e-03
  289 ,   8671 : 2.4600690784203e+00 +(5e-02,9e-02) | 6.43e+03 |  2:9.5e-06  8:1.8e-03
Iterat, #Fevals:   Function Value    (median,worst) |Axis Ratio|idx:Min SD idx:Max SD
  290 ,   8701 : 2.4727825294029e+00 +(3e-02,8e-02) | 6.54e+03 |  2:9.8e-06  8:1.7e-03
  291 ,   8731 : 2.4814594755117e+00 +(3e-02,5e-02) | 6.40e+03 |  2:9.3e-06  8:1.6e-03
  292 ,   8761 : 2.4733605390052e+00 +(4e-02,6e-02) | 6.50e+03 |  2:8.9e-06  8:1.5e-03
  293 ,   8791 : 2.4630095432887e+00 +(5e-02,7e-02) | 6.39e+03 |  2:9.8e-06  8:1.6e-03
  294 ,   8821 : 2.4826775500736e+00 +(3e-02,6e-02) | 5.70e+03 |  2:1.0e-05  8:1.6e-03
  295 ,   8851 : 2.4695335342378e+00 +(3e-02,6e-02) | 5.24e+03 |  2:1.1e-05  8:1.7e-03
  296 ,   8881 : 2.4662047773433e+00 +(4e-02,7e-02) | 5.04e+03 |  2:1.1e-05  8:1.7e-03
  297 ,   8911 : 2.4664396903513e+00 +(4e-02,7e-02) | 5.25e+03 |  2:1.1e-05  8:1.8e-03
  298 ,   8941 : 2.4680225040329e+00 +(3e-02,7e-02) | 5.30e+03 |  2:1.3e-05  8:2.1e-03
  299 ,   8971 : 2.4783491104797e+00 +(2e-02,6e-02) | 5.76e+03 |  2:1.4e-05  8:2.3e-03
Iterat, #Fevals:   Function Value    (median,worst) |Axis Ratio|idx:Min SD idx:Max SD
  300 ,   9001 : 2.4770195325642e+00 +(2e-02,6e-02) | 5.59e+03 |  2:1.4e-05  8:2.5e-03
  301 ,   9031 : 2.4748723058438e+00 +(3e-02,7e-02) | 5.75e+03 |  2:1.4e-05  8:2.5e-03
  302 ,   9061 : 2.4690690446753e+00 +(3e-02,7e-02) | 6.02e+03 |  2:1.4e-05  8:2.8e-03
  303 ,   9091 : 2.4715509200640e+00 +(4e-02,8e-02) | 6.34e+03 |  2:1.5e-05  8:3.1e-03
  304 ,   9121 : 2.4697868123030e+00 +(4e-02,6e-02) | 6.29e+03 |  2:1.7e-05  8:3.3e-03
  305 ,   9151 : 2.4642481660537e+00 +(4e-02,7e-02) | 6.41e+03 |  2:2.0e-05  8:3.8e-03
  306 ,   9181 : 2.4563241157952e+00 +(5e-02,8e-02) | 6.41e+03 |  2:2.4e-05  8:4.4e-03
  307 ,   9211 : 2.4626636682764e+00 +(3e-02,8e-02) | 7.04e+03 |  2:2.6e-05  8:4.8e-03
  308 ,   9241 : 2.4608665454692e+00 +(5e-02,9e-02) | 6.91e+03 |  2:2.6e-05  8:4.7e-03
  309 ,   9271 : 2.4686480635277e+00 +(3e-02,8e-02) | 6.86e+03 |  2:2.5e-05  8:4.6e-03
Iterat, #Fevals:   Function Value    (median,worst) |Axis Ratio|idx:Min SD idx:Max SD
  310 ,   9301 : 2.4656915491024e+00 +(3e-02,7e-02) | 7.99e+03 |  2:2.7e-05  8:5.3e-03
  311 ,   9331 : 2.4767414237599e+00 +(3e-02,7e-02) | 7.86e+03 |  2:2.2e-05  8:4.5e-03
  312 ,   9361 : 2.4568454488663e+00 +(6e-02,1e-01) | 7.87e+03 |  2:2.0e-05  8:4.3e-03
  313 ,   9391 : 2.4555297142847e+00 +(5e-02,9e-02) | 9.03e+03 |  2:2.4e-05  8:5.8e-03
  314 ,   9421 : 2.4602665248628e+00 +(4e-02,9e-02) | 9.00e+03 |  2:2.6e-05  8:6.3e-03
  315 ,   9451 : 2.4737572807677e+00 +(3e-02,7e-02) | 8.88e+03 |  2:2.6e-05  8:6.3e-03
  316 ,   9481 : 2.4635229504053e+00 +(3e-02,7e-02) | 8.79e+03 |  2:2.3e-05  8:5.5e-03
  317 ,   9511 : 2.4711433787725e+00 +(3e-02,7e-02) | 8.94e+03 |  2:2.4e-05  8:5.5e-03
  318 ,   9541 : 2.4654834414066e+00 +(4e-02,7e-02) | 8.63e+03 |  2:2.5e-05  8:5.5e-03
  319 ,   9571 : 2.4484282024565e+00 +(5e-02,8e-02) | 7.77e+03 |  2:3.3e-05  8:6.6e-03
Iterat, #Fevals:   Function Value    (median,worst) |Axis Ratio|idx:Min SD idx:Max SD
  320 ,   9601 : 2.4705826561785e+00 +(4e-02,8e-02) | 7.54e+03 |  2:3.4e-05  8:6.7e-03
  321 ,   9631 : 2.4685415578961e+00 +(3e-02,7e-02) | 7.44e+03 |  2:3.2e-05  8:6.2e-03
  322 ,   9661 : 2.4719357042904e+00 +(3e-02,7e-02) | 7.59e+03 |  2:2.7e-05  8:5.1e-03
  323 ,   9691 : 2.4575689750004e+00 +(4e-02,8e-02) | 7.79e+03 |  2:2.6e-05  8:5.0e-03
  324 ,   9721 : 2.4626737255313e+00 +(4e-02,8e-02) | 7.71e+03 |  2:2.8e-05  8:5.1e-03
  325 ,   9751 : 2.4666572441545e+00 +(3e-02,8e-02) | 7.95e+03 |  2:3.0e-05  8:5.5e-03
  326 ,   9781 : 2.4735363165501e+00 +(3e-02,6e-02) | 8.59e+03 |  2:3.3e-05  8:6.4e-03
  327 ,   9811 : 2.4628389106396e+00 +(5e-02,8e-02) | 8.56e+03 |  2:4.0e-05  8:7.8e-03
  328 ,   9841 : 2.4711720271681e+00 +(3e-02,8e-02) | 8.75e+03 |  2:4.0e-05  8:8.0e-03
  329 ,   9871 : 2.4566562137404e+00 +(5e-02,8e-02) | 8.92e+03 |  2:3.6e-05  8:7.4e-03
Iterat, #Fevals:   Function Value    (median,worst) |Axis Ratio|idx:Min SD idx:Max SD
  330 ,   9901 : 2.4674300309612e+00 +(4e-02,8e-02) | 8.85e+03 |  2:3.7e-05  8:7.7e-03
  331 ,   9931 : 2.4708026192012e+00 +(3e-02,6e-02) | 9.02e+03 |  2:3.6e-05  8:7.3e-03
  332 ,   9961 : 2.4700417970048e+00 +(3e-02,6e-02) | 9.21e+03 |  2:3.4e-05  8:7.2e-03
  333 ,   9991 : 2.4695967691460e+00 +(3e-02,7e-02) | 8.85e+03 |  2:3.4e-05  8:7.1e-03
  334 ,  10021 : 2.4738012522526e+00 +(4e-02,8e-02) | 8.35e+03 |  2:3.4e-05  8:7.1e-03
  335 ,  10051 : 2.4573953305695e+00 +(4e-02,8e-02) | 8.59e+03 |  2:3.4e-05  8:7.3e-03
  336 ,  10081 : 2.4733284831703e+00 +(4e-02,7e-02) | 8.42e+03 |  2:3.7e-05  8:8.2e-03
  337 ,  10111 : 2.4692510408728e+00 +(3e-02,8e-02) | 8.24e+03 |  2:3.6e-05  8:8.1e-03
  338 ,  10141 : 2.4644406050211e+00 +(4e-02,7e-02) | 7.97e+03 |  2:4.4e-05  8:1.0e-02
  339 ,  10171 : 2.4602493852031e+00 +(4e-02,9e-02) | 8.05e+03 |  2:4.2e-05  8:9.8e-03
Iterat, #Fevals:   Function Value    (median,worst) |Axis Ratio|idx:Min SD idx:Max SD
  340 ,  10201 : 2.4677474648663e+00 +(4e-02,9e-02) | 8.11e+03 |  2:3.8e-05  8:9.0e-03
  341 ,  10231 : 2.4530854812484e+00 +(5e-02,9e-02) | 7.47e+03 |  2:3.6e-05  8:8.6e-03
  342 ,  10261 : 2.4474192628033e+00 +(6e-02,9e-02) | 7.78e+03 |  2:3.7e-05  8:8.9e-03
  343 ,  10291 : 2.4614727206838e+00 +(4e-02,8e-02) | 8.49e+03 |  2:3.9e-05  8:9.6e-03
  344 ,  10321 : 2.4672444284541e+00 +(4e-02,8e-02) | 8.26e+03 |  2:4.0e-05  8:9.7e-03
  345 ,  10351 : 2.4591050426972e+00 +(4e-02,8e-02) | 8.34e+03 |  2:4.1e-05  8:1.0e-02
  346 ,  10381 : 2.4611590800168e+00 +(4e-02,1e-01) | 8.17e+03 |  2:5.1e-05  8:1.2e-02
  347 ,  10411 : 2.4645706491980e+00 +(3e-02,8e-02) | 8.21e+03 |  2:4.7e-05  8:1.1e-02
  348 ,  10441 : 2.4603427317457e+00 +(5e-02,9e-02) | 8.24e+03 |  2:4.7e-05  8:1.1e-02
  349 ,  10471 : 2.4633553723879e+00 +(4e-02,7e-02) | 8.05e+03 |  2:4.0e-05  8:9.3e-03
Iterat, #Fevals:   Function Value    (median,worst) |Axis Ratio|idx:Min SD idx:Max SD
  350 ,  10501 : 2.4697789521182e+00 +(4e-02,8e-02) | 7.50e+03 |  2:4.4e-05  8:1.0e-02
  351 ,  10531 : 2.4695749167360e+00 +(4e-02,7e-02) | 7.34e+03 |  2:4.2e-05  8:9.8e-03
  352 ,  10561 : 2.4670560404602e+00 +(4e-02,7e-02) | 7.16e+03 |  2:4.1e-05  8:9.3e-03
  353 ,  10591 : 2.4604178128860e+00 +(4e-02,8e-02) | 7.38e+03 |  2:4.7e-05  8:1.0e-02
  354 ,  10621 : 2.4677433834512e+00 +(4e-02,8e-02) | 7.44e+03 |  2:4.0e-05  8:8.8e-03
  355 ,  10651 : 2.4672297634846e+00 +(3e-02,8e-02) | 7.55e+03 |  2:4.0e-05  8:9.0e-03
  356 ,  10681 : 2.4557733865128e+00 +(5e-02,9e-02) | 7.37e+03 |  2:4.1e-05  8:9.2e-03
  357 ,  10711 : 2.4608006870706e+00 +(4e-02,7e-02) | 7.28e+03 |  2:4.4e-05  8:9.6e-03
  358 ,  10741 : 2.4660050746853e+00 +(4e-02,8e-02) | 7.35e+03 |  2:4.4e-05  8:9.8e-03
  359 ,  10771 : 2.4645605797165e+00 +(5e-02,8e-02) | 7.22e+03 |  2:5.2e-05  8:1.1e-02
Iterat, #Fevals:   Function Value    (median,worst) |Axis Ratio|idx:Min SD idx:Max SD
  360 ,  10801 : 2.4750103607917e+00 +(3e-02,6e-02) | 7.18e+03 |  2:5.0e-05  8:1.0e-02
  361 ,  10831 : 2.4619470240559e+00 +(4e-02,8e-02) | 6.96e+03 |  2:4.6e-05  8:9.5e-03
  362 ,  10861 : 2.4532411164365e+00 +(5e-02,9e-02) | 6.66e+03 |  2:4.4e-05  8:8.7e-03
  363 ,  10891 : 2.4586258846840e+00 +(4e-02,1e-01) | 6.50e+03 |  2:4.3e-05  8:8.2e-03
  364 ,  10921 : 2.4713310763842e+00 +(3e-02,6e-02) | 7.39e+03 |  2:4.3e-05  8:8.6e-03
  365 ,  10951 : 2.4764761068669e+00 +(3e-02,8e-02) | 7.83e+03 |  2:4.1e-05  8:8.8e-03
  366 ,  10981 : 2.4770176587400e+00 +(2e-02,7e-02) | 8.26e+03 |  2:4.3e-05  8:9.7e-03
  367 ,  11011 : 2.4659543744233e+00 +(5e-02,7e-02) | 8.38e+03 |  2:3.8e-05  8:9.0e-03
  368 ,  11041 : 2.4595802987676e+00 +(4e-02,8e-02) | 8.40e+03 |  2:3.4e-05  8:8.0e-03
  369 ,  11071 : 2.4608308925500e+00 +(5e-02,8e-02) | 8.96e+03 |  2:3.0e-05  8:7.2e-03
Iterat, #Fevals:   Function Value    (median,worst) |Axis Ratio|idx:Min SD idx:Max SD
  370 ,  11101 : 2.4481898240311e+00 +(5e-02,9e-02) | 9.24e+03 |  2:2.7e-05  8:6.3e-03
  371 ,  11131 : 2.4792749936863e+00 +(3e-02,6e-02) | 8.74e+03 |  2:2.6e-05  8:5.9e-03
  372 ,  11161 : 2.4661915631027e+00 +(4e-02,7e-02) | 8.30e+03 |  2:2.4e-05  8:5.3e-03
  373 ,  11191 : 2.4687545251717e+00 +(3e-02,7e-02) | 8.80e+03 |  2:2.5e-05  8:5.4e-03
  374 ,  11221 : 2.4618075500381e+00 +(4e-02,7e-02) | 8.70e+03 |  2:2.5e-05  8:5.3e-03
  375 ,  11251 : 2.4616925041328e+00 +(4e-02,9e-02) | 8.43e+03 |  2:2.4e-05  8:5.1e-03
  376 ,  11281 : 2.4574375663870e+00 +(4e-02,9e-02) | 8.90e+03 |  2:2.3e-05  8:5.0e-03
  377 ,  11311 : 2.4609550679545e+00 +(4e-02,9e-02) | 8.89e+03 |  2:2.2e-05  8:4.7e-03
  378 ,  11341 : 2.4681757739821e+00 +(3e-02,7e-02) | 9.35e+03 |  2:2.0e-05  8:4.4e-03
  379 ,  11371 : 2.4772358594941e+00 +(3e-02,7e-02) | 9.21e+03 |  2:1.7e-05  8:3.8e-03
Iterat, #Fevals:   Function Value    (median,worst) |Axis Ratio|idx:Min SD idx:Max SD
  380 ,  11401 : 2.4613170933331e+00 +(5e-02,8e-02) | 9.40e+03 |  2:1.7e-05  8:3.8e-03
  381 ,  11431 : 2.4496288199183e+00 +(5e-02,1e-01) | 9.62e+03 |  2:1.7e-05  8:3.7e-03
  382 ,  11461 : 2.4577080777152e+00 +(4e-02,8e-02) | 9.67e+03 |  2:1.5e-05  8:3.2e-03
  383 ,  11491 : 2.4476579755148e+00 +(5e-02,9e-02) | 9.56e+03 |  2:1.4e-05  8:2.9e-03
  384 ,  11521 : 2.4455801094239e+00 +(6e-02,9e-02) | 1.03e+04 |  2:1.4e-05  8:3.3e-03
  385 ,  11551 : 2.4763367219202e+00 +(4e-02,7e-02) | 1.05e+04 |  2:1.4e-05  8:3.2e-03
  386 ,  11581 : 2.4705784428540e+00 +(4e-02,6e-02) | 1.05e+04 |  2:1.4e-05  8:3.1e-03
  387 ,  11611 : 2.4549503630860e+00 +(5e-02,8e-02) | 1.09e+04 |  2:1.3e-05  8:3.1e-03
  388 ,  11641 : 2.4609209345945e+00 +(5e-02,8e-02) | 1.03e+04 |  2:1.4e-05  8:3.1e-03
  389 ,  11671 : 2.4613145496030e+00 +(4e-02,7e-02) | 1.03e+04 |  2:1.4e-05  8:3.2e-03
Iterat, #Fevals:   Function Value    (median,worst) |Axis Ratio|idx:Min SD idx:Max SD
  390 ,  11701 : 2.4529186122121e+00 +(5e-02,1e-01) | 1.03e+04 |  2:1.4e-05  8:3.3e-03
  391 ,  11731 : 2.4574719855723e+00 +(5e-02,8e-02) | 1.04e+04 |  2:1.3e-05  8:3.0e-03
  392 ,  11761 : 2.4609802792285e+00 +(4e-02,8e-02) | 1.04e+04 |  2:1.4e-05  8:3.1e-03
  393 ,  11791 : 2.4641926599760e+00 +(4e-02,8e-02) | 1.00e+04 |  2:1.3e-05  8:3.0e-03
  394 ,  11821 : 2.4574939847035e+00 +(4e-02,9e-02) | 9.78e+03 |  2:1.4e-05  8:3.2e-03
  395 ,  11851 : 2.4628082927542e+00 +(5e-02,8e-02) | 9.28e+03 |  2:1.8e-05  8:3.9e-03
  396 ,  11881 : 2.4553535675903e+00 +(4e-02,1e-01) | 8.85e+03 |  2:2.3e-05  8:4.5e-03
  397 ,  11911 : 2.4559565276218e+00 +(5e-02,9e-02) | 8.48e+03 |  2:2.7e-05  8:5.2e-03
  398 ,  11941 : 2.4529811959461e+00 +(5e-02,1e-01) | 8.36e+03 |  7:2.9e-05  8:5.3e-03
  399 ,  11971 : 2.4495299595057e+00 +(6e-02,9e-02) | 8.36e+03 |  7:2.6e-05  8:5.0e-03
Iterat, #Fevals:   Function Value    (median,worst) |Axis Ratio|idx:Min SD idx:Max SD
  400 ,  12001 : 2.4735564842330e+00 +(3e-02,7e-02) | 8.33e+03 |  7:2.4e-05  8:4.5e-03
  401 ,  12031 : 2.4492253191273e+00 +(5e-02,9e-02) | 8.95e+03 |  7:2.4e-05  8:4.6e-03
  402 ,  12061 : 2.4495549381407e+00 +(6e-02,1e-01) | 9.34e+03 |  7:2.4e-05  8:5.1e-03
  403 ,  12091 : 2.4638484829025e+00 +(4e-02,8e-02) | 9.53e+03 |  7:2.3e-05  8:4.9e-03
  404 ,  12121 : 2.4737173065463e+00 +(4e-02,8e-02) | 9.66e+03 |  7:2.5e-05  8:5.0e-03
  405 ,  12151 : 2.4529368661699e+00 +(5e-02,1e-01) | 9.82e+03 |  7:2.3e-05  8:4.5e-03
  406 ,  12181 : 2.4695344120160e+00 +(3e-02,7e-02) | 1.06e+04 |  7:2.5e-05  8:4.8e-03
  407 ,  12211 : 2.4689850071600e+00 +(5e-02,8e-02) | 1.14e+04 |  7:2.1e-05  8:4.2e-03
  408 ,  12241 : 2.4546636473359e+00 +(5e-02,9e-02) | 1.12e+04 |  7:2.0e-05  8:4.0e-03
  409 ,  12271 : 2.4600523796935e+00 +(4e-02,9e-02) | 1.15e+04 |  7:2.2e-05  8:4.3e-03
Iterat, #Fevals:   Function Value    (median,worst) |Axis Ratio|idx:Min SD idx:Max SD
  410 ,  12301 : 2.4691379519794e+00 +(3e-02,6e-02) | 1.10e+04 |  7:2.5e-05  8:5.0e-03
  411 ,  12331 : 2.4544375303045e+00 +(5e-02,9e-02) | 1.07e+04 |  7:2.6e-05  8:5.1e-03
  412 ,  12361 : 2.4649436627608e+00 +(4e-02,7e-02) | 1.07e+04 |  7:2.8e-05  8:5.8e-03
  413 ,  12391 : 2.4673113412502e+00 +(3e-02,6e-02) | 1.07e+04 |  7:3.0e-05  8:6.2e-03
  414 ,  12421 : 2.4592739600222e+00 +(4e-02,7e-02) | 1.06e+04 |  7:3.0e-05  8:6.2e-03
  415 ,  12451 : 2.4606091951645e+00 +(4e-02,8e-02) | 1.07e+04 |  7:2.8e-05  8:5.9e-03
  416 ,  12481 : 2.4554604897061e+00 +(4e-02,9e-02) | 9.79e+03 |  7:2.5e-05  8:5.2e-03
  417 ,  12511 : 2.4632905507129e+00 +(4e-02,7e-02) | 9.12e+03 |  7:2.5e-05  8:5.1e-03
  418 ,  12541 : 2.4538763113780e+00 +(6e-02,9e-02) | 9.07e+03 |  7:2.4e-05  8:4.9e-03
  419 ,  12571 : 2.4531963805594e+00 +(5e-02,9e-02) | 9.24e+03 |  7:2.4e-05  8:4.9e-03
Iterat, #Fevals:   Function Value    (median,worst) |Axis Ratio|idx:Min SD idx:Max SD
  420 ,  12601 : 2.4730099403962e+00 +(3e-02,7e-02) | 9.79e+03 |  7:2.7e-05  8:5.6e-03
  421 ,  12631 : 2.4758482483133e+00 +(3e-02,6e-02) | 1.02e+04 |  7:3.6e-05  8:7.6e-03
  422 ,  12661 : 2.4578120110369e+00 +(4e-02,9e-02) | 1.04e+04 |  7:3.4e-05  8:7.4e-03
  423 ,  12691 : 2.4737843362013e+00 +(3e-02,8e-02) | 9.92e+03 |  7:3.7e-05  8:7.9e-03
  424 ,  12721 : 2.4601144882914e+00 +(4e-02,9e-02) | 9.95e+03 |  7:3.5e-05  8:7.8e-03
  425 ,  12751 : 2.4595573900292e+00 +(4e-02,9e-02) | 1.03e+04 |  7:4.0e-05  8:9.3e-03
  426 ,  12781 : 2.4698891857240e+00 +(3e-02,7e-02) | 1.06e+04 |  7:4.6e-05  8:1.1e-02
  427 ,  12811 : 2.4510950241033e+00 +(5e-02,8e-02) | 1.09e+04 |  7:4.2e-05  8:9.9e-03
  428 ,  12841 : 2.4582944359038e+00 +(5e-02,1e-01) | 1.12e+04 |  7:4.4e-05  8:1.0e-02
  429 ,  12871 : 2.4657187446584e+00 +(4e-02,7e-02) | 1.10e+04 |  7:4.6e-05  8:1.1e-02
Iterat, #Fevals:   Function Value    (median,worst) |Axis Ratio|idx:Min SD idx:Max SD
  430 ,  12901 : 2.4704810843573e+00 +(3e-02,7e-02) | 1.16e+04 |  7:4.8e-05  8:1.1e-02
  431 ,  12931 : 2.4645268305896e+00 +(5e-02,8e-02) | 1.17e+04 |  7:4.5e-05  8:1.0e-02
  432 ,  12961 : 2.4597170830314e+00 +(5e-02,8e-02) | 1.21e+04 |  7:4.0e-05  8:8.9e-03
  433 ,  12991 : 2.4609995659397e+00 +(5e-02,8e-02) | 1.24e+04 |  7:4.1e-05  8:9.6e-03
  434 ,  13021 : 2.4627295730228e+00 +(5e-02,9e-02) | 1.33e+04 |  7:4.0e-05  8:9.9e-03
  435 ,  13051 : 2.4668420450507e+00 +(4e-02,7e-02) | 1.41e+04 |  7:3.7e-05  8:9.3e-03
  436 ,  13081 : 2.4786974029779e+00 +(3e-02,6e-02) | 1.49e+04 |  7:4.0e-05  8:9.8e-03
  437 ,  13111 : 2.4589536998911e+00 +(5e-02,9e-02) | 1.58e+04 |  7:3.8e-05  8:9.4e-03
  438 ,  13141 : 2.4605098722426e+00 +(5e-02,9e-02) | 1.70e+04 |  7:3.8e-05  8:8.9e-03
  439 ,  13171 : 2.4704811965808e+00 +(4e-02,8e-02) | 1.65e+04 |  7:3.5e-05  8:8.1e-03
Iterat, #Fevals:   Function Value    (median,worst) |Axis Ratio|idx:Min SD idx:Max SD
  440 ,  13201 : 2.4644990853718e+00 +(4e-02,7e-02) | 1.63e+04 |  7:3.5e-05  8:8.2e-03
  441 ,  13231 : 2.4542664583622e+00 +(5e-02,9e-02) | 1.65e+04 |  7:3.7e-05  8:8.9e-03
  442 ,  13261 : 2.4493971856311e+00 +(5e-02,1e-01) | 1.60e+04 |  7:3.3e-05  8:7.9e-03
  443 ,  13291 : 2.4746136185380e+00 +(3e-02,6e-02) | 1.63e+04 |  7:3.3e-05  8:7.9e-03
  444 ,  13321 : 2.4751926164968e+00 +(3e-02,7e-02) | 1.69e+04 |  7:3.1e-05  8:7.6e-03
  445 ,  13351 : 2.4531170577418e+00 +(5e-02,9e-02) | 1.63e+04 |  7:3.1e-05  8:7.6e-03
  446 ,  13381 : 2.4653812253978e+00 +(2e-02,8e-02) | 1.58e+04 |  7:3.3e-05  8:7.9e-03
  447 ,  13411 : 2.4558610160747e+00 +(5e-02,1e-01) | 1.60e+04 |  7:3.4e-05  8:8.2e-03
  448 ,  13441 : 2.4514668316657e+00 +(5e-02,9e-02) | 1.64e+04 |  7:3.4e-05  8:8.0e-03
  449 ,  13471 : 2.4652371037888e+00 +(3e-02,8e-02) | 1.57e+04 |  7:3.0e-05  8:7.1e-03
Iterat, #Fevals:   Function Value    (median,worst) |Axis Ratio|idx:Min SD idx:Max SD
  450 ,  13501 : 2.4563073142902e+00 +(4e-02,8e-02) | 1.60e+04 |  7:3.0e-05  8:7.0e-03
  451 ,  13531 : 2.4549877982829e+00 +(4e-02,9e-02) | 1.57e+04 |  7:2.9e-05  8:6.8e-03
  452 ,  13561 : 2.4767605846414e+00 +(3e-02,7e-02) | 1.58e+04 |  7:3.1e-05  8:7.3e-03
  453 ,  13591 : 2.4846958856188e+00 +(2e-02,7e-02) | 1.68e+04 |  7:3.1e-05  8:7.6e-03
  454 ,  13621 : 2.4696318531993e+00 +(4e-02,7e-02) | 1.66e+04 |  7:3.0e-05  8:7.2e-03
  455 ,  13651 : 2.4646325450331e+00 +(4e-02,9e-02) | 1.63e+04 |  7:3.0e-05  8:7.2e-03
  456 ,  13681 : 2.4564292964026e+00 +(5e-02,9e-02) | 1.53e+04 |  7:2.9e-05  8:6.9e-03
  457 ,  13711 : 2.4781001302126e+00 +(3e-02,7e-02) | 1.55e+04 |  7:3.1e-05  8:7.4e-03
  458 ,  13741 : 2.4510247433599e+00 +(5e-02,9e-02) | 1.66e+04 |  7:2.9e-05  8:7.3e-03
  459 ,  13771 : 2.4689618809085e+00 +(4e-02,8e-02) | 1.74e+04 |  7:2.7e-05  8:7.0e-03
Iterat, #Fevals:   Function Value    (median,worst) |Axis Ratio|idx:Min SD idx:Max SD
  460 ,  13801 : 2.4723065683531e+00 +(3e-02,6e-02) | 1.79e+04 |  7:2.7e-05  8:7.2e-03
  461 ,  13831 : 2.4647528450318e+00 +(4e-02,8e-02) | 1.84e+04 |  7:3.2e-05  8:8.4e-03
  462 ,  13861 : 2.4668581405048e+00 +(3e-02,7e-02) | 1.84e+04 |  7:4.0e-05  8:9.8e-03
  463 ,  13891 : 2.4655980082894e+00 +(4e-02,8e-02) | 1.96e+04 |  7:4.6e-05  8:1.1e-02
  464 ,  13921 : 2.4661561680881e+00 +(4e-02,8e-02) | 2.03e+04 |  7:4.8e-05  8:1.2e-02
  465 ,  13951 : 2.4545245394285e+00 +(5e-02,9e-02) | 2.08e+04 |  7:5.7e-05  8:1.4e-02
  466 ,  13981 : 2.4470619428177e+00 +(5e-02,1e-01) | 2.14e+04 |  7:6.4e-05  8:1.6e-02
  467 ,  14011 : 2.4672162644796e+00 +(3e-02,7e-02) | 2.09e+04 |  7:6.4e-05  8:1.6e-02
  468 ,  14041 : 2.4774769705037e+00 +(2e-02,6e-02) | 2.20e+04 |  7:5.7e-05  8:1.4e-02
  469 ,  14071 : 2.4767206838881e+00 +(3e-02,7e-02) | 2.15e+04 |  7:6.0e-05  8:1.4e-02
Iterat, #Fevals:   Function Value    (median,worst) |Axis Ratio|idx:Min SD idx:Max SD
  470 ,  14101 : 2.4680766943798e+00 +(3e-02,9e-02) | 2.16e+04 |  7:5.4e-05  8:1.3e-02
  471 ,  14131 : 2.4672768167670e+00 +(3e-02,9e-02) | 2.06e+04 |  7:5.7e-05  8:1.3e-02
  472 ,  14161 : 2.4640998356902e+00 +(4e-02,7e-02) | 2.01e+04 |  7:5.6e-05  8:1.3e-02
  473 ,  14191 : 2.4501646764091e+00 +(5e-02,9e-02) | 1.93e+04 |  7:5.2e-05  8:1.2e-02
  474 ,  14221 : 2.4785570657818e+00 +(3e-02,7e-02) | 2.00e+04 |  7:5.2e-05  8:1.2e-02
  475 ,  14251 : 2.4683961336570e+00 +(4e-02,8e-02) | 2.10e+04 |  7:4.7e-05  8:1.1e-02
  476 ,  14281 : 2.4538137441145e+00 +(6e-02,1e-01) | 1.95e+04 |  7:4.5e-05  8:1.1e-02
  477 ,  14311 : 2.4698030453367e+00 +(3e-02,9e-02) | 1.95e+04 |  7:3.8e-05  8:9.2e-03
  478 ,  14341 : 2.4781477923856e+00 +(3e-02,7e-02) | 1.91e+04 |  7:3.9e-05  8:9.2e-03
  479 ,  14371 : 2.4635055560222e+00 +(4e-02,8e-02) | 2.02e+04 |  7:3.8e-05  8:9.4e-03
Iterat, #Fevals:   Function Value    (median,worst) |Axis Ratio|idx:Min SD idx:Max SD
  480 ,  14401 : 2.4519331651067e+00 +(5e-02,1e-01) | 2.06e+04 |  7:3.8e-05  8:1.0e-02
  481 ,  14431 : 2.4739623353523e+00 +(3e-02,6e-02) | 2.02e+04 |  7:4.0e-05  8:1.0e-02
  482 ,  14461 : 2.4678716529179e+00 +(4e-02,6e-02) | 1.96e+04 |  7:3.4e-05  8:8.9e-03
  483 ,  14491 : 2.4685889880805e+00 +(3e-02,6e-02) | 1.97e+04 |  7:3.3e-05  8:8.5e-03
  484 ,  14521 : 2.4626353517085e+00 +(4e-02,8e-02) | 2.01e+04 |  7:2.9e-05  8:7.5e-03
  485 ,  14551 : 2.4714368976321e+00 +(3e-02,7e-02) | 1.90e+04 |  7:2.6e-05  8:6.8e-03
  486 ,  14581 : 2.4642275585365e+00 +(4e-02,8e-02) | 1.84e+04 |  7:2.6e-05  8:6.4e-03
  487 ,  14611 : 2.4729614563705e+00 +(4e-02,7e-02) | 1.93e+04 |  7:2.8e-05  8:7.1e-03
  488 ,  14641 : 2.4741743046654e+00 +(3e-02,8e-02) | 1.97e+04 |  7:2.7e-05  8:6.7e-03
  489 ,  14671 : 2.4609803604087e+00 +(3e-02,6e-02) | 2.02e+04 |  7:2.4e-05  8:6.3e-03
Iterat, #Fevals:   Function Value    (median,worst) |Axis Ratio|idx:Min SD idx:Max SD
  490 ,  14701 : 2.4475727899187e+00 +(6e-02,1e-01) | 2.07e+04 |  7:2.3e-05  8:6.1e-03
  491 ,  14731 : 2.4641029633705e+00 +(3e-02,8e-02) | 2.07e+04 |  7:2.4e-05  8:6.4e-03
  492 ,  14761 : 2.4486061395316e+00 +(5e-02,8e-02) | 2.10e+04 |  7:2.7e-05  8:6.8e-03
  493 ,  14791 : 2.4574832610414e+00 +(5e-02,7e-02) | 2.08e+04 |  7:2.8e-05  8:6.9e-03
  494 ,  14821 : 2.4646156711892e+00 +(4e-02,7e-02) | 2.04e+04 |  7:3.1e-05  8:7.5e-03
  495 ,  14851 : 2.4734183362307e+00 +(3e-02,7e-02) | 1.93e+04 |  7:3.3e-05  8:7.9e-03
  496 ,  14881 : 2.4719751454083e+00 +(3e-02,8e-02) | 1.92e+04 |  7:3.0e-05  8:7.2e-03
  497 ,  14911 : 2.4646001715354e+00 +(3e-02,7e-02) | 1.88e+04 |  7:2.7e-05  8:6.3e-03
  498 ,  14941 : 2.4738209877095e+00 +(3e-02,7e-02) | 1.95e+04 |  7:2.8e-05  8:6.5e-03
  499 ,  14971 : 2.4720021465675e+00 +(3e-02,7e-02) | 2.02e+04 |  7:2.5e-05  8:5.7e-03
Iterat, #Fevals:   Function Value    (median,worst) |Axis Ratio|idx:Min SD idx:Max SD
  500 ,  15001 : 2.4696211053792e+00 +(3e-02,7e-02) | 1.93e+04 |  7:2.4e-05  8:5.4e-03
  501 ,  15031 : 2.4722801285538e+00 +(3e-02,6e-02) | 1.96e+04 |  7:2.4e-05  8:5.4e-03
  502 ,  15061 : 2.4537067509605e+00 +(5e-02,8e-02) | 2.16e+04 |  7:2.4e-05  8:5.7e-03
  503 ,  15091 : 2.4645328584828e+00 +(4e-02,8e-02) | 2.07e+04 |  7:2.7e-05  8:6.2e-03
  504 ,  15121 : 2.4688649158876e+00 +(4e-02,8e-02) | 2.07e+04 |  7:3.1e-05  8:7.3e-03
  505 ,  15151 : 2.4562356934887e+00 +(5e-02,8e-02) | 2.09e+04 |  7:3.5e-05  8:8.3e-03
  506 ,  15181 : 2.4585613150955e+00 +(5e-02,8e-02) | 2.09e+04 |  7:3.4e-05  8:7.6e-03
  507 ,  15211 : 2.4546878757668e+00 +(4e-02,9e-02) | 2.15e+04 |  7:3.3e-05  8:7.3e-03
  508 ,  15241 : 2.4662529051838e+00 +(4e-02,7e-02) | 2.23e+04 |  7:3.0e-05  8:6.8e-03
  509 ,  15271 : 2.4695689279427e+00 +(3e-02,7e-02) | 2.30e+04 |  7:2.8e-05  8:6.2e-03
Iterat, #Fevals:   Function Value    (median,worst) |Axis Ratio|idx:Min SD idx:Max SD
  510 ,  15301 : 2.4715344132712e+00 +(3e-02,5e-02) | 2.31e+04 |  7:2.5e-05  8:5.7e-03
  511 ,  15331 : 2.4676908590804e+00 +(4e-02,9e-02) | 2.47e+04 |  7:2.5e-05  8:5.9e-03
  512 ,  15361 : 2.4670485570761e+00 +(4e-02,8e-02) | 2.58e+04 |  7:2.5e-05  8:5.9e-03
  513 ,  15391 : 2.4644166802917e+00 +(3e-02,7e-02) | 2.60e+04 |  7:2.4e-05  8:5.6e-03
  514 ,  15421 : 2.4739175444372e+00 +(3e-02,7e-02) | 2.59e+04 |  7:2.5e-05  8:5.7e-03
#Fevals:   f(returned x)   |    bestever.f     | stopflag (saved to variablescmaes13_9_101.mat)
  15422: 2.47391754444e+00 | 2.44558010942e+00 | stagnation
mean solution: +5.8e-01 +5.6e-03 +1.1e+00 +1.3e-01 +1.1e+00 +9.7e-01 +2.3e-02 +2.1e+00 +1.4e+00
std deviation:  4.6e-03  2.9e-05  7.0e-04  3.8e-04  5.4e-04  2.1e-03  2.5e-05  5.7e-03  2.0e-03
use plotcmaesdat.m for plotting the output at any time (option LogModulo must not be zero)
